<?xml version="1.0" encoding="UTF-8"?>
<testsuites name="New Registration" time="8740" tests="9" failures="4" errors="0">
   <testsuite name="New Registration" tests="9" failures="4" errors="0" time="8740" timestamp="2018-11-08 14:51:08" hostname="Wei Zheng - 10.212.128.111" id="Test Suites/Workflow/New Registration">
      <properties>
         <property name="deviceName" value=""/>
         <property name="devicePlatform" value=""/>
         <property name="logFolder" value="C:\\Users\\LENOVO\\Katalon Studio\\Perkeso Phase A\\Reports\\Workflow\\New Registration\\20181108_145105"/>
         <property name="logFiles" value="C:\\Users\\LENOVO\\Katalon Studio\\Perkeso Phase A\\Reports\\Workflow\\New Registration\\20181108_145105\\execution0.log, C:\\Users\\LENOVO\\Katalon Studio\\Perkeso Phase A\\Reports\\Workflow\\New Registration\\20181108_145105\\execution1.log"/>
         <property name="attachments" value="C:\\Users\\LENOVO\\Katalon Studio\\Perkeso Phase A\\Reports\\Workflow\\New Registration\\20181108_145105\\1541661561811.png, C:\\Users\\LENOVO\\Katalon Studio\\Perkeso Phase A\\Reports\\Workflow\\New Registration\\20181108_145105\\1541663342497.png, C:\\Users\\LENOVO\\Katalon Studio\\Perkeso Phase A\\Reports\\Workflow\\New Registration\\20181108_145105\\1541665852928.png, C:\\Users\\LENOVO\\Katalon Studio\\Perkeso Phase A\\Reports\\Workflow\\New Registration\\20181108_145105\\1541665885311.png, C:\\Users\\LENOVO\\Katalon Studio\\Perkeso Phase A\\Reports\\Workflow\\New Registration\\20181108_145105\\1541665917202.png, C:\\Users\\LENOVO\\Katalon Studio\\Perkeso Phase A\\Reports\\Workflow\\New Registration\\20181108_145105\\1541665951317.png, C:\\Users\\LENOVO\\Katalon Studio\\Perkeso Phase A\\Reports\\Workflow\\New Registration\\20181108_145105\\1541665983267.png, C:\\Users\\LENOVO\\Katalon Studio\\Perkeso Phase A\\Reports\\Workflow\\New Registration\\20181108_145105\\1541666015017.png, C:\\Users\\LENOVO\\Katalon Studio\\Perkeso Phase A\\Reports\\Workflow\\New Registration\\20181108_145105\\1541666049209.png, C:\\Users\\LENOVO\\Katalon Studio\\Perkeso Phase A\\Reports\\Workflow\\New Registration\\20181108_145105\\1541666082916.png, C:\\Users\\LENOVO\\Katalon Studio\\Perkeso Phase A\\Reports\\Workflow\\New Registration\\20181108_145105\\1541666114896.png, C:\\Users\\LENOVO\\Katalon Studio\\Perkeso Phase A\\Reports\\Workflow\\New Registration\\20181108_145105\\1541666150003.png, C:\\Users\\LENOVO\\Katalon Studio\\Perkeso Phase A\\Reports\\Workflow\\New Registration\\20181108_145105\\1541666185627.png, C:\\Users\\LENOVO\\Katalon Studio\\Perkeso Phase A\\Reports\\Workflow\\New Registration\\20181108_145105\\1541666219305.png, C:\\Users\\LENOVO\\Katalon Studio\\Perkeso Phase A\\Reports\\Workflow\\New Registration\\20181108_145105\\1541666251291.png, C:\\Users\\LENOVO\\Katalon Studio\\Perkeso Phase A\\Reports\\Workflow\\New Registration\\20181108_145105\\1541666284092.png, C:\\Users\\LENOVO\\Katalon Studio\\Perkeso Phase A\\Reports\\Workflow\\New Registration\\20181108_145105\\1541666317959.png, C:\\Users\\LENOVO\\Katalon Studio\\Perkeso Phase A\\Reports\\Workflow\\New Registration\\20181108_145105\\1541668493260.png, C:\\Users\\LENOVO\\Katalon Studio\\Perkeso Phase A\\Reports\\Workflow\\New Registration\\20181108_145105\\1541668527304.png, C:\\Users\\LENOVO\\Katalon Studio\\Perkeso Phase A\\Reports\\Workflow\\New Registration\\20181108_145105\\1541668561905.png, C:\\Users\\LENOVO\\Katalon Studio\\Perkeso Phase A\\Reports\\Workflow\\New Registration\\20181108_145105\\1541668564086.png, C:\\Users\\LENOVO\\Katalon Studio\\Perkeso Phase A\\Reports\\Workflow\\New Registration\\20181108_145105\\1541668607144.png"/>
         <property name="hostName" value="Wei Zheng - 10.212.128.111"/>
         <property name="os" value="Windows 7 64bit"/>
         <property name="katalonVersion" value="5.8.0.1"/>
         <property name="browser" value="Firefox 63.0"/>
         <property name="hostAddress" value="10.212.128.111"/>
         <property name="sessionId" value="f1ecb928-c798-401d-a21f-31d61de1f178"/>
         <property name="seleniumVersion" value="3.9.1"/>
         <property name="proxyInformation" value="ProxyInformation{proxyOption=NO_PROXY, proxyServerType=HTTP, password=, proxyServerAddress=, proxyServerPort=0}"/>
         <property name="platform" value="Windows 7"/>
      </properties>
      <testcase name="Test Cases/Final Aug 2018 - PKS Automation/Registration Module/Workflow/New Registration - OTC to PKRBO (Incomplete)" classname="Test Cases/Final Aug 2018 - PKS Automation/Registration Module/Workflow/New Registration - OTC to PKRBO (Incomplete)" status="PASSED">
         <system-out><![CDATA[2018-11-08 14:51:08 - [TEST_CASE][PASSED] - Test Cases/Final Aug 2018 - PKS Automation/Registration Module/Workflow/New Registration - OTC to PKRBO (Incomplete): Test Cases/Final Aug 2018 - PKS Automation/Registration Module/Workflow/New Registration - OTC to PKRBO (Incomplete)

2018-11-08 14:51:09 - [TEST_STEP][PASSED] - callTestCase: Call Test Case 'Test Cases/Final Aug 2018 - PKS Automation/Registration Module/New Registration/Form 1/Form 1 - Corporation - BHD' successfully

2018-11-08 14:51:09 - [TEST_CASE][PASSED] - Test Cases/Final Aug 2018 - PKS Automation/Registration Module/New Registration/Form 1/Form 1 - Corporation - BHD: Test Cases/Final Aug 2018 - PKS Automation/Registration Module/New Registration/Form 1/Form 1 - Corporation - BHD

2018-11-08 14:51:10 - [TEST_STEP][PASSED] - openBrowser: Browser is opened with url: ''

2018-11-08 14:51:16 - [MESSAGE][PASSED] - Browser is opened with url: ''

2018-11-08 14:51:16 - [TEST_STEP][PASSED] - navigateToUrl: Navigate to 'https://assist2-uat.perkeso.gov.my/login' successfully

2018-11-08 14:51:19 - [MESSAGE][PASSED] - Navigate to 'https://assist2-uat.perkeso.gov.my/login' successfully

2018-11-08 14:51:19 - [TEST_STEP][PASSED] - setText: Text 'johorotc1@gmail.com' is set on object 'Object Repository/Final Object Repo/Login Page/Internal User/Email Address'

2018-11-08 14:51:19 - [MESSAGE][PASSED] - Text 'johorotc1@gmail.com' is set on object 'Object Repository/Final Object Repo/Login Page/Internal User/Email Address'

2018-11-08 14:51:19 - [TEST_STEP][PASSED] - click: Object: 'Object Repository/Final Object Repo/Login Page/Internal User/Next Button' is clicked on

2018-11-08 14:51:20 - [MESSAGE][PASSED] - Object: 'Object Repository/Final Object Repo/Login Page/Internal User/Next Button' is clicked on

2018-11-08 14:51:20 - [TEST_STEP][PASSED] - delay: Delayed 1 second(s)

2018-11-08 14:51:21 - [MESSAGE][PASSED] - Delayed 1 second(s)

2018-11-08 14:51:21 - [TEST_STEP][PASSED] - setEncryptedText: Text ****** has been set on object 'Object Repository/Final Object Repo/Login Page/Internal User/Password'

2018-11-08 14:51:21 - [MESSAGE][PASSED] - Text ****** has been set on object 'Object Repository/Final Object Repo/Login Page/Internal User/Password'

2018-11-08 14:51:21 - [TEST_STEP][PASSED] - click: Object: 'Object Repository/Final Object Repo/Login Page/Internal User/Login Button' is clicked on

2018-11-08 14:51:25 - [MESSAGE][PASSED] - Object: 'Object Repository/Final Object Repo/Login Page/Internal User/Login Button' is clicked on

2018-11-08 14:51:25 - [TEST_STEP][PASSED] - delay: Delayed 1 second(s)

2018-11-08 14:51:26 - [MESSAGE][PASSED] - Delayed 1 second(s)

2018-11-08 14:51:26 - [TEST_STEP][PASSED] - Statement - Try: Delayed 2 second(s)

2018-11-08 14:51:26 - [TEST_STEP][PASSED] - Statement - Checker = false: null

2018-11-08 14:51:26 - [TEST_STEP][PASSED] - Statement - Checker = com.kms.katalon.core.webui.keyword.WebUiBuiltInKeywords.verifyElementHasAttribute(com.kms.katalon.core.testobject.ObjectRepository.findTestObject(Final Object Repo/Landing Page/BM Detecting), "href", 20, OPTIONAL): Object 'Object Repository/Final Object Repo/Landing Page/BM Detecting' has attribute 'href'

2018-11-08 14:51:26 - [MESSAGE][PASSED] - Object 'Object Repository/Final Object Repo/Landing Page/BM Detecting' has attribute 'href'

2018-11-08 14:51:26 - [TEST_STEP][PASSED] - Statement - out.println(Checker): null

2018-11-08 14:51:26 - [TEST_STEP][PASSED] - Statement - If (Checker == false): null

2018-11-08 14:51:26 - [TEST_STEP][PASSED] - Statement - Else: null

2018-11-08 14:51:26 - [TEST_STEP][PASSED] - delay: Delayed 2 second(s)

2018-11-08 14:51:28 - [MESSAGE][PASSED] - Delayed 2 second(s)

2018-11-08 14:51:28 - [TEST_STEP][PASSED] - navigateToUrl: Navigate to 'https://assist2-uat.perkeso.gov.my/web/registration/registration' successfully

2018-11-08 14:51:31 - [MESSAGE][PASSED] - Navigate to 'https://assist2-uat.perkeso.gov.my/web/registration/registration' successfully

2018-11-08 14:51:31 - [TEST_STEP][PASSED] - click: Object: 'Object Repository/Final Object Repo/New Registration - Registration Module Pages/Form 1/AEC - No' is clicked on

2018-11-08 14:51:31 - [MESSAGE][PASSED] - Object: 'Object Repository/Final Object Repo/New Registration - Registration Module Pages/Form 1/AEC - No' is clicked on

2018-11-08 14:51:31 - [TEST_STEP][PASSED] - click: Object: 'Object Repository/Final Object Repo/New Registration - Registration Module Pages/Form 1/Business Entity' is clicked on

2018-11-08 14:51:32 - [MESSAGE][PASSED] - Object: 'Object Repository/Final Object Repo/New Registration - Registration Module Pages/Form 1/Business Entity' is clicked on

2018-11-08 14:51:32 - [TEST_STEP][PASSED] - click: Object: 'Object Repository/Final Object Repo/New Registration - Registration Module Pages/Form 1/Businees Entity - Corporation' is clicked on

2018-11-08 14:51:33 - [MESSAGE][PASSED] - Object: 'Object Repository/Final Object Repo/New Registration - Registration Module Pages/Form 1/Businees Entity - Corporation' is clicked on

2018-11-08 14:51:33 - [TEST_STEP][PASSED] - delay: Delayed 1 second(s)

2018-11-08 14:51:34 - [MESSAGE][PASSED] - Delayed 1 second(s)

2018-11-08 14:51:34 - [TEST_STEP][PASSED] - click: Object: 'Object Repository/Final Object Repo/New Registration - Registration Module Pages/Form 1/Sub Business Entity' is clicked on

2018-11-08 14:51:34 - [MESSAGE][PASSED] - Object: 'Object Repository/Final Object Repo/New Registration - Registration Module Pages/Form 1/Sub Business Entity' is clicked on

2018-11-08 14:51:34 - [TEST_STEP][PASSED] - click: Object: 'Object Repository/Final Object Repo/New Registration - Registration Module Pages/Form 1/Sub Business Entity - Berhad' is clicked on

2018-11-08 14:51:35 - [MESSAGE][PASSED] - Object: 'Object Repository/Final Object Repo/New Registration - Registration Module Pages/Form 1/Sub Business Entity - Berhad' is clicked on

2018-11-08 14:51:35 - [TEST_STEP][PASSED] - delay: Delayed 1 second(s)

2018-11-08 14:51:36 - [MESSAGE][PASSED] - Delayed 1 second(s)

2018-11-08 14:51:36 - [TEST_STEP][PASSED] - setText: Text '123' is set on object 'Object Repository/Final Object Repo/New Registration - Registration Module Pages/Form 1/Registration Number'

2018-11-08 14:51:36 - [MESSAGE][PASSED] - Text '123' is set on object 'Object Repository/Final Object Repo/New Registration - Registration Module Pages/Form 1/Registration Number'

2018-11-08 14:51:36 - [TEST_STEP][PASSED] - click: Object: 'Object Repository/Final Object Repo/New Registration - Registration Module Pages/Form 1/Registred with SSM - Before Feb' is clicked on

2018-11-08 14:51:36 - [MESSAGE][PASSED] - Object: 'Object Repository/Final Object Repo/New Registration - Registration Module Pages/Form 1/Registred with SSM - Before Feb' is clicked on

2018-11-08 14:51:36 - [TEST_STEP][PASSED] - click: Object: 'Object Repository/Final Object Repo/New Registration - Registration Module Pages/Form 1/Registered As a Branch - Yes' is clicked on

2018-11-08 14:51:37 - [MESSAGE][PASSED] - Object: 'Object Repository/Final Object Repo/New Registration - Registration Module Pages/Form 1/Registered As a Branch - Yes' is clicked on

2018-11-08 14:51:37 - [TEST_STEP][PASSED] - click: Object: 'Object Repository/Final Object Repo/New Registration - Registration Module Pages/Form 1/Acknowledgement' is clicked on

2018-11-08 14:51:37 - [MESSAGE][PASSED] - Object: 'Object Repository/Final Object Repo/New Registration - Registration Module Pages/Form 1/Acknowledgement' is clicked on

2018-11-08 14:51:37 - [TEST_STEP][PASSED] - setText: Text 'perkeso' is set on object 'Object Repository/Final Object Repo/New Registration - Registration Module Pages/Form 1/Industry name'

2018-11-08 14:51:37 - [MESSAGE][PASSED] - Text 'perkeso' is set on object 'Object Repository/Final Object Repo/New Registration - Registration Module Pages/Form 1/Industry name'

2018-11-08 14:51:37 - [TEST_STEP][PASSED] - setText: Text 'perkeso1' is set on object 'Object Repository/Final Object Repo/New Registration - Registration Module Pages/Form 1/Postal Address1'

2018-11-08 14:51:38 - [MESSAGE][PASSED] - Text 'perkeso1' is set on object 'Object Repository/Final Object Repo/New Registration - Registration Module Pages/Form 1/Postal Address1'

2018-11-08 14:51:38 - [TEST_STEP][PASSED] - setText: Text 'perkeso2' is set on object 'Object Repository/Final Object Repo/New Registration - Registration Module Pages/Form 1/Postal Address2'

2018-11-08 14:51:38 - [MESSAGE][PASSED] - Text 'perkeso2' is set on object 'Object Repository/Final Object Repo/New Registration - Registration Module Pages/Form 1/Postal Address2'

2018-11-08 14:51:38 - [TEST_STEP][PASSED] - setText: Text 'perkeso3' is set on object 'Object Repository/Final Object Repo/New Registration - Registration Module Pages/Form 1/Postal Address3'

2018-11-08 14:51:38 - [MESSAGE][PASSED] - Text 'perkeso3' is set on object 'Object Repository/Final Object Repo/New Registration - Registration Module Pages/Form 1/Postal Address3'

2018-11-08 14:51:38 - [TEST_STEP][PASSED] - click: Object: 'Object Repository/Final Object Repo/New Registration - Registration Module Pages/Form 1/State' is clicked on

2018-11-08 14:51:39 - [MESSAGE][PASSED] - Object: 'Object Repository/Final Object Repo/New Registration - Registration Module Pages/Form 1/State' is clicked on

2018-11-08 14:51:39 - [TEST_STEP][PASSED] - click: Object: 'Object Repository/Final Object Repo/New Registration - Registration Module Pages/Form 1/State - Johor' is clicked on

2018-11-08 14:51:39 - [MESSAGE][PASSED] - Object: 'Object Repository/Final Object Repo/New Registration - Registration Module Pages/Form 1/State - Johor' is clicked on

2018-11-08 14:51:39 - [TEST_STEP][PASSED] - delay: Delayed 1 second(s)

2018-11-08 14:51:40 - [MESSAGE][PASSED] - Delayed 1 second(s)

2018-11-08 14:51:40 - [TEST_STEP][PASSED] - click: Object: 'Object Repository/Final Object Repo/New Registration - Registration Module Pages/Form 1/City' is clicked on

2018-11-08 14:51:41 - [MESSAGE][PASSED] - Object: 'Object Repository/Final Object Repo/New Registration - Registration Module Pages/Form 1/City' is clicked on

2018-11-08 14:51:41 - [TEST_STEP][PASSED] - setText: Text 'joh' is set on object 'Object Repository/Final Object Repo/New Registration - Registration Module Pages/Form 1/Postcode - 810'

2018-11-08 14:51:41 - [MESSAGE][PASSED] - Text 'joh' is set on object 'Object Repository/Final Object Repo/New Registration - Registration Module Pages/Form 1/Postcode - 810'

2018-11-08 14:51:41 - [TEST_STEP][PASSED] - delay: Delayed 1 second(s)

2018-11-08 14:51:42 - [MESSAGE][PASSED] - Delayed 1 second(s)

2018-11-08 14:51:42 - [TEST_STEP][PASSED] - click: Object: 'Object Repository/Final Object Repo/New Registration - Registration Module Pages/Form 1/City - Johor Bharu' is clicked on

2018-11-08 14:51:43 - [MESSAGE][PASSED] - Object: 'Object Repository/Final Object Repo/New Registration - Registration Module Pages/Form 1/City - Johor Bharu' is clicked on

2018-11-08 14:51:43 - [TEST_STEP][PASSED] - delay: Delayed 1 second(s)

2018-11-08 14:51:44 - [MESSAGE][PASSED] - Delayed 1 second(s)

2018-11-08 14:51:44 - [TEST_STEP][PASSED] - click: Object: 'Object Repository/Final Object Repo/New Registration - Registration Module Pages/Form 1/Postcode' is clicked on

2018-11-08 14:51:44 - [MESSAGE][PASSED] - Object: 'Object Repository/Final Object Repo/New Registration - Registration Module Pages/Form 1/Postcode' is clicked on

2018-11-08 14:51:44 - [TEST_STEP][PASSED] - delay: Delayed 1 second(s)

2018-11-08 14:51:45 - [MESSAGE][PASSED] - Delayed 1 second(s)

2018-11-08 14:51:45 - [TEST_STEP][PASSED] - setText: Text '810' is set on object 'Object Repository/Final Object Repo/New Registration - Registration Module Pages/Form 1/Postcode - 810'

2018-11-08 14:51:45 - [MESSAGE][PASSED] - Text '810' is set on object 'Object Repository/Final Object Repo/New Registration - Registration Module Pages/Form 1/Postcode - 810'

2018-11-08 14:51:45 - [TEST_STEP][PASSED] - delay: Delayed 3 second(s)

2018-11-08 14:51:48 - [MESSAGE][PASSED] - Delayed 3 second(s)

2018-11-08 14:51:48 - [TEST_STEP][PASSED] - click: Object: 'Object Repository/Final Object Repo/New Registration - Registration Module Pages/Form 1/Postcode - 81000' is clicked on

2018-11-08 14:51:49 - [MESSAGE][PASSED] - Object: 'Object Repository/Final Object Repo/New Registration - Registration Module Pages/Form 1/Postcode - 81000' is clicked on

2018-11-08 14:51:49 - [TEST_STEP][PASSED] - delay: Delayed 1 second(s)

2018-11-08 14:51:50 - [MESSAGE][PASSED] - Delayed 1 second(s)

2018-11-08 14:51:50 - [TEST_STEP][PASSED] - setText: Text '100' is set on object 'Object Repository/Final Object Repo/New Registration - Registration Module Pages/Form 1/P.O.BOX'

2018-11-08 14:51:50 - [MESSAGE][PASSED] - Text '100' is set on object 'Object Repository/Final Object Repo/New Registration - Registration Module Pages/Form 1/P.O.BOX'

2018-11-08 14:51:50 - [TEST_STEP][PASSED] - setText: Text '100' is set on object 'Object Repository/Final Object Repo/New Registration - Registration Module Pages/Form 1/Locked Bag No'

2018-11-08 14:51:51 - [MESSAGE][PASSED] - Text '100' is set on object 'Object Repository/Final Object Repo/New Registration - Registration Module Pages/Form 1/Locked Bag No'

2018-11-08 14:51:51 - [TEST_STEP][PASSED] - click: Object: 'Object Repository/Final Object Repo/New Registration - Registration Module Pages/Form 1/SOCSO Office Location' is clicked on

2018-11-08 14:51:51 - [MESSAGE][PASSED] - Object: 'Object Repository/Final Object Repo/New Registration - Registration Module Pages/Form 1/SOCSO Office Location' is clicked on

2018-11-08 14:51:51 - [TEST_STEP][PASSED] - click: Object: 'Object Repository/Final Object Repo/New Registration - Registration Module Pages/Form 1/SOCSO Office Location - Pejabat PERKESO Negeri Johor' is clicked on

2018-11-08 14:51:52 - [MESSAGE][PASSED] - Object: 'Object Repository/Final Object Repo/New Registration - Registration Module Pages/Form 1/SOCSO Office Location - Pejabat PERKESO Negeri Johor' is clicked on

2018-11-08 14:51:52 - [TEST_STEP][PASSED] - delay: Delayed 1 second(s)

2018-11-08 14:51:53 - [MESSAGE][PASSED] - Delayed 1 second(s)

2018-11-08 14:51:53 - [TEST_STEP][PASSED] - check: Object 'Object Repository/Final Object Repo/New Registration - Registration Module Pages/Form 1/Indusrty Address Same As Postal Address' is checked

2018-11-08 14:51:53 - [MESSAGE][PASSED] - Object 'Object Repository/Final Object Repo/New Registration - Registration Module Pages/Form 1/Indusrty Address Same As Postal Address' is checked

2018-11-08 14:51:53 - [TEST_STEP][PASSED] - delay: Delayed 3 second(s)

2018-11-08 14:51:56 - [MESSAGE][PASSED] - Delayed 3 second(s)

2018-11-08 14:51:56 - [TEST_STEP][PASSED] - click: Object: 'Object Repository/Final Object Repo/New Registration - Registration Module Pages/Form 1/Indusry Address Same As Postal Address False' is clicked on

2018-11-08 14:51:57 - [MESSAGE][PASSED] - Object: 'Object Repository/Final Object Repo/New Registration - Registration Module Pages/Form 1/Indusry Address Same As Postal Address False' is clicked on

2018-11-08 14:51:57 - [TEST_STEP][PASSED] - delay: Delayed 1 second(s)

2018-11-08 14:51:58 - [MESSAGE][PASSED] - Delayed 1 second(s)

2018-11-08 14:51:58 - [TEST_STEP][PASSED] - setText: Text 'perkeso1' is set on object 'Object Repository/Final Object Repo/New Registration - Registration Module Pages/Form 1/Industry Address1'

2018-11-08 14:51:58 - [MESSAGE][PASSED] - Text 'perkeso1' is set on object 'Object Repository/Final Object Repo/New Registration - Registration Module Pages/Form 1/Industry Address1'

2018-11-08 14:51:58 - [TEST_STEP][PASSED] - setText: Text 'perkeso2' is set on object 'Object Repository/Final Object Repo/New Registration - Registration Module Pages/Form 1/Industry Address2'

2018-11-08 14:51:58 - [MESSAGE][PASSED] - Text 'perkeso2' is set on object 'Object Repository/Final Object Repo/New Registration - Registration Module Pages/Form 1/Industry Address2'

2018-11-08 14:51:58 - [TEST_STEP][PASSED] - setText: Text 'perkeso3' is set on object 'Object Repository/Final Object Repo/New Registration - Registration Module Pages/Form 1/Industry Address3'

2018-11-08 14:51:58 - [MESSAGE][PASSED] - Text 'perkeso3' is set on object 'Object Repository/Final Object Repo/New Registration - Registration Module Pages/Form 1/Industry Address3'

2018-11-08 14:51:58 - [TEST_STEP][PASSED] - click: Object: 'Object Repository/Final Object Repo/New Registration - Registration Module Pages/Form 1/Industry State' is clicked on

2018-11-08 14:51:59 - [MESSAGE][PASSED] - Object: 'Object Repository/Final Object Repo/New Registration - Registration Module Pages/Form 1/Industry State' is clicked on

2018-11-08 14:51:59 - [TEST_STEP][PASSED] - delay: Delayed 2 second(s)

2018-11-08 14:52:01 - [MESSAGE][PASSED] - Delayed 2 second(s)

2018-11-08 14:52:01 - [TEST_STEP][PASSED] - click: Object: 'Object Repository/Final Object Repo/New Registration - Registration Module Pages/Form 1/Industry State - Johor' is clicked on

2018-11-08 14:52:01 - [MESSAGE][PASSED] - Object: 'Object Repository/Final Object Repo/New Registration - Registration Module Pages/Form 1/Industry State - Johor' is clicked on

2018-11-08 14:52:01 - [TEST_STEP][PASSED] - delay: Delayed 2 second(s)

2018-11-08 14:52:03 - [MESSAGE][PASSED] - Delayed 2 second(s)

2018-11-08 14:52:03 - [TEST_STEP][PASSED] - click: Object: 'Object Repository/Final Object Repo/New Registration - Registration Module Pages/Form 1/Industry Ciry' is clicked on

2018-11-08 14:52:04 - [MESSAGE][PASSED] - Object: 'Object Repository/Final Object Repo/New Registration - Registration Module Pages/Form 1/Industry Ciry' is clicked on

2018-11-08 14:52:04 - [TEST_STEP][PASSED] - setText: Text 'joh' is set on object 'Object Repository/Final Object Repo/New Registration - Registration Module Pages/Form 1/Industry Ciry - joh'

2018-11-08 14:52:04 - [MESSAGE][PASSED] - Text 'joh' is set on object 'Object Repository/Final Object Repo/New Registration - Registration Module Pages/Form 1/Industry Ciry - joh'

2018-11-08 14:52:04 - [TEST_STEP][PASSED] - delay: Delayed 2 second(s)

2018-11-08 14:52:06 - [MESSAGE][PASSED] - Delayed 2 second(s)

2018-11-08 14:52:06 - [TEST_STEP][PASSED] - click: Object: 'Object Repository/Final Object Repo/New Registration - Registration Module Pages/Form 1/Industy State - Johor Bharu' is clicked on

2018-11-08 14:52:07 - [MESSAGE][PASSED] - Object: 'Object Repository/Final Object Repo/New Registration - Registration Module Pages/Form 1/Industy State - Johor Bharu' is clicked on

2018-11-08 14:52:07 - [TEST_STEP][PASSED] - delay: Delayed 1 second(s)

2018-11-08 14:52:08 - [MESSAGE][PASSED] - Delayed 1 second(s)

2018-11-08 14:52:08 - [TEST_STEP][PASSED] - click: Object: 'Object Repository/Final Object Repo/New Registration - Registration Module Pages/Form 1/Indusry PostCode' is clicked on

2018-11-08 14:52:08 - [MESSAGE][PASSED] - Object: 'Object Repository/Final Object Repo/New Registration - Registration Module Pages/Form 1/Indusry PostCode' is clicked on

2018-11-08 14:52:08 - [TEST_STEP][PASSED] - delay: Delayed 1 second(s)

2018-11-08 14:52:09 - [MESSAGE][PASSED] - Delayed 1 second(s)

2018-11-08 14:52:09 - [TEST_STEP][PASSED] - setText: Text '810' is set on object 'Object Repository/Final Object Repo/New Registration - Registration Module Pages/Form 1/Insutry Post Code - 810'

2018-11-08 14:52:09 - [MESSAGE][PASSED] - Text '810' is set on object 'Object Repository/Final Object Repo/New Registration - Registration Module Pages/Form 1/Insutry Post Code - 810'

2018-11-08 14:52:09 - [TEST_STEP][PASSED] - delay: Delayed 1 second(s)

2018-11-08 14:52:10 - [MESSAGE][PASSED] - Delayed 1 second(s)

2018-11-08 14:52:10 - [TEST_STEP][PASSED] - click: Object: 'Object Repository/Final Object Repo/New Registration - Registration Module Pages/Form 1/Insutry Post Code - 81000' is clicked on

2018-11-08 14:52:11 - [MESSAGE][PASSED] - Object: 'Object Repository/Final Object Repo/New Registration - Registration Module Pages/Form 1/Insutry Post Code - 81000' is clicked on

2018-11-08 14:52:11 - [TEST_STEP][PASSED] - delay: Delayed 1 second(s)

2018-11-08 14:52:12 - [MESSAGE][PASSED] - Delayed 1 second(s)

2018-11-08 14:52:12 - [TEST_STEP][PASSED] - setText: Text '100' is set on object 'Object Repository/Final Object Repo/New Registration - Registration Module Pages/Form 1/Industry P.O.BOX'

2018-11-08 14:52:12 - [MESSAGE][PASSED] - Text '100' is set on object 'Object Repository/Final Object Repo/New Registration - Registration Module Pages/Form 1/Industry P.O.BOX'

2018-11-08 14:52:12 - [TEST_STEP][PASSED] - setText: Text '100' is set on object 'Object Repository/Final Object Repo/New Registration - Registration Module Pages/Form 1/Industry Locked Bag No'

2018-11-08 14:52:12 - [MESSAGE][PASSED] - Text '100' is set on object 'Object Repository/Final Object Repo/New Registration - Registration Module Pages/Form 1/Industry Locked Bag No'

2018-11-08 14:52:12 - [TEST_STEP][PASSED] - setText: Text '123456789' is set on object 'Object Repository/Final Object Repo/New Registration - Registration Module Pages/Form 1/Telephone No'

2018-11-08 14:52:13 - [MESSAGE][PASSED] - Text '123456789' is set on object 'Object Repository/Final Object Repo/New Registration - Registration Module Pages/Form 1/Telephone No'

2018-11-08 14:52:13 - [TEST_STEP][PASSED] - setText: Text '123456789' is set on object 'Object Repository/Final Object Repo/New Registration - Registration Module Pages/Form 1/Mobile No'

2018-11-08 14:52:13 - [MESSAGE][PASSED] - Text '123456789' is set on object 'Object Repository/Final Object Repo/New Registration - Registration Module Pages/Form 1/Mobile No'

2018-11-08 14:52:13 - [TEST_STEP][PASSED] - setText: Text '123456789' is set on object 'Object Repository/Final Object Repo/New Registration - Registration Module Pages/Form 1/Fax No'

2018-11-08 14:52:13 - [MESSAGE][PASSED] - Text '123456789' is set on object 'Object Repository/Final Object Repo/New Registration - Registration Module Pages/Form 1/Fax No'

2018-11-08 14:52:13 - [TEST_STEP][PASSED] - click: Object: 'Object Repository/Final Object Repo/New Registration - Registration Module Pages/Form 1/Industry Code' is clicked on

2018-11-08 14:52:14 - [MESSAGE][PASSED] - Object: 'Object Repository/Final Object Repo/New Registration - Registration Module Pages/Form 1/Industry Code' is clicked on

2018-11-08 14:52:14 - [TEST_STEP][PASSED] - click: Object: 'Object Repository/Final Object Repo/New Registration - Registration Module Pages/Form 1/Indudustry Code - Crops and Animal' is clicked on

2018-11-08 14:52:14 - [MESSAGE][PASSED] - Object: 'Object Repository/Final Object Repo/New Registration - Registration Module Pages/Form 1/Indudustry Code - Crops and Animal' is clicked on

2018-11-08 14:52:14 - [TEST_STEP][PASSED] - delay: Delayed 1 second(s)

2018-11-08 14:52:15 - [MESSAGE][PASSED] - Delayed 1 second(s)

2018-11-08 14:52:15 - [TEST_STEP][PASSED] - click: Object: 'Object Repository/Final Object Repo/New Registration - Registration Module Pages/Form 1/Sub Industry Code List' is clicked on

2018-11-08 14:52:16 - [MESSAGE][PASSED] - Object: 'Object Repository/Final Object Repo/New Registration - Registration Module Pages/Form 1/Sub Industry Code List' is clicked on

2018-11-08 14:52:16 - [TEST_STEP][PASSED] - click: Object: 'Object Repository/Final Object Repo/New Registration - Registration Module Pages/Form 1/Sub Industry Code List - Growing of Maize' is clicked on

2018-11-08 14:52:16 - [MESSAGE][PASSED] - Object: 'Object Repository/Final Object Repo/New Registration - Registration Module Pages/Form 1/Sub Industry Code List - Growing of Maize' is clicked on

2018-11-08 14:52:16 - [TEST_STEP][PASSED] - setText: Text 'perkeso123@gmail.com' is set on object 'Object Repository/Final Object Repo/New Registration - Registration Module Pages/Form 1/Email'

2018-11-08 14:52:17 - [MESSAGE][PASSED] - Text 'perkeso123@gmail.com' is set on object 'Object Repository/Final Object Repo/New Registration - Registration Module Pages/Form 1/Email'

2018-11-08 14:52:17 - [TEST_STEP][PASSED] - click: Object: 'Object Repository/Final Object Repo/New Registration - Registration Module Pages/Form 1/Method of Contribution Payment' is clicked on

2018-11-08 14:52:17 - [MESSAGE][PASSED] - Object: 'Object Repository/Final Object Repo/New Registration - Registration Module Pages/Form 1/Method of Contribution Payment' is clicked on

2018-11-08 14:52:17 - [TEST_STEP][PASSED] - click: Object: 'Object Repository/Final Object Repo/New Registration - Registration Module Pages/Form 1/Method of Contribution Payment - Portal' is clicked on

2018-11-08 14:52:18 - [MESSAGE][PASSED] - Object: 'Object Repository/Final Object Repo/New Registration - Registration Module Pages/Form 1/Method of Contribution Payment - Portal' is clicked on

2018-11-08 14:52:18 - [TEST_STEP][PASSED] - click: Object: 'Object Repository/Final Object Repo/New Registration - Registration Module Pages/Form 1/Servide Type' is clicked on

2018-11-08 14:52:18 - [MESSAGE][PASSED] - Object: 'Object Repository/Final Object Repo/New Registration - Registration Module Pages/Form 1/Servide Type' is clicked on

2018-11-08 14:52:18 - [TEST_STEP][PASSED] - click: Object: 'Object Repository/Final Object Repo/New Registration - Registration Module Pages/Form 1/Servide Type - Professional Bodies' is clicked on

2018-11-08 14:52:19 - [MESSAGE][PASSED] - Object: 'Object Repository/Final Object Repo/New Registration - Registration Module Pages/Form 1/Servide Type - Professional Bodies' is clicked on

2018-11-08 14:52:19 - [TEST_STEP][PASSED] - click: Object: 'Object Repository/Final Object Repo/New Registration - Registration Module Pages/Form 1/Industry Venue' is clicked on

2018-11-08 14:52:19 - [MESSAGE][PASSED] - Object: 'Object Repository/Final Object Repo/New Registration - Registration Module Pages/Form 1/Industry Venue' is clicked on

2018-11-08 14:52:19 - [TEST_STEP][PASSED] - click: Object: 'Object Repository/Final Object Repo/New Registration - Registration Module Pages/Form 1/Industry Venue -  PPN JOHOR' is clicked on

2018-11-08 14:52:20 - [MESSAGE][PASSED] - Object: 'Object Repository/Final Object Repo/New Registration - Registration Module Pages/Form 1/Industry Venue -  PPN JOHOR' is clicked on

2018-11-08 14:52:20 - [TEST_STEP][PASSED] - click: Object: 'Object Repository/Final Object Repo/New Registration - Registration Module Pages/Form 1/Save  Continue' is clicked on

2018-11-08 14:52:20 - [MESSAGE][PASSED] - Object: 'Object Repository/Final Object Repo/New Registration - Registration Module Pages/Form 1/Save  Continue' is clicked on

2018-11-08 14:52:20 - [MESSAGE][PASSED] - Call Test Case 'Test Cases/Final Aug 2018 - PKS Automation/Registration Module/New Registration/Form 1/Form 1 - Corporation - BHD' successfully

2018-11-08 14:52:20 - [TEST_STEP][PASSED] - callTestCase: Call Test Case 'Test Cases/Final Aug 2018 - PKS Automation/Registration Module/New Registration/Form 2/Add 1 Eligible - Incomplete' successfully

2018-11-08 14:52:20 - [TEST_CASE][PASSED] - Test Cases/Final Aug 2018 - PKS Automation/Registration Module/New Registration/Form 2/Add 1 Eligible - Incomplete: Test Cases/Final Aug 2018 - PKS Automation/Registration Module/New Registration/Form 2/Add 1 Eligible - Incomplete

2018-11-08 14:52:21 - [TEST_STEP][PASSED] - delay: Delayed 2 second(s)

2018-11-08 14:52:23 - [MESSAGE][PASSED] - Delayed 2 second(s)

2018-11-08 14:52:23 - [TEST_STEP][PASSED] - callTestCase: Call Test Case 'Test Cases/Final Aug 2018 - PKS Automation/Registration Module/New Registration/Form 2/Date Updater' successfully

2018-11-08 14:52:23 - [TEST_CASE][PASSED] - Test Cases/Final Aug 2018 - PKS Automation/Registration Module/New Registration/Form 2/Date Updater: Test Cases/Final Aug 2018 - PKS Automation/Registration Module/New Registration/Form 2/Date Updater

2018-11-08 14:52:23 - [TEST_STEP][PASSED] - Statement - TodayDate = new java.util.Date(): null

2018-11-08 14:52:23 - [TEST_STEP][PASSED] - Statement - CurrentDateNoFilter = new java.text.SimpleDateFormat(): null

2018-11-08 14:52:24 - [TEST_STEP][PASSED] - Statement - CurrentDateNoFilter.applyPattern("dd"): null

2018-11-08 14:52:24 - [TEST_STEP][PASSED] - Statement - CurrentDate = CurrentDateNoFilter.format(TodayDate): null

2018-11-08 14:52:24 - [TEST_STEP][PASSED] - Statement - CurrentDate = java.lang.Integer.parseInt(CurrentDate): null

2018-11-08 14:52:24 - [TEST_STEP][PASSED] - Statement - CurrentDate = CurrentDate: null

2018-11-08 14:52:24 - [TEST_STEP][PASSED] - Statement - CurrentDay = java.lang.Integer.parseInt(CurrentDate): null

2018-11-08 14:52:24 - [TEST_STEP][PASSED] - Statement - aDayBefore = CurrentDay + 1: null

2018-11-08 14:52:24 - [TEST_STEP][PASSED] - Statement - DayBefore = aDayBefore.toString(): null

2018-11-08 14:52:24 - [TEST_STEP][PASSED] - Statement - OneDayBefore = DayBefore: null

2018-11-08 14:52:24 - [TEST_STEP][PASSED] - Statement - CurrentDateNoFilter.applyPattern("MM"): null

2018-11-08 14:52:24 - [TEST_STEP][PASSED] - Statement - monthContainerMatcher = java.lang.Integer.parseInt(CurrentDateNoFilter.format(TodayDate)): null

2018-11-08 14:52:24 - [TEST_STEP][PASSED] - Statement - monthContainerMatcher = monthContainerMatcher - 1: null

2018-11-08 14:52:24 - [TEST_STEP][PASSED] - Statement - CurrentMonth = monthContainerMatcher.toString(): null

2018-11-08 14:52:24 - [TEST_STEP][PASSED] - Statement - CurrentMonth = CurrentMonth: null

2018-11-08 14:52:24 - [TEST_STEP][PASSED] - Statement - CurrentDateNoFilter.applyPattern("yyyy"): null

2018-11-08 14:52:24 - [TEST_STEP][PASSED] - Statement - CurrentYear = CurrentDateNoFilter.format(TodayDate): null

2018-11-08 14:52:24 - [TEST_STEP][PASSED] - Statement - CurrentYear = CurrentYear: null

2018-11-08 14:52:24 - [TEST_STEP][PASSED] - Statement - intCurrentYear = java.lang.Integer.parseInt(CurrentDateNoFilter.format(TodayDate)): null

2018-11-08 14:52:24 - [TEST_STEP][PASSED] - Statement - eighteenYrsAgo = intCurrentYear - 18: null

2018-11-08 14:52:24 - [TEST_STEP][PASSED] - Statement - eighteenYrsBeforeThisYr = eighteenYrsAgo.toString(): null

2018-11-08 14:52:24 - [TEST_STEP][PASSED] - Statement - EighteenYrsBefore = eighteenYrsBeforeThisYr: null

2018-11-08 14:52:24 - [TEST_STEP][PASSED] - Statement - fiftysevenYrsAgo = intCurrentYear - 57: null

2018-11-08 14:52:24 - [TEST_STEP][PASSED] - Statement - fiftysevenYrsBeforeThisYr = fiftysevenYrsAgo.toString(): null

2018-11-08 14:52:24 - [TEST_STEP][PASSED] - Statement - FiftysevenYrsBefore = fiftysevenYrsBeforeThisYr: null

2018-11-08 14:52:24 - [MESSAGE][PASSED] - Call Test Case 'Test Cases/Final Aug 2018 - PKS Automation/Registration Module/New Registration/Form 2/Date Updater' successfully

2018-11-08 14:52:24 - [TEST_STEP][PASSED] - Statement - CaseReferenceNo = com.kms.katalon.core.webui.keyword.WebUiBuiltInKeywords.getText(com.kms.katalon.core.testobject.ObjectRepository.findTestObject(Final Object Repo/New Registration - Registration Module Pages/Form 2/RefNo Acquiring)): Text of object 'Object Repository/Final Object Repo/New Registration - Registration Module Pages/Form 2/RefNo Acquiring' is: 'CRN11201800122419'

2018-11-08 14:52:24 - [MESSAGE][PASSED] - Text of object 'Object Repository/Final Object Repo/New Registration - Registration Module Pages/Form 2/RefNo Acquiring' is: 'CRN11201800122419'

2018-11-08 14:52:24 - [TEST_STEP][PASSED] - delay: Delayed 4 second(s)

2018-11-08 14:52:28 - [MESSAGE][PASSED] - Delayed 4 second(s)

2018-11-08 14:52:28 - [TEST_STEP][PASSED] - click: Object: 'Object Repository/Final Object Repo/New Registration - Registration Module Pages/Form 2/Add Employee Button' is clicked on

2018-11-08 14:52:28 - [MESSAGE][PASSED] - Object: 'Object Repository/Final Object Repo/New Registration - Registration Module Pages/Form 2/Add Employee Button' is clicked on

2018-11-08 14:52:28 - [TEST_STEP][PASSED] - delay: Delayed 1 second(s)

2018-11-08 14:52:29 - [MESSAGE][PASSED] - Delayed 1 second(s)

2018-11-08 14:52:29 - [TEST_STEP][PASSED] - setText: Text '010903091984' is set on object 'Object Repository/Final Object Repo/New Registration - Registration Module Pages/Form 2/NRIC Input'

2018-11-08 14:52:29 - [MESSAGE][PASSED] - Text '010903091984' is set on object 'Object Repository/Final Object Repo/New Registration - Registration Module Pages/Form 2/NRIC Input'

2018-11-08 14:52:29 - [TEST_STEP][PASSED] - click: Object: 'Object Repository/Final Object Repo/New Registration - Registration Module Pages/Form 2/button for search for IC' is clicked on

2018-11-08 14:52:30 - [MESSAGE][PASSED] - Object: 'Object Repository/Final Object Repo/New Registration - Registration Module Pages/Form 2/button for search for IC' is clicked on

2018-11-08 14:52:30 - [TEST_STEP][PASSED] - delay: Delayed 2 second(s)

2018-11-08 14:52:32 - [MESSAGE][PASSED] - Delayed 2 second(s)

2018-11-08 14:52:32 - [TEST_STEP][PASSED] - setText: Text 'Automate001 eligible 1' is set on object 'Object Repository/Final Object Repo/New Registration - Registration Module Pages/Form 2/Employee Name Input'

2018-11-08 14:52:32 - [MESSAGE][PASSED] - Text 'Automate001 eligible 1' is set on object 'Object Repository/Final Object Repo/New Registration - Registration Module Pages/Form 2/Employee Name Input'

2018-11-08 14:52:32 - [TEST_STEP][PASSED] - delay: Delayed 2 second(s)

2018-11-08 14:52:34 - [MESSAGE][PASSED] - Delayed 2 second(s)

2018-11-08 14:52:34 - [TEST_STEP][PASSED] - click: Object: 'Object Repository/Final Object Repo/New Registration - Registration Module Pages/Form 2/DatePicker Pop Up' is clicked on

2018-11-08 14:52:35 - [MESSAGE][PASSED] - Object: 'Object Repository/Final Object Repo/New Registration - Registration Module Pages/Form 2/DatePicker Pop Up' is clicked on

2018-11-08 14:52:35 - [TEST_STEP][PASSED] - click: Object: 'Object Repository/Final Object Repo/New Registration - Registration Module Pages/Form 2/DOB Month' is clicked on

2018-11-08 14:52:35 - [MESSAGE][PASSED] - Object: 'Object Repository/Final Object Repo/New Registration - Registration Module Pages/Form 2/DOB Month' is clicked on

2018-11-08 14:52:35 - [TEST_STEP][PASSED] - Statement - CurrentMonth = CurrentMonth: null

2018-11-08 14:52:35 - [TEST_STEP][PASSED] - Statement - selectMonth = new com.kms.katalon.core.testobject.TestObject(): null

2018-11-08 14:52:35 - [TEST_STEP][PASSED] - Statement - selectMonth.addProperty("xpath", EQUALS, "//body/div/div/div/select/option[@value='" + CurrentMonth + "']", true): null

2018-11-08 14:52:35 - [TEST_STEP][PASSED] - click: Object: '' is clicked on

2018-11-08 14:52:36 - [MESSAGE][PASSED] - Object: '' is clicked on

2018-11-08 14:52:36 - [TEST_STEP][PASSED] - click: Object: 'Object Repository/Final Object Repo/New Registration - Registration Module Pages/Form 2/DOB Year' is clicked on

2018-11-08 14:52:36 - [MESSAGE][PASSED] - Object: 'Object Repository/Final Object Repo/New Registration - Registration Module Pages/Form 2/DOB Year' is clicked on

2018-11-08 14:52:36 - [TEST_STEP][PASSED] - Statement - Eyearsbf = EighteenYrsBefore: null

2018-11-08 14:52:36 - [TEST_STEP][PASSED] - Statement - selectYear = new com.kms.katalon.core.testobject.TestObject(): null

2018-11-08 14:52:36 - [TEST_STEP][PASSED] - Statement - selectYear.addProperty("xpath", EQUALS, "//div/div/div/select/option[@value='" + Eyearsbf + "']", true): null

2018-11-08 14:52:36 - [TEST_STEP][PASSED] - click: Object: '' is clicked on

2018-11-08 14:52:36 - [MESSAGE][PASSED] - Object: '' is clicked on

2018-11-08 14:52:36 - [TEST_STEP][PASSED] - Statement - UpdatedSelectDate = com.kms.katalon.core.webui.keyword.WebUiBuiltInKeywords.modifyObjectProperty(com.kms.katalon.core.testobject.ObjectRepository.findTestObject(Final Object Repo/New Registration - Registration Module Pages/Form 2/DOB Date), "xpath", "equals", "//body/div/table/tbody/tr/td/a[text()="" + CurrentDate + ""]", true): Modify property of object successfully

2018-11-08 14:52:36 - [MESSAGE][PASSED] - Modify property of object successfully

2018-11-08 14:52:36 - [TEST_STEP][PASSED] - delay: Delayed 3 second(s)

2018-11-08 14:52:39 - [MESSAGE][PASSED] - Delayed 3 second(s)

2018-11-08 14:52:39 - [TEST_STEP][PASSED] - click: Object: 'Object Repository/Final Object Repo/New Registration - Registration Module Pages/Form 2/DOB Date' is clicked on

2018-11-08 14:52:40 - [MESSAGE][PASSED] - Object: 'Object Repository/Final Object Repo/New Registration - Registration Module Pages/Form 2/DOB Date' is clicked on

2018-11-08 14:52:40 - [TEST_STEP][PASSED] - delay: Delayed 2 second(s)

2018-11-08 14:52:42 - [MESSAGE][PASSED] - Delayed 2 second(s)

2018-11-08 14:52:42 - [TEST_STEP][PASSED] - click: Object: 'Object Repository/Final Object Repo/New Registration - Registration Module Pages/Form 2/EmploymentStartDate Pop Up' is clicked on

2018-11-08 14:52:42 - [MESSAGE][PASSED] - Object: 'Object Repository/Final Object Repo/New Registration - Registration Module Pages/Form 2/EmploymentStartDate Pop Up' is clicked on

2018-11-08 14:52:42 - [TEST_STEP][PASSED] - delay: Delayed 2 second(s)

2018-11-08 14:52:44 - [MESSAGE][PASSED] - Delayed 2 second(s)

2018-11-08 14:52:44 - [TEST_STEP][PASSED] - click: Object: 'Object Repository/Final Object Repo/New Registration - Registration Module Pages/Form 2/Socso Employment StartDate Month' is clicked on

2018-11-08 14:52:45 - [MESSAGE][PASSED] - Object: 'Object Repository/Final Object Repo/New Registration - Registration Module Pages/Form 2/Socso Employment StartDate Month' is clicked on

2018-11-08 14:52:45 - [TEST_STEP][PASSED] - delay: Delayed 1 second(s)

2018-11-08 14:52:46 - [MESSAGE][PASSED] - Delayed 1 second(s)

2018-11-08 14:52:46 - [TEST_STEP][PASSED] - click: Object: 'Object Repository/Final Object Repo/New Registration - Registration Module Pages/Form 2/Select Socso Employement Startdate Month' is clicked on

2018-11-08 14:52:46 - [MESSAGE][PASSED] - Object: 'Object Repository/Final Object Repo/New Registration - Registration Module Pages/Form 2/Select Socso Employement Startdate Month' is clicked on

2018-11-08 14:52:46 - [TEST_STEP][PASSED] - delay: Delayed 2 second(s)

2018-11-08 14:52:48 - [MESSAGE][PASSED] - Delayed 2 second(s)

2018-11-08 14:52:48 - [TEST_STEP][PASSED] - click: Object: 'Object Repository/Final Object Repo/New Registration - Registration Module Pages/Form 2/Socso Employment StartDate Year' is clicked on

2018-11-08 14:52:49 - [MESSAGE][PASSED] - Object: 'Object Repository/Final Object Repo/New Registration - Registration Module Pages/Form 2/Socso Employment StartDate Year' is clicked on

2018-11-08 14:52:49 - [TEST_STEP][PASSED] - delay: Delayed 1 second(s)

2018-11-08 14:52:50 - [MESSAGE][PASSED] - Delayed 1 second(s)

2018-11-08 14:52:50 - [TEST_STEP][PASSED] - click: Object: 'Object Repository/Final Object Repo/New Registration - Registration Module Pages/Form 2/Select Socso Employment Startdate Year' is clicked on

2018-11-08 14:52:50 - [MESSAGE][PASSED] - Object: 'Object Repository/Final Object Repo/New Registration - Registration Module Pages/Form 2/Select Socso Employment Startdate Year' is clicked on

2018-11-08 14:52:50 - [TEST_STEP][PASSED] - delay: Delayed 2 second(s)

2018-11-08 14:52:52 - [MESSAGE][PASSED] - Delayed 2 second(s)

2018-11-08 14:52:52 - [TEST_STEP][PASSED] - click: Object: 'Object Repository/Final Object Repo/New Registration - Registration Module Pages/Form 2/Socso Employment Start Date Day' is clicked on

2018-11-08 14:52:52 - [MESSAGE][PASSED] - Object: 'Object Repository/Final Object Repo/New Registration - Registration Module Pages/Form 2/Socso Employment Start Date Day' is clicked on

2018-11-08 14:52:52 - [TEST_STEP][PASSED] - delay: Delayed 2 second(s)

2018-11-08 14:52:54 - [MESSAGE][PASSED] - Delayed 2 second(s)

2018-11-08 14:52:54 - [TEST_STEP][PASSED] - click: Object: 'Object Repository/Final Object Repo/New Registration - Registration Module Pages/Form 2/Save Button for Add Employee' is clicked on

2018-11-08 14:52:57 - [MESSAGE][PASSED] - Object: 'Object Repository/Final Object Repo/New Registration - Registration Module Pages/Form 2/Save Button for Add Employee' is clicked on

2018-11-08 14:52:57 - [TEST_STEP][PASSED] - delay: Delayed 6 second(s)

2018-11-08 14:53:03 - [MESSAGE][PASSED] - Delayed 6 second(s)

2018-11-08 14:53:03 - [TEST_STEP][PASSED] - click: Object: 'Object Repository/Final Object Repo/New Registration - Registration Module Pages/Form 2/Incomplete Checkbox' is clicked on

2018-11-08 14:53:03 - [MESSAGE][PASSED] - Object: 'Object Repository/Final Object Repo/New Registration - Registration Module Pages/Form 2/Incomplete Checkbox' is clicked on

2018-11-08 14:53:03 - [TEST_STEP][PASSED] - delay: Delayed 2 second(s)

2018-11-08 14:53:05 - [MESSAGE][PASSED] - Delayed 2 second(s)

2018-11-08 14:53:05 - [TEST_STEP][PASSED] - click: Object: 'Object Repository/Final Object Repo/New Registration - Registration Module Pages/Form 2/Save and Continue Form 2' is clicked on

2018-11-08 14:53:07 - [MESSAGE][PASSED] - Object: 'Object Repository/Final Object Repo/New Registration - Registration Module Pages/Form 2/Save and Continue Form 2' is clicked on

2018-11-08 14:53:07 - [MESSAGE][PASSED] - Call Test Case 'Test Cases/Final Aug 2018 - PKS Automation/Registration Module/New Registration/Form 2/Add 1 Eligible - Incomplete' successfully

2018-11-08 14:53:07 - [TEST_STEP][PASSED] - callTestCase: Call Test Case 'Test Cases/Final Aug 2018 - PKS Automation/Registration Module/New Registration/Flow of New Registration/Third Screen - Upload Supporting Doc - Preview' successfully

2018-11-08 14:53:07 - [TEST_CASE][PASSED] - Test Cases/Final Aug 2018 - PKS Automation/Registration Module/New Registration/Flow of New Registration/Third Screen - Upload Supporting Doc - Preview: Test Cases/Final Aug 2018 - PKS Automation/Registration Module/New Registration/Flow of New Registration/Third Screen - Upload Supporting Doc - Preview

2018-11-08 14:53:08 - [TEST_STEP][PASSED] - waitForPageLoad: Wait for page load successfully

2018-11-08 14:53:08 - [MESSAGE][PASSED] - Wait for page load successfully

2018-11-08 14:53:08 - [TEST_STEP][PASSED] - Statement - CaseReferenceNo = com.kms.katalon.core.webui.keyword.WebUiBuiltInKeywords.getText(com.kms.katalon.core.testobject.ObjectRepository.findTestObject(Final Object Repo/New Registration - Registration Module Pages/Third Screen - Upload Supporting Doc- Preview/RefNo Acquiring)): Text of object 'Object Repository/Final Object Repo/New Registration - Registration Module Pages/Third Screen - Upload Supporting Doc- Preview/RefNo Acquiring' is: 'CRN11201800122419'

2018-11-08 14:53:08 - [MESSAGE][PASSED] - Text of object 'Object Repository/Final Object Repo/New Registration - Registration Module Pages/Third Screen - Upload Supporting Doc- Preview/RefNo Acquiring' is: 'CRN11201800122419'

2018-11-08 14:53:08 - [TEST_STEP][PASSED] - delay: Delayed 2 second(s)

2018-11-08 14:53:10 - [MESSAGE][PASSED] - Delayed 2 second(s)

2018-11-08 14:53:10 - [TEST_STEP][PASSED] - callTestCase: Call Test Case 'Test Cases/Final Aug 2018 - PKS Automation/Common/Reference Number Setter' successfully

2018-11-08 14:53:10 - [TEST_CASE][PASSED] - Test Cases/Final Aug 2018 - PKS Automation/Common/Reference Number Setter: Test Cases/Final Aug 2018 - PKS Automation/Common/Reference Number Setter

2018-11-08 14:53:11 - [TEST_STEP][PASSED] - Statement - RefNoOldFile = new java.io.File(C://KatalonReference.txt): null

2018-11-08 14:53:11 - [TEST_STEP][PASSED] - Statement - RefNoOldFile.delete(): null

2018-11-08 14:53:11 - [TEST_STEP][PASSED] - Statement - RefNo = new java.io.File(C://KatalonReference.txt): null

2018-11-08 14:53:11 - [TEST_STEP][PASSED] - Statement - RefNo.append(CaseReferenceNo): null

2018-11-08 14:53:11 - [TEST_STEP][PASSED] - Statement - out.println("


" + CaseReferenceNo + "


"): null

2018-11-08 14:53:11 - [MESSAGE][PASSED] - Call Test Case 'Test Cases/Final Aug 2018 - PKS Automation/Common/Reference Number Setter' successfully

2018-11-08 14:53:11 - [TEST_STEP][PASSED] - waitForElementClickable: Object 'Object Repository/Final Object Repo/New Registration - Registration Module Pages/Third Screen - Upload Supporting Doc- Preview/Save n Continue in SIP Employee Listing Page' is clickable

2018-11-08 14:53:11 - [MESSAGE][PASSED] - Object 'Object Repository/Final Object Repo/New Registration - Registration Module Pages/Third Screen - Upload Supporting Doc- Preview/Save n Continue in SIP Employee Listing Page' is clickable

2018-11-08 14:53:11 - [TEST_STEP][PASSED] - click: Object: 'Object Repository/Final Object Repo/New Registration - Registration Module Pages/Third Screen - Upload Supporting Doc- Preview/Save n Continue in SIP Employee Listing Page' is clicked on

2018-11-08 14:53:17 - [MESSAGE][PASSED] - Object: 'Object Repository/Final Object Repo/New Registration - Registration Module Pages/Third Screen - Upload Supporting Doc- Preview/Save n Continue in SIP Employee Listing Page' is clicked on

2018-11-08 14:53:17 - [TEST_STEP][PASSED] - delay: Delayed 6 second(s)

2018-11-08 14:53:23 - [MESSAGE][PASSED] - Delayed 6 second(s)

2018-11-08 14:53:23 - [TEST_STEP][PASSED] - click: Object: 'Object Repository/Final Object Repo/New Registration - Registration Module Pages/Third Screen - Upload Supporting Doc- Preview/Add Document Button' is clicked on

2018-11-08 14:53:24 - [MESSAGE][PASSED] - Object: 'Object Repository/Final Object Repo/New Registration - Registration Module Pages/Third Screen - Upload Supporting Doc- Preview/Add Document Button' is clicked on

2018-11-08 14:53:24 - [TEST_STEP][PASSED] - delay: Delayed 30 second(s)

2018-11-08 14:53:54 - [MESSAGE][PASSED] - Delayed 30 second(s)

2018-11-08 14:53:54 - [TEST_STEP][PASSED] - click: Object: 'Object Repository/Final Object Repo/New Registration - Registration Module Pages/Third Screen - Upload Supporting Doc- Preview/Supporting Doc Please Select Drop Down' is clicked on

2018-11-08 14:53:54 - [MESSAGE][PASSED] - Object: 'Object Repository/Final Object Repo/New Registration - Registration Module Pages/Third Screen - Upload Supporting Doc- Preview/Supporting Doc Please Select Drop Down' is clicked on

2018-11-08 14:53:54 - [TEST_STEP][PASSED] - delay: Delayed 2 second(s)

2018-11-08 14:53:56 - [MESSAGE][PASSED] - Delayed 2 second(s)

2018-11-08 14:53:56 - [TEST_STEP][PASSED] - click: Object: 'Object Repository/Final Object Repo/New Registration - Registration Module Pages/Third Screen - Upload Supporting Doc- Preview/Select to Upload Form 1' is clicked on

2018-11-08 14:53:57 - [MESSAGE][PASSED] - Object: 'Object Repository/Final Object Repo/New Registration - Registration Module Pages/Third Screen - Upload Supporting Doc- Preview/Select to Upload Form 1' is clicked on

2018-11-08 14:53:57 - [TEST_STEP][PASSED] - delay: Delayed 2 second(s)

2018-11-08 14:53:59 - [MESSAGE][PASSED] - Delayed 2 second(s)

2018-11-08 14:53:59 - [TEST_STEP][PASSED] - uploadFile: File 'C:\Users\Public\Pictures\Sample Pictures\Act.jpg' sent to object: 'Object Repository/Final Object Repo/New Registration - Registration Module Pages/Third Screen - Upload Supporting Doc- Preview/Upload File Adding'

2018-11-08 14:53:59 - [MESSAGE][PASSED] - File 'C:\Users\Public\Pictures\Sample Pictures\Act.jpg' sent to object: 'Object Repository/Final Object Repo/New Registration - Registration Module Pages/Third Screen - Upload Supporting Doc- Preview/Upload File Adding'

2018-11-08 14:53:59 - [TEST_STEP][PASSED] - delay: Delayed 5 second(s)

2018-11-08 14:54:04 - [MESSAGE][PASSED] - Delayed 5 second(s)

2018-11-08 14:54:04 - [TEST_STEP][PASSED] - click: Object: 'Object Repository/Final Object Repo/New Registration - Registration Module Pages/Third Screen - Upload Supporting Doc- Preview/Inner Form Add Document Button' is clicked on

2018-11-08 14:54:10 - [MESSAGE][PASSED] - Object: 'Object Repository/Final Object Repo/New Registration - Registration Module Pages/Third Screen - Upload Supporting Doc- Preview/Inner Form Add Document Button' is clicked on

2018-11-08 14:54:10 - [TEST_STEP][PASSED] - delay: Delayed 3 second(s)

2018-11-08 14:54:13 - [MESSAGE][PASSED] - Delayed 3 second(s)

2018-11-08 14:54:13 - [TEST_STEP][PASSED] - click: Object: 'Object Repository/Final Object Repo/New Registration - Registration Module Pages/Third Screen - Upload Supporting Doc- Preview/Add Document Button' is clicked on

2018-11-08 14:54:14 - [MESSAGE][PASSED] - Object: 'Object Repository/Final Object Repo/New Registration - Registration Module Pages/Third Screen - Upload Supporting Doc- Preview/Add Document Button' is clicked on

2018-11-08 14:54:14 - [TEST_STEP][PASSED] - delay: Delayed 30 second(s)

2018-11-08 14:54:44 - [MESSAGE][PASSED] - Delayed 30 second(s)

2018-11-08 14:54:44 - [TEST_STEP][PASSED] - click: Object: 'Object Repository/Final Object Repo/New Registration - Registration Module Pages/Third Screen - Upload Supporting Doc- Preview/Supporting Doc Please Select Drop Down' is clicked on

2018-11-08 14:54:44 - [MESSAGE][PASSED] - Object: 'Object Repository/Final Object Repo/New Registration - Registration Module Pages/Third Screen - Upload Supporting Doc- Preview/Supporting Doc Please Select Drop Down' is clicked on

2018-11-08 14:54:44 - [TEST_STEP][PASSED] - delay: Delayed 2 second(s)

2018-11-08 14:54:46 - [MESSAGE][PASSED] - Delayed 2 second(s)

2018-11-08 14:54:46 - [TEST_STEP][PASSED] - click: Object: 'Object Repository/Final Object Repo/New Registration - Registration Module Pages/Third Screen - Upload Supporting Doc- Preview/Select to Upload Form 2' is clicked on

2018-11-08 14:54:47 - [MESSAGE][PASSED] - Object: 'Object Repository/Final Object Repo/New Registration - Registration Module Pages/Third Screen - Upload Supporting Doc- Preview/Select to Upload Form 2' is clicked on

2018-11-08 14:54:47 - [TEST_STEP][PASSED] - delay: Delayed 2 second(s)

2018-11-08 14:54:49 - [MESSAGE][PASSED] - Delayed 2 second(s)

2018-11-08 14:54:49 - [TEST_STEP][PASSED] - uploadFile: File 'C:\Users\Public\Pictures\Sample Pictures\Act.jpg' sent to object: 'Object Repository/Final Object Repo/New Registration - Registration Module Pages/Third Screen - Upload Supporting Doc- Preview/Upload File Adding'

2018-11-08 14:54:49 - [MESSAGE][PASSED] - File 'C:\Users\Public\Pictures\Sample Pictures\Act.jpg' sent to object: 'Object Repository/Final Object Repo/New Registration - Registration Module Pages/Third Screen - Upload Supporting Doc- Preview/Upload File Adding'

2018-11-08 14:54:49 - [TEST_STEP][PASSED] - click: Object: 'Object Repository/Final Object Repo/New Registration - Registration Module Pages/Third Screen - Upload Supporting Doc- Preview/Inner Form Add Document Button' is clicked on

2018-11-08 14:54:49 - [MESSAGE][PASSED] - Object: 'Object Repository/Final Object Repo/New Registration - Registration Module Pages/Third Screen - Upload Supporting Doc- Preview/Inner Form Add Document Button' is clicked on

2018-11-08 14:54:49 - [TEST_STEP][PASSED] - delay: Delayed 4 second(s)

2018-11-08 14:54:53 - [MESSAGE][PASSED] - Delayed 4 second(s)

2018-11-08 14:54:53 - [TEST_STEP][PASSED] - click: Object: 'Object Repository/Final Object Repo/New Registration - Registration Module Pages/Third Screen - Upload Supporting Doc- Preview/Add Document Button' is clicked on

2018-11-08 14:54:56 - [MESSAGE][PASSED] - Object: 'Object Repository/Final Object Repo/New Registration - Registration Module Pages/Third Screen - Upload Supporting Doc- Preview/Add Document Button' is clicked on

2018-11-08 14:54:56 - [TEST_STEP][PASSED] - delay: Delayed 30 second(s)

2018-11-08 14:55:26 - [MESSAGE][PASSED] - Delayed 30 second(s)

2018-11-08 14:55:26 - [TEST_STEP][PASSED] - click: Object: 'Object Repository/Final Object Repo/New Registration - Registration Module Pages/Third Screen - Upload Supporting Doc- Preview/Supporting Doc Please Select Drop Down' is clicked on

2018-11-08 14:55:26 - [MESSAGE][PASSED] - Object: 'Object Repository/Final Object Repo/New Registration - Registration Module Pages/Third Screen - Upload Supporting Doc- Preview/Supporting Doc Please Select Drop Down' is clicked on

2018-11-08 14:55:26 - [TEST_STEP][PASSED] - click: Object: 'Object Repository/Final Object Repo/New Registration - Registration Module Pages/Third Screen - Upload Supporting Doc- Preview/Select to Upload Borang SIP 1' is clicked on

2018-11-08 14:55:27 - [MESSAGE][PASSED] - Object: 'Object Repository/Final Object Repo/New Registration - Registration Module Pages/Third Screen - Upload Supporting Doc- Preview/Select to Upload Borang SIP 1' is clicked on

2018-11-08 14:55:27 - [TEST_STEP][PASSED] - delay: Delayed 2 second(s)

2018-11-08 14:55:29 - [MESSAGE][PASSED] - Delayed 2 second(s)

2018-11-08 14:55:29 - [TEST_STEP][PASSED] - uploadFile: File 'C:\Users\Public\Pictures\Sample Pictures\Act.jpg' sent to object: 'Object Repository/Final Object Repo/New Registration - Registration Module Pages/Third Screen - Upload Supporting Doc- Preview/Upload File Adding'

2018-11-08 14:55:29 - [MESSAGE][PASSED] - File 'C:\Users\Public\Pictures\Sample Pictures\Act.jpg' sent to object: 'Object Repository/Final Object Repo/New Registration - Registration Module Pages/Third Screen - Upload Supporting Doc- Preview/Upload File Adding'

2018-11-08 14:55:29 - [TEST_STEP][PASSED] - click: Object: 'Object Repository/Final Object Repo/New Registration - Registration Module Pages/Third Screen - Upload Supporting Doc- Preview/Inner Form Add Document Button' is clicked on

2018-11-08 14:55:35 - [MESSAGE][PASSED] - Object: 'Object Repository/Final Object Repo/New Registration - Registration Module Pages/Third Screen - Upload Supporting Doc- Preview/Inner Form Add Document Button' is clicked on

2018-11-08 14:55:35 - [TEST_STEP][PASSED] - delay: Delayed 5 second(s)

2018-11-08 14:55:40 - [MESSAGE][PASSED] - Delayed 5 second(s)

2018-11-08 14:55:40 - [TEST_STEP][PASSED] - click: Object: 'Object Repository/Final Object Repo/New Registration - Registration Module Pages/Third Screen - Upload Supporting Doc- Preview/Add Document Button' is clicked on

2018-11-08 14:55:40 - [MESSAGE][PASSED] - Object: 'Object Repository/Final Object Repo/New Registration - Registration Module Pages/Third Screen - Upload Supporting Doc- Preview/Add Document Button' is clicked on

2018-11-08 14:55:40 - [TEST_STEP][PASSED] - delay: Delayed 30 second(s)

2018-11-08 14:56:10 - [MESSAGE][PASSED] - Delayed 30 second(s)

2018-11-08 14:56:10 - [TEST_STEP][PASSED] - click: Object: 'Object Repository/Final Object Repo/New Registration - Registration Module Pages/Third Screen - Upload Supporting Doc- Preview/Supporting Doc Please Select Drop Down' is clicked on

2018-11-08 14:56:11 - [MESSAGE][PASSED] - Object: 'Object Repository/Final Object Repo/New Registration - Registration Module Pages/Third Screen - Upload Supporting Doc- Preview/Supporting Doc Please Select Drop Down' is clicked on

2018-11-08 14:56:11 - [TEST_STEP][PASSED] - delay: Delayed 3 second(s)

2018-11-08 14:56:14 - [MESSAGE][PASSED] - Delayed 3 second(s)

2018-11-08 14:56:14 - [TEST_STEP][PASSED] - click: Object: 'Object Repository/Final Object Repo/New Registration - Registration Module Pages/Third Screen - Upload Supporting Doc- Preview/Select to Upload Borang SIP 2' is clicked on

2018-11-08 14:56:14 - [MESSAGE][PASSED] - Object: 'Object Repository/Final Object Repo/New Registration - Registration Module Pages/Third Screen - Upload Supporting Doc- Preview/Select to Upload Borang SIP 2' is clicked on

2018-11-08 14:56:14 - [TEST_STEP][PASSED] - delay: Delayed 2 second(s)

2018-11-08 14:56:16 - [MESSAGE][PASSED] - Delayed 2 second(s)

2018-11-08 14:56:16 - [TEST_STEP][PASSED] - uploadFile: File 'C:\Users\Public\Pictures\Sample Pictures\Act.jpg' sent to object: 'Object Repository/Final Object Repo/New Registration - Registration Module Pages/Third Screen - Upload Supporting Doc- Preview/Upload File Adding'

2018-11-08 14:56:17 - [MESSAGE][PASSED] - File 'C:\Users\Public\Pictures\Sample Pictures\Act.jpg' sent to object: 'Object Repository/Final Object Repo/New Registration - Registration Module Pages/Third Screen - Upload Supporting Doc- Preview/Upload File Adding'

2018-11-08 14:56:17 - [TEST_STEP][PASSED] - delay: Delayed 5 second(s)

2018-11-08 14:56:22 - [MESSAGE][PASSED] - Delayed 5 second(s)

2018-11-08 14:56:22 - [TEST_STEP][PASSED] - click: Object: 'Object Repository/Final Object Repo/New Registration - Registration Module Pages/Third Screen - Upload Supporting Doc- Preview/Inner Form Add Document Button' is clicked on

2018-11-08 14:56:22 - [MESSAGE][PASSED] - Object: 'Object Repository/Final Object Repo/New Registration - Registration Module Pages/Third Screen - Upload Supporting Doc- Preview/Inner Form Add Document Button' is clicked on

2018-11-08 14:56:22 - [TEST_STEP][PASSED] - delay: Delayed 3 second(s)

2018-11-08 14:56:25 - [MESSAGE][PASSED] - Delayed 3 second(s)

2018-11-08 14:56:25 - [TEST_STEP][PASSED] - waitForElementClickable: Object 'Object Repository/Final Object Repo/New Registration - Registration Module Pages/Third Screen - Upload Supporting Doc- Preview/Save n Continue in Uploading Supporting Doc Page' is clickable

2018-11-08 14:56:28 - [MESSAGE][PASSED] - Object 'Object Repository/Final Object Repo/New Registration - Registration Module Pages/Third Screen - Upload Supporting Doc- Preview/Save n Continue in Uploading Supporting Doc Page' is clickable

2018-11-08 14:56:28 - [TEST_STEP][PASSED] - click: Object: 'Object Repository/Final Object Repo/New Registration - Registration Module Pages/Third Screen - Upload Supporting Doc- Preview/Save n Continue in Uploading Supporting Doc Page' is clicked on

2018-11-08 14:56:28 - [MESSAGE][PASSED] - Object: 'Object Repository/Final Object Repo/New Registration - Registration Module Pages/Third Screen - Upload Supporting Doc- Preview/Save n Continue in Uploading Supporting Doc Page' is clicked on

2018-11-08 14:56:28 - [MESSAGE][PASSED] - Call Test Case 'Test Cases/Final Aug 2018 - PKS Automation/Registration Module/New Registration/Flow of New Registration/Third Screen - Upload Supporting Doc - Preview' successfully

2018-11-08 14:56:28 - [TEST_STEP][PASSED] - callTestCase: Call Test Case 'Test Cases/Final Aug 2018 - PKS Automation/Registration Module/New Registration/Submit and Screenshot/Submit Registration and Screenshot' successfully

2018-11-08 14:56:28 - [TEST_CASE][PASSED] - Test Cases/Final Aug 2018 - PKS Automation/Registration Module/New Registration/Submit and Screenshot/Submit Registration and Screenshot: Test Cases/Final Aug 2018 - PKS Automation/Registration Module/New Registration/Submit and Screenshot/Submit Registration and Screenshot

2018-11-08 14:56:29 - [TEST_STEP][PASSED] - delay: Delayed 6 second(s)

2018-11-08 14:56:35 - [MESSAGE][PASSED] - Delayed 6 second(s)

2018-11-08 14:56:35 - [TEST_STEP][PASSED] - click: Object: 'Object Repository/Final Object Repo/New Registration - Registration Module Pages/Third Screen - Upload Supporting Doc- Preview/Preview Submit Button' is clicked on

2018-11-08 14:56:35 - [MESSAGE][PASSED] - Object: 'Object Repository/Final Object Repo/New Registration - Registration Module Pages/Third Screen - Upload Supporting Doc- Preview/Preview Submit Button' is clicked on

2018-11-08 14:56:35 - [TEST_STEP][PASSED] - delay: Delayed 2 second(s)

2018-11-08 14:56:37 - [MESSAGE][PASSED] - Delayed 2 second(s)

2018-11-08 14:56:37 - [TEST_STEP][PASSED] - click: Object: 'Object Repository/Final Object Repo/New Registration - Registration Module Pages/Third Screen - Upload Supporting Doc- Preview/Preview Submit - Confirm' is clicked on

2018-11-08 14:56:43 - [MESSAGE][PASSED] - Object: 'Object Repository/Final Object Repo/New Registration - Registration Module Pages/Third Screen - Upload Supporting Doc- Preview/Preview Submit - Confirm' is clicked on

2018-11-08 14:56:43 - [TEST_STEP][PASSED] - delay: Delayed 15 second(s)

2018-11-08 14:56:58 - [MESSAGE][PASSED] - Delayed 15 second(s)

2018-11-08 14:56:58 - [TEST_STEP][PASSED] - Statement - driver = com.kms.katalon.core.webui.driver.DriverFactory.getWebDriver(): null

2018-11-08 14:56:58 - [TEST_STEP][PASSED] - Statement - driver.manage().timeouts().implicitlyWait(10, SECONDS): null

2018-11-08 14:56:58 - [TEST_STEP][PASSED] - Statement - PresavePath = KatalonScreenshots: null

2018-11-08 14:56:58 - [TEST_STEP][PASSED] - Statement - pathPrefix = "C:\Users\Public\Pictures\Sample Pictures\Katalon Screenshots\Automate Ending Screen": null

2018-11-08 14:56:58 - [TEST_STEP][PASSED] - Statement - finalPath = <not implemented yet for class: org.codehaus.groovy.ast.expr.EmptyExpression>: null

2018-11-08 14:56:58 - [TEST_STEP][PASSED] - Statement - scrFile = driver.getScreenshotAs(FILE): null

2018-11-08 14:56:58 - [TEST_STEP][PASSED] - Statement - PreSaveFile = new java.io.File(PresavePath): null

2018-11-08 14:56:58 - [TEST_STEP][PASSED] - Statement - counter = 0: null

2018-11-08 14:56:58 - [TEST_STEP][PASSED] - Statement - If (PreSaveFile.exists()): null

2018-11-08 14:56:58 - [TEST_STEP][PASSED] - Statement - While (PreSaveFile.exists()): null

2018-11-08 14:56:58 - [TEST_STEP][PASSED] - Statement - counter = counter + 1: null

2018-11-08 14:56:58 - [TEST_STEP][PASSED] - Statement - PreSaveFile = new java.io.File(((pathPrefix + java.lang.Integer.toString(counter)) + .png)): null

2018-11-08 14:56:58 - [TEST_STEP][PASSED] - Statement - counter = counter + 1: null

2018-11-08 14:56:58 - [TEST_STEP][PASSED] - Statement - PreSaveFile = new java.io.File(((pathPrefix + java.lang.Integer.toString(counter)) + .png)): null

2018-11-08 14:56:58 - [TEST_STEP][PASSED] - Statement - counter = counter + 1: null

2018-11-08 14:56:58 - [TEST_STEP][PASSED] - Statement - PreSaveFile = new java.io.File(((pathPrefix + java.lang.Integer.toString(counter)) + .png)): null

2018-11-08 14:56:58 - [TEST_STEP][PASSED] - Statement - counter = counter + 1: null

2018-11-08 14:56:58 - [TEST_STEP][PASSED] - Statement - PreSaveFile = new java.io.File(((pathPrefix + java.lang.Integer.toString(counter)) + .png)): null

2018-11-08 14:56:58 - [TEST_STEP][PASSED] - Statement - counter = counter + 1: null

2018-11-08 14:56:58 - [TEST_STEP][PASSED] - Statement - PreSaveFile = new java.io.File(((pathPrefix + java.lang.Integer.toString(counter)) + .png)): null

2018-11-08 14:56:58 - [TEST_STEP][PASSED] - Statement - counter = counter + 1: null

2018-11-08 14:56:58 - [TEST_STEP][PASSED] - Statement - PreSaveFile = new java.io.File(((pathPrefix + java.lang.Integer.toString(counter)) + .png)): null

2018-11-08 14:56:58 - [TEST_STEP][PASSED] - Statement - counter = counter + 1: null

2018-11-08 14:56:58 - [TEST_STEP][PASSED] - Statement - PreSaveFile = new java.io.File(((pathPrefix + java.lang.Integer.toString(counter)) + .png)): null

2018-11-08 14:56:58 - [TEST_STEP][PASSED] - Statement - counter = counter + 1: null

2018-11-08 14:56:58 - [TEST_STEP][PASSED] - Statement - PreSaveFile = new java.io.File(((pathPrefix + java.lang.Integer.toString(counter)) + .png)): null

2018-11-08 14:56:58 - [TEST_STEP][PASSED] - Statement - counter = counter + 1: null

2018-11-08 14:56:58 - [TEST_STEP][PASSED] - Statement - PreSaveFile = new java.io.File(((pathPrefix + java.lang.Integer.toString(counter)) + .png)): null

2018-11-08 14:56:58 - [TEST_STEP][PASSED] - Statement - counter = counter + 1: null

2018-11-08 14:56:58 - [TEST_STEP][PASSED] - Statement - PreSaveFile = new java.io.File(((pathPrefix + java.lang.Integer.toString(counter)) + .png)): null

2018-11-08 14:56:58 - [TEST_STEP][PASSED] - Statement - counter = counter + 1: null

2018-11-08 14:56:58 - [TEST_STEP][PASSED] - Statement - PreSaveFile = new java.io.File(((pathPrefix + java.lang.Integer.toString(counter)) + .png)): null

2018-11-08 14:56:58 - [TEST_STEP][PASSED] - Statement - counter = counter + 1: null

2018-11-08 14:56:58 - [TEST_STEP][PASSED] - Statement - PreSaveFile = new java.io.File(((pathPrefix + java.lang.Integer.toString(counter)) + .png)): null

2018-11-08 14:56:58 - [TEST_STEP][PASSED] - Statement - counter = counter + 1: null

2018-11-08 14:56:58 - [TEST_STEP][PASSED] - Statement - PreSaveFile = new java.io.File(((pathPrefix + java.lang.Integer.toString(counter)) + .png)): null

2018-11-08 14:56:58 - [TEST_STEP][PASSED] - Statement - counter = counter + 1: null

2018-11-08 14:56:58 - [TEST_STEP][PASSED] - Statement - PreSaveFile = new java.io.File(((pathPrefix + java.lang.Integer.toString(counter)) + .png)): null

2018-11-08 14:56:58 - [TEST_STEP][PASSED] - Statement - counter = counter + 1: null

2018-11-08 14:56:58 - [TEST_STEP][PASSED] - Statement - PreSaveFile = new java.io.File(((pathPrefix + java.lang.Integer.toString(counter)) + .png)): null

2018-11-08 14:56:58 - [TEST_STEP][PASSED] - Statement - counter = counter + 1: null

2018-11-08 14:56:58 - [TEST_STEP][PASSED] - Statement - PreSaveFile = new java.io.File(((pathPrefix + java.lang.Integer.toString(counter)) + .png)): null

2018-11-08 14:56:58 - [TEST_STEP][PASSED] - Statement - counter = counter + 1: null

2018-11-08 14:56:58 - [TEST_STEP][PASSED] - Statement - PreSaveFile = new java.io.File(((pathPrefix + java.lang.Integer.toString(counter)) + .png)): null

2018-11-08 14:56:58 - [TEST_STEP][PASSED] - Statement - counter = counter + 1: null

2018-11-08 14:56:58 - [TEST_STEP][PASSED] - Statement - PreSaveFile = new java.io.File(((pathPrefix + java.lang.Integer.toString(counter)) + .png)): null

2018-11-08 14:56:58 - [TEST_STEP][PASSED] - Statement - counter = counter + 1: null

2018-11-08 14:56:58 - [TEST_STEP][PASSED] - Statement - PreSaveFile = new java.io.File(((pathPrefix + java.lang.Integer.toString(counter)) + .png)): null

2018-11-08 14:56:58 - [TEST_STEP][PASSED] - Statement - counter = counter + 1: null

2018-11-08 14:56:58 - [TEST_STEP][PASSED] - Statement - PreSaveFile = new java.io.File(((pathPrefix + java.lang.Integer.toString(counter)) + .png)): null

2018-11-08 14:56:58 - [TEST_STEP][PASSED] - Statement - counter = counter + 1: null

2018-11-08 14:56:58 - [TEST_STEP][PASSED] - Statement - PreSaveFile = new java.io.File(((pathPrefix + java.lang.Integer.toString(counter)) + .png)): null

2018-11-08 14:56:58 - [TEST_STEP][PASSED] - Statement - counter = counter + 1: null

2018-11-08 14:56:58 - [TEST_STEP][PASSED] - Statement - PreSaveFile = new java.io.File(((pathPrefix + java.lang.Integer.toString(counter)) + .png)): null

2018-11-08 14:56:58 - [TEST_STEP][PASSED] - Statement - counter = counter + 1: null

2018-11-08 14:56:58 - [TEST_STEP][PASSED] - Statement - PreSaveFile = new java.io.File(((pathPrefix + java.lang.Integer.toString(counter)) + .png)): null

2018-11-08 14:56:58 - [TEST_STEP][PASSED] - Statement - counter = counter + 1: null

2018-11-08 14:56:58 - [TEST_STEP][PASSED] - Statement - PreSaveFile = new java.io.File(((pathPrefix + java.lang.Integer.toString(counter)) + .png)): null

2018-11-08 14:56:58 - [TEST_STEP][PASSED] - Statement - counter = counter + 1: null

2018-11-08 14:56:58 - [TEST_STEP][PASSED] - Statement - PreSaveFile = new java.io.File(((pathPrefix + java.lang.Integer.toString(counter)) + .png)): null

2018-11-08 14:56:58 - [TEST_STEP][PASSED] - Statement - counter = counter + 1: null

2018-11-08 14:56:58 - [TEST_STEP][PASSED] - Statement - PreSaveFile = new java.io.File(((pathPrefix + java.lang.Integer.toString(counter)) + .png)): null

2018-11-08 14:56:58 - [TEST_STEP][PASSED] - Statement - counter = counter + 1: null

2018-11-08 14:56:58 - [TEST_STEP][PASSED] - Statement - PreSaveFile = new java.io.File(((pathPrefix + java.lang.Integer.toString(counter)) + .png)): null

2018-11-08 14:56:58 - [TEST_STEP][PASSED] - Statement - counter = counter + 1: null

2018-11-08 14:56:58 - [TEST_STEP][PASSED] - Statement - PreSaveFile = new java.io.File(((pathPrefix + java.lang.Integer.toString(counter)) + .png)): null

2018-11-08 14:56:58 - [TEST_STEP][PASSED] - Statement - counter = counter + 1: null

2018-11-08 14:56:58 - [TEST_STEP][PASSED] - Statement - PreSaveFile = new java.io.File(((pathPrefix + java.lang.Integer.toString(counter)) + .png)): null

2018-11-08 14:56:58 - [TEST_STEP][PASSED] - Statement - counter = counter + 1: null

2018-11-08 14:56:58 - [TEST_STEP][PASSED] - Statement - PreSaveFile = new java.io.File(((pathPrefix + java.lang.Integer.toString(counter)) + .png)): null

2018-11-08 14:56:58 - [TEST_STEP][PASSED] - Statement - counter = counter + 1: null

2018-11-08 14:56:59 - [TEST_STEP][PASSED] - Statement - PreSaveFile = new java.io.File(((pathPrefix + java.lang.Integer.toString(counter)) + .png)): null

2018-11-08 14:56:59 - [TEST_STEP][PASSED] - Statement - counter = counter + 1: null

2018-11-08 14:56:59 - [TEST_STEP][PASSED] - Statement - PreSaveFile = new java.io.File(((pathPrefix + java.lang.Integer.toString(counter)) + .png)): null

2018-11-08 14:56:59 - [TEST_STEP][PASSED] - Statement - counter = counter + 1: null

2018-11-08 14:56:59 - [TEST_STEP][PASSED] - Statement - PreSaveFile = new java.io.File(((pathPrefix + java.lang.Integer.toString(counter)) + .png)): null

2018-11-08 14:56:59 - [TEST_STEP][PASSED] - Statement - counter = counter + 1: null

2018-11-08 14:56:59 - [TEST_STEP][PASSED] - Statement - PreSaveFile = new java.io.File(((pathPrefix + java.lang.Integer.toString(counter)) + .png)): null

2018-11-08 14:56:59 - [TEST_STEP][PASSED] - Statement - counter = counter + 1: null

2018-11-08 14:56:59 - [TEST_STEP][PASSED] - Statement - PreSaveFile = new java.io.File(((pathPrefix + java.lang.Integer.toString(counter)) + .png)): null

2018-11-08 14:56:59 - [TEST_STEP][PASSED] - Statement - counter = counter + 1: null

2018-11-08 14:56:59 - [TEST_STEP][PASSED] - Statement - PreSaveFile = new java.io.File(((pathPrefix + java.lang.Integer.toString(counter)) + .png)): null

2018-11-08 14:56:59 - [TEST_STEP][PASSED] - Statement - counter = counter + 1: null

2018-11-08 14:56:59 - [TEST_STEP][PASSED] - Statement - PreSaveFile = new java.io.File(((pathPrefix + java.lang.Integer.toString(counter)) + .png)): null

2018-11-08 14:56:59 - [TEST_STEP][PASSED] - Statement - counter = counter + 1: null

2018-11-08 14:56:59 - [TEST_STEP][PASSED] - Statement - PreSaveFile = new java.io.File(((pathPrefix + java.lang.Integer.toString(counter)) + .png)): null

2018-11-08 14:56:59 - [TEST_STEP][PASSED] - Statement - counter = counter + 1: null

2018-11-08 14:56:59 - [TEST_STEP][PASSED] - Statement - PreSaveFile = new java.io.File(((pathPrefix + java.lang.Integer.toString(counter)) + .png)): null

2018-11-08 14:56:59 - [TEST_STEP][PASSED] - Statement - counter = counter + 1: null

2018-11-08 14:56:59 - [TEST_STEP][PASSED] - Statement - PreSaveFile = new java.io.File(((pathPrefix + java.lang.Integer.toString(counter)) + .png)): null

2018-11-08 14:56:59 - [TEST_STEP][PASSED] - Statement - counter = counter + 1: null

2018-11-08 14:56:59 - [TEST_STEP][PASSED] - Statement - PreSaveFile = new java.io.File(((pathPrefix + java.lang.Integer.toString(counter)) + .png)): null

2018-11-08 14:56:59 - [TEST_STEP][PASSED] - Statement - counter = counter + 1: null

2018-11-08 14:56:59 - [TEST_STEP][PASSED] - Statement - PreSaveFile = new java.io.File(((pathPrefix + java.lang.Integer.toString(counter)) + .png)): null

2018-11-08 14:56:59 - [TEST_STEP][PASSED] - Statement - counter = counter + 1: null

2018-11-08 14:57:00 - [TEST_STEP][PASSED] - Statement - PreSaveFile = new java.io.File(((pathPrefix + java.lang.Integer.toString(counter)) + .png)): null

2018-11-08 14:57:00 - [TEST_STEP][PASSED] - Statement - counter = counter + 1: null

2018-11-08 14:57:00 - [TEST_STEP][PASSED] - Statement - PreSaveFile = new java.io.File(((pathPrefix + java.lang.Integer.toString(counter)) + .png)): null

2018-11-08 14:57:00 - [TEST_STEP][PASSED] - Statement - counter = counter + 1: null

2018-11-08 14:57:00 - [TEST_STEP][PASSED] - Statement - PreSaveFile = new java.io.File(((pathPrefix + java.lang.Integer.toString(counter)) + .png)): null

2018-11-08 14:57:00 - [TEST_STEP][PASSED] - Statement - counter = counter + 1: null

2018-11-08 14:57:00 - [TEST_STEP][PASSED] - Statement - PreSaveFile = new java.io.File(((pathPrefix + java.lang.Integer.toString(counter)) + .png)): null

2018-11-08 14:57:00 - [TEST_STEP][PASSED] - Statement - counter = counter + 1: null

2018-11-08 14:57:00 - [TEST_STEP][PASSED] - Statement - PreSaveFile = new java.io.File(((pathPrefix + java.lang.Integer.toString(counter)) + .png)): null

2018-11-08 14:57:00 - [TEST_STEP][PASSED] - Statement - counter = counter + 1: null

2018-11-08 14:57:00 - [TEST_STEP][PASSED] - Statement - PreSaveFile = new java.io.File(((pathPrefix + java.lang.Integer.toString(counter)) + .png)): null

2018-11-08 14:57:00 - [TEST_STEP][PASSED] - Statement - counter = counter + 1: null

2018-11-08 14:57:00 - [TEST_STEP][PASSED] - Statement - PreSaveFile = new java.io.File(((pathPrefix + java.lang.Integer.toString(counter)) + .png)): null

2018-11-08 14:57:00 - [TEST_STEP][PASSED] - Statement - counter = counter + 1: null

2018-11-08 14:57:00 - [TEST_STEP][PASSED] - Statement - PreSaveFile = new java.io.File(((pathPrefix + java.lang.Integer.toString(counter)) + .png)): null

2018-11-08 14:57:00 - [TEST_STEP][PASSED] - Statement - counter = counter + 1: null

2018-11-08 14:57:00 - [TEST_STEP][PASSED] - Statement - PreSaveFile = new java.io.File(((pathPrefix + java.lang.Integer.toString(counter)) + .png)): null

2018-11-08 14:57:00 - [TEST_STEP][PASSED] - Statement - counter = counter + 1: null

2018-11-08 14:57:00 - [TEST_STEP][PASSED] - Statement - PreSaveFile = new java.io.File(((pathPrefix + java.lang.Integer.toString(counter)) + .png)): null

2018-11-08 14:57:00 - [TEST_STEP][PASSED] - Statement - counter = counter + 1: null

2018-11-08 14:57:00 - [TEST_STEP][PASSED] - Statement - PreSaveFile = new java.io.File(((pathPrefix + java.lang.Integer.toString(counter)) + .png)): null

2018-11-08 14:57:00 - [TEST_STEP][PASSED] - Statement - counter = counter + 1: null

2018-11-08 14:57:00 - [TEST_STEP][PASSED] - Statement - PreSaveFile = new java.io.File(((pathPrefix + java.lang.Integer.toString(counter)) + .png)): null

2018-11-08 14:57:00 - [TEST_STEP][PASSED] - Statement - counter = counter + 1: null

2018-11-08 14:57:01 - [TEST_STEP][PASSED] - Statement - PreSaveFile = new java.io.File(((pathPrefix + java.lang.Integer.toString(counter)) + .png)): null

2018-11-08 14:57:01 - [TEST_STEP][PASSED] - Statement - counter = counter + 1: null

2018-11-08 14:57:01 - [TEST_STEP][PASSED] - Statement - PreSaveFile = new java.io.File(((pathPrefix + java.lang.Integer.toString(counter)) + .png)): null

2018-11-08 14:57:01 - [TEST_STEP][PASSED] - Statement - counter = counter + 1: null

2018-11-08 14:57:01 - [TEST_STEP][PASSED] - Statement - PreSaveFile = new java.io.File(((pathPrefix + java.lang.Integer.toString(counter)) + .png)): null

2018-11-08 14:57:01 - [TEST_STEP][PASSED] - Statement - counter = counter + 1: null

2018-11-08 14:57:01 - [TEST_STEP][PASSED] - Statement - PreSaveFile = new java.io.File(((pathPrefix + java.lang.Integer.toString(counter)) + .png)): null

2018-11-08 14:57:01 - [TEST_STEP][PASSED] - Statement - counter = counter + 1: null

2018-11-08 14:57:01 - [TEST_STEP][PASSED] - Statement - PreSaveFile = new java.io.File(((pathPrefix + java.lang.Integer.toString(counter)) + .png)): null

2018-11-08 14:57:01 - [TEST_STEP][PASSED] - Statement - counter = counter + 1: null

2018-11-08 14:57:01 - [TEST_STEP][PASSED] - Statement - PreSaveFile = new java.io.File(((pathPrefix + java.lang.Integer.toString(counter)) + .png)): null

2018-11-08 14:57:01 - [TEST_STEP][PASSED] - Statement - counter = counter + 1: null

2018-11-08 14:57:01 - [TEST_STEP][PASSED] - Statement - PreSaveFile = new java.io.File(((pathPrefix + java.lang.Integer.toString(counter)) + .png)): null

2018-11-08 14:57:01 - [TEST_STEP][PASSED] - Statement - counter = counter + 1: null

2018-11-08 14:57:01 - [TEST_STEP][PASSED] - Statement - PreSaveFile = new java.io.File(((pathPrefix + java.lang.Integer.toString(counter)) + .png)): null

2018-11-08 14:57:01 - [TEST_STEP][PASSED] - Statement - counter = counter + 1: null

2018-11-08 14:57:01 - [TEST_STEP][PASSED] - Statement - PreSaveFile = new java.io.File(((pathPrefix + java.lang.Integer.toString(counter)) + .png)): null

2018-11-08 14:57:01 - [TEST_STEP][PASSED] - Statement - counter = counter + 1: null

2018-11-08 14:57:01 - [TEST_STEP][PASSED] - Statement - PreSaveFile = new java.io.File(((pathPrefix + java.lang.Integer.toString(counter)) + .png)): null

2018-11-08 14:57:02 - [TEST_STEP][PASSED] - Statement - counter = counter + 1: null

2018-11-08 14:57:02 - [TEST_STEP][PASSED] - Statement - PreSaveFile = new java.io.File(((pathPrefix + java.lang.Integer.toString(counter)) + .png)): null

2018-11-08 14:57:02 - [TEST_STEP][PASSED] - Statement - counter = counter + 1: null

2018-11-08 14:57:02 - [TEST_STEP][PASSED] - Statement - PreSaveFile = new java.io.File(((pathPrefix + java.lang.Integer.toString(counter)) + .png)): null

2018-11-08 14:57:02 - [TEST_STEP][PASSED] - Statement - counter = counter + 1: null

2018-11-08 14:57:02 - [TEST_STEP][PASSED] - Statement - PreSaveFile = new java.io.File(((pathPrefix + java.lang.Integer.toString(counter)) + .png)): null

2018-11-08 14:57:02 - [TEST_STEP][PASSED] - Statement - counter = counter + 1: null

2018-11-08 14:57:02 - [TEST_STEP][PASSED] - Statement - PreSaveFile = new java.io.File(((pathPrefix + java.lang.Integer.toString(counter)) + .png)): null

2018-11-08 14:57:02 - [TEST_STEP][PASSED] - Statement - counter = counter + 1: null

2018-11-08 14:57:02 - [TEST_STEP][PASSED] - Statement - PreSaveFile = new java.io.File(((pathPrefix + java.lang.Integer.toString(counter)) + .png)): null

2018-11-08 14:57:02 - [TEST_STEP][PASSED] - Statement - counter = counter + 1: null

2018-11-08 14:57:02 - [TEST_STEP][PASSED] - Statement - PreSaveFile = new java.io.File(((pathPrefix + java.lang.Integer.toString(counter)) + .png)): null

2018-11-08 14:57:02 - [TEST_STEP][PASSED] - Statement - counter = counter + 1: null

2018-11-08 14:57:02 - [TEST_STEP][PASSED] - Statement - PreSaveFile = new java.io.File(((pathPrefix + java.lang.Integer.toString(counter)) + .png)): null

2018-11-08 14:57:02 - [TEST_STEP][PASSED] - Statement - counter = counter + 1: null

2018-11-08 14:57:02 - [TEST_STEP][PASSED] - Statement - PreSaveFile = new java.io.File(((pathPrefix + java.lang.Integer.toString(counter)) + .png)): null

2018-11-08 14:57:02 - [TEST_STEP][PASSED] - Statement - counter = counter + 1: null

2018-11-08 14:57:02 - [TEST_STEP][PASSED] - Statement - PreSaveFile = new java.io.File(((pathPrefix + java.lang.Integer.toString(counter)) + .png)): null

2018-11-08 14:57:02 - [TEST_STEP][PASSED] - Statement - counter = counter + 1: null

2018-11-08 14:57:02 - [TEST_STEP][PASSED] - Statement - PreSaveFile = new java.io.File(((pathPrefix + java.lang.Integer.toString(counter)) + .png)): null

2018-11-08 14:57:02 - [TEST_STEP][PASSED] - Statement - counter = counter + 1: null

2018-11-08 14:57:02 - [TEST_STEP][PASSED] - Statement - PreSaveFile = new java.io.File(((pathPrefix + java.lang.Integer.toString(counter)) + .png)): null

2018-11-08 14:57:02 - [TEST_STEP][PASSED] - Statement - counter = counter + 1: null

2018-11-08 14:57:02 - [TEST_STEP][PASSED] - Statement - PreSaveFile = new java.io.File(((pathPrefix + java.lang.Integer.toString(counter)) + .png)): null

2018-11-08 14:57:03 - [TEST_STEP][PASSED] - Statement - counter = counter + 1: null

2018-11-08 14:57:03 - [TEST_STEP][PASSED] - Statement - PreSaveFile = new java.io.File(((pathPrefix + java.lang.Integer.toString(counter)) + .png)): null

2018-11-08 14:57:03 - [TEST_STEP][PASSED] - Statement - counter = counter + 1: null

2018-11-08 14:57:03 - [TEST_STEP][PASSED] - Statement - PreSaveFile = new java.io.File(((pathPrefix + java.lang.Integer.toString(counter)) + .png)): null

2018-11-08 14:57:03 - [TEST_STEP][PASSED] - Statement - counter = counter + 1: null

2018-11-08 14:57:03 - [TEST_STEP][PASSED] - Statement - PreSaveFile = new java.io.File(((pathPrefix + java.lang.Integer.toString(counter)) + .png)): null

2018-11-08 14:57:03 - [TEST_STEP][PASSED] - Statement - counter = counter + 1: null

2018-11-08 14:57:03 - [TEST_STEP][PASSED] - Statement - PreSaveFile = new java.io.File(((pathPrefix + java.lang.Integer.toString(counter)) + .png)): null

2018-11-08 14:57:03 - [TEST_STEP][PASSED] - Statement - counter = counter + 1: null

2018-11-08 14:57:03 - [TEST_STEP][PASSED] - Statement - PreSaveFile = new java.io.File(((pathPrefix + java.lang.Integer.toString(counter)) + .png)): null

2018-11-08 14:57:03 - [TEST_STEP][PASSED] - Statement - counter = counter + 1: null

2018-11-08 14:57:03 - [TEST_STEP][PASSED] - Statement - PreSaveFile = new java.io.File(((pathPrefix + java.lang.Integer.toString(counter)) + .png)): null

2018-11-08 14:57:03 - [TEST_STEP][PASSED] - Statement - counter = counter + 1: null

2018-11-08 14:57:03 - [TEST_STEP][PASSED] - Statement - PreSaveFile = new java.io.File(((pathPrefix + java.lang.Integer.toString(counter)) + .png)): null

2018-11-08 14:57:03 - [TEST_STEP][PASSED] - Statement - counter = counter + 1: null

2018-11-08 14:57:03 - [TEST_STEP][PASSED] - Statement - PreSaveFile = new java.io.File(((pathPrefix + java.lang.Integer.toString(counter)) + .png)): null

2018-11-08 14:57:03 - [TEST_STEP][PASSED] - Statement - counter = counter + 1: null

2018-11-08 14:57:03 - [TEST_STEP][PASSED] - Statement - PreSaveFile = new java.io.File(((pathPrefix + java.lang.Integer.toString(counter)) + .png)): null

2018-11-08 14:57:03 - [TEST_STEP][PASSED] - Statement - counter = counter + 1: null

2018-11-08 14:57:03 - [TEST_STEP][PASSED] - Statement - PreSaveFile = new java.io.File(((pathPrefix + java.lang.Integer.toString(counter)) + .png)): null

2018-11-08 14:57:03 - [TEST_STEP][PASSED] - Statement - counter = counter + 1: null

2018-11-08 14:57:03 - [TEST_STEP][PASSED] - Statement - PreSaveFile = new java.io.File(((pathPrefix + java.lang.Integer.toString(counter)) + .png)): null

2018-11-08 14:57:03 - [TEST_STEP][PASSED] - Statement - counter = counter + 1: null

2018-11-08 14:57:04 - [TEST_STEP][PASSED] - Statement - PreSaveFile = new java.io.File(((pathPrefix + java.lang.Integer.toString(counter)) + .png)): null

2018-11-08 14:57:04 - [TEST_STEP][PASSED] - Statement - counter = counter + 1: null

2018-11-08 14:57:04 - [TEST_STEP][PASSED] - Statement - PreSaveFile = new java.io.File(((pathPrefix + java.lang.Integer.toString(counter)) + .png)): null

2018-11-08 14:57:04 - [TEST_STEP][PASSED] - Statement - counter = counter + 1: null

2018-11-08 14:57:04 - [TEST_STEP][PASSED] - Statement - PreSaveFile = new java.io.File(((pathPrefix + java.lang.Integer.toString(counter)) + .png)): null

2018-11-08 14:57:04 - [TEST_STEP][PASSED] - Statement - counter = counter + 1: null

2018-11-08 14:57:04 - [TEST_STEP][PASSED] - Statement - PreSaveFile = new java.io.File(((pathPrefix + java.lang.Integer.toString(counter)) + .png)): null

2018-11-08 14:57:04 - [TEST_STEP][PASSED] - Statement - counter = counter + 1: null

2018-11-08 14:57:04 - [TEST_STEP][PASSED] - Statement - PreSaveFile = new java.io.File(((pathPrefix + java.lang.Integer.toString(counter)) + .png)): null

2018-11-08 14:57:04 - [TEST_STEP][PASSED] - Statement - counter = counter + 1: null

2018-11-08 14:57:04 - [TEST_STEP][PASSED] - Statement - PreSaveFile = new java.io.File(((pathPrefix + java.lang.Integer.toString(counter)) + .png)): null

2018-11-08 14:57:04 - [TEST_STEP][PASSED] - Statement - counter = counter + 1: null

2018-11-08 14:57:04 - [TEST_STEP][PASSED] - Statement - PreSaveFile = new java.io.File(((pathPrefix + java.lang.Integer.toString(counter)) + .png)): null

2018-11-08 14:57:04 - [TEST_STEP][PASSED] - Statement - counter = counter + 1: null

2018-11-08 14:57:04 - [TEST_STEP][PASSED] - Statement - PreSaveFile = new java.io.File(((pathPrefix + java.lang.Integer.toString(counter)) + .png)): null

2018-11-08 14:57:04 - [TEST_STEP][PASSED] - Statement - counter = counter + 1: null

2018-11-08 14:57:04 - [TEST_STEP][PASSED] - Statement - PreSaveFile = new java.io.File(((pathPrefix + java.lang.Integer.toString(counter)) + .png)): null

2018-11-08 14:57:04 - [TEST_STEP][PASSED] - Statement - counter = counter + 1: null

2018-11-08 14:57:04 - [TEST_STEP][PASSED] - Statement - PreSaveFile = new java.io.File(((pathPrefix + java.lang.Integer.toString(counter)) + .png)): null

2018-11-08 14:57:05 - [TEST_STEP][PASSED] - Statement - counter = counter + 1: null

2018-11-08 14:57:05 - [TEST_STEP][PASSED] - Statement - PreSaveFile = new java.io.File(((pathPrefix + java.lang.Integer.toString(counter)) + .png)): null

2018-11-08 14:57:05 - [TEST_STEP][PASSED] - Statement - counter = counter + 1: null

2018-11-08 14:57:05 - [TEST_STEP][PASSED] - Statement - PreSaveFile = new java.io.File(((pathPrefix + java.lang.Integer.toString(counter)) + .png)): null

2018-11-08 14:57:05 - [TEST_STEP][PASSED] - Statement - counter = counter + 1: null

2018-11-08 14:57:05 - [TEST_STEP][PASSED] - Statement - PreSaveFile = new java.io.File(((pathPrefix + java.lang.Integer.toString(counter)) + .png)): null

2018-11-08 14:57:05 - [TEST_STEP][PASSED] - Statement - counter = counter + 1: null

2018-11-08 14:57:05 - [TEST_STEP][PASSED] - Statement - PreSaveFile = new java.io.File(((pathPrefix + java.lang.Integer.toString(counter)) + .png)): null

2018-11-08 14:57:05 - [TEST_STEP][PASSED] - Statement - counter = counter + 1: null

2018-11-08 14:57:05 - [TEST_STEP][PASSED] - Statement - PreSaveFile = new java.io.File(((pathPrefix + java.lang.Integer.toString(counter)) + .png)): null

2018-11-08 14:57:06 - [TEST_STEP][PASSED] - Statement - counter = counter + 1: null

2018-11-08 14:57:06 - [TEST_STEP][PASSED] - Statement - PreSaveFile = new java.io.File(((pathPrefix + java.lang.Integer.toString(counter)) + .png)): null

2018-11-08 14:57:06 - [TEST_STEP][PASSED] - Statement - counter = counter + 1: null

2018-11-08 14:57:06 - [TEST_STEP][PASSED] - Statement - PreSaveFile = new java.io.File(((pathPrefix + java.lang.Integer.toString(counter)) + .png)): null

2018-11-08 14:57:06 - [TEST_STEP][PASSED] - Statement - counter = counter + 1: null

2018-11-08 14:57:06 - [TEST_STEP][PASSED] - Statement - PreSaveFile = new java.io.File(((pathPrefix + java.lang.Integer.toString(counter)) + .png)): null

2018-11-08 14:57:06 - [TEST_STEP][PASSED] - Statement - counter = counter + 1: null

2018-11-08 14:57:06 - [TEST_STEP][PASSED] - Statement - PreSaveFile = new java.io.File(((pathPrefix + java.lang.Integer.toString(counter)) + .png)): null

2018-11-08 14:57:06 - [TEST_STEP][PASSED] - Statement - counter = counter + 1: null

2018-11-08 14:57:06 - [TEST_STEP][PASSED] - Statement - PreSaveFile = new java.io.File(((pathPrefix + java.lang.Integer.toString(counter)) + .png)): null

2018-11-08 14:57:06 - [TEST_STEP][PASSED] - Statement - counter = counter + 1: null

2018-11-08 14:57:06 - [TEST_STEP][PASSED] - Statement - PreSaveFile = new java.io.File(((pathPrefix + java.lang.Integer.toString(counter)) + .png)): null

2018-11-08 14:57:06 - [TEST_STEP][PASSED] - Statement - counter = counter + 1: null

2018-11-08 14:57:06 - [TEST_STEP][PASSED] - Statement - PreSaveFile = new java.io.File(((pathPrefix + java.lang.Integer.toString(counter)) + .png)): null

2018-11-08 14:57:06 - [TEST_STEP][PASSED] - Statement - counter = counter + 1: null

2018-11-08 14:57:06 - [TEST_STEP][PASSED] - Statement - PreSaveFile = new java.io.File(((pathPrefix + java.lang.Integer.toString(counter)) + .png)): null

2018-11-08 14:57:06 - [TEST_STEP][PASSED] - Statement - counter = counter + 1: null

2018-11-08 14:57:06 - [TEST_STEP][PASSED] - Statement - PreSaveFile = new java.io.File(((pathPrefix + java.lang.Integer.toString(counter)) + .png)): null

2018-11-08 14:57:06 - [TEST_STEP][PASSED] - Statement - counter = counter + 1: null

2018-11-08 14:57:06 - [TEST_STEP][PASSED] - Statement - PreSaveFile = new java.io.File(((pathPrefix + java.lang.Integer.toString(counter)) + .png)): null

2018-11-08 14:57:06 - [TEST_STEP][PASSED] - Statement - counter = counter + 1: null

2018-11-08 14:57:06 - [TEST_STEP][PASSED] - Statement - PreSaveFile = new java.io.File(((pathPrefix + java.lang.Integer.toString(counter)) + .png)): null

2018-11-08 14:57:06 - [TEST_STEP][PASSED] - Statement - counter = counter + 1: null

2018-11-08 14:57:07 - [TEST_STEP][PASSED] - Statement - PreSaveFile = new java.io.File(((pathPrefix + java.lang.Integer.toString(counter)) + .png)): null

2018-11-08 14:57:07 - [TEST_STEP][PASSED] - Statement - counter = counter + 1: null

2018-11-08 14:57:07 - [TEST_STEP][PASSED] - Statement - PreSaveFile = new java.io.File(((pathPrefix + java.lang.Integer.toString(counter)) + .png)): null

2018-11-08 14:57:07 - [TEST_STEP][PASSED] - Statement - counter = counter + 1: null

2018-11-08 14:57:07 - [TEST_STEP][PASSED] - Statement - PreSaveFile = new java.io.File(((pathPrefix + java.lang.Integer.toString(counter)) + .png)): null

2018-11-08 14:57:07 - [TEST_STEP][PASSED] - Statement - counter = counter + 1: null

2018-11-08 14:57:07 - [TEST_STEP][PASSED] - Statement - PreSaveFile = new java.io.File(((pathPrefix + java.lang.Integer.toString(counter)) + .png)): null

2018-11-08 14:57:07 - [TEST_STEP][PASSED] - Statement - counter = counter + 1: null

2018-11-08 14:57:07 - [TEST_STEP][PASSED] - Statement - PreSaveFile = new java.io.File(((pathPrefix + java.lang.Integer.toString(counter)) + .png)): null

2018-11-08 14:57:08 - [TEST_STEP][PASSED] - Statement - counter = counter + 1: null

2018-11-08 14:57:08 - [TEST_STEP][PASSED] - Statement - PreSaveFile = new java.io.File(((pathPrefix + java.lang.Integer.toString(counter)) + .png)): null

2018-11-08 14:57:08 - [TEST_STEP][PASSED] - Statement - counter = counter + 1: null

2018-11-08 14:57:08 - [TEST_STEP][PASSED] - Statement - PreSaveFile = new java.io.File(((pathPrefix + java.lang.Integer.toString(counter)) + .png)): null

2018-11-08 14:57:08 - [TEST_STEP][PASSED] - Statement - counter = counter + 1: null

2018-11-08 14:57:08 - [TEST_STEP][PASSED] - Statement - PreSaveFile = new java.io.File(((pathPrefix + java.lang.Integer.toString(counter)) + .png)): null

2018-11-08 14:57:08 - [TEST_STEP][PASSED] - Statement - counter = counter + 1: null

2018-11-08 14:57:08 - [TEST_STEP][PASSED] - Statement - PreSaveFile = new java.io.File(((pathPrefix + java.lang.Integer.toString(counter)) + .png)): null

2018-11-08 14:57:08 - [TEST_STEP][PASSED] - Statement - counter = counter + 1: null

2018-11-08 14:57:08 - [TEST_STEP][PASSED] - Statement - PreSaveFile = new java.io.File(((pathPrefix + java.lang.Integer.toString(counter)) + .png)): null

2018-11-08 14:57:08 - [TEST_STEP][PASSED] - Statement - counter = counter + 1: null

2018-11-08 14:57:08 - [TEST_STEP][PASSED] - Statement - PreSaveFile = new java.io.File(((pathPrefix + java.lang.Integer.toString(counter)) + .png)): null

2018-11-08 14:57:08 - [TEST_STEP][PASSED] - Statement - counter = counter + 1: null

2018-11-08 14:57:08 - [TEST_STEP][PASSED] - Statement - PreSaveFile = new java.io.File(((pathPrefix + java.lang.Integer.toString(counter)) + .png)): null

2018-11-08 14:57:08 - [TEST_STEP][PASSED] - Statement - counter = counter + 1: null

2018-11-08 14:57:08 - [TEST_STEP][PASSED] - Statement - PreSaveFile = new java.io.File(((pathPrefix + java.lang.Integer.toString(counter)) + .png)): null

2018-11-08 14:57:08 - [TEST_STEP][PASSED] - Statement - counter = counter + 1: null

2018-11-08 14:57:08 - [TEST_STEP][PASSED] - Statement - PreSaveFile = new java.io.File(((pathPrefix + java.lang.Integer.toString(counter)) + .png)): null

2018-11-08 14:57:08 - [TEST_STEP][PASSED] - Statement - counter = counter + 1: null

2018-11-08 14:57:08 - [TEST_STEP][PASSED] - Statement - PreSaveFile = new java.io.File(((pathPrefix + java.lang.Integer.toString(counter)) + .png)): null

2018-11-08 14:57:08 - [TEST_STEP][PASSED] - Statement - counter = counter + 1: null

2018-11-08 14:57:08 - [TEST_STEP][PASSED] - Statement - PreSaveFile = new java.io.File(((pathPrefix + java.lang.Integer.toString(counter)) + .png)): null

2018-11-08 14:57:08 - [TEST_STEP][PASSED] - Statement - counter = counter + 1: null

2018-11-08 14:57:09 - [TEST_STEP][PASSED] - Statement - PreSaveFile = new java.io.File(((pathPrefix + java.lang.Integer.toString(counter)) + .png)): null

2018-11-08 14:57:09 - [TEST_STEP][PASSED] - Statement - counter = counter + 1: null

2018-11-08 14:57:09 - [TEST_STEP][PASSED] - Statement - PreSaveFile = new java.io.File(((pathPrefix + java.lang.Integer.toString(counter)) + .png)): null

2018-11-08 14:57:09 - [TEST_STEP][PASSED] - Statement - counter = counter + 1: null

2018-11-08 14:57:09 - [TEST_STEP][PASSED] - Statement - PreSaveFile = new java.io.File(((pathPrefix + java.lang.Integer.toString(counter)) + .png)): null

2018-11-08 14:57:09 - [TEST_STEP][PASSED] - Statement - counter = counter + 1: null

2018-11-08 14:57:09 - [TEST_STEP][PASSED] - Statement - PreSaveFile = new java.io.File(((pathPrefix + java.lang.Integer.toString(counter)) + .png)): null

2018-11-08 14:57:09 - [TEST_STEP][PASSED] - Statement - counter = counter + 1: null

2018-11-08 14:57:09 - [TEST_STEP][PASSED] - Statement - PreSaveFile = new java.io.File(((pathPrefix + java.lang.Integer.toString(counter)) + .png)): null

2018-11-08 14:57:09 - [TEST_STEP][PASSED] - Statement - counter = counter + 1: null

2018-11-08 14:57:10 - [TEST_STEP][PASSED] - Statement - PreSaveFile = new java.io.File(((pathPrefix + java.lang.Integer.toString(counter)) + .png)): null

2018-11-08 14:57:10 - [TEST_STEP][PASSED] - Statement - counter = counter + 1: null

2018-11-08 14:57:10 - [TEST_STEP][PASSED] - Statement - PreSaveFile = new java.io.File(((pathPrefix + java.lang.Integer.toString(counter)) + .png)): null

2018-11-08 14:57:10 - [TEST_STEP][PASSED] - Statement - counter = counter + 1: null

2018-11-08 14:57:10 - [TEST_STEP][PASSED] - Statement - PreSaveFile = new java.io.File(((pathPrefix + java.lang.Integer.toString(counter)) + .png)): null

2018-11-08 14:57:10 - [TEST_STEP][PASSED] - Statement - counter = counter + 1: null

2018-11-08 14:57:10 - [TEST_STEP][PASSED] - Statement - PreSaveFile = new java.io.File(((pathPrefix + java.lang.Integer.toString(counter)) + .png)): null

2018-11-08 14:57:10 - [TEST_STEP][PASSED] - Statement - counter = counter + 1: null

2018-11-08 14:57:10 - [TEST_STEP][PASSED] - Statement - PreSaveFile = new java.io.File(((pathPrefix + java.lang.Integer.toString(counter)) + .png)): null

2018-11-08 14:57:10 - [TEST_STEP][PASSED] - Statement - counter = counter + 1: null

2018-11-08 14:57:10 - [TEST_STEP][PASSED] - Statement - PreSaveFile = new java.io.File(((pathPrefix + java.lang.Integer.toString(counter)) + .png)): null

2018-11-08 14:57:10 - [TEST_STEP][PASSED] - Statement - counter = counter + 1: null

2018-11-08 14:57:10 - [TEST_STEP][PASSED] - Statement - PreSaveFile = new java.io.File(((pathPrefix + java.lang.Integer.toString(counter)) + .png)): null

2018-11-08 14:57:10 - [TEST_STEP][PASSED] - Statement - counter = counter + 1: null

2018-11-08 14:57:10 - [TEST_STEP][PASSED] - Statement - PreSaveFile = new java.io.File(((pathPrefix + java.lang.Integer.toString(counter)) + .png)): null

2018-11-08 14:57:10 - [TEST_STEP][PASSED] - Statement - counter = counter + 1: null

2018-11-08 14:57:10 - [TEST_STEP][PASSED] - Statement - PreSaveFile = new java.io.File(((pathPrefix + java.lang.Integer.toString(counter)) + .png)): null

2018-11-08 14:57:10 - [TEST_STEP][PASSED] - Statement - finalPath = pathPrefix + java.lang.Integer.toString(counter) + ".png": null

2018-11-08 14:57:11 - [TEST_STEP][PASSED] - Statement - SaveFile = new java.io.File(finalPath): null

2018-11-08 14:57:11 - [TEST_STEP][PASSED] - Statement - Try: null

2018-11-08 14:57:11 - [TEST_STEP][PASSED] - Statement - org.apache.commons.io.FileUtils.copyFile(scrFile, SaveFile): null

2018-11-08 14:57:11 - [TEST_STEP][PASSED] - Statement - out.println("file kept"): null

2018-11-08 14:57:11 - [TEST_STEP][PASSED] - delay: Delayed 10 second(s)

2018-11-08 14:57:21 - [MESSAGE][PASSED] - Delayed 10 second(s)

2018-11-08 14:57:21 - [MESSAGE][PASSED] - Call Test Case 'Test Cases/Final Aug 2018 - PKS Automation/Registration Module/New Registration/Submit and Screenshot/Submit Registration and Screenshot' successfully

2018-11-08 14:57:21 - [TEST_STEP][PASSED] - callTestCase: Call Test Case 'Test Cases/Final Aug 2018 - PKS Automation/Registration Module/Log Out/log out avoiding katalon tagging' successfully

2018-11-08 14:57:21 - [TEST_CASE][PASSED] - Test Cases/Final Aug 2018 - PKS Automation/Registration Module/Log Out/log out avoiding katalon tagging: Test Cases/Final Aug 2018 - PKS Automation/Registration Module/Log Out/log out avoiding katalon tagging

2018-11-08 14:57:22 - [TEST_STEP][PASSED] - navigateToUrl: Navigate to 'https://assist2-uat.perkeso.gov.my/c/portal/logout' successfully

2018-11-08 14:57:23 - [MESSAGE][PASSED] - Navigate to 'https://assist2-uat.perkeso.gov.my/c/portal/logout' successfully

2018-11-08 14:57:23 - [MESSAGE][PASSED] - Call Test Case 'Test Cases/Final Aug 2018 - PKS Automation/Registration Module/Log Out/log out avoiding katalon tagging' successfully

2018-11-08 14:57:23 - [TEST_STEP][PASSED] - callTestCase: Call Test Case 'Test Cases/Final Aug 2018 - PKS Automation/Common/Workflow Owner Finder' successfully

2018-11-08 14:57:23 - [TEST_CASE][PASSED] - Test Cases/Final Aug 2018 - PKS Automation/Common/Workflow Owner Finder: Test Cases/Final Aug 2018 - PKS Automation/Common/Workflow Owner Finder

2018-11-08 14:57:23 - [TEST_STEP][PASSED] - openBrowser: Browser is opened with url: ''

2018-11-08 14:57:23 - [MESSAGE][WARNING] - A browser is already opened. Closing browser and opening a new one

2018-11-08 14:57:28 - [MESSAGE][PASSED] - Browser is opened with url: ''

2018-11-08 14:57:28 - [TEST_STEP][PASSED] - navigateToUrl: Navigate to 'https://assist2-uat.perkeso.gov.my/login' successfully

2018-11-08 14:57:31 - [MESSAGE][PASSED] - Navigate to 'https://assist2-uat.perkeso.gov.my/login' successfully

2018-11-08 14:57:31 - [TEST_STEP][PASSED] - delay: Delayed 5 second(s)

2018-11-08 14:57:36 - [MESSAGE][PASSED] - Delayed 5 second(s)

2018-11-08 14:57:36 - [TEST_STEP][PASSED] - setText: Text 'test@liferay.com' is set on object 'Object Repository/Final Object Repo/Login Page/Internal User/Email Address'

2018-11-08 14:57:36 - [MESSAGE][PASSED] - Text 'test@liferay.com' is set on object 'Object Repository/Final Object Repo/Login Page/Internal User/Email Address'

2018-11-08 14:57:36 - [TEST_STEP][PASSED] - click: Object: 'Object Repository/Final Object Repo/Login Page/Internal User/Next Button' is clicked on

2018-11-08 14:57:37 - [MESSAGE][PASSED] - Object: 'Object Repository/Final Object Repo/Login Page/Internal User/Next Button' is clicked on

2018-11-08 14:57:37 - [TEST_STEP][PASSED] - delay: Delayed 2 second(s)

2018-11-08 14:57:39 - [MESSAGE][PASSED] - Delayed 2 second(s)

2018-11-08 14:57:39 - [TEST_STEP][PASSED] - setText: Text 'test' is set on object 'Object Repository/Final Object Repo/Login Page/Internal User/Password'

2018-11-08 14:57:39 - [MESSAGE][PASSED] - Text 'test' is set on object 'Object Repository/Final Object Repo/Login Page/Internal User/Password'

2018-11-08 14:57:39 - [TEST_STEP][PASSED] - delay: Delayed 2 second(s)

2018-11-08 14:57:41 - [MESSAGE][PASSED] - Delayed 2 second(s)

2018-11-08 14:57:41 - [TEST_STEP][PASSED] - click: Object: 'Object Repository/Final Object Repo/Login Page/Internal User/Login Button' is clicked on

2018-11-08 14:57:45 - [MESSAGE][PASSED] - Object: 'Object Repository/Final Object Repo/Login Page/Internal User/Login Button' is clicked on

2018-11-08 14:57:45 - [TEST_STEP][PASSED] - Statement - Try: Delayed 2 second(s)

2018-11-08 14:57:45 - [TEST_STEP][PASSED] - Statement - Checker = false: null

2018-11-08 14:57:45 - [TEST_STEP][PASSED] - Statement - Checker = com.kms.katalon.core.webui.keyword.WebUiBuiltInKeywords.verifyElementHasAttribute(com.kms.katalon.core.testobject.ObjectRepository.findTestObject(Final Object Repo/Landing Page/BM Detecting), "href", 20, OPTIONAL): Object 'Object Repository/Final Object Repo/Landing Page/BM Detecting' has attribute 'href'

2018-11-08 14:57:45 - [MESSAGE][PASSED] - Object 'Object Repository/Final Object Repo/Landing Page/BM Detecting' has attribute 'href'

2018-11-08 14:57:45 - [TEST_STEP][PASSED] - Statement - out.println(Checker): null

2018-11-08 14:57:45 - [TEST_STEP][PASSED] - Statement - If (Checker == false): null

2018-11-08 14:57:45 - [TEST_STEP][PASSED] - Statement - Else: null

2018-11-08 14:57:45 - [TEST_STEP][PASSED] - delay: Delayed 2 second(s)

2018-11-08 14:57:47 - [MESSAGE][PASSED] - Delayed 2 second(s)

2018-11-08 14:57:47 - [TEST_STEP][PASSED] - delay: Delayed 3 second(s)

2018-11-08 14:57:50 - [MESSAGE][PASSED] - Delayed 3 second(s)

2018-11-08 14:57:50 - [TEST_STEP][PASSED] - mouseOver: Object: 'Object Repository/Final Object Repo/Landing Page/WorkFlow Menu' is hovered

2018-11-08 14:57:50 - [MESSAGE][PASSED] - Object: 'Object Repository/Final Object Repo/Landing Page/WorkFlow Menu' is hovered

2018-11-08 14:57:50 - [TEST_STEP][PASSED] - delay: Delayed 2 second(s)

2018-11-08 14:57:52 - [MESSAGE][PASSED] - Delayed 2 second(s)

2018-11-08 14:57:52 - [TEST_STEP][PASSED] - click: Object: 'Object Repository/Final Object Repo/Landing Page/Select to Workflow Listing' is clicked on

2018-11-08 14:57:54 - [MESSAGE][PASSED] - Object: 'Object Repository/Final Object Repo/Landing Page/Select to Workflow Listing' is clicked on

2018-11-08 14:57:54 - [TEST_STEP][PASSED] - delay: Delayed 2 second(s)

2018-11-08 14:57:56 - [MESSAGE][PASSED] - Delayed 2 second(s)

2018-11-08 14:57:56 - [TEST_STEP][PASSED] - click: Object: 'Object Repository/Final Object Repo/WorkFlow Listing Page/Search Information - To Put Ref No' is clicked on

2018-11-08 14:57:56 - [MESSAGE][PASSED] - Object: 'Object Repository/Final Object Repo/WorkFlow Listing Page/Search Information - To Put Ref No' is clicked on

2018-11-08 14:57:56 - [TEST_STEP][PASSED] - delay: Delayed 2 second(s)

2018-11-08 14:57:58 - [MESSAGE][PASSED] - Delayed 2 second(s)

2018-11-08 14:57:58 - [TEST_STEP][PASSED] - callTestCase: Call Test Case 'Test Cases/Final Aug 2018 - PKS Automation/Common/Reference Number Getter' successfully

2018-11-08 14:57:58 - [TEST_CASE][PASSED] - Test Cases/Final Aug 2018 - PKS Automation/Common/Reference Number Getter: Test Cases/Final Aug 2018 - PKS Automation/Common/Reference Number Getter

2018-11-08 14:57:59 - [TEST_STEP][PASSED] - Statement - Try: null

2018-11-08 14:57:59 - [TEST_STEP][PASSED] - Statement - RefNo = new java.io.File(C://KatalonReference.txt): null

2018-11-08 14:57:59 - [TEST_STEP][PASSED] - Statement - bufferread = new java.io.BufferedReader(new java.io.FileReader(RefNo)): null

2018-11-08 14:57:59 - [TEST_STEP][PASSED] - Statement - readedVal = bufferread.readLine(): null

2018-11-08 14:57:59 - [TEST_STEP][PASSED] - Statement - out.println(CaseReferenceNo): null

2018-11-08 14:57:59 - [TEST_STEP][PASSED] - Statement - out.println(readedVal): null

2018-11-08 14:57:59 - [TEST_STEP][PASSED] - Statement - CaseReferenceNo = readedVal: null

2018-11-08 14:57:59 - [MESSAGE][PASSED] - Call Test Case 'Test Cases/Final Aug 2018 - PKS Automation/Common/Reference Number Getter' successfully

2018-11-08 14:57:59 - [TEST_STEP][PASSED] - setText: Text 'CRN11201800122419' is set on object 'Object Repository/Final Object Repo/WorkFlow Listing Page/Ref No Set Text'

2018-11-08 14:57:59 - [MESSAGE][PASSED] - Text 'CRN11201800122419' is set on object 'Object Repository/Final Object Repo/WorkFlow Listing Page/Ref No Set Text'

2018-11-08 14:57:59 - [TEST_STEP][PASSED] - delay: Delayed 2 second(s)

2018-11-08 14:58:01 - [MESSAGE][PASSED] - Delayed 2 second(s)

2018-11-08 14:58:01 - [TEST_STEP][PASSED] - click: Object: 'Object Repository/Final Object Repo/WorkFlow Listing Page/Search Ref No Search Button' is clicked on

2018-11-08 14:58:05 - [MESSAGE][PASSED] - Object: 'Object Repository/Final Object Repo/WorkFlow Listing Page/Search Ref No Search Button' is clicked on

2018-11-08 14:58:05 - [TEST_STEP][PASSED] - delay: Delayed 4 second(s)

2018-11-08 14:58:09 - [MESSAGE][PASSED] - Delayed 4 second(s)

2018-11-08 14:58:09 - [TEST_STEP][PASSED] - click: Object: 'Object Repository/Final Object Repo/WorkFlow Listing Page/Click Continue Tooltip' is clicked on

2018-11-08 14:58:11 - [MESSAGE][PASSED] - Object: 'Object Repository/Final Object Repo/WorkFlow Listing Page/Click Continue Tooltip' is clicked on

2018-11-08 14:58:11 - [TEST_STEP][PASSED] - delay: Delayed 5 second(s)

2018-11-08 14:58:16 - [MESSAGE][PASSED] - Delayed 5 second(s)

2018-11-08 14:58:16 - [TEST_STEP][PASSED] - doubleClick: Object: 'Object Repository/Final Object Repo/WorkFlow Listing Page/Workflow Found - Listing 1' is double clicked on

2018-11-08 14:58:16 - [MESSAGE][PASSED] - Object: 'Object Repository/Final Object Repo/WorkFlow Listing Page/Workflow Found - Listing 1' is double clicked on

2018-11-08 14:58:16 - [TEST_STEP][PASSED] - Statement - println(OwnerID): null

2018-11-08 14:58:16 - [TEST_STEP][PASSED] - Statement - OwnerID = com.kms.katalon.core.webui.keyword.WebUiBuiltInKeywords.getText(com.kms.katalon.core.testobject.ObjectRepository.findTestObject(Final Object Repo/WorkFlow Listing Page/Workflow Found - Listing 1), STOP_ON_FAILURE): Text of object 'Object Repository/Final Object Repo/WorkFlow Listing Page/Workflow Found - Listing 1' is: 'JOHORpkrbo1'

2018-11-08 14:58:16 - [MESSAGE][PASSED] - Text of object 'Object Repository/Final Object Repo/WorkFlow Listing Page/Workflow Found - Listing 1' is: 'JOHORpkrbo1'

2018-11-08 14:58:16 - [TEST_STEP][PASSED] - Statement - OwnerID = OwnerID.toLowerCase() + "@gmail.com": null

2018-11-08 14:58:16 - [TEST_STEP][PASSED] - Statement - println(OwnerID): null

2018-11-08 14:58:16 - [TEST_STEP][PASSED] - delay: Delayed 2 second(s)

2018-11-08 14:58:18 - [MESSAGE][PASSED] - Delayed 2 second(s)

2018-11-08 14:58:18 - [MESSAGE][PASSED] - Call Test Case 'Test Cases/Final Aug 2018 - PKS Automation/Common/Workflow Owner Finder' successfully

2018-11-08 14:58:18 - [TEST_STEP][PASSED] - callTestCase: Call Test Case 'Test Cases/Final Aug 2018 - PKS Automation/Registration Module/Log Out/log out avoiding katalon tagging' successfully

2018-11-08 14:58:19 - [TEST_CASE][PASSED] - Test Cases/Final Aug 2018 - PKS Automation/Registration Module/Log Out/log out avoiding katalon tagging: Test Cases/Final Aug 2018 - PKS Automation/Registration Module/Log Out/log out avoiding katalon tagging

2018-11-08 14:58:19 - [TEST_STEP][PASSED] - navigateToUrl: Navigate to 'https://assist2-uat.perkeso.gov.my/c/portal/logout' successfully

2018-11-08 14:58:20 - [MESSAGE][PASSED] - Navigate to 'https://assist2-uat.perkeso.gov.my/c/portal/logout' successfully

2018-11-08 14:58:20 - [MESSAGE][PASSED] - Call Test Case 'Test Cases/Final Aug 2018 - PKS Automation/Registration Module/Log Out/log out avoiding katalon tagging' successfully

2018-11-08 14:58:20 - [TEST_STEP][PASSED] - delay: Delayed 2 second(s)

2018-11-08 14:58:22 - [MESSAGE][PASSED] - Delayed 2 second(s)

2018-11-08 14:58:22 - [TEST_STEP][PASSED] - setText: Text 'johorpkrbo1@gmail.com' is set on object 'Object Repository/Final Object Repo/Page_Update Add New Employee - ASSIST/Email TextBox'

2018-11-08 14:58:22 - [MESSAGE][PASSED] - Text 'johorpkrbo1@gmail.com' is set on object 'Object Repository/Final Object Repo/Page_Update Add New Employee - ASSIST/Email TextBox'

2018-11-08 14:58:22 - [TEST_STEP][PASSED] - click: Object: 'Object Repository/Final Object Repo/Page_Update Add New Employee - ASSIST/Next Button' is clicked on

2018-11-08 14:58:23 - [MESSAGE][PASSED] - Object: 'Object Repository/Final Object Repo/Page_Update Add New Employee - ASSIST/Next Button' is clicked on

2018-11-08 14:58:23 - [TEST_STEP][PASSED] - delay: Delayed 2 second(s)

2018-11-08 14:58:25 - [MESSAGE][PASSED] - Delayed 2 second(s)

2018-11-08 14:58:25 - [TEST_STEP][PASSED] - setText: Text 'Test1@3456789' is set on object 'Object Repository/Final Object Repo/Page_Update Add New Employee - ASSIST/Password TextBox'

2018-11-08 14:58:25 - [MESSAGE][PASSED] - Text 'Test1@3456789' is set on object 'Object Repository/Final Object Repo/Page_Update Add New Employee - ASSIST/Password TextBox'

2018-11-08 14:58:25 - [TEST_STEP][PASSED] - delay: Delayed 2 second(s)

2018-11-08 14:58:27 - [MESSAGE][PASSED] - Delayed 2 second(s)

2018-11-08 14:58:27 - [TEST_STEP][PASSED] - click: Object: 'Object Repository/Final Object Repo/Page_Update Add New Employee - ASSIST/Login Button' is clicked on

2018-11-08 14:58:29 - [MESSAGE][PASSED] - Object: 'Object Repository/Final Object Repo/Page_Update Add New Employee - ASSIST/Login Button' is clicked on

2018-11-08 14:58:29 - [TEST_STEP][PASSED] - Statement - Try: Delayed 2 second(s)

2018-11-08 14:58:29 - [TEST_STEP][PASSED] - Statement - Checker = false: null

2018-11-08 14:58:29 - [TEST_STEP][PASSED] - Statement - Checker = com.kms.katalon.core.webui.keyword.WebUiBuiltInKeywords.verifyElementHasAttribute(com.kms.katalon.core.testobject.ObjectRepository.findTestObject(Final Object Repo/Landing Page/BM Detecting), "href", 20, OPTIONAL): Object 'Object Repository/Final Object Repo/Landing Page/BM Detecting' has attribute 'href'

2018-11-08 14:58:30 - [MESSAGE][PASSED] - Object 'Object Repository/Final Object Repo/Landing Page/BM Detecting' has attribute 'href'

2018-11-08 14:58:30 - [TEST_STEP][PASSED] - Statement - out.println(Checker): null

2018-11-08 14:58:30 - [TEST_STEP][PASSED] - Statement - If (Checker == false): null

2018-11-08 14:58:30 - [TEST_STEP][PASSED] - Statement - Else: null

2018-11-08 14:58:30 - [TEST_STEP][PASSED] - delay: Delayed 2 second(s)

2018-11-08 14:58:32 - [MESSAGE][PASSED] - Delayed 2 second(s)

2018-11-08 14:58:32 - [TEST_STEP][PASSED] - delay: Delayed 2 second(s)

2018-11-08 14:58:34 - [MESSAGE][PASSED] - Delayed 2 second(s)

2018-11-08 14:58:34 - [TEST_STEP][PASSED] - click: Object: 'Object Repository/Final Object Repo/New Registration - Registration Module Pages/New Reg - OTC to RO/Special Case - All Related Objects/Expand to Search' is clicked on

2018-11-08 14:58:34 - [MESSAGE][PASSED] - Object: 'Object Repository/Final Object Repo/New Registration - Registration Module Pages/New Reg - OTC to RO/Special Case - All Related Objects/Expand to Search' is clicked on

2018-11-08 14:58:34 - [TEST_STEP][PASSED] - setText: Text 'CRN11201800122419' is set on object 'Object Repository/Final Object Repo/New Registration - Registration Module Pages/New Reg - OTC to RO/Special Case - All Related Objects/TextBox RefNo in Workbasket'

2018-11-08 14:58:34 - [MESSAGE][PASSED] - Text 'CRN11201800122419' is set on object 'Object Repository/Final Object Repo/New Registration - Registration Module Pages/New Reg - OTC to RO/Special Case - All Related Objects/TextBox RefNo in Workbasket'

2018-11-08 14:58:34 - [TEST_STEP][PASSED] - delay: Delayed 2 second(s)

2018-11-08 14:58:36 - [MESSAGE][PASSED] - Delayed 2 second(s)

2018-11-08 14:58:36 - [TEST_STEP][PASSED] - click: Object: 'Object Repository/Final Object Repo/New Registration - Registration Module Pages/New Reg - OTC to RO/Special Case - All Related Objects/Click Search' is clicked on

2018-11-08 14:58:38 - [MESSAGE][PASSED] - Object: 'Object Repository/Final Object Repo/New Registration - Registration Module Pages/New Reg - OTC to RO/Special Case - All Related Objects/Click Search' is clicked on

2018-11-08 14:58:38 - [TEST_STEP][PASSED] - delay: Delayed 2 second(s)

2018-11-08 14:58:40 - [MESSAGE][PASSED] - Delayed 2 second(s)

2018-11-08 14:58:40 - [TEST_STEP][PASSED] - click: Object: 'Object Repository/Final Object Repo/New Registration - Registration Module Pages/New Reg - OTC to RO/Special Case - All Related Objects/Click to Continue Workflow' is clicked on

2018-11-08 14:58:43 - [MESSAGE][PASSED] - Object: 'Object Repository/Final Object Repo/New Registration - Registration Module Pages/New Reg - OTC to RO/Special Case - All Related Objects/Click to Continue Workflow' is clicked on

2018-11-08 14:58:43 - [TEST_STEP][PASSED] - delay: Delayed 10 second(s)

2018-11-08 14:58:53 - [MESSAGE][PASSED] - Delayed 10 second(s)

2018-11-08 14:58:53 - [TEST_STEP][PASSED] - click: Object: 'Object Repository/Final Object Repo/Page_Update Add New Employee - ASSIST/Save  Continue Button' is clicked on

2018-11-08 14:58:54 - [MESSAGE][PASSED] - Object: 'Object Repository/Final Object Repo/Page_Update Add New Employee - ASSIST/Save  Continue Button' is clicked on

2018-11-08 14:58:54 - [TEST_STEP][PASSED] - delay: Delayed 5 second(s)

2018-11-08 14:58:59 - [MESSAGE][PASSED] - Delayed 5 second(s)

2018-11-08 14:58:59 - [TEST_STEP][PASSED] - click: Object: 'Object Repository/Final Object Repo/New Registration - Registration Module Pages/Form 2/Save and Continue Form 2' is clicked on

2018-11-08 14:59:00 - [MESSAGE][PASSED] - Object: 'Object Repository/Final Object Repo/New Registration - Registration Module Pages/Form 2/Save and Continue Form 2' is clicked on

2018-11-08 14:59:00 - [TEST_STEP][PASSED] - delay: Delayed 4 second(s)

2018-11-08 14:59:04 - [MESSAGE][PASSED] - Delayed 4 second(s)

2018-11-08 14:59:04 - [TEST_STEP][PASSED] - click: Object: 'Object Repository/Final Object Repo/Page_Update Add New Employee - ASSIST/Save  Continue Third Screen' is clicked on

2018-11-08 14:59:11 - [MESSAGE][PASSED] - Object: 'Object Repository/Final Object Repo/Page_Update Add New Employee - ASSIST/Save  Continue Third Screen' is clicked on

2018-11-08 14:59:11 - [TEST_STEP][PASSED] - delay: Delayed 4 second(s)

2018-11-08 14:59:15 - [MESSAGE][PASSED] - Delayed 4 second(s)

2018-11-08 14:59:15 - [TEST_STEP][PASSED] - click: Object: 'Object Repository/Final Object Repo/Page_Update Add New Employee - ASSIST/Save   Continue Supporting Doc Page' is clicked on

2018-11-08 14:59:20 - [MESSAGE][PASSED] - Object: 'Object Repository/Final Object Repo/Page_Update Add New Employee - ASSIST/Save   Continue Supporting Doc Page' is clicked on

2018-11-08 14:59:20 - [TEST_STEP][PASSED] - delay: Delayed 4 second(s)

2018-11-08 14:59:24 - [MESSAGE][PASSED] - Delayed 4 second(s)

2018-11-08 14:59:24 - [TEST_STEP][PASSED] - click: Object: 'Object Repository/Final Object Repo/Page_Update Add New Employee - ASSIST/Submit Button' is clicked on

2018-11-08 14:59:24 - [MESSAGE][PASSED] - Object: 'Object Repository/Final Object Repo/Page_Update Add New Employee - ASSIST/Submit Button' is clicked on

2018-11-08 14:59:24 - [TEST_STEP][PASSED] - delay: Delayed 4 second(s)

2018-11-08 14:59:28 - [MESSAGE][PASSED] - Delayed 4 second(s)

2018-11-08 14:59:28 - [TEST_STEP][PASSED] - click: Object: 'Object Repository/Final Object Repo/Page_Update Add New Employee - ASSIST/Confirm Submit Button' is clicked on

2018-11-08 14:59:34 - [MESSAGE][PASSED] - Object: 'Object Repository/Final Object Repo/Page_Update Add New Employee - ASSIST/Confirm Submit Button' is clicked on

2018-11-08 14:59:34 - [TEST_STEP][PASSED] - delay: Delayed 30 second(s)

2018-11-08 15:00:04 - [MESSAGE][PASSED] - Delayed 30 second(s)

2018-11-08 15:00:04 - [TEST_STEP][PASSED] - callTestCase: Call Test Case 'Test Cases/Final Aug 2018 - PKS Automation/Common/Screenshoting tool' successfully

2018-11-08 15:00:04 - [TEST_CASE][PASSED] - Test Cases/Final Aug 2018 - PKS Automation/Common/Screenshoting tool: Test Cases/Final Aug 2018 - PKS Automation/Common/Screenshoting tool

2018-11-08 15:00:04 - [TEST_STEP][PASSED] - delay: Delayed 15 second(s)

2018-11-08 15:00:19 - [MESSAGE][PASSED] - Delayed 15 second(s)

2018-11-08 15:00:19 - [TEST_STEP][PASSED] - Statement - driver = com.kms.katalon.core.webui.driver.DriverFactory.getWebDriver(): null

2018-11-08 15:00:19 - [TEST_STEP][PASSED] - Statement - driver.manage().timeouts().implicitlyWait(10, SECONDS): null

2018-11-08 15:00:19 - [TEST_STEP][PASSED] - Statement - PresavePath = KatalonScreenshots: null

2018-11-08 15:00:19 - [TEST_STEP][PASSED] - Statement - pathPrefix = "C:\Users\Public\Pictures\Sample Pictures\Katalon Screenshots\Automate Ending Screen": null

2018-11-08 15:00:19 - [TEST_STEP][PASSED] - Statement - finalPath = <not implemented yet for class: org.codehaus.groovy.ast.expr.EmptyExpression>: null

2018-11-08 15:00:19 - [TEST_STEP][PASSED] - Statement - scrFile = driver.getScreenshotAs(FILE): null

2018-11-08 15:00:19 - [TEST_STEP][PASSED] - Statement - PreSaveFile = new java.io.File(PresavePath): null

2018-11-08 15:00:19 - [TEST_STEP][PASSED] - Statement - counter = 0: null

2018-11-08 15:00:19 - [TEST_STEP][PASSED] - Statement - If (PreSaveFile.exists()): null

2018-11-08 15:00:19 - [TEST_STEP][PASSED] - Statement - While (PreSaveFile.exists()): null

2018-11-08 15:00:19 - [TEST_STEP][PASSED] - Statement - counter = counter + 1: null

2018-11-08 15:00:19 - [TEST_STEP][PASSED] - Statement - PreSaveFile = new java.io.File(((pathPrefix + java.lang.Integer.toString(counter)) + .png)): null

2018-11-08 15:00:19 - [TEST_STEP][PASSED] - Statement - counter = counter + 1: null

2018-11-08 15:00:19 - [TEST_STEP][PASSED] - Statement - PreSaveFile = new java.io.File(((pathPrefix + java.lang.Integer.toString(counter)) + .png)): null

2018-11-08 15:00:19 - [TEST_STEP][PASSED] - Statement - counter = counter + 1: null

2018-11-08 15:00:19 - [TEST_STEP][PASSED] - Statement - PreSaveFile = new java.io.File(((pathPrefix + java.lang.Integer.toString(counter)) + .png)): null

2018-11-08 15:00:19 - [TEST_STEP][PASSED] - Statement - counter = counter + 1: null

2018-11-08 15:00:19 - [TEST_STEP][PASSED] - Statement - PreSaveFile = new java.io.File(((pathPrefix + java.lang.Integer.toString(counter)) + .png)): null

2018-11-08 15:00:19 - [TEST_STEP][PASSED] - Statement - counter = counter + 1: null

2018-11-08 15:00:19 - [TEST_STEP][PASSED] - Statement - PreSaveFile = new java.io.File(((pathPrefix + java.lang.Integer.toString(counter)) + .png)): null

2018-11-08 15:00:19 - [TEST_STEP][PASSED] - Statement - counter = counter + 1: null

2018-11-08 15:00:19 - [TEST_STEP][PASSED] - Statement - PreSaveFile = new java.io.File(((pathPrefix + java.lang.Integer.toString(counter)) + .png)): null

2018-11-08 15:00:19 - [TEST_STEP][PASSED] - Statement - counter = counter + 1: null

2018-11-08 15:00:19 - [TEST_STEP][PASSED] - Statement - PreSaveFile = new java.io.File(((pathPrefix + java.lang.Integer.toString(counter)) + .png)): null

2018-11-08 15:00:19 - [TEST_STEP][PASSED] - Statement - counter = counter + 1: null

2018-11-08 15:00:19 - [TEST_STEP][PASSED] - Statement - PreSaveFile = new java.io.File(((pathPrefix + java.lang.Integer.toString(counter)) + .png)): null

2018-11-08 15:00:19 - [TEST_STEP][PASSED] - Statement - counter = counter + 1: null

2018-11-08 15:00:19 - [TEST_STEP][PASSED] - Statement - PreSaveFile = new java.io.File(((pathPrefix + java.lang.Integer.toString(counter)) + .png)): null

2018-11-08 15:00:19 - [TEST_STEP][PASSED] - Statement - counter = counter + 1: null

2018-11-08 15:00:19 - [TEST_STEP][PASSED] - Statement - PreSaveFile = new java.io.File(((pathPrefix + java.lang.Integer.toString(counter)) + .png)): null

2018-11-08 15:00:19 - [TEST_STEP][PASSED] - Statement - counter = counter + 1: null

2018-11-08 15:00:19 - [TEST_STEP][PASSED] - Statement - PreSaveFile = new java.io.File(((pathPrefix + java.lang.Integer.toString(counter)) + .png)): null

2018-11-08 15:00:19 - [TEST_STEP][PASSED] - Statement - counter = counter + 1: null

2018-11-08 15:00:19 - [TEST_STEP][PASSED] - Statement - PreSaveFile = new java.io.File(((pathPrefix + java.lang.Integer.toString(counter)) + .png)): null

2018-11-08 15:00:19 - [TEST_STEP][PASSED] - Statement - counter = counter + 1: null

2018-11-08 15:00:19 - [TEST_STEP][PASSED] - Statement - PreSaveFile = new java.io.File(((pathPrefix + java.lang.Integer.toString(counter)) + .png)): null

2018-11-08 15:00:19 - [TEST_STEP][PASSED] - Statement - counter = counter + 1: null

2018-11-08 15:00:19 - [TEST_STEP][PASSED] - Statement - PreSaveFile = new java.io.File(((pathPrefix + java.lang.Integer.toString(counter)) + .png)): null

2018-11-08 15:00:19 - [TEST_STEP][PASSED] - Statement - counter = counter + 1: null

2018-11-08 15:00:19 - [TEST_STEP][PASSED] - Statement - PreSaveFile = new java.io.File(((pathPrefix + java.lang.Integer.toString(counter)) + .png)): null

2018-11-08 15:00:19 - [TEST_STEP][PASSED] - Statement - counter = counter + 1: null

2018-11-08 15:00:19 - [TEST_STEP][PASSED] - Statement - PreSaveFile = new java.io.File(((pathPrefix + java.lang.Integer.toString(counter)) + .png)): null

2018-11-08 15:00:19 - [TEST_STEP][PASSED] - Statement - counter = counter + 1: null

2018-11-08 15:00:19 - [TEST_STEP][PASSED] - Statement - PreSaveFile = new java.io.File(((pathPrefix + java.lang.Integer.toString(counter)) + .png)): null

2018-11-08 15:00:19 - [TEST_STEP][PASSED] - Statement - counter = counter + 1: null

2018-11-08 15:00:19 - [TEST_STEP][PASSED] - Statement - PreSaveFile = new java.io.File(((pathPrefix + java.lang.Integer.toString(counter)) + .png)): null

2018-11-08 15:00:19 - [TEST_STEP][PASSED] - Statement - counter = counter + 1: null

2018-11-08 15:00:19 - [TEST_STEP][PASSED] - Statement - PreSaveFile = new java.io.File(((pathPrefix + java.lang.Integer.toString(counter)) + .png)): null

2018-11-08 15:00:19 - [TEST_STEP][PASSED] - Statement - counter = counter + 1: null

2018-11-08 15:00:19 - [TEST_STEP][PASSED] - Statement - PreSaveFile = new java.io.File(((pathPrefix + java.lang.Integer.toString(counter)) + .png)): null

2018-11-08 15:00:19 - [TEST_STEP][PASSED] - Statement - counter = counter + 1: null

2018-11-08 15:00:19 - [TEST_STEP][PASSED] - Statement - PreSaveFile = new java.io.File(((pathPrefix + java.lang.Integer.toString(counter)) + .png)): null

2018-11-08 15:00:19 - [TEST_STEP][PASSED] - Statement - counter = counter + 1: null

2018-11-08 15:00:19 - [TEST_STEP][PASSED] - Statement - PreSaveFile = new java.io.File(((pathPrefix + java.lang.Integer.toString(counter)) + .png)): null

2018-11-08 15:00:19 - [TEST_STEP][PASSED] - Statement - counter = counter + 1: null

2018-11-08 15:00:19 - [TEST_STEP][PASSED] - Statement - PreSaveFile = new java.io.File(((pathPrefix + java.lang.Integer.toString(counter)) + .png)): null

2018-11-08 15:00:19 - [TEST_STEP][PASSED] - Statement - counter = counter + 1: null

2018-11-08 15:00:19 - [TEST_STEP][PASSED] - Statement - PreSaveFile = new java.io.File(((pathPrefix + java.lang.Integer.toString(counter)) + .png)): null

2018-11-08 15:00:19 - [TEST_STEP][PASSED] - Statement - counter = counter + 1: null

2018-11-08 15:00:19 - [TEST_STEP][PASSED] - Statement - PreSaveFile = new java.io.File(((pathPrefix + java.lang.Integer.toString(counter)) + .png)): null

2018-11-08 15:00:19 - [TEST_STEP][PASSED] - Statement - counter = counter + 1: null

2018-11-08 15:00:19 - [TEST_STEP][PASSED] - Statement - PreSaveFile = new java.io.File(((pathPrefix + java.lang.Integer.toString(counter)) + .png)): null

2018-11-08 15:00:20 - [TEST_STEP][PASSED] - Statement - counter = counter + 1: null

2018-11-08 15:00:20 - [TEST_STEP][PASSED] - Statement - PreSaveFile = new java.io.File(((pathPrefix + java.lang.Integer.toString(counter)) + .png)): null

2018-11-08 15:00:20 - [TEST_STEP][PASSED] - Statement - counter = counter + 1: null

2018-11-08 15:00:20 - [TEST_STEP][PASSED] - Statement - PreSaveFile = new java.io.File(((pathPrefix + java.lang.Integer.toString(counter)) + .png)): null

2018-11-08 15:00:20 - [TEST_STEP][PASSED] - Statement - counter = counter + 1: null

2018-11-08 15:00:20 - [TEST_STEP][PASSED] - Statement - PreSaveFile = new java.io.File(((pathPrefix + java.lang.Integer.toString(counter)) + .png)): null

2018-11-08 15:00:20 - [TEST_STEP][PASSED] - Statement - counter = counter + 1: null

2018-11-08 15:00:20 - [TEST_STEP][PASSED] - Statement - PreSaveFile = new java.io.File(((pathPrefix + java.lang.Integer.toString(counter)) + .png)): null

2018-11-08 15:00:20 - [TEST_STEP][PASSED] - Statement - counter = counter + 1: null

2018-11-08 15:00:20 - [TEST_STEP][PASSED] - Statement - PreSaveFile = new java.io.File(((pathPrefix + java.lang.Integer.toString(counter)) + .png)): null

2018-11-08 15:00:20 - [TEST_STEP][PASSED] - Statement - counter = counter + 1: null

2018-11-08 15:00:20 - [TEST_STEP][PASSED] - Statement - PreSaveFile = new java.io.File(((pathPrefix + java.lang.Integer.toString(counter)) + .png)): null

2018-11-08 15:00:20 - [TEST_STEP][PASSED] - Statement - counter = counter + 1: null

2018-11-08 15:00:20 - [TEST_STEP][PASSED] - Statement - PreSaveFile = new java.io.File(((pathPrefix + java.lang.Integer.toString(counter)) + .png)): null

2018-11-08 15:00:21 - [TEST_STEP][PASSED] - Statement - counter = counter + 1: null

2018-11-08 15:00:21 - [TEST_STEP][PASSED] - Statement - PreSaveFile = new java.io.File(((pathPrefix + java.lang.Integer.toString(counter)) + .png)): null

2018-11-08 15:00:21 - [TEST_STEP][PASSED] - Statement - counter = counter + 1: null

2018-11-08 15:00:21 - [TEST_STEP][PASSED] - Statement - PreSaveFile = new java.io.File(((pathPrefix + java.lang.Integer.toString(counter)) + .png)): null

2018-11-08 15:00:21 - [TEST_STEP][PASSED] - Statement - counter = counter + 1: null

2018-11-08 15:00:21 - [TEST_STEP][PASSED] - Statement - PreSaveFile = new java.io.File(((pathPrefix + java.lang.Integer.toString(counter)) + .png)): null

2018-11-08 15:00:21 - [TEST_STEP][PASSED] - Statement - counter = counter + 1: null

2018-11-08 15:00:21 - [TEST_STEP][PASSED] - Statement - PreSaveFile = new java.io.File(((pathPrefix + java.lang.Integer.toString(counter)) + .png)): null

2018-11-08 15:00:21 - [TEST_STEP][PASSED] - Statement - counter = counter + 1: null

2018-11-08 15:00:21 - [TEST_STEP][PASSED] - Statement - PreSaveFile = new java.io.File(((pathPrefix + java.lang.Integer.toString(counter)) + .png)): null

2018-11-08 15:00:22 - [TEST_STEP][PASSED] - Statement - counter = counter + 1: null

2018-11-08 15:00:22 - [TEST_STEP][PASSED] - Statement - PreSaveFile = new java.io.File(((pathPrefix + java.lang.Integer.toString(counter)) + .png)): null

2018-11-08 15:00:22 - [TEST_STEP][PASSED] - Statement - counter = counter + 1: null

2018-11-08 15:00:22 - [TEST_STEP][PASSED] - Statement - PreSaveFile = new java.io.File(((pathPrefix + java.lang.Integer.toString(counter)) + .png)): null

2018-11-08 15:00:22 - [TEST_STEP][PASSED] - Statement - counter = counter + 1: null

2018-11-08 15:00:22 - [TEST_STEP][PASSED] - Statement - PreSaveFile = new java.io.File(((pathPrefix + java.lang.Integer.toString(counter)) + .png)): null

2018-11-08 15:00:22 - [TEST_STEP][PASSED] - Statement - counter = counter + 1: null

2018-11-08 15:00:22 - [TEST_STEP][PASSED] - Statement - PreSaveFile = new java.io.File(((pathPrefix + java.lang.Integer.toString(counter)) + .png)): null

2018-11-08 15:00:22 - [TEST_STEP][PASSED] - Statement - counter = counter + 1: null

2018-11-08 15:00:22 - [TEST_STEP][PASSED] - Statement - PreSaveFile = new java.io.File(((pathPrefix + java.lang.Integer.toString(counter)) + .png)): null

2018-11-08 15:00:22 - [TEST_STEP][PASSED] - Statement - counter = counter + 1: null

2018-11-08 15:00:22 - [TEST_STEP][PASSED] - Statement - PreSaveFile = new java.io.File(((pathPrefix + java.lang.Integer.toString(counter)) + .png)): null

2018-11-08 15:00:22 - [TEST_STEP][PASSED] - Statement - counter = counter + 1: null

2018-11-08 15:00:22 - [TEST_STEP][PASSED] - Statement - PreSaveFile = new java.io.File(((pathPrefix + java.lang.Integer.toString(counter)) + .png)): null

2018-11-08 15:00:22 - [TEST_STEP][PASSED] - Statement - counter = counter + 1: null

2018-11-08 15:00:22 - [TEST_STEP][PASSED] - Statement - PreSaveFile = new java.io.File(((pathPrefix + java.lang.Integer.toString(counter)) + .png)): null

2018-11-08 15:00:22 - [TEST_STEP][PASSED] - Statement - counter = counter + 1: null

2018-11-08 15:00:22 - [TEST_STEP][PASSED] - Statement - PreSaveFile = new java.io.File(((pathPrefix + java.lang.Integer.toString(counter)) + .png)): null

2018-11-08 15:00:22 - [TEST_STEP][PASSED] - Statement - counter = counter + 1: null

2018-11-08 15:00:22 - [TEST_STEP][PASSED] - Statement - PreSaveFile = new java.io.File(((pathPrefix + java.lang.Integer.toString(counter)) + .png)): null

2018-11-08 15:00:22 - [TEST_STEP][PASSED] - Statement - counter = counter + 1: null

2018-11-08 15:00:22 - [TEST_STEP][PASSED] - Statement - PreSaveFile = new java.io.File(((pathPrefix + java.lang.Integer.toString(counter)) + .png)): null

2018-11-08 15:00:22 - [TEST_STEP][PASSED] - Statement - counter = counter + 1: null

2018-11-08 15:00:22 - [TEST_STEP][PASSED] - Statement - PreSaveFile = new java.io.File(((pathPrefix + java.lang.Integer.toString(counter)) + .png)): null

2018-11-08 15:00:23 - [TEST_STEP][PASSED] - Statement - counter = counter + 1: null

2018-11-08 15:00:23 - [TEST_STEP][PASSED] - Statement - PreSaveFile = new java.io.File(((pathPrefix + java.lang.Integer.toString(counter)) + .png)): null

2018-11-08 15:00:23 - [TEST_STEP][PASSED] - Statement - counter = counter + 1: null

2018-11-08 15:00:23 - [TEST_STEP][PASSED] - Statement - PreSaveFile = new java.io.File(((pathPrefix + java.lang.Integer.toString(counter)) + .png)): null

2018-11-08 15:00:23 - [TEST_STEP][PASSED] - Statement - counter = counter + 1: null

2018-11-08 15:00:23 - [TEST_STEP][PASSED] - Statement - PreSaveFile = new java.io.File(((pathPrefix + java.lang.Integer.toString(counter)) + .png)): null

2018-11-08 15:00:23 - [TEST_STEP][PASSED] - Statement - counter = counter + 1: null

2018-11-08 15:00:23 - [TEST_STEP][PASSED] - Statement - PreSaveFile = new java.io.File(((pathPrefix + java.lang.Integer.toString(counter)) + .png)): null

2018-11-08 15:00:23 - [TEST_STEP][PASSED] - Statement - counter = counter + 1: null

2018-11-08 15:00:23 - [TEST_STEP][PASSED] - Statement - PreSaveFile = new java.io.File(((pathPrefix + java.lang.Integer.toString(counter)) + .png)): null

2018-11-08 15:00:24 - [TEST_STEP][PASSED] - Statement - counter = counter + 1: null

2018-11-08 15:00:24 - [TEST_STEP][PASSED] - Statement - PreSaveFile = new java.io.File(((pathPrefix + java.lang.Integer.toString(counter)) + .png)): null

2018-11-08 15:00:24 - [TEST_STEP][PASSED] - Statement - counter = counter + 1: null

2018-11-08 15:00:24 - [TEST_STEP][PASSED] - Statement - PreSaveFile = new java.io.File(((pathPrefix + java.lang.Integer.toString(counter)) + .png)): null

2018-11-08 15:00:24 - [TEST_STEP][PASSED] - Statement - counter = counter + 1: null

2018-11-08 15:00:24 - [TEST_STEP][PASSED] - Statement - PreSaveFile = new java.io.File(((pathPrefix + java.lang.Integer.toString(counter)) + .png)): null

2018-11-08 15:00:24 - [TEST_STEP][PASSED] - Statement - counter = counter + 1: null

2018-11-08 15:00:24 - [TEST_STEP][PASSED] - Statement - PreSaveFile = new java.io.File(((pathPrefix + java.lang.Integer.toString(counter)) + .png)): null

2018-11-08 15:00:24 - [TEST_STEP][PASSED] - Statement - counter = counter + 1: null

2018-11-08 15:00:24 - [TEST_STEP][PASSED] - Statement - PreSaveFile = new java.io.File(((pathPrefix + java.lang.Integer.toString(counter)) + .png)): null

2018-11-08 15:00:24 - [TEST_STEP][PASSED] - Statement - counter = counter + 1: null

2018-11-08 15:00:24 - [TEST_STEP][PASSED] - Statement - PreSaveFile = new java.io.File(((pathPrefix + java.lang.Integer.toString(counter)) + .png)): null

2018-11-08 15:00:24 - [TEST_STEP][PASSED] - Statement - counter = counter + 1: null

2018-11-08 15:00:24 - [TEST_STEP][PASSED] - Statement - PreSaveFile = new java.io.File(((pathPrefix + java.lang.Integer.toString(counter)) + .png)): null

2018-11-08 15:00:24 - [TEST_STEP][PASSED] - Statement - counter = counter + 1: null

2018-11-08 15:00:24 - [TEST_STEP][PASSED] - Statement - PreSaveFile = new java.io.File(((pathPrefix + java.lang.Integer.toString(counter)) + .png)): null

2018-11-08 15:00:24 - [TEST_STEP][PASSED] - Statement - counter = counter + 1: null

2018-11-08 15:00:24 - [TEST_STEP][PASSED] - Statement - PreSaveFile = new java.io.File(((pathPrefix + java.lang.Integer.toString(counter)) + .png)): null

2018-11-08 15:00:24 - [TEST_STEP][PASSED] - Statement - counter = counter + 1: null

2018-11-08 15:00:24 - [TEST_STEP][PASSED] - Statement - PreSaveFile = new java.io.File(((pathPrefix + java.lang.Integer.toString(counter)) + .png)): null

2018-11-08 15:00:24 - [TEST_STEP][PASSED] - Statement - counter = counter + 1: null

2018-11-08 15:00:24 - [TEST_STEP][PASSED] - Statement - PreSaveFile = new java.io.File(((pathPrefix + java.lang.Integer.toString(counter)) + .png)): null

2018-11-08 15:00:24 - [TEST_STEP][PASSED] - Statement - counter = counter + 1: null

2018-11-08 15:00:25 - [TEST_STEP][PASSED] - Statement - PreSaveFile = new java.io.File(((pathPrefix + java.lang.Integer.toString(counter)) + .png)): null

2018-11-08 15:00:25 - [TEST_STEP][PASSED] - Statement - counter = counter + 1: null

2018-11-08 15:00:25 - [TEST_STEP][PASSED] - Statement - PreSaveFile = new java.io.File(((pathPrefix + java.lang.Integer.toString(counter)) + .png)): null

2018-11-08 15:00:25 - [TEST_STEP][PASSED] - Statement - counter = counter + 1: null

2018-11-08 15:00:25 - [TEST_STEP][PASSED] - Statement - PreSaveFile = new java.io.File(((pathPrefix + java.lang.Integer.toString(counter)) + .png)): null

2018-11-08 15:00:25 - [TEST_STEP][PASSED] - Statement - counter = counter + 1: null

2018-11-08 15:00:25 - [TEST_STEP][PASSED] - Statement - PreSaveFile = new java.io.File(((pathPrefix + java.lang.Integer.toString(counter)) + .png)): null

2018-11-08 15:00:25 - [TEST_STEP][PASSED] - Statement - counter = counter + 1: null

2018-11-08 15:00:25 - [TEST_STEP][PASSED] - Statement - PreSaveFile = new java.io.File(((pathPrefix + java.lang.Integer.toString(counter)) + .png)): null

2018-11-08 15:00:25 - [TEST_STEP][PASSED] - Statement - counter = counter + 1: null

2018-11-08 15:00:25 - [TEST_STEP][PASSED] - Statement - PreSaveFile = new java.io.File(((pathPrefix + java.lang.Integer.toString(counter)) + .png)): null

2018-11-08 15:00:25 - [TEST_STEP][PASSED] - Statement - counter = counter + 1: null

2018-11-08 15:00:25 - [TEST_STEP][PASSED] - Statement - PreSaveFile = new java.io.File(((pathPrefix + java.lang.Integer.toString(counter)) + .png)): null

2018-11-08 15:00:25 - [TEST_STEP][PASSED] - Statement - counter = counter + 1: null

2018-11-08 15:00:25 - [TEST_STEP][PASSED] - Statement - PreSaveFile = new java.io.File(((pathPrefix + java.lang.Integer.toString(counter)) + .png)): null

2018-11-08 15:00:25 - [TEST_STEP][PASSED] - Statement - counter = counter + 1: null

2018-11-08 15:00:25 - [TEST_STEP][PASSED] - Statement - PreSaveFile = new java.io.File(((pathPrefix + java.lang.Integer.toString(counter)) + .png)): null

2018-11-08 15:00:25 - [TEST_STEP][PASSED] - Statement - counter = counter + 1: null

2018-11-08 15:00:25 - [TEST_STEP][PASSED] - Statement - PreSaveFile = new java.io.File(((pathPrefix + java.lang.Integer.toString(counter)) + .png)): null

2018-11-08 15:00:25 - [TEST_STEP][PASSED] - Statement - counter = counter + 1: null

2018-11-08 15:00:25 - [TEST_STEP][PASSED] - Statement - PreSaveFile = new java.io.File(((pathPrefix + java.lang.Integer.toString(counter)) + .png)): null

2018-11-08 15:00:25 - [TEST_STEP][PASSED] - Statement - counter = counter + 1: null

2018-11-08 15:00:25 - [TEST_STEP][PASSED] - Statement - PreSaveFile = new java.io.File(((pathPrefix + java.lang.Integer.toString(counter)) + .png)): null

2018-11-08 15:00:25 - [TEST_STEP][PASSED] - Statement - counter = counter + 1: null

2018-11-08 15:00:27 - [TEST_STEP][PASSED] - Statement - PreSaveFile = new java.io.File(((pathPrefix + java.lang.Integer.toString(counter)) + .png)): null

2018-11-08 15:00:27 - [TEST_STEP][PASSED] - Statement - counter = counter + 1: null

2018-11-08 15:00:27 - [TEST_STEP][PASSED] - Statement - PreSaveFile = new java.io.File(((pathPrefix + java.lang.Integer.toString(counter)) + .png)): null

2018-11-08 15:00:27 - [TEST_STEP][PASSED] - Statement - counter = counter + 1: null

2018-11-08 15:00:27 - [TEST_STEP][PASSED] - Statement - PreSaveFile = new java.io.File(((pathPrefix + java.lang.Integer.toString(counter)) + .png)): null

2018-11-08 15:00:27 - [TEST_STEP][PASSED] - Statement - counter = counter + 1: null

2018-11-08 15:00:27 - [TEST_STEP][PASSED] - Statement - PreSaveFile = new java.io.File(((pathPrefix + java.lang.Integer.toString(counter)) + .png)): null

2018-11-08 15:00:27 - [TEST_STEP][PASSED] - Statement - counter = counter + 1: null

2018-11-08 15:00:27 - [TEST_STEP][PASSED] - Statement - PreSaveFile = new java.io.File(((pathPrefix + java.lang.Integer.toString(counter)) + .png)): null

2018-11-08 15:00:28 - [TEST_STEP][PASSED] - Statement - counter = counter + 1: null

2018-11-08 15:00:28 - [TEST_STEP][PASSED] - Statement - PreSaveFile = new java.io.File(((pathPrefix + java.lang.Integer.toString(counter)) + .png)): null

2018-11-08 15:00:28 - [TEST_STEP][PASSED] - Statement - counter = counter + 1: null

2018-11-08 15:00:28 - [TEST_STEP][PASSED] - Statement - PreSaveFile = new java.io.File(((pathPrefix + java.lang.Integer.toString(counter)) + .png)): null

2018-11-08 15:00:28 - [TEST_STEP][PASSED] - Statement - counter = counter + 1: null

2018-11-08 15:00:28 - [TEST_STEP][PASSED] - Statement - PreSaveFile = new java.io.File(((pathPrefix + java.lang.Integer.toString(counter)) + .png)): null

2018-11-08 15:00:28 - [TEST_STEP][PASSED] - Statement - counter = counter + 1: null

2018-11-08 15:00:28 - [TEST_STEP][PASSED] - Statement - PreSaveFile = new java.io.File(((pathPrefix + java.lang.Integer.toString(counter)) + .png)): null

2018-11-08 15:00:28 - [TEST_STEP][PASSED] - Statement - counter = counter + 1: null

2018-11-08 15:00:28 - [TEST_STEP][PASSED] - Statement - PreSaveFile = new java.io.File(((pathPrefix + java.lang.Integer.toString(counter)) + .png)): null

2018-11-08 15:00:29 - [TEST_STEP][PASSED] - Statement - counter = counter + 1: null

2018-11-08 15:00:29 - [TEST_STEP][PASSED] - Statement - PreSaveFile = new java.io.File(((pathPrefix + java.lang.Integer.toString(counter)) + .png)): null

2018-11-08 15:00:29 - [TEST_STEP][PASSED] - Statement - counter = counter + 1: null

2018-11-08 15:00:29 - [TEST_STEP][PASSED] - Statement - PreSaveFile = new java.io.File(((pathPrefix + java.lang.Integer.toString(counter)) + .png)): null

2018-11-08 15:00:29 - [TEST_STEP][PASSED] - Statement - counter = counter + 1: null

2018-11-08 15:00:29 - [TEST_STEP][PASSED] - Statement - PreSaveFile = new java.io.File(((pathPrefix + java.lang.Integer.toString(counter)) + .png)): null

2018-11-08 15:00:29 - [TEST_STEP][PASSED] - Statement - counter = counter + 1: null

2018-11-08 15:00:29 - [TEST_STEP][PASSED] - Statement - PreSaveFile = new java.io.File(((pathPrefix + java.lang.Integer.toString(counter)) + .png)): null

2018-11-08 15:00:29 - [TEST_STEP][PASSED] - Statement - counter = counter + 1: null

2018-11-08 15:00:30 - [TEST_STEP][PASSED] - Statement - PreSaveFile = new java.io.File(((pathPrefix + java.lang.Integer.toString(counter)) + .png)): null

2018-11-08 15:00:30 - [TEST_STEP][PASSED] - Statement - counter = counter + 1: null

2018-11-08 15:00:30 - [TEST_STEP][PASSED] - Statement - PreSaveFile = new java.io.File(((pathPrefix + java.lang.Integer.toString(counter)) + .png)): null

2018-11-08 15:00:30 - [TEST_STEP][PASSED] - Statement - counter = counter + 1: null

2018-11-08 15:00:30 - [TEST_STEP][PASSED] - Statement - PreSaveFile = new java.io.File(((pathPrefix + java.lang.Integer.toString(counter)) + .png)): null

2018-11-08 15:00:30 - [TEST_STEP][PASSED] - Statement - counter = counter + 1: null

2018-11-08 15:00:30 - [TEST_STEP][PASSED] - Statement - PreSaveFile = new java.io.File(((pathPrefix + java.lang.Integer.toString(counter)) + .png)): null

2018-11-08 15:00:30 - [TEST_STEP][PASSED] - Statement - counter = counter + 1: null

2018-11-08 15:00:30 - [TEST_STEP][PASSED] - Statement - PreSaveFile = new java.io.File(((pathPrefix + java.lang.Integer.toString(counter)) + .png)): null

2018-11-08 15:00:30 - [TEST_STEP][PASSED] - Statement - counter = counter + 1: null

2018-11-08 15:00:30 - [TEST_STEP][PASSED] - Statement - PreSaveFile = new java.io.File(((pathPrefix + java.lang.Integer.toString(counter)) + .png)): null

2018-11-08 15:00:30 - [TEST_STEP][PASSED] - Statement - counter = counter + 1: null

2018-11-08 15:00:30 - [TEST_STEP][PASSED] - Statement - PreSaveFile = new java.io.File(((pathPrefix + java.lang.Integer.toString(counter)) + .png)): null

2018-11-08 15:00:30 - [TEST_STEP][PASSED] - Statement - counter = counter + 1: null

2018-11-08 15:00:30 - [TEST_STEP][PASSED] - Statement - PreSaveFile = new java.io.File(((pathPrefix + java.lang.Integer.toString(counter)) + .png)): null

2018-11-08 15:00:30 - [TEST_STEP][PASSED] - Statement - counter = counter + 1: null

2018-11-08 15:00:30 - [TEST_STEP][PASSED] - Statement - PreSaveFile = new java.io.File(((pathPrefix + java.lang.Integer.toString(counter)) + .png)): null

2018-11-08 15:00:30 - [TEST_STEP][PASSED] - Statement - counter = counter + 1: null

2018-11-08 15:00:30 - [TEST_STEP][PASSED] - Statement - PreSaveFile = new java.io.File(((pathPrefix + java.lang.Integer.toString(counter)) + .png)): null

2018-11-08 15:00:30 - [TEST_STEP][PASSED] - Statement - counter = counter + 1: null

2018-11-08 15:00:30 - [TEST_STEP][PASSED] - Statement - PreSaveFile = new java.io.File(((pathPrefix + java.lang.Integer.toString(counter)) + .png)): null

2018-11-08 15:00:30 - [TEST_STEP][PASSED] - Statement - counter = counter + 1: null

2018-11-08 15:00:30 - [TEST_STEP][PASSED] - Statement - PreSaveFile = new java.io.File(((pathPrefix + java.lang.Integer.toString(counter)) + .png)): null

2018-11-08 15:00:30 - [TEST_STEP][PASSED] - Statement - counter = counter + 1: null

2018-11-08 15:00:31 - [TEST_STEP][PASSED] - Statement - PreSaveFile = new java.io.File(((pathPrefix + java.lang.Integer.toString(counter)) + .png)): null

2018-11-08 15:00:31 - [TEST_STEP][PASSED] - Statement - counter = counter + 1: null

2018-11-08 15:00:31 - [TEST_STEP][PASSED] - Statement - PreSaveFile = new java.io.File(((pathPrefix + java.lang.Integer.toString(counter)) + .png)): null

2018-11-08 15:00:31 - [TEST_STEP][PASSED] - Statement - counter = counter + 1: null

2018-11-08 15:00:31 - [TEST_STEP][PASSED] - Statement - PreSaveFile = new java.io.File(((pathPrefix + java.lang.Integer.toString(counter)) + .png)): null

2018-11-08 15:00:31 - [TEST_STEP][PASSED] - Statement - counter = counter + 1: null

2018-11-08 15:00:31 - [TEST_STEP][PASSED] - Statement - PreSaveFile = new java.io.File(((pathPrefix + java.lang.Integer.toString(counter)) + .png)): null

2018-11-08 15:00:31 - [TEST_STEP][PASSED] - Statement - counter = counter + 1: null

2018-11-08 15:00:31 - [TEST_STEP][PASSED] - Statement - PreSaveFile = new java.io.File(((pathPrefix + java.lang.Integer.toString(counter)) + .png)): null

2018-11-08 15:00:32 - [TEST_STEP][PASSED] - Statement - counter = counter + 1: null

2018-11-08 15:00:32 - [TEST_STEP][PASSED] - Statement - PreSaveFile = new java.io.File(((pathPrefix + java.lang.Integer.toString(counter)) + .png)): null

2018-11-08 15:00:32 - [TEST_STEP][PASSED] - Statement - counter = counter + 1: null

2018-11-08 15:00:32 - [TEST_STEP][PASSED] - Statement - PreSaveFile = new java.io.File(((pathPrefix + java.lang.Integer.toString(counter)) + .png)): null

2018-11-08 15:00:32 - [TEST_STEP][PASSED] - Statement - counter = counter + 1: null

2018-11-08 15:00:32 - [TEST_STEP][PASSED] - Statement - PreSaveFile = new java.io.File(((pathPrefix + java.lang.Integer.toString(counter)) + .png)): null

2018-11-08 15:00:32 - [TEST_STEP][PASSED] - Statement - counter = counter + 1: null

2018-11-08 15:00:32 - [TEST_STEP][PASSED] - Statement - PreSaveFile = new java.io.File(((pathPrefix + java.lang.Integer.toString(counter)) + .png)): null

2018-11-08 15:00:32 - [TEST_STEP][PASSED] - Statement - counter = counter + 1: null

2018-11-08 15:00:32 - [TEST_STEP][PASSED] - Statement - PreSaveFile = new java.io.File(((pathPrefix + java.lang.Integer.toString(counter)) + .png)): null

2018-11-08 15:00:33 - [TEST_STEP][PASSED] - Statement - counter = counter + 1: null

2018-11-08 15:00:33 - [TEST_STEP][PASSED] - Statement - PreSaveFile = new java.io.File(((pathPrefix + java.lang.Integer.toString(counter)) + .png)): null

2018-11-08 15:00:33 - [TEST_STEP][PASSED] - Statement - counter = counter + 1: null

2018-11-08 15:00:33 - [TEST_STEP][PASSED] - Statement - PreSaveFile = new java.io.File(((pathPrefix + java.lang.Integer.toString(counter)) + .png)): null

2018-11-08 15:00:33 - [TEST_STEP][PASSED] - Statement - counter = counter + 1: null

2018-11-08 15:00:33 - [TEST_STEP][PASSED] - Statement - PreSaveFile = new java.io.File(((pathPrefix + java.lang.Integer.toString(counter)) + .png)): null

2018-11-08 15:00:33 - [TEST_STEP][PASSED] - Statement - counter = counter + 1: null

2018-11-08 15:00:33 - [TEST_STEP][PASSED] - Statement - PreSaveFile = new java.io.File(((pathPrefix + java.lang.Integer.toString(counter)) + .png)): null

2018-11-08 15:00:33 - [TEST_STEP][PASSED] - Statement - counter = counter + 1: null

2018-11-08 15:00:33 - [TEST_STEP][PASSED] - Statement - PreSaveFile = new java.io.File(((pathPrefix + java.lang.Integer.toString(counter)) + .png)): null

2018-11-08 15:00:33 - [TEST_STEP][PASSED] - Statement - counter = counter + 1: null

2018-11-08 15:00:33 - [TEST_STEP][PASSED] - Statement - PreSaveFile = new java.io.File(((pathPrefix + java.lang.Integer.toString(counter)) + .png)): null

2018-11-08 15:00:33 - [TEST_STEP][PASSED] - Statement - counter = counter + 1: null

2018-11-08 15:00:33 - [TEST_STEP][PASSED] - Statement - PreSaveFile = new java.io.File(((pathPrefix + java.lang.Integer.toString(counter)) + .png)): null

2018-11-08 15:00:33 - [TEST_STEP][PASSED] - Statement - counter = counter + 1: null

2018-11-08 15:00:33 - [TEST_STEP][PASSED] - Statement - PreSaveFile = new java.io.File(((pathPrefix + java.lang.Integer.toString(counter)) + .png)): null

2018-11-08 15:00:33 - [TEST_STEP][PASSED] - Statement - counter = counter + 1: null

2018-11-08 15:00:33 - [TEST_STEP][PASSED] - Statement - PreSaveFile = new java.io.File(((pathPrefix + java.lang.Integer.toString(counter)) + .png)): null

2018-11-08 15:00:33 - [TEST_STEP][PASSED] - Statement - counter = counter + 1: null

2018-11-08 15:00:33 - [TEST_STEP][PASSED] - Statement - PreSaveFile = new java.io.File(((pathPrefix + java.lang.Integer.toString(counter)) + .png)): null

2018-11-08 15:00:33 - [TEST_STEP][PASSED] - Statement - counter = counter + 1: null

2018-11-08 15:00:33 - [TEST_STEP][PASSED] - Statement - PreSaveFile = new java.io.File(((pathPrefix + java.lang.Integer.toString(counter)) + .png)): null

2018-11-08 15:00:33 - [TEST_STEP][PASSED] - Statement - counter = counter + 1: null

2018-11-08 15:00:33 - [TEST_STEP][PASSED] - Statement - PreSaveFile = new java.io.File(((pathPrefix + java.lang.Integer.toString(counter)) + .png)): null

2018-11-08 15:00:33 - [TEST_STEP][PASSED] - Statement - counter = counter + 1: null

2018-11-08 15:00:33 - [TEST_STEP][PASSED] - Statement - PreSaveFile = new java.io.File(((pathPrefix + java.lang.Integer.toString(counter)) + .png)): null

2018-11-08 15:00:33 - [TEST_STEP][PASSED] - Statement - counter = counter + 1: null

2018-11-08 15:00:33 - [TEST_STEP][PASSED] - Statement - PreSaveFile = new java.io.File(((pathPrefix + java.lang.Integer.toString(counter)) + .png)): null

2018-11-08 15:00:33 - [TEST_STEP][PASSED] - Statement - counter = counter + 1: null

2018-11-08 15:00:33 - [TEST_STEP][PASSED] - Statement - PreSaveFile = new java.io.File(((pathPrefix + java.lang.Integer.toString(counter)) + .png)): null

2018-11-08 15:00:34 - [TEST_STEP][PASSED] - Statement - counter = counter + 1: null

2018-11-08 15:00:34 - [TEST_STEP][PASSED] - Statement - PreSaveFile = new java.io.File(((pathPrefix + java.lang.Integer.toString(counter)) + .png)): null

2018-11-08 15:00:34 - [TEST_STEP][PASSED] - Statement - counter = counter + 1: null

2018-11-08 15:00:34 - [TEST_STEP][PASSED] - Statement - PreSaveFile = new java.io.File(((pathPrefix + java.lang.Integer.toString(counter)) + .png)): null

2018-11-08 15:00:34 - [TEST_STEP][PASSED] - Statement - counter = counter + 1: null

2018-11-08 15:00:34 - [TEST_STEP][PASSED] - Statement - PreSaveFile = new java.io.File(((pathPrefix + java.lang.Integer.toString(counter)) + .png)): null

2018-11-08 15:00:34 - [TEST_STEP][PASSED] - Statement - counter = counter + 1: null

2018-11-08 15:00:34 - [TEST_STEP][PASSED] - Statement - PreSaveFile = new java.io.File(((pathPrefix + java.lang.Integer.toString(counter)) + .png)): null

2018-11-08 15:00:34 - [TEST_STEP][PASSED] - Statement - counter = counter + 1: null

2018-11-08 15:00:34 - [TEST_STEP][PASSED] - Statement - PreSaveFile = new java.io.File(((pathPrefix + java.lang.Integer.toString(counter)) + .png)): null

2018-11-08 15:00:35 - [TEST_STEP][PASSED] - Statement - counter = counter + 1: null

2018-11-08 15:00:35 - [TEST_STEP][PASSED] - Statement - PreSaveFile = new java.io.File(((pathPrefix + java.lang.Integer.toString(counter)) + .png)): null

2018-11-08 15:00:35 - [TEST_STEP][PASSED] - Statement - counter = counter + 1: null

2018-11-08 15:00:35 - [TEST_STEP][PASSED] - Statement - PreSaveFile = new java.io.File(((pathPrefix + java.lang.Integer.toString(counter)) + .png)): null

2018-11-08 15:00:35 - [TEST_STEP][PASSED] - Statement - counter = counter + 1: null

2018-11-08 15:00:35 - [TEST_STEP][PASSED] - Statement - PreSaveFile = new java.io.File(((pathPrefix + java.lang.Integer.toString(counter)) + .png)): null

2018-11-08 15:00:35 - [TEST_STEP][PASSED] - Statement - counter = counter + 1: null

2018-11-08 15:00:35 - [TEST_STEP][PASSED] - Statement - PreSaveFile = new java.io.File(((pathPrefix + java.lang.Integer.toString(counter)) + .png)): null

2018-11-08 15:00:35 - [TEST_STEP][PASSED] - Statement - counter = counter + 1: null

2018-11-08 15:00:36 - [TEST_STEP][PASSED] - Statement - PreSaveFile = new java.io.File(((pathPrefix + java.lang.Integer.toString(counter)) + .png)): null

2018-11-08 15:00:36 - [TEST_STEP][PASSED] - Statement - counter = counter + 1: null

2018-11-08 15:00:36 - [TEST_STEP][PASSED] - Statement - PreSaveFile = new java.io.File(((pathPrefix + java.lang.Integer.toString(counter)) + .png)): null

2018-11-08 15:00:36 - [TEST_STEP][PASSED] - Statement - counter = counter + 1: null

2018-11-08 15:00:36 - [TEST_STEP][PASSED] - Statement - PreSaveFile = new java.io.File(((pathPrefix + java.lang.Integer.toString(counter)) + .png)): null

2018-11-08 15:00:36 - [TEST_STEP][PASSED] - Statement - counter = counter + 1: null

2018-11-08 15:00:36 - [TEST_STEP][PASSED] - Statement - PreSaveFile = new java.io.File(((pathPrefix + java.lang.Integer.toString(counter)) + .png)): null

2018-11-08 15:00:36 - [TEST_STEP][PASSED] - Statement - counter = counter + 1: null

2018-11-08 15:00:36 - [TEST_STEP][PASSED] - Statement - PreSaveFile = new java.io.File(((pathPrefix + java.lang.Integer.toString(counter)) + .png)): null

2018-11-08 15:00:36 - [TEST_STEP][PASSED] - Statement - counter = counter + 1: null

2018-11-08 15:00:37 - [TEST_STEP][PASSED] - Statement - PreSaveFile = new java.io.File(((pathPrefix + java.lang.Integer.toString(counter)) + .png)): null

2018-11-08 15:00:37 - [TEST_STEP][PASSED] - Statement - finalPath = pathPrefix + java.lang.Integer.toString(counter) + ".png": null

2018-11-08 15:00:37 - [TEST_STEP][PASSED] - Statement - SaveFile = new java.io.File(finalPath): null

2018-11-08 15:00:37 - [TEST_STEP][PASSED] - Statement - Try: null

2018-11-08 15:00:37 - [TEST_STEP][PASSED] - Statement - org.apache.commons.io.FileUtils.copyFile(scrFile, SaveFile): null

2018-11-08 15:00:37 - [TEST_STEP][PASSED] - Statement - out.println("file kept"): null

2018-11-08 15:00:37 - [TEST_STEP][PASSED] - delay: Delayed 10 second(s)

2018-11-08 15:00:47 - [MESSAGE][PASSED] - Delayed 10 second(s)

2018-11-08 15:00:47 - [MESSAGE][PASSED] - Call Test Case 'Test Cases/Final Aug 2018 - PKS Automation/Common/Screenshoting tool' successfully

2018-11-08 15:00:47 - [TEST_STEP][PASSED] - callTestCase: Call Test Case 'Test Cases/Final Aug 2018 - PKS Automation/Registration Module/Log Out/log out avoiding katalon tagging' successfully

2018-11-08 15:00:47 - [TEST_CASE][PASSED] - Test Cases/Final Aug 2018 - PKS Automation/Registration Module/Log Out/log out avoiding katalon tagging: Test Cases/Final Aug 2018 - PKS Automation/Registration Module/Log Out/log out avoiding katalon tagging

2018-11-08 15:00:47 - [TEST_STEP][PASSED] - navigateToUrl: Navigate to 'https://assist2-uat.perkeso.gov.my/c/portal/logout' successfully

2018-11-08 15:00:49 - [MESSAGE][PASSED] - Navigate to 'https://assist2-uat.perkeso.gov.my/c/portal/logout' successfully

2018-11-08 15:00:49 - [MESSAGE][PASSED] - Call Test Case 'Test Cases/Final Aug 2018 - PKS Automation/Registration Module/Log Out/log out avoiding katalon tagging' successfully]]></system-out>
         <system-err><![CDATA[]]></system-err>
      </testcase>
      <testcase name="Test Cases/Final Aug 2018 - PKS Automation/Registration Module/Workflow/New Registration/Case OTC to RO - Query - Submit" classname="Test Cases/Final Aug 2018 - PKS Automation/Registration Module/Workflow/New Registration/Case OTC to RO - Query - Submit" status="PASSED">
         <system-out><![CDATA[2018-11-08 15:00:49 - [TEST_CASE][PASSED] - Test Cases/Final Aug 2018 - PKS Automation/Registration Module/Workflow/New Registration/Case OTC to RO - Query - Submit: Test Cases/Final Aug 2018 - PKS Automation/Registration Module/Workflow/New Registration/Case OTC to RO - Query - Submit

2018-11-08 15:00:49 - [TEST_STEP][PASSED] - callTestCase: Call Test Case 'Test Cases/Final Aug 2018 - PKS Automation/Registration Module/Workflow/New Registration/Template/Special Case - OTC - Form 1' successfully

2018-11-08 15:00:49 - [TEST_CASE][PASSED] - Test Cases/Final Aug 2018 - PKS Automation/Registration Module/Workflow/New Registration/Template/Special Case - OTC - Form 1: Test Cases/Final Aug 2018 - PKS Automation/Registration Module/Workflow/New Registration/Template/Special Case - OTC - Form 1

2018-11-08 15:00:50 - [TEST_STEP][PASSED] - openBrowser: Browser is opened with url: ''

2018-11-08 15:00:50 - [MESSAGE][WARNING] - A browser is already opened. Closing browser and opening a new one

2018-11-08 15:00:54 - [MESSAGE][PASSED] - Browser is opened with url: ''

2018-11-08 15:00:54 - [TEST_STEP][PASSED] - navigateToUrl: Navigate to 'https://assist2-uat.perkeso.gov.my/login' successfully

2018-11-08 15:00:57 - [MESSAGE][PASSED] - Navigate to 'https://assist2-uat.perkeso.gov.my/login' successfully

2018-11-08 15:00:57 - [TEST_STEP][PASSED] - delay: Delayed 2 second(s)

2018-11-08 15:00:59 - [MESSAGE][PASSED] - Delayed 2 second(s)

2018-11-08 15:00:59 - [TEST_STEP][PASSED] - setText: Text 'klotc2@gmail.com' is set on object 'Object Repository/Final Object Repo/Login Page/Internal User/Email Address'

2018-11-08 15:01:00 - [MESSAGE][PASSED] - Text 'klotc2@gmail.com' is set on object 'Object Repository/Final Object Repo/Login Page/Internal User/Email Address'

2018-11-08 15:01:00 - [TEST_STEP][PASSED] - click: Object: 'Object Repository/Final Object Repo/Login Page/Internal User/Next Button' is clicked on

2018-11-08 15:01:00 - [MESSAGE][PASSED] - Object: 'Object Repository/Final Object Repo/Login Page/Internal User/Next Button' is clicked on

2018-11-08 15:01:00 - [TEST_STEP][PASSED] - delay: Delayed 2 second(s)

2018-11-08 15:01:02 - [MESSAGE][PASSED] - Delayed 2 second(s)

2018-11-08 15:01:02 - [TEST_STEP][PASSED] - setText: Text 'Test1@3456789' is set on object 'Object Repository/Final Object Repo/Login Page/Internal User/Password'

2018-11-08 15:01:02 - [MESSAGE][PASSED] - Text 'Test1@3456789' is set on object 'Object Repository/Final Object Repo/Login Page/Internal User/Password'

2018-11-08 15:01:02 - [TEST_STEP][PASSED] - delay: Delayed 2 second(s)

2018-11-08 15:01:04 - [MESSAGE][PASSED] - Delayed 2 second(s)

2018-11-08 15:01:04 - [TEST_STEP][PASSED] - click: Object: 'Object Repository/Final Object Repo/Login Page/Internal User/Login Button' is clicked on

2018-11-08 15:01:08 - [MESSAGE][PASSED] - Object: 'Object Repository/Final Object Repo/Login Page/Internal User/Login Button' is clicked on

2018-11-08 15:01:08 - [TEST_STEP][PASSED] - Statement - Try: Delayed 2 second(s)

2018-11-08 15:01:08 - [TEST_STEP][PASSED] - Statement - Checker = false: null

2018-11-08 15:01:08 - [TEST_STEP][PASSED] - Statement - Checker = com.kms.katalon.core.webui.keyword.WebUiBuiltInKeywords.verifyElementHasAttribute(com.kms.katalon.core.testobject.ObjectRepository.findTestObject(Final Object Repo/Landing Page/BM Detecting), "href", 20, OPTIONAL): Object 'Object Repository/Final Object Repo/Landing Page/BM Detecting' has attribute 'href'

2018-11-08 15:01:08 - [MESSAGE][PASSED] - Object 'Object Repository/Final Object Repo/Landing Page/BM Detecting' has attribute 'href'

2018-11-08 15:01:08 - [TEST_STEP][PASSED] - Statement - out.println(Checker): null

2018-11-08 15:01:08 - [TEST_STEP][PASSED] - Statement - If (Checker == false): null

2018-11-08 15:01:08 - [TEST_STEP][PASSED] - Statement - Else: null

2018-11-08 15:01:08 - [TEST_STEP][PASSED] - delay: Delayed 2 second(s)

2018-11-08 15:01:10 - [MESSAGE][PASSED] - Delayed 2 second(s)

2018-11-08 15:01:10 - [TEST_STEP][PASSED] - delay: Delayed 4 second(s)

2018-11-08 15:01:14 - [MESSAGE][PASSED] - Delayed 4 second(s)

2018-11-08 15:01:14 - [TEST_STEP][PASSED] - click: Object: 'Object Repository/Final Object Repo/Landing Page/My Sites Drop Down' is clicked on

2018-11-08 15:01:14 - [MESSAGE][PASSED] - Object: 'Object Repository/Final Object Repo/Landing Page/My Sites Drop Down' is clicked on

2018-11-08 15:01:14 - [TEST_STEP][PASSED] - click: Object: 'Object Repository/Final Object Repo/Landing Page/Select to Registration Module' is clicked on

2018-11-08 15:01:16 - [MESSAGE][PASSED] - Object: 'Object Repository/Final Object Repo/Landing Page/Select to Registration Module' is clicked on

2018-11-08 15:01:16 - [TEST_STEP][PASSED] - click: Object: 'Object Repository/Final Object Repo/Landing Page/Registration Button' is clicked on

2018-11-08 15:01:19 - [MESSAGE][PASSED] - Object: 'Object Repository/Final Object Repo/Landing Page/Registration Button' is clicked on

2018-11-08 15:01:19 - [TEST_STEP][PASSED] - delay: Delayed 2 second(s)

2018-11-08 15:01:21 - [MESSAGE][PASSED] - Delayed 2 second(s)

2018-11-08 15:01:21 - [TEST_STEP][PASSED] - click: Object: 'Object Repository/Final Object Repo/New Registration - Registration Module Pages/New Reg - OTC to RO/Special Case - OTC - Form 1/AEC NO' is clicked on

2018-11-08 15:01:22 - [MESSAGE][PASSED] - Object: 'Object Repository/Final Object Repo/New Registration - Registration Module Pages/New Reg - OTC to RO/Special Case - OTC - Form 1/AEC NO' is clicked on

2018-11-08 15:01:22 - [TEST_STEP][PASSED] - click: Object: 'Object Repository/Final Object Repo/New Registration - Registration Module Pages/New Reg - OTC to RO/Special Case - OTC - Form 1/Business Entity - Please Select' is clicked on

2018-11-08 15:01:22 - [MESSAGE][PASSED] - Object: 'Object Repository/Final Object Repo/New Registration - Registration Module Pages/New Reg - OTC to RO/Special Case - OTC - Form 1/Business Entity - Please Select' is clicked on

2018-11-08 15:01:22 - [TEST_STEP][PASSED] - click: Object: 'Object Repository/Final Object Repo/New Registration - Registration Module Pages/New Reg - OTC to RO/Special Case - OTC - Form 1/Selected - Corporation' is clicked on

2018-11-08 15:01:23 - [MESSAGE][PASSED] - Object: 'Object Repository/Final Object Repo/New Registration - Registration Module Pages/New Reg - OTC to RO/Special Case - OTC - Form 1/Selected - Corporation' is clicked on

2018-11-08 15:01:23 - [TEST_STEP][PASSED] - delay: Delayed 2 second(s)

2018-11-08 15:01:25 - [MESSAGE][PASSED] - Delayed 2 second(s)

2018-11-08 15:01:25 - [TEST_STEP][PASSED] - click: Object: 'Object Repository/Final Object Repo/New Registration - Registration Module Pages/New Reg - OTC to RO/Special Case - OTC - Form 1/Sub Business Entity - Please Select' is clicked on

2018-11-08 15:01:25 - [MESSAGE][PASSED] - Object: 'Object Repository/Final Object Repo/New Registration - Registration Module Pages/New Reg - OTC to RO/Special Case - OTC - Form 1/Sub Business Entity - Please Select' is clicked on

2018-11-08 15:01:25 - [TEST_STEP][PASSED] - delay: Delayed 2 second(s)

2018-11-08 15:01:27 - [MESSAGE][PASSED] - Delayed 2 second(s)

2018-11-08 15:01:27 - [TEST_STEP][PASSED] - click: Object: 'Object Repository/Final Object Repo/New Registration - Registration Module Pages/New Reg - OTC to RO/Special Case - OTC - Form 1/Selected - Sendirian Berhad' is clicked on

2018-11-08 15:01:28 - [MESSAGE][PASSED] - Object: 'Object Repository/Final Object Repo/New Registration - Registration Module Pages/New Reg - OTC to RO/Special Case - OTC - Form 1/Selected - Sendirian Berhad' is clicked on

2018-11-08 15:01:28 - [TEST_STEP][PASSED] - setText: Text 'AUTOMATE001' is set on object 'Object Repository/Final Object Repo/New Registration - Registration Module Pages/New Reg - OTC to RO/Special Case - OTC - Form 1/Input BRN Number'

2018-11-08 15:01:28 - [MESSAGE][PASSED] - Text 'AUTOMATE001' is set on object 'Object Repository/Final Object Repo/New Registration - Registration Module Pages/New Reg - OTC to RO/Special Case - OTC - Form 1/Input BRN Number'

2018-11-08 15:01:28 - [TEST_STEP][PASSED] - delay: Delayed 2 second(s)

2018-11-08 15:01:30 - [MESSAGE][PASSED] - Delayed 2 second(s)

2018-11-08 15:01:30 - [TEST_STEP][PASSED] - click: Object: 'Object Repository/Final Object Repo/New Registration - Registration Module Pages/New Reg - OTC to RO/Special Case - OTC - Form 1/BRN Search' is clicked on

2018-11-08 15:01:31 - [MESSAGE][PASSED] - Object: 'Object Repository/Final Object Repo/New Registration - Registration Module Pages/New Reg - OTC to RO/Special Case - OTC - Form 1/BRN Search' is clicked on

2018-11-08 15:01:31 - [TEST_STEP][PASSED] - delay: Delayed 4 second(s)

2018-11-08 15:01:35 - [MESSAGE][PASSED] - Delayed 4 second(s)

2018-11-08 15:01:35 - [TEST_STEP][PASSED] - click: Object: 'Object Repository/Final Object Repo/New Registration - Registration Module Pages/New Reg - OTC to RO/Special Case - OTC - Form 1/Registered with SSM - After Feb 2017' is clicked on

2018-11-08 15:01:35 - [MESSAGE][PASSED] - Object: 'Object Repository/Final Object Repo/New Registration - Registration Module Pages/New Reg - OTC to RO/Special Case - OTC - Form 1/Registered with SSM - After Feb 2017' is clicked on

2018-11-08 15:01:35 - [TEST_STEP][PASSED] - delay: Delayed 2 second(s)

2018-11-08 15:01:37 - [MESSAGE][PASSED] - Delayed 2 second(s)

2018-11-08 15:01:37 - [TEST_STEP][PASSED] - click: Object: 'Object Repository/Final Object Repo/New Registration - Registration Module Pages/New Reg - OTC to RO/Special Case - OTC - Form 1/Registering As A Branch - No' is clicked on

2018-11-08 15:01:38 - [MESSAGE][PASSED] - Object: 'Object Repository/Final Object Repo/New Registration - Registration Module Pages/New Reg - OTC to RO/Special Case - OTC - Form 1/Registering As A Branch - No' is clicked on

2018-11-08 15:01:38 - [TEST_STEP][PASSED] - click: Object: 'Object Repository/Final Object Repo/New Registration - Registration Module Pages/New Reg - OTC to RO/Special Case - OTC - Form 1/Acknowledgement Ticked' is clicked on

2018-11-08 15:01:38 - [MESSAGE][PASSED] - Object: 'Object Repository/Final Object Repo/New Registration - Registration Module Pages/New Reg - OTC to RO/Special Case - OTC - Form 1/Acknowledgement Ticked' is clicked on

2018-11-08 15:01:38 - [TEST_STEP][PASSED] - click: Object: 'Object Repository/Final Object Repo/New Registration - Registration Module Pages/New Reg - OTC to RO/Special Case - OTC - Form 1/Submit Button' is clicked on

2018-11-08 15:01:38 - [MESSAGE][PASSED] - Object: 'Object Repository/Final Object Repo/New Registration - Registration Module Pages/New Reg - OTC to RO/Special Case - OTC - Form 1/Submit Button' is clicked on

2018-11-08 15:01:38 - [TEST_STEP][PASSED] - delay: Delayed 2 second(s)

2018-11-08 15:01:40 - [MESSAGE][PASSED] - Delayed 2 second(s)

2018-11-08 15:01:40 - [TEST_STEP][PASSED] - click: Object: 'Object Repository/Final Object Repo/New Registration - Registration Module Pages/New Reg - OTC to RO/Special Case - OTC - Form 1/Confirm No Flagging as Branch' is clicked on

2018-11-08 15:01:42 - [MESSAGE][PASSED] - Object: 'Object Repository/Final Object Repo/New Registration - Registration Module Pages/New Reg - OTC to RO/Special Case - OTC - Form 1/Confirm No Flagging as Branch' is clicked on

2018-11-08 15:01:42 - [MESSAGE][PASSED] - Call Test Case 'Test Cases/Final Aug 2018 - PKS Automation/Registration Module/Workflow/New Registration/Template/Special Case - OTC - Form 1' successfully

2018-11-08 15:01:42 - [TEST_STEP][PASSED] - callTestCase: Call Test Case 'Test Cases/Final Aug 2018 - PKS Automation/Registration Module/New Registration/Form 2/Add 1 Eligible' successfully

2018-11-08 15:01:42 - [TEST_CASE][PASSED] - Test Cases/Final Aug 2018 - PKS Automation/Registration Module/New Registration/Form 2/Add 1 Eligible: Test Cases/Final Aug 2018 - PKS Automation/Registration Module/New Registration/Form 2/Add 1 Eligible

2018-11-08 15:01:43 - [TEST_STEP][PASSED] - delay: Delayed 2 second(s)

2018-11-08 15:01:45 - [MESSAGE][PASSED] - Delayed 2 second(s)

2018-11-08 15:01:45 - [TEST_STEP][PASSED] - callTestCase: Call Test Case 'Test Cases/Final Aug 2018 - PKS Automation/Registration Module/New Registration/Form 2/Date Updater' successfully

2018-11-08 15:01:45 - [TEST_CASE][PASSED] - Test Cases/Final Aug 2018 - PKS Automation/Registration Module/New Registration/Form 2/Date Updater: Test Cases/Final Aug 2018 - PKS Automation/Registration Module/New Registration/Form 2/Date Updater

2018-11-08 15:01:45 - [TEST_STEP][PASSED] - Statement - TodayDate = new java.util.Date(): null

2018-11-08 15:01:45 - [TEST_STEP][PASSED] - Statement - CurrentDateNoFilter = new java.text.SimpleDateFormat(): null

2018-11-08 15:01:45 - [TEST_STEP][PASSED] - Statement - CurrentDateNoFilter.applyPattern("dd"): null

2018-11-08 15:01:45 - [TEST_STEP][PASSED] - Statement - CurrentDate = CurrentDateNoFilter.format(TodayDate): null

2018-11-08 15:01:45 - [TEST_STEP][PASSED] - Statement - CurrentDate = java.lang.Integer.parseInt(CurrentDate): null

2018-11-08 15:01:45 - [TEST_STEP][PASSED] - Statement - CurrentDate = CurrentDate: null

2018-11-08 15:01:45 - [TEST_STEP][PASSED] - Statement - CurrentDay = java.lang.Integer.parseInt(CurrentDate): null

2018-11-08 15:01:45 - [TEST_STEP][PASSED] - Statement - aDayBefore = CurrentDay + 1: null

2018-11-08 15:01:45 - [TEST_STEP][PASSED] - Statement - DayBefore = aDayBefore.toString(): null

2018-11-08 15:01:45 - [TEST_STEP][PASSED] - Statement - OneDayBefore = DayBefore: null

2018-11-08 15:01:45 - [TEST_STEP][PASSED] - Statement - CurrentDateNoFilter.applyPattern("MM"): null

2018-11-08 15:01:45 - [TEST_STEP][PASSED] - Statement - monthContainerMatcher = java.lang.Integer.parseInt(CurrentDateNoFilter.format(TodayDate)): null

2018-11-08 15:01:45 - [TEST_STEP][PASSED] - Statement - monthContainerMatcher = monthContainerMatcher - 1: null

2018-11-08 15:01:45 - [TEST_STEP][PASSED] - Statement - CurrentMonth = monthContainerMatcher.toString(): null

2018-11-08 15:01:45 - [TEST_STEP][PASSED] - Statement - CurrentMonth = CurrentMonth: null

2018-11-08 15:01:45 - [TEST_STEP][PASSED] - Statement - CurrentDateNoFilter.applyPattern("yyyy"): null

2018-11-08 15:01:45 - [TEST_STEP][PASSED] - Statement - CurrentYear = CurrentDateNoFilter.format(TodayDate): null

2018-11-08 15:01:45 - [TEST_STEP][PASSED] - Statement - CurrentYear = CurrentYear: null

2018-11-08 15:01:45 - [TEST_STEP][PASSED] - Statement - intCurrentYear = java.lang.Integer.parseInt(CurrentDateNoFilter.format(TodayDate)): null

2018-11-08 15:01:45 - [TEST_STEP][PASSED] - Statement - eighteenYrsAgo = intCurrentYear - 18: null

2018-11-08 15:01:45 - [TEST_STEP][PASSED] - Statement - eighteenYrsBeforeThisYr = eighteenYrsAgo.toString(): null

2018-11-08 15:01:45 - [TEST_STEP][PASSED] - Statement - EighteenYrsBefore = eighteenYrsBeforeThisYr: null

2018-11-08 15:01:45 - [TEST_STEP][PASSED] - Statement - fiftysevenYrsAgo = intCurrentYear - 57: null

2018-11-08 15:01:45 - [TEST_STEP][PASSED] - Statement - fiftysevenYrsBeforeThisYr = fiftysevenYrsAgo.toString(): null

2018-11-08 15:01:45 - [TEST_STEP][PASSED] - Statement - FiftysevenYrsBefore = fiftysevenYrsBeforeThisYr: null

2018-11-08 15:01:45 - [MESSAGE][PASSED] - Call Test Case 'Test Cases/Final Aug 2018 - PKS Automation/Registration Module/New Registration/Form 2/Date Updater' successfully

2018-11-08 15:01:45 - [TEST_STEP][PASSED] - delay: Delayed 1 second(s)

2018-11-08 15:01:46 - [MESSAGE][PASSED] - Delayed 1 second(s)

2018-11-08 15:01:46 - [TEST_STEP][PASSED] - Statement - CaseReferenceNo = com.kms.katalon.core.webui.keyword.WebUiBuiltInKeywords.getText(com.kms.katalon.core.testobject.ObjectRepository.findTestObject(Final Object Repo/New Registration - Registration Module Pages/Form 2/RefNo Acquiring)): Text of object 'Object Repository/Final Object Repo/New Registration - Registration Module Pages/Form 2/RefNo Acquiring' is: 'CRN11201800122420'

2018-11-08 15:01:46 - [MESSAGE][PASSED] - Text of object 'Object Repository/Final Object Repo/New Registration - Registration Module Pages/Form 2/RefNo Acquiring' is: 'CRN11201800122420'

2018-11-08 15:01:46 - [TEST_STEP][PASSED] - delay: Delayed 1 second(s)

2018-11-08 15:01:47 - [MESSAGE][PASSED] - Delayed 1 second(s)

2018-11-08 15:01:47 - [TEST_STEP][PASSED] - click: Object: 'Object Repository/Final Object Repo/New Registration - Registration Module Pages/Form 2/Add Employee Button' is clicked on

2018-11-08 15:01:47 - [MESSAGE][PASSED] - Object: 'Object Repository/Final Object Repo/New Registration - Registration Module Pages/Form 2/Add Employee Button' is clicked on

2018-11-08 15:01:47 - [TEST_STEP][PASSED] - delay: Delayed 1 second(s)

2018-11-08 15:01:48 - [MESSAGE][PASSED] - Delayed 1 second(s)

2018-11-08 15:01:48 - [TEST_STEP][PASSED] - setText: Text '010903091963' is set on object 'Object Repository/Final Object Repo/New Registration - Registration Module Pages/Form 2/NRIC Input'

2018-11-08 15:01:48 - [MESSAGE][PASSED] - Text '010903091963' is set on object 'Object Repository/Final Object Repo/New Registration - Registration Module Pages/Form 2/NRIC Input'

2018-11-08 15:01:48 - [TEST_STEP][PASSED] - click: Object: 'Object Repository/Final Object Repo/New Registration - Registration Module Pages/Form 2/button for search for IC' is clicked on

2018-11-08 15:01:49 - [MESSAGE][PASSED] - Object: 'Object Repository/Final Object Repo/New Registration - Registration Module Pages/Form 2/button for search for IC' is clicked on

2018-11-08 15:01:49 - [TEST_STEP][PASSED] - delay: Delayed 2 second(s)

2018-11-08 15:01:51 - [MESSAGE][PASSED] - Delayed 2 second(s)

2018-11-08 15:01:51 - [TEST_STEP][PASSED] - setText: Text 'Automate001 eligible 1' is set on object 'Object Repository/Final Object Repo/New Registration - Registration Module Pages/Form 2/Employee Name Input'

2018-11-08 15:01:51 - [MESSAGE][PASSED] - Text 'Automate001 eligible 1' is set on object 'Object Repository/Final Object Repo/New Registration - Registration Module Pages/Form 2/Employee Name Input'

2018-11-08 15:01:51 - [TEST_STEP][PASSED] - delay: Delayed 2 second(s)

2018-11-08 15:01:53 - [MESSAGE][PASSED] - Delayed 2 second(s)

2018-11-08 15:01:53 - [TEST_STEP][PASSED] - click: Object: 'Object Repository/Final Object Repo/New Registration - Registration Module Pages/Form 2/DatePicker Pop Up' is clicked on

2018-11-08 15:01:54 - [MESSAGE][PASSED] - Object: 'Object Repository/Final Object Repo/New Registration - Registration Module Pages/Form 2/DatePicker Pop Up' is clicked on

2018-11-08 15:01:54 - [TEST_STEP][PASSED] - click: Object: 'Object Repository/Final Object Repo/New Registration - Registration Module Pages/Form 2/DOB Month' is clicked on

2018-11-08 15:01:54 - [MESSAGE][PASSED] - Object: 'Object Repository/Final Object Repo/New Registration - Registration Module Pages/Form 2/DOB Month' is clicked on

2018-11-08 15:01:54 - [TEST_STEP][PASSED] - Statement - CurrentMonth = CurrentMonth: null

2018-11-08 15:01:54 - [TEST_STEP][PASSED] - Statement - selectMonth = new com.kms.katalon.core.testobject.TestObject(): null

2018-11-08 15:01:54 - [TEST_STEP][PASSED] - Statement - selectMonth.addProperty("xpath", EQUALS, "//body/div/div/div/select/option[@value='" + CurrentMonth + "']", true): null

2018-11-08 15:01:54 - [TEST_STEP][PASSED] - click: Object: '' is clicked on

2018-11-08 15:01:55 - [MESSAGE][PASSED] - Object: '' is clicked on

2018-11-08 15:01:55 - [TEST_STEP][PASSED] - click: Object: 'Object Repository/Final Object Repo/New Registration - Registration Module Pages/Form 2/DOB Year' is clicked on

2018-11-08 15:01:55 - [MESSAGE][PASSED] - Object: 'Object Repository/Final Object Repo/New Registration - Registration Module Pages/Form 2/DOB Year' is clicked on

2018-11-08 15:01:55 - [TEST_STEP][PASSED] - Statement - Eyearsbf = EighteenYrsBefore: null

2018-11-08 15:01:55 - [TEST_STEP][PASSED] - Statement - selectYear = new com.kms.katalon.core.testobject.TestObject(): null

2018-11-08 15:01:55 - [TEST_STEP][PASSED] - Statement - selectYear.addProperty("xpath", EQUALS, "//div/div/div/select/option[@value='" + Eyearsbf + "']", true): null

2018-11-08 15:01:55 - [TEST_STEP][PASSED] - click: Object: '' is clicked on

2018-11-08 15:01:55 - [MESSAGE][PASSED] - Object: '' is clicked on

2018-11-08 15:01:55 - [TEST_STEP][PASSED] - Statement - UpdatedSelectDate = com.kms.katalon.core.webui.keyword.WebUiBuiltInKeywords.modifyObjectProperty(com.kms.katalon.core.testobject.ObjectRepository.findTestObject(Final Object Repo/New Registration - Registration Module Pages/Form 2/DOB Date), "xpath", "equals", "//body/div/table/tbody/tr/td/a[text()="" + CurrentDate + ""]", true): Modify property of object successfully

2018-11-08 15:01:55 - [MESSAGE][PASSED] - Modify property of object successfully

2018-11-08 15:01:55 - [TEST_STEP][PASSED] - delay: Delayed 3 second(s)

2018-11-08 15:01:58 - [MESSAGE][PASSED] - Delayed 3 second(s)

2018-11-08 15:01:58 - [TEST_STEP][PASSED] - click: Object: 'Object Repository/Final Object Repo/New Registration - Registration Module Pages/Form 2/DOB Date' is clicked on

2018-11-08 15:01:59 - [MESSAGE][PASSED] - Object: 'Object Repository/Final Object Repo/New Registration - Registration Module Pages/Form 2/DOB Date' is clicked on

2018-11-08 15:01:59 - [TEST_STEP][PASSED] - delay: Delayed 2 second(s)

2018-11-08 15:02:01 - [MESSAGE][PASSED] - Delayed 2 second(s)

2018-11-08 15:02:01 - [TEST_STEP][PASSED] - click: Object: 'Object Repository/Final Object Repo/New Registration - Registration Module Pages/Form 2/EmploymentStartDate Pop Up' is clicked on

2018-11-08 15:02:01 - [MESSAGE][PASSED] - Object: 'Object Repository/Final Object Repo/New Registration - Registration Module Pages/Form 2/EmploymentStartDate Pop Up' is clicked on

2018-11-08 15:02:01 - [TEST_STEP][PASSED] - delay: Delayed 2 second(s)

2018-11-08 15:02:03 - [MESSAGE][PASSED] - Delayed 2 second(s)

2018-11-08 15:02:03 - [TEST_STEP][PASSED] - click: Object: 'Object Repository/Final Object Repo/New Registration - Registration Module Pages/Form 2/Socso Employment StartDate Month' is clicked on

2018-11-08 15:02:04 - [MESSAGE][PASSED] - Object: 'Object Repository/Final Object Repo/New Registration - Registration Module Pages/Form 2/Socso Employment StartDate Month' is clicked on

2018-11-08 15:02:04 - [TEST_STEP][PASSED] - delay: Delayed 1 second(s)

2018-11-08 15:02:05 - [MESSAGE][PASSED] - Delayed 1 second(s)

2018-11-08 15:02:05 - [TEST_STEP][PASSED] - click: Object: 'Object Repository/Final Object Repo/New Registration - Registration Module Pages/Form 2/Select Socso Employement Startdate Month' is clicked on

2018-11-08 15:02:05 - [MESSAGE][PASSED] - Object: 'Object Repository/Final Object Repo/New Registration - Registration Module Pages/Form 2/Select Socso Employement Startdate Month' is clicked on

2018-11-08 15:02:05 - [TEST_STEP][PASSED] - delay: Delayed 2 second(s)

2018-11-08 15:02:07 - [MESSAGE][PASSED] - Delayed 2 second(s)

2018-11-08 15:02:07 - [TEST_STEP][PASSED] - click: Object: 'Object Repository/Final Object Repo/New Registration - Registration Module Pages/Form 2/Socso Employment StartDate Year' is clicked on

2018-11-08 15:02:07 - [MESSAGE][PASSED] - Object: 'Object Repository/Final Object Repo/New Registration - Registration Module Pages/Form 2/Socso Employment StartDate Year' is clicked on

2018-11-08 15:02:07 - [TEST_STEP][PASSED] - delay: Delayed 1 second(s)

2018-11-08 15:02:08 - [MESSAGE][PASSED] - Delayed 1 second(s)

2018-11-08 15:02:08 - [TEST_STEP][PASSED] - click: Object: 'Object Repository/Final Object Repo/New Registration - Registration Module Pages/Form 2/Select Socso Employment Startdate Year' is clicked on

2018-11-08 15:02:09 - [MESSAGE][PASSED] - Object: 'Object Repository/Final Object Repo/New Registration - Registration Module Pages/Form 2/Select Socso Employment Startdate Year' is clicked on

2018-11-08 15:02:09 - [TEST_STEP][PASSED] - delay: Delayed 2 second(s)

2018-11-08 15:02:11 - [MESSAGE][PASSED] - Delayed 2 second(s)

2018-11-08 15:02:11 - [TEST_STEP][PASSED] - click: Object: 'Object Repository/Final Object Repo/New Registration - Registration Module Pages/Form 2/Socso Employment Start Date Day' is clicked on

2018-11-08 15:02:11 - [MESSAGE][PASSED] - Object: 'Object Repository/Final Object Repo/New Registration - Registration Module Pages/Form 2/Socso Employment Start Date Day' is clicked on

2018-11-08 15:02:11 - [TEST_STEP][PASSED] - delay: Delayed 2 second(s)

2018-11-08 15:02:13 - [MESSAGE][PASSED] - Delayed 2 second(s)

2018-11-08 15:02:13 - [TEST_STEP][PASSED] - click: Object: 'Object Repository/Final Object Repo/New Registration - Registration Module Pages/Form 2/Save Button for Add Employee' is clicked on

2018-11-08 15:02:13 - [MESSAGE][PASSED] - Object: 'Object Repository/Final Object Repo/New Registration - Registration Module Pages/Form 2/Save Button for Add Employee' is clicked on

2018-11-08 15:02:13 - [TEST_STEP][PASSED] - delay: Delayed 6 second(s)

2018-11-08 15:02:19 - [MESSAGE][PASSED] - Delayed 6 second(s)

2018-11-08 15:02:19 - [TEST_STEP][PASSED] - click: Object: 'Object Repository/Final Object Repo/New Registration - Registration Module Pages/Form 2/Save and Continue Form 2' is clicked on

2018-11-08 15:02:21 - [MESSAGE][PASSED] - Object: 'Object Repository/Final Object Repo/New Registration - Registration Module Pages/Form 2/Save and Continue Form 2' is clicked on

2018-11-08 15:02:21 - [MESSAGE][PASSED] - Call Test Case 'Test Cases/Final Aug 2018 - PKS Automation/Registration Module/New Registration/Form 2/Add 1 Eligible' successfully

2018-11-08 15:02:21 - [TEST_STEP][PASSED] - callTestCase: Call Test Case 'Test Cases/Final Aug 2018 - PKS Automation/Registration Module/New Registration/Flow of New Registration/Third Screen - Upload Supporting Doc - Preview' successfully

2018-11-08 15:02:21 - [TEST_CASE][PASSED] - Test Cases/Final Aug 2018 - PKS Automation/Registration Module/New Registration/Flow of New Registration/Third Screen - Upload Supporting Doc - Preview: Test Cases/Final Aug 2018 - PKS Automation/Registration Module/New Registration/Flow of New Registration/Third Screen - Upload Supporting Doc - Preview

2018-11-08 15:02:21 - [TEST_STEP][PASSED] - waitForPageLoad: Wait for page load successfully

2018-11-08 15:02:21 - [MESSAGE][PASSED] - Wait for page load successfully

2018-11-08 15:02:21 - [TEST_STEP][PASSED] - Statement - CaseReferenceNo = com.kms.katalon.core.webui.keyword.WebUiBuiltInKeywords.getText(com.kms.katalon.core.testobject.ObjectRepository.findTestObject(Final Object Repo/New Registration - Registration Module Pages/Third Screen - Upload Supporting Doc- Preview/RefNo Acquiring)): Text of object 'Object Repository/Final Object Repo/New Registration - Registration Module Pages/Third Screen - Upload Supporting Doc- Preview/RefNo Acquiring' is: 'CRN11201800122420'

2018-11-08 15:02:21 - [MESSAGE][PASSED] - Text of object 'Object Repository/Final Object Repo/New Registration - Registration Module Pages/Third Screen - Upload Supporting Doc- Preview/RefNo Acquiring' is: 'CRN11201800122420'

2018-11-08 15:02:21 - [TEST_STEP][PASSED] - delay: Delayed 2 second(s)

2018-11-08 15:02:23 - [MESSAGE][PASSED] - Delayed 2 second(s)

2018-11-08 15:02:23 - [TEST_STEP][PASSED] - callTestCase: Call Test Case 'Test Cases/Final Aug 2018 - PKS Automation/Common/Reference Number Setter' successfully

2018-11-08 15:02:24 - [TEST_CASE][PASSED] - Test Cases/Final Aug 2018 - PKS Automation/Common/Reference Number Setter: Test Cases/Final Aug 2018 - PKS Automation/Common/Reference Number Setter

2018-11-08 15:02:24 - [TEST_STEP][PASSED] - Statement - RefNoOldFile = new java.io.File(C://KatalonReference.txt): null

2018-11-08 15:02:24 - [TEST_STEP][PASSED] - Statement - RefNoOldFile.delete(): null

2018-11-08 15:02:24 - [TEST_STEP][PASSED] - Statement - RefNo = new java.io.File(C://KatalonReference.txt): null

2018-11-08 15:02:24 - [TEST_STEP][PASSED] - Statement - RefNo.append(CaseReferenceNo): null

2018-11-08 15:02:24 - [TEST_STEP][PASSED] - Statement - out.println("


" + CaseReferenceNo + "


"): null

2018-11-08 15:02:24 - [MESSAGE][PASSED] - Call Test Case 'Test Cases/Final Aug 2018 - PKS Automation/Common/Reference Number Setter' successfully

2018-11-08 15:02:24 - [TEST_STEP][PASSED] - waitForElementClickable: Object 'Object Repository/Final Object Repo/New Registration - Registration Module Pages/Third Screen - Upload Supporting Doc- Preview/Save n Continue in SIP Employee Listing Page' is clickable

2018-11-08 15:02:24 - [MESSAGE][PASSED] - Object 'Object Repository/Final Object Repo/New Registration - Registration Module Pages/Third Screen - Upload Supporting Doc- Preview/Save n Continue in SIP Employee Listing Page' is clickable

2018-11-08 15:02:24 - [TEST_STEP][PASSED] - click: Object: 'Object Repository/Final Object Repo/New Registration - Registration Module Pages/Third Screen - Upload Supporting Doc- Preview/Save n Continue in SIP Employee Listing Page' is clicked on

2018-11-08 15:02:30 - [MESSAGE][PASSED] - Object: 'Object Repository/Final Object Repo/New Registration - Registration Module Pages/Third Screen - Upload Supporting Doc- Preview/Save n Continue in SIP Employee Listing Page' is clicked on

2018-11-08 15:02:30 - [TEST_STEP][PASSED] - delay: Delayed 6 second(s)

2018-11-08 15:02:36 - [MESSAGE][PASSED] - Delayed 6 second(s)

2018-11-08 15:02:36 - [TEST_STEP][PASSED] - click: Object: 'Object Repository/Final Object Repo/New Registration - Registration Module Pages/Third Screen - Upload Supporting Doc- Preview/Add Document Button' is clicked on

2018-11-08 15:02:36 - [MESSAGE][PASSED] - Object: 'Object Repository/Final Object Repo/New Registration - Registration Module Pages/Third Screen - Upload Supporting Doc- Preview/Add Document Button' is clicked on

2018-11-08 15:02:36 - [TEST_STEP][PASSED] - delay: Delayed 30 second(s)

2018-11-08 15:03:06 - [MESSAGE][PASSED] - Delayed 30 second(s)

2018-11-08 15:03:06 - [TEST_STEP][PASSED] - click: Object: 'Object Repository/Final Object Repo/New Registration - Registration Module Pages/Third Screen - Upload Supporting Doc- Preview/Supporting Doc Please Select Drop Down' is clicked on

2018-11-08 15:03:07 - [MESSAGE][PASSED] - Object: 'Object Repository/Final Object Repo/New Registration - Registration Module Pages/Third Screen - Upload Supporting Doc- Preview/Supporting Doc Please Select Drop Down' is clicked on

2018-11-08 15:03:07 - [TEST_STEP][PASSED] - delay: Delayed 2 second(s)

2018-11-08 15:03:09 - [MESSAGE][PASSED] - Delayed 2 second(s)

2018-11-08 15:03:09 - [TEST_STEP][PASSED] - click: Object: 'Object Repository/Final Object Repo/New Registration - Registration Module Pages/Third Screen - Upload Supporting Doc- Preview/Select to Upload Form 1' is clicked on

2018-11-08 15:03:10 - [MESSAGE][PASSED] - Object: 'Object Repository/Final Object Repo/New Registration - Registration Module Pages/Third Screen - Upload Supporting Doc- Preview/Select to Upload Form 1' is clicked on

2018-11-08 15:03:10 - [TEST_STEP][PASSED] - delay: Delayed 2 second(s)

2018-11-08 15:03:12 - [MESSAGE][PASSED] - Delayed 2 second(s)

2018-11-08 15:03:12 - [TEST_STEP][PASSED] - uploadFile: File 'C:\Users\Public\Pictures\Sample Pictures\Act.jpg' sent to object: 'Object Repository/Final Object Repo/New Registration - Registration Module Pages/Third Screen - Upload Supporting Doc- Preview/Upload File Adding'

2018-11-08 15:03:12 - [MESSAGE][PASSED] - File 'C:\Users\Public\Pictures\Sample Pictures\Act.jpg' sent to object: 'Object Repository/Final Object Repo/New Registration - Registration Module Pages/Third Screen - Upload Supporting Doc- Preview/Upload File Adding'

2018-11-08 15:03:12 - [TEST_STEP][PASSED] - delay: Delayed 5 second(s)

2018-11-08 15:03:17 - [MESSAGE][PASSED] - Delayed 5 second(s)

2018-11-08 15:03:17 - [TEST_STEP][PASSED] - click: Object: 'Object Repository/Final Object Repo/New Registration - Registration Module Pages/Third Screen - Upload Supporting Doc- Preview/Inner Form Add Document Button' is clicked on

2018-11-08 15:03:23 - [MESSAGE][PASSED] - Object: 'Object Repository/Final Object Repo/New Registration - Registration Module Pages/Third Screen - Upload Supporting Doc- Preview/Inner Form Add Document Button' is clicked on

2018-11-08 15:03:23 - [TEST_STEP][PASSED] - delay: Delayed 3 second(s)

2018-11-08 15:03:26 - [MESSAGE][PASSED] - Delayed 3 second(s)

2018-11-08 15:03:26 - [TEST_STEP][PASSED] - click: Object: 'Object Repository/Final Object Repo/New Registration - Registration Module Pages/Third Screen - Upload Supporting Doc- Preview/Add Document Button' is clicked on

2018-11-08 15:03:26 - [MESSAGE][PASSED] - Object: 'Object Repository/Final Object Repo/New Registration - Registration Module Pages/Third Screen - Upload Supporting Doc- Preview/Add Document Button' is clicked on

2018-11-08 15:03:26 - [TEST_STEP][PASSED] - delay: Delayed 30 second(s)

2018-11-08 15:03:56 - [MESSAGE][PASSED] - Delayed 30 second(s)

2018-11-08 15:03:56 - [TEST_STEP][PASSED] - click: Object: 'Object Repository/Final Object Repo/New Registration - Registration Module Pages/Third Screen - Upload Supporting Doc- Preview/Supporting Doc Please Select Drop Down' is clicked on

2018-11-08 15:03:57 - [MESSAGE][PASSED] - Object: 'Object Repository/Final Object Repo/New Registration - Registration Module Pages/Third Screen - Upload Supporting Doc- Preview/Supporting Doc Please Select Drop Down' is clicked on

2018-11-08 15:03:57 - [TEST_STEP][PASSED] - delay: Delayed 2 second(s)

2018-11-08 15:03:59 - [MESSAGE][PASSED] - Delayed 2 second(s)

2018-11-08 15:03:59 - [TEST_STEP][PASSED] - click: Object: 'Object Repository/Final Object Repo/New Registration - Registration Module Pages/Third Screen - Upload Supporting Doc- Preview/Select to Upload Form 2' is clicked on

2018-11-08 15:04:00 - [MESSAGE][PASSED] - Object: 'Object Repository/Final Object Repo/New Registration - Registration Module Pages/Third Screen - Upload Supporting Doc- Preview/Select to Upload Form 2' is clicked on

2018-11-08 15:04:00 - [TEST_STEP][PASSED] - delay: Delayed 2 second(s)

2018-11-08 15:04:02 - [MESSAGE][PASSED] - Delayed 2 second(s)

2018-11-08 15:04:02 - [TEST_STEP][PASSED] - uploadFile: File 'C:\Users\Public\Pictures\Sample Pictures\Act.jpg' sent to object: 'Object Repository/Final Object Repo/New Registration - Registration Module Pages/Third Screen - Upload Supporting Doc- Preview/Upload File Adding'

2018-11-08 15:04:02 - [MESSAGE][PASSED] - File 'C:\Users\Public\Pictures\Sample Pictures\Act.jpg' sent to object: 'Object Repository/Final Object Repo/New Registration - Registration Module Pages/Third Screen - Upload Supporting Doc- Preview/Upload File Adding'

2018-11-08 15:04:02 - [TEST_STEP][PASSED] - click: Object: 'Object Repository/Final Object Repo/New Registration - Registration Module Pages/Third Screen - Upload Supporting Doc- Preview/Inner Form Add Document Button' is clicked on

2018-11-08 15:04:08 - [MESSAGE][PASSED] - Object: 'Object Repository/Final Object Repo/New Registration - Registration Module Pages/Third Screen - Upload Supporting Doc- Preview/Inner Form Add Document Button' is clicked on

2018-11-08 15:04:08 - [TEST_STEP][PASSED] - delay: Delayed 4 second(s)

2018-11-08 15:04:12 - [MESSAGE][PASSED] - Delayed 4 second(s)

2018-11-08 15:04:12 - [TEST_STEP][PASSED] - click: Object: 'Object Repository/Final Object Repo/New Registration - Registration Module Pages/Third Screen - Upload Supporting Doc- Preview/Add Document Button' is clicked on

2018-11-08 15:04:12 - [MESSAGE][PASSED] - Object: 'Object Repository/Final Object Repo/New Registration - Registration Module Pages/Third Screen - Upload Supporting Doc- Preview/Add Document Button' is clicked on

2018-11-08 15:04:12 - [TEST_STEP][PASSED] - delay: Delayed 30 second(s)

2018-11-08 15:04:42 - [MESSAGE][PASSED] - Delayed 30 second(s)

2018-11-08 15:04:42 - [TEST_STEP][PASSED] - click: Object: 'Object Repository/Final Object Repo/New Registration - Registration Module Pages/Third Screen - Upload Supporting Doc- Preview/Supporting Doc Please Select Drop Down' is clicked on

2018-11-08 15:04:42 - [MESSAGE][PASSED] - Object: 'Object Repository/Final Object Repo/New Registration - Registration Module Pages/Third Screen - Upload Supporting Doc- Preview/Supporting Doc Please Select Drop Down' is clicked on

2018-11-08 15:04:42 - [TEST_STEP][PASSED] - click: Object: 'Object Repository/Final Object Repo/New Registration - Registration Module Pages/Third Screen - Upload Supporting Doc- Preview/Select to Upload Borang SIP 1' is clicked on

2018-11-08 15:04:43 - [MESSAGE][PASSED] - Object: 'Object Repository/Final Object Repo/New Registration - Registration Module Pages/Third Screen - Upload Supporting Doc- Preview/Select to Upload Borang SIP 1' is clicked on

2018-11-08 15:04:43 - [TEST_STEP][PASSED] - delay: Delayed 2 second(s)

2018-11-08 15:04:45 - [MESSAGE][PASSED] - Delayed 2 second(s)

2018-11-08 15:04:45 - [TEST_STEP][PASSED] - uploadFile: File 'C:\Users\Public\Pictures\Sample Pictures\Act.jpg' sent to object: 'Object Repository/Final Object Repo/New Registration - Registration Module Pages/Third Screen - Upload Supporting Doc- Preview/Upload File Adding'

2018-11-08 15:04:45 - [MESSAGE][PASSED] - File 'C:\Users\Public\Pictures\Sample Pictures\Act.jpg' sent to object: 'Object Repository/Final Object Repo/New Registration - Registration Module Pages/Third Screen - Upload Supporting Doc- Preview/Upload File Adding'

2018-11-08 15:04:45 - [TEST_STEP][PASSED] - click: Object: 'Object Repository/Final Object Repo/New Registration - Registration Module Pages/Third Screen - Upload Supporting Doc- Preview/Inner Form Add Document Button' is clicked on

2018-11-08 15:04:45 - [MESSAGE][PASSED] - Object: 'Object Repository/Final Object Repo/New Registration - Registration Module Pages/Third Screen - Upload Supporting Doc- Preview/Inner Form Add Document Button' is clicked on

2018-11-08 15:04:45 - [TEST_STEP][PASSED] - delay: Delayed 5 second(s)

2018-11-08 15:04:50 - [MESSAGE][PASSED] - Delayed 5 second(s)

2018-11-08 15:04:50 - [TEST_STEP][PASSED] - click: Object: 'Object Repository/Final Object Repo/New Registration - Registration Module Pages/Third Screen - Upload Supporting Doc- Preview/Add Document Button' is clicked on

2018-11-08 15:04:52 - [MESSAGE][PASSED] - Object: 'Object Repository/Final Object Repo/New Registration - Registration Module Pages/Third Screen - Upload Supporting Doc- Preview/Add Document Button' is clicked on

2018-11-08 15:04:52 - [TEST_STEP][PASSED] - delay: Delayed 30 second(s)

2018-11-08 15:05:22 - [MESSAGE][PASSED] - Delayed 30 second(s)

2018-11-08 15:05:22 - [TEST_STEP][PASSED] - click: Object: 'Object Repository/Final Object Repo/New Registration - Registration Module Pages/Third Screen - Upload Supporting Doc- Preview/Supporting Doc Please Select Drop Down' is clicked on

2018-11-08 15:05:22 - [MESSAGE][PASSED] - Object: 'Object Repository/Final Object Repo/New Registration - Registration Module Pages/Third Screen - Upload Supporting Doc- Preview/Supporting Doc Please Select Drop Down' is clicked on

2018-11-08 15:05:22 - [TEST_STEP][PASSED] - delay: Delayed 3 second(s)

2018-11-08 15:05:25 - [MESSAGE][PASSED] - Delayed 3 second(s)

2018-11-08 15:05:25 - [TEST_STEP][PASSED] - click: Object: 'Object Repository/Final Object Repo/New Registration - Registration Module Pages/Third Screen - Upload Supporting Doc- Preview/Select to Upload Borang SIP 2' is clicked on

2018-11-08 15:05:26 - [MESSAGE][PASSED] - Object: 'Object Repository/Final Object Repo/New Registration - Registration Module Pages/Third Screen - Upload Supporting Doc- Preview/Select to Upload Borang SIP 2' is clicked on

2018-11-08 15:05:26 - [TEST_STEP][PASSED] - delay: Delayed 2 second(s)

2018-11-08 15:05:28 - [MESSAGE][PASSED] - Delayed 2 second(s)

2018-11-08 15:05:28 - [TEST_STEP][PASSED] - uploadFile: File 'C:\Users\Public\Pictures\Sample Pictures\Act.jpg' sent to object: 'Object Repository/Final Object Repo/New Registration - Registration Module Pages/Third Screen - Upload Supporting Doc- Preview/Upload File Adding'

2018-11-08 15:05:28 - [MESSAGE][PASSED] - File 'C:\Users\Public\Pictures\Sample Pictures\Act.jpg' sent to object: 'Object Repository/Final Object Repo/New Registration - Registration Module Pages/Third Screen - Upload Supporting Doc- Preview/Upload File Adding'

2018-11-08 15:05:28 - [TEST_STEP][PASSED] - delay: Delayed 5 second(s)

2018-11-08 15:05:33 - [MESSAGE][PASSED] - Delayed 5 second(s)

2018-11-08 15:05:33 - [TEST_STEP][PASSED] - click: Object: 'Object Repository/Final Object Repo/New Registration - Registration Module Pages/Third Screen - Upload Supporting Doc- Preview/Inner Form Add Document Button' is clicked on

2018-11-08 15:05:39 - [MESSAGE][PASSED] - Object: 'Object Repository/Final Object Repo/New Registration - Registration Module Pages/Third Screen - Upload Supporting Doc- Preview/Inner Form Add Document Button' is clicked on

2018-11-08 15:05:39 - [TEST_STEP][PASSED] - delay: Delayed 3 second(s)

2018-11-08 15:05:42 - [MESSAGE][PASSED] - Delayed 3 second(s)

2018-11-08 15:05:42 - [TEST_STEP][PASSED] - waitForElementClickable: Object 'Object Repository/Final Object Repo/New Registration - Registration Module Pages/Third Screen - Upload Supporting Doc- Preview/Save n Continue in Uploading Supporting Doc Page' is clickable

2018-11-08 15:05:42 - [MESSAGE][PASSED] - Object 'Object Repository/Final Object Repo/New Registration - Registration Module Pages/Third Screen - Upload Supporting Doc- Preview/Save n Continue in Uploading Supporting Doc Page' is clickable

2018-11-08 15:05:42 - [TEST_STEP][PASSED] - click: Object: 'Object Repository/Final Object Repo/New Registration - Registration Module Pages/Third Screen - Upload Supporting Doc- Preview/Save n Continue in Uploading Supporting Doc Page' is clicked on

2018-11-08 15:05:48 - [MESSAGE][PASSED] - Object: 'Object Repository/Final Object Repo/New Registration - Registration Module Pages/Third Screen - Upload Supporting Doc- Preview/Save n Continue in Uploading Supporting Doc Page' is clicked on

2018-11-08 15:05:48 - [MESSAGE][PASSED] - Call Test Case 'Test Cases/Final Aug 2018 - PKS Automation/Registration Module/New Registration/Flow of New Registration/Third Screen - Upload Supporting Doc - Preview' successfully

2018-11-08 15:05:48 - [TEST_STEP][PASSED] - callTestCase: Call Test Case 'Test Cases/Final Aug 2018 - PKS Automation/Registration Module/New Registration/Submit and Screenshot/Submit Registration and Screenshot' successfully

2018-11-08 15:05:48 - [TEST_CASE][PASSED] - Test Cases/Final Aug 2018 - PKS Automation/Registration Module/New Registration/Submit and Screenshot/Submit Registration and Screenshot: Test Cases/Final Aug 2018 - PKS Automation/Registration Module/New Registration/Submit and Screenshot/Submit Registration and Screenshot

2018-11-08 15:05:48 - [TEST_STEP][PASSED] - delay: Delayed 6 second(s)

2018-11-08 15:05:54 - [MESSAGE][PASSED] - Delayed 6 second(s)

2018-11-08 15:05:54 - [TEST_STEP][PASSED] - click: Object: 'Object Repository/Final Object Repo/New Registration - Registration Module Pages/Third Screen - Upload Supporting Doc- Preview/Preview Submit Button' is clicked on

2018-11-08 15:05:54 - [MESSAGE][PASSED] - Object: 'Object Repository/Final Object Repo/New Registration - Registration Module Pages/Third Screen - Upload Supporting Doc- Preview/Preview Submit Button' is clicked on

2018-11-08 15:05:54 - [TEST_STEP][PASSED] - delay: Delayed 2 second(s)

2018-11-08 15:05:56 - [MESSAGE][PASSED] - Delayed 2 second(s)

2018-11-08 15:05:56 - [TEST_STEP][PASSED] - click: Object: 'Object Repository/Final Object Repo/New Registration - Registration Module Pages/Third Screen - Upload Supporting Doc- Preview/Preview Submit - Confirm' is clicked on

2018-11-08 15:06:02 - [MESSAGE][PASSED] - Object: 'Object Repository/Final Object Repo/New Registration - Registration Module Pages/Third Screen - Upload Supporting Doc- Preview/Preview Submit - Confirm' is clicked on

2018-11-08 15:06:02 - [TEST_STEP][PASSED] - delay: Delayed 15 second(s)

2018-11-08 15:06:17 - [MESSAGE][PASSED] - Delayed 15 second(s)

2018-11-08 15:06:17 - [TEST_STEP][PASSED] - Statement - driver = com.kms.katalon.core.webui.driver.DriverFactory.getWebDriver(): null

2018-11-08 15:06:17 - [TEST_STEP][PASSED] - Statement - driver.manage().timeouts().implicitlyWait(10, SECONDS): null

2018-11-08 15:06:17 - [TEST_STEP][PASSED] - Statement - PresavePath = KatalonScreenshots: null

2018-11-08 15:06:17 - [TEST_STEP][PASSED] - Statement - pathPrefix = "C:\Users\Public\Pictures\Sample Pictures\Katalon Screenshots\Automate Ending Screen": null

2018-11-08 15:06:17 - [TEST_STEP][PASSED] - Statement - finalPath = <not implemented yet for class: org.codehaus.groovy.ast.expr.EmptyExpression>: null

2018-11-08 15:06:17 - [TEST_STEP][PASSED] - Statement - scrFile = driver.getScreenshotAs(FILE): null

2018-11-08 15:06:17 - [TEST_STEP][PASSED] - Statement - PreSaveFile = new java.io.File(PresavePath): null

2018-11-08 15:06:17 - [TEST_STEP][PASSED] - Statement - counter = 0: null

2018-11-08 15:06:17 - [TEST_STEP][PASSED] - Statement - If (PreSaveFile.exists()): null

2018-11-08 15:06:17 - [TEST_STEP][PASSED] - Statement - While (PreSaveFile.exists()): null

2018-11-08 15:06:17 - [TEST_STEP][PASSED] - Statement - counter = counter + 1: null

2018-11-08 15:06:17 - [TEST_STEP][PASSED] - Statement - PreSaveFile = new java.io.File(((pathPrefix + java.lang.Integer.toString(counter)) + .png)): null

2018-11-08 15:06:17 - [TEST_STEP][PASSED] - Statement - counter = counter + 1: null

2018-11-08 15:06:17 - [TEST_STEP][PASSED] - Statement - PreSaveFile = new java.io.File(((pathPrefix + java.lang.Integer.toString(counter)) + .png)): null

2018-11-08 15:06:17 - [TEST_STEP][PASSED] - Statement - counter = counter + 1: null

2018-11-08 15:06:17 - [TEST_STEP][PASSED] - Statement - PreSaveFile = new java.io.File(((pathPrefix + java.lang.Integer.toString(counter)) + .png)): null

2018-11-08 15:06:17 - [TEST_STEP][PASSED] - Statement - counter = counter + 1: null

2018-11-08 15:06:17 - [TEST_STEP][PASSED] - Statement - PreSaveFile = new java.io.File(((pathPrefix + java.lang.Integer.toString(counter)) + .png)): null

2018-11-08 15:06:17 - [TEST_STEP][PASSED] - Statement - counter = counter + 1: null

2018-11-08 15:06:17 - [TEST_STEP][PASSED] - Statement - PreSaveFile = new java.io.File(((pathPrefix + java.lang.Integer.toString(counter)) + .png)): null

2018-11-08 15:06:17 - [TEST_STEP][PASSED] - Statement - counter = counter + 1: null

2018-11-08 15:06:17 - [TEST_STEP][PASSED] - Statement - PreSaveFile = new java.io.File(((pathPrefix + java.lang.Integer.toString(counter)) + .png)): null

2018-11-08 15:06:17 - [TEST_STEP][PASSED] - Statement - counter = counter + 1: null

2018-11-08 15:06:17 - [TEST_STEP][PASSED] - Statement - PreSaveFile = new java.io.File(((pathPrefix + java.lang.Integer.toString(counter)) + .png)): null

2018-11-08 15:06:17 - [TEST_STEP][PASSED] - Statement - counter = counter + 1: null

2018-11-08 15:06:17 - [TEST_STEP][PASSED] - Statement - PreSaveFile = new java.io.File(((pathPrefix + java.lang.Integer.toString(counter)) + .png)): null

2018-11-08 15:06:17 - [TEST_STEP][PASSED] - Statement - counter = counter + 1: null

2018-11-08 15:06:17 - [TEST_STEP][PASSED] - Statement - PreSaveFile = new java.io.File(((pathPrefix + java.lang.Integer.toString(counter)) + .png)): null

2018-11-08 15:06:17 - [TEST_STEP][PASSED] - Statement - counter = counter + 1: null

2018-11-08 15:06:17 - [TEST_STEP][PASSED] - Statement - PreSaveFile = new java.io.File(((pathPrefix + java.lang.Integer.toString(counter)) + .png)): null

2018-11-08 15:06:17 - [TEST_STEP][PASSED] - Statement - counter = counter + 1: null

2018-11-08 15:06:17 - [TEST_STEP][PASSED] - Statement - PreSaveFile = new java.io.File(((pathPrefix + java.lang.Integer.toString(counter)) + .png)): null

2018-11-08 15:06:17 - [TEST_STEP][PASSED] - Statement - counter = counter + 1: null

2018-11-08 15:06:17 - [TEST_STEP][PASSED] - Statement - PreSaveFile = new java.io.File(((pathPrefix + java.lang.Integer.toString(counter)) + .png)): null

2018-11-08 15:06:17 - [TEST_STEP][PASSED] - Statement - counter = counter + 1: null

2018-11-08 15:06:17 - [TEST_STEP][PASSED] - Statement - PreSaveFile = new java.io.File(((pathPrefix + java.lang.Integer.toString(counter)) + .png)): null

2018-11-08 15:06:17 - [TEST_STEP][PASSED] - Statement - counter = counter + 1: null

2018-11-08 15:06:17 - [TEST_STEP][PASSED] - Statement - PreSaveFile = new java.io.File(((pathPrefix + java.lang.Integer.toString(counter)) + .png)): null

2018-11-08 15:06:17 - [TEST_STEP][PASSED] - Statement - counter = counter + 1: null

2018-11-08 15:06:17 - [TEST_STEP][PASSED] - Statement - PreSaveFile = new java.io.File(((pathPrefix + java.lang.Integer.toString(counter)) + .png)): null

2018-11-08 15:06:17 - [TEST_STEP][PASSED] - Statement - counter = counter + 1: null

2018-11-08 15:06:17 - [TEST_STEP][PASSED] - Statement - PreSaveFile = new java.io.File(((pathPrefix + java.lang.Integer.toString(counter)) + .png)): null

2018-11-08 15:06:17 - [TEST_STEP][PASSED] - Statement - counter = counter + 1: null

2018-11-08 15:06:17 - [TEST_STEP][PASSED] - Statement - PreSaveFile = new java.io.File(((pathPrefix + java.lang.Integer.toString(counter)) + .png)): null

2018-11-08 15:06:17 - [TEST_STEP][PASSED] - Statement - counter = counter + 1: null

2018-11-08 15:06:17 - [TEST_STEP][PASSED] - Statement - PreSaveFile = new java.io.File(((pathPrefix + java.lang.Integer.toString(counter)) + .png)): null

2018-11-08 15:06:17 - [TEST_STEP][PASSED] - Statement - counter = counter + 1: null

2018-11-08 15:06:17 - [TEST_STEP][PASSED] - Statement - PreSaveFile = new java.io.File(((pathPrefix + java.lang.Integer.toString(counter)) + .png)): null

2018-11-08 15:06:17 - [TEST_STEP][PASSED] - Statement - counter = counter + 1: null

2018-11-08 15:06:17 - [TEST_STEP][PASSED] - Statement - PreSaveFile = new java.io.File(((pathPrefix + java.lang.Integer.toString(counter)) + .png)): null

2018-11-08 15:06:17 - [TEST_STEP][PASSED] - Statement - counter = counter + 1: null

2018-11-08 15:06:17 - [TEST_STEP][PASSED] - Statement - PreSaveFile = new java.io.File(((pathPrefix + java.lang.Integer.toString(counter)) + .png)): null

2018-11-08 15:06:17 - [TEST_STEP][PASSED] - Statement - counter = counter + 1: null

2018-11-08 15:06:17 - [TEST_STEP][PASSED] - Statement - PreSaveFile = new java.io.File(((pathPrefix + java.lang.Integer.toString(counter)) + .png)): null

2018-11-08 15:06:17 - [TEST_STEP][PASSED] - Statement - counter = counter + 1: null

2018-11-08 15:06:17 - [TEST_STEP][PASSED] - Statement - PreSaveFile = new java.io.File(((pathPrefix + java.lang.Integer.toString(counter)) + .png)): null

2018-11-08 15:06:17 - [TEST_STEP][PASSED] - Statement - counter = counter + 1: null

2018-11-08 15:06:17 - [TEST_STEP][PASSED] - Statement - PreSaveFile = new java.io.File(((pathPrefix + java.lang.Integer.toString(counter)) + .png)): null

2018-11-08 15:06:17 - [TEST_STEP][PASSED] - Statement - counter = counter + 1: null

2018-11-08 15:06:17 - [TEST_STEP][PASSED] - Statement - PreSaveFile = new java.io.File(((pathPrefix + java.lang.Integer.toString(counter)) + .png)): null

2018-11-08 15:06:17 - [TEST_STEP][PASSED] - Statement - counter = counter + 1: null

2018-11-08 15:06:17 - [TEST_STEP][PASSED] - Statement - PreSaveFile = new java.io.File(((pathPrefix + java.lang.Integer.toString(counter)) + .png)): null

2018-11-08 15:06:17 - [TEST_STEP][PASSED] - Statement - counter = counter + 1: null

2018-11-08 15:06:17 - [TEST_STEP][PASSED] - Statement - PreSaveFile = new java.io.File(((pathPrefix + java.lang.Integer.toString(counter)) + .png)): null

2018-11-08 15:06:17 - [TEST_STEP][PASSED] - Statement - counter = counter + 1: null

2018-11-08 15:06:17 - [TEST_STEP][PASSED] - Statement - PreSaveFile = new java.io.File(((pathPrefix + java.lang.Integer.toString(counter)) + .png)): null

2018-11-08 15:06:17 - [TEST_STEP][PASSED] - Statement - counter = counter + 1: null

2018-11-08 15:06:17 - [TEST_STEP][PASSED] - Statement - PreSaveFile = new java.io.File(((pathPrefix + java.lang.Integer.toString(counter)) + .png)): null

2018-11-08 15:06:17 - [TEST_STEP][PASSED] - Statement - counter = counter + 1: null

2018-11-08 15:06:17 - [TEST_STEP][PASSED] - Statement - PreSaveFile = new java.io.File(((pathPrefix + java.lang.Integer.toString(counter)) + .png)): null

2018-11-08 15:06:17 - [TEST_STEP][PASSED] - Statement - counter = counter + 1: null

2018-11-08 15:06:18 - [TEST_STEP][PASSED] - Statement - PreSaveFile = new java.io.File(((pathPrefix + java.lang.Integer.toString(counter)) + .png)): null

2018-11-08 15:06:18 - [TEST_STEP][PASSED] - Statement - counter = counter + 1: null

2018-11-08 15:06:18 - [TEST_STEP][PASSED] - Statement - PreSaveFile = new java.io.File(((pathPrefix + java.lang.Integer.toString(counter)) + .png)): null

2018-11-08 15:06:18 - [TEST_STEP][PASSED] - Statement - counter = counter + 1: null

2018-11-08 15:06:18 - [TEST_STEP][PASSED] - Statement - PreSaveFile = new java.io.File(((pathPrefix + java.lang.Integer.toString(counter)) + .png)): null

2018-11-08 15:06:18 - [TEST_STEP][PASSED] - Statement - counter = counter + 1: null

2018-11-08 15:06:18 - [TEST_STEP][PASSED] - Statement - PreSaveFile = new java.io.File(((pathPrefix + java.lang.Integer.toString(counter)) + .png)): null

2018-11-08 15:06:18 - [TEST_STEP][PASSED] - Statement - counter = counter + 1: null

2018-11-08 15:06:18 - [TEST_STEP][PASSED] - Statement - PreSaveFile = new java.io.File(((pathPrefix + java.lang.Integer.toString(counter)) + .png)): null

2018-11-08 15:06:18 - [TEST_STEP][PASSED] - Statement - counter = counter + 1: null

2018-11-08 15:06:18 - [TEST_STEP][PASSED] - Statement - PreSaveFile = new java.io.File(((pathPrefix + java.lang.Integer.toString(counter)) + .png)): null

2018-11-08 15:06:18 - [TEST_STEP][PASSED] - Statement - counter = counter + 1: null

2018-11-08 15:06:18 - [TEST_STEP][PASSED] - Statement - PreSaveFile = new java.io.File(((pathPrefix + java.lang.Integer.toString(counter)) + .png)): null

2018-11-08 15:06:18 - [TEST_STEP][PASSED] - Statement - counter = counter + 1: null

2018-11-08 15:06:18 - [TEST_STEP][PASSED] - Statement - PreSaveFile = new java.io.File(((pathPrefix + java.lang.Integer.toString(counter)) + .png)): null

2018-11-08 15:06:18 - [TEST_STEP][PASSED] - Statement - counter = counter + 1: null

2018-11-08 15:06:18 - [TEST_STEP][PASSED] - Statement - PreSaveFile = new java.io.File(((pathPrefix + java.lang.Integer.toString(counter)) + .png)): null

2018-11-08 15:06:18 - [TEST_STEP][PASSED] - Statement - counter = counter + 1: null

2018-11-08 15:06:18 - [TEST_STEP][PASSED] - Statement - PreSaveFile = new java.io.File(((pathPrefix + java.lang.Integer.toString(counter)) + .png)): null

2018-11-08 15:06:18 - [TEST_STEP][PASSED] - Statement - counter = counter + 1: null

2018-11-08 15:06:18 - [TEST_STEP][PASSED] - Statement - PreSaveFile = new java.io.File(((pathPrefix + java.lang.Integer.toString(counter)) + .png)): null

2018-11-08 15:06:18 - [TEST_STEP][PASSED] - Statement - counter = counter + 1: null

2018-11-08 15:06:18 - [TEST_STEP][PASSED] - Statement - PreSaveFile = new java.io.File(((pathPrefix + java.lang.Integer.toString(counter)) + .png)): null

2018-11-08 15:06:18 - [TEST_STEP][PASSED] - Statement - counter = counter + 1: null

2018-11-08 15:06:19 - [TEST_STEP][PASSED] - Statement - PreSaveFile = new java.io.File(((pathPrefix + java.lang.Integer.toString(counter)) + .png)): null

2018-11-08 15:06:19 - [TEST_STEP][PASSED] - Statement - counter = counter + 1: null

2018-11-08 15:06:19 - [TEST_STEP][PASSED] - Statement - PreSaveFile = new java.io.File(((pathPrefix + java.lang.Integer.toString(counter)) + .png)): null

2018-11-08 15:06:19 - [TEST_STEP][PASSED] - Statement - counter = counter + 1: null

2018-11-08 15:06:19 - [TEST_STEP][PASSED] - Statement - PreSaveFile = new java.io.File(((pathPrefix + java.lang.Integer.toString(counter)) + .png)): null

2018-11-08 15:06:19 - [TEST_STEP][PASSED] - Statement - counter = counter + 1: null

2018-11-08 15:06:19 - [TEST_STEP][PASSED] - Statement - PreSaveFile = new java.io.File(((pathPrefix + java.lang.Integer.toString(counter)) + .png)): null

2018-11-08 15:06:19 - [TEST_STEP][PASSED] - Statement - counter = counter + 1: null

2018-11-08 15:06:19 - [TEST_STEP][PASSED] - Statement - PreSaveFile = new java.io.File(((pathPrefix + java.lang.Integer.toString(counter)) + .png)): null

2018-11-08 15:06:19 - [TEST_STEP][PASSED] - Statement - counter = counter + 1: null

2018-11-08 15:06:19 - [TEST_STEP][PASSED] - Statement - PreSaveFile = new java.io.File(((pathPrefix + java.lang.Integer.toString(counter)) + .png)): null

2018-11-08 15:06:19 - [TEST_STEP][PASSED] - Statement - counter = counter + 1: null

2018-11-08 15:06:19 - [TEST_STEP][PASSED] - Statement - PreSaveFile = new java.io.File(((pathPrefix + java.lang.Integer.toString(counter)) + .png)): null

2018-11-08 15:06:19 - [TEST_STEP][PASSED] - Statement - counter = counter + 1: null

2018-11-08 15:06:19 - [TEST_STEP][PASSED] - Statement - PreSaveFile = new java.io.File(((pathPrefix + java.lang.Integer.toString(counter)) + .png)): null

2018-11-08 15:06:19 - [TEST_STEP][PASSED] - Statement - counter = counter + 1: null

2018-11-08 15:06:19 - [TEST_STEP][PASSED] - Statement - PreSaveFile = new java.io.File(((pathPrefix + java.lang.Integer.toString(counter)) + .png)): null

2018-11-08 15:06:19 - [TEST_STEP][PASSED] - Statement - counter = counter + 1: null

2018-11-08 15:06:19 - [TEST_STEP][PASSED] - Statement - PreSaveFile = new java.io.File(((pathPrefix + java.lang.Integer.toString(counter)) + .png)): null

2018-11-08 15:06:19 - [TEST_STEP][PASSED] - Statement - counter = counter + 1: null

2018-11-08 15:06:19 - [TEST_STEP][PASSED] - Statement - PreSaveFile = new java.io.File(((pathPrefix + java.lang.Integer.toString(counter)) + .png)): null

2018-11-08 15:06:19 - [TEST_STEP][PASSED] - Statement - counter = counter + 1: null

2018-11-08 15:06:19 - [TEST_STEP][PASSED] - Statement - PreSaveFile = new java.io.File(((pathPrefix + java.lang.Integer.toString(counter)) + .png)): null

2018-11-08 15:06:19 - [TEST_STEP][PASSED] - Statement - counter = counter + 1: null

2018-11-08 15:06:20 - [TEST_STEP][PASSED] - Statement - PreSaveFile = new java.io.File(((pathPrefix + java.lang.Integer.toString(counter)) + .png)): null

2018-11-08 15:06:20 - [TEST_STEP][PASSED] - Statement - counter = counter + 1: null

2018-11-08 15:06:20 - [TEST_STEP][PASSED] - Statement - PreSaveFile = new java.io.File(((pathPrefix + java.lang.Integer.toString(counter)) + .png)): null

2018-11-08 15:06:20 - [TEST_STEP][PASSED] - Statement - counter = counter + 1: null

2018-11-08 15:06:20 - [TEST_STEP][PASSED] - Statement - PreSaveFile = new java.io.File(((pathPrefix + java.lang.Integer.toString(counter)) + .png)): null

2018-11-08 15:06:20 - [TEST_STEP][PASSED] - Statement - counter = counter + 1: null

2018-11-08 15:06:20 - [TEST_STEP][PASSED] - Statement - PreSaveFile = new java.io.File(((pathPrefix + java.lang.Integer.toString(counter)) + .png)): null

2018-11-08 15:06:20 - [TEST_STEP][PASSED] - Statement - counter = counter + 1: null

2018-11-08 15:06:20 - [TEST_STEP][PASSED] - Statement - PreSaveFile = new java.io.File(((pathPrefix + java.lang.Integer.toString(counter)) + .png)): null

2018-11-08 15:06:20 - [TEST_STEP][PASSED] - Statement - counter = counter + 1: null

2018-11-08 15:06:20 - [TEST_STEP][PASSED] - Statement - PreSaveFile = new java.io.File(((pathPrefix + java.lang.Integer.toString(counter)) + .png)): null

2018-11-08 15:06:20 - [TEST_STEP][PASSED] - Statement - counter = counter + 1: null

2018-11-08 15:06:20 - [TEST_STEP][PASSED] - Statement - PreSaveFile = new java.io.File(((pathPrefix + java.lang.Integer.toString(counter)) + .png)): null

2018-11-08 15:06:20 - [TEST_STEP][PASSED] - Statement - counter = counter + 1: null

2018-11-08 15:06:20 - [TEST_STEP][PASSED] - Statement - PreSaveFile = new java.io.File(((pathPrefix + java.lang.Integer.toString(counter)) + .png)): null

2018-11-08 15:06:20 - [TEST_STEP][PASSED] - Statement - counter = counter + 1: null

2018-11-08 15:06:20 - [TEST_STEP][PASSED] - Statement - PreSaveFile = new java.io.File(((pathPrefix + java.lang.Integer.toString(counter)) + .png)): null

2018-11-08 15:06:20 - [TEST_STEP][PASSED] - Statement - counter = counter + 1: null

2018-11-08 15:06:20 - [TEST_STEP][PASSED] - Statement - PreSaveFile = new java.io.File(((pathPrefix + java.lang.Integer.toString(counter)) + .png)): null

2018-11-08 15:06:21 - [TEST_STEP][PASSED] - Statement - counter = counter + 1: null

2018-11-08 15:06:21 - [TEST_STEP][PASSED] - Statement - PreSaveFile = new java.io.File(((pathPrefix + java.lang.Integer.toString(counter)) + .png)): null

2018-11-08 15:06:21 - [TEST_STEP][PASSED] - Statement - counter = counter + 1: null

2018-11-08 15:06:21 - [TEST_STEP][PASSED] - Statement - PreSaveFile = new java.io.File(((pathPrefix + java.lang.Integer.toString(counter)) + .png)): null

2018-11-08 15:06:21 - [TEST_STEP][PASSED] - Statement - counter = counter + 1: null

2018-11-08 15:06:21 - [TEST_STEP][PASSED] - Statement - PreSaveFile = new java.io.File(((pathPrefix + java.lang.Integer.toString(counter)) + .png)): null

2018-11-08 15:06:21 - [TEST_STEP][PASSED] - Statement - counter = counter + 1: null

2018-11-08 15:06:21 - [TEST_STEP][PASSED] - Statement - PreSaveFile = new java.io.File(((pathPrefix + java.lang.Integer.toString(counter)) + .png)): null

2018-11-08 15:06:21 - [TEST_STEP][PASSED] - Statement - counter = counter + 1: null

2018-11-08 15:06:21 - [TEST_STEP][PASSED] - Statement - PreSaveFile = new java.io.File(((pathPrefix + java.lang.Integer.toString(counter)) + .png)): null

2018-11-08 15:06:21 - [TEST_STEP][PASSED] - Statement - counter = counter + 1: null

2018-11-08 15:06:21 - [TEST_STEP][PASSED] - Statement - PreSaveFile = new java.io.File(((pathPrefix + java.lang.Integer.toString(counter)) + .png)): null

2018-11-08 15:06:21 - [TEST_STEP][PASSED] - Statement - counter = counter + 1: null

2018-11-08 15:06:21 - [TEST_STEP][PASSED] - Statement - PreSaveFile = new java.io.File(((pathPrefix + java.lang.Integer.toString(counter)) + .png)): null

2018-11-08 15:06:21 - [TEST_STEP][PASSED] - Statement - counter = counter + 1: null

2018-11-08 15:06:21 - [TEST_STEP][PASSED] - Statement - PreSaveFile = new java.io.File(((pathPrefix + java.lang.Integer.toString(counter)) + .png)): null

2018-11-08 15:06:21 - [TEST_STEP][PASSED] - Statement - counter = counter + 1: null

2018-11-08 15:06:21 - [TEST_STEP][PASSED] - Statement - PreSaveFile = new java.io.File(((pathPrefix + java.lang.Integer.toString(counter)) + .png)): null

2018-11-08 15:06:21 - [TEST_STEP][PASSED] - Statement - counter = counter + 1: null

2018-11-08 15:06:21 - [TEST_STEP][PASSED] - Statement - PreSaveFile = new java.io.File(((pathPrefix + java.lang.Integer.toString(counter)) + .png)): null

2018-11-08 15:06:21 - [TEST_STEP][PASSED] - Statement - counter = counter + 1: null

2018-11-08 15:06:21 - [TEST_STEP][PASSED] - Statement - PreSaveFile = new java.io.File(((pathPrefix + java.lang.Integer.toString(counter)) + .png)): null

2018-11-08 15:06:21 - [TEST_STEP][PASSED] - Statement - counter = counter + 1: null

2018-11-08 15:06:22 - [TEST_STEP][PASSED] - Statement - PreSaveFile = new java.io.File(((pathPrefix + java.lang.Integer.toString(counter)) + .png)): null

2018-11-08 15:06:22 - [TEST_STEP][PASSED] - Statement - counter = counter + 1: null

2018-11-08 15:06:22 - [TEST_STEP][PASSED] - Statement - PreSaveFile = new java.io.File(((pathPrefix + java.lang.Integer.toString(counter)) + .png)): null

2018-11-08 15:06:22 - [TEST_STEP][PASSED] - Statement - counter = counter + 1: null

2018-11-08 15:06:22 - [TEST_STEP][PASSED] - Statement - PreSaveFile = new java.io.File(((pathPrefix + java.lang.Integer.toString(counter)) + .png)): null

2018-11-08 15:06:22 - [TEST_STEP][PASSED] - Statement - counter = counter + 1: null

2018-11-08 15:06:22 - [TEST_STEP][PASSED] - Statement - PreSaveFile = new java.io.File(((pathPrefix + java.lang.Integer.toString(counter)) + .png)): null

2018-11-08 15:06:22 - [TEST_STEP][PASSED] - Statement - counter = counter + 1: null

2018-11-08 15:06:22 - [TEST_STEP][PASSED] - Statement - PreSaveFile = new java.io.File(((pathPrefix + java.lang.Integer.toString(counter)) + .png)): null

2018-11-08 15:06:22 - [TEST_STEP][PASSED] - Statement - counter = counter + 1: null

2018-11-08 15:06:22 - [TEST_STEP][PASSED] - Statement - PreSaveFile = new java.io.File(((pathPrefix + java.lang.Integer.toString(counter)) + .png)): null

2018-11-08 15:06:22 - [TEST_STEP][PASSED] - Statement - counter = counter + 1: null

2018-11-08 15:06:22 - [TEST_STEP][PASSED] - Statement - PreSaveFile = new java.io.File(((pathPrefix + java.lang.Integer.toString(counter)) + .png)): null

2018-11-08 15:06:22 - [TEST_STEP][PASSED] - Statement - counter = counter + 1: null

2018-11-08 15:06:22 - [TEST_STEP][PASSED] - Statement - PreSaveFile = new java.io.File(((pathPrefix + java.lang.Integer.toString(counter)) + .png)): null

2018-11-08 15:06:22 - [TEST_STEP][PASSED] - Statement - counter = counter + 1: null

2018-11-08 15:06:22 - [TEST_STEP][PASSED] - Statement - PreSaveFile = new java.io.File(((pathPrefix + java.lang.Integer.toString(counter)) + .png)): null

2018-11-08 15:06:22 - [TEST_STEP][PASSED] - Statement - counter = counter + 1: null

2018-11-08 15:06:22 - [TEST_STEP][PASSED] - Statement - PreSaveFile = new java.io.File(((pathPrefix + java.lang.Integer.toString(counter)) + .png)): null

2018-11-08 15:06:22 - [TEST_STEP][PASSED] - Statement - counter = counter + 1: null

2018-11-08 15:06:22 - [TEST_STEP][PASSED] - Statement - PreSaveFile = new java.io.File(((pathPrefix + java.lang.Integer.toString(counter)) + .png)): null

2018-11-08 15:06:22 - [TEST_STEP][PASSED] - Statement - counter = counter + 1: null

2018-11-08 15:06:22 - [TEST_STEP][PASSED] - Statement - PreSaveFile = new java.io.File(((pathPrefix + java.lang.Integer.toString(counter)) + .png)): null

2018-11-08 15:06:22 - [TEST_STEP][PASSED] - Statement - counter = counter + 1: null

2018-11-08 15:06:23 - [TEST_STEP][PASSED] - Statement - PreSaveFile = new java.io.File(((pathPrefix + java.lang.Integer.toString(counter)) + .png)): null

2018-11-08 15:06:23 - [TEST_STEP][PASSED] - Statement - counter = counter + 1: null

2018-11-08 15:06:23 - [TEST_STEP][PASSED] - Statement - PreSaveFile = new java.io.File(((pathPrefix + java.lang.Integer.toString(counter)) + .png)): null

2018-11-08 15:06:23 - [TEST_STEP][PASSED] - Statement - counter = counter + 1: null

2018-11-08 15:06:23 - [TEST_STEP][PASSED] - Statement - PreSaveFile = new java.io.File(((pathPrefix + java.lang.Integer.toString(counter)) + .png)): null

2018-11-08 15:06:23 - [TEST_STEP][PASSED] - Statement - counter = counter + 1: null

2018-11-08 15:06:23 - [TEST_STEP][PASSED] - Statement - PreSaveFile = new java.io.File(((pathPrefix + java.lang.Integer.toString(counter)) + .png)): null

2018-11-08 15:06:23 - [TEST_STEP][PASSED] - Statement - counter = counter + 1: null

2018-11-08 15:06:23 - [TEST_STEP][PASSED] - Statement - PreSaveFile = new java.io.File(((pathPrefix + java.lang.Integer.toString(counter)) + .png)): null

2018-11-08 15:06:24 - [TEST_STEP][PASSED] - Statement - counter = counter + 1: null

2018-11-08 15:06:24 - [TEST_STEP][PASSED] - Statement - PreSaveFile = new java.io.File(((pathPrefix + java.lang.Integer.toString(counter)) + .png)): null

2018-11-08 15:06:24 - [TEST_STEP][PASSED] - Statement - counter = counter + 1: null

2018-11-08 15:06:24 - [TEST_STEP][PASSED] - Statement - PreSaveFile = new java.io.File(((pathPrefix + java.lang.Integer.toString(counter)) + .png)): null

2018-11-08 15:06:24 - [TEST_STEP][PASSED] - Statement - counter = counter + 1: null

2018-11-08 15:06:24 - [TEST_STEP][PASSED] - Statement - PreSaveFile = new java.io.File(((pathPrefix + java.lang.Integer.toString(counter)) + .png)): null

2018-11-08 15:06:24 - [TEST_STEP][PASSED] - Statement - counter = counter + 1: null

2018-11-08 15:06:24 - [TEST_STEP][PASSED] - Statement - PreSaveFile = new java.io.File(((pathPrefix + java.lang.Integer.toString(counter)) + .png)): null

2018-11-08 15:06:24 - [TEST_STEP][PASSED] - Statement - counter = counter + 1: null

2018-11-08 15:06:24 - [TEST_STEP][PASSED] - Statement - PreSaveFile = new java.io.File(((pathPrefix + java.lang.Integer.toString(counter)) + .png)): null

2018-11-08 15:06:24 - [TEST_STEP][PASSED] - Statement - counter = counter + 1: null

2018-11-08 15:06:24 - [TEST_STEP][PASSED] - Statement - PreSaveFile = new java.io.File(((pathPrefix + java.lang.Integer.toString(counter)) + .png)): null

2018-11-08 15:06:24 - [TEST_STEP][PASSED] - Statement - counter = counter + 1: null

2018-11-08 15:06:24 - [TEST_STEP][PASSED] - Statement - PreSaveFile = new java.io.File(((pathPrefix + java.lang.Integer.toString(counter)) + .png)): null

2018-11-08 15:06:24 - [TEST_STEP][PASSED] - Statement - counter = counter + 1: null

2018-11-08 15:06:24 - [TEST_STEP][PASSED] - Statement - PreSaveFile = new java.io.File(((pathPrefix + java.lang.Integer.toString(counter)) + .png)): null

2018-11-08 15:06:24 - [TEST_STEP][PASSED] - Statement - counter = counter + 1: null

2018-11-08 15:06:24 - [TEST_STEP][PASSED] - Statement - PreSaveFile = new java.io.File(((pathPrefix + java.lang.Integer.toString(counter)) + .png)): null

2018-11-08 15:06:24 - [TEST_STEP][PASSED] - Statement - counter = counter + 1: null

2018-11-08 15:06:25 - [TEST_STEP][PASSED] - Statement - PreSaveFile = new java.io.File(((pathPrefix + java.lang.Integer.toString(counter)) + .png)): null

2018-11-08 15:06:25 - [TEST_STEP][PASSED] - Statement - counter = counter + 1: null

2018-11-08 15:06:25 - [TEST_STEP][PASSED] - Statement - PreSaveFile = new java.io.File(((pathPrefix + java.lang.Integer.toString(counter)) + .png)): null

2018-11-08 15:06:25 - [TEST_STEP][PASSED] - Statement - counter = counter + 1: null

2018-11-08 15:06:25 - [TEST_STEP][PASSED] - Statement - PreSaveFile = new java.io.File(((pathPrefix + java.lang.Integer.toString(counter)) + .png)): null

2018-11-08 15:06:25 - [TEST_STEP][PASSED] - Statement - counter = counter + 1: null

2018-11-08 15:06:25 - [TEST_STEP][PASSED] - Statement - PreSaveFile = new java.io.File(((pathPrefix + java.lang.Integer.toString(counter)) + .png)): null

2018-11-08 15:06:25 - [TEST_STEP][PASSED] - Statement - counter = counter + 1: null

2018-11-08 15:06:25 - [TEST_STEP][PASSED] - Statement - PreSaveFile = new java.io.File(((pathPrefix + java.lang.Integer.toString(counter)) + .png)): null

2018-11-08 15:06:25 - [TEST_STEP][PASSED] - Statement - counter = counter + 1: null

2018-11-08 15:06:25 - [TEST_STEP][PASSED] - Statement - PreSaveFile = new java.io.File(((pathPrefix + java.lang.Integer.toString(counter)) + .png)): null

2018-11-08 15:06:25 - [TEST_STEP][PASSED] - Statement - counter = counter + 1: null

2018-11-08 15:06:25 - [TEST_STEP][PASSED] - Statement - PreSaveFile = new java.io.File(((pathPrefix + java.lang.Integer.toString(counter)) + .png)): null

2018-11-08 15:06:25 - [TEST_STEP][PASSED] - Statement - counter = counter + 1: null

2018-11-08 15:06:25 - [TEST_STEP][PASSED] - Statement - PreSaveFile = new java.io.File(((pathPrefix + java.lang.Integer.toString(counter)) + .png)): null

2018-11-08 15:06:25 - [TEST_STEP][PASSED] - Statement - counter = counter + 1: null

2018-11-08 15:06:25 - [TEST_STEP][PASSED] - Statement - PreSaveFile = new java.io.File(((pathPrefix + java.lang.Integer.toString(counter)) + .png)): null

2018-11-08 15:06:25 - [TEST_STEP][PASSED] - Statement - counter = counter + 1: null

2018-11-08 15:06:25 - [TEST_STEP][PASSED] - Statement - PreSaveFile = new java.io.File(((pathPrefix + java.lang.Integer.toString(counter)) + .png)): null

2018-11-08 15:06:25 - [TEST_STEP][PASSED] - Statement - counter = counter + 1: null

2018-11-08 15:06:25 - [TEST_STEP][PASSED] - Statement - PreSaveFile = new java.io.File(((pathPrefix + java.lang.Integer.toString(counter)) + .png)): null

2018-11-08 15:06:25 - [TEST_STEP][PASSED] - Statement - counter = counter + 1: null

2018-11-08 15:06:25 - [TEST_STEP][PASSED] - Statement - PreSaveFile = new java.io.File(((pathPrefix + java.lang.Integer.toString(counter)) + .png)): null

2018-11-08 15:06:26 - [TEST_STEP][PASSED] - Statement - counter = counter + 1: null

2018-11-08 15:06:26 - [TEST_STEP][PASSED] - Statement - PreSaveFile = new java.io.File(((pathPrefix + java.lang.Integer.toString(counter)) + .png)): null

2018-11-08 15:06:26 - [TEST_STEP][PASSED] - Statement - counter = counter + 1: null

2018-11-08 15:06:26 - [TEST_STEP][PASSED] - Statement - PreSaveFile = new java.io.File(((pathPrefix + java.lang.Integer.toString(counter)) + .png)): null

2018-11-08 15:06:26 - [TEST_STEP][PASSED] - Statement - counter = counter + 1: null

2018-11-08 15:06:26 - [TEST_STEP][PASSED] - Statement - PreSaveFile = new java.io.File(((pathPrefix + java.lang.Integer.toString(counter)) + .png)): null

2018-11-08 15:06:26 - [TEST_STEP][PASSED] - Statement - counter = counter + 1: null

2018-11-08 15:06:26 - [TEST_STEP][PASSED] - Statement - PreSaveFile = new java.io.File(((pathPrefix + java.lang.Integer.toString(counter)) + .png)): null

2018-11-08 15:06:26 - [TEST_STEP][PASSED] - Statement - counter = counter + 1: null

2018-11-08 15:06:26 - [TEST_STEP][PASSED] - Statement - PreSaveFile = new java.io.File(((pathPrefix + java.lang.Integer.toString(counter)) + .png)): null

2018-11-08 15:06:27 - [TEST_STEP][PASSED] - Statement - counter = counter + 1: null

2018-11-08 15:06:27 - [TEST_STEP][PASSED] - Statement - PreSaveFile = new java.io.File(((pathPrefix + java.lang.Integer.toString(counter)) + .png)): null

2018-11-08 15:06:27 - [TEST_STEP][PASSED] - Statement - counter = counter + 1: null

2018-11-08 15:06:27 - [TEST_STEP][PASSED] - Statement - PreSaveFile = new java.io.File(((pathPrefix + java.lang.Integer.toString(counter)) + .png)): null

2018-11-08 15:06:27 - [TEST_STEP][PASSED] - Statement - counter = counter + 1: null

2018-11-08 15:06:27 - [TEST_STEP][PASSED] - Statement - PreSaveFile = new java.io.File(((pathPrefix + java.lang.Integer.toString(counter)) + .png)): null

2018-11-08 15:06:27 - [TEST_STEP][PASSED] - Statement - counter = counter + 1: null

2018-11-08 15:06:27 - [TEST_STEP][PASSED] - Statement - PreSaveFile = new java.io.File(((pathPrefix + java.lang.Integer.toString(counter)) + .png)): null

2018-11-08 15:06:27 - [TEST_STEP][PASSED] - Statement - counter = counter + 1: null

2018-11-08 15:06:27 - [TEST_STEP][PASSED] - Statement - PreSaveFile = new java.io.File(((pathPrefix + java.lang.Integer.toString(counter)) + .png)): null

2018-11-08 15:06:27 - [TEST_STEP][PASSED] - Statement - counter = counter + 1: null

2018-11-08 15:06:27 - [TEST_STEP][PASSED] - Statement - PreSaveFile = new java.io.File(((pathPrefix + java.lang.Integer.toString(counter)) + .png)): null

2018-11-08 15:06:27 - [TEST_STEP][PASSED] - Statement - counter = counter + 1: null

2018-11-08 15:06:27 - [TEST_STEP][PASSED] - Statement - PreSaveFile = new java.io.File(((pathPrefix + java.lang.Integer.toString(counter)) + .png)): null

2018-11-08 15:06:27 - [TEST_STEP][PASSED] - Statement - counter = counter + 1: null

2018-11-08 15:06:27 - [TEST_STEP][PASSED] - Statement - PreSaveFile = new java.io.File(((pathPrefix + java.lang.Integer.toString(counter)) + .png)): null

2018-11-08 15:06:27 - [TEST_STEP][PASSED] - Statement - counter = counter + 1: null

2018-11-08 15:06:27 - [TEST_STEP][PASSED] - Statement - PreSaveFile = new java.io.File(((pathPrefix + java.lang.Integer.toString(counter)) + .png)): null

2018-11-08 15:06:27 - [TEST_STEP][PASSED] - Statement - counter = counter + 1: null

2018-11-08 15:06:27 - [TEST_STEP][PASSED] - Statement - PreSaveFile = new java.io.File(((pathPrefix + java.lang.Integer.toString(counter)) + .png)): null

2018-11-08 15:06:27 - [TEST_STEP][PASSED] - Statement - counter = counter + 1: null

2018-11-08 15:06:27 - [TEST_STEP][PASSED] - Statement - PreSaveFile = new java.io.File(((pathPrefix + java.lang.Integer.toString(counter)) + .png)): null

2018-11-08 15:06:27 - [TEST_STEP][PASSED] - Statement - counter = counter + 1: null

2018-11-08 15:06:27 - [TEST_STEP][PASSED] - Statement - PreSaveFile = new java.io.File(((pathPrefix + java.lang.Integer.toString(counter)) + .png)): null

2018-11-08 15:06:27 - [TEST_STEP][PASSED] - Statement - counter = counter + 1: null

2018-11-08 15:06:27 - [TEST_STEP][PASSED] - Statement - PreSaveFile = new java.io.File(((pathPrefix + java.lang.Integer.toString(counter)) + .png)): null

2018-11-08 15:06:27 - [TEST_STEP][PASSED] - Statement - counter = counter + 1: null

2018-11-08 15:06:27 - [TEST_STEP][PASSED] - Statement - PreSaveFile = new java.io.File(((pathPrefix + java.lang.Integer.toString(counter)) + .png)): null

2018-11-08 15:06:27 - [TEST_STEP][PASSED] - Statement - counter = counter + 1: null

2018-11-08 15:06:27 - [TEST_STEP][PASSED] - Statement - PreSaveFile = new java.io.File(((pathPrefix + java.lang.Integer.toString(counter)) + .png)): null

2018-11-08 15:06:28 - [TEST_STEP][PASSED] - Statement - counter = counter + 1: null

2018-11-08 15:06:28 - [TEST_STEP][PASSED] - Statement - PreSaveFile = new java.io.File(((pathPrefix + java.lang.Integer.toString(counter)) + .png)): null

2018-11-08 15:06:28 - [TEST_STEP][PASSED] - Statement - counter = counter + 1: null

2018-11-08 15:06:28 - [TEST_STEP][PASSED] - Statement - PreSaveFile = new java.io.File(((pathPrefix + java.lang.Integer.toString(counter)) + .png)): null

2018-11-08 15:06:28 - [TEST_STEP][PASSED] - Statement - counter = counter + 1: null

2018-11-08 15:06:28 - [TEST_STEP][PASSED] - Statement - PreSaveFile = new java.io.File(((pathPrefix + java.lang.Integer.toString(counter)) + .png)): null

2018-11-08 15:06:28 - [TEST_STEP][PASSED] - Statement - counter = counter + 1: null

2018-11-08 15:06:28 - [TEST_STEP][PASSED] - Statement - PreSaveFile = new java.io.File(((pathPrefix + java.lang.Integer.toString(counter)) + .png)): null

2018-11-08 15:06:28 - [TEST_STEP][PASSED] - Statement - counter = counter + 1: null

2018-11-08 15:06:28 - [TEST_STEP][PASSED] - Statement - PreSaveFile = new java.io.File(((pathPrefix + java.lang.Integer.toString(counter)) + .png)): null

2018-11-08 15:06:29 - [TEST_STEP][PASSED] - Statement - counter = counter + 1: null

2018-11-08 15:06:29 - [TEST_STEP][PASSED] - Statement - PreSaveFile = new java.io.File(((pathPrefix + java.lang.Integer.toString(counter)) + .png)): null

2018-11-08 15:06:29 - [TEST_STEP][PASSED] - Statement - counter = counter + 1: null

2018-11-08 15:06:29 - [TEST_STEP][PASSED] - Statement - PreSaveFile = new java.io.File(((pathPrefix + java.lang.Integer.toString(counter)) + .png)): null

2018-11-08 15:06:29 - [TEST_STEP][PASSED] - Statement - counter = counter + 1: null

2018-11-08 15:06:29 - [TEST_STEP][PASSED] - Statement - PreSaveFile = new java.io.File(((pathPrefix + java.lang.Integer.toString(counter)) + .png)): null

2018-11-08 15:06:29 - [TEST_STEP][PASSED] - Statement - counter = counter + 1: null

2018-11-08 15:06:29 - [TEST_STEP][PASSED] - Statement - PreSaveFile = new java.io.File(((pathPrefix + java.lang.Integer.toString(counter)) + .png)): null

2018-11-08 15:06:29 - [TEST_STEP][PASSED] - Statement - counter = counter + 1: null

2018-11-08 15:06:29 - [TEST_STEP][PASSED] - Statement - PreSaveFile = new java.io.File(((pathPrefix + java.lang.Integer.toString(counter)) + .png)): null

2018-11-08 15:06:29 - [TEST_STEP][PASSED] - Statement - counter = counter + 1: null

2018-11-08 15:06:29 - [TEST_STEP][PASSED] - Statement - PreSaveFile = new java.io.File(((pathPrefix + java.lang.Integer.toString(counter)) + .png)): null

2018-11-08 15:06:29 - [TEST_STEP][PASSED] - Statement - counter = counter + 1: null

2018-11-08 15:06:29 - [TEST_STEP][PASSED] - Statement - PreSaveFile = new java.io.File(((pathPrefix + java.lang.Integer.toString(counter)) + .png)): null

2018-11-08 15:06:29 - [TEST_STEP][PASSED] - Statement - finalPath = pathPrefix + java.lang.Integer.toString(counter) + ".png": null

2018-11-08 15:06:29 - [TEST_STEP][PASSED] - Statement - SaveFile = new java.io.File(finalPath): null

2018-11-08 15:06:29 - [TEST_STEP][PASSED] - Statement - Try: null

2018-11-08 15:06:29 - [TEST_STEP][PASSED] - Statement - org.apache.commons.io.FileUtils.copyFile(scrFile, SaveFile): null

2018-11-08 15:06:30 - [TEST_STEP][PASSED] - Statement - out.println("file kept"): null

2018-11-08 15:06:30 - [TEST_STEP][PASSED] - delay: Delayed 10 second(s)

2018-11-08 15:06:40 - [MESSAGE][PASSED] - Delayed 10 second(s)

2018-11-08 15:06:40 - [MESSAGE][PASSED] - Call Test Case 'Test Cases/Final Aug 2018 - PKS Automation/Registration Module/New Registration/Submit and Screenshot/Submit Registration and Screenshot' successfully

2018-11-08 15:06:40 - [TEST_STEP][PASSED] - callTestCase: Call Test Case 'Test Cases/Final Aug 2018 - PKS Automation/Registration Module/Log Out/log out avoiding katalon tagging' successfully

2018-11-08 15:06:40 - [TEST_CASE][PASSED] - Test Cases/Final Aug 2018 - PKS Automation/Registration Module/Log Out/log out avoiding katalon tagging: Test Cases/Final Aug 2018 - PKS Automation/Registration Module/Log Out/log out avoiding katalon tagging

2018-11-08 15:06:40 - [TEST_STEP][PASSED] - navigateToUrl: Navigate to 'https://assist2-uat.perkeso.gov.my/c/portal/logout' successfully

2018-11-08 15:06:42 - [MESSAGE][PASSED] - Navigate to 'https://assist2-uat.perkeso.gov.my/c/portal/logout' successfully

2018-11-08 15:06:42 - [MESSAGE][PASSED] - Call Test Case 'Test Cases/Final Aug 2018 - PKS Automation/Registration Module/Log Out/log out avoiding katalon tagging' successfully

2018-11-08 15:06:42 - [TEST_STEP][PASSED] - callTestCase: Call Test Case 'Test Cases/Final Aug 2018 - PKS Automation/Common/Workflow Owner Finder' successfully

2018-11-08 15:06:42 - [TEST_CASE][PASSED] - Test Cases/Final Aug 2018 - PKS Automation/Common/Workflow Owner Finder: Test Cases/Final Aug 2018 - PKS Automation/Common/Workflow Owner Finder

2018-11-08 15:06:42 - [TEST_STEP][PASSED] - openBrowser: Browser is opened with url: ''

2018-11-08 15:06:42 - [MESSAGE][WARNING] - A browser is already opened. Closing browser and opening a new one

2018-11-08 15:06:47 - [MESSAGE][PASSED] - Browser is opened with url: ''

2018-11-08 15:06:47 - [TEST_STEP][PASSED] - navigateToUrl: Navigate to 'https://assist2-uat.perkeso.gov.my/login' successfully

2018-11-08 15:06:50 - [MESSAGE][PASSED] - Navigate to 'https://assist2-uat.perkeso.gov.my/login' successfully

2018-11-08 15:06:50 - [TEST_STEP][PASSED] - delay: Delayed 5 second(s)

2018-11-08 15:06:55 - [MESSAGE][PASSED] - Delayed 5 second(s)

2018-11-08 15:06:55 - [TEST_STEP][PASSED] - setText: Text 'test@liferay.com' is set on object 'Object Repository/Final Object Repo/Login Page/Internal User/Email Address'

2018-11-08 15:06:55 - [MESSAGE][PASSED] - Text 'test@liferay.com' is set on object 'Object Repository/Final Object Repo/Login Page/Internal User/Email Address'

2018-11-08 15:06:55 - [TEST_STEP][PASSED] - click: Object: 'Object Repository/Final Object Repo/Login Page/Internal User/Next Button' is clicked on

2018-11-08 15:06:55 - [MESSAGE][PASSED] - Object: 'Object Repository/Final Object Repo/Login Page/Internal User/Next Button' is clicked on

2018-11-08 15:06:55 - [TEST_STEP][PASSED] - delay: Delayed 2 second(s)

2018-11-08 15:06:57 - [MESSAGE][PASSED] - Delayed 2 second(s)

2018-11-08 15:06:57 - [TEST_STEP][PASSED] - setText: Text 'test' is set on object 'Object Repository/Final Object Repo/Login Page/Internal User/Password'

2018-11-08 15:06:57 - [MESSAGE][PASSED] - Text 'test' is set on object 'Object Repository/Final Object Repo/Login Page/Internal User/Password'

2018-11-08 15:06:57 - [TEST_STEP][PASSED] - delay: Delayed 2 second(s)

2018-11-08 15:06:59 - [MESSAGE][PASSED] - Delayed 2 second(s)

2018-11-08 15:06:59 - [TEST_STEP][PASSED] - click: Object: 'Object Repository/Final Object Repo/Login Page/Internal User/Login Button' is clicked on

2018-11-08 15:07:03 - [MESSAGE][PASSED] - Object: 'Object Repository/Final Object Repo/Login Page/Internal User/Login Button' is clicked on

2018-11-08 15:07:03 - [TEST_STEP][PASSED] - Statement - Try: Delayed 2 second(s)

2018-11-08 15:07:03 - [TEST_STEP][PASSED] - Statement - Checker = false: null

2018-11-08 15:07:03 - [TEST_STEP][PASSED] - Statement - Checker = com.kms.katalon.core.webui.keyword.WebUiBuiltInKeywords.verifyElementHasAttribute(com.kms.katalon.core.testobject.ObjectRepository.findTestObject(Final Object Repo/Landing Page/BM Detecting), "href", 20, OPTIONAL): Object 'Object Repository/Final Object Repo/Landing Page/BM Detecting' has attribute 'href'

2018-11-08 15:07:03 - [MESSAGE][PASSED] - Object 'Object Repository/Final Object Repo/Landing Page/BM Detecting' has attribute 'href'

2018-11-08 15:07:03 - [TEST_STEP][PASSED] - Statement - out.println(Checker): null

2018-11-08 15:07:03 - [TEST_STEP][PASSED] - Statement - If (Checker == false): null

2018-11-08 15:07:03 - [TEST_STEP][PASSED] - Statement - Else: null

2018-11-08 15:07:03 - [TEST_STEP][PASSED] - delay: Delayed 2 second(s)

2018-11-08 15:07:05 - [MESSAGE][PASSED] - Delayed 2 second(s)

2018-11-08 15:07:05 - [TEST_STEP][PASSED] - delay: Delayed 3 second(s)

2018-11-08 15:07:08 - [MESSAGE][PASSED] - Delayed 3 second(s)

2018-11-08 15:07:08 - [TEST_STEP][PASSED] - mouseOver: Object: 'Object Repository/Final Object Repo/Landing Page/WorkFlow Menu' is hovered

2018-11-08 15:07:08 - [MESSAGE][PASSED] - Object: 'Object Repository/Final Object Repo/Landing Page/WorkFlow Menu' is hovered

2018-11-08 15:07:08 - [TEST_STEP][PASSED] - delay: Delayed 2 second(s)

2018-11-08 15:07:10 - [MESSAGE][PASSED] - Delayed 2 second(s)

2018-11-08 15:07:10 - [TEST_STEP][PASSED] - click: Object: 'Object Repository/Final Object Repo/Landing Page/Select to Workflow Listing' is clicked on

2018-11-08 15:07:12 - [MESSAGE][PASSED] - Object: 'Object Repository/Final Object Repo/Landing Page/Select to Workflow Listing' is clicked on

2018-11-08 15:07:12 - [TEST_STEP][PASSED] - delay: Delayed 2 second(s)

2018-11-08 15:07:14 - [MESSAGE][PASSED] - Delayed 2 second(s)

2018-11-08 15:07:14 - [TEST_STEP][PASSED] - click: Object: 'Object Repository/Final Object Repo/WorkFlow Listing Page/Search Information - To Put Ref No' is clicked on

2018-11-08 15:07:14 - [MESSAGE][PASSED] - Object: 'Object Repository/Final Object Repo/WorkFlow Listing Page/Search Information - To Put Ref No' is clicked on

2018-11-08 15:07:14 - [TEST_STEP][PASSED] - delay: Delayed 2 second(s)

2018-11-08 15:07:16 - [MESSAGE][PASSED] - Delayed 2 second(s)

2018-11-08 15:07:16 - [TEST_STEP][PASSED] - callTestCase: Call Test Case 'Test Cases/Final Aug 2018 - PKS Automation/Common/Reference Number Getter' successfully

2018-11-08 15:07:16 - [TEST_CASE][PASSED] - Test Cases/Final Aug 2018 - PKS Automation/Common/Reference Number Getter: Test Cases/Final Aug 2018 - PKS Automation/Common/Reference Number Getter

2018-11-08 15:07:16 - [TEST_STEP][PASSED] - Statement - Try: null

2018-11-08 15:07:16 - [TEST_STEP][PASSED] - Statement - RefNo = new java.io.File(C://KatalonReference.txt): null

2018-11-08 15:07:16 - [TEST_STEP][PASSED] - Statement - bufferread = new java.io.BufferedReader(new java.io.FileReader(RefNo)): null

2018-11-08 15:07:16 - [TEST_STEP][PASSED] - Statement - readedVal = bufferread.readLine(): null

2018-11-08 15:07:16 - [TEST_STEP][PASSED] - Statement - out.println(CaseReferenceNo): null

2018-11-08 15:07:16 - [TEST_STEP][PASSED] - Statement - out.println(readedVal): null

2018-11-08 15:07:16 - [TEST_STEP][PASSED] - Statement - CaseReferenceNo = readedVal: null

2018-11-08 15:07:16 - [MESSAGE][PASSED] - Call Test Case 'Test Cases/Final Aug 2018 - PKS Automation/Common/Reference Number Getter' successfully

2018-11-08 15:07:16 - [TEST_STEP][PASSED] - setText: Text 'CRN11201800122420' is set on object 'Object Repository/Final Object Repo/WorkFlow Listing Page/Ref No Set Text'

2018-11-08 15:07:17 - [MESSAGE][PASSED] - Text 'CRN11201800122420' is set on object 'Object Repository/Final Object Repo/WorkFlow Listing Page/Ref No Set Text'

2018-11-08 15:07:17 - [TEST_STEP][PASSED] - delay: Delayed 2 second(s)

2018-11-08 15:07:19 - [MESSAGE][PASSED] - Delayed 2 second(s)

2018-11-08 15:07:19 - [TEST_STEP][PASSED] - click: Object: 'Object Repository/Final Object Repo/WorkFlow Listing Page/Search Ref No Search Button' is clicked on

2018-11-08 15:07:21 - [MESSAGE][PASSED] - Object: 'Object Repository/Final Object Repo/WorkFlow Listing Page/Search Ref No Search Button' is clicked on

2018-11-08 15:07:21 - [TEST_STEP][PASSED] - delay: Delayed 4 second(s)

2018-11-08 15:07:25 - [MESSAGE][PASSED] - Delayed 4 second(s)

2018-11-08 15:07:25 - [TEST_STEP][PASSED] - click: Object: 'Object Repository/Final Object Repo/WorkFlow Listing Page/Click Continue Tooltip' is clicked on

2018-11-08 15:07:27 - [MESSAGE][PASSED] - Object: 'Object Repository/Final Object Repo/WorkFlow Listing Page/Click Continue Tooltip' is clicked on

2018-11-08 15:07:27 - [TEST_STEP][PASSED] - delay: Delayed 5 second(s)

2018-11-08 15:07:32 - [MESSAGE][PASSED] - Delayed 5 second(s)

2018-11-08 15:07:32 - [TEST_STEP][PASSED] - doubleClick: Object: 'Object Repository/Final Object Repo/WorkFlow Listing Page/Workflow Found - Listing 1' is double clicked on

2018-11-08 15:07:32 - [MESSAGE][PASSED] - Object: 'Object Repository/Final Object Repo/WorkFlow Listing Page/Workflow Found - Listing 1' is double clicked on

2018-11-08 15:07:32 - [TEST_STEP][PASSED] - Statement - println(OwnerID): null

2018-11-08 15:07:32 - [TEST_STEP][PASSED] - Statement - OwnerID = com.kms.katalon.core.webui.keyword.WebUiBuiltInKeywords.getText(com.kms.katalon.core.testobject.ObjectRepository.findTestObject(Final Object Repo/WorkFlow Listing Page/Workflow Found - Listing 1), STOP_ON_FAILURE): Text of object 'Object Repository/Final Object Repo/WorkFlow Listing Page/Workflow Found - Listing 1' is: 'JOHORro3'

2018-11-08 15:07:32 - [MESSAGE][PASSED] - Text of object 'Object Repository/Final Object Repo/WorkFlow Listing Page/Workflow Found - Listing 1' is: 'JOHORro3'

2018-11-08 15:07:32 - [TEST_STEP][PASSED] - Statement - OwnerID = OwnerID.toLowerCase() + "@gmail.com": null

2018-11-08 15:07:32 - [TEST_STEP][PASSED] - Statement - println(OwnerID): null

2018-11-08 15:07:32 - [TEST_STEP][PASSED] - delay: Delayed 2 second(s)

2018-11-08 15:07:34 - [MESSAGE][PASSED] - Delayed 2 second(s)

2018-11-08 15:07:34 - [MESSAGE][PASSED] - Call Test Case 'Test Cases/Final Aug 2018 - PKS Automation/Common/Workflow Owner Finder' successfully

2018-11-08 15:07:34 - [TEST_STEP][PASSED] - callTestCase: Call Test Case 'Test Cases/Final Aug 2018 - PKS Automation/Registration Module/Log Out/log out avoiding katalon tagging' successfully

2018-11-08 15:07:34 - [TEST_CASE][PASSED] - Test Cases/Final Aug 2018 - PKS Automation/Registration Module/Log Out/log out avoiding katalon tagging: Test Cases/Final Aug 2018 - PKS Automation/Registration Module/Log Out/log out avoiding katalon tagging

2018-11-08 15:07:34 - [TEST_STEP][PASSED] - navigateToUrl: Navigate to 'https://assist2-uat.perkeso.gov.my/c/portal/logout' successfully

2018-11-08 15:07:36 - [MESSAGE][PASSED] - Navigate to 'https://assist2-uat.perkeso.gov.my/c/portal/logout' successfully

2018-11-08 15:07:36 - [MESSAGE][PASSED] - Call Test Case 'Test Cases/Final Aug 2018 - PKS Automation/Registration Module/Log Out/log out avoiding katalon tagging' successfully

2018-11-08 15:07:36 - [TEST_STEP][PASSED] - delay: Delayed 2 second(s)

2018-11-08 15:07:38 - [MESSAGE][PASSED] - Delayed 2 second(s)

2018-11-08 15:07:38 - [TEST_STEP][PASSED] - setText: Text 'johorro3@gmail.com' is set on object 'Object Repository/Final Object Repo/New Registration - Registration Module Pages/New Reg - OTC to RO/Special Case - All Related Objects/Email TextBox'

2018-11-08 15:07:38 - [MESSAGE][PASSED] - Text 'johorro3@gmail.com' is set on object 'Object Repository/Final Object Repo/New Registration - Registration Module Pages/New Reg - OTC to RO/Special Case - All Related Objects/Email TextBox'

2018-11-08 15:07:38 - [TEST_STEP][PASSED] - click: Object: 'Object Repository/Final Object Repo/New Registration - Registration Module Pages/New Reg - OTC to RO/Special Case - All Related Objects/Next Button' is clicked on

2018-11-08 15:07:38 - [MESSAGE][PASSED] - Object: 'Object Repository/Final Object Repo/New Registration - Registration Module Pages/New Reg - OTC to RO/Special Case - All Related Objects/Next Button' is clicked on

2018-11-08 15:07:38 - [TEST_STEP][PASSED] - delay: Delayed 2 second(s)

2018-11-08 15:07:40 - [MESSAGE][PASSED] - Delayed 2 second(s)

2018-11-08 15:07:40 - [TEST_STEP][PASSED] - setText: Text 'Test1@3456789' is set on object 'Object Repository/Final Object Repo/New Registration - Registration Module Pages/New Reg - OTC to RO/Special Case - All Related Objects/Password TextBox'

2018-11-08 15:07:40 - [MESSAGE][PASSED] - Text 'Test1@3456789' is set on object 'Object Repository/Final Object Repo/New Registration - Registration Module Pages/New Reg - OTC to RO/Special Case - All Related Objects/Password TextBox'

2018-11-08 15:07:40 - [TEST_STEP][PASSED] - delay: Delayed 2 second(s)

2018-11-08 15:07:42 - [MESSAGE][PASSED] - Delayed 2 second(s)

2018-11-08 15:07:42 - [TEST_STEP][PASSED] - click: Object: 'Object Repository/Final Object Repo/New Registration - Registration Module Pages/New Reg - OTC to RO/Special Case - All Related Objects/Login Button' is clicked on

2018-11-08 15:07:45 - [MESSAGE][PASSED] - Object: 'Object Repository/Final Object Repo/New Registration - Registration Module Pages/New Reg - OTC to RO/Special Case - All Related Objects/Login Button' is clicked on

2018-11-08 15:07:45 - [TEST_STEP][PASSED] - delay: Delayed 2 second(s)

2018-11-08 15:07:47 - [MESSAGE][PASSED] - Delayed 2 second(s)

2018-11-08 15:07:47 - [TEST_STEP][PASSED] - Statement - Try: null

2018-11-08 15:07:47 - [TEST_STEP][PASSED] - Statement - Checker = com.kms.katalon.core.webui.keyword.WebUiBuiltInKeywords.verifyElementNotPresent("Final Object Repo/Landing Page/Select to English", 3): null

2018-11-08 15:07:47 - [TEST_STEP][PASSED] - Statement - Catch (Exception e): null

2018-11-08 15:07:47 - [TEST_STEP][PASSED] - Statement - e.printStackTrace(): null

2018-11-08 15:07:47 - [TEST_STEP][PASSED] - click: Object: 'Object Repository/Final Object Repo/New Registration - Registration Module Pages/New Reg - OTC to RO/Special Case - All Related Objects/Expand to Search' is clicked on

2018-11-08 15:07:48 - [MESSAGE][PASSED] - Object: 'Object Repository/Final Object Repo/New Registration - Registration Module Pages/New Reg - OTC to RO/Special Case - All Related Objects/Expand to Search' is clicked on

2018-11-08 15:07:48 - [TEST_STEP][PASSED] - setText: Text 'CRN11201800122420' is set on object 'Object Repository/Final Object Repo/New Registration - Registration Module Pages/New Reg - OTC to RO/Special Case - All Related Objects/TextBox RefNo in Workbasket'

2018-11-08 15:07:48 - [MESSAGE][PASSED] - Text 'CRN11201800122420' is set on object 'Object Repository/Final Object Repo/New Registration - Registration Module Pages/New Reg - OTC to RO/Special Case - All Related Objects/TextBox RefNo in Workbasket'

2018-11-08 15:07:48 - [TEST_STEP][PASSED] - delay: Delayed 2 second(s)

2018-11-08 15:07:50 - [MESSAGE][PASSED] - Delayed 2 second(s)

2018-11-08 15:07:50 - [TEST_STEP][PASSED] - click: Object: 'Object Repository/Final Object Repo/New Registration - Registration Module Pages/New Reg - OTC to RO/Special Case - All Related Objects/Click Search' is clicked on

2018-11-08 15:07:52 - [MESSAGE][PASSED] - Object: 'Object Repository/Final Object Repo/New Registration - Registration Module Pages/New Reg - OTC to RO/Special Case - All Related Objects/Click Search' is clicked on

2018-11-08 15:07:52 - [TEST_STEP][PASSED] - delay: Delayed 2 second(s)

2018-11-08 15:07:54 - [MESSAGE][PASSED] - Delayed 2 second(s)

2018-11-08 15:07:54 - [TEST_STEP][PASSED] - click: Object: 'Object Repository/Final Object Repo/New Registration - Registration Module Pages/New Reg - OTC to RO/Special Case - All Related Objects/Click to Continue Workflow' is clicked on

2018-11-08 15:07:59 - [MESSAGE][PASSED] - Object: 'Object Repository/Final Object Repo/New Registration - Registration Module Pages/New Reg - OTC to RO/Special Case - All Related Objects/Click to Continue Workflow' is clicked on

2018-11-08 15:07:59 - [TEST_STEP][PASSED] - delay: Delayed 2 second(s)

2018-11-08 15:08:01 - [MESSAGE][PASSED] - Delayed 2 second(s)

2018-11-08 15:08:01 - [TEST_STEP][PASSED] - click: Object: 'Object Repository/Final Object Repo/New Registration - Registration Module Pages/New Reg - OTC to RO/Special Case - All Related Objects/Continue Button in verifying case' is clicked on

2018-11-08 15:08:04 - [MESSAGE][PASSED] - Object: 'Object Repository/Final Object Repo/New Registration - Registration Module Pages/New Reg - OTC to RO/Special Case - All Related Objects/Continue Button in verifying case' is clicked on

2018-11-08 15:08:04 - [TEST_STEP][PASSED] - delay: Delayed 2 second(s)

2018-11-08 15:08:06 - [MESSAGE][PASSED] - Delayed 2 second(s)

2018-11-08 15:08:06 - [TEST_STEP][PASSED] - click: Object: 'Object Repository/Final Object Repo/New Registration - Registration Module Pages/Form 1/Registered As a Branch - Yes' is clicked on

2018-11-08 15:08:06 - [MESSAGE][PASSED] - Object: 'Object Repository/Final Object Repo/New Registration - Registration Module Pages/Form 1/Registered As a Branch - Yes' is clicked on

2018-11-08 15:08:06 - [TEST_STEP][PASSED] - delay: Delayed 2 second(s)

2018-11-08 15:08:08 - [MESSAGE][PASSED] - Delayed 2 second(s)

2018-11-08 15:08:08 - [TEST_STEP][PASSED] - click: Object: 'Object Repository/Final Object Repo/New Registration - Registration Module Pages/New Reg - OTC to RO/Special Case - All Related Objects/Form 1 Save n Continue' is clicked on

2018-11-08 15:08:11 - [MESSAGE][PASSED] - Object: 'Object Repository/Final Object Repo/New Registration - Registration Module Pages/New Reg - OTC to RO/Special Case - All Related Objects/Form 1 Save n Continue' is clicked on

2018-11-08 15:08:11 - [TEST_STEP][PASSED] - delay: Delayed 2 second(s)

2018-11-08 15:08:13 - [MESSAGE][PASSED] - Delayed 2 second(s)

2018-11-08 15:08:13 - [TEST_STEP][PASSED] - click: Object: 'Object Repository/Final Object Repo/New Registration - Registration Module Pages/New Reg - OTC to RO/Special Case - All Related Objects/Form 2 Save n Continue' is clicked on

2018-11-08 15:08:15 - [MESSAGE][PASSED] - Object: 'Object Repository/Final Object Repo/New Registration - Registration Module Pages/New Reg - OTC to RO/Special Case - All Related Objects/Form 2 Save n Continue' is clicked on

2018-11-08 15:08:15 - [TEST_STEP][PASSED] - delay: Delayed 2 second(s)

2018-11-08 15:08:17 - [MESSAGE][PASSED] - Delayed 2 second(s)

2018-11-08 15:08:17 - [TEST_STEP][PASSED] - click: Object: 'Object Repository/Final Object Repo/New Registration - Registration Module Pages/New Reg - OTC to RO/Special Case - All Related Objects/Third Screen Save n Continue' is clicked on

2018-11-08 15:08:23 - [MESSAGE][PASSED] - Object: 'Object Repository/Final Object Repo/New Registration - Registration Module Pages/New Reg - OTC to RO/Special Case - All Related Objects/Third Screen Save n Continue' is clicked on

2018-11-08 15:08:23 - [TEST_STEP][PASSED] - delay: Delayed 5 second(s)

2018-11-08 15:08:28 - [MESSAGE][PASSED] - Delayed 5 second(s)

2018-11-08 15:08:28 - [TEST_STEP][PASSED] - setText: Text 'Query case' is set on object 'Object Repository/Final Object Repo/New Registration - Registration Module Pages/New Reg - OTC to RO/Special Case - All Related Objects/Query Text Input'

2018-11-08 15:08:28 - [MESSAGE][PASSED] - Text 'Query case' is set on object 'Object Repository/Final Object Repo/New Registration - Registration Module Pages/New Reg - OTC to RO/Special Case - All Related Objects/Query Text Input'

2018-11-08 15:08:28 - [TEST_STEP][PASSED] - delay: Delayed 5 second(s)

2018-11-08 15:08:33 - [MESSAGE][PASSED] - Delayed 5 second(s)

2018-11-08 15:08:33 - [TEST_STEP][PASSED] - click: Object: 'Object Repository/Final Object Repo/New Registration - Registration Module Pages/New Reg - OTC to RO/Special Case - All Related Objects/Upload Doc Page Save n Continue' is clicked on

2018-11-08 15:08:34 - [MESSAGE][PASSED] - Object: 'Object Repository/Final Object Repo/New Registration - Registration Module Pages/New Reg - OTC to RO/Special Case - All Related Objects/Upload Doc Page Save n Continue' is clicked on

2018-11-08 15:08:34 - [TEST_STEP][PASSED] - click: Object: 'Object Repository/Final Object Repo/New Registration - Registration Module Pages/New Reg - OTC to RO/Special Case - All Related Objects/Query Button' is clicked on

2018-11-08 15:08:39 - [MESSAGE][PASSED] - Object: 'Object Repository/Final Object Repo/New Registration - Registration Module Pages/New Reg - OTC to RO/Special Case - All Related Objects/Query Button' is clicked on

2018-11-08 15:08:39 - [TEST_STEP][PASSED] - click: Object: 'Object Repository/Final Object Repo/New Registration - Registration Module Pages/New Reg - OTC to RO/Special Case - All Related Objects/Confirm to Query' is clicked on

2018-11-08 15:08:44 - [MESSAGE][PASSED] - Object: 'Object Repository/Final Object Repo/New Registration - Registration Module Pages/New Reg - OTC to RO/Special Case - All Related Objects/Confirm to Query' is clicked on

2018-11-08 15:08:44 - [TEST_STEP][PASSED] - callTestCase: Call Test Case 'Test Cases/Final Aug 2018 - PKS Automation/Registration Module/Log Out/log out avoiding katalon tagging' successfully

2018-11-08 15:08:44 - [TEST_CASE][PASSED] - Test Cases/Final Aug 2018 - PKS Automation/Registration Module/Log Out/log out avoiding katalon tagging: Test Cases/Final Aug 2018 - PKS Automation/Registration Module/Log Out/log out avoiding katalon tagging

2018-11-08 15:08:44 - [TEST_STEP][PASSED] - navigateToUrl: Navigate to 'https://assist2-uat.perkeso.gov.my/c/portal/logout' successfully

2018-11-08 15:08:46 - [MESSAGE][PASSED] - Navigate to 'https://assist2-uat.perkeso.gov.my/c/portal/logout' successfully

2018-11-08 15:08:46 - [MESSAGE][PASSED] - Call Test Case 'Test Cases/Final Aug 2018 - PKS Automation/Registration Module/Log Out/log out avoiding katalon tagging' successfully

2018-11-08 15:08:46 - [TEST_STEP][PASSED] - delay: Delayed 2 second(s)

2018-11-08 15:08:48 - [MESSAGE][PASSED] - Delayed 2 second(s)

2018-11-08 15:08:48 - [TEST_STEP][PASSED] - setText: Text 'klotc2@gmail.com' is set on object 'Object Repository/Final Object Repo/Login Page/Internal User/Email Address'

2018-11-08 15:08:48 - [MESSAGE][PASSED] - Text 'klotc2@gmail.com' is set on object 'Object Repository/Final Object Repo/Login Page/Internal User/Email Address'

2018-11-08 15:08:48 - [TEST_STEP][PASSED] - click: Object: 'Object Repository/Final Object Repo/Login Page/Internal User/Next Button' is clicked on

2018-11-08 15:08:49 - [MESSAGE][PASSED] - Object: 'Object Repository/Final Object Repo/Login Page/Internal User/Next Button' is clicked on

2018-11-08 15:08:49 - [TEST_STEP][PASSED] - delay: Delayed 2 second(s)

2018-11-08 15:08:51 - [MESSAGE][PASSED] - Delayed 2 second(s)

2018-11-08 15:08:51 - [TEST_STEP][PASSED] - setText: Text 'Test1@3456789' is set on object 'Object Repository/Final Object Repo/Login Page/Internal User/Password'

2018-11-08 15:08:51 - [MESSAGE][PASSED] - Text 'Test1@3456789' is set on object 'Object Repository/Final Object Repo/Login Page/Internal User/Password'

2018-11-08 15:08:51 - [TEST_STEP][PASSED] - delay: Delayed 2 second(s)

2018-11-08 15:08:53 - [MESSAGE][PASSED] - Delayed 2 second(s)

2018-11-08 15:08:53 - [TEST_STEP][PASSED] - click: Object: 'Object Repository/Final Object Repo/Login Page/Internal User/Login Button' is clicked on

2018-11-08 15:08:55 - [MESSAGE][PASSED] - Object: 'Object Repository/Final Object Repo/Login Page/Internal User/Login Button' is clicked on

2018-11-08 15:08:55 - [TEST_STEP][PASSED] - delay: Delayed 2 second(s)

2018-11-08 15:08:57 - [MESSAGE][PASSED] - Delayed 2 second(s)

2018-11-08 15:08:57 - [TEST_STEP][PASSED] - Statement - Try: null

2018-11-08 15:08:57 - [TEST_STEP][PASSED] - Statement - Checker = com.kms.katalon.core.webui.keyword.WebUiBuiltInKeywords.verifyElementNotPresent("PKS_SIP_Updated_RegModule/Attempt/Page_MyASSIST - ASSIST/Select to English", 3): null

2018-11-08 15:08:57 - [TEST_STEP][PASSED] - Statement - Catch (Exception e): null

2018-11-08 15:08:57 - [TEST_STEP][PASSED] - Statement - e.printStackTrace(): null

2018-11-08 15:08:57 - [TEST_STEP][PASSED] - delay: Delayed 4 second(s)

2018-11-08 15:09:01 - [MESSAGE][PASSED] - Delayed 4 second(s)

2018-11-08 15:09:01 - [TEST_STEP][PASSED] - click: Object: 'Object Repository/Final Object Repo/Landing Page/My Sites Drop Down' is clicked on

2018-11-08 15:09:01 - [MESSAGE][PASSED] - Object: 'Object Repository/Final Object Repo/Landing Page/My Sites Drop Down' is clicked on

2018-11-08 15:09:01 - [TEST_STEP][PASSED] - click: Object: 'Object Repository/Final Object Repo/Landing Page/Select to Registration Module' is clicked on

2018-11-08 15:09:03 - [MESSAGE][PASSED] - Object: 'Object Repository/Final Object Repo/Landing Page/Select to Registration Module' is clicked on

2018-11-08 15:09:03 - [TEST_STEP][PASSED] - delay: Delayed 2 second(s)

2018-11-08 15:09:05 - [MESSAGE][PASSED] - Delayed 2 second(s)

2018-11-08 15:09:05 - [TEST_STEP][PASSED] - mouseOver: Object: 'Object Repository/Final Object Repo/New Registration - Registration Module Pages/New Reg - OTC to RO/Special Case - All Related Objects/Hover Over Search Drop Down' is hovered

2018-11-08 15:09:06 - [MESSAGE][PASSED] - Object: 'Object Repository/Final Object Repo/New Registration - Registration Module Pages/New Reg - OTC to RO/Special Case - All Related Objects/Hover Over Search Drop Down' is hovered

2018-11-08 15:09:06 - [TEST_STEP][PASSED] - click: Object: 'Object Repository/Final Object Repo/New Registration - Registration Module Pages/New Reg - OTC to RO/Special Case - All Related Objects/Select Search Pending Case' is clicked on

2018-11-08 15:09:07 - [MESSAGE][PASSED] - Object: 'Object Repository/Final Object Repo/New Registration - Registration Module Pages/New Reg - OTC to RO/Special Case - All Related Objects/Select Search Pending Case' is clicked on

2018-11-08 15:09:07 - [TEST_STEP][PASSED] - click: Object: 'Object Repository/Final Object Repo/New Registration - Registration Module Pages/New Reg - OTC to RO/Special Case - All Related Objects/Select Searching Method (Employer Code)' is clicked on

2018-11-08 15:09:07 - [MESSAGE][PASSED] - Object: 'Object Repository/Final Object Repo/New Registration - Registration Module Pages/New Reg - OTC to RO/Special Case - All Related Objects/Select Searching Method (Employer Code)' is clicked on

2018-11-08 15:09:07 - [TEST_STEP][PASSED] - click: Object: 'Object Repository/Final Object Repo/New Registration - Registration Module Pages/New Reg - OTC to RO/Special Case - All Related Objects/Select Searching Method to Reference ID' is clicked on

2018-11-08 15:09:08 - [MESSAGE][PASSED] - Object: 'Object Repository/Final Object Repo/New Registration - Registration Module Pages/New Reg - OTC to RO/Special Case - All Related Objects/Select Searching Method to Reference ID' is clicked on

2018-11-08 15:09:08 - [TEST_STEP][PASSED] - setText: Text 'CRN11201800122420' is set on object 'Object Repository/Final Object Repo/New Registration - Registration Module Pages/New Reg - OTC to RO/Special Case - All Related Objects/Pending Case Ref NO'

2018-11-08 15:09:08 - [MESSAGE][PASSED] - Text 'CRN11201800122420' is set on object 'Object Repository/Final Object Repo/New Registration - Registration Module Pages/New Reg - OTC to RO/Special Case - All Related Objects/Pending Case Ref NO'

2018-11-08 15:09:08 - [TEST_STEP][PASSED] - click: Object: 'Object Repository/Final Object Repo/New Registration - Registration Module Pages/New Reg - OTC to RO/Special Case - All Related Objects/Search Pending Case Based on Ref No' is clicked on

2018-11-08 15:09:10 - [MESSAGE][PASSED] - Object: 'Object Repository/Final Object Repo/New Registration - Registration Module Pages/New Reg - OTC to RO/Special Case - All Related Objects/Search Pending Case Based on Ref No' is clicked on

2018-11-08 15:09:10 - [TEST_STEP][PASSED] - click: Object: 'Object Repository/Final Object Repo/New Registration - Registration Module Pages/New Reg - OTC to RO/Special Case - All Related Objects/Action Button after found case' is clicked on

2018-11-08 15:09:13 - [MESSAGE][PASSED] - Object: 'Object Repository/Final Object Repo/New Registration - Registration Module Pages/New Reg - OTC to RO/Special Case - All Related Objects/Action Button after found case' is clicked on

2018-11-08 15:09:13 - [TEST_STEP][PASSED] - click: Object: 'Object Repository/Final Object Repo/New Registration - Registration Module Pages/New Reg - OTC to RO/Special Case - All Related Objects/Next Button in Pending Case Form 1' is clicked on

2018-11-08 15:09:15 - [MESSAGE][PASSED] - Object: 'Object Repository/Final Object Repo/New Registration - Registration Module Pages/New Reg - OTC to RO/Special Case - All Related Objects/Next Button in Pending Case Form 1' is clicked on

2018-11-08 15:09:15 - [TEST_STEP][PASSED] - click: Object: 'Object Repository/Final Object Repo/New Registration - Registration Module Pages/New Reg - OTC to RO/Special Case - All Related Objects/Next Button in Pending Case Form 2' is clicked on

2018-11-08 15:09:16 - [MESSAGE][PASSED] - Object: 'Object Repository/Final Object Repo/New Registration - Registration Module Pages/New Reg - OTC to RO/Special Case - All Related Objects/Next Button in Pending Case Form 2' is clicked on

2018-11-08 15:09:16 - [TEST_STEP][PASSED] - click: Object: 'Object Repository/Final Object Repo/New Registration - Registration Module Pages/New Reg - OTC to RO/Special Case - All Related Objects/Next Button in Third Screen' is clicked on

2018-11-08 15:09:21 - [MESSAGE][PASSED] - Object: 'Object Repository/Final Object Repo/New Registration - Registration Module Pages/New Reg - OTC to RO/Special Case - All Related Objects/Next Button in Third Screen' is clicked on

2018-11-08 15:09:21 - [TEST_STEP][PASSED] - click: Object: 'Object Repository/Final Object Repo/New Registration - Registration Module Pages/New Reg - OTC to RO/Special Case - All Related Objects/Add Document for Pending Case' is clicked on

2018-11-08 15:09:21 - [MESSAGE][PASSED] - Object: 'Object Repository/Final Object Repo/New Registration - Registration Module Pages/New Reg - OTC to RO/Special Case - All Related Objects/Add Document for Pending Case' is clicked on

2018-11-08 15:09:21 - [TEST_STEP][PASSED] - click: Object: 'Object Repository/Final Object Repo/New Registration - Registration Module Pages/New Reg - OTC to RO/Special Case - All Related Objects/Upload Pending Doc - Please Select' is clicked on

2018-11-08 15:09:25 - [MESSAGE][PASSED] - Object: 'Object Repository/Final Object Repo/New Registration - Registration Module Pages/New Reg - OTC to RO/Special Case - All Related Objects/Upload Pending Doc - Please Select' is clicked on

2018-11-08 15:09:25 - [TEST_STEP][PASSED] - click: Object: 'Object Repository/Final Object Repo/New Registration - Registration Module Pages/New Reg - OTC to RO/Special Case - All Related Objects/Select to Others to Upload' is clicked on

2018-11-08 15:09:25 - [MESSAGE][PASSED] - Object: 'Object Repository/Final Object Repo/New Registration - Registration Module Pages/New Reg - OTC to RO/Special Case - All Related Objects/Select to Others to Upload' is clicked on

2018-11-08 15:09:25 - [TEST_STEP][PASSED] - uploadFile: File 'C:\Users\Public\Pictures\Sample Pictures\Act.jpg' sent to object: 'Object Repository/Final Object Repo/New Registration - Registration Module Pages/New Reg - OTC to RO/Special Case - All Related Objects/Uploading Pending Case Action'

2018-11-08 15:09:25 - [MESSAGE][PASSED] - File 'C:\Users\Public\Pictures\Sample Pictures\Act.jpg' sent to object: 'Object Repository/Final Object Repo/New Registration - Registration Module Pages/New Reg - OTC to RO/Special Case - All Related Objects/Uploading Pending Case Action'

2018-11-08 15:09:25 - [TEST_STEP][PASSED] - click: Object: 'Object Repository/Final Object Repo/New Registration - Registration Module Pages/New Reg - OTC to RO/Special Case - All Related Objects/Inner form Add Document Button Pending Case' is clicked on

2018-11-08 15:09:31 - [MESSAGE][PASSED] - Object: 'Object Repository/Final Object Repo/New Registration - Registration Module Pages/New Reg - OTC to RO/Special Case - All Related Objects/Inner form Add Document Button Pending Case' is clicked on

2018-11-08 15:09:31 - [TEST_STEP][PASSED] - click: Object: 'Object Repository/Final Object Repo/New Registration - Registration Module Pages/New Reg - OTC to RO/Special Case - All Related Objects/Pending Case Exit' is clicked on

2018-11-08 15:09:33 - [MESSAGE][PASSED] - Object: 'Object Repository/Final Object Repo/New Registration - Registration Module Pages/New Reg - OTC to RO/Special Case - All Related Objects/Pending Case Exit' is clicked on

2018-11-08 15:09:33 - [TEST_STEP][PASSED] - callTestCase: Call Test Case 'Test Cases/Final Aug 2018 - PKS Automation/Registration Module/Log Out/log out avoiding katalon tagging' successfully

2018-11-08 15:09:33 - [TEST_CASE][PASSED] - Test Cases/Final Aug 2018 - PKS Automation/Registration Module/Log Out/log out avoiding katalon tagging: Test Cases/Final Aug 2018 - PKS Automation/Registration Module/Log Out/log out avoiding katalon tagging

2018-11-08 15:09:33 - [TEST_STEP][PASSED] - navigateToUrl: Navigate to 'https://assist2-uat.perkeso.gov.my/c/portal/logout' successfully

2018-11-08 15:09:34 - [MESSAGE][PASSED] - Navigate to 'https://assist2-uat.perkeso.gov.my/c/portal/logout' successfully

2018-11-08 15:09:34 - [MESSAGE][PASSED] - Call Test Case 'Test Cases/Final Aug 2018 - PKS Automation/Registration Module/Log Out/log out avoiding katalon tagging' successfully

2018-11-08 15:09:34 - [TEST_STEP][PASSED] - callTestCase: Call Test Case 'Test Cases/Final Aug 2018 - PKS Automation/Common/Workflow Owner Finder' successfully

2018-11-08 15:09:34 - [TEST_CASE][PASSED] - Test Cases/Final Aug 2018 - PKS Automation/Common/Workflow Owner Finder: Test Cases/Final Aug 2018 - PKS Automation/Common/Workflow Owner Finder

2018-11-08 15:09:34 - [TEST_STEP][PASSED] - openBrowser: Browser is opened with url: ''

2018-11-08 15:09:34 - [MESSAGE][WARNING] - A browser is already opened. Closing browser and opening a new one

2018-11-08 15:09:39 - [MESSAGE][PASSED] - Browser is opened with url: ''

2018-11-08 15:09:39 - [TEST_STEP][PASSED] - navigateToUrl: Navigate to 'https://assist2-uat.perkeso.gov.my/login' successfully

2018-11-08 15:09:42 - [MESSAGE][PASSED] - Navigate to 'https://assist2-uat.perkeso.gov.my/login' successfully

2018-11-08 15:09:42 - [TEST_STEP][PASSED] - delay: Delayed 5 second(s)

2018-11-08 15:09:47 - [MESSAGE][PASSED] - Delayed 5 second(s)

2018-11-08 15:09:47 - [TEST_STEP][PASSED] - setText: Text 'test@liferay.com' is set on object 'Object Repository/Final Object Repo/Login Page/Internal User/Email Address'

2018-11-08 15:09:47 - [MESSAGE][PASSED] - Text 'test@liferay.com' is set on object 'Object Repository/Final Object Repo/Login Page/Internal User/Email Address'

2018-11-08 15:09:47 - [TEST_STEP][PASSED] - click: Object: 'Object Repository/Final Object Repo/Login Page/Internal User/Next Button' is clicked on

2018-11-08 15:09:48 - [MESSAGE][PASSED] - Object: 'Object Repository/Final Object Repo/Login Page/Internal User/Next Button' is clicked on

2018-11-08 15:09:48 - [TEST_STEP][PASSED] - delay: Delayed 2 second(s)

2018-11-08 15:09:50 - [MESSAGE][PASSED] - Delayed 2 second(s)

2018-11-08 15:09:50 - [TEST_STEP][PASSED] - setText: Text 'test' is set on object 'Object Repository/Final Object Repo/Login Page/Internal User/Password'

2018-11-08 15:09:50 - [MESSAGE][PASSED] - Text 'test' is set on object 'Object Repository/Final Object Repo/Login Page/Internal User/Password'

2018-11-08 15:09:50 - [TEST_STEP][PASSED] - delay: Delayed 2 second(s)

2018-11-08 15:09:52 - [MESSAGE][PASSED] - Delayed 2 second(s)

2018-11-08 15:09:52 - [TEST_STEP][PASSED] - click: Object: 'Object Repository/Final Object Repo/Login Page/Internal User/Login Button' is clicked on

2018-11-08 15:09:56 - [MESSAGE][PASSED] - Object: 'Object Repository/Final Object Repo/Login Page/Internal User/Login Button' is clicked on

2018-11-08 15:09:56 - [TEST_STEP][PASSED] - Statement - Try: Delayed 2 second(s)

2018-11-08 15:09:56 - [TEST_STEP][PASSED] - Statement - Checker = false: null

2018-11-08 15:09:56 - [TEST_STEP][PASSED] - Statement - Checker = com.kms.katalon.core.webui.keyword.WebUiBuiltInKeywords.verifyElementHasAttribute(com.kms.katalon.core.testobject.ObjectRepository.findTestObject(Final Object Repo/Landing Page/BM Detecting), "href", 20, OPTIONAL): Object 'Object Repository/Final Object Repo/Landing Page/BM Detecting' has attribute 'href'

2018-11-08 15:09:56 - [MESSAGE][PASSED] - Object 'Object Repository/Final Object Repo/Landing Page/BM Detecting' has attribute 'href'

2018-11-08 15:09:56 - [TEST_STEP][PASSED] - Statement - out.println(Checker): null

2018-11-08 15:09:56 - [TEST_STEP][PASSED] - Statement - If (Checker == false): null

2018-11-08 15:09:56 - [TEST_STEP][PASSED] - Statement - Else: null

2018-11-08 15:09:56 - [TEST_STEP][PASSED] - delay: Delayed 2 second(s)

2018-11-08 15:09:58 - [MESSAGE][PASSED] - Delayed 2 second(s)

2018-11-08 15:09:58 - [TEST_STEP][PASSED] - delay: Delayed 3 second(s)

2018-11-08 15:10:01 - [MESSAGE][PASSED] - Delayed 3 second(s)

2018-11-08 15:10:01 - [TEST_STEP][PASSED] - mouseOver: Object: 'Object Repository/Final Object Repo/Landing Page/WorkFlow Menu' is hovered

2018-11-08 15:10:01 - [MESSAGE][PASSED] - Object: 'Object Repository/Final Object Repo/Landing Page/WorkFlow Menu' is hovered

2018-11-08 15:10:01 - [TEST_STEP][PASSED] - delay: Delayed 2 second(s)

2018-11-08 15:10:03 - [MESSAGE][PASSED] - Delayed 2 second(s)

2018-11-08 15:10:03 - [TEST_STEP][PASSED] - click: Object: 'Object Repository/Final Object Repo/Landing Page/Select to Workflow Listing' is clicked on

2018-11-08 15:10:05 - [MESSAGE][PASSED] - Object: 'Object Repository/Final Object Repo/Landing Page/Select to Workflow Listing' is clicked on

2018-11-08 15:10:05 - [TEST_STEP][PASSED] - delay: Delayed 2 second(s)

2018-11-08 15:10:07 - [MESSAGE][PASSED] - Delayed 2 second(s)

2018-11-08 15:10:07 - [TEST_STEP][PASSED] - click: Object: 'Object Repository/Final Object Repo/WorkFlow Listing Page/Search Information - To Put Ref No' is clicked on

2018-11-08 15:10:07 - [MESSAGE][PASSED] - Object: 'Object Repository/Final Object Repo/WorkFlow Listing Page/Search Information - To Put Ref No' is clicked on

2018-11-08 15:10:07 - [TEST_STEP][PASSED] - delay: Delayed 2 second(s)

2018-11-08 15:10:09 - [MESSAGE][PASSED] - Delayed 2 second(s)

2018-11-08 15:10:09 - [TEST_STEP][PASSED] - callTestCase: Call Test Case 'Test Cases/Final Aug 2018 - PKS Automation/Common/Reference Number Getter' successfully

2018-11-08 15:10:09 - [TEST_CASE][PASSED] - Test Cases/Final Aug 2018 - PKS Automation/Common/Reference Number Getter: Test Cases/Final Aug 2018 - PKS Automation/Common/Reference Number Getter

2018-11-08 15:10:09 - [TEST_STEP][PASSED] - Statement - Try: null

2018-11-08 15:10:09 - [TEST_STEP][PASSED] - Statement - RefNo = new java.io.File(C://KatalonReference.txt): null

2018-11-08 15:10:09 - [TEST_STEP][PASSED] - Statement - bufferread = new java.io.BufferedReader(new java.io.FileReader(RefNo)): null

2018-11-08 15:10:09 - [TEST_STEP][PASSED] - Statement - readedVal = bufferread.readLine(): null

2018-11-08 15:10:09 - [TEST_STEP][PASSED] - Statement - out.println(CaseReferenceNo): null

2018-11-08 15:10:09 - [TEST_STEP][PASSED] - Statement - out.println(readedVal): null

2018-11-08 15:10:09 - [TEST_STEP][PASSED] - Statement - CaseReferenceNo = readedVal: null

2018-11-08 15:10:09 - [MESSAGE][PASSED] - Call Test Case 'Test Cases/Final Aug 2018 - PKS Automation/Common/Reference Number Getter' successfully

2018-11-08 15:10:09 - [TEST_STEP][PASSED] - setText: Text 'CRN11201800122420' is set on object 'Object Repository/Final Object Repo/WorkFlow Listing Page/Ref No Set Text'

2018-11-08 15:10:09 - [MESSAGE][PASSED] - Text 'CRN11201800122420' is set on object 'Object Repository/Final Object Repo/WorkFlow Listing Page/Ref No Set Text'

2018-11-08 15:10:09 - [TEST_STEP][PASSED] - delay: Delayed 2 second(s)

2018-11-08 15:10:11 - [MESSAGE][PASSED] - Delayed 2 second(s)

2018-11-08 15:10:11 - [TEST_STEP][PASSED] - click: Object: 'Object Repository/Final Object Repo/WorkFlow Listing Page/Search Ref No Search Button' is clicked on

2018-11-08 15:10:14 - [MESSAGE][PASSED] - Object: 'Object Repository/Final Object Repo/WorkFlow Listing Page/Search Ref No Search Button' is clicked on

2018-11-08 15:10:14 - [TEST_STEP][PASSED] - delay: Delayed 4 second(s)

2018-11-08 15:10:18 - [MESSAGE][PASSED] - Delayed 4 second(s)

2018-11-08 15:10:18 - [TEST_STEP][PASSED] - click: Object: 'Object Repository/Final Object Repo/WorkFlow Listing Page/Click Continue Tooltip' is clicked on

2018-11-08 15:10:19 - [MESSAGE][PASSED] - Object: 'Object Repository/Final Object Repo/WorkFlow Listing Page/Click Continue Tooltip' is clicked on

2018-11-08 15:10:19 - [TEST_STEP][PASSED] - delay: Delayed 5 second(s)

2018-11-08 15:10:24 - [MESSAGE][PASSED] - Delayed 5 second(s)

2018-11-08 15:10:24 - [TEST_STEP][PASSED] - doubleClick: Object: 'Object Repository/Final Object Repo/WorkFlow Listing Page/Workflow Found - Listing 1' is double clicked on

2018-11-08 15:10:24 - [MESSAGE][PASSED] - Object: 'Object Repository/Final Object Repo/WorkFlow Listing Page/Workflow Found - Listing 1' is double clicked on

2018-11-08 15:10:24 - [TEST_STEP][PASSED] - Statement - println(OwnerID): null

2018-11-08 15:10:24 - [TEST_STEP][PASSED] - Statement - OwnerID = com.kms.katalon.core.webui.keyword.WebUiBuiltInKeywords.getText(com.kms.katalon.core.testobject.ObjectRepository.findTestObject(Final Object Repo/WorkFlow Listing Page/Workflow Found - Listing 1), STOP_ON_FAILURE): Text of object 'Object Repository/Final Object Repo/WorkFlow Listing Page/Workflow Found - Listing 1' is: 'JOHORro3'

2018-11-08 15:10:25 - [MESSAGE][PASSED] - Text of object 'Object Repository/Final Object Repo/WorkFlow Listing Page/Workflow Found - Listing 1' is: 'JOHORro3'

2018-11-08 15:10:25 - [TEST_STEP][PASSED] - Statement - OwnerID = OwnerID.toLowerCase() + "@gmail.com": null

2018-11-08 15:10:25 - [TEST_STEP][PASSED] - Statement - println(OwnerID): null

2018-11-08 15:10:25 - [TEST_STEP][PASSED] - delay: Delayed 2 second(s)

2018-11-08 15:10:27 - [MESSAGE][PASSED] - Delayed 2 second(s)

2018-11-08 15:10:27 - [MESSAGE][PASSED] - Call Test Case 'Test Cases/Final Aug 2018 - PKS Automation/Common/Workflow Owner Finder' successfully

2018-11-08 15:10:27 - [TEST_STEP][PASSED] - callTestCase: Call Test Case 'Test Cases/Final Aug 2018 - PKS Automation/Registration Module/Log Out/log out avoiding katalon tagging' successfully

2018-11-08 15:10:27 - [TEST_CASE][PASSED] - Test Cases/Final Aug 2018 - PKS Automation/Registration Module/Log Out/log out avoiding katalon tagging: Test Cases/Final Aug 2018 - PKS Automation/Registration Module/Log Out/log out avoiding katalon tagging

2018-11-08 15:10:27 - [TEST_STEP][PASSED] - navigateToUrl: Navigate to 'https://assist2-uat.perkeso.gov.my/c/portal/logout' successfully

2018-11-08 15:10:28 - [MESSAGE][PASSED] - Navigate to 'https://assist2-uat.perkeso.gov.my/c/portal/logout' successfully

2018-11-08 15:10:28 - [MESSAGE][PASSED] - Call Test Case 'Test Cases/Final Aug 2018 - PKS Automation/Registration Module/Log Out/log out avoiding katalon tagging' successfully

2018-11-08 15:10:28 - [TEST_STEP][PASSED] - delay: Delayed 2 second(s)

2018-11-08 15:10:30 - [MESSAGE][PASSED] - Delayed 2 second(s)

2018-11-08 15:10:30 - [TEST_STEP][PASSED] - setText: Text 'johorro3@gmail.com' is set on object 'Object Repository/Final Object Repo/Login Page/Internal User/Email Address'

2018-11-08 15:10:31 - [MESSAGE][PASSED] - Text 'johorro3@gmail.com' is set on object 'Object Repository/Final Object Repo/Login Page/Internal User/Email Address'

2018-11-08 15:10:31 - [TEST_STEP][PASSED] - click: Object: 'Object Repository/Final Object Repo/Login Page/Internal User/Next Button' is clicked on

2018-11-08 15:10:31 - [MESSAGE][PASSED] - Object: 'Object Repository/Final Object Repo/Login Page/Internal User/Next Button' is clicked on

2018-11-08 15:10:31 - [TEST_STEP][PASSED] - delay: Delayed 2 second(s)

2018-11-08 15:10:33 - [MESSAGE][PASSED] - Delayed 2 second(s)

2018-11-08 15:10:33 - [TEST_STEP][PASSED] - setText: Text 'Test1@3456789' is set on object 'Object Repository/Final Object Repo/Login Page/Internal User/Password'

2018-11-08 15:10:33 - [MESSAGE][PASSED] - Text 'Test1@3456789' is set on object 'Object Repository/Final Object Repo/Login Page/Internal User/Password'

2018-11-08 15:10:33 - [TEST_STEP][PASSED] - delay: Delayed 2 second(s)

2018-11-08 15:10:35 - [MESSAGE][PASSED] - Delayed 2 second(s)

2018-11-08 15:10:35 - [TEST_STEP][PASSED] - click: Object: 'Object Repository/Final Object Repo/Login Page/Internal User/Login Button' is clicked on

2018-11-08 15:10:38 - [MESSAGE][PASSED] - Object: 'Object Repository/Final Object Repo/Login Page/Internal User/Login Button' is clicked on

2018-11-08 15:10:38 - [TEST_STEP][PASSED] - delay: Delayed 2 second(s)

2018-11-08 15:10:40 - [MESSAGE][PASSED] - Delayed 2 second(s)

2018-11-08 15:10:40 - [TEST_STEP][PASSED] - Statement - Try: null

2018-11-08 15:10:40 - [TEST_STEP][PASSED] - Statement - Checker = com.kms.katalon.core.webui.keyword.WebUiBuiltInKeywords.verifyElementNotPresent("Final Object Repo/Landing Page/Select to English", 3): null

2018-11-08 15:10:40 - [TEST_STEP][PASSED] - Statement - Catch (Exception e): null

2018-11-08 15:10:40 - [TEST_STEP][PASSED] - Statement - e.printStackTrace(): null

2018-11-08 15:10:40 - [TEST_STEP][PASSED] - click: Object: 'Object Repository/Final Object Repo/New Registration - Registration Module Pages/New Reg - OTC to RO/Special Case - All Related Objects/Expand to Search' is clicked on

2018-11-08 15:10:40 - [MESSAGE][PASSED] - Object: 'Object Repository/Final Object Repo/New Registration - Registration Module Pages/New Reg - OTC to RO/Special Case - All Related Objects/Expand to Search' is clicked on

2018-11-08 15:10:40 - [TEST_STEP][PASSED] - callTestCase: Call Test Case 'Test Cases/Final Aug 2018 - PKS Automation/Common/Reference Number Getter' successfully

2018-11-08 15:10:40 - [TEST_CASE][PASSED] - Test Cases/Final Aug 2018 - PKS Automation/Common/Reference Number Getter: Test Cases/Final Aug 2018 - PKS Automation/Common/Reference Number Getter

2018-11-08 15:10:40 - [TEST_STEP][PASSED] - Statement - Try: null

2018-11-08 15:10:40 - [TEST_STEP][PASSED] - Statement - RefNo = new java.io.File(C://KatalonReference.txt): null

2018-11-08 15:10:40 - [TEST_STEP][PASSED] - Statement - bufferread = new java.io.BufferedReader(new java.io.FileReader(RefNo)): null

2018-11-08 15:10:40 - [TEST_STEP][PASSED] - Statement - readedVal = bufferread.readLine(): null

2018-11-08 15:10:40 - [TEST_STEP][PASSED] - Statement - out.println(CaseReferenceNo): null

2018-11-08 15:10:40 - [TEST_STEP][PASSED] - Statement - out.println(readedVal): null

2018-11-08 15:10:40 - [TEST_STEP][PASSED] - Statement - CaseReferenceNo = readedVal: null

2018-11-08 15:10:40 - [MESSAGE][PASSED] - Call Test Case 'Test Cases/Final Aug 2018 - PKS Automation/Common/Reference Number Getter' successfully

2018-11-08 15:10:40 - [TEST_STEP][PASSED] - setText: Text 'CRN11201800122420' is set on object 'Object Repository/Final Object Repo/New Registration - Registration Module Pages/New Reg - OTC to RO/Special Case - All Related Objects/TextBox RefNo in Workbasket'

2018-11-08 15:10:40 - [MESSAGE][PASSED] - Text 'CRN11201800122420' is set on object 'Object Repository/Final Object Repo/New Registration - Registration Module Pages/New Reg - OTC to RO/Special Case - All Related Objects/TextBox RefNo in Workbasket'

2018-11-08 15:10:40 - [TEST_STEP][PASSED] - delay: Delayed 2 second(s)

2018-11-08 15:10:42 - [MESSAGE][PASSED] - Delayed 2 second(s)

2018-11-08 15:10:42 - [TEST_STEP][PASSED] - click: Object: 'Object Repository/Final Object Repo/New Registration - Registration Module Pages/New Reg - OTC to RO/Special Case - All Related Objects/Click Search' is clicked on

2018-11-08 15:10:44 - [MESSAGE][PASSED] - Object: 'Object Repository/Final Object Repo/New Registration - Registration Module Pages/New Reg - OTC to RO/Special Case - All Related Objects/Click Search' is clicked on

2018-11-08 15:10:44 - [TEST_STEP][PASSED] - delay: Delayed 2 second(s)

2018-11-08 15:10:46 - [MESSAGE][PASSED] - Delayed 2 second(s)

2018-11-08 15:10:46 - [TEST_STEP][PASSED] - click: Object: 'Object Repository/Final Object Repo/New Registration - Registration Module Pages/New Reg - OTC to RO/Special Case - All Related Objects/Click to Continue Workflow' is clicked on

2018-11-08 15:10:50 - [MESSAGE][PASSED] - Object: 'Object Repository/Final Object Repo/New Registration - Registration Module Pages/New Reg - OTC to RO/Special Case - All Related Objects/Click to Continue Workflow' is clicked on

2018-11-08 15:10:50 - [TEST_STEP][PASSED] - delay: Delayed 2 second(s)

2018-11-08 15:10:52 - [MESSAGE][PASSED] - Delayed 2 second(s)

2018-11-08 15:10:52 - [TEST_STEP][PASSED] - click: Object: 'Object Repository/Final Object Repo/New Registration - Registration Module Pages/New Reg - OTC to RO/Special Case - All Related Objects/Continue Button in verifying case' is clicked on

2018-11-08 15:10:56 - [MESSAGE][PASSED] - Object: 'Object Repository/Final Object Repo/New Registration - Registration Module Pages/New Reg - OTC to RO/Special Case - All Related Objects/Continue Button in verifying case' is clicked on

2018-11-08 15:10:56 - [TEST_STEP][PASSED] - delay: Delayed 2 second(s)

2018-11-08 15:10:58 - [MESSAGE][PASSED] - Delayed 2 second(s)

2018-11-08 15:10:58 - [TEST_STEP][PASSED] - click: Object: 'Object Repository/Final Object Repo/New Registration - Registration Module Pages/New Reg - OTC to RO/Special Case - All Related Objects/Form 1 Save n Continue' is clicked on

2018-11-08 15:10:58 - [MESSAGE][PASSED] - Object: 'Object Repository/Final Object Repo/New Registration - Registration Module Pages/New Reg - OTC to RO/Special Case - All Related Objects/Form 1 Save n Continue' is clicked on

2018-11-08 15:10:58 - [TEST_STEP][PASSED] - delay: Delayed 2 second(s)

2018-11-08 15:11:00 - [MESSAGE][PASSED] - Delayed 2 second(s)

2018-11-08 15:11:00 - [TEST_STEP][PASSED] - click: Object: 'Object Repository/Final Object Repo/New Registration - Registration Module Pages/New Reg - OTC to RO/Special Case - All Related Objects/Form 2 Save n Continue' is clicked on

2018-11-08 15:11:02 - [MESSAGE][PASSED] - Object: 'Object Repository/Final Object Repo/New Registration - Registration Module Pages/New Reg - OTC to RO/Special Case - All Related Objects/Form 2 Save n Continue' is clicked on

2018-11-08 15:11:02 - [TEST_STEP][PASSED] - delay: Delayed 2 second(s)

2018-11-08 15:11:04 - [MESSAGE][PASSED] - Delayed 2 second(s)

2018-11-08 15:11:04 - [TEST_STEP][PASSED] - click: Object: 'Object Repository/Final Object Repo/New Registration - Registration Module Pages/New Reg - OTC to RO/Special Case - All Related Objects/Third Screen Save n Continue' is clicked on

2018-11-08 15:11:10 - [MESSAGE][PASSED] - Object: 'Object Repository/Final Object Repo/New Registration - Registration Module Pages/New Reg - OTC to RO/Special Case - All Related Objects/Third Screen Save n Continue' is clicked on

2018-11-08 15:11:10 - [TEST_STEP][PASSED] - delay: Delayed 5 second(s)

2018-11-08 15:11:15 - [MESSAGE][PASSED] - Delayed 5 second(s)

2018-11-08 15:11:15 - [TEST_STEP][PASSED] - click: Object: 'Object Repository/Final Object Repo/New Registration - Registration Module Pages/New Reg - OTC to RO/Special Case - All Related Objects/Upload Doc Page Save n Continue' is clicked on

2018-11-08 15:11:16 - [MESSAGE][PASSED] - Object: 'Object Repository/Final Object Repo/New Registration - Registration Module Pages/New Reg - OTC to RO/Special Case - All Related Objects/Upload Doc Page Save n Continue' is clicked on

2018-11-08 15:11:16 - [TEST_STEP][PASSED] - delay: Delayed 5 second(s)

2018-11-08 15:11:21 - [MESSAGE][PASSED] - Delayed 5 second(s)

2018-11-08 15:11:21 - [TEST_STEP][PASSED] - callTestCase: Call Test Case 'Test Cases/Final Aug 2018 - PKS Automation/Registration Module/New Registration/Submit and Screenshot/Submit Registration and Screenshot' successfully

2018-11-08 15:11:21 - [TEST_CASE][PASSED] - Test Cases/Final Aug 2018 - PKS Automation/Registration Module/New Registration/Submit and Screenshot/Submit Registration and Screenshot: Test Cases/Final Aug 2018 - PKS Automation/Registration Module/New Registration/Submit and Screenshot/Submit Registration and Screenshot

2018-11-08 15:11:21 - [TEST_STEP][PASSED] - delay: Delayed 6 second(s)

2018-11-08 15:11:27 - [MESSAGE][PASSED] - Delayed 6 second(s)

2018-11-08 15:11:27 - [TEST_STEP][PASSED] - click: Object: 'Object Repository/Final Object Repo/New Registration - Registration Module Pages/Third Screen - Upload Supporting Doc- Preview/Preview Submit Button' is clicked on

2018-11-08 15:11:27 - [MESSAGE][PASSED] - Object: 'Object Repository/Final Object Repo/New Registration - Registration Module Pages/Third Screen - Upload Supporting Doc- Preview/Preview Submit Button' is clicked on

2018-11-08 15:11:27 - [TEST_STEP][PASSED] - delay: Delayed 2 second(s)

2018-11-08 15:11:29 - [MESSAGE][PASSED] - Delayed 2 second(s)

2018-11-08 15:11:29 - [TEST_STEP][PASSED] - click: Object: 'Object Repository/Final Object Repo/New Registration - Registration Module Pages/Third Screen - Upload Supporting Doc- Preview/Preview Submit - Confirm' is clicked on

2018-11-08 15:11:35 - [MESSAGE][PASSED] - Object: 'Object Repository/Final Object Repo/New Registration - Registration Module Pages/Third Screen - Upload Supporting Doc- Preview/Preview Submit - Confirm' is clicked on

2018-11-08 15:11:35 - [TEST_STEP][PASSED] - delay: Delayed 15 second(s)

2018-11-08 15:11:50 - [MESSAGE][PASSED] - Delayed 15 second(s)

2018-11-08 15:11:50 - [TEST_STEP][PASSED] - Statement - driver = com.kms.katalon.core.webui.driver.DriverFactory.getWebDriver(): null

2018-11-08 15:11:50 - [TEST_STEP][PASSED] - Statement - driver.manage().timeouts().implicitlyWait(10, SECONDS): null

2018-11-08 15:11:50 - [TEST_STEP][PASSED] - Statement - PresavePath = KatalonScreenshots: null

2018-11-08 15:11:50 - [TEST_STEP][PASSED] - Statement - pathPrefix = "C:\Users\Public\Pictures\Sample Pictures\Katalon Screenshots\Automate Ending Screen": null

2018-11-08 15:11:50 - [TEST_STEP][PASSED] - Statement - finalPath = <not implemented yet for class: org.codehaus.groovy.ast.expr.EmptyExpression>: null

2018-11-08 15:11:50 - [TEST_STEP][PASSED] - Statement - scrFile = driver.getScreenshotAs(FILE): null

2018-11-08 15:11:50 - [TEST_STEP][PASSED] - Statement - PreSaveFile = new java.io.File(PresavePath): null

2018-11-08 15:11:50 - [TEST_STEP][PASSED] - Statement - counter = 0: null

2018-11-08 15:11:50 - [TEST_STEP][PASSED] - Statement - If (PreSaveFile.exists()): null

2018-11-08 15:11:50 - [TEST_STEP][PASSED] - Statement - While (PreSaveFile.exists()): null

2018-11-08 15:11:50 - [TEST_STEP][PASSED] - Statement - counter = counter + 1: null

2018-11-08 15:11:50 - [TEST_STEP][PASSED] - Statement - PreSaveFile = new java.io.File(((pathPrefix + java.lang.Integer.toString(counter)) + .png)): null

2018-11-08 15:11:50 - [TEST_STEP][PASSED] - Statement - counter = counter + 1: null

2018-11-08 15:11:50 - [TEST_STEP][PASSED] - Statement - PreSaveFile = new java.io.File(((pathPrefix + java.lang.Integer.toString(counter)) + .png)): null

2018-11-08 15:11:50 - [TEST_STEP][PASSED] - Statement - counter = counter + 1: null

2018-11-08 15:11:50 - [TEST_STEP][PASSED] - Statement - PreSaveFile = new java.io.File(((pathPrefix + java.lang.Integer.toString(counter)) + .png)): null

2018-11-08 15:11:50 - [TEST_STEP][PASSED] - Statement - counter = counter + 1: null

2018-11-08 15:11:50 - [TEST_STEP][PASSED] - Statement - PreSaveFile = new java.io.File(((pathPrefix + java.lang.Integer.toString(counter)) + .png)): null

2018-11-08 15:11:50 - [TEST_STEP][PASSED] - Statement - counter = counter + 1: null

2018-11-08 15:11:50 - [TEST_STEP][PASSED] - Statement - PreSaveFile = new java.io.File(((pathPrefix + java.lang.Integer.toString(counter)) + .png)): null

2018-11-08 15:11:50 - [TEST_STEP][PASSED] - Statement - counter = counter + 1: null

2018-11-08 15:11:50 - [TEST_STEP][PASSED] - Statement - PreSaveFile = new java.io.File(((pathPrefix + java.lang.Integer.toString(counter)) + .png)): null

2018-11-08 15:11:50 - [TEST_STEP][PASSED] - Statement - counter = counter + 1: null

2018-11-08 15:11:50 - [TEST_STEP][PASSED] - Statement - PreSaveFile = new java.io.File(((pathPrefix + java.lang.Integer.toString(counter)) + .png)): null

2018-11-08 15:11:50 - [TEST_STEP][PASSED] - Statement - counter = counter + 1: null

2018-11-08 15:11:50 - [TEST_STEP][PASSED] - Statement - PreSaveFile = new java.io.File(((pathPrefix + java.lang.Integer.toString(counter)) + .png)): null

2018-11-08 15:11:50 - [TEST_STEP][PASSED] - Statement - counter = counter + 1: null

2018-11-08 15:11:50 - [TEST_STEP][PASSED] - Statement - PreSaveFile = new java.io.File(((pathPrefix + java.lang.Integer.toString(counter)) + .png)): null

2018-11-08 15:11:50 - [TEST_STEP][PASSED] - Statement - counter = counter + 1: null

2018-11-08 15:11:50 - [TEST_STEP][PASSED] - Statement - PreSaveFile = new java.io.File(((pathPrefix + java.lang.Integer.toString(counter)) + .png)): null

2018-11-08 15:11:50 - [TEST_STEP][PASSED] - Statement - counter = counter + 1: null

2018-11-08 15:11:50 - [TEST_STEP][PASSED] - Statement - PreSaveFile = new java.io.File(((pathPrefix + java.lang.Integer.toString(counter)) + .png)): null

2018-11-08 15:11:50 - [TEST_STEP][PASSED] - Statement - counter = counter + 1: null

2018-11-08 15:11:50 - [TEST_STEP][PASSED] - Statement - PreSaveFile = new java.io.File(((pathPrefix + java.lang.Integer.toString(counter)) + .png)): null

2018-11-08 15:11:50 - [TEST_STEP][PASSED] - Statement - counter = counter + 1: null

2018-11-08 15:11:50 - [TEST_STEP][PASSED] - Statement - PreSaveFile = new java.io.File(((pathPrefix + java.lang.Integer.toString(counter)) + .png)): null

2018-11-08 15:11:50 - [TEST_STEP][PASSED] - Statement - counter = counter + 1: null

2018-11-08 15:11:50 - [TEST_STEP][PASSED] - Statement - PreSaveFile = new java.io.File(((pathPrefix + java.lang.Integer.toString(counter)) + .png)): null

2018-11-08 15:11:50 - [TEST_STEP][PASSED] - Statement - counter = counter + 1: null

2018-11-08 15:11:50 - [TEST_STEP][PASSED] - Statement - PreSaveFile = new java.io.File(((pathPrefix + java.lang.Integer.toString(counter)) + .png)): null

2018-11-08 15:11:50 - [TEST_STEP][PASSED] - Statement - counter = counter + 1: null

2018-11-08 15:11:50 - [TEST_STEP][PASSED] - Statement - PreSaveFile = new java.io.File(((pathPrefix + java.lang.Integer.toString(counter)) + .png)): null

2018-11-08 15:11:50 - [TEST_STEP][PASSED] - Statement - counter = counter + 1: null

2018-11-08 15:11:50 - [TEST_STEP][PASSED] - Statement - PreSaveFile = new java.io.File(((pathPrefix + java.lang.Integer.toString(counter)) + .png)): null

2018-11-08 15:11:50 - [TEST_STEP][PASSED] - Statement - counter = counter + 1: null

2018-11-08 15:11:50 - [TEST_STEP][PASSED] - Statement - PreSaveFile = new java.io.File(((pathPrefix + java.lang.Integer.toString(counter)) + .png)): null

2018-11-08 15:11:50 - [TEST_STEP][PASSED] - Statement - counter = counter + 1: null

2018-11-08 15:11:50 - [TEST_STEP][PASSED] - Statement - PreSaveFile = new java.io.File(((pathPrefix + java.lang.Integer.toString(counter)) + .png)): null

2018-11-08 15:11:50 - [TEST_STEP][PASSED] - Statement - counter = counter + 1: null

2018-11-08 15:11:50 - [TEST_STEP][PASSED] - Statement - PreSaveFile = new java.io.File(((pathPrefix + java.lang.Integer.toString(counter)) + .png)): null

2018-11-08 15:11:50 - [TEST_STEP][PASSED] - Statement - counter = counter + 1: null

2018-11-08 15:11:50 - [TEST_STEP][PASSED] - Statement - PreSaveFile = new java.io.File(((pathPrefix + java.lang.Integer.toString(counter)) + .png)): null

2018-11-08 15:11:50 - [TEST_STEP][PASSED] - Statement - counter = counter + 1: null

2018-11-08 15:11:50 - [TEST_STEP][PASSED] - Statement - PreSaveFile = new java.io.File(((pathPrefix + java.lang.Integer.toString(counter)) + .png)): null

2018-11-08 15:11:50 - [TEST_STEP][PASSED] - Statement - counter = counter + 1: null

2018-11-08 15:11:50 - [TEST_STEP][PASSED] - Statement - PreSaveFile = new java.io.File(((pathPrefix + java.lang.Integer.toString(counter)) + .png)): null

2018-11-08 15:11:50 - [TEST_STEP][PASSED] - Statement - counter = counter + 1: null

2018-11-08 15:11:50 - [TEST_STEP][PASSED] - Statement - PreSaveFile = new java.io.File(((pathPrefix + java.lang.Integer.toString(counter)) + .png)): null

2018-11-08 15:11:50 - [TEST_STEP][PASSED] - Statement - counter = counter + 1: null

2018-11-08 15:11:50 - [TEST_STEP][PASSED] - Statement - PreSaveFile = new java.io.File(((pathPrefix + java.lang.Integer.toString(counter)) + .png)): null

2018-11-08 15:11:50 - [TEST_STEP][PASSED] - Statement - counter = counter + 1: null

2018-11-08 15:11:50 - [TEST_STEP][PASSED] - Statement - PreSaveFile = new java.io.File(((pathPrefix + java.lang.Integer.toString(counter)) + .png)): null

2018-11-08 15:11:50 - [TEST_STEP][PASSED] - Statement - counter = counter + 1: null

2018-11-08 15:11:51 - [TEST_STEP][PASSED] - Statement - PreSaveFile = new java.io.File(((pathPrefix + java.lang.Integer.toString(counter)) + .png)): null

2018-11-08 15:11:51 - [TEST_STEP][PASSED] - Statement - counter = counter + 1: null

2018-11-08 15:11:51 - [TEST_STEP][PASSED] - Statement - PreSaveFile = new java.io.File(((pathPrefix + java.lang.Integer.toString(counter)) + .png)): null

2018-11-08 15:11:51 - [TEST_STEP][PASSED] - Statement - counter = counter + 1: null

2018-11-08 15:11:51 - [TEST_STEP][PASSED] - Statement - PreSaveFile = new java.io.File(((pathPrefix + java.lang.Integer.toString(counter)) + .png)): null

2018-11-08 15:11:51 - [TEST_STEP][PASSED] - Statement - counter = counter + 1: null

2018-11-08 15:11:51 - [TEST_STEP][PASSED] - Statement - PreSaveFile = new java.io.File(((pathPrefix + java.lang.Integer.toString(counter)) + .png)): null

2018-11-08 15:11:51 - [TEST_STEP][PASSED] - Statement - counter = counter + 1: null

2018-11-08 15:11:51 - [TEST_STEP][PASSED] - Statement - PreSaveFile = new java.io.File(((pathPrefix + java.lang.Integer.toString(counter)) + .png)): null

2018-11-08 15:11:51 - [TEST_STEP][PASSED] - Statement - counter = counter + 1: null

2018-11-08 15:11:51 - [TEST_STEP][PASSED] - Statement - PreSaveFile = new java.io.File(((pathPrefix + java.lang.Integer.toString(counter)) + .png)): null

2018-11-08 15:11:51 - [TEST_STEP][PASSED] - Statement - counter = counter + 1: null

2018-11-08 15:11:51 - [TEST_STEP][PASSED] - Statement - PreSaveFile = new java.io.File(((pathPrefix + java.lang.Integer.toString(counter)) + .png)): null

2018-11-08 15:11:51 - [TEST_STEP][PASSED] - Statement - counter = counter + 1: null

2018-11-08 15:11:51 - [TEST_STEP][PASSED] - Statement - PreSaveFile = new java.io.File(((pathPrefix + java.lang.Integer.toString(counter)) + .png)): null

2018-11-08 15:11:52 - [TEST_STEP][PASSED] - Statement - counter = counter + 1: null

2018-11-08 15:11:52 - [TEST_STEP][PASSED] - Statement - PreSaveFile = new java.io.File(((pathPrefix + java.lang.Integer.toString(counter)) + .png)): null

2018-11-08 15:11:52 - [TEST_STEP][PASSED] - Statement - counter = counter + 1: null

2018-11-08 15:11:52 - [TEST_STEP][PASSED] - Statement - PreSaveFile = new java.io.File(((pathPrefix + java.lang.Integer.toString(counter)) + .png)): null

2018-11-08 15:11:52 - [TEST_STEP][PASSED] - Statement - counter = counter + 1: null

2018-11-08 15:11:52 - [TEST_STEP][PASSED] - Statement - PreSaveFile = new java.io.File(((pathPrefix + java.lang.Integer.toString(counter)) + .png)): null

2018-11-08 15:11:52 - [TEST_STEP][PASSED] - Statement - counter = counter + 1: null

2018-11-08 15:11:52 - [TEST_STEP][PASSED] - Statement - PreSaveFile = new java.io.File(((pathPrefix + java.lang.Integer.toString(counter)) + .png)): null

2018-11-08 15:11:52 - [TEST_STEP][PASSED] - Statement - counter = counter + 1: null

2018-11-08 15:11:52 - [TEST_STEP][PASSED] - Statement - PreSaveFile = new java.io.File(((pathPrefix + java.lang.Integer.toString(counter)) + .png)): null

2018-11-08 15:11:52 - [TEST_STEP][PASSED] - Statement - counter = counter + 1: null

2018-11-08 15:11:52 - [TEST_STEP][PASSED] - Statement - PreSaveFile = new java.io.File(((pathPrefix + java.lang.Integer.toString(counter)) + .png)): null

2018-11-08 15:11:52 - [TEST_STEP][PASSED] - Statement - counter = counter + 1: null

2018-11-08 15:11:52 - [TEST_STEP][PASSED] - Statement - PreSaveFile = new java.io.File(((pathPrefix + java.lang.Integer.toString(counter)) + .png)): null

2018-11-08 15:11:52 - [TEST_STEP][PASSED] - Statement - counter = counter + 1: null

2018-11-08 15:11:52 - [TEST_STEP][PASSED] - Statement - PreSaveFile = new java.io.File(((pathPrefix + java.lang.Integer.toString(counter)) + .png)): null

2018-11-08 15:11:52 - [TEST_STEP][PASSED] - Statement - counter = counter + 1: null

2018-11-08 15:11:52 - [TEST_STEP][PASSED] - Statement - PreSaveFile = new java.io.File(((pathPrefix + java.lang.Integer.toString(counter)) + .png)): null

2018-11-08 15:11:52 - [TEST_STEP][PASSED] - Statement - counter = counter + 1: null

2018-11-08 15:11:52 - [TEST_STEP][PASSED] - Statement - PreSaveFile = new java.io.File(((pathPrefix + java.lang.Integer.toString(counter)) + .png)): null

2018-11-08 15:11:52 - [TEST_STEP][PASSED] - Statement - counter = counter + 1: null

2018-11-08 15:11:52 - [TEST_STEP][PASSED] - Statement - PreSaveFile = new java.io.File(((pathPrefix + java.lang.Integer.toString(counter)) + .png)): null

2018-11-08 15:11:52 - [TEST_STEP][PASSED] - Statement - counter = counter + 1: null

2018-11-08 15:11:52 - [TEST_STEP][PASSED] - Statement - PreSaveFile = new java.io.File(((pathPrefix + java.lang.Integer.toString(counter)) + .png)): null

2018-11-08 15:11:52 - [TEST_STEP][PASSED] - Statement - counter = counter + 1: null

2018-11-08 15:11:52 - [TEST_STEP][PASSED] - Statement - PreSaveFile = new java.io.File(((pathPrefix + java.lang.Integer.toString(counter)) + .png)): null

2018-11-08 15:11:52 - [TEST_STEP][PASSED] - Statement - counter = counter + 1: null

2018-11-08 15:11:52 - [TEST_STEP][PASSED] - Statement - PreSaveFile = new java.io.File(((pathPrefix + java.lang.Integer.toString(counter)) + .png)): null

2018-11-08 15:11:52 - [TEST_STEP][PASSED] - Statement - counter = counter + 1: null

2018-11-08 15:11:52 - [TEST_STEP][PASSED] - Statement - PreSaveFile = new java.io.File(((pathPrefix + java.lang.Integer.toString(counter)) + .png)): null

2018-11-08 15:11:52 - [TEST_STEP][PASSED] - Statement - counter = counter + 1: null

2018-11-08 15:11:52 - [TEST_STEP][PASSED] - Statement - PreSaveFile = new java.io.File(((pathPrefix + java.lang.Integer.toString(counter)) + .png)): null

2018-11-08 15:11:52 - [TEST_STEP][PASSED] - Statement - counter = counter + 1: null

2018-11-08 15:11:52 - [TEST_STEP][PASSED] - Statement - PreSaveFile = new java.io.File(((pathPrefix + java.lang.Integer.toString(counter)) + .png)): null

2018-11-08 15:11:52 - [TEST_STEP][PASSED] - Statement - counter = counter + 1: null

2018-11-08 15:11:52 - [TEST_STEP][PASSED] - Statement - PreSaveFile = new java.io.File(((pathPrefix + java.lang.Integer.toString(counter)) + .png)): null

2018-11-08 15:11:52 - [TEST_STEP][PASSED] - Statement - counter = counter + 1: null

2018-11-08 15:11:52 - [TEST_STEP][PASSED] - Statement - PreSaveFile = new java.io.File(((pathPrefix + java.lang.Integer.toString(counter)) + .png)): null

2018-11-08 15:11:52 - [TEST_STEP][PASSED] - Statement - counter = counter + 1: null

2018-11-08 15:11:52 - [TEST_STEP][PASSED] - Statement - PreSaveFile = new java.io.File(((pathPrefix + java.lang.Integer.toString(counter)) + .png)): null

2018-11-08 15:11:53 - [TEST_STEP][PASSED] - Statement - counter = counter + 1: null

2018-11-08 15:11:53 - [TEST_STEP][PASSED] - Statement - PreSaveFile = new java.io.File(((pathPrefix + java.lang.Integer.toString(counter)) + .png)): null

2018-11-08 15:11:53 - [TEST_STEP][PASSED] - Statement - counter = counter + 1: null

2018-11-08 15:11:53 - [TEST_STEP][PASSED] - Statement - PreSaveFile = new java.io.File(((pathPrefix + java.lang.Integer.toString(counter)) + .png)): null

2018-11-08 15:11:53 - [TEST_STEP][PASSED] - Statement - counter = counter + 1: null

2018-11-08 15:11:53 - [TEST_STEP][PASSED] - Statement - PreSaveFile = new java.io.File(((pathPrefix + java.lang.Integer.toString(counter)) + .png)): null

2018-11-08 15:11:53 - [TEST_STEP][PASSED] - Statement - counter = counter + 1: null

2018-11-08 15:11:53 - [TEST_STEP][PASSED] - Statement - PreSaveFile = new java.io.File(((pathPrefix + java.lang.Integer.toString(counter)) + .png)): null

2018-11-08 15:11:53 - [TEST_STEP][PASSED] - Statement - counter = counter + 1: null

2018-11-08 15:11:53 - [TEST_STEP][PASSED] - Statement - PreSaveFile = new java.io.File(((pathPrefix + java.lang.Integer.toString(counter)) + .png)): null

2018-11-08 15:11:53 - [TEST_STEP][PASSED] - Statement - counter = counter + 1: null

2018-11-08 15:11:54 - [TEST_STEP][PASSED] - Statement - PreSaveFile = new java.io.File(((pathPrefix + java.lang.Integer.toString(counter)) + .png)): null

2018-11-08 15:11:54 - [TEST_STEP][PASSED] - Statement - counter = counter + 1: null

2018-11-08 15:11:54 - [TEST_STEP][PASSED] - Statement - PreSaveFile = new java.io.File(((pathPrefix + java.lang.Integer.toString(counter)) + .png)): null

2018-11-08 15:11:54 - [TEST_STEP][PASSED] - Statement - counter = counter + 1: null

2018-11-08 15:11:54 - [TEST_STEP][PASSED] - Statement - PreSaveFile = new java.io.File(((pathPrefix + java.lang.Integer.toString(counter)) + .png)): null

2018-11-08 15:11:54 - [TEST_STEP][PASSED] - Statement - counter = counter + 1: null

2018-11-08 15:11:54 - [TEST_STEP][PASSED] - Statement - PreSaveFile = new java.io.File(((pathPrefix + java.lang.Integer.toString(counter)) + .png)): null

2018-11-08 15:11:54 - [TEST_STEP][PASSED] - Statement - counter = counter + 1: null

2018-11-08 15:11:54 - [TEST_STEP][PASSED] - Statement - PreSaveFile = new java.io.File(((pathPrefix + java.lang.Integer.toString(counter)) + .png)): null

2018-11-08 15:11:54 - [TEST_STEP][PASSED] - Statement - counter = counter + 1: null

2018-11-08 15:11:54 - [TEST_STEP][PASSED] - Statement - PreSaveFile = new java.io.File(((pathPrefix + java.lang.Integer.toString(counter)) + .png)): null

2018-11-08 15:11:55 - [TEST_STEP][PASSED] - Statement - counter = counter + 1: null

2018-11-08 15:11:55 - [TEST_STEP][PASSED] - Statement - PreSaveFile = new java.io.File(((pathPrefix + java.lang.Integer.toString(counter)) + .png)): null

2018-11-08 15:11:55 - [TEST_STEP][PASSED] - Statement - counter = counter + 1: null

2018-11-08 15:11:55 - [TEST_STEP][PASSED] - Statement - PreSaveFile = new java.io.File(((pathPrefix + java.lang.Integer.toString(counter)) + .png)): null

2018-11-08 15:11:55 - [TEST_STEP][PASSED] - Statement - counter = counter + 1: null

2018-11-08 15:11:55 - [TEST_STEP][PASSED] - Statement - PreSaveFile = new java.io.File(((pathPrefix + java.lang.Integer.toString(counter)) + .png)): null

2018-11-08 15:11:55 - [TEST_STEP][PASSED] - Statement - counter = counter + 1: null

2018-11-08 15:11:55 - [TEST_STEP][PASSED] - Statement - PreSaveFile = new java.io.File(((pathPrefix + java.lang.Integer.toString(counter)) + .png)): null

2018-11-08 15:11:55 - [TEST_STEP][PASSED] - Statement - counter = counter + 1: null

2018-11-08 15:11:55 - [TEST_STEP][PASSED] - Statement - PreSaveFile = new java.io.File(((pathPrefix + java.lang.Integer.toString(counter)) + .png)): null

2018-11-08 15:11:55 - [TEST_STEP][PASSED] - Statement - counter = counter + 1: null

2018-11-08 15:11:55 - [TEST_STEP][PASSED] - Statement - PreSaveFile = new java.io.File(((pathPrefix + java.lang.Integer.toString(counter)) + .png)): null

2018-11-08 15:11:56 - [TEST_STEP][PASSED] - Statement - counter = counter + 1: null

2018-11-08 15:11:56 - [TEST_STEP][PASSED] - Statement - PreSaveFile = new java.io.File(((pathPrefix + java.lang.Integer.toString(counter)) + .png)): null

2018-11-08 15:11:56 - [TEST_STEP][PASSED] - Statement - counter = counter + 1: null

2018-11-08 15:11:56 - [TEST_STEP][PASSED] - Statement - PreSaveFile = new java.io.File(((pathPrefix + java.lang.Integer.toString(counter)) + .png)): null

2018-11-08 15:11:56 - [TEST_STEP][PASSED] - Statement - counter = counter + 1: null

2018-11-08 15:11:56 - [TEST_STEP][PASSED] - Statement - PreSaveFile = new java.io.File(((pathPrefix + java.lang.Integer.toString(counter)) + .png)): null

2018-11-08 15:11:56 - [TEST_STEP][PASSED] - Statement - counter = counter + 1: null

2018-11-08 15:11:56 - [TEST_STEP][PASSED] - Statement - PreSaveFile = new java.io.File(((pathPrefix + java.lang.Integer.toString(counter)) + .png)): null

2018-11-08 15:11:56 - [TEST_STEP][PASSED] - Statement - counter = counter + 1: null

2018-11-08 15:11:56 - [TEST_STEP][PASSED] - Statement - PreSaveFile = new java.io.File(((pathPrefix + java.lang.Integer.toString(counter)) + .png)): null

2018-11-08 15:11:56 - [TEST_STEP][PASSED] - Statement - counter = counter + 1: null

2018-11-08 15:11:56 - [TEST_STEP][PASSED] - Statement - PreSaveFile = new java.io.File(((pathPrefix + java.lang.Integer.toString(counter)) + .png)): null

2018-11-08 15:11:56 - [TEST_STEP][PASSED] - Statement - counter = counter + 1: null

2018-11-08 15:11:56 - [TEST_STEP][PASSED] - Statement - PreSaveFile = new java.io.File(((pathPrefix + java.lang.Integer.toString(counter)) + .png)): null

2018-11-08 15:11:56 - [TEST_STEP][PASSED] - Statement - counter = counter + 1: null

2018-11-08 15:11:56 - [TEST_STEP][PASSED] - Statement - PreSaveFile = new java.io.File(((pathPrefix + java.lang.Integer.toString(counter)) + .png)): null

2018-11-08 15:11:56 - [TEST_STEP][PASSED] - Statement - counter = counter + 1: null

2018-11-08 15:11:56 - [TEST_STEP][PASSED] - Statement - PreSaveFile = new java.io.File(((pathPrefix + java.lang.Integer.toString(counter)) + .png)): null

2018-11-08 15:11:56 - [TEST_STEP][PASSED] - Statement - counter = counter + 1: null

2018-11-08 15:11:56 - [TEST_STEP][PASSED] - Statement - PreSaveFile = new java.io.File(((pathPrefix + java.lang.Integer.toString(counter)) + .png)): null

2018-11-08 15:11:57 - [TEST_STEP][PASSED] - Statement - counter = counter + 1: null

2018-11-08 15:11:57 - [TEST_STEP][PASSED] - Statement - PreSaveFile = new java.io.File(((pathPrefix + java.lang.Integer.toString(counter)) + .png)): null

2018-11-08 15:11:57 - [TEST_STEP][PASSED] - Statement - counter = counter + 1: null

2018-11-08 15:11:57 - [TEST_STEP][PASSED] - Statement - PreSaveFile = new java.io.File(((pathPrefix + java.lang.Integer.toString(counter)) + .png)): null

2018-11-08 15:11:57 - [TEST_STEP][PASSED] - Statement - counter = counter + 1: null

2018-11-08 15:11:57 - [TEST_STEP][PASSED] - Statement - PreSaveFile = new java.io.File(((pathPrefix + java.lang.Integer.toString(counter)) + .png)): null

2018-11-08 15:11:57 - [TEST_STEP][PASSED] - Statement - counter = counter + 1: null

2018-11-08 15:11:57 - [TEST_STEP][PASSED] - Statement - PreSaveFile = new java.io.File(((pathPrefix + java.lang.Integer.toString(counter)) + .png)): null

2018-11-08 15:11:57 - [TEST_STEP][PASSED] - Statement - counter = counter + 1: null

2018-11-08 15:11:57 - [TEST_STEP][PASSED] - Statement - PreSaveFile = new java.io.File(((pathPrefix + java.lang.Integer.toString(counter)) + .png)): null

2018-11-08 15:11:57 - [TEST_STEP][PASSED] - Statement - counter = counter + 1: null

2018-11-08 15:11:57 - [TEST_STEP][PASSED] - Statement - PreSaveFile = new java.io.File(((pathPrefix + java.lang.Integer.toString(counter)) + .png)): null

2018-11-08 15:11:58 - [TEST_STEP][PASSED] - Statement - counter = counter + 1: null

2018-11-08 15:11:58 - [TEST_STEP][PASSED] - Statement - PreSaveFile = new java.io.File(((pathPrefix + java.lang.Integer.toString(counter)) + .png)): null

2018-11-08 15:11:58 - [TEST_STEP][PASSED] - Statement - counter = counter + 1: null

2018-11-08 15:11:58 - [TEST_STEP][PASSED] - Statement - PreSaveFile = new java.io.File(((pathPrefix + java.lang.Integer.toString(counter)) + .png)): null

2018-11-08 15:11:58 - [TEST_STEP][PASSED] - Statement - counter = counter + 1: null

2018-11-08 15:11:58 - [TEST_STEP][PASSED] - Statement - PreSaveFile = new java.io.File(((pathPrefix + java.lang.Integer.toString(counter)) + .png)): null

2018-11-08 15:11:58 - [TEST_STEP][PASSED] - Statement - counter = counter + 1: null

2018-11-08 15:11:58 - [TEST_STEP][PASSED] - Statement - PreSaveFile = new java.io.File(((pathPrefix + java.lang.Integer.toString(counter)) + .png)): null

2018-11-08 15:11:58 - [TEST_STEP][PASSED] - Statement - counter = counter + 1: null

2018-11-08 15:11:58 - [TEST_STEP][PASSED] - Statement - PreSaveFile = new java.io.File(((pathPrefix + java.lang.Integer.toString(counter)) + .png)): null

2018-11-08 15:11:58 - [TEST_STEP][PASSED] - Statement - counter = counter + 1: null

2018-11-08 15:11:58 - [TEST_STEP][PASSED] - Statement - PreSaveFile = new java.io.File(((pathPrefix + java.lang.Integer.toString(counter)) + .png)): null

2018-11-08 15:11:58 - [TEST_STEP][PASSED] - Statement - counter = counter + 1: null

2018-11-08 15:11:58 - [TEST_STEP][PASSED] - Statement - PreSaveFile = new java.io.File(((pathPrefix + java.lang.Integer.toString(counter)) + .png)): null

2018-11-08 15:11:58 - [TEST_STEP][PASSED] - Statement - counter = counter + 1: null

2018-11-08 15:11:58 - [TEST_STEP][PASSED] - Statement - PreSaveFile = new java.io.File(((pathPrefix + java.lang.Integer.toString(counter)) + .png)): null

2018-11-08 15:11:58 - [TEST_STEP][PASSED] - Statement - counter = counter + 1: null

2018-11-08 15:11:58 - [TEST_STEP][PASSED] - Statement - PreSaveFile = new java.io.File(((pathPrefix + java.lang.Integer.toString(counter)) + .png)): null

2018-11-08 15:11:58 - [TEST_STEP][PASSED] - Statement - counter = counter + 1: null

2018-11-08 15:11:58 - [TEST_STEP][PASSED] - Statement - PreSaveFile = new java.io.File(((pathPrefix + java.lang.Integer.toString(counter)) + .png)): null

2018-11-08 15:11:59 - [TEST_STEP][PASSED] - Statement - counter = counter + 1: null

2018-11-08 15:11:59 - [TEST_STEP][PASSED] - Statement - PreSaveFile = new java.io.File(((pathPrefix + java.lang.Integer.toString(counter)) + .png)): null

2018-11-08 15:11:59 - [TEST_STEP][PASSED] - Statement - counter = counter + 1: null

2018-11-08 15:11:59 - [TEST_STEP][PASSED] - Statement - PreSaveFile = new java.io.File(((pathPrefix + java.lang.Integer.toString(counter)) + .png)): null

2018-11-08 15:11:59 - [TEST_STEP][PASSED] - Statement - counter = counter + 1: null

2018-11-08 15:11:59 - [TEST_STEP][PASSED] - Statement - PreSaveFile = new java.io.File(((pathPrefix + java.lang.Integer.toString(counter)) + .png)): null

2018-11-08 15:11:59 - [TEST_STEP][PASSED] - Statement - counter = counter + 1: null

2018-11-08 15:11:59 - [TEST_STEP][PASSED] - Statement - PreSaveFile = new java.io.File(((pathPrefix + java.lang.Integer.toString(counter)) + .png)): null

2018-11-08 15:11:59 - [TEST_STEP][PASSED] - Statement - counter = counter + 1: null

2018-11-08 15:11:59 - [TEST_STEP][PASSED] - Statement - PreSaveFile = new java.io.File(((pathPrefix + java.lang.Integer.toString(counter)) + .png)): null

2018-11-08 15:12:00 - [TEST_STEP][PASSED] - Statement - counter = counter + 1: null

2018-11-08 15:12:00 - [TEST_STEP][PASSED] - Statement - PreSaveFile = new java.io.File(((pathPrefix + java.lang.Integer.toString(counter)) + .png)): null

2018-11-08 15:12:00 - [TEST_STEP][PASSED] - Statement - counter = counter + 1: null

2018-11-08 15:12:00 - [TEST_STEP][PASSED] - Statement - PreSaveFile = new java.io.File(((pathPrefix + java.lang.Integer.toString(counter)) + .png)): null

2018-11-08 15:12:00 - [TEST_STEP][PASSED] - Statement - counter = counter + 1: null

2018-11-08 15:12:00 - [TEST_STEP][PASSED] - Statement - PreSaveFile = new java.io.File(((pathPrefix + java.lang.Integer.toString(counter)) + .png)): null

2018-11-08 15:12:00 - [TEST_STEP][PASSED] - Statement - counter = counter + 1: null

2018-11-08 15:12:00 - [TEST_STEP][PASSED] - Statement - PreSaveFile = new java.io.File(((pathPrefix + java.lang.Integer.toString(counter)) + .png)): null

2018-11-08 15:12:00 - [TEST_STEP][PASSED] - Statement - counter = counter + 1: null

2018-11-08 15:12:00 - [TEST_STEP][PASSED] - Statement - PreSaveFile = new java.io.File(((pathPrefix + java.lang.Integer.toString(counter)) + .png)): null

2018-11-08 15:12:01 - [TEST_STEP][PASSED] - Statement - counter = counter + 1: null

2018-11-08 15:12:01 - [TEST_STEP][PASSED] - Statement - PreSaveFile = new java.io.File(((pathPrefix + java.lang.Integer.toString(counter)) + .png)): null

2018-11-08 15:12:01 - [TEST_STEP][PASSED] - Statement - counter = counter + 1: null

2018-11-08 15:12:01 - [TEST_STEP][PASSED] - Statement - PreSaveFile = new java.io.File(((pathPrefix + java.lang.Integer.toString(counter)) + .png)): null

2018-11-08 15:12:01 - [TEST_STEP][PASSED] - Statement - counter = counter + 1: null

2018-11-08 15:12:01 - [TEST_STEP][PASSED] - Statement - PreSaveFile = new java.io.File(((pathPrefix + java.lang.Integer.toString(counter)) + .png)): null

2018-11-08 15:12:01 - [TEST_STEP][PASSED] - Statement - counter = counter + 1: null

2018-11-08 15:12:01 - [TEST_STEP][PASSED] - Statement - PreSaveFile = new java.io.File(((pathPrefix + java.lang.Integer.toString(counter)) + .png)): null

2018-11-08 15:12:01 - [TEST_STEP][PASSED] - Statement - counter = counter + 1: null

2018-11-08 15:12:01 - [TEST_STEP][PASSED] - Statement - PreSaveFile = new java.io.File(((pathPrefix + java.lang.Integer.toString(counter)) + .png)): null

2018-11-08 15:12:01 - [TEST_STEP][PASSED] - Statement - counter = counter + 1: null

2018-11-08 15:12:01 - [TEST_STEP][PASSED] - Statement - PreSaveFile = new java.io.File(((pathPrefix + java.lang.Integer.toString(counter)) + .png)): null

2018-11-08 15:12:02 - [TEST_STEP][PASSED] - Statement - counter = counter + 1: null

2018-11-08 15:12:02 - [TEST_STEP][PASSED] - Statement - PreSaveFile = new java.io.File(((pathPrefix + java.lang.Integer.toString(counter)) + .png)): null

2018-11-08 15:12:02 - [TEST_STEP][PASSED] - Statement - counter = counter + 1: null

2018-11-08 15:12:02 - [TEST_STEP][PASSED] - Statement - PreSaveFile = new java.io.File(((pathPrefix + java.lang.Integer.toString(counter)) + .png)): null

2018-11-08 15:12:02 - [TEST_STEP][PASSED] - Statement - counter = counter + 1: null

2018-11-08 15:12:02 - [TEST_STEP][PASSED] - Statement - PreSaveFile = new java.io.File(((pathPrefix + java.lang.Integer.toString(counter)) + .png)): null

2018-11-08 15:12:02 - [TEST_STEP][PASSED] - Statement - counter = counter + 1: null

2018-11-08 15:12:02 - [TEST_STEP][PASSED] - Statement - PreSaveFile = new java.io.File(((pathPrefix + java.lang.Integer.toString(counter)) + .png)): null

2018-11-08 15:12:02 - [TEST_STEP][PASSED] - Statement - counter = counter + 1: null

2018-11-08 15:12:03 - [TEST_STEP][PASSED] - Statement - PreSaveFile = new java.io.File(((pathPrefix + java.lang.Integer.toString(counter)) + .png)): null

2018-11-08 15:12:03 - [TEST_STEP][PASSED] - Statement - counter = counter + 1: null

2018-11-08 15:12:03 - [TEST_STEP][PASSED] - Statement - PreSaveFile = new java.io.File(((pathPrefix + java.lang.Integer.toString(counter)) + .png)): null

2018-11-08 15:12:03 - [TEST_STEP][PASSED] - Statement - counter = counter + 1: null

2018-11-08 15:12:03 - [TEST_STEP][PASSED] - Statement - PreSaveFile = new java.io.File(((pathPrefix + java.lang.Integer.toString(counter)) + .png)): null

2018-11-08 15:12:03 - [TEST_STEP][PASSED] - Statement - counter = counter + 1: null

2018-11-08 15:12:03 - [TEST_STEP][PASSED] - Statement - PreSaveFile = new java.io.File(((pathPrefix + java.lang.Integer.toString(counter)) + .png)): null

2018-11-08 15:12:03 - [TEST_STEP][PASSED] - Statement - counter = counter + 1: null

2018-11-08 15:12:03 - [TEST_STEP][PASSED] - Statement - PreSaveFile = new java.io.File(((pathPrefix + java.lang.Integer.toString(counter)) + .png)): null

2018-11-08 15:12:03 - [TEST_STEP][PASSED] - Statement - counter = counter + 1: null

2018-11-08 15:12:03 - [TEST_STEP][PASSED] - Statement - PreSaveFile = new java.io.File(((pathPrefix + java.lang.Integer.toString(counter)) + .png)): null

2018-11-08 15:12:04 - [TEST_STEP][PASSED] - Statement - counter = counter + 1: null

2018-11-08 15:12:04 - [TEST_STEP][PASSED] - Statement - PreSaveFile = new java.io.File(((pathPrefix + java.lang.Integer.toString(counter)) + .png)): null

2018-11-08 15:12:04 - [TEST_STEP][PASSED] - Statement - counter = counter + 1: null

2018-11-08 15:12:04 - [TEST_STEP][PASSED] - Statement - PreSaveFile = new java.io.File(((pathPrefix + java.lang.Integer.toString(counter)) + .png)): null

2018-11-08 15:12:04 - [TEST_STEP][PASSED] - Statement - counter = counter + 1: null

2018-11-08 15:12:04 - [TEST_STEP][PASSED] - Statement - PreSaveFile = new java.io.File(((pathPrefix + java.lang.Integer.toString(counter)) + .png)): null

2018-11-08 15:12:04 - [TEST_STEP][PASSED] - Statement - counter = counter + 1: null

2018-11-08 15:12:04 - [TEST_STEP][PASSED] - Statement - PreSaveFile = new java.io.File(((pathPrefix + java.lang.Integer.toString(counter)) + .png)): null

2018-11-08 15:12:04 - [TEST_STEP][PASSED] - Statement - counter = counter + 1: null

2018-11-08 15:12:04 - [TEST_STEP][PASSED] - Statement - PreSaveFile = new java.io.File(((pathPrefix + java.lang.Integer.toString(counter)) + .png)): null

2018-11-08 15:12:05 - [TEST_STEP][PASSED] - Statement - counter = counter + 1: null

2018-11-08 15:12:05 - [TEST_STEP][PASSED] - Statement - PreSaveFile = new java.io.File(((pathPrefix + java.lang.Integer.toString(counter)) + .png)): null

2018-11-08 15:12:05 - [TEST_STEP][PASSED] - Statement - counter = counter + 1: null

2018-11-08 15:12:05 - [TEST_STEP][PASSED] - Statement - PreSaveFile = new java.io.File(((pathPrefix + java.lang.Integer.toString(counter)) + .png)): null

2018-11-08 15:12:05 - [TEST_STEP][PASSED] - Statement - counter = counter + 1: null

2018-11-08 15:12:05 - [TEST_STEP][PASSED] - Statement - PreSaveFile = new java.io.File(((pathPrefix + java.lang.Integer.toString(counter)) + .png)): null

2018-11-08 15:12:05 - [TEST_STEP][PASSED] - Statement - counter = counter + 1: null

2018-11-08 15:12:05 - [TEST_STEP][PASSED] - Statement - PreSaveFile = new java.io.File(((pathPrefix + java.lang.Integer.toString(counter)) + .png)): null

2018-11-08 15:12:05 - [TEST_STEP][PASSED] - Statement - counter = counter + 1: null

2018-11-08 15:12:05 - [TEST_STEP][PASSED] - Statement - PreSaveFile = new java.io.File(((pathPrefix + java.lang.Integer.toString(counter)) + .png)): null

2018-11-08 15:12:05 - [TEST_STEP][PASSED] - Statement - counter = counter + 1: null

2018-11-08 15:12:05 - [TEST_STEP][PASSED] - Statement - PreSaveFile = new java.io.File(((pathPrefix + java.lang.Integer.toString(counter)) + .png)): null

2018-11-08 15:12:05 - [TEST_STEP][PASSED] - Statement - counter = counter + 1: null

2018-11-08 15:12:05 - [TEST_STEP][PASSED] - Statement - PreSaveFile = new java.io.File(((pathPrefix + java.lang.Integer.toString(counter)) + .png)): null

2018-11-08 15:12:05 - [TEST_STEP][PASSED] - Statement - counter = counter + 1: null

2018-11-08 15:12:05 - [TEST_STEP][PASSED] - Statement - PreSaveFile = new java.io.File(((pathPrefix + java.lang.Integer.toString(counter)) + .png)): null

2018-11-08 15:12:05 - [TEST_STEP][PASSED] - Statement - counter = counter + 1: null

2018-11-08 15:12:05 - [TEST_STEP][PASSED] - Statement - PreSaveFile = new java.io.File(((pathPrefix + java.lang.Integer.toString(counter)) + .png)): null

2018-11-08 15:12:05 - [TEST_STEP][PASSED] - Statement - counter = counter + 1: null

2018-11-08 15:12:05 - [TEST_STEP][PASSED] - Statement - PreSaveFile = new java.io.File(((pathPrefix + java.lang.Integer.toString(counter)) + .png)): null

2018-11-08 15:12:05 - [TEST_STEP][PASSED] - Statement - counter = counter + 1: null

2018-11-08 15:12:05 - [TEST_STEP][PASSED] - Statement - PreSaveFile = new java.io.File(((pathPrefix + java.lang.Integer.toString(counter)) + .png)): null

2018-11-08 15:12:06 - [TEST_STEP][PASSED] - Statement - counter = counter + 1: null

2018-11-08 15:12:06 - [TEST_STEP][PASSED] - Statement - PreSaveFile = new java.io.File(((pathPrefix + java.lang.Integer.toString(counter)) + .png)): null

2018-11-08 15:12:06 - [TEST_STEP][PASSED] - Statement - counter = counter + 1: null

2018-11-08 15:12:06 - [TEST_STEP][PASSED] - Statement - PreSaveFile = new java.io.File(((pathPrefix + java.lang.Integer.toString(counter)) + .png)): null

2018-11-08 15:12:06 - [TEST_STEP][PASSED] - Statement - counter = counter + 1: null

2018-11-08 15:12:06 - [TEST_STEP][PASSED] - Statement - PreSaveFile = new java.io.File(((pathPrefix + java.lang.Integer.toString(counter)) + .png)): null

2018-11-08 15:12:06 - [TEST_STEP][PASSED] - Statement - counter = counter + 1: null

2018-11-08 15:12:06 - [TEST_STEP][PASSED] - Statement - PreSaveFile = new java.io.File(((pathPrefix + java.lang.Integer.toString(counter)) + .png)): null

2018-11-08 15:12:06 - [TEST_STEP][PASSED] - Statement - counter = counter + 1: null

2018-11-08 15:12:07 - [TEST_STEP][PASSED] - Statement - PreSaveFile = new java.io.File(((pathPrefix + java.lang.Integer.toString(counter)) + .png)): null

2018-11-08 15:12:07 - [TEST_STEP][PASSED] - Statement - counter = counter + 1: null

2018-11-08 15:12:07 - [TEST_STEP][PASSED] - Statement - PreSaveFile = new java.io.File(((pathPrefix + java.lang.Integer.toString(counter)) + .png)): null

2018-11-08 15:12:07 - [TEST_STEP][PASSED] - Statement - counter = counter + 1: null

2018-11-08 15:12:07 - [TEST_STEP][PASSED] - Statement - PreSaveFile = new java.io.File(((pathPrefix + java.lang.Integer.toString(counter)) + .png)): null

2018-11-08 15:12:07 - [TEST_STEP][PASSED] - Statement - finalPath = pathPrefix + java.lang.Integer.toString(counter) + ".png": null

2018-11-08 15:12:07 - [TEST_STEP][PASSED] - Statement - SaveFile = new java.io.File(finalPath): null

2018-11-08 15:12:07 - [TEST_STEP][PASSED] - Statement - Try: null

2018-11-08 15:12:07 - [TEST_STEP][PASSED] - Statement - org.apache.commons.io.FileUtils.copyFile(scrFile, SaveFile): null

2018-11-08 15:12:08 - [TEST_STEP][PASSED] - Statement - out.println("file kept"): null

2018-11-08 15:12:08 - [TEST_STEP][PASSED] - delay: Delayed 10 second(s)

2018-11-08 15:12:18 - [MESSAGE][PASSED] - Delayed 10 second(s)

2018-11-08 15:12:18 - [MESSAGE][PASSED] - Call Test Case 'Test Cases/Final Aug 2018 - PKS Automation/Registration Module/New Registration/Submit and Screenshot/Submit Registration and Screenshot' successfully]]></system-out>
         <system-err><![CDATA[]]></system-err>
      </testcase>
      <testcase name="Test Cases/Final Aug 2018 - PKS Automation/Registration Module/Workflow/New Registration/Case OTC to RO - RO Submit" classname="Test Cases/Final Aug 2018 - PKS Automation/Registration Module/Workflow/New Registration/Case OTC to RO - RO Submit" status="FAILED">
         <failure type="FAILED" message="(Stack trace: com.kms.katalon.core.exception.StepFailedException: Unable to click on object 'Object Repository/Final Object Repo/WorkFlow Listing Page/Click Continue Tooltip' (Root cause: com.kms.katalon.core.webui.exception.WebElementNotFoundException: Web element with id: 'Object Repository/Final Object Repo/WorkFlow Listing Page/Click Continue Tooltip' located by 'By.xpath: //i[@aria-hidden = 'true' and @data-toggle = 'tooltip' and @data-original-title = 'Continue']' not found)
	at com.kms.katalon.core.keyword.internal.KeywordMain.stepFailed(KeywordMain.groovy:32)
	at com.kms.katalon.core.webui.keyword.internal.WebUIKeywordMain.stepFailed(WebUIKeywordMain.groovy:65)
	at com.kms.katalon.core.webui.keyword.internal.WebUIKeywordMain.runKeyword(WebUIKeywordMain.groovy:27)
	at com.kms.katalon.core.webui.keyword.builtin.ClickKeyword.click(ClickKeyword.groovy:86)
	at com.kms.katalon.core.webui.keyword.builtin.ClickKeyword.execute(ClickKeyword.groovy:67)
	at com.kms.katalon.core.keyword.internal.KeywordExecutor.executeKeywordForPlatform(KeywordExecutor.groovy:53)
	at com.kms.katalon.core.webui.keyword.WebUiBuiltInKeywords.click(WebUiBuiltInKeywords.groovy:616)
	at com.kms.katalon.core.webui.keyword.WebUiBuiltInKeywords$click$2.call(Unknown Source)
	at Script1534407542420.run(Script1534407542420.groovy:91)
	at com.kms.katalon.core.main.ScriptEngine.run(ScriptEngine.java:183)
	at com.kms.katalon.core.main.ScriptEngine.runScriptAsRawText(ScriptEngine.java:108)
	at com.kms.katalon.core.main.TestCaseExecutor.runScript(TestCaseExecutor.java:294)
	at com.kms.katalon.core.main.TestCaseExecutor.doExecute(TestCaseExecutor.java:285)
	at com.kms.katalon.core.main.TestCaseExecutor.processExecutionPhase(TestCaseExecutor.java:264)
	at com.kms.katalon.core.main.TestCaseExecutor.accessMainPhase(TestCaseExecutor.java:256)
	at com.kms.katalon.core.main.TestCaseExecutor.execute(TestCaseExecutor.java:200)
	at com.kms.katalon.core.main.TestCaseMain.runTestCase(TestCaseMain.java:99)
	at com.kms.katalon.core.keyword.builtin.CallTestCaseKeyword$_callTestCase_closure1.doCall(CallTestCaseKeyword.groovy:60)
	at com.kms.katalon.core.keyword.builtin.CallTestCaseKeyword$_callTestCase_closure1.call(CallTestCaseKeyword.groovy)
	at com.kms.katalon.core.keyword.internal.KeywordMain.runKeyword(KeywordMain.groovy:54)
	at com.kms.katalon.core.keyword.builtin.CallTestCaseKeyword.callTestCase(CallTestCaseKeyword.groovy:81)
	at com.kms.katalon.core.keyword.builtin.CallTestCaseKeyword.execute(CallTestCaseKeyword.groovy:45)
	at com.kms.katalon.core.keyword.internal.KeywordExecutor.executeKeywordForPlatform(KeywordExecutor.groovy:53)
	at com.kms.katalon.core.keyword.BuiltinKeywords.callTestCase(BuiltinKeywords.groovy:334)
	at sun.reflect.GeneratedMethodAccessor13.invoke(Unknown Source)
	at sun.reflect.DelegatingMethodAccessorImpl.invoke(DelegatingMethodAccessorImpl.java:43)
	at java.lang.reflect.Method.invoke(Method.java:498)
	at org.codehaus.groovy.reflection.CachedMethod.invoke(CachedMethod.java:93)
	at groovy.lang.MetaMethod.doMethodInvoke(MetaMethod.java:325)
	at groovy.lang.MetaClassImpl.invokeStaticMethod(MetaClassImpl.java:1469)
	at org.codehaus.groovy.runtime.callsite.StaticMetaClassSite.call(StaticMetaClassSite.java:53)
	at org.codehaus.groovy.runtime.callsite.CallSiteArray.defaultCall(CallSiteArray.java:48)
	at org.codehaus.groovy.runtime.callsite.AbstractCallSite.call(AbstractCallSite.java:113)
	at org.codehaus.groovy.runtime.callsite.AbstractCallSite.call(AbstractCallSite.java:141)
	at Script1535599379320.run(Script1535599379320.groovy:37)
	at com.kms.katalon.core.main.ScriptEngine.run(ScriptEngine.java:183)
	at com.kms.katalon.core.main.ScriptEngine.runScriptAsRawText(ScriptEngine.java:108)
	at com.kms.katalon.core.main.TestCaseExecutor.runScript(TestCaseExecutor.java:294)
	at com.kms.katalon.core.main.TestCaseExecutor.doExecute(TestCaseExecutor.java:285)
	at com.kms.katalon.core.main.TestCaseExecutor.processExecutionPhase(TestCaseExecutor.java:264)
	at com.kms.katalon.core.main.TestCaseExecutor.accessMainPhase(TestCaseExecutor.java:256)
	at com.kms.katalon.core.main.TestCaseExecutor.execute(TestCaseExecutor.java:200)
	at com.kms.katalon.core.main.TestSuiteExecutor.accessTestCaseMainPhase(TestSuiteExecutor.java:129)
	at com.kms.katalon.core.main.TestSuiteExecutor.accessTestSuiteMainPhase(TestSuiteExecutor.java:112)
	at com.kms.katalon.core.main.TestSuiteExecutor.execute(TestSuiteExecutor.java:81)
	at com.kms.katalon.core.main.TestCaseMain.startTestSuite(TestCaseMain.java:142)
	at com.kms.katalon.core.main.TestCaseMain$startTestSuite$0.call(Unknown Source)
	at org.codehaus.groovy.runtime.callsite.CallSiteArray.defaultCall(CallSiteArray.java:48)
	at org.codehaus.groovy.runtime.callsite.AbstractCallSite.call(AbstractCallSite.java:113)
	at org.codehaus.groovy.runtime.callsite.AbstractCallSite.call(AbstractCallSite.java:141)
	at TempTestSuite1541659865479.run(TempTestSuite1541659865479.groovy:36)
	at groovy.lang.GroovyShell.runScriptOrMainOrTestOrRunnable(GroovyShell.java:263)
	at groovy.lang.GroovyShell.run(GroovyShell.java:518)
	at groovy.lang.GroovyShell.run(GroovyShell.java:507)
	at groovy.ui.GroovyMain.processOnce(GroovyMain.java:653)
	at groovy.ui.GroovyMain.run(GroovyMain.java:384)
	at groovy.ui.GroovyMain.process(GroovyMain.java:370)
	at groovy.ui.GroovyMain.processArgs(GroovyMain.java:129)
	at groovy.ui.GroovyMain.main(GroovyMain.java:109)
	at sun.reflect.NativeMethodAccessorImpl.invoke0(Native Method)
	at sun.reflect.NativeMethodAccessorImpl.invoke(NativeMethodAccessorImpl.java:62)
	at sun.reflect.DelegatingMethodAccessorImpl.invoke(DelegatingMethodAccessorImpl.java:43)
	at java.lang.reflect.Method.invoke(Method.java:498)
	at org.codehaus.groovy.tools.GroovyStarter.rootLoader(GroovyStarter.java:109)
	at org.codehaus.groovy.tools.GroovyStarter.main(GroovyStarter.java:131)
)"/>
         <system-out><![CDATA[2018-11-08 15:12:18 - [TEST_CASE][FAILED] - Test Cases/Final Aug 2018 - PKS Automation/Registration Module/Workflow/New Registration/Case OTC to RO - RO Submit: Test Cases/Final Aug 2018 - PKS Automation/Registration Module/Workflow/New Registration/Case OTC to RO - RO Submit FAILED because (of) (Stack trace: com.kms.katalon.core.exception.StepFailedException: Unable to click on object 'Object Repository/Final Object Repo/WorkFlow Listing Page/Click Continue Tooltip' (Root cause: com.kms.katalon.core.webui.exception.WebElementNotFoundException: Web element with id: 'Object Repository/Final Object Repo/WorkFlow Listing Page/Click Continue Tooltip' located by 'By.xpath: //i[@aria-hidden = 'true' and @data-toggle = 'tooltip' and @data-original-title = 'Continue']' not found)
	at com.kms.katalon.core.keyword.internal.KeywordMain.stepFailed(KeywordMain.groovy:32)
	at com.kms.katalon.core.webui.keyword.internal.WebUIKeywordMain.stepFailed(WebUIKeywordMain.groovy:65)
	at com.kms.katalon.core.webui.keyword.internal.WebUIKeywordMain.runKeyword(WebUIKeywordMain.groovy:27)
	at com.kms.katalon.core.webui.keyword.builtin.ClickKeyword.click(ClickKeyword.groovy:86)
	at com.kms.katalon.core.webui.keyword.builtin.ClickKeyword.execute(ClickKeyword.groovy:67)
	at com.kms.katalon.core.keyword.internal.KeywordExecutor.executeKeywordForPlatform(KeywordExecutor.groovy:53)
	at com.kms.katalon.core.webui.keyword.WebUiBuiltInKeywords.click(WebUiBuiltInKeywords.groovy:616)
	at com.kms.katalon.core.webui.keyword.WebUiBuiltInKeywords$click$2.call(Unknown Source)
	at Script1534407542420.run(Script1534407542420.groovy:91)
	at com.kms.katalon.core.main.ScriptEngine.run(ScriptEngine.java:183)
	at com.kms.katalon.core.main.ScriptEngine.runScriptAsRawText(ScriptEngine.java:108)
	at com.kms.katalon.core.main.TestCaseExecutor.runScript(TestCaseExecutor.java:294)
	at com.kms.katalon.core.main.TestCaseExecutor.doExecute(TestCaseExecutor.java:285)
	at com.kms.katalon.core.main.TestCaseExecutor.processExecutionPhase(TestCaseExecutor.java:264)
	at com.kms.katalon.core.main.TestCaseExecutor.accessMainPhase(TestCaseExecutor.java:256)
	at com.kms.katalon.core.main.TestCaseExecutor.execute(TestCaseExecutor.java:200)
	at com.kms.katalon.core.main.TestCaseMain.runTestCase(TestCaseMain.java:99)
	at com.kms.katalon.core.keyword.builtin.CallTestCaseKeyword$_callTestCase_closure1.doCall(CallTestCaseKeyword.groovy:60)
	at com.kms.katalon.core.keyword.builtin.CallTestCaseKeyword$_callTestCase_closure1.call(CallTestCaseKeyword.groovy)
	at com.kms.katalon.core.keyword.internal.KeywordMain.runKeyword(KeywordMain.groovy:54)
	at com.kms.katalon.core.keyword.builtin.CallTestCaseKeyword.callTestCase(CallTestCaseKeyword.groovy:81)
	at com.kms.katalon.core.keyword.builtin.CallTestCaseKeyword.execute(CallTestCaseKeyword.groovy:45)
	at com.kms.katalon.core.keyword.internal.KeywordExecutor.executeKeywordForPlatform(KeywordExecutor.groovy:53)
	at com.kms.katalon.core.keyword.BuiltinKeywords.callTestCase(BuiltinKeywords.groovy:334)
	at sun.reflect.GeneratedMethodAccessor13.invoke(Unknown Source)
	at sun.reflect.DelegatingMethodAccessorImpl.invoke(DelegatingMethodAccessorImpl.java:43)
	at java.lang.reflect.Method.invoke(Method.java:498)
	at org.codehaus.groovy.reflection.CachedMethod.invoke(CachedMethod.java:93)
	at groovy.lang.MetaMethod.doMethodInvoke(MetaMethod.java:325)
	at groovy.lang.MetaClassImpl.invokeStaticMethod(MetaClassImpl.java:1469)
	at org.codehaus.groovy.runtime.callsite.StaticMetaClassSite.call(StaticMetaClassSite.java:53)
	at org.codehaus.groovy.runtime.callsite.CallSiteArray.defaultCall(CallSiteArray.java:48)
	at org.codehaus.groovy.runtime.callsite.AbstractCallSite.call(AbstractCallSite.java:113)
	at org.codehaus.groovy.runtime.callsite.AbstractCallSite.call(AbstractCallSite.java:141)
	at Script1535599379320.run(Script1535599379320.groovy:37)
	at com.kms.katalon.core.main.ScriptEngine.run(ScriptEngine.java:183)
	at com.kms.katalon.core.main.ScriptEngine.runScriptAsRawText(ScriptEngine.java:108)
	at com.kms.katalon.core.main.TestCaseExecutor.runScript(TestCaseExecutor.java:294)
	at com.kms.katalon.core.main.TestCaseExecutor.doExecute(TestCaseExecutor.java:285)
	at com.kms.katalon.core.main.TestCaseExecutor.processExecutionPhase(TestCaseExecutor.java:264)
	at com.kms.katalon.core.main.TestCaseExecutor.accessMainPhase(TestCaseExecutor.java:256)
	at com.kms.katalon.core.main.TestCaseExecutor.execute(TestCaseExecutor.java:200)
	at com.kms.katalon.core.main.TestSuiteExecutor.accessTestCaseMainPhase(TestSuiteExecutor.java:129)
	at com.kms.katalon.core.main.TestSuiteExecutor.accessTestSuiteMainPhase(TestSuiteExecutor.java:112)
	at com.kms.katalon.core.main.TestSuiteExecutor.execute(TestSuiteExecutor.java:81)
	at com.kms.katalon.core.main.TestCaseMain.startTestSuite(TestCaseMain.java:142)
	at com.kms.katalon.core.main.TestCaseMain$startTestSuite$0.call(Unknown Source)
	at org.codehaus.groovy.runtime.callsite.CallSiteArray.defaultCall(CallSiteArray.java:48)
	at org.codehaus.groovy.runtime.callsite.AbstractCallSite.call(AbstractCallSite.java:113)
	at org.codehaus.groovy.runtime.callsite.AbstractCallSite.call(AbstractCallSite.java:141)
	at TempTestSuite1541659865479.run(TempTestSuite1541659865479.groovy:36)
	at groovy.lang.GroovyShell.runScriptOrMainOrTestOrRunnable(GroovyShell.java:263)
	at groovy.lang.GroovyShell.run(GroovyShell.java:518)
	at groovy.lang.GroovyShell.run(GroovyShell.java:507)
	at groovy.ui.GroovyMain.processOnce(GroovyMain.java:653)
	at groovy.ui.GroovyMain.run(GroovyMain.java:384)
	at groovy.ui.GroovyMain.process(GroovyMain.java:370)
	at groovy.ui.GroovyMain.processArgs(GroovyMain.java:129)
	at groovy.ui.GroovyMain.main(GroovyMain.java:109)
	at sun.reflect.NativeMethodAccessorImpl.invoke0(Native Method)
	at sun.reflect.NativeMethodAccessorImpl.invoke(NativeMethodAccessorImpl.java:62)
	at sun.reflect.DelegatingMethodAccessorImpl.invoke(DelegatingMethodAccessorImpl.java:43)
	at java.lang.reflect.Method.invoke(Method.java:498)
	at org.codehaus.groovy.tools.GroovyStarter.rootLoader(GroovyStarter.java:109)
	at org.codehaus.groovy.tools.GroovyStarter.main(GroovyStarter.java:131)
)

2018-11-08 15:12:19 - [TEST_STEP][PASSED] - callTestCase: Call Test Case 'Test Cases/Final Aug 2018 - PKS Automation/Registration Module/Workflow/New Registration/Template/Special Case - OTC - Form 1' successfully

2018-11-08 15:12:19 - [TEST_CASE][PASSED] - Test Cases/Final Aug 2018 - PKS Automation/Registration Module/Workflow/New Registration/Template/Special Case - OTC - Form 1: Test Cases/Final Aug 2018 - PKS Automation/Registration Module/Workflow/New Registration/Template/Special Case - OTC - Form 1

2018-11-08 15:12:19 - [TEST_STEP][PASSED] - openBrowser: Browser is opened with url: ''

2018-11-08 15:12:19 - [MESSAGE][WARNING] - A browser is already opened. Closing browser and opening a new one

2018-11-08 15:12:24 - [MESSAGE][PASSED] - Browser is opened with url: ''

2018-11-08 15:12:24 - [TEST_STEP][PASSED] - navigateToUrl: Navigate to 'https://assist2-uat.perkeso.gov.my/login' successfully

2018-11-08 15:12:27 - [MESSAGE][PASSED] - Navigate to 'https://assist2-uat.perkeso.gov.my/login' successfully

2018-11-08 15:12:27 - [TEST_STEP][PASSED] - delay: Delayed 2 second(s)

2018-11-08 15:12:29 - [MESSAGE][PASSED] - Delayed 2 second(s)

2018-11-08 15:12:29 - [TEST_STEP][PASSED] - setText: Text 'klotc2@gmail.com' is set on object 'Object Repository/Final Object Repo/Login Page/Internal User/Email Address'

2018-11-08 15:12:29 - [MESSAGE][PASSED] - Text 'klotc2@gmail.com' is set on object 'Object Repository/Final Object Repo/Login Page/Internal User/Email Address'

2018-11-08 15:12:29 - [TEST_STEP][PASSED] - click: Object: 'Object Repository/Final Object Repo/Login Page/Internal User/Next Button' is clicked on

2018-11-08 15:12:29 - [MESSAGE][PASSED] - Object: 'Object Repository/Final Object Repo/Login Page/Internal User/Next Button' is clicked on

2018-11-08 15:12:29 - [TEST_STEP][PASSED] - delay: Delayed 2 second(s)

2018-11-08 15:12:31 - [MESSAGE][PASSED] - Delayed 2 second(s)

2018-11-08 15:12:31 - [TEST_STEP][PASSED] - setText: Text 'Test1@3456789' is set on object 'Object Repository/Final Object Repo/Login Page/Internal User/Password'

2018-11-08 15:12:32 - [MESSAGE][PASSED] - Text 'Test1@3456789' is set on object 'Object Repository/Final Object Repo/Login Page/Internal User/Password'

2018-11-08 15:12:32 - [TEST_STEP][PASSED] - delay: Delayed 2 second(s)

2018-11-08 15:12:34 - [MESSAGE][PASSED] - Delayed 2 second(s)

2018-11-08 15:12:34 - [TEST_STEP][PASSED] - click: Object: 'Object Repository/Final Object Repo/Login Page/Internal User/Login Button' is clicked on

2018-11-08 15:12:37 - [MESSAGE][PASSED] - Object: 'Object Repository/Final Object Repo/Login Page/Internal User/Login Button' is clicked on

2018-11-08 15:12:37 - [TEST_STEP][PASSED] - Statement - Try: Delayed 2 second(s)

2018-11-08 15:12:37 - [TEST_STEP][PASSED] - Statement - Checker = false: null

2018-11-08 15:12:37 - [TEST_STEP][PASSED] - Statement - Checker = com.kms.katalon.core.webui.keyword.WebUiBuiltInKeywords.verifyElementHasAttribute(com.kms.katalon.core.testobject.ObjectRepository.findTestObject(Final Object Repo/Landing Page/BM Detecting), "href", 20, OPTIONAL): Object 'Object Repository/Final Object Repo/Landing Page/BM Detecting' has attribute 'href'

2018-11-08 15:12:37 - [MESSAGE][PASSED] - Object 'Object Repository/Final Object Repo/Landing Page/BM Detecting' has attribute 'href'

2018-11-08 15:12:37 - [TEST_STEP][PASSED] - Statement - out.println(Checker): null

2018-11-08 15:12:37 - [TEST_STEP][PASSED] - Statement - If (Checker == false): null

2018-11-08 15:12:37 - [TEST_STEP][PASSED] - Statement - Else: null

2018-11-08 15:12:37 - [TEST_STEP][PASSED] - delay: Delayed 2 second(s)

2018-11-08 15:12:39 - [MESSAGE][PASSED] - Delayed 2 second(s)

2018-11-08 15:12:39 - [TEST_STEP][PASSED] - delay: Delayed 4 second(s)

2018-11-08 15:12:43 - [MESSAGE][PASSED] - Delayed 4 second(s)

2018-11-08 15:12:43 - [TEST_STEP][PASSED] - click: Object: 'Object Repository/Final Object Repo/Landing Page/My Sites Drop Down' is clicked on

2018-11-08 15:12:44 - [MESSAGE][PASSED] - Object: 'Object Repository/Final Object Repo/Landing Page/My Sites Drop Down' is clicked on

2018-11-08 15:12:44 - [TEST_STEP][PASSED] - click: Object: 'Object Repository/Final Object Repo/Landing Page/Select to Registration Module' is clicked on

2018-11-08 15:12:45 - [MESSAGE][PASSED] - Object: 'Object Repository/Final Object Repo/Landing Page/Select to Registration Module' is clicked on

2018-11-08 15:12:45 - [TEST_STEP][PASSED] - click: Object: 'Object Repository/Final Object Repo/Landing Page/Registration Button' is clicked on

2018-11-08 15:12:48 - [MESSAGE][PASSED] - Object: 'Object Repository/Final Object Repo/Landing Page/Registration Button' is clicked on

2018-11-08 15:12:48 - [TEST_STEP][PASSED] - delay: Delayed 2 second(s)

2018-11-08 15:12:50 - [MESSAGE][PASSED] - Delayed 2 second(s)

2018-11-08 15:12:50 - [TEST_STEP][PASSED] - click: Object: 'Object Repository/Final Object Repo/New Registration - Registration Module Pages/New Reg - OTC to RO/Special Case - OTC - Form 1/AEC NO' is clicked on

2018-11-08 15:12:50 - [MESSAGE][PASSED] - Object: 'Object Repository/Final Object Repo/New Registration - Registration Module Pages/New Reg - OTC to RO/Special Case - OTC - Form 1/AEC NO' is clicked on

2018-11-08 15:12:50 - [TEST_STEP][PASSED] - click: Object: 'Object Repository/Final Object Repo/New Registration - Registration Module Pages/New Reg - OTC to RO/Special Case - OTC - Form 1/Business Entity - Please Select' is clicked on

2018-11-08 15:12:51 - [MESSAGE][PASSED] - Object: 'Object Repository/Final Object Repo/New Registration - Registration Module Pages/New Reg - OTC to RO/Special Case - OTC - Form 1/Business Entity - Please Select' is clicked on

2018-11-08 15:12:51 - [TEST_STEP][PASSED] - click: Object: 'Object Repository/Final Object Repo/New Registration - Registration Module Pages/New Reg - OTC to RO/Special Case - OTC - Form 1/Selected - Corporation' is clicked on

2018-11-08 15:12:52 - [MESSAGE][PASSED] - Object: 'Object Repository/Final Object Repo/New Registration - Registration Module Pages/New Reg - OTC to RO/Special Case - OTC - Form 1/Selected - Corporation' is clicked on

2018-11-08 15:12:52 - [TEST_STEP][PASSED] - delay: Delayed 2 second(s)

2018-11-08 15:12:54 - [MESSAGE][PASSED] - Delayed 2 second(s)

2018-11-08 15:12:54 - [TEST_STEP][PASSED] - click: Object: 'Object Repository/Final Object Repo/New Registration - Registration Module Pages/New Reg - OTC to RO/Special Case - OTC - Form 1/Sub Business Entity - Please Select' is clicked on

2018-11-08 15:12:54 - [MESSAGE][PASSED] - Object: 'Object Repository/Final Object Repo/New Registration - Registration Module Pages/New Reg - OTC to RO/Special Case - OTC - Form 1/Sub Business Entity - Please Select' is clicked on

2018-11-08 15:12:54 - [TEST_STEP][PASSED] - delay: Delayed 2 second(s)

2018-11-08 15:12:56 - [MESSAGE][PASSED] - Delayed 2 second(s)

2018-11-08 15:12:56 - [TEST_STEP][PASSED] - click: Object: 'Object Repository/Final Object Repo/New Registration - Registration Module Pages/New Reg - OTC to RO/Special Case - OTC - Form 1/Selected - Sendirian Berhad' is clicked on

2018-11-08 15:12:57 - [MESSAGE][PASSED] - Object: 'Object Repository/Final Object Repo/New Registration - Registration Module Pages/New Reg - OTC to RO/Special Case - OTC - Form 1/Selected - Sendirian Berhad' is clicked on

2018-11-08 15:12:57 - [TEST_STEP][PASSED] - setText: Text 'AUTOMATE001' is set on object 'Object Repository/Final Object Repo/New Registration - Registration Module Pages/New Reg - OTC to RO/Special Case - OTC - Form 1/Input BRN Number'

2018-11-08 15:12:57 - [MESSAGE][PASSED] - Text 'AUTOMATE001' is set on object 'Object Repository/Final Object Repo/New Registration - Registration Module Pages/New Reg - OTC to RO/Special Case - OTC - Form 1/Input BRN Number'

2018-11-08 15:12:57 - [TEST_STEP][PASSED] - delay: Delayed 2 second(s)

2018-11-08 15:12:59 - [MESSAGE][PASSED] - Delayed 2 second(s)

2018-11-08 15:12:59 - [TEST_STEP][PASSED] - click: Object: 'Object Repository/Final Object Repo/New Registration - Registration Module Pages/New Reg - OTC to RO/Special Case - OTC - Form 1/BRN Search' is clicked on

2018-11-08 15:12:59 - [MESSAGE][PASSED] - Object: 'Object Repository/Final Object Repo/New Registration - Registration Module Pages/New Reg - OTC to RO/Special Case - OTC - Form 1/BRN Search' is clicked on

2018-11-08 15:12:59 - [TEST_STEP][PASSED] - delay: Delayed 4 second(s)

2018-11-08 15:13:03 - [MESSAGE][PASSED] - Delayed 4 second(s)

2018-11-08 15:13:03 - [TEST_STEP][PASSED] - click: Object: 'Object Repository/Final Object Repo/New Registration - Registration Module Pages/New Reg - OTC to RO/Special Case - OTC - Form 1/Registered with SSM - After Feb 2017' is clicked on

2018-11-08 15:13:04 - [MESSAGE][PASSED] - Object: 'Object Repository/Final Object Repo/New Registration - Registration Module Pages/New Reg - OTC to RO/Special Case - OTC - Form 1/Registered with SSM - After Feb 2017' is clicked on

2018-11-08 15:13:04 - [TEST_STEP][PASSED] - delay: Delayed 2 second(s)

2018-11-08 15:13:06 - [MESSAGE][PASSED] - Delayed 2 second(s)

2018-11-08 15:13:06 - [TEST_STEP][PASSED] - click: Object: 'Object Repository/Final Object Repo/New Registration - Registration Module Pages/New Reg - OTC to RO/Special Case - OTC - Form 1/Registering As A Branch - No' is clicked on

2018-11-08 15:13:06 - [MESSAGE][PASSED] - Object: 'Object Repository/Final Object Repo/New Registration - Registration Module Pages/New Reg - OTC to RO/Special Case - OTC - Form 1/Registering As A Branch - No' is clicked on

2018-11-08 15:13:06 - [TEST_STEP][PASSED] - click: Object: 'Object Repository/Final Object Repo/New Registration - Registration Module Pages/New Reg - OTC to RO/Special Case - OTC - Form 1/Acknowledgement Ticked' is clicked on

2018-11-08 15:13:06 - [MESSAGE][PASSED] - Object: 'Object Repository/Final Object Repo/New Registration - Registration Module Pages/New Reg - OTC to RO/Special Case - OTC - Form 1/Acknowledgement Ticked' is clicked on

2018-11-08 15:13:06 - [TEST_STEP][PASSED] - click: Object: 'Object Repository/Final Object Repo/New Registration - Registration Module Pages/New Reg - OTC to RO/Special Case - OTC - Form 1/Submit Button' is clicked on

2018-11-08 15:13:07 - [MESSAGE][PASSED] - Object: 'Object Repository/Final Object Repo/New Registration - Registration Module Pages/New Reg - OTC to RO/Special Case - OTC - Form 1/Submit Button' is clicked on

2018-11-08 15:13:07 - [TEST_STEP][PASSED] - delay: Delayed 2 second(s)

2018-11-08 15:13:09 - [MESSAGE][PASSED] - Delayed 2 second(s)

2018-11-08 15:13:09 - [TEST_STEP][PASSED] - click: Object: 'Object Repository/Final Object Repo/New Registration - Registration Module Pages/New Reg - OTC to RO/Special Case - OTC - Form 1/Confirm No Flagging as Branch' is clicked on

2018-11-08 15:13:11 - [MESSAGE][PASSED] - Object: 'Object Repository/Final Object Repo/New Registration - Registration Module Pages/New Reg - OTC to RO/Special Case - OTC - Form 1/Confirm No Flagging as Branch' is clicked on

2018-11-08 15:13:11 - [MESSAGE][PASSED] - Call Test Case 'Test Cases/Final Aug 2018 - PKS Automation/Registration Module/Workflow/New Registration/Template/Special Case - OTC - Form 1' successfully

2018-11-08 15:13:11 - [TEST_STEP][PASSED] - callTestCase: Call Test Case 'Test Cases/Final Aug 2018 - PKS Automation/Registration Module/New Registration/Form 2/Add 1 Eligible' successfully

2018-11-08 15:13:11 - [TEST_CASE][PASSED] - Test Cases/Final Aug 2018 - PKS Automation/Registration Module/New Registration/Form 2/Add 1 Eligible: Test Cases/Final Aug 2018 - PKS Automation/Registration Module/New Registration/Form 2/Add 1 Eligible

2018-11-08 15:13:11 - [TEST_STEP][PASSED] - delay: Delayed 2 second(s)

2018-11-08 15:13:13 - [MESSAGE][PASSED] - Delayed 2 second(s)

2018-11-08 15:13:13 - [TEST_STEP][PASSED] - callTestCase: Call Test Case 'Test Cases/Final Aug 2018 - PKS Automation/Registration Module/New Registration/Form 2/Date Updater' successfully

2018-11-08 15:13:13 - [TEST_CASE][PASSED] - Test Cases/Final Aug 2018 - PKS Automation/Registration Module/New Registration/Form 2/Date Updater: Test Cases/Final Aug 2018 - PKS Automation/Registration Module/New Registration/Form 2/Date Updater

2018-11-08 15:13:13 - [TEST_STEP][PASSED] - Statement - TodayDate = new java.util.Date(): null

2018-11-08 15:13:13 - [TEST_STEP][PASSED] - Statement - CurrentDateNoFilter = new java.text.SimpleDateFormat(): null

2018-11-08 15:13:13 - [TEST_STEP][PASSED] - Statement - CurrentDateNoFilter.applyPattern("dd"): null

2018-11-08 15:13:13 - [TEST_STEP][PASSED] - Statement - CurrentDate = CurrentDateNoFilter.format(TodayDate): null

2018-11-08 15:13:13 - [TEST_STEP][PASSED] - Statement - CurrentDate = java.lang.Integer.parseInt(CurrentDate): null

2018-11-08 15:13:13 - [TEST_STEP][PASSED] - Statement - CurrentDate = CurrentDate: null

2018-11-08 15:13:13 - [TEST_STEP][PASSED] - Statement - CurrentDay = java.lang.Integer.parseInt(CurrentDate): null

2018-11-08 15:13:13 - [TEST_STEP][PASSED] - Statement - aDayBefore = CurrentDay + 1: null

2018-11-08 15:13:13 - [TEST_STEP][PASSED] - Statement - DayBefore = aDayBefore.toString(): null

2018-11-08 15:13:13 - [TEST_STEP][PASSED] - Statement - OneDayBefore = DayBefore: null

2018-11-08 15:13:13 - [TEST_STEP][PASSED] - Statement - CurrentDateNoFilter.applyPattern("MM"): null

2018-11-08 15:13:13 - [TEST_STEP][PASSED] - Statement - monthContainerMatcher = java.lang.Integer.parseInt(CurrentDateNoFilter.format(TodayDate)): null

2018-11-08 15:13:13 - [TEST_STEP][PASSED] - Statement - monthContainerMatcher = monthContainerMatcher - 1: null

2018-11-08 15:13:13 - [TEST_STEP][PASSED] - Statement - CurrentMonth = monthContainerMatcher.toString(): null

2018-11-08 15:13:13 - [TEST_STEP][PASSED] - Statement - CurrentMonth = CurrentMonth: null

2018-11-08 15:13:13 - [TEST_STEP][PASSED] - Statement - CurrentDateNoFilter.applyPattern("yyyy"): null

2018-11-08 15:13:13 - [TEST_STEP][PASSED] - Statement - CurrentYear = CurrentDateNoFilter.format(TodayDate): null

2018-11-08 15:13:13 - [TEST_STEP][PASSED] - Statement - CurrentYear = CurrentYear: null

2018-11-08 15:13:13 - [TEST_STEP][PASSED] - Statement - intCurrentYear = java.lang.Integer.parseInt(CurrentDateNoFilter.format(TodayDate)): null

2018-11-08 15:13:13 - [TEST_STEP][PASSED] - Statement - eighteenYrsAgo = intCurrentYear - 18: null

2018-11-08 15:13:13 - [TEST_STEP][PASSED] - Statement - eighteenYrsBeforeThisYr = eighteenYrsAgo.toString(): null

2018-11-08 15:13:13 - [TEST_STEP][PASSED] - Statement - EighteenYrsBefore = eighteenYrsBeforeThisYr: null

2018-11-08 15:13:13 - [TEST_STEP][PASSED] - Statement - fiftysevenYrsAgo = intCurrentYear - 57: null

2018-11-08 15:13:13 - [TEST_STEP][PASSED] - Statement - fiftysevenYrsBeforeThisYr = fiftysevenYrsAgo.toString(): null

2018-11-08 15:13:13 - [TEST_STEP][PASSED] - Statement - FiftysevenYrsBefore = fiftysevenYrsBeforeThisYr: null

2018-11-08 15:13:13 - [MESSAGE][PASSED] - Call Test Case 'Test Cases/Final Aug 2018 - PKS Automation/Registration Module/New Registration/Form 2/Date Updater' successfully

2018-11-08 15:13:13 - [TEST_STEP][PASSED] - delay: Delayed 1 second(s)

2018-11-08 15:13:14 - [MESSAGE][PASSED] - Delayed 1 second(s)

2018-11-08 15:13:14 - [TEST_STEP][PASSED] - Statement - CaseReferenceNo = com.kms.katalon.core.webui.keyword.WebUiBuiltInKeywords.getText(com.kms.katalon.core.testobject.ObjectRepository.findTestObject(Final Object Repo/New Registration - Registration Module Pages/Form 2/RefNo Acquiring)): Text of object 'Object Repository/Final Object Repo/New Registration - Registration Module Pages/Form 2/RefNo Acquiring' is: 'CRN11201800122421'

2018-11-08 15:13:14 - [MESSAGE][PASSED] - Text of object 'Object Repository/Final Object Repo/New Registration - Registration Module Pages/Form 2/RefNo Acquiring' is: 'CRN11201800122421'

2018-11-08 15:13:14 - [TEST_STEP][PASSED] - delay: Delayed 1 second(s)

2018-11-08 15:13:15 - [MESSAGE][PASSED] - Delayed 1 second(s)

2018-11-08 15:13:15 - [TEST_STEP][PASSED] - click: Object: 'Object Repository/Final Object Repo/New Registration - Registration Module Pages/Form 2/Add Employee Button' is clicked on

2018-11-08 15:13:16 - [MESSAGE][PASSED] - Object: 'Object Repository/Final Object Repo/New Registration - Registration Module Pages/Form 2/Add Employee Button' is clicked on

2018-11-08 15:13:16 - [TEST_STEP][PASSED] - delay: Delayed 1 second(s)

2018-11-08 15:13:17 - [MESSAGE][PASSED] - Delayed 1 second(s)

2018-11-08 15:13:17 - [TEST_STEP][PASSED] - setText: Text '010903091963' is set on object 'Object Repository/Final Object Repo/New Registration - Registration Module Pages/Form 2/NRIC Input'

2018-11-08 15:13:17 - [MESSAGE][PASSED] - Text '010903091963' is set on object 'Object Repository/Final Object Repo/New Registration - Registration Module Pages/Form 2/NRIC Input'

2018-11-08 15:13:17 - [TEST_STEP][PASSED] - click: Object: 'Object Repository/Final Object Repo/New Registration - Registration Module Pages/Form 2/button for search for IC' is clicked on

2018-11-08 15:13:17 - [MESSAGE][PASSED] - Object: 'Object Repository/Final Object Repo/New Registration - Registration Module Pages/Form 2/button for search for IC' is clicked on

2018-11-08 15:13:17 - [TEST_STEP][PASSED] - delay: Delayed 2 second(s)

2018-11-08 15:13:19 - [MESSAGE][PASSED] - Delayed 2 second(s)

2018-11-08 15:13:19 - [TEST_STEP][PASSED] - setText: Text 'Automate001 eligible 1' is set on object 'Object Repository/Final Object Repo/New Registration - Registration Module Pages/Form 2/Employee Name Input'

2018-11-08 15:13:19 - [MESSAGE][PASSED] - Text 'Automate001 eligible 1' is set on object 'Object Repository/Final Object Repo/New Registration - Registration Module Pages/Form 2/Employee Name Input'

2018-11-08 15:13:19 - [TEST_STEP][PASSED] - delay: Delayed 2 second(s)

2018-11-08 15:13:21 - [MESSAGE][PASSED] - Delayed 2 second(s)

2018-11-08 15:13:21 - [TEST_STEP][PASSED] - click: Object: 'Object Repository/Final Object Repo/New Registration - Registration Module Pages/Form 2/DatePicker Pop Up' is clicked on

2018-11-08 15:13:22 - [MESSAGE][PASSED] - Object: 'Object Repository/Final Object Repo/New Registration - Registration Module Pages/Form 2/DatePicker Pop Up' is clicked on

2018-11-08 15:13:22 - [TEST_STEP][PASSED] - click: Object: 'Object Repository/Final Object Repo/New Registration - Registration Module Pages/Form 2/DOB Month' is clicked on

2018-11-08 15:13:23 - [MESSAGE][PASSED] - Object: 'Object Repository/Final Object Repo/New Registration - Registration Module Pages/Form 2/DOB Month' is clicked on

2018-11-08 15:13:23 - [TEST_STEP][PASSED] - Statement - CurrentMonth = CurrentMonth: null

2018-11-08 15:13:23 - [TEST_STEP][PASSED] - Statement - selectMonth = new com.kms.katalon.core.testobject.TestObject(): null

2018-11-08 15:13:23 - [TEST_STEP][PASSED] - Statement - selectMonth.addProperty("xpath", EQUALS, "//body/div/div/div/select/option[@value='" + CurrentMonth + "']", true): null

2018-11-08 15:13:23 - [TEST_STEP][PASSED] - click: Object: '' is clicked on

2018-11-08 15:13:23 - [MESSAGE][PASSED] - Object: '' is clicked on

2018-11-08 15:13:23 - [TEST_STEP][PASSED] - click: Object: 'Object Repository/Final Object Repo/New Registration - Registration Module Pages/Form 2/DOB Year' is clicked on

2018-11-08 15:13:23 - [MESSAGE][PASSED] - Object: 'Object Repository/Final Object Repo/New Registration - Registration Module Pages/Form 2/DOB Year' is clicked on

2018-11-08 15:13:23 - [TEST_STEP][PASSED] - Statement - Eyearsbf = EighteenYrsBefore: null

2018-11-08 15:13:23 - [TEST_STEP][PASSED] - Statement - selectYear = new com.kms.katalon.core.testobject.TestObject(): null

2018-11-08 15:13:23 - [TEST_STEP][PASSED] - Statement - selectYear.addProperty("xpath", EQUALS, "//div/div/div/select/option[@value='" + Eyearsbf + "']", true): null

2018-11-08 15:13:23 - [TEST_STEP][PASSED] - click: Object: '' is clicked on

2018-11-08 15:13:24 - [MESSAGE][PASSED] - Object: '' is clicked on

2018-11-08 15:13:24 - [TEST_STEP][PASSED] - Statement - UpdatedSelectDate = com.kms.katalon.core.webui.keyword.WebUiBuiltInKeywords.modifyObjectProperty(com.kms.katalon.core.testobject.ObjectRepository.findTestObject(Final Object Repo/New Registration - Registration Module Pages/Form 2/DOB Date), "xpath", "equals", "//body/div/table/tbody/tr/td/a[text()="" + CurrentDate + ""]", true): Modify property of object successfully

2018-11-08 15:13:24 - [MESSAGE][PASSED] - Modify property of object successfully

2018-11-08 15:13:24 - [TEST_STEP][PASSED] - delay: Delayed 3 second(s)

2018-11-08 15:13:27 - [MESSAGE][PASSED] - Delayed 3 second(s)

2018-11-08 15:13:27 - [TEST_STEP][PASSED] - click: Object: 'Object Repository/Final Object Repo/New Registration - Registration Module Pages/Form 2/DOB Date' is clicked on

2018-11-08 15:13:27 - [MESSAGE][PASSED] - Object: 'Object Repository/Final Object Repo/New Registration - Registration Module Pages/Form 2/DOB Date' is clicked on

2018-11-08 15:13:27 - [TEST_STEP][PASSED] - delay: Delayed 2 second(s)

2018-11-08 15:13:29 - [MESSAGE][PASSED] - Delayed 2 second(s)

2018-11-08 15:13:29 - [TEST_STEP][PASSED] - click: Object: 'Object Repository/Final Object Repo/New Registration - Registration Module Pages/Form 2/EmploymentStartDate Pop Up' is clicked on

2018-11-08 15:13:30 - [MESSAGE][PASSED] - Object: 'Object Repository/Final Object Repo/New Registration - Registration Module Pages/Form 2/EmploymentStartDate Pop Up' is clicked on

2018-11-08 15:13:30 - [TEST_STEP][PASSED] - delay: Delayed 2 second(s)

2018-11-08 15:13:32 - [MESSAGE][PASSED] - Delayed 2 second(s)

2018-11-08 15:13:32 - [TEST_STEP][PASSED] - click: Object: 'Object Repository/Final Object Repo/New Registration - Registration Module Pages/Form 2/Socso Employment StartDate Month' is clicked on

2018-11-08 15:13:32 - [MESSAGE][PASSED] - Object: 'Object Repository/Final Object Repo/New Registration - Registration Module Pages/Form 2/Socso Employment StartDate Month' is clicked on

2018-11-08 15:13:32 - [TEST_STEP][PASSED] - delay: Delayed 1 second(s)

2018-11-08 15:13:33 - [MESSAGE][PASSED] - Delayed 1 second(s)

2018-11-08 15:13:33 - [TEST_STEP][PASSED] - click: Object: 'Object Repository/Final Object Repo/New Registration - Registration Module Pages/Form 2/Select Socso Employement Startdate Month' is clicked on

2018-11-08 15:13:33 - [MESSAGE][PASSED] - Object: 'Object Repository/Final Object Repo/New Registration - Registration Module Pages/Form 2/Select Socso Employement Startdate Month' is clicked on

2018-11-08 15:13:33 - [TEST_STEP][PASSED] - delay: Delayed 2 second(s)

2018-11-08 15:13:35 - [MESSAGE][PASSED] - Delayed 2 second(s)

2018-11-08 15:13:35 - [TEST_STEP][PASSED] - click: Object: 'Object Repository/Final Object Repo/New Registration - Registration Module Pages/Form 2/Socso Employment StartDate Year' is clicked on

2018-11-08 15:13:36 - [MESSAGE][PASSED] - Object: 'Object Repository/Final Object Repo/New Registration - Registration Module Pages/Form 2/Socso Employment StartDate Year' is clicked on

2018-11-08 15:13:36 - [TEST_STEP][PASSED] - delay: Delayed 1 second(s)

2018-11-08 15:13:37 - [MESSAGE][PASSED] - Delayed 1 second(s)

2018-11-08 15:13:37 - [TEST_STEP][PASSED] - click: Object: 'Object Repository/Final Object Repo/New Registration - Registration Module Pages/Form 2/Select Socso Employment Startdate Year' is clicked on

2018-11-08 15:13:37 - [MESSAGE][PASSED] - Object: 'Object Repository/Final Object Repo/New Registration - Registration Module Pages/Form 2/Select Socso Employment Startdate Year' is clicked on

2018-11-08 15:13:37 - [TEST_STEP][PASSED] - delay: Delayed 2 second(s)

2018-11-08 15:13:39 - [MESSAGE][PASSED] - Delayed 2 second(s)

2018-11-08 15:13:39 - [TEST_STEP][PASSED] - click: Object: 'Object Repository/Final Object Repo/New Registration - Registration Module Pages/Form 2/Socso Employment Start Date Day' is clicked on

2018-11-08 15:13:39 - [MESSAGE][PASSED] - Object: 'Object Repository/Final Object Repo/New Registration - Registration Module Pages/Form 2/Socso Employment Start Date Day' is clicked on

2018-11-08 15:13:39 - [TEST_STEP][PASSED] - delay: Delayed 2 second(s)

2018-11-08 15:13:41 - [MESSAGE][PASSED] - Delayed 2 second(s)

2018-11-08 15:13:41 - [TEST_STEP][PASSED] - click: Object: 'Object Repository/Final Object Repo/New Registration - Registration Module Pages/Form 2/Save Button for Add Employee' is clicked on

2018-11-08 15:13:43 - [MESSAGE][PASSED] - Object: 'Object Repository/Final Object Repo/New Registration - Registration Module Pages/Form 2/Save Button for Add Employee' is clicked on

2018-11-08 15:13:43 - [TEST_STEP][PASSED] - delay: Delayed 6 second(s)

2018-11-08 15:13:49 - [MESSAGE][PASSED] - Delayed 6 second(s)

2018-11-08 15:13:49 - [TEST_STEP][PASSED] - click: Object: 'Object Repository/Final Object Repo/New Registration - Registration Module Pages/Form 2/Save and Continue Form 2' is clicked on

2018-11-08 15:13:50 - [MESSAGE][PASSED] - Object: 'Object Repository/Final Object Repo/New Registration - Registration Module Pages/Form 2/Save and Continue Form 2' is clicked on

2018-11-08 15:13:50 - [MESSAGE][PASSED] - Call Test Case 'Test Cases/Final Aug 2018 - PKS Automation/Registration Module/New Registration/Form 2/Add 1 Eligible' successfully

2018-11-08 15:13:50 - [TEST_STEP][PASSED] - callTestCase: Call Test Case 'Test Cases/Final Aug 2018 - PKS Automation/Registration Module/New Registration/Flow of New Registration/Third Screen - Upload Supporting Doc - Preview' successfully

2018-11-08 15:13:50 - [TEST_CASE][PASSED] - Test Cases/Final Aug 2018 - PKS Automation/Registration Module/New Registration/Flow of New Registration/Third Screen - Upload Supporting Doc - Preview: Test Cases/Final Aug 2018 - PKS Automation/Registration Module/New Registration/Flow of New Registration/Third Screen - Upload Supporting Doc - Preview

2018-11-08 15:13:50 - [TEST_STEP][PASSED] - waitForPageLoad: Wait for page load successfully

2018-11-08 15:13:50 - [MESSAGE][PASSED] - Wait for page load successfully

2018-11-08 15:13:50 - [TEST_STEP][PASSED] - Statement - CaseReferenceNo = com.kms.katalon.core.webui.keyword.WebUiBuiltInKeywords.getText(com.kms.katalon.core.testobject.ObjectRepository.findTestObject(Final Object Repo/New Registration - Registration Module Pages/Third Screen - Upload Supporting Doc- Preview/RefNo Acquiring)): Text of object 'Object Repository/Final Object Repo/New Registration - Registration Module Pages/Third Screen - Upload Supporting Doc- Preview/RefNo Acquiring' is: 'CRN11201800122421'

2018-11-08 15:13:51 - [MESSAGE][PASSED] - Text of object 'Object Repository/Final Object Repo/New Registration - Registration Module Pages/Third Screen - Upload Supporting Doc- Preview/RefNo Acquiring' is: 'CRN11201800122421'

2018-11-08 15:13:51 - [TEST_STEP][PASSED] - delay: Delayed 2 second(s)

2018-11-08 15:13:53 - [MESSAGE][PASSED] - Delayed 2 second(s)

2018-11-08 15:13:53 - [TEST_STEP][PASSED] - callTestCase: Call Test Case 'Test Cases/Final Aug 2018 - PKS Automation/Common/Reference Number Setter' successfully

2018-11-08 15:13:53 - [TEST_CASE][PASSED] - Test Cases/Final Aug 2018 - PKS Automation/Common/Reference Number Setter: Test Cases/Final Aug 2018 - PKS Automation/Common/Reference Number Setter

2018-11-08 15:13:53 - [TEST_STEP][PASSED] - Statement - RefNoOldFile = new java.io.File(C://KatalonReference.txt): null

2018-11-08 15:13:53 - [TEST_STEP][PASSED] - Statement - RefNoOldFile.delete(): null

2018-11-08 15:13:53 - [TEST_STEP][PASSED] - Statement - RefNo = new java.io.File(C://KatalonReference.txt): null

2018-11-08 15:13:53 - [TEST_STEP][PASSED] - Statement - RefNo.append(CaseReferenceNo): null

2018-11-08 15:13:53 - [TEST_STEP][PASSED] - Statement - out.println("


" + CaseReferenceNo + "


"): null

2018-11-08 15:13:53 - [MESSAGE][PASSED] - Call Test Case 'Test Cases/Final Aug 2018 - PKS Automation/Common/Reference Number Setter' successfully

2018-11-08 15:13:53 - [TEST_STEP][PASSED] - waitForElementClickable: Object 'Object Repository/Final Object Repo/New Registration - Registration Module Pages/Third Screen - Upload Supporting Doc- Preview/Save n Continue in SIP Employee Listing Page' is clickable

2018-11-08 15:13:53 - [MESSAGE][PASSED] - Object 'Object Repository/Final Object Repo/New Registration - Registration Module Pages/Third Screen - Upload Supporting Doc- Preview/Save n Continue in SIP Employee Listing Page' is clickable

2018-11-08 15:13:53 - [TEST_STEP][PASSED] - click: Object: 'Object Repository/Final Object Repo/New Registration - Registration Module Pages/Third Screen - Upload Supporting Doc- Preview/Save n Continue in SIP Employee Listing Page' is clicked on

2018-11-08 15:14:00 - [MESSAGE][PASSED] - Object: 'Object Repository/Final Object Repo/New Registration - Registration Module Pages/Third Screen - Upload Supporting Doc- Preview/Save n Continue in SIP Employee Listing Page' is clicked on

2018-11-08 15:14:00 - [TEST_STEP][PASSED] - delay: Delayed 6 second(s)

2018-11-08 15:14:06 - [MESSAGE][PASSED] - Delayed 6 second(s)

2018-11-08 15:14:06 - [TEST_STEP][PASSED] - click: Object: 'Object Repository/Final Object Repo/New Registration - Registration Module Pages/Third Screen - Upload Supporting Doc- Preview/Add Document Button' is clicked on

2018-11-08 15:14:06 - [MESSAGE][PASSED] - Object: 'Object Repository/Final Object Repo/New Registration - Registration Module Pages/Third Screen - Upload Supporting Doc- Preview/Add Document Button' is clicked on

2018-11-08 15:14:06 - [TEST_STEP][PASSED] - delay: Delayed 30 second(s)

2018-11-08 15:14:36 - [MESSAGE][PASSED] - Delayed 30 second(s)

2018-11-08 15:14:36 - [TEST_STEP][PASSED] - click: Object: 'Object Repository/Final Object Repo/New Registration - Registration Module Pages/Third Screen - Upload Supporting Doc- Preview/Supporting Doc Please Select Drop Down' is clicked on

2018-11-08 15:14:37 - [MESSAGE][PASSED] - Object: 'Object Repository/Final Object Repo/New Registration - Registration Module Pages/Third Screen - Upload Supporting Doc- Preview/Supporting Doc Please Select Drop Down' is clicked on

2018-11-08 15:14:37 - [TEST_STEP][PASSED] - delay: Delayed 2 second(s)

2018-11-08 15:14:39 - [MESSAGE][PASSED] - Delayed 2 second(s)

2018-11-08 15:14:39 - [TEST_STEP][PASSED] - click: Object: 'Object Repository/Final Object Repo/New Registration - Registration Module Pages/Third Screen - Upload Supporting Doc- Preview/Select to Upload Form 1' is clicked on

2018-11-08 15:14:40 - [MESSAGE][PASSED] - Object: 'Object Repository/Final Object Repo/New Registration - Registration Module Pages/Third Screen - Upload Supporting Doc- Preview/Select to Upload Form 1' is clicked on

2018-11-08 15:14:40 - [TEST_STEP][PASSED] - delay: Delayed 2 second(s)

2018-11-08 15:14:42 - [MESSAGE][PASSED] - Delayed 2 second(s)

2018-11-08 15:14:42 - [TEST_STEP][PASSED] - uploadFile: File 'C:\Users\Public\Pictures\Sample Pictures\Act.jpg' sent to object: 'Object Repository/Final Object Repo/New Registration - Registration Module Pages/Third Screen - Upload Supporting Doc- Preview/Upload File Adding'

2018-11-08 15:14:42 - [MESSAGE][PASSED] - File 'C:\Users\Public\Pictures\Sample Pictures\Act.jpg' sent to object: 'Object Repository/Final Object Repo/New Registration - Registration Module Pages/Third Screen - Upload Supporting Doc- Preview/Upload File Adding'

2018-11-08 15:14:42 - [TEST_STEP][PASSED] - delay: Delayed 5 second(s)

2018-11-08 15:14:47 - [MESSAGE][PASSED] - Delayed 5 second(s)

2018-11-08 15:14:47 - [TEST_STEP][PASSED] - click: Object: 'Object Repository/Final Object Repo/New Registration - Registration Module Pages/Third Screen - Upload Supporting Doc- Preview/Inner Form Add Document Button' is clicked on

2018-11-08 15:14:53 - [MESSAGE][PASSED] - Object: 'Object Repository/Final Object Repo/New Registration - Registration Module Pages/Third Screen - Upload Supporting Doc- Preview/Inner Form Add Document Button' is clicked on

2018-11-08 15:14:53 - [TEST_STEP][PASSED] - delay: Delayed 3 second(s)

2018-11-08 15:14:56 - [MESSAGE][PASSED] - Delayed 3 second(s)

2018-11-08 15:14:56 - [TEST_STEP][PASSED] - click: Object: 'Object Repository/Final Object Repo/New Registration - Registration Module Pages/Third Screen - Upload Supporting Doc- Preview/Add Document Button' is clicked on

2018-11-08 15:14:56 - [MESSAGE][PASSED] - Object: 'Object Repository/Final Object Repo/New Registration - Registration Module Pages/Third Screen - Upload Supporting Doc- Preview/Add Document Button' is clicked on

2018-11-08 15:14:56 - [TEST_STEP][PASSED] - delay: Delayed 30 second(s)

2018-11-08 15:15:26 - [MESSAGE][PASSED] - Delayed 30 second(s)

2018-11-08 15:15:26 - [TEST_STEP][PASSED] - click: Object: 'Object Repository/Final Object Repo/New Registration - Registration Module Pages/Third Screen - Upload Supporting Doc- Preview/Supporting Doc Please Select Drop Down' is clicked on

2018-11-08 15:15:27 - [MESSAGE][PASSED] - Object: 'Object Repository/Final Object Repo/New Registration - Registration Module Pages/Third Screen - Upload Supporting Doc- Preview/Supporting Doc Please Select Drop Down' is clicked on

2018-11-08 15:15:27 - [TEST_STEP][PASSED] - delay: Delayed 2 second(s)

2018-11-08 15:15:29 - [MESSAGE][PASSED] - Delayed 2 second(s)

2018-11-08 15:15:29 - [TEST_STEP][PASSED] - click: Object: 'Object Repository/Final Object Repo/New Registration - Registration Module Pages/Third Screen - Upload Supporting Doc- Preview/Select to Upload Form 2' is clicked on

2018-11-08 15:15:30 - [MESSAGE][PASSED] - Object: 'Object Repository/Final Object Repo/New Registration - Registration Module Pages/Third Screen - Upload Supporting Doc- Preview/Select to Upload Form 2' is clicked on

2018-11-08 15:15:30 - [TEST_STEP][PASSED] - delay: Delayed 2 second(s)

2018-11-08 15:15:32 - [MESSAGE][PASSED] - Delayed 2 second(s)

2018-11-08 15:15:32 - [TEST_STEP][PASSED] - uploadFile: File 'C:\Users\Public\Pictures\Sample Pictures\Act.jpg' sent to object: 'Object Repository/Final Object Repo/New Registration - Registration Module Pages/Third Screen - Upload Supporting Doc- Preview/Upload File Adding'

2018-11-08 15:15:32 - [MESSAGE][PASSED] - File 'C:\Users\Public\Pictures\Sample Pictures\Act.jpg' sent to object: 'Object Repository/Final Object Repo/New Registration - Registration Module Pages/Third Screen - Upload Supporting Doc- Preview/Upload File Adding'

2018-11-08 15:15:32 - [TEST_STEP][PASSED] - click: Object: 'Object Repository/Final Object Repo/New Registration - Registration Module Pages/Third Screen - Upload Supporting Doc- Preview/Inner Form Add Document Button' is clicked on

2018-11-08 15:15:32 - [MESSAGE][PASSED] - Object: 'Object Repository/Final Object Repo/New Registration - Registration Module Pages/Third Screen - Upload Supporting Doc- Preview/Inner Form Add Document Button' is clicked on

2018-11-08 15:15:32 - [TEST_STEP][PASSED] - delay: Delayed 4 second(s)

2018-11-08 15:15:36 - [MESSAGE][PASSED] - Delayed 4 second(s)

2018-11-08 15:15:36 - [TEST_STEP][PASSED] - click: Object: 'Object Repository/Final Object Repo/New Registration - Registration Module Pages/Third Screen - Upload Supporting Doc- Preview/Add Document Button' is clicked on

2018-11-08 15:15:38 - [MESSAGE][PASSED] - Object: 'Object Repository/Final Object Repo/New Registration - Registration Module Pages/Third Screen - Upload Supporting Doc- Preview/Add Document Button' is clicked on

2018-11-08 15:15:38 - [TEST_STEP][PASSED] - delay: Delayed 30 second(s)

2018-11-08 15:16:08 - [MESSAGE][PASSED] - Delayed 30 second(s)

2018-11-08 15:16:08 - [TEST_STEP][PASSED] - click: Object: 'Object Repository/Final Object Repo/New Registration - Registration Module Pages/Third Screen - Upload Supporting Doc- Preview/Supporting Doc Please Select Drop Down' is clicked on

2018-11-08 15:16:08 - [MESSAGE][PASSED] - Object: 'Object Repository/Final Object Repo/New Registration - Registration Module Pages/Third Screen - Upload Supporting Doc- Preview/Supporting Doc Please Select Drop Down' is clicked on

2018-11-08 15:16:08 - [TEST_STEP][PASSED] - click: Object: 'Object Repository/Final Object Repo/New Registration - Registration Module Pages/Third Screen - Upload Supporting Doc- Preview/Select to Upload Borang SIP 1' is clicked on

2018-11-08 15:16:09 - [MESSAGE][PASSED] - Object: 'Object Repository/Final Object Repo/New Registration - Registration Module Pages/Third Screen - Upload Supporting Doc- Preview/Select to Upload Borang SIP 1' is clicked on

2018-11-08 15:16:09 - [TEST_STEP][PASSED] - delay: Delayed 2 second(s)

2018-11-08 15:16:11 - [MESSAGE][PASSED] - Delayed 2 second(s)

2018-11-08 15:16:11 - [TEST_STEP][PASSED] - uploadFile: File 'C:\Users\Public\Pictures\Sample Pictures\Act.jpg' sent to object: 'Object Repository/Final Object Repo/New Registration - Registration Module Pages/Third Screen - Upload Supporting Doc- Preview/Upload File Adding'

2018-11-08 15:16:11 - [MESSAGE][PASSED] - File 'C:\Users\Public\Pictures\Sample Pictures\Act.jpg' sent to object: 'Object Repository/Final Object Repo/New Registration - Registration Module Pages/Third Screen - Upload Supporting Doc- Preview/Upload File Adding'

2018-11-08 15:16:11 - [TEST_STEP][PASSED] - click: Object: 'Object Repository/Final Object Repo/New Registration - Registration Module Pages/Third Screen - Upload Supporting Doc- Preview/Inner Form Add Document Button' is clicked on

2018-11-08 15:16:11 - [MESSAGE][PASSED] - Object: 'Object Repository/Final Object Repo/New Registration - Registration Module Pages/Third Screen - Upload Supporting Doc- Preview/Inner Form Add Document Button' is clicked on

2018-11-08 15:16:11 - [TEST_STEP][PASSED] - delay: Delayed 5 second(s)

2018-11-08 15:16:16 - [MESSAGE][PASSED] - Delayed 5 second(s)

2018-11-08 15:16:16 - [TEST_STEP][PASSED] - click: Object: 'Object Repository/Final Object Repo/New Registration - Registration Module Pages/Third Screen - Upload Supporting Doc- Preview/Add Document Button' is clicked on

2018-11-08 15:16:17 - [MESSAGE][PASSED] - Object: 'Object Repository/Final Object Repo/New Registration - Registration Module Pages/Third Screen - Upload Supporting Doc- Preview/Add Document Button' is clicked on

2018-11-08 15:16:17 - [TEST_STEP][PASSED] - delay: Delayed 30 second(s)

2018-11-08 15:16:47 - [MESSAGE][PASSED] - Delayed 30 second(s)

2018-11-08 15:16:47 - [TEST_STEP][PASSED] - click: Object: 'Object Repository/Final Object Repo/New Registration - Registration Module Pages/Third Screen - Upload Supporting Doc- Preview/Supporting Doc Please Select Drop Down' is clicked on

2018-11-08 15:16:47 - [MESSAGE][PASSED] - Object: 'Object Repository/Final Object Repo/New Registration - Registration Module Pages/Third Screen - Upload Supporting Doc- Preview/Supporting Doc Please Select Drop Down' is clicked on

2018-11-08 15:16:47 - [TEST_STEP][PASSED] - delay: Delayed 3 second(s)

2018-11-08 15:16:50 - [MESSAGE][PASSED] - Delayed 3 second(s)

2018-11-08 15:16:50 - [TEST_STEP][PASSED] - click: Object: 'Object Repository/Final Object Repo/New Registration - Registration Module Pages/Third Screen - Upload Supporting Doc- Preview/Select to Upload Borang SIP 2' is clicked on

2018-11-08 15:16:51 - [MESSAGE][PASSED] - Object: 'Object Repository/Final Object Repo/New Registration - Registration Module Pages/Third Screen - Upload Supporting Doc- Preview/Select to Upload Borang SIP 2' is clicked on

2018-11-08 15:16:51 - [TEST_STEP][PASSED] - delay: Delayed 2 second(s)

2018-11-08 15:16:53 - [MESSAGE][PASSED] - Delayed 2 second(s)

2018-11-08 15:16:53 - [TEST_STEP][PASSED] - uploadFile: File 'C:\Users\Public\Pictures\Sample Pictures\Act.jpg' sent to object: 'Object Repository/Final Object Repo/New Registration - Registration Module Pages/Third Screen - Upload Supporting Doc- Preview/Upload File Adding'

2018-11-08 15:16:53 - [MESSAGE][PASSED] - File 'C:\Users\Public\Pictures\Sample Pictures\Act.jpg' sent to object: 'Object Repository/Final Object Repo/New Registration - Registration Module Pages/Third Screen - Upload Supporting Doc- Preview/Upload File Adding'

2018-11-08 15:16:53 - [TEST_STEP][PASSED] - delay: Delayed 5 second(s)

2018-11-08 15:16:58 - [MESSAGE][PASSED] - Delayed 5 second(s)

2018-11-08 15:16:58 - [TEST_STEP][PASSED] - click: Object: 'Object Repository/Final Object Repo/New Registration - Registration Module Pages/Third Screen - Upload Supporting Doc- Preview/Inner Form Add Document Button' is clicked on

2018-11-08 15:16:59 - [MESSAGE][PASSED] - Object: 'Object Repository/Final Object Repo/New Registration - Registration Module Pages/Third Screen - Upload Supporting Doc- Preview/Inner Form Add Document Button' is clicked on

2018-11-08 15:16:59 - [TEST_STEP][PASSED] - delay: Delayed 3 second(s)

2018-11-08 15:17:02 - [MESSAGE][PASSED] - Delayed 3 second(s)

2018-11-08 15:17:02 - [TEST_STEP][PASSED] - waitForElementClickable: Object 'Object Repository/Final Object Repo/New Registration - Registration Module Pages/Third Screen - Upload Supporting Doc- Preview/Save n Continue in Uploading Supporting Doc Page' is clickable

2018-11-08 15:17:04 - [MESSAGE][PASSED] - Object 'Object Repository/Final Object Repo/New Registration - Registration Module Pages/Third Screen - Upload Supporting Doc- Preview/Save n Continue in Uploading Supporting Doc Page' is clickable

2018-11-08 15:17:04 - [TEST_STEP][PASSED] - click: Object: 'Object Repository/Final Object Repo/New Registration - Registration Module Pages/Third Screen - Upload Supporting Doc- Preview/Save n Continue in Uploading Supporting Doc Page' is clicked on

2018-11-08 15:17:04 - [MESSAGE][PASSED] - Object: 'Object Repository/Final Object Repo/New Registration - Registration Module Pages/Third Screen - Upload Supporting Doc- Preview/Save n Continue in Uploading Supporting Doc Page' is clicked on

2018-11-08 15:17:04 - [MESSAGE][PASSED] - Call Test Case 'Test Cases/Final Aug 2018 - PKS Automation/Registration Module/New Registration/Flow of New Registration/Third Screen - Upload Supporting Doc - Preview' successfully

2018-11-08 15:17:04 - [TEST_STEP][PASSED] - callTestCase: Call Test Case 'Test Cases/Final Aug 2018 - PKS Automation/Registration Module/New Registration/Submit and Screenshot/Submit Registration and Screenshot' successfully

2018-11-08 15:17:04 - [TEST_CASE][PASSED] - Test Cases/Final Aug 2018 - PKS Automation/Registration Module/New Registration/Submit and Screenshot/Submit Registration and Screenshot: Test Cases/Final Aug 2018 - PKS Automation/Registration Module/New Registration/Submit and Screenshot/Submit Registration and Screenshot

2018-11-08 15:17:04 - [TEST_STEP][PASSED] - delay: Delayed 6 second(s)

2018-11-08 15:17:10 - [MESSAGE][PASSED] - Delayed 6 second(s)

2018-11-08 15:17:10 - [TEST_STEP][PASSED] - click: Object: 'Object Repository/Final Object Repo/New Registration - Registration Module Pages/Third Screen - Upload Supporting Doc- Preview/Preview Submit Button' is clicked on

2018-11-08 15:17:11 - [MESSAGE][PASSED] - Object: 'Object Repository/Final Object Repo/New Registration - Registration Module Pages/Third Screen - Upload Supporting Doc- Preview/Preview Submit Button' is clicked on

2018-11-08 15:17:11 - [TEST_STEP][PASSED] - delay: Delayed 2 second(s)

2018-11-08 15:17:13 - [MESSAGE][PASSED] - Delayed 2 second(s)

2018-11-08 15:17:13 - [TEST_STEP][PASSED] - click: Object: 'Object Repository/Final Object Repo/New Registration - Registration Module Pages/Third Screen - Upload Supporting Doc- Preview/Preview Submit - Confirm' is clicked on

2018-11-08 15:17:18 - [MESSAGE][PASSED] - Object: 'Object Repository/Final Object Repo/New Registration - Registration Module Pages/Third Screen - Upload Supporting Doc- Preview/Preview Submit - Confirm' is clicked on

2018-11-08 15:17:18 - [TEST_STEP][PASSED] - delay: Delayed 15 second(s)

2018-11-08 15:17:33 - [MESSAGE][PASSED] - Delayed 15 second(s)

2018-11-08 15:17:33 - [TEST_STEP][PASSED] - Statement - driver = com.kms.katalon.core.webui.driver.DriverFactory.getWebDriver(): null

2018-11-08 15:17:33 - [TEST_STEP][PASSED] - Statement - driver.manage().timeouts().implicitlyWait(10, SECONDS): null

2018-11-08 15:17:33 - [TEST_STEP][PASSED] - Statement - PresavePath = KatalonScreenshots: null

2018-11-08 15:17:33 - [TEST_STEP][PASSED] - Statement - pathPrefix = "C:\Users\Public\Pictures\Sample Pictures\Katalon Screenshots\Automate Ending Screen": null

2018-11-08 15:17:33 - [TEST_STEP][PASSED] - Statement - finalPath = <not implemented yet for class: org.codehaus.groovy.ast.expr.EmptyExpression>: null

2018-11-08 15:17:33 - [TEST_STEP][PASSED] - Statement - scrFile = driver.getScreenshotAs(FILE): null

2018-11-08 15:17:33 - [TEST_STEP][PASSED] - Statement - PreSaveFile = new java.io.File(PresavePath): null

2018-11-08 15:17:33 - [TEST_STEP][PASSED] - Statement - counter = 0: null

2018-11-08 15:17:33 - [TEST_STEP][PASSED] - Statement - If (PreSaveFile.exists()): null

2018-11-08 15:17:33 - [TEST_STEP][PASSED] - Statement - While (PreSaveFile.exists()): null

2018-11-08 15:17:33 - [TEST_STEP][PASSED] - Statement - counter = counter + 1: null

2018-11-08 15:17:33 - [TEST_STEP][PASSED] - Statement - PreSaveFile = new java.io.File(((pathPrefix + java.lang.Integer.toString(counter)) + .png)): null

2018-11-08 15:17:33 - [TEST_STEP][PASSED] - Statement - counter = counter + 1: null

2018-11-08 15:17:33 - [TEST_STEP][PASSED] - Statement - PreSaveFile = new java.io.File(((pathPrefix + java.lang.Integer.toString(counter)) + .png)): null

2018-11-08 15:17:33 - [TEST_STEP][PASSED] - Statement - counter = counter + 1: null

2018-11-08 15:17:33 - [TEST_STEP][PASSED] - Statement - PreSaveFile = new java.io.File(((pathPrefix + java.lang.Integer.toString(counter)) + .png)): null

2018-11-08 15:17:33 - [TEST_STEP][PASSED] - Statement - counter = counter + 1: null

2018-11-08 15:17:33 - [TEST_STEP][PASSED] - Statement - PreSaveFile = new java.io.File(((pathPrefix + java.lang.Integer.toString(counter)) + .png)): null

2018-11-08 15:17:33 - [TEST_STEP][PASSED] - Statement - counter = counter + 1: null

2018-11-08 15:17:33 - [TEST_STEP][PASSED] - Statement - PreSaveFile = new java.io.File(((pathPrefix + java.lang.Integer.toString(counter)) + .png)): null

2018-11-08 15:17:33 - [TEST_STEP][PASSED] - Statement - counter = counter + 1: null

2018-11-08 15:17:33 - [TEST_STEP][PASSED] - Statement - PreSaveFile = new java.io.File(((pathPrefix + java.lang.Integer.toString(counter)) + .png)): null

2018-11-08 15:17:33 - [TEST_STEP][PASSED] - Statement - counter = counter + 1: null

2018-11-08 15:17:33 - [TEST_STEP][PASSED] - Statement - PreSaveFile = new java.io.File(((pathPrefix + java.lang.Integer.toString(counter)) + .png)): null

2018-11-08 15:17:33 - [TEST_STEP][PASSED] - Statement - counter = counter + 1: null

2018-11-08 15:17:33 - [TEST_STEP][PASSED] - Statement - PreSaveFile = new java.io.File(((pathPrefix + java.lang.Integer.toString(counter)) + .png)): null

2018-11-08 15:17:33 - [TEST_STEP][PASSED] - Statement - counter = counter + 1: null

2018-11-08 15:17:33 - [TEST_STEP][PASSED] - Statement - PreSaveFile = new java.io.File(((pathPrefix + java.lang.Integer.toString(counter)) + .png)): null

2018-11-08 15:17:33 - [TEST_STEP][PASSED] - Statement - counter = counter + 1: null

2018-11-08 15:17:33 - [TEST_STEP][PASSED] - Statement - PreSaveFile = new java.io.File(((pathPrefix + java.lang.Integer.toString(counter)) + .png)): null

2018-11-08 15:17:33 - [TEST_STEP][PASSED] - Statement - counter = counter + 1: null

2018-11-08 15:17:33 - [TEST_STEP][PASSED] - Statement - PreSaveFile = new java.io.File(((pathPrefix + java.lang.Integer.toString(counter)) + .png)): null

2018-11-08 15:17:33 - [TEST_STEP][PASSED] - Statement - counter = counter + 1: null

2018-11-08 15:17:33 - [TEST_STEP][PASSED] - Statement - PreSaveFile = new java.io.File(((pathPrefix + java.lang.Integer.toString(counter)) + .png)): null

2018-11-08 15:17:33 - [TEST_STEP][PASSED] - Statement - counter = counter + 1: null

2018-11-08 15:17:33 - [TEST_STEP][PASSED] - Statement - PreSaveFile = new java.io.File(((pathPrefix + java.lang.Integer.toString(counter)) + .png)): null

2018-11-08 15:17:33 - [TEST_STEP][PASSED] - Statement - counter = counter + 1: null

2018-11-08 15:17:33 - [TEST_STEP][PASSED] - Statement - PreSaveFile = new java.io.File(((pathPrefix + java.lang.Integer.toString(counter)) + .png)): null

2018-11-08 15:17:33 - [TEST_STEP][PASSED] - Statement - counter = counter + 1: null

2018-11-08 15:17:33 - [TEST_STEP][PASSED] - Statement - PreSaveFile = new java.io.File(((pathPrefix + java.lang.Integer.toString(counter)) + .png)): null

2018-11-08 15:17:33 - [TEST_STEP][PASSED] - Statement - counter = counter + 1: null

2018-11-08 15:17:33 - [TEST_STEP][PASSED] - Statement - PreSaveFile = new java.io.File(((pathPrefix + java.lang.Integer.toString(counter)) + .png)): null

2018-11-08 15:17:34 - [TEST_STEP][PASSED] - Statement - counter = counter + 1: null

2018-11-08 15:17:34 - [TEST_STEP][PASSED] - Statement - PreSaveFile = new java.io.File(((pathPrefix + java.lang.Integer.toString(counter)) + .png)): null

2018-11-08 15:17:34 - [TEST_STEP][PASSED] - Statement - counter = counter + 1: null

2018-11-08 15:17:34 - [TEST_STEP][PASSED] - Statement - PreSaveFile = new java.io.File(((pathPrefix + java.lang.Integer.toString(counter)) + .png)): null

2018-11-08 15:17:34 - [TEST_STEP][PASSED] - Statement - counter = counter + 1: null

2018-11-08 15:17:34 - [TEST_STEP][PASSED] - Statement - PreSaveFile = new java.io.File(((pathPrefix + java.lang.Integer.toString(counter)) + .png)): null

2018-11-08 15:17:34 - [TEST_STEP][PASSED] - Statement - counter = counter + 1: null

2018-11-08 15:17:34 - [TEST_STEP][PASSED] - Statement - PreSaveFile = new java.io.File(((pathPrefix + java.lang.Integer.toString(counter)) + .png)): null

2018-11-08 15:17:34 - [TEST_STEP][PASSED] - Statement - counter = counter + 1: null

2018-11-08 15:17:34 - [TEST_STEP][PASSED] - Statement - PreSaveFile = new java.io.File(((pathPrefix + java.lang.Integer.toString(counter)) + .png)): null

2018-11-08 15:17:34 - [TEST_STEP][PASSED] - Statement - counter = counter + 1: null

2018-11-08 15:17:34 - [TEST_STEP][PASSED] - Statement - PreSaveFile = new java.io.File(((pathPrefix + java.lang.Integer.toString(counter)) + .png)): null

2018-11-08 15:17:34 - [TEST_STEP][PASSED] - Statement - counter = counter + 1: null

2018-11-08 15:17:34 - [TEST_STEP][PASSED] - Statement - PreSaveFile = new java.io.File(((pathPrefix + java.lang.Integer.toString(counter)) + .png)): null

2018-11-08 15:17:34 - [TEST_STEP][PASSED] - Statement - counter = counter + 1: null

2018-11-08 15:17:34 - [TEST_STEP][PASSED] - Statement - PreSaveFile = new java.io.File(((pathPrefix + java.lang.Integer.toString(counter)) + .png)): null

2018-11-08 15:17:34 - [TEST_STEP][PASSED] - Statement - counter = counter + 1: null

2018-11-08 15:17:34 - [TEST_STEP][PASSED] - Statement - PreSaveFile = new java.io.File(((pathPrefix + java.lang.Integer.toString(counter)) + .png)): null

2018-11-08 15:17:34 - [TEST_STEP][PASSED] - Statement - counter = counter + 1: null

2018-11-08 15:17:34 - [TEST_STEP][PASSED] - Statement - PreSaveFile = new java.io.File(((pathPrefix + java.lang.Integer.toString(counter)) + .png)): null

2018-11-08 15:17:34 - [TEST_STEP][PASSED] - Statement - counter = counter + 1: null

2018-11-08 15:17:34 - [TEST_STEP][PASSED] - Statement - PreSaveFile = new java.io.File(((pathPrefix + java.lang.Integer.toString(counter)) + .png)): null

2018-11-08 15:17:34 - [TEST_STEP][PASSED] - Statement - counter = counter + 1: null

2018-11-08 15:17:34 - [TEST_STEP][PASSED] - Statement - PreSaveFile = new java.io.File(((pathPrefix + java.lang.Integer.toString(counter)) + .png)): null

2018-11-08 15:17:34 - [TEST_STEP][PASSED] - Statement - counter = counter + 1: null

2018-11-08 15:17:34 - [TEST_STEP][PASSED] - Statement - PreSaveFile = new java.io.File(((pathPrefix + java.lang.Integer.toString(counter)) + .png)): null

2018-11-08 15:17:34 - [TEST_STEP][PASSED] - Statement - counter = counter + 1: null

2018-11-08 15:17:34 - [TEST_STEP][PASSED] - Statement - PreSaveFile = new java.io.File(((pathPrefix + java.lang.Integer.toString(counter)) + .png)): null

2018-11-08 15:17:34 - [TEST_STEP][PASSED] - Statement - counter = counter + 1: null

2018-11-08 15:17:34 - [TEST_STEP][PASSED] - Statement - PreSaveFile = new java.io.File(((pathPrefix + java.lang.Integer.toString(counter)) + .png)): null

2018-11-08 15:17:34 - [TEST_STEP][PASSED] - Statement - counter = counter + 1: null

2018-11-08 15:17:34 - [TEST_STEP][PASSED] - Statement - PreSaveFile = new java.io.File(((pathPrefix + java.lang.Integer.toString(counter)) + .png)): null

2018-11-08 15:17:34 - [TEST_STEP][PASSED] - Statement - counter = counter + 1: null

2018-11-08 15:17:34 - [TEST_STEP][PASSED] - Statement - PreSaveFile = new java.io.File(((pathPrefix + java.lang.Integer.toString(counter)) + .png)): null

2018-11-08 15:17:34 - [TEST_STEP][PASSED] - Statement - counter = counter + 1: null

2018-11-08 15:17:34 - [TEST_STEP][PASSED] - Statement - PreSaveFile = new java.io.File(((pathPrefix + java.lang.Integer.toString(counter)) + .png)): null

2018-11-08 15:17:34 - [TEST_STEP][PASSED] - Statement - counter = counter + 1: null

2018-11-08 15:17:34 - [TEST_STEP][PASSED] - Statement - PreSaveFile = new java.io.File(((pathPrefix + java.lang.Integer.toString(counter)) + .png)): null

2018-11-08 15:17:34 - [TEST_STEP][PASSED] - Statement - counter = counter + 1: null

2018-11-08 15:17:35 - [TEST_STEP][PASSED] - Statement - PreSaveFile = new java.io.File(((pathPrefix + java.lang.Integer.toString(counter)) + .png)): null

2018-11-08 15:17:35 - [TEST_STEP][PASSED] - Statement - counter = counter + 1: null

2018-11-08 15:17:35 - [TEST_STEP][PASSED] - Statement - PreSaveFile = new java.io.File(((pathPrefix + java.lang.Integer.toString(counter)) + .png)): null

2018-11-08 15:17:35 - [TEST_STEP][PASSED] - Statement - counter = counter + 1: null

2018-11-08 15:17:35 - [TEST_STEP][PASSED] - Statement - PreSaveFile = new java.io.File(((pathPrefix + java.lang.Integer.toString(counter)) + .png)): null

2018-11-08 15:17:35 - [TEST_STEP][PASSED] - Statement - counter = counter + 1: null

2018-11-08 15:17:35 - [TEST_STEP][PASSED] - Statement - PreSaveFile = new java.io.File(((pathPrefix + java.lang.Integer.toString(counter)) + .png)): null

2018-11-08 15:17:35 - [TEST_STEP][PASSED] - Statement - counter = counter + 1: null

2018-11-08 15:17:35 - [TEST_STEP][PASSED] - Statement - PreSaveFile = new java.io.File(((pathPrefix + java.lang.Integer.toString(counter)) + .png)): null

2018-11-08 15:17:35 - [TEST_STEP][PASSED] - Statement - counter = counter + 1: null

2018-11-08 15:17:35 - [TEST_STEP][PASSED] - Statement - PreSaveFile = new java.io.File(((pathPrefix + java.lang.Integer.toString(counter)) + .png)): null

2018-11-08 15:17:35 - [TEST_STEP][PASSED] - Statement - counter = counter + 1: null

2018-11-08 15:17:35 - [TEST_STEP][PASSED] - Statement - PreSaveFile = new java.io.File(((pathPrefix + java.lang.Integer.toString(counter)) + .png)): null

2018-11-08 15:17:35 - [TEST_STEP][PASSED] - Statement - counter = counter + 1: null

2018-11-08 15:17:35 - [TEST_STEP][PASSED] - Statement - PreSaveFile = new java.io.File(((pathPrefix + java.lang.Integer.toString(counter)) + .png)): null

2018-11-08 15:17:35 - [TEST_STEP][PASSED] - Statement - counter = counter + 1: null

2018-11-08 15:17:35 - [TEST_STEP][PASSED] - Statement - PreSaveFile = new java.io.File(((pathPrefix + java.lang.Integer.toString(counter)) + .png)): null

2018-11-08 15:17:35 - [TEST_STEP][PASSED] - Statement - counter = counter + 1: null

2018-11-08 15:17:35 - [TEST_STEP][PASSED] - Statement - PreSaveFile = new java.io.File(((pathPrefix + java.lang.Integer.toString(counter)) + .png)): null

2018-11-08 15:17:35 - [TEST_STEP][PASSED] - Statement - counter = counter + 1: null

2018-11-08 15:17:35 - [TEST_STEP][PASSED] - Statement - PreSaveFile = new java.io.File(((pathPrefix + java.lang.Integer.toString(counter)) + .png)): null

2018-11-08 15:17:35 - [TEST_STEP][PASSED] - Statement - counter = counter + 1: null

2018-11-08 15:17:35 - [TEST_STEP][PASSED] - Statement - PreSaveFile = new java.io.File(((pathPrefix + java.lang.Integer.toString(counter)) + .png)): null

2018-11-08 15:17:35 - [TEST_STEP][PASSED] - Statement - counter = counter + 1: null

2018-11-08 15:17:36 - [TEST_STEP][PASSED] - Statement - PreSaveFile = new java.io.File(((pathPrefix + java.lang.Integer.toString(counter)) + .png)): null

2018-11-08 15:17:36 - [TEST_STEP][PASSED] - Statement - counter = counter + 1: null

2018-11-08 15:17:36 - [TEST_STEP][PASSED] - Statement - PreSaveFile = new java.io.File(((pathPrefix + java.lang.Integer.toString(counter)) + .png)): null

2018-11-08 15:17:36 - [TEST_STEP][PASSED] - Statement - counter = counter + 1: null

2018-11-08 15:17:36 - [TEST_STEP][PASSED] - Statement - PreSaveFile = new java.io.File(((pathPrefix + java.lang.Integer.toString(counter)) + .png)): null

2018-11-08 15:17:36 - [TEST_STEP][PASSED] - Statement - counter = counter + 1: null

2018-11-08 15:17:36 - [TEST_STEP][PASSED] - Statement - PreSaveFile = new java.io.File(((pathPrefix + java.lang.Integer.toString(counter)) + .png)): null

2018-11-08 15:17:36 - [TEST_STEP][PASSED] - Statement - counter = counter + 1: null

2018-11-08 15:17:36 - [TEST_STEP][PASSED] - Statement - PreSaveFile = new java.io.File(((pathPrefix + java.lang.Integer.toString(counter)) + .png)): null

2018-11-08 15:17:36 - [TEST_STEP][PASSED] - Statement - counter = counter + 1: null

2018-11-08 15:17:36 - [TEST_STEP][PASSED] - Statement - PreSaveFile = new java.io.File(((pathPrefix + java.lang.Integer.toString(counter)) + .png)): null

2018-11-08 15:17:36 - [TEST_STEP][PASSED] - Statement - counter = counter + 1: null

2018-11-08 15:17:36 - [TEST_STEP][PASSED] - Statement - PreSaveFile = new java.io.File(((pathPrefix + java.lang.Integer.toString(counter)) + .png)): null

2018-11-08 15:17:36 - [TEST_STEP][PASSED] - Statement - counter = counter + 1: null

2018-11-08 15:17:36 - [TEST_STEP][PASSED] - Statement - PreSaveFile = new java.io.File(((pathPrefix + java.lang.Integer.toString(counter)) + .png)): null

2018-11-08 15:17:36 - [TEST_STEP][PASSED] - Statement - counter = counter + 1: null

2018-11-08 15:17:36 - [TEST_STEP][PASSED] - Statement - PreSaveFile = new java.io.File(((pathPrefix + java.lang.Integer.toString(counter)) + .png)): null

2018-11-08 15:17:36 - [TEST_STEP][PASSED] - Statement - counter = counter + 1: null

2018-11-08 15:17:36 - [TEST_STEP][PASSED] - Statement - PreSaveFile = new java.io.File(((pathPrefix + java.lang.Integer.toString(counter)) + .png)): null

2018-11-08 15:17:36 - [TEST_STEP][PASSED] - Statement - counter = counter + 1: null

2018-11-08 15:17:36 - [TEST_STEP][PASSED] - Statement - PreSaveFile = new java.io.File(((pathPrefix + java.lang.Integer.toString(counter)) + .png)): null

2018-11-08 15:17:36 - [TEST_STEP][PASSED] - Statement - counter = counter + 1: null

2018-11-08 15:17:36 - [TEST_STEP][PASSED] - Statement - PreSaveFile = new java.io.File(((pathPrefix + java.lang.Integer.toString(counter)) + .png)): null

2018-11-08 15:17:36 - [TEST_STEP][PASSED] - Statement - counter = counter + 1: null

2018-11-08 15:17:37 - [TEST_STEP][PASSED] - Statement - PreSaveFile = new java.io.File(((pathPrefix + java.lang.Integer.toString(counter)) + .png)): null

2018-11-08 15:17:37 - [TEST_STEP][PASSED] - Statement - counter = counter + 1: null

2018-11-08 15:17:37 - [TEST_STEP][PASSED] - Statement - PreSaveFile = new java.io.File(((pathPrefix + java.lang.Integer.toString(counter)) + .png)): null

2018-11-08 15:17:37 - [TEST_STEP][PASSED] - Statement - counter = counter + 1: null

2018-11-08 15:17:37 - [TEST_STEP][PASSED] - Statement - PreSaveFile = new java.io.File(((pathPrefix + java.lang.Integer.toString(counter)) + .png)): null

2018-11-08 15:17:37 - [TEST_STEP][PASSED] - Statement - counter = counter + 1: null

2018-11-08 15:17:37 - [TEST_STEP][PASSED] - Statement - PreSaveFile = new java.io.File(((pathPrefix + java.lang.Integer.toString(counter)) + .png)): null

2018-11-08 15:17:37 - [TEST_STEP][PASSED] - Statement - counter = counter + 1: null

2018-11-08 15:17:37 - [TEST_STEP][PASSED] - Statement - PreSaveFile = new java.io.File(((pathPrefix + java.lang.Integer.toString(counter)) + .png)): null

2018-11-08 15:17:38 - [TEST_STEP][PASSED] - Statement - counter = counter + 1: null

2018-11-08 15:17:38 - [TEST_STEP][PASSED] - Statement - PreSaveFile = new java.io.File(((pathPrefix + java.lang.Integer.toString(counter)) + .png)): null

2018-11-08 15:17:38 - [TEST_STEP][PASSED] - Statement - counter = counter + 1: null

2018-11-08 15:17:38 - [TEST_STEP][PASSED] - Statement - PreSaveFile = new java.io.File(((pathPrefix + java.lang.Integer.toString(counter)) + .png)): null

2018-11-08 15:17:38 - [TEST_STEP][PASSED] - Statement - counter = counter + 1: null

2018-11-08 15:17:38 - [TEST_STEP][PASSED] - Statement - PreSaveFile = new java.io.File(((pathPrefix + java.lang.Integer.toString(counter)) + .png)): null

2018-11-08 15:17:38 - [TEST_STEP][PASSED] - Statement - counter = counter + 1: null

2018-11-08 15:17:38 - [TEST_STEP][PASSED] - Statement - PreSaveFile = new java.io.File(((pathPrefix + java.lang.Integer.toString(counter)) + .png)): null

2018-11-08 15:17:38 - [TEST_STEP][PASSED] - Statement - counter = counter + 1: null

2018-11-08 15:17:38 - [TEST_STEP][PASSED] - Statement - PreSaveFile = new java.io.File(((pathPrefix + java.lang.Integer.toString(counter)) + .png)): null

2018-11-08 15:17:38 - [TEST_STEP][PASSED] - Statement - counter = counter + 1: null

2018-11-08 15:17:38 - [TEST_STEP][PASSED] - Statement - PreSaveFile = new java.io.File(((pathPrefix + java.lang.Integer.toString(counter)) + .png)): null

2018-11-08 15:17:38 - [TEST_STEP][PASSED] - Statement - counter = counter + 1: null

2018-11-08 15:17:38 - [TEST_STEP][PASSED] - Statement - PreSaveFile = new java.io.File(((pathPrefix + java.lang.Integer.toString(counter)) + .png)): null

2018-11-08 15:17:38 - [TEST_STEP][PASSED] - Statement - counter = counter + 1: null

2018-11-08 15:17:38 - [TEST_STEP][PASSED] - Statement - PreSaveFile = new java.io.File(((pathPrefix + java.lang.Integer.toString(counter)) + .png)): null

2018-11-08 15:17:38 - [TEST_STEP][PASSED] - Statement - counter = counter + 1: null

2018-11-08 15:17:38 - [TEST_STEP][PASSED] - Statement - PreSaveFile = new java.io.File(((pathPrefix + java.lang.Integer.toString(counter)) + .png)): null

2018-11-08 15:17:38 - [TEST_STEP][PASSED] - Statement - counter = counter + 1: null

2018-11-08 15:17:38 - [TEST_STEP][PASSED] - Statement - PreSaveFile = new java.io.File(((pathPrefix + java.lang.Integer.toString(counter)) + .png)): null

2018-11-08 15:17:38 - [TEST_STEP][PASSED] - Statement - counter = counter + 1: null

2018-11-08 15:17:38 - [TEST_STEP][PASSED] - Statement - PreSaveFile = new java.io.File(((pathPrefix + java.lang.Integer.toString(counter)) + .png)): null

2018-11-08 15:17:38 - [TEST_STEP][PASSED] - Statement - counter = counter + 1: null

2018-11-08 15:17:38 - [TEST_STEP][PASSED] - Statement - PreSaveFile = new java.io.File(((pathPrefix + java.lang.Integer.toString(counter)) + .png)): null

2018-11-08 15:17:39 - [TEST_STEP][PASSED] - Statement - counter = counter + 1: null

2018-11-08 15:17:39 - [TEST_STEP][PASSED] - Statement - PreSaveFile = new java.io.File(((pathPrefix + java.lang.Integer.toString(counter)) + .png)): null

2018-11-08 15:17:39 - [TEST_STEP][PASSED] - Statement - counter = counter + 1: null

2018-11-08 15:17:39 - [TEST_STEP][PASSED] - Statement - PreSaveFile = new java.io.File(((pathPrefix + java.lang.Integer.toString(counter)) + .png)): null

2018-11-08 15:17:39 - [TEST_STEP][PASSED] - Statement - counter = counter + 1: null

2018-11-08 15:17:39 - [TEST_STEP][PASSED] - Statement - PreSaveFile = new java.io.File(((pathPrefix + java.lang.Integer.toString(counter)) + .png)): null

2018-11-08 15:17:39 - [TEST_STEP][PASSED] - Statement - counter = counter + 1: null

2018-11-08 15:17:39 - [TEST_STEP][PASSED] - Statement - PreSaveFile = new java.io.File(((pathPrefix + java.lang.Integer.toString(counter)) + .png)): null

2018-11-08 15:17:39 - [TEST_STEP][PASSED] - Statement - counter = counter + 1: null

2018-11-08 15:17:39 - [TEST_STEP][PASSED] - Statement - PreSaveFile = new java.io.File(((pathPrefix + java.lang.Integer.toString(counter)) + .png)): null

2018-11-08 15:17:39 - [TEST_STEP][PASSED] - Statement - counter = counter + 1: null

2018-11-08 15:17:39 - [TEST_STEP][PASSED] - Statement - PreSaveFile = new java.io.File(((pathPrefix + java.lang.Integer.toString(counter)) + .png)): null

2018-11-08 15:17:39 - [TEST_STEP][PASSED] - Statement - counter = counter + 1: null

2018-11-08 15:17:39 - [TEST_STEP][PASSED] - Statement - PreSaveFile = new java.io.File(((pathPrefix + java.lang.Integer.toString(counter)) + .png)): null

2018-11-08 15:17:39 - [TEST_STEP][PASSED] - Statement - counter = counter + 1: null

2018-11-08 15:17:39 - [TEST_STEP][PASSED] - Statement - PreSaveFile = new java.io.File(((pathPrefix + java.lang.Integer.toString(counter)) + .png)): null

2018-11-08 15:17:39 - [TEST_STEP][PASSED] - Statement - counter = counter + 1: null

2018-11-08 15:17:39 - [TEST_STEP][PASSED] - Statement - PreSaveFile = new java.io.File(((pathPrefix + java.lang.Integer.toString(counter)) + .png)): null

2018-11-08 15:17:39 - [TEST_STEP][PASSED] - Statement - counter = counter + 1: null

2018-11-08 15:17:39 - [TEST_STEP][PASSED] - Statement - PreSaveFile = new java.io.File(((pathPrefix + java.lang.Integer.toString(counter)) + .png)): null

2018-11-08 15:17:39 - [TEST_STEP][PASSED] - Statement - counter = counter + 1: null

2018-11-08 15:17:39 - [TEST_STEP][PASSED] - Statement - PreSaveFile = new java.io.File(((pathPrefix + java.lang.Integer.toString(counter)) + .png)): null

2018-11-08 15:17:39 - [TEST_STEP][PASSED] - Statement - counter = counter + 1: null

2018-11-08 15:17:40 - [TEST_STEP][PASSED] - Statement - PreSaveFile = new java.io.File(((pathPrefix + java.lang.Integer.toString(counter)) + .png)): null

2018-11-08 15:17:40 - [TEST_STEP][PASSED] - Statement - counter = counter + 1: null

2018-11-08 15:17:40 - [TEST_STEP][PASSED] - Statement - PreSaveFile = new java.io.File(((pathPrefix + java.lang.Integer.toString(counter)) + .png)): null

2018-11-08 15:17:40 - [TEST_STEP][PASSED] - Statement - counter = counter + 1: null

2018-11-08 15:17:40 - [TEST_STEP][PASSED] - Statement - PreSaveFile = new java.io.File(((pathPrefix + java.lang.Integer.toString(counter)) + .png)): null

2018-11-08 15:17:40 - [TEST_STEP][PASSED] - Statement - counter = counter + 1: null

2018-11-08 15:17:40 - [TEST_STEP][PASSED] - Statement - PreSaveFile = new java.io.File(((pathPrefix + java.lang.Integer.toString(counter)) + .png)): null

2018-11-08 15:17:40 - [TEST_STEP][PASSED] - Statement - counter = counter + 1: null

2018-11-08 15:17:40 - [TEST_STEP][PASSED] - Statement - PreSaveFile = new java.io.File(((pathPrefix + java.lang.Integer.toString(counter)) + .png)): null

2018-11-08 15:17:40 - [TEST_STEP][PASSED] - Statement - counter = counter + 1: null

2018-11-08 15:17:41 - [TEST_STEP][PASSED] - Statement - PreSaveFile = new java.io.File(((pathPrefix + java.lang.Integer.toString(counter)) + .png)): null

2018-11-08 15:17:41 - [TEST_STEP][PASSED] - Statement - counter = counter + 1: null

2018-11-08 15:17:41 - [TEST_STEP][PASSED] - Statement - PreSaveFile = new java.io.File(((pathPrefix + java.lang.Integer.toString(counter)) + .png)): null

2018-11-08 15:17:41 - [TEST_STEP][PASSED] - Statement - counter = counter + 1: null

2018-11-08 15:17:41 - [TEST_STEP][PASSED] - Statement - PreSaveFile = new java.io.File(((pathPrefix + java.lang.Integer.toString(counter)) + .png)): null

2018-11-08 15:17:41 - [TEST_STEP][PASSED] - Statement - counter = counter + 1: null

2018-11-08 15:17:41 - [TEST_STEP][PASSED] - Statement - PreSaveFile = new java.io.File(((pathPrefix + java.lang.Integer.toString(counter)) + .png)): null

2018-11-08 15:17:41 - [TEST_STEP][PASSED] - Statement - counter = counter + 1: null

2018-11-08 15:17:41 - [TEST_STEP][PASSED] - Statement - PreSaveFile = new java.io.File(((pathPrefix + java.lang.Integer.toString(counter)) + .png)): null

2018-11-08 15:17:41 - [TEST_STEP][PASSED] - Statement - counter = counter + 1: null

2018-11-08 15:17:41 - [TEST_STEP][PASSED] - Statement - PreSaveFile = new java.io.File(((pathPrefix + java.lang.Integer.toString(counter)) + .png)): null

2018-11-08 15:17:41 - [TEST_STEP][PASSED] - Statement - counter = counter + 1: null

2018-11-08 15:17:41 - [TEST_STEP][PASSED] - Statement - PreSaveFile = new java.io.File(((pathPrefix + java.lang.Integer.toString(counter)) + .png)): null

2018-11-08 15:17:41 - [TEST_STEP][PASSED] - Statement - counter = counter + 1: null

2018-11-08 15:17:41 - [TEST_STEP][PASSED] - Statement - PreSaveFile = new java.io.File(((pathPrefix + java.lang.Integer.toString(counter)) + .png)): null

2018-11-08 15:17:41 - [TEST_STEP][PASSED] - Statement - counter = counter + 1: null

2018-11-08 15:17:41 - [TEST_STEP][PASSED] - Statement - PreSaveFile = new java.io.File(((pathPrefix + java.lang.Integer.toString(counter)) + .png)): null

2018-11-08 15:17:41 - [TEST_STEP][PASSED] - Statement - counter = counter + 1: null

2018-11-08 15:17:41 - [TEST_STEP][PASSED] - Statement - PreSaveFile = new java.io.File(((pathPrefix + java.lang.Integer.toString(counter)) + .png)): null

2018-11-08 15:17:42 - [TEST_STEP][PASSED] - Statement - counter = counter + 1: null

2018-11-08 15:17:42 - [TEST_STEP][PASSED] - Statement - PreSaveFile = new java.io.File(((pathPrefix + java.lang.Integer.toString(counter)) + .png)): null

2018-11-08 15:17:42 - [TEST_STEP][PASSED] - Statement - counter = counter + 1: null

2018-11-08 15:17:42 - [TEST_STEP][PASSED] - Statement - PreSaveFile = new java.io.File(((pathPrefix + java.lang.Integer.toString(counter)) + .png)): null

2018-11-08 15:17:42 - [TEST_STEP][PASSED] - Statement - counter = counter + 1: null

2018-11-08 15:17:42 - [TEST_STEP][PASSED] - Statement - PreSaveFile = new java.io.File(((pathPrefix + java.lang.Integer.toString(counter)) + .png)): null

2018-11-08 15:17:42 - [TEST_STEP][PASSED] - Statement - counter = counter + 1: null

2018-11-08 15:17:42 - [TEST_STEP][PASSED] - Statement - PreSaveFile = new java.io.File(((pathPrefix + java.lang.Integer.toString(counter)) + .png)): null

2018-11-08 15:17:42 - [TEST_STEP][PASSED] - Statement - counter = counter + 1: null

2018-11-08 15:17:42 - [TEST_STEP][PASSED] - Statement - PreSaveFile = new java.io.File(((pathPrefix + java.lang.Integer.toString(counter)) + .png)): null

2018-11-08 15:17:42 - [TEST_STEP][PASSED] - Statement - counter = counter + 1: null

2018-11-08 15:17:42 - [TEST_STEP][PASSED] - Statement - PreSaveFile = new java.io.File(((pathPrefix + java.lang.Integer.toString(counter)) + .png)): null

2018-11-08 15:17:42 - [TEST_STEP][PASSED] - Statement - counter = counter + 1: null

2018-11-08 15:17:43 - [TEST_STEP][PASSED] - Statement - PreSaveFile = new java.io.File(((pathPrefix + java.lang.Integer.toString(counter)) + .png)): null

2018-11-08 15:17:43 - [TEST_STEP][PASSED] - Statement - counter = counter + 1: null

2018-11-08 15:17:43 - [TEST_STEP][PASSED] - Statement - PreSaveFile = new java.io.File(((pathPrefix + java.lang.Integer.toString(counter)) + .png)): null

2018-11-08 15:17:43 - [TEST_STEP][PASSED] - Statement - counter = counter + 1: null

2018-11-08 15:17:43 - [TEST_STEP][PASSED] - Statement - PreSaveFile = new java.io.File(((pathPrefix + java.lang.Integer.toString(counter)) + .png)): null

2018-11-08 15:17:43 - [TEST_STEP][PASSED] - Statement - counter = counter + 1: null

2018-11-08 15:17:43 - [TEST_STEP][PASSED] - Statement - PreSaveFile = new java.io.File(((pathPrefix + java.lang.Integer.toString(counter)) + .png)): null

2018-11-08 15:17:43 - [TEST_STEP][PASSED] - Statement - counter = counter + 1: null

2018-11-08 15:17:43 - [TEST_STEP][PASSED] - Statement - PreSaveFile = new java.io.File(((pathPrefix + java.lang.Integer.toString(counter)) + .png)): null

2018-11-08 15:17:43 - [TEST_STEP][PASSED] - Statement - counter = counter + 1: null

2018-11-08 15:17:43 - [TEST_STEP][PASSED] - Statement - PreSaveFile = new java.io.File(((pathPrefix + java.lang.Integer.toString(counter)) + .png)): null

2018-11-08 15:17:43 - [TEST_STEP][PASSED] - Statement - counter = counter + 1: null

2018-11-08 15:17:43 - [TEST_STEP][PASSED] - Statement - PreSaveFile = new java.io.File(((pathPrefix + java.lang.Integer.toString(counter)) + .png)): null

2018-11-08 15:17:43 - [TEST_STEP][PASSED] - Statement - counter = counter + 1: null

2018-11-08 15:17:43 - [TEST_STEP][PASSED] - Statement - PreSaveFile = new java.io.File(((pathPrefix + java.lang.Integer.toString(counter)) + .png)): null

2018-11-08 15:17:43 - [TEST_STEP][PASSED] - Statement - counter = counter + 1: null

2018-11-08 15:17:43 - [TEST_STEP][PASSED] - Statement - PreSaveFile = new java.io.File(((pathPrefix + java.lang.Integer.toString(counter)) + .png)): null

2018-11-08 15:17:43 - [TEST_STEP][PASSED] - Statement - counter = counter + 1: null

2018-11-08 15:17:43 - [TEST_STEP][PASSED] - Statement - PreSaveFile = new java.io.File(((pathPrefix + java.lang.Integer.toString(counter)) + .png)): null

2018-11-08 15:17:44 - [TEST_STEP][PASSED] - Statement - counter = counter + 1: null

2018-11-08 15:17:44 - [TEST_STEP][PASSED] - Statement - PreSaveFile = new java.io.File(((pathPrefix + java.lang.Integer.toString(counter)) + .png)): null

2018-11-08 15:17:44 - [TEST_STEP][PASSED] - Statement - counter = counter + 1: null

2018-11-08 15:17:44 - [TEST_STEP][PASSED] - Statement - PreSaveFile = new java.io.File(((pathPrefix + java.lang.Integer.toString(counter)) + .png)): null

2018-11-08 15:17:44 - [TEST_STEP][PASSED] - Statement - counter = counter + 1: null

2018-11-08 15:17:44 - [TEST_STEP][PASSED] - Statement - PreSaveFile = new java.io.File(((pathPrefix + java.lang.Integer.toString(counter)) + .png)): null

2018-11-08 15:17:44 - [TEST_STEP][PASSED] - Statement - counter = counter + 1: null

2018-11-08 15:17:44 - [TEST_STEP][PASSED] - Statement - PreSaveFile = new java.io.File(((pathPrefix + java.lang.Integer.toString(counter)) + .png)): null

2018-11-08 15:17:44 - [TEST_STEP][PASSED] - Statement - counter = counter + 1: null

2018-11-08 15:17:44 - [TEST_STEP][PASSED] - Statement - PreSaveFile = new java.io.File(((pathPrefix + java.lang.Integer.toString(counter)) + .png)): null

2018-11-08 15:17:45 - [TEST_STEP][PASSED] - Statement - counter = counter + 1: null

2018-11-08 15:17:45 - [TEST_STEP][PASSED] - Statement - PreSaveFile = new java.io.File(((pathPrefix + java.lang.Integer.toString(counter)) + .png)): null

2018-11-08 15:17:45 - [TEST_STEP][PASSED] - Statement - counter = counter + 1: null

2018-11-08 15:17:45 - [TEST_STEP][PASSED] - Statement - PreSaveFile = new java.io.File(((pathPrefix + java.lang.Integer.toString(counter)) + .png)): null

2018-11-08 15:17:45 - [TEST_STEP][PASSED] - Statement - counter = counter + 1: null

2018-11-08 15:17:45 - [TEST_STEP][PASSED] - Statement - PreSaveFile = new java.io.File(((pathPrefix + java.lang.Integer.toString(counter)) + .png)): null

2018-11-08 15:17:45 - [TEST_STEP][PASSED] - Statement - counter = counter + 1: null

2018-11-08 15:17:45 - [TEST_STEP][PASSED] - Statement - PreSaveFile = new java.io.File(((pathPrefix + java.lang.Integer.toString(counter)) + .png)): null

2018-11-08 15:17:45 - [TEST_STEP][PASSED] - Statement - counter = counter + 1: null

2018-11-08 15:17:45 - [TEST_STEP][PASSED] - Statement - PreSaveFile = new java.io.File(((pathPrefix + java.lang.Integer.toString(counter)) + .png)): null

2018-11-08 15:17:45 - [TEST_STEP][PASSED] - Statement - counter = counter + 1: null

2018-11-08 15:17:45 - [TEST_STEP][PASSED] - Statement - PreSaveFile = new java.io.File(((pathPrefix + java.lang.Integer.toString(counter)) + .png)): null

2018-11-08 15:17:45 - [TEST_STEP][PASSED] - Statement - counter = counter + 1: null

2018-11-08 15:17:45 - [TEST_STEP][PASSED] - Statement - PreSaveFile = new java.io.File(((pathPrefix + java.lang.Integer.toString(counter)) + .png)): null

2018-11-08 15:17:45 - [TEST_STEP][PASSED] - Statement - counter = counter + 1: null

2018-11-08 15:17:45 - [TEST_STEP][PASSED] - Statement - PreSaveFile = new java.io.File(((pathPrefix + java.lang.Integer.toString(counter)) + .png)): null

2018-11-08 15:17:45 - [TEST_STEP][PASSED] - Statement - counter = counter + 1: null

2018-11-08 15:17:45 - [TEST_STEP][PASSED] - Statement - PreSaveFile = new java.io.File(((pathPrefix + java.lang.Integer.toString(counter)) + .png)): null

2018-11-08 15:17:45 - [TEST_STEP][PASSED] - Statement - counter = counter + 1: null

2018-11-08 15:17:45 - [TEST_STEP][PASSED] - Statement - PreSaveFile = new java.io.File(((pathPrefix + java.lang.Integer.toString(counter)) + .png)): null

2018-11-08 15:17:45 - [TEST_STEP][PASSED] - Statement - counter = counter + 1: null

2018-11-08 15:17:45 - [TEST_STEP][PASSED] - Statement - PreSaveFile = new java.io.File(((pathPrefix + java.lang.Integer.toString(counter)) + .png)): null

2018-11-08 15:17:45 - [TEST_STEP][PASSED] - Statement - counter = counter + 1: null

2018-11-08 15:17:46 - [TEST_STEP][PASSED] - Statement - PreSaveFile = new java.io.File(((pathPrefix + java.lang.Integer.toString(counter)) + .png)): null

2018-11-08 15:17:46 - [TEST_STEP][PASSED] - Statement - counter = counter + 1: null

2018-11-08 15:17:46 - [TEST_STEP][PASSED] - Statement - PreSaveFile = new java.io.File(((pathPrefix + java.lang.Integer.toString(counter)) + .png)): null

2018-11-08 15:17:46 - [TEST_STEP][PASSED] - Statement - counter = counter + 1: null

2018-11-08 15:17:46 - [TEST_STEP][PASSED] - Statement - PreSaveFile = new java.io.File(((pathPrefix + java.lang.Integer.toString(counter)) + .png)): null

2018-11-08 15:17:46 - [TEST_STEP][PASSED] - Statement - counter = counter + 1: null

2018-11-08 15:17:46 - [TEST_STEP][PASSED] - Statement - PreSaveFile = new java.io.File(((pathPrefix + java.lang.Integer.toString(counter)) + .png)): null

2018-11-08 15:17:46 - [TEST_STEP][PASSED] - Statement - counter = counter + 1: null

2018-11-08 15:17:46 - [TEST_STEP][PASSED] - Statement - PreSaveFile = new java.io.File(((pathPrefix + java.lang.Integer.toString(counter)) + .png)): null

2018-11-08 15:17:47 - [TEST_STEP][PASSED] - Statement - counter = counter + 1: null

2018-11-08 15:17:47 - [TEST_STEP][PASSED] - Statement - PreSaveFile = new java.io.File(((pathPrefix + java.lang.Integer.toString(counter)) + .png)): null

2018-11-08 15:17:47 - [TEST_STEP][PASSED] - Statement - counter = counter + 1: null

2018-11-08 15:17:47 - [TEST_STEP][PASSED] - Statement - PreSaveFile = new java.io.File(((pathPrefix + java.lang.Integer.toString(counter)) + .png)): null

2018-11-08 15:17:47 - [TEST_STEP][PASSED] - Statement - counter = counter + 1: null

2018-11-08 15:17:47 - [TEST_STEP][PASSED] - Statement - PreSaveFile = new java.io.File(((pathPrefix + java.lang.Integer.toString(counter)) + .png)): null

2018-11-08 15:17:47 - [TEST_STEP][PASSED] - Statement - counter = counter + 1: null

2018-11-08 15:17:47 - [TEST_STEP][PASSED] - Statement - PreSaveFile = new java.io.File(((pathPrefix + java.lang.Integer.toString(counter)) + .png)): null

2018-11-08 15:17:47 - [TEST_STEP][PASSED] - Statement - counter = counter + 1: null

2018-11-08 15:17:47 - [TEST_STEP][PASSED] - Statement - PreSaveFile = new java.io.File(((pathPrefix + java.lang.Integer.toString(counter)) + .png)): null

2018-11-08 15:17:48 - [TEST_STEP][PASSED] - Statement - counter = counter + 1: null

2018-11-08 15:17:48 - [TEST_STEP][PASSED] - Statement - PreSaveFile = new java.io.File(((pathPrefix + java.lang.Integer.toString(counter)) + .png)): null

2018-11-08 15:17:48 - [TEST_STEP][PASSED] - Statement - counter = counter + 1: null

2018-11-08 15:17:48 - [TEST_STEP][PASSED] - Statement - PreSaveFile = new java.io.File(((pathPrefix + java.lang.Integer.toString(counter)) + .png)): null

2018-11-08 15:17:48 - [TEST_STEP][PASSED] - Statement - counter = counter + 1: null

2018-11-08 15:17:48 - [TEST_STEP][PASSED] - Statement - PreSaveFile = new java.io.File(((pathPrefix + java.lang.Integer.toString(counter)) + .png)): null

2018-11-08 15:17:48 - [TEST_STEP][PASSED] - Statement - finalPath = pathPrefix + java.lang.Integer.toString(counter) + ".png": null

2018-11-08 15:17:48 - [TEST_STEP][PASSED] - Statement - SaveFile = new java.io.File(finalPath): null

2018-11-08 15:17:48 - [TEST_STEP][PASSED] - Statement - Try: null

2018-11-08 15:17:48 - [TEST_STEP][PASSED] - Statement - org.apache.commons.io.FileUtils.copyFile(scrFile, SaveFile): null

2018-11-08 15:17:48 - [TEST_STEP][PASSED] - Statement - out.println("file kept"): null

2018-11-08 15:17:48 - [TEST_STEP][PASSED] - delay: Delayed 10 second(s)

2018-11-08 15:17:58 - [MESSAGE][PASSED] - Delayed 10 second(s)

2018-11-08 15:17:58 - [MESSAGE][PASSED] - Call Test Case 'Test Cases/Final Aug 2018 - PKS Automation/Registration Module/New Registration/Submit and Screenshot/Submit Registration and Screenshot' successfully

2018-11-08 15:17:58 - [TEST_STEP][PASSED] - callTestCase: Call Test Case 'Test Cases/Final Aug 2018 - PKS Automation/Registration Module/Log Out/log out avoiding katalon tagging' successfully

2018-11-08 15:17:58 - [TEST_CASE][PASSED] - Test Cases/Final Aug 2018 - PKS Automation/Registration Module/Log Out/log out avoiding katalon tagging: Test Cases/Final Aug 2018 - PKS Automation/Registration Module/Log Out/log out avoiding katalon tagging

2018-11-08 15:17:58 - [TEST_STEP][PASSED] - navigateToUrl: Navigate to 'https://assist2-uat.perkeso.gov.my/c/portal/logout' successfully

2018-11-08 15:18:00 - [MESSAGE][PASSED] - Navigate to 'https://assist2-uat.perkeso.gov.my/c/portal/logout' successfully

2018-11-08 15:18:00 - [MESSAGE][PASSED] - Call Test Case 'Test Cases/Final Aug 2018 - PKS Automation/Registration Module/Log Out/log out avoiding katalon tagging' successfully

2018-11-08 15:18:00 - [TEST_STEP][FAILED] - callTestCase: Unable to call Test Case with id 'Test Cases/Final Aug 2018 - PKS Automation/Common/Workflow Owner Finder' (Root cause: Call Test Case 'Test Cases/Final Aug 2018 - PKS Automation/Common/Workflow Owner Finder' failed)

2018-11-08 15:18:00 - [TEST_CASE][FAILED] - Test Cases/Final Aug 2018 - PKS Automation/Common/Workflow Owner Finder: Test Cases/Final Aug 2018 - PKS Automation/Common/Workflow Owner Finder FAILED because (of) (Stack trace: com.kms.katalon.core.exception.StepFailedException: Unable to click on object 'Object Repository/Final Object Repo/WorkFlow Listing Page/Click Continue Tooltip' (Root cause: com.kms.katalon.core.webui.exception.WebElementNotFoundException: Web element with id: 'Object Repository/Final Object Repo/WorkFlow Listing Page/Click Continue Tooltip' located by 'By.xpath: //i[@aria-hidden = 'true' and @data-toggle = 'tooltip' and @data-original-title = 'Continue']' not found)
	at com.kms.katalon.core.keyword.internal.KeywordMain.stepFailed(KeywordMain.groovy:32)
	at com.kms.katalon.core.webui.keyword.internal.WebUIKeywordMain.stepFailed(WebUIKeywordMain.groovy:65)
	at com.kms.katalon.core.webui.keyword.internal.WebUIKeywordMain.runKeyword(WebUIKeywordMain.groovy:27)
	at com.kms.katalon.core.webui.keyword.builtin.ClickKeyword.click(ClickKeyword.groovy:86)
	at com.kms.katalon.core.webui.keyword.builtin.ClickKeyword.execute(ClickKeyword.groovy:67)
	at com.kms.katalon.core.keyword.internal.KeywordExecutor.executeKeywordForPlatform(KeywordExecutor.groovy:53)
	at com.kms.katalon.core.webui.keyword.WebUiBuiltInKeywords.click(WebUiBuiltInKeywords.groovy:616)
	at com.kms.katalon.core.webui.keyword.WebUiBuiltInKeywords$click$2.call(Unknown Source)
	at Script1534407542420.run(Script1534407542420.groovy:91)
	at com.kms.katalon.core.main.ScriptEngine.run(ScriptEngine.java:183)
	at com.kms.katalon.core.main.ScriptEngine.runScriptAsRawText(ScriptEngine.java:108)
	at com.kms.katalon.core.main.TestCaseExecutor.runScript(TestCaseExecutor.java:294)
	at com.kms.katalon.core.main.TestCaseExecutor.doExecute(TestCaseExecutor.java:285)
	at com.kms.katalon.core.main.TestCaseExecutor.processExecutionPhase(TestCaseExecutor.java:264)
	at com.kms.katalon.core.main.TestCaseExecutor.accessMainPhase(TestCaseExecutor.java:256)
	at com.kms.katalon.core.main.TestCaseExecutor.execute(TestCaseExecutor.java:200)
	at com.kms.katalon.core.main.TestCaseMain.runTestCase(TestCaseMain.java:99)
	at com.kms.katalon.core.keyword.builtin.CallTestCaseKeyword$_callTestCase_closure1.doCall(CallTestCaseKeyword.groovy:60)
	at com.kms.katalon.core.keyword.builtin.CallTestCaseKeyword$_callTestCase_closure1.call(CallTestCaseKeyword.groovy)
	at com.kms.katalon.core.keyword.internal.KeywordMain.runKeyword(KeywordMain.groovy:54)
	at com.kms.katalon.core.keyword.builtin.CallTestCaseKeyword.callTestCase(CallTestCaseKeyword.groovy:81)
	at com.kms.katalon.core.keyword.builtin.CallTestCaseKeyword.execute(CallTestCaseKeyword.groovy:45)
	at com.kms.katalon.core.keyword.internal.KeywordExecutor.executeKeywordForPlatform(KeywordExecutor.groovy:53)
	at com.kms.katalon.core.keyword.BuiltinKeywords.callTestCase(BuiltinKeywords.groovy:334)
	at sun.reflect.GeneratedMethodAccessor13.invoke(Unknown Source)
	at sun.reflect.DelegatingMethodAccessorImpl.invoke(DelegatingMethodAccessorImpl.java:43)
	at java.lang.reflect.Method.invoke(Method.java:498)
	at org.codehaus.groovy.reflection.CachedMethod.invoke(CachedMethod.java:93)
	at groovy.lang.MetaMethod.doMethodInvoke(MetaMethod.java:325)
	at groovy.lang.MetaClassImpl.invokeStaticMethod(MetaClassImpl.java:1469)
	at org.codehaus.groovy.runtime.callsite.StaticMetaClassSite.call(StaticMetaClassSite.java:53)
	at org.codehaus.groovy.runtime.callsite.CallSiteArray.defaultCall(CallSiteArray.java:48)
	at org.codehaus.groovy.runtime.callsite.AbstractCallSite.call(AbstractCallSite.java:113)
	at org.codehaus.groovy.runtime.callsite.AbstractCallSite.call(AbstractCallSite.java:141)
	at Script1535599379320.run(Script1535599379320.groovy:37)
	at com.kms.katalon.core.main.ScriptEngine.run(ScriptEngine.java:183)
	at com.kms.katalon.core.main.ScriptEngine.runScriptAsRawText(ScriptEngine.java:108)
	at com.kms.katalon.core.main.TestCaseExecutor.runScript(TestCaseExecutor.java:294)
	at com.kms.katalon.core.main.TestCaseExecutor.doExecute(TestCaseExecutor.java:285)
	at com.kms.katalon.core.main.TestCaseExecutor.processExecutionPhase(TestCaseExecutor.java:264)
	at com.kms.katalon.core.main.TestCaseExecutor.accessMainPhase(TestCaseExecutor.java:256)
	at com.kms.katalon.core.main.TestCaseExecutor.execute(TestCaseExecutor.java:200)
	at com.kms.katalon.core.main.TestSuiteExecutor.accessTestCaseMainPhase(TestSuiteExecutor.java:129)
	at com.kms.katalon.core.main.TestSuiteExecutor.accessTestSuiteMainPhase(TestSuiteExecutor.java:112)
	at com.kms.katalon.core.main.TestSuiteExecutor.execute(TestSuiteExecutor.java:81)
	at com.kms.katalon.core.main.TestCaseMain.startTestSuite(TestCaseMain.java:142)
	at com.kms.katalon.core.main.TestCaseMain$startTestSuite$0.call(Unknown Source)
	at org.codehaus.groovy.runtime.callsite.CallSiteArray.defaultCall(CallSiteArray.java:48)
	at org.codehaus.groovy.runtime.callsite.AbstractCallSite.call(AbstractCallSite.java:113)
	at org.codehaus.groovy.runtime.callsite.AbstractCallSite.call(AbstractCallSite.java:141)
	at TempTestSuite1541659865479.run(TempTestSuite1541659865479.groovy:36)
	at groovy.lang.GroovyShell.runScriptOrMainOrTestOrRunnable(GroovyShell.java:263)
	at groovy.lang.GroovyShell.run(GroovyShell.java:518)
	at groovy.lang.GroovyShell.run(GroovyShell.java:507)
	at groovy.ui.GroovyMain.processOnce(GroovyMain.java:653)
	at groovy.ui.GroovyMain.run(GroovyMain.java:384)
	at groovy.ui.GroovyMain.process(GroovyMain.java:370)
	at groovy.ui.GroovyMain.processArgs(GroovyMain.java:129)
	at groovy.ui.GroovyMain.main(GroovyMain.java:109)
	at sun.reflect.NativeMethodAccessorImpl.invoke0(Native Method)
	at sun.reflect.NativeMethodAccessorImpl.invoke(NativeMethodAccessorImpl.java:62)
	at sun.reflect.DelegatingMethodAccessorImpl.invoke(DelegatingMethodAccessorImpl.java:43)
	at java.lang.reflect.Method.invoke(Method.java:498)
	at org.codehaus.groovy.tools.GroovyStarter.rootLoader(GroovyStarter.java:109)
	at org.codehaus.groovy.tools.GroovyStarter.main(GroovyStarter.java:131)
)

2018-11-08 15:18:00 - [TEST_STEP][PASSED] - openBrowser: Browser is opened with url: ''

2018-11-08 15:18:00 - [MESSAGE][WARNING] - A browser is already opened. Closing browser and opening a new one

2018-11-08 15:18:06 - [MESSAGE][PASSED] - Browser is opened with url: ''

2018-11-08 15:18:06 - [TEST_STEP][PASSED] - navigateToUrl: Navigate to 'https://assist2-uat.perkeso.gov.my/login' successfully

2018-11-08 15:18:08 - [MESSAGE][PASSED] - Navigate to 'https://assist2-uat.perkeso.gov.my/login' successfully

2018-11-08 15:18:08 - [TEST_STEP][PASSED] - delay: Delayed 5 second(s)

2018-11-08 15:18:13 - [MESSAGE][PASSED] - Delayed 5 second(s)

2018-11-08 15:18:13 - [TEST_STEP][PASSED] - setText: Text 'test@liferay.com' is set on object 'Object Repository/Final Object Repo/Login Page/Internal User/Email Address'

2018-11-08 15:18:13 - [MESSAGE][PASSED] - Text 'test@liferay.com' is set on object 'Object Repository/Final Object Repo/Login Page/Internal User/Email Address'

2018-11-08 15:18:13 - [TEST_STEP][PASSED] - click: Object: 'Object Repository/Final Object Repo/Login Page/Internal User/Next Button' is clicked on

2018-11-08 15:18:14 - [MESSAGE][PASSED] - Object: 'Object Repository/Final Object Repo/Login Page/Internal User/Next Button' is clicked on

2018-11-08 15:18:14 - [TEST_STEP][PASSED] - delay: Delayed 2 second(s)

2018-11-08 15:18:16 - [MESSAGE][PASSED] - Delayed 2 second(s)

2018-11-08 15:18:16 - [TEST_STEP][PASSED] - setText: Text 'test' is set on object 'Object Repository/Final Object Repo/Login Page/Internal User/Password'

2018-11-08 15:18:16 - [MESSAGE][PASSED] - Text 'test' is set on object 'Object Repository/Final Object Repo/Login Page/Internal User/Password'

2018-11-08 15:18:16 - [TEST_STEP][PASSED] - delay: Delayed 2 second(s)

2018-11-08 15:18:18 - [MESSAGE][PASSED] - Delayed 2 second(s)

2018-11-08 15:18:18 - [TEST_STEP][PASSED] - click: Object: 'Object Repository/Final Object Repo/Login Page/Internal User/Login Button' is clicked on

2018-11-08 15:18:22 - [MESSAGE][PASSED] - Object: 'Object Repository/Final Object Repo/Login Page/Internal User/Login Button' is clicked on

2018-11-08 15:18:22 - [TEST_STEP][PASSED] - Statement - Try: Delayed 2 second(s)

2018-11-08 15:18:22 - [TEST_STEP][PASSED] - Statement - Checker = false: null

2018-11-08 15:18:22 - [TEST_STEP][PASSED] - Statement - Checker = com.kms.katalon.core.webui.keyword.WebUiBuiltInKeywords.verifyElementHasAttribute(com.kms.katalon.core.testobject.ObjectRepository.findTestObject(Final Object Repo/Landing Page/BM Detecting), "href", 20, OPTIONAL): Object 'Object Repository/Final Object Repo/Landing Page/BM Detecting' has attribute 'href'

2018-11-08 15:18:22 - [MESSAGE][PASSED] - Object 'Object Repository/Final Object Repo/Landing Page/BM Detecting' has attribute 'href'

2018-11-08 15:18:22 - [TEST_STEP][PASSED] - Statement - out.println(Checker): null

2018-11-08 15:18:22 - [TEST_STEP][PASSED] - Statement - If (Checker == false): null

2018-11-08 15:18:22 - [TEST_STEP][PASSED] - Statement - Else: null

2018-11-08 15:18:22 - [TEST_STEP][PASSED] - delay: Delayed 2 second(s)

2018-11-08 15:18:24 - [MESSAGE][PASSED] - Delayed 2 second(s)

2018-11-08 15:18:24 - [TEST_STEP][PASSED] - delay: Delayed 3 second(s)

2018-11-08 15:18:27 - [MESSAGE][PASSED] - Delayed 3 second(s)

2018-11-08 15:18:27 - [TEST_STEP][PASSED] - mouseOver: Object: 'Object Repository/Final Object Repo/Landing Page/WorkFlow Menu' is hovered

2018-11-08 15:18:28 - [MESSAGE][PASSED] - Object: 'Object Repository/Final Object Repo/Landing Page/WorkFlow Menu' is hovered

2018-11-08 15:18:28 - [TEST_STEP][PASSED] - delay: Delayed 2 second(s)

2018-11-08 15:18:30 - [MESSAGE][PASSED] - Delayed 2 second(s)

2018-11-08 15:18:30 - [TEST_STEP][PASSED] - click: Object: 'Object Repository/Final Object Repo/Landing Page/Select to Workflow Listing' is clicked on

2018-11-08 15:18:31 - [MESSAGE][PASSED] - Object: 'Object Repository/Final Object Repo/Landing Page/Select to Workflow Listing' is clicked on

2018-11-08 15:18:31 - [TEST_STEP][PASSED] - delay: Delayed 2 second(s)

2018-11-08 15:18:33 - [MESSAGE][PASSED] - Delayed 2 second(s)

2018-11-08 15:18:33 - [TEST_STEP][PASSED] - click: Object: 'Object Repository/Final Object Repo/WorkFlow Listing Page/Search Information - To Put Ref No' is clicked on

2018-11-08 15:18:34 - [MESSAGE][PASSED] - Object: 'Object Repository/Final Object Repo/WorkFlow Listing Page/Search Information - To Put Ref No' is clicked on

2018-11-08 15:18:34 - [TEST_STEP][PASSED] - delay: Delayed 2 second(s)

2018-11-08 15:18:36 - [MESSAGE][PASSED] - Delayed 2 second(s)

2018-11-08 15:18:36 - [TEST_STEP][PASSED] - callTestCase: Call Test Case 'Test Cases/Final Aug 2018 - PKS Automation/Common/Reference Number Getter' successfully

2018-11-08 15:18:36 - [TEST_CASE][PASSED] - Test Cases/Final Aug 2018 - PKS Automation/Common/Reference Number Getter: Test Cases/Final Aug 2018 - PKS Automation/Common/Reference Number Getter

2018-11-08 15:18:36 - [TEST_STEP][PASSED] - Statement - Try: null

2018-11-08 15:18:36 - [TEST_STEP][PASSED] - Statement - RefNo = new java.io.File(C://KatalonReference.txt): null

2018-11-08 15:18:36 - [TEST_STEP][PASSED] - Statement - bufferread = new java.io.BufferedReader(new java.io.FileReader(RefNo)): null

2018-11-08 15:18:36 - [TEST_STEP][PASSED] - Statement - readedVal = bufferread.readLine(): null

2018-11-08 15:18:36 - [TEST_STEP][PASSED] - Statement - out.println(CaseReferenceNo): null

2018-11-08 15:18:36 - [TEST_STEP][PASSED] - Statement - out.println(readedVal): null

2018-11-08 15:18:36 - [TEST_STEP][PASSED] - Statement - CaseReferenceNo = readedVal: null

2018-11-08 15:18:36 - [MESSAGE][PASSED] - Call Test Case 'Test Cases/Final Aug 2018 - PKS Automation/Common/Reference Number Getter' successfully

2018-11-08 15:18:36 - [TEST_STEP][PASSED] - setText: Text 'CRN11201800122420CRN11201800122421' is set on object 'Object Repository/Final Object Repo/WorkFlow Listing Page/Ref No Set Text'

2018-11-08 15:18:36 - [MESSAGE][PASSED] - Text 'CRN11201800122420CRN11201800122421' is set on object 'Object Repository/Final Object Repo/WorkFlow Listing Page/Ref No Set Text'

2018-11-08 15:18:36 - [TEST_STEP][PASSED] - delay: Delayed 2 second(s)

2018-11-08 15:18:38 - [MESSAGE][PASSED] - Delayed 2 second(s)

2018-11-08 15:18:38 - [TEST_STEP][PASSED] - click: Object: 'Object Repository/Final Object Repo/WorkFlow Listing Page/Search Ref No Search Button' is clicked on

2018-11-08 15:18:40 - [MESSAGE][PASSED] - Object: 'Object Repository/Final Object Repo/WorkFlow Listing Page/Search Ref No Search Button' is clicked on

2018-11-08 15:18:40 - [TEST_STEP][PASSED] - delay: Delayed 4 second(s)

2018-11-08 15:18:44 - [MESSAGE][PASSED] - Delayed 4 second(s)

2018-11-08 15:18:44 - [TEST_STEP][FAILED] - click: Unable to click on object 'Object Repository/Final Object Repo/WorkFlow Listing Page/Click Continue Tooltip' (Root cause: com.kms.katalon.core.webui.exception.WebElementNotFoundException: Web element with id: 'Object Repository/Final Object Repo/WorkFlow Listing Page/Click Continue Tooltip' located by 'By.xpath: //i[@aria-hidden = 'true' and @data-toggle = 'tooltip' and @data-original-title = 'Continue']' not found)

2018-11-08 15:19:21 - [MESSAGE][FAILED] - Unable to click on object 'Object Repository/Final Object Repo/WorkFlow Listing Page/Click Continue Tooltip' (Root cause: com.kms.katalon.core.webui.exception.WebElementNotFoundException: Web element with id: 'Object Repository/Final Object Repo/WorkFlow Listing Page/Click Continue Tooltip' located by 'By.xpath: //i[@aria-hidden = 'true' and @data-toggle = 'tooltip' and @data-original-title = 'Continue']' not found)
[[ATTACHMENT|C:\\Users\\LENOVO\\Katalon Studio\\Perkeso Phase A\\Reports\\Workflow\\New Registration\\20181108_145105\\1541661561811.png]]

2018-11-08 15:19:21 - [TEST_STEP][PASSED] - delay: Delayed 5 second(s)

2018-11-08 15:19:26 - [MESSAGE][PASSED] - Delayed 5 second(s)

2018-11-08 15:19:26 - [TEST_STEP][PASSED] - doubleClick: Object: 'Object Repository/Final Object Repo/WorkFlow Listing Page/Workflow Found - Listing 1' is double clicked on

2018-11-08 15:19:43 - [MESSAGE][PASSED] - Object: 'Object Repository/Final Object Repo/WorkFlow Listing Page/Workflow Found - Listing 1' is double clicked on

2018-11-08 15:19:43 - [TEST_STEP][PASSED] - Statement - println(OwnerID): null

2018-11-08 15:19:43 - [TEST_STEP][PASSED] - Statement - OwnerID = com.kms.katalon.core.webui.keyword.WebUiBuiltInKeywords.getText(com.kms.katalon.core.testobject.ObjectRepository.findTestObject(Final Object Repo/WorkFlow Listing Page/Workflow Found - Listing 1), STOP_ON_FAILURE): Text of object 'Object Repository/Final Object Repo/WorkFlow Listing Page/Workflow Found - Listing 1' is: 'JOHORro1'

2018-11-08 15:19:43 - [MESSAGE][PASSED] - Text of object 'Object Repository/Final Object Repo/WorkFlow Listing Page/Workflow Found - Listing 1' is: 'JOHORro1'

2018-11-08 15:19:43 - [TEST_STEP][PASSED] - Statement - OwnerID = OwnerID.toLowerCase() + "@gmail.com": null

2018-11-08 15:19:43 - [TEST_STEP][PASSED] - Statement - println(OwnerID): null

2018-11-08 15:19:43 - [TEST_STEP][PASSED] - delay: Delayed 2 second(s)

2018-11-08 15:19:45 - [MESSAGE][PASSED] - Delayed 2 second(s)

2018-11-08 15:19:45 - [MESSAGE][FAILED] - Unable to call Test Case with id 'Test Cases/Final Aug 2018 - PKS Automation/Common/Workflow Owner Finder' (Root cause: Call Test Case 'Test Cases/Final Aug 2018 - PKS Automation/Common/Workflow Owner Finder' failed)]]></system-out>
         <system-err><![CDATA[2018-11-08 15:12:18 - [TEST_CASE][FAILED] - Test Cases/Final Aug 2018 - PKS Automation/Registration Module/Workflow/New Registration/Case OTC to RO - RO Submit: Test Cases/Final Aug 2018 - PKS Automation/Registration Module/Workflow/New Registration/Case OTC to RO - RO Submit FAILED because (of) (Stack trace: com.kms.katalon.core.exception.StepFailedException: Unable to click on object 'Object Repository/Final Object Repo/WorkFlow Listing Page/Click Continue Tooltip' (Root cause: com.kms.katalon.core.webui.exception.WebElementNotFoundException: Web element with id: 'Object Repository/Final Object Repo/WorkFlow Listing Page/Click Continue Tooltip' located by 'By.xpath: //i[@aria-hidden = 'true' and @data-toggle = 'tooltip' and @data-original-title = 'Continue']' not found)
	at com.kms.katalon.core.keyword.internal.KeywordMain.stepFailed(KeywordMain.groovy:32)
	at com.kms.katalon.core.webui.keyword.internal.WebUIKeywordMain.stepFailed(WebUIKeywordMain.groovy:65)
	at com.kms.katalon.core.webui.keyword.internal.WebUIKeywordMain.runKeyword(WebUIKeywordMain.groovy:27)
	at com.kms.katalon.core.webui.keyword.builtin.ClickKeyword.click(ClickKeyword.groovy:86)
	at com.kms.katalon.core.webui.keyword.builtin.ClickKeyword.execute(ClickKeyword.groovy:67)
	at com.kms.katalon.core.keyword.internal.KeywordExecutor.executeKeywordForPlatform(KeywordExecutor.groovy:53)
	at com.kms.katalon.core.webui.keyword.WebUiBuiltInKeywords.click(WebUiBuiltInKeywords.groovy:616)
	at com.kms.katalon.core.webui.keyword.WebUiBuiltInKeywords$click$2.call(Unknown Source)
	at Script1534407542420.run(Script1534407542420.groovy:91)
	at com.kms.katalon.core.main.ScriptEngine.run(ScriptEngine.java:183)
	at com.kms.katalon.core.main.ScriptEngine.runScriptAsRawText(ScriptEngine.java:108)
	at com.kms.katalon.core.main.TestCaseExecutor.runScript(TestCaseExecutor.java:294)
	at com.kms.katalon.core.main.TestCaseExecutor.doExecute(TestCaseExecutor.java:285)
	at com.kms.katalon.core.main.TestCaseExecutor.processExecutionPhase(TestCaseExecutor.java:264)
	at com.kms.katalon.core.main.TestCaseExecutor.accessMainPhase(TestCaseExecutor.java:256)
	at com.kms.katalon.core.main.TestCaseExecutor.execute(TestCaseExecutor.java:200)
	at com.kms.katalon.core.main.TestCaseMain.runTestCase(TestCaseMain.java:99)
	at com.kms.katalon.core.keyword.builtin.CallTestCaseKeyword$_callTestCase_closure1.doCall(CallTestCaseKeyword.groovy:60)
	at com.kms.katalon.core.keyword.builtin.CallTestCaseKeyword$_callTestCase_closure1.call(CallTestCaseKeyword.groovy)
	at com.kms.katalon.core.keyword.internal.KeywordMain.runKeyword(KeywordMain.groovy:54)
	at com.kms.katalon.core.keyword.builtin.CallTestCaseKeyword.callTestCase(CallTestCaseKeyword.groovy:81)
	at com.kms.katalon.core.keyword.builtin.CallTestCaseKeyword.execute(CallTestCaseKeyword.groovy:45)
	at com.kms.katalon.core.keyword.internal.KeywordExecutor.executeKeywordForPlatform(KeywordExecutor.groovy:53)
	at com.kms.katalon.core.keyword.BuiltinKeywords.callTestCase(BuiltinKeywords.groovy:334)
	at sun.reflect.GeneratedMethodAccessor13.invoke(Unknown Source)
	at sun.reflect.DelegatingMethodAccessorImpl.invoke(DelegatingMethodAccessorImpl.java:43)
	at java.lang.reflect.Method.invoke(Method.java:498)
	at org.codehaus.groovy.reflection.CachedMethod.invoke(CachedMethod.java:93)
	at groovy.lang.MetaMethod.doMethodInvoke(MetaMethod.java:325)
	at groovy.lang.MetaClassImpl.invokeStaticMethod(MetaClassImpl.java:1469)
	at org.codehaus.groovy.runtime.callsite.StaticMetaClassSite.call(StaticMetaClassSite.java:53)
	at org.codehaus.groovy.runtime.callsite.CallSiteArray.defaultCall(CallSiteArray.java:48)
	at org.codehaus.groovy.runtime.callsite.AbstractCallSite.call(AbstractCallSite.java:113)
	at org.codehaus.groovy.runtime.callsite.AbstractCallSite.call(AbstractCallSite.java:141)
	at Script1535599379320.run(Script1535599379320.groovy:37)
	at com.kms.katalon.core.main.ScriptEngine.run(ScriptEngine.java:183)
	at com.kms.katalon.core.main.ScriptEngine.runScriptAsRawText(ScriptEngine.java:108)
	at com.kms.katalon.core.main.TestCaseExecutor.runScript(TestCaseExecutor.java:294)
	at com.kms.katalon.core.main.TestCaseExecutor.doExecute(TestCaseExecutor.java:285)
	at com.kms.katalon.core.main.TestCaseExecutor.processExecutionPhase(TestCaseExecutor.java:264)
	at com.kms.katalon.core.main.TestCaseExecutor.accessMainPhase(TestCaseExecutor.java:256)
	at com.kms.katalon.core.main.TestCaseExecutor.execute(TestCaseExecutor.java:200)
	at com.kms.katalon.core.main.TestSuiteExecutor.accessTestCaseMainPhase(TestSuiteExecutor.java:129)
	at com.kms.katalon.core.main.TestSuiteExecutor.accessTestSuiteMainPhase(TestSuiteExecutor.java:112)
	at com.kms.katalon.core.main.TestSuiteExecutor.execute(TestSuiteExecutor.java:81)
	at com.kms.katalon.core.main.TestCaseMain.startTestSuite(TestCaseMain.java:142)
	at com.kms.katalon.core.main.TestCaseMain$startTestSuite$0.call(Unknown Source)
	at org.codehaus.groovy.runtime.callsite.CallSiteArray.defaultCall(CallSiteArray.java:48)
	at org.codehaus.groovy.runtime.callsite.AbstractCallSite.call(AbstractCallSite.java:113)
	at org.codehaus.groovy.runtime.callsite.AbstractCallSite.call(AbstractCallSite.java:141)
	at TempTestSuite1541659865479.run(TempTestSuite1541659865479.groovy:36)
	at groovy.lang.GroovyShell.runScriptOrMainOrTestOrRunnable(GroovyShell.java:263)
	at groovy.lang.GroovyShell.run(GroovyShell.java:518)
	at groovy.lang.GroovyShell.run(GroovyShell.java:507)
	at groovy.ui.GroovyMain.processOnce(GroovyMain.java:653)
	at groovy.ui.GroovyMain.run(GroovyMain.java:384)
	at groovy.ui.GroovyMain.process(GroovyMain.java:370)
	at groovy.ui.GroovyMain.processArgs(GroovyMain.java:129)
	at groovy.ui.GroovyMain.main(GroovyMain.java:109)
	at sun.reflect.NativeMethodAccessorImpl.invoke0(Native Method)
	at sun.reflect.NativeMethodAccessorImpl.invoke(NativeMethodAccessorImpl.java:62)
	at sun.reflect.DelegatingMethodAccessorImpl.invoke(DelegatingMethodAccessorImpl.java:43)
	at java.lang.reflect.Method.invoke(Method.java:498)
	at org.codehaus.groovy.tools.GroovyStarter.rootLoader(GroovyStarter.java:109)
	at org.codehaus.groovy.tools.GroovyStarter.main(GroovyStarter.java:131)
)]]></system-err>
      </testcase>
      <testcase name="Test Cases/Final Aug 2018 - PKS Automation/Registration Module/Workflow/New Registration/Case OTC to RO - RO Under Enforcement" classname="Test Cases/Final Aug 2018 - PKS Automation/Registration Module/Workflow/New Registration/Case OTC to RO - RO Under Enforcement" status="PASSED">
         <system-out><![CDATA[2018-11-08 15:19:45 - [TEST_CASE][PASSED] - Test Cases/Final Aug 2018 - PKS Automation/Registration Module/Workflow/New Registration/Case OTC to RO - RO Under Enforcement: Test Cases/Final Aug 2018 - PKS Automation/Registration Module/Workflow/New Registration/Case OTC to RO - RO Under Enforcement

2018-11-08 15:19:46 - [TEST_STEP][PASSED] - callTestCase: Call Test Case 'Test Cases/Final Aug 2018 - PKS Automation/Registration Module/Workflow/New Registration/Template/Special Case - OTC - Form 1' successfully

2018-11-08 15:19:46 - [TEST_CASE][PASSED] - Test Cases/Final Aug 2018 - PKS Automation/Registration Module/Workflow/New Registration/Template/Special Case - OTC - Form 1: Test Cases/Final Aug 2018 - PKS Automation/Registration Module/Workflow/New Registration/Template/Special Case - OTC - Form 1

2018-11-08 15:19:46 - [TEST_STEP][PASSED] - openBrowser: Browser is opened with url: ''

2018-11-08 15:19:46 - [MESSAGE][WARNING] - A browser is already opened. Closing browser and opening a new one

2018-11-08 15:19:51 - [MESSAGE][PASSED] - Browser is opened with url: ''

2018-11-08 15:19:51 - [TEST_STEP][PASSED] - navigateToUrl: Navigate to 'https://assist2-uat.perkeso.gov.my/login' successfully

2018-11-08 15:19:54 - [MESSAGE][PASSED] - Navigate to 'https://assist2-uat.perkeso.gov.my/login' successfully

2018-11-08 15:19:54 - [TEST_STEP][PASSED] - delay: Delayed 2 second(s)

2018-11-08 15:19:56 - [MESSAGE][PASSED] - Delayed 2 second(s)

2018-11-08 15:19:56 - [TEST_STEP][PASSED] - setText: Text 'klotc2@gmail.com' is set on object 'Object Repository/Final Object Repo/Login Page/Internal User/Email Address'

2018-11-08 15:19:57 - [MESSAGE][PASSED] - Text 'klotc2@gmail.com' is set on object 'Object Repository/Final Object Repo/Login Page/Internal User/Email Address'

2018-11-08 15:19:57 - [TEST_STEP][PASSED] - click: Object: 'Object Repository/Final Object Repo/Login Page/Internal User/Next Button' is clicked on

2018-11-08 15:19:57 - [MESSAGE][PASSED] - Object: 'Object Repository/Final Object Repo/Login Page/Internal User/Next Button' is clicked on

2018-11-08 15:19:57 - [TEST_STEP][PASSED] - delay: Delayed 2 second(s)

2018-11-08 15:19:59 - [MESSAGE][PASSED] - Delayed 2 second(s)

2018-11-08 15:19:59 - [TEST_STEP][PASSED] - setText: Text 'Test1@3456789' is set on object 'Object Repository/Final Object Repo/Login Page/Internal User/Password'

2018-11-08 15:19:59 - [MESSAGE][PASSED] - Text 'Test1@3456789' is set on object 'Object Repository/Final Object Repo/Login Page/Internal User/Password'

2018-11-08 15:19:59 - [TEST_STEP][PASSED] - delay: Delayed 2 second(s)

2018-11-08 15:20:01 - [MESSAGE][PASSED] - Delayed 2 second(s)

2018-11-08 15:20:01 - [TEST_STEP][PASSED] - click: Object: 'Object Repository/Final Object Repo/Login Page/Internal User/Login Button' is clicked on

2018-11-08 15:20:05 - [MESSAGE][PASSED] - Object: 'Object Repository/Final Object Repo/Login Page/Internal User/Login Button' is clicked on

2018-11-08 15:20:05 - [TEST_STEP][PASSED] - Statement - Try: Delayed 2 second(s)

2018-11-08 15:20:05 - [TEST_STEP][PASSED] - Statement - Checker = false: null

2018-11-08 15:20:05 - [TEST_STEP][PASSED] - Statement - Checker = com.kms.katalon.core.webui.keyword.WebUiBuiltInKeywords.verifyElementHasAttribute(com.kms.katalon.core.testobject.ObjectRepository.findTestObject(Final Object Repo/Landing Page/BM Detecting), "href", 20, OPTIONAL): Object 'Object Repository/Final Object Repo/Landing Page/BM Detecting' has attribute 'href'

2018-11-08 15:20:05 - [MESSAGE][PASSED] - Object 'Object Repository/Final Object Repo/Landing Page/BM Detecting' has attribute 'href'

2018-11-08 15:20:05 - [TEST_STEP][PASSED] - Statement - out.println(Checker): null

2018-11-08 15:20:05 - [TEST_STEP][PASSED] - Statement - If (Checker == false): null

2018-11-08 15:20:05 - [TEST_STEP][PASSED] - Statement - Else: null

2018-11-08 15:20:05 - [TEST_STEP][PASSED] - delay: Delayed 2 second(s)

2018-11-08 15:20:07 - [MESSAGE][PASSED] - Delayed 2 second(s)

2018-11-08 15:20:07 - [TEST_STEP][PASSED] - delay: Delayed 4 second(s)

2018-11-08 15:20:11 - [MESSAGE][PASSED] - Delayed 4 second(s)

2018-11-08 15:20:11 - [TEST_STEP][PASSED] - click: Object: 'Object Repository/Final Object Repo/Landing Page/My Sites Drop Down' is clicked on

2018-11-08 15:20:12 - [MESSAGE][PASSED] - Object: 'Object Repository/Final Object Repo/Landing Page/My Sites Drop Down' is clicked on

2018-11-08 15:20:12 - [TEST_STEP][PASSED] - click: Object: 'Object Repository/Final Object Repo/Landing Page/Select to Registration Module' is clicked on

2018-11-08 15:20:13 - [MESSAGE][PASSED] - Object: 'Object Repository/Final Object Repo/Landing Page/Select to Registration Module' is clicked on

2018-11-08 15:20:13 - [TEST_STEP][PASSED] - click: Object: 'Object Repository/Final Object Repo/Landing Page/Registration Button' is clicked on

2018-11-08 15:20:17 - [MESSAGE][PASSED] - Object: 'Object Repository/Final Object Repo/Landing Page/Registration Button' is clicked on

2018-11-08 15:20:17 - [TEST_STEP][PASSED] - delay: Delayed 2 second(s)

2018-11-08 15:20:19 - [MESSAGE][PASSED] - Delayed 2 second(s)

2018-11-08 15:20:19 - [TEST_STEP][PASSED] - click: Object: 'Object Repository/Final Object Repo/New Registration - Registration Module Pages/New Reg - OTC to RO/Special Case - OTC - Form 1/AEC NO' is clicked on

2018-11-08 15:20:19 - [MESSAGE][PASSED] - Object: 'Object Repository/Final Object Repo/New Registration - Registration Module Pages/New Reg - OTC to RO/Special Case - OTC - Form 1/AEC NO' is clicked on

2018-11-08 15:20:19 - [TEST_STEP][PASSED] - click: Object: 'Object Repository/Final Object Repo/New Registration - Registration Module Pages/New Reg - OTC to RO/Special Case - OTC - Form 1/Business Entity - Please Select' is clicked on

2018-11-08 15:20:20 - [MESSAGE][PASSED] - Object: 'Object Repository/Final Object Repo/New Registration - Registration Module Pages/New Reg - OTC to RO/Special Case - OTC - Form 1/Business Entity - Please Select' is clicked on

2018-11-08 15:20:20 - [TEST_STEP][PASSED] - click: Object: 'Object Repository/Final Object Repo/New Registration - Registration Module Pages/New Reg - OTC to RO/Special Case - OTC - Form 1/Selected - Corporation' is clicked on

2018-11-08 15:20:20 - [MESSAGE][PASSED] - Object: 'Object Repository/Final Object Repo/New Registration - Registration Module Pages/New Reg - OTC to RO/Special Case - OTC - Form 1/Selected - Corporation' is clicked on

2018-11-08 15:20:20 - [TEST_STEP][PASSED] - delay: Delayed 2 second(s)

2018-11-08 15:20:22 - [MESSAGE][PASSED] - Delayed 2 second(s)

2018-11-08 15:20:22 - [TEST_STEP][PASSED] - click: Object: 'Object Repository/Final Object Repo/New Registration - Registration Module Pages/New Reg - OTC to RO/Special Case - OTC - Form 1/Sub Business Entity - Please Select' is clicked on

2018-11-08 15:20:23 - [MESSAGE][PASSED] - Object: 'Object Repository/Final Object Repo/New Registration - Registration Module Pages/New Reg - OTC to RO/Special Case - OTC - Form 1/Sub Business Entity - Please Select' is clicked on

2018-11-08 15:20:23 - [TEST_STEP][PASSED] - delay: Delayed 2 second(s)

2018-11-08 15:20:25 - [MESSAGE][PASSED] - Delayed 2 second(s)

2018-11-08 15:20:25 - [TEST_STEP][PASSED] - click: Object: 'Object Repository/Final Object Repo/New Registration - Registration Module Pages/New Reg - OTC to RO/Special Case - OTC - Form 1/Selected - Sendirian Berhad' is clicked on

2018-11-08 15:20:26 - [MESSAGE][PASSED] - Object: 'Object Repository/Final Object Repo/New Registration - Registration Module Pages/New Reg - OTC to RO/Special Case - OTC - Form 1/Selected - Sendirian Berhad' is clicked on

2018-11-08 15:20:26 - [TEST_STEP][PASSED] - setText: Text 'AUTOMATE001' is set on object 'Object Repository/Final Object Repo/New Registration - Registration Module Pages/New Reg - OTC to RO/Special Case - OTC - Form 1/Input BRN Number'

2018-11-08 15:20:26 - [MESSAGE][PASSED] - Text 'AUTOMATE001' is set on object 'Object Repository/Final Object Repo/New Registration - Registration Module Pages/New Reg - OTC to RO/Special Case - OTC - Form 1/Input BRN Number'

2018-11-08 15:20:26 - [TEST_STEP][PASSED] - delay: Delayed 2 second(s)

2018-11-08 15:20:28 - [MESSAGE][PASSED] - Delayed 2 second(s)

2018-11-08 15:20:28 - [TEST_STEP][PASSED] - click: Object: 'Object Repository/Final Object Repo/New Registration - Registration Module Pages/New Reg - OTC to RO/Special Case - OTC - Form 1/BRN Search' is clicked on

2018-11-08 15:20:28 - [MESSAGE][PASSED] - Object: 'Object Repository/Final Object Repo/New Registration - Registration Module Pages/New Reg - OTC to RO/Special Case - OTC - Form 1/BRN Search' is clicked on

2018-11-08 15:20:28 - [TEST_STEP][PASSED] - delay: Delayed 4 second(s)

2018-11-08 15:20:32 - [MESSAGE][PASSED] - Delayed 4 second(s)

2018-11-08 15:20:32 - [TEST_STEP][PASSED] - click: Object: 'Object Repository/Final Object Repo/New Registration - Registration Module Pages/New Reg - OTC to RO/Special Case - OTC - Form 1/Registered with SSM - After Feb 2017' is clicked on

2018-11-08 15:20:33 - [MESSAGE][PASSED] - Object: 'Object Repository/Final Object Repo/New Registration - Registration Module Pages/New Reg - OTC to RO/Special Case - OTC - Form 1/Registered with SSM - After Feb 2017' is clicked on

2018-11-08 15:20:33 - [TEST_STEP][PASSED] - delay: Delayed 2 second(s)

2018-11-08 15:20:35 - [MESSAGE][PASSED] - Delayed 2 second(s)

2018-11-08 15:20:35 - [TEST_STEP][PASSED] - click: Object: 'Object Repository/Final Object Repo/New Registration - Registration Module Pages/New Reg - OTC to RO/Special Case - OTC - Form 1/Registering As A Branch - No' is clicked on

2018-11-08 15:20:35 - [MESSAGE][PASSED] - Object: 'Object Repository/Final Object Repo/New Registration - Registration Module Pages/New Reg - OTC to RO/Special Case - OTC - Form 1/Registering As A Branch - No' is clicked on

2018-11-08 15:20:35 - [TEST_STEP][PASSED] - click: Object: 'Object Repository/Final Object Repo/New Registration - Registration Module Pages/New Reg - OTC to RO/Special Case - OTC - Form 1/Acknowledgement Ticked' is clicked on

2018-11-08 15:20:35 - [MESSAGE][PASSED] - Object: 'Object Repository/Final Object Repo/New Registration - Registration Module Pages/New Reg - OTC to RO/Special Case - OTC - Form 1/Acknowledgement Ticked' is clicked on

2018-11-08 15:20:35 - [TEST_STEP][PASSED] - click: Object: 'Object Repository/Final Object Repo/New Registration - Registration Module Pages/New Reg - OTC to RO/Special Case - OTC - Form 1/Submit Button' is clicked on

2018-11-08 15:20:36 - [MESSAGE][PASSED] - Object: 'Object Repository/Final Object Repo/New Registration - Registration Module Pages/New Reg - OTC to RO/Special Case - OTC - Form 1/Submit Button' is clicked on

2018-11-08 15:20:36 - [TEST_STEP][PASSED] - delay: Delayed 2 second(s)

2018-11-08 15:20:38 - [MESSAGE][PASSED] - Delayed 2 second(s)

2018-11-08 15:20:38 - [TEST_STEP][PASSED] - click: Object: 'Object Repository/Final Object Repo/New Registration - Registration Module Pages/New Reg - OTC to RO/Special Case - OTC - Form 1/Confirm No Flagging as Branch' is clicked on

2018-11-08 15:20:40 - [MESSAGE][PASSED] - Object: 'Object Repository/Final Object Repo/New Registration - Registration Module Pages/New Reg - OTC to RO/Special Case - OTC - Form 1/Confirm No Flagging as Branch' is clicked on

2018-11-08 15:20:40 - [MESSAGE][PASSED] - Call Test Case 'Test Cases/Final Aug 2018 - PKS Automation/Registration Module/Workflow/New Registration/Template/Special Case - OTC - Form 1' successfully

2018-11-08 15:20:40 - [TEST_STEP][PASSED] - callTestCase: Call Test Case 'Test Cases/Final Aug 2018 - PKS Automation/Registration Module/New Registration/Form 2/Add 1 Eligible' successfully

2018-11-08 15:20:40 - [TEST_CASE][PASSED] - Test Cases/Final Aug 2018 - PKS Automation/Registration Module/New Registration/Form 2/Add 1 Eligible: Test Cases/Final Aug 2018 - PKS Automation/Registration Module/New Registration/Form 2/Add 1 Eligible

2018-11-08 15:20:40 - [TEST_STEP][PASSED] - delay: Delayed 2 second(s)

2018-11-08 15:20:42 - [MESSAGE][PASSED] - Delayed 2 second(s)

2018-11-08 15:20:42 - [TEST_STEP][PASSED] - callTestCase: Call Test Case 'Test Cases/Final Aug 2018 - PKS Automation/Registration Module/New Registration/Form 2/Date Updater' successfully

2018-11-08 15:20:42 - [TEST_CASE][PASSED] - Test Cases/Final Aug 2018 - PKS Automation/Registration Module/New Registration/Form 2/Date Updater: Test Cases/Final Aug 2018 - PKS Automation/Registration Module/New Registration/Form 2/Date Updater

2018-11-08 15:20:42 - [TEST_STEP][PASSED] - Statement - TodayDate = new java.util.Date(): null

2018-11-08 15:20:42 - [TEST_STEP][PASSED] - Statement - CurrentDateNoFilter = new java.text.SimpleDateFormat(): null

2018-11-08 15:20:42 - [TEST_STEP][PASSED] - Statement - CurrentDateNoFilter.applyPattern("dd"): null

2018-11-08 15:20:42 - [TEST_STEP][PASSED] - Statement - CurrentDate = CurrentDateNoFilter.format(TodayDate): null

2018-11-08 15:20:42 - [TEST_STEP][PASSED] - Statement - CurrentDate = java.lang.Integer.parseInt(CurrentDate): null

2018-11-08 15:20:42 - [TEST_STEP][PASSED] - Statement - CurrentDate = CurrentDate: null

2018-11-08 15:20:42 - [TEST_STEP][PASSED] - Statement - CurrentDay = java.lang.Integer.parseInt(CurrentDate): null

2018-11-08 15:20:42 - [TEST_STEP][PASSED] - Statement - aDayBefore = CurrentDay + 1: null

2018-11-08 15:20:42 - [TEST_STEP][PASSED] - Statement - DayBefore = aDayBefore.toString(): null

2018-11-08 15:20:42 - [TEST_STEP][PASSED] - Statement - OneDayBefore = DayBefore: null

2018-11-08 15:20:42 - [TEST_STEP][PASSED] - Statement - CurrentDateNoFilter.applyPattern("MM"): null

2018-11-08 15:20:42 - [TEST_STEP][PASSED] - Statement - monthContainerMatcher = java.lang.Integer.parseInt(CurrentDateNoFilter.format(TodayDate)): null

2018-11-08 15:20:42 - [TEST_STEP][PASSED] - Statement - monthContainerMatcher = monthContainerMatcher - 1: null

2018-11-08 15:20:42 - [TEST_STEP][PASSED] - Statement - CurrentMonth = monthContainerMatcher.toString(): null

2018-11-08 15:20:42 - [TEST_STEP][PASSED] - Statement - CurrentMonth = CurrentMonth: null

2018-11-08 15:20:42 - [TEST_STEP][PASSED] - Statement - CurrentDateNoFilter.applyPattern("yyyy"): null

2018-11-08 15:20:42 - [TEST_STEP][PASSED] - Statement - CurrentYear = CurrentDateNoFilter.format(TodayDate): null

2018-11-08 15:20:42 - [TEST_STEP][PASSED] - Statement - CurrentYear = CurrentYear: null

2018-11-08 15:20:42 - [TEST_STEP][PASSED] - Statement - intCurrentYear = java.lang.Integer.parseInt(CurrentDateNoFilter.format(TodayDate)): null

2018-11-08 15:20:42 - [TEST_STEP][PASSED] - Statement - eighteenYrsAgo = intCurrentYear - 18: null

2018-11-08 15:20:42 - [TEST_STEP][PASSED] - Statement - eighteenYrsBeforeThisYr = eighteenYrsAgo.toString(): null

2018-11-08 15:20:42 - [TEST_STEP][PASSED] - Statement - EighteenYrsBefore = eighteenYrsBeforeThisYr: null

2018-11-08 15:20:42 - [TEST_STEP][PASSED] - Statement - fiftysevenYrsAgo = intCurrentYear - 57: null

2018-11-08 15:20:42 - [TEST_STEP][PASSED] - Statement - fiftysevenYrsBeforeThisYr = fiftysevenYrsAgo.toString(): null

2018-11-08 15:20:42 - [TEST_STEP][PASSED] - Statement - FiftysevenYrsBefore = fiftysevenYrsBeforeThisYr: null

2018-11-08 15:20:42 - [MESSAGE][PASSED] - Call Test Case 'Test Cases/Final Aug 2018 - PKS Automation/Registration Module/New Registration/Form 2/Date Updater' successfully

2018-11-08 15:20:42 - [TEST_STEP][PASSED] - delay: Delayed 1 second(s)

2018-11-08 15:20:43 - [MESSAGE][PASSED] - Delayed 1 second(s)

2018-11-08 15:20:43 - [TEST_STEP][PASSED] - Statement - CaseReferenceNo = com.kms.katalon.core.webui.keyword.WebUiBuiltInKeywords.getText(com.kms.katalon.core.testobject.ObjectRepository.findTestObject(Final Object Repo/New Registration - Registration Module Pages/Form 2/RefNo Acquiring)): Text of object 'Object Repository/Final Object Repo/New Registration - Registration Module Pages/Form 2/RefNo Acquiring' is: 'CRN11201800122422'

2018-11-08 15:20:43 - [MESSAGE][PASSED] - Text of object 'Object Repository/Final Object Repo/New Registration - Registration Module Pages/Form 2/RefNo Acquiring' is: 'CRN11201800122422'

2018-11-08 15:20:43 - [TEST_STEP][PASSED] - delay: Delayed 1 second(s)

2018-11-08 15:20:44 - [MESSAGE][PASSED] - Delayed 1 second(s)

2018-11-08 15:20:44 - [TEST_STEP][PASSED] - click: Object: 'Object Repository/Final Object Repo/New Registration - Registration Module Pages/Form 2/Add Employee Button' is clicked on

2018-11-08 15:20:44 - [MESSAGE][PASSED] - Object: 'Object Repository/Final Object Repo/New Registration - Registration Module Pages/Form 2/Add Employee Button' is clicked on

2018-11-08 15:20:44 - [TEST_STEP][PASSED] - delay: Delayed 1 second(s)

2018-11-08 15:20:45 - [MESSAGE][PASSED] - Delayed 1 second(s)

2018-11-08 15:20:45 - [TEST_STEP][PASSED] - setText: Text '010903091963' is set on object 'Object Repository/Final Object Repo/New Registration - Registration Module Pages/Form 2/NRIC Input'

2018-11-08 15:20:46 - [MESSAGE][PASSED] - Text '010903091963' is set on object 'Object Repository/Final Object Repo/New Registration - Registration Module Pages/Form 2/NRIC Input'

2018-11-08 15:20:46 - [TEST_STEP][PASSED] - click: Object: 'Object Repository/Final Object Repo/New Registration - Registration Module Pages/Form 2/button for search for IC' is clicked on

2018-11-08 15:20:46 - [MESSAGE][PASSED] - Object: 'Object Repository/Final Object Repo/New Registration - Registration Module Pages/Form 2/button for search for IC' is clicked on

2018-11-08 15:20:46 - [TEST_STEP][PASSED] - delay: Delayed 2 second(s)

2018-11-08 15:20:48 - [MESSAGE][PASSED] - Delayed 2 second(s)

2018-11-08 15:20:48 - [TEST_STEP][PASSED] - setText: Text 'Automate001 eligible 1' is set on object 'Object Repository/Final Object Repo/New Registration - Registration Module Pages/Form 2/Employee Name Input'

2018-11-08 15:20:48 - [MESSAGE][PASSED] - Text 'Automate001 eligible 1' is set on object 'Object Repository/Final Object Repo/New Registration - Registration Module Pages/Form 2/Employee Name Input'

2018-11-08 15:20:48 - [TEST_STEP][PASSED] - delay: Delayed 2 second(s)

2018-11-08 15:20:50 - [MESSAGE][PASSED] - Delayed 2 second(s)

2018-11-08 15:20:50 - [TEST_STEP][PASSED] - click: Object: 'Object Repository/Final Object Repo/New Registration - Registration Module Pages/Form 2/DatePicker Pop Up' is clicked on

2018-11-08 15:20:51 - [MESSAGE][PASSED] - Object: 'Object Repository/Final Object Repo/New Registration - Registration Module Pages/Form 2/DatePicker Pop Up' is clicked on

2018-11-08 15:20:51 - [TEST_STEP][PASSED] - click: Object: 'Object Repository/Final Object Repo/New Registration - Registration Module Pages/Form 2/DOB Month' is clicked on

2018-11-08 15:20:51 - [MESSAGE][PASSED] - Object: 'Object Repository/Final Object Repo/New Registration - Registration Module Pages/Form 2/DOB Month' is clicked on

2018-11-08 15:20:51 - [TEST_STEP][PASSED] - Statement - CurrentMonth = CurrentMonth: null

2018-11-08 15:20:51 - [TEST_STEP][PASSED] - Statement - selectMonth = new com.kms.katalon.core.testobject.TestObject(): null

2018-11-08 15:20:51 - [TEST_STEP][PASSED] - Statement - selectMonth.addProperty("xpath", EQUALS, "//body/div/div/div/select/option[@value='" + CurrentMonth + "']", true): null

2018-11-08 15:20:51 - [TEST_STEP][PASSED] - click: Object: '' is clicked on

2018-11-08 15:20:52 - [MESSAGE][PASSED] - Object: '' is clicked on

2018-11-08 15:20:52 - [TEST_STEP][PASSED] - click: Object: 'Object Repository/Final Object Repo/New Registration - Registration Module Pages/Form 2/DOB Year' is clicked on

2018-11-08 15:20:52 - [MESSAGE][PASSED] - Object: 'Object Repository/Final Object Repo/New Registration - Registration Module Pages/Form 2/DOB Year' is clicked on

2018-11-08 15:20:52 - [TEST_STEP][PASSED] - Statement - Eyearsbf = EighteenYrsBefore: null

2018-11-08 15:20:52 - [TEST_STEP][PASSED] - Statement - selectYear = new com.kms.katalon.core.testobject.TestObject(): null

2018-11-08 15:20:52 - [TEST_STEP][PASSED] - Statement - selectYear.addProperty("xpath", EQUALS, "//div/div/div/select/option[@value='" + Eyearsbf + "']", true): null

2018-11-08 15:20:52 - [TEST_STEP][PASSED] - click: Object: '' is clicked on

2018-11-08 15:20:52 - [MESSAGE][PASSED] - Object: '' is clicked on

2018-11-08 15:20:52 - [TEST_STEP][PASSED] - Statement - UpdatedSelectDate = com.kms.katalon.core.webui.keyword.WebUiBuiltInKeywords.modifyObjectProperty(com.kms.katalon.core.testobject.ObjectRepository.findTestObject(Final Object Repo/New Registration - Registration Module Pages/Form 2/DOB Date), "xpath", "equals", "//body/div/table/tbody/tr/td/a[text()="" + CurrentDate + ""]", true): Modify property of object successfully

2018-11-08 15:20:52 - [MESSAGE][PASSED] - Modify property of object successfully

2018-11-08 15:20:52 - [TEST_STEP][PASSED] - delay: Delayed 3 second(s)

2018-11-08 15:20:55 - [MESSAGE][PASSED] - Delayed 3 second(s)

2018-11-08 15:20:55 - [TEST_STEP][PASSED] - click: Object: 'Object Repository/Final Object Repo/New Registration - Registration Module Pages/Form 2/DOB Date' is clicked on

2018-11-08 15:20:56 - [MESSAGE][PASSED] - Object: 'Object Repository/Final Object Repo/New Registration - Registration Module Pages/Form 2/DOB Date' is clicked on

2018-11-08 15:20:56 - [TEST_STEP][PASSED] - delay: Delayed 2 second(s)

2018-11-08 15:20:58 - [MESSAGE][PASSED] - Delayed 2 second(s)

2018-11-08 15:20:58 - [TEST_STEP][PASSED] - click: Object: 'Object Repository/Final Object Repo/New Registration - Registration Module Pages/Form 2/EmploymentStartDate Pop Up' is clicked on

2018-11-08 15:20:58 - [MESSAGE][PASSED] - Object: 'Object Repository/Final Object Repo/New Registration - Registration Module Pages/Form 2/EmploymentStartDate Pop Up' is clicked on

2018-11-08 15:20:58 - [TEST_STEP][PASSED] - delay: Delayed 2 second(s)

2018-11-08 15:21:00 - [MESSAGE][PASSED] - Delayed 2 second(s)

2018-11-08 15:21:00 - [TEST_STEP][PASSED] - click: Object: 'Object Repository/Final Object Repo/New Registration - Registration Module Pages/Form 2/Socso Employment StartDate Month' is clicked on

2018-11-08 15:21:01 - [MESSAGE][PASSED] - Object: 'Object Repository/Final Object Repo/New Registration - Registration Module Pages/Form 2/Socso Employment StartDate Month' is clicked on

2018-11-08 15:21:01 - [TEST_STEP][PASSED] - delay: Delayed 1 second(s)

2018-11-08 15:21:02 - [MESSAGE][PASSED] - Delayed 1 second(s)

2018-11-08 15:21:02 - [TEST_STEP][PASSED] - click: Object: 'Object Repository/Final Object Repo/New Registration - Registration Module Pages/Form 2/Select Socso Employement Startdate Month' is clicked on

2018-11-08 15:21:02 - [MESSAGE][PASSED] - Object: 'Object Repository/Final Object Repo/New Registration - Registration Module Pages/Form 2/Select Socso Employement Startdate Month' is clicked on

2018-11-08 15:21:02 - [TEST_STEP][PASSED] - delay: Delayed 2 second(s)

2018-11-08 15:21:04 - [MESSAGE][PASSED] - Delayed 2 second(s)

2018-11-08 15:21:04 - [TEST_STEP][PASSED] - click: Object: 'Object Repository/Final Object Repo/New Registration - Registration Module Pages/Form 2/Socso Employment StartDate Year' is clicked on

2018-11-08 15:21:04 - [MESSAGE][PASSED] - Object: 'Object Repository/Final Object Repo/New Registration - Registration Module Pages/Form 2/Socso Employment StartDate Year' is clicked on

2018-11-08 15:21:04 - [TEST_STEP][PASSED] - delay: Delayed 1 second(s)

2018-11-08 15:21:05 - [MESSAGE][PASSED] - Delayed 1 second(s)

2018-11-08 15:21:05 - [TEST_STEP][PASSED] - click: Object: 'Object Repository/Final Object Repo/New Registration - Registration Module Pages/Form 2/Select Socso Employment Startdate Year' is clicked on

2018-11-08 15:21:06 - [MESSAGE][PASSED] - Object: 'Object Repository/Final Object Repo/New Registration - Registration Module Pages/Form 2/Select Socso Employment Startdate Year' is clicked on

2018-11-08 15:21:06 - [TEST_STEP][PASSED] - delay: Delayed 2 second(s)

2018-11-08 15:21:08 - [MESSAGE][PASSED] - Delayed 2 second(s)

2018-11-08 15:21:08 - [TEST_STEP][PASSED] - click: Object: 'Object Repository/Final Object Repo/New Registration - Registration Module Pages/Form 2/Socso Employment Start Date Day' is clicked on

2018-11-08 15:21:08 - [MESSAGE][PASSED] - Object: 'Object Repository/Final Object Repo/New Registration - Registration Module Pages/Form 2/Socso Employment Start Date Day' is clicked on

2018-11-08 15:21:08 - [TEST_STEP][PASSED] - delay: Delayed 2 second(s)

2018-11-08 15:21:10 - [MESSAGE][PASSED] - Delayed 2 second(s)

2018-11-08 15:21:10 - [TEST_STEP][PASSED] - click: Object: 'Object Repository/Final Object Repo/New Registration - Registration Module Pages/Form 2/Save Button for Add Employee' is clicked on

2018-11-08 15:21:12 - [MESSAGE][PASSED] - Object: 'Object Repository/Final Object Repo/New Registration - Registration Module Pages/Form 2/Save Button for Add Employee' is clicked on

2018-11-08 15:21:12 - [TEST_STEP][PASSED] - delay: Delayed 6 second(s)

2018-11-08 15:21:18 - [MESSAGE][PASSED] - Delayed 6 second(s)

2018-11-08 15:21:18 - [TEST_STEP][PASSED] - click: Object: 'Object Repository/Final Object Repo/New Registration - Registration Module Pages/Form 2/Save and Continue Form 2' is clicked on

2018-11-08 15:21:20 - [MESSAGE][PASSED] - Object: 'Object Repository/Final Object Repo/New Registration - Registration Module Pages/Form 2/Save and Continue Form 2' is clicked on

2018-11-08 15:21:20 - [MESSAGE][PASSED] - Call Test Case 'Test Cases/Final Aug 2018 - PKS Automation/Registration Module/New Registration/Form 2/Add 1 Eligible' successfully

2018-11-08 15:21:20 - [TEST_STEP][PASSED] - callTestCase: Call Test Case 'Test Cases/Final Aug 2018 - PKS Automation/Registration Module/New Registration/Flow of New Registration/Third Screen - Upload Supporting Doc - Preview' successfully

2018-11-08 15:21:20 - [TEST_CASE][PASSED] - Test Cases/Final Aug 2018 - PKS Automation/Registration Module/New Registration/Flow of New Registration/Third Screen - Upload Supporting Doc - Preview: Test Cases/Final Aug 2018 - PKS Automation/Registration Module/New Registration/Flow of New Registration/Third Screen - Upload Supporting Doc - Preview

2018-11-08 15:21:20 - [TEST_STEP][PASSED] - waitForPageLoad: Wait for page load successfully

2018-11-08 15:21:20 - [MESSAGE][PASSED] - Wait for page load successfully

2018-11-08 15:21:20 - [TEST_STEP][PASSED] - Statement - CaseReferenceNo = com.kms.katalon.core.webui.keyword.WebUiBuiltInKeywords.getText(com.kms.katalon.core.testobject.ObjectRepository.findTestObject(Final Object Repo/New Registration - Registration Module Pages/Third Screen - Upload Supporting Doc- Preview/RefNo Acquiring)): Text of object 'Object Repository/Final Object Repo/New Registration - Registration Module Pages/Third Screen - Upload Supporting Doc- Preview/RefNo Acquiring' is: 'CRN11201800122422'

2018-11-08 15:21:20 - [MESSAGE][PASSED] - Text of object 'Object Repository/Final Object Repo/New Registration - Registration Module Pages/Third Screen - Upload Supporting Doc- Preview/RefNo Acquiring' is: 'CRN11201800122422'

2018-11-08 15:21:20 - [TEST_STEP][PASSED] - delay: Delayed 2 second(s)

2018-11-08 15:21:22 - [MESSAGE][PASSED] - Delayed 2 second(s)

2018-11-08 15:21:22 - [TEST_STEP][PASSED] - callTestCase: Call Test Case 'Test Cases/Final Aug 2018 - PKS Automation/Common/Reference Number Setter' successfully

2018-11-08 15:21:22 - [TEST_CASE][PASSED] - Test Cases/Final Aug 2018 - PKS Automation/Common/Reference Number Setter: Test Cases/Final Aug 2018 - PKS Automation/Common/Reference Number Setter

2018-11-08 15:21:22 - [TEST_STEP][PASSED] - Statement - RefNoOldFile = new java.io.File(C://KatalonReference.txt): null

2018-11-08 15:21:22 - [TEST_STEP][PASSED] - Statement - RefNoOldFile.delete(): null

2018-11-08 15:21:22 - [TEST_STEP][PASSED] - Statement - RefNo = new java.io.File(C://KatalonReference.txt): null

2018-11-08 15:21:22 - [TEST_STEP][PASSED] - Statement - RefNo.append(CaseReferenceNo): null

2018-11-08 15:21:22 - [TEST_STEP][PASSED] - Statement - out.println("


" + CaseReferenceNo + "


"): null

2018-11-08 15:21:22 - [MESSAGE][PASSED] - Call Test Case 'Test Cases/Final Aug 2018 - PKS Automation/Common/Reference Number Setter' successfully

2018-11-08 15:21:22 - [TEST_STEP][PASSED] - waitForElementClickable: Object 'Object Repository/Final Object Repo/New Registration - Registration Module Pages/Third Screen - Upload Supporting Doc- Preview/Save n Continue in SIP Employee Listing Page' is clickable

2018-11-08 15:21:22 - [MESSAGE][PASSED] - Object 'Object Repository/Final Object Repo/New Registration - Registration Module Pages/Third Screen - Upload Supporting Doc- Preview/Save n Continue in SIP Employee Listing Page' is clickable

2018-11-08 15:21:22 - [TEST_STEP][PASSED] - click: Object: 'Object Repository/Final Object Repo/New Registration - Registration Module Pages/Third Screen - Upload Supporting Doc- Preview/Save n Continue in SIP Employee Listing Page' is clicked on

2018-11-08 15:21:28 - [MESSAGE][PASSED] - Object: 'Object Repository/Final Object Repo/New Registration - Registration Module Pages/Third Screen - Upload Supporting Doc- Preview/Save n Continue in SIP Employee Listing Page' is clicked on

2018-11-08 15:21:28 - [TEST_STEP][PASSED] - delay: Delayed 6 second(s)

2018-11-08 15:21:34 - [MESSAGE][PASSED] - Delayed 6 second(s)

2018-11-08 15:21:34 - [TEST_STEP][PASSED] - click: Object: 'Object Repository/Final Object Repo/New Registration - Registration Module Pages/Third Screen - Upload Supporting Doc- Preview/Add Document Button' is clicked on

2018-11-08 15:21:35 - [MESSAGE][PASSED] - Object: 'Object Repository/Final Object Repo/New Registration - Registration Module Pages/Third Screen - Upload Supporting Doc- Preview/Add Document Button' is clicked on

2018-11-08 15:21:35 - [TEST_STEP][PASSED] - delay: Delayed 30 second(s)

2018-11-08 15:22:05 - [MESSAGE][PASSED] - Delayed 30 second(s)

2018-11-08 15:22:05 - [TEST_STEP][PASSED] - click: Object: 'Object Repository/Final Object Repo/New Registration - Registration Module Pages/Third Screen - Upload Supporting Doc- Preview/Supporting Doc Please Select Drop Down' is clicked on

2018-11-08 15:22:05 - [MESSAGE][PASSED] - Object: 'Object Repository/Final Object Repo/New Registration - Registration Module Pages/Third Screen - Upload Supporting Doc- Preview/Supporting Doc Please Select Drop Down' is clicked on

2018-11-08 15:22:05 - [TEST_STEP][PASSED] - delay: Delayed 2 second(s)

2018-11-08 15:22:07 - [MESSAGE][PASSED] - Delayed 2 second(s)

2018-11-08 15:22:07 - [TEST_STEP][PASSED] - click: Object: 'Object Repository/Final Object Repo/New Registration - Registration Module Pages/Third Screen - Upload Supporting Doc- Preview/Select to Upload Form 1' is clicked on

2018-11-08 15:22:08 - [MESSAGE][PASSED] - Object: 'Object Repository/Final Object Repo/New Registration - Registration Module Pages/Third Screen - Upload Supporting Doc- Preview/Select to Upload Form 1' is clicked on

2018-11-08 15:22:08 - [TEST_STEP][PASSED] - delay: Delayed 2 second(s)

2018-11-08 15:22:10 - [MESSAGE][PASSED] - Delayed 2 second(s)

2018-11-08 15:22:10 - [TEST_STEP][PASSED] - uploadFile: File 'C:\Users\Public\Pictures\Sample Pictures\Act.jpg' sent to object: 'Object Repository/Final Object Repo/New Registration - Registration Module Pages/Third Screen - Upload Supporting Doc- Preview/Upload File Adding'

2018-11-08 15:22:10 - [MESSAGE][PASSED] - File 'C:\Users\Public\Pictures\Sample Pictures\Act.jpg' sent to object: 'Object Repository/Final Object Repo/New Registration - Registration Module Pages/Third Screen - Upload Supporting Doc- Preview/Upload File Adding'

2018-11-08 15:22:10 - [TEST_STEP][PASSED] - delay: Delayed 5 second(s)

2018-11-08 15:22:15 - [MESSAGE][PASSED] - Delayed 5 second(s)

2018-11-08 15:22:15 - [TEST_STEP][PASSED] - click: Object: 'Object Repository/Final Object Repo/New Registration - Registration Module Pages/Third Screen - Upload Supporting Doc- Preview/Inner Form Add Document Button' is clicked on

2018-11-08 15:22:15 - [MESSAGE][PASSED] - Object: 'Object Repository/Final Object Repo/New Registration - Registration Module Pages/Third Screen - Upload Supporting Doc- Preview/Inner Form Add Document Button' is clicked on

2018-11-08 15:22:15 - [TEST_STEP][PASSED] - delay: Delayed 3 second(s)

2018-11-08 15:22:18 - [MESSAGE][PASSED] - Delayed 3 second(s)

2018-11-08 15:22:18 - [TEST_STEP][PASSED] - click: Object: 'Object Repository/Final Object Repo/New Registration - Registration Module Pages/Third Screen - Upload Supporting Doc- Preview/Add Document Button' is clicked on

2018-11-08 15:22:21 - [MESSAGE][PASSED] - Object: 'Object Repository/Final Object Repo/New Registration - Registration Module Pages/Third Screen - Upload Supporting Doc- Preview/Add Document Button' is clicked on

2018-11-08 15:22:21 - [TEST_STEP][PASSED] - delay: Delayed 30 second(s)

2018-11-08 15:22:51 - [MESSAGE][PASSED] - Delayed 30 second(s)

2018-11-08 15:22:51 - [TEST_STEP][PASSED] - click: Object: 'Object Repository/Final Object Repo/New Registration - Registration Module Pages/Third Screen - Upload Supporting Doc- Preview/Supporting Doc Please Select Drop Down' is clicked on

2018-11-08 15:22:51 - [MESSAGE][PASSED] - Object: 'Object Repository/Final Object Repo/New Registration - Registration Module Pages/Third Screen - Upload Supporting Doc- Preview/Supporting Doc Please Select Drop Down' is clicked on

2018-11-08 15:22:51 - [TEST_STEP][PASSED] - delay: Delayed 2 second(s)

2018-11-08 15:22:53 - [MESSAGE][PASSED] - Delayed 2 second(s)

2018-11-08 15:22:53 - [TEST_STEP][PASSED] - click: Object: 'Object Repository/Final Object Repo/New Registration - Registration Module Pages/Third Screen - Upload Supporting Doc- Preview/Select to Upload Form 2' is clicked on

2018-11-08 15:22:54 - [MESSAGE][PASSED] - Object: 'Object Repository/Final Object Repo/New Registration - Registration Module Pages/Third Screen - Upload Supporting Doc- Preview/Select to Upload Form 2' is clicked on

2018-11-08 15:22:54 - [TEST_STEP][PASSED] - delay: Delayed 2 second(s)

2018-11-08 15:22:56 - [MESSAGE][PASSED] - Delayed 2 second(s)

2018-11-08 15:22:56 - [TEST_STEP][PASSED] - uploadFile: File 'C:\Users\Public\Pictures\Sample Pictures\Act.jpg' sent to object: 'Object Repository/Final Object Repo/New Registration - Registration Module Pages/Third Screen - Upload Supporting Doc- Preview/Upload File Adding'

2018-11-08 15:22:56 - [MESSAGE][PASSED] - File 'C:\Users\Public\Pictures\Sample Pictures\Act.jpg' sent to object: 'Object Repository/Final Object Repo/New Registration - Registration Module Pages/Third Screen - Upload Supporting Doc- Preview/Upload File Adding'

2018-11-08 15:22:56 - [TEST_STEP][PASSED] - click: Object: 'Object Repository/Final Object Repo/New Registration - Registration Module Pages/Third Screen - Upload Supporting Doc- Preview/Inner Form Add Document Button' is clicked on

2018-11-08 15:22:56 - [MESSAGE][PASSED] - Object: 'Object Repository/Final Object Repo/New Registration - Registration Module Pages/Third Screen - Upload Supporting Doc- Preview/Inner Form Add Document Button' is clicked on

2018-11-08 15:22:56 - [TEST_STEP][PASSED] - delay: Delayed 4 second(s)

2018-11-08 15:23:00 - [MESSAGE][PASSED] - Delayed 4 second(s)

2018-11-08 15:23:00 - [TEST_STEP][PASSED] - click: Object: 'Object Repository/Final Object Repo/New Registration - Registration Module Pages/Third Screen - Upload Supporting Doc- Preview/Add Document Button' is clicked on

2018-11-08 15:23:02 - [MESSAGE][PASSED] - Object: 'Object Repository/Final Object Repo/New Registration - Registration Module Pages/Third Screen - Upload Supporting Doc- Preview/Add Document Button' is clicked on

2018-11-08 15:23:02 - [TEST_STEP][PASSED] - delay: Delayed 30 second(s)

2018-11-08 15:23:32 - [MESSAGE][PASSED] - Delayed 30 second(s)

2018-11-08 15:23:32 - [TEST_STEP][PASSED] - click: Object: 'Object Repository/Final Object Repo/New Registration - Registration Module Pages/Third Screen - Upload Supporting Doc- Preview/Supporting Doc Please Select Drop Down' is clicked on

2018-11-08 15:23:32 - [MESSAGE][PASSED] - Object: 'Object Repository/Final Object Repo/New Registration - Registration Module Pages/Third Screen - Upload Supporting Doc- Preview/Supporting Doc Please Select Drop Down' is clicked on

2018-11-08 15:23:32 - [TEST_STEP][PASSED] - click: Object: 'Object Repository/Final Object Repo/New Registration - Registration Module Pages/Third Screen - Upload Supporting Doc- Preview/Select to Upload Borang SIP 1' is clicked on

2018-11-08 15:23:33 - [MESSAGE][PASSED] - Object: 'Object Repository/Final Object Repo/New Registration - Registration Module Pages/Third Screen - Upload Supporting Doc- Preview/Select to Upload Borang SIP 1' is clicked on

2018-11-08 15:23:33 - [TEST_STEP][PASSED] - delay: Delayed 2 second(s)

2018-11-08 15:23:35 - [MESSAGE][PASSED] - Delayed 2 second(s)

2018-11-08 15:23:35 - [TEST_STEP][PASSED] - uploadFile: File 'C:\Users\Public\Pictures\Sample Pictures\Act.jpg' sent to object: 'Object Repository/Final Object Repo/New Registration - Registration Module Pages/Third Screen - Upload Supporting Doc- Preview/Upload File Adding'

2018-11-08 15:23:35 - [MESSAGE][PASSED] - File 'C:\Users\Public\Pictures\Sample Pictures\Act.jpg' sent to object: 'Object Repository/Final Object Repo/New Registration - Registration Module Pages/Third Screen - Upload Supporting Doc- Preview/Upload File Adding'

2018-11-08 15:23:35 - [TEST_STEP][PASSED] - click: Object: 'Object Repository/Final Object Repo/New Registration - Registration Module Pages/Third Screen - Upload Supporting Doc- Preview/Inner Form Add Document Button' is clicked on

2018-11-08 15:23:35 - [MESSAGE][PASSED] - Object: 'Object Repository/Final Object Repo/New Registration - Registration Module Pages/Third Screen - Upload Supporting Doc- Preview/Inner Form Add Document Button' is clicked on

2018-11-08 15:23:35 - [TEST_STEP][PASSED] - delay: Delayed 5 second(s)

2018-11-08 15:23:40 - [MESSAGE][PASSED] - Delayed 5 second(s)

2018-11-08 15:23:40 - [TEST_STEP][PASSED] - click: Object: 'Object Repository/Final Object Repo/New Registration - Registration Module Pages/Third Screen - Upload Supporting Doc- Preview/Add Document Button' is clicked on

2018-11-08 15:23:41 - [MESSAGE][PASSED] - Object: 'Object Repository/Final Object Repo/New Registration - Registration Module Pages/Third Screen - Upload Supporting Doc- Preview/Add Document Button' is clicked on

2018-11-08 15:23:41 - [TEST_STEP][PASSED] - delay: Delayed 30 second(s)

2018-11-08 15:24:11 - [MESSAGE][PASSED] - Delayed 30 second(s)

2018-11-08 15:24:11 - [TEST_STEP][PASSED] - click: Object: 'Object Repository/Final Object Repo/New Registration - Registration Module Pages/Third Screen - Upload Supporting Doc- Preview/Supporting Doc Please Select Drop Down' is clicked on

2018-11-08 15:24:11 - [MESSAGE][PASSED] - Object: 'Object Repository/Final Object Repo/New Registration - Registration Module Pages/Third Screen - Upload Supporting Doc- Preview/Supporting Doc Please Select Drop Down' is clicked on

2018-11-08 15:24:11 - [TEST_STEP][PASSED] - delay: Delayed 3 second(s)

2018-11-08 15:24:14 - [MESSAGE][PASSED] - Delayed 3 second(s)

2018-11-08 15:24:14 - [TEST_STEP][PASSED] - click: Object: 'Object Repository/Final Object Repo/New Registration - Registration Module Pages/Third Screen - Upload Supporting Doc- Preview/Select to Upload Borang SIP 2' is clicked on

2018-11-08 15:24:15 - [MESSAGE][PASSED] - Object: 'Object Repository/Final Object Repo/New Registration - Registration Module Pages/Third Screen - Upload Supporting Doc- Preview/Select to Upload Borang SIP 2' is clicked on

2018-11-08 15:24:15 - [TEST_STEP][PASSED] - delay: Delayed 2 second(s)

2018-11-08 15:24:17 - [MESSAGE][PASSED] - Delayed 2 second(s)

2018-11-08 15:24:17 - [TEST_STEP][PASSED] - uploadFile: File 'C:\Users\Public\Pictures\Sample Pictures\Act.jpg' sent to object: 'Object Repository/Final Object Repo/New Registration - Registration Module Pages/Third Screen - Upload Supporting Doc- Preview/Upload File Adding'

2018-11-08 15:24:17 - [MESSAGE][PASSED] - File 'C:\Users\Public\Pictures\Sample Pictures\Act.jpg' sent to object: 'Object Repository/Final Object Repo/New Registration - Registration Module Pages/Third Screen - Upload Supporting Doc- Preview/Upload File Adding'

2018-11-08 15:24:17 - [TEST_STEP][PASSED] - delay: Delayed 5 second(s)

2018-11-08 15:24:22 - [MESSAGE][PASSED] - Delayed 5 second(s)

2018-11-08 15:24:22 - [TEST_STEP][PASSED] - click: Object: 'Object Repository/Final Object Repo/New Registration - Registration Module Pages/Third Screen - Upload Supporting Doc- Preview/Inner Form Add Document Button' is clicked on

2018-11-08 15:24:28 - [MESSAGE][PASSED] - Object: 'Object Repository/Final Object Repo/New Registration - Registration Module Pages/Third Screen - Upload Supporting Doc- Preview/Inner Form Add Document Button' is clicked on

2018-11-08 15:24:28 - [TEST_STEP][PASSED] - delay: Delayed 3 second(s)

2018-11-08 15:24:31 - [MESSAGE][PASSED] - Delayed 3 second(s)

2018-11-08 15:24:31 - [TEST_STEP][PASSED] - waitForElementClickable: Object 'Object Repository/Final Object Repo/New Registration - Registration Module Pages/Third Screen - Upload Supporting Doc- Preview/Save n Continue in Uploading Supporting Doc Page' is clickable

2018-11-08 15:24:31 - [MESSAGE][PASSED] - Object 'Object Repository/Final Object Repo/New Registration - Registration Module Pages/Third Screen - Upload Supporting Doc- Preview/Save n Continue in Uploading Supporting Doc Page' is clickable

2018-11-08 15:24:31 - [TEST_STEP][PASSED] - click: Object: 'Object Repository/Final Object Repo/New Registration - Registration Module Pages/Third Screen - Upload Supporting Doc- Preview/Save n Continue in Uploading Supporting Doc Page' is clicked on

2018-11-08 15:24:37 - [MESSAGE][PASSED] - Object: 'Object Repository/Final Object Repo/New Registration - Registration Module Pages/Third Screen - Upload Supporting Doc- Preview/Save n Continue in Uploading Supporting Doc Page' is clicked on

2018-11-08 15:24:37 - [MESSAGE][PASSED] - Call Test Case 'Test Cases/Final Aug 2018 - PKS Automation/Registration Module/New Registration/Flow of New Registration/Third Screen - Upload Supporting Doc - Preview' successfully

2018-11-08 15:24:37 - [TEST_STEP][PASSED] - callTestCase: Call Test Case 'Test Cases/Final Aug 2018 - PKS Automation/Registration Module/New Registration/Submit and Screenshot/Submit Registration and Screenshot' successfully

2018-11-08 15:24:37 - [TEST_CASE][PASSED] - Test Cases/Final Aug 2018 - PKS Automation/Registration Module/New Registration/Submit and Screenshot/Submit Registration and Screenshot: Test Cases/Final Aug 2018 - PKS Automation/Registration Module/New Registration/Submit and Screenshot/Submit Registration and Screenshot

2018-11-08 15:24:37 - [TEST_STEP][PASSED] - delay: Delayed 6 second(s)

2018-11-08 15:24:43 - [MESSAGE][PASSED] - Delayed 6 second(s)

2018-11-08 15:24:43 - [TEST_STEP][PASSED] - click: Object: 'Object Repository/Final Object Repo/New Registration - Registration Module Pages/Third Screen - Upload Supporting Doc- Preview/Preview Submit Button' is clicked on

2018-11-08 15:24:43 - [MESSAGE][PASSED] - Object: 'Object Repository/Final Object Repo/New Registration - Registration Module Pages/Third Screen - Upload Supporting Doc- Preview/Preview Submit Button' is clicked on

2018-11-08 15:24:43 - [TEST_STEP][PASSED] - delay: Delayed 2 second(s)

2018-11-08 15:24:45 - [MESSAGE][PASSED] - Delayed 2 second(s)

2018-11-08 15:24:45 - [TEST_STEP][PASSED] - click: Object: 'Object Repository/Final Object Repo/New Registration - Registration Module Pages/Third Screen - Upload Supporting Doc- Preview/Preview Submit - Confirm' is clicked on

2018-11-08 15:24:50 - [MESSAGE][PASSED] - Object: 'Object Repository/Final Object Repo/New Registration - Registration Module Pages/Third Screen - Upload Supporting Doc- Preview/Preview Submit - Confirm' is clicked on

2018-11-08 15:24:50 - [TEST_STEP][PASSED] - delay: Delayed 15 second(s)

2018-11-08 15:25:05 - [MESSAGE][PASSED] - Delayed 15 second(s)

2018-11-08 15:25:05 - [TEST_STEP][PASSED] - Statement - driver = com.kms.katalon.core.webui.driver.DriverFactory.getWebDriver(): null

2018-11-08 15:25:05 - [TEST_STEP][PASSED] - Statement - driver.manage().timeouts().implicitlyWait(10, SECONDS): null

2018-11-08 15:25:06 - [TEST_STEP][PASSED] - Statement - PresavePath = KatalonScreenshots: null

2018-11-08 15:25:06 - [TEST_STEP][PASSED] - Statement - pathPrefix = "C:\Users\Public\Pictures\Sample Pictures\Katalon Screenshots\Automate Ending Screen": null

2018-11-08 15:25:06 - [TEST_STEP][PASSED] - Statement - finalPath = <not implemented yet for class: org.codehaus.groovy.ast.expr.EmptyExpression>: null

2018-11-08 15:25:06 - [TEST_STEP][PASSED] - Statement - scrFile = driver.getScreenshotAs(FILE): null

2018-11-08 15:25:06 - [TEST_STEP][PASSED] - Statement - PreSaveFile = new java.io.File(PresavePath): null

2018-11-08 15:25:06 - [TEST_STEP][PASSED] - Statement - counter = 0: null

2018-11-08 15:25:06 - [TEST_STEP][PASSED] - Statement - If (PreSaveFile.exists()): null

2018-11-08 15:25:06 - [TEST_STEP][PASSED] - Statement - While (PreSaveFile.exists()): null

2018-11-08 15:25:06 - [TEST_STEP][PASSED] - Statement - counter = counter + 1: null

2018-11-08 15:25:06 - [TEST_STEP][PASSED] - Statement - PreSaveFile = new java.io.File(((pathPrefix + java.lang.Integer.toString(counter)) + .png)): null

2018-11-08 15:25:06 - [TEST_STEP][PASSED] - Statement - counter = counter + 1: null

2018-11-08 15:25:06 - [TEST_STEP][PASSED] - Statement - PreSaveFile = new java.io.File(((pathPrefix + java.lang.Integer.toString(counter)) + .png)): null

2018-11-08 15:25:06 - [TEST_STEP][PASSED] - Statement - counter = counter + 1: null

2018-11-08 15:25:06 - [TEST_STEP][PASSED] - Statement - PreSaveFile = new java.io.File(((pathPrefix + java.lang.Integer.toString(counter)) + .png)): null

2018-11-08 15:25:06 - [TEST_STEP][PASSED] - Statement - counter = counter + 1: null

2018-11-08 15:25:06 - [TEST_STEP][PASSED] - Statement - PreSaveFile = new java.io.File(((pathPrefix + java.lang.Integer.toString(counter)) + .png)): null

2018-11-08 15:25:06 - [TEST_STEP][PASSED] - Statement - counter = counter + 1: null

2018-11-08 15:25:06 - [TEST_STEP][PASSED] - Statement - PreSaveFile = new java.io.File(((pathPrefix + java.lang.Integer.toString(counter)) + .png)): null

2018-11-08 15:25:06 - [TEST_STEP][PASSED] - Statement - counter = counter + 1: null

2018-11-08 15:25:06 - [TEST_STEP][PASSED] - Statement - PreSaveFile = new java.io.File(((pathPrefix + java.lang.Integer.toString(counter)) + .png)): null

2018-11-08 15:25:06 - [TEST_STEP][PASSED] - Statement - counter = counter + 1: null

2018-11-08 15:25:06 - [TEST_STEP][PASSED] - Statement - PreSaveFile = new java.io.File(((pathPrefix + java.lang.Integer.toString(counter)) + .png)): null

2018-11-08 15:25:06 - [TEST_STEP][PASSED] - Statement - counter = counter + 1: null

2018-11-08 15:25:06 - [TEST_STEP][PASSED] - Statement - PreSaveFile = new java.io.File(((pathPrefix + java.lang.Integer.toString(counter)) + .png)): null

2018-11-08 15:25:06 - [TEST_STEP][PASSED] - Statement - counter = counter + 1: null

2018-11-08 15:25:06 - [TEST_STEP][PASSED] - Statement - PreSaveFile = new java.io.File(((pathPrefix + java.lang.Integer.toString(counter)) + .png)): null

2018-11-08 15:25:06 - [TEST_STEP][PASSED] - Statement - counter = counter + 1: null

2018-11-08 15:25:06 - [TEST_STEP][PASSED] - Statement - PreSaveFile = new java.io.File(((pathPrefix + java.lang.Integer.toString(counter)) + .png)): null

2018-11-08 15:25:06 - [TEST_STEP][PASSED] - Statement - counter = counter + 1: null

2018-11-08 15:25:06 - [TEST_STEP][PASSED] - Statement - PreSaveFile = new java.io.File(((pathPrefix + java.lang.Integer.toString(counter)) + .png)): null

2018-11-08 15:25:06 - [TEST_STEP][PASSED] - Statement - counter = counter + 1: null

2018-11-08 15:25:06 - [TEST_STEP][PASSED] - Statement - PreSaveFile = new java.io.File(((pathPrefix + java.lang.Integer.toString(counter)) + .png)): null

2018-11-08 15:25:06 - [TEST_STEP][PASSED] - Statement - counter = counter + 1: null

2018-11-08 15:25:06 - [TEST_STEP][PASSED] - Statement - PreSaveFile = new java.io.File(((pathPrefix + java.lang.Integer.toString(counter)) + .png)): null

2018-11-08 15:25:06 - [TEST_STEP][PASSED] - Statement - counter = counter + 1: null

2018-11-08 15:25:06 - [TEST_STEP][PASSED] - Statement - PreSaveFile = new java.io.File(((pathPrefix + java.lang.Integer.toString(counter)) + .png)): null

2018-11-08 15:25:06 - [TEST_STEP][PASSED] - Statement - counter = counter + 1: null

2018-11-08 15:25:06 - [TEST_STEP][PASSED] - Statement - PreSaveFile = new java.io.File(((pathPrefix + java.lang.Integer.toString(counter)) + .png)): null

2018-11-08 15:25:06 - [TEST_STEP][PASSED] - Statement - counter = counter + 1: null

2018-11-08 15:25:06 - [TEST_STEP][PASSED] - Statement - PreSaveFile = new java.io.File(((pathPrefix + java.lang.Integer.toString(counter)) + .png)): null

2018-11-08 15:25:06 - [TEST_STEP][PASSED] - Statement - counter = counter + 1: null

2018-11-08 15:25:06 - [TEST_STEP][PASSED] - Statement - PreSaveFile = new java.io.File(((pathPrefix + java.lang.Integer.toString(counter)) + .png)): null

2018-11-08 15:25:06 - [TEST_STEP][PASSED] - Statement - counter = counter + 1: null

2018-11-08 15:25:06 - [TEST_STEP][PASSED] - Statement - PreSaveFile = new java.io.File(((pathPrefix + java.lang.Integer.toString(counter)) + .png)): null

2018-11-08 15:25:06 - [TEST_STEP][PASSED] - Statement - counter = counter + 1: null

2018-11-08 15:25:06 - [TEST_STEP][PASSED] - Statement - PreSaveFile = new java.io.File(((pathPrefix + java.lang.Integer.toString(counter)) + .png)): null

2018-11-08 15:25:06 - [TEST_STEP][PASSED] - Statement - counter = counter + 1: null

2018-11-08 15:25:06 - [TEST_STEP][PASSED] - Statement - PreSaveFile = new java.io.File(((pathPrefix + java.lang.Integer.toString(counter)) + .png)): null

2018-11-08 15:25:06 - [TEST_STEP][PASSED] - Statement - counter = counter + 1: null

2018-11-08 15:25:06 - [TEST_STEP][PASSED] - Statement - PreSaveFile = new java.io.File(((pathPrefix + java.lang.Integer.toString(counter)) + .png)): null

2018-11-08 15:25:06 - [TEST_STEP][PASSED] - Statement - counter = counter + 1: null

2018-11-08 15:25:06 - [TEST_STEP][PASSED] - Statement - PreSaveFile = new java.io.File(((pathPrefix + java.lang.Integer.toString(counter)) + .png)): null

2018-11-08 15:25:06 - [TEST_STEP][PASSED] - Statement - counter = counter + 1: null

2018-11-08 15:25:06 - [TEST_STEP][PASSED] - Statement - PreSaveFile = new java.io.File(((pathPrefix + java.lang.Integer.toString(counter)) + .png)): null

2018-11-08 15:25:06 - [TEST_STEP][PASSED] - Statement - counter = counter + 1: null

2018-11-08 15:25:06 - [TEST_STEP][PASSED] - Statement - PreSaveFile = new java.io.File(((pathPrefix + java.lang.Integer.toString(counter)) + .png)): null

2018-11-08 15:25:06 - [TEST_STEP][PASSED] - Statement - counter = counter + 1: null

2018-11-08 15:25:06 - [TEST_STEP][PASSED] - Statement - PreSaveFile = new java.io.File(((pathPrefix + java.lang.Integer.toString(counter)) + .png)): null

2018-11-08 15:25:06 - [TEST_STEP][PASSED] - Statement - counter = counter + 1: null

2018-11-08 15:25:06 - [TEST_STEP][PASSED] - Statement - PreSaveFile = new java.io.File(((pathPrefix + java.lang.Integer.toString(counter)) + .png)): null

2018-11-08 15:25:06 - [TEST_STEP][PASSED] - Statement - counter = counter + 1: null

2018-11-08 15:25:06 - [TEST_STEP][PASSED] - Statement - PreSaveFile = new java.io.File(((pathPrefix + java.lang.Integer.toString(counter)) + .png)): null

2018-11-08 15:25:06 - [TEST_STEP][PASSED] - Statement - counter = counter + 1: null

2018-11-08 15:25:06 - [TEST_STEP][PASSED] - Statement - PreSaveFile = new java.io.File(((pathPrefix + java.lang.Integer.toString(counter)) + .png)): null

2018-11-08 15:25:06 - [TEST_STEP][PASSED] - Statement - counter = counter + 1: null

2018-11-08 15:25:06 - [TEST_STEP][PASSED] - Statement - PreSaveFile = new java.io.File(((pathPrefix + java.lang.Integer.toString(counter)) + .png)): null

2018-11-08 15:25:06 - [TEST_STEP][PASSED] - Statement - counter = counter + 1: null

2018-11-08 15:25:06 - [TEST_STEP][PASSED] - Statement - PreSaveFile = new java.io.File(((pathPrefix + java.lang.Integer.toString(counter)) + .png)): null

2018-11-08 15:25:06 - [TEST_STEP][PASSED] - Statement - counter = counter + 1: null

2018-11-08 15:25:06 - [TEST_STEP][PASSED] - Statement - PreSaveFile = new java.io.File(((pathPrefix + java.lang.Integer.toString(counter)) + .png)): null

2018-11-08 15:25:06 - [TEST_STEP][PASSED] - Statement - counter = counter + 1: null

2018-11-08 15:25:06 - [TEST_STEP][PASSED] - Statement - PreSaveFile = new java.io.File(((pathPrefix + java.lang.Integer.toString(counter)) + .png)): null

2018-11-08 15:25:06 - [TEST_STEP][PASSED] - Statement - counter = counter + 1: null

2018-11-08 15:25:06 - [TEST_STEP][PASSED] - Statement - PreSaveFile = new java.io.File(((pathPrefix + java.lang.Integer.toString(counter)) + .png)): null

2018-11-08 15:25:06 - [TEST_STEP][PASSED] - Statement - counter = counter + 1: null

2018-11-08 15:25:06 - [TEST_STEP][PASSED] - Statement - PreSaveFile = new java.io.File(((pathPrefix + java.lang.Integer.toString(counter)) + .png)): null

2018-11-08 15:25:06 - [TEST_STEP][PASSED] - Statement - counter = counter + 1: null

2018-11-08 15:25:06 - [TEST_STEP][PASSED] - Statement - PreSaveFile = new java.io.File(((pathPrefix + java.lang.Integer.toString(counter)) + .png)): null

2018-11-08 15:25:06 - [TEST_STEP][PASSED] - Statement - counter = counter + 1: null

2018-11-08 15:25:07 - [TEST_STEP][PASSED] - Statement - PreSaveFile = new java.io.File(((pathPrefix + java.lang.Integer.toString(counter)) + .png)): null

2018-11-08 15:25:07 - [TEST_STEP][PASSED] - Statement - counter = counter + 1: null

2018-11-08 15:25:07 - [TEST_STEP][PASSED] - Statement - PreSaveFile = new java.io.File(((pathPrefix + java.lang.Integer.toString(counter)) + .png)): null

2018-11-08 15:25:07 - [TEST_STEP][PASSED] - Statement - counter = counter + 1: null

2018-11-08 15:25:07 - [TEST_STEP][PASSED] - Statement - PreSaveFile = new java.io.File(((pathPrefix + java.lang.Integer.toString(counter)) + .png)): null

2018-11-08 15:25:07 - [TEST_STEP][PASSED] - Statement - counter = counter + 1: null

2018-11-08 15:25:07 - [TEST_STEP][PASSED] - Statement - PreSaveFile = new java.io.File(((pathPrefix + java.lang.Integer.toString(counter)) + .png)): null

2018-11-08 15:25:07 - [TEST_STEP][PASSED] - Statement - counter = counter + 1: null

2018-11-08 15:25:07 - [TEST_STEP][PASSED] - Statement - PreSaveFile = new java.io.File(((pathPrefix + java.lang.Integer.toString(counter)) + .png)): null

2018-11-08 15:25:07 - [TEST_STEP][PASSED] - Statement - counter = counter + 1: null

2018-11-08 15:25:07 - [TEST_STEP][PASSED] - Statement - PreSaveFile = new java.io.File(((pathPrefix + java.lang.Integer.toString(counter)) + .png)): null

2018-11-08 15:25:07 - [TEST_STEP][PASSED] - Statement - counter = counter + 1: null

2018-11-08 15:25:07 - [TEST_STEP][PASSED] - Statement - PreSaveFile = new java.io.File(((pathPrefix + java.lang.Integer.toString(counter)) + .png)): null

2018-11-08 15:25:07 - [TEST_STEP][PASSED] - Statement - counter = counter + 1: null

2018-11-08 15:25:07 - [TEST_STEP][PASSED] - Statement - PreSaveFile = new java.io.File(((pathPrefix + java.lang.Integer.toString(counter)) + .png)): null

2018-11-08 15:25:07 - [TEST_STEP][PASSED] - Statement - counter = counter + 1: null

2018-11-08 15:25:07 - [TEST_STEP][PASSED] - Statement - PreSaveFile = new java.io.File(((pathPrefix + java.lang.Integer.toString(counter)) + .png)): null

2018-11-08 15:25:07 - [TEST_STEP][PASSED] - Statement - counter = counter + 1: null

2018-11-08 15:25:07 - [TEST_STEP][PASSED] - Statement - PreSaveFile = new java.io.File(((pathPrefix + java.lang.Integer.toString(counter)) + .png)): null

2018-11-08 15:25:07 - [TEST_STEP][PASSED] - Statement - counter = counter + 1: null

2018-11-08 15:25:07 - [TEST_STEP][PASSED] - Statement - PreSaveFile = new java.io.File(((pathPrefix + java.lang.Integer.toString(counter)) + .png)): null

2018-11-08 15:25:07 - [TEST_STEP][PASSED] - Statement - counter = counter + 1: null

2018-11-08 15:25:08 - [TEST_STEP][PASSED] - Statement - PreSaveFile = new java.io.File(((pathPrefix + java.lang.Integer.toString(counter)) + .png)): null

2018-11-08 15:25:08 - [TEST_STEP][PASSED] - Statement - counter = counter + 1: null

2018-11-08 15:25:08 - [TEST_STEP][PASSED] - Statement - PreSaveFile = new java.io.File(((pathPrefix + java.lang.Integer.toString(counter)) + .png)): null

2018-11-08 15:25:08 - [TEST_STEP][PASSED] - Statement - counter = counter + 1: null

2018-11-08 15:25:08 - [TEST_STEP][PASSED] - Statement - PreSaveFile = new java.io.File(((pathPrefix + java.lang.Integer.toString(counter)) + .png)): null

2018-11-08 15:25:08 - [TEST_STEP][PASSED] - Statement - counter = counter + 1: null

2018-11-08 15:25:08 - [TEST_STEP][PASSED] - Statement - PreSaveFile = new java.io.File(((pathPrefix + java.lang.Integer.toString(counter)) + .png)): null

2018-11-08 15:25:08 - [TEST_STEP][PASSED] - Statement - counter = counter + 1: null

2018-11-08 15:25:08 - [TEST_STEP][PASSED] - Statement - PreSaveFile = new java.io.File(((pathPrefix + java.lang.Integer.toString(counter)) + .png)): null

2018-11-08 15:25:08 - [TEST_STEP][PASSED] - Statement - counter = counter + 1: null

2018-11-08 15:25:08 - [TEST_STEP][PASSED] - Statement - PreSaveFile = new java.io.File(((pathPrefix + java.lang.Integer.toString(counter)) + .png)): null

2018-11-08 15:25:08 - [TEST_STEP][PASSED] - Statement - counter = counter + 1: null

2018-11-08 15:25:08 - [TEST_STEP][PASSED] - Statement - PreSaveFile = new java.io.File(((pathPrefix + java.lang.Integer.toString(counter)) + .png)): null

2018-11-08 15:25:08 - [TEST_STEP][PASSED] - Statement - counter = counter + 1: null

2018-11-08 15:25:08 - [TEST_STEP][PASSED] - Statement - PreSaveFile = new java.io.File(((pathPrefix + java.lang.Integer.toString(counter)) + .png)): null

2018-11-08 15:25:08 - [TEST_STEP][PASSED] - Statement - counter = counter + 1: null

2018-11-08 15:25:08 - [TEST_STEP][PASSED] - Statement - PreSaveFile = new java.io.File(((pathPrefix + java.lang.Integer.toString(counter)) + .png)): null

2018-11-08 15:25:08 - [TEST_STEP][PASSED] - Statement - counter = counter + 1: null

2018-11-08 15:25:08 - [TEST_STEP][PASSED] - Statement - PreSaveFile = new java.io.File(((pathPrefix + java.lang.Integer.toString(counter)) + .png)): null

2018-11-08 15:25:08 - [TEST_STEP][PASSED] - Statement - counter = counter + 1: null

2018-11-08 15:25:08 - [TEST_STEP][PASSED] - Statement - PreSaveFile = new java.io.File(((pathPrefix + java.lang.Integer.toString(counter)) + .png)): null

2018-11-08 15:25:09 - [TEST_STEP][PASSED] - Statement - counter = counter + 1: null

2018-11-08 15:25:09 - [TEST_STEP][PASSED] - Statement - PreSaveFile = new java.io.File(((pathPrefix + java.lang.Integer.toString(counter)) + .png)): null

2018-11-08 15:25:09 - [TEST_STEP][PASSED] - Statement - counter = counter + 1: null

2018-11-08 15:25:09 - [TEST_STEP][PASSED] - Statement - PreSaveFile = new java.io.File(((pathPrefix + java.lang.Integer.toString(counter)) + .png)): null

2018-11-08 15:25:09 - [TEST_STEP][PASSED] - Statement - counter = counter + 1: null

2018-11-08 15:25:09 - [TEST_STEP][PASSED] - Statement - PreSaveFile = new java.io.File(((pathPrefix + java.lang.Integer.toString(counter)) + .png)): null

2018-11-08 15:25:09 - [TEST_STEP][PASSED] - Statement - counter = counter + 1: null

2018-11-08 15:25:09 - [TEST_STEP][PASSED] - Statement - PreSaveFile = new java.io.File(((pathPrefix + java.lang.Integer.toString(counter)) + .png)): null

2018-11-08 15:25:09 - [TEST_STEP][PASSED] - Statement - counter = counter + 1: null

2018-11-08 15:25:09 - [TEST_STEP][PASSED] - Statement - PreSaveFile = new java.io.File(((pathPrefix + java.lang.Integer.toString(counter)) + .png)): null

2018-11-08 15:25:09 - [TEST_STEP][PASSED] - Statement - counter = counter + 1: null

2018-11-08 15:25:10 - [TEST_STEP][PASSED] - Statement - PreSaveFile = new java.io.File(((pathPrefix + java.lang.Integer.toString(counter)) + .png)): null

2018-11-08 15:25:10 - [TEST_STEP][PASSED] - Statement - counter = counter + 1: null

2018-11-08 15:25:10 - [TEST_STEP][PASSED] - Statement - PreSaveFile = new java.io.File(((pathPrefix + java.lang.Integer.toString(counter)) + .png)): null

2018-11-08 15:25:10 - [TEST_STEP][PASSED] - Statement - counter = counter + 1: null

2018-11-08 15:25:10 - [TEST_STEP][PASSED] - Statement - PreSaveFile = new java.io.File(((pathPrefix + java.lang.Integer.toString(counter)) + .png)): null

2018-11-08 15:25:10 - [TEST_STEP][PASSED] - Statement - counter = counter + 1: null

2018-11-08 15:25:10 - [TEST_STEP][PASSED] - Statement - PreSaveFile = new java.io.File(((pathPrefix + java.lang.Integer.toString(counter)) + .png)): null

2018-11-08 15:25:10 - [TEST_STEP][PASSED] - Statement - counter = counter + 1: null

2018-11-08 15:25:10 - [TEST_STEP][PASSED] - Statement - PreSaveFile = new java.io.File(((pathPrefix + java.lang.Integer.toString(counter)) + .png)): null

2018-11-08 15:25:10 - [TEST_STEP][PASSED] - Statement - counter = counter + 1: null

2018-11-08 15:25:10 - [TEST_STEP][PASSED] - Statement - PreSaveFile = new java.io.File(((pathPrefix + java.lang.Integer.toString(counter)) + .png)): null

2018-11-08 15:25:10 - [TEST_STEP][PASSED] - Statement - counter = counter + 1: null

2018-11-08 15:25:10 - [TEST_STEP][PASSED] - Statement - PreSaveFile = new java.io.File(((pathPrefix + java.lang.Integer.toString(counter)) + .png)): null

2018-11-08 15:25:10 - [TEST_STEP][PASSED] - Statement - counter = counter + 1: null

2018-11-08 15:25:10 - [TEST_STEP][PASSED] - Statement - PreSaveFile = new java.io.File(((pathPrefix + java.lang.Integer.toString(counter)) + .png)): null

2018-11-08 15:25:10 - [TEST_STEP][PASSED] - Statement - counter = counter + 1: null

2018-11-08 15:25:10 - [TEST_STEP][PASSED] - Statement - PreSaveFile = new java.io.File(((pathPrefix + java.lang.Integer.toString(counter)) + .png)): null

2018-11-08 15:25:10 - [TEST_STEP][PASSED] - Statement - counter = counter + 1: null

2018-11-08 15:25:10 - [TEST_STEP][PASSED] - Statement - PreSaveFile = new java.io.File(((pathPrefix + java.lang.Integer.toString(counter)) + .png)): null

2018-11-08 15:25:10 - [TEST_STEP][PASSED] - Statement - counter = counter + 1: null

2018-11-08 15:25:10 - [TEST_STEP][PASSED] - Statement - PreSaveFile = new java.io.File(((pathPrefix + java.lang.Integer.toString(counter)) + .png)): null

2018-11-08 15:25:10 - [TEST_STEP][PASSED] - Statement - counter = counter + 1: null

2018-11-08 15:25:11 - [TEST_STEP][PASSED] - Statement - PreSaveFile = new java.io.File(((pathPrefix + java.lang.Integer.toString(counter)) + .png)): null

2018-11-08 15:25:11 - [TEST_STEP][PASSED] - Statement - counter = counter + 1: null

2018-11-08 15:25:11 - [TEST_STEP][PASSED] - Statement - PreSaveFile = new java.io.File(((pathPrefix + java.lang.Integer.toString(counter)) + .png)): null

2018-11-08 15:25:11 - [TEST_STEP][PASSED] - Statement - counter = counter + 1: null

2018-11-08 15:25:11 - [TEST_STEP][PASSED] - Statement - PreSaveFile = new java.io.File(((pathPrefix + java.lang.Integer.toString(counter)) + .png)): null

2018-11-08 15:25:11 - [TEST_STEP][PASSED] - Statement - counter = counter + 1: null

2018-11-08 15:25:11 - [TEST_STEP][PASSED] - Statement - PreSaveFile = new java.io.File(((pathPrefix + java.lang.Integer.toString(counter)) + .png)): null

2018-11-08 15:25:11 - [TEST_STEP][PASSED] - Statement - counter = counter + 1: null

2018-11-08 15:25:11 - [TEST_STEP][PASSED] - Statement - PreSaveFile = new java.io.File(((pathPrefix + java.lang.Integer.toString(counter)) + .png)): null

2018-11-08 15:25:11 - [TEST_STEP][PASSED] - Statement - counter = counter + 1: null

2018-11-08 15:25:11 - [TEST_STEP][PASSED] - Statement - PreSaveFile = new java.io.File(((pathPrefix + java.lang.Integer.toString(counter)) + .png)): null

2018-11-08 15:25:11 - [TEST_STEP][PASSED] - Statement - counter = counter + 1: null

2018-11-08 15:25:11 - [TEST_STEP][PASSED] - Statement - PreSaveFile = new java.io.File(((pathPrefix + java.lang.Integer.toString(counter)) + .png)): null

2018-11-08 15:25:11 - [TEST_STEP][PASSED] - Statement - counter = counter + 1: null

2018-11-08 15:25:11 - [TEST_STEP][PASSED] - Statement - PreSaveFile = new java.io.File(((pathPrefix + java.lang.Integer.toString(counter)) + .png)): null

2018-11-08 15:25:11 - [TEST_STEP][PASSED] - Statement - counter = counter + 1: null

2018-11-08 15:25:11 - [TEST_STEP][PASSED] - Statement - PreSaveFile = new java.io.File(((pathPrefix + java.lang.Integer.toString(counter)) + .png)): null

2018-11-08 15:25:11 - [TEST_STEP][PASSED] - Statement - counter = counter + 1: null

2018-11-08 15:25:11 - [TEST_STEP][PASSED] - Statement - PreSaveFile = new java.io.File(((pathPrefix + java.lang.Integer.toString(counter)) + .png)): null

2018-11-08 15:25:11 - [TEST_STEP][PASSED] - Statement - counter = counter + 1: null

2018-11-08 15:25:11 - [TEST_STEP][PASSED] - Statement - PreSaveFile = new java.io.File(((pathPrefix + java.lang.Integer.toString(counter)) + .png)): null

2018-11-08 15:25:12 - [TEST_STEP][PASSED] - Statement - counter = counter + 1: null

2018-11-08 15:25:12 - [TEST_STEP][PASSED] - Statement - PreSaveFile = new java.io.File(((pathPrefix + java.lang.Integer.toString(counter)) + .png)): null

2018-11-08 15:25:12 - [TEST_STEP][PASSED] - Statement - counter = counter + 1: null

2018-11-08 15:25:12 - [TEST_STEP][PASSED] - Statement - PreSaveFile = new java.io.File(((pathPrefix + java.lang.Integer.toString(counter)) + .png)): null

2018-11-08 15:25:12 - [TEST_STEP][PASSED] - Statement - counter = counter + 1: null

2018-11-08 15:25:12 - [TEST_STEP][PASSED] - Statement - PreSaveFile = new java.io.File(((pathPrefix + java.lang.Integer.toString(counter)) + .png)): null

2018-11-08 15:25:12 - [TEST_STEP][PASSED] - Statement - counter = counter + 1: null

2018-11-08 15:25:12 - [TEST_STEP][PASSED] - Statement - PreSaveFile = new java.io.File(((pathPrefix + java.lang.Integer.toString(counter)) + .png)): null

2018-11-08 15:25:12 - [TEST_STEP][PASSED] - Statement - counter = counter + 1: null

2018-11-08 15:25:12 - [TEST_STEP][PASSED] - Statement - PreSaveFile = new java.io.File(((pathPrefix + java.lang.Integer.toString(counter)) + .png)): null

2018-11-08 15:25:12 - [TEST_STEP][PASSED] - Statement - counter = counter + 1: null

2018-11-08 15:25:12 - [TEST_STEP][PASSED] - Statement - PreSaveFile = new java.io.File(((pathPrefix + java.lang.Integer.toString(counter)) + .png)): null

2018-11-08 15:25:13 - [TEST_STEP][PASSED] - Statement - counter = counter + 1: null

2018-11-08 15:25:13 - [TEST_STEP][PASSED] - Statement - PreSaveFile = new java.io.File(((pathPrefix + java.lang.Integer.toString(counter)) + .png)): null

2018-11-08 15:25:13 - [TEST_STEP][PASSED] - Statement - counter = counter + 1: null

2018-11-08 15:25:13 - [TEST_STEP][PASSED] - Statement - PreSaveFile = new java.io.File(((pathPrefix + java.lang.Integer.toString(counter)) + .png)): null

2018-11-08 15:25:13 - [TEST_STEP][PASSED] - Statement - counter = counter + 1: null

2018-11-08 15:25:13 - [TEST_STEP][PASSED] - Statement - PreSaveFile = new java.io.File(((pathPrefix + java.lang.Integer.toString(counter)) + .png)): null

2018-11-08 15:25:13 - [TEST_STEP][PASSED] - Statement - counter = counter + 1: null

2018-11-08 15:25:13 - [TEST_STEP][PASSED] - Statement - PreSaveFile = new java.io.File(((pathPrefix + java.lang.Integer.toString(counter)) + .png)): null

2018-11-08 15:25:13 - [TEST_STEP][PASSED] - Statement - counter = counter + 1: null

2018-11-08 15:25:13 - [TEST_STEP][PASSED] - Statement - PreSaveFile = new java.io.File(((pathPrefix + java.lang.Integer.toString(counter)) + .png)): null

2018-11-08 15:25:13 - [TEST_STEP][PASSED] - Statement - counter = counter + 1: null

2018-11-08 15:25:13 - [TEST_STEP][PASSED] - Statement - PreSaveFile = new java.io.File(((pathPrefix + java.lang.Integer.toString(counter)) + .png)): null

2018-11-08 15:25:13 - [TEST_STEP][PASSED] - Statement - counter = counter + 1: null

2018-11-08 15:25:13 - [TEST_STEP][PASSED] - Statement - PreSaveFile = new java.io.File(((pathPrefix + java.lang.Integer.toString(counter)) + .png)): null

2018-11-08 15:25:13 - [TEST_STEP][PASSED] - Statement - counter = counter + 1: null

2018-11-08 15:25:13 - [TEST_STEP][PASSED] - Statement - PreSaveFile = new java.io.File(((pathPrefix + java.lang.Integer.toString(counter)) + .png)): null

2018-11-08 15:25:13 - [TEST_STEP][PASSED] - Statement - counter = counter + 1: null

2018-11-08 15:25:13 - [TEST_STEP][PASSED] - Statement - PreSaveFile = new java.io.File(((pathPrefix + java.lang.Integer.toString(counter)) + .png)): null

2018-11-08 15:25:13 - [TEST_STEP][PASSED] - Statement - counter = counter + 1: null

2018-11-08 15:25:13 - [TEST_STEP][PASSED] - Statement - PreSaveFile = new java.io.File(((pathPrefix + java.lang.Integer.toString(counter)) + .png)): null

2018-11-08 15:25:13 - [TEST_STEP][PASSED] - Statement - counter = counter + 1: null

2018-11-08 15:25:14 - [TEST_STEP][PASSED] - Statement - PreSaveFile = new java.io.File(((pathPrefix + java.lang.Integer.toString(counter)) + .png)): null

2018-11-08 15:25:14 - [TEST_STEP][PASSED] - Statement - counter = counter + 1: null

2018-11-08 15:25:14 - [TEST_STEP][PASSED] - Statement - PreSaveFile = new java.io.File(((pathPrefix + java.lang.Integer.toString(counter)) + .png)): null

2018-11-08 15:25:14 - [TEST_STEP][PASSED] - Statement - counter = counter + 1: null

2018-11-08 15:25:14 - [TEST_STEP][PASSED] - Statement - PreSaveFile = new java.io.File(((pathPrefix + java.lang.Integer.toString(counter)) + .png)): null

2018-11-08 15:25:14 - [TEST_STEP][PASSED] - Statement - counter = counter + 1: null

2018-11-08 15:25:14 - [TEST_STEP][PASSED] - Statement - PreSaveFile = new java.io.File(((pathPrefix + java.lang.Integer.toString(counter)) + .png)): null

2018-11-08 15:25:14 - [TEST_STEP][PASSED] - Statement - counter = counter + 1: null

2018-11-08 15:25:14 - [TEST_STEP][PASSED] - Statement - PreSaveFile = new java.io.File(((pathPrefix + java.lang.Integer.toString(counter)) + .png)): null

2018-11-08 15:25:14 - [TEST_STEP][PASSED] - Statement - counter = counter + 1: null

2018-11-08 15:25:15 - [TEST_STEP][PASSED] - Statement - PreSaveFile = new java.io.File(((pathPrefix + java.lang.Integer.toString(counter)) + .png)): null

2018-11-08 15:25:15 - [TEST_STEP][PASSED] - Statement - counter = counter + 1: null

2018-11-08 15:25:15 - [TEST_STEP][PASSED] - Statement - PreSaveFile = new java.io.File(((pathPrefix + java.lang.Integer.toString(counter)) + .png)): null

2018-11-08 15:25:15 - [TEST_STEP][PASSED] - Statement - counter = counter + 1: null

2018-11-08 15:25:15 - [TEST_STEP][PASSED] - Statement - PreSaveFile = new java.io.File(((pathPrefix + java.lang.Integer.toString(counter)) + .png)): null

2018-11-08 15:25:15 - [TEST_STEP][PASSED] - Statement - counter = counter + 1: null

2018-11-08 15:25:15 - [TEST_STEP][PASSED] - Statement - PreSaveFile = new java.io.File(((pathPrefix + java.lang.Integer.toString(counter)) + .png)): null

2018-11-08 15:25:15 - [TEST_STEP][PASSED] - Statement - counter = counter + 1: null

2018-11-08 15:25:15 - [TEST_STEP][PASSED] - Statement - PreSaveFile = new java.io.File(((pathPrefix + java.lang.Integer.toString(counter)) + .png)): null

2018-11-08 15:25:16 - [TEST_STEP][PASSED] - Statement - counter = counter + 1: null

2018-11-08 15:25:16 - [TEST_STEP][PASSED] - Statement - PreSaveFile = new java.io.File(((pathPrefix + java.lang.Integer.toString(counter)) + .png)): null

2018-11-08 15:25:16 - [TEST_STEP][PASSED] - Statement - counter = counter + 1: null

2018-11-08 15:25:16 - [TEST_STEP][PASSED] - Statement - PreSaveFile = new java.io.File(((pathPrefix + java.lang.Integer.toString(counter)) + .png)): null

2018-11-08 15:25:16 - [TEST_STEP][PASSED] - Statement - counter = counter + 1: null

2018-11-08 15:25:16 - [TEST_STEP][PASSED] - Statement - PreSaveFile = new java.io.File(((pathPrefix + java.lang.Integer.toString(counter)) + .png)): null

2018-11-08 15:25:16 - [TEST_STEP][PASSED] - Statement - counter = counter + 1: null

2018-11-08 15:25:16 - [TEST_STEP][PASSED] - Statement - PreSaveFile = new java.io.File(((pathPrefix + java.lang.Integer.toString(counter)) + .png)): null

2018-11-08 15:25:16 - [TEST_STEP][PASSED] - Statement - counter = counter + 1: null

2018-11-08 15:25:16 - [TEST_STEP][PASSED] - Statement - PreSaveFile = new java.io.File(((pathPrefix + java.lang.Integer.toString(counter)) + .png)): null

2018-11-08 15:25:16 - [TEST_STEP][PASSED] - Statement - counter = counter + 1: null

2018-11-08 15:25:16 - [TEST_STEP][PASSED] - Statement - PreSaveFile = new java.io.File(((pathPrefix + java.lang.Integer.toString(counter)) + .png)): null

2018-11-08 15:25:17 - [TEST_STEP][PASSED] - Statement - counter = counter + 1: null

2018-11-08 15:25:17 - [TEST_STEP][PASSED] - Statement - PreSaveFile = new java.io.File(((pathPrefix + java.lang.Integer.toString(counter)) + .png)): null

2018-11-08 15:25:17 - [TEST_STEP][PASSED] - Statement - counter = counter + 1: null

2018-11-08 15:25:17 - [TEST_STEP][PASSED] - Statement - PreSaveFile = new java.io.File(((pathPrefix + java.lang.Integer.toString(counter)) + .png)): null

2018-11-08 15:25:17 - [TEST_STEP][PASSED] - Statement - counter = counter + 1: null

2018-11-08 15:25:17 - [TEST_STEP][PASSED] - Statement - PreSaveFile = new java.io.File(((pathPrefix + java.lang.Integer.toString(counter)) + .png)): null

2018-11-08 15:25:17 - [TEST_STEP][PASSED] - Statement - counter = counter + 1: null

2018-11-08 15:25:17 - [TEST_STEP][PASSED] - Statement - PreSaveFile = new java.io.File(((pathPrefix + java.lang.Integer.toString(counter)) + .png)): null

2018-11-08 15:25:17 - [TEST_STEP][PASSED] - Statement - counter = counter + 1: null

2018-11-08 15:25:17 - [TEST_STEP][PASSED] - Statement - PreSaveFile = new java.io.File(((pathPrefix + java.lang.Integer.toString(counter)) + .png)): null

2018-11-08 15:25:17 - [TEST_STEP][PASSED] - Statement - counter = counter + 1: null

2018-11-08 15:25:17 - [TEST_STEP][PASSED] - Statement - PreSaveFile = new java.io.File(((pathPrefix + java.lang.Integer.toString(counter)) + .png)): null

2018-11-08 15:25:17 - [TEST_STEP][PASSED] - Statement - counter = counter + 1: null

2018-11-08 15:25:17 - [TEST_STEP][PASSED] - Statement - PreSaveFile = new java.io.File(((pathPrefix + java.lang.Integer.toString(counter)) + .png)): null

2018-11-08 15:25:17 - [TEST_STEP][PASSED] - Statement - counter = counter + 1: null

2018-11-08 15:25:17 - [TEST_STEP][PASSED] - Statement - PreSaveFile = new java.io.File(((pathPrefix + java.lang.Integer.toString(counter)) + .png)): null

2018-11-08 15:25:17 - [TEST_STEP][PASSED] - Statement - counter = counter + 1: null

2018-11-08 15:25:17 - [TEST_STEP][PASSED] - Statement - PreSaveFile = new java.io.File(((pathPrefix + java.lang.Integer.toString(counter)) + .png)): null

2018-11-08 15:25:17 - [TEST_STEP][PASSED] - Statement - counter = counter + 1: null

2018-11-08 15:25:17 - [TEST_STEP][PASSED] - Statement - PreSaveFile = new java.io.File(((pathPrefix + java.lang.Integer.toString(counter)) + .png)): null

2018-11-08 15:25:17 - [TEST_STEP][PASSED] - Statement - counter = counter + 1: null

2018-11-08 15:25:18 - [TEST_STEP][PASSED] - Statement - PreSaveFile = new java.io.File(((pathPrefix + java.lang.Integer.toString(counter)) + .png)): null

2018-11-08 15:25:18 - [TEST_STEP][PASSED] - Statement - counter = counter + 1: null

2018-11-08 15:25:18 - [TEST_STEP][PASSED] - Statement - PreSaveFile = new java.io.File(((pathPrefix + java.lang.Integer.toString(counter)) + .png)): null

2018-11-08 15:25:18 - [TEST_STEP][PASSED] - Statement - counter = counter + 1: null

2018-11-08 15:25:18 - [TEST_STEP][PASSED] - Statement - PreSaveFile = new java.io.File(((pathPrefix + java.lang.Integer.toString(counter)) + .png)): null

2018-11-08 15:25:18 - [TEST_STEP][PASSED] - Statement - counter = counter + 1: null

2018-11-08 15:25:18 - [TEST_STEP][PASSED] - Statement - PreSaveFile = new java.io.File(((pathPrefix + java.lang.Integer.toString(counter)) + .png)): null

2018-11-08 15:25:18 - [TEST_STEP][PASSED] - Statement - counter = counter + 1: null

2018-11-08 15:25:18 - [TEST_STEP][PASSED] - Statement - PreSaveFile = new java.io.File(((pathPrefix + java.lang.Integer.toString(counter)) + .png)): null

2018-11-08 15:25:18 - [TEST_STEP][PASSED] - Statement - counter = counter + 1: null

2018-11-08 15:25:19 - [TEST_STEP][PASSED] - Statement - PreSaveFile = new java.io.File(((pathPrefix + java.lang.Integer.toString(counter)) + .png)): null

2018-11-08 15:25:19 - [TEST_STEP][PASSED] - Statement - counter = counter + 1: null

2018-11-08 15:25:19 - [TEST_STEP][PASSED] - Statement - PreSaveFile = new java.io.File(((pathPrefix + java.lang.Integer.toString(counter)) + .png)): null

2018-11-08 15:25:19 - [TEST_STEP][PASSED] - Statement - counter = counter + 1: null

2018-11-08 15:25:19 - [TEST_STEP][PASSED] - Statement - PreSaveFile = new java.io.File(((pathPrefix + java.lang.Integer.toString(counter)) + .png)): null

2018-11-08 15:25:19 - [TEST_STEP][PASSED] - Statement - counter = counter + 1: null

2018-11-08 15:25:19 - [TEST_STEP][PASSED] - Statement - PreSaveFile = new java.io.File(((pathPrefix + java.lang.Integer.toString(counter)) + .png)): null

2018-11-08 15:25:19 - [TEST_STEP][PASSED] - Statement - counter = counter + 1: null

2018-11-08 15:25:19 - [TEST_STEP][PASSED] - Statement - PreSaveFile = new java.io.File(((pathPrefix + java.lang.Integer.toString(counter)) + .png)): null

2018-11-08 15:25:20 - [TEST_STEP][PASSED] - Statement - counter = counter + 1: null

2018-11-08 15:25:20 - [TEST_STEP][PASSED] - Statement - PreSaveFile = new java.io.File(((pathPrefix + java.lang.Integer.toString(counter)) + .png)): null

2018-11-08 15:25:20 - [TEST_STEP][PASSED] - Statement - counter = counter + 1: null

2018-11-08 15:25:20 - [TEST_STEP][PASSED] - Statement - PreSaveFile = new java.io.File(((pathPrefix + java.lang.Integer.toString(counter)) + .png)): null

2018-11-08 15:25:20 - [TEST_STEP][PASSED] - Statement - counter = counter + 1: null

2018-11-08 15:25:20 - [TEST_STEP][PASSED] - Statement - PreSaveFile = new java.io.File(((pathPrefix + java.lang.Integer.toString(counter)) + .png)): null

2018-11-08 15:25:20 - [TEST_STEP][PASSED] - Statement - counter = counter + 1: null

2018-11-08 15:25:20 - [TEST_STEP][PASSED] - Statement - PreSaveFile = new java.io.File(((pathPrefix + java.lang.Integer.toString(counter)) + .png)): null

2018-11-08 15:25:20 - [TEST_STEP][PASSED] - Statement - counter = counter + 1: null

2018-11-08 15:25:20 - [TEST_STEP][PASSED] - Statement - PreSaveFile = new java.io.File(((pathPrefix + java.lang.Integer.toString(counter)) + .png)): null

2018-11-08 15:25:20 - [TEST_STEP][PASSED] - Statement - counter = counter + 1: null

2018-11-08 15:25:20 - [TEST_STEP][PASSED] - Statement - PreSaveFile = new java.io.File(((pathPrefix + java.lang.Integer.toString(counter)) + .png)): null

2018-11-08 15:25:21 - [TEST_STEP][PASSED] - Statement - counter = counter + 1: null

2018-11-08 15:25:21 - [TEST_STEP][PASSED] - Statement - PreSaveFile = new java.io.File(((pathPrefix + java.lang.Integer.toString(counter)) + .png)): null

2018-11-08 15:25:21 - [TEST_STEP][PASSED] - Statement - counter = counter + 1: null

2018-11-08 15:25:21 - [TEST_STEP][PASSED] - Statement - PreSaveFile = new java.io.File(((pathPrefix + java.lang.Integer.toString(counter)) + .png)): null

2018-11-08 15:25:21 - [TEST_STEP][PASSED] - Statement - counter = counter + 1: null

2018-11-08 15:25:21 - [TEST_STEP][PASSED] - Statement - PreSaveFile = new java.io.File(((pathPrefix + java.lang.Integer.toString(counter)) + .png)): null

2018-11-08 15:25:21 - [TEST_STEP][PASSED] - Statement - counter = counter + 1: null

2018-11-08 15:25:21 - [TEST_STEP][PASSED] - Statement - PreSaveFile = new java.io.File(((pathPrefix + java.lang.Integer.toString(counter)) + .png)): null

2018-11-08 15:25:21 - [TEST_STEP][PASSED] - Statement - counter = counter + 1: null

2018-11-08 15:25:21 - [TEST_STEP][PASSED] - Statement - PreSaveFile = new java.io.File(((pathPrefix + java.lang.Integer.toString(counter)) + .png)): null

2018-11-08 15:25:21 - [TEST_STEP][PASSED] - Statement - counter = counter + 1: null

2018-11-08 15:25:21 - [TEST_STEP][PASSED] - Statement - PreSaveFile = new java.io.File(((pathPrefix + java.lang.Integer.toString(counter)) + .png)): null

2018-11-08 15:25:21 - [TEST_STEP][PASSED] - Statement - finalPath = pathPrefix + java.lang.Integer.toString(counter) + ".png": null

2018-11-08 15:25:21 - [TEST_STEP][PASSED] - Statement - SaveFile = new java.io.File(finalPath): null

2018-11-08 15:25:21 - [TEST_STEP][PASSED] - Statement - Try: null

2018-11-08 15:25:21 - [TEST_STEP][PASSED] - Statement - org.apache.commons.io.FileUtils.copyFile(scrFile, SaveFile): null

2018-11-08 15:25:21 - [TEST_STEP][PASSED] - Statement - out.println("file kept"): null

2018-11-08 15:25:21 - [TEST_STEP][PASSED] - delay: Delayed 10 second(s)

2018-11-08 15:25:31 - [MESSAGE][PASSED] - Delayed 10 second(s)

2018-11-08 15:25:31 - [MESSAGE][PASSED] - Call Test Case 'Test Cases/Final Aug 2018 - PKS Automation/Registration Module/New Registration/Submit and Screenshot/Submit Registration and Screenshot' successfully

2018-11-08 15:25:31 - [TEST_STEP][PASSED] - callTestCase: Call Test Case 'Test Cases/Final Aug 2018 - PKS Automation/Registration Module/Log Out/log out avoiding katalon tagging' successfully

2018-11-08 15:25:31 - [TEST_CASE][PASSED] - Test Cases/Final Aug 2018 - PKS Automation/Registration Module/Log Out/log out avoiding katalon tagging: Test Cases/Final Aug 2018 - PKS Automation/Registration Module/Log Out/log out avoiding katalon tagging

2018-11-08 15:25:31 - [TEST_STEP][PASSED] - navigateToUrl: Navigate to 'https://assist2-uat.perkeso.gov.my/c/portal/logout' successfully

2018-11-08 15:25:33 - [MESSAGE][PASSED] - Navigate to 'https://assist2-uat.perkeso.gov.my/c/portal/logout' successfully

2018-11-08 15:25:33 - [MESSAGE][PASSED] - Call Test Case 'Test Cases/Final Aug 2018 - PKS Automation/Registration Module/Log Out/log out avoiding katalon tagging' successfully

2018-11-08 15:25:33 - [TEST_STEP][PASSED] - callTestCase: Call Test Case 'Test Cases/Final Aug 2018 - PKS Automation/Common/Workflow Owner Finder' successfully

2018-11-08 15:25:33 - [TEST_CASE][PASSED] - Test Cases/Final Aug 2018 - PKS Automation/Common/Workflow Owner Finder: Test Cases/Final Aug 2018 - PKS Automation/Common/Workflow Owner Finder

2018-11-08 15:25:33 - [TEST_STEP][PASSED] - openBrowser: Browser is opened with url: ''

2018-11-08 15:25:33 - [MESSAGE][WARNING] - A browser is already opened. Closing browser and opening a new one

2018-11-08 15:25:39 - [MESSAGE][PASSED] - Browser is opened with url: ''

2018-11-08 15:25:39 - [TEST_STEP][PASSED] - navigateToUrl: Navigate to 'https://assist2-uat.perkeso.gov.my/login' successfully

2018-11-08 15:25:43 - [MESSAGE][PASSED] - Navigate to 'https://assist2-uat.perkeso.gov.my/login' successfully

2018-11-08 15:25:43 - [TEST_STEP][PASSED] - delay: Delayed 5 second(s)

2018-11-08 15:25:48 - [MESSAGE][PASSED] - Delayed 5 second(s)

2018-11-08 15:25:48 - [TEST_STEP][PASSED] - setText: Text 'test@liferay.com' is set on object 'Object Repository/Final Object Repo/Login Page/Internal User/Email Address'

2018-11-08 15:25:48 - [MESSAGE][PASSED] - Text 'test@liferay.com' is set on object 'Object Repository/Final Object Repo/Login Page/Internal User/Email Address'

2018-11-08 15:25:48 - [TEST_STEP][PASSED] - click: Object: 'Object Repository/Final Object Repo/Login Page/Internal User/Next Button' is clicked on

2018-11-08 15:25:48 - [MESSAGE][PASSED] - Object: 'Object Repository/Final Object Repo/Login Page/Internal User/Next Button' is clicked on

2018-11-08 15:25:48 - [TEST_STEP][PASSED] - delay: Delayed 2 second(s)

2018-11-08 15:25:50 - [MESSAGE][PASSED] - Delayed 2 second(s)

2018-11-08 15:25:51 - [TEST_STEP][PASSED] - setText: Text 'test' is set on object 'Object Repository/Final Object Repo/Login Page/Internal User/Password'

2018-11-08 15:25:51 - [MESSAGE][PASSED] - Text 'test' is set on object 'Object Repository/Final Object Repo/Login Page/Internal User/Password'

2018-11-08 15:25:51 - [TEST_STEP][PASSED] - delay: Delayed 2 second(s)

2018-11-08 15:25:53 - [MESSAGE][PASSED] - Delayed 2 second(s)

2018-11-08 15:25:53 - [TEST_STEP][PASSED] - click: Object: 'Object Repository/Final Object Repo/Login Page/Internal User/Login Button' is clicked on

2018-11-08 15:25:56 - [MESSAGE][PASSED] - Object: 'Object Repository/Final Object Repo/Login Page/Internal User/Login Button' is clicked on

2018-11-08 15:25:56 - [TEST_STEP][PASSED] - Statement - Try: Delayed 2 second(s)

2018-11-08 15:25:56 - [TEST_STEP][PASSED] - Statement - Checker = false: null

2018-11-08 15:25:56 - [TEST_STEP][PASSED] - Statement - Checker = com.kms.katalon.core.webui.keyword.WebUiBuiltInKeywords.verifyElementHasAttribute(com.kms.katalon.core.testobject.ObjectRepository.findTestObject(Final Object Repo/Landing Page/BM Detecting), "href", 20, OPTIONAL): Object 'Object Repository/Final Object Repo/Landing Page/BM Detecting' has attribute 'href'

2018-11-08 15:25:56 - [MESSAGE][PASSED] - Object 'Object Repository/Final Object Repo/Landing Page/BM Detecting' has attribute 'href'

2018-11-08 15:25:56 - [TEST_STEP][PASSED] - Statement - out.println(Checker): null

2018-11-08 15:25:56 - [TEST_STEP][PASSED] - Statement - If (Checker == false): null

2018-11-08 15:25:56 - [TEST_STEP][PASSED] - Statement - Else: null

2018-11-08 15:25:56 - [TEST_STEP][PASSED] - delay: Delayed 2 second(s)

2018-11-08 15:25:58 - [MESSAGE][PASSED] - Delayed 2 second(s)

2018-11-08 15:25:58 - [TEST_STEP][PASSED] - delay: Delayed 3 second(s)

2018-11-08 15:26:01 - [MESSAGE][PASSED] - Delayed 3 second(s)

2018-11-08 15:26:01 - [TEST_STEP][PASSED] - mouseOver: Object: 'Object Repository/Final Object Repo/Landing Page/WorkFlow Menu' is hovered

2018-11-08 15:26:01 - [MESSAGE][PASSED] - Object: 'Object Repository/Final Object Repo/Landing Page/WorkFlow Menu' is hovered

2018-11-08 15:26:01 - [TEST_STEP][PASSED] - delay: Delayed 2 second(s)

2018-11-08 15:26:04 - [MESSAGE][PASSED] - Delayed 2 second(s)

2018-11-08 15:26:04 - [TEST_STEP][PASSED] - click: Object: 'Object Repository/Final Object Repo/Landing Page/Select to Workflow Listing' is clicked on

2018-11-08 15:26:05 - [MESSAGE][PASSED] - Object: 'Object Repository/Final Object Repo/Landing Page/Select to Workflow Listing' is clicked on

2018-11-08 15:26:05 - [TEST_STEP][PASSED] - delay: Delayed 2 second(s)

2018-11-08 15:26:07 - [MESSAGE][PASSED] - Delayed 2 second(s)

2018-11-08 15:26:07 - [TEST_STEP][PASSED] - click: Object: 'Object Repository/Final Object Repo/WorkFlow Listing Page/Search Information - To Put Ref No' is clicked on

2018-11-08 15:26:07 - [MESSAGE][PASSED] - Object: 'Object Repository/Final Object Repo/WorkFlow Listing Page/Search Information - To Put Ref No' is clicked on

2018-11-08 15:26:07 - [TEST_STEP][PASSED] - delay: Delayed 2 second(s)

2018-11-08 15:26:09 - [MESSAGE][PASSED] - Delayed 2 second(s)

2018-11-08 15:26:09 - [TEST_STEP][PASSED] - callTestCase: Call Test Case 'Test Cases/Final Aug 2018 - PKS Automation/Common/Reference Number Getter' successfully

2018-11-08 15:26:09 - [TEST_CASE][PASSED] - Test Cases/Final Aug 2018 - PKS Automation/Common/Reference Number Getter: Test Cases/Final Aug 2018 - PKS Automation/Common/Reference Number Getter

2018-11-08 15:26:09 - [TEST_STEP][PASSED] - Statement - Try: null

2018-11-08 15:26:09 - [TEST_STEP][PASSED] - Statement - RefNo = new java.io.File(C://KatalonReference.txt): null

2018-11-08 15:26:09 - [TEST_STEP][PASSED] - Statement - bufferread = new java.io.BufferedReader(new java.io.FileReader(RefNo)): null

2018-11-08 15:26:09 - [TEST_STEP][PASSED] - Statement - readedVal = bufferread.readLine(): null

2018-11-08 15:26:09 - [TEST_STEP][PASSED] - Statement - out.println(CaseReferenceNo): null

2018-11-08 15:26:09 - [TEST_STEP][PASSED] - Statement - out.println(readedVal): null

2018-11-08 15:26:09 - [TEST_STEP][PASSED] - Statement - CaseReferenceNo = readedVal: null

2018-11-08 15:26:10 - [MESSAGE][PASSED] - Call Test Case 'Test Cases/Final Aug 2018 - PKS Automation/Common/Reference Number Getter' successfully

2018-11-08 15:26:10 - [TEST_STEP][PASSED] - setText: Text 'CRN11201800122422' is set on object 'Object Repository/Final Object Repo/WorkFlow Listing Page/Ref No Set Text'

2018-11-08 15:26:10 - [MESSAGE][PASSED] - Text 'CRN11201800122422' is set on object 'Object Repository/Final Object Repo/WorkFlow Listing Page/Ref No Set Text'

2018-11-08 15:26:10 - [TEST_STEP][PASSED] - delay: Delayed 2 second(s)

2018-11-08 15:26:12 - [MESSAGE][PASSED] - Delayed 2 second(s)

2018-11-08 15:26:12 - [TEST_STEP][PASSED] - click: Object: 'Object Repository/Final Object Repo/WorkFlow Listing Page/Search Ref No Search Button' is clicked on

2018-11-08 15:26:14 - [MESSAGE][PASSED] - Object: 'Object Repository/Final Object Repo/WorkFlow Listing Page/Search Ref No Search Button' is clicked on

2018-11-08 15:26:14 - [TEST_STEP][PASSED] - delay: Delayed 4 second(s)

2018-11-08 15:26:18 - [MESSAGE][PASSED] - Delayed 4 second(s)

2018-11-08 15:26:18 - [TEST_STEP][PASSED] - click: Object: 'Object Repository/Final Object Repo/WorkFlow Listing Page/Click Continue Tooltip' is clicked on

2018-11-08 15:26:20 - [MESSAGE][PASSED] - Object: 'Object Repository/Final Object Repo/WorkFlow Listing Page/Click Continue Tooltip' is clicked on

2018-11-08 15:26:20 - [TEST_STEP][PASSED] - delay: Delayed 5 second(s)

2018-11-08 15:26:25 - [MESSAGE][PASSED] - Delayed 5 second(s)

2018-11-08 15:26:25 - [TEST_STEP][PASSED] - doubleClick: Object: 'Object Repository/Final Object Repo/WorkFlow Listing Page/Workflow Found - Listing 1' is double clicked on

2018-11-08 15:26:25 - [MESSAGE][PASSED] - Object: 'Object Repository/Final Object Repo/WorkFlow Listing Page/Workflow Found - Listing 1' is double clicked on

2018-11-08 15:26:25 - [TEST_STEP][PASSED] - Statement - println(OwnerID): null

2018-11-08 15:26:25 - [TEST_STEP][PASSED] - Statement - OwnerID = com.kms.katalon.core.webui.keyword.WebUiBuiltInKeywords.getText(com.kms.katalon.core.testobject.ObjectRepository.findTestObject(Final Object Repo/WorkFlow Listing Page/Workflow Found - Listing 1), STOP_ON_FAILURE): Text of object 'Object Repository/Final Object Repo/WorkFlow Listing Page/Workflow Found - Listing 1' is: 'JOHORro2'

2018-11-08 15:26:26 - [MESSAGE][PASSED] - Text of object 'Object Repository/Final Object Repo/WorkFlow Listing Page/Workflow Found - Listing 1' is: 'JOHORro2'

2018-11-08 15:26:26 - [TEST_STEP][PASSED] - Statement - OwnerID = OwnerID.toLowerCase() + "@gmail.com": null

2018-11-08 15:26:26 - [TEST_STEP][PASSED] - Statement - println(OwnerID): null

2018-11-08 15:26:26 - [TEST_STEP][PASSED] - delay: Delayed 2 second(s)

2018-11-08 15:26:28 - [MESSAGE][PASSED] - Delayed 2 second(s)

2018-11-08 15:26:28 - [MESSAGE][PASSED] - Call Test Case 'Test Cases/Final Aug 2018 - PKS Automation/Common/Workflow Owner Finder' successfully

2018-11-08 15:26:28 - [TEST_STEP][PASSED] - callTestCase: Call Test Case 'Test Cases/Final Aug 2018 - PKS Automation/Registration Module/Log Out/log out avoiding katalon tagging' successfully

2018-11-08 15:26:28 - [TEST_CASE][PASSED] - Test Cases/Final Aug 2018 - PKS Automation/Registration Module/Log Out/log out avoiding katalon tagging: Test Cases/Final Aug 2018 - PKS Automation/Registration Module/Log Out/log out avoiding katalon tagging

2018-11-08 15:26:28 - [TEST_STEP][PASSED] - navigateToUrl: Navigate to 'https://assist2-uat.perkeso.gov.my/c/portal/logout' successfully

2018-11-08 15:26:29 - [MESSAGE][PASSED] - Navigate to 'https://assist2-uat.perkeso.gov.my/c/portal/logout' successfully

2018-11-08 15:26:29 - [MESSAGE][PASSED] - Call Test Case 'Test Cases/Final Aug 2018 - PKS Automation/Registration Module/Log Out/log out avoiding katalon tagging' successfully

2018-11-08 15:26:29 - [TEST_STEP][PASSED] - delay: Delayed 2 second(s)

2018-11-08 15:26:31 - [MESSAGE][PASSED] - Delayed 2 second(s)

2018-11-08 15:26:31 - [TEST_STEP][PASSED] - setText: Text 'johorro2@gmail.com' is set on object 'Object Repository/Final Object Repo/New Registration - Registration Module Pages/New Reg - OTC to RO/Special Case - All Related Objects/Email TextBox'

2018-11-08 15:26:31 - [MESSAGE][PASSED] - Text 'johorro2@gmail.com' is set on object 'Object Repository/Final Object Repo/New Registration - Registration Module Pages/New Reg - OTC to RO/Special Case - All Related Objects/Email TextBox'

2018-11-08 15:26:31 - [TEST_STEP][PASSED] - click: Object: 'Object Repository/Final Object Repo/New Registration - Registration Module Pages/New Reg - OTC to RO/Special Case - All Related Objects/Next Button' is clicked on

2018-11-08 15:26:32 - [MESSAGE][PASSED] - Object: 'Object Repository/Final Object Repo/New Registration - Registration Module Pages/New Reg - OTC to RO/Special Case - All Related Objects/Next Button' is clicked on

2018-11-08 15:26:32 - [TEST_STEP][PASSED] - delay: Delayed 2 second(s)

2018-11-08 15:26:34 - [MESSAGE][PASSED] - Delayed 2 second(s)

2018-11-08 15:26:34 - [TEST_STEP][PASSED] - setText: Text 'Test1@3456789' is set on object 'Object Repository/Final Object Repo/New Registration - Registration Module Pages/New Reg - OTC to RO/Special Case - All Related Objects/Password TextBox'

2018-11-08 15:26:34 - [MESSAGE][PASSED] - Text 'Test1@3456789' is set on object 'Object Repository/Final Object Repo/New Registration - Registration Module Pages/New Reg - OTC to RO/Special Case - All Related Objects/Password TextBox'

2018-11-08 15:26:34 - [TEST_STEP][PASSED] - delay: Delayed 2 second(s)

2018-11-08 15:26:36 - [MESSAGE][PASSED] - Delayed 2 second(s)

2018-11-08 15:26:36 - [TEST_STEP][PASSED] - click: Object: 'Object Repository/Final Object Repo/New Registration - Registration Module Pages/New Reg - OTC to RO/Special Case - All Related Objects/Login Button' is clicked on

2018-11-08 15:26:39 - [MESSAGE][PASSED] - Object: 'Object Repository/Final Object Repo/New Registration - Registration Module Pages/New Reg - OTC to RO/Special Case - All Related Objects/Login Button' is clicked on

2018-11-08 15:26:39 - [TEST_STEP][PASSED] - delay: Delayed 2 second(s)

2018-11-08 15:26:41 - [MESSAGE][PASSED] - Delayed 2 second(s)

2018-11-08 15:26:41 - [TEST_STEP][PASSED] - Statement - Try: null

2018-11-08 15:26:41 - [TEST_STEP][PASSED] - Statement - Checker = com.kms.katalon.core.webui.keyword.WebUiBuiltInKeywords.verifyElementNotPresent("Final Object Repo/Landing Page/Select to English", 3): null

2018-11-08 15:26:41 - [TEST_STEP][PASSED] - Statement - Catch (Exception e): null

2018-11-08 15:26:41 - [TEST_STEP][PASSED] - Statement - e.printStackTrace(): null

2018-11-08 15:26:41 - [TEST_STEP][PASSED] - click: Object: 'Object Repository/Final Object Repo/New Registration - Registration Module Pages/New Reg - OTC to RO/Special Case - All Related Objects/Expand to Search' is clicked on

2018-11-08 15:26:41 - [MESSAGE][PASSED] - Object: 'Object Repository/Final Object Repo/New Registration - Registration Module Pages/New Reg - OTC to RO/Special Case - All Related Objects/Expand to Search' is clicked on

2018-11-08 15:26:41 - [TEST_STEP][PASSED] - setText: Text 'CRN11201800122422' is set on object 'Object Repository/Final Object Repo/New Registration - Registration Module Pages/New Reg - OTC to RO/Special Case - All Related Objects/TextBox RefNo in Workbasket'

2018-11-08 15:26:41 - [MESSAGE][PASSED] - Text 'CRN11201800122422' is set on object 'Object Repository/Final Object Repo/New Registration - Registration Module Pages/New Reg - OTC to RO/Special Case - All Related Objects/TextBox RefNo in Workbasket'

2018-11-08 15:26:41 - [TEST_STEP][PASSED] - delay: Delayed 2 second(s)

2018-11-08 15:26:43 - [MESSAGE][PASSED] - Delayed 2 second(s)

2018-11-08 15:26:43 - [TEST_STEP][PASSED] - click: Object: 'Object Repository/Final Object Repo/New Registration - Registration Module Pages/New Reg - OTC to RO/Special Case - All Related Objects/Click Search' is clicked on

2018-11-08 15:26:45 - [MESSAGE][PASSED] - Object: 'Object Repository/Final Object Repo/New Registration - Registration Module Pages/New Reg - OTC to RO/Special Case - All Related Objects/Click Search' is clicked on

2018-11-08 15:26:45 - [TEST_STEP][PASSED] - click: Object: 'Object Repository/Final Object Repo/New Registration - Registration Module Pages/New Reg - OTC to RO/Special Case - All Related Objects/Click to Continue Workflow' is clicked on

2018-11-08 15:26:51 - [MESSAGE][PASSED] - Object: 'Object Repository/Final Object Repo/New Registration - Registration Module Pages/New Reg - OTC to RO/Special Case - All Related Objects/Click to Continue Workflow' is clicked on

2018-11-08 15:26:51 - [TEST_STEP][PASSED] - delay: Delayed 2 second(s)

2018-11-08 15:26:53 - [MESSAGE][PASSED] - Delayed 2 second(s)

2018-11-08 15:26:53 - [TEST_STEP][PASSED] - click: Object: 'Object Repository/Final Object Repo/New Registration - Registration Module Pages/New Reg - OTC to RO/Special Case - All Related Objects/Continue Button in verifying case' is clicked on

2018-11-08 15:26:56 - [MESSAGE][PASSED] - Object: 'Object Repository/Final Object Repo/New Registration - Registration Module Pages/New Reg - OTC to RO/Special Case - All Related Objects/Continue Button in verifying case' is clicked on

2018-11-08 15:26:56 - [TEST_STEP][PASSED] - delay: Delayed 2 second(s)

2018-11-08 15:26:58 - [MESSAGE][PASSED] - Delayed 2 second(s)

2018-11-08 15:26:58 - [TEST_STEP][PASSED] - click: Object: 'Object Repository/Final Object Repo/New Registration - Registration Module Pages/Form 1/Registered As a Branch - Yes' is clicked on

2018-11-08 15:26:58 - [MESSAGE][PASSED] - Object: 'Object Repository/Final Object Repo/New Registration - Registration Module Pages/Form 1/Registered As a Branch - Yes' is clicked on

2018-11-08 15:26:58 - [TEST_STEP][PASSED] - delay: Delayed 2 second(s)

2018-11-08 15:27:00 - [MESSAGE][PASSED] - Delayed 2 second(s)

2018-11-08 15:27:00 - [TEST_STEP][PASSED] - click: Object: 'Object Repository/Final Object Repo/New Registration - Registration Module Pages/New Reg - OTC to RO/Special Case - All Related Objects/Form 1 Save n Continue' is clicked on

2018-11-08 15:27:01 - [MESSAGE][PASSED] - Object: 'Object Repository/Final Object Repo/New Registration - Registration Module Pages/New Reg - OTC to RO/Special Case - All Related Objects/Form 1 Save n Continue' is clicked on

2018-11-08 15:27:01 - [TEST_STEP][PASSED] - delay: Delayed 2 second(s)

2018-11-08 15:27:03 - [MESSAGE][PASSED] - Delayed 2 second(s)

2018-11-08 15:27:03 - [TEST_STEP][PASSED] - click: Object: 'Object Repository/Final Object Repo/New Registration - Registration Module Pages/New Reg - OTC to RO/Special Case - All Related Objects/Form 2 Save n Continue' is clicked on

2018-11-08 15:27:05 - [MESSAGE][PASSED] - Object: 'Object Repository/Final Object Repo/New Registration - Registration Module Pages/New Reg - OTC to RO/Special Case - All Related Objects/Form 2 Save n Continue' is clicked on

2018-11-08 15:27:05 - [TEST_STEP][PASSED] - delay: Delayed 2 second(s)

2018-11-08 15:27:07 - [MESSAGE][PASSED] - Delayed 2 second(s)

2018-11-08 15:27:07 - [TEST_STEP][PASSED] - click: Object: 'Object Repository/Final Object Repo/New Registration - Registration Module Pages/New Reg - OTC to RO/Special Case - All Related Objects/Third Screen Save n Continue' is clicked on

2018-11-08 15:27:12 - [MESSAGE][PASSED] - Object: 'Object Repository/Final Object Repo/New Registration - Registration Module Pages/New Reg - OTC to RO/Special Case - All Related Objects/Third Screen Save n Continue' is clicked on

2018-11-08 15:27:12 - [TEST_STEP][PASSED] - delay: Delayed 5 second(s)

2018-11-08 15:27:17 - [MESSAGE][PASSED] - Delayed 5 second(s)

2018-11-08 15:27:17 - [TEST_STEP][PASSED] - click: Object: 'Object Repository/Final Object Repo/New Registration - Registration Module Pages/New Reg - OTC to RO/Special Case - All Related Objects/Upload Doc Page Save n Continue' is clicked on

2018-11-08 15:27:18 - [MESSAGE][PASSED] - Object: 'Object Repository/Final Object Repo/New Registration - Registration Module Pages/New Reg - OTC to RO/Special Case - All Related Objects/Upload Doc Page Save n Continue' is clicked on

2018-11-08 15:27:18 - [TEST_STEP][PASSED] - delay: Delayed 5 second(s)

2018-11-08 15:27:23 - [MESSAGE][PASSED] - Delayed 5 second(s)

2018-11-08 15:27:23 - [TEST_STEP][PASSED] - click: Object: 'Object Repository/Final Object Repo/New Registration - Registration Module Pages/New Reg - OTC to RO/Special Case - All Related Objects/Under Enforcement Button at Preview Screen of RO' is clicked on

2018-11-08 15:27:23 - [MESSAGE][PASSED] - Object: 'Object Repository/Final Object Repo/New Registration - Registration Module Pages/New Reg - OTC to RO/Special Case - All Related Objects/Under Enforcement Button at Preview Screen of RO' is clicked on

2018-11-08 15:27:23 - [TEST_STEP][PASSED] - delay: Delayed 5 second(s)

2018-11-08 15:27:28 - [MESSAGE][PASSED] - Delayed 5 second(s)

2018-11-08 15:27:28 - [TEST_STEP][PASSED] - click: Object: 'Object Repository/Final Object Repo/New Registration - Registration Module Pages/New Reg - OTC to RO/Special Case - All Related Objects/Under Enforcement - inner form' is clicked on

2018-11-08 15:27:33 - [MESSAGE][PASSED] - Object: 'Object Repository/Final Object Repo/New Registration - Registration Module Pages/New Reg - OTC to RO/Special Case - All Related Objects/Under Enforcement - inner form' is clicked on

2018-11-08 15:27:33 - [TEST_STEP][PASSED] - callTestCase: Call Test Case 'Test Cases/Final Aug 2018 - PKS Automation/Common/Screenshoting tool' successfully

2018-11-08 15:27:33 - [TEST_CASE][PASSED] - Test Cases/Final Aug 2018 - PKS Automation/Common/Screenshoting tool: Test Cases/Final Aug 2018 - PKS Automation/Common/Screenshoting tool

2018-11-08 15:27:33 - [TEST_STEP][PASSED] - delay: Delayed 15 second(s)

2018-11-08 15:27:48 - [MESSAGE][PASSED] - Delayed 15 second(s)

2018-11-08 15:27:48 - [TEST_STEP][PASSED] - Statement - driver = com.kms.katalon.core.webui.driver.DriverFactory.getWebDriver(): null

2018-11-08 15:27:48 - [TEST_STEP][PASSED] - Statement - driver.manage().timeouts().implicitlyWait(10, SECONDS): null

2018-11-08 15:27:48 - [TEST_STEP][PASSED] - Statement - PresavePath = KatalonScreenshots: null

2018-11-08 15:27:48 - [TEST_STEP][PASSED] - Statement - pathPrefix = "C:\Users\Public\Pictures\Sample Pictures\Katalon Screenshots\Automate Ending Screen": null

2018-11-08 15:27:48 - [TEST_STEP][PASSED] - Statement - finalPath = <not implemented yet for class: org.codehaus.groovy.ast.expr.EmptyExpression>: null

2018-11-08 15:27:48 - [TEST_STEP][PASSED] - Statement - scrFile = driver.getScreenshotAs(FILE): null

2018-11-08 15:27:48 - [TEST_STEP][PASSED] - Statement - PreSaveFile = new java.io.File(PresavePath): null

2018-11-08 15:27:48 - [TEST_STEP][PASSED] - Statement - counter = 0: null

2018-11-08 15:27:48 - [TEST_STEP][PASSED] - Statement - If (PreSaveFile.exists()): null

2018-11-08 15:27:48 - [TEST_STEP][PASSED] - Statement - While (PreSaveFile.exists()): null

2018-11-08 15:27:48 - [TEST_STEP][PASSED] - Statement - counter = counter + 1: null

2018-11-08 15:27:48 - [TEST_STEP][PASSED] - Statement - PreSaveFile = new java.io.File(((pathPrefix + java.lang.Integer.toString(counter)) + .png)): null

2018-11-08 15:27:48 - [TEST_STEP][PASSED] - Statement - counter = counter + 1: null

2018-11-08 15:27:48 - [TEST_STEP][PASSED] - Statement - PreSaveFile = new java.io.File(((pathPrefix + java.lang.Integer.toString(counter)) + .png)): null

2018-11-08 15:27:48 - [TEST_STEP][PASSED] - Statement - counter = counter + 1: null

2018-11-08 15:27:48 - [TEST_STEP][PASSED] - Statement - PreSaveFile = new java.io.File(((pathPrefix + java.lang.Integer.toString(counter)) + .png)): null

2018-11-08 15:27:48 - [TEST_STEP][PASSED] - Statement - counter = counter + 1: null

2018-11-08 15:27:48 - [TEST_STEP][PASSED] - Statement - PreSaveFile = new java.io.File(((pathPrefix + java.lang.Integer.toString(counter)) + .png)): null

2018-11-08 15:27:48 - [TEST_STEP][PASSED] - Statement - counter = counter + 1: null

2018-11-08 15:27:48 - [TEST_STEP][PASSED] - Statement - PreSaveFile = new java.io.File(((pathPrefix + java.lang.Integer.toString(counter)) + .png)): null

2018-11-08 15:27:48 - [TEST_STEP][PASSED] - Statement - counter = counter + 1: null

2018-11-08 15:27:48 - [TEST_STEP][PASSED] - Statement - PreSaveFile = new java.io.File(((pathPrefix + java.lang.Integer.toString(counter)) + .png)): null

2018-11-08 15:27:48 - [TEST_STEP][PASSED] - Statement - counter = counter + 1: null

2018-11-08 15:27:48 - [TEST_STEP][PASSED] - Statement - PreSaveFile = new java.io.File(((pathPrefix + java.lang.Integer.toString(counter)) + .png)): null

2018-11-08 15:27:48 - [TEST_STEP][PASSED] - Statement - counter = counter + 1: null

2018-11-08 15:27:48 - [TEST_STEP][PASSED] - Statement - PreSaveFile = new java.io.File(((pathPrefix + java.lang.Integer.toString(counter)) + .png)): null

2018-11-08 15:27:48 - [TEST_STEP][PASSED] - Statement - counter = counter + 1: null

2018-11-08 15:27:48 - [TEST_STEP][PASSED] - Statement - PreSaveFile = new java.io.File(((pathPrefix + java.lang.Integer.toString(counter)) + .png)): null

2018-11-08 15:27:48 - [TEST_STEP][PASSED] - Statement - counter = counter + 1: null

2018-11-08 15:27:48 - [TEST_STEP][PASSED] - Statement - PreSaveFile = new java.io.File(((pathPrefix + java.lang.Integer.toString(counter)) + .png)): null

2018-11-08 15:27:48 - [TEST_STEP][PASSED] - Statement - counter = counter + 1: null

2018-11-08 15:27:48 - [TEST_STEP][PASSED] - Statement - PreSaveFile = new java.io.File(((pathPrefix + java.lang.Integer.toString(counter)) + .png)): null

2018-11-08 15:27:48 - [TEST_STEP][PASSED] - Statement - counter = counter + 1: null

2018-11-08 15:27:48 - [TEST_STEP][PASSED] - Statement - PreSaveFile = new java.io.File(((pathPrefix + java.lang.Integer.toString(counter)) + .png)): null

2018-11-08 15:27:48 - [TEST_STEP][PASSED] - Statement - counter = counter + 1: null

2018-11-08 15:27:48 - [TEST_STEP][PASSED] - Statement - PreSaveFile = new java.io.File(((pathPrefix + java.lang.Integer.toString(counter)) + .png)): null

2018-11-08 15:27:48 - [TEST_STEP][PASSED] - Statement - counter = counter + 1: null

2018-11-08 15:27:48 - [TEST_STEP][PASSED] - Statement - PreSaveFile = new java.io.File(((pathPrefix + java.lang.Integer.toString(counter)) + .png)): null

2018-11-08 15:27:48 - [TEST_STEP][PASSED] - Statement - counter = counter + 1: null

2018-11-08 15:27:48 - [TEST_STEP][PASSED] - Statement - PreSaveFile = new java.io.File(((pathPrefix + java.lang.Integer.toString(counter)) + .png)): null

2018-11-08 15:27:48 - [TEST_STEP][PASSED] - Statement - counter = counter + 1: null

2018-11-08 15:27:48 - [TEST_STEP][PASSED] - Statement - PreSaveFile = new java.io.File(((pathPrefix + java.lang.Integer.toString(counter)) + .png)): null

2018-11-08 15:27:48 - [TEST_STEP][PASSED] - Statement - counter = counter + 1: null

2018-11-08 15:27:48 - [TEST_STEP][PASSED] - Statement - PreSaveFile = new java.io.File(((pathPrefix + java.lang.Integer.toString(counter)) + .png)): null

2018-11-08 15:27:48 - [TEST_STEP][PASSED] - Statement - counter = counter + 1: null

2018-11-08 15:27:48 - [TEST_STEP][PASSED] - Statement - PreSaveFile = new java.io.File(((pathPrefix + java.lang.Integer.toString(counter)) + .png)): null

2018-11-08 15:27:48 - [TEST_STEP][PASSED] - Statement - counter = counter + 1: null

2018-11-08 15:27:49 - [TEST_STEP][PASSED] - Statement - PreSaveFile = new java.io.File(((pathPrefix + java.lang.Integer.toString(counter)) + .png)): null

2018-11-08 15:27:49 - [TEST_STEP][PASSED] - Statement - counter = counter + 1: null

2018-11-08 15:27:49 - [TEST_STEP][PASSED] - Statement - PreSaveFile = new java.io.File(((pathPrefix + java.lang.Integer.toString(counter)) + .png)): null

2018-11-08 15:27:49 - [TEST_STEP][PASSED] - Statement - counter = counter + 1: null

2018-11-08 15:27:49 - [TEST_STEP][PASSED] - Statement - PreSaveFile = new java.io.File(((pathPrefix + java.lang.Integer.toString(counter)) + .png)): null

2018-11-08 15:27:49 - [TEST_STEP][PASSED] - Statement - counter = counter + 1: null

2018-11-08 15:27:49 - [TEST_STEP][PASSED] - Statement - PreSaveFile = new java.io.File(((pathPrefix + java.lang.Integer.toString(counter)) + .png)): null

2018-11-08 15:27:49 - [TEST_STEP][PASSED] - Statement - counter = counter + 1: null

2018-11-08 15:27:49 - [TEST_STEP][PASSED] - Statement - PreSaveFile = new java.io.File(((pathPrefix + java.lang.Integer.toString(counter)) + .png)): null

2018-11-08 15:27:49 - [TEST_STEP][PASSED] - Statement - counter = counter + 1: null

2018-11-08 15:27:49 - [TEST_STEP][PASSED] - Statement - PreSaveFile = new java.io.File(((pathPrefix + java.lang.Integer.toString(counter)) + .png)): null

2018-11-08 15:27:49 - [TEST_STEP][PASSED] - Statement - counter = counter + 1: null

2018-11-08 15:27:49 - [TEST_STEP][PASSED] - Statement - PreSaveFile = new java.io.File(((pathPrefix + java.lang.Integer.toString(counter)) + .png)): null

2018-11-08 15:27:49 - [TEST_STEP][PASSED] - Statement - counter = counter + 1: null

2018-11-08 15:27:49 - [TEST_STEP][PASSED] - Statement - PreSaveFile = new java.io.File(((pathPrefix + java.lang.Integer.toString(counter)) + .png)): null

2018-11-08 15:27:50 - [TEST_STEP][PASSED] - Statement - counter = counter + 1: null

2018-11-08 15:27:50 - [TEST_STEP][PASSED] - Statement - PreSaveFile = new java.io.File(((pathPrefix + java.lang.Integer.toString(counter)) + .png)): null

2018-11-08 15:27:50 - [TEST_STEP][PASSED] - Statement - counter = counter + 1: null

2018-11-08 15:27:50 - [TEST_STEP][PASSED] - Statement - PreSaveFile = new java.io.File(((pathPrefix + java.lang.Integer.toString(counter)) + .png)): null

2018-11-08 15:27:50 - [TEST_STEP][PASSED] - Statement - counter = counter + 1: null

2018-11-08 15:27:50 - [TEST_STEP][PASSED] - Statement - PreSaveFile = new java.io.File(((pathPrefix + java.lang.Integer.toString(counter)) + .png)): null

2018-11-08 15:27:50 - [TEST_STEP][PASSED] - Statement - counter = counter + 1: null

2018-11-08 15:27:50 - [TEST_STEP][PASSED] - Statement - PreSaveFile = new java.io.File(((pathPrefix + java.lang.Integer.toString(counter)) + .png)): null

2018-11-08 15:27:50 - [TEST_STEP][PASSED] - Statement - counter = counter + 1: null

2018-11-08 15:27:50 - [TEST_STEP][PASSED] - Statement - PreSaveFile = new java.io.File(((pathPrefix + java.lang.Integer.toString(counter)) + .png)): null

2018-11-08 15:27:50 - [TEST_STEP][PASSED] - Statement - counter = counter + 1: null

2018-11-08 15:27:50 - [TEST_STEP][PASSED] - Statement - PreSaveFile = new java.io.File(((pathPrefix + java.lang.Integer.toString(counter)) + .png)): null

2018-11-08 15:27:50 - [TEST_STEP][PASSED] - Statement - counter = counter + 1: null

2018-11-08 15:27:50 - [TEST_STEP][PASSED] - Statement - PreSaveFile = new java.io.File(((pathPrefix + java.lang.Integer.toString(counter)) + .png)): null

2018-11-08 15:27:50 - [TEST_STEP][PASSED] - Statement - counter = counter + 1: null

2018-11-08 15:27:50 - [TEST_STEP][PASSED] - Statement - PreSaveFile = new java.io.File(((pathPrefix + java.lang.Integer.toString(counter)) + .png)): null

2018-11-08 15:27:50 - [TEST_STEP][PASSED] - Statement - counter = counter + 1: null

2018-11-08 15:27:50 - [TEST_STEP][PASSED] - Statement - PreSaveFile = new java.io.File(((pathPrefix + java.lang.Integer.toString(counter)) + .png)): null

2018-11-08 15:27:50 - [TEST_STEP][PASSED] - Statement - counter = counter + 1: null

2018-11-08 15:27:50 - [TEST_STEP][PASSED] - Statement - PreSaveFile = new java.io.File(((pathPrefix + java.lang.Integer.toString(counter)) + .png)): null

2018-11-08 15:27:50 - [TEST_STEP][PASSED] - Statement - counter = counter + 1: null

2018-11-08 15:27:50 - [TEST_STEP][PASSED] - Statement - PreSaveFile = new java.io.File(((pathPrefix + java.lang.Integer.toString(counter)) + .png)): null

2018-11-08 15:27:50 - [TEST_STEP][PASSED] - Statement - counter = counter + 1: null

2018-11-08 15:27:50 - [TEST_STEP][PASSED] - Statement - PreSaveFile = new java.io.File(((pathPrefix + java.lang.Integer.toString(counter)) + .png)): null

2018-11-08 15:27:50 - [TEST_STEP][PASSED] - Statement - counter = counter + 1: null

2018-11-08 15:27:50 - [TEST_STEP][PASSED] - Statement - PreSaveFile = new java.io.File(((pathPrefix + java.lang.Integer.toString(counter)) + .png)): null

2018-11-08 15:27:51 - [TEST_STEP][PASSED] - Statement - counter = counter + 1: null

2018-11-08 15:27:51 - [TEST_STEP][PASSED] - Statement - PreSaveFile = new java.io.File(((pathPrefix + java.lang.Integer.toString(counter)) + .png)): null

2018-11-08 15:27:51 - [TEST_STEP][PASSED] - Statement - counter = counter + 1: null

2018-11-08 15:27:51 - [TEST_STEP][PASSED] - Statement - PreSaveFile = new java.io.File(((pathPrefix + java.lang.Integer.toString(counter)) + .png)): null

2018-11-08 15:27:51 - [TEST_STEP][PASSED] - Statement - counter = counter + 1: null

2018-11-08 15:27:51 - [TEST_STEP][PASSED] - Statement - PreSaveFile = new java.io.File(((pathPrefix + java.lang.Integer.toString(counter)) + .png)): null

2018-11-08 15:27:51 - [TEST_STEP][PASSED] - Statement - counter = counter + 1: null

2018-11-08 15:27:51 - [TEST_STEP][PASSED] - Statement - PreSaveFile = new java.io.File(((pathPrefix + java.lang.Integer.toString(counter)) + .png)): null

2018-11-08 15:27:51 - [TEST_STEP][PASSED] - Statement - counter = counter + 1: null

2018-11-08 15:27:51 - [TEST_STEP][PASSED] - Statement - PreSaveFile = new java.io.File(((pathPrefix + java.lang.Integer.toString(counter)) + .png)): null

2018-11-08 15:27:51 - [TEST_STEP][PASSED] - Statement - counter = counter + 1: null

2018-11-08 15:27:51 - [TEST_STEP][PASSED] - Statement - PreSaveFile = new java.io.File(((pathPrefix + java.lang.Integer.toString(counter)) + .png)): null

2018-11-08 15:27:51 - [TEST_STEP][PASSED] - Statement - counter = counter + 1: null

2018-11-08 15:27:51 - [TEST_STEP][PASSED] - Statement - PreSaveFile = new java.io.File(((pathPrefix + java.lang.Integer.toString(counter)) + .png)): null

2018-11-08 15:27:51 - [TEST_STEP][PASSED] - Statement - counter = counter + 1: null

2018-11-08 15:27:51 - [TEST_STEP][PASSED] - Statement - PreSaveFile = new java.io.File(((pathPrefix + java.lang.Integer.toString(counter)) + .png)): null

2018-11-08 15:27:51 - [TEST_STEP][PASSED] - Statement - counter = counter + 1: null

2018-11-08 15:27:51 - [TEST_STEP][PASSED] - Statement - PreSaveFile = new java.io.File(((pathPrefix + java.lang.Integer.toString(counter)) + .png)): null

2018-11-08 15:27:51 - [TEST_STEP][PASSED] - Statement - counter = counter + 1: null

2018-11-08 15:27:51 - [TEST_STEP][PASSED] - Statement - PreSaveFile = new java.io.File(((pathPrefix + java.lang.Integer.toString(counter)) + .png)): null

2018-11-08 15:27:51 - [TEST_STEP][PASSED] - Statement - counter = counter + 1: null

2018-11-08 15:27:51 - [TEST_STEP][PASSED] - Statement - PreSaveFile = new java.io.File(((pathPrefix + java.lang.Integer.toString(counter)) + .png)): null

2018-11-08 15:27:51 - [TEST_STEP][PASSED] - Statement - counter = counter + 1: null

2018-11-08 15:27:51 - [TEST_STEP][PASSED] - Statement - PreSaveFile = new java.io.File(((pathPrefix + java.lang.Integer.toString(counter)) + .png)): null

2018-11-08 15:27:52 - [TEST_STEP][PASSED] - Statement - counter = counter + 1: null

2018-11-08 15:27:52 - [TEST_STEP][PASSED] - Statement - PreSaveFile = new java.io.File(((pathPrefix + java.lang.Integer.toString(counter)) + .png)): null

2018-11-08 15:27:52 - [TEST_STEP][PASSED] - Statement - counter = counter + 1: null

2018-11-08 15:27:52 - [TEST_STEP][PASSED] - Statement - PreSaveFile = new java.io.File(((pathPrefix + java.lang.Integer.toString(counter)) + .png)): null

2018-11-08 15:27:52 - [TEST_STEP][PASSED] - Statement - counter = counter + 1: null

2018-11-08 15:27:52 - [TEST_STEP][PASSED] - Statement - PreSaveFile = new java.io.File(((pathPrefix + java.lang.Integer.toString(counter)) + .png)): null

2018-11-08 15:27:52 - [TEST_STEP][PASSED] - Statement - counter = counter + 1: null

2018-11-08 15:27:52 - [TEST_STEP][PASSED] - Statement - PreSaveFile = new java.io.File(((pathPrefix + java.lang.Integer.toString(counter)) + .png)): null

2018-11-08 15:27:52 - [TEST_STEP][PASSED] - Statement - counter = counter + 1: null

2018-11-08 15:27:52 - [TEST_STEP][PASSED] - Statement - PreSaveFile = new java.io.File(((pathPrefix + java.lang.Integer.toString(counter)) + .png)): null

2018-11-08 15:27:52 - [TEST_STEP][PASSED] - Statement - counter = counter + 1: null

2018-11-08 15:27:53 - [TEST_STEP][PASSED] - Statement - PreSaveFile = new java.io.File(((pathPrefix + java.lang.Integer.toString(counter)) + .png)): null

2018-11-08 15:27:53 - [TEST_STEP][PASSED] - Statement - counter = counter + 1: null

2018-11-08 15:27:53 - [TEST_STEP][PASSED] - Statement - PreSaveFile = new java.io.File(((pathPrefix + java.lang.Integer.toString(counter)) + .png)): null

2018-11-08 15:27:53 - [TEST_STEP][PASSED] - Statement - counter = counter + 1: null

2018-11-08 15:27:53 - [TEST_STEP][PASSED] - Statement - PreSaveFile = new java.io.File(((pathPrefix + java.lang.Integer.toString(counter)) + .png)): null

2018-11-08 15:27:53 - [TEST_STEP][PASSED] - Statement - counter = counter + 1: null

2018-11-08 15:27:53 - [TEST_STEP][PASSED] - Statement - PreSaveFile = new java.io.File(((pathPrefix + java.lang.Integer.toString(counter)) + .png)): null

2018-11-08 15:27:53 - [TEST_STEP][PASSED] - Statement - counter = counter + 1: null

2018-11-08 15:27:53 - [TEST_STEP][PASSED] - Statement - PreSaveFile = new java.io.File(((pathPrefix + java.lang.Integer.toString(counter)) + .png)): null

2018-11-08 15:27:53 - [TEST_STEP][PASSED] - Statement - counter = counter + 1: null

2018-11-08 15:27:53 - [TEST_STEP][PASSED] - Statement - PreSaveFile = new java.io.File(((pathPrefix + java.lang.Integer.toString(counter)) + .png)): null

2018-11-08 15:27:53 - [TEST_STEP][PASSED] - Statement - counter = counter + 1: null

2018-11-08 15:27:53 - [TEST_STEP][PASSED] - Statement - PreSaveFile = new java.io.File(((pathPrefix + java.lang.Integer.toString(counter)) + .png)): null

2018-11-08 15:27:53 - [TEST_STEP][PASSED] - Statement - counter = counter + 1: null

2018-11-08 15:27:53 - [TEST_STEP][PASSED] - Statement - PreSaveFile = new java.io.File(((pathPrefix + java.lang.Integer.toString(counter)) + .png)): null

2018-11-08 15:27:53 - [TEST_STEP][PASSED] - Statement - counter = counter + 1: null

2018-11-08 15:27:53 - [TEST_STEP][PASSED] - Statement - PreSaveFile = new java.io.File(((pathPrefix + java.lang.Integer.toString(counter)) + .png)): null

2018-11-08 15:27:53 - [TEST_STEP][PASSED] - Statement - counter = counter + 1: null

2018-11-08 15:27:53 - [TEST_STEP][PASSED] - Statement - PreSaveFile = new java.io.File(((pathPrefix + java.lang.Integer.toString(counter)) + .png)): null

2018-11-08 15:27:53 - [TEST_STEP][PASSED] - Statement - counter = counter + 1: null

2018-11-08 15:27:53 - [TEST_STEP][PASSED] - Statement - PreSaveFile = new java.io.File(((pathPrefix + java.lang.Integer.toString(counter)) + .png)): null

2018-11-08 15:27:53 - [TEST_STEP][PASSED] - Statement - counter = counter + 1: null

2018-11-08 15:27:54 - [TEST_STEP][PASSED] - Statement - PreSaveFile = new java.io.File(((pathPrefix + java.lang.Integer.toString(counter)) + .png)): null

2018-11-08 15:27:54 - [TEST_STEP][PASSED] - Statement - counter = counter + 1: null

2018-11-08 15:27:54 - [TEST_STEP][PASSED] - Statement - PreSaveFile = new java.io.File(((pathPrefix + java.lang.Integer.toString(counter)) + .png)): null

2018-11-08 15:27:54 - [TEST_STEP][PASSED] - Statement - counter = counter + 1: null

2018-11-08 15:27:54 - [TEST_STEP][PASSED] - Statement - PreSaveFile = new java.io.File(((pathPrefix + java.lang.Integer.toString(counter)) + .png)): null

2018-11-08 15:27:54 - [TEST_STEP][PASSED] - Statement - counter = counter + 1: null

2018-11-08 15:27:54 - [TEST_STEP][PASSED] - Statement - PreSaveFile = new java.io.File(((pathPrefix + java.lang.Integer.toString(counter)) + .png)): null

2018-11-08 15:27:54 - [TEST_STEP][PASSED] - Statement - counter = counter + 1: null

2018-11-08 15:27:54 - [TEST_STEP][PASSED] - Statement - PreSaveFile = new java.io.File(((pathPrefix + java.lang.Integer.toString(counter)) + .png)): null

2018-11-08 15:27:54 - [TEST_STEP][PASSED] - Statement - counter = counter + 1: null

2018-11-08 15:27:54 - [TEST_STEP][PASSED] - Statement - PreSaveFile = new java.io.File(((pathPrefix + java.lang.Integer.toString(counter)) + .png)): null

2018-11-08 15:27:54 - [TEST_STEP][PASSED] - Statement - counter = counter + 1: null

2018-11-08 15:27:55 - [TEST_STEP][PASSED] - Statement - PreSaveFile = new java.io.File(((pathPrefix + java.lang.Integer.toString(counter)) + .png)): null

2018-11-08 15:27:55 - [TEST_STEP][PASSED] - Statement - counter = counter + 1: null

2018-11-08 15:27:55 - [TEST_STEP][PASSED] - Statement - PreSaveFile = new java.io.File(((pathPrefix + java.lang.Integer.toString(counter)) + .png)): null

2018-11-08 15:27:55 - [TEST_STEP][PASSED] - Statement - counter = counter + 1: null

2018-11-08 15:27:55 - [TEST_STEP][PASSED] - Statement - PreSaveFile = new java.io.File(((pathPrefix + java.lang.Integer.toString(counter)) + .png)): null

2018-11-08 15:27:55 - [TEST_STEP][PASSED] - Statement - counter = counter + 1: null

2018-11-08 15:27:55 - [TEST_STEP][PASSED] - Statement - PreSaveFile = new java.io.File(((pathPrefix + java.lang.Integer.toString(counter)) + .png)): null

2018-11-08 15:27:55 - [TEST_STEP][PASSED] - Statement - counter = counter + 1: null

2018-11-08 15:27:55 - [TEST_STEP][PASSED] - Statement - PreSaveFile = new java.io.File(((pathPrefix + java.lang.Integer.toString(counter)) + .png)): null

2018-11-08 15:27:55 - [TEST_STEP][PASSED] - Statement - counter = counter + 1: null

2018-11-08 15:27:55 - [TEST_STEP][PASSED] - Statement - PreSaveFile = new java.io.File(((pathPrefix + java.lang.Integer.toString(counter)) + .png)): null

2018-11-08 15:27:55 - [TEST_STEP][PASSED] - Statement - counter = counter + 1: null

2018-11-08 15:27:55 - [TEST_STEP][PASSED] - Statement - PreSaveFile = new java.io.File(((pathPrefix + java.lang.Integer.toString(counter)) + .png)): null

2018-11-08 15:27:55 - [TEST_STEP][PASSED] - Statement - counter = counter + 1: null

2018-11-08 15:27:55 - [TEST_STEP][PASSED] - Statement - PreSaveFile = new java.io.File(((pathPrefix + java.lang.Integer.toString(counter)) + .png)): null

2018-11-08 15:27:55 - [TEST_STEP][PASSED] - Statement - counter = counter + 1: null

2018-11-08 15:27:55 - [TEST_STEP][PASSED] - Statement - PreSaveFile = new java.io.File(((pathPrefix + java.lang.Integer.toString(counter)) + .png)): null

2018-11-08 15:27:55 - [TEST_STEP][PASSED] - Statement - counter = counter + 1: null

2018-11-08 15:27:55 - [TEST_STEP][PASSED] - Statement - PreSaveFile = new java.io.File(((pathPrefix + java.lang.Integer.toString(counter)) + .png)): null

2018-11-08 15:27:55 - [TEST_STEP][PASSED] - Statement - counter = counter + 1: null

2018-11-08 15:27:55 - [TEST_STEP][PASSED] - Statement - PreSaveFile = new java.io.File(((pathPrefix + java.lang.Integer.toString(counter)) + .png)): null

2018-11-08 15:27:55 - [TEST_STEP][PASSED] - Statement - counter = counter + 1: null

2018-11-08 15:27:56 - [TEST_STEP][PASSED] - Statement - PreSaveFile = new java.io.File(((pathPrefix + java.lang.Integer.toString(counter)) + .png)): null

2018-11-08 15:27:56 - [TEST_STEP][PASSED] - Statement - counter = counter + 1: null

2018-11-08 15:27:56 - [TEST_STEP][PASSED] - Statement - PreSaveFile = new java.io.File(((pathPrefix + java.lang.Integer.toString(counter)) + .png)): null

2018-11-08 15:27:56 - [TEST_STEP][PASSED] - Statement - counter = counter + 1: null

2018-11-08 15:27:56 - [TEST_STEP][PASSED] - Statement - PreSaveFile = new java.io.File(((pathPrefix + java.lang.Integer.toString(counter)) + .png)): null

2018-11-08 15:27:56 - [TEST_STEP][PASSED] - Statement - counter = counter + 1: null

2018-11-08 15:27:56 - [TEST_STEP][PASSED] - Statement - PreSaveFile = new java.io.File(((pathPrefix + java.lang.Integer.toString(counter)) + .png)): null

2018-11-08 15:27:56 - [TEST_STEP][PASSED] - Statement - counter = counter + 1: null

2018-11-08 15:27:56 - [TEST_STEP][PASSED] - Statement - PreSaveFile = new java.io.File(((pathPrefix + java.lang.Integer.toString(counter)) + .png)): null

2018-11-08 15:27:56 - [TEST_STEP][PASSED] - Statement - counter = counter + 1: null

2018-11-08 15:27:56 - [TEST_STEP][PASSED] - Statement - PreSaveFile = new java.io.File(((pathPrefix + java.lang.Integer.toString(counter)) + .png)): null

2018-11-08 15:27:56 - [TEST_STEP][PASSED] - Statement - counter = counter + 1: null

2018-11-08 15:27:57 - [TEST_STEP][PASSED] - Statement - PreSaveFile = new java.io.File(((pathPrefix + java.lang.Integer.toString(counter)) + .png)): null

2018-11-08 15:27:57 - [TEST_STEP][PASSED] - Statement - counter = counter + 1: null

2018-11-08 15:27:57 - [TEST_STEP][PASSED] - Statement - PreSaveFile = new java.io.File(((pathPrefix + java.lang.Integer.toString(counter)) + .png)): null

2018-11-08 15:27:57 - [TEST_STEP][PASSED] - Statement - counter = counter + 1: null

2018-11-08 15:27:57 - [TEST_STEP][PASSED] - Statement - PreSaveFile = new java.io.File(((pathPrefix + java.lang.Integer.toString(counter)) + .png)): null

2018-11-08 15:27:57 - [TEST_STEP][PASSED] - Statement - counter = counter + 1: null

2018-11-08 15:27:57 - [TEST_STEP][PASSED] - Statement - PreSaveFile = new java.io.File(((pathPrefix + java.lang.Integer.toString(counter)) + .png)): null

2018-11-08 15:27:57 - [TEST_STEP][PASSED] - Statement - counter = counter + 1: null

2018-11-08 15:27:57 - [TEST_STEP][PASSED] - Statement - PreSaveFile = new java.io.File(((pathPrefix + java.lang.Integer.toString(counter)) + .png)): null

2018-11-08 15:27:57 - [TEST_STEP][PASSED] - Statement - counter = counter + 1: null

2018-11-08 15:27:58 - [TEST_STEP][PASSED] - Statement - PreSaveFile = new java.io.File(((pathPrefix + java.lang.Integer.toString(counter)) + .png)): null

2018-11-08 15:27:58 - [TEST_STEP][PASSED] - Statement - counter = counter + 1: null

2018-11-08 15:27:58 - [TEST_STEP][PASSED] - Statement - PreSaveFile = new java.io.File(((pathPrefix + java.lang.Integer.toString(counter)) + .png)): null

2018-11-08 15:27:58 - [TEST_STEP][PASSED] - Statement - counter = counter + 1: null

2018-11-08 15:27:58 - [TEST_STEP][PASSED] - Statement - PreSaveFile = new java.io.File(((pathPrefix + java.lang.Integer.toString(counter)) + .png)): null

2018-11-08 15:27:58 - [TEST_STEP][PASSED] - Statement - counter = counter + 1: null

2018-11-08 15:27:58 - [TEST_STEP][PASSED] - Statement - PreSaveFile = new java.io.File(((pathPrefix + java.lang.Integer.toString(counter)) + .png)): null

2018-11-08 15:27:58 - [TEST_STEP][PASSED] - Statement - counter = counter + 1: null

2018-11-08 15:27:58 - [TEST_STEP][PASSED] - Statement - PreSaveFile = new java.io.File(((pathPrefix + java.lang.Integer.toString(counter)) + .png)): null

2018-11-08 15:27:58 - [TEST_STEP][PASSED] - Statement - counter = counter + 1: null

2018-11-08 15:27:58 - [TEST_STEP][PASSED] - Statement - PreSaveFile = new java.io.File(((pathPrefix + java.lang.Integer.toString(counter)) + .png)): null

2018-11-08 15:27:58 - [TEST_STEP][PASSED] - Statement - counter = counter + 1: null

2018-11-08 15:27:58 - [TEST_STEP][PASSED] - Statement - PreSaveFile = new java.io.File(((pathPrefix + java.lang.Integer.toString(counter)) + .png)): null

2018-11-08 15:27:58 - [TEST_STEP][PASSED] - Statement - counter = counter + 1: null

2018-11-08 15:27:58 - [TEST_STEP][PASSED] - Statement - PreSaveFile = new java.io.File(((pathPrefix + java.lang.Integer.toString(counter)) + .png)): null

2018-11-08 15:27:58 - [TEST_STEP][PASSED] - Statement - counter = counter + 1: null

2018-11-08 15:27:58 - [TEST_STEP][PASSED] - Statement - PreSaveFile = new java.io.File(((pathPrefix + java.lang.Integer.toString(counter)) + .png)): null

2018-11-08 15:27:58 - [TEST_STEP][PASSED] - Statement - counter = counter + 1: null

2018-11-08 15:27:58 - [TEST_STEP][PASSED] - Statement - PreSaveFile = new java.io.File(((pathPrefix + java.lang.Integer.toString(counter)) + .png)): null

2018-11-08 15:27:58 - [TEST_STEP][PASSED] - Statement - counter = counter + 1: null

2018-11-08 15:27:59 - [TEST_STEP][PASSED] - Statement - PreSaveFile = new java.io.File(((pathPrefix + java.lang.Integer.toString(counter)) + .png)): null

2018-11-08 15:27:59 - [TEST_STEP][PASSED] - Statement - counter = counter + 1: null

2018-11-08 15:27:59 - [TEST_STEP][PASSED] - Statement - PreSaveFile = new java.io.File(((pathPrefix + java.lang.Integer.toString(counter)) + .png)): null

2018-11-08 15:27:59 - [TEST_STEP][PASSED] - Statement - counter = counter + 1: null

2018-11-08 15:27:59 - [TEST_STEP][PASSED] - Statement - PreSaveFile = new java.io.File(((pathPrefix + java.lang.Integer.toString(counter)) + .png)): null

2018-11-08 15:27:59 - [TEST_STEP][PASSED] - Statement - counter = counter + 1: null

2018-11-08 15:27:59 - [TEST_STEP][PASSED] - Statement - PreSaveFile = new java.io.File(((pathPrefix + java.lang.Integer.toString(counter)) + .png)): null

2018-11-08 15:27:59 - [TEST_STEP][PASSED] - Statement - counter = counter + 1: null

2018-11-08 15:27:59 - [TEST_STEP][PASSED] - Statement - PreSaveFile = new java.io.File(((pathPrefix + java.lang.Integer.toString(counter)) + .png)): null

2018-11-08 15:27:59 - [TEST_STEP][PASSED] - Statement - counter = counter + 1: null

2018-11-08 15:27:59 - [TEST_STEP][PASSED] - Statement - PreSaveFile = new java.io.File(((pathPrefix + java.lang.Integer.toString(counter)) + .png)): null

2018-11-08 15:27:59 - [TEST_STEP][PASSED] - Statement - counter = counter + 1: null

2018-11-08 15:28:00 - [TEST_STEP][PASSED] - Statement - PreSaveFile = new java.io.File(((pathPrefix + java.lang.Integer.toString(counter)) + .png)): null

2018-11-08 15:28:00 - [TEST_STEP][PASSED] - Statement - counter = counter + 1: null

2018-11-08 15:28:00 - [TEST_STEP][PASSED] - Statement - PreSaveFile = new java.io.File(((pathPrefix + java.lang.Integer.toString(counter)) + .png)): null

2018-11-08 15:28:00 - [TEST_STEP][PASSED] - Statement - counter = counter + 1: null

2018-11-08 15:28:00 - [TEST_STEP][PASSED] - Statement - PreSaveFile = new java.io.File(((pathPrefix + java.lang.Integer.toString(counter)) + .png)): null

2018-11-08 15:28:00 - [TEST_STEP][PASSED] - Statement - counter = counter + 1: null

2018-11-08 15:28:00 - [TEST_STEP][PASSED] - Statement - PreSaveFile = new java.io.File(((pathPrefix + java.lang.Integer.toString(counter)) + .png)): null

2018-11-08 15:28:00 - [TEST_STEP][PASSED] - Statement - counter = counter + 1: null

2018-11-08 15:28:00 - [TEST_STEP][PASSED] - Statement - PreSaveFile = new java.io.File(((pathPrefix + java.lang.Integer.toString(counter)) + .png)): null

2018-11-08 15:28:00 - [TEST_STEP][PASSED] - Statement - counter = counter + 1: null

2018-11-08 15:28:01 - [TEST_STEP][PASSED] - Statement - PreSaveFile = new java.io.File(((pathPrefix + java.lang.Integer.toString(counter)) + .png)): null

2018-11-08 15:28:01 - [TEST_STEP][PASSED] - Statement - counter = counter + 1: null

2018-11-08 15:28:01 - [TEST_STEP][PASSED] - Statement - PreSaveFile = new java.io.File(((pathPrefix + java.lang.Integer.toString(counter)) + .png)): null

2018-11-08 15:28:01 - [TEST_STEP][PASSED] - Statement - counter = counter + 1: null

2018-11-08 15:28:01 - [TEST_STEP][PASSED] - Statement - PreSaveFile = new java.io.File(((pathPrefix + java.lang.Integer.toString(counter)) + .png)): null

2018-11-08 15:28:01 - [TEST_STEP][PASSED] - Statement - counter = counter + 1: null

2018-11-08 15:28:01 - [TEST_STEP][PASSED] - Statement - PreSaveFile = new java.io.File(((pathPrefix + java.lang.Integer.toString(counter)) + .png)): null

2018-11-08 15:28:01 - [TEST_STEP][PASSED] - Statement - counter = counter + 1: null

2018-11-08 15:28:01 - [TEST_STEP][PASSED] - Statement - PreSaveFile = new java.io.File(((pathPrefix + java.lang.Integer.toString(counter)) + .png)): null

2018-11-08 15:28:01 - [TEST_STEP][PASSED] - Statement - counter = counter + 1: null

2018-11-08 15:28:02 - [TEST_STEP][PASSED] - Statement - PreSaveFile = new java.io.File(((pathPrefix + java.lang.Integer.toString(counter)) + .png)): null

2018-11-08 15:28:02 - [TEST_STEP][PASSED] - Statement - counter = counter + 1: null

2018-11-08 15:28:02 - [TEST_STEP][PASSED] - Statement - PreSaveFile = new java.io.File(((pathPrefix + java.lang.Integer.toString(counter)) + .png)): null

2018-11-08 15:28:02 - [TEST_STEP][PASSED] - Statement - counter = counter + 1: null

2018-11-08 15:28:02 - [TEST_STEP][PASSED] - Statement - PreSaveFile = new java.io.File(((pathPrefix + java.lang.Integer.toString(counter)) + .png)): null

2018-11-08 15:28:02 - [TEST_STEP][PASSED] - Statement - counter = counter + 1: null

2018-11-08 15:28:02 - [TEST_STEP][PASSED] - Statement - PreSaveFile = new java.io.File(((pathPrefix + java.lang.Integer.toString(counter)) + .png)): null

2018-11-08 15:28:02 - [TEST_STEP][PASSED] - Statement - counter = counter + 1: null

2018-11-08 15:28:02 - [TEST_STEP][PASSED] - Statement - PreSaveFile = new java.io.File(((pathPrefix + java.lang.Integer.toString(counter)) + .png)): null

2018-11-08 15:28:02 - [TEST_STEP][PASSED] - Statement - counter = counter + 1: null

2018-11-08 15:28:02 - [TEST_STEP][PASSED] - Statement - PreSaveFile = new java.io.File(((pathPrefix + java.lang.Integer.toString(counter)) + .png)): null

2018-11-08 15:28:02 - [TEST_STEP][PASSED] - Statement - counter = counter + 1: null

2018-11-08 15:28:02 - [TEST_STEP][PASSED] - Statement - PreSaveFile = new java.io.File(((pathPrefix + java.lang.Integer.toString(counter)) + .png)): null

2018-11-08 15:28:02 - [TEST_STEP][PASSED] - Statement - counter = counter + 1: null

2018-11-08 15:28:02 - [TEST_STEP][PASSED] - Statement - PreSaveFile = new java.io.File(((pathPrefix + java.lang.Integer.toString(counter)) + .png)): null

2018-11-08 15:28:02 - [TEST_STEP][PASSED] - Statement - counter = counter + 1: null

2018-11-08 15:28:02 - [TEST_STEP][PASSED] - Statement - PreSaveFile = new java.io.File(((pathPrefix + java.lang.Integer.toString(counter)) + .png)): null

2018-11-08 15:28:02 - [TEST_STEP][PASSED] - Statement - counter = counter + 1: null

2018-11-08 15:28:02 - [TEST_STEP][PASSED] - Statement - PreSaveFile = new java.io.File(((pathPrefix + java.lang.Integer.toString(counter)) + .png)): null

2018-11-08 15:28:02 - [TEST_STEP][PASSED] - Statement - counter = counter + 1: null

2018-11-08 15:28:02 - [TEST_STEP][PASSED] - Statement - PreSaveFile = new java.io.File(((pathPrefix + java.lang.Integer.toString(counter)) + .png)): null

2018-11-08 15:28:02 - [TEST_STEP][PASSED] - Statement - counter = counter + 1: null

2018-11-08 15:28:03 - [TEST_STEP][PASSED] - Statement - PreSaveFile = new java.io.File(((pathPrefix + java.lang.Integer.toString(counter)) + .png)): null

2018-11-08 15:28:03 - [TEST_STEP][PASSED] - Statement - counter = counter + 1: null

2018-11-08 15:28:03 - [TEST_STEP][PASSED] - Statement - PreSaveFile = new java.io.File(((pathPrefix + java.lang.Integer.toString(counter)) + .png)): null

2018-11-08 15:28:03 - [TEST_STEP][PASSED] - Statement - counter = counter + 1: null

2018-11-08 15:28:03 - [TEST_STEP][PASSED] - Statement - PreSaveFile = new java.io.File(((pathPrefix + java.lang.Integer.toString(counter)) + .png)): null

2018-11-08 15:28:03 - [TEST_STEP][PASSED] - Statement - counter = counter + 1: null

2018-11-08 15:28:03 - [TEST_STEP][PASSED] - Statement - PreSaveFile = new java.io.File(((pathPrefix + java.lang.Integer.toString(counter)) + .png)): null

2018-11-08 15:28:03 - [TEST_STEP][PASSED] - Statement - counter = counter + 1: null

2018-11-08 15:28:03 - [TEST_STEP][PASSED] - Statement - PreSaveFile = new java.io.File(((pathPrefix + java.lang.Integer.toString(counter)) + .png)): null

2018-11-08 15:28:03 - [TEST_STEP][PASSED] - Statement - counter = counter + 1: null

2018-11-08 15:28:04 - [TEST_STEP][PASSED] - Statement - PreSaveFile = new java.io.File(((pathPrefix + java.lang.Integer.toString(counter)) + .png)): null

2018-11-08 15:28:04 - [TEST_STEP][PASSED] - Statement - counter = counter + 1: null

2018-11-08 15:28:04 - [TEST_STEP][PASSED] - Statement - PreSaveFile = new java.io.File(((pathPrefix + java.lang.Integer.toString(counter)) + .png)): null

2018-11-08 15:28:04 - [TEST_STEP][PASSED] - Statement - counter = counter + 1: null

2018-11-08 15:28:04 - [TEST_STEP][PASSED] - Statement - PreSaveFile = new java.io.File(((pathPrefix + java.lang.Integer.toString(counter)) + .png)): null

2018-11-08 15:28:04 - [TEST_STEP][PASSED] - Statement - counter = counter + 1: null

2018-11-08 15:28:04 - [TEST_STEP][PASSED] - Statement - PreSaveFile = new java.io.File(((pathPrefix + java.lang.Integer.toString(counter)) + .png)): null

2018-11-08 15:28:04 - [TEST_STEP][PASSED] - Statement - counter = counter + 1: null

2018-11-08 15:28:04 - [TEST_STEP][PASSED] - Statement - PreSaveFile = new java.io.File(((pathPrefix + java.lang.Integer.toString(counter)) + .png)): null

2018-11-08 15:28:04 - [TEST_STEP][PASSED] - Statement - counter = counter + 1: null

2018-11-08 15:28:05 - [TEST_STEP][PASSED] - Statement - PreSaveFile = new java.io.File(((pathPrefix + java.lang.Integer.toString(counter)) + .png)): null

2018-11-08 15:28:05 - [TEST_STEP][PASSED] - Statement - counter = counter + 1: null

2018-11-08 15:28:05 - [TEST_STEP][PASSED] - Statement - PreSaveFile = new java.io.File(((pathPrefix + java.lang.Integer.toString(counter)) + .png)): null

2018-11-08 15:28:05 - [TEST_STEP][PASSED] - Statement - counter = counter + 1: null

2018-11-08 15:28:05 - [TEST_STEP][PASSED] - Statement - PreSaveFile = new java.io.File(((pathPrefix + java.lang.Integer.toString(counter)) + .png)): null

2018-11-08 15:28:05 - [TEST_STEP][PASSED] - Statement - counter = counter + 1: null

2018-11-08 15:28:05 - [TEST_STEP][PASSED] - Statement - PreSaveFile = new java.io.File(((pathPrefix + java.lang.Integer.toString(counter)) + .png)): null

2018-11-08 15:28:05 - [TEST_STEP][PASSED] - Statement - counter = counter + 1: null

2018-11-08 15:28:05 - [TEST_STEP][PASSED] - Statement - PreSaveFile = new java.io.File(((pathPrefix + java.lang.Integer.toString(counter)) + .png)): null

2018-11-08 15:28:05 - [TEST_STEP][PASSED] - Statement - counter = counter + 1: null

2018-11-08 15:28:06 - [TEST_STEP][PASSED] - Statement - PreSaveFile = new java.io.File(((pathPrefix + java.lang.Integer.toString(counter)) + .png)): null

2018-11-08 15:28:06 - [TEST_STEP][PASSED] - Statement - counter = counter + 1: null

2018-11-08 15:28:06 - [TEST_STEP][PASSED] - Statement - PreSaveFile = new java.io.File(((pathPrefix + java.lang.Integer.toString(counter)) + .png)): null

2018-11-08 15:28:06 - [TEST_STEP][PASSED] - Statement - finalPath = pathPrefix + java.lang.Integer.toString(counter) + ".png": null

2018-11-08 15:28:06 - [TEST_STEP][PASSED] - Statement - SaveFile = new java.io.File(finalPath): null

2018-11-08 15:28:06 - [TEST_STEP][PASSED] - Statement - Try: null

2018-11-08 15:28:06 - [TEST_STEP][PASSED] - Statement - org.apache.commons.io.FileUtils.copyFile(scrFile, SaveFile): null

2018-11-08 15:28:06 - [TEST_STEP][PASSED] - Statement - out.println("file kept"): null

2018-11-08 15:28:06 - [TEST_STEP][PASSED] - delay: Delayed 10 second(s)

2018-11-08 15:28:17 - [MESSAGE][PASSED] - Delayed 10 second(s)

2018-11-08 15:28:17 - [MESSAGE][PASSED] - Call Test Case 'Test Cases/Final Aug 2018 - PKS Automation/Common/Screenshoting tool' successfully

2018-11-08 15:28:17 - [TEST_STEP][PASSED] - callTestCase: Call Test Case 'Test Cases/Final Aug 2018 - PKS Automation/Registration Module/Log Out/log out avoiding katalon tagging' successfully

2018-11-08 15:28:17 - [TEST_CASE][PASSED] - Test Cases/Final Aug 2018 - PKS Automation/Registration Module/Log Out/log out avoiding katalon tagging: Test Cases/Final Aug 2018 - PKS Automation/Registration Module/Log Out/log out avoiding katalon tagging

2018-11-08 15:28:17 - [TEST_STEP][PASSED] - navigateToUrl: Navigate to 'https://assist2-uat.perkeso.gov.my/c/portal/logout' successfully

2018-11-08 15:28:19 - [MESSAGE][PASSED] - Navigate to 'https://assist2-uat.perkeso.gov.my/c/portal/logout' successfully

2018-11-08 15:28:19 - [MESSAGE][PASSED] - Call Test Case 'Test Cases/Final Aug 2018 - PKS Automation/Registration Module/Log Out/log out avoiding katalon tagging' successfully

2018-11-08 15:28:19 - [TEST_STEP][PASSED] - delay: Delayed 2 second(s)

2018-11-08 15:28:21 - [MESSAGE][PASSED] - Delayed 2 second(s)

2018-11-08 15:28:21 - [TEST_STEP][PASSED] - setText: Text 'johorro2@gmail.com' is set on object 'Object Repository/Final Object Repo/New Registration - Registration Module Pages/New Reg - OTC to RO/Special Case - All Related Objects/Email TextBox'

2018-11-08 15:28:21 - [MESSAGE][PASSED] - Text 'johorro2@gmail.com' is set on object 'Object Repository/Final Object Repo/New Registration - Registration Module Pages/New Reg - OTC to RO/Special Case - All Related Objects/Email TextBox'

2018-11-08 15:28:21 - [TEST_STEP][PASSED] - click: Object: 'Object Repository/Final Object Repo/New Registration - Registration Module Pages/New Reg - OTC to RO/Special Case - All Related Objects/Next Button' is clicked on

2018-11-08 15:28:21 - [MESSAGE][PASSED] - Object: 'Object Repository/Final Object Repo/New Registration - Registration Module Pages/New Reg - OTC to RO/Special Case - All Related Objects/Next Button' is clicked on

2018-11-08 15:28:21 - [TEST_STEP][PASSED] - delay: Delayed 2 second(s)

2018-11-08 15:28:23 - [MESSAGE][PASSED] - Delayed 2 second(s)

2018-11-08 15:28:23 - [TEST_STEP][PASSED] - setText: Text 'Test1@3456789' is set on object 'Object Repository/Final Object Repo/New Registration - Registration Module Pages/New Reg - OTC to RO/Special Case - All Related Objects/Password TextBox'

2018-11-08 15:28:24 - [MESSAGE][PASSED] - Text 'Test1@3456789' is set on object 'Object Repository/Final Object Repo/New Registration - Registration Module Pages/New Reg - OTC to RO/Special Case - All Related Objects/Password TextBox'

2018-11-08 15:28:24 - [TEST_STEP][PASSED] - delay: Delayed 2 second(s)

2018-11-08 15:28:26 - [MESSAGE][PASSED] - Delayed 2 second(s)

2018-11-08 15:28:26 - [TEST_STEP][PASSED] - click: Object: 'Object Repository/Final Object Repo/New Registration - Registration Module Pages/New Reg - OTC to RO/Special Case - All Related Objects/Login Button' is clicked on

2018-11-08 15:28:29 - [MESSAGE][PASSED] - Object: 'Object Repository/Final Object Repo/New Registration - Registration Module Pages/New Reg - OTC to RO/Special Case - All Related Objects/Login Button' is clicked on

2018-11-08 15:28:29 - [TEST_STEP][PASSED] - delay: Delayed 2 second(s)

2018-11-08 15:28:31 - [MESSAGE][PASSED] - Delayed 2 second(s)

2018-11-08 15:28:31 - [TEST_STEP][PASSED] - Statement - Try: null

2018-11-08 15:28:31 - [TEST_STEP][PASSED] - Statement - Checker = com.kms.katalon.core.webui.keyword.WebUiBuiltInKeywords.verifyElementNotPresent("Final Object Repo/Landing Page/Select to English", 3): null

2018-11-08 15:28:31 - [TEST_STEP][PASSED] - Statement - Catch (Exception e): null

2018-11-08 15:28:31 - [TEST_STEP][PASSED] - Statement - e.printStackTrace(): null

2018-11-08 15:28:31 - [TEST_STEP][PASSED] - click: Object: 'Object Repository/Final Object Repo/New Registration - Registration Module Pages/New Reg - OTC to RO/Special Case - All Related Objects/Expand to Search' is clicked on

2018-11-08 15:28:31 - [MESSAGE][PASSED] - Object: 'Object Repository/Final Object Repo/New Registration - Registration Module Pages/New Reg - OTC to RO/Special Case - All Related Objects/Expand to Search' is clicked on

2018-11-08 15:28:31 - [TEST_STEP][PASSED] - setText: Text 'CRN11201800122422' is set on object 'Object Repository/Final Object Repo/New Registration - Registration Module Pages/New Reg - OTC to RO/Special Case - All Related Objects/TextBox RefNo in Workbasket'

2018-11-08 15:28:32 - [MESSAGE][PASSED] - Text 'CRN11201800122422' is set on object 'Object Repository/Final Object Repo/New Registration - Registration Module Pages/New Reg - OTC to RO/Special Case - All Related Objects/TextBox RefNo in Workbasket'

2018-11-08 15:28:32 - [TEST_STEP][PASSED] - delay: Delayed 2 second(s)

2018-11-08 15:28:34 - [MESSAGE][PASSED] - Delayed 2 second(s)

2018-11-08 15:28:34 - [TEST_STEP][PASSED] - click: Object: 'Object Repository/Final Object Repo/New Registration - Registration Module Pages/New Reg - OTC to RO/Special Case - All Related Objects/Click Search' is clicked on

2018-11-08 15:28:36 - [MESSAGE][PASSED] - Object: 'Object Repository/Final Object Repo/New Registration - Registration Module Pages/New Reg - OTC to RO/Special Case - All Related Objects/Click Search' is clicked on

2018-11-08 15:28:36 - [TEST_STEP][PASSED] - click: Object: 'Object Repository/Final Object Repo/New Registration - Registration Module Pages/New Reg - OTC to RO/Special Case - All Related Objects/Click to Continue Workflow' is clicked on

2018-11-08 15:28:40 - [MESSAGE][PASSED] - Object: 'Object Repository/Final Object Repo/New Registration - Registration Module Pages/New Reg - OTC to RO/Special Case - All Related Objects/Click to Continue Workflow' is clicked on

2018-11-08 15:28:40 - [TEST_STEP][PASSED] - delay: Delayed 2 second(s)

2018-11-08 15:28:42 - [MESSAGE][PASSED] - Delayed 2 second(s)

2018-11-08 15:28:42 - [TEST_STEP][PASSED] - click: Object: 'Object Repository/Final Object Repo/New Registration - Registration Module Pages/New Reg - OTC to RO/Special Case - All Related Objects/Continue Button in verifying case' is clicked on

2018-11-08 15:28:46 - [MESSAGE][PASSED] - Object: 'Object Repository/Final Object Repo/New Registration - Registration Module Pages/New Reg - OTC to RO/Special Case - All Related Objects/Continue Button in verifying case' is clicked on

2018-11-08 15:28:46 - [TEST_STEP][PASSED] - delay: Delayed 2 second(s)

2018-11-08 15:28:48 - [MESSAGE][PASSED] - Delayed 2 second(s)

2018-11-08 15:28:48 - [TEST_STEP][PASSED] - click: Object: 'Object Repository/Final Object Repo/New Registration - Registration Module Pages/Form 1/Registered As a Branch - Yes' is clicked on

2018-11-08 15:28:48 - [MESSAGE][PASSED] - Object: 'Object Repository/Final Object Repo/New Registration - Registration Module Pages/Form 1/Registered As a Branch - Yes' is clicked on

2018-11-08 15:28:48 - [TEST_STEP][PASSED] - delay: Delayed 2 second(s)

2018-11-08 15:28:50 - [MESSAGE][PASSED] - Delayed 2 second(s)

2018-11-08 15:28:50 - [TEST_STEP][PASSED] - click: Object: 'Object Repository/Final Object Repo/New Registration - Registration Module Pages/New Reg - OTC to RO/Special Case - All Related Objects/Form 1 Save n Continue' is clicked on

2018-11-08 15:28:55 - [MESSAGE][PASSED] - Object: 'Object Repository/Final Object Repo/New Registration - Registration Module Pages/New Reg - OTC to RO/Special Case - All Related Objects/Form 1 Save n Continue' is clicked on

2018-11-08 15:28:55 - [TEST_STEP][PASSED] - delay: Delayed 2 second(s)

2018-11-08 15:28:57 - [MESSAGE][PASSED] - Delayed 2 second(s)

2018-11-08 15:28:57 - [TEST_STEP][PASSED] - click: Object: 'Object Repository/Final Object Repo/New Registration - Registration Module Pages/New Reg - OTC to RO/Special Case - All Related Objects/Form 2 Save n Continue' is clicked on

2018-11-08 15:29:00 - [MESSAGE][PASSED] - Object: 'Object Repository/Final Object Repo/New Registration - Registration Module Pages/New Reg - OTC to RO/Special Case - All Related Objects/Form 2 Save n Continue' is clicked on

2018-11-08 15:29:00 - [TEST_STEP][PASSED] - delay: Delayed 2 second(s)

2018-11-08 15:29:02 - [MESSAGE][PASSED] - Delayed 2 second(s)

2018-11-08 15:29:02 - [TEST_STEP][PASSED] - click: Object: 'Object Repository/Final Object Repo/New Registration - Registration Module Pages/New Reg - OTC to RO/Special Case - All Related Objects/Third Screen Save n Continue' is clicked on

2018-11-08 15:29:08 - [MESSAGE][PASSED] - Object: 'Object Repository/Final Object Repo/New Registration - Registration Module Pages/New Reg - OTC to RO/Special Case - All Related Objects/Third Screen Save n Continue' is clicked on

2018-11-08 15:29:08 - [TEST_STEP][PASSED] - delay: Delayed 5 second(s)

2018-11-08 15:29:13 - [MESSAGE][PASSED] - Delayed 5 second(s)

2018-11-08 15:29:13 - [TEST_STEP][PASSED] - click: Object: 'Object Repository/Final Object Repo/New Registration - Registration Module Pages/New Reg - OTC to RO/Special Case - All Related Objects/Upload Doc Page Save n Continue' is clicked on

2018-11-08 15:29:14 - [MESSAGE][PASSED] - Object: 'Object Repository/Final Object Repo/New Registration - Registration Module Pages/New Reg - OTC to RO/Special Case - All Related Objects/Upload Doc Page Save n Continue' is clicked on

2018-11-08 15:29:14 - [TEST_STEP][PASSED] - delay: Delayed 5 second(s)

2018-11-08 15:29:19 - [MESSAGE][PASSED] - Delayed 5 second(s)

2018-11-08 15:29:19 - [TEST_STEP][PASSED] - callTestCase: Call Test Case 'Test Cases/Final Aug 2018 - PKS Automation/Registration Module/New Registration/Submit and Screenshot/Submit Registration and Screenshot' successfully

2018-11-08 15:29:19 - [TEST_CASE][PASSED] - Test Cases/Final Aug 2018 - PKS Automation/Registration Module/New Registration/Submit and Screenshot/Submit Registration and Screenshot: Test Cases/Final Aug 2018 - PKS Automation/Registration Module/New Registration/Submit and Screenshot/Submit Registration and Screenshot

2018-11-08 15:29:19 - [TEST_STEP][PASSED] - delay: Delayed 6 second(s)

2018-11-08 15:29:25 - [MESSAGE][PASSED] - Delayed 6 second(s)

2018-11-08 15:29:25 - [TEST_STEP][PASSED] - click: Object: 'Object Repository/Final Object Repo/New Registration - Registration Module Pages/Third Screen - Upload Supporting Doc- Preview/Preview Submit Button' is clicked on

2018-11-08 15:29:25 - [MESSAGE][PASSED] - Object: 'Object Repository/Final Object Repo/New Registration - Registration Module Pages/Third Screen - Upload Supporting Doc- Preview/Preview Submit Button' is clicked on

2018-11-08 15:29:25 - [TEST_STEP][PASSED] - delay: Delayed 2 second(s)

2018-11-08 15:29:27 - [MESSAGE][PASSED] - Delayed 2 second(s)

2018-11-08 15:29:27 - [TEST_STEP][PASSED] - click: Object: 'Object Repository/Final Object Repo/New Registration - Registration Module Pages/Third Screen - Upload Supporting Doc- Preview/Preview Submit - Confirm' is clicked on

2018-11-08 15:29:32 - [MESSAGE][PASSED] - Object: 'Object Repository/Final Object Repo/New Registration - Registration Module Pages/Third Screen - Upload Supporting Doc- Preview/Preview Submit - Confirm' is clicked on

2018-11-08 15:29:32 - [TEST_STEP][PASSED] - delay: Delayed 15 second(s)

2018-11-08 15:29:47 - [MESSAGE][PASSED] - Delayed 15 second(s)

2018-11-08 15:29:47 - [TEST_STEP][PASSED] - Statement - driver = com.kms.katalon.core.webui.driver.DriverFactory.getWebDriver(): null

2018-11-08 15:29:47 - [TEST_STEP][PASSED] - Statement - driver.manage().timeouts().implicitlyWait(10, SECONDS): null

2018-11-08 15:29:47 - [TEST_STEP][PASSED] - Statement - PresavePath = KatalonScreenshots: null

2018-11-08 15:29:47 - [TEST_STEP][PASSED] - Statement - pathPrefix = "C:\Users\Public\Pictures\Sample Pictures\Katalon Screenshots\Automate Ending Screen": null

2018-11-08 15:29:47 - [TEST_STEP][PASSED] - Statement - finalPath = <not implemented yet for class: org.codehaus.groovy.ast.expr.EmptyExpression>: null

2018-11-08 15:29:47 - [TEST_STEP][PASSED] - Statement - scrFile = driver.getScreenshotAs(FILE): null

2018-11-08 15:29:48 - [TEST_STEP][PASSED] - Statement - PreSaveFile = new java.io.File(PresavePath): null

2018-11-08 15:29:48 - [TEST_STEP][PASSED] - Statement - counter = 0: null

2018-11-08 15:29:48 - [TEST_STEP][PASSED] - Statement - If (PreSaveFile.exists()): null

2018-11-08 15:29:48 - [TEST_STEP][PASSED] - Statement - While (PreSaveFile.exists()): null

2018-11-08 15:29:48 - [TEST_STEP][PASSED] - Statement - counter = counter + 1: null

2018-11-08 15:29:48 - [TEST_STEP][PASSED] - Statement - PreSaveFile = new java.io.File(((pathPrefix + java.lang.Integer.toString(counter)) + .png)): null

2018-11-08 15:29:48 - [TEST_STEP][PASSED] - Statement - counter = counter + 1: null

2018-11-08 15:29:48 - [TEST_STEP][PASSED] - Statement - PreSaveFile = new java.io.File(((pathPrefix + java.lang.Integer.toString(counter)) + .png)): null

2018-11-08 15:29:48 - [TEST_STEP][PASSED] - Statement - counter = counter + 1: null

2018-11-08 15:29:48 - [TEST_STEP][PASSED] - Statement - PreSaveFile = new java.io.File(((pathPrefix + java.lang.Integer.toString(counter)) + .png)): null

2018-11-08 15:29:48 - [TEST_STEP][PASSED] - Statement - counter = counter + 1: null

2018-11-08 15:29:48 - [TEST_STEP][PASSED] - Statement - PreSaveFile = new java.io.File(((pathPrefix + java.lang.Integer.toString(counter)) + .png)): null

2018-11-08 15:29:48 - [TEST_STEP][PASSED] - Statement - counter = counter + 1: null

2018-11-08 15:29:48 - [TEST_STEP][PASSED] - Statement - PreSaveFile = new java.io.File(((pathPrefix + java.lang.Integer.toString(counter)) + .png)): null

2018-11-08 15:29:48 - [TEST_STEP][PASSED] - Statement - counter = counter + 1: null

2018-11-08 15:29:48 - [TEST_STEP][PASSED] - Statement - PreSaveFile = new java.io.File(((pathPrefix + java.lang.Integer.toString(counter)) + .png)): null

2018-11-08 15:29:48 - [TEST_STEP][PASSED] - Statement - counter = counter + 1: null

2018-11-08 15:29:48 - [TEST_STEP][PASSED] - Statement - PreSaveFile = new java.io.File(((pathPrefix + java.lang.Integer.toString(counter)) + .png)): null

2018-11-08 15:29:48 - [TEST_STEP][PASSED] - Statement - counter = counter + 1: null

2018-11-08 15:29:48 - [TEST_STEP][PASSED] - Statement - PreSaveFile = new java.io.File(((pathPrefix + java.lang.Integer.toString(counter)) + .png)): null

2018-11-08 15:29:48 - [TEST_STEP][PASSED] - Statement - counter = counter + 1: null

2018-11-08 15:29:48 - [TEST_STEP][PASSED] - Statement - PreSaveFile = new java.io.File(((pathPrefix + java.lang.Integer.toString(counter)) + .png)): null

2018-11-08 15:29:48 - [TEST_STEP][PASSED] - Statement - counter = counter + 1: null

2018-11-08 15:29:48 - [TEST_STEP][PASSED] - Statement - PreSaveFile = new java.io.File(((pathPrefix + java.lang.Integer.toString(counter)) + .png)): null

2018-11-08 15:29:48 - [TEST_STEP][PASSED] - Statement - counter = counter + 1: null

2018-11-08 15:29:48 - [TEST_STEP][PASSED] - Statement - PreSaveFile = new java.io.File(((pathPrefix + java.lang.Integer.toString(counter)) + .png)): null

2018-11-08 15:29:48 - [TEST_STEP][PASSED] - Statement - counter = counter + 1: null

2018-11-08 15:29:48 - [TEST_STEP][PASSED] - Statement - PreSaveFile = new java.io.File(((pathPrefix + java.lang.Integer.toString(counter)) + .png)): null

2018-11-08 15:29:48 - [TEST_STEP][PASSED] - Statement - counter = counter + 1: null

2018-11-08 15:29:48 - [TEST_STEP][PASSED] - Statement - PreSaveFile = new java.io.File(((pathPrefix + java.lang.Integer.toString(counter)) + .png)): null

2018-11-08 15:29:48 - [TEST_STEP][PASSED] - Statement - counter = counter + 1: null

2018-11-08 15:29:48 - [TEST_STEP][PASSED] - Statement - PreSaveFile = new java.io.File(((pathPrefix + java.lang.Integer.toString(counter)) + .png)): null

2018-11-08 15:29:48 - [TEST_STEP][PASSED] - Statement - counter = counter + 1: null

2018-11-08 15:29:48 - [TEST_STEP][PASSED] - Statement - PreSaveFile = new java.io.File(((pathPrefix + java.lang.Integer.toString(counter)) + .png)): null

2018-11-08 15:29:48 - [TEST_STEP][PASSED] - Statement - counter = counter + 1: null

2018-11-08 15:29:48 - [TEST_STEP][PASSED] - Statement - PreSaveFile = new java.io.File(((pathPrefix + java.lang.Integer.toString(counter)) + .png)): null

2018-11-08 15:29:48 - [TEST_STEP][PASSED] - Statement - counter = counter + 1: null

2018-11-08 15:29:48 - [TEST_STEP][PASSED] - Statement - PreSaveFile = new java.io.File(((pathPrefix + java.lang.Integer.toString(counter)) + .png)): null

2018-11-08 15:29:48 - [TEST_STEP][PASSED] - Statement - counter = counter + 1: null

2018-11-08 15:29:48 - [TEST_STEP][PASSED] - Statement - PreSaveFile = new java.io.File(((pathPrefix + java.lang.Integer.toString(counter)) + .png)): null

2018-11-08 15:29:48 - [TEST_STEP][PASSED] - Statement - counter = counter + 1: null

2018-11-08 15:29:48 - [TEST_STEP][PASSED] - Statement - PreSaveFile = new java.io.File(((pathPrefix + java.lang.Integer.toString(counter)) + .png)): null

2018-11-08 15:29:48 - [TEST_STEP][PASSED] - Statement - counter = counter + 1: null

2018-11-08 15:29:48 - [TEST_STEP][PASSED] - Statement - PreSaveFile = new java.io.File(((pathPrefix + java.lang.Integer.toString(counter)) + .png)): null

2018-11-08 15:29:48 - [TEST_STEP][PASSED] - Statement - counter = counter + 1: null

2018-11-08 15:29:48 - [TEST_STEP][PASSED] - Statement - PreSaveFile = new java.io.File(((pathPrefix + java.lang.Integer.toString(counter)) + .png)): null

2018-11-08 15:29:48 - [TEST_STEP][PASSED] - Statement - counter = counter + 1: null

2018-11-08 15:29:48 - [TEST_STEP][PASSED] - Statement - PreSaveFile = new java.io.File(((pathPrefix + java.lang.Integer.toString(counter)) + .png)): null

2018-11-08 15:29:48 - [TEST_STEP][PASSED] - Statement - counter = counter + 1: null

2018-11-08 15:29:48 - [TEST_STEP][PASSED] - Statement - PreSaveFile = new java.io.File(((pathPrefix + java.lang.Integer.toString(counter)) + .png)): null

2018-11-08 15:29:48 - [TEST_STEP][PASSED] - Statement - counter = counter + 1: null

2018-11-08 15:29:48 - [TEST_STEP][PASSED] - Statement - PreSaveFile = new java.io.File(((pathPrefix + java.lang.Integer.toString(counter)) + .png)): null

2018-11-08 15:29:48 - [TEST_STEP][PASSED] - Statement - counter = counter + 1: null

2018-11-08 15:29:48 - [TEST_STEP][PASSED] - Statement - PreSaveFile = new java.io.File(((pathPrefix + java.lang.Integer.toString(counter)) + .png)): null

2018-11-08 15:29:48 - [TEST_STEP][PASSED] - Statement - counter = counter + 1: null

2018-11-08 15:29:48 - [TEST_STEP][PASSED] - Statement - PreSaveFile = new java.io.File(((pathPrefix + java.lang.Integer.toString(counter)) + .png)): null

2018-11-08 15:29:48 - [TEST_STEP][PASSED] - Statement - counter = counter + 1: null

2018-11-08 15:29:48 - [TEST_STEP][PASSED] - Statement - PreSaveFile = new java.io.File(((pathPrefix + java.lang.Integer.toString(counter)) + .png)): null

2018-11-08 15:29:48 - [TEST_STEP][PASSED] - Statement - counter = counter + 1: null

2018-11-08 15:29:48 - [TEST_STEP][PASSED] - Statement - PreSaveFile = new java.io.File(((pathPrefix + java.lang.Integer.toString(counter)) + .png)): null

2018-11-08 15:29:49 - [TEST_STEP][PASSED] - Statement - counter = counter + 1: null

2018-11-08 15:29:49 - [TEST_STEP][PASSED] - Statement - PreSaveFile = new java.io.File(((pathPrefix + java.lang.Integer.toString(counter)) + .png)): null

2018-11-08 15:29:49 - [TEST_STEP][PASSED] - Statement - counter = counter + 1: null

2018-11-08 15:29:49 - [TEST_STEP][PASSED] - Statement - PreSaveFile = new java.io.File(((pathPrefix + java.lang.Integer.toString(counter)) + .png)): null

2018-11-08 15:29:49 - [TEST_STEP][PASSED] - Statement - counter = counter + 1: null

2018-11-08 15:29:49 - [TEST_STEP][PASSED] - Statement - PreSaveFile = new java.io.File(((pathPrefix + java.lang.Integer.toString(counter)) + .png)): null

2018-11-08 15:29:49 - [TEST_STEP][PASSED] - Statement - counter = counter + 1: null

2018-11-08 15:29:49 - [TEST_STEP][PASSED] - Statement - PreSaveFile = new java.io.File(((pathPrefix + java.lang.Integer.toString(counter)) + .png)): null

2018-11-08 15:29:49 - [TEST_STEP][PASSED] - Statement - counter = counter + 1: null

2018-11-08 15:29:49 - [TEST_STEP][PASSED] - Statement - PreSaveFile = new java.io.File(((pathPrefix + java.lang.Integer.toString(counter)) + .png)): null

2018-11-08 15:29:49 - [TEST_STEP][PASSED] - Statement - counter = counter + 1: null

2018-11-08 15:29:49 - [TEST_STEP][PASSED] - Statement - PreSaveFile = new java.io.File(((pathPrefix + java.lang.Integer.toString(counter)) + .png)): null

2018-11-08 15:29:49 - [TEST_STEP][PASSED] - Statement - counter = counter + 1: null

2018-11-08 15:29:50 - [TEST_STEP][PASSED] - Statement - PreSaveFile = new java.io.File(((pathPrefix + java.lang.Integer.toString(counter)) + .png)): null

2018-11-08 15:29:50 - [TEST_STEP][PASSED] - Statement - counter = counter + 1: null

2018-11-08 15:29:50 - [TEST_STEP][PASSED] - Statement - PreSaveFile = new java.io.File(((pathPrefix + java.lang.Integer.toString(counter)) + .png)): null

2018-11-08 15:29:50 - [TEST_STEP][PASSED] - Statement - counter = counter + 1: null

2018-11-08 15:29:50 - [TEST_STEP][PASSED] - Statement - PreSaveFile = new java.io.File(((pathPrefix + java.lang.Integer.toString(counter)) + .png)): null

2018-11-08 15:29:50 - [TEST_STEP][PASSED] - Statement - counter = counter + 1: null

2018-11-08 15:29:50 - [TEST_STEP][PASSED] - Statement - PreSaveFile = new java.io.File(((pathPrefix + java.lang.Integer.toString(counter)) + .png)): null

2018-11-08 15:29:50 - [TEST_STEP][PASSED] - Statement - counter = counter + 1: null

2018-11-08 15:29:50 - [TEST_STEP][PASSED] - Statement - PreSaveFile = new java.io.File(((pathPrefix + java.lang.Integer.toString(counter)) + .png)): null

2018-11-08 15:29:50 - [TEST_STEP][PASSED] - Statement - counter = counter + 1: null

2018-11-08 15:29:50 - [TEST_STEP][PASSED] - Statement - PreSaveFile = new java.io.File(((pathPrefix + java.lang.Integer.toString(counter)) + .png)): null

2018-11-08 15:29:50 - [TEST_STEP][PASSED] - Statement - counter = counter + 1: null

2018-11-08 15:29:50 - [TEST_STEP][PASSED] - Statement - PreSaveFile = new java.io.File(((pathPrefix + java.lang.Integer.toString(counter)) + .png)): null

2018-11-08 15:29:50 - [TEST_STEP][PASSED] - Statement - counter = counter + 1: null

2018-11-08 15:29:50 - [TEST_STEP][PASSED] - Statement - PreSaveFile = new java.io.File(((pathPrefix + java.lang.Integer.toString(counter)) + .png)): null

2018-11-08 15:29:50 - [TEST_STEP][PASSED] - Statement - counter = counter + 1: null

2018-11-08 15:29:50 - [TEST_STEP][PASSED] - Statement - PreSaveFile = new java.io.File(((pathPrefix + java.lang.Integer.toString(counter)) + .png)): null

2018-11-08 15:29:50 - [TEST_STEP][PASSED] - Statement - counter = counter + 1: null

2018-11-08 15:29:50 - [TEST_STEP][PASSED] - Statement - PreSaveFile = new java.io.File(((pathPrefix + java.lang.Integer.toString(counter)) + .png)): null

2018-11-08 15:29:50 - [TEST_STEP][PASSED] - Statement - counter = counter + 1: null

2018-11-08 15:29:50 - [TEST_STEP][PASSED] - Statement - PreSaveFile = new java.io.File(((pathPrefix + java.lang.Integer.toString(counter)) + .png)): null

2018-11-08 15:29:50 - [TEST_STEP][PASSED] - Statement - counter = counter + 1: null

2018-11-08 15:29:50 - [TEST_STEP][PASSED] - Statement - PreSaveFile = new java.io.File(((pathPrefix + java.lang.Integer.toString(counter)) + .png)): null

2018-11-08 15:29:50 - [TEST_STEP][PASSED] - Statement - counter = counter + 1: null

2018-11-08 15:29:51 - [TEST_STEP][PASSED] - Statement - PreSaveFile = new java.io.File(((pathPrefix + java.lang.Integer.toString(counter)) + .png)): null

2018-11-08 15:29:51 - [TEST_STEP][PASSED] - Statement - counter = counter + 1: null

2018-11-08 15:29:51 - [TEST_STEP][PASSED] - Statement - PreSaveFile = new java.io.File(((pathPrefix + java.lang.Integer.toString(counter)) + .png)): null

2018-11-08 15:29:51 - [TEST_STEP][PASSED] - Statement - counter = counter + 1: null

2018-11-08 15:29:51 - [TEST_STEP][PASSED] - Statement - PreSaveFile = new java.io.File(((pathPrefix + java.lang.Integer.toString(counter)) + .png)): null

2018-11-08 15:29:51 - [TEST_STEP][PASSED] - Statement - counter = counter + 1: null

2018-11-08 15:29:51 - [TEST_STEP][PASSED] - Statement - PreSaveFile = new java.io.File(((pathPrefix + java.lang.Integer.toString(counter)) + .png)): null

2018-11-08 15:29:51 - [TEST_STEP][PASSED] - Statement - counter = counter + 1: null

2018-11-08 15:29:51 - [TEST_STEP][PASSED] - Statement - PreSaveFile = new java.io.File(((pathPrefix + java.lang.Integer.toString(counter)) + .png)): null

2018-11-08 15:29:51 - [TEST_STEP][PASSED] - Statement - counter = counter + 1: null

2018-11-08 15:29:51 - [TEST_STEP][PASSED] - Statement - PreSaveFile = new java.io.File(((pathPrefix + java.lang.Integer.toString(counter)) + .png)): null

2018-11-08 15:29:51 - [TEST_STEP][PASSED] - Statement - counter = counter + 1: null

2018-11-08 15:29:52 - [TEST_STEP][PASSED] - Statement - PreSaveFile = new java.io.File(((pathPrefix + java.lang.Integer.toString(counter)) + .png)): null

2018-11-08 15:29:52 - [TEST_STEP][PASSED] - Statement - counter = counter + 1: null

2018-11-08 15:29:52 - [TEST_STEP][PASSED] - Statement - PreSaveFile = new java.io.File(((pathPrefix + java.lang.Integer.toString(counter)) + .png)): null

2018-11-08 15:29:52 - [TEST_STEP][PASSED] - Statement - counter = counter + 1: null

2018-11-08 15:29:52 - [TEST_STEP][PASSED] - Statement - PreSaveFile = new java.io.File(((pathPrefix + java.lang.Integer.toString(counter)) + .png)): null

2018-11-08 15:29:52 - [TEST_STEP][PASSED] - Statement - counter = counter + 1: null

2018-11-08 15:29:52 - [TEST_STEP][PASSED] - Statement - PreSaveFile = new java.io.File(((pathPrefix + java.lang.Integer.toString(counter)) + .png)): null

2018-11-08 15:29:52 - [TEST_STEP][PASSED] - Statement - counter = counter + 1: null

2018-11-08 15:29:52 - [TEST_STEP][PASSED] - Statement - PreSaveFile = new java.io.File(((pathPrefix + java.lang.Integer.toString(counter)) + .png)): null

2018-11-08 15:29:53 - [TEST_STEP][PASSED] - Statement - counter = counter + 1: null

2018-11-08 15:29:53 - [TEST_STEP][PASSED] - Statement - PreSaveFile = new java.io.File(((pathPrefix + java.lang.Integer.toString(counter)) + .png)): null

2018-11-08 15:29:53 - [TEST_STEP][PASSED] - Statement - counter = counter + 1: null

2018-11-08 15:29:53 - [TEST_STEP][PASSED] - Statement - PreSaveFile = new java.io.File(((pathPrefix + java.lang.Integer.toString(counter)) + .png)): null

2018-11-08 15:29:53 - [TEST_STEP][PASSED] - Statement - counter = counter + 1: null

2018-11-08 15:29:53 - [TEST_STEP][PASSED] - Statement - PreSaveFile = new java.io.File(((pathPrefix + java.lang.Integer.toString(counter)) + .png)): null

2018-11-08 15:29:53 - [TEST_STEP][PASSED] - Statement - counter = counter + 1: null

2018-11-08 15:29:53 - [TEST_STEP][PASSED] - Statement - PreSaveFile = new java.io.File(((pathPrefix + java.lang.Integer.toString(counter)) + .png)): null

2018-11-08 15:29:53 - [TEST_STEP][PASSED] - Statement - counter = counter + 1: null

2018-11-08 15:29:53 - [TEST_STEP][PASSED] - Statement - PreSaveFile = new java.io.File(((pathPrefix + java.lang.Integer.toString(counter)) + .png)): null

2018-11-08 15:29:53 - [TEST_STEP][PASSED] - Statement - counter = counter + 1: null

2018-11-08 15:29:53 - [TEST_STEP][PASSED] - Statement - PreSaveFile = new java.io.File(((pathPrefix + java.lang.Integer.toString(counter)) + .png)): null

2018-11-08 15:29:53 - [TEST_STEP][PASSED] - Statement - counter = counter + 1: null

2018-11-08 15:29:53 - [TEST_STEP][PASSED] - Statement - PreSaveFile = new java.io.File(((pathPrefix + java.lang.Integer.toString(counter)) + .png)): null

2018-11-08 15:29:53 - [TEST_STEP][PASSED] - Statement - counter = counter + 1: null

2018-11-08 15:29:53 - [TEST_STEP][PASSED] - Statement - PreSaveFile = new java.io.File(((pathPrefix + java.lang.Integer.toString(counter)) + .png)): null

2018-11-08 15:29:53 - [TEST_STEP][PASSED] - Statement - counter = counter + 1: null

2018-11-08 15:29:53 - [TEST_STEP][PASSED] - Statement - PreSaveFile = new java.io.File(((pathPrefix + java.lang.Integer.toString(counter)) + .png)): null

2018-11-08 15:29:53 - [TEST_STEP][PASSED] - Statement - counter = counter + 1: null

2018-11-08 15:29:53 - [TEST_STEP][PASSED] - Statement - PreSaveFile = new java.io.File(((pathPrefix + java.lang.Integer.toString(counter)) + .png)): null

2018-11-08 15:29:53 - [TEST_STEP][PASSED] - Statement - counter = counter + 1: null

2018-11-08 15:29:53 - [TEST_STEP][PASSED] - Statement - PreSaveFile = new java.io.File(((pathPrefix + java.lang.Integer.toString(counter)) + .png)): null

2018-11-08 15:29:53 - [TEST_STEP][PASSED] - Statement - counter = counter + 1: null

2018-11-08 15:29:53 - [TEST_STEP][PASSED] - Statement - PreSaveFile = new java.io.File(((pathPrefix + java.lang.Integer.toString(counter)) + .png)): null

2018-11-08 15:29:54 - [TEST_STEP][PASSED] - Statement - counter = counter + 1: null

2018-11-08 15:29:54 - [TEST_STEP][PASSED] - Statement - PreSaveFile = new java.io.File(((pathPrefix + java.lang.Integer.toString(counter)) + .png)): null

2018-11-08 15:29:54 - [TEST_STEP][PASSED] - Statement - counter = counter + 1: null

2018-11-08 15:29:54 - [TEST_STEP][PASSED] - Statement - PreSaveFile = new java.io.File(((pathPrefix + java.lang.Integer.toString(counter)) + .png)): null

2018-11-08 15:29:54 - [TEST_STEP][PASSED] - Statement - counter = counter + 1: null

2018-11-08 15:29:54 - [TEST_STEP][PASSED] - Statement - PreSaveFile = new java.io.File(((pathPrefix + java.lang.Integer.toString(counter)) + .png)): null

2018-11-08 15:29:54 - [TEST_STEP][PASSED] - Statement - counter = counter + 1: null

2018-11-08 15:29:54 - [TEST_STEP][PASSED] - Statement - PreSaveFile = new java.io.File(((pathPrefix + java.lang.Integer.toString(counter)) + .png)): null

2018-11-08 15:29:54 - [TEST_STEP][PASSED] - Statement - counter = counter + 1: null

2018-11-08 15:29:55 - [TEST_STEP][PASSED] - Statement - PreSaveFile = new java.io.File(((pathPrefix + java.lang.Integer.toString(counter)) + .png)): null

2018-11-08 15:29:55 - [TEST_STEP][PASSED] - Statement - counter = counter + 1: null

2018-11-08 15:29:55 - [TEST_STEP][PASSED] - Statement - PreSaveFile = new java.io.File(((pathPrefix + java.lang.Integer.toString(counter)) + .png)): null

2018-11-08 15:29:55 - [TEST_STEP][PASSED] - Statement - counter = counter + 1: null

2018-11-08 15:29:55 - [TEST_STEP][PASSED] - Statement - PreSaveFile = new java.io.File(((pathPrefix + java.lang.Integer.toString(counter)) + .png)): null

2018-11-08 15:29:55 - [TEST_STEP][PASSED] - Statement - counter = counter + 1: null

2018-11-08 15:29:55 - [TEST_STEP][PASSED] - Statement - PreSaveFile = new java.io.File(((pathPrefix + java.lang.Integer.toString(counter)) + .png)): null

2018-11-08 15:29:55 - [TEST_STEP][PASSED] - Statement - counter = counter + 1: null

2018-11-08 15:29:55 - [TEST_STEP][PASSED] - Statement - PreSaveFile = new java.io.File(((pathPrefix + java.lang.Integer.toString(counter)) + .png)): null

2018-11-08 15:29:55 - [TEST_STEP][PASSED] - Statement - counter = counter + 1: null

2018-11-08 15:29:55 - [TEST_STEP][PASSED] - Statement - PreSaveFile = new java.io.File(((pathPrefix + java.lang.Integer.toString(counter)) + .png)): null

2018-11-08 15:29:55 - [TEST_STEP][PASSED] - Statement - counter = counter + 1: null

2018-11-08 15:29:56 - [TEST_STEP][PASSED] - Statement - PreSaveFile = new java.io.File(((pathPrefix + java.lang.Integer.toString(counter)) + .png)): null

2018-11-08 15:29:56 - [TEST_STEP][PASSED] - Statement - counter = counter + 1: null

2018-11-08 15:29:56 - [TEST_STEP][PASSED] - Statement - PreSaveFile = new java.io.File(((pathPrefix + java.lang.Integer.toString(counter)) + .png)): null

2018-11-08 15:29:56 - [TEST_STEP][PASSED] - Statement - counter = counter + 1: null

2018-11-08 15:29:56 - [TEST_STEP][PASSED] - Statement - PreSaveFile = new java.io.File(((pathPrefix + java.lang.Integer.toString(counter)) + .png)): null

2018-11-08 15:29:56 - [TEST_STEP][PASSED] - Statement - counter = counter + 1: null

2018-11-08 15:29:56 - [TEST_STEP][PASSED] - Statement - PreSaveFile = new java.io.File(((pathPrefix + java.lang.Integer.toString(counter)) + .png)): null

2018-11-08 15:29:56 - [TEST_STEP][PASSED] - Statement - counter = counter + 1: null

2018-11-08 15:29:56 - [TEST_STEP][PASSED] - Statement - PreSaveFile = new java.io.File(((pathPrefix + java.lang.Integer.toString(counter)) + .png)): null

2018-11-08 15:29:56 - [TEST_STEP][PASSED] - Statement - counter = counter + 1: null

2018-11-08 15:29:56 - [TEST_STEP][PASSED] - Statement - PreSaveFile = new java.io.File(((pathPrefix + java.lang.Integer.toString(counter)) + .png)): null

2018-11-08 15:29:57 - [TEST_STEP][PASSED] - Statement - counter = counter + 1: null

2018-11-08 15:29:57 - [TEST_STEP][PASSED] - Statement - PreSaveFile = new java.io.File(((pathPrefix + java.lang.Integer.toString(counter)) + .png)): null

2018-11-08 15:29:57 - [TEST_STEP][PASSED] - Statement - counter = counter + 1: null

2018-11-08 15:29:57 - [TEST_STEP][PASSED] - Statement - PreSaveFile = new java.io.File(((pathPrefix + java.lang.Integer.toString(counter)) + .png)): null

2018-11-08 15:29:57 - [TEST_STEP][PASSED] - Statement - counter = counter + 1: null

2018-11-08 15:29:57 - [TEST_STEP][PASSED] - Statement - PreSaveFile = new java.io.File(((pathPrefix + java.lang.Integer.toString(counter)) + .png)): null

2018-11-08 15:29:57 - [TEST_STEP][PASSED] - Statement - counter = counter + 1: null

2018-11-08 15:29:57 - [TEST_STEP][PASSED] - Statement - PreSaveFile = new java.io.File(((pathPrefix + java.lang.Integer.toString(counter)) + .png)): null

2018-11-08 15:29:57 - [TEST_STEP][PASSED] - Statement - counter = counter + 1: null

2018-11-08 15:29:57 - [TEST_STEP][PASSED] - Statement - PreSaveFile = new java.io.File(((pathPrefix + java.lang.Integer.toString(counter)) + .png)): null

2018-11-08 15:29:57 - [TEST_STEP][PASSED] - Statement - counter = counter + 1: null

2018-11-08 15:29:57 - [TEST_STEP][PASSED] - Statement - PreSaveFile = new java.io.File(((pathPrefix + java.lang.Integer.toString(counter)) + .png)): null

2018-11-08 15:29:57 - [TEST_STEP][PASSED] - Statement - counter = counter + 1: null

2018-11-08 15:29:57 - [TEST_STEP][PASSED] - Statement - PreSaveFile = new java.io.File(((pathPrefix + java.lang.Integer.toString(counter)) + .png)): null

2018-11-08 15:29:57 - [TEST_STEP][PASSED] - Statement - counter = counter + 1: null

2018-11-08 15:29:57 - [TEST_STEP][PASSED] - Statement - PreSaveFile = new java.io.File(((pathPrefix + java.lang.Integer.toString(counter)) + .png)): null

2018-11-08 15:29:57 - [TEST_STEP][PASSED] - Statement - counter = counter + 1: null

2018-11-08 15:29:57 - [TEST_STEP][PASSED] - Statement - PreSaveFile = new java.io.File(((pathPrefix + java.lang.Integer.toString(counter)) + .png)): null

2018-11-08 15:29:57 - [TEST_STEP][PASSED] - Statement - counter = counter + 1: null

2018-11-08 15:29:57 - [TEST_STEP][PASSED] - Statement - PreSaveFile = new java.io.File(((pathPrefix + java.lang.Integer.toString(counter)) + .png)): null

2018-11-08 15:29:58 - [TEST_STEP][PASSED] - Statement - counter = counter + 1: null

2018-11-08 15:29:58 - [TEST_STEP][PASSED] - Statement - PreSaveFile = new java.io.File(((pathPrefix + java.lang.Integer.toString(counter)) + .png)): null

2018-11-08 15:29:58 - [TEST_STEP][PASSED] - Statement - counter = counter + 1: null

2018-11-08 15:29:58 - [TEST_STEP][PASSED] - Statement - PreSaveFile = new java.io.File(((pathPrefix + java.lang.Integer.toString(counter)) + .png)): null

2018-11-08 15:29:58 - [TEST_STEP][PASSED] - Statement - counter = counter + 1: null

2018-11-08 15:29:58 - [TEST_STEP][PASSED] - Statement - PreSaveFile = new java.io.File(((pathPrefix + java.lang.Integer.toString(counter)) + .png)): null

2018-11-08 15:29:58 - [TEST_STEP][PASSED] - Statement - counter = counter + 1: null

2018-11-08 15:29:58 - [TEST_STEP][PASSED] - Statement - PreSaveFile = new java.io.File(((pathPrefix + java.lang.Integer.toString(counter)) + .png)): null

2018-11-08 15:29:58 - [TEST_STEP][PASSED] - Statement - counter = counter + 1: null

2018-11-08 15:29:58 - [TEST_STEP][PASSED] - Statement - PreSaveFile = new java.io.File(((pathPrefix + java.lang.Integer.toString(counter)) + .png)): null

2018-11-08 15:29:58 - [TEST_STEP][PASSED] - Statement - counter = counter + 1: null

2018-11-08 15:29:59 - [TEST_STEP][PASSED] - Statement - PreSaveFile = new java.io.File(((pathPrefix + java.lang.Integer.toString(counter)) + .png)): null

2018-11-08 15:29:59 - [TEST_STEP][PASSED] - Statement - counter = counter + 1: null

2018-11-08 15:29:59 - [TEST_STEP][PASSED] - Statement - PreSaveFile = new java.io.File(((pathPrefix + java.lang.Integer.toString(counter)) + .png)): null

2018-11-08 15:29:59 - [TEST_STEP][PASSED] - Statement - counter = counter + 1: null

2018-11-08 15:29:59 - [TEST_STEP][PASSED] - Statement - PreSaveFile = new java.io.File(((pathPrefix + java.lang.Integer.toString(counter)) + .png)): null

2018-11-08 15:29:59 - [TEST_STEP][PASSED] - Statement - counter = counter + 1: null

2018-11-08 15:29:59 - [TEST_STEP][PASSED] - Statement - PreSaveFile = new java.io.File(((pathPrefix + java.lang.Integer.toString(counter)) + .png)): null

2018-11-08 15:29:59 - [TEST_STEP][PASSED] - Statement - counter = counter + 1: null

2018-11-08 15:29:59 - [TEST_STEP][PASSED] - Statement - PreSaveFile = new java.io.File(((pathPrefix + java.lang.Integer.toString(counter)) + .png)): null

2018-11-08 15:29:59 - [TEST_STEP][PASSED] - Statement - counter = counter + 1: null

2018-11-08 15:29:59 - [TEST_STEP][PASSED] - Statement - PreSaveFile = new java.io.File(((pathPrefix + java.lang.Integer.toString(counter)) + .png)): null

2018-11-08 15:30:00 - [TEST_STEP][PASSED] - Statement - counter = counter + 1: null

2018-11-08 15:30:00 - [TEST_STEP][PASSED] - Statement - PreSaveFile = new java.io.File(((pathPrefix + java.lang.Integer.toString(counter)) + .png)): null

2018-11-08 15:30:00 - [TEST_STEP][PASSED] - Statement - counter = counter + 1: null

2018-11-08 15:30:00 - [TEST_STEP][PASSED] - Statement - PreSaveFile = new java.io.File(((pathPrefix + java.lang.Integer.toString(counter)) + .png)): null

2018-11-08 15:30:00 - [TEST_STEP][PASSED] - Statement - counter = counter + 1: null

2018-11-08 15:30:00 - [TEST_STEP][PASSED] - Statement - PreSaveFile = new java.io.File(((pathPrefix + java.lang.Integer.toString(counter)) + .png)): null

2018-11-08 15:30:00 - [TEST_STEP][PASSED] - Statement - counter = counter + 1: null

2018-11-08 15:30:00 - [TEST_STEP][PASSED] - Statement - PreSaveFile = new java.io.File(((pathPrefix + java.lang.Integer.toString(counter)) + .png)): null

2018-11-08 15:30:00 - [TEST_STEP][PASSED] - Statement - counter = counter + 1: null

2018-11-08 15:30:01 - [TEST_STEP][PASSED] - Statement - PreSaveFile = new java.io.File(((pathPrefix + java.lang.Integer.toString(counter)) + .png)): null

2018-11-08 15:30:01 - [TEST_STEP][PASSED] - Statement - counter = counter + 1: null

2018-11-08 15:30:01 - [TEST_STEP][PASSED] - Statement - PreSaveFile = new java.io.File(((pathPrefix + java.lang.Integer.toString(counter)) + .png)): null

2018-11-08 15:30:01 - [TEST_STEP][PASSED] - Statement - counter = counter + 1: null

2018-11-08 15:30:01 - [TEST_STEP][PASSED] - Statement - PreSaveFile = new java.io.File(((pathPrefix + java.lang.Integer.toString(counter)) + .png)): null

2018-11-08 15:30:01 - [TEST_STEP][PASSED] - Statement - counter = counter + 1: null

2018-11-08 15:30:01 - [TEST_STEP][PASSED] - Statement - PreSaveFile = new java.io.File(((pathPrefix + java.lang.Integer.toString(counter)) + .png)): null

2018-11-08 15:30:01 - [TEST_STEP][PASSED] - Statement - counter = counter + 1: null

2018-11-08 15:30:01 - [TEST_STEP][PASSED] - Statement - PreSaveFile = new java.io.File(((pathPrefix + java.lang.Integer.toString(counter)) + .png)): null

2018-11-08 15:30:01 - [TEST_STEP][PASSED] - Statement - counter = counter + 1: null

2018-11-08 15:30:01 - [TEST_STEP][PASSED] - Statement - PreSaveFile = new java.io.File(((pathPrefix + java.lang.Integer.toString(counter)) + .png)): null

2018-11-08 15:30:02 - [TEST_STEP][PASSED] - Statement - counter = counter + 1: null

2018-11-08 15:30:02 - [TEST_STEP][PASSED] - Statement - PreSaveFile = new java.io.File(((pathPrefix + java.lang.Integer.toString(counter)) + .png)): null

2018-11-08 15:30:02 - [TEST_STEP][PASSED] - Statement - counter = counter + 1: null

2018-11-08 15:30:02 - [TEST_STEP][PASSED] - Statement - PreSaveFile = new java.io.File(((pathPrefix + java.lang.Integer.toString(counter)) + .png)): null

2018-11-08 15:30:02 - [TEST_STEP][PASSED] - Statement - counter = counter + 1: null

2018-11-08 15:30:02 - [TEST_STEP][PASSED] - Statement - PreSaveFile = new java.io.File(((pathPrefix + java.lang.Integer.toString(counter)) + .png)): null

2018-11-08 15:30:02 - [TEST_STEP][PASSED] - Statement - counter = counter + 1: null

2018-11-08 15:30:02 - [TEST_STEP][PASSED] - Statement - PreSaveFile = new java.io.File(((pathPrefix + java.lang.Integer.toString(counter)) + .png)): null

2018-11-08 15:30:02 - [TEST_STEP][PASSED] - Statement - counter = counter + 1: null

2018-11-08 15:30:02 - [TEST_STEP][PASSED] - Statement - PreSaveFile = new java.io.File(((pathPrefix + java.lang.Integer.toString(counter)) + .png)): null

2018-11-08 15:30:02 - [TEST_STEP][PASSED] - Statement - counter = counter + 1: null

2018-11-08 15:30:03 - [TEST_STEP][PASSED] - Statement - PreSaveFile = new java.io.File(((pathPrefix + java.lang.Integer.toString(counter)) + .png)): null

2018-11-08 15:30:03 - [TEST_STEP][PASSED] - Statement - counter = counter + 1: null

2018-11-08 15:30:03 - [TEST_STEP][PASSED] - Statement - PreSaveFile = new java.io.File(((pathPrefix + java.lang.Integer.toString(counter)) + .png)): null

2018-11-08 15:30:03 - [TEST_STEP][PASSED] - Statement - counter = counter + 1: null

2018-11-08 15:30:03 - [TEST_STEP][PASSED] - Statement - PreSaveFile = new java.io.File(((pathPrefix + java.lang.Integer.toString(counter)) + .png)): null

2018-11-08 15:30:03 - [TEST_STEP][PASSED] - Statement - counter = counter + 1: null

2018-11-08 15:30:03 - [TEST_STEP][PASSED] - Statement - PreSaveFile = new java.io.File(((pathPrefix + java.lang.Integer.toString(counter)) + .png)): null

2018-11-08 15:30:03 - [TEST_STEP][PASSED] - Statement - counter = counter + 1: null

2018-11-08 15:30:03 - [TEST_STEP][PASSED] - Statement - PreSaveFile = new java.io.File(((pathPrefix + java.lang.Integer.toString(counter)) + .png)): null

2018-11-08 15:30:03 - [TEST_STEP][PASSED] - Statement - counter = counter + 1: null

2018-11-08 15:30:03 - [TEST_STEP][PASSED] - Statement - PreSaveFile = new java.io.File(((pathPrefix + java.lang.Integer.toString(counter)) + .png)): null

2018-11-08 15:30:03 - [TEST_STEP][PASSED] - Statement - counter = counter + 1: null

2018-11-08 15:30:03 - [TEST_STEP][PASSED] - Statement - PreSaveFile = new java.io.File(((pathPrefix + java.lang.Integer.toString(counter)) + .png)): null

2018-11-08 15:30:03 - [TEST_STEP][PASSED] - Statement - counter = counter + 1: null

2018-11-08 15:30:03 - [TEST_STEP][PASSED] - Statement - PreSaveFile = new java.io.File(((pathPrefix + java.lang.Integer.toString(counter)) + .png)): null

2018-11-08 15:30:03 - [TEST_STEP][PASSED] - Statement - counter = counter + 1: null

2018-11-08 15:30:03 - [TEST_STEP][PASSED] - Statement - PreSaveFile = new java.io.File(((pathPrefix + java.lang.Integer.toString(counter)) + .png)): null

2018-11-08 15:30:03 - [TEST_STEP][PASSED] - Statement - counter = counter + 1: null

2018-11-08 15:30:03 - [TEST_STEP][PASSED] - Statement - PreSaveFile = new java.io.File(((pathPrefix + java.lang.Integer.toString(counter)) + .png)): null

2018-11-08 15:30:03 - [TEST_STEP][PASSED] - Statement - counter = counter + 1: null

2018-11-08 15:30:04 - [TEST_STEP][PASSED] - Statement - PreSaveFile = new java.io.File(((pathPrefix + java.lang.Integer.toString(counter)) + .png)): null

2018-11-08 15:30:04 - [TEST_STEP][PASSED] - Statement - counter = counter + 1: null

2018-11-08 15:30:04 - [TEST_STEP][PASSED] - Statement - PreSaveFile = new java.io.File(((pathPrefix + java.lang.Integer.toString(counter)) + .png)): null

2018-11-08 15:30:04 - [TEST_STEP][PASSED] - Statement - counter = counter + 1: null

2018-11-08 15:30:04 - [TEST_STEP][PASSED] - Statement - PreSaveFile = new java.io.File(((pathPrefix + java.lang.Integer.toString(counter)) + .png)): null

2018-11-08 15:30:04 - [TEST_STEP][PASSED] - Statement - counter = counter + 1: null

2018-11-08 15:30:04 - [TEST_STEP][PASSED] - Statement - PreSaveFile = new java.io.File(((pathPrefix + java.lang.Integer.toString(counter)) + .png)): null

2018-11-08 15:30:04 - [TEST_STEP][PASSED] - Statement - counter = counter + 1: null

2018-11-08 15:30:04 - [TEST_STEP][PASSED] - Statement - PreSaveFile = new java.io.File(((pathPrefix + java.lang.Integer.toString(counter)) + .png)): null

2018-11-08 15:30:04 - [TEST_STEP][PASSED] - Statement - counter = counter + 1: null

2018-11-08 15:30:04 - [TEST_STEP][PASSED] - Statement - PreSaveFile = new java.io.File(((pathPrefix + java.lang.Integer.toString(counter)) + .png)): null

2018-11-08 15:30:05 - [TEST_STEP][PASSED] - Statement - counter = counter + 1: null

2018-11-08 15:30:05 - [TEST_STEP][PASSED] - Statement - PreSaveFile = new java.io.File(((pathPrefix + java.lang.Integer.toString(counter)) + .png)): null

2018-11-08 15:30:05 - [TEST_STEP][PASSED] - Statement - counter = counter + 1: null

2018-11-08 15:30:05 - [TEST_STEP][PASSED] - Statement - PreSaveFile = new java.io.File(((pathPrefix + java.lang.Integer.toString(counter)) + .png)): null

2018-11-08 15:30:05 - [TEST_STEP][PASSED] - Statement - counter = counter + 1: null

2018-11-08 15:30:05 - [TEST_STEP][PASSED] - Statement - PreSaveFile = new java.io.File(((pathPrefix + java.lang.Integer.toString(counter)) + .png)): null

2018-11-08 15:30:05 - [TEST_STEP][PASSED] - Statement - counter = counter + 1: null

2018-11-08 15:30:05 - [TEST_STEP][PASSED] - Statement - PreSaveFile = new java.io.File(((pathPrefix + java.lang.Integer.toString(counter)) + .png)): null

2018-11-08 15:30:05 - [TEST_STEP][PASSED] - Statement - counter = counter + 1: null

2018-11-08 15:30:05 - [TEST_STEP][PASSED] - Statement - PreSaveFile = new java.io.File(((pathPrefix + java.lang.Integer.toString(counter)) + .png)): null

2018-11-08 15:30:05 - [TEST_STEP][PASSED] - Statement - counter = counter + 1: null

2018-11-08 15:30:06 - [TEST_STEP][PASSED] - Statement - PreSaveFile = new java.io.File(((pathPrefix + java.lang.Integer.toString(counter)) + .png)): null

2018-11-08 15:30:06 - [TEST_STEP][PASSED] - Statement - counter = counter + 1: null

2018-11-08 15:30:06 - [TEST_STEP][PASSED] - Statement - PreSaveFile = new java.io.File(((pathPrefix + java.lang.Integer.toString(counter)) + .png)): null

2018-11-08 15:30:06 - [TEST_STEP][PASSED] - Statement - counter = counter + 1: null

2018-11-08 15:30:06 - [TEST_STEP][PASSED] - Statement - PreSaveFile = new java.io.File(((pathPrefix + java.lang.Integer.toString(counter)) + .png)): null

2018-11-08 15:30:06 - [TEST_STEP][PASSED] - Statement - counter = counter + 1: null

2018-11-08 15:30:06 - [TEST_STEP][PASSED] - Statement - PreSaveFile = new java.io.File(((pathPrefix + java.lang.Integer.toString(counter)) + .png)): null

2018-11-08 15:30:06 - [TEST_STEP][PASSED] - Statement - counter = counter + 1: null

2018-11-08 15:30:06 - [TEST_STEP][PASSED] - Statement - PreSaveFile = new java.io.File(((pathPrefix + java.lang.Integer.toString(counter)) + .png)): null

2018-11-08 15:30:06 - [TEST_STEP][PASSED] - Statement - counter = counter + 1: null

2018-11-08 15:30:06 - [TEST_STEP][PASSED] - Statement - PreSaveFile = new java.io.File(((pathPrefix + java.lang.Integer.toString(counter)) + .png)): null

2018-11-08 15:30:07 - [TEST_STEP][PASSED] - Statement - counter = counter + 1: null

2018-11-08 15:30:07 - [TEST_STEP][PASSED] - Statement - PreSaveFile = new java.io.File(((pathPrefix + java.lang.Integer.toString(counter)) + .png)): null

2018-11-08 15:30:07 - [TEST_STEP][PASSED] - Statement - counter = counter + 1: null

2018-11-08 15:30:07 - [TEST_STEP][PASSED] - Statement - PreSaveFile = new java.io.File(((pathPrefix + java.lang.Integer.toString(counter)) + .png)): null

2018-11-08 15:30:07 - [TEST_STEP][PASSED] - Statement - finalPath = pathPrefix + java.lang.Integer.toString(counter) + ".png": null

2018-11-08 15:30:07 - [TEST_STEP][PASSED] - Statement - SaveFile = new java.io.File(finalPath): null

2018-11-08 15:30:07 - [TEST_STEP][PASSED] - Statement - Try: null

2018-11-08 15:30:07 - [TEST_STEP][PASSED] - Statement - org.apache.commons.io.FileUtils.copyFile(scrFile, SaveFile): null

2018-11-08 15:30:07 - [TEST_STEP][PASSED] - Statement - out.println("file kept"): null

2018-11-08 15:30:08 - [TEST_STEP][PASSED] - delay: Delayed 10 second(s)

2018-11-08 15:30:18 - [MESSAGE][PASSED] - Delayed 10 second(s)

2018-11-08 15:30:18 - [MESSAGE][PASSED] - Call Test Case 'Test Cases/Final Aug 2018 - PKS Automation/Registration Module/New Registration/Submit and Screenshot/Submit Registration and Screenshot' successfully

2018-11-08 15:30:18 - [TEST_STEP][PASSED] - callTestCase: Call Test Case 'Test Cases/Final Aug 2018 - PKS Automation/Registration Module/Log Out/log out avoiding katalon tagging' successfully

2018-11-08 15:30:18 - [TEST_CASE][PASSED] - Test Cases/Final Aug 2018 - PKS Automation/Registration Module/Log Out/log out avoiding katalon tagging: Test Cases/Final Aug 2018 - PKS Automation/Registration Module/Log Out/log out avoiding katalon tagging

2018-11-08 15:30:18 - [TEST_STEP][PASSED] - navigateToUrl: Navigate to 'https://assist2-uat.perkeso.gov.my/c/portal/logout' successfully

2018-11-08 15:30:20 - [MESSAGE][PASSED] - Navigate to 'https://assist2-uat.perkeso.gov.my/c/portal/logout' successfully

2018-11-08 15:30:20 - [MESSAGE][PASSED] - Call Test Case 'Test Cases/Final Aug 2018 - PKS Automation/Registration Module/Log Out/log out avoiding katalon tagging' successfully]]></system-out>
         <system-err><![CDATA[]]></system-err>
      </testcase>
      <testcase name="Test Cases/Final Aug 2018 - PKS Automation/Registration Module/Workflow/New Registration/Case PKR BO to RO - Query - Submit" classname="Test Cases/Final Aug 2018 - PKS Automation/Registration Module/Workflow/New Registration/Case PKR BO to RO - Query - Submit" status="PASSED">
         <system-out><![CDATA[2018-11-08 15:30:20 - [TEST_CASE][PASSED] - Test Cases/Final Aug 2018 - PKS Automation/Registration Module/Workflow/New Registration/Case PKR BO to RO - Query - Submit: Test Cases/Final Aug 2018 - PKS Automation/Registration Module/Workflow/New Registration/Case PKR BO to RO - Query - Submit

2018-11-08 15:30:20 - [TEST_STEP][PASSED] - callTestCase: Call Test Case 'Test Cases/Final Aug 2018 - PKS Automation/Registration Module/Workflow/New Registration/Template/Special Case - PKR BO - Form 1' successfully

2018-11-08 15:30:20 - [TEST_CASE][PASSED] - Test Cases/Final Aug 2018 - PKS Automation/Registration Module/Workflow/New Registration/Template/Special Case - PKR BO - Form 1: Test Cases/Final Aug 2018 - PKS Automation/Registration Module/Workflow/New Registration/Template/Special Case - PKR BO - Form 1

2018-11-08 15:30:20 - [TEST_STEP][PASSED] - openBrowser: Browser is opened with url: ''

2018-11-08 15:30:20 - [MESSAGE][WARNING] - A browser is already opened. Closing browser and opening a new one

2018-11-08 15:30:26 - [MESSAGE][PASSED] - Browser is opened with url: ''

2018-11-08 15:30:26 - [TEST_STEP][PASSED] - navigateToUrl: Navigate to 'https://assist2-uat.perkeso.gov.my/login' successfully

2018-11-08 15:30:28 - [MESSAGE][PASSED] - Navigate to 'https://assist2-uat.perkeso.gov.my/login' successfully

2018-11-08 15:30:28 - [TEST_STEP][PASSED] - delay: Delayed 2 second(s)

2018-11-08 15:30:30 - [MESSAGE][PASSED] - Delayed 2 second(s)

2018-11-08 15:30:30 - [TEST_STEP][PASSED] - setText: Text 'klpkrbo2@gmail.com' is set on object 'Object Repository/Final Object Repo/Login Page/Internal User/Email Address'

2018-11-08 15:30:31 - [MESSAGE][PASSED] - Text 'klpkrbo2@gmail.com' is set on object 'Object Repository/Final Object Repo/Login Page/Internal User/Email Address'

2018-11-08 15:30:31 - [TEST_STEP][PASSED] - click: Object: 'Object Repository/Final Object Repo/Login Page/Internal User/Next Button' is clicked on

2018-11-08 15:30:31 - [MESSAGE][PASSED] - Object: 'Object Repository/Final Object Repo/Login Page/Internal User/Next Button' is clicked on

2018-11-08 15:30:31 - [TEST_STEP][PASSED] - delay: Delayed 2 second(s)

2018-11-08 15:30:33 - [MESSAGE][PASSED] - Delayed 2 second(s)

2018-11-08 15:30:33 - [TEST_STEP][PASSED] - setText: Text 'Test1@3456789' is set on object 'Object Repository/Final Object Repo/Login Page/Internal User/Password'

2018-11-08 15:30:33 - [MESSAGE][PASSED] - Text 'Test1@3456789' is set on object 'Object Repository/Final Object Repo/Login Page/Internal User/Password'

2018-11-08 15:30:33 - [TEST_STEP][PASSED] - delay: Delayed 2 second(s)

2018-11-08 15:30:35 - [MESSAGE][PASSED] - Delayed 2 second(s)

2018-11-08 15:30:35 - [TEST_STEP][PASSED] - click: Object: 'Object Repository/Final Object Repo/Login Page/Internal User/Login Button' is clicked on

2018-11-08 15:30:39 - [MESSAGE][PASSED] - Object: 'Object Repository/Final Object Repo/Login Page/Internal User/Login Button' is clicked on

2018-11-08 15:30:39 - [TEST_STEP][PASSED] - Statement - Try: Delayed 2 second(s)

2018-11-08 15:30:39 - [TEST_STEP][PASSED] - Statement - Checker = false: null

2018-11-08 15:30:39 - [TEST_STEP][PASSED] - Statement - Checker = com.kms.katalon.core.webui.keyword.WebUiBuiltInKeywords.verifyElementHasAttribute(com.kms.katalon.core.testobject.ObjectRepository.findTestObject(Final Object Repo/Landing Page/BM Detecting), "href", 20, OPTIONAL): Object 'Object Repository/Final Object Repo/Landing Page/BM Detecting' has attribute 'href'

2018-11-08 15:30:39 - [MESSAGE][PASSED] - Object 'Object Repository/Final Object Repo/Landing Page/BM Detecting' has attribute 'href'

2018-11-08 15:30:39 - [TEST_STEP][PASSED] - Statement - out.println(Checker): null

2018-11-08 15:30:39 - [TEST_STEP][PASSED] - Statement - If (Checker == false): null

2018-11-08 15:30:39 - [TEST_STEP][PASSED] - Statement - Else: null

2018-11-08 15:30:39 - [TEST_STEP][PASSED] - delay: Delayed 2 second(s)

2018-11-08 15:30:41 - [MESSAGE][PASSED] - Delayed 2 second(s)

2018-11-08 15:30:41 - [TEST_STEP][PASSED] - delay: Delayed 4 second(s)

2018-11-08 15:30:45 - [MESSAGE][PASSED] - Delayed 4 second(s)

2018-11-08 15:30:46 - [TEST_STEP][PASSED] - click: Object: 'Object Repository/Final Object Repo/Landing Page/My Sites Drop Down' is clicked on

2018-11-08 15:30:46 - [MESSAGE][PASSED] - Object: 'Object Repository/Final Object Repo/Landing Page/My Sites Drop Down' is clicked on

2018-11-08 15:30:46 - [TEST_STEP][PASSED] - click: Object: 'Object Repository/Final Object Repo/Landing Page/Select to Registration Module' is clicked on

2018-11-08 15:30:48 - [MESSAGE][PASSED] - Object: 'Object Repository/Final Object Repo/Landing Page/Select to Registration Module' is clicked on

2018-11-08 15:30:48 - [TEST_STEP][PASSED] - click: Object: 'Object Repository/Final Object Repo/Landing Page/Registration Button' is clicked on

2018-11-08 15:30:51 - [MESSAGE][PASSED] - Object: 'Object Repository/Final Object Repo/Landing Page/Registration Button' is clicked on

2018-11-08 15:30:51 - [TEST_STEP][PASSED] - delay: Delayed 2 second(s)

2018-11-08 15:30:53 - [MESSAGE][PASSED] - Delayed 2 second(s)

2018-11-08 15:30:53 - [TEST_STEP][PASSED] - click: Object: 'Object Repository/Final Object Repo/New Registration - Registration Module Pages/New Reg - OTC to RO/Special Case - OTC - Form 1/AEC NO' is clicked on

2018-11-08 15:30:53 - [MESSAGE][PASSED] - Object: 'Object Repository/Final Object Repo/New Registration - Registration Module Pages/New Reg - OTC to RO/Special Case - OTC - Form 1/AEC NO' is clicked on

2018-11-08 15:30:53 - [TEST_STEP][PASSED] - click: Object: 'Object Repository/Final Object Repo/New Registration - Registration Module Pages/New Reg - OTC to RO/Special Case - OTC - Form 1/Business Entity - Please Select' is clicked on

2018-11-08 15:30:54 - [MESSAGE][PASSED] - Object: 'Object Repository/Final Object Repo/New Registration - Registration Module Pages/New Reg - OTC to RO/Special Case - OTC - Form 1/Business Entity - Please Select' is clicked on

2018-11-08 15:30:54 - [TEST_STEP][PASSED] - click: Object: 'Object Repository/Final Object Repo/New Registration - Registration Module Pages/New Reg - OTC to RO/Special Case - OTC - Form 1/Selected - Corporation' is clicked on

2018-11-08 15:30:55 - [MESSAGE][PASSED] - Object: 'Object Repository/Final Object Repo/New Registration - Registration Module Pages/New Reg - OTC to RO/Special Case - OTC - Form 1/Selected - Corporation' is clicked on

2018-11-08 15:30:55 - [TEST_STEP][PASSED] - delay: Delayed 2 second(s)

2018-11-08 15:30:57 - [MESSAGE][PASSED] - Delayed 2 second(s)

2018-11-08 15:30:57 - [TEST_STEP][PASSED] - click: Object: 'Object Repository/Final Object Repo/New Registration - Registration Module Pages/New Reg - OTC to RO/Special Case - OTC - Form 1/Sub Business Entity - Please Select' is clicked on

2018-11-08 15:30:57 - [MESSAGE][PASSED] - Object: 'Object Repository/Final Object Repo/New Registration - Registration Module Pages/New Reg - OTC to RO/Special Case - OTC - Form 1/Sub Business Entity - Please Select' is clicked on

2018-11-08 15:30:57 - [TEST_STEP][PASSED] - delay: Delayed 2 second(s)

2018-11-08 15:30:59 - [MESSAGE][PASSED] - Delayed 2 second(s)

2018-11-08 15:30:59 - [TEST_STEP][PASSED] - click: Object: 'Object Repository/Final Object Repo/New Registration - Registration Module Pages/New Reg - OTC to RO/Special Case - OTC - Form 1/Selected - Sendirian Berhad' is clicked on

2018-11-08 15:31:00 - [MESSAGE][PASSED] - Object: 'Object Repository/Final Object Repo/New Registration - Registration Module Pages/New Reg - OTC to RO/Special Case - OTC - Form 1/Selected - Sendirian Berhad' is clicked on

2018-11-08 15:31:00 - [TEST_STEP][PASSED] - setText: Text 'AUTOMATE001' is set on object 'Object Repository/Final Object Repo/New Registration - Registration Module Pages/New Reg - OTC to RO/Special Case - OTC - Form 1/Input BRN Number'

2018-11-08 15:31:00 - [MESSAGE][PASSED] - Text 'AUTOMATE001' is set on object 'Object Repository/Final Object Repo/New Registration - Registration Module Pages/New Reg - OTC to RO/Special Case - OTC - Form 1/Input BRN Number'

2018-11-08 15:31:00 - [TEST_STEP][PASSED] - delay: Delayed 2 second(s)

2018-11-08 15:31:02 - [MESSAGE][PASSED] - Delayed 2 second(s)

2018-11-08 15:31:02 - [TEST_STEP][PASSED] - click: Object: 'Object Repository/Final Object Repo/New Registration - Registration Module Pages/New Reg - OTC to RO/Special Case - OTC - Form 1/BRN Search' is clicked on

2018-11-08 15:31:02 - [MESSAGE][PASSED] - Object: 'Object Repository/Final Object Repo/New Registration - Registration Module Pages/New Reg - OTC to RO/Special Case - OTC - Form 1/BRN Search' is clicked on

2018-11-08 15:31:02 - [TEST_STEP][PASSED] - delay: Delayed 4 second(s)

2018-11-08 15:31:06 - [MESSAGE][PASSED] - Delayed 4 second(s)

2018-11-08 15:31:06 - [TEST_STEP][PASSED] - click: Object: 'Object Repository/Final Object Repo/New Registration - Registration Module Pages/New Reg - OTC to RO/Special Case - OTC - Form 1/Registered with SSM - After Feb 2017' is clicked on

2018-11-08 15:31:07 - [MESSAGE][PASSED] - Object: 'Object Repository/Final Object Repo/New Registration - Registration Module Pages/New Reg - OTC to RO/Special Case - OTC - Form 1/Registered with SSM - After Feb 2017' is clicked on

2018-11-08 15:31:07 - [TEST_STEP][PASSED] - delay: Delayed 2 second(s)

2018-11-08 15:31:09 - [MESSAGE][PASSED] - Delayed 2 second(s)

2018-11-08 15:31:09 - [TEST_STEP][PASSED] - click: Object: 'Object Repository/Final Object Repo/New Registration - Registration Module Pages/New Reg - OTC to RO/Special Case - OTC - Form 1/Registering As A Branch - No' is clicked on

2018-11-08 15:31:09 - [MESSAGE][PASSED] - Object: 'Object Repository/Final Object Repo/New Registration - Registration Module Pages/New Reg - OTC to RO/Special Case - OTC - Form 1/Registering As A Branch - No' is clicked on

2018-11-08 15:31:09 - [TEST_STEP][PASSED] - click: Object: 'Object Repository/Final Object Repo/New Registration - Registration Module Pages/New Reg - OTC to RO/Special Case - OTC - Form 1/Acknowledgement Ticked' is clicked on

2018-11-08 15:31:09 - [MESSAGE][PASSED] - Object: 'Object Repository/Final Object Repo/New Registration - Registration Module Pages/New Reg - OTC to RO/Special Case - OTC - Form 1/Acknowledgement Ticked' is clicked on

2018-11-08 15:31:09 - [TEST_STEP][PASSED] - click: Object: 'Object Repository/Final Object Repo/New Registration - Registration Module Pages/New Reg - OTC to RO/Special Case - OTC - Form 1/Submit Button' is clicked on

2018-11-08 15:31:10 - [MESSAGE][PASSED] - Object: 'Object Repository/Final Object Repo/New Registration - Registration Module Pages/New Reg - OTC to RO/Special Case - OTC - Form 1/Submit Button' is clicked on

2018-11-08 15:31:10 - [TEST_STEP][PASSED] - delay: Delayed 2 second(s)

2018-11-08 15:31:12 - [MESSAGE][PASSED] - Delayed 2 second(s)

2018-11-08 15:31:12 - [TEST_STEP][PASSED] - click: Object: 'Object Repository/Final Object Repo/New Registration - Registration Module Pages/New Reg - OTC to RO/Special Case - OTC - Form 1/Confirm No Flagging as Branch' is clicked on

2018-11-08 15:31:14 - [MESSAGE][PASSED] - Object: 'Object Repository/Final Object Repo/New Registration - Registration Module Pages/New Reg - OTC to RO/Special Case - OTC - Form 1/Confirm No Flagging as Branch' is clicked on

2018-11-08 15:31:14 - [MESSAGE][PASSED] - Call Test Case 'Test Cases/Final Aug 2018 - PKS Automation/Registration Module/Workflow/New Registration/Template/Special Case - PKR BO - Form 1' successfully

2018-11-08 15:31:14 - [TEST_STEP][PASSED] - callTestCase: Call Test Case 'Test Cases/Final Aug 2018 - PKS Automation/Registration Module/New Registration/Form 2/Add 1 Eligible' successfully

2018-11-08 15:31:14 - [TEST_CASE][PASSED] - Test Cases/Final Aug 2018 - PKS Automation/Registration Module/New Registration/Form 2/Add 1 Eligible: Test Cases/Final Aug 2018 - PKS Automation/Registration Module/New Registration/Form 2/Add 1 Eligible

2018-11-08 15:31:14 - [TEST_STEP][PASSED] - delay: Delayed 2 second(s)

2018-11-08 15:31:16 - [MESSAGE][PASSED] - Delayed 2 second(s)

2018-11-08 15:31:16 - [TEST_STEP][PASSED] - callTestCase: Call Test Case 'Test Cases/Final Aug 2018 - PKS Automation/Registration Module/New Registration/Form 2/Date Updater' successfully

2018-11-08 15:31:16 - [TEST_CASE][PASSED] - Test Cases/Final Aug 2018 - PKS Automation/Registration Module/New Registration/Form 2/Date Updater: Test Cases/Final Aug 2018 - PKS Automation/Registration Module/New Registration/Form 2/Date Updater

2018-11-08 15:31:16 - [TEST_STEP][PASSED] - Statement - TodayDate = new java.util.Date(): null

2018-11-08 15:31:16 - [TEST_STEP][PASSED] - Statement - CurrentDateNoFilter = new java.text.SimpleDateFormat(): null

2018-11-08 15:31:16 - [TEST_STEP][PASSED] - Statement - CurrentDateNoFilter.applyPattern("dd"): null

2018-11-08 15:31:16 - [TEST_STEP][PASSED] - Statement - CurrentDate = CurrentDateNoFilter.format(TodayDate): null

2018-11-08 15:31:16 - [TEST_STEP][PASSED] - Statement - CurrentDate = java.lang.Integer.parseInt(CurrentDate): null

2018-11-08 15:31:16 - [TEST_STEP][PASSED] - Statement - CurrentDate = CurrentDate: null

2018-11-08 15:31:16 - [TEST_STEP][PASSED] - Statement - CurrentDay = java.lang.Integer.parseInt(CurrentDate): null

2018-11-08 15:31:16 - [TEST_STEP][PASSED] - Statement - aDayBefore = CurrentDay + 1: null

2018-11-08 15:31:16 - [TEST_STEP][PASSED] - Statement - DayBefore = aDayBefore.toString(): null

2018-11-08 15:31:16 - [TEST_STEP][PASSED] - Statement - OneDayBefore = DayBefore: null

2018-11-08 15:31:16 - [TEST_STEP][PASSED] - Statement - CurrentDateNoFilter.applyPattern("MM"): null

2018-11-08 15:31:16 - [TEST_STEP][PASSED] - Statement - monthContainerMatcher = java.lang.Integer.parseInt(CurrentDateNoFilter.format(TodayDate)): null

2018-11-08 15:31:16 - [TEST_STEP][PASSED] - Statement - monthContainerMatcher = monthContainerMatcher - 1: null

2018-11-08 15:31:16 - [TEST_STEP][PASSED] - Statement - CurrentMonth = monthContainerMatcher.toString(): null

2018-11-08 15:31:16 - [TEST_STEP][PASSED] - Statement - CurrentMonth = CurrentMonth: null

2018-11-08 15:31:16 - [TEST_STEP][PASSED] - Statement - CurrentDateNoFilter.applyPattern("yyyy"): null

2018-11-08 15:31:16 - [TEST_STEP][PASSED] - Statement - CurrentYear = CurrentDateNoFilter.format(TodayDate): null

2018-11-08 15:31:16 - [TEST_STEP][PASSED] - Statement - CurrentYear = CurrentYear: null

2018-11-08 15:31:16 - [TEST_STEP][PASSED] - Statement - intCurrentYear = java.lang.Integer.parseInt(CurrentDateNoFilter.format(TodayDate)): null

2018-11-08 15:31:16 - [TEST_STEP][PASSED] - Statement - eighteenYrsAgo = intCurrentYear - 18: null

2018-11-08 15:31:16 - [TEST_STEP][PASSED] - Statement - eighteenYrsBeforeThisYr = eighteenYrsAgo.toString(): null

2018-11-08 15:31:16 - [TEST_STEP][PASSED] - Statement - EighteenYrsBefore = eighteenYrsBeforeThisYr: null

2018-11-08 15:31:16 - [TEST_STEP][PASSED] - Statement - fiftysevenYrsAgo = intCurrentYear - 57: null

2018-11-08 15:31:16 - [TEST_STEP][PASSED] - Statement - fiftysevenYrsBeforeThisYr = fiftysevenYrsAgo.toString(): null

2018-11-08 15:31:16 - [TEST_STEP][PASSED] - Statement - FiftysevenYrsBefore = fiftysevenYrsBeforeThisYr: null

2018-11-08 15:31:16 - [MESSAGE][PASSED] - Call Test Case 'Test Cases/Final Aug 2018 - PKS Automation/Registration Module/New Registration/Form 2/Date Updater' successfully

2018-11-08 15:31:16 - [TEST_STEP][PASSED] - delay: Delayed 1 second(s)

2018-11-08 15:31:17 - [MESSAGE][PASSED] - Delayed 1 second(s)

2018-11-08 15:31:17 - [TEST_STEP][PASSED] - Statement - CaseReferenceNo = com.kms.katalon.core.webui.keyword.WebUiBuiltInKeywords.getText(com.kms.katalon.core.testobject.ObjectRepository.findTestObject(Final Object Repo/New Registration - Registration Module Pages/Form 2/RefNo Acquiring)): Text of object 'Object Repository/Final Object Repo/New Registration - Registration Module Pages/Form 2/RefNo Acquiring' is: 'CRN11201800122423'

2018-11-08 15:31:17 - [MESSAGE][PASSED] - Text of object 'Object Repository/Final Object Repo/New Registration - Registration Module Pages/Form 2/RefNo Acquiring' is: 'CRN11201800122423'

2018-11-08 15:31:17 - [TEST_STEP][PASSED] - delay: Delayed 1 second(s)

2018-11-08 15:31:18 - [MESSAGE][PASSED] - Delayed 1 second(s)

2018-11-08 15:31:18 - [TEST_STEP][PASSED] - click: Object: 'Object Repository/Final Object Repo/New Registration - Registration Module Pages/Form 2/Add Employee Button' is clicked on

2018-11-08 15:31:18 - [MESSAGE][PASSED] - Object: 'Object Repository/Final Object Repo/New Registration - Registration Module Pages/Form 2/Add Employee Button' is clicked on

2018-11-08 15:31:18 - [TEST_STEP][PASSED] - delay: Delayed 1 second(s)

2018-11-08 15:31:19 - [MESSAGE][PASSED] - Delayed 1 second(s)

2018-11-08 15:31:19 - [TEST_STEP][PASSED] - setText: Text '010903091963' is set on object 'Object Repository/Final Object Repo/New Registration - Registration Module Pages/Form 2/NRIC Input'

2018-11-08 15:31:20 - [MESSAGE][PASSED] - Text '010903091963' is set on object 'Object Repository/Final Object Repo/New Registration - Registration Module Pages/Form 2/NRIC Input'

2018-11-08 15:31:20 - [TEST_STEP][PASSED] - click: Object: 'Object Repository/Final Object Repo/New Registration - Registration Module Pages/Form 2/button for search for IC' is clicked on

2018-11-08 15:31:20 - [MESSAGE][PASSED] - Object: 'Object Repository/Final Object Repo/New Registration - Registration Module Pages/Form 2/button for search for IC' is clicked on

2018-11-08 15:31:20 - [TEST_STEP][PASSED] - delay: Delayed 2 second(s)

2018-11-08 15:31:22 - [MESSAGE][PASSED] - Delayed 2 second(s)

2018-11-08 15:31:22 - [TEST_STEP][PASSED] - setText: Text 'Automate001 eligible 1' is set on object 'Object Repository/Final Object Repo/New Registration - Registration Module Pages/Form 2/Employee Name Input'

2018-11-08 15:31:22 - [MESSAGE][PASSED] - Text 'Automate001 eligible 1' is set on object 'Object Repository/Final Object Repo/New Registration - Registration Module Pages/Form 2/Employee Name Input'

2018-11-08 15:31:22 - [TEST_STEP][PASSED] - delay: Delayed 2 second(s)

2018-11-08 15:31:24 - [MESSAGE][PASSED] - Delayed 2 second(s)

2018-11-08 15:31:24 - [TEST_STEP][PASSED] - click: Object: 'Object Repository/Final Object Repo/New Registration - Registration Module Pages/Form 2/DatePicker Pop Up' is clicked on

2018-11-08 15:31:25 - [MESSAGE][PASSED] - Object: 'Object Repository/Final Object Repo/New Registration - Registration Module Pages/Form 2/DatePicker Pop Up' is clicked on

2018-11-08 15:31:25 - [TEST_STEP][PASSED] - click: Object: 'Object Repository/Final Object Repo/New Registration - Registration Module Pages/Form 2/DOB Month' is clicked on

2018-11-08 15:31:26 - [MESSAGE][PASSED] - Object: 'Object Repository/Final Object Repo/New Registration - Registration Module Pages/Form 2/DOB Month' is clicked on

2018-11-08 15:31:26 - [TEST_STEP][PASSED] - Statement - CurrentMonth = CurrentMonth: null

2018-11-08 15:31:26 - [TEST_STEP][PASSED] - Statement - selectMonth = new com.kms.katalon.core.testobject.TestObject(): null

2018-11-08 15:31:26 - [TEST_STEP][PASSED] - Statement - selectMonth.addProperty("xpath", EQUALS, "//body/div/div/div/select/option[@value='" + CurrentMonth + "']", true): null

2018-11-08 15:31:26 - [TEST_STEP][PASSED] - click: Object: '' is clicked on

2018-11-08 15:31:26 - [MESSAGE][PASSED] - Object: '' is clicked on

2018-11-08 15:31:26 - [TEST_STEP][PASSED] - click: Object: 'Object Repository/Final Object Repo/New Registration - Registration Module Pages/Form 2/DOB Year' is clicked on

2018-11-08 15:31:26 - [MESSAGE][PASSED] - Object: 'Object Repository/Final Object Repo/New Registration - Registration Module Pages/Form 2/DOB Year' is clicked on

2018-11-08 15:31:26 - [TEST_STEP][PASSED] - Statement - Eyearsbf = EighteenYrsBefore: null

2018-11-08 15:31:26 - [TEST_STEP][PASSED] - Statement - selectYear = new com.kms.katalon.core.testobject.TestObject(): null

2018-11-08 15:31:26 - [TEST_STEP][PASSED] - Statement - selectYear.addProperty("xpath", EQUALS, "//div/div/div/select/option[@value='" + Eyearsbf + "']", true): null

2018-11-08 15:31:26 - [TEST_STEP][PASSED] - click: Object: '' is clicked on

2018-11-08 15:31:27 - [MESSAGE][PASSED] - Object: '' is clicked on

2018-11-08 15:31:27 - [TEST_STEP][PASSED] - Statement - UpdatedSelectDate = com.kms.katalon.core.webui.keyword.WebUiBuiltInKeywords.modifyObjectProperty(com.kms.katalon.core.testobject.ObjectRepository.findTestObject(Final Object Repo/New Registration - Registration Module Pages/Form 2/DOB Date), "xpath", "equals", "//body/div/table/tbody/tr/td/a[text()="" + CurrentDate + ""]", true): Modify property of object successfully

2018-11-08 15:31:27 - [MESSAGE][PASSED] - Modify property of object successfully

2018-11-08 15:31:27 - [TEST_STEP][PASSED] - delay: Delayed 3 second(s)

2018-11-08 15:31:30 - [MESSAGE][PASSED] - Delayed 3 second(s)

2018-11-08 15:31:30 - [TEST_STEP][PASSED] - click: Object: 'Object Repository/Final Object Repo/New Registration - Registration Module Pages/Form 2/DOB Date' is clicked on

2018-11-08 15:31:30 - [MESSAGE][PASSED] - Object: 'Object Repository/Final Object Repo/New Registration - Registration Module Pages/Form 2/DOB Date' is clicked on

2018-11-08 15:31:30 - [TEST_STEP][PASSED] - delay: Delayed 2 second(s)

2018-11-08 15:31:32 - [MESSAGE][PASSED] - Delayed 2 second(s)

2018-11-08 15:31:32 - [TEST_STEP][PASSED] - click: Object: 'Object Repository/Final Object Repo/New Registration - Registration Module Pages/Form 2/EmploymentStartDate Pop Up' is clicked on

2018-11-08 15:31:33 - [MESSAGE][PASSED] - Object: 'Object Repository/Final Object Repo/New Registration - Registration Module Pages/Form 2/EmploymentStartDate Pop Up' is clicked on

2018-11-08 15:31:33 - [TEST_STEP][PASSED] - delay: Delayed 2 second(s)

2018-11-08 15:31:35 - [MESSAGE][PASSED] - Delayed 2 second(s)

2018-11-08 15:31:35 - [TEST_STEP][PASSED] - click: Object: 'Object Repository/Final Object Repo/New Registration - Registration Module Pages/Form 2/Socso Employment StartDate Month' is clicked on

2018-11-08 15:31:35 - [MESSAGE][PASSED] - Object: 'Object Repository/Final Object Repo/New Registration - Registration Module Pages/Form 2/Socso Employment StartDate Month' is clicked on

2018-11-08 15:31:35 - [TEST_STEP][PASSED] - delay: Delayed 1 second(s)

2018-11-08 15:31:36 - [MESSAGE][PASSED] - Delayed 1 second(s)

2018-11-08 15:31:36 - [TEST_STEP][PASSED] - click: Object: 'Object Repository/Final Object Repo/New Registration - Registration Module Pages/Form 2/Select Socso Employement Startdate Month' is clicked on

2018-11-08 15:31:36 - [MESSAGE][PASSED] - Object: 'Object Repository/Final Object Repo/New Registration - Registration Module Pages/Form 2/Select Socso Employement Startdate Month' is clicked on

2018-11-08 15:31:36 - [TEST_STEP][PASSED] - delay: Delayed 2 second(s)

2018-11-08 15:31:38 - [MESSAGE][PASSED] - Delayed 2 second(s)

2018-11-08 15:31:38 - [TEST_STEP][PASSED] - click: Object: 'Object Repository/Final Object Repo/New Registration - Registration Module Pages/Form 2/Socso Employment StartDate Year' is clicked on

2018-11-08 15:31:39 - [MESSAGE][PASSED] - Object: 'Object Repository/Final Object Repo/New Registration - Registration Module Pages/Form 2/Socso Employment StartDate Year' is clicked on

2018-11-08 15:31:39 - [TEST_STEP][PASSED] - delay: Delayed 1 second(s)

2018-11-08 15:31:40 - [MESSAGE][PASSED] - Delayed 1 second(s)

2018-11-08 15:31:40 - [TEST_STEP][PASSED] - click: Object: 'Object Repository/Final Object Repo/New Registration - Registration Module Pages/Form 2/Select Socso Employment Startdate Year' is clicked on

2018-11-08 15:31:40 - [MESSAGE][PASSED] - Object: 'Object Repository/Final Object Repo/New Registration - Registration Module Pages/Form 2/Select Socso Employment Startdate Year' is clicked on

2018-11-08 15:31:40 - [TEST_STEP][PASSED] - delay: Delayed 2 second(s)

2018-11-08 15:31:42 - [MESSAGE][PASSED] - Delayed 2 second(s)

2018-11-08 15:31:42 - [TEST_STEP][PASSED] - click: Object: 'Object Repository/Final Object Repo/New Registration - Registration Module Pages/Form 2/Socso Employment Start Date Day' is clicked on

2018-11-08 15:31:42 - [MESSAGE][PASSED] - Object: 'Object Repository/Final Object Repo/New Registration - Registration Module Pages/Form 2/Socso Employment Start Date Day' is clicked on

2018-11-08 15:31:42 - [TEST_STEP][PASSED] - delay: Delayed 2 second(s)

2018-11-08 15:31:44 - [MESSAGE][PASSED] - Delayed 2 second(s)

2018-11-08 15:31:44 - [TEST_STEP][PASSED] - click: Object: 'Object Repository/Final Object Repo/New Registration - Registration Module Pages/Form 2/Save Button for Add Employee' is clicked on

2018-11-08 15:31:46 - [MESSAGE][PASSED] - Object: 'Object Repository/Final Object Repo/New Registration - Registration Module Pages/Form 2/Save Button for Add Employee' is clicked on

2018-11-08 15:31:46 - [TEST_STEP][PASSED] - delay: Delayed 6 second(s)

2018-11-08 15:31:52 - [MESSAGE][PASSED] - Delayed 6 second(s)

2018-11-08 15:31:52 - [TEST_STEP][PASSED] - click: Object: 'Object Repository/Final Object Repo/New Registration - Registration Module Pages/Form 2/Save and Continue Form 2' is clicked on

2018-11-08 15:31:54 - [MESSAGE][PASSED] - Object: 'Object Repository/Final Object Repo/New Registration - Registration Module Pages/Form 2/Save and Continue Form 2' is clicked on

2018-11-08 15:31:54 - [MESSAGE][PASSED] - Call Test Case 'Test Cases/Final Aug 2018 - PKS Automation/Registration Module/New Registration/Form 2/Add 1 Eligible' successfully

2018-11-08 15:31:54 - [TEST_STEP][PASSED] - callTestCase: Call Test Case 'Test Cases/Final Aug 2018 - PKS Automation/Registration Module/New Registration/Flow of New Registration/Third Screen - Upload Supporting Doc - Preview' successfully

2018-11-08 15:31:55 - [TEST_CASE][PASSED] - Test Cases/Final Aug 2018 - PKS Automation/Registration Module/New Registration/Flow of New Registration/Third Screen - Upload Supporting Doc - Preview: Test Cases/Final Aug 2018 - PKS Automation/Registration Module/New Registration/Flow of New Registration/Third Screen - Upload Supporting Doc - Preview

2018-11-08 15:31:55 - [TEST_STEP][PASSED] - waitForPageLoad: Wait for page load successfully

2018-11-08 15:31:55 - [MESSAGE][PASSED] - Wait for page load successfully

2018-11-08 15:31:55 - [TEST_STEP][PASSED] - Statement - CaseReferenceNo = com.kms.katalon.core.webui.keyword.WebUiBuiltInKeywords.getText(com.kms.katalon.core.testobject.ObjectRepository.findTestObject(Final Object Repo/New Registration - Registration Module Pages/Third Screen - Upload Supporting Doc- Preview/RefNo Acquiring)): Text of object 'Object Repository/Final Object Repo/New Registration - Registration Module Pages/Third Screen - Upload Supporting Doc- Preview/RefNo Acquiring' is: 'CRN11201800122423'

2018-11-08 15:31:55 - [MESSAGE][PASSED] - Text of object 'Object Repository/Final Object Repo/New Registration - Registration Module Pages/Third Screen - Upload Supporting Doc- Preview/RefNo Acquiring' is: 'CRN11201800122423'

2018-11-08 15:31:55 - [TEST_STEP][PASSED] - delay: Delayed 2 second(s)

2018-11-08 15:31:57 - [MESSAGE][PASSED] - Delayed 2 second(s)

2018-11-08 15:31:57 - [TEST_STEP][PASSED] - callTestCase: Call Test Case 'Test Cases/Final Aug 2018 - PKS Automation/Common/Reference Number Setter' successfully

2018-11-08 15:31:57 - [TEST_CASE][PASSED] - Test Cases/Final Aug 2018 - PKS Automation/Common/Reference Number Setter: Test Cases/Final Aug 2018 - PKS Automation/Common/Reference Number Setter

2018-11-08 15:31:57 - [TEST_STEP][PASSED] - Statement - RefNoOldFile = new java.io.File(C://KatalonReference.txt): null

2018-11-08 15:31:57 - [TEST_STEP][PASSED] - Statement - RefNoOldFile.delete(): null

2018-11-08 15:31:57 - [TEST_STEP][PASSED] - Statement - RefNo = new java.io.File(C://KatalonReference.txt): null

2018-11-08 15:31:57 - [TEST_STEP][PASSED] - Statement - RefNo.append(CaseReferenceNo): null

2018-11-08 15:31:57 - [TEST_STEP][PASSED] - Statement - out.println("


" + CaseReferenceNo + "


"): null

2018-11-08 15:31:57 - [MESSAGE][PASSED] - Call Test Case 'Test Cases/Final Aug 2018 - PKS Automation/Common/Reference Number Setter' successfully

2018-11-08 15:31:57 - [TEST_STEP][PASSED] - waitForElementClickable: Object 'Object Repository/Final Object Repo/New Registration - Registration Module Pages/Third Screen - Upload Supporting Doc- Preview/Save n Continue in SIP Employee Listing Page' is clickable

2018-11-08 15:31:57 - [MESSAGE][PASSED] - Object 'Object Repository/Final Object Repo/New Registration - Registration Module Pages/Third Screen - Upload Supporting Doc- Preview/Save n Continue in SIP Employee Listing Page' is clickable

2018-11-08 15:31:57 - [TEST_STEP][PASSED] - click: Object: 'Object Repository/Final Object Repo/New Registration - Registration Module Pages/Third Screen - Upload Supporting Doc- Preview/Save n Continue in SIP Employee Listing Page' is clicked on

2018-11-08 15:32:03 - [MESSAGE][PASSED] - Object: 'Object Repository/Final Object Repo/New Registration - Registration Module Pages/Third Screen - Upload Supporting Doc- Preview/Save n Continue in SIP Employee Listing Page' is clicked on

2018-11-08 15:32:03 - [TEST_STEP][PASSED] - delay: Delayed 6 second(s)

2018-11-08 15:32:09 - [MESSAGE][PASSED] - Delayed 6 second(s)

2018-11-08 15:32:09 - [TEST_STEP][PASSED] - click: Object: 'Object Repository/Final Object Repo/New Registration - Registration Module Pages/Third Screen - Upload Supporting Doc- Preview/Add Document Button' is clicked on

2018-11-08 15:32:10 - [MESSAGE][PASSED] - Object: 'Object Repository/Final Object Repo/New Registration - Registration Module Pages/Third Screen - Upload Supporting Doc- Preview/Add Document Button' is clicked on

2018-11-08 15:32:10 - [TEST_STEP][PASSED] - delay: Delayed 30 second(s)

2018-11-08 15:32:40 - [MESSAGE][PASSED] - Delayed 30 second(s)

2018-11-08 15:32:40 - [TEST_STEP][PASSED] - click: Object: 'Object Repository/Final Object Repo/New Registration - Registration Module Pages/Third Screen - Upload Supporting Doc- Preview/Supporting Doc Please Select Drop Down' is clicked on

2018-11-08 15:32:40 - [MESSAGE][PASSED] - Object: 'Object Repository/Final Object Repo/New Registration - Registration Module Pages/Third Screen - Upload Supporting Doc- Preview/Supporting Doc Please Select Drop Down' is clicked on

2018-11-08 15:32:40 - [TEST_STEP][PASSED] - delay: Delayed 2 second(s)

2018-11-08 15:32:42 - [MESSAGE][PASSED] - Delayed 2 second(s)

2018-11-08 15:32:42 - [TEST_STEP][PASSED] - click: Object: 'Object Repository/Final Object Repo/New Registration - Registration Module Pages/Third Screen - Upload Supporting Doc- Preview/Select to Upload Form 1' is clicked on

2018-11-08 15:32:43 - [MESSAGE][PASSED] - Object: 'Object Repository/Final Object Repo/New Registration - Registration Module Pages/Third Screen - Upload Supporting Doc- Preview/Select to Upload Form 1' is clicked on

2018-11-08 15:32:43 - [TEST_STEP][PASSED] - delay: Delayed 2 second(s)

2018-11-08 15:32:45 - [MESSAGE][PASSED] - Delayed 2 second(s)

2018-11-08 15:32:45 - [TEST_STEP][PASSED] - uploadFile: File 'C:\Users\Public\Pictures\Sample Pictures\Act.jpg' sent to object: 'Object Repository/Final Object Repo/New Registration - Registration Module Pages/Third Screen - Upload Supporting Doc- Preview/Upload File Adding'

2018-11-08 15:32:45 - [MESSAGE][PASSED] - File 'C:\Users\Public\Pictures\Sample Pictures\Act.jpg' sent to object: 'Object Repository/Final Object Repo/New Registration - Registration Module Pages/Third Screen - Upload Supporting Doc- Preview/Upload File Adding'

2018-11-08 15:32:45 - [TEST_STEP][PASSED] - delay: Delayed 5 second(s)

2018-11-08 15:32:50 - [MESSAGE][PASSED] - Delayed 5 second(s)

2018-11-08 15:32:50 - [TEST_STEP][PASSED] - click: Object: 'Object Repository/Final Object Repo/New Registration - Registration Module Pages/Third Screen - Upload Supporting Doc- Preview/Inner Form Add Document Button' is clicked on

2018-11-08 15:32:50 - [MESSAGE][PASSED] - Object: 'Object Repository/Final Object Repo/New Registration - Registration Module Pages/Third Screen - Upload Supporting Doc- Preview/Inner Form Add Document Button' is clicked on

2018-11-08 15:32:50 - [TEST_STEP][PASSED] - delay: Delayed 3 second(s)

2018-11-08 15:32:53 - [MESSAGE][PASSED] - Delayed 3 second(s)

2018-11-08 15:32:53 - [TEST_STEP][PASSED] - click: Object: 'Object Repository/Final Object Repo/New Registration - Registration Module Pages/Third Screen - Upload Supporting Doc- Preview/Add Document Button' is clicked on

2018-11-08 15:32:56 - [MESSAGE][PASSED] - Object: 'Object Repository/Final Object Repo/New Registration - Registration Module Pages/Third Screen - Upload Supporting Doc- Preview/Add Document Button' is clicked on

2018-11-08 15:32:56 - [TEST_STEP][PASSED] - delay: Delayed 30 second(s)

2018-11-08 15:33:26 - [MESSAGE][PASSED] - Delayed 30 second(s)

2018-11-08 15:33:26 - [TEST_STEP][PASSED] - click: Object: 'Object Repository/Final Object Repo/New Registration - Registration Module Pages/Third Screen - Upload Supporting Doc- Preview/Supporting Doc Please Select Drop Down' is clicked on

2018-11-08 15:33:27 - [MESSAGE][PASSED] - Object: 'Object Repository/Final Object Repo/New Registration - Registration Module Pages/Third Screen - Upload Supporting Doc- Preview/Supporting Doc Please Select Drop Down' is clicked on

2018-11-08 15:33:27 - [TEST_STEP][PASSED] - delay: Delayed 2 second(s)

2018-11-08 15:33:29 - [MESSAGE][PASSED] - Delayed 2 second(s)

2018-11-08 15:33:29 - [TEST_STEP][PASSED] - click: Object: 'Object Repository/Final Object Repo/New Registration - Registration Module Pages/Third Screen - Upload Supporting Doc- Preview/Select to Upload Form 2' is clicked on

2018-11-08 15:33:29 - [MESSAGE][PASSED] - Object: 'Object Repository/Final Object Repo/New Registration - Registration Module Pages/Third Screen - Upload Supporting Doc- Preview/Select to Upload Form 2' is clicked on

2018-11-08 15:33:29 - [TEST_STEP][PASSED] - delay: Delayed 2 second(s)

2018-11-08 15:33:31 - [MESSAGE][PASSED] - Delayed 2 second(s)

2018-11-08 15:33:31 - [TEST_STEP][PASSED] - uploadFile: File 'C:\Users\Public\Pictures\Sample Pictures\Act.jpg' sent to object: 'Object Repository/Final Object Repo/New Registration - Registration Module Pages/Third Screen - Upload Supporting Doc- Preview/Upload File Adding'

2018-11-08 15:33:31 - [MESSAGE][PASSED] - File 'C:\Users\Public\Pictures\Sample Pictures\Act.jpg' sent to object: 'Object Repository/Final Object Repo/New Registration - Registration Module Pages/Third Screen - Upload Supporting Doc- Preview/Upload File Adding'

2018-11-08 15:33:31 - [TEST_STEP][PASSED] - click: Object: 'Object Repository/Final Object Repo/New Registration - Registration Module Pages/Third Screen - Upload Supporting Doc- Preview/Inner Form Add Document Button' is clicked on

2018-11-08 15:33:32 - [MESSAGE][PASSED] - Object: 'Object Repository/Final Object Repo/New Registration - Registration Module Pages/Third Screen - Upload Supporting Doc- Preview/Inner Form Add Document Button' is clicked on

2018-11-08 15:33:32 - [TEST_STEP][PASSED] - delay: Delayed 4 second(s)

2018-11-08 15:33:36 - [MESSAGE][PASSED] - Delayed 4 second(s)

2018-11-08 15:33:36 - [TEST_STEP][PASSED] - click: Object: 'Object Repository/Final Object Repo/New Registration - Registration Module Pages/Third Screen - Upload Supporting Doc- Preview/Add Document Button' is clicked on

2018-11-08 15:33:37 - [MESSAGE][PASSED] - Object: 'Object Repository/Final Object Repo/New Registration - Registration Module Pages/Third Screen - Upload Supporting Doc- Preview/Add Document Button' is clicked on

2018-11-08 15:33:37 - [TEST_STEP][PASSED] - delay: Delayed 30 second(s)

2018-11-08 15:34:07 - [MESSAGE][PASSED] - Delayed 30 second(s)

2018-11-08 15:34:08 - [TEST_STEP][PASSED] - click: Object: 'Object Repository/Final Object Repo/New Registration - Registration Module Pages/Third Screen - Upload Supporting Doc- Preview/Supporting Doc Please Select Drop Down' is clicked on

2018-11-08 15:34:08 - [MESSAGE][PASSED] - Object: 'Object Repository/Final Object Repo/New Registration - Registration Module Pages/Third Screen - Upload Supporting Doc- Preview/Supporting Doc Please Select Drop Down' is clicked on

2018-11-08 15:34:08 - [TEST_STEP][PASSED] - click: Object: 'Object Repository/Final Object Repo/New Registration - Registration Module Pages/Third Screen - Upload Supporting Doc- Preview/Select to Upload Borang SIP 1' is clicked on

2018-11-08 15:34:09 - [MESSAGE][PASSED] - Object: 'Object Repository/Final Object Repo/New Registration - Registration Module Pages/Third Screen - Upload Supporting Doc- Preview/Select to Upload Borang SIP 1' is clicked on

2018-11-08 15:34:09 - [TEST_STEP][PASSED] - delay: Delayed 2 second(s)

2018-11-08 15:34:11 - [MESSAGE][PASSED] - Delayed 2 second(s)

2018-11-08 15:34:11 - [TEST_STEP][PASSED] - uploadFile: File 'C:\Users\Public\Pictures\Sample Pictures\Act.jpg' sent to object: 'Object Repository/Final Object Repo/New Registration - Registration Module Pages/Third Screen - Upload Supporting Doc- Preview/Upload File Adding'

2018-11-08 15:34:11 - [MESSAGE][PASSED] - File 'C:\Users\Public\Pictures\Sample Pictures\Act.jpg' sent to object: 'Object Repository/Final Object Repo/New Registration - Registration Module Pages/Third Screen - Upload Supporting Doc- Preview/Upload File Adding'

2018-11-08 15:34:11 - [TEST_STEP][PASSED] - click: Object: 'Object Repository/Final Object Repo/New Registration - Registration Module Pages/Third Screen - Upload Supporting Doc- Preview/Inner Form Add Document Button' is clicked on

2018-11-08 15:34:11 - [MESSAGE][PASSED] - Object: 'Object Repository/Final Object Repo/New Registration - Registration Module Pages/Third Screen - Upload Supporting Doc- Preview/Inner Form Add Document Button' is clicked on

2018-11-08 15:34:11 - [TEST_STEP][PASSED] - delay: Delayed 5 second(s)

2018-11-08 15:34:16 - [MESSAGE][PASSED] - Delayed 5 second(s)

2018-11-08 15:34:16 - [TEST_STEP][PASSED] - click: Object: 'Object Repository/Final Object Repo/New Registration - Registration Module Pages/Third Screen - Upload Supporting Doc- Preview/Add Document Button' is clicked on

2018-11-08 15:34:16 - [MESSAGE][PASSED] - Object: 'Object Repository/Final Object Repo/New Registration - Registration Module Pages/Third Screen - Upload Supporting Doc- Preview/Add Document Button' is clicked on

2018-11-08 15:34:16 - [TEST_STEP][PASSED] - delay: Delayed 30 second(s)

2018-11-08 15:34:46 - [MESSAGE][PASSED] - Delayed 30 second(s)

2018-11-08 15:34:46 - [TEST_STEP][PASSED] - click: Object: 'Object Repository/Final Object Repo/New Registration - Registration Module Pages/Third Screen - Upload Supporting Doc- Preview/Supporting Doc Please Select Drop Down' is clicked on

2018-11-08 15:34:47 - [MESSAGE][PASSED] - Object: 'Object Repository/Final Object Repo/New Registration - Registration Module Pages/Third Screen - Upload Supporting Doc- Preview/Supporting Doc Please Select Drop Down' is clicked on

2018-11-08 15:34:47 - [TEST_STEP][PASSED] - delay: Delayed 3 second(s)

2018-11-08 15:34:50 - [MESSAGE][PASSED] - Delayed 3 second(s)

2018-11-08 15:34:50 - [TEST_STEP][PASSED] - click: Object: 'Object Repository/Final Object Repo/New Registration - Registration Module Pages/Third Screen - Upload Supporting Doc- Preview/Select to Upload Borang SIP 2' is clicked on

2018-11-08 15:34:51 - [MESSAGE][PASSED] - Object: 'Object Repository/Final Object Repo/New Registration - Registration Module Pages/Third Screen - Upload Supporting Doc- Preview/Select to Upload Borang SIP 2' is clicked on

2018-11-08 15:34:51 - [TEST_STEP][PASSED] - delay: Delayed 2 second(s)

2018-11-08 15:34:53 - [MESSAGE][PASSED] - Delayed 2 second(s)

2018-11-08 15:34:53 - [TEST_STEP][PASSED] - uploadFile: File 'C:\Users\Public\Pictures\Sample Pictures\Act.jpg' sent to object: 'Object Repository/Final Object Repo/New Registration - Registration Module Pages/Third Screen - Upload Supporting Doc- Preview/Upload File Adding'

2018-11-08 15:34:53 - [MESSAGE][PASSED] - File 'C:\Users\Public\Pictures\Sample Pictures\Act.jpg' sent to object: 'Object Repository/Final Object Repo/New Registration - Registration Module Pages/Third Screen - Upload Supporting Doc- Preview/Upload File Adding'

2018-11-08 15:34:53 - [TEST_STEP][PASSED] - delay: Delayed 5 second(s)

2018-11-08 15:34:58 - [MESSAGE][PASSED] - Delayed 5 second(s)

2018-11-08 15:34:58 - [TEST_STEP][PASSED] - click: Object: 'Object Repository/Final Object Repo/New Registration - Registration Module Pages/Third Screen - Upload Supporting Doc- Preview/Inner Form Add Document Button' is clicked on

2018-11-08 15:34:58 - [MESSAGE][PASSED] - Object: 'Object Repository/Final Object Repo/New Registration - Registration Module Pages/Third Screen - Upload Supporting Doc- Preview/Inner Form Add Document Button' is clicked on

2018-11-08 15:34:58 - [TEST_STEP][PASSED] - delay: Delayed 3 second(s)

2018-11-08 15:35:01 - [MESSAGE][PASSED] - Delayed 3 second(s)

2018-11-08 15:35:01 - [TEST_STEP][PASSED] - waitForElementClickable: Object 'Object Repository/Final Object Repo/New Registration - Registration Module Pages/Third Screen - Upload Supporting Doc- Preview/Save n Continue in Uploading Supporting Doc Page' is clickable

2018-11-08 15:35:04 - [MESSAGE][PASSED] - Object 'Object Repository/Final Object Repo/New Registration - Registration Module Pages/Third Screen - Upload Supporting Doc- Preview/Save n Continue in Uploading Supporting Doc Page' is clickable

2018-11-08 15:35:04 - [TEST_STEP][PASSED] - click: Object: 'Object Repository/Final Object Repo/New Registration - Registration Module Pages/Third Screen - Upload Supporting Doc- Preview/Save n Continue in Uploading Supporting Doc Page' is clicked on

2018-11-08 15:35:09 - [MESSAGE][PASSED] - Object: 'Object Repository/Final Object Repo/New Registration - Registration Module Pages/Third Screen - Upload Supporting Doc- Preview/Save n Continue in Uploading Supporting Doc Page' is clicked on

2018-11-08 15:35:09 - [MESSAGE][PASSED] - Call Test Case 'Test Cases/Final Aug 2018 - PKS Automation/Registration Module/New Registration/Flow of New Registration/Third Screen - Upload Supporting Doc - Preview' successfully

2018-11-08 15:35:09 - [TEST_STEP][PASSED] - callTestCase: Call Test Case 'Test Cases/Final Aug 2018 - PKS Automation/Registration Module/New Registration/Submit and Screenshot/Submit Registration and Screenshot' successfully

2018-11-08 15:35:09 - [TEST_CASE][PASSED] - Test Cases/Final Aug 2018 - PKS Automation/Registration Module/New Registration/Submit and Screenshot/Submit Registration and Screenshot: Test Cases/Final Aug 2018 - PKS Automation/Registration Module/New Registration/Submit and Screenshot/Submit Registration and Screenshot

2018-11-08 15:35:09 - [TEST_STEP][PASSED] - delay: Delayed 6 second(s)

2018-11-08 15:35:15 - [MESSAGE][PASSED] - Delayed 6 second(s)

2018-11-08 15:35:15 - [TEST_STEP][PASSED] - click: Object: 'Object Repository/Final Object Repo/New Registration - Registration Module Pages/Third Screen - Upload Supporting Doc- Preview/Preview Submit Button' is clicked on

2018-11-08 15:35:16 - [MESSAGE][PASSED] - Object: 'Object Repository/Final Object Repo/New Registration - Registration Module Pages/Third Screen - Upload Supporting Doc- Preview/Preview Submit Button' is clicked on

2018-11-08 15:35:16 - [TEST_STEP][PASSED] - delay: Delayed 2 second(s)

2018-11-08 15:35:18 - [MESSAGE][PASSED] - Delayed 2 second(s)

2018-11-08 15:35:18 - [TEST_STEP][PASSED] - click: Object: 'Object Repository/Final Object Repo/New Registration - Registration Module Pages/Third Screen - Upload Supporting Doc- Preview/Preview Submit - Confirm' is clicked on

2018-11-08 15:35:23 - [MESSAGE][PASSED] - Object: 'Object Repository/Final Object Repo/New Registration - Registration Module Pages/Third Screen - Upload Supporting Doc- Preview/Preview Submit - Confirm' is clicked on

2018-11-08 15:35:23 - [TEST_STEP][PASSED] - delay: Delayed 15 second(s)

2018-11-08 15:35:38 - [MESSAGE][PASSED] - Delayed 15 second(s)

2018-11-08 15:35:38 - [TEST_STEP][PASSED] - Statement - driver = com.kms.katalon.core.webui.driver.DriverFactory.getWebDriver(): null

2018-11-08 15:35:38 - [TEST_STEP][PASSED] - Statement - driver.manage().timeouts().implicitlyWait(10, SECONDS): null

2018-11-08 15:35:38 - [TEST_STEP][PASSED] - Statement - PresavePath = KatalonScreenshots: null

2018-11-08 15:35:38 - [TEST_STEP][PASSED] - Statement - pathPrefix = "C:\Users\Public\Pictures\Sample Pictures\Katalon Screenshots\Automate Ending Screen": null

2018-11-08 15:35:38 - [TEST_STEP][PASSED] - Statement - finalPath = <not implemented yet for class: org.codehaus.groovy.ast.expr.EmptyExpression>: null

2018-11-08 15:35:38 - [TEST_STEP][PASSED] - Statement - scrFile = driver.getScreenshotAs(FILE): null

2018-11-08 15:35:38 - [TEST_STEP][PASSED] - Statement - PreSaveFile = new java.io.File(PresavePath): null

2018-11-08 15:35:38 - [TEST_STEP][PASSED] - Statement - counter = 0: null

2018-11-08 15:35:38 - [TEST_STEP][PASSED] - Statement - If (PreSaveFile.exists()): null

2018-11-08 15:35:38 - [TEST_STEP][PASSED] - Statement - While (PreSaveFile.exists()): null

2018-11-08 15:35:38 - [TEST_STEP][PASSED] - Statement - counter = counter + 1: null

2018-11-08 15:35:38 - [TEST_STEP][PASSED] - Statement - PreSaveFile = new java.io.File(((pathPrefix + java.lang.Integer.toString(counter)) + .png)): null

2018-11-08 15:35:38 - [TEST_STEP][PASSED] - Statement - counter = counter + 1: null

2018-11-08 15:35:38 - [TEST_STEP][PASSED] - Statement - PreSaveFile = new java.io.File(((pathPrefix + java.lang.Integer.toString(counter)) + .png)): null

2018-11-08 15:35:38 - [TEST_STEP][PASSED] - Statement - counter = counter + 1: null

2018-11-08 15:35:38 - [TEST_STEP][PASSED] - Statement - PreSaveFile = new java.io.File(((pathPrefix + java.lang.Integer.toString(counter)) + .png)): null

2018-11-08 15:35:38 - [TEST_STEP][PASSED] - Statement - counter = counter + 1: null

2018-11-08 15:35:38 - [TEST_STEP][PASSED] - Statement - PreSaveFile = new java.io.File(((pathPrefix + java.lang.Integer.toString(counter)) + .png)): null

2018-11-08 15:35:38 - [TEST_STEP][PASSED] - Statement - counter = counter + 1: null

2018-11-08 15:35:38 - [TEST_STEP][PASSED] - Statement - PreSaveFile = new java.io.File(((pathPrefix + java.lang.Integer.toString(counter)) + .png)): null

2018-11-08 15:35:38 - [TEST_STEP][PASSED] - Statement - counter = counter + 1: null

2018-11-08 15:35:38 - [TEST_STEP][PASSED] - Statement - PreSaveFile = new java.io.File(((pathPrefix + java.lang.Integer.toString(counter)) + .png)): null

2018-11-08 15:35:38 - [TEST_STEP][PASSED] - Statement - counter = counter + 1: null

2018-11-08 15:35:38 - [TEST_STEP][PASSED] - Statement - PreSaveFile = new java.io.File(((pathPrefix + java.lang.Integer.toString(counter)) + .png)): null

2018-11-08 15:35:38 - [TEST_STEP][PASSED] - Statement - counter = counter + 1: null

2018-11-08 15:35:38 - [TEST_STEP][PASSED] - Statement - PreSaveFile = new java.io.File(((pathPrefix + java.lang.Integer.toString(counter)) + .png)): null

2018-11-08 15:35:38 - [TEST_STEP][PASSED] - Statement - counter = counter + 1: null

2018-11-08 15:35:38 - [TEST_STEP][PASSED] - Statement - PreSaveFile = new java.io.File(((pathPrefix + java.lang.Integer.toString(counter)) + .png)): null

2018-11-08 15:35:38 - [TEST_STEP][PASSED] - Statement - counter = counter + 1: null

2018-11-08 15:35:38 - [TEST_STEP][PASSED] - Statement - PreSaveFile = new java.io.File(((pathPrefix + java.lang.Integer.toString(counter)) + .png)): null

2018-11-08 15:35:38 - [TEST_STEP][PASSED] - Statement - counter = counter + 1: null

2018-11-08 15:35:38 - [TEST_STEP][PASSED] - Statement - PreSaveFile = new java.io.File(((pathPrefix + java.lang.Integer.toString(counter)) + .png)): null

2018-11-08 15:35:38 - [TEST_STEP][PASSED] - Statement - counter = counter + 1: null

2018-11-08 15:35:38 - [TEST_STEP][PASSED] - Statement - PreSaveFile = new java.io.File(((pathPrefix + java.lang.Integer.toString(counter)) + .png)): null

2018-11-08 15:35:38 - [TEST_STEP][PASSED] - Statement - counter = counter + 1: null

2018-11-08 15:35:38 - [TEST_STEP][PASSED] - Statement - PreSaveFile = new java.io.File(((pathPrefix + java.lang.Integer.toString(counter)) + .png)): null

2018-11-08 15:35:38 - [TEST_STEP][PASSED] - Statement - counter = counter + 1: null

2018-11-08 15:35:38 - [TEST_STEP][PASSED] - Statement - PreSaveFile = new java.io.File(((pathPrefix + java.lang.Integer.toString(counter)) + .png)): null

2018-11-08 15:35:38 - [TEST_STEP][PASSED] - Statement - counter = counter + 1: null

2018-11-08 15:35:38 - [TEST_STEP][PASSED] - Statement - PreSaveFile = new java.io.File(((pathPrefix + java.lang.Integer.toString(counter)) + .png)): null

2018-11-08 15:35:38 - [TEST_STEP][PASSED] - Statement - counter = counter + 1: null

2018-11-08 15:35:38 - [TEST_STEP][PASSED] - Statement - PreSaveFile = new java.io.File(((pathPrefix + java.lang.Integer.toString(counter)) + .png)): null

2018-11-08 15:35:38 - [TEST_STEP][PASSED] - Statement - counter = counter + 1: null

2018-11-08 15:35:38 - [TEST_STEP][PASSED] - Statement - PreSaveFile = new java.io.File(((pathPrefix + java.lang.Integer.toString(counter)) + .png)): null

2018-11-08 15:35:38 - [TEST_STEP][PASSED] - Statement - counter = counter + 1: null

2018-11-08 15:35:38 - [TEST_STEP][PASSED] - Statement - PreSaveFile = new java.io.File(((pathPrefix + java.lang.Integer.toString(counter)) + .png)): null

2018-11-08 15:35:38 - [TEST_STEP][PASSED] - Statement - counter = counter + 1: null

2018-11-08 15:35:38 - [TEST_STEP][PASSED] - Statement - PreSaveFile = new java.io.File(((pathPrefix + java.lang.Integer.toString(counter)) + .png)): null

2018-11-08 15:35:38 - [TEST_STEP][PASSED] - Statement - counter = counter + 1: null

2018-11-08 15:35:38 - [TEST_STEP][PASSED] - Statement - PreSaveFile = new java.io.File(((pathPrefix + java.lang.Integer.toString(counter)) + .png)): null

2018-11-08 15:35:38 - [TEST_STEP][PASSED] - Statement - counter = counter + 1: null

2018-11-08 15:35:38 - [TEST_STEP][PASSED] - Statement - PreSaveFile = new java.io.File(((pathPrefix + java.lang.Integer.toString(counter)) + .png)): null

2018-11-08 15:35:38 - [TEST_STEP][PASSED] - Statement - counter = counter + 1: null

2018-11-08 15:35:38 - [TEST_STEP][PASSED] - Statement - PreSaveFile = new java.io.File(((pathPrefix + java.lang.Integer.toString(counter)) + .png)): null

2018-11-08 15:35:38 - [TEST_STEP][PASSED] - Statement - counter = counter + 1: null

2018-11-08 15:35:38 - [TEST_STEP][PASSED] - Statement - PreSaveFile = new java.io.File(((pathPrefix + java.lang.Integer.toString(counter)) + .png)): null

2018-11-08 15:35:39 - [TEST_STEP][PASSED] - Statement - counter = counter + 1: null

2018-11-08 15:35:39 - [TEST_STEP][PASSED] - Statement - PreSaveFile = new java.io.File(((pathPrefix + java.lang.Integer.toString(counter)) + .png)): null

2018-11-08 15:35:39 - [TEST_STEP][PASSED] - Statement - counter = counter + 1: null

2018-11-08 15:35:39 - [TEST_STEP][PASSED] - Statement - PreSaveFile = new java.io.File(((pathPrefix + java.lang.Integer.toString(counter)) + .png)): null

2018-11-08 15:35:39 - [TEST_STEP][PASSED] - Statement - counter = counter + 1: null

2018-11-08 15:35:39 - [TEST_STEP][PASSED] - Statement - PreSaveFile = new java.io.File(((pathPrefix + java.lang.Integer.toString(counter)) + .png)): null

2018-11-08 15:35:39 - [TEST_STEP][PASSED] - Statement - counter = counter + 1: null

2018-11-08 15:35:39 - [TEST_STEP][PASSED] - Statement - PreSaveFile = new java.io.File(((pathPrefix + java.lang.Integer.toString(counter)) + .png)): null

2018-11-08 15:35:39 - [TEST_STEP][PASSED] - Statement - counter = counter + 1: null

2018-11-08 15:35:39 - [TEST_STEP][PASSED] - Statement - PreSaveFile = new java.io.File(((pathPrefix + java.lang.Integer.toString(counter)) + .png)): null

2018-11-08 15:35:39 - [TEST_STEP][PASSED] - Statement - counter = counter + 1: null

2018-11-08 15:35:39 - [TEST_STEP][PASSED] - Statement - PreSaveFile = new java.io.File(((pathPrefix + java.lang.Integer.toString(counter)) + .png)): null

2018-11-08 15:35:39 - [TEST_STEP][PASSED] - Statement - counter = counter + 1: null

2018-11-08 15:35:39 - [TEST_STEP][PASSED] - Statement - PreSaveFile = new java.io.File(((pathPrefix + java.lang.Integer.toString(counter)) + .png)): null

2018-11-08 15:35:39 - [TEST_STEP][PASSED] - Statement - counter = counter + 1: null

2018-11-08 15:35:39 - [TEST_STEP][PASSED] - Statement - PreSaveFile = new java.io.File(((pathPrefix + java.lang.Integer.toString(counter)) + .png)): null

2018-11-08 15:35:39 - [TEST_STEP][PASSED] - Statement - counter = counter + 1: null

2018-11-08 15:35:39 - [TEST_STEP][PASSED] - Statement - PreSaveFile = new java.io.File(((pathPrefix + java.lang.Integer.toString(counter)) + .png)): null

2018-11-08 15:35:39 - [TEST_STEP][PASSED] - Statement - counter = counter + 1: null

2018-11-08 15:35:39 - [TEST_STEP][PASSED] - Statement - PreSaveFile = new java.io.File(((pathPrefix + java.lang.Integer.toString(counter)) + .png)): null

2018-11-08 15:35:39 - [TEST_STEP][PASSED] - Statement - counter = counter + 1: null

2018-11-08 15:35:39 - [TEST_STEP][PASSED] - Statement - PreSaveFile = new java.io.File(((pathPrefix + java.lang.Integer.toString(counter)) + .png)): null

2018-11-08 15:35:39 - [TEST_STEP][PASSED] - Statement - counter = counter + 1: null

2018-11-08 15:35:39 - [TEST_STEP][PASSED] - Statement - PreSaveFile = new java.io.File(((pathPrefix + java.lang.Integer.toString(counter)) + .png)): null

2018-11-08 15:35:39 - [TEST_STEP][PASSED] - Statement - counter = counter + 1: null

2018-11-08 15:35:40 - [TEST_STEP][PASSED] - Statement - PreSaveFile = new java.io.File(((pathPrefix + java.lang.Integer.toString(counter)) + .png)): null

2018-11-08 15:35:40 - [TEST_STEP][PASSED] - Statement - counter = counter + 1: null

2018-11-08 15:35:40 - [TEST_STEP][PASSED] - Statement - PreSaveFile = new java.io.File(((pathPrefix + java.lang.Integer.toString(counter)) + .png)): null

2018-11-08 15:35:40 - [TEST_STEP][PASSED] - Statement - counter = counter + 1: null

2018-11-08 15:35:40 - [TEST_STEP][PASSED] - Statement - PreSaveFile = new java.io.File(((pathPrefix + java.lang.Integer.toString(counter)) + .png)): null

2018-11-08 15:35:40 - [TEST_STEP][PASSED] - Statement - counter = counter + 1: null

2018-11-08 15:35:40 - [TEST_STEP][PASSED] - Statement - PreSaveFile = new java.io.File(((pathPrefix + java.lang.Integer.toString(counter)) + .png)): null

2018-11-08 15:35:40 - [TEST_STEP][PASSED] - Statement - counter = counter + 1: null

2018-11-08 15:35:40 - [TEST_STEP][PASSED] - Statement - PreSaveFile = new java.io.File(((pathPrefix + java.lang.Integer.toString(counter)) + .png)): null

2018-11-08 15:35:40 - [TEST_STEP][PASSED] - Statement - counter = counter + 1: null

2018-11-08 15:35:40 - [TEST_STEP][PASSED] - Statement - PreSaveFile = new java.io.File(((pathPrefix + java.lang.Integer.toString(counter)) + .png)): null

2018-11-08 15:35:40 - [TEST_STEP][PASSED] - Statement - counter = counter + 1: null

2018-11-08 15:35:40 - [TEST_STEP][PASSED] - Statement - PreSaveFile = new java.io.File(((pathPrefix + java.lang.Integer.toString(counter)) + .png)): null

2018-11-08 15:35:40 - [TEST_STEP][PASSED] - Statement - counter = counter + 1: null

2018-11-08 15:35:41 - [TEST_STEP][PASSED] - Statement - PreSaveFile = new java.io.File(((pathPrefix + java.lang.Integer.toString(counter)) + .png)): null

2018-11-08 15:35:41 - [TEST_STEP][PASSED] - Statement - counter = counter + 1: null

2018-11-08 15:35:41 - [TEST_STEP][PASSED] - Statement - PreSaveFile = new java.io.File(((pathPrefix + java.lang.Integer.toString(counter)) + .png)): null

2018-11-08 15:35:41 - [TEST_STEP][PASSED] - Statement - counter = counter + 1: null

2018-11-08 15:35:41 - [TEST_STEP][PASSED] - Statement - PreSaveFile = new java.io.File(((pathPrefix + java.lang.Integer.toString(counter)) + .png)): null

2018-11-08 15:35:41 - [TEST_STEP][PASSED] - Statement - counter = counter + 1: null

2018-11-08 15:35:41 - [TEST_STEP][PASSED] - Statement - PreSaveFile = new java.io.File(((pathPrefix + java.lang.Integer.toString(counter)) + .png)): null

2018-11-08 15:35:41 - [TEST_STEP][PASSED] - Statement - counter = counter + 1: null

2018-11-08 15:35:41 - [TEST_STEP][PASSED] - Statement - PreSaveFile = new java.io.File(((pathPrefix + java.lang.Integer.toString(counter)) + .png)): null

2018-11-08 15:35:41 - [TEST_STEP][PASSED] - Statement - counter = counter + 1: null

2018-11-08 15:35:41 - [TEST_STEP][PASSED] - Statement - PreSaveFile = new java.io.File(((pathPrefix + java.lang.Integer.toString(counter)) + .png)): null

2018-11-08 15:35:41 - [TEST_STEP][PASSED] - Statement - counter = counter + 1: null

2018-11-08 15:35:41 - [TEST_STEP][PASSED] - Statement - PreSaveFile = new java.io.File(((pathPrefix + java.lang.Integer.toString(counter)) + .png)): null

2018-11-08 15:35:41 - [TEST_STEP][PASSED] - Statement - counter = counter + 1: null

2018-11-08 15:35:41 - [TEST_STEP][PASSED] - Statement - PreSaveFile = new java.io.File(((pathPrefix + java.lang.Integer.toString(counter)) + .png)): null

2018-11-08 15:35:41 - [TEST_STEP][PASSED] - Statement - counter = counter + 1: null

2018-11-08 15:35:41 - [TEST_STEP][PASSED] - Statement - PreSaveFile = new java.io.File(((pathPrefix + java.lang.Integer.toString(counter)) + .png)): null

2018-11-08 15:35:41 - [TEST_STEP][PASSED] - Statement - counter = counter + 1: null

2018-11-08 15:35:41 - [TEST_STEP][PASSED] - Statement - PreSaveFile = new java.io.File(((pathPrefix + java.lang.Integer.toString(counter)) + .png)): null

2018-11-08 15:35:41 - [TEST_STEP][PASSED] - Statement - counter = counter + 1: null

2018-11-08 15:35:41 - [TEST_STEP][PASSED] - Statement - PreSaveFile = new java.io.File(((pathPrefix + java.lang.Integer.toString(counter)) + .png)): null

2018-11-08 15:35:41 - [TEST_STEP][PASSED] - Statement - counter = counter + 1: null

2018-11-08 15:35:41 - [TEST_STEP][PASSED] - Statement - PreSaveFile = new java.io.File(((pathPrefix + java.lang.Integer.toString(counter)) + .png)): null

2018-11-08 15:35:41 - [TEST_STEP][PASSED] - Statement - counter = counter + 1: null

2018-11-08 15:35:42 - [TEST_STEP][PASSED] - Statement - PreSaveFile = new java.io.File(((pathPrefix + java.lang.Integer.toString(counter)) + .png)): null

2018-11-08 15:35:42 - [TEST_STEP][PASSED] - Statement - counter = counter + 1: null

2018-11-08 15:35:42 - [TEST_STEP][PASSED] - Statement - PreSaveFile = new java.io.File(((pathPrefix + java.lang.Integer.toString(counter)) + .png)): null

2018-11-08 15:35:42 - [TEST_STEP][PASSED] - Statement - counter = counter + 1: null

2018-11-08 15:35:42 - [TEST_STEP][PASSED] - Statement - PreSaveFile = new java.io.File(((pathPrefix + java.lang.Integer.toString(counter)) + .png)): null

2018-11-08 15:35:42 - [TEST_STEP][PASSED] - Statement - counter = counter + 1: null

2018-11-08 15:35:42 - [TEST_STEP][PASSED] - Statement - PreSaveFile = new java.io.File(((pathPrefix + java.lang.Integer.toString(counter)) + .png)): null

2018-11-08 15:35:42 - [TEST_STEP][PASSED] - Statement - counter = counter + 1: null

2018-11-08 15:35:42 - [TEST_STEP][PASSED] - Statement - PreSaveFile = new java.io.File(((pathPrefix + java.lang.Integer.toString(counter)) + .png)): null

2018-11-08 15:35:42 - [TEST_STEP][PASSED] - Statement - counter = counter + 1: null

2018-11-08 15:35:42 - [TEST_STEP][PASSED] - Statement - PreSaveFile = new java.io.File(((pathPrefix + java.lang.Integer.toString(counter)) + .png)): null

2018-11-08 15:35:42 - [TEST_STEP][PASSED] - Statement - counter = counter + 1: null

2018-11-08 15:35:42 - [TEST_STEP][PASSED] - Statement - PreSaveFile = new java.io.File(((pathPrefix + java.lang.Integer.toString(counter)) + .png)): null

2018-11-08 15:35:42 - [TEST_STEP][PASSED] - Statement - counter = counter + 1: null

2018-11-08 15:35:42 - [TEST_STEP][PASSED] - Statement - PreSaveFile = new java.io.File(((pathPrefix + java.lang.Integer.toString(counter)) + .png)): null

2018-11-08 15:35:42 - [TEST_STEP][PASSED] - Statement - counter = counter + 1: null

2018-11-08 15:35:42 - [TEST_STEP][PASSED] - Statement - PreSaveFile = new java.io.File(((pathPrefix + java.lang.Integer.toString(counter)) + .png)): null

2018-11-08 15:35:42 - [TEST_STEP][PASSED] - Statement - counter = counter + 1: null

2018-11-08 15:35:42 - [TEST_STEP][PASSED] - Statement - PreSaveFile = new java.io.File(((pathPrefix + java.lang.Integer.toString(counter)) + .png)): null

2018-11-08 15:35:43 - [TEST_STEP][PASSED] - Statement - counter = counter + 1: null

2018-11-08 15:35:43 - [TEST_STEP][PASSED] - Statement - PreSaveFile = new java.io.File(((pathPrefix + java.lang.Integer.toString(counter)) + .png)): null

2018-11-08 15:35:43 - [TEST_STEP][PASSED] - Statement - counter = counter + 1: null

2018-11-08 15:35:43 - [TEST_STEP][PASSED] - Statement - PreSaveFile = new java.io.File(((pathPrefix + java.lang.Integer.toString(counter)) + .png)): null

2018-11-08 15:35:43 - [TEST_STEP][PASSED] - Statement - counter = counter + 1: null

2018-11-08 15:35:43 - [TEST_STEP][PASSED] - Statement - PreSaveFile = new java.io.File(((pathPrefix + java.lang.Integer.toString(counter)) + .png)): null

2018-11-08 15:35:43 - [TEST_STEP][PASSED] - Statement - counter = counter + 1: null

2018-11-08 15:35:43 - [TEST_STEP][PASSED] - Statement - PreSaveFile = new java.io.File(((pathPrefix + java.lang.Integer.toString(counter)) + .png)): null

2018-11-08 15:35:43 - [TEST_STEP][PASSED] - Statement - counter = counter + 1: null

2018-11-08 15:35:43 - [TEST_STEP][PASSED] - Statement - PreSaveFile = new java.io.File(((pathPrefix + java.lang.Integer.toString(counter)) + .png)): null

2018-11-08 15:35:43 - [TEST_STEP][PASSED] - Statement - counter = counter + 1: null

2018-11-08 15:35:43 - [TEST_STEP][PASSED] - Statement - PreSaveFile = new java.io.File(((pathPrefix + java.lang.Integer.toString(counter)) + .png)): null

2018-11-08 15:35:43 - [TEST_STEP][PASSED] - Statement - counter = counter + 1: null

2018-11-08 15:35:43 - [TEST_STEP][PASSED] - Statement - PreSaveFile = new java.io.File(((pathPrefix + java.lang.Integer.toString(counter)) + .png)): null

2018-11-08 15:35:44 - [TEST_STEP][PASSED] - Statement - counter = counter + 1: null

2018-11-08 15:35:44 - [TEST_STEP][PASSED] - Statement - PreSaveFile = new java.io.File(((pathPrefix + java.lang.Integer.toString(counter)) + .png)): null

2018-11-08 15:35:44 - [TEST_STEP][PASSED] - Statement - counter = counter + 1: null

2018-11-08 15:35:44 - [TEST_STEP][PASSED] - Statement - PreSaveFile = new java.io.File(((pathPrefix + java.lang.Integer.toString(counter)) + .png)): null

2018-11-08 15:35:44 - [TEST_STEP][PASSED] - Statement - counter = counter + 1: null

2018-11-08 15:35:44 - [TEST_STEP][PASSED] - Statement - PreSaveFile = new java.io.File(((pathPrefix + java.lang.Integer.toString(counter)) + .png)): null

2018-11-08 15:35:44 - [TEST_STEP][PASSED] - Statement - counter = counter + 1: null

2018-11-08 15:35:44 - [TEST_STEP][PASSED] - Statement - PreSaveFile = new java.io.File(((pathPrefix + java.lang.Integer.toString(counter)) + .png)): null

2018-11-08 15:35:44 - [TEST_STEP][PASSED] - Statement - counter = counter + 1: null

2018-11-08 15:35:44 - [TEST_STEP][PASSED] - Statement - PreSaveFile = new java.io.File(((pathPrefix + java.lang.Integer.toString(counter)) + .png)): null

2018-11-08 15:35:44 - [TEST_STEP][PASSED] - Statement - counter = counter + 1: null

2018-11-08 15:35:44 - [TEST_STEP][PASSED] - Statement - PreSaveFile = new java.io.File(((pathPrefix + java.lang.Integer.toString(counter)) + .png)): null

2018-11-08 15:35:44 - [TEST_STEP][PASSED] - Statement - counter = counter + 1: null

2018-11-08 15:35:44 - [TEST_STEP][PASSED] - Statement - PreSaveFile = new java.io.File(((pathPrefix + java.lang.Integer.toString(counter)) + .png)): null

2018-11-08 15:35:44 - [TEST_STEP][PASSED] - Statement - counter = counter + 1: null

2018-11-08 15:35:44 - [TEST_STEP][PASSED] - Statement - PreSaveFile = new java.io.File(((pathPrefix + java.lang.Integer.toString(counter)) + .png)): null

2018-11-08 15:35:44 - [TEST_STEP][PASSED] - Statement - counter = counter + 1: null

2018-11-08 15:35:44 - [TEST_STEP][PASSED] - Statement - PreSaveFile = new java.io.File(((pathPrefix + java.lang.Integer.toString(counter)) + .png)): null

2018-11-08 15:35:44 - [TEST_STEP][PASSED] - Statement - counter = counter + 1: null

2018-11-08 15:35:45 - [TEST_STEP][PASSED] - Statement - PreSaveFile = new java.io.File(((pathPrefix + java.lang.Integer.toString(counter)) + .png)): null

2018-11-08 15:35:45 - [TEST_STEP][PASSED] - Statement - counter = counter + 1: null

2018-11-08 15:35:45 - [TEST_STEP][PASSED] - Statement - PreSaveFile = new java.io.File(((pathPrefix + java.lang.Integer.toString(counter)) + .png)): null

2018-11-08 15:35:45 - [TEST_STEP][PASSED] - Statement - counter = counter + 1: null

2018-11-08 15:35:45 - [TEST_STEP][PASSED] - Statement - PreSaveFile = new java.io.File(((pathPrefix + java.lang.Integer.toString(counter)) + .png)): null

2018-11-08 15:35:45 - [TEST_STEP][PASSED] - Statement - counter = counter + 1: null

2018-11-08 15:35:45 - [TEST_STEP][PASSED] - Statement - PreSaveFile = new java.io.File(((pathPrefix + java.lang.Integer.toString(counter)) + .png)): null

2018-11-08 15:35:45 - [TEST_STEP][PASSED] - Statement - counter = counter + 1: null

2018-11-08 15:35:45 - [TEST_STEP][PASSED] - Statement - PreSaveFile = new java.io.File(((pathPrefix + java.lang.Integer.toString(counter)) + .png)): null

2018-11-08 15:35:45 - [TEST_STEP][PASSED] - Statement - counter = counter + 1: null

2018-11-08 15:35:45 - [TEST_STEP][PASSED] - Statement - PreSaveFile = new java.io.File(((pathPrefix + java.lang.Integer.toString(counter)) + .png)): null

2018-11-08 15:35:45 - [TEST_STEP][PASSED] - Statement - counter = counter + 1: null

2018-11-08 15:35:45 - [TEST_STEP][PASSED] - Statement - PreSaveFile = new java.io.File(((pathPrefix + java.lang.Integer.toString(counter)) + .png)): null

2018-11-08 15:35:45 - [TEST_STEP][PASSED] - Statement - counter = counter + 1: null

2018-11-08 15:35:46 - [TEST_STEP][PASSED] - Statement - PreSaveFile = new java.io.File(((pathPrefix + java.lang.Integer.toString(counter)) + .png)): null

2018-11-08 15:35:46 - [TEST_STEP][PASSED] - Statement - counter = counter + 1: null

2018-11-08 15:35:46 - [TEST_STEP][PASSED] - Statement - PreSaveFile = new java.io.File(((pathPrefix + java.lang.Integer.toString(counter)) + .png)): null

2018-11-08 15:35:46 - [TEST_STEP][PASSED] - Statement - counter = counter + 1: null

2018-11-08 15:35:46 - [TEST_STEP][PASSED] - Statement - PreSaveFile = new java.io.File(((pathPrefix + java.lang.Integer.toString(counter)) + .png)): null

2018-11-08 15:35:46 - [TEST_STEP][PASSED] - Statement - counter = counter + 1: null

2018-11-08 15:35:46 - [TEST_STEP][PASSED] - Statement - PreSaveFile = new java.io.File(((pathPrefix + java.lang.Integer.toString(counter)) + .png)): null

2018-11-08 15:35:46 - [TEST_STEP][PASSED] - Statement - counter = counter + 1: null

2018-11-08 15:35:46 - [TEST_STEP][PASSED] - Statement - PreSaveFile = new java.io.File(((pathPrefix + java.lang.Integer.toString(counter)) + .png)): null

2018-11-08 15:35:46 - [TEST_STEP][PASSED] - Statement - counter = counter + 1: null

2018-11-08 15:35:46 - [TEST_STEP][PASSED] - Statement - PreSaveFile = new java.io.File(((pathPrefix + java.lang.Integer.toString(counter)) + .png)): null

2018-11-08 15:35:46 - [TEST_STEP][PASSED] - Statement - counter = counter + 1: null

2018-11-08 15:35:46 - [TEST_STEP][PASSED] - Statement - PreSaveFile = new java.io.File(((pathPrefix + java.lang.Integer.toString(counter)) + .png)): null

2018-11-08 15:35:46 - [TEST_STEP][PASSED] - Statement - counter = counter + 1: null

2018-11-08 15:35:46 - [TEST_STEP][PASSED] - Statement - PreSaveFile = new java.io.File(((pathPrefix + java.lang.Integer.toString(counter)) + .png)): null

2018-11-08 15:35:46 - [TEST_STEP][PASSED] - Statement - counter = counter + 1: null

2018-11-08 15:35:46 - [TEST_STEP][PASSED] - Statement - PreSaveFile = new java.io.File(((pathPrefix + java.lang.Integer.toString(counter)) + .png)): null

2018-11-08 15:35:46 - [TEST_STEP][PASSED] - Statement - counter = counter + 1: null

2018-11-08 15:35:46 - [TEST_STEP][PASSED] - Statement - PreSaveFile = new java.io.File(((pathPrefix + java.lang.Integer.toString(counter)) + .png)): null

2018-11-08 15:35:47 - [TEST_STEP][PASSED] - Statement - counter = counter + 1: null

2018-11-08 15:35:47 - [TEST_STEP][PASSED] - Statement - PreSaveFile = new java.io.File(((pathPrefix + java.lang.Integer.toString(counter)) + .png)): null

2018-11-08 15:35:47 - [TEST_STEP][PASSED] - Statement - counter = counter + 1: null

2018-11-08 15:35:47 - [TEST_STEP][PASSED] - Statement - PreSaveFile = new java.io.File(((pathPrefix + java.lang.Integer.toString(counter)) + .png)): null

2018-11-08 15:35:47 - [TEST_STEP][PASSED] - Statement - counter = counter + 1: null

2018-11-08 15:35:47 - [TEST_STEP][PASSED] - Statement - PreSaveFile = new java.io.File(((pathPrefix + java.lang.Integer.toString(counter)) + .png)): null

2018-11-08 15:35:47 - [TEST_STEP][PASSED] - Statement - counter = counter + 1: null

2018-11-08 15:35:47 - [TEST_STEP][PASSED] - Statement - PreSaveFile = new java.io.File(((pathPrefix + java.lang.Integer.toString(counter)) + .png)): null

2018-11-08 15:35:47 - [TEST_STEP][PASSED] - Statement - counter = counter + 1: null

2018-11-08 15:35:48 - [TEST_STEP][PASSED] - Statement - PreSaveFile = new java.io.File(((pathPrefix + java.lang.Integer.toString(counter)) + .png)): null

2018-11-08 15:35:48 - [TEST_STEP][PASSED] - Statement - counter = counter + 1: null

2018-11-08 15:35:48 - [TEST_STEP][PASSED] - Statement - PreSaveFile = new java.io.File(((pathPrefix + java.lang.Integer.toString(counter)) + .png)): null

2018-11-08 15:35:48 - [TEST_STEP][PASSED] - Statement - counter = counter + 1: null

2018-11-08 15:35:48 - [TEST_STEP][PASSED] - Statement - PreSaveFile = new java.io.File(((pathPrefix + java.lang.Integer.toString(counter)) + .png)): null

2018-11-08 15:35:48 - [TEST_STEP][PASSED] - Statement - counter = counter + 1: null

2018-11-08 15:35:48 - [TEST_STEP][PASSED] - Statement - PreSaveFile = new java.io.File(((pathPrefix + java.lang.Integer.toString(counter)) + .png)): null

2018-11-08 15:35:48 - [TEST_STEP][PASSED] - Statement - counter = counter + 1: null

2018-11-08 15:35:48 - [TEST_STEP][PASSED] - Statement - PreSaveFile = new java.io.File(((pathPrefix + java.lang.Integer.toString(counter)) + .png)): null

2018-11-08 15:35:48 - [TEST_STEP][PASSED] - Statement - counter = counter + 1: null

2018-11-08 15:35:48 - [TEST_STEP][PASSED] - Statement - PreSaveFile = new java.io.File(((pathPrefix + java.lang.Integer.toString(counter)) + .png)): null

2018-11-08 15:35:48 - [TEST_STEP][PASSED] - Statement - counter = counter + 1: null

2018-11-08 15:35:48 - [TEST_STEP][PASSED] - Statement - PreSaveFile = new java.io.File(((pathPrefix + java.lang.Integer.toString(counter)) + .png)): null

2018-11-08 15:35:48 - [TEST_STEP][PASSED] - Statement - counter = counter + 1: null

2018-11-08 15:35:49 - [TEST_STEP][PASSED] - Statement - PreSaveFile = new java.io.File(((pathPrefix + java.lang.Integer.toString(counter)) + .png)): null

2018-11-08 15:35:49 - [TEST_STEP][PASSED] - Statement - counter = counter + 1: null

2018-11-08 15:35:49 - [TEST_STEP][PASSED] - Statement - PreSaveFile = new java.io.File(((pathPrefix + java.lang.Integer.toString(counter)) + .png)): null

2018-11-08 15:35:49 - [TEST_STEP][PASSED] - Statement - counter = counter + 1: null

2018-11-08 15:35:49 - [TEST_STEP][PASSED] - Statement - PreSaveFile = new java.io.File(((pathPrefix + java.lang.Integer.toString(counter)) + .png)): null

2018-11-08 15:35:49 - [TEST_STEP][PASSED] - Statement - counter = counter + 1: null

2018-11-08 15:35:49 - [TEST_STEP][PASSED] - Statement - PreSaveFile = new java.io.File(((pathPrefix + java.lang.Integer.toString(counter)) + .png)): null

2018-11-08 15:35:49 - [TEST_STEP][PASSED] - Statement - counter = counter + 1: null

2018-11-08 15:35:49 - [TEST_STEP][PASSED] - Statement - PreSaveFile = new java.io.File(((pathPrefix + java.lang.Integer.toString(counter)) + .png)): null

2018-11-08 15:35:49 - [TEST_STEP][PASSED] - Statement - counter = counter + 1: null

2018-11-08 15:35:49 - [TEST_STEP][PASSED] - Statement - PreSaveFile = new java.io.File(((pathPrefix + java.lang.Integer.toString(counter)) + .png)): null

2018-11-08 15:35:49 - [TEST_STEP][PASSED] - Statement - counter = counter + 1: null

2018-11-08 15:35:49 - [TEST_STEP][PASSED] - Statement - PreSaveFile = new java.io.File(((pathPrefix + java.lang.Integer.toString(counter)) + .png)): null

2018-11-08 15:35:49 - [TEST_STEP][PASSED] - Statement - counter = counter + 1: null

2018-11-08 15:35:49 - [TEST_STEP][PASSED] - Statement - PreSaveFile = new java.io.File(((pathPrefix + java.lang.Integer.toString(counter)) + .png)): null

2018-11-08 15:35:49 - [TEST_STEP][PASSED] - Statement - counter = counter + 1: null

2018-11-08 15:35:49 - [TEST_STEP][PASSED] - Statement - PreSaveFile = new java.io.File(((pathPrefix + java.lang.Integer.toString(counter)) + .png)): null

2018-11-08 15:35:49 - [TEST_STEP][PASSED] - Statement - counter = counter + 1: null

2018-11-08 15:35:50 - [TEST_STEP][PASSED] - Statement - PreSaveFile = new java.io.File(((pathPrefix + java.lang.Integer.toString(counter)) + .png)): null

2018-11-08 15:35:50 - [TEST_STEP][PASSED] - Statement - counter = counter + 1: null

2018-11-08 15:35:50 - [TEST_STEP][PASSED] - Statement - PreSaveFile = new java.io.File(((pathPrefix + java.lang.Integer.toString(counter)) + .png)): null

2018-11-08 15:35:50 - [TEST_STEP][PASSED] - Statement - counter = counter + 1: null

2018-11-08 15:35:50 - [TEST_STEP][PASSED] - Statement - PreSaveFile = new java.io.File(((pathPrefix + java.lang.Integer.toString(counter)) + .png)): null

2018-11-08 15:35:50 - [TEST_STEP][PASSED] - Statement - counter = counter + 1: null

2018-11-08 15:35:50 - [TEST_STEP][PASSED] - Statement - PreSaveFile = new java.io.File(((pathPrefix + java.lang.Integer.toString(counter)) + .png)): null

2018-11-08 15:35:50 - [TEST_STEP][PASSED] - Statement - counter = counter + 1: null

2018-11-08 15:35:50 - [TEST_STEP][PASSED] - Statement - PreSaveFile = new java.io.File(((pathPrefix + java.lang.Integer.toString(counter)) + .png)): null

2018-11-08 15:35:50 - [TEST_STEP][PASSED] - Statement - counter = counter + 1: null

2018-11-08 15:35:51 - [TEST_STEP][PASSED] - Statement - PreSaveFile = new java.io.File(((pathPrefix + java.lang.Integer.toString(counter)) + .png)): null

2018-11-08 15:35:51 - [TEST_STEP][PASSED] - Statement - counter = counter + 1: null

2018-11-08 15:35:51 - [TEST_STEP][PASSED] - Statement - PreSaveFile = new java.io.File(((pathPrefix + java.lang.Integer.toString(counter)) + .png)): null

2018-11-08 15:35:51 - [TEST_STEP][PASSED] - Statement - counter = counter + 1: null

2018-11-08 15:35:51 - [TEST_STEP][PASSED] - Statement - PreSaveFile = new java.io.File(((pathPrefix + java.lang.Integer.toString(counter)) + .png)): null

2018-11-08 15:35:51 - [TEST_STEP][PASSED] - Statement - counter = counter + 1: null

2018-11-08 15:35:51 - [TEST_STEP][PASSED] - Statement - PreSaveFile = new java.io.File(((pathPrefix + java.lang.Integer.toString(counter)) + .png)): null

2018-11-08 15:35:51 - [TEST_STEP][PASSED] - Statement - counter = counter + 1: null

2018-11-08 15:35:51 - [TEST_STEP][PASSED] - Statement - PreSaveFile = new java.io.File(((pathPrefix + java.lang.Integer.toString(counter)) + .png)): null

2018-11-08 15:35:51 - [TEST_STEP][PASSED] - Statement - counter = counter + 1: null

2018-11-08 15:35:51 - [TEST_STEP][PASSED] - Statement - PreSaveFile = new java.io.File(((pathPrefix + java.lang.Integer.toString(counter)) + .png)): null

2018-11-08 15:35:51 - [TEST_STEP][PASSED] - Statement - counter = counter + 1: null

2018-11-08 15:35:51 - [TEST_STEP][PASSED] - Statement - PreSaveFile = new java.io.File(((pathPrefix + java.lang.Integer.toString(counter)) + .png)): null

2018-11-08 15:35:51 - [TEST_STEP][PASSED] - Statement - counter = counter + 1: null

2018-11-08 15:35:51 - [TEST_STEP][PASSED] - Statement - PreSaveFile = new java.io.File(((pathPrefix + java.lang.Integer.toString(counter)) + .png)): null

2018-11-08 15:35:51 - [TEST_STEP][PASSED] - Statement - counter = counter + 1: null

2018-11-08 15:35:51 - [TEST_STEP][PASSED] - Statement - PreSaveFile = new java.io.File(((pathPrefix + java.lang.Integer.toString(counter)) + .png)): null

2018-11-08 15:35:51 - [TEST_STEP][PASSED] - Statement - counter = counter + 1: null

2018-11-08 15:35:51 - [TEST_STEP][PASSED] - Statement - PreSaveFile = new java.io.File(((pathPrefix + java.lang.Integer.toString(counter)) + .png)): null

2018-11-08 15:35:51 - [TEST_STEP][PASSED] - Statement - counter = counter + 1: null

2018-11-08 15:35:52 - [TEST_STEP][PASSED] - Statement - PreSaveFile = new java.io.File(((pathPrefix + java.lang.Integer.toString(counter)) + .png)): null

2018-11-08 15:35:52 - [TEST_STEP][PASSED] - Statement - counter = counter + 1: null

2018-11-08 15:35:52 - [TEST_STEP][PASSED] - Statement - PreSaveFile = new java.io.File(((pathPrefix + java.lang.Integer.toString(counter)) + .png)): null

2018-11-08 15:35:52 - [TEST_STEP][PASSED] - Statement - counter = counter + 1: null

2018-11-08 15:35:52 - [TEST_STEP][PASSED] - Statement - PreSaveFile = new java.io.File(((pathPrefix + java.lang.Integer.toString(counter)) + .png)): null

2018-11-08 15:35:52 - [TEST_STEP][PASSED] - Statement - counter = counter + 1: null

2018-11-08 15:35:52 - [TEST_STEP][PASSED] - Statement - PreSaveFile = new java.io.File(((pathPrefix + java.lang.Integer.toString(counter)) + .png)): null

2018-11-08 15:35:52 - [TEST_STEP][PASSED] - Statement - counter = counter + 1: null

2018-11-08 15:35:52 - [TEST_STEP][PASSED] - Statement - PreSaveFile = new java.io.File(((pathPrefix + java.lang.Integer.toString(counter)) + .png)): null

2018-11-08 15:35:52 - [TEST_STEP][PASSED] - Statement - counter = counter + 1: null

2018-11-08 15:35:52 - [TEST_STEP][PASSED] - Statement - PreSaveFile = new java.io.File(((pathPrefix + java.lang.Integer.toString(counter)) + .png)): null

2018-11-08 15:35:52 - [TEST_STEP][PASSED] - Statement - counter = counter + 1: null

2018-11-08 15:35:52 - [TEST_STEP][PASSED] - Statement - PreSaveFile = new java.io.File(((pathPrefix + java.lang.Integer.toString(counter)) + .png)): null

2018-11-08 15:35:52 - [TEST_STEP][PASSED] - Statement - counter = counter + 1: null

2018-11-08 15:35:52 - [TEST_STEP][PASSED] - Statement - PreSaveFile = new java.io.File(((pathPrefix + java.lang.Integer.toString(counter)) + .png)): null

2018-11-08 15:35:52 - [TEST_STEP][PASSED] - Statement - counter = counter + 1: null

2018-11-08 15:35:52 - [TEST_STEP][PASSED] - Statement - PreSaveFile = new java.io.File(((pathPrefix + java.lang.Integer.toString(counter)) + .png)): null

2018-11-08 15:35:52 - [TEST_STEP][PASSED] - Statement - counter = counter + 1: null

2018-11-08 15:35:54 - [TEST_STEP][PASSED] - Statement - PreSaveFile = new java.io.File(((pathPrefix + java.lang.Integer.toString(counter)) + .png)): null

2018-11-08 15:35:54 - [TEST_STEP][PASSED] - Statement - counter = counter + 1: null

2018-11-08 15:35:54 - [TEST_STEP][PASSED] - Statement - PreSaveFile = new java.io.File(((pathPrefix + java.lang.Integer.toString(counter)) + .png)): null

2018-11-08 15:35:54 - [TEST_STEP][PASSED] - Statement - counter = counter + 1: null

2018-11-08 15:35:54 - [TEST_STEP][PASSED] - Statement - PreSaveFile = new java.io.File(((pathPrefix + java.lang.Integer.toString(counter)) + .png)): null

2018-11-08 15:35:54 - [TEST_STEP][PASSED] - Statement - counter = counter + 1: null

2018-11-08 15:35:54 - [TEST_STEP][PASSED] - Statement - PreSaveFile = new java.io.File(((pathPrefix + java.lang.Integer.toString(counter)) + .png)): null

2018-11-08 15:35:54 - [TEST_STEP][PASSED] - Statement - counter = counter + 1: null

2018-11-08 15:35:54 - [TEST_STEP][PASSED] - Statement - PreSaveFile = new java.io.File(((pathPrefix + java.lang.Integer.toString(counter)) + .png)): null

2018-11-08 15:35:54 - [TEST_STEP][PASSED] - Statement - counter = counter + 1: null

2018-11-08 15:35:54 - [TEST_STEP][PASSED] - Statement - PreSaveFile = new java.io.File(((pathPrefix + java.lang.Integer.toString(counter)) + .png)): null

2018-11-08 15:35:54 - [TEST_STEP][PASSED] - Statement - counter = counter + 1: null

2018-11-08 15:35:54 - [TEST_STEP][PASSED] - Statement - PreSaveFile = new java.io.File(((pathPrefix + java.lang.Integer.toString(counter)) + .png)): null

2018-11-08 15:35:54 - [TEST_STEP][PASSED] - Statement - counter = counter + 1: null

2018-11-08 15:35:54 - [TEST_STEP][PASSED] - Statement - PreSaveFile = new java.io.File(((pathPrefix + java.lang.Integer.toString(counter)) + .png)): null

2018-11-08 15:35:54 - [TEST_STEP][PASSED] - Statement - counter = counter + 1: null

2018-11-08 15:35:54 - [TEST_STEP][PASSED] - Statement - PreSaveFile = new java.io.File(((pathPrefix + java.lang.Integer.toString(counter)) + .png)): null

2018-11-08 15:35:54 - [TEST_STEP][PASSED] - Statement - counter = counter + 1: null

2018-11-08 15:35:54 - [TEST_STEP][PASSED] - Statement - PreSaveFile = new java.io.File(((pathPrefix + java.lang.Integer.toString(counter)) + .png)): null

2018-11-08 15:35:54 - [TEST_STEP][PASSED] - Statement - finalPath = pathPrefix + java.lang.Integer.toString(counter) + ".png": null

2018-11-08 15:35:55 - [TEST_STEP][PASSED] - Statement - SaveFile = new java.io.File(finalPath): null

2018-11-08 15:35:55 - [TEST_STEP][PASSED] - Statement - Try: null

2018-11-08 15:35:55 - [TEST_STEP][PASSED] - Statement - org.apache.commons.io.FileUtils.copyFile(scrFile, SaveFile): null

2018-11-08 15:35:55 - [TEST_STEP][PASSED] - Statement - out.println("file kept"): null

2018-11-08 15:35:55 - [TEST_STEP][PASSED] - delay: Delayed 10 second(s)

2018-11-08 15:36:05 - [MESSAGE][PASSED] - Delayed 10 second(s)

2018-11-08 15:36:05 - [MESSAGE][PASSED] - Call Test Case 'Test Cases/Final Aug 2018 - PKS Automation/Registration Module/New Registration/Submit and Screenshot/Submit Registration and Screenshot' successfully

2018-11-08 15:36:05 - [TEST_STEP][PASSED] - callTestCase: Call Test Case 'Test Cases/Final Aug 2018 - PKS Automation/Registration Module/Log Out/log out avoiding katalon tagging' successfully

2018-11-08 15:36:05 - [TEST_CASE][PASSED] - Test Cases/Final Aug 2018 - PKS Automation/Registration Module/Log Out/log out avoiding katalon tagging: Test Cases/Final Aug 2018 - PKS Automation/Registration Module/Log Out/log out avoiding katalon tagging

2018-11-08 15:36:05 - [TEST_STEP][PASSED] - navigateToUrl: Navigate to 'https://assist2-uat.perkeso.gov.my/c/portal/logout' successfully

2018-11-08 15:36:07 - [MESSAGE][PASSED] - Navigate to 'https://assist2-uat.perkeso.gov.my/c/portal/logout' successfully

2018-11-08 15:36:07 - [MESSAGE][PASSED] - Call Test Case 'Test Cases/Final Aug 2018 - PKS Automation/Registration Module/Log Out/log out avoiding katalon tagging' successfully

2018-11-08 15:36:07 - [TEST_STEP][PASSED] - callTestCase: Call Test Case 'Test Cases/Final Aug 2018 - PKS Automation/Common/Workflow Owner Finder' successfully

2018-11-08 15:36:07 - [TEST_CASE][PASSED] - Test Cases/Final Aug 2018 - PKS Automation/Common/Workflow Owner Finder: Test Cases/Final Aug 2018 - PKS Automation/Common/Workflow Owner Finder

2018-11-08 15:36:07 - [TEST_STEP][PASSED] - openBrowser: Browser is opened with url: ''

2018-11-08 15:36:07 - [MESSAGE][WARNING] - A browser is already opened. Closing browser and opening a new one

2018-11-08 15:36:12 - [MESSAGE][PASSED] - Browser is opened with url: ''

2018-11-08 15:36:12 - [TEST_STEP][PASSED] - navigateToUrl: Navigate to 'https://assist2-uat.perkeso.gov.my/login' successfully

2018-11-08 15:36:15 - [MESSAGE][PASSED] - Navigate to 'https://assist2-uat.perkeso.gov.my/login' successfully

2018-11-08 15:36:15 - [TEST_STEP][PASSED] - delay: Delayed 5 second(s)

2018-11-08 15:36:20 - [MESSAGE][PASSED] - Delayed 5 second(s)

2018-11-08 15:36:20 - [TEST_STEP][PASSED] - setText: Text 'test@liferay.com' is set on object 'Object Repository/Final Object Repo/Login Page/Internal User/Email Address'

2018-11-08 15:36:20 - [MESSAGE][PASSED] - Text 'test@liferay.com' is set on object 'Object Repository/Final Object Repo/Login Page/Internal User/Email Address'

2018-11-08 15:36:20 - [TEST_STEP][PASSED] - click: Object: 'Object Repository/Final Object Repo/Login Page/Internal User/Next Button' is clicked on

2018-11-08 15:36:21 - [MESSAGE][PASSED] - Object: 'Object Repository/Final Object Repo/Login Page/Internal User/Next Button' is clicked on

2018-11-08 15:36:21 - [TEST_STEP][PASSED] - delay: Delayed 2 second(s)

2018-11-08 15:36:23 - [MESSAGE][PASSED] - Delayed 2 second(s)

2018-11-08 15:36:23 - [TEST_STEP][PASSED] - setText: Text 'test' is set on object 'Object Repository/Final Object Repo/Login Page/Internal User/Password'

2018-11-08 15:36:23 - [MESSAGE][PASSED] - Text 'test' is set on object 'Object Repository/Final Object Repo/Login Page/Internal User/Password'

2018-11-08 15:36:23 - [TEST_STEP][PASSED] - delay: Delayed 2 second(s)

2018-11-08 15:36:25 - [MESSAGE][PASSED] - Delayed 2 second(s)

2018-11-08 15:36:25 - [TEST_STEP][PASSED] - click: Object: 'Object Repository/Final Object Repo/Login Page/Internal User/Login Button' is clicked on

2018-11-08 15:36:29 - [MESSAGE][PASSED] - Object: 'Object Repository/Final Object Repo/Login Page/Internal User/Login Button' is clicked on

2018-11-08 15:36:29 - [TEST_STEP][PASSED] - Statement - Try: Delayed 2 second(s)

2018-11-08 15:36:29 - [TEST_STEP][PASSED] - Statement - Checker = false: null

2018-11-08 15:36:29 - [TEST_STEP][PASSED] - Statement - Checker = com.kms.katalon.core.webui.keyword.WebUiBuiltInKeywords.verifyElementHasAttribute(com.kms.katalon.core.testobject.ObjectRepository.findTestObject(Final Object Repo/Landing Page/BM Detecting), "href", 20, OPTIONAL): Object 'Object Repository/Final Object Repo/Landing Page/BM Detecting' has attribute 'href'

2018-11-08 15:36:29 - [MESSAGE][PASSED] - Object 'Object Repository/Final Object Repo/Landing Page/BM Detecting' has attribute 'href'

2018-11-08 15:36:29 - [TEST_STEP][PASSED] - Statement - out.println(Checker): null

2018-11-08 15:36:29 - [TEST_STEP][PASSED] - Statement - If (Checker == false): null

2018-11-08 15:36:29 - [TEST_STEP][PASSED] - Statement - Else: null

2018-11-08 15:36:29 - [TEST_STEP][PASSED] - delay: Delayed 2 second(s)

2018-11-08 15:36:31 - [MESSAGE][PASSED] - Delayed 2 second(s)

2018-11-08 15:36:31 - [TEST_STEP][PASSED] - delay: Delayed 3 second(s)

2018-11-08 15:36:34 - [MESSAGE][PASSED] - Delayed 3 second(s)

2018-11-08 15:36:34 - [TEST_STEP][PASSED] - mouseOver: Object: 'Object Repository/Final Object Repo/Landing Page/WorkFlow Menu' is hovered

2018-11-08 15:36:34 - [MESSAGE][PASSED] - Object: 'Object Repository/Final Object Repo/Landing Page/WorkFlow Menu' is hovered

2018-11-08 15:36:34 - [TEST_STEP][PASSED] - delay: Delayed 2 second(s)

2018-11-08 15:36:36 - [MESSAGE][PASSED] - Delayed 2 second(s)

2018-11-08 15:36:36 - [TEST_STEP][PASSED] - click: Object: 'Object Repository/Final Object Repo/Landing Page/Select to Workflow Listing' is clicked on

2018-11-08 15:36:38 - [MESSAGE][PASSED] - Object: 'Object Repository/Final Object Repo/Landing Page/Select to Workflow Listing' is clicked on

2018-11-08 15:36:38 - [TEST_STEP][PASSED] - delay: Delayed 2 second(s)

2018-11-08 15:36:40 - [MESSAGE][PASSED] - Delayed 2 second(s)

2018-11-08 15:36:40 - [TEST_STEP][PASSED] - click: Object: 'Object Repository/Final Object Repo/WorkFlow Listing Page/Search Information - To Put Ref No' is clicked on

2018-11-08 15:36:40 - [MESSAGE][PASSED] - Object: 'Object Repository/Final Object Repo/WorkFlow Listing Page/Search Information - To Put Ref No' is clicked on

2018-11-08 15:36:40 - [TEST_STEP][PASSED] - delay: Delayed 2 second(s)

2018-11-08 15:36:42 - [MESSAGE][PASSED] - Delayed 2 second(s)

2018-11-08 15:36:42 - [TEST_STEP][PASSED] - callTestCase: Call Test Case 'Test Cases/Final Aug 2018 - PKS Automation/Common/Reference Number Getter' successfully

2018-11-08 15:36:43 - [TEST_CASE][PASSED] - Test Cases/Final Aug 2018 - PKS Automation/Common/Reference Number Getter: Test Cases/Final Aug 2018 - PKS Automation/Common/Reference Number Getter

2018-11-08 15:36:43 - [TEST_STEP][PASSED] - Statement - Try: null

2018-11-08 15:36:43 - [TEST_STEP][PASSED] - Statement - RefNo = new java.io.File(C://KatalonReference.txt): null

2018-11-08 15:36:43 - [TEST_STEP][PASSED] - Statement - bufferread = new java.io.BufferedReader(new java.io.FileReader(RefNo)): null

2018-11-08 15:36:43 - [TEST_STEP][PASSED] - Statement - readedVal = bufferread.readLine(): null

2018-11-08 15:36:43 - [TEST_STEP][PASSED] - Statement - out.println(CaseReferenceNo): null

2018-11-08 15:36:43 - [TEST_STEP][PASSED] - Statement - out.println(readedVal): null

2018-11-08 15:36:43 - [TEST_STEP][PASSED] - Statement - CaseReferenceNo = readedVal: null

2018-11-08 15:36:43 - [MESSAGE][PASSED] - Call Test Case 'Test Cases/Final Aug 2018 - PKS Automation/Common/Reference Number Getter' successfully

2018-11-08 15:36:43 - [TEST_STEP][PASSED] - setText: Text 'CRN11201800122423' is set on object 'Object Repository/Final Object Repo/WorkFlow Listing Page/Ref No Set Text'

2018-11-08 15:36:43 - [MESSAGE][PASSED] - Text 'CRN11201800122423' is set on object 'Object Repository/Final Object Repo/WorkFlow Listing Page/Ref No Set Text'

2018-11-08 15:36:43 - [TEST_STEP][PASSED] - delay: Delayed 2 second(s)

2018-11-08 15:36:45 - [MESSAGE][PASSED] - Delayed 2 second(s)

2018-11-08 15:36:45 - [TEST_STEP][PASSED] - click: Object: 'Object Repository/Final Object Repo/WorkFlow Listing Page/Search Ref No Search Button' is clicked on

2018-11-08 15:36:47 - [MESSAGE][PASSED] - Object: 'Object Repository/Final Object Repo/WorkFlow Listing Page/Search Ref No Search Button' is clicked on

2018-11-08 15:36:47 - [TEST_STEP][PASSED] - delay: Delayed 4 second(s)

2018-11-08 15:36:51 - [MESSAGE][PASSED] - Delayed 4 second(s)

2018-11-08 15:36:51 - [TEST_STEP][PASSED] - click: Object: 'Object Repository/Final Object Repo/WorkFlow Listing Page/Click Continue Tooltip' is clicked on

2018-11-08 15:36:53 - [MESSAGE][PASSED] - Object: 'Object Repository/Final Object Repo/WorkFlow Listing Page/Click Continue Tooltip' is clicked on

2018-11-08 15:36:53 - [TEST_STEP][PASSED] - delay: Delayed 5 second(s)

2018-11-08 15:36:58 - [MESSAGE][PASSED] - Delayed 5 second(s)

2018-11-08 15:36:58 - [TEST_STEP][PASSED] - doubleClick: Object: 'Object Repository/Final Object Repo/WorkFlow Listing Page/Workflow Found - Listing 1' is double clicked on

2018-11-08 15:36:58 - [MESSAGE][PASSED] - Object: 'Object Repository/Final Object Repo/WorkFlow Listing Page/Workflow Found - Listing 1' is double clicked on

2018-11-08 15:36:58 - [TEST_STEP][PASSED] - Statement - println(OwnerID): null

2018-11-08 15:36:58 - [TEST_STEP][PASSED] - Statement - OwnerID = com.kms.katalon.core.webui.keyword.WebUiBuiltInKeywords.getText(com.kms.katalon.core.testobject.ObjectRepository.findTestObject(Final Object Repo/WorkFlow Listing Page/Workflow Found - Listing 1), STOP_ON_FAILURE): Text of object 'Object Repository/Final Object Repo/WorkFlow Listing Page/Workflow Found - Listing 1' is: 'JOHORro3'

2018-11-08 15:36:58 - [MESSAGE][PASSED] - Text of object 'Object Repository/Final Object Repo/WorkFlow Listing Page/Workflow Found - Listing 1' is: 'JOHORro3'

2018-11-08 15:36:58 - [TEST_STEP][PASSED] - Statement - OwnerID = OwnerID.toLowerCase() + "@gmail.com": null

2018-11-08 15:36:58 - [TEST_STEP][PASSED] - Statement - println(OwnerID): null

2018-11-08 15:36:58 - [TEST_STEP][PASSED] - delay: Delayed 2 second(s)

2018-11-08 15:37:00 - [MESSAGE][PASSED] - Delayed 2 second(s)

2018-11-08 15:37:00 - [MESSAGE][PASSED] - Call Test Case 'Test Cases/Final Aug 2018 - PKS Automation/Common/Workflow Owner Finder' successfully

2018-11-08 15:37:00 - [TEST_STEP][PASSED] - callTestCase: Call Test Case 'Test Cases/Final Aug 2018 - PKS Automation/Registration Module/Log Out/log out avoiding katalon tagging' successfully

2018-11-08 15:37:00 - [TEST_CASE][PASSED] - Test Cases/Final Aug 2018 - PKS Automation/Registration Module/Log Out/log out avoiding katalon tagging: Test Cases/Final Aug 2018 - PKS Automation/Registration Module/Log Out/log out avoiding katalon tagging

2018-11-08 15:37:00 - [TEST_STEP][PASSED] - navigateToUrl: Navigate to 'https://assist2-uat.perkeso.gov.my/c/portal/logout' successfully

2018-11-08 15:37:02 - [MESSAGE][PASSED] - Navigate to 'https://assist2-uat.perkeso.gov.my/c/portal/logout' successfully

2018-11-08 15:37:02 - [MESSAGE][PASSED] - Call Test Case 'Test Cases/Final Aug 2018 - PKS Automation/Registration Module/Log Out/log out avoiding katalon tagging' successfully

2018-11-08 15:37:02 - [TEST_STEP][PASSED] - delay: Delayed 2 second(s)

2018-11-08 15:37:04 - [MESSAGE][PASSED] - Delayed 2 second(s)

2018-11-08 15:37:04 - [TEST_STEP][PASSED] - setText: Text 'johorro3@gmail.com' is set on object 'Object Repository/Final Object Repo/New Registration - Registration Module Pages/New Reg - OTC to RO/Special Case - All Related Objects/Email TextBox'

2018-11-08 15:37:04 - [MESSAGE][PASSED] - Text 'johorro3@gmail.com' is set on object 'Object Repository/Final Object Repo/New Registration - Registration Module Pages/New Reg - OTC to RO/Special Case - All Related Objects/Email TextBox'

2018-11-08 15:37:04 - [TEST_STEP][PASSED] - click: Object: 'Object Repository/Final Object Repo/New Registration - Registration Module Pages/New Reg - OTC to RO/Special Case - All Related Objects/Next Button' is clicked on

2018-11-08 15:37:05 - [MESSAGE][PASSED] - Object: 'Object Repository/Final Object Repo/New Registration - Registration Module Pages/New Reg - OTC to RO/Special Case - All Related Objects/Next Button' is clicked on

2018-11-08 15:37:05 - [TEST_STEP][PASSED] - delay: Delayed 2 second(s)

2018-11-08 15:37:07 - [MESSAGE][PASSED] - Delayed 2 second(s)

2018-11-08 15:37:07 - [TEST_STEP][PASSED] - setText: Text 'Test1@3456789' is set on object 'Object Repository/Final Object Repo/New Registration - Registration Module Pages/New Reg - OTC to RO/Special Case - All Related Objects/Password TextBox'

2018-11-08 15:37:07 - [MESSAGE][PASSED] - Text 'Test1@3456789' is set on object 'Object Repository/Final Object Repo/New Registration - Registration Module Pages/New Reg - OTC to RO/Special Case - All Related Objects/Password TextBox'

2018-11-08 15:37:07 - [TEST_STEP][PASSED] - delay: Delayed 2 second(s)

2018-11-08 15:37:09 - [MESSAGE][PASSED] - Delayed 2 second(s)

2018-11-08 15:37:09 - [TEST_STEP][PASSED] - click: Object: 'Object Repository/Final Object Repo/New Registration - Registration Module Pages/New Reg - OTC to RO/Special Case - All Related Objects/Login Button' is clicked on

2018-11-08 15:37:11 - [MESSAGE][PASSED] - Object: 'Object Repository/Final Object Repo/New Registration - Registration Module Pages/New Reg - OTC to RO/Special Case - All Related Objects/Login Button' is clicked on

2018-11-08 15:37:11 - [TEST_STEP][PASSED] - delay: Delayed 2 second(s)

2018-11-08 15:37:13 - [MESSAGE][PASSED] - Delayed 2 second(s)

2018-11-08 15:37:13 - [TEST_STEP][PASSED] - Statement - Try: null

2018-11-08 15:37:14 - [TEST_STEP][PASSED] - Statement - Checker = com.kms.katalon.core.webui.keyword.WebUiBuiltInKeywords.verifyElementNotPresent("Final Object Repo/Landing Page/Select to English", 3): null

2018-11-08 15:37:14 - [TEST_STEP][PASSED] - Statement - Catch (Exception e): null

2018-11-08 15:37:14 - [TEST_STEP][PASSED] - Statement - e.printStackTrace(): null

2018-11-08 15:37:14 - [TEST_STEP][PASSED] - click: Object: 'Object Repository/Final Object Repo/New Registration - Registration Module Pages/New Reg - OTC to RO/Special Case - All Related Objects/Expand to Search' is clicked on

2018-11-08 15:37:14 - [MESSAGE][PASSED] - Object: 'Object Repository/Final Object Repo/New Registration - Registration Module Pages/New Reg - OTC to RO/Special Case - All Related Objects/Expand to Search' is clicked on

2018-11-08 15:37:14 - [TEST_STEP][PASSED] - setText: Text 'CRN11201800122423' is set on object 'Object Repository/Final Object Repo/New Registration - Registration Module Pages/New Reg - OTC to RO/Special Case - All Related Objects/TextBox RefNo in Workbasket'

2018-11-08 15:37:14 - [MESSAGE][PASSED] - Text 'CRN11201800122423' is set on object 'Object Repository/Final Object Repo/New Registration - Registration Module Pages/New Reg - OTC to RO/Special Case - All Related Objects/TextBox RefNo in Workbasket'

2018-11-08 15:37:14 - [TEST_STEP][PASSED] - delay: Delayed 2 second(s)

2018-11-08 15:37:16 - [MESSAGE][PASSED] - Delayed 2 second(s)

2018-11-08 15:37:16 - [TEST_STEP][PASSED] - click: Object: 'Object Repository/Final Object Repo/New Registration - Registration Module Pages/New Reg - OTC to RO/Special Case - All Related Objects/Click Search' is clicked on

2018-11-08 15:37:18 - [MESSAGE][PASSED] - Object: 'Object Repository/Final Object Repo/New Registration - Registration Module Pages/New Reg - OTC to RO/Special Case - All Related Objects/Click Search' is clicked on

2018-11-08 15:37:18 - [TEST_STEP][PASSED] - delay: Delayed 2 second(s)

2018-11-08 15:37:20 - [MESSAGE][PASSED] - Delayed 2 second(s)

2018-11-08 15:37:20 - [TEST_STEP][PASSED] - click: Object: 'Object Repository/Final Object Repo/New Registration - Registration Module Pages/New Reg - OTC to RO/Special Case - All Related Objects/Click to Continue Workflow' is clicked on

2018-11-08 15:37:24 - [MESSAGE][PASSED] - Object: 'Object Repository/Final Object Repo/New Registration - Registration Module Pages/New Reg - OTC to RO/Special Case - All Related Objects/Click to Continue Workflow' is clicked on

2018-11-08 15:37:24 - [TEST_STEP][PASSED] - delay: Delayed 2 second(s)

2018-11-08 15:37:26 - [MESSAGE][PASSED] - Delayed 2 second(s)

2018-11-08 15:37:26 - [TEST_STEP][PASSED] - click: Object: 'Object Repository/Final Object Repo/New Registration - Registration Module Pages/New Reg - OTC to RO/Special Case - All Related Objects/Continue Button in verifying case' is clicked on

2018-11-08 15:37:30 - [MESSAGE][PASSED] - Object: 'Object Repository/Final Object Repo/New Registration - Registration Module Pages/New Reg - OTC to RO/Special Case - All Related Objects/Continue Button in verifying case' is clicked on

2018-11-08 15:37:30 - [TEST_STEP][PASSED] - delay: Delayed 2 second(s)

2018-11-08 15:37:32 - [MESSAGE][PASSED] - Delayed 2 second(s)

2018-11-08 15:37:32 - [TEST_STEP][PASSED] - click: Object: 'Object Repository/Final Object Repo/New Registration - Registration Module Pages/Form 1/Registered As a Branch - Yes' is clicked on

2018-11-08 15:37:32 - [MESSAGE][PASSED] - Object: 'Object Repository/Final Object Repo/New Registration - Registration Module Pages/Form 1/Registered As a Branch - Yes' is clicked on

2018-11-08 15:37:32 - [TEST_STEP][PASSED] - delay: Delayed 2 second(s)

2018-11-08 15:37:34 - [MESSAGE][PASSED] - Delayed 2 second(s)

2018-11-08 15:37:34 - [TEST_STEP][PASSED] - click: Object: 'Object Repository/Final Object Repo/New Registration - Registration Module Pages/New Reg - OTC to RO/Special Case - All Related Objects/Form 1 Save n Continue' is clicked on

2018-11-08 15:37:37 - [MESSAGE][PASSED] - Object: 'Object Repository/Final Object Repo/New Registration - Registration Module Pages/New Reg - OTC to RO/Special Case - All Related Objects/Form 1 Save n Continue' is clicked on

2018-11-08 15:37:37 - [TEST_STEP][PASSED] - delay: Delayed 2 second(s)

2018-11-08 15:37:39 - [MESSAGE][PASSED] - Delayed 2 second(s)

2018-11-08 15:37:39 - [TEST_STEP][PASSED] - click: Object: 'Object Repository/Final Object Repo/New Registration - Registration Module Pages/New Reg - OTC to RO/Special Case - All Related Objects/Form 2 Save n Continue' is clicked on

2018-11-08 15:37:41 - [MESSAGE][PASSED] - Object: 'Object Repository/Final Object Repo/New Registration - Registration Module Pages/New Reg - OTC to RO/Special Case - All Related Objects/Form 2 Save n Continue' is clicked on

2018-11-08 15:37:41 - [TEST_STEP][PASSED] - delay: Delayed 2 second(s)

2018-11-08 15:37:43 - [MESSAGE][PASSED] - Delayed 2 second(s)

2018-11-08 15:37:43 - [TEST_STEP][PASSED] - click: Object: 'Object Repository/Final Object Repo/New Registration - Registration Module Pages/New Reg - OTC to RO/Special Case - All Related Objects/Third Screen Save n Continue' is clicked on

2018-11-08 15:37:49 - [MESSAGE][PASSED] - Object: 'Object Repository/Final Object Repo/New Registration - Registration Module Pages/New Reg - OTC to RO/Special Case - All Related Objects/Third Screen Save n Continue' is clicked on

2018-11-08 15:37:49 - [TEST_STEP][PASSED] - delay: Delayed 5 second(s)

2018-11-08 15:37:54 - [MESSAGE][PASSED] - Delayed 5 second(s)

2018-11-08 15:37:54 - [TEST_STEP][PASSED] - setText: Text 'Query case' is set on object 'Object Repository/Final Object Repo/New Registration - Registration Module Pages/New Reg - OTC to RO/Special Case - All Related Objects/Query Text Input'

2018-11-08 15:37:54 - [MESSAGE][PASSED] - Text 'Query case' is set on object 'Object Repository/Final Object Repo/New Registration - Registration Module Pages/New Reg - OTC to RO/Special Case - All Related Objects/Query Text Input'

2018-11-08 15:37:54 - [TEST_STEP][PASSED] - delay: Delayed 5 second(s)

2018-11-08 15:37:59 - [MESSAGE][PASSED] - Delayed 5 second(s)

2018-11-08 15:37:59 - [TEST_STEP][PASSED] - click: Object: 'Object Repository/Final Object Repo/New Registration - Registration Module Pages/New Reg - OTC to RO/Special Case - All Related Objects/Upload Doc Page Save n Continue' is clicked on

2018-11-08 15:38:00 - [MESSAGE][PASSED] - Object: 'Object Repository/Final Object Repo/New Registration - Registration Module Pages/New Reg - OTC to RO/Special Case - All Related Objects/Upload Doc Page Save n Continue' is clicked on

2018-11-08 15:38:00 - [TEST_STEP][PASSED] - click: Object: 'Object Repository/Final Object Repo/New Registration - Registration Module Pages/New Reg - OTC to RO/Special Case - All Related Objects/Query Button' is clicked on

2018-11-08 15:38:04 - [MESSAGE][PASSED] - Object: 'Object Repository/Final Object Repo/New Registration - Registration Module Pages/New Reg - OTC to RO/Special Case - All Related Objects/Query Button' is clicked on

2018-11-08 15:38:04 - [TEST_STEP][PASSED] - click: Object: 'Object Repository/Final Object Repo/New Registration - Registration Module Pages/New Reg - OTC to RO/Special Case - All Related Objects/Confirm to Query' is clicked on

2018-11-08 15:38:10 - [MESSAGE][PASSED] - Object: 'Object Repository/Final Object Repo/New Registration - Registration Module Pages/New Reg - OTC to RO/Special Case - All Related Objects/Confirm to Query' is clicked on

2018-11-08 15:38:10 - [TEST_STEP][PASSED] - callTestCase: Call Test Case 'Test Cases/Final Aug 2018 - PKS Automation/Registration Module/Log Out/log out avoiding katalon tagging' successfully

2018-11-08 15:38:10 - [TEST_CASE][PASSED] - Test Cases/Final Aug 2018 - PKS Automation/Registration Module/Log Out/log out avoiding katalon tagging: Test Cases/Final Aug 2018 - PKS Automation/Registration Module/Log Out/log out avoiding katalon tagging

2018-11-08 15:38:10 - [TEST_STEP][PASSED] - navigateToUrl: Navigate to 'https://assist2-uat.perkeso.gov.my/c/portal/logout' successfully

2018-11-08 15:38:11 - [MESSAGE][PASSED] - Navigate to 'https://assist2-uat.perkeso.gov.my/c/portal/logout' successfully

2018-11-08 15:38:11 - [MESSAGE][PASSED] - Call Test Case 'Test Cases/Final Aug 2018 - PKS Automation/Registration Module/Log Out/log out avoiding katalon tagging' successfully

2018-11-08 15:38:11 - [TEST_STEP][PASSED] - delay: Delayed 2 second(s)

2018-11-08 15:38:13 - [MESSAGE][PASSED] - Delayed 2 second(s)

2018-11-08 15:38:13 - [TEST_STEP][PASSED] - setText: Text 'klotc2@gmail.com' is set on object 'Object Repository/Final Object Repo/Login Page/Internal User/Email Address'

2018-11-08 15:38:14 - [MESSAGE][PASSED] - Text 'klotc2@gmail.com' is set on object 'Object Repository/Final Object Repo/Login Page/Internal User/Email Address'

2018-11-08 15:38:14 - [TEST_STEP][PASSED] - click: Object: 'Object Repository/Final Object Repo/Login Page/Internal User/Next Button' is clicked on

2018-11-08 15:38:14 - [MESSAGE][PASSED] - Object: 'Object Repository/Final Object Repo/Login Page/Internal User/Next Button' is clicked on

2018-11-08 15:38:14 - [TEST_STEP][PASSED] - delay: Delayed 2 second(s)

2018-11-08 15:38:16 - [MESSAGE][PASSED] - Delayed 2 second(s)

2018-11-08 15:38:16 - [TEST_STEP][PASSED] - setText: Text 'Test1@3456789' is set on object 'Object Repository/Final Object Repo/Login Page/Internal User/Password'

2018-11-08 15:38:16 - [MESSAGE][PASSED] - Text 'Test1@3456789' is set on object 'Object Repository/Final Object Repo/Login Page/Internal User/Password'

2018-11-08 15:38:16 - [TEST_STEP][PASSED] - delay: Delayed 2 second(s)

2018-11-08 15:38:18 - [MESSAGE][PASSED] - Delayed 2 second(s)

2018-11-08 15:38:18 - [TEST_STEP][PASSED] - click: Object: 'Object Repository/Final Object Repo/Login Page/Internal User/Login Button' is clicked on

2018-11-08 15:38:20 - [MESSAGE][PASSED] - Object: 'Object Repository/Final Object Repo/Login Page/Internal User/Login Button' is clicked on

2018-11-08 15:38:20 - [TEST_STEP][PASSED] - delay: Delayed 2 second(s)

2018-11-08 15:38:22 - [MESSAGE][PASSED] - Delayed 2 second(s)

2018-11-08 15:38:22 - [TEST_STEP][PASSED] - Statement - Try: null

2018-11-08 15:38:22 - [TEST_STEP][PASSED] - Statement - Checker = com.kms.katalon.core.webui.keyword.WebUiBuiltInKeywords.verifyElementNotPresent("PKS_SIP_Updated_RegModule/Attempt/Page_MyASSIST - ASSIST/Select to English", 3): null

2018-11-08 15:38:22 - [TEST_STEP][PASSED] - Statement - Catch (Exception e): null

2018-11-08 15:38:22 - [TEST_STEP][PASSED] - Statement - e.printStackTrace(): null

2018-11-08 15:38:22 - [TEST_STEP][PASSED] - delay: Delayed 4 second(s)

2018-11-08 15:38:26 - [MESSAGE][PASSED] - Delayed 4 second(s)

2018-11-08 15:38:26 - [TEST_STEP][PASSED] - click: Object: 'Object Repository/Final Object Repo/Landing Page/My Sites Drop Down' is clicked on

2018-11-08 15:38:27 - [MESSAGE][PASSED] - Object: 'Object Repository/Final Object Repo/Landing Page/My Sites Drop Down' is clicked on

2018-11-08 15:38:27 - [TEST_STEP][PASSED] - click: Object: 'Object Repository/Final Object Repo/Landing Page/Select to Registration Module' is clicked on

2018-11-08 15:38:28 - [MESSAGE][PASSED] - Object: 'Object Repository/Final Object Repo/Landing Page/Select to Registration Module' is clicked on

2018-11-08 15:38:28 - [TEST_STEP][PASSED] - delay: Delayed 2 second(s)

2018-11-08 15:38:30 - [MESSAGE][PASSED] - Delayed 2 second(s)

2018-11-08 15:38:30 - [TEST_STEP][PASSED] - mouseOver: Object: 'Object Repository/Final Object Repo/New Registration - Registration Module Pages/New Reg - OTC to RO/Special Case - All Related Objects/Hover Over Search Drop Down' is hovered

2018-11-08 15:38:31 - [MESSAGE][PASSED] - Object: 'Object Repository/Final Object Repo/New Registration - Registration Module Pages/New Reg - OTC to RO/Special Case - All Related Objects/Hover Over Search Drop Down' is hovered

2018-11-08 15:38:31 - [TEST_STEP][PASSED] - click: Object: 'Object Repository/Final Object Repo/New Registration - Registration Module Pages/New Reg - OTC to RO/Special Case - All Related Objects/Select Search Pending Case' is clicked on

2018-11-08 15:38:32 - [MESSAGE][PASSED] - Object: 'Object Repository/Final Object Repo/New Registration - Registration Module Pages/New Reg - OTC to RO/Special Case - All Related Objects/Select Search Pending Case' is clicked on

2018-11-08 15:38:32 - [TEST_STEP][PASSED] - click: Object: 'Object Repository/Final Object Repo/New Registration - Registration Module Pages/New Reg - OTC to RO/Special Case - All Related Objects/Select Searching Method (Employer Code)' is clicked on

2018-11-08 15:38:32 - [MESSAGE][PASSED] - Object: 'Object Repository/Final Object Repo/New Registration - Registration Module Pages/New Reg - OTC to RO/Special Case - All Related Objects/Select Searching Method (Employer Code)' is clicked on

2018-11-08 15:38:32 - [TEST_STEP][PASSED] - click: Object: 'Object Repository/Final Object Repo/New Registration - Registration Module Pages/New Reg - OTC to RO/Special Case - All Related Objects/Select Searching Method to Reference ID' is clicked on

2018-11-08 15:38:33 - [MESSAGE][PASSED] - Object: 'Object Repository/Final Object Repo/New Registration - Registration Module Pages/New Reg - OTC to RO/Special Case - All Related Objects/Select Searching Method to Reference ID' is clicked on

2018-11-08 15:38:33 - [TEST_STEP][PASSED] - setText: Text 'CRN11201800122423' is set on object 'Object Repository/Final Object Repo/New Registration - Registration Module Pages/New Reg - OTC to RO/Special Case - All Related Objects/Pending Case Ref NO'

2018-11-08 15:38:33 - [MESSAGE][PASSED] - Text 'CRN11201800122423' is set on object 'Object Repository/Final Object Repo/New Registration - Registration Module Pages/New Reg - OTC to RO/Special Case - All Related Objects/Pending Case Ref NO'

2018-11-08 15:38:33 - [TEST_STEP][PASSED] - click: Object: 'Object Repository/Final Object Repo/New Registration - Registration Module Pages/New Reg - OTC to RO/Special Case - All Related Objects/Search Pending Case Based on Ref No' is clicked on

2018-11-08 15:38:35 - [MESSAGE][PASSED] - Object: 'Object Repository/Final Object Repo/New Registration - Registration Module Pages/New Reg - OTC to RO/Special Case - All Related Objects/Search Pending Case Based on Ref No' is clicked on

2018-11-08 15:38:35 - [TEST_STEP][PASSED] - click: Object: 'Object Repository/Final Object Repo/New Registration - Registration Module Pages/New Reg - OTC to RO/Special Case - All Related Objects/Action Button after found case' is clicked on

2018-11-08 15:38:38 - [MESSAGE][PASSED] - Object: 'Object Repository/Final Object Repo/New Registration - Registration Module Pages/New Reg - OTC to RO/Special Case - All Related Objects/Action Button after found case' is clicked on

2018-11-08 15:38:38 - [TEST_STEP][PASSED] - click: Object: 'Object Repository/Final Object Repo/New Registration - Registration Module Pages/New Reg - OTC to RO/Special Case - All Related Objects/Next Button in Pending Case Form 1' is clicked on

2018-11-08 15:38:39 - [MESSAGE][PASSED] - Object: 'Object Repository/Final Object Repo/New Registration - Registration Module Pages/New Reg - OTC to RO/Special Case - All Related Objects/Next Button in Pending Case Form 1' is clicked on

2018-11-08 15:38:39 - [TEST_STEP][PASSED] - click: Object: 'Object Repository/Final Object Repo/New Registration - Registration Module Pages/New Reg - OTC to RO/Special Case - All Related Objects/Next Button in Pending Case Form 2' is clicked on

2018-11-08 15:38:41 - [MESSAGE][PASSED] - Object: 'Object Repository/Final Object Repo/New Registration - Registration Module Pages/New Reg - OTC to RO/Special Case - All Related Objects/Next Button in Pending Case Form 2' is clicked on

2018-11-08 15:38:41 - [TEST_STEP][PASSED] - click: Object: 'Object Repository/Final Object Repo/New Registration - Registration Module Pages/New Reg - OTC to RO/Special Case - All Related Objects/Next Button in Third Screen' is clicked on

2018-11-08 15:38:45 - [MESSAGE][PASSED] - Object: 'Object Repository/Final Object Repo/New Registration - Registration Module Pages/New Reg - OTC to RO/Special Case - All Related Objects/Next Button in Third Screen' is clicked on

2018-11-08 15:38:45 - [TEST_STEP][PASSED] - click: Object: 'Object Repository/Final Object Repo/New Registration - Registration Module Pages/New Reg - OTC to RO/Special Case - All Related Objects/Add Document for Pending Case' is clicked on

2018-11-08 15:38:45 - [MESSAGE][PASSED] - Object: 'Object Repository/Final Object Repo/New Registration - Registration Module Pages/New Reg - OTC to RO/Special Case - All Related Objects/Add Document for Pending Case' is clicked on

2018-11-08 15:38:45 - [TEST_STEP][PASSED] - delay: Delayed 2 second(s)

2018-11-08 15:38:47 - [MESSAGE][PASSED] - Delayed 2 second(s)

2018-11-08 15:38:47 - [TEST_STEP][PASSED] - click: Object: 'Object Repository/Final Object Repo/New Registration - Registration Module Pages/New Reg - OTC to RO/Special Case - All Related Objects/Upload Pending Doc - Please Select' is clicked on

2018-11-08 15:38:48 - [MESSAGE][PASSED] - Object: 'Object Repository/Final Object Repo/New Registration - Registration Module Pages/New Reg - OTC to RO/Special Case - All Related Objects/Upload Pending Doc - Please Select' is clicked on

2018-11-08 15:38:48 - [TEST_STEP][PASSED] - click: Object: 'Object Repository/Final Object Repo/New Registration - Registration Module Pages/New Reg - OTC to RO/Special Case - All Related Objects/Select to Others to Upload' is clicked on

2018-11-08 15:38:49 - [MESSAGE][PASSED] - Object: 'Object Repository/Final Object Repo/New Registration - Registration Module Pages/New Reg - OTC to RO/Special Case - All Related Objects/Select to Others to Upload' is clicked on

2018-11-08 15:38:49 - [TEST_STEP][PASSED] - delay: Delayed 2 second(s)

2018-11-08 15:38:51 - [MESSAGE][PASSED] - Delayed 2 second(s)

2018-11-08 15:38:51 - [TEST_STEP][PASSED] - uploadFile: File 'C:\Users\Public\Pictures\Sample Pictures\Act.jpg' sent to object: 'Object Repository/Final Object Repo/New Registration - Registration Module Pages/New Reg - OTC to RO/Special Case - All Related Objects/Uploading Pending Case Action'

2018-11-08 15:38:51 - [MESSAGE][PASSED] - File 'C:\Users\Public\Pictures\Sample Pictures\Act.jpg' sent to object: 'Object Repository/Final Object Repo/New Registration - Registration Module Pages/New Reg - OTC to RO/Special Case - All Related Objects/Uploading Pending Case Action'

2018-11-08 15:38:51 - [TEST_STEP][PASSED] - click: Object: 'Object Repository/Final Object Repo/New Registration - Registration Module Pages/New Reg - OTC to RO/Special Case - All Related Objects/Inner form Add Document Button Pending Case' is clicked on

2018-11-08 15:38:57 - [MESSAGE][PASSED] - Object: 'Object Repository/Final Object Repo/New Registration - Registration Module Pages/New Reg - OTC to RO/Special Case - All Related Objects/Inner form Add Document Button Pending Case' is clicked on

2018-11-08 15:38:57 - [TEST_STEP][PASSED] - click: Object: 'Object Repository/Final Object Repo/New Registration - Registration Module Pages/New Reg - OTC to RO/Special Case - All Related Objects/Pending Case Exit' is clicked on

2018-11-08 15:38:58 - [MESSAGE][PASSED] - Object: 'Object Repository/Final Object Repo/New Registration - Registration Module Pages/New Reg - OTC to RO/Special Case - All Related Objects/Pending Case Exit' is clicked on

2018-11-08 15:38:58 - [TEST_STEP][PASSED] - callTestCase: Call Test Case 'Test Cases/Final Aug 2018 - PKS Automation/Registration Module/Log Out/log out avoiding katalon tagging' successfully

2018-11-08 15:38:58 - [TEST_CASE][PASSED] - Test Cases/Final Aug 2018 - PKS Automation/Registration Module/Log Out/log out avoiding katalon tagging: Test Cases/Final Aug 2018 - PKS Automation/Registration Module/Log Out/log out avoiding katalon tagging

2018-11-08 15:38:58 - [TEST_STEP][PASSED] - navigateToUrl: Navigate to 'https://assist2-uat.perkeso.gov.my/c/portal/logout' successfully

2018-11-08 15:39:00 - [MESSAGE][PASSED] - Navigate to 'https://assist2-uat.perkeso.gov.my/c/portal/logout' successfully

2018-11-08 15:39:00 - [MESSAGE][PASSED] - Call Test Case 'Test Cases/Final Aug 2018 - PKS Automation/Registration Module/Log Out/log out avoiding katalon tagging' successfully

2018-11-08 15:39:00 - [TEST_STEP][PASSED] - delay: Delayed 2 second(s)

2018-11-08 15:39:02 - [MESSAGE][PASSED] - Delayed 2 second(s)

2018-11-08 15:39:02 - [TEST_STEP][PASSED] - callTestCase: Call Test Case 'Test Cases/Final Aug 2018 - PKS Automation/Common/Workflow Owner Finder' successfully

2018-11-08 15:39:02 - [TEST_CASE][PASSED] - Test Cases/Final Aug 2018 - PKS Automation/Common/Workflow Owner Finder: Test Cases/Final Aug 2018 - PKS Automation/Common/Workflow Owner Finder

2018-11-08 15:39:02 - [TEST_STEP][PASSED] - openBrowser: Browser is opened with url: ''

2018-11-08 15:39:02 - [MESSAGE][WARNING] - A browser is already opened. Closing browser and opening a new one

2018-11-08 15:39:10 - [MESSAGE][PASSED] - Browser is opened with url: ''

2018-11-08 15:39:10 - [TEST_STEP][PASSED] - navigateToUrl: Navigate to 'https://assist2-uat.perkeso.gov.my/login' successfully

2018-11-08 15:39:13 - [MESSAGE][PASSED] - Navigate to 'https://assist2-uat.perkeso.gov.my/login' successfully

2018-11-08 15:39:13 - [TEST_STEP][PASSED] - delay: Delayed 5 second(s)

2018-11-08 15:39:18 - [MESSAGE][PASSED] - Delayed 5 second(s)

2018-11-08 15:39:18 - [TEST_STEP][PASSED] - setText: Text 'test@liferay.com' is set on object 'Object Repository/Final Object Repo/Login Page/Internal User/Email Address'

2018-11-08 15:39:18 - [MESSAGE][PASSED] - Text 'test@liferay.com' is set on object 'Object Repository/Final Object Repo/Login Page/Internal User/Email Address'

2018-11-08 15:39:18 - [TEST_STEP][PASSED] - click: Object: 'Object Repository/Final Object Repo/Login Page/Internal User/Next Button' is clicked on

2018-11-08 15:39:18 - [MESSAGE][PASSED] - Object: 'Object Repository/Final Object Repo/Login Page/Internal User/Next Button' is clicked on

2018-11-08 15:39:18 - [TEST_STEP][PASSED] - delay: Delayed 2 second(s)

2018-11-08 15:39:20 - [MESSAGE][PASSED] - Delayed 2 second(s)

2018-11-08 15:39:20 - [TEST_STEP][PASSED] - setText: Text 'test' is set on object 'Object Repository/Final Object Repo/Login Page/Internal User/Password'

2018-11-08 15:39:20 - [MESSAGE][PASSED] - Text 'test' is set on object 'Object Repository/Final Object Repo/Login Page/Internal User/Password'

2018-11-08 15:39:20 - [TEST_STEP][PASSED] - delay: Delayed 2 second(s)

2018-11-08 15:39:22 - [MESSAGE][PASSED] - Delayed 2 second(s)

2018-11-08 15:39:22 - [TEST_STEP][PASSED] - click: Object: 'Object Repository/Final Object Repo/Login Page/Internal User/Login Button' is clicked on

2018-11-08 15:39:26 - [MESSAGE][PASSED] - Object: 'Object Repository/Final Object Repo/Login Page/Internal User/Login Button' is clicked on

2018-11-08 15:39:26 - [TEST_STEP][PASSED] - Statement - Try: Delayed 2 second(s)

2018-11-08 15:39:26 - [TEST_STEP][PASSED] - Statement - Checker = false: null

2018-11-08 15:39:26 - [TEST_STEP][PASSED] - Statement - Checker = com.kms.katalon.core.webui.keyword.WebUiBuiltInKeywords.verifyElementHasAttribute(com.kms.katalon.core.testobject.ObjectRepository.findTestObject(Final Object Repo/Landing Page/BM Detecting), "href", 20, OPTIONAL): Object 'Object Repository/Final Object Repo/Landing Page/BM Detecting' has attribute 'href'

2018-11-08 15:39:26 - [MESSAGE][PASSED] - Object 'Object Repository/Final Object Repo/Landing Page/BM Detecting' has attribute 'href'

2018-11-08 15:39:26 - [TEST_STEP][PASSED] - Statement - out.println(Checker): null

2018-11-08 15:39:26 - [TEST_STEP][PASSED] - Statement - If (Checker == false): null

2018-11-08 15:39:26 - [TEST_STEP][PASSED] - Statement - Else: null

2018-11-08 15:39:26 - [TEST_STEP][PASSED] - delay: Delayed 2 second(s)

2018-11-08 15:39:28 - [MESSAGE][PASSED] - Delayed 2 second(s)

2018-11-08 15:39:28 - [TEST_STEP][PASSED] - delay: Delayed 3 second(s)

2018-11-08 15:39:31 - [MESSAGE][PASSED] - Delayed 3 second(s)

2018-11-08 15:39:31 - [TEST_STEP][PASSED] - mouseOver: Object: 'Object Repository/Final Object Repo/Landing Page/WorkFlow Menu' is hovered

2018-11-08 15:39:31 - [MESSAGE][PASSED] - Object: 'Object Repository/Final Object Repo/Landing Page/WorkFlow Menu' is hovered

2018-11-08 15:39:31 - [TEST_STEP][PASSED] - delay: Delayed 2 second(s)

2018-11-08 15:39:33 - [MESSAGE][PASSED] - Delayed 2 second(s)

2018-11-08 15:39:33 - [TEST_STEP][PASSED] - click: Object: 'Object Repository/Final Object Repo/Landing Page/Select to Workflow Listing' is clicked on

2018-11-08 15:39:35 - [MESSAGE][PASSED] - Object: 'Object Repository/Final Object Repo/Landing Page/Select to Workflow Listing' is clicked on

2018-11-08 15:39:35 - [TEST_STEP][PASSED] - delay: Delayed 2 second(s)

2018-11-08 15:39:37 - [MESSAGE][PASSED] - Delayed 2 second(s)

2018-11-08 15:39:37 - [TEST_STEP][PASSED] - click: Object: 'Object Repository/Final Object Repo/WorkFlow Listing Page/Search Information - To Put Ref No' is clicked on

2018-11-08 15:39:37 - [MESSAGE][PASSED] - Object: 'Object Repository/Final Object Repo/WorkFlow Listing Page/Search Information - To Put Ref No' is clicked on

2018-11-08 15:39:37 - [TEST_STEP][PASSED] - delay: Delayed 2 second(s)

2018-11-08 15:39:39 - [MESSAGE][PASSED] - Delayed 2 second(s)

2018-11-08 15:39:39 - [TEST_STEP][PASSED] - callTestCase: Call Test Case 'Test Cases/Final Aug 2018 - PKS Automation/Common/Reference Number Getter' successfully

2018-11-08 15:39:39 - [TEST_CASE][PASSED] - Test Cases/Final Aug 2018 - PKS Automation/Common/Reference Number Getter: Test Cases/Final Aug 2018 - PKS Automation/Common/Reference Number Getter

2018-11-08 15:39:39 - [TEST_STEP][PASSED] - Statement - Try: null

2018-11-08 15:39:39 - [TEST_STEP][PASSED] - Statement - RefNo = new java.io.File(C://KatalonReference.txt): null

2018-11-08 15:39:39 - [TEST_STEP][PASSED] - Statement - bufferread = new java.io.BufferedReader(new java.io.FileReader(RefNo)): null

2018-11-08 15:39:39 - [TEST_STEP][PASSED] - Statement - readedVal = bufferread.readLine(): null

2018-11-08 15:39:39 - [TEST_STEP][PASSED] - Statement - out.println(CaseReferenceNo): null

2018-11-08 15:39:39 - [TEST_STEP][PASSED] - Statement - out.println(readedVal): null

2018-11-08 15:39:39 - [TEST_STEP][PASSED] - Statement - CaseReferenceNo = readedVal: null

2018-11-08 15:39:39 - [MESSAGE][PASSED] - Call Test Case 'Test Cases/Final Aug 2018 - PKS Automation/Common/Reference Number Getter' successfully

2018-11-08 15:39:39 - [TEST_STEP][PASSED] - setText: Text 'CRN11201800122423' is set on object 'Object Repository/Final Object Repo/WorkFlow Listing Page/Ref No Set Text'

2018-11-08 15:39:40 - [MESSAGE][PASSED] - Text 'CRN11201800122423' is set on object 'Object Repository/Final Object Repo/WorkFlow Listing Page/Ref No Set Text'

2018-11-08 15:39:40 - [TEST_STEP][PASSED] - delay: Delayed 2 second(s)

2018-11-08 15:39:42 - [MESSAGE][PASSED] - Delayed 2 second(s)

2018-11-08 15:39:42 - [TEST_STEP][PASSED] - click: Object: 'Object Repository/Final Object Repo/WorkFlow Listing Page/Search Ref No Search Button' is clicked on

2018-11-08 15:39:44 - [MESSAGE][PASSED] - Object: 'Object Repository/Final Object Repo/WorkFlow Listing Page/Search Ref No Search Button' is clicked on

2018-11-08 15:39:44 - [TEST_STEP][PASSED] - delay: Delayed 4 second(s)

2018-11-08 15:39:48 - [MESSAGE][PASSED] - Delayed 4 second(s)

2018-11-08 15:39:48 - [TEST_STEP][PASSED] - click: Object: 'Object Repository/Final Object Repo/WorkFlow Listing Page/Click Continue Tooltip' is clicked on

2018-11-08 15:39:50 - [MESSAGE][PASSED] - Object: 'Object Repository/Final Object Repo/WorkFlow Listing Page/Click Continue Tooltip' is clicked on

2018-11-08 15:39:50 - [TEST_STEP][PASSED] - delay: Delayed 5 second(s)

2018-11-08 15:39:55 - [MESSAGE][PASSED] - Delayed 5 second(s)

2018-11-08 15:39:55 - [TEST_STEP][PASSED] - doubleClick: Object: 'Object Repository/Final Object Repo/WorkFlow Listing Page/Workflow Found - Listing 1' is double clicked on

2018-11-08 15:39:55 - [MESSAGE][PASSED] - Object: 'Object Repository/Final Object Repo/WorkFlow Listing Page/Workflow Found - Listing 1' is double clicked on

2018-11-08 15:39:55 - [TEST_STEP][PASSED] - Statement - println(OwnerID): null

2018-11-08 15:39:55 - [TEST_STEP][PASSED] - Statement - OwnerID = com.kms.katalon.core.webui.keyword.WebUiBuiltInKeywords.getText(com.kms.katalon.core.testobject.ObjectRepository.findTestObject(Final Object Repo/WorkFlow Listing Page/Workflow Found - Listing 1), STOP_ON_FAILURE): Text of object 'Object Repository/Final Object Repo/WorkFlow Listing Page/Workflow Found - Listing 1' is: 'JOHORro3'

2018-11-08 15:39:55 - [MESSAGE][PASSED] - Text of object 'Object Repository/Final Object Repo/WorkFlow Listing Page/Workflow Found - Listing 1' is: 'JOHORro3'

2018-11-08 15:39:55 - [TEST_STEP][PASSED] - Statement - OwnerID = OwnerID.toLowerCase() + "@gmail.com": null

2018-11-08 15:39:55 - [TEST_STEP][PASSED] - Statement - println(OwnerID): null

2018-11-08 15:39:55 - [TEST_STEP][PASSED] - delay: Delayed 2 second(s)

2018-11-08 15:39:57 - [MESSAGE][PASSED] - Delayed 2 second(s)

2018-11-08 15:39:57 - [MESSAGE][PASSED] - Call Test Case 'Test Cases/Final Aug 2018 - PKS Automation/Common/Workflow Owner Finder' successfully

2018-11-08 15:39:57 - [TEST_STEP][PASSED] - callTestCase: Call Test Case 'Test Cases/Final Aug 2018 - PKS Automation/Registration Module/Log Out/log out avoiding katalon tagging' successfully

2018-11-08 15:39:57 - [TEST_CASE][PASSED] - Test Cases/Final Aug 2018 - PKS Automation/Registration Module/Log Out/log out avoiding katalon tagging: Test Cases/Final Aug 2018 - PKS Automation/Registration Module/Log Out/log out avoiding katalon tagging

2018-11-08 15:39:57 - [TEST_STEP][PASSED] - navigateToUrl: Navigate to 'https://assist2-uat.perkeso.gov.my/c/portal/logout' successfully

2018-11-08 15:39:59 - [MESSAGE][PASSED] - Navigate to 'https://assist2-uat.perkeso.gov.my/c/portal/logout' successfully

2018-11-08 15:39:59 - [MESSAGE][PASSED] - Call Test Case 'Test Cases/Final Aug 2018 - PKS Automation/Registration Module/Log Out/log out avoiding katalon tagging' successfully

2018-11-08 15:39:59 - [TEST_STEP][PASSED] - delay: Delayed 2 second(s)

2018-11-08 15:40:01 - [MESSAGE][PASSED] - Delayed 2 second(s)

2018-11-08 15:40:01 - [TEST_STEP][PASSED] - setText: Text 'johorro3@gmail.com' is set on object 'Object Repository/Final Object Repo/Login Page/Internal User/Email Address'

2018-11-08 15:40:01 - [MESSAGE][PASSED] - Text 'johorro3@gmail.com' is set on object 'Object Repository/Final Object Repo/Login Page/Internal User/Email Address'

2018-11-08 15:40:01 - [TEST_STEP][PASSED] - click: Object: 'Object Repository/Final Object Repo/Login Page/Internal User/Next Button' is clicked on

2018-11-08 15:40:01 - [MESSAGE][PASSED] - Object: 'Object Repository/Final Object Repo/Login Page/Internal User/Next Button' is clicked on

2018-11-08 15:40:01 - [TEST_STEP][PASSED] - delay: Delayed 2 second(s)

2018-11-08 15:40:03 - [MESSAGE][PASSED] - Delayed 2 second(s)

2018-11-08 15:40:03 - [TEST_STEP][PASSED] - setText: Text 'Test1@3456789' is set on object 'Object Repository/Final Object Repo/Login Page/Internal User/Password'

2018-11-08 15:40:03 - [MESSAGE][PASSED] - Text 'Test1@3456789' is set on object 'Object Repository/Final Object Repo/Login Page/Internal User/Password'

2018-11-08 15:40:03 - [TEST_STEP][PASSED] - delay: Delayed 2 second(s)

2018-11-08 15:40:05 - [MESSAGE][PASSED] - Delayed 2 second(s)

2018-11-08 15:40:05 - [TEST_STEP][PASSED] - click: Object: 'Object Repository/Final Object Repo/Login Page/Internal User/Login Button' is clicked on

2018-11-08 15:40:08 - [MESSAGE][PASSED] - Object: 'Object Repository/Final Object Repo/Login Page/Internal User/Login Button' is clicked on

2018-11-08 15:40:08 - [TEST_STEP][PASSED] - delay: Delayed 2 second(s)

2018-11-08 15:40:10 - [MESSAGE][PASSED] - Delayed 2 second(s)

2018-11-08 15:40:10 - [TEST_STEP][PASSED] - Statement - Try: null

2018-11-08 15:40:10 - [TEST_STEP][PASSED] - Statement - Checker = com.kms.katalon.core.webui.keyword.WebUiBuiltInKeywords.verifyElementNotPresent("Final Object Repo/Landing Page/Select to English", 3): null

2018-11-08 15:40:10 - [TEST_STEP][PASSED] - Statement - Catch (Exception e): null

2018-11-08 15:40:10 - [TEST_STEP][PASSED] - Statement - e.printStackTrace(): null

2018-11-08 15:40:10 - [TEST_STEP][PASSED] - click: Object: 'Object Repository/Final Object Repo/New Registration - Registration Module Pages/New Reg - OTC to RO/Special Case - All Related Objects/Expand to Search' is clicked on

2018-11-08 15:40:10 - [MESSAGE][PASSED] - Object: 'Object Repository/Final Object Repo/New Registration - Registration Module Pages/New Reg - OTC to RO/Special Case - All Related Objects/Expand to Search' is clicked on

2018-11-08 15:40:10 - [TEST_STEP][PASSED] - callTestCase: Call Test Case 'Test Cases/Final Aug 2018 - PKS Automation/Common/Reference Number Getter' successfully

2018-11-08 15:40:10 - [TEST_CASE][PASSED] - Test Cases/Final Aug 2018 - PKS Automation/Common/Reference Number Getter: Test Cases/Final Aug 2018 - PKS Automation/Common/Reference Number Getter

2018-11-08 15:40:10 - [TEST_STEP][PASSED] - Statement - Try: null

2018-11-08 15:40:10 - [TEST_STEP][PASSED] - Statement - RefNo = new java.io.File(C://KatalonReference.txt): null

2018-11-08 15:40:10 - [TEST_STEP][PASSED] - Statement - bufferread = new java.io.BufferedReader(new java.io.FileReader(RefNo)): null

2018-11-08 15:40:10 - [TEST_STEP][PASSED] - Statement - readedVal = bufferread.readLine(): null

2018-11-08 15:40:10 - [TEST_STEP][PASSED] - Statement - out.println(CaseReferenceNo): null

2018-11-08 15:40:10 - [TEST_STEP][PASSED] - Statement - out.println(readedVal): null

2018-11-08 15:40:10 - [TEST_STEP][PASSED] - Statement - CaseReferenceNo = readedVal: null

2018-11-08 15:40:10 - [MESSAGE][PASSED] - Call Test Case 'Test Cases/Final Aug 2018 - PKS Automation/Common/Reference Number Getter' successfully

2018-11-08 15:40:10 - [TEST_STEP][PASSED] - setText: Text 'CRN11201800122423' is set on object 'Object Repository/Final Object Repo/New Registration - Registration Module Pages/New Reg - OTC to RO/Special Case - All Related Objects/TextBox RefNo in Workbasket'

2018-11-08 15:40:11 - [MESSAGE][PASSED] - Text 'CRN11201800122423' is set on object 'Object Repository/Final Object Repo/New Registration - Registration Module Pages/New Reg - OTC to RO/Special Case - All Related Objects/TextBox RefNo in Workbasket'

2018-11-08 15:40:11 - [TEST_STEP][PASSED] - delay: Delayed 2 second(s)

2018-11-08 15:40:13 - [MESSAGE][PASSED] - Delayed 2 second(s)

2018-11-08 15:40:13 - [TEST_STEP][PASSED] - click: Object: 'Object Repository/Final Object Repo/New Registration - Registration Module Pages/New Reg - OTC to RO/Special Case - All Related Objects/Click Search' is clicked on

2018-11-08 15:40:14 - [MESSAGE][PASSED] - Object: 'Object Repository/Final Object Repo/New Registration - Registration Module Pages/New Reg - OTC to RO/Special Case - All Related Objects/Click Search' is clicked on

2018-11-08 15:40:14 - [TEST_STEP][PASSED] - delay: Delayed 2 second(s)

2018-11-08 15:40:16 - [MESSAGE][PASSED] - Delayed 2 second(s)

2018-11-08 15:40:16 - [TEST_STEP][PASSED] - click: Object: 'Object Repository/Final Object Repo/New Registration - Registration Module Pages/New Reg - OTC to RO/Special Case - All Related Objects/Click to Continue Workflow' is clicked on

2018-11-08 15:40:21 - [MESSAGE][PASSED] - Object: 'Object Repository/Final Object Repo/New Registration - Registration Module Pages/New Reg - OTC to RO/Special Case - All Related Objects/Click to Continue Workflow' is clicked on

2018-11-08 15:40:21 - [TEST_STEP][PASSED] - delay: Delayed 2 second(s)

2018-11-08 15:40:23 - [MESSAGE][PASSED] - Delayed 2 second(s)

2018-11-08 15:40:23 - [TEST_STEP][PASSED] - click: Object: 'Object Repository/Final Object Repo/New Registration - Registration Module Pages/New Reg - OTC to RO/Special Case - All Related Objects/Continue Button in verifying case' is clicked on

2018-11-08 15:40:26 - [MESSAGE][PASSED] - Object: 'Object Repository/Final Object Repo/New Registration - Registration Module Pages/New Reg - OTC to RO/Special Case - All Related Objects/Continue Button in verifying case' is clicked on

2018-11-08 15:40:26 - [TEST_STEP][PASSED] - delay: Delayed 2 second(s)

2018-11-08 15:40:28 - [MESSAGE][PASSED] - Delayed 2 second(s)

2018-11-08 15:40:28 - [TEST_STEP][PASSED] - click: Object: 'Object Repository/Final Object Repo/New Registration - Registration Module Pages/New Reg - OTC to RO/Special Case - All Related Objects/Form 1 Save n Continue' is clicked on

2018-11-08 15:40:30 - [MESSAGE][PASSED] - Object: 'Object Repository/Final Object Repo/New Registration - Registration Module Pages/New Reg - OTC to RO/Special Case - All Related Objects/Form 1 Save n Continue' is clicked on

2018-11-08 15:40:30 - [TEST_STEP][PASSED] - delay: Delayed 2 second(s)

2018-11-08 15:40:32 - [MESSAGE][PASSED] - Delayed 2 second(s)

2018-11-08 15:40:32 - [TEST_STEP][PASSED] - click: Object: 'Object Repository/Final Object Repo/New Registration - Registration Module Pages/New Reg - OTC to RO/Special Case - All Related Objects/Form 2 Save n Continue' is clicked on

2018-11-08 15:40:34 - [MESSAGE][PASSED] - Object: 'Object Repository/Final Object Repo/New Registration - Registration Module Pages/New Reg - OTC to RO/Special Case - All Related Objects/Form 2 Save n Continue' is clicked on

2018-11-08 15:40:34 - [TEST_STEP][PASSED] - delay: Delayed 2 second(s)

2018-11-08 15:40:36 - [MESSAGE][PASSED] - Delayed 2 second(s)

2018-11-08 15:40:36 - [TEST_STEP][PASSED] - click: Object: 'Object Repository/Final Object Repo/New Registration - Registration Module Pages/New Reg - OTC to RO/Special Case - All Related Objects/Third Screen Save n Continue' is clicked on

2018-11-08 15:40:42 - [MESSAGE][PASSED] - Object: 'Object Repository/Final Object Repo/New Registration - Registration Module Pages/New Reg - OTC to RO/Special Case - All Related Objects/Third Screen Save n Continue' is clicked on

2018-11-08 15:40:42 - [TEST_STEP][PASSED] - delay: Delayed 5 second(s)

2018-11-08 15:40:47 - [MESSAGE][PASSED] - Delayed 5 second(s)

2018-11-08 15:40:47 - [TEST_STEP][PASSED] - click: Object: 'Object Repository/Final Object Repo/New Registration - Registration Module Pages/New Reg - OTC to RO/Special Case - All Related Objects/Upload Doc Page Save n Continue' is clicked on

2018-11-08 15:40:48 - [MESSAGE][PASSED] - Object: 'Object Repository/Final Object Repo/New Registration - Registration Module Pages/New Reg - OTC to RO/Special Case - All Related Objects/Upload Doc Page Save n Continue' is clicked on

2018-11-08 15:40:48 - [TEST_STEP][PASSED] - delay: Delayed 5 second(s)

2018-11-08 15:40:53 - [MESSAGE][PASSED] - Delayed 5 second(s)

2018-11-08 15:40:53 - [TEST_STEP][PASSED] - callTestCase: Call Test Case 'Test Cases/Final Aug 2018 - PKS Automation/Registration Module/New Registration/Submit and Screenshot/Submit Registration and Screenshot' successfully

2018-11-08 15:40:53 - [TEST_CASE][PASSED] - Test Cases/Final Aug 2018 - PKS Automation/Registration Module/New Registration/Submit and Screenshot/Submit Registration and Screenshot: Test Cases/Final Aug 2018 - PKS Automation/Registration Module/New Registration/Submit and Screenshot/Submit Registration and Screenshot

2018-11-08 15:40:53 - [TEST_STEP][PASSED] - delay: Delayed 6 second(s)

2018-11-08 15:40:59 - [MESSAGE][PASSED] - Delayed 6 second(s)

2018-11-08 15:40:59 - [TEST_STEP][PASSED] - click: Object: 'Object Repository/Final Object Repo/New Registration - Registration Module Pages/Third Screen - Upload Supporting Doc- Preview/Preview Submit Button' is clicked on

2018-11-08 15:40:59 - [MESSAGE][PASSED] - Object: 'Object Repository/Final Object Repo/New Registration - Registration Module Pages/Third Screen - Upload Supporting Doc- Preview/Preview Submit Button' is clicked on

2018-11-08 15:40:59 - [TEST_STEP][PASSED] - delay: Delayed 2 second(s)

2018-11-08 15:41:01 - [MESSAGE][PASSED] - Delayed 2 second(s)

2018-11-08 15:41:01 - [TEST_STEP][PASSED] - click: Object: 'Object Repository/Final Object Repo/New Registration - Registration Module Pages/Third Screen - Upload Supporting Doc- Preview/Preview Submit - Confirm' is clicked on

2018-11-08 15:41:02 - [MESSAGE][PASSED] - Object: 'Object Repository/Final Object Repo/New Registration - Registration Module Pages/Third Screen - Upload Supporting Doc- Preview/Preview Submit - Confirm' is clicked on

2018-11-08 15:41:02 - [TEST_STEP][PASSED] - delay: Delayed 15 second(s)

2018-11-08 15:41:17 - [MESSAGE][PASSED] - Delayed 15 second(s)

2018-11-08 15:41:17 - [TEST_STEP][PASSED] - Statement - driver = com.kms.katalon.core.webui.driver.DriverFactory.getWebDriver(): null

2018-11-08 15:41:17 - [TEST_STEP][PASSED] - Statement - driver.manage().timeouts().implicitlyWait(10, SECONDS): null

2018-11-08 15:41:17 - [TEST_STEP][PASSED] - Statement - PresavePath = KatalonScreenshots: null

2018-11-08 15:41:17 - [TEST_STEP][PASSED] - Statement - pathPrefix = "C:\Users\Public\Pictures\Sample Pictures\Katalon Screenshots\Automate Ending Screen": null

2018-11-08 15:41:17 - [TEST_STEP][PASSED] - Statement - finalPath = <not implemented yet for class: org.codehaus.groovy.ast.expr.EmptyExpression>: null

2018-11-08 15:41:17 - [TEST_STEP][PASSED] - Statement - scrFile = driver.getScreenshotAs(FILE): null

2018-11-08 15:41:17 - [TEST_STEP][PASSED] - Statement - PreSaveFile = new java.io.File(PresavePath): null

2018-11-08 15:41:17 - [TEST_STEP][PASSED] - Statement - counter = 0: null

2018-11-08 15:41:17 - [TEST_STEP][PASSED] - Statement - If (PreSaveFile.exists()): null

2018-11-08 15:41:17 - [TEST_STEP][PASSED] - Statement - While (PreSaveFile.exists()): null

2018-11-08 15:41:17 - [TEST_STEP][PASSED] - Statement - counter = counter + 1: null

2018-11-08 15:41:17 - [TEST_STEP][PASSED] - Statement - PreSaveFile = new java.io.File(((pathPrefix + java.lang.Integer.toString(counter)) + .png)): null

2018-11-08 15:41:17 - [TEST_STEP][PASSED] - Statement - counter = counter + 1: null

2018-11-08 15:41:17 - [TEST_STEP][PASSED] - Statement - PreSaveFile = new java.io.File(((pathPrefix + java.lang.Integer.toString(counter)) + .png)): null

2018-11-08 15:41:17 - [TEST_STEP][PASSED] - Statement - counter = counter + 1: null

2018-11-08 15:41:17 - [TEST_STEP][PASSED] - Statement - PreSaveFile = new java.io.File(((pathPrefix + java.lang.Integer.toString(counter)) + .png)): null

2018-11-08 15:41:17 - [TEST_STEP][PASSED] - Statement - counter = counter + 1: null

2018-11-08 15:41:17 - [TEST_STEP][PASSED] - Statement - PreSaveFile = new java.io.File(((pathPrefix + java.lang.Integer.toString(counter)) + .png)): null

2018-11-08 15:41:17 - [TEST_STEP][PASSED] - Statement - counter = counter + 1: null

2018-11-08 15:41:17 - [TEST_STEP][PASSED] - Statement - PreSaveFile = new java.io.File(((pathPrefix + java.lang.Integer.toString(counter)) + .png)): null

2018-11-08 15:41:17 - [TEST_STEP][PASSED] - Statement - counter = counter + 1: null

2018-11-08 15:41:17 - [TEST_STEP][PASSED] - Statement - PreSaveFile = new java.io.File(((pathPrefix + java.lang.Integer.toString(counter)) + .png)): null

2018-11-08 15:41:17 - [TEST_STEP][PASSED] - Statement - counter = counter + 1: null

2018-11-08 15:41:17 - [TEST_STEP][PASSED] - Statement - PreSaveFile = new java.io.File(((pathPrefix + java.lang.Integer.toString(counter)) + .png)): null

2018-11-08 15:41:17 - [TEST_STEP][PASSED] - Statement - counter = counter + 1: null

2018-11-08 15:41:17 - [TEST_STEP][PASSED] - Statement - PreSaveFile = new java.io.File(((pathPrefix + java.lang.Integer.toString(counter)) + .png)): null

2018-11-08 15:41:17 - [TEST_STEP][PASSED] - Statement - counter = counter + 1: null

2018-11-08 15:41:17 - [TEST_STEP][PASSED] - Statement - PreSaveFile = new java.io.File(((pathPrefix + java.lang.Integer.toString(counter)) + .png)): null

2018-11-08 15:41:17 - [TEST_STEP][PASSED] - Statement - counter = counter + 1: null

2018-11-08 15:41:17 - [TEST_STEP][PASSED] - Statement - PreSaveFile = new java.io.File(((pathPrefix + java.lang.Integer.toString(counter)) + .png)): null

2018-11-08 15:41:17 - [TEST_STEP][PASSED] - Statement - counter = counter + 1: null

2018-11-08 15:41:17 - [TEST_STEP][PASSED] - Statement - PreSaveFile = new java.io.File(((pathPrefix + java.lang.Integer.toString(counter)) + .png)): null

2018-11-08 15:41:17 - [TEST_STEP][PASSED] - Statement - counter = counter + 1: null

2018-11-08 15:41:17 - [TEST_STEP][PASSED] - Statement - PreSaveFile = new java.io.File(((pathPrefix + java.lang.Integer.toString(counter)) + .png)): null

2018-11-08 15:41:17 - [TEST_STEP][PASSED] - Statement - counter = counter + 1: null

2018-11-08 15:41:17 - [TEST_STEP][PASSED] - Statement - PreSaveFile = new java.io.File(((pathPrefix + java.lang.Integer.toString(counter)) + .png)): null

2018-11-08 15:41:17 - [TEST_STEP][PASSED] - Statement - counter = counter + 1: null

2018-11-08 15:41:17 - [TEST_STEP][PASSED] - Statement - PreSaveFile = new java.io.File(((pathPrefix + java.lang.Integer.toString(counter)) + .png)): null

2018-11-08 15:41:17 - [TEST_STEP][PASSED] - Statement - counter = counter + 1: null

2018-11-08 15:41:17 - [TEST_STEP][PASSED] - Statement - PreSaveFile = new java.io.File(((pathPrefix + java.lang.Integer.toString(counter)) + .png)): null

2018-11-08 15:41:17 - [TEST_STEP][PASSED] - Statement - counter = counter + 1: null

2018-11-08 15:41:17 - [TEST_STEP][PASSED] - Statement - PreSaveFile = new java.io.File(((pathPrefix + java.lang.Integer.toString(counter)) + .png)): null

2018-11-08 15:41:17 - [TEST_STEP][PASSED] - Statement - counter = counter + 1: null

2018-11-08 15:41:17 - [TEST_STEP][PASSED] - Statement - PreSaveFile = new java.io.File(((pathPrefix + java.lang.Integer.toString(counter)) + .png)): null

2018-11-08 15:41:17 - [TEST_STEP][PASSED] - Statement - counter = counter + 1: null

2018-11-08 15:41:17 - [TEST_STEP][PASSED] - Statement - PreSaveFile = new java.io.File(((pathPrefix + java.lang.Integer.toString(counter)) + .png)): null

2018-11-08 15:41:17 - [TEST_STEP][PASSED] - Statement - counter = counter + 1: null

2018-11-08 15:41:17 - [TEST_STEP][PASSED] - Statement - PreSaveFile = new java.io.File(((pathPrefix + java.lang.Integer.toString(counter)) + .png)): null

2018-11-08 15:41:17 - [TEST_STEP][PASSED] - Statement - counter = counter + 1: null

2018-11-08 15:41:17 - [TEST_STEP][PASSED] - Statement - PreSaveFile = new java.io.File(((pathPrefix + java.lang.Integer.toString(counter)) + .png)): null

2018-11-08 15:41:17 - [TEST_STEP][PASSED] - Statement - counter = counter + 1: null

2018-11-08 15:41:17 - [TEST_STEP][PASSED] - Statement - PreSaveFile = new java.io.File(((pathPrefix + java.lang.Integer.toString(counter)) + .png)): null

2018-11-08 15:41:18 - [TEST_STEP][PASSED] - Statement - counter = counter + 1: null

2018-11-08 15:41:18 - [TEST_STEP][PASSED] - Statement - PreSaveFile = new java.io.File(((pathPrefix + java.lang.Integer.toString(counter)) + .png)): null

2018-11-08 15:41:18 - [TEST_STEP][PASSED] - Statement - counter = counter + 1: null

2018-11-08 15:41:18 - [TEST_STEP][PASSED] - Statement - PreSaveFile = new java.io.File(((pathPrefix + java.lang.Integer.toString(counter)) + .png)): null

2018-11-08 15:41:18 - [TEST_STEP][PASSED] - Statement - counter = counter + 1: null

2018-11-08 15:41:18 - [TEST_STEP][PASSED] - Statement - PreSaveFile = new java.io.File(((pathPrefix + java.lang.Integer.toString(counter)) + .png)): null

2018-11-08 15:41:18 - [TEST_STEP][PASSED] - Statement - counter = counter + 1: null

2018-11-08 15:41:18 - [TEST_STEP][PASSED] - Statement - PreSaveFile = new java.io.File(((pathPrefix + java.lang.Integer.toString(counter)) + .png)): null

2018-11-08 15:41:18 - [TEST_STEP][PASSED] - Statement - counter = counter + 1: null

2018-11-08 15:41:18 - [TEST_STEP][PASSED] - Statement - PreSaveFile = new java.io.File(((pathPrefix + java.lang.Integer.toString(counter)) + .png)): null

2018-11-08 15:41:18 - [TEST_STEP][PASSED] - Statement - counter = counter + 1: null

2018-11-08 15:41:18 - [TEST_STEP][PASSED] - Statement - PreSaveFile = new java.io.File(((pathPrefix + java.lang.Integer.toString(counter)) + .png)): null

2018-11-08 15:41:18 - [TEST_STEP][PASSED] - Statement - counter = counter + 1: null

2018-11-08 15:41:18 - [TEST_STEP][PASSED] - Statement - PreSaveFile = new java.io.File(((pathPrefix + java.lang.Integer.toString(counter)) + .png)): null

2018-11-08 15:41:18 - [TEST_STEP][PASSED] - Statement - counter = counter + 1: null

2018-11-08 15:41:18 - [TEST_STEP][PASSED] - Statement - PreSaveFile = new java.io.File(((pathPrefix + java.lang.Integer.toString(counter)) + .png)): null

2018-11-08 15:41:18 - [TEST_STEP][PASSED] - Statement - counter = counter + 1: null

2018-11-08 15:41:18 - [TEST_STEP][PASSED] - Statement - PreSaveFile = new java.io.File(((pathPrefix + java.lang.Integer.toString(counter)) + .png)): null

2018-11-08 15:41:18 - [TEST_STEP][PASSED] - Statement - counter = counter + 1: null

2018-11-08 15:41:18 - [TEST_STEP][PASSED] - Statement - PreSaveFile = new java.io.File(((pathPrefix + java.lang.Integer.toString(counter)) + .png)): null

2018-11-08 15:41:18 - [TEST_STEP][PASSED] - Statement - counter = counter + 1: null

2018-11-08 15:41:18 - [TEST_STEP][PASSED] - Statement - PreSaveFile = new java.io.File(((pathPrefix + java.lang.Integer.toString(counter)) + .png)): null

2018-11-08 15:41:18 - [TEST_STEP][PASSED] - Statement - counter = counter + 1: null

2018-11-08 15:41:18 - [TEST_STEP][PASSED] - Statement - PreSaveFile = new java.io.File(((pathPrefix + java.lang.Integer.toString(counter)) + .png)): null

2018-11-08 15:41:18 - [TEST_STEP][PASSED] - Statement - counter = counter + 1: null

2018-11-08 15:41:19 - [TEST_STEP][PASSED] - Statement - PreSaveFile = new java.io.File(((pathPrefix + java.lang.Integer.toString(counter)) + .png)): null

2018-11-08 15:41:19 - [TEST_STEP][PASSED] - Statement - counter = counter + 1: null

2018-11-08 15:41:19 - [TEST_STEP][PASSED] - Statement - PreSaveFile = new java.io.File(((pathPrefix + java.lang.Integer.toString(counter)) + .png)): null

2018-11-08 15:41:19 - [TEST_STEP][PASSED] - Statement - counter = counter + 1: null

2018-11-08 15:41:19 - [TEST_STEP][PASSED] - Statement - PreSaveFile = new java.io.File(((pathPrefix + java.lang.Integer.toString(counter)) + .png)): null

2018-11-08 15:41:19 - [TEST_STEP][PASSED] - Statement - counter = counter + 1: null

2018-11-08 15:41:19 - [TEST_STEP][PASSED] - Statement - PreSaveFile = new java.io.File(((pathPrefix + java.lang.Integer.toString(counter)) + .png)): null

2018-11-08 15:41:19 - [TEST_STEP][PASSED] - Statement - counter = counter + 1: null

2018-11-08 15:41:19 - [TEST_STEP][PASSED] - Statement - PreSaveFile = new java.io.File(((pathPrefix + java.lang.Integer.toString(counter)) + .png)): null

2018-11-08 15:41:19 - [TEST_STEP][PASSED] - Statement - counter = counter + 1: null

2018-11-08 15:41:19 - [TEST_STEP][PASSED] - Statement - PreSaveFile = new java.io.File(((pathPrefix + java.lang.Integer.toString(counter)) + .png)): null

2018-11-08 15:41:19 - [TEST_STEP][PASSED] - Statement - counter = counter + 1: null

2018-11-08 15:41:19 - [TEST_STEP][PASSED] - Statement - PreSaveFile = new java.io.File(((pathPrefix + java.lang.Integer.toString(counter)) + .png)): null

2018-11-08 15:41:19 - [TEST_STEP][PASSED] - Statement - counter = counter + 1: null

2018-11-08 15:41:20 - [TEST_STEP][PASSED] - Statement - PreSaveFile = new java.io.File(((pathPrefix + java.lang.Integer.toString(counter)) + .png)): null

2018-11-08 15:41:20 - [TEST_STEP][PASSED] - Statement - counter = counter + 1: null

2018-11-08 15:41:20 - [TEST_STEP][PASSED] - Statement - PreSaveFile = new java.io.File(((pathPrefix + java.lang.Integer.toString(counter)) + .png)): null

2018-11-08 15:41:20 - [TEST_STEP][PASSED] - Statement - counter = counter + 1: null

2018-11-08 15:41:20 - [TEST_STEP][PASSED] - Statement - PreSaveFile = new java.io.File(((pathPrefix + java.lang.Integer.toString(counter)) + .png)): null

2018-11-08 15:41:20 - [TEST_STEP][PASSED] - Statement - counter = counter + 1: null

2018-11-08 15:41:20 - [TEST_STEP][PASSED] - Statement - PreSaveFile = new java.io.File(((pathPrefix + java.lang.Integer.toString(counter)) + .png)): null

2018-11-08 15:41:20 - [TEST_STEP][PASSED] - Statement - counter = counter + 1: null

2018-11-08 15:41:20 - [TEST_STEP][PASSED] - Statement - PreSaveFile = new java.io.File(((pathPrefix + java.lang.Integer.toString(counter)) + .png)): null

2018-11-08 15:41:20 - [TEST_STEP][PASSED] - Statement - counter = counter + 1: null

2018-11-08 15:41:20 - [TEST_STEP][PASSED] - Statement - PreSaveFile = new java.io.File(((pathPrefix + java.lang.Integer.toString(counter)) + .png)): null

2018-11-08 15:41:20 - [TEST_STEP][PASSED] - Statement - counter = counter + 1: null

2018-11-08 15:41:20 - [TEST_STEP][PASSED] - Statement - PreSaveFile = new java.io.File(((pathPrefix + java.lang.Integer.toString(counter)) + .png)): null

2018-11-08 15:41:20 - [TEST_STEP][PASSED] - Statement - counter = counter + 1: null

2018-11-08 15:41:20 - [TEST_STEP][PASSED] - Statement - PreSaveFile = new java.io.File(((pathPrefix + java.lang.Integer.toString(counter)) + .png)): null

2018-11-08 15:41:20 - [TEST_STEP][PASSED] - Statement - counter = counter + 1: null

2018-11-08 15:41:20 - [TEST_STEP][PASSED] - Statement - PreSaveFile = new java.io.File(((pathPrefix + java.lang.Integer.toString(counter)) + .png)): null

2018-11-08 15:41:20 - [TEST_STEP][PASSED] - Statement - counter = counter + 1: null

2018-11-08 15:41:20 - [TEST_STEP][PASSED] - Statement - PreSaveFile = new java.io.File(((pathPrefix + java.lang.Integer.toString(counter)) + .png)): null

2018-11-08 15:41:20 - [TEST_STEP][PASSED] - Statement - counter = counter + 1: null

2018-11-08 15:41:20 - [TEST_STEP][PASSED] - Statement - PreSaveFile = new java.io.File(((pathPrefix + java.lang.Integer.toString(counter)) + .png)): null

2018-11-08 15:41:20 - [TEST_STEP][PASSED] - Statement - counter = counter + 1: null

2018-11-08 15:41:20 - [TEST_STEP][PASSED] - Statement - PreSaveFile = new java.io.File(((pathPrefix + java.lang.Integer.toString(counter)) + .png)): null

2018-11-08 15:41:20 - [TEST_STEP][PASSED] - Statement - counter = counter + 1: null

2018-11-08 15:41:20 - [TEST_STEP][PASSED] - Statement - PreSaveFile = new java.io.File(((pathPrefix + java.lang.Integer.toString(counter)) + .png)): null

2018-11-08 15:41:20 - [TEST_STEP][PASSED] - Statement - counter = counter + 1: null

2018-11-08 15:41:21 - [TEST_STEP][PASSED] - Statement - PreSaveFile = new java.io.File(((pathPrefix + java.lang.Integer.toString(counter)) + .png)): null

2018-11-08 15:41:21 - [TEST_STEP][PASSED] - Statement - counter = counter + 1: null

2018-11-08 15:41:21 - [TEST_STEP][PASSED] - Statement - PreSaveFile = new java.io.File(((pathPrefix + java.lang.Integer.toString(counter)) + .png)): null

2018-11-08 15:41:21 - [TEST_STEP][PASSED] - Statement - counter = counter + 1: null

2018-11-08 15:41:21 - [TEST_STEP][PASSED] - Statement - PreSaveFile = new java.io.File(((pathPrefix + java.lang.Integer.toString(counter)) + .png)): null

2018-11-08 15:41:21 - [TEST_STEP][PASSED] - Statement - counter = counter + 1: null

2018-11-08 15:41:21 - [TEST_STEP][PASSED] - Statement - PreSaveFile = new java.io.File(((pathPrefix + java.lang.Integer.toString(counter)) + .png)): null

2018-11-08 15:41:21 - [TEST_STEP][PASSED] - Statement - counter = counter + 1: null

2018-11-08 15:41:21 - [TEST_STEP][PASSED] - Statement - PreSaveFile = new java.io.File(((pathPrefix + java.lang.Integer.toString(counter)) + .png)): null

2018-11-08 15:41:22 - [TEST_STEP][PASSED] - Statement - counter = counter + 1: null

2018-11-08 15:41:22 - [TEST_STEP][PASSED] - Statement - PreSaveFile = new java.io.File(((pathPrefix + java.lang.Integer.toString(counter)) + .png)): null

2018-11-08 15:41:22 - [TEST_STEP][PASSED] - Statement - counter = counter + 1: null

2018-11-08 15:41:22 - [TEST_STEP][PASSED] - Statement - PreSaveFile = new java.io.File(((pathPrefix + java.lang.Integer.toString(counter)) + .png)): null

2018-11-08 15:41:22 - [TEST_STEP][PASSED] - Statement - counter = counter + 1: null

2018-11-08 15:41:22 - [TEST_STEP][PASSED] - Statement - PreSaveFile = new java.io.File(((pathPrefix + java.lang.Integer.toString(counter)) + .png)): null

2018-11-08 15:41:22 - [TEST_STEP][PASSED] - Statement - counter = counter + 1: null

2018-11-08 15:41:22 - [TEST_STEP][PASSED] - Statement - PreSaveFile = new java.io.File(((pathPrefix + java.lang.Integer.toString(counter)) + .png)): null

2018-11-08 15:41:22 - [TEST_STEP][PASSED] - Statement - counter = counter + 1: null

2018-11-08 15:41:23 - [TEST_STEP][PASSED] - Statement - PreSaveFile = new java.io.File(((pathPrefix + java.lang.Integer.toString(counter)) + .png)): null

2018-11-08 15:41:23 - [TEST_STEP][PASSED] - Statement - counter = counter + 1: null

2018-11-08 15:41:23 - [TEST_STEP][PASSED] - Statement - PreSaveFile = new java.io.File(((pathPrefix + java.lang.Integer.toString(counter)) + .png)): null

2018-11-08 15:41:23 - [TEST_STEP][PASSED] - Statement - counter = counter + 1: null

2018-11-08 15:41:23 - [TEST_STEP][PASSED] - Statement - PreSaveFile = new java.io.File(((pathPrefix + java.lang.Integer.toString(counter)) + .png)): null

2018-11-08 15:41:23 - [TEST_STEP][PASSED] - Statement - counter = counter + 1: null

2018-11-08 15:41:23 - [TEST_STEP][PASSED] - Statement - PreSaveFile = new java.io.File(((pathPrefix + java.lang.Integer.toString(counter)) + .png)): null

2018-11-08 15:41:23 - [TEST_STEP][PASSED] - Statement - counter = counter + 1: null

2018-11-08 15:41:23 - [TEST_STEP][PASSED] - Statement - PreSaveFile = new java.io.File(((pathPrefix + java.lang.Integer.toString(counter)) + .png)): null

2018-11-08 15:41:23 - [TEST_STEP][PASSED] - Statement - counter = counter + 1: null

2018-11-08 15:41:23 - [TEST_STEP][PASSED] - Statement - PreSaveFile = new java.io.File(((pathPrefix + java.lang.Integer.toString(counter)) + .png)): null

2018-11-08 15:41:23 - [TEST_STEP][PASSED] - Statement - counter = counter + 1: null

2018-11-08 15:41:23 - [TEST_STEP][PASSED] - Statement - PreSaveFile = new java.io.File(((pathPrefix + java.lang.Integer.toString(counter)) + .png)): null

2018-11-08 15:41:23 - [TEST_STEP][PASSED] - Statement - counter = counter + 1: null

2018-11-08 15:41:24 - [TEST_STEP][PASSED] - Statement - PreSaveFile = new java.io.File(((pathPrefix + java.lang.Integer.toString(counter)) + .png)): null

2018-11-08 15:41:24 - [TEST_STEP][PASSED] - Statement - counter = counter + 1: null

2018-11-08 15:41:24 - [TEST_STEP][PASSED] - Statement - PreSaveFile = new java.io.File(((pathPrefix + java.lang.Integer.toString(counter)) + .png)): null

2018-11-08 15:41:24 - [TEST_STEP][PASSED] - Statement - counter = counter + 1: null

2018-11-08 15:41:24 - [TEST_STEP][PASSED] - Statement - PreSaveFile = new java.io.File(((pathPrefix + java.lang.Integer.toString(counter)) + .png)): null

2018-11-08 15:41:24 - [TEST_STEP][PASSED] - Statement - counter = counter + 1: null

2018-11-08 15:41:24 - [TEST_STEP][PASSED] - Statement - PreSaveFile = new java.io.File(((pathPrefix + java.lang.Integer.toString(counter)) + .png)): null

2018-11-08 15:41:24 - [TEST_STEP][PASSED] - Statement - counter = counter + 1: null

2018-11-08 15:41:24 - [TEST_STEP][PASSED] - Statement - PreSaveFile = new java.io.File(((pathPrefix + java.lang.Integer.toString(counter)) + .png)): null

2018-11-08 15:41:24 - [TEST_STEP][PASSED] - Statement - counter = counter + 1: null

2018-11-08 15:41:24 - [TEST_STEP][PASSED] - Statement - PreSaveFile = new java.io.File(((pathPrefix + java.lang.Integer.toString(counter)) + .png)): null

2018-11-08 15:41:24 - [TEST_STEP][PASSED] - Statement - counter = counter + 1: null

2018-11-08 15:41:24 - [TEST_STEP][PASSED] - Statement - PreSaveFile = new java.io.File(((pathPrefix + java.lang.Integer.toString(counter)) + .png)): null

2018-11-08 15:41:24 - [TEST_STEP][PASSED] - Statement - counter = counter + 1: null

2018-11-08 15:41:24 - [TEST_STEP][PASSED] - Statement - PreSaveFile = new java.io.File(((pathPrefix + java.lang.Integer.toString(counter)) + .png)): null

2018-11-08 15:41:24 - [TEST_STEP][PASSED] - Statement - counter = counter + 1: null

2018-11-08 15:41:24 - [TEST_STEP][PASSED] - Statement - PreSaveFile = new java.io.File(((pathPrefix + java.lang.Integer.toString(counter)) + .png)): null

2018-11-08 15:41:24 - [TEST_STEP][PASSED] - Statement - counter = counter + 1: null

2018-11-08 15:41:24 - [TEST_STEP][PASSED] - Statement - PreSaveFile = new java.io.File(((pathPrefix + java.lang.Integer.toString(counter)) + .png)): null

2018-11-08 15:41:25 - [TEST_STEP][PASSED] - Statement - counter = counter + 1: null

2018-11-08 15:41:25 - [TEST_STEP][PASSED] - Statement - PreSaveFile = new java.io.File(((pathPrefix + java.lang.Integer.toString(counter)) + .png)): null

2018-11-08 15:41:25 - [TEST_STEP][PASSED] - Statement - counter = counter + 1: null

2018-11-08 15:41:25 - [TEST_STEP][PASSED] - Statement - PreSaveFile = new java.io.File(((pathPrefix + java.lang.Integer.toString(counter)) + .png)): null

2018-11-08 15:41:25 - [TEST_STEP][PASSED] - Statement - counter = counter + 1: null

2018-11-08 15:41:25 - [TEST_STEP][PASSED] - Statement - PreSaveFile = new java.io.File(((pathPrefix + java.lang.Integer.toString(counter)) + .png)): null

2018-11-08 15:41:25 - [TEST_STEP][PASSED] - Statement - counter = counter + 1: null

2018-11-08 15:41:25 - [TEST_STEP][PASSED] - Statement - PreSaveFile = new java.io.File(((pathPrefix + java.lang.Integer.toString(counter)) + .png)): null

2018-11-08 15:41:25 - [TEST_STEP][PASSED] - Statement - counter = counter + 1: null

2018-11-08 15:41:25 - [TEST_STEP][PASSED] - Statement - PreSaveFile = new java.io.File(((pathPrefix + java.lang.Integer.toString(counter)) + .png)): null

2018-11-08 15:41:25 - [TEST_STEP][PASSED] - Statement - counter = counter + 1: null

2018-11-08 15:41:25 - [TEST_STEP][PASSED] - Statement - PreSaveFile = new java.io.File(((pathPrefix + java.lang.Integer.toString(counter)) + .png)): null

2018-11-08 15:41:25 - [TEST_STEP][PASSED] - Statement - counter = counter + 1: null

2018-11-08 15:41:25 - [TEST_STEP][PASSED] - Statement - PreSaveFile = new java.io.File(((pathPrefix + java.lang.Integer.toString(counter)) + .png)): null

2018-11-08 15:41:26 - [TEST_STEP][PASSED] - Statement - counter = counter + 1: null

2018-11-08 15:41:26 - [TEST_STEP][PASSED] - Statement - PreSaveFile = new java.io.File(((pathPrefix + java.lang.Integer.toString(counter)) + .png)): null

2018-11-08 15:41:26 - [TEST_STEP][PASSED] - Statement - counter = counter + 1: null

2018-11-08 15:41:26 - [TEST_STEP][PASSED] - Statement - PreSaveFile = new java.io.File(((pathPrefix + java.lang.Integer.toString(counter)) + .png)): null

2018-11-08 15:41:26 - [TEST_STEP][PASSED] - Statement - counter = counter + 1: null

2018-11-08 15:41:26 - [TEST_STEP][PASSED] - Statement - PreSaveFile = new java.io.File(((pathPrefix + java.lang.Integer.toString(counter)) + .png)): null

2018-11-08 15:41:26 - [TEST_STEP][PASSED] - Statement - counter = counter + 1: null

2018-11-08 15:41:26 - [TEST_STEP][PASSED] - Statement - PreSaveFile = new java.io.File(((pathPrefix + java.lang.Integer.toString(counter)) + .png)): null

2018-11-08 15:41:26 - [TEST_STEP][PASSED] - Statement - counter = counter + 1: null

2018-11-08 15:41:27 - [TEST_STEP][PASSED] - Statement - PreSaveFile = new java.io.File(((pathPrefix + java.lang.Integer.toString(counter)) + .png)): null

2018-11-08 15:41:27 - [TEST_STEP][PASSED] - Statement - counter = counter + 1: null

2018-11-08 15:41:27 - [TEST_STEP][PASSED] - Statement - PreSaveFile = new java.io.File(((pathPrefix + java.lang.Integer.toString(counter)) + .png)): null

2018-11-08 15:41:27 - [TEST_STEP][PASSED] - Statement - counter = counter + 1: null

2018-11-08 15:41:27 - [TEST_STEP][PASSED] - Statement - PreSaveFile = new java.io.File(((pathPrefix + java.lang.Integer.toString(counter)) + .png)): null

2018-11-08 15:41:27 - [TEST_STEP][PASSED] - Statement - counter = counter + 1: null

2018-11-08 15:41:27 - [TEST_STEP][PASSED] - Statement - PreSaveFile = new java.io.File(((pathPrefix + java.lang.Integer.toString(counter)) + .png)): null

2018-11-08 15:41:27 - [TEST_STEP][PASSED] - Statement - counter = counter + 1: null

2018-11-08 15:41:27 - [TEST_STEP][PASSED] - Statement - PreSaveFile = new java.io.File(((pathPrefix + java.lang.Integer.toString(counter)) + .png)): null

2018-11-08 15:41:27 - [TEST_STEP][PASSED] - Statement - counter = counter + 1: null

2018-11-08 15:41:28 - [TEST_STEP][PASSED] - Statement - PreSaveFile = new java.io.File(((pathPrefix + java.lang.Integer.toString(counter)) + .png)): null

2018-11-08 15:41:28 - [TEST_STEP][PASSED] - Statement - counter = counter + 1: null

2018-11-08 15:41:28 - [TEST_STEP][PASSED] - Statement - PreSaveFile = new java.io.File(((pathPrefix + java.lang.Integer.toString(counter)) + .png)): null

2018-11-08 15:41:28 - [TEST_STEP][PASSED] - Statement - counter = counter + 1: null

2018-11-08 15:41:28 - [TEST_STEP][PASSED] - Statement - PreSaveFile = new java.io.File(((pathPrefix + java.lang.Integer.toString(counter)) + .png)): null

2018-11-08 15:41:28 - [TEST_STEP][PASSED] - Statement - counter = counter + 1: null

2018-11-08 15:41:28 - [TEST_STEP][PASSED] - Statement - PreSaveFile = new java.io.File(((pathPrefix + java.lang.Integer.toString(counter)) + .png)): null

2018-11-08 15:41:28 - [TEST_STEP][PASSED] - Statement - counter = counter + 1: null

2018-11-08 15:41:28 - [TEST_STEP][PASSED] - Statement - PreSaveFile = new java.io.File(((pathPrefix + java.lang.Integer.toString(counter)) + .png)): null

2018-11-08 15:41:28 - [TEST_STEP][PASSED] - Statement - counter = counter + 1: null

2018-11-08 15:41:29 - [TEST_STEP][PASSED] - Statement - PreSaveFile = new java.io.File(((pathPrefix + java.lang.Integer.toString(counter)) + .png)): null

2018-11-08 15:41:29 - [TEST_STEP][PASSED] - Statement - counter = counter + 1: null

2018-11-08 15:41:29 - [TEST_STEP][PASSED] - Statement - PreSaveFile = new java.io.File(((pathPrefix + java.lang.Integer.toString(counter)) + .png)): null

2018-11-08 15:41:29 - [TEST_STEP][PASSED] - Statement - counter = counter + 1: null

2018-11-08 15:41:29 - [TEST_STEP][PASSED] - Statement - PreSaveFile = new java.io.File(((pathPrefix + java.lang.Integer.toString(counter)) + .png)): null

2018-11-08 15:41:29 - [TEST_STEP][PASSED] - Statement - counter = counter + 1: null

2018-11-08 15:41:29 - [TEST_STEP][PASSED] - Statement - PreSaveFile = new java.io.File(((pathPrefix + java.lang.Integer.toString(counter)) + .png)): null

2018-11-08 15:41:29 - [TEST_STEP][PASSED] - Statement - counter = counter + 1: null

2018-11-08 15:41:29 - [TEST_STEP][PASSED] - Statement - PreSaveFile = new java.io.File(((pathPrefix + java.lang.Integer.toString(counter)) + .png)): null

2018-11-08 15:41:29 - [TEST_STEP][PASSED] - Statement - counter = counter + 1: null

2018-11-08 15:41:29 - [TEST_STEP][PASSED] - Statement - PreSaveFile = new java.io.File(((pathPrefix + java.lang.Integer.toString(counter)) + .png)): null

2018-11-08 15:41:29 - [TEST_STEP][PASSED] - Statement - counter = counter + 1: null

2018-11-08 15:41:29 - [TEST_STEP][PASSED] - Statement - PreSaveFile = new java.io.File(((pathPrefix + java.lang.Integer.toString(counter)) + .png)): null

2018-11-08 15:41:30 - [TEST_STEP][PASSED] - Statement - counter = counter + 1: null

2018-11-08 15:41:30 - [TEST_STEP][PASSED] - Statement - PreSaveFile = new java.io.File(((pathPrefix + java.lang.Integer.toString(counter)) + .png)): null

2018-11-08 15:41:30 - [TEST_STEP][PASSED] - Statement - counter = counter + 1: null

2018-11-08 15:41:30 - [TEST_STEP][PASSED] - Statement - PreSaveFile = new java.io.File(((pathPrefix + java.lang.Integer.toString(counter)) + .png)): null

2018-11-08 15:41:30 - [TEST_STEP][PASSED] - Statement - counter = counter + 1: null

2018-11-08 15:41:30 - [TEST_STEP][PASSED] - Statement - PreSaveFile = new java.io.File(((pathPrefix + java.lang.Integer.toString(counter)) + .png)): null

2018-11-08 15:41:30 - [TEST_STEP][PASSED] - Statement - counter = counter + 1: null

2018-11-08 15:41:30 - [TEST_STEP][PASSED] - Statement - PreSaveFile = new java.io.File(((pathPrefix + java.lang.Integer.toString(counter)) + .png)): null

2018-11-08 15:41:30 - [TEST_STEP][PASSED] - Statement - counter = counter + 1: null

2018-11-08 15:41:30 - [TEST_STEP][PASSED] - Statement - PreSaveFile = new java.io.File(((pathPrefix + java.lang.Integer.toString(counter)) + .png)): null

2018-11-08 15:41:30 - [TEST_STEP][PASSED] - Statement - counter = counter + 1: null

2018-11-08 15:41:30 - [TEST_STEP][PASSED] - Statement - PreSaveFile = new java.io.File(((pathPrefix + java.lang.Integer.toString(counter)) + .png)): null

2018-11-08 15:41:30 - [TEST_STEP][PASSED] - Statement - counter = counter + 1: null

2018-11-08 15:41:30 - [TEST_STEP][PASSED] - Statement - PreSaveFile = new java.io.File(((pathPrefix + java.lang.Integer.toString(counter)) + .png)): null

2018-11-08 15:41:30 - [TEST_STEP][PASSED] - Statement - counter = counter + 1: null

2018-11-08 15:41:30 - [TEST_STEP][PASSED] - Statement - PreSaveFile = new java.io.File(((pathPrefix + java.lang.Integer.toString(counter)) + .png)): null

2018-11-08 15:41:30 - [TEST_STEP][PASSED] - Statement - counter = counter + 1: null

2018-11-08 15:41:30 - [TEST_STEP][PASSED] - Statement - PreSaveFile = new java.io.File(((pathPrefix + java.lang.Integer.toString(counter)) + .png)): null

2018-11-08 15:41:30 - [TEST_STEP][PASSED] - Statement - counter = counter + 1: null

2018-11-08 15:41:31 - [TEST_STEP][PASSED] - Statement - PreSaveFile = new java.io.File(((pathPrefix + java.lang.Integer.toString(counter)) + .png)): null

2018-11-08 15:41:31 - [TEST_STEP][PASSED] - Statement - counter = counter + 1: null

2018-11-08 15:41:31 - [TEST_STEP][PASSED] - Statement - PreSaveFile = new java.io.File(((pathPrefix + java.lang.Integer.toString(counter)) + .png)): null

2018-11-08 15:41:31 - [TEST_STEP][PASSED] - Statement - counter = counter + 1: null

2018-11-08 15:41:31 - [TEST_STEP][PASSED] - Statement - PreSaveFile = new java.io.File(((pathPrefix + java.lang.Integer.toString(counter)) + .png)): null

2018-11-08 15:41:31 - [TEST_STEP][PASSED] - Statement - counter = counter + 1: null

2018-11-08 15:41:31 - [TEST_STEP][PASSED] - Statement - PreSaveFile = new java.io.File(((pathPrefix + java.lang.Integer.toString(counter)) + .png)): null

2018-11-08 15:41:31 - [TEST_STEP][PASSED] - Statement - counter = counter + 1: null

2018-11-08 15:41:31 - [TEST_STEP][PASSED] - Statement - PreSaveFile = new java.io.File(((pathPrefix + java.lang.Integer.toString(counter)) + .png)): null

2018-11-08 15:41:31 - [TEST_STEP][PASSED] - Statement - counter = counter + 1: null

2018-11-08 15:41:32 - [TEST_STEP][PASSED] - Statement - PreSaveFile = new java.io.File(((pathPrefix + java.lang.Integer.toString(counter)) + .png)): null

2018-11-08 15:41:32 - [TEST_STEP][PASSED] - Statement - counter = counter + 1: null

2018-11-08 15:41:32 - [TEST_STEP][PASSED] - Statement - PreSaveFile = new java.io.File(((pathPrefix + java.lang.Integer.toString(counter)) + .png)): null

2018-11-08 15:41:32 - [TEST_STEP][PASSED] - Statement - counter = counter + 1: null

2018-11-08 15:41:32 - [TEST_STEP][PASSED] - Statement - PreSaveFile = new java.io.File(((pathPrefix + java.lang.Integer.toString(counter)) + .png)): null

2018-11-08 15:41:32 - [TEST_STEP][PASSED] - Statement - counter = counter + 1: null

2018-11-08 15:41:32 - [TEST_STEP][PASSED] - Statement - PreSaveFile = new java.io.File(((pathPrefix + java.lang.Integer.toString(counter)) + .png)): null

2018-11-08 15:41:32 - [TEST_STEP][PASSED] - Statement - counter = counter + 1: null

2018-11-08 15:41:32 - [TEST_STEP][PASSED] - Statement - PreSaveFile = new java.io.File(((pathPrefix + java.lang.Integer.toString(counter)) + .png)): null

2018-11-08 15:41:32 - [TEST_STEP][PASSED] - Statement - counter = counter + 1: null

2018-11-08 15:41:32 - [TEST_STEP][PASSED] - Statement - PreSaveFile = new java.io.File(((pathPrefix + java.lang.Integer.toString(counter)) + .png)): null

2018-11-08 15:41:32 - [TEST_STEP][PASSED] - Statement - counter = counter + 1: null

2018-11-08 15:41:32 - [TEST_STEP][PASSED] - Statement - PreSaveFile = new java.io.File(((pathPrefix + java.lang.Integer.toString(counter)) + .png)): null

2018-11-08 15:41:33 - [TEST_STEP][PASSED] - Statement - counter = counter + 1: null

2018-11-08 15:41:33 - [TEST_STEP][PASSED] - Statement - PreSaveFile = new java.io.File(((pathPrefix + java.lang.Integer.toString(counter)) + .png)): null

2018-11-08 15:41:33 - [TEST_STEP][PASSED] - Statement - counter = counter + 1: null

2018-11-08 15:41:33 - [TEST_STEP][PASSED] - Statement - PreSaveFile = new java.io.File(((pathPrefix + java.lang.Integer.toString(counter)) + .png)): null

2018-11-08 15:41:33 - [TEST_STEP][PASSED] - Statement - counter = counter + 1: null

2018-11-08 15:41:33 - [TEST_STEP][PASSED] - Statement - PreSaveFile = new java.io.File(((pathPrefix + java.lang.Integer.toString(counter)) + .png)): null

2018-11-08 15:41:33 - [TEST_STEP][PASSED] - Statement - counter = counter + 1: null

2018-11-08 15:41:33 - [TEST_STEP][PASSED] - Statement - PreSaveFile = new java.io.File(((pathPrefix + java.lang.Integer.toString(counter)) + .png)): null

2018-11-08 15:41:33 - [TEST_STEP][PASSED] - Statement - counter = counter + 1: null

2018-11-08 15:41:34 - [TEST_STEP][PASSED] - Statement - PreSaveFile = new java.io.File(((pathPrefix + java.lang.Integer.toString(counter)) + .png)): null

2018-11-08 15:41:34 - [TEST_STEP][PASSED] - Statement - counter = counter + 1: null

2018-11-08 15:41:34 - [TEST_STEP][PASSED] - Statement - PreSaveFile = new java.io.File(((pathPrefix + java.lang.Integer.toString(counter)) + .png)): null

2018-11-08 15:41:34 - [TEST_STEP][PASSED] - Statement - counter = counter + 1: null

2018-11-08 15:41:34 - [TEST_STEP][PASSED] - Statement - PreSaveFile = new java.io.File(((pathPrefix + java.lang.Integer.toString(counter)) + .png)): null

2018-11-08 15:41:34 - [TEST_STEP][PASSED] - Statement - counter = counter + 1: null

2018-11-08 15:41:34 - [TEST_STEP][PASSED] - Statement - PreSaveFile = new java.io.File(((pathPrefix + java.lang.Integer.toString(counter)) + .png)): null

2018-11-08 15:41:34 - [TEST_STEP][PASSED] - Statement - counter = counter + 1: null

2018-11-08 15:41:34 - [TEST_STEP][PASSED] - Statement - PreSaveFile = new java.io.File(((pathPrefix + java.lang.Integer.toString(counter)) + .png)): null

2018-11-08 15:41:34 - [TEST_STEP][PASSED] - Statement - counter = counter + 1: null

2018-11-08 15:41:35 - [TEST_STEP][PASSED] - Statement - PreSaveFile = new java.io.File(((pathPrefix + java.lang.Integer.toString(counter)) + .png)): null

2018-11-08 15:41:35 - [TEST_STEP][PASSED] - Statement - counter = counter + 1: null

2018-11-08 15:41:35 - [TEST_STEP][PASSED] - Statement - PreSaveFile = new java.io.File(((pathPrefix + java.lang.Integer.toString(counter)) + .png)): null

2018-11-08 15:41:35 - [TEST_STEP][PASSED] - Statement - counter = counter + 1: null

2018-11-08 15:41:35 - [TEST_STEP][PASSED] - Statement - PreSaveFile = new java.io.File(((pathPrefix + java.lang.Integer.toString(counter)) + .png)): null

2018-11-08 15:41:35 - [TEST_STEP][PASSED] - Statement - counter = counter + 1: null

2018-11-08 15:41:35 - [TEST_STEP][PASSED] - Statement - PreSaveFile = new java.io.File(((pathPrefix + java.lang.Integer.toString(counter)) + .png)): null

2018-11-08 15:41:35 - [TEST_STEP][PASSED] - Statement - counter = counter + 1: null

2018-11-08 15:41:35 - [TEST_STEP][PASSED] - Statement - PreSaveFile = new java.io.File(((pathPrefix + java.lang.Integer.toString(counter)) + .png)): null

2018-11-08 15:41:35 - [TEST_STEP][PASSED] - Statement - counter = counter + 1: null

2018-11-08 15:41:36 - [TEST_STEP][PASSED] - Statement - PreSaveFile = new java.io.File(((pathPrefix + java.lang.Integer.toString(counter)) + .png)): null

2018-11-08 15:41:36 - [TEST_STEP][PASSED] - Statement - counter = counter + 1: null

2018-11-08 15:41:36 - [TEST_STEP][PASSED] - Statement - PreSaveFile = new java.io.File(((pathPrefix + java.lang.Integer.toString(counter)) + .png)): null

2018-11-08 15:41:36 - [TEST_STEP][PASSED] - Statement - counter = counter + 1: null

2018-11-08 15:41:36 - [TEST_STEP][PASSED] - Statement - PreSaveFile = new java.io.File(((pathPrefix + java.lang.Integer.toString(counter)) + .png)): null

2018-11-08 15:41:36 - [TEST_STEP][PASSED] - Statement - counter = counter + 1: null

2018-11-08 15:41:36 - [TEST_STEP][PASSED] - Statement - PreSaveFile = new java.io.File(((pathPrefix + java.lang.Integer.toString(counter)) + .png)): null

2018-11-08 15:41:36 - [TEST_STEP][PASSED] - Statement - counter = counter + 1: null

2018-11-08 15:41:36 - [TEST_STEP][PASSED] - Statement - PreSaveFile = new java.io.File(((pathPrefix + java.lang.Integer.toString(counter)) + .png)): null

2018-11-08 15:41:37 - [TEST_STEP][PASSED] - Statement - counter = counter + 1: null

2018-11-08 15:41:37 - [TEST_STEP][PASSED] - Statement - PreSaveFile = new java.io.File(((pathPrefix + java.lang.Integer.toString(counter)) + .png)): null

2018-11-08 15:41:37 - [TEST_STEP][PASSED] - Statement - counter = counter + 1: null

2018-11-08 15:41:37 - [TEST_STEP][PASSED] - Statement - PreSaveFile = new java.io.File(((pathPrefix + java.lang.Integer.toString(counter)) + .png)): null

2018-11-08 15:41:37 - [TEST_STEP][PASSED] - Statement - counter = counter + 1: null

2018-11-08 15:41:37 - [TEST_STEP][PASSED] - Statement - PreSaveFile = new java.io.File(((pathPrefix + java.lang.Integer.toString(counter)) + .png)): null

2018-11-08 15:41:37 - [TEST_STEP][PASSED] - Statement - counter = counter + 1: null

2018-11-08 15:41:37 - [TEST_STEP][PASSED] - Statement - PreSaveFile = new java.io.File(((pathPrefix + java.lang.Integer.toString(counter)) + .png)): null

2018-11-08 15:41:37 - [TEST_STEP][PASSED] - Statement - counter = counter + 1: null

2018-11-08 15:41:37 - [TEST_STEP][PASSED] - Statement - PreSaveFile = new java.io.File(((pathPrefix + java.lang.Integer.toString(counter)) + .png)): null

2018-11-08 15:41:37 - [TEST_STEP][PASSED] - Statement - finalPath = pathPrefix + java.lang.Integer.toString(counter) + ".png": null

2018-11-08 15:41:37 - [TEST_STEP][PASSED] - Statement - SaveFile = new java.io.File(finalPath): null

2018-11-08 15:41:38 - [TEST_STEP][PASSED] - Statement - Try: null

2018-11-08 15:41:38 - [TEST_STEP][PASSED] - Statement - org.apache.commons.io.FileUtils.copyFile(scrFile, SaveFile): null

2018-11-08 15:41:38 - [TEST_STEP][PASSED] - Statement - out.println("file kept"): null

2018-11-08 15:41:38 - [TEST_STEP][PASSED] - delay: Delayed 10 second(s)

2018-11-08 15:41:48 - [MESSAGE][PASSED] - Delayed 10 second(s)

2018-11-08 15:41:48 - [MESSAGE][PASSED] - Call Test Case 'Test Cases/Final Aug 2018 - PKS Automation/Registration Module/New Registration/Submit and Screenshot/Submit Registration and Screenshot' successfully]]></system-out>
         <system-err><![CDATA[]]></system-err>
      </testcase>
      <testcase name="Test Cases/Final Aug 2018 - PKS Automation/Registration Module/Workflow/New Registration/Case PKR BO to RO - RO Submit" classname="Test Cases/Final Aug 2018 - PKS Automation/Registration Module/Workflow/New Registration/Case PKR BO to RO - RO Submit" status="FAILED">
         <failure type="FAILED" message="(Stack trace: com.kms.katalon.core.exception.StepFailedException: Unable to click on object 'Object Repository/Final Object Repo/WorkFlow Listing Page/Click Continue Tooltip' (Root cause: com.kms.katalon.core.webui.exception.WebElementNotFoundException: Web element with id: 'Object Repository/Final Object Repo/WorkFlow Listing Page/Click Continue Tooltip' located by 'By.xpath: //i[@aria-hidden = 'true' and @data-toggle = 'tooltip' and @data-original-title = 'Continue']' not found)
	at com.kms.katalon.core.keyword.internal.KeywordMain.stepFailed(KeywordMain.groovy:32)
	at com.kms.katalon.core.webui.keyword.internal.WebUIKeywordMain.stepFailed(WebUIKeywordMain.groovy:65)
	at com.kms.katalon.core.webui.keyword.internal.WebUIKeywordMain.runKeyword(WebUIKeywordMain.groovy:27)
	at com.kms.katalon.core.webui.keyword.builtin.ClickKeyword.click(ClickKeyword.groovy:86)
	at com.kms.katalon.core.webui.keyword.builtin.ClickKeyword.execute(ClickKeyword.groovy:67)
	at com.kms.katalon.core.keyword.internal.KeywordExecutor.executeKeywordForPlatform(KeywordExecutor.groovy:53)
	at com.kms.katalon.core.webui.keyword.WebUiBuiltInKeywords.click(WebUiBuiltInKeywords.groovy:616)
	at com.kms.katalon.core.webui.keyword.WebUiBuiltInKeywords$click$2.call(Unknown Source)
	at Script1534407542420.run(Script1534407542420.groovy:91)
	at com.kms.katalon.core.main.ScriptEngine.run(ScriptEngine.java:183)
	at com.kms.katalon.core.main.ScriptEngine.runScriptAsRawText(ScriptEngine.java:108)
	at com.kms.katalon.core.main.TestCaseExecutor.runScript(TestCaseExecutor.java:294)
	at com.kms.katalon.core.main.TestCaseExecutor.doExecute(TestCaseExecutor.java:285)
	at com.kms.katalon.core.main.TestCaseExecutor.processExecutionPhase(TestCaseExecutor.java:264)
	at com.kms.katalon.core.main.TestCaseExecutor.accessMainPhase(TestCaseExecutor.java:256)
	at com.kms.katalon.core.main.TestCaseExecutor.execute(TestCaseExecutor.java:200)
	at com.kms.katalon.core.main.TestCaseMain.runTestCase(TestCaseMain.java:99)
	at com.kms.katalon.core.keyword.builtin.CallTestCaseKeyword$_callTestCase_closure1.doCall(CallTestCaseKeyword.groovy:60)
	at com.kms.katalon.core.keyword.builtin.CallTestCaseKeyword$_callTestCase_closure1.call(CallTestCaseKeyword.groovy)
	at com.kms.katalon.core.keyword.internal.KeywordMain.runKeyword(KeywordMain.groovy:54)
	at com.kms.katalon.core.keyword.builtin.CallTestCaseKeyword.callTestCase(CallTestCaseKeyword.groovy:81)
	at com.kms.katalon.core.keyword.builtin.CallTestCaseKeyword.execute(CallTestCaseKeyword.groovy:45)
	at com.kms.katalon.core.keyword.internal.KeywordExecutor.executeKeywordForPlatform(KeywordExecutor.groovy:53)
	at com.kms.katalon.core.keyword.BuiltinKeywords.callTestCase(BuiltinKeywords.groovy:334)
	at sun.reflect.GeneratedMethodAccessor13.invoke(Unknown Source)
	at sun.reflect.DelegatingMethodAccessorImpl.invoke(DelegatingMethodAccessorImpl.java:43)
	at java.lang.reflect.Method.invoke(Method.java:498)
	at org.codehaus.groovy.reflection.CachedMethod.invoke(CachedMethod.java:93)
	at groovy.lang.MetaMethod.doMethodInvoke(MetaMethod.java:325)
	at groovy.lang.MetaClassImpl.invokeStaticMethod(MetaClassImpl.java:1469)
	at org.codehaus.groovy.runtime.callsite.StaticMetaClassSite.call(StaticMetaClassSite.java:53)
	at org.codehaus.groovy.runtime.callsite.CallSiteArray.defaultCall(CallSiteArray.java:48)
	at org.codehaus.groovy.runtime.callsite.AbstractCallSite.call(AbstractCallSite.java:113)
	at org.codehaus.groovy.runtime.callsite.AbstractCallSite.call(AbstractCallSite.java:141)
	at Script1535945708168.run(Script1535945708168.groovy:37)
	at com.kms.katalon.core.main.ScriptEngine.run(ScriptEngine.java:183)
	at com.kms.katalon.core.main.ScriptEngine.runScriptAsRawText(ScriptEngine.java:108)
	at com.kms.katalon.core.main.TestCaseExecutor.runScript(TestCaseExecutor.java:294)
	at com.kms.katalon.core.main.TestCaseExecutor.doExecute(TestCaseExecutor.java:285)
	at com.kms.katalon.core.main.TestCaseExecutor.processExecutionPhase(TestCaseExecutor.java:264)
	at com.kms.katalon.core.main.TestCaseExecutor.accessMainPhase(TestCaseExecutor.java:256)
	at com.kms.katalon.core.main.TestCaseExecutor.execute(TestCaseExecutor.java:200)
	at com.kms.katalon.core.main.TestSuiteExecutor.accessTestCaseMainPhase(TestSuiteExecutor.java:129)
	at com.kms.katalon.core.main.TestSuiteExecutor.accessTestSuiteMainPhase(TestSuiteExecutor.java:112)
	at com.kms.katalon.core.main.TestSuiteExecutor.execute(TestSuiteExecutor.java:81)
	at com.kms.katalon.core.main.TestCaseMain.startTestSuite(TestCaseMain.java:142)
	at com.kms.katalon.core.main.TestCaseMain$startTestSuite$0.call(Unknown Source)
	at org.codehaus.groovy.runtime.callsite.CallSiteArray.defaultCall(CallSiteArray.java:48)
	at org.codehaus.groovy.runtime.callsite.AbstractCallSite.call(AbstractCallSite.java:113)
	at org.codehaus.groovy.runtime.callsite.AbstractCallSite.call(AbstractCallSite.java:141)
	at TempTestSuite1541659865479.run(TempTestSuite1541659865479.groovy:36)
	at groovy.lang.GroovyShell.runScriptOrMainOrTestOrRunnable(GroovyShell.java:263)
	at groovy.lang.GroovyShell.run(GroovyShell.java:518)
	at groovy.lang.GroovyShell.run(GroovyShell.java:507)
	at groovy.ui.GroovyMain.processOnce(GroovyMain.java:653)
	at groovy.ui.GroovyMain.run(GroovyMain.java:384)
	at groovy.ui.GroovyMain.process(GroovyMain.java:370)
	at groovy.ui.GroovyMain.processArgs(GroovyMain.java:129)
	at groovy.ui.GroovyMain.main(GroovyMain.java:109)
	at sun.reflect.NativeMethodAccessorImpl.invoke0(Native Method)
	at sun.reflect.NativeMethodAccessorImpl.invoke(NativeMethodAccessorImpl.java:62)
	at sun.reflect.DelegatingMethodAccessorImpl.invoke(DelegatingMethodAccessorImpl.java:43)
	at java.lang.reflect.Method.invoke(Method.java:498)
	at org.codehaus.groovy.tools.GroovyStarter.rootLoader(GroovyStarter.java:109)
	at org.codehaus.groovy.tools.GroovyStarter.main(GroovyStarter.java:131)
)"/>
         <system-out><![CDATA[2018-11-08 15:41:48 - [TEST_CASE][FAILED] - Test Cases/Final Aug 2018 - PKS Automation/Registration Module/Workflow/New Registration/Case PKR BO to RO - RO Submit: Test Cases/Final Aug 2018 - PKS Automation/Registration Module/Workflow/New Registration/Case PKR BO to RO - RO Submit FAILED because (of) (Stack trace: com.kms.katalon.core.exception.StepFailedException: Unable to click on object 'Object Repository/Final Object Repo/WorkFlow Listing Page/Click Continue Tooltip' (Root cause: com.kms.katalon.core.webui.exception.WebElementNotFoundException: Web element with id: 'Object Repository/Final Object Repo/WorkFlow Listing Page/Click Continue Tooltip' located by 'By.xpath: //i[@aria-hidden = 'true' and @data-toggle = 'tooltip' and @data-original-title = 'Continue']' not found)
	at com.kms.katalon.core.keyword.internal.KeywordMain.stepFailed(KeywordMain.groovy:32)
	at com.kms.katalon.core.webui.keyword.internal.WebUIKeywordMain.stepFailed(WebUIKeywordMain.groovy:65)
	at com.kms.katalon.core.webui.keyword.internal.WebUIKeywordMain.runKeyword(WebUIKeywordMain.groovy:27)
	at com.kms.katalon.core.webui.keyword.builtin.ClickKeyword.click(ClickKeyword.groovy:86)
	at com.kms.katalon.core.webui.keyword.builtin.ClickKeyword.execute(ClickKeyword.groovy:67)
	at com.kms.katalon.core.keyword.internal.KeywordExecutor.executeKeywordForPlatform(KeywordExecutor.groovy:53)
	at com.kms.katalon.core.webui.keyword.WebUiBuiltInKeywords.click(WebUiBuiltInKeywords.groovy:616)
	at com.kms.katalon.core.webui.keyword.WebUiBuiltInKeywords$click$2.call(Unknown Source)
	at Script1534407542420.run(Script1534407542420.groovy:91)
	at com.kms.katalon.core.main.ScriptEngine.run(ScriptEngine.java:183)
	at com.kms.katalon.core.main.ScriptEngine.runScriptAsRawText(ScriptEngine.java:108)
	at com.kms.katalon.core.main.TestCaseExecutor.runScript(TestCaseExecutor.java:294)
	at com.kms.katalon.core.main.TestCaseExecutor.doExecute(TestCaseExecutor.java:285)
	at com.kms.katalon.core.main.TestCaseExecutor.processExecutionPhase(TestCaseExecutor.java:264)
	at com.kms.katalon.core.main.TestCaseExecutor.accessMainPhase(TestCaseExecutor.java:256)
	at com.kms.katalon.core.main.TestCaseExecutor.execute(TestCaseExecutor.java:200)
	at com.kms.katalon.core.main.TestCaseMain.runTestCase(TestCaseMain.java:99)
	at com.kms.katalon.core.keyword.builtin.CallTestCaseKeyword$_callTestCase_closure1.doCall(CallTestCaseKeyword.groovy:60)
	at com.kms.katalon.core.keyword.builtin.CallTestCaseKeyword$_callTestCase_closure1.call(CallTestCaseKeyword.groovy)
	at com.kms.katalon.core.keyword.internal.KeywordMain.runKeyword(KeywordMain.groovy:54)
	at com.kms.katalon.core.keyword.builtin.CallTestCaseKeyword.callTestCase(CallTestCaseKeyword.groovy:81)
	at com.kms.katalon.core.keyword.builtin.CallTestCaseKeyword.execute(CallTestCaseKeyword.groovy:45)
	at com.kms.katalon.core.keyword.internal.KeywordExecutor.executeKeywordForPlatform(KeywordExecutor.groovy:53)
	at com.kms.katalon.core.keyword.BuiltinKeywords.callTestCase(BuiltinKeywords.groovy:334)
	at sun.reflect.GeneratedMethodAccessor13.invoke(Unknown Source)
	at sun.reflect.DelegatingMethodAccessorImpl.invoke(DelegatingMethodAccessorImpl.java:43)
	at java.lang.reflect.Method.invoke(Method.java:498)
	at org.codehaus.groovy.reflection.CachedMethod.invoke(CachedMethod.java:93)
	at groovy.lang.MetaMethod.doMethodInvoke(MetaMethod.java:325)
	at groovy.lang.MetaClassImpl.invokeStaticMethod(MetaClassImpl.java:1469)
	at org.codehaus.groovy.runtime.callsite.StaticMetaClassSite.call(StaticMetaClassSite.java:53)
	at org.codehaus.groovy.runtime.callsite.CallSiteArray.defaultCall(CallSiteArray.java:48)
	at org.codehaus.groovy.runtime.callsite.AbstractCallSite.call(AbstractCallSite.java:113)
	at org.codehaus.groovy.runtime.callsite.AbstractCallSite.call(AbstractCallSite.java:141)
	at Script1535945708168.run(Script1535945708168.groovy:37)
	at com.kms.katalon.core.main.ScriptEngine.run(ScriptEngine.java:183)
	at com.kms.katalon.core.main.ScriptEngine.runScriptAsRawText(ScriptEngine.java:108)
	at com.kms.katalon.core.main.TestCaseExecutor.runScript(TestCaseExecutor.java:294)
	at com.kms.katalon.core.main.TestCaseExecutor.doExecute(TestCaseExecutor.java:285)
	at com.kms.katalon.core.main.TestCaseExecutor.processExecutionPhase(TestCaseExecutor.java:264)
	at com.kms.katalon.core.main.TestCaseExecutor.accessMainPhase(TestCaseExecutor.java:256)
	at com.kms.katalon.core.main.TestCaseExecutor.execute(TestCaseExecutor.java:200)
	at com.kms.katalon.core.main.TestSuiteExecutor.accessTestCaseMainPhase(TestSuiteExecutor.java:129)
	at com.kms.katalon.core.main.TestSuiteExecutor.accessTestSuiteMainPhase(TestSuiteExecutor.java:112)
	at com.kms.katalon.core.main.TestSuiteExecutor.execute(TestSuiteExecutor.java:81)
	at com.kms.katalon.core.main.TestCaseMain.startTestSuite(TestCaseMain.java:142)
	at com.kms.katalon.core.main.TestCaseMain$startTestSuite$0.call(Unknown Source)
	at org.codehaus.groovy.runtime.callsite.CallSiteArray.defaultCall(CallSiteArray.java:48)
	at org.codehaus.groovy.runtime.callsite.AbstractCallSite.call(AbstractCallSite.java:113)
	at org.codehaus.groovy.runtime.callsite.AbstractCallSite.call(AbstractCallSite.java:141)
	at TempTestSuite1541659865479.run(TempTestSuite1541659865479.groovy:36)
	at groovy.lang.GroovyShell.runScriptOrMainOrTestOrRunnable(GroovyShell.java:263)
	at groovy.lang.GroovyShell.run(GroovyShell.java:518)
	at groovy.lang.GroovyShell.run(GroovyShell.java:507)
	at groovy.ui.GroovyMain.processOnce(GroovyMain.java:653)
	at groovy.ui.GroovyMain.run(GroovyMain.java:384)
	at groovy.ui.GroovyMain.process(GroovyMain.java:370)
	at groovy.ui.GroovyMain.processArgs(GroovyMain.java:129)
	at groovy.ui.GroovyMain.main(GroovyMain.java:109)
	at sun.reflect.NativeMethodAccessorImpl.invoke0(Native Method)
	at sun.reflect.NativeMethodAccessorImpl.invoke(NativeMethodAccessorImpl.java:62)
	at sun.reflect.DelegatingMethodAccessorImpl.invoke(DelegatingMethodAccessorImpl.java:43)
	at java.lang.reflect.Method.invoke(Method.java:498)
	at org.codehaus.groovy.tools.GroovyStarter.rootLoader(GroovyStarter.java:109)
	at org.codehaus.groovy.tools.GroovyStarter.main(GroovyStarter.java:131)
)

2018-11-08 15:41:48 - [TEST_STEP][PASSED] - callTestCase: Call Test Case 'Test Cases/Final Aug 2018 - PKS Automation/Registration Module/Workflow/New Registration/Template/Special Case - PKR BO - Form 1' successfully

2018-11-08 15:41:49 - [TEST_CASE][PASSED] - Test Cases/Final Aug 2018 - PKS Automation/Registration Module/Workflow/New Registration/Template/Special Case - PKR BO - Form 1: Test Cases/Final Aug 2018 - PKS Automation/Registration Module/Workflow/New Registration/Template/Special Case - PKR BO - Form 1

2018-11-08 15:41:49 - [TEST_STEP][PASSED] - openBrowser: Browser is opened with url: ''

2018-11-08 15:41:49 - [MESSAGE][WARNING] - A browser is already opened. Closing browser and opening a new one

2018-11-08 15:41:53 - [MESSAGE][PASSED] - Browser is opened with url: ''

2018-11-08 15:41:53 - [TEST_STEP][PASSED] - navigateToUrl: Navigate to 'https://assist2-uat.perkeso.gov.my/login' successfully

2018-11-08 15:41:56 - [MESSAGE][PASSED] - Navigate to 'https://assist2-uat.perkeso.gov.my/login' successfully

2018-11-08 15:41:56 - [TEST_STEP][PASSED] - delay: Delayed 2 second(s)

2018-11-08 15:41:58 - [MESSAGE][PASSED] - Delayed 2 second(s)

2018-11-08 15:41:58 - [TEST_STEP][PASSED] - setText: Text 'klpkrbo2@gmail.com' is set on object 'Object Repository/Final Object Repo/Login Page/Internal User/Email Address'

2018-11-08 15:41:58 - [MESSAGE][PASSED] - Text 'klpkrbo2@gmail.com' is set on object 'Object Repository/Final Object Repo/Login Page/Internal User/Email Address'

2018-11-08 15:41:58 - [TEST_STEP][PASSED] - click: Object: 'Object Repository/Final Object Repo/Login Page/Internal User/Next Button' is clicked on

2018-11-08 15:41:59 - [MESSAGE][PASSED] - Object: 'Object Repository/Final Object Repo/Login Page/Internal User/Next Button' is clicked on

2018-11-08 15:41:59 - [TEST_STEP][PASSED] - delay: Delayed 2 second(s)

2018-11-08 15:42:01 - [MESSAGE][PASSED] - Delayed 2 second(s)

2018-11-08 15:42:01 - [TEST_STEP][PASSED] - setText: Text 'Test1@3456789' is set on object 'Object Repository/Final Object Repo/Login Page/Internal User/Password'

2018-11-08 15:42:01 - [MESSAGE][PASSED] - Text 'Test1@3456789' is set on object 'Object Repository/Final Object Repo/Login Page/Internal User/Password'

2018-11-08 15:42:01 - [TEST_STEP][PASSED] - delay: Delayed 2 second(s)

2018-11-08 15:42:03 - [MESSAGE][PASSED] - Delayed 2 second(s)

2018-11-08 15:42:03 - [TEST_STEP][PASSED] - click: Object: 'Object Repository/Final Object Repo/Login Page/Internal User/Login Button' is clicked on

2018-11-08 15:42:07 - [MESSAGE][PASSED] - Object: 'Object Repository/Final Object Repo/Login Page/Internal User/Login Button' is clicked on

2018-11-08 15:42:07 - [TEST_STEP][PASSED] - Statement - Try: Delayed 2 second(s)

2018-11-08 15:42:07 - [TEST_STEP][PASSED] - Statement - Checker = false: null

2018-11-08 15:42:07 - [TEST_STEP][PASSED] - Statement - Checker = com.kms.katalon.core.webui.keyword.WebUiBuiltInKeywords.verifyElementHasAttribute(com.kms.katalon.core.testobject.ObjectRepository.findTestObject(Final Object Repo/Landing Page/BM Detecting), "href", 20, OPTIONAL): Object 'Object Repository/Final Object Repo/Landing Page/BM Detecting' has attribute 'href'

2018-11-08 15:42:07 - [MESSAGE][PASSED] - Object 'Object Repository/Final Object Repo/Landing Page/BM Detecting' has attribute 'href'

2018-11-08 15:42:07 - [TEST_STEP][PASSED] - Statement - out.println(Checker): null

2018-11-08 15:42:07 - [TEST_STEP][PASSED] - Statement - If (Checker == false): null

2018-11-08 15:42:07 - [TEST_STEP][PASSED] - Statement - Else: null

2018-11-08 15:42:07 - [TEST_STEP][PASSED] - delay: Delayed 2 second(s)

2018-11-08 15:42:09 - [MESSAGE][PASSED] - Delayed 2 second(s)

2018-11-08 15:42:09 - [TEST_STEP][PASSED] - delay: Delayed 4 second(s)

2018-11-08 15:42:13 - [MESSAGE][PASSED] - Delayed 4 second(s)

2018-11-08 15:42:13 - [TEST_STEP][PASSED] - click: Object: 'Object Repository/Final Object Repo/Landing Page/My Sites Drop Down' is clicked on

2018-11-08 15:42:13 - [MESSAGE][PASSED] - Object: 'Object Repository/Final Object Repo/Landing Page/My Sites Drop Down' is clicked on

2018-11-08 15:42:13 - [TEST_STEP][PASSED] - click: Object: 'Object Repository/Final Object Repo/Landing Page/Select to Registration Module' is clicked on

2018-11-08 15:42:15 - [MESSAGE][PASSED] - Object: 'Object Repository/Final Object Repo/Landing Page/Select to Registration Module' is clicked on

2018-11-08 15:42:15 - [TEST_STEP][PASSED] - click: Object: 'Object Repository/Final Object Repo/Landing Page/Registration Button' is clicked on

2018-11-08 15:42:17 - [MESSAGE][PASSED] - Object: 'Object Repository/Final Object Repo/Landing Page/Registration Button' is clicked on

2018-11-08 15:42:17 - [TEST_STEP][PASSED] - delay: Delayed 2 second(s)

2018-11-08 15:42:19 - [MESSAGE][PASSED] - Delayed 2 second(s)

2018-11-08 15:42:19 - [TEST_STEP][PASSED] - click: Object: 'Object Repository/Final Object Repo/New Registration - Registration Module Pages/New Reg - OTC to RO/Special Case - OTC - Form 1/AEC NO' is clicked on

2018-11-08 15:42:20 - [MESSAGE][PASSED] - Object: 'Object Repository/Final Object Repo/New Registration - Registration Module Pages/New Reg - OTC to RO/Special Case - OTC - Form 1/AEC NO' is clicked on

2018-11-08 15:42:20 - [TEST_STEP][PASSED] - click: Object: 'Object Repository/Final Object Repo/New Registration - Registration Module Pages/New Reg - OTC to RO/Special Case - OTC - Form 1/Business Entity - Please Select' is clicked on

2018-11-08 15:42:20 - [MESSAGE][PASSED] - Object: 'Object Repository/Final Object Repo/New Registration - Registration Module Pages/New Reg - OTC to RO/Special Case - OTC - Form 1/Business Entity - Please Select' is clicked on

2018-11-08 15:42:20 - [TEST_STEP][PASSED] - click: Object: 'Object Repository/Final Object Repo/New Registration - Registration Module Pages/New Reg - OTC to RO/Special Case - OTC - Form 1/Selected - Corporation' is clicked on

2018-11-08 15:42:21 - [MESSAGE][PASSED] - Object: 'Object Repository/Final Object Repo/New Registration - Registration Module Pages/New Reg - OTC to RO/Special Case - OTC - Form 1/Selected - Corporation' is clicked on

2018-11-08 15:42:21 - [TEST_STEP][PASSED] - delay: Delayed 2 second(s)

2018-11-08 15:42:23 - [MESSAGE][PASSED] - Delayed 2 second(s)

2018-11-08 15:42:23 - [TEST_STEP][PASSED] - click: Object: 'Object Repository/Final Object Repo/New Registration - Registration Module Pages/New Reg - OTC to RO/Special Case - OTC - Form 1/Sub Business Entity - Please Select' is clicked on

2018-11-08 15:42:23 - [MESSAGE][PASSED] - Object: 'Object Repository/Final Object Repo/New Registration - Registration Module Pages/New Reg - OTC to RO/Special Case - OTC - Form 1/Sub Business Entity - Please Select' is clicked on

2018-11-08 15:42:23 - [TEST_STEP][PASSED] - delay: Delayed 2 second(s)

2018-11-08 15:42:25 - [MESSAGE][PASSED] - Delayed 2 second(s)

2018-11-08 15:42:25 - [TEST_STEP][PASSED] - click: Object: 'Object Repository/Final Object Repo/New Registration - Registration Module Pages/New Reg - OTC to RO/Special Case - OTC - Form 1/Selected - Sendirian Berhad' is clicked on

2018-11-08 15:42:26 - [MESSAGE][PASSED] - Object: 'Object Repository/Final Object Repo/New Registration - Registration Module Pages/New Reg - OTC to RO/Special Case - OTC - Form 1/Selected - Sendirian Berhad' is clicked on

2018-11-08 15:42:26 - [TEST_STEP][PASSED] - setText: Text 'AUTOMATE001' is set on object 'Object Repository/Final Object Repo/New Registration - Registration Module Pages/New Reg - OTC to RO/Special Case - OTC - Form 1/Input BRN Number'

2018-11-08 15:42:26 - [MESSAGE][PASSED] - Text 'AUTOMATE001' is set on object 'Object Repository/Final Object Repo/New Registration - Registration Module Pages/New Reg - OTC to RO/Special Case - OTC - Form 1/Input BRN Number'

2018-11-08 15:42:26 - [TEST_STEP][PASSED] - delay: Delayed 2 second(s)

2018-11-08 15:42:28 - [MESSAGE][PASSED] - Delayed 2 second(s)

2018-11-08 15:42:28 - [TEST_STEP][PASSED] - click: Object: 'Object Repository/Final Object Repo/New Registration - Registration Module Pages/New Reg - OTC to RO/Special Case - OTC - Form 1/BRN Search' is clicked on

2018-11-08 15:42:29 - [MESSAGE][PASSED] - Object: 'Object Repository/Final Object Repo/New Registration - Registration Module Pages/New Reg - OTC to RO/Special Case - OTC - Form 1/BRN Search' is clicked on

2018-11-08 15:42:29 - [TEST_STEP][PASSED] - delay: Delayed 4 second(s)

2018-11-08 15:42:33 - [MESSAGE][PASSED] - Delayed 4 second(s)

2018-11-08 15:42:33 - [TEST_STEP][PASSED] - click: Object: 'Object Repository/Final Object Repo/New Registration - Registration Module Pages/New Reg - OTC to RO/Special Case - OTC - Form 1/Registered with SSM - After Feb 2017' is clicked on

2018-11-08 15:42:33 - [MESSAGE][PASSED] - Object: 'Object Repository/Final Object Repo/New Registration - Registration Module Pages/New Reg - OTC to RO/Special Case - OTC - Form 1/Registered with SSM - After Feb 2017' is clicked on

2018-11-08 15:42:33 - [TEST_STEP][PASSED] - delay: Delayed 2 second(s)

2018-11-08 15:42:35 - [MESSAGE][PASSED] - Delayed 2 second(s)

2018-11-08 15:42:35 - [TEST_STEP][PASSED] - click: Object: 'Object Repository/Final Object Repo/New Registration - Registration Module Pages/New Reg - OTC to RO/Special Case - OTC - Form 1/Registering As A Branch - No' is clicked on

2018-11-08 15:42:35 - [MESSAGE][PASSED] - Object: 'Object Repository/Final Object Repo/New Registration - Registration Module Pages/New Reg - OTC to RO/Special Case - OTC - Form 1/Registering As A Branch - No' is clicked on

2018-11-08 15:42:35 - [TEST_STEP][PASSED] - click: Object: 'Object Repository/Final Object Repo/New Registration - Registration Module Pages/New Reg - OTC to RO/Special Case - OTC - Form 1/Acknowledgement Ticked' is clicked on

2018-11-08 15:42:36 - [MESSAGE][PASSED] - Object: 'Object Repository/Final Object Repo/New Registration - Registration Module Pages/New Reg - OTC to RO/Special Case - OTC - Form 1/Acknowledgement Ticked' is clicked on

2018-11-08 15:42:36 - [TEST_STEP][PASSED] - click: Object: 'Object Repository/Final Object Repo/New Registration - Registration Module Pages/New Reg - OTC to RO/Special Case - OTC - Form 1/Submit Button' is clicked on

2018-11-08 15:42:36 - [MESSAGE][PASSED] - Object: 'Object Repository/Final Object Repo/New Registration - Registration Module Pages/New Reg - OTC to RO/Special Case - OTC - Form 1/Submit Button' is clicked on

2018-11-08 15:42:36 - [TEST_STEP][PASSED] - delay: Delayed 2 second(s)

2018-11-08 15:42:38 - [MESSAGE][PASSED] - Delayed 2 second(s)

2018-11-08 15:42:38 - [TEST_STEP][PASSED] - click: Object: 'Object Repository/Final Object Repo/New Registration - Registration Module Pages/New Reg - OTC to RO/Special Case - OTC - Form 1/Confirm No Flagging as Branch' is clicked on

2018-11-08 15:42:40 - [MESSAGE][PASSED] - Object: 'Object Repository/Final Object Repo/New Registration - Registration Module Pages/New Reg - OTC to RO/Special Case - OTC - Form 1/Confirm No Flagging as Branch' is clicked on

2018-11-08 15:42:40 - [MESSAGE][PASSED] - Call Test Case 'Test Cases/Final Aug 2018 - PKS Automation/Registration Module/Workflow/New Registration/Template/Special Case - PKR BO - Form 1' successfully

2018-11-08 15:42:40 - [TEST_STEP][PASSED] - callTestCase: Call Test Case 'Test Cases/Final Aug 2018 - PKS Automation/Registration Module/New Registration/Form 2/Add 1 Eligible' successfully

2018-11-08 15:42:40 - [TEST_CASE][PASSED] - Test Cases/Final Aug 2018 - PKS Automation/Registration Module/New Registration/Form 2/Add 1 Eligible: Test Cases/Final Aug 2018 - PKS Automation/Registration Module/New Registration/Form 2/Add 1 Eligible

2018-11-08 15:42:40 - [TEST_STEP][PASSED] - delay: Delayed 2 second(s)

2018-11-08 15:42:42 - [MESSAGE][PASSED] - Delayed 2 second(s)

2018-11-08 15:42:42 - [TEST_STEP][PASSED] - callTestCase: Call Test Case 'Test Cases/Final Aug 2018 - PKS Automation/Registration Module/New Registration/Form 2/Date Updater' successfully

2018-11-08 15:42:42 - [TEST_CASE][PASSED] - Test Cases/Final Aug 2018 - PKS Automation/Registration Module/New Registration/Form 2/Date Updater: Test Cases/Final Aug 2018 - PKS Automation/Registration Module/New Registration/Form 2/Date Updater

2018-11-08 15:42:42 - [TEST_STEP][PASSED] - Statement - TodayDate = new java.util.Date(): null

2018-11-08 15:42:42 - [TEST_STEP][PASSED] - Statement - CurrentDateNoFilter = new java.text.SimpleDateFormat(): null

2018-11-08 15:42:42 - [TEST_STEP][PASSED] - Statement - CurrentDateNoFilter.applyPattern("dd"): null

2018-11-08 15:42:42 - [TEST_STEP][PASSED] - Statement - CurrentDate = CurrentDateNoFilter.format(TodayDate): null

2018-11-08 15:42:42 - [TEST_STEP][PASSED] - Statement - CurrentDate = java.lang.Integer.parseInt(CurrentDate): null

2018-11-08 15:42:42 - [TEST_STEP][PASSED] - Statement - CurrentDate = CurrentDate: null

2018-11-08 15:42:42 - [TEST_STEP][PASSED] - Statement - CurrentDay = java.lang.Integer.parseInt(CurrentDate): null

2018-11-08 15:42:42 - [TEST_STEP][PASSED] - Statement - aDayBefore = CurrentDay + 1: null

2018-11-08 15:42:42 - [TEST_STEP][PASSED] - Statement - DayBefore = aDayBefore.toString(): null

2018-11-08 15:42:42 - [TEST_STEP][PASSED] - Statement - OneDayBefore = DayBefore: null

2018-11-08 15:42:42 - [TEST_STEP][PASSED] - Statement - CurrentDateNoFilter.applyPattern("MM"): null

2018-11-08 15:42:42 - [TEST_STEP][PASSED] - Statement - monthContainerMatcher = java.lang.Integer.parseInt(CurrentDateNoFilter.format(TodayDate)): null

2018-11-08 15:42:42 - [TEST_STEP][PASSED] - Statement - monthContainerMatcher = monthContainerMatcher - 1: null

2018-11-08 15:42:42 - [TEST_STEP][PASSED] - Statement - CurrentMonth = monthContainerMatcher.toString(): null

2018-11-08 15:42:42 - [TEST_STEP][PASSED] - Statement - CurrentMonth = CurrentMonth: null

2018-11-08 15:42:42 - [TEST_STEP][PASSED] - Statement - CurrentDateNoFilter.applyPattern("yyyy"): null

2018-11-08 15:42:42 - [TEST_STEP][PASSED] - Statement - CurrentYear = CurrentDateNoFilter.format(TodayDate): null

2018-11-08 15:42:42 - [TEST_STEP][PASSED] - Statement - CurrentYear = CurrentYear: null

2018-11-08 15:42:42 - [TEST_STEP][PASSED] - Statement - intCurrentYear = java.lang.Integer.parseInt(CurrentDateNoFilter.format(TodayDate)): null

2018-11-08 15:42:42 - [TEST_STEP][PASSED] - Statement - eighteenYrsAgo = intCurrentYear - 18: null

2018-11-08 15:42:42 - [TEST_STEP][PASSED] - Statement - eighteenYrsBeforeThisYr = eighteenYrsAgo.toString(): null

2018-11-08 15:42:42 - [TEST_STEP][PASSED] - Statement - EighteenYrsBefore = eighteenYrsBeforeThisYr: null

2018-11-08 15:42:42 - [TEST_STEP][PASSED] - Statement - fiftysevenYrsAgo = intCurrentYear - 57: null

2018-11-08 15:42:42 - [TEST_STEP][PASSED] - Statement - fiftysevenYrsBeforeThisYr = fiftysevenYrsAgo.toString(): null

2018-11-08 15:42:42 - [TEST_STEP][PASSED] - Statement - FiftysevenYrsBefore = fiftysevenYrsBeforeThisYr: null

2018-11-08 15:42:42 - [MESSAGE][PASSED] - Call Test Case 'Test Cases/Final Aug 2018 - PKS Automation/Registration Module/New Registration/Form 2/Date Updater' successfully

2018-11-08 15:42:42 - [TEST_STEP][PASSED] - delay: Delayed 1 second(s)

2018-11-08 15:42:43 - [MESSAGE][PASSED] - Delayed 1 second(s)

2018-11-08 15:42:43 - [TEST_STEP][PASSED] - Statement - CaseReferenceNo = com.kms.katalon.core.webui.keyword.WebUiBuiltInKeywords.getText(com.kms.katalon.core.testobject.ObjectRepository.findTestObject(Final Object Repo/New Registration - Registration Module Pages/Form 2/RefNo Acquiring)): Text of object 'Object Repository/Final Object Repo/New Registration - Registration Module Pages/Form 2/RefNo Acquiring' is: 'CRN11201800122424'

2018-11-08 15:42:43 - [MESSAGE][PASSED] - Text of object 'Object Repository/Final Object Repo/New Registration - Registration Module Pages/Form 2/RefNo Acquiring' is: 'CRN11201800122424'

2018-11-08 15:42:43 - [TEST_STEP][PASSED] - delay: Delayed 1 second(s)

2018-11-08 15:42:44 - [MESSAGE][PASSED] - Delayed 1 second(s)

2018-11-08 15:42:44 - [TEST_STEP][PASSED] - click: Object: 'Object Repository/Final Object Repo/New Registration - Registration Module Pages/Form 2/Add Employee Button' is clicked on

2018-11-08 15:42:45 - [MESSAGE][PASSED] - Object: 'Object Repository/Final Object Repo/New Registration - Registration Module Pages/Form 2/Add Employee Button' is clicked on

2018-11-08 15:42:45 - [TEST_STEP][PASSED] - delay: Delayed 1 second(s)

2018-11-08 15:42:46 - [MESSAGE][PASSED] - Delayed 1 second(s)

2018-11-08 15:42:46 - [TEST_STEP][PASSED] - setText: Text '010903091963' is set on object 'Object Repository/Final Object Repo/New Registration - Registration Module Pages/Form 2/NRIC Input'

2018-11-08 15:42:46 - [MESSAGE][PASSED] - Text '010903091963' is set on object 'Object Repository/Final Object Repo/New Registration - Registration Module Pages/Form 2/NRIC Input'

2018-11-08 15:42:46 - [TEST_STEP][PASSED] - click: Object: 'Object Repository/Final Object Repo/New Registration - Registration Module Pages/Form 2/button for search for IC' is clicked on

2018-11-08 15:42:46 - [MESSAGE][PASSED] - Object: 'Object Repository/Final Object Repo/New Registration - Registration Module Pages/Form 2/button for search for IC' is clicked on

2018-11-08 15:42:46 - [TEST_STEP][PASSED] - delay: Delayed 2 second(s)

2018-11-08 15:42:48 - [MESSAGE][PASSED] - Delayed 2 second(s)

2018-11-08 15:42:48 - [TEST_STEP][PASSED] - setText: Text 'Automate001 eligible 1' is set on object 'Object Repository/Final Object Repo/New Registration - Registration Module Pages/Form 2/Employee Name Input'

2018-11-08 15:42:48 - [MESSAGE][PASSED] - Text 'Automate001 eligible 1' is set on object 'Object Repository/Final Object Repo/New Registration - Registration Module Pages/Form 2/Employee Name Input'

2018-11-08 15:42:48 - [TEST_STEP][PASSED] - delay: Delayed 2 second(s)

2018-11-08 15:42:50 - [MESSAGE][PASSED] - Delayed 2 second(s)

2018-11-08 15:42:50 - [TEST_STEP][PASSED] - click: Object: 'Object Repository/Final Object Repo/New Registration - Registration Module Pages/Form 2/DatePicker Pop Up' is clicked on

2018-11-08 15:42:51 - [MESSAGE][PASSED] - Object: 'Object Repository/Final Object Repo/New Registration - Registration Module Pages/Form 2/DatePicker Pop Up' is clicked on

2018-11-08 15:42:51 - [TEST_STEP][PASSED] - click: Object: 'Object Repository/Final Object Repo/New Registration - Registration Module Pages/Form 2/DOB Month' is clicked on

2018-11-08 15:42:51 - [MESSAGE][PASSED] - Object: 'Object Repository/Final Object Repo/New Registration - Registration Module Pages/Form 2/DOB Month' is clicked on

2018-11-08 15:42:51 - [TEST_STEP][PASSED] - Statement - CurrentMonth = CurrentMonth: null

2018-11-08 15:42:51 - [TEST_STEP][PASSED] - Statement - selectMonth = new com.kms.katalon.core.testobject.TestObject(): null

2018-11-08 15:42:51 - [TEST_STEP][PASSED] - Statement - selectMonth.addProperty("xpath", EQUALS, "//body/div/div/div/select/option[@value='" + CurrentMonth + "']", true): null

2018-11-08 15:42:51 - [TEST_STEP][PASSED] - click: Object: '' is clicked on

2018-11-08 15:42:52 - [MESSAGE][PASSED] - Object: '' is clicked on

2018-11-08 15:42:52 - [TEST_STEP][PASSED] - click: Object: 'Object Repository/Final Object Repo/New Registration - Registration Module Pages/Form 2/DOB Year' is clicked on

2018-11-08 15:42:52 - [MESSAGE][PASSED] - Object: 'Object Repository/Final Object Repo/New Registration - Registration Module Pages/Form 2/DOB Year' is clicked on

2018-11-08 15:42:52 - [TEST_STEP][PASSED] - Statement - Eyearsbf = EighteenYrsBefore: null

2018-11-08 15:42:52 - [TEST_STEP][PASSED] - Statement - selectYear = new com.kms.katalon.core.testobject.TestObject(): null

2018-11-08 15:42:52 - [TEST_STEP][PASSED] - Statement - selectYear.addProperty("xpath", EQUALS, "//div/div/div/select/option[@value='" + Eyearsbf + "']", true): null

2018-11-08 15:42:52 - [TEST_STEP][PASSED] - click: Object: '' is clicked on

2018-11-08 15:42:52 - [MESSAGE][PASSED] - Object: '' is clicked on

2018-11-08 15:42:52 - [TEST_STEP][PASSED] - Statement - UpdatedSelectDate = com.kms.katalon.core.webui.keyword.WebUiBuiltInKeywords.modifyObjectProperty(com.kms.katalon.core.testobject.ObjectRepository.findTestObject(Final Object Repo/New Registration - Registration Module Pages/Form 2/DOB Date), "xpath", "equals", "//body/div/table/tbody/tr/td/a[text()="" + CurrentDate + ""]", true): Modify property of object successfully

2018-11-08 15:42:52 - [MESSAGE][PASSED] - Modify property of object successfully

2018-11-08 15:42:52 - [TEST_STEP][PASSED] - delay: Delayed 3 second(s)

2018-11-08 15:42:55 - [MESSAGE][PASSED] - Delayed 3 second(s)

2018-11-08 15:42:55 - [TEST_STEP][PASSED] - click: Object: 'Object Repository/Final Object Repo/New Registration - Registration Module Pages/Form 2/DOB Date' is clicked on

2018-11-08 15:42:56 - [MESSAGE][PASSED] - Object: 'Object Repository/Final Object Repo/New Registration - Registration Module Pages/Form 2/DOB Date' is clicked on

2018-11-08 15:42:56 - [TEST_STEP][PASSED] - delay: Delayed 2 second(s)

2018-11-08 15:42:58 - [MESSAGE][PASSED] - Delayed 2 second(s)

2018-11-08 15:42:58 - [TEST_STEP][PASSED] - click: Object: 'Object Repository/Final Object Repo/New Registration - Registration Module Pages/Form 2/EmploymentStartDate Pop Up' is clicked on

2018-11-08 15:42:58 - [MESSAGE][PASSED] - Object: 'Object Repository/Final Object Repo/New Registration - Registration Module Pages/Form 2/EmploymentStartDate Pop Up' is clicked on

2018-11-08 15:42:58 - [TEST_STEP][PASSED] - delay: Delayed 2 second(s)

2018-11-08 15:43:00 - [MESSAGE][PASSED] - Delayed 2 second(s)

2018-11-08 15:43:00 - [TEST_STEP][PASSED] - click: Object: 'Object Repository/Final Object Repo/New Registration - Registration Module Pages/Form 2/Socso Employment StartDate Month' is clicked on

2018-11-08 15:43:01 - [MESSAGE][PASSED] - Object: 'Object Repository/Final Object Repo/New Registration - Registration Module Pages/Form 2/Socso Employment StartDate Month' is clicked on

2018-11-08 15:43:01 - [TEST_STEP][PASSED] - delay: Delayed 1 second(s)

2018-11-08 15:43:02 - [MESSAGE][PASSED] - Delayed 1 second(s)

2018-11-08 15:43:02 - [TEST_STEP][PASSED] - click: Object: 'Object Repository/Final Object Repo/New Registration - Registration Module Pages/Form 2/Select Socso Employement Startdate Month' is clicked on

2018-11-08 15:43:02 - [MESSAGE][PASSED] - Object: 'Object Repository/Final Object Repo/New Registration - Registration Module Pages/Form 2/Select Socso Employement Startdate Month' is clicked on

2018-11-08 15:43:02 - [TEST_STEP][PASSED] - delay: Delayed 2 second(s)

2018-11-08 15:43:04 - [MESSAGE][PASSED] - Delayed 2 second(s)

2018-11-08 15:43:04 - [TEST_STEP][PASSED] - click: Object: 'Object Repository/Final Object Repo/New Registration - Registration Module Pages/Form 2/Socso Employment StartDate Year' is clicked on

2018-11-08 15:43:05 - [MESSAGE][PASSED] - Object: 'Object Repository/Final Object Repo/New Registration - Registration Module Pages/Form 2/Socso Employment StartDate Year' is clicked on

2018-11-08 15:43:05 - [TEST_STEP][PASSED] - delay: Delayed 1 second(s)

2018-11-08 15:43:06 - [MESSAGE][PASSED] - Delayed 1 second(s)

2018-11-08 15:43:06 - [TEST_STEP][PASSED] - click: Object: 'Object Repository/Final Object Repo/New Registration - Registration Module Pages/Form 2/Select Socso Employment Startdate Year' is clicked on

2018-11-08 15:43:06 - [MESSAGE][PASSED] - Object: 'Object Repository/Final Object Repo/New Registration - Registration Module Pages/Form 2/Select Socso Employment Startdate Year' is clicked on

2018-11-08 15:43:06 - [TEST_STEP][PASSED] - delay: Delayed 2 second(s)

2018-11-08 15:43:08 - [MESSAGE][PASSED] - Delayed 2 second(s)

2018-11-08 15:43:08 - [TEST_STEP][PASSED] - click: Object: 'Object Repository/Final Object Repo/New Registration - Registration Module Pages/Form 2/Socso Employment Start Date Day' is clicked on

2018-11-08 15:43:08 - [MESSAGE][PASSED] - Object: 'Object Repository/Final Object Repo/New Registration - Registration Module Pages/Form 2/Socso Employment Start Date Day' is clicked on

2018-11-08 15:43:08 - [TEST_STEP][PASSED] - delay: Delayed 2 second(s)

2018-11-08 15:43:10 - [MESSAGE][PASSED] - Delayed 2 second(s)

2018-11-08 15:43:10 - [TEST_STEP][PASSED] - click: Object: 'Object Repository/Final Object Repo/New Registration - Registration Module Pages/Form 2/Save Button for Add Employee' is clicked on

2018-11-08 15:43:12 - [MESSAGE][PASSED] - Object: 'Object Repository/Final Object Repo/New Registration - Registration Module Pages/Form 2/Save Button for Add Employee' is clicked on

2018-11-08 15:43:12 - [TEST_STEP][PASSED] - delay: Delayed 6 second(s)

2018-11-08 15:43:18 - [MESSAGE][PASSED] - Delayed 6 second(s)

2018-11-08 15:43:18 - [TEST_STEP][PASSED] - click: Object: 'Object Repository/Final Object Repo/New Registration - Registration Module Pages/Form 2/Save and Continue Form 2' is clicked on

2018-11-08 15:43:20 - [MESSAGE][PASSED] - Object: 'Object Repository/Final Object Repo/New Registration - Registration Module Pages/Form 2/Save and Continue Form 2' is clicked on

2018-11-08 15:43:20 - [MESSAGE][PASSED] - Call Test Case 'Test Cases/Final Aug 2018 - PKS Automation/Registration Module/New Registration/Form 2/Add 1 Eligible' successfully

2018-11-08 15:43:20 - [TEST_STEP][PASSED] - callTestCase: Call Test Case 'Test Cases/Final Aug 2018 - PKS Automation/Registration Module/New Registration/Flow of New Registration/Third Screen - Upload Supporting Doc - Preview' successfully

2018-11-08 15:43:20 - [TEST_CASE][PASSED] - Test Cases/Final Aug 2018 - PKS Automation/Registration Module/New Registration/Flow of New Registration/Third Screen - Upload Supporting Doc - Preview: Test Cases/Final Aug 2018 - PKS Automation/Registration Module/New Registration/Flow of New Registration/Third Screen - Upload Supporting Doc - Preview

2018-11-08 15:43:20 - [TEST_STEP][PASSED] - waitForPageLoad: Wait for page load successfully

2018-11-08 15:43:20 - [MESSAGE][PASSED] - Wait for page load successfully

2018-11-08 15:43:20 - [TEST_STEP][PASSED] - Statement - CaseReferenceNo = com.kms.katalon.core.webui.keyword.WebUiBuiltInKeywords.getText(com.kms.katalon.core.testobject.ObjectRepository.findTestObject(Final Object Repo/New Registration - Registration Module Pages/Third Screen - Upload Supporting Doc- Preview/RefNo Acquiring)): Text of object 'Object Repository/Final Object Repo/New Registration - Registration Module Pages/Third Screen - Upload Supporting Doc- Preview/RefNo Acquiring' is: 'CRN11201800122424'

2018-11-08 15:43:20 - [MESSAGE][PASSED] - Text of object 'Object Repository/Final Object Repo/New Registration - Registration Module Pages/Third Screen - Upload Supporting Doc- Preview/RefNo Acquiring' is: 'CRN11201800122424'

2018-11-08 15:43:20 - [TEST_STEP][PASSED] - delay: Delayed 2 second(s)

2018-11-08 15:43:22 - [MESSAGE][PASSED] - Delayed 2 second(s)

2018-11-08 15:43:22 - [TEST_STEP][PASSED] - callTestCase: Call Test Case 'Test Cases/Final Aug 2018 - PKS Automation/Common/Reference Number Setter' successfully

2018-11-08 15:43:22 - [TEST_CASE][PASSED] - Test Cases/Final Aug 2018 - PKS Automation/Common/Reference Number Setter: Test Cases/Final Aug 2018 - PKS Automation/Common/Reference Number Setter

2018-11-08 15:43:22 - [TEST_STEP][PASSED] - Statement - RefNoOldFile = new java.io.File(C://KatalonReference.txt): null

2018-11-08 15:43:22 - [TEST_STEP][PASSED] - Statement - RefNoOldFile.delete(): null

2018-11-08 15:43:22 - [TEST_STEP][PASSED] - Statement - RefNo = new java.io.File(C://KatalonReference.txt): null

2018-11-08 15:43:22 - [TEST_STEP][PASSED] - Statement - RefNo.append(CaseReferenceNo): null

2018-11-08 15:43:22 - [TEST_STEP][PASSED] - Statement - out.println("


" + CaseReferenceNo + "


"): null

2018-11-08 15:43:22 - [MESSAGE][PASSED] - Call Test Case 'Test Cases/Final Aug 2018 - PKS Automation/Common/Reference Number Setter' successfully

2018-11-08 15:43:22 - [TEST_STEP][PASSED] - waitForElementClickable: Object 'Object Repository/Final Object Repo/New Registration - Registration Module Pages/Third Screen - Upload Supporting Doc- Preview/Save n Continue in SIP Employee Listing Page' is clickable

2018-11-08 15:43:22 - [MESSAGE][PASSED] - Object 'Object Repository/Final Object Repo/New Registration - Registration Module Pages/Third Screen - Upload Supporting Doc- Preview/Save n Continue in SIP Employee Listing Page' is clickable

2018-11-08 15:43:22 - [TEST_STEP][PASSED] - click: Object: 'Object Repository/Final Object Repo/New Registration - Registration Module Pages/Third Screen - Upload Supporting Doc- Preview/Save n Continue in SIP Employee Listing Page' is clicked on

2018-11-08 15:43:28 - [MESSAGE][PASSED] - Object: 'Object Repository/Final Object Repo/New Registration - Registration Module Pages/Third Screen - Upload Supporting Doc- Preview/Save n Continue in SIP Employee Listing Page' is clicked on

2018-11-08 15:43:28 - [TEST_STEP][PASSED] - delay: Delayed 6 second(s)

2018-11-08 15:43:34 - [MESSAGE][PASSED] - Delayed 6 second(s)

2018-11-08 15:43:34 - [TEST_STEP][PASSED] - click: Object: 'Object Repository/Final Object Repo/New Registration - Registration Module Pages/Third Screen - Upload Supporting Doc- Preview/Add Document Button' is clicked on

2018-11-08 15:43:34 - [MESSAGE][PASSED] - Object: 'Object Repository/Final Object Repo/New Registration - Registration Module Pages/Third Screen - Upload Supporting Doc- Preview/Add Document Button' is clicked on

2018-11-08 15:43:34 - [TEST_STEP][PASSED] - delay: Delayed 30 second(s)

2018-11-08 15:44:04 - [MESSAGE][PASSED] - Delayed 30 second(s)

2018-11-08 15:44:04 - [TEST_STEP][PASSED] - click: Object: 'Object Repository/Final Object Repo/New Registration - Registration Module Pages/Third Screen - Upload Supporting Doc- Preview/Supporting Doc Please Select Drop Down' is clicked on

2018-11-08 15:44:05 - [MESSAGE][PASSED] - Object: 'Object Repository/Final Object Repo/New Registration - Registration Module Pages/Third Screen - Upload Supporting Doc- Preview/Supporting Doc Please Select Drop Down' is clicked on

2018-11-08 15:44:05 - [TEST_STEP][PASSED] - delay: Delayed 2 second(s)

2018-11-08 15:44:07 - [MESSAGE][PASSED] - Delayed 2 second(s)

2018-11-08 15:44:07 - [TEST_STEP][PASSED] - click: Object: 'Object Repository/Final Object Repo/New Registration - Registration Module Pages/Third Screen - Upload Supporting Doc- Preview/Select to Upload Form 1' is clicked on

2018-11-08 15:44:08 - [MESSAGE][PASSED] - Object: 'Object Repository/Final Object Repo/New Registration - Registration Module Pages/Third Screen - Upload Supporting Doc- Preview/Select to Upload Form 1' is clicked on

2018-11-08 15:44:08 - [TEST_STEP][PASSED] - delay: Delayed 2 second(s)

2018-11-08 15:44:10 - [MESSAGE][PASSED] - Delayed 2 second(s)

2018-11-08 15:44:10 - [TEST_STEP][PASSED] - uploadFile: File 'C:\Users\Public\Pictures\Sample Pictures\Act.jpg' sent to object: 'Object Repository/Final Object Repo/New Registration - Registration Module Pages/Third Screen - Upload Supporting Doc- Preview/Upload File Adding'

2018-11-08 15:44:10 - [MESSAGE][PASSED] - File 'C:\Users\Public\Pictures\Sample Pictures\Act.jpg' sent to object: 'Object Repository/Final Object Repo/New Registration - Registration Module Pages/Third Screen - Upload Supporting Doc- Preview/Upload File Adding'

2018-11-08 15:44:10 - [TEST_STEP][PASSED] - delay: Delayed 5 second(s)

2018-11-08 15:44:15 - [MESSAGE][PASSED] - Delayed 5 second(s)

2018-11-08 15:44:15 - [TEST_STEP][PASSED] - click: Object: 'Object Repository/Final Object Repo/New Registration - Registration Module Pages/Third Screen - Upload Supporting Doc- Preview/Inner Form Add Document Button' is clicked on

2018-11-08 15:44:20 - [MESSAGE][PASSED] - Object: 'Object Repository/Final Object Repo/New Registration - Registration Module Pages/Third Screen - Upload Supporting Doc- Preview/Inner Form Add Document Button' is clicked on

2018-11-08 15:44:20 - [TEST_STEP][PASSED] - delay: Delayed 3 second(s)

2018-11-08 15:44:23 - [MESSAGE][PASSED] - Delayed 3 second(s)

2018-11-08 15:44:23 - [TEST_STEP][PASSED] - click: Object: 'Object Repository/Final Object Repo/New Registration - Registration Module Pages/Third Screen - Upload Supporting Doc- Preview/Add Document Button' is clicked on

2018-11-08 15:44:24 - [MESSAGE][PASSED] - Object: 'Object Repository/Final Object Repo/New Registration - Registration Module Pages/Third Screen - Upload Supporting Doc- Preview/Add Document Button' is clicked on

2018-11-08 15:44:24 - [TEST_STEP][PASSED] - delay: Delayed 30 second(s)

2018-11-08 15:44:54 - [MESSAGE][PASSED] - Delayed 30 second(s)

2018-11-08 15:44:54 - [TEST_STEP][PASSED] - click: Object: 'Object Repository/Final Object Repo/New Registration - Registration Module Pages/Third Screen - Upload Supporting Doc- Preview/Supporting Doc Please Select Drop Down' is clicked on

2018-11-08 15:44:54 - [MESSAGE][PASSED] - Object: 'Object Repository/Final Object Repo/New Registration - Registration Module Pages/Third Screen - Upload Supporting Doc- Preview/Supporting Doc Please Select Drop Down' is clicked on

2018-11-08 15:44:54 - [TEST_STEP][PASSED] - delay: Delayed 2 second(s)

2018-11-08 15:44:56 - [MESSAGE][PASSED] - Delayed 2 second(s)

2018-11-08 15:44:56 - [TEST_STEP][PASSED] - click: Object: 'Object Repository/Final Object Repo/New Registration - Registration Module Pages/Third Screen - Upload Supporting Doc- Preview/Select to Upload Form 2' is clicked on

2018-11-08 15:44:57 - [MESSAGE][PASSED] - Object: 'Object Repository/Final Object Repo/New Registration - Registration Module Pages/Third Screen - Upload Supporting Doc- Preview/Select to Upload Form 2' is clicked on

2018-11-08 15:44:57 - [TEST_STEP][PASSED] - delay: Delayed 2 second(s)

2018-11-08 15:44:59 - [MESSAGE][PASSED] - Delayed 2 second(s)

2018-11-08 15:44:59 - [TEST_STEP][PASSED] - uploadFile: File 'C:\Users\Public\Pictures\Sample Pictures\Act.jpg' sent to object: 'Object Repository/Final Object Repo/New Registration - Registration Module Pages/Third Screen - Upload Supporting Doc- Preview/Upload File Adding'

2018-11-08 15:44:59 - [MESSAGE][PASSED] - File 'C:\Users\Public\Pictures\Sample Pictures\Act.jpg' sent to object: 'Object Repository/Final Object Repo/New Registration - Registration Module Pages/Third Screen - Upload Supporting Doc- Preview/Upload File Adding'

2018-11-08 15:44:59 - [TEST_STEP][PASSED] - click: Object: 'Object Repository/Final Object Repo/New Registration - Registration Module Pages/Third Screen - Upload Supporting Doc- Preview/Inner Form Add Document Button' is clicked on

2018-11-08 15:44:59 - [MESSAGE][PASSED] - Object: 'Object Repository/Final Object Repo/New Registration - Registration Module Pages/Third Screen - Upload Supporting Doc- Preview/Inner Form Add Document Button' is clicked on

2018-11-08 15:44:59 - [TEST_STEP][PASSED] - delay: Delayed 4 second(s)

2018-11-08 15:45:03 - [MESSAGE][PASSED] - Delayed 4 second(s)

2018-11-08 15:45:03 - [TEST_STEP][PASSED] - click: Object: 'Object Repository/Final Object Repo/New Registration - Registration Module Pages/Third Screen - Upload Supporting Doc- Preview/Add Document Button' is clicked on

2018-11-08 15:45:05 - [MESSAGE][PASSED] - Object: 'Object Repository/Final Object Repo/New Registration - Registration Module Pages/Third Screen - Upload Supporting Doc- Preview/Add Document Button' is clicked on

2018-11-08 15:45:05 - [TEST_STEP][PASSED] - delay: Delayed 30 second(s)

2018-11-08 15:45:35 - [MESSAGE][PASSED] - Delayed 30 second(s)

2018-11-08 15:45:35 - [TEST_STEP][PASSED] - click: Object: 'Object Repository/Final Object Repo/New Registration - Registration Module Pages/Third Screen - Upload Supporting Doc- Preview/Supporting Doc Please Select Drop Down' is clicked on

2018-11-08 15:45:35 - [MESSAGE][PASSED] - Object: 'Object Repository/Final Object Repo/New Registration - Registration Module Pages/Third Screen - Upload Supporting Doc- Preview/Supporting Doc Please Select Drop Down' is clicked on

2018-11-08 15:45:35 - [TEST_STEP][PASSED] - click: Object: 'Object Repository/Final Object Repo/New Registration - Registration Module Pages/Third Screen - Upload Supporting Doc- Preview/Select to Upload Borang SIP 1' is clicked on

2018-11-08 15:45:36 - [MESSAGE][PASSED] - Object: 'Object Repository/Final Object Repo/New Registration - Registration Module Pages/Third Screen - Upload Supporting Doc- Preview/Select to Upload Borang SIP 1' is clicked on

2018-11-08 15:45:36 - [TEST_STEP][PASSED] - delay: Delayed 2 second(s)

2018-11-08 15:45:38 - [MESSAGE][PASSED] - Delayed 2 second(s)

2018-11-08 15:45:38 - [TEST_STEP][PASSED] - uploadFile: File 'C:\Users\Public\Pictures\Sample Pictures\Act.jpg' sent to object: 'Object Repository/Final Object Repo/New Registration - Registration Module Pages/Third Screen - Upload Supporting Doc- Preview/Upload File Adding'

2018-11-08 15:45:38 - [MESSAGE][PASSED] - File 'C:\Users\Public\Pictures\Sample Pictures\Act.jpg' sent to object: 'Object Repository/Final Object Repo/New Registration - Registration Module Pages/Third Screen - Upload Supporting Doc- Preview/Upload File Adding'

2018-11-08 15:45:38 - [TEST_STEP][PASSED] - click: Object: 'Object Repository/Final Object Repo/New Registration - Registration Module Pages/Third Screen - Upload Supporting Doc- Preview/Inner Form Add Document Button' is clicked on

2018-11-08 15:45:44 - [MESSAGE][PASSED] - Object: 'Object Repository/Final Object Repo/New Registration - Registration Module Pages/Third Screen - Upload Supporting Doc- Preview/Inner Form Add Document Button' is clicked on

2018-11-08 15:45:44 - [TEST_STEP][PASSED] - delay: Delayed 5 second(s)

2018-11-08 15:45:49 - [MESSAGE][PASSED] - Delayed 5 second(s)

2018-11-08 15:45:49 - [TEST_STEP][PASSED] - click: Object: 'Object Repository/Final Object Repo/New Registration - Registration Module Pages/Third Screen - Upload Supporting Doc- Preview/Add Document Button' is clicked on

2018-11-08 15:45:49 - [MESSAGE][PASSED] - Object: 'Object Repository/Final Object Repo/New Registration - Registration Module Pages/Third Screen - Upload Supporting Doc- Preview/Add Document Button' is clicked on

2018-11-08 15:45:49 - [TEST_STEP][PASSED] - delay: Delayed 30 second(s)

2018-11-08 15:46:19 - [MESSAGE][PASSED] - Delayed 30 second(s)

2018-11-08 15:46:19 - [TEST_STEP][PASSED] - click: Object: 'Object Repository/Final Object Repo/New Registration - Registration Module Pages/Third Screen - Upload Supporting Doc- Preview/Supporting Doc Please Select Drop Down' is clicked on

2018-11-08 15:46:20 - [MESSAGE][PASSED] - Object: 'Object Repository/Final Object Repo/New Registration - Registration Module Pages/Third Screen - Upload Supporting Doc- Preview/Supporting Doc Please Select Drop Down' is clicked on

2018-11-08 15:46:20 - [TEST_STEP][PASSED] - delay: Delayed 3 second(s)

2018-11-08 15:46:23 - [MESSAGE][PASSED] - Delayed 3 second(s)

2018-11-08 15:46:23 - [TEST_STEP][PASSED] - click: Object: 'Object Repository/Final Object Repo/New Registration - Registration Module Pages/Third Screen - Upload Supporting Doc- Preview/Select to Upload Borang SIP 2' is clicked on

2018-11-08 15:46:24 - [MESSAGE][PASSED] - Object: 'Object Repository/Final Object Repo/New Registration - Registration Module Pages/Third Screen - Upload Supporting Doc- Preview/Select to Upload Borang SIP 2' is clicked on

2018-11-08 15:46:24 - [TEST_STEP][PASSED] - delay: Delayed 2 second(s)

2018-11-08 15:46:26 - [MESSAGE][PASSED] - Delayed 2 second(s)

2018-11-08 15:46:26 - [TEST_STEP][PASSED] - uploadFile: File 'C:\Users\Public\Pictures\Sample Pictures\Act.jpg' sent to object: 'Object Repository/Final Object Repo/New Registration - Registration Module Pages/Third Screen - Upload Supporting Doc- Preview/Upload File Adding'

2018-11-08 15:46:26 - [MESSAGE][PASSED] - File 'C:\Users\Public\Pictures\Sample Pictures\Act.jpg' sent to object: 'Object Repository/Final Object Repo/New Registration - Registration Module Pages/Third Screen - Upload Supporting Doc- Preview/Upload File Adding'

2018-11-08 15:46:26 - [TEST_STEP][PASSED] - delay: Delayed 5 second(s)

2018-11-08 15:46:31 - [MESSAGE][PASSED] - Delayed 5 second(s)

2018-11-08 15:46:31 - [TEST_STEP][PASSED] - click: Object: 'Object Repository/Final Object Repo/New Registration - Registration Module Pages/Third Screen - Upload Supporting Doc- Preview/Inner Form Add Document Button' is clicked on

2018-11-08 15:46:36 - [MESSAGE][PASSED] - Object: 'Object Repository/Final Object Repo/New Registration - Registration Module Pages/Third Screen - Upload Supporting Doc- Preview/Inner Form Add Document Button' is clicked on

2018-11-08 15:46:36 - [TEST_STEP][PASSED] - delay: Delayed 3 second(s)

2018-11-08 15:46:39 - [MESSAGE][PASSED] - Delayed 3 second(s)

2018-11-08 15:46:39 - [TEST_STEP][PASSED] - waitForElementClickable: Object 'Object Repository/Final Object Repo/New Registration - Registration Module Pages/Third Screen - Upload Supporting Doc- Preview/Save n Continue in Uploading Supporting Doc Page' is clickable

2018-11-08 15:46:39 - [MESSAGE][PASSED] - Object 'Object Repository/Final Object Repo/New Registration - Registration Module Pages/Third Screen - Upload Supporting Doc- Preview/Save n Continue in Uploading Supporting Doc Page' is clickable

2018-11-08 15:46:39 - [TEST_STEP][PASSED] - click: Object: 'Object Repository/Final Object Repo/New Registration - Registration Module Pages/Third Screen - Upload Supporting Doc- Preview/Save n Continue in Uploading Supporting Doc Page' is clicked on

2018-11-08 15:46:45 - [MESSAGE][PASSED] - Object: 'Object Repository/Final Object Repo/New Registration - Registration Module Pages/Third Screen - Upload Supporting Doc- Preview/Save n Continue in Uploading Supporting Doc Page' is clicked on

2018-11-08 15:46:45 - [MESSAGE][PASSED] - Call Test Case 'Test Cases/Final Aug 2018 - PKS Automation/Registration Module/New Registration/Flow of New Registration/Third Screen - Upload Supporting Doc - Preview' successfully

2018-11-08 15:46:45 - [TEST_STEP][PASSED] - callTestCase: Call Test Case 'Test Cases/Final Aug 2018 - PKS Automation/Registration Module/New Registration/Submit and Screenshot/Submit Registration and Screenshot' successfully

2018-11-08 15:46:45 - [TEST_CASE][PASSED] - Test Cases/Final Aug 2018 - PKS Automation/Registration Module/New Registration/Submit and Screenshot/Submit Registration and Screenshot: Test Cases/Final Aug 2018 - PKS Automation/Registration Module/New Registration/Submit and Screenshot/Submit Registration and Screenshot

2018-11-08 15:46:45 - [TEST_STEP][PASSED] - delay: Delayed 6 second(s)

2018-11-08 15:46:51 - [MESSAGE][PASSED] - Delayed 6 second(s)

2018-11-08 15:46:51 - [TEST_STEP][PASSED] - click: Object: 'Object Repository/Final Object Repo/New Registration - Registration Module Pages/Third Screen - Upload Supporting Doc- Preview/Preview Submit Button' is clicked on

2018-11-08 15:46:51 - [MESSAGE][PASSED] - Object: 'Object Repository/Final Object Repo/New Registration - Registration Module Pages/Third Screen - Upload Supporting Doc- Preview/Preview Submit Button' is clicked on

2018-11-08 15:46:51 - [TEST_STEP][PASSED] - delay: Delayed 2 second(s)

2018-11-08 15:46:53 - [MESSAGE][PASSED] - Delayed 2 second(s)

2018-11-08 15:46:53 - [TEST_STEP][PASSED] - click: Object: 'Object Repository/Final Object Repo/New Registration - Registration Module Pages/Third Screen - Upload Supporting Doc- Preview/Preview Submit - Confirm' is clicked on

2018-11-08 15:46:58 - [MESSAGE][PASSED] - Object: 'Object Repository/Final Object Repo/New Registration - Registration Module Pages/Third Screen - Upload Supporting Doc- Preview/Preview Submit - Confirm' is clicked on

2018-11-08 15:46:58 - [TEST_STEP][PASSED] - delay: Delayed 15 second(s)

2018-11-08 15:47:13 - [MESSAGE][PASSED] - Delayed 15 second(s)

2018-11-08 15:47:13 - [TEST_STEP][PASSED] - Statement - driver = com.kms.katalon.core.webui.driver.DriverFactory.getWebDriver(): null

2018-11-08 15:47:13 - [TEST_STEP][PASSED] - Statement - driver.manage().timeouts().implicitlyWait(10, SECONDS): null

2018-11-08 15:47:13 - [TEST_STEP][PASSED] - Statement - PresavePath = KatalonScreenshots: null

2018-11-08 15:47:13 - [TEST_STEP][PASSED] - Statement - pathPrefix = "C:\Users\Public\Pictures\Sample Pictures\Katalon Screenshots\Automate Ending Screen": null

2018-11-08 15:47:13 - [TEST_STEP][PASSED] - Statement - finalPath = <not implemented yet for class: org.codehaus.groovy.ast.expr.EmptyExpression>: null

2018-11-08 15:47:13 - [TEST_STEP][PASSED] - Statement - scrFile = driver.getScreenshotAs(FILE): null

2018-11-08 15:47:13 - [TEST_STEP][PASSED] - Statement - PreSaveFile = new java.io.File(PresavePath): null

2018-11-08 15:47:13 - [TEST_STEP][PASSED] - Statement - counter = 0: null

2018-11-08 15:47:13 - [TEST_STEP][PASSED] - Statement - If (PreSaveFile.exists()): null

2018-11-08 15:47:13 - [TEST_STEP][PASSED] - Statement - While (PreSaveFile.exists()): null

2018-11-08 15:47:13 - [TEST_STEP][PASSED] - Statement - counter = counter + 1: null

2018-11-08 15:47:13 - [TEST_STEP][PASSED] - Statement - PreSaveFile = new java.io.File(((pathPrefix + java.lang.Integer.toString(counter)) + .png)): null

2018-11-08 15:47:13 - [TEST_STEP][PASSED] - Statement - counter = counter + 1: null

2018-11-08 15:47:13 - [TEST_STEP][PASSED] - Statement - PreSaveFile = new java.io.File(((pathPrefix + java.lang.Integer.toString(counter)) + .png)): null

2018-11-08 15:47:13 - [TEST_STEP][PASSED] - Statement - counter = counter + 1: null

2018-11-08 15:47:13 - [TEST_STEP][PASSED] - Statement - PreSaveFile = new java.io.File(((pathPrefix + java.lang.Integer.toString(counter)) + .png)): null

2018-11-08 15:47:13 - [TEST_STEP][PASSED] - Statement - counter = counter + 1: null

2018-11-08 15:47:13 - [TEST_STEP][PASSED] - Statement - PreSaveFile = new java.io.File(((pathPrefix + java.lang.Integer.toString(counter)) + .png)): null

2018-11-08 15:47:14 - [TEST_STEP][PASSED] - Statement - counter = counter + 1: null

2018-11-08 15:47:14 - [TEST_STEP][PASSED] - Statement - PreSaveFile = new java.io.File(((pathPrefix + java.lang.Integer.toString(counter)) + .png)): null

2018-11-08 15:47:14 - [TEST_STEP][PASSED] - Statement - counter = counter + 1: null

2018-11-08 15:47:14 - [TEST_STEP][PASSED] - Statement - PreSaveFile = new java.io.File(((pathPrefix + java.lang.Integer.toString(counter)) + .png)): null

2018-11-08 15:47:14 - [TEST_STEP][PASSED] - Statement - counter = counter + 1: null

2018-11-08 15:47:14 - [TEST_STEP][PASSED] - Statement - PreSaveFile = new java.io.File(((pathPrefix + java.lang.Integer.toString(counter)) + .png)): null

2018-11-08 15:47:14 - [TEST_STEP][PASSED] - Statement - counter = counter + 1: null

2018-11-08 15:47:14 - [TEST_STEP][PASSED] - Statement - PreSaveFile = new java.io.File(((pathPrefix + java.lang.Integer.toString(counter)) + .png)): null

2018-11-08 15:47:14 - [TEST_STEP][PASSED] - Statement - counter = counter + 1: null

2018-11-08 15:47:14 - [TEST_STEP][PASSED] - Statement - PreSaveFile = new java.io.File(((pathPrefix + java.lang.Integer.toString(counter)) + .png)): null

2018-11-08 15:47:14 - [TEST_STEP][PASSED] - Statement - counter = counter + 1: null

2018-11-08 15:47:14 - [TEST_STEP][PASSED] - Statement - PreSaveFile = new java.io.File(((pathPrefix + java.lang.Integer.toString(counter)) + .png)): null

2018-11-08 15:47:14 - [TEST_STEP][PASSED] - Statement - counter = counter + 1: null

2018-11-08 15:47:14 - [TEST_STEP][PASSED] - Statement - PreSaveFile = new java.io.File(((pathPrefix + java.lang.Integer.toString(counter)) + .png)): null

2018-11-08 15:47:14 - [TEST_STEP][PASSED] - Statement - counter = counter + 1: null

2018-11-08 15:47:14 - [TEST_STEP][PASSED] - Statement - PreSaveFile = new java.io.File(((pathPrefix + java.lang.Integer.toString(counter)) + .png)): null

2018-11-08 15:47:14 - [TEST_STEP][PASSED] - Statement - counter = counter + 1: null

2018-11-08 15:47:14 - [TEST_STEP][PASSED] - Statement - PreSaveFile = new java.io.File(((pathPrefix + java.lang.Integer.toString(counter)) + .png)): null

2018-11-08 15:47:14 - [TEST_STEP][PASSED] - Statement - counter = counter + 1: null

2018-11-08 15:47:14 - [TEST_STEP][PASSED] - Statement - PreSaveFile = new java.io.File(((pathPrefix + java.lang.Integer.toString(counter)) + .png)): null

2018-11-08 15:47:14 - [TEST_STEP][PASSED] - Statement - counter = counter + 1: null

2018-11-08 15:47:14 - [TEST_STEP][PASSED] - Statement - PreSaveFile = new java.io.File(((pathPrefix + java.lang.Integer.toString(counter)) + .png)): null

2018-11-08 15:47:14 - [TEST_STEP][PASSED] - Statement - counter = counter + 1: null

2018-11-08 15:47:14 - [TEST_STEP][PASSED] - Statement - PreSaveFile = new java.io.File(((pathPrefix + java.lang.Integer.toString(counter)) + .png)): null

2018-11-08 15:47:14 - [TEST_STEP][PASSED] - Statement - counter = counter + 1: null

2018-11-08 15:47:14 - [TEST_STEP][PASSED] - Statement - PreSaveFile = new java.io.File(((pathPrefix + java.lang.Integer.toString(counter)) + .png)): null

2018-11-08 15:47:14 - [TEST_STEP][PASSED] - Statement - counter = counter + 1: null

2018-11-08 15:47:14 - [TEST_STEP][PASSED] - Statement - PreSaveFile = new java.io.File(((pathPrefix + java.lang.Integer.toString(counter)) + .png)): null

2018-11-08 15:47:14 - [TEST_STEP][PASSED] - Statement - counter = counter + 1: null

2018-11-08 15:47:14 - [TEST_STEP][PASSED] - Statement - PreSaveFile = new java.io.File(((pathPrefix + java.lang.Integer.toString(counter)) + .png)): null

2018-11-08 15:47:14 - [TEST_STEP][PASSED] - Statement - counter = counter + 1: null

2018-11-08 15:47:14 - [TEST_STEP][PASSED] - Statement - PreSaveFile = new java.io.File(((pathPrefix + java.lang.Integer.toString(counter)) + .png)): null

2018-11-08 15:47:14 - [TEST_STEP][PASSED] - Statement - counter = counter + 1: null

2018-11-08 15:47:14 - [TEST_STEP][PASSED] - Statement - PreSaveFile = new java.io.File(((pathPrefix + java.lang.Integer.toString(counter)) + .png)): null

2018-11-08 15:47:14 - [TEST_STEP][PASSED] - Statement - counter = counter + 1: null

2018-11-08 15:47:14 - [TEST_STEP][PASSED] - Statement - PreSaveFile = new java.io.File(((pathPrefix + java.lang.Integer.toString(counter)) + .png)): null

2018-11-08 15:47:14 - [TEST_STEP][PASSED] - Statement - counter = counter + 1: null

2018-11-08 15:47:14 - [TEST_STEP][PASSED] - Statement - PreSaveFile = new java.io.File(((pathPrefix + java.lang.Integer.toString(counter)) + .png)): null

2018-11-08 15:47:14 - [TEST_STEP][PASSED] - Statement - counter = counter + 1: null

2018-11-08 15:47:14 - [TEST_STEP][PASSED] - Statement - PreSaveFile = new java.io.File(((pathPrefix + java.lang.Integer.toString(counter)) + .png)): null

2018-11-08 15:47:14 - [TEST_STEP][PASSED] - Statement - counter = counter + 1: null

2018-11-08 15:47:14 - [TEST_STEP][PASSED] - Statement - PreSaveFile = new java.io.File(((pathPrefix + java.lang.Integer.toString(counter)) + .png)): null

2018-11-08 15:47:14 - [TEST_STEP][PASSED] - Statement - counter = counter + 1: null

2018-11-08 15:47:14 - [TEST_STEP][PASSED] - Statement - PreSaveFile = new java.io.File(((pathPrefix + java.lang.Integer.toString(counter)) + .png)): null

2018-11-08 15:47:14 - [TEST_STEP][PASSED] - Statement - counter = counter + 1: null

2018-11-08 15:47:14 - [TEST_STEP][PASSED] - Statement - PreSaveFile = new java.io.File(((pathPrefix + java.lang.Integer.toString(counter)) + .png)): null

2018-11-08 15:47:14 - [TEST_STEP][PASSED] - Statement - counter = counter + 1: null

2018-11-08 15:47:14 - [TEST_STEP][PASSED] - Statement - PreSaveFile = new java.io.File(((pathPrefix + java.lang.Integer.toString(counter)) + .png)): null

2018-11-08 15:47:14 - [TEST_STEP][PASSED] - Statement - counter = counter + 1: null

2018-11-08 15:47:14 - [TEST_STEP][PASSED] - Statement - PreSaveFile = new java.io.File(((pathPrefix + java.lang.Integer.toString(counter)) + .png)): null

2018-11-08 15:47:14 - [TEST_STEP][PASSED] - Statement - counter = counter + 1: null

2018-11-08 15:47:14 - [TEST_STEP][PASSED] - Statement - PreSaveFile = new java.io.File(((pathPrefix + java.lang.Integer.toString(counter)) + .png)): null

2018-11-08 15:47:14 - [TEST_STEP][PASSED] - Statement - counter = counter + 1: null

2018-11-08 15:47:14 - [TEST_STEP][PASSED] - Statement - PreSaveFile = new java.io.File(((pathPrefix + java.lang.Integer.toString(counter)) + .png)): null

2018-11-08 15:47:14 - [TEST_STEP][PASSED] - Statement - counter = counter + 1: null

2018-11-08 15:47:14 - [TEST_STEP][PASSED] - Statement - PreSaveFile = new java.io.File(((pathPrefix + java.lang.Integer.toString(counter)) + .png)): null

2018-11-08 15:47:14 - [TEST_STEP][PASSED] - Statement - counter = counter + 1: null

2018-11-08 15:47:15 - [TEST_STEP][PASSED] - Statement - PreSaveFile = new java.io.File(((pathPrefix + java.lang.Integer.toString(counter)) + .png)): null

2018-11-08 15:47:15 - [TEST_STEP][PASSED] - Statement - counter = counter + 1: null

2018-11-08 15:47:15 - [TEST_STEP][PASSED] - Statement - PreSaveFile = new java.io.File(((pathPrefix + java.lang.Integer.toString(counter)) + .png)): null

2018-11-08 15:47:15 - [TEST_STEP][PASSED] - Statement - counter = counter + 1: null

2018-11-08 15:47:15 - [TEST_STEP][PASSED] - Statement - PreSaveFile = new java.io.File(((pathPrefix + java.lang.Integer.toString(counter)) + .png)): null

2018-11-08 15:47:15 - [TEST_STEP][PASSED] - Statement - counter = counter + 1: null

2018-11-08 15:47:15 - [TEST_STEP][PASSED] - Statement - PreSaveFile = new java.io.File(((pathPrefix + java.lang.Integer.toString(counter)) + .png)): null

2018-11-08 15:47:15 - [TEST_STEP][PASSED] - Statement - counter = counter + 1: null

2018-11-08 15:47:15 - [TEST_STEP][PASSED] - Statement - PreSaveFile = new java.io.File(((pathPrefix + java.lang.Integer.toString(counter)) + .png)): null

2018-11-08 15:47:15 - [TEST_STEP][PASSED] - Statement - counter = counter + 1: null

2018-11-08 15:47:16 - [TEST_STEP][PASSED] - Statement - PreSaveFile = new java.io.File(((pathPrefix + java.lang.Integer.toString(counter)) + .png)): null

2018-11-08 15:47:16 - [TEST_STEP][PASSED] - Statement - counter = counter + 1: null

2018-11-08 15:47:16 - [TEST_STEP][PASSED] - Statement - PreSaveFile = new java.io.File(((pathPrefix + java.lang.Integer.toString(counter)) + .png)): null

2018-11-08 15:47:16 - [TEST_STEP][PASSED] - Statement - counter = counter + 1: null

2018-11-08 15:47:16 - [TEST_STEP][PASSED] - Statement - PreSaveFile = new java.io.File(((pathPrefix + java.lang.Integer.toString(counter)) + .png)): null

2018-11-08 15:47:16 - [TEST_STEP][PASSED] - Statement - counter = counter + 1: null

2018-11-08 15:47:16 - [TEST_STEP][PASSED] - Statement - PreSaveFile = new java.io.File(((pathPrefix + java.lang.Integer.toString(counter)) + .png)): null

2018-11-08 15:47:16 - [TEST_STEP][PASSED] - Statement - counter = counter + 1: null

2018-11-08 15:47:16 - [TEST_STEP][PASSED] - Statement - PreSaveFile = new java.io.File(((pathPrefix + java.lang.Integer.toString(counter)) + .png)): null

2018-11-08 15:47:16 - [TEST_STEP][PASSED] - Statement - counter = counter + 1: null

2018-11-08 15:47:16 - [TEST_STEP][PASSED] - Statement - PreSaveFile = new java.io.File(((pathPrefix + java.lang.Integer.toString(counter)) + .png)): null

2018-11-08 15:47:16 - [TEST_STEP][PASSED] - Statement - counter = counter + 1: null

2018-11-08 15:47:16 - [TEST_STEP][PASSED] - Statement - PreSaveFile = new java.io.File(((pathPrefix + java.lang.Integer.toString(counter)) + .png)): null

2018-11-08 15:47:16 - [TEST_STEP][PASSED] - Statement - counter = counter + 1: null

2018-11-08 15:47:16 - [TEST_STEP][PASSED] - Statement - PreSaveFile = new java.io.File(((pathPrefix + java.lang.Integer.toString(counter)) + .png)): null

2018-11-08 15:47:16 - [TEST_STEP][PASSED] - Statement - counter = counter + 1: null

2018-11-08 15:47:16 - [TEST_STEP][PASSED] - Statement - PreSaveFile = new java.io.File(((pathPrefix + java.lang.Integer.toString(counter)) + .png)): null

2018-11-08 15:47:16 - [TEST_STEP][PASSED] - Statement - counter = counter + 1: null

2018-11-08 15:47:16 - [TEST_STEP][PASSED] - Statement - PreSaveFile = new java.io.File(((pathPrefix + java.lang.Integer.toString(counter)) + .png)): null

2018-11-08 15:47:16 - [TEST_STEP][PASSED] - Statement - counter = counter + 1: null

2018-11-08 15:47:16 - [TEST_STEP][PASSED] - Statement - PreSaveFile = new java.io.File(((pathPrefix + java.lang.Integer.toString(counter)) + .png)): null

2018-11-08 15:47:16 - [TEST_STEP][PASSED] - Statement - counter = counter + 1: null

2018-11-08 15:47:16 - [TEST_STEP][PASSED] - Statement - PreSaveFile = new java.io.File(((pathPrefix + java.lang.Integer.toString(counter)) + .png)): null

2018-11-08 15:47:16 - [TEST_STEP][PASSED] - Statement - counter = counter + 1: null

2018-11-08 15:47:17 - [TEST_STEP][PASSED] - Statement - PreSaveFile = new java.io.File(((pathPrefix + java.lang.Integer.toString(counter)) + .png)): null

2018-11-08 15:47:17 - [TEST_STEP][PASSED] - Statement - counter = counter + 1: null

2018-11-08 15:47:17 - [TEST_STEP][PASSED] - Statement - PreSaveFile = new java.io.File(((pathPrefix + java.lang.Integer.toString(counter)) + .png)): null

2018-11-08 15:47:17 - [TEST_STEP][PASSED] - Statement - counter = counter + 1: null

2018-11-08 15:47:17 - [TEST_STEP][PASSED] - Statement - PreSaveFile = new java.io.File(((pathPrefix + java.lang.Integer.toString(counter)) + .png)): null

2018-11-08 15:47:17 - [TEST_STEP][PASSED] - Statement - counter = counter + 1: null

2018-11-08 15:47:17 - [TEST_STEP][PASSED] - Statement - PreSaveFile = new java.io.File(((pathPrefix + java.lang.Integer.toString(counter)) + .png)): null

2018-11-08 15:47:17 - [TEST_STEP][PASSED] - Statement - counter = counter + 1: null

2018-11-08 15:47:17 - [TEST_STEP][PASSED] - Statement - PreSaveFile = new java.io.File(((pathPrefix + java.lang.Integer.toString(counter)) + .png)): null

2018-11-08 15:47:17 - [TEST_STEP][PASSED] - Statement - counter = counter + 1: null

2018-11-08 15:47:17 - [TEST_STEP][PASSED] - Statement - PreSaveFile = new java.io.File(((pathPrefix + java.lang.Integer.toString(counter)) + .png)): null

2018-11-08 15:47:17 - [TEST_STEP][PASSED] - Statement - counter = counter + 1: null

2018-11-08 15:47:17 - [TEST_STEP][PASSED] - Statement - PreSaveFile = new java.io.File(((pathPrefix + java.lang.Integer.toString(counter)) + .png)): null

2018-11-08 15:47:17 - [TEST_STEP][PASSED] - Statement - counter = counter + 1: null

2018-11-08 15:47:17 - [TEST_STEP][PASSED] - Statement - PreSaveFile = new java.io.File(((pathPrefix + java.lang.Integer.toString(counter)) + .png)): null

2018-11-08 15:47:17 - [TEST_STEP][PASSED] - Statement - counter = counter + 1: null

2018-11-08 15:47:17 - [TEST_STEP][PASSED] - Statement - PreSaveFile = new java.io.File(((pathPrefix + java.lang.Integer.toString(counter)) + .png)): null

2018-11-08 15:47:17 - [TEST_STEP][PASSED] - Statement - counter = counter + 1: null

2018-11-08 15:47:17 - [TEST_STEP][PASSED] - Statement - PreSaveFile = new java.io.File(((pathPrefix + java.lang.Integer.toString(counter)) + .png)): null

2018-11-08 15:47:17 - [TEST_STEP][PASSED] - Statement - counter = counter + 1: null

2018-11-08 15:47:17 - [TEST_STEP][PASSED] - Statement - PreSaveFile = new java.io.File(((pathPrefix + java.lang.Integer.toString(counter)) + .png)): null

2018-11-08 15:47:17 - [TEST_STEP][PASSED] - Statement - counter = counter + 1: null

2018-11-08 15:47:17 - [TEST_STEP][PASSED] - Statement - PreSaveFile = new java.io.File(((pathPrefix + java.lang.Integer.toString(counter)) + .png)): null

2018-11-08 15:47:17 - [TEST_STEP][PASSED] - Statement - counter = counter + 1: null

2018-11-08 15:47:18 - [TEST_STEP][PASSED] - Statement - PreSaveFile = new java.io.File(((pathPrefix + java.lang.Integer.toString(counter)) + .png)): null

2018-11-08 15:47:18 - [TEST_STEP][PASSED] - Statement - counter = counter + 1: null

2018-11-08 15:47:18 - [TEST_STEP][PASSED] - Statement - PreSaveFile = new java.io.File(((pathPrefix + java.lang.Integer.toString(counter)) + .png)): null

2018-11-08 15:47:18 - [TEST_STEP][PASSED] - Statement - counter = counter + 1: null

2018-11-08 15:47:18 - [TEST_STEP][PASSED] - Statement - PreSaveFile = new java.io.File(((pathPrefix + java.lang.Integer.toString(counter)) + .png)): null

2018-11-08 15:47:18 - [TEST_STEP][PASSED] - Statement - counter = counter + 1: null

2018-11-08 15:47:18 - [TEST_STEP][PASSED] - Statement - PreSaveFile = new java.io.File(((pathPrefix + java.lang.Integer.toString(counter)) + .png)): null

2018-11-08 15:47:18 - [TEST_STEP][PASSED] - Statement - counter = counter + 1: null

2018-11-08 15:47:18 - [TEST_STEP][PASSED] - Statement - PreSaveFile = new java.io.File(((pathPrefix + java.lang.Integer.toString(counter)) + .png)): null

2018-11-08 15:47:19 - [TEST_STEP][PASSED] - Statement - counter = counter + 1: null

2018-11-08 15:47:19 - [TEST_STEP][PASSED] - Statement - PreSaveFile = new java.io.File(((pathPrefix + java.lang.Integer.toString(counter)) + .png)): null

2018-11-08 15:47:19 - [TEST_STEP][PASSED] - Statement - counter = counter + 1: null

2018-11-08 15:47:19 - [TEST_STEP][PASSED] - Statement - PreSaveFile = new java.io.File(((pathPrefix + java.lang.Integer.toString(counter)) + .png)): null

2018-11-08 15:47:19 - [TEST_STEP][PASSED] - Statement - counter = counter + 1: null

2018-11-08 15:47:19 - [TEST_STEP][PASSED] - Statement - PreSaveFile = new java.io.File(((pathPrefix + java.lang.Integer.toString(counter)) + .png)): null

2018-11-08 15:47:19 - [TEST_STEP][PASSED] - Statement - counter = counter + 1: null

2018-11-08 15:47:19 - [TEST_STEP][PASSED] - Statement - PreSaveFile = new java.io.File(((pathPrefix + java.lang.Integer.toString(counter)) + .png)): null

2018-11-08 15:47:19 - [TEST_STEP][PASSED] - Statement - counter = counter + 1: null

2018-11-08 15:47:19 - [TEST_STEP][PASSED] - Statement - PreSaveFile = new java.io.File(((pathPrefix + java.lang.Integer.toString(counter)) + .png)): null

2018-11-08 15:47:19 - [TEST_STEP][PASSED] - Statement - counter = counter + 1: null

2018-11-08 15:47:19 - [TEST_STEP][PASSED] - Statement - PreSaveFile = new java.io.File(((pathPrefix + java.lang.Integer.toString(counter)) + .png)): null

2018-11-08 15:47:19 - [TEST_STEP][PASSED] - Statement - counter = counter + 1: null

2018-11-08 15:47:19 - [TEST_STEP][PASSED] - Statement - PreSaveFile = new java.io.File(((pathPrefix + java.lang.Integer.toString(counter)) + .png)): null

2018-11-08 15:47:19 - [TEST_STEP][PASSED] - Statement - counter = counter + 1: null

2018-11-08 15:47:19 - [TEST_STEP][PASSED] - Statement - PreSaveFile = new java.io.File(((pathPrefix + java.lang.Integer.toString(counter)) + .png)): null

2018-11-08 15:47:19 - [TEST_STEP][PASSED] - Statement - counter = counter + 1: null

2018-11-08 15:47:19 - [TEST_STEP][PASSED] - Statement - PreSaveFile = new java.io.File(((pathPrefix + java.lang.Integer.toString(counter)) + .png)): null

2018-11-08 15:47:19 - [TEST_STEP][PASSED] - Statement - counter = counter + 1: null

2018-11-08 15:47:19 - [TEST_STEP][PASSED] - Statement - PreSaveFile = new java.io.File(((pathPrefix + java.lang.Integer.toString(counter)) + .png)): null

2018-11-08 15:47:19 - [TEST_STEP][PASSED] - Statement - counter = counter + 1: null

2018-11-08 15:47:19 - [TEST_STEP][PASSED] - Statement - PreSaveFile = new java.io.File(((pathPrefix + java.lang.Integer.toString(counter)) + .png)): null

2018-11-08 15:47:19 - [TEST_STEP][PASSED] - Statement - counter = counter + 1: null

2018-11-08 15:47:20 - [TEST_STEP][PASSED] - Statement - PreSaveFile = new java.io.File(((pathPrefix + java.lang.Integer.toString(counter)) + .png)): null

2018-11-08 15:47:20 - [TEST_STEP][PASSED] - Statement - counter = counter + 1: null

2018-11-08 15:47:20 - [TEST_STEP][PASSED] - Statement - PreSaveFile = new java.io.File(((pathPrefix + java.lang.Integer.toString(counter)) + .png)): null

2018-11-08 15:47:20 - [TEST_STEP][PASSED] - Statement - counter = counter + 1: null

2018-11-08 15:47:20 - [TEST_STEP][PASSED] - Statement - PreSaveFile = new java.io.File(((pathPrefix + java.lang.Integer.toString(counter)) + .png)): null

2018-11-08 15:47:20 - [TEST_STEP][PASSED] - Statement - counter = counter + 1: null

2018-11-08 15:47:20 - [TEST_STEP][PASSED] - Statement - PreSaveFile = new java.io.File(((pathPrefix + java.lang.Integer.toString(counter)) + .png)): null

2018-11-08 15:47:20 - [TEST_STEP][PASSED] - Statement - counter = counter + 1: null

2018-11-08 15:47:20 - [TEST_STEP][PASSED] - Statement - PreSaveFile = new java.io.File(((pathPrefix + java.lang.Integer.toString(counter)) + .png)): null

2018-11-08 15:47:20 - [TEST_STEP][PASSED] - Statement - counter = counter + 1: null

2018-11-08 15:47:20 - [TEST_STEP][PASSED] - Statement - PreSaveFile = new java.io.File(((pathPrefix + java.lang.Integer.toString(counter)) + .png)): null

2018-11-08 15:47:20 - [TEST_STEP][PASSED] - Statement - counter = counter + 1: null

2018-11-08 15:47:20 - [TEST_STEP][PASSED] - Statement - PreSaveFile = new java.io.File(((pathPrefix + java.lang.Integer.toString(counter)) + .png)): null

2018-11-08 15:47:20 - [TEST_STEP][PASSED] - Statement - counter = counter + 1: null

2018-11-08 15:47:20 - [TEST_STEP][PASSED] - Statement - PreSaveFile = new java.io.File(((pathPrefix + java.lang.Integer.toString(counter)) + .png)): null

2018-11-08 15:47:20 - [TEST_STEP][PASSED] - Statement - counter = counter + 1: null

2018-11-08 15:47:20 - [TEST_STEP][PASSED] - Statement - PreSaveFile = new java.io.File(((pathPrefix + java.lang.Integer.toString(counter)) + .png)): null

2018-11-08 15:47:20 - [TEST_STEP][PASSED] - Statement - counter = counter + 1: null

2018-11-08 15:47:20 - [TEST_STEP][PASSED] - Statement - PreSaveFile = new java.io.File(((pathPrefix + java.lang.Integer.toString(counter)) + .png)): null

2018-11-08 15:47:20 - [TEST_STEP][PASSED] - Statement - counter = counter + 1: null

2018-11-08 15:47:20 - [TEST_STEP][PASSED] - Statement - PreSaveFile = new java.io.File(((pathPrefix + java.lang.Integer.toString(counter)) + .png)): null

2018-11-08 15:47:20 - [TEST_STEP][PASSED] - Statement - counter = counter + 1: null

2018-11-08 15:47:20 - [TEST_STEP][PASSED] - Statement - PreSaveFile = new java.io.File(((pathPrefix + java.lang.Integer.toString(counter)) + .png)): null

2018-11-08 15:47:20 - [TEST_STEP][PASSED] - Statement - counter = counter + 1: null

2018-11-08 15:47:21 - [TEST_STEP][PASSED] - Statement - PreSaveFile = new java.io.File(((pathPrefix + java.lang.Integer.toString(counter)) + .png)): null

2018-11-08 15:47:21 - [TEST_STEP][PASSED] - Statement - counter = counter + 1: null

2018-11-08 15:47:21 - [TEST_STEP][PASSED] - Statement - PreSaveFile = new java.io.File(((pathPrefix + java.lang.Integer.toString(counter)) + .png)): null

2018-11-08 15:47:21 - [TEST_STEP][PASSED] - Statement - counter = counter + 1: null

2018-11-08 15:47:21 - [TEST_STEP][PASSED] - Statement - PreSaveFile = new java.io.File(((pathPrefix + java.lang.Integer.toString(counter)) + .png)): null

2018-11-08 15:47:21 - [TEST_STEP][PASSED] - Statement - counter = counter + 1: null

2018-11-08 15:47:21 - [TEST_STEP][PASSED] - Statement - PreSaveFile = new java.io.File(((pathPrefix + java.lang.Integer.toString(counter)) + .png)): null

2018-11-08 15:47:21 - [TEST_STEP][PASSED] - Statement - counter = counter + 1: null

2018-11-08 15:47:21 - [TEST_STEP][PASSED] - Statement - PreSaveFile = new java.io.File(((pathPrefix + java.lang.Integer.toString(counter)) + .png)): null

2018-11-08 15:47:21 - [TEST_STEP][PASSED] - Statement - counter = counter + 1: null

2018-11-08 15:47:22 - [TEST_STEP][PASSED] - Statement - PreSaveFile = new java.io.File(((pathPrefix + java.lang.Integer.toString(counter)) + .png)): null

2018-11-08 15:47:22 - [TEST_STEP][PASSED] - Statement - counter = counter + 1: null

2018-11-08 15:47:22 - [TEST_STEP][PASSED] - Statement - PreSaveFile = new java.io.File(((pathPrefix + java.lang.Integer.toString(counter)) + .png)): null

2018-11-08 15:47:22 - [TEST_STEP][PASSED] - Statement - counter = counter + 1: null

2018-11-08 15:47:22 - [TEST_STEP][PASSED] - Statement - PreSaveFile = new java.io.File(((pathPrefix + java.lang.Integer.toString(counter)) + .png)): null

2018-11-08 15:47:22 - [TEST_STEP][PASSED] - Statement - counter = counter + 1: null

2018-11-08 15:47:22 - [TEST_STEP][PASSED] - Statement - PreSaveFile = new java.io.File(((pathPrefix + java.lang.Integer.toString(counter)) + .png)): null

2018-11-08 15:47:22 - [TEST_STEP][PASSED] - Statement - counter = counter + 1: null

2018-11-08 15:47:22 - [TEST_STEP][PASSED] - Statement - PreSaveFile = new java.io.File(((pathPrefix + java.lang.Integer.toString(counter)) + .png)): null

2018-11-08 15:47:23 - [TEST_STEP][PASSED] - Statement - counter = counter + 1: null

2018-11-08 15:47:23 - [TEST_STEP][PASSED] - Statement - PreSaveFile = new java.io.File(((pathPrefix + java.lang.Integer.toString(counter)) + .png)): null

2018-11-08 15:47:23 - [TEST_STEP][PASSED] - Statement - counter = counter + 1: null

2018-11-08 15:47:23 - [TEST_STEP][PASSED] - Statement - PreSaveFile = new java.io.File(((pathPrefix + java.lang.Integer.toString(counter)) + .png)): null

2018-11-08 15:47:23 - [TEST_STEP][PASSED] - Statement - counter = counter + 1: null

2018-11-08 15:47:23 - [TEST_STEP][PASSED] - Statement - PreSaveFile = new java.io.File(((pathPrefix + java.lang.Integer.toString(counter)) + .png)): null

2018-11-08 15:47:23 - [TEST_STEP][PASSED] - Statement - counter = counter + 1: null

2018-11-08 15:47:23 - [TEST_STEP][PASSED] - Statement - PreSaveFile = new java.io.File(((pathPrefix + java.lang.Integer.toString(counter)) + .png)): null

2018-11-08 15:47:23 - [TEST_STEP][PASSED] - Statement - counter = counter + 1: null

2018-11-08 15:47:23 - [TEST_STEP][PASSED] - Statement - PreSaveFile = new java.io.File(((pathPrefix + java.lang.Integer.toString(counter)) + .png)): null

2018-11-08 15:47:23 - [TEST_STEP][PASSED] - Statement - counter = counter + 1: null

2018-11-08 15:47:23 - [TEST_STEP][PASSED] - Statement - PreSaveFile = new java.io.File(((pathPrefix + java.lang.Integer.toString(counter)) + .png)): null

2018-11-08 15:47:23 - [TEST_STEP][PASSED] - Statement - counter = counter + 1: null

2018-11-08 15:47:23 - [TEST_STEP][PASSED] - Statement - PreSaveFile = new java.io.File(((pathPrefix + java.lang.Integer.toString(counter)) + .png)): null

2018-11-08 15:47:23 - [TEST_STEP][PASSED] - Statement - counter = counter + 1: null

2018-11-08 15:47:23 - [TEST_STEP][PASSED] - Statement - PreSaveFile = new java.io.File(((pathPrefix + java.lang.Integer.toString(counter)) + .png)): null

2018-11-08 15:47:23 - [TEST_STEP][PASSED] - Statement - counter = counter + 1: null

2018-11-08 15:47:23 - [TEST_STEP][PASSED] - Statement - PreSaveFile = new java.io.File(((pathPrefix + java.lang.Integer.toString(counter)) + .png)): null

2018-11-08 15:47:23 - [TEST_STEP][PASSED] - Statement - counter = counter + 1: null

2018-11-08 15:47:23 - [TEST_STEP][PASSED] - Statement - PreSaveFile = new java.io.File(((pathPrefix + java.lang.Integer.toString(counter)) + .png)): null

2018-11-08 15:47:23 - [TEST_STEP][PASSED] - Statement - counter = counter + 1: null

2018-11-08 15:47:23 - [TEST_STEP][PASSED] - Statement - PreSaveFile = new java.io.File(((pathPrefix + java.lang.Integer.toString(counter)) + .png)): null

2018-11-08 15:47:23 - [TEST_STEP][PASSED] - Statement - counter = counter + 1: null

2018-11-08 15:47:24 - [TEST_STEP][PASSED] - Statement - PreSaveFile = new java.io.File(((pathPrefix + java.lang.Integer.toString(counter)) + .png)): null

2018-11-08 15:47:24 - [TEST_STEP][PASSED] - Statement - counter = counter + 1: null

2018-11-08 15:47:24 - [TEST_STEP][PASSED] - Statement - PreSaveFile = new java.io.File(((pathPrefix + java.lang.Integer.toString(counter)) + .png)): null

2018-11-08 15:47:24 - [TEST_STEP][PASSED] - Statement - counter = counter + 1: null

2018-11-08 15:47:24 - [TEST_STEP][PASSED] - Statement - PreSaveFile = new java.io.File(((pathPrefix + java.lang.Integer.toString(counter)) + .png)): null

2018-11-08 15:47:24 - [TEST_STEP][PASSED] - Statement - counter = counter + 1: null

2018-11-08 15:47:24 - [TEST_STEP][PASSED] - Statement - PreSaveFile = new java.io.File(((pathPrefix + java.lang.Integer.toString(counter)) + .png)): null

2018-11-08 15:47:24 - [TEST_STEP][PASSED] - Statement - counter = counter + 1: null

2018-11-08 15:47:24 - [TEST_STEP][PASSED] - Statement - PreSaveFile = new java.io.File(((pathPrefix + java.lang.Integer.toString(counter)) + .png)): null

2018-11-08 15:47:25 - [TEST_STEP][PASSED] - Statement - counter = counter + 1: null

2018-11-08 15:47:25 - [TEST_STEP][PASSED] - Statement - PreSaveFile = new java.io.File(((pathPrefix + java.lang.Integer.toString(counter)) + .png)): null

2018-11-08 15:47:25 - [TEST_STEP][PASSED] - Statement - counter = counter + 1: null

2018-11-08 15:47:25 - [TEST_STEP][PASSED] - Statement - PreSaveFile = new java.io.File(((pathPrefix + java.lang.Integer.toString(counter)) + .png)): null

2018-11-08 15:47:25 - [TEST_STEP][PASSED] - Statement - counter = counter + 1: null

2018-11-08 15:47:25 - [TEST_STEP][PASSED] - Statement - PreSaveFile = new java.io.File(((pathPrefix + java.lang.Integer.toString(counter)) + .png)): null

2018-11-08 15:47:25 - [TEST_STEP][PASSED] - Statement - counter = counter + 1: null

2018-11-08 15:47:25 - [TEST_STEP][PASSED] - Statement - PreSaveFile = new java.io.File(((pathPrefix + java.lang.Integer.toString(counter)) + .png)): null

2018-11-08 15:47:25 - [TEST_STEP][PASSED] - Statement - counter = counter + 1: null

2018-11-08 15:47:25 - [TEST_STEP][PASSED] - Statement - PreSaveFile = new java.io.File(((pathPrefix + java.lang.Integer.toString(counter)) + .png)): null

2018-11-08 15:47:25 - [TEST_STEP][PASSED] - Statement - counter = counter + 1: null

2018-11-08 15:47:25 - [TEST_STEP][PASSED] - Statement - PreSaveFile = new java.io.File(((pathPrefix + java.lang.Integer.toString(counter)) + .png)): null

2018-11-08 15:47:25 - [TEST_STEP][PASSED] - Statement - counter = counter + 1: null

2018-11-08 15:47:25 - [TEST_STEP][PASSED] - Statement - PreSaveFile = new java.io.File(((pathPrefix + java.lang.Integer.toString(counter)) + .png)): null

2018-11-08 15:47:25 - [TEST_STEP][PASSED] - Statement - counter = counter + 1: null

2018-11-08 15:47:25 - [TEST_STEP][PASSED] - Statement - PreSaveFile = new java.io.File(((pathPrefix + java.lang.Integer.toString(counter)) + .png)): null

2018-11-08 15:47:25 - [TEST_STEP][PASSED] - Statement - counter = counter + 1: null

2018-11-08 15:47:25 - [TEST_STEP][PASSED] - Statement - PreSaveFile = new java.io.File(((pathPrefix + java.lang.Integer.toString(counter)) + .png)): null

2018-11-08 15:47:25 - [TEST_STEP][PASSED] - Statement - counter = counter + 1: null

2018-11-08 15:47:26 - [TEST_STEP][PASSED] - Statement - PreSaveFile = new java.io.File(((pathPrefix + java.lang.Integer.toString(counter)) + .png)): null

2018-11-08 15:47:26 - [TEST_STEP][PASSED] - Statement - counter = counter + 1: null

2018-11-08 15:47:26 - [TEST_STEP][PASSED] - Statement - PreSaveFile = new java.io.File(((pathPrefix + java.lang.Integer.toString(counter)) + .png)): null

2018-11-08 15:47:26 - [TEST_STEP][PASSED] - Statement - counter = counter + 1: null

2018-11-08 15:47:26 - [TEST_STEP][PASSED] - Statement - PreSaveFile = new java.io.File(((pathPrefix + java.lang.Integer.toString(counter)) + .png)): null

2018-11-08 15:47:26 - [TEST_STEP][PASSED] - Statement - counter = counter + 1: null

2018-11-08 15:47:26 - [TEST_STEP][PASSED] - Statement - PreSaveFile = new java.io.File(((pathPrefix + java.lang.Integer.toString(counter)) + .png)): null

2018-11-08 15:47:26 - [TEST_STEP][PASSED] - Statement - counter = counter + 1: null

2018-11-08 15:47:26 - [TEST_STEP][PASSED] - Statement - PreSaveFile = new java.io.File(((pathPrefix + java.lang.Integer.toString(counter)) + .png)): null

2018-11-08 15:47:26 - [TEST_STEP][PASSED] - Statement - counter = counter + 1: null

2018-11-08 15:47:26 - [TEST_STEP][PASSED] - Statement - PreSaveFile = new java.io.File(((pathPrefix + java.lang.Integer.toString(counter)) + .png)): null

2018-11-08 15:47:26 - [TEST_STEP][PASSED] - Statement - counter = counter + 1: null

2018-11-08 15:47:26 - [TEST_STEP][PASSED] - Statement - PreSaveFile = new java.io.File(((pathPrefix + java.lang.Integer.toString(counter)) + .png)): null

2018-11-08 15:47:26 - [TEST_STEP][PASSED] - Statement - counter = counter + 1: null

2018-11-08 15:47:26 - [TEST_STEP][PASSED] - Statement - PreSaveFile = new java.io.File(((pathPrefix + java.lang.Integer.toString(counter)) + .png)): null

2018-11-08 15:47:26 - [TEST_STEP][PASSED] - Statement - counter = counter + 1: null

2018-11-08 15:47:26 - [TEST_STEP][PASSED] - Statement - PreSaveFile = new java.io.File(((pathPrefix + java.lang.Integer.toString(counter)) + .png)): null

2018-11-08 15:47:26 - [TEST_STEP][PASSED] - Statement - counter = counter + 1: null

2018-11-08 15:47:26 - [TEST_STEP][PASSED] - Statement - PreSaveFile = new java.io.File(((pathPrefix + java.lang.Integer.toString(counter)) + .png)): null

2018-11-08 15:47:26 - [TEST_STEP][PASSED] - Statement - counter = counter + 1: null

2018-11-08 15:47:26 - [TEST_STEP][PASSED] - Statement - PreSaveFile = new java.io.File(((pathPrefix + java.lang.Integer.toString(counter)) + .png)): null

2018-11-08 15:47:26 - [TEST_STEP][PASSED] - Statement - counter = counter + 1: null

2018-11-08 15:47:26 - [TEST_STEP][PASSED] - Statement - PreSaveFile = new java.io.File(((pathPrefix + java.lang.Integer.toString(counter)) + .png)): null

2018-11-08 15:47:27 - [TEST_STEP][PASSED] - Statement - counter = counter + 1: null

2018-11-08 15:47:27 - [TEST_STEP][PASSED] - Statement - PreSaveFile = new java.io.File(((pathPrefix + java.lang.Integer.toString(counter)) + .png)): null

2018-11-08 15:47:27 - [TEST_STEP][PASSED] - Statement - counter = counter + 1: null

2018-11-08 15:47:27 - [TEST_STEP][PASSED] - Statement - PreSaveFile = new java.io.File(((pathPrefix + java.lang.Integer.toString(counter)) + .png)): null

2018-11-08 15:47:27 - [TEST_STEP][PASSED] - Statement - counter = counter + 1: null

2018-11-08 15:47:27 - [TEST_STEP][PASSED] - Statement - PreSaveFile = new java.io.File(((pathPrefix + java.lang.Integer.toString(counter)) + .png)): null

2018-11-08 15:47:27 - [TEST_STEP][PASSED] - Statement - counter = counter + 1: null

2018-11-08 15:47:27 - [TEST_STEP][PASSED] - Statement - PreSaveFile = new java.io.File(((pathPrefix + java.lang.Integer.toString(counter)) + .png)): null

2018-11-08 15:47:27 - [TEST_STEP][PASSED] - Statement - counter = counter + 1: null

2018-11-08 15:47:28 - [TEST_STEP][PASSED] - Statement - PreSaveFile = new java.io.File(((pathPrefix + java.lang.Integer.toString(counter)) + .png)): null

2018-11-08 15:47:28 - [TEST_STEP][PASSED] - Statement - counter = counter + 1: null

2018-11-08 15:47:28 - [TEST_STEP][PASSED] - Statement - PreSaveFile = new java.io.File(((pathPrefix + java.lang.Integer.toString(counter)) + .png)): null

2018-11-08 15:47:28 - [TEST_STEP][PASSED] - Statement - counter = counter + 1: null

2018-11-08 15:47:28 - [TEST_STEP][PASSED] - Statement - PreSaveFile = new java.io.File(((pathPrefix + java.lang.Integer.toString(counter)) + .png)): null

2018-11-08 15:47:28 - [TEST_STEP][PASSED] - Statement - counter = counter + 1: null

2018-11-08 15:47:28 - [TEST_STEP][PASSED] - Statement - PreSaveFile = new java.io.File(((pathPrefix + java.lang.Integer.toString(counter)) + .png)): null

2018-11-08 15:47:28 - [TEST_STEP][PASSED] - Statement - counter = counter + 1: null

2018-11-08 15:47:28 - [TEST_STEP][PASSED] - Statement - PreSaveFile = new java.io.File(((pathPrefix + java.lang.Integer.toString(counter)) + .png)): null

2018-11-08 15:47:28 - [TEST_STEP][PASSED] - Statement - counter = counter + 1: null

2018-11-08 15:47:28 - [TEST_STEP][PASSED] - Statement - PreSaveFile = new java.io.File(((pathPrefix + java.lang.Integer.toString(counter)) + .png)): null

2018-11-08 15:47:28 - [TEST_STEP][PASSED] - Statement - counter = counter + 1: null

2018-11-08 15:47:28 - [TEST_STEP][PASSED] - Statement - PreSaveFile = new java.io.File(((pathPrefix + java.lang.Integer.toString(counter)) + .png)): null

2018-11-08 15:47:28 - [TEST_STEP][PASSED] - Statement - counter = counter + 1: null

2018-11-08 15:47:28 - [TEST_STEP][PASSED] - Statement - PreSaveFile = new java.io.File(((pathPrefix + java.lang.Integer.toString(counter)) + .png)): null

2018-11-08 15:47:28 - [TEST_STEP][PASSED] - Statement - counter = counter + 1: null

2018-11-08 15:47:28 - [TEST_STEP][PASSED] - Statement - PreSaveFile = new java.io.File(((pathPrefix + java.lang.Integer.toString(counter)) + .png)): null

2018-11-08 15:47:28 - [TEST_STEP][PASSED] - Statement - counter = counter + 1: null

2018-11-08 15:47:28 - [TEST_STEP][PASSED] - Statement - PreSaveFile = new java.io.File(((pathPrefix + java.lang.Integer.toString(counter)) + .png)): null

2018-11-08 15:47:28 - [TEST_STEP][PASSED] - Statement - counter = counter + 1: null

2018-11-08 15:47:29 - [TEST_STEP][PASSED] - Statement - PreSaveFile = new java.io.File(((pathPrefix + java.lang.Integer.toString(counter)) + .png)): null

2018-11-08 15:47:29 - [TEST_STEP][PASSED] - Statement - counter = counter + 1: null

2018-11-08 15:47:29 - [TEST_STEP][PASSED] - Statement - PreSaveFile = new java.io.File(((pathPrefix + java.lang.Integer.toString(counter)) + .png)): null

2018-11-08 15:47:29 - [TEST_STEP][PASSED] - Statement - counter = counter + 1: null

2018-11-08 15:47:29 - [TEST_STEP][PASSED] - Statement - PreSaveFile = new java.io.File(((pathPrefix + java.lang.Integer.toString(counter)) + .png)): null

2018-11-08 15:47:29 - [TEST_STEP][PASSED] - Statement - finalPath = pathPrefix + java.lang.Integer.toString(counter) + ".png": null

2018-11-08 15:47:29 - [TEST_STEP][PASSED] - Statement - SaveFile = new java.io.File(finalPath): null

2018-11-08 15:47:29 - [TEST_STEP][PASSED] - Statement - Try: null

2018-11-08 15:47:29 - [TEST_STEP][PASSED] - Statement - org.apache.commons.io.FileUtils.copyFile(scrFile, SaveFile): null

2018-11-08 15:47:30 - [TEST_STEP][PASSED] - Statement - out.println("file kept"): null

2018-11-08 15:47:30 - [TEST_STEP][PASSED] - delay: Delayed 10 second(s)

2018-11-08 15:47:40 - [MESSAGE][PASSED] - Delayed 10 second(s)

2018-11-08 15:47:40 - [MESSAGE][PASSED] - Call Test Case 'Test Cases/Final Aug 2018 - PKS Automation/Registration Module/New Registration/Submit and Screenshot/Submit Registration and Screenshot' successfully

2018-11-08 15:47:40 - [TEST_STEP][PASSED] - callTestCase: Call Test Case 'Test Cases/Final Aug 2018 - PKS Automation/Registration Module/Log Out/log out avoiding katalon tagging' successfully

2018-11-08 15:47:40 - [TEST_CASE][PASSED] - Test Cases/Final Aug 2018 - PKS Automation/Registration Module/Log Out/log out avoiding katalon tagging: Test Cases/Final Aug 2018 - PKS Automation/Registration Module/Log Out/log out avoiding katalon tagging

2018-11-08 15:47:40 - [TEST_STEP][PASSED] - navigateToUrl: Navigate to 'https://assist2-uat.perkeso.gov.my/c/portal/logout' successfully

2018-11-08 15:47:42 - [MESSAGE][PASSED] - Navigate to 'https://assist2-uat.perkeso.gov.my/c/portal/logout' successfully

2018-11-08 15:47:42 - [MESSAGE][PASSED] - Call Test Case 'Test Cases/Final Aug 2018 - PKS Automation/Registration Module/Log Out/log out avoiding katalon tagging' successfully

2018-11-08 15:47:42 - [TEST_STEP][FAILED] - callTestCase: Unable to call Test Case with id 'Test Cases/Final Aug 2018 - PKS Automation/Common/Workflow Owner Finder' (Root cause: Call Test Case 'Test Cases/Final Aug 2018 - PKS Automation/Common/Workflow Owner Finder' failed)

2018-11-08 15:47:42 - [TEST_CASE][FAILED] - Test Cases/Final Aug 2018 - PKS Automation/Common/Workflow Owner Finder: Test Cases/Final Aug 2018 - PKS Automation/Common/Workflow Owner Finder FAILED because (of) (Stack trace: com.kms.katalon.core.exception.StepFailedException: Unable to click on object 'Object Repository/Final Object Repo/WorkFlow Listing Page/Click Continue Tooltip' (Root cause: com.kms.katalon.core.webui.exception.WebElementNotFoundException: Web element with id: 'Object Repository/Final Object Repo/WorkFlow Listing Page/Click Continue Tooltip' located by 'By.xpath: //i[@aria-hidden = 'true' and @data-toggle = 'tooltip' and @data-original-title = 'Continue']' not found)
	at com.kms.katalon.core.keyword.internal.KeywordMain.stepFailed(KeywordMain.groovy:32)
	at com.kms.katalon.core.webui.keyword.internal.WebUIKeywordMain.stepFailed(WebUIKeywordMain.groovy:65)
	at com.kms.katalon.core.webui.keyword.internal.WebUIKeywordMain.runKeyword(WebUIKeywordMain.groovy:27)
	at com.kms.katalon.core.webui.keyword.builtin.ClickKeyword.click(ClickKeyword.groovy:86)
	at com.kms.katalon.core.webui.keyword.builtin.ClickKeyword.execute(ClickKeyword.groovy:67)
	at com.kms.katalon.core.keyword.internal.KeywordExecutor.executeKeywordForPlatform(KeywordExecutor.groovy:53)
	at com.kms.katalon.core.webui.keyword.WebUiBuiltInKeywords.click(WebUiBuiltInKeywords.groovy:616)
	at com.kms.katalon.core.webui.keyword.WebUiBuiltInKeywords$click$2.call(Unknown Source)
	at Script1534407542420.run(Script1534407542420.groovy:91)
	at com.kms.katalon.core.main.ScriptEngine.run(ScriptEngine.java:183)
	at com.kms.katalon.core.main.ScriptEngine.runScriptAsRawText(ScriptEngine.java:108)
	at com.kms.katalon.core.main.TestCaseExecutor.runScript(TestCaseExecutor.java:294)
	at com.kms.katalon.core.main.TestCaseExecutor.doExecute(TestCaseExecutor.java:285)
	at com.kms.katalon.core.main.TestCaseExecutor.processExecutionPhase(TestCaseExecutor.java:264)
	at com.kms.katalon.core.main.TestCaseExecutor.accessMainPhase(TestCaseExecutor.java:256)
	at com.kms.katalon.core.main.TestCaseExecutor.execute(TestCaseExecutor.java:200)
	at com.kms.katalon.core.main.TestCaseMain.runTestCase(TestCaseMain.java:99)
	at com.kms.katalon.core.keyword.builtin.CallTestCaseKeyword$_callTestCase_closure1.doCall(CallTestCaseKeyword.groovy:60)
	at com.kms.katalon.core.keyword.builtin.CallTestCaseKeyword$_callTestCase_closure1.call(CallTestCaseKeyword.groovy)
	at com.kms.katalon.core.keyword.internal.KeywordMain.runKeyword(KeywordMain.groovy:54)
	at com.kms.katalon.core.keyword.builtin.CallTestCaseKeyword.callTestCase(CallTestCaseKeyword.groovy:81)
	at com.kms.katalon.core.keyword.builtin.CallTestCaseKeyword.execute(CallTestCaseKeyword.groovy:45)
	at com.kms.katalon.core.keyword.internal.KeywordExecutor.executeKeywordForPlatform(KeywordExecutor.groovy:53)
	at com.kms.katalon.core.keyword.BuiltinKeywords.callTestCase(BuiltinKeywords.groovy:334)
	at sun.reflect.GeneratedMethodAccessor13.invoke(Unknown Source)
	at sun.reflect.DelegatingMethodAccessorImpl.invoke(DelegatingMethodAccessorImpl.java:43)
	at java.lang.reflect.Method.invoke(Method.java:498)
	at org.codehaus.groovy.reflection.CachedMethod.invoke(CachedMethod.java:93)
	at groovy.lang.MetaMethod.doMethodInvoke(MetaMethod.java:325)
	at groovy.lang.MetaClassImpl.invokeStaticMethod(MetaClassImpl.java:1469)
	at org.codehaus.groovy.runtime.callsite.StaticMetaClassSite.call(StaticMetaClassSite.java:53)
	at org.codehaus.groovy.runtime.callsite.CallSiteArray.defaultCall(CallSiteArray.java:48)
	at org.codehaus.groovy.runtime.callsite.AbstractCallSite.call(AbstractCallSite.java:113)
	at org.codehaus.groovy.runtime.callsite.AbstractCallSite.call(AbstractCallSite.java:141)
	at Script1535945708168.run(Script1535945708168.groovy:37)
	at com.kms.katalon.core.main.ScriptEngine.run(ScriptEngine.java:183)
	at com.kms.katalon.core.main.ScriptEngine.runScriptAsRawText(ScriptEngine.java:108)
	at com.kms.katalon.core.main.TestCaseExecutor.runScript(TestCaseExecutor.java:294)
	at com.kms.katalon.core.main.TestCaseExecutor.doExecute(TestCaseExecutor.java:285)
	at com.kms.katalon.core.main.TestCaseExecutor.processExecutionPhase(TestCaseExecutor.java:264)
	at com.kms.katalon.core.main.TestCaseExecutor.accessMainPhase(TestCaseExecutor.java:256)
	at com.kms.katalon.core.main.TestCaseExecutor.execute(TestCaseExecutor.java:200)
	at com.kms.katalon.core.main.TestSuiteExecutor.accessTestCaseMainPhase(TestSuiteExecutor.java:129)
	at com.kms.katalon.core.main.TestSuiteExecutor.accessTestSuiteMainPhase(TestSuiteExecutor.java:112)
	at com.kms.katalon.core.main.TestSuiteExecutor.execute(TestSuiteExecutor.java:81)
	at com.kms.katalon.core.main.TestCaseMain.startTestSuite(TestCaseMain.java:142)
	at com.kms.katalon.core.main.TestCaseMain$startTestSuite$0.call(Unknown Source)
	at org.codehaus.groovy.runtime.callsite.CallSiteArray.defaultCall(CallSiteArray.java:48)
	at org.codehaus.groovy.runtime.callsite.AbstractCallSite.call(AbstractCallSite.java:113)
	at org.codehaus.groovy.runtime.callsite.AbstractCallSite.call(AbstractCallSite.java:141)
	at TempTestSuite1541659865479.run(TempTestSuite1541659865479.groovy:36)
	at groovy.lang.GroovyShell.runScriptOrMainOrTestOrRunnable(GroovyShell.java:263)
	at groovy.lang.GroovyShell.run(GroovyShell.java:518)
	at groovy.lang.GroovyShell.run(GroovyShell.java:507)
	at groovy.ui.GroovyMain.processOnce(GroovyMain.java:653)
	at groovy.ui.GroovyMain.run(GroovyMain.java:384)
	at groovy.ui.GroovyMain.process(GroovyMain.java:370)
	at groovy.ui.GroovyMain.processArgs(GroovyMain.java:129)
	at groovy.ui.GroovyMain.main(GroovyMain.java:109)
	at sun.reflect.NativeMethodAccessorImpl.invoke0(Native Method)
	at sun.reflect.NativeMethodAccessorImpl.invoke(NativeMethodAccessorImpl.java:62)
	at sun.reflect.DelegatingMethodAccessorImpl.invoke(DelegatingMethodAccessorImpl.java:43)
	at java.lang.reflect.Method.invoke(Method.java:498)
	at org.codehaus.groovy.tools.GroovyStarter.rootLoader(GroovyStarter.java:109)
	at org.codehaus.groovy.tools.GroovyStarter.main(GroovyStarter.java:131)
)

2018-11-08 15:47:42 - [TEST_STEP][PASSED] - openBrowser: Browser is opened with url: ''

2018-11-08 15:47:42 - [MESSAGE][WARNING] - A browser is already opened. Closing browser and opening a new one

2018-11-08 15:47:47 - [MESSAGE][PASSED] - Browser is opened with url: ''

2018-11-08 15:47:47 - [TEST_STEP][PASSED] - navigateToUrl: Navigate to 'https://assist2-uat.perkeso.gov.my/login' successfully

2018-11-08 15:47:50 - [MESSAGE][PASSED] - Navigate to 'https://assist2-uat.perkeso.gov.my/login' successfully

2018-11-08 15:47:50 - [TEST_STEP][PASSED] - delay: Delayed 5 second(s)

2018-11-08 15:47:55 - [MESSAGE][PASSED] - Delayed 5 second(s)

2018-11-08 15:47:55 - [TEST_STEP][PASSED] - setText: Text 'test@liferay.com' is set on object 'Object Repository/Final Object Repo/Login Page/Internal User/Email Address'

2018-11-08 15:47:55 - [MESSAGE][PASSED] - Text 'test@liferay.com' is set on object 'Object Repository/Final Object Repo/Login Page/Internal User/Email Address'

2018-11-08 15:47:55 - [TEST_STEP][PASSED] - click: Object: 'Object Repository/Final Object Repo/Login Page/Internal User/Next Button' is clicked on

2018-11-08 15:47:56 - [MESSAGE][PASSED] - Object: 'Object Repository/Final Object Repo/Login Page/Internal User/Next Button' is clicked on

2018-11-08 15:47:56 - [TEST_STEP][PASSED] - delay: Delayed 2 second(s)

2018-11-08 15:47:58 - [MESSAGE][PASSED] - Delayed 2 second(s)

2018-11-08 15:47:58 - [TEST_STEP][PASSED] - setText: Text 'test' is set on object 'Object Repository/Final Object Repo/Login Page/Internal User/Password'

2018-11-08 15:47:58 - [MESSAGE][PASSED] - Text 'test' is set on object 'Object Repository/Final Object Repo/Login Page/Internal User/Password'

2018-11-08 15:47:58 - [TEST_STEP][PASSED] - delay: Delayed 2 second(s)

2018-11-08 15:48:00 - [MESSAGE][PASSED] - Delayed 2 second(s)

2018-11-08 15:48:00 - [TEST_STEP][PASSED] - click: Object: 'Object Repository/Final Object Repo/Login Page/Internal User/Login Button' is clicked on

2018-11-08 15:48:04 - [MESSAGE][PASSED] - Object: 'Object Repository/Final Object Repo/Login Page/Internal User/Login Button' is clicked on

2018-11-08 15:48:04 - [TEST_STEP][PASSED] - Statement - Try: Delayed 2 second(s)

2018-11-08 15:48:04 - [TEST_STEP][PASSED] - Statement - Checker = false: null

2018-11-08 15:48:04 - [TEST_STEP][PASSED] - Statement - Checker = com.kms.katalon.core.webui.keyword.WebUiBuiltInKeywords.verifyElementHasAttribute(com.kms.katalon.core.testobject.ObjectRepository.findTestObject(Final Object Repo/Landing Page/BM Detecting), "href", 20, OPTIONAL): Object 'Object Repository/Final Object Repo/Landing Page/BM Detecting' has attribute 'href'

2018-11-08 15:48:04 - [MESSAGE][PASSED] - Object 'Object Repository/Final Object Repo/Landing Page/BM Detecting' has attribute 'href'

2018-11-08 15:48:04 - [TEST_STEP][PASSED] - Statement - out.println(Checker): null

2018-11-08 15:48:04 - [TEST_STEP][PASSED] - Statement - If (Checker == false): null

2018-11-08 15:48:04 - [TEST_STEP][PASSED] - Statement - Else: null

2018-11-08 15:48:04 - [TEST_STEP][PASSED] - delay: Delayed 2 second(s)

2018-11-08 15:48:06 - [MESSAGE][PASSED] - Delayed 2 second(s)

2018-11-08 15:48:06 - [TEST_STEP][PASSED] - delay: Delayed 3 second(s)

2018-11-08 15:48:09 - [MESSAGE][PASSED] - Delayed 3 second(s)

2018-11-08 15:48:09 - [TEST_STEP][PASSED] - mouseOver: Object: 'Object Repository/Final Object Repo/Landing Page/WorkFlow Menu' is hovered

2018-11-08 15:48:09 - [MESSAGE][PASSED] - Object: 'Object Repository/Final Object Repo/Landing Page/WorkFlow Menu' is hovered

2018-11-08 15:48:09 - [TEST_STEP][PASSED] - delay: Delayed 2 second(s)

2018-11-08 15:48:11 - [MESSAGE][PASSED] - Delayed 2 second(s)

2018-11-08 15:48:11 - [TEST_STEP][PASSED] - click: Object: 'Object Repository/Final Object Repo/Landing Page/Select to Workflow Listing' is clicked on

2018-11-08 15:48:13 - [MESSAGE][PASSED] - Object: 'Object Repository/Final Object Repo/Landing Page/Select to Workflow Listing' is clicked on

2018-11-08 15:48:13 - [TEST_STEP][PASSED] - delay: Delayed 2 second(s)

2018-11-08 15:48:15 - [MESSAGE][PASSED] - Delayed 2 second(s)

2018-11-08 15:48:15 - [TEST_STEP][PASSED] - click: Object: 'Object Repository/Final Object Repo/WorkFlow Listing Page/Search Information - To Put Ref No' is clicked on

2018-11-08 15:48:15 - [MESSAGE][PASSED] - Object: 'Object Repository/Final Object Repo/WorkFlow Listing Page/Search Information - To Put Ref No' is clicked on

2018-11-08 15:48:15 - [TEST_STEP][PASSED] - delay: Delayed 2 second(s)

2018-11-08 15:48:17 - [MESSAGE][PASSED] - Delayed 2 second(s)

2018-11-08 15:48:17 - [TEST_STEP][PASSED] - callTestCase: Call Test Case 'Test Cases/Final Aug 2018 - PKS Automation/Common/Reference Number Getter' successfully

2018-11-08 15:48:17 - [TEST_CASE][PASSED] - Test Cases/Final Aug 2018 - PKS Automation/Common/Reference Number Getter: Test Cases/Final Aug 2018 - PKS Automation/Common/Reference Number Getter

2018-11-08 15:48:17 - [TEST_STEP][PASSED] - Statement - Try: null

2018-11-08 15:48:17 - [TEST_STEP][PASSED] - Statement - RefNo = new java.io.File(C://KatalonReference.txt): null

2018-11-08 15:48:17 - [TEST_STEP][PASSED] - Statement - bufferread = new java.io.BufferedReader(new java.io.FileReader(RefNo)): null

2018-11-08 15:48:17 - [TEST_STEP][PASSED] - Statement - readedVal = bufferread.readLine(): null

2018-11-08 15:48:17 - [TEST_STEP][PASSED] - Statement - out.println(CaseReferenceNo): null

2018-11-08 15:48:17 - [TEST_STEP][PASSED] - Statement - out.println(readedVal): null

2018-11-08 15:48:17 - [TEST_STEP][PASSED] - Statement - CaseReferenceNo = readedVal: null

2018-11-08 15:48:17 - [MESSAGE][PASSED] - Call Test Case 'Test Cases/Final Aug 2018 - PKS Automation/Common/Reference Number Getter' successfully

2018-11-08 15:48:17 - [TEST_STEP][PASSED] - setText: Text 'CRN11201800122423CRN11201800122424' is set on object 'Object Repository/Final Object Repo/WorkFlow Listing Page/Ref No Set Text'

2018-11-08 15:48:17 - [MESSAGE][PASSED] - Text 'CRN11201800122423CRN11201800122424' is set on object 'Object Repository/Final Object Repo/WorkFlow Listing Page/Ref No Set Text'

2018-11-08 15:48:17 - [TEST_STEP][PASSED] - delay: Delayed 2 second(s)

2018-11-08 15:48:19 - [MESSAGE][PASSED] - Delayed 2 second(s)

2018-11-08 15:48:19 - [TEST_STEP][PASSED] - click: Object: 'Object Repository/Final Object Repo/WorkFlow Listing Page/Search Ref No Search Button' is clicked on

2018-11-08 15:48:21 - [MESSAGE][PASSED] - Object: 'Object Repository/Final Object Repo/WorkFlow Listing Page/Search Ref No Search Button' is clicked on

2018-11-08 15:48:21 - [TEST_STEP][PASSED] - delay: Delayed 4 second(s)

2018-11-08 15:48:25 - [MESSAGE][PASSED] - Delayed 4 second(s)

2018-11-08 15:48:25 - [TEST_STEP][FAILED] - click: Unable to click on object 'Object Repository/Final Object Repo/WorkFlow Listing Page/Click Continue Tooltip' (Root cause: com.kms.katalon.core.webui.exception.WebElementNotFoundException: Web element with id: 'Object Repository/Final Object Repo/WorkFlow Listing Page/Click Continue Tooltip' located by 'By.xpath: //i[@aria-hidden = 'true' and @data-toggle = 'tooltip' and @data-original-title = 'Continue']' not found)

2018-11-08 15:49:02 - [MESSAGE][FAILED] - Unable to click on object 'Object Repository/Final Object Repo/WorkFlow Listing Page/Click Continue Tooltip' (Root cause: com.kms.katalon.core.webui.exception.WebElementNotFoundException: Web element with id: 'Object Repository/Final Object Repo/WorkFlow Listing Page/Click Continue Tooltip' located by 'By.xpath: //i[@aria-hidden = 'true' and @data-toggle = 'tooltip' and @data-original-title = 'Continue']' not found)
[[ATTACHMENT|C:\\Users\\LENOVO\\Katalon Studio\\Perkeso Phase A\\Reports\\Workflow\\New Registration\\20181108_145105\\1541663342497.png]]

2018-11-08 15:49:02 - [TEST_STEP][PASSED] - delay: Delayed 5 second(s)

2018-11-08 15:49:07 - [MESSAGE][PASSED] - Delayed 5 second(s)

2018-11-08 15:49:07 - [TEST_STEP][PASSED] - doubleClick: Object: 'Object Repository/Final Object Repo/WorkFlow Listing Page/Workflow Found - Listing 1' is double clicked on

2018-11-08 15:49:13 - [MESSAGE][PASSED] - Object: 'Object Repository/Final Object Repo/WorkFlow Listing Page/Workflow Found - Listing 1' is double clicked on

2018-11-08 15:49:13 - [TEST_STEP][PASSED] - Statement - println(OwnerID): null

2018-11-08 15:49:13 - [TEST_STEP][PASSED] - Statement - OwnerID = com.kms.katalon.core.webui.keyword.WebUiBuiltInKeywords.getText(com.kms.katalon.core.testobject.ObjectRepository.findTestObject(Final Object Repo/WorkFlow Listing Page/Workflow Found - Listing 1), STOP_ON_FAILURE): Text of object 'Object Repository/Final Object Repo/WorkFlow Listing Page/Workflow Found - Listing 1' is: 'JOHORro1'

2018-11-08 15:49:13 - [MESSAGE][PASSED] - Text of object 'Object Repository/Final Object Repo/WorkFlow Listing Page/Workflow Found - Listing 1' is: 'JOHORro1'

2018-11-08 15:49:13 - [TEST_STEP][PASSED] - Statement - OwnerID = OwnerID.toLowerCase() + "@gmail.com": null

2018-11-08 15:49:13 - [TEST_STEP][PASSED] - Statement - println(OwnerID): null

2018-11-08 15:49:13 - [TEST_STEP][PASSED] - delay: Delayed 2 second(s)

2018-11-08 15:49:15 - [MESSAGE][PASSED] - Delayed 2 second(s)

2018-11-08 15:49:15 - [MESSAGE][FAILED] - Unable to call Test Case with id 'Test Cases/Final Aug 2018 - PKS Automation/Common/Workflow Owner Finder' (Root cause: Call Test Case 'Test Cases/Final Aug 2018 - PKS Automation/Common/Workflow Owner Finder' failed)]]></system-out>
         <system-err><![CDATA[2018-11-08 15:41:48 - [TEST_CASE][FAILED] - Test Cases/Final Aug 2018 - PKS Automation/Registration Module/Workflow/New Registration/Case PKR BO to RO - RO Submit: Test Cases/Final Aug 2018 - PKS Automation/Registration Module/Workflow/New Registration/Case PKR BO to RO - RO Submit FAILED because (of) (Stack trace: com.kms.katalon.core.exception.StepFailedException: Unable to click on object 'Object Repository/Final Object Repo/WorkFlow Listing Page/Click Continue Tooltip' (Root cause: com.kms.katalon.core.webui.exception.WebElementNotFoundException: Web element with id: 'Object Repository/Final Object Repo/WorkFlow Listing Page/Click Continue Tooltip' located by 'By.xpath: //i[@aria-hidden = 'true' and @data-toggle = 'tooltip' and @data-original-title = 'Continue']' not found)
	at com.kms.katalon.core.keyword.internal.KeywordMain.stepFailed(KeywordMain.groovy:32)
	at com.kms.katalon.core.webui.keyword.internal.WebUIKeywordMain.stepFailed(WebUIKeywordMain.groovy:65)
	at com.kms.katalon.core.webui.keyword.internal.WebUIKeywordMain.runKeyword(WebUIKeywordMain.groovy:27)
	at com.kms.katalon.core.webui.keyword.builtin.ClickKeyword.click(ClickKeyword.groovy:86)
	at com.kms.katalon.core.webui.keyword.builtin.ClickKeyword.execute(ClickKeyword.groovy:67)
	at com.kms.katalon.core.keyword.internal.KeywordExecutor.executeKeywordForPlatform(KeywordExecutor.groovy:53)
	at com.kms.katalon.core.webui.keyword.WebUiBuiltInKeywords.click(WebUiBuiltInKeywords.groovy:616)
	at com.kms.katalon.core.webui.keyword.WebUiBuiltInKeywords$click$2.call(Unknown Source)
	at Script1534407542420.run(Script1534407542420.groovy:91)
	at com.kms.katalon.core.main.ScriptEngine.run(ScriptEngine.java:183)
	at com.kms.katalon.core.main.ScriptEngine.runScriptAsRawText(ScriptEngine.java:108)
	at com.kms.katalon.core.main.TestCaseExecutor.runScript(TestCaseExecutor.java:294)
	at com.kms.katalon.core.main.TestCaseExecutor.doExecute(TestCaseExecutor.java:285)
	at com.kms.katalon.core.main.TestCaseExecutor.processExecutionPhase(TestCaseExecutor.java:264)
	at com.kms.katalon.core.main.TestCaseExecutor.accessMainPhase(TestCaseExecutor.java:256)
	at com.kms.katalon.core.main.TestCaseExecutor.execute(TestCaseExecutor.java:200)
	at com.kms.katalon.core.main.TestCaseMain.runTestCase(TestCaseMain.java:99)
	at com.kms.katalon.core.keyword.builtin.CallTestCaseKeyword$_callTestCase_closure1.doCall(CallTestCaseKeyword.groovy:60)
	at com.kms.katalon.core.keyword.builtin.CallTestCaseKeyword$_callTestCase_closure1.call(CallTestCaseKeyword.groovy)
	at com.kms.katalon.core.keyword.internal.KeywordMain.runKeyword(KeywordMain.groovy:54)
	at com.kms.katalon.core.keyword.builtin.CallTestCaseKeyword.callTestCase(CallTestCaseKeyword.groovy:81)
	at com.kms.katalon.core.keyword.builtin.CallTestCaseKeyword.execute(CallTestCaseKeyword.groovy:45)
	at com.kms.katalon.core.keyword.internal.KeywordExecutor.executeKeywordForPlatform(KeywordExecutor.groovy:53)
	at com.kms.katalon.core.keyword.BuiltinKeywords.callTestCase(BuiltinKeywords.groovy:334)
	at sun.reflect.GeneratedMethodAccessor13.invoke(Unknown Source)
	at sun.reflect.DelegatingMethodAccessorImpl.invoke(DelegatingMethodAccessorImpl.java:43)
	at java.lang.reflect.Method.invoke(Method.java:498)
	at org.codehaus.groovy.reflection.CachedMethod.invoke(CachedMethod.java:93)
	at groovy.lang.MetaMethod.doMethodInvoke(MetaMethod.java:325)
	at groovy.lang.MetaClassImpl.invokeStaticMethod(MetaClassImpl.java:1469)
	at org.codehaus.groovy.runtime.callsite.StaticMetaClassSite.call(StaticMetaClassSite.java:53)
	at org.codehaus.groovy.runtime.callsite.CallSiteArray.defaultCall(CallSiteArray.java:48)
	at org.codehaus.groovy.runtime.callsite.AbstractCallSite.call(AbstractCallSite.java:113)
	at org.codehaus.groovy.runtime.callsite.AbstractCallSite.call(AbstractCallSite.java:141)
	at Script1535945708168.run(Script1535945708168.groovy:37)
	at com.kms.katalon.core.main.ScriptEngine.run(ScriptEngine.java:183)
	at com.kms.katalon.core.main.ScriptEngine.runScriptAsRawText(ScriptEngine.java:108)
	at com.kms.katalon.core.main.TestCaseExecutor.runScript(TestCaseExecutor.java:294)
	at com.kms.katalon.core.main.TestCaseExecutor.doExecute(TestCaseExecutor.java:285)
	at com.kms.katalon.core.main.TestCaseExecutor.processExecutionPhase(TestCaseExecutor.java:264)
	at com.kms.katalon.core.main.TestCaseExecutor.accessMainPhase(TestCaseExecutor.java:256)
	at com.kms.katalon.core.main.TestCaseExecutor.execute(TestCaseExecutor.java:200)
	at com.kms.katalon.core.main.TestSuiteExecutor.accessTestCaseMainPhase(TestSuiteExecutor.java:129)
	at com.kms.katalon.core.main.TestSuiteExecutor.accessTestSuiteMainPhase(TestSuiteExecutor.java:112)
	at com.kms.katalon.core.main.TestSuiteExecutor.execute(TestSuiteExecutor.java:81)
	at com.kms.katalon.core.main.TestCaseMain.startTestSuite(TestCaseMain.java:142)
	at com.kms.katalon.core.main.TestCaseMain$startTestSuite$0.call(Unknown Source)
	at org.codehaus.groovy.runtime.callsite.CallSiteArray.defaultCall(CallSiteArray.java:48)
	at org.codehaus.groovy.runtime.callsite.AbstractCallSite.call(AbstractCallSite.java:113)
	at org.codehaus.groovy.runtime.callsite.AbstractCallSite.call(AbstractCallSite.java:141)
	at TempTestSuite1541659865479.run(TempTestSuite1541659865479.groovy:36)
	at groovy.lang.GroovyShell.runScriptOrMainOrTestOrRunnable(GroovyShell.java:263)
	at groovy.lang.GroovyShell.run(GroovyShell.java:518)
	at groovy.lang.GroovyShell.run(GroovyShell.java:507)
	at groovy.ui.GroovyMain.processOnce(GroovyMain.java:653)
	at groovy.ui.GroovyMain.run(GroovyMain.java:384)
	at groovy.ui.GroovyMain.process(GroovyMain.java:370)
	at groovy.ui.GroovyMain.processArgs(GroovyMain.java:129)
	at groovy.ui.GroovyMain.main(GroovyMain.java:109)
	at sun.reflect.NativeMethodAccessorImpl.invoke0(Native Method)
	at sun.reflect.NativeMethodAccessorImpl.invoke(NativeMethodAccessorImpl.java:62)
	at sun.reflect.DelegatingMethodAccessorImpl.invoke(DelegatingMethodAccessorImpl.java:43)
	at java.lang.reflect.Method.invoke(Method.java:498)
	at org.codehaus.groovy.tools.GroovyStarter.rootLoader(GroovyStarter.java:109)
	at org.codehaus.groovy.tools.GroovyStarter.main(GroovyStarter.java:131)
)]]></system-err>
      </testcase>
      <testcase name="Test Cases/Final Aug 2018 - PKS Automation/Registration Module/Workflow/New Registration/Case PKR BO to RO - RO Under Enforcement" classname="Test Cases/Final Aug 2018 - PKS Automation/Registration Module/Workflow/New Registration/Case PKR BO to RO - RO Under Enforcement" status="PASSED">
         <system-out><![CDATA[2018-11-08 15:49:15 - [TEST_CASE][PASSED] - Test Cases/Final Aug 2018 - PKS Automation/Registration Module/Workflow/New Registration/Case PKR BO to RO - RO Under Enforcement: Test Cases/Final Aug 2018 - PKS Automation/Registration Module/Workflow/New Registration/Case PKR BO to RO - RO Under Enforcement

2018-11-08 15:49:15 - [TEST_STEP][PASSED] - callTestCase: Call Test Case 'Test Cases/Final Aug 2018 - PKS Automation/Registration Module/Workflow/New Registration/Template/Special Case - PKR BO - Form 1' successfully

2018-11-08 15:49:15 - [TEST_CASE][PASSED] - Test Cases/Final Aug 2018 - PKS Automation/Registration Module/Workflow/New Registration/Template/Special Case - PKR BO - Form 1: Test Cases/Final Aug 2018 - PKS Automation/Registration Module/Workflow/New Registration/Template/Special Case - PKR BO - Form 1

2018-11-08 15:49:15 - [TEST_STEP][PASSED] - openBrowser: Browser is opened with url: ''

2018-11-08 15:49:15 - [MESSAGE][WARNING] - A browser is already opened. Closing browser and opening a new one

2018-11-08 15:49:21 - [MESSAGE][PASSED] - Browser is opened with url: ''

2018-11-08 15:49:21 - [TEST_STEP][PASSED] - navigateToUrl: Navigate to 'https://assist2-uat.perkeso.gov.my/login' successfully

2018-11-08 15:49:24 - [MESSAGE][PASSED] - Navigate to 'https://assist2-uat.perkeso.gov.my/login' successfully

2018-11-08 15:49:24 - [TEST_STEP][PASSED] - delay: Delayed 2 second(s)

2018-11-08 15:49:26 - [MESSAGE][PASSED] - Delayed 2 second(s)

2018-11-08 15:49:26 - [TEST_STEP][PASSED] - setText: Text 'klpkrbo2@gmail.com' is set on object 'Object Repository/Final Object Repo/Login Page/Internal User/Email Address'

2018-11-08 15:49:26 - [MESSAGE][PASSED] - Text 'klpkrbo2@gmail.com' is set on object 'Object Repository/Final Object Repo/Login Page/Internal User/Email Address'

2018-11-08 15:49:26 - [TEST_STEP][PASSED] - click: Object: 'Object Repository/Final Object Repo/Login Page/Internal User/Next Button' is clicked on

2018-11-08 15:49:27 - [MESSAGE][PASSED] - Object: 'Object Repository/Final Object Repo/Login Page/Internal User/Next Button' is clicked on

2018-11-08 15:49:27 - [TEST_STEP][PASSED] - delay: Delayed 2 second(s)

2018-11-08 15:49:29 - [MESSAGE][PASSED] - Delayed 2 second(s)

2018-11-08 15:49:29 - [TEST_STEP][PASSED] - setText: Text 'Test1@3456789' is set on object 'Object Repository/Final Object Repo/Login Page/Internal User/Password'

2018-11-08 15:49:29 - [MESSAGE][PASSED] - Text 'Test1@3456789' is set on object 'Object Repository/Final Object Repo/Login Page/Internal User/Password'

2018-11-08 15:49:29 - [TEST_STEP][PASSED] - delay: Delayed 2 second(s)

2018-11-08 15:49:31 - [MESSAGE][PASSED] - Delayed 2 second(s)

2018-11-08 15:49:31 - [TEST_STEP][PASSED] - click: Object: 'Object Repository/Final Object Repo/Login Page/Internal User/Login Button' is clicked on

2018-11-08 15:49:36 - [MESSAGE][PASSED] - Object: 'Object Repository/Final Object Repo/Login Page/Internal User/Login Button' is clicked on

2018-11-08 15:49:36 - [TEST_STEP][PASSED] - Statement - Try: Delayed 2 second(s)

2018-11-08 15:49:36 - [TEST_STEP][PASSED] - Statement - Checker = false: null

2018-11-08 15:49:36 - [TEST_STEP][PASSED] - Statement - Checker = com.kms.katalon.core.webui.keyword.WebUiBuiltInKeywords.verifyElementHasAttribute(com.kms.katalon.core.testobject.ObjectRepository.findTestObject(Final Object Repo/Landing Page/BM Detecting), "href", 20, OPTIONAL): Object 'Object Repository/Final Object Repo/Landing Page/BM Detecting' has attribute 'href'

2018-11-08 15:49:36 - [MESSAGE][PASSED] - Object 'Object Repository/Final Object Repo/Landing Page/BM Detecting' has attribute 'href'

2018-11-08 15:49:36 - [TEST_STEP][PASSED] - Statement - out.println(Checker): null

2018-11-08 15:49:36 - [TEST_STEP][PASSED] - Statement - If (Checker == false): null

2018-11-08 15:49:36 - [TEST_STEP][PASSED] - Statement - Else: null

2018-11-08 15:49:36 - [TEST_STEP][PASSED] - delay: Delayed 2 second(s)

2018-11-08 15:49:38 - [MESSAGE][PASSED] - Delayed 2 second(s)

2018-11-08 15:49:38 - [TEST_STEP][PASSED] - delay: Delayed 4 second(s)

2018-11-08 15:49:42 - [MESSAGE][PASSED] - Delayed 4 second(s)

2018-11-08 15:49:42 - [TEST_STEP][PASSED] - click: Object: 'Object Repository/Final Object Repo/Landing Page/My Sites Drop Down' is clicked on

2018-11-08 15:49:42 - [MESSAGE][PASSED] - Object: 'Object Repository/Final Object Repo/Landing Page/My Sites Drop Down' is clicked on

2018-11-08 15:49:42 - [TEST_STEP][PASSED] - click: Object: 'Object Repository/Final Object Repo/Landing Page/Select to Registration Module' is clicked on

2018-11-08 15:49:44 - [MESSAGE][PASSED] - Object: 'Object Repository/Final Object Repo/Landing Page/Select to Registration Module' is clicked on

2018-11-08 15:49:44 - [TEST_STEP][PASSED] - click: Object: 'Object Repository/Final Object Repo/Landing Page/Registration Button' is clicked on

2018-11-08 15:49:47 - [MESSAGE][PASSED] - Object: 'Object Repository/Final Object Repo/Landing Page/Registration Button' is clicked on

2018-11-08 15:49:47 - [TEST_STEP][PASSED] - delay: Delayed 2 second(s)

2018-11-08 15:49:49 - [MESSAGE][PASSED] - Delayed 2 second(s)

2018-11-08 15:49:49 - [TEST_STEP][PASSED] - click: Object: 'Object Repository/Final Object Repo/New Registration - Registration Module Pages/New Reg - OTC to RO/Special Case - OTC - Form 1/AEC NO' is clicked on

2018-11-08 15:49:49 - [MESSAGE][PASSED] - Object: 'Object Repository/Final Object Repo/New Registration - Registration Module Pages/New Reg - OTC to RO/Special Case - OTC - Form 1/AEC NO' is clicked on

2018-11-08 15:49:49 - [TEST_STEP][PASSED] - click: Object: 'Object Repository/Final Object Repo/New Registration - Registration Module Pages/New Reg - OTC to RO/Special Case - OTC - Form 1/Business Entity - Please Select' is clicked on

2018-11-08 15:49:50 - [MESSAGE][PASSED] - Object: 'Object Repository/Final Object Repo/New Registration - Registration Module Pages/New Reg - OTC to RO/Special Case - OTC - Form 1/Business Entity - Please Select' is clicked on

2018-11-08 15:49:50 - [TEST_STEP][PASSED] - click: Object: 'Object Repository/Final Object Repo/New Registration - Registration Module Pages/New Reg - OTC to RO/Special Case - OTC - Form 1/Selected - Corporation' is clicked on

2018-11-08 15:49:50 - [MESSAGE][PASSED] - Object: 'Object Repository/Final Object Repo/New Registration - Registration Module Pages/New Reg - OTC to RO/Special Case - OTC - Form 1/Selected - Corporation' is clicked on

2018-11-08 15:49:50 - [TEST_STEP][PASSED] - delay: Delayed 2 second(s)

2018-11-08 15:49:52 - [MESSAGE][PASSED] - Delayed 2 second(s)

2018-11-08 15:49:52 - [TEST_STEP][PASSED] - click: Object: 'Object Repository/Final Object Repo/New Registration - Registration Module Pages/New Reg - OTC to RO/Special Case - OTC - Form 1/Sub Business Entity - Please Select' is clicked on

2018-11-08 15:49:53 - [MESSAGE][PASSED] - Object: 'Object Repository/Final Object Repo/New Registration - Registration Module Pages/New Reg - OTC to RO/Special Case - OTC - Form 1/Sub Business Entity - Please Select' is clicked on

2018-11-08 15:49:53 - [TEST_STEP][PASSED] - delay: Delayed 2 second(s)

2018-11-08 15:49:55 - [MESSAGE][PASSED] - Delayed 2 second(s)

2018-11-08 15:49:55 - [TEST_STEP][PASSED] - click: Object: 'Object Repository/Final Object Repo/New Registration - Registration Module Pages/New Reg - OTC to RO/Special Case - OTC - Form 1/Selected - Sendirian Berhad' is clicked on

2018-11-08 15:49:55 - [MESSAGE][PASSED] - Object: 'Object Repository/Final Object Repo/New Registration - Registration Module Pages/New Reg - OTC to RO/Special Case - OTC - Form 1/Selected - Sendirian Berhad' is clicked on

2018-11-08 15:49:55 - [TEST_STEP][PASSED] - setText: Text 'AUTOMATE001' is set on object 'Object Repository/Final Object Repo/New Registration - Registration Module Pages/New Reg - OTC to RO/Special Case - OTC - Form 1/Input BRN Number'

2018-11-08 15:49:56 - [MESSAGE][PASSED] - Text 'AUTOMATE001' is set on object 'Object Repository/Final Object Repo/New Registration - Registration Module Pages/New Reg - OTC to RO/Special Case - OTC - Form 1/Input BRN Number'

2018-11-08 15:49:56 - [TEST_STEP][PASSED] - delay: Delayed 2 second(s)

2018-11-08 15:49:58 - [MESSAGE][PASSED] - Delayed 2 second(s)

2018-11-08 15:49:58 - [TEST_STEP][PASSED] - click: Object: 'Object Repository/Final Object Repo/New Registration - Registration Module Pages/New Reg - OTC to RO/Special Case - OTC - Form 1/BRN Search' is clicked on

2018-11-08 15:49:58 - [MESSAGE][PASSED] - Object: 'Object Repository/Final Object Repo/New Registration - Registration Module Pages/New Reg - OTC to RO/Special Case - OTC - Form 1/BRN Search' is clicked on

2018-11-08 15:49:58 - [TEST_STEP][PASSED] - delay: Delayed 4 second(s)

2018-11-08 15:50:02 - [MESSAGE][PASSED] - Delayed 4 second(s)

2018-11-08 15:50:02 - [TEST_STEP][PASSED] - click: Object: 'Object Repository/Final Object Repo/New Registration - Registration Module Pages/New Reg - OTC to RO/Special Case - OTC - Form 1/Registered with SSM - After Feb 2017' is clicked on

2018-11-08 15:50:02 - [MESSAGE][PASSED] - Object: 'Object Repository/Final Object Repo/New Registration - Registration Module Pages/New Reg - OTC to RO/Special Case - OTC - Form 1/Registered with SSM - After Feb 2017' is clicked on

2018-11-08 15:50:02 - [TEST_STEP][PASSED] - delay: Delayed 2 second(s)

2018-11-08 15:50:04 - [MESSAGE][PASSED] - Delayed 2 second(s)

2018-11-08 15:50:04 - [TEST_STEP][PASSED] - click: Object: 'Object Repository/Final Object Repo/New Registration - Registration Module Pages/New Reg - OTC to RO/Special Case - OTC - Form 1/Registering As A Branch - No' is clicked on

2018-11-08 15:50:05 - [MESSAGE][PASSED] - Object: 'Object Repository/Final Object Repo/New Registration - Registration Module Pages/New Reg - OTC to RO/Special Case - OTC - Form 1/Registering As A Branch - No' is clicked on

2018-11-08 15:50:05 - [TEST_STEP][PASSED] - click: Object: 'Object Repository/Final Object Repo/New Registration - Registration Module Pages/New Reg - OTC to RO/Special Case - OTC - Form 1/Acknowledgement Ticked' is clicked on

2018-11-08 15:50:05 - [MESSAGE][PASSED] - Object: 'Object Repository/Final Object Repo/New Registration - Registration Module Pages/New Reg - OTC to RO/Special Case - OTC - Form 1/Acknowledgement Ticked' is clicked on

2018-11-08 15:50:05 - [TEST_STEP][PASSED] - click: Object: 'Object Repository/Final Object Repo/New Registration - Registration Module Pages/New Reg - OTC to RO/Special Case - OTC - Form 1/Submit Button' is clicked on

2018-11-08 15:50:05 - [MESSAGE][PASSED] - Object: 'Object Repository/Final Object Repo/New Registration - Registration Module Pages/New Reg - OTC to RO/Special Case - OTC - Form 1/Submit Button' is clicked on

2018-11-08 15:50:05 - [TEST_STEP][PASSED] - delay: Delayed 2 second(s)

2018-11-08 15:50:07 - [MESSAGE][PASSED] - Delayed 2 second(s)

2018-11-08 15:50:07 - [TEST_STEP][PASSED] - click: Object: 'Object Repository/Final Object Repo/New Registration - Registration Module Pages/New Reg - OTC to RO/Special Case - OTC - Form 1/Confirm No Flagging as Branch' is clicked on

2018-11-08 15:50:09 - [MESSAGE][PASSED] - Object: 'Object Repository/Final Object Repo/New Registration - Registration Module Pages/New Reg - OTC to RO/Special Case - OTC - Form 1/Confirm No Flagging as Branch' is clicked on

2018-11-08 15:50:09 - [MESSAGE][PASSED] - Call Test Case 'Test Cases/Final Aug 2018 - PKS Automation/Registration Module/Workflow/New Registration/Template/Special Case - PKR BO - Form 1' successfully

2018-11-08 15:50:09 - [TEST_STEP][PASSED] - callTestCase: Call Test Case 'Test Cases/Final Aug 2018 - PKS Automation/Registration Module/New Registration/Form 2/Add 1 Eligible' successfully

2018-11-08 15:50:10 - [TEST_CASE][PASSED] - Test Cases/Final Aug 2018 - PKS Automation/Registration Module/New Registration/Form 2/Add 1 Eligible: Test Cases/Final Aug 2018 - PKS Automation/Registration Module/New Registration/Form 2/Add 1 Eligible

2018-11-08 15:50:10 - [TEST_STEP][PASSED] - delay: Delayed 2 second(s)

2018-11-08 15:50:12 - [MESSAGE][PASSED] - Delayed 2 second(s)

2018-11-08 15:50:12 - [TEST_STEP][PASSED] - callTestCase: Call Test Case 'Test Cases/Final Aug 2018 - PKS Automation/Registration Module/New Registration/Form 2/Date Updater' successfully

2018-11-08 15:50:12 - [TEST_CASE][PASSED] - Test Cases/Final Aug 2018 - PKS Automation/Registration Module/New Registration/Form 2/Date Updater: Test Cases/Final Aug 2018 - PKS Automation/Registration Module/New Registration/Form 2/Date Updater

2018-11-08 15:50:12 - [TEST_STEP][PASSED] - Statement - TodayDate = new java.util.Date(): null

2018-11-08 15:50:12 - [TEST_STEP][PASSED] - Statement - CurrentDateNoFilter = new java.text.SimpleDateFormat(): null

2018-11-08 15:50:12 - [TEST_STEP][PASSED] - Statement - CurrentDateNoFilter.applyPattern("dd"): null

2018-11-08 15:50:12 - [TEST_STEP][PASSED] - Statement - CurrentDate = CurrentDateNoFilter.format(TodayDate): null

2018-11-08 15:50:12 - [TEST_STEP][PASSED] - Statement - CurrentDate = java.lang.Integer.parseInt(CurrentDate): null

2018-11-08 15:50:12 - [TEST_STEP][PASSED] - Statement - CurrentDate = CurrentDate: null

2018-11-08 15:50:12 - [TEST_STEP][PASSED] - Statement - CurrentDay = java.lang.Integer.parseInt(CurrentDate): null

2018-11-08 15:50:12 - [TEST_STEP][PASSED] - Statement - aDayBefore = CurrentDay + 1: null

2018-11-08 15:50:12 - [TEST_STEP][PASSED] - Statement - DayBefore = aDayBefore.toString(): null

2018-11-08 15:50:12 - [TEST_STEP][PASSED] - Statement - OneDayBefore = DayBefore: null

2018-11-08 15:50:12 - [TEST_STEP][PASSED] - Statement - CurrentDateNoFilter.applyPattern("MM"): null

2018-11-08 15:50:12 - [TEST_STEP][PASSED] - Statement - monthContainerMatcher = java.lang.Integer.parseInt(CurrentDateNoFilter.format(TodayDate)): null

2018-11-08 15:50:12 - [TEST_STEP][PASSED] - Statement - monthContainerMatcher = monthContainerMatcher - 1: null

2018-11-08 15:50:12 - [TEST_STEP][PASSED] - Statement - CurrentMonth = monthContainerMatcher.toString(): null

2018-11-08 15:50:12 - [TEST_STEP][PASSED] - Statement - CurrentMonth = CurrentMonth: null

2018-11-08 15:50:12 - [TEST_STEP][PASSED] - Statement - CurrentDateNoFilter.applyPattern("yyyy"): null

2018-11-08 15:50:12 - [TEST_STEP][PASSED] - Statement - CurrentYear = CurrentDateNoFilter.format(TodayDate): null

2018-11-08 15:50:12 - [TEST_STEP][PASSED] - Statement - CurrentYear = CurrentYear: null

2018-11-08 15:50:12 - [TEST_STEP][PASSED] - Statement - intCurrentYear = java.lang.Integer.parseInt(CurrentDateNoFilter.format(TodayDate)): null

2018-11-08 15:50:12 - [TEST_STEP][PASSED] - Statement - eighteenYrsAgo = intCurrentYear - 18: null

2018-11-08 15:50:12 - [TEST_STEP][PASSED] - Statement - eighteenYrsBeforeThisYr = eighteenYrsAgo.toString(): null

2018-11-08 15:50:12 - [TEST_STEP][PASSED] - Statement - EighteenYrsBefore = eighteenYrsBeforeThisYr: null

2018-11-08 15:50:12 - [TEST_STEP][PASSED] - Statement - fiftysevenYrsAgo = intCurrentYear - 57: null

2018-11-08 15:50:12 - [TEST_STEP][PASSED] - Statement - fiftysevenYrsBeforeThisYr = fiftysevenYrsAgo.toString(): null

2018-11-08 15:50:12 - [TEST_STEP][PASSED] - Statement - FiftysevenYrsBefore = fiftysevenYrsBeforeThisYr: null

2018-11-08 15:50:12 - [MESSAGE][PASSED] - Call Test Case 'Test Cases/Final Aug 2018 - PKS Automation/Registration Module/New Registration/Form 2/Date Updater' successfully

2018-11-08 15:50:12 - [TEST_STEP][PASSED] - delay: Delayed 1 second(s)

2018-11-08 15:50:13 - [MESSAGE][PASSED] - Delayed 1 second(s)

2018-11-08 15:50:13 - [TEST_STEP][PASSED] - Statement - CaseReferenceNo = com.kms.katalon.core.webui.keyword.WebUiBuiltInKeywords.getText(com.kms.katalon.core.testobject.ObjectRepository.findTestObject(Final Object Repo/New Registration - Registration Module Pages/Form 2/RefNo Acquiring)): Text of object 'Object Repository/Final Object Repo/New Registration - Registration Module Pages/Form 2/RefNo Acquiring' is: 'CRN11201800122425'

2018-11-08 15:50:13 - [MESSAGE][PASSED] - Text of object 'Object Repository/Final Object Repo/New Registration - Registration Module Pages/Form 2/RefNo Acquiring' is: 'CRN11201800122425'

2018-11-08 15:50:13 - [TEST_STEP][PASSED] - delay: Delayed 1 second(s)

2018-11-08 15:50:14 - [MESSAGE][PASSED] - Delayed 1 second(s)

2018-11-08 15:50:14 - [TEST_STEP][PASSED] - click: Object: 'Object Repository/Final Object Repo/New Registration - Registration Module Pages/Form 2/Add Employee Button' is clicked on

2018-11-08 15:50:14 - [MESSAGE][PASSED] - Object: 'Object Repository/Final Object Repo/New Registration - Registration Module Pages/Form 2/Add Employee Button' is clicked on

2018-11-08 15:50:14 - [TEST_STEP][PASSED] - delay: Delayed 1 second(s)

2018-11-08 15:50:15 - [MESSAGE][PASSED] - Delayed 1 second(s)

2018-11-08 15:50:15 - [TEST_STEP][PASSED] - setText: Text '010903091963' is set on object 'Object Repository/Final Object Repo/New Registration - Registration Module Pages/Form 2/NRIC Input'

2018-11-08 15:50:15 - [MESSAGE][PASSED] - Text '010903091963' is set on object 'Object Repository/Final Object Repo/New Registration - Registration Module Pages/Form 2/NRIC Input'

2018-11-08 15:50:15 - [TEST_STEP][PASSED] - click: Object: 'Object Repository/Final Object Repo/New Registration - Registration Module Pages/Form 2/button for search for IC' is clicked on

2018-11-08 15:50:16 - [MESSAGE][PASSED] - Object: 'Object Repository/Final Object Repo/New Registration - Registration Module Pages/Form 2/button for search for IC' is clicked on

2018-11-08 15:50:16 - [TEST_STEP][PASSED] - delay: Delayed 2 second(s)

2018-11-08 15:50:18 - [MESSAGE][PASSED] - Delayed 2 second(s)

2018-11-08 15:50:18 - [TEST_STEP][PASSED] - setText: Text 'Automate001 eligible 1' is set on object 'Object Repository/Final Object Repo/New Registration - Registration Module Pages/Form 2/Employee Name Input'

2018-11-08 15:50:18 - [MESSAGE][PASSED] - Text 'Automate001 eligible 1' is set on object 'Object Repository/Final Object Repo/New Registration - Registration Module Pages/Form 2/Employee Name Input'

2018-11-08 15:50:18 - [TEST_STEP][PASSED] - delay: Delayed 2 second(s)

2018-11-08 15:50:20 - [MESSAGE][PASSED] - Delayed 2 second(s)

2018-11-08 15:50:20 - [TEST_STEP][PASSED] - click: Object: 'Object Repository/Final Object Repo/New Registration - Registration Module Pages/Form 2/DatePicker Pop Up' is clicked on

2018-11-08 15:50:21 - [MESSAGE][PASSED] - Object: 'Object Repository/Final Object Repo/New Registration - Registration Module Pages/Form 2/DatePicker Pop Up' is clicked on

2018-11-08 15:50:21 - [TEST_STEP][PASSED] - click: Object: 'Object Repository/Final Object Repo/New Registration - Registration Module Pages/Form 2/DOB Month' is clicked on

2018-11-08 15:50:21 - [MESSAGE][PASSED] - Object: 'Object Repository/Final Object Repo/New Registration - Registration Module Pages/Form 2/DOB Month' is clicked on

2018-11-08 15:50:21 - [TEST_STEP][PASSED] - Statement - CurrentMonth = CurrentMonth: null

2018-11-08 15:50:21 - [TEST_STEP][PASSED] - Statement - selectMonth = new com.kms.katalon.core.testobject.TestObject(): null

2018-11-08 15:50:21 - [TEST_STEP][PASSED] - Statement - selectMonth.addProperty("xpath", EQUALS, "//body/div/div/div/select/option[@value='" + CurrentMonth + "']", true): null

2018-11-08 15:50:21 - [TEST_STEP][PASSED] - click: Object: '' is clicked on

2018-11-08 15:50:21 - [MESSAGE][PASSED] - Object: '' is clicked on

2018-11-08 15:50:21 - [TEST_STEP][PASSED] - click: Object: 'Object Repository/Final Object Repo/New Registration - Registration Module Pages/Form 2/DOB Year' is clicked on

2018-11-08 15:50:22 - [MESSAGE][PASSED] - Object: 'Object Repository/Final Object Repo/New Registration - Registration Module Pages/Form 2/DOB Year' is clicked on

2018-11-08 15:50:22 - [TEST_STEP][PASSED] - Statement - Eyearsbf = EighteenYrsBefore: null

2018-11-08 15:50:22 - [TEST_STEP][PASSED] - Statement - selectYear = new com.kms.katalon.core.testobject.TestObject(): null

2018-11-08 15:50:22 - [TEST_STEP][PASSED] - Statement - selectYear.addProperty("xpath", EQUALS, "//div/div/div/select/option[@value='" + Eyearsbf + "']", true): null

2018-11-08 15:50:22 - [TEST_STEP][PASSED] - click: Object: '' is clicked on

2018-11-08 15:50:22 - [MESSAGE][PASSED] - Object: '' is clicked on

2018-11-08 15:50:22 - [TEST_STEP][PASSED] - Statement - UpdatedSelectDate = com.kms.katalon.core.webui.keyword.WebUiBuiltInKeywords.modifyObjectProperty(com.kms.katalon.core.testobject.ObjectRepository.findTestObject(Final Object Repo/New Registration - Registration Module Pages/Form 2/DOB Date), "xpath", "equals", "//body/div/table/tbody/tr/td/a[text()="" + CurrentDate + ""]", true): Modify property of object successfully

2018-11-08 15:50:22 - [MESSAGE][PASSED] - Modify property of object successfully

2018-11-08 15:50:22 - [TEST_STEP][PASSED] - delay: Delayed 3 second(s)

2018-11-08 15:50:25 - [MESSAGE][PASSED] - Delayed 3 second(s)

2018-11-08 15:50:25 - [TEST_STEP][PASSED] - click: Object: 'Object Repository/Final Object Repo/New Registration - Registration Module Pages/Form 2/DOB Date' is clicked on

2018-11-08 15:50:25 - [MESSAGE][PASSED] - Object: 'Object Repository/Final Object Repo/New Registration - Registration Module Pages/Form 2/DOB Date' is clicked on

2018-11-08 15:50:25 - [TEST_STEP][PASSED] - delay: Delayed 2 second(s)

2018-11-08 15:50:27 - [MESSAGE][PASSED] - Delayed 2 second(s)

2018-11-08 15:50:27 - [TEST_STEP][PASSED] - click: Object: 'Object Repository/Final Object Repo/New Registration - Registration Module Pages/Form 2/EmploymentStartDate Pop Up' is clicked on

2018-11-08 15:50:28 - [MESSAGE][PASSED] - Object: 'Object Repository/Final Object Repo/New Registration - Registration Module Pages/Form 2/EmploymentStartDate Pop Up' is clicked on

2018-11-08 15:50:28 - [TEST_STEP][PASSED] - delay: Delayed 2 second(s)

2018-11-08 15:50:30 - [MESSAGE][PASSED] - Delayed 2 second(s)

2018-11-08 15:50:30 - [TEST_STEP][PASSED] - click: Object: 'Object Repository/Final Object Repo/New Registration - Registration Module Pages/Form 2/Socso Employment StartDate Month' is clicked on

2018-11-08 15:50:30 - [MESSAGE][PASSED] - Object: 'Object Repository/Final Object Repo/New Registration - Registration Module Pages/Form 2/Socso Employment StartDate Month' is clicked on

2018-11-08 15:50:30 - [TEST_STEP][PASSED] - delay: Delayed 1 second(s)

2018-11-08 15:50:31 - [MESSAGE][PASSED] - Delayed 1 second(s)

2018-11-08 15:50:31 - [TEST_STEP][PASSED] - click: Object: 'Object Repository/Final Object Repo/New Registration - Registration Module Pages/Form 2/Select Socso Employement Startdate Month' is clicked on

2018-11-08 15:50:32 - [MESSAGE][PASSED] - Object: 'Object Repository/Final Object Repo/New Registration - Registration Module Pages/Form 2/Select Socso Employement Startdate Month' is clicked on

2018-11-08 15:50:32 - [TEST_STEP][PASSED] - delay: Delayed 2 second(s)

2018-11-08 15:50:34 - [MESSAGE][PASSED] - Delayed 2 second(s)

2018-11-08 15:50:34 - [TEST_STEP][PASSED] - click: Object: 'Object Repository/Final Object Repo/New Registration - Registration Module Pages/Form 2/Socso Employment StartDate Year' is clicked on

2018-11-08 15:50:34 - [MESSAGE][PASSED] - Object: 'Object Repository/Final Object Repo/New Registration - Registration Module Pages/Form 2/Socso Employment StartDate Year' is clicked on

2018-11-08 15:50:34 - [TEST_STEP][PASSED] - delay: Delayed 1 second(s)

2018-11-08 15:50:35 - [MESSAGE][PASSED] - Delayed 1 second(s)

2018-11-08 15:50:35 - [TEST_STEP][PASSED] - click: Object: 'Object Repository/Final Object Repo/New Registration - Registration Module Pages/Form 2/Select Socso Employment Startdate Year' is clicked on

2018-11-08 15:50:36 - [MESSAGE][PASSED] - Object: 'Object Repository/Final Object Repo/New Registration - Registration Module Pages/Form 2/Select Socso Employment Startdate Year' is clicked on

2018-11-08 15:50:36 - [TEST_STEP][PASSED] - delay: Delayed 2 second(s)

2018-11-08 15:50:38 - [MESSAGE][PASSED] - Delayed 2 second(s)

2018-11-08 15:50:38 - [TEST_STEP][PASSED] - click: Object: 'Object Repository/Final Object Repo/New Registration - Registration Module Pages/Form 2/Socso Employment Start Date Day' is clicked on

2018-11-08 15:50:38 - [MESSAGE][PASSED] - Object: 'Object Repository/Final Object Repo/New Registration - Registration Module Pages/Form 2/Socso Employment Start Date Day' is clicked on

2018-11-08 15:50:38 - [TEST_STEP][PASSED] - delay: Delayed 2 second(s)

2018-11-08 15:50:40 - [MESSAGE][PASSED] - Delayed 2 second(s)

2018-11-08 15:50:40 - [TEST_STEP][PASSED] - click: Object: 'Object Repository/Final Object Repo/New Registration - Registration Module Pages/Form 2/Save Button for Add Employee' is clicked on

2018-11-08 15:50:42 - [MESSAGE][PASSED] - Object: 'Object Repository/Final Object Repo/New Registration - Registration Module Pages/Form 2/Save Button for Add Employee' is clicked on

2018-11-08 15:50:42 - [TEST_STEP][PASSED] - delay: Delayed 6 second(s)

2018-11-08 15:50:48 - [MESSAGE][PASSED] - Delayed 6 second(s)

2018-11-08 15:50:48 - [TEST_STEP][PASSED] - click: Object: 'Object Repository/Final Object Repo/New Registration - Registration Module Pages/Form 2/Save and Continue Form 2' is clicked on

2018-11-08 15:50:50 - [MESSAGE][PASSED] - Object: 'Object Repository/Final Object Repo/New Registration - Registration Module Pages/Form 2/Save and Continue Form 2' is clicked on

2018-11-08 15:50:50 - [MESSAGE][PASSED] - Call Test Case 'Test Cases/Final Aug 2018 - PKS Automation/Registration Module/New Registration/Form 2/Add 1 Eligible' successfully

2018-11-08 15:50:50 - [TEST_STEP][PASSED] - callTestCase: Call Test Case 'Test Cases/Final Aug 2018 - PKS Automation/Registration Module/New Registration/Flow of New Registration/Third Screen - Upload Supporting Doc - Preview' successfully

2018-11-08 15:50:50 - [TEST_CASE][PASSED] - Test Cases/Final Aug 2018 - PKS Automation/Registration Module/New Registration/Flow of New Registration/Third Screen - Upload Supporting Doc - Preview: Test Cases/Final Aug 2018 - PKS Automation/Registration Module/New Registration/Flow of New Registration/Third Screen - Upload Supporting Doc - Preview

2018-11-08 15:50:50 - [TEST_STEP][PASSED] - waitForPageLoad: Wait for page load successfully

2018-11-08 15:50:50 - [MESSAGE][PASSED] - Wait for page load successfully

2018-11-08 15:50:50 - [TEST_STEP][PASSED] - Statement - CaseReferenceNo = com.kms.katalon.core.webui.keyword.WebUiBuiltInKeywords.getText(com.kms.katalon.core.testobject.ObjectRepository.findTestObject(Final Object Repo/New Registration - Registration Module Pages/Third Screen - Upload Supporting Doc- Preview/RefNo Acquiring)): Text of object 'Object Repository/Final Object Repo/New Registration - Registration Module Pages/Third Screen - Upload Supporting Doc- Preview/RefNo Acquiring' is: 'CRN11201800122425'

2018-11-08 15:50:50 - [MESSAGE][PASSED] - Text of object 'Object Repository/Final Object Repo/New Registration - Registration Module Pages/Third Screen - Upload Supporting Doc- Preview/RefNo Acquiring' is: 'CRN11201800122425'

2018-11-08 15:50:50 - [TEST_STEP][PASSED] - delay: Delayed 2 second(s)

2018-11-08 15:50:52 - [MESSAGE][PASSED] - Delayed 2 second(s)

2018-11-08 15:50:52 - [TEST_STEP][PASSED] - callTestCase: Call Test Case 'Test Cases/Final Aug 2018 - PKS Automation/Common/Reference Number Setter' successfully

2018-11-08 15:50:52 - [TEST_CASE][PASSED] - Test Cases/Final Aug 2018 - PKS Automation/Common/Reference Number Setter: Test Cases/Final Aug 2018 - PKS Automation/Common/Reference Number Setter

2018-11-08 15:50:52 - [TEST_STEP][PASSED] - Statement - RefNoOldFile = new java.io.File(C://KatalonReference.txt): null

2018-11-08 15:50:52 - [TEST_STEP][PASSED] - Statement - RefNoOldFile.delete(): null

2018-11-08 15:50:52 - [TEST_STEP][PASSED] - Statement - RefNo = new java.io.File(C://KatalonReference.txt): null

2018-11-08 15:50:52 - [TEST_STEP][PASSED] - Statement - RefNo.append(CaseReferenceNo): null

2018-11-08 15:50:52 - [TEST_STEP][PASSED] - Statement - out.println("


" + CaseReferenceNo + "


"): null

2018-11-08 15:50:52 - [MESSAGE][PASSED] - Call Test Case 'Test Cases/Final Aug 2018 - PKS Automation/Common/Reference Number Setter' successfully

2018-11-08 15:50:52 - [TEST_STEP][PASSED] - waitForElementClickable: Object 'Object Repository/Final Object Repo/New Registration - Registration Module Pages/Third Screen - Upload Supporting Doc- Preview/Save n Continue in SIP Employee Listing Page' is clickable

2018-11-08 15:50:52 - [MESSAGE][PASSED] - Object 'Object Repository/Final Object Repo/New Registration - Registration Module Pages/Third Screen - Upload Supporting Doc- Preview/Save n Continue in SIP Employee Listing Page' is clickable

2018-11-08 15:50:52 - [TEST_STEP][PASSED] - click: Object: 'Object Repository/Final Object Repo/New Registration - Registration Module Pages/Third Screen - Upload Supporting Doc- Preview/Save n Continue in SIP Employee Listing Page' is clicked on

2018-11-08 15:50:58 - [MESSAGE][PASSED] - Object: 'Object Repository/Final Object Repo/New Registration - Registration Module Pages/Third Screen - Upload Supporting Doc- Preview/Save n Continue in SIP Employee Listing Page' is clicked on

2018-11-08 15:50:58 - [TEST_STEP][PASSED] - delay: Delayed 6 second(s)

2018-11-08 15:51:04 - [MESSAGE][PASSED] - Delayed 6 second(s)

2018-11-08 15:51:04 - [TEST_STEP][PASSED] - click: Object: 'Object Repository/Final Object Repo/New Registration - Registration Module Pages/Third Screen - Upload Supporting Doc- Preview/Add Document Button' is clicked on

2018-11-08 15:51:04 - [MESSAGE][PASSED] - Object: 'Object Repository/Final Object Repo/New Registration - Registration Module Pages/Third Screen - Upload Supporting Doc- Preview/Add Document Button' is clicked on

2018-11-08 15:51:04 - [TEST_STEP][PASSED] - delay: Delayed 30 second(s)

2018-11-08 15:51:34 - [MESSAGE][PASSED] - Delayed 30 second(s)

2018-11-08 15:51:34 - [TEST_STEP][PASSED] - click: Object: 'Object Repository/Final Object Repo/New Registration - Registration Module Pages/Third Screen - Upload Supporting Doc- Preview/Supporting Doc Please Select Drop Down' is clicked on

2018-11-08 15:51:35 - [MESSAGE][PASSED] - Object: 'Object Repository/Final Object Repo/New Registration - Registration Module Pages/Third Screen - Upload Supporting Doc- Preview/Supporting Doc Please Select Drop Down' is clicked on

2018-11-08 15:51:35 - [TEST_STEP][PASSED] - delay: Delayed 2 second(s)

2018-11-08 15:51:37 - [MESSAGE][PASSED] - Delayed 2 second(s)

2018-11-08 15:51:37 - [TEST_STEP][PASSED] - click: Object: 'Object Repository/Final Object Repo/New Registration - Registration Module Pages/Third Screen - Upload Supporting Doc- Preview/Select to Upload Form 1' is clicked on

2018-11-08 15:51:37 - [MESSAGE][PASSED] - Object: 'Object Repository/Final Object Repo/New Registration - Registration Module Pages/Third Screen - Upload Supporting Doc- Preview/Select to Upload Form 1' is clicked on

2018-11-08 15:51:37 - [TEST_STEP][PASSED] - delay: Delayed 2 second(s)

2018-11-08 15:51:39 - [MESSAGE][PASSED] - Delayed 2 second(s)

2018-11-08 15:51:39 - [TEST_STEP][PASSED] - uploadFile: File 'C:\Users\Public\Pictures\Sample Pictures\Act.jpg' sent to object: 'Object Repository/Final Object Repo/New Registration - Registration Module Pages/Third Screen - Upload Supporting Doc- Preview/Upload File Adding'

2018-11-08 15:51:40 - [MESSAGE][PASSED] - File 'C:\Users\Public\Pictures\Sample Pictures\Act.jpg' sent to object: 'Object Repository/Final Object Repo/New Registration - Registration Module Pages/Third Screen - Upload Supporting Doc- Preview/Upload File Adding'

2018-11-08 15:51:40 - [TEST_STEP][PASSED] - delay: Delayed 5 second(s)

2018-11-08 15:51:45 - [MESSAGE][PASSED] - Delayed 5 second(s)

2018-11-08 15:51:45 - [TEST_STEP][PASSED] - click: Object: 'Object Repository/Final Object Repo/New Registration - Registration Module Pages/Third Screen - Upload Supporting Doc- Preview/Inner Form Add Document Button' is clicked on

2018-11-08 15:51:45 - [MESSAGE][PASSED] - Object: 'Object Repository/Final Object Repo/New Registration - Registration Module Pages/Third Screen - Upload Supporting Doc- Preview/Inner Form Add Document Button' is clicked on

2018-11-08 15:51:45 - [TEST_STEP][PASSED] - delay: Delayed 3 second(s)

2018-11-08 15:51:48 - [MESSAGE][PASSED] - Delayed 3 second(s)

2018-11-08 15:51:48 - [TEST_STEP][PASSED] - click: Object: 'Object Repository/Final Object Repo/New Registration - Registration Module Pages/Third Screen - Upload Supporting Doc- Preview/Add Document Button' is clicked on

2018-11-08 15:51:50 - [MESSAGE][PASSED] - Object: 'Object Repository/Final Object Repo/New Registration - Registration Module Pages/Third Screen - Upload Supporting Doc- Preview/Add Document Button' is clicked on

2018-11-08 15:51:50 - [TEST_STEP][PASSED] - delay: Delayed 30 second(s)

2018-11-08 15:52:21 - [MESSAGE][PASSED] - Delayed 30 second(s)

2018-11-08 15:52:21 - [TEST_STEP][PASSED] - click: Object: 'Object Repository/Final Object Repo/New Registration - Registration Module Pages/Third Screen - Upload Supporting Doc- Preview/Supporting Doc Please Select Drop Down' is clicked on

2018-11-08 15:52:21 - [MESSAGE][PASSED] - Object: 'Object Repository/Final Object Repo/New Registration - Registration Module Pages/Third Screen - Upload Supporting Doc- Preview/Supporting Doc Please Select Drop Down' is clicked on

2018-11-08 15:52:21 - [TEST_STEP][PASSED] - delay: Delayed 2 second(s)

2018-11-08 15:52:23 - [MESSAGE][PASSED] - Delayed 2 second(s)

2018-11-08 15:52:23 - [TEST_STEP][PASSED] - click: Object: 'Object Repository/Final Object Repo/New Registration - Registration Module Pages/Third Screen - Upload Supporting Doc- Preview/Select to Upload Form 2' is clicked on

2018-11-08 15:52:24 - [MESSAGE][PASSED] - Object: 'Object Repository/Final Object Repo/New Registration - Registration Module Pages/Third Screen - Upload Supporting Doc- Preview/Select to Upload Form 2' is clicked on

2018-11-08 15:52:24 - [TEST_STEP][PASSED] - delay: Delayed 2 second(s)

2018-11-08 15:52:26 - [MESSAGE][PASSED] - Delayed 2 second(s)

2018-11-08 15:52:26 - [TEST_STEP][PASSED] - uploadFile: File 'C:\Users\Public\Pictures\Sample Pictures\Act.jpg' sent to object: 'Object Repository/Final Object Repo/New Registration - Registration Module Pages/Third Screen - Upload Supporting Doc- Preview/Upload File Adding'

2018-11-08 15:52:26 - [MESSAGE][PASSED] - File 'C:\Users\Public\Pictures\Sample Pictures\Act.jpg' sent to object: 'Object Repository/Final Object Repo/New Registration - Registration Module Pages/Third Screen - Upload Supporting Doc- Preview/Upload File Adding'

2018-11-08 15:52:26 - [TEST_STEP][PASSED] - click: Object: 'Object Repository/Final Object Repo/New Registration - Registration Module Pages/Third Screen - Upload Supporting Doc- Preview/Inner Form Add Document Button' is clicked on

2018-11-08 15:52:32 - [MESSAGE][PASSED] - Object: 'Object Repository/Final Object Repo/New Registration - Registration Module Pages/Third Screen - Upload Supporting Doc- Preview/Inner Form Add Document Button' is clicked on

2018-11-08 15:52:32 - [TEST_STEP][PASSED] - delay: Delayed 4 second(s)

2018-11-08 15:52:36 - [MESSAGE][PASSED] - Delayed 4 second(s)

2018-11-08 15:52:36 - [TEST_STEP][PASSED] - click: Object: 'Object Repository/Final Object Repo/New Registration - Registration Module Pages/Third Screen - Upload Supporting Doc- Preview/Add Document Button' is clicked on

2018-11-08 15:52:36 - [MESSAGE][PASSED] - Object: 'Object Repository/Final Object Repo/New Registration - Registration Module Pages/Third Screen - Upload Supporting Doc- Preview/Add Document Button' is clicked on

2018-11-08 15:52:36 - [TEST_STEP][PASSED] - delay: Delayed 30 second(s)

2018-11-08 15:53:06 - [MESSAGE][PASSED] - Delayed 30 second(s)

2018-11-08 15:53:06 - [TEST_STEP][PASSED] - click: Object: 'Object Repository/Final Object Repo/New Registration - Registration Module Pages/Third Screen - Upload Supporting Doc- Preview/Supporting Doc Please Select Drop Down' is clicked on

2018-11-08 15:53:06 - [MESSAGE][PASSED] - Object: 'Object Repository/Final Object Repo/New Registration - Registration Module Pages/Third Screen - Upload Supporting Doc- Preview/Supporting Doc Please Select Drop Down' is clicked on

2018-11-08 15:53:06 - [TEST_STEP][PASSED] - click: Object: 'Object Repository/Final Object Repo/New Registration - Registration Module Pages/Third Screen - Upload Supporting Doc- Preview/Select to Upload Borang SIP 1' is clicked on

2018-11-08 15:53:07 - [MESSAGE][PASSED] - Object: 'Object Repository/Final Object Repo/New Registration - Registration Module Pages/Third Screen - Upload Supporting Doc- Preview/Select to Upload Borang SIP 1' is clicked on

2018-11-08 15:53:07 - [TEST_STEP][PASSED] - delay: Delayed 2 second(s)

2018-11-08 15:53:09 - [MESSAGE][PASSED] - Delayed 2 second(s)

2018-11-08 15:53:09 - [TEST_STEP][PASSED] - uploadFile: File 'C:\Users\Public\Pictures\Sample Pictures\Act.jpg' sent to object: 'Object Repository/Final Object Repo/New Registration - Registration Module Pages/Third Screen - Upload Supporting Doc- Preview/Upload File Adding'

2018-11-08 15:53:09 - [MESSAGE][PASSED] - File 'C:\Users\Public\Pictures\Sample Pictures\Act.jpg' sent to object: 'Object Repository/Final Object Repo/New Registration - Registration Module Pages/Third Screen - Upload Supporting Doc- Preview/Upload File Adding'

2018-11-08 15:53:09 - [TEST_STEP][PASSED] - click: Object: 'Object Repository/Final Object Repo/New Registration - Registration Module Pages/Third Screen - Upload Supporting Doc- Preview/Inner Form Add Document Button' is clicked on

2018-11-08 15:53:10 - [MESSAGE][PASSED] - Object: 'Object Repository/Final Object Repo/New Registration - Registration Module Pages/Third Screen - Upload Supporting Doc- Preview/Inner Form Add Document Button' is clicked on

2018-11-08 15:53:10 - [TEST_STEP][PASSED] - delay: Delayed 5 second(s)

2018-11-08 15:53:15 - [MESSAGE][PASSED] - Delayed 5 second(s)

2018-11-08 15:53:15 - [TEST_STEP][PASSED] - click: Object: 'Object Repository/Final Object Repo/New Registration - Registration Module Pages/Third Screen - Upload Supporting Doc- Preview/Add Document Button' is clicked on

2018-11-08 15:53:15 - [MESSAGE][PASSED] - Object: 'Object Repository/Final Object Repo/New Registration - Registration Module Pages/Third Screen - Upload Supporting Doc- Preview/Add Document Button' is clicked on

2018-11-08 15:53:15 - [TEST_STEP][PASSED] - delay: Delayed 30 second(s)

2018-11-08 15:53:45 - [MESSAGE][PASSED] - Delayed 30 second(s)

2018-11-08 15:53:45 - [TEST_STEP][PASSED] - click: Object: 'Object Repository/Final Object Repo/New Registration - Registration Module Pages/Third Screen - Upload Supporting Doc- Preview/Supporting Doc Please Select Drop Down' is clicked on

2018-11-08 15:53:46 - [MESSAGE][PASSED] - Object: 'Object Repository/Final Object Repo/New Registration - Registration Module Pages/Third Screen - Upload Supporting Doc- Preview/Supporting Doc Please Select Drop Down' is clicked on

2018-11-08 15:53:46 - [TEST_STEP][PASSED] - delay: Delayed 3 second(s)

2018-11-08 15:53:49 - [MESSAGE][PASSED] - Delayed 3 second(s)

2018-11-08 15:53:49 - [TEST_STEP][PASSED] - click: Object: 'Object Repository/Final Object Repo/New Registration - Registration Module Pages/Third Screen - Upload Supporting Doc- Preview/Select to Upload Borang SIP 2' is clicked on

2018-11-08 15:53:49 - [MESSAGE][PASSED] - Object: 'Object Repository/Final Object Repo/New Registration - Registration Module Pages/Third Screen - Upload Supporting Doc- Preview/Select to Upload Borang SIP 2' is clicked on

2018-11-08 15:53:49 - [TEST_STEP][PASSED] - delay: Delayed 2 second(s)

2018-11-08 15:53:51 - [MESSAGE][PASSED] - Delayed 2 second(s)

2018-11-08 15:53:51 - [TEST_STEP][PASSED] - uploadFile: File 'C:\Users\Public\Pictures\Sample Pictures\Act.jpg' sent to object: 'Object Repository/Final Object Repo/New Registration - Registration Module Pages/Third Screen - Upload Supporting Doc- Preview/Upload File Adding'

2018-11-08 15:53:51 - [MESSAGE][PASSED] - File 'C:\Users\Public\Pictures\Sample Pictures\Act.jpg' sent to object: 'Object Repository/Final Object Repo/New Registration - Registration Module Pages/Third Screen - Upload Supporting Doc- Preview/Upload File Adding'

2018-11-08 15:53:51 - [TEST_STEP][PASSED] - delay: Delayed 5 second(s)

2018-11-08 15:53:56 - [MESSAGE][PASSED] - Delayed 5 second(s)

2018-11-08 15:53:56 - [TEST_STEP][PASSED] - click: Object: 'Object Repository/Final Object Repo/New Registration - Registration Module Pages/Third Screen - Upload Supporting Doc- Preview/Inner Form Add Document Button' is clicked on

2018-11-08 15:53:57 - [MESSAGE][PASSED] - Object: 'Object Repository/Final Object Repo/New Registration - Registration Module Pages/Third Screen - Upload Supporting Doc- Preview/Inner Form Add Document Button' is clicked on

2018-11-08 15:53:57 - [TEST_STEP][PASSED] - delay: Delayed 3 second(s)

2018-11-08 15:54:00 - [MESSAGE][PASSED] - Delayed 3 second(s)

2018-11-08 15:54:00 - [TEST_STEP][PASSED] - waitForElementClickable: Object 'Object Repository/Final Object Repo/New Registration - Registration Module Pages/Third Screen - Upload Supporting Doc- Preview/Save n Continue in Uploading Supporting Doc Page' is clickable

2018-11-08 15:54:02 - [MESSAGE][PASSED] - Object 'Object Repository/Final Object Repo/New Registration - Registration Module Pages/Third Screen - Upload Supporting Doc- Preview/Save n Continue in Uploading Supporting Doc Page' is clickable

2018-11-08 15:54:02 - [TEST_STEP][PASSED] - click: Object: 'Object Repository/Final Object Repo/New Registration - Registration Module Pages/Third Screen - Upload Supporting Doc- Preview/Save n Continue in Uploading Supporting Doc Page' is clicked on

2018-11-08 15:54:07 - [MESSAGE][PASSED] - Object: 'Object Repository/Final Object Repo/New Registration - Registration Module Pages/Third Screen - Upload Supporting Doc- Preview/Save n Continue in Uploading Supporting Doc Page' is clicked on

2018-11-08 15:54:07 - [MESSAGE][PASSED] - Call Test Case 'Test Cases/Final Aug 2018 - PKS Automation/Registration Module/New Registration/Flow of New Registration/Third Screen - Upload Supporting Doc - Preview' successfully

2018-11-08 15:54:07 - [TEST_STEP][PASSED] - callTestCase: Call Test Case 'Test Cases/Final Aug 2018 - PKS Automation/Registration Module/New Registration/Submit and Screenshot/Submit Registration and Screenshot' successfully

2018-11-08 15:54:07 - [TEST_CASE][PASSED] - Test Cases/Final Aug 2018 - PKS Automation/Registration Module/New Registration/Submit and Screenshot/Submit Registration and Screenshot: Test Cases/Final Aug 2018 - PKS Automation/Registration Module/New Registration/Submit and Screenshot/Submit Registration and Screenshot

2018-11-08 15:54:07 - [TEST_STEP][PASSED] - delay: Delayed 6 second(s)

2018-11-08 15:54:13 - [MESSAGE][PASSED] - Delayed 6 second(s)

2018-11-08 15:54:13 - [TEST_STEP][PASSED] - click: Object: 'Object Repository/Final Object Repo/New Registration - Registration Module Pages/Third Screen - Upload Supporting Doc- Preview/Preview Submit Button' is clicked on

2018-11-08 15:54:14 - [MESSAGE][PASSED] - Object: 'Object Repository/Final Object Repo/New Registration - Registration Module Pages/Third Screen - Upload Supporting Doc- Preview/Preview Submit Button' is clicked on

2018-11-08 15:54:14 - [TEST_STEP][PASSED] - delay: Delayed 2 second(s)

2018-11-08 15:54:16 - [MESSAGE][PASSED] - Delayed 2 second(s)

2018-11-08 15:54:16 - [TEST_STEP][PASSED] - click: Object: 'Object Repository/Final Object Repo/New Registration - Registration Module Pages/Third Screen - Upload Supporting Doc- Preview/Preview Submit - Confirm' is clicked on

2018-11-08 15:54:21 - [MESSAGE][PASSED] - Object: 'Object Repository/Final Object Repo/New Registration - Registration Module Pages/Third Screen - Upload Supporting Doc- Preview/Preview Submit - Confirm' is clicked on

2018-11-08 15:54:21 - [TEST_STEP][PASSED] - delay: Delayed 15 second(s)

2018-11-08 15:54:36 - [MESSAGE][PASSED] - Delayed 15 second(s)

2018-11-08 15:54:36 - [TEST_STEP][PASSED] - Statement - driver = com.kms.katalon.core.webui.driver.DriverFactory.getWebDriver(): null

2018-11-08 15:54:36 - [TEST_STEP][PASSED] - Statement - driver.manage().timeouts().implicitlyWait(10, SECONDS): null

2018-11-08 15:54:36 - [TEST_STEP][PASSED] - Statement - PresavePath = KatalonScreenshots: null

2018-11-08 15:54:36 - [TEST_STEP][PASSED] - Statement - pathPrefix = "C:\Users\Public\Pictures\Sample Pictures\Katalon Screenshots\Automate Ending Screen": null

2018-11-08 15:54:36 - [TEST_STEP][PASSED] - Statement - finalPath = <not implemented yet for class: org.codehaus.groovy.ast.expr.EmptyExpression>: null

2018-11-08 15:54:36 - [TEST_STEP][PASSED] - Statement - scrFile = driver.getScreenshotAs(FILE): null

2018-11-08 15:54:36 - [TEST_STEP][PASSED] - Statement - PreSaveFile = new java.io.File(PresavePath): null

2018-11-08 15:54:36 - [TEST_STEP][PASSED] - Statement - counter = 0: null

2018-11-08 15:54:36 - [TEST_STEP][PASSED] - Statement - If (PreSaveFile.exists()): null

2018-11-08 15:54:36 - [TEST_STEP][PASSED] - Statement - While (PreSaveFile.exists()): null

2018-11-08 15:54:36 - [TEST_STEP][PASSED] - Statement - counter = counter + 1: null

2018-11-08 15:54:36 - [TEST_STEP][PASSED] - Statement - PreSaveFile = new java.io.File(((pathPrefix + java.lang.Integer.toString(counter)) + .png)): null

2018-11-08 15:54:36 - [TEST_STEP][PASSED] - Statement - counter = counter + 1: null

2018-11-08 15:54:36 - [TEST_STEP][PASSED] - Statement - PreSaveFile = new java.io.File(((pathPrefix + java.lang.Integer.toString(counter)) + .png)): null

2018-11-08 15:54:36 - [TEST_STEP][PASSED] - Statement - counter = counter + 1: null

2018-11-08 15:54:36 - [TEST_STEP][PASSED] - Statement - PreSaveFile = new java.io.File(((pathPrefix + java.lang.Integer.toString(counter)) + .png)): null

2018-11-08 15:54:36 - [TEST_STEP][PASSED] - Statement - counter = counter + 1: null

2018-11-08 15:54:36 - [TEST_STEP][PASSED] - Statement - PreSaveFile = new java.io.File(((pathPrefix + java.lang.Integer.toString(counter)) + .png)): null

2018-11-08 15:54:36 - [TEST_STEP][PASSED] - Statement - counter = counter + 1: null

2018-11-08 15:54:36 - [TEST_STEP][PASSED] - Statement - PreSaveFile = new java.io.File(((pathPrefix + java.lang.Integer.toString(counter)) + .png)): null

2018-11-08 15:54:36 - [TEST_STEP][PASSED] - Statement - counter = counter + 1: null

2018-11-08 15:54:36 - [TEST_STEP][PASSED] - Statement - PreSaveFile = new java.io.File(((pathPrefix + java.lang.Integer.toString(counter)) + .png)): null

2018-11-08 15:54:36 - [TEST_STEP][PASSED] - Statement - counter = counter + 1: null

2018-11-08 15:54:36 - [TEST_STEP][PASSED] - Statement - PreSaveFile = new java.io.File(((pathPrefix + java.lang.Integer.toString(counter)) + .png)): null

2018-11-08 15:54:36 - [TEST_STEP][PASSED] - Statement - counter = counter + 1: null

2018-11-08 15:54:36 - [TEST_STEP][PASSED] - Statement - PreSaveFile = new java.io.File(((pathPrefix + java.lang.Integer.toString(counter)) + .png)): null

2018-11-08 15:54:36 - [TEST_STEP][PASSED] - Statement - counter = counter + 1: null

2018-11-08 15:54:36 - [TEST_STEP][PASSED] - Statement - PreSaveFile = new java.io.File(((pathPrefix + java.lang.Integer.toString(counter)) + .png)): null

2018-11-08 15:54:36 - [TEST_STEP][PASSED] - Statement - counter = counter + 1: null

2018-11-08 15:54:36 - [TEST_STEP][PASSED] - Statement - PreSaveFile = new java.io.File(((pathPrefix + java.lang.Integer.toString(counter)) + .png)): null

2018-11-08 15:54:36 - [TEST_STEP][PASSED] - Statement - counter = counter + 1: null

2018-11-08 15:54:36 - [TEST_STEP][PASSED] - Statement - PreSaveFile = new java.io.File(((pathPrefix + java.lang.Integer.toString(counter)) + .png)): null

2018-11-08 15:54:36 - [TEST_STEP][PASSED] - Statement - counter = counter + 1: null

2018-11-08 15:54:36 - [TEST_STEP][PASSED] - Statement - PreSaveFile = new java.io.File(((pathPrefix + java.lang.Integer.toString(counter)) + .png)): null

2018-11-08 15:54:36 - [TEST_STEP][PASSED] - Statement - counter = counter + 1: null

2018-11-08 15:54:36 - [TEST_STEP][PASSED] - Statement - PreSaveFile = new java.io.File(((pathPrefix + java.lang.Integer.toString(counter)) + .png)): null

2018-11-08 15:54:36 - [TEST_STEP][PASSED] - Statement - counter = counter + 1: null

2018-11-08 15:54:36 - [TEST_STEP][PASSED] - Statement - PreSaveFile = new java.io.File(((pathPrefix + java.lang.Integer.toString(counter)) + .png)): null

2018-11-08 15:54:36 - [TEST_STEP][PASSED] - Statement - counter = counter + 1: null

2018-11-08 15:54:36 - [TEST_STEP][PASSED] - Statement - PreSaveFile = new java.io.File(((pathPrefix + java.lang.Integer.toString(counter)) + .png)): null

2018-11-08 15:54:36 - [TEST_STEP][PASSED] - Statement - counter = counter + 1: null

2018-11-08 15:54:36 - [TEST_STEP][PASSED] - Statement - PreSaveFile = new java.io.File(((pathPrefix + java.lang.Integer.toString(counter)) + .png)): null

2018-11-08 15:54:36 - [TEST_STEP][PASSED] - Statement - counter = counter + 1: null

2018-11-08 15:54:36 - [TEST_STEP][PASSED] - Statement - PreSaveFile = new java.io.File(((pathPrefix + java.lang.Integer.toString(counter)) + .png)): null

2018-11-08 15:54:36 - [TEST_STEP][PASSED] - Statement - counter = counter + 1: null

2018-11-08 15:54:36 - [TEST_STEP][PASSED] - Statement - PreSaveFile = new java.io.File(((pathPrefix + java.lang.Integer.toString(counter)) + .png)): null

2018-11-08 15:54:36 - [TEST_STEP][PASSED] - Statement - counter = counter + 1: null

2018-11-08 15:54:36 - [TEST_STEP][PASSED] - Statement - PreSaveFile = new java.io.File(((pathPrefix + java.lang.Integer.toString(counter)) + .png)): null

2018-11-08 15:54:36 - [TEST_STEP][PASSED] - Statement - counter = counter + 1: null

2018-11-08 15:54:36 - [TEST_STEP][PASSED] - Statement - PreSaveFile = new java.io.File(((pathPrefix + java.lang.Integer.toString(counter)) + .png)): null

2018-11-08 15:54:36 - [TEST_STEP][PASSED] - Statement - counter = counter + 1: null

2018-11-08 15:54:36 - [TEST_STEP][PASSED] - Statement - PreSaveFile = new java.io.File(((pathPrefix + java.lang.Integer.toString(counter)) + .png)): null

2018-11-08 15:54:37 - [TEST_STEP][PASSED] - Statement - counter = counter + 1: null

2018-11-08 15:54:37 - [TEST_STEP][PASSED] - Statement - PreSaveFile = new java.io.File(((pathPrefix + java.lang.Integer.toString(counter)) + .png)): null

2018-11-08 15:54:37 - [TEST_STEP][PASSED] - Statement - counter = counter + 1: null

2018-11-08 15:54:37 - [TEST_STEP][PASSED] - Statement - PreSaveFile = new java.io.File(((pathPrefix + java.lang.Integer.toString(counter)) + .png)): null

2018-11-08 15:54:37 - [TEST_STEP][PASSED] - Statement - counter = counter + 1: null

2018-11-08 15:54:37 - [TEST_STEP][PASSED] - Statement - PreSaveFile = new java.io.File(((pathPrefix + java.lang.Integer.toString(counter)) + .png)): null

2018-11-08 15:54:37 - [TEST_STEP][PASSED] - Statement - counter = counter + 1: null

2018-11-08 15:54:37 - [TEST_STEP][PASSED] - Statement - PreSaveFile = new java.io.File(((pathPrefix + java.lang.Integer.toString(counter)) + .png)): null

2018-11-08 15:54:37 - [TEST_STEP][PASSED] - Statement - counter = counter + 1: null

2018-11-08 15:54:37 - [TEST_STEP][PASSED] - Statement - PreSaveFile = new java.io.File(((pathPrefix + java.lang.Integer.toString(counter)) + .png)): null

2018-11-08 15:54:37 - [TEST_STEP][PASSED] - Statement - counter = counter + 1: null

2018-11-08 15:54:37 - [TEST_STEP][PASSED] - Statement - PreSaveFile = new java.io.File(((pathPrefix + java.lang.Integer.toString(counter)) + .png)): null

2018-11-08 15:54:37 - [TEST_STEP][PASSED] - Statement - counter = counter + 1: null

2018-11-08 15:54:37 - [TEST_STEP][PASSED] - Statement - PreSaveFile = new java.io.File(((pathPrefix + java.lang.Integer.toString(counter)) + .png)): null

2018-11-08 15:54:37 - [TEST_STEP][PASSED] - Statement - counter = counter + 1: null

2018-11-08 15:54:37 - [TEST_STEP][PASSED] - Statement - PreSaveFile = new java.io.File(((pathPrefix + java.lang.Integer.toString(counter)) + .png)): null

2018-11-08 15:54:37 - [TEST_STEP][PASSED] - Statement - counter = counter + 1: null

2018-11-08 15:54:37 - [TEST_STEP][PASSED] - Statement - PreSaveFile = new java.io.File(((pathPrefix + java.lang.Integer.toString(counter)) + .png)): null

2018-11-08 15:54:37 - [TEST_STEP][PASSED] - Statement - counter = counter + 1: null

2018-11-08 15:54:37 - [TEST_STEP][PASSED] - Statement - PreSaveFile = new java.io.File(((pathPrefix + java.lang.Integer.toString(counter)) + .png)): null

2018-11-08 15:54:37 - [TEST_STEP][PASSED] - Statement - counter = counter + 1: null

2018-11-08 15:54:37 - [TEST_STEP][PASSED] - Statement - PreSaveFile = new java.io.File(((pathPrefix + java.lang.Integer.toString(counter)) + .png)): null

2018-11-08 15:54:37 - [TEST_STEP][PASSED] - Statement - counter = counter + 1: null

2018-11-08 15:54:37 - [TEST_STEP][PASSED] - Statement - PreSaveFile = new java.io.File(((pathPrefix + java.lang.Integer.toString(counter)) + .png)): null

2018-11-08 15:54:38 - [TEST_STEP][PASSED] - Statement - counter = counter + 1: null

2018-11-08 15:54:38 - [TEST_STEP][PASSED] - Statement - PreSaveFile = new java.io.File(((pathPrefix + java.lang.Integer.toString(counter)) + .png)): null

2018-11-08 15:54:38 - [TEST_STEP][PASSED] - Statement - counter = counter + 1: null

2018-11-08 15:54:38 - [TEST_STEP][PASSED] - Statement - PreSaveFile = new java.io.File(((pathPrefix + java.lang.Integer.toString(counter)) + .png)): null

2018-11-08 15:54:38 - [TEST_STEP][PASSED] - Statement - counter = counter + 1: null

2018-11-08 15:54:38 - [TEST_STEP][PASSED] - Statement - PreSaveFile = new java.io.File(((pathPrefix + java.lang.Integer.toString(counter)) + .png)): null

2018-11-08 15:54:38 - [TEST_STEP][PASSED] - Statement - counter = counter + 1: null

2018-11-08 15:54:38 - [TEST_STEP][PASSED] - Statement - PreSaveFile = new java.io.File(((pathPrefix + java.lang.Integer.toString(counter)) + .png)): null

2018-11-08 15:54:38 - [TEST_STEP][PASSED] - Statement - counter = counter + 1: null

2018-11-08 15:54:38 - [TEST_STEP][PASSED] - Statement - PreSaveFile = new java.io.File(((pathPrefix + java.lang.Integer.toString(counter)) + .png)): null

2018-11-08 15:54:38 - [TEST_STEP][PASSED] - Statement - counter = counter + 1: null

2018-11-08 15:54:38 - [TEST_STEP][PASSED] - Statement - PreSaveFile = new java.io.File(((pathPrefix + java.lang.Integer.toString(counter)) + .png)): null

2018-11-08 15:54:38 - [TEST_STEP][PASSED] - Statement - counter = counter + 1: null

2018-11-08 15:54:38 - [TEST_STEP][PASSED] - Statement - PreSaveFile = new java.io.File(((pathPrefix + java.lang.Integer.toString(counter)) + .png)): null

2018-11-08 15:54:38 - [TEST_STEP][PASSED] - Statement - counter = counter + 1: null

2018-11-08 15:54:39 - [TEST_STEP][PASSED] - Statement - PreSaveFile = new java.io.File(((pathPrefix + java.lang.Integer.toString(counter)) + .png)): null

2018-11-08 15:54:39 - [TEST_STEP][PASSED] - Statement - counter = counter + 1: null

2018-11-08 15:54:39 - [TEST_STEP][PASSED] - Statement - PreSaveFile = new java.io.File(((pathPrefix + java.lang.Integer.toString(counter)) + .png)): null

2018-11-08 15:54:39 - [TEST_STEP][PASSED] - Statement - counter = counter + 1: null

2018-11-08 15:54:39 - [TEST_STEP][PASSED] - Statement - PreSaveFile = new java.io.File(((pathPrefix + java.lang.Integer.toString(counter)) + .png)): null

2018-11-08 15:54:39 - [TEST_STEP][PASSED] - Statement - counter = counter + 1: null

2018-11-08 15:54:39 - [TEST_STEP][PASSED] - Statement - PreSaveFile = new java.io.File(((pathPrefix + java.lang.Integer.toString(counter)) + .png)): null

2018-11-08 15:54:39 - [TEST_STEP][PASSED] - Statement - counter = counter + 1: null

2018-11-08 15:54:39 - [TEST_STEP][PASSED] - Statement - PreSaveFile = new java.io.File(((pathPrefix + java.lang.Integer.toString(counter)) + .png)): null

2018-11-08 15:54:40 - [TEST_STEP][PASSED] - Statement - counter = counter + 1: null

2018-11-08 15:54:40 - [TEST_STEP][PASSED] - Statement - PreSaveFile = new java.io.File(((pathPrefix + java.lang.Integer.toString(counter)) + .png)): null

2018-11-08 15:54:40 - [TEST_STEP][PASSED] - Statement - counter = counter + 1: null

2018-11-08 15:54:40 - [TEST_STEP][PASSED] - Statement - PreSaveFile = new java.io.File(((pathPrefix + java.lang.Integer.toString(counter)) + .png)): null

2018-11-08 15:54:40 - [TEST_STEP][PASSED] - Statement - counter = counter + 1: null

2018-11-08 15:54:40 - [TEST_STEP][PASSED] - Statement - PreSaveFile = new java.io.File(((pathPrefix + java.lang.Integer.toString(counter)) + .png)): null

2018-11-08 15:54:40 - [TEST_STEP][PASSED] - Statement - counter = counter + 1: null

2018-11-08 15:54:40 - [TEST_STEP][PASSED] - Statement - PreSaveFile = new java.io.File(((pathPrefix + java.lang.Integer.toString(counter)) + .png)): null

2018-11-08 15:54:40 - [TEST_STEP][PASSED] - Statement - counter = counter + 1: null

2018-11-08 15:54:40 - [TEST_STEP][PASSED] - Statement - PreSaveFile = new java.io.File(((pathPrefix + java.lang.Integer.toString(counter)) + .png)): null

2018-11-08 15:54:40 - [TEST_STEP][PASSED] - Statement - counter = counter + 1: null

2018-11-08 15:54:40 - [TEST_STEP][PASSED] - Statement - PreSaveFile = new java.io.File(((pathPrefix + java.lang.Integer.toString(counter)) + .png)): null

2018-11-08 15:54:40 - [TEST_STEP][PASSED] - Statement - counter = counter + 1: null

2018-11-08 15:54:40 - [TEST_STEP][PASSED] - Statement - PreSaveFile = new java.io.File(((pathPrefix + java.lang.Integer.toString(counter)) + .png)): null

2018-11-08 15:54:40 - [TEST_STEP][PASSED] - Statement - counter = counter + 1: null

2018-11-08 15:54:40 - [TEST_STEP][PASSED] - Statement - PreSaveFile = new java.io.File(((pathPrefix + java.lang.Integer.toString(counter)) + .png)): null

2018-11-08 15:54:40 - [TEST_STEP][PASSED] - Statement - counter = counter + 1: null

2018-11-08 15:54:40 - [TEST_STEP][PASSED] - Statement - PreSaveFile = new java.io.File(((pathPrefix + java.lang.Integer.toString(counter)) + .png)): null

2018-11-08 15:54:40 - [TEST_STEP][PASSED] - Statement - counter = counter + 1: null

2018-11-08 15:54:40 - [TEST_STEP][PASSED] - Statement - PreSaveFile = new java.io.File(((pathPrefix + java.lang.Integer.toString(counter)) + .png)): null

2018-11-08 15:54:40 - [TEST_STEP][PASSED] - Statement - counter = counter + 1: null

2018-11-08 15:54:40 - [TEST_STEP][PASSED] - Statement - PreSaveFile = new java.io.File(((pathPrefix + java.lang.Integer.toString(counter)) + .png)): null

2018-11-08 15:54:40 - [TEST_STEP][PASSED] - Statement - counter = counter + 1: null

2018-11-08 15:54:40 - [TEST_STEP][PASSED] - Statement - PreSaveFile = new java.io.File(((pathPrefix + java.lang.Integer.toString(counter)) + .png)): null

2018-11-08 15:54:41 - [TEST_STEP][PASSED] - Statement - counter = counter + 1: null

2018-11-08 15:54:41 - [TEST_STEP][PASSED] - Statement - PreSaveFile = new java.io.File(((pathPrefix + java.lang.Integer.toString(counter)) + .png)): null

2018-11-08 15:54:41 - [TEST_STEP][PASSED] - Statement - counter = counter + 1: null

2018-11-08 15:54:41 - [TEST_STEP][PASSED] - Statement - PreSaveFile = new java.io.File(((pathPrefix + java.lang.Integer.toString(counter)) + .png)): null

2018-11-08 15:54:41 - [TEST_STEP][PASSED] - Statement - counter = counter + 1: null

2018-11-08 15:54:41 - [TEST_STEP][PASSED] - Statement - PreSaveFile = new java.io.File(((pathPrefix + java.lang.Integer.toString(counter)) + .png)): null

2018-11-08 15:54:41 - [TEST_STEP][PASSED] - Statement - counter = counter + 1: null

2018-11-08 15:54:41 - [TEST_STEP][PASSED] - Statement - PreSaveFile = new java.io.File(((pathPrefix + java.lang.Integer.toString(counter)) + .png)): null

2018-11-08 15:54:41 - [TEST_STEP][PASSED] - Statement - counter = counter + 1: null

2018-11-08 15:54:42 - [TEST_STEP][PASSED] - Statement - PreSaveFile = new java.io.File(((pathPrefix + java.lang.Integer.toString(counter)) + .png)): null

2018-11-08 15:54:42 - [TEST_STEP][PASSED] - Statement - counter = counter + 1: null

2018-11-08 15:54:42 - [TEST_STEP][PASSED] - Statement - PreSaveFile = new java.io.File(((pathPrefix + java.lang.Integer.toString(counter)) + .png)): null

2018-11-08 15:54:42 - [TEST_STEP][PASSED] - Statement - counter = counter + 1: null

2018-11-08 15:54:42 - [TEST_STEP][PASSED] - Statement - PreSaveFile = new java.io.File(((pathPrefix + java.lang.Integer.toString(counter)) + .png)): null

2018-11-08 15:54:42 - [TEST_STEP][PASSED] - Statement - counter = counter + 1: null

2018-11-08 15:54:42 - [TEST_STEP][PASSED] - Statement - PreSaveFile = new java.io.File(((pathPrefix + java.lang.Integer.toString(counter)) + .png)): null

2018-11-08 15:54:42 - [TEST_STEP][PASSED] - Statement - counter = counter + 1: null

2018-11-08 15:54:42 - [TEST_STEP][PASSED] - Statement - PreSaveFile = new java.io.File(((pathPrefix + java.lang.Integer.toString(counter)) + .png)): null

2018-11-08 15:54:42 - [TEST_STEP][PASSED] - Statement - counter = counter + 1: null

2018-11-08 15:54:42 - [TEST_STEP][PASSED] - Statement - PreSaveFile = new java.io.File(((pathPrefix + java.lang.Integer.toString(counter)) + .png)): null

2018-11-08 15:54:42 - [TEST_STEP][PASSED] - Statement - counter = counter + 1: null

2018-11-08 15:54:42 - [TEST_STEP][PASSED] - Statement - PreSaveFile = new java.io.File(((pathPrefix + java.lang.Integer.toString(counter)) + .png)): null

2018-11-08 15:54:42 - [TEST_STEP][PASSED] - Statement - counter = counter + 1: null

2018-11-08 15:54:42 - [TEST_STEP][PASSED] - Statement - PreSaveFile = new java.io.File(((pathPrefix + java.lang.Integer.toString(counter)) + .png)): null

2018-11-08 15:54:42 - [TEST_STEP][PASSED] - Statement - counter = counter + 1: null

2018-11-08 15:54:42 - [TEST_STEP][PASSED] - Statement - PreSaveFile = new java.io.File(((pathPrefix + java.lang.Integer.toString(counter)) + .png)): null

2018-11-08 15:54:42 - [TEST_STEP][PASSED] - Statement - counter = counter + 1: null

2018-11-08 15:54:42 - [TEST_STEP][PASSED] - Statement - PreSaveFile = new java.io.File(((pathPrefix + java.lang.Integer.toString(counter)) + .png)): null

2018-11-08 15:54:42 - [TEST_STEP][PASSED] - Statement - counter = counter + 1: null

2018-11-08 15:54:42 - [TEST_STEP][PASSED] - Statement - PreSaveFile = new java.io.File(((pathPrefix + java.lang.Integer.toString(counter)) + .png)): null

2018-11-08 15:54:42 - [TEST_STEP][PASSED] - Statement - counter = counter + 1: null

2018-11-08 15:54:42 - [TEST_STEP][PASSED] - Statement - PreSaveFile = new java.io.File(((pathPrefix + java.lang.Integer.toString(counter)) + .png)): null

2018-11-08 15:54:42 - [TEST_STEP][PASSED] - Statement - counter = counter + 1: null

2018-11-08 15:54:42 - [TEST_STEP][PASSED] - Statement - PreSaveFile = new java.io.File(((pathPrefix + java.lang.Integer.toString(counter)) + .png)): null

2018-11-08 15:54:42 - [TEST_STEP][PASSED] - Statement - counter = counter + 1: null

2018-11-08 15:54:42 - [TEST_STEP][PASSED] - Statement - PreSaveFile = new java.io.File(((pathPrefix + java.lang.Integer.toString(counter)) + .png)): null

2018-11-08 15:54:42 - [TEST_STEP][PASSED] - Statement - counter = counter + 1: null

2018-11-08 15:54:42 - [TEST_STEP][PASSED] - Statement - PreSaveFile = new java.io.File(((pathPrefix + java.lang.Integer.toString(counter)) + .png)): null

2018-11-08 15:54:42 - [TEST_STEP][PASSED] - Statement - counter = counter + 1: null

2018-11-08 15:54:42 - [TEST_STEP][PASSED] - Statement - PreSaveFile = new java.io.File(((pathPrefix + java.lang.Integer.toString(counter)) + .png)): null

2018-11-08 15:54:42 - [TEST_STEP][PASSED] - Statement - counter = counter + 1: null

2018-11-08 15:54:43 - [TEST_STEP][PASSED] - Statement - PreSaveFile = new java.io.File(((pathPrefix + java.lang.Integer.toString(counter)) + .png)): null

2018-11-08 15:54:43 - [TEST_STEP][PASSED] - Statement - counter = counter + 1: null

2018-11-08 15:54:43 - [TEST_STEP][PASSED] - Statement - PreSaveFile = new java.io.File(((pathPrefix + java.lang.Integer.toString(counter)) + .png)): null

2018-11-08 15:54:43 - [TEST_STEP][PASSED] - Statement - counter = counter + 1: null

2018-11-08 15:54:43 - [TEST_STEP][PASSED] - Statement - PreSaveFile = new java.io.File(((pathPrefix + java.lang.Integer.toString(counter)) + .png)): null

2018-11-08 15:54:43 - [TEST_STEP][PASSED] - Statement - counter = counter + 1: null

2018-11-08 15:54:43 - [TEST_STEP][PASSED] - Statement - PreSaveFile = new java.io.File(((pathPrefix + java.lang.Integer.toString(counter)) + .png)): null

2018-11-08 15:54:43 - [TEST_STEP][PASSED] - Statement - counter = counter + 1: null

2018-11-08 15:54:43 - [TEST_STEP][PASSED] - Statement - PreSaveFile = new java.io.File(((pathPrefix + java.lang.Integer.toString(counter)) + .png)): null

2018-11-08 15:54:44 - [TEST_STEP][PASSED] - Statement - counter = counter + 1: null

2018-11-08 15:54:44 - [TEST_STEP][PASSED] - Statement - PreSaveFile = new java.io.File(((pathPrefix + java.lang.Integer.toString(counter)) + .png)): null

2018-11-08 15:54:44 - [TEST_STEP][PASSED] - Statement - counter = counter + 1: null

2018-11-08 15:54:44 - [TEST_STEP][PASSED] - Statement - PreSaveFile = new java.io.File(((pathPrefix + java.lang.Integer.toString(counter)) + .png)): null

2018-11-08 15:54:44 - [TEST_STEP][PASSED] - Statement - counter = counter + 1: null

2018-11-08 15:54:44 - [TEST_STEP][PASSED] - Statement - PreSaveFile = new java.io.File(((pathPrefix + java.lang.Integer.toString(counter)) + .png)): null

2018-11-08 15:54:44 - [TEST_STEP][PASSED] - Statement - counter = counter + 1: null

2018-11-08 15:54:44 - [TEST_STEP][PASSED] - Statement - PreSaveFile = new java.io.File(((pathPrefix + java.lang.Integer.toString(counter)) + .png)): null

2018-11-08 15:54:44 - [TEST_STEP][PASSED] - Statement - counter = counter + 1: null

2018-11-08 15:54:44 - [TEST_STEP][PASSED] - Statement - PreSaveFile = new java.io.File(((pathPrefix + java.lang.Integer.toString(counter)) + .png)): null

2018-11-08 15:54:44 - [TEST_STEP][PASSED] - Statement - counter = counter + 1: null

2018-11-08 15:54:45 - [TEST_STEP][PASSED] - Statement - PreSaveFile = new java.io.File(((pathPrefix + java.lang.Integer.toString(counter)) + .png)): null

2018-11-08 15:54:45 - [TEST_STEP][PASSED] - Statement - counter = counter + 1: null

2018-11-08 15:54:45 - [TEST_STEP][PASSED] - Statement - PreSaveFile = new java.io.File(((pathPrefix + java.lang.Integer.toString(counter)) + .png)): null

2018-11-08 15:54:45 - [TEST_STEP][PASSED] - Statement - counter = counter + 1: null

2018-11-08 15:54:45 - [TEST_STEP][PASSED] - Statement - PreSaveFile = new java.io.File(((pathPrefix + java.lang.Integer.toString(counter)) + .png)): null

2018-11-08 15:54:45 - [TEST_STEP][PASSED] - Statement - counter = counter + 1: null

2018-11-08 15:54:45 - [TEST_STEP][PASSED] - Statement - PreSaveFile = new java.io.File(((pathPrefix + java.lang.Integer.toString(counter)) + .png)): null

2018-11-08 15:54:45 - [TEST_STEP][PASSED] - Statement - counter = counter + 1: null

2018-11-08 15:54:45 - [TEST_STEP][PASSED] - Statement - PreSaveFile = new java.io.File(((pathPrefix + java.lang.Integer.toString(counter)) + .png)): null

2018-11-08 15:54:45 - [TEST_STEP][PASSED] - Statement - counter = counter + 1: null

2018-11-08 15:54:45 - [TEST_STEP][PASSED] - Statement - PreSaveFile = new java.io.File(((pathPrefix + java.lang.Integer.toString(counter)) + .png)): null

2018-11-08 15:54:45 - [TEST_STEP][PASSED] - Statement - counter = counter + 1: null

2018-11-08 15:54:45 - [TEST_STEP][PASSED] - Statement - PreSaveFile = new java.io.File(((pathPrefix + java.lang.Integer.toString(counter)) + .png)): null

2018-11-08 15:54:45 - [TEST_STEP][PASSED] - Statement - counter = counter + 1: null

2018-11-08 15:54:45 - [TEST_STEP][PASSED] - Statement - PreSaveFile = new java.io.File(((pathPrefix + java.lang.Integer.toString(counter)) + .png)): null

2018-11-08 15:54:45 - [TEST_STEP][PASSED] - Statement - counter = counter + 1: null

2018-11-08 15:54:45 - [TEST_STEP][PASSED] - Statement - PreSaveFile = new java.io.File(((pathPrefix + java.lang.Integer.toString(counter)) + .png)): null

2018-11-08 15:54:45 - [TEST_STEP][PASSED] - Statement - counter = counter + 1: null

2018-11-08 15:54:45 - [TEST_STEP][PASSED] - Statement - PreSaveFile = new java.io.File(((pathPrefix + java.lang.Integer.toString(counter)) + .png)): null

2018-11-08 15:54:45 - [TEST_STEP][PASSED] - Statement - counter = counter + 1: null

2018-11-08 15:54:45 - [TEST_STEP][PASSED] - Statement - PreSaveFile = new java.io.File(((pathPrefix + java.lang.Integer.toString(counter)) + .png)): null

2018-11-08 15:54:45 - [TEST_STEP][PASSED] - Statement - counter = counter + 1: null

2018-11-08 15:54:46 - [TEST_STEP][PASSED] - Statement - PreSaveFile = new java.io.File(((pathPrefix + java.lang.Integer.toString(counter)) + .png)): null

2018-11-08 15:54:46 - [TEST_STEP][PASSED] - Statement - counter = counter + 1: null

2018-11-08 15:54:46 - [TEST_STEP][PASSED] - Statement - PreSaveFile = new java.io.File(((pathPrefix + java.lang.Integer.toString(counter)) + .png)): null

2018-11-08 15:54:46 - [TEST_STEP][PASSED] - Statement - counter = counter + 1: null

2018-11-08 15:54:46 - [TEST_STEP][PASSED] - Statement - PreSaveFile = new java.io.File(((pathPrefix + java.lang.Integer.toString(counter)) + .png)): null

2018-11-08 15:54:46 - [TEST_STEP][PASSED] - Statement - counter = counter + 1: null

2018-11-08 15:54:46 - [TEST_STEP][PASSED] - Statement - PreSaveFile = new java.io.File(((pathPrefix + java.lang.Integer.toString(counter)) + .png)): null

2018-11-08 15:54:46 - [TEST_STEP][PASSED] - Statement - counter = counter + 1: null

2018-11-08 15:54:46 - [TEST_STEP][PASSED] - Statement - PreSaveFile = new java.io.File(((pathPrefix + java.lang.Integer.toString(counter)) + .png)): null

2018-11-08 15:54:46 - [TEST_STEP][PASSED] - Statement - counter = counter + 1: null

2018-11-08 15:54:47 - [TEST_STEP][PASSED] - Statement - PreSaveFile = new java.io.File(((pathPrefix + java.lang.Integer.toString(counter)) + .png)): null

2018-11-08 15:54:47 - [TEST_STEP][PASSED] - Statement - counter = counter + 1: null

2018-11-08 15:54:47 - [TEST_STEP][PASSED] - Statement - PreSaveFile = new java.io.File(((pathPrefix + java.lang.Integer.toString(counter)) + .png)): null

2018-11-08 15:54:47 - [TEST_STEP][PASSED] - Statement - counter = counter + 1: null

2018-11-08 15:54:47 - [TEST_STEP][PASSED] - Statement - PreSaveFile = new java.io.File(((pathPrefix + java.lang.Integer.toString(counter)) + .png)): null

2018-11-08 15:54:47 - [TEST_STEP][PASSED] - Statement - counter = counter + 1: null

2018-11-08 15:54:47 - [TEST_STEP][PASSED] - Statement - PreSaveFile = new java.io.File(((pathPrefix + java.lang.Integer.toString(counter)) + .png)): null

2018-11-08 15:54:47 - [TEST_STEP][PASSED] - Statement - counter = counter + 1: null

2018-11-08 15:54:47 - [TEST_STEP][PASSED] - Statement - PreSaveFile = new java.io.File(((pathPrefix + java.lang.Integer.toString(counter)) + .png)): null

2018-11-08 15:54:47 - [TEST_STEP][PASSED] - Statement - counter = counter + 1: null

2018-11-08 15:54:48 - [TEST_STEP][PASSED] - Statement - PreSaveFile = new java.io.File(((pathPrefix + java.lang.Integer.toString(counter)) + .png)): null

2018-11-08 15:54:48 - [TEST_STEP][PASSED] - Statement - counter = counter + 1: null

2018-11-08 15:54:48 - [TEST_STEP][PASSED] - Statement - PreSaveFile = new java.io.File(((pathPrefix + java.lang.Integer.toString(counter)) + .png)): null

2018-11-08 15:54:48 - [TEST_STEP][PASSED] - Statement - counter = counter + 1: null

2018-11-08 15:54:48 - [TEST_STEP][PASSED] - Statement - PreSaveFile = new java.io.File(((pathPrefix + java.lang.Integer.toString(counter)) + .png)): null

2018-11-08 15:54:48 - [TEST_STEP][PASSED] - Statement - counter = counter + 1: null

2018-11-08 15:54:48 - [TEST_STEP][PASSED] - Statement - PreSaveFile = new java.io.File(((pathPrefix + java.lang.Integer.toString(counter)) + .png)): null

2018-11-08 15:54:48 - [TEST_STEP][PASSED] - Statement - counter = counter + 1: null

2018-11-08 15:54:48 - [TEST_STEP][PASSED] - Statement - PreSaveFile = new java.io.File(((pathPrefix + java.lang.Integer.toString(counter)) + .png)): null

2018-11-08 15:54:48 - [TEST_STEP][PASSED] - Statement - counter = counter + 1: null

2018-11-08 15:54:48 - [TEST_STEP][PASSED] - Statement - PreSaveFile = new java.io.File(((pathPrefix + java.lang.Integer.toString(counter)) + .png)): null

2018-11-08 15:54:48 - [TEST_STEP][PASSED] - Statement - counter = counter + 1: null

2018-11-08 15:54:48 - [TEST_STEP][PASSED] - Statement - PreSaveFile = new java.io.File(((pathPrefix + java.lang.Integer.toString(counter)) + .png)): null

2018-11-08 15:54:48 - [TEST_STEP][PASSED] - Statement - counter = counter + 1: null

2018-11-08 15:54:48 - [TEST_STEP][PASSED] - Statement - PreSaveFile = new java.io.File(((pathPrefix + java.lang.Integer.toString(counter)) + .png)): null

2018-11-08 15:54:48 - [TEST_STEP][PASSED] - Statement - counter = counter + 1: null

2018-11-08 15:54:48 - [TEST_STEP][PASSED] - Statement - PreSaveFile = new java.io.File(((pathPrefix + java.lang.Integer.toString(counter)) + .png)): null

2018-11-08 15:54:48 - [TEST_STEP][PASSED] - Statement - counter = counter + 1: null

2018-11-08 15:54:48 - [TEST_STEP][PASSED] - Statement - PreSaveFile = new java.io.File(((pathPrefix + java.lang.Integer.toString(counter)) + .png)): null

2018-11-08 15:54:48 - [TEST_STEP][PASSED] - Statement - counter = counter + 1: null

2018-11-08 15:54:48 - [TEST_STEP][PASSED] - Statement - PreSaveFile = new java.io.File(((pathPrefix + java.lang.Integer.toString(counter)) + .png)): null

2018-11-08 15:54:48 - [TEST_STEP][PASSED] - Statement - counter = counter + 1: null

2018-11-08 15:54:49 - [TEST_STEP][PASSED] - Statement - PreSaveFile = new java.io.File(((pathPrefix + java.lang.Integer.toString(counter)) + .png)): null

2018-11-08 15:54:49 - [TEST_STEP][PASSED] - Statement - counter = counter + 1: null

2018-11-08 15:54:49 - [TEST_STEP][PASSED] - Statement - PreSaveFile = new java.io.File(((pathPrefix + java.lang.Integer.toString(counter)) + .png)): null

2018-11-08 15:54:49 - [TEST_STEP][PASSED] - Statement - counter = counter + 1: null

2018-11-08 15:54:49 - [TEST_STEP][PASSED] - Statement - PreSaveFile = new java.io.File(((pathPrefix + java.lang.Integer.toString(counter)) + .png)): null

2018-11-08 15:54:49 - [TEST_STEP][PASSED] - Statement - counter = counter + 1: null

2018-11-08 15:54:49 - [TEST_STEP][PASSED] - Statement - PreSaveFile = new java.io.File(((pathPrefix + java.lang.Integer.toString(counter)) + .png)): null

2018-11-08 15:54:49 - [TEST_STEP][PASSED] - Statement - counter = counter + 1: null

2018-11-08 15:54:49 - [TEST_STEP][PASSED] - Statement - PreSaveFile = new java.io.File(((pathPrefix + java.lang.Integer.toString(counter)) + .png)): null

2018-11-08 15:54:49 - [TEST_STEP][PASSED] - Statement - counter = counter + 1: null

2018-11-08 15:54:50 - [TEST_STEP][PASSED] - Statement - PreSaveFile = new java.io.File(((pathPrefix + java.lang.Integer.toString(counter)) + .png)): null

2018-11-08 15:54:50 - [TEST_STEP][PASSED] - Statement - counter = counter + 1: null

2018-11-08 15:54:50 - [TEST_STEP][PASSED] - Statement - PreSaveFile = new java.io.File(((pathPrefix + java.lang.Integer.toString(counter)) + .png)): null

2018-11-08 15:54:50 - [TEST_STEP][PASSED] - Statement - counter = counter + 1: null

2018-11-08 15:54:50 - [TEST_STEP][PASSED] - Statement - PreSaveFile = new java.io.File(((pathPrefix + java.lang.Integer.toString(counter)) + .png)): null

2018-11-08 15:54:50 - [TEST_STEP][PASSED] - Statement - counter = counter + 1: null

2018-11-08 15:54:50 - [TEST_STEP][PASSED] - Statement - PreSaveFile = new java.io.File(((pathPrefix + java.lang.Integer.toString(counter)) + .png)): null

2018-11-08 15:54:50 - [TEST_STEP][PASSED] - Statement - counter = counter + 1: null

2018-11-08 15:54:50 - [TEST_STEP][PASSED] - Statement - PreSaveFile = new java.io.File(((pathPrefix + java.lang.Integer.toString(counter)) + .png)): null

2018-11-08 15:54:50 - [TEST_STEP][PASSED] - Statement - counter = counter + 1: null

2018-11-08 15:54:51 - [TEST_STEP][PASSED] - Statement - PreSaveFile = new java.io.File(((pathPrefix + java.lang.Integer.toString(counter)) + .png)): null

2018-11-08 15:54:51 - [TEST_STEP][PASSED] - Statement - counter = counter + 1: null

2018-11-08 15:54:51 - [TEST_STEP][PASSED] - Statement - PreSaveFile = new java.io.File(((pathPrefix + java.lang.Integer.toString(counter)) + .png)): null

2018-11-08 15:54:51 - [TEST_STEP][PASSED] - Statement - counter = counter + 1: null

2018-11-08 15:54:51 - [TEST_STEP][PASSED] - Statement - PreSaveFile = new java.io.File(((pathPrefix + java.lang.Integer.toString(counter)) + .png)): null

2018-11-08 15:54:51 - [TEST_STEP][PASSED] - Statement - counter = counter + 1: null

2018-11-08 15:54:51 - [TEST_STEP][PASSED] - Statement - PreSaveFile = new java.io.File(((pathPrefix + java.lang.Integer.toString(counter)) + .png)): null

2018-11-08 15:54:51 - [TEST_STEP][PASSED] - Statement - counter = counter + 1: null

2018-11-08 15:54:51 - [TEST_STEP][PASSED] - Statement - PreSaveFile = new java.io.File(((pathPrefix + java.lang.Integer.toString(counter)) + .png)): null

2018-11-08 15:54:51 - [TEST_STEP][PASSED] - Statement - counter = counter + 1: null

2018-11-08 15:54:51 - [TEST_STEP][PASSED] - Statement - PreSaveFile = new java.io.File(((pathPrefix + java.lang.Integer.toString(counter)) + .png)): null

2018-11-08 15:54:51 - [TEST_STEP][PASSED] - Statement - counter = counter + 1: null

2018-11-08 15:54:51 - [TEST_STEP][PASSED] - Statement - PreSaveFile = new java.io.File(((pathPrefix + java.lang.Integer.toString(counter)) + .png)): null

2018-11-08 15:54:51 - [TEST_STEP][PASSED] - Statement - counter = counter + 1: null

2018-11-08 15:54:51 - [TEST_STEP][PASSED] - Statement - PreSaveFile = new java.io.File(((pathPrefix + java.lang.Integer.toString(counter)) + .png)): null

2018-11-08 15:54:51 - [TEST_STEP][PASSED] - Statement - counter = counter + 1: null

2018-11-08 15:54:51 - [TEST_STEP][PASSED] - Statement - PreSaveFile = new java.io.File(((pathPrefix + java.lang.Integer.toString(counter)) + .png)): null

2018-11-08 15:54:51 - [TEST_STEP][PASSED] - Statement - counter = counter + 1: null

2018-11-08 15:54:51 - [TEST_STEP][PASSED] - Statement - PreSaveFile = new java.io.File(((pathPrefix + java.lang.Integer.toString(counter)) + .png)): null

2018-11-08 15:54:51 - [TEST_STEP][PASSED] - Statement - counter = counter + 1: null

2018-11-08 15:54:52 - [TEST_STEP][PASSED] - Statement - PreSaveFile = new java.io.File(((pathPrefix + java.lang.Integer.toString(counter)) + .png)): null

2018-11-08 15:54:52 - [TEST_STEP][PASSED] - Statement - counter = counter + 1: null

2018-11-08 15:54:52 - [TEST_STEP][PASSED] - Statement - PreSaveFile = new java.io.File(((pathPrefix + java.lang.Integer.toString(counter)) + .png)): null

2018-11-08 15:54:52 - [TEST_STEP][PASSED] - Statement - counter = counter + 1: null

2018-11-08 15:54:52 - [TEST_STEP][PASSED] - Statement - PreSaveFile = new java.io.File(((pathPrefix + java.lang.Integer.toString(counter)) + .png)): null

2018-11-08 15:54:52 - [TEST_STEP][PASSED] - Statement - counter = counter + 1: null

2018-11-08 15:54:52 - [TEST_STEP][PASSED] - Statement - PreSaveFile = new java.io.File(((pathPrefix + java.lang.Integer.toString(counter)) + .png)): null

2018-11-08 15:54:52 - [TEST_STEP][PASSED] - Statement - counter = counter + 1: null

2018-11-08 15:54:52 - [TEST_STEP][PASSED] - Statement - PreSaveFile = new java.io.File(((pathPrefix + java.lang.Integer.toString(counter)) + .png)): null

2018-11-08 15:54:53 - [TEST_STEP][PASSED] - Statement - counter = counter + 1: null

2018-11-08 15:54:53 - [TEST_STEP][PASSED] - Statement - PreSaveFile = new java.io.File(((pathPrefix + java.lang.Integer.toString(counter)) + .png)): null

2018-11-08 15:54:53 - [TEST_STEP][PASSED] - Statement - counter = counter + 1: null

2018-11-08 15:54:53 - [TEST_STEP][PASSED] - Statement - PreSaveFile = new java.io.File(((pathPrefix + java.lang.Integer.toString(counter)) + .png)): null

2018-11-08 15:54:53 - [TEST_STEP][PASSED] - Statement - counter = counter + 1: null

2018-11-08 15:54:53 - [TEST_STEP][PASSED] - Statement - PreSaveFile = new java.io.File(((pathPrefix + java.lang.Integer.toString(counter)) + .png)): null

2018-11-08 15:54:53 - [TEST_STEP][PASSED] - Statement - counter = counter + 1: null

2018-11-08 15:54:53 - [TEST_STEP][PASSED] - Statement - PreSaveFile = new java.io.File(((pathPrefix + java.lang.Integer.toString(counter)) + .png)): null

2018-11-08 15:54:53 - [TEST_STEP][PASSED] - Statement - counter = counter + 1: null

2018-11-08 15:54:53 - [TEST_STEP][PASSED] - Statement - PreSaveFile = new java.io.File(((pathPrefix + java.lang.Integer.toString(counter)) + .png)): null

2018-11-08 15:54:53 - [TEST_STEP][PASSED] - Statement - counter = counter + 1: null

2018-11-08 15:54:53 - [TEST_STEP][PASSED] - Statement - PreSaveFile = new java.io.File(((pathPrefix + java.lang.Integer.toString(counter)) + .png)): null

2018-11-08 15:54:54 - [TEST_STEP][PASSED] - Statement - counter = counter + 1: null

2018-11-08 15:54:54 - [TEST_STEP][PASSED] - Statement - PreSaveFile = new java.io.File(((pathPrefix + java.lang.Integer.toString(counter)) + .png)): null

2018-11-08 15:54:54 - [TEST_STEP][PASSED] - Statement - counter = counter + 1: null

2018-11-08 15:54:54 - [TEST_STEP][PASSED] - Statement - PreSaveFile = new java.io.File(((pathPrefix + java.lang.Integer.toString(counter)) + .png)): null

2018-11-08 15:54:54 - [TEST_STEP][PASSED] - Statement - counter = counter + 1: null

2018-11-08 15:54:54 - [TEST_STEP][PASSED] - Statement - PreSaveFile = new java.io.File(((pathPrefix + java.lang.Integer.toString(counter)) + .png)): null

2018-11-08 15:54:54 - [TEST_STEP][PASSED] - Statement - counter = counter + 1: null

2018-11-08 15:54:54 - [TEST_STEP][PASSED] - Statement - PreSaveFile = new java.io.File(((pathPrefix + java.lang.Integer.toString(counter)) + .png)): null

2018-11-08 15:54:54 - [TEST_STEP][PASSED] - Statement - finalPath = pathPrefix + java.lang.Integer.toString(counter) + ".png": null

2018-11-08 15:54:55 - [TEST_STEP][PASSED] - Statement - SaveFile = new java.io.File(finalPath): null

2018-11-08 15:54:55 - [TEST_STEP][PASSED] - Statement - Try: null

2018-11-08 15:54:55 - [TEST_STEP][PASSED] - Statement - org.apache.commons.io.FileUtils.copyFile(scrFile, SaveFile): null

2018-11-08 15:54:55 - [TEST_STEP][PASSED] - Statement - out.println("file kept"): null

2018-11-08 15:54:55 - [TEST_STEP][PASSED] - delay: Delayed 10 second(s)

2018-11-08 15:55:05 - [MESSAGE][PASSED] - Delayed 10 second(s)

2018-11-08 15:55:05 - [MESSAGE][PASSED] - Call Test Case 'Test Cases/Final Aug 2018 - PKS Automation/Registration Module/New Registration/Submit and Screenshot/Submit Registration and Screenshot' successfully

2018-11-08 15:55:05 - [TEST_STEP][PASSED] - callTestCase: Call Test Case 'Test Cases/Final Aug 2018 - PKS Automation/Registration Module/Log Out/log out avoiding katalon tagging' successfully

2018-11-08 15:55:05 - [TEST_CASE][PASSED] - Test Cases/Final Aug 2018 - PKS Automation/Registration Module/Log Out/log out avoiding katalon tagging: Test Cases/Final Aug 2018 - PKS Automation/Registration Module/Log Out/log out avoiding katalon tagging

2018-11-08 15:55:05 - [TEST_STEP][PASSED] - navigateToUrl: Navigate to 'https://assist2-uat.perkeso.gov.my/c/portal/logout' successfully

2018-11-08 15:55:07 - [MESSAGE][PASSED] - Navigate to 'https://assist2-uat.perkeso.gov.my/c/portal/logout' successfully

2018-11-08 15:55:07 - [MESSAGE][PASSED] - Call Test Case 'Test Cases/Final Aug 2018 - PKS Automation/Registration Module/Log Out/log out avoiding katalon tagging' successfully

2018-11-08 15:55:07 - [TEST_STEP][PASSED] - callTestCase: Call Test Case 'Test Cases/Final Aug 2018 - PKS Automation/Common/Workflow Owner Finder' successfully

2018-11-08 15:55:07 - [TEST_CASE][PASSED] - Test Cases/Final Aug 2018 - PKS Automation/Common/Workflow Owner Finder: Test Cases/Final Aug 2018 - PKS Automation/Common/Workflow Owner Finder

2018-11-08 15:55:07 - [TEST_STEP][PASSED] - openBrowser: Browser is opened with url: ''

2018-11-08 15:55:07 - [MESSAGE][WARNING] - A browser is already opened. Closing browser and opening a new one

2018-11-08 15:55:12 - [MESSAGE][PASSED] - Browser is opened with url: ''

2018-11-08 15:55:12 - [TEST_STEP][PASSED] - navigateToUrl: Navigate to 'https://assist2-uat.perkeso.gov.my/login' successfully

2018-11-08 15:55:15 - [MESSAGE][PASSED] - Navigate to 'https://assist2-uat.perkeso.gov.my/login' successfully

2018-11-08 15:55:15 - [TEST_STEP][PASSED] - delay: Delayed 5 second(s)

2018-11-08 15:55:20 - [MESSAGE][PASSED] - Delayed 5 second(s)

2018-11-08 15:55:20 - [TEST_STEP][PASSED] - setText: Text 'test@liferay.com' is set on object 'Object Repository/Final Object Repo/Login Page/Internal User/Email Address'

2018-11-08 15:55:20 - [MESSAGE][PASSED] - Text 'test@liferay.com' is set on object 'Object Repository/Final Object Repo/Login Page/Internal User/Email Address'

2018-11-08 15:55:20 - [TEST_STEP][PASSED] - click: Object: 'Object Repository/Final Object Repo/Login Page/Internal User/Next Button' is clicked on

2018-11-08 15:55:20 - [MESSAGE][PASSED] - Object: 'Object Repository/Final Object Repo/Login Page/Internal User/Next Button' is clicked on

2018-11-08 15:55:20 - [TEST_STEP][PASSED] - delay: Delayed 2 second(s)

2018-11-08 15:55:22 - [MESSAGE][PASSED] - Delayed 2 second(s)

2018-11-08 15:55:22 - [TEST_STEP][PASSED] - setText: Text 'test' is set on object 'Object Repository/Final Object Repo/Login Page/Internal User/Password'

2018-11-08 15:55:22 - [MESSAGE][PASSED] - Text 'test' is set on object 'Object Repository/Final Object Repo/Login Page/Internal User/Password'

2018-11-08 15:55:22 - [TEST_STEP][PASSED] - delay: Delayed 2 second(s)

2018-11-08 15:55:24 - [MESSAGE][PASSED] - Delayed 2 second(s)

2018-11-08 15:55:24 - [TEST_STEP][PASSED] - click: Object: 'Object Repository/Final Object Repo/Login Page/Internal User/Login Button' is clicked on

2018-11-08 15:55:28 - [MESSAGE][PASSED] - Object: 'Object Repository/Final Object Repo/Login Page/Internal User/Login Button' is clicked on

2018-11-08 15:55:28 - [TEST_STEP][PASSED] - Statement - Try: Delayed 2 second(s)

2018-11-08 15:55:28 - [TEST_STEP][PASSED] - Statement - Checker = false: null

2018-11-08 15:55:28 - [TEST_STEP][PASSED] - Statement - Checker = com.kms.katalon.core.webui.keyword.WebUiBuiltInKeywords.verifyElementHasAttribute(com.kms.katalon.core.testobject.ObjectRepository.findTestObject(Final Object Repo/Landing Page/BM Detecting), "href", 20, OPTIONAL): Object 'Object Repository/Final Object Repo/Landing Page/BM Detecting' has attribute 'href'

2018-11-08 15:55:28 - [MESSAGE][PASSED] - Object 'Object Repository/Final Object Repo/Landing Page/BM Detecting' has attribute 'href'

2018-11-08 15:55:28 - [TEST_STEP][PASSED] - Statement - out.println(Checker): null

2018-11-08 15:55:28 - [TEST_STEP][PASSED] - Statement - If (Checker == false): null

2018-11-08 15:55:28 - [TEST_STEP][PASSED] - Statement - Else: null

2018-11-08 15:55:28 - [TEST_STEP][PASSED] - delay: Delayed 2 second(s)

2018-11-08 15:55:30 - [MESSAGE][PASSED] - Delayed 2 second(s)

2018-11-08 15:55:30 - [TEST_STEP][PASSED] - delay: Delayed 3 second(s)

2018-11-08 15:55:33 - [MESSAGE][PASSED] - Delayed 3 second(s)

2018-11-08 15:55:33 - [TEST_STEP][PASSED] - mouseOver: Object: 'Object Repository/Final Object Repo/Landing Page/WorkFlow Menu' is hovered

2018-11-08 15:55:33 - [MESSAGE][PASSED] - Object: 'Object Repository/Final Object Repo/Landing Page/WorkFlow Menu' is hovered

2018-11-08 15:55:33 - [TEST_STEP][PASSED] - delay: Delayed 2 second(s)

2018-11-08 15:55:35 - [MESSAGE][PASSED] - Delayed 2 second(s)

2018-11-08 15:55:35 - [TEST_STEP][PASSED] - click: Object: 'Object Repository/Final Object Repo/Landing Page/Select to Workflow Listing' is clicked on

2018-11-08 15:55:37 - [MESSAGE][PASSED] - Object: 'Object Repository/Final Object Repo/Landing Page/Select to Workflow Listing' is clicked on

2018-11-08 15:55:37 - [TEST_STEP][PASSED] - delay: Delayed 2 second(s)

2018-11-08 15:55:39 - [MESSAGE][PASSED] - Delayed 2 second(s)

2018-11-08 15:55:39 - [TEST_STEP][PASSED] - click: Object: 'Object Repository/Final Object Repo/WorkFlow Listing Page/Search Information - To Put Ref No' is clicked on

2018-11-08 15:55:40 - [MESSAGE][PASSED] - Object: 'Object Repository/Final Object Repo/WorkFlow Listing Page/Search Information - To Put Ref No' is clicked on

2018-11-08 15:55:40 - [TEST_STEP][PASSED] - delay: Delayed 2 second(s)

2018-11-08 15:55:42 - [MESSAGE][PASSED] - Delayed 2 second(s)

2018-11-08 15:55:42 - [TEST_STEP][PASSED] - callTestCase: Call Test Case 'Test Cases/Final Aug 2018 - PKS Automation/Common/Reference Number Getter' successfully

2018-11-08 15:55:42 - [TEST_CASE][PASSED] - Test Cases/Final Aug 2018 - PKS Automation/Common/Reference Number Getter: Test Cases/Final Aug 2018 - PKS Automation/Common/Reference Number Getter

2018-11-08 15:55:42 - [TEST_STEP][PASSED] - Statement - Try: null

2018-11-08 15:55:42 - [TEST_STEP][PASSED] - Statement - RefNo = new java.io.File(C://KatalonReference.txt): null

2018-11-08 15:55:42 - [TEST_STEP][PASSED] - Statement - bufferread = new java.io.BufferedReader(new java.io.FileReader(RefNo)): null

2018-11-08 15:55:42 - [TEST_STEP][PASSED] - Statement - readedVal = bufferread.readLine(): null

2018-11-08 15:55:42 - [TEST_STEP][PASSED] - Statement - out.println(CaseReferenceNo): null

2018-11-08 15:55:42 - [TEST_STEP][PASSED] - Statement - out.println(readedVal): null

2018-11-08 15:55:42 - [TEST_STEP][PASSED] - Statement - CaseReferenceNo = readedVal: null

2018-11-08 15:55:42 - [MESSAGE][PASSED] - Call Test Case 'Test Cases/Final Aug 2018 - PKS Automation/Common/Reference Number Getter' successfully

2018-11-08 15:55:42 - [TEST_STEP][PASSED] - setText: Text 'CRN11201800122425' is set on object 'Object Repository/Final Object Repo/WorkFlow Listing Page/Ref No Set Text'

2018-11-08 15:55:42 - [MESSAGE][PASSED] - Text 'CRN11201800122425' is set on object 'Object Repository/Final Object Repo/WorkFlow Listing Page/Ref No Set Text'

2018-11-08 15:55:42 - [TEST_STEP][PASSED] - delay: Delayed 2 second(s)

2018-11-08 15:55:44 - [MESSAGE][PASSED] - Delayed 2 second(s)

2018-11-08 15:55:44 - [TEST_STEP][PASSED] - click: Object: 'Object Repository/Final Object Repo/WorkFlow Listing Page/Search Ref No Search Button' is clicked on

2018-11-08 15:55:44 - [MESSAGE][PASSED] - Object: 'Object Repository/Final Object Repo/WorkFlow Listing Page/Search Ref No Search Button' is clicked on

2018-11-08 15:55:44 - [TEST_STEP][PASSED] - delay: Delayed 4 second(s)

2018-11-08 15:55:48 - [MESSAGE][PASSED] - Delayed 4 second(s)

2018-11-08 15:55:48 - [TEST_STEP][PASSED] - click: Object: 'Object Repository/Final Object Repo/WorkFlow Listing Page/Click Continue Tooltip' is clicked on

2018-11-08 15:55:50 - [MESSAGE][PASSED] - Object: 'Object Repository/Final Object Repo/WorkFlow Listing Page/Click Continue Tooltip' is clicked on

2018-11-08 15:55:50 - [TEST_STEP][PASSED] - delay: Delayed 5 second(s)

2018-11-08 15:55:55 - [MESSAGE][PASSED] - Delayed 5 second(s)

2018-11-08 15:55:55 - [TEST_STEP][PASSED] - doubleClick: Object: 'Object Repository/Final Object Repo/WorkFlow Listing Page/Workflow Found - Listing 1' is double clicked on

2018-11-08 15:55:55 - [MESSAGE][PASSED] - Object: 'Object Repository/Final Object Repo/WorkFlow Listing Page/Workflow Found - Listing 1' is double clicked on

2018-11-08 15:55:55 - [TEST_STEP][PASSED] - Statement - println(OwnerID): null

2018-11-08 15:55:55 - [TEST_STEP][PASSED] - Statement - OwnerID = com.kms.katalon.core.webui.keyword.WebUiBuiltInKeywords.getText(com.kms.katalon.core.testobject.ObjectRepository.findTestObject(Final Object Repo/WorkFlow Listing Page/Workflow Found - Listing 1), STOP_ON_FAILURE): Text of object 'Object Repository/Final Object Repo/WorkFlow Listing Page/Workflow Found - Listing 1' is: 'JOHORro2'

2018-11-08 15:55:55 - [MESSAGE][PASSED] - Text of object 'Object Repository/Final Object Repo/WorkFlow Listing Page/Workflow Found - Listing 1' is: 'JOHORro2'

2018-11-08 15:55:55 - [TEST_STEP][PASSED] - Statement - OwnerID = OwnerID.toLowerCase() + "@gmail.com": null

2018-11-08 15:55:55 - [TEST_STEP][PASSED] - Statement - println(OwnerID): null

2018-11-08 15:55:55 - [TEST_STEP][PASSED] - delay: Delayed 2 second(s)

2018-11-08 15:55:57 - [MESSAGE][PASSED] - Delayed 2 second(s)

2018-11-08 15:55:57 - [MESSAGE][PASSED] - Call Test Case 'Test Cases/Final Aug 2018 - PKS Automation/Common/Workflow Owner Finder' successfully

2018-11-08 15:55:57 - [TEST_STEP][PASSED] - callTestCase: Call Test Case 'Test Cases/Final Aug 2018 - PKS Automation/Registration Module/Log Out/log out avoiding katalon tagging' successfully

2018-11-08 15:55:57 - [TEST_CASE][PASSED] - Test Cases/Final Aug 2018 - PKS Automation/Registration Module/Log Out/log out avoiding katalon tagging: Test Cases/Final Aug 2018 - PKS Automation/Registration Module/Log Out/log out avoiding katalon tagging

2018-11-08 15:55:57 - [TEST_STEP][PASSED] - navigateToUrl: Navigate to 'https://assist2-uat.perkeso.gov.my/c/portal/logout' successfully

2018-11-08 15:55:59 - [MESSAGE][PASSED] - Navigate to 'https://assist2-uat.perkeso.gov.my/c/portal/logout' successfully

2018-11-08 15:55:59 - [MESSAGE][PASSED] - Call Test Case 'Test Cases/Final Aug 2018 - PKS Automation/Registration Module/Log Out/log out avoiding katalon tagging' successfully

2018-11-08 15:55:59 - [TEST_STEP][PASSED] - delay: Delayed 2 second(s)

2018-11-08 15:56:01 - [MESSAGE][PASSED] - Delayed 2 second(s)

2018-11-08 15:56:01 - [TEST_STEP][PASSED] - setText: Text 'johorro2@gmail.com' is set on object 'Object Repository/Final Object Repo/New Registration - Registration Module Pages/New Reg - OTC to RO/Special Case - All Related Objects/Email TextBox'

2018-11-08 15:56:01 - [MESSAGE][PASSED] - Text 'johorro2@gmail.com' is set on object 'Object Repository/Final Object Repo/New Registration - Registration Module Pages/New Reg - OTC to RO/Special Case - All Related Objects/Email TextBox'

2018-11-08 15:56:01 - [TEST_STEP][PASSED] - click: Object: 'Object Repository/Final Object Repo/New Registration - Registration Module Pages/New Reg - OTC to RO/Special Case - All Related Objects/Next Button' is clicked on

2018-11-08 15:56:01 - [MESSAGE][PASSED] - Object: 'Object Repository/Final Object Repo/New Registration - Registration Module Pages/New Reg - OTC to RO/Special Case - All Related Objects/Next Button' is clicked on

2018-11-08 15:56:01 - [TEST_STEP][PASSED] - delay: Delayed 2 second(s)

2018-11-08 15:56:03 - [MESSAGE][PASSED] - Delayed 2 second(s)

2018-11-08 15:56:03 - [TEST_STEP][PASSED] - setText: Text 'Test1@3456789' is set on object 'Object Repository/Final Object Repo/New Registration - Registration Module Pages/New Reg - OTC to RO/Special Case - All Related Objects/Password TextBox'

2018-11-08 15:56:03 - [MESSAGE][PASSED] - Text 'Test1@3456789' is set on object 'Object Repository/Final Object Repo/New Registration - Registration Module Pages/New Reg - OTC to RO/Special Case - All Related Objects/Password TextBox'

2018-11-08 15:56:03 - [TEST_STEP][PASSED] - delay: Delayed 2 second(s)

2018-11-08 15:56:05 - [MESSAGE][PASSED] - Delayed 2 second(s)

2018-11-08 15:56:05 - [TEST_STEP][PASSED] - click: Object: 'Object Repository/Final Object Repo/New Registration - Registration Module Pages/New Reg - OTC to RO/Special Case - All Related Objects/Login Button' is clicked on

2018-11-08 15:56:08 - [MESSAGE][PASSED] - Object: 'Object Repository/Final Object Repo/New Registration - Registration Module Pages/New Reg - OTC to RO/Special Case - All Related Objects/Login Button' is clicked on

2018-11-08 15:56:08 - [TEST_STEP][PASSED] - delay: Delayed 2 second(s)

2018-11-08 15:56:10 - [MESSAGE][PASSED] - Delayed 2 second(s)

2018-11-08 15:56:10 - [TEST_STEP][PASSED] - Statement - Try: null

2018-11-08 15:56:10 - [TEST_STEP][PASSED] - Statement - Checker = com.kms.katalon.core.webui.keyword.WebUiBuiltInKeywords.verifyElementNotPresent("Final Object Repo/Landing Page/Select to English", 3): null

2018-11-08 15:56:10 - [TEST_STEP][PASSED] - Statement - Catch (Exception e): null

2018-11-08 15:56:10 - [TEST_STEP][PASSED] - Statement - e.printStackTrace(): null

2018-11-08 15:56:10 - [TEST_STEP][PASSED] - click: Object: 'Object Repository/Final Object Repo/New Registration - Registration Module Pages/New Reg - OTC to RO/Special Case - All Related Objects/Expand to Search' is clicked on

2018-11-08 15:56:10 - [MESSAGE][PASSED] - Object: 'Object Repository/Final Object Repo/New Registration - Registration Module Pages/New Reg - OTC to RO/Special Case - All Related Objects/Expand to Search' is clicked on

2018-11-08 15:56:10 - [TEST_STEP][PASSED] - setText: Text 'CRN11201800122425' is set on object 'Object Repository/Final Object Repo/New Registration - Registration Module Pages/New Reg - OTC to RO/Special Case - All Related Objects/TextBox RefNo in Workbasket'

2018-11-08 15:56:11 - [MESSAGE][PASSED] - Text 'CRN11201800122425' is set on object 'Object Repository/Final Object Repo/New Registration - Registration Module Pages/New Reg - OTC to RO/Special Case - All Related Objects/TextBox RefNo in Workbasket'

2018-11-08 15:56:11 - [TEST_STEP][PASSED] - delay: Delayed 2 second(s)

2018-11-08 15:56:13 - [MESSAGE][PASSED] - Delayed 2 second(s)

2018-11-08 15:56:13 - [TEST_STEP][PASSED] - click: Object: 'Object Repository/Final Object Repo/New Registration - Registration Module Pages/New Reg - OTC to RO/Special Case - All Related Objects/Click Search' is clicked on

2018-11-08 15:56:14 - [MESSAGE][PASSED] - Object: 'Object Repository/Final Object Repo/New Registration - Registration Module Pages/New Reg - OTC to RO/Special Case - All Related Objects/Click Search' is clicked on

2018-11-08 15:56:14 - [TEST_STEP][PASSED] - click: Object: 'Object Repository/Final Object Repo/New Registration - Registration Module Pages/New Reg - OTC to RO/Special Case - All Related Objects/Click to Continue Workflow' is clicked on

2018-11-08 15:56:19 - [MESSAGE][PASSED] - Object: 'Object Repository/Final Object Repo/New Registration - Registration Module Pages/New Reg - OTC to RO/Special Case - All Related Objects/Click to Continue Workflow' is clicked on

2018-11-08 15:56:19 - [TEST_STEP][PASSED] - delay: Delayed 2 second(s)

2018-11-08 15:56:21 - [MESSAGE][PASSED] - Delayed 2 second(s)

2018-11-08 15:56:21 - [TEST_STEP][PASSED] - click: Object: 'Object Repository/Final Object Repo/New Registration - Registration Module Pages/New Reg - OTC to RO/Special Case - All Related Objects/Continue Button in verifying case' is clicked on

2018-11-08 15:56:24 - [MESSAGE][PASSED] - Object: 'Object Repository/Final Object Repo/New Registration - Registration Module Pages/New Reg - OTC to RO/Special Case - All Related Objects/Continue Button in verifying case' is clicked on

2018-11-08 15:56:24 - [TEST_STEP][PASSED] - delay: Delayed 2 second(s)

2018-11-08 15:56:26 - [MESSAGE][PASSED] - Delayed 2 second(s)

2018-11-08 15:56:26 - [TEST_STEP][PASSED] - click: Object: 'Object Repository/Final Object Repo/New Registration - Registration Module Pages/Form 1/Registered As a Branch - Yes' is clicked on

2018-11-08 15:56:26 - [MESSAGE][PASSED] - Object: 'Object Repository/Final Object Repo/New Registration - Registration Module Pages/Form 1/Registered As a Branch - Yes' is clicked on

2018-11-08 15:56:26 - [TEST_STEP][PASSED] - delay: Delayed 2 second(s)

2018-11-08 15:56:28 - [MESSAGE][PASSED] - Delayed 2 second(s)

2018-11-08 15:56:28 - [TEST_STEP][PASSED] - click: Object: 'Object Repository/Final Object Repo/New Registration - Registration Module Pages/New Reg - OTC to RO/Special Case - All Related Objects/Form 1 Save n Continue' is clicked on

2018-11-08 15:56:28 - [MESSAGE][PASSED] - Object: 'Object Repository/Final Object Repo/New Registration - Registration Module Pages/New Reg - OTC to RO/Special Case - All Related Objects/Form 1 Save n Continue' is clicked on

2018-11-08 15:56:28 - [TEST_STEP][PASSED] - delay: Delayed 2 second(s)

2018-11-08 15:56:30 - [MESSAGE][PASSED] - Delayed 2 second(s)

2018-11-08 15:56:30 - [TEST_STEP][PASSED] - click: Object: 'Object Repository/Final Object Repo/New Registration - Registration Module Pages/New Reg - OTC to RO/Special Case - All Related Objects/Form 2 Save n Continue' is clicked on

2018-11-08 15:56:32 - [MESSAGE][PASSED] - Object: 'Object Repository/Final Object Repo/New Registration - Registration Module Pages/New Reg - OTC to RO/Special Case - All Related Objects/Form 2 Save n Continue' is clicked on

2018-11-08 15:56:32 - [TEST_STEP][PASSED] - delay: Delayed 2 second(s)

2018-11-08 15:56:34 - [MESSAGE][PASSED] - Delayed 2 second(s)

2018-11-08 15:56:34 - [TEST_STEP][PASSED] - click: Object: 'Object Repository/Final Object Repo/New Registration - Registration Module Pages/New Reg - OTC to RO/Special Case - All Related Objects/Third Screen Save n Continue' is clicked on

2018-11-08 15:56:40 - [MESSAGE][PASSED] - Object: 'Object Repository/Final Object Repo/New Registration - Registration Module Pages/New Reg - OTC to RO/Special Case - All Related Objects/Third Screen Save n Continue' is clicked on

2018-11-08 15:56:40 - [TEST_STEP][PASSED] - delay: Delayed 5 second(s)

2018-11-08 15:56:45 - [MESSAGE][PASSED] - Delayed 5 second(s)

2018-11-08 15:56:45 - [TEST_STEP][PASSED] - click: Object: 'Object Repository/Final Object Repo/New Registration - Registration Module Pages/New Reg - OTC to RO/Special Case - All Related Objects/Upload Doc Page Save n Continue' is clicked on

2018-11-08 15:56:45 - [MESSAGE][PASSED] - Object: 'Object Repository/Final Object Repo/New Registration - Registration Module Pages/New Reg - OTC to RO/Special Case - All Related Objects/Upload Doc Page Save n Continue' is clicked on

2018-11-08 15:56:45 - [TEST_STEP][PASSED] - delay: Delayed 5 second(s)

2018-11-08 15:56:50 - [MESSAGE][PASSED] - Delayed 5 second(s)

2018-11-08 15:56:50 - [TEST_STEP][PASSED] - click: Object: 'Object Repository/Final Object Repo/New Registration - Registration Module Pages/New Reg - OTC to RO/Special Case - All Related Objects/Under Enforcement Button at Preview Screen of RO' is clicked on

2018-11-08 15:56:51 - [MESSAGE][PASSED] - Object: 'Object Repository/Final Object Repo/New Registration - Registration Module Pages/New Reg - OTC to RO/Special Case - All Related Objects/Under Enforcement Button at Preview Screen of RO' is clicked on

2018-11-08 15:56:51 - [TEST_STEP][PASSED] - delay: Delayed 5 second(s)

2018-11-08 15:56:56 - [MESSAGE][PASSED] - Delayed 5 second(s)

2018-11-08 15:56:56 - [TEST_STEP][PASSED] - click: Object: 'Object Repository/Final Object Repo/New Registration - Registration Module Pages/New Reg - OTC to RO/Special Case - All Related Objects/Under Enforcement - inner form' is clicked on

2018-11-08 15:56:56 - [MESSAGE][PASSED] - Object: 'Object Repository/Final Object Repo/New Registration - Registration Module Pages/New Reg - OTC to RO/Special Case - All Related Objects/Under Enforcement - inner form' is clicked on

2018-11-08 15:56:56 - [TEST_STEP][PASSED] - callTestCase: Call Test Case 'Test Cases/Final Aug 2018 - PKS Automation/Common/Screenshoting tool' successfully

2018-11-08 15:56:56 - [TEST_CASE][PASSED] - Test Cases/Final Aug 2018 - PKS Automation/Common/Screenshoting tool: Test Cases/Final Aug 2018 - PKS Automation/Common/Screenshoting tool

2018-11-08 15:56:56 - [TEST_STEP][PASSED] - delay: Delayed 15 second(s)

2018-11-08 15:57:11 - [MESSAGE][PASSED] - Delayed 15 second(s)

2018-11-08 15:57:11 - [TEST_STEP][PASSED] - Statement - driver = com.kms.katalon.core.webui.driver.DriverFactory.getWebDriver(): null

2018-11-08 15:57:11 - [TEST_STEP][PASSED] - Statement - driver.manage().timeouts().implicitlyWait(10, SECONDS): null

2018-11-08 15:57:11 - [TEST_STEP][PASSED] - Statement - PresavePath = KatalonScreenshots: null

2018-11-08 15:57:11 - [TEST_STEP][PASSED] - Statement - pathPrefix = "C:\Users\Public\Pictures\Sample Pictures\Katalon Screenshots\Automate Ending Screen": null

2018-11-08 15:57:11 - [TEST_STEP][PASSED] - Statement - finalPath = <not implemented yet for class: org.codehaus.groovy.ast.expr.EmptyExpression>: null

2018-11-08 15:57:11 - [TEST_STEP][PASSED] - Statement - scrFile = driver.getScreenshotAs(FILE): null

2018-11-08 15:57:11 - [TEST_STEP][PASSED] - Statement - PreSaveFile = new java.io.File(PresavePath): null

2018-11-08 15:57:11 - [TEST_STEP][PASSED] - Statement - counter = 0: null

2018-11-08 15:57:11 - [TEST_STEP][PASSED] - Statement - If (PreSaveFile.exists()): null

2018-11-08 15:57:11 - [TEST_STEP][PASSED] - Statement - While (PreSaveFile.exists()): null

2018-11-08 15:57:11 - [TEST_STEP][PASSED] - Statement - counter = counter + 1: null

2018-11-08 15:57:11 - [TEST_STEP][PASSED] - Statement - PreSaveFile = new java.io.File(((pathPrefix + java.lang.Integer.toString(counter)) + .png)): null

2018-11-08 15:57:11 - [TEST_STEP][PASSED] - Statement - counter = counter + 1: null

2018-11-08 15:57:11 - [TEST_STEP][PASSED] - Statement - PreSaveFile = new java.io.File(((pathPrefix + java.lang.Integer.toString(counter)) + .png)): null

2018-11-08 15:57:11 - [TEST_STEP][PASSED] - Statement - counter = counter + 1: null

2018-11-08 15:57:11 - [TEST_STEP][PASSED] - Statement - PreSaveFile = new java.io.File(((pathPrefix + java.lang.Integer.toString(counter)) + .png)): null

2018-11-08 15:57:11 - [TEST_STEP][PASSED] - Statement - counter = counter + 1: null

2018-11-08 15:57:11 - [TEST_STEP][PASSED] - Statement - PreSaveFile = new java.io.File(((pathPrefix + java.lang.Integer.toString(counter)) + .png)): null

2018-11-08 15:57:11 - [TEST_STEP][PASSED] - Statement - counter = counter + 1: null

2018-11-08 15:57:11 - [TEST_STEP][PASSED] - Statement - PreSaveFile = new java.io.File(((pathPrefix + java.lang.Integer.toString(counter)) + .png)): null

2018-11-08 15:57:11 - [TEST_STEP][PASSED] - Statement - counter = counter + 1: null

2018-11-08 15:57:11 - [TEST_STEP][PASSED] - Statement - PreSaveFile = new java.io.File(((pathPrefix + java.lang.Integer.toString(counter)) + .png)): null

2018-11-08 15:57:11 - [TEST_STEP][PASSED] - Statement - counter = counter + 1: null

2018-11-08 15:57:11 - [TEST_STEP][PASSED] - Statement - PreSaveFile = new java.io.File(((pathPrefix + java.lang.Integer.toString(counter)) + .png)): null

2018-11-08 15:57:11 - [TEST_STEP][PASSED] - Statement - counter = counter + 1: null

2018-11-08 15:57:11 - [TEST_STEP][PASSED] - Statement - PreSaveFile = new java.io.File(((pathPrefix + java.lang.Integer.toString(counter)) + .png)): null

2018-11-08 15:57:11 - [TEST_STEP][PASSED] - Statement - counter = counter + 1: null

2018-11-08 15:57:11 - [TEST_STEP][PASSED] - Statement - PreSaveFile = new java.io.File(((pathPrefix + java.lang.Integer.toString(counter)) + .png)): null

2018-11-08 15:57:11 - [TEST_STEP][PASSED] - Statement - counter = counter + 1: null

2018-11-08 15:57:11 - [TEST_STEP][PASSED] - Statement - PreSaveFile = new java.io.File(((pathPrefix + java.lang.Integer.toString(counter)) + .png)): null

2018-11-08 15:57:11 - [TEST_STEP][PASSED] - Statement - counter = counter + 1: null

2018-11-08 15:57:11 - [TEST_STEP][PASSED] - Statement - PreSaveFile = new java.io.File(((pathPrefix + java.lang.Integer.toString(counter)) + .png)): null

2018-11-08 15:57:11 - [TEST_STEP][PASSED] - Statement - counter = counter + 1: null

2018-11-08 15:57:11 - [TEST_STEP][PASSED] - Statement - PreSaveFile = new java.io.File(((pathPrefix + java.lang.Integer.toString(counter)) + .png)): null

2018-11-08 15:57:11 - [TEST_STEP][PASSED] - Statement - counter = counter + 1: null

2018-11-08 15:57:11 - [TEST_STEP][PASSED] - Statement - PreSaveFile = new java.io.File(((pathPrefix + java.lang.Integer.toString(counter)) + .png)): null

2018-11-08 15:57:11 - [TEST_STEP][PASSED] - Statement - counter = counter + 1: null

2018-11-08 15:57:11 - [TEST_STEP][PASSED] - Statement - PreSaveFile = new java.io.File(((pathPrefix + java.lang.Integer.toString(counter)) + .png)): null

2018-11-08 15:57:11 - [TEST_STEP][PASSED] - Statement - counter = counter + 1: null

2018-11-08 15:57:11 - [TEST_STEP][PASSED] - Statement - PreSaveFile = new java.io.File(((pathPrefix + java.lang.Integer.toString(counter)) + .png)): null

2018-11-08 15:57:12 - [TEST_STEP][PASSED] - Statement - counter = counter + 1: null

2018-11-08 15:57:12 - [TEST_STEP][PASSED] - Statement - PreSaveFile = new java.io.File(((pathPrefix + java.lang.Integer.toString(counter)) + .png)): null

2018-11-08 15:57:12 - [TEST_STEP][PASSED] - Statement - counter = counter + 1: null

2018-11-08 15:57:12 - [TEST_STEP][PASSED] - Statement - PreSaveFile = new java.io.File(((pathPrefix + java.lang.Integer.toString(counter)) + .png)): null

2018-11-08 15:57:12 - [TEST_STEP][PASSED] - Statement - counter = counter + 1: null

2018-11-08 15:57:12 - [TEST_STEP][PASSED] - Statement - PreSaveFile = new java.io.File(((pathPrefix + java.lang.Integer.toString(counter)) + .png)): null

2018-11-08 15:57:12 - [TEST_STEP][PASSED] - Statement - counter = counter + 1: null

2018-11-08 15:57:12 - [TEST_STEP][PASSED] - Statement - PreSaveFile = new java.io.File(((pathPrefix + java.lang.Integer.toString(counter)) + .png)): null

2018-11-08 15:57:12 - [TEST_STEP][PASSED] - Statement - counter = counter + 1: null

2018-11-08 15:57:12 - [TEST_STEP][PASSED] - Statement - PreSaveFile = new java.io.File(((pathPrefix + java.lang.Integer.toString(counter)) + .png)): null

2018-11-08 15:57:12 - [TEST_STEP][PASSED] - Statement - counter = counter + 1: null

2018-11-08 15:57:12 - [TEST_STEP][PASSED] - Statement - PreSaveFile = new java.io.File(((pathPrefix + java.lang.Integer.toString(counter)) + .png)): null

2018-11-08 15:57:12 - [TEST_STEP][PASSED] - Statement - counter = counter + 1: null

2018-11-08 15:57:12 - [TEST_STEP][PASSED] - Statement - PreSaveFile = new java.io.File(((pathPrefix + java.lang.Integer.toString(counter)) + .png)): null

2018-11-08 15:57:12 - [TEST_STEP][PASSED] - Statement - counter = counter + 1: null

2018-11-08 15:57:12 - [TEST_STEP][PASSED] - Statement - PreSaveFile = new java.io.File(((pathPrefix + java.lang.Integer.toString(counter)) + .png)): null

2018-11-08 15:57:12 - [TEST_STEP][PASSED] - Statement - counter = counter + 1: null

2018-11-08 15:57:12 - [TEST_STEP][PASSED] - Statement - PreSaveFile = new java.io.File(((pathPrefix + java.lang.Integer.toString(counter)) + .png)): null

2018-11-08 15:57:12 - [TEST_STEP][PASSED] - Statement - counter = counter + 1: null

2018-11-08 15:57:12 - [TEST_STEP][PASSED] - Statement - PreSaveFile = new java.io.File(((pathPrefix + java.lang.Integer.toString(counter)) + .png)): null

2018-11-08 15:57:12 - [TEST_STEP][PASSED] - Statement - counter = counter + 1: null

2018-11-08 15:57:12 - [TEST_STEP][PASSED] - Statement - PreSaveFile = new java.io.File(((pathPrefix + java.lang.Integer.toString(counter)) + .png)): null

2018-11-08 15:57:12 - [TEST_STEP][PASSED] - Statement - counter = counter + 1: null

2018-11-08 15:57:12 - [TEST_STEP][PASSED] - Statement - PreSaveFile = new java.io.File(((pathPrefix + java.lang.Integer.toString(counter)) + .png)): null

2018-11-08 15:57:12 - [TEST_STEP][PASSED] - Statement - counter = counter + 1: null

2018-11-08 15:57:12 - [TEST_STEP][PASSED] - Statement - PreSaveFile = new java.io.File(((pathPrefix + java.lang.Integer.toString(counter)) + .png)): null

2018-11-08 15:57:12 - [TEST_STEP][PASSED] - Statement - counter = counter + 1: null

2018-11-08 15:57:12 - [TEST_STEP][PASSED] - Statement - PreSaveFile = new java.io.File(((pathPrefix + java.lang.Integer.toString(counter)) + .png)): null

2018-11-08 15:57:12 - [TEST_STEP][PASSED] - Statement - counter = counter + 1: null

2018-11-08 15:57:12 - [TEST_STEP][PASSED] - Statement - PreSaveFile = new java.io.File(((pathPrefix + java.lang.Integer.toString(counter)) + .png)): null

2018-11-08 15:57:13 - [TEST_STEP][PASSED] - Statement - counter = counter + 1: null

2018-11-08 15:57:13 - [TEST_STEP][PASSED] - Statement - PreSaveFile = new java.io.File(((pathPrefix + java.lang.Integer.toString(counter)) + .png)): null

2018-11-08 15:57:13 - [TEST_STEP][PASSED] - Statement - counter = counter + 1: null

2018-11-08 15:57:13 - [TEST_STEP][PASSED] - Statement - PreSaveFile = new java.io.File(((pathPrefix + java.lang.Integer.toString(counter)) + .png)): null

2018-11-08 15:57:13 - [TEST_STEP][PASSED] - Statement - counter = counter + 1: null

2018-11-08 15:57:13 - [TEST_STEP][PASSED] - Statement - PreSaveFile = new java.io.File(((pathPrefix + java.lang.Integer.toString(counter)) + .png)): null

2018-11-08 15:57:13 - [TEST_STEP][PASSED] - Statement - counter = counter + 1: null

2018-11-08 15:57:13 - [TEST_STEP][PASSED] - Statement - PreSaveFile = new java.io.File(((pathPrefix + java.lang.Integer.toString(counter)) + .png)): null

2018-11-08 15:57:13 - [TEST_STEP][PASSED] - Statement - counter = counter + 1: null

2018-11-08 15:57:13 - [TEST_STEP][PASSED] - Statement - PreSaveFile = new java.io.File(((pathPrefix + java.lang.Integer.toString(counter)) + .png)): null

2018-11-08 15:57:13 - [TEST_STEP][PASSED] - Statement - counter = counter + 1: null

2018-11-08 15:57:13 - [TEST_STEP][PASSED] - Statement - PreSaveFile = new java.io.File(((pathPrefix + java.lang.Integer.toString(counter)) + .png)): null

2018-11-08 15:57:13 - [TEST_STEP][PASSED] - Statement - counter = counter + 1: null

2018-11-08 15:57:14 - [TEST_STEP][PASSED] - Statement - PreSaveFile = new java.io.File(((pathPrefix + java.lang.Integer.toString(counter)) + .png)): null

2018-11-08 15:57:14 - [TEST_STEP][PASSED] - Statement - counter = counter + 1: null

2018-11-08 15:57:14 - [TEST_STEP][PASSED] - Statement - PreSaveFile = new java.io.File(((pathPrefix + java.lang.Integer.toString(counter)) + .png)): null

2018-11-08 15:57:14 - [TEST_STEP][PASSED] - Statement - counter = counter + 1: null

2018-11-08 15:57:14 - [TEST_STEP][PASSED] - Statement - PreSaveFile = new java.io.File(((pathPrefix + java.lang.Integer.toString(counter)) + .png)): null

2018-11-08 15:57:14 - [TEST_STEP][PASSED] - Statement - counter = counter + 1: null

2018-11-08 15:57:14 - [TEST_STEP][PASSED] - Statement - PreSaveFile = new java.io.File(((pathPrefix + java.lang.Integer.toString(counter)) + .png)): null

2018-11-08 15:57:14 - [TEST_STEP][PASSED] - Statement - counter = counter + 1: null

2018-11-08 15:57:14 - [TEST_STEP][PASSED] - Statement - PreSaveFile = new java.io.File(((pathPrefix + java.lang.Integer.toString(counter)) + .png)): null

2018-11-08 15:57:14 - [TEST_STEP][PASSED] - Statement - counter = counter + 1: null

2018-11-08 15:57:14 - [TEST_STEP][PASSED] - Statement - PreSaveFile = new java.io.File(((pathPrefix + java.lang.Integer.toString(counter)) + .png)): null

2018-11-08 15:57:14 - [TEST_STEP][PASSED] - Statement - counter = counter + 1: null

2018-11-08 15:57:15 - [TEST_STEP][PASSED] - Statement - PreSaveFile = new java.io.File(((pathPrefix + java.lang.Integer.toString(counter)) + .png)): null

2018-11-08 15:57:15 - [TEST_STEP][PASSED] - Statement - counter = counter + 1: null

2018-11-08 15:57:15 - [TEST_STEP][PASSED] - Statement - PreSaveFile = new java.io.File(((pathPrefix + java.lang.Integer.toString(counter)) + .png)): null

2018-11-08 15:57:15 - [TEST_STEP][PASSED] - Statement - counter = counter + 1: null

2018-11-08 15:57:15 - [TEST_STEP][PASSED] - Statement - PreSaveFile = new java.io.File(((pathPrefix + java.lang.Integer.toString(counter)) + .png)): null

2018-11-08 15:57:15 - [TEST_STEP][PASSED] - Statement - counter = counter + 1: null

2018-11-08 15:57:15 - [TEST_STEP][PASSED] - Statement - PreSaveFile = new java.io.File(((pathPrefix + java.lang.Integer.toString(counter)) + .png)): null

2018-11-08 15:57:15 - [TEST_STEP][PASSED] - Statement - counter = counter + 1: null

2018-11-08 15:57:15 - [TEST_STEP][PASSED] - Statement - PreSaveFile = new java.io.File(((pathPrefix + java.lang.Integer.toString(counter)) + .png)): null

2018-11-08 15:57:15 - [TEST_STEP][PASSED] - Statement - counter = counter + 1: null

2018-11-08 15:57:15 - [TEST_STEP][PASSED] - Statement - PreSaveFile = new java.io.File(((pathPrefix + java.lang.Integer.toString(counter)) + .png)): null

2018-11-08 15:57:15 - [TEST_STEP][PASSED] - Statement - counter = counter + 1: null

2018-11-08 15:57:15 - [TEST_STEP][PASSED] - Statement - PreSaveFile = new java.io.File(((pathPrefix + java.lang.Integer.toString(counter)) + .png)): null

2018-11-08 15:57:15 - [TEST_STEP][PASSED] - Statement - counter = counter + 1: null

2018-11-08 15:57:15 - [TEST_STEP][PASSED] - Statement - PreSaveFile = new java.io.File(((pathPrefix + java.lang.Integer.toString(counter)) + .png)): null

2018-11-08 15:57:15 - [TEST_STEP][PASSED] - Statement - counter = counter + 1: null

2018-11-08 15:57:15 - [TEST_STEP][PASSED] - Statement - PreSaveFile = new java.io.File(((pathPrefix + java.lang.Integer.toString(counter)) + .png)): null

2018-11-08 15:57:15 - [TEST_STEP][PASSED] - Statement - counter = counter + 1: null

2018-11-08 15:57:15 - [TEST_STEP][PASSED] - Statement - PreSaveFile = new java.io.File(((pathPrefix + java.lang.Integer.toString(counter)) + .png)): null

2018-11-08 15:57:15 - [TEST_STEP][PASSED] - Statement - counter = counter + 1: null

2018-11-08 15:57:15 - [TEST_STEP][PASSED] - Statement - PreSaveFile = new java.io.File(((pathPrefix + java.lang.Integer.toString(counter)) + .png)): null

2018-11-08 15:57:15 - [TEST_STEP][PASSED] - Statement - counter = counter + 1: null

2018-11-08 15:57:15 - [TEST_STEP][PASSED] - Statement - PreSaveFile = new java.io.File(((pathPrefix + java.lang.Integer.toString(counter)) + .png)): null

2018-11-08 15:57:15 - [TEST_STEP][PASSED] - Statement - counter = counter + 1: null

2018-11-08 15:57:16 - [TEST_STEP][PASSED] - Statement - PreSaveFile = new java.io.File(((pathPrefix + java.lang.Integer.toString(counter)) + .png)): null

2018-11-08 15:57:16 - [TEST_STEP][PASSED] - Statement - counter = counter + 1: null

2018-11-08 15:57:16 - [TEST_STEP][PASSED] - Statement - PreSaveFile = new java.io.File(((pathPrefix + java.lang.Integer.toString(counter)) + .png)): null

2018-11-08 15:57:16 - [TEST_STEP][PASSED] - Statement - counter = counter + 1: null

2018-11-08 15:57:16 - [TEST_STEP][PASSED] - Statement - PreSaveFile = new java.io.File(((pathPrefix + java.lang.Integer.toString(counter)) + .png)): null

2018-11-08 15:57:16 - [TEST_STEP][PASSED] - Statement - counter = counter + 1: null

2018-11-08 15:57:16 - [TEST_STEP][PASSED] - Statement - PreSaveFile = new java.io.File(((pathPrefix + java.lang.Integer.toString(counter)) + .png)): null

2018-11-08 15:57:16 - [TEST_STEP][PASSED] - Statement - counter = counter + 1: null

2018-11-08 15:57:16 - [TEST_STEP][PASSED] - Statement - PreSaveFile = new java.io.File(((pathPrefix + java.lang.Integer.toString(counter)) + .png)): null

2018-11-08 15:57:17 - [TEST_STEP][PASSED] - Statement - counter = counter + 1: null

2018-11-08 15:57:17 - [TEST_STEP][PASSED] - Statement - PreSaveFile = new java.io.File(((pathPrefix + java.lang.Integer.toString(counter)) + .png)): null

2018-11-08 15:57:17 - [TEST_STEP][PASSED] - Statement - counter = counter + 1: null

2018-11-08 15:57:17 - [TEST_STEP][PASSED] - Statement - PreSaveFile = new java.io.File(((pathPrefix + java.lang.Integer.toString(counter)) + .png)): null

2018-11-08 15:57:17 - [TEST_STEP][PASSED] - Statement - counter = counter + 1: null

2018-11-08 15:57:17 - [TEST_STEP][PASSED] - Statement - PreSaveFile = new java.io.File(((pathPrefix + java.lang.Integer.toString(counter)) + .png)): null

2018-11-08 15:57:17 - [TEST_STEP][PASSED] - Statement - counter = counter + 1: null

2018-11-08 15:57:17 - [TEST_STEP][PASSED] - Statement - PreSaveFile = new java.io.File(((pathPrefix + java.lang.Integer.toString(counter)) + .png)): null

2018-11-08 15:57:17 - [TEST_STEP][PASSED] - Statement - counter = counter + 1: null

2018-11-08 15:57:17 - [TEST_STEP][PASSED] - Statement - PreSaveFile = new java.io.File(((pathPrefix + java.lang.Integer.toString(counter)) + .png)): null

2018-11-08 15:57:17 - [TEST_STEP][PASSED] - Statement - counter = counter + 1: null

2018-11-08 15:57:17 - [TEST_STEP][PASSED] - Statement - PreSaveFile = new java.io.File(((pathPrefix + java.lang.Integer.toString(counter)) + .png)): null

2018-11-08 15:57:17 - [TEST_STEP][PASSED] - Statement - counter = counter + 1: null

2018-11-08 15:57:17 - [TEST_STEP][PASSED] - Statement - PreSaveFile = new java.io.File(((pathPrefix + java.lang.Integer.toString(counter)) + .png)): null

2018-11-08 15:57:17 - [TEST_STEP][PASSED] - Statement - counter = counter + 1: null

2018-11-08 15:57:17 - [TEST_STEP][PASSED] - Statement - PreSaveFile = new java.io.File(((pathPrefix + java.lang.Integer.toString(counter)) + .png)): null

2018-11-08 15:57:17 - [TEST_STEP][PASSED] - Statement - counter = counter + 1: null

2018-11-08 15:57:17 - [TEST_STEP][PASSED] - Statement - PreSaveFile = new java.io.File(((pathPrefix + java.lang.Integer.toString(counter)) + .png)): null

2018-11-08 15:57:17 - [TEST_STEP][PASSED] - Statement - counter = counter + 1: null

2018-11-08 15:57:17 - [TEST_STEP][PASSED] - Statement - PreSaveFile = new java.io.File(((pathPrefix + java.lang.Integer.toString(counter)) + .png)): null

2018-11-08 15:57:17 - [TEST_STEP][PASSED] - Statement - counter = counter + 1: null

2018-11-08 15:57:18 - [TEST_STEP][PASSED] - Statement - PreSaveFile = new java.io.File(((pathPrefix + java.lang.Integer.toString(counter)) + .png)): null

2018-11-08 15:57:18 - [TEST_STEP][PASSED] - Statement - counter = counter + 1: null

2018-11-08 15:57:18 - [TEST_STEP][PASSED] - Statement - PreSaveFile = new java.io.File(((pathPrefix + java.lang.Integer.toString(counter)) + .png)): null

2018-11-08 15:57:18 - [TEST_STEP][PASSED] - Statement - counter = counter + 1: null

2018-11-08 15:57:18 - [TEST_STEP][PASSED] - Statement - PreSaveFile = new java.io.File(((pathPrefix + java.lang.Integer.toString(counter)) + .png)): null

2018-11-08 15:57:18 - [TEST_STEP][PASSED] - Statement - counter = counter + 1: null

2018-11-08 15:57:18 - [TEST_STEP][PASSED] - Statement - PreSaveFile = new java.io.File(((pathPrefix + java.lang.Integer.toString(counter)) + .png)): null

2018-11-08 15:57:18 - [TEST_STEP][PASSED] - Statement - counter = counter + 1: null

2018-11-08 15:57:18 - [TEST_STEP][PASSED] - Statement - PreSaveFile = new java.io.File(((pathPrefix + java.lang.Integer.toString(counter)) + .png)): null

2018-11-08 15:57:18 - [TEST_STEP][PASSED] - Statement - counter = counter + 1: null

2018-11-08 15:57:18 - [TEST_STEP][PASSED] - Statement - PreSaveFile = new java.io.File(((pathPrefix + java.lang.Integer.toString(counter)) + .png)): null

2018-11-08 15:57:18 - [TEST_STEP][PASSED] - Statement - counter = counter + 1: null

2018-11-08 15:57:18 - [TEST_STEP][PASSED] - Statement - PreSaveFile = new java.io.File(((pathPrefix + java.lang.Integer.toString(counter)) + .png)): null

2018-11-08 15:57:18 - [TEST_STEP][PASSED] - Statement - counter = counter + 1: null

2018-11-08 15:57:18 - [TEST_STEP][PASSED] - Statement - PreSaveFile = new java.io.File(((pathPrefix + java.lang.Integer.toString(counter)) + .png)): null

2018-11-08 15:57:18 - [TEST_STEP][PASSED] - Statement - counter = counter + 1: null

2018-11-08 15:57:18 - [TEST_STEP][PASSED] - Statement - PreSaveFile = new java.io.File(((pathPrefix + java.lang.Integer.toString(counter)) + .png)): null

2018-11-08 15:57:18 - [TEST_STEP][PASSED] - Statement - counter = counter + 1: null

2018-11-08 15:57:18 - [TEST_STEP][PASSED] - Statement - PreSaveFile = new java.io.File(((pathPrefix + java.lang.Integer.toString(counter)) + .png)): null

2018-11-08 15:57:18 - [TEST_STEP][PASSED] - Statement - counter = counter + 1: null

2018-11-08 15:57:18 - [TEST_STEP][PASSED] - Statement - PreSaveFile = new java.io.File(((pathPrefix + java.lang.Integer.toString(counter)) + .png)): null

2018-11-08 15:57:19 - [TEST_STEP][PASSED] - Statement - counter = counter + 1: null

2018-11-08 15:57:19 - [TEST_STEP][PASSED] - Statement - PreSaveFile = new java.io.File(((pathPrefix + java.lang.Integer.toString(counter)) + .png)): null

2018-11-08 15:57:19 - [TEST_STEP][PASSED] - Statement - counter = counter + 1: null

2018-11-08 15:57:19 - [TEST_STEP][PASSED] - Statement - PreSaveFile = new java.io.File(((pathPrefix + java.lang.Integer.toString(counter)) + .png)): null

2018-11-08 15:57:19 - [TEST_STEP][PASSED] - Statement - counter = counter + 1: null

2018-11-08 15:57:19 - [TEST_STEP][PASSED] - Statement - PreSaveFile = new java.io.File(((pathPrefix + java.lang.Integer.toString(counter)) + .png)): null

2018-11-08 15:57:19 - [TEST_STEP][PASSED] - Statement - counter = counter + 1: null

2018-11-08 15:57:19 - [TEST_STEP][PASSED] - Statement - PreSaveFile = new java.io.File(((pathPrefix + java.lang.Integer.toString(counter)) + .png)): null

2018-11-08 15:57:19 - [TEST_STEP][PASSED] - Statement - counter = counter + 1: null

2018-11-08 15:57:20 - [TEST_STEP][PASSED] - Statement - PreSaveFile = new java.io.File(((pathPrefix + java.lang.Integer.toString(counter)) + .png)): null

2018-11-08 15:57:20 - [TEST_STEP][PASSED] - Statement - counter = counter + 1: null

2018-11-08 15:57:20 - [TEST_STEP][PASSED] - Statement - PreSaveFile = new java.io.File(((pathPrefix + java.lang.Integer.toString(counter)) + .png)): null

2018-11-08 15:57:20 - [TEST_STEP][PASSED] - Statement - counter = counter + 1: null

2018-11-08 15:57:20 - [TEST_STEP][PASSED] - Statement - PreSaveFile = new java.io.File(((pathPrefix + java.lang.Integer.toString(counter)) + .png)): null

2018-11-08 15:57:20 - [TEST_STEP][PASSED] - Statement - counter = counter + 1: null

2018-11-08 15:57:20 - [TEST_STEP][PASSED] - Statement - PreSaveFile = new java.io.File(((pathPrefix + java.lang.Integer.toString(counter)) + .png)): null

2018-11-08 15:57:20 - [TEST_STEP][PASSED] - Statement - counter = counter + 1: null

2018-11-08 15:57:20 - [TEST_STEP][PASSED] - Statement - PreSaveFile = new java.io.File(((pathPrefix + java.lang.Integer.toString(counter)) + .png)): null

2018-11-08 15:57:20 - [TEST_STEP][PASSED] - Statement - counter = counter + 1: null

2018-11-08 15:57:20 - [TEST_STEP][PASSED] - Statement - PreSaveFile = new java.io.File(((pathPrefix + java.lang.Integer.toString(counter)) + .png)): null

2018-11-08 15:57:20 - [TEST_STEP][PASSED] - Statement - counter = counter + 1: null

2018-11-08 15:57:21 - [TEST_STEP][PASSED] - Statement - PreSaveFile = new java.io.File(((pathPrefix + java.lang.Integer.toString(counter)) + .png)): null

2018-11-08 15:57:21 - [TEST_STEP][PASSED] - Statement - counter = counter + 1: null

2018-11-08 15:57:21 - [TEST_STEP][PASSED] - Statement - PreSaveFile = new java.io.File(((pathPrefix + java.lang.Integer.toString(counter)) + .png)): null

2018-11-08 15:57:21 - [TEST_STEP][PASSED] - Statement - counter = counter + 1: null

2018-11-08 15:57:21 - [TEST_STEP][PASSED] - Statement - PreSaveFile = new java.io.File(((pathPrefix + java.lang.Integer.toString(counter)) + .png)): null

2018-11-08 15:57:21 - [TEST_STEP][PASSED] - Statement - counter = counter + 1: null

2018-11-08 15:57:21 - [TEST_STEP][PASSED] - Statement - PreSaveFile = new java.io.File(((pathPrefix + java.lang.Integer.toString(counter)) + .png)): null

2018-11-08 15:57:21 - [TEST_STEP][PASSED] - Statement - counter = counter + 1: null

2018-11-08 15:57:21 - [TEST_STEP][PASSED] - Statement - PreSaveFile = new java.io.File(((pathPrefix + java.lang.Integer.toString(counter)) + .png)): null

2018-11-08 15:57:21 - [TEST_STEP][PASSED] - Statement - counter = counter + 1: null

2018-11-08 15:57:21 - [TEST_STEP][PASSED] - Statement - PreSaveFile = new java.io.File(((pathPrefix + java.lang.Integer.toString(counter)) + .png)): null

2018-11-08 15:57:21 - [TEST_STEP][PASSED] - Statement - counter = counter + 1: null

2018-11-08 15:57:22 - [TEST_STEP][PASSED] - Statement - PreSaveFile = new java.io.File(((pathPrefix + java.lang.Integer.toString(counter)) + .png)): null

2018-11-08 15:57:22 - [TEST_STEP][PASSED] - Statement - counter = counter + 1: null

2018-11-08 15:57:22 - [TEST_STEP][PASSED] - Statement - PreSaveFile = new java.io.File(((pathPrefix + java.lang.Integer.toString(counter)) + .png)): null

2018-11-08 15:57:22 - [TEST_STEP][PASSED] - Statement - counter = counter + 1: null

2018-11-08 15:57:22 - [TEST_STEP][PASSED] - Statement - PreSaveFile = new java.io.File(((pathPrefix + java.lang.Integer.toString(counter)) + .png)): null

2018-11-08 15:57:22 - [TEST_STEP][PASSED] - Statement - counter = counter + 1: null

2018-11-08 15:57:22 - [TEST_STEP][PASSED] - Statement - PreSaveFile = new java.io.File(((pathPrefix + java.lang.Integer.toString(counter)) + .png)): null

2018-11-08 15:57:22 - [TEST_STEP][PASSED] - Statement - counter = counter + 1: null

2018-11-08 15:57:22 - [TEST_STEP][PASSED] - Statement - PreSaveFile = new java.io.File(((pathPrefix + java.lang.Integer.toString(counter)) + .png)): null

2018-11-08 15:57:23 - [TEST_STEP][PASSED] - Statement - counter = counter + 1: null

2018-11-08 15:57:23 - [TEST_STEP][PASSED] - Statement - PreSaveFile = new java.io.File(((pathPrefix + java.lang.Integer.toString(counter)) + .png)): null

2018-11-08 15:57:23 - [TEST_STEP][PASSED] - Statement - counter = counter + 1: null

2018-11-08 15:57:23 - [TEST_STEP][PASSED] - Statement - PreSaveFile = new java.io.File(((pathPrefix + java.lang.Integer.toString(counter)) + .png)): null

2018-11-08 15:57:23 - [TEST_STEP][PASSED] - Statement - counter = counter + 1: null

2018-11-08 15:57:23 - [TEST_STEP][PASSED] - Statement - PreSaveFile = new java.io.File(((pathPrefix + java.lang.Integer.toString(counter)) + .png)): null

2018-11-08 15:57:23 - [TEST_STEP][PASSED] - Statement - counter = counter + 1: null

2018-11-08 15:57:23 - [TEST_STEP][PASSED] - Statement - PreSaveFile = new java.io.File(((pathPrefix + java.lang.Integer.toString(counter)) + .png)): null

2018-11-08 15:57:23 - [TEST_STEP][PASSED] - Statement - counter = counter + 1: null

2018-11-08 15:57:24 - [TEST_STEP][PASSED] - Statement - PreSaveFile = new java.io.File(((pathPrefix + java.lang.Integer.toString(counter)) + .png)): null

2018-11-08 15:57:24 - [TEST_STEP][PASSED] - Statement - counter = counter + 1: null

2018-11-08 15:57:24 - [TEST_STEP][PASSED] - Statement - PreSaveFile = new java.io.File(((pathPrefix + java.lang.Integer.toString(counter)) + .png)): null

2018-11-08 15:57:24 - [TEST_STEP][PASSED] - Statement - counter = counter + 1: null

2018-11-08 15:57:24 - [TEST_STEP][PASSED] - Statement - PreSaveFile = new java.io.File(((pathPrefix + java.lang.Integer.toString(counter)) + .png)): null

2018-11-08 15:57:24 - [TEST_STEP][PASSED] - Statement - counter = counter + 1: null

2018-11-08 15:57:24 - [TEST_STEP][PASSED] - Statement - PreSaveFile = new java.io.File(((pathPrefix + java.lang.Integer.toString(counter)) + .png)): null

2018-11-08 15:57:24 - [TEST_STEP][PASSED] - Statement - counter = counter + 1: null

2018-11-08 15:57:24 - [TEST_STEP][PASSED] - Statement - PreSaveFile = new java.io.File(((pathPrefix + java.lang.Integer.toString(counter)) + .png)): null

2018-11-08 15:57:24 - [TEST_STEP][PASSED] - Statement - counter = counter + 1: null

2018-11-08 15:57:24 - [TEST_STEP][PASSED] - Statement - PreSaveFile = new java.io.File(((pathPrefix + java.lang.Integer.toString(counter)) + .png)): null

2018-11-08 15:57:25 - [TEST_STEP][PASSED] - Statement - counter = counter + 1: null

2018-11-08 15:57:25 - [TEST_STEP][PASSED] - Statement - PreSaveFile = new java.io.File(((pathPrefix + java.lang.Integer.toString(counter)) + .png)): null

2018-11-08 15:57:25 - [TEST_STEP][PASSED] - Statement - counter = counter + 1: null

2018-11-08 15:57:25 - [TEST_STEP][PASSED] - Statement - PreSaveFile = new java.io.File(((pathPrefix + java.lang.Integer.toString(counter)) + .png)): null

2018-11-08 15:57:25 - [TEST_STEP][PASSED] - Statement - counter = counter + 1: null

2018-11-08 15:57:25 - [TEST_STEP][PASSED] - Statement - PreSaveFile = new java.io.File(((pathPrefix + java.lang.Integer.toString(counter)) + .png)): null

2018-11-08 15:57:25 - [TEST_STEP][PASSED] - Statement - counter = counter + 1: null

2018-11-08 15:57:25 - [TEST_STEP][PASSED] - Statement - PreSaveFile = new java.io.File(((pathPrefix + java.lang.Integer.toString(counter)) + .png)): null

2018-11-08 15:57:25 - [TEST_STEP][PASSED] - Statement - counter = counter + 1: null

2018-11-08 15:57:25 - [TEST_STEP][PASSED] - Statement - PreSaveFile = new java.io.File(((pathPrefix + java.lang.Integer.toString(counter)) + .png)): null

2018-11-08 15:57:25 - [TEST_STEP][PASSED] - Statement - counter = counter + 1: null

2018-11-08 15:57:26 - [TEST_STEP][PASSED] - Statement - PreSaveFile = new java.io.File(((pathPrefix + java.lang.Integer.toString(counter)) + .png)): null

2018-11-08 15:57:26 - [TEST_STEP][PASSED] - Statement - counter = counter + 1: null

2018-11-08 15:57:26 - [TEST_STEP][PASSED] - Statement - PreSaveFile = new java.io.File(((pathPrefix + java.lang.Integer.toString(counter)) + .png)): null

2018-11-08 15:57:26 - [TEST_STEP][PASSED] - Statement - counter = counter + 1: null

2018-11-08 15:57:26 - [TEST_STEP][PASSED] - Statement - PreSaveFile = new java.io.File(((pathPrefix + java.lang.Integer.toString(counter)) + .png)): null

2018-11-08 15:57:26 - [TEST_STEP][PASSED] - Statement - counter = counter + 1: null

2018-11-08 15:57:26 - [TEST_STEP][PASSED] - Statement - PreSaveFile = new java.io.File(((pathPrefix + java.lang.Integer.toString(counter)) + .png)): null

2018-11-08 15:57:26 - [TEST_STEP][PASSED] - Statement - counter = counter + 1: null

2018-11-08 15:57:26 - [TEST_STEP][PASSED] - Statement - PreSaveFile = new java.io.File(((pathPrefix + java.lang.Integer.toString(counter)) + .png)): null

2018-11-08 15:57:26 - [TEST_STEP][PASSED] - Statement - counter = counter + 1: null

2018-11-08 15:57:26 - [TEST_STEP][PASSED] - Statement - PreSaveFile = new java.io.File(((pathPrefix + java.lang.Integer.toString(counter)) + .png)): null

2018-11-08 15:57:26 - [TEST_STEP][PASSED] - Statement - counter = counter + 1: null

2018-11-08 15:57:26 - [TEST_STEP][PASSED] - Statement - PreSaveFile = new java.io.File(((pathPrefix + java.lang.Integer.toString(counter)) + .png)): null

2018-11-08 15:57:26 - [TEST_STEP][PASSED] - Statement - counter = counter + 1: null

2018-11-08 15:57:26 - [TEST_STEP][PASSED] - Statement - PreSaveFile = new java.io.File(((pathPrefix + java.lang.Integer.toString(counter)) + .png)): null

2018-11-08 15:57:26 - [TEST_STEP][PASSED] - Statement - counter = counter + 1: null

2018-11-08 15:57:26 - [TEST_STEP][PASSED] - Statement - PreSaveFile = new java.io.File(((pathPrefix + java.lang.Integer.toString(counter)) + .png)): null

2018-11-08 15:57:26 - [TEST_STEP][PASSED] - Statement - counter = counter + 1: null

2018-11-08 15:57:26 - [TEST_STEP][PASSED] - Statement - PreSaveFile = new java.io.File(((pathPrefix + java.lang.Integer.toString(counter)) + .png)): null

2018-11-08 15:57:26 - [TEST_STEP][PASSED] - Statement - counter = counter + 1: null

2018-11-08 15:57:27 - [TEST_STEP][PASSED] - Statement - PreSaveFile = new java.io.File(((pathPrefix + java.lang.Integer.toString(counter)) + .png)): null

2018-11-08 15:57:27 - [TEST_STEP][PASSED] - Statement - counter = counter + 1: null

2018-11-08 15:57:27 - [TEST_STEP][PASSED] - Statement - PreSaveFile = new java.io.File(((pathPrefix + java.lang.Integer.toString(counter)) + .png)): null

2018-11-08 15:57:27 - [TEST_STEP][PASSED] - Statement - counter = counter + 1: null

2018-11-08 15:57:27 - [TEST_STEP][PASSED] - Statement - PreSaveFile = new java.io.File(((pathPrefix + java.lang.Integer.toString(counter)) + .png)): null

2018-11-08 15:57:27 - [TEST_STEP][PASSED] - Statement - counter = counter + 1: null

2018-11-08 15:57:27 - [TEST_STEP][PASSED] - Statement - PreSaveFile = new java.io.File(((pathPrefix + java.lang.Integer.toString(counter)) + .png)): null

2018-11-08 15:57:27 - [TEST_STEP][PASSED] - Statement - counter = counter + 1: null

2018-11-08 15:57:27 - [TEST_STEP][PASSED] - Statement - PreSaveFile = new java.io.File(((pathPrefix + java.lang.Integer.toString(counter)) + .png)): null

2018-11-08 15:57:27 - [TEST_STEP][PASSED] - Statement - counter = counter + 1: null

2018-11-08 15:57:27 - [TEST_STEP][PASSED] - Statement - PreSaveFile = new java.io.File(((pathPrefix + java.lang.Integer.toString(counter)) + .png)): null

2018-11-08 15:57:27 - [TEST_STEP][PASSED] - Statement - counter = counter + 1: null

2018-11-08 15:57:28 - [TEST_STEP][PASSED] - Statement - PreSaveFile = new java.io.File(((pathPrefix + java.lang.Integer.toString(counter)) + .png)): null

2018-11-08 15:57:28 - [TEST_STEP][PASSED] - Statement - counter = counter + 1: null

2018-11-08 15:57:28 - [TEST_STEP][PASSED] - Statement - PreSaveFile = new java.io.File(((pathPrefix + java.lang.Integer.toString(counter)) + .png)): null

2018-11-08 15:57:28 - [TEST_STEP][PASSED] - Statement - counter = counter + 1: null

2018-11-08 15:57:28 - [TEST_STEP][PASSED] - Statement - PreSaveFile = new java.io.File(((pathPrefix + java.lang.Integer.toString(counter)) + .png)): null

2018-11-08 15:57:28 - [TEST_STEP][PASSED] - Statement - counter = counter + 1: null

2018-11-08 15:57:28 - [TEST_STEP][PASSED] - Statement - PreSaveFile = new java.io.File(((pathPrefix + java.lang.Integer.toString(counter)) + .png)): null

2018-11-08 15:57:28 - [TEST_STEP][PASSED] - Statement - counter = counter + 1: null

2018-11-08 15:57:28 - [TEST_STEP][PASSED] - Statement - PreSaveFile = new java.io.File(((pathPrefix + java.lang.Integer.toString(counter)) + .png)): null

2018-11-08 15:57:28 - [TEST_STEP][PASSED] - Statement - counter = counter + 1: null

2018-11-08 15:57:29 - [TEST_STEP][PASSED] - Statement - PreSaveFile = new java.io.File(((pathPrefix + java.lang.Integer.toString(counter)) + .png)): null

2018-11-08 15:57:29 - [TEST_STEP][PASSED] - Statement - counter = counter + 1: null

2018-11-08 15:57:29 - [TEST_STEP][PASSED] - Statement - PreSaveFile = new java.io.File(((pathPrefix + java.lang.Integer.toString(counter)) + .png)): null

2018-11-08 15:57:29 - [TEST_STEP][PASSED] - Statement - counter = counter + 1: null

2018-11-08 15:57:29 - [TEST_STEP][PASSED] - Statement - PreSaveFile = new java.io.File(((pathPrefix + java.lang.Integer.toString(counter)) + .png)): null

2018-11-08 15:57:30 - [TEST_STEP][PASSED] - Statement - counter = counter + 1: null

2018-11-08 15:57:30 - [TEST_STEP][PASSED] - Statement - PreSaveFile = new java.io.File(((pathPrefix + java.lang.Integer.toString(counter)) + .png)): null

2018-11-08 15:57:30 - [TEST_STEP][PASSED] - Statement - counter = counter + 1: null

2018-11-08 15:57:30 - [TEST_STEP][PASSED] - Statement - PreSaveFile = new java.io.File(((pathPrefix + java.lang.Integer.toString(counter)) + .png)): null

2018-11-08 15:57:30 - [TEST_STEP][PASSED] - Statement - counter = counter + 1: null

2018-11-08 15:57:31 - [TEST_STEP][PASSED] - Statement - PreSaveFile = new java.io.File(((pathPrefix + java.lang.Integer.toString(counter)) + .png)): null

2018-11-08 15:57:31 - [TEST_STEP][PASSED] - Statement - counter = counter + 1: null

2018-11-08 15:57:31 - [TEST_STEP][PASSED] - Statement - PreSaveFile = new java.io.File(((pathPrefix + java.lang.Integer.toString(counter)) + .png)): null

2018-11-08 15:57:31 - [TEST_STEP][PASSED] - Statement - counter = counter + 1: null

2018-11-08 15:57:31 - [TEST_STEP][PASSED] - Statement - PreSaveFile = new java.io.File(((pathPrefix + java.lang.Integer.toString(counter)) + .png)): null

2018-11-08 15:57:31 - [TEST_STEP][PASSED] - Statement - counter = counter + 1: null

2018-11-08 15:57:31 - [TEST_STEP][PASSED] - Statement - PreSaveFile = new java.io.File(((pathPrefix + java.lang.Integer.toString(counter)) + .png)): null

2018-11-08 15:57:31 - [TEST_STEP][PASSED] - Statement - counter = counter + 1: null

2018-11-08 15:57:31 - [TEST_STEP][PASSED] - Statement - PreSaveFile = new java.io.File(((pathPrefix + java.lang.Integer.toString(counter)) + .png)): null

2018-11-08 15:57:31 - [TEST_STEP][PASSED] - Statement - counter = counter + 1: null

2018-11-08 15:57:31 - [TEST_STEP][PASSED] - Statement - PreSaveFile = new java.io.File(((pathPrefix + java.lang.Integer.toString(counter)) + .png)): null

2018-11-08 15:57:31 - [TEST_STEP][PASSED] - Statement - counter = counter + 1: null

2018-11-08 15:57:32 - [TEST_STEP][PASSED] - Statement - PreSaveFile = new java.io.File(((pathPrefix + java.lang.Integer.toString(counter)) + .png)): null

2018-11-08 15:57:32 - [TEST_STEP][PASSED] - Statement - counter = counter + 1: null

2018-11-08 15:57:32 - [TEST_STEP][PASSED] - Statement - PreSaveFile = new java.io.File(((pathPrefix + java.lang.Integer.toString(counter)) + .png)): null

2018-11-08 15:57:32 - [TEST_STEP][PASSED] - Statement - counter = counter + 1: null

2018-11-08 15:57:32 - [TEST_STEP][PASSED] - Statement - PreSaveFile = new java.io.File(((pathPrefix + java.lang.Integer.toString(counter)) + .png)): null

2018-11-08 15:57:32 - [TEST_STEP][PASSED] - Statement - counter = counter + 1: null

2018-11-08 15:57:32 - [TEST_STEP][PASSED] - Statement - PreSaveFile = new java.io.File(((pathPrefix + java.lang.Integer.toString(counter)) + .png)): null

2018-11-08 15:57:32 - [TEST_STEP][PASSED] - Statement - counter = counter + 1: null

2018-11-08 15:57:32 - [TEST_STEP][PASSED] - Statement - PreSaveFile = new java.io.File(((pathPrefix + java.lang.Integer.toString(counter)) + .png)): null

2018-11-08 15:57:33 - [TEST_STEP][PASSED] - Statement - counter = counter + 1: null

2018-11-08 15:57:33 - [TEST_STEP][PASSED] - Statement - PreSaveFile = new java.io.File(((pathPrefix + java.lang.Integer.toString(counter)) + .png)): null

2018-11-08 15:57:33 - [TEST_STEP][PASSED] - Statement - counter = counter + 1: null

2018-11-08 15:57:33 - [TEST_STEP][PASSED] - Statement - PreSaveFile = new java.io.File(((pathPrefix + java.lang.Integer.toString(counter)) + .png)): null

2018-11-08 15:57:33 - [TEST_STEP][PASSED] - Statement - finalPath = pathPrefix + java.lang.Integer.toString(counter) + ".png": null

2018-11-08 15:57:33 - [TEST_STEP][PASSED] - Statement - SaveFile = new java.io.File(finalPath): null

2018-11-08 15:57:33 - [TEST_STEP][PASSED] - Statement - Try: null

2018-11-08 15:57:33 - [TEST_STEP][PASSED] - Statement - org.apache.commons.io.FileUtils.copyFile(scrFile, SaveFile): null

2018-11-08 15:57:33 - [TEST_STEP][PASSED] - Statement - out.println("file kept"): null

2018-11-08 15:57:33 - [TEST_STEP][PASSED] - delay: Delayed 10 second(s)

2018-11-08 15:57:44 - [MESSAGE][PASSED] - Delayed 10 second(s)

2018-11-08 15:57:44 - [MESSAGE][PASSED] - Call Test Case 'Test Cases/Final Aug 2018 - PKS Automation/Common/Screenshoting tool' successfully

2018-11-08 15:57:44 - [TEST_STEP][PASSED] - callTestCase: Call Test Case 'Test Cases/Final Aug 2018 - PKS Automation/Registration Module/Log Out/log out avoiding katalon tagging' successfully

2018-11-08 15:57:44 - [TEST_CASE][PASSED] - Test Cases/Final Aug 2018 - PKS Automation/Registration Module/Log Out/log out avoiding katalon tagging: Test Cases/Final Aug 2018 - PKS Automation/Registration Module/Log Out/log out avoiding katalon tagging

2018-11-08 15:57:44 - [TEST_STEP][PASSED] - navigateToUrl: Navigate to 'https://assist2-uat.perkeso.gov.my/c/portal/logout' successfully

2018-11-08 15:57:46 - [MESSAGE][PASSED] - Navigate to 'https://assist2-uat.perkeso.gov.my/c/portal/logout' successfully

2018-11-08 15:57:46 - [MESSAGE][PASSED] - Call Test Case 'Test Cases/Final Aug 2018 - PKS Automation/Registration Module/Log Out/log out avoiding katalon tagging' successfully

2018-11-08 15:57:46 - [TEST_STEP][PASSED] - delay: Delayed 2 second(s)

2018-11-08 15:57:48 - [MESSAGE][PASSED] - Delayed 2 second(s)

2018-11-08 15:57:48 - [TEST_STEP][PASSED] - setText: Text 'johorro2@gmail.com' is set on object 'Object Repository/Final Object Repo/New Registration - Registration Module Pages/New Reg - OTC to RO/Special Case - All Related Objects/Email TextBox'

2018-11-08 15:57:48 - [MESSAGE][PASSED] - Text 'johorro2@gmail.com' is set on object 'Object Repository/Final Object Repo/New Registration - Registration Module Pages/New Reg - OTC to RO/Special Case - All Related Objects/Email TextBox'

2018-11-08 15:57:48 - [TEST_STEP][PASSED] - click: Object: 'Object Repository/Final Object Repo/New Registration - Registration Module Pages/New Reg - OTC to RO/Special Case - All Related Objects/Next Button' is clicked on

2018-11-08 15:57:48 - [MESSAGE][PASSED] - Object: 'Object Repository/Final Object Repo/New Registration - Registration Module Pages/New Reg - OTC to RO/Special Case - All Related Objects/Next Button' is clicked on

2018-11-08 15:57:48 - [TEST_STEP][PASSED] - delay: Delayed 2 second(s)

2018-11-08 15:57:50 - [MESSAGE][PASSED] - Delayed 2 second(s)

2018-11-08 15:57:50 - [TEST_STEP][PASSED] - setText: Text 'Test1@3456789' is set on object 'Object Repository/Final Object Repo/New Registration - Registration Module Pages/New Reg - OTC to RO/Special Case - All Related Objects/Password TextBox'

2018-11-08 15:57:50 - [MESSAGE][PASSED] - Text 'Test1@3456789' is set on object 'Object Repository/Final Object Repo/New Registration - Registration Module Pages/New Reg - OTC to RO/Special Case - All Related Objects/Password TextBox'

2018-11-08 15:57:50 - [TEST_STEP][PASSED] - delay: Delayed 2 second(s)

2018-11-08 15:57:52 - [MESSAGE][PASSED] - Delayed 2 second(s)

2018-11-08 15:57:52 - [TEST_STEP][PASSED] - click: Object: 'Object Repository/Final Object Repo/New Registration - Registration Module Pages/New Reg - OTC to RO/Special Case - All Related Objects/Login Button' is clicked on

2018-11-08 15:57:55 - [MESSAGE][PASSED] - Object: 'Object Repository/Final Object Repo/New Registration - Registration Module Pages/New Reg - OTC to RO/Special Case - All Related Objects/Login Button' is clicked on

2018-11-08 15:57:55 - [TEST_STEP][PASSED] - delay: Delayed 2 second(s)

2018-11-08 15:57:57 - [MESSAGE][PASSED] - Delayed 2 second(s)

2018-11-08 15:57:57 - [TEST_STEP][PASSED] - Statement - Try: null

2018-11-08 15:57:57 - [TEST_STEP][PASSED] - Statement - Checker = com.kms.katalon.core.webui.keyword.WebUiBuiltInKeywords.verifyElementNotPresent("Final Object Repo/Landing Page/Select to English", 3): null

2018-11-08 15:57:57 - [TEST_STEP][PASSED] - Statement - Catch (Exception e): null

2018-11-08 15:57:57 - [TEST_STEP][PASSED] - Statement - e.printStackTrace(): null

2018-11-08 15:57:57 - [TEST_STEP][PASSED] - click: Object: 'Object Repository/Final Object Repo/New Registration - Registration Module Pages/New Reg - OTC to RO/Special Case - All Related Objects/Expand to Search' is clicked on

2018-11-08 15:57:57 - [MESSAGE][PASSED] - Object: 'Object Repository/Final Object Repo/New Registration - Registration Module Pages/New Reg - OTC to RO/Special Case - All Related Objects/Expand to Search' is clicked on

2018-11-08 15:57:57 - [TEST_STEP][PASSED] - setText: Text 'CRN11201800122425' is set on object 'Object Repository/Final Object Repo/New Registration - Registration Module Pages/New Reg - OTC to RO/Special Case - All Related Objects/TextBox RefNo in Workbasket'

2018-11-08 15:57:57 - [MESSAGE][PASSED] - Text 'CRN11201800122425' is set on object 'Object Repository/Final Object Repo/New Registration - Registration Module Pages/New Reg - OTC to RO/Special Case - All Related Objects/TextBox RefNo in Workbasket'

2018-11-08 15:57:57 - [TEST_STEP][PASSED] - delay: Delayed 2 second(s)

2018-11-08 15:57:59 - [MESSAGE][PASSED] - Delayed 2 second(s)

2018-11-08 15:57:59 - [TEST_STEP][PASSED] - click: Object: 'Object Repository/Final Object Repo/New Registration - Registration Module Pages/New Reg - OTC to RO/Special Case - All Related Objects/Click Search' is clicked on

2018-11-08 15:58:02 - [MESSAGE][PASSED] - Object: 'Object Repository/Final Object Repo/New Registration - Registration Module Pages/New Reg - OTC to RO/Special Case - All Related Objects/Click Search' is clicked on

2018-11-08 15:58:02 - [TEST_STEP][PASSED] - delay: Delayed 2 second(s)

2018-11-08 15:58:04 - [MESSAGE][PASSED] - Delayed 2 second(s)

2018-11-08 15:58:04 - [TEST_STEP][PASSED] - click: Object: 'Object Repository/Final Object Repo/New Registration - Registration Module Pages/New Reg - OTC to RO/Special Case - All Related Objects/Click to Continue Workflow' is clicked on

2018-11-08 15:58:08 - [MESSAGE][PASSED] - Object: 'Object Repository/Final Object Repo/New Registration - Registration Module Pages/New Reg - OTC to RO/Special Case - All Related Objects/Click to Continue Workflow' is clicked on

2018-11-08 15:58:08 - [TEST_STEP][PASSED] - delay: Delayed 2 second(s)

2018-11-08 15:58:10 - [MESSAGE][PASSED] - Delayed 2 second(s)

2018-11-08 15:58:10 - [TEST_STEP][PASSED] - click: Object: 'Object Repository/Final Object Repo/New Registration - Registration Module Pages/New Reg - OTC to RO/Special Case - All Related Objects/Continue Button in verifying case' is clicked on

2018-11-08 15:58:13 - [MESSAGE][PASSED] - Object: 'Object Repository/Final Object Repo/New Registration - Registration Module Pages/New Reg - OTC to RO/Special Case - All Related Objects/Continue Button in verifying case' is clicked on

2018-11-08 15:58:13 - [TEST_STEP][PASSED] - delay: Delayed 2 second(s)

2018-11-08 15:58:15 - [MESSAGE][PASSED] - Delayed 2 second(s)

2018-11-08 15:58:15 - [TEST_STEP][PASSED] - click: Object: 'Object Repository/Final Object Repo/New Registration - Registration Module Pages/Form 1/Registered As a Branch - Yes' is clicked on

2018-11-08 15:58:15 - [MESSAGE][PASSED] - Object: 'Object Repository/Final Object Repo/New Registration - Registration Module Pages/Form 1/Registered As a Branch - Yes' is clicked on

2018-11-08 15:58:15 - [TEST_STEP][PASSED] - delay: Delayed 2 second(s)

2018-11-08 15:58:17 - [MESSAGE][PASSED] - Delayed 2 second(s)

2018-11-08 15:58:17 - [TEST_STEP][PASSED] - click: Object: 'Object Repository/Final Object Repo/New Registration - Registration Module Pages/New Reg - OTC to RO/Special Case - All Related Objects/Form 1 Save n Continue' is clicked on

2018-11-08 15:58:20 - [MESSAGE][PASSED] - Object: 'Object Repository/Final Object Repo/New Registration - Registration Module Pages/New Reg - OTC to RO/Special Case - All Related Objects/Form 1 Save n Continue' is clicked on

2018-11-08 15:58:20 - [TEST_STEP][PASSED] - delay: Delayed 2 second(s)

2018-11-08 15:58:22 - [MESSAGE][PASSED] - Delayed 2 second(s)

2018-11-08 15:58:22 - [TEST_STEP][PASSED] - click: Object: 'Object Repository/Final Object Repo/New Registration - Registration Module Pages/New Reg - OTC to RO/Special Case - All Related Objects/Form 2 Save n Continue' is clicked on

2018-11-08 15:58:23 - [MESSAGE][PASSED] - Object: 'Object Repository/Final Object Repo/New Registration - Registration Module Pages/New Reg - OTC to RO/Special Case - All Related Objects/Form 2 Save n Continue' is clicked on

2018-11-08 15:58:23 - [TEST_STEP][PASSED] - delay: Delayed 2 second(s)

2018-11-08 15:58:25 - [MESSAGE][PASSED] - Delayed 2 second(s)

2018-11-08 15:58:25 - [TEST_STEP][PASSED] - click: Object: 'Object Repository/Final Object Repo/New Registration - Registration Module Pages/New Reg - OTC to RO/Special Case - All Related Objects/Third Screen Save n Continue' is clicked on

2018-11-08 15:58:32 - [MESSAGE][PASSED] - Object: 'Object Repository/Final Object Repo/New Registration - Registration Module Pages/New Reg - OTC to RO/Special Case - All Related Objects/Third Screen Save n Continue' is clicked on

2018-11-08 15:58:32 - [TEST_STEP][PASSED] - delay: Delayed 5 second(s)

2018-11-08 15:58:37 - [MESSAGE][PASSED] - Delayed 5 second(s)

2018-11-08 15:58:37 - [TEST_STEP][PASSED] - click: Object: 'Object Repository/Final Object Repo/New Registration - Registration Module Pages/New Reg - OTC to RO/Special Case - All Related Objects/Upload Doc Page Save n Continue' is clicked on

2018-11-08 15:58:37 - [MESSAGE][PASSED] - Object: 'Object Repository/Final Object Repo/New Registration - Registration Module Pages/New Reg - OTC to RO/Special Case - All Related Objects/Upload Doc Page Save n Continue' is clicked on

2018-11-08 15:58:37 - [TEST_STEP][PASSED] - delay: Delayed 5 second(s)

2018-11-08 15:58:42 - [MESSAGE][PASSED] - Delayed 5 second(s)

2018-11-08 15:58:42 - [TEST_STEP][PASSED] - callTestCase: Call Test Case 'Test Cases/Final Aug 2018 - PKS Automation/Registration Module/New Registration/Submit and Screenshot/Submit Registration and Screenshot' successfully

2018-11-08 15:58:42 - [TEST_CASE][PASSED] - Test Cases/Final Aug 2018 - PKS Automation/Registration Module/New Registration/Submit and Screenshot/Submit Registration and Screenshot: Test Cases/Final Aug 2018 - PKS Automation/Registration Module/New Registration/Submit and Screenshot/Submit Registration and Screenshot

2018-11-08 15:58:42 - [TEST_STEP][PASSED] - delay: Delayed 6 second(s)

2018-11-08 15:58:48 - [MESSAGE][PASSED] - Delayed 6 second(s)

2018-11-08 15:58:48 - [TEST_STEP][PASSED] - click: Object: 'Object Repository/Final Object Repo/New Registration - Registration Module Pages/Third Screen - Upload Supporting Doc- Preview/Preview Submit Button' is clicked on

2018-11-08 15:58:49 - [MESSAGE][PASSED] - Object: 'Object Repository/Final Object Repo/New Registration - Registration Module Pages/Third Screen - Upload Supporting Doc- Preview/Preview Submit Button' is clicked on

2018-11-08 15:58:49 - [TEST_STEP][PASSED] - delay: Delayed 2 second(s)

2018-11-08 15:58:51 - [MESSAGE][PASSED] - Delayed 2 second(s)

2018-11-08 15:58:51 - [TEST_STEP][PASSED] - click: Object: 'Object Repository/Final Object Repo/New Registration - Registration Module Pages/Third Screen - Upload Supporting Doc- Preview/Preview Submit - Confirm' is clicked on

2018-11-08 15:58:56 - [MESSAGE][PASSED] - Object: 'Object Repository/Final Object Repo/New Registration - Registration Module Pages/Third Screen - Upload Supporting Doc- Preview/Preview Submit - Confirm' is clicked on

2018-11-08 15:58:56 - [TEST_STEP][PASSED] - delay: Delayed 15 second(s)

2018-11-08 15:59:11 - [MESSAGE][PASSED] - Delayed 15 second(s)

2018-11-08 15:59:11 - [TEST_STEP][PASSED] - Statement - driver = com.kms.katalon.core.webui.driver.DriverFactory.getWebDriver(): null

2018-11-08 15:59:11 - [TEST_STEP][PASSED] - Statement - driver.manage().timeouts().implicitlyWait(10, SECONDS): null

2018-11-08 15:59:11 - [TEST_STEP][PASSED] - Statement - PresavePath = KatalonScreenshots: null

2018-11-08 15:59:11 - [TEST_STEP][PASSED] - Statement - pathPrefix = "C:\Users\Public\Pictures\Sample Pictures\Katalon Screenshots\Automate Ending Screen": null

2018-11-08 15:59:11 - [TEST_STEP][PASSED] - Statement - finalPath = <not implemented yet for class: org.codehaus.groovy.ast.expr.EmptyExpression>: null

2018-11-08 15:59:11 - [TEST_STEP][PASSED] - Statement - scrFile = driver.getScreenshotAs(FILE): null

2018-11-08 15:59:11 - [TEST_STEP][PASSED] - Statement - PreSaveFile = new java.io.File(PresavePath): null

2018-11-08 15:59:11 - [TEST_STEP][PASSED] - Statement - counter = 0: null

2018-11-08 15:59:11 - [TEST_STEP][PASSED] - Statement - If (PreSaveFile.exists()): null

2018-11-08 15:59:11 - [TEST_STEP][PASSED] - Statement - While (PreSaveFile.exists()): null

2018-11-08 15:59:11 - [TEST_STEP][PASSED] - Statement - counter = counter + 1: null

2018-11-08 15:59:11 - [TEST_STEP][PASSED] - Statement - PreSaveFile = new java.io.File(((pathPrefix + java.lang.Integer.toString(counter)) + .png)): null

2018-11-08 15:59:11 - [TEST_STEP][PASSED] - Statement - counter = counter + 1: null

2018-11-08 15:59:11 - [TEST_STEP][PASSED] - Statement - PreSaveFile = new java.io.File(((pathPrefix + java.lang.Integer.toString(counter)) + .png)): null

2018-11-08 15:59:11 - [TEST_STEP][PASSED] - Statement - counter = counter + 1: null

2018-11-08 15:59:11 - [TEST_STEP][PASSED] - Statement - PreSaveFile = new java.io.File(((pathPrefix + java.lang.Integer.toString(counter)) + .png)): null

2018-11-08 15:59:11 - [TEST_STEP][PASSED] - Statement - counter = counter + 1: null

2018-11-08 15:59:11 - [TEST_STEP][PASSED] - Statement - PreSaveFile = new java.io.File(((pathPrefix + java.lang.Integer.toString(counter)) + .png)): null

2018-11-08 15:59:11 - [TEST_STEP][PASSED] - Statement - counter = counter + 1: null

2018-11-08 15:59:11 - [TEST_STEP][PASSED] - Statement - PreSaveFile = new java.io.File(((pathPrefix + java.lang.Integer.toString(counter)) + .png)): null

2018-11-08 15:59:11 - [TEST_STEP][PASSED] - Statement - counter = counter + 1: null

2018-11-08 15:59:11 - [TEST_STEP][PASSED] - Statement - PreSaveFile = new java.io.File(((pathPrefix + java.lang.Integer.toString(counter)) + .png)): null

2018-11-08 15:59:11 - [TEST_STEP][PASSED] - Statement - counter = counter + 1: null

2018-11-08 15:59:11 - [TEST_STEP][PASSED] - Statement - PreSaveFile = new java.io.File(((pathPrefix + java.lang.Integer.toString(counter)) + .png)): null

2018-11-08 15:59:11 - [TEST_STEP][PASSED] - Statement - counter = counter + 1: null

2018-11-08 15:59:11 - [TEST_STEP][PASSED] - Statement - PreSaveFile = new java.io.File(((pathPrefix + java.lang.Integer.toString(counter)) + .png)): null

2018-11-08 15:59:11 - [TEST_STEP][PASSED] - Statement - counter = counter + 1: null

2018-11-08 15:59:11 - [TEST_STEP][PASSED] - Statement - PreSaveFile = new java.io.File(((pathPrefix + java.lang.Integer.toString(counter)) + .png)): null

2018-11-08 15:59:11 - [TEST_STEP][PASSED] - Statement - counter = counter + 1: null

2018-11-08 15:59:11 - [TEST_STEP][PASSED] - Statement - PreSaveFile = new java.io.File(((pathPrefix + java.lang.Integer.toString(counter)) + .png)): null

2018-11-08 15:59:11 - [TEST_STEP][PASSED] - Statement - counter = counter + 1: null

2018-11-08 15:59:11 - [TEST_STEP][PASSED] - Statement - PreSaveFile = new java.io.File(((pathPrefix + java.lang.Integer.toString(counter)) + .png)): null

2018-11-08 15:59:11 - [TEST_STEP][PASSED] - Statement - counter = counter + 1: null

2018-11-08 15:59:11 - [TEST_STEP][PASSED] - Statement - PreSaveFile = new java.io.File(((pathPrefix + java.lang.Integer.toString(counter)) + .png)): null

2018-11-08 15:59:11 - [TEST_STEP][PASSED] - Statement - counter = counter + 1: null

2018-11-08 15:59:11 - [TEST_STEP][PASSED] - Statement - PreSaveFile = new java.io.File(((pathPrefix + java.lang.Integer.toString(counter)) + .png)): null

2018-11-08 15:59:11 - [TEST_STEP][PASSED] - Statement - counter = counter + 1: null

2018-11-08 15:59:11 - [TEST_STEP][PASSED] - Statement - PreSaveFile = new java.io.File(((pathPrefix + java.lang.Integer.toString(counter)) + .png)): null

2018-11-08 15:59:11 - [TEST_STEP][PASSED] - Statement - counter = counter + 1: null

2018-11-08 15:59:11 - [TEST_STEP][PASSED] - Statement - PreSaveFile = new java.io.File(((pathPrefix + java.lang.Integer.toString(counter)) + .png)): null

2018-11-08 15:59:11 - [TEST_STEP][PASSED] - Statement - counter = counter + 1: null

2018-11-08 15:59:11 - [TEST_STEP][PASSED] - Statement - PreSaveFile = new java.io.File(((pathPrefix + java.lang.Integer.toString(counter)) + .png)): null

2018-11-08 15:59:11 - [TEST_STEP][PASSED] - Statement - counter = counter + 1: null

2018-11-08 15:59:11 - [TEST_STEP][PASSED] - Statement - PreSaveFile = new java.io.File(((pathPrefix + java.lang.Integer.toString(counter)) + .png)): null

2018-11-08 15:59:11 - [TEST_STEP][PASSED] - Statement - counter = counter + 1: null

2018-11-08 15:59:11 - [TEST_STEP][PASSED] - Statement - PreSaveFile = new java.io.File(((pathPrefix + java.lang.Integer.toString(counter)) + .png)): null

2018-11-08 15:59:11 - [TEST_STEP][PASSED] - Statement - counter = counter + 1: null

2018-11-08 15:59:11 - [TEST_STEP][PASSED] - Statement - PreSaveFile = new java.io.File(((pathPrefix + java.lang.Integer.toString(counter)) + .png)): null

2018-11-08 15:59:11 - [TEST_STEP][PASSED] - Statement - counter = counter + 1: null

2018-11-08 15:59:11 - [TEST_STEP][PASSED] - Statement - PreSaveFile = new java.io.File(((pathPrefix + java.lang.Integer.toString(counter)) + .png)): null

2018-11-08 15:59:12 - [TEST_STEP][PASSED] - Statement - counter = counter + 1: null

2018-11-08 15:59:12 - [TEST_STEP][PASSED] - Statement - PreSaveFile = new java.io.File(((pathPrefix + java.lang.Integer.toString(counter)) + .png)): null

2018-11-08 15:59:12 - [TEST_STEP][PASSED] - Statement - counter = counter + 1: null

2018-11-08 15:59:12 - [TEST_STEP][PASSED] - Statement - PreSaveFile = new java.io.File(((pathPrefix + java.lang.Integer.toString(counter)) + .png)): null

2018-11-08 15:59:12 - [TEST_STEP][PASSED] - Statement - counter = counter + 1: null

2018-11-08 15:59:12 - [TEST_STEP][PASSED] - Statement - PreSaveFile = new java.io.File(((pathPrefix + java.lang.Integer.toString(counter)) + .png)): null

2018-11-08 15:59:12 - [TEST_STEP][PASSED] - Statement - counter = counter + 1: null

2018-11-08 15:59:12 - [TEST_STEP][PASSED] - Statement - PreSaveFile = new java.io.File(((pathPrefix + java.lang.Integer.toString(counter)) + .png)): null

2018-11-08 15:59:12 - [TEST_STEP][PASSED] - Statement - counter = counter + 1: null

2018-11-08 15:59:12 - [TEST_STEP][PASSED] - Statement - PreSaveFile = new java.io.File(((pathPrefix + java.lang.Integer.toString(counter)) + .png)): null

2018-11-08 15:59:12 - [TEST_STEP][PASSED] - Statement - counter = counter + 1: null

2018-11-08 15:59:12 - [TEST_STEP][PASSED] - Statement - PreSaveFile = new java.io.File(((pathPrefix + java.lang.Integer.toString(counter)) + .png)): null

2018-11-08 15:59:12 - [TEST_STEP][PASSED] - Statement - counter = counter + 1: null

2018-11-08 15:59:12 - [TEST_STEP][PASSED] - Statement - PreSaveFile = new java.io.File(((pathPrefix + java.lang.Integer.toString(counter)) + .png)): null

2018-11-08 15:59:12 - [TEST_STEP][PASSED] - Statement - counter = counter + 1: null

2018-11-08 15:59:13 - [TEST_STEP][PASSED] - Statement - PreSaveFile = new java.io.File(((pathPrefix + java.lang.Integer.toString(counter)) + .png)): null

2018-11-08 15:59:13 - [TEST_STEP][PASSED] - Statement - counter = counter + 1: null

2018-11-08 15:59:13 - [TEST_STEP][PASSED] - Statement - PreSaveFile = new java.io.File(((pathPrefix + java.lang.Integer.toString(counter)) + .png)): null

2018-11-08 15:59:13 - [TEST_STEP][PASSED] - Statement - counter = counter + 1: null

2018-11-08 15:59:13 - [TEST_STEP][PASSED] - Statement - PreSaveFile = new java.io.File(((pathPrefix + java.lang.Integer.toString(counter)) + .png)): null

2018-11-08 15:59:13 - [TEST_STEP][PASSED] - Statement - counter = counter + 1: null

2018-11-08 15:59:13 - [TEST_STEP][PASSED] - Statement - PreSaveFile = new java.io.File(((pathPrefix + java.lang.Integer.toString(counter)) + .png)): null

2018-11-08 15:59:13 - [TEST_STEP][PASSED] - Statement - counter = counter + 1: null

2018-11-08 15:59:13 - [TEST_STEP][PASSED] - Statement - PreSaveFile = new java.io.File(((pathPrefix + java.lang.Integer.toString(counter)) + .png)): null

2018-11-08 15:59:13 - [TEST_STEP][PASSED] - Statement - counter = counter + 1: null

2018-11-08 15:59:13 - [TEST_STEP][PASSED] - Statement - PreSaveFile = new java.io.File(((pathPrefix + java.lang.Integer.toString(counter)) + .png)): null

2018-11-08 15:59:13 - [TEST_STEP][PASSED] - Statement - counter = counter + 1: null

2018-11-08 15:59:13 - [TEST_STEP][PASSED] - Statement - PreSaveFile = new java.io.File(((pathPrefix + java.lang.Integer.toString(counter)) + .png)): null

2018-11-08 15:59:13 - [TEST_STEP][PASSED] - Statement - counter = counter + 1: null

2018-11-08 15:59:13 - [TEST_STEP][PASSED] - Statement - PreSaveFile = new java.io.File(((pathPrefix + java.lang.Integer.toString(counter)) + .png)): null

2018-11-08 15:59:13 - [TEST_STEP][PASSED] - Statement - counter = counter + 1: null

2018-11-08 15:59:13 - [TEST_STEP][PASSED] - Statement - PreSaveFile = new java.io.File(((pathPrefix + java.lang.Integer.toString(counter)) + .png)): null

2018-11-08 15:59:13 - [TEST_STEP][PASSED] - Statement - counter = counter + 1: null

2018-11-08 15:59:13 - [TEST_STEP][PASSED] - Statement - PreSaveFile = new java.io.File(((pathPrefix + java.lang.Integer.toString(counter)) + .png)): null

2018-11-08 15:59:13 - [TEST_STEP][PASSED] - Statement - counter = counter + 1: null

2018-11-08 15:59:13 - [TEST_STEP][PASSED] - Statement - PreSaveFile = new java.io.File(((pathPrefix + java.lang.Integer.toString(counter)) + .png)): null

2018-11-08 15:59:13 - [TEST_STEP][PASSED] - Statement - counter = counter + 1: null

2018-11-08 15:59:13 - [TEST_STEP][PASSED] - Statement - PreSaveFile = new java.io.File(((pathPrefix + java.lang.Integer.toString(counter)) + .png)): null

2018-11-08 15:59:13 - [TEST_STEP][PASSED] - Statement - counter = counter + 1: null

2018-11-08 15:59:14 - [TEST_STEP][PASSED] - Statement - PreSaveFile = new java.io.File(((pathPrefix + java.lang.Integer.toString(counter)) + .png)): null

2018-11-08 15:59:14 - [TEST_STEP][PASSED] - Statement - counter = counter + 1: null

2018-11-08 15:59:14 - [TEST_STEP][PASSED] - Statement - PreSaveFile = new java.io.File(((pathPrefix + java.lang.Integer.toString(counter)) + .png)): null

2018-11-08 15:59:14 - [TEST_STEP][PASSED] - Statement - counter = counter + 1: null

2018-11-08 15:59:14 - [TEST_STEP][PASSED] - Statement - PreSaveFile = new java.io.File(((pathPrefix + java.lang.Integer.toString(counter)) + .png)): null

2018-11-08 15:59:14 - [TEST_STEP][PASSED] - Statement - counter = counter + 1: null

2018-11-08 15:59:14 - [TEST_STEP][PASSED] - Statement - PreSaveFile = new java.io.File(((pathPrefix + java.lang.Integer.toString(counter)) + .png)): null

2018-11-08 15:59:14 - [TEST_STEP][PASSED] - Statement - counter = counter + 1: null

2018-11-08 15:59:14 - [TEST_STEP][PASSED] - Statement - PreSaveFile = new java.io.File(((pathPrefix + java.lang.Integer.toString(counter)) + .png)): null

2018-11-08 15:59:14 - [TEST_STEP][PASSED] - Statement - counter = counter + 1: null

2018-11-08 15:59:14 - [TEST_STEP][PASSED] - Statement - PreSaveFile = new java.io.File(((pathPrefix + java.lang.Integer.toString(counter)) + .png)): null

2018-11-08 15:59:14 - [TEST_STEP][PASSED] - Statement - counter = counter + 1: null

2018-11-08 15:59:15 - [TEST_STEP][PASSED] - Statement - PreSaveFile = new java.io.File(((pathPrefix + java.lang.Integer.toString(counter)) + .png)): null

2018-11-08 15:59:15 - [TEST_STEP][PASSED] - Statement - counter = counter + 1: null

2018-11-08 15:59:15 - [TEST_STEP][PASSED] - Statement - PreSaveFile = new java.io.File(((pathPrefix + java.lang.Integer.toString(counter)) + .png)): null

2018-11-08 15:59:15 - [TEST_STEP][PASSED] - Statement - counter = counter + 1: null

2018-11-08 15:59:15 - [TEST_STEP][PASSED] - Statement - PreSaveFile = new java.io.File(((pathPrefix + java.lang.Integer.toString(counter)) + .png)): null

2018-11-08 15:59:15 - [TEST_STEP][PASSED] - Statement - counter = counter + 1: null

2018-11-08 15:59:15 - [TEST_STEP][PASSED] - Statement - PreSaveFile = new java.io.File(((pathPrefix + java.lang.Integer.toString(counter)) + .png)): null

2018-11-08 15:59:15 - [TEST_STEP][PASSED] - Statement - counter = counter + 1: null

2018-11-08 15:59:15 - [TEST_STEP][PASSED] - Statement - PreSaveFile = new java.io.File(((pathPrefix + java.lang.Integer.toString(counter)) + .png)): null

2018-11-08 15:59:15 - [TEST_STEP][PASSED] - Statement - counter = counter + 1: null

2018-11-08 15:59:15 - [TEST_STEP][PASSED] - Statement - PreSaveFile = new java.io.File(((pathPrefix + java.lang.Integer.toString(counter)) + .png)): null

2018-11-08 15:59:15 - [TEST_STEP][PASSED] - Statement - counter = counter + 1: null

2018-11-08 15:59:16 - [TEST_STEP][PASSED] - Statement - PreSaveFile = new java.io.File(((pathPrefix + java.lang.Integer.toString(counter)) + .png)): null

2018-11-08 15:59:16 - [TEST_STEP][PASSED] - Statement - counter = counter + 1: null

2018-11-08 15:59:16 - [TEST_STEP][PASSED] - Statement - PreSaveFile = new java.io.File(((pathPrefix + java.lang.Integer.toString(counter)) + .png)): null

2018-11-08 15:59:16 - [TEST_STEP][PASSED] - Statement - counter = counter + 1: null

2018-11-08 15:59:16 - [TEST_STEP][PASSED] - Statement - PreSaveFile = new java.io.File(((pathPrefix + java.lang.Integer.toString(counter)) + .png)): null

2018-11-08 15:59:16 - [TEST_STEP][PASSED] - Statement - counter = counter + 1: null

2018-11-08 15:59:16 - [TEST_STEP][PASSED] - Statement - PreSaveFile = new java.io.File(((pathPrefix + java.lang.Integer.toString(counter)) + .png)): null

2018-11-08 15:59:16 - [TEST_STEP][PASSED] - Statement - counter = counter + 1: null

2018-11-08 15:59:16 - [TEST_STEP][PASSED] - Statement - PreSaveFile = new java.io.File(((pathPrefix + java.lang.Integer.toString(counter)) + .png)): null

2018-11-08 15:59:16 - [TEST_STEP][PASSED] - Statement - counter = counter + 1: null

2018-11-08 15:59:17 - [TEST_STEP][PASSED] - Statement - PreSaveFile = new java.io.File(((pathPrefix + java.lang.Integer.toString(counter)) + .png)): null

2018-11-08 15:59:17 - [TEST_STEP][PASSED] - Statement - counter = counter + 1: null

2018-11-08 15:59:17 - [TEST_STEP][PASSED] - Statement - PreSaveFile = new java.io.File(((pathPrefix + java.lang.Integer.toString(counter)) + .png)): null

2018-11-08 15:59:17 - [TEST_STEP][PASSED] - Statement - counter = counter + 1: null

2018-11-08 15:59:17 - [TEST_STEP][PASSED] - Statement - PreSaveFile = new java.io.File(((pathPrefix + java.lang.Integer.toString(counter)) + .png)): null

2018-11-08 15:59:17 - [TEST_STEP][PASSED] - Statement - counter = counter + 1: null

2018-11-08 15:59:17 - [TEST_STEP][PASSED] - Statement - PreSaveFile = new java.io.File(((pathPrefix + java.lang.Integer.toString(counter)) + .png)): null

2018-11-08 15:59:17 - [TEST_STEP][PASSED] - Statement - counter = counter + 1: null

2018-11-08 15:59:17 - [TEST_STEP][PASSED] - Statement - PreSaveFile = new java.io.File(((pathPrefix + java.lang.Integer.toString(counter)) + .png)): null

2018-11-08 15:59:17 - [TEST_STEP][PASSED] - Statement - counter = counter + 1: null

2018-11-08 15:59:17 - [TEST_STEP][PASSED] - Statement - PreSaveFile = new java.io.File(((pathPrefix + java.lang.Integer.toString(counter)) + .png)): null

2018-11-08 15:59:17 - [TEST_STEP][PASSED] - Statement - counter = counter + 1: null

2018-11-08 15:59:17 - [TEST_STEP][PASSED] - Statement - PreSaveFile = new java.io.File(((pathPrefix + java.lang.Integer.toString(counter)) + .png)): null

2018-11-08 15:59:17 - [TEST_STEP][PASSED] - Statement - counter = counter + 1: null

2018-11-08 15:59:17 - [TEST_STEP][PASSED] - Statement - PreSaveFile = new java.io.File(((pathPrefix + java.lang.Integer.toString(counter)) + .png)): null

2018-11-08 15:59:17 - [TEST_STEP][PASSED] - Statement - counter = counter + 1: null

2018-11-08 15:59:17 - [TEST_STEP][PASSED] - Statement - PreSaveFile = new java.io.File(((pathPrefix + java.lang.Integer.toString(counter)) + .png)): null

2018-11-08 15:59:17 - [TEST_STEP][PASSED] - Statement - counter = counter + 1: null

2018-11-08 15:59:17 - [TEST_STEP][PASSED] - Statement - PreSaveFile = new java.io.File(((pathPrefix + java.lang.Integer.toString(counter)) + .png)): null

2018-11-08 15:59:17 - [TEST_STEP][PASSED] - Statement - counter = counter + 1: null

2018-11-08 15:59:17 - [TEST_STEP][PASSED] - Statement - PreSaveFile = new java.io.File(((pathPrefix + java.lang.Integer.toString(counter)) + .png)): null

2018-11-08 15:59:17 - [TEST_STEP][PASSED] - Statement - counter = counter + 1: null

2018-11-08 15:59:17 - [TEST_STEP][PASSED] - Statement - PreSaveFile = new java.io.File(((pathPrefix + java.lang.Integer.toString(counter)) + .png)): null

2018-11-08 15:59:17 - [TEST_STEP][PASSED] - Statement - counter = counter + 1: null

2018-11-08 15:59:18 - [TEST_STEP][PASSED] - Statement - PreSaveFile = new java.io.File(((pathPrefix + java.lang.Integer.toString(counter)) + .png)): null

2018-11-08 15:59:18 - [TEST_STEP][PASSED] - Statement - counter = counter + 1: null

2018-11-08 15:59:18 - [TEST_STEP][PASSED] - Statement - PreSaveFile = new java.io.File(((pathPrefix + java.lang.Integer.toString(counter)) + .png)): null

2018-11-08 15:59:18 - [TEST_STEP][PASSED] - Statement - counter = counter + 1: null

2018-11-08 15:59:18 - [TEST_STEP][PASSED] - Statement - PreSaveFile = new java.io.File(((pathPrefix + java.lang.Integer.toString(counter)) + .png)): null

2018-11-08 15:59:18 - [TEST_STEP][PASSED] - Statement - counter = counter + 1: null

2018-11-08 15:59:18 - [TEST_STEP][PASSED] - Statement - PreSaveFile = new java.io.File(((pathPrefix + java.lang.Integer.toString(counter)) + .png)): null

2018-11-08 15:59:18 - [TEST_STEP][PASSED] - Statement - counter = counter + 1: null

2018-11-08 15:59:18 - [TEST_STEP][PASSED] - Statement - PreSaveFile = new java.io.File(((pathPrefix + java.lang.Integer.toString(counter)) + .png)): null

2018-11-08 15:59:19 - [TEST_STEP][PASSED] - Statement - counter = counter + 1: null

2018-11-08 15:59:19 - [TEST_STEP][PASSED] - Statement - PreSaveFile = new java.io.File(((pathPrefix + java.lang.Integer.toString(counter)) + .png)): null

2018-11-08 15:59:19 - [TEST_STEP][PASSED] - Statement - counter = counter + 1: null

2018-11-08 15:59:19 - [TEST_STEP][PASSED] - Statement - PreSaveFile = new java.io.File(((pathPrefix + java.lang.Integer.toString(counter)) + .png)): null

2018-11-08 15:59:19 - [TEST_STEP][PASSED] - Statement - counter = counter + 1: null

2018-11-08 15:59:19 - [TEST_STEP][PASSED] - Statement - PreSaveFile = new java.io.File(((pathPrefix + java.lang.Integer.toString(counter)) + .png)): null

2018-11-08 15:59:19 - [TEST_STEP][PASSED] - Statement - counter = counter + 1: null

2018-11-08 15:59:19 - [TEST_STEP][PASSED] - Statement - PreSaveFile = new java.io.File(((pathPrefix + java.lang.Integer.toString(counter)) + .png)): null

2018-11-08 15:59:19 - [TEST_STEP][PASSED] - Statement - counter = counter + 1: null

2018-11-08 15:59:19 - [TEST_STEP][PASSED] - Statement - PreSaveFile = new java.io.File(((pathPrefix + java.lang.Integer.toString(counter)) + .png)): null

2018-11-08 15:59:19 - [TEST_STEP][PASSED] - Statement - counter = counter + 1: null

2018-11-08 15:59:19 - [TEST_STEP][PASSED] - Statement - PreSaveFile = new java.io.File(((pathPrefix + java.lang.Integer.toString(counter)) + .png)): null

2018-11-08 15:59:20 - [TEST_STEP][PASSED] - Statement - counter = counter + 1: null

2018-11-08 15:59:20 - [TEST_STEP][PASSED] - Statement - PreSaveFile = new java.io.File(((pathPrefix + java.lang.Integer.toString(counter)) + .png)): null

2018-11-08 15:59:20 - [TEST_STEP][PASSED] - Statement - counter = counter + 1: null

2018-11-08 15:59:20 - [TEST_STEP][PASSED] - Statement - PreSaveFile = new java.io.File(((pathPrefix + java.lang.Integer.toString(counter)) + .png)): null

2018-11-08 15:59:20 - [TEST_STEP][PASSED] - Statement - counter = counter + 1: null

2018-11-08 15:59:20 - [TEST_STEP][PASSED] - Statement - PreSaveFile = new java.io.File(((pathPrefix + java.lang.Integer.toString(counter)) + .png)): null

2018-11-08 15:59:20 - [TEST_STEP][PASSED] - Statement - counter = counter + 1: null

2018-11-08 15:59:20 - [TEST_STEP][PASSED] - Statement - PreSaveFile = new java.io.File(((pathPrefix + java.lang.Integer.toString(counter)) + .png)): null

2018-11-08 15:59:20 - [TEST_STEP][PASSED] - Statement - counter = counter + 1: null

2018-11-08 15:59:20 - [TEST_STEP][PASSED] - Statement - PreSaveFile = new java.io.File(((pathPrefix + java.lang.Integer.toString(counter)) + .png)): null

2018-11-08 15:59:20 - [TEST_STEP][PASSED] - Statement - counter = counter + 1: null

2018-11-08 15:59:20 - [TEST_STEP][PASSED] - Statement - PreSaveFile = new java.io.File(((pathPrefix + java.lang.Integer.toString(counter)) + .png)): null

2018-11-08 15:59:21 - [TEST_STEP][PASSED] - Statement - counter = counter + 1: null

2018-11-08 15:59:21 - [TEST_STEP][PASSED] - Statement - PreSaveFile = new java.io.File(((pathPrefix + java.lang.Integer.toString(counter)) + .png)): null

2018-11-08 15:59:21 - [TEST_STEP][PASSED] - Statement - counter = counter + 1: null

2018-11-08 15:59:21 - [TEST_STEP][PASSED] - Statement - PreSaveFile = new java.io.File(((pathPrefix + java.lang.Integer.toString(counter)) + .png)): null

2018-11-08 15:59:21 - [TEST_STEP][PASSED] - Statement - counter = counter + 1: null

2018-11-08 15:59:21 - [TEST_STEP][PASSED] - Statement - PreSaveFile = new java.io.File(((pathPrefix + java.lang.Integer.toString(counter)) + .png)): null

2018-11-08 15:59:21 - [TEST_STEP][PASSED] - Statement - counter = counter + 1: null

2018-11-08 15:59:21 - [TEST_STEP][PASSED] - Statement - PreSaveFile = new java.io.File(((pathPrefix + java.lang.Integer.toString(counter)) + .png)): null

2018-11-08 15:59:21 - [TEST_STEP][PASSED] - Statement - counter = counter + 1: null

2018-11-08 15:59:22 - [TEST_STEP][PASSED] - Statement - PreSaveFile = new java.io.File(((pathPrefix + java.lang.Integer.toString(counter)) + .png)): null

2018-11-08 15:59:22 - [TEST_STEP][PASSED] - Statement - counter = counter + 1: null

2018-11-08 15:59:22 - [TEST_STEP][PASSED] - Statement - PreSaveFile = new java.io.File(((pathPrefix + java.lang.Integer.toString(counter)) + .png)): null

2018-11-08 15:59:22 - [TEST_STEP][PASSED] - Statement - counter = counter + 1: null

2018-11-08 15:59:22 - [TEST_STEP][PASSED] - Statement - PreSaveFile = new java.io.File(((pathPrefix + java.lang.Integer.toString(counter)) + .png)): null

2018-11-08 15:59:22 - [TEST_STEP][PASSED] - Statement - counter = counter + 1: null

2018-11-08 15:59:22 - [TEST_STEP][PASSED] - Statement - PreSaveFile = new java.io.File(((pathPrefix + java.lang.Integer.toString(counter)) + .png)): null

2018-11-08 15:59:22 - [TEST_STEP][PASSED] - Statement - counter = counter + 1: null

2018-11-08 15:59:22 - [TEST_STEP][PASSED] - Statement - PreSaveFile = new java.io.File(((pathPrefix + java.lang.Integer.toString(counter)) + .png)): null

2018-11-08 15:59:22 - [TEST_STEP][PASSED] - Statement - counter = counter + 1: null

2018-11-08 15:59:22 - [TEST_STEP][PASSED] - Statement - PreSaveFile = new java.io.File(((pathPrefix + java.lang.Integer.toString(counter)) + .png)): null

2018-11-08 15:59:22 - [TEST_STEP][PASSED] - Statement - counter = counter + 1: null

2018-11-08 15:59:22 - [TEST_STEP][PASSED] - Statement - PreSaveFile = new java.io.File(((pathPrefix + java.lang.Integer.toString(counter)) + .png)): null

2018-11-08 15:59:22 - [TEST_STEP][PASSED] - Statement - counter = counter + 1: null

2018-11-08 15:59:22 - [TEST_STEP][PASSED] - Statement - PreSaveFile = new java.io.File(((pathPrefix + java.lang.Integer.toString(counter)) + .png)): null

2018-11-08 15:59:22 - [TEST_STEP][PASSED] - Statement - counter = counter + 1: null

2018-11-08 15:59:22 - [TEST_STEP][PASSED] - Statement - PreSaveFile = new java.io.File(((pathPrefix + java.lang.Integer.toString(counter)) + .png)): null

2018-11-08 15:59:22 - [TEST_STEP][PASSED] - Statement - counter = counter + 1: null

2018-11-08 15:59:22 - [TEST_STEP][PASSED] - Statement - PreSaveFile = new java.io.File(((pathPrefix + java.lang.Integer.toString(counter)) + .png)): null

2018-11-08 15:59:22 - [TEST_STEP][PASSED] - Statement - counter = counter + 1: null

2018-11-08 15:59:22 - [TEST_STEP][PASSED] - Statement - PreSaveFile = new java.io.File(((pathPrefix + java.lang.Integer.toString(counter)) + .png)): null

2018-11-08 15:59:23 - [TEST_STEP][PASSED] - Statement - counter = counter + 1: null

2018-11-08 15:59:23 - [TEST_STEP][PASSED] - Statement - PreSaveFile = new java.io.File(((pathPrefix + java.lang.Integer.toString(counter)) + .png)): null

2018-11-08 15:59:23 - [TEST_STEP][PASSED] - Statement - counter = counter + 1: null

2018-11-08 15:59:23 - [TEST_STEP][PASSED] - Statement - PreSaveFile = new java.io.File(((pathPrefix + java.lang.Integer.toString(counter)) + .png)): null

2018-11-08 15:59:23 - [TEST_STEP][PASSED] - Statement - counter = counter + 1: null

2018-11-08 15:59:23 - [TEST_STEP][PASSED] - Statement - PreSaveFile = new java.io.File(((pathPrefix + java.lang.Integer.toString(counter)) + .png)): null

2018-11-08 15:59:23 - [TEST_STEP][PASSED] - Statement - counter = counter + 1: null

2018-11-08 15:59:23 - [TEST_STEP][PASSED] - Statement - PreSaveFile = new java.io.File(((pathPrefix + java.lang.Integer.toString(counter)) + .png)): null

2018-11-08 15:59:23 - [TEST_STEP][PASSED] - Statement - counter = counter + 1: null

2018-11-08 15:59:24 - [TEST_STEP][PASSED] - Statement - PreSaveFile = new java.io.File(((pathPrefix + java.lang.Integer.toString(counter)) + .png)): null

2018-11-08 15:59:24 - [TEST_STEP][PASSED] - Statement - counter = counter + 1: null

2018-11-08 15:59:24 - [TEST_STEP][PASSED] - Statement - PreSaveFile = new java.io.File(((pathPrefix + java.lang.Integer.toString(counter)) + .png)): null

2018-11-08 15:59:24 - [TEST_STEP][PASSED] - Statement - counter = counter + 1: null

2018-11-08 15:59:24 - [TEST_STEP][PASSED] - Statement - PreSaveFile = new java.io.File(((pathPrefix + java.lang.Integer.toString(counter)) + .png)): null

2018-11-08 15:59:24 - [TEST_STEP][PASSED] - Statement - counter = counter + 1: null

2018-11-08 15:59:24 - [TEST_STEP][PASSED] - Statement - PreSaveFile = new java.io.File(((pathPrefix + java.lang.Integer.toString(counter)) + .png)): null

2018-11-08 15:59:24 - [TEST_STEP][PASSED] - Statement - counter = counter + 1: null

2018-11-08 15:59:24 - [TEST_STEP][PASSED] - Statement - PreSaveFile = new java.io.File(((pathPrefix + java.lang.Integer.toString(counter)) + .png)): null

2018-11-08 15:59:24 - [TEST_STEP][PASSED] - Statement - counter = counter + 1: null

2018-11-08 15:59:24 - [TEST_STEP][PASSED] - Statement - PreSaveFile = new java.io.File(((pathPrefix + java.lang.Integer.toString(counter)) + .png)): null

2018-11-08 15:59:24 - [TEST_STEP][PASSED] - Statement - counter = counter + 1: null

2018-11-08 15:59:25 - [TEST_STEP][PASSED] - Statement - PreSaveFile = new java.io.File(((pathPrefix + java.lang.Integer.toString(counter)) + .png)): null

2018-11-08 15:59:25 - [TEST_STEP][PASSED] - Statement - counter = counter + 1: null

2018-11-08 15:59:25 - [TEST_STEP][PASSED] - Statement - PreSaveFile = new java.io.File(((pathPrefix + java.lang.Integer.toString(counter)) + .png)): null

2018-11-08 15:59:25 - [TEST_STEP][PASSED] - Statement - counter = counter + 1: null

2018-11-08 15:59:25 - [TEST_STEP][PASSED] - Statement - PreSaveFile = new java.io.File(((pathPrefix + java.lang.Integer.toString(counter)) + .png)): null

2018-11-08 15:59:25 - [TEST_STEP][PASSED] - Statement - counter = counter + 1: null

2018-11-08 15:59:25 - [TEST_STEP][PASSED] - Statement - PreSaveFile = new java.io.File(((pathPrefix + java.lang.Integer.toString(counter)) + .png)): null

2018-11-08 15:59:25 - [TEST_STEP][PASSED] - Statement - counter = counter + 1: null

2018-11-08 15:59:25 - [TEST_STEP][PASSED] - Statement - PreSaveFile = new java.io.File(((pathPrefix + java.lang.Integer.toString(counter)) + .png)): null

2018-11-08 15:59:25 - [TEST_STEP][PASSED] - Statement - counter = counter + 1: null

2018-11-08 15:59:26 - [TEST_STEP][PASSED] - Statement - PreSaveFile = new java.io.File(((pathPrefix + java.lang.Integer.toString(counter)) + .png)): null

2018-11-08 15:59:26 - [TEST_STEP][PASSED] - Statement - counter = counter + 1: null

2018-11-08 15:59:26 - [TEST_STEP][PASSED] - Statement - PreSaveFile = new java.io.File(((pathPrefix + java.lang.Integer.toString(counter)) + .png)): null

2018-11-08 15:59:26 - [TEST_STEP][PASSED] - Statement - counter = counter + 1: null

2018-11-08 15:59:26 - [TEST_STEP][PASSED] - Statement - PreSaveFile = new java.io.File(((pathPrefix + java.lang.Integer.toString(counter)) + .png)): null

2018-11-08 15:59:26 - [TEST_STEP][PASSED] - Statement - counter = counter + 1: null

2018-11-08 15:59:26 - [TEST_STEP][PASSED] - Statement - PreSaveFile = new java.io.File(((pathPrefix + java.lang.Integer.toString(counter)) + .png)): null

2018-11-08 15:59:26 - [TEST_STEP][PASSED] - Statement - counter = counter + 1: null

2018-11-08 15:59:26 - [TEST_STEP][PASSED] - Statement - PreSaveFile = new java.io.File(((pathPrefix + java.lang.Integer.toString(counter)) + .png)): null

2018-11-08 15:59:26 - [TEST_STEP][PASSED] - Statement - counter = counter + 1: null

2018-11-08 15:59:27 - [TEST_STEP][PASSED] - Statement - PreSaveFile = new java.io.File(((pathPrefix + java.lang.Integer.toString(counter)) + .png)): null

2018-11-08 15:59:27 - [TEST_STEP][PASSED] - Statement - counter = counter + 1: null

2018-11-08 15:59:27 - [TEST_STEP][PASSED] - Statement - PreSaveFile = new java.io.File(((pathPrefix + java.lang.Integer.toString(counter)) + .png)): null

2018-11-08 15:59:27 - [TEST_STEP][PASSED] - Statement - counter = counter + 1: null

2018-11-08 15:59:27 - [TEST_STEP][PASSED] - Statement - PreSaveFile = new java.io.File(((pathPrefix + java.lang.Integer.toString(counter)) + .png)): null

2018-11-08 15:59:27 - [TEST_STEP][PASSED] - Statement - counter = counter + 1: null

2018-11-08 15:59:27 - [TEST_STEP][PASSED] - Statement - PreSaveFile = new java.io.File(((pathPrefix + java.lang.Integer.toString(counter)) + .png)): null

2018-11-08 15:59:27 - [TEST_STEP][PASSED] - Statement - counter = counter + 1: null

2018-11-08 15:59:27 - [TEST_STEP][PASSED] - Statement - PreSaveFile = new java.io.File(((pathPrefix + java.lang.Integer.toString(counter)) + .png)): null

2018-11-08 15:59:27 - [TEST_STEP][PASSED] - Statement - counter = counter + 1: null

2018-11-08 15:59:28 - [TEST_STEP][PASSED] - Statement - PreSaveFile = new java.io.File(((pathPrefix + java.lang.Integer.toString(counter)) + .png)): null

2018-11-08 15:59:28 - [TEST_STEP][PASSED] - Statement - counter = counter + 1: null

2018-11-08 15:59:28 - [TEST_STEP][PASSED] - Statement - PreSaveFile = new java.io.File(((pathPrefix + java.lang.Integer.toString(counter)) + .png)): null

2018-11-08 15:59:28 - [TEST_STEP][PASSED] - Statement - counter = counter + 1: null

2018-11-08 15:59:28 - [TEST_STEP][PASSED] - Statement - PreSaveFile = new java.io.File(((pathPrefix + java.lang.Integer.toString(counter)) + .png)): null

2018-11-08 15:59:28 - [TEST_STEP][PASSED] - Statement - counter = counter + 1: null

2018-11-08 15:59:28 - [TEST_STEP][PASSED] - Statement - PreSaveFile = new java.io.File(((pathPrefix + java.lang.Integer.toString(counter)) + .png)): null

2018-11-08 15:59:28 - [TEST_STEP][PASSED] - Statement - counter = counter + 1: null

2018-11-08 15:59:28 - [TEST_STEP][PASSED] - Statement - PreSaveFile = new java.io.File(((pathPrefix + java.lang.Integer.toString(counter)) + .png)): null

2018-11-08 15:59:28 - [TEST_STEP][PASSED] - Statement - counter = counter + 1: null

2018-11-08 15:59:29 - [TEST_STEP][PASSED] - Statement - PreSaveFile = new java.io.File(((pathPrefix + java.lang.Integer.toString(counter)) + .png)): null

2018-11-08 15:59:29 - [TEST_STEP][PASSED] - Statement - counter = counter + 1: null

2018-11-08 15:59:29 - [TEST_STEP][PASSED] - Statement - PreSaveFile = new java.io.File(((pathPrefix + java.lang.Integer.toString(counter)) + .png)): null

2018-11-08 15:59:29 - [TEST_STEP][PASSED] - Statement - counter = counter + 1: null

2018-11-08 15:59:29 - [TEST_STEP][PASSED] - Statement - PreSaveFile = new java.io.File(((pathPrefix + java.lang.Integer.toString(counter)) + .png)): null

2018-11-08 15:59:29 - [TEST_STEP][PASSED] - Statement - counter = counter + 1: null

2018-11-08 15:59:29 - [TEST_STEP][PASSED] - Statement - PreSaveFile = new java.io.File(((pathPrefix + java.lang.Integer.toString(counter)) + .png)): null

2018-11-08 15:59:29 - [TEST_STEP][PASSED] - Statement - counter = counter + 1: null

2018-11-08 15:59:29 - [TEST_STEP][PASSED] - Statement - PreSaveFile = new java.io.File(((pathPrefix + java.lang.Integer.toString(counter)) + .png)): null

2018-11-08 15:59:29 - [TEST_STEP][PASSED] - Statement - counter = counter + 1: null

2018-11-08 15:59:29 - [TEST_STEP][PASSED] - Statement - PreSaveFile = new java.io.File(((pathPrefix + java.lang.Integer.toString(counter)) + .png)): null

2018-11-08 15:59:29 - [TEST_STEP][PASSED] - Statement - counter = counter + 1: null

2018-11-08 15:59:30 - [TEST_STEP][PASSED] - Statement - PreSaveFile = new java.io.File(((pathPrefix + java.lang.Integer.toString(counter)) + .png)): null

2018-11-08 15:59:30 - [TEST_STEP][PASSED] - Statement - counter = counter + 1: null

2018-11-08 15:59:30 - [TEST_STEP][PASSED] - Statement - PreSaveFile = new java.io.File(((pathPrefix + java.lang.Integer.toString(counter)) + .png)): null

2018-11-08 15:59:30 - [TEST_STEP][PASSED] - Statement - counter = counter + 1: null

2018-11-08 15:59:30 - [TEST_STEP][PASSED] - Statement - PreSaveFile = new java.io.File(((pathPrefix + java.lang.Integer.toString(counter)) + .png)): null

2018-11-08 15:59:30 - [TEST_STEP][PASSED] - Statement - counter = counter + 1: null

2018-11-08 15:59:30 - [TEST_STEP][PASSED] - Statement - PreSaveFile = new java.io.File(((pathPrefix + java.lang.Integer.toString(counter)) + .png)): null

2018-11-08 15:59:30 - [TEST_STEP][PASSED] - Statement - counter = counter + 1: null

2018-11-08 15:59:30 - [TEST_STEP][PASSED] - Statement - PreSaveFile = new java.io.File(((pathPrefix + java.lang.Integer.toString(counter)) + .png)): null

2018-11-08 15:59:31 - [TEST_STEP][PASSED] - Statement - counter = counter + 1: null

2018-11-08 15:59:31 - [TEST_STEP][PASSED] - Statement - PreSaveFile = new java.io.File(((pathPrefix + java.lang.Integer.toString(counter)) + .png)): null

2018-11-08 15:59:31 - [TEST_STEP][PASSED] - Statement - counter = counter + 1: null

2018-11-08 15:59:31 - [TEST_STEP][PASSED] - Statement - PreSaveFile = new java.io.File(((pathPrefix + java.lang.Integer.toString(counter)) + .png)): null

2018-11-08 15:59:31 - [TEST_STEP][PASSED] - Statement - counter = counter + 1: null

2018-11-08 15:59:31 - [TEST_STEP][PASSED] - Statement - PreSaveFile = new java.io.File(((pathPrefix + java.lang.Integer.toString(counter)) + .png)): null

2018-11-08 15:59:31 - [TEST_STEP][PASSED] - Statement - counter = counter + 1: null

2018-11-08 15:59:31 - [TEST_STEP][PASSED] - Statement - PreSaveFile = new java.io.File(((pathPrefix + java.lang.Integer.toString(counter)) + .png)): null

2018-11-08 15:59:31 - [TEST_STEP][PASSED] - Statement - counter = counter + 1: null

2018-11-08 15:59:31 - [TEST_STEP][PASSED] - Statement - PreSaveFile = new java.io.File(((pathPrefix + java.lang.Integer.toString(counter)) + .png)): null

2018-11-08 15:59:31 - [TEST_STEP][PASSED] - Statement - counter = counter + 1: null

2018-11-08 15:59:32 - [TEST_STEP][PASSED] - Statement - PreSaveFile = new java.io.File(((pathPrefix + java.lang.Integer.toString(counter)) + .png)): null

2018-11-08 15:59:32 - [TEST_STEP][PASSED] - Statement - counter = counter + 1: null

2018-11-08 15:59:32 - [TEST_STEP][PASSED] - Statement - PreSaveFile = new java.io.File(((pathPrefix + java.lang.Integer.toString(counter)) + .png)): null

2018-11-08 15:59:32 - [TEST_STEP][PASSED] - Statement - counter = counter + 1: null

2018-11-08 15:59:32 - [TEST_STEP][PASSED] - Statement - PreSaveFile = new java.io.File(((pathPrefix + java.lang.Integer.toString(counter)) + .png)): null

2018-11-08 15:59:32 - [TEST_STEP][PASSED] - Statement - counter = counter + 1: null

2018-11-08 15:59:32 - [TEST_STEP][PASSED] - Statement - PreSaveFile = new java.io.File(((pathPrefix + java.lang.Integer.toString(counter)) + .png)): null

2018-11-08 15:59:32 - [TEST_STEP][PASSED] - Statement - counter = counter + 1: null

2018-11-08 15:59:32 - [TEST_STEP][PASSED] - Statement - PreSaveFile = new java.io.File(((pathPrefix + java.lang.Integer.toString(counter)) + .png)): null

2018-11-08 15:59:32 - [TEST_STEP][PASSED] - Statement - counter = counter + 1: null

2018-11-08 15:59:33 - [TEST_STEP][PASSED] - Statement - PreSaveFile = new java.io.File(((pathPrefix + java.lang.Integer.toString(counter)) + .png)): null

2018-11-08 15:59:33 - [TEST_STEP][PASSED] - Statement - counter = counter + 1: null

2018-11-08 15:59:33 - [TEST_STEP][PASSED] - Statement - PreSaveFile = new java.io.File(((pathPrefix + java.lang.Integer.toString(counter)) + .png)): null

2018-11-08 15:59:33 - [TEST_STEP][PASSED] - Statement - counter = counter + 1: null

2018-11-08 15:59:33 - [TEST_STEP][PASSED] - Statement - PreSaveFile = new java.io.File(((pathPrefix + java.lang.Integer.toString(counter)) + .png)): null

2018-11-08 15:59:33 - [TEST_STEP][PASSED] - Statement - counter = counter + 1: null

2018-11-08 15:59:33 - [TEST_STEP][PASSED] - Statement - PreSaveFile = new java.io.File(((pathPrefix + java.lang.Integer.toString(counter)) + .png)): null

2018-11-08 15:59:33 - [TEST_STEP][PASSED] - Statement - counter = counter + 1: null

2018-11-08 15:59:33 - [TEST_STEP][PASSED] - Statement - PreSaveFile = new java.io.File(((pathPrefix + java.lang.Integer.toString(counter)) + .png)): null

2018-11-08 15:59:34 - [TEST_STEP][PASSED] - Statement - finalPath = pathPrefix + java.lang.Integer.toString(counter) + ".png": null

2018-11-08 15:59:34 - [TEST_STEP][PASSED] - Statement - SaveFile = new java.io.File(finalPath): null

2018-11-08 15:59:34 - [TEST_STEP][PASSED] - Statement - Try: null

2018-11-08 15:59:34 - [TEST_STEP][PASSED] - Statement - org.apache.commons.io.FileUtils.copyFile(scrFile, SaveFile): null

2018-11-08 15:59:34 - [TEST_STEP][PASSED] - Statement - out.println("file kept"): null

2018-11-08 15:59:34 - [TEST_STEP][PASSED] - delay: Delayed 10 second(s)

2018-11-08 15:59:44 - [MESSAGE][PASSED] - Delayed 10 second(s)

2018-11-08 15:59:44 - [MESSAGE][PASSED] - Call Test Case 'Test Cases/Final Aug 2018 - PKS Automation/Registration Module/New Registration/Submit and Screenshot/Submit Registration and Screenshot' successfully

2018-11-08 15:59:44 - [TEST_STEP][PASSED] - callTestCase: Call Test Case 'Test Cases/Final Aug 2018 - PKS Automation/Registration Module/Log Out/log out avoiding katalon tagging' successfully

2018-11-08 15:59:44 - [TEST_CASE][PASSED] - Test Cases/Final Aug 2018 - PKS Automation/Registration Module/Log Out/log out avoiding katalon tagging: Test Cases/Final Aug 2018 - PKS Automation/Registration Module/Log Out/log out avoiding katalon tagging

2018-11-08 15:59:44 - [TEST_STEP][PASSED] - navigateToUrl: Navigate to 'https://assist2-uat.perkeso.gov.my/c/portal/logout' successfully

2018-11-08 15:59:46 - [MESSAGE][PASSED] - Navigate to 'https://assist2-uat.perkeso.gov.my/c/portal/logout' successfully

2018-11-08 15:59:46 - [MESSAGE][PASSED] - Call Test Case 'Test Cases/Final Aug 2018 - PKS Automation/Registration Module/Log Out/log out avoiding katalon tagging' successfully]]></system-out>
         <system-err><![CDATA[]]></system-err>
      </testcase>
      <testcase name="Test Cases/Final Aug 2018 - PKS Automation/Registration Module/Workflow/New Registration/Employer to RO - Query - Submit" classname="Test Cases/Final Aug 2018 - PKS Automation/Registration Module/Workflow/New Registration/Employer to RO - Query - Submit" status="PASSED">
         <system-out><![CDATA[2018-11-08 15:59:46 - [TEST_CASE][PASSED] - Test Cases/Final Aug 2018 - PKS Automation/Registration Module/Workflow/New Registration/Employer to RO - Query - Submit: Test Cases/Final Aug 2018 - PKS Automation/Registration Module/Workflow/New Registration/Employer to RO - Query - Submit

2018-11-08 15:59:46 - [TEST_STEP][PASSED] - callTestCase: Call Test Case 'Test Cases/Final Aug 2018 - PKS Automation/Registration Module/Workflow/New Registration/Template/Special Case - Employer - Form 1' successfully

2018-11-08 15:59:46 - [TEST_CASE][PASSED] - Test Cases/Final Aug 2018 - PKS Automation/Registration Module/Workflow/New Registration/Template/Special Case - Employer - Form 1: Test Cases/Final Aug 2018 - PKS Automation/Registration Module/Workflow/New Registration/Template/Special Case - Employer - Form 1

2018-11-08 15:59:46 - [TEST_STEP][PASSED] - callTestCase: Call Test Case 'Test Cases/Final Aug 2018 - PKS Automation/Create Employer Acc/Create Employer Account' successfully

2018-11-08 15:59:46 - [TEST_CASE][PASSED] - Test Cases/Final Aug 2018 - PKS Automation/Create Employer Acc/Create Employer Account: Test Cases/Final Aug 2018 - PKS Automation/Create Employer Acc/Create Employer Account

2018-11-08 15:59:47 - [TEST_STEP][PASSED] - callTestCase: Call Test Case 'Test Cases/Final Aug 2018 - PKS Automation/Create Employer Acc/Template/Register Employer' successfully

2018-11-08 15:59:47 - [TEST_CASE][PASSED] - Test Cases/Final Aug 2018 - PKS Automation/Create Employer Acc/Template/Register Employer: Test Cases/Final Aug 2018 - PKS Automation/Create Employer Acc/Template/Register Employer

2018-11-08 15:59:47 - [TEST_STEP][PASSED] - openBrowser: Browser is opened with url: ''

2018-11-08 15:59:47 - [MESSAGE][WARNING] - A browser is already opened. Closing browser and opening a new one

2018-11-08 15:59:52 - [MESSAGE][PASSED] - Browser is opened with url: ''

2018-11-08 15:59:52 - [TEST_STEP][PASSED] - navigateToUrl: Navigate to 'https://assist2-uat.perkeso.gov.my/login' successfully

2018-11-08 15:59:55 - [MESSAGE][PASSED] - Navigate to 'https://assist2-uat.perkeso.gov.my/login' successfully

2018-11-08 15:59:55 - [TEST_STEP][PASSED] - setText: Text 'johorotc1@gmail.com' is set on object 'Object Repository/Final Object Repo/Login Page/Internal User/Email Address'

2018-11-08 15:59:55 - [MESSAGE][PASSED] - Text 'johorotc1@gmail.com' is set on object 'Object Repository/Final Object Repo/Login Page/Internal User/Email Address'

2018-11-08 15:59:55 - [TEST_STEP][PASSED] - click: Object: 'Object Repository/Final Object Repo/Login Page/Internal User/Next Button' is clicked on

2018-11-08 15:59:56 - [MESSAGE][PASSED] - Object: 'Object Repository/Final Object Repo/Login Page/Internal User/Next Button' is clicked on

2018-11-08 15:59:56 - [TEST_STEP][PASSED] - delay: Delayed 1 second(s)

2018-11-08 15:59:57 - [MESSAGE][PASSED] - Delayed 1 second(s)

2018-11-08 15:59:57 - [TEST_STEP][PASSED] - setEncryptedText: Text ****** has been set on object 'Object Repository/Final Object Repo/Login Page/Internal User/Password'

2018-11-08 15:59:57 - [MESSAGE][PASSED] - Text ****** has been set on object 'Object Repository/Final Object Repo/Login Page/Internal User/Password'

2018-11-08 15:59:57 - [TEST_STEP][PASSED] - click: Object: 'Object Repository/Final Object Repo/Login Page/Internal User/Login Button' is clicked on

2018-11-08 16:00:01 - [MESSAGE][PASSED] - Object: 'Object Repository/Final Object Repo/Login Page/Internal User/Login Button' is clicked on

2018-11-08 16:00:01 - [TEST_STEP][PASSED] - delay: Delayed 1 second(s)

2018-11-08 16:00:02 - [MESSAGE][PASSED] - Delayed 1 second(s)

2018-11-08 16:00:02 - [TEST_STEP][PASSED] - navigateToUrl: Navigate to 'https://assist2-uat.perkeso.gov.my/web/base/portal-id/registration' successfully

2018-11-08 16:00:04 - [MESSAGE][PASSED] - Navigate to 'https://assist2-uat.perkeso.gov.my/web/base/portal-id/registration' successfully

2018-11-08 16:00:04 - [TEST_STEP][PASSED] - setText: Text 'AUTOMATION EMPLOYER' is set on object 'Object Repository/Final Object Repo/Creating Employer Account/Page_Registration - ASSIST (Base)/Employer Name'

2018-11-08 16:00:04 - [MESSAGE][PASSED] - Text 'AUTOMATION EMPLOYER' is set on object 'Object Repository/Final Object Repo/Creating Employer Account/Page_Registration - ASSIST (Base)/Employer Name'

2018-11-08 16:00:04 - [TEST_STEP][PASSED] - delay: Delayed 2 second(s)

2018-11-08 16:00:06 - [MESSAGE][PASSED] - Delayed 2 second(s)

2018-11-08 16:00:06 - [TEST_STEP][PASSED] - click: Object: 'Object Repository/Final Object Repo/Creating Employer Account/Page_Registration - ASSIST (Base)/Registration Type' is clicked on

2018-11-08 16:00:06 - [MESSAGE][PASSED] - Object: 'Object Repository/Final Object Repo/Creating Employer Account/Page_Registration - ASSIST (Base)/Registration Type' is clicked on

2018-11-08 16:00:06 - [TEST_STEP][PASSED] - delay: Delayed 2 second(s)

2018-11-08 16:00:08 - [MESSAGE][PASSED] - Delayed 2 second(s)

2018-11-08 16:00:08 - [TEST_STEP][PASSED] - click: Object: 'Object Repository/Final Object Repo/Creating Employer Account/Page_Registration - ASSIST (Base)/Registration Type - Registration No' is clicked on

2018-11-08 16:00:09 - [MESSAGE][PASSED] - Object: 'Object Repository/Final Object Repo/Creating Employer Account/Page_Registration - ASSIST (Base)/Registration Type - Registration No' is clicked on

2018-11-08 16:00:09 - [TEST_STEP][PASSED] - delay: Delayed 2 second(s)

2018-11-08 16:00:11 - [MESSAGE][PASSED] - Delayed 2 second(s)

2018-11-08 16:00:11 - [TEST_STEP][PASSED] - setText: Text '1234567890' is set on object 'Object Repository/Final Object Repo/Creating Employer Account/Page_Registration - ASSIST (Base)/Registration Number'

2018-11-08 16:00:11 - [MESSAGE][PASSED] - Text '1234567890' is set on object 'Object Repository/Final Object Repo/Creating Employer Account/Page_Registration - ASSIST (Base)/Registration Number'

2018-11-08 16:00:11 - [TEST_STEP][PASSED] - delay: Delayed 2 second(s)

2018-11-08 16:00:13 - [MESSAGE][PASSED] - Delayed 2 second(s)

2018-11-08 16:00:13 - [TEST_STEP][PASSED] - setText: Text 'ADDRESS 1' is set on object 'Object Repository/Final Object Repo/Creating Employer Account/Page_Registration - ASSIST (Base)/Postal Address 1'

2018-11-08 16:00:14 - [MESSAGE][PASSED] - Text 'ADDRESS 1' is set on object 'Object Repository/Final Object Repo/Creating Employer Account/Page_Registration - ASSIST (Base)/Postal Address 1'

2018-11-08 16:00:14 - [TEST_STEP][PASSED] - setText: Text 'ADDRESS 2' is set on object 'Object Repository/Final Object Repo/Creating Employer Account/Page_Registration - ASSIST (Base)/Postal Address 2'

2018-11-08 16:00:14 - [MESSAGE][PASSED] - Text 'ADDRESS 2' is set on object 'Object Repository/Final Object Repo/Creating Employer Account/Page_Registration - ASSIST (Base)/Postal Address 2'

2018-11-08 16:00:14 - [TEST_STEP][PASSED] - click: Object: 'Object Repository/Final Object Repo/Creating Employer Account/Page_Registration - ASSIST (Base)/State' is clicked on

2018-11-08 16:00:14 - [MESSAGE][PASSED] - Object: 'Object Repository/Final Object Repo/Creating Employer Account/Page_Registration - ASSIST (Base)/State' is clicked on

2018-11-08 16:00:14 - [TEST_STEP][PASSED] - delay: Delayed 2 second(s)

2018-11-08 16:00:16 - [MESSAGE][PASSED] - Delayed 2 second(s)

2018-11-08 16:00:16 - [TEST_STEP][PASSED] - click: Object: 'Object Repository/Final Object Repo/Creating Employer Account/Page_Registration - ASSIST (Base)/State - Johor' is clicked on

2018-11-08 16:00:17 - [MESSAGE][PASSED] - Object: 'Object Repository/Final Object Repo/Creating Employer Account/Page_Registration - ASSIST (Base)/State - Johor' is clicked on

2018-11-08 16:00:17 - [TEST_STEP][PASSED] - delay: Delayed 2 second(s)

2018-11-08 16:00:19 - [MESSAGE][PASSED] - Delayed 2 second(s)

2018-11-08 16:00:19 - [TEST_STEP][PASSED] - click: Object: 'Object Repository/Final Object Repo/Creating Employer Account/Page_Registration - ASSIST (Base)/City' is clicked on

2018-11-08 16:00:19 - [MESSAGE][PASSED] - Object: 'Object Repository/Final Object Repo/Creating Employer Account/Page_Registration - ASSIST (Base)/City' is clicked on

2018-11-08 16:00:19 - [TEST_STEP][PASSED] - delay: Delayed 2 second(s)

2018-11-08 16:00:21 - [MESSAGE][PASSED] - Delayed 2 second(s)

2018-11-08 16:00:21 - [TEST_STEP][PASSED] - setText: Text 'joh' is set on object 'Object Repository/Final Object Repo/Creating Employer Account/Page_Registration - ASSIST (Base)/City - joh'

2018-11-08 16:00:21 - [MESSAGE][PASSED] - Text 'joh' is set on object 'Object Repository/Final Object Repo/Creating Employer Account/Page_Registration - ASSIST (Base)/City - joh'

2018-11-08 16:00:21 - [TEST_STEP][PASSED] - delay: Delayed 2 second(s)

2018-11-08 16:00:23 - [MESSAGE][PASSED] - Delayed 2 second(s)

2018-11-08 16:00:23 - [TEST_STEP][PASSED] - click: Object: 'Object Repository/Final Object Repo/Creating Employer Account/Page_Registration - ASSIST (Base)/City - Johor Bharu' is clicked on

2018-11-08 16:00:24 - [MESSAGE][PASSED] - Object: 'Object Repository/Final Object Repo/Creating Employer Account/Page_Registration - ASSIST (Base)/City - Johor Bharu' is clicked on

2018-11-08 16:00:24 - [TEST_STEP][PASSED] - delay: Delayed 2 second(s)

2018-11-08 16:00:26 - [MESSAGE][PASSED] - Delayed 2 second(s)

2018-11-08 16:00:26 - [TEST_STEP][PASSED] - click: Object: 'Object Repository/Final Object Repo/Creating Employer Account/Page_Registration - ASSIST (Base)/Post Code' is clicked on

2018-11-08 16:00:27 - [MESSAGE][PASSED] - Object: 'Object Repository/Final Object Repo/Creating Employer Account/Page_Registration - ASSIST (Base)/Post Code' is clicked on

2018-11-08 16:00:27 - [TEST_STEP][PASSED] - delay: Delayed 2 second(s)

2018-11-08 16:00:29 - [MESSAGE][PASSED] - Delayed 2 second(s)

2018-11-08 16:00:29 - [TEST_STEP][PASSED] - setText: Text '810' is set on object 'Object Repository/Final Object Repo/Creating Employer Account/Page_Registration - ASSIST (Base)/Post Code - 810'

2018-11-08 16:00:29 - [MESSAGE][PASSED] - Text '810' is set on object 'Object Repository/Final Object Repo/Creating Employer Account/Page_Registration - ASSIST (Base)/Post Code - 810'

2018-11-08 16:00:29 - [TEST_STEP][PASSED] - delay: Delayed 2 second(s)

2018-11-08 16:00:31 - [MESSAGE][PASSED] - Delayed 2 second(s)

2018-11-08 16:00:31 - [TEST_STEP][PASSED] - click: Object: 'Object Repository/Final Object Repo/Creating Employer Account/Page_Registration - ASSIST (Base)/Post Code - 81000' is clicked on

2018-11-08 16:00:32 - [MESSAGE][PASSED] - Object: 'Object Repository/Final Object Repo/Creating Employer Account/Page_Registration - ASSIST (Base)/Post Code - 81000' is clicked on

2018-11-08 16:00:32 - [TEST_STEP][PASSED] - delay: Delayed 2 second(s)

2018-11-08 16:00:34 - [MESSAGE][PASSED] - Delayed 2 second(s)

2018-11-08 16:00:34 - [TEST_STEP][PASSED] - setText: Text 'PERKESO' is set on object 'Object Repository/Final Object Repo/Creating Employer Account/Page_Registration - ASSIST (Base)/Full Name'

2018-11-08 16:00:34 - [MESSAGE][PASSED] - Text 'PERKESO' is set on object 'Object Repository/Final Object Repo/Creating Employer Account/Page_Registration - ASSIST (Base)/Full Name'

2018-11-08 16:00:34 - [TEST_STEP][PASSED] - Statement - rnd = new java.util.Random(): null

2018-11-08 16:00:34 - [TEST_STEP][PASSED] - Statement - snum = rnd.nextInt(899999 + 1) + 100000: null

2018-11-08 16:00:34 - [TEST_STEP][PASSED] - Statement - tnum = rnd.nextInt(899999 + 1) + 100000: null

2018-11-08 16:00:34 - [TEST_STEP][PASSED] - Statement - IC = java.lang.Integer.toString(snum) + java.lang.Integer.toString(tnum): null

2018-11-08 16:00:34 - [TEST_STEP][PASSED] - Statement - out.println(IC): null

2018-11-08 16:00:34 - [TEST_STEP][PASSED] - setText: Text '182193170717' is set on object 'Object Repository/Final Object Repo/Creating Employer Account/Page_Registration - ASSIST (Base)/Identification Number'

2018-11-08 16:00:34 - [MESSAGE][PASSED] - Text '182193170717' is set on object 'Object Repository/Final Object Repo/Creating Employer Account/Page_Registration - ASSIST (Base)/Identification Number'

2018-11-08 16:00:34 - [TEST_STEP][PASSED] - delay: Delayed 2 second(s)

2018-11-08 16:00:36 - [MESSAGE][PASSED] - Delayed 2 second(s)

2018-11-08 16:00:36 - [TEST_STEP][PASSED] - setText: Text '123456789012' is set on object 'Object Repository/Final Object Repo/Creating Employer Account/Page_Registration - ASSIST (Base)/Contact Number'

2018-11-08 16:00:36 - [MESSAGE][PASSED] - Text '123456789012' is set on object 'Object Repository/Final Object Repo/Creating Employer Account/Page_Registration - ASSIST (Base)/Contact Number'

2018-11-08 16:00:36 - [TEST_STEP][PASSED] - Statement - Email = "perkeso" + IC + "@gmail.com": null

2018-11-08 16:00:36 - [TEST_STEP][PASSED] - delay: Delayed 2 second(s)

2018-11-08 16:00:38 - [MESSAGE][PASSED] - Delayed 2 second(s)

2018-11-08 16:00:38 - [TEST_STEP][PASSED] - callTestCase: Call Test Case 'Test Cases/Final Aug 2018 - PKS Automation/Create Employer Acc/Template/Employer Email Settler' successfully

2018-11-08 16:00:38 - [TEST_CASE][PASSED] - Test Cases/Final Aug 2018 - PKS Automation/Create Employer Acc/Template/Employer Email Settler: Test Cases/Final Aug 2018 - PKS Automation/Create Employer Acc/Template/Employer Email Settler

2018-11-08 16:00:38 - [TEST_STEP][PASSED] - Statement - EmpEmailOld = new java.io.File(C://EmpEmail.txt): null

2018-11-08 16:00:38 - [TEST_STEP][PASSED] - Statement - EmpEmailOld.delete(): null

2018-11-08 16:00:38 - [TEST_STEP][PASSED] - Statement - EmpEmail = new java.io.File(C://EmpEmail.txt): null

2018-11-08 16:00:38 - [TEST_STEP][PASSED] - Statement - EmpEmail.append(Email): null

2018-11-08 16:00:38 - [TEST_STEP][PASSED] - Statement - out.println(Email): null

2018-11-08 16:00:38 - [MESSAGE][PASSED] - Call Test Case 'Test Cases/Final Aug 2018 - PKS Automation/Create Employer Acc/Template/Employer Email Settler' successfully

2018-11-08 16:00:38 - [TEST_STEP][PASSED] - delay: Delayed 2 second(s)

2018-11-08 16:00:40 - [MESSAGE][PASSED] - Delayed 2 second(s)

2018-11-08 16:00:40 - [TEST_STEP][PASSED] - setText: Text 'perkeso182193170717@gmail.com' is set on object 'Object Repository/Final Object Repo/Creating Employer Account/Page_Registration - ASSIST (Base)/Email'

2018-11-08 16:00:41 - [MESSAGE][PASSED] - Text 'perkeso182193170717@gmail.com' is set on object 'Object Repository/Final Object Repo/Creating Employer Account/Page_Registration - ASSIST (Base)/Email'

2018-11-08 16:00:41 - [TEST_STEP][PASSED] - setText: Text '123' is set on object 'Object Repository/Final Object Repo/Creating Employer Account/Page_Registration - ASSIST (Base)/Security Phase'

2018-11-08 16:00:41 - [MESSAGE][PASSED] - Text '123' is set on object 'Object Repository/Final Object Repo/Creating Employer Account/Page_Registration - ASSIST (Base)/Security Phase'

2018-11-08 16:00:41 - [TEST_STEP][PASSED] - click: Object: 'Object Repository/Final Object Repo/Creating Employer Account/Page_Registration - ASSIST (Base)/Save  Continue' is clicked on

2018-11-08 16:00:43 - [MESSAGE][PASSED] - Object: 'Object Repository/Final Object Repo/Creating Employer Account/Page_Registration - ASSIST (Base)/Save  Continue' is clicked on

2018-11-08 16:00:43 - [TEST_STEP][PASSED] - delay: Delayed 2 second(s)

2018-11-08 16:00:45 - [MESSAGE][PASSED] - Delayed 2 second(s)

2018-11-08 16:00:45 - [TEST_STEP][PASSED] - click: Object: 'Object Repository/Final Object Repo/Creating Employer Account/Page_Registration - ASSIST (Base)/Add Document' is clicked on

2018-11-08 16:00:45 - [MESSAGE][PASSED] - Object: 'Object Repository/Final Object Repo/Creating Employer Account/Page_Registration - ASSIST (Base)/Add Document' is clicked on

2018-11-08 16:00:45 - [TEST_STEP][PASSED] - delay: Delayed 2 second(s)

2018-11-08 16:00:47 - [MESSAGE][PASSED] - Delayed 2 second(s)

2018-11-08 16:00:47 - [TEST_STEP][PASSED] - click: Object: 'Object Repository/Final Object Repo/Creating Employer Account/Page_Registration - ASSIST (Base)/Document Type' is clicked on

2018-11-08 16:00:48 - [MESSAGE][PASSED] - Object: 'Object Repository/Final Object Repo/Creating Employer Account/Page_Registration - ASSIST (Base)/Document Type' is clicked on

2018-11-08 16:00:48 - [TEST_STEP][PASSED] - delay: Delayed 2 second(s)

2018-11-08 16:00:50 - [MESSAGE][PASSED] - Delayed 2 second(s)

2018-11-08 16:00:50 - [TEST_STEP][PASSED] - click: Object: 'Object Repository/Final Object Repo/Creating Employer Account/Page_Registration - ASSIST (Base)/Document Type - Letter of Authorization' is clicked on

2018-11-08 16:00:50 - [MESSAGE][PASSED] - Object: 'Object Repository/Final Object Repo/Creating Employer Account/Page_Registration - ASSIST (Base)/Document Type - Letter of Authorization' is clicked on

2018-11-08 16:00:50 - [TEST_STEP][PASSED] - delay: Delayed 2 second(s)

2018-11-08 16:00:52 - [MESSAGE][PASSED] - Delayed 2 second(s)

2018-11-08 16:00:52 - [TEST_STEP][PASSED] - sendKeys: Keys 'C:\Users\Public\Pictures\Sample Pictures\Act.jpg' sent to object: 'Object Repository/Final Object Repo/Creating Employer Account/Page_Registration - ASSIST (Base)/Uploading File'

2018-11-08 16:00:53 - [MESSAGE][PASSED] - Keys 'C:\Users\Public\Pictures\Sample Pictures\Act.jpg' sent to object: 'Object Repository/Final Object Repo/Creating Employer Account/Page_Registration - ASSIST (Base)/Uploading File'

2018-11-08 16:00:53 - [TEST_STEP][PASSED] - delay: Delayed 2 second(s)

2018-11-08 16:00:55 - [MESSAGE][PASSED] - Delayed 2 second(s)

2018-11-08 16:00:55 - [TEST_STEP][PASSED] - click: Object: 'Object Repository/Final Object Repo/Creating Employer Account/Page_Registration - ASSIST (Base)/Add Document in Uploading File' is clicked on

2018-11-08 16:00:57 - [MESSAGE][PASSED] - Object: 'Object Repository/Final Object Repo/Creating Employer Account/Page_Registration - ASSIST (Base)/Add Document in Uploading File' is clicked on

2018-11-08 16:00:57 - [TEST_STEP][PASSED] - delay: Delayed 2 second(s)

2018-11-08 16:00:59 - [MESSAGE][PASSED] - Delayed 2 second(s)

2018-11-08 16:00:59 - [TEST_STEP][PASSED] - click: Object: 'Object Repository/Final Object Repo/Creating Employer Account/Page_Registration - ASSIST (Base)/Save' is clicked on

2018-11-08 16:01:01 - [MESSAGE][PASSED] - Object: 'Object Repository/Final Object Repo/Creating Employer Account/Page_Registration - ASSIST (Base)/Save' is clicked on

2018-11-08 16:01:01 - [TEST_STEP][PASSED] - delay: Delayed 2 second(s)

2018-11-08 16:01:03 - [MESSAGE][PASSED] - Delayed 2 second(s)

2018-11-08 16:01:03 - [TEST_STEP][PASSED] - click: Object: 'Object Repository/Final Object Repo/Creating Employer Account/Page_Registration - ASSIST (Base)/Submit' is clicked on

2018-11-08 16:01:04 - [MESSAGE][PASSED] - Object: 'Object Repository/Final Object Repo/Creating Employer Account/Page_Registration - ASSIST (Base)/Submit' is clicked on

2018-11-08 16:01:04 - [TEST_STEP][PASSED] - delay: Delayed 2 second(s)

2018-11-08 16:01:06 - [MESSAGE][PASSED] - Delayed 2 second(s)

2018-11-08 16:01:06 - [TEST_STEP][PASSED] - click: Object: 'Object Repository/Final Object Repo/Creating Employer Account/Page_Registration - ASSIST (Base)/Confirm' is clicked on

2018-11-08 16:01:06 - [MESSAGE][PASSED] - Object: 'Object Repository/Final Object Repo/Creating Employer Account/Page_Registration - ASSIST (Base)/Confirm' is clicked on

2018-11-08 16:01:06 - [MESSAGE][PASSED] - Call Test Case 'Test Cases/Final Aug 2018 - PKS Automation/Create Employer Acc/Template/Register Employer' successfully

2018-11-08 16:01:06 - [TEST_STEP][PASSED] - delay: Delayed 1 second(s)

2018-11-08 16:01:07 - [MESSAGE][PASSED] - Delayed 1 second(s)

2018-11-08 16:01:07 - [TEST_STEP][PASSED] - navigateToUrl: Navigate to 'https://assist2-uat.perkeso.gov.my/c/portal/logout' successfully

2018-11-08 16:01:09 - [MESSAGE][PASSED] - Navigate to 'https://assist2-uat.perkeso.gov.my/c/portal/logout' successfully

2018-11-08 16:01:09 - [TEST_STEP][PASSED] - delay: Delayed 1 second(s)

2018-11-08 16:01:10 - [MESSAGE][PASSED] - Delayed 1 second(s)

2018-11-08 16:01:10 - [TEST_STEP][PASSED] - callTestCase: Call Test Case 'Test Cases/Final Aug 2018 - PKS Automation/Create Employer Acc/Template/Change Password of Employer' successfully

2018-11-08 16:01:10 - [TEST_CASE][PASSED] - Test Cases/Final Aug 2018 - PKS Automation/Create Employer Acc/Template/Change Password of Employer: Test Cases/Final Aug 2018 - PKS Automation/Create Employer Acc/Template/Change Password of Employer

2018-11-08 16:01:10 - [TEST_STEP][PASSED] - openBrowser: Browser is opened with url: ''

2018-11-08 16:01:10 - [MESSAGE][WARNING] - A browser is already opened. Closing browser and opening a new one

2018-11-08 16:01:16 - [MESSAGE][PASSED] - Browser is opened with url: ''

2018-11-08 16:01:16 - [TEST_STEP][PASSED] - navigateToUrl: Navigate to 'https://assist2-uat.perkeso.gov.my/login' successfully

2018-11-08 16:01:19 - [MESSAGE][PASSED] - Navigate to 'https://assist2-uat.perkeso.gov.my/login' successfully

2018-11-08 16:01:19 - [TEST_STEP][PASSED] - delay: Delayed 5 second(s)

2018-11-08 16:01:24 - [MESSAGE][PASSED] - Delayed 5 second(s)

2018-11-08 16:01:24 - [TEST_STEP][PASSED] - setText: Text 'test@liferay.com' is set on object 'Object Repository/Final Object Repo/Login Page/Internal User/Email Address'

2018-11-08 16:01:24 - [MESSAGE][PASSED] - Text 'test@liferay.com' is set on object 'Object Repository/Final Object Repo/Login Page/Internal User/Email Address'

2018-11-08 16:01:24 - [TEST_STEP][PASSED] - click: Object: 'Object Repository/Final Object Repo/Login Page/Internal User/Next Button' is clicked on

2018-11-08 16:01:24 - [MESSAGE][PASSED] - Object: 'Object Repository/Final Object Repo/Login Page/Internal User/Next Button' is clicked on

2018-11-08 16:01:24 - [TEST_STEP][PASSED] - delay: Delayed 2 second(s)

2018-11-08 16:01:26 - [MESSAGE][PASSED] - Delayed 2 second(s)

2018-11-08 16:01:26 - [TEST_STEP][PASSED] - setText: Text 'test' is set on object 'Object Repository/Final Object Repo/Login Page/Internal User/Password'

2018-11-08 16:01:26 - [MESSAGE][PASSED] - Text 'test' is set on object 'Object Repository/Final Object Repo/Login Page/Internal User/Password'

2018-11-08 16:01:26 - [TEST_STEP][PASSED] - delay: Delayed 2 second(s)

2018-11-08 16:01:28 - [MESSAGE][PASSED] - Delayed 2 second(s)

2018-11-08 16:01:28 - [TEST_STEP][PASSED] - click: Object: 'Object Repository/Final Object Repo/Login Page/Internal User/Login Button' is clicked on

2018-11-08 16:01:32 - [MESSAGE][PASSED] - Object: 'Object Repository/Final Object Repo/Login Page/Internal User/Login Button' is clicked on

2018-11-08 16:01:32 - [TEST_STEP][PASSED] - delay: Delayed 3 second(s)

2018-11-08 16:01:35 - [MESSAGE][PASSED] - Delayed 3 second(s)

2018-11-08 16:01:35 - [TEST_STEP][PASSED] - navigateToUrl: Navigate to 'https://assist2-uat.perkeso.gov.my/group/control_panel/manage?p_p_id=125&p_p_lifecycle=0&p_p_state=maximized&p_p_mode=view&refererPlid=20455&_125_usersListView=flat-users&_125_toolbarItem=view-all-users&_125_saveUsersListView=true&_125_struts_action=%2Fusers_admin%2Fview' successfully

2018-11-08 16:01:39 - [MESSAGE][PASSED] - Navigate to 'https://assist2-uat.perkeso.gov.my/group/control_panel/manage?p_p_id=125&p_p_lifecycle=0&p_p_state=maximized&p_p_mode=view&refererPlid=20455&_125_usersListView=flat-users&_125_toolbarItem=view-all-users&_125_saveUsersListView=true&_125_struts_action=%2Fusers_admin%2Fview' successfully

2018-11-08 16:01:39 - [TEST_STEP][PASSED] - delay: Delayed 3 second(s)

2018-11-08 16:01:42 - [MESSAGE][PASSED] - Delayed 3 second(s)

2018-11-08 16:01:42 - [TEST_STEP][PASSED] - setText: Text 'perkeso182193170717@gmail.com' is set on object 'Object Repository/Final Object Repo/Creating Employer Account/Page_Users and Organizations - ASSIST/Employer name'

2018-11-08 16:01:42 - [MESSAGE][PASSED] - Text 'perkeso182193170717@gmail.com' is set on object 'Object Repository/Final Object Repo/Creating Employer Account/Page_Users and Organizations - ASSIST/Employer name'

2018-11-08 16:01:42 - [TEST_STEP][PASSED] - delay: Delayed 3 second(s)

2018-11-08 16:01:45 - [MESSAGE][PASSED] - Delayed 3 second(s)

2018-11-08 16:01:45 - [TEST_STEP][PASSED] - click: Object: 'Object Repository/Final Object Repo/Creating Employer Account/Page_Users and Organizations - ASSIST/Search' is clicked on

2018-11-08 16:01:47 - [MESSAGE][PASSED] - Object: 'Object Repository/Final Object Repo/Creating Employer Account/Page_Users and Organizations - ASSIST/Search' is clicked on

2018-11-08 16:01:47 - [TEST_STEP][PASSED] - delay: Delayed 3 second(s)

2018-11-08 16:01:50 - [MESSAGE][PASSED] - Delayed 3 second(s)

2018-11-08 16:01:50 - [TEST_STEP][PASSED] - click: Object: 'Object Repository/Final Object Repo/Creating Employer Account/Page_Users and Organizations - ASSIST/Action' is clicked on

2018-11-08 16:01:50 - [MESSAGE][PASSED] - Object: 'Object Repository/Final Object Repo/Creating Employer Account/Page_Users and Organizations - ASSIST/Action' is clicked on

2018-11-08 16:01:50 - [TEST_STEP][PASSED] - delay: Delayed 3 second(s)

2018-11-08 16:01:53 - [MESSAGE][PASSED] - Delayed 3 second(s)

2018-11-08 16:01:53 - [TEST_STEP][PASSED] - click: Object: 'Object Repository/Final Object Repo/Creating Employer Account/Page_Users and Organizations - ASSIST/Edit' is clicked on

2018-11-08 16:01:55 - [MESSAGE][PASSED] - Object: 'Object Repository/Final Object Repo/Creating Employer Account/Page_Users and Organizations - ASSIST/Edit' is clicked on

2018-11-08 16:01:55 - [TEST_STEP][PASSED] - delay: Delayed 3 second(s)

2018-11-08 16:01:58 - [MESSAGE][PASSED] - Delayed 3 second(s)

2018-11-08 16:01:58 - [TEST_STEP][PASSED] - click: Object: 'Object Repository/Final Object Repo/Creating Employer Account/Page_PERKESO - Users and Organizati/a_Password (Modified)' is clicked on

2018-11-08 16:01:58 - [MESSAGE][PASSED] - Object: 'Object Repository/Final Object Repo/Creating Employer Account/Page_PERKESO - Users and Organizati/a_Password (Modified)' is clicked on

2018-11-08 16:01:58 - [TEST_STEP][PASSED] - delay: Delayed 3 second(s)

2018-11-08 16:02:01 - [MESSAGE][PASSED] - Delayed 3 second(s)

2018-11-08 16:02:01 - [TEST_STEP][PASSED] - setEncryptedText: Text ****** has been set on object 'Object Repository/Final Object Repo/Creating Employer Account/Page_PERKESO - Users and Organizati/input__125_password1'

2018-11-08 16:02:01 - [MESSAGE][PASSED] - Text ****** has been set on object 'Object Repository/Final Object Repo/Creating Employer Account/Page_PERKESO - Users and Organizati/input__125_password1'

2018-11-08 16:02:01 - [TEST_STEP][PASSED] - delay: Delayed 3 second(s)

2018-11-08 16:02:04 - [MESSAGE][PASSED] - Delayed 3 second(s)

2018-11-08 16:02:04 - [TEST_STEP][PASSED] - setEncryptedText: Text ****** has been set on object 'Object Repository/Final Object Repo/Creating Employer Account/Page_PERKESO - Users and Organizati/input__125_password2'

2018-11-08 16:02:05 - [MESSAGE][PASSED] - Text ****** has been set on object 'Object Repository/Final Object Repo/Creating Employer Account/Page_PERKESO - Users and Organizati/input__125_password2'

2018-11-08 16:02:05 - [TEST_STEP][PASSED] - delay: Delayed 3 second(s)

2018-11-08 16:02:08 - [MESSAGE][PASSED] - Delayed 3 second(s)

2018-11-08 16:02:08 - [TEST_STEP][PASSED] - click: Object: 'Object Repository/Final Object Repo/Creating Employer Account/Page_PERKESO - Users and Organizati/Save' is clicked on

2018-11-08 16:02:10 - [MESSAGE][PASSED] - Object: 'Object Repository/Final Object Repo/Creating Employer Account/Page_PERKESO - Users and Organizati/Save' is clicked on

2018-11-08 16:02:10 - [MESSAGE][PASSED] - Call Test Case 'Test Cases/Final Aug 2018 - PKS Automation/Create Employer Acc/Template/Change Password of Employer' successfully

2018-11-08 16:02:10 - [TEST_STEP][PASSED] - delay: Delayed 1 second(s)

2018-11-08 16:02:11 - [MESSAGE][PASSED] - Delayed 1 second(s)

2018-11-08 16:02:11 - [TEST_STEP][PASSED] - navigateToUrl: Navigate to 'https://assist2-uat.perkeso.gov.my/c/portal/logout' successfully

2018-11-08 16:02:12 - [MESSAGE][PASSED] - Navigate to 'https://assist2-uat.perkeso.gov.my/c/portal/logout' successfully

2018-11-08 16:02:12 - [TEST_STEP][PASSED] - delay: Delayed 1 second(s)

2018-11-08 16:02:13 - [MESSAGE][PASSED] - Delayed 1 second(s)

2018-11-08 16:02:13 - [TEST_STEP][PASSED] - callTestCase: Call Test Case 'Test Cases/Final Aug 2018 - PKS Automation/Create Employer Acc/Template/Login to Employer Account (First Time)' successfully

2018-11-08 16:02:13 - [TEST_CASE][PASSED] - Test Cases/Final Aug 2018 - PKS Automation/Create Employer Acc/Template/Login to Employer Account (First Time): Test Cases/Final Aug 2018 - PKS Automation/Create Employer Acc/Template/Login to Employer Account (First Time)

2018-11-08 16:02:14 - [TEST_STEP][PASSED] - openBrowser: Browser is opened with url: ''

2018-11-08 16:02:14 - [MESSAGE][WARNING] - A browser is already opened. Closing browser and opening a new one

2018-11-08 16:02:19 - [MESSAGE][PASSED] - Browser is opened with url: ''

2018-11-08 16:02:19 - [TEST_STEP][PASSED] - navigateToUrl: Navigate to 'https://assist2-uat.perkeso.gov.my/employer/login' successfully

2018-11-08 16:02:22 - [MESSAGE][PASSED] - Navigate to 'https://assist2-uat.perkeso.gov.my/employer/login' successfully

2018-11-08 16:02:22 - [TEST_STEP][PASSED] - delay: Delayed 3 second(s)

2018-11-08 16:02:25 - [MESSAGE][PASSED] - Delayed 3 second(s)

2018-11-08 16:02:25 - [TEST_STEP][PASSED] - callTestCase: Call Test Case 'Test Cases/Final Aug 2018 - PKS Automation/Create Employer Acc/Template/Employer Email Getter' successfully

2018-11-08 16:02:25 - [TEST_CASE][PASSED] - Test Cases/Final Aug 2018 - PKS Automation/Create Employer Acc/Template/Employer Email Getter: Test Cases/Final Aug 2018 - PKS Automation/Create Employer Acc/Template/Employer Email Getter

2018-11-08 16:02:26 - [TEST_STEP][PASSED] - Statement - Try: null

2018-11-08 16:02:26 - [TEST_STEP][PASSED] - Statement - EmpEmail = new java.io.File(C://EmpEmail.txt): null

2018-11-08 16:02:26 - [TEST_STEP][PASSED] - Statement - bufferread = new java.io.BufferedReader(new java.io.FileReader(EmpEmail)): null

2018-11-08 16:02:26 - [TEST_STEP][PASSED] - Statement - readedVal = bufferread.readLine(): null

2018-11-08 16:02:26 - [TEST_STEP][PASSED] - Statement - out.println(readedVal): null

2018-11-08 16:02:26 - [TEST_STEP][PASSED] - Statement - Email = readedVal: null

2018-11-08 16:02:26 - [MESSAGE][PASSED] - Call Test Case 'Test Cases/Final Aug 2018 - PKS Automation/Create Employer Acc/Template/Employer Email Getter' successfully

2018-11-08 16:02:26 - [TEST_STEP][PASSED] - setText: Text 'perkeso182193170717@gmail.com' is set on object 'Object Repository/Final Object Repo/Login Page/External Login Page/Email'

2018-11-08 16:02:26 - [MESSAGE][PASSED] - Text 'perkeso182193170717@gmail.com' is set on object 'Object Repository/Final Object Repo/Login Page/External Login Page/Email'

2018-11-08 16:02:26 - [TEST_STEP][PASSED] - click: Object: 'Object Repository/Final Object Repo/Login Page/External Login Page/Next' is clicked on

2018-11-08 16:02:26 - [MESSAGE][PASSED] - Object: 'Object Repository/Final Object Repo/Login Page/External Login Page/Next' is clicked on

2018-11-08 16:02:26 - [TEST_STEP][PASSED] - delay: Delayed 3 second(s)

2018-11-08 16:02:29 - [MESSAGE][PASSED] - Delayed 3 second(s)

2018-11-08 16:02:29 - [TEST_STEP][PASSED] - setEncryptedText: Text ****** has been set on object 'Object Repository/Final Object Repo/Login Page/External Login Page/Password'

2018-11-08 16:02:29 - [MESSAGE][PASSED] - Text ****** has been set on object 'Object Repository/Final Object Repo/Login Page/External Login Page/Password'

2018-11-08 16:02:29 - [TEST_STEP][PASSED] - click: Object: 'Object Repository/Final Object Repo/Login Page/External Login Page/Login' is clicked on

2018-11-08 16:02:34 - [MESSAGE][PASSED] - Object: 'Object Repository/Final Object Repo/Login Page/External Login Page/Login' is clicked on

2018-11-08 16:02:34 - [TEST_STEP][PASSED] - delay: Delayed 3 second(s)

2018-11-08 16:02:37 - [MESSAGE][PASSED] - Delayed 3 second(s)

2018-11-08 16:02:37 - [TEST_STEP][PASSED] - click: Object: 'Object Repository/Final Object Repo/Creating Employer Account/Page_Terms of Use - ASSIST/button_I Agree' is clicked on

2018-11-08 16:02:38 - [MESSAGE][PASSED] - Object: 'Object Repository/Final Object Repo/Creating Employer Account/Page_Terms of Use - ASSIST/button_I Agree' is clicked on

2018-11-08 16:02:38 - [TEST_STEP][PASSED] - delay: Delayed 2 second(s)

2018-11-08 16:02:40 - [MESSAGE][PASSED] - Delayed 2 second(s)

2018-11-08 16:02:40 - [TEST_STEP][PASSED] - setEncryptedText: Text ****** has been set on object 'Object Repository/Final Object Repo/Creating Employer Account/Page_New Password - ASSIST/input_password1'

2018-11-08 16:02:40 - [MESSAGE][PASSED] - Text ****** has been set on object 'Object Repository/Final Object Repo/Creating Employer Account/Page_New Password - ASSIST/input_password1'

2018-11-08 16:02:40 - [TEST_STEP][PASSED] - setEncryptedText: Text ****** has been set on object 'Object Repository/Final Object Repo/Creating Employer Account/Page_New Password - ASSIST/input_password2'

2018-11-08 16:02:40 - [MESSAGE][PASSED] - Text ****** has been set on object 'Object Repository/Final Object Repo/Creating Employer Account/Page_New Password - ASSIST/input_password2'

2018-11-08 16:02:40 - [TEST_STEP][PASSED] - delay: Delayed 2 second(s)

2018-11-08 16:02:42 - [MESSAGE][PASSED] - Delayed 2 second(s)

2018-11-08 16:02:42 - [TEST_STEP][PASSED] - click: Object: 'Object Repository/Final Object Repo/Creating Employer Account/Page_New Password - ASSIST/Save' is clicked on

2018-11-08 16:02:45 - [MESSAGE][PASSED] - Object: 'Object Repository/Final Object Repo/Creating Employer Account/Page_New Password - ASSIST/Save' is clicked on

2018-11-08 16:02:45 - [TEST_STEP][PASSED] - delay: Delayed 2 second(s)

2018-11-08 16:02:47 - [MESSAGE][PASSED] - Delayed 2 second(s)

2018-11-08 16:02:47 - [TEST_STEP][PASSED] - setText: Text 'test' is set on object 'Object Repository/Final Object Repo/Creating Employer Account/Page_Password Reminder - ASSIST/Reminder Query Answer'

2018-11-08 16:02:47 - [MESSAGE][PASSED] - Text 'test' is set on object 'Object Repository/Final Object Repo/Creating Employer Account/Page_Password Reminder - ASSIST/Reminder Query Answer'

2018-11-08 16:02:47 - [TEST_STEP][PASSED] - delay: Delayed 2 second(s)

2018-11-08 16:02:49 - [MESSAGE][PASSED] - Delayed 2 second(s)

2018-11-08 16:02:49 - [TEST_STEP][PASSED] - doubleClick: Object: 'Object Repository/Final Object Repo/Creating Employer Account/Page_Password Reminder - ASSIST/Save' is double clicked on

2018-11-08 16:02:49 - [MESSAGE][PASSED] - Object: 'Object Repository/Final Object Repo/Creating Employer Account/Page_Password Reminder - ASSIST/Save' is double clicked on

2018-11-08 16:02:49 - [MESSAGE][PASSED] - Call Test Case 'Test Cases/Final Aug 2018 - PKS Automation/Create Employer Acc/Template/Login to Employer Account (First Time)' successfully

2018-11-08 16:02:49 - [MESSAGE][PASSED] - Call Test Case 'Test Cases/Final Aug 2018 - PKS Automation/Create Employer Acc/Create Employer Account' successfully

2018-11-08 16:02:49 - [TEST_STEP][PASSED] - callTestCase: Call Test Case 'Test Cases/Final Aug 2018 - PKS Automation/Registration Module/Log Out/log out avoiding katalon tagging' successfully

2018-11-08 16:02:49 - [TEST_CASE][PASSED] - Test Cases/Final Aug 2018 - PKS Automation/Registration Module/Log Out/log out avoiding katalon tagging: Test Cases/Final Aug 2018 - PKS Automation/Registration Module/Log Out/log out avoiding katalon tagging

2018-11-08 16:02:49 - [TEST_STEP][PASSED] - navigateToUrl: Navigate to 'https://assist2-uat.perkeso.gov.my/c/portal/logout' successfully

2018-11-08 16:02:51 - [MESSAGE][PASSED] - Navigate to 'https://assist2-uat.perkeso.gov.my/c/portal/logout' successfully

2018-11-08 16:02:51 - [MESSAGE][PASSED] - Call Test Case 'Test Cases/Final Aug 2018 - PKS Automation/Registration Module/Log Out/log out avoiding katalon tagging' successfully

2018-11-08 16:02:51 - [TEST_STEP][PASSED] - callTestCase: Call Test Case 'Test Cases/Final Aug 2018 - PKS Automation/Create Employer Acc/Login to Employer Account (Second time)' successfully

2018-11-08 16:02:51 - [TEST_CASE][PASSED] - Test Cases/Final Aug 2018 - PKS Automation/Create Employer Acc/Login to Employer Account (Second time): Test Cases/Final Aug 2018 - PKS Automation/Create Employer Acc/Login to Employer Account (Second time)

2018-11-08 16:02:51 - [TEST_STEP][PASSED] - openBrowser: Browser is opened with url: ''

2018-11-08 16:02:51 - [MESSAGE][WARNING] - A browser is already opened. Closing browser and opening a new one

2018-11-08 16:02:56 - [MESSAGE][PASSED] - Browser is opened with url: ''

2018-11-08 16:02:56 - [TEST_STEP][PASSED] - navigateToUrl: Navigate to 'https://assist2-uat.perkeso.gov.my/employer/login' successfully

2018-11-08 16:02:59 - [MESSAGE][PASSED] - Navigate to 'https://assist2-uat.perkeso.gov.my/employer/login' successfully

2018-11-08 16:02:59 - [TEST_STEP][PASSED] - delay: Delayed 3 second(s)

2018-11-08 16:03:02 - [MESSAGE][PASSED] - Delayed 3 second(s)

2018-11-08 16:03:02 - [TEST_STEP][PASSED] - callTestCase: Call Test Case 'Test Cases/Final Aug 2018 - PKS Automation/Create Employer Acc/Template/Employer Email Getter' successfully

2018-11-08 16:03:02 - [TEST_CASE][PASSED] - Test Cases/Final Aug 2018 - PKS Automation/Create Employer Acc/Template/Employer Email Getter: Test Cases/Final Aug 2018 - PKS Automation/Create Employer Acc/Template/Employer Email Getter

2018-11-08 16:03:02 - [TEST_STEP][PASSED] - Statement - Try: null

2018-11-08 16:03:02 - [TEST_STEP][PASSED] - Statement - EmpEmail = new java.io.File(C://EmpEmail.txt): null

2018-11-08 16:03:02 - [TEST_STEP][PASSED] - Statement - bufferread = new java.io.BufferedReader(new java.io.FileReader(EmpEmail)): null

2018-11-08 16:03:02 - [TEST_STEP][PASSED] - Statement - readedVal = bufferread.readLine(): null

2018-11-08 16:03:02 - [TEST_STEP][PASSED] - Statement - out.println(readedVal): null

2018-11-08 16:03:02 - [TEST_STEP][PASSED] - Statement - Email = readedVal: null

2018-11-08 16:03:02 - [MESSAGE][PASSED] - Call Test Case 'Test Cases/Final Aug 2018 - PKS Automation/Create Employer Acc/Template/Employer Email Getter' successfully

2018-11-08 16:03:02 - [TEST_STEP][PASSED] - setText: Text 'perkeso182193170717@gmail.com' is set on object 'Object Repository/Final Object Repo/Login Page/External Login Page/Email'

2018-11-08 16:03:02 - [MESSAGE][PASSED] - Text 'perkeso182193170717@gmail.com' is set on object 'Object Repository/Final Object Repo/Login Page/External Login Page/Email'

2018-11-08 16:03:02 - [TEST_STEP][PASSED] - click: Object: 'Object Repository/Final Object Repo/Login Page/External Login Page/Next' is clicked on

2018-11-08 16:03:03 - [MESSAGE][PASSED] - Object: 'Object Repository/Final Object Repo/Login Page/External Login Page/Next' is clicked on

2018-11-08 16:03:03 - [TEST_STEP][PASSED] - delay: Delayed 3 second(s)

2018-11-08 16:03:06 - [MESSAGE][PASSED] - Delayed 3 second(s)

2018-11-08 16:03:06 - [TEST_STEP][PASSED] - setEncryptedText: Text ****** has been set on object 'Object Repository/Final Object Repo/Login Page/External Login Page/Password'

2018-11-08 16:03:06 - [MESSAGE][PASSED] - Text ****** has been set on object 'Object Repository/Final Object Repo/Login Page/External Login Page/Password'

2018-11-08 16:03:06 - [TEST_STEP][PASSED] - click: Object: 'Object Repository/Final Object Repo/Login Page/External Login Page/Login' is clicked on

2018-11-08 16:03:11 - [MESSAGE][PASSED] - Object: 'Object Repository/Final Object Repo/Login Page/External Login Page/Login' is clicked on

2018-11-08 16:03:11 - [TEST_STEP][PASSED] - delay: Delayed 5 second(s)

2018-11-08 16:03:16 - [MESSAGE][PASSED] - Delayed 5 second(s)

2018-11-08 16:03:16 - [MESSAGE][PASSED] - Call Test Case 'Test Cases/Final Aug 2018 - PKS Automation/Create Employer Acc/Login to Employer Account (Second time)' successfully

2018-11-08 16:03:16 - [TEST_STEP][PASSED] - Statement - Try: Delayed 2 second(s)

2018-11-08 16:03:16 - [TEST_STEP][PASSED] - Statement - Checker = false: null

2018-11-08 16:03:16 - [TEST_STEP][PASSED] - Statement - Checker = com.kms.katalon.core.webui.keyword.WebUiBuiltInKeywords.verifyElementHasAttribute(com.kms.katalon.core.testobject.ObjectRepository.findTestObject(Final Object Repo/Landing Page/BM Detecting), "href", 20, OPTIONAL): Object 'Object Repository/Final Object Repo/Landing Page/BM Detecting' has attribute 'href'

2018-11-08 16:03:16 - [MESSAGE][PASSED] - Object 'Object Repository/Final Object Repo/Landing Page/BM Detecting' has attribute 'href'

2018-11-08 16:03:16 - [TEST_STEP][PASSED] - Statement - out.println(Checker): null

2018-11-08 16:03:16 - [TEST_STEP][PASSED] - Statement - If (Checker == false): null

2018-11-08 16:03:16 - [TEST_STEP][PASSED] - Statement - Else: null

2018-11-08 16:03:16 - [TEST_STEP][PASSED] - delay: Delayed 2 second(s)

2018-11-08 16:03:18 - [MESSAGE][PASSED] - Delayed 2 second(s)

2018-11-08 16:03:18 - [TEST_STEP][PASSED] - delay: Delayed 4 second(s)

2018-11-08 16:03:22 - [MESSAGE][PASSED] - Delayed 4 second(s)

2018-11-08 16:03:22 - [TEST_STEP][PASSED] - click: Object: 'Object Repository/Final Object Repo/Landing Page/My Sites Drop Down' is clicked on

2018-11-08 16:03:22 - [MESSAGE][PASSED] - Object: 'Object Repository/Final Object Repo/Landing Page/My Sites Drop Down' is clicked on

2018-11-08 16:03:22 - [TEST_STEP][PASSED] - click: Object: 'Object Repository/Final Object Repo/Landing Page/Select to Registration Module' is clicked on

2018-11-08 16:03:25 - [MESSAGE][PASSED] - Object: 'Object Repository/Final Object Repo/Landing Page/Select to Registration Module' is clicked on

2018-11-08 16:03:25 - [TEST_STEP][PASSED] - click: Object: 'Object Repository/Final Object Repo/Landing Page/Registration Button' is clicked on

2018-11-08 16:03:28 - [MESSAGE][PASSED] - Object: 'Object Repository/Final Object Repo/Landing Page/Registration Button' is clicked on

2018-11-08 16:03:28 - [TEST_STEP][PASSED] - delay: Delayed 2 second(s)

2018-11-08 16:03:30 - [MESSAGE][PASSED] - Delayed 2 second(s)

2018-11-08 16:03:30 - [TEST_STEP][PASSED] - click: Object: 'Object Repository/Final Object Repo/New Registration - Registration Module Pages/New Reg - OTC to RO/Special Case - OTC - Form 1/AEC NO' is clicked on

2018-11-08 16:03:30 - [MESSAGE][PASSED] - Object: 'Object Repository/Final Object Repo/New Registration - Registration Module Pages/New Reg - OTC to RO/Special Case - OTC - Form 1/AEC NO' is clicked on

2018-11-08 16:03:30 - [TEST_STEP][PASSED] - click: Object: 'Object Repository/Final Object Repo/New Registration - Registration Module Pages/New Reg - OTC to RO/Special Case - OTC - Form 1/Business Entity - Please Select' is clicked on

2018-11-08 16:03:31 - [MESSAGE][PASSED] - Object: 'Object Repository/Final Object Repo/New Registration - Registration Module Pages/New Reg - OTC to RO/Special Case - OTC - Form 1/Business Entity - Please Select' is clicked on

2018-11-08 16:03:31 - [TEST_STEP][PASSED] - click: Object: 'Object Repository/Final Object Repo/New Registration - Registration Module Pages/New Reg - OTC to RO/Special Case - OTC - Form 1/Selected - Corporation' is clicked on

2018-11-08 16:03:32 - [MESSAGE][PASSED] - Object: 'Object Repository/Final Object Repo/New Registration - Registration Module Pages/New Reg - OTC to RO/Special Case - OTC - Form 1/Selected - Corporation' is clicked on

2018-11-08 16:03:32 - [TEST_STEP][PASSED] - delay: Delayed 2 second(s)

2018-11-08 16:03:34 - [MESSAGE][PASSED] - Delayed 2 second(s)

2018-11-08 16:03:34 - [TEST_STEP][PASSED] - click: Object: 'Object Repository/Final Object Repo/New Registration - Registration Module Pages/New Reg - OTC to RO/Special Case - OTC - Form 1/Sub Business Entity - Please Select' is clicked on

2018-11-08 16:03:34 - [MESSAGE][PASSED] - Object: 'Object Repository/Final Object Repo/New Registration - Registration Module Pages/New Reg - OTC to RO/Special Case - OTC - Form 1/Sub Business Entity - Please Select' is clicked on

2018-11-08 16:03:34 - [TEST_STEP][PASSED] - delay: Delayed 2 second(s)

2018-11-08 16:03:36 - [MESSAGE][PASSED] - Delayed 2 second(s)

2018-11-08 16:03:36 - [TEST_STEP][PASSED] - click: Object: 'Object Repository/Final Object Repo/New Registration - Registration Module Pages/New Reg - OTC to RO/Special Case - OTC - Form 1/Selected - Sendirian Berhad' is clicked on

2018-11-08 16:03:37 - [MESSAGE][PASSED] - Object: 'Object Repository/Final Object Repo/New Registration - Registration Module Pages/New Reg - OTC to RO/Special Case - OTC - Form 1/Selected - Sendirian Berhad' is clicked on

2018-11-08 16:03:37 - [TEST_STEP][PASSED] - setText: Text 'AUTOMATE001' is set on object 'Object Repository/Final Object Repo/New Registration - Registration Module Pages/New Reg - OTC to RO/Special Case - OTC - Form 1/Input BRN Number'

2018-11-08 16:03:37 - [MESSAGE][PASSED] - Text 'AUTOMATE001' is set on object 'Object Repository/Final Object Repo/New Registration - Registration Module Pages/New Reg - OTC to RO/Special Case - OTC - Form 1/Input BRN Number'

2018-11-08 16:03:37 - [TEST_STEP][PASSED] - delay: Delayed 2 second(s)

2018-11-08 16:03:39 - [MESSAGE][PASSED] - Delayed 2 second(s)

2018-11-08 16:03:39 - [TEST_STEP][PASSED] - click: Object: 'Object Repository/Final Object Repo/New Registration - Registration Module Pages/New Reg - OTC to RO/Special Case - OTC - Form 1/BRN Search' is clicked on

2018-11-08 16:03:39 - [MESSAGE][PASSED] - Object: 'Object Repository/Final Object Repo/New Registration - Registration Module Pages/New Reg - OTC to RO/Special Case - OTC - Form 1/BRN Search' is clicked on

2018-11-08 16:03:39 - [TEST_STEP][PASSED] - delay: Delayed 4 second(s)

2018-11-08 16:03:43 - [MESSAGE][PASSED] - Delayed 4 second(s)

2018-11-08 16:03:43 - [TEST_STEP][PASSED] - click: Object: 'Object Repository/Final Object Repo/New Registration - Registration Module Pages/New Reg - OTC to RO/Special Case - OTC - Form 1/Registered with SSM - After Feb 2017' is clicked on

2018-11-08 16:03:43 - [MESSAGE][PASSED] - Object: 'Object Repository/Final Object Repo/New Registration - Registration Module Pages/New Reg - OTC to RO/Special Case - OTC - Form 1/Registered with SSM - After Feb 2017' is clicked on

2018-11-08 16:03:43 - [TEST_STEP][PASSED] - delay: Delayed 2 second(s)

2018-11-08 16:03:45 - [MESSAGE][PASSED] - Delayed 2 second(s)

2018-11-08 16:03:45 - [TEST_STEP][PASSED] - click: Object: 'Object Repository/Final Object Repo/New Registration - Registration Module Pages/New Reg - OTC to RO/Special Case - OTC - Form 1/Registering As A Branch - No' is clicked on

2018-11-08 16:03:46 - [MESSAGE][PASSED] - Object: 'Object Repository/Final Object Repo/New Registration - Registration Module Pages/New Reg - OTC to RO/Special Case - OTC - Form 1/Registering As A Branch - No' is clicked on

2018-11-08 16:03:46 - [TEST_STEP][PASSED] - click: Object: 'Object Repository/Final Object Repo/New Registration - Registration Module Pages/New Reg - OTC to RO/Special Case - OTC - Form 1/Acknowledgement Ticked' is clicked on

2018-11-08 16:03:46 - [MESSAGE][PASSED] - Object: 'Object Repository/Final Object Repo/New Registration - Registration Module Pages/New Reg - OTC to RO/Special Case - OTC - Form 1/Acknowledgement Ticked' is clicked on

2018-11-08 16:03:46 - [TEST_STEP][PASSED] - click: Object: 'Object Repository/Final Object Repo/New Registration - Registration Module Pages/New Reg - OTC to RO/Special Case - OTC - Form 1/Submit Button' is clicked on

2018-11-08 16:03:46 - [MESSAGE][PASSED] - Object: 'Object Repository/Final Object Repo/New Registration - Registration Module Pages/New Reg - OTC to RO/Special Case - OTC - Form 1/Submit Button' is clicked on

2018-11-08 16:03:46 - [TEST_STEP][PASSED] - delay: Delayed 2 second(s)

2018-11-08 16:03:48 - [MESSAGE][PASSED] - Delayed 2 second(s)

2018-11-08 16:03:48 - [TEST_STEP][PASSED] - click: Object: 'Object Repository/Final Object Repo/New Registration - Registration Module Pages/New Reg - OTC to RO/Special Case - OTC - Form 1/Confirm No Flagging as Branch' is clicked on

2018-11-08 16:03:50 - [MESSAGE][PASSED] - Object: 'Object Repository/Final Object Repo/New Registration - Registration Module Pages/New Reg - OTC to RO/Special Case - OTC - Form 1/Confirm No Flagging as Branch' is clicked on

2018-11-08 16:03:50 - [MESSAGE][PASSED] - Call Test Case 'Test Cases/Final Aug 2018 - PKS Automation/Registration Module/Workflow/New Registration/Template/Special Case - Employer - Form 1' successfully

2018-11-08 16:03:50 - [TEST_STEP][PASSED] - callTestCase: Call Test Case 'Test Cases/Final Aug 2018 - PKS Automation/Registration Module/New Registration/Form 2/Add 1 Eligible - Employer Account Use' successfully

2018-11-08 16:03:50 - [TEST_CASE][PASSED] - Test Cases/Final Aug 2018 - PKS Automation/Registration Module/New Registration/Form 2/Add 1 Eligible - Employer Account Use: Test Cases/Final Aug 2018 - PKS Automation/Registration Module/New Registration/Form 2/Add 1 Eligible - Employer Account Use

2018-11-08 16:03:51 - [TEST_STEP][PASSED] - delay: Delayed 2 second(s)

2018-11-08 16:03:53 - [MESSAGE][PASSED] - Delayed 2 second(s)

2018-11-08 16:03:53 - [TEST_STEP][PASSED] - callTestCase: Call Test Case 'Test Cases/Final Aug 2018 - PKS Automation/Registration Module/New Registration/Form 2/Date Updater' successfully

2018-11-08 16:03:53 - [TEST_CASE][PASSED] - Test Cases/Final Aug 2018 - PKS Automation/Registration Module/New Registration/Form 2/Date Updater: Test Cases/Final Aug 2018 - PKS Automation/Registration Module/New Registration/Form 2/Date Updater

2018-11-08 16:03:53 - [TEST_STEP][PASSED] - Statement - TodayDate = new java.util.Date(): null

2018-11-08 16:03:53 - [TEST_STEP][PASSED] - Statement - CurrentDateNoFilter = new java.text.SimpleDateFormat(): null

2018-11-08 16:03:53 - [TEST_STEP][PASSED] - Statement - CurrentDateNoFilter.applyPattern("dd"): null

2018-11-08 16:03:53 - [TEST_STEP][PASSED] - Statement - CurrentDate = CurrentDateNoFilter.format(TodayDate): null

2018-11-08 16:03:53 - [TEST_STEP][PASSED] - Statement - CurrentDate = java.lang.Integer.parseInt(CurrentDate): null

2018-11-08 16:03:53 - [TEST_STEP][PASSED] - Statement - CurrentDate = CurrentDate: null

2018-11-08 16:03:53 - [TEST_STEP][PASSED] - Statement - CurrentDay = java.lang.Integer.parseInt(CurrentDate): null

2018-11-08 16:03:53 - [TEST_STEP][PASSED] - Statement - aDayBefore = CurrentDay + 1: null

2018-11-08 16:03:53 - [TEST_STEP][PASSED] - Statement - DayBefore = aDayBefore.toString(): null

2018-11-08 16:03:53 - [TEST_STEP][PASSED] - Statement - OneDayBefore = DayBefore: null

2018-11-08 16:03:53 - [TEST_STEP][PASSED] - Statement - CurrentDateNoFilter.applyPattern("MM"): null

2018-11-08 16:03:53 - [TEST_STEP][PASSED] - Statement - monthContainerMatcher = java.lang.Integer.parseInt(CurrentDateNoFilter.format(TodayDate)): null

2018-11-08 16:03:53 - [TEST_STEP][PASSED] - Statement - monthContainerMatcher = monthContainerMatcher - 1: null

2018-11-08 16:03:53 - [TEST_STEP][PASSED] - Statement - CurrentMonth = monthContainerMatcher.toString(): null

2018-11-08 16:03:53 - [TEST_STEP][PASSED] - Statement - CurrentMonth = CurrentMonth: null

2018-11-08 16:03:53 - [TEST_STEP][PASSED] - Statement - CurrentDateNoFilter.applyPattern("yyyy"): null

2018-11-08 16:03:53 - [TEST_STEP][PASSED] - Statement - CurrentYear = CurrentDateNoFilter.format(TodayDate): null

2018-11-08 16:03:53 - [TEST_STEP][PASSED] - Statement - CurrentYear = CurrentYear: null

2018-11-08 16:03:53 - [TEST_STEP][PASSED] - Statement - intCurrentYear = java.lang.Integer.parseInt(CurrentDateNoFilter.format(TodayDate)): null

2018-11-08 16:03:53 - [TEST_STEP][PASSED] - Statement - eighteenYrsAgo = intCurrentYear - 18: null

2018-11-08 16:03:53 - [TEST_STEP][PASSED] - Statement - eighteenYrsBeforeThisYr = eighteenYrsAgo.toString(): null

2018-11-08 16:03:53 - [TEST_STEP][PASSED] - Statement - EighteenYrsBefore = eighteenYrsBeforeThisYr: null

2018-11-08 16:03:53 - [TEST_STEP][PASSED] - Statement - fiftysevenYrsAgo = intCurrentYear - 57: null

2018-11-08 16:03:53 - [TEST_STEP][PASSED] - Statement - fiftysevenYrsBeforeThisYr = fiftysevenYrsAgo.toString(): null

2018-11-08 16:03:53 - [TEST_STEP][PASSED] - Statement - FiftysevenYrsBefore = fiftysevenYrsBeforeThisYr: null

2018-11-08 16:03:53 - [MESSAGE][PASSED] - Call Test Case 'Test Cases/Final Aug 2018 - PKS Automation/Registration Module/New Registration/Form 2/Date Updater' successfully

2018-11-08 16:03:53 - [TEST_STEP][PASSED] - delay: Delayed 1 second(s)

2018-11-08 16:03:54 - [MESSAGE][PASSED] - Delayed 1 second(s)

2018-11-08 16:03:54 - [TEST_STEP][PASSED] - Statement - CaseReferenceNo = com.kms.katalon.core.webui.keyword.WebUiBuiltInKeywords.getText(com.kms.katalon.core.testobject.ObjectRepository.findTestObject(Final Object Repo/New Registration - Registration Module Pages/Form 2/RefNo Acquiring)): Text of object 'Object Repository/Final Object Repo/New Registration - Registration Module Pages/Form 2/RefNo Acquiring' is: 'CRN11201800122426'

2018-11-08 16:03:54 - [MESSAGE][PASSED] - Text of object 'Object Repository/Final Object Repo/New Registration - Registration Module Pages/Form 2/RefNo Acquiring' is: 'CRN11201800122426'

2018-11-08 16:03:54 - [TEST_STEP][PASSED] - delay: Delayed 1 second(s)

2018-11-08 16:03:55 - [MESSAGE][PASSED] - Delayed 1 second(s)

2018-11-08 16:03:55 - [TEST_STEP][PASSED] - click: Object: 'Object Repository/Final Object Repo/New Registration - Registration Module Pages/Form 2/Add Employee Button' is clicked on

2018-11-08 16:03:55 - [MESSAGE][PASSED] - Object: 'Object Repository/Final Object Repo/New Registration - Registration Module Pages/Form 2/Add Employee Button' is clicked on

2018-11-08 16:03:55 - [TEST_STEP][PASSED] - delay: Delayed 1 second(s)

2018-11-08 16:03:56 - [MESSAGE][PASSED] - Delayed 1 second(s)

2018-11-08 16:03:56 - [TEST_STEP][PASSED] - setText: Text '010903091948' is set on object 'Object Repository/Final Object Repo/New Registration - Registration Module Pages/Form 2/NRIC Input'

2018-11-08 16:03:56 - [MESSAGE][PASSED] - Text '010903091948' is set on object 'Object Repository/Final Object Repo/New Registration - Registration Module Pages/Form 2/NRIC Input'

2018-11-08 16:03:56 - [TEST_STEP][PASSED] - delay: Delayed 2 second(s)

2018-11-08 16:03:58 - [MESSAGE][PASSED] - Delayed 2 second(s)

2018-11-08 16:03:58 - [TEST_STEP][PASSED] - setText: Text 'Automate001 eligible 1' is set on object 'Object Repository/Final Object Repo/New Registration - Registration Module Pages/Form 2/Employee Name Input'

2018-11-08 16:03:59 - [MESSAGE][PASSED] - Text 'Automate001 eligible 1' is set on object 'Object Repository/Final Object Repo/New Registration - Registration Module Pages/Form 2/Employee Name Input'

2018-11-08 16:03:59 - [TEST_STEP][PASSED] - delay: Delayed 2 second(s)

2018-11-08 16:04:01 - [MESSAGE][PASSED] - Delayed 2 second(s)

2018-11-08 16:04:01 - [TEST_STEP][PASSED] - click: Object: 'Object Repository/Final Object Repo/New Registration - Registration Module Pages/Form 2/DatePicker Pop Up' is clicked on

2018-11-08 16:04:01 - [MESSAGE][PASSED] - Object: 'Object Repository/Final Object Repo/New Registration - Registration Module Pages/Form 2/DatePicker Pop Up' is clicked on

2018-11-08 16:04:01 - [TEST_STEP][PASSED] - click: Object: 'Object Repository/Final Object Repo/New Registration - Registration Module Pages/Form 2/DOB Month' is clicked on

2018-11-08 16:04:02 - [MESSAGE][PASSED] - Object: 'Object Repository/Final Object Repo/New Registration - Registration Module Pages/Form 2/DOB Month' is clicked on

2018-11-08 16:04:02 - [TEST_STEP][PASSED] - Statement - CurrentMonth = CurrentMonth: null

2018-11-08 16:04:02 - [TEST_STEP][PASSED] - Statement - selectMonth = new com.kms.katalon.core.testobject.TestObject(): null

2018-11-08 16:04:02 - [TEST_STEP][PASSED] - Statement - selectMonth.addProperty("xpath", EQUALS, "//body/div/div/div/select/option[@value='" + CurrentMonth + "']", true): null

2018-11-08 16:04:02 - [TEST_STEP][PASSED] - click: Object: '' is clicked on

2018-11-08 16:04:02 - [MESSAGE][PASSED] - Object: '' is clicked on

2018-11-08 16:04:02 - [TEST_STEP][PASSED] - click: Object: 'Object Repository/Final Object Repo/New Registration - Registration Module Pages/Form 2/DOB Year' is clicked on

2018-11-08 16:04:02 - [MESSAGE][PASSED] - Object: 'Object Repository/Final Object Repo/New Registration - Registration Module Pages/Form 2/DOB Year' is clicked on

2018-11-08 16:04:02 - [TEST_STEP][PASSED] - Statement - Eyearsbf = EighteenYrsBefore: null

2018-11-08 16:04:02 - [TEST_STEP][PASSED] - Statement - selectYear = new com.kms.katalon.core.testobject.TestObject(): null

2018-11-08 16:04:02 - [TEST_STEP][PASSED] - Statement - selectYear.addProperty("xpath", EQUALS, "//div/div/div/select/option[@value='" + Eyearsbf + "']", true): null

2018-11-08 16:04:02 - [TEST_STEP][PASSED] - click: Object: '' is clicked on

2018-11-08 16:04:03 - [MESSAGE][PASSED] - Object: '' is clicked on

2018-11-08 16:04:03 - [TEST_STEP][PASSED] - Statement - UpdatedSelectDate = com.kms.katalon.core.webui.keyword.WebUiBuiltInKeywords.modifyObjectProperty(com.kms.katalon.core.testobject.ObjectRepository.findTestObject(Final Object Repo/New Registration - Registration Module Pages/Form 2/DOB Date), "xpath", "equals", "//body/div/table/tbody/tr/td/a[text()="" + CurrentDate + ""]", true): Modify property of object successfully

2018-11-08 16:04:03 - [MESSAGE][PASSED] - Modify property of object successfully

2018-11-08 16:04:03 - [TEST_STEP][PASSED] - delay: Delayed 3 second(s)

2018-11-08 16:04:06 - [MESSAGE][PASSED] - Delayed 3 second(s)

2018-11-08 16:04:06 - [TEST_STEP][PASSED] - click: Object: 'Object Repository/Final Object Repo/New Registration - Registration Module Pages/Form 2/DOB Date' is clicked on

2018-11-08 16:04:06 - [MESSAGE][PASSED] - Object: 'Object Repository/Final Object Repo/New Registration - Registration Module Pages/Form 2/DOB Date' is clicked on

2018-11-08 16:04:06 - [TEST_STEP][PASSED] - delay: Delayed 2 second(s)

2018-11-08 16:04:08 - [MESSAGE][PASSED] - Delayed 2 second(s)

2018-11-08 16:04:08 - [TEST_STEP][PASSED] - click: Object: 'Object Repository/Final Object Repo/New Registration - Registration Module Pages/Form 2/EmploymentStartDate Pop Up' is clicked on

2018-11-08 16:04:09 - [MESSAGE][PASSED] - Object: 'Object Repository/Final Object Repo/New Registration - Registration Module Pages/Form 2/EmploymentStartDate Pop Up' is clicked on

2018-11-08 16:04:09 - [TEST_STEP][PASSED] - delay: Delayed 2 second(s)

2018-11-08 16:04:11 - [MESSAGE][PASSED] - Delayed 2 second(s)

2018-11-08 16:04:11 - [TEST_STEP][PASSED] - click: Object: 'Object Repository/Final Object Repo/New Registration - Registration Module Pages/Form 2/Socso Employment StartDate Month' is clicked on

2018-11-08 16:04:11 - [MESSAGE][PASSED] - Object: 'Object Repository/Final Object Repo/New Registration - Registration Module Pages/Form 2/Socso Employment StartDate Month' is clicked on

2018-11-08 16:04:11 - [TEST_STEP][PASSED] - delay: Delayed 1 second(s)

2018-11-08 16:04:12 - [MESSAGE][PASSED] - Delayed 1 second(s)

2018-11-08 16:04:12 - [TEST_STEP][PASSED] - click: Object: 'Object Repository/Final Object Repo/New Registration - Registration Module Pages/Form 2/Select Socso Employement Startdate Month' is clicked on

2018-11-08 16:04:12 - [MESSAGE][PASSED] - Object: 'Object Repository/Final Object Repo/New Registration - Registration Module Pages/Form 2/Select Socso Employement Startdate Month' is clicked on

2018-11-08 16:04:12 - [TEST_STEP][PASSED] - delay: Delayed 2 second(s)

2018-11-08 16:04:14 - [MESSAGE][PASSED] - Delayed 2 second(s)

2018-11-08 16:04:14 - [TEST_STEP][PASSED] - click: Object: 'Object Repository/Final Object Repo/New Registration - Registration Module Pages/Form 2/Socso Employment StartDate Year' is clicked on

2018-11-08 16:04:15 - [MESSAGE][PASSED] - Object: 'Object Repository/Final Object Repo/New Registration - Registration Module Pages/Form 2/Socso Employment StartDate Year' is clicked on

2018-11-08 16:04:15 - [TEST_STEP][PASSED] - delay: Delayed 1 second(s)

2018-11-08 16:04:16 - [MESSAGE][PASSED] - Delayed 1 second(s)

2018-11-08 16:04:16 - [TEST_STEP][PASSED] - click: Object: 'Object Repository/Final Object Repo/New Registration - Registration Module Pages/Form 2/Select Socso Employment Startdate Year' is clicked on

2018-11-08 16:04:16 - [MESSAGE][PASSED] - Object: 'Object Repository/Final Object Repo/New Registration - Registration Module Pages/Form 2/Select Socso Employment Startdate Year' is clicked on

2018-11-08 16:04:16 - [TEST_STEP][PASSED] - delay: Delayed 2 second(s)

2018-11-08 16:04:18 - [MESSAGE][PASSED] - Delayed 2 second(s)

2018-11-08 16:04:18 - [TEST_STEP][PASSED] - click: Object: 'Object Repository/Final Object Repo/New Registration - Registration Module Pages/Form 2/Socso Employment Start Date Day' is clicked on

2018-11-08 16:04:18 - [MESSAGE][PASSED] - Object: 'Object Repository/Final Object Repo/New Registration - Registration Module Pages/Form 2/Socso Employment Start Date Day' is clicked on

2018-11-08 16:04:18 - [TEST_STEP][PASSED] - delay: Delayed 2 second(s)

2018-11-08 16:04:20 - [MESSAGE][PASSED] - Delayed 2 second(s)

2018-11-08 16:04:20 - [TEST_STEP][PASSED] - click: Object: 'Object Repository/Final Object Repo/New Registration - Registration Module Pages/Form 2/Save Button for Add Employee' is clicked on

2018-11-08 16:04:22 - [MESSAGE][PASSED] - Object: 'Object Repository/Final Object Repo/New Registration - Registration Module Pages/Form 2/Save Button for Add Employee' is clicked on

2018-11-08 16:04:22 - [TEST_STEP][PASSED] - delay: Delayed 6 second(s)

2018-11-08 16:04:28 - [MESSAGE][PASSED] - Delayed 6 second(s)

2018-11-08 16:04:28 - [TEST_STEP][PASSED] - click: Object: 'Object Repository/Final Object Repo/New Registration - Registration Module Pages/Form 2/Save and Continue Form 2' is clicked on

2018-11-08 16:04:30 - [MESSAGE][PASSED] - Object: 'Object Repository/Final Object Repo/New Registration - Registration Module Pages/Form 2/Save and Continue Form 2' is clicked on

2018-11-08 16:04:30 - [MESSAGE][PASSED] - Call Test Case 'Test Cases/Final Aug 2018 - PKS Automation/Registration Module/New Registration/Form 2/Add 1 Eligible - Employer Account Use' successfully

2018-11-08 16:04:30 - [TEST_STEP][PASSED] - callTestCase: Call Test Case 'Test Cases/Final Aug 2018 - PKS Automation/Registration Module/New Registration/Flow of New Registration/Third Screen - Upload Supporting Doc - Preview' successfully

2018-11-08 16:04:30 - [TEST_CASE][PASSED] - Test Cases/Final Aug 2018 - PKS Automation/Registration Module/New Registration/Flow of New Registration/Third Screen - Upload Supporting Doc - Preview: Test Cases/Final Aug 2018 - PKS Automation/Registration Module/New Registration/Flow of New Registration/Third Screen - Upload Supporting Doc - Preview

2018-11-08 16:04:30 - [TEST_STEP][PASSED] - waitForPageLoad: Wait for page load successfully

2018-11-08 16:04:30 - [MESSAGE][PASSED] - Wait for page load successfully

2018-11-08 16:04:30 - [TEST_STEP][PASSED] - Statement - CaseReferenceNo = com.kms.katalon.core.webui.keyword.WebUiBuiltInKeywords.getText(com.kms.katalon.core.testobject.ObjectRepository.findTestObject(Final Object Repo/New Registration - Registration Module Pages/Third Screen - Upload Supporting Doc- Preview/RefNo Acquiring)): Text of object 'Object Repository/Final Object Repo/New Registration - Registration Module Pages/Third Screen - Upload Supporting Doc- Preview/RefNo Acquiring' is: 'CRN11201800122426'

2018-11-08 16:04:31 - [MESSAGE][PASSED] - Text of object 'Object Repository/Final Object Repo/New Registration - Registration Module Pages/Third Screen - Upload Supporting Doc- Preview/RefNo Acquiring' is: 'CRN11201800122426'

2018-11-08 16:04:31 - [TEST_STEP][PASSED] - delay: Delayed 2 second(s)

2018-11-08 16:04:33 - [MESSAGE][PASSED] - Delayed 2 second(s)

2018-11-08 16:04:33 - [TEST_STEP][PASSED] - callTestCase: Call Test Case 'Test Cases/Final Aug 2018 - PKS Automation/Common/Reference Number Setter' successfully

2018-11-08 16:04:33 - [TEST_CASE][PASSED] - Test Cases/Final Aug 2018 - PKS Automation/Common/Reference Number Setter: Test Cases/Final Aug 2018 - PKS Automation/Common/Reference Number Setter

2018-11-08 16:04:33 - [TEST_STEP][PASSED] - Statement - RefNoOldFile = new java.io.File(C://KatalonReference.txt): null

2018-11-08 16:04:33 - [TEST_STEP][PASSED] - Statement - RefNoOldFile.delete(): null

2018-11-08 16:04:33 - [TEST_STEP][PASSED] - Statement - RefNo = new java.io.File(C://KatalonReference.txt): null

2018-11-08 16:04:33 - [TEST_STEP][PASSED] - Statement - RefNo.append(CaseReferenceNo): null

2018-11-08 16:04:33 - [TEST_STEP][PASSED] - Statement - out.println("


" + CaseReferenceNo + "


"): null

2018-11-08 16:04:33 - [MESSAGE][PASSED] - Call Test Case 'Test Cases/Final Aug 2018 - PKS Automation/Common/Reference Number Setter' successfully

2018-11-08 16:04:33 - [TEST_STEP][PASSED] - waitForElementClickable: Object 'Object Repository/Final Object Repo/New Registration - Registration Module Pages/Third Screen - Upload Supporting Doc- Preview/Save n Continue in SIP Employee Listing Page' is clickable

2018-11-08 16:04:33 - [MESSAGE][PASSED] - Object 'Object Repository/Final Object Repo/New Registration - Registration Module Pages/Third Screen - Upload Supporting Doc- Preview/Save n Continue in SIP Employee Listing Page' is clickable

2018-11-08 16:04:33 - [TEST_STEP][PASSED] - click: Object: 'Object Repository/Final Object Repo/New Registration - Registration Module Pages/Third Screen - Upload Supporting Doc- Preview/Save n Continue in SIP Employee Listing Page' is clicked on

2018-11-08 16:04:39 - [MESSAGE][PASSED] - Object: 'Object Repository/Final Object Repo/New Registration - Registration Module Pages/Third Screen - Upload Supporting Doc- Preview/Save n Continue in SIP Employee Listing Page' is clicked on

2018-11-08 16:04:39 - [TEST_STEP][PASSED] - delay: Delayed 6 second(s)

2018-11-08 16:04:45 - [MESSAGE][PASSED] - Delayed 6 second(s)

2018-11-08 16:04:45 - [TEST_STEP][PASSED] - click: Object: 'Object Repository/Final Object Repo/New Registration - Registration Module Pages/Third Screen - Upload Supporting Doc- Preview/Add Document Button' is clicked on

2018-11-08 16:04:45 - [MESSAGE][PASSED] - Object: 'Object Repository/Final Object Repo/New Registration - Registration Module Pages/Third Screen - Upload Supporting Doc- Preview/Add Document Button' is clicked on

2018-11-08 16:04:45 - [TEST_STEP][PASSED] - delay: Delayed 30 second(s)

2018-11-08 16:05:15 - [MESSAGE][PASSED] - Delayed 30 second(s)

2018-11-08 16:05:15 - [TEST_STEP][PASSED] - click: Object: 'Object Repository/Final Object Repo/New Registration - Registration Module Pages/Third Screen - Upload Supporting Doc- Preview/Supporting Doc Please Select Drop Down' is clicked on

2018-11-08 16:05:16 - [MESSAGE][PASSED] - Object: 'Object Repository/Final Object Repo/New Registration - Registration Module Pages/Third Screen - Upload Supporting Doc- Preview/Supporting Doc Please Select Drop Down' is clicked on

2018-11-08 16:05:16 - [TEST_STEP][PASSED] - delay: Delayed 2 second(s)

2018-11-08 16:05:18 - [MESSAGE][PASSED] - Delayed 2 second(s)

2018-11-08 16:05:18 - [TEST_STEP][PASSED] - click: Object: 'Object Repository/Final Object Repo/New Registration - Registration Module Pages/Third Screen - Upload Supporting Doc- Preview/Select to Upload Form 1' is clicked on

2018-11-08 16:05:19 - [MESSAGE][PASSED] - Object: 'Object Repository/Final Object Repo/New Registration - Registration Module Pages/Third Screen - Upload Supporting Doc- Preview/Select to Upload Form 1' is clicked on

2018-11-08 16:05:19 - [TEST_STEP][PASSED] - delay: Delayed 2 second(s)

2018-11-08 16:05:21 - [MESSAGE][PASSED] - Delayed 2 second(s)

2018-11-08 16:05:21 - [TEST_STEP][PASSED] - uploadFile: File 'C:\Users\Public\Pictures\Sample Pictures\Act.jpg' sent to object: 'Object Repository/Final Object Repo/New Registration - Registration Module Pages/Third Screen - Upload Supporting Doc- Preview/Upload File Adding'

2018-11-08 16:05:21 - [MESSAGE][PASSED] - File 'C:\Users\Public\Pictures\Sample Pictures\Act.jpg' sent to object: 'Object Repository/Final Object Repo/New Registration - Registration Module Pages/Third Screen - Upload Supporting Doc- Preview/Upload File Adding'

2018-11-08 16:05:21 - [TEST_STEP][PASSED] - delay: Delayed 5 second(s)

2018-11-08 16:05:26 - [MESSAGE][PASSED] - Delayed 5 second(s)

2018-11-08 16:05:26 - [TEST_STEP][PASSED] - click: Object: 'Object Repository/Final Object Repo/New Registration - Registration Module Pages/Third Screen - Upload Supporting Doc- Preview/Inner Form Add Document Button' is clicked on

2018-11-08 16:05:26 - [MESSAGE][PASSED] - Object: 'Object Repository/Final Object Repo/New Registration - Registration Module Pages/Third Screen - Upload Supporting Doc- Preview/Inner Form Add Document Button' is clicked on

2018-11-08 16:05:26 - [TEST_STEP][PASSED] - delay: Delayed 3 second(s)

2018-11-08 16:05:29 - [MESSAGE][PASSED] - Delayed 3 second(s)

2018-11-08 16:05:29 - [TEST_STEP][PASSED] - click: Object: 'Object Repository/Final Object Repo/New Registration - Registration Module Pages/Third Screen - Upload Supporting Doc- Preview/Add Document Button' is clicked on

2018-11-08 16:05:31 - [MESSAGE][PASSED] - Object: 'Object Repository/Final Object Repo/New Registration - Registration Module Pages/Third Screen - Upload Supporting Doc- Preview/Add Document Button' is clicked on

2018-11-08 16:05:31 - [TEST_STEP][PASSED] - delay: Delayed 30 second(s)

2018-11-08 16:06:01 - [MESSAGE][PASSED] - Delayed 30 second(s)

2018-11-08 16:06:01 - [TEST_STEP][PASSED] - click: Object: 'Object Repository/Final Object Repo/New Registration - Registration Module Pages/Third Screen - Upload Supporting Doc- Preview/Supporting Doc Please Select Drop Down' is clicked on

2018-11-08 16:06:01 - [MESSAGE][PASSED] - Object: 'Object Repository/Final Object Repo/New Registration - Registration Module Pages/Third Screen - Upload Supporting Doc- Preview/Supporting Doc Please Select Drop Down' is clicked on

2018-11-08 16:06:01 - [TEST_STEP][PASSED] - delay: Delayed 2 second(s)

2018-11-08 16:06:03 - [MESSAGE][PASSED] - Delayed 2 second(s)

2018-11-08 16:06:03 - [TEST_STEP][PASSED] - click: Object: 'Object Repository/Final Object Repo/New Registration - Registration Module Pages/Third Screen - Upload Supporting Doc- Preview/Select to Upload Form 2' is clicked on

2018-11-08 16:06:04 - [MESSAGE][PASSED] - Object: 'Object Repository/Final Object Repo/New Registration - Registration Module Pages/Third Screen - Upload Supporting Doc- Preview/Select to Upload Form 2' is clicked on

2018-11-08 16:06:04 - [TEST_STEP][PASSED] - delay: Delayed 2 second(s)

2018-11-08 16:06:06 - [MESSAGE][PASSED] - Delayed 2 second(s)

2018-11-08 16:06:06 - [TEST_STEP][PASSED] - uploadFile: File 'C:\Users\Public\Pictures\Sample Pictures\Act.jpg' sent to object: 'Object Repository/Final Object Repo/New Registration - Registration Module Pages/Third Screen - Upload Supporting Doc- Preview/Upload File Adding'

2018-11-08 16:06:06 - [MESSAGE][PASSED] - File 'C:\Users\Public\Pictures\Sample Pictures\Act.jpg' sent to object: 'Object Repository/Final Object Repo/New Registration - Registration Module Pages/Third Screen - Upload Supporting Doc- Preview/Upload File Adding'

2018-11-08 16:06:06 - [TEST_STEP][PASSED] - click: Object: 'Object Repository/Final Object Repo/New Registration - Registration Module Pages/Third Screen - Upload Supporting Doc- Preview/Inner Form Add Document Button' is clicked on

2018-11-08 16:06:12 - [MESSAGE][PASSED] - Object: 'Object Repository/Final Object Repo/New Registration - Registration Module Pages/Third Screen - Upload Supporting Doc- Preview/Inner Form Add Document Button' is clicked on

2018-11-08 16:06:12 - [TEST_STEP][PASSED] - delay: Delayed 4 second(s)

2018-11-08 16:06:16 - [MESSAGE][PASSED] - Delayed 4 second(s)

2018-11-08 16:06:16 - [TEST_STEP][PASSED] - click: Object: 'Object Repository/Final Object Repo/New Registration - Registration Module Pages/Third Screen - Upload Supporting Doc- Preview/Add Document Button' is clicked on

2018-11-08 16:06:16 - [MESSAGE][PASSED] - Object: 'Object Repository/Final Object Repo/New Registration - Registration Module Pages/Third Screen - Upload Supporting Doc- Preview/Add Document Button' is clicked on

2018-11-08 16:06:16 - [TEST_STEP][PASSED] - delay: Delayed 30 second(s)

2018-11-08 16:06:46 - [MESSAGE][PASSED] - Delayed 30 second(s)

2018-11-08 16:06:46 - [TEST_STEP][PASSED] - click: Object: 'Object Repository/Final Object Repo/New Registration - Registration Module Pages/Third Screen - Upload Supporting Doc- Preview/Supporting Doc Please Select Drop Down' is clicked on

2018-11-08 16:06:47 - [MESSAGE][PASSED] - Object: 'Object Repository/Final Object Repo/New Registration - Registration Module Pages/Third Screen - Upload Supporting Doc- Preview/Supporting Doc Please Select Drop Down' is clicked on

2018-11-08 16:06:47 - [TEST_STEP][PASSED] - click: Object: 'Object Repository/Final Object Repo/New Registration - Registration Module Pages/Third Screen - Upload Supporting Doc- Preview/Select to Upload Borang SIP 1' is clicked on

2018-11-08 16:06:47 - [MESSAGE][PASSED] - Object: 'Object Repository/Final Object Repo/New Registration - Registration Module Pages/Third Screen - Upload Supporting Doc- Preview/Select to Upload Borang SIP 1' is clicked on

2018-11-08 16:06:47 - [TEST_STEP][PASSED] - delay: Delayed 2 second(s)

2018-11-08 16:06:49 - [MESSAGE][PASSED] - Delayed 2 second(s)

2018-11-08 16:06:49 - [TEST_STEP][PASSED] - uploadFile: File 'C:\Users\Public\Pictures\Sample Pictures\Act.jpg' sent to object: 'Object Repository/Final Object Repo/New Registration - Registration Module Pages/Third Screen - Upload Supporting Doc- Preview/Upload File Adding'

2018-11-08 16:06:49 - [MESSAGE][PASSED] - File 'C:\Users\Public\Pictures\Sample Pictures\Act.jpg' sent to object: 'Object Repository/Final Object Repo/New Registration - Registration Module Pages/Third Screen - Upload Supporting Doc- Preview/Upload File Adding'

2018-11-08 16:06:49 - [TEST_STEP][PASSED] - click: Object: 'Object Repository/Final Object Repo/New Registration - Registration Module Pages/Third Screen - Upload Supporting Doc- Preview/Inner Form Add Document Button' is clicked on

2018-11-08 16:06:55 - [MESSAGE][PASSED] - Object: 'Object Repository/Final Object Repo/New Registration - Registration Module Pages/Third Screen - Upload Supporting Doc- Preview/Inner Form Add Document Button' is clicked on

2018-11-08 16:06:55 - [TEST_STEP][PASSED] - delay: Delayed 5 second(s)

2018-11-08 16:07:00 - [MESSAGE][PASSED] - Delayed 5 second(s)

2018-11-08 16:07:00 - [TEST_STEP][PASSED] - click: Object: 'Object Repository/Final Object Repo/New Registration - Registration Module Pages/Third Screen - Upload Supporting Doc- Preview/Add Document Button' is clicked on

2018-11-08 16:07:00 - [MESSAGE][PASSED] - Object: 'Object Repository/Final Object Repo/New Registration - Registration Module Pages/Third Screen - Upload Supporting Doc- Preview/Add Document Button' is clicked on

2018-11-08 16:07:00 - [TEST_STEP][PASSED] - delay: Delayed 30 second(s)

2018-11-08 16:07:30 - [MESSAGE][PASSED] - Delayed 30 second(s)

2018-11-08 16:07:30 - [TEST_STEP][PASSED] - click: Object: 'Object Repository/Final Object Repo/New Registration - Registration Module Pages/Third Screen - Upload Supporting Doc- Preview/Supporting Doc Please Select Drop Down' is clicked on

2018-11-08 16:07:31 - [MESSAGE][PASSED] - Object: 'Object Repository/Final Object Repo/New Registration - Registration Module Pages/Third Screen - Upload Supporting Doc- Preview/Supporting Doc Please Select Drop Down' is clicked on

2018-11-08 16:07:31 - [TEST_STEP][PASSED] - delay: Delayed 3 second(s)

2018-11-08 16:07:34 - [MESSAGE][PASSED] - Delayed 3 second(s)

2018-11-08 16:07:34 - [TEST_STEP][PASSED] - click: Object: 'Object Repository/Final Object Repo/New Registration - Registration Module Pages/Third Screen - Upload Supporting Doc- Preview/Select to Upload Borang SIP 2' is clicked on

2018-11-08 16:07:34 - [MESSAGE][PASSED] - Object: 'Object Repository/Final Object Repo/New Registration - Registration Module Pages/Third Screen - Upload Supporting Doc- Preview/Select to Upload Borang SIP 2' is clicked on

2018-11-08 16:07:34 - [TEST_STEP][PASSED] - delay: Delayed 2 second(s)

2018-11-08 16:07:36 - [MESSAGE][PASSED] - Delayed 2 second(s)

2018-11-08 16:07:36 - [TEST_STEP][PASSED] - uploadFile: File 'C:\Users\Public\Pictures\Sample Pictures\Act.jpg' sent to object: 'Object Repository/Final Object Repo/New Registration - Registration Module Pages/Third Screen - Upload Supporting Doc- Preview/Upload File Adding'

2018-11-08 16:07:37 - [MESSAGE][PASSED] - File 'C:\Users\Public\Pictures\Sample Pictures\Act.jpg' sent to object: 'Object Repository/Final Object Repo/New Registration - Registration Module Pages/Third Screen - Upload Supporting Doc- Preview/Upload File Adding'

2018-11-08 16:07:37 - [TEST_STEP][PASSED] - delay: Delayed 5 second(s)

2018-11-08 16:07:42 - [MESSAGE][PASSED] - Delayed 5 second(s)

2018-11-08 16:07:42 - [TEST_STEP][PASSED] - click: Object: 'Object Repository/Final Object Repo/New Registration - Registration Module Pages/Third Screen - Upload Supporting Doc- Preview/Inner Form Add Document Button' is clicked on

2018-11-08 16:07:42 - [MESSAGE][PASSED] - Object: 'Object Repository/Final Object Repo/New Registration - Registration Module Pages/Third Screen - Upload Supporting Doc- Preview/Inner Form Add Document Button' is clicked on

2018-11-08 16:07:42 - [TEST_STEP][PASSED] - delay: Delayed 3 second(s)

2018-11-08 16:07:45 - [MESSAGE][PASSED] - Delayed 3 second(s)

2018-11-08 16:07:45 - [TEST_STEP][PASSED] - waitForElementClickable: Object 'Object Repository/Final Object Repo/New Registration - Registration Module Pages/Third Screen - Upload Supporting Doc- Preview/Save n Continue in Uploading Supporting Doc Page' is clickable

2018-11-08 16:07:47 - [MESSAGE][PASSED] - Object 'Object Repository/Final Object Repo/New Registration - Registration Module Pages/Third Screen - Upload Supporting Doc- Preview/Save n Continue in Uploading Supporting Doc Page' is clickable

2018-11-08 16:07:47 - [TEST_STEP][PASSED] - click: Object: 'Object Repository/Final Object Repo/New Registration - Registration Module Pages/Third Screen - Upload Supporting Doc- Preview/Save n Continue in Uploading Supporting Doc Page' is clicked on

2018-11-08 16:07:48 - [MESSAGE][PASSED] - Object: 'Object Repository/Final Object Repo/New Registration - Registration Module Pages/Third Screen - Upload Supporting Doc- Preview/Save n Continue in Uploading Supporting Doc Page' is clicked on

2018-11-08 16:07:48 - [MESSAGE][PASSED] - Call Test Case 'Test Cases/Final Aug 2018 - PKS Automation/Registration Module/New Registration/Flow of New Registration/Third Screen - Upload Supporting Doc - Preview' successfully

2018-11-08 16:07:48 - [TEST_STEP][PASSED] - setText: Text 'Tester' is set on object 'Object Repository/Final Object Repo/New Registration - Registration Module Pages/New Reg - OTC to RO/Special Case - All Related Objects/Employer Preview Name'

2018-11-08 16:07:52 - [MESSAGE][PASSED] - Text 'Tester' is set on object 'Object Repository/Final Object Repo/New Registration - Registration Module Pages/New Reg - OTC to RO/Special Case - All Related Objects/Employer Preview Name'

2018-11-08 16:07:52 - [TEST_STEP][PASSED] - click: Object: 'Object Repository/Final Object Repo/New Registration - Registration Module Pages/New Reg - OTC to RO/Special Case - All Related Objects/IC Type Drop Down' is clicked on

2018-11-08 16:07:53 - [MESSAGE][PASSED] - Object: 'Object Repository/Final Object Repo/New Registration - Registration Module Pages/New Reg - OTC to RO/Special Case - All Related Objects/IC Type Drop Down' is clicked on

2018-11-08 16:07:53 - [TEST_STEP][PASSED] - click: Object: 'Object Repository/Final Object Repo/New Registration - Registration Module Pages/New Reg - OTC to RO/Special Case - All Related Objects/Select to NRIC' is clicked on

2018-11-08 16:07:54 - [MESSAGE][PASSED] - Object: 'Object Repository/Final Object Repo/New Registration - Registration Module Pages/New Reg - OTC to RO/Special Case - All Related Objects/Select to NRIC' is clicked on

2018-11-08 16:07:54 - [TEST_STEP][PASSED] - setText: Text '133245561223' is set on object 'Object Repository/Final Object Repo/New Registration - Registration Module Pages/New Reg - OTC to RO/Special Case - All Related Objects/IC Value'

2018-11-08 16:07:54 - [MESSAGE][PASSED] - Text '133245561223' is set on object 'Object Repository/Final Object Repo/New Registration - Registration Module Pages/New Reg - OTC to RO/Special Case - All Related Objects/IC Value'

2018-11-08 16:07:54 - [TEST_STEP][PASSED] - setText: Text 'Auto' is set on object 'Object Repository/Final Object Repo/New Registration - Registration Module Pages/New Reg - OTC to RO/Special Case - All Related Objects/Designation'

2018-11-08 16:07:54 - [MESSAGE][PASSED] - Text 'Auto' is set on object 'Object Repository/Final Object Repo/New Registration - Registration Module Pages/New Reg - OTC to RO/Special Case - All Related Objects/Designation'

2018-11-08 16:07:54 - [TEST_STEP][PASSED] - callTestCase: Call Test Case 'Test Cases/Final Aug 2018 - PKS Automation/Registration Module/New Registration/Submit and Screenshot/Submit Registration and Screenshot' successfully

2018-11-08 16:07:54 - [TEST_CASE][PASSED] - Test Cases/Final Aug 2018 - PKS Automation/Registration Module/New Registration/Submit and Screenshot/Submit Registration and Screenshot: Test Cases/Final Aug 2018 - PKS Automation/Registration Module/New Registration/Submit and Screenshot/Submit Registration and Screenshot

2018-11-08 16:07:54 - [TEST_STEP][PASSED] - delay: Delayed 6 second(s)

2018-11-08 16:08:00 - [MESSAGE][PASSED] - Delayed 6 second(s)

2018-11-08 16:08:00 - [TEST_STEP][PASSED] - click: Object: 'Object Repository/Final Object Repo/New Registration - Registration Module Pages/Third Screen - Upload Supporting Doc- Preview/Preview Submit Button' is clicked on

2018-11-08 16:08:01 - [MESSAGE][PASSED] - Object: 'Object Repository/Final Object Repo/New Registration - Registration Module Pages/Third Screen - Upload Supporting Doc- Preview/Preview Submit Button' is clicked on

2018-11-08 16:08:01 - [TEST_STEP][PASSED] - delay: Delayed 2 second(s)

2018-11-08 16:08:03 - [MESSAGE][PASSED] - Delayed 2 second(s)

2018-11-08 16:08:03 - [TEST_STEP][PASSED] - click: Object: 'Object Repository/Final Object Repo/New Registration - Registration Module Pages/Third Screen - Upload Supporting Doc- Preview/Preview Submit - Confirm' is clicked on

2018-11-08 16:08:08 - [MESSAGE][PASSED] - Object: 'Object Repository/Final Object Repo/New Registration - Registration Module Pages/Third Screen - Upload Supporting Doc- Preview/Preview Submit - Confirm' is clicked on

2018-11-08 16:08:08 - [TEST_STEP][PASSED] - delay: Delayed 15 second(s)

2018-11-08 16:08:23 - [MESSAGE][PASSED] - Delayed 15 second(s)

2018-11-08 16:08:23 - [TEST_STEP][PASSED] - Statement - driver = com.kms.katalon.core.webui.driver.DriverFactory.getWebDriver(): null

2018-11-08 16:08:23 - [TEST_STEP][PASSED] - Statement - driver.manage().timeouts().implicitlyWait(10, SECONDS): null

2018-11-08 16:08:23 - [TEST_STEP][PASSED] - Statement - PresavePath = KatalonScreenshots: null

2018-11-08 16:08:23 - [TEST_STEP][PASSED] - Statement - pathPrefix = "C:\Users\Public\Pictures\Sample Pictures\Katalon Screenshots\Automate Ending Screen": null

2018-11-08 16:08:23 - [TEST_STEP][PASSED] - Statement - finalPath = <not implemented yet for class: org.codehaus.groovy.ast.expr.EmptyExpression>: null

2018-11-08 16:08:23 - [TEST_STEP][PASSED] - Statement - scrFile = driver.getScreenshotAs(FILE): null

2018-11-08 16:08:23 - [TEST_STEP][PASSED] - Statement - PreSaveFile = new java.io.File(PresavePath): null

2018-11-08 16:08:23 - [TEST_STEP][PASSED] - Statement - counter = 0: null

2018-11-08 16:08:23 - [TEST_STEP][PASSED] - Statement - If (PreSaveFile.exists()): null

2018-11-08 16:08:23 - [TEST_STEP][PASSED] - Statement - While (PreSaveFile.exists()): null

2018-11-08 16:08:23 - [TEST_STEP][PASSED] - Statement - counter = counter + 1: null

2018-11-08 16:08:23 - [TEST_STEP][PASSED] - Statement - PreSaveFile = new java.io.File(((pathPrefix + java.lang.Integer.toString(counter)) + .png)): null

2018-11-08 16:08:23 - [TEST_STEP][PASSED] - Statement - counter = counter + 1: null

2018-11-08 16:08:23 - [TEST_STEP][PASSED] - Statement - PreSaveFile = new java.io.File(((pathPrefix + java.lang.Integer.toString(counter)) + .png)): null

2018-11-08 16:08:23 - [TEST_STEP][PASSED] - Statement - counter = counter + 1: null

2018-11-08 16:08:23 - [TEST_STEP][PASSED] - Statement - PreSaveFile = new java.io.File(((pathPrefix + java.lang.Integer.toString(counter)) + .png)): null

2018-11-08 16:08:23 - [TEST_STEP][PASSED] - Statement - counter = counter + 1: null

2018-11-08 16:08:23 - [TEST_STEP][PASSED] - Statement - PreSaveFile = new java.io.File(((pathPrefix + java.lang.Integer.toString(counter)) + .png)): null

2018-11-08 16:08:23 - [TEST_STEP][PASSED] - Statement - counter = counter + 1: null

2018-11-08 16:08:23 - [TEST_STEP][PASSED] - Statement - PreSaveFile = new java.io.File(((pathPrefix + java.lang.Integer.toString(counter)) + .png)): null

2018-11-08 16:08:23 - [TEST_STEP][PASSED] - Statement - counter = counter + 1: null

2018-11-08 16:08:23 - [TEST_STEP][PASSED] - Statement - PreSaveFile = new java.io.File(((pathPrefix + java.lang.Integer.toString(counter)) + .png)): null

2018-11-08 16:08:23 - [TEST_STEP][PASSED] - Statement - counter = counter + 1: null

2018-11-08 16:08:23 - [TEST_STEP][PASSED] - Statement - PreSaveFile = new java.io.File(((pathPrefix + java.lang.Integer.toString(counter)) + .png)): null

2018-11-08 16:08:23 - [TEST_STEP][PASSED] - Statement - counter = counter + 1: null

2018-11-08 16:08:23 - [TEST_STEP][PASSED] - Statement - PreSaveFile = new java.io.File(((pathPrefix + java.lang.Integer.toString(counter)) + .png)): null

2018-11-08 16:08:23 - [TEST_STEP][PASSED] - Statement - counter = counter + 1: null

2018-11-08 16:08:23 - [TEST_STEP][PASSED] - Statement - PreSaveFile = new java.io.File(((pathPrefix + java.lang.Integer.toString(counter)) + .png)): null

2018-11-08 16:08:23 - [TEST_STEP][PASSED] - Statement - counter = counter + 1: null

2018-11-08 16:08:23 - [TEST_STEP][PASSED] - Statement - PreSaveFile = new java.io.File(((pathPrefix + java.lang.Integer.toString(counter)) + .png)): null

2018-11-08 16:08:23 - [TEST_STEP][PASSED] - Statement - counter = counter + 1: null

2018-11-08 16:08:23 - [TEST_STEP][PASSED] - Statement - PreSaveFile = new java.io.File(((pathPrefix + java.lang.Integer.toString(counter)) + .png)): null

2018-11-08 16:08:23 - [TEST_STEP][PASSED] - Statement - counter = counter + 1: null

2018-11-08 16:08:23 - [TEST_STEP][PASSED] - Statement - PreSaveFile = new java.io.File(((pathPrefix + java.lang.Integer.toString(counter)) + .png)): null

2018-11-08 16:08:23 - [TEST_STEP][PASSED] - Statement - counter = counter + 1: null

2018-11-08 16:08:23 - [TEST_STEP][PASSED] - Statement - PreSaveFile = new java.io.File(((pathPrefix + java.lang.Integer.toString(counter)) + .png)): null

2018-11-08 16:08:23 - [TEST_STEP][PASSED] - Statement - counter = counter + 1: null

2018-11-08 16:08:23 - [TEST_STEP][PASSED] - Statement - PreSaveFile = new java.io.File(((pathPrefix + java.lang.Integer.toString(counter)) + .png)): null

2018-11-08 16:08:23 - [TEST_STEP][PASSED] - Statement - counter = counter + 1: null

2018-11-08 16:08:23 - [TEST_STEP][PASSED] - Statement - PreSaveFile = new java.io.File(((pathPrefix + java.lang.Integer.toString(counter)) + .png)): null

2018-11-08 16:08:23 - [TEST_STEP][PASSED] - Statement - counter = counter + 1: null

2018-11-08 16:08:23 - [TEST_STEP][PASSED] - Statement - PreSaveFile = new java.io.File(((pathPrefix + java.lang.Integer.toString(counter)) + .png)): null

2018-11-08 16:08:23 - [TEST_STEP][PASSED] - Statement - counter = counter + 1: null

2018-11-08 16:08:23 - [TEST_STEP][PASSED] - Statement - PreSaveFile = new java.io.File(((pathPrefix + java.lang.Integer.toString(counter)) + .png)): null

2018-11-08 16:08:23 - [TEST_STEP][PASSED] - Statement - counter = counter + 1: null

2018-11-08 16:08:23 - [TEST_STEP][PASSED] - Statement - PreSaveFile = new java.io.File(((pathPrefix + java.lang.Integer.toString(counter)) + .png)): null

2018-11-08 16:08:23 - [TEST_STEP][PASSED] - Statement - counter = counter + 1: null

2018-11-08 16:08:23 - [TEST_STEP][PASSED] - Statement - PreSaveFile = new java.io.File(((pathPrefix + java.lang.Integer.toString(counter)) + .png)): null

2018-11-08 16:08:23 - [TEST_STEP][PASSED] - Statement - counter = counter + 1: null

2018-11-08 16:08:24 - [TEST_STEP][PASSED] - Statement - PreSaveFile = new java.io.File(((pathPrefix + java.lang.Integer.toString(counter)) + .png)): null

2018-11-08 16:08:24 - [TEST_STEP][PASSED] - Statement - counter = counter + 1: null

2018-11-08 16:08:24 - [TEST_STEP][PASSED] - Statement - PreSaveFile = new java.io.File(((pathPrefix + java.lang.Integer.toString(counter)) + .png)): null

2018-11-08 16:08:24 - [TEST_STEP][PASSED] - Statement - counter = counter + 1: null

2018-11-08 16:08:24 - [TEST_STEP][PASSED] - Statement - PreSaveFile = new java.io.File(((pathPrefix + java.lang.Integer.toString(counter)) + .png)): null

2018-11-08 16:08:24 - [TEST_STEP][PASSED] - Statement - counter = counter + 1: null

2018-11-08 16:08:24 - [TEST_STEP][PASSED] - Statement - PreSaveFile = new java.io.File(((pathPrefix + java.lang.Integer.toString(counter)) + .png)): null

2018-11-08 16:08:24 - [TEST_STEP][PASSED] - Statement - counter = counter + 1: null

2018-11-08 16:08:24 - [TEST_STEP][PASSED] - Statement - PreSaveFile = new java.io.File(((pathPrefix + java.lang.Integer.toString(counter)) + .png)): null

2018-11-08 16:08:24 - [TEST_STEP][PASSED] - Statement - counter = counter + 1: null

2018-11-08 16:08:24 - [TEST_STEP][PASSED] - Statement - PreSaveFile = new java.io.File(((pathPrefix + java.lang.Integer.toString(counter)) + .png)): null

2018-11-08 16:08:24 - [TEST_STEP][PASSED] - Statement - counter = counter + 1: null

2018-11-08 16:08:24 - [TEST_STEP][PASSED] - Statement - PreSaveFile = new java.io.File(((pathPrefix + java.lang.Integer.toString(counter)) + .png)): null

2018-11-08 16:08:24 - [TEST_STEP][PASSED] - Statement - counter = counter + 1: null

2018-11-08 16:08:24 - [TEST_STEP][PASSED] - Statement - PreSaveFile = new java.io.File(((pathPrefix + java.lang.Integer.toString(counter)) + .png)): null

2018-11-08 16:08:24 - [TEST_STEP][PASSED] - Statement - counter = counter + 1: null

2018-11-08 16:08:24 - [TEST_STEP][PASSED] - Statement - PreSaveFile = new java.io.File(((pathPrefix + java.lang.Integer.toString(counter)) + .png)): null

2018-11-08 16:08:24 - [TEST_STEP][PASSED] - Statement - counter = counter + 1: null

2018-11-08 16:08:24 - [TEST_STEP][PASSED] - Statement - PreSaveFile = new java.io.File(((pathPrefix + java.lang.Integer.toString(counter)) + .png)): null

2018-11-08 16:08:24 - [TEST_STEP][PASSED] - Statement - counter = counter + 1: null

2018-11-08 16:08:24 - [TEST_STEP][PASSED] - Statement - PreSaveFile = new java.io.File(((pathPrefix + java.lang.Integer.toString(counter)) + .png)): null

2018-11-08 16:08:24 - [TEST_STEP][PASSED] - Statement - counter = counter + 1: null

2018-11-08 16:08:24 - [TEST_STEP][PASSED] - Statement - PreSaveFile = new java.io.File(((pathPrefix + java.lang.Integer.toString(counter)) + .png)): null

2018-11-08 16:08:24 - [TEST_STEP][PASSED] - Statement - counter = counter + 1: null

2018-11-08 16:08:24 - [TEST_STEP][PASSED] - Statement - PreSaveFile = new java.io.File(((pathPrefix + java.lang.Integer.toString(counter)) + .png)): null

2018-11-08 16:08:24 - [TEST_STEP][PASSED] - Statement - counter = counter + 1: null

2018-11-08 16:08:24 - [TEST_STEP][PASSED] - Statement - PreSaveFile = new java.io.File(((pathPrefix + java.lang.Integer.toString(counter)) + .png)): null

2018-11-08 16:08:24 - [TEST_STEP][PASSED] - Statement - counter = counter + 1: null

2018-11-08 16:08:24 - [TEST_STEP][PASSED] - Statement - PreSaveFile = new java.io.File(((pathPrefix + java.lang.Integer.toString(counter)) + .png)): null

2018-11-08 16:08:24 - [TEST_STEP][PASSED] - Statement - counter = counter + 1: null

2018-11-08 16:08:25 - [TEST_STEP][PASSED] - Statement - PreSaveFile = new java.io.File(((pathPrefix + java.lang.Integer.toString(counter)) + .png)): null

2018-11-08 16:08:25 - [TEST_STEP][PASSED] - Statement - counter = counter + 1: null

2018-11-08 16:08:25 - [TEST_STEP][PASSED] - Statement - PreSaveFile = new java.io.File(((pathPrefix + java.lang.Integer.toString(counter)) + .png)): null

2018-11-08 16:08:25 - [TEST_STEP][PASSED] - Statement - counter = counter + 1: null

2018-11-08 16:08:25 - [TEST_STEP][PASSED] - Statement - PreSaveFile = new java.io.File(((pathPrefix + java.lang.Integer.toString(counter)) + .png)): null

2018-11-08 16:08:25 - [TEST_STEP][PASSED] - Statement - counter = counter + 1: null

2018-11-08 16:08:25 - [TEST_STEP][PASSED] - Statement - PreSaveFile = new java.io.File(((pathPrefix + java.lang.Integer.toString(counter)) + .png)): null

2018-11-08 16:08:25 - [TEST_STEP][PASSED] - Statement - counter = counter + 1: null

2018-11-08 16:08:25 - [TEST_STEP][PASSED] - Statement - PreSaveFile = new java.io.File(((pathPrefix + java.lang.Integer.toString(counter)) + .png)): null

2018-11-08 16:08:25 - [TEST_STEP][PASSED] - Statement - counter = counter + 1: null

2018-11-08 16:08:26 - [TEST_STEP][PASSED] - Statement - PreSaveFile = new java.io.File(((pathPrefix + java.lang.Integer.toString(counter)) + .png)): null

2018-11-08 16:08:26 - [TEST_STEP][PASSED] - Statement - counter = counter + 1: null

2018-11-08 16:08:26 - [TEST_STEP][PASSED] - Statement - PreSaveFile = new java.io.File(((pathPrefix + java.lang.Integer.toString(counter)) + .png)): null

2018-11-08 16:08:26 - [TEST_STEP][PASSED] - Statement - counter = counter + 1: null

2018-11-08 16:08:26 - [TEST_STEP][PASSED] - Statement - PreSaveFile = new java.io.File(((pathPrefix + java.lang.Integer.toString(counter)) + .png)): null

2018-11-08 16:08:26 - [TEST_STEP][PASSED] - Statement - counter = counter + 1: null

2018-11-08 16:08:26 - [TEST_STEP][PASSED] - Statement - PreSaveFile = new java.io.File(((pathPrefix + java.lang.Integer.toString(counter)) + .png)): null

2018-11-08 16:08:26 - [TEST_STEP][PASSED] - Statement - counter = counter + 1: null

2018-11-08 16:08:26 - [TEST_STEP][PASSED] - Statement - PreSaveFile = new java.io.File(((pathPrefix + java.lang.Integer.toString(counter)) + .png)): null

2018-11-08 16:08:26 - [TEST_STEP][PASSED] - Statement - counter = counter + 1: null

2018-11-08 16:08:26 - [TEST_STEP][PASSED] - Statement - PreSaveFile = new java.io.File(((pathPrefix + java.lang.Integer.toString(counter)) + .png)): null

2018-11-08 16:08:26 - [TEST_STEP][PASSED] - Statement - counter = counter + 1: null

2018-11-08 16:08:26 - [TEST_STEP][PASSED] - Statement - PreSaveFile = new java.io.File(((pathPrefix + java.lang.Integer.toString(counter)) + .png)): null

2018-11-08 16:08:26 - [TEST_STEP][PASSED] - Statement - counter = counter + 1: null

2018-11-08 16:08:26 - [TEST_STEP][PASSED] - Statement - PreSaveFile = new java.io.File(((pathPrefix + java.lang.Integer.toString(counter)) + .png)): null

2018-11-08 16:08:26 - [TEST_STEP][PASSED] - Statement - counter = counter + 1: null

2018-11-08 16:08:26 - [TEST_STEP][PASSED] - Statement - PreSaveFile = new java.io.File(((pathPrefix + java.lang.Integer.toString(counter)) + .png)): null

2018-11-08 16:08:26 - [TEST_STEP][PASSED] - Statement - counter = counter + 1: null

2018-11-08 16:08:26 - [TEST_STEP][PASSED] - Statement - PreSaveFile = new java.io.File(((pathPrefix + java.lang.Integer.toString(counter)) + .png)): null

2018-11-08 16:08:26 - [TEST_STEP][PASSED] - Statement - counter = counter + 1: null

2018-11-08 16:08:27 - [TEST_STEP][PASSED] - Statement - PreSaveFile = new java.io.File(((pathPrefix + java.lang.Integer.toString(counter)) + .png)): null

2018-11-08 16:08:27 - [TEST_STEP][PASSED] - Statement - counter = counter + 1: null

2018-11-08 16:08:27 - [TEST_STEP][PASSED] - Statement - PreSaveFile = new java.io.File(((pathPrefix + java.lang.Integer.toString(counter)) + .png)): null

2018-11-08 16:08:27 - [TEST_STEP][PASSED] - Statement - counter = counter + 1: null

2018-11-08 16:08:27 - [TEST_STEP][PASSED] - Statement - PreSaveFile = new java.io.File(((pathPrefix + java.lang.Integer.toString(counter)) + .png)): null

2018-11-08 16:08:27 - [TEST_STEP][PASSED] - Statement - counter = counter + 1: null

2018-11-08 16:08:27 - [TEST_STEP][PASSED] - Statement - PreSaveFile = new java.io.File(((pathPrefix + java.lang.Integer.toString(counter)) + .png)): null

2018-11-08 16:08:27 - [TEST_STEP][PASSED] - Statement - counter = counter + 1: null

2018-11-08 16:08:27 - [TEST_STEP][PASSED] - Statement - PreSaveFile = new java.io.File(((pathPrefix + java.lang.Integer.toString(counter)) + .png)): null

2018-11-08 16:08:27 - [TEST_STEP][PASSED] - Statement - counter = counter + 1: null

2018-11-08 16:08:27 - [TEST_STEP][PASSED] - Statement - PreSaveFile = new java.io.File(((pathPrefix + java.lang.Integer.toString(counter)) + .png)): null

2018-11-08 16:08:27 - [TEST_STEP][PASSED] - Statement - counter = counter + 1: null

2018-11-08 16:08:27 - [TEST_STEP][PASSED] - Statement - PreSaveFile = new java.io.File(((pathPrefix + java.lang.Integer.toString(counter)) + .png)): null

2018-11-08 16:08:27 - [TEST_STEP][PASSED] - Statement - counter = counter + 1: null

2018-11-08 16:08:27 - [TEST_STEP][PASSED] - Statement - PreSaveFile = new java.io.File(((pathPrefix + java.lang.Integer.toString(counter)) + .png)): null

2018-11-08 16:08:28 - [TEST_STEP][PASSED] - Statement - counter = counter + 1: null

2018-11-08 16:08:28 - [TEST_STEP][PASSED] - Statement - PreSaveFile = new java.io.File(((pathPrefix + java.lang.Integer.toString(counter)) + .png)): null

2018-11-08 16:08:28 - [TEST_STEP][PASSED] - Statement - counter = counter + 1: null

2018-11-08 16:08:28 - [TEST_STEP][PASSED] - Statement - PreSaveFile = new java.io.File(((pathPrefix + java.lang.Integer.toString(counter)) + .png)): null

2018-11-08 16:08:28 - [TEST_STEP][PASSED] - Statement - counter = counter + 1: null

2018-11-08 16:08:28 - [TEST_STEP][PASSED] - Statement - PreSaveFile = new java.io.File(((pathPrefix + java.lang.Integer.toString(counter)) + .png)): null

2018-11-08 16:08:28 - [TEST_STEP][PASSED] - Statement - counter = counter + 1: null

2018-11-08 16:08:28 - [TEST_STEP][PASSED] - Statement - PreSaveFile = new java.io.File(((pathPrefix + java.lang.Integer.toString(counter)) + .png)): null

2018-11-08 16:08:28 - [TEST_STEP][PASSED] - Statement - counter = counter + 1: null

2018-11-08 16:08:28 - [TEST_STEP][PASSED] - Statement - PreSaveFile = new java.io.File(((pathPrefix + java.lang.Integer.toString(counter)) + .png)): null

2018-11-08 16:08:28 - [TEST_STEP][PASSED] - Statement - counter = counter + 1: null

2018-11-08 16:08:28 - [TEST_STEP][PASSED] - Statement - PreSaveFile = new java.io.File(((pathPrefix + java.lang.Integer.toString(counter)) + .png)): null

2018-11-08 16:08:28 - [TEST_STEP][PASSED] - Statement - counter = counter + 1: null

2018-11-08 16:08:29 - [TEST_STEP][PASSED] - Statement - PreSaveFile = new java.io.File(((pathPrefix + java.lang.Integer.toString(counter)) + .png)): null

2018-11-08 16:08:29 - [TEST_STEP][PASSED] - Statement - counter = counter + 1: null

2018-11-08 16:08:29 - [TEST_STEP][PASSED] - Statement - PreSaveFile = new java.io.File(((pathPrefix + java.lang.Integer.toString(counter)) + .png)): null

2018-11-08 16:08:29 - [TEST_STEP][PASSED] - Statement - counter = counter + 1: null

2018-11-08 16:08:29 - [TEST_STEP][PASSED] - Statement - PreSaveFile = new java.io.File(((pathPrefix + java.lang.Integer.toString(counter)) + .png)): null

2018-11-08 16:08:29 - [TEST_STEP][PASSED] - Statement - counter = counter + 1: null

2018-11-08 16:08:29 - [TEST_STEP][PASSED] - Statement - PreSaveFile = new java.io.File(((pathPrefix + java.lang.Integer.toString(counter)) + .png)): null

2018-11-08 16:08:29 - [TEST_STEP][PASSED] - Statement - counter = counter + 1: null

2018-11-08 16:08:29 - [TEST_STEP][PASSED] - Statement - PreSaveFile = new java.io.File(((pathPrefix + java.lang.Integer.toString(counter)) + .png)): null

2018-11-08 16:08:29 - [TEST_STEP][PASSED] - Statement - counter = counter + 1: null

2018-11-08 16:08:29 - [TEST_STEP][PASSED] - Statement - PreSaveFile = new java.io.File(((pathPrefix + java.lang.Integer.toString(counter)) + .png)): null

2018-11-08 16:08:29 - [TEST_STEP][PASSED] - Statement - counter = counter + 1: null

2018-11-08 16:08:29 - [TEST_STEP][PASSED] - Statement - PreSaveFile = new java.io.File(((pathPrefix + java.lang.Integer.toString(counter)) + .png)): null

2018-11-08 16:08:29 - [TEST_STEP][PASSED] - Statement - counter = counter + 1: null

2018-11-08 16:08:29 - [TEST_STEP][PASSED] - Statement - PreSaveFile = new java.io.File(((pathPrefix + java.lang.Integer.toString(counter)) + .png)): null

2018-11-08 16:08:29 - [TEST_STEP][PASSED] - Statement - counter = counter + 1: null

2018-11-08 16:08:29 - [TEST_STEP][PASSED] - Statement - PreSaveFile = new java.io.File(((pathPrefix + java.lang.Integer.toString(counter)) + .png)): null

2018-11-08 16:08:29 - [TEST_STEP][PASSED] - Statement - counter = counter + 1: null

2018-11-08 16:08:29 - [TEST_STEP][PASSED] - Statement - PreSaveFile = new java.io.File(((pathPrefix + java.lang.Integer.toString(counter)) + .png)): null

2018-11-08 16:08:29 - [TEST_STEP][PASSED] - Statement - counter = counter + 1: null

2018-11-08 16:08:29 - [TEST_STEP][PASSED] - Statement - PreSaveFile = new java.io.File(((pathPrefix + java.lang.Integer.toString(counter)) + .png)): null

2018-11-08 16:08:30 - [TEST_STEP][PASSED] - Statement - counter = counter + 1: null

2018-11-08 16:08:30 - [TEST_STEP][PASSED] - Statement - PreSaveFile = new java.io.File(((pathPrefix + java.lang.Integer.toString(counter)) + .png)): null

2018-11-08 16:08:30 - [TEST_STEP][PASSED] - Statement - counter = counter + 1: null

2018-11-08 16:08:30 - [TEST_STEP][PASSED] - Statement - PreSaveFile = new java.io.File(((pathPrefix + java.lang.Integer.toString(counter)) + .png)): null

2018-11-08 16:08:30 - [TEST_STEP][PASSED] - Statement - counter = counter + 1: null

2018-11-08 16:08:30 - [TEST_STEP][PASSED] - Statement - PreSaveFile = new java.io.File(((pathPrefix + java.lang.Integer.toString(counter)) + .png)): null

2018-11-08 16:08:30 - [TEST_STEP][PASSED] - Statement - counter = counter + 1: null

2018-11-08 16:08:30 - [TEST_STEP][PASSED] - Statement - PreSaveFile = new java.io.File(((pathPrefix + java.lang.Integer.toString(counter)) + .png)): null

2018-11-08 16:08:30 - [TEST_STEP][PASSED] - Statement - counter = counter + 1: null

2018-11-08 16:08:30 - [TEST_STEP][PASSED] - Statement - PreSaveFile = new java.io.File(((pathPrefix + java.lang.Integer.toString(counter)) + .png)): null

2018-11-08 16:08:30 - [TEST_STEP][PASSED] - Statement - counter = counter + 1: null

2018-11-08 16:08:30 - [TEST_STEP][PASSED] - Statement - PreSaveFile = new java.io.File(((pathPrefix + java.lang.Integer.toString(counter)) + .png)): null

2018-11-08 16:08:30 - [TEST_STEP][PASSED] - Statement - counter = counter + 1: null

2018-11-08 16:08:30 - [TEST_STEP][PASSED] - Statement - PreSaveFile = new java.io.File(((pathPrefix + java.lang.Integer.toString(counter)) + .png)): null

2018-11-08 16:08:30 - [TEST_STEP][PASSED] - Statement - counter = counter + 1: null

2018-11-08 16:08:30 - [TEST_STEP][PASSED] - Statement - PreSaveFile = new java.io.File(((pathPrefix + java.lang.Integer.toString(counter)) + .png)): null

2018-11-08 16:08:30 - [TEST_STEP][PASSED] - Statement - counter = counter + 1: null

2018-11-08 16:08:30 - [TEST_STEP][PASSED] - Statement - PreSaveFile = new java.io.File(((pathPrefix + java.lang.Integer.toString(counter)) + .png)): null

2018-11-08 16:08:30 - [TEST_STEP][PASSED] - Statement - counter = counter + 1: null

2018-11-08 16:08:30 - [TEST_STEP][PASSED] - Statement - PreSaveFile = new java.io.File(((pathPrefix + java.lang.Integer.toString(counter)) + .png)): null

2018-11-08 16:08:30 - [TEST_STEP][PASSED] - Statement - counter = counter + 1: null

2018-11-08 16:08:30 - [TEST_STEP][PASSED] - Statement - PreSaveFile = new java.io.File(((pathPrefix + java.lang.Integer.toString(counter)) + .png)): null

2018-11-08 16:08:30 - [TEST_STEP][PASSED] - Statement - counter = counter + 1: null

2018-11-08 16:08:31 - [TEST_STEP][PASSED] - Statement - PreSaveFile = new java.io.File(((pathPrefix + java.lang.Integer.toString(counter)) + .png)): null

2018-11-08 16:08:31 - [TEST_STEP][PASSED] - Statement - counter = counter + 1: null

2018-11-08 16:08:31 - [TEST_STEP][PASSED] - Statement - PreSaveFile = new java.io.File(((pathPrefix + java.lang.Integer.toString(counter)) + .png)): null

2018-11-08 16:08:31 - [TEST_STEP][PASSED] - Statement - counter = counter + 1: null

2018-11-08 16:08:31 - [TEST_STEP][PASSED] - Statement - PreSaveFile = new java.io.File(((pathPrefix + java.lang.Integer.toString(counter)) + .png)): null

2018-11-08 16:08:31 - [TEST_STEP][PASSED] - Statement - counter = counter + 1: null

2018-11-08 16:08:31 - [TEST_STEP][PASSED] - Statement - PreSaveFile = new java.io.File(((pathPrefix + java.lang.Integer.toString(counter)) + .png)): null

2018-11-08 16:08:31 - [TEST_STEP][PASSED] - Statement - counter = counter + 1: null

2018-11-08 16:08:31 - [TEST_STEP][PASSED] - Statement - PreSaveFile = new java.io.File(((pathPrefix + java.lang.Integer.toString(counter)) + .png)): null

2018-11-08 16:08:31 - [TEST_STEP][PASSED] - Statement - counter = counter + 1: null

2018-11-08 16:08:32 - [TEST_STEP][PASSED] - Statement - PreSaveFile = new java.io.File(((pathPrefix + java.lang.Integer.toString(counter)) + .png)): null

2018-11-08 16:08:32 - [TEST_STEP][PASSED] - Statement - counter = counter + 1: null

2018-11-08 16:08:32 - [TEST_STEP][PASSED] - Statement - PreSaveFile = new java.io.File(((pathPrefix + java.lang.Integer.toString(counter)) + .png)): null

2018-11-08 16:08:32 - [TEST_STEP][PASSED] - Statement - counter = counter + 1: null

2018-11-08 16:08:32 - [TEST_STEP][PASSED] - Statement - PreSaveFile = new java.io.File(((pathPrefix + java.lang.Integer.toString(counter)) + .png)): null

2018-11-08 16:08:32 - [TEST_STEP][PASSED] - Statement - counter = counter + 1: null

2018-11-08 16:08:32 - [TEST_STEP][PASSED] - Statement - PreSaveFile = new java.io.File(((pathPrefix + java.lang.Integer.toString(counter)) + .png)): null

2018-11-08 16:08:32 - [TEST_STEP][PASSED] - Statement - counter = counter + 1: null

2018-11-08 16:08:32 - [TEST_STEP][PASSED] - Statement - PreSaveFile = new java.io.File(((pathPrefix + java.lang.Integer.toString(counter)) + .png)): null

2018-11-08 16:08:32 - [TEST_STEP][PASSED] - Statement - counter = counter + 1: null

2018-11-08 16:08:33 - [TEST_STEP][PASSED] - Statement - PreSaveFile = new java.io.File(((pathPrefix + java.lang.Integer.toString(counter)) + .png)): null

2018-11-08 16:08:33 - [TEST_STEP][PASSED] - Statement - counter = counter + 1: null

2018-11-08 16:08:33 - [TEST_STEP][PASSED] - Statement - PreSaveFile = new java.io.File(((pathPrefix + java.lang.Integer.toString(counter)) + .png)): null

2018-11-08 16:08:33 - [TEST_STEP][PASSED] - Statement - counter = counter + 1: null

2018-11-08 16:08:33 - [TEST_STEP][PASSED] - Statement - PreSaveFile = new java.io.File(((pathPrefix + java.lang.Integer.toString(counter)) + .png)): null

2018-11-08 16:08:33 - [TEST_STEP][PASSED] - Statement - counter = counter + 1: null

2018-11-08 16:08:33 - [TEST_STEP][PASSED] - Statement - PreSaveFile = new java.io.File(((pathPrefix + java.lang.Integer.toString(counter)) + .png)): null

2018-11-08 16:08:33 - [TEST_STEP][PASSED] - Statement - counter = counter + 1: null

2018-11-08 16:08:33 - [TEST_STEP][PASSED] - Statement - PreSaveFile = new java.io.File(((pathPrefix + java.lang.Integer.toString(counter)) + .png)): null

2018-11-08 16:08:33 - [TEST_STEP][PASSED] - Statement - counter = counter + 1: null

2018-11-08 16:08:34 - [TEST_STEP][PASSED] - Statement - PreSaveFile = new java.io.File(((pathPrefix + java.lang.Integer.toString(counter)) + .png)): null

2018-11-08 16:08:34 - [TEST_STEP][PASSED] - Statement - counter = counter + 1: null

2018-11-08 16:08:34 - [TEST_STEP][PASSED] - Statement - PreSaveFile = new java.io.File(((pathPrefix + java.lang.Integer.toString(counter)) + .png)): null

2018-11-08 16:08:34 - [TEST_STEP][PASSED] - Statement - counter = counter + 1: null

2018-11-08 16:08:34 - [TEST_STEP][PASSED] - Statement - PreSaveFile = new java.io.File(((pathPrefix + java.lang.Integer.toString(counter)) + .png)): null

2018-11-08 16:08:34 - [TEST_STEP][PASSED] - Statement - counter = counter + 1: null

2018-11-08 16:08:34 - [TEST_STEP][PASSED] - Statement - PreSaveFile = new java.io.File(((pathPrefix + java.lang.Integer.toString(counter)) + .png)): null

2018-11-08 16:08:34 - [TEST_STEP][PASSED] - Statement - counter = counter + 1: null

2018-11-08 16:08:34 - [TEST_STEP][PASSED] - Statement - PreSaveFile = new java.io.File(((pathPrefix + java.lang.Integer.toString(counter)) + .png)): null

2018-11-08 16:08:34 - [TEST_STEP][PASSED] - Statement - counter = counter + 1: null

2018-11-08 16:08:35 - [TEST_STEP][PASSED] - Statement - PreSaveFile = new java.io.File(((pathPrefix + java.lang.Integer.toString(counter)) + .png)): null

2018-11-08 16:08:35 - [TEST_STEP][PASSED] - Statement - counter = counter + 1: null

2018-11-08 16:08:35 - [TEST_STEP][PASSED] - Statement - PreSaveFile = new java.io.File(((pathPrefix + java.lang.Integer.toString(counter)) + .png)): null

2018-11-08 16:08:35 - [TEST_STEP][PASSED] - Statement - counter = counter + 1: null

2018-11-08 16:08:35 - [TEST_STEP][PASSED] - Statement - PreSaveFile = new java.io.File(((pathPrefix + java.lang.Integer.toString(counter)) + .png)): null

2018-11-08 16:08:35 - [TEST_STEP][PASSED] - Statement - counter = counter + 1: null

2018-11-08 16:08:35 - [TEST_STEP][PASSED] - Statement - PreSaveFile = new java.io.File(((pathPrefix + java.lang.Integer.toString(counter)) + .png)): null

2018-11-08 16:08:35 - [TEST_STEP][PASSED] - Statement - counter = counter + 1: null

2018-11-08 16:08:35 - [TEST_STEP][PASSED] - Statement - PreSaveFile = new java.io.File(((pathPrefix + java.lang.Integer.toString(counter)) + .png)): null

2018-11-08 16:08:35 - [TEST_STEP][PASSED] - Statement - counter = counter + 1: null

2018-11-08 16:08:35 - [TEST_STEP][PASSED] - Statement - PreSaveFile = new java.io.File(((pathPrefix + java.lang.Integer.toString(counter)) + .png)): null

2018-11-08 16:08:36 - [TEST_STEP][PASSED] - Statement - counter = counter + 1: null

2018-11-08 16:08:36 - [TEST_STEP][PASSED] - Statement - PreSaveFile = new java.io.File(((pathPrefix + java.lang.Integer.toString(counter)) + .png)): null

2018-11-08 16:08:36 - [TEST_STEP][PASSED] - Statement - counter = counter + 1: null

2018-11-08 16:08:36 - [TEST_STEP][PASSED] - Statement - PreSaveFile = new java.io.File(((pathPrefix + java.lang.Integer.toString(counter)) + .png)): null

2018-11-08 16:08:36 - [TEST_STEP][PASSED] - Statement - counter = counter + 1: null

2018-11-08 16:08:36 - [TEST_STEP][PASSED] - Statement - PreSaveFile = new java.io.File(((pathPrefix + java.lang.Integer.toString(counter)) + .png)): null

2018-11-08 16:08:36 - [TEST_STEP][PASSED] - Statement - counter = counter + 1: null

2018-11-08 16:08:36 - [TEST_STEP][PASSED] - Statement - PreSaveFile = new java.io.File(((pathPrefix + java.lang.Integer.toString(counter)) + .png)): null

2018-11-08 16:08:36 - [TEST_STEP][PASSED] - Statement - counter = counter + 1: null

2018-11-08 16:08:36 - [TEST_STEP][PASSED] - Statement - PreSaveFile = new java.io.File(((pathPrefix + java.lang.Integer.toString(counter)) + .png)): null

2018-11-08 16:08:36 - [TEST_STEP][PASSED] - Statement - counter = counter + 1: null

2018-11-08 16:08:37 - [TEST_STEP][PASSED] - Statement - PreSaveFile = new java.io.File(((pathPrefix + java.lang.Integer.toString(counter)) + .png)): null

2018-11-08 16:08:37 - [TEST_STEP][PASSED] - Statement - counter = counter + 1: null

2018-11-08 16:08:37 - [TEST_STEP][PASSED] - Statement - PreSaveFile = new java.io.File(((pathPrefix + java.lang.Integer.toString(counter)) + .png)): null

2018-11-08 16:08:37 - [TEST_STEP][PASSED] - Statement - counter = counter + 1: null

2018-11-08 16:08:37 - [TEST_STEP][PASSED] - Statement - PreSaveFile = new java.io.File(((pathPrefix + java.lang.Integer.toString(counter)) + .png)): null

2018-11-08 16:08:37 - [TEST_STEP][PASSED] - Statement - counter = counter + 1: null

2018-11-08 16:08:37 - [TEST_STEP][PASSED] - Statement - PreSaveFile = new java.io.File(((pathPrefix + java.lang.Integer.toString(counter)) + .png)): null

2018-11-08 16:08:37 - [TEST_STEP][PASSED] - Statement - counter = counter + 1: null

2018-11-08 16:08:37 - [TEST_STEP][PASSED] - Statement - PreSaveFile = new java.io.File(((pathPrefix + java.lang.Integer.toString(counter)) + .png)): null

2018-11-08 16:08:37 - [TEST_STEP][PASSED] - Statement - counter = counter + 1: null

2018-11-08 16:08:38 - [TEST_STEP][PASSED] - Statement - PreSaveFile = new java.io.File(((pathPrefix + java.lang.Integer.toString(counter)) + .png)): null

2018-11-08 16:08:38 - [TEST_STEP][PASSED] - Statement - counter = counter + 1: null

2018-11-08 16:08:38 - [TEST_STEP][PASSED] - Statement - PreSaveFile = new java.io.File(((pathPrefix + java.lang.Integer.toString(counter)) + .png)): null

2018-11-08 16:08:38 - [TEST_STEP][PASSED] - Statement - counter = counter + 1: null

2018-11-08 16:08:38 - [TEST_STEP][PASSED] - Statement - PreSaveFile = new java.io.File(((pathPrefix + java.lang.Integer.toString(counter)) + .png)): null

2018-11-08 16:08:38 - [TEST_STEP][PASSED] - Statement - counter = counter + 1: null

2018-11-08 16:08:38 - [TEST_STEP][PASSED] - Statement - PreSaveFile = new java.io.File(((pathPrefix + java.lang.Integer.toString(counter)) + .png)): null

2018-11-08 16:08:38 - [TEST_STEP][PASSED] - Statement - counter = counter + 1: null

2018-11-08 16:08:38 - [TEST_STEP][PASSED] - Statement - PreSaveFile = new java.io.File(((pathPrefix + java.lang.Integer.toString(counter)) + .png)): null

2018-11-08 16:08:38 - [TEST_STEP][PASSED] - Statement - counter = counter + 1: null

2018-11-08 16:08:39 - [TEST_STEP][PASSED] - Statement - PreSaveFile = new java.io.File(((pathPrefix + java.lang.Integer.toString(counter)) + .png)): null

2018-11-08 16:08:39 - [TEST_STEP][PASSED] - Statement - counter = counter + 1: null

2018-11-08 16:08:39 - [TEST_STEP][PASSED] - Statement - PreSaveFile = new java.io.File(((pathPrefix + java.lang.Integer.toString(counter)) + .png)): null

2018-11-08 16:08:39 - [TEST_STEP][PASSED] - Statement - counter = counter + 1: null

2018-11-08 16:08:39 - [TEST_STEP][PASSED] - Statement - PreSaveFile = new java.io.File(((pathPrefix + java.lang.Integer.toString(counter)) + .png)): null

2018-11-08 16:08:39 - [TEST_STEP][PASSED] - Statement - counter = counter + 1: null

2018-11-08 16:08:39 - [TEST_STEP][PASSED] - Statement - PreSaveFile = new java.io.File(((pathPrefix + java.lang.Integer.toString(counter)) + .png)): null

2018-11-08 16:08:39 - [TEST_STEP][PASSED] - Statement - counter = counter + 1: null

2018-11-08 16:08:39 - [TEST_STEP][PASSED] - Statement - PreSaveFile = new java.io.File(((pathPrefix + java.lang.Integer.toString(counter)) + .png)): null

2018-11-08 16:08:39 - [TEST_STEP][PASSED] - Statement - counter = counter + 1: null

2018-11-08 16:08:39 - [TEST_STEP][PASSED] - Statement - PreSaveFile = new java.io.File(((pathPrefix + java.lang.Integer.toString(counter)) + .png)): null

2018-11-08 16:08:39 - [TEST_STEP][PASSED] - Statement - counter = counter + 1: null

2018-11-08 16:08:39 - [TEST_STEP][PASSED] - Statement - PreSaveFile = new java.io.File(((pathPrefix + java.lang.Integer.toString(counter)) + .png)): null

2018-11-08 16:08:39 - [TEST_STEP][PASSED] - Statement - counter = counter + 1: null

2018-11-08 16:08:39 - [TEST_STEP][PASSED] - Statement - PreSaveFile = new java.io.File(((pathPrefix + java.lang.Integer.toString(counter)) + .png)): null

2018-11-08 16:08:39 - [TEST_STEP][PASSED] - Statement - counter = counter + 1: null

2018-11-08 16:08:39 - [TEST_STEP][PASSED] - Statement - PreSaveFile = new java.io.File(((pathPrefix + java.lang.Integer.toString(counter)) + .png)): null

2018-11-08 16:08:39 - [TEST_STEP][PASSED] - Statement - counter = counter + 1: null

2018-11-08 16:08:39 - [TEST_STEP][PASSED] - Statement - PreSaveFile = new java.io.File(((pathPrefix + java.lang.Integer.toString(counter)) + .png)): null

2018-11-08 16:08:39 - [TEST_STEP][PASSED] - Statement - counter = counter + 1: null

2018-11-08 16:08:40 - [TEST_STEP][PASSED] - Statement - PreSaveFile = new java.io.File(((pathPrefix + java.lang.Integer.toString(counter)) + .png)): null

2018-11-08 16:08:40 - [TEST_STEP][PASSED] - Statement - counter = counter + 1: null

2018-11-08 16:08:40 - [TEST_STEP][PASSED] - Statement - PreSaveFile = new java.io.File(((pathPrefix + java.lang.Integer.toString(counter)) + .png)): null

2018-11-08 16:08:40 - [TEST_STEP][PASSED] - Statement - counter = counter + 1: null

2018-11-08 16:08:40 - [TEST_STEP][PASSED] - Statement - PreSaveFile = new java.io.File(((pathPrefix + java.lang.Integer.toString(counter)) + .png)): null

2018-11-08 16:08:40 - [TEST_STEP][PASSED] - Statement - counter = counter + 1: null

2018-11-08 16:08:40 - [TEST_STEP][PASSED] - Statement - PreSaveFile = new java.io.File(((pathPrefix + java.lang.Integer.toString(counter)) + .png)): null

2018-11-08 16:08:40 - [TEST_STEP][PASSED] - Statement - counter = counter + 1: null

2018-11-08 16:08:40 - [TEST_STEP][PASSED] - Statement - PreSaveFile = new java.io.File(((pathPrefix + java.lang.Integer.toString(counter)) + .png)): null

2018-11-08 16:08:40 - [TEST_STEP][PASSED] - Statement - counter = counter + 1: null

2018-11-08 16:08:40 - [TEST_STEP][PASSED] - Statement - PreSaveFile = new java.io.File(((pathPrefix + java.lang.Integer.toString(counter)) + .png)): null

2018-11-08 16:08:40 - [TEST_STEP][PASSED] - Statement - counter = counter + 1: null

2018-11-08 16:08:40 - [TEST_STEP][PASSED] - Statement - PreSaveFile = new java.io.File(((pathPrefix + java.lang.Integer.toString(counter)) + .png)): null

2018-11-08 16:08:40 - [TEST_STEP][PASSED] - Statement - counter = counter + 1: null

2018-11-08 16:08:40 - [TEST_STEP][PASSED] - Statement - PreSaveFile = new java.io.File(((pathPrefix + java.lang.Integer.toString(counter)) + .png)): null

2018-11-08 16:08:40 - [TEST_STEP][PASSED] - Statement - counter = counter + 1: null

2018-11-08 16:08:40 - [TEST_STEP][PASSED] - Statement - PreSaveFile = new java.io.File(((pathPrefix + java.lang.Integer.toString(counter)) + .png)): null

2018-11-08 16:08:40 - [TEST_STEP][PASSED] - Statement - counter = counter + 1: null

2018-11-08 16:08:40 - [TEST_STEP][PASSED] - Statement - PreSaveFile = new java.io.File(((pathPrefix + java.lang.Integer.toString(counter)) + .png)): null

2018-11-08 16:08:40 - [TEST_STEP][PASSED] - Statement - counter = counter + 1: null

2018-11-08 16:08:40 - [TEST_STEP][PASSED] - Statement - PreSaveFile = new java.io.File(((pathPrefix + java.lang.Integer.toString(counter)) + .png)): null

2018-11-08 16:08:40 - [TEST_STEP][PASSED] - Statement - counter = counter + 1: null

2018-11-08 16:08:41 - [TEST_STEP][PASSED] - Statement - PreSaveFile = new java.io.File(((pathPrefix + java.lang.Integer.toString(counter)) + .png)): null

2018-11-08 16:08:41 - [TEST_STEP][PASSED] - Statement - counter = counter + 1: null

2018-11-08 16:08:41 - [TEST_STEP][PASSED] - Statement - PreSaveFile = new java.io.File(((pathPrefix + java.lang.Integer.toString(counter)) + .png)): null

2018-11-08 16:08:41 - [TEST_STEP][PASSED] - Statement - counter = counter + 1: null

2018-11-08 16:08:41 - [TEST_STEP][PASSED] - Statement - PreSaveFile = new java.io.File(((pathPrefix + java.lang.Integer.toString(counter)) + .png)): null

2018-11-08 16:08:41 - [TEST_STEP][PASSED] - Statement - counter = counter + 1: null

2018-11-08 16:08:41 - [TEST_STEP][PASSED] - Statement - PreSaveFile = new java.io.File(((pathPrefix + java.lang.Integer.toString(counter)) + .png)): null

2018-11-08 16:08:41 - [TEST_STEP][PASSED] - Statement - counter = counter + 1: null

2018-11-08 16:08:41 - [TEST_STEP][PASSED] - Statement - PreSaveFile = new java.io.File(((pathPrefix + java.lang.Integer.toString(counter)) + .png)): null

2018-11-08 16:08:42 - [TEST_STEP][PASSED] - Statement - counter = counter + 1: null

2018-11-08 16:08:42 - [TEST_STEP][PASSED] - Statement - PreSaveFile = new java.io.File(((pathPrefix + java.lang.Integer.toString(counter)) + .png)): null

2018-11-08 16:08:42 - [TEST_STEP][PASSED] - Statement - counter = counter + 1: null

2018-11-08 16:08:42 - [TEST_STEP][PASSED] - Statement - PreSaveFile = new java.io.File(((pathPrefix + java.lang.Integer.toString(counter)) + .png)): null

2018-11-08 16:08:42 - [TEST_STEP][PASSED] - Statement - counter = counter + 1: null

2018-11-08 16:08:42 - [TEST_STEP][PASSED] - Statement - PreSaveFile = new java.io.File(((pathPrefix + java.lang.Integer.toString(counter)) + .png)): null

2018-11-08 16:08:42 - [TEST_STEP][PASSED] - Statement - counter = counter + 1: null

2018-11-08 16:08:42 - [TEST_STEP][PASSED] - Statement - PreSaveFile = new java.io.File(((pathPrefix + java.lang.Integer.toString(counter)) + .png)): null

2018-11-08 16:08:42 - [TEST_STEP][PASSED] - Statement - counter = counter + 1: null

2018-11-08 16:08:43 - [TEST_STEP][PASSED] - Statement - PreSaveFile = new java.io.File(((pathPrefix + java.lang.Integer.toString(counter)) + .png)): null

2018-11-08 16:08:43 - [TEST_STEP][PASSED] - Statement - finalPath = pathPrefix + java.lang.Integer.toString(counter) + ".png": null

2018-11-08 16:08:43 - [TEST_STEP][PASSED] - Statement - SaveFile = new java.io.File(finalPath): null

2018-11-08 16:08:43 - [TEST_STEP][PASSED] - Statement - Try: null

2018-11-08 16:08:43 - [TEST_STEP][PASSED] - Statement - org.apache.commons.io.FileUtils.copyFile(scrFile, SaveFile): null

2018-11-08 16:08:43 - [TEST_STEP][PASSED] - Statement - out.println("file kept"): null

2018-11-08 16:08:43 - [TEST_STEP][PASSED] - delay: Delayed 10 second(s)

2018-11-08 16:08:53 - [MESSAGE][PASSED] - Delayed 10 second(s)

2018-11-08 16:08:53 - [MESSAGE][PASSED] - Call Test Case 'Test Cases/Final Aug 2018 - PKS Automation/Registration Module/New Registration/Submit and Screenshot/Submit Registration and Screenshot' successfully

2018-11-08 16:08:53 - [TEST_STEP][PASSED] - callTestCase: Call Test Case 'Test Cases/Final Aug 2018 - PKS Automation/Registration Module/Log Out/log out avoiding katalon tagging' successfully

2018-11-08 16:08:53 - [TEST_CASE][PASSED] - Test Cases/Final Aug 2018 - PKS Automation/Registration Module/Log Out/log out avoiding katalon tagging: Test Cases/Final Aug 2018 - PKS Automation/Registration Module/Log Out/log out avoiding katalon tagging

2018-11-08 16:08:53 - [TEST_STEP][PASSED] - navigateToUrl: Navigate to 'https://assist2-uat.perkeso.gov.my/c/portal/logout' successfully

2018-11-08 16:08:55 - [MESSAGE][PASSED] - Navigate to 'https://assist2-uat.perkeso.gov.my/c/portal/logout' successfully

2018-11-08 16:08:55 - [MESSAGE][PASSED] - Call Test Case 'Test Cases/Final Aug 2018 - PKS Automation/Registration Module/Log Out/log out avoiding katalon tagging' successfully

2018-11-08 16:08:55 - [TEST_STEP][PASSED] - callTestCase: Call Test Case 'Test Cases/Final Aug 2018 - PKS Automation/Common/Workflow Owner Finder' successfully

2018-11-08 16:08:55 - [TEST_CASE][PASSED] - Test Cases/Final Aug 2018 - PKS Automation/Common/Workflow Owner Finder: Test Cases/Final Aug 2018 - PKS Automation/Common/Workflow Owner Finder

2018-11-08 16:08:55 - [TEST_STEP][PASSED] - openBrowser: Browser is opened with url: ''

2018-11-08 16:08:55 - [MESSAGE][WARNING] - A browser is already opened. Closing browser and opening a new one

2018-11-08 16:09:00 - [MESSAGE][PASSED] - Browser is opened with url: ''

2018-11-08 16:09:00 - [TEST_STEP][PASSED] - navigateToUrl: Navigate to 'https://assist2-uat.perkeso.gov.my/login' successfully

2018-11-08 16:09:03 - [MESSAGE][PASSED] - Navigate to 'https://assist2-uat.perkeso.gov.my/login' successfully

2018-11-08 16:09:03 - [TEST_STEP][PASSED] - delay: Delayed 5 second(s)

2018-11-08 16:09:08 - [MESSAGE][PASSED] - Delayed 5 second(s)

2018-11-08 16:09:08 - [TEST_STEP][PASSED] - setText: Text 'test@liferay.com' is set on object 'Object Repository/Final Object Repo/Login Page/Internal User/Email Address'

2018-11-08 16:09:08 - [MESSAGE][PASSED] - Text 'test@liferay.com' is set on object 'Object Repository/Final Object Repo/Login Page/Internal User/Email Address'

2018-11-08 16:09:08 - [TEST_STEP][PASSED] - click: Object: 'Object Repository/Final Object Repo/Login Page/Internal User/Next Button' is clicked on

2018-11-08 16:09:08 - [MESSAGE][PASSED] - Object: 'Object Repository/Final Object Repo/Login Page/Internal User/Next Button' is clicked on

2018-11-08 16:09:08 - [TEST_STEP][PASSED] - delay: Delayed 2 second(s)

2018-11-08 16:09:10 - [MESSAGE][PASSED] - Delayed 2 second(s)

2018-11-08 16:09:10 - [TEST_STEP][PASSED] - setText: Text 'test' is set on object 'Object Repository/Final Object Repo/Login Page/Internal User/Password'

2018-11-08 16:09:10 - [MESSAGE][PASSED] - Text 'test' is set on object 'Object Repository/Final Object Repo/Login Page/Internal User/Password'

2018-11-08 16:09:10 - [TEST_STEP][PASSED] - delay: Delayed 2 second(s)

2018-11-08 16:09:12 - [MESSAGE][PASSED] - Delayed 2 second(s)

2018-11-08 16:09:12 - [TEST_STEP][PASSED] - click: Object: 'Object Repository/Final Object Repo/Login Page/Internal User/Login Button' is clicked on

2018-11-08 16:09:16 - [MESSAGE][PASSED] - Object: 'Object Repository/Final Object Repo/Login Page/Internal User/Login Button' is clicked on

2018-11-08 16:09:16 - [TEST_STEP][PASSED] - Statement - Try: Delayed 2 second(s)

2018-11-08 16:09:16 - [TEST_STEP][PASSED] - Statement - Checker = false: null

2018-11-08 16:09:16 - [TEST_STEP][PASSED] - Statement - Checker = com.kms.katalon.core.webui.keyword.WebUiBuiltInKeywords.verifyElementHasAttribute(com.kms.katalon.core.testobject.ObjectRepository.findTestObject(Final Object Repo/Landing Page/BM Detecting), "href", 20, OPTIONAL): Object 'Object Repository/Final Object Repo/Landing Page/BM Detecting' has attribute 'href'

2018-11-08 16:09:16 - [MESSAGE][PASSED] - Object 'Object Repository/Final Object Repo/Landing Page/BM Detecting' has attribute 'href'

2018-11-08 16:09:16 - [TEST_STEP][PASSED] - Statement - out.println(Checker): null

2018-11-08 16:09:16 - [TEST_STEP][PASSED] - Statement - If (Checker == false): null

2018-11-08 16:09:16 - [TEST_STEP][PASSED] - Statement - Else: null

2018-11-08 16:09:16 - [TEST_STEP][PASSED] - delay: Delayed 2 second(s)

2018-11-08 16:09:18 - [MESSAGE][PASSED] - Delayed 2 second(s)

2018-11-08 16:09:18 - [TEST_STEP][PASSED] - delay: Delayed 3 second(s)

2018-11-08 16:09:21 - [MESSAGE][PASSED] - Delayed 3 second(s)

2018-11-08 16:09:21 - [TEST_STEP][PASSED] - mouseOver: Object: 'Object Repository/Final Object Repo/Landing Page/WorkFlow Menu' is hovered

2018-11-08 16:09:21 - [MESSAGE][PASSED] - Object: 'Object Repository/Final Object Repo/Landing Page/WorkFlow Menu' is hovered

2018-11-08 16:09:21 - [TEST_STEP][PASSED] - delay: Delayed 2 second(s)

2018-11-08 16:09:23 - [MESSAGE][PASSED] - Delayed 2 second(s)

2018-11-08 16:09:23 - [TEST_STEP][PASSED] - click: Object: 'Object Repository/Final Object Repo/Landing Page/Select to Workflow Listing' is clicked on

2018-11-08 16:09:25 - [MESSAGE][PASSED] - Object: 'Object Repository/Final Object Repo/Landing Page/Select to Workflow Listing' is clicked on

2018-11-08 16:09:25 - [TEST_STEP][PASSED] - delay: Delayed 2 second(s)

2018-11-08 16:09:27 - [MESSAGE][PASSED] - Delayed 2 second(s)

2018-11-08 16:09:27 - [TEST_STEP][PASSED] - click: Object: 'Object Repository/Final Object Repo/WorkFlow Listing Page/Search Information - To Put Ref No' is clicked on

2018-11-08 16:09:27 - [MESSAGE][PASSED] - Object: 'Object Repository/Final Object Repo/WorkFlow Listing Page/Search Information - To Put Ref No' is clicked on

2018-11-08 16:09:27 - [TEST_STEP][PASSED] - delay: Delayed 2 second(s)

2018-11-08 16:09:29 - [MESSAGE][PASSED] - Delayed 2 second(s)

2018-11-08 16:09:29 - [TEST_STEP][PASSED] - callTestCase: Call Test Case 'Test Cases/Final Aug 2018 - PKS Automation/Common/Reference Number Getter' successfully

2018-11-08 16:09:30 - [TEST_CASE][PASSED] - Test Cases/Final Aug 2018 - PKS Automation/Common/Reference Number Getter: Test Cases/Final Aug 2018 - PKS Automation/Common/Reference Number Getter

2018-11-08 16:09:30 - [TEST_STEP][PASSED] - Statement - Try: null

2018-11-08 16:09:30 - [TEST_STEP][PASSED] - Statement - RefNo = new java.io.File(C://KatalonReference.txt): null

2018-11-08 16:09:30 - [TEST_STEP][PASSED] - Statement - bufferread = new java.io.BufferedReader(new java.io.FileReader(RefNo)): null

2018-11-08 16:09:30 - [TEST_STEP][PASSED] - Statement - readedVal = bufferread.readLine(): null

2018-11-08 16:09:30 - [TEST_STEP][PASSED] - Statement - out.println(CaseReferenceNo): null

2018-11-08 16:09:30 - [TEST_STEP][PASSED] - Statement - out.println(readedVal): null

2018-11-08 16:09:30 - [TEST_STEP][PASSED] - Statement - CaseReferenceNo = readedVal: null

2018-11-08 16:09:30 - [MESSAGE][PASSED] - Call Test Case 'Test Cases/Final Aug 2018 - PKS Automation/Common/Reference Number Getter' successfully

2018-11-08 16:09:30 - [TEST_STEP][PASSED] - setText: Text 'CRN11201800122426' is set on object 'Object Repository/Final Object Repo/WorkFlow Listing Page/Ref No Set Text'

2018-11-08 16:09:30 - [MESSAGE][PASSED] - Text 'CRN11201800122426' is set on object 'Object Repository/Final Object Repo/WorkFlow Listing Page/Ref No Set Text'

2018-11-08 16:09:30 - [TEST_STEP][PASSED] - delay: Delayed 2 second(s)

2018-11-08 16:09:32 - [MESSAGE][PASSED] - Delayed 2 second(s)

2018-11-08 16:09:32 - [TEST_STEP][PASSED] - click: Object: 'Object Repository/Final Object Repo/WorkFlow Listing Page/Search Ref No Search Button' is clicked on

2018-11-08 16:09:32 - [MESSAGE][PASSED] - Object: 'Object Repository/Final Object Repo/WorkFlow Listing Page/Search Ref No Search Button' is clicked on

2018-11-08 16:09:32 - [TEST_STEP][PASSED] - delay: Delayed 4 second(s)

2018-11-08 16:09:36 - [MESSAGE][PASSED] - Delayed 4 second(s)

2018-11-08 16:09:36 - [TEST_STEP][PASSED] - click: Object: 'Object Repository/Final Object Repo/WorkFlow Listing Page/Click Continue Tooltip' is clicked on

2018-11-08 16:09:38 - [MESSAGE][PASSED] - Object: 'Object Repository/Final Object Repo/WorkFlow Listing Page/Click Continue Tooltip' is clicked on

2018-11-08 16:09:38 - [TEST_STEP][PASSED] - delay: Delayed 5 second(s)

2018-11-08 16:09:43 - [MESSAGE][PASSED] - Delayed 5 second(s)

2018-11-08 16:09:43 - [TEST_STEP][PASSED] - doubleClick: Object: 'Object Repository/Final Object Repo/WorkFlow Listing Page/Workflow Found - Listing 1' is double clicked on

2018-11-08 16:09:43 - [MESSAGE][PASSED] - Object: 'Object Repository/Final Object Repo/WorkFlow Listing Page/Workflow Found - Listing 1' is double clicked on

2018-11-08 16:09:43 - [TEST_STEP][PASSED] - Statement - println(OwnerID): null

2018-11-08 16:09:43 - [TEST_STEP][PASSED] - Statement - OwnerID = com.kms.katalon.core.webui.keyword.WebUiBuiltInKeywords.getText(com.kms.katalon.core.testobject.ObjectRepository.findTestObject(Final Object Repo/WorkFlow Listing Page/Workflow Found - Listing 1), STOP_ON_FAILURE): Text of object 'Object Repository/Final Object Repo/WorkFlow Listing Page/Workflow Found - Listing 1' is: 'JOHORro3'

2018-11-08 16:09:43 - [MESSAGE][PASSED] - Text of object 'Object Repository/Final Object Repo/WorkFlow Listing Page/Workflow Found - Listing 1' is: 'JOHORro3'

2018-11-08 16:09:43 - [TEST_STEP][PASSED] - Statement - OwnerID = OwnerID.toLowerCase() + "@gmail.com": null

2018-11-08 16:09:43 - [TEST_STEP][PASSED] - Statement - println(OwnerID): null

2018-11-08 16:09:43 - [TEST_STEP][PASSED] - delay: Delayed 2 second(s)

2018-11-08 16:09:45 - [MESSAGE][PASSED] - Delayed 2 second(s)

2018-11-08 16:09:45 - [MESSAGE][PASSED] - Call Test Case 'Test Cases/Final Aug 2018 - PKS Automation/Common/Workflow Owner Finder' successfully

2018-11-08 16:09:45 - [TEST_STEP][PASSED] - callTestCase: Call Test Case 'Test Cases/Final Aug 2018 - PKS Automation/Registration Module/Log Out/log out avoiding katalon tagging' successfully

2018-11-08 16:09:45 - [TEST_CASE][PASSED] - Test Cases/Final Aug 2018 - PKS Automation/Registration Module/Log Out/log out avoiding katalon tagging: Test Cases/Final Aug 2018 - PKS Automation/Registration Module/Log Out/log out avoiding katalon tagging

2018-11-08 16:09:45 - [TEST_STEP][PASSED] - navigateToUrl: Navigate to 'https://assist2-uat.perkeso.gov.my/c/portal/logout' successfully

2018-11-08 16:09:47 - [MESSAGE][PASSED] - Navigate to 'https://assist2-uat.perkeso.gov.my/c/portal/logout' successfully

2018-11-08 16:09:47 - [MESSAGE][PASSED] - Call Test Case 'Test Cases/Final Aug 2018 - PKS Automation/Registration Module/Log Out/log out avoiding katalon tagging' successfully

2018-11-08 16:09:47 - [TEST_STEP][PASSED] - delay: Delayed 2 second(s)

2018-11-08 16:09:49 - [MESSAGE][PASSED] - Delayed 2 second(s)

2018-11-08 16:09:49 - [TEST_STEP][PASSED] - setText: Text 'johorro3@gmail.com' is set on object 'Object Repository/Final Object Repo/New Registration - Registration Module Pages/New Reg - OTC to RO/Special Case - All Related Objects/Email TextBox'

2018-11-08 16:09:49 - [MESSAGE][PASSED] - Text 'johorro3@gmail.com' is set on object 'Object Repository/Final Object Repo/New Registration - Registration Module Pages/New Reg - OTC to RO/Special Case - All Related Objects/Email TextBox'

2018-11-08 16:09:49 - [TEST_STEP][PASSED] - click: Object: 'Object Repository/Final Object Repo/New Registration - Registration Module Pages/New Reg - OTC to RO/Special Case - All Related Objects/Next Button' is clicked on

2018-11-08 16:09:49 - [MESSAGE][PASSED] - Object: 'Object Repository/Final Object Repo/New Registration - Registration Module Pages/New Reg - OTC to RO/Special Case - All Related Objects/Next Button' is clicked on

2018-11-08 16:09:49 - [TEST_STEP][PASSED] - delay: Delayed 2 second(s)

2018-11-08 16:09:51 - [MESSAGE][PASSED] - Delayed 2 second(s)

2018-11-08 16:09:51 - [TEST_STEP][PASSED] - setText: Text 'Test1@3456789' is set on object 'Object Repository/Final Object Repo/New Registration - Registration Module Pages/New Reg - OTC to RO/Special Case - All Related Objects/Password TextBox'

2018-11-08 16:09:52 - [MESSAGE][PASSED] - Text 'Test1@3456789' is set on object 'Object Repository/Final Object Repo/New Registration - Registration Module Pages/New Reg - OTC to RO/Special Case - All Related Objects/Password TextBox'

2018-11-08 16:09:52 - [TEST_STEP][PASSED] - delay: Delayed 2 second(s)

2018-11-08 16:09:54 - [MESSAGE][PASSED] - Delayed 2 second(s)

2018-11-08 16:09:54 - [TEST_STEP][PASSED] - click: Object: 'Object Repository/Final Object Repo/New Registration - Registration Module Pages/New Reg - OTC to RO/Special Case - All Related Objects/Login Button' is clicked on

2018-11-08 16:09:56 - [MESSAGE][PASSED] - Object: 'Object Repository/Final Object Repo/New Registration - Registration Module Pages/New Reg - OTC to RO/Special Case - All Related Objects/Login Button' is clicked on

2018-11-08 16:09:56 - [TEST_STEP][PASSED] - delay: Delayed 2 second(s)

2018-11-08 16:09:58 - [MESSAGE][PASSED] - Delayed 2 second(s)

2018-11-08 16:09:58 - [TEST_STEP][PASSED] - Statement - Try: null

2018-11-08 16:09:58 - [TEST_STEP][PASSED] - Statement - Checker = com.kms.katalon.core.webui.keyword.WebUiBuiltInKeywords.verifyElementNotPresent("Final Object Repo/Landing Page/Select to English", 3): null

2018-11-08 16:09:58 - [TEST_STEP][PASSED] - Statement - Catch (Exception e): null

2018-11-08 16:09:58 - [TEST_STEP][PASSED] - Statement - e.printStackTrace(): null

2018-11-08 16:09:58 - [TEST_STEP][PASSED] - click: Object: 'Object Repository/Final Object Repo/New Registration - Registration Module Pages/New Reg - OTC to RO/Special Case - All Related Objects/Expand to Search' is clicked on

2018-11-08 16:09:59 - [MESSAGE][PASSED] - Object: 'Object Repository/Final Object Repo/New Registration - Registration Module Pages/New Reg - OTC to RO/Special Case - All Related Objects/Expand to Search' is clicked on

2018-11-08 16:09:59 - [TEST_STEP][PASSED] - setText: Text 'CRN11201800122426' is set on object 'Object Repository/Final Object Repo/New Registration - Registration Module Pages/New Reg - OTC to RO/Special Case - All Related Objects/TextBox RefNo in Workbasket'

2018-11-08 16:09:59 - [MESSAGE][PASSED] - Text 'CRN11201800122426' is set on object 'Object Repository/Final Object Repo/New Registration - Registration Module Pages/New Reg - OTC to RO/Special Case - All Related Objects/TextBox RefNo in Workbasket'

2018-11-08 16:09:59 - [TEST_STEP][PASSED] - delay: Delayed 2 second(s)

2018-11-08 16:10:01 - [MESSAGE][PASSED] - Delayed 2 second(s)

2018-11-08 16:10:01 - [TEST_STEP][PASSED] - click: Object: 'Object Repository/Final Object Repo/New Registration - Registration Module Pages/New Reg - OTC to RO/Special Case - All Related Objects/Click Search' is clicked on

2018-11-08 16:10:03 - [MESSAGE][PASSED] - Object: 'Object Repository/Final Object Repo/New Registration - Registration Module Pages/New Reg - OTC to RO/Special Case - All Related Objects/Click Search' is clicked on

2018-11-08 16:10:03 - [TEST_STEP][PASSED] - delay: Delayed 2 second(s)

2018-11-08 16:10:05 - [MESSAGE][PASSED] - Delayed 2 second(s)

2018-11-08 16:10:05 - [TEST_STEP][PASSED] - click: Object: 'Object Repository/Final Object Repo/New Registration - Registration Module Pages/New Reg - OTC to RO/Special Case - All Related Objects/Click to Continue Workflow' is clicked on

2018-11-08 16:10:09 - [MESSAGE][PASSED] - Object: 'Object Repository/Final Object Repo/New Registration - Registration Module Pages/New Reg - OTC to RO/Special Case - All Related Objects/Click to Continue Workflow' is clicked on

2018-11-08 16:10:09 - [TEST_STEP][PASSED] - delay: Delayed 2 second(s)

2018-11-08 16:10:11 - [MESSAGE][PASSED] - Delayed 2 second(s)

2018-11-08 16:10:11 - [TEST_STEP][PASSED] - click: Object: 'Object Repository/Final Object Repo/New Registration - Registration Module Pages/New Reg - OTC to RO/Special Case - All Related Objects/Continue Button in verifying case' is clicked on

2018-11-08 16:10:14 - [MESSAGE][PASSED] - Object: 'Object Repository/Final Object Repo/New Registration - Registration Module Pages/New Reg - OTC to RO/Special Case - All Related Objects/Continue Button in verifying case' is clicked on

2018-11-08 16:10:14 - [TEST_STEP][PASSED] - delay: Delayed 2 second(s)

2018-11-08 16:10:16 - [MESSAGE][PASSED] - Delayed 2 second(s)

2018-11-08 16:10:16 - [TEST_STEP][PASSED] - click: Object: 'Object Repository/Final Object Repo/New Registration - Registration Module Pages/Form 1/Registered As a Branch - Yes' is clicked on

2018-11-08 16:10:17 - [MESSAGE][PASSED] - Object: 'Object Repository/Final Object Repo/New Registration - Registration Module Pages/Form 1/Registered As a Branch - Yes' is clicked on

2018-11-08 16:10:17 - [TEST_STEP][PASSED] - delay: Delayed 2 second(s)

2018-11-08 16:10:19 - [MESSAGE][PASSED] - Delayed 2 second(s)

2018-11-08 16:10:19 - [TEST_STEP][PASSED] - click: Object: 'Object Repository/Final Object Repo/New Registration - Registration Module Pages/New Reg - OTC to RO/Special Case - All Related Objects/Form 1 Save n Continue' is clicked on

2018-11-08 16:10:21 - [MESSAGE][PASSED] - Object: 'Object Repository/Final Object Repo/New Registration - Registration Module Pages/New Reg - OTC to RO/Special Case - All Related Objects/Form 1 Save n Continue' is clicked on

2018-11-08 16:10:21 - [TEST_STEP][PASSED] - delay: Delayed 2 second(s)

2018-11-08 16:10:23 - [MESSAGE][PASSED] - Delayed 2 second(s)

2018-11-08 16:10:23 - [TEST_STEP][PASSED] - click: Object: 'Object Repository/Final Object Repo/New Registration - Registration Module Pages/New Reg - OTC to RO/Special Case - All Related Objects/Form 2 Save n Continue' is clicked on

2018-11-08 16:10:25 - [MESSAGE][PASSED] - Object: 'Object Repository/Final Object Repo/New Registration - Registration Module Pages/New Reg - OTC to RO/Special Case - All Related Objects/Form 2 Save n Continue' is clicked on

2018-11-08 16:10:25 - [TEST_STEP][PASSED] - delay: Delayed 2 second(s)

2018-11-08 16:10:27 - [MESSAGE][PASSED] - Delayed 2 second(s)

2018-11-08 16:10:27 - [TEST_STEP][PASSED] - click: Object: 'Object Repository/Final Object Repo/New Registration - Registration Module Pages/New Reg - OTC to RO/Special Case - All Related Objects/Third Screen Save n Continue' is clicked on

2018-11-08 16:10:33 - [MESSAGE][PASSED] - Object: 'Object Repository/Final Object Repo/New Registration - Registration Module Pages/New Reg - OTC to RO/Special Case - All Related Objects/Third Screen Save n Continue' is clicked on

2018-11-08 16:10:33 - [TEST_STEP][PASSED] - delay: Delayed 5 second(s)

2018-11-08 16:10:38 - [MESSAGE][PASSED] - Delayed 5 second(s)

2018-11-08 16:10:38 - [TEST_STEP][PASSED] - setText: Text 'Query case' is set on object 'Object Repository/Final Object Repo/New Registration - Registration Module Pages/New Reg - OTC to RO/Special Case - All Related Objects/Query Text Input'

2018-11-08 16:10:39 - [MESSAGE][PASSED] - Text 'Query case' is set on object 'Object Repository/Final Object Repo/New Registration - Registration Module Pages/New Reg - OTC to RO/Special Case - All Related Objects/Query Text Input'

2018-11-08 16:10:39 - [TEST_STEP][PASSED] - delay: Delayed 5 second(s)

2018-11-08 16:10:44 - [MESSAGE][PASSED] - Delayed 5 second(s)

2018-11-08 16:10:44 - [TEST_STEP][PASSED] - click: Object: 'Object Repository/Final Object Repo/New Registration - Registration Module Pages/New Reg - OTC to RO/Special Case - All Related Objects/Upload Doc Page Save n Continue' is clicked on

2018-11-08 16:10:44 - [MESSAGE][PASSED] - Object: 'Object Repository/Final Object Repo/New Registration - Registration Module Pages/New Reg - OTC to RO/Special Case - All Related Objects/Upload Doc Page Save n Continue' is clicked on

2018-11-08 16:10:44 - [TEST_STEP][PASSED] - click: Object: 'Object Repository/Final Object Repo/New Registration - Registration Module Pages/New Reg - OTC to RO/Special Case - All Related Objects/Query Button' is clicked on

2018-11-08 16:10:49 - [MESSAGE][PASSED] - Object: 'Object Repository/Final Object Repo/New Registration - Registration Module Pages/New Reg - OTC to RO/Special Case - All Related Objects/Query Button' is clicked on

2018-11-08 16:10:49 - [TEST_STEP][PASSED] - click: Object: 'Object Repository/Final Object Repo/New Registration - Registration Module Pages/New Reg - OTC to RO/Special Case - All Related Objects/Confirm to Query' is clicked on

2018-11-08 16:10:55 - [MESSAGE][PASSED] - Object: 'Object Repository/Final Object Repo/New Registration - Registration Module Pages/New Reg - OTC to RO/Special Case - All Related Objects/Confirm to Query' is clicked on

2018-11-08 16:10:55 - [TEST_STEP][PASSED] - callTestCase: Call Test Case 'Test Cases/Final Aug 2018 - PKS Automation/Registration Module/Log Out/log out avoiding katalon tagging' successfully

2018-11-08 16:10:55 - [TEST_CASE][PASSED] - Test Cases/Final Aug 2018 - PKS Automation/Registration Module/Log Out/log out avoiding katalon tagging: Test Cases/Final Aug 2018 - PKS Automation/Registration Module/Log Out/log out avoiding katalon tagging

2018-11-08 16:10:55 - [TEST_STEP][PASSED] - navigateToUrl: Navigate to 'https://assist2-uat.perkeso.gov.my/c/portal/logout' successfully

2018-11-08 16:10:56 - [MESSAGE][PASSED] - Navigate to 'https://assist2-uat.perkeso.gov.my/c/portal/logout' successfully

2018-11-08 16:10:56 - [MESSAGE][PASSED] - Call Test Case 'Test Cases/Final Aug 2018 - PKS Automation/Registration Module/Log Out/log out avoiding katalon tagging' successfully

2018-11-08 16:10:56 - [TEST_STEP][PASSED] - delay: Delayed 2 second(s)

2018-11-08 16:10:58 - [MESSAGE][PASSED] - Delayed 2 second(s)

2018-11-08 16:10:58 - [TEST_STEP][PASSED] - setText: Text 'klotc2@gmail.com' is set on object 'Object Repository/Final Object Repo/Login Page/Internal User/Email Address'

2018-11-08 16:10:59 - [MESSAGE][PASSED] - Text 'klotc2@gmail.com' is set on object 'Object Repository/Final Object Repo/Login Page/Internal User/Email Address'

2018-11-08 16:10:59 - [TEST_STEP][PASSED] - click: Object: 'Object Repository/Final Object Repo/Login Page/Internal User/Next Button' is clicked on

2018-11-08 16:10:59 - [MESSAGE][PASSED] - Object: 'Object Repository/Final Object Repo/Login Page/Internal User/Next Button' is clicked on

2018-11-08 16:10:59 - [TEST_STEP][PASSED] - delay: Delayed 2 second(s)

2018-11-08 16:11:01 - [MESSAGE][PASSED] - Delayed 2 second(s)

2018-11-08 16:11:01 - [TEST_STEP][PASSED] - setText: Text 'Test1@3456789' is set on object 'Object Repository/Final Object Repo/Login Page/Internal User/Password'

2018-11-08 16:11:01 - [MESSAGE][PASSED] - Text 'Test1@3456789' is set on object 'Object Repository/Final Object Repo/Login Page/Internal User/Password'

2018-11-08 16:11:01 - [TEST_STEP][PASSED] - delay: Delayed 2 second(s)

2018-11-08 16:11:03 - [MESSAGE][PASSED] - Delayed 2 second(s)

2018-11-08 16:11:03 - [TEST_STEP][PASSED] - click: Object: 'Object Repository/Final Object Repo/Login Page/Internal User/Login Button' is clicked on

2018-11-08 16:11:06 - [MESSAGE][PASSED] - Object: 'Object Repository/Final Object Repo/Login Page/Internal User/Login Button' is clicked on

2018-11-08 16:11:06 - [TEST_STEP][PASSED] - delay: Delayed 2 second(s)

2018-11-08 16:11:08 - [MESSAGE][PASSED] - Delayed 2 second(s)

2018-11-08 16:11:08 - [TEST_STEP][PASSED] - Statement - Try: null

2018-11-08 16:11:08 - [TEST_STEP][PASSED] - Statement - Checker = com.kms.katalon.core.webui.keyword.WebUiBuiltInKeywords.verifyElementNotPresent("PKS_SIP_Updated_RegModule/Attempt/Page_MyASSIST - ASSIST/Select to English", 3): null

2018-11-08 16:11:08 - [TEST_STEP][PASSED] - Statement - Catch (Exception e): null

2018-11-08 16:11:08 - [TEST_STEP][PASSED] - Statement - e.printStackTrace(): null

2018-11-08 16:11:08 - [TEST_STEP][PASSED] - delay: Delayed 4 second(s)

2018-11-08 16:11:12 - [MESSAGE][PASSED] - Delayed 4 second(s)

2018-11-08 16:11:12 - [TEST_STEP][PASSED] - click: Object: 'Object Repository/Final Object Repo/Landing Page/My Sites Drop Down' is clicked on

2018-11-08 16:11:12 - [MESSAGE][PASSED] - Object: 'Object Repository/Final Object Repo/Landing Page/My Sites Drop Down' is clicked on

2018-11-08 16:11:12 - [TEST_STEP][PASSED] - click: Object: 'Object Repository/Final Object Repo/Landing Page/Select to Registration Module' is clicked on

2018-11-08 16:11:14 - [MESSAGE][PASSED] - Object: 'Object Repository/Final Object Repo/Landing Page/Select to Registration Module' is clicked on

2018-11-08 16:11:14 - [TEST_STEP][PASSED] - delay: Delayed 2 second(s)

2018-11-08 16:11:16 - [MESSAGE][PASSED] - Delayed 2 second(s)

2018-11-08 16:11:16 - [TEST_STEP][PASSED] - mouseOver: Object: 'Object Repository/Final Object Repo/New Registration - Registration Module Pages/New Reg - OTC to RO/Special Case - All Related Objects/Hover Over Search Drop Down' is hovered

2018-11-08 16:11:16 - [MESSAGE][PASSED] - Object: 'Object Repository/Final Object Repo/New Registration - Registration Module Pages/New Reg - OTC to RO/Special Case - All Related Objects/Hover Over Search Drop Down' is hovered

2018-11-08 16:11:16 - [TEST_STEP][PASSED] - click: Object: 'Object Repository/Final Object Repo/New Registration - Registration Module Pages/New Reg - OTC to RO/Special Case - All Related Objects/Select Search Pending Case' is clicked on

2018-11-08 16:11:17 - [MESSAGE][PASSED] - Object: 'Object Repository/Final Object Repo/New Registration - Registration Module Pages/New Reg - OTC to RO/Special Case - All Related Objects/Select Search Pending Case' is clicked on

2018-11-08 16:11:17 - [TEST_STEP][PASSED] - click: Object: 'Object Repository/Final Object Repo/New Registration - Registration Module Pages/New Reg - OTC to RO/Special Case - All Related Objects/Select Searching Method (Employer Code)' is clicked on

2018-11-08 16:11:18 - [MESSAGE][PASSED] - Object: 'Object Repository/Final Object Repo/New Registration - Registration Module Pages/New Reg - OTC to RO/Special Case - All Related Objects/Select Searching Method (Employer Code)' is clicked on

2018-11-08 16:11:18 - [TEST_STEP][PASSED] - click: Object: 'Object Repository/Final Object Repo/New Registration - Registration Module Pages/New Reg - OTC to RO/Special Case - All Related Objects/Select Searching Method to Reference ID' is clicked on

2018-11-08 16:11:18 - [MESSAGE][PASSED] - Object: 'Object Repository/Final Object Repo/New Registration - Registration Module Pages/New Reg - OTC to RO/Special Case - All Related Objects/Select Searching Method to Reference ID' is clicked on

2018-11-08 16:11:18 - [TEST_STEP][PASSED] - setText: Text 'CRN11201800122426' is set on object 'Object Repository/Final Object Repo/New Registration - Registration Module Pages/New Reg - OTC to RO/Special Case - All Related Objects/Pending Case Ref NO'

2018-11-08 16:11:19 - [MESSAGE][PASSED] - Text 'CRN11201800122426' is set on object 'Object Repository/Final Object Repo/New Registration - Registration Module Pages/New Reg - OTC to RO/Special Case - All Related Objects/Pending Case Ref NO'

2018-11-08 16:11:19 - [TEST_STEP][PASSED] - click: Object: 'Object Repository/Final Object Repo/New Registration - Registration Module Pages/New Reg - OTC to RO/Special Case - All Related Objects/Search Pending Case Based on Ref No' is clicked on

2018-11-08 16:11:20 - [MESSAGE][PASSED] - Object: 'Object Repository/Final Object Repo/New Registration - Registration Module Pages/New Reg - OTC to RO/Special Case - All Related Objects/Search Pending Case Based on Ref No' is clicked on

2018-11-08 16:11:20 - [TEST_STEP][PASSED] - click: Object: 'Object Repository/Final Object Repo/New Registration - Registration Module Pages/New Reg - OTC to RO/Special Case - All Related Objects/Action Button after found case' is clicked on

2018-11-08 16:11:24 - [MESSAGE][PASSED] - Object: 'Object Repository/Final Object Repo/New Registration - Registration Module Pages/New Reg - OTC to RO/Special Case - All Related Objects/Action Button after found case' is clicked on

2018-11-08 16:11:24 - [TEST_STEP][PASSED] - click: Object: 'Object Repository/Final Object Repo/New Registration - Registration Module Pages/New Reg - OTC to RO/Special Case - All Related Objects/Next Button in Pending Case Form 1' is clicked on

2018-11-08 16:11:25 - [MESSAGE][PASSED] - Object: 'Object Repository/Final Object Repo/New Registration - Registration Module Pages/New Reg - OTC to RO/Special Case - All Related Objects/Next Button in Pending Case Form 1' is clicked on

2018-11-08 16:11:25 - [TEST_STEP][PASSED] - click: Object: 'Object Repository/Final Object Repo/New Registration - Registration Module Pages/New Reg - OTC to RO/Special Case - All Related Objects/Next Button in Pending Case Form 2' is clicked on

2018-11-08 16:11:27 - [MESSAGE][PASSED] - Object: 'Object Repository/Final Object Repo/New Registration - Registration Module Pages/New Reg - OTC to RO/Special Case - All Related Objects/Next Button in Pending Case Form 2' is clicked on

2018-11-08 16:11:27 - [TEST_STEP][PASSED] - click: Object: 'Object Repository/Final Object Repo/New Registration - Registration Module Pages/New Reg - OTC to RO/Special Case - All Related Objects/Next Button in Third Screen' is clicked on

2018-11-08 16:11:31 - [MESSAGE][PASSED] - Object: 'Object Repository/Final Object Repo/New Registration - Registration Module Pages/New Reg - OTC to RO/Special Case - All Related Objects/Next Button in Third Screen' is clicked on

2018-11-08 16:11:31 - [TEST_STEP][PASSED] - click: Object: 'Object Repository/Final Object Repo/New Registration - Registration Module Pages/New Reg - OTC to RO/Special Case - All Related Objects/Add Document for Pending Case' is clicked on

2018-11-08 16:11:31 - [MESSAGE][PASSED] - Object: 'Object Repository/Final Object Repo/New Registration - Registration Module Pages/New Reg - OTC to RO/Special Case - All Related Objects/Add Document for Pending Case' is clicked on

2018-11-08 16:11:31 - [TEST_STEP][PASSED] - click: Object: 'Object Repository/Final Object Repo/New Registration - Registration Module Pages/New Reg - OTC to RO/Special Case - All Related Objects/Upload Pending Doc - Please Select' is clicked on

2018-11-08 16:11:35 - [MESSAGE][PASSED] - Object: 'Object Repository/Final Object Repo/New Registration - Registration Module Pages/New Reg - OTC to RO/Special Case - All Related Objects/Upload Pending Doc - Please Select' is clicked on

2018-11-08 16:11:35 - [TEST_STEP][PASSED] - click: Object: 'Object Repository/Final Object Repo/New Registration - Registration Module Pages/New Reg - OTC to RO/Special Case - All Related Objects/Select to Others to Upload' is clicked on

2018-11-08 16:11:35 - [MESSAGE][PASSED] - Object: 'Object Repository/Final Object Repo/New Registration - Registration Module Pages/New Reg - OTC to RO/Special Case - All Related Objects/Select to Others to Upload' is clicked on

2018-11-08 16:11:35 - [TEST_STEP][PASSED] - uploadFile: File 'C:\Users\Public\Pictures\Sample Pictures\Act.jpg' sent to object: 'Object Repository/Final Object Repo/New Registration - Registration Module Pages/New Reg - OTC to RO/Special Case - All Related Objects/Uploading Pending Case Action'

2018-11-08 16:11:36 - [MESSAGE][PASSED] - File 'C:\Users\Public\Pictures\Sample Pictures\Act.jpg' sent to object: 'Object Repository/Final Object Repo/New Registration - Registration Module Pages/New Reg - OTC to RO/Special Case - All Related Objects/Uploading Pending Case Action'

2018-11-08 16:11:36 - [TEST_STEP][PASSED] - click: Object: 'Object Repository/Final Object Repo/New Registration - Registration Module Pages/New Reg - OTC to RO/Special Case - All Related Objects/Inner form Add Document Button Pending Case' is clicked on

2018-11-08 16:11:42 - [MESSAGE][PASSED] - Object: 'Object Repository/Final Object Repo/New Registration - Registration Module Pages/New Reg - OTC to RO/Special Case - All Related Objects/Inner form Add Document Button Pending Case' is clicked on

2018-11-08 16:11:42 - [TEST_STEP][PASSED] - click: Object: 'Object Repository/Final Object Repo/New Registration - Registration Module Pages/New Reg - OTC to RO/Special Case - All Related Objects/Pending Case Exit' is clicked on

2018-11-08 16:11:43 - [MESSAGE][PASSED] - Object: 'Object Repository/Final Object Repo/New Registration - Registration Module Pages/New Reg - OTC to RO/Special Case - All Related Objects/Pending Case Exit' is clicked on

2018-11-08 16:11:43 - [TEST_STEP][PASSED] - callTestCase: Call Test Case 'Test Cases/Final Aug 2018 - PKS Automation/Registration Module/Log Out/log out avoiding katalon tagging' successfully

2018-11-08 16:11:43 - [TEST_CASE][PASSED] - Test Cases/Final Aug 2018 - PKS Automation/Registration Module/Log Out/log out avoiding katalon tagging: Test Cases/Final Aug 2018 - PKS Automation/Registration Module/Log Out/log out avoiding katalon tagging

2018-11-08 16:11:43 - [TEST_STEP][PASSED] - navigateToUrl: Navigate to 'https://assist2-uat.perkeso.gov.my/c/portal/logout' successfully

2018-11-08 16:11:44 - [MESSAGE][PASSED] - Navigate to 'https://assist2-uat.perkeso.gov.my/c/portal/logout' successfully

2018-11-08 16:11:44 - [MESSAGE][PASSED] - Call Test Case 'Test Cases/Final Aug 2018 - PKS Automation/Registration Module/Log Out/log out avoiding katalon tagging' successfully

2018-11-08 16:11:44 - [TEST_STEP][PASSED] - callTestCase: Call Test Case 'Test Cases/Final Aug 2018 - PKS Automation/Common/Workflow Owner Finder' successfully

2018-11-08 16:11:44 - [TEST_CASE][PASSED] - Test Cases/Final Aug 2018 - PKS Automation/Common/Workflow Owner Finder: Test Cases/Final Aug 2018 - PKS Automation/Common/Workflow Owner Finder

2018-11-08 16:11:44 - [TEST_STEP][PASSED] - openBrowser: Browser is opened with url: ''

2018-11-08 16:11:44 - [MESSAGE][WARNING] - A browser is already opened. Closing browser and opening a new one

2018-11-08 16:11:49 - [MESSAGE][PASSED] - Browser is opened with url: ''

2018-11-08 16:11:49 - [TEST_STEP][PASSED] - navigateToUrl: Navigate to 'https://assist2-uat.perkeso.gov.my/login' successfully

2018-11-08 16:11:52 - [MESSAGE][PASSED] - Navigate to 'https://assist2-uat.perkeso.gov.my/login' successfully

2018-11-08 16:11:52 - [TEST_STEP][PASSED] - delay: Delayed 5 second(s)

2018-11-08 16:11:57 - [MESSAGE][PASSED] - Delayed 5 second(s)

2018-11-08 16:11:57 - [TEST_STEP][PASSED] - setText: Text 'test@liferay.com' is set on object 'Object Repository/Final Object Repo/Login Page/Internal User/Email Address'

2018-11-08 16:11:57 - [MESSAGE][PASSED] - Text 'test@liferay.com' is set on object 'Object Repository/Final Object Repo/Login Page/Internal User/Email Address'

2018-11-08 16:11:57 - [TEST_STEP][PASSED] - click: Object: 'Object Repository/Final Object Repo/Login Page/Internal User/Next Button' is clicked on

2018-11-08 16:11:58 - [MESSAGE][PASSED] - Object: 'Object Repository/Final Object Repo/Login Page/Internal User/Next Button' is clicked on

2018-11-08 16:11:58 - [TEST_STEP][PASSED] - delay: Delayed 2 second(s)

2018-11-08 16:12:00 - [MESSAGE][PASSED] - Delayed 2 second(s)

2018-11-08 16:12:00 - [TEST_STEP][PASSED] - setText: Text 'test' is set on object 'Object Repository/Final Object Repo/Login Page/Internal User/Password'

2018-11-08 16:12:00 - [MESSAGE][PASSED] - Text 'test' is set on object 'Object Repository/Final Object Repo/Login Page/Internal User/Password'

2018-11-08 16:12:00 - [TEST_STEP][PASSED] - delay: Delayed 2 second(s)

2018-11-08 16:12:02 - [MESSAGE][PASSED] - Delayed 2 second(s)

2018-11-08 16:12:02 - [TEST_STEP][PASSED] - click: Object: 'Object Repository/Final Object Repo/Login Page/Internal User/Login Button' is clicked on

2018-11-08 16:12:05 - [MESSAGE][PASSED] - Object: 'Object Repository/Final Object Repo/Login Page/Internal User/Login Button' is clicked on

2018-11-08 16:12:05 - [TEST_STEP][PASSED] - Statement - Try: Delayed 2 second(s)

2018-11-08 16:12:05 - [TEST_STEP][PASSED] - Statement - Checker = false: null

2018-11-08 16:12:05 - [TEST_STEP][PASSED] - Statement - Checker = com.kms.katalon.core.webui.keyword.WebUiBuiltInKeywords.verifyElementHasAttribute(com.kms.katalon.core.testobject.ObjectRepository.findTestObject(Final Object Repo/Landing Page/BM Detecting), "href", 20, OPTIONAL): Object 'Object Repository/Final Object Repo/Landing Page/BM Detecting' has attribute 'href'

2018-11-08 16:12:05 - [MESSAGE][PASSED] - Object 'Object Repository/Final Object Repo/Landing Page/BM Detecting' has attribute 'href'

2018-11-08 16:12:05 - [TEST_STEP][PASSED] - Statement - out.println(Checker): null

2018-11-08 16:12:05 - [TEST_STEP][PASSED] - Statement - If (Checker == false): null

2018-11-08 16:12:05 - [TEST_STEP][PASSED] - Statement - Else: null

2018-11-08 16:12:05 - [TEST_STEP][PASSED] - delay: Delayed 2 second(s)

2018-11-08 16:12:07 - [MESSAGE][PASSED] - Delayed 2 second(s)

2018-11-08 16:12:07 - [TEST_STEP][PASSED] - delay: Delayed 3 second(s)

2018-11-08 16:12:10 - [MESSAGE][PASSED] - Delayed 3 second(s)

2018-11-08 16:12:10 - [TEST_STEP][PASSED] - mouseOver: Object: 'Object Repository/Final Object Repo/Landing Page/WorkFlow Menu' is hovered

2018-11-08 16:12:11 - [MESSAGE][PASSED] - Object: 'Object Repository/Final Object Repo/Landing Page/WorkFlow Menu' is hovered

2018-11-08 16:12:11 - [TEST_STEP][PASSED] - delay: Delayed 2 second(s)

2018-11-08 16:12:13 - [MESSAGE][PASSED] - Delayed 2 second(s)

2018-11-08 16:12:13 - [TEST_STEP][PASSED] - click: Object: 'Object Repository/Final Object Repo/Landing Page/Select to Workflow Listing' is clicked on

2018-11-08 16:12:14 - [MESSAGE][PASSED] - Object: 'Object Repository/Final Object Repo/Landing Page/Select to Workflow Listing' is clicked on

2018-11-08 16:12:14 - [TEST_STEP][PASSED] - delay: Delayed 2 second(s)

2018-11-08 16:12:16 - [MESSAGE][PASSED] - Delayed 2 second(s)

2018-11-08 16:12:16 - [TEST_STEP][PASSED] - click: Object: 'Object Repository/Final Object Repo/WorkFlow Listing Page/Search Information - To Put Ref No' is clicked on

2018-11-08 16:12:17 - [MESSAGE][PASSED] - Object: 'Object Repository/Final Object Repo/WorkFlow Listing Page/Search Information - To Put Ref No' is clicked on

2018-11-08 16:12:17 - [TEST_STEP][PASSED] - delay: Delayed 2 second(s)

2018-11-08 16:12:19 - [MESSAGE][PASSED] - Delayed 2 second(s)

2018-11-08 16:12:19 - [TEST_STEP][PASSED] - callTestCase: Call Test Case 'Test Cases/Final Aug 2018 - PKS Automation/Common/Reference Number Getter' successfully

2018-11-08 16:12:19 - [TEST_CASE][PASSED] - Test Cases/Final Aug 2018 - PKS Automation/Common/Reference Number Getter: Test Cases/Final Aug 2018 - PKS Automation/Common/Reference Number Getter

2018-11-08 16:12:19 - [TEST_STEP][PASSED] - Statement - Try: null

2018-11-08 16:12:19 - [TEST_STEP][PASSED] - Statement - RefNo = new java.io.File(C://KatalonReference.txt): null

2018-11-08 16:12:19 - [TEST_STEP][PASSED] - Statement - bufferread = new java.io.BufferedReader(new java.io.FileReader(RefNo)): null

2018-11-08 16:12:19 - [TEST_STEP][PASSED] - Statement - readedVal = bufferread.readLine(): null

2018-11-08 16:12:19 - [TEST_STEP][PASSED] - Statement - out.println(CaseReferenceNo): null

2018-11-08 16:12:19 - [TEST_STEP][PASSED] - Statement - out.println(readedVal): null

2018-11-08 16:12:19 - [TEST_STEP][PASSED] - Statement - CaseReferenceNo = readedVal: null

2018-11-08 16:12:19 - [MESSAGE][PASSED] - Call Test Case 'Test Cases/Final Aug 2018 - PKS Automation/Common/Reference Number Getter' successfully

2018-11-08 16:12:19 - [TEST_STEP][PASSED] - setText: Text 'CRN11201800122426' is set on object 'Object Repository/Final Object Repo/WorkFlow Listing Page/Ref No Set Text'

2018-11-08 16:12:19 - [MESSAGE][PASSED] - Text 'CRN11201800122426' is set on object 'Object Repository/Final Object Repo/WorkFlow Listing Page/Ref No Set Text'

2018-11-08 16:12:19 - [TEST_STEP][PASSED] - delay: Delayed 2 second(s)

2018-11-08 16:12:21 - [MESSAGE][PASSED] - Delayed 2 second(s)

2018-11-08 16:12:21 - [TEST_STEP][PASSED] - click: Object: 'Object Repository/Final Object Repo/WorkFlow Listing Page/Search Ref No Search Button' is clicked on

2018-11-08 16:12:23 - [MESSAGE][PASSED] - Object: 'Object Repository/Final Object Repo/WorkFlow Listing Page/Search Ref No Search Button' is clicked on

2018-11-08 16:12:23 - [TEST_STEP][PASSED] - delay: Delayed 4 second(s)

2018-11-08 16:12:27 - [MESSAGE][PASSED] - Delayed 4 second(s)

2018-11-08 16:12:27 - [TEST_STEP][PASSED] - click: Object: 'Object Repository/Final Object Repo/WorkFlow Listing Page/Click Continue Tooltip' is clicked on

2018-11-08 16:12:29 - [MESSAGE][PASSED] - Object: 'Object Repository/Final Object Repo/WorkFlow Listing Page/Click Continue Tooltip' is clicked on

2018-11-08 16:12:29 - [TEST_STEP][PASSED] - delay: Delayed 5 second(s)

2018-11-08 16:12:34 - [MESSAGE][PASSED] - Delayed 5 second(s)

2018-11-08 16:12:34 - [TEST_STEP][PASSED] - doubleClick: Object: 'Object Repository/Final Object Repo/WorkFlow Listing Page/Workflow Found - Listing 1' is double clicked on

2018-11-08 16:12:34 - [MESSAGE][PASSED] - Object: 'Object Repository/Final Object Repo/WorkFlow Listing Page/Workflow Found - Listing 1' is double clicked on

2018-11-08 16:12:34 - [TEST_STEP][PASSED] - Statement - println(OwnerID): null

2018-11-08 16:12:34 - [TEST_STEP][PASSED] - Statement - OwnerID = com.kms.katalon.core.webui.keyword.WebUiBuiltInKeywords.getText(com.kms.katalon.core.testobject.ObjectRepository.findTestObject(Final Object Repo/WorkFlow Listing Page/Workflow Found - Listing 1), STOP_ON_FAILURE): Text of object 'Object Repository/Final Object Repo/WorkFlow Listing Page/Workflow Found - Listing 1' is: 'JOHORro3'

2018-11-08 16:12:35 - [MESSAGE][PASSED] - Text of object 'Object Repository/Final Object Repo/WorkFlow Listing Page/Workflow Found - Listing 1' is: 'JOHORro3'

2018-11-08 16:12:35 - [TEST_STEP][PASSED] - Statement - OwnerID = OwnerID.toLowerCase() + "@gmail.com": null

2018-11-08 16:12:35 - [TEST_STEP][PASSED] - Statement - println(OwnerID): null

2018-11-08 16:12:35 - [TEST_STEP][PASSED] - delay: Delayed 2 second(s)

2018-11-08 16:12:37 - [MESSAGE][PASSED] - Delayed 2 second(s)

2018-11-08 16:12:37 - [MESSAGE][PASSED] - Call Test Case 'Test Cases/Final Aug 2018 - PKS Automation/Common/Workflow Owner Finder' successfully

2018-11-08 16:12:37 - [TEST_STEP][PASSED] - callTestCase: Call Test Case 'Test Cases/Final Aug 2018 - PKS Automation/Registration Module/Log Out/log out avoiding katalon tagging' successfully

2018-11-08 16:12:37 - [TEST_CASE][PASSED] - Test Cases/Final Aug 2018 - PKS Automation/Registration Module/Log Out/log out avoiding katalon tagging: Test Cases/Final Aug 2018 - PKS Automation/Registration Module/Log Out/log out avoiding katalon tagging

2018-11-08 16:12:37 - [TEST_STEP][PASSED] - navigateToUrl: Navigate to 'https://assist2-uat.perkeso.gov.my/c/portal/logout' successfully

2018-11-08 16:12:38 - [MESSAGE][PASSED] - Navigate to 'https://assist2-uat.perkeso.gov.my/c/portal/logout' successfully

2018-11-08 16:12:38 - [MESSAGE][PASSED] - Call Test Case 'Test Cases/Final Aug 2018 - PKS Automation/Registration Module/Log Out/log out avoiding katalon tagging' successfully

2018-11-08 16:12:38 - [TEST_STEP][PASSED] - delay: Delayed 2 second(s)

2018-11-08 16:12:40 - [MESSAGE][PASSED] - Delayed 2 second(s)

2018-11-08 16:12:40 - [TEST_STEP][PASSED] - setText: Text 'johorro3@gmail.com' is set on object 'Object Repository/Final Object Repo/Login Page/Internal User/Email Address'

2018-11-08 16:12:40 - [MESSAGE][PASSED] - Text 'johorro3@gmail.com' is set on object 'Object Repository/Final Object Repo/Login Page/Internal User/Email Address'

2018-11-08 16:12:40 - [TEST_STEP][PASSED] - click: Object: 'Object Repository/Final Object Repo/Login Page/Internal User/Next Button' is clicked on

2018-11-08 16:12:41 - [MESSAGE][PASSED] - Object: 'Object Repository/Final Object Repo/Login Page/Internal User/Next Button' is clicked on

2018-11-08 16:12:41 - [TEST_STEP][PASSED] - delay: Delayed 2 second(s)

2018-11-08 16:12:43 - [MESSAGE][PASSED] - Delayed 2 second(s)

2018-11-08 16:12:43 - [TEST_STEP][PASSED] - setText: Text 'Test1@3456789' is set on object 'Object Repository/Final Object Repo/Login Page/Internal User/Password'

2018-11-08 16:12:43 - [MESSAGE][PASSED] - Text 'Test1@3456789' is set on object 'Object Repository/Final Object Repo/Login Page/Internal User/Password'

2018-11-08 16:12:43 - [TEST_STEP][PASSED] - delay: Delayed 2 second(s)

2018-11-08 16:12:45 - [MESSAGE][PASSED] - Delayed 2 second(s)

2018-11-08 16:12:45 - [TEST_STEP][PASSED] - click: Object: 'Object Repository/Final Object Repo/Login Page/Internal User/Login Button' is clicked on

2018-11-08 16:12:48 - [MESSAGE][PASSED] - Object: 'Object Repository/Final Object Repo/Login Page/Internal User/Login Button' is clicked on

2018-11-08 16:12:48 - [TEST_STEP][PASSED] - delay: Delayed 2 second(s)

2018-11-08 16:12:50 - [MESSAGE][PASSED] - Delayed 2 second(s)

2018-11-08 16:12:50 - [TEST_STEP][PASSED] - Statement - Try: null

2018-11-08 16:12:50 - [TEST_STEP][PASSED] - Statement - Checker = com.kms.katalon.core.webui.keyword.WebUiBuiltInKeywords.verifyElementNotPresent("Final Object Repo/Landing Page/Select to English", 3): null

2018-11-08 16:12:50 - [TEST_STEP][PASSED] - Statement - Catch (Exception e): null

2018-11-08 16:12:50 - [TEST_STEP][PASSED] - Statement - e.printStackTrace(): null

2018-11-08 16:12:50 - [TEST_STEP][PASSED] - click: Object: 'Object Repository/Final Object Repo/New Registration - Registration Module Pages/New Reg - OTC to RO/Special Case - All Related Objects/Expand to Search' is clicked on

2018-11-08 16:12:50 - [MESSAGE][PASSED] - Object: 'Object Repository/Final Object Repo/New Registration - Registration Module Pages/New Reg - OTC to RO/Special Case - All Related Objects/Expand to Search' is clicked on

2018-11-08 16:12:50 - [TEST_STEP][PASSED] - callTestCase: Call Test Case 'Test Cases/Final Aug 2018 - PKS Automation/Common/Reference Number Getter' successfully

2018-11-08 16:12:50 - [TEST_CASE][PASSED] - Test Cases/Final Aug 2018 - PKS Automation/Common/Reference Number Getter: Test Cases/Final Aug 2018 - PKS Automation/Common/Reference Number Getter

2018-11-08 16:12:50 - [TEST_STEP][PASSED] - Statement - Try: null

2018-11-08 16:12:50 - [TEST_STEP][PASSED] - Statement - RefNo = new java.io.File(C://KatalonReference.txt): null

2018-11-08 16:12:50 - [TEST_STEP][PASSED] - Statement - bufferread = new java.io.BufferedReader(new java.io.FileReader(RefNo)): null

2018-11-08 16:12:50 - [TEST_STEP][PASSED] - Statement - readedVal = bufferread.readLine(): null

2018-11-08 16:12:50 - [TEST_STEP][PASSED] - Statement - out.println(CaseReferenceNo): null

2018-11-08 16:12:50 - [TEST_STEP][PASSED] - Statement - out.println(readedVal): null

2018-11-08 16:12:50 - [TEST_STEP][PASSED] - Statement - CaseReferenceNo = readedVal: null

2018-11-08 16:12:50 - [MESSAGE][PASSED] - Call Test Case 'Test Cases/Final Aug 2018 - PKS Automation/Common/Reference Number Getter' successfully

2018-11-08 16:12:50 - [TEST_STEP][PASSED] - setText: Text 'CRN11201800122426' is set on object 'Object Repository/Final Object Repo/New Registration - Registration Module Pages/New Reg - OTC to RO/Special Case - All Related Objects/TextBox RefNo in Workbasket'

2018-11-08 16:12:51 - [MESSAGE][PASSED] - Text 'CRN11201800122426' is set on object 'Object Repository/Final Object Repo/New Registration - Registration Module Pages/New Reg - OTC to RO/Special Case - All Related Objects/TextBox RefNo in Workbasket'

2018-11-08 16:12:51 - [TEST_STEP][PASSED] - delay: Delayed 2 second(s)

2018-11-08 16:12:53 - [MESSAGE][PASSED] - Delayed 2 second(s)

2018-11-08 16:12:53 - [TEST_STEP][PASSED] - click: Object: 'Object Repository/Final Object Repo/New Registration - Registration Module Pages/New Reg - OTC to RO/Special Case - All Related Objects/Click Search' is clicked on

2018-11-08 16:12:55 - [MESSAGE][PASSED] - Object: 'Object Repository/Final Object Repo/New Registration - Registration Module Pages/New Reg - OTC to RO/Special Case - All Related Objects/Click Search' is clicked on

2018-11-08 16:12:55 - [TEST_STEP][PASSED] - delay: Delayed 2 second(s)

2018-11-08 16:12:57 - [MESSAGE][PASSED] - Delayed 2 second(s)

2018-11-08 16:12:57 - [TEST_STEP][PASSED] - click: Object: 'Object Repository/Final Object Repo/New Registration - Registration Module Pages/New Reg - OTC to RO/Special Case - All Related Objects/Click to Continue Workflow' is clicked on

2018-11-08 16:13:01 - [MESSAGE][PASSED] - Object: 'Object Repository/Final Object Repo/New Registration - Registration Module Pages/New Reg - OTC to RO/Special Case - All Related Objects/Click to Continue Workflow' is clicked on

2018-11-08 16:13:01 - [TEST_STEP][PASSED] - delay: Delayed 2 second(s)

2018-11-08 16:13:03 - [MESSAGE][PASSED] - Delayed 2 second(s)

2018-11-08 16:13:03 - [TEST_STEP][PASSED] - click: Object: 'Object Repository/Final Object Repo/New Registration - Registration Module Pages/New Reg - OTC to RO/Special Case - All Related Objects/Continue Button in verifying case' is clicked on

2018-11-08 16:13:07 - [MESSAGE][PASSED] - Object: 'Object Repository/Final Object Repo/New Registration - Registration Module Pages/New Reg - OTC to RO/Special Case - All Related Objects/Continue Button in verifying case' is clicked on

2018-11-08 16:13:07 - [TEST_STEP][PASSED] - delay: Delayed 2 second(s)

2018-11-08 16:13:09 - [MESSAGE][PASSED] - Delayed 2 second(s)

2018-11-08 16:13:09 - [TEST_STEP][PASSED] - click: Object: 'Object Repository/Final Object Repo/New Registration - Registration Module Pages/New Reg - OTC to RO/Special Case - All Related Objects/Form 1 Save n Continue' is clicked on

2018-11-08 16:13:09 - [MESSAGE][PASSED] - Object: 'Object Repository/Final Object Repo/New Registration - Registration Module Pages/New Reg - OTC to RO/Special Case - All Related Objects/Form 1 Save n Continue' is clicked on

2018-11-08 16:13:09 - [TEST_STEP][PASSED] - delay: Delayed 2 second(s)

2018-11-08 16:13:11 - [MESSAGE][PASSED] - Delayed 2 second(s)

2018-11-08 16:13:11 - [TEST_STEP][PASSED] - click: Object: 'Object Repository/Final Object Repo/New Registration - Registration Module Pages/New Reg - OTC to RO/Special Case - All Related Objects/Form 2 Save n Continue' is clicked on

2018-11-08 16:13:14 - [MESSAGE][PASSED] - Object: 'Object Repository/Final Object Repo/New Registration - Registration Module Pages/New Reg - OTC to RO/Special Case - All Related Objects/Form 2 Save n Continue' is clicked on

2018-11-08 16:13:14 - [TEST_STEP][PASSED] - delay: Delayed 2 second(s)

2018-11-08 16:13:16 - [MESSAGE][PASSED] - Delayed 2 second(s)

2018-11-08 16:13:16 - [TEST_STEP][PASSED] - click: Object: 'Object Repository/Final Object Repo/New Registration - Registration Module Pages/New Reg - OTC to RO/Special Case - All Related Objects/Third Screen Save n Continue' is clicked on

2018-11-08 16:13:22 - [MESSAGE][PASSED] - Object: 'Object Repository/Final Object Repo/New Registration - Registration Module Pages/New Reg - OTC to RO/Special Case - All Related Objects/Third Screen Save n Continue' is clicked on

2018-11-08 16:13:22 - [TEST_STEP][PASSED] - delay: Delayed 5 second(s)

2018-11-08 16:13:27 - [MESSAGE][PASSED] - Delayed 5 second(s)

2018-11-08 16:13:27 - [TEST_STEP][PASSED] - click: Object: 'Object Repository/Final Object Repo/New Registration - Registration Module Pages/New Reg - OTC to RO/Special Case - All Related Objects/Upload Doc Page Save n Continue' is clicked on

2018-11-08 16:13:27 - [MESSAGE][PASSED] - Object: 'Object Repository/Final Object Repo/New Registration - Registration Module Pages/New Reg - OTC to RO/Special Case - All Related Objects/Upload Doc Page Save n Continue' is clicked on

2018-11-08 16:13:27 - [TEST_STEP][PASSED] - delay: Delayed 5 second(s)

2018-11-08 16:13:32 - [MESSAGE][PASSED] - Delayed 5 second(s)

2018-11-08 16:13:32 - [TEST_STEP][PASSED] - callTestCase: Call Test Case 'Test Cases/Final Aug 2018 - PKS Automation/Registration Module/New Registration/Submit and Screenshot/Submit Registration and Screenshot' successfully

2018-11-08 16:13:32 - [TEST_CASE][PASSED] - Test Cases/Final Aug 2018 - PKS Automation/Registration Module/New Registration/Submit and Screenshot/Submit Registration and Screenshot: Test Cases/Final Aug 2018 - PKS Automation/Registration Module/New Registration/Submit and Screenshot/Submit Registration and Screenshot

2018-11-08 16:13:32 - [TEST_STEP][PASSED] - delay: Delayed 6 second(s)

2018-11-08 16:13:38 - [MESSAGE][PASSED] - Delayed 6 second(s)

2018-11-08 16:13:38 - [TEST_STEP][PASSED] - click: Object: 'Object Repository/Final Object Repo/New Registration - Registration Module Pages/Third Screen - Upload Supporting Doc- Preview/Preview Submit Button' is clicked on

2018-11-08 16:13:39 - [MESSAGE][PASSED] - Object: 'Object Repository/Final Object Repo/New Registration - Registration Module Pages/Third Screen - Upload Supporting Doc- Preview/Preview Submit Button' is clicked on

2018-11-08 16:13:39 - [TEST_STEP][PASSED] - delay: Delayed 2 second(s)

2018-11-08 16:13:41 - [MESSAGE][PASSED] - Delayed 2 second(s)

2018-11-08 16:13:41 - [TEST_STEP][PASSED] - click: Object: 'Object Repository/Final Object Repo/New Registration - Registration Module Pages/Third Screen - Upload Supporting Doc- Preview/Preview Submit - Confirm' is clicked on

2018-11-08 16:13:46 - [MESSAGE][PASSED] - Object: 'Object Repository/Final Object Repo/New Registration - Registration Module Pages/Third Screen - Upload Supporting Doc- Preview/Preview Submit - Confirm' is clicked on

2018-11-08 16:13:46 - [TEST_STEP][PASSED] - delay: Delayed 15 second(s)

2018-11-08 16:14:01 - [MESSAGE][PASSED] - Delayed 15 second(s)

2018-11-08 16:14:01 - [TEST_STEP][PASSED] - Statement - driver = com.kms.katalon.core.webui.driver.DriverFactory.getWebDriver(): null

2018-11-08 16:14:01 - [TEST_STEP][PASSED] - Statement - driver.manage().timeouts().implicitlyWait(10, SECONDS): null

2018-11-08 16:14:01 - [TEST_STEP][PASSED] - Statement - PresavePath = KatalonScreenshots: null

2018-11-08 16:14:01 - [TEST_STEP][PASSED] - Statement - pathPrefix = "C:\Users\Public\Pictures\Sample Pictures\Katalon Screenshots\Automate Ending Screen": null

2018-11-08 16:14:01 - [TEST_STEP][PASSED] - Statement - finalPath = <not implemented yet for class: org.codehaus.groovy.ast.expr.EmptyExpression>: null

2018-11-08 16:14:01 - [TEST_STEP][PASSED] - Statement - scrFile = driver.getScreenshotAs(FILE): null

2018-11-08 16:14:01 - [TEST_STEP][PASSED] - Statement - PreSaveFile = new java.io.File(PresavePath): null

2018-11-08 16:14:01 - [TEST_STEP][PASSED] - Statement - counter = 0: null

2018-11-08 16:14:01 - [TEST_STEP][PASSED] - Statement - If (PreSaveFile.exists()): null

2018-11-08 16:14:01 - [TEST_STEP][PASSED] - Statement - While (PreSaveFile.exists()): null

2018-11-08 16:14:01 - [TEST_STEP][PASSED] - Statement - counter = counter + 1: null

2018-11-08 16:14:01 - [TEST_STEP][PASSED] - Statement - PreSaveFile = new java.io.File(((pathPrefix + java.lang.Integer.toString(counter)) + .png)): null

2018-11-08 16:14:01 - [TEST_STEP][PASSED] - Statement - counter = counter + 1: null

2018-11-08 16:14:01 - [TEST_STEP][PASSED] - Statement - PreSaveFile = new java.io.File(((pathPrefix + java.lang.Integer.toString(counter)) + .png)): null

2018-11-08 16:14:01 - [TEST_STEP][PASSED] - Statement - counter = counter + 1: null

2018-11-08 16:14:01 - [TEST_STEP][PASSED] - Statement - PreSaveFile = new java.io.File(((pathPrefix + java.lang.Integer.toString(counter)) + .png)): null

2018-11-08 16:14:01 - [TEST_STEP][PASSED] - Statement - counter = counter + 1: null

2018-11-08 16:14:01 - [TEST_STEP][PASSED] - Statement - PreSaveFile = new java.io.File(((pathPrefix + java.lang.Integer.toString(counter)) + .png)): null

2018-11-08 16:14:01 - [TEST_STEP][PASSED] - Statement - counter = counter + 1: null

2018-11-08 16:14:01 - [TEST_STEP][PASSED] - Statement - PreSaveFile = new java.io.File(((pathPrefix + java.lang.Integer.toString(counter)) + .png)): null

2018-11-08 16:14:01 - [TEST_STEP][PASSED] - Statement - counter = counter + 1: null

2018-11-08 16:14:01 - [TEST_STEP][PASSED] - Statement - PreSaveFile = new java.io.File(((pathPrefix + java.lang.Integer.toString(counter)) + .png)): null

2018-11-08 16:14:01 - [TEST_STEP][PASSED] - Statement - counter = counter + 1: null

2018-11-08 16:14:01 - [TEST_STEP][PASSED] - Statement - PreSaveFile = new java.io.File(((pathPrefix + java.lang.Integer.toString(counter)) + .png)): null

2018-11-08 16:14:01 - [TEST_STEP][PASSED] - Statement - counter = counter + 1: null

2018-11-08 16:14:01 - [TEST_STEP][PASSED] - Statement - PreSaveFile = new java.io.File(((pathPrefix + java.lang.Integer.toString(counter)) + .png)): null

2018-11-08 16:14:01 - [TEST_STEP][PASSED] - Statement - counter = counter + 1: null

2018-11-08 16:14:01 - [TEST_STEP][PASSED] - Statement - PreSaveFile = new java.io.File(((pathPrefix + java.lang.Integer.toString(counter)) + .png)): null

2018-11-08 16:14:01 - [TEST_STEP][PASSED] - Statement - counter = counter + 1: null

2018-11-08 16:14:01 - [TEST_STEP][PASSED] - Statement - PreSaveFile = new java.io.File(((pathPrefix + java.lang.Integer.toString(counter)) + .png)): null

2018-11-08 16:14:01 - [TEST_STEP][PASSED] - Statement - counter = counter + 1: null

2018-11-08 16:14:01 - [TEST_STEP][PASSED] - Statement - PreSaveFile = new java.io.File(((pathPrefix + java.lang.Integer.toString(counter)) + .png)): null

2018-11-08 16:14:01 - [TEST_STEP][PASSED] - Statement - counter = counter + 1: null

2018-11-08 16:14:01 - [TEST_STEP][PASSED] - Statement - PreSaveFile = new java.io.File(((pathPrefix + java.lang.Integer.toString(counter)) + .png)): null

2018-11-08 16:14:01 - [TEST_STEP][PASSED] - Statement - counter = counter + 1: null

2018-11-08 16:14:01 - [TEST_STEP][PASSED] - Statement - PreSaveFile = new java.io.File(((pathPrefix + java.lang.Integer.toString(counter)) + .png)): null

2018-11-08 16:14:01 - [TEST_STEP][PASSED] - Statement - counter = counter + 1: null

2018-11-08 16:14:01 - [TEST_STEP][PASSED] - Statement - PreSaveFile = new java.io.File(((pathPrefix + java.lang.Integer.toString(counter)) + .png)): null

2018-11-08 16:14:01 - [TEST_STEP][PASSED] - Statement - counter = counter + 1: null

2018-11-08 16:14:01 - [TEST_STEP][PASSED] - Statement - PreSaveFile = new java.io.File(((pathPrefix + java.lang.Integer.toString(counter)) + .png)): null

2018-11-08 16:14:01 - [TEST_STEP][PASSED] - Statement - counter = counter + 1: null

2018-11-08 16:14:02 - [TEST_STEP][PASSED] - Statement - PreSaveFile = new java.io.File(((pathPrefix + java.lang.Integer.toString(counter)) + .png)): null

2018-11-08 16:14:02 - [TEST_STEP][PASSED] - Statement - counter = counter + 1: null

2018-11-08 16:14:02 - [TEST_STEP][PASSED] - Statement - PreSaveFile = new java.io.File(((pathPrefix + java.lang.Integer.toString(counter)) + .png)): null

2018-11-08 16:14:02 - [TEST_STEP][PASSED] - Statement - counter = counter + 1: null

2018-11-08 16:14:02 - [TEST_STEP][PASSED] - Statement - PreSaveFile = new java.io.File(((pathPrefix + java.lang.Integer.toString(counter)) + .png)): null

2018-11-08 16:14:02 - [TEST_STEP][PASSED] - Statement - counter = counter + 1: null

2018-11-08 16:14:02 - [TEST_STEP][PASSED] - Statement - PreSaveFile = new java.io.File(((pathPrefix + java.lang.Integer.toString(counter)) + .png)): null

2018-11-08 16:14:02 - [TEST_STEP][PASSED] - Statement - counter = counter + 1: null

2018-11-08 16:14:02 - [TEST_STEP][PASSED] - Statement - PreSaveFile = new java.io.File(((pathPrefix + java.lang.Integer.toString(counter)) + .png)): null

2018-11-08 16:14:02 - [TEST_STEP][PASSED] - Statement - counter = counter + 1: null

2018-11-08 16:14:02 - [TEST_STEP][PASSED] - Statement - PreSaveFile = new java.io.File(((pathPrefix + java.lang.Integer.toString(counter)) + .png)): null

2018-11-08 16:14:02 - [TEST_STEP][PASSED] - Statement - counter = counter + 1: null

2018-11-08 16:14:02 - [TEST_STEP][PASSED] - Statement - PreSaveFile = new java.io.File(((pathPrefix + java.lang.Integer.toString(counter)) + .png)): null

2018-11-08 16:14:02 - [TEST_STEP][PASSED] - Statement - counter = counter + 1: null

2018-11-08 16:14:02 - [TEST_STEP][PASSED] - Statement - PreSaveFile = new java.io.File(((pathPrefix + java.lang.Integer.toString(counter)) + .png)): null

2018-11-08 16:14:03 - [TEST_STEP][PASSED] - Statement - counter = counter + 1: null

2018-11-08 16:14:03 - [TEST_STEP][PASSED] - Statement - PreSaveFile = new java.io.File(((pathPrefix + java.lang.Integer.toString(counter)) + .png)): null

2018-11-08 16:14:03 - [TEST_STEP][PASSED] - Statement - counter = counter + 1: null

2018-11-08 16:14:03 - [TEST_STEP][PASSED] - Statement - PreSaveFile = new java.io.File(((pathPrefix + java.lang.Integer.toString(counter)) + .png)): null

2018-11-08 16:14:03 - [TEST_STEP][PASSED] - Statement - counter = counter + 1: null

2018-11-08 16:14:03 - [TEST_STEP][PASSED] - Statement - PreSaveFile = new java.io.File(((pathPrefix + java.lang.Integer.toString(counter)) + .png)): null

2018-11-08 16:14:03 - [TEST_STEP][PASSED] - Statement - counter = counter + 1: null

2018-11-08 16:14:03 - [TEST_STEP][PASSED] - Statement - PreSaveFile = new java.io.File(((pathPrefix + java.lang.Integer.toString(counter)) + .png)): null

2018-11-08 16:14:03 - [TEST_STEP][PASSED] - Statement - counter = counter + 1: null

2018-11-08 16:14:03 - [TEST_STEP][PASSED] - Statement - PreSaveFile = new java.io.File(((pathPrefix + java.lang.Integer.toString(counter)) + .png)): null

2018-11-08 16:14:03 - [TEST_STEP][PASSED] - Statement - counter = counter + 1: null

2018-11-08 16:14:03 - [TEST_STEP][PASSED] - Statement - PreSaveFile = new java.io.File(((pathPrefix + java.lang.Integer.toString(counter)) + .png)): null

2018-11-08 16:14:03 - [TEST_STEP][PASSED] - Statement - counter = counter + 1: null

2018-11-08 16:14:03 - [TEST_STEP][PASSED] - Statement - PreSaveFile = new java.io.File(((pathPrefix + java.lang.Integer.toString(counter)) + .png)): null

2018-11-08 16:14:03 - [TEST_STEP][PASSED] - Statement - counter = counter + 1: null

2018-11-08 16:14:03 - [TEST_STEP][PASSED] - Statement - PreSaveFile = new java.io.File(((pathPrefix + java.lang.Integer.toString(counter)) + .png)): null

2018-11-08 16:14:03 - [TEST_STEP][PASSED] - Statement - counter = counter + 1: null

2018-11-08 16:14:03 - [TEST_STEP][PASSED] - Statement - PreSaveFile = new java.io.File(((pathPrefix + java.lang.Integer.toString(counter)) + .png)): null

2018-11-08 16:14:03 - [TEST_STEP][PASSED] - Statement - counter = counter + 1: null

2018-11-08 16:14:03 - [TEST_STEP][PASSED] - Statement - PreSaveFile = new java.io.File(((pathPrefix + java.lang.Integer.toString(counter)) + .png)): null

2018-11-08 16:14:03 - [TEST_STEP][PASSED] - Statement - counter = counter + 1: null

2018-11-08 16:14:03 - [TEST_STEP][PASSED] - Statement - PreSaveFile = new java.io.File(((pathPrefix + java.lang.Integer.toString(counter)) + .png)): null

2018-11-08 16:14:03 - [TEST_STEP][PASSED] - Statement - counter = counter + 1: null

2018-11-08 16:14:03 - [TEST_STEP][PASSED] - Statement - PreSaveFile = new java.io.File(((pathPrefix + java.lang.Integer.toString(counter)) + .png)): null

2018-11-08 16:14:03 - [TEST_STEP][PASSED] - Statement - counter = counter + 1: null

2018-11-08 16:14:04 - [TEST_STEP][PASSED] - Statement - PreSaveFile = new java.io.File(((pathPrefix + java.lang.Integer.toString(counter)) + .png)): null

2018-11-08 16:14:04 - [TEST_STEP][PASSED] - Statement - counter = counter + 1: null

2018-11-08 16:14:04 - [TEST_STEP][PASSED] - Statement - PreSaveFile = new java.io.File(((pathPrefix + java.lang.Integer.toString(counter)) + .png)): null

2018-11-08 16:14:04 - [TEST_STEP][PASSED] - Statement - counter = counter + 1: null

2018-11-08 16:14:04 - [TEST_STEP][PASSED] - Statement - PreSaveFile = new java.io.File(((pathPrefix + java.lang.Integer.toString(counter)) + .png)): null

2018-11-08 16:14:04 - [TEST_STEP][PASSED] - Statement - counter = counter + 1: null

2018-11-08 16:14:04 - [TEST_STEP][PASSED] - Statement - PreSaveFile = new java.io.File(((pathPrefix + java.lang.Integer.toString(counter)) + .png)): null

2018-11-08 16:14:04 - [TEST_STEP][PASSED] - Statement - counter = counter + 1: null

2018-11-08 16:14:04 - [TEST_STEP][PASSED] - Statement - PreSaveFile = new java.io.File(((pathPrefix + java.lang.Integer.toString(counter)) + .png)): null

2018-11-08 16:14:04 - [TEST_STEP][PASSED] - Statement - counter = counter + 1: null

2018-11-08 16:14:04 - [TEST_STEP][PASSED] - Statement - PreSaveFile = new java.io.File(((pathPrefix + java.lang.Integer.toString(counter)) + .png)): null

2018-11-08 16:14:04 - [TEST_STEP][PASSED] - Statement - counter = counter + 1: null

2018-11-08 16:14:04 - [TEST_STEP][PASSED] - Statement - PreSaveFile = new java.io.File(((pathPrefix + java.lang.Integer.toString(counter)) + .png)): null

2018-11-08 16:14:04 - [TEST_STEP][PASSED] - Statement - counter = counter + 1: null

2018-11-08 16:14:05 - [TEST_STEP][PASSED] - Statement - PreSaveFile = new java.io.File(((pathPrefix + java.lang.Integer.toString(counter)) + .png)): null

2018-11-08 16:14:05 - [TEST_STEP][PASSED] - Statement - counter = counter + 1: null

2018-11-08 16:14:05 - [TEST_STEP][PASSED] - Statement - PreSaveFile = new java.io.File(((pathPrefix + java.lang.Integer.toString(counter)) + .png)): null

2018-11-08 16:14:05 - [TEST_STEP][PASSED] - Statement - counter = counter + 1: null

2018-11-08 16:14:05 - [TEST_STEP][PASSED] - Statement - PreSaveFile = new java.io.File(((pathPrefix + java.lang.Integer.toString(counter)) + .png)): null

2018-11-08 16:14:05 - [TEST_STEP][PASSED] - Statement - counter = counter + 1: null

2018-11-08 16:14:05 - [TEST_STEP][PASSED] - Statement - PreSaveFile = new java.io.File(((pathPrefix + java.lang.Integer.toString(counter)) + .png)): null

2018-11-08 16:14:05 - [TEST_STEP][PASSED] - Statement - counter = counter + 1: null

2018-11-08 16:14:05 - [TEST_STEP][PASSED] - Statement - PreSaveFile = new java.io.File(((pathPrefix + java.lang.Integer.toString(counter)) + .png)): null

2018-11-08 16:14:05 - [TEST_STEP][PASSED] - Statement - counter = counter + 1: null

2018-11-08 16:14:06 - [TEST_STEP][PASSED] - Statement - PreSaveFile = new java.io.File(((pathPrefix + java.lang.Integer.toString(counter)) + .png)): null

2018-11-08 16:14:06 - [TEST_STEP][PASSED] - Statement - counter = counter + 1: null

2018-11-08 16:14:06 - [TEST_STEP][PASSED] - Statement - PreSaveFile = new java.io.File(((pathPrefix + java.lang.Integer.toString(counter)) + .png)): null

2018-11-08 16:14:06 - [TEST_STEP][PASSED] - Statement - counter = counter + 1: null

2018-11-08 16:14:06 - [TEST_STEP][PASSED] - Statement - PreSaveFile = new java.io.File(((pathPrefix + java.lang.Integer.toString(counter)) + .png)): null

2018-11-08 16:14:06 - [TEST_STEP][PASSED] - Statement - counter = counter + 1: null

2018-11-08 16:14:06 - [TEST_STEP][PASSED] - Statement - PreSaveFile = new java.io.File(((pathPrefix + java.lang.Integer.toString(counter)) + .png)): null

2018-11-08 16:14:06 - [TEST_STEP][PASSED] - Statement - counter = counter + 1: null

2018-11-08 16:14:06 - [TEST_STEP][PASSED] - Statement - PreSaveFile = new java.io.File(((pathPrefix + java.lang.Integer.toString(counter)) + .png)): null

2018-11-08 16:14:06 - [TEST_STEP][PASSED] - Statement - counter = counter + 1: null

2018-11-08 16:14:06 - [TEST_STEP][PASSED] - Statement - PreSaveFile = new java.io.File(((pathPrefix + java.lang.Integer.toString(counter)) + .png)): null

2018-11-08 16:14:06 - [TEST_STEP][PASSED] - Statement - counter = counter + 1: null

2018-11-08 16:14:06 - [TEST_STEP][PASSED] - Statement - PreSaveFile = new java.io.File(((pathPrefix + java.lang.Integer.toString(counter)) + .png)): null

2018-11-08 16:14:06 - [TEST_STEP][PASSED] - Statement - counter = counter + 1: null

2018-11-08 16:14:07 - [TEST_STEP][PASSED] - Statement - PreSaveFile = new java.io.File(((pathPrefix + java.lang.Integer.toString(counter)) + .png)): null

2018-11-08 16:14:07 - [TEST_STEP][PASSED] - Statement - counter = counter + 1: null

2018-11-08 16:14:07 - [TEST_STEP][PASSED] - Statement - PreSaveFile = new java.io.File(((pathPrefix + java.lang.Integer.toString(counter)) + .png)): null

2018-11-08 16:14:07 - [TEST_STEP][PASSED] - Statement - counter = counter + 1: null

2018-11-08 16:14:07 - [TEST_STEP][PASSED] - Statement - PreSaveFile = new java.io.File(((pathPrefix + java.lang.Integer.toString(counter)) + .png)): null

2018-11-08 16:14:07 - [TEST_STEP][PASSED] - Statement - counter = counter + 1: null

2018-11-08 16:14:07 - [TEST_STEP][PASSED] - Statement - PreSaveFile = new java.io.File(((pathPrefix + java.lang.Integer.toString(counter)) + .png)): null

2018-11-08 16:14:07 - [TEST_STEP][PASSED] - Statement - counter = counter + 1: null

2018-11-08 16:14:07 - [TEST_STEP][PASSED] - Statement - PreSaveFile = new java.io.File(((pathPrefix + java.lang.Integer.toString(counter)) + .png)): null

2018-11-08 16:14:07 - [TEST_STEP][PASSED] - Statement - counter = counter + 1: null

2018-11-08 16:14:08 - [TEST_STEP][PASSED] - Statement - PreSaveFile = new java.io.File(((pathPrefix + java.lang.Integer.toString(counter)) + .png)): null

2018-11-08 16:14:08 - [TEST_STEP][PASSED] - Statement - counter = counter + 1: null

2018-11-08 16:14:08 - [TEST_STEP][PASSED] - Statement - PreSaveFile = new java.io.File(((pathPrefix + java.lang.Integer.toString(counter)) + .png)): null

2018-11-08 16:14:08 - [TEST_STEP][PASSED] - Statement - counter = counter + 1: null

2018-11-08 16:14:08 - [TEST_STEP][PASSED] - Statement - PreSaveFile = new java.io.File(((pathPrefix + java.lang.Integer.toString(counter)) + .png)): null

2018-11-08 16:14:08 - [TEST_STEP][PASSED] - Statement - counter = counter + 1: null

2018-11-08 16:14:08 - [TEST_STEP][PASSED] - Statement - PreSaveFile = new java.io.File(((pathPrefix + java.lang.Integer.toString(counter)) + .png)): null

2018-11-08 16:14:08 - [TEST_STEP][PASSED] - Statement - counter = counter + 1: null

2018-11-08 16:14:08 - [TEST_STEP][PASSED] - Statement - PreSaveFile = new java.io.File(((pathPrefix + java.lang.Integer.toString(counter)) + .png)): null

2018-11-08 16:14:09 - [TEST_STEP][PASSED] - Statement - counter = counter + 1: null

2018-11-08 16:14:09 - [TEST_STEP][PASSED] - Statement - PreSaveFile = new java.io.File(((pathPrefix + java.lang.Integer.toString(counter)) + .png)): null

2018-11-08 16:14:09 - [TEST_STEP][PASSED] - Statement - counter = counter + 1: null

2018-11-08 16:14:09 - [TEST_STEP][PASSED] - Statement - PreSaveFile = new java.io.File(((pathPrefix + java.lang.Integer.toString(counter)) + .png)): null

2018-11-08 16:14:09 - [TEST_STEP][PASSED] - Statement - counter = counter + 1: null

2018-11-08 16:14:09 - [TEST_STEP][PASSED] - Statement - PreSaveFile = new java.io.File(((pathPrefix + java.lang.Integer.toString(counter)) + .png)): null

2018-11-08 16:14:09 - [TEST_STEP][PASSED] - Statement - counter = counter + 1: null

2018-11-08 16:14:09 - [TEST_STEP][PASSED] - Statement - PreSaveFile = new java.io.File(((pathPrefix + java.lang.Integer.toString(counter)) + .png)): null

2018-11-08 16:14:09 - [TEST_STEP][PASSED] - Statement - counter = counter + 1: null

2018-11-08 16:14:09 - [TEST_STEP][PASSED] - Statement - PreSaveFile = new java.io.File(((pathPrefix + java.lang.Integer.toString(counter)) + .png)): null

2018-11-08 16:14:09 - [TEST_STEP][PASSED] - Statement - counter = counter + 1: null

2018-11-08 16:14:09 - [TEST_STEP][PASSED] - Statement - PreSaveFile = new java.io.File(((pathPrefix + java.lang.Integer.toString(counter)) + .png)): null

2018-11-08 16:14:09 - [TEST_STEP][PASSED] - Statement - counter = counter + 1: null

2018-11-08 16:14:09 - [TEST_STEP][PASSED] - Statement - PreSaveFile = new java.io.File(((pathPrefix + java.lang.Integer.toString(counter)) + .png)): null

2018-11-08 16:14:10 - [TEST_STEP][PASSED] - Statement - counter = counter + 1: null

2018-11-08 16:14:10 - [TEST_STEP][PASSED] - Statement - PreSaveFile = new java.io.File(((pathPrefix + java.lang.Integer.toString(counter)) + .png)): null

2018-11-08 16:14:10 - [TEST_STEP][PASSED] - Statement - counter = counter + 1: null

2018-11-08 16:14:10 - [TEST_STEP][PASSED] - Statement - PreSaveFile = new java.io.File(((pathPrefix + java.lang.Integer.toString(counter)) + .png)): null

2018-11-08 16:14:10 - [TEST_STEP][PASSED] - Statement - counter = counter + 1: null

2018-11-08 16:14:10 - [TEST_STEP][PASSED] - Statement - PreSaveFile = new java.io.File(((pathPrefix + java.lang.Integer.toString(counter)) + .png)): null

2018-11-08 16:14:10 - [TEST_STEP][PASSED] - Statement - counter = counter + 1: null

2018-11-08 16:14:10 - [TEST_STEP][PASSED] - Statement - PreSaveFile = new java.io.File(((pathPrefix + java.lang.Integer.toString(counter)) + .png)): null

2018-11-08 16:14:10 - [TEST_STEP][PASSED] - Statement - counter = counter + 1: null

2018-11-08 16:14:11 - [TEST_STEP][PASSED] - Statement - PreSaveFile = new java.io.File(((pathPrefix + java.lang.Integer.toString(counter)) + .png)): null

2018-11-08 16:14:11 - [TEST_STEP][PASSED] - Statement - counter = counter + 1: null

2018-11-08 16:14:11 - [TEST_STEP][PASSED] - Statement - PreSaveFile = new java.io.File(((pathPrefix + java.lang.Integer.toString(counter)) + .png)): null

2018-11-08 16:14:11 - [TEST_STEP][PASSED] - Statement - counter = counter + 1: null

2018-11-08 16:14:11 - [TEST_STEP][PASSED] - Statement - PreSaveFile = new java.io.File(((pathPrefix + java.lang.Integer.toString(counter)) + .png)): null

2018-11-08 16:14:11 - [TEST_STEP][PASSED] - Statement - counter = counter + 1: null

2018-11-08 16:14:11 - [TEST_STEP][PASSED] - Statement - PreSaveFile = new java.io.File(((pathPrefix + java.lang.Integer.toString(counter)) + .png)): null

2018-11-08 16:14:11 - [TEST_STEP][PASSED] - Statement - counter = counter + 1: null

2018-11-08 16:14:11 - [TEST_STEP][PASSED] - Statement - PreSaveFile = new java.io.File(((pathPrefix + java.lang.Integer.toString(counter)) + .png)): null

2018-11-08 16:14:11 - [TEST_STEP][PASSED] - Statement - counter = counter + 1: null

2018-11-08 16:14:12 - [TEST_STEP][PASSED] - Statement - PreSaveFile = new java.io.File(((pathPrefix + java.lang.Integer.toString(counter)) + .png)): null

2018-11-08 16:14:12 - [TEST_STEP][PASSED] - Statement - counter = counter + 1: null

2018-11-08 16:14:12 - [TEST_STEP][PASSED] - Statement - PreSaveFile = new java.io.File(((pathPrefix + java.lang.Integer.toString(counter)) + .png)): null

2018-11-08 16:14:12 - [TEST_STEP][PASSED] - Statement - counter = counter + 1: null

2018-11-08 16:14:12 - [TEST_STEP][PASSED] - Statement - PreSaveFile = new java.io.File(((pathPrefix + java.lang.Integer.toString(counter)) + .png)): null

2018-11-08 16:14:12 - [TEST_STEP][PASSED] - Statement - counter = counter + 1: null

2018-11-08 16:14:12 - [TEST_STEP][PASSED] - Statement - PreSaveFile = new java.io.File(((pathPrefix + java.lang.Integer.toString(counter)) + .png)): null

2018-11-08 16:14:12 - [TEST_STEP][PASSED] - Statement - counter = counter + 1: null

2018-11-08 16:14:12 - [TEST_STEP][PASSED] - Statement - PreSaveFile = new java.io.File(((pathPrefix + java.lang.Integer.toString(counter)) + .png)): null

2018-11-08 16:14:12 - [TEST_STEP][PASSED] - Statement - counter = counter + 1: null

2018-11-08 16:14:12 - [TEST_STEP][PASSED] - Statement - PreSaveFile = new java.io.File(((pathPrefix + java.lang.Integer.toString(counter)) + .png)): null

2018-11-08 16:14:12 - [TEST_STEP][PASSED] - Statement - counter = counter + 1: null

2018-11-08 16:14:12 - [TEST_STEP][PASSED] - Statement - PreSaveFile = new java.io.File(((pathPrefix + java.lang.Integer.toString(counter)) + .png)): null

2018-11-08 16:14:12 - [TEST_STEP][PASSED] - Statement - counter = counter + 1: null

2018-11-08 16:14:13 - [TEST_STEP][PASSED] - Statement - PreSaveFile = new java.io.File(((pathPrefix + java.lang.Integer.toString(counter)) + .png)): null

2018-11-08 16:14:13 - [TEST_STEP][PASSED] - Statement - counter = counter + 1: null

2018-11-08 16:14:13 - [TEST_STEP][PASSED] - Statement - PreSaveFile = new java.io.File(((pathPrefix + java.lang.Integer.toString(counter)) + .png)): null

2018-11-08 16:14:13 - [TEST_STEP][PASSED] - Statement - counter = counter + 1: null

2018-11-08 16:14:13 - [TEST_STEP][PASSED] - Statement - PreSaveFile = new java.io.File(((pathPrefix + java.lang.Integer.toString(counter)) + .png)): null

2018-11-08 16:14:13 - [TEST_STEP][PASSED] - Statement - counter = counter + 1: null

2018-11-08 16:14:13 - [TEST_STEP][PASSED] - Statement - PreSaveFile = new java.io.File(((pathPrefix + java.lang.Integer.toString(counter)) + .png)): null

2018-11-08 16:14:13 - [TEST_STEP][PASSED] - Statement - counter = counter + 1: null

2018-11-08 16:14:13 - [TEST_STEP][PASSED] - Statement - PreSaveFile = new java.io.File(((pathPrefix + java.lang.Integer.toString(counter)) + .png)): null

2018-11-08 16:14:13 - [TEST_STEP][PASSED] - Statement - counter = counter + 1: null

2018-11-08 16:14:14 - [TEST_STEP][PASSED] - Statement - PreSaveFile = new java.io.File(((pathPrefix + java.lang.Integer.toString(counter)) + .png)): null

2018-11-08 16:14:14 - [TEST_STEP][PASSED] - Statement - counter = counter + 1: null

2018-11-08 16:14:14 - [TEST_STEP][PASSED] - Statement - PreSaveFile = new java.io.File(((pathPrefix + java.lang.Integer.toString(counter)) + .png)): null

2018-11-08 16:14:14 - [TEST_STEP][PASSED] - Statement - counter = counter + 1: null

2018-11-08 16:14:14 - [TEST_STEP][PASSED] - Statement - PreSaveFile = new java.io.File(((pathPrefix + java.lang.Integer.toString(counter)) + .png)): null

2018-11-08 16:14:14 - [TEST_STEP][PASSED] - Statement - counter = counter + 1: null

2018-11-08 16:14:14 - [TEST_STEP][PASSED] - Statement - PreSaveFile = new java.io.File(((pathPrefix + java.lang.Integer.toString(counter)) + .png)): null

2018-11-08 16:14:14 - [TEST_STEP][PASSED] - Statement - counter = counter + 1: null

2018-11-08 16:14:14 - [TEST_STEP][PASSED] - Statement - PreSaveFile = new java.io.File(((pathPrefix + java.lang.Integer.toString(counter)) + .png)): null

2018-11-08 16:14:15 - [TEST_STEP][PASSED] - Statement - counter = counter + 1: null

2018-11-08 16:14:15 - [TEST_STEP][PASSED] - Statement - PreSaveFile = new java.io.File(((pathPrefix + java.lang.Integer.toString(counter)) + .png)): null

2018-11-08 16:14:15 - [TEST_STEP][PASSED] - Statement - counter = counter + 1: null

2018-11-08 16:14:15 - [TEST_STEP][PASSED] - Statement - PreSaveFile = new java.io.File(((pathPrefix + java.lang.Integer.toString(counter)) + .png)): null

2018-11-08 16:14:15 - [TEST_STEP][PASSED] - Statement - counter = counter + 1: null

2018-11-08 16:14:15 - [TEST_STEP][PASSED] - Statement - PreSaveFile = new java.io.File(((pathPrefix + java.lang.Integer.toString(counter)) + .png)): null

2018-11-08 16:14:15 - [TEST_STEP][PASSED] - Statement - counter = counter + 1: null

2018-11-08 16:14:15 - [TEST_STEP][PASSED] - Statement - PreSaveFile = new java.io.File(((pathPrefix + java.lang.Integer.toString(counter)) + .png)): null

2018-11-08 16:14:15 - [TEST_STEP][PASSED] - Statement - counter = counter + 1: null

2018-11-08 16:14:17 - [TEST_STEP][PASSED] - Statement - PreSaveFile = new java.io.File(((pathPrefix + java.lang.Integer.toString(counter)) + .png)): null

2018-11-08 16:14:17 - [TEST_STEP][PASSED] - Statement - counter = counter + 1: null

2018-11-08 16:14:17 - [TEST_STEP][PASSED] - Statement - PreSaveFile = new java.io.File(((pathPrefix + java.lang.Integer.toString(counter)) + .png)): null

2018-11-08 16:14:17 - [TEST_STEP][PASSED] - Statement - counter = counter + 1: null

2018-11-08 16:14:17 - [TEST_STEP][PASSED] - Statement - PreSaveFile = new java.io.File(((pathPrefix + java.lang.Integer.toString(counter)) + .png)): null

2018-11-08 16:14:17 - [TEST_STEP][PASSED] - Statement - counter = counter + 1: null

2018-11-08 16:14:17 - [TEST_STEP][PASSED] - Statement - PreSaveFile = new java.io.File(((pathPrefix + java.lang.Integer.toString(counter)) + .png)): null

2018-11-08 16:14:17 - [TEST_STEP][PASSED] - Statement - counter = counter + 1: null

2018-11-08 16:14:17 - [TEST_STEP][PASSED] - Statement - PreSaveFile = new java.io.File(((pathPrefix + java.lang.Integer.toString(counter)) + .png)): null

2018-11-08 16:14:17 - [TEST_STEP][PASSED] - Statement - counter = counter + 1: null

2018-11-08 16:14:17 - [TEST_STEP][PASSED] - Statement - PreSaveFile = new java.io.File(((pathPrefix + java.lang.Integer.toString(counter)) + .png)): null

2018-11-08 16:14:17 - [TEST_STEP][PASSED] - Statement - counter = counter + 1: null

2018-11-08 16:14:17 - [TEST_STEP][PASSED] - Statement - PreSaveFile = new java.io.File(((pathPrefix + java.lang.Integer.toString(counter)) + .png)): null

2018-11-08 16:14:17 - [TEST_STEP][PASSED] - Statement - counter = counter + 1: null

2018-11-08 16:14:18 - [TEST_STEP][PASSED] - Statement - PreSaveFile = new java.io.File(((pathPrefix + java.lang.Integer.toString(counter)) + .png)): null

2018-11-08 16:14:18 - [TEST_STEP][PASSED] - Statement - counter = counter + 1: null

2018-11-08 16:14:18 - [TEST_STEP][PASSED] - Statement - PreSaveFile = new java.io.File(((pathPrefix + java.lang.Integer.toString(counter)) + .png)): null

2018-11-08 16:14:18 - [TEST_STEP][PASSED] - Statement - counter = counter + 1: null

2018-11-08 16:14:18 - [TEST_STEP][PASSED] - Statement - PreSaveFile = new java.io.File(((pathPrefix + java.lang.Integer.toString(counter)) + .png)): null

2018-11-08 16:14:18 - [TEST_STEP][PASSED] - Statement - counter = counter + 1: null

2018-11-08 16:14:18 - [TEST_STEP][PASSED] - Statement - PreSaveFile = new java.io.File(((pathPrefix + java.lang.Integer.toString(counter)) + .png)): null

2018-11-08 16:14:18 - [TEST_STEP][PASSED] - Statement - counter = counter + 1: null

2018-11-08 16:14:18 - [TEST_STEP][PASSED] - Statement - PreSaveFile = new java.io.File(((pathPrefix + java.lang.Integer.toString(counter)) + .png)): null

2018-11-08 16:14:18 - [TEST_STEP][PASSED] - Statement - counter = counter + 1: null

2018-11-08 16:14:19 - [TEST_STEP][PASSED] - Statement - PreSaveFile = new java.io.File(((pathPrefix + java.lang.Integer.toString(counter)) + .png)): null

2018-11-08 16:14:19 - [TEST_STEP][PASSED] - Statement - counter = counter + 1: null

2018-11-08 16:14:19 - [TEST_STEP][PASSED] - Statement - PreSaveFile = new java.io.File(((pathPrefix + java.lang.Integer.toString(counter)) + .png)): null

2018-11-08 16:14:19 - [TEST_STEP][PASSED] - Statement - counter = counter + 1: null

2018-11-08 16:14:19 - [TEST_STEP][PASSED] - Statement - PreSaveFile = new java.io.File(((pathPrefix + java.lang.Integer.toString(counter)) + .png)): null

2018-11-08 16:14:19 - [TEST_STEP][PASSED] - Statement - counter = counter + 1: null

2018-11-08 16:14:19 - [TEST_STEP][PASSED] - Statement - PreSaveFile = new java.io.File(((pathPrefix + java.lang.Integer.toString(counter)) + .png)): null

2018-11-08 16:14:19 - [TEST_STEP][PASSED] - Statement - counter = counter + 1: null

2018-11-08 16:14:19 - [TEST_STEP][PASSED] - Statement - PreSaveFile = new java.io.File(((pathPrefix + java.lang.Integer.toString(counter)) + .png)): null

2018-11-08 16:14:19 - [TEST_STEP][PASSED] - Statement - counter = counter + 1: null

2018-11-08 16:14:20 - [TEST_STEP][PASSED] - Statement - PreSaveFile = new java.io.File(((pathPrefix + java.lang.Integer.toString(counter)) + .png)): null

2018-11-08 16:14:20 - [TEST_STEP][PASSED] - Statement - counter = counter + 1: null

2018-11-08 16:14:20 - [TEST_STEP][PASSED] - Statement - PreSaveFile = new java.io.File(((pathPrefix + java.lang.Integer.toString(counter)) + .png)): null

2018-11-08 16:14:20 - [TEST_STEP][PASSED] - Statement - counter = counter + 1: null

2018-11-08 16:14:20 - [TEST_STEP][PASSED] - Statement - PreSaveFile = new java.io.File(((pathPrefix + java.lang.Integer.toString(counter)) + .png)): null

2018-11-08 16:14:20 - [TEST_STEP][PASSED] - Statement - counter = counter + 1: null

2018-11-08 16:14:20 - [TEST_STEP][PASSED] - Statement - PreSaveFile = new java.io.File(((pathPrefix + java.lang.Integer.toString(counter)) + .png)): null

2018-11-08 16:14:20 - [TEST_STEP][PASSED] - Statement - counter = counter + 1: null

2018-11-08 16:14:20 - [TEST_STEP][PASSED] - Statement - PreSaveFile = new java.io.File(((pathPrefix + java.lang.Integer.toString(counter)) + .png)): null

2018-11-08 16:14:21 - [TEST_STEP][PASSED] - Statement - counter = counter + 1: null

2018-11-08 16:14:21 - [TEST_STEP][PASSED] - Statement - PreSaveFile = new java.io.File(((pathPrefix + java.lang.Integer.toString(counter)) + .png)): null

2018-11-08 16:14:21 - [TEST_STEP][PASSED] - Statement - counter = counter + 1: null

2018-11-08 16:14:21 - [TEST_STEP][PASSED] - Statement - PreSaveFile = new java.io.File(((pathPrefix + java.lang.Integer.toString(counter)) + .png)): null

2018-11-08 16:14:21 - [TEST_STEP][PASSED] - Statement - counter = counter + 1: null

2018-11-08 16:14:21 - [TEST_STEP][PASSED] - Statement - PreSaveFile = new java.io.File(((pathPrefix + java.lang.Integer.toString(counter)) + .png)): null

2018-11-08 16:14:21 - [TEST_STEP][PASSED] - Statement - counter = counter + 1: null

2018-11-08 16:14:21 - [TEST_STEP][PASSED] - Statement - PreSaveFile = new java.io.File(((pathPrefix + java.lang.Integer.toString(counter)) + .png)): null

2018-11-08 16:14:21 - [TEST_STEP][PASSED] - Statement - counter = counter + 1: null

2018-11-08 16:14:21 - [TEST_STEP][PASSED] - Statement - PreSaveFile = new java.io.File(((pathPrefix + java.lang.Integer.toString(counter)) + .png)): null

2018-11-08 16:14:21 - [TEST_STEP][PASSED] - Statement - counter = counter + 1: null

2018-11-08 16:14:21 - [TEST_STEP][PASSED] - Statement - PreSaveFile = new java.io.File(((pathPrefix + java.lang.Integer.toString(counter)) + .png)): null

2018-11-08 16:14:21 - [TEST_STEP][PASSED] - Statement - counter = counter + 1: null

2018-11-08 16:14:22 - [TEST_STEP][PASSED] - Statement - PreSaveFile = new java.io.File(((pathPrefix + java.lang.Integer.toString(counter)) + .png)): null

2018-11-08 16:14:22 - [TEST_STEP][PASSED] - Statement - counter = counter + 1: null

2018-11-08 16:14:22 - [TEST_STEP][PASSED] - Statement - PreSaveFile = new java.io.File(((pathPrefix + java.lang.Integer.toString(counter)) + .png)): null

2018-11-08 16:14:22 - [TEST_STEP][PASSED] - Statement - counter = counter + 1: null

2018-11-08 16:14:22 - [TEST_STEP][PASSED] - Statement - PreSaveFile = new java.io.File(((pathPrefix + java.lang.Integer.toString(counter)) + .png)): null

2018-11-08 16:14:22 - [TEST_STEP][PASSED] - Statement - counter = counter + 1: null

2018-11-08 16:14:22 - [TEST_STEP][PASSED] - Statement - PreSaveFile = new java.io.File(((pathPrefix + java.lang.Integer.toString(counter)) + .png)): null

2018-11-08 16:14:22 - [TEST_STEP][PASSED] - Statement - counter = counter + 1: null

2018-11-08 16:14:22 - [TEST_STEP][PASSED] - Statement - PreSaveFile = new java.io.File(((pathPrefix + java.lang.Integer.toString(counter)) + .png)): null

2018-11-08 16:14:22 - [TEST_STEP][PASSED] - Statement - counter = counter + 1: null

2018-11-08 16:14:23 - [TEST_STEP][PASSED] - Statement - PreSaveFile = new java.io.File(((pathPrefix + java.lang.Integer.toString(counter)) + .png)): null

2018-11-08 16:14:23 - [TEST_STEP][PASSED] - Statement - counter = counter + 1: null

2018-11-08 16:14:23 - [TEST_STEP][PASSED] - Statement - PreSaveFile = new java.io.File(((pathPrefix + java.lang.Integer.toString(counter)) + .png)): null

2018-11-08 16:14:23 - [TEST_STEP][PASSED] - Statement - counter = counter + 1: null

2018-11-08 16:14:23 - [TEST_STEP][PASSED] - Statement - PreSaveFile = new java.io.File(((pathPrefix + java.lang.Integer.toString(counter)) + .png)): null

2018-11-08 16:14:23 - [TEST_STEP][PASSED] - Statement - counter = counter + 1: null

2018-11-08 16:14:23 - [TEST_STEP][PASSED] - Statement - PreSaveFile = new java.io.File(((pathPrefix + java.lang.Integer.toString(counter)) + .png)): null

2018-11-08 16:14:23 - [TEST_STEP][PASSED] - Statement - counter = counter + 1: null

2018-11-08 16:14:23 - [TEST_STEP][PASSED] - Statement - PreSaveFile = new java.io.File(((pathPrefix + java.lang.Integer.toString(counter)) + .png)): null

2018-11-08 16:14:23 - [TEST_STEP][PASSED] - Statement - counter = counter + 1: null

2018-11-08 16:14:25 - [TEST_STEP][PASSED] - Statement - PreSaveFile = new java.io.File(((pathPrefix + java.lang.Integer.toString(counter)) + .png)): null

2018-11-08 16:14:25 - [TEST_STEP][PASSED] - Statement - counter = counter + 1: null

2018-11-08 16:14:25 - [TEST_STEP][PASSED] - Statement - PreSaveFile = new java.io.File(((pathPrefix + java.lang.Integer.toString(counter)) + .png)): null

2018-11-08 16:14:25 - [TEST_STEP][PASSED] - Statement - counter = counter + 1: null

2018-11-08 16:14:25 - [TEST_STEP][PASSED] - Statement - PreSaveFile = new java.io.File(((pathPrefix + java.lang.Integer.toString(counter)) + .png)): null

2018-11-08 16:14:25 - [TEST_STEP][PASSED] - Statement - counter = counter + 1: null

2018-11-08 16:14:25 - [TEST_STEP][PASSED] - Statement - PreSaveFile = new java.io.File(((pathPrefix + java.lang.Integer.toString(counter)) + .png)): null

2018-11-08 16:14:25 - [TEST_STEP][PASSED] - Statement - counter = counter + 1: null

2018-11-08 16:14:25 - [TEST_STEP][PASSED] - Statement - PreSaveFile = new java.io.File(((pathPrefix + java.lang.Integer.toString(counter)) + .png)): null

2018-11-08 16:14:26 - [TEST_STEP][PASSED] - Statement - counter = counter + 1: null

2018-11-08 16:14:26 - [TEST_STEP][PASSED] - Statement - PreSaveFile = new java.io.File(((pathPrefix + java.lang.Integer.toString(counter)) + .png)): null

2018-11-08 16:14:26 - [TEST_STEP][PASSED] - Statement - counter = counter + 1: null

2018-11-08 16:14:26 - [TEST_STEP][PASSED] - Statement - PreSaveFile = new java.io.File(((pathPrefix + java.lang.Integer.toString(counter)) + .png)): null

2018-11-08 16:14:26 - [TEST_STEP][PASSED] - Statement - counter = counter + 1: null

2018-11-08 16:14:26 - [TEST_STEP][PASSED] - Statement - PreSaveFile = new java.io.File(((pathPrefix + java.lang.Integer.toString(counter)) + .png)): null

2018-11-08 16:14:26 - [TEST_STEP][PASSED] - Statement - counter = counter + 1: null

2018-11-08 16:14:26 - [TEST_STEP][PASSED] - Statement - PreSaveFile = new java.io.File(((pathPrefix + java.lang.Integer.toString(counter)) + .png)): null

2018-11-08 16:14:26 - [TEST_STEP][PASSED] - Statement - counter = counter + 1: null

2018-11-08 16:14:26 - [TEST_STEP][PASSED] - Statement - PreSaveFile = new java.io.File(((pathPrefix + java.lang.Integer.toString(counter)) + .png)): null

2018-11-08 16:14:26 - [TEST_STEP][PASSED] - Statement - counter = counter + 1: null

2018-11-08 16:14:27 - [TEST_STEP][PASSED] - Statement - PreSaveFile = new java.io.File(((pathPrefix + java.lang.Integer.toString(counter)) + .png)): null

2018-11-08 16:14:27 - [TEST_STEP][PASSED] - Statement - counter = counter + 1: null

2018-11-08 16:14:27 - [TEST_STEP][PASSED] - Statement - PreSaveFile = new java.io.File(((pathPrefix + java.lang.Integer.toString(counter)) + .png)): null

2018-11-08 16:14:27 - [TEST_STEP][PASSED] - Statement - counter = counter + 1: null

2018-11-08 16:14:27 - [TEST_STEP][PASSED] - Statement - PreSaveFile = new java.io.File(((pathPrefix + java.lang.Integer.toString(counter)) + .png)): null

2018-11-08 16:14:27 - [TEST_STEP][PASSED] - Statement - counter = counter + 1: null

2018-11-08 16:14:27 - [TEST_STEP][PASSED] - Statement - PreSaveFile = new java.io.File(((pathPrefix + java.lang.Integer.toString(counter)) + .png)): null

2018-11-08 16:14:27 - [TEST_STEP][PASSED] - Statement - counter = counter + 1: null

2018-11-08 16:14:27 - [TEST_STEP][PASSED] - Statement - PreSaveFile = new java.io.File(((pathPrefix + java.lang.Integer.toString(counter)) + .png)): null

2018-11-08 16:14:27 - [TEST_STEP][PASSED] - Statement - counter = counter + 1: null

2018-11-08 16:14:27 - [TEST_STEP][PASSED] - Statement - PreSaveFile = new java.io.File(((pathPrefix + java.lang.Integer.toString(counter)) + .png)): null

2018-11-08 16:14:27 - [TEST_STEP][PASSED] - Statement - counter = counter + 1: null

2018-11-08 16:14:28 - [TEST_STEP][PASSED] - Statement - PreSaveFile = new java.io.File(((pathPrefix + java.lang.Integer.toString(counter)) + .png)): null

2018-11-08 16:14:28 - [TEST_STEP][PASSED] - Statement - counter = counter + 1: null

2018-11-08 16:14:28 - [TEST_STEP][PASSED] - Statement - PreSaveFile = new java.io.File(((pathPrefix + java.lang.Integer.toString(counter)) + .png)): null

2018-11-08 16:14:28 - [TEST_STEP][PASSED] - Statement - counter = counter + 1: null

2018-11-08 16:14:28 - [TEST_STEP][PASSED] - Statement - PreSaveFile = new java.io.File(((pathPrefix + java.lang.Integer.toString(counter)) + .png)): null

2018-11-08 16:14:28 - [TEST_STEP][PASSED] - Statement - finalPath = pathPrefix + java.lang.Integer.toString(counter) + ".png": null

2018-11-08 16:14:28 - [TEST_STEP][PASSED] - Statement - SaveFile = new java.io.File(finalPath): null

2018-11-08 16:14:28 - [TEST_STEP][PASSED] - Statement - Try: null

2018-11-08 16:14:28 - [TEST_STEP][PASSED] - Statement - org.apache.commons.io.FileUtils.copyFile(scrFile, SaveFile): null

2018-11-08 16:14:28 - [TEST_STEP][PASSED] - Statement - out.println("file kept"): null

2018-11-08 16:14:30 - [TEST_STEP][PASSED] - delay: Delayed 10 second(s)

2018-11-08 16:14:40 - [MESSAGE][PASSED] - Delayed 10 second(s)

2018-11-08 16:14:40 - [MESSAGE][PASSED] - Call Test Case 'Test Cases/Final Aug 2018 - PKS Automation/Registration Module/New Registration/Submit and Screenshot/Submit Registration and Screenshot' successfully]]></system-out>
         <system-err><![CDATA[]]></system-err>
      </testcase>
      <testcase name="Test Cases/Final Aug 2018 - PKS Automation/Registration Module/Workflow/New Registration/Employer to RO - RO Submit" classname="Test Cases/Final Aug 2018 - PKS Automation/Registration Module/Workflow/New Registration/Employer to RO - RO Submit" status="PASSED">
         <system-out><![CDATA[2018-11-08 16:14:40 - [TEST_CASE][PASSED] - Test Cases/Final Aug 2018 - PKS Automation/Registration Module/Workflow/New Registration/Employer to RO - RO Submit: Test Cases/Final Aug 2018 - PKS Automation/Registration Module/Workflow/New Registration/Employer to RO - RO Submit

2018-11-08 16:14:40 - [TEST_STEP][PASSED] - callTestCase: Call Test Case 'Test Cases/Final Aug 2018 - PKS Automation/Registration Module/Workflow/New Registration/Template/Special Case - Employer - Form 1' successfully

2018-11-08 16:14:40 - [TEST_CASE][PASSED] - Test Cases/Final Aug 2018 - PKS Automation/Registration Module/Workflow/New Registration/Template/Special Case - Employer - Form 1: Test Cases/Final Aug 2018 - PKS Automation/Registration Module/Workflow/New Registration/Template/Special Case - Employer - Form 1

2018-11-08 16:14:40 - [TEST_STEP][PASSED] - callTestCase: Call Test Case 'Test Cases/Final Aug 2018 - PKS Automation/Create Employer Acc/Create Employer Account' successfully

2018-11-08 16:14:40 - [TEST_CASE][PASSED] - Test Cases/Final Aug 2018 - PKS Automation/Create Employer Acc/Create Employer Account: Test Cases/Final Aug 2018 - PKS Automation/Create Employer Acc/Create Employer Account

2018-11-08 16:14:40 - [TEST_STEP][PASSED] - callTestCase: Call Test Case 'Test Cases/Final Aug 2018 - PKS Automation/Create Employer Acc/Template/Register Employer' successfully

2018-11-08 16:14:40 - [TEST_CASE][PASSED] - Test Cases/Final Aug 2018 - PKS Automation/Create Employer Acc/Template/Register Employer: Test Cases/Final Aug 2018 - PKS Automation/Create Employer Acc/Template/Register Employer

2018-11-08 16:14:40 - [TEST_STEP][PASSED] - openBrowser: Browser is opened with url: ''

2018-11-08 16:14:40 - [MESSAGE][WARNING] - A browser is already opened. Closing browser and opening a new one

2018-11-08 16:14:45 - [MESSAGE][PASSED] - Browser is opened with url: ''

2018-11-08 16:14:45 - [TEST_STEP][PASSED] - navigateToUrl: Navigate to 'https://assist2-uat.perkeso.gov.my/login' successfully

2018-11-08 16:14:49 - [MESSAGE][PASSED] - Navigate to 'https://assist2-uat.perkeso.gov.my/login' successfully

2018-11-08 16:14:49 - [TEST_STEP][PASSED] - setText: Text 'johorotc1@gmail.com' is set on object 'Object Repository/Final Object Repo/Login Page/Internal User/Email Address'

2018-11-08 16:14:49 - [MESSAGE][PASSED] - Text 'johorotc1@gmail.com' is set on object 'Object Repository/Final Object Repo/Login Page/Internal User/Email Address'

2018-11-08 16:14:49 - [TEST_STEP][PASSED] - click: Object: 'Object Repository/Final Object Repo/Login Page/Internal User/Next Button' is clicked on

2018-11-08 16:14:49 - [MESSAGE][PASSED] - Object: 'Object Repository/Final Object Repo/Login Page/Internal User/Next Button' is clicked on

2018-11-08 16:14:49 - [TEST_STEP][PASSED] - delay: Delayed 1 second(s)

2018-11-08 16:14:50 - [MESSAGE][PASSED] - Delayed 1 second(s)

2018-11-08 16:14:50 - [TEST_STEP][PASSED] - setEncryptedText: Text ****** has been set on object 'Object Repository/Final Object Repo/Login Page/Internal User/Password'

2018-11-08 16:14:50 - [MESSAGE][PASSED] - Text ****** has been set on object 'Object Repository/Final Object Repo/Login Page/Internal User/Password'

2018-11-08 16:14:50 - [TEST_STEP][PASSED] - click: Object: 'Object Repository/Final Object Repo/Login Page/Internal User/Login Button' is clicked on

2018-11-08 16:14:55 - [MESSAGE][PASSED] - Object: 'Object Repository/Final Object Repo/Login Page/Internal User/Login Button' is clicked on

2018-11-08 16:14:55 - [TEST_STEP][PASSED] - delay: Delayed 1 second(s)

2018-11-08 16:14:56 - [MESSAGE][PASSED] - Delayed 1 second(s)

2018-11-08 16:14:56 - [TEST_STEP][PASSED] - navigateToUrl: Navigate to 'https://assist2-uat.perkeso.gov.my/web/base/portal-id/registration' successfully

2018-11-08 16:14:58 - [MESSAGE][PASSED] - Navigate to 'https://assist2-uat.perkeso.gov.my/web/base/portal-id/registration' successfully

2018-11-08 16:14:58 - [TEST_STEP][PASSED] - setText: Text 'AUTOMATION EMPLOYER' is set on object 'Object Repository/Final Object Repo/Creating Employer Account/Page_Registration - ASSIST (Base)/Employer Name'

2018-11-08 16:14:58 - [MESSAGE][PASSED] - Text 'AUTOMATION EMPLOYER' is set on object 'Object Repository/Final Object Repo/Creating Employer Account/Page_Registration - ASSIST (Base)/Employer Name'

2018-11-08 16:14:58 - [TEST_STEP][PASSED] - delay: Delayed 2 second(s)

2018-11-08 16:15:00 - [MESSAGE][PASSED] - Delayed 2 second(s)

2018-11-08 16:15:00 - [TEST_STEP][PASSED] - click: Object: 'Object Repository/Final Object Repo/Creating Employer Account/Page_Registration - ASSIST (Base)/Registration Type' is clicked on

2018-11-08 16:15:01 - [MESSAGE][PASSED] - Object: 'Object Repository/Final Object Repo/Creating Employer Account/Page_Registration - ASSIST (Base)/Registration Type' is clicked on

2018-11-08 16:15:01 - [TEST_STEP][PASSED] - delay: Delayed 2 second(s)

2018-11-08 16:15:03 - [MESSAGE][PASSED] - Delayed 2 second(s)

2018-11-08 16:15:03 - [TEST_STEP][PASSED] - click: Object: 'Object Repository/Final Object Repo/Creating Employer Account/Page_Registration - ASSIST (Base)/Registration Type - Registration No' is clicked on

2018-11-08 16:15:03 - [MESSAGE][PASSED] - Object: 'Object Repository/Final Object Repo/Creating Employer Account/Page_Registration - ASSIST (Base)/Registration Type - Registration No' is clicked on

2018-11-08 16:15:03 - [TEST_STEP][PASSED] - delay: Delayed 2 second(s)

2018-11-08 16:15:05 - [MESSAGE][PASSED] - Delayed 2 second(s)

2018-11-08 16:15:05 - [TEST_STEP][PASSED] - setText: Text '1234567890' is set on object 'Object Repository/Final Object Repo/Creating Employer Account/Page_Registration - ASSIST (Base)/Registration Number'

2018-11-08 16:15:06 - [MESSAGE][PASSED] - Text '1234567890' is set on object 'Object Repository/Final Object Repo/Creating Employer Account/Page_Registration - ASSIST (Base)/Registration Number'

2018-11-08 16:15:06 - [TEST_STEP][PASSED] - delay: Delayed 2 second(s)

2018-11-08 16:15:08 - [MESSAGE][PASSED] - Delayed 2 second(s)

2018-11-08 16:15:08 - [TEST_STEP][PASSED] - setText: Text 'ADDRESS 1' is set on object 'Object Repository/Final Object Repo/Creating Employer Account/Page_Registration - ASSIST (Base)/Postal Address 1'

2018-11-08 16:15:08 - [MESSAGE][PASSED] - Text 'ADDRESS 1' is set on object 'Object Repository/Final Object Repo/Creating Employer Account/Page_Registration - ASSIST (Base)/Postal Address 1'

2018-11-08 16:15:08 - [TEST_STEP][PASSED] - setText: Text 'ADDRESS 2' is set on object 'Object Repository/Final Object Repo/Creating Employer Account/Page_Registration - ASSIST (Base)/Postal Address 2'

2018-11-08 16:15:08 - [MESSAGE][PASSED] - Text 'ADDRESS 2' is set on object 'Object Repository/Final Object Repo/Creating Employer Account/Page_Registration - ASSIST (Base)/Postal Address 2'

2018-11-08 16:15:08 - [TEST_STEP][PASSED] - click: Object: 'Object Repository/Final Object Repo/Creating Employer Account/Page_Registration - ASSIST (Base)/State' is clicked on

2018-11-08 16:15:08 - [MESSAGE][PASSED] - Object: 'Object Repository/Final Object Repo/Creating Employer Account/Page_Registration - ASSIST (Base)/State' is clicked on

2018-11-08 16:15:08 - [TEST_STEP][PASSED] - delay: Delayed 2 second(s)

2018-11-08 16:15:10 - [MESSAGE][PASSED] - Delayed 2 second(s)

2018-11-08 16:15:10 - [TEST_STEP][PASSED] - click: Object: 'Object Repository/Final Object Repo/Creating Employer Account/Page_Registration - ASSIST (Base)/State - Johor' is clicked on

2018-11-08 16:15:11 - [MESSAGE][PASSED] - Object: 'Object Repository/Final Object Repo/Creating Employer Account/Page_Registration - ASSIST (Base)/State - Johor' is clicked on

2018-11-08 16:15:11 - [TEST_STEP][PASSED] - delay: Delayed 2 second(s)

2018-11-08 16:15:13 - [MESSAGE][PASSED] - Delayed 2 second(s)

2018-11-08 16:15:13 - [TEST_STEP][PASSED] - click: Object: 'Object Repository/Final Object Repo/Creating Employer Account/Page_Registration - ASSIST (Base)/City' is clicked on

2018-11-08 16:15:14 - [MESSAGE][PASSED] - Object: 'Object Repository/Final Object Repo/Creating Employer Account/Page_Registration - ASSIST (Base)/City' is clicked on

2018-11-08 16:15:14 - [TEST_STEP][PASSED] - delay: Delayed 2 second(s)

2018-11-08 16:15:16 - [MESSAGE][PASSED] - Delayed 2 second(s)

2018-11-08 16:15:16 - [TEST_STEP][PASSED] - setText: Text 'joh' is set on object 'Object Repository/Final Object Repo/Creating Employer Account/Page_Registration - ASSIST (Base)/City - joh'

2018-11-08 16:15:16 - [MESSAGE][PASSED] - Text 'joh' is set on object 'Object Repository/Final Object Repo/Creating Employer Account/Page_Registration - ASSIST (Base)/City - joh'

2018-11-08 16:15:16 - [TEST_STEP][PASSED] - delay: Delayed 2 second(s)

2018-11-08 16:15:18 - [MESSAGE][PASSED] - Delayed 2 second(s)

2018-11-08 16:15:18 - [TEST_STEP][PASSED] - click: Object: 'Object Repository/Final Object Repo/Creating Employer Account/Page_Registration - ASSIST (Base)/City - Johor Bharu' is clicked on

2018-11-08 16:15:19 - [MESSAGE][PASSED] - Object: 'Object Repository/Final Object Repo/Creating Employer Account/Page_Registration - ASSIST (Base)/City - Johor Bharu' is clicked on

2018-11-08 16:15:19 - [TEST_STEP][PASSED] - delay: Delayed 2 second(s)

2018-11-08 16:15:21 - [MESSAGE][PASSED] - Delayed 2 second(s)

2018-11-08 16:15:21 - [TEST_STEP][PASSED] - click: Object: 'Object Repository/Final Object Repo/Creating Employer Account/Page_Registration - ASSIST (Base)/Post Code' is clicked on

2018-11-08 16:15:21 - [MESSAGE][PASSED] - Object: 'Object Repository/Final Object Repo/Creating Employer Account/Page_Registration - ASSIST (Base)/Post Code' is clicked on

2018-11-08 16:15:21 - [TEST_STEP][PASSED] - delay: Delayed 2 second(s)

2018-11-08 16:15:23 - [MESSAGE][PASSED] - Delayed 2 second(s)

2018-11-08 16:15:23 - [TEST_STEP][PASSED] - setText: Text '810' is set on object 'Object Repository/Final Object Repo/Creating Employer Account/Page_Registration - ASSIST (Base)/Post Code - 810'

2018-11-08 16:15:23 - [MESSAGE][PASSED] - Text '810' is set on object 'Object Repository/Final Object Repo/Creating Employer Account/Page_Registration - ASSIST (Base)/Post Code - 810'

2018-11-08 16:15:23 - [TEST_STEP][PASSED] - delay: Delayed 2 second(s)

2018-11-08 16:15:25 - [MESSAGE][PASSED] - Delayed 2 second(s)

2018-11-08 16:15:25 - [TEST_STEP][PASSED] - click: Object: 'Object Repository/Final Object Repo/Creating Employer Account/Page_Registration - ASSIST (Base)/Post Code - 81000' is clicked on

2018-11-08 16:15:26 - [MESSAGE][PASSED] - Object: 'Object Repository/Final Object Repo/Creating Employer Account/Page_Registration - ASSIST (Base)/Post Code - 81000' is clicked on

2018-11-08 16:15:26 - [TEST_STEP][PASSED] - delay: Delayed 2 second(s)

2018-11-08 16:15:28 - [MESSAGE][PASSED] - Delayed 2 second(s)

2018-11-08 16:15:28 - [TEST_STEP][PASSED] - setText: Text 'PERKESO' is set on object 'Object Repository/Final Object Repo/Creating Employer Account/Page_Registration - ASSIST (Base)/Full Name'

2018-11-08 16:15:28 - [MESSAGE][PASSED] - Text 'PERKESO' is set on object 'Object Repository/Final Object Repo/Creating Employer Account/Page_Registration - ASSIST (Base)/Full Name'

2018-11-08 16:15:28 - [TEST_STEP][PASSED] - Statement - rnd = new java.util.Random(): null

2018-11-08 16:15:28 - [TEST_STEP][PASSED] - Statement - snum = rnd.nextInt(899999 + 1) + 100000: null

2018-11-08 16:15:28 - [TEST_STEP][PASSED] - Statement - tnum = rnd.nextInt(899999 + 1) + 100000: null

2018-11-08 16:15:28 - [TEST_STEP][PASSED] - Statement - IC = java.lang.Integer.toString(snum) + java.lang.Integer.toString(tnum): null

2018-11-08 16:15:28 - [TEST_STEP][PASSED] - Statement - out.println(IC): null

2018-11-08 16:15:28 - [TEST_STEP][PASSED] - setText: Text '405294595807' is set on object 'Object Repository/Final Object Repo/Creating Employer Account/Page_Registration - ASSIST (Base)/Identification Number'

2018-11-08 16:15:28 - [MESSAGE][PASSED] - Text '405294595807' is set on object 'Object Repository/Final Object Repo/Creating Employer Account/Page_Registration - ASSIST (Base)/Identification Number'

2018-11-08 16:15:28 - [TEST_STEP][PASSED] - delay: Delayed 2 second(s)

2018-11-08 16:15:30 - [MESSAGE][PASSED] - Delayed 2 second(s)

2018-11-08 16:15:30 - [TEST_STEP][PASSED] - setText: Text '123456789012' is set on object 'Object Repository/Final Object Repo/Creating Employer Account/Page_Registration - ASSIST (Base)/Contact Number'

2018-11-08 16:15:30 - [MESSAGE][PASSED] - Text '123456789012' is set on object 'Object Repository/Final Object Repo/Creating Employer Account/Page_Registration - ASSIST (Base)/Contact Number'

2018-11-08 16:15:30 - [TEST_STEP][PASSED] - Statement - Email = "perkeso" + IC + "@gmail.com": null

2018-11-08 16:15:30 - [TEST_STEP][PASSED] - delay: Delayed 2 second(s)

2018-11-08 16:15:32 - [MESSAGE][PASSED] - Delayed 2 second(s)

2018-11-08 16:15:32 - [TEST_STEP][PASSED] - callTestCase: Call Test Case 'Test Cases/Final Aug 2018 - PKS Automation/Create Employer Acc/Template/Employer Email Settler' successfully

2018-11-08 16:15:32 - [TEST_CASE][PASSED] - Test Cases/Final Aug 2018 - PKS Automation/Create Employer Acc/Template/Employer Email Settler: Test Cases/Final Aug 2018 - PKS Automation/Create Employer Acc/Template/Employer Email Settler

2018-11-08 16:15:32 - [TEST_STEP][PASSED] - Statement - EmpEmailOld = new java.io.File(C://EmpEmail.txt): null

2018-11-08 16:15:32 - [TEST_STEP][PASSED] - Statement - EmpEmailOld.delete(): null

2018-11-08 16:15:32 - [TEST_STEP][PASSED] - Statement - EmpEmail = new java.io.File(C://EmpEmail.txt): null

2018-11-08 16:15:32 - [TEST_STEP][PASSED] - Statement - EmpEmail.append(Email): null

2018-11-08 16:15:32 - [TEST_STEP][PASSED] - Statement - out.println(Email): null

2018-11-08 16:15:32 - [MESSAGE][PASSED] - Call Test Case 'Test Cases/Final Aug 2018 - PKS Automation/Create Employer Acc/Template/Employer Email Settler' successfully

2018-11-08 16:15:32 - [TEST_STEP][PASSED] - delay: Delayed 2 second(s)

2018-11-08 16:15:34 - [MESSAGE][PASSED] - Delayed 2 second(s)

2018-11-08 16:15:34 - [TEST_STEP][PASSED] - setText: Text 'perkeso405294595807@gmail.com' is set on object 'Object Repository/Final Object Repo/Creating Employer Account/Page_Registration - ASSIST (Base)/Email'

2018-11-08 16:15:34 - [MESSAGE][PASSED] - Text 'perkeso405294595807@gmail.com' is set on object 'Object Repository/Final Object Repo/Creating Employer Account/Page_Registration - ASSIST (Base)/Email'

2018-11-08 16:15:34 - [TEST_STEP][PASSED] - setText: Text '123' is set on object 'Object Repository/Final Object Repo/Creating Employer Account/Page_Registration - ASSIST (Base)/Security Phase'

2018-11-08 16:15:35 - [MESSAGE][PASSED] - Text '123' is set on object 'Object Repository/Final Object Repo/Creating Employer Account/Page_Registration - ASSIST (Base)/Security Phase'

2018-11-08 16:15:35 - [TEST_STEP][PASSED] - click: Object: 'Object Repository/Final Object Repo/Creating Employer Account/Page_Registration - ASSIST (Base)/Save  Continue' is clicked on

2018-11-08 16:15:35 - [MESSAGE][PASSED] - Object: 'Object Repository/Final Object Repo/Creating Employer Account/Page_Registration - ASSIST (Base)/Save  Continue' is clicked on

2018-11-08 16:15:35 - [TEST_STEP][PASSED] - delay: Delayed 2 second(s)

2018-11-08 16:15:37 - [MESSAGE][PASSED] - Delayed 2 second(s)

2018-11-08 16:15:37 - [TEST_STEP][PASSED] - click: Object: 'Object Repository/Final Object Repo/Creating Employer Account/Page_Registration - ASSIST (Base)/Add Document' is clicked on

2018-11-08 16:15:37 - [MESSAGE][PASSED] - Object: 'Object Repository/Final Object Repo/Creating Employer Account/Page_Registration - ASSIST (Base)/Add Document' is clicked on

2018-11-08 16:15:37 - [TEST_STEP][PASSED] - delay: Delayed 2 second(s)

2018-11-08 16:15:39 - [MESSAGE][PASSED] - Delayed 2 second(s)

2018-11-08 16:15:39 - [TEST_STEP][PASSED] - click: Object: 'Object Repository/Final Object Repo/Creating Employer Account/Page_Registration - ASSIST (Base)/Document Type' is clicked on

2018-11-08 16:15:40 - [MESSAGE][PASSED] - Object: 'Object Repository/Final Object Repo/Creating Employer Account/Page_Registration - ASSIST (Base)/Document Type' is clicked on

2018-11-08 16:15:40 - [TEST_STEP][PASSED] - delay: Delayed 2 second(s)

2018-11-08 16:15:42 - [MESSAGE][PASSED] - Delayed 2 second(s)

2018-11-08 16:15:42 - [TEST_STEP][PASSED] - click: Object: 'Object Repository/Final Object Repo/Creating Employer Account/Page_Registration - ASSIST (Base)/Document Type - Letter of Authorization' is clicked on

2018-11-08 16:15:43 - [MESSAGE][PASSED] - Object: 'Object Repository/Final Object Repo/Creating Employer Account/Page_Registration - ASSIST (Base)/Document Type - Letter of Authorization' is clicked on

2018-11-08 16:15:43 - [TEST_STEP][PASSED] - delay: Delayed 2 second(s)

2018-11-08 16:15:45 - [MESSAGE][PASSED] - Delayed 2 second(s)

2018-11-08 16:15:45 - [TEST_STEP][PASSED] - sendKeys: Keys 'C:\Users\Public\Pictures\Sample Pictures\Act.jpg' sent to object: 'Object Repository/Final Object Repo/Creating Employer Account/Page_Registration - ASSIST (Base)/Uploading File'

2018-11-08 16:15:45 - [MESSAGE][PASSED] - Keys 'C:\Users\Public\Pictures\Sample Pictures\Act.jpg' sent to object: 'Object Repository/Final Object Repo/Creating Employer Account/Page_Registration - ASSIST (Base)/Uploading File'

2018-11-08 16:15:45 - [TEST_STEP][PASSED] - delay: Delayed 2 second(s)

2018-11-08 16:15:47 - [MESSAGE][PASSED] - Delayed 2 second(s)

2018-11-08 16:15:47 - [TEST_STEP][PASSED] - click: Object: 'Object Repository/Final Object Repo/Creating Employer Account/Page_Registration - ASSIST (Base)/Add Document in Uploading File' is clicked on

2018-11-08 16:15:47 - [MESSAGE][PASSED] - Object: 'Object Repository/Final Object Repo/Creating Employer Account/Page_Registration - ASSIST (Base)/Add Document in Uploading File' is clicked on

2018-11-08 16:15:47 - [TEST_STEP][PASSED] - delay: Delayed 2 second(s)

2018-11-08 16:15:49 - [MESSAGE][PASSED] - Delayed 2 second(s)

2018-11-08 16:15:49 - [TEST_STEP][PASSED] - click: Object: 'Object Repository/Final Object Repo/Creating Employer Account/Page_Registration - ASSIST (Base)/Save' is clicked on

2018-11-08 16:15:53 - [MESSAGE][PASSED] - Object: 'Object Repository/Final Object Repo/Creating Employer Account/Page_Registration - ASSIST (Base)/Save' is clicked on

2018-11-08 16:15:53 - [TEST_STEP][PASSED] - delay: Delayed 2 second(s)

2018-11-08 16:15:55 - [MESSAGE][PASSED] - Delayed 2 second(s)

2018-11-08 16:15:55 - [TEST_STEP][PASSED] - click: Object: 'Object Repository/Final Object Repo/Creating Employer Account/Page_Registration - ASSIST (Base)/Submit' is clicked on

2018-11-08 16:15:55 - [MESSAGE][PASSED] - Object: 'Object Repository/Final Object Repo/Creating Employer Account/Page_Registration - ASSIST (Base)/Submit' is clicked on

2018-11-08 16:15:55 - [TEST_STEP][PASSED] - delay: Delayed 2 second(s)

2018-11-08 16:15:57 - [MESSAGE][PASSED] - Delayed 2 second(s)

2018-11-08 16:15:57 - [TEST_STEP][PASSED] - click: Object: 'Object Repository/Final Object Repo/Creating Employer Account/Page_Registration - ASSIST (Base)/Confirm' is clicked on

2018-11-08 16:15:58 - [MESSAGE][PASSED] - Object: 'Object Repository/Final Object Repo/Creating Employer Account/Page_Registration - ASSIST (Base)/Confirm' is clicked on

2018-11-08 16:15:58 - [MESSAGE][PASSED] - Call Test Case 'Test Cases/Final Aug 2018 - PKS Automation/Create Employer Acc/Template/Register Employer' successfully

2018-11-08 16:15:58 - [TEST_STEP][PASSED] - delay: Delayed 1 second(s)

2018-11-08 16:15:59 - [MESSAGE][PASSED] - Delayed 1 second(s)

2018-11-08 16:15:59 - [TEST_STEP][PASSED] - navigateToUrl: Navigate to 'https://assist2-uat.perkeso.gov.my/c/portal/logout' successfully

2018-11-08 16:16:01 - [MESSAGE][PASSED] - Navigate to 'https://assist2-uat.perkeso.gov.my/c/portal/logout' successfully

2018-11-08 16:16:01 - [TEST_STEP][PASSED] - delay: Delayed 1 second(s)

2018-11-08 16:16:02 - [MESSAGE][PASSED] - Delayed 1 second(s)

2018-11-08 16:16:02 - [TEST_STEP][PASSED] - callTestCase: Call Test Case 'Test Cases/Final Aug 2018 - PKS Automation/Create Employer Acc/Template/Change Password of Employer' successfully

2018-11-08 16:16:02 - [TEST_CASE][PASSED] - Test Cases/Final Aug 2018 - PKS Automation/Create Employer Acc/Template/Change Password of Employer: Test Cases/Final Aug 2018 - PKS Automation/Create Employer Acc/Template/Change Password of Employer

2018-11-08 16:16:02 - [TEST_STEP][PASSED] - openBrowser: Browser is opened with url: ''

2018-11-08 16:16:02 - [MESSAGE][WARNING] - A browser is already opened. Closing browser and opening a new one

2018-11-08 16:16:07 - [MESSAGE][PASSED] - Browser is opened with url: ''

2018-11-08 16:16:07 - [TEST_STEP][PASSED] - navigateToUrl: Navigate to 'https://assist2-uat.perkeso.gov.my/login' successfully

2018-11-08 16:16:11 - [MESSAGE][PASSED] - Navigate to 'https://assist2-uat.perkeso.gov.my/login' successfully

2018-11-08 16:16:11 - [TEST_STEP][PASSED] - delay: Delayed 5 second(s)

2018-11-08 16:16:16 - [MESSAGE][PASSED] - Delayed 5 second(s)

2018-11-08 16:16:16 - [TEST_STEP][PASSED] - setText: Text 'test@liferay.com' is set on object 'Object Repository/Final Object Repo/Login Page/Internal User/Email Address'

2018-11-08 16:16:16 - [MESSAGE][PASSED] - Text 'test@liferay.com' is set on object 'Object Repository/Final Object Repo/Login Page/Internal User/Email Address'

2018-11-08 16:16:16 - [TEST_STEP][PASSED] - click: Object: 'Object Repository/Final Object Repo/Login Page/Internal User/Next Button' is clicked on

2018-11-08 16:16:16 - [MESSAGE][PASSED] - Object: 'Object Repository/Final Object Repo/Login Page/Internal User/Next Button' is clicked on

2018-11-08 16:16:16 - [TEST_STEP][PASSED] - delay: Delayed 2 second(s)

2018-11-08 16:16:18 - [MESSAGE][PASSED] - Delayed 2 second(s)

2018-11-08 16:16:18 - [TEST_STEP][PASSED] - setText: Text 'test' is set on object 'Object Repository/Final Object Repo/Login Page/Internal User/Password'

2018-11-08 16:16:19 - [MESSAGE][PASSED] - Text 'test' is set on object 'Object Repository/Final Object Repo/Login Page/Internal User/Password'

2018-11-08 16:16:19 - [TEST_STEP][PASSED] - delay: Delayed 2 second(s)

2018-11-08 16:16:21 - [MESSAGE][PASSED] - Delayed 2 second(s)

2018-11-08 16:16:21 - [TEST_STEP][PASSED] - click: Object: 'Object Repository/Final Object Repo/Login Page/Internal User/Login Button' is clicked on

2018-11-08 16:16:25 - [MESSAGE][PASSED] - Object: 'Object Repository/Final Object Repo/Login Page/Internal User/Login Button' is clicked on

2018-11-08 16:16:25 - [TEST_STEP][PASSED] - delay: Delayed 3 second(s)

2018-11-08 16:16:28 - [MESSAGE][PASSED] - Delayed 3 second(s)

2018-11-08 16:16:28 - [TEST_STEP][PASSED] - navigateToUrl: Navigate to 'https://assist2-uat.perkeso.gov.my/group/control_panel/manage?p_p_id=125&p_p_lifecycle=0&p_p_state=maximized&p_p_mode=view&refererPlid=20455&_125_usersListView=flat-users&_125_toolbarItem=view-all-users&_125_saveUsersListView=true&_125_struts_action=%2Fusers_admin%2Fview' successfully

2018-11-08 16:16:31 - [MESSAGE][PASSED] - Navigate to 'https://assist2-uat.perkeso.gov.my/group/control_panel/manage?p_p_id=125&p_p_lifecycle=0&p_p_state=maximized&p_p_mode=view&refererPlid=20455&_125_usersListView=flat-users&_125_toolbarItem=view-all-users&_125_saveUsersListView=true&_125_struts_action=%2Fusers_admin%2Fview' successfully

2018-11-08 16:16:31 - [TEST_STEP][PASSED] - delay: Delayed 3 second(s)

2018-11-08 16:16:34 - [MESSAGE][PASSED] - Delayed 3 second(s)

2018-11-08 16:16:34 - [TEST_STEP][PASSED] - setText: Text 'perkeso405294595807@gmail.com' is set on object 'Object Repository/Final Object Repo/Creating Employer Account/Page_Users and Organizations - ASSIST/Employer name'

2018-11-08 16:16:34 - [MESSAGE][PASSED] - Text 'perkeso405294595807@gmail.com' is set on object 'Object Repository/Final Object Repo/Creating Employer Account/Page_Users and Organizations - ASSIST/Employer name'

2018-11-08 16:16:34 - [TEST_STEP][PASSED] - delay: Delayed 3 second(s)

2018-11-08 16:16:37 - [MESSAGE][PASSED] - Delayed 3 second(s)

2018-11-08 16:16:37 - [TEST_STEP][PASSED] - click: Object: 'Object Repository/Final Object Repo/Creating Employer Account/Page_Users and Organizations - ASSIST/Search' is clicked on

2018-11-08 16:16:39 - [MESSAGE][PASSED] - Object: 'Object Repository/Final Object Repo/Creating Employer Account/Page_Users and Organizations - ASSIST/Search' is clicked on

2018-11-08 16:16:39 - [TEST_STEP][PASSED] - delay: Delayed 3 second(s)

2018-11-08 16:16:42 - [MESSAGE][PASSED] - Delayed 3 second(s)

2018-11-08 16:16:42 - [TEST_STEP][PASSED] - click: Object: 'Object Repository/Final Object Repo/Creating Employer Account/Page_Users and Organizations - ASSIST/Action' is clicked on

2018-11-08 16:16:42 - [MESSAGE][PASSED] - Object: 'Object Repository/Final Object Repo/Creating Employer Account/Page_Users and Organizations - ASSIST/Action' is clicked on

2018-11-08 16:16:42 - [TEST_STEP][PASSED] - delay: Delayed 3 second(s)

2018-11-08 16:16:45 - [MESSAGE][PASSED] - Delayed 3 second(s)

2018-11-08 16:16:45 - [TEST_STEP][PASSED] - click: Object: 'Object Repository/Final Object Repo/Creating Employer Account/Page_Users and Organizations - ASSIST/Edit' is clicked on

2018-11-08 16:16:48 - [MESSAGE][PASSED] - Object: 'Object Repository/Final Object Repo/Creating Employer Account/Page_Users and Organizations - ASSIST/Edit' is clicked on

2018-11-08 16:16:48 - [TEST_STEP][PASSED] - delay: Delayed 3 second(s)

2018-11-08 16:16:51 - [MESSAGE][PASSED] - Delayed 3 second(s)

2018-11-08 16:16:51 - [TEST_STEP][PASSED] - click: Object: 'Object Repository/Final Object Repo/Creating Employer Account/Page_PERKESO - Users and Organizati/a_Password (Modified)' is clicked on

2018-11-08 16:16:51 - [MESSAGE][PASSED] - Object: 'Object Repository/Final Object Repo/Creating Employer Account/Page_PERKESO - Users and Organizati/a_Password (Modified)' is clicked on

2018-11-08 16:16:51 - [TEST_STEP][PASSED] - delay: Delayed 3 second(s)

2018-11-08 16:16:54 - [MESSAGE][PASSED] - Delayed 3 second(s)

2018-11-08 16:16:54 - [TEST_STEP][PASSED] - setEncryptedText: Text ****** has been set on object 'Object Repository/Final Object Repo/Creating Employer Account/Page_PERKESO - Users and Organizati/input__125_password1'

2018-11-08 16:16:54 - [MESSAGE][PASSED] - Text ****** has been set on object 'Object Repository/Final Object Repo/Creating Employer Account/Page_PERKESO - Users and Organizati/input__125_password1'

2018-11-08 16:16:54 - [TEST_STEP][PASSED] - delay: Delayed 3 second(s)

2018-11-08 16:16:57 - [MESSAGE][PASSED] - Delayed 3 second(s)

2018-11-08 16:16:57 - [TEST_STEP][PASSED] - setEncryptedText: Text ****** has been set on object 'Object Repository/Final Object Repo/Creating Employer Account/Page_PERKESO - Users and Organizati/input__125_password2'

2018-11-08 16:16:57 - [MESSAGE][PASSED] - Text ****** has been set on object 'Object Repository/Final Object Repo/Creating Employer Account/Page_PERKESO - Users and Organizati/input__125_password2'

2018-11-08 16:16:57 - [TEST_STEP][PASSED] - delay: Delayed 3 second(s)

2018-11-08 16:17:00 - [MESSAGE][PASSED] - Delayed 3 second(s)

2018-11-08 16:17:00 - [TEST_STEP][PASSED] - click: Object: 'Object Repository/Final Object Repo/Creating Employer Account/Page_PERKESO - Users and Organizati/Save' is clicked on

2018-11-08 16:17:03 - [MESSAGE][PASSED] - Object: 'Object Repository/Final Object Repo/Creating Employer Account/Page_PERKESO - Users and Organizati/Save' is clicked on

2018-11-08 16:17:03 - [MESSAGE][PASSED] - Call Test Case 'Test Cases/Final Aug 2018 - PKS Automation/Create Employer Acc/Template/Change Password of Employer' successfully

2018-11-08 16:17:03 - [TEST_STEP][PASSED] - delay: Delayed 1 second(s)

2018-11-08 16:17:04 - [MESSAGE][PASSED] - Delayed 1 second(s)

2018-11-08 16:17:04 - [TEST_STEP][PASSED] - navigateToUrl: Navigate to 'https://assist2-uat.perkeso.gov.my/c/portal/logout' successfully

2018-11-08 16:17:06 - [MESSAGE][PASSED] - Navigate to 'https://assist2-uat.perkeso.gov.my/c/portal/logout' successfully

2018-11-08 16:17:06 - [TEST_STEP][PASSED] - delay: Delayed 1 second(s)

2018-11-08 16:17:07 - [MESSAGE][PASSED] - Delayed 1 second(s)

2018-11-08 16:17:07 - [TEST_STEP][PASSED] - callTestCase: Call Test Case 'Test Cases/Final Aug 2018 - PKS Automation/Create Employer Acc/Template/Login to Employer Account (First Time)' successfully

2018-11-08 16:17:07 - [TEST_CASE][PASSED] - Test Cases/Final Aug 2018 - PKS Automation/Create Employer Acc/Template/Login to Employer Account (First Time): Test Cases/Final Aug 2018 - PKS Automation/Create Employer Acc/Template/Login to Employer Account (First Time)

2018-11-08 16:17:07 - [TEST_STEP][PASSED] - openBrowser: Browser is opened with url: ''

2018-11-08 16:17:07 - [MESSAGE][WARNING] - A browser is already opened. Closing browser and opening a new one

2018-11-08 16:17:13 - [MESSAGE][PASSED] - Browser is opened with url: ''

2018-11-08 16:17:13 - [TEST_STEP][PASSED] - navigateToUrl: Navigate to 'https://assist2-uat.perkeso.gov.my/employer/login' successfully

2018-11-08 16:17:18 - [MESSAGE][PASSED] - Navigate to 'https://assist2-uat.perkeso.gov.my/employer/login' successfully

2018-11-08 16:17:18 - [TEST_STEP][PASSED] - delay: Delayed 3 second(s)

2018-11-08 16:17:21 - [MESSAGE][PASSED] - Delayed 3 second(s)

2018-11-08 16:17:21 - [TEST_STEP][PASSED] - callTestCase: Call Test Case 'Test Cases/Final Aug 2018 - PKS Automation/Create Employer Acc/Template/Employer Email Getter' successfully

2018-11-08 16:17:21 - [TEST_CASE][PASSED] - Test Cases/Final Aug 2018 - PKS Automation/Create Employer Acc/Template/Employer Email Getter: Test Cases/Final Aug 2018 - PKS Automation/Create Employer Acc/Template/Employer Email Getter

2018-11-08 16:17:21 - [TEST_STEP][PASSED] - Statement - Try: null

2018-11-08 16:17:21 - [TEST_STEP][PASSED] - Statement - EmpEmail = new java.io.File(C://EmpEmail.txt): null

2018-11-08 16:17:21 - [TEST_STEP][PASSED] - Statement - bufferread = new java.io.BufferedReader(new java.io.FileReader(EmpEmail)): null

2018-11-08 16:17:21 - [TEST_STEP][PASSED] - Statement - readedVal = bufferread.readLine(): null

2018-11-08 16:17:21 - [TEST_STEP][PASSED] - Statement - out.println(readedVal): null

2018-11-08 16:17:21 - [TEST_STEP][PASSED] - Statement - Email = readedVal: null

2018-11-08 16:17:21 - [MESSAGE][PASSED] - Call Test Case 'Test Cases/Final Aug 2018 - PKS Automation/Create Employer Acc/Template/Employer Email Getter' successfully

2018-11-08 16:17:21 - [TEST_STEP][PASSED] - setText: Text 'perkeso405294595807@gmail.com' is set on object 'Object Repository/Final Object Repo/Login Page/External Login Page/Email'

2018-11-08 16:17:21 - [MESSAGE][PASSED] - Text 'perkeso405294595807@gmail.com' is set on object 'Object Repository/Final Object Repo/Login Page/External Login Page/Email'

2018-11-08 16:17:21 - [TEST_STEP][PASSED] - click: Object: 'Object Repository/Final Object Repo/Login Page/External Login Page/Next' is clicked on

2018-11-08 16:17:22 - [MESSAGE][PASSED] - Object: 'Object Repository/Final Object Repo/Login Page/External Login Page/Next' is clicked on

2018-11-08 16:17:22 - [TEST_STEP][PASSED] - delay: Delayed 3 second(s)

2018-11-08 16:17:25 - [MESSAGE][PASSED] - Delayed 3 second(s)

2018-11-08 16:17:25 - [TEST_STEP][PASSED] - setEncryptedText: Text ****** has been set on object 'Object Repository/Final Object Repo/Login Page/External Login Page/Password'

2018-11-08 16:17:25 - [MESSAGE][PASSED] - Text ****** has been set on object 'Object Repository/Final Object Repo/Login Page/External Login Page/Password'

2018-11-08 16:17:25 - [TEST_STEP][PASSED] - click: Object: 'Object Repository/Final Object Repo/Login Page/External Login Page/Login' is clicked on

2018-11-08 16:17:30 - [MESSAGE][PASSED] - Object: 'Object Repository/Final Object Repo/Login Page/External Login Page/Login' is clicked on

2018-11-08 16:17:30 - [TEST_STEP][PASSED] - delay: Delayed 3 second(s)

2018-11-08 16:17:33 - [MESSAGE][PASSED] - Delayed 3 second(s)

2018-11-08 16:17:33 - [TEST_STEP][PASSED] - click: Object: 'Object Repository/Final Object Repo/Creating Employer Account/Page_Terms of Use - ASSIST/button_I Agree' is clicked on

2018-11-08 16:17:34 - [MESSAGE][PASSED] - Object: 'Object Repository/Final Object Repo/Creating Employer Account/Page_Terms of Use - ASSIST/button_I Agree' is clicked on

2018-11-08 16:17:34 - [TEST_STEP][PASSED] - delay: Delayed 2 second(s)

2018-11-08 16:17:36 - [MESSAGE][PASSED] - Delayed 2 second(s)

2018-11-08 16:17:36 - [TEST_STEP][PASSED] - setEncryptedText: Text ****** has been set on object 'Object Repository/Final Object Repo/Creating Employer Account/Page_New Password - ASSIST/input_password1'

2018-11-08 16:17:36 - [MESSAGE][PASSED] - Text ****** has been set on object 'Object Repository/Final Object Repo/Creating Employer Account/Page_New Password - ASSIST/input_password1'

2018-11-08 16:17:36 - [TEST_STEP][PASSED] - setEncryptedText: Text ****** has been set on object 'Object Repository/Final Object Repo/Creating Employer Account/Page_New Password - ASSIST/input_password2'

2018-11-08 16:17:36 - [MESSAGE][PASSED] - Text ****** has been set on object 'Object Repository/Final Object Repo/Creating Employer Account/Page_New Password - ASSIST/input_password2'

2018-11-08 16:17:36 - [TEST_STEP][PASSED] - delay: Delayed 2 second(s)

2018-11-08 16:17:38 - [MESSAGE][PASSED] - Delayed 2 second(s)

2018-11-08 16:17:38 - [TEST_STEP][PASSED] - click: Object: 'Object Repository/Final Object Repo/Creating Employer Account/Page_New Password - ASSIST/Save' is clicked on

2018-11-08 16:17:41 - [MESSAGE][PASSED] - Object: 'Object Repository/Final Object Repo/Creating Employer Account/Page_New Password - ASSIST/Save' is clicked on

2018-11-08 16:17:41 - [TEST_STEP][PASSED] - delay: Delayed 2 second(s)

2018-11-08 16:17:43 - [MESSAGE][PASSED] - Delayed 2 second(s)

2018-11-08 16:17:43 - [TEST_STEP][PASSED] - setText: Text 'test' is set on object 'Object Repository/Final Object Repo/Creating Employer Account/Page_Password Reminder - ASSIST/Reminder Query Answer'

2018-11-08 16:17:43 - [MESSAGE][PASSED] - Text 'test' is set on object 'Object Repository/Final Object Repo/Creating Employer Account/Page_Password Reminder - ASSIST/Reminder Query Answer'

2018-11-08 16:17:43 - [TEST_STEP][PASSED] - delay: Delayed 2 second(s)

2018-11-08 16:17:45 - [MESSAGE][PASSED] - Delayed 2 second(s)

2018-11-08 16:17:45 - [TEST_STEP][PASSED] - doubleClick: Object: 'Object Repository/Final Object Repo/Creating Employer Account/Page_Password Reminder - ASSIST/Save' is double clicked on

2018-11-08 16:17:45 - [MESSAGE][PASSED] - Object: 'Object Repository/Final Object Repo/Creating Employer Account/Page_Password Reminder - ASSIST/Save' is double clicked on

2018-11-08 16:17:45 - [MESSAGE][PASSED] - Call Test Case 'Test Cases/Final Aug 2018 - PKS Automation/Create Employer Acc/Template/Login to Employer Account (First Time)' successfully

2018-11-08 16:17:45 - [MESSAGE][PASSED] - Call Test Case 'Test Cases/Final Aug 2018 - PKS Automation/Create Employer Acc/Create Employer Account' successfully

2018-11-08 16:17:45 - [TEST_STEP][PASSED] - callTestCase: Call Test Case 'Test Cases/Final Aug 2018 - PKS Automation/Registration Module/Log Out/log out avoiding katalon tagging' successfully

2018-11-08 16:17:45 - [TEST_CASE][PASSED] - Test Cases/Final Aug 2018 - PKS Automation/Registration Module/Log Out/log out avoiding katalon tagging: Test Cases/Final Aug 2018 - PKS Automation/Registration Module/Log Out/log out avoiding katalon tagging

2018-11-08 16:17:45 - [TEST_STEP][PASSED] - navigateToUrl: Navigate to 'https://assist2-uat.perkeso.gov.my/c/portal/logout' successfully

2018-11-08 16:17:47 - [MESSAGE][PASSED] - Navigate to 'https://assist2-uat.perkeso.gov.my/c/portal/logout' successfully

2018-11-08 16:17:47 - [MESSAGE][PASSED] - Call Test Case 'Test Cases/Final Aug 2018 - PKS Automation/Registration Module/Log Out/log out avoiding katalon tagging' successfully

2018-11-08 16:17:47 - [TEST_STEP][PASSED] - callTestCase: Call Test Case 'Test Cases/Final Aug 2018 - PKS Automation/Create Employer Acc/Login to Employer Account (Second time)' successfully

2018-11-08 16:17:47 - [TEST_CASE][PASSED] - Test Cases/Final Aug 2018 - PKS Automation/Create Employer Acc/Login to Employer Account (Second time): Test Cases/Final Aug 2018 - PKS Automation/Create Employer Acc/Login to Employer Account (Second time)

2018-11-08 16:17:47 - [TEST_STEP][PASSED] - openBrowser: Browser is opened with url: ''

2018-11-08 16:17:47 - [MESSAGE][WARNING] - A browser is already opened. Closing browser and opening a new one

2018-11-08 16:17:53 - [MESSAGE][PASSED] - Browser is opened with url: ''

2018-11-08 16:17:53 - [TEST_STEP][PASSED] - navigateToUrl: Navigate to 'https://assist2-uat.perkeso.gov.my/employer/login' successfully

2018-11-08 16:17:57 - [MESSAGE][PASSED] - Navigate to 'https://assist2-uat.perkeso.gov.my/employer/login' successfully

2018-11-08 16:17:57 - [TEST_STEP][PASSED] - delay: Delayed 3 second(s)

2018-11-08 16:18:00 - [MESSAGE][PASSED] - Delayed 3 second(s)

2018-11-08 16:18:00 - [TEST_STEP][PASSED] - callTestCase: Call Test Case 'Test Cases/Final Aug 2018 - PKS Automation/Create Employer Acc/Template/Employer Email Getter' successfully

2018-11-08 16:18:01 - [TEST_CASE][PASSED] - Test Cases/Final Aug 2018 - PKS Automation/Create Employer Acc/Template/Employer Email Getter: Test Cases/Final Aug 2018 - PKS Automation/Create Employer Acc/Template/Employer Email Getter

2018-11-08 16:18:01 - [TEST_STEP][PASSED] - Statement - Try: null

2018-11-08 16:18:01 - [TEST_STEP][PASSED] - Statement - EmpEmail = new java.io.File(C://EmpEmail.txt): null

2018-11-08 16:18:01 - [TEST_STEP][PASSED] - Statement - bufferread = new java.io.BufferedReader(new java.io.FileReader(EmpEmail)): null

2018-11-08 16:18:01 - [TEST_STEP][PASSED] - Statement - readedVal = bufferread.readLine(): null

2018-11-08 16:18:01 - [TEST_STEP][PASSED] - Statement - out.println(readedVal): null

2018-11-08 16:18:01 - [TEST_STEP][PASSED] - Statement - Email = readedVal: null

2018-11-08 16:18:01 - [MESSAGE][PASSED] - Call Test Case 'Test Cases/Final Aug 2018 - PKS Automation/Create Employer Acc/Template/Employer Email Getter' successfully

2018-11-08 16:18:01 - [TEST_STEP][PASSED] - setText: Text 'perkeso405294595807@gmail.com' is set on object 'Object Repository/Final Object Repo/Login Page/External Login Page/Email'

2018-11-08 16:18:01 - [MESSAGE][PASSED] - Text 'perkeso405294595807@gmail.com' is set on object 'Object Repository/Final Object Repo/Login Page/External Login Page/Email'

2018-11-08 16:18:01 - [TEST_STEP][PASSED] - click: Object: 'Object Repository/Final Object Repo/Login Page/External Login Page/Next' is clicked on

2018-11-08 16:18:01 - [MESSAGE][PASSED] - Object: 'Object Repository/Final Object Repo/Login Page/External Login Page/Next' is clicked on

2018-11-08 16:18:01 - [TEST_STEP][PASSED] - delay: Delayed 3 second(s)

2018-11-08 16:18:04 - [MESSAGE][PASSED] - Delayed 3 second(s)

2018-11-08 16:18:04 - [TEST_STEP][PASSED] - setEncryptedText: Text ****** has been set on object 'Object Repository/Final Object Repo/Login Page/External Login Page/Password'

2018-11-08 16:18:04 - [MESSAGE][PASSED] - Text ****** has been set on object 'Object Repository/Final Object Repo/Login Page/External Login Page/Password'

2018-11-08 16:18:04 - [TEST_STEP][PASSED] - click: Object: 'Object Repository/Final Object Repo/Login Page/External Login Page/Login' is clicked on

2018-11-08 16:18:10 - [MESSAGE][PASSED] - Object: 'Object Repository/Final Object Repo/Login Page/External Login Page/Login' is clicked on

2018-11-08 16:18:10 - [TEST_STEP][PASSED] - delay: Delayed 5 second(s)

2018-11-08 16:18:15 - [MESSAGE][PASSED] - Delayed 5 second(s)

2018-11-08 16:18:15 - [MESSAGE][PASSED] - Call Test Case 'Test Cases/Final Aug 2018 - PKS Automation/Create Employer Acc/Login to Employer Account (Second time)' successfully

2018-11-08 16:18:15 - [TEST_STEP][PASSED] - Statement - Try: Delayed 2 second(s)

2018-11-08 16:18:15 - [TEST_STEP][PASSED] - Statement - Checker = false: null

2018-11-08 16:18:15 - [TEST_STEP][PASSED] - Statement - Checker = com.kms.katalon.core.webui.keyword.WebUiBuiltInKeywords.verifyElementHasAttribute(com.kms.katalon.core.testobject.ObjectRepository.findTestObject(Final Object Repo/Landing Page/BM Detecting), "href", 20, OPTIONAL): Object 'Object Repository/Final Object Repo/Landing Page/BM Detecting' has attribute 'href'

2018-11-08 16:18:15 - [MESSAGE][PASSED] - Object 'Object Repository/Final Object Repo/Landing Page/BM Detecting' has attribute 'href'

2018-11-08 16:18:15 - [TEST_STEP][PASSED] - Statement - out.println(Checker): null

2018-11-08 16:18:15 - [TEST_STEP][PASSED] - Statement - If (Checker == false): null

2018-11-08 16:18:15 - [TEST_STEP][PASSED] - Statement - Else: null

2018-11-08 16:18:15 - [TEST_STEP][PASSED] - delay: Delayed 2 second(s)

2018-11-08 16:18:17 - [MESSAGE][PASSED] - Delayed 2 second(s)

2018-11-08 16:18:17 - [TEST_STEP][PASSED] - delay: Delayed 4 second(s)

2018-11-08 16:18:21 - [MESSAGE][PASSED] - Delayed 4 second(s)

2018-11-08 16:18:21 - [TEST_STEP][PASSED] - click: Object: 'Object Repository/Final Object Repo/Landing Page/My Sites Drop Down' is clicked on

2018-11-08 16:18:21 - [MESSAGE][PASSED] - Object: 'Object Repository/Final Object Repo/Landing Page/My Sites Drop Down' is clicked on

2018-11-08 16:18:21 - [TEST_STEP][PASSED] - click: Object: 'Object Repository/Final Object Repo/Landing Page/Select to Registration Module' is clicked on

2018-11-08 16:18:25 - [MESSAGE][PASSED] - Object: 'Object Repository/Final Object Repo/Landing Page/Select to Registration Module' is clicked on

2018-11-08 16:18:25 - [TEST_STEP][PASSED] - click: Object: 'Object Repository/Final Object Repo/Landing Page/Registration Button' is clicked on

2018-11-08 16:18:28 - [MESSAGE][PASSED] - Object: 'Object Repository/Final Object Repo/Landing Page/Registration Button' is clicked on

2018-11-08 16:18:28 - [TEST_STEP][PASSED] - delay: Delayed 2 second(s)

2018-11-08 16:18:30 - [MESSAGE][PASSED] - Delayed 2 second(s)

2018-11-08 16:18:30 - [TEST_STEP][PASSED] - click: Object: 'Object Repository/Final Object Repo/New Registration - Registration Module Pages/New Reg - OTC to RO/Special Case - OTC - Form 1/AEC NO' is clicked on

2018-11-08 16:18:30 - [MESSAGE][PASSED] - Object: 'Object Repository/Final Object Repo/New Registration - Registration Module Pages/New Reg - OTC to RO/Special Case - OTC - Form 1/AEC NO' is clicked on

2018-11-08 16:18:30 - [TEST_STEP][PASSED] - click: Object: 'Object Repository/Final Object Repo/New Registration - Registration Module Pages/New Reg - OTC to RO/Special Case - OTC - Form 1/Business Entity - Please Select' is clicked on

2018-11-08 16:18:31 - [MESSAGE][PASSED] - Object: 'Object Repository/Final Object Repo/New Registration - Registration Module Pages/New Reg - OTC to RO/Special Case - OTC - Form 1/Business Entity - Please Select' is clicked on

2018-11-08 16:18:31 - [TEST_STEP][PASSED] - click: Object: 'Object Repository/Final Object Repo/New Registration - Registration Module Pages/New Reg - OTC to RO/Special Case - OTC - Form 1/Selected - Corporation' is clicked on

2018-11-08 16:18:31 - [MESSAGE][PASSED] - Object: 'Object Repository/Final Object Repo/New Registration - Registration Module Pages/New Reg - OTC to RO/Special Case - OTC - Form 1/Selected - Corporation' is clicked on

2018-11-08 16:18:31 - [TEST_STEP][PASSED] - delay: Delayed 2 second(s)

2018-11-08 16:18:33 - [MESSAGE][PASSED] - Delayed 2 second(s)

2018-11-08 16:18:33 - [TEST_STEP][PASSED] - click: Object: 'Object Repository/Final Object Repo/New Registration - Registration Module Pages/New Reg - OTC to RO/Special Case - OTC - Form 1/Sub Business Entity - Please Select' is clicked on

2018-11-08 16:18:34 - [MESSAGE][PASSED] - Object: 'Object Repository/Final Object Repo/New Registration - Registration Module Pages/New Reg - OTC to RO/Special Case - OTC - Form 1/Sub Business Entity - Please Select' is clicked on

2018-11-08 16:18:34 - [TEST_STEP][PASSED] - delay: Delayed 2 second(s)

2018-11-08 16:18:36 - [MESSAGE][PASSED] - Delayed 2 second(s)

2018-11-08 16:18:36 - [TEST_STEP][PASSED] - click: Object: 'Object Repository/Final Object Repo/New Registration - Registration Module Pages/New Reg - OTC to RO/Special Case - OTC - Form 1/Selected - Sendirian Berhad' is clicked on

2018-11-08 16:18:37 - [MESSAGE][PASSED] - Object: 'Object Repository/Final Object Repo/New Registration - Registration Module Pages/New Reg - OTC to RO/Special Case - OTC - Form 1/Selected - Sendirian Berhad' is clicked on

2018-11-08 16:18:37 - [TEST_STEP][PASSED] - setText: Text 'AUTOMATE001' is set on object 'Object Repository/Final Object Repo/New Registration - Registration Module Pages/New Reg - OTC to RO/Special Case - OTC - Form 1/Input BRN Number'

2018-11-08 16:18:37 - [MESSAGE][PASSED] - Text 'AUTOMATE001' is set on object 'Object Repository/Final Object Repo/New Registration - Registration Module Pages/New Reg - OTC to RO/Special Case - OTC - Form 1/Input BRN Number'

2018-11-08 16:18:37 - [TEST_STEP][PASSED] - delay: Delayed 2 second(s)

2018-11-08 16:18:39 - [MESSAGE][PASSED] - Delayed 2 second(s)

2018-11-08 16:18:39 - [TEST_STEP][PASSED] - click: Object: 'Object Repository/Final Object Repo/New Registration - Registration Module Pages/New Reg - OTC to RO/Special Case - OTC - Form 1/BRN Search' is clicked on

2018-11-08 16:18:39 - [MESSAGE][PASSED] - Object: 'Object Repository/Final Object Repo/New Registration - Registration Module Pages/New Reg - OTC to RO/Special Case - OTC - Form 1/BRN Search' is clicked on

2018-11-08 16:18:39 - [TEST_STEP][PASSED] - delay: Delayed 4 second(s)

2018-11-08 16:18:43 - [MESSAGE][PASSED] - Delayed 4 second(s)

2018-11-08 16:18:43 - [TEST_STEP][PASSED] - click: Object: 'Object Repository/Final Object Repo/New Registration - Registration Module Pages/New Reg - OTC to RO/Special Case - OTC - Form 1/Registered with SSM - After Feb 2017' is clicked on

2018-11-08 16:18:43 - [MESSAGE][PASSED] - Object: 'Object Repository/Final Object Repo/New Registration - Registration Module Pages/New Reg - OTC to RO/Special Case - OTC - Form 1/Registered with SSM - After Feb 2017' is clicked on

2018-11-08 16:18:43 - [TEST_STEP][PASSED] - delay: Delayed 2 second(s)

2018-11-08 16:18:45 - [MESSAGE][PASSED] - Delayed 2 second(s)

2018-11-08 16:18:45 - [TEST_STEP][PASSED] - click: Object: 'Object Repository/Final Object Repo/New Registration - Registration Module Pages/New Reg - OTC to RO/Special Case - OTC - Form 1/Registering As A Branch - No' is clicked on

2018-11-08 16:18:46 - [MESSAGE][PASSED] - Object: 'Object Repository/Final Object Repo/New Registration - Registration Module Pages/New Reg - OTC to RO/Special Case - OTC - Form 1/Registering As A Branch - No' is clicked on

2018-11-08 16:18:46 - [TEST_STEP][PASSED] - click: Object: 'Object Repository/Final Object Repo/New Registration - Registration Module Pages/New Reg - OTC to RO/Special Case - OTC - Form 1/Acknowledgement Ticked' is clicked on

2018-11-08 16:18:46 - [MESSAGE][PASSED] - Object: 'Object Repository/Final Object Repo/New Registration - Registration Module Pages/New Reg - OTC to RO/Special Case - OTC - Form 1/Acknowledgement Ticked' is clicked on

2018-11-08 16:18:46 - [TEST_STEP][PASSED] - click: Object: 'Object Repository/Final Object Repo/New Registration - Registration Module Pages/New Reg - OTC to RO/Special Case - OTC - Form 1/Submit Button' is clicked on

2018-11-08 16:18:46 - [MESSAGE][PASSED] - Object: 'Object Repository/Final Object Repo/New Registration - Registration Module Pages/New Reg - OTC to RO/Special Case - OTC - Form 1/Submit Button' is clicked on

2018-11-08 16:18:46 - [TEST_STEP][PASSED] - delay: Delayed 2 second(s)

2018-11-08 16:18:48 - [MESSAGE][PASSED] - Delayed 2 second(s)

2018-11-08 16:18:48 - [TEST_STEP][PASSED] - click: Object: 'Object Repository/Final Object Repo/New Registration - Registration Module Pages/New Reg - OTC to RO/Special Case - OTC - Form 1/Confirm No Flagging as Branch' is clicked on

2018-11-08 16:18:50 - [MESSAGE][PASSED] - Object: 'Object Repository/Final Object Repo/New Registration - Registration Module Pages/New Reg - OTC to RO/Special Case - OTC - Form 1/Confirm No Flagging as Branch' is clicked on

2018-11-08 16:18:50 - [MESSAGE][PASSED] - Call Test Case 'Test Cases/Final Aug 2018 - PKS Automation/Registration Module/Workflow/New Registration/Template/Special Case - Employer - Form 1' successfully

2018-11-08 16:18:50 - [TEST_STEP][PASSED] - callTestCase: Call Test Case 'Test Cases/Final Aug 2018 - PKS Automation/Registration Module/New Registration/Form 2/Add 1 Eligible - Employer Account Use' successfully

2018-11-08 16:18:50 - [TEST_CASE][PASSED] - Test Cases/Final Aug 2018 - PKS Automation/Registration Module/New Registration/Form 2/Add 1 Eligible - Employer Account Use: Test Cases/Final Aug 2018 - PKS Automation/Registration Module/New Registration/Form 2/Add 1 Eligible - Employer Account Use

2018-11-08 16:18:50 - [TEST_STEP][PASSED] - delay: Delayed 2 second(s)

2018-11-08 16:18:52 - [MESSAGE][PASSED] - Delayed 2 second(s)

2018-11-08 16:18:52 - [TEST_STEP][PASSED] - callTestCase: Call Test Case 'Test Cases/Final Aug 2018 - PKS Automation/Registration Module/New Registration/Form 2/Date Updater' successfully

2018-11-08 16:18:53 - [TEST_CASE][PASSED] - Test Cases/Final Aug 2018 - PKS Automation/Registration Module/New Registration/Form 2/Date Updater: Test Cases/Final Aug 2018 - PKS Automation/Registration Module/New Registration/Form 2/Date Updater

2018-11-08 16:18:53 - [TEST_STEP][PASSED] - Statement - TodayDate = new java.util.Date(): null

2018-11-08 16:18:53 - [TEST_STEP][PASSED] - Statement - CurrentDateNoFilter = new java.text.SimpleDateFormat(): null

2018-11-08 16:18:53 - [TEST_STEP][PASSED] - Statement - CurrentDateNoFilter.applyPattern("dd"): null

2018-11-08 16:18:53 - [TEST_STEP][PASSED] - Statement - CurrentDate = CurrentDateNoFilter.format(TodayDate): null

2018-11-08 16:18:53 - [TEST_STEP][PASSED] - Statement - CurrentDate = java.lang.Integer.parseInt(CurrentDate): null

2018-11-08 16:18:53 - [TEST_STEP][PASSED] - Statement - CurrentDate = CurrentDate: null

2018-11-08 16:18:53 - [TEST_STEP][PASSED] - Statement - CurrentDay = java.lang.Integer.parseInt(CurrentDate): null

2018-11-08 16:18:53 - [TEST_STEP][PASSED] - Statement - aDayBefore = CurrentDay + 1: null

2018-11-08 16:18:53 - [TEST_STEP][PASSED] - Statement - DayBefore = aDayBefore.toString(): null

2018-11-08 16:18:53 - [TEST_STEP][PASSED] - Statement - OneDayBefore = DayBefore: null

2018-11-08 16:18:53 - [TEST_STEP][PASSED] - Statement - CurrentDateNoFilter.applyPattern("MM"): null

2018-11-08 16:18:53 - [TEST_STEP][PASSED] - Statement - monthContainerMatcher = java.lang.Integer.parseInt(CurrentDateNoFilter.format(TodayDate)): null

2018-11-08 16:18:53 - [TEST_STEP][PASSED] - Statement - monthContainerMatcher = monthContainerMatcher - 1: null

2018-11-08 16:18:53 - [TEST_STEP][PASSED] - Statement - CurrentMonth = monthContainerMatcher.toString(): null

2018-11-08 16:18:53 - [TEST_STEP][PASSED] - Statement - CurrentMonth = CurrentMonth: null

2018-11-08 16:18:53 - [TEST_STEP][PASSED] - Statement - CurrentDateNoFilter.applyPattern("yyyy"): null

2018-11-08 16:18:53 - [TEST_STEP][PASSED] - Statement - CurrentYear = CurrentDateNoFilter.format(TodayDate): null

2018-11-08 16:18:53 - [TEST_STEP][PASSED] - Statement - CurrentYear = CurrentYear: null

2018-11-08 16:18:53 - [TEST_STEP][PASSED] - Statement - intCurrentYear = java.lang.Integer.parseInt(CurrentDateNoFilter.format(TodayDate)): null

2018-11-08 16:18:53 - [TEST_STEP][PASSED] - Statement - eighteenYrsAgo = intCurrentYear - 18: null

2018-11-08 16:18:53 - [TEST_STEP][PASSED] - Statement - eighteenYrsBeforeThisYr = eighteenYrsAgo.toString(): null

2018-11-08 16:18:53 - [TEST_STEP][PASSED] - Statement - EighteenYrsBefore = eighteenYrsBeforeThisYr: null

2018-11-08 16:18:53 - [TEST_STEP][PASSED] - Statement - fiftysevenYrsAgo = intCurrentYear - 57: null

2018-11-08 16:18:53 - [TEST_STEP][PASSED] - Statement - fiftysevenYrsBeforeThisYr = fiftysevenYrsAgo.toString(): null

2018-11-08 16:18:53 - [TEST_STEP][PASSED] - Statement - FiftysevenYrsBefore = fiftysevenYrsBeforeThisYr: null

2018-11-08 16:18:53 - [MESSAGE][PASSED] - Call Test Case 'Test Cases/Final Aug 2018 - PKS Automation/Registration Module/New Registration/Form 2/Date Updater' successfully

2018-11-08 16:18:53 - [TEST_STEP][PASSED] - delay: Delayed 1 second(s)

2018-11-08 16:18:54 - [MESSAGE][PASSED] - Delayed 1 second(s)

2018-11-08 16:18:54 - [TEST_STEP][PASSED] - Statement - CaseReferenceNo = com.kms.katalon.core.webui.keyword.WebUiBuiltInKeywords.getText(com.kms.katalon.core.testobject.ObjectRepository.findTestObject(Final Object Repo/New Registration - Registration Module Pages/Form 2/RefNo Acquiring)): Text of object 'Object Repository/Final Object Repo/New Registration - Registration Module Pages/Form 2/RefNo Acquiring' is: 'CRN11201800122427'

2018-11-08 16:18:54 - [MESSAGE][PASSED] - Text of object 'Object Repository/Final Object Repo/New Registration - Registration Module Pages/Form 2/RefNo Acquiring' is: 'CRN11201800122427'

2018-11-08 16:18:54 - [TEST_STEP][PASSED] - delay: Delayed 1 second(s)

2018-11-08 16:18:55 - [MESSAGE][PASSED] - Delayed 1 second(s)

2018-11-08 16:18:55 - [TEST_STEP][PASSED] - click: Object: 'Object Repository/Final Object Repo/New Registration - Registration Module Pages/Form 2/Add Employee Button' is clicked on

2018-11-08 16:18:55 - [MESSAGE][PASSED] - Object: 'Object Repository/Final Object Repo/New Registration - Registration Module Pages/Form 2/Add Employee Button' is clicked on

2018-11-08 16:18:55 - [TEST_STEP][PASSED] - delay: Delayed 1 second(s)

2018-11-08 16:18:56 - [MESSAGE][PASSED] - Delayed 1 second(s)

2018-11-08 16:18:56 - [TEST_STEP][PASSED] - setText: Text '010903091948' is set on object 'Object Repository/Final Object Repo/New Registration - Registration Module Pages/Form 2/NRIC Input'

2018-11-08 16:18:56 - [MESSAGE][PASSED] - Text '010903091948' is set on object 'Object Repository/Final Object Repo/New Registration - Registration Module Pages/Form 2/NRIC Input'

2018-11-08 16:18:56 - [TEST_STEP][PASSED] - delay: Delayed 2 second(s)

2018-11-08 16:18:58 - [MESSAGE][PASSED] - Delayed 2 second(s)

2018-11-08 16:18:58 - [TEST_STEP][PASSED] - setText: Text 'Automate001 eligible 1' is set on object 'Object Repository/Final Object Repo/New Registration - Registration Module Pages/Form 2/Employee Name Input'

2018-11-08 16:18:58 - [MESSAGE][PASSED] - Text 'Automate001 eligible 1' is set on object 'Object Repository/Final Object Repo/New Registration - Registration Module Pages/Form 2/Employee Name Input'

2018-11-08 16:18:58 - [TEST_STEP][PASSED] - delay: Delayed 2 second(s)

2018-11-08 16:19:00 - [MESSAGE][PASSED] - Delayed 2 second(s)

2018-11-08 16:19:00 - [TEST_STEP][PASSED] - click: Object: 'Object Repository/Final Object Repo/New Registration - Registration Module Pages/Form 2/DatePicker Pop Up' is clicked on

2018-11-08 16:19:01 - [MESSAGE][PASSED] - Object: 'Object Repository/Final Object Repo/New Registration - Registration Module Pages/Form 2/DatePicker Pop Up' is clicked on

2018-11-08 16:19:01 - [TEST_STEP][PASSED] - click: Object: 'Object Repository/Final Object Repo/New Registration - Registration Module Pages/Form 2/DOB Month' is clicked on

2018-11-08 16:19:02 - [MESSAGE][PASSED] - Object: 'Object Repository/Final Object Repo/New Registration - Registration Module Pages/Form 2/DOB Month' is clicked on

2018-11-08 16:19:02 - [TEST_STEP][PASSED] - Statement - CurrentMonth = CurrentMonth: null

2018-11-08 16:19:02 - [TEST_STEP][PASSED] - Statement - selectMonth = new com.kms.katalon.core.testobject.TestObject(): null

2018-11-08 16:19:02 - [TEST_STEP][PASSED] - Statement - selectMonth.addProperty("xpath", EQUALS, "//body/div/div/div/select/option[@value='" + CurrentMonth + "']", true): null

2018-11-08 16:19:02 - [TEST_STEP][PASSED] - click: Object: '' is clicked on

2018-11-08 16:19:02 - [MESSAGE][PASSED] - Object: '' is clicked on

2018-11-08 16:19:02 - [TEST_STEP][PASSED] - click: Object: 'Object Repository/Final Object Repo/New Registration - Registration Module Pages/Form 2/DOB Year' is clicked on

2018-11-08 16:19:02 - [MESSAGE][PASSED] - Object: 'Object Repository/Final Object Repo/New Registration - Registration Module Pages/Form 2/DOB Year' is clicked on

2018-11-08 16:19:02 - [TEST_STEP][PASSED] - Statement - Eyearsbf = EighteenYrsBefore: null

2018-11-08 16:19:02 - [TEST_STEP][PASSED] - Statement - selectYear = new com.kms.katalon.core.testobject.TestObject(): null

2018-11-08 16:19:02 - [TEST_STEP][PASSED] - Statement - selectYear.addProperty("xpath", EQUALS, "//div/div/div/select/option[@value='" + Eyearsbf + "']", true): null

2018-11-08 16:19:02 - [TEST_STEP][PASSED] - click: Object: '' is clicked on

2018-11-08 16:19:03 - [MESSAGE][PASSED] - Object: '' is clicked on

2018-11-08 16:19:03 - [TEST_STEP][PASSED] - Statement - UpdatedSelectDate = com.kms.katalon.core.webui.keyword.WebUiBuiltInKeywords.modifyObjectProperty(com.kms.katalon.core.testobject.ObjectRepository.findTestObject(Final Object Repo/New Registration - Registration Module Pages/Form 2/DOB Date), "xpath", "equals", "//body/div/table/tbody/tr/td/a[text()="" + CurrentDate + ""]", true): Modify property of object successfully

2018-11-08 16:19:03 - [MESSAGE][PASSED] - Modify property of object successfully

2018-11-08 16:19:03 - [TEST_STEP][PASSED] - delay: Delayed 3 second(s)

2018-11-08 16:19:06 - [MESSAGE][PASSED] - Delayed 3 second(s)

2018-11-08 16:19:06 - [TEST_STEP][PASSED] - click: Object: 'Object Repository/Final Object Repo/New Registration - Registration Module Pages/Form 2/DOB Date' is clicked on

2018-11-08 16:19:06 - [MESSAGE][PASSED] - Object: 'Object Repository/Final Object Repo/New Registration - Registration Module Pages/Form 2/DOB Date' is clicked on

2018-11-08 16:19:06 - [TEST_STEP][PASSED] - delay: Delayed 2 second(s)

2018-11-08 16:19:08 - [MESSAGE][PASSED] - Delayed 2 second(s)

2018-11-08 16:19:08 - [TEST_STEP][PASSED] - click: Object: 'Object Repository/Final Object Repo/New Registration - Registration Module Pages/Form 2/EmploymentStartDate Pop Up' is clicked on

2018-11-08 16:19:09 - [MESSAGE][PASSED] - Object: 'Object Repository/Final Object Repo/New Registration - Registration Module Pages/Form 2/EmploymentStartDate Pop Up' is clicked on

2018-11-08 16:19:09 - [TEST_STEP][PASSED] - delay: Delayed 2 second(s)

2018-11-08 16:19:11 - [MESSAGE][PASSED] - Delayed 2 second(s)

2018-11-08 16:19:11 - [TEST_STEP][PASSED] - click: Object: 'Object Repository/Final Object Repo/New Registration - Registration Module Pages/Form 2/Socso Employment StartDate Month' is clicked on

2018-11-08 16:19:11 - [MESSAGE][PASSED] - Object: 'Object Repository/Final Object Repo/New Registration - Registration Module Pages/Form 2/Socso Employment StartDate Month' is clicked on

2018-11-08 16:19:11 - [TEST_STEP][PASSED] - delay: Delayed 1 second(s)

2018-11-08 16:19:12 - [MESSAGE][PASSED] - Delayed 1 second(s)

2018-11-08 16:19:12 - [TEST_STEP][PASSED] - click: Object: 'Object Repository/Final Object Repo/New Registration - Registration Module Pages/Form 2/Select Socso Employement Startdate Month' is clicked on

2018-11-08 16:19:12 - [MESSAGE][PASSED] - Object: 'Object Repository/Final Object Repo/New Registration - Registration Module Pages/Form 2/Select Socso Employement Startdate Month' is clicked on

2018-11-08 16:19:12 - [TEST_STEP][PASSED] - delay: Delayed 2 second(s)

2018-11-08 16:19:14 - [MESSAGE][PASSED] - Delayed 2 second(s)

2018-11-08 16:19:14 - [TEST_STEP][PASSED] - click: Object: 'Object Repository/Final Object Repo/New Registration - Registration Module Pages/Form 2/Socso Employment StartDate Year' is clicked on

2018-11-08 16:19:15 - [MESSAGE][PASSED] - Object: 'Object Repository/Final Object Repo/New Registration - Registration Module Pages/Form 2/Socso Employment StartDate Year' is clicked on

2018-11-08 16:19:15 - [TEST_STEP][PASSED] - delay: Delayed 1 second(s)

2018-11-08 16:19:16 - [MESSAGE][PASSED] - Delayed 1 second(s)

2018-11-08 16:19:16 - [TEST_STEP][PASSED] - click: Object: 'Object Repository/Final Object Repo/New Registration - Registration Module Pages/Form 2/Select Socso Employment Startdate Year' is clicked on

2018-11-08 16:19:16 - [MESSAGE][PASSED] - Object: 'Object Repository/Final Object Repo/New Registration - Registration Module Pages/Form 2/Select Socso Employment Startdate Year' is clicked on

2018-11-08 16:19:16 - [TEST_STEP][PASSED] - delay: Delayed 2 second(s)

2018-11-08 16:19:18 - [MESSAGE][PASSED] - Delayed 2 second(s)

2018-11-08 16:19:18 - [TEST_STEP][PASSED] - click: Object: 'Object Repository/Final Object Repo/New Registration - Registration Module Pages/Form 2/Socso Employment Start Date Day' is clicked on

2018-11-08 16:19:18 - [MESSAGE][PASSED] - Object: 'Object Repository/Final Object Repo/New Registration - Registration Module Pages/Form 2/Socso Employment Start Date Day' is clicked on

2018-11-08 16:19:18 - [TEST_STEP][PASSED] - delay: Delayed 2 second(s)

2018-11-08 16:19:20 - [MESSAGE][PASSED] - Delayed 2 second(s)

2018-11-08 16:19:20 - [TEST_STEP][PASSED] - click: Object: 'Object Repository/Final Object Repo/New Registration - Registration Module Pages/Form 2/Save Button for Add Employee' is clicked on

2018-11-08 16:19:23 - [MESSAGE][PASSED] - Object: 'Object Repository/Final Object Repo/New Registration - Registration Module Pages/Form 2/Save Button for Add Employee' is clicked on

2018-11-08 16:19:23 - [TEST_STEP][PASSED] - delay: Delayed 6 second(s)

2018-11-08 16:19:29 - [MESSAGE][PASSED] - Delayed 6 second(s)

2018-11-08 16:19:29 - [TEST_STEP][PASSED] - click: Object: 'Object Repository/Final Object Repo/New Registration - Registration Module Pages/Form 2/Save and Continue Form 2' is clicked on

2018-11-08 16:19:31 - [MESSAGE][PASSED] - Object: 'Object Repository/Final Object Repo/New Registration - Registration Module Pages/Form 2/Save and Continue Form 2' is clicked on

2018-11-08 16:19:31 - [MESSAGE][PASSED] - Call Test Case 'Test Cases/Final Aug 2018 - PKS Automation/Registration Module/New Registration/Form 2/Add 1 Eligible - Employer Account Use' successfully

2018-11-08 16:19:31 - [TEST_STEP][PASSED] - callTestCase: Call Test Case 'Test Cases/Final Aug 2018 - PKS Automation/Registration Module/New Registration/Flow of New Registration/Third Screen - Upload Supporting Doc - Preview' successfully

2018-11-08 16:19:31 - [TEST_CASE][PASSED] - Test Cases/Final Aug 2018 - PKS Automation/Registration Module/New Registration/Flow of New Registration/Third Screen - Upload Supporting Doc - Preview: Test Cases/Final Aug 2018 - PKS Automation/Registration Module/New Registration/Flow of New Registration/Third Screen - Upload Supporting Doc - Preview

2018-11-08 16:19:31 - [TEST_STEP][PASSED] - waitForPageLoad: Wait for page load successfully

2018-11-08 16:19:31 - [MESSAGE][PASSED] - Wait for page load successfully

2018-11-08 16:19:31 - [TEST_STEP][PASSED] - Statement - CaseReferenceNo = com.kms.katalon.core.webui.keyword.WebUiBuiltInKeywords.getText(com.kms.katalon.core.testobject.ObjectRepository.findTestObject(Final Object Repo/New Registration - Registration Module Pages/Third Screen - Upload Supporting Doc- Preview/RefNo Acquiring)): Text of object 'Object Repository/Final Object Repo/New Registration - Registration Module Pages/Third Screen - Upload Supporting Doc- Preview/RefNo Acquiring' is: 'CRN11201800122427'

2018-11-08 16:19:31 - [MESSAGE][PASSED] - Text of object 'Object Repository/Final Object Repo/New Registration - Registration Module Pages/Third Screen - Upload Supporting Doc- Preview/RefNo Acquiring' is: 'CRN11201800122427'

2018-11-08 16:19:31 - [TEST_STEP][PASSED] - delay: Delayed 2 second(s)

2018-11-08 16:19:33 - [MESSAGE][PASSED] - Delayed 2 second(s)

2018-11-08 16:19:33 - [TEST_STEP][PASSED] - callTestCase: Call Test Case 'Test Cases/Final Aug 2018 - PKS Automation/Common/Reference Number Setter' successfully

2018-11-08 16:19:33 - [TEST_CASE][PASSED] - Test Cases/Final Aug 2018 - PKS Automation/Common/Reference Number Setter: Test Cases/Final Aug 2018 - PKS Automation/Common/Reference Number Setter

2018-11-08 16:19:33 - [TEST_STEP][PASSED] - Statement - RefNoOldFile = new java.io.File(C://KatalonReference.txt): null

2018-11-08 16:19:33 - [TEST_STEP][PASSED] - Statement - RefNoOldFile.delete(): null

2018-11-08 16:19:33 - [TEST_STEP][PASSED] - Statement - RefNo = new java.io.File(C://KatalonReference.txt): null

2018-11-08 16:19:33 - [TEST_STEP][PASSED] - Statement - RefNo.append(CaseReferenceNo): null

2018-11-08 16:19:33 - [TEST_STEP][PASSED] - Statement - out.println("


" + CaseReferenceNo + "


"): null

2018-11-08 16:19:33 - [MESSAGE][PASSED] - Call Test Case 'Test Cases/Final Aug 2018 - PKS Automation/Common/Reference Number Setter' successfully

2018-11-08 16:19:33 - [TEST_STEP][PASSED] - waitForElementClickable: Object 'Object Repository/Final Object Repo/New Registration - Registration Module Pages/Third Screen - Upload Supporting Doc- Preview/Save n Continue in SIP Employee Listing Page' is clickable

2018-11-08 16:19:33 - [MESSAGE][PASSED] - Object 'Object Repository/Final Object Repo/New Registration - Registration Module Pages/Third Screen - Upload Supporting Doc- Preview/Save n Continue in SIP Employee Listing Page' is clickable

2018-11-08 16:19:33 - [TEST_STEP][PASSED] - click: Object: 'Object Repository/Final Object Repo/New Registration - Registration Module Pages/Third Screen - Upload Supporting Doc- Preview/Save n Continue in SIP Employee Listing Page' is clicked on

2018-11-08 16:19:38 - [MESSAGE][PASSED] - Object: 'Object Repository/Final Object Repo/New Registration - Registration Module Pages/Third Screen - Upload Supporting Doc- Preview/Save n Continue in SIP Employee Listing Page' is clicked on

2018-11-08 16:19:38 - [TEST_STEP][PASSED] - delay: Delayed 6 second(s)

2018-11-08 16:19:45 - [MESSAGE][PASSED] - Delayed 6 second(s)

2018-11-08 16:19:45 - [TEST_STEP][PASSED] - click: Object: 'Object Repository/Final Object Repo/New Registration - Registration Module Pages/Third Screen - Upload Supporting Doc- Preview/Add Document Button' is clicked on

2018-11-08 16:19:45 - [MESSAGE][PASSED] - Object: 'Object Repository/Final Object Repo/New Registration - Registration Module Pages/Third Screen - Upload Supporting Doc- Preview/Add Document Button' is clicked on

2018-11-08 16:19:45 - [TEST_STEP][PASSED] - delay: Delayed 30 second(s)

2018-11-08 16:20:15 - [MESSAGE][PASSED] - Delayed 30 second(s)

2018-11-08 16:20:15 - [TEST_STEP][PASSED] - click: Object: 'Object Repository/Final Object Repo/New Registration - Registration Module Pages/Third Screen - Upload Supporting Doc- Preview/Supporting Doc Please Select Drop Down' is clicked on

2018-11-08 16:20:15 - [MESSAGE][PASSED] - Object: 'Object Repository/Final Object Repo/New Registration - Registration Module Pages/Third Screen - Upload Supporting Doc- Preview/Supporting Doc Please Select Drop Down' is clicked on

2018-11-08 16:20:15 - [TEST_STEP][PASSED] - delay: Delayed 2 second(s)

2018-11-08 16:20:17 - [MESSAGE][PASSED] - Delayed 2 second(s)

2018-11-08 16:20:17 - [TEST_STEP][PASSED] - click: Object: 'Object Repository/Final Object Repo/New Registration - Registration Module Pages/Third Screen - Upload Supporting Doc- Preview/Select to Upload Form 1' is clicked on

2018-11-08 16:20:18 - [MESSAGE][PASSED] - Object: 'Object Repository/Final Object Repo/New Registration - Registration Module Pages/Third Screen - Upload Supporting Doc- Preview/Select to Upload Form 1' is clicked on

2018-11-08 16:20:18 - [TEST_STEP][PASSED] - delay: Delayed 2 second(s)

2018-11-08 16:20:20 - [MESSAGE][PASSED] - Delayed 2 second(s)

2018-11-08 16:20:20 - [TEST_STEP][PASSED] - uploadFile: File 'C:\Users\Public\Pictures\Sample Pictures\Act.jpg' sent to object: 'Object Repository/Final Object Repo/New Registration - Registration Module Pages/Third Screen - Upload Supporting Doc- Preview/Upload File Adding'

2018-11-08 16:20:20 - [MESSAGE][PASSED] - File 'C:\Users\Public\Pictures\Sample Pictures\Act.jpg' sent to object: 'Object Repository/Final Object Repo/New Registration - Registration Module Pages/Third Screen - Upload Supporting Doc- Preview/Upload File Adding'

2018-11-08 16:20:20 - [TEST_STEP][PASSED] - delay: Delayed 5 second(s)

2018-11-08 16:20:25 - [MESSAGE][PASSED] - Delayed 5 second(s)

2018-11-08 16:20:25 - [TEST_STEP][PASSED] - click: Object: 'Object Repository/Final Object Repo/New Registration - Registration Module Pages/Third Screen - Upload Supporting Doc- Preview/Inner Form Add Document Button' is clicked on

2018-11-08 16:20:31 - [MESSAGE][PASSED] - Object: 'Object Repository/Final Object Repo/New Registration - Registration Module Pages/Third Screen - Upload Supporting Doc- Preview/Inner Form Add Document Button' is clicked on

2018-11-08 16:20:31 - [TEST_STEP][PASSED] - delay: Delayed 3 second(s)

2018-11-08 16:20:34 - [MESSAGE][PASSED] - Delayed 3 second(s)

2018-11-08 16:20:34 - [TEST_STEP][PASSED] - click: Object: 'Object Repository/Final Object Repo/New Registration - Registration Module Pages/Third Screen - Upload Supporting Doc- Preview/Add Document Button' is clicked on

2018-11-08 16:20:34 - [MESSAGE][PASSED] - Object: 'Object Repository/Final Object Repo/New Registration - Registration Module Pages/Third Screen - Upload Supporting Doc- Preview/Add Document Button' is clicked on

2018-11-08 16:20:34 - [TEST_STEP][PASSED] - delay: Delayed 30 second(s)

2018-11-08 16:21:04 - [MESSAGE][PASSED] - Delayed 30 second(s)

2018-11-08 16:21:04 - [TEST_STEP][PASSED] - click: Object: 'Object Repository/Final Object Repo/New Registration - Registration Module Pages/Third Screen - Upload Supporting Doc- Preview/Supporting Doc Please Select Drop Down' is clicked on

2018-11-08 16:21:05 - [MESSAGE][PASSED] - Object: 'Object Repository/Final Object Repo/New Registration - Registration Module Pages/Third Screen - Upload Supporting Doc- Preview/Supporting Doc Please Select Drop Down' is clicked on

2018-11-08 16:21:05 - [TEST_STEP][PASSED] - delay: Delayed 2 second(s)

2018-11-08 16:21:07 - [MESSAGE][PASSED] - Delayed 2 second(s)

2018-11-08 16:21:07 - [TEST_STEP][PASSED] - click: Object: 'Object Repository/Final Object Repo/New Registration - Registration Module Pages/Third Screen - Upload Supporting Doc- Preview/Select to Upload Form 2' is clicked on

2018-11-08 16:21:07 - [MESSAGE][PASSED] - Object: 'Object Repository/Final Object Repo/New Registration - Registration Module Pages/Third Screen - Upload Supporting Doc- Preview/Select to Upload Form 2' is clicked on

2018-11-08 16:21:07 - [TEST_STEP][PASSED] - delay: Delayed 2 second(s)

2018-11-08 16:21:09 - [MESSAGE][PASSED] - Delayed 2 second(s)

2018-11-08 16:21:09 - [TEST_STEP][PASSED] - uploadFile: File 'C:\Users\Public\Pictures\Sample Pictures\Act.jpg' sent to object: 'Object Repository/Final Object Repo/New Registration - Registration Module Pages/Third Screen - Upload Supporting Doc- Preview/Upload File Adding'

2018-11-08 16:21:10 - [MESSAGE][PASSED] - File 'C:\Users\Public\Pictures\Sample Pictures\Act.jpg' sent to object: 'Object Repository/Final Object Repo/New Registration - Registration Module Pages/Third Screen - Upload Supporting Doc- Preview/Upload File Adding'

2018-11-08 16:21:10 - [TEST_STEP][PASSED] - click: Object: 'Object Repository/Final Object Repo/New Registration - Registration Module Pages/Third Screen - Upload Supporting Doc- Preview/Inner Form Add Document Button' is clicked on

2018-11-08 16:21:10 - [MESSAGE][PASSED] - Object: 'Object Repository/Final Object Repo/New Registration - Registration Module Pages/Third Screen - Upload Supporting Doc- Preview/Inner Form Add Document Button' is clicked on

2018-11-08 16:21:10 - [TEST_STEP][PASSED] - delay: Delayed 4 second(s)

2018-11-08 16:21:14 - [MESSAGE][PASSED] - Delayed 4 second(s)

2018-11-08 16:21:14 - [TEST_STEP][PASSED] - click: Object: 'Object Repository/Final Object Repo/New Registration - Registration Module Pages/Third Screen - Upload Supporting Doc- Preview/Add Document Button' is clicked on

2018-11-08 16:21:15 - [MESSAGE][PASSED] - Object: 'Object Repository/Final Object Repo/New Registration - Registration Module Pages/Third Screen - Upload Supporting Doc- Preview/Add Document Button' is clicked on

2018-11-08 16:21:15 - [TEST_STEP][PASSED] - delay: Delayed 30 second(s)

2018-11-08 16:21:45 - [MESSAGE][PASSED] - Delayed 30 second(s)

2018-11-08 16:21:45 - [TEST_STEP][PASSED] - click: Object: 'Object Repository/Final Object Repo/New Registration - Registration Module Pages/Third Screen - Upload Supporting Doc- Preview/Supporting Doc Please Select Drop Down' is clicked on

2018-11-08 16:21:46 - [MESSAGE][PASSED] - Object: 'Object Repository/Final Object Repo/New Registration - Registration Module Pages/Third Screen - Upload Supporting Doc- Preview/Supporting Doc Please Select Drop Down' is clicked on

2018-11-08 16:21:46 - [TEST_STEP][PASSED] - click: Object: 'Object Repository/Final Object Repo/New Registration - Registration Module Pages/Third Screen - Upload Supporting Doc- Preview/Select to Upload Borang SIP 1' is clicked on

2018-11-08 16:21:47 - [MESSAGE][PASSED] - Object: 'Object Repository/Final Object Repo/New Registration - Registration Module Pages/Third Screen - Upload Supporting Doc- Preview/Select to Upload Borang SIP 1' is clicked on

2018-11-08 16:21:47 - [TEST_STEP][PASSED] - delay: Delayed 2 second(s)

2018-11-08 16:21:49 - [MESSAGE][PASSED] - Delayed 2 second(s)

2018-11-08 16:21:49 - [TEST_STEP][PASSED] - uploadFile: File 'C:\Users\Public\Pictures\Sample Pictures\Act.jpg' sent to object: 'Object Repository/Final Object Repo/New Registration - Registration Module Pages/Third Screen - Upload Supporting Doc- Preview/Upload File Adding'

2018-11-08 16:21:49 - [MESSAGE][PASSED] - File 'C:\Users\Public\Pictures\Sample Pictures\Act.jpg' sent to object: 'Object Repository/Final Object Repo/New Registration - Registration Module Pages/Third Screen - Upload Supporting Doc- Preview/Upload File Adding'

2018-11-08 16:21:49 - [TEST_STEP][PASSED] - click: Object: 'Object Repository/Final Object Repo/New Registration - Registration Module Pages/Third Screen - Upload Supporting Doc- Preview/Inner Form Add Document Button' is clicked on

2018-11-08 16:21:49 - [MESSAGE][PASSED] - Object: 'Object Repository/Final Object Repo/New Registration - Registration Module Pages/Third Screen - Upload Supporting Doc- Preview/Inner Form Add Document Button' is clicked on

2018-11-08 16:21:49 - [TEST_STEP][PASSED] - delay: Delayed 5 second(s)

2018-11-08 16:21:54 - [MESSAGE][PASSED] - Delayed 5 second(s)

2018-11-08 16:21:54 - [TEST_STEP][PASSED] - click: Object: 'Object Repository/Final Object Repo/New Registration - Registration Module Pages/Third Screen - Upload Supporting Doc- Preview/Add Document Button' is clicked on

2018-11-08 16:21:55 - [MESSAGE][PASSED] - Object: 'Object Repository/Final Object Repo/New Registration - Registration Module Pages/Third Screen - Upload Supporting Doc- Preview/Add Document Button' is clicked on

2018-11-08 16:21:55 - [TEST_STEP][PASSED] - delay: Delayed 30 second(s)

2018-11-08 16:22:25 - [MESSAGE][PASSED] - Delayed 30 second(s)

2018-11-08 16:22:25 - [TEST_STEP][PASSED] - click: Object: 'Object Repository/Final Object Repo/New Registration - Registration Module Pages/Third Screen - Upload Supporting Doc- Preview/Supporting Doc Please Select Drop Down' is clicked on

2018-11-08 16:22:25 - [MESSAGE][PASSED] - Object: 'Object Repository/Final Object Repo/New Registration - Registration Module Pages/Third Screen - Upload Supporting Doc- Preview/Supporting Doc Please Select Drop Down' is clicked on

2018-11-08 16:22:25 - [TEST_STEP][PASSED] - delay: Delayed 3 second(s)

2018-11-08 16:22:28 - [MESSAGE][PASSED] - Delayed 3 second(s)

2018-11-08 16:22:28 - [TEST_STEP][PASSED] - click: Object: 'Object Repository/Final Object Repo/New Registration - Registration Module Pages/Third Screen - Upload Supporting Doc- Preview/Select to Upload Borang SIP 2' is clicked on

2018-11-08 16:22:29 - [MESSAGE][PASSED] - Object: 'Object Repository/Final Object Repo/New Registration - Registration Module Pages/Third Screen - Upload Supporting Doc- Preview/Select to Upload Borang SIP 2' is clicked on

2018-11-08 16:22:29 - [TEST_STEP][PASSED] - delay: Delayed 2 second(s)

2018-11-08 16:22:31 - [MESSAGE][PASSED] - Delayed 2 second(s)

2018-11-08 16:22:31 - [TEST_STEP][PASSED] - uploadFile: File 'C:\Users\Public\Pictures\Sample Pictures\Act.jpg' sent to object: 'Object Repository/Final Object Repo/New Registration - Registration Module Pages/Third Screen - Upload Supporting Doc- Preview/Upload File Adding'

2018-11-08 16:22:31 - [MESSAGE][PASSED] - File 'C:\Users\Public\Pictures\Sample Pictures\Act.jpg' sent to object: 'Object Repository/Final Object Repo/New Registration - Registration Module Pages/Third Screen - Upload Supporting Doc- Preview/Upload File Adding'

2018-11-08 16:22:31 - [TEST_STEP][PASSED] - delay: Delayed 5 second(s)

2018-11-08 16:22:36 - [MESSAGE][PASSED] - Delayed 5 second(s)

2018-11-08 16:22:36 - [TEST_STEP][PASSED] - click: Object: 'Object Repository/Final Object Repo/New Registration - Registration Module Pages/Third Screen - Upload Supporting Doc- Preview/Inner Form Add Document Button' is clicked on

2018-11-08 16:22:36 - [MESSAGE][PASSED] - Object: 'Object Repository/Final Object Repo/New Registration - Registration Module Pages/Third Screen - Upload Supporting Doc- Preview/Inner Form Add Document Button' is clicked on

2018-11-08 16:22:36 - [TEST_STEP][PASSED] - delay: Delayed 3 second(s)

2018-11-08 16:22:39 - [MESSAGE][PASSED] - Delayed 3 second(s)

2018-11-08 16:22:39 - [TEST_STEP][PASSED] - waitForElementClickable: Object 'Object Repository/Final Object Repo/New Registration - Registration Module Pages/Third Screen - Upload Supporting Doc- Preview/Save n Continue in Uploading Supporting Doc Page' is clickable

2018-11-08 16:22:41 - [MESSAGE][PASSED] - Object 'Object Repository/Final Object Repo/New Registration - Registration Module Pages/Third Screen - Upload Supporting Doc- Preview/Save n Continue in Uploading Supporting Doc Page' is clickable

2018-11-08 16:22:41 - [TEST_STEP][PASSED] - click: Object: 'Object Repository/Final Object Repo/New Registration - Registration Module Pages/Third Screen - Upload Supporting Doc- Preview/Save n Continue in Uploading Supporting Doc Page' is clicked on

2018-11-08 16:22:42 - [MESSAGE][PASSED] - Object: 'Object Repository/Final Object Repo/New Registration - Registration Module Pages/Third Screen - Upload Supporting Doc- Preview/Save n Continue in Uploading Supporting Doc Page' is clicked on

2018-11-08 16:22:42 - [MESSAGE][PASSED] - Call Test Case 'Test Cases/Final Aug 2018 - PKS Automation/Registration Module/New Registration/Flow of New Registration/Third Screen - Upload Supporting Doc - Preview' successfully

2018-11-08 16:22:42 - [TEST_STEP][PASSED] - setText: Text 'Tester' is set on object 'Object Repository/Final Object Repo/New Registration - Registration Module Pages/New Reg - OTC to RO/Special Case - All Related Objects/Employer Preview Name'

2018-11-08 16:22:47 - [MESSAGE][PASSED] - Text 'Tester' is set on object 'Object Repository/Final Object Repo/New Registration - Registration Module Pages/New Reg - OTC to RO/Special Case - All Related Objects/Employer Preview Name'

2018-11-08 16:22:47 - [TEST_STEP][PASSED] - click: Object: 'Object Repository/Final Object Repo/New Registration - Registration Module Pages/New Reg - OTC to RO/Special Case - All Related Objects/IC Type Drop Down' is clicked on

2018-11-08 16:22:47 - [MESSAGE][PASSED] - Object: 'Object Repository/Final Object Repo/New Registration - Registration Module Pages/New Reg - OTC to RO/Special Case - All Related Objects/IC Type Drop Down' is clicked on

2018-11-08 16:22:47 - [TEST_STEP][PASSED] - click: Object: 'Object Repository/Final Object Repo/New Registration - Registration Module Pages/New Reg - OTC to RO/Special Case - All Related Objects/Select to NRIC' is clicked on

2018-11-08 16:22:48 - [MESSAGE][PASSED] - Object: 'Object Repository/Final Object Repo/New Registration - Registration Module Pages/New Reg - OTC to RO/Special Case - All Related Objects/Select to NRIC' is clicked on

2018-11-08 16:22:48 - [TEST_STEP][PASSED] - setText: Text '133245561223' is set on object 'Object Repository/Final Object Repo/New Registration - Registration Module Pages/New Reg - OTC to RO/Special Case - All Related Objects/IC Value'

2018-11-08 16:22:48 - [MESSAGE][PASSED] - Text '133245561223' is set on object 'Object Repository/Final Object Repo/New Registration - Registration Module Pages/New Reg - OTC to RO/Special Case - All Related Objects/IC Value'

2018-11-08 16:22:48 - [TEST_STEP][PASSED] - setText: Text 'Auto' is set on object 'Object Repository/Final Object Repo/New Registration - Registration Module Pages/New Reg - OTC to RO/Special Case - All Related Objects/Designation'

2018-11-08 16:22:49 - [MESSAGE][PASSED] - Text 'Auto' is set on object 'Object Repository/Final Object Repo/New Registration - Registration Module Pages/New Reg - OTC to RO/Special Case - All Related Objects/Designation'

2018-11-08 16:22:49 - [TEST_STEP][PASSED] - callTestCase: Call Test Case 'Test Cases/Final Aug 2018 - PKS Automation/Registration Module/New Registration/Submit and Screenshot/Submit Registration and Screenshot' successfully

2018-11-08 16:22:49 - [TEST_CASE][PASSED] - Test Cases/Final Aug 2018 - PKS Automation/Registration Module/New Registration/Submit and Screenshot/Submit Registration and Screenshot: Test Cases/Final Aug 2018 - PKS Automation/Registration Module/New Registration/Submit and Screenshot/Submit Registration and Screenshot

2018-11-08 16:22:49 - [TEST_STEP][PASSED] - delay: Delayed 6 second(s)

2018-11-08 16:22:55 - [MESSAGE][PASSED] - Delayed 6 second(s)

2018-11-08 16:22:55 - [TEST_STEP][PASSED] - click: Object: 'Object Repository/Final Object Repo/New Registration - Registration Module Pages/Third Screen - Upload Supporting Doc- Preview/Preview Submit Button' is clicked on

2018-11-08 16:22:55 - [MESSAGE][PASSED] - Object: 'Object Repository/Final Object Repo/New Registration - Registration Module Pages/Third Screen - Upload Supporting Doc- Preview/Preview Submit Button' is clicked on

2018-11-08 16:22:55 - [TEST_STEP][PASSED] - delay: Delayed 2 second(s)

2018-11-08 16:22:57 - [MESSAGE][PASSED] - Delayed 2 second(s)

2018-11-08 16:22:57 - [TEST_STEP][PASSED] - click: Object: 'Object Repository/Final Object Repo/New Registration - Registration Module Pages/Third Screen - Upload Supporting Doc- Preview/Preview Submit - Confirm' is clicked on

2018-11-08 16:23:02 - [MESSAGE][PASSED] - Object: 'Object Repository/Final Object Repo/New Registration - Registration Module Pages/Third Screen - Upload Supporting Doc- Preview/Preview Submit - Confirm' is clicked on

2018-11-08 16:23:02 - [TEST_STEP][PASSED] - delay: Delayed 15 second(s)

2018-11-08 16:23:17 - [MESSAGE][PASSED] - Delayed 15 second(s)

2018-11-08 16:23:17 - [TEST_STEP][PASSED] - Statement - driver = com.kms.katalon.core.webui.driver.DriverFactory.getWebDriver(): null

2018-11-08 16:23:17 - [TEST_STEP][PASSED] - Statement - driver.manage().timeouts().implicitlyWait(10, SECONDS): null

2018-11-08 16:23:17 - [TEST_STEP][PASSED] - Statement - PresavePath = KatalonScreenshots: null

2018-11-08 16:23:17 - [TEST_STEP][PASSED] - Statement - pathPrefix = "C:\Users\Public\Pictures\Sample Pictures\Katalon Screenshots\Automate Ending Screen": null

2018-11-08 16:23:17 - [TEST_STEP][PASSED] - Statement - finalPath = <not implemented yet for class: org.codehaus.groovy.ast.expr.EmptyExpression>: null

2018-11-08 16:23:17 - [TEST_STEP][PASSED] - Statement - scrFile = driver.getScreenshotAs(FILE): null

2018-11-08 16:23:17 - [TEST_STEP][PASSED] - Statement - PreSaveFile = new java.io.File(PresavePath): null

2018-11-08 16:23:17 - [TEST_STEP][PASSED] - Statement - counter = 0: null

2018-11-08 16:23:17 - [TEST_STEP][PASSED] - Statement - If (PreSaveFile.exists()): null

2018-11-08 16:23:17 - [TEST_STEP][PASSED] - Statement - While (PreSaveFile.exists()): null

2018-11-08 16:23:17 - [TEST_STEP][PASSED] - Statement - counter = counter + 1: null

2018-11-08 16:23:17 - [TEST_STEP][PASSED] - Statement - PreSaveFile = new java.io.File(((pathPrefix + java.lang.Integer.toString(counter)) + .png)): null

2018-11-08 16:23:17 - [TEST_STEP][PASSED] - Statement - counter = counter + 1: null

2018-11-08 16:23:17 - [TEST_STEP][PASSED] - Statement - PreSaveFile = new java.io.File(((pathPrefix + java.lang.Integer.toString(counter)) + .png)): null

2018-11-08 16:23:17 - [TEST_STEP][PASSED] - Statement - counter = counter + 1: null

2018-11-08 16:23:17 - [TEST_STEP][PASSED] - Statement - PreSaveFile = new java.io.File(((pathPrefix + java.lang.Integer.toString(counter)) + .png)): null

2018-11-08 16:23:17 - [TEST_STEP][PASSED] - Statement - counter = counter + 1: null

2018-11-08 16:23:17 - [TEST_STEP][PASSED] - Statement - PreSaveFile = new java.io.File(((pathPrefix + java.lang.Integer.toString(counter)) + .png)): null

2018-11-08 16:23:17 - [TEST_STEP][PASSED] - Statement - counter = counter + 1: null

2018-11-08 16:23:17 - [TEST_STEP][PASSED] - Statement - PreSaveFile = new java.io.File(((pathPrefix + java.lang.Integer.toString(counter)) + .png)): null

2018-11-08 16:23:17 - [TEST_STEP][PASSED] - Statement - counter = counter + 1: null

2018-11-08 16:23:17 - [TEST_STEP][PASSED] - Statement - PreSaveFile = new java.io.File(((pathPrefix + java.lang.Integer.toString(counter)) + .png)): null

2018-11-08 16:23:17 - [TEST_STEP][PASSED] - Statement - counter = counter + 1: null

2018-11-08 16:23:17 - [TEST_STEP][PASSED] - Statement - PreSaveFile = new java.io.File(((pathPrefix + java.lang.Integer.toString(counter)) + .png)): null

2018-11-08 16:23:17 - [TEST_STEP][PASSED] - Statement - counter = counter + 1: null

2018-11-08 16:23:17 - [TEST_STEP][PASSED] - Statement - PreSaveFile = new java.io.File(((pathPrefix + java.lang.Integer.toString(counter)) + .png)): null

2018-11-08 16:23:17 - [TEST_STEP][PASSED] - Statement - counter = counter + 1: null

2018-11-08 16:23:17 - [TEST_STEP][PASSED] - Statement - PreSaveFile = new java.io.File(((pathPrefix + java.lang.Integer.toString(counter)) + .png)): null

2018-11-08 16:23:17 - [TEST_STEP][PASSED] - Statement - counter = counter + 1: null

2018-11-08 16:23:17 - [TEST_STEP][PASSED] - Statement - PreSaveFile = new java.io.File(((pathPrefix + java.lang.Integer.toString(counter)) + .png)): null

2018-11-08 16:23:17 - [TEST_STEP][PASSED] - Statement - counter = counter + 1: null

2018-11-08 16:23:17 - [TEST_STEP][PASSED] - Statement - PreSaveFile = new java.io.File(((pathPrefix + java.lang.Integer.toString(counter)) + .png)): null

2018-11-08 16:23:17 - [TEST_STEP][PASSED] - Statement - counter = counter + 1: null

2018-11-08 16:23:17 - [TEST_STEP][PASSED] - Statement - PreSaveFile = new java.io.File(((pathPrefix + java.lang.Integer.toString(counter)) + .png)): null

2018-11-08 16:23:17 - [TEST_STEP][PASSED] - Statement - counter = counter + 1: null

2018-11-08 16:23:17 - [TEST_STEP][PASSED] - Statement - PreSaveFile = new java.io.File(((pathPrefix + java.lang.Integer.toString(counter)) + .png)): null

2018-11-08 16:23:17 - [TEST_STEP][PASSED] - Statement - counter = counter + 1: null

2018-11-08 16:23:17 - [TEST_STEP][PASSED] - Statement - PreSaveFile = new java.io.File(((pathPrefix + java.lang.Integer.toString(counter)) + .png)): null

2018-11-08 16:23:17 - [TEST_STEP][PASSED] - Statement - counter = counter + 1: null

2018-11-08 16:23:17 - [TEST_STEP][PASSED] - Statement - PreSaveFile = new java.io.File(((pathPrefix + java.lang.Integer.toString(counter)) + .png)): null

2018-11-08 16:23:17 - [TEST_STEP][PASSED] - Statement - counter = counter + 1: null

2018-11-08 16:23:17 - [TEST_STEP][PASSED] - Statement - PreSaveFile = new java.io.File(((pathPrefix + java.lang.Integer.toString(counter)) + .png)): null

2018-11-08 16:23:17 - [TEST_STEP][PASSED] - Statement - counter = counter + 1: null

2018-11-08 16:23:17 - [TEST_STEP][PASSED] - Statement - PreSaveFile = new java.io.File(((pathPrefix + java.lang.Integer.toString(counter)) + .png)): null

2018-11-08 16:23:17 - [TEST_STEP][PASSED] - Statement - counter = counter + 1: null

2018-11-08 16:23:17 - [TEST_STEP][PASSED] - Statement - PreSaveFile = new java.io.File(((pathPrefix + java.lang.Integer.toString(counter)) + .png)): null

2018-11-08 16:23:17 - [TEST_STEP][PASSED] - Statement - counter = counter + 1: null

2018-11-08 16:23:18 - [TEST_STEP][PASSED] - Statement - PreSaveFile = new java.io.File(((pathPrefix + java.lang.Integer.toString(counter)) + .png)): null

2018-11-08 16:23:18 - [TEST_STEP][PASSED] - Statement - counter = counter + 1: null

2018-11-08 16:23:18 - [TEST_STEP][PASSED] - Statement - PreSaveFile = new java.io.File(((pathPrefix + java.lang.Integer.toString(counter)) + .png)): null

2018-11-08 16:23:18 - [TEST_STEP][PASSED] - Statement - counter = counter + 1: null

2018-11-08 16:23:18 - [TEST_STEP][PASSED] - Statement - PreSaveFile = new java.io.File(((pathPrefix + java.lang.Integer.toString(counter)) + .png)): null

2018-11-08 16:23:18 - [TEST_STEP][PASSED] - Statement - counter = counter + 1: null

2018-11-08 16:23:18 - [TEST_STEP][PASSED] - Statement - PreSaveFile = new java.io.File(((pathPrefix + java.lang.Integer.toString(counter)) + .png)): null

2018-11-08 16:23:18 - [TEST_STEP][PASSED] - Statement - counter = counter + 1: null

2018-11-08 16:23:18 - [TEST_STEP][PASSED] - Statement - PreSaveFile = new java.io.File(((pathPrefix + java.lang.Integer.toString(counter)) + .png)): null

2018-11-08 16:23:18 - [TEST_STEP][PASSED] - Statement - counter = counter + 1: null

2018-11-08 16:23:18 - [TEST_STEP][PASSED] - Statement - PreSaveFile = new java.io.File(((pathPrefix + java.lang.Integer.toString(counter)) + .png)): null

2018-11-08 16:23:18 - [TEST_STEP][PASSED] - Statement - counter = counter + 1: null

2018-11-08 16:23:18 - [TEST_STEP][PASSED] - Statement - PreSaveFile = new java.io.File(((pathPrefix + java.lang.Integer.toString(counter)) + .png)): null

2018-11-08 16:23:18 - [TEST_STEP][PASSED] - Statement - counter = counter + 1: null

2018-11-08 16:23:19 - [TEST_STEP][PASSED] - Statement - PreSaveFile = new java.io.File(((pathPrefix + java.lang.Integer.toString(counter)) + .png)): null

2018-11-08 16:23:19 - [TEST_STEP][PASSED] - Statement - counter = counter + 1: null

2018-11-08 16:23:19 - [TEST_STEP][PASSED] - Statement - PreSaveFile = new java.io.File(((pathPrefix + java.lang.Integer.toString(counter)) + .png)): null

2018-11-08 16:23:19 - [TEST_STEP][PASSED] - Statement - counter = counter + 1: null

2018-11-08 16:23:19 - [TEST_STEP][PASSED] - Statement - PreSaveFile = new java.io.File(((pathPrefix + java.lang.Integer.toString(counter)) + .png)): null

2018-11-08 16:23:19 - [TEST_STEP][PASSED] - Statement - counter = counter + 1: null

2018-11-08 16:23:19 - [TEST_STEP][PASSED] - Statement - PreSaveFile = new java.io.File(((pathPrefix + java.lang.Integer.toString(counter)) + .png)): null

2018-11-08 16:23:19 - [TEST_STEP][PASSED] - Statement - counter = counter + 1: null

2018-11-08 16:23:19 - [TEST_STEP][PASSED] - Statement - PreSaveFile = new java.io.File(((pathPrefix + java.lang.Integer.toString(counter)) + .png)): null

2018-11-08 16:23:19 - [TEST_STEP][PASSED] - Statement - counter = counter + 1: null

2018-11-08 16:23:19 - [TEST_STEP][PASSED] - Statement - PreSaveFile = new java.io.File(((pathPrefix + java.lang.Integer.toString(counter)) + .png)): null

2018-11-08 16:23:19 - [TEST_STEP][PASSED] - Statement - counter = counter + 1: null

2018-11-08 16:23:19 - [TEST_STEP][PASSED] - Statement - PreSaveFile = new java.io.File(((pathPrefix + java.lang.Integer.toString(counter)) + .png)): null

2018-11-08 16:23:19 - [TEST_STEP][PASSED] - Statement - counter = counter + 1: null

2018-11-08 16:23:19 - [TEST_STEP][PASSED] - Statement - PreSaveFile = new java.io.File(((pathPrefix + java.lang.Integer.toString(counter)) + .png)): null

2018-11-08 16:23:19 - [TEST_STEP][PASSED] - Statement - counter = counter + 1: null

2018-11-08 16:23:19 - [TEST_STEP][PASSED] - Statement - PreSaveFile = new java.io.File(((pathPrefix + java.lang.Integer.toString(counter)) + .png)): null

2018-11-08 16:23:19 - [TEST_STEP][PASSED] - Statement - counter = counter + 1: null

2018-11-08 16:23:19 - [TEST_STEP][PASSED] - Statement - PreSaveFile = new java.io.File(((pathPrefix + java.lang.Integer.toString(counter)) + .png)): null

2018-11-08 16:23:19 - [TEST_STEP][PASSED] - Statement - counter = counter + 1: null

2018-11-08 16:23:19 - [TEST_STEP][PASSED] - Statement - PreSaveFile = new java.io.File(((pathPrefix + java.lang.Integer.toString(counter)) + .png)): null

2018-11-08 16:23:19 - [TEST_STEP][PASSED] - Statement - counter = counter + 1: null

2018-11-08 16:23:19 - [TEST_STEP][PASSED] - Statement - PreSaveFile = new java.io.File(((pathPrefix + java.lang.Integer.toString(counter)) + .png)): null

2018-11-08 16:23:19 - [TEST_STEP][PASSED] - Statement - counter = counter + 1: null

2018-11-08 16:23:20 - [TEST_STEP][PASSED] - Statement - PreSaveFile = new java.io.File(((pathPrefix + java.lang.Integer.toString(counter)) + .png)): null

2018-11-08 16:23:20 - [TEST_STEP][PASSED] - Statement - counter = counter + 1: null

2018-11-08 16:23:20 - [TEST_STEP][PASSED] - Statement - PreSaveFile = new java.io.File(((pathPrefix + java.lang.Integer.toString(counter)) + .png)): null

2018-11-08 16:23:20 - [TEST_STEP][PASSED] - Statement - counter = counter + 1: null

2018-11-08 16:23:20 - [TEST_STEP][PASSED] - Statement - PreSaveFile = new java.io.File(((pathPrefix + java.lang.Integer.toString(counter)) + .png)): null

2018-11-08 16:23:20 - [TEST_STEP][PASSED] - Statement - counter = counter + 1: null

2018-11-08 16:23:20 - [TEST_STEP][PASSED] - Statement - PreSaveFile = new java.io.File(((pathPrefix + java.lang.Integer.toString(counter)) + .png)): null

2018-11-08 16:23:20 - [TEST_STEP][PASSED] - Statement - counter = counter + 1: null

2018-11-08 16:23:20 - [TEST_STEP][PASSED] - Statement - PreSaveFile = new java.io.File(((pathPrefix + java.lang.Integer.toString(counter)) + .png)): null

2018-11-08 16:23:20 - [TEST_STEP][PASSED] - Statement - counter = counter + 1: null

2018-11-08 16:23:20 - [TEST_STEP][PASSED] - Statement - PreSaveFile = new java.io.File(((pathPrefix + java.lang.Integer.toString(counter)) + .png)): null

2018-11-08 16:23:20 - [TEST_STEP][PASSED] - Statement - counter = counter + 1: null

2018-11-08 16:23:20 - [TEST_STEP][PASSED] - Statement - PreSaveFile = new java.io.File(((pathPrefix + java.lang.Integer.toString(counter)) + .png)): null

2018-11-08 16:23:20 - [TEST_STEP][PASSED] - Statement - counter = counter + 1: null

2018-11-08 16:23:21 - [TEST_STEP][PASSED] - Statement - PreSaveFile = new java.io.File(((pathPrefix + java.lang.Integer.toString(counter)) + .png)): null

2018-11-08 16:23:21 - [TEST_STEP][PASSED] - Statement - counter = counter + 1: null

2018-11-08 16:23:21 - [TEST_STEP][PASSED] - Statement - PreSaveFile = new java.io.File(((pathPrefix + java.lang.Integer.toString(counter)) + .png)): null

2018-11-08 16:23:21 - [TEST_STEP][PASSED] - Statement - counter = counter + 1: null

2018-11-08 16:23:21 - [TEST_STEP][PASSED] - Statement - PreSaveFile = new java.io.File(((pathPrefix + java.lang.Integer.toString(counter)) + .png)): null

2018-11-08 16:23:21 - [TEST_STEP][PASSED] - Statement - counter = counter + 1: null

2018-11-08 16:23:21 - [TEST_STEP][PASSED] - Statement - PreSaveFile = new java.io.File(((pathPrefix + java.lang.Integer.toString(counter)) + .png)): null

2018-11-08 16:23:21 - [TEST_STEP][PASSED] - Statement - counter = counter + 1: null

2018-11-08 16:23:21 - [TEST_STEP][PASSED] - Statement - PreSaveFile = new java.io.File(((pathPrefix + java.lang.Integer.toString(counter)) + .png)): null

2018-11-08 16:23:21 - [TEST_STEP][PASSED] - Statement - counter = counter + 1: null

2018-11-08 16:23:22 - [TEST_STEP][PASSED] - Statement - PreSaveFile = new java.io.File(((pathPrefix + java.lang.Integer.toString(counter)) + .png)): null

2018-11-08 16:23:22 - [TEST_STEP][PASSED] - Statement - counter = counter + 1: null

2018-11-08 16:23:22 - [TEST_STEP][PASSED] - Statement - PreSaveFile = new java.io.File(((pathPrefix + java.lang.Integer.toString(counter)) + .png)): null

2018-11-08 16:23:22 - [TEST_STEP][PASSED] - Statement - counter = counter + 1: null

2018-11-08 16:23:22 - [TEST_STEP][PASSED] - Statement - PreSaveFile = new java.io.File(((pathPrefix + java.lang.Integer.toString(counter)) + .png)): null

2018-11-08 16:23:22 - [TEST_STEP][PASSED] - Statement - counter = counter + 1: null

2018-11-08 16:23:22 - [TEST_STEP][PASSED] - Statement - PreSaveFile = new java.io.File(((pathPrefix + java.lang.Integer.toString(counter)) + .png)): null

2018-11-08 16:23:22 - [TEST_STEP][PASSED] - Statement - counter = counter + 1: null

2018-11-08 16:23:22 - [TEST_STEP][PASSED] - Statement - PreSaveFile = new java.io.File(((pathPrefix + java.lang.Integer.toString(counter)) + .png)): null

2018-11-08 16:23:22 - [TEST_STEP][PASSED] - Statement - counter = counter + 1: null

2018-11-08 16:23:22 - [TEST_STEP][PASSED] - Statement - PreSaveFile = new java.io.File(((pathPrefix + java.lang.Integer.toString(counter)) + .png)): null

2018-11-08 16:23:22 - [TEST_STEP][PASSED] - Statement - counter = counter + 1: null

2018-11-08 16:23:22 - [TEST_STEP][PASSED] - Statement - PreSaveFile = new java.io.File(((pathPrefix + java.lang.Integer.toString(counter)) + .png)): null

2018-11-08 16:23:22 - [TEST_STEP][PASSED] - Statement - counter = counter + 1: null

2018-11-08 16:23:22 - [TEST_STEP][PASSED] - Statement - PreSaveFile = new java.io.File(((pathPrefix + java.lang.Integer.toString(counter)) + .png)): null

2018-11-08 16:23:22 - [TEST_STEP][PASSED] - Statement - counter = counter + 1: null

2018-11-08 16:23:22 - [TEST_STEP][PASSED] - Statement - PreSaveFile = new java.io.File(((pathPrefix + java.lang.Integer.toString(counter)) + .png)): null

2018-11-08 16:23:22 - [TEST_STEP][PASSED] - Statement - counter = counter + 1: null

2018-11-08 16:23:22 - [TEST_STEP][PASSED] - Statement - PreSaveFile = new java.io.File(((pathPrefix + java.lang.Integer.toString(counter)) + .png)): null

2018-11-08 16:23:22 - [TEST_STEP][PASSED] - Statement - counter = counter + 1: null

2018-11-08 16:23:22 - [TEST_STEP][PASSED] - Statement - PreSaveFile = new java.io.File(((pathPrefix + java.lang.Integer.toString(counter)) + .png)): null

2018-11-08 16:23:22 - [TEST_STEP][PASSED] - Statement - counter = counter + 1: null

2018-11-08 16:23:22 - [TEST_STEP][PASSED] - Statement - PreSaveFile = new java.io.File(((pathPrefix + java.lang.Integer.toString(counter)) + .png)): null

2018-11-08 16:23:22 - [TEST_STEP][PASSED] - Statement - counter = counter + 1: null

2018-11-08 16:23:23 - [TEST_STEP][PASSED] - Statement - PreSaveFile = new java.io.File(((pathPrefix + java.lang.Integer.toString(counter)) + .png)): null

2018-11-08 16:23:23 - [TEST_STEP][PASSED] - Statement - counter = counter + 1: null

2018-11-08 16:23:23 - [TEST_STEP][PASSED] - Statement - PreSaveFile = new java.io.File(((pathPrefix + java.lang.Integer.toString(counter)) + .png)): null

2018-11-08 16:23:23 - [TEST_STEP][PASSED] - Statement - counter = counter + 1: null

2018-11-08 16:23:23 - [TEST_STEP][PASSED] - Statement - PreSaveFile = new java.io.File(((pathPrefix + java.lang.Integer.toString(counter)) + .png)): null

2018-11-08 16:23:23 - [TEST_STEP][PASSED] - Statement - counter = counter + 1: null

2018-11-08 16:23:23 - [TEST_STEP][PASSED] - Statement - PreSaveFile = new java.io.File(((pathPrefix + java.lang.Integer.toString(counter)) + .png)): null

2018-11-08 16:23:23 - [TEST_STEP][PASSED] - Statement - counter = counter + 1: null

2018-11-08 16:23:23 - [TEST_STEP][PASSED] - Statement - PreSaveFile = new java.io.File(((pathPrefix + java.lang.Integer.toString(counter)) + .png)): null

2018-11-08 16:23:23 - [TEST_STEP][PASSED] - Statement - counter = counter + 1: null

2018-11-08 16:23:24 - [TEST_STEP][PASSED] - Statement - PreSaveFile = new java.io.File(((pathPrefix + java.lang.Integer.toString(counter)) + .png)): null

2018-11-08 16:23:24 - [TEST_STEP][PASSED] - Statement - counter = counter + 1: null

2018-11-08 16:23:24 - [TEST_STEP][PASSED] - Statement - PreSaveFile = new java.io.File(((pathPrefix + java.lang.Integer.toString(counter)) + .png)): null

2018-11-08 16:23:24 - [TEST_STEP][PASSED] - Statement - counter = counter + 1: null

2018-11-08 16:23:24 - [TEST_STEP][PASSED] - Statement - PreSaveFile = new java.io.File(((pathPrefix + java.lang.Integer.toString(counter)) + .png)): null

2018-11-08 16:23:24 - [TEST_STEP][PASSED] - Statement - counter = counter + 1: null

2018-11-08 16:23:24 - [TEST_STEP][PASSED] - Statement - PreSaveFile = new java.io.File(((pathPrefix + java.lang.Integer.toString(counter)) + .png)): null

2018-11-08 16:23:24 - [TEST_STEP][PASSED] - Statement - counter = counter + 1: null

2018-11-08 16:23:24 - [TEST_STEP][PASSED] - Statement - PreSaveFile = new java.io.File(((pathPrefix + java.lang.Integer.toString(counter)) + .png)): null

2018-11-08 16:23:24 - [TEST_STEP][PASSED] - Statement - counter = counter + 1: null

2018-11-08 16:23:24 - [TEST_STEP][PASSED] - Statement - PreSaveFile = new java.io.File(((pathPrefix + java.lang.Integer.toString(counter)) + .png)): null

2018-11-08 16:23:24 - [TEST_STEP][PASSED] - Statement - counter = counter + 1: null

2018-11-08 16:23:24 - [TEST_STEP][PASSED] - Statement - PreSaveFile = new java.io.File(((pathPrefix + java.lang.Integer.toString(counter)) + .png)): null

2018-11-08 16:23:25 - [TEST_STEP][PASSED] - Statement - counter = counter + 1: null

2018-11-08 16:23:25 - [TEST_STEP][PASSED] - Statement - PreSaveFile = new java.io.File(((pathPrefix + java.lang.Integer.toString(counter)) + .png)): null

2018-11-08 16:23:25 - [TEST_STEP][PASSED] - Statement - counter = counter + 1: null

2018-11-08 16:23:25 - [TEST_STEP][PASSED] - Statement - PreSaveFile = new java.io.File(((pathPrefix + java.lang.Integer.toString(counter)) + .png)): null

2018-11-08 16:23:25 - [TEST_STEP][PASSED] - Statement - counter = counter + 1: null

2018-11-08 16:23:25 - [TEST_STEP][PASSED] - Statement - PreSaveFile = new java.io.File(((pathPrefix + java.lang.Integer.toString(counter)) + .png)): null

2018-11-08 16:23:25 - [TEST_STEP][PASSED] - Statement - counter = counter + 1: null

2018-11-08 16:23:25 - [TEST_STEP][PASSED] - Statement - PreSaveFile = new java.io.File(((pathPrefix + java.lang.Integer.toString(counter)) + .png)): null

2018-11-08 16:23:25 - [TEST_STEP][PASSED] - Statement - counter = counter + 1: null

2018-11-08 16:23:26 - [TEST_STEP][PASSED] - Statement - PreSaveFile = new java.io.File(((pathPrefix + java.lang.Integer.toString(counter)) + .png)): null

2018-11-08 16:23:26 - [TEST_STEP][PASSED] - Statement - counter = counter + 1: null

2018-11-08 16:23:26 - [TEST_STEP][PASSED] - Statement - PreSaveFile = new java.io.File(((pathPrefix + java.lang.Integer.toString(counter)) + .png)): null

2018-11-08 16:23:26 - [TEST_STEP][PASSED] - Statement - counter = counter + 1: null

2018-11-08 16:23:26 - [TEST_STEP][PASSED] - Statement - PreSaveFile = new java.io.File(((pathPrefix + java.lang.Integer.toString(counter)) + .png)): null

2018-11-08 16:23:26 - [TEST_STEP][PASSED] - Statement - counter = counter + 1: null

2018-11-08 16:23:26 - [TEST_STEP][PASSED] - Statement - PreSaveFile = new java.io.File(((pathPrefix + java.lang.Integer.toString(counter)) + .png)): null

2018-11-08 16:23:26 - [TEST_STEP][PASSED] - Statement - counter = counter + 1: null

2018-11-08 16:23:26 - [TEST_STEP][PASSED] - Statement - PreSaveFile = new java.io.File(((pathPrefix + java.lang.Integer.toString(counter)) + .png)): null

2018-11-08 16:23:26 - [TEST_STEP][PASSED] - Statement - counter = counter + 1: null

2018-11-08 16:23:26 - [TEST_STEP][PASSED] - Statement - PreSaveFile = new java.io.File(((pathPrefix + java.lang.Integer.toString(counter)) + .png)): null

2018-11-08 16:23:27 - [TEST_STEP][PASSED] - Statement - counter = counter + 1: null

2018-11-08 16:23:27 - [TEST_STEP][PASSED] - Statement - PreSaveFile = new java.io.File(((pathPrefix + java.lang.Integer.toString(counter)) + .png)): null

2018-11-08 16:23:27 - [TEST_STEP][PASSED] - Statement - counter = counter + 1: null

2018-11-08 16:23:27 - [TEST_STEP][PASSED] - Statement - PreSaveFile = new java.io.File(((pathPrefix + java.lang.Integer.toString(counter)) + .png)): null

2018-11-08 16:23:27 - [TEST_STEP][PASSED] - Statement - counter = counter + 1: null

2018-11-08 16:23:27 - [TEST_STEP][PASSED] - Statement - PreSaveFile = new java.io.File(((pathPrefix + java.lang.Integer.toString(counter)) + .png)): null

2018-11-08 16:23:27 - [TEST_STEP][PASSED] - Statement - counter = counter + 1: null

2018-11-08 16:23:27 - [TEST_STEP][PASSED] - Statement - PreSaveFile = new java.io.File(((pathPrefix + java.lang.Integer.toString(counter)) + .png)): null

2018-11-08 16:23:27 - [TEST_STEP][PASSED] - Statement - counter = counter + 1: null

2018-11-08 16:23:27 - [TEST_STEP][PASSED] - Statement - PreSaveFile = new java.io.File(((pathPrefix + java.lang.Integer.toString(counter)) + .png)): null

2018-11-08 16:23:27 - [TEST_STEP][PASSED] - Statement - counter = counter + 1: null

2018-11-08 16:23:27 - [TEST_STEP][PASSED] - Statement - PreSaveFile = new java.io.File(((pathPrefix + java.lang.Integer.toString(counter)) + .png)): null

2018-11-08 16:23:27 - [TEST_STEP][PASSED] - Statement - counter = counter + 1: null

2018-11-08 16:23:27 - [TEST_STEP][PASSED] - Statement - PreSaveFile = new java.io.File(((pathPrefix + java.lang.Integer.toString(counter)) + .png)): null

2018-11-08 16:23:27 - [TEST_STEP][PASSED] - Statement - counter = counter + 1: null

2018-11-08 16:23:27 - [TEST_STEP][PASSED] - Statement - PreSaveFile = new java.io.File(((pathPrefix + java.lang.Integer.toString(counter)) + .png)): null

2018-11-08 16:23:27 - [TEST_STEP][PASSED] - Statement - counter = counter + 1: null

2018-11-08 16:23:27 - [TEST_STEP][PASSED] - Statement - PreSaveFile = new java.io.File(((pathPrefix + java.lang.Integer.toString(counter)) + .png)): null

2018-11-08 16:23:27 - [TEST_STEP][PASSED] - Statement - counter = counter + 1: null

2018-11-08 16:23:27 - [TEST_STEP][PASSED] - Statement - PreSaveFile = new java.io.File(((pathPrefix + java.lang.Integer.toString(counter)) + .png)): null

2018-11-08 16:23:27 - [TEST_STEP][PASSED] - Statement - counter = counter + 1: null

2018-11-08 16:23:27 - [TEST_STEP][PASSED] - Statement - PreSaveFile = new java.io.File(((pathPrefix + java.lang.Integer.toString(counter)) + .png)): null

2018-11-08 16:23:28 - [TEST_STEP][PASSED] - Statement - counter = counter + 1: null

2018-11-08 16:23:28 - [TEST_STEP][PASSED] - Statement - PreSaveFile = new java.io.File(((pathPrefix + java.lang.Integer.toString(counter)) + .png)): null

2018-11-08 16:23:28 - [TEST_STEP][PASSED] - Statement - counter = counter + 1: null

2018-11-08 16:23:28 - [TEST_STEP][PASSED] - Statement - PreSaveFile = new java.io.File(((pathPrefix + java.lang.Integer.toString(counter)) + .png)): null

2018-11-08 16:23:28 - [TEST_STEP][PASSED] - Statement - counter = counter + 1: null

2018-11-08 16:23:28 - [TEST_STEP][PASSED] - Statement - PreSaveFile = new java.io.File(((pathPrefix + java.lang.Integer.toString(counter)) + .png)): null

2018-11-08 16:23:28 - [TEST_STEP][PASSED] - Statement - counter = counter + 1: null

2018-11-08 16:23:28 - [TEST_STEP][PASSED] - Statement - PreSaveFile = new java.io.File(((pathPrefix + java.lang.Integer.toString(counter)) + .png)): null

2018-11-08 16:23:28 - [TEST_STEP][PASSED] - Statement - counter = counter + 1: null

2018-11-08 16:23:28 - [TEST_STEP][PASSED] - Statement - PreSaveFile = new java.io.File(((pathPrefix + java.lang.Integer.toString(counter)) + .png)): null

2018-11-08 16:23:29 - [TEST_STEP][PASSED] - Statement - counter = counter + 1: null

2018-11-08 16:23:29 - [TEST_STEP][PASSED] - Statement - PreSaveFile = new java.io.File(((pathPrefix + java.lang.Integer.toString(counter)) + .png)): null

2018-11-08 16:23:29 - [TEST_STEP][PASSED] - Statement - counter = counter + 1: null

2018-11-08 16:23:29 - [TEST_STEP][PASSED] - Statement - PreSaveFile = new java.io.File(((pathPrefix + java.lang.Integer.toString(counter)) + .png)): null

2018-11-08 16:23:29 - [TEST_STEP][PASSED] - Statement - counter = counter + 1: null

2018-11-08 16:23:29 - [TEST_STEP][PASSED] - Statement - PreSaveFile = new java.io.File(((pathPrefix + java.lang.Integer.toString(counter)) + .png)): null

2018-11-08 16:23:29 - [TEST_STEP][PASSED] - Statement - counter = counter + 1: null

2018-11-08 16:23:29 - [TEST_STEP][PASSED] - Statement - PreSaveFile = new java.io.File(((pathPrefix + java.lang.Integer.toString(counter)) + .png)): null

2018-11-08 16:23:29 - [TEST_STEP][PASSED] - Statement - counter = counter + 1: null

2018-11-08 16:23:29 - [TEST_STEP][PASSED] - Statement - PreSaveFile = new java.io.File(((pathPrefix + java.lang.Integer.toString(counter)) + .png)): null

2018-11-08 16:23:29 - [TEST_STEP][PASSED] - Statement - counter = counter + 1: null

2018-11-08 16:23:30 - [TEST_STEP][PASSED] - Statement - PreSaveFile = new java.io.File(((pathPrefix + java.lang.Integer.toString(counter)) + .png)): null

2018-11-08 16:23:30 - [TEST_STEP][PASSED] - Statement - counter = counter + 1: null

2018-11-08 16:23:30 - [TEST_STEP][PASSED] - Statement - PreSaveFile = new java.io.File(((pathPrefix + java.lang.Integer.toString(counter)) + .png)): null

2018-11-08 16:23:30 - [TEST_STEP][PASSED] - Statement - counter = counter + 1: null

2018-11-08 16:23:30 - [TEST_STEP][PASSED] - Statement - PreSaveFile = new java.io.File(((pathPrefix + java.lang.Integer.toString(counter)) + .png)): null

2018-11-08 16:23:30 - [TEST_STEP][PASSED] - Statement - counter = counter + 1: null

2018-11-08 16:23:30 - [TEST_STEP][PASSED] - Statement - PreSaveFile = new java.io.File(((pathPrefix + java.lang.Integer.toString(counter)) + .png)): null

2018-11-08 16:23:30 - [TEST_STEP][PASSED] - Statement - counter = counter + 1: null

2018-11-08 16:23:30 - [TEST_STEP][PASSED] - Statement - PreSaveFile = new java.io.File(((pathPrefix + java.lang.Integer.toString(counter)) + .png)): null

2018-11-08 16:23:30 - [TEST_STEP][PASSED] - Statement - counter = counter + 1: null

2018-11-08 16:23:30 - [TEST_STEP][PASSED] - Statement - PreSaveFile = new java.io.File(((pathPrefix + java.lang.Integer.toString(counter)) + .png)): null

2018-11-08 16:23:30 - [TEST_STEP][PASSED] - Statement - counter = counter + 1: null

2018-11-08 16:23:31 - [TEST_STEP][PASSED] - Statement - PreSaveFile = new java.io.File(((pathPrefix + java.lang.Integer.toString(counter)) + .png)): null

2018-11-08 16:23:31 - [TEST_STEP][PASSED] - Statement - counter = counter + 1: null

2018-11-08 16:23:31 - [TEST_STEP][PASSED] - Statement - PreSaveFile = new java.io.File(((pathPrefix + java.lang.Integer.toString(counter)) + .png)): null

2018-11-08 16:23:31 - [TEST_STEP][PASSED] - Statement - counter = counter + 1: null

2018-11-08 16:23:31 - [TEST_STEP][PASSED] - Statement - PreSaveFile = new java.io.File(((pathPrefix + java.lang.Integer.toString(counter)) + .png)): null

2018-11-08 16:23:31 - [TEST_STEP][PASSED] - Statement - counter = counter + 1: null

2018-11-08 16:23:31 - [TEST_STEP][PASSED] - Statement - PreSaveFile = new java.io.File(((pathPrefix + java.lang.Integer.toString(counter)) + .png)): null

2018-11-08 16:23:31 - [TEST_STEP][PASSED] - Statement - counter = counter + 1: null

2018-11-08 16:23:31 - [TEST_STEP][PASSED] - Statement - PreSaveFile = new java.io.File(((pathPrefix + java.lang.Integer.toString(counter)) + .png)): null

2018-11-08 16:23:31 - [TEST_STEP][PASSED] - Statement - counter = counter + 1: null

2018-11-08 16:23:32 - [TEST_STEP][PASSED] - Statement - PreSaveFile = new java.io.File(((pathPrefix + java.lang.Integer.toString(counter)) + .png)): null

2018-11-08 16:23:32 - [TEST_STEP][PASSED] - Statement - counter = counter + 1: null

2018-11-08 16:23:32 - [TEST_STEP][PASSED] - Statement - PreSaveFile = new java.io.File(((pathPrefix + java.lang.Integer.toString(counter)) + .png)): null

2018-11-08 16:23:32 - [TEST_STEP][PASSED] - Statement - counter = counter + 1: null

2018-11-08 16:23:32 - [TEST_STEP][PASSED] - Statement - PreSaveFile = new java.io.File(((pathPrefix + java.lang.Integer.toString(counter)) + .png)): null

2018-11-08 16:23:32 - [TEST_STEP][PASSED] - Statement - counter = counter + 1: null

2018-11-08 16:23:32 - [TEST_STEP][PASSED] - Statement - PreSaveFile = new java.io.File(((pathPrefix + java.lang.Integer.toString(counter)) + .png)): null

2018-11-08 16:23:32 - [TEST_STEP][PASSED] - Statement - counter = counter + 1: null

2018-11-08 16:23:32 - [TEST_STEP][PASSED] - Statement - PreSaveFile = new java.io.File(((pathPrefix + java.lang.Integer.toString(counter)) + .png)): null

2018-11-08 16:23:32 - [TEST_STEP][PASSED] - Statement - counter = counter + 1: null

2018-11-08 16:23:33 - [TEST_STEP][PASSED] - Statement - PreSaveFile = new java.io.File(((pathPrefix + java.lang.Integer.toString(counter)) + .png)): null

2018-11-08 16:23:33 - [TEST_STEP][PASSED] - Statement - counter = counter + 1: null

2018-11-08 16:23:33 - [TEST_STEP][PASSED] - Statement - PreSaveFile = new java.io.File(((pathPrefix + java.lang.Integer.toString(counter)) + .png)): null

2018-11-08 16:23:33 - [TEST_STEP][PASSED] - Statement - counter = counter + 1: null

2018-11-08 16:23:33 - [TEST_STEP][PASSED] - Statement - PreSaveFile = new java.io.File(((pathPrefix + java.lang.Integer.toString(counter)) + .png)): null

2018-11-08 16:23:33 - [TEST_STEP][PASSED] - Statement - counter = counter + 1: null

2018-11-08 16:23:33 - [TEST_STEP][PASSED] - Statement - PreSaveFile = new java.io.File(((pathPrefix + java.lang.Integer.toString(counter)) + .png)): null

2018-11-08 16:23:33 - [TEST_STEP][PASSED] - Statement - counter = counter + 1: null

2018-11-08 16:23:33 - [TEST_STEP][PASSED] - Statement - PreSaveFile = new java.io.File(((pathPrefix + java.lang.Integer.toString(counter)) + .png)): null

2018-11-08 16:23:33 - [TEST_STEP][PASSED] - Statement - counter = counter + 1: null

2018-11-08 16:23:34 - [TEST_STEP][PASSED] - Statement - PreSaveFile = new java.io.File(((pathPrefix + java.lang.Integer.toString(counter)) + .png)): null

2018-11-08 16:23:34 - [TEST_STEP][PASSED] - Statement - counter = counter + 1: null

2018-11-08 16:23:34 - [TEST_STEP][PASSED] - Statement - PreSaveFile = new java.io.File(((pathPrefix + java.lang.Integer.toString(counter)) + .png)): null

2018-11-08 16:23:34 - [TEST_STEP][PASSED] - Statement - counter = counter + 1: null

2018-11-08 16:23:34 - [TEST_STEP][PASSED] - Statement - PreSaveFile = new java.io.File(((pathPrefix + java.lang.Integer.toString(counter)) + .png)): null

2018-11-08 16:23:34 - [TEST_STEP][PASSED] - Statement - counter = counter + 1: null

2018-11-08 16:23:34 - [TEST_STEP][PASSED] - Statement - PreSaveFile = new java.io.File(((pathPrefix + java.lang.Integer.toString(counter)) + .png)): null

2018-11-08 16:23:34 - [TEST_STEP][PASSED] - Statement - counter = counter + 1: null

2018-11-08 16:23:34 - [TEST_STEP][PASSED] - Statement - PreSaveFile = new java.io.File(((pathPrefix + java.lang.Integer.toString(counter)) + .png)): null

2018-11-08 16:23:34 - [TEST_STEP][PASSED] - Statement - counter = counter + 1: null

2018-11-08 16:23:34 - [TEST_STEP][PASSED] - Statement - PreSaveFile = new java.io.File(((pathPrefix + java.lang.Integer.toString(counter)) + .png)): null

2018-11-08 16:23:34 - [TEST_STEP][PASSED] - Statement - counter = counter + 1: null

2018-11-08 16:23:34 - [TEST_STEP][PASSED] - Statement - PreSaveFile = new java.io.File(((pathPrefix + java.lang.Integer.toString(counter)) + .png)): null

2018-11-08 16:23:35 - [TEST_STEP][PASSED] - Statement - counter = counter + 1: null

2018-11-08 16:23:35 - [TEST_STEP][PASSED] - Statement - PreSaveFile = new java.io.File(((pathPrefix + java.lang.Integer.toString(counter)) + .png)): null

2018-11-08 16:23:35 - [TEST_STEP][PASSED] - Statement - counter = counter + 1: null

2018-11-08 16:23:35 - [TEST_STEP][PASSED] - Statement - PreSaveFile = new java.io.File(((pathPrefix + java.lang.Integer.toString(counter)) + .png)): null

2018-11-08 16:23:35 - [TEST_STEP][PASSED] - Statement - counter = counter + 1: null

2018-11-08 16:23:35 - [TEST_STEP][PASSED] - Statement - PreSaveFile = new java.io.File(((pathPrefix + java.lang.Integer.toString(counter)) + .png)): null

2018-11-08 16:23:35 - [TEST_STEP][PASSED] - Statement - counter = counter + 1: null

2018-11-08 16:23:35 - [TEST_STEP][PASSED] - Statement - PreSaveFile = new java.io.File(((pathPrefix + java.lang.Integer.toString(counter)) + .png)): null

2018-11-08 16:23:35 - [TEST_STEP][PASSED] - Statement - counter = counter + 1: null

2018-11-08 16:23:36 - [TEST_STEP][PASSED] - Statement - PreSaveFile = new java.io.File(((pathPrefix + java.lang.Integer.toString(counter)) + .png)): null

2018-11-08 16:23:36 - [TEST_STEP][PASSED] - Statement - counter = counter + 1: null

2018-11-08 16:23:36 - [TEST_STEP][PASSED] - Statement - PreSaveFile = new java.io.File(((pathPrefix + java.lang.Integer.toString(counter)) + .png)): null

2018-11-08 16:23:36 - [TEST_STEP][PASSED] - Statement - counter = counter + 1: null

2018-11-08 16:23:36 - [TEST_STEP][PASSED] - Statement - PreSaveFile = new java.io.File(((pathPrefix + java.lang.Integer.toString(counter)) + .png)): null

2018-11-08 16:23:36 - [TEST_STEP][PASSED] - Statement - counter = counter + 1: null

2018-11-08 16:23:36 - [TEST_STEP][PASSED] - Statement - PreSaveFile = new java.io.File(((pathPrefix + java.lang.Integer.toString(counter)) + .png)): null

2018-11-08 16:23:36 - [TEST_STEP][PASSED] - Statement - counter = counter + 1: null

2018-11-08 16:23:36 - [TEST_STEP][PASSED] - Statement - PreSaveFile = new java.io.File(((pathPrefix + java.lang.Integer.toString(counter)) + .png)): null

2018-11-08 16:23:36 - [TEST_STEP][PASSED] - Statement - counter = counter + 1: null

2018-11-08 16:23:36 - [TEST_STEP][PASSED] - Statement - PreSaveFile = new java.io.File(((pathPrefix + java.lang.Integer.toString(counter)) + .png)): null

2018-11-08 16:23:36 - [TEST_STEP][PASSED] - Statement - counter = counter + 1: null

2018-11-08 16:23:36 - [TEST_STEP][PASSED] - Statement - PreSaveFile = new java.io.File(((pathPrefix + java.lang.Integer.toString(counter)) + .png)): null

2018-11-08 16:23:36 - [TEST_STEP][PASSED] - Statement - counter = counter + 1: null

2018-11-08 16:23:36 - [TEST_STEP][PASSED] - Statement - PreSaveFile = new java.io.File(((pathPrefix + java.lang.Integer.toString(counter)) + .png)): null

2018-11-08 16:23:36 - [TEST_STEP][PASSED] - Statement - counter = counter + 1: null

2018-11-08 16:23:36 - [TEST_STEP][PASSED] - Statement - PreSaveFile = new java.io.File(((pathPrefix + java.lang.Integer.toString(counter)) + .png)): null

2018-11-08 16:23:36 - [TEST_STEP][PASSED] - Statement - counter = counter + 1: null

2018-11-08 16:23:36 - [TEST_STEP][PASSED] - Statement - PreSaveFile = new java.io.File(((pathPrefix + java.lang.Integer.toString(counter)) + .png)): null

2018-11-08 16:23:36 - [TEST_STEP][PASSED] - Statement - counter = counter + 1: null

2018-11-08 16:23:38 - [TEST_STEP][PASSED] - Statement - PreSaveFile = new java.io.File(((pathPrefix + java.lang.Integer.toString(counter)) + .png)): null

2018-11-08 16:23:38 - [TEST_STEP][PASSED] - Statement - counter = counter + 1: null

2018-11-08 16:23:38 - [TEST_STEP][PASSED] - Statement - PreSaveFile = new java.io.File(((pathPrefix + java.lang.Integer.toString(counter)) + .png)): null

2018-11-08 16:23:38 - [TEST_STEP][PASSED] - Statement - counter = counter + 1: null

2018-11-08 16:23:38 - [TEST_STEP][PASSED] - Statement - PreSaveFile = new java.io.File(((pathPrefix + java.lang.Integer.toString(counter)) + .png)): null

2018-11-08 16:23:38 - [TEST_STEP][PASSED] - Statement - counter = counter + 1: null

2018-11-08 16:23:38 - [TEST_STEP][PASSED] - Statement - PreSaveFile = new java.io.File(((pathPrefix + java.lang.Integer.toString(counter)) + .png)): null

2018-11-08 16:23:38 - [TEST_STEP][PASSED] - Statement - counter = counter + 1: null

2018-11-08 16:23:38 - [TEST_STEP][PASSED] - Statement - PreSaveFile = new java.io.File(((pathPrefix + java.lang.Integer.toString(counter)) + .png)): null

2018-11-08 16:23:38 - [TEST_STEP][PASSED] - Statement - counter = counter + 1: null

2018-11-08 16:23:38 - [TEST_STEP][PASSED] - Statement - PreSaveFile = new java.io.File(((pathPrefix + java.lang.Integer.toString(counter)) + .png)): null

2018-11-08 16:23:38 - [TEST_STEP][PASSED] - Statement - counter = counter + 1: null

2018-11-08 16:23:39 - [TEST_STEP][PASSED] - Statement - PreSaveFile = new java.io.File(((pathPrefix + java.lang.Integer.toString(counter)) + .png)): null

2018-11-08 16:23:39 - [TEST_STEP][PASSED] - Statement - counter = counter + 1: null

2018-11-08 16:23:39 - [TEST_STEP][PASSED] - Statement - PreSaveFile = new java.io.File(((pathPrefix + java.lang.Integer.toString(counter)) + .png)): null

2018-11-08 16:23:39 - [TEST_STEP][PASSED] - Statement - counter = counter + 1: null

2018-11-08 16:23:39 - [TEST_STEP][PASSED] - Statement - PreSaveFile = new java.io.File(((pathPrefix + java.lang.Integer.toString(counter)) + .png)): null

2018-11-08 16:23:39 - [TEST_STEP][PASSED] - Statement - counter = counter + 1: null

2018-11-08 16:23:39 - [TEST_STEP][PASSED] - Statement - PreSaveFile = new java.io.File(((pathPrefix + java.lang.Integer.toString(counter)) + .png)): null

2018-11-08 16:23:39 - [TEST_STEP][PASSED] - Statement - counter = counter + 1: null

2018-11-08 16:23:39 - [TEST_STEP][PASSED] - Statement - PreSaveFile = new java.io.File(((pathPrefix + java.lang.Integer.toString(counter)) + .png)): null

2018-11-08 16:23:39 - [TEST_STEP][PASSED] - Statement - counter = counter + 1: null

2018-11-08 16:23:40 - [TEST_STEP][PASSED] - Statement - PreSaveFile = new java.io.File(((pathPrefix + java.lang.Integer.toString(counter)) + .png)): null

2018-11-08 16:23:40 - [TEST_STEP][PASSED] - Statement - counter = counter + 1: null

2018-11-08 16:23:40 - [TEST_STEP][PASSED] - Statement - PreSaveFile = new java.io.File(((pathPrefix + java.lang.Integer.toString(counter)) + .png)): null

2018-11-08 16:23:40 - [TEST_STEP][PASSED] - Statement - finalPath = pathPrefix + java.lang.Integer.toString(counter) + ".png": null

2018-11-08 16:23:40 - [TEST_STEP][PASSED] - Statement - SaveFile = new java.io.File(finalPath): null

2018-11-08 16:23:40 - [TEST_STEP][PASSED] - Statement - Try: null

2018-11-08 16:23:40 - [TEST_STEP][PASSED] - Statement - org.apache.commons.io.FileUtils.copyFile(scrFile, SaveFile): null

2018-11-08 16:23:40 - [TEST_STEP][PASSED] - Statement - out.println("file kept"): null

2018-11-08 16:23:40 - [TEST_STEP][PASSED] - delay: Delayed 10 second(s)

2018-11-08 16:23:51 - [MESSAGE][PASSED] - Delayed 10 second(s)

2018-11-08 16:23:51 - [MESSAGE][PASSED] - Call Test Case 'Test Cases/Final Aug 2018 - PKS Automation/Registration Module/New Registration/Submit and Screenshot/Submit Registration and Screenshot' successfully

2018-11-08 16:23:51 - [TEST_STEP][PASSED] - callTestCase: Call Test Case 'Test Cases/Final Aug 2018 - PKS Automation/Registration Module/Log Out/log out avoiding katalon tagging' successfully

2018-11-08 16:23:51 - [TEST_CASE][PASSED] - Test Cases/Final Aug 2018 - PKS Automation/Registration Module/Log Out/log out avoiding katalon tagging: Test Cases/Final Aug 2018 - PKS Automation/Registration Module/Log Out/log out avoiding katalon tagging

2018-11-08 16:23:51 - [TEST_STEP][PASSED] - navigateToUrl: Navigate to 'https://assist2-uat.perkeso.gov.my/c/portal/logout' successfully

2018-11-08 16:23:53 - [MESSAGE][PASSED] - Navigate to 'https://assist2-uat.perkeso.gov.my/c/portal/logout' successfully

2018-11-08 16:23:53 - [MESSAGE][PASSED] - Call Test Case 'Test Cases/Final Aug 2018 - PKS Automation/Registration Module/Log Out/log out avoiding katalon tagging' successfully

2018-11-08 16:23:53 - [TEST_STEP][PASSED] - callTestCase: Call Test Case 'Test Cases/Final Aug 2018 - PKS Automation/Common/Workflow Owner Finder' successfully

2018-11-08 16:23:53 - [TEST_CASE][PASSED] - Test Cases/Final Aug 2018 - PKS Automation/Common/Workflow Owner Finder: Test Cases/Final Aug 2018 - PKS Automation/Common/Workflow Owner Finder

2018-11-08 16:23:53 - [TEST_STEP][PASSED] - openBrowser: Browser is opened with url: ''

2018-11-08 16:23:53 - [MESSAGE][WARNING] - A browser is already opened. Closing browser and opening a new one

2018-11-08 16:23:58 - [MESSAGE][PASSED] - Browser is opened with url: ''

2018-11-08 16:23:58 - [TEST_STEP][PASSED] - navigateToUrl: Navigate to 'https://assist2-uat.perkeso.gov.my/login' successfully

2018-11-08 16:24:01 - [MESSAGE][PASSED] - Navigate to 'https://assist2-uat.perkeso.gov.my/login' successfully

2018-11-08 16:24:01 - [TEST_STEP][PASSED] - delay: Delayed 5 second(s)

2018-11-08 16:24:06 - [MESSAGE][PASSED] - Delayed 5 second(s)

2018-11-08 16:24:06 - [TEST_STEP][PASSED] - setText: Text 'test@liferay.com' is set on object 'Object Repository/Final Object Repo/Login Page/Internal User/Email Address'

2018-11-08 16:24:06 - [MESSAGE][PASSED] - Text 'test@liferay.com' is set on object 'Object Repository/Final Object Repo/Login Page/Internal User/Email Address'

2018-11-08 16:24:06 - [TEST_STEP][PASSED] - click: Object: 'Object Repository/Final Object Repo/Login Page/Internal User/Next Button' is clicked on

2018-11-08 16:24:07 - [MESSAGE][PASSED] - Object: 'Object Repository/Final Object Repo/Login Page/Internal User/Next Button' is clicked on

2018-11-08 16:24:07 - [TEST_STEP][PASSED] - delay: Delayed 2 second(s)

2018-11-08 16:24:09 - [MESSAGE][PASSED] - Delayed 2 second(s)

2018-11-08 16:24:09 - [TEST_STEP][PASSED] - setText: Text 'test' is set on object 'Object Repository/Final Object Repo/Login Page/Internal User/Password'

2018-11-08 16:24:09 - [MESSAGE][PASSED] - Text 'test' is set on object 'Object Repository/Final Object Repo/Login Page/Internal User/Password'

2018-11-08 16:24:09 - [TEST_STEP][PASSED] - delay: Delayed 2 second(s)

2018-11-08 16:24:11 - [MESSAGE][PASSED] - Delayed 2 second(s)

2018-11-08 16:24:11 - [TEST_STEP][PASSED] - click: Object: 'Object Repository/Final Object Repo/Login Page/Internal User/Login Button' is clicked on

2018-11-08 16:24:15 - [MESSAGE][PASSED] - Object: 'Object Repository/Final Object Repo/Login Page/Internal User/Login Button' is clicked on

2018-11-08 16:24:15 - [TEST_STEP][PASSED] - Statement - Try: Delayed 2 second(s)

2018-11-08 16:24:15 - [TEST_STEP][PASSED] - Statement - Checker = false: null

2018-11-08 16:24:15 - [TEST_STEP][PASSED] - Statement - Checker = com.kms.katalon.core.webui.keyword.WebUiBuiltInKeywords.verifyElementHasAttribute(com.kms.katalon.core.testobject.ObjectRepository.findTestObject(Final Object Repo/Landing Page/BM Detecting), "href", 20, OPTIONAL): Object 'Object Repository/Final Object Repo/Landing Page/BM Detecting' has attribute 'href'

2018-11-08 16:24:15 - [MESSAGE][PASSED] - Object 'Object Repository/Final Object Repo/Landing Page/BM Detecting' has attribute 'href'

2018-11-08 16:24:15 - [TEST_STEP][PASSED] - Statement - out.println(Checker): null

2018-11-08 16:24:15 - [TEST_STEP][PASSED] - Statement - If (Checker == false): null

2018-11-08 16:24:15 - [TEST_STEP][PASSED] - Statement - Else: null

2018-11-08 16:24:15 - [TEST_STEP][PASSED] - delay: Delayed 2 second(s)

2018-11-08 16:24:17 - [MESSAGE][PASSED] - Delayed 2 second(s)

2018-11-08 16:24:17 - [TEST_STEP][PASSED] - delay: Delayed 3 second(s)

2018-11-08 16:24:20 - [MESSAGE][PASSED] - Delayed 3 second(s)

2018-11-08 16:24:20 - [TEST_STEP][PASSED] - mouseOver: Object: 'Object Repository/Final Object Repo/Landing Page/WorkFlow Menu' is hovered

2018-11-08 16:24:20 - [MESSAGE][PASSED] - Object: 'Object Repository/Final Object Repo/Landing Page/WorkFlow Menu' is hovered

2018-11-08 16:24:20 - [TEST_STEP][PASSED] - delay: Delayed 2 second(s)

2018-11-08 16:24:22 - [MESSAGE][PASSED] - Delayed 2 second(s)

2018-11-08 16:24:22 - [TEST_STEP][PASSED] - click: Object: 'Object Repository/Final Object Repo/Landing Page/Select to Workflow Listing' is clicked on

2018-11-08 16:24:24 - [MESSAGE][PASSED] - Object: 'Object Repository/Final Object Repo/Landing Page/Select to Workflow Listing' is clicked on

2018-11-08 16:24:24 - [TEST_STEP][PASSED] - delay: Delayed 2 second(s)

2018-11-08 16:24:26 - [MESSAGE][PASSED] - Delayed 2 second(s)

2018-11-08 16:24:26 - [TEST_STEP][PASSED] - click: Object: 'Object Repository/Final Object Repo/WorkFlow Listing Page/Search Information - To Put Ref No' is clicked on

2018-11-08 16:24:26 - [MESSAGE][PASSED] - Object: 'Object Repository/Final Object Repo/WorkFlow Listing Page/Search Information - To Put Ref No' is clicked on

2018-11-08 16:24:26 - [TEST_STEP][PASSED] - delay: Delayed 2 second(s)

2018-11-08 16:24:28 - [MESSAGE][PASSED] - Delayed 2 second(s)

2018-11-08 16:24:28 - [TEST_STEP][PASSED] - callTestCase: Call Test Case 'Test Cases/Final Aug 2018 - PKS Automation/Common/Reference Number Getter' successfully

2018-11-08 16:24:28 - [TEST_CASE][PASSED] - Test Cases/Final Aug 2018 - PKS Automation/Common/Reference Number Getter: Test Cases/Final Aug 2018 - PKS Automation/Common/Reference Number Getter

2018-11-08 16:24:28 - [TEST_STEP][PASSED] - Statement - Try: null

2018-11-08 16:24:28 - [TEST_STEP][PASSED] - Statement - RefNo = new java.io.File(C://KatalonReference.txt): null

2018-11-08 16:24:28 - [TEST_STEP][PASSED] - Statement - bufferread = new java.io.BufferedReader(new java.io.FileReader(RefNo)): null

2018-11-08 16:24:28 - [TEST_STEP][PASSED] - Statement - readedVal = bufferread.readLine(): null

2018-11-08 16:24:28 - [TEST_STEP][PASSED] - Statement - out.println(CaseReferenceNo): null

2018-11-08 16:24:28 - [TEST_STEP][PASSED] - Statement - out.println(readedVal): null

2018-11-08 16:24:28 - [TEST_STEP][PASSED] - Statement - CaseReferenceNo = readedVal: null

2018-11-08 16:24:28 - [MESSAGE][PASSED] - Call Test Case 'Test Cases/Final Aug 2018 - PKS Automation/Common/Reference Number Getter' successfully

2018-11-08 16:24:28 - [TEST_STEP][PASSED] - setText: Text 'CRN11201800122427' is set on object 'Object Repository/Final Object Repo/WorkFlow Listing Page/Ref No Set Text'

2018-11-08 16:24:28 - [MESSAGE][PASSED] - Text 'CRN11201800122427' is set on object 'Object Repository/Final Object Repo/WorkFlow Listing Page/Ref No Set Text'

2018-11-08 16:24:28 - [TEST_STEP][PASSED] - delay: Delayed 2 second(s)

2018-11-08 16:24:30 - [MESSAGE][PASSED] - Delayed 2 second(s)

2018-11-08 16:24:30 - [TEST_STEP][PASSED] - click: Object: 'Object Repository/Final Object Repo/WorkFlow Listing Page/Search Ref No Search Button' is clicked on

2018-11-08 16:24:33 - [MESSAGE][PASSED] - Object: 'Object Repository/Final Object Repo/WorkFlow Listing Page/Search Ref No Search Button' is clicked on

2018-11-08 16:24:33 - [TEST_STEP][PASSED] - delay: Delayed 4 second(s)

2018-11-08 16:24:37 - [MESSAGE][PASSED] - Delayed 4 second(s)

2018-11-08 16:24:37 - [TEST_STEP][PASSED] - click: Object: 'Object Repository/Final Object Repo/WorkFlow Listing Page/Click Continue Tooltip' is clicked on

2018-11-08 16:24:38 - [MESSAGE][PASSED] - Object: 'Object Repository/Final Object Repo/WorkFlow Listing Page/Click Continue Tooltip' is clicked on

2018-11-08 16:24:38 - [TEST_STEP][PASSED] - delay: Delayed 5 second(s)

2018-11-08 16:24:43 - [MESSAGE][PASSED] - Delayed 5 second(s)

2018-11-08 16:24:43 - [TEST_STEP][PASSED] - doubleClick: Object: 'Object Repository/Final Object Repo/WorkFlow Listing Page/Workflow Found - Listing 1' is double clicked on

2018-11-08 16:24:44 - [MESSAGE][PASSED] - Object: 'Object Repository/Final Object Repo/WorkFlow Listing Page/Workflow Found - Listing 1' is double clicked on

2018-11-08 16:24:44 - [TEST_STEP][PASSED] - Statement - println(OwnerID): null

2018-11-08 16:24:44 - [TEST_STEP][PASSED] - Statement - OwnerID = com.kms.katalon.core.webui.keyword.WebUiBuiltInKeywords.getText(com.kms.katalon.core.testobject.ObjectRepository.findTestObject(Final Object Repo/WorkFlow Listing Page/Workflow Found - Listing 1), STOP_ON_FAILURE): Text of object 'Object Repository/Final Object Repo/WorkFlow Listing Page/Workflow Found - Listing 1' is: 'JOHORro1'

2018-11-08 16:24:44 - [MESSAGE][PASSED] - Text of object 'Object Repository/Final Object Repo/WorkFlow Listing Page/Workflow Found - Listing 1' is: 'JOHORro1'

2018-11-08 16:24:44 - [TEST_STEP][PASSED] - Statement - OwnerID = OwnerID.toLowerCase() + "@gmail.com": null

2018-11-08 16:24:44 - [TEST_STEP][PASSED] - Statement - println(OwnerID): null

2018-11-08 16:24:44 - [TEST_STEP][PASSED] - delay: Delayed 2 second(s)

2018-11-08 16:24:46 - [MESSAGE][PASSED] - Delayed 2 second(s)

2018-11-08 16:24:46 - [MESSAGE][PASSED] - Call Test Case 'Test Cases/Final Aug 2018 - PKS Automation/Common/Workflow Owner Finder' successfully

2018-11-08 16:24:46 - [TEST_STEP][PASSED] - callTestCase: Call Test Case 'Test Cases/Final Aug 2018 - PKS Automation/Registration Module/Log Out/log out avoiding katalon tagging' successfully

2018-11-08 16:24:46 - [TEST_CASE][PASSED] - Test Cases/Final Aug 2018 - PKS Automation/Registration Module/Log Out/log out avoiding katalon tagging: Test Cases/Final Aug 2018 - PKS Automation/Registration Module/Log Out/log out avoiding katalon tagging

2018-11-08 16:24:46 - [TEST_STEP][PASSED] - navigateToUrl: Navigate to 'https://assist2-uat.perkeso.gov.my/c/portal/logout' successfully

2018-11-08 16:24:47 - [MESSAGE][PASSED] - Navigate to 'https://assist2-uat.perkeso.gov.my/c/portal/logout' successfully

2018-11-08 16:24:47 - [MESSAGE][PASSED] - Call Test Case 'Test Cases/Final Aug 2018 - PKS Automation/Registration Module/Log Out/log out avoiding katalon tagging' successfully

2018-11-08 16:24:47 - [TEST_STEP][PASSED] - delay: Delayed 2 second(s)

2018-11-08 16:24:49 - [MESSAGE][PASSED] - Delayed 2 second(s)

2018-11-08 16:24:49 - [TEST_STEP][PASSED] - setText: Text 'johorro1@gmail.com' is set on object 'Object Repository/Final Object Repo/New Registration - Registration Module Pages/New Reg - OTC to RO/Special Case - All Related Objects/Email TextBox'

2018-11-08 16:24:50 - [MESSAGE][PASSED] - Text 'johorro1@gmail.com' is set on object 'Object Repository/Final Object Repo/New Registration - Registration Module Pages/New Reg - OTC to RO/Special Case - All Related Objects/Email TextBox'

2018-11-08 16:24:50 - [TEST_STEP][PASSED] - click: Object: 'Object Repository/Final Object Repo/New Registration - Registration Module Pages/New Reg - OTC to RO/Special Case - All Related Objects/Next Button' is clicked on

2018-11-08 16:24:50 - [MESSAGE][PASSED] - Object: 'Object Repository/Final Object Repo/New Registration - Registration Module Pages/New Reg - OTC to RO/Special Case - All Related Objects/Next Button' is clicked on

2018-11-08 16:24:50 - [TEST_STEP][PASSED] - delay: Delayed 2 second(s)

2018-11-08 16:24:52 - [MESSAGE][PASSED] - Delayed 2 second(s)

2018-11-08 16:24:52 - [TEST_STEP][PASSED] - setText: Text 'Test1@3456789' is set on object 'Object Repository/Final Object Repo/New Registration - Registration Module Pages/New Reg - OTC to RO/Special Case - All Related Objects/Password TextBox'

2018-11-08 16:24:52 - [MESSAGE][PASSED] - Text 'Test1@3456789' is set on object 'Object Repository/Final Object Repo/New Registration - Registration Module Pages/New Reg - OTC to RO/Special Case - All Related Objects/Password TextBox'

2018-11-08 16:24:52 - [TEST_STEP][PASSED] - delay: Delayed 2 second(s)

2018-11-08 16:24:54 - [MESSAGE][PASSED] - Delayed 2 second(s)

2018-11-08 16:24:54 - [TEST_STEP][PASSED] - click: Object: 'Object Repository/Final Object Repo/New Registration - Registration Module Pages/New Reg - OTC to RO/Special Case - All Related Objects/Login Button' is clicked on

2018-11-08 16:24:57 - [MESSAGE][PASSED] - Object: 'Object Repository/Final Object Repo/New Registration - Registration Module Pages/New Reg - OTC to RO/Special Case - All Related Objects/Login Button' is clicked on

2018-11-08 16:24:57 - [TEST_STEP][PASSED] - delay: Delayed 2 second(s)

2018-11-08 16:24:59 - [MESSAGE][PASSED] - Delayed 2 second(s)

2018-11-08 16:24:59 - [TEST_STEP][PASSED] - Statement - Try: null

2018-11-08 16:24:59 - [TEST_STEP][PASSED] - Statement - Checker = com.kms.katalon.core.webui.keyword.WebUiBuiltInKeywords.verifyElementNotPresent("Final Object Repo/Landing Page/Select to English", 3): null

2018-11-08 16:24:59 - [TEST_STEP][PASSED] - Statement - Catch (Exception e): null

2018-11-08 16:24:59 - [TEST_STEP][PASSED] - Statement - e.printStackTrace(): null

2018-11-08 16:24:59 - [TEST_STEP][PASSED] - click: Object: 'Object Repository/Final Object Repo/New Registration - Registration Module Pages/New Reg - OTC to RO/Special Case - All Related Objects/Expand to Search' is clicked on

2018-11-08 16:24:59 - [MESSAGE][PASSED] - Object: 'Object Repository/Final Object Repo/New Registration - Registration Module Pages/New Reg - OTC to RO/Special Case - All Related Objects/Expand to Search' is clicked on

2018-11-08 16:24:59 - [TEST_STEP][PASSED] - setText: Text 'CRN11201800122427' is set on object 'Object Repository/Final Object Repo/New Registration - Registration Module Pages/New Reg - OTC to RO/Special Case - All Related Objects/TextBox RefNo in Workbasket'

2018-11-08 16:25:00 - [MESSAGE][PASSED] - Text 'CRN11201800122427' is set on object 'Object Repository/Final Object Repo/New Registration - Registration Module Pages/New Reg - OTC to RO/Special Case - All Related Objects/TextBox RefNo in Workbasket'

2018-11-08 16:25:00 - [TEST_STEP][PASSED] - delay: Delayed 2 second(s)

2018-11-08 16:25:02 - [MESSAGE][PASSED] - Delayed 2 second(s)

2018-11-08 16:25:02 - [TEST_STEP][PASSED] - click: Object: 'Object Repository/Final Object Repo/New Registration - Registration Module Pages/New Reg - OTC to RO/Special Case - All Related Objects/Click Search' is clicked on

2018-11-08 16:25:04 - [MESSAGE][PASSED] - Object: 'Object Repository/Final Object Repo/New Registration - Registration Module Pages/New Reg - OTC to RO/Special Case - All Related Objects/Click Search' is clicked on

2018-11-08 16:25:04 - [TEST_STEP][PASSED] - click: Object: 'Object Repository/Final Object Repo/New Registration - Registration Module Pages/New Reg - OTC to RO/Special Case - All Related Objects/Click to Continue Workflow' is clicked on

2018-11-08 16:25:09 - [MESSAGE][PASSED] - Object: 'Object Repository/Final Object Repo/New Registration - Registration Module Pages/New Reg - OTC to RO/Special Case - All Related Objects/Click to Continue Workflow' is clicked on

2018-11-08 16:25:09 - [TEST_STEP][PASSED] - delay: Delayed 2 second(s)

2018-11-08 16:25:11 - [MESSAGE][PASSED] - Delayed 2 second(s)

2018-11-08 16:25:11 - [TEST_STEP][PASSED] - click: Object: 'Object Repository/Final Object Repo/New Registration - Registration Module Pages/New Reg - OTC to RO/Special Case - All Related Objects/Continue Button in verifying case' is clicked on

2018-11-08 16:25:15 - [MESSAGE][PASSED] - Object: 'Object Repository/Final Object Repo/New Registration - Registration Module Pages/New Reg - OTC to RO/Special Case - All Related Objects/Continue Button in verifying case' is clicked on

2018-11-08 16:25:15 - [TEST_STEP][PASSED] - delay: Delayed 2 second(s)

2018-11-08 16:25:17 - [MESSAGE][PASSED] - Delayed 2 second(s)

2018-11-08 16:25:17 - [TEST_STEP][PASSED] - click: Object: 'Object Repository/Final Object Repo/New Registration - Registration Module Pages/Form 1/Registered As a Branch - Yes' is clicked on

2018-11-08 16:25:17 - [MESSAGE][PASSED] - Object: 'Object Repository/Final Object Repo/New Registration - Registration Module Pages/Form 1/Registered As a Branch - Yes' is clicked on

2018-11-08 16:25:17 - [TEST_STEP][PASSED] - delay: Delayed 2 second(s)

2018-11-08 16:25:19 - [MESSAGE][PASSED] - Delayed 2 second(s)

2018-11-08 16:25:19 - [TEST_STEP][PASSED] - click: Object: 'Object Repository/Final Object Repo/New Registration - Registration Module Pages/New Reg - OTC to RO/Special Case - All Related Objects/Form 1 Save n Continue' is clicked on

2018-11-08 16:25:19 - [MESSAGE][PASSED] - Object: 'Object Repository/Final Object Repo/New Registration - Registration Module Pages/New Reg - OTC to RO/Special Case - All Related Objects/Form 1 Save n Continue' is clicked on

2018-11-08 16:25:19 - [TEST_STEP][PASSED] - delay: Delayed 2 second(s)

2018-11-08 16:25:21 - [MESSAGE][PASSED] - Delayed 2 second(s)

2018-11-08 16:25:21 - [TEST_STEP][PASSED] - click: Object: 'Object Repository/Final Object Repo/New Registration - Registration Module Pages/New Reg - OTC to RO/Special Case - All Related Objects/Form 2 Save n Continue' is clicked on

2018-11-08 16:25:24 - [MESSAGE][PASSED] - Object: 'Object Repository/Final Object Repo/New Registration - Registration Module Pages/New Reg - OTC to RO/Special Case - All Related Objects/Form 2 Save n Continue' is clicked on

2018-11-08 16:25:24 - [TEST_STEP][PASSED] - delay: Delayed 2 second(s)

2018-11-08 16:25:26 - [MESSAGE][PASSED] - Delayed 2 second(s)

2018-11-08 16:25:26 - [TEST_STEP][PASSED] - click: Object: 'Object Repository/Final Object Repo/New Registration - Registration Module Pages/New Reg - OTC to RO/Special Case - All Related Objects/Third Screen Save n Continue' is clicked on

2018-11-08 16:25:32 - [MESSAGE][PASSED] - Object: 'Object Repository/Final Object Repo/New Registration - Registration Module Pages/New Reg - OTC to RO/Special Case - All Related Objects/Third Screen Save n Continue' is clicked on

2018-11-08 16:25:32 - [TEST_STEP][PASSED] - delay: Delayed 5 second(s)

2018-11-08 16:25:37 - [MESSAGE][PASSED] - Delayed 5 second(s)

2018-11-08 16:25:37 - [TEST_STEP][PASSED] - click: Object: 'Object Repository/Final Object Repo/New Registration - Registration Module Pages/New Reg - OTC to RO/Special Case - All Related Objects/Upload Doc Page Save n Continue' is clicked on

2018-11-08 16:25:38 - [MESSAGE][PASSED] - Object: 'Object Repository/Final Object Repo/New Registration - Registration Module Pages/New Reg - OTC to RO/Special Case - All Related Objects/Upload Doc Page Save n Continue' is clicked on

2018-11-08 16:25:38 - [TEST_STEP][PASSED] - callTestCase: Call Test Case 'Test Cases/Final Aug 2018 - PKS Automation/Registration Module/New Registration/Submit and Screenshot/Submit Registration and Screenshot' successfully

2018-11-08 16:25:38 - [TEST_CASE][PASSED] - Test Cases/Final Aug 2018 - PKS Automation/Registration Module/New Registration/Submit and Screenshot/Submit Registration and Screenshot: Test Cases/Final Aug 2018 - PKS Automation/Registration Module/New Registration/Submit and Screenshot/Submit Registration and Screenshot

2018-11-08 16:25:38 - [TEST_STEP][PASSED] - delay: Delayed 6 second(s)

2018-11-08 16:25:44 - [MESSAGE][PASSED] - Delayed 6 second(s)

2018-11-08 16:25:44 - [TEST_STEP][PASSED] - click: Object: 'Object Repository/Final Object Repo/New Registration - Registration Module Pages/Third Screen - Upload Supporting Doc- Preview/Preview Submit Button' is clicked on

2018-11-08 16:25:44 - [MESSAGE][PASSED] - Object: 'Object Repository/Final Object Repo/New Registration - Registration Module Pages/Third Screen - Upload Supporting Doc- Preview/Preview Submit Button' is clicked on

2018-11-08 16:25:44 - [TEST_STEP][PASSED] - delay: Delayed 2 second(s)

2018-11-08 16:25:46 - [MESSAGE][PASSED] - Delayed 2 second(s)

2018-11-08 16:25:46 - [TEST_STEP][PASSED] - click: Object: 'Object Repository/Final Object Repo/New Registration - Registration Module Pages/Third Screen - Upload Supporting Doc- Preview/Preview Submit - Confirm' is clicked on

2018-11-08 16:25:52 - [MESSAGE][PASSED] - Object: 'Object Repository/Final Object Repo/New Registration - Registration Module Pages/Third Screen - Upload Supporting Doc- Preview/Preview Submit - Confirm' is clicked on

2018-11-08 16:25:52 - [TEST_STEP][PASSED] - delay: Delayed 15 second(s)

2018-11-08 16:26:07 - [MESSAGE][PASSED] - Delayed 15 second(s)

2018-11-08 16:26:07 - [TEST_STEP][PASSED] - Statement - driver = com.kms.katalon.core.webui.driver.DriverFactory.getWebDriver(): null

2018-11-08 16:26:07 - [TEST_STEP][PASSED] - Statement - driver.manage().timeouts().implicitlyWait(10, SECONDS): null

2018-11-08 16:26:07 - [TEST_STEP][PASSED] - Statement - PresavePath = KatalonScreenshots: null

2018-11-08 16:26:07 - [TEST_STEP][PASSED] - Statement - pathPrefix = "C:\Users\Public\Pictures\Sample Pictures\Katalon Screenshots\Automate Ending Screen": null

2018-11-08 16:26:07 - [TEST_STEP][PASSED] - Statement - finalPath = <not implemented yet for class: org.codehaus.groovy.ast.expr.EmptyExpression>: null

2018-11-08 16:26:07 - [TEST_STEP][PASSED] - Statement - scrFile = driver.getScreenshotAs(FILE): null

2018-11-08 16:26:07 - [TEST_STEP][PASSED] - Statement - PreSaveFile = new java.io.File(PresavePath): null

2018-11-08 16:26:07 - [TEST_STEP][PASSED] - Statement - counter = 0: null

2018-11-08 16:26:07 - [TEST_STEP][PASSED] - Statement - If (PreSaveFile.exists()): null

2018-11-08 16:26:07 - [TEST_STEP][PASSED] - Statement - While (PreSaveFile.exists()): null

2018-11-08 16:26:07 - [TEST_STEP][PASSED] - Statement - counter = counter + 1: null

2018-11-08 16:26:07 - [TEST_STEP][PASSED] - Statement - PreSaveFile = new java.io.File(((pathPrefix + java.lang.Integer.toString(counter)) + .png)): null

2018-11-08 16:26:07 - [TEST_STEP][PASSED] - Statement - counter = counter + 1: null

2018-11-08 16:26:07 - [TEST_STEP][PASSED] - Statement - PreSaveFile = new java.io.File(((pathPrefix + java.lang.Integer.toString(counter)) + .png)): null

2018-11-08 16:26:07 - [TEST_STEP][PASSED] - Statement - counter = counter + 1: null

2018-11-08 16:26:07 - [TEST_STEP][PASSED] - Statement - PreSaveFile = new java.io.File(((pathPrefix + java.lang.Integer.toString(counter)) + .png)): null

2018-11-08 16:26:07 - [TEST_STEP][PASSED] - Statement - counter = counter + 1: null

2018-11-08 16:26:07 - [TEST_STEP][PASSED] - Statement - PreSaveFile = new java.io.File(((pathPrefix + java.lang.Integer.toString(counter)) + .png)): null

2018-11-08 16:26:07 - [TEST_STEP][PASSED] - Statement - counter = counter + 1: null

2018-11-08 16:26:07 - [TEST_STEP][PASSED] - Statement - PreSaveFile = new java.io.File(((pathPrefix + java.lang.Integer.toString(counter)) + .png)): null

2018-11-08 16:26:07 - [TEST_STEP][PASSED] - Statement - counter = counter + 1: null

2018-11-08 16:26:07 - [TEST_STEP][PASSED] - Statement - PreSaveFile = new java.io.File(((pathPrefix + java.lang.Integer.toString(counter)) + .png)): null

2018-11-08 16:26:07 - [TEST_STEP][PASSED] - Statement - counter = counter + 1: null

2018-11-08 16:26:07 - [TEST_STEP][PASSED] - Statement - PreSaveFile = new java.io.File(((pathPrefix + java.lang.Integer.toString(counter)) + .png)): null

2018-11-08 16:26:07 - [TEST_STEP][PASSED] - Statement - counter = counter + 1: null

2018-11-08 16:26:07 - [TEST_STEP][PASSED] - Statement - PreSaveFile = new java.io.File(((pathPrefix + java.lang.Integer.toString(counter)) + .png)): null

2018-11-08 16:26:07 - [TEST_STEP][PASSED] - Statement - counter = counter + 1: null

2018-11-08 16:26:07 - [TEST_STEP][PASSED] - Statement - PreSaveFile = new java.io.File(((pathPrefix + java.lang.Integer.toString(counter)) + .png)): null

2018-11-08 16:26:07 - [TEST_STEP][PASSED] - Statement - counter = counter + 1: null

2018-11-08 16:26:07 - [TEST_STEP][PASSED] - Statement - PreSaveFile = new java.io.File(((pathPrefix + java.lang.Integer.toString(counter)) + .png)): null

2018-11-08 16:26:07 - [TEST_STEP][PASSED] - Statement - counter = counter + 1: null

2018-11-08 16:26:07 - [TEST_STEP][PASSED] - Statement - PreSaveFile = new java.io.File(((pathPrefix + java.lang.Integer.toString(counter)) + .png)): null

2018-11-08 16:26:07 - [TEST_STEP][PASSED] - Statement - counter = counter + 1: null

2018-11-08 16:26:07 - [TEST_STEP][PASSED] - Statement - PreSaveFile = new java.io.File(((pathPrefix + java.lang.Integer.toString(counter)) + .png)): null

2018-11-08 16:26:07 - [TEST_STEP][PASSED] - Statement - counter = counter + 1: null

2018-11-08 16:26:07 - [TEST_STEP][PASSED] - Statement - PreSaveFile = new java.io.File(((pathPrefix + java.lang.Integer.toString(counter)) + .png)): null

2018-11-08 16:26:07 - [TEST_STEP][PASSED] - Statement - counter = counter + 1: null

2018-11-08 16:26:07 - [TEST_STEP][PASSED] - Statement - PreSaveFile = new java.io.File(((pathPrefix + java.lang.Integer.toString(counter)) + .png)): null

2018-11-08 16:26:07 - [TEST_STEP][PASSED] - Statement - counter = counter + 1: null

2018-11-08 16:26:07 - [TEST_STEP][PASSED] - Statement - PreSaveFile = new java.io.File(((pathPrefix + java.lang.Integer.toString(counter)) + .png)): null

2018-11-08 16:26:07 - [TEST_STEP][PASSED] - Statement - counter = counter + 1: null

2018-11-08 16:26:07 - [TEST_STEP][PASSED] - Statement - PreSaveFile = new java.io.File(((pathPrefix + java.lang.Integer.toString(counter)) + .png)): null

2018-11-08 16:26:07 - [TEST_STEP][PASSED] - Statement - counter = counter + 1: null

2018-11-08 16:26:07 - [TEST_STEP][PASSED] - Statement - PreSaveFile = new java.io.File(((pathPrefix + java.lang.Integer.toString(counter)) + .png)): null

2018-11-08 16:26:07 - [TEST_STEP][PASSED] - Statement - counter = counter + 1: null

2018-11-08 16:26:07 - [TEST_STEP][PASSED] - Statement - PreSaveFile = new java.io.File(((pathPrefix + java.lang.Integer.toString(counter)) + .png)): null

2018-11-08 16:26:07 - [TEST_STEP][PASSED] - Statement - counter = counter + 1: null

2018-11-08 16:26:07 - [TEST_STEP][PASSED] - Statement - PreSaveFile = new java.io.File(((pathPrefix + java.lang.Integer.toString(counter)) + .png)): null

2018-11-08 16:26:07 - [TEST_STEP][PASSED] - Statement - counter = counter + 1: null

2018-11-08 16:26:07 - [TEST_STEP][PASSED] - Statement - PreSaveFile = new java.io.File(((pathPrefix + java.lang.Integer.toString(counter)) + .png)): null

2018-11-08 16:26:07 - [TEST_STEP][PASSED] - Statement - counter = counter + 1: null

2018-11-08 16:26:07 - [TEST_STEP][PASSED] - Statement - PreSaveFile = new java.io.File(((pathPrefix + java.lang.Integer.toString(counter)) + .png)): null

2018-11-08 16:26:07 - [TEST_STEP][PASSED] - Statement - counter = counter + 1: null

2018-11-08 16:26:07 - [TEST_STEP][PASSED] - Statement - PreSaveFile = new java.io.File(((pathPrefix + java.lang.Integer.toString(counter)) + .png)): null

2018-11-08 16:26:07 - [TEST_STEP][PASSED] - Statement - counter = counter + 1: null

2018-11-08 16:26:07 - [TEST_STEP][PASSED] - Statement - PreSaveFile = new java.io.File(((pathPrefix + java.lang.Integer.toString(counter)) + .png)): null

2018-11-08 16:26:07 - [TEST_STEP][PASSED] - Statement - counter = counter + 1: null

2018-11-08 16:26:07 - [TEST_STEP][PASSED] - Statement - PreSaveFile = new java.io.File(((pathPrefix + java.lang.Integer.toString(counter)) + .png)): null

2018-11-08 16:26:07 - [TEST_STEP][PASSED] - Statement - counter = counter + 1: null

2018-11-08 16:26:07 - [TEST_STEP][PASSED] - Statement - PreSaveFile = new java.io.File(((pathPrefix + java.lang.Integer.toString(counter)) + .png)): null

2018-11-08 16:26:07 - [TEST_STEP][PASSED] - Statement - counter = counter + 1: null

2018-11-08 16:26:07 - [TEST_STEP][PASSED] - Statement - PreSaveFile = new java.io.File(((pathPrefix + java.lang.Integer.toString(counter)) + .png)): null

2018-11-08 16:26:07 - [TEST_STEP][PASSED] - Statement - counter = counter + 1: null

2018-11-08 16:26:07 - [TEST_STEP][PASSED] - Statement - PreSaveFile = new java.io.File(((pathPrefix + java.lang.Integer.toString(counter)) + .png)): null

2018-11-08 16:26:07 - [TEST_STEP][PASSED] - Statement - counter = counter + 1: null

2018-11-08 16:26:07 - [TEST_STEP][PASSED] - Statement - PreSaveFile = new java.io.File(((pathPrefix + java.lang.Integer.toString(counter)) + .png)): null

2018-11-08 16:26:07 - [TEST_STEP][PASSED] - Statement - counter = counter + 1: null

2018-11-08 16:26:08 - [TEST_STEP][PASSED] - Statement - PreSaveFile = new java.io.File(((pathPrefix + java.lang.Integer.toString(counter)) + .png)): null

2018-11-08 16:26:08 - [TEST_STEP][PASSED] - Statement - counter = counter + 1: null

2018-11-08 16:26:08 - [TEST_STEP][PASSED] - Statement - PreSaveFile = new java.io.File(((pathPrefix + java.lang.Integer.toString(counter)) + .png)): null

2018-11-08 16:26:08 - [TEST_STEP][PASSED] - Statement - counter = counter + 1: null

2018-11-08 16:26:08 - [TEST_STEP][PASSED] - Statement - PreSaveFile = new java.io.File(((pathPrefix + java.lang.Integer.toString(counter)) + .png)): null

2018-11-08 16:26:08 - [TEST_STEP][PASSED] - Statement - counter = counter + 1: null

2018-11-08 16:26:08 - [TEST_STEP][PASSED] - Statement - PreSaveFile = new java.io.File(((pathPrefix + java.lang.Integer.toString(counter)) + .png)): null

2018-11-08 16:26:08 - [TEST_STEP][PASSED] - Statement - counter = counter + 1: null

2018-11-08 16:26:08 - [TEST_STEP][PASSED] - Statement - PreSaveFile = new java.io.File(((pathPrefix + java.lang.Integer.toString(counter)) + .png)): null

2018-11-08 16:26:08 - [TEST_STEP][PASSED] - Statement - counter = counter + 1: null

2018-11-08 16:26:09 - [TEST_STEP][PASSED] - Statement - PreSaveFile = new java.io.File(((pathPrefix + java.lang.Integer.toString(counter)) + .png)): null

2018-11-08 16:26:09 - [TEST_STEP][PASSED] - Statement - counter = counter + 1: null

2018-11-08 16:26:09 - [TEST_STEP][PASSED] - Statement - PreSaveFile = new java.io.File(((pathPrefix + java.lang.Integer.toString(counter)) + .png)): null

2018-11-08 16:26:09 - [TEST_STEP][PASSED] - Statement - counter = counter + 1: null

2018-11-08 16:26:09 - [TEST_STEP][PASSED] - Statement - PreSaveFile = new java.io.File(((pathPrefix + java.lang.Integer.toString(counter)) + .png)): null

2018-11-08 16:26:09 - [TEST_STEP][PASSED] - Statement - counter = counter + 1: null

2018-11-08 16:26:09 - [TEST_STEP][PASSED] - Statement - PreSaveFile = new java.io.File(((pathPrefix + java.lang.Integer.toString(counter)) + .png)): null

2018-11-08 16:26:09 - [TEST_STEP][PASSED] - Statement - counter = counter + 1: null

2018-11-08 16:26:09 - [TEST_STEP][PASSED] - Statement - PreSaveFile = new java.io.File(((pathPrefix + java.lang.Integer.toString(counter)) + .png)): null

2018-11-08 16:26:09 - [TEST_STEP][PASSED] - Statement - counter = counter + 1: null

2018-11-08 16:26:09 - [TEST_STEP][PASSED] - Statement - PreSaveFile = new java.io.File(((pathPrefix + java.lang.Integer.toString(counter)) + .png)): null

2018-11-08 16:26:09 - [TEST_STEP][PASSED] - Statement - counter = counter + 1: null

2018-11-08 16:26:09 - [TEST_STEP][PASSED] - Statement - PreSaveFile = new java.io.File(((pathPrefix + java.lang.Integer.toString(counter)) + .png)): null

2018-11-08 16:26:09 - [TEST_STEP][PASSED] - Statement - counter = counter + 1: null

2018-11-08 16:26:10 - [TEST_STEP][PASSED] - Statement - PreSaveFile = new java.io.File(((pathPrefix + java.lang.Integer.toString(counter)) + .png)): null

2018-11-08 16:26:10 - [TEST_STEP][PASSED] - Statement - counter = counter + 1: null

2018-11-08 16:26:10 - [TEST_STEP][PASSED] - Statement - PreSaveFile = new java.io.File(((pathPrefix + java.lang.Integer.toString(counter)) + .png)): null

2018-11-08 16:26:10 - [TEST_STEP][PASSED] - Statement - counter = counter + 1: null

2018-11-08 16:26:10 - [TEST_STEP][PASSED] - Statement - PreSaveFile = new java.io.File(((pathPrefix + java.lang.Integer.toString(counter)) + .png)): null

2018-11-08 16:26:10 - [TEST_STEP][PASSED] - Statement - counter = counter + 1: null

2018-11-08 16:26:10 - [TEST_STEP][PASSED] - Statement - PreSaveFile = new java.io.File(((pathPrefix + java.lang.Integer.toString(counter)) + .png)): null

2018-11-08 16:26:10 - [TEST_STEP][PASSED] - Statement - counter = counter + 1: null

2018-11-08 16:26:10 - [TEST_STEP][PASSED] - Statement - PreSaveFile = new java.io.File(((pathPrefix + java.lang.Integer.toString(counter)) + .png)): null

2018-11-08 16:26:10 - [TEST_STEP][PASSED] - Statement - counter = counter + 1: null

2018-11-08 16:26:10 - [TEST_STEP][PASSED] - Statement - PreSaveFile = new java.io.File(((pathPrefix + java.lang.Integer.toString(counter)) + .png)): null

2018-11-08 16:26:10 - [TEST_STEP][PASSED] - Statement - counter = counter + 1: null

2018-11-08 16:26:10 - [TEST_STEP][PASSED] - Statement - PreSaveFile = new java.io.File(((pathPrefix + java.lang.Integer.toString(counter)) + .png)): null

2018-11-08 16:26:10 - [TEST_STEP][PASSED] - Statement - counter = counter + 1: null

2018-11-08 16:26:10 - [TEST_STEP][PASSED] - Statement - PreSaveFile = new java.io.File(((pathPrefix + java.lang.Integer.toString(counter)) + .png)): null

2018-11-08 16:26:10 - [TEST_STEP][PASSED] - Statement - counter = counter + 1: null

2018-11-08 16:26:10 - [TEST_STEP][PASSED] - Statement - PreSaveFile = new java.io.File(((pathPrefix + java.lang.Integer.toString(counter)) + .png)): null

2018-11-08 16:26:10 - [TEST_STEP][PASSED] - Statement - counter = counter + 1: null

2018-11-08 16:26:10 - [TEST_STEP][PASSED] - Statement - PreSaveFile = new java.io.File(((pathPrefix + java.lang.Integer.toString(counter)) + .png)): null

2018-11-08 16:26:10 - [TEST_STEP][PASSED] - Statement - counter = counter + 1: null

2018-11-08 16:26:10 - [TEST_STEP][PASSED] - Statement - PreSaveFile = new java.io.File(((pathPrefix + java.lang.Integer.toString(counter)) + .png)): null

2018-11-08 16:26:10 - [TEST_STEP][PASSED] - Statement - counter = counter + 1: null

2018-11-08 16:26:10 - [TEST_STEP][PASSED] - Statement - PreSaveFile = new java.io.File(((pathPrefix + java.lang.Integer.toString(counter)) + .png)): null

2018-11-08 16:26:10 - [TEST_STEP][PASSED] - Statement - counter = counter + 1: null

2018-11-08 16:26:11 - [TEST_STEP][PASSED] - Statement - PreSaveFile = new java.io.File(((pathPrefix + java.lang.Integer.toString(counter)) + .png)): null

2018-11-08 16:26:11 - [TEST_STEP][PASSED] - Statement - counter = counter + 1: null

2018-11-08 16:26:11 - [TEST_STEP][PASSED] - Statement - PreSaveFile = new java.io.File(((pathPrefix + java.lang.Integer.toString(counter)) + .png)): null

2018-11-08 16:26:11 - [TEST_STEP][PASSED] - Statement - counter = counter + 1: null

2018-11-08 16:26:11 - [TEST_STEP][PASSED] - Statement - PreSaveFile = new java.io.File(((pathPrefix + java.lang.Integer.toString(counter)) + .png)): null

2018-11-08 16:26:11 - [TEST_STEP][PASSED] - Statement - counter = counter + 1: null

2018-11-08 16:26:11 - [TEST_STEP][PASSED] - Statement - PreSaveFile = new java.io.File(((pathPrefix + java.lang.Integer.toString(counter)) + .png)): null

2018-11-08 16:26:11 - [TEST_STEP][PASSED] - Statement - counter = counter + 1: null

2018-11-08 16:26:11 - [TEST_STEP][PASSED] - Statement - PreSaveFile = new java.io.File(((pathPrefix + java.lang.Integer.toString(counter)) + .png)): null

2018-11-08 16:26:11 - [TEST_STEP][PASSED] - Statement - counter = counter + 1: null

2018-11-08 16:26:12 - [TEST_STEP][PASSED] - Statement - PreSaveFile = new java.io.File(((pathPrefix + java.lang.Integer.toString(counter)) + .png)): null

2018-11-08 16:26:12 - [TEST_STEP][PASSED] - Statement - counter = counter + 1: null

2018-11-08 16:26:12 - [TEST_STEP][PASSED] - Statement - PreSaveFile = new java.io.File(((pathPrefix + java.lang.Integer.toString(counter)) + .png)): null

2018-11-08 16:26:12 - [TEST_STEP][PASSED] - Statement - counter = counter + 1: null

2018-11-08 16:26:12 - [TEST_STEP][PASSED] - Statement - PreSaveFile = new java.io.File(((pathPrefix + java.lang.Integer.toString(counter)) + .png)): null

2018-11-08 16:26:12 - [TEST_STEP][PASSED] - Statement - counter = counter + 1: null

2018-11-08 16:26:12 - [TEST_STEP][PASSED] - Statement - PreSaveFile = new java.io.File(((pathPrefix + java.lang.Integer.toString(counter)) + .png)): null

2018-11-08 16:26:12 - [TEST_STEP][PASSED] - Statement - counter = counter + 1: null

2018-11-08 16:26:12 - [TEST_STEP][PASSED] - Statement - PreSaveFile = new java.io.File(((pathPrefix + java.lang.Integer.toString(counter)) + .png)): null

2018-11-08 16:26:13 - [TEST_STEP][PASSED] - Statement - counter = counter + 1: null

2018-11-08 16:26:13 - [TEST_STEP][PASSED] - Statement - PreSaveFile = new java.io.File(((pathPrefix + java.lang.Integer.toString(counter)) + .png)): null

2018-11-08 16:26:13 - [TEST_STEP][PASSED] - Statement - counter = counter + 1: null

2018-11-08 16:26:13 - [TEST_STEP][PASSED] - Statement - PreSaveFile = new java.io.File(((pathPrefix + java.lang.Integer.toString(counter)) + .png)): null

2018-11-08 16:26:13 - [TEST_STEP][PASSED] - Statement - counter = counter + 1: null

2018-11-08 16:26:13 - [TEST_STEP][PASSED] - Statement - PreSaveFile = new java.io.File(((pathPrefix + java.lang.Integer.toString(counter)) + .png)): null

2018-11-08 16:26:13 - [TEST_STEP][PASSED] - Statement - counter = counter + 1: null

2018-11-08 16:26:13 - [TEST_STEP][PASSED] - Statement - PreSaveFile = new java.io.File(((pathPrefix + java.lang.Integer.toString(counter)) + .png)): null

2018-11-08 16:26:13 - [TEST_STEP][PASSED] - Statement - counter = counter + 1: null

2018-11-08 16:26:13 - [TEST_STEP][PASSED] - Statement - PreSaveFile = new java.io.File(((pathPrefix + java.lang.Integer.toString(counter)) + .png)): null

2018-11-08 16:26:13 - [TEST_STEP][PASSED] - Statement - counter = counter + 1: null

2018-11-08 16:26:13 - [TEST_STEP][PASSED] - Statement - PreSaveFile = new java.io.File(((pathPrefix + java.lang.Integer.toString(counter)) + .png)): null

2018-11-08 16:26:13 - [TEST_STEP][PASSED] - Statement - counter = counter + 1: null

2018-11-08 16:26:13 - [TEST_STEP][PASSED] - Statement - PreSaveFile = new java.io.File(((pathPrefix + java.lang.Integer.toString(counter)) + .png)): null

2018-11-08 16:26:14 - [TEST_STEP][PASSED] - Statement - counter = counter + 1: null

2018-11-08 16:26:14 - [TEST_STEP][PASSED] - Statement - PreSaveFile = new java.io.File(((pathPrefix + java.lang.Integer.toString(counter)) + .png)): null

2018-11-08 16:26:14 - [TEST_STEP][PASSED] - Statement - counter = counter + 1: null

2018-11-08 16:26:14 - [TEST_STEP][PASSED] - Statement - PreSaveFile = new java.io.File(((pathPrefix + java.lang.Integer.toString(counter)) + .png)): null

2018-11-08 16:26:14 - [TEST_STEP][PASSED] - Statement - counter = counter + 1: null

2018-11-08 16:26:14 - [TEST_STEP][PASSED] - Statement - PreSaveFile = new java.io.File(((pathPrefix + java.lang.Integer.toString(counter)) + .png)): null

2018-11-08 16:26:14 - [TEST_STEP][PASSED] - Statement - counter = counter + 1: null

2018-11-08 16:26:14 - [TEST_STEP][PASSED] - Statement - PreSaveFile = new java.io.File(((pathPrefix + java.lang.Integer.toString(counter)) + .png)): null

2018-11-08 16:26:14 - [TEST_STEP][PASSED] - Statement - counter = counter + 1: null

2018-11-08 16:26:15 - [TEST_STEP][PASSED] - Statement - PreSaveFile = new java.io.File(((pathPrefix + java.lang.Integer.toString(counter)) + .png)): null

2018-11-08 16:26:15 - [TEST_STEP][PASSED] - Statement - counter = counter + 1: null

2018-11-08 16:26:15 - [TEST_STEP][PASSED] - Statement - PreSaveFile = new java.io.File(((pathPrefix + java.lang.Integer.toString(counter)) + .png)): null

2018-11-08 16:26:15 - [TEST_STEP][PASSED] - Statement - counter = counter + 1: null

2018-11-08 16:26:15 - [TEST_STEP][PASSED] - Statement - PreSaveFile = new java.io.File(((pathPrefix + java.lang.Integer.toString(counter)) + .png)): null

2018-11-08 16:26:15 - [TEST_STEP][PASSED] - Statement - counter = counter + 1: null

2018-11-08 16:26:15 - [TEST_STEP][PASSED] - Statement - PreSaveFile = new java.io.File(((pathPrefix + java.lang.Integer.toString(counter)) + .png)): null

2018-11-08 16:26:15 - [TEST_STEP][PASSED] - Statement - counter = counter + 1: null

2018-11-08 16:26:15 - [TEST_STEP][PASSED] - Statement - PreSaveFile = new java.io.File(((pathPrefix + java.lang.Integer.toString(counter)) + .png)): null

2018-11-08 16:26:15 - [TEST_STEP][PASSED] - Statement - counter = counter + 1: null

2018-11-08 16:26:16 - [TEST_STEP][PASSED] - Statement - PreSaveFile = new java.io.File(((pathPrefix + java.lang.Integer.toString(counter)) + .png)): null

2018-11-08 16:26:16 - [TEST_STEP][PASSED] - Statement - counter = counter + 1: null

2018-11-08 16:26:16 - [TEST_STEP][PASSED] - Statement - PreSaveFile = new java.io.File(((pathPrefix + java.lang.Integer.toString(counter)) + .png)): null

2018-11-08 16:26:16 - [TEST_STEP][PASSED] - Statement - counter = counter + 1: null

2018-11-08 16:26:16 - [TEST_STEP][PASSED] - Statement - PreSaveFile = new java.io.File(((pathPrefix + java.lang.Integer.toString(counter)) + .png)): null

2018-11-08 16:26:16 - [TEST_STEP][PASSED] - Statement - counter = counter + 1: null

2018-11-08 16:26:16 - [TEST_STEP][PASSED] - Statement - PreSaveFile = new java.io.File(((pathPrefix + java.lang.Integer.toString(counter)) + .png)): null

2018-11-08 16:26:16 - [TEST_STEP][PASSED] - Statement - counter = counter + 1: null

2018-11-08 16:26:16 - [TEST_STEP][PASSED] - Statement - PreSaveFile = new java.io.File(((pathPrefix + java.lang.Integer.toString(counter)) + .png)): null

2018-11-08 16:26:16 - [TEST_STEP][PASSED] - Statement - counter = counter + 1: null

2018-11-08 16:26:16 - [TEST_STEP][PASSED] - Statement - PreSaveFile = new java.io.File(((pathPrefix + java.lang.Integer.toString(counter)) + .png)): null

2018-11-08 16:26:16 - [TEST_STEP][PASSED] - Statement - counter = counter + 1: null

2018-11-08 16:26:16 - [TEST_STEP][PASSED] - Statement - PreSaveFile = new java.io.File(((pathPrefix + java.lang.Integer.toString(counter)) + .png)): null

2018-11-08 16:26:16 - [TEST_STEP][PASSED] - Statement - counter = counter + 1: null

2018-11-08 16:26:16 - [TEST_STEP][PASSED] - Statement - PreSaveFile = new java.io.File(((pathPrefix + java.lang.Integer.toString(counter)) + .png)): null

2018-11-08 16:26:16 - [TEST_STEP][PASSED] - Statement - counter = counter + 1: null

2018-11-08 16:26:16 - [TEST_STEP][PASSED] - Statement - PreSaveFile = new java.io.File(((pathPrefix + java.lang.Integer.toString(counter)) + .png)): null

2018-11-08 16:26:16 - [TEST_STEP][PASSED] - Statement - counter = counter + 1: null

2018-11-08 16:26:16 - [TEST_STEP][PASSED] - Statement - PreSaveFile = new java.io.File(((pathPrefix + java.lang.Integer.toString(counter)) + .png)): null

2018-11-08 16:26:16 - [TEST_STEP][PASSED] - Statement - counter = counter + 1: null

2018-11-08 16:26:16 - [TEST_STEP][PASSED] - Statement - PreSaveFile = new java.io.File(((pathPrefix + java.lang.Integer.toString(counter)) + .png)): null

2018-11-08 16:26:16 - [TEST_STEP][PASSED] - Statement - counter = counter + 1: null

2018-11-08 16:26:16 - [TEST_STEP][PASSED] - Statement - PreSaveFile = new java.io.File(((pathPrefix + java.lang.Integer.toString(counter)) + .png)): null

2018-11-08 16:26:16 - [TEST_STEP][PASSED] - Statement - counter = counter + 1: null

2018-11-08 16:26:16 - [TEST_STEP][PASSED] - Statement - PreSaveFile = new java.io.File(((pathPrefix + java.lang.Integer.toString(counter)) + .png)): null

2018-11-08 16:26:16 - [TEST_STEP][PASSED] - Statement - counter = counter + 1: null

2018-11-08 16:26:17 - [TEST_STEP][PASSED] - Statement - PreSaveFile = new java.io.File(((pathPrefix + java.lang.Integer.toString(counter)) + .png)): null

2018-11-08 16:26:17 - [TEST_STEP][PASSED] - Statement - counter = counter + 1: null

2018-11-08 16:26:17 - [TEST_STEP][PASSED] - Statement - PreSaveFile = new java.io.File(((pathPrefix + java.lang.Integer.toString(counter)) + .png)): null

2018-11-08 16:26:17 - [TEST_STEP][PASSED] - Statement - counter = counter + 1: null

2018-11-08 16:26:17 - [TEST_STEP][PASSED] - Statement - PreSaveFile = new java.io.File(((pathPrefix + java.lang.Integer.toString(counter)) + .png)): null

2018-11-08 16:26:17 - [TEST_STEP][PASSED] - Statement - counter = counter + 1: null

2018-11-08 16:26:17 - [TEST_STEP][PASSED] - Statement - PreSaveFile = new java.io.File(((pathPrefix + java.lang.Integer.toString(counter)) + .png)): null

2018-11-08 16:26:17 - [TEST_STEP][PASSED] - Statement - counter = counter + 1: null

2018-11-08 16:26:17 - [TEST_STEP][PASSED] - Statement - PreSaveFile = new java.io.File(((pathPrefix + java.lang.Integer.toString(counter)) + .png)): null

2018-11-08 16:26:17 - [TEST_STEP][PASSED] - Statement - counter = counter + 1: null

2018-11-08 16:26:18 - [TEST_STEP][PASSED] - Statement - PreSaveFile = new java.io.File(((pathPrefix + java.lang.Integer.toString(counter)) + .png)): null

2018-11-08 16:26:18 - [TEST_STEP][PASSED] - Statement - counter = counter + 1: null

2018-11-08 16:26:18 - [TEST_STEP][PASSED] - Statement - PreSaveFile = new java.io.File(((pathPrefix + java.lang.Integer.toString(counter)) + .png)): null

2018-11-08 16:26:18 - [TEST_STEP][PASSED] - Statement - counter = counter + 1: null

2018-11-08 16:26:18 - [TEST_STEP][PASSED] - Statement - PreSaveFile = new java.io.File(((pathPrefix + java.lang.Integer.toString(counter)) + .png)): null

2018-11-08 16:26:18 - [TEST_STEP][PASSED] - Statement - counter = counter + 1: null

2018-11-08 16:26:18 - [TEST_STEP][PASSED] - Statement - PreSaveFile = new java.io.File(((pathPrefix + java.lang.Integer.toString(counter)) + .png)): null

2018-11-08 16:26:18 - [TEST_STEP][PASSED] - Statement - counter = counter + 1: null

2018-11-08 16:26:18 - [TEST_STEP][PASSED] - Statement - PreSaveFile = new java.io.File(((pathPrefix + java.lang.Integer.toString(counter)) + .png)): null

2018-11-08 16:26:19 - [TEST_STEP][PASSED] - Statement - counter = counter + 1: null

2018-11-08 16:26:19 - [TEST_STEP][PASSED] - Statement - PreSaveFile = new java.io.File(((pathPrefix + java.lang.Integer.toString(counter)) + .png)): null

2018-11-08 16:26:19 - [TEST_STEP][PASSED] - Statement - counter = counter + 1: null

2018-11-08 16:26:19 - [TEST_STEP][PASSED] - Statement - PreSaveFile = new java.io.File(((pathPrefix + java.lang.Integer.toString(counter)) + .png)): null

2018-11-08 16:26:19 - [TEST_STEP][PASSED] - Statement - counter = counter + 1: null

2018-11-08 16:26:19 - [TEST_STEP][PASSED] - Statement - PreSaveFile = new java.io.File(((pathPrefix + java.lang.Integer.toString(counter)) + .png)): null

2018-11-08 16:26:19 - [TEST_STEP][PASSED] - Statement - counter = counter + 1: null

2018-11-08 16:26:19 - [TEST_STEP][PASSED] - Statement - PreSaveFile = new java.io.File(((pathPrefix + java.lang.Integer.toString(counter)) + .png)): null

2018-11-08 16:26:19 - [TEST_STEP][PASSED] - Statement - counter = counter + 1: null

2018-11-08 16:26:19 - [TEST_STEP][PASSED] - Statement - PreSaveFile = new java.io.File(((pathPrefix + java.lang.Integer.toString(counter)) + .png)): null

2018-11-08 16:26:19 - [TEST_STEP][PASSED] - Statement - counter = counter + 1: null

2018-11-08 16:26:19 - [TEST_STEP][PASSED] - Statement - PreSaveFile = new java.io.File(((pathPrefix + java.lang.Integer.toString(counter)) + .png)): null

2018-11-08 16:26:19 - [TEST_STEP][PASSED] - Statement - counter = counter + 1: null

2018-11-08 16:26:20 - [TEST_STEP][PASSED] - Statement - PreSaveFile = new java.io.File(((pathPrefix + java.lang.Integer.toString(counter)) + .png)): null

2018-11-08 16:26:20 - [TEST_STEP][PASSED] - Statement - counter = counter + 1: null

2018-11-08 16:26:20 - [TEST_STEP][PASSED] - Statement - PreSaveFile = new java.io.File(((pathPrefix + java.lang.Integer.toString(counter)) + .png)): null

2018-11-08 16:26:20 - [TEST_STEP][PASSED] - Statement - counter = counter + 1: null

2018-11-08 16:26:20 - [TEST_STEP][PASSED] - Statement - PreSaveFile = new java.io.File(((pathPrefix + java.lang.Integer.toString(counter)) + .png)): null

2018-11-08 16:26:20 - [TEST_STEP][PASSED] - Statement - counter = counter + 1: null

2018-11-08 16:26:20 - [TEST_STEP][PASSED] - Statement - PreSaveFile = new java.io.File(((pathPrefix + java.lang.Integer.toString(counter)) + .png)): null

2018-11-08 16:26:20 - [TEST_STEP][PASSED] - Statement - counter = counter + 1: null

2018-11-08 16:26:20 - [TEST_STEP][PASSED] - Statement - PreSaveFile = new java.io.File(((pathPrefix + java.lang.Integer.toString(counter)) + .png)): null

2018-11-08 16:26:20 - [TEST_STEP][PASSED] - Statement - counter = counter + 1: null

2018-11-08 16:26:21 - [TEST_STEP][PASSED] - Statement - PreSaveFile = new java.io.File(((pathPrefix + java.lang.Integer.toString(counter)) + .png)): null

2018-11-08 16:26:21 - [TEST_STEP][PASSED] - Statement - counter = counter + 1: null

2018-11-08 16:26:21 - [TEST_STEP][PASSED] - Statement - PreSaveFile = new java.io.File(((pathPrefix + java.lang.Integer.toString(counter)) + .png)): null

2018-11-08 16:26:21 - [TEST_STEP][PASSED] - Statement - counter = counter + 1: null

2018-11-08 16:26:21 - [TEST_STEP][PASSED] - Statement - PreSaveFile = new java.io.File(((pathPrefix + java.lang.Integer.toString(counter)) + .png)): null

2018-11-08 16:26:21 - [TEST_STEP][PASSED] - Statement - counter = counter + 1: null

2018-11-08 16:26:21 - [TEST_STEP][PASSED] - Statement - PreSaveFile = new java.io.File(((pathPrefix + java.lang.Integer.toString(counter)) + .png)): null

2018-11-08 16:26:21 - [TEST_STEP][PASSED] - Statement - counter = counter + 1: null

2018-11-08 16:26:21 - [TEST_STEP][PASSED] - Statement - PreSaveFile = new java.io.File(((pathPrefix + java.lang.Integer.toString(counter)) + .png)): null

2018-11-08 16:26:21 - [TEST_STEP][PASSED] - Statement - counter = counter + 1: null

2018-11-08 16:26:22 - [TEST_STEP][PASSED] - Statement - PreSaveFile = new java.io.File(((pathPrefix + java.lang.Integer.toString(counter)) + .png)): null

2018-11-08 16:26:22 - [TEST_STEP][PASSED] - Statement - counter = counter + 1: null

2018-11-08 16:26:22 - [TEST_STEP][PASSED] - Statement - PreSaveFile = new java.io.File(((pathPrefix + java.lang.Integer.toString(counter)) + .png)): null

2018-11-08 16:26:22 - [TEST_STEP][PASSED] - Statement - counter = counter + 1: null

2018-11-08 16:26:22 - [TEST_STEP][PASSED] - Statement - PreSaveFile = new java.io.File(((pathPrefix + java.lang.Integer.toString(counter)) + .png)): null

2018-11-08 16:26:22 - [TEST_STEP][PASSED] - Statement - counter = counter + 1: null

2018-11-08 16:26:22 - [TEST_STEP][PASSED] - Statement - PreSaveFile = new java.io.File(((pathPrefix + java.lang.Integer.toString(counter)) + .png)): null

2018-11-08 16:26:22 - [TEST_STEP][PASSED] - Statement - counter = counter + 1: null

2018-11-08 16:26:22 - [TEST_STEP][PASSED] - Statement - PreSaveFile = new java.io.File(((pathPrefix + java.lang.Integer.toString(counter)) + .png)): null

2018-11-08 16:26:23 - [TEST_STEP][PASSED] - Statement - counter = counter + 1: null

2018-11-08 16:26:23 - [TEST_STEP][PASSED] - Statement - PreSaveFile = new java.io.File(((pathPrefix + java.lang.Integer.toString(counter)) + .png)): null

2018-11-08 16:26:23 - [TEST_STEP][PASSED] - Statement - counter = counter + 1: null

2018-11-08 16:26:23 - [TEST_STEP][PASSED] - Statement - PreSaveFile = new java.io.File(((pathPrefix + java.lang.Integer.toString(counter)) + .png)): null

2018-11-08 16:26:23 - [TEST_STEP][PASSED] - Statement - counter = counter + 1: null

2018-11-08 16:26:23 - [TEST_STEP][PASSED] - Statement - PreSaveFile = new java.io.File(((pathPrefix + java.lang.Integer.toString(counter)) + .png)): null

2018-11-08 16:26:23 - [TEST_STEP][PASSED] - Statement - counter = counter + 1: null

2018-11-08 16:26:23 - [TEST_STEP][PASSED] - Statement - PreSaveFile = new java.io.File(((pathPrefix + java.lang.Integer.toString(counter)) + .png)): null

2018-11-08 16:26:23 - [TEST_STEP][PASSED] - Statement - counter = counter + 1: null

2018-11-08 16:26:23 - [TEST_STEP][PASSED] - Statement - PreSaveFile = new java.io.File(((pathPrefix + java.lang.Integer.toString(counter)) + .png)): null

2018-11-08 16:26:23 - [TEST_STEP][PASSED] - Statement - counter = counter + 1: null

2018-11-08 16:26:23 - [TEST_STEP][PASSED] - Statement - PreSaveFile = new java.io.File(((pathPrefix + java.lang.Integer.toString(counter)) + .png)): null

2018-11-08 16:26:24 - [TEST_STEP][PASSED] - Statement - counter = counter + 1: null

2018-11-08 16:26:24 - [TEST_STEP][PASSED] - Statement - PreSaveFile = new java.io.File(((pathPrefix + java.lang.Integer.toString(counter)) + .png)): null

2018-11-08 16:26:24 - [TEST_STEP][PASSED] - Statement - counter = counter + 1: null

2018-11-08 16:26:24 - [TEST_STEP][PASSED] - Statement - PreSaveFile = new java.io.File(((pathPrefix + java.lang.Integer.toString(counter)) + .png)): null

2018-11-08 16:26:24 - [TEST_STEP][PASSED] - Statement - counter = counter + 1: null

2018-11-08 16:26:24 - [TEST_STEP][PASSED] - Statement - PreSaveFile = new java.io.File(((pathPrefix + java.lang.Integer.toString(counter)) + .png)): null

2018-11-08 16:26:24 - [TEST_STEP][PASSED] - Statement - counter = counter + 1: null

2018-11-08 16:26:24 - [TEST_STEP][PASSED] - Statement - PreSaveFile = new java.io.File(((pathPrefix + java.lang.Integer.toString(counter)) + .png)): null

2018-11-08 16:26:24 - [TEST_STEP][PASSED] - Statement - counter = counter + 1: null

2018-11-08 16:26:24 - [TEST_STEP][PASSED] - Statement - PreSaveFile = new java.io.File(((pathPrefix + java.lang.Integer.toString(counter)) + .png)): null

2018-11-08 16:26:24 - [TEST_STEP][PASSED] - Statement - counter = counter + 1: null

2018-11-08 16:26:25 - [TEST_STEP][PASSED] - Statement - PreSaveFile = new java.io.File(((pathPrefix + java.lang.Integer.toString(counter)) + .png)): null

2018-11-08 16:26:25 - [TEST_STEP][PASSED] - Statement - counter = counter + 1: null

2018-11-08 16:26:25 - [TEST_STEP][PASSED] - Statement - PreSaveFile = new java.io.File(((pathPrefix + java.lang.Integer.toString(counter)) + .png)): null

2018-11-08 16:26:25 - [TEST_STEP][PASSED] - Statement - counter = counter + 1: null

2018-11-08 16:26:25 - [TEST_STEP][PASSED] - Statement - PreSaveFile = new java.io.File(((pathPrefix + java.lang.Integer.toString(counter)) + .png)): null

2018-11-08 16:26:25 - [TEST_STEP][PASSED] - Statement - counter = counter + 1: null

2018-11-08 16:26:25 - [TEST_STEP][PASSED] - Statement - PreSaveFile = new java.io.File(((pathPrefix + java.lang.Integer.toString(counter)) + .png)): null

2018-11-08 16:26:25 - [TEST_STEP][PASSED] - Statement - counter = counter + 1: null

2018-11-08 16:26:25 - [TEST_STEP][PASSED] - Statement - PreSaveFile = new java.io.File(((pathPrefix + java.lang.Integer.toString(counter)) + .png)): null

2018-11-08 16:26:25 - [TEST_STEP][PASSED] - Statement - counter = counter + 1: null

2018-11-08 16:26:26 - [TEST_STEP][PASSED] - Statement - PreSaveFile = new java.io.File(((pathPrefix + java.lang.Integer.toString(counter)) + .png)): null

2018-11-08 16:26:26 - [TEST_STEP][PASSED] - Statement - counter = counter + 1: null

2018-11-08 16:26:26 - [TEST_STEP][PASSED] - Statement - PreSaveFile = new java.io.File(((pathPrefix + java.lang.Integer.toString(counter)) + .png)): null

2018-11-08 16:26:26 - [TEST_STEP][PASSED] - Statement - counter = counter + 1: null

2018-11-08 16:26:26 - [TEST_STEP][PASSED] - Statement - PreSaveFile = new java.io.File(((pathPrefix + java.lang.Integer.toString(counter)) + .png)): null

2018-11-08 16:26:26 - [TEST_STEP][PASSED] - Statement - counter = counter + 1: null

2018-11-08 16:26:26 - [TEST_STEP][PASSED] - Statement - PreSaveFile = new java.io.File(((pathPrefix + java.lang.Integer.toString(counter)) + .png)): null

2018-11-08 16:26:26 - [TEST_STEP][PASSED] - Statement - counter = counter + 1: null

2018-11-08 16:26:26 - [TEST_STEP][PASSED] - Statement - PreSaveFile = new java.io.File(((pathPrefix + java.lang.Integer.toString(counter)) + .png)): null

2018-11-08 16:26:26 - [TEST_STEP][PASSED] - Statement - counter = counter + 1: null

2018-11-08 16:26:27 - [TEST_STEP][PASSED] - Statement - PreSaveFile = new java.io.File(((pathPrefix + java.lang.Integer.toString(counter)) + .png)): null

2018-11-08 16:26:27 - [TEST_STEP][PASSED] - Statement - counter = counter + 1: null

2018-11-08 16:26:27 - [TEST_STEP][PASSED] - Statement - PreSaveFile = new java.io.File(((pathPrefix + java.lang.Integer.toString(counter)) + .png)): null

2018-11-08 16:26:27 - [TEST_STEP][PASSED] - Statement - counter = counter + 1: null

2018-11-08 16:26:27 - [TEST_STEP][PASSED] - Statement - PreSaveFile = new java.io.File(((pathPrefix + java.lang.Integer.toString(counter)) + .png)): null

2018-11-08 16:26:27 - [TEST_STEP][PASSED] - Statement - counter = counter + 1: null

2018-11-08 16:26:27 - [TEST_STEP][PASSED] - Statement - PreSaveFile = new java.io.File(((pathPrefix + java.lang.Integer.toString(counter)) + .png)): null

2018-11-08 16:26:27 - [TEST_STEP][PASSED] - Statement - counter = counter + 1: null

2018-11-08 16:26:27 - [TEST_STEP][PASSED] - Statement - PreSaveFile = new java.io.File(((pathPrefix + java.lang.Integer.toString(counter)) + .png)): null

2018-11-08 16:26:27 - [TEST_STEP][PASSED] - Statement - counter = counter + 1: null

2018-11-08 16:26:29 - [TEST_STEP][PASSED] - Statement - PreSaveFile = new java.io.File(((pathPrefix + java.lang.Integer.toString(counter)) + .png)): null

2018-11-08 16:26:29 - [TEST_STEP][PASSED] - Statement - counter = counter + 1: null

2018-11-08 16:26:29 - [TEST_STEP][PASSED] - Statement - PreSaveFile = new java.io.File(((pathPrefix + java.lang.Integer.toString(counter)) + .png)): null

2018-11-08 16:26:29 - [TEST_STEP][PASSED] - Statement - counter = counter + 1: null

2018-11-08 16:26:29 - [TEST_STEP][PASSED] - Statement - PreSaveFile = new java.io.File(((pathPrefix + java.lang.Integer.toString(counter)) + .png)): null

2018-11-08 16:26:29 - [TEST_STEP][PASSED] - Statement - counter = counter + 1: null

2018-11-08 16:26:29 - [TEST_STEP][PASSED] - Statement - PreSaveFile = new java.io.File(((pathPrefix + java.lang.Integer.toString(counter)) + .png)): null

2018-11-08 16:26:29 - [TEST_STEP][PASSED] - Statement - counter = counter + 1: null

2018-11-08 16:26:29 - [TEST_STEP][PASSED] - Statement - PreSaveFile = new java.io.File(((pathPrefix + java.lang.Integer.toString(counter)) + .png)): null

2018-11-08 16:26:29 - [TEST_STEP][PASSED] - Statement - counter = counter + 1: null

2018-11-08 16:26:29 - [TEST_STEP][PASSED] - Statement - PreSaveFile = new java.io.File(((pathPrefix + java.lang.Integer.toString(counter)) + .png)): null

2018-11-08 16:26:31 - [TEST_STEP][PASSED] - Statement - counter = counter + 1: null

2018-11-08 16:26:31 - [TEST_STEP][PASSED] - Statement - PreSaveFile = new java.io.File(((pathPrefix + java.lang.Integer.toString(counter)) + .png)): null

2018-11-08 16:26:31 - [TEST_STEP][PASSED] - Statement - counter = counter + 1: null

2018-11-08 16:26:31 - [TEST_STEP][PASSED] - Statement - PreSaveFile = new java.io.File(((pathPrefix + java.lang.Integer.toString(counter)) + .png)): null

2018-11-08 16:26:31 - [TEST_STEP][PASSED] - Statement - counter = counter + 1: null

2018-11-08 16:26:31 - [TEST_STEP][PASSED] - Statement - PreSaveFile = new java.io.File(((pathPrefix + java.lang.Integer.toString(counter)) + .png)): null

2018-11-08 16:26:31 - [TEST_STEP][PASSED] - Statement - counter = counter + 1: null

2018-11-08 16:26:31 - [TEST_STEP][PASSED] - Statement - PreSaveFile = new java.io.File(((pathPrefix + java.lang.Integer.toString(counter)) + .png)): null

2018-11-08 16:26:31 - [TEST_STEP][PASSED] - Statement - counter = counter + 1: null

2018-11-08 16:26:31 - [TEST_STEP][PASSED] - Statement - PreSaveFile = new java.io.File(((pathPrefix + java.lang.Integer.toString(counter)) + .png)): null

2018-11-08 16:26:31 - [TEST_STEP][PASSED] - Statement - counter = counter + 1: null

2018-11-08 16:26:32 - [TEST_STEP][PASSED] - Statement - PreSaveFile = new java.io.File(((pathPrefix + java.lang.Integer.toString(counter)) + .png)): null

2018-11-08 16:26:32 - [TEST_STEP][PASSED] - Statement - finalPath = pathPrefix + java.lang.Integer.toString(counter) + ".png": null

2018-11-08 16:26:32 - [TEST_STEP][PASSED] - Statement - SaveFile = new java.io.File(finalPath): null

2018-11-08 16:26:32 - [TEST_STEP][PASSED] - Statement - Try: null

2018-11-08 16:26:32 - [TEST_STEP][PASSED] - Statement - org.apache.commons.io.FileUtils.copyFile(scrFile, SaveFile): null

2018-11-08 16:26:32 - [TEST_STEP][PASSED] - Statement - out.println("file kept"): null

2018-11-08 16:26:32 - [TEST_STEP][PASSED] - delay: Delayed 10 second(s)

2018-11-08 16:26:42 - [MESSAGE][PASSED] - Delayed 10 second(s)

2018-11-08 16:26:42 - [MESSAGE][PASSED] - Call Test Case 'Test Cases/Final Aug 2018 - PKS Automation/Registration Module/New Registration/Submit and Screenshot/Submit Registration and Screenshot' successfully]]></system-out>
         <system-err><![CDATA[]]></system-err>
      </testcase>
      <testcase name="Test Cases/Final Aug 2018 - PKS Automation/Registration Module/Workflow/New Registration/Employer to RO - RO Under Enforcement" classname="Test Cases/Final Aug 2018 - PKS Automation/Registration Module/Workflow/New Registration/Employer to RO - RO Under Enforcement" status="FAILED">
         <failure type="FAILED" message="(Stack trace: com.kms.katalon.core.exception.StepFailedException: Unable to click on object 'Object Repository/Final Object Repo/Landing Page/My Sites Drop Down' (Root cause: com.kms.katalon.core.webui.exception.WebElementNotFoundException: Web element with id: 'Object Repository/Final Object Repo/Landing Page/My Sites Drop Down' located by 'By.xpath: //a[(text() = '

				
			
					

					
						My Sites
					

					
						
					
			
				' or . = '

				
			
					

					
						My Sites
					

					
						
					
			
				')]' not found)
	at com.kms.katalon.core.keyword.internal.KeywordMain.stepFailed(KeywordMain.groovy:32)
	at com.kms.katalon.core.webui.keyword.internal.WebUIKeywordMain.stepFailed(WebUIKeywordMain.groovy:65)
	at com.kms.katalon.core.webui.keyword.internal.WebUIKeywordMain.runKeyword(WebUIKeywordMain.groovy:27)
	at com.kms.katalon.core.webui.keyword.builtin.ClickKeyword.click(ClickKeyword.groovy:86)
	at com.kms.katalon.core.webui.keyword.builtin.ClickKeyword.execute(ClickKeyword.groovy:67)
	at com.kms.katalon.core.keyword.internal.KeywordExecutor.executeKeywordForPlatform(KeywordExecutor.groovy:53)
	at com.kms.katalon.core.webui.keyword.WebUiBuiltInKeywords.click(WebUiBuiltInKeywords.groovy:616)
	at com.kms.katalon.core.webui.keyword.WebUiBuiltInKeywords$click$2.call(Unknown Source)
	at Script1537238017191.run(Script1537238017191.groovy:45)
	at com.kms.katalon.core.main.ScriptEngine.run(ScriptEngine.java:183)
	at com.kms.katalon.core.main.ScriptEngine.runScriptAsRawText(ScriptEngine.java:108)
	at com.kms.katalon.core.main.TestCaseExecutor.runScript(TestCaseExecutor.java:294)
	at com.kms.katalon.core.main.TestCaseExecutor.doExecute(TestCaseExecutor.java:285)
	at com.kms.katalon.core.main.TestCaseExecutor.processExecutionPhase(TestCaseExecutor.java:264)
	at com.kms.katalon.core.main.TestCaseExecutor.accessMainPhase(TestCaseExecutor.java:256)
	at com.kms.katalon.core.main.TestCaseExecutor.execute(TestCaseExecutor.java:200)
	at com.kms.katalon.core.main.TestCaseMain.runTestCase(TestCaseMain.java:99)
	at com.kms.katalon.core.keyword.builtin.CallTestCaseKeyword$_callTestCase_closure1.doCall(CallTestCaseKeyword.groovy:60)
	at com.kms.katalon.core.keyword.builtin.CallTestCaseKeyword$_callTestCase_closure1.call(CallTestCaseKeyword.groovy)
	at com.kms.katalon.core.keyword.internal.KeywordMain.runKeyword(KeywordMain.groovy:54)
	at com.kms.katalon.core.keyword.builtin.CallTestCaseKeyword.callTestCase(CallTestCaseKeyword.groovy:81)
	at com.kms.katalon.core.keyword.builtin.CallTestCaseKeyword.execute(CallTestCaseKeyword.groovy:45)
	at com.kms.katalon.core.keyword.internal.KeywordExecutor.executeKeywordForPlatform(KeywordExecutor.groovy:53)
	at com.kms.katalon.core.keyword.BuiltinKeywords.callTestCase(BuiltinKeywords.groovy:334)
	at sun.reflect.GeneratedMethodAccessor13.invoke(Unknown Source)
	at sun.reflect.DelegatingMethodAccessorImpl.invoke(DelegatingMethodAccessorImpl.java:43)
	at java.lang.reflect.Method.invoke(Method.java:498)
	at org.codehaus.groovy.reflection.CachedMethod.invoke(CachedMethod.java:93)
	at groovy.lang.MetaMethod.doMethodInvoke(MetaMethod.java:325)
	at groovy.lang.MetaClassImpl.invokeStaticMethod(MetaClassImpl.java:1469)
	at org.codehaus.groovy.runtime.callsite.StaticMetaClassSite.call(StaticMetaClassSite.java:53)
	at org.codehaus.groovy.runtime.callsite.CallSiteArray.defaultCall(CallSiteArray.java:48)
	at org.codehaus.groovy.runtime.callsite.AbstractCallSite.call(AbstractCallSite.java:113)
	at org.codehaus.groovy.runtime.callsite.AbstractCallSite.call(AbstractCallSite.java:141)
	at Script1537253675085.run(Script1537253675085.groovy:23)
	at com.kms.katalon.core.main.ScriptEngine.run(ScriptEngine.java:183)
	at com.kms.katalon.core.main.ScriptEngine.runScriptAsRawText(ScriptEngine.java:108)
	at com.kms.katalon.core.main.TestCaseExecutor.runScript(TestCaseExecutor.java:294)
	at com.kms.katalon.core.main.TestCaseExecutor.doExecute(TestCaseExecutor.java:285)
	at com.kms.katalon.core.main.TestCaseExecutor.processExecutionPhase(TestCaseExecutor.java:264)
	at com.kms.katalon.core.main.TestCaseExecutor.accessMainPhase(TestCaseExecutor.java:256)
	at com.kms.katalon.core.main.TestCaseExecutor.execute(TestCaseExecutor.java:200)
	at com.kms.katalon.core.main.TestSuiteExecutor.accessTestCaseMainPhase(TestSuiteExecutor.java:129)
	at com.kms.katalon.core.main.TestSuiteExecutor.accessTestSuiteMainPhase(TestSuiteExecutor.java:112)
	at com.kms.katalon.core.main.TestSuiteExecutor.execute(TestSuiteExecutor.java:81)
	at com.kms.katalon.core.main.TestCaseMain.startTestSuite(TestCaseMain.java:142)
	at com.kms.katalon.core.main.TestCaseMain$startTestSuite$0.call(Unknown Source)
	at org.codehaus.groovy.runtime.callsite.CallSiteArray.defaultCall(CallSiteArray.java:48)
	at org.codehaus.groovy.runtime.callsite.AbstractCallSite.call(AbstractCallSite.java:113)
	at org.codehaus.groovy.runtime.callsite.AbstractCallSite.call(AbstractCallSite.java:141)
	at TempTestSuite1541659865479.run(TempTestSuite1541659865479.groovy:36)
	at groovy.lang.GroovyShell.runScriptOrMainOrTestOrRunnable(GroovyShell.java:263)
	at groovy.lang.GroovyShell.run(GroovyShell.java:518)
	at groovy.lang.GroovyShell.run(GroovyShell.java:507)
	at groovy.ui.GroovyMain.processOnce(GroovyMain.java:653)
	at groovy.ui.GroovyMain.run(GroovyMain.java:384)
	at groovy.ui.GroovyMain.process(GroovyMain.java:370)
	at groovy.ui.GroovyMain.processArgs(GroovyMain.java:129)
	at groovy.ui.GroovyMain.main(GroovyMain.java:109)
	at sun.reflect.NativeMethodAccessorImpl.invoke0(Native Method)
	at sun.reflect.NativeMethodAccessorImpl.invoke(NativeMethodAccessorImpl.java:62)
	at sun.reflect.DelegatingMethodAccessorImpl.invoke(DelegatingMethodAccessorImpl.java:43)
	at java.lang.reflect.Method.invoke(Method.java:498)
	at org.codehaus.groovy.tools.GroovyStarter.rootLoader(GroovyStarter.java:109)
	at org.codehaus.groovy.tools.GroovyStarter.main(GroovyStarter.java:131)
)"/>
         <system-out><![CDATA[2018-11-08 16:26:42 - [TEST_CASE][FAILED] - Test Cases/Final Aug 2018 - PKS Automation/Registration Module/Workflow/New Registration/Employer to RO - RO Under Enforcement: Test Cases/Final Aug 2018 - PKS Automation/Registration Module/Workflow/New Registration/Employer to RO - RO Under Enforcement FAILED because (of) (Stack trace: com.kms.katalon.core.exception.StepFailedException: Unable to click on object 'Object Repository/Final Object Repo/Landing Page/My Sites Drop Down' (Root cause: com.kms.katalon.core.webui.exception.WebElementNotFoundException: Web element with id: 'Object Repository/Final Object Repo/Landing Page/My Sites Drop Down' located by 'By.xpath: //a[(text() = '

				
			
					

					
						My Sites
					

					
						
					
			
				' or . = '

				
			
					

					
						My Sites
					

					
						
					
			
				')]' not found)
	at com.kms.katalon.core.keyword.internal.KeywordMain.stepFailed(KeywordMain.groovy:32)
	at com.kms.katalon.core.webui.keyword.internal.WebUIKeywordMain.stepFailed(WebUIKeywordMain.groovy:65)
	at com.kms.katalon.core.webui.keyword.internal.WebUIKeywordMain.runKeyword(WebUIKeywordMain.groovy:27)
	at com.kms.katalon.core.webui.keyword.builtin.ClickKeyword.click(ClickKeyword.groovy:86)
	at com.kms.katalon.core.webui.keyword.builtin.ClickKeyword.execute(ClickKeyword.groovy:67)
	at com.kms.katalon.core.keyword.internal.KeywordExecutor.executeKeywordForPlatform(KeywordExecutor.groovy:53)
	at com.kms.katalon.core.webui.keyword.WebUiBuiltInKeywords.click(WebUiBuiltInKeywords.groovy:616)
	at com.kms.katalon.core.webui.keyword.WebUiBuiltInKeywords$click$2.call(Unknown Source)
	at Script1537238017191.run(Script1537238017191.groovy:45)
	at com.kms.katalon.core.main.ScriptEngine.run(ScriptEngine.java:183)
	at com.kms.katalon.core.main.ScriptEngine.runScriptAsRawText(ScriptEngine.java:108)
	at com.kms.katalon.core.main.TestCaseExecutor.runScript(TestCaseExecutor.java:294)
	at com.kms.katalon.core.main.TestCaseExecutor.doExecute(TestCaseExecutor.java:285)
	at com.kms.katalon.core.main.TestCaseExecutor.processExecutionPhase(TestCaseExecutor.java:264)
	at com.kms.katalon.core.main.TestCaseExecutor.accessMainPhase(TestCaseExecutor.java:256)
	at com.kms.katalon.core.main.TestCaseExecutor.execute(TestCaseExecutor.java:200)
	at com.kms.katalon.core.main.TestCaseMain.runTestCase(TestCaseMain.java:99)
	at com.kms.katalon.core.keyword.builtin.CallTestCaseKeyword$_callTestCase_closure1.doCall(CallTestCaseKeyword.groovy:60)
	at com.kms.katalon.core.keyword.builtin.CallTestCaseKeyword$_callTestCase_closure1.call(CallTestCaseKeyword.groovy)
	at com.kms.katalon.core.keyword.internal.KeywordMain.runKeyword(KeywordMain.groovy:54)
	at com.kms.katalon.core.keyword.builtin.CallTestCaseKeyword.callTestCase(CallTestCaseKeyword.groovy:81)
	at com.kms.katalon.core.keyword.builtin.CallTestCaseKeyword.execute(CallTestCaseKeyword.groovy:45)
	at com.kms.katalon.core.keyword.internal.KeywordExecutor.executeKeywordForPlatform(KeywordExecutor.groovy:53)
	at com.kms.katalon.core.keyword.BuiltinKeywords.callTestCase(BuiltinKeywords.groovy:334)
	at sun.reflect.GeneratedMethodAccessor13.invoke(Unknown Source)
	at sun.reflect.DelegatingMethodAccessorImpl.invoke(DelegatingMethodAccessorImpl.java:43)
	at java.lang.reflect.Method.invoke(Method.java:498)
	at org.codehaus.groovy.reflection.CachedMethod.invoke(CachedMethod.java:93)
	at groovy.lang.MetaMethod.doMethodInvoke(MetaMethod.java:325)
	at groovy.lang.MetaClassImpl.invokeStaticMethod(MetaClassImpl.java:1469)
	at org.codehaus.groovy.runtime.callsite.StaticMetaClassSite.call(StaticMetaClassSite.java:53)
	at org.codehaus.groovy.runtime.callsite.CallSiteArray.defaultCall(CallSiteArray.java:48)
	at org.codehaus.groovy.runtime.callsite.AbstractCallSite.call(AbstractCallSite.java:113)
	at org.codehaus.groovy.runtime.callsite.AbstractCallSite.call(AbstractCallSite.java:141)
	at Script1537253675085.run(Script1537253675085.groovy:23)
	at com.kms.katalon.core.main.ScriptEngine.run(ScriptEngine.java:183)
	at com.kms.katalon.core.main.ScriptEngine.runScriptAsRawText(ScriptEngine.java:108)
	at com.kms.katalon.core.main.TestCaseExecutor.runScript(TestCaseExecutor.java:294)
	at com.kms.katalon.core.main.TestCaseExecutor.doExecute(TestCaseExecutor.java:285)
	at com.kms.katalon.core.main.TestCaseExecutor.processExecutionPhase(TestCaseExecutor.java:264)
	at com.kms.katalon.core.main.TestCaseExecutor.accessMainPhase(TestCaseExecutor.java:256)
	at com.kms.katalon.core.main.TestCaseExecutor.execute(TestCaseExecutor.java:200)
	at com.kms.katalon.core.main.TestSuiteExecutor.accessTestCaseMainPhase(TestSuiteExecutor.java:129)
	at com.kms.katalon.core.main.TestSuiteExecutor.accessTestSuiteMainPhase(TestSuiteExecutor.java:112)
	at com.kms.katalon.core.main.TestSuiteExecutor.execute(TestSuiteExecutor.java:81)
	at com.kms.katalon.core.main.TestCaseMain.startTestSuite(TestCaseMain.java:142)
	at com.kms.katalon.core.main.TestCaseMain$startTestSuite$0.call(Unknown Source)
	at org.codehaus.groovy.runtime.callsite.CallSiteArray.defaultCall(CallSiteArray.java:48)
	at org.codehaus.groovy.runtime.callsite.AbstractCallSite.call(AbstractCallSite.java:113)
	at org.codehaus.groovy.runtime.callsite.AbstractCallSite.call(AbstractCallSite.java:141)
	at TempTestSuite1541659865479.run(TempTestSuite1541659865479.groovy:36)
	at groovy.lang.GroovyShell.runScriptOrMainOrTestOrRunnable(GroovyShell.java:263)
	at groovy.lang.GroovyShell.run(GroovyShell.java:518)
	at groovy.lang.GroovyShell.run(GroovyShell.java:507)
	at groovy.ui.GroovyMain.processOnce(GroovyMain.java:653)
	at groovy.ui.GroovyMain.run(GroovyMain.java:384)
	at groovy.ui.GroovyMain.process(GroovyMain.java:370)
	at groovy.ui.GroovyMain.processArgs(GroovyMain.java:129)
	at groovy.ui.GroovyMain.main(GroovyMain.java:109)
	at sun.reflect.NativeMethodAccessorImpl.invoke0(Native Method)
	at sun.reflect.NativeMethodAccessorImpl.invoke(NativeMethodAccessorImpl.java:62)
	at sun.reflect.DelegatingMethodAccessorImpl.invoke(DelegatingMethodAccessorImpl.java:43)
	at java.lang.reflect.Method.invoke(Method.java:498)
	at org.codehaus.groovy.tools.GroovyStarter.rootLoader(GroovyStarter.java:109)
	at org.codehaus.groovy.tools.GroovyStarter.main(GroovyStarter.java:131)
)

2018-11-08 16:26:42 - [TEST_STEP][FAILED] - callTestCase: Unable to call Test Case with id 'Test Cases/Final Aug 2018 - PKS Automation/Registration Module/Workflow/New Registration/Template/Special Case - Employer - Form 1' (Root cause: Call Test Case 'Test Cases/Final Aug 2018 - PKS Automation/Registration Module/Workflow/New Registration/Template/Special Case - Employer - Form 1' failed)

2018-11-08 16:26:42 - [TEST_CASE][FAILED] - Test Cases/Final Aug 2018 - PKS Automation/Registration Module/Workflow/New Registration/Template/Special Case - Employer - Form 1: Test Cases/Final Aug 2018 - PKS Automation/Registration Module/Workflow/New Registration/Template/Special Case - Employer - Form 1 FAILED because (of) (Stack trace: com.kms.katalon.core.exception.StepFailedException: Unable to click on object 'Object Repository/Final Object Repo/Landing Page/My Sites Drop Down' (Root cause: com.kms.katalon.core.webui.exception.WebElementNotFoundException: Web element with id: 'Object Repository/Final Object Repo/Landing Page/My Sites Drop Down' located by 'By.xpath: //a[(text() = '

				
			
					

					
						My Sites
					

					
						
					
			
				' or . = '

				
			
					

					
						My Sites
					

					
						
					
			
				')]' not found)
	at com.kms.katalon.core.keyword.internal.KeywordMain.stepFailed(KeywordMain.groovy:32)
	at com.kms.katalon.core.webui.keyword.internal.WebUIKeywordMain.stepFailed(WebUIKeywordMain.groovy:65)
	at com.kms.katalon.core.webui.keyword.internal.WebUIKeywordMain.runKeyword(WebUIKeywordMain.groovy:27)
	at com.kms.katalon.core.webui.keyword.builtin.ClickKeyword.click(ClickKeyword.groovy:86)
	at com.kms.katalon.core.webui.keyword.builtin.ClickKeyword.execute(ClickKeyword.groovy:67)
	at com.kms.katalon.core.keyword.internal.KeywordExecutor.executeKeywordForPlatform(KeywordExecutor.groovy:53)
	at com.kms.katalon.core.webui.keyword.WebUiBuiltInKeywords.click(WebUiBuiltInKeywords.groovy:616)
	at com.kms.katalon.core.webui.keyword.WebUiBuiltInKeywords$click$2.call(Unknown Source)
	at Script1537238017191.run(Script1537238017191.groovy:45)
	at com.kms.katalon.core.main.ScriptEngine.run(ScriptEngine.java:183)
	at com.kms.katalon.core.main.ScriptEngine.runScriptAsRawText(ScriptEngine.java:108)
	at com.kms.katalon.core.main.TestCaseExecutor.runScript(TestCaseExecutor.java:294)
	at com.kms.katalon.core.main.TestCaseExecutor.doExecute(TestCaseExecutor.java:285)
	at com.kms.katalon.core.main.TestCaseExecutor.processExecutionPhase(TestCaseExecutor.java:264)
	at com.kms.katalon.core.main.TestCaseExecutor.accessMainPhase(TestCaseExecutor.java:256)
	at com.kms.katalon.core.main.TestCaseExecutor.execute(TestCaseExecutor.java:200)
	at com.kms.katalon.core.main.TestCaseMain.runTestCase(TestCaseMain.java:99)
	at com.kms.katalon.core.keyword.builtin.CallTestCaseKeyword$_callTestCase_closure1.doCall(CallTestCaseKeyword.groovy:60)
	at com.kms.katalon.core.keyword.builtin.CallTestCaseKeyword$_callTestCase_closure1.call(CallTestCaseKeyword.groovy)
	at com.kms.katalon.core.keyword.internal.KeywordMain.runKeyword(KeywordMain.groovy:54)
	at com.kms.katalon.core.keyword.builtin.CallTestCaseKeyword.callTestCase(CallTestCaseKeyword.groovy:81)
	at com.kms.katalon.core.keyword.builtin.CallTestCaseKeyword.execute(CallTestCaseKeyword.groovy:45)
	at com.kms.katalon.core.keyword.internal.KeywordExecutor.executeKeywordForPlatform(KeywordExecutor.groovy:53)
	at com.kms.katalon.core.keyword.BuiltinKeywords.callTestCase(BuiltinKeywords.groovy:334)
	at sun.reflect.GeneratedMethodAccessor13.invoke(Unknown Source)
	at sun.reflect.DelegatingMethodAccessorImpl.invoke(DelegatingMethodAccessorImpl.java:43)
	at java.lang.reflect.Method.invoke(Method.java:498)
	at org.codehaus.groovy.reflection.CachedMethod.invoke(CachedMethod.java:93)
	at groovy.lang.MetaMethod.doMethodInvoke(MetaMethod.java:325)
	at groovy.lang.MetaClassImpl.invokeStaticMethod(MetaClassImpl.java:1469)
	at org.codehaus.groovy.runtime.callsite.StaticMetaClassSite.call(StaticMetaClassSite.java:53)
	at org.codehaus.groovy.runtime.callsite.CallSiteArray.defaultCall(CallSiteArray.java:48)
	at org.codehaus.groovy.runtime.callsite.AbstractCallSite.call(AbstractCallSite.java:113)
	at org.codehaus.groovy.runtime.callsite.AbstractCallSite.call(AbstractCallSite.java:141)
	at Script1537253675085.run(Script1537253675085.groovy:23)
	at com.kms.katalon.core.main.ScriptEngine.run(ScriptEngine.java:183)
	at com.kms.katalon.core.main.ScriptEngine.runScriptAsRawText(ScriptEngine.java:108)
	at com.kms.katalon.core.main.TestCaseExecutor.runScript(TestCaseExecutor.java:294)
	at com.kms.katalon.core.main.TestCaseExecutor.doExecute(TestCaseExecutor.java:285)
	at com.kms.katalon.core.main.TestCaseExecutor.processExecutionPhase(TestCaseExecutor.java:264)
	at com.kms.katalon.core.main.TestCaseExecutor.accessMainPhase(TestCaseExecutor.java:256)
	at com.kms.katalon.core.main.TestCaseExecutor.execute(TestCaseExecutor.java:200)
	at com.kms.katalon.core.main.TestSuiteExecutor.accessTestCaseMainPhase(TestSuiteExecutor.java:129)
	at com.kms.katalon.core.main.TestSuiteExecutor.accessTestSuiteMainPhase(TestSuiteExecutor.java:112)
	at com.kms.katalon.core.main.TestSuiteExecutor.execute(TestSuiteExecutor.java:81)
	at com.kms.katalon.core.main.TestCaseMain.startTestSuite(TestCaseMain.java:142)
	at com.kms.katalon.core.main.TestCaseMain$startTestSuite$0.call(Unknown Source)
	at org.codehaus.groovy.runtime.callsite.CallSiteArray.defaultCall(CallSiteArray.java:48)
	at org.codehaus.groovy.runtime.callsite.AbstractCallSite.call(AbstractCallSite.java:113)
	at org.codehaus.groovy.runtime.callsite.AbstractCallSite.call(AbstractCallSite.java:141)
	at TempTestSuite1541659865479.run(TempTestSuite1541659865479.groovy:36)
	at groovy.lang.GroovyShell.runScriptOrMainOrTestOrRunnable(GroovyShell.java:263)
	at groovy.lang.GroovyShell.run(GroovyShell.java:518)
	at groovy.lang.GroovyShell.run(GroovyShell.java:507)
	at groovy.ui.GroovyMain.processOnce(GroovyMain.java:653)
	at groovy.ui.GroovyMain.run(GroovyMain.java:384)
	at groovy.ui.GroovyMain.process(GroovyMain.java:370)
	at groovy.ui.GroovyMain.processArgs(GroovyMain.java:129)
	at groovy.ui.GroovyMain.main(GroovyMain.java:109)
	at sun.reflect.NativeMethodAccessorImpl.invoke0(Native Method)
	at sun.reflect.NativeMethodAccessorImpl.invoke(NativeMethodAccessorImpl.java:62)
	at sun.reflect.DelegatingMethodAccessorImpl.invoke(DelegatingMethodAccessorImpl.java:43)
	at java.lang.reflect.Method.invoke(Method.java:498)
	at org.codehaus.groovy.tools.GroovyStarter.rootLoader(GroovyStarter.java:109)
	at org.codehaus.groovy.tools.GroovyStarter.main(GroovyStarter.java:131)
)

2018-11-08 16:26:42 - [TEST_STEP][PASSED] - callTestCase: Call Test Case 'Test Cases/Final Aug 2018 - PKS Automation/Create Employer Acc/Create Employer Account' successfully

2018-11-08 16:26:42 - [TEST_CASE][PASSED] - Test Cases/Final Aug 2018 - PKS Automation/Create Employer Acc/Create Employer Account: Test Cases/Final Aug 2018 - PKS Automation/Create Employer Acc/Create Employer Account

2018-11-08 16:26:42 - [TEST_STEP][PASSED] - callTestCase: Call Test Case 'Test Cases/Final Aug 2018 - PKS Automation/Create Employer Acc/Template/Register Employer' successfully

2018-11-08 16:26:42 - [TEST_CASE][PASSED] - Test Cases/Final Aug 2018 - PKS Automation/Create Employer Acc/Template/Register Employer: Test Cases/Final Aug 2018 - PKS Automation/Create Employer Acc/Template/Register Employer

2018-11-08 16:26:43 - [TEST_STEP][PASSED] - openBrowser: Browser is opened with url: ''

2018-11-08 16:26:43 - [MESSAGE][WARNING] - A browser is already opened. Closing browser and opening a new one

2018-11-08 16:26:48 - [MESSAGE][PASSED] - Browser is opened with url: ''

2018-11-08 16:26:48 - [TEST_STEP][PASSED] - navigateToUrl: Navigate to 'https://assist2-uat.perkeso.gov.my/login' successfully

2018-11-08 16:26:51 - [MESSAGE][PASSED] - Navigate to 'https://assist2-uat.perkeso.gov.my/login' successfully

2018-11-08 16:26:51 - [TEST_STEP][PASSED] - setText: Text 'johorotc1@gmail.com' is set on object 'Object Repository/Final Object Repo/Login Page/Internal User/Email Address'

2018-11-08 16:26:51 - [MESSAGE][PASSED] - Text 'johorotc1@gmail.com' is set on object 'Object Repository/Final Object Repo/Login Page/Internal User/Email Address'

2018-11-08 16:26:51 - [TEST_STEP][PASSED] - click: Object: 'Object Repository/Final Object Repo/Login Page/Internal User/Next Button' is clicked on

2018-11-08 16:26:51 - [MESSAGE][PASSED] - Object: 'Object Repository/Final Object Repo/Login Page/Internal User/Next Button' is clicked on

2018-11-08 16:26:51 - [TEST_STEP][PASSED] - delay: Delayed 1 second(s)

2018-11-08 16:26:52 - [MESSAGE][PASSED] - Delayed 1 second(s)

2018-11-08 16:26:52 - [TEST_STEP][PASSED] - setEncryptedText: Text ****** has been set on object 'Object Repository/Final Object Repo/Login Page/Internal User/Password'

2018-11-08 16:26:53 - [MESSAGE][PASSED] - Text ****** has been set on object 'Object Repository/Final Object Repo/Login Page/Internal User/Password'

2018-11-08 16:26:53 - [TEST_STEP][PASSED] - click: Object: 'Object Repository/Final Object Repo/Login Page/Internal User/Login Button' is clicked on

2018-11-08 16:26:57 - [MESSAGE][PASSED] - Object: 'Object Repository/Final Object Repo/Login Page/Internal User/Login Button' is clicked on

2018-11-08 16:26:57 - [TEST_STEP][PASSED] - delay: Delayed 1 second(s)

2018-11-08 16:26:58 - [MESSAGE][PASSED] - Delayed 1 second(s)

2018-11-08 16:26:58 - [TEST_STEP][PASSED] - navigateToUrl: Navigate to 'https://assist2-uat.perkeso.gov.my/web/base/portal-id/registration' successfully

2018-11-08 16:26:59 - [MESSAGE][PASSED] - Navigate to 'https://assist2-uat.perkeso.gov.my/web/base/portal-id/registration' successfully

2018-11-08 16:26:59 - [TEST_STEP][PASSED] - setText: Text 'AUTOMATION EMPLOYER' is set on object 'Object Repository/Final Object Repo/Creating Employer Account/Page_Registration - ASSIST (Base)/Employer Name'

2018-11-08 16:27:00 - [MESSAGE][PASSED] - Text 'AUTOMATION EMPLOYER' is set on object 'Object Repository/Final Object Repo/Creating Employer Account/Page_Registration - ASSIST (Base)/Employer Name'

2018-11-08 16:27:00 - [TEST_STEP][PASSED] - delay: Delayed 2 second(s)

2018-11-08 16:27:02 - [MESSAGE][PASSED] - Delayed 2 second(s)

2018-11-08 16:27:02 - [TEST_STEP][PASSED] - click: Object: 'Object Repository/Final Object Repo/Creating Employer Account/Page_Registration - ASSIST (Base)/Registration Type' is clicked on

2018-11-08 16:27:02 - [MESSAGE][PASSED] - Object: 'Object Repository/Final Object Repo/Creating Employer Account/Page_Registration - ASSIST (Base)/Registration Type' is clicked on

2018-11-08 16:27:02 - [TEST_STEP][PASSED] - delay: Delayed 2 second(s)

2018-11-08 16:27:04 - [MESSAGE][PASSED] - Delayed 2 second(s)

2018-11-08 16:27:04 - [TEST_STEP][PASSED] - click: Object: 'Object Repository/Final Object Repo/Creating Employer Account/Page_Registration - ASSIST (Base)/Registration Type - Registration No' is clicked on

2018-11-08 16:27:05 - [MESSAGE][PASSED] - Object: 'Object Repository/Final Object Repo/Creating Employer Account/Page_Registration - ASSIST (Base)/Registration Type - Registration No' is clicked on

2018-11-08 16:27:05 - [TEST_STEP][PASSED] - delay: Delayed 2 second(s)

2018-11-08 16:27:07 - [MESSAGE][PASSED] - Delayed 2 second(s)

2018-11-08 16:27:07 - [TEST_STEP][PASSED] - setText: Text '1234567890' is set on object 'Object Repository/Final Object Repo/Creating Employer Account/Page_Registration - ASSIST (Base)/Registration Number'

2018-11-08 16:27:07 - [MESSAGE][PASSED] - Text '1234567890' is set on object 'Object Repository/Final Object Repo/Creating Employer Account/Page_Registration - ASSIST (Base)/Registration Number'

2018-11-08 16:27:07 - [TEST_STEP][PASSED] - delay: Delayed 2 second(s)

2018-11-08 16:27:09 - [MESSAGE][PASSED] - Delayed 2 second(s)

2018-11-08 16:27:09 - [TEST_STEP][PASSED] - setText: Text 'ADDRESS 1' is set on object 'Object Repository/Final Object Repo/Creating Employer Account/Page_Registration - ASSIST (Base)/Postal Address 1'

2018-11-08 16:27:09 - [MESSAGE][PASSED] - Text 'ADDRESS 1' is set on object 'Object Repository/Final Object Repo/Creating Employer Account/Page_Registration - ASSIST (Base)/Postal Address 1'

2018-11-08 16:27:09 - [TEST_STEP][PASSED] - setText: Text 'ADDRESS 2' is set on object 'Object Repository/Final Object Repo/Creating Employer Account/Page_Registration - ASSIST (Base)/Postal Address 2'

2018-11-08 16:27:09 - [MESSAGE][PASSED] - Text 'ADDRESS 2' is set on object 'Object Repository/Final Object Repo/Creating Employer Account/Page_Registration - ASSIST (Base)/Postal Address 2'

2018-11-08 16:27:09 - [TEST_STEP][PASSED] - click: Object: 'Object Repository/Final Object Repo/Creating Employer Account/Page_Registration - ASSIST (Base)/State' is clicked on

2018-11-08 16:27:10 - [MESSAGE][PASSED] - Object: 'Object Repository/Final Object Repo/Creating Employer Account/Page_Registration - ASSIST (Base)/State' is clicked on

2018-11-08 16:27:10 - [TEST_STEP][PASSED] - delay: Delayed 2 second(s)

2018-11-08 16:27:12 - [MESSAGE][PASSED] - Delayed 2 second(s)

2018-11-08 16:27:12 - [TEST_STEP][PASSED] - click: Object: 'Object Repository/Final Object Repo/Creating Employer Account/Page_Registration - ASSIST (Base)/State - Johor' is clicked on

2018-11-08 16:27:12 - [MESSAGE][PASSED] - Object: 'Object Repository/Final Object Repo/Creating Employer Account/Page_Registration - ASSIST (Base)/State - Johor' is clicked on

2018-11-08 16:27:12 - [TEST_STEP][PASSED] - delay: Delayed 2 second(s)

2018-11-08 16:27:14 - [MESSAGE][PASSED] - Delayed 2 second(s)

2018-11-08 16:27:14 - [TEST_STEP][PASSED] - click: Object: 'Object Repository/Final Object Repo/Creating Employer Account/Page_Registration - ASSIST (Base)/City' is clicked on

2018-11-08 16:27:15 - [MESSAGE][PASSED] - Object: 'Object Repository/Final Object Repo/Creating Employer Account/Page_Registration - ASSIST (Base)/City' is clicked on

2018-11-08 16:27:15 - [TEST_STEP][PASSED] - delay: Delayed 2 second(s)

2018-11-08 16:27:17 - [MESSAGE][PASSED] - Delayed 2 second(s)

2018-11-08 16:27:17 - [TEST_STEP][PASSED] - setText: Text 'joh' is set on object 'Object Repository/Final Object Repo/Creating Employer Account/Page_Registration - ASSIST (Base)/City - joh'

2018-11-08 16:27:17 - [MESSAGE][PASSED] - Text 'joh' is set on object 'Object Repository/Final Object Repo/Creating Employer Account/Page_Registration - ASSIST (Base)/City - joh'

2018-11-08 16:27:17 - [TEST_STEP][PASSED] - delay: Delayed 2 second(s)

2018-11-08 16:27:19 - [MESSAGE][PASSED] - Delayed 2 second(s)

2018-11-08 16:27:19 - [TEST_STEP][PASSED] - click: Object: 'Object Repository/Final Object Repo/Creating Employer Account/Page_Registration - ASSIST (Base)/City - Johor Bharu' is clicked on

2018-11-08 16:27:20 - [MESSAGE][PASSED] - Object: 'Object Repository/Final Object Repo/Creating Employer Account/Page_Registration - ASSIST (Base)/City - Johor Bharu' is clicked on

2018-11-08 16:27:20 - [TEST_STEP][PASSED] - delay: Delayed 2 second(s)

2018-11-08 16:27:22 - [MESSAGE][PASSED] - Delayed 2 second(s)

2018-11-08 16:27:22 - [TEST_STEP][PASSED] - click: Object: 'Object Repository/Final Object Repo/Creating Employer Account/Page_Registration - ASSIST (Base)/Post Code' is clicked on

2018-11-08 16:27:22 - [MESSAGE][PASSED] - Object: 'Object Repository/Final Object Repo/Creating Employer Account/Page_Registration - ASSIST (Base)/Post Code' is clicked on

2018-11-08 16:27:22 - [TEST_STEP][PASSED] - delay: Delayed 2 second(s)

2018-11-08 16:27:24 - [MESSAGE][PASSED] - Delayed 2 second(s)

2018-11-08 16:27:24 - [TEST_STEP][PASSED] - setText: Text '810' is set on object 'Object Repository/Final Object Repo/Creating Employer Account/Page_Registration - ASSIST (Base)/Post Code - 810'

2018-11-08 16:27:24 - [MESSAGE][PASSED] - Text '810' is set on object 'Object Repository/Final Object Repo/Creating Employer Account/Page_Registration - ASSIST (Base)/Post Code - 810'

2018-11-08 16:27:24 - [TEST_STEP][PASSED] - delay: Delayed 2 second(s)

2018-11-08 16:27:26 - [MESSAGE][PASSED] - Delayed 2 second(s)

2018-11-08 16:27:26 - [TEST_STEP][PASSED] - click: Object: 'Object Repository/Final Object Repo/Creating Employer Account/Page_Registration - ASSIST (Base)/Post Code - 81000' is clicked on

2018-11-08 16:27:27 - [MESSAGE][PASSED] - Object: 'Object Repository/Final Object Repo/Creating Employer Account/Page_Registration - ASSIST (Base)/Post Code - 81000' is clicked on

2018-11-08 16:27:27 - [TEST_STEP][PASSED] - delay: Delayed 2 second(s)

2018-11-08 16:27:29 - [MESSAGE][PASSED] - Delayed 2 second(s)

2018-11-08 16:27:29 - [TEST_STEP][PASSED] - setText: Text 'PERKESO' is set on object 'Object Repository/Final Object Repo/Creating Employer Account/Page_Registration - ASSIST (Base)/Full Name'

2018-11-08 16:27:29 - [MESSAGE][PASSED] - Text 'PERKESO' is set on object 'Object Repository/Final Object Repo/Creating Employer Account/Page_Registration - ASSIST (Base)/Full Name'

2018-11-08 16:27:29 - [TEST_STEP][PASSED] - Statement - rnd = new java.util.Random(): null

2018-11-08 16:27:29 - [TEST_STEP][PASSED] - Statement - snum = rnd.nextInt(899999 + 1) + 100000: null

2018-11-08 16:27:29 - [TEST_STEP][PASSED] - Statement - tnum = rnd.nextInt(899999 + 1) + 100000: null

2018-11-08 16:27:29 - [TEST_STEP][PASSED] - Statement - IC = java.lang.Integer.toString(snum) + java.lang.Integer.toString(tnum): null

2018-11-08 16:27:29 - [TEST_STEP][PASSED] - Statement - out.println(IC): null

2018-11-08 16:27:29 - [TEST_STEP][PASSED] - setText: Text '852624399241' is set on object 'Object Repository/Final Object Repo/Creating Employer Account/Page_Registration - ASSIST (Base)/Identification Number'

2018-11-08 16:27:29 - [MESSAGE][PASSED] - Text '852624399241' is set on object 'Object Repository/Final Object Repo/Creating Employer Account/Page_Registration - ASSIST (Base)/Identification Number'

2018-11-08 16:27:29 - [TEST_STEP][PASSED] - delay: Delayed 2 second(s)

2018-11-08 16:27:31 - [MESSAGE][PASSED] - Delayed 2 second(s)

2018-11-08 16:27:31 - [TEST_STEP][PASSED] - setText: Text '123456789012' is set on object 'Object Repository/Final Object Repo/Creating Employer Account/Page_Registration - ASSIST (Base)/Contact Number'

2018-11-08 16:27:31 - [MESSAGE][PASSED] - Text '123456789012' is set on object 'Object Repository/Final Object Repo/Creating Employer Account/Page_Registration - ASSIST (Base)/Contact Number'

2018-11-08 16:27:31 - [TEST_STEP][PASSED] - Statement - Email = "perkeso" + IC + "@gmail.com": null

2018-11-08 16:27:31 - [TEST_STEP][PASSED] - delay: Delayed 2 second(s)

2018-11-08 16:27:33 - [MESSAGE][PASSED] - Delayed 2 second(s)

2018-11-08 16:27:33 - [TEST_STEP][PASSED] - callTestCase: Call Test Case 'Test Cases/Final Aug 2018 - PKS Automation/Create Employer Acc/Template/Employer Email Settler' successfully

2018-11-08 16:27:33 - [TEST_CASE][PASSED] - Test Cases/Final Aug 2018 - PKS Automation/Create Employer Acc/Template/Employer Email Settler: Test Cases/Final Aug 2018 - PKS Automation/Create Employer Acc/Template/Employer Email Settler

2018-11-08 16:27:33 - [TEST_STEP][PASSED] - Statement - EmpEmailOld = new java.io.File(C://EmpEmail.txt): null

2018-11-08 16:27:33 - [TEST_STEP][PASSED] - Statement - EmpEmailOld.delete(): null

2018-11-08 16:27:33 - [TEST_STEP][PASSED] - Statement - EmpEmail = new java.io.File(C://EmpEmail.txt): null

2018-11-08 16:27:33 - [TEST_STEP][PASSED] - Statement - EmpEmail.append(Email): null

2018-11-08 16:27:33 - [TEST_STEP][PASSED] - Statement - out.println(Email): null

2018-11-08 16:27:33 - [MESSAGE][PASSED] - Call Test Case 'Test Cases/Final Aug 2018 - PKS Automation/Create Employer Acc/Template/Employer Email Settler' successfully

2018-11-08 16:27:33 - [TEST_STEP][PASSED] - delay: Delayed 2 second(s)

2018-11-08 16:27:35 - [MESSAGE][PASSED] - Delayed 2 second(s)

2018-11-08 16:27:35 - [TEST_STEP][PASSED] - setText: Text 'perkeso852624399241@gmail.com' is set on object 'Object Repository/Final Object Repo/Creating Employer Account/Page_Registration - ASSIST (Base)/Email'

2018-11-08 16:27:36 - [MESSAGE][PASSED] - Text 'perkeso852624399241@gmail.com' is set on object 'Object Repository/Final Object Repo/Creating Employer Account/Page_Registration - ASSIST (Base)/Email'

2018-11-08 16:27:36 - [TEST_STEP][PASSED] - setText: Text '123' is set on object 'Object Repository/Final Object Repo/Creating Employer Account/Page_Registration - ASSIST (Base)/Security Phase'

2018-11-08 16:27:36 - [MESSAGE][PASSED] - Text '123' is set on object 'Object Repository/Final Object Repo/Creating Employer Account/Page_Registration - ASSIST (Base)/Security Phase'

2018-11-08 16:27:36 - [TEST_STEP][PASSED] - click: Object: 'Object Repository/Final Object Repo/Creating Employer Account/Page_Registration - ASSIST (Base)/Save  Continue' is clicked on

2018-11-08 16:27:38 - [MESSAGE][PASSED] - Object: 'Object Repository/Final Object Repo/Creating Employer Account/Page_Registration - ASSIST (Base)/Save  Continue' is clicked on

2018-11-08 16:27:38 - [TEST_STEP][PASSED] - delay: Delayed 2 second(s)

2018-11-08 16:27:40 - [MESSAGE][PASSED] - Delayed 2 second(s)

2018-11-08 16:27:40 - [TEST_STEP][PASSED] - click: Object: 'Object Repository/Final Object Repo/Creating Employer Account/Page_Registration - ASSIST (Base)/Add Document' is clicked on

2018-11-08 16:27:40 - [MESSAGE][PASSED] - Object: 'Object Repository/Final Object Repo/Creating Employer Account/Page_Registration - ASSIST (Base)/Add Document' is clicked on

2018-11-08 16:27:40 - [TEST_STEP][PASSED] - delay: Delayed 2 second(s)

2018-11-08 16:27:42 - [MESSAGE][PASSED] - Delayed 2 second(s)

2018-11-08 16:27:42 - [TEST_STEP][PASSED] - click: Object: 'Object Repository/Final Object Repo/Creating Employer Account/Page_Registration - ASSIST (Base)/Document Type' is clicked on

2018-11-08 16:27:43 - [MESSAGE][PASSED] - Object: 'Object Repository/Final Object Repo/Creating Employer Account/Page_Registration - ASSIST (Base)/Document Type' is clicked on

2018-11-08 16:27:43 - [TEST_STEP][PASSED] - delay: Delayed 2 second(s)

2018-11-08 16:27:45 - [MESSAGE][PASSED] - Delayed 2 second(s)

2018-11-08 16:27:45 - [TEST_STEP][PASSED] - click: Object: 'Object Repository/Final Object Repo/Creating Employer Account/Page_Registration - ASSIST (Base)/Document Type - Letter of Authorization' is clicked on

2018-11-08 16:27:45 - [MESSAGE][PASSED] - Object: 'Object Repository/Final Object Repo/Creating Employer Account/Page_Registration - ASSIST (Base)/Document Type - Letter of Authorization' is clicked on

2018-11-08 16:27:45 - [TEST_STEP][PASSED] - delay: Delayed 2 second(s)

2018-11-08 16:27:47 - [MESSAGE][PASSED] - Delayed 2 second(s)

2018-11-08 16:27:47 - [TEST_STEP][PASSED] - sendKeys: Keys 'C:\Users\Public\Pictures\Sample Pictures\Act.jpg' sent to object: 'Object Repository/Final Object Repo/Creating Employer Account/Page_Registration - ASSIST (Base)/Uploading File'

2018-11-08 16:27:47 - [MESSAGE][PASSED] - Keys 'C:\Users\Public\Pictures\Sample Pictures\Act.jpg' sent to object: 'Object Repository/Final Object Repo/Creating Employer Account/Page_Registration - ASSIST (Base)/Uploading File'

2018-11-08 16:27:47 - [TEST_STEP][PASSED] - delay: Delayed 2 second(s)

2018-11-08 16:27:49 - [MESSAGE][PASSED] - Delayed 2 second(s)

2018-11-08 16:27:49 - [TEST_STEP][PASSED] - click: Object: 'Object Repository/Final Object Repo/Creating Employer Account/Page_Registration - ASSIST (Base)/Add Document in Uploading File' is clicked on

2018-11-08 16:27:53 - [MESSAGE][PASSED] - Object: 'Object Repository/Final Object Repo/Creating Employer Account/Page_Registration - ASSIST (Base)/Add Document in Uploading File' is clicked on

2018-11-08 16:27:53 - [TEST_STEP][PASSED] - delay: Delayed 2 second(s)

2018-11-08 16:27:55 - [MESSAGE][PASSED] - Delayed 2 second(s)

2018-11-08 16:27:55 - [TEST_STEP][PASSED] - click: Object: 'Object Repository/Final Object Repo/Creating Employer Account/Page_Registration - ASSIST (Base)/Save' is clicked on

2018-11-08 16:27:57 - [MESSAGE][PASSED] - Object: 'Object Repository/Final Object Repo/Creating Employer Account/Page_Registration - ASSIST (Base)/Save' is clicked on

2018-11-08 16:27:57 - [TEST_STEP][PASSED] - delay: Delayed 2 second(s)

2018-11-08 16:27:59 - [MESSAGE][PASSED] - Delayed 2 second(s)

2018-11-08 16:27:59 - [TEST_STEP][PASSED] - click: Object: 'Object Repository/Final Object Repo/Creating Employer Account/Page_Registration - ASSIST (Base)/Submit' is clicked on

2018-11-08 16:28:00 - [MESSAGE][PASSED] - Object: 'Object Repository/Final Object Repo/Creating Employer Account/Page_Registration - ASSIST (Base)/Submit' is clicked on

2018-11-08 16:28:00 - [TEST_STEP][PASSED] - delay: Delayed 2 second(s)

2018-11-08 16:28:02 - [MESSAGE][PASSED] - Delayed 2 second(s)

2018-11-08 16:28:02 - [TEST_STEP][PASSED] - click: Object: 'Object Repository/Final Object Repo/Creating Employer Account/Page_Registration - ASSIST (Base)/Confirm' is clicked on

2018-11-08 16:28:02 - [MESSAGE][PASSED] - Object: 'Object Repository/Final Object Repo/Creating Employer Account/Page_Registration - ASSIST (Base)/Confirm' is clicked on

2018-11-08 16:28:02 - [MESSAGE][PASSED] - Call Test Case 'Test Cases/Final Aug 2018 - PKS Automation/Create Employer Acc/Template/Register Employer' successfully

2018-11-08 16:28:02 - [TEST_STEP][PASSED] - delay: Delayed 1 second(s)

2018-11-08 16:28:03 - [MESSAGE][PASSED] - Delayed 1 second(s)

2018-11-08 16:28:03 - [TEST_STEP][PASSED] - navigateToUrl: Navigate to 'https://assist2-uat.perkeso.gov.my/c/portal/logout' successfully

2018-11-08 16:28:04 - [MESSAGE][PASSED] - Navigate to 'https://assist2-uat.perkeso.gov.my/c/portal/logout' successfully

2018-11-08 16:28:04 - [TEST_STEP][PASSED] - delay: Delayed 1 second(s)

2018-11-08 16:28:05 - [MESSAGE][PASSED] - Delayed 1 second(s)

2018-11-08 16:28:05 - [TEST_STEP][PASSED] - callTestCase: Call Test Case 'Test Cases/Final Aug 2018 - PKS Automation/Create Employer Acc/Template/Change Password of Employer' successfully

2018-11-08 16:28:05 - [TEST_CASE][PASSED] - Test Cases/Final Aug 2018 - PKS Automation/Create Employer Acc/Template/Change Password of Employer: Test Cases/Final Aug 2018 - PKS Automation/Create Employer Acc/Template/Change Password of Employer

2018-11-08 16:28:05 - [TEST_STEP][PASSED] - openBrowser: Browser is opened with url: ''

2018-11-08 16:28:05 - [MESSAGE][WARNING] - A browser is already opened. Closing browser and opening a new one

2018-11-08 16:28:10 - [MESSAGE][PASSED] - Browser is opened with url: ''

2018-11-08 16:28:10 - [TEST_STEP][PASSED] - navigateToUrl: Navigate to 'https://assist2-uat.perkeso.gov.my/login' successfully

2018-11-08 16:28:13 - [MESSAGE][PASSED] - Navigate to 'https://assist2-uat.perkeso.gov.my/login' successfully

2018-11-08 16:28:13 - [TEST_STEP][PASSED] - delay: Delayed 5 second(s)

2018-11-08 16:28:18 - [MESSAGE][PASSED] - Delayed 5 second(s)

2018-11-08 16:28:18 - [TEST_STEP][PASSED] - setText: Text 'test@liferay.com' is set on object 'Object Repository/Final Object Repo/Login Page/Internal User/Email Address'

2018-11-08 16:28:18 - [MESSAGE][PASSED] - Text 'test@liferay.com' is set on object 'Object Repository/Final Object Repo/Login Page/Internal User/Email Address'

2018-11-08 16:28:18 - [TEST_STEP][PASSED] - click: Object: 'Object Repository/Final Object Repo/Login Page/Internal User/Next Button' is clicked on

2018-11-08 16:28:19 - [MESSAGE][PASSED] - Object: 'Object Repository/Final Object Repo/Login Page/Internal User/Next Button' is clicked on

2018-11-08 16:28:19 - [TEST_STEP][PASSED] - delay: Delayed 2 second(s)

2018-11-08 16:28:21 - [MESSAGE][PASSED] - Delayed 2 second(s)

2018-11-08 16:28:21 - [TEST_STEP][PASSED] - setText: Text 'test' is set on object 'Object Repository/Final Object Repo/Login Page/Internal User/Password'

2018-11-08 16:28:21 - [MESSAGE][PASSED] - Text 'test' is set on object 'Object Repository/Final Object Repo/Login Page/Internal User/Password'

2018-11-08 16:28:21 - [TEST_STEP][PASSED] - delay: Delayed 2 second(s)

2018-11-08 16:28:23 - [MESSAGE][PASSED] - Delayed 2 second(s)

2018-11-08 16:28:23 - [TEST_STEP][PASSED] - click: Object: 'Object Repository/Final Object Repo/Login Page/Internal User/Login Button' is clicked on

2018-11-08 16:28:27 - [MESSAGE][PASSED] - Object: 'Object Repository/Final Object Repo/Login Page/Internal User/Login Button' is clicked on

2018-11-08 16:28:27 - [TEST_STEP][PASSED] - delay: Delayed 3 second(s)

2018-11-08 16:28:30 - [MESSAGE][PASSED] - Delayed 3 second(s)

2018-11-08 16:28:30 - [TEST_STEP][PASSED] - navigateToUrl: Navigate to 'https://assist2-uat.perkeso.gov.my/group/control_panel/manage?p_p_id=125&p_p_lifecycle=0&p_p_state=maximized&p_p_mode=view&refererPlid=20455&_125_usersListView=flat-users&_125_toolbarItem=view-all-users&_125_saveUsersListView=true&_125_struts_action=%2Fusers_admin%2Fview' successfully

2018-11-08 16:28:33 - [MESSAGE][PASSED] - Navigate to 'https://assist2-uat.perkeso.gov.my/group/control_panel/manage?p_p_id=125&p_p_lifecycle=0&p_p_state=maximized&p_p_mode=view&refererPlid=20455&_125_usersListView=flat-users&_125_toolbarItem=view-all-users&_125_saveUsersListView=true&_125_struts_action=%2Fusers_admin%2Fview' successfully

2018-11-08 16:28:33 - [TEST_STEP][PASSED] - delay: Delayed 3 second(s)

2018-11-08 16:28:36 - [MESSAGE][PASSED] - Delayed 3 second(s)

2018-11-08 16:28:36 - [TEST_STEP][PASSED] - setText: Text 'perkeso852624399241@gmail.com' is set on object 'Object Repository/Final Object Repo/Creating Employer Account/Page_Users and Organizations - ASSIST/Employer name'

2018-11-08 16:28:36 - [MESSAGE][PASSED] - Text 'perkeso852624399241@gmail.com' is set on object 'Object Repository/Final Object Repo/Creating Employer Account/Page_Users and Organizations - ASSIST/Employer name'

2018-11-08 16:28:36 - [TEST_STEP][PASSED] - delay: Delayed 3 second(s)

2018-11-08 16:28:39 - [MESSAGE][PASSED] - Delayed 3 second(s)

2018-11-08 16:28:39 - [TEST_STEP][PASSED] - click: Object: 'Object Repository/Final Object Repo/Creating Employer Account/Page_Users and Organizations - ASSIST/Search' is clicked on

2018-11-08 16:28:41 - [MESSAGE][PASSED] - Object: 'Object Repository/Final Object Repo/Creating Employer Account/Page_Users and Organizations - ASSIST/Search' is clicked on

2018-11-08 16:28:41 - [TEST_STEP][PASSED] - delay: Delayed 3 second(s)

2018-11-08 16:28:44 - [MESSAGE][PASSED] - Delayed 3 second(s)

2018-11-08 16:28:44 - [TEST_STEP][PASSED] - click: Object: 'Object Repository/Final Object Repo/Creating Employer Account/Page_Users and Organizations - ASSIST/Action' is clicked on

2018-11-08 16:28:44 - [MESSAGE][PASSED] - Object: 'Object Repository/Final Object Repo/Creating Employer Account/Page_Users and Organizations - ASSIST/Action' is clicked on

2018-11-08 16:28:44 - [TEST_STEP][PASSED] - delay: Delayed 3 second(s)

2018-11-08 16:28:47 - [MESSAGE][PASSED] - Delayed 3 second(s)

2018-11-08 16:28:47 - [TEST_STEP][PASSED] - click: Object: 'Object Repository/Final Object Repo/Creating Employer Account/Page_Users and Organizations - ASSIST/Edit' is clicked on

2018-11-08 16:28:49 - [MESSAGE][PASSED] - Object: 'Object Repository/Final Object Repo/Creating Employer Account/Page_Users and Organizations - ASSIST/Edit' is clicked on

2018-11-08 16:28:49 - [TEST_STEP][PASSED] - delay: Delayed 3 second(s)

2018-11-08 16:28:52 - [MESSAGE][PASSED] - Delayed 3 second(s)

2018-11-08 16:28:52 - [TEST_STEP][PASSED] - click: Object: 'Object Repository/Final Object Repo/Creating Employer Account/Page_PERKESO - Users and Organizati/a_Password (Modified)' is clicked on

2018-11-08 16:28:53 - [MESSAGE][PASSED] - Object: 'Object Repository/Final Object Repo/Creating Employer Account/Page_PERKESO - Users and Organizati/a_Password (Modified)' is clicked on

2018-11-08 16:28:53 - [TEST_STEP][PASSED] - delay: Delayed 3 second(s)

2018-11-08 16:28:56 - [MESSAGE][PASSED] - Delayed 3 second(s)

2018-11-08 16:28:56 - [TEST_STEP][PASSED] - setEncryptedText: Text ****** has been set on object 'Object Repository/Final Object Repo/Creating Employer Account/Page_PERKESO - Users and Organizati/input__125_password1'

2018-11-08 16:28:56 - [MESSAGE][PASSED] - Text ****** has been set on object 'Object Repository/Final Object Repo/Creating Employer Account/Page_PERKESO - Users and Organizati/input__125_password1'

2018-11-08 16:28:56 - [TEST_STEP][PASSED] - delay: Delayed 3 second(s)

2018-11-08 16:28:59 - [MESSAGE][PASSED] - Delayed 3 second(s)

2018-11-08 16:28:59 - [TEST_STEP][PASSED] - setEncryptedText: Text ****** has been set on object 'Object Repository/Final Object Repo/Creating Employer Account/Page_PERKESO - Users and Organizati/input__125_password2'

2018-11-08 16:28:59 - [MESSAGE][PASSED] - Text ****** has been set on object 'Object Repository/Final Object Repo/Creating Employer Account/Page_PERKESO - Users and Organizati/input__125_password2'

2018-11-08 16:28:59 - [TEST_STEP][PASSED] - delay: Delayed 3 second(s)

2018-11-08 16:29:02 - [MESSAGE][PASSED] - Delayed 3 second(s)

2018-11-08 16:29:02 - [TEST_STEP][PASSED] - click: Object: 'Object Repository/Final Object Repo/Creating Employer Account/Page_PERKESO - Users and Organizati/Save' is clicked on

2018-11-08 16:29:04 - [MESSAGE][PASSED] - Object: 'Object Repository/Final Object Repo/Creating Employer Account/Page_PERKESO - Users and Organizati/Save' is clicked on

2018-11-08 16:29:04 - [MESSAGE][PASSED] - Call Test Case 'Test Cases/Final Aug 2018 - PKS Automation/Create Employer Acc/Template/Change Password of Employer' successfully

2018-11-08 16:29:04 - [TEST_STEP][PASSED] - delay: Delayed 1 second(s)

2018-11-08 16:29:05 - [MESSAGE][PASSED] - Delayed 1 second(s)

2018-11-08 16:29:05 - [TEST_STEP][PASSED] - navigateToUrl: Navigate to 'https://assist2-uat.perkeso.gov.my/c/portal/logout' successfully

2018-11-08 16:29:07 - [MESSAGE][PASSED] - Navigate to 'https://assist2-uat.perkeso.gov.my/c/portal/logout' successfully

2018-11-08 16:29:07 - [TEST_STEP][PASSED] - delay: Delayed 1 second(s)

2018-11-08 16:29:08 - [MESSAGE][PASSED] - Delayed 1 second(s)

2018-11-08 16:29:08 - [TEST_STEP][PASSED] - callTestCase: Call Test Case 'Test Cases/Final Aug 2018 - PKS Automation/Create Employer Acc/Template/Login to Employer Account (First Time)' successfully

2018-11-08 16:29:08 - [TEST_CASE][PASSED] - Test Cases/Final Aug 2018 - PKS Automation/Create Employer Acc/Template/Login to Employer Account (First Time): Test Cases/Final Aug 2018 - PKS Automation/Create Employer Acc/Template/Login to Employer Account (First Time)

2018-11-08 16:29:08 - [TEST_STEP][PASSED] - openBrowser: Browser is opened with url: ''

2018-11-08 16:29:08 - [MESSAGE][WARNING] - A browser is already opened. Closing browser and opening a new one

2018-11-08 16:29:13 - [MESSAGE][PASSED] - Browser is opened with url: ''

2018-11-08 16:29:13 - [TEST_STEP][PASSED] - navigateToUrl: Navigate to 'https://assist2-uat.perkeso.gov.my/employer/login' successfully

2018-11-08 16:29:19 - [MESSAGE][PASSED] - Navigate to 'https://assist2-uat.perkeso.gov.my/employer/login' successfully

2018-11-08 16:29:19 - [TEST_STEP][PASSED] - delay: Delayed 3 second(s)

2018-11-08 16:29:22 - [MESSAGE][PASSED] - Delayed 3 second(s)

2018-11-08 16:29:22 - [TEST_STEP][PASSED] - callTestCase: Call Test Case 'Test Cases/Final Aug 2018 - PKS Automation/Create Employer Acc/Template/Employer Email Getter' successfully

2018-11-08 16:29:22 - [TEST_CASE][PASSED] - Test Cases/Final Aug 2018 - PKS Automation/Create Employer Acc/Template/Employer Email Getter: Test Cases/Final Aug 2018 - PKS Automation/Create Employer Acc/Template/Employer Email Getter

2018-11-08 16:29:22 - [TEST_STEP][PASSED] - Statement - Try: null

2018-11-08 16:29:22 - [TEST_STEP][PASSED] - Statement - EmpEmail = new java.io.File(C://EmpEmail.txt): null

2018-11-08 16:29:22 - [TEST_STEP][PASSED] - Statement - bufferread = new java.io.BufferedReader(new java.io.FileReader(EmpEmail)): null

2018-11-08 16:29:22 - [TEST_STEP][PASSED] - Statement - readedVal = bufferread.readLine(): null

2018-11-08 16:29:22 - [TEST_STEP][PASSED] - Statement - out.println(readedVal): null

2018-11-08 16:29:22 - [TEST_STEP][PASSED] - Statement - Email = readedVal: null

2018-11-08 16:29:22 - [MESSAGE][PASSED] - Call Test Case 'Test Cases/Final Aug 2018 - PKS Automation/Create Employer Acc/Template/Employer Email Getter' successfully

2018-11-08 16:29:22 - [TEST_STEP][PASSED] - setText: Text 'perkeso852624399241@gmail.com' is set on object 'Object Repository/Final Object Repo/Login Page/External Login Page/Email'

2018-11-08 16:29:22 - [MESSAGE][PASSED] - Text 'perkeso852624399241@gmail.com' is set on object 'Object Repository/Final Object Repo/Login Page/External Login Page/Email'

2018-11-08 16:29:22 - [TEST_STEP][PASSED] - click: Object: 'Object Repository/Final Object Repo/Login Page/External Login Page/Next' is clicked on

2018-11-08 16:29:23 - [MESSAGE][PASSED] - Object: 'Object Repository/Final Object Repo/Login Page/External Login Page/Next' is clicked on

2018-11-08 16:29:23 - [TEST_STEP][PASSED] - delay: Delayed 3 second(s)

2018-11-08 16:29:26 - [MESSAGE][PASSED] - Delayed 3 second(s)

2018-11-08 16:29:26 - [TEST_STEP][PASSED] - setEncryptedText: Text ****** has been set on object 'Object Repository/Final Object Repo/Login Page/External Login Page/Password'

2018-11-08 16:29:26 - [MESSAGE][PASSED] - Text ****** has been set on object 'Object Repository/Final Object Repo/Login Page/External Login Page/Password'

2018-11-08 16:29:26 - [TEST_STEP][PASSED] - click: Object: 'Object Repository/Final Object Repo/Login Page/External Login Page/Login' is clicked on

2018-11-08 16:29:29 - [MESSAGE][PASSED] - Object: 'Object Repository/Final Object Repo/Login Page/External Login Page/Login' is clicked on

2018-11-08 16:29:29 - [TEST_STEP][PASSED] - delay: Delayed 3 second(s)

2018-11-08 16:29:32 - [MESSAGE][PASSED] - Delayed 3 second(s)

2018-11-08 16:29:32 - [TEST_STEP][PASSED] - click: Object: 'Object Repository/Final Object Repo/Creating Employer Account/Page_Terms of Use - ASSIST/button_I Agree' is clicked on

2018-11-08 16:29:34 - [MESSAGE][PASSED] - Object: 'Object Repository/Final Object Repo/Creating Employer Account/Page_Terms of Use - ASSIST/button_I Agree' is clicked on

2018-11-08 16:29:34 - [TEST_STEP][PASSED] - delay: Delayed 2 second(s)

2018-11-08 16:29:36 - [MESSAGE][PASSED] - Delayed 2 second(s)

2018-11-08 16:29:36 - [TEST_STEP][PASSED] - setEncryptedText: Text ****** has been set on object 'Object Repository/Final Object Repo/Creating Employer Account/Page_New Password - ASSIST/input_password1'

2018-11-08 16:29:36 - [MESSAGE][PASSED] - Text ****** has been set on object 'Object Repository/Final Object Repo/Creating Employer Account/Page_New Password - ASSIST/input_password1'

2018-11-08 16:29:36 - [TEST_STEP][PASSED] - setEncryptedText: Text ****** has been set on object 'Object Repository/Final Object Repo/Creating Employer Account/Page_New Password - ASSIST/input_password2'

2018-11-08 16:29:36 - [MESSAGE][PASSED] - Text ****** has been set on object 'Object Repository/Final Object Repo/Creating Employer Account/Page_New Password - ASSIST/input_password2'

2018-11-08 16:29:36 - [TEST_STEP][PASSED] - delay: Delayed 2 second(s)

2018-11-08 16:29:38 - [MESSAGE][PASSED] - Delayed 2 second(s)

2018-11-08 16:29:38 - [TEST_STEP][PASSED] - click: Object: 'Object Repository/Final Object Repo/Creating Employer Account/Page_New Password - ASSIST/Save' is clicked on

2018-11-08 16:29:40 - [MESSAGE][PASSED] - Object: 'Object Repository/Final Object Repo/Creating Employer Account/Page_New Password - ASSIST/Save' is clicked on

2018-11-08 16:29:40 - [TEST_STEP][PASSED] - delay: Delayed 2 second(s)

2018-11-08 16:29:42 - [MESSAGE][PASSED] - Delayed 2 second(s)

2018-11-08 16:29:42 - [TEST_STEP][PASSED] - setText: Text 'test' is set on object 'Object Repository/Final Object Repo/Creating Employer Account/Page_Password Reminder - ASSIST/Reminder Query Answer'

2018-11-08 16:29:42 - [MESSAGE][PASSED] - Text 'test' is set on object 'Object Repository/Final Object Repo/Creating Employer Account/Page_Password Reminder - ASSIST/Reminder Query Answer'

2018-11-08 16:29:42 - [TEST_STEP][PASSED] - delay: Delayed 2 second(s)

2018-11-08 16:29:44 - [MESSAGE][PASSED] - Delayed 2 second(s)

2018-11-08 16:29:44 - [TEST_STEP][PASSED] - doubleClick: Object: 'Object Repository/Final Object Repo/Creating Employer Account/Page_Password Reminder - ASSIST/Save' is double clicked on

2018-11-08 16:29:45 - [MESSAGE][PASSED] - Object: 'Object Repository/Final Object Repo/Creating Employer Account/Page_Password Reminder - ASSIST/Save' is double clicked on

2018-11-08 16:29:45 - [MESSAGE][PASSED] - Call Test Case 'Test Cases/Final Aug 2018 - PKS Automation/Create Employer Acc/Template/Login to Employer Account (First Time)' successfully

2018-11-08 16:29:45 - [MESSAGE][PASSED] - Call Test Case 'Test Cases/Final Aug 2018 - PKS Automation/Create Employer Acc/Create Employer Account' successfully

2018-11-08 16:29:45 - [TEST_STEP][PASSED] - callTestCase: Call Test Case 'Test Cases/Final Aug 2018 - PKS Automation/Registration Module/Log Out/log out avoiding katalon tagging' successfully

2018-11-08 16:29:45 - [TEST_CASE][PASSED] - Test Cases/Final Aug 2018 - PKS Automation/Registration Module/Log Out/log out avoiding katalon tagging: Test Cases/Final Aug 2018 - PKS Automation/Registration Module/Log Out/log out avoiding katalon tagging

2018-11-08 16:29:45 - [TEST_STEP][PASSED] - navigateToUrl: Navigate to 'https://assist2-uat.perkeso.gov.my/c/portal/logout' successfully

2018-11-08 16:29:46 - [MESSAGE][PASSED] - Navigate to 'https://assist2-uat.perkeso.gov.my/c/portal/logout' successfully

2018-11-08 16:29:46 - [MESSAGE][PASSED] - Call Test Case 'Test Cases/Final Aug 2018 - PKS Automation/Registration Module/Log Out/log out avoiding katalon tagging' successfully

2018-11-08 16:29:46 - [TEST_STEP][PASSED] - callTestCase: Call Test Case 'Test Cases/Final Aug 2018 - PKS Automation/Create Employer Acc/Login to Employer Account (Second time)' successfully

2018-11-08 16:29:46 - [TEST_CASE][PASSED] - Test Cases/Final Aug 2018 - PKS Automation/Create Employer Acc/Login to Employer Account (Second time): Test Cases/Final Aug 2018 - PKS Automation/Create Employer Acc/Login to Employer Account (Second time)

2018-11-08 16:29:46 - [TEST_STEP][PASSED] - openBrowser: Browser is opened with url: ''

2018-11-08 16:29:46 - [MESSAGE][WARNING] - A browser is already opened. Closing browser and opening a new one

2018-11-08 16:29:54 - [MESSAGE][PASSED] - Browser is opened with url: ''

2018-11-08 16:29:54 - [TEST_STEP][PASSED] - navigateToUrl: Navigate to 'https://assist2-uat.perkeso.gov.my/employer/login' successfully

2018-11-08 16:29:57 - [MESSAGE][PASSED] - Navigate to 'https://assist2-uat.perkeso.gov.my/employer/login' successfully

2018-11-08 16:29:57 - [TEST_STEP][PASSED] - delay: Delayed 3 second(s)

2018-11-08 16:30:00 - [MESSAGE][PASSED] - Delayed 3 second(s)

2018-11-08 16:30:00 - [TEST_STEP][PASSED] - callTestCase: Call Test Case 'Test Cases/Final Aug 2018 - PKS Automation/Create Employer Acc/Template/Employer Email Getter' successfully

2018-11-08 16:30:00 - [TEST_CASE][PASSED] - Test Cases/Final Aug 2018 - PKS Automation/Create Employer Acc/Template/Employer Email Getter: Test Cases/Final Aug 2018 - PKS Automation/Create Employer Acc/Template/Employer Email Getter

2018-11-08 16:30:00 - [TEST_STEP][PASSED] - Statement - Try: null

2018-11-08 16:30:00 - [TEST_STEP][PASSED] - Statement - EmpEmail = new java.io.File(C://EmpEmail.txt): null

2018-11-08 16:30:00 - [TEST_STEP][PASSED] - Statement - bufferread = new java.io.BufferedReader(new java.io.FileReader(EmpEmail)): null

2018-11-08 16:30:00 - [TEST_STEP][PASSED] - Statement - readedVal = bufferread.readLine(): null

2018-11-08 16:30:00 - [TEST_STEP][PASSED] - Statement - out.println(readedVal): null

2018-11-08 16:30:00 - [TEST_STEP][PASSED] - Statement - Email = readedVal: null

2018-11-08 16:30:00 - [MESSAGE][PASSED] - Call Test Case 'Test Cases/Final Aug 2018 - PKS Automation/Create Employer Acc/Template/Employer Email Getter' successfully

2018-11-08 16:30:00 - [TEST_STEP][PASSED] - setText: Text 'perkeso852624399241@gmail.com' is set on object 'Object Repository/Final Object Repo/Login Page/External Login Page/Email'

2018-11-08 16:30:00 - [MESSAGE][PASSED] - Text 'perkeso852624399241@gmail.com' is set on object 'Object Repository/Final Object Repo/Login Page/External Login Page/Email'

2018-11-08 16:30:00 - [TEST_STEP][PASSED] - click: Object: 'Object Repository/Final Object Repo/Login Page/External Login Page/Next' is clicked on

2018-11-08 16:30:01 - [MESSAGE][PASSED] - Object: 'Object Repository/Final Object Repo/Login Page/External Login Page/Next' is clicked on

2018-11-08 16:30:01 - [TEST_STEP][PASSED] - delay: Delayed 3 second(s)

2018-11-08 16:30:04 - [MESSAGE][PASSED] - Delayed 3 second(s)

2018-11-08 16:30:04 - [TEST_STEP][PASSED] - setEncryptedText: Text ****** has been set on object 'Object Repository/Final Object Repo/Login Page/External Login Page/Password'

2018-11-08 16:30:04 - [MESSAGE][PASSED] - Text ****** has been set on object 'Object Repository/Final Object Repo/Login Page/External Login Page/Password'

2018-11-08 16:30:04 - [TEST_STEP][PASSED] - click: Object: 'Object Repository/Final Object Repo/Login Page/External Login Page/Login' is clicked on

2018-11-08 16:30:08 - [MESSAGE][PASSED] - Object: 'Object Repository/Final Object Repo/Login Page/External Login Page/Login' is clicked on

2018-11-08 16:30:08 - [TEST_STEP][PASSED] - delay: Delayed 5 second(s)

2018-11-08 16:30:13 - [MESSAGE][PASSED] - Delayed 5 second(s)

2018-11-08 16:30:13 - [MESSAGE][PASSED] - Call Test Case 'Test Cases/Final Aug 2018 - PKS Automation/Create Employer Acc/Login to Employer Account (Second time)' successfully

2018-11-08 16:30:13 - [TEST_STEP][PASSED] - Statement - Try: Delayed 2 second(s)

2018-11-08 16:30:13 - [TEST_STEP][PASSED] - Statement - Checker = false: null

2018-11-08 16:30:13 - [TEST_STEP][PASSED] - Statement - Checker = com.kms.katalon.core.webui.keyword.WebUiBuiltInKeywords.verifyElementHasAttribute(com.kms.katalon.core.testobject.ObjectRepository.findTestObject(Final Object Repo/Landing Page/BM Detecting), "href", 20, OPTIONAL): Object 'Object Repository/Final Object Repo/Landing Page/BM Detecting' has attribute 'href'

2018-11-08 16:30:13 - [MESSAGE][PASSED] - Object 'Object Repository/Final Object Repo/Landing Page/BM Detecting' has attribute 'href'

2018-11-08 16:30:13 - [TEST_STEP][PASSED] - Statement - out.println(Checker): null

2018-11-08 16:30:13 - [TEST_STEP][PASSED] - Statement - If (Checker == false): null

2018-11-08 16:30:13 - [TEST_STEP][PASSED] - Statement - Else: null

2018-11-08 16:30:13 - [TEST_STEP][PASSED] - delay: Delayed 2 second(s)

2018-11-08 16:30:15 - [MESSAGE][PASSED] - Delayed 2 second(s)

2018-11-08 16:30:15 - [TEST_STEP][PASSED] - delay: Delayed 4 second(s)

2018-11-08 16:30:19 - [MESSAGE][PASSED] - Delayed 4 second(s)

2018-11-08 16:30:19 - [TEST_STEP][FAILED] - click: Unable to click on object 'Object Repository/Final Object Repo/Landing Page/My Sites Drop Down' (Root cause: com.kms.katalon.core.webui.exception.WebElementNotFoundException: Web element with id: 'Object Repository/Final Object Repo/Landing Page/My Sites Drop Down' located by 'By.xpath: //a[(text() = '

				
			
					

					
						My Sites
					

					
						
					
			
				' or . = '

				
			
					

					
						My Sites
					

					
						
					
			
				')]' not found)

2018-11-08 16:30:53 - [MESSAGE][FAILED] - Unable to click on object 'Object Repository/Final Object Repo/Landing Page/My Sites Drop Down' (Root cause: com.kms.katalon.core.webui.exception.WebElementNotFoundException: Web element with id: 'Object Repository/Final Object Repo/Landing Page/My Sites Drop Down' located by 'By.xpath: //a[(text() = '

				
			
					

					
						My Sites
					

					
						
					
			
				' or . = '

				
			
					

					
						My Sites
					

					
						
					
			
				')]' not found)
[[ATTACHMENT|C:\\Users\\LENOVO\\Katalon Studio\\Perkeso Phase A\\Reports\\Workflow\\New Registration\\20181108_145105\\1541665852928.png]]

2018-11-08 16:30:53 - [TEST_STEP][FAILED] - click: Unable to click on object 'Object Repository/Final Object Repo/Landing Page/Select to Registration Module' (Root cause: com.kms.katalon.core.webui.exception.WebElementNotFoundException: Web element with id: 'Object Repository/Final Object Repo/Landing Page/Select to Registration Module' located by 'By.xpath: //span[@class = 'site-name' and (contains(text(), '
	REGISTRATION
') or contains(., '
	REGISTRATION
'))]' not found)

2018-11-08 16:31:25 - [MESSAGE][FAILED] - Unable to click on object 'Object Repository/Final Object Repo/Landing Page/Select to Registration Module' (Root cause: com.kms.katalon.core.webui.exception.WebElementNotFoundException: Web element with id: 'Object Repository/Final Object Repo/Landing Page/Select to Registration Module' located by 'By.xpath: //span[@class = 'site-name' and (contains(text(), '
	REGISTRATION
') or contains(., '
	REGISTRATION
'))]' not found)
[[ATTACHMENT|C:\\Users\\LENOVO\\Katalon Studio\\Perkeso Phase A\\Reports\\Workflow\\New Registration\\20181108_145105\\1541665885311.png]]

2018-11-08 16:31:25 - [TEST_STEP][FAILED] - click: Unable to click on object 'Object Repository/Final Object Repo/Landing Page/Registration Button' (Root cause: com.kms.katalon.core.webui.exception.WebElementNotFoundException: Web element with id: 'Object Repository/Final Object Repo/Landing Page/Registration Button' located by 'By.xpath: //span[(contains(text(), '























































 Registration ') or contains(., '























































 Registration '))]' not found)

2018-11-08 16:31:57 - [MESSAGE][FAILED] - Unable to click on object 'Object Repository/Final Object Repo/Landing Page/Registration Button' (Root cause: com.kms.katalon.core.webui.exception.WebElementNotFoundException: Web element with id: 'Object Repository/Final Object Repo/Landing Page/Registration Button' located by 'By.xpath: //span[(contains(text(), '























































 Registration ') or contains(., '























































 Registration '))]' not found)
[[ATTACHMENT|C:\\Users\\LENOVO\\Katalon Studio\\Perkeso Phase A\\Reports\\Workflow\\New Registration\\20181108_145105\\1541665917202.png]]

2018-11-08 16:31:57 - [TEST_STEP][PASSED] - delay: Delayed 2 second(s)

2018-11-08 16:31:59 - [MESSAGE][PASSED] - Delayed 2 second(s)

2018-11-08 16:31:59 - [TEST_STEP][FAILED] - click: Unable to click on object 'Object Repository/Final Object Repo/New Registration - Registration Module Pages/New Reg - OTC to RO/Special Case - OTC - Form 1/AEC NO' (Root cause: com.kms.katalon.core.webui.exception.WebElementNotFoundException: Web element with id: 'Object Repository/Final Object Repo/New Registration - Registration Module Pages/New Reg - OTC to RO/Special Case - OTC - Form 1/AEC NO' located by 'By.xpath: //label[@class = 'radio' and (text() = '
	

	





	
	
	
	
	

		

		
	
	
	
	





	

	
		
	No

	

	

	

	

	
		' or . = '
	

	





	
	
	
	
	

		

		
	
	
	
	





	

	
		
	No

	

	

	

	

	
		')]' not found)

2018-11-08 16:32:31 - [MESSAGE][FAILED] - Unable to click on object 'Object Repository/Final Object Repo/New Registration - Registration Module Pages/New Reg - OTC to RO/Special Case - OTC - Form 1/AEC NO' (Root cause: com.kms.katalon.core.webui.exception.WebElementNotFoundException: Web element with id: 'Object Repository/Final Object Repo/New Registration - Registration Module Pages/New Reg - OTC to RO/Special Case - OTC - Form 1/AEC NO' located by 'By.xpath: //label[@class = 'radio' and (text() = '
	

	





	
	
	
	
	

		

		
	
	
	
	





	

	
		
	No

	

	

	

	

	
		' or . = '
	

	





	
	
	
	
	

		

		
	
	
	
	





	

	
		
	No

	

	

	

	

	
		')]' not found)
[[ATTACHMENT|C:\\Users\\LENOVO\\Katalon Studio\\Perkeso Phase A\\Reports\\Workflow\\New Registration\\20181108_145105\\1541665951317.png]]

2018-11-08 16:32:31 - [TEST_STEP][FAILED] - click: Unable to click on object 'Object Repository/Final Object Repo/New Registration - Registration Module Pages/New Reg - OTC to RO/Special Case - OTC - Form 1/Business Entity - Please Select' (Root cause: com.kms.katalon.core.webui.exception.WebElementNotFoundException: Web element with id: 'Object Repository/Final Object Repo/New Registration - Registration Module Pages/New Reg - OTC to RO/Special Case - OTC - Form 1/Business Entity - Please Select' located by 'By.xpath: //span[@id = 'select2-_newreg_WAR_registrationportlet_dtobusinessEntityId-container' and @title = '

Please Select' and (text() = '

Please Select' or . = '

Please Select')]' not found)

2018-11-08 16:33:03 - [MESSAGE][FAILED] - Unable to click on object 'Object Repository/Final Object Repo/New Registration - Registration Module Pages/New Reg - OTC to RO/Special Case - OTC - Form 1/Business Entity - Please Select' (Root cause: com.kms.katalon.core.webui.exception.WebElementNotFoundException: Web element with id: 'Object Repository/Final Object Repo/New Registration - Registration Module Pages/New Reg - OTC to RO/Special Case - OTC - Form 1/Business Entity - Please Select' located by 'By.xpath: //span[@id = 'select2-_newreg_WAR_registrationportlet_dtobusinessEntityId-container' and @title = '

Please Select' and (text() = '

Please Select' or . = '

Please Select')]' not found)
[[ATTACHMENT|C:\\Users\\LENOVO\\Katalon Studio\\Perkeso Phase A\\Reports\\Workflow\\New Registration\\20181108_145105\\1541665983267.png]]

2018-11-08 16:33:03 - [TEST_STEP][FAILED] - click: Unable to click on object 'Object Repository/Final Object Repo/New Registration - Registration Module Pages/New Reg - OTC to RO/Special Case - OTC - Form 1/Selected - Corporation' (Root cause: com.kms.katalon.core.webui.exception.WebElementNotFoundException: Web element with id: 'Object Repository/Final Object Repo/New Registration - Registration Module Pages/New Reg - OTC to RO/Special Case - OTC - Form 1/Selected - Corporation' located by 'By.xpath: //li[(text() = '


	Corporation
' or . = '


	Corporation
')]' not found)

2018-11-08 16:33:35 - [MESSAGE][FAILED] - Unable to click on object 'Object Repository/Final Object Repo/New Registration - Registration Module Pages/New Reg - OTC to RO/Special Case - OTC - Form 1/Selected - Corporation' (Root cause: com.kms.katalon.core.webui.exception.WebElementNotFoundException: Web element with id: 'Object Repository/Final Object Repo/New Registration - Registration Module Pages/New Reg - OTC to RO/Special Case - OTC - Form 1/Selected - Corporation' located by 'By.xpath: //li[(text() = '


	Corporation
' or . = '


	Corporation
')]' not found)
[[ATTACHMENT|C:\\Users\\LENOVO\\Katalon Studio\\Perkeso Phase A\\Reports\\Workflow\\New Registration\\20181108_145105\\1541666015017.png]]

2018-11-08 16:33:35 - [TEST_STEP][PASSED] - delay: Delayed 2 second(s)

2018-11-08 16:33:37 - [MESSAGE][PASSED] - Delayed 2 second(s)

2018-11-08 16:33:37 - [TEST_STEP][FAILED] - click: Unable to click on object 'Object Repository/Final Object Repo/New Registration - Registration Module Pages/New Reg - OTC to RO/Special Case - OTC - Form 1/Sub Business Entity - Please Select' (Root cause: com.kms.katalon.core.webui.exception.WebElementNotFoundException: Web element with id: 'Object Repository/Final Object Repo/New Registration - Registration Module Pages/New Reg - OTC to RO/Special Case - OTC - Form 1/Sub Business Entity - Please Select' located by 'By.xpath: //span[@id = 'select2-_newreg_WAR_registrationportlet_dtosubBusinessEntityId-container' and @title = 'Please Select' and (text() = 'Please Select' or . = 'Please Select')]' not found)

2018-11-08 16:34:09 - [MESSAGE][FAILED] - Unable to click on object 'Object Repository/Final Object Repo/New Registration - Registration Module Pages/New Reg - OTC to RO/Special Case - OTC - Form 1/Sub Business Entity - Please Select' (Root cause: com.kms.katalon.core.webui.exception.WebElementNotFoundException: Web element with id: 'Object Repository/Final Object Repo/New Registration - Registration Module Pages/New Reg - OTC to RO/Special Case - OTC - Form 1/Sub Business Entity - Please Select' located by 'By.xpath: //span[@id = 'select2-_newreg_WAR_registrationportlet_dtosubBusinessEntityId-container' and @title = 'Please Select' and (text() = 'Please Select' or . = 'Please Select')]' not found)
[[ATTACHMENT|C:\\Users\\LENOVO\\Katalon Studio\\Perkeso Phase A\\Reports\\Workflow\\New Registration\\20181108_145105\\1541666049209.png]]

2018-11-08 16:34:09 - [TEST_STEP][PASSED] - delay: Delayed 2 second(s)

2018-11-08 16:34:11 - [MESSAGE][PASSED] - Delayed 2 second(s)

2018-11-08 16:34:11 - [TEST_STEP][FAILED] - click: Unable to click on object 'Object Repository/Final Object Repo/New Registration - Registration Module Pages/New Reg - OTC to RO/Special Case - OTC - Form 1/Selected - Sendirian Berhad' (Root cause: com.kms.katalon.core.webui.exception.WebElementNotFoundException: Web element with id: 'Object Repository/Final Object Repo/New Registration - Registration Module Pages/New Reg - OTC to RO/Special Case - OTC - Form 1/Selected - Sendirian Berhad' located by 'By.xpath: //li[(text() = 'Sendirian Berhad' or . = 'Sendirian Berhad')]' not found)

2018-11-08 16:34:43 - [MESSAGE][FAILED] - Unable to click on object 'Object Repository/Final Object Repo/New Registration - Registration Module Pages/New Reg - OTC to RO/Special Case - OTC - Form 1/Selected - Sendirian Berhad' (Root cause: com.kms.katalon.core.webui.exception.WebElementNotFoundException: Web element with id: 'Object Repository/Final Object Repo/New Registration - Registration Module Pages/New Reg - OTC to RO/Special Case - OTC - Form 1/Selected - Sendirian Berhad' located by 'By.xpath: //li[(text() = 'Sendirian Berhad' or . = 'Sendirian Berhad')]' not found)
[[ATTACHMENT|C:\\Users\\LENOVO\\Katalon Studio\\Perkeso Phase A\\Reports\\Workflow\\New Registration\\20181108_145105\\1541666082916.png]]

2018-11-08 16:34:43 - [TEST_STEP][FAILED] - setText: Unable to set text 'AUTOMATE001' of object 'Object Repository/Final Object Repo/New Registration - Registration Module Pages/New Reg - OTC to RO/Special Case - OTC - Form 1/Input BRN Number' (Root cause: com.kms.katalon.core.webui.exception.WebElementNotFoundException: Web element with id: 'Object Repository/Final Object Repo/New Registration - Registration Module Pages/New Reg - OTC to RO/Special Case - OTC - Form 1/Input BRN Number' located by 'By.xpath: //input[@id = '_newreg_WAR_registrationportlet_dto.registrationNo' and @name = '_newreg_WAR_registrationportlet_dto.registrationNo' and @type = 'text']' not found)

2018-11-08 16:35:15 - [MESSAGE][FAILED] - Unable to set text 'AUTOMATE001' of object 'Object Repository/Final Object Repo/New Registration - Registration Module Pages/New Reg - OTC to RO/Special Case - OTC - Form 1/Input BRN Number' (Root cause: com.kms.katalon.core.webui.exception.WebElementNotFoundException: Web element with id: 'Object Repository/Final Object Repo/New Registration - Registration Module Pages/New Reg - OTC to RO/Special Case - OTC - Form 1/Input BRN Number' located by 'By.xpath: //input[@id = '_newreg_WAR_registrationportlet_dto.registrationNo' and @name = '_newreg_WAR_registrationportlet_dto.registrationNo' and @type = 'text']' not found)
[[ATTACHMENT|C:\\Users\\LENOVO\\Katalon Studio\\Perkeso Phase A\\Reports\\Workflow\\New Registration\\20181108_145105\\1541666114896.png]]

2018-11-08 16:35:15 - [TEST_STEP][PASSED] - delay: Delayed 2 second(s)

2018-11-08 16:35:17 - [MESSAGE][PASSED] - Delayed 2 second(s)

2018-11-08 16:35:17 - [TEST_STEP][FAILED] - click: Unable to click on object 'Object Repository/Final Object Repo/New Registration - Registration Module Pages/New Reg - OTC to RO/Special Case - OTC - Form 1/BRN Search' (Root cause: com.kms.katalon.core.webui.exception.WebElementNotFoundException: Web element with id: 'Object Repository/Final Object Repo/New Registration - Registration Module Pages/New Reg - OTC to RO/Special Case - OTC - Form 1/BRN Search' located by 'By.xpath: //a[@targets = 'newRegDiv' and @id = 'regNoButton' and @class = 'btn btn-lg greenBtn m-t-26']' not found)

2018-11-08 16:35:50 - [MESSAGE][FAILED] - Unable to click on object 'Object Repository/Final Object Repo/New Registration - Registration Module Pages/New Reg - OTC to RO/Special Case - OTC - Form 1/BRN Search' (Root cause: com.kms.katalon.core.webui.exception.WebElementNotFoundException: Web element with id: 'Object Repository/Final Object Repo/New Registration - Registration Module Pages/New Reg - OTC to RO/Special Case - OTC - Form 1/BRN Search' located by 'By.xpath: //a[@targets = 'newRegDiv' and @id = 'regNoButton' and @class = 'btn btn-lg greenBtn m-t-26']' not found)
[[ATTACHMENT|C:\\Users\\LENOVO\\Katalon Studio\\Perkeso Phase A\\Reports\\Workflow\\New Registration\\20181108_145105\\1541666150003.png]]

2018-11-08 16:35:50 - [TEST_STEP][PASSED] - delay: Delayed 4 second(s)

2018-11-08 16:35:54 - [MESSAGE][PASSED] - Delayed 4 second(s)

2018-11-08 16:35:54 - [TEST_STEP][FAILED] - click: Unable to click on object 'Object Repository/Final Object Repo/New Registration - Registration Module Pages/New Reg - OTC to RO/Special Case - OTC - Form 1/Registered with SSM - After Feb 2017' (Root cause: com.kms.katalon.core.webui.exception.WebElementNotFoundException: Web element with id: 'Object Repository/Final Object Repo/New Registration - Registration Module Pages/New Reg - OTC to RO/Special Case - OTC - Form 1/Registered with SSM - After Feb 2017' located by 'By.xpath: //label[@class = 'radio' and (text() = '
	

	





	
	
	
	
	

		

		
	
	
	
	





	

	
		
	February 2017 Onwards

	

	

	

	

	
		' or . = '
	

	





	
	
	
	
	

		

		
	
	
	
	





	

	
		
	February 2017 Onwards

	

	

	

	

	
		')]' not found)

2018-11-08 16:36:25 - [MESSAGE][FAILED] - Unable to click on object 'Object Repository/Final Object Repo/New Registration - Registration Module Pages/New Reg - OTC to RO/Special Case - OTC - Form 1/Registered with SSM - After Feb 2017' (Root cause: com.kms.katalon.core.webui.exception.WebElementNotFoundException: Web element with id: 'Object Repository/Final Object Repo/New Registration - Registration Module Pages/New Reg - OTC to RO/Special Case - OTC - Form 1/Registered with SSM - After Feb 2017' located by 'By.xpath: //label[@class = 'radio' and (text() = '
	

	





	
	
	
	
	

		

		
	
	
	
	





	

	
		
	February 2017 Onwards

	

	

	

	

	
		' or . = '
	

	





	
	
	
	
	

		

		
	
	
	
	





	

	
		
	February 2017 Onwards

	

	

	

	

	
		')]' not found)
[[ATTACHMENT|C:\\Users\\LENOVO\\Katalon Studio\\Perkeso Phase A\\Reports\\Workflow\\New Registration\\20181108_145105\\1541666185627.png]]

2018-11-08 16:36:25 - [TEST_STEP][PASSED] - delay: Delayed 2 second(s)

2018-11-08 16:36:27 - [MESSAGE][PASSED] - Delayed 2 second(s)

2018-11-08 16:36:27 - [TEST_STEP][FAILED] - click: Unable to click on object 'Object Repository/Final Object Repo/New Registration - Registration Module Pages/New Reg - OTC to RO/Special Case - OTC - Form 1/Registering As A Branch - No' (Root cause: com.kms.katalon.core.webui.exception.WebElementNotFoundException: Web element with id: 'Object Repository/Final Object Repo/New Registration - Registration Module Pages/New Reg - OTC to RO/Special Case - OTC - Form 1/Registering As A Branch - No' located by 'By.xpath: //label[@for = '_newreg_WAR_registrationportlet_isBranchNo' and (contains(text(), '
	

	





	
	
	
	
	

		

		
	
	
	
	





	

	
		
	No

	

	

	

	

	
		') or contains(., '
	

	





	
	
	
	
	

		

		
	
	
	
	





	

	
		
	No

	

	

	

	

	
		'))]' not found)

2018-11-08 16:36:59 - [MESSAGE][FAILED] - Unable to click on object 'Object Repository/Final Object Repo/New Registration - Registration Module Pages/New Reg - OTC to RO/Special Case - OTC - Form 1/Registering As A Branch - No' (Root cause: com.kms.katalon.core.webui.exception.WebElementNotFoundException: Web element with id: 'Object Repository/Final Object Repo/New Registration - Registration Module Pages/New Reg - OTC to RO/Special Case - OTC - Form 1/Registering As A Branch - No' located by 'By.xpath: //label[@for = '_newreg_WAR_registrationportlet_isBranchNo' and (contains(text(), '
	

	





	
	
	
	
	

		

		
	
	
	
	





	

	
		
	No

	

	

	

	

	
		') or contains(., '
	

	





	
	
	
	
	

		

		
	
	
	
	





	

	
		
	No

	

	

	

	

	
		'))]' not found)
[[ATTACHMENT|C:\\Users\\LENOVO\\Katalon Studio\\Perkeso Phase A\\Reports\\Workflow\\New Registration\\20181108_145105\\1541666219305.png]]

2018-11-08 16:36:59 - [TEST_STEP][FAILED] - click: Unable to click on object 'Object Repository/Final Object Repo/New Registration - Registration Module Pages/New Reg - OTC to RO/Special Case - OTC - Form 1/Acknowledgement Ticked' (Root cause: com.kms.katalon.core.webui.exception.WebElementNotFoundException: Web element with id: 'Object Repository/Final Object Repo/New Registration - Registration Module Pages/New Reg - OTC to RO/Special Case - OTC - Form 1/Acknowledgement Ticked' located by 'By.xpath: //i[@id = 'acknowledgementIconId']' not found)

2018-11-08 16:37:31 - [MESSAGE][FAILED] - Unable to click on object 'Object Repository/Final Object Repo/New Registration - Registration Module Pages/New Reg - OTC to RO/Special Case - OTC - Form 1/Acknowledgement Ticked' (Root cause: com.kms.katalon.core.webui.exception.WebElementNotFoundException: Web element with id: 'Object Repository/Final Object Repo/New Registration - Registration Module Pages/New Reg - OTC to RO/Special Case - OTC - Form 1/Acknowledgement Ticked' located by 'By.xpath: //i[@id = 'acknowledgementIconId']' not found)
[[ATTACHMENT|C:\\Users\\LENOVO\\Katalon Studio\\Perkeso Phase A\\Reports\\Workflow\\New Registration\\20181108_145105\\1541666251291.png]]

2018-11-08 16:37:31 - [TEST_STEP][FAILED] - click: Unable to click on object 'Object Repository/Final Object Repo/New Registration - Registration Module Pages/New Reg - OTC to RO/Special Case - OTC - Form 1/Submit Button' (Root cause: com.kms.katalon.core.webui.exception.WebElementNotFoundException: Web element with id: 'Object Repository/Final Object Repo/New Registration - Registration Module Pages/New Reg - OTC to RO/Special Case - OTC - Form 1/Submit Button' located by 'By.xpath: //a[@id = 'newegfSubmit' and (text() = ' 
							SAVE & CONTINUE	
						' or . = ' 
							SAVE & CONTINUE	
						')]' not found)

2018-11-08 16:38:04 - [MESSAGE][FAILED] - Unable to click on object 'Object Repository/Final Object Repo/New Registration - Registration Module Pages/New Reg - OTC to RO/Special Case - OTC - Form 1/Submit Button' (Root cause: com.kms.katalon.core.webui.exception.WebElementNotFoundException: Web element with id: 'Object Repository/Final Object Repo/New Registration - Registration Module Pages/New Reg - OTC to RO/Special Case - OTC - Form 1/Submit Button' located by 'By.xpath: //a[@id = 'newegfSubmit' and (text() = ' 
							SAVE & CONTINUE	
						' or . = ' 
							SAVE & CONTINUE	
						')]' not found)
[[ATTACHMENT|C:\\Users\\LENOVO\\Katalon Studio\\Perkeso Phase A\\Reports\\Workflow\\New Registration\\20181108_145105\\1541666284092.png]]

2018-11-08 16:38:04 - [TEST_STEP][PASSED] - delay: Delayed 2 second(s)

2018-11-08 16:38:06 - [MESSAGE][PASSED] - Delayed 2 second(s)

2018-11-08 16:38:06 - [TEST_STEP][FAILED] - click: Unable to click on object 'Object Repository/Final Object Repo/New Registration - Registration Module Pages/New Reg - OTC to RO/Special Case - OTC - Form 1/Confirm No Flagging as Branch' (Root cause: com.kms.katalon.core.webui.exception.WebElementNotFoundException: Web element with id: 'Object Repository/Final Object Repo/New Registration - Registration Module Pages/New Reg - OTC to RO/Special Case - OTC - Form 1/Confirm No Flagging as Branch' located by 'By.xpath: //span[@id = 'cancelword' and (text() = 'No' or . = 'No')]' not found)

2018-11-08 16:38:38 - [MESSAGE][FAILED] - Unable to click on object 'Object Repository/Final Object Repo/New Registration - Registration Module Pages/New Reg - OTC to RO/Special Case - OTC - Form 1/Confirm No Flagging as Branch' (Root cause: com.kms.katalon.core.webui.exception.WebElementNotFoundException: Web element with id: 'Object Repository/Final Object Repo/New Registration - Registration Module Pages/New Reg - OTC to RO/Special Case - OTC - Form 1/Confirm No Flagging as Branch' located by 'By.xpath: //span[@id = 'cancelword' and (text() = 'No' or . = 'No')]' not found)
[[ATTACHMENT|C:\\Users\\LENOVO\\Katalon Studio\\Perkeso Phase A\\Reports\\Workflow\\New Registration\\20181108_145105\\1541666317959.png]]

2018-11-08 16:38:38 - [MESSAGE][FAILED] - Unable to call Test Case with id 'Test Cases/Final Aug 2018 - PKS Automation/Registration Module/Workflow/New Registration/Template/Special Case - Employer - Form 1' (Root cause: Call Test Case 'Test Cases/Final Aug 2018 - PKS Automation/Registration Module/Workflow/New Registration/Template/Special Case - Employer - Form 1' failed)]]></system-out>
         <system-err><![CDATA[2018-11-08 16:26:42 - [TEST_CASE][FAILED] - Test Cases/Final Aug 2018 - PKS Automation/Registration Module/Workflow/New Registration/Employer to RO - RO Under Enforcement: Test Cases/Final Aug 2018 - PKS Automation/Registration Module/Workflow/New Registration/Employer to RO - RO Under Enforcement FAILED because (of) (Stack trace: com.kms.katalon.core.exception.StepFailedException: Unable to click on object 'Object Repository/Final Object Repo/Landing Page/My Sites Drop Down' (Root cause: com.kms.katalon.core.webui.exception.WebElementNotFoundException: Web element with id: 'Object Repository/Final Object Repo/Landing Page/My Sites Drop Down' located by 'By.xpath: //a[(text() = '

				
			
					

					
						My Sites
					

					
						
					
			
				' or . = '

				
			
					

					
						My Sites
					

					
						
					
			
				')]' not found)
	at com.kms.katalon.core.keyword.internal.KeywordMain.stepFailed(KeywordMain.groovy:32)
	at com.kms.katalon.core.webui.keyword.internal.WebUIKeywordMain.stepFailed(WebUIKeywordMain.groovy:65)
	at com.kms.katalon.core.webui.keyword.internal.WebUIKeywordMain.runKeyword(WebUIKeywordMain.groovy:27)
	at com.kms.katalon.core.webui.keyword.builtin.ClickKeyword.click(ClickKeyword.groovy:86)
	at com.kms.katalon.core.webui.keyword.builtin.ClickKeyword.execute(ClickKeyword.groovy:67)
	at com.kms.katalon.core.keyword.internal.KeywordExecutor.executeKeywordForPlatform(KeywordExecutor.groovy:53)
	at com.kms.katalon.core.webui.keyword.WebUiBuiltInKeywords.click(WebUiBuiltInKeywords.groovy:616)
	at com.kms.katalon.core.webui.keyword.WebUiBuiltInKeywords$click$2.call(Unknown Source)
	at Script1537238017191.run(Script1537238017191.groovy:45)
	at com.kms.katalon.core.main.ScriptEngine.run(ScriptEngine.java:183)
	at com.kms.katalon.core.main.ScriptEngine.runScriptAsRawText(ScriptEngine.java:108)
	at com.kms.katalon.core.main.TestCaseExecutor.runScript(TestCaseExecutor.java:294)
	at com.kms.katalon.core.main.TestCaseExecutor.doExecute(TestCaseExecutor.java:285)
	at com.kms.katalon.core.main.TestCaseExecutor.processExecutionPhase(TestCaseExecutor.java:264)
	at com.kms.katalon.core.main.TestCaseExecutor.accessMainPhase(TestCaseExecutor.java:256)
	at com.kms.katalon.core.main.TestCaseExecutor.execute(TestCaseExecutor.java:200)
	at com.kms.katalon.core.main.TestCaseMain.runTestCase(TestCaseMain.java:99)
	at com.kms.katalon.core.keyword.builtin.CallTestCaseKeyword$_callTestCase_closure1.doCall(CallTestCaseKeyword.groovy:60)
	at com.kms.katalon.core.keyword.builtin.CallTestCaseKeyword$_callTestCase_closure1.call(CallTestCaseKeyword.groovy)
	at com.kms.katalon.core.keyword.internal.KeywordMain.runKeyword(KeywordMain.groovy:54)
	at com.kms.katalon.core.keyword.builtin.CallTestCaseKeyword.callTestCase(CallTestCaseKeyword.groovy:81)
	at com.kms.katalon.core.keyword.builtin.CallTestCaseKeyword.execute(CallTestCaseKeyword.groovy:45)
	at com.kms.katalon.core.keyword.internal.KeywordExecutor.executeKeywordForPlatform(KeywordExecutor.groovy:53)
	at com.kms.katalon.core.keyword.BuiltinKeywords.callTestCase(BuiltinKeywords.groovy:334)
	at sun.reflect.GeneratedMethodAccessor13.invoke(Unknown Source)
	at sun.reflect.DelegatingMethodAccessorImpl.invoke(DelegatingMethodAccessorImpl.java:43)
	at java.lang.reflect.Method.invoke(Method.java:498)
	at org.codehaus.groovy.reflection.CachedMethod.invoke(CachedMethod.java:93)
	at groovy.lang.MetaMethod.doMethodInvoke(MetaMethod.java:325)
	at groovy.lang.MetaClassImpl.invokeStaticMethod(MetaClassImpl.java:1469)
	at org.codehaus.groovy.runtime.callsite.StaticMetaClassSite.call(StaticMetaClassSite.java:53)
	at org.codehaus.groovy.runtime.callsite.CallSiteArray.defaultCall(CallSiteArray.java:48)
	at org.codehaus.groovy.runtime.callsite.AbstractCallSite.call(AbstractCallSite.java:113)
	at org.codehaus.groovy.runtime.callsite.AbstractCallSite.call(AbstractCallSite.java:141)
	at Script1537253675085.run(Script1537253675085.groovy:23)
	at com.kms.katalon.core.main.ScriptEngine.run(ScriptEngine.java:183)
	at com.kms.katalon.core.main.ScriptEngine.runScriptAsRawText(ScriptEngine.java:108)
	at com.kms.katalon.core.main.TestCaseExecutor.runScript(TestCaseExecutor.java:294)
	at com.kms.katalon.core.main.TestCaseExecutor.doExecute(TestCaseExecutor.java:285)
	at com.kms.katalon.core.main.TestCaseExecutor.processExecutionPhase(TestCaseExecutor.java:264)
	at com.kms.katalon.core.main.TestCaseExecutor.accessMainPhase(TestCaseExecutor.java:256)
	at com.kms.katalon.core.main.TestCaseExecutor.execute(TestCaseExecutor.java:200)
	at com.kms.katalon.core.main.TestSuiteExecutor.accessTestCaseMainPhase(TestSuiteExecutor.java:129)
	at com.kms.katalon.core.main.TestSuiteExecutor.accessTestSuiteMainPhase(TestSuiteExecutor.java:112)
	at com.kms.katalon.core.main.TestSuiteExecutor.execute(TestSuiteExecutor.java:81)
	at com.kms.katalon.core.main.TestCaseMain.startTestSuite(TestCaseMain.java:142)
	at com.kms.katalon.core.main.TestCaseMain$startTestSuite$0.call(Unknown Source)
	at org.codehaus.groovy.runtime.callsite.CallSiteArray.defaultCall(CallSiteArray.java:48)
	at org.codehaus.groovy.runtime.callsite.AbstractCallSite.call(AbstractCallSite.java:113)
	at org.codehaus.groovy.runtime.callsite.AbstractCallSite.call(AbstractCallSite.java:141)
	at TempTestSuite1541659865479.run(TempTestSuite1541659865479.groovy:36)
	at groovy.lang.GroovyShell.runScriptOrMainOrTestOrRunnable(GroovyShell.java:263)
	at groovy.lang.GroovyShell.run(GroovyShell.java:518)
	at groovy.lang.GroovyShell.run(GroovyShell.java:507)
	at groovy.ui.GroovyMain.processOnce(GroovyMain.java:653)
	at groovy.ui.GroovyMain.run(GroovyMain.java:384)
	at groovy.ui.GroovyMain.process(GroovyMain.java:370)
	at groovy.ui.GroovyMain.processArgs(GroovyMain.java:129)
	at groovy.ui.GroovyMain.main(GroovyMain.java:109)
	at sun.reflect.NativeMethodAccessorImpl.invoke0(Native Method)
	at sun.reflect.NativeMethodAccessorImpl.invoke(NativeMethodAccessorImpl.java:62)
	at sun.reflect.DelegatingMethodAccessorImpl.invoke(DelegatingMethodAccessorImpl.java:43)
	at java.lang.reflect.Method.invoke(Method.java:498)
	at org.codehaus.groovy.tools.GroovyStarter.rootLoader(GroovyStarter.java:109)
	at org.codehaus.groovy.tools.GroovyStarter.main(GroovyStarter.java:131)
)]]></system-err>
      </testcase>
      <testcase name="Test Cases/Final Aug 2018 - PKS Automation/Registration Module/Workflow/New Registration/OTC - PKR BO - RO Query (Routed 2 Time)" classname="Test Cases/Final Aug 2018 - PKS Automation/Registration Module/Workflow/New Registration/OTC - PKR BO - RO Query (Routed 2 Time)" status="PASSED">
         <system-out><![CDATA[2018-11-08 16:38:38 - [TEST_CASE][PASSED] - Test Cases/Final Aug 2018 - PKS Automation/Registration Module/Workflow/New Registration/OTC - PKR BO - RO Query (Routed 2 Time): Test Cases/Final Aug 2018 - PKS Automation/Registration Module/Workflow/New Registration/OTC - PKR BO - RO Query (Routed 2 Time)

2018-11-08 16:38:38 - [TEST_STEP][PASSED] - callTestCase: Call Test Case 'Test Cases/Final Aug 2018 - PKS Automation/Registration Module/Workflow/New Registration/Template/Special Case - OTC - Form 1' successfully

2018-11-08 16:38:38 - [TEST_CASE][PASSED] - Test Cases/Final Aug 2018 - PKS Automation/Registration Module/Workflow/New Registration/Template/Special Case - OTC - Form 1: Test Cases/Final Aug 2018 - PKS Automation/Registration Module/Workflow/New Registration/Template/Special Case - OTC - Form 1

2018-11-08 16:38:38 - [TEST_STEP][PASSED] - openBrowser: Browser is opened with url: ''

2018-11-08 16:38:38 - [MESSAGE][WARNING] - A browser is already opened. Closing browser and opening a new one

2018-11-08 16:38:43 - [MESSAGE][PASSED] - Browser is opened with url: ''

2018-11-08 16:38:43 - [TEST_STEP][PASSED] - navigateToUrl: Navigate to 'https://assist2-uat.perkeso.gov.my/login' successfully

2018-11-08 16:38:45 - [MESSAGE][PASSED] - Navigate to 'https://assist2-uat.perkeso.gov.my/login' successfully

2018-11-08 16:38:45 - [TEST_STEP][PASSED] - delay: Delayed 2 second(s)

2018-11-08 16:38:47 - [MESSAGE][PASSED] - Delayed 2 second(s)

2018-11-08 16:38:47 - [TEST_STEP][PASSED] - setText: Text 'klotc2@gmail.com' is set on object 'Object Repository/Final Object Repo/Login Page/Internal User/Email Address'

2018-11-08 16:38:48 - [MESSAGE][PASSED] - Text 'klotc2@gmail.com' is set on object 'Object Repository/Final Object Repo/Login Page/Internal User/Email Address'

2018-11-08 16:38:48 - [TEST_STEP][PASSED] - click: Object: 'Object Repository/Final Object Repo/Login Page/Internal User/Next Button' is clicked on

2018-11-08 16:38:48 - [MESSAGE][PASSED] - Object: 'Object Repository/Final Object Repo/Login Page/Internal User/Next Button' is clicked on

2018-11-08 16:38:48 - [TEST_STEP][PASSED] - delay: Delayed 2 second(s)

2018-11-08 16:38:50 - [MESSAGE][PASSED] - Delayed 2 second(s)

2018-11-08 16:38:50 - [TEST_STEP][PASSED] - setText: Text 'Test1@3456789' is set on object 'Object Repository/Final Object Repo/Login Page/Internal User/Password'

2018-11-08 16:38:50 - [MESSAGE][PASSED] - Text 'Test1@3456789' is set on object 'Object Repository/Final Object Repo/Login Page/Internal User/Password'

2018-11-08 16:38:50 - [TEST_STEP][PASSED] - delay: Delayed 2 second(s)

2018-11-08 16:38:52 - [MESSAGE][PASSED] - Delayed 2 second(s)

2018-11-08 16:38:52 - [TEST_STEP][PASSED] - click: Object: 'Object Repository/Final Object Repo/Login Page/Internal User/Login Button' is clicked on

2018-11-08 16:38:56 - [MESSAGE][PASSED] - Object: 'Object Repository/Final Object Repo/Login Page/Internal User/Login Button' is clicked on

2018-11-08 16:38:56 - [TEST_STEP][PASSED] - Statement - Try: Delayed 2 second(s)

2018-11-08 16:38:56 - [TEST_STEP][PASSED] - Statement - Checker = false: null

2018-11-08 16:38:56 - [TEST_STEP][PASSED] - Statement - Checker = com.kms.katalon.core.webui.keyword.WebUiBuiltInKeywords.verifyElementHasAttribute(com.kms.katalon.core.testobject.ObjectRepository.findTestObject(Final Object Repo/Landing Page/BM Detecting), "href", 20, OPTIONAL): Object 'Object Repository/Final Object Repo/Landing Page/BM Detecting' has attribute 'href'

2018-11-08 16:38:56 - [MESSAGE][PASSED] - Object 'Object Repository/Final Object Repo/Landing Page/BM Detecting' has attribute 'href'

2018-11-08 16:38:56 - [TEST_STEP][PASSED] - Statement - out.println(Checker): null

2018-11-08 16:38:56 - [TEST_STEP][PASSED] - Statement - If (Checker == false): null

2018-11-08 16:38:56 - [TEST_STEP][PASSED] - Statement - Else: null

2018-11-08 16:38:56 - [TEST_STEP][PASSED] - delay: Delayed 2 second(s)

2018-11-08 16:38:58 - [MESSAGE][PASSED] - Delayed 2 second(s)

2018-11-08 16:38:58 - [TEST_STEP][PASSED] - delay: Delayed 4 second(s)

2018-11-08 16:39:02 - [MESSAGE][PASSED] - Delayed 4 second(s)

2018-11-08 16:39:02 - [TEST_STEP][PASSED] - click: Object: 'Object Repository/Final Object Repo/Landing Page/My Sites Drop Down' is clicked on

2018-11-08 16:39:02 - [MESSAGE][PASSED] - Object: 'Object Repository/Final Object Repo/Landing Page/My Sites Drop Down' is clicked on

2018-11-08 16:39:02 - [TEST_STEP][PASSED] - click: Object: 'Object Repository/Final Object Repo/Landing Page/Select to Registration Module' is clicked on

2018-11-08 16:39:04 - [MESSAGE][PASSED] - Object: 'Object Repository/Final Object Repo/Landing Page/Select to Registration Module' is clicked on

2018-11-08 16:39:04 - [TEST_STEP][PASSED] - click: Object: 'Object Repository/Final Object Repo/Landing Page/Registration Button' is clicked on

2018-11-08 16:39:07 - [MESSAGE][PASSED] - Object: 'Object Repository/Final Object Repo/Landing Page/Registration Button' is clicked on

2018-11-08 16:39:07 - [TEST_STEP][PASSED] - delay: Delayed 2 second(s)

2018-11-08 16:39:09 - [MESSAGE][PASSED] - Delayed 2 second(s)

2018-11-08 16:39:09 - [TEST_STEP][PASSED] - click: Object: 'Object Repository/Final Object Repo/New Registration - Registration Module Pages/New Reg - OTC to RO/Special Case - OTC - Form 1/AEC NO' is clicked on

2018-11-08 16:39:09 - [MESSAGE][PASSED] - Object: 'Object Repository/Final Object Repo/New Registration - Registration Module Pages/New Reg - OTC to RO/Special Case - OTC - Form 1/AEC NO' is clicked on

2018-11-08 16:39:09 - [TEST_STEP][PASSED] - click: Object: 'Object Repository/Final Object Repo/New Registration - Registration Module Pages/New Reg - OTC to RO/Special Case - OTC - Form 1/Business Entity - Please Select' is clicked on

2018-11-08 16:39:09 - [MESSAGE][PASSED] - Object: 'Object Repository/Final Object Repo/New Registration - Registration Module Pages/New Reg - OTC to RO/Special Case - OTC - Form 1/Business Entity - Please Select' is clicked on

2018-11-08 16:39:09 - [TEST_STEP][PASSED] - click: Object: 'Object Repository/Final Object Repo/New Registration - Registration Module Pages/New Reg - OTC to RO/Special Case - OTC - Form 1/Selected - Corporation' is clicked on

2018-11-08 16:39:10 - [MESSAGE][PASSED] - Object: 'Object Repository/Final Object Repo/New Registration - Registration Module Pages/New Reg - OTC to RO/Special Case - OTC - Form 1/Selected - Corporation' is clicked on

2018-11-08 16:39:10 - [TEST_STEP][PASSED] - delay: Delayed 2 second(s)

2018-11-08 16:39:12 - [MESSAGE][PASSED] - Delayed 2 second(s)

2018-11-08 16:39:12 - [TEST_STEP][PASSED] - click: Object: 'Object Repository/Final Object Repo/New Registration - Registration Module Pages/New Reg - OTC to RO/Special Case - OTC - Form 1/Sub Business Entity - Please Select' is clicked on

2018-11-08 16:39:13 - [MESSAGE][PASSED] - Object: 'Object Repository/Final Object Repo/New Registration - Registration Module Pages/New Reg - OTC to RO/Special Case - OTC - Form 1/Sub Business Entity - Please Select' is clicked on

2018-11-08 16:39:13 - [TEST_STEP][PASSED] - delay: Delayed 2 second(s)

2018-11-08 16:39:15 - [MESSAGE][PASSED] - Delayed 2 second(s)

2018-11-08 16:39:15 - [TEST_STEP][PASSED] - click: Object: 'Object Repository/Final Object Repo/New Registration - Registration Module Pages/New Reg - OTC to RO/Special Case - OTC - Form 1/Selected - Sendirian Berhad' is clicked on

2018-11-08 16:39:15 - [MESSAGE][PASSED] - Object: 'Object Repository/Final Object Repo/New Registration - Registration Module Pages/New Reg - OTC to RO/Special Case - OTC - Form 1/Selected - Sendirian Berhad' is clicked on

2018-11-08 16:39:15 - [TEST_STEP][PASSED] - setText: Text 'AUTOMATE001' is set on object 'Object Repository/Final Object Repo/New Registration - Registration Module Pages/New Reg - OTC to RO/Special Case - OTC - Form 1/Input BRN Number'

2018-11-08 16:39:16 - [MESSAGE][PASSED] - Text 'AUTOMATE001' is set on object 'Object Repository/Final Object Repo/New Registration - Registration Module Pages/New Reg - OTC to RO/Special Case - OTC - Form 1/Input BRN Number'

2018-11-08 16:39:16 - [TEST_STEP][PASSED] - delay: Delayed 2 second(s)

2018-11-08 16:39:18 - [MESSAGE][PASSED] - Delayed 2 second(s)

2018-11-08 16:39:18 - [TEST_STEP][PASSED] - click: Object: 'Object Repository/Final Object Repo/New Registration - Registration Module Pages/New Reg - OTC to RO/Special Case - OTC - Form 1/BRN Search' is clicked on

2018-11-08 16:39:18 - [MESSAGE][PASSED] - Object: 'Object Repository/Final Object Repo/New Registration - Registration Module Pages/New Reg - OTC to RO/Special Case - OTC - Form 1/BRN Search' is clicked on

2018-11-08 16:39:18 - [TEST_STEP][PASSED] - delay: Delayed 4 second(s)

2018-11-08 16:39:22 - [MESSAGE][PASSED] - Delayed 4 second(s)

2018-11-08 16:39:22 - [TEST_STEP][PASSED] - click: Object: 'Object Repository/Final Object Repo/New Registration - Registration Module Pages/New Reg - OTC to RO/Special Case - OTC - Form 1/Registered with SSM - After Feb 2017' is clicked on

2018-11-08 16:39:22 - [MESSAGE][PASSED] - Object: 'Object Repository/Final Object Repo/New Registration - Registration Module Pages/New Reg - OTC to RO/Special Case - OTC - Form 1/Registered with SSM - After Feb 2017' is clicked on

2018-11-08 16:39:22 - [TEST_STEP][PASSED] - delay: Delayed 2 second(s)

2018-11-08 16:39:24 - [MESSAGE][PASSED] - Delayed 2 second(s)

2018-11-08 16:39:24 - [TEST_STEP][PASSED] - click: Object: 'Object Repository/Final Object Repo/New Registration - Registration Module Pages/New Reg - OTC to RO/Special Case - OTC - Form 1/Registering As A Branch - No' is clicked on

2018-11-08 16:39:25 - [MESSAGE][PASSED] - Object: 'Object Repository/Final Object Repo/New Registration - Registration Module Pages/New Reg - OTC to RO/Special Case - OTC - Form 1/Registering As A Branch - No' is clicked on

2018-11-08 16:39:25 - [TEST_STEP][PASSED] - click: Object: 'Object Repository/Final Object Repo/New Registration - Registration Module Pages/New Reg - OTC to RO/Special Case - OTC - Form 1/Acknowledgement Ticked' is clicked on

2018-11-08 16:39:25 - [MESSAGE][PASSED] - Object: 'Object Repository/Final Object Repo/New Registration - Registration Module Pages/New Reg - OTC to RO/Special Case - OTC - Form 1/Acknowledgement Ticked' is clicked on

2018-11-08 16:39:25 - [TEST_STEP][PASSED] - click: Object: 'Object Repository/Final Object Repo/New Registration - Registration Module Pages/New Reg - OTC to RO/Special Case - OTC - Form 1/Submit Button' is clicked on

2018-11-08 16:39:25 - [MESSAGE][PASSED] - Object: 'Object Repository/Final Object Repo/New Registration - Registration Module Pages/New Reg - OTC to RO/Special Case - OTC - Form 1/Submit Button' is clicked on

2018-11-08 16:39:25 - [TEST_STEP][PASSED] - delay: Delayed 2 second(s)

2018-11-08 16:39:27 - [MESSAGE][PASSED] - Delayed 2 second(s)

2018-11-08 16:39:27 - [TEST_STEP][PASSED] - click: Object: 'Object Repository/Final Object Repo/New Registration - Registration Module Pages/New Reg - OTC to RO/Special Case - OTC - Form 1/Confirm No Flagging as Branch' is clicked on

2018-11-08 16:39:29 - [MESSAGE][PASSED] - Object: 'Object Repository/Final Object Repo/New Registration - Registration Module Pages/New Reg - OTC to RO/Special Case - OTC - Form 1/Confirm No Flagging as Branch' is clicked on

2018-11-08 16:39:29 - [MESSAGE][PASSED] - Call Test Case 'Test Cases/Final Aug 2018 - PKS Automation/Registration Module/Workflow/New Registration/Template/Special Case - OTC - Form 1' successfully

2018-11-08 16:39:29 - [TEST_STEP][PASSED] - callTestCase: Call Test Case 'Test Cases/Final Aug 2018 - PKS Automation/Registration Module/New Registration/Form 2/Add 1 Eligible - Incomplete' successfully

2018-11-08 16:39:29 - [TEST_CASE][PASSED] - Test Cases/Final Aug 2018 - PKS Automation/Registration Module/New Registration/Form 2/Add 1 Eligible - Incomplete: Test Cases/Final Aug 2018 - PKS Automation/Registration Module/New Registration/Form 2/Add 1 Eligible - Incomplete

2018-11-08 16:39:29 - [TEST_STEP][PASSED] - delay: Delayed 2 second(s)

2018-11-08 16:39:31 - [MESSAGE][PASSED] - Delayed 2 second(s)

2018-11-08 16:39:31 - [TEST_STEP][PASSED] - callTestCase: Call Test Case 'Test Cases/Final Aug 2018 - PKS Automation/Registration Module/New Registration/Form 2/Date Updater' successfully

2018-11-08 16:39:31 - [TEST_CASE][PASSED] - Test Cases/Final Aug 2018 - PKS Automation/Registration Module/New Registration/Form 2/Date Updater: Test Cases/Final Aug 2018 - PKS Automation/Registration Module/New Registration/Form 2/Date Updater

2018-11-08 16:39:32 - [TEST_STEP][PASSED] - Statement - TodayDate = new java.util.Date(): null

2018-11-08 16:39:32 - [TEST_STEP][PASSED] - Statement - CurrentDateNoFilter = new java.text.SimpleDateFormat(): null

2018-11-08 16:39:32 - [TEST_STEP][PASSED] - Statement - CurrentDateNoFilter.applyPattern("dd"): null

2018-11-08 16:39:32 - [TEST_STEP][PASSED] - Statement - CurrentDate = CurrentDateNoFilter.format(TodayDate): null

2018-11-08 16:39:32 - [TEST_STEP][PASSED] - Statement - CurrentDate = java.lang.Integer.parseInt(CurrentDate): null

2018-11-08 16:39:32 - [TEST_STEP][PASSED] - Statement - CurrentDate = CurrentDate: null

2018-11-08 16:39:32 - [TEST_STEP][PASSED] - Statement - CurrentDay = java.lang.Integer.parseInt(CurrentDate): null

2018-11-08 16:39:32 - [TEST_STEP][PASSED] - Statement - aDayBefore = CurrentDay + 1: null

2018-11-08 16:39:32 - [TEST_STEP][PASSED] - Statement - DayBefore = aDayBefore.toString(): null

2018-11-08 16:39:32 - [TEST_STEP][PASSED] - Statement - OneDayBefore = DayBefore: null

2018-11-08 16:39:32 - [TEST_STEP][PASSED] - Statement - CurrentDateNoFilter.applyPattern("MM"): null

2018-11-08 16:39:32 - [TEST_STEP][PASSED] - Statement - monthContainerMatcher = java.lang.Integer.parseInt(CurrentDateNoFilter.format(TodayDate)): null

2018-11-08 16:39:32 - [TEST_STEP][PASSED] - Statement - monthContainerMatcher = monthContainerMatcher - 1: null

2018-11-08 16:39:32 - [TEST_STEP][PASSED] - Statement - CurrentMonth = monthContainerMatcher.toString(): null

2018-11-08 16:39:32 - [TEST_STEP][PASSED] - Statement - CurrentMonth = CurrentMonth: null

2018-11-08 16:39:32 - [TEST_STEP][PASSED] - Statement - CurrentDateNoFilter.applyPattern("yyyy"): null

2018-11-08 16:39:32 - [TEST_STEP][PASSED] - Statement - CurrentYear = CurrentDateNoFilter.format(TodayDate): null

2018-11-08 16:39:32 - [TEST_STEP][PASSED] - Statement - CurrentYear = CurrentYear: null

2018-11-08 16:39:32 - [TEST_STEP][PASSED] - Statement - intCurrentYear = java.lang.Integer.parseInt(CurrentDateNoFilter.format(TodayDate)): null

2018-11-08 16:39:32 - [TEST_STEP][PASSED] - Statement - eighteenYrsAgo = intCurrentYear - 18: null

2018-11-08 16:39:32 - [TEST_STEP][PASSED] - Statement - eighteenYrsBeforeThisYr = eighteenYrsAgo.toString(): null

2018-11-08 16:39:32 - [TEST_STEP][PASSED] - Statement - EighteenYrsBefore = eighteenYrsBeforeThisYr: null

2018-11-08 16:39:32 - [TEST_STEP][PASSED] - Statement - fiftysevenYrsAgo = intCurrentYear - 57: null

2018-11-08 16:39:32 - [TEST_STEP][PASSED] - Statement - fiftysevenYrsBeforeThisYr = fiftysevenYrsAgo.toString(): null

2018-11-08 16:39:32 - [TEST_STEP][PASSED] - Statement - FiftysevenYrsBefore = fiftysevenYrsBeforeThisYr: null

2018-11-08 16:39:32 - [MESSAGE][PASSED] - Call Test Case 'Test Cases/Final Aug 2018 - PKS Automation/Registration Module/New Registration/Form 2/Date Updater' successfully

2018-11-08 16:39:32 - [TEST_STEP][PASSED] - Statement - CaseReferenceNo = com.kms.katalon.core.webui.keyword.WebUiBuiltInKeywords.getText(com.kms.katalon.core.testobject.ObjectRepository.findTestObject(Final Object Repo/New Registration - Registration Module Pages/Form 2/RefNo Acquiring)): Text of object 'Object Repository/Final Object Repo/New Registration - Registration Module Pages/Form 2/RefNo Acquiring' is: 'CRN11201800122428'

2018-11-08 16:39:32 - [MESSAGE][PASSED] - Text of object 'Object Repository/Final Object Repo/New Registration - Registration Module Pages/Form 2/RefNo Acquiring' is: 'CRN11201800122428'

2018-11-08 16:39:32 - [TEST_STEP][PASSED] - delay: Delayed 4 second(s)

2018-11-08 16:39:36 - [MESSAGE][PASSED] - Delayed 4 second(s)

2018-11-08 16:39:36 - [TEST_STEP][PASSED] - click: Object: 'Object Repository/Final Object Repo/New Registration - Registration Module Pages/Form 2/Add Employee Button' is clicked on

2018-11-08 16:39:36 - [MESSAGE][PASSED] - Object: 'Object Repository/Final Object Repo/New Registration - Registration Module Pages/Form 2/Add Employee Button' is clicked on

2018-11-08 16:39:36 - [TEST_STEP][PASSED] - delay: Delayed 1 second(s)

2018-11-08 16:39:37 - [MESSAGE][PASSED] - Delayed 1 second(s)

2018-11-08 16:39:37 - [TEST_STEP][PASSED] - setText: Text '010903091984' is set on object 'Object Repository/Final Object Repo/New Registration - Registration Module Pages/Form 2/NRIC Input'

2018-11-08 16:39:37 - [MESSAGE][PASSED] - Text '010903091984' is set on object 'Object Repository/Final Object Repo/New Registration - Registration Module Pages/Form 2/NRIC Input'

2018-11-08 16:39:37 - [TEST_STEP][PASSED] - click: Object: 'Object Repository/Final Object Repo/New Registration - Registration Module Pages/Form 2/button for search for IC' is clicked on

2018-11-08 16:39:37 - [MESSAGE][PASSED] - Object: 'Object Repository/Final Object Repo/New Registration - Registration Module Pages/Form 2/button for search for IC' is clicked on

2018-11-08 16:39:38 - [TEST_STEP][PASSED] - delay: Delayed 2 second(s)

2018-11-08 16:39:40 - [MESSAGE][PASSED] - Delayed 2 second(s)

2018-11-08 16:39:40 - [TEST_STEP][PASSED] - setText: Text 'Automate001 eligible 1' is set on object 'Object Repository/Final Object Repo/New Registration - Registration Module Pages/Form 2/Employee Name Input'

2018-11-08 16:39:40 - [MESSAGE][PASSED] - Text 'Automate001 eligible 1' is set on object 'Object Repository/Final Object Repo/New Registration - Registration Module Pages/Form 2/Employee Name Input'

2018-11-08 16:39:40 - [TEST_STEP][PASSED] - delay: Delayed 2 second(s)

2018-11-08 16:39:42 - [MESSAGE][PASSED] - Delayed 2 second(s)

2018-11-08 16:39:42 - [TEST_STEP][PASSED] - click: Object: 'Object Repository/Final Object Repo/New Registration - Registration Module Pages/Form 2/DatePicker Pop Up' is clicked on

2018-11-08 16:39:42 - [MESSAGE][PASSED] - Object: 'Object Repository/Final Object Repo/New Registration - Registration Module Pages/Form 2/DatePicker Pop Up' is clicked on

2018-11-08 16:39:42 - [TEST_STEP][PASSED] - click: Object: 'Object Repository/Final Object Repo/New Registration - Registration Module Pages/Form 2/DOB Month' is clicked on

2018-11-08 16:39:43 - [MESSAGE][PASSED] - Object: 'Object Repository/Final Object Repo/New Registration - Registration Module Pages/Form 2/DOB Month' is clicked on

2018-11-08 16:39:43 - [TEST_STEP][PASSED] - Statement - CurrentMonth = CurrentMonth: null

2018-11-08 16:39:43 - [TEST_STEP][PASSED] - Statement - selectMonth = new com.kms.katalon.core.testobject.TestObject(): null

2018-11-08 16:39:43 - [TEST_STEP][PASSED] - Statement - selectMonth.addProperty("xpath", EQUALS, "//body/div/div/div/select/option[@value='" + CurrentMonth + "']", true): null

2018-11-08 16:39:43 - [TEST_STEP][PASSED] - click: Object: '' is clicked on

2018-11-08 16:39:43 - [MESSAGE][PASSED] - Object: '' is clicked on

2018-11-08 16:39:43 - [TEST_STEP][PASSED] - click: Object: 'Object Repository/Final Object Repo/New Registration - Registration Module Pages/Form 2/DOB Year' is clicked on

2018-11-08 16:39:43 - [MESSAGE][PASSED] - Object: 'Object Repository/Final Object Repo/New Registration - Registration Module Pages/Form 2/DOB Year' is clicked on

2018-11-08 16:39:43 - [TEST_STEP][PASSED] - Statement - Eyearsbf = EighteenYrsBefore: null

2018-11-08 16:39:43 - [TEST_STEP][PASSED] - Statement - selectYear = new com.kms.katalon.core.testobject.TestObject(): null

2018-11-08 16:39:43 - [TEST_STEP][PASSED] - Statement - selectYear.addProperty("xpath", EQUALS, "//div/div/div/select/option[@value='" + Eyearsbf + "']", true): null

2018-11-08 16:39:43 - [TEST_STEP][PASSED] - click: Object: '' is clicked on

2018-11-08 16:39:44 - [MESSAGE][PASSED] - Object: '' is clicked on

2018-11-08 16:39:44 - [TEST_STEP][PASSED] - Statement - UpdatedSelectDate = com.kms.katalon.core.webui.keyword.WebUiBuiltInKeywords.modifyObjectProperty(com.kms.katalon.core.testobject.ObjectRepository.findTestObject(Final Object Repo/New Registration - Registration Module Pages/Form 2/DOB Date), "xpath", "equals", "//body/div/table/tbody/tr/td/a[text()="" + CurrentDate + ""]", true): Modify property of object successfully

2018-11-08 16:39:44 - [MESSAGE][PASSED] - Modify property of object successfully

2018-11-08 16:39:44 - [TEST_STEP][PASSED] - delay: Delayed 3 second(s)

2018-11-08 16:39:47 - [MESSAGE][PASSED] - Delayed 3 second(s)

2018-11-08 16:39:47 - [TEST_STEP][PASSED] - click: Object: 'Object Repository/Final Object Repo/New Registration - Registration Module Pages/Form 2/DOB Date' is clicked on

2018-11-08 16:39:47 - [MESSAGE][PASSED] - Object: 'Object Repository/Final Object Repo/New Registration - Registration Module Pages/Form 2/DOB Date' is clicked on

2018-11-08 16:39:47 - [TEST_STEP][PASSED] - delay: Delayed 2 second(s)

2018-11-08 16:39:49 - [MESSAGE][PASSED] - Delayed 2 second(s)

2018-11-08 16:39:49 - [TEST_STEP][PASSED] - click: Object: 'Object Repository/Final Object Repo/New Registration - Registration Module Pages/Form 2/EmploymentStartDate Pop Up' is clicked on

2018-11-08 16:39:50 - [MESSAGE][PASSED] - Object: 'Object Repository/Final Object Repo/New Registration - Registration Module Pages/Form 2/EmploymentStartDate Pop Up' is clicked on

2018-11-08 16:39:50 - [TEST_STEP][PASSED] - delay: Delayed 2 second(s)

2018-11-08 16:39:52 - [MESSAGE][PASSED] - Delayed 2 second(s)

2018-11-08 16:39:52 - [TEST_STEP][PASSED] - click: Object: 'Object Repository/Final Object Repo/New Registration - Registration Module Pages/Form 2/Socso Employment StartDate Month' is clicked on

2018-11-08 16:39:52 - [MESSAGE][PASSED] - Object: 'Object Repository/Final Object Repo/New Registration - Registration Module Pages/Form 2/Socso Employment StartDate Month' is clicked on

2018-11-08 16:39:52 - [TEST_STEP][PASSED] - delay: Delayed 1 second(s)

2018-11-08 16:39:53 - [MESSAGE][PASSED] - Delayed 1 second(s)

2018-11-08 16:39:53 - [TEST_STEP][PASSED] - click: Object: 'Object Repository/Final Object Repo/New Registration - Registration Module Pages/Form 2/Select Socso Employement Startdate Month' is clicked on

2018-11-08 16:39:54 - [MESSAGE][PASSED] - Object: 'Object Repository/Final Object Repo/New Registration - Registration Module Pages/Form 2/Select Socso Employement Startdate Month' is clicked on

2018-11-08 16:39:54 - [TEST_STEP][PASSED] - delay: Delayed 2 second(s)

2018-11-08 16:39:56 - [MESSAGE][PASSED] - Delayed 2 second(s)

2018-11-08 16:39:56 - [TEST_STEP][PASSED] - click: Object: 'Object Repository/Final Object Repo/New Registration - Registration Module Pages/Form 2/Socso Employment StartDate Year' is clicked on

2018-11-08 16:39:56 - [MESSAGE][PASSED] - Object: 'Object Repository/Final Object Repo/New Registration - Registration Module Pages/Form 2/Socso Employment StartDate Year' is clicked on

2018-11-08 16:39:56 - [TEST_STEP][PASSED] - delay: Delayed 1 second(s)

2018-11-08 16:39:57 - [MESSAGE][PASSED] - Delayed 1 second(s)

2018-11-08 16:39:57 - [TEST_STEP][PASSED] - click: Object: 'Object Repository/Final Object Repo/New Registration - Registration Module Pages/Form 2/Select Socso Employment Startdate Year' is clicked on

2018-11-08 16:39:57 - [MESSAGE][PASSED] - Object: 'Object Repository/Final Object Repo/New Registration - Registration Module Pages/Form 2/Select Socso Employment Startdate Year' is clicked on

2018-11-08 16:39:57 - [TEST_STEP][PASSED] - delay: Delayed 2 second(s)

2018-11-08 16:39:59 - [MESSAGE][PASSED] - Delayed 2 second(s)

2018-11-08 16:39:59 - [TEST_STEP][PASSED] - click: Object: 'Object Repository/Final Object Repo/New Registration - Registration Module Pages/Form 2/Socso Employment Start Date Day' is clicked on

2018-11-08 16:40:00 - [MESSAGE][PASSED] - Object: 'Object Repository/Final Object Repo/New Registration - Registration Module Pages/Form 2/Socso Employment Start Date Day' is clicked on

2018-11-08 16:40:00 - [TEST_STEP][PASSED] - delay: Delayed 2 second(s)

2018-11-08 16:40:02 - [MESSAGE][PASSED] - Delayed 2 second(s)

2018-11-08 16:40:02 - [TEST_STEP][PASSED] - click: Object: 'Object Repository/Final Object Repo/New Registration - Registration Module Pages/Form 2/Save Button for Add Employee' is clicked on

2018-11-08 16:40:04 - [MESSAGE][PASSED] - Object: 'Object Repository/Final Object Repo/New Registration - Registration Module Pages/Form 2/Save Button for Add Employee' is clicked on

2018-11-08 16:40:04 - [TEST_STEP][PASSED] - delay: Delayed 6 second(s)

2018-11-08 16:40:10 - [MESSAGE][PASSED] - Delayed 6 second(s)

2018-11-08 16:40:10 - [TEST_STEP][PASSED] - click: Object: 'Object Repository/Final Object Repo/New Registration - Registration Module Pages/Form 2/Incomplete Checkbox' is clicked on

2018-11-08 16:40:10 - [MESSAGE][PASSED] - Object: 'Object Repository/Final Object Repo/New Registration - Registration Module Pages/Form 2/Incomplete Checkbox' is clicked on

2018-11-08 16:40:10 - [TEST_STEP][PASSED] - delay: Delayed 2 second(s)

2018-11-08 16:40:12 - [MESSAGE][PASSED] - Delayed 2 second(s)

2018-11-08 16:40:12 - [TEST_STEP][PASSED] - click: Object: 'Object Repository/Final Object Repo/New Registration - Registration Module Pages/Form 2/Save and Continue Form 2' is clicked on

2018-11-08 16:40:12 - [MESSAGE][PASSED] - Object: 'Object Repository/Final Object Repo/New Registration - Registration Module Pages/Form 2/Save and Continue Form 2' is clicked on

2018-11-08 16:40:12 - [MESSAGE][PASSED] - Call Test Case 'Test Cases/Final Aug 2018 - PKS Automation/Registration Module/New Registration/Form 2/Add 1 Eligible - Incomplete' successfully

2018-11-08 16:40:12 - [TEST_STEP][PASSED] - delay: Delayed 4 second(s)

2018-11-08 16:40:16 - [MESSAGE][PASSED] - Delayed 4 second(s)

2018-11-08 16:40:16 - [TEST_STEP][PASSED] - callTestCase: Call Test Case 'Test Cases/Final Aug 2018 - PKS Automation/Registration Module/New Registration/Flow of New Registration/Third Screen - Upload Supporting Doc - Preview' successfully

2018-11-08 16:40:16 - [TEST_CASE][PASSED] - Test Cases/Final Aug 2018 - PKS Automation/Registration Module/New Registration/Flow of New Registration/Third Screen - Upload Supporting Doc - Preview: Test Cases/Final Aug 2018 - PKS Automation/Registration Module/New Registration/Flow of New Registration/Third Screen - Upload Supporting Doc - Preview

2018-11-08 16:40:16 - [TEST_STEP][PASSED] - waitForPageLoad: Wait for page load successfully

2018-11-08 16:40:16 - [MESSAGE][PASSED] - Wait for page load successfully

2018-11-08 16:40:16 - [TEST_STEP][PASSED] - Statement - CaseReferenceNo = com.kms.katalon.core.webui.keyword.WebUiBuiltInKeywords.getText(com.kms.katalon.core.testobject.ObjectRepository.findTestObject(Final Object Repo/New Registration - Registration Module Pages/Third Screen - Upload Supporting Doc- Preview/RefNo Acquiring)): Text of object 'Object Repository/Final Object Repo/New Registration - Registration Module Pages/Third Screen - Upload Supporting Doc- Preview/RefNo Acquiring' is: 'CRN11201800122428'

2018-11-08 16:40:16 - [MESSAGE][PASSED] - Text of object 'Object Repository/Final Object Repo/New Registration - Registration Module Pages/Third Screen - Upload Supporting Doc- Preview/RefNo Acquiring' is: 'CRN11201800122428'

2018-11-08 16:40:16 - [TEST_STEP][PASSED] - delay: Delayed 2 second(s)

2018-11-08 16:40:18 - [MESSAGE][PASSED] - Delayed 2 second(s)

2018-11-08 16:40:18 - [TEST_STEP][PASSED] - callTestCase: Call Test Case 'Test Cases/Final Aug 2018 - PKS Automation/Common/Reference Number Setter' successfully

2018-11-08 16:40:19 - [TEST_CASE][PASSED] - Test Cases/Final Aug 2018 - PKS Automation/Common/Reference Number Setter: Test Cases/Final Aug 2018 - PKS Automation/Common/Reference Number Setter

2018-11-08 16:40:19 - [TEST_STEP][PASSED] - Statement - RefNoOldFile = new java.io.File(C://KatalonReference.txt): null

2018-11-08 16:40:19 - [TEST_STEP][PASSED] - Statement - RefNoOldFile.delete(): null

2018-11-08 16:40:19 - [TEST_STEP][PASSED] - Statement - RefNo = new java.io.File(C://KatalonReference.txt): null

2018-11-08 16:40:19 - [TEST_STEP][PASSED] - Statement - RefNo.append(CaseReferenceNo): null

2018-11-08 16:40:19 - [TEST_STEP][PASSED] - Statement - out.println("


" + CaseReferenceNo + "


"): null

2018-11-08 16:40:19 - [MESSAGE][PASSED] - Call Test Case 'Test Cases/Final Aug 2018 - PKS Automation/Common/Reference Number Setter' successfully

2018-11-08 16:40:19 - [TEST_STEP][PASSED] - waitForElementClickable: Object 'Object Repository/Final Object Repo/New Registration - Registration Module Pages/Third Screen - Upload Supporting Doc- Preview/Save n Continue in SIP Employee Listing Page' is clickable

2018-11-08 16:40:19 - [MESSAGE][PASSED] - Object 'Object Repository/Final Object Repo/New Registration - Registration Module Pages/Third Screen - Upload Supporting Doc- Preview/Save n Continue in SIP Employee Listing Page' is clickable

2018-11-08 16:40:19 - [TEST_STEP][PASSED] - click: Object: 'Object Repository/Final Object Repo/New Registration - Registration Module Pages/Third Screen - Upload Supporting Doc- Preview/Save n Continue in SIP Employee Listing Page' is clicked on

2018-11-08 16:40:25 - [MESSAGE][PASSED] - Object: 'Object Repository/Final Object Repo/New Registration - Registration Module Pages/Third Screen - Upload Supporting Doc- Preview/Save n Continue in SIP Employee Listing Page' is clicked on

2018-11-08 16:40:25 - [TEST_STEP][PASSED] - delay: Delayed 6 second(s)

2018-11-08 16:40:31 - [MESSAGE][PASSED] - Delayed 6 second(s)

2018-11-08 16:40:31 - [TEST_STEP][PASSED] - click: Object: 'Object Repository/Final Object Repo/New Registration - Registration Module Pages/Third Screen - Upload Supporting Doc- Preview/Add Document Button' is clicked on

2018-11-08 16:40:32 - [MESSAGE][PASSED] - Object: 'Object Repository/Final Object Repo/New Registration - Registration Module Pages/Third Screen - Upload Supporting Doc- Preview/Add Document Button' is clicked on

2018-11-08 16:40:32 - [TEST_STEP][PASSED] - delay: Delayed 30 second(s)

2018-11-08 16:41:02 - [MESSAGE][PASSED] - Delayed 30 second(s)

2018-11-08 16:41:02 - [TEST_STEP][PASSED] - click: Object: 'Object Repository/Final Object Repo/New Registration - Registration Module Pages/Third Screen - Upload Supporting Doc- Preview/Supporting Doc Please Select Drop Down' is clicked on

2018-11-08 16:41:02 - [MESSAGE][PASSED] - Object: 'Object Repository/Final Object Repo/New Registration - Registration Module Pages/Third Screen - Upload Supporting Doc- Preview/Supporting Doc Please Select Drop Down' is clicked on

2018-11-08 16:41:02 - [TEST_STEP][PASSED] - delay: Delayed 2 second(s)

2018-11-08 16:41:04 - [MESSAGE][PASSED] - Delayed 2 second(s)

2018-11-08 16:41:04 - [TEST_STEP][PASSED] - click: Object: 'Object Repository/Final Object Repo/New Registration - Registration Module Pages/Third Screen - Upload Supporting Doc- Preview/Select to Upload Form 1' is clicked on

2018-11-08 16:41:05 - [MESSAGE][PASSED] - Object: 'Object Repository/Final Object Repo/New Registration - Registration Module Pages/Third Screen - Upload Supporting Doc- Preview/Select to Upload Form 1' is clicked on

2018-11-08 16:41:05 - [TEST_STEP][PASSED] - delay: Delayed 2 second(s)

2018-11-08 16:41:07 - [MESSAGE][PASSED] - Delayed 2 second(s)

2018-11-08 16:41:07 - [TEST_STEP][PASSED] - uploadFile: File 'C:\Users\Public\Pictures\Sample Pictures\Act.jpg' sent to object: 'Object Repository/Final Object Repo/New Registration - Registration Module Pages/Third Screen - Upload Supporting Doc- Preview/Upload File Adding'

2018-11-08 16:41:07 - [MESSAGE][PASSED] - File 'C:\Users\Public\Pictures\Sample Pictures\Act.jpg' sent to object: 'Object Repository/Final Object Repo/New Registration - Registration Module Pages/Third Screen - Upload Supporting Doc- Preview/Upload File Adding'

2018-11-08 16:41:07 - [TEST_STEP][PASSED] - delay: Delayed 5 second(s)

2018-11-08 16:41:12 - [MESSAGE][PASSED] - Delayed 5 second(s)

2018-11-08 16:41:12 - [TEST_STEP][PASSED] - click: Object: 'Object Repository/Final Object Repo/New Registration - Registration Module Pages/Third Screen - Upload Supporting Doc- Preview/Inner Form Add Document Button' is clicked on

2018-11-08 16:41:12 - [MESSAGE][PASSED] - Object: 'Object Repository/Final Object Repo/New Registration - Registration Module Pages/Third Screen - Upload Supporting Doc- Preview/Inner Form Add Document Button' is clicked on

2018-11-08 16:41:12 - [TEST_STEP][PASSED] - delay: Delayed 3 second(s)

2018-11-08 16:41:15 - [MESSAGE][PASSED] - Delayed 3 second(s)

2018-11-08 16:41:15 - [TEST_STEP][PASSED] - click: Object: 'Object Repository/Final Object Repo/New Registration - Registration Module Pages/Third Screen - Upload Supporting Doc- Preview/Add Document Button' is clicked on

2018-11-08 16:41:18 - [MESSAGE][PASSED] - Object: 'Object Repository/Final Object Repo/New Registration - Registration Module Pages/Third Screen - Upload Supporting Doc- Preview/Add Document Button' is clicked on

2018-11-08 16:41:18 - [TEST_STEP][PASSED] - delay: Delayed 30 second(s)

2018-11-08 16:41:48 - [MESSAGE][PASSED] - Delayed 30 second(s)

2018-11-08 16:41:48 - [TEST_STEP][PASSED] - click: Object: 'Object Repository/Final Object Repo/New Registration - Registration Module Pages/Third Screen - Upload Supporting Doc- Preview/Supporting Doc Please Select Drop Down' is clicked on

2018-11-08 16:41:49 - [MESSAGE][PASSED] - Object: 'Object Repository/Final Object Repo/New Registration - Registration Module Pages/Third Screen - Upload Supporting Doc- Preview/Supporting Doc Please Select Drop Down' is clicked on

2018-11-08 16:41:49 - [TEST_STEP][PASSED] - delay: Delayed 2 second(s)

2018-11-08 16:41:51 - [MESSAGE][PASSED] - Delayed 2 second(s)

2018-11-08 16:41:51 - [TEST_STEP][PASSED] - click: Object: 'Object Repository/Final Object Repo/New Registration - Registration Module Pages/Third Screen - Upload Supporting Doc- Preview/Select to Upload Form 2' is clicked on

2018-11-08 16:41:51 - [MESSAGE][PASSED] - Object: 'Object Repository/Final Object Repo/New Registration - Registration Module Pages/Third Screen - Upload Supporting Doc- Preview/Select to Upload Form 2' is clicked on

2018-11-08 16:41:51 - [TEST_STEP][PASSED] - delay: Delayed 2 second(s)

2018-11-08 16:41:53 - [MESSAGE][PASSED] - Delayed 2 second(s)

2018-11-08 16:41:53 - [TEST_STEP][PASSED] - uploadFile: File 'C:\Users\Public\Pictures\Sample Pictures\Act.jpg' sent to object: 'Object Repository/Final Object Repo/New Registration - Registration Module Pages/Third Screen - Upload Supporting Doc- Preview/Upload File Adding'

2018-11-08 16:41:53 - [MESSAGE][PASSED] - File 'C:\Users\Public\Pictures\Sample Pictures\Act.jpg' sent to object: 'Object Repository/Final Object Repo/New Registration - Registration Module Pages/Third Screen - Upload Supporting Doc- Preview/Upload File Adding'

2018-11-08 16:41:53 - [TEST_STEP][PASSED] - click: Object: 'Object Repository/Final Object Repo/New Registration - Registration Module Pages/Third Screen - Upload Supporting Doc- Preview/Inner Form Add Document Button' is clicked on

2018-11-08 16:41:59 - [MESSAGE][PASSED] - Object: 'Object Repository/Final Object Repo/New Registration - Registration Module Pages/Third Screen - Upload Supporting Doc- Preview/Inner Form Add Document Button' is clicked on

2018-11-08 16:41:59 - [TEST_STEP][PASSED] - delay: Delayed 4 second(s)

2018-11-08 16:42:03 - [MESSAGE][PASSED] - Delayed 4 second(s)

2018-11-08 16:42:03 - [TEST_STEP][PASSED] - click: Object: 'Object Repository/Final Object Repo/New Registration - Registration Module Pages/Third Screen - Upload Supporting Doc- Preview/Add Document Button' is clicked on

2018-11-08 16:42:04 - [MESSAGE][PASSED] - Object: 'Object Repository/Final Object Repo/New Registration - Registration Module Pages/Third Screen - Upload Supporting Doc- Preview/Add Document Button' is clicked on

2018-11-08 16:42:04 - [TEST_STEP][PASSED] - delay: Delayed 30 second(s)

2018-11-08 16:42:34 - [MESSAGE][PASSED] - Delayed 30 second(s)

2018-11-08 16:42:34 - [TEST_STEP][PASSED] - click: Object: 'Object Repository/Final Object Repo/New Registration - Registration Module Pages/Third Screen - Upload Supporting Doc- Preview/Supporting Doc Please Select Drop Down' is clicked on

2018-11-08 16:42:34 - [MESSAGE][PASSED] - Object: 'Object Repository/Final Object Repo/New Registration - Registration Module Pages/Third Screen - Upload Supporting Doc- Preview/Supporting Doc Please Select Drop Down' is clicked on

2018-11-08 16:42:34 - [TEST_STEP][PASSED] - click: Object: 'Object Repository/Final Object Repo/New Registration - Registration Module Pages/Third Screen - Upload Supporting Doc- Preview/Select to Upload Borang SIP 1' is clicked on

2018-11-08 16:42:35 - [MESSAGE][PASSED] - Object: 'Object Repository/Final Object Repo/New Registration - Registration Module Pages/Third Screen - Upload Supporting Doc- Preview/Select to Upload Borang SIP 1' is clicked on

2018-11-08 16:42:35 - [TEST_STEP][PASSED] - delay: Delayed 2 second(s)

2018-11-08 16:42:37 - [MESSAGE][PASSED] - Delayed 2 second(s)

2018-11-08 16:42:37 - [TEST_STEP][PASSED] - uploadFile: File 'C:\Users\Public\Pictures\Sample Pictures\Act.jpg' sent to object: 'Object Repository/Final Object Repo/New Registration - Registration Module Pages/Third Screen - Upload Supporting Doc- Preview/Upload File Adding'

2018-11-08 16:42:37 - [MESSAGE][PASSED] - File 'C:\Users\Public\Pictures\Sample Pictures\Act.jpg' sent to object: 'Object Repository/Final Object Repo/New Registration - Registration Module Pages/Third Screen - Upload Supporting Doc- Preview/Upload File Adding'

2018-11-08 16:42:37 - [TEST_STEP][PASSED] - click: Object: 'Object Repository/Final Object Repo/New Registration - Registration Module Pages/Third Screen - Upload Supporting Doc- Preview/Inner Form Add Document Button' is clicked on

2018-11-08 16:42:37 - [MESSAGE][PASSED] - Object: 'Object Repository/Final Object Repo/New Registration - Registration Module Pages/Third Screen - Upload Supporting Doc- Preview/Inner Form Add Document Button' is clicked on

2018-11-08 16:42:37 - [TEST_STEP][PASSED] - delay: Delayed 5 second(s)

2018-11-08 16:42:42 - [MESSAGE][PASSED] - Delayed 5 second(s)

2018-11-08 16:42:42 - [TEST_STEP][PASSED] - click: Object: 'Object Repository/Final Object Repo/New Registration - Registration Module Pages/Third Screen - Upload Supporting Doc- Preview/Add Document Button' is clicked on

2018-11-08 16:42:43 - [MESSAGE][PASSED] - Object: 'Object Repository/Final Object Repo/New Registration - Registration Module Pages/Third Screen - Upload Supporting Doc- Preview/Add Document Button' is clicked on

2018-11-08 16:42:43 - [TEST_STEP][PASSED] - delay: Delayed 30 second(s)

2018-11-08 16:43:13 - [MESSAGE][PASSED] - Delayed 30 second(s)

2018-11-08 16:43:13 - [TEST_STEP][PASSED] - click: Object: 'Object Repository/Final Object Repo/New Registration - Registration Module Pages/Third Screen - Upload Supporting Doc- Preview/Supporting Doc Please Select Drop Down' is clicked on

2018-11-08 16:43:13 - [MESSAGE][PASSED] - Object: 'Object Repository/Final Object Repo/New Registration - Registration Module Pages/Third Screen - Upload Supporting Doc- Preview/Supporting Doc Please Select Drop Down' is clicked on

2018-11-08 16:43:13 - [TEST_STEP][PASSED] - delay: Delayed 3 second(s)

2018-11-08 16:43:16 - [MESSAGE][PASSED] - Delayed 3 second(s)

2018-11-08 16:43:16 - [TEST_STEP][PASSED] - click: Object: 'Object Repository/Final Object Repo/New Registration - Registration Module Pages/Third Screen - Upload Supporting Doc- Preview/Select to Upload Borang SIP 2' is clicked on

2018-11-08 16:43:17 - [MESSAGE][PASSED] - Object: 'Object Repository/Final Object Repo/New Registration - Registration Module Pages/Third Screen - Upload Supporting Doc- Preview/Select to Upload Borang SIP 2' is clicked on

2018-11-08 16:43:17 - [TEST_STEP][PASSED] - delay: Delayed 2 second(s)

2018-11-08 16:43:19 - [MESSAGE][PASSED] - Delayed 2 second(s)

2018-11-08 16:43:19 - [TEST_STEP][PASSED] - uploadFile: File 'C:\Users\Public\Pictures\Sample Pictures\Act.jpg' sent to object: 'Object Repository/Final Object Repo/New Registration - Registration Module Pages/Third Screen - Upload Supporting Doc- Preview/Upload File Adding'

2018-11-08 16:43:19 - [MESSAGE][PASSED] - File 'C:\Users\Public\Pictures\Sample Pictures\Act.jpg' sent to object: 'Object Repository/Final Object Repo/New Registration - Registration Module Pages/Third Screen - Upload Supporting Doc- Preview/Upload File Adding'

2018-11-08 16:43:19 - [TEST_STEP][PASSED] - delay: Delayed 5 second(s)

2018-11-08 16:43:24 - [MESSAGE][PASSED] - Delayed 5 second(s)

2018-11-08 16:43:24 - [TEST_STEP][PASSED] - click: Object: 'Object Repository/Final Object Repo/New Registration - Registration Module Pages/Third Screen - Upload Supporting Doc- Preview/Inner Form Add Document Button' is clicked on

2018-11-08 16:43:25 - [MESSAGE][PASSED] - Object: 'Object Repository/Final Object Repo/New Registration - Registration Module Pages/Third Screen - Upload Supporting Doc- Preview/Inner Form Add Document Button' is clicked on

2018-11-08 16:43:25 - [TEST_STEP][PASSED] - delay: Delayed 3 second(s)

2018-11-08 16:43:28 - [MESSAGE][PASSED] - Delayed 3 second(s)

2018-11-08 16:43:28 - [TEST_STEP][PASSED] - waitForElementClickable: Object 'Object Repository/Final Object Repo/New Registration - Registration Module Pages/Third Screen - Upload Supporting Doc- Preview/Save n Continue in Uploading Supporting Doc Page' is clickable

2018-11-08 16:43:30 - [MESSAGE][PASSED] - Object 'Object Repository/Final Object Repo/New Registration - Registration Module Pages/Third Screen - Upload Supporting Doc- Preview/Save n Continue in Uploading Supporting Doc Page' is clickable

2018-11-08 16:43:31 - [TEST_STEP][PASSED] - click: Object: 'Object Repository/Final Object Repo/New Registration - Registration Module Pages/Third Screen - Upload Supporting Doc- Preview/Save n Continue in Uploading Supporting Doc Page' is clicked on

2018-11-08 16:43:36 - [MESSAGE][PASSED] - Object: 'Object Repository/Final Object Repo/New Registration - Registration Module Pages/Third Screen - Upload Supporting Doc- Preview/Save n Continue in Uploading Supporting Doc Page' is clicked on

2018-11-08 16:43:36 - [MESSAGE][PASSED] - Call Test Case 'Test Cases/Final Aug 2018 - PKS Automation/Registration Module/New Registration/Flow of New Registration/Third Screen - Upload Supporting Doc - Preview' successfully

2018-11-08 16:43:36 - [TEST_STEP][PASSED] - callTestCase: Call Test Case 'Test Cases/Final Aug 2018 - PKS Automation/Registration Module/New Registration/Submit and Screenshot/Submit Registration and Screenshot' successfully

2018-11-08 16:43:36 - [TEST_CASE][PASSED] - Test Cases/Final Aug 2018 - PKS Automation/Registration Module/New Registration/Submit and Screenshot/Submit Registration and Screenshot: Test Cases/Final Aug 2018 - PKS Automation/Registration Module/New Registration/Submit and Screenshot/Submit Registration and Screenshot

2018-11-08 16:43:36 - [TEST_STEP][PASSED] - delay: Delayed 6 second(s)

2018-11-08 16:43:42 - [MESSAGE][PASSED] - Delayed 6 second(s)

2018-11-08 16:43:42 - [TEST_STEP][PASSED] - click: Object: 'Object Repository/Final Object Repo/New Registration - Registration Module Pages/Third Screen - Upload Supporting Doc- Preview/Preview Submit Button' is clicked on

2018-11-08 16:43:42 - [MESSAGE][PASSED] - Object: 'Object Repository/Final Object Repo/New Registration - Registration Module Pages/Third Screen - Upload Supporting Doc- Preview/Preview Submit Button' is clicked on

2018-11-08 16:43:42 - [TEST_STEP][PASSED] - delay: Delayed 2 second(s)

2018-11-08 16:43:44 - [MESSAGE][PASSED] - Delayed 2 second(s)

2018-11-08 16:43:44 - [TEST_STEP][PASSED] - click: Object: 'Object Repository/Final Object Repo/New Registration - Registration Module Pages/Third Screen - Upload Supporting Doc- Preview/Preview Submit - Confirm' is clicked on

2018-11-08 16:43:50 - [MESSAGE][PASSED] - Object: 'Object Repository/Final Object Repo/New Registration - Registration Module Pages/Third Screen - Upload Supporting Doc- Preview/Preview Submit - Confirm' is clicked on

2018-11-08 16:43:50 - [TEST_STEP][PASSED] - delay: Delayed 15 second(s)

2018-11-08 16:44:05 - [MESSAGE][PASSED] - Delayed 15 second(s)

2018-11-08 16:44:05 - [TEST_STEP][PASSED] - Statement - driver = com.kms.katalon.core.webui.driver.DriverFactory.getWebDriver(): null

2018-11-08 16:44:05 - [TEST_STEP][PASSED] - Statement - driver.manage().timeouts().implicitlyWait(10, SECONDS): null

2018-11-08 16:44:05 - [TEST_STEP][PASSED] - Statement - PresavePath = KatalonScreenshots: null

2018-11-08 16:44:05 - [TEST_STEP][PASSED] - Statement - pathPrefix = "C:\Users\Public\Pictures\Sample Pictures\Katalon Screenshots\Automate Ending Screen": null

2018-11-08 16:44:05 - [TEST_STEP][PASSED] - Statement - finalPath = <not implemented yet for class: org.codehaus.groovy.ast.expr.EmptyExpression>: null

2018-11-08 16:44:05 - [TEST_STEP][PASSED] - Statement - scrFile = driver.getScreenshotAs(FILE): null

2018-11-08 16:44:05 - [TEST_STEP][PASSED] - Statement - PreSaveFile = new java.io.File(PresavePath): null

2018-11-08 16:44:05 - [TEST_STEP][PASSED] - Statement - counter = 0: null

2018-11-08 16:44:05 - [TEST_STEP][PASSED] - Statement - If (PreSaveFile.exists()): null

2018-11-08 16:44:05 - [TEST_STEP][PASSED] - Statement - While (PreSaveFile.exists()): null

2018-11-08 16:44:05 - [TEST_STEP][PASSED] - Statement - counter = counter + 1: null

2018-11-08 16:44:05 - [TEST_STEP][PASSED] - Statement - PreSaveFile = new java.io.File(((pathPrefix + java.lang.Integer.toString(counter)) + .png)): null

2018-11-08 16:44:05 - [TEST_STEP][PASSED] - Statement - counter = counter + 1: null

2018-11-08 16:44:05 - [TEST_STEP][PASSED] - Statement - PreSaveFile = new java.io.File(((pathPrefix + java.lang.Integer.toString(counter)) + .png)): null

2018-11-08 16:44:05 - [TEST_STEP][PASSED] - Statement - counter = counter + 1: null

2018-11-08 16:44:05 - [TEST_STEP][PASSED] - Statement - PreSaveFile = new java.io.File(((pathPrefix + java.lang.Integer.toString(counter)) + .png)): null

2018-11-08 16:44:05 - [TEST_STEP][PASSED] - Statement - counter = counter + 1: null

2018-11-08 16:44:05 - [TEST_STEP][PASSED] - Statement - PreSaveFile = new java.io.File(((pathPrefix + java.lang.Integer.toString(counter)) + .png)): null

2018-11-08 16:44:05 - [TEST_STEP][PASSED] - Statement - counter = counter + 1: null

2018-11-08 16:44:05 - [TEST_STEP][PASSED] - Statement - PreSaveFile = new java.io.File(((pathPrefix + java.lang.Integer.toString(counter)) + .png)): null

2018-11-08 16:44:05 - [TEST_STEP][PASSED] - Statement - counter = counter + 1: null

2018-11-08 16:44:05 - [TEST_STEP][PASSED] - Statement - PreSaveFile = new java.io.File(((pathPrefix + java.lang.Integer.toString(counter)) + .png)): null

2018-11-08 16:44:05 - [TEST_STEP][PASSED] - Statement - counter = counter + 1: null

2018-11-08 16:44:05 - [TEST_STEP][PASSED] - Statement - PreSaveFile = new java.io.File(((pathPrefix + java.lang.Integer.toString(counter)) + .png)): null

2018-11-08 16:44:05 - [TEST_STEP][PASSED] - Statement - counter = counter + 1: null

2018-11-08 16:44:05 - [TEST_STEP][PASSED] - Statement - PreSaveFile = new java.io.File(((pathPrefix + java.lang.Integer.toString(counter)) + .png)): null

2018-11-08 16:44:05 - [TEST_STEP][PASSED] - Statement - counter = counter + 1: null

2018-11-08 16:44:05 - [TEST_STEP][PASSED] - Statement - PreSaveFile = new java.io.File(((pathPrefix + java.lang.Integer.toString(counter)) + .png)): null

2018-11-08 16:44:05 - [TEST_STEP][PASSED] - Statement - counter = counter + 1: null

2018-11-08 16:44:05 - [TEST_STEP][PASSED] - Statement - PreSaveFile = new java.io.File(((pathPrefix + java.lang.Integer.toString(counter)) + .png)): null

2018-11-08 16:44:05 - [TEST_STEP][PASSED] - Statement - counter = counter + 1: null

2018-11-08 16:44:05 - [TEST_STEP][PASSED] - Statement - PreSaveFile = new java.io.File(((pathPrefix + java.lang.Integer.toString(counter)) + .png)): null

2018-11-08 16:44:05 - [TEST_STEP][PASSED] - Statement - counter = counter + 1: null

2018-11-08 16:44:05 - [TEST_STEP][PASSED] - Statement - PreSaveFile = new java.io.File(((pathPrefix + java.lang.Integer.toString(counter)) + .png)): null

2018-11-08 16:44:05 - [TEST_STEP][PASSED] - Statement - counter = counter + 1: null

2018-11-08 16:44:05 - [TEST_STEP][PASSED] - Statement - PreSaveFile = new java.io.File(((pathPrefix + java.lang.Integer.toString(counter)) + .png)): null

2018-11-08 16:44:05 - [TEST_STEP][PASSED] - Statement - counter = counter + 1: null

2018-11-08 16:44:05 - [TEST_STEP][PASSED] - Statement - PreSaveFile = new java.io.File(((pathPrefix + java.lang.Integer.toString(counter)) + .png)): null

2018-11-08 16:44:05 - [TEST_STEP][PASSED] - Statement - counter = counter + 1: null

2018-11-08 16:44:05 - [TEST_STEP][PASSED] - Statement - PreSaveFile = new java.io.File(((pathPrefix + java.lang.Integer.toString(counter)) + .png)): null

2018-11-08 16:44:05 - [TEST_STEP][PASSED] - Statement - counter = counter + 1: null

2018-11-08 16:44:05 - [TEST_STEP][PASSED] - Statement - PreSaveFile = new java.io.File(((pathPrefix + java.lang.Integer.toString(counter)) + .png)): null

2018-11-08 16:44:05 - [TEST_STEP][PASSED] - Statement - counter = counter + 1: null

2018-11-08 16:44:05 - [TEST_STEP][PASSED] - Statement - PreSaveFile = new java.io.File(((pathPrefix + java.lang.Integer.toString(counter)) + .png)): null

2018-11-08 16:44:05 - [TEST_STEP][PASSED] - Statement - counter = counter + 1: null

2018-11-08 16:44:05 - [TEST_STEP][PASSED] - Statement - PreSaveFile = new java.io.File(((pathPrefix + java.lang.Integer.toString(counter)) + .png)): null

2018-11-08 16:44:05 - [TEST_STEP][PASSED] - Statement - counter = counter + 1: null

2018-11-08 16:44:05 - [TEST_STEP][PASSED] - Statement - PreSaveFile = new java.io.File(((pathPrefix + java.lang.Integer.toString(counter)) + .png)): null

2018-11-08 16:44:05 - [TEST_STEP][PASSED] - Statement - counter = counter + 1: null

2018-11-08 16:44:05 - [TEST_STEP][PASSED] - Statement - PreSaveFile = new java.io.File(((pathPrefix + java.lang.Integer.toString(counter)) + .png)): null

2018-11-08 16:44:05 - [TEST_STEP][PASSED] - Statement - counter = counter + 1: null

2018-11-08 16:44:05 - [TEST_STEP][PASSED] - Statement - PreSaveFile = new java.io.File(((pathPrefix + java.lang.Integer.toString(counter)) + .png)): null

2018-11-08 16:44:06 - [TEST_STEP][PASSED] - Statement - counter = counter + 1: null

2018-11-08 16:44:06 - [TEST_STEP][PASSED] - Statement - PreSaveFile = new java.io.File(((pathPrefix + java.lang.Integer.toString(counter)) + .png)): null

2018-11-08 16:44:06 - [TEST_STEP][PASSED] - Statement - counter = counter + 1: null

2018-11-08 16:44:06 - [TEST_STEP][PASSED] - Statement - PreSaveFile = new java.io.File(((pathPrefix + java.lang.Integer.toString(counter)) + .png)): null

2018-11-08 16:44:06 - [TEST_STEP][PASSED] - Statement - counter = counter + 1: null

2018-11-08 16:44:06 - [TEST_STEP][PASSED] - Statement - PreSaveFile = new java.io.File(((pathPrefix + java.lang.Integer.toString(counter)) + .png)): null

2018-11-08 16:44:06 - [TEST_STEP][PASSED] - Statement - counter = counter + 1: null

2018-11-08 16:44:06 - [TEST_STEP][PASSED] - Statement - PreSaveFile = new java.io.File(((pathPrefix + java.lang.Integer.toString(counter)) + .png)): null

2018-11-08 16:44:06 - [TEST_STEP][PASSED] - Statement - counter = counter + 1: null

2018-11-08 16:44:06 - [TEST_STEP][PASSED] - Statement - PreSaveFile = new java.io.File(((pathPrefix + java.lang.Integer.toString(counter)) + .png)): null

2018-11-08 16:44:06 - [TEST_STEP][PASSED] - Statement - counter = counter + 1: null

2018-11-08 16:44:06 - [TEST_STEP][PASSED] - Statement - PreSaveFile = new java.io.File(((pathPrefix + java.lang.Integer.toString(counter)) + .png)): null

2018-11-08 16:44:06 - [TEST_STEP][PASSED] - Statement - counter = counter + 1: null

2018-11-08 16:44:06 - [TEST_STEP][PASSED] - Statement - PreSaveFile = new java.io.File(((pathPrefix + java.lang.Integer.toString(counter)) + .png)): null

2018-11-08 16:44:06 - [TEST_STEP][PASSED] - Statement - counter = counter + 1: null

2018-11-08 16:44:06 - [TEST_STEP][PASSED] - Statement - PreSaveFile = new java.io.File(((pathPrefix + java.lang.Integer.toString(counter)) + .png)): null

2018-11-08 16:44:06 - [TEST_STEP][PASSED] - Statement - counter = counter + 1: null

2018-11-08 16:44:06 - [TEST_STEP][PASSED] - Statement - PreSaveFile = new java.io.File(((pathPrefix + java.lang.Integer.toString(counter)) + .png)): null

2018-11-08 16:44:06 - [TEST_STEP][PASSED] - Statement - counter = counter + 1: null

2018-11-08 16:44:06 - [TEST_STEP][PASSED] - Statement - PreSaveFile = new java.io.File(((pathPrefix + java.lang.Integer.toString(counter)) + .png)): null

2018-11-08 16:44:06 - [TEST_STEP][PASSED] - Statement - counter = counter + 1: null

2018-11-08 16:44:06 - [TEST_STEP][PASSED] - Statement - PreSaveFile = new java.io.File(((pathPrefix + java.lang.Integer.toString(counter)) + .png)): null

2018-11-08 16:44:06 - [TEST_STEP][PASSED] - Statement - counter = counter + 1: null

2018-11-08 16:44:06 - [TEST_STEP][PASSED] - Statement - PreSaveFile = new java.io.File(((pathPrefix + java.lang.Integer.toString(counter)) + .png)): null

2018-11-08 16:44:06 - [TEST_STEP][PASSED] - Statement - counter = counter + 1: null

2018-11-08 16:44:07 - [TEST_STEP][PASSED] - Statement - PreSaveFile = new java.io.File(((pathPrefix + java.lang.Integer.toString(counter)) + .png)): null

2018-11-08 16:44:07 - [TEST_STEP][PASSED] - Statement - counter = counter + 1: null

2018-11-08 16:44:07 - [TEST_STEP][PASSED] - Statement - PreSaveFile = new java.io.File(((pathPrefix + java.lang.Integer.toString(counter)) + .png)): null

2018-11-08 16:44:07 - [TEST_STEP][PASSED] - Statement - counter = counter + 1: null

2018-11-08 16:44:07 - [TEST_STEP][PASSED] - Statement - PreSaveFile = new java.io.File(((pathPrefix + java.lang.Integer.toString(counter)) + .png)): null

2018-11-08 16:44:07 - [TEST_STEP][PASSED] - Statement - counter = counter + 1: null

2018-11-08 16:44:07 - [TEST_STEP][PASSED] - Statement - PreSaveFile = new java.io.File(((pathPrefix + java.lang.Integer.toString(counter)) + .png)): null

2018-11-08 16:44:07 - [TEST_STEP][PASSED] - Statement - counter = counter + 1: null

2018-11-08 16:44:07 - [TEST_STEP][PASSED] - Statement - PreSaveFile = new java.io.File(((pathPrefix + java.lang.Integer.toString(counter)) + .png)): null

2018-11-08 16:44:07 - [TEST_STEP][PASSED] - Statement - counter = counter + 1: null

2018-11-08 16:44:07 - [TEST_STEP][PASSED] - Statement - PreSaveFile = new java.io.File(((pathPrefix + java.lang.Integer.toString(counter)) + .png)): null

2018-11-08 16:44:07 - [TEST_STEP][PASSED] - Statement - counter = counter + 1: null

2018-11-08 16:44:07 - [TEST_STEP][PASSED] - Statement - PreSaveFile = new java.io.File(((pathPrefix + java.lang.Integer.toString(counter)) + .png)): null

2018-11-08 16:44:07 - [TEST_STEP][PASSED] - Statement - counter = counter + 1: null

2018-11-08 16:44:08 - [TEST_STEP][PASSED] - Statement - PreSaveFile = new java.io.File(((pathPrefix + java.lang.Integer.toString(counter)) + .png)): null

2018-11-08 16:44:08 - [TEST_STEP][PASSED] - Statement - counter = counter + 1: null

2018-11-08 16:44:08 - [TEST_STEP][PASSED] - Statement - PreSaveFile = new java.io.File(((pathPrefix + java.lang.Integer.toString(counter)) + .png)): null

2018-11-08 16:44:08 - [TEST_STEP][PASSED] - Statement - counter = counter + 1: null

2018-11-08 16:44:08 - [TEST_STEP][PASSED] - Statement - PreSaveFile = new java.io.File(((pathPrefix + java.lang.Integer.toString(counter)) + .png)): null

2018-11-08 16:44:08 - [TEST_STEP][PASSED] - Statement - counter = counter + 1: null

2018-11-08 16:44:08 - [TEST_STEP][PASSED] - Statement - PreSaveFile = new java.io.File(((pathPrefix + java.lang.Integer.toString(counter)) + .png)): null

2018-11-08 16:44:08 - [TEST_STEP][PASSED] - Statement - counter = counter + 1: null

2018-11-08 16:44:08 - [TEST_STEP][PASSED] - Statement - PreSaveFile = new java.io.File(((pathPrefix + java.lang.Integer.toString(counter)) + .png)): null

2018-11-08 16:44:08 - [TEST_STEP][PASSED] - Statement - counter = counter + 1: null

2018-11-08 16:44:09 - [TEST_STEP][PASSED] - Statement - PreSaveFile = new java.io.File(((pathPrefix + java.lang.Integer.toString(counter)) + .png)): null

2018-11-08 16:44:09 - [TEST_STEP][PASSED] - Statement - counter = counter + 1: null

2018-11-08 16:44:09 - [TEST_STEP][PASSED] - Statement - PreSaveFile = new java.io.File(((pathPrefix + java.lang.Integer.toString(counter)) + .png)): null

2018-11-08 16:44:09 - [TEST_STEP][PASSED] - Statement - counter = counter + 1: null

2018-11-08 16:44:09 - [TEST_STEP][PASSED] - Statement - PreSaveFile = new java.io.File(((pathPrefix + java.lang.Integer.toString(counter)) + .png)): null

2018-11-08 16:44:09 - [TEST_STEP][PASSED] - Statement - counter = counter + 1: null

2018-11-08 16:44:09 - [TEST_STEP][PASSED] - Statement - PreSaveFile = new java.io.File(((pathPrefix + java.lang.Integer.toString(counter)) + .png)): null

2018-11-08 16:44:09 - [TEST_STEP][PASSED] - Statement - counter = counter + 1: null

2018-11-08 16:44:09 - [TEST_STEP][PASSED] - Statement - PreSaveFile = new java.io.File(((pathPrefix + java.lang.Integer.toString(counter)) + .png)): null

2018-11-08 16:44:09 - [TEST_STEP][PASSED] - Statement - counter = counter + 1: null

2018-11-08 16:44:09 - [TEST_STEP][PASSED] - Statement - PreSaveFile = new java.io.File(((pathPrefix + java.lang.Integer.toString(counter)) + .png)): null

2018-11-08 16:44:09 - [TEST_STEP][PASSED] - Statement - counter = counter + 1: null

2018-11-08 16:44:09 - [TEST_STEP][PASSED] - Statement - PreSaveFile = new java.io.File(((pathPrefix + java.lang.Integer.toString(counter)) + .png)): null

2018-11-08 16:44:09 - [TEST_STEP][PASSED] - Statement - counter = counter + 1: null

2018-11-08 16:44:10 - [TEST_STEP][PASSED] - Statement - PreSaveFile = new java.io.File(((pathPrefix + java.lang.Integer.toString(counter)) + .png)): null

2018-11-08 16:44:10 - [TEST_STEP][PASSED] - Statement - counter = counter + 1: null

2018-11-08 16:44:10 - [TEST_STEP][PASSED] - Statement - PreSaveFile = new java.io.File(((pathPrefix + java.lang.Integer.toString(counter)) + .png)): null

2018-11-08 16:44:10 - [TEST_STEP][PASSED] - Statement - counter = counter + 1: null

2018-11-08 16:44:10 - [TEST_STEP][PASSED] - Statement - PreSaveFile = new java.io.File(((pathPrefix + java.lang.Integer.toString(counter)) + .png)): null

2018-11-08 16:44:10 - [TEST_STEP][PASSED] - Statement - counter = counter + 1: null

2018-11-08 16:44:10 - [TEST_STEP][PASSED] - Statement - PreSaveFile = new java.io.File(((pathPrefix + java.lang.Integer.toString(counter)) + .png)): null

2018-11-08 16:44:10 - [TEST_STEP][PASSED] - Statement - counter = counter + 1: null

2018-11-08 16:44:10 - [TEST_STEP][PASSED] - Statement - PreSaveFile = new java.io.File(((pathPrefix + java.lang.Integer.toString(counter)) + .png)): null

2018-11-08 16:44:10 - [TEST_STEP][PASSED] - Statement - counter = counter + 1: null

2018-11-08 16:44:11 - [TEST_STEP][PASSED] - Statement - PreSaveFile = new java.io.File(((pathPrefix + java.lang.Integer.toString(counter)) + .png)): null

2018-11-08 16:44:11 - [TEST_STEP][PASSED] - Statement - counter = counter + 1: null

2018-11-08 16:44:11 - [TEST_STEP][PASSED] - Statement - PreSaveFile = new java.io.File(((pathPrefix + java.lang.Integer.toString(counter)) + .png)): null

2018-11-08 16:44:11 - [TEST_STEP][PASSED] - Statement - counter = counter + 1: null

2018-11-08 16:44:11 - [TEST_STEP][PASSED] - Statement - PreSaveFile = new java.io.File(((pathPrefix + java.lang.Integer.toString(counter)) + .png)): null

2018-11-08 16:44:11 - [TEST_STEP][PASSED] - Statement - counter = counter + 1: null

2018-11-08 16:44:11 - [TEST_STEP][PASSED] - Statement - PreSaveFile = new java.io.File(((pathPrefix + java.lang.Integer.toString(counter)) + .png)): null

2018-11-08 16:44:11 - [TEST_STEP][PASSED] - Statement - counter = counter + 1: null

2018-11-08 16:44:11 - [TEST_STEP][PASSED] - Statement - PreSaveFile = new java.io.File(((pathPrefix + java.lang.Integer.toString(counter)) + .png)): null

2018-11-08 16:44:12 - [TEST_STEP][PASSED] - Statement - counter = counter + 1: null

2018-11-08 16:44:12 - [TEST_STEP][PASSED] - Statement - PreSaveFile = new java.io.File(((pathPrefix + java.lang.Integer.toString(counter)) + .png)): null

2018-11-08 16:44:12 - [TEST_STEP][PASSED] - Statement - counter = counter + 1: null

2018-11-08 16:44:12 - [TEST_STEP][PASSED] - Statement - PreSaveFile = new java.io.File(((pathPrefix + java.lang.Integer.toString(counter)) + .png)): null

2018-11-08 16:44:12 - [TEST_STEP][PASSED] - Statement - counter = counter + 1: null

2018-11-08 16:44:12 - [TEST_STEP][PASSED] - Statement - PreSaveFile = new java.io.File(((pathPrefix + java.lang.Integer.toString(counter)) + .png)): null

2018-11-08 16:44:12 - [TEST_STEP][PASSED] - Statement - counter = counter + 1: null

2018-11-08 16:44:12 - [TEST_STEP][PASSED] - Statement - PreSaveFile = new java.io.File(((pathPrefix + java.lang.Integer.toString(counter)) + .png)): null

2018-11-08 16:44:12 - [TEST_STEP][PASSED] - Statement - counter = counter + 1: null

2018-11-08 16:44:12 - [TEST_STEP][PASSED] - Statement - PreSaveFile = new java.io.File(((pathPrefix + java.lang.Integer.toString(counter)) + .png)): null

2018-11-08 16:44:12 - [TEST_STEP][PASSED] - Statement - counter = counter + 1: null

2018-11-08 16:44:12 - [TEST_STEP][PASSED] - Statement - PreSaveFile = new java.io.File(((pathPrefix + java.lang.Integer.toString(counter)) + .png)): null

2018-11-08 16:44:12 - [TEST_STEP][PASSED] - Statement - counter = counter + 1: null

2018-11-08 16:44:12 - [TEST_STEP][PASSED] - Statement - PreSaveFile = new java.io.File(((pathPrefix + java.lang.Integer.toString(counter)) + .png)): null

2018-11-08 16:44:13 - [TEST_STEP][PASSED] - Statement - counter = counter + 1: null

2018-11-08 16:44:13 - [TEST_STEP][PASSED] - Statement - PreSaveFile = new java.io.File(((pathPrefix + java.lang.Integer.toString(counter)) + .png)): null

2018-11-08 16:44:13 - [TEST_STEP][PASSED] - Statement - counter = counter + 1: null

2018-11-08 16:44:13 - [TEST_STEP][PASSED] - Statement - PreSaveFile = new java.io.File(((pathPrefix + java.lang.Integer.toString(counter)) + .png)): null

2018-11-08 16:44:13 - [TEST_STEP][PASSED] - Statement - counter = counter + 1: null

2018-11-08 16:44:13 - [TEST_STEP][PASSED] - Statement - PreSaveFile = new java.io.File(((pathPrefix + java.lang.Integer.toString(counter)) + .png)): null

2018-11-08 16:44:13 - [TEST_STEP][PASSED] - Statement - counter = counter + 1: null

2018-11-08 16:44:13 - [TEST_STEP][PASSED] - Statement - PreSaveFile = new java.io.File(((pathPrefix + java.lang.Integer.toString(counter)) + .png)): null

2018-11-08 16:44:13 - [TEST_STEP][PASSED] - Statement - counter = counter + 1: null

2018-11-08 16:44:13 - [TEST_STEP][PASSED] - Statement - PreSaveFile = new java.io.File(((pathPrefix + java.lang.Integer.toString(counter)) + .png)): null

2018-11-08 16:44:13 - [TEST_STEP][PASSED] - Statement - counter = counter + 1: null

2018-11-08 16:44:13 - [TEST_STEP][PASSED] - Statement - PreSaveFile = new java.io.File(((pathPrefix + java.lang.Integer.toString(counter)) + .png)): null

2018-11-08 16:44:13 - [TEST_STEP][PASSED] - Statement - counter = counter + 1: null

2018-11-08 16:44:13 - [TEST_STEP][PASSED] - Statement - PreSaveFile = new java.io.File(((pathPrefix + java.lang.Integer.toString(counter)) + .png)): null

2018-11-08 16:44:13 - [TEST_STEP][PASSED] - Statement - counter = counter + 1: null

2018-11-08 16:44:13 - [TEST_STEP][PASSED] - Statement - PreSaveFile = new java.io.File(((pathPrefix + java.lang.Integer.toString(counter)) + .png)): null

2018-11-08 16:44:13 - [TEST_STEP][PASSED] - Statement - counter = counter + 1: null

2018-11-08 16:44:13 - [TEST_STEP][PASSED] - Statement - PreSaveFile = new java.io.File(((pathPrefix + java.lang.Integer.toString(counter)) + .png)): null

2018-11-08 16:44:13 - [TEST_STEP][PASSED] - Statement - counter = counter + 1: null

2018-11-08 16:44:14 - [TEST_STEP][PASSED] - Statement - PreSaveFile = new java.io.File(((pathPrefix + java.lang.Integer.toString(counter)) + .png)): null

2018-11-08 16:44:14 - [TEST_STEP][PASSED] - Statement - counter = counter + 1: null

2018-11-08 16:44:14 - [TEST_STEP][PASSED] - Statement - PreSaveFile = new java.io.File(((pathPrefix + java.lang.Integer.toString(counter)) + .png)): null

2018-11-08 16:44:14 - [TEST_STEP][PASSED] - Statement - counter = counter + 1: null

2018-11-08 16:44:14 - [TEST_STEP][PASSED] - Statement - PreSaveFile = new java.io.File(((pathPrefix + java.lang.Integer.toString(counter)) + .png)): null

2018-11-08 16:44:14 - [TEST_STEP][PASSED] - Statement - counter = counter + 1: null

2018-11-08 16:44:14 - [TEST_STEP][PASSED] - Statement - PreSaveFile = new java.io.File(((pathPrefix + java.lang.Integer.toString(counter)) + .png)): null

2018-11-08 16:44:14 - [TEST_STEP][PASSED] - Statement - counter = counter + 1: null

2018-11-08 16:44:14 - [TEST_STEP][PASSED] - Statement - PreSaveFile = new java.io.File(((pathPrefix + java.lang.Integer.toString(counter)) + .png)): null

2018-11-08 16:44:14 - [TEST_STEP][PASSED] - Statement - counter = counter + 1: null

2018-11-08 16:44:14 - [TEST_STEP][PASSED] - Statement - PreSaveFile = new java.io.File(((pathPrefix + java.lang.Integer.toString(counter)) + .png)): null

2018-11-08 16:44:14 - [TEST_STEP][PASSED] - Statement - counter = counter + 1: null

2018-11-08 16:44:14 - [TEST_STEP][PASSED] - Statement - PreSaveFile = new java.io.File(((pathPrefix + java.lang.Integer.toString(counter)) + .png)): null

2018-11-08 16:44:14 - [TEST_STEP][PASSED] - Statement - counter = counter + 1: null

2018-11-08 16:44:15 - [TEST_STEP][PASSED] - Statement - PreSaveFile = new java.io.File(((pathPrefix + java.lang.Integer.toString(counter)) + .png)): null

2018-11-08 16:44:15 - [TEST_STEP][PASSED] - Statement - counter = counter + 1: null

2018-11-08 16:44:15 - [TEST_STEP][PASSED] - Statement - PreSaveFile = new java.io.File(((pathPrefix + java.lang.Integer.toString(counter)) + .png)): null

2018-11-08 16:44:15 - [TEST_STEP][PASSED] - Statement - counter = counter + 1: null

2018-11-08 16:44:15 - [TEST_STEP][PASSED] - Statement - PreSaveFile = new java.io.File(((pathPrefix + java.lang.Integer.toString(counter)) + .png)): null

2018-11-08 16:44:15 - [TEST_STEP][PASSED] - Statement - counter = counter + 1: null

2018-11-08 16:44:15 - [TEST_STEP][PASSED] - Statement - PreSaveFile = new java.io.File(((pathPrefix + java.lang.Integer.toString(counter)) + .png)): null

2018-11-08 16:44:15 - [TEST_STEP][PASSED] - Statement - counter = counter + 1: null

2018-11-08 16:44:15 - [TEST_STEP][PASSED] - Statement - PreSaveFile = new java.io.File(((pathPrefix + java.lang.Integer.toString(counter)) + .png)): null

2018-11-08 16:44:15 - [TEST_STEP][PASSED] - Statement - counter = counter + 1: null

2018-11-08 16:44:16 - [TEST_STEP][PASSED] - Statement - PreSaveFile = new java.io.File(((pathPrefix + java.lang.Integer.toString(counter)) + .png)): null

2018-11-08 16:44:16 - [TEST_STEP][PASSED] - Statement - counter = counter + 1: null

2018-11-08 16:44:16 - [TEST_STEP][PASSED] - Statement - PreSaveFile = new java.io.File(((pathPrefix + java.lang.Integer.toString(counter)) + .png)): null

2018-11-08 16:44:16 - [TEST_STEP][PASSED] - Statement - counter = counter + 1: null

2018-11-08 16:44:16 - [TEST_STEP][PASSED] - Statement - PreSaveFile = new java.io.File(((pathPrefix + java.lang.Integer.toString(counter)) + .png)): null

2018-11-08 16:44:16 - [TEST_STEP][PASSED] - Statement - counter = counter + 1: null

2018-11-08 16:44:16 - [TEST_STEP][PASSED] - Statement - PreSaveFile = new java.io.File(((pathPrefix + java.lang.Integer.toString(counter)) + .png)): null

2018-11-08 16:44:16 - [TEST_STEP][PASSED] - Statement - counter = counter + 1: null

2018-11-08 16:44:16 - [TEST_STEP][PASSED] - Statement - PreSaveFile = new java.io.File(((pathPrefix + java.lang.Integer.toString(counter)) + .png)): null

2018-11-08 16:44:17 - [TEST_STEP][PASSED] - Statement - counter = counter + 1: null

2018-11-08 16:44:17 - [TEST_STEP][PASSED] - Statement - PreSaveFile = new java.io.File(((pathPrefix + java.lang.Integer.toString(counter)) + .png)): null

2018-11-08 16:44:17 - [TEST_STEP][PASSED] - Statement - counter = counter + 1: null

2018-11-08 16:44:17 - [TEST_STEP][PASSED] - Statement - PreSaveFile = new java.io.File(((pathPrefix + java.lang.Integer.toString(counter)) + .png)): null

2018-11-08 16:44:17 - [TEST_STEP][PASSED] - Statement - counter = counter + 1: null

2018-11-08 16:44:17 - [TEST_STEP][PASSED] - Statement - PreSaveFile = new java.io.File(((pathPrefix + java.lang.Integer.toString(counter)) + .png)): null

2018-11-08 16:44:17 - [TEST_STEP][PASSED] - Statement - counter = counter + 1: null

2018-11-08 16:44:17 - [TEST_STEP][PASSED] - Statement - PreSaveFile = new java.io.File(((pathPrefix + java.lang.Integer.toString(counter)) + .png)): null

2018-11-08 16:44:17 - [TEST_STEP][PASSED] - Statement - counter = counter + 1: null

2018-11-08 16:44:18 - [TEST_STEP][PASSED] - Statement - PreSaveFile = new java.io.File(((pathPrefix + java.lang.Integer.toString(counter)) + .png)): null

2018-11-08 16:44:18 - [TEST_STEP][PASSED] - Statement - counter = counter + 1: null

2018-11-08 16:44:18 - [TEST_STEP][PASSED] - Statement - PreSaveFile = new java.io.File(((pathPrefix + java.lang.Integer.toString(counter)) + .png)): null

2018-11-08 16:44:18 - [TEST_STEP][PASSED] - Statement - counter = counter + 1: null

2018-11-08 16:44:18 - [TEST_STEP][PASSED] - Statement - PreSaveFile = new java.io.File(((pathPrefix + java.lang.Integer.toString(counter)) + .png)): null

2018-11-08 16:44:18 - [TEST_STEP][PASSED] - Statement - counter = counter + 1: null

2018-11-08 16:44:18 - [TEST_STEP][PASSED] - Statement - PreSaveFile = new java.io.File(((pathPrefix + java.lang.Integer.toString(counter)) + .png)): null

2018-11-08 16:44:18 - [TEST_STEP][PASSED] - Statement - counter = counter + 1: null

2018-11-08 16:44:18 - [TEST_STEP][PASSED] - Statement - PreSaveFile = new java.io.File(((pathPrefix + java.lang.Integer.toString(counter)) + .png)): null

2018-11-08 16:44:18 - [TEST_STEP][PASSED] - Statement - counter = counter + 1: null

2018-11-08 16:44:18 - [TEST_STEP][PASSED] - Statement - PreSaveFile = new java.io.File(((pathPrefix + java.lang.Integer.toString(counter)) + .png)): null

2018-11-08 16:44:18 - [TEST_STEP][PASSED] - Statement - counter = counter + 1: null

2018-11-08 16:44:18 - [TEST_STEP][PASSED] - Statement - PreSaveFile = new java.io.File(((pathPrefix + java.lang.Integer.toString(counter)) + .png)): null

2018-11-08 16:44:18 - [TEST_STEP][PASSED] - Statement - counter = counter + 1: null

2018-11-08 16:44:19 - [TEST_STEP][PASSED] - Statement - PreSaveFile = new java.io.File(((pathPrefix + java.lang.Integer.toString(counter)) + .png)): null

2018-11-08 16:44:19 - [TEST_STEP][PASSED] - Statement - counter = counter + 1: null

2018-11-08 16:44:19 - [TEST_STEP][PASSED] - Statement - PreSaveFile = new java.io.File(((pathPrefix + java.lang.Integer.toString(counter)) + .png)): null

2018-11-08 16:44:19 - [TEST_STEP][PASSED] - Statement - counter = counter + 1: null

2018-11-08 16:44:19 - [TEST_STEP][PASSED] - Statement - PreSaveFile = new java.io.File(((pathPrefix + java.lang.Integer.toString(counter)) + .png)): null

2018-11-08 16:44:19 - [TEST_STEP][PASSED] - Statement - counter = counter + 1: null

2018-11-08 16:44:19 - [TEST_STEP][PASSED] - Statement - PreSaveFile = new java.io.File(((pathPrefix + java.lang.Integer.toString(counter)) + .png)): null

2018-11-08 16:44:19 - [TEST_STEP][PASSED] - Statement - counter = counter + 1: null

2018-11-08 16:44:19 - [TEST_STEP][PASSED] - Statement - PreSaveFile = new java.io.File(((pathPrefix + java.lang.Integer.toString(counter)) + .png)): null

2018-11-08 16:44:20 - [TEST_STEP][PASSED] - Statement - counter = counter + 1: null

2018-11-08 16:44:20 - [TEST_STEP][PASSED] - Statement - PreSaveFile = new java.io.File(((pathPrefix + java.lang.Integer.toString(counter)) + .png)): null

2018-11-08 16:44:20 - [TEST_STEP][PASSED] - Statement - counter = counter + 1: null

2018-11-08 16:44:20 - [TEST_STEP][PASSED] - Statement - PreSaveFile = new java.io.File(((pathPrefix + java.lang.Integer.toString(counter)) + .png)): null

2018-11-08 16:44:20 - [TEST_STEP][PASSED] - Statement - counter = counter + 1: null

2018-11-08 16:44:20 - [TEST_STEP][PASSED] - Statement - PreSaveFile = new java.io.File(((pathPrefix + java.lang.Integer.toString(counter)) + .png)): null

2018-11-08 16:44:20 - [TEST_STEP][PASSED] - Statement - counter = counter + 1: null

2018-11-08 16:44:20 - [TEST_STEP][PASSED] - Statement - PreSaveFile = new java.io.File(((pathPrefix + java.lang.Integer.toString(counter)) + .png)): null

2018-11-08 16:44:20 - [TEST_STEP][PASSED] - Statement - counter = counter + 1: null

2018-11-08 16:44:21 - [TEST_STEP][PASSED] - Statement - PreSaveFile = new java.io.File(((pathPrefix + java.lang.Integer.toString(counter)) + .png)): null

2018-11-08 16:44:21 - [TEST_STEP][PASSED] - Statement - counter = counter + 1: null

2018-11-08 16:44:21 - [TEST_STEP][PASSED] - Statement - PreSaveFile = new java.io.File(((pathPrefix + java.lang.Integer.toString(counter)) + .png)): null

2018-11-08 16:44:21 - [TEST_STEP][PASSED] - Statement - counter = counter + 1: null

2018-11-08 16:44:21 - [TEST_STEP][PASSED] - Statement - PreSaveFile = new java.io.File(((pathPrefix + java.lang.Integer.toString(counter)) + .png)): null

2018-11-08 16:44:21 - [TEST_STEP][PASSED] - Statement - counter = counter + 1: null

2018-11-08 16:44:21 - [TEST_STEP][PASSED] - Statement - PreSaveFile = new java.io.File(((pathPrefix + java.lang.Integer.toString(counter)) + .png)): null

2018-11-08 16:44:21 - [TEST_STEP][PASSED] - Statement - counter = counter + 1: null

2018-11-08 16:44:21 - [TEST_STEP][PASSED] - Statement - PreSaveFile = new java.io.File(((pathPrefix + java.lang.Integer.toString(counter)) + .png)): null

2018-11-08 16:44:21 - [TEST_STEP][PASSED] - Statement - counter = counter + 1: null

2018-11-08 16:44:22 - [TEST_STEP][PASSED] - Statement - PreSaveFile = new java.io.File(((pathPrefix + java.lang.Integer.toString(counter)) + .png)): null

2018-11-08 16:44:23 - [TEST_STEP][PASSED] - Statement - counter = counter + 1: null

2018-11-08 16:44:23 - [TEST_STEP][PASSED] - Statement - PreSaveFile = new java.io.File(((pathPrefix + java.lang.Integer.toString(counter)) + .png)): null

2018-11-08 16:44:23 - [TEST_STEP][PASSED] - Statement - counter = counter + 1: null

2018-11-08 16:44:23 - [TEST_STEP][PASSED] - Statement - PreSaveFile = new java.io.File(((pathPrefix + java.lang.Integer.toString(counter)) + .png)): null

2018-11-08 16:44:23 - [TEST_STEP][PASSED] - Statement - counter = counter + 1: null

2018-11-08 16:44:23 - [TEST_STEP][PASSED] - Statement - PreSaveFile = new java.io.File(((pathPrefix + java.lang.Integer.toString(counter)) + .png)): null

2018-11-08 16:44:23 - [TEST_STEP][PASSED] - Statement - counter = counter + 1: null

2018-11-08 16:44:23 - [TEST_STEP][PASSED] - Statement - PreSaveFile = new java.io.File(((pathPrefix + java.lang.Integer.toString(counter)) + .png)): null

2018-11-08 16:44:23 - [TEST_STEP][PASSED] - Statement - counter = counter + 1: null

2018-11-08 16:44:23 - [TEST_STEP][PASSED] - Statement - PreSaveFile = new java.io.File(((pathPrefix + java.lang.Integer.toString(counter)) + .png)): null

2018-11-08 16:44:23 - [TEST_STEP][PASSED] - Statement - counter = counter + 1: null

2018-11-08 16:44:23 - [TEST_STEP][PASSED] - Statement - PreSaveFile = new java.io.File(((pathPrefix + java.lang.Integer.toString(counter)) + .png)): null

2018-11-08 16:44:23 - [TEST_STEP][PASSED] - Statement - counter = counter + 1: null

2018-11-08 16:44:23 - [TEST_STEP][PASSED] - Statement - PreSaveFile = new java.io.File(((pathPrefix + java.lang.Integer.toString(counter)) + .png)): null

2018-11-08 16:44:23 - [TEST_STEP][PASSED] - Statement - counter = counter + 1: null

2018-11-08 16:44:23 - [TEST_STEP][PASSED] - Statement - PreSaveFile = new java.io.File(((pathPrefix + java.lang.Integer.toString(counter)) + .png)): null

2018-11-08 16:44:23 - [TEST_STEP][PASSED] - Statement - counter = counter + 1: null

2018-11-08 16:44:23 - [TEST_STEP][PASSED] - Statement - PreSaveFile = new java.io.File(((pathPrefix + java.lang.Integer.toString(counter)) + .png)): null

2018-11-08 16:44:23 - [TEST_STEP][PASSED] - Statement - counter = counter + 1: null

2018-11-08 16:44:23 - [TEST_STEP][PASSED] - Statement - PreSaveFile = new java.io.File(((pathPrefix + java.lang.Integer.toString(counter)) + .png)): null

2018-11-08 16:44:23 - [TEST_STEP][PASSED] - Statement - counter = counter + 1: null

2018-11-08 16:44:23 - [TEST_STEP][PASSED] - Statement - PreSaveFile = new java.io.File(((pathPrefix + java.lang.Integer.toString(counter)) + .png)): null

2018-11-08 16:44:23 - [TEST_STEP][PASSED] - Statement - counter = counter + 1: null

2018-11-08 16:44:23 - [TEST_STEP][PASSED] - Statement - PreSaveFile = new java.io.File(((pathPrefix + java.lang.Integer.toString(counter)) + .png)): null

2018-11-08 16:44:23 - [TEST_STEP][PASSED] - Statement - counter = counter + 1: null

2018-11-08 16:44:23 - [TEST_STEP][PASSED] - Statement - PreSaveFile = new java.io.File(((pathPrefix + java.lang.Integer.toString(counter)) + .png)): null

2018-11-08 16:44:23 - [TEST_STEP][PASSED] - Statement - counter = counter + 1: null

2018-11-08 16:44:23 - [TEST_STEP][PASSED] - Statement - PreSaveFile = new java.io.File(((pathPrefix + java.lang.Integer.toString(counter)) + .png)): null

2018-11-08 16:44:23 - [TEST_STEP][PASSED] - Statement - counter = counter + 1: null

2018-11-08 16:44:23 - [TEST_STEP][PASSED] - Statement - PreSaveFile = new java.io.File(((pathPrefix + java.lang.Integer.toString(counter)) + .png)): null

2018-11-08 16:44:23 - [TEST_STEP][PASSED] - Statement - counter = counter + 1: null

2018-11-08 16:44:23 - [TEST_STEP][PASSED] - Statement - PreSaveFile = new java.io.File(((pathPrefix + java.lang.Integer.toString(counter)) + .png)): null

2018-11-08 16:44:23 - [TEST_STEP][PASSED] - Statement - counter = counter + 1: null

2018-11-08 16:44:23 - [TEST_STEP][PASSED] - Statement - PreSaveFile = new java.io.File(((pathPrefix + java.lang.Integer.toString(counter)) + .png)): null

2018-11-08 16:44:23 - [TEST_STEP][PASSED] - Statement - counter = counter + 1: null

2018-11-08 16:44:23 - [TEST_STEP][PASSED] - Statement - PreSaveFile = new java.io.File(((pathPrefix + java.lang.Integer.toString(counter)) + .png)): null

2018-11-08 16:44:23 - [TEST_STEP][PASSED] - Statement - counter = counter + 1: null

2018-11-08 16:44:24 - [TEST_STEP][PASSED] - Statement - PreSaveFile = new java.io.File(((pathPrefix + java.lang.Integer.toString(counter)) + .png)): null

2018-11-08 16:44:24 - [TEST_STEP][PASSED] - Statement - counter = counter + 1: null

2018-11-08 16:44:24 - [TEST_STEP][PASSED] - Statement - PreSaveFile = new java.io.File(((pathPrefix + java.lang.Integer.toString(counter)) + .png)): null

2018-11-08 16:44:24 - [TEST_STEP][PASSED] - Statement - counter = counter + 1: null

2018-11-08 16:44:24 - [TEST_STEP][PASSED] - Statement - PreSaveFile = new java.io.File(((pathPrefix + java.lang.Integer.toString(counter)) + .png)): null

2018-11-08 16:44:24 - [TEST_STEP][PASSED] - Statement - counter = counter + 1: null

2018-11-08 16:44:24 - [TEST_STEP][PASSED] - Statement - PreSaveFile = new java.io.File(((pathPrefix + java.lang.Integer.toString(counter)) + .png)): null

2018-11-08 16:44:24 - [TEST_STEP][PASSED] - Statement - counter = counter + 1: null

2018-11-08 16:44:24 - [TEST_STEP][PASSED] - Statement - PreSaveFile = new java.io.File(((pathPrefix + java.lang.Integer.toString(counter)) + .png)): null

2018-11-08 16:44:24 - [TEST_STEP][PASSED] - Statement - counter = counter + 1: null

2018-11-08 16:44:25 - [TEST_STEP][PASSED] - Statement - PreSaveFile = new java.io.File(((pathPrefix + java.lang.Integer.toString(counter)) + .png)): null

2018-11-08 16:44:25 - [TEST_STEP][PASSED] - Statement - counter = counter + 1: null

2018-11-08 16:44:25 - [TEST_STEP][PASSED] - Statement - PreSaveFile = new java.io.File(((pathPrefix + java.lang.Integer.toString(counter)) + .png)): null

2018-11-08 16:44:25 - [TEST_STEP][PASSED] - Statement - counter = counter + 1: null

2018-11-08 16:44:25 - [TEST_STEP][PASSED] - Statement - PreSaveFile = new java.io.File(((pathPrefix + java.lang.Integer.toString(counter)) + .png)): null

2018-11-08 16:44:25 - [TEST_STEP][PASSED] - Statement - counter = counter + 1: null

2018-11-08 16:44:25 - [TEST_STEP][PASSED] - Statement - PreSaveFile = new java.io.File(((pathPrefix + java.lang.Integer.toString(counter)) + .png)): null

2018-11-08 16:44:25 - [TEST_STEP][PASSED] - Statement - counter = counter + 1: null

2018-11-08 16:44:25 - [TEST_STEP][PASSED] - Statement - PreSaveFile = new java.io.File(((pathPrefix + java.lang.Integer.toString(counter)) + .png)): null

2018-11-08 16:44:26 - [TEST_STEP][PASSED] - Statement - counter = counter + 1: null

2018-11-08 16:44:26 - [TEST_STEP][PASSED] - Statement - PreSaveFile = new java.io.File(((pathPrefix + java.lang.Integer.toString(counter)) + .png)): null

2018-11-08 16:44:26 - [TEST_STEP][PASSED] - Statement - counter = counter + 1: null

2018-11-08 16:44:26 - [TEST_STEP][PASSED] - Statement - PreSaveFile = new java.io.File(((pathPrefix + java.lang.Integer.toString(counter)) + .png)): null

2018-11-08 16:44:26 - [TEST_STEP][PASSED] - Statement - counter = counter + 1: null

2018-11-08 16:44:26 - [TEST_STEP][PASSED] - Statement - PreSaveFile = new java.io.File(((pathPrefix + java.lang.Integer.toString(counter)) + .png)): null

2018-11-08 16:44:26 - [TEST_STEP][PASSED] - Statement - counter = counter + 1: null

2018-11-08 16:44:26 - [TEST_STEP][PASSED] - Statement - PreSaveFile = new java.io.File(((pathPrefix + java.lang.Integer.toString(counter)) + .png)): null

2018-11-08 16:44:26 - [TEST_STEP][PASSED] - Statement - counter = counter + 1: null

2018-11-08 16:44:27 - [TEST_STEP][PASSED] - Statement - PreSaveFile = new java.io.File(((pathPrefix + java.lang.Integer.toString(counter)) + .png)): null

2018-11-08 16:44:27 - [TEST_STEP][PASSED] - Statement - counter = counter + 1: null

2018-11-08 16:44:27 - [TEST_STEP][PASSED] - Statement - PreSaveFile = new java.io.File(((pathPrefix + java.lang.Integer.toString(counter)) + .png)): null

2018-11-08 16:44:27 - [TEST_STEP][PASSED] - Statement - counter = counter + 1: null

2018-11-08 16:44:27 - [TEST_STEP][PASSED] - Statement - PreSaveFile = new java.io.File(((pathPrefix + java.lang.Integer.toString(counter)) + .png)): null

2018-11-08 16:44:27 - [TEST_STEP][PASSED] - Statement - counter = counter + 1: null

2018-11-08 16:44:27 - [TEST_STEP][PASSED] - Statement - PreSaveFile = new java.io.File(((pathPrefix + java.lang.Integer.toString(counter)) + .png)): null

2018-11-08 16:44:27 - [TEST_STEP][PASSED] - Statement - counter = counter + 1: null

2018-11-08 16:44:27 - [TEST_STEP][PASSED] - Statement - PreSaveFile = new java.io.File(((pathPrefix + java.lang.Integer.toString(counter)) + .png)): null

2018-11-08 16:44:27 - [TEST_STEP][PASSED] - Statement - counter = counter + 1: null

2018-11-08 16:44:27 - [TEST_STEP][PASSED] - Statement - PreSaveFile = new java.io.File(((pathPrefix + java.lang.Integer.toString(counter)) + .png)): null

2018-11-08 16:44:29 - [TEST_STEP][PASSED] - Statement - counter = counter + 1: null

2018-11-08 16:44:29 - [TEST_STEP][PASSED] - Statement - PreSaveFile = new java.io.File(((pathPrefix + java.lang.Integer.toString(counter)) + .png)): null

2018-11-08 16:44:29 - [TEST_STEP][PASSED] - Statement - counter = counter + 1: null

2018-11-08 16:44:29 - [TEST_STEP][PASSED] - Statement - PreSaveFile = new java.io.File(((pathPrefix + java.lang.Integer.toString(counter)) + .png)): null

2018-11-08 16:44:29 - [TEST_STEP][PASSED] - Statement - finalPath = pathPrefix + java.lang.Integer.toString(counter) + ".png": null

2018-11-08 16:44:29 - [TEST_STEP][PASSED] - Statement - SaveFile = new java.io.File(finalPath): null

2018-11-08 16:44:29 - [TEST_STEP][PASSED] - Statement - Try: null

2018-11-08 16:44:29 - [TEST_STEP][PASSED] - Statement - org.apache.commons.io.FileUtils.copyFile(scrFile, SaveFile): null

2018-11-08 16:44:29 - [TEST_STEP][PASSED] - Statement - out.println("file kept"): null

2018-11-08 16:44:29 - [TEST_STEP][PASSED] - delay: Delayed 10 second(s)

2018-11-08 16:44:40 - [MESSAGE][PASSED] - Delayed 10 second(s)

2018-11-08 16:44:40 - [MESSAGE][PASSED] - Call Test Case 'Test Cases/Final Aug 2018 - PKS Automation/Registration Module/New Registration/Submit and Screenshot/Submit Registration and Screenshot' successfully

2018-11-08 16:44:40 - [TEST_STEP][PASSED] - callTestCase: Call Test Case 'Test Cases/Final Aug 2018 - PKS Automation/Registration Module/Log Out/log out avoiding katalon tagging' successfully

2018-11-08 16:44:40 - [TEST_CASE][PASSED] - Test Cases/Final Aug 2018 - PKS Automation/Registration Module/Log Out/log out avoiding katalon tagging: Test Cases/Final Aug 2018 - PKS Automation/Registration Module/Log Out/log out avoiding katalon tagging

2018-11-08 16:44:40 - [TEST_STEP][PASSED] - navigateToUrl: Navigate to 'https://assist2-uat.perkeso.gov.my/c/portal/logout' successfully

2018-11-08 16:44:42 - [MESSAGE][PASSED] - Navigate to 'https://assist2-uat.perkeso.gov.my/c/portal/logout' successfully

2018-11-08 16:44:42 - [MESSAGE][PASSED] - Call Test Case 'Test Cases/Final Aug 2018 - PKS Automation/Registration Module/Log Out/log out avoiding katalon tagging' successfully

2018-11-08 16:44:42 - [TEST_STEP][PASSED] - callTestCase: Call Test Case 'Test Cases/Final Aug 2018 - PKS Automation/Common/Workflow Owner Finder' successfully

2018-11-08 16:44:42 - [TEST_CASE][PASSED] - Test Cases/Final Aug 2018 - PKS Automation/Common/Workflow Owner Finder: Test Cases/Final Aug 2018 - PKS Automation/Common/Workflow Owner Finder

2018-11-08 16:44:42 - [TEST_STEP][PASSED] - openBrowser: Browser is opened with url: ''

2018-11-08 16:44:42 - [MESSAGE][WARNING] - A browser is already opened. Closing browser and opening a new one

2018-11-08 16:44:49 - [MESSAGE][PASSED] - Browser is opened with url: ''

2018-11-08 16:44:49 - [TEST_STEP][PASSED] - navigateToUrl: Navigate to 'https://assist2-uat.perkeso.gov.my/login' successfully

2018-11-08 16:44:52 - [MESSAGE][PASSED] - Navigate to 'https://assist2-uat.perkeso.gov.my/login' successfully

2018-11-08 16:44:52 - [TEST_STEP][PASSED] - delay: Delayed 5 second(s)

2018-11-08 16:44:57 - [MESSAGE][PASSED] - Delayed 5 second(s)

2018-11-08 16:44:57 - [TEST_STEP][PASSED] - setText: Text 'test@liferay.com' is set on object 'Object Repository/Final Object Repo/Login Page/Internal User/Email Address'

2018-11-08 16:44:57 - [MESSAGE][PASSED] - Text 'test@liferay.com' is set on object 'Object Repository/Final Object Repo/Login Page/Internal User/Email Address'

2018-11-08 16:44:57 - [TEST_STEP][PASSED] - click: Object: 'Object Repository/Final Object Repo/Login Page/Internal User/Next Button' is clicked on

2018-11-08 16:44:58 - [MESSAGE][PASSED] - Object: 'Object Repository/Final Object Repo/Login Page/Internal User/Next Button' is clicked on

2018-11-08 16:44:58 - [TEST_STEP][PASSED] - delay: Delayed 2 second(s)

2018-11-08 16:45:00 - [MESSAGE][PASSED] - Delayed 2 second(s)

2018-11-08 16:45:00 - [TEST_STEP][PASSED] - setText: Text 'test' is set on object 'Object Repository/Final Object Repo/Login Page/Internal User/Password'

2018-11-08 16:45:00 - [MESSAGE][PASSED] - Text 'test' is set on object 'Object Repository/Final Object Repo/Login Page/Internal User/Password'

2018-11-08 16:45:00 - [TEST_STEP][PASSED] - delay: Delayed 2 second(s)

2018-11-08 16:45:02 - [MESSAGE][PASSED] - Delayed 2 second(s)

2018-11-08 16:45:02 - [TEST_STEP][PASSED] - click: Object: 'Object Repository/Final Object Repo/Login Page/Internal User/Login Button' is clicked on

2018-11-08 16:45:06 - [MESSAGE][PASSED] - Object: 'Object Repository/Final Object Repo/Login Page/Internal User/Login Button' is clicked on

2018-11-08 16:45:06 - [TEST_STEP][PASSED] - Statement - Try: Delayed 2 second(s)

2018-11-08 16:45:06 - [TEST_STEP][PASSED] - Statement - Checker = false: null

2018-11-08 16:45:06 - [TEST_STEP][PASSED] - Statement - Checker = com.kms.katalon.core.webui.keyword.WebUiBuiltInKeywords.verifyElementHasAttribute(com.kms.katalon.core.testobject.ObjectRepository.findTestObject(Final Object Repo/Landing Page/BM Detecting), "href", 20, OPTIONAL): Object 'Object Repository/Final Object Repo/Landing Page/BM Detecting' has attribute 'href'

2018-11-08 16:45:06 - [MESSAGE][PASSED] - Object 'Object Repository/Final Object Repo/Landing Page/BM Detecting' has attribute 'href'

2018-11-08 16:45:06 - [TEST_STEP][PASSED] - Statement - out.println(Checker): null

2018-11-08 16:45:06 - [TEST_STEP][PASSED] - Statement - If (Checker == false): null

2018-11-08 16:45:06 - [TEST_STEP][PASSED] - Statement - Else: null

2018-11-08 16:45:06 - [TEST_STEP][PASSED] - delay: Delayed 2 second(s)

2018-11-08 16:45:08 - [MESSAGE][PASSED] - Delayed 2 second(s)

2018-11-08 16:45:08 - [TEST_STEP][PASSED] - delay: Delayed 3 second(s)

2018-11-08 16:45:11 - [MESSAGE][PASSED] - Delayed 3 second(s)

2018-11-08 16:45:11 - [TEST_STEP][PASSED] - mouseOver: Object: 'Object Repository/Final Object Repo/Landing Page/WorkFlow Menu' is hovered

2018-11-08 16:45:11 - [MESSAGE][PASSED] - Object: 'Object Repository/Final Object Repo/Landing Page/WorkFlow Menu' is hovered

2018-11-08 16:45:11 - [TEST_STEP][PASSED] - delay: Delayed 2 second(s)

2018-11-08 16:45:13 - [MESSAGE][PASSED] - Delayed 2 second(s)

2018-11-08 16:45:13 - [TEST_STEP][PASSED] - click: Object: 'Object Repository/Final Object Repo/Landing Page/Select to Workflow Listing' is clicked on

2018-11-08 16:45:15 - [MESSAGE][PASSED] - Object: 'Object Repository/Final Object Repo/Landing Page/Select to Workflow Listing' is clicked on

2018-11-08 16:45:15 - [TEST_STEP][PASSED] - delay: Delayed 2 second(s)

2018-11-08 16:45:17 - [MESSAGE][PASSED] - Delayed 2 second(s)

2018-11-08 16:45:17 - [TEST_STEP][PASSED] - click: Object: 'Object Repository/Final Object Repo/WorkFlow Listing Page/Search Information - To Put Ref No' is clicked on

2018-11-08 16:45:18 - [MESSAGE][PASSED] - Object: 'Object Repository/Final Object Repo/WorkFlow Listing Page/Search Information - To Put Ref No' is clicked on

2018-11-08 16:45:18 - [TEST_STEP][PASSED] - delay: Delayed 2 second(s)

2018-11-08 16:45:20 - [MESSAGE][PASSED] - Delayed 2 second(s)

2018-11-08 16:45:20 - [TEST_STEP][PASSED] - callTestCase: Call Test Case 'Test Cases/Final Aug 2018 - PKS Automation/Common/Reference Number Getter' successfully

2018-11-08 16:45:20 - [TEST_CASE][PASSED] - Test Cases/Final Aug 2018 - PKS Automation/Common/Reference Number Getter: Test Cases/Final Aug 2018 - PKS Automation/Common/Reference Number Getter

2018-11-08 16:45:20 - [TEST_STEP][PASSED] - Statement - Try: null

2018-11-08 16:45:20 - [TEST_STEP][PASSED] - Statement - RefNo = new java.io.File(C://KatalonReference.txt): null

2018-11-08 16:45:20 - [TEST_STEP][PASSED] - Statement - bufferread = new java.io.BufferedReader(new java.io.FileReader(RefNo)): null

2018-11-08 16:45:20 - [TEST_STEP][PASSED] - Statement - readedVal = bufferread.readLine(): null

2018-11-08 16:45:20 - [TEST_STEP][PASSED] - Statement - out.println(CaseReferenceNo): null

2018-11-08 16:45:20 - [TEST_STEP][PASSED] - Statement - out.println(readedVal): null

2018-11-08 16:45:20 - [TEST_STEP][PASSED] - Statement - CaseReferenceNo = readedVal: null

2018-11-08 16:45:20 - [MESSAGE][PASSED] - Call Test Case 'Test Cases/Final Aug 2018 - PKS Automation/Common/Reference Number Getter' successfully

2018-11-08 16:45:20 - [TEST_STEP][PASSED] - setText: Text 'CRN11201800122428' is set on object 'Object Repository/Final Object Repo/WorkFlow Listing Page/Ref No Set Text'

2018-11-08 16:45:20 - [MESSAGE][PASSED] - Text 'CRN11201800122428' is set on object 'Object Repository/Final Object Repo/WorkFlow Listing Page/Ref No Set Text'

2018-11-08 16:45:20 - [TEST_STEP][PASSED] - delay: Delayed 2 second(s)

2018-11-08 16:45:22 - [MESSAGE][PASSED] - Delayed 2 second(s)

2018-11-08 16:45:22 - [TEST_STEP][PASSED] - click: Object: 'Object Repository/Final Object Repo/WorkFlow Listing Page/Search Ref No Search Button' is clicked on

2018-11-08 16:45:22 - [MESSAGE][PASSED] - Object: 'Object Repository/Final Object Repo/WorkFlow Listing Page/Search Ref No Search Button' is clicked on

2018-11-08 16:45:22 - [TEST_STEP][PASSED] - delay: Delayed 4 second(s)

2018-11-08 16:45:26 - [MESSAGE][PASSED] - Delayed 4 second(s)

2018-11-08 16:45:26 - [TEST_STEP][PASSED] - click: Object: 'Object Repository/Final Object Repo/WorkFlow Listing Page/Click Continue Tooltip' is clicked on

2018-11-08 16:45:28 - [MESSAGE][PASSED] - Object: 'Object Repository/Final Object Repo/WorkFlow Listing Page/Click Continue Tooltip' is clicked on

2018-11-08 16:45:28 - [TEST_STEP][PASSED] - delay: Delayed 5 second(s)

2018-11-08 16:45:33 - [MESSAGE][PASSED] - Delayed 5 second(s)

2018-11-08 16:45:33 - [TEST_STEP][PASSED] - doubleClick: Object: 'Object Repository/Final Object Repo/WorkFlow Listing Page/Workflow Found - Listing 1' is double clicked on

2018-11-08 16:45:33 - [MESSAGE][PASSED] - Object: 'Object Repository/Final Object Repo/WorkFlow Listing Page/Workflow Found - Listing 1' is double clicked on

2018-11-08 16:45:33 - [TEST_STEP][PASSED] - Statement - println(OwnerID): null

2018-11-08 16:45:33 - [TEST_STEP][PASSED] - Statement - OwnerID = com.kms.katalon.core.webui.keyword.WebUiBuiltInKeywords.getText(com.kms.katalon.core.testobject.ObjectRepository.findTestObject(Final Object Repo/WorkFlow Listing Page/Workflow Found - Listing 1), STOP_ON_FAILURE): Text of object 'Object Repository/Final Object Repo/WorkFlow Listing Page/Workflow Found - Listing 1' is: 'KLpkrbo1'

2018-11-08 16:45:33 - [MESSAGE][PASSED] - Text of object 'Object Repository/Final Object Repo/WorkFlow Listing Page/Workflow Found - Listing 1' is: 'KLpkrbo1'

2018-11-08 16:45:33 - [TEST_STEP][PASSED] - Statement - OwnerID = OwnerID.toLowerCase() + "@gmail.com": null

2018-11-08 16:45:33 - [TEST_STEP][PASSED] - Statement - println(OwnerID): null

2018-11-08 16:45:33 - [TEST_STEP][PASSED] - delay: Delayed 2 second(s)

2018-11-08 16:45:35 - [MESSAGE][PASSED] - Delayed 2 second(s)

2018-11-08 16:45:35 - [MESSAGE][PASSED] - Call Test Case 'Test Cases/Final Aug 2018 - PKS Automation/Common/Workflow Owner Finder' successfully

2018-11-08 16:45:35 - [TEST_STEP][PASSED] - callTestCase: Call Test Case 'Test Cases/Final Aug 2018 - PKS Automation/Registration Module/Log Out/log out avoiding katalon tagging' successfully

2018-11-08 16:45:35 - [TEST_CASE][PASSED] - Test Cases/Final Aug 2018 - PKS Automation/Registration Module/Log Out/log out avoiding katalon tagging: Test Cases/Final Aug 2018 - PKS Automation/Registration Module/Log Out/log out avoiding katalon tagging

2018-11-08 16:45:35 - [TEST_STEP][PASSED] - navigateToUrl: Navigate to 'https://assist2-uat.perkeso.gov.my/c/portal/logout' successfully

2018-11-08 16:45:37 - [MESSAGE][PASSED] - Navigate to 'https://assist2-uat.perkeso.gov.my/c/portal/logout' successfully

2018-11-08 16:45:37 - [MESSAGE][PASSED] - Call Test Case 'Test Cases/Final Aug 2018 - PKS Automation/Registration Module/Log Out/log out avoiding katalon tagging' successfully

2018-11-08 16:45:37 - [TEST_STEP][PASSED] - delay: Delayed 2 second(s)

2018-11-08 16:45:39 - [MESSAGE][PASSED] - Delayed 2 second(s)

2018-11-08 16:45:39 - [TEST_STEP][PASSED] - setText: Text 'klpkrbo1@gmail.com' is set on object 'Object Repository/Final Object Repo/New Registration - Registration Module Pages/New Reg - OTC to RO/Special Case - All Related Objects/Email TextBox'

2018-11-08 16:45:39 - [MESSAGE][PASSED] - Text 'klpkrbo1@gmail.com' is set on object 'Object Repository/Final Object Repo/New Registration - Registration Module Pages/New Reg - OTC to RO/Special Case - All Related Objects/Email TextBox'

2018-11-08 16:45:39 - [TEST_STEP][PASSED] - click: Object: 'Object Repository/Final Object Repo/New Registration - Registration Module Pages/New Reg - OTC to RO/Special Case - All Related Objects/Next Button' is clicked on

2018-11-08 16:45:39 - [MESSAGE][PASSED] - Object: 'Object Repository/Final Object Repo/New Registration - Registration Module Pages/New Reg - OTC to RO/Special Case - All Related Objects/Next Button' is clicked on

2018-11-08 16:45:39 - [TEST_STEP][PASSED] - delay: Delayed 2 second(s)

2018-11-08 16:45:41 - [MESSAGE][PASSED] - Delayed 2 second(s)

2018-11-08 16:45:41 - [TEST_STEP][PASSED] - setText: Text 'Test1@3456789' is set on object 'Object Repository/Final Object Repo/New Registration - Registration Module Pages/New Reg - OTC to RO/Special Case - All Related Objects/Password TextBox'

2018-11-08 16:45:42 - [MESSAGE][PASSED] - Text 'Test1@3456789' is set on object 'Object Repository/Final Object Repo/New Registration - Registration Module Pages/New Reg - OTC to RO/Special Case - All Related Objects/Password TextBox'

2018-11-08 16:45:42 - [TEST_STEP][PASSED] - delay: Delayed 2 second(s)

2018-11-08 16:45:44 - [MESSAGE][PASSED] - Delayed 2 second(s)

2018-11-08 16:45:44 - [TEST_STEP][PASSED] - click: Object: 'Object Repository/Final Object Repo/New Registration - Registration Module Pages/New Reg - OTC to RO/Special Case - All Related Objects/Login Button' is clicked on

2018-11-08 16:45:46 - [MESSAGE][PASSED] - Object: 'Object Repository/Final Object Repo/New Registration - Registration Module Pages/New Reg - OTC to RO/Special Case - All Related Objects/Login Button' is clicked on

2018-11-08 16:45:46 - [TEST_STEP][PASSED] - delay: Delayed 2 second(s)

2018-11-08 16:45:48 - [MESSAGE][PASSED] - Delayed 2 second(s)

2018-11-08 16:45:48 - [TEST_STEP][PASSED] - Statement - Try: null

2018-11-08 16:45:48 - [TEST_STEP][PASSED] - Statement - Checker = com.kms.katalon.core.webui.keyword.WebUiBuiltInKeywords.verifyElementNotPresent("Final Object Repo/Landing Page/Select to English", 3): null

2018-11-08 16:45:48 - [TEST_STEP][PASSED] - Statement - Catch (Exception e): null

2018-11-08 16:45:48 - [TEST_STEP][PASSED] - Statement - e.printStackTrace(): null

2018-11-08 16:45:48 - [TEST_STEP][PASSED] - click: Object: 'Object Repository/Final Object Repo/New Registration - Registration Module Pages/New Reg - OTC to RO/Special Case - All Related Objects/Expand to Search' is clicked on

2018-11-08 16:45:49 - [MESSAGE][PASSED] - Object: 'Object Repository/Final Object Repo/New Registration - Registration Module Pages/New Reg - OTC to RO/Special Case - All Related Objects/Expand to Search' is clicked on

2018-11-08 16:45:49 - [TEST_STEP][PASSED] - setText: Text 'CRN11201800122428' is set on object 'Object Repository/Final Object Repo/New Registration - Registration Module Pages/New Reg - OTC to RO/Special Case - All Related Objects/TextBox RefNo in Workbasket'

2018-11-08 16:45:49 - [MESSAGE][PASSED] - Text 'CRN11201800122428' is set on object 'Object Repository/Final Object Repo/New Registration - Registration Module Pages/New Reg - OTC to RO/Special Case - All Related Objects/TextBox RefNo in Workbasket'

2018-11-08 16:45:49 - [TEST_STEP][PASSED] - delay: Delayed 2 second(s)

2018-11-08 16:45:51 - [MESSAGE][PASSED] - Delayed 2 second(s)

2018-11-08 16:45:51 - [TEST_STEP][PASSED] - click: Object: 'Object Repository/Final Object Repo/New Registration - Registration Module Pages/New Reg - OTC to RO/Special Case - All Related Objects/Click Search' is clicked on

2018-11-08 16:45:51 - [MESSAGE][PASSED] - Object: 'Object Repository/Final Object Repo/New Registration - Registration Module Pages/New Reg - OTC to RO/Special Case - All Related Objects/Click Search' is clicked on

2018-11-08 16:45:51 - [TEST_STEP][PASSED] - delay: Delayed 2 second(s)

2018-11-08 16:45:53 - [MESSAGE][PASSED] - Delayed 2 second(s)

2018-11-08 16:45:53 - [TEST_STEP][PASSED] - click: Object: 'Object Repository/Final Object Repo/New Registration - Registration Module Pages/New Reg - OTC to RO/Special Case - All Related Objects/Click to Continue Workflow' is clicked on

2018-11-08 16:45:57 - [MESSAGE][PASSED] - Object: 'Object Repository/Final Object Repo/New Registration - Registration Module Pages/New Reg - OTC to RO/Special Case - All Related Objects/Click to Continue Workflow' is clicked on

2018-11-08 16:45:57 - [TEST_STEP][PASSED] - delay: Delayed 2 second(s)

2018-11-08 16:45:59 - [MESSAGE][PASSED] - Delayed 2 second(s)

2018-11-08 16:45:59 - [TEST_STEP][PASSED] - click: Object: 'Object Repository/Final Object Repo/New Registration - Registration Module Pages/New Reg - OTC to RO/Special Case - All Related Objects/Form 1 Save n Continue' is clicked on

2018-11-08 16:46:00 - [MESSAGE][PASSED] - Object: 'Object Repository/Final Object Repo/New Registration - Registration Module Pages/New Reg - OTC to RO/Special Case - All Related Objects/Form 1 Save n Continue' is clicked on

2018-11-08 16:46:00 - [TEST_STEP][PASSED] - delay: Delayed 5 second(s)

2018-11-08 16:46:05 - [MESSAGE][PASSED] - Delayed 5 second(s)

2018-11-08 16:46:05 - [TEST_STEP][PASSED] - click: Object: 'Object Repository/Final Object Repo/New Registration - Registration Module Pages/New Reg - OTC to RO/Special Case - OTC - Form 1/Confirm No Flagging as Branch' is clicked on

2018-11-08 16:46:05 - [MESSAGE][PASSED] - Object: 'Object Repository/Final Object Repo/New Registration - Registration Module Pages/New Reg - OTC to RO/Special Case - OTC - Form 1/Confirm No Flagging as Branch' is clicked on

2018-11-08 16:46:05 - [TEST_STEP][PASSED] - delay: Delayed 2 second(s)

2018-11-08 16:46:07 - [MESSAGE][PASSED] - Delayed 2 second(s)

2018-11-08 16:46:07 - [TEST_STEP][PASSED] - click: Object: 'Object Repository/Final Object Repo/New Registration - Registration Module Pages/New Reg - OTC to RO/Special Case - All Related Objects/Form 2 Save n Continue' is clicked on

2018-11-08 16:46:09 - [MESSAGE][PASSED] - Object: 'Object Repository/Final Object Repo/New Registration - Registration Module Pages/New Reg - OTC to RO/Special Case - All Related Objects/Form 2 Save n Continue' is clicked on

2018-11-08 16:46:09 - [TEST_STEP][PASSED] - delay: Delayed 4 second(s)

2018-11-08 16:46:13 - [MESSAGE][PASSED] - Delayed 4 second(s)

2018-11-08 16:46:13 - [TEST_STEP][PASSED] - click: Object: 'Object Repository/Final Object Repo/New Registration - Registration Module Pages/New Reg - OTC to RO/Special Case - All Related Objects/Third Screen Save n Continue' is clicked on

2018-11-08 16:46:19 - [MESSAGE][PASSED] - Object: 'Object Repository/Final Object Repo/New Registration - Registration Module Pages/New Reg - OTC to RO/Special Case - All Related Objects/Third Screen Save n Continue' is clicked on

2018-11-08 16:46:19 - [TEST_STEP][PASSED] - delay: Delayed 5 second(s)

2018-11-08 16:46:24 - [MESSAGE][PASSED] - Delayed 5 second(s)

2018-11-08 16:46:24 - [TEST_STEP][PASSED] - click: Object: 'Object Repository/Final Object Repo/New Registration - Registration Module Pages/New Reg - OTC to RO/Special Case - All Related Objects/Upload Doc Page Save n Continue' is clicked on

2018-11-08 16:46:25 - [MESSAGE][PASSED] - Object: 'Object Repository/Final Object Repo/New Registration - Registration Module Pages/New Reg - OTC to RO/Special Case - All Related Objects/Upload Doc Page Save n Continue' is clicked on

2018-11-08 16:46:25 - [TEST_STEP][PASSED] - callTestCase: Call Test Case 'Test Cases/Final Aug 2018 - PKS Automation/Registration Module/New Registration/Submit and Screenshot/Submit Registration and Screenshot' successfully

2018-11-08 16:46:25 - [TEST_CASE][PASSED] - Test Cases/Final Aug 2018 - PKS Automation/Registration Module/New Registration/Submit and Screenshot/Submit Registration and Screenshot: Test Cases/Final Aug 2018 - PKS Automation/Registration Module/New Registration/Submit and Screenshot/Submit Registration and Screenshot

2018-11-08 16:46:25 - [TEST_STEP][PASSED] - delay: Delayed 6 second(s)

2018-11-08 16:46:31 - [MESSAGE][PASSED] - Delayed 6 second(s)

2018-11-08 16:46:31 - [TEST_STEP][PASSED] - click: Object: 'Object Repository/Final Object Repo/New Registration - Registration Module Pages/Third Screen - Upload Supporting Doc- Preview/Preview Submit Button' is clicked on

2018-11-08 16:46:31 - [MESSAGE][PASSED] - Object: 'Object Repository/Final Object Repo/New Registration - Registration Module Pages/Third Screen - Upload Supporting Doc- Preview/Preview Submit Button' is clicked on

2018-11-08 16:46:31 - [TEST_STEP][PASSED] - delay: Delayed 2 second(s)

2018-11-08 16:46:33 - [MESSAGE][PASSED] - Delayed 2 second(s)

2018-11-08 16:46:33 - [TEST_STEP][PASSED] - click: Object: 'Object Repository/Final Object Repo/New Registration - Registration Module Pages/Third Screen - Upload Supporting Doc- Preview/Preview Submit - Confirm' is clicked on

2018-11-08 16:46:38 - [MESSAGE][PASSED] - Object: 'Object Repository/Final Object Repo/New Registration - Registration Module Pages/Third Screen - Upload Supporting Doc- Preview/Preview Submit - Confirm' is clicked on

2018-11-08 16:46:38 - [TEST_STEP][PASSED] - delay: Delayed 15 second(s)

2018-11-08 16:46:53 - [MESSAGE][PASSED] - Delayed 15 second(s)

2018-11-08 16:46:53 - [TEST_STEP][PASSED] - Statement - driver = com.kms.katalon.core.webui.driver.DriverFactory.getWebDriver(): null

2018-11-08 16:46:53 - [TEST_STEP][PASSED] - Statement - driver.manage().timeouts().implicitlyWait(10, SECONDS): null

2018-11-08 16:46:53 - [TEST_STEP][PASSED] - Statement - PresavePath = KatalonScreenshots: null

2018-11-08 16:46:53 - [TEST_STEP][PASSED] - Statement - pathPrefix = "C:\Users\Public\Pictures\Sample Pictures\Katalon Screenshots\Automate Ending Screen": null

2018-11-08 16:46:53 - [TEST_STEP][PASSED] - Statement - finalPath = <not implemented yet for class: org.codehaus.groovy.ast.expr.EmptyExpression>: null

2018-11-08 16:46:53 - [TEST_STEP][PASSED] - Statement - scrFile = driver.getScreenshotAs(FILE): null

2018-11-08 16:46:54 - [TEST_STEP][PASSED] - Statement - PreSaveFile = new java.io.File(PresavePath): null

2018-11-08 16:46:54 - [TEST_STEP][PASSED] - Statement - counter = 0: null

2018-11-08 16:46:54 - [TEST_STEP][PASSED] - Statement - If (PreSaveFile.exists()): null

2018-11-08 16:46:54 - [TEST_STEP][PASSED] - Statement - While (PreSaveFile.exists()): null

2018-11-08 16:46:54 - [TEST_STEP][PASSED] - Statement - counter = counter + 1: null

2018-11-08 16:46:54 - [TEST_STEP][PASSED] - Statement - PreSaveFile = new java.io.File(((pathPrefix + java.lang.Integer.toString(counter)) + .png)): null

2018-11-08 16:46:54 - [TEST_STEP][PASSED] - Statement - counter = counter + 1: null

2018-11-08 16:46:54 - [TEST_STEP][PASSED] - Statement - PreSaveFile = new java.io.File(((pathPrefix + java.lang.Integer.toString(counter)) + .png)): null

2018-11-08 16:46:54 - [TEST_STEP][PASSED] - Statement - counter = counter + 1: null

2018-11-08 16:46:54 - [TEST_STEP][PASSED] - Statement - PreSaveFile = new java.io.File(((pathPrefix + java.lang.Integer.toString(counter)) + .png)): null

2018-11-08 16:46:54 - [TEST_STEP][PASSED] - Statement - counter = counter + 1: null

2018-11-08 16:46:54 - [TEST_STEP][PASSED] - Statement - PreSaveFile = new java.io.File(((pathPrefix + java.lang.Integer.toString(counter)) + .png)): null

2018-11-08 16:46:54 - [TEST_STEP][PASSED] - Statement - counter = counter + 1: null

2018-11-08 16:46:54 - [TEST_STEP][PASSED] - Statement - PreSaveFile = new java.io.File(((pathPrefix + java.lang.Integer.toString(counter)) + .png)): null

2018-11-08 16:46:54 - [TEST_STEP][PASSED] - Statement - counter = counter + 1: null

2018-11-08 16:46:54 - [TEST_STEP][PASSED] - Statement - PreSaveFile = new java.io.File(((pathPrefix + java.lang.Integer.toString(counter)) + .png)): null

2018-11-08 16:46:54 - [TEST_STEP][PASSED] - Statement - counter = counter + 1: null

2018-11-08 16:46:54 - [TEST_STEP][PASSED] - Statement - PreSaveFile = new java.io.File(((pathPrefix + java.lang.Integer.toString(counter)) + .png)): null

2018-11-08 16:46:54 - [TEST_STEP][PASSED] - Statement - counter = counter + 1: null

2018-11-08 16:46:54 - [TEST_STEP][PASSED] - Statement - PreSaveFile = new java.io.File(((pathPrefix + java.lang.Integer.toString(counter)) + .png)): null

2018-11-08 16:46:54 - [TEST_STEP][PASSED] - Statement - counter = counter + 1: null

2018-11-08 16:46:54 - [TEST_STEP][PASSED] - Statement - PreSaveFile = new java.io.File(((pathPrefix + java.lang.Integer.toString(counter)) + .png)): null

2018-11-08 16:46:54 - [TEST_STEP][PASSED] - Statement - counter = counter + 1: null

2018-11-08 16:46:54 - [TEST_STEP][PASSED] - Statement - PreSaveFile = new java.io.File(((pathPrefix + java.lang.Integer.toString(counter)) + .png)): null

2018-11-08 16:46:54 - [TEST_STEP][PASSED] - Statement - counter = counter + 1: null

2018-11-08 16:46:54 - [TEST_STEP][PASSED] - Statement - PreSaveFile = new java.io.File(((pathPrefix + java.lang.Integer.toString(counter)) + .png)): null

2018-11-08 16:46:54 - [TEST_STEP][PASSED] - Statement - counter = counter + 1: null

2018-11-08 16:46:54 - [TEST_STEP][PASSED] - Statement - PreSaveFile = new java.io.File(((pathPrefix + java.lang.Integer.toString(counter)) + .png)): null

2018-11-08 16:46:54 - [TEST_STEP][PASSED] - Statement - counter = counter + 1: null

2018-11-08 16:46:54 - [TEST_STEP][PASSED] - Statement - PreSaveFile = new java.io.File(((pathPrefix + java.lang.Integer.toString(counter)) + .png)): null

2018-11-08 16:46:54 - [TEST_STEP][PASSED] - Statement - counter = counter + 1: null

2018-11-08 16:46:54 - [TEST_STEP][PASSED] - Statement - PreSaveFile = new java.io.File(((pathPrefix + java.lang.Integer.toString(counter)) + .png)): null

2018-11-08 16:46:54 - [TEST_STEP][PASSED] - Statement - counter = counter + 1: null

2018-11-08 16:46:54 - [TEST_STEP][PASSED] - Statement - PreSaveFile = new java.io.File(((pathPrefix + java.lang.Integer.toString(counter)) + .png)): null

2018-11-08 16:46:54 - [TEST_STEP][PASSED] - Statement - counter = counter + 1: null

2018-11-08 16:46:54 - [TEST_STEP][PASSED] - Statement - PreSaveFile = new java.io.File(((pathPrefix + java.lang.Integer.toString(counter)) + .png)): null

2018-11-08 16:46:54 - [TEST_STEP][PASSED] - Statement - counter = counter + 1: null

2018-11-08 16:46:54 - [TEST_STEP][PASSED] - Statement - PreSaveFile = new java.io.File(((pathPrefix + java.lang.Integer.toString(counter)) + .png)): null

2018-11-08 16:46:54 - [TEST_STEP][PASSED] - Statement - counter = counter + 1: null

2018-11-08 16:46:54 - [TEST_STEP][PASSED] - Statement - PreSaveFile = new java.io.File(((pathPrefix + java.lang.Integer.toString(counter)) + .png)): null

2018-11-08 16:46:54 - [TEST_STEP][PASSED] - Statement - counter = counter + 1: null

2018-11-08 16:46:54 - [TEST_STEP][PASSED] - Statement - PreSaveFile = new java.io.File(((pathPrefix + java.lang.Integer.toString(counter)) + .png)): null

2018-11-08 16:46:54 - [TEST_STEP][PASSED] - Statement - counter = counter + 1: null

2018-11-08 16:46:54 - [TEST_STEP][PASSED] - Statement - PreSaveFile = new java.io.File(((pathPrefix + java.lang.Integer.toString(counter)) + .png)): null

2018-11-08 16:46:54 - [TEST_STEP][PASSED] - Statement - counter = counter + 1: null

2018-11-08 16:46:54 - [TEST_STEP][PASSED] - Statement - PreSaveFile = new java.io.File(((pathPrefix + java.lang.Integer.toString(counter)) + .png)): null

2018-11-08 16:46:54 - [TEST_STEP][PASSED] - Statement - counter = counter + 1: null

2018-11-08 16:46:54 - [TEST_STEP][PASSED] - Statement - PreSaveFile = new java.io.File(((pathPrefix + java.lang.Integer.toString(counter)) + .png)): null

2018-11-08 16:46:54 - [TEST_STEP][PASSED] - Statement - counter = counter + 1: null

2018-11-08 16:46:54 - [TEST_STEP][PASSED] - Statement - PreSaveFile = new java.io.File(((pathPrefix + java.lang.Integer.toString(counter)) + .png)): null

2018-11-08 16:46:54 - [TEST_STEP][PASSED] - Statement - counter = counter + 1: null

2018-11-08 16:46:54 - [TEST_STEP][PASSED] - Statement - PreSaveFile = new java.io.File(((pathPrefix + java.lang.Integer.toString(counter)) + .png)): null

2018-11-08 16:46:54 - [TEST_STEP][PASSED] - Statement - counter = counter + 1: null

2018-11-08 16:46:54 - [TEST_STEP][PASSED] - Statement - PreSaveFile = new java.io.File(((pathPrefix + java.lang.Integer.toString(counter)) + .png)): null

2018-11-08 16:46:54 - [TEST_STEP][PASSED] - Statement - counter = counter + 1: null

2018-11-08 16:46:54 - [TEST_STEP][PASSED] - Statement - PreSaveFile = new java.io.File(((pathPrefix + java.lang.Integer.toString(counter)) + .png)): null

2018-11-08 16:46:54 - [TEST_STEP][PASSED] - Statement - counter = counter + 1: null

2018-11-08 16:46:54 - [TEST_STEP][PASSED] - Statement - PreSaveFile = new java.io.File(((pathPrefix + java.lang.Integer.toString(counter)) + .png)): null

2018-11-08 16:46:54 - [TEST_STEP][PASSED] - Statement - counter = counter + 1: null

2018-11-08 16:46:54 - [TEST_STEP][PASSED] - Statement - PreSaveFile = new java.io.File(((pathPrefix + java.lang.Integer.toString(counter)) + .png)): null

2018-11-08 16:46:55 - [TEST_STEP][PASSED] - Statement - counter = counter + 1: null

2018-11-08 16:46:55 - [TEST_STEP][PASSED] - Statement - PreSaveFile = new java.io.File(((pathPrefix + java.lang.Integer.toString(counter)) + .png)): null

2018-11-08 16:46:55 - [TEST_STEP][PASSED] - Statement - counter = counter + 1: null

2018-11-08 16:46:55 - [TEST_STEP][PASSED] - Statement - PreSaveFile = new java.io.File(((pathPrefix + java.lang.Integer.toString(counter)) + .png)): null

2018-11-08 16:46:55 - [TEST_STEP][PASSED] - Statement - counter = counter + 1: null

2018-11-08 16:46:55 - [TEST_STEP][PASSED] - Statement - PreSaveFile = new java.io.File(((pathPrefix + java.lang.Integer.toString(counter)) + .png)): null

2018-11-08 16:46:55 - [TEST_STEP][PASSED] - Statement - counter = counter + 1: null

2018-11-08 16:46:55 - [TEST_STEP][PASSED] - Statement - PreSaveFile = new java.io.File(((pathPrefix + java.lang.Integer.toString(counter)) + .png)): null

2018-11-08 16:46:55 - [TEST_STEP][PASSED] - Statement - counter = counter + 1: null

2018-11-08 16:46:55 - [TEST_STEP][PASSED] - Statement - PreSaveFile = new java.io.File(((pathPrefix + java.lang.Integer.toString(counter)) + .png)): null

2018-11-08 16:46:55 - [TEST_STEP][PASSED] - Statement - counter = counter + 1: null

2018-11-08 16:46:55 - [TEST_STEP][PASSED] - Statement - PreSaveFile = new java.io.File(((pathPrefix + java.lang.Integer.toString(counter)) + .png)): null

2018-11-08 16:46:55 - [TEST_STEP][PASSED] - Statement - counter = counter + 1: null

2018-11-08 16:46:56 - [TEST_STEP][PASSED] - Statement - PreSaveFile = new java.io.File(((pathPrefix + java.lang.Integer.toString(counter)) + .png)): null

2018-11-08 16:46:56 - [TEST_STEP][PASSED] - Statement - counter = counter + 1: null

2018-11-08 16:46:56 - [TEST_STEP][PASSED] - Statement - PreSaveFile = new java.io.File(((pathPrefix + java.lang.Integer.toString(counter)) + .png)): null

2018-11-08 16:46:56 - [TEST_STEP][PASSED] - Statement - counter = counter + 1: null

2018-11-08 16:46:56 - [TEST_STEP][PASSED] - Statement - PreSaveFile = new java.io.File(((pathPrefix + java.lang.Integer.toString(counter)) + .png)): null

2018-11-08 16:46:56 - [TEST_STEP][PASSED] - Statement - counter = counter + 1: null

2018-11-08 16:46:56 - [TEST_STEP][PASSED] - Statement - PreSaveFile = new java.io.File(((pathPrefix + java.lang.Integer.toString(counter)) + .png)): null

2018-11-08 16:46:56 - [TEST_STEP][PASSED] - Statement - counter = counter + 1: null

2018-11-08 16:46:56 - [TEST_STEP][PASSED] - Statement - PreSaveFile = new java.io.File(((pathPrefix + java.lang.Integer.toString(counter)) + .png)): null

2018-11-08 16:46:56 - [TEST_STEP][PASSED] - Statement - counter = counter + 1: null

2018-11-08 16:46:56 - [TEST_STEP][PASSED] - Statement - PreSaveFile = new java.io.File(((pathPrefix + java.lang.Integer.toString(counter)) + .png)): null

2018-11-08 16:46:56 - [TEST_STEP][PASSED] - Statement - counter = counter + 1: null

2018-11-08 16:46:57 - [TEST_STEP][PASSED] - Statement - PreSaveFile = new java.io.File(((pathPrefix + java.lang.Integer.toString(counter)) + .png)): null

2018-11-08 16:46:57 - [TEST_STEP][PASSED] - Statement - counter = counter + 1: null

2018-11-08 16:46:57 - [TEST_STEP][PASSED] - Statement - PreSaveFile = new java.io.File(((pathPrefix + java.lang.Integer.toString(counter)) + .png)): null

2018-11-08 16:46:57 - [TEST_STEP][PASSED] - Statement - counter = counter + 1: null

2018-11-08 16:46:57 - [TEST_STEP][PASSED] - Statement - PreSaveFile = new java.io.File(((pathPrefix + java.lang.Integer.toString(counter)) + .png)): null

2018-11-08 16:46:57 - [TEST_STEP][PASSED] - Statement - counter = counter + 1: null

2018-11-08 16:46:57 - [TEST_STEP][PASSED] - Statement - PreSaveFile = new java.io.File(((pathPrefix + java.lang.Integer.toString(counter)) + .png)): null

2018-11-08 16:46:57 - [TEST_STEP][PASSED] - Statement - counter = counter + 1: null

2018-11-08 16:46:57 - [TEST_STEP][PASSED] - Statement - PreSaveFile = new java.io.File(((pathPrefix + java.lang.Integer.toString(counter)) + .png)): null

2018-11-08 16:46:57 - [TEST_STEP][PASSED] - Statement - counter = counter + 1: null

2018-11-08 16:46:57 - [TEST_STEP][PASSED] - Statement - PreSaveFile = new java.io.File(((pathPrefix + java.lang.Integer.toString(counter)) + .png)): null

2018-11-08 16:46:57 - [TEST_STEP][PASSED] - Statement - counter = counter + 1: null

2018-11-08 16:46:58 - [TEST_STEP][PASSED] - Statement - PreSaveFile = new java.io.File(((pathPrefix + java.lang.Integer.toString(counter)) + .png)): null

2018-11-08 16:46:58 - [TEST_STEP][PASSED] - Statement - counter = counter + 1: null

2018-11-08 16:46:58 - [TEST_STEP][PASSED] - Statement - PreSaveFile = new java.io.File(((pathPrefix + java.lang.Integer.toString(counter)) + .png)): null

2018-11-08 16:46:58 - [TEST_STEP][PASSED] - Statement - counter = counter + 1: null

2018-11-08 16:46:58 - [TEST_STEP][PASSED] - Statement - PreSaveFile = new java.io.File(((pathPrefix + java.lang.Integer.toString(counter)) + .png)): null

2018-11-08 16:46:58 - [TEST_STEP][PASSED] - Statement - counter = counter + 1: null

2018-11-08 16:46:58 - [TEST_STEP][PASSED] - Statement - PreSaveFile = new java.io.File(((pathPrefix + java.lang.Integer.toString(counter)) + .png)): null

2018-11-08 16:46:58 - [TEST_STEP][PASSED] - Statement - counter = counter + 1: null

2018-11-08 16:46:58 - [TEST_STEP][PASSED] - Statement - PreSaveFile = new java.io.File(((pathPrefix + java.lang.Integer.toString(counter)) + .png)): null

2018-11-08 16:46:58 - [TEST_STEP][PASSED] - Statement - counter = counter + 1: null

2018-11-08 16:46:58 - [TEST_STEP][PASSED] - Statement - PreSaveFile = new java.io.File(((pathPrefix + java.lang.Integer.toString(counter)) + .png)): null

2018-11-08 16:46:58 - [TEST_STEP][PASSED] - Statement - counter = counter + 1: null

2018-11-08 16:46:59 - [TEST_STEP][PASSED] - Statement - PreSaveFile = new java.io.File(((pathPrefix + java.lang.Integer.toString(counter)) + .png)): null

2018-11-08 16:46:59 - [TEST_STEP][PASSED] - Statement - counter = counter + 1: null

2018-11-08 16:46:59 - [TEST_STEP][PASSED] - Statement - PreSaveFile = new java.io.File(((pathPrefix + java.lang.Integer.toString(counter)) + .png)): null

2018-11-08 16:46:59 - [TEST_STEP][PASSED] - Statement - counter = counter + 1: null

2018-11-08 16:46:59 - [TEST_STEP][PASSED] - Statement - PreSaveFile = new java.io.File(((pathPrefix + java.lang.Integer.toString(counter)) + .png)): null

2018-11-08 16:46:59 - [TEST_STEP][PASSED] - Statement - counter = counter + 1: null

2018-11-08 16:46:59 - [TEST_STEP][PASSED] - Statement - PreSaveFile = new java.io.File(((pathPrefix + java.lang.Integer.toString(counter)) + .png)): null

2018-11-08 16:46:59 - [TEST_STEP][PASSED] - Statement - counter = counter + 1: null

2018-11-08 16:46:59 - [TEST_STEP][PASSED] - Statement - PreSaveFile = new java.io.File(((pathPrefix + java.lang.Integer.toString(counter)) + .png)): null

2018-11-08 16:47:00 - [TEST_STEP][PASSED] - Statement - counter = counter + 1: null

2018-11-08 16:47:00 - [TEST_STEP][PASSED] - Statement - PreSaveFile = new java.io.File(((pathPrefix + java.lang.Integer.toString(counter)) + .png)): null

2018-11-08 16:47:00 - [TEST_STEP][PASSED] - Statement - counter = counter + 1: null

2018-11-08 16:47:00 - [TEST_STEP][PASSED] - Statement - PreSaveFile = new java.io.File(((pathPrefix + java.lang.Integer.toString(counter)) + .png)): null

2018-11-08 16:47:00 - [TEST_STEP][PASSED] - Statement - counter = counter + 1: null

2018-11-08 16:47:00 - [TEST_STEP][PASSED] - Statement - PreSaveFile = new java.io.File(((pathPrefix + java.lang.Integer.toString(counter)) + .png)): null

2018-11-08 16:47:00 - [TEST_STEP][PASSED] - Statement - counter = counter + 1: null

2018-11-08 16:47:00 - [TEST_STEP][PASSED] - Statement - PreSaveFile = new java.io.File(((pathPrefix + java.lang.Integer.toString(counter)) + .png)): null

2018-11-08 16:47:00 - [TEST_STEP][PASSED] - Statement - counter = counter + 1: null

2018-11-08 16:47:00 - [TEST_STEP][PASSED] - Statement - PreSaveFile = new java.io.File(((pathPrefix + java.lang.Integer.toString(counter)) + .png)): null

2018-11-08 16:47:00 - [TEST_STEP][PASSED] - Statement - counter = counter + 1: null

2018-11-08 16:47:00 - [TEST_STEP][PASSED] - Statement - PreSaveFile = new java.io.File(((pathPrefix + java.lang.Integer.toString(counter)) + .png)): null

2018-11-08 16:47:00 - [TEST_STEP][PASSED] - Statement - counter = counter + 1: null

2018-11-08 16:47:01 - [TEST_STEP][PASSED] - Statement - PreSaveFile = new java.io.File(((pathPrefix + java.lang.Integer.toString(counter)) + .png)): null

2018-11-08 16:47:01 - [TEST_STEP][PASSED] - Statement - counter = counter + 1: null

2018-11-08 16:47:01 - [TEST_STEP][PASSED] - Statement - PreSaveFile = new java.io.File(((pathPrefix + java.lang.Integer.toString(counter)) + .png)): null

2018-11-08 16:47:01 - [TEST_STEP][PASSED] - Statement - counter = counter + 1: null

2018-11-08 16:47:01 - [TEST_STEP][PASSED] - Statement - PreSaveFile = new java.io.File(((pathPrefix + java.lang.Integer.toString(counter)) + .png)): null

2018-11-08 16:47:01 - [TEST_STEP][PASSED] - Statement - counter = counter + 1: null

2018-11-08 16:47:01 - [TEST_STEP][PASSED] - Statement - PreSaveFile = new java.io.File(((pathPrefix + java.lang.Integer.toString(counter)) + .png)): null

2018-11-08 16:47:01 - [TEST_STEP][PASSED] - Statement - counter = counter + 1: null

2018-11-08 16:47:01 - [TEST_STEP][PASSED] - Statement - PreSaveFile = new java.io.File(((pathPrefix + java.lang.Integer.toString(counter)) + .png)): null

2018-11-08 16:47:01 - [TEST_STEP][PASSED] - Statement - counter = counter + 1: null

2018-11-08 16:47:01 - [TEST_STEP][PASSED] - Statement - PreSaveFile = new java.io.File(((pathPrefix + java.lang.Integer.toString(counter)) + .png)): null

2018-11-08 16:47:02 - [TEST_STEP][PASSED] - Statement - counter = counter + 1: null

2018-11-08 16:47:02 - [TEST_STEP][PASSED] - Statement - PreSaveFile = new java.io.File(((pathPrefix + java.lang.Integer.toString(counter)) + .png)): null

2018-11-08 16:47:02 - [TEST_STEP][PASSED] - Statement - counter = counter + 1: null

2018-11-08 16:47:02 - [TEST_STEP][PASSED] - Statement - PreSaveFile = new java.io.File(((pathPrefix + java.lang.Integer.toString(counter)) + .png)): null

2018-11-08 16:47:02 - [TEST_STEP][PASSED] - Statement - counter = counter + 1: null

2018-11-08 16:47:02 - [TEST_STEP][PASSED] - Statement - PreSaveFile = new java.io.File(((pathPrefix + java.lang.Integer.toString(counter)) + .png)): null

2018-11-08 16:47:02 - [TEST_STEP][PASSED] - Statement - counter = counter + 1: null

2018-11-08 16:47:02 - [TEST_STEP][PASSED] - Statement - PreSaveFile = new java.io.File(((pathPrefix + java.lang.Integer.toString(counter)) + .png)): null

2018-11-08 16:47:02 - [TEST_STEP][PASSED] - Statement - counter = counter + 1: null

2018-11-08 16:47:03 - [TEST_STEP][PASSED] - Statement - PreSaveFile = new java.io.File(((pathPrefix + java.lang.Integer.toString(counter)) + .png)): null

2018-11-08 16:47:03 - [TEST_STEP][PASSED] - Statement - counter = counter + 1: null

2018-11-08 16:47:03 - [TEST_STEP][PASSED] - Statement - PreSaveFile = new java.io.File(((pathPrefix + java.lang.Integer.toString(counter)) + .png)): null

2018-11-08 16:47:03 - [TEST_STEP][PASSED] - Statement - counter = counter + 1: null

2018-11-08 16:47:03 - [TEST_STEP][PASSED] - Statement - PreSaveFile = new java.io.File(((pathPrefix + java.lang.Integer.toString(counter)) + .png)): null

2018-11-08 16:47:03 - [TEST_STEP][PASSED] - Statement - counter = counter + 1: null

2018-11-08 16:47:03 - [TEST_STEP][PASSED] - Statement - PreSaveFile = new java.io.File(((pathPrefix + java.lang.Integer.toString(counter)) + .png)): null

2018-11-08 16:47:03 - [TEST_STEP][PASSED] - Statement - counter = counter + 1: null

2018-11-08 16:47:03 - [TEST_STEP][PASSED] - Statement - PreSaveFile = new java.io.File(((pathPrefix + java.lang.Integer.toString(counter)) + .png)): null

2018-11-08 16:47:03 - [TEST_STEP][PASSED] - Statement - counter = counter + 1: null

2018-11-08 16:47:03 - [TEST_STEP][PASSED] - Statement - PreSaveFile = new java.io.File(((pathPrefix + java.lang.Integer.toString(counter)) + .png)): null

2018-11-08 16:47:03 - [TEST_STEP][PASSED] - Statement - counter = counter + 1: null

2018-11-08 16:47:04 - [TEST_STEP][PASSED] - Statement - PreSaveFile = new java.io.File(((pathPrefix + java.lang.Integer.toString(counter)) + .png)): null

2018-11-08 16:47:04 - [TEST_STEP][PASSED] - Statement - counter = counter + 1: null

2018-11-08 16:47:04 - [TEST_STEP][PASSED] - Statement - PreSaveFile = new java.io.File(((pathPrefix + java.lang.Integer.toString(counter)) + .png)): null

2018-11-08 16:47:04 - [TEST_STEP][PASSED] - Statement - counter = counter + 1: null

2018-11-08 16:47:04 - [TEST_STEP][PASSED] - Statement - PreSaveFile = new java.io.File(((pathPrefix + java.lang.Integer.toString(counter)) + .png)): null

2018-11-08 16:47:04 - [TEST_STEP][PASSED] - Statement - counter = counter + 1: null

2018-11-08 16:47:04 - [TEST_STEP][PASSED] - Statement - PreSaveFile = new java.io.File(((pathPrefix + java.lang.Integer.toString(counter)) + .png)): null

2018-11-08 16:47:04 - [TEST_STEP][PASSED] - Statement - counter = counter + 1: null

2018-11-08 16:47:04 - [TEST_STEP][PASSED] - Statement - PreSaveFile = new java.io.File(((pathPrefix + java.lang.Integer.toString(counter)) + .png)): null

2018-11-08 16:47:04 - [TEST_STEP][PASSED] - Statement - counter = counter + 1: null

2018-11-08 16:47:04 - [TEST_STEP][PASSED] - Statement - PreSaveFile = new java.io.File(((pathPrefix + java.lang.Integer.toString(counter)) + .png)): null

2018-11-08 16:47:05 - [TEST_STEP][PASSED] - Statement - counter = counter + 1: null

2018-11-08 16:47:05 - [TEST_STEP][PASSED] - Statement - PreSaveFile = new java.io.File(((pathPrefix + java.lang.Integer.toString(counter)) + .png)): null

2018-11-08 16:47:05 - [TEST_STEP][PASSED] - Statement - counter = counter + 1: null

2018-11-08 16:47:05 - [TEST_STEP][PASSED] - Statement - PreSaveFile = new java.io.File(((pathPrefix + java.lang.Integer.toString(counter)) + .png)): null

2018-11-08 16:47:05 - [TEST_STEP][PASSED] - Statement - counter = counter + 1: null

2018-11-08 16:47:05 - [TEST_STEP][PASSED] - Statement - PreSaveFile = new java.io.File(((pathPrefix + java.lang.Integer.toString(counter)) + .png)): null

2018-11-08 16:47:05 - [TEST_STEP][PASSED] - Statement - counter = counter + 1: null

2018-11-08 16:47:05 - [TEST_STEP][PASSED] - Statement - PreSaveFile = new java.io.File(((pathPrefix + java.lang.Integer.toString(counter)) + .png)): null

2018-11-08 16:47:05 - [TEST_STEP][PASSED] - Statement - counter = counter + 1: null

2018-11-08 16:47:06 - [TEST_STEP][PASSED] - Statement - PreSaveFile = new java.io.File(((pathPrefix + java.lang.Integer.toString(counter)) + .png)): null

2018-11-08 16:47:06 - [TEST_STEP][PASSED] - Statement - counter = counter + 1: null

2018-11-08 16:47:06 - [TEST_STEP][PASSED] - Statement - PreSaveFile = new java.io.File(((pathPrefix + java.lang.Integer.toString(counter)) + .png)): null

2018-11-08 16:47:06 - [TEST_STEP][PASSED] - Statement - counter = counter + 1: null

2018-11-08 16:47:06 - [TEST_STEP][PASSED] - Statement - PreSaveFile = new java.io.File(((pathPrefix + java.lang.Integer.toString(counter)) + .png)): null

2018-11-08 16:47:06 - [TEST_STEP][PASSED] - Statement - counter = counter + 1: null

2018-11-08 16:47:06 - [TEST_STEP][PASSED] - Statement - PreSaveFile = new java.io.File(((pathPrefix + java.lang.Integer.toString(counter)) + .png)): null

2018-11-08 16:47:06 - [TEST_STEP][PASSED] - Statement - counter = counter + 1: null

2018-11-08 16:47:06 - [TEST_STEP][PASSED] - Statement - PreSaveFile = new java.io.File(((pathPrefix + java.lang.Integer.toString(counter)) + .png)): null

2018-11-08 16:47:06 - [TEST_STEP][PASSED] - Statement - counter = counter + 1: null

2018-11-08 16:47:06 - [TEST_STEP][PASSED] - Statement - PreSaveFile = new java.io.File(((pathPrefix + java.lang.Integer.toString(counter)) + .png)): null

2018-11-08 16:47:07 - [TEST_STEP][PASSED] - Statement - counter = counter + 1: null

2018-11-08 16:47:07 - [TEST_STEP][PASSED] - Statement - PreSaveFile = new java.io.File(((pathPrefix + java.lang.Integer.toString(counter)) + .png)): null

2018-11-08 16:47:07 - [TEST_STEP][PASSED] - Statement - counter = counter + 1: null

2018-11-08 16:47:07 - [TEST_STEP][PASSED] - Statement - PreSaveFile = new java.io.File(((pathPrefix + java.lang.Integer.toString(counter)) + .png)): null

2018-11-08 16:47:07 - [TEST_STEP][PASSED] - Statement - counter = counter + 1: null

2018-11-08 16:47:07 - [TEST_STEP][PASSED] - Statement - PreSaveFile = new java.io.File(((pathPrefix + java.lang.Integer.toString(counter)) + .png)): null

2018-11-08 16:47:07 - [TEST_STEP][PASSED] - Statement - counter = counter + 1: null

2018-11-08 16:47:07 - [TEST_STEP][PASSED] - Statement - PreSaveFile = new java.io.File(((pathPrefix + java.lang.Integer.toString(counter)) + .png)): null

2018-11-08 16:47:07 - [TEST_STEP][PASSED] - Statement - counter = counter + 1: null

2018-11-08 16:47:07 - [TEST_STEP][PASSED] - Statement - PreSaveFile = new java.io.File(((pathPrefix + java.lang.Integer.toString(counter)) + .png)): null

2018-11-08 16:47:07 - [TEST_STEP][PASSED] - Statement - counter = counter + 1: null

2018-11-08 16:47:08 - [TEST_STEP][PASSED] - Statement - PreSaveFile = new java.io.File(((pathPrefix + java.lang.Integer.toString(counter)) + .png)): null

2018-11-08 16:47:08 - [TEST_STEP][PASSED] - Statement - counter = counter + 1: null

2018-11-08 16:47:08 - [TEST_STEP][PASSED] - Statement - PreSaveFile = new java.io.File(((pathPrefix + java.lang.Integer.toString(counter)) + .png)): null

2018-11-08 16:47:08 - [TEST_STEP][PASSED] - Statement - counter = counter + 1: null

2018-11-08 16:47:08 - [TEST_STEP][PASSED] - Statement - PreSaveFile = new java.io.File(((pathPrefix + java.lang.Integer.toString(counter)) + .png)): null

2018-11-08 16:47:08 - [TEST_STEP][PASSED] - Statement - counter = counter + 1: null

2018-11-08 16:47:08 - [TEST_STEP][PASSED] - Statement - PreSaveFile = new java.io.File(((pathPrefix + java.lang.Integer.toString(counter)) + .png)): null

2018-11-08 16:47:08 - [TEST_STEP][PASSED] - Statement - counter = counter + 1: null

2018-11-08 16:47:08 - [TEST_STEP][PASSED] - Statement - PreSaveFile = new java.io.File(((pathPrefix + java.lang.Integer.toString(counter)) + .png)): null

2018-11-08 16:47:08 - [TEST_STEP][PASSED] - Statement - counter = counter + 1: null

2018-11-08 16:47:08 - [TEST_STEP][PASSED] - Statement - PreSaveFile = new java.io.File(((pathPrefix + java.lang.Integer.toString(counter)) + .png)): null

2018-11-08 16:47:09 - [TEST_STEP][PASSED] - Statement - counter = counter + 1: null

2018-11-08 16:47:09 - [TEST_STEP][PASSED] - Statement - PreSaveFile = new java.io.File(((pathPrefix + java.lang.Integer.toString(counter)) + .png)): null

2018-11-08 16:47:09 - [TEST_STEP][PASSED] - Statement - counter = counter + 1: null

2018-11-08 16:47:09 - [TEST_STEP][PASSED] - Statement - PreSaveFile = new java.io.File(((pathPrefix + java.lang.Integer.toString(counter)) + .png)): null

2018-11-08 16:47:09 - [TEST_STEP][PASSED] - Statement - counter = counter + 1: null

2018-11-08 16:47:09 - [TEST_STEP][PASSED] - Statement - PreSaveFile = new java.io.File(((pathPrefix + java.lang.Integer.toString(counter)) + .png)): null

2018-11-08 16:47:09 - [TEST_STEP][PASSED] - Statement - counter = counter + 1: null

2018-11-08 16:47:09 - [TEST_STEP][PASSED] - Statement - PreSaveFile = new java.io.File(((pathPrefix + java.lang.Integer.toString(counter)) + .png)): null

2018-11-08 16:47:09 - [TEST_STEP][PASSED] - Statement - counter = counter + 1: null

2018-11-08 16:47:10 - [TEST_STEP][PASSED] - Statement - PreSaveFile = new java.io.File(((pathPrefix + java.lang.Integer.toString(counter)) + .png)): null

2018-11-08 16:47:10 - [TEST_STEP][PASSED] - Statement - counter = counter + 1: null

2018-11-08 16:47:10 - [TEST_STEP][PASSED] - Statement - PreSaveFile = new java.io.File(((pathPrefix + java.lang.Integer.toString(counter)) + .png)): null

2018-11-08 16:47:10 - [TEST_STEP][PASSED] - Statement - counter = counter + 1: null

2018-11-08 16:47:10 - [TEST_STEP][PASSED] - Statement - PreSaveFile = new java.io.File(((pathPrefix + java.lang.Integer.toString(counter)) + .png)): null

2018-11-08 16:47:10 - [TEST_STEP][PASSED] - Statement - counter = counter + 1: null

2018-11-08 16:47:10 - [TEST_STEP][PASSED] - Statement - PreSaveFile = new java.io.File(((pathPrefix + java.lang.Integer.toString(counter)) + .png)): null

2018-11-08 16:47:10 - [TEST_STEP][PASSED] - Statement - counter = counter + 1: null

2018-11-08 16:47:10 - [TEST_STEP][PASSED] - Statement - PreSaveFile = new java.io.File(((pathPrefix + java.lang.Integer.toString(counter)) + .png)): null

2018-11-08 16:47:10 - [TEST_STEP][PASSED] - Statement - counter = counter + 1: null

2018-11-08 16:47:10 - [TEST_STEP][PASSED] - Statement - PreSaveFile = new java.io.File(((pathPrefix + java.lang.Integer.toString(counter)) + .png)): null

2018-11-08 16:47:12 - [TEST_STEP][PASSED] - Statement - counter = counter + 1: null

2018-11-08 16:47:12 - [TEST_STEP][PASSED] - Statement - PreSaveFile = new java.io.File(((pathPrefix + java.lang.Integer.toString(counter)) + .png)): null

2018-11-08 16:47:12 - [TEST_STEP][PASSED] - Statement - counter = counter + 1: null

2018-11-08 16:47:12 - [TEST_STEP][PASSED] - Statement - PreSaveFile = new java.io.File(((pathPrefix + java.lang.Integer.toString(counter)) + .png)): null

2018-11-08 16:47:12 - [TEST_STEP][PASSED] - Statement - counter = counter + 1: null

2018-11-08 16:47:12 - [TEST_STEP][PASSED] - Statement - PreSaveFile = new java.io.File(((pathPrefix + java.lang.Integer.toString(counter)) + .png)): null

2018-11-08 16:47:12 - [TEST_STEP][PASSED] - Statement - counter = counter + 1: null

2018-11-08 16:47:12 - [TEST_STEP][PASSED] - Statement - PreSaveFile = new java.io.File(((pathPrefix + java.lang.Integer.toString(counter)) + .png)): null

2018-11-08 16:47:12 - [TEST_STEP][PASSED] - Statement - counter = counter + 1: null

2018-11-08 16:47:12 - [TEST_STEP][PASSED] - Statement - PreSaveFile = new java.io.File(((pathPrefix + java.lang.Integer.toString(counter)) + .png)): null

2018-11-08 16:47:12 - [TEST_STEP][PASSED] - Statement - counter = counter + 1: null

2018-11-08 16:47:12 - [TEST_STEP][PASSED] - Statement - PreSaveFile = new java.io.File(((pathPrefix + java.lang.Integer.toString(counter)) + .png)): null

2018-11-08 16:47:12 - [TEST_STEP][PASSED] - Statement - counter = counter + 1: null

2018-11-08 16:47:12 - [TEST_STEP][PASSED] - Statement - PreSaveFile = new java.io.File(((pathPrefix + java.lang.Integer.toString(counter)) + .png)): null

2018-11-08 16:47:12 - [TEST_STEP][PASSED] - Statement - counter = counter + 1: null

2018-11-08 16:47:12 - [TEST_STEP][PASSED] - Statement - PreSaveFile = new java.io.File(((pathPrefix + java.lang.Integer.toString(counter)) + .png)): null

2018-11-08 16:47:12 - [TEST_STEP][PASSED] - Statement - counter = counter + 1: null

2018-11-08 16:47:12 - [TEST_STEP][PASSED] - Statement - PreSaveFile = new java.io.File(((pathPrefix + java.lang.Integer.toString(counter)) + .png)): null

2018-11-08 16:47:12 - [TEST_STEP][PASSED] - Statement - counter = counter + 1: null

2018-11-08 16:47:12 - [TEST_STEP][PASSED] - Statement - PreSaveFile = new java.io.File(((pathPrefix + java.lang.Integer.toString(counter)) + .png)): null

2018-11-08 16:47:13 - [TEST_STEP][PASSED] - Statement - counter = counter + 1: null

2018-11-08 16:47:13 - [TEST_STEP][PASSED] - Statement - PreSaveFile = new java.io.File(((pathPrefix + java.lang.Integer.toString(counter)) + .png)): null

2018-11-08 16:47:13 - [TEST_STEP][PASSED] - Statement - counter = counter + 1: null

2018-11-08 16:47:13 - [TEST_STEP][PASSED] - Statement - PreSaveFile = new java.io.File(((pathPrefix + java.lang.Integer.toString(counter)) + .png)): null

2018-11-08 16:47:13 - [TEST_STEP][PASSED] - Statement - counter = counter + 1: null

2018-11-08 16:47:13 - [TEST_STEP][PASSED] - Statement - PreSaveFile = new java.io.File(((pathPrefix + java.lang.Integer.toString(counter)) + .png)): null

2018-11-08 16:47:13 - [TEST_STEP][PASSED] - Statement - counter = counter + 1: null

2018-11-08 16:47:13 - [TEST_STEP][PASSED] - Statement - PreSaveFile = new java.io.File(((pathPrefix + java.lang.Integer.toString(counter)) + .png)): null

2018-11-08 16:47:13 - [TEST_STEP][PASSED] - Statement - counter = counter + 1: null

2018-11-08 16:47:13 - [TEST_STEP][PASSED] - Statement - PreSaveFile = new java.io.File(((pathPrefix + java.lang.Integer.toString(counter)) + .png)): null

2018-11-08 16:47:13 - [TEST_STEP][PASSED] - Statement - counter = counter + 1: null

2018-11-08 16:47:14 - [TEST_STEP][PASSED] - Statement - PreSaveFile = new java.io.File(((pathPrefix + java.lang.Integer.toString(counter)) + .png)): null

2018-11-08 16:47:14 - [TEST_STEP][PASSED] - Statement - counter = counter + 1: null

2018-11-08 16:47:14 - [TEST_STEP][PASSED] - Statement - PreSaveFile = new java.io.File(((pathPrefix + java.lang.Integer.toString(counter)) + .png)): null

2018-11-08 16:47:14 - [TEST_STEP][PASSED] - Statement - counter = counter + 1: null

2018-11-08 16:47:14 - [TEST_STEP][PASSED] - Statement - PreSaveFile = new java.io.File(((pathPrefix + java.lang.Integer.toString(counter)) + .png)): null

2018-11-08 16:47:14 - [TEST_STEP][PASSED] - Statement - counter = counter + 1: null

2018-11-08 16:47:14 - [TEST_STEP][PASSED] - Statement - PreSaveFile = new java.io.File(((pathPrefix + java.lang.Integer.toString(counter)) + .png)): null

2018-11-08 16:47:14 - [TEST_STEP][PASSED] - Statement - counter = counter + 1: null

2018-11-08 16:47:14 - [TEST_STEP][PASSED] - Statement - PreSaveFile = new java.io.File(((pathPrefix + java.lang.Integer.toString(counter)) + .png)): null

2018-11-08 16:47:14 - [TEST_STEP][PASSED] - Statement - counter = counter + 1: null

2018-11-08 16:47:15 - [TEST_STEP][PASSED] - Statement - PreSaveFile = new java.io.File(((pathPrefix + java.lang.Integer.toString(counter)) + .png)): null

2018-11-08 16:47:15 - [TEST_STEP][PASSED] - Statement - counter = counter + 1: null

2018-11-08 16:47:15 - [TEST_STEP][PASSED] - Statement - PreSaveFile = new java.io.File(((pathPrefix + java.lang.Integer.toString(counter)) + .png)): null

2018-11-08 16:47:15 - [TEST_STEP][PASSED] - Statement - counter = counter + 1: null

2018-11-08 16:47:15 - [TEST_STEP][PASSED] - Statement - PreSaveFile = new java.io.File(((pathPrefix + java.lang.Integer.toString(counter)) + .png)): null

2018-11-08 16:47:15 - [TEST_STEP][PASSED] - Statement - counter = counter + 1: null

2018-11-08 16:47:15 - [TEST_STEP][PASSED] - Statement - PreSaveFile = new java.io.File(((pathPrefix + java.lang.Integer.toString(counter)) + .png)): null

2018-11-08 16:47:15 - [TEST_STEP][PASSED] - Statement - counter = counter + 1: null

2018-11-08 16:47:15 - [TEST_STEP][PASSED] - Statement - PreSaveFile = new java.io.File(((pathPrefix + java.lang.Integer.toString(counter)) + .png)): null

2018-11-08 16:47:15 - [TEST_STEP][PASSED] - Statement - counter = counter + 1: null

2018-11-08 16:47:16 - [TEST_STEP][PASSED] - Statement - PreSaveFile = new java.io.File(((pathPrefix + java.lang.Integer.toString(counter)) + .png)): null

2018-11-08 16:47:16 - [TEST_STEP][PASSED] - Statement - counter = counter + 1: null

2018-11-08 16:47:16 - [TEST_STEP][PASSED] - Statement - PreSaveFile = new java.io.File(((pathPrefix + java.lang.Integer.toString(counter)) + .png)): null

2018-11-08 16:47:16 - [TEST_STEP][PASSED] - Statement - counter = counter + 1: null

2018-11-08 16:47:16 - [TEST_STEP][PASSED] - Statement - PreSaveFile = new java.io.File(((pathPrefix + java.lang.Integer.toString(counter)) + .png)): null

2018-11-08 16:47:16 - [TEST_STEP][PASSED] - Statement - counter = counter + 1: null

2018-11-08 16:47:16 - [TEST_STEP][PASSED] - Statement - PreSaveFile = new java.io.File(((pathPrefix + java.lang.Integer.toString(counter)) + .png)): null

2018-11-08 16:47:16 - [TEST_STEP][PASSED] - Statement - counter = counter + 1: null

2018-11-08 16:47:16 - [TEST_STEP][PASSED] - Statement - PreSaveFile = new java.io.File(((pathPrefix + java.lang.Integer.toString(counter)) + .png)): null

2018-11-08 16:47:16 - [TEST_STEP][PASSED] - Statement - counter = counter + 1: null

2018-11-08 16:47:16 - [TEST_STEP][PASSED] - Statement - PreSaveFile = new java.io.File(((pathPrefix + java.lang.Integer.toString(counter)) + .png)): null

2018-11-08 16:47:17 - [TEST_STEP][PASSED] - Statement - counter = counter + 1: null

2018-11-08 16:47:17 - [TEST_STEP][PASSED] - Statement - PreSaveFile = new java.io.File(((pathPrefix + java.lang.Integer.toString(counter)) + .png)): null

2018-11-08 16:47:17 - [TEST_STEP][PASSED] - Statement - counter = counter + 1: null

2018-11-08 16:47:17 - [TEST_STEP][PASSED] - Statement - PreSaveFile = new java.io.File(((pathPrefix + java.lang.Integer.toString(counter)) + .png)): null

2018-11-08 16:47:17 - [TEST_STEP][PASSED] - Statement - counter = counter + 1: null

2018-11-08 16:47:17 - [TEST_STEP][PASSED] - Statement - PreSaveFile = new java.io.File(((pathPrefix + java.lang.Integer.toString(counter)) + .png)): null

2018-11-08 16:47:17 - [TEST_STEP][PASSED] - Statement - counter = counter + 1: null

2018-11-08 16:47:17 - [TEST_STEP][PASSED] - Statement - PreSaveFile = new java.io.File(((pathPrefix + java.lang.Integer.toString(counter)) + .png)): null

2018-11-08 16:47:17 - [TEST_STEP][PASSED] - Statement - counter = counter + 1: null

2018-11-08 16:47:19 - [TEST_STEP][PASSED] - Statement - PreSaveFile = new java.io.File(((pathPrefix + java.lang.Integer.toString(counter)) + .png)): null

2018-11-08 16:47:19 - [TEST_STEP][PASSED] - Statement - counter = counter + 1: null

2018-11-08 16:47:19 - [TEST_STEP][PASSED] - Statement - PreSaveFile = new java.io.File(((pathPrefix + java.lang.Integer.toString(counter)) + .png)): null

2018-11-08 16:47:19 - [TEST_STEP][PASSED] - Statement - counter = counter + 1: null

2018-11-08 16:47:19 - [TEST_STEP][PASSED] - Statement - PreSaveFile = new java.io.File(((pathPrefix + java.lang.Integer.toString(counter)) + .png)): null

2018-11-08 16:47:19 - [TEST_STEP][PASSED] - Statement - counter = counter + 1: null

2018-11-08 16:47:19 - [TEST_STEP][PASSED] - Statement - PreSaveFile = new java.io.File(((pathPrefix + java.lang.Integer.toString(counter)) + .png)): null

2018-11-08 16:47:19 - [TEST_STEP][PASSED] - Statement - counter = counter + 1: null

2018-11-08 16:47:19 - [TEST_STEP][PASSED] - Statement - PreSaveFile = new java.io.File(((pathPrefix + java.lang.Integer.toString(counter)) + .png)): null

2018-11-08 16:47:19 - [TEST_STEP][PASSED] - Statement - counter = counter + 1: null

2018-11-08 16:47:19 - [TEST_STEP][PASSED] - Statement - PreSaveFile = new java.io.File(((pathPrefix + java.lang.Integer.toString(counter)) + .png)): null

2018-11-08 16:47:20 - [TEST_STEP][PASSED] - Statement - counter = counter + 1: null

2018-11-08 16:47:20 - [TEST_STEP][PASSED] - Statement - PreSaveFile = new java.io.File(((pathPrefix + java.lang.Integer.toString(counter)) + .png)): null

2018-11-08 16:47:20 - [TEST_STEP][PASSED] - Statement - counter = counter + 1: null

2018-11-08 16:47:20 - [TEST_STEP][PASSED] - Statement - PreSaveFile = new java.io.File(((pathPrefix + java.lang.Integer.toString(counter)) + .png)): null

2018-11-08 16:47:20 - [TEST_STEP][PASSED] - Statement - counter = counter + 1: null

2018-11-08 16:47:20 - [TEST_STEP][PASSED] - Statement - PreSaveFile = new java.io.File(((pathPrefix + java.lang.Integer.toString(counter)) + .png)): null

2018-11-08 16:47:20 - [TEST_STEP][PASSED] - Statement - counter = counter + 1: null

2018-11-08 16:47:20 - [TEST_STEP][PASSED] - Statement - PreSaveFile = new java.io.File(((pathPrefix + java.lang.Integer.toString(counter)) + .png)): null

2018-11-08 16:47:20 - [TEST_STEP][PASSED] - Statement - counter = counter + 1: null

2018-11-08 16:47:21 - [TEST_STEP][PASSED] - Statement - PreSaveFile = new java.io.File(((pathPrefix + java.lang.Integer.toString(counter)) + .png)): null

2018-11-08 16:47:21 - [TEST_STEP][PASSED] - Statement - finalPath = pathPrefix + java.lang.Integer.toString(counter) + ".png": null

2018-11-08 16:47:21 - [TEST_STEP][PASSED] - Statement - SaveFile = new java.io.File(finalPath): null

2018-11-08 16:47:21 - [TEST_STEP][PASSED] - Statement - Try: null

2018-11-08 16:47:21 - [TEST_STEP][PASSED] - Statement - org.apache.commons.io.FileUtils.copyFile(scrFile, SaveFile): null

2018-11-08 16:47:21 - [TEST_STEP][PASSED] - Statement - out.println("file kept"): null

2018-11-08 16:47:21 - [TEST_STEP][PASSED] - delay: Delayed 10 second(s)

2018-11-08 16:47:31 - [MESSAGE][PASSED] - Delayed 10 second(s)

2018-11-08 16:47:31 - [MESSAGE][PASSED] - Call Test Case 'Test Cases/Final Aug 2018 - PKS Automation/Registration Module/New Registration/Submit and Screenshot/Submit Registration and Screenshot' successfully

2018-11-08 16:47:31 - [TEST_STEP][PASSED] - delay: Delayed 5 second(s)

2018-11-08 16:47:36 - [MESSAGE][PASSED] - Delayed 5 second(s)

2018-11-08 16:47:36 - [TEST_STEP][PASSED] - callTestCase: Call Test Case 'Test Cases/Final Aug 2018 - PKS Automation/Registration Module/Log Out/log out avoiding katalon tagging' successfully

2018-11-08 16:47:36 - [TEST_CASE][PASSED] - Test Cases/Final Aug 2018 - PKS Automation/Registration Module/Log Out/log out avoiding katalon tagging: Test Cases/Final Aug 2018 - PKS Automation/Registration Module/Log Out/log out avoiding katalon tagging

2018-11-08 16:47:36 - [TEST_STEP][PASSED] - navigateToUrl: Navigate to 'https://assist2-uat.perkeso.gov.my/c/portal/logout' successfully

2018-11-08 16:47:38 - [MESSAGE][PASSED] - Navigate to 'https://assist2-uat.perkeso.gov.my/c/portal/logout' successfully

2018-11-08 16:47:38 - [MESSAGE][PASSED] - Call Test Case 'Test Cases/Final Aug 2018 - PKS Automation/Registration Module/Log Out/log out avoiding katalon tagging' successfully

2018-11-08 16:47:38 - [TEST_STEP][PASSED] - callTestCase: Call Test Case 'Test Cases/Final Aug 2018 - PKS Automation/Common/Workflow Owner Finder' successfully

2018-11-08 16:47:38 - [TEST_CASE][PASSED] - Test Cases/Final Aug 2018 - PKS Automation/Common/Workflow Owner Finder: Test Cases/Final Aug 2018 - PKS Automation/Common/Workflow Owner Finder

2018-11-08 16:47:38 - [TEST_STEP][PASSED] - openBrowser: Browser is opened with url: ''

2018-11-08 16:47:38 - [MESSAGE][WARNING] - A browser is already opened. Closing browser and opening a new one

2018-11-08 16:47:43 - [MESSAGE][PASSED] - Browser is opened with url: ''

2018-11-08 16:47:43 - [TEST_STEP][PASSED] - navigateToUrl: Navigate to 'https://assist2-uat.perkeso.gov.my/login' successfully

2018-11-08 16:47:46 - [MESSAGE][PASSED] - Navigate to 'https://assist2-uat.perkeso.gov.my/login' successfully

2018-11-08 16:47:46 - [TEST_STEP][PASSED] - delay: Delayed 5 second(s)

2018-11-08 16:47:51 - [MESSAGE][PASSED] - Delayed 5 second(s)

2018-11-08 16:47:51 - [TEST_STEP][PASSED] - setText: Text 'test@liferay.com' is set on object 'Object Repository/Final Object Repo/Login Page/Internal User/Email Address'

2018-11-08 16:47:51 - [MESSAGE][PASSED] - Text 'test@liferay.com' is set on object 'Object Repository/Final Object Repo/Login Page/Internal User/Email Address'

2018-11-08 16:47:51 - [TEST_STEP][PASSED] - click: Object: 'Object Repository/Final Object Repo/Login Page/Internal User/Next Button' is clicked on

2018-11-08 16:47:52 - [MESSAGE][PASSED] - Object: 'Object Repository/Final Object Repo/Login Page/Internal User/Next Button' is clicked on

2018-11-08 16:47:52 - [TEST_STEP][PASSED] - delay: Delayed 2 second(s)

2018-11-08 16:47:54 - [MESSAGE][PASSED] - Delayed 2 second(s)

2018-11-08 16:47:54 - [TEST_STEP][PASSED] - setText: Text 'test' is set on object 'Object Repository/Final Object Repo/Login Page/Internal User/Password'

2018-11-08 16:47:54 - [MESSAGE][PASSED] - Text 'test' is set on object 'Object Repository/Final Object Repo/Login Page/Internal User/Password'

2018-11-08 16:47:54 - [TEST_STEP][PASSED] - delay: Delayed 2 second(s)

2018-11-08 16:47:56 - [MESSAGE][PASSED] - Delayed 2 second(s)

2018-11-08 16:47:56 - [TEST_STEP][PASSED] - click: Object: 'Object Repository/Final Object Repo/Login Page/Internal User/Login Button' is clicked on

2018-11-08 16:48:00 - [MESSAGE][PASSED] - Object: 'Object Repository/Final Object Repo/Login Page/Internal User/Login Button' is clicked on

2018-11-08 16:48:00 - [TEST_STEP][PASSED] - Statement - Try: Delayed 2 second(s)

2018-11-08 16:48:00 - [TEST_STEP][PASSED] - Statement - Checker = false: null

2018-11-08 16:48:00 - [TEST_STEP][PASSED] - Statement - Checker = com.kms.katalon.core.webui.keyword.WebUiBuiltInKeywords.verifyElementHasAttribute(com.kms.katalon.core.testobject.ObjectRepository.findTestObject(Final Object Repo/Landing Page/BM Detecting), "href", 20, OPTIONAL): Object 'Object Repository/Final Object Repo/Landing Page/BM Detecting' has attribute 'href'

2018-11-08 16:48:00 - [MESSAGE][PASSED] - Object 'Object Repository/Final Object Repo/Landing Page/BM Detecting' has attribute 'href'

2018-11-08 16:48:00 - [TEST_STEP][PASSED] - Statement - out.println(Checker): null

2018-11-08 16:48:00 - [TEST_STEP][PASSED] - Statement - If (Checker == false): null

2018-11-08 16:48:00 - [TEST_STEP][PASSED] - Statement - Else: null

2018-11-08 16:48:00 - [TEST_STEP][PASSED] - delay: Delayed 2 second(s)

2018-11-08 16:48:02 - [MESSAGE][PASSED] - Delayed 2 second(s)

2018-11-08 16:48:02 - [TEST_STEP][PASSED] - delay: Delayed 3 second(s)

2018-11-08 16:48:05 - [MESSAGE][PASSED] - Delayed 3 second(s)

2018-11-08 16:48:05 - [TEST_STEP][PASSED] - mouseOver: Object: 'Object Repository/Final Object Repo/Landing Page/WorkFlow Menu' is hovered

2018-11-08 16:48:05 - [MESSAGE][PASSED] - Object: 'Object Repository/Final Object Repo/Landing Page/WorkFlow Menu' is hovered

2018-11-08 16:48:05 - [TEST_STEP][PASSED] - delay: Delayed 2 second(s)

2018-11-08 16:48:07 - [MESSAGE][PASSED] - Delayed 2 second(s)

2018-11-08 16:48:07 - [TEST_STEP][PASSED] - click: Object: 'Object Repository/Final Object Repo/Landing Page/Select to Workflow Listing' is clicked on

2018-11-08 16:48:09 - [MESSAGE][PASSED] - Object: 'Object Repository/Final Object Repo/Landing Page/Select to Workflow Listing' is clicked on

2018-11-08 16:48:09 - [TEST_STEP][PASSED] - delay: Delayed 2 second(s)

2018-11-08 16:48:11 - [MESSAGE][PASSED] - Delayed 2 second(s)

2018-11-08 16:48:11 - [TEST_STEP][PASSED] - click: Object: 'Object Repository/Final Object Repo/WorkFlow Listing Page/Search Information - To Put Ref No' is clicked on

2018-11-08 16:48:11 - [MESSAGE][PASSED] - Object: 'Object Repository/Final Object Repo/WorkFlow Listing Page/Search Information - To Put Ref No' is clicked on

2018-11-08 16:48:11 - [TEST_STEP][PASSED] - delay: Delayed 2 second(s)

2018-11-08 16:48:13 - [MESSAGE][PASSED] - Delayed 2 second(s)

2018-11-08 16:48:13 - [TEST_STEP][PASSED] - callTestCase: Call Test Case 'Test Cases/Final Aug 2018 - PKS Automation/Common/Reference Number Getter' successfully

2018-11-08 16:48:13 - [TEST_CASE][PASSED] - Test Cases/Final Aug 2018 - PKS Automation/Common/Reference Number Getter: Test Cases/Final Aug 2018 - PKS Automation/Common/Reference Number Getter

2018-11-08 16:48:13 - [TEST_STEP][PASSED] - Statement - Try: null

2018-11-08 16:48:13 - [TEST_STEP][PASSED] - Statement - RefNo = new java.io.File(C://KatalonReference.txt): null

2018-11-08 16:48:13 - [TEST_STEP][PASSED] - Statement - bufferread = new java.io.BufferedReader(new java.io.FileReader(RefNo)): null

2018-11-08 16:48:13 - [TEST_STEP][PASSED] - Statement - readedVal = bufferread.readLine(): null

2018-11-08 16:48:13 - [TEST_STEP][PASSED] - Statement - out.println(CaseReferenceNo): null

2018-11-08 16:48:13 - [TEST_STEP][PASSED] - Statement - out.println(readedVal): null

2018-11-08 16:48:13 - [TEST_STEP][PASSED] - Statement - CaseReferenceNo = readedVal: null

2018-11-08 16:48:13 - [MESSAGE][PASSED] - Call Test Case 'Test Cases/Final Aug 2018 - PKS Automation/Common/Reference Number Getter' successfully

2018-11-08 16:48:13 - [TEST_STEP][PASSED] - setText: Text 'CRN11201800122428' is set on object 'Object Repository/Final Object Repo/WorkFlow Listing Page/Ref No Set Text'

2018-11-08 16:48:14 - [MESSAGE][PASSED] - Text 'CRN11201800122428' is set on object 'Object Repository/Final Object Repo/WorkFlow Listing Page/Ref No Set Text'

2018-11-08 16:48:14 - [TEST_STEP][PASSED] - delay: Delayed 2 second(s)

2018-11-08 16:48:16 - [MESSAGE][PASSED] - Delayed 2 second(s)

2018-11-08 16:48:16 - [TEST_STEP][PASSED] - click: Object: 'Object Repository/Final Object Repo/WorkFlow Listing Page/Search Ref No Search Button' is clicked on

2018-11-08 16:48:18 - [MESSAGE][PASSED] - Object: 'Object Repository/Final Object Repo/WorkFlow Listing Page/Search Ref No Search Button' is clicked on

2018-11-08 16:48:18 - [TEST_STEP][PASSED] - delay: Delayed 4 second(s)

2018-11-08 16:48:22 - [MESSAGE][PASSED] - Delayed 4 second(s)

2018-11-08 16:48:22 - [TEST_STEP][PASSED] - click: Object: 'Object Repository/Final Object Repo/WorkFlow Listing Page/Click Continue Tooltip' is clicked on

2018-11-08 16:48:24 - [MESSAGE][PASSED] - Object: 'Object Repository/Final Object Repo/WorkFlow Listing Page/Click Continue Tooltip' is clicked on

2018-11-08 16:48:24 - [TEST_STEP][PASSED] - delay: Delayed 5 second(s)

2018-11-08 16:48:29 - [MESSAGE][PASSED] - Delayed 5 second(s)

2018-11-08 16:48:29 - [TEST_STEP][PASSED] - doubleClick: Object: 'Object Repository/Final Object Repo/WorkFlow Listing Page/Workflow Found - Listing 1' is double clicked on

2018-11-08 16:48:29 - [MESSAGE][PASSED] - Object: 'Object Repository/Final Object Repo/WorkFlow Listing Page/Workflow Found - Listing 1' is double clicked on

2018-11-08 16:48:29 - [TEST_STEP][PASSED] - Statement - println(OwnerID): null

2018-11-08 16:48:29 - [TEST_STEP][PASSED] - Statement - OwnerID = com.kms.katalon.core.webui.keyword.WebUiBuiltInKeywords.getText(com.kms.katalon.core.testobject.ObjectRepository.findTestObject(Final Object Repo/WorkFlow Listing Page/Workflow Found - Listing 1), STOP_ON_FAILURE): Text of object 'Object Repository/Final Object Repo/WorkFlow Listing Page/Workflow Found - Listing 1' is: 'JOHORro2'

2018-11-08 16:48:30 - [MESSAGE][PASSED] - Text of object 'Object Repository/Final Object Repo/WorkFlow Listing Page/Workflow Found - Listing 1' is: 'JOHORro2'

2018-11-08 16:48:30 - [TEST_STEP][PASSED] - Statement - OwnerID = OwnerID.toLowerCase() + "@gmail.com": null

2018-11-08 16:48:30 - [TEST_STEP][PASSED] - Statement - println(OwnerID): null

2018-11-08 16:48:30 - [TEST_STEP][PASSED] - delay: Delayed 2 second(s)

2018-11-08 16:48:32 - [MESSAGE][PASSED] - Delayed 2 second(s)

2018-11-08 16:48:32 - [MESSAGE][PASSED] - Call Test Case 'Test Cases/Final Aug 2018 - PKS Automation/Common/Workflow Owner Finder' successfully

2018-11-08 16:48:32 - [TEST_STEP][PASSED] - callTestCase: Call Test Case 'Test Cases/Final Aug 2018 - PKS Automation/Registration Module/Log Out/log out avoiding katalon tagging' successfully

2018-11-08 16:48:32 - [TEST_CASE][PASSED] - Test Cases/Final Aug 2018 - PKS Automation/Registration Module/Log Out/log out avoiding katalon tagging: Test Cases/Final Aug 2018 - PKS Automation/Registration Module/Log Out/log out avoiding katalon tagging

2018-11-08 16:48:32 - [TEST_STEP][PASSED] - navigateToUrl: Navigate to 'https://assist2-uat.perkeso.gov.my/c/portal/logout' successfully

2018-11-08 16:48:33 - [MESSAGE][PASSED] - Navigate to 'https://assist2-uat.perkeso.gov.my/c/portal/logout' successfully

2018-11-08 16:48:33 - [MESSAGE][PASSED] - Call Test Case 'Test Cases/Final Aug 2018 - PKS Automation/Registration Module/Log Out/log out avoiding katalon tagging' successfully

2018-11-08 16:48:33 - [TEST_STEP][PASSED] - delay: Delayed 2 second(s)

2018-11-08 16:48:35 - [MESSAGE][PASSED] - Delayed 2 second(s)

2018-11-08 16:48:35 - [TEST_STEP][PASSED] - setText: Text 'johorro2@gmail.com' is set on object 'Object Repository/Final Object Repo/New Registration - Registration Module Pages/New Reg - OTC to RO/Special Case - All Related Objects/Email TextBox'

2018-11-08 16:48:35 - [MESSAGE][PASSED] - Text 'johorro2@gmail.com' is set on object 'Object Repository/Final Object Repo/New Registration - Registration Module Pages/New Reg - OTC to RO/Special Case - All Related Objects/Email TextBox'

2018-11-08 16:48:35 - [TEST_STEP][PASSED] - click: Object: 'Object Repository/Final Object Repo/New Registration - Registration Module Pages/New Reg - OTC to RO/Special Case - All Related Objects/Next Button' is clicked on

2018-11-08 16:48:36 - [MESSAGE][PASSED] - Object: 'Object Repository/Final Object Repo/New Registration - Registration Module Pages/New Reg - OTC to RO/Special Case - All Related Objects/Next Button' is clicked on

2018-11-08 16:48:36 - [TEST_STEP][PASSED] - delay: Delayed 2 second(s)

2018-11-08 16:48:38 - [MESSAGE][PASSED] - Delayed 2 second(s)

2018-11-08 16:48:38 - [TEST_STEP][PASSED] - setText: Text 'Test1@3456789' is set on object 'Object Repository/Final Object Repo/New Registration - Registration Module Pages/New Reg - OTC to RO/Special Case - All Related Objects/Password TextBox'

2018-11-08 16:48:38 - [MESSAGE][PASSED] - Text 'Test1@3456789' is set on object 'Object Repository/Final Object Repo/New Registration - Registration Module Pages/New Reg - OTC to RO/Special Case - All Related Objects/Password TextBox'

2018-11-08 16:48:38 - [TEST_STEP][PASSED] - delay: Delayed 2 second(s)

2018-11-08 16:48:40 - [MESSAGE][PASSED] - Delayed 2 second(s)

2018-11-08 16:48:40 - [TEST_STEP][PASSED] - click: Object: 'Object Repository/Final Object Repo/New Registration - Registration Module Pages/New Reg - OTC to RO/Special Case - All Related Objects/Login Button' is clicked on

2018-11-08 16:48:43 - [MESSAGE][PASSED] - Object: 'Object Repository/Final Object Repo/New Registration - Registration Module Pages/New Reg - OTC to RO/Special Case - All Related Objects/Login Button' is clicked on

2018-11-08 16:48:43 - [TEST_STEP][PASSED] - delay: Delayed 2 second(s)

2018-11-08 16:48:45 - [MESSAGE][PASSED] - Delayed 2 second(s)

2018-11-08 16:48:45 - [TEST_STEP][PASSED] - Statement - Try: null

2018-11-08 16:48:45 - [TEST_STEP][PASSED] - Statement - Checker = com.kms.katalon.core.webui.keyword.WebUiBuiltInKeywords.verifyElementNotPresent("Final Object Repo/Landing Page/Select to English", 3): null

2018-11-08 16:48:45 - [TEST_STEP][PASSED] - Statement - Catch (Exception e): null

2018-11-08 16:48:45 - [TEST_STEP][PASSED] - Statement - e.printStackTrace(): null

2018-11-08 16:48:45 - [TEST_STEP][PASSED] - click: Object: 'Object Repository/Final Object Repo/New Registration - Registration Module Pages/New Reg - OTC to RO/Special Case - All Related Objects/Expand to Search' is clicked on

2018-11-08 16:48:45 - [MESSAGE][PASSED] - Object: 'Object Repository/Final Object Repo/New Registration - Registration Module Pages/New Reg - OTC to RO/Special Case - All Related Objects/Expand to Search' is clicked on

2018-11-08 16:48:45 - [TEST_STEP][PASSED] - setText: Text 'CRN11201800122428' is set on object 'Object Repository/Final Object Repo/New Registration - Registration Module Pages/New Reg - OTC to RO/Special Case - All Related Objects/TextBox RefNo in Workbasket'

2018-11-08 16:48:45 - [MESSAGE][PASSED] - Text 'CRN11201800122428' is set on object 'Object Repository/Final Object Repo/New Registration - Registration Module Pages/New Reg - OTC to RO/Special Case - All Related Objects/TextBox RefNo in Workbasket'

2018-11-08 16:48:45 - [TEST_STEP][PASSED] - delay: Delayed 2 second(s)

2018-11-08 16:48:47 - [MESSAGE][PASSED] - Delayed 2 second(s)

2018-11-08 16:48:47 - [TEST_STEP][PASSED] - click: Object: 'Object Repository/Final Object Repo/New Registration - Registration Module Pages/New Reg - OTC to RO/Special Case - All Related Objects/Click Search' is clicked on

2018-11-08 16:48:50 - [MESSAGE][PASSED] - Object: 'Object Repository/Final Object Repo/New Registration - Registration Module Pages/New Reg - OTC to RO/Special Case - All Related Objects/Click Search' is clicked on

2018-11-08 16:48:50 - [TEST_STEP][PASSED] - delay: Delayed 2 second(s)

2018-11-08 16:48:52 - [MESSAGE][PASSED] - Delayed 2 second(s)

2018-11-08 16:48:52 - [TEST_STEP][PASSED] - click: Object: 'Object Repository/Final Object Repo/New Registration - Registration Module Pages/New Reg - OTC to RO/Special Case - All Related Objects/Click to Continue Workflow' is clicked on

2018-11-08 16:48:56 - [MESSAGE][PASSED] - Object: 'Object Repository/Final Object Repo/New Registration - Registration Module Pages/New Reg - OTC to RO/Special Case - All Related Objects/Click to Continue Workflow' is clicked on

2018-11-08 16:48:56 - [TEST_STEP][PASSED] - delay: Delayed 2 second(s)

2018-11-08 16:48:58 - [MESSAGE][PASSED] - Delayed 2 second(s)

2018-11-08 16:48:58 - [TEST_STEP][PASSED] - click: Object: 'Object Repository/Final Object Repo/New Registration - Registration Module Pages/New Reg - OTC to RO/Special Case - All Related Objects/Continue Button in verifying case' is clicked on

2018-11-08 16:49:01 - [MESSAGE][PASSED] - Object: 'Object Repository/Final Object Repo/New Registration - Registration Module Pages/New Reg - OTC to RO/Special Case - All Related Objects/Continue Button in verifying case' is clicked on

2018-11-08 16:49:01 - [TEST_STEP][PASSED] - delay: Delayed 2 second(s)

2018-11-08 16:49:03 - [MESSAGE][PASSED] - Delayed 2 second(s)

2018-11-08 16:49:03 - [TEST_STEP][PASSED] - click: Object: 'Object Repository/Final Object Repo/New Registration - Registration Module Pages/New Reg - OTC to RO/Special Case - All Related Objects/Form 1 Save n Continue' is clicked on

2018-11-08 16:49:04 - [MESSAGE][PASSED] - Object: 'Object Repository/Final Object Repo/New Registration - Registration Module Pages/New Reg - OTC to RO/Special Case - All Related Objects/Form 1 Save n Continue' is clicked on

2018-11-08 16:49:04 - [TEST_STEP][PASSED] - delay: Delayed 5 second(s)

2018-11-08 16:49:09 - [MESSAGE][PASSED] - Delayed 5 second(s)

2018-11-08 16:49:09 - [TEST_STEP][PASSED] - click: Object: 'Object Repository/Final Object Repo/New Registration - Registration Module Pages/New Reg - OTC to RO/Special Case - OTC - Form 1/Confirm No Flagging as Branch' is clicked on

2018-11-08 16:49:11 - [MESSAGE][PASSED] - Object: 'Object Repository/Final Object Repo/New Registration - Registration Module Pages/New Reg - OTC to RO/Special Case - OTC - Form 1/Confirm No Flagging as Branch' is clicked on

2018-11-08 16:49:11 - [TEST_STEP][PASSED] - delay: Delayed 2 second(s)

2018-11-08 16:49:13 - [MESSAGE][PASSED] - Delayed 2 second(s)

2018-11-08 16:49:13 - [TEST_STEP][PASSED] - click: Object: 'Object Repository/Final Object Repo/New Registration - Registration Module Pages/New Reg - OTC to RO/Special Case - All Related Objects/Form 2 Save n Continue' is clicked on

2018-11-08 16:49:15 - [MESSAGE][PASSED] - Object: 'Object Repository/Final Object Repo/New Registration - Registration Module Pages/New Reg - OTC to RO/Special Case - All Related Objects/Form 2 Save n Continue' is clicked on

2018-11-08 16:49:15 - [TEST_STEP][PASSED] - delay: Delayed 2 second(s)

2018-11-08 16:49:17 - [MESSAGE][PASSED] - Delayed 2 second(s)

2018-11-08 16:49:17 - [TEST_STEP][PASSED] - click: Object: 'Object Repository/Final Object Repo/New Registration - Registration Module Pages/New Reg - OTC to RO/Special Case - All Related Objects/Third Screen Save n Continue' is clicked on

2018-11-08 16:49:23 - [MESSAGE][PASSED] - Object: 'Object Repository/Final Object Repo/New Registration - Registration Module Pages/New Reg - OTC to RO/Special Case - All Related Objects/Third Screen Save n Continue' is clicked on

2018-11-08 16:49:23 - [TEST_STEP][PASSED] - setText: Text 'Query case' is set on object 'Object Repository/Final Object Repo/New Registration - Registration Module Pages/New Reg - OTC to RO/Special Case - All Related Objects/Query Text Input'

2018-11-08 16:49:23 - [MESSAGE][PASSED] - Text 'Query case' is set on object 'Object Repository/Final Object Repo/New Registration - Registration Module Pages/New Reg - OTC to RO/Special Case - All Related Objects/Query Text Input'

2018-11-08 16:49:23 - [TEST_STEP][PASSED] - delay: Delayed 5 second(s)

2018-11-08 16:49:28 - [MESSAGE][PASSED] - Delayed 5 second(s)

2018-11-08 16:49:28 - [TEST_STEP][PASSED] - click: Object: 'Object Repository/Final Object Repo/New Registration - Registration Module Pages/New Reg - OTC to RO/Special Case - All Related Objects/Upload Doc Page Save n Continue' is clicked on

2018-11-08 16:49:29 - [MESSAGE][PASSED] - Object: 'Object Repository/Final Object Repo/New Registration - Registration Module Pages/New Reg - OTC to RO/Special Case - All Related Objects/Upload Doc Page Save n Continue' is clicked on

2018-11-08 16:49:29 - [TEST_STEP][PASSED] - click: Object: 'Object Repository/Final Object Repo/New Registration - Registration Module Pages/New Reg - OTC to RO/Special Case - All Related Objects/Query Button' is clicked on

2018-11-08 16:49:34 - [MESSAGE][PASSED] - Object: 'Object Repository/Final Object Repo/New Registration - Registration Module Pages/New Reg - OTC to RO/Special Case - All Related Objects/Query Button' is clicked on

2018-11-08 16:49:34 - [TEST_STEP][PASSED] - click: Object: 'Object Repository/Final Object Repo/New Registration - Registration Module Pages/New Reg - OTC to RO/Special Case - All Related Objects/Confirm to Query' is clicked on

2018-11-08 16:49:40 - [MESSAGE][PASSED] - Object: 'Object Repository/Final Object Repo/New Registration - Registration Module Pages/New Reg - OTC to RO/Special Case - All Related Objects/Confirm to Query' is clicked on

2018-11-08 16:49:40 - [TEST_STEP][PASSED] - delay: Delayed 5 second(s)

2018-11-08 16:49:45 - [MESSAGE][PASSED] - Delayed 5 second(s)

2018-11-08 16:49:45 - [TEST_STEP][PASSED] - callTestCase: Call Test Case 'Test Cases/Final Aug 2018 - PKS Automation/Registration Module/Log Out/log out avoiding katalon tagging' successfully

2018-11-08 16:49:45 - [TEST_CASE][PASSED] - Test Cases/Final Aug 2018 - PKS Automation/Registration Module/Log Out/log out avoiding katalon tagging: Test Cases/Final Aug 2018 - PKS Automation/Registration Module/Log Out/log out avoiding katalon tagging

2018-11-08 16:49:45 - [TEST_STEP][PASSED] - navigateToUrl: Navigate to 'https://assist2-uat.perkeso.gov.my/c/portal/logout' successfully

2018-11-08 16:49:47 - [MESSAGE][PASSED] - Navigate to 'https://assist2-uat.perkeso.gov.my/c/portal/logout' successfully

2018-11-08 16:49:47 - [MESSAGE][PASSED] - Call Test Case 'Test Cases/Final Aug 2018 - PKS Automation/Registration Module/Log Out/log out avoiding katalon tagging' successfully

2018-11-08 16:49:47 - [TEST_STEP][PASSED] - delay: Delayed 2 second(s)

2018-11-08 16:49:49 - [MESSAGE][PASSED] - Delayed 2 second(s)

2018-11-08 16:49:49 - [TEST_STEP][PASSED] - setText: Text 'klotc2@gmail.com' is set on object 'Object Repository/Final Object Repo/New Registration - Registration Module Pages/New Reg - OTC to RO/Special Case - All Related Objects/Email TextBox'

2018-11-08 16:49:49 - [MESSAGE][PASSED] - Text 'klotc2@gmail.com' is set on object 'Object Repository/Final Object Repo/New Registration - Registration Module Pages/New Reg - OTC to RO/Special Case - All Related Objects/Email TextBox'

2018-11-08 16:49:49 - [TEST_STEP][PASSED] - delay: Delayed 2 second(s)

2018-11-08 16:49:51 - [MESSAGE][PASSED] - Delayed 2 second(s)

2018-11-08 16:49:51 - [TEST_STEP][PASSED] - click: Object: 'Object Repository/Final Object Repo/Login Page/Internal User/Next Button' is clicked on

2018-11-08 16:49:51 - [MESSAGE][PASSED] - Object: 'Object Repository/Final Object Repo/Login Page/Internal User/Next Button' is clicked on

2018-11-08 16:49:51 - [TEST_STEP][PASSED] - delay: Delayed 2 second(s)

2018-11-08 16:49:53 - [MESSAGE][PASSED] - Delayed 2 second(s)

2018-11-08 16:49:53 - [TEST_STEP][PASSED] - setText: Text 'Test1@3456789' is set on object 'Object Repository/Final Object Repo/Login Page/Internal User/Password'

2018-11-08 16:49:53 - [MESSAGE][PASSED] - Text 'Test1@3456789' is set on object 'Object Repository/Final Object Repo/Login Page/Internal User/Password'

2018-11-08 16:49:53 - [TEST_STEP][PASSED] - delay: Delayed 2 second(s)

2018-11-08 16:49:55 - [MESSAGE][PASSED] - Delayed 2 second(s)

2018-11-08 16:49:55 - [TEST_STEP][PASSED] - click: Object: 'Object Repository/Final Object Repo/Login Page/Internal User/Login Button' is clicked on

2018-11-08 16:49:58 - [MESSAGE][PASSED] - Object: 'Object Repository/Final Object Repo/Login Page/Internal User/Login Button' is clicked on

2018-11-08 16:49:58 - [TEST_STEP][PASSED] - delay: Delayed 2 second(s)

2018-11-08 16:50:00 - [MESSAGE][PASSED] - Delayed 2 second(s)

2018-11-08 16:50:00 - [TEST_STEP][PASSED] - Statement - Try: null

2018-11-08 16:50:00 - [TEST_STEP][PASSED] - Statement - Checker = com.kms.katalon.core.webui.keyword.WebUiBuiltInKeywords.verifyElementNotPresent("PKS_SIP_Updated_RegModule/Attempt/Page_MyASSIST - ASSIST/Select to English", 3): null

2018-11-08 16:50:00 - [TEST_STEP][PASSED] - Statement - Catch (Exception e): null

2018-11-08 16:50:00 - [TEST_STEP][PASSED] - Statement - e.printStackTrace(): null

2018-11-08 16:50:00 - [TEST_STEP][PASSED] - delay: Delayed 4 second(s)

2018-11-08 16:50:04 - [MESSAGE][PASSED] - Delayed 4 second(s)

2018-11-08 16:50:04 - [TEST_STEP][PASSED] - click: Object: 'Object Repository/Final Object Repo/Landing Page/My Sites Drop Down' is clicked on

2018-11-08 16:50:04 - [MESSAGE][PASSED] - Object: 'Object Repository/Final Object Repo/Landing Page/My Sites Drop Down' is clicked on

2018-11-08 16:50:04 - [TEST_STEP][PASSED] - click: Object: 'Object Repository/Final Object Repo/Landing Page/Select to Registration Module' is clicked on

2018-11-08 16:50:06 - [MESSAGE][PASSED] - Object: 'Object Repository/Final Object Repo/Landing Page/Select to Registration Module' is clicked on

2018-11-08 16:50:06 - [TEST_STEP][PASSED] - delay: Delayed 2 second(s)

2018-11-08 16:50:08 - [MESSAGE][PASSED] - Delayed 2 second(s)

2018-11-08 16:50:08 - [TEST_STEP][PASSED] - mouseOver: Object: 'Object Repository/Final Object Repo/New Registration - Registration Module Pages/New Reg - OTC to RO/Special Case - All Related Objects/Hover Over Search Drop Down' is hovered

2018-11-08 16:50:08 - [MESSAGE][PASSED] - Object: 'Object Repository/Final Object Repo/New Registration - Registration Module Pages/New Reg - OTC to RO/Special Case - All Related Objects/Hover Over Search Drop Down' is hovered

2018-11-08 16:50:08 - [TEST_STEP][PASSED] - click: Object: 'Object Repository/Final Object Repo/New Registration - Registration Module Pages/New Reg - OTC to RO/Special Case - All Related Objects/Select Search Pending Case' is clicked on

2018-11-08 16:50:10 - [MESSAGE][PASSED] - Object: 'Object Repository/Final Object Repo/New Registration - Registration Module Pages/New Reg - OTC to RO/Special Case - All Related Objects/Select Search Pending Case' is clicked on

2018-11-08 16:50:10 - [TEST_STEP][PASSED] - click: Object: 'Object Repository/Final Object Repo/New Registration - Registration Module Pages/New Reg - OTC to RO/Special Case - All Related Objects/Select Searching Method (Employer Code)' is clicked on

2018-11-08 16:50:10 - [MESSAGE][PASSED] - Object: 'Object Repository/Final Object Repo/New Registration - Registration Module Pages/New Reg - OTC to RO/Special Case - All Related Objects/Select Searching Method (Employer Code)' is clicked on

2018-11-08 16:50:10 - [TEST_STEP][PASSED] - click: Object: 'Object Repository/Final Object Repo/New Registration - Registration Module Pages/New Reg - OTC to RO/Special Case - All Related Objects/Select Searching Method to Reference ID' is clicked on

2018-11-08 16:50:11 - [MESSAGE][PASSED] - Object: 'Object Repository/Final Object Repo/New Registration - Registration Module Pages/New Reg - OTC to RO/Special Case - All Related Objects/Select Searching Method to Reference ID' is clicked on

2018-11-08 16:50:11 - [TEST_STEP][PASSED] - setText: Text 'CRN11201800122428' is set on object 'Object Repository/Final Object Repo/New Registration - Registration Module Pages/New Reg - OTC to RO/Special Case - All Related Objects/Pending Case Ref NO'

2018-11-08 16:50:11 - [MESSAGE][PASSED] - Text 'CRN11201800122428' is set on object 'Object Repository/Final Object Repo/New Registration - Registration Module Pages/New Reg - OTC to RO/Special Case - All Related Objects/Pending Case Ref NO'

2018-11-08 16:50:11 - [TEST_STEP][PASSED] - click: Object: 'Object Repository/Final Object Repo/New Registration - Registration Module Pages/New Reg - OTC to RO/Special Case - All Related Objects/Search Pending Case Based on Ref No' is clicked on

2018-11-08 16:50:13 - [MESSAGE][PASSED] - Object: 'Object Repository/Final Object Repo/New Registration - Registration Module Pages/New Reg - OTC to RO/Special Case - All Related Objects/Search Pending Case Based on Ref No' is clicked on

2018-11-08 16:50:13 - [TEST_STEP][PASSED] - click: Object: 'Object Repository/Final Object Repo/New Registration - Registration Module Pages/New Reg - OTC to RO/Special Case - All Related Objects/Action Button after found case' is clicked on

2018-11-08 16:50:16 - [MESSAGE][PASSED] - Object: 'Object Repository/Final Object Repo/New Registration - Registration Module Pages/New Reg - OTC to RO/Special Case - All Related Objects/Action Button after found case' is clicked on

2018-11-08 16:50:16 - [TEST_STEP][PASSED] - click: Object: 'Object Repository/Final Object Repo/New Registration - Registration Module Pages/New Reg - OTC to RO/Special Case - All Related Objects/Next Button in Pending Case Form 1' is clicked on

2018-11-08 16:50:18 - [MESSAGE][PASSED] - Object: 'Object Repository/Final Object Repo/New Registration - Registration Module Pages/New Reg - OTC to RO/Special Case - All Related Objects/Next Button in Pending Case Form 1' is clicked on

2018-11-08 16:50:18 - [TEST_STEP][PASSED] - click: Object: 'Object Repository/Final Object Repo/New Registration - Registration Module Pages/New Reg - OTC to RO/Special Case - All Related Objects/Next Button in Pending Case Form 2' is clicked on

2018-11-08 16:50:19 - [MESSAGE][PASSED] - Object: 'Object Repository/Final Object Repo/New Registration - Registration Module Pages/New Reg - OTC to RO/Special Case - All Related Objects/Next Button in Pending Case Form 2' is clicked on

2018-11-08 16:50:19 - [TEST_STEP][PASSED] - click: Object: 'Object Repository/Final Object Repo/New Registration - Registration Module Pages/New Reg - OTC to RO/Special Case - All Related Objects/Next Button in Third Screen' is clicked on

2018-11-08 16:50:24 - [MESSAGE][PASSED] - Object: 'Object Repository/Final Object Repo/New Registration - Registration Module Pages/New Reg - OTC to RO/Special Case - All Related Objects/Next Button in Third Screen' is clicked on

2018-11-08 16:50:24 - [TEST_STEP][PASSED] - click: Object: 'Object Repository/Final Object Repo/New Registration - Registration Module Pages/New Reg - OTC to RO/Special Case - All Related Objects/Add Document for Pending Case' is clicked on

2018-11-08 16:50:24 - [MESSAGE][PASSED] - Object: 'Object Repository/Final Object Repo/New Registration - Registration Module Pages/New Reg - OTC to RO/Special Case - All Related Objects/Add Document for Pending Case' is clicked on

2018-11-08 16:50:24 - [TEST_STEP][PASSED] - click: Object: 'Object Repository/Final Object Repo/New Registration - Registration Module Pages/New Reg - OTC to RO/Special Case - All Related Objects/Upload Pending Doc - Please Select' is clicked on

2018-11-08 16:50:28 - [MESSAGE][PASSED] - Object: 'Object Repository/Final Object Repo/New Registration - Registration Module Pages/New Reg - OTC to RO/Special Case - All Related Objects/Upload Pending Doc - Please Select' is clicked on

2018-11-08 16:50:28 - [TEST_STEP][PASSED] - delay: Delayed 2 second(s)

2018-11-08 16:50:30 - [MESSAGE][PASSED] - Delayed 2 second(s)

2018-11-08 16:50:30 - [TEST_STEP][PASSED] - click: Object: 'Object Repository/Final Object Repo/New Registration - Registration Module Pages/New Reg - OTC to RO/Special Case - All Related Objects/Select to Others to Upload' is clicked on

2018-11-08 16:50:31 - [MESSAGE][PASSED] - Object: 'Object Repository/Final Object Repo/New Registration - Registration Module Pages/New Reg - OTC to RO/Special Case - All Related Objects/Select to Others to Upload' is clicked on

2018-11-08 16:50:31 - [TEST_STEP][PASSED] - delay: Delayed 2 second(s)

2018-11-08 16:50:33 - [MESSAGE][PASSED] - Delayed 2 second(s)

2018-11-08 16:50:33 - [TEST_STEP][PASSED] - uploadFile: File 'C:\Users\Public\Pictures\Sample Pictures\Act.jpg' sent to object: 'Object Repository/Final Object Repo/New Registration - Registration Module Pages/New Reg - OTC to RO/Special Case - All Related Objects/Uploading Pending Case Action'

2018-11-08 16:50:33 - [MESSAGE][PASSED] - File 'C:\Users\Public\Pictures\Sample Pictures\Act.jpg' sent to object: 'Object Repository/Final Object Repo/New Registration - Registration Module Pages/New Reg - OTC to RO/Special Case - All Related Objects/Uploading Pending Case Action'

2018-11-08 16:50:33 - [TEST_STEP][PASSED] - delay: Delayed 2 second(s)

2018-11-08 16:50:35 - [MESSAGE][PASSED] - Delayed 2 second(s)

2018-11-08 16:50:35 - [TEST_STEP][PASSED] - click: Object: 'Object Repository/Final Object Repo/New Registration - Registration Module Pages/New Reg - OTC to RO/Special Case - All Related Objects/Inner form Add Document Button Pending Case' is clicked on

2018-11-08 16:50:35 - [MESSAGE][PASSED] - Object: 'Object Repository/Final Object Repo/New Registration - Registration Module Pages/New Reg - OTC to RO/Special Case - All Related Objects/Inner form Add Document Button Pending Case' is clicked on

2018-11-08 16:50:35 - [TEST_STEP][PASSED] - delay: Delayed 2 second(s)

2018-11-08 16:50:37 - [MESSAGE][PASSED] - Delayed 2 second(s)

2018-11-08 16:50:37 - [TEST_STEP][PASSED] - click: Object: 'Object Repository/Final Object Repo/New Registration - Registration Module Pages/New Reg - OTC to RO/Special Case - All Related Objects/Pending Case Exit' is clicked on

2018-11-08 16:50:43 - [MESSAGE][PASSED] - Object: 'Object Repository/Final Object Repo/New Registration - Registration Module Pages/New Reg - OTC to RO/Special Case - All Related Objects/Pending Case Exit' is clicked on

2018-11-08 16:50:43 - [TEST_STEP][PASSED] - callTestCase: Call Test Case 'Test Cases/Final Aug 2018 - PKS Automation/Registration Module/Log Out/log out avoiding katalon tagging' successfully

2018-11-08 16:50:43 - [TEST_CASE][PASSED] - Test Cases/Final Aug 2018 - PKS Automation/Registration Module/Log Out/log out avoiding katalon tagging: Test Cases/Final Aug 2018 - PKS Automation/Registration Module/Log Out/log out avoiding katalon tagging

2018-11-08 16:50:43 - [TEST_STEP][PASSED] - navigateToUrl: Navigate to 'https://assist2-uat.perkeso.gov.my/c/portal/logout' successfully

2018-11-08 16:50:44 - [MESSAGE][PASSED] - Navigate to 'https://assist2-uat.perkeso.gov.my/c/portal/logout' successfully

2018-11-08 16:50:44 - [MESSAGE][PASSED] - Call Test Case 'Test Cases/Final Aug 2018 - PKS Automation/Registration Module/Log Out/log out avoiding katalon tagging' successfully

2018-11-08 16:50:44 - [TEST_STEP][PASSED] - callTestCase: Call Test Case 'Test Cases/Final Aug 2018 - PKS Automation/Common/Workflow Owner Finder' successfully

2018-11-08 16:50:44 - [TEST_CASE][PASSED] - Test Cases/Final Aug 2018 - PKS Automation/Common/Workflow Owner Finder: Test Cases/Final Aug 2018 - PKS Automation/Common/Workflow Owner Finder

2018-11-08 16:50:44 - [TEST_STEP][PASSED] - openBrowser: Browser is opened with url: ''

2018-11-08 16:50:44 - [MESSAGE][WARNING] - A browser is already opened. Closing browser and opening a new one

2018-11-08 16:50:49 - [MESSAGE][PASSED] - Browser is opened with url: ''

2018-11-08 16:50:49 - [TEST_STEP][PASSED] - navigateToUrl: Navigate to 'https://assist2-uat.perkeso.gov.my/login' successfully

2018-11-08 16:50:53 - [MESSAGE][PASSED] - Navigate to 'https://assist2-uat.perkeso.gov.my/login' successfully

2018-11-08 16:50:53 - [TEST_STEP][PASSED] - delay: Delayed 5 second(s)

2018-11-08 16:50:58 - [MESSAGE][PASSED] - Delayed 5 second(s)

2018-11-08 16:50:58 - [TEST_STEP][PASSED] - setText: Text 'test@liferay.com' is set on object 'Object Repository/Final Object Repo/Login Page/Internal User/Email Address'

2018-11-08 16:50:58 - [MESSAGE][PASSED] - Text 'test@liferay.com' is set on object 'Object Repository/Final Object Repo/Login Page/Internal User/Email Address'

2018-11-08 16:50:58 - [TEST_STEP][PASSED] - click: Object: 'Object Repository/Final Object Repo/Login Page/Internal User/Next Button' is clicked on

2018-11-08 16:50:59 - [MESSAGE][PASSED] - Object: 'Object Repository/Final Object Repo/Login Page/Internal User/Next Button' is clicked on

2018-11-08 16:50:59 - [TEST_STEP][PASSED] - delay: Delayed 2 second(s)

2018-11-08 16:51:01 - [MESSAGE][PASSED] - Delayed 2 second(s)

2018-11-08 16:51:01 - [TEST_STEP][PASSED] - setText: Text 'test' is set on object 'Object Repository/Final Object Repo/Login Page/Internal User/Password'

2018-11-08 16:51:01 - [MESSAGE][PASSED] - Text 'test' is set on object 'Object Repository/Final Object Repo/Login Page/Internal User/Password'

2018-11-08 16:51:01 - [TEST_STEP][PASSED] - delay: Delayed 2 second(s)

2018-11-08 16:51:03 - [MESSAGE][PASSED] - Delayed 2 second(s)

2018-11-08 16:51:03 - [TEST_STEP][PASSED] - click: Object: 'Object Repository/Final Object Repo/Login Page/Internal User/Login Button' is clicked on

2018-11-08 16:51:07 - [MESSAGE][PASSED] - Object: 'Object Repository/Final Object Repo/Login Page/Internal User/Login Button' is clicked on

2018-11-08 16:51:07 - [TEST_STEP][PASSED] - Statement - Try: Delayed 2 second(s)

2018-11-08 16:51:07 - [TEST_STEP][PASSED] - Statement - Checker = false: null

2018-11-08 16:51:07 - [TEST_STEP][PASSED] - Statement - Checker = com.kms.katalon.core.webui.keyword.WebUiBuiltInKeywords.verifyElementHasAttribute(com.kms.katalon.core.testobject.ObjectRepository.findTestObject(Final Object Repo/Landing Page/BM Detecting), "href", 20, OPTIONAL): Object 'Object Repository/Final Object Repo/Landing Page/BM Detecting' has attribute 'href'

2018-11-08 16:51:07 - [MESSAGE][PASSED] - Object 'Object Repository/Final Object Repo/Landing Page/BM Detecting' has attribute 'href'

2018-11-08 16:51:07 - [TEST_STEP][PASSED] - Statement - out.println(Checker): null

2018-11-08 16:51:07 - [TEST_STEP][PASSED] - Statement - If (Checker == false): null

2018-11-08 16:51:07 - [TEST_STEP][PASSED] - Statement - Else: null

2018-11-08 16:51:07 - [TEST_STEP][PASSED] - delay: Delayed 2 second(s)

2018-11-08 16:51:09 - [MESSAGE][PASSED] - Delayed 2 second(s)

2018-11-08 16:51:09 - [TEST_STEP][PASSED] - delay: Delayed 3 second(s)

2018-11-08 16:51:12 - [MESSAGE][PASSED] - Delayed 3 second(s)

2018-11-08 16:51:12 - [TEST_STEP][PASSED] - mouseOver: Object: 'Object Repository/Final Object Repo/Landing Page/WorkFlow Menu' is hovered

2018-11-08 16:51:12 - [MESSAGE][PASSED] - Object: 'Object Repository/Final Object Repo/Landing Page/WorkFlow Menu' is hovered

2018-11-08 16:51:12 - [TEST_STEP][PASSED] - delay: Delayed 2 second(s)

2018-11-08 16:51:14 - [MESSAGE][PASSED] - Delayed 2 second(s)

2018-11-08 16:51:14 - [TEST_STEP][PASSED] - click: Object: 'Object Repository/Final Object Repo/Landing Page/Select to Workflow Listing' is clicked on

2018-11-08 16:51:17 - [MESSAGE][PASSED] - Object: 'Object Repository/Final Object Repo/Landing Page/Select to Workflow Listing' is clicked on

2018-11-08 16:51:17 - [TEST_STEP][PASSED] - delay: Delayed 2 second(s)

2018-11-08 16:51:19 - [MESSAGE][PASSED] - Delayed 2 second(s)

2018-11-08 16:51:19 - [TEST_STEP][PASSED] - click: Object: 'Object Repository/Final Object Repo/WorkFlow Listing Page/Search Information - To Put Ref No' is clicked on

2018-11-08 16:51:19 - [MESSAGE][PASSED] - Object: 'Object Repository/Final Object Repo/WorkFlow Listing Page/Search Information - To Put Ref No' is clicked on

2018-11-08 16:51:19 - [TEST_STEP][PASSED] - delay: Delayed 2 second(s)

2018-11-08 16:51:21 - [MESSAGE][PASSED] - Delayed 2 second(s)

2018-11-08 16:51:21 - [TEST_STEP][PASSED] - callTestCase: Call Test Case 'Test Cases/Final Aug 2018 - PKS Automation/Common/Reference Number Getter' successfully

2018-11-08 16:51:21 - [TEST_CASE][PASSED] - Test Cases/Final Aug 2018 - PKS Automation/Common/Reference Number Getter: Test Cases/Final Aug 2018 - PKS Automation/Common/Reference Number Getter

2018-11-08 16:51:21 - [TEST_STEP][PASSED] - Statement - Try: null

2018-11-08 16:51:21 - [TEST_STEP][PASSED] - Statement - RefNo = new java.io.File(C://KatalonReference.txt): null

2018-11-08 16:51:21 - [TEST_STEP][PASSED] - Statement - bufferread = new java.io.BufferedReader(new java.io.FileReader(RefNo)): null

2018-11-08 16:51:21 - [TEST_STEP][PASSED] - Statement - readedVal = bufferread.readLine(): null

2018-11-08 16:51:21 - [TEST_STEP][PASSED] - Statement - out.println(CaseReferenceNo): null

2018-11-08 16:51:21 - [TEST_STEP][PASSED] - Statement - out.println(readedVal): null

2018-11-08 16:51:21 - [TEST_STEP][PASSED] - Statement - CaseReferenceNo = readedVal: null

2018-11-08 16:51:21 - [MESSAGE][PASSED] - Call Test Case 'Test Cases/Final Aug 2018 - PKS Automation/Common/Reference Number Getter' successfully

2018-11-08 16:51:21 - [TEST_STEP][PASSED] - setText: Text 'CRN11201800122428' is set on object 'Object Repository/Final Object Repo/WorkFlow Listing Page/Ref No Set Text'

2018-11-08 16:51:21 - [MESSAGE][PASSED] - Text 'CRN11201800122428' is set on object 'Object Repository/Final Object Repo/WorkFlow Listing Page/Ref No Set Text'

2018-11-08 16:51:21 - [TEST_STEP][PASSED] - delay: Delayed 2 second(s)

2018-11-08 16:51:23 - [MESSAGE][PASSED] - Delayed 2 second(s)

2018-11-08 16:51:23 - [TEST_STEP][PASSED] - click: Object: 'Object Repository/Final Object Repo/WorkFlow Listing Page/Search Ref No Search Button' is clicked on

2018-11-08 16:51:24 - [MESSAGE][PASSED] - Object: 'Object Repository/Final Object Repo/WorkFlow Listing Page/Search Ref No Search Button' is clicked on

2018-11-08 16:51:24 - [TEST_STEP][PASSED] - delay: Delayed 4 second(s)

2018-11-08 16:51:28 - [MESSAGE][PASSED] - Delayed 4 second(s)

2018-11-08 16:51:28 - [TEST_STEP][PASSED] - click: Object: 'Object Repository/Final Object Repo/WorkFlow Listing Page/Click Continue Tooltip' is clicked on

2018-11-08 16:51:29 - [MESSAGE][PASSED] - Object: 'Object Repository/Final Object Repo/WorkFlow Listing Page/Click Continue Tooltip' is clicked on

2018-11-08 16:51:30 - [TEST_STEP][PASSED] - delay: Delayed 5 second(s)

2018-11-08 16:51:35 - [MESSAGE][PASSED] - Delayed 5 second(s)

2018-11-08 16:51:35 - [TEST_STEP][PASSED] - doubleClick: Object: 'Object Repository/Final Object Repo/WorkFlow Listing Page/Workflow Found - Listing 1' is double clicked on

2018-11-08 16:51:35 - [MESSAGE][PASSED] - Object: 'Object Repository/Final Object Repo/WorkFlow Listing Page/Workflow Found - Listing 1' is double clicked on

2018-11-08 16:51:35 - [TEST_STEP][PASSED] - Statement - println(OwnerID): null

2018-11-08 16:51:35 - [TEST_STEP][PASSED] - Statement - OwnerID = com.kms.katalon.core.webui.keyword.WebUiBuiltInKeywords.getText(com.kms.katalon.core.testobject.ObjectRepository.findTestObject(Final Object Repo/WorkFlow Listing Page/Workflow Found - Listing 1), STOP_ON_FAILURE): Text of object 'Object Repository/Final Object Repo/WorkFlow Listing Page/Workflow Found - Listing 1' is: 'JOHORro2'

2018-11-08 16:51:35 - [MESSAGE][PASSED] - Text of object 'Object Repository/Final Object Repo/WorkFlow Listing Page/Workflow Found - Listing 1' is: 'JOHORro2'

2018-11-08 16:51:35 - [TEST_STEP][PASSED] - Statement - OwnerID = OwnerID.toLowerCase() + "@gmail.com": null

2018-11-08 16:51:35 - [TEST_STEP][PASSED] - Statement - println(OwnerID): null

2018-11-08 16:51:35 - [TEST_STEP][PASSED] - delay: Delayed 2 second(s)

2018-11-08 16:51:37 - [MESSAGE][PASSED] - Delayed 2 second(s)

2018-11-08 16:51:37 - [MESSAGE][PASSED] - Call Test Case 'Test Cases/Final Aug 2018 - PKS Automation/Common/Workflow Owner Finder' successfully

2018-11-08 16:51:37 - [TEST_STEP][PASSED] - callTestCase: Call Test Case 'Test Cases/Final Aug 2018 - PKS Automation/Registration Module/Log Out/log out avoiding katalon tagging' successfully

2018-11-08 16:51:37 - [TEST_CASE][PASSED] - Test Cases/Final Aug 2018 - PKS Automation/Registration Module/Log Out/log out avoiding katalon tagging: Test Cases/Final Aug 2018 - PKS Automation/Registration Module/Log Out/log out avoiding katalon tagging

2018-11-08 16:51:37 - [TEST_STEP][PASSED] - navigateToUrl: Navigate to 'https://assist2-uat.perkeso.gov.my/c/portal/logout' successfully

2018-11-08 16:51:39 - [MESSAGE][PASSED] - Navigate to 'https://assist2-uat.perkeso.gov.my/c/portal/logout' successfully

2018-11-08 16:51:39 - [MESSAGE][PASSED] - Call Test Case 'Test Cases/Final Aug 2018 - PKS Automation/Registration Module/Log Out/log out avoiding katalon tagging' successfully

2018-11-08 16:51:39 - [TEST_STEP][PASSED] - delay: Delayed 2 second(s)

2018-11-08 16:51:41 - [MESSAGE][PASSED] - Delayed 2 second(s)

2018-11-08 16:51:41 - [TEST_STEP][PASSED] - setText: Text 'johorro2@gmail.com' is set on object 'Object Repository/Final Object Repo/Login Page/Internal User/Email Address'

2018-11-08 16:51:41 - [MESSAGE][PASSED] - Text 'johorro2@gmail.com' is set on object 'Object Repository/Final Object Repo/Login Page/Internal User/Email Address'

2018-11-08 16:51:41 - [TEST_STEP][PASSED] - click: Object: 'Object Repository/Final Object Repo/Login Page/Internal User/Next Button' is clicked on

2018-11-08 16:51:41 - [MESSAGE][PASSED] - Object: 'Object Repository/Final Object Repo/Login Page/Internal User/Next Button' is clicked on

2018-11-08 16:51:41 - [TEST_STEP][PASSED] - delay: Delayed 2 second(s)

2018-11-08 16:51:43 - [MESSAGE][PASSED] - Delayed 2 second(s)

2018-11-08 16:51:43 - [TEST_STEP][PASSED] - setText: Text 'Test1@3456789' is set on object 'Object Repository/Final Object Repo/Login Page/Internal User/Password'

2018-11-08 16:51:43 - [MESSAGE][PASSED] - Text 'Test1@3456789' is set on object 'Object Repository/Final Object Repo/Login Page/Internal User/Password'

2018-11-08 16:51:43 - [TEST_STEP][PASSED] - delay: Delayed 2 second(s)

2018-11-08 16:51:45 - [MESSAGE][PASSED] - Delayed 2 second(s)

2018-11-08 16:51:45 - [TEST_STEP][PASSED] - click: Object: 'Object Repository/Final Object Repo/Login Page/Internal User/Login Button' is clicked on

2018-11-08 16:51:48 - [MESSAGE][PASSED] - Object: 'Object Repository/Final Object Repo/Login Page/Internal User/Login Button' is clicked on

2018-11-08 16:51:48 - [TEST_STEP][PASSED] - delay: Delayed 2 second(s)

2018-11-08 16:51:50 - [MESSAGE][PASSED] - Delayed 2 second(s)

2018-11-08 16:51:50 - [TEST_STEP][PASSED] - Statement - Try: null

2018-11-08 16:51:50 - [TEST_STEP][PASSED] - Statement - Checker = com.kms.katalon.core.webui.keyword.WebUiBuiltInKeywords.verifyElementNotPresent("Final Object Repo/Landing Page/Select to English", 3): null

2018-11-08 16:51:50 - [TEST_STEP][PASSED] - Statement - Catch (Exception e): null

2018-11-08 16:51:50 - [TEST_STEP][PASSED] - Statement - e.printStackTrace(): null

2018-11-08 16:51:50 - [TEST_STEP][PASSED] - click: Object: 'Object Repository/Final Object Repo/New Registration - Registration Module Pages/New Reg - OTC to RO/Special Case - All Related Objects/Expand to Search' is clicked on

2018-11-08 16:51:50 - [MESSAGE][PASSED] - Object: 'Object Repository/Final Object Repo/New Registration - Registration Module Pages/New Reg - OTC to RO/Special Case - All Related Objects/Expand to Search' is clicked on

2018-11-08 16:51:50 - [TEST_STEP][PASSED] - callTestCase: Call Test Case 'Test Cases/Final Aug 2018 - PKS Automation/Common/Reference Number Getter' successfully

2018-11-08 16:51:50 - [TEST_CASE][PASSED] - Test Cases/Final Aug 2018 - PKS Automation/Common/Reference Number Getter: Test Cases/Final Aug 2018 - PKS Automation/Common/Reference Number Getter

2018-11-08 16:51:50 - [TEST_STEP][PASSED] - Statement - Try: null

2018-11-08 16:51:50 - [TEST_STEP][PASSED] - Statement - RefNo = new java.io.File(C://KatalonReference.txt): null

2018-11-08 16:51:50 - [TEST_STEP][PASSED] - Statement - bufferread = new java.io.BufferedReader(new java.io.FileReader(RefNo)): null

2018-11-08 16:51:50 - [TEST_STEP][PASSED] - Statement - readedVal = bufferread.readLine(): null

2018-11-08 16:51:50 - [TEST_STEP][PASSED] - Statement - out.println(CaseReferenceNo): null

2018-11-08 16:51:50 - [TEST_STEP][PASSED] - Statement - out.println(readedVal): null

2018-11-08 16:51:50 - [TEST_STEP][PASSED] - Statement - CaseReferenceNo = readedVal: null

2018-11-08 16:51:50 - [MESSAGE][PASSED] - Call Test Case 'Test Cases/Final Aug 2018 - PKS Automation/Common/Reference Number Getter' successfully

2018-11-08 16:51:50 - [TEST_STEP][PASSED] - setText: Text 'CRN11201800122428' is set on object 'Object Repository/Final Object Repo/New Registration - Registration Module Pages/New Reg - OTC to RO/Special Case - All Related Objects/TextBox RefNo in Workbasket'

2018-11-08 16:51:51 - [MESSAGE][PASSED] - Text 'CRN11201800122428' is set on object 'Object Repository/Final Object Repo/New Registration - Registration Module Pages/New Reg - OTC to RO/Special Case - All Related Objects/TextBox RefNo in Workbasket'

2018-11-08 16:51:51 - [TEST_STEP][PASSED] - delay: Delayed 2 second(s)

2018-11-08 16:51:53 - [MESSAGE][PASSED] - Delayed 2 second(s)

2018-11-08 16:51:53 - [TEST_STEP][PASSED] - click: Object: 'Object Repository/Final Object Repo/New Registration - Registration Module Pages/New Reg - OTC to RO/Special Case - All Related Objects/Click Search' is clicked on

2018-11-08 16:51:53 - [MESSAGE][PASSED] - Object: 'Object Repository/Final Object Repo/New Registration - Registration Module Pages/New Reg - OTC to RO/Special Case - All Related Objects/Click Search' is clicked on

2018-11-08 16:51:53 - [TEST_STEP][PASSED] - delay: Delayed 2 second(s)

2018-11-08 16:51:55 - [MESSAGE][PASSED] - Delayed 2 second(s)

2018-11-08 16:51:55 - [TEST_STEP][PASSED] - click: Object: 'Object Repository/Final Object Repo/New Registration - Registration Module Pages/New Reg - OTC to RO/Special Case - All Related Objects/Click to Continue Workflow' is clicked on

2018-11-08 16:52:00 - [MESSAGE][PASSED] - Object: 'Object Repository/Final Object Repo/New Registration - Registration Module Pages/New Reg - OTC to RO/Special Case - All Related Objects/Click to Continue Workflow' is clicked on

2018-11-08 16:52:00 - [TEST_STEP][PASSED] - delay: Delayed 2 second(s)

2018-11-08 16:52:02 - [MESSAGE][PASSED] - Delayed 2 second(s)

2018-11-08 16:52:02 - [TEST_STEP][PASSED] - click: Object: 'Object Repository/Final Object Repo/New Registration - Registration Module Pages/New Reg - OTC to RO/Special Case - All Related Objects/Continue Button in verifying case' is clicked on

2018-11-08 16:52:05 - [MESSAGE][PASSED] - Object: 'Object Repository/Final Object Repo/New Registration - Registration Module Pages/New Reg - OTC to RO/Special Case - All Related Objects/Continue Button in verifying case' is clicked on

2018-11-08 16:52:05 - [TEST_STEP][PASSED] - delay: Delayed 2 second(s)

2018-11-08 16:52:07 - [MESSAGE][PASSED] - Delayed 2 second(s)

2018-11-08 16:52:07 - [TEST_STEP][PASSED] - click: Object: 'Object Repository/Final Object Repo/New Registration - Registration Module Pages/Form 1/Registered As a Branch - Yes' is clicked on

2018-11-08 16:52:07 - [MESSAGE][PASSED] - Object: 'Object Repository/Final Object Repo/New Registration - Registration Module Pages/Form 1/Registered As a Branch - Yes' is clicked on

2018-11-08 16:52:07 - [TEST_STEP][PASSED] - delay: Delayed 2 second(s)

2018-11-08 16:52:09 - [MESSAGE][PASSED] - Delayed 2 second(s)

2018-11-08 16:52:09 - [TEST_STEP][PASSED] - click: Object: 'Object Repository/Final Object Repo/New Registration - Registration Module Pages/New Reg - OTC to RO/Special Case - All Related Objects/Form 1 Save n Continue' is clicked on

2018-11-08 16:52:12 - [MESSAGE][PASSED] - Object: 'Object Repository/Final Object Repo/New Registration - Registration Module Pages/New Reg - OTC to RO/Special Case - All Related Objects/Form 1 Save n Continue' is clicked on

2018-11-08 16:52:12 - [TEST_STEP][PASSED] - delay: Delayed 2 second(s)

2018-11-08 16:52:14 - [MESSAGE][PASSED] - Delayed 2 second(s)

2018-11-08 16:52:14 - [TEST_STEP][PASSED] - click: Object: 'Object Repository/Final Object Repo/New Registration - Registration Module Pages/New Reg - OTC to RO/Special Case - All Related Objects/Form 2 Save n Continue' is clicked on

2018-11-08 16:52:16 - [MESSAGE][PASSED] - Object: 'Object Repository/Final Object Repo/New Registration - Registration Module Pages/New Reg - OTC to RO/Special Case - All Related Objects/Form 2 Save n Continue' is clicked on

2018-11-08 16:52:16 - [TEST_STEP][PASSED] - delay: Delayed 2 second(s)

2018-11-08 16:52:18 - [MESSAGE][PASSED] - Delayed 2 second(s)

2018-11-08 16:52:18 - [TEST_STEP][PASSED] - click: Object: 'Object Repository/Final Object Repo/New Registration - Registration Module Pages/New Reg - OTC to RO/Special Case - All Related Objects/Third Screen Save n Continue' is clicked on

2018-11-08 16:52:23 - [MESSAGE][PASSED] - Object: 'Object Repository/Final Object Repo/New Registration - Registration Module Pages/New Reg - OTC to RO/Special Case - All Related Objects/Third Screen Save n Continue' is clicked on

2018-11-08 16:52:23 - [TEST_STEP][PASSED] - delay: Delayed 5 second(s)

2018-11-08 16:52:28 - [MESSAGE][PASSED] - Delayed 5 second(s)

2018-11-08 16:52:28 - [TEST_STEP][PASSED] - click: Object: 'Object Repository/Final Object Repo/New Registration - Registration Module Pages/New Reg - OTC to RO/Special Case - All Related Objects/Upload Doc Page Save n Continue' is clicked on

2018-11-08 16:52:29 - [MESSAGE][PASSED] - Object: 'Object Repository/Final Object Repo/New Registration - Registration Module Pages/New Reg - OTC to RO/Special Case - All Related Objects/Upload Doc Page Save n Continue' is clicked on

2018-11-08 16:52:29 - [TEST_STEP][PASSED] - callTestCase: Call Test Case 'Test Cases/Final Aug 2018 - PKS Automation/Registration Module/New Registration/Submit and Screenshot/Submit Registration and Screenshot' successfully

2018-11-08 16:52:29 - [TEST_CASE][PASSED] - Test Cases/Final Aug 2018 - PKS Automation/Registration Module/New Registration/Submit and Screenshot/Submit Registration and Screenshot: Test Cases/Final Aug 2018 - PKS Automation/Registration Module/New Registration/Submit and Screenshot/Submit Registration and Screenshot

2018-11-08 16:52:29 - [TEST_STEP][PASSED] - delay: Delayed 6 second(s)

2018-11-08 16:52:35 - [MESSAGE][PASSED] - Delayed 6 second(s)

2018-11-08 16:52:35 - [TEST_STEP][PASSED] - click: Object: 'Object Repository/Final Object Repo/New Registration - Registration Module Pages/Third Screen - Upload Supporting Doc- Preview/Preview Submit Button' is clicked on

2018-11-08 16:52:35 - [MESSAGE][PASSED] - Object: 'Object Repository/Final Object Repo/New Registration - Registration Module Pages/Third Screen - Upload Supporting Doc- Preview/Preview Submit Button' is clicked on

2018-11-08 16:52:35 - [TEST_STEP][PASSED] - delay: Delayed 2 second(s)

2018-11-08 16:52:37 - [MESSAGE][PASSED] - Delayed 2 second(s)

2018-11-08 16:52:37 - [TEST_STEP][PASSED] - click: Object: 'Object Repository/Final Object Repo/New Registration - Registration Module Pages/Third Screen - Upload Supporting Doc- Preview/Preview Submit - Confirm' is clicked on

2018-11-08 16:52:42 - [MESSAGE][PASSED] - Object: 'Object Repository/Final Object Repo/New Registration - Registration Module Pages/Third Screen - Upload Supporting Doc- Preview/Preview Submit - Confirm' is clicked on

2018-11-08 16:52:42 - [TEST_STEP][PASSED] - delay: Delayed 15 second(s)

2018-11-08 16:52:57 - [MESSAGE][PASSED] - Delayed 15 second(s)

2018-11-08 16:52:57 - [TEST_STEP][PASSED] - Statement - driver = com.kms.katalon.core.webui.driver.DriverFactory.getWebDriver(): null

2018-11-08 16:52:57 - [TEST_STEP][PASSED] - Statement - driver.manage().timeouts().implicitlyWait(10, SECONDS): null

2018-11-08 16:52:57 - [TEST_STEP][PASSED] - Statement - PresavePath = KatalonScreenshots: null

2018-11-08 16:52:57 - [TEST_STEP][PASSED] - Statement - pathPrefix = "C:\Users\Public\Pictures\Sample Pictures\Katalon Screenshots\Automate Ending Screen": null

2018-11-08 16:52:58 - [TEST_STEP][PASSED] - Statement - finalPath = <not implemented yet for class: org.codehaus.groovy.ast.expr.EmptyExpression>: null

2018-11-08 16:52:58 - [TEST_STEP][PASSED] - Statement - scrFile = driver.getScreenshotAs(FILE): null

2018-11-08 16:52:58 - [TEST_STEP][PASSED] - Statement - PreSaveFile = new java.io.File(PresavePath): null

2018-11-08 16:52:58 - [TEST_STEP][PASSED] - Statement - counter = 0: null

2018-11-08 16:52:58 - [TEST_STEP][PASSED] - Statement - If (PreSaveFile.exists()): null

2018-11-08 16:52:58 - [TEST_STEP][PASSED] - Statement - While (PreSaveFile.exists()): null

2018-11-08 16:52:58 - [TEST_STEP][PASSED] - Statement - counter = counter + 1: null

2018-11-08 16:52:58 - [TEST_STEP][PASSED] - Statement - PreSaveFile = new java.io.File(((pathPrefix + java.lang.Integer.toString(counter)) + .png)): null

2018-11-08 16:52:58 - [TEST_STEP][PASSED] - Statement - counter = counter + 1: null

2018-11-08 16:52:58 - [TEST_STEP][PASSED] - Statement - PreSaveFile = new java.io.File(((pathPrefix + java.lang.Integer.toString(counter)) + .png)): null

2018-11-08 16:52:58 - [TEST_STEP][PASSED] - Statement - counter = counter + 1: null

2018-11-08 16:52:58 - [TEST_STEP][PASSED] - Statement - PreSaveFile = new java.io.File(((pathPrefix + java.lang.Integer.toString(counter)) + .png)): null

2018-11-08 16:52:58 - [TEST_STEP][PASSED] - Statement - counter = counter + 1: null

2018-11-08 16:52:58 - [TEST_STEP][PASSED] - Statement - PreSaveFile = new java.io.File(((pathPrefix + java.lang.Integer.toString(counter)) + .png)): null

2018-11-08 16:52:58 - [TEST_STEP][PASSED] - Statement - counter = counter + 1: null

2018-11-08 16:52:58 - [TEST_STEP][PASSED] - Statement - PreSaveFile = new java.io.File(((pathPrefix + java.lang.Integer.toString(counter)) + .png)): null

2018-11-08 16:52:58 - [TEST_STEP][PASSED] - Statement - counter = counter + 1: null

2018-11-08 16:52:58 - [TEST_STEP][PASSED] - Statement - PreSaveFile = new java.io.File(((pathPrefix + java.lang.Integer.toString(counter)) + .png)): null

2018-11-08 16:52:58 - [TEST_STEP][PASSED] - Statement - counter = counter + 1: null

2018-11-08 16:52:58 - [TEST_STEP][PASSED] - Statement - PreSaveFile = new java.io.File(((pathPrefix + java.lang.Integer.toString(counter)) + .png)): null

2018-11-08 16:52:58 - [TEST_STEP][PASSED] - Statement - counter = counter + 1: null

2018-11-08 16:52:58 - [TEST_STEP][PASSED] - Statement - PreSaveFile = new java.io.File(((pathPrefix + java.lang.Integer.toString(counter)) + .png)): null

2018-11-08 16:52:58 - [TEST_STEP][PASSED] - Statement - counter = counter + 1: null

2018-11-08 16:52:58 - [TEST_STEP][PASSED] - Statement - PreSaveFile = new java.io.File(((pathPrefix + java.lang.Integer.toString(counter)) + .png)): null

2018-11-08 16:52:58 - [TEST_STEP][PASSED] - Statement - counter = counter + 1: null

2018-11-08 16:52:58 - [TEST_STEP][PASSED] - Statement - PreSaveFile = new java.io.File(((pathPrefix + java.lang.Integer.toString(counter)) + .png)): null

2018-11-08 16:52:58 - [TEST_STEP][PASSED] - Statement - counter = counter + 1: null

2018-11-08 16:52:58 - [TEST_STEP][PASSED] - Statement - PreSaveFile = new java.io.File(((pathPrefix + java.lang.Integer.toString(counter)) + .png)): null

2018-11-08 16:52:58 - [TEST_STEP][PASSED] - Statement - counter = counter + 1: null

2018-11-08 16:52:58 - [TEST_STEP][PASSED] - Statement - PreSaveFile = new java.io.File(((pathPrefix + java.lang.Integer.toString(counter)) + .png)): null

2018-11-08 16:52:58 - [TEST_STEP][PASSED] - Statement - counter = counter + 1: null

2018-11-08 16:52:58 - [TEST_STEP][PASSED] - Statement - PreSaveFile = new java.io.File(((pathPrefix + java.lang.Integer.toString(counter)) + .png)): null

2018-11-08 16:52:58 - [TEST_STEP][PASSED] - Statement - counter = counter + 1: null

2018-11-08 16:52:58 - [TEST_STEP][PASSED] - Statement - PreSaveFile = new java.io.File(((pathPrefix + java.lang.Integer.toString(counter)) + .png)): null

2018-11-08 16:52:58 - [TEST_STEP][PASSED] - Statement - counter = counter + 1: null

2018-11-08 16:52:58 - [TEST_STEP][PASSED] - Statement - PreSaveFile = new java.io.File(((pathPrefix + java.lang.Integer.toString(counter)) + .png)): null

2018-11-08 16:52:58 - [TEST_STEP][PASSED] - Statement - counter = counter + 1: null

2018-11-08 16:52:58 - [TEST_STEP][PASSED] - Statement - PreSaveFile = new java.io.File(((pathPrefix + java.lang.Integer.toString(counter)) + .png)): null

2018-11-08 16:52:58 - [TEST_STEP][PASSED] - Statement - counter = counter + 1: null

2018-11-08 16:52:58 - [TEST_STEP][PASSED] - Statement - PreSaveFile = new java.io.File(((pathPrefix + java.lang.Integer.toString(counter)) + .png)): null

2018-11-08 16:52:58 - [TEST_STEP][PASSED] - Statement - counter = counter + 1: null

2018-11-08 16:52:58 - [TEST_STEP][PASSED] - Statement - PreSaveFile = new java.io.File(((pathPrefix + java.lang.Integer.toString(counter)) + .png)): null

2018-11-08 16:52:58 - [TEST_STEP][PASSED] - Statement - counter = counter + 1: null

2018-11-08 16:52:58 - [TEST_STEP][PASSED] - Statement - PreSaveFile = new java.io.File(((pathPrefix + java.lang.Integer.toString(counter)) + .png)): null

2018-11-08 16:52:58 - [TEST_STEP][PASSED] - Statement - counter = counter + 1: null

2018-11-08 16:52:58 - [TEST_STEP][PASSED] - Statement - PreSaveFile = new java.io.File(((pathPrefix + java.lang.Integer.toString(counter)) + .png)): null

2018-11-08 16:52:59 - [TEST_STEP][PASSED] - Statement - counter = counter + 1: null

2018-11-08 16:52:59 - [TEST_STEP][PASSED] - Statement - PreSaveFile = new java.io.File(((pathPrefix + java.lang.Integer.toString(counter)) + .png)): null

2018-11-08 16:52:59 - [TEST_STEP][PASSED] - Statement - counter = counter + 1: null

2018-11-08 16:52:59 - [TEST_STEP][PASSED] - Statement - PreSaveFile = new java.io.File(((pathPrefix + java.lang.Integer.toString(counter)) + .png)): null

2018-11-08 16:52:59 - [TEST_STEP][PASSED] - Statement - counter = counter + 1: null

2018-11-08 16:52:59 - [TEST_STEP][PASSED] - Statement - PreSaveFile = new java.io.File(((pathPrefix + java.lang.Integer.toString(counter)) + .png)): null

2018-11-08 16:52:59 - [TEST_STEP][PASSED] - Statement - counter = counter + 1: null

2018-11-08 16:52:59 - [TEST_STEP][PASSED] - Statement - PreSaveFile = new java.io.File(((pathPrefix + java.lang.Integer.toString(counter)) + .png)): null

2018-11-08 16:52:59 - [TEST_STEP][PASSED] - Statement - counter = counter + 1: null

2018-11-08 16:52:59 - [TEST_STEP][PASSED] - Statement - PreSaveFile = new java.io.File(((pathPrefix + java.lang.Integer.toString(counter)) + .png)): null

2018-11-08 16:52:59 - [TEST_STEP][PASSED] - Statement - counter = counter + 1: null

2018-11-08 16:52:59 - [TEST_STEP][PASSED] - Statement - PreSaveFile = new java.io.File(((pathPrefix + java.lang.Integer.toString(counter)) + .png)): null

2018-11-08 16:52:59 - [TEST_STEP][PASSED] - Statement - counter = counter + 1: null

2018-11-08 16:52:59 - [TEST_STEP][PASSED] - Statement - PreSaveFile = new java.io.File(((pathPrefix + java.lang.Integer.toString(counter)) + .png)): null

2018-11-08 16:52:59 - [TEST_STEP][PASSED] - Statement - counter = counter + 1: null

2018-11-08 16:53:00 - [TEST_STEP][PASSED] - Statement - PreSaveFile = new java.io.File(((pathPrefix + java.lang.Integer.toString(counter)) + .png)): null

2018-11-08 16:53:00 - [TEST_STEP][PASSED] - Statement - counter = counter + 1: null

2018-11-08 16:53:00 - [TEST_STEP][PASSED] - Statement - PreSaveFile = new java.io.File(((pathPrefix + java.lang.Integer.toString(counter)) + .png)): null

2018-11-08 16:53:00 - [TEST_STEP][PASSED] - Statement - counter = counter + 1: null

2018-11-08 16:53:00 - [TEST_STEP][PASSED] - Statement - PreSaveFile = new java.io.File(((pathPrefix + java.lang.Integer.toString(counter)) + .png)): null

2018-11-08 16:53:00 - [TEST_STEP][PASSED] - Statement - counter = counter + 1: null

2018-11-08 16:53:00 - [TEST_STEP][PASSED] - Statement - PreSaveFile = new java.io.File(((pathPrefix + java.lang.Integer.toString(counter)) + .png)): null

2018-11-08 16:53:00 - [TEST_STEP][PASSED] - Statement - counter = counter + 1: null

2018-11-08 16:53:00 - [TEST_STEP][PASSED] - Statement - PreSaveFile = new java.io.File(((pathPrefix + java.lang.Integer.toString(counter)) + .png)): null

2018-11-08 16:53:00 - [TEST_STEP][PASSED] - Statement - counter = counter + 1: null

2018-11-08 16:53:00 - [TEST_STEP][PASSED] - Statement - PreSaveFile = new java.io.File(((pathPrefix + java.lang.Integer.toString(counter)) + .png)): null

2018-11-08 16:53:00 - [TEST_STEP][PASSED] - Statement - counter = counter + 1: null

2018-11-08 16:53:01 - [TEST_STEP][PASSED] - Statement - PreSaveFile = new java.io.File(((pathPrefix + java.lang.Integer.toString(counter)) + .png)): null

2018-11-08 16:53:01 - [TEST_STEP][PASSED] - Statement - counter = counter + 1: null

2018-11-08 16:53:01 - [TEST_STEP][PASSED] - Statement - PreSaveFile = new java.io.File(((pathPrefix + java.lang.Integer.toString(counter)) + .png)): null

2018-11-08 16:53:01 - [TEST_STEP][PASSED] - Statement - counter = counter + 1: null

2018-11-08 16:53:01 - [TEST_STEP][PASSED] - Statement - PreSaveFile = new java.io.File(((pathPrefix + java.lang.Integer.toString(counter)) + .png)): null

2018-11-08 16:53:01 - [TEST_STEP][PASSED] - Statement - counter = counter + 1: null

2018-11-08 16:53:01 - [TEST_STEP][PASSED] - Statement - PreSaveFile = new java.io.File(((pathPrefix + java.lang.Integer.toString(counter)) + .png)): null

2018-11-08 16:53:01 - [TEST_STEP][PASSED] - Statement - counter = counter + 1: null

2018-11-08 16:53:01 - [TEST_STEP][PASSED] - Statement - PreSaveFile = new java.io.File(((pathPrefix + java.lang.Integer.toString(counter)) + .png)): null

2018-11-08 16:53:01 - [TEST_STEP][PASSED] - Statement - counter = counter + 1: null

2018-11-08 16:53:01 - [TEST_STEP][PASSED] - Statement - PreSaveFile = new java.io.File(((pathPrefix + java.lang.Integer.toString(counter)) + .png)): null

2018-11-08 16:53:01 - [TEST_STEP][PASSED] - Statement - counter = counter + 1: null

2018-11-08 16:53:01 - [TEST_STEP][PASSED] - Statement - PreSaveFile = new java.io.File(((pathPrefix + java.lang.Integer.toString(counter)) + .png)): null

2018-11-08 16:53:01 - [TEST_STEP][PASSED] - Statement - counter = counter + 1: null

2018-11-08 16:53:02 - [TEST_STEP][PASSED] - Statement - PreSaveFile = new java.io.File(((pathPrefix + java.lang.Integer.toString(counter)) + .png)): null

2018-11-08 16:53:02 - [TEST_STEP][PASSED] - Statement - counter = counter + 1: null

2018-11-08 16:53:02 - [TEST_STEP][PASSED] - Statement - PreSaveFile = new java.io.File(((pathPrefix + java.lang.Integer.toString(counter)) + .png)): null

2018-11-08 16:53:02 - [TEST_STEP][PASSED] - Statement - counter = counter + 1: null

2018-11-08 16:53:02 - [TEST_STEP][PASSED] - Statement - PreSaveFile = new java.io.File(((pathPrefix + java.lang.Integer.toString(counter)) + .png)): null

2018-11-08 16:53:02 - [TEST_STEP][PASSED] - Statement - counter = counter + 1: null

2018-11-08 16:53:02 - [TEST_STEP][PASSED] - Statement - PreSaveFile = new java.io.File(((pathPrefix + java.lang.Integer.toString(counter)) + .png)): null

2018-11-08 16:53:02 - [TEST_STEP][PASSED] - Statement - counter = counter + 1: null

2018-11-08 16:53:02 - [TEST_STEP][PASSED] - Statement - PreSaveFile = new java.io.File(((pathPrefix + java.lang.Integer.toString(counter)) + .png)): null

2018-11-08 16:53:02 - [TEST_STEP][PASSED] - Statement - counter = counter + 1: null

2018-11-08 16:53:02 - [TEST_STEP][PASSED] - Statement - PreSaveFile = new java.io.File(((pathPrefix + java.lang.Integer.toString(counter)) + .png)): null

2018-11-08 16:53:02 - [TEST_STEP][PASSED] - Statement - counter = counter + 1: null

2018-11-08 16:53:03 - [TEST_STEP][PASSED] - Statement - PreSaveFile = new java.io.File(((pathPrefix + java.lang.Integer.toString(counter)) + .png)): null

2018-11-08 16:53:03 - [TEST_STEP][PASSED] - Statement - counter = counter + 1: null

2018-11-08 16:53:03 - [TEST_STEP][PASSED] - Statement - PreSaveFile = new java.io.File(((pathPrefix + java.lang.Integer.toString(counter)) + .png)): null

2018-11-08 16:53:03 - [TEST_STEP][PASSED] - Statement - counter = counter + 1: null

2018-11-08 16:53:03 - [TEST_STEP][PASSED] - Statement - PreSaveFile = new java.io.File(((pathPrefix + java.lang.Integer.toString(counter)) + .png)): null

2018-11-08 16:53:03 - [TEST_STEP][PASSED] - Statement - counter = counter + 1: null

2018-11-08 16:53:03 - [TEST_STEP][PASSED] - Statement - PreSaveFile = new java.io.File(((pathPrefix + java.lang.Integer.toString(counter)) + .png)): null

2018-11-08 16:53:03 - [TEST_STEP][PASSED] - Statement - counter = counter + 1: null

2018-11-08 16:53:03 - [TEST_STEP][PASSED] - Statement - PreSaveFile = new java.io.File(((pathPrefix + java.lang.Integer.toString(counter)) + .png)): null

2018-11-08 16:53:03 - [TEST_STEP][PASSED] - Statement - counter = counter + 1: null

2018-11-08 16:53:03 - [TEST_STEP][PASSED] - Statement - PreSaveFile = new java.io.File(((pathPrefix + java.lang.Integer.toString(counter)) + .png)): null

2018-11-08 16:53:03 - [TEST_STEP][PASSED] - Statement - counter = counter + 1: null

2018-11-08 16:53:04 - [TEST_STEP][PASSED] - Statement - PreSaveFile = new java.io.File(((pathPrefix + java.lang.Integer.toString(counter)) + .png)): null

2018-11-08 16:53:04 - [TEST_STEP][PASSED] - Statement - counter = counter + 1: null

2018-11-08 16:53:04 - [TEST_STEP][PASSED] - Statement - PreSaveFile = new java.io.File(((pathPrefix + java.lang.Integer.toString(counter)) + .png)): null

2018-11-08 16:53:04 - [TEST_STEP][PASSED] - Statement - counter = counter + 1: null

2018-11-08 16:53:04 - [TEST_STEP][PASSED] - Statement - PreSaveFile = new java.io.File(((pathPrefix + java.lang.Integer.toString(counter)) + .png)): null

2018-11-08 16:53:04 - [TEST_STEP][PASSED] - Statement - counter = counter + 1: null

2018-11-08 16:53:04 - [TEST_STEP][PASSED] - Statement - PreSaveFile = new java.io.File(((pathPrefix + java.lang.Integer.toString(counter)) + .png)): null

2018-11-08 16:53:04 - [TEST_STEP][PASSED] - Statement - counter = counter + 1: null

2018-11-08 16:53:04 - [TEST_STEP][PASSED] - Statement - PreSaveFile = new java.io.File(((pathPrefix + java.lang.Integer.toString(counter)) + .png)): null

2018-11-08 16:53:06 - [TEST_STEP][PASSED] - Statement - counter = counter + 1: null

2018-11-08 16:53:06 - [TEST_STEP][PASSED] - Statement - PreSaveFile = new java.io.File(((pathPrefix + java.lang.Integer.toString(counter)) + .png)): null

2018-11-08 16:53:06 - [TEST_STEP][PASSED] - Statement - counter = counter + 1: null

2018-11-08 16:53:06 - [TEST_STEP][PASSED] - Statement - PreSaveFile = new java.io.File(((pathPrefix + java.lang.Integer.toString(counter)) + .png)): null

2018-11-08 16:53:06 - [TEST_STEP][PASSED] - Statement - counter = counter + 1: null

2018-11-08 16:53:06 - [TEST_STEP][PASSED] - Statement - PreSaveFile = new java.io.File(((pathPrefix + java.lang.Integer.toString(counter)) + .png)): null

2018-11-08 16:53:06 - [TEST_STEP][PASSED] - Statement - counter = counter + 1: null

2018-11-08 16:53:06 - [TEST_STEP][PASSED] - Statement - PreSaveFile = new java.io.File(((pathPrefix + java.lang.Integer.toString(counter)) + .png)): null

2018-11-08 16:53:06 - [TEST_STEP][PASSED] - Statement - counter = counter + 1: null

2018-11-08 16:53:06 - [TEST_STEP][PASSED] - Statement - PreSaveFile = new java.io.File(((pathPrefix + java.lang.Integer.toString(counter)) + .png)): null

2018-11-08 16:53:06 - [TEST_STEP][PASSED] - Statement - counter = counter + 1: null

2018-11-08 16:53:06 - [TEST_STEP][PASSED] - Statement - PreSaveFile = new java.io.File(((pathPrefix + java.lang.Integer.toString(counter)) + .png)): null

2018-11-08 16:53:06 - [TEST_STEP][PASSED] - Statement - counter = counter + 1: null

2018-11-08 16:53:07 - [TEST_STEP][PASSED] - Statement - PreSaveFile = new java.io.File(((pathPrefix + java.lang.Integer.toString(counter)) + .png)): null

2018-11-08 16:53:07 - [TEST_STEP][PASSED] - Statement - counter = counter + 1: null

2018-11-08 16:53:07 - [TEST_STEP][PASSED] - Statement - PreSaveFile = new java.io.File(((pathPrefix + java.lang.Integer.toString(counter)) + .png)): null

2018-11-08 16:53:07 - [TEST_STEP][PASSED] - Statement - counter = counter + 1: null

2018-11-08 16:53:07 - [TEST_STEP][PASSED] - Statement - PreSaveFile = new java.io.File(((pathPrefix + java.lang.Integer.toString(counter)) + .png)): null

2018-11-08 16:53:07 - [TEST_STEP][PASSED] - Statement - counter = counter + 1: null

2018-11-08 16:53:07 - [TEST_STEP][PASSED] - Statement - PreSaveFile = new java.io.File(((pathPrefix + java.lang.Integer.toString(counter)) + .png)): null

2018-11-08 16:53:07 - [TEST_STEP][PASSED] - Statement - counter = counter + 1: null

2018-11-08 16:53:07 - [TEST_STEP][PASSED] - Statement - PreSaveFile = new java.io.File(((pathPrefix + java.lang.Integer.toString(counter)) + .png)): null

2018-11-08 16:53:07 - [TEST_STEP][PASSED] - Statement - counter = counter + 1: null

2018-11-08 16:53:07 - [TEST_STEP][PASSED] - Statement - PreSaveFile = new java.io.File(((pathPrefix + java.lang.Integer.toString(counter)) + .png)): null

2018-11-08 16:53:08 - [TEST_STEP][PASSED] - Statement - counter = counter + 1: null

2018-11-08 16:53:08 - [TEST_STEP][PASSED] - Statement - PreSaveFile = new java.io.File(((pathPrefix + java.lang.Integer.toString(counter)) + .png)): null

2018-11-08 16:53:08 - [TEST_STEP][PASSED] - Statement - counter = counter + 1: null

2018-11-08 16:53:08 - [TEST_STEP][PASSED] - Statement - PreSaveFile = new java.io.File(((pathPrefix + java.lang.Integer.toString(counter)) + .png)): null

2018-11-08 16:53:08 - [TEST_STEP][PASSED] - Statement - counter = counter + 1: null

2018-11-08 16:53:08 - [TEST_STEP][PASSED] - Statement - PreSaveFile = new java.io.File(((pathPrefix + java.lang.Integer.toString(counter)) + .png)): null

2018-11-08 16:53:08 - [TEST_STEP][PASSED] - Statement - counter = counter + 1: null

2018-11-08 16:53:08 - [TEST_STEP][PASSED] - Statement - PreSaveFile = new java.io.File(((pathPrefix + java.lang.Integer.toString(counter)) + .png)): null

2018-11-08 16:53:08 - [TEST_STEP][PASSED] - Statement - counter = counter + 1: null

2018-11-08 16:53:10 - [TEST_STEP][PASSED] - Statement - PreSaveFile = new java.io.File(((pathPrefix + java.lang.Integer.toString(counter)) + .png)): null

2018-11-08 16:53:10 - [TEST_STEP][PASSED] - Statement - counter = counter + 1: null

2018-11-08 16:53:10 - [TEST_STEP][PASSED] - Statement - PreSaveFile = new java.io.File(((pathPrefix + java.lang.Integer.toString(counter)) + .png)): null

2018-11-08 16:53:10 - [TEST_STEP][PASSED] - Statement - counter = counter + 1: null

2018-11-08 16:53:10 - [TEST_STEP][PASSED] - Statement - PreSaveFile = new java.io.File(((pathPrefix + java.lang.Integer.toString(counter)) + .png)): null

2018-11-08 16:53:10 - [TEST_STEP][PASSED] - Statement - counter = counter + 1: null

2018-11-08 16:53:10 - [TEST_STEP][PASSED] - Statement - PreSaveFile = new java.io.File(((pathPrefix + java.lang.Integer.toString(counter)) + .png)): null

2018-11-08 16:53:10 - [TEST_STEP][PASSED] - Statement - counter = counter + 1: null

2018-11-08 16:53:10 - [TEST_STEP][PASSED] - Statement - PreSaveFile = new java.io.File(((pathPrefix + java.lang.Integer.toString(counter)) + .png)): null

2018-11-08 16:53:10 - [TEST_STEP][PASSED] - Statement - counter = counter + 1: null

2018-11-08 16:53:10 - [TEST_STEP][PASSED] - Statement - PreSaveFile = new java.io.File(((pathPrefix + java.lang.Integer.toString(counter)) + .png)): null

2018-11-08 16:53:10 - [TEST_STEP][PASSED] - Statement - counter = counter + 1: null

2018-11-08 16:53:11 - [TEST_STEP][PASSED] - Statement - PreSaveFile = new java.io.File(((pathPrefix + java.lang.Integer.toString(counter)) + .png)): null

2018-11-08 16:53:11 - [TEST_STEP][PASSED] - Statement - counter = counter + 1: null

2018-11-08 16:53:11 - [TEST_STEP][PASSED] - Statement - PreSaveFile = new java.io.File(((pathPrefix + java.lang.Integer.toString(counter)) + .png)): null

2018-11-08 16:53:11 - [TEST_STEP][PASSED] - Statement - counter = counter + 1: null

2018-11-08 16:53:11 - [TEST_STEP][PASSED] - Statement - PreSaveFile = new java.io.File(((pathPrefix + java.lang.Integer.toString(counter)) + .png)): null

2018-11-08 16:53:11 - [TEST_STEP][PASSED] - Statement - counter = counter + 1: null

2018-11-08 16:53:11 - [TEST_STEP][PASSED] - Statement - PreSaveFile = new java.io.File(((pathPrefix + java.lang.Integer.toString(counter)) + .png)): null

2018-11-08 16:53:11 - [TEST_STEP][PASSED] - Statement - counter = counter + 1: null

2018-11-08 16:53:11 - [TEST_STEP][PASSED] - Statement - PreSaveFile = new java.io.File(((pathPrefix + java.lang.Integer.toString(counter)) + .png)): null

2018-11-08 16:53:11 - [TEST_STEP][PASSED] - Statement - counter = counter + 1: null

2018-11-08 16:53:11 - [TEST_STEP][PASSED] - Statement - PreSaveFile = new java.io.File(((pathPrefix + java.lang.Integer.toString(counter)) + .png)): null

2018-11-08 16:53:11 - [TEST_STEP][PASSED] - Statement - counter = counter + 1: null

2018-11-08 16:53:12 - [TEST_STEP][PASSED] - Statement - PreSaveFile = new java.io.File(((pathPrefix + java.lang.Integer.toString(counter)) + .png)): null

2018-11-08 16:53:12 - [TEST_STEP][PASSED] - Statement - counter = counter + 1: null

2018-11-08 16:53:12 - [TEST_STEP][PASSED] - Statement - PreSaveFile = new java.io.File(((pathPrefix + java.lang.Integer.toString(counter)) + .png)): null

2018-11-08 16:53:12 - [TEST_STEP][PASSED] - Statement - counter = counter + 1: null

2018-11-08 16:53:12 - [TEST_STEP][PASSED] - Statement - PreSaveFile = new java.io.File(((pathPrefix + java.lang.Integer.toString(counter)) + .png)): null

2018-11-08 16:53:12 - [TEST_STEP][PASSED] - Statement - counter = counter + 1: null

2018-11-08 16:53:12 - [TEST_STEP][PASSED] - Statement - PreSaveFile = new java.io.File(((pathPrefix + java.lang.Integer.toString(counter)) + .png)): null

2018-11-08 16:53:12 - [TEST_STEP][PASSED] - Statement - counter = counter + 1: null

2018-11-08 16:53:12 - [TEST_STEP][PASSED] - Statement - PreSaveFile = new java.io.File(((pathPrefix + java.lang.Integer.toString(counter)) + .png)): null

2018-11-08 16:53:14 - [TEST_STEP][PASSED] - Statement - counter = counter + 1: null

2018-11-08 16:53:14 - [TEST_STEP][PASSED] - Statement - PreSaveFile = new java.io.File(((pathPrefix + java.lang.Integer.toString(counter)) + .png)): null

2018-11-08 16:53:14 - [TEST_STEP][PASSED] - Statement - counter = counter + 1: null

2018-11-08 16:53:14 - [TEST_STEP][PASSED] - Statement - PreSaveFile = new java.io.File(((pathPrefix + java.lang.Integer.toString(counter)) + .png)): null

2018-11-08 16:53:14 - [TEST_STEP][PASSED] - Statement - counter = counter + 1: null

2018-11-08 16:53:14 - [TEST_STEP][PASSED] - Statement - PreSaveFile = new java.io.File(((pathPrefix + java.lang.Integer.toString(counter)) + .png)): null

2018-11-08 16:53:14 - [TEST_STEP][PASSED] - Statement - counter = counter + 1: null

2018-11-08 16:53:14 - [TEST_STEP][PASSED] - Statement - PreSaveFile = new java.io.File(((pathPrefix + java.lang.Integer.toString(counter)) + .png)): null

2018-11-08 16:53:14 - [TEST_STEP][PASSED] - Statement - counter = counter + 1: null

2018-11-08 16:53:14 - [TEST_STEP][PASSED] - Statement - PreSaveFile = new java.io.File(((pathPrefix + java.lang.Integer.toString(counter)) + .png)): null

2018-11-08 16:53:14 - [TEST_STEP][PASSED] - Statement - counter = counter + 1: null

2018-11-08 16:53:15 - [TEST_STEP][PASSED] - Statement - PreSaveFile = new java.io.File(((pathPrefix + java.lang.Integer.toString(counter)) + .png)): null

2018-11-08 16:53:15 - [TEST_STEP][PASSED] - Statement - counter = counter + 1: null

2018-11-08 16:53:15 - [TEST_STEP][PASSED] - Statement - PreSaveFile = new java.io.File(((pathPrefix + java.lang.Integer.toString(counter)) + .png)): null

2018-11-08 16:53:15 - [TEST_STEP][PASSED] - Statement - counter = counter + 1: null

2018-11-08 16:53:15 - [TEST_STEP][PASSED] - Statement - PreSaveFile = new java.io.File(((pathPrefix + java.lang.Integer.toString(counter)) + .png)): null

2018-11-08 16:53:15 - [TEST_STEP][PASSED] - Statement - counter = counter + 1: null

2018-11-08 16:53:15 - [TEST_STEP][PASSED] - Statement - PreSaveFile = new java.io.File(((pathPrefix + java.lang.Integer.toString(counter)) + .png)): null

2018-11-08 16:53:15 - [TEST_STEP][PASSED] - Statement - counter = counter + 1: null

2018-11-08 16:53:15 - [TEST_STEP][PASSED] - Statement - PreSaveFile = new java.io.File(((pathPrefix + java.lang.Integer.toString(counter)) + .png)): null

2018-11-08 16:53:15 - [TEST_STEP][PASSED] - Statement - counter = counter + 1: null

2018-11-08 16:53:15 - [TEST_STEP][PASSED] - Statement - PreSaveFile = new java.io.File(((pathPrefix + java.lang.Integer.toString(counter)) + .png)): null

2018-11-08 16:53:16 - [TEST_STEP][PASSED] - Statement - counter = counter + 1: null

2018-11-08 16:53:16 - [TEST_STEP][PASSED] - Statement - PreSaveFile = new java.io.File(((pathPrefix + java.lang.Integer.toString(counter)) + .png)): null

2018-11-08 16:53:16 - [TEST_STEP][PASSED] - Statement - counter = counter + 1: null

2018-11-08 16:53:16 - [TEST_STEP][PASSED] - Statement - PreSaveFile = new java.io.File(((pathPrefix + java.lang.Integer.toString(counter)) + .png)): null

2018-11-08 16:53:16 - [TEST_STEP][PASSED] - Statement - counter = counter + 1: null

2018-11-08 16:53:16 - [TEST_STEP][PASSED] - Statement - PreSaveFile = new java.io.File(((pathPrefix + java.lang.Integer.toString(counter)) + .png)): null

2018-11-08 16:53:16 - [TEST_STEP][PASSED] - Statement - counter = counter + 1: null

2018-11-08 16:53:16 - [TEST_STEP][PASSED] - Statement - PreSaveFile = new java.io.File(((pathPrefix + java.lang.Integer.toString(counter)) + .png)): null

2018-11-08 16:53:16 - [TEST_STEP][PASSED] - Statement - counter = counter + 1: null

2018-11-08 16:53:16 - [TEST_STEP][PASSED] - Statement - PreSaveFile = new java.io.File(((pathPrefix + java.lang.Integer.toString(counter)) + .png)): null

2018-11-08 16:53:16 - [TEST_STEP][PASSED] - Statement - counter = counter + 1: null

2018-11-08 16:53:17 - [TEST_STEP][PASSED] - Statement - PreSaveFile = new java.io.File(((pathPrefix + java.lang.Integer.toString(counter)) + .png)): null

2018-11-08 16:53:17 - [TEST_STEP][PASSED] - Statement - counter = counter + 1: null

2018-11-08 16:53:17 - [TEST_STEP][PASSED] - Statement - PreSaveFile = new java.io.File(((pathPrefix + java.lang.Integer.toString(counter)) + .png)): null

2018-11-08 16:53:17 - [TEST_STEP][PASSED] - Statement - counter = counter + 1: null

2018-11-08 16:53:17 - [TEST_STEP][PASSED] - Statement - PreSaveFile = new java.io.File(((pathPrefix + java.lang.Integer.toString(counter)) + .png)): null

2018-11-08 16:53:17 - [TEST_STEP][PASSED] - Statement - counter = counter + 1: null

2018-11-08 16:53:17 - [TEST_STEP][PASSED] - Statement - PreSaveFile = new java.io.File(((pathPrefix + java.lang.Integer.toString(counter)) + .png)): null

2018-11-08 16:53:17 - [TEST_STEP][PASSED] - Statement - counter = counter + 1: null

2018-11-08 16:53:17 - [TEST_STEP][PASSED] - Statement - PreSaveFile = new java.io.File(((pathPrefix + java.lang.Integer.toString(counter)) + .png)): null

2018-11-08 16:53:17 - [TEST_STEP][PASSED] - Statement - counter = counter + 1: null

2018-11-08 16:53:19 - [TEST_STEP][PASSED] - Statement - PreSaveFile = new java.io.File(((pathPrefix + java.lang.Integer.toString(counter)) + .png)): null

2018-11-08 16:53:19 - [TEST_STEP][PASSED] - Statement - counter = counter + 1: null

2018-11-08 16:53:19 - [TEST_STEP][PASSED] - Statement - PreSaveFile = new java.io.File(((pathPrefix + java.lang.Integer.toString(counter)) + .png)): null

2018-11-08 16:53:19 - [TEST_STEP][PASSED] - Statement - counter = counter + 1: null

2018-11-08 16:53:19 - [TEST_STEP][PASSED] - Statement - PreSaveFile = new java.io.File(((pathPrefix + java.lang.Integer.toString(counter)) + .png)): null

2018-11-08 16:53:19 - [TEST_STEP][PASSED] - Statement - counter = counter + 1: null

2018-11-08 16:53:19 - [TEST_STEP][PASSED] - Statement - PreSaveFile = new java.io.File(((pathPrefix + java.lang.Integer.toString(counter)) + .png)): null

2018-11-08 16:53:19 - [TEST_STEP][PASSED] - Statement - counter = counter + 1: null

2018-11-08 16:53:19 - [TEST_STEP][PASSED] - Statement - PreSaveFile = new java.io.File(((pathPrefix + java.lang.Integer.toString(counter)) + .png)): null

2018-11-08 16:53:19 - [TEST_STEP][PASSED] - Statement - counter = counter + 1: null

2018-11-08 16:53:20 - [TEST_STEP][PASSED] - Statement - PreSaveFile = new java.io.File(((pathPrefix + java.lang.Integer.toString(counter)) + .png)): null

2018-11-08 16:53:20 - [TEST_STEP][PASSED] - Statement - counter = counter + 1: null

2018-11-08 16:53:20 - [TEST_STEP][PASSED] - Statement - PreSaveFile = new java.io.File(((pathPrefix + java.lang.Integer.toString(counter)) + .png)): null

2018-11-08 16:53:20 - [TEST_STEP][PASSED] - Statement - counter = counter + 1: null

2018-11-08 16:53:20 - [TEST_STEP][PASSED] - Statement - PreSaveFile = new java.io.File(((pathPrefix + java.lang.Integer.toString(counter)) + .png)): null

2018-11-08 16:53:20 - [TEST_STEP][PASSED] - Statement - counter = counter + 1: null

2018-11-08 16:53:20 - [TEST_STEP][PASSED] - Statement - PreSaveFile = new java.io.File(((pathPrefix + java.lang.Integer.toString(counter)) + .png)): null

2018-11-08 16:53:20 - [TEST_STEP][PASSED] - Statement - counter = counter + 1: null

2018-11-08 16:53:20 - [TEST_STEP][PASSED] - Statement - PreSaveFile = new java.io.File(((pathPrefix + java.lang.Integer.toString(counter)) + .png)): null

2018-11-08 16:53:20 - [TEST_STEP][PASSED] - Statement - counter = counter + 1: null

2018-11-08 16:53:20 - [TEST_STEP][PASSED] - Statement - PreSaveFile = new java.io.File(((pathPrefix + java.lang.Integer.toString(counter)) + .png)): null

2018-11-08 16:53:20 - [TEST_STEP][PASSED] - Statement - counter = counter + 1: null

2018-11-08 16:53:22 - [TEST_STEP][PASSED] - Statement - PreSaveFile = new java.io.File(((pathPrefix + java.lang.Integer.toString(counter)) + .png)): null

2018-11-08 16:53:22 - [TEST_STEP][PASSED] - Statement - counter = counter + 1: null

2018-11-08 16:53:22 - [TEST_STEP][PASSED] - Statement - PreSaveFile = new java.io.File(((pathPrefix + java.lang.Integer.toString(counter)) + .png)): null

2018-11-08 16:53:22 - [TEST_STEP][PASSED] - Statement - counter = counter + 1: null

2018-11-08 16:53:22 - [TEST_STEP][PASSED] - Statement - PreSaveFile = new java.io.File(((pathPrefix + java.lang.Integer.toString(counter)) + .png)): null

2018-11-08 16:53:22 - [TEST_STEP][PASSED] - Statement - counter = counter + 1: null

2018-11-08 16:53:22 - [TEST_STEP][PASSED] - Statement - PreSaveFile = new java.io.File(((pathPrefix + java.lang.Integer.toString(counter)) + .png)): null

2018-11-08 16:53:22 - [TEST_STEP][PASSED] - Statement - counter = counter + 1: null

2018-11-08 16:53:22 - [TEST_STEP][PASSED] - Statement - PreSaveFile = new java.io.File(((pathPrefix + java.lang.Integer.toString(counter)) + .png)): null

2018-11-08 16:53:22 - [TEST_STEP][PASSED] - Statement - counter = counter + 1: null

2018-11-08 16:53:22 - [TEST_STEP][PASSED] - Statement - PreSaveFile = new java.io.File(((pathPrefix + java.lang.Integer.toString(counter)) + .png)): null

2018-11-08 16:53:23 - [TEST_STEP][PASSED] - Statement - counter = counter + 1: null

2018-11-08 16:53:23 - [TEST_STEP][PASSED] - Statement - PreSaveFile = new java.io.File(((pathPrefix + java.lang.Integer.toString(counter)) + .png)): null

2018-11-08 16:53:23 - [TEST_STEP][PASSED] - Statement - counter = counter + 1: null

2018-11-08 16:53:23 - [TEST_STEP][PASSED] - Statement - PreSaveFile = new java.io.File(((pathPrefix + java.lang.Integer.toString(counter)) + .png)): null

2018-11-08 16:53:23 - [TEST_STEP][PASSED] - Statement - counter = counter + 1: null

2018-11-08 16:53:23 - [TEST_STEP][PASSED] - Statement - PreSaveFile = new java.io.File(((pathPrefix + java.lang.Integer.toString(counter)) + .png)): null

2018-11-08 16:53:23 - [TEST_STEP][PASSED] - Statement - counter = counter + 1: null

2018-11-08 16:53:23 - [TEST_STEP][PASSED] - Statement - PreSaveFile = new java.io.File(((pathPrefix + java.lang.Integer.toString(counter)) + .png)): null

2018-11-08 16:53:23 - [TEST_STEP][PASSED] - Statement - counter = counter + 1: null

2018-11-08 16:53:25 - [TEST_STEP][PASSED] - Statement - PreSaveFile = new java.io.File(((pathPrefix + java.lang.Integer.toString(counter)) + .png)): null

2018-11-08 16:53:25 - [TEST_STEP][PASSED] - Statement - counter = counter + 1: null

2018-11-08 16:53:25 - [TEST_STEP][PASSED] - Statement - PreSaveFile = new java.io.File(((pathPrefix + java.lang.Integer.toString(counter)) + .png)): null

2018-11-08 16:53:25 - [TEST_STEP][PASSED] - Statement - counter = counter + 1: null

2018-11-08 16:53:25 - [TEST_STEP][PASSED] - Statement - PreSaveFile = new java.io.File(((pathPrefix + java.lang.Integer.toString(counter)) + .png)): null

2018-11-08 16:53:25 - [TEST_STEP][PASSED] - Statement - counter = counter + 1: null

2018-11-08 16:53:25 - [TEST_STEP][PASSED] - Statement - PreSaveFile = new java.io.File(((pathPrefix + java.lang.Integer.toString(counter)) + .png)): null

2018-11-08 16:53:25 - [TEST_STEP][PASSED] - Statement - counter = counter + 1: null

2018-11-08 16:53:25 - [TEST_STEP][PASSED] - Statement - PreSaveFile = new java.io.File(((pathPrefix + java.lang.Integer.toString(counter)) + .png)): null

2018-11-08 16:53:25 - [TEST_STEP][PASSED] - Statement - counter = counter + 1: null

2018-11-08 16:53:26 - [TEST_STEP][PASSED] - Statement - PreSaveFile = new java.io.File(((pathPrefix + java.lang.Integer.toString(counter)) + .png)): null

2018-11-08 16:53:26 - [TEST_STEP][PASSED] - Statement - counter = counter + 1: null

2018-11-08 16:53:26 - [TEST_STEP][PASSED] - Statement - PreSaveFile = new java.io.File(((pathPrefix + java.lang.Integer.toString(counter)) + .png)): null

2018-11-08 16:53:26 - [TEST_STEP][PASSED] - Statement - counter = counter + 1: null

2018-11-08 16:53:26 - [TEST_STEP][PASSED] - Statement - PreSaveFile = new java.io.File(((pathPrefix + java.lang.Integer.toString(counter)) + .png)): null

2018-11-08 16:53:26 - [TEST_STEP][PASSED] - Statement - counter = counter + 1: null

2018-11-08 16:53:26 - [TEST_STEP][PASSED] - Statement - PreSaveFile = new java.io.File(((pathPrefix + java.lang.Integer.toString(counter)) + .png)): null

2018-11-08 16:53:26 - [TEST_STEP][PASSED] - Statement - counter = counter + 1: null

2018-11-08 16:53:26 - [TEST_STEP][PASSED] - Statement - PreSaveFile = new java.io.File(((pathPrefix + java.lang.Integer.toString(counter)) + .png)): null

2018-11-08 16:53:26 - [TEST_STEP][PASSED] - Statement - counter = counter + 1: null

2018-11-08 16:53:27 - [TEST_STEP][PASSED] - Statement - PreSaveFile = new java.io.File(((pathPrefix + java.lang.Integer.toString(counter)) + .png)): null

2018-11-08 16:53:27 - [TEST_STEP][PASSED] - Statement - counter = counter + 1: null

2018-11-08 16:53:27 - [TEST_STEP][PASSED] - Statement - PreSaveFile = new java.io.File(((pathPrefix + java.lang.Integer.toString(counter)) + .png)): null

2018-11-08 16:53:27 - [TEST_STEP][PASSED] - Statement - counter = counter + 1: null

2018-11-08 16:53:27 - [TEST_STEP][PASSED] - Statement - PreSaveFile = new java.io.File(((pathPrefix + java.lang.Integer.toString(counter)) + .png)): null

2018-11-08 16:53:27 - [TEST_STEP][PASSED] - Statement - counter = counter + 1: null

2018-11-08 16:53:27 - [TEST_STEP][PASSED] - Statement - PreSaveFile = new java.io.File(((pathPrefix + java.lang.Integer.toString(counter)) + .png)): null

2018-11-08 16:53:27 - [TEST_STEP][PASSED] - Statement - counter = counter + 1: null

2018-11-08 16:53:27 - [TEST_STEP][PASSED] - Statement - PreSaveFile = new java.io.File(((pathPrefix + java.lang.Integer.toString(counter)) + .png)): null

2018-11-08 16:53:27 - [TEST_STEP][PASSED] - Statement - counter = counter + 1: null

2018-11-08 16:53:27 - [TEST_STEP][PASSED] - Statement - PreSaveFile = new java.io.File(((pathPrefix + java.lang.Integer.toString(counter)) + .png)): null

2018-11-08 16:53:29 - [TEST_STEP][PASSED] - Statement - counter = counter + 1: null

2018-11-08 16:53:29 - [TEST_STEP][PASSED] - Statement - PreSaveFile = new java.io.File(((pathPrefix + java.lang.Integer.toString(counter)) + .png)): null

2018-11-08 16:53:29 - [TEST_STEP][PASSED] - Statement - counter = counter + 1: null

2018-11-08 16:53:29 - [TEST_STEP][PASSED] - Statement - PreSaveFile = new java.io.File(((pathPrefix + java.lang.Integer.toString(counter)) + .png)): null

2018-11-08 16:53:29 - [TEST_STEP][PASSED] - Statement - counter = counter + 1: null

2018-11-08 16:53:29 - [TEST_STEP][PASSED] - Statement - PreSaveFile = new java.io.File(((pathPrefix + java.lang.Integer.toString(counter)) + .png)): null

2018-11-08 16:53:29 - [TEST_STEP][PASSED] - Statement - counter = counter + 1: null

2018-11-08 16:53:29 - [TEST_STEP][PASSED] - Statement - PreSaveFile = new java.io.File(((pathPrefix + java.lang.Integer.toString(counter)) + .png)): null

2018-11-08 16:53:29 - [TEST_STEP][PASSED] - Statement - counter = counter + 1: null

2018-11-08 16:53:29 - [TEST_STEP][PASSED] - Statement - PreSaveFile = new java.io.File(((pathPrefix + java.lang.Integer.toString(counter)) + .png)): null

2018-11-08 16:53:29 - [TEST_STEP][PASSED] - Statement - counter = counter + 1: null

2018-11-08 16:53:30 - [TEST_STEP][PASSED] - Statement - PreSaveFile = new java.io.File(((pathPrefix + java.lang.Integer.toString(counter)) + .png)): null

2018-11-08 16:53:30 - [TEST_STEP][PASSED] - Statement - counter = counter + 1: null

2018-11-08 16:53:30 - [TEST_STEP][PASSED] - Statement - PreSaveFile = new java.io.File(((pathPrefix + java.lang.Integer.toString(counter)) + .png)): null

2018-11-08 16:53:30 - [TEST_STEP][PASSED] - Statement - counter = counter + 1: null

2018-11-08 16:53:30 - [TEST_STEP][PASSED] - Statement - PreSaveFile = new java.io.File(((pathPrefix + java.lang.Integer.toString(counter)) + .png)): null

2018-11-08 16:53:30 - [TEST_STEP][PASSED] - Statement - counter = counter + 1: null

2018-11-08 16:53:30 - [TEST_STEP][PASSED] - Statement - PreSaveFile = new java.io.File(((pathPrefix + java.lang.Integer.toString(counter)) + .png)): null

2018-11-08 16:53:30 - [TEST_STEP][PASSED] - Statement - counter = counter + 1: null

2018-11-08 16:53:30 - [TEST_STEP][PASSED] - Statement - PreSaveFile = new java.io.File(((pathPrefix + java.lang.Integer.toString(counter)) + .png)): null

2018-11-08 16:53:30 - [TEST_STEP][PASSED] - Statement - counter = counter + 1: null

2018-11-08 16:53:32 - [TEST_STEP][PASSED] - Statement - PreSaveFile = new java.io.File(((pathPrefix + java.lang.Integer.toString(counter)) + .png)): null

2018-11-08 16:53:32 - [TEST_STEP][PASSED] - Statement - counter = counter + 1: null

2018-11-08 16:53:32 - [TEST_STEP][PASSED] - Statement - PreSaveFile = new java.io.File(((pathPrefix + java.lang.Integer.toString(counter)) + .png)): null

2018-11-08 16:53:32 - [TEST_STEP][PASSED] - Statement - counter = counter + 1: null

2018-11-08 16:53:32 - [TEST_STEP][PASSED] - Statement - PreSaveFile = new java.io.File(((pathPrefix + java.lang.Integer.toString(counter)) + .png)): null

2018-11-08 16:53:32 - [TEST_STEP][PASSED] - Statement - counter = counter + 1: null

2018-11-08 16:53:32 - [TEST_STEP][PASSED] - Statement - PreSaveFile = new java.io.File(((pathPrefix + java.lang.Integer.toString(counter)) + .png)): null

2018-11-08 16:53:32 - [TEST_STEP][PASSED] - Statement - counter = counter + 1: null

2018-11-08 16:53:32 - [TEST_STEP][PASSED] - Statement - PreSaveFile = new java.io.File(((pathPrefix + java.lang.Integer.toString(counter)) + .png)): null

2018-11-08 16:53:33 - [TEST_STEP][PASSED] - Statement - finalPath = pathPrefix + java.lang.Integer.toString(counter) + ".png": null

2018-11-08 16:53:33 - [TEST_STEP][PASSED] - Statement - SaveFile = new java.io.File(finalPath): null

2018-11-08 16:53:33 - [TEST_STEP][PASSED] - Statement - Try: null

2018-11-08 16:53:33 - [TEST_STEP][PASSED] - Statement - org.apache.commons.io.FileUtils.copyFile(scrFile, SaveFile): null

2018-11-08 16:53:33 - [TEST_STEP][PASSED] - Statement - out.println("file kept"): null

2018-11-08 16:53:33 - [TEST_STEP][PASSED] - delay: Delayed 10 second(s)

2018-11-08 16:53:43 - [MESSAGE][PASSED] - Delayed 10 second(s)

2018-11-08 16:53:43 - [MESSAGE][PASSED] - Call Test Case 'Test Cases/Final Aug 2018 - PKS Automation/Registration Module/New Registration/Submit and Screenshot/Submit Registration and Screenshot' successfully]]></system-out>
         <system-err><![CDATA[]]></system-err>
      </testcase>
      <testcase name="Test Cases/Final Aug 2018 - PKS Automation/Registration Module/Workflow/New Registration/OTC - PKR BO - RO Submit(Routed 2 Time)" classname="Test Cases/Final Aug 2018 - PKS Automation/Registration Module/Workflow/New Registration/OTC - PKR BO - RO Submit(Routed 2 Time)" status="PASSED">
         <system-out><![CDATA[2018-11-08 16:53:43 - [TEST_CASE][PASSED] - Test Cases/Final Aug 2018 - PKS Automation/Registration Module/Workflow/New Registration/OTC - PKR BO - RO Submit(Routed 2 Time): Test Cases/Final Aug 2018 - PKS Automation/Registration Module/Workflow/New Registration/OTC - PKR BO - RO Submit(Routed 2 Time)

2018-11-08 16:53:44 - [TEST_STEP][PASSED] - callTestCase: Call Test Case 'Test Cases/Final Aug 2018 - PKS Automation/Registration Module/Workflow/New Registration/Template/Special Case - OTC - Form 1' successfully

2018-11-08 16:53:44 - [TEST_CASE][PASSED] - Test Cases/Final Aug 2018 - PKS Automation/Registration Module/Workflow/New Registration/Template/Special Case - OTC - Form 1: Test Cases/Final Aug 2018 - PKS Automation/Registration Module/Workflow/New Registration/Template/Special Case - OTC - Form 1

2018-11-08 16:53:44 - [TEST_STEP][PASSED] - openBrowser: Browser is opened with url: ''

2018-11-08 16:53:44 - [MESSAGE][WARNING] - A browser is already opened. Closing browser and opening a new one

2018-11-08 16:53:49 - [MESSAGE][PASSED] - Browser is opened with url: ''

2018-11-08 16:53:49 - [TEST_STEP][PASSED] - navigateToUrl: Navigate to 'https://assist2-uat.perkeso.gov.my/login' successfully

2018-11-08 16:53:53 - [MESSAGE][PASSED] - Navigate to 'https://assist2-uat.perkeso.gov.my/login' successfully

2018-11-08 16:53:53 - [TEST_STEP][PASSED] - delay: Delayed 2 second(s)

2018-11-08 16:53:55 - [MESSAGE][PASSED] - Delayed 2 second(s)

2018-11-08 16:53:55 - [TEST_STEP][PASSED] - setText: Text 'klotc2@gmail.com' is set on object 'Object Repository/Final Object Repo/Login Page/Internal User/Email Address'

2018-11-08 16:53:55 - [MESSAGE][PASSED] - Text 'klotc2@gmail.com' is set on object 'Object Repository/Final Object Repo/Login Page/Internal User/Email Address'

2018-11-08 16:53:55 - [TEST_STEP][PASSED] - click: Object: 'Object Repository/Final Object Repo/Login Page/Internal User/Next Button' is clicked on

2018-11-08 16:53:55 - [MESSAGE][PASSED] - Object: 'Object Repository/Final Object Repo/Login Page/Internal User/Next Button' is clicked on

2018-11-08 16:53:55 - [TEST_STEP][PASSED] - delay: Delayed 2 second(s)

2018-11-08 16:53:57 - [MESSAGE][PASSED] - Delayed 2 second(s)

2018-11-08 16:53:57 - [TEST_STEP][PASSED] - setText: Text 'Test1@3456789' is set on object 'Object Repository/Final Object Repo/Login Page/Internal User/Password'

2018-11-08 16:53:57 - [MESSAGE][PASSED] - Text 'Test1@3456789' is set on object 'Object Repository/Final Object Repo/Login Page/Internal User/Password'

2018-11-08 16:53:57 - [TEST_STEP][PASSED] - delay: Delayed 2 second(s)

2018-11-08 16:53:59 - [MESSAGE][PASSED] - Delayed 2 second(s)

2018-11-08 16:53:59 - [TEST_STEP][PASSED] - click: Object: 'Object Repository/Final Object Repo/Login Page/Internal User/Login Button' is clicked on

2018-11-08 16:54:03 - [MESSAGE][PASSED] - Object: 'Object Repository/Final Object Repo/Login Page/Internal User/Login Button' is clicked on

2018-11-08 16:54:03 - [TEST_STEP][PASSED] - Statement - Try: Delayed 2 second(s)

2018-11-08 16:54:03 - [TEST_STEP][PASSED] - Statement - Checker = false: null

2018-11-08 16:54:03 - [TEST_STEP][PASSED] - Statement - Checker = com.kms.katalon.core.webui.keyword.WebUiBuiltInKeywords.verifyElementHasAttribute(com.kms.katalon.core.testobject.ObjectRepository.findTestObject(Final Object Repo/Landing Page/BM Detecting), "href", 20, OPTIONAL): Object 'Object Repository/Final Object Repo/Landing Page/BM Detecting' has attribute 'href'

2018-11-08 16:54:03 - [MESSAGE][PASSED] - Object 'Object Repository/Final Object Repo/Landing Page/BM Detecting' has attribute 'href'

2018-11-08 16:54:03 - [TEST_STEP][PASSED] - Statement - out.println(Checker): null

2018-11-08 16:54:03 - [TEST_STEP][PASSED] - Statement - If (Checker == false): null

2018-11-08 16:54:03 - [TEST_STEP][PASSED] - Statement - Else: null

2018-11-08 16:54:03 - [TEST_STEP][PASSED] - delay: Delayed 2 second(s)

2018-11-08 16:54:05 - [MESSAGE][PASSED] - Delayed 2 second(s)

2018-11-08 16:54:05 - [TEST_STEP][PASSED] - delay: Delayed 4 second(s)

2018-11-08 16:54:09 - [MESSAGE][PASSED] - Delayed 4 second(s)

2018-11-08 16:54:09 - [TEST_STEP][PASSED] - click: Object: 'Object Repository/Final Object Repo/Landing Page/My Sites Drop Down' is clicked on

2018-11-08 16:54:09 - [MESSAGE][PASSED] - Object: 'Object Repository/Final Object Repo/Landing Page/My Sites Drop Down' is clicked on

2018-11-08 16:54:09 - [TEST_STEP][PASSED] - click: Object: 'Object Repository/Final Object Repo/Landing Page/Select to Registration Module' is clicked on

2018-11-08 16:54:11 - [MESSAGE][PASSED] - Object: 'Object Repository/Final Object Repo/Landing Page/Select to Registration Module' is clicked on

2018-11-08 16:54:11 - [TEST_STEP][PASSED] - click: Object: 'Object Repository/Final Object Repo/Landing Page/Registration Button' is clicked on

2018-11-08 16:54:15 - [MESSAGE][PASSED] - Object: 'Object Repository/Final Object Repo/Landing Page/Registration Button' is clicked on

2018-11-08 16:54:15 - [TEST_STEP][PASSED] - delay: Delayed 2 second(s)

2018-11-08 16:54:17 - [MESSAGE][PASSED] - Delayed 2 second(s)

2018-11-08 16:54:17 - [TEST_STEP][PASSED] - click: Object: 'Object Repository/Final Object Repo/New Registration - Registration Module Pages/New Reg - OTC to RO/Special Case - OTC - Form 1/AEC NO' is clicked on

2018-11-08 16:54:17 - [MESSAGE][PASSED] - Object: 'Object Repository/Final Object Repo/New Registration - Registration Module Pages/New Reg - OTC to RO/Special Case - OTC - Form 1/AEC NO' is clicked on

2018-11-08 16:54:17 - [TEST_STEP][PASSED] - click: Object: 'Object Repository/Final Object Repo/New Registration - Registration Module Pages/New Reg - OTC to RO/Special Case - OTC - Form 1/Business Entity - Please Select' is clicked on

2018-11-08 16:54:18 - [MESSAGE][PASSED] - Object: 'Object Repository/Final Object Repo/New Registration - Registration Module Pages/New Reg - OTC to RO/Special Case - OTC - Form 1/Business Entity - Please Select' is clicked on

2018-11-08 16:54:18 - [TEST_STEP][PASSED] - click: Object: 'Object Repository/Final Object Repo/New Registration - Registration Module Pages/New Reg - OTC to RO/Special Case - OTC - Form 1/Selected - Corporation' is clicked on

2018-11-08 16:54:18 - [MESSAGE][PASSED] - Object: 'Object Repository/Final Object Repo/New Registration - Registration Module Pages/New Reg - OTC to RO/Special Case - OTC - Form 1/Selected - Corporation' is clicked on

2018-11-08 16:54:18 - [TEST_STEP][PASSED] - delay: Delayed 2 second(s)

2018-11-08 16:54:20 - [MESSAGE][PASSED] - Delayed 2 second(s)

2018-11-08 16:54:20 - [TEST_STEP][PASSED] - click: Object: 'Object Repository/Final Object Repo/New Registration - Registration Module Pages/New Reg - OTC to RO/Special Case - OTC - Form 1/Sub Business Entity - Please Select' is clicked on

2018-11-08 16:54:21 - [MESSAGE][PASSED] - Object: 'Object Repository/Final Object Repo/New Registration - Registration Module Pages/New Reg - OTC to RO/Special Case - OTC - Form 1/Sub Business Entity - Please Select' is clicked on

2018-11-08 16:54:21 - [TEST_STEP][PASSED] - delay: Delayed 2 second(s)

2018-11-08 16:54:23 - [MESSAGE][PASSED] - Delayed 2 second(s)

2018-11-08 16:54:23 - [TEST_STEP][PASSED] - click: Object: 'Object Repository/Final Object Repo/New Registration - Registration Module Pages/New Reg - OTC to RO/Special Case - OTC - Form 1/Selected - Sendirian Berhad' is clicked on

2018-11-08 16:54:23 - [MESSAGE][PASSED] - Object: 'Object Repository/Final Object Repo/New Registration - Registration Module Pages/New Reg - OTC to RO/Special Case - OTC - Form 1/Selected - Sendirian Berhad' is clicked on

2018-11-08 16:54:23 - [TEST_STEP][PASSED] - setText: Text 'AUTOMATE001' is set on object 'Object Repository/Final Object Repo/New Registration - Registration Module Pages/New Reg - OTC to RO/Special Case - OTC - Form 1/Input BRN Number'

2018-11-08 16:54:24 - [MESSAGE][PASSED] - Text 'AUTOMATE001' is set on object 'Object Repository/Final Object Repo/New Registration - Registration Module Pages/New Reg - OTC to RO/Special Case - OTC - Form 1/Input BRN Number'

2018-11-08 16:54:24 - [TEST_STEP][PASSED] - delay: Delayed 2 second(s)

2018-11-08 16:54:26 - [MESSAGE][PASSED] - Delayed 2 second(s)

2018-11-08 16:54:26 - [TEST_STEP][PASSED] - click: Object: 'Object Repository/Final Object Repo/New Registration - Registration Module Pages/New Reg - OTC to RO/Special Case - OTC - Form 1/BRN Search' is clicked on

2018-11-08 16:54:26 - [MESSAGE][PASSED] - Object: 'Object Repository/Final Object Repo/New Registration - Registration Module Pages/New Reg - OTC to RO/Special Case - OTC - Form 1/BRN Search' is clicked on

2018-11-08 16:54:26 - [TEST_STEP][PASSED] - delay: Delayed 4 second(s)

2018-11-08 16:54:30 - [MESSAGE][PASSED] - Delayed 4 second(s)

2018-11-08 16:54:30 - [TEST_STEP][PASSED] - click: Object: 'Object Repository/Final Object Repo/New Registration - Registration Module Pages/New Reg - OTC to RO/Special Case - OTC - Form 1/Registered with SSM - After Feb 2017' is clicked on

2018-11-08 16:54:30 - [MESSAGE][PASSED] - Object: 'Object Repository/Final Object Repo/New Registration - Registration Module Pages/New Reg - OTC to RO/Special Case - OTC - Form 1/Registered with SSM - After Feb 2017' is clicked on

2018-11-08 16:54:30 - [TEST_STEP][PASSED] - delay: Delayed 2 second(s)

2018-11-08 16:54:32 - [MESSAGE][PASSED] - Delayed 2 second(s)

2018-11-08 16:54:32 - [TEST_STEP][PASSED] - click: Object: 'Object Repository/Final Object Repo/New Registration - Registration Module Pages/New Reg - OTC to RO/Special Case - OTC - Form 1/Registering As A Branch - No' is clicked on

2018-11-08 16:54:33 - [MESSAGE][PASSED] - Object: 'Object Repository/Final Object Repo/New Registration - Registration Module Pages/New Reg - OTC to RO/Special Case - OTC - Form 1/Registering As A Branch - No' is clicked on

2018-11-08 16:54:33 - [TEST_STEP][PASSED] - click: Object: 'Object Repository/Final Object Repo/New Registration - Registration Module Pages/New Reg - OTC to RO/Special Case - OTC - Form 1/Acknowledgement Ticked' is clicked on

2018-11-08 16:54:33 - [MESSAGE][PASSED] - Object: 'Object Repository/Final Object Repo/New Registration - Registration Module Pages/New Reg - OTC to RO/Special Case - OTC - Form 1/Acknowledgement Ticked' is clicked on

2018-11-08 16:54:33 - [TEST_STEP][PASSED] - click: Object: 'Object Repository/Final Object Repo/New Registration - Registration Module Pages/New Reg - OTC to RO/Special Case - OTC - Form 1/Submit Button' is clicked on

2018-11-08 16:54:33 - [MESSAGE][PASSED] - Object: 'Object Repository/Final Object Repo/New Registration - Registration Module Pages/New Reg - OTC to RO/Special Case - OTC - Form 1/Submit Button' is clicked on

2018-11-08 16:54:33 - [TEST_STEP][PASSED] - delay: Delayed 2 second(s)

2018-11-08 16:54:35 - [MESSAGE][PASSED] - Delayed 2 second(s)

2018-11-08 16:54:35 - [TEST_STEP][PASSED] - click: Object: 'Object Repository/Final Object Repo/New Registration - Registration Module Pages/New Reg - OTC to RO/Special Case - OTC - Form 1/Confirm No Flagging as Branch' is clicked on

2018-11-08 16:54:37 - [MESSAGE][PASSED] - Object: 'Object Repository/Final Object Repo/New Registration - Registration Module Pages/New Reg - OTC to RO/Special Case - OTC - Form 1/Confirm No Flagging as Branch' is clicked on

2018-11-08 16:54:37 - [MESSAGE][PASSED] - Call Test Case 'Test Cases/Final Aug 2018 - PKS Automation/Registration Module/Workflow/New Registration/Template/Special Case - OTC - Form 1' successfully

2018-11-08 16:54:37 - [TEST_STEP][PASSED] - callTestCase: Call Test Case 'Test Cases/Final Aug 2018 - PKS Automation/Registration Module/New Registration/Form 2/Add 1 Eligible - Incomplete' successfully

2018-11-08 16:54:37 - [TEST_CASE][PASSED] - Test Cases/Final Aug 2018 - PKS Automation/Registration Module/New Registration/Form 2/Add 1 Eligible - Incomplete: Test Cases/Final Aug 2018 - PKS Automation/Registration Module/New Registration/Form 2/Add 1 Eligible - Incomplete

2018-11-08 16:54:37 - [TEST_STEP][PASSED] - delay: Delayed 2 second(s)

2018-11-08 16:54:39 - [MESSAGE][PASSED] - Delayed 2 second(s)

2018-11-08 16:54:39 - [TEST_STEP][PASSED] - callTestCase: Call Test Case 'Test Cases/Final Aug 2018 - PKS Automation/Registration Module/New Registration/Form 2/Date Updater' successfully

2018-11-08 16:54:39 - [TEST_CASE][PASSED] - Test Cases/Final Aug 2018 - PKS Automation/Registration Module/New Registration/Form 2/Date Updater: Test Cases/Final Aug 2018 - PKS Automation/Registration Module/New Registration/Form 2/Date Updater

2018-11-08 16:54:39 - [TEST_STEP][PASSED] - Statement - TodayDate = new java.util.Date(): null

2018-11-08 16:54:39 - [TEST_STEP][PASSED] - Statement - CurrentDateNoFilter = new java.text.SimpleDateFormat(): null

2018-11-08 16:54:39 - [TEST_STEP][PASSED] - Statement - CurrentDateNoFilter.applyPattern("dd"): null

2018-11-08 16:54:39 - [TEST_STEP][PASSED] - Statement - CurrentDate = CurrentDateNoFilter.format(TodayDate): null

2018-11-08 16:54:39 - [TEST_STEP][PASSED] - Statement - CurrentDate = java.lang.Integer.parseInt(CurrentDate): null

2018-11-08 16:54:39 - [TEST_STEP][PASSED] - Statement - CurrentDate = CurrentDate: null

2018-11-08 16:54:39 - [TEST_STEP][PASSED] - Statement - CurrentDay = java.lang.Integer.parseInt(CurrentDate): null

2018-11-08 16:54:39 - [TEST_STEP][PASSED] - Statement - aDayBefore = CurrentDay + 1: null

2018-11-08 16:54:39 - [TEST_STEP][PASSED] - Statement - DayBefore = aDayBefore.toString(): null

2018-11-08 16:54:39 - [TEST_STEP][PASSED] - Statement - OneDayBefore = DayBefore: null

2018-11-08 16:54:39 - [TEST_STEP][PASSED] - Statement - CurrentDateNoFilter.applyPattern("MM"): null

2018-11-08 16:54:39 - [TEST_STEP][PASSED] - Statement - monthContainerMatcher = java.lang.Integer.parseInt(CurrentDateNoFilter.format(TodayDate)): null

2018-11-08 16:54:39 - [TEST_STEP][PASSED] - Statement - monthContainerMatcher = monthContainerMatcher - 1: null

2018-11-08 16:54:39 - [TEST_STEP][PASSED] - Statement - CurrentMonth = monthContainerMatcher.toString(): null

2018-11-08 16:54:39 - [TEST_STEP][PASSED] - Statement - CurrentMonth = CurrentMonth: null

2018-11-08 16:54:39 - [TEST_STEP][PASSED] - Statement - CurrentDateNoFilter.applyPattern("yyyy"): null

2018-11-08 16:54:39 - [TEST_STEP][PASSED] - Statement - CurrentYear = CurrentDateNoFilter.format(TodayDate): null

2018-11-08 16:54:39 - [TEST_STEP][PASSED] - Statement - CurrentYear = CurrentYear: null

2018-11-08 16:54:39 - [TEST_STEP][PASSED] - Statement - intCurrentYear = java.lang.Integer.parseInt(CurrentDateNoFilter.format(TodayDate)): null

2018-11-08 16:54:39 - [TEST_STEP][PASSED] - Statement - eighteenYrsAgo = intCurrentYear - 18: null

2018-11-08 16:54:39 - [TEST_STEP][PASSED] - Statement - eighteenYrsBeforeThisYr = eighteenYrsAgo.toString(): null

2018-11-08 16:54:39 - [TEST_STEP][PASSED] - Statement - EighteenYrsBefore = eighteenYrsBeforeThisYr: null

2018-11-08 16:54:39 - [TEST_STEP][PASSED] - Statement - fiftysevenYrsAgo = intCurrentYear - 57: null

2018-11-08 16:54:39 - [TEST_STEP][PASSED] - Statement - fiftysevenYrsBeforeThisYr = fiftysevenYrsAgo.toString(): null

2018-11-08 16:54:39 - [TEST_STEP][PASSED] - Statement - FiftysevenYrsBefore = fiftysevenYrsBeforeThisYr: null

2018-11-08 16:54:39 - [MESSAGE][PASSED] - Call Test Case 'Test Cases/Final Aug 2018 - PKS Automation/Registration Module/New Registration/Form 2/Date Updater' successfully

2018-11-08 16:54:39 - [TEST_STEP][PASSED] - Statement - CaseReferenceNo = com.kms.katalon.core.webui.keyword.WebUiBuiltInKeywords.getText(com.kms.katalon.core.testobject.ObjectRepository.findTestObject(Final Object Repo/New Registration - Registration Module Pages/Form 2/RefNo Acquiring)): Text of object 'Object Repository/Final Object Repo/New Registration - Registration Module Pages/Form 2/RefNo Acquiring' is: 'CRN11201800122429'

2018-11-08 16:54:40 - [MESSAGE][PASSED] - Text of object 'Object Repository/Final Object Repo/New Registration - Registration Module Pages/Form 2/RefNo Acquiring' is: 'CRN11201800122429'

2018-11-08 16:54:40 - [TEST_STEP][PASSED] - delay: Delayed 4 second(s)

2018-11-08 16:54:44 - [MESSAGE][PASSED] - Delayed 4 second(s)

2018-11-08 16:54:44 - [TEST_STEP][PASSED] - click: Object: 'Object Repository/Final Object Repo/New Registration - Registration Module Pages/Form 2/Add Employee Button' is clicked on

2018-11-08 16:54:44 - [MESSAGE][PASSED] - Object: 'Object Repository/Final Object Repo/New Registration - Registration Module Pages/Form 2/Add Employee Button' is clicked on

2018-11-08 16:54:44 - [TEST_STEP][PASSED] - delay: Delayed 1 second(s)

2018-11-08 16:54:45 - [MESSAGE][PASSED] - Delayed 1 second(s)

2018-11-08 16:54:45 - [TEST_STEP][PASSED] - setText: Text '010903091984' is set on object 'Object Repository/Final Object Repo/New Registration - Registration Module Pages/Form 2/NRIC Input'

2018-11-08 16:54:45 - [MESSAGE][PASSED] - Text '010903091984' is set on object 'Object Repository/Final Object Repo/New Registration - Registration Module Pages/Form 2/NRIC Input'

2018-11-08 16:54:45 - [TEST_STEP][PASSED] - click: Object: 'Object Repository/Final Object Repo/New Registration - Registration Module Pages/Form 2/button for search for IC' is clicked on

2018-11-08 16:54:46 - [MESSAGE][PASSED] - Object: 'Object Repository/Final Object Repo/New Registration - Registration Module Pages/Form 2/button for search for IC' is clicked on

2018-11-08 16:54:46 - [TEST_STEP][PASSED] - delay: Delayed 2 second(s)

2018-11-08 16:54:48 - [MESSAGE][PASSED] - Delayed 2 second(s)

2018-11-08 16:54:48 - [TEST_STEP][PASSED] - setText: Text 'Automate001 eligible 1' is set on object 'Object Repository/Final Object Repo/New Registration - Registration Module Pages/Form 2/Employee Name Input'

2018-11-08 16:54:48 - [MESSAGE][PASSED] - Text 'Automate001 eligible 1' is set on object 'Object Repository/Final Object Repo/New Registration - Registration Module Pages/Form 2/Employee Name Input'

2018-11-08 16:54:48 - [TEST_STEP][PASSED] - delay: Delayed 2 second(s)

2018-11-08 16:54:50 - [MESSAGE][PASSED] - Delayed 2 second(s)

2018-11-08 16:54:50 - [TEST_STEP][PASSED] - click: Object: 'Object Repository/Final Object Repo/New Registration - Registration Module Pages/Form 2/DatePicker Pop Up' is clicked on

2018-11-08 16:54:51 - [MESSAGE][PASSED] - Object: 'Object Repository/Final Object Repo/New Registration - Registration Module Pages/Form 2/DatePicker Pop Up' is clicked on

2018-11-08 16:54:51 - [TEST_STEP][PASSED] - click: Object: 'Object Repository/Final Object Repo/New Registration - Registration Module Pages/Form 2/DOB Month' is clicked on

2018-11-08 16:54:51 - [MESSAGE][PASSED] - Object: 'Object Repository/Final Object Repo/New Registration - Registration Module Pages/Form 2/DOB Month' is clicked on

2018-11-08 16:54:51 - [TEST_STEP][PASSED] - Statement - CurrentMonth = CurrentMonth: null

2018-11-08 16:54:51 - [TEST_STEP][PASSED] - Statement - selectMonth = new com.kms.katalon.core.testobject.TestObject(): null

2018-11-08 16:54:51 - [TEST_STEP][PASSED] - Statement - selectMonth.addProperty("xpath", EQUALS, "//body/div/div/div/select/option[@value='" + CurrentMonth + "']", true): null

2018-11-08 16:54:51 - [TEST_STEP][PASSED] - click: Object: '' is clicked on

2018-11-08 16:54:51 - [MESSAGE][PASSED] - Object: '' is clicked on

2018-11-08 16:54:51 - [TEST_STEP][PASSED] - click: Object: 'Object Repository/Final Object Repo/New Registration - Registration Module Pages/Form 2/DOB Year' is clicked on

2018-11-08 16:54:52 - [MESSAGE][PASSED] - Object: 'Object Repository/Final Object Repo/New Registration - Registration Module Pages/Form 2/DOB Year' is clicked on

2018-11-08 16:54:52 - [TEST_STEP][PASSED] - Statement - Eyearsbf = EighteenYrsBefore: null

2018-11-08 16:54:52 - [TEST_STEP][PASSED] - Statement - selectYear = new com.kms.katalon.core.testobject.TestObject(): null

2018-11-08 16:54:52 - [TEST_STEP][PASSED] - Statement - selectYear.addProperty("xpath", EQUALS, "//div/div/div/select/option[@value='" + Eyearsbf + "']", true): null

2018-11-08 16:54:52 - [TEST_STEP][PASSED] - click: Object: '' is clicked on

2018-11-08 16:54:52 - [MESSAGE][PASSED] - Object: '' is clicked on

2018-11-08 16:54:52 - [TEST_STEP][PASSED] - Statement - UpdatedSelectDate = com.kms.katalon.core.webui.keyword.WebUiBuiltInKeywords.modifyObjectProperty(com.kms.katalon.core.testobject.ObjectRepository.findTestObject(Final Object Repo/New Registration - Registration Module Pages/Form 2/DOB Date), "xpath", "equals", "//body/div/table/tbody/tr/td/a[text()="" + CurrentDate + ""]", true): Modify property of object successfully

2018-11-08 16:54:52 - [MESSAGE][PASSED] - Modify property of object successfully

2018-11-08 16:54:52 - [TEST_STEP][PASSED] - delay: Delayed 3 second(s)

2018-11-08 16:54:55 - [MESSAGE][PASSED] - Delayed 3 second(s)

2018-11-08 16:54:55 - [TEST_STEP][PASSED] - click: Object: 'Object Repository/Final Object Repo/New Registration - Registration Module Pages/Form 2/DOB Date' is clicked on

2018-11-08 16:54:55 - [MESSAGE][PASSED] - Object: 'Object Repository/Final Object Repo/New Registration - Registration Module Pages/Form 2/DOB Date' is clicked on

2018-11-08 16:54:55 - [TEST_STEP][PASSED] - delay: Delayed 2 second(s)

2018-11-08 16:54:57 - [MESSAGE][PASSED] - Delayed 2 second(s)

2018-11-08 16:54:57 - [TEST_STEP][PASSED] - click: Object: 'Object Repository/Final Object Repo/New Registration - Registration Module Pages/Form 2/EmploymentStartDate Pop Up' is clicked on

2018-11-08 16:54:58 - [MESSAGE][PASSED] - Object: 'Object Repository/Final Object Repo/New Registration - Registration Module Pages/Form 2/EmploymentStartDate Pop Up' is clicked on

2018-11-08 16:54:58 - [TEST_STEP][PASSED] - delay: Delayed 2 second(s)

2018-11-08 16:55:00 - [MESSAGE][PASSED] - Delayed 2 second(s)

2018-11-08 16:55:00 - [TEST_STEP][PASSED] - click: Object: 'Object Repository/Final Object Repo/New Registration - Registration Module Pages/Form 2/Socso Employment StartDate Month' is clicked on

2018-11-08 16:55:00 - [MESSAGE][PASSED] - Object: 'Object Repository/Final Object Repo/New Registration - Registration Module Pages/Form 2/Socso Employment StartDate Month' is clicked on

2018-11-08 16:55:00 - [TEST_STEP][PASSED] - delay: Delayed 1 second(s)

2018-11-08 16:55:01 - [MESSAGE][PASSED] - Delayed 1 second(s)

2018-11-08 16:55:01 - [TEST_STEP][PASSED] - click: Object: 'Object Repository/Final Object Repo/New Registration - Registration Module Pages/Form 2/Select Socso Employement Startdate Month' is clicked on

2018-11-08 16:55:02 - [MESSAGE][PASSED] - Object: 'Object Repository/Final Object Repo/New Registration - Registration Module Pages/Form 2/Select Socso Employement Startdate Month' is clicked on

2018-11-08 16:55:02 - [TEST_STEP][PASSED] - delay: Delayed 2 second(s)

2018-11-08 16:55:04 - [MESSAGE][PASSED] - Delayed 2 second(s)

2018-11-08 16:55:04 - [TEST_STEP][PASSED] - click: Object: 'Object Repository/Final Object Repo/New Registration - Registration Module Pages/Form 2/Socso Employment StartDate Year' is clicked on

2018-11-08 16:55:04 - [MESSAGE][PASSED] - Object: 'Object Repository/Final Object Repo/New Registration - Registration Module Pages/Form 2/Socso Employment StartDate Year' is clicked on

2018-11-08 16:55:04 - [TEST_STEP][PASSED] - delay: Delayed 1 second(s)

2018-11-08 16:55:05 - [MESSAGE][PASSED] - Delayed 1 second(s)

2018-11-08 16:55:05 - [TEST_STEP][PASSED] - click: Object: 'Object Repository/Final Object Repo/New Registration - Registration Module Pages/Form 2/Select Socso Employment Startdate Year' is clicked on

2018-11-08 16:55:06 - [MESSAGE][PASSED] - Object: 'Object Repository/Final Object Repo/New Registration - Registration Module Pages/Form 2/Select Socso Employment Startdate Year' is clicked on

2018-11-08 16:55:06 - [TEST_STEP][PASSED] - delay: Delayed 2 second(s)

2018-11-08 16:55:08 - [MESSAGE][PASSED] - Delayed 2 second(s)

2018-11-08 16:55:08 - [TEST_STEP][PASSED] - click: Object: 'Object Repository/Final Object Repo/New Registration - Registration Module Pages/Form 2/Socso Employment Start Date Day' is clicked on

2018-11-08 16:55:08 - [MESSAGE][PASSED] - Object: 'Object Repository/Final Object Repo/New Registration - Registration Module Pages/Form 2/Socso Employment Start Date Day' is clicked on

2018-11-08 16:55:08 - [TEST_STEP][PASSED] - delay: Delayed 2 second(s)

2018-11-08 16:55:10 - [MESSAGE][PASSED] - Delayed 2 second(s)

2018-11-08 16:55:10 - [TEST_STEP][PASSED] - click: Object: 'Object Repository/Final Object Repo/New Registration - Registration Module Pages/Form 2/Save Button for Add Employee' is clicked on

2018-11-08 16:55:10 - [MESSAGE][PASSED] - Object: 'Object Repository/Final Object Repo/New Registration - Registration Module Pages/Form 2/Save Button for Add Employee' is clicked on

2018-11-08 16:55:10 - [TEST_STEP][PASSED] - delay: Delayed 6 second(s)

2018-11-08 16:55:16 - [MESSAGE][PASSED] - Delayed 6 second(s)

2018-11-08 16:55:16 - [TEST_STEP][PASSED] - click: Object: 'Object Repository/Final Object Repo/New Registration - Registration Module Pages/Form 2/Incomplete Checkbox' is clicked on

2018-11-08 16:55:17 - [MESSAGE][PASSED] - Object: 'Object Repository/Final Object Repo/New Registration - Registration Module Pages/Form 2/Incomplete Checkbox' is clicked on

2018-11-08 16:55:17 - [TEST_STEP][PASSED] - delay: Delayed 2 second(s)

2018-11-08 16:55:19 - [MESSAGE][PASSED] - Delayed 2 second(s)

2018-11-08 16:55:19 - [TEST_STEP][PASSED] - click: Object: 'Object Repository/Final Object Repo/New Registration - Registration Module Pages/Form 2/Save and Continue Form 2' is clicked on

2018-11-08 16:55:20 - [MESSAGE][PASSED] - Object: 'Object Repository/Final Object Repo/New Registration - Registration Module Pages/Form 2/Save and Continue Form 2' is clicked on

2018-11-08 16:55:20 - [MESSAGE][PASSED] - Call Test Case 'Test Cases/Final Aug 2018 - PKS Automation/Registration Module/New Registration/Form 2/Add 1 Eligible - Incomplete' successfully

2018-11-08 16:55:21 - [TEST_STEP][PASSED] - callTestCase: Call Test Case 'Test Cases/Final Aug 2018 - PKS Automation/Registration Module/New Registration/Flow of New Registration/Third Screen - Upload Supporting Doc - Preview' successfully

2018-11-08 16:55:21 - [TEST_CASE][PASSED] - Test Cases/Final Aug 2018 - PKS Automation/Registration Module/New Registration/Flow of New Registration/Third Screen - Upload Supporting Doc - Preview: Test Cases/Final Aug 2018 - PKS Automation/Registration Module/New Registration/Flow of New Registration/Third Screen - Upload Supporting Doc - Preview

2018-11-08 16:55:21 - [TEST_STEP][PASSED] - waitForPageLoad: Wait for page load successfully

2018-11-08 16:55:21 - [MESSAGE][PASSED] - Wait for page load successfully

2018-11-08 16:55:21 - [TEST_STEP][PASSED] - Statement - CaseReferenceNo = com.kms.katalon.core.webui.keyword.WebUiBuiltInKeywords.getText(com.kms.katalon.core.testobject.ObjectRepository.findTestObject(Final Object Repo/New Registration - Registration Module Pages/Third Screen - Upload Supporting Doc- Preview/RefNo Acquiring)): Text of object 'Object Repository/Final Object Repo/New Registration - Registration Module Pages/Third Screen - Upload Supporting Doc- Preview/RefNo Acquiring' is: 'CRN11201800122429'

2018-11-08 16:55:21 - [MESSAGE][PASSED] - Text of object 'Object Repository/Final Object Repo/New Registration - Registration Module Pages/Third Screen - Upload Supporting Doc- Preview/RefNo Acquiring' is: 'CRN11201800122429'

2018-11-08 16:55:21 - [TEST_STEP][PASSED] - delay: Delayed 2 second(s)

2018-11-08 16:55:23 - [MESSAGE][PASSED] - Delayed 2 second(s)

2018-11-08 16:55:23 - [TEST_STEP][PASSED] - callTestCase: Call Test Case 'Test Cases/Final Aug 2018 - PKS Automation/Common/Reference Number Setter' successfully

2018-11-08 16:55:23 - [TEST_CASE][PASSED] - Test Cases/Final Aug 2018 - PKS Automation/Common/Reference Number Setter: Test Cases/Final Aug 2018 - PKS Automation/Common/Reference Number Setter

2018-11-08 16:55:23 - [TEST_STEP][PASSED] - Statement - RefNoOldFile = new java.io.File(C://KatalonReference.txt): null

2018-11-08 16:55:23 - [TEST_STEP][PASSED] - Statement - RefNoOldFile.delete(): null

2018-11-08 16:55:23 - [TEST_STEP][PASSED] - Statement - RefNo = new java.io.File(C://KatalonReference.txt): null

2018-11-08 16:55:23 - [TEST_STEP][PASSED] - Statement - RefNo.append(CaseReferenceNo): null

2018-11-08 16:55:23 - [TEST_STEP][PASSED] - Statement - out.println("


" + CaseReferenceNo + "


"): null

2018-11-08 16:55:23 - [MESSAGE][PASSED] - Call Test Case 'Test Cases/Final Aug 2018 - PKS Automation/Common/Reference Number Setter' successfully

2018-11-08 16:55:23 - [TEST_STEP][PASSED] - waitForElementClickable: Object 'Object Repository/Final Object Repo/New Registration - Registration Module Pages/Third Screen - Upload Supporting Doc- Preview/Save n Continue in SIP Employee Listing Page' is clickable

2018-11-08 16:55:23 - [MESSAGE][PASSED] - Object 'Object Repository/Final Object Repo/New Registration - Registration Module Pages/Third Screen - Upload Supporting Doc- Preview/Save n Continue in SIP Employee Listing Page' is clickable

2018-11-08 16:55:23 - [TEST_STEP][PASSED] - click: Object: 'Object Repository/Final Object Repo/New Registration - Registration Module Pages/Third Screen - Upload Supporting Doc- Preview/Save n Continue in SIP Employee Listing Page' is clicked on

2018-11-08 16:55:29 - [MESSAGE][PASSED] - Object: 'Object Repository/Final Object Repo/New Registration - Registration Module Pages/Third Screen - Upload Supporting Doc- Preview/Save n Continue in SIP Employee Listing Page' is clicked on

2018-11-08 16:55:29 - [TEST_STEP][PASSED] - delay: Delayed 6 second(s)

2018-11-08 16:55:35 - [MESSAGE][PASSED] - Delayed 6 second(s)

2018-11-08 16:55:35 - [TEST_STEP][PASSED] - click: Object: 'Object Repository/Final Object Repo/New Registration - Registration Module Pages/Third Screen - Upload Supporting Doc- Preview/Add Document Button' is clicked on

2018-11-08 16:55:36 - [MESSAGE][PASSED] - Object: 'Object Repository/Final Object Repo/New Registration - Registration Module Pages/Third Screen - Upload Supporting Doc- Preview/Add Document Button' is clicked on

2018-11-08 16:55:36 - [TEST_STEP][PASSED] - delay: Delayed 30 second(s)

2018-11-08 16:56:06 - [MESSAGE][PASSED] - Delayed 30 second(s)

2018-11-08 16:56:06 - [TEST_STEP][PASSED] - click: Object: 'Object Repository/Final Object Repo/New Registration - Registration Module Pages/Third Screen - Upload Supporting Doc- Preview/Supporting Doc Please Select Drop Down' is clicked on

2018-11-08 16:56:06 - [MESSAGE][PASSED] - Object: 'Object Repository/Final Object Repo/New Registration - Registration Module Pages/Third Screen - Upload Supporting Doc- Preview/Supporting Doc Please Select Drop Down' is clicked on

2018-11-08 16:56:06 - [TEST_STEP][PASSED] - delay: Delayed 2 second(s)

2018-11-08 16:56:08 - [MESSAGE][PASSED] - Delayed 2 second(s)

2018-11-08 16:56:08 - [TEST_STEP][PASSED] - click: Object: 'Object Repository/Final Object Repo/New Registration - Registration Module Pages/Third Screen - Upload Supporting Doc- Preview/Select to Upload Form 1' is clicked on

2018-11-08 16:56:09 - [MESSAGE][PASSED] - Object: 'Object Repository/Final Object Repo/New Registration - Registration Module Pages/Third Screen - Upload Supporting Doc- Preview/Select to Upload Form 1' is clicked on

2018-11-08 16:56:09 - [TEST_STEP][PASSED] - delay: Delayed 2 second(s)

2018-11-08 16:56:11 - [MESSAGE][PASSED] - Delayed 2 second(s)

2018-11-08 16:56:11 - [TEST_STEP][PASSED] - uploadFile: File 'C:\Users\Public\Pictures\Sample Pictures\Act.jpg' sent to object: 'Object Repository/Final Object Repo/New Registration - Registration Module Pages/Third Screen - Upload Supporting Doc- Preview/Upload File Adding'

2018-11-08 16:56:11 - [MESSAGE][PASSED] - File 'C:\Users\Public\Pictures\Sample Pictures\Act.jpg' sent to object: 'Object Repository/Final Object Repo/New Registration - Registration Module Pages/Third Screen - Upload Supporting Doc- Preview/Upload File Adding'

2018-11-08 16:56:11 - [TEST_STEP][PASSED] - delay: Delayed 5 second(s)

2018-11-08 16:56:16 - [MESSAGE][PASSED] - Delayed 5 second(s)

2018-11-08 16:56:16 - [TEST_STEP][PASSED] - click: Object: 'Object Repository/Final Object Repo/New Registration - Registration Module Pages/Third Screen - Upload Supporting Doc- Preview/Inner Form Add Document Button' is clicked on

2018-11-08 16:56:16 - [MESSAGE][PASSED] - Object: 'Object Repository/Final Object Repo/New Registration - Registration Module Pages/Third Screen - Upload Supporting Doc- Preview/Inner Form Add Document Button' is clicked on

2018-11-08 16:56:16 - [TEST_STEP][PASSED] - delay: Delayed 3 second(s)

2018-11-08 16:56:19 - [MESSAGE][PASSED] - Delayed 3 second(s)

2018-11-08 16:56:19 - [TEST_STEP][PASSED] - click: Object: 'Object Repository/Final Object Repo/New Registration - Registration Module Pages/Third Screen - Upload Supporting Doc- Preview/Add Document Button' is clicked on

2018-11-08 16:56:22 - [MESSAGE][PASSED] - Object: 'Object Repository/Final Object Repo/New Registration - Registration Module Pages/Third Screen - Upload Supporting Doc- Preview/Add Document Button' is clicked on

2018-11-08 16:56:22 - [TEST_STEP][PASSED] - delay: Delayed 30 second(s)

2018-11-08 16:56:52 - [MESSAGE][PASSED] - Delayed 30 second(s)

2018-11-08 16:56:52 - [TEST_STEP][PASSED] - click: Object: 'Object Repository/Final Object Repo/New Registration - Registration Module Pages/Third Screen - Upload Supporting Doc- Preview/Supporting Doc Please Select Drop Down' is clicked on

2018-11-08 16:56:52 - [MESSAGE][PASSED] - Object: 'Object Repository/Final Object Repo/New Registration - Registration Module Pages/Third Screen - Upload Supporting Doc- Preview/Supporting Doc Please Select Drop Down' is clicked on

2018-11-08 16:56:52 - [TEST_STEP][PASSED] - delay: Delayed 2 second(s)

2018-11-08 16:56:54 - [MESSAGE][PASSED] - Delayed 2 second(s)

2018-11-08 16:56:54 - [TEST_STEP][PASSED] - click: Object: 'Object Repository/Final Object Repo/New Registration - Registration Module Pages/Third Screen - Upload Supporting Doc- Preview/Select to Upload Form 2' is clicked on

2018-11-08 16:56:55 - [MESSAGE][PASSED] - Object: 'Object Repository/Final Object Repo/New Registration - Registration Module Pages/Third Screen - Upload Supporting Doc- Preview/Select to Upload Form 2' is clicked on

2018-11-08 16:56:55 - [TEST_STEP][PASSED] - delay: Delayed 2 second(s)

2018-11-08 16:56:57 - [MESSAGE][PASSED] - Delayed 2 second(s)

2018-11-08 16:56:57 - [TEST_STEP][PASSED] - uploadFile: File 'C:\Users\Public\Pictures\Sample Pictures\Act.jpg' sent to object: 'Object Repository/Final Object Repo/New Registration - Registration Module Pages/Third Screen - Upload Supporting Doc- Preview/Upload File Adding'

2018-11-08 16:56:57 - [MESSAGE][PASSED] - File 'C:\Users\Public\Pictures\Sample Pictures\Act.jpg' sent to object: 'Object Repository/Final Object Repo/New Registration - Registration Module Pages/Third Screen - Upload Supporting Doc- Preview/Upload File Adding'

2018-11-08 16:56:57 - [TEST_STEP][PASSED] - click: Object: 'Object Repository/Final Object Repo/New Registration - Registration Module Pages/Third Screen - Upload Supporting Doc- Preview/Inner Form Add Document Button' is clicked on

2018-11-08 16:56:57 - [MESSAGE][PASSED] - Object: 'Object Repository/Final Object Repo/New Registration - Registration Module Pages/Third Screen - Upload Supporting Doc- Preview/Inner Form Add Document Button' is clicked on

2018-11-08 16:56:57 - [TEST_STEP][PASSED] - delay: Delayed 4 second(s)

2018-11-08 16:57:01 - [MESSAGE][PASSED] - Delayed 4 second(s)

2018-11-08 16:57:01 - [TEST_STEP][PASSED] - click: Object: 'Object Repository/Final Object Repo/New Registration - Registration Module Pages/Third Screen - Upload Supporting Doc- Preview/Add Document Button' is clicked on

2018-11-08 16:57:03 - [MESSAGE][PASSED] - Object: 'Object Repository/Final Object Repo/New Registration - Registration Module Pages/Third Screen - Upload Supporting Doc- Preview/Add Document Button' is clicked on

2018-11-08 16:57:03 - [TEST_STEP][PASSED] - delay: Delayed 30 second(s)

2018-11-08 16:57:33 - [MESSAGE][PASSED] - Delayed 30 second(s)

2018-11-08 16:57:33 - [TEST_STEP][PASSED] - click: Object: 'Object Repository/Final Object Repo/New Registration - Registration Module Pages/Third Screen - Upload Supporting Doc- Preview/Supporting Doc Please Select Drop Down' is clicked on

2018-11-08 16:57:34 - [MESSAGE][PASSED] - Object: 'Object Repository/Final Object Repo/New Registration - Registration Module Pages/Third Screen - Upload Supporting Doc- Preview/Supporting Doc Please Select Drop Down' is clicked on

2018-11-08 16:57:34 - [TEST_STEP][PASSED] - click: Object: 'Object Repository/Final Object Repo/New Registration - Registration Module Pages/Third Screen - Upload Supporting Doc- Preview/Select to Upload Borang SIP 1' is clicked on

2018-11-08 16:57:34 - [MESSAGE][PASSED] - Object: 'Object Repository/Final Object Repo/New Registration - Registration Module Pages/Third Screen - Upload Supporting Doc- Preview/Select to Upload Borang SIP 1' is clicked on

2018-11-08 16:57:34 - [TEST_STEP][PASSED] - delay: Delayed 2 second(s)

2018-11-08 16:57:36 - [MESSAGE][PASSED] - Delayed 2 second(s)

2018-11-08 16:57:36 - [TEST_STEP][PASSED] - uploadFile: File 'C:\Users\Public\Pictures\Sample Pictures\Act.jpg' sent to object: 'Object Repository/Final Object Repo/New Registration - Registration Module Pages/Third Screen - Upload Supporting Doc- Preview/Upload File Adding'

2018-11-08 16:57:36 - [MESSAGE][PASSED] - File 'C:\Users\Public\Pictures\Sample Pictures\Act.jpg' sent to object: 'Object Repository/Final Object Repo/New Registration - Registration Module Pages/Third Screen - Upload Supporting Doc- Preview/Upload File Adding'

2018-11-08 16:57:36 - [TEST_STEP][PASSED] - click: Object: 'Object Repository/Final Object Repo/New Registration - Registration Module Pages/Third Screen - Upload Supporting Doc- Preview/Inner Form Add Document Button' is clicked on

2018-11-08 16:57:42 - [MESSAGE][PASSED] - Object: 'Object Repository/Final Object Repo/New Registration - Registration Module Pages/Third Screen - Upload Supporting Doc- Preview/Inner Form Add Document Button' is clicked on

2018-11-08 16:57:42 - [TEST_STEP][PASSED] - delay: Delayed 5 second(s)

2018-11-08 16:57:47 - [MESSAGE][PASSED] - Delayed 5 second(s)

2018-11-08 16:57:47 - [TEST_STEP][PASSED] - click: Object: 'Object Repository/Final Object Repo/New Registration - Registration Module Pages/Third Screen - Upload Supporting Doc- Preview/Add Document Button' is clicked on

2018-11-08 16:57:47 - [MESSAGE][PASSED] - Object: 'Object Repository/Final Object Repo/New Registration - Registration Module Pages/Third Screen - Upload Supporting Doc- Preview/Add Document Button' is clicked on

2018-11-08 16:57:47 - [TEST_STEP][PASSED] - delay: Delayed 30 second(s)

2018-11-08 16:58:17 - [MESSAGE][PASSED] - Delayed 30 second(s)

2018-11-08 16:58:17 - [TEST_STEP][PASSED] - click: Object: 'Object Repository/Final Object Repo/New Registration - Registration Module Pages/Third Screen - Upload Supporting Doc- Preview/Supporting Doc Please Select Drop Down' is clicked on

2018-11-08 16:58:18 - [MESSAGE][PASSED] - Object: 'Object Repository/Final Object Repo/New Registration - Registration Module Pages/Third Screen - Upload Supporting Doc- Preview/Supporting Doc Please Select Drop Down' is clicked on

2018-11-08 16:58:18 - [TEST_STEP][PASSED] - delay: Delayed 3 second(s)

2018-11-08 16:58:21 - [MESSAGE][PASSED] - Delayed 3 second(s)

2018-11-08 16:58:21 - [TEST_STEP][PASSED] - click: Object: 'Object Repository/Final Object Repo/New Registration - Registration Module Pages/Third Screen - Upload Supporting Doc- Preview/Select to Upload Borang SIP 2' is clicked on

2018-11-08 16:58:22 - [MESSAGE][PASSED] - Object: 'Object Repository/Final Object Repo/New Registration - Registration Module Pages/Third Screen - Upload Supporting Doc- Preview/Select to Upload Borang SIP 2' is clicked on

2018-11-08 16:58:22 - [TEST_STEP][PASSED] - delay: Delayed 2 second(s)

2018-11-08 16:58:24 - [MESSAGE][PASSED] - Delayed 2 second(s)

2018-11-08 16:58:24 - [TEST_STEP][PASSED] - uploadFile: File 'C:\Users\Public\Pictures\Sample Pictures\Act.jpg' sent to object: 'Object Repository/Final Object Repo/New Registration - Registration Module Pages/Third Screen - Upload Supporting Doc- Preview/Upload File Adding'

2018-11-08 16:58:24 - [MESSAGE][PASSED] - File 'C:\Users\Public\Pictures\Sample Pictures\Act.jpg' sent to object: 'Object Repository/Final Object Repo/New Registration - Registration Module Pages/Third Screen - Upload Supporting Doc- Preview/Upload File Adding'

2018-11-08 16:58:24 - [TEST_STEP][PASSED] - delay: Delayed 5 second(s)

2018-11-08 16:58:29 - [MESSAGE][PASSED] - Delayed 5 second(s)

2018-11-08 16:58:29 - [TEST_STEP][PASSED] - click: Object: 'Object Repository/Final Object Repo/New Registration - Registration Module Pages/Third Screen - Upload Supporting Doc- Preview/Inner Form Add Document Button' is clicked on

2018-11-08 16:58:29 - [MESSAGE][PASSED] - Object: 'Object Repository/Final Object Repo/New Registration - Registration Module Pages/Third Screen - Upload Supporting Doc- Preview/Inner Form Add Document Button' is clicked on

2018-11-08 16:58:29 - [TEST_STEP][PASSED] - delay: Delayed 3 second(s)

2018-11-08 16:58:32 - [MESSAGE][PASSED] - Delayed 3 second(s)

2018-11-08 16:58:32 - [TEST_STEP][PASSED] - waitForElementClickable: Object 'Object Repository/Final Object Repo/New Registration - Registration Module Pages/Third Screen - Upload Supporting Doc- Preview/Save n Continue in Uploading Supporting Doc Page' is clickable

2018-11-08 16:58:34 - [MESSAGE][PASSED] - Object 'Object Repository/Final Object Repo/New Registration - Registration Module Pages/Third Screen - Upload Supporting Doc- Preview/Save n Continue in Uploading Supporting Doc Page' is clickable

2018-11-08 16:58:34 - [TEST_STEP][PASSED] - click: Object: 'Object Repository/Final Object Repo/New Registration - Registration Module Pages/Third Screen - Upload Supporting Doc- Preview/Save n Continue in Uploading Supporting Doc Page' is clicked on

2018-11-08 16:58:40 - [MESSAGE][PASSED] - Object: 'Object Repository/Final Object Repo/New Registration - Registration Module Pages/Third Screen - Upload Supporting Doc- Preview/Save n Continue in Uploading Supporting Doc Page' is clicked on

2018-11-08 16:58:40 - [MESSAGE][PASSED] - Call Test Case 'Test Cases/Final Aug 2018 - PKS Automation/Registration Module/New Registration/Flow of New Registration/Third Screen - Upload Supporting Doc - Preview' successfully

2018-11-08 16:58:40 - [TEST_STEP][PASSED] - callTestCase: Call Test Case 'Test Cases/Final Aug 2018 - PKS Automation/Registration Module/New Registration/Submit and Screenshot/Submit Registration and Screenshot' successfully

2018-11-08 16:58:40 - [TEST_CASE][PASSED] - Test Cases/Final Aug 2018 - PKS Automation/Registration Module/New Registration/Submit and Screenshot/Submit Registration and Screenshot: Test Cases/Final Aug 2018 - PKS Automation/Registration Module/New Registration/Submit and Screenshot/Submit Registration and Screenshot

2018-11-08 16:58:40 - [TEST_STEP][PASSED] - delay: Delayed 6 second(s)

2018-11-08 16:58:46 - [MESSAGE][PASSED] - Delayed 6 second(s)

2018-11-08 16:58:46 - [TEST_STEP][PASSED] - click: Object: 'Object Repository/Final Object Repo/New Registration - Registration Module Pages/Third Screen - Upload Supporting Doc- Preview/Preview Submit Button' is clicked on

2018-11-08 16:58:46 - [MESSAGE][PASSED] - Object: 'Object Repository/Final Object Repo/New Registration - Registration Module Pages/Third Screen - Upload Supporting Doc- Preview/Preview Submit Button' is clicked on

2018-11-08 16:58:46 - [TEST_STEP][PASSED] - delay: Delayed 2 second(s)

2018-11-08 16:58:48 - [MESSAGE][PASSED] - Delayed 2 second(s)

2018-11-08 16:58:48 - [TEST_STEP][PASSED] - click: Object: 'Object Repository/Final Object Repo/New Registration - Registration Module Pages/Third Screen - Upload Supporting Doc- Preview/Preview Submit - Confirm' is clicked on

2018-11-08 16:58:54 - [MESSAGE][PASSED] - Object: 'Object Repository/Final Object Repo/New Registration - Registration Module Pages/Third Screen - Upload Supporting Doc- Preview/Preview Submit - Confirm' is clicked on

2018-11-08 16:58:54 - [TEST_STEP][PASSED] - delay: Delayed 15 second(s)

2018-11-08 16:59:09 - [MESSAGE][PASSED] - Delayed 15 second(s)

2018-11-08 16:59:09 - [TEST_STEP][PASSED] - Statement - driver = com.kms.katalon.core.webui.driver.DriverFactory.getWebDriver(): null

2018-11-08 16:59:09 - [TEST_STEP][PASSED] - Statement - driver.manage().timeouts().implicitlyWait(10, SECONDS): null

2018-11-08 16:59:09 - [TEST_STEP][PASSED] - Statement - PresavePath = KatalonScreenshots: null

2018-11-08 16:59:09 - [TEST_STEP][PASSED] - Statement - pathPrefix = "C:\Users\Public\Pictures\Sample Pictures\Katalon Screenshots\Automate Ending Screen": null

2018-11-08 16:59:09 - [TEST_STEP][PASSED] - Statement - finalPath = <not implemented yet for class: org.codehaus.groovy.ast.expr.EmptyExpression>: null

2018-11-08 16:59:09 - [TEST_STEP][PASSED] - Statement - scrFile = driver.getScreenshotAs(FILE): null

2018-11-08 16:59:09 - [TEST_STEP][PASSED] - Statement - PreSaveFile = new java.io.File(PresavePath): null

2018-11-08 16:59:09 - [TEST_STEP][PASSED] - Statement - counter = 0: null

2018-11-08 16:59:09 - [TEST_STEP][PASSED] - Statement - If (PreSaveFile.exists()): null

2018-11-08 16:59:09 - [TEST_STEP][PASSED] - Statement - While (PreSaveFile.exists()): null

2018-11-08 16:59:09 - [TEST_STEP][PASSED] - Statement - counter = counter + 1: null

2018-11-08 16:59:09 - [TEST_STEP][PASSED] - Statement - PreSaveFile = new java.io.File(((pathPrefix + java.lang.Integer.toString(counter)) + .png)): null

2018-11-08 16:59:09 - [TEST_STEP][PASSED] - Statement - counter = counter + 1: null

2018-11-08 16:59:09 - [TEST_STEP][PASSED] - Statement - PreSaveFile = new java.io.File(((pathPrefix + java.lang.Integer.toString(counter)) + .png)): null

2018-11-08 16:59:09 - [TEST_STEP][PASSED] - Statement - counter = counter + 1: null

2018-11-08 16:59:09 - [TEST_STEP][PASSED] - Statement - PreSaveFile = new java.io.File(((pathPrefix + java.lang.Integer.toString(counter)) + .png)): null

2018-11-08 16:59:09 - [TEST_STEP][PASSED] - Statement - counter = counter + 1: null

2018-11-08 16:59:09 - [TEST_STEP][PASSED] - Statement - PreSaveFile = new java.io.File(((pathPrefix + java.lang.Integer.toString(counter)) + .png)): null

2018-11-08 16:59:09 - [TEST_STEP][PASSED] - Statement - counter = counter + 1: null

2018-11-08 16:59:09 - [TEST_STEP][PASSED] - Statement - PreSaveFile = new java.io.File(((pathPrefix + java.lang.Integer.toString(counter)) + .png)): null

2018-11-08 16:59:09 - [TEST_STEP][PASSED] - Statement - counter = counter + 1: null

2018-11-08 16:59:09 - [TEST_STEP][PASSED] - Statement - PreSaveFile = new java.io.File(((pathPrefix + java.lang.Integer.toString(counter)) + .png)): null

2018-11-08 16:59:09 - [TEST_STEP][PASSED] - Statement - counter = counter + 1: null

2018-11-08 16:59:09 - [TEST_STEP][PASSED] - Statement - PreSaveFile = new java.io.File(((pathPrefix + java.lang.Integer.toString(counter)) + .png)): null

2018-11-08 16:59:09 - [TEST_STEP][PASSED] - Statement - counter = counter + 1: null

2018-11-08 16:59:09 - [TEST_STEP][PASSED] - Statement - PreSaveFile = new java.io.File(((pathPrefix + java.lang.Integer.toString(counter)) + .png)): null

2018-11-08 16:59:09 - [TEST_STEP][PASSED] - Statement - counter = counter + 1: null

2018-11-08 16:59:09 - [TEST_STEP][PASSED] - Statement - PreSaveFile = new java.io.File(((pathPrefix + java.lang.Integer.toString(counter)) + .png)): null

2018-11-08 16:59:09 - [TEST_STEP][PASSED] - Statement - counter = counter + 1: null

2018-11-08 16:59:09 - [TEST_STEP][PASSED] - Statement - PreSaveFile = new java.io.File(((pathPrefix + java.lang.Integer.toString(counter)) + .png)): null

2018-11-08 16:59:09 - [TEST_STEP][PASSED] - Statement - counter = counter + 1: null

2018-11-08 16:59:09 - [TEST_STEP][PASSED] - Statement - PreSaveFile = new java.io.File(((pathPrefix + java.lang.Integer.toString(counter)) + .png)): null

2018-11-08 16:59:09 - [TEST_STEP][PASSED] - Statement - counter = counter + 1: null

2018-11-08 16:59:09 - [TEST_STEP][PASSED] - Statement - PreSaveFile = new java.io.File(((pathPrefix + java.lang.Integer.toString(counter)) + .png)): null

2018-11-08 16:59:09 - [TEST_STEP][PASSED] - Statement - counter = counter + 1: null

2018-11-08 16:59:09 - [TEST_STEP][PASSED] - Statement - PreSaveFile = new java.io.File(((pathPrefix + java.lang.Integer.toString(counter)) + .png)): null

2018-11-08 16:59:09 - [TEST_STEP][PASSED] - Statement - counter = counter + 1: null

2018-11-08 16:59:09 - [TEST_STEP][PASSED] - Statement - PreSaveFile = new java.io.File(((pathPrefix + java.lang.Integer.toString(counter)) + .png)): null

2018-11-08 16:59:09 - [TEST_STEP][PASSED] - Statement - counter = counter + 1: null

2018-11-08 16:59:09 - [TEST_STEP][PASSED] - Statement - PreSaveFile = new java.io.File(((pathPrefix + java.lang.Integer.toString(counter)) + .png)): null

2018-11-08 16:59:09 - [TEST_STEP][PASSED] - Statement - counter = counter + 1: null

2018-11-08 16:59:09 - [TEST_STEP][PASSED] - Statement - PreSaveFile = new java.io.File(((pathPrefix + java.lang.Integer.toString(counter)) + .png)): null

2018-11-08 16:59:09 - [TEST_STEP][PASSED] - Statement - counter = counter + 1: null

2018-11-08 16:59:09 - [TEST_STEP][PASSED] - Statement - PreSaveFile = new java.io.File(((pathPrefix + java.lang.Integer.toString(counter)) + .png)): null

2018-11-08 16:59:09 - [TEST_STEP][PASSED] - Statement - counter = counter + 1: null

2018-11-08 16:59:09 - [TEST_STEP][PASSED] - Statement - PreSaveFile = new java.io.File(((pathPrefix + java.lang.Integer.toString(counter)) + .png)): null

2018-11-08 16:59:09 - [TEST_STEP][PASSED] - Statement - counter = counter + 1: null

2018-11-08 16:59:09 - [TEST_STEP][PASSED] - Statement - PreSaveFile = new java.io.File(((pathPrefix + java.lang.Integer.toString(counter)) + .png)): null

2018-11-08 16:59:09 - [TEST_STEP][PASSED] - Statement - counter = counter + 1: null

2018-11-08 16:59:09 - [TEST_STEP][PASSED] - Statement - PreSaveFile = new java.io.File(((pathPrefix + java.lang.Integer.toString(counter)) + .png)): null

2018-11-08 16:59:09 - [TEST_STEP][PASSED] - Statement - counter = counter + 1: null

2018-11-08 16:59:09 - [TEST_STEP][PASSED] - Statement - PreSaveFile = new java.io.File(((pathPrefix + java.lang.Integer.toString(counter)) + .png)): null

2018-11-08 16:59:10 - [TEST_STEP][PASSED] - Statement - counter = counter + 1: null

2018-11-08 16:59:10 - [TEST_STEP][PASSED] - Statement - PreSaveFile = new java.io.File(((pathPrefix + java.lang.Integer.toString(counter)) + .png)): null

2018-11-08 16:59:10 - [TEST_STEP][PASSED] - Statement - counter = counter + 1: null

2018-11-08 16:59:10 - [TEST_STEP][PASSED] - Statement - PreSaveFile = new java.io.File(((pathPrefix + java.lang.Integer.toString(counter)) + .png)): null

2018-11-08 16:59:10 - [TEST_STEP][PASSED] - Statement - counter = counter + 1: null

2018-11-08 16:59:10 - [TEST_STEP][PASSED] - Statement - PreSaveFile = new java.io.File(((pathPrefix + java.lang.Integer.toString(counter)) + .png)): null

2018-11-08 16:59:10 - [TEST_STEP][PASSED] - Statement - counter = counter + 1: null

2018-11-08 16:59:10 - [TEST_STEP][PASSED] - Statement - PreSaveFile = new java.io.File(((pathPrefix + java.lang.Integer.toString(counter)) + .png)): null

2018-11-08 16:59:10 - [TEST_STEP][PASSED] - Statement - counter = counter + 1: null

2018-11-08 16:59:10 - [TEST_STEP][PASSED] - Statement - PreSaveFile = new java.io.File(((pathPrefix + java.lang.Integer.toString(counter)) + .png)): null

2018-11-08 16:59:10 - [TEST_STEP][PASSED] - Statement - counter = counter + 1: null

2018-11-08 16:59:10 - [TEST_STEP][PASSED] - Statement - PreSaveFile = new java.io.File(((pathPrefix + java.lang.Integer.toString(counter)) + .png)): null

2018-11-08 16:59:10 - [TEST_STEP][PASSED] - Statement - counter = counter + 1: null

2018-11-08 16:59:10 - [TEST_STEP][PASSED] - Statement - PreSaveFile = new java.io.File(((pathPrefix + java.lang.Integer.toString(counter)) + .png)): null

2018-11-08 16:59:10 - [TEST_STEP][PASSED] - Statement - counter = counter + 1: null

2018-11-08 16:59:11 - [TEST_STEP][PASSED] - Statement - PreSaveFile = new java.io.File(((pathPrefix + java.lang.Integer.toString(counter)) + .png)): null

2018-11-08 16:59:11 - [TEST_STEP][PASSED] - Statement - counter = counter + 1: null

2018-11-08 16:59:11 - [TEST_STEP][PASSED] - Statement - PreSaveFile = new java.io.File(((pathPrefix + java.lang.Integer.toString(counter)) + .png)): null

2018-11-08 16:59:11 - [TEST_STEP][PASSED] - Statement - counter = counter + 1: null

2018-11-08 16:59:11 - [TEST_STEP][PASSED] - Statement - PreSaveFile = new java.io.File(((pathPrefix + java.lang.Integer.toString(counter)) + .png)): null

2018-11-08 16:59:11 - [TEST_STEP][PASSED] - Statement - counter = counter + 1: null

2018-11-08 16:59:11 - [TEST_STEP][PASSED] - Statement - PreSaveFile = new java.io.File(((pathPrefix + java.lang.Integer.toString(counter)) + .png)): null

2018-11-08 16:59:11 - [TEST_STEP][PASSED] - Statement - counter = counter + 1: null

2018-11-08 16:59:11 - [TEST_STEP][PASSED] - Statement - PreSaveFile = new java.io.File(((pathPrefix + java.lang.Integer.toString(counter)) + .png)): null

2018-11-08 16:59:11 - [TEST_STEP][PASSED] - Statement - counter = counter + 1: null

2018-11-08 16:59:11 - [TEST_STEP][PASSED] - Statement - PreSaveFile = new java.io.File(((pathPrefix + java.lang.Integer.toString(counter)) + .png)): null

2018-11-08 16:59:11 - [TEST_STEP][PASSED] - Statement - counter = counter + 1: null

2018-11-08 16:59:11 - [TEST_STEP][PASSED] - Statement - PreSaveFile = new java.io.File(((pathPrefix + java.lang.Integer.toString(counter)) + .png)): null

2018-11-08 16:59:11 - [TEST_STEP][PASSED] - Statement - counter = counter + 1: null

2018-11-08 16:59:11 - [TEST_STEP][PASSED] - Statement - PreSaveFile = new java.io.File(((pathPrefix + java.lang.Integer.toString(counter)) + .png)): null

2018-11-08 16:59:11 - [TEST_STEP][PASSED] - Statement - counter = counter + 1: null

2018-11-08 16:59:11 - [TEST_STEP][PASSED] - Statement - PreSaveFile = new java.io.File(((pathPrefix + java.lang.Integer.toString(counter)) + .png)): null

2018-11-08 16:59:11 - [TEST_STEP][PASSED] - Statement - counter = counter + 1: null

2018-11-08 16:59:11 - [TEST_STEP][PASSED] - Statement - PreSaveFile = new java.io.File(((pathPrefix + java.lang.Integer.toString(counter)) + .png)): null

2018-11-08 16:59:11 - [TEST_STEP][PASSED] - Statement - counter = counter + 1: null

2018-11-08 16:59:11 - [TEST_STEP][PASSED] - Statement - PreSaveFile = new java.io.File(((pathPrefix + java.lang.Integer.toString(counter)) + .png)): null

2018-11-08 16:59:11 - [TEST_STEP][PASSED] - Statement - counter = counter + 1: null

2018-11-08 16:59:11 - [TEST_STEP][PASSED] - Statement - PreSaveFile = new java.io.File(((pathPrefix + java.lang.Integer.toString(counter)) + .png)): null

2018-11-08 16:59:11 - [TEST_STEP][PASSED] - Statement - counter = counter + 1: null

2018-11-08 16:59:12 - [TEST_STEP][PASSED] - Statement - PreSaveFile = new java.io.File(((pathPrefix + java.lang.Integer.toString(counter)) + .png)): null

2018-11-08 16:59:12 - [TEST_STEP][PASSED] - Statement - counter = counter + 1: null

2018-11-08 16:59:12 - [TEST_STEP][PASSED] - Statement - PreSaveFile = new java.io.File(((pathPrefix + java.lang.Integer.toString(counter)) + .png)): null

2018-11-08 16:59:12 - [TEST_STEP][PASSED] - Statement - counter = counter + 1: null

2018-11-08 16:59:12 - [TEST_STEP][PASSED] - Statement - PreSaveFile = new java.io.File(((pathPrefix + java.lang.Integer.toString(counter)) + .png)): null

2018-11-08 16:59:12 - [TEST_STEP][PASSED] - Statement - counter = counter + 1: null

2018-11-08 16:59:12 - [TEST_STEP][PASSED] - Statement - PreSaveFile = new java.io.File(((pathPrefix + java.lang.Integer.toString(counter)) + .png)): null

2018-11-08 16:59:12 - [TEST_STEP][PASSED] - Statement - counter = counter + 1: null

2018-11-08 16:59:12 - [TEST_STEP][PASSED] - Statement - PreSaveFile = new java.io.File(((pathPrefix + java.lang.Integer.toString(counter)) + .png)): null

2018-11-08 16:59:12 - [TEST_STEP][PASSED] - Statement - counter = counter + 1: null

2018-11-08 16:59:13 - [TEST_STEP][PASSED] - Statement - PreSaveFile = new java.io.File(((pathPrefix + java.lang.Integer.toString(counter)) + .png)): null

2018-11-08 16:59:13 - [TEST_STEP][PASSED] - Statement - counter = counter + 1: null

2018-11-08 16:59:13 - [TEST_STEP][PASSED] - Statement - PreSaveFile = new java.io.File(((pathPrefix + java.lang.Integer.toString(counter)) + .png)): null

2018-11-08 16:59:13 - [TEST_STEP][PASSED] - Statement - counter = counter + 1: null

2018-11-08 16:59:13 - [TEST_STEP][PASSED] - Statement - PreSaveFile = new java.io.File(((pathPrefix + java.lang.Integer.toString(counter)) + .png)): null

2018-11-08 16:59:13 - [TEST_STEP][PASSED] - Statement - counter = counter + 1: null

2018-11-08 16:59:13 - [TEST_STEP][PASSED] - Statement - PreSaveFile = new java.io.File(((pathPrefix + java.lang.Integer.toString(counter)) + .png)): null

2018-11-08 16:59:13 - [TEST_STEP][PASSED] - Statement - counter = counter + 1: null

2018-11-08 16:59:13 - [TEST_STEP][PASSED] - Statement - PreSaveFile = new java.io.File(((pathPrefix + java.lang.Integer.toString(counter)) + .png)): null

2018-11-08 16:59:13 - [TEST_STEP][PASSED] - Statement - counter = counter + 1: null

2018-11-08 16:59:13 - [TEST_STEP][PASSED] - Statement - PreSaveFile = new java.io.File(((pathPrefix + java.lang.Integer.toString(counter)) + .png)): null

2018-11-08 16:59:13 - [TEST_STEP][PASSED] - Statement - counter = counter + 1: null

2018-11-08 16:59:13 - [TEST_STEP][PASSED] - Statement - PreSaveFile = new java.io.File(((pathPrefix + java.lang.Integer.toString(counter)) + .png)): null

2018-11-08 16:59:13 - [TEST_STEP][PASSED] - Statement - counter = counter + 1: null

2018-11-08 16:59:14 - [TEST_STEP][PASSED] - Statement - PreSaveFile = new java.io.File(((pathPrefix + java.lang.Integer.toString(counter)) + .png)): null

2018-11-08 16:59:14 - [TEST_STEP][PASSED] - Statement - counter = counter + 1: null

2018-11-08 16:59:14 - [TEST_STEP][PASSED] - Statement - PreSaveFile = new java.io.File(((pathPrefix + java.lang.Integer.toString(counter)) + .png)): null

2018-11-08 16:59:14 - [TEST_STEP][PASSED] - Statement - counter = counter + 1: null

2018-11-08 16:59:14 - [TEST_STEP][PASSED] - Statement - PreSaveFile = new java.io.File(((pathPrefix + java.lang.Integer.toString(counter)) + .png)): null

2018-11-08 16:59:14 - [TEST_STEP][PASSED] - Statement - counter = counter + 1: null

2018-11-08 16:59:14 - [TEST_STEP][PASSED] - Statement - PreSaveFile = new java.io.File(((pathPrefix + java.lang.Integer.toString(counter)) + .png)): null

2018-11-08 16:59:14 - [TEST_STEP][PASSED] - Statement - counter = counter + 1: null

2018-11-08 16:59:14 - [TEST_STEP][PASSED] - Statement - PreSaveFile = new java.io.File(((pathPrefix + java.lang.Integer.toString(counter)) + .png)): null

2018-11-08 16:59:14 - [TEST_STEP][PASSED] - Statement - counter = counter + 1: null

2018-11-08 16:59:15 - [TEST_STEP][PASSED] - Statement - PreSaveFile = new java.io.File(((pathPrefix + java.lang.Integer.toString(counter)) + .png)): null

2018-11-08 16:59:15 - [TEST_STEP][PASSED] - Statement - counter = counter + 1: null

2018-11-08 16:59:15 - [TEST_STEP][PASSED] - Statement - PreSaveFile = new java.io.File(((pathPrefix + java.lang.Integer.toString(counter)) + .png)): null

2018-11-08 16:59:15 - [TEST_STEP][PASSED] - Statement - counter = counter + 1: null

2018-11-08 16:59:15 - [TEST_STEP][PASSED] - Statement - PreSaveFile = new java.io.File(((pathPrefix + java.lang.Integer.toString(counter)) + .png)): null

2018-11-08 16:59:15 - [TEST_STEP][PASSED] - Statement - counter = counter + 1: null

2018-11-08 16:59:15 - [TEST_STEP][PASSED] - Statement - PreSaveFile = new java.io.File(((pathPrefix + java.lang.Integer.toString(counter)) + .png)): null

2018-11-08 16:59:15 - [TEST_STEP][PASSED] - Statement - counter = counter + 1: null

2018-11-08 16:59:15 - [TEST_STEP][PASSED] - Statement - PreSaveFile = new java.io.File(((pathPrefix + java.lang.Integer.toString(counter)) + .png)): null

2018-11-08 16:59:16 - [TEST_STEP][PASSED] - Statement - counter = counter + 1: null

2018-11-08 16:59:16 - [TEST_STEP][PASSED] - Statement - PreSaveFile = new java.io.File(((pathPrefix + java.lang.Integer.toString(counter)) + .png)): null

2018-11-08 16:59:16 - [TEST_STEP][PASSED] - Statement - counter = counter + 1: null

2018-11-08 16:59:16 - [TEST_STEP][PASSED] - Statement - PreSaveFile = new java.io.File(((pathPrefix + java.lang.Integer.toString(counter)) + .png)): null

2018-11-08 16:59:16 - [TEST_STEP][PASSED] - Statement - counter = counter + 1: null

2018-11-08 16:59:16 - [TEST_STEP][PASSED] - Statement - PreSaveFile = new java.io.File(((pathPrefix + java.lang.Integer.toString(counter)) + .png)): null

2018-11-08 16:59:16 - [TEST_STEP][PASSED] - Statement - counter = counter + 1: null

2018-11-08 16:59:16 - [TEST_STEP][PASSED] - Statement - PreSaveFile = new java.io.File(((pathPrefix + java.lang.Integer.toString(counter)) + .png)): null

2018-11-08 16:59:16 - [TEST_STEP][PASSED] - Statement - counter = counter + 1: null

2018-11-08 16:59:16 - [TEST_STEP][PASSED] - Statement - PreSaveFile = new java.io.File(((pathPrefix + java.lang.Integer.toString(counter)) + .png)): null

2018-11-08 16:59:16 - [TEST_STEP][PASSED] - Statement - counter = counter + 1: null

2018-11-08 16:59:16 - [TEST_STEP][PASSED] - Statement - PreSaveFile = new java.io.File(((pathPrefix + java.lang.Integer.toString(counter)) + .png)): null

2018-11-08 16:59:16 - [TEST_STEP][PASSED] - Statement - counter = counter + 1: null

2018-11-08 16:59:16 - [TEST_STEP][PASSED] - Statement - PreSaveFile = new java.io.File(((pathPrefix + java.lang.Integer.toString(counter)) + .png)): null

2018-11-08 16:59:17 - [TEST_STEP][PASSED] - Statement - counter = counter + 1: null

2018-11-08 16:59:17 - [TEST_STEP][PASSED] - Statement - PreSaveFile = new java.io.File(((pathPrefix + java.lang.Integer.toString(counter)) + .png)): null

2018-11-08 16:59:17 - [TEST_STEP][PASSED] - Statement - counter = counter + 1: null

2018-11-08 16:59:17 - [TEST_STEP][PASSED] - Statement - PreSaveFile = new java.io.File(((pathPrefix + java.lang.Integer.toString(counter)) + .png)): null

2018-11-08 16:59:17 - [TEST_STEP][PASSED] - Statement - counter = counter + 1: null

2018-11-08 16:59:17 - [TEST_STEP][PASSED] - Statement - PreSaveFile = new java.io.File(((pathPrefix + java.lang.Integer.toString(counter)) + .png)): null

2018-11-08 16:59:17 - [TEST_STEP][PASSED] - Statement - counter = counter + 1: null

2018-11-08 16:59:17 - [TEST_STEP][PASSED] - Statement - PreSaveFile = new java.io.File(((pathPrefix + java.lang.Integer.toString(counter)) + .png)): null

2018-11-08 16:59:17 - [TEST_STEP][PASSED] - Statement - counter = counter + 1: null

2018-11-08 16:59:18 - [TEST_STEP][PASSED] - Statement - PreSaveFile = new java.io.File(((pathPrefix + java.lang.Integer.toString(counter)) + .png)): null

2018-11-08 16:59:18 - [TEST_STEP][PASSED] - Statement - counter = counter + 1: null

2018-11-08 16:59:18 - [TEST_STEP][PASSED] - Statement - PreSaveFile = new java.io.File(((pathPrefix + java.lang.Integer.toString(counter)) + .png)): null

2018-11-08 16:59:18 - [TEST_STEP][PASSED] - Statement - counter = counter + 1: null

2018-11-08 16:59:18 - [TEST_STEP][PASSED] - Statement - PreSaveFile = new java.io.File(((pathPrefix + java.lang.Integer.toString(counter)) + .png)): null

2018-11-08 16:59:18 - [TEST_STEP][PASSED] - Statement - counter = counter + 1: null

2018-11-08 16:59:18 - [TEST_STEP][PASSED] - Statement - PreSaveFile = new java.io.File(((pathPrefix + java.lang.Integer.toString(counter)) + .png)): null

2018-11-08 16:59:18 - [TEST_STEP][PASSED] - Statement - counter = counter + 1: null

2018-11-08 16:59:18 - [TEST_STEP][PASSED] - Statement - PreSaveFile = new java.io.File(((pathPrefix + java.lang.Integer.toString(counter)) + .png)): null

2018-11-08 16:59:18 - [TEST_STEP][PASSED] - Statement - counter = counter + 1: null

2018-11-08 16:59:19 - [TEST_STEP][PASSED] - Statement - PreSaveFile = new java.io.File(((pathPrefix + java.lang.Integer.toString(counter)) + .png)): null

2018-11-08 16:59:19 - [TEST_STEP][PASSED] - Statement - counter = counter + 1: null

2018-11-08 16:59:19 - [TEST_STEP][PASSED] - Statement - PreSaveFile = new java.io.File(((pathPrefix + java.lang.Integer.toString(counter)) + .png)): null

2018-11-08 16:59:19 - [TEST_STEP][PASSED] - Statement - counter = counter + 1: null

2018-11-08 16:59:19 - [TEST_STEP][PASSED] - Statement - PreSaveFile = new java.io.File(((pathPrefix + java.lang.Integer.toString(counter)) + .png)): null

2018-11-08 16:59:19 - [TEST_STEP][PASSED] - Statement - counter = counter + 1: null

2018-11-08 16:59:19 - [TEST_STEP][PASSED] - Statement - PreSaveFile = new java.io.File(((pathPrefix + java.lang.Integer.toString(counter)) + .png)): null

2018-11-08 16:59:19 - [TEST_STEP][PASSED] - Statement - counter = counter + 1: null

2018-11-08 16:59:19 - [TEST_STEP][PASSED] - Statement - PreSaveFile = new java.io.File(((pathPrefix + java.lang.Integer.toString(counter)) + .png)): null

2018-11-08 16:59:19 - [TEST_STEP][PASSED] - Statement - counter = counter + 1: null

2018-11-08 16:59:19 - [TEST_STEP][PASSED] - Statement - PreSaveFile = new java.io.File(((pathPrefix + java.lang.Integer.toString(counter)) + .png)): null

2018-11-08 16:59:19 - [TEST_STEP][PASSED] - Statement - counter = counter + 1: null

2018-11-08 16:59:19 - [TEST_STEP][PASSED] - Statement - PreSaveFile = new java.io.File(((pathPrefix + java.lang.Integer.toString(counter)) + .png)): null

2018-11-08 16:59:19 - [TEST_STEP][PASSED] - Statement - counter = counter + 1: null

2018-11-08 16:59:20 - [TEST_STEP][PASSED] - Statement - PreSaveFile = new java.io.File(((pathPrefix + java.lang.Integer.toString(counter)) + .png)): null

2018-11-08 16:59:20 - [TEST_STEP][PASSED] - Statement - counter = counter + 1: null

2018-11-08 16:59:20 - [TEST_STEP][PASSED] - Statement - PreSaveFile = new java.io.File(((pathPrefix + java.lang.Integer.toString(counter)) + .png)): null

2018-11-08 16:59:20 - [TEST_STEP][PASSED] - Statement - counter = counter + 1: null

2018-11-08 16:59:20 - [TEST_STEP][PASSED] - Statement - PreSaveFile = new java.io.File(((pathPrefix + java.lang.Integer.toString(counter)) + .png)): null

2018-11-08 16:59:20 - [TEST_STEP][PASSED] - Statement - counter = counter + 1: null

2018-11-08 16:59:20 - [TEST_STEP][PASSED] - Statement - PreSaveFile = new java.io.File(((pathPrefix + java.lang.Integer.toString(counter)) + .png)): null

2018-11-08 16:59:20 - [TEST_STEP][PASSED] - Statement - counter = counter + 1: null

2018-11-08 16:59:20 - [TEST_STEP][PASSED] - Statement - PreSaveFile = new java.io.File(((pathPrefix + java.lang.Integer.toString(counter)) + .png)): null

2018-11-08 16:59:20 - [TEST_STEP][PASSED] - Statement - counter = counter + 1: null

2018-11-08 16:59:21 - [TEST_STEP][PASSED] - Statement - PreSaveFile = new java.io.File(((pathPrefix + java.lang.Integer.toString(counter)) + .png)): null

2018-11-08 16:59:21 - [TEST_STEP][PASSED] - Statement - counter = counter + 1: null

2018-11-08 16:59:21 - [TEST_STEP][PASSED] - Statement - PreSaveFile = new java.io.File(((pathPrefix + java.lang.Integer.toString(counter)) + .png)): null

2018-11-08 16:59:21 - [TEST_STEP][PASSED] - Statement - counter = counter + 1: null

2018-11-08 16:59:21 - [TEST_STEP][PASSED] - Statement - PreSaveFile = new java.io.File(((pathPrefix + java.lang.Integer.toString(counter)) + .png)): null

2018-11-08 16:59:21 - [TEST_STEP][PASSED] - Statement - counter = counter + 1: null

2018-11-08 16:59:21 - [TEST_STEP][PASSED] - Statement - PreSaveFile = new java.io.File(((pathPrefix + java.lang.Integer.toString(counter)) + .png)): null

2018-11-08 16:59:21 - [TEST_STEP][PASSED] - Statement - counter = counter + 1: null

2018-11-08 16:59:21 - [TEST_STEP][PASSED] - Statement - PreSaveFile = new java.io.File(((pathPrefix + java.lang.Integer.toString(counter)) + .png)): null

2018-11-08 16:59:22 - [TEST_STEP][PASSED] - Statement - counter = counter + 1: null

2018-11-08 16:59:22 - [TEST_STEP][PASSED] - Statement - PreSaveFile = new java.io.File(((pathPrefix + java.lang.Integer.toString(counter)) + .png)): null

2018-11-08 16:59:22 - [TEST_STEP][PASSED] - Statement - counter = counter + 1: null

2018-11-08 16:59:22 - [TEST_STEP][PASSED] - Statement - PreSaveFile = new java.io.File(((pathPrefix + java.lang.Integer.toString(counter)) + .png)): null

2018-11-08 16:59:22 - [TEST_STEP][PASSED] - Statement - counter = counter + 1: null

2018-11-08 16:59:22 - [TEST_STEP][PASSED] - Statement - PreSaveFile = new java.io.File(((pathPrefix + java.lang.Integer.toString(counter)) + .png)): null

2018-11-08 16:59:22 - [TEST_STEP][PASSED] - Statement - counter = counter + 1: null

2018-11-08 16:59:22 - [TEST_STEP][PASSED] - Statement - PreSaveFile = new java.io.File(((pathPrefix + java.lang.Integer.toString(counter)) + .png)): null

2018-11-08 16:59:22 - [TEST_STEP][PASSED] - Statement - counter = counter + 1: null

2018-11-08 16:59:23 - [TEST_STEP][PASSED] - Statement - PreSaveFile = new java.io.File(((pathPrefix + java.lang.Integer.toString(counter)) + .png)): null

2018-11-08 16:59:23 - [TEST_STEP][PASSED] - Statement - counter = counter + 1: null

2018-11-08 16:59:23 - [TEST_STEP][PASSED] - Statement - PreSaveFile = new java.io.File(((pathPrefix + java.lang.Integer.toString(counter)) + .png)): null

2018-11-08 16:59:23 - [TEST_STEP][PASSED] - Statement - counter = counter + 1: null

2018-11-08 16:59:23 - [TEST_STEP][PASSED] - Statement - PreSaveFile = new java.io.File(((pathPrefix + java.lang.Integer.toString(counter)) + .png)): null

2018-11-08 16:59:23 - [TEST_STEP][PASSED] - Statement - counter = counter + 1: null

2018-11-08 16:59:23 - [TEST_STEP][PASSED] - Statement - PreSaveFile = new java.io.File(((pathPrefix + java.lang.Integer.toString(counter)) + .png)): null

2018-11-08 16:59:23 - [TEST_STEP][PASSED] - Statement - counter = counter + 1: null

2018-11-08 16:59:23 - [TEST_STEP][PASSED] - Statement - PreSaveFile = new java.io.File(((pathPrefix + java.lang.Integer.toString(counter)) + .png)): null

2018-11-08 16:59:23 - [TEST_STEP][PASSED] - Statement - counter = counter + 1: null

2018-11-08 16:59:23 - [TEST_STEP][PASSED] - Statement - PreSaveFile = new java.io.File(((pathPrefix + java.lang.Integer.toString(counter)) + .png)): null

2018-11-08 16:59:23 - [TEST_STEP][PASSED] - Statement - counter = counter + 1: null

2018-11-08 16:59:23 - [TEST_STEP][PASSED] - Statement - PreSaveFile = new java.io.File(((pathPrefix + java.lang.Integer.toString(counter)) + .png)): null

2018-11-08 16:59:23 - [TEST_STEP][PASSED] - Statement - counter = counter + 1: null

2018-11-08 16:59:24 - [TEST_STEP][PASSED] - Statement - PreSaveFile = new java.io.File(((pathPrefix + java.lang.Integer.toString(counter)) + .png)): null

2018-11-08 16:59:24 - [TEST_STEP][PASSED] - Statement - counter = counter + 1: null

2018-11-08 16:59:24 - [TEST_STEP][PASSED] - Statement - PreSaveFile = new java.io.File(((pathPrefix + java.lang.Integer.toString(counter)) + .png)): null

2018-11-08 16:59:24 - [TEST_STEP][PASSED] - Statement - counter = counter + 1: null

2018-11-08 16:59:24 - [TEST_STEP][PASSED] - Statement - PreSaveFile = new java.io.File(((pathPrefix + java.lang.Integer.toString(counter)) + .png)): null

2018-11-08 16:59:24 - [TEST_STEP][PASSED] - Statement - counter = counter + 1: null

2018-11-08 16:59:24 - [TEST_STEP][PASSED] - Statement - PreSaveFile = new java.io.File(((pathPrefix + java.lang.Integer.toString(counter)) + .png)): null

2018-11-08 16:59:24 - [TEST_STEP][PASSED] - Statement - counter = counter + 1: null

2018-11-08 16:59:24 - [TEST_STEP][PASSED] - Statement - PreSaveFile = new java.io.File(((pathPrefix + java.lang.Integer.toString(counter)) + .png)): null

2018-11-08 16:59:25 - [TEST_STEP][PASSED] - Statement - counter = counter + 1: null

2018-11-08 16:59:25 - [TEST_STEP][PASSED] - Statement - PreSaveFile = new java.io.File(((pathPrefix + java.lang.Integer.toString(counter)) + .png)): null

2018-11-08 16:59:25 - [TEST_STEP][PASSED] - Statement - counter = counter + 1: null

2018-11-08 16:59:25 - [TEST_STEP][PASSED] - Statement - PreSaveFile = new java.io.File(((pathPrefix + java.lang.Integer.toString(counter)) + .png)): null

2018-11-08 16:59:25 - [TEST_STEP][PASSED] - Statement - counter = counter + 1: null

2018-11-08 16:59:25 - [TEST_STEP][PASSED] - Statement - PreSaveFile = new java.io.File(((pathPrefix + java.lang.Integer.toString(counter)) + .png)): null

2018-11-08 16:59:25 - [TEST_STEP][PASSED] - Statement - counter = counter + 1: null

2018-11-08 16:59:25 - [TEST_STEP][PASSED] - Statement - PreSaveFile = new java.io.File(((pathPrefix + java.lang.Integer.toString(counter)) + .png)): null

2018-11-08 16:59:25 - [TEST_STEP][PASSED] - Statement - counter = counter + 1: null

2018-11-08 16:59:27 - [TEST_STEP][PASSED] - Statement - PreSaveFile = new java.io.File(((pathPrefix + java.lang.Integer.toString(counter)) + .png)): null

2018-11-08 16:59:27 - [TEST_STEP][PASSED] - Statement - counter = counter + 1: null

2018-11-08 16:59:27 - [TEST_STEP][PASSED] - Statement - PreSaveFile = new java.io.File(((pathPrefix + java.lang.Integer.toString(counter)) + .png)): null

2018-11-08 16:59:27 - [TEST_STEP][PASSED] - Statement - counter = counter + 1: null

2018-11-08 16:59:27 - [TEST_STEP][PASSED] - Statement - PreSaveFile = new java.io.File(((pathPrefix + java.lang.Integer.toString(counter)) + .png)): null

2018-11-08 16:59:27 - [TEST_STEP][PASSED] - Statement - counter = counter + 1: null

2018-11-08 16:59:27 - [TEST_STEP][PASSED] - Statement - PreSaveFile = new java.io.File(((pathPrefix + java.lang.Integer.toString(counter)) + .png)): null

2018-11-08 16:59:27 - [TEST_STEP][PASSED] - Statement - counter = counter + 1: null

2018-11-08 16:59:27 - [TEST_STEP][PASSED] - Statement - PreSaveFile = new java.io.File(((pathPrefix + java.lang.Integer.toString(counter)) + .png)): null

2018-11-08 16:59:27 - [TEST_STEP][PASSED] - Statement - counter = counter + 1: null

2018-11-08 16:59:28 - [TEST_STEP][PASSED] - Statement - PreSaveFile = new java.io.File(((pathPrefix + java.lang.Integer.toString(counter)) + .png)): null

2018-11-08 16:59:28 - [TEST_STEP][PASSED] - Statement - counter = counter + 1: null

2018-11-08 16:59:28 - [TEST_STEP][PASSED] - Statement - PreSaveFile = new java.io.File(((pathPrefix + java.lang.Integer.toString(counter)) + .png)): null

2018-11-08 16:59:28 - [TEST_STEP][PASSED] - Statement - counter = counter + 1: null

2018-11-08 16:59:28 - [TEST_STEP][PASSED] - Statement - PreSaveFile = new java.io.File(((pathPrefix + java.lang.Integer.toString(counter)) + .png)): null

2018-11-08 16:59:28 - [TEST_STEP][PASSED] - Statement - counter = counter + 1: null

2018-11-08 16:59:28 - [TEST_STEP][PASSED] - Statement - PreSaveFile = new java.io.File(((pathPrefix + java.lang.Integer.toString(counter)) + .png)): null

2018-11-08 16:59:28 - [TEST_STEP][PASSED] - Statement - counter = counter + 1: null

2018-11-08 16:59:28 - [TEST_STEP][PASSED] - Statement - PreSaveFile = new java.io.File(((pathPrefix + java.lang.Integer.toString(counter)) + .png)): null

2018-11-08 16:59:28 - [TEST_STEP][PASSED] - Statement - counter = counter + 1: null

2018-11-08 16:59:28 - [TEST_STEP][PASSED] - Statement - PreSaveFile = new java.io.File(((pathPrefix + java.lang.Integer.toString(counter)) + .png)): null

2018-11-08 16:59:28 - [TEST_STEP][PASSED] - Statement - counter = counter + 1: null

2018-11-08 16:59:28 - [TEST_STEP][PASSED] - Statement - PreSaveFile = new java.io.File(((pathPrefix + java.lang.Integer.toString(counter)) + .png)): null

2018-11-08 16:59:28 - [TEST_STEP][PASSED] - Statement - counter = counter + 1: null

2018-11-08 16:59:29 - [TEST_STEP][PASSED] - Statement - PreSaveFile = new java.io.File(((pathPrefix + java.lang.Integer.toString(counter)) + .png)): null

2018-11-08 16:59:29 - [TEST_STEP][PASSED] - Statement - counter = counter + 1: null

2018-11-08 16:59:29 - [TEST_STEP][PASSED] - Statement - PreSaveFile = new java.io.File(((pathPrefix + java.lang.Integer.toString(counter)) + .png)): null

2018-11-08 16:59:29 - [TEST_STEP][PASSED] - Statement - counter = counter + 1: null

2018-11-08 16:59:29 - [TEST_STEP][PASSED] - Statement - PreSaveFile = new java.io.File(((pathPrefix + java.lang.Integer.toString(counter)) + .png)): null

2018-11-08 16:59:29 - [TEST_STEP][PASSED] - Statement - counter = counter + 1: null

2018-11-08 16:59:29 - [TEST_STEP][PASSED] - Statement - PreSaveFile = new java.io.File(((pathPrefix + java.lang.Integer.toString(counter)) + .png)): null

2018-11-08 16:59:29 - [TEST_STEP][PASSED] - Statement - counter = counter + 1: null

2018-11-08 16:59:29 - [TEST_STEP][PASSED] - Statement - PreSaveFile = new java.io.File(((pathPrefix + java.lang.Integer.toString(counter)) + .png)): null

2018-11-08 16:59:30 - [TEST_STEP][PASSED] - Statement - counter = counter + 1: null

2018-11-08 16:59:30 - [TEST_STEP][PASSED] - Statement - PreSaveFile = new java.io.File(((pathPrefix + java.lang.Integer.toString(counter)) + .png)): null

2018-11-08 16:59:30 - [TEST_STEP][PASSED] - Statement - counter = counter + 1: null

2018-11-08 16:59:30 - [TEST_STEP][PASSED] - Statement - PreSaveFile = new java.io.File(((pathPrefix + java.lang.Integer.toString(counter)) + .png)): null

2018-11-08 16:59:30 - [TEST_STEP][PASSED] - Statement - counter = counter + 1: null

2018-11-08 16:59:30 - [TEST_STEP][PASSED] - Statement - PreSaveFile = new java.io.File(((pathPrefix + java.lang.Integer.toString(counter)) + .png)): null

2018-11-08 16:59:30 - [TEST_STEP][PASSED] - Statement - counter = counter + 1: null

2018-11-08 16:59:30 - [TEST_STEP][PASSED] - Statement - PreSaveFile = new java.io.File(((pathPrefix + java.lang.Integer.toString(counter)) + .png)): null

2018-11-08 16:59:30 - [TEST_STEP][PASSED] - Statement - counter = counter + 1: null

2018-11-08 16:59:32 - [TEST_STEP][PASSED] - Statement - PreSaveFile = new java.io.File(((pathPrefix + java.lang.Integer.toString(counter)) + .png)): null

2018-11-08 16:59:32 - [TEST_STEP][PASSED] - Statement - counter = counter + 1: null

2018-11-08 16:59:32 - [TEST_STEP][PASSED] - Statement - PreSaveFile = new java.io.File(((pathPrefix + java.lang.Integer.toString(counter)) + .png)): null

2018-11-08 16:59:32 - [TEST_STEP][PASSED] - Statement - counter = counter + 1: null

2018-11-08 16:59:32 - [TEST_STEP][PASSED] - Statement - PreSaveFile = new java.io.File(((pathPrefix + java.lang.Integer.toString(counter)) + .png)): null

2018-11-08 16:59:32 - [TEST_STEP][PASSED] - Statement - counter = counter + 1: null

2018-11-08 16:59:32 - [TEST_STEP][PASSED] - Statement - PreSaveFile = new java.io.File(((pathPrefix + java.lang.Integer.toString(counter)) + .png)): null

2018-11-08 16:59:32 - [TEST_STEP][PASSED] - Statement - counter = counter + 1: null

2018-11-08 16:59:32 - [TEST_STEP][PASSED] - Statement - PreSaveFile = new java.io.File(((pathPrefix + java.lang.Integer.toString(counter)) + .png)): null

2018-11-08 16:59:32 - [TEST_STEP][PASSED] - Statement - counter = counter + 1: null

2018-11-08 16:59:33 - [TEST_STEP][PASSED] - Statement - PreSaveFile = new java.io.File(((pathPrefix + java.lang.Integer.toString(counter)) + .png)): null

2018-11-08 16:59:33 - [TEST_STEP][PASSED] - Statement - counter = counter + 1: null

2018-11-08 16:59:33 - [TEST_STEP][PASSED] - Statement - PreSaveFile = new java.io.File(((pathPrefix + java.lang.Integer.toString(counter)) + .png)): null

2018-11-08 16:59:33 - [TEST_STEP][PASSED] - Statement - counter = counter + 1: null

2018-11-08 16:59:33 - [TEST_STEP][PASSED] - Statement - PreSaveFile = new java.io.File(((pathPrefix + java.lang.Integer.toString(counter)) + .png)): null

2018-11-08 16:59:33 - [TEST_STEP][PASSED] - Statement - counter = counter + 1: null

2018-11-08 16:59:33 - [TEST_STEP][PASSED] - Statement - PreSaveFile = new java.io.File(((pathPrefix + java.lang.Integer.toString(counter)) + .png)): null

2018-11-08 16:59:33 - [TEST_STEP][PASSED] - Statement - counter = counter + 1: null

2018-11-08 16:59:33 - [TEST_STEP][PASSED] - Statement - PreSaveFile = new java.io.File(((pathPrefix + java.lang.Integer.toString(counter)) + .png)): null

2018-11-08 16:59:33 - [TEST_STEP][PASSED] - Statement - counter = counter + 1: null

2018-11-08 16:59:33 - [TEST_STEP][PASSED] - Statement - PreSaveFile = new java.io.File(((pathPrefix + java.lang.Integer.toString(counter)) + .png)): null

2018-11-08 16:59:33 - [TEST_STEP][PASSED] - Statement - counter = counter + 1: null

2018-11-08 16:59:33 - [TEST_STEP][PASSED] - Statement - PreSaveFile = new java.io.File(((pathPrefix + java.lang.Integer.toString(counter)) + .png)): null

2018-11-08 16:59:33 - [TEST_STEP][PASSED] - Statement - counter = counter + 1: null

2018-11-08 16:59:33 - [TEST_STEP][PASSED] - Statement - PreSaveFile = new java.io.File(((pathPrefix + java.lang.Integer.toString(counter)) + .png)): null

2018-11-08 16:59:33 - [TEST_STEP][PASSED] - Statement - counter = counter + 1: null

2018-11-08 16:59:33 - [TEST_STEP][PASSED] - Statement - PreSaveFile = new java.io.File(((pathPrefix + java.lang.Integer.toString(counter)) + .png)): null

2018-11-08 16:59:33 - [TEST_STEP][PASSED] - Statement - counter = counter + 1: null

2018-11-08 16:59:33 - [TEST_STEP][PASSED] - Statement - PreSaveFile = new java.io.File(((pathPrefix + java.lang.Integer.toString(counter)) + .png)): null

2018-11-08 16:59:33 - [TEST_STEP][PASSED] - Statement - counter = counter + 1: null

2018-11-08 16:59:34 - [TEST_STEP][PASSED] - Statement - PreSaveFile = new java.io.File(((pathPrefix + java.lang.Integer.toString(counter)) + .png)): null

2018-11-08 16:59:34 - [TEST_STEP][PASSED] - Statement - counter = counter + 1: null

2018-11-08 16:59:34 - [TEST_STEP][PASSED] - Statement - PreSaveFile = new java.io.File(((pathPrefix + java.lang.Integer.toString(counter)) + .png)): null

2018-11-08 16:59:34 - [TEST_STEP][PASSED] - Statement - counter = counter + 1: null

2018-11-08 16:59:34 - [TEST_STEP][PASSED] - Statement - PreSaveFile = new java.io.File(((pathPrefix + java.lang.Integer.toString(counter)) + .png)): null

2018-11-08 16:59:34 - [TEST_STEP][PASSED] - Statement - counter = counter + 1: null

2018-11-08 16:59:34 - [TEST_STEP][PASSED] - Statement - PreSaveFile = new java.io.File(((pathPrefix + java.lang.Integer.toString(counter)) + .png)): null

2018-11-08 16:59:34 - [TEST_STEP][PASSED] - Statement - counter = counter + 1: null

2018-11-08 16:59:34 - [TEST_STEP][PASSED] - Statement - PreSaveFile = new java.io.File(((pathPrefix + java.lang.Integer.toString(counter)) + .png)): null

2018-11-08 16:59:34 - [TEST_STEP][PASSED] - Statement - counter = counter + 1: null

2018-11-08 16:59:34 - [TEST_STEP][PASSED] - Statement - PreSaveFile = new java.io.File(((pathPrefix + java.lang.Integer.toString(counter)) + .png)): null

2018-11-08 16:59:34 - [TEST_STEP][PASSED] - Statement - counter = counter + 1: null

2018-11-08 16:59:35 - [TEST_STEP][PASSED] - Statement - PreSaveFile = new java.io.File(((pathPrefix + java.lang.Integer.toString(counter)) + .png)): null

2018-11-08 16:59:35 - [TEST_STEP][PASSED] - Statement - counter = counter + 1: null

2018-11-08 16:59:35 - [TEST_STEP][PASSED] - Statement - PreSaveFile = new java.io.File(((pathPrefix + java.lang.Integer.toString(counter)) + .png)): null

2018-11-08 16:59:35 - [TEST_STEP][PASSED] - Statement - counter = counter + 1: null

2018-11-08 16:59:35 - [TEST_STEP][PASSED] - Statement - PreSaveFile = new java.io.File(((pathPrefix + java.lang.Integer.toString(counter)) + .png)): null

2018-11-08 16:59:35 - [TEST_STEP][PASSED] - Statement - counter = counter + 1: null

2018-11-08 16:59:35 - [TEST_STEP][PASSED] - Statement - PreSaveFile = new java.io.File(((pathPrefix + java.lang.Integer.toString(counter)) + .png)): null

2018-11-08 16:59:35 - [TEST_STEP][PASSED] - Statement - counter = counter + 1: null

2018-11-08 16:59:35 - [TEST_STEP][PASSED] - Statement - PreSaveFile = new java.io.File(((pathPrefix + java.lang.Integer.toString(counter)) + .png)): null

2018-11-08 16:59:35 - [TEST_STEP][PASSED] - Statement - counter = counter + 1: null

2018-11-08 16:59:37 - [TEST_STEP][PASSED] - Statement - PreSaveFile = new java.io.File(((pathPrefix + java.lang.Integer.toString(counter)) + .png)): null

2018-11-08 16:59:37 - [TEST_STEP][PASSED] - Statement - counter = counter + 1: null

2018-11-08 16:59:37 - [TEST_STEP][PASSED] - Statement - PreSaveFile = new java.io.File(((pathPrefix + java.lang.Integer.toString(counter)) + .png)): null

2018-11-08 16:59:37 - [TEST_STEP][PASSED] - Statement - finalPath = pathPrefix + java.lang.Integer.toString(counter) + ".png": null

2018-11-08 16:59:37 - [TEST_STEP][PASSED] - Statement - SaveFile = new java.io.File(finalPath): null

2018-11-08 16:59:37 - [TEST_STEP][PASSED] - Statement - Try: null

2018-11-08 16:59:37 - [TEST_STEP][PASSED] - Statement - org.apache.commons.io.FileUtils.copyFile(scrFile, SaveFile): null

2018-11-08 16:59:37 - [TEST_STEP][PASSED] - Statement - out.println("file kept"): null

2018-11-08 16:59:37 - [TEST_STEP][PASSED] - delay: Delayed 10 second(s)

2018-11-08 16:59:48 - [MESSAGE][PASSED] - Delayed 10 second(s)

2018-11-08 16:59:48 - [MESSAGE][PASSED] - Call Test Case 'Test Cases/Final Aug 2018 - PKS Automation/Registration Module/New Registration/Submit and Screenshot/Submit Registration and Screenshot' successfully

2018-11-08 16:59:48 - [TEST_STEP][PASSED] - callTestCase: Call Test Case 'Test Cases/Final Aug 2018 - PKS Automation/Registration Module/Log Out/log out avoiding katalon tagging' successfully

2018-11-08 16:59:48 - [TEST_CASE][PASSED] - Test Cases/Final Aug 2018 - PKS Automation/Registration Module/Log Out/log out avoiding katalon tagging: Test Cases/Final Aug 2018 - PKS Automation/Registration Module/Log Out/log out avoiding katalon tagging

2018-11-08 16:59:48 - [TEST_STEP][PASSED] - navigateToUrl: Navigate to 'https://assist2-uat.perkeso.gov.my/c/portal/logout' successfully

2018-11-08 16:59:50 - [MESSAGE][PASSED] - Navigate to 'https://assist2-uat.perkeso.gov.my/c/portal/logout' successfully

2018-11-08 16:59:50 - [MESSAGE][PASSED] - Call Test Case 'Test Cases/Final Aug 2018 - PKS Automation/Registration Module/Log Out/log out avoiding katalon tagging' successfully

2018-11-08 16:59:50 - [TEST_STEP][PASSED] - callTestCase: Call Test Case 'Test Cases/Final Aug 2018 - PKS Automation/Common/Workflow Owner Finder' successfully

2018-11-08 16:59:50 - [TEST_CASE][PASSED] - Test Cases/Final Aug 2018 - PKS Automation/Common/Workflow Owner Finder: Test Cases/Final Aug 2018 - PKS Automation/Common/Workflow Owner Finder

2018-11-08 16:59:50 - [TEST_STEP][PASSED] - openBrowser: Browser is opened with url: ''

2018-11-08 16:59:50 - [MESSAGE][WARNING] - A browser is already opened. Closing browser and opening a new one

2018-11-08 16:59:55 - [MESSAGE][PASSED] - Browser is opened with url: ''

2018-11-08 16:59:55 - [TEST_STEP][PASSED] - navigateToUrl: Navigate to 'https://assist2-uat.perkeso.gov.my/login' successfully

2018-11-08 16:59:58 - [MESSAGE][PASSED] - Navigate to 'https://assist2-uat.perkeso.gov.my/login' successfully

2018-11-08 16:59:58 - [TEST_STEP][PASSED] - delay: Delayed 5 second(s)

2018-11-08 17:00:03 - [MESSAGE][PASSED] - Delayed 5 second(s)

2018-11-08 17:00:03 - [TEST_STEP][PASSED] - setText: Text 'test@liferay.com' is set on object 'Object Repository/Final Object Repo/Login Page/Internal User/Email Address'

2018-11-08 17:00:03 - [MESSAGE][PASSED] - Text 'test@liferay.com' is set on object 'Object Repository/Final Object Repo/Login Page/Internal User/Email Address'

2018-11-08 17:00:03 - [TEST_STEP][PASSED] - click: Object: 'Object Repository/Final Object Repo/Login Page/Internal User/Next Button' is clicked on

2018-11-08 17:00:03 - [MESSAGE][PASSED] - Object: 'Object Repository/Final Object Repo/Login Page/Internal User/Next Button' is clicked on

2018-11-08 17:00:03 - [TEST_STEP][PASSED] - delay: Delayed 2 second(s)

2018-11-08 17:00:05 - [MESSAGE][PASSED] - Delayed 2 second(s)

2018-11-08 17:00:05 - [TEST_STEP][PASSED] - setText: Text 'test' is set on object 'Object Repository/Final Object Repo/Login Page/Internal User/Password'

2018-11-08 17:00:05 - [MESSAGE][PASSED] - Text 'test' is set on object 'Object Repository/Final Object Repo/Login Page/Internal User/Password'

2018-11-08 17:00:05 - [TEST_STEP][PASSED] - delay: Delayed 2 second(s)

2018-11-08 17:00:07 - [MESSAGE][PASSED] - Delayed 2 second(s)

2018-11-08 17:00:07 - [TEST_STEP][PASSED] - click: Object: 'Object Repository/Final Object Repo/Login Page/Internal User/Login Button' is clicked on

2018-11-08 17:00:11 - [MESSAGE][PASSED] - Object: 'Object Repository/Final Object Repo/Login Page/Internal User/Login Button' is clicked on

2018-11-08 17:00:11 - [TEST_STEP][PASSED] - Statement - Try: Delayed 2 second(s)

2018-11-08 17:00:11 - [TEST_STEP][PASSED] - Statement - Checker = false: null

2018-11-08 17:00:11 - [TEST_STEP][PASSED] - Statement - Checker = com.kms.katalon.core.webui.keyword.WebUiBuiltInKeywords.verifyElementHasAttribute(com.kms.katalon.core.testobject.ObjectRepository.findTestObject(Final Object Repo/Landing Page/BM Detecting), "href", 20, OPTIONAL): Object 'Object Repository/Final Object Repo/Landing Page/BM Detecting' has attribute 'href'

2018-11-08 17:00:11 - [MESSAGE][PASSED] - Object 'Object Repository/Final Object Repo/Landing Page/BM Detecting' has attribute 'href'

2018-11-08 17:00:11 - [TEST_STEP][PASSED] - Statement - out.println(Checker): null

2018-11-08 17:00:11 - [TEST_STEP][PASSED] - Statement - If (Checker == false): null

2018-11-08 17:00:11 - [TEST_STEP][PASSED] - Statement - Else: null

2018-11-08 17:00:11 - [TEST_STEP][PASSED] - delay: Delayed 2 second(s)

2018-11-08 17:00:13 - [MESSAGE][PASSED] - Delayed 2 second(s)

2018-11-08 17:00:13 - [TEST_STEP][PASSED] - delay: Delayed 3 second(s)

2018-11-08 17:00:16 - [MESSAGE][PASSED] - Delayed 3 second(s)

2018-11-08 17:00:16 - [TEST_STEP][PASSED] - mouseOver: Object: 'Object Repository/Final Object Repo/Landing Page/WorkFlow Menu' is hovered

2018-11-08 17:00:17 - [MESSAGE][PASSED] - Object: 'Object Repository/Final Object Repo/Landing Page/WorkFlow Menu' is hovered

2018-11-08 17:00:17 - [TEST_STEP][PASSED] - delay: Delayed 2 second(s)

2018-11-08 17:00:19 - [MESSAGE][PASSED] - Delayed 2 second(s)

2018-11-08 17:00:19 - [TEST_STEP][PASSED] - click: Object: 'Object Repository/Final Object Repo/Landing Page/Select to Workflow Listing' is clicked on

2018-11-08 17:00:21 - [MESSAGE][PASSED] - Object: 'Object Repository/Final Object Repo/Landing Page/Select to Workflow Listing' is clicked on

2018-11-08 17:00:21 - [TEST_STEP][PASSED] - delay: Delayed 2 second(s)

2018-11-08 17:00:23 - [MESSAGE][PASSED] - Delayed 2 second(s)

2018-11-08 17:00:23 - [TEST_STEP][PASSED] - click: Object: 'Object Repository/Final Object Repo/WorkFlow Listing Page/Search Information - To Put Ref No' is clicked on

2018-11-08 17:00:23 - [MESSAGE][PASSED] - Object: 'Object Repository/Final Object Repo/WorkFlow Listing Page/Search Information - To Put Ref No' is clicked on

2018-11-08 17:00:23 - [TEST_STEP][PASSED] - delay: Delayed 2 second(s)

2018-11-08 17:00:25 - [MESSAGE][PASSED] - Delayed 2 second(s)

2018-11-08 17:00:25 - [TEST_STEP][PASSED] - callTestCase: Call Test Case 'Test Cases/Final Aug 2018 - PKS Automation/Common/Reference Number Getter' successfully

2018-11-08 17:00:25 - [TEST_CASE][PASSED] - Test Cases/Final Aug 2018 - PKS Automation/Common/Reference Number Getter: Test Cases/Final Aug 2018 - PKS Automation/Common/Reference Number Getter

2018-11-08 17:00:25 - [TEST_STEP][PASSED] - Statement - Try: null

2018-11-08 17:00:25 - [TEST_STEP][PASSED] - Statement - RefNo = new java.io.File(C://KatalonReference.txt): null

2018-11-08 17:00:25 - [TEST_STEP][PASSED] - Statement - bufferread = new java.io.BufferedReader(new java.io.FileReader(RefNo)): null

2018-11-08 17:00:25 - [TEST_STEP][PASSED] - Statement - readedVal = bufferread.readLine(): null

2018-11-08 17:00:25 - [TEST_STEP][PASSED] - Statement - out.println(CaseReferenceNo): null

2018-11-08 17:00:25 - [TEST_STEP][PASSED] - Statement - out.println(readedVal): null

2018-11-08 17:00:25 - [TEST_STEP][PASSED] - Statement - CaseReferenceNo = readedVal: null

2018-11-08 17:00:25 - [MESSAGE][PASSED] - Call Test Case 'Test Cases/Final Aug 2018 - PKS Automation/Common/Reference Number Getter' successfully

2018-11-08 17:00:25 - [TEST_STEP][PASSED] - setText: Text 'CRN11201800122429' is set on object 'Object Repository/Final Object Repo/WorkFlow Listing Page/Ref No Set Text'

2018-11-08 17:00:25 - [MESSAGE][PASSED] - Text 'CRN11201800122429' is set on object 'Object Repository/Final Object Repo/WorkFlow Listing Page/Ref No Set Text'

2018-11-08 17:00:25 - [TEST_STEP][PASSED] - delay: Delayed 2 second(s)

2018-11-08 17:00:27 - [MESSAGE][PASSED] - Delayed 2 second(s)

2018-11-08 17:00:27 - [TEST_STEP][PASSED] - click: Object: 'Object Repository/Final Object Repo/WorkFlow Listing Page/Search Ref No Search Button' is clicked on

2018-11-08 17:00:29 - [MESSAGE][PASSED] - Object: 'Object Repository/Final Object Repo/WorkFlow Listing Page/Search Ref No Search Button' is clicked on

2018-11-08 17:00:29 - [TEST_STEP][PASSED] - delay: Delayed 4 second(s)

2018-11-08 17:00:33 - [MESSAGE][PASSED] - Delayed 4 second(s)

2018-11-08 17:00:33 - [TEST_STEP][PASSED] - click: Object: 'Object Repository/Final Object Repo/WorkFlow Listing Page/Click Continue Tooltip' is clicked on

2018-11-08 17:00:35 - [MESSAGE][PASSED] - Object: 'Object Repository/Final Object Repo/WorkFlow Listing Page/Click Continue Tooltip' is clicked on

2018-11-08 17:00:35 - [TEST_STEP][PASSED] - delay: Delayed 5 second(s)

2018-11-08 17:00:40 - [MESSAGE][PASSED] - Delayed 5 second(s)

2018-11-08 17:00:40 - [TEST_STEP][PASSED] - doubleClick: Object: 'Object Repository/Final Object Repo/WorkFlow Listing Page/Workflow Found - Listing 1' is double clicked on

2018-11-08 17:00:41 - [MESSAGE][PASSED] - Object: 'Object Repository/Final Object Repo/WorkFlow Listing Page/Workflow Found - Listing 1' is double clicked on

2018-11-08 17:00:41 - [TEST_STEP][PASSED] - Statement - println(OwnerID): null

2018-11-08 17:00:41 - [TEST_STEP][PASSED] - Statement - OwnerID = com.kms.katalon.core.webui.keyword.WebUiBuiltInKeywords.getText(com.kms.katalon.core.testobject.ObjectRepository.findTestObject(Final Object Repo/WorkFlow Listing Page/Workflow Found - Listing 1), STOP_ON_FAILURE): Text of object 'Object Repository/Final Object Repo/WorkFlow Listing Page/Workflow Found - Listing 1' is: 'KLpkrbo2'

2018-11-08 17:00:41 - [MESSAGE][PASSED] - Text of object 'Object Repository/Final Object Repo/WorkFlow Listing Page/Workflow Found - Listing 1' is: 'KLpkrbo2'

2018-11-08 17:00:41 - [TEST_STEP][PASSED] - Statement - OwnerID = OwnerID.toLowerCase() + "@gmail.com": null

2018-11-08 17:00:41 - [TEST_STEP][PASSED] - Statement - println(OwnerID): null

2018-11-08 17:00:41 - [TEST_STEP][PASSED] - delay: Delayed 2 second(s)

2018-11-08 17:00:43 - [MESSAGE][PASSED] - Delayed 2 second(s)

2018-11-08 17:00:43 - [MESSAGE][PASSED] - Call Test Case 'Test Cases/Final Aug 2018 - PKS Automation/Common/Workflow Owner Finder' successfully

2018-11-08 17:00:43 - [TEST_STEP][PASSED] - callTestCase: Call Test Case 'Test Cases/Final Aug 2018 - PKS Automation/Registration Module/Log Out/log out avoiding katalon tagging' successfully

2018-11-08 17:00:43 - [TEST_CASE][PASSED] - Test Cases/Final Aug 2018 - PKS Automation/Registration Module/Log Out/log out avoiding katalon tagging: Test Cases/Final Aug 2018 - PKS Automation/Registration Module/Log Out/log out avoiding katalon tagging

2018-11-08 17:00:43 - [TEST_STEP][PASSED] - navigateToUrl: Navigate to 'https://assist2-uat.perkeso.gov.my/c/portal/logout' successfully

2018-11-08 17:00:44 - [MESSAGE][PASSED] - Navigate to 'https://assist2-uat.perkeso.gov.my/c/portal/logout' successfully

2018-11-08 17:00:44 - [MESSAGE][PASSED] - Call Test Case 'Test Cases/Final Aug 2018 - PKS Automation/Registration Module/Log Out/log out avoiding katalon tagging' successfully

2018-11-08 17:00:44 - [TEST_STEP][PASSED] - delay: Delayed 2 second(s)

2018-11-08 17:00:46 - [MESSAGE][PASSED] - Delayed 2 second(s)

2018-11-08 17:00:46 - [TEST_STEP][PASSED] - setText: Text 'klpkrbo2@gmail.com' is set on object 'Object Repository/Final Object Repo/New Registration - Registration Module Pages/New Reg - OTC to RO/Special Case - All Related Objects/Email TextBox'

2018-11-08 17:00:46 - [MESSAGE][PASSED] - Text 'klpkrbo2@gmail.com' is set on object 'Object Repository/Final Object Repo/New Registration - Registration Module Pages/New Reg - OTC to RO/Special Case - All Related Objects/Email TextBox'

2018-11-08 17:00:46 - [TEST_STEP][PASSED] - click: Object: 'Object Repository/Final Object Repo/New Registration - Registration Module Pages/New Reg - OTC to RO/Special Case - All Related Objects/Next Button' is clicked on

2018-11-08 17:00:47 - [MESSAGE][PASSED] - Object: 'Object Repository/Final Object Repo/New Registration - Registration Module Pages/New Reg - OTC to RO/Special Case - All Related Objects/Next Button' is clicked on

2018-11-08 17:00:47 - [TEST_STEP][PASSED] - delay: Delayed 2 second(s)

2018-11-08 17:00:49 - [MESSAGE][PASSED] - Delayed 2 second(s)

2018-11-08 17:00:49 - [TEST_STEP][PASSED] - setText: Text 'Test1@3456789' is set on object 'Object Repository/Final Object Repo/New Registration - Registration Module Pages/New Reg - OTC to RO/Special Case - All Related Objects/Password TextBox'

2018-11-08 17:00:49 - [MESSAGE][PASSED] - Text 'Test1@3456789' is set on object 'Object Repository/Final Object Repo/New Registration - Registration Module Pages/New Reg - OTC to RO/Special Case - All Related Objects/Password TextBox'

2018-11-08 17:00:49 - [TEST_STEP][PASSED] - delay: Delayed 2 second(s)

2018-11-08 17:00:51 - [MESSAGE][PASSED] - Delayed 2 second(s)

2018-11-08 17:00:51 - [TEST_STEP][PASSED] - click: Object: 'Object Repository/Final Object Repo/New Registration - Registration Module Pages/New Reg - OTC to RO/Special Case - All Related Objects/Login Button' is clicked on

2018-11-08 17:00:54 - [MESSAGE][PASSED] - Object: 'Object Repository/Final Object Repo/New Registration - Registration Module Pages/New Reg - OTC to RO/Special Case - All Related Objects/Login Button' is clicked on

2018-11-08 17:00:54 - [TEST_STEP][PASSED] - delay: Delayed 2 second(s)

2018-11-08 17:00:56 - [MESSAGE][PASSED] - Delayed 2 second(s)

2018-11-08 17:00:56 - [TEST_STEP][PASSED] - Statement - Try: null

2018-11-08 17:00:56 - [TEST_STEP][PASSED] - Statement - Checker = com.kms.katalon.core.webui.keyword.WebUiBuiltInKeywords.verifyElementNotPresent("Final Object Repo/Landing Page/Select to English", 3): null

2018-11-08 17:00:56 - [TEST_STEP][PASSED] - Statement - Catch (Exception e): null

2018-11-08 17:00:56 - [TEST_STEP][PASSED] - Statement - e.printStackTrace(): null

2018-11-08 17:00:56 - [TEST_STEP][PASSED] - click: Object: 'Object Repository/Final Object Repo/New Registration - Registration Module Pages/New Reg - OTC to RO/Special Case - All Related Objects/Expand to Search' is clicked on

2018-11-08 17:00:56 - [MESSAGE][PASSED] - Object: 'Object Repository/Final Object Repo/New Registration - Registration Module Pages/New Reg - OTC to RO/Special Case - All Related Objects/Expand to Search' is clicked on

2018-11-08 17:00:56 - [TEST_STEP][PASSED] - setText: Text 'CRN11201800122429' is set on object 'Object Repository/Final Object Repo/New Registration - Registration Module Pages/New Reg - OTC to RO/Special Case - All Related Objects/TextBox RefNo in Workbasket'

2018-11-08 17:00:56 - [MESSAGE][PASSED] - Text 'CRN11201800122429' is set on object 'Object Repository/Final Object Repo/New Registration - Registration Module Pages/New Reg - OTC to RO/Special Case - All Related Objects/TextBox RefNo in Workbasket'

2018-11-08 17:00:56 - [TEST_STEP][PASSED] - delay: Delayed 2 second(s)

2018-11-08 17:00:58 - [MESSAGE][PASSED] - Delayed 2 second(s)

2018-11-08 17:00:58 - [TEST_STEP][PASSED] - click: Object: 'Object Repository/Final Object Repo/New Registration - Registration Module Pages/New Reg - OTC to RO/Special Case - All Related Objects/Click Search' is clicked on

2018-11-08 17:01:00 - [MESSAGE][PASSED] - Object: 'Object Repository/Final Object Repo/New Registration - Registration Module Pages/New Reg - OTC to RO/Special Case - All Related Objects/Click Search' is clicked on

2018-11-08 17:01:00 - [TEST_STEP][PASSED] - click: Object: 'Object Repository/Final Object Repo/New Registration - Registration Module Pages/New Reg - OTC to RO/Special Case - All Related Objects/Click to Continue Workflow' is clicked on

2018-11-08 17:01:04 - [MESSAGE][PASSED] - Object: 'Object Repository/Final Object Repo/New Registration - Registration Module Pages/New Reg - OTC to RO/Special Case - All Related Objects/Click to Continue Workflow' is clicked on

2018-11-08 17:01:04 - [TEST_STEP][PASSED] - delay: Delayed 2 second(s)

2018-11-08 17:01:06 - [MESSAGE][PASSED] - Delayed 2 second(s)

2018-11-08 17:01:06 - [TEST_STEP][PASSED] - click: Object: 'Object Repository/Final Object Repo/New Registration - Registration Module Pages/New Reg - OTC to RO/Special Case - All Related Objects/Form 1 Save n Continue' is clicked on

2018-11-08 17:01:06 - [MESSAGE][PASSED] - Object: 'Object Repository/Final Object Repo/New Registration - Registration Module Pages/New Reg - OTC to RO/Special Case - All Related Objects/Form 1 Save n Continue' is clicked on

2018-11-08 17:01:06 - [TEST_STEP][PASSED] - delay: Delayed 5 second(s)

2018-11-08 17:01:11 - [MESSAGE][PASSED] - Delayed 5 second(s)

2018-11-08 17:01:11 - [TEST_STEP][PASSED] - click: Object: 'Object Repository/Final Object Repo/New Registration - Registration Module Pages/New Reg - OTC to RO/Special Case - OTC - Form 1/Confirm No Flagging as Branch' is clicked on

2018-11-08 17:01:12 - [MESSAGE][PASSED] - Object: 'Object Repository/Final Object Repo/New Registration - Registration Module Pages/New Reg - OTC to RO/Special Case - OTC - Form 1/Confirm No Flagging as Branch' is clicked on

2018-11-08 17:01:12 - [TEST_STEP][PASSED] - delay: Delayed 2 second(s)

2018-11-08 17:01:14 - [MESSAGE][PASSED] - Delayed 2 second(s)

2018-11-08 17:01:14 - [TEST_STEP][PASSED] - click: Object: 'Object Repository/Final Object Repo/New Registration - Registration Module Pages/New Reg - OTC to RO/Special Case - All Related Objects/Form 2 Save n Continue' is clicked on

2018-11-08 17:01:16 - [MESSAGE][PASSED] - Object: 'Object Repository/Final Object Repo/New Registration - Registration Module Pages/New Reg - OTC to RO/Special Case - All Related Objects/Form 2 Save n Continue' is clicked on

2018-11-08 17:01:16 - [TEST_STEP][PASSED] - delay: Delayed 2 second(s)

2018-11-08 17:01:18 - [MESSAGE][PASSED] - Delayed 2 second(s)

2018-11-08 17:01:18 - [TEST_STEP][PASSED] - click: Object: 'Object Repository/Final Object Repo/New Registration - Registration Module Pages/New Reg - OTC to RO/Special Case - All Related Objects/Third Screen Save n Continue' is clicked on

2018-11-08 17:01:25 - [MESSAGE][PASSED] - Object: 'Object Repository/Final Object Repo/New Registration - Registration Module Pages/New Reg - OTC to RO/Special Case - All Related Objects/Third Screen Save n Continue' is clicked on

2018-11-08 17:01:25 - [TEST_STEP][PASSED] - delay: Delayed 5 second(s)

2018-11-08 17:01:30 - [MESSAGE][PASSED] - Delayed 5 second(s)

2018-11-08 17:01:30 - [TEST_STEP][PASSED] - click: Object: 'Object Repository/Final Object Repo/New Registration - Registration Module Pages/New Reg - OTC to RO/Special Case - All Related Objects/Upload Doc Page Save n Continue' is clicked on

2018-11-08 17:01:30 - [MESSAGE][PASSED] - Object: 'Object Repository/Final Object Repo/New Registration - Registration Module Pages/New Reg - OTC to RO/Special Case - All Related Objects/Upload Doc Page Save n Continue' is clicked on

2018-11-08 17:01:30 - [TEST_STEP][PASSED] - callTestCase: Call Test Case 'Test Cases/Final Aug 2018 - PKS Automation/Registration Module/New Registration/Submit and Screenshot/Submit Registration and Screenshot' successfully

2018-11-08 17:01:30 - [TEST_CASE][PASSED] - Test Cases/Final Aug 2018 - PKS Automation/Registration Module/New Registration/Submit and Screenshot/Submit Registration and Screenshot: Test Cases/Final Aug 2018 - PKS Automation/Registration Module/New Registration/Submit and Screenshot/Submit Registration and Screenshot

2018-11-08 17:01:30 - [TEST_STEP][PASSED] - delay: Delayed 6 second(s)

2018-11-08 17:01:36 - [MESSAGE][PASSED] - Delayed 6 second(s)

2018-11-08 17:01:36 - [TEST_STEP][PASSED] - click: Object: 'Object Repository/Final Object Repo/New Registration - Registration Module Pages/Third Screen - Upload Supporting Doc- Preview/Preview Submit Button' is clicked on

2018-11-08 17:01:36 - [MESSAGE][PASSED] - Object: 'Object Repository/Final Object Repo/New Registration - Registration Module Pages/Third Screen - Upload Supporting Doc- Preview/Preview Submit Button' is clicked on

2018-11-08 17:01:36 - [TEST_STEP][PASSED] - delay: Delayed 2 second(s)

2018-11-08 17:01:38 - [MESSAGE][PASSED] - Delayed 2 second(s)

2018-11-08 17:01:38 - [TEST_STEP][PASSED] - click: Object: 'Object Repository/Final Object Repo/New Registration - Registration Module Pages/Third Screen - Upload Supporting Doc- Preview/Preview Submit - Confirm' is clicked on

2018-11-08 17:01:39 - [MESSAGE][PASSED] - Object: 'Object Repository/Final Object Repo/New Registration - Registration Module Pages/Third Screen - Upload Supporting Doc- Preview/Preview Submit - Confirm' is clicked on

2018-11-08 17:01:39 - [TEST_STEP][PASSED] - delay: Delayed 15 second(s)

2018-11-08 17:01:54 - [MESSAGE][PASSED] - Delayed 15 second(s)

2018-11-08 17:01:54 - [TEST_STEP][PASSED] - Statement - driver = com.kms.katalon.core.webui.driver.DriverFactory.getWebDriver(): null

2018-11-08 17:01:54 - [TEST_STEP][PASSED] - Statement - driver.manage().timeouts().implicitlyWait(10, SECONDS): null

2018-11-08 17:01:54 - [TEST_STEP][PASSED] - Statement - PresavePath = KatalonScreenshots: null

2018-11-08 17:01:54 - [TEST_STEP][PASSED] - Statement - pathPrefix = "C:\Users\Public\Pictures\Sample Pictures\Katalon Screenshots\Automate Ending Screen": null

2018-11-08 17:01:54 - [TEST_STEP][PASSED] - Statement - finalPath = <not implemented yet for class: org.codehaus.groovy.ast.expr.EmptyExpression>: null

2018-11-08 17:01:54 - [TEST_STEP][PASSED] - Statement - scrFile = driver.getScreenshotAs(FILE): null

2018-11-08 17:01:54 - [TEST_STEP][PASSED] - Statement - PreSaveFile = new java.io.File(PresavePath): null

2018-11-08 17:01:54 - [TEST_STEP][PASSED] - Statement - counter = 0: null

2018-11-08 17:01:54 - [TEST_STEP][PASSED] - Statement - If (PreSaveFile.exists()): null

2018-11-08 17:01:54 - [TEST_STEP][PASSED] - Statement - While (PreSaveFile.exists()): null

2018-11-08 17:01:54 - [TEST_STEP][PASSED] - Statement - counter = counter + 1: null

2018-11-08 17:01:54 - [TEST_STEP][PASSED] - Statement - PreSaveFile = new java.io.File(((pathPrefix + java.lang.Integer.toString(counter)) + .png)): null

2018-11-08 17:01:54 - [TEST_STEP][PASSED] - Statement - counter = counter + 1: null

2018-11-08 17:01:54 - [TEST_STEP][PASSED] - Statement - PreSaveFile = new java.io.File(((pathPrefix + java.lang.Integer.toString(counter)) + .png)): null

2018-11-08 17:01:54 - [TEST_STEP][PASSED] - Statement - counter = counter + 1: null

2018-11-08 17:01:54 - [TEST_STEP][PASSED] - Statement - PreSaveFile = new java.io.File(((pathPrefix + java.lang.Integer.toString(counter)) + .png)): null

2018-11-08 17:01:54 - [TEST_STEP][PASSED] - Statement - counter = counter + 1: null

2018-11-08 17:01:54 - [TEST_STEP][PASSED] - Statement - PreSaveFile = new java.io.File(((pathPrefix + java.lang.Integer.toString(counter)) + .png)): null

2018-11-08 17:01:54 - [TEST_STEP][PASSED] - Statement - counter = counter + 1: null

2018-11-08 17:01:54 - [TEST_STEP][PASSED] - Statement - PreSaveFile = new java.io.File(((pathPrefix + java.lang.Integer.toString(counter)) + .png)): null

2018-11-08 17:01:54 - [TEST_STEP][PASSED] - Statement - counter = counter + 1: null

2018-11-08 17:01:54 - [TEST_STEP][PASSED] - Statement - PreSaveFile = new java.io.File(((pathPrefix + java.lang.Integer.toString(counter)) + .png)): null

2018-11-08 17:01:54 - [TEST_STEP][PASSED] - Statement - counter = counter + 1: null

2018-11-08 17:01:54 - [TEST_STEP][PASSED] - Statement - PreSaveFile = new java.io.File(((pathPrefix + java.lang.Integer.toString(counter)) + .png)): null

2018-11-08 17:01:54 - [TEST_STEP][PASSED] - Statement - counter = counter + 1: null

2018-11-08 17:01:54 - [TEST_STEP][PASSED] - Statement - PreSaveFile = new java.io.File(((pathPrefix + java.lang.Integer.toString(counter)) + .png)): null

2018-11-08 17:01:54 - [TEST_STEP][PASSED] - Statement - counter = counter + 1: null

2018-11-08 17:01:54 - [TEST_STEP][PASSED] - Statement - PreSaveFile = new java.io.File(((pathPrefix + java.lang.Integer.toString(counter)) + .png)): null

2018-11-08 17:01:54 - [TEST_STEP][PASSED] - Statement - counter = counter + 1: null

2018-11-08 17:01:54 - [TEST_STEP][PASSED] - Statement - PreSaveFile = new java.io.File(((pathPrefix + java.lang.Integer.toString(counter)) + .png)): null

2018-11-08 17:01:54 - [TEST_STEP][PASSED] - Statement - counter = counter + 1: null

2018-11-08 17:01:54 - [TEST_STEP][PASSED] - Statement - PreSaveFile = new java.io.File(((pathPrefix + java.lang.Integer.toString(counter)) + .png)): null

2018-11-08 17:01:54 - [TEST_STEP][PASSED] - Statement - counter = counter + 1: null

2018-11-08 17:01:54 - [TEST_STEP][PASSED] - Statement - PreSaveFile = new java.io.File(((pathPrefix + java.lang.Integer.toString(counter)) + .png)): null

2018-11-08 17:01:54 - [TEST_STEP][PASSED] - Statement - counter = counter + 1: null

2018-11-08 17:01:54 - [TEST_STEP][PASSED] - Statement - PreSaveFile = new java.io.File(((pathPrefix + java.lang.Integer.toString(counter)) + .png)): null

2018-11-08 17:01:54 - [TEST_STEP][PASSED] - Statement - counter = counter + 1: null

2018-11-08 17:01:54 - [TEST_STEP][PASSED] - Statement - PreSaveFile = new java.io.File(((pathPrefix + java.lang.Integer.toString(counter)) + .png)): null

2018-11-08 17:01:54 - [TEST_STEP][PASSED] - Statement - counter = counter + 1: null

2018-11-08 17:01:54 - [TEST_STEP][PASSED] - Statement - PreSaveFile = new java.io.File(((pathPrefix + java.lang.Integer.toString(counter)) + .png)): null

2018-11-08 17:01:54 - [TEST_STEP][PASSED] - Statement - counter = counter + 1: null

2018-11-08 17:01:54 - [TEST_STEP][PASSED] - Statement - PreSaveFile = new java.io.File(((pathPrefix + java.lang.Integer.toString(counter)) + .png)): null

2018-11-08 17:01:54 - [TEST_STEP][PASSED] - Statement - counter = counter + 1: null

2018-11-08 17:01:54 - [TEST_STEP][PASSED] - Statement - PreSaveFile = new java.io.File(((pathPrefix + java.lang.Integer.toString(counter)) + .png)): null

2018-11-08 17:01:54 - [TEST_STEP][PASSED] - Statement - counter = counter + 1: null

2018-11-08 17:01:54 - [TEST_STEP][PASSED] - Statement - PreSaveFile = new java.io.File(((pathPrefix + java.lang.Integer.toString(counter)) + .png)): null

2018-11-08 17:01:54 - [TEST_STEP][PASSED] - Statement - counter = counter + 1: null

2018-11-08 17:01:54 - [TEST_STEP][PASSED] - Statement - PreSaveFile = new java.io.File(((pathPrefix + java.lang.Integer.toString(counter)) + .png)): null

2018-11-08 17:01:54 - [TEST_STEP][PASSED] - Statement - counter = counter + 1: null

2018-11-08 17:01:54 - [TEST_STEP][PASSED] - Statement - PreSaveFile = new java.io.File(((pathPrefix + java.lang.Integer.toString(counter)) + .png)): null

2018-11-08 17:01:54 - [TEST_STEP][PASSED] - Statement - counter = counter + 1: null

2018-11-08 17:01:55 - [TEST_STEP][PASSED] - Statement - PreSaveFile = new java.io.File(((pathPrefix + java.lang.Integer.toString(counter)) + .png)): null

2018-11-08 17:01:55 - [TEST_STEP][PASSED] - Statement - counter = counter + 1: null

2018-11-08 17:01:55 - [TEST_STEP][PASSED] - Statement - PreSaveFile = new java.io.File(((pathPrefix + java.lang.Integer.toString(counter)) + .png)): null

2018-11-08 17:01:55 - [TEST_STEP][PASSED] - Statement - counter = counter + 1: null

2018-11-08 17:01:55 - [TEST_STEP][PASSED] - Statement - PreSaveFile = new java.io.File(((pathPrefix + java.lang.Integer.toString(counter)) + .png)): null

2018-11-08 17:01:55 - [TEST_STEP][PASSED] - Statement - counter = counter + 1: null

2018-11-08 17:01:55 - [TEST_STEP][PASSED] - Statement - PreSaveFile = new java.io.File(((pathPrefix + java.lang.Integer.toString(counter)) + .png)): null

2018-11-08 17:01:55 - [TEST_STEP][PASSED] - Statement - counter = counter + 1: null

2018-11-08 17:01:55 - [TEST_STEP][PASSED] - Statement - PreSaveFile = new java.io.File(((pathPrefix + java.lang.Integer.toString(counter)) + .png)): null

2018-11-08 17:01:55 - [TEST_STEP][PASSED] - Statement - counter = counter + 1: null

2018-11-08 17:01:55 - [TEST_STEP][PASSED] - Statement - PreSaveFile = new java.io.File(((pathPrefix + java.lang.Integer.toString(counter)) + .png)): null

2018-11-08 17:01:55 - [TEST_STEP][PASSED] - Statement - counter = counter + 1: null

2018-11-08 17:01:55 - [TEST_STEP][PASSED] - Statement - PreSaveFile = new java.io.File(((pathPrefix + java.lang.Integer.toString(counter)) + .png)): null

2018-11-08 17:01:55 - [TEST_STEP][PASSED] - Statement - counter = counter + 1: null

2018-11-08 17:01:55 - [TEST_STEP][PASSED] - Statement - PreSaveFile = new java.io.File(((pathPrefix + java.lang.Integer.toString(counter)) + .png)): null

2018-11-08 17:01:56 - [TEST_STEP][PASSED] - Statement - counter = counter + 1: null

2018-11-08 17:01:56 - [TEST_STEP][PASSED] - Statement - PreSaveFile = new java.io.File(((pathPrefix + java.lang.Integer.toString(counter)) + .png)): null

2018-11-08 17:01:56 - [TEST_STEP][PASSED] - Statement - counter = counter + 1: null

2018-11-08 17:01:56 - [TEST_STEP][PASSED] - Statement - PreSaveFile = new java.io.File(((pathPrefix + java.lang.Integer.toString(counter)) + .png)): null

2018-11-08 17:01:56 - [TEST_STEP][PASSED] - Statement - counter = counter + 1: null

2018-11-08 17:01:56 - [TEST_STEP][PASSED] - Statement - PreSaveFile = new java.io.File(((pathPrefix + java.lang.Integer.toString(counter)) + .png)): null

2018-11-08 17:01:56 - [TEST_STEP][PASSED] - Statement - counter = counter + 1: null

2018-11-08 17:01:56 - [TEST_STEP][PASSED] - Statement - PreSaveFile = new java.io.File(((pathPrefix + java.lang.Integer.toString(counter)) + .png)): null

2018-11-08 17:01:56 - [TEST_STEP][PASSED] - Statement - counter = counter + 1: null

2018-11-08 17:01:56 - [TEST_STEP][PASSED] - Statement - PreSaveFile = new java.io.File(((pathPrefix + java.lang.Integer.toString(counter)) + .png)): null

2018-11-08 17:01:56 - [TEST_STEP][PASSED] - Statement - counter = counter + 1: null

2018-11-08 17:01:56 - [TEST_STEP][PASSED] - Statement - PreSaveFile = new java.io.File(((pathPrefix + java.lang.Integer.toString(counter)) + .png)): null

2018-11-08 17:01:56 - [TEST_STEP][PASSED] - Statement - counter = counter + 1: null

2018-11-08 17:01:57 - [TEST_STEP][PASSED] - Statement - PreSaveFile = new java.io.File(((pathPrefix + java.lang.Integer.toString(counter)) + .png)): null

2018-11-08 17:01:57 - [TEST_STEP][PASSED] - Statement - counter = counter + 1: null

2018-11-08 17:01:57 - [TEST_STEP][PASSED] - Statement - PreSaveFile = new java.io.File(((pathPrefix + java.lang.Integer.toString(counter)) + .png)): null

2018-11-08 17:01:57 - [TEST_STEP][PASSED] - Statement - counter = counter + 1: null

2018-11-08 17:01:57 - [TEST_STEP][PASSED] - Statement - PreSaveFile = new java.io.File(((pathPrefix + java.lang.Integer.toString(counter)) + .png)): null

2018-11-08 17:01:57 - [TEST_STEP][PASSED] - Statement - counter = counter + 1: null

2018-11-08 17:01:57 - [TEST_STEP][PASSED] - Statement - PreSaveFile = new java.io.File(((pathPrefix + java.lang.Integer.toString(counter)) + .png)): null

2018-11-08 17:01:57 - [TEST_STEP][PASSED] - Statement - counter = counter + 1: null

2018-11-08 17:01:57 - [TEST_STEP][PASSED] - Statement - PreSaveFile = new java.io.File(((pathPrefix + java.lang.Integer.toString(counter)) + .png)): null

2018-11-08 17:01:57 - [TEST_STEP][PASSED] - Statement - counter = counter + 1: null

2018-11-08 17:01:57 - [TEST_STEP][PASSED] - Statement - PreSaveFile = new java.io.File(((pathPrefix + java.lang.Integer.toString(counter)) + .png)): null

2018-11-08 17:01:57 - [TEST_STEP][PASSED] - Statement - counter = counter + 1: null

2018-11-08 17:01:58 - [TEST_STEP][PASSED] - Statement - PreSaveFile = new java.io.File(((pathPrefix + java.lang.Integer.toString(counter)) + .png)): null

2018-11-08 17:01:58 - [TEST_STEP][PASSED] - Statement - counter = counter + 1: null

2018-11-08 17:01:58 - [TEST_STEP][PASSED] - Statement - PreSaveFile = new java.io.File(((pathPrefix + java.lang.Integer.toString(counter)) + .png)): null

2018-11-08 17:01:58 - [TEST_STEP][PASSED] - Statement - counter = counter + 1: null

2018-11-08 17:01:58 - [TEST_STEP][PASSED] - Statement - PreSaveFile = new java.io.File(((pathPrefix + java.lang.Integer.toString(counter)) + .png)): null

2018-11-08 17:01:58 - [TEST_STEP][PASSED] - Statement - counter = counter + 1: null

2018-11-08 17:01:58 - [TEST_STEP][PASSED] - Statement - PreSaveFile = new java.io.File(((pathPrefix + java.lang.Integer.toString(counter)) + .png)): null

2018-11-08 17:01:58 - [TEST_STEP][PASSED] - Statement - counter = counter + 1: null

2018-11-08 17:01:58 - [TEST_STEP][PASSED] - Statement - PreSaveFile = new java.io.File(((pathPrefix + java.lang.Integer.toString(counter)) + .png)): null

2018-11-08 17:01:58 - [TEST_STEP][PASSED] - Statement - counter = counter + 1: null

2018-11-08 17:01:58 - [TEST_STEP][PASSED] - Statement - PreSaveFile = new java.io.File(((pathPrefix + java.lang.Integer.toString(counter)) + .png)): null

2018-11-08 17:01:58 - [TEST_STEP][PASSED] - Statement - counter = counter + 1: null

2018-11-08 17:01:58 - [TEST_STEP][PASSED] - Statement - PreSaveFile = new java.io.File(((pathPrefix + java.lang.Integer.toString(counter)) + .png)): null

2018-11-08 17:01:58 - [TEST_STEP][PASSED] - Statement - counter = counter + 1: null

2018-11-08 17:01:58 - [TEST_STEP][PASSED] - Statement - PreSaveFile = new java.io.File(((pathPrefix + java.lang.Integer.toString(counter)) + .png)): null

2018-11-08 17:01:58 - [TEST_STEP][PASSED] - Statement - counter = counter + 1: null

2018-11-08 17:01:58 - [TEST_STEP][PASSED] - Statement - PreSaveFile = new java.io.File(((pathPrefix + java.lang.Integer.toString(counter)) + .png)): null

2018-11-08 17:01:58 - [TEST_STEP][PASSED] - Statement - counter = counter + 1: null

2018-11-08 17:01:58 - [TEST_STEP][PASSED] - Statement - PreSaveFile = new java.io.File(((pathPrefix + java.lang.Integer.toString(counter)) + .png)): null

2018-11-08 17:01:58 - [TEST_STEP][PASSED] - Statement - counter = counter + 1: null

2018-11-08 17:01:58 - [TEST_STEP][PASSED] - Statement - PreSaveFile = new java.io.File(((pathPrefix + java.lang.Integer.toString(counter)) + .png)): null

2018-11-08 17:01:58 - [TEST_STEP][PASSED] - Statement - counter = counter + 1: null

2018-11-08 17:01:58 - [TEST_STEP][PASSED] - Statement - PreSaveFile = new java.io.File(((pathPrefix + java.lang.Integer.toString(counter)) + .png)): null

2018-11-08 17:01:58 - [TEST_STEP][PASSED] - Statement - counter = counter + 1: null

2018-11-08 17:01:59 - [TEST_STEP][PASSED] - Statement - PreSaveFile = new java.io.File(((pathPrefix + java.lang.Integer.toString(counter)) + .png)): null

2018-11-08 17:01:59 - [TEST_STEP][PASSED] - Statement - counter = counter + 1: null

2018-11-08 17:01:59 - [TEST_STEP][PASSED] - Statement - PreSaveFile = new java.io.File(((pathPrefix + java.lang.Integer.toString(counter)) + .png)): null

2018-11-08 17:01:59 - [TEST_STEP][PASSED] - Statement - counter = counter + 1: null

2018-11-08 17:01:59 - [TEST_STEP][PASSED] - Statement - PreSaveFile = new java.io.File(((pathPrefix + java.lang.Integer.toString(counter)) + .png)): null

2018-11-08 17:01:59 - [TEST_STEP][PASSED] - Statement - counter = counter + 1: null

2018-11-08 17:01:59 - [TEST_STEP][PASSED] - Statement - PreSaveFile = new java.io.File(((pathPrefix + java.lang.Integer.toString(counter)) + .png)): null

2018-11-08 17:01:59 - [TEST_STEP][PASSED] - Statement - counter = counter + 1: null

2018-11-08 17:01:59 - [TEST_STEP][PASSED] - Statement - PreSaveFile = new java.io.File(((pathPrefix + java.lang.Integer.toString(counter)) + .png)): null

2018-11-08 17:02:01 - [TEST_STEP][PASSED] - Statement - counter = counter + 1: null

2018-11-08 17:02:01 - [TEST_STEP][PASSED] - Statement - PreSaveFile = new java.io.File(((pathPrefix + java.lang.Integer.toString(counter)) + .png)): null

2018-11-08 17:02:01 - [TEST_STEP][PASSED] - Statement - counter = counter + 1: null

2018-11-08 17:02:01 - [TEST_STEP][PASSED] - Statement - PreSaveFile = new java.io.File(((pathPrefix + java.lang.Integer.toString(counter)) + .png)): null

2018-11-08 17:02:01 - [TEST_STEP][PASSED] - Statement - counter = counter + 1: null

2018-11-08 17:02:01 - [TEST_STEP][PASSED] - Statement - PreSaveFile = new java.io.File(((pathPrefix + java.lang.Integer.toString(counter)) + .png)): null

2018-11-08 17:02:01 - [TEST_STEP][PASSED] - Statement - counter = counter + 1: null

2018-11-08 17:02:01 - [TEST_STEP][PASSED] - Statement - PreSaveFile = new java.io.File(((pathPrefix + java.lang.Integer.toString(counter)) + .png)): null

2018-11-08 17:02:01 - [TEST_STEP][PASSED] - Statement - counter = counter + 1: null

2018-11-08 17:02:01 - [TEST_STEP][PASSED] - Statement - PreSaveFile = new java.io.File(((pathPrefix + java.lang.Integer.toString(counter)) + .png)): null

2018-11-08 17:02:01 - [TEST_STEP][PASSED] - Statement - counter = counter + 1: null

2018-11-08 17:02:01 - [TEST_STEP][PASSED] - Statement - PreSaveFile = new java.io.File(((pathPrefix + java.lang.Integer.toString(counter)) + .png)): null

2018-11-08 17:02:01 - [TEST_STEP][PASSED] - Statement - counter = counter + 1: null

2018-11-08 17:02:02 - [TEST_STEP][PASSED] - Statement - PreSaveFile = new java.io.File(((pathPrefix + java.lang.Integer.toString(counter)) + .png)): null

2018-11-08 17:02:02 - [TEST_STEP][PASSED] - Statement - counter = counter + 1: null

2018-11-08 17:02:02 - [TEST_STEP][PASSED] - Statement - PreSaveFile = new java.io.File(((pathPrefix + java.lang.Integer.toString(counter)) + .png)): null

2018-11-08 17:02:02 - [TEST_STEP][PASSED] - Statement - counter = counter + 1: null

2018-11-08 17:02:02 - [TEST_STEP][PASSED] - Statement - PreSaveFile = new java.io.File(((pathPrefix + java.lang.Integer.toString(counter)) + .png)): null

2018-11-08 17:02:02 - [TEST_STEP][PASSED] - Statement - counter = counter + 1: null

2018-11-08 17:02:02 - [TEST_STEP][PASSED] - Statement - PreSaveFile = new java.io.File(((pathPrefix + java.lang.Integer.toString(counter)) + .png)): null

2018-11-08 17:02:02 - [TEST_STEP][PASSED] - Statement - counter = counter + 1: null

2018-11-08 17:02:02 - [TEST_STEP][PASSED] - Statement - PreSaveFile = new java.io.File(((pathPrefix + java.lang.Integer.toString(counter)) + .png)): null

2018-11-08 17:02:02 - [TEST_STEP][PASSED] - Statement - counter = counter + 1: null

2018-11-08 17:02:02 - [TEST_STEP][PASSED] - Statement - PreSaveFile = new java.io.File(((pathPrefix + java.lang.Integer.toString(counter)) + .png)): null

2018-11-08 17:02:02 - [TEST_STEP][PASSED] - Statement - counter = counter + 1: null

2018-11-08 17:02:03 - [TEST_STEP][PASSED] - Statement - PreSaveFile = new java.io.File(((pathPrefix + java.lang.Integer.toString(counter)) + .png)): null

2018-11-08 17:02:03 - [TEST_STEP][PASSED] - Statement - counter = counter + 1: null

2018-11-08 17:02:03 - [TEST_STEP][PASSED] - Statement - PreSaveFile = new java.io.File(((pathPrefix + java.lang.Integer.toString(counter)) + .png)): null

2018-11-08 17:02:03 - [TEST_STEP][PASSED] - Statement - counter = counter + 1: null

2018-11-08 17:02:03 - [TEST_STEP][PASSED] - Statement - PreSaveFile = new java.io.File(((pathPrefix + java.lang.Integer.toString(counter)) + .png)): null

2018-11-08 17:02:03 - [TEST_STEP][PASSED] - Statement - counter = counter + 1: null

2018-11-08 17:02:03 - [TEST_STEP][PASSED] - Statement - PreSaveFile = new java.io.File(((pathPrefix + java.lang.Integer.toString(counter)) + .png)): null

2018-11-08 17:02:03 - [TEST_STEP][PASSED] - Statement - counter = counter + 1: null

2018-11-08 17:02:03 - [TEST_STEP][PASSED] - Statement - PreSaveFile = new java.io.File(((pathPrefix + java.lang.Integer.toString(counter)) + .png)): null

2018-11-08 17:02:03 - [TEST_STEP][PASSED] - Statement - counter = counter + 1: null

2018-11-08 17:02:04 - [TEST_STEP][PASSED] - Statement - PreSaveFile = new java.io.File(((pathPrefix + java.lang.Integer.toString(counter)) + .png)): null

2018-11-08 17:02:04 - [TEST_STEP][PASSED] - Statement - counter = counter + 1: null

2018-11-08 17:02:04 - [TEST_STEP][PASSED] - Statement - PreSaveFile = new java.io.File(((pathPrefix + java.lang.Integer.toString(counter)) + .png)): null

2018-11-08 17:02:04 - [TEST_STEP][PASSED] - Statement - counter = counter + 1: null

2018-11-08 17:02:04 - [TEST_STEP][PASSED] - Statement - PreSaveFile = new java.io.File(((pathPrefix + java.lang.Integer.toString(counter)) + .png)): null

2018-11-08 17:02:04 - [TEST_STEP][PASSED] - Statement - counter = counter + 1: null

2018-11-08 17:02:04 - [TEST_STEP][PASSED] - Statement - PreSaveFile = new java.io.File(((pathPrefix + java.lang.Integer.toString(counter)) + .png)): null

2018-11-08 17:02:04 - [TEST_STEP][PASSED] - Statement - counter = counter + 1: null

2018-11-08 17:02:04 - [TEST_STEP][PASSED] - Statement - PreSaveFile = new java.io.File(((pathPrefix + java.lang.Integer.toString(counter)) + .png)): null

2018-11-08 17:02:04 - [TEST_STEP][PASSED] - Statement - counter = counter + 1: null

2018-11-08 17:02:04 - [TEST_STEP][PASSED] - Statement - PreSaveFile = new java.io.File(((pathPrefix + java.lang.Integer.toString(counter)) + .png)): null

2018-11-08 17:02:04 - [TEST_STEP][PASSED] - Statement - counter = counter + 1: null

2018-11-08 17:02:05 - [TEST_STEP][PASSED] - Statement - PreSaveFile = new java.io.File(((pathPrefix + java.lang.Integer.toString(counter)) + .png)): null

2018-11-08 17:02:05 - [TEST_STEP][PASSED] - Statement - counter = counter + 1: null

2018-11-08 17:02:05 - [TEST_STEP][PASSED] - Statement - PreSaveFile = new java.io.File(((pathPrefix + java.lang.Integer.toString(counter)) + .png)): null

2018-11-08 17:02:05 - [TEST_STEP][PASSED] - Statement - counter = counter + 1: null

2018-11-08 17:02:05 - [TEST_STEP][PASSED] - Statement - PreSaveFile = new java.io.File(((pathPrefix + java.lang.Integer.toString(counter)) + .png)): null

2018-11-08 17:02:05 - [TEST_STEP][PASSED] - Statement - counter = counter + 1: null

2018-11-08 17:02:05 - [TEST_STEP][PASSED] - Statement - PreSaveFile = new java.io.File(((pathPrefix + java.lang.Integer.toString(counter)) + .png)): null

2018-11-08 17:02:05 - [TEST_STEP][PASSED] - Statement - counter = counter + 1: null

2018-11-08 17:02:05 - [TEST_STEP][PASSED] - Statement - PreSaveFile = new java.io.File(((pathPrefix + java.lang.Integer.toString(counter)) + .png)): null

2018-11-08 17:02:05 - [TEST_STEP][PASSED] - Statement - counter = counter + 1: null

2018-11-08 17:02:06 - [TEST_STEP][PASSED] - Statement - PreSaveFile = new java.io.File(((pathPrefix + java.lang.Integer.toString(counter)) + .png)): null

2018-11-08 17:02:06 - [TEST_STEP][PASSED] - Statement - counter = counter + 1: null

2018-11-08 17:02:06 - [TEST_STEP][PASSED] - Statement - PreSaveFile = new java.io.File(((pathPrefix + java.lang.Integer.toString(counter)) + .png)): null

2018-11-08 17:02:06 - [TEST_STEP][PASSED] - Statement - counter = counter + 1: null

2018-11-08 17:02:06 - [TEST_STEP][PASSED] - Statement - PreSaveFile = new java.io.File(((pathPrefix + java.lang.Integer.toString(counter)) + .png)): null

2018-11-08 17:02:06 - [TEST_STEP][PASSED] - Statement - counter = counter + 1: null

2018-11-08 17:02:06 - [TEST_STEP][PASSED] - Statement - PreSaveFile = new java.io.File(((pathPrefix + java.lang.Integer.toString(counter)) + .png)): null

2018-11-08 17:02:06 - [TEST_STEP][PASSED] - Statement - counter = counter + 1: null

2018-11-08 17:02:06 - [TEST_STEP][PASSED] - Statement - PreSaveFile = new java.io.File(((pathPrefix + java.lang.Integer.toString(counter)) + .png)): null

2018-11-08 17:02:06 - [TEST_STEP][PASSED] - Statement - counter = counter + 1: null

2018-11-08 17:02:06 - [TEST_STEP][PASSED] - Statement - PreSaveFile = new java.io.File(((pathPrefix + java.lang.Integer.toString(counter)) + .png)): null

2018-11-08 17:02:06 - [TEST_STEP][PASSED] - Statement - counter = counter + 1: null

2018-11-08 17:02:06 - [TEST_STEP][PASSED] - Statement - PreSaveFile = new java.io.File(((pathPrefix + java.lang.Integer.toString(counter)) + .png)): null

2018-11-08 17:02:07 - [TEST_STEP][PASSED] - Statement - counter = counter + 1: null

2018-11-08 17:02:07 - [TEST_STEP][PASSED] - Statement - PreSaveFile = new java.io.File(((pathPrefix + java.lang.Integer.toString(counter)) + .png)): null

2018-11-08 17:02:07 - [TEST_STEP][PASSED] - Statement - counter = counter + 1: null

2018-11-08 17:02:07 - [TEST_STEP][PASSED] - Statement - PreSaveFile = new java.io.File(((pathPrefix + java.lang.Integer.toString(counter)) + .png)): null

2018-11-08 17:02:07 - [TEST_STEP][PASSED] - Statement - counter = counter + 1: null

2018-11-08 17:02:07 - [TEST_STEP][PASSED] - Statement - PreSaveFile = new java.io.File(((pathPrefix + java.lang.Integer.toString(counter)) + .png)): null

2018-11-08 17:02:07 - [TEST_STEP][PASSED] - Statement - counter = counter + 1: null

2018-11-08 17:02:07 - [TEST_STEP][PASSED] - Statement - PreSaveFile = new java.io.File(((pathPrefix + java.lang.Integer.toString(counter)) + .png)): null

2018-11-08 17:02:07 - [TEST_STEP][PASSED] - Statement - counter = counter + 1: null

2018-11-08 17:02:08 - [TEST_STEP][PASSED] - Statement - PreSaveFile = new java.io.File(((pathPrefix + java.lang.Integer.toString(counter)) + .png)): null

2018-11-08 17:02:08 - [TEST_STEP][PASSED] - Statement - counter = counter + 1: null

2018-11-08 17:02:08 - [TEST_STEP][PASSED] - Statement - PreSaveFile = new java.io.File(((pathPrefix + java.lang.Integer.toString(counter)) + .png)): null

2018-11-08 17:02:08 - [TEST_STEP][PASSED] - Statement - counter = counter + 1: null

2018-11-08 17:02:08 - [TEST_STEP][PASSED] - Statement - PreSaveFile = new java.io.File(((pathPrefix + java.lang.Integer.toString(counter)) + .png)): null

2018-11-08 17:02:08 - [TEST_STEP][PASSED] - Statement - counter = counter + 1: null

2018-11-08 17:02:08 - [TEST_STEP][PASSED] - Statement - PreSaveFile = new java.io.File(((pathPrefix + java.lang.Integer.toString(counter)) + .png)): null

2018-11-08 17:02:08 - [TEST_STEP][PASSED] - Statement - counter = counter + 1: null

2018-11-08 17:02:08 - [TEST_STEP][PASSED] - Statement - PreSaveFile = new java.io.File(((pathPrefix + java.lang.Integer.toString(counter)) + .png)): null

2018-11-08 17:02:08 - [TEST_STEP][PASSED] - Statement - counter = counter + 1: null

2018-11-08 17:02:08 - [TEST_STEP][PASSED] - Statement - PreSaveFile = new java.io.File(((pathPrefix + java.lang.Integer.toString(counter)) + .png)): null

2018-11-08 17:02:08 - [TEST_STEP][PASSED] - Statement - counter = counter + 1: null

2018-11-08 17:02:09 - [TEST_STEP][PASSED] - Statement - PreSaveFile = new java.io.File(((pathPrefix + java.lang.Integer.toString(counter)) + .png)): null

2018-11-08 17:02:09 - [TEST_STEP][PASSED] - Statement - counter = counter + 1: null

2018-11-08 17:02:09 - [TEST_STEP][PASSED] - Statement - PreSaveFile = new java.io.File(((pathPrefix + java.lang.Integer.toString(counter)) + .png)): null

2018-11-08 17:02:09 - [TEST_STEP][PASSED] - Statement - counter = counter + 1: null

2018-11-08 17:02:09 - [TEST_STEP][PASSED] - Statement - PreSaveFile = new java.io.File(((pathPrefix + java.lang.Integer.toString(counter)) + .png)): null

2018-11-08 17:02:09 - [TEST_STEP][PASSED] - Statement - counter = counter + 1: null

2018-11-08 17:02:09 - [TEST_STEP][PASSED] - Statement - PreSaveFile = new java.io.File(((pathPrefix + java.lang.Integer.toString(counter)) + .png)): null

2018-11-08 17:02:09 - [TEST_STEP][PASSED] - Statement - counter = counter + 1: null

2018-11-08 17:02:09 - [TEST_STEP][PASSED] - Statement - PreSaveFile = new java.io.File(((pathPrefix + java.lang.Integer.toString(counter)) + .png)): null

2018-11-08 17:02:09 - [TEST_STEP][PASSED] - Statement - counter = counter + 1: null

2018-11-08 17:02:10 - [TEST_STEP][PASSED] - Statement - PreSaveFile = new java.io.File(((pathPrefix + java.lang.Integer.toString(counter)) + .png)): null

2018-11-08 17:02:10 - [TEST_STEP][PASSED] - Statement - counter = counter + 1: null

2018-11-08 17:02:10 - [TEST_STEP][PASSED] - Statement - PreSaveFile = new java.io.File(((pathPrefix + java.lang.Integer.toString(counter)) + .png)): null

2018-11-08 17:02:10 - [TEST_STEP][PASSED] - Statement - counter = counter + 1: null

2018-11-08 17:02:10 - [TEST_STEP][PASSED] - Statement - PreSaveFile = new java.io.File(((pathPrefix + java.lang.Integer.toString(counter)) + .png)): null

2018-11-08 17:02:10 - [TEST_STEP][PASSED] - Statement - counter = counter + 1: null

2018-11-08 17:02:10 - [TEST_STEP][PASSED] - Statement - PreSaveFile = new java.io.File(((pathPrefix + java.lang.Integer.toString(counter)) + .png)): null

2018-11-08 17:02:10 - [TEST_STEP][PASSED] - Statement - counter = counter + 1: null

2018-11-08 17:02:10 - [TEST_STEP][PASSED] - Statement - PreSaveFile = new java.io.File(((pathPrefix + java.lang.Integer.toString(counter)) + .png)): null

2018-11-08 17:02:10 - [TEST_STEP][PASSED] - Statement - counter = counter + 1: null

2018-11-08 17:02:11 - [TEST_STEP][PASSED] - Statement - PreSaveFile = new java.io.File(((pathPrefix + java.lang.Integer.toString(counter)) + .png)): null

2018-11-08 17:02:11 - [TEST_STEP][PASSED] - Statement - counter = counter + 1: null

2018-11-08 17:02:11 - [TEST_STEP][PASSED] - Statement - PreSaveFile = new java.io.File(((pathPrefix + java.lang.Integer.toString(counter)) + .png)): null

2018-11-08 17:02:11 - [TEST_STEP][PASSED] - Statement - counter = counter + 1: null

2018-11-08 17:02:11 - [TEST_STEP][PASSED] - Statement - PreSaveFile = new java.io.File(((pathPrefix + java.lang.Integer.toString(counter)) + .png)): null

2018-11-08 17:02:11 - [TEST_STEP][PASSED] - Statement - counter = counter + 1: null

2018-11-08 17:02:11 - [TEST_STEP][PASSED] - Statement - PreSaveFile = new java.io.File(((pathPrefix + java.lang.Integer.toString(counter)) + .png)): null

2018-11-08 17:02:11 - [TEST_STEP][PASSED] - Statement - counter = counter + 1: null

2018-11-08 17:02:11 - [TEST_STEP][PASSED] - Statement - PreSaveFile = new java.io.File(((pathPrefix + java.lang.Integer.toString(counter)) + .png)): null

2018-11-08 17:02:11 - [TEST_STEP][PASSED] - Statement - counter = counter + 1: null

2018-11-08 17:02:12 - [TEST_STEP][PASSED] - Statement - PreSaveFile = new java.io.File(((pathPrefix + java.lang.Integer.toString(counter)) + .png)): null

2018-11-08 17:02:12 - [TEST_STEP][PASSED] - Statement - counter = counter + 1: null

2018-11-08 17:02:12 - [TEST_STEP][PASSED] - Statement - PreSaveFile = new java.io.File(((pathPrefix + java.lang.Integer.toString(counter)) + .png)): null

2018-11-08 17:02:12 - [TEST_STEP][PASSED] - Statement - counter = counter + 1: null

2018-11-08 17:02:12 - [TEST_STEP][PASSED] - Statement - PreSaveFile = new java.io.File(((pathPrefix + java.lang.Integer.toString(counter)) + .png)): null

2018-11-08 17:02:12 - [TEST_STEP][PASSED] - Statement - counter = counter + 1: null

2018-11-08 17:02:12 - [TEST_STEP][PASSED] - Statement - PreSaveFile = new java.io.File(((pathPrefix + java.lang.Integer.toString(counter)) + .png)): null

2018-11-08 17:02:12 - [TEST_STEP][PASSED] - Statement - counter = counter + 1: null

2018-11-08 17:02:12 - [TEST_STEP][PASSED] - Statement - PreSaveFile = new java.io.File(((pathPrefix + java.lang.Integer.toString(counter)) + .png)): null

2018-11-08 17:02:12 - [TEST_STEP][PASSED] - Statement - counter = counter + 1: null

2018-11-08 17:02:12 - [TEST_STEP][PASSED] - Statement - PreSaveFile = new java.io.File(((pathPrefix + java.lang.Integer.toString(counter)) + .png)): null

2018-11-08 17:02:12 - [TEST_STEP][PASSED] - Statement - counter = counter + 1: null

2018-11-08 17:02:13 - [TEST_STEP][PASSED] - Statement - PreSaveFile = new java.io.File(((pathPrefix + java.lang.Integer.toString(counter)) + .png)): null

2018-11-08 17:02:13 - [TEST_STEP][PASSED] - Statement - counter = counter + 1: null

2018-11-08 17:02:13 - [TEST_STEP][PASSED] - Statement - PreSaveFile = new java.io.File(((pathPrefix + java.lang.Integer.toString(counter)) + .png)): null

2018-11-08 17:02:13 - [TEST_STEP][PASSED] - Statement - counter = counter + 1: null

2018-11-08 17:02:13 - [TEST_STEP][PASSED] - Statement - PreSaveFile = new java.io.File(((pathPrefix + java.lang.Integer.toString(counter)) + .png)): null

2018-11-08 17:02:13 - [TEST_STEP][PASSED] - Statement - counter = counter + 1: null

2018-11-08 17:02:13 - [TEST_STEP][PASSED] - Statement - PreSaveFile = new java.io.File(((pathPrefix + java.lang.Integer.toString(counter)) + .png)): null

2018-11-08 17:02:13 - [TEST_STEP][PASSED] - Statement - counter = counter + 1: null

2018-11-08 17:02:13 - [TEST_STEP][PASSED] - Statement - PreSaveFile = new java.io.File(((pathPrefix + java.lang.Integer.toString(counter)) + .png)): null

2018-11-08 17:02:13 - [TEST_STEP][PASSED] - Statement - counter = counter + 1: null

2018-11-08 17:02:15 - [TEST_STEP][PASSED] - Statement - PreSaveFile = new java.io.File(((pathPrefix + java.lang.Integer.toString(counter)) + .png)): null

2018-11-08 17:02:15 - [TEST_STEP][PASSED] - Statement - counter = counter + 1: null

2018-11-08 17:02:15 - [TEST_STEP][PASSED] - Statement - PreSaveFile = new java.io.File(((pathPrefix + java.lang.Integer.toString(counter)) + .png)): null

2018-11-08 17:02:15 - [TEST_STEP][PASSED] - Statement - counter = counter + 1: null

2018-11-08 17:02:15 - [TEST_STEP][PASSED] - Statement - PreSaveFile = new java.io.File(((pathPrefix + java.lang.Integer.toString(counter)) + .png)): null

2018-11-08 17:02:15 - [TEST_STEP][PASSED] - Statement - counter = counter + 1: null

2018-11-08 17:02:15 - [TEST_STEP][PASSED] - Statement - PreSaveFile = new java.io.File(((pathPrefix + java.lang.Integer.toString(counter)) + .png)): null

2018-11-08 17:02:15 - [TEST_STEP][PASSED] - Statement - counter = counter + 1: null

2018-11-08 17:02:15 - [TEST_STEP][PASSED] - Statement - PreSaveFile = new java.io.File(((pathPrefix + java.lang.Integer.toString(counter)) + .png)): null

2018-11-08 17:02:15 - [TEST_STEP][PASSED] - Statement - counter = counter + 1: null

2018-11-08 17:02:16 - [TEST_STEP][PASSED] - Statement - PreSaveFile = new java.io.File(((pathPrefix + java.lang.Integer.toString(counter)) + .png)): null

2018-11-08 17:02:16 - [TEST_STEP][PASSED] - Statement - counter = counter + 1: null

2018-11-08 17:02:16 - [TEST_STEP][PASSED] - Statement - PreSaveFile = new java.io.File(((pathPrefix + java.lang.Integer.toString(counter)) + .png)): null

2018-11-08 17:02:16 - [TEST_STEP][PASSED] - Statement - counter = counter + 1: null

2018-11-08 17:02:16 - [TEST_STEP][PASSED] - Statement - PreSaveFile = new java.io.File(((pathPrefix + java.lang.Integer.toString(counter)) + .png)): null

2018-11-08 17:02:16 - [TEST_STEP][PASSED] - Statement - counter = counter + 1: null

2018-11-08 17:02:16 - [TEST_STEP][PASSED] - Statement - PreSaveFile = new java.io.File(((pathPrefix + java.lang.Integer.toString(counter)) + .png)): null

2018-11-08 17:02:16 - [TEST_STEP][PASSED] - Statement - counter = counter + 1: null

2018-11-08 17:02:16 - [TEST_STEP][PASSED] - Statement - PreSaveFile = new java.io.File(((pathPrefix + java.lang.Integer.toString(counter)) + .png)): null

2018-11-08 17:02:16 - [TEST_STEP][PASSED] - Statement - counter = counter + 1: null

2018-11-08 17:02:17 - [TEST_STEP][PASSED] - Statement - PreSaveFile = new java.io.File(((pathPrefix + java.lang.Integer.toString(counter)) + .png)): null

2018-11-08 17:02:17 - [TEST_STEP][PASSED] - Statement - counter = counter + 1: null

2018-11-08 17:02:17 - [TEST_STEP][PASSED] - Statement - PreSaveFile = new java.io.File(((pathPrefix + java.lang.Integer.toString(counter)) + .png)): null

2018-11-08 17:02:17 - [TEST_STEP][PASSED] - Statement - counter = counter + 1: null

2018-11-08 17:02:17 - [TEST_STEP][PASSED] - Statement - PreSaveFile = new java.io.File(((pathPrefix + java.lang.Integer.toString(counter)) + .png)): null

2018-11-08 17:02:17 - [TEST_STEP][PASSED] - Statement - counter = counter + 1: null

2018-11-08 17:02:17 - [TEST_STEP][PASSED] - Statement - PreSaveFile = new java.io.File(((pathPrefix + java.lang.Integer.toString(counter)) + .png)): null

2018-11-08 17:02:17 - [TEST_STEP][PASSED] - Statement - counter = counter + 1: null

2018-11-08 17:02:17 - [TEST_STEP][PASSED] - Statement - PreSaveFile = new java.io.File(((pathPrefix + java.lang.Integer.toString(counter)) + .png)): null

2018-11-08 17:02:18 - [TEST_STEP][PASSED] - Statement - counter = counter + 1: null

2018-11-08 17:02:18 - [TEST_STEP][PASSED] - Statement - PreSaveFile = new java.io.File(((pathPrefix + java.lang.Integer.toString(counter)) + .png)): null

2018-11-08 17:02:18 - [TEST_STEP][PASSED] - Statement - counter = counter + 1: null

2018-11-08 17:02:18 - [TEST_STEP][PASSED] - Statement - PreSaveFile = new java.io.File(((pathPrefix + java.lang.Integer.toString(counter)) + .png)): null

2018-11-08 17:02:18 - [TEST_STEP][PASSED] - Statement - counter = counter + 1: null

2018-11-08 17:02:18 - [TEST_STEP][PASSED] - Statement - PreSaveFile = new java.io.File(((pathPrefix + java.lang.Integer.toString(counter)) + .png)): null

2018-11-08 17:02:18 - [TEST_STEP][PASSED] - Statement - counter = counter + 1: null

2018-11-08 17:02:18 - [TEST_STEP][PASSED] - Statement - PreSaveFile = new java.io.File(((pathPrefix + java.lang.Integer.toString(counter)) + .png)): null

2018-11-08 17:02:18 - [TEST_STEP][PASSED] - Statement - counter = counter + 1: null

2018-11-08 17:02:18 - [TEST_STEP][PASSED] - Statement - PreSaveFile = new java.io.File(((pathPrefix + java.lang.Integer.toString(counter)) + .png)): null

2018-11-08 17:02:18 - [TEST_STEP][PASSED] - Statement - counter = counter + 1: null

2018-11-08 17:02:18 - [TEST_STEP][PASSED] - Statement - PreSaveFile = new java.io.File(((pathPrefix + java.lang.Integer.toString(counter)) + .png)): null

2018-11-08 17:02:18 - [TEST_STEP][PASSED] - Statement - counter = counter + 1: null

2018-11-08 17:02:19 - [TEST_STEP][PASSED] - Statement - PreSaveFile = new java.io.File(((pathPrefix + java.lang.Integer.toString(counter)) + .png)): null

2018-11-08 17:02:19 - [TEST_STEP][PASSED] - Statement - counter = counter + 1: null

2018-11-08 17:02:20 - [TEST_STEP][PASSED] - Statement - PreSaveFile = new java.io.File(((pathPrefix + java.lang.Integer.toString(counter)) + .png)): null

2018-11-08 17:02:20 - [TEST_STEP][PASSED] - Statement - counter = counter + 1: null

2018-11-08 17:02:20 - [TEST_STEP][PASSED] - Statement - PreSaveFile = new java.io.File(((pathPrefix + java.lang.Integer.toString(counter)) + .png)): null

2018-11-08 17:02:20 - [TEST_STEP][PASSED] - Statement - counter = counter + 1: null

2018-11-08 17:02:20 - [TEST_STEP][PASSED] - Statement - PreSaveFile = new java.io.File(((pathPrefix + java.lang.Integer.toString(counter)) + .png)): null

2018-11-08 17:02:20 - [TEST_STEP][PASSED] - Statement - counter = counter + 1: null

2018-11-08 17:02:20 - [TEST_STEP][PASSED] - Statement - PreSaveFile = new java.io.File(((pathPrefix + java.lang.Integer.toString(counter)) + .png)): null

2018-11-08 17:02:21 - [TEST_STEP][PASSED] - Statement - counter = counter + 1: null

2018-11-08 17:02:21 - [TEST_STEP][PASSED] - Statement - PreSaveFile = new java.io.File(((pathPrefix + java.lang.Integer.toString(counter)) + .png)): null

2018-11-08 17:02:21 - [TEST_STEP][PASSED] - Statement - counter = counter + 1: null

2018-11-08 17:02:21 - [TEST_STEP][PASSED] - Statement - PreSaveFile = new java.io.File(((pathPrefix + java.lang.Integer.toString(counter)) + .png)): null

2018-11-08 17:02:21 - [TEST_STEP][PASSED] - Statement - counter = counter + 1: null

2018-11-08 17:02:21 - [TEST_STEP][PASSED] - Statement - PreSaveFile = new java.io.File(((pathPrefix + java.lang.Integer.toString(counter)) + .png)): null

2018-11-08 17:02:21 - [TEST_STEP][PASSED] - Statement - counter = counter + 1: null

2018-11-08 17:02:21 - [TEST_STEP][PASSED] - Statement - PreSaveFile = new java.io.File(((pathPrefix + java.lang.Integer.toString(counter)) + .png)): null

2018-11-08 17:02:21 - [TEST_STEP][PASSED] - Statement - counter = counter + 1: null

2018-11-08 17:02:21 - [TEST_STEP][PASSED] - Statement - PreSaveFile = new java.io.File(((pathPrefix + java.lang.Integer.toString(counter)) + .png)): null

2018-11-08 17:02:21 - [TEST_STEP][PASSED] - Statement - counter = counter + 1: null

2018-11-08 17:02:22 - [TEST_STEP][PASSED] - Statement - PreSaveFile = new java.io.File(((pathPrefix + java.lang.Integer.toString(counter)) + .png)): null

2018-11-08 17:02:22 - [TEST_STEP][PASSED] - Statement - counter = counter + 1: null

2018-11-08 17:02:22 - [TEST_STEP][PASSED] - Statement - PreSaveFile = new java.io.File(((pathPrefix + java.lang.Integer.toString(counter)) + .png)): null

2018-11-08 17:02:22 - [TEST_STEP][PASSED] - Statement - counter = counter + 1: null

2018-11-08 17:02:22 - [TEST_STEP][PASSED] - Statement - PreSaveFile = new java.io.File(((pathPrefix + java.lang.Integer.toString(counter)) + .png)): null

2018-11-08 17:02:22 - [TEST_STEP][PASSED] - Statement - counter = counter + 1: null

2018-11-08 17:02:22 - [TEST_STEP][PASSED] - Statement - PreSaveFile = new java.io.File(((pathPrefix + java.lang.Integer.toString(counter)) + .png)): null

2018-11-08 17:02:22 - [TEST_STEP][PASSED] - Statement - counter = counter + 1: null

2018-11-08 17:02:22 - [TEST_STEP][PASSED] - Statement - PreSaveFile = new java.io.File(((pathPrefix + java.lang.Integer.toString(counter)) + .png)): null

2018-11-08 17:02:23 - [TEST_STEP][PASSED] - Statement - counter = counter + 1: null

2018-11-08 17:02:23 - [TEST_STEP][PASSED] - Statement - PreSaveFile = new java.io.File(((pathPrefix + java.lang.Integer.toString(counter)) + .png)): null

2018-11-08 17:02:23 - [TEST_STEP][PASSED] - Statement - finalPath = pathPrefix + java.lang.Integer.toString(counter) + ".png": null

2018-11-08 17:02:23 - [TEST_STEP][PASSED] - Statement - SaveFile = new java.io.File(finalPath): null

2018-11-08 17:02:23 - [TEST_STEP][PASSED] - Statement - Try: null

2018-11-08 17:02:23 - [TEST_STEP][PASSED] - Statement - org.apache.commons.io.FileUtils.copyFile(scrFile, SaveFile): null

2018-11-08 17:02:23 - [TEST_STEP][PASSED] - Statement - out.println("file kept"): null

2018-11-08 17:02:23 - [TEST_STEP][PASSED] - delay: Delayed 10 second(s)

2018-11-08 17:02:33 - [MESSAGE][PASSED] - Delayed 10 second(s)

2018-11-08 17:02:33 - [MESSAGE][PASSED] - Call Test Case 'Test Cases/Final Aug 2018 - PKS Automation/Registration Module/New Registration/Submit and Screenshot/Submit Registration and Screenshot' successfully

2018-11-08 17:02:33 - [TEST_STEP][PASSED] - delay: Delayed 5 second(s)

2018-11-08 17:02:38 - [MESSAGE][PASSED] - Delayed 5 second(s)

2018-11-08 17:02:38 - [TEST_STEP][PASSED] - callTestCase: Call Test Case 'Test Cases/Final Aug 2018 - PKS Automation/Registration Module/Log Out/log out avoiding katalon tagging' successfully

2018-11-08 17:02:38 - [TEST_CASE][PASSED] - Test Cases/Final Aug 2018 - PKS Automation/Registration Module/Log Out/log out avoiding katalon tagging: Test Cases/Final Aug 2018 - PKS Automation/Registration Module/Log Out/log out avoiding katalon tagging

2018-11-08 17:02:38 - [TEST_STEP][PASSED] - navigateToUrl: Navigate to 'https://assist2-uat.perkeso.gov.my/c/portal/logout' successfully

2018-11-08 17:02:40 - [MESSAGE][PASSED] - Navigate to 'https://assist2-uat.perkeso.gov.my/c/portal/logout' successfully

2018-11-08 17:02:40 - [MESSAGE][PASSED] - Call Test Case 'Test Cases/Final Aug 2018 - PKS Automation/Registration Module/Log Out/log out avoiding katalon tagging' successfully

2018-11-08 17:02:40 - [TEST_STEP][PASSED] - callTestCase: Call Test Case 'Test Cases/Final Aug 2018 - PKS Automation/Common/Workflow Owner Finder' successfully

2018-11-08 17:02:40 - [TEST_CASE][PASSED] - Test Cases/Final Aug 2018 - PKS Automation/Common/Workflow Owner Finder: Test Cases/Final Aug 2018 - PKS Automation/Common/Workflow Owner Finder

2018-11-08 17:02:40 - [TEST_STEP][PASSED] - openBrowser: Browser is opened with url: ''

2018-11-08 17:02:40 - [MESSAGE][WARNING] - A browser is already opened. Closing browser and opening a new one

2018-11-08 17:02:45 - [MESSAGE][PASSED] - Browser is opened with url: ''

2018-11-08 17:02:45 - [TEST_STEP][PASSED] - navigateToUrl: Navigate to 'https://assist2-uat.perkeso.gov.my/login' successfully

2018-11-08 17:02:48 - [MESSAGE][PASSED] - Navigate to 'https://assist2-uat.perkeso.gov.my/login' successfully

2018-11-08 17:02:48 - [TEST_STEP][PASSED] - delay: Delayed 5 second(s)

2018-11-08 17:02:53 - [MESSAGE][PASSED] - Delayed 5 second(s)

2018-11-08 17:02:53 - [TEST_STEP][PASSED] - setText: Text 'test@liferay.com' is set on object 'Object Repository/Final Object Repo/Login Page/Internal User/Email Address'

2018-11-08 17:02:54 - [MESSAGE][PASSED] - Text 'test@liferay.com' is set on object 'Object Repository/Final Object Repo/Login Page/Internal User/Email Address'

2018-11-08 17:02:54 - [TEST_STEP][PASSED] - click: Object: 'Object Repository/Final Object Repo/Login Page/Internal User/Next Button' is clicked on

2018-11-08 17:02:54 - [MESSAGE][PASSED] - Object: 'Object Repository/Final Object Repo/Login Page/Internal User/Next Button' is clicked on

2018-11-08 17:02:54 - [TEST_STEP][PASSED] - delay: Delayed 2 second(s)

2018-11-08 17:02:56 - [MESSAGE][PASSED] - Delayed 2 second(s)

2018-11-08 17:02:56 - [TEST_STEP][PASSED] - setText: Text 'test' is set on object 'Object Repository/Final Object Repo/Login Page/Internal User/Password'

2018-11-08 17:02:56 - [MESSAGE][PASSED] - Text 'test' is set on object 'Object Repository/Final Object Repo/Login Page/Internal User/Password'

2018-11-08 17:02:56 - [TEST_STEP][PASSED] - delay: Delayed 2 second(s)

2018-11-08 17:02:58 - [MESSAGE][PASSED] - Delayed 2 second(s)

2018-11-08 17:02:58 - [TEST_STEP][PASSED] - click: Object: 'Object Repository/Final Object Repo/Login Page/Internal User/Login Button' is clicked on

2018-11-08 17:03:02 - [MESSAGE][PASSED] - Object: 'Object Repository/Final Object Repo/Login Page/Internal User/Login Button' is clicked on

2018-11-08 17:03:02 - [TEST_STEP][PASSED] - Statement - Try: Delayed 2 second(s)

2018-11-08 17:03:02 - [TEST_STEP][PASSED] - Statement - Checker = false: null

2018-11-08 17:03:02 - [TEST_STEP][PASSED] - Statement - Checker = com.kms.katalon.core.webui.keyword.WebUiBuiltInKeywords.verifyElementHasAttribute(com.kms.katalon.core.testobject.ObjectRepository.findTestObject(Final Object Repo/Landing Page/BM Detecting), "href", 20, OPTIONAL): Object 'Object Repository/Final Object Repo/Landing Page/BM Detecting' has attribute 'href'

2018-11-08 17:03:02 - [MESSAGE][PASSED] - Object 'Object Repository/Final Object Repo/Landing Page/BM Detecting' has attribute 'href'

2018-11-08 17:03:02 - [TEST_STEP][PASSED] - Statement - out.println(Checker): null

2018-11-08 17:03:02 - [TEST_STEP][PASSED] - Statement - If (Checker == false): null

2018-11-08 17:03:02 - [TEST_STEP][PASSED] - Statement - Else: null

2018-11-08 17:03:02 - [TEST_STEP][PASSED] - delay: Delayed 2 second(s)

2018-11-08 17:03:04 - [MESSAGE][PASSED] - Delayed 2 second(s)

2018-11-08 17:03:04 - [TEST_STEP][PASSED] - delay: Delayed 3 second(s)

2018-11-08 17:03:07 - [MESSAGE][PASSED] - Delayed 3 second(s)

2018-11-08 17:03:07 - [TEST_STEP][PASSED] - mouseOver: Object: 'Object Repository/Final Object Repo/Landing Page/WorkFlow Menu' is hovered

2018-11-08 17:03:07 - [MESSAGE][PASSED] - Object: 'Object Repository/Final Object Repo/Landing Page/WorkFlow Menu' is hovered

2018-11-08 17:03:07 - [TEST_STEP][PASSED] - delay: Delayed 2 second(s)

2018-11-08 17:03:09 - [MESSAGE][PASSED] - Delayed 2 second(s)

2018-11-08 17:03:09 - [TEST_STEP][PASSED] - click: Object: 'Object Repository/Final Object Repo/Landing Page/Select to Workflow Listing' is clicked on

2018-11-08 17:03:11 - [MESSAGE][PASSED] - Object: 'Object Repository/Final Object Repo/Landing Page/Select to Workflow Listing' is clicked on

2018-11-08 17:03:11 - [TEST_STEP][PASSED] - delay: Delayed 2 second(s)

2018-11-08 17:03:13 - [MESSAGE][PASSED] - Delayed 2 second(s)

2018-11-08 17:03:13 - [TEST_STEP][PASSED] - click: Object: 'Object Repository/Final Object Repo/WorkFlow Listing Page/Search Information - To Put Ref No' is clicked on

2018-11-08 17:03:13 - [MESSAGE][PASSED] - Object: 'Object Repository/Final Object Repo/WorkFlow Listing Page/Search Information - To Put Ref No' is clicked on

2018-11-08 17:03:13 - [TEST_STEP][PASSED] - delay: Delayed 2 second(s)

2018-11-08 17:03:15 - [MESSAGE][PASSED] - Delayed 2 second(s)

2018-11-08 17:03:15 - [TEST_STEP][PASSED] - callTestCase: Call Test Case 'Test Cases/Final Aug 2018 - PKS Automation/Common/Reference Number Getter' successfully

2018-11-08 17:03:15 - [TEST_CASE][PASSED] - Test Cases/Final Aug 2018 - PKS Automation/Common/Reference Number Getter: Test Cases/Final Aug 2018 - PKS Automation/Common/Reference Number Getter

2018-11-08 17:03:15 - [TEST_STEP][PASSED] - Statement - Try: null

2018-11-08 17:03:15 - [TEST_STEP][PASSED] - Statement - RefNo = new java.io.File(C://KatalonReference.txt): null

2018-11-08 17:03:15 - [TEST_STEP][PASSED] - Statement - bufferread = new java.io.BufferedReader(new java.io.FileReader(RefNo)): null

2018-11-08 17:03:15 - [TEST_STEP][PASSED] - Statement - readedVal = bufferread.readLine(): null

2018-11-08 17:03:15 - [TEST_STEP][PASSED] - Statement - out.println(CaseReferenceNo): null

2018-11-08 17:03:15 - [TEST_STEP][PASSED] - Statement - out.println(readedVal): null

2018-11-08 17:03:15 - [TEST_STEP][PASSED] - Statement - CaseReferenceNo = readedVal: null

2018-11-08 17:03:15 - [MESSAGE][PASSED] - Call Test Case 'Test Cases/Final Aug 2018 - PKS Automation/Common/Reference Number Getter' successfully

2018-11-08 17:03:15 - [TEST_STEP][PASSED] - setText: Text 'CRN11201800122429' is set on object 'Object Repository/Final Object Repo/WorkFlow Listing Page/Ref No Set Text'

2018-11-08 17:03:15 - [MESSAGE][PASSED] - Text 'CRN11201800122429' is set on object 'Object Repository/Final Object Repo/WorkFlow Listing Page/Ref No Set Text'

2018-11-08 17:03:15 - [TEST_STEP][PASSED] - delay: Delayed 2 second(s)

2018-11-08 17:03:17 - [MESSAGE][PASSED] - Delayed 2 second(s)

2018-11-08 17:03:17 - [TEST_STEP][PASSED] - click: Object: 'Object Repository/Final Object Repo/WorkFlow Listing Page/Search Ref No Search Button' is clicked on

2018-11-08 17:03:20 - [MESSAGE][PASSED] - Object: 'Object Repository/Final Object Repo/WorkFlow Listing Page/Search Ref No Search Button' is clicked on

2018-11-08 17:03:20 - [TEST_STEP][PASSED] - delay: Delayed 4 second(s)

2018-11-08 17:03:24 - [MESSAGE][PASSED] - Delayed 4 second(s)

2018-11-08 17:03:24 - [TEST_STEP][PASSED] - click: Object: 'Object Repository/Final Object Repo/WorkFlow Listing Page/Click Continue Tooltip' is clicked on

2018-11-08 17:03:26 - [MESSAGE][PASSED] - Object: 'Object Repository/Final Object Repo/WorkFlow Listing Page/Click Continue Tooltip' is clicked on

2018-11-08 17:03:26 - [TEST_STEP][PASSED] - delay: Delayed 5 second(s)

2018-11-08 17:03:31 - [MESSAGE][PASSED] - Delayed 5 second(s)

2018-11-08 17:03:31 - [TEST_STEP][PASSED] - doubleClick: Object: 'Object Repository/Final Object Repo/WorkFlow Listing Page/Workflow Found - Listing 1' is double clicked on

2018-11-08 17:03:31 - [MESSAGE][PASSED] - Object: 'Object Repository/Final Object Repo/WorkFlow Listing Page/Workflow Found - Listing 1' is double clicked on

2018-11-08 17:03:31 - [TEST_STEP][PASSED] - Statement - println(OwnerID): null

2018-11-08 17:03:31 - [TEST_STEP][PASSED] - Statement - OwnerID = com.kms.katalon.core.webui.keyword.WebUiBuiltInKeywords.getText(com.kms.katalon.core.testobject.ObjectRepository.findTestObject(Final Object Repo/WorkFlow Listing Page/Workflow Found - Listing 1), STOP_ON_FAILURE): Text of object 'Object Repository/Final Object Repo/WorkFlow Listing Page/Workflow Found - Listing 1' is: 'JOHORro3'

2018-11-08 17:03:31 - [MESSAGE][PASSED] - Text of object 'Object Repository/Final Object Repo/WorkFlow Listing Page/Workflow Found - Listing 1' is: 'JOHORro3'

2018-11-08 17:03:31 - [TEST_STEP][PASSED] - Statement - OwnerID = OwnerID.toLowerCase() + "@gmail.com": null

2018-11-08 17:03:31 - [TEST_STEP][PASSED] - Statement - println(OwnerID): null

2018-11-08 17:03:31 - [TEST_STEP][PASSED] - delay: Delayed 2 second(s)

2018-11-08 17:03:33 - [MESSAGE][PASSED] - Delayed 2 second(s)

2018-11-08 17:03:33 - [MESSAGE][PASSED] - Call Test Case 'Test Cases/Final Aug 2018 - PKS Automation/Common/Workflow Owner Finder' successfully

2018-11-08 17:03:33 - [TEST_STEP][PASSED] - callTestCase: Call Test Case 'Test Cases/Final Aug 2018 - PKS Automation/Registration Module/Log Out/log out avoiding katalon tagging' successfully

2018-11-08 17:03:33 - [TEST_CASE][PASSED] - Test Cases/Final Aug 2018 - PKS Automation/Registration Module/Log Out/log out avoiding katalon tagging: Test Cases/Final Aug 2018 - PKS Automation/Registration Module/Log Out/log out avoiding katalon tagging

2018-11-08 17:03:33 - [TEST_STEP][PASSED] - navigateToUrl: Navigate to 'https://assist2-uat.perkeso.gov.my/c/portal/logout' successfully

2018-11-08 17:03:35 - [MESSAGE][PASSED] - Navigate to 'https://assist2-uat.perkeso.gov.my/c/portal/logout' successfully

2018-11-08 17:03:35 - [MESSAGE][PASSED] - Call Test Case 'Test Cases/Final Aug 2018 - PKS Automation/Registration Module/Log Out/log out avoiding katalon tagging' successfully

2018-11-08 17:03:35 - [TEST_STEP][PASSED] - delay: Delayed 2 second(s)

2018-11-08 17:03:37 - [MESSAGE][PASSED] - Delayed 2 second(s)

2018-11-08 17:03:37 - [TEST_STEP][PASSED] - setText: Text 'johorro3@gmail.com' is set on object 'Object Repository/Final Object Repo/New Registration - Registration Module Pages/New Reg - OTC to RO/Special Case - All Related Objects/Email TextBox'

2018-11-08 17:03:37 - [MESSAGE][PASSED] - Text 'johorro3@gmail.com' is set on object 'Object Repository/Final Object Repo/New Registration - Registration Module Pages/New Reg - OTC to RO/Special Case - All Related Objects/Email TextBox'

2018-11-08 17:03:37 - [TEST_STEP][PASSED] - click: Object: 'Object Repository/Final Object Repo/New Registration - Registration Module Pages/New Reg - OTC to RO/Special Case - All Related Objects/Next Button' is clicked on

2018-11-08 17:03:37 - [MESSAGE][PASSED] - Object: 'Object Repository/Final Object Repo/New Registration - Registration Module Pages/New Reg - OTC to RO/Special Case - All Related Objects/Next Button' is clicked on

2018-11-08 17:03:37 - [TEST_STEP][PASSED] - delay: Delayed 2 second(s)

2018-11-08 17:03:39 - [MESSAGE][PASSED] - Delayed 2 second(s)

2018-11-08 17:03:39 - [TEST_STEP][PASSED] - setText: Text 'Test1@3456789' is set on object 'Object Repository/Final Object Repo/New Registration - Registration Module Pages/New Reg - OTC to RO/Special Case - All Related Objects/Password TextBox'

2018-11-08 17:03:39 - [MESSAGE][PASSED] - Text 'Test1@3456789' is set on object 'Object Repository/Final Object Repo/New Registration - Registration Module Pages/New Reg - OTC to RO/Special Case - All Related Objects/Password TextBox'

2018-11-08 17:03:39 - [TEST_STEP][PASSED] - delay: Delayed 2 second(s)

2018-11-08 17:03:41 - [MESSAGE][PASSED] - Delayed 2 second(s)

2018-11-08 17:03:41 - [TEST_STEP][PASSED] - click: Object: 'Object Repository/Final Object Repo/New Registration - Registration Module Pages/New Reg - OTC to RO/Special Case - All Related Objects/Login Button' is clicked on

2018-11-08 17:03:44 - [MESSAGE][PASSED] - Object: 'Object Repository/Final Object Repo/New Registration - Registration Module Pages/New Reg - OTC to RO/Special Case - All Related Objects/Login Button' is clicked on

2018-11-08 17:03:44 - [TEST_STEP][PASSED] - delay: Delayed 2 second(s)

2018-11-08 17:03:46 - [MESSAGE][PASSED] - Delayed 2 second(s)

2018-11-08 17:03:46 - [TEST_STEP][PASSED] - Statement - Try: null

2018-11-08 17:03:46 - [TEST_STEP][PASSED] - Statement - Checker = com.kms.katalon.core.webui.keyword.WebUiBuiltInKeywords.verifyElementNotPresent("Final Object Repo/Landing Page/Select to English", 3): null

2018-11-08 17:03:46 - [TEST_STEP][PASSED] - Statement - Catch (Exception e): null

2018-11-08 17:03:46 - [TEST_STEP][PASSED] - Statement - e.printStackTrace(): null

2018-11-08 17:03:46 - [TEST_STEP][PASSED] - click: Object: 'Object Repository/Final Object Repo/New Registration - Registration Module Pages/New Reg - OTC to RO/Special Case - All Related Objects/Expand to Search' is clicked on

2018-11-08 17:03:46 - [MESSAGE][PASSED] - Object: 'Object Repository/Final Object Repo/New Registration - Registration Module Pages/New Reg - OTC to RO/Special Case - All Related Objects/Expand to Search' is clicked on

2018-11-08 17:03:46 - [TEST_STEP][PASSED] - setText: Text 'CRN11201800122429' is set on object 'Object Repository/Final Object Repo/New Registration - Registration Module Pages/New Reg - OTC to RO/Special Case - All Related Objects/TextBox RefNo in Workbasket'

2018-11-08 17:03:47 - [MESSAGE][PASSED] - Text 'CRN11201800122429' is set on object 'Object Repository/Final Object Repo/New Registration - Registration Module Pages/New Reg - OTC to RO/Special Case - All Related Objects/TextBox RefNo in Workbasket'

2018-11-08 17:03:47 - [TEST_STEP][PASSED] - delay: Delayed 2 second(s)

2018-11-08 17:03:49 - [MESSAGE][PASSED] - Delayed 2 second(s)

2018-11-08 17:03:49 - [TEST_STEP][PASSED] - click: Object: 'Object Repository/Final Object Repo/New Registration - Registration Module Pages/New Reg - OTC to RO/Special Case - All Related Objects/Click Search' is clicked on

2018-11-08 17:03:51 - [MESSAGE][PASSED] - Object: 'Object Repository/Final Object Repo/New Registration - Registration Module Pages/New Reg - OTC to RO/Special Case - All Related Objects/Click Search' is clicked on

2018-11-08 17:03:51 - [TEST_STEP][PASSED] - delay: Delayed 2 second(s)

2018-11-08 17:03:53 - [MESSAGE][PASSED] - Delayed 2 second(s)

2018-11-08 17:03:53 - [TEST_STEP][PASSED] - click: Object: 'Object Repository/Final Object Repo/New Registration - Registration Module Pages/New Reg - OTC to RO/Special Case - All Related Objects/Click to Continue Workflow' is clicked on

2018-11-08 17:03:57 - [MESSAGE][PASSED] - Object: 'Object Repository/Final Object Repo/New Registration - Registration Module Pages/New Reg - OTC to RO/Special Case - All Related Objects/Click to Continue Workflow' is clicked on

2018-11-08 17:03:57 - [TEST_STEP][PASSED] - delay: Delayed 2 second(s)

2018-11-08 17:03:59 - [MESSAGE][PASSED] - Delayed 2 second(s)

2018-11-08 17:03:59 - [TEST_STEP][PASSED] - click: Object: 'Object Repository/Final Object Repo/New Registration - Registration Module Pages/New Reg - OTC to RO/Special Case - All Related Objects/Continue Button in verifying case' is clicked on

2018-11-08 17:04:02 - [MESSAGE][PASSED] - Object: 'Object Repository/Final Object Repo/New Registration - Registration Module Pages/New Reg - OTC to RO/Special Case - All Related Objects/Continue Button in verifying case' is clicked on

2018-11-08 17:04:02 - [TEST_STEP][PASSED] - delay: Delayed 2 second(s)

2018-11-08 17:04:04 - [MESSAGE][PASSED] - Delayed 2 second(s)

2018-11-08 17:04:04 - [TEST_STEP][PASSED] - click: Object: 'Object Repository/Final Object Repo/New Registration - Registration Module Pages/Form 1/Registered As a Branch - Yes' is clicked on

2018-11-08 17:04:04 - [MESSAGE][PASSED] - Object: 'Object Repository/Final Object Repo/New Registration - Registration Module Pages/Form 1/Registered As a Branch - Yes' is clicked on

2018-11-08 17:04:04 - [TEST_STEP][PASSED] - delay: Delayed 2 second(s)

2018-11-08 17:04:06 - [MESSAGE][PASSED] - Delayed 2 second(s)

2018-11-08 17:04:06 - [TEST_STEP][PASSED] - click: Object: 'Object Repository/Final Object Repo/New Registration - Registration Module Pages/New Reg - OTC to RO/Special Case - All Related Objects/Form 1 Save n Continue' is clicked on

2018-11-08 17:04:09 - [MESSAGE][PASSED] - Object: 'Object Repository/Final Object Repo/New Registration - Registration Module Pages/New Reg - OTC to RO/Special Case - All Related Objects/Form 1 Save n Continue' is clicked on

2018-11-08 17:04:09 - [TEST_STEP][PASSED] - delay: Delayed 2 second(s)

2018-11-08 17:04:11 - [MESSAGE][PASSED] - Delayed 2 second(s)

2018-11-08 17:04:11 - [TEST_STEP][PASSED] - click: Object: 'Object Repository/Final Object Repo/New Registration - Registration Module Pages/New Reg - OTC to RO/Special Case - All Related Objects/Form 2 Save n Continue' is clicked on

2018-11-08 17:04:13 - [MESSAGE][PASSED] - Object: 'Object Repository/Final Object Repo/New Registration - Registration Module Pages/New Reg - OTC to RO/Special Case - All Related Objects/Form 2 Save n Continue' is clicked on

2018-11-08 17:04:13 - [TEST_STEP][PASSED] - delay: Delayed 2 second(s)

2018-11-08 17:04:15 - [MESSAGE][PASSED] - Delayed 2 second(s)

2018-11-08 17:04:15 - [TEST_STEP][PASSED] - click: Object: 'Object Repository/Final Object Repo/New Registration - Registration Module Pages/New Reg - OTC to RO/Special Case - All Related Objects/Third Screen Save n Continue' is clicked on

2018-11-08 17:04:22 - [MESSAGE][PASSED] - Object: 'Object Repository/Final Object Repo/New Registration - Registration Module Pages/New Reg - OTC to RO/Special Case - All Related Objects/Third Screen Save n Continue' is clicked on

2018-11-08 17:04:22 - [TEST_STEP][PASSED] - delay: Delayed 5 second(s)

2018-11-08 17:04:27 - [MESSAGE][PASSED] - Delayed 5 second(s)

2018-11-08 17:04:27 - [TEST_STEP][PASSED] - click: Object: 'Object Repository/Final Object Repo/New Registration - Registration Module Pages/New Reg - OTC to RO/Special Case - All Related Objects/Upload Doc Page Save n Continue' is clicked on

2018-11-08 17:04:27 - [MESSAGE][PASSED] - Object: 'Object Repository/Final Object Repo/New Registration - Registration Module Pages/New Reg - OTC to RO/Special Case - All Related Objects/Upload Doc Page Save n Continue' is clicked on

2018-11-08 17:04:27 - [TEST_STEP][PASSED] - callTestCase: Call Test Case 'Test Cases/Final Aug 2018 - PKS Automation/Registration Module/New Registration/Submit and Screenshot/Submit Registration and Screenshot' successfully

2018-11-08 17:04:27 - [TEST_CASE][PASSED] - Test Cases/Final Aug 2018 - PKS Automation/Registration Module/New Registration/Submit and Screenshot/Submit Registration and Screenshot: Test Cases/Final Aug 2018 - PKS Automation/Registration Module/New Registration/Submit and Screenshot/Submit Registration and Screenshot

2018-11-08 17:04:27 - [TEST_STEP][PASSED] - delay: Delayed 6 second(s)

2018-11-08 17:04:33 - [MESSAGE][PASSED] - Delayed 6 second(s)

2018-11-08 17:04:33 - [TEST_STEP][PASSED] - click: Object: 'Object Repository/Final Object Repo/New Registration - Registration Module Pages/Third Screen - Upload Supporting Doc- Preview/Preview Submit Button' is clicked on

2018-11-08 17:04:34 - [MESSAGE][PASSED] - Object: 'Object Repository/Final Object Repo/New Registration - Registration Module Pages/Third Screen - Upload Supporting Doc- Preview/Preview Submit Button' is clicked on

2018-11-08 17:04:34 - [TEST_STEP][PASSED] - delay: Delayed 2 second(s)

2018-11-08 17:04:36 - [MESSAGE][PASSED] - Delayed 2 second(s)

2018-11-08 17:04:36 - [TEST_STEP][PASSED] - click: Object: 'Object Repository/Final Object Repo/New Registration - Registration Module Pages/Third Screen - Upload Supporting Doc- Preview/Preview Submit - Confirm' is clicked on

2018-11-08 17:04:41 - [MESSAGE][PASSED] - Object: 'Object Repository/Final Object Repo/New Registration - Registration Module Pages/Third Screen - Upload Supporting Doc- Preview/Preview Submit - Confirm' is clicked on

2018-11-08 17:04:41 - [TEST_STEP][PASSED] - delay: Delayed 15 second(s)

2018-11-08 17:04:56 - [MESSAGE][PASSED] - Delayed 15 second(s)

2018-11-08 17:04:56 - [TEST_STEP][PASSED] - Statement - driver = com.kms.katalon.core.webui.driver.DriverFactory.getWebDriver(): null

2018-11-08 17:04:56 - [TEST_STEP][PASSED] - Statement - driver.manage().timeouts().implicitlyWait(10, SECONDS): null

2018-11-08 17:04:56 - [TEST_STEP][PASSED] - Statement - PresavePath = KatalonScreenshots: null

2018-11-08 17:04:56 - [TEST_STEP][PASSED] - Statement - pathPrefix = "C:\Users\Public\Pictures\Sample Pictures\Katalon Screenshots\Automate Ending Screen": null

2018-11-08 17:04:56 - [TEST_STEP][PASSED] - Statement - finalPath = <not implemented yet for class: org.codehaus.groovy.ast.expr.EmptyExpression>: null

2018-11-08 17:04:56 - [TEST_STEP][PASSED] - Statement - scrFile = driver.getScreenshotAs(FILE): null

2018-11-08 17:04:56 - [TEST_STEP][PASSED] - Statement - PreSaveFile = new java.io.File(PresavePath): null

2018-11-08 17:04:56 - [TEST_STEP][PASSED] - Statement - counter = 0: null

2018-11-08 17:04:56 - [TEST_STEP][PASSED] - Statement - If (PreSaveFile.exists()): null

2018-11-08 17:04:56 - [TEST_STEP][PASSED] - Statement - While (PreSaveFile.exists()): null

2018-11-08 17:04:56 - [TEST_STEP][PASSED] - Statement - counter = counter + 1: null

2018-11-08 17:04:56 - [TEST_STEP][PASSED] - Statement - PreSaveFile = new java.io.File(((pathPrefix + java.lang.Integer.toString(counter)) + .png)): null

2018-11-08 17:04:56 - [TEST_STEP][PASSED] - Statement - counter = counter + 1: null

2018-11-08 17:04:56 - [TEST_STEP][PASSED] - Statement - PreSaveFile = new java.io.File(((pathPrefix + java.lang.Integer.toString(counter)) + .png)): null

2018-11-08 17:04:56 - [TEST_STEP][PASSED] - Statement - counter = counter + 1: null

2018-11-08 17:04:56 - [TEST_STEP][PASSED] - Statement - PreSaveFile = new java.io.File(((pathPrefix + java.lang.Integer.toString(counter)) + .png)): null

2018-11-08 17:04:56 - [TEST_STEP][PASSED] - Statement - counter = counter + 1: null

2018-11-08 17:04:56 - [TEST_STEP][PASSED] - Statement - PreSaveFile = new java.io.File(((pathPrefix + java.lang.Integer.toString(counter)) + .png)): null

2018-11-08 17:04:56 - [TEST_STEP][PASSED] - Statement - counter = counter + 1: null

2018-11-08 17:04:56 - [TEST_STEP][PASSED] - Statement - PreSaveFile = new java.io.File(((pathPrefix + java.lang.Integer.toString(counter)) + .png)): null

2018-11-08 17:04:56 - [TEST_STEP][PASSED] - Statement - counter = counter + 1: null

2018-11-08 17:04:56 - [TEST_STEP][PASSED] - Statement - PreSaveFile = new java.io.File(((pathPrefix + java.lang.Integer.toString(counter)) + .png)): null

2018-11-08 17:04:56 - [TEST_STEP][PASSED] - Statement - counter = counter + 1: null

2018-11-08 17:04:56 - [TEST_STEP][PASSED] - Statement - PreSaveFile = new java.io.File(((pathPrefix + java.lang.Integer.toString(counter)) + .png)): null

2018-11-08 17:04:56 - [TEST_STEP][PASSED] - Statement - counter = counter + 1: null

2018-11-08 17:04:56 - [TEST_STEP][PASSED] - Statement - PreSaveFile = new java.io.File(((pathPrefix + java.lang.Integer.toString(counter)) + .png)): null

2018-11-08 17:04:56 - [TEST_STEP][PASSED] - Statement - counter = counter + 1: null

2018-11-08 17:04:56 - [TEST_STEP][PASSED] - Statement - PreSaveFile = new java.io.File(((pathPrefix + java.lang.Integer.toString(counter)) + .png)): null

2018-11-08 17:04:56 - [TEST_STEP][PASSED] - Statement - counter = counter + 1: null

2018-11-08 17:04:56 - [TEST_STEP][PASSED] - Statement - PreSaveFile = new java.io.File(((pathPrefix + java.lang.Integer.toString(counter)) + .png)): null

2018-11-08 17:04:56 - [TEST_STEP][PASSED] - Statement - counter = counter + 1: null

2018-11-08 17:04:56 - [TEST_STEP][PASSED] - Statement - PreSaveFile = new java.io.File(((pathPrefix + java.lang.Integer.toString(counter)) + .png)): null

2018-11-08 17:04:56 - [TEST_STEP][PASSED] - Statement - counter = counter + 1: null

2018-11-08 17:04:56 - [TEST_STEP][PASSED] - Statement - PreSaveFile = new java.io.File(((pathPrefix + java.lang.Integer.toString(counter)) + .png)): null

2018-11-08 17:04:56 - [TEST_STEP][PASSED] - Statement - counter = counter + 1: null

2018-11-08 17:04:56 - [TEST_STEP][PASSED] - Statement - PreSaveFile = new java.io.File(((pathPrefix + java.lang.Integer.toString(counter)) + .png)): null

2018-11-08 17:04:56 - [TEST_STEP][PASSED] - Statement - counter = counter + 1: null

2018-11-08 17:04:56 - [TEST_STEP][PASSED] - Statement - PreSaveFile = new java.io.File(((pathPrefix + java.lang.Integer.toString(counter)) + .png)): null

2018-11-08 17:04:56 - [TEST_STEP][PASSED] - Statement - counter = counter + 1: null

2018-11-08 17:04:56 - [TEST_STEP][PASSED] - Statement - PreSaveFile = new java.io.File(((pathPrefix + java.lang.Integer.toString(counter)) + .png)): null

2018-11-08 17:04:56 - [TEST_STEP][PASSED] - Statement - counter = counter + 1: null

2018-11-08 17:04:56 - [TEST_STEP][PASSED] - Statement - PreSaveFile = new java.io.File(((pathPrefix + java.lang.Integer.toString(counter)) + .png)): null

2018-11-08 17:04:56 - [TEST_STEP][PASSED] - Statement - counter = counter + 1: null

2018-11-08 17:04:56 - [TEST_STEP][PASSED] - Statement - PreSaveFile = new java.io.File(((pathPrefix + java.lang.Integer.toString(counter)) + .png)): null

2018-11-08 17:04:56 - [TEST_STEP][PASSED] - Statement - counter = counter + 1: null

2018-11-08 17:04:56 - [TEST_STEP][PASSED] - Statement - PreSaveFile = new java.io.File(((pathPrefix + java.lang.Integer.toString(counter)) + .png)): null

2018-11-08 17:04:56 - [TEST_STEP][PASSED] - Statement - counter = counter + 1: null

2018-11-08 17:04:56 - [TEST_STEP][PASSED] - Statement - PreSaveFile = new java.io.File(((pathPrefix + java.lang.Integer.toString(counter)) + .png)): null

2018-11-08 17:04:56 - [TEST_STEP][PASSED] - Statement - counter = counter + 1: null

2018-11-08 17:04:56 - [TEST_STEP][PASSED] - Statement - PreSaveFile = new java.io.File(((pathPrefix + java.lang.Integer.toString(counter)) + .png)): null

2018-11-08 17:04:57 - [TEST_STEP][PASSED] - Statement - counter = counter + 1: null

2018-11-08 17:04:57 - [TEST_STEP][PASSED] - Statement - PreSaveFile = new java.io.File(((pathPrefix + java.lang.Integer.toString(counter)) + .png)): null

2018-11-08 17:04:57 - [TEST_STEP][PASSED] - Statement - counter = counter + 1: null

2018-11-08 17:04:57 - [TEST_STEP][PASSED] - Statement - PreSaveFile = new java.io.File(((pathPrefix + java.lang.Integer.toString(counter)) + .png)): null

2018-11-08 17:04:57 - [TEST_STEP][PASSED] - Statement - counter = counter + 1: null

2018-11-08 17:04:57 - [TEST_STEP][PASSED] - Statement - PreSaveFile = new java.io.File(((pathPrefix + java.lang.Integer.toString(counter)) + .png)): null

2018-11-08 17:04:57 - [TEST_STEP][PASSED] - Statement - counter = counter + 1: null

2018-11-08 17:04:57 - [TEST_STEP][PASSED] - Statement - PreSaveFile = new java.io.File(((pathPrefix + java.lang.Integer.toString(counter)) + .png)): null

2018-11-08 17:04:57 - [TEST_STEP][PASSED] - Statement - counter = counter + 1: null

2018-11-08 17:04:57 - [TEST_STEP][PASSED] - Statement - PreSaveFile = new java.io.File(((pathPrefix + java.lang.Integer.toString(counter)) + .png)): null

2018-11-08 17:04:57 - [TEST_STEP][PASSED] - Statement - counter = counter + 1: null

2018-11-08 17:04:57 - [TEST_STEP][PASSED] - Statement - PreSaveFile = new java.io.File(((pathPrefix + java.lang.Integer.toString(counter)) + .png)): null

2018-11-08 17:04:57 - [TEST_STEP][PASSED] - Statement - counter = counter + 1: null

2018-11-08 17:04:57 - [TEST_STEP][PASSED] - Statement - PreSaveFile = new java.io.File(((pathPrefix + java.lang.Integer.toString(counter)) + .png)): null

2018-11-08 17:04:57 - [TEST_STEP][PASSED] - Statement - counter = counter + 1: null

2018-11-08 17:04:58 - [TEST_STEP][PASSED] - Statement - PreSaveFile = new java.io.File(((pathPrefix + java.lang.Integer.toString(counter)) + .png)): null

2018-11-08 17:04:58 - [TEST_STEP][PASSED] - Statement - counter = counter + 1: null

2018-11-08 17:04:58 - [TEST_STEP][PASSED] - Statement - PreSaveFile = new java.io.File(((pathPrefix + java.lang.Integer.toString(counter)) + .png)): null

2018-11-08 17:04:58 - [TEST_STEP][PASSED] - Statement - counter = counter + 1: null

2018-11-08 17:04:58 - [TEST_STEP][PASSED] - Statement - PreSaveFile = new java.io.File(((pathPrefix + java.lang.Integer.toString(counter)) + .png)): null

2018-11-08 17:04:58 - [TEST_STEP][PASSED] - Statement - counter = counter + 1: null

2018-11-08 17:04:58 - [TEST_STEP][PASSED] - Statement - PreSaveFile = new java.io.File(((pathPrefix + java.lang.Integer.toString(counter)) + .png)): null

2018-11-08 17:04:58 - [TEST_STEP][PASSED] - Statement - counter = counter + 1: null

2018-11-08 17:04:58 - [TEST_STEP][PASSED] - Statement - PreSaveFile = new java.io.File(((pathPrefix + java.lang.Integer.toString(counter)) + .png)): null

2018-11-08 17:04:58 - [TEST_STEP][PASSED] - Statement - counter = counter + 1: null

2018-11-08 17:04:58 - [TEST_STEP][PASSED] - Statement - PreSaveFile = new java.io.File(((pathPrefix + java.lang.Integer.toString(counter)) + .png)): null

2018-11-08 17:04:58 - [TEST_STEP][PASSED] - Statement - counter = counter + 1: null

2018-11-08 17:04:59 - [TEST_STEP][PASSED] - Statement - PreSaveFile = new java.io.File(((pathPrefix + java.lang.Integer.toString(counter)) + .png)): null

2018-11-08 17:04:59 - [TEST_STEP][PASSED] - Statement - counter = counter + 1: null

2018-11-08 17:04:59 - [TEST_STEP][PASSED] - Statement - PreSaveFile = new java.io.File(((pathPrefix + java.lang.Integer.toString(counter)) + .png)): null

2018-11-08 17:04:59 - [TEST_STEP][PASSED] - Statement - counter = counter + 1: null

2018-11-08 17:04:59 - [TEST_STEP][PASSED] - Statement - PreSaveFile = new java.io.File(((pathPrefix + java.lang.Integer.toString(counter)) + .png)): null

2018-11-08 17:04:59 - [TEST_STEP][PASSED] - Statement - counter = counter + 1: null

2018-11-08 17:04:59 - [TEST_STEP][PASSED] - Statement - PreSaveFile = new java.io.File(((pathPrefix + java.lang.Integer.toString(counter)) + .png)): null

2018-11-08 17:04:59 - [TEST_STEP][PASSED] - Statement - counter = counter + 1: null

2018-11-08 17:04:59 - [TEST_STEP][PASSED] - Statement - PreSaveFile = new java.io.File(((pathPrefix + java.lang.Integer.toString(counter)) + .png)): null

2018-11-08 17:04:59 - [TEST_STEP][PASSED] - Statement - counter = counter + 1: null

2018-11-08 17:04:59 - [TEST_STEP][PASSED] - Statement - PreSaveFile = new java.io.File(((pathPrefix + java.lang.Integer.toString(counter)) + .png)): null

2018-11-08 17:04:59 - [TEST_STEP][PASSED] - Statement - counter = counter + 1: null

2018-11-08 17:05:00 - [TEST_STEP][PASSED] - Statement - PreSaveFile = new java.io.File(((pathPrefix + java.lang.Integer.toString(counter)) + .png)): null

2018-11-08 17:05:00 - [TEST_STEP][PASSED] - Statement - counter = counter + 1: null

2018-11-08 17:05:00 - [TEST_STEP][PASSED] - Statement - PreSaveFile = new java.io.File(((pathPrefix + java.lang.Integer.toString(counter)) + .png)): null

2018-11-08 17:05:00 - [TEST_STEP][PASSED] - Statement - counter = counter + 1: null

2018-11-08 17:05:00 - [TEST_STEP][PASSED] - Statement - PreSaveFile = new java.io.File(((pathPrefix + java.lang.Integer.toString(counter)) + .png)): null

2018-11-08 17:05:00 - [TEST_STEP][PASSED] - Statement - counter = counter + 1: null

2018-11-08 17:05:00 - [TEST_STEP][PASSED] - Statement - PreSaveFile = new java.io.File(((pathPrefix + java.lang.Integer.toString(counter)) + .png)): null

2018-11-08 17:05:00 - [TEST_STEP][PASSED] - Statement - counter = counter + 1: null

2018-11-08 17:05:00 - [TEST_STEP][PASSED] - Statement - PreSaveFile = new java.io.File(((pathPrefix + java.lang.Integer.toString(counter)) + .png)): null

2018-11-08 17:05:00 - [TEST_STEP][PASSED] - Statement - counter = counter + 1: null

2018-11-08 17:05:00 - [TEST_STEP][PASSED] - Statement - PreSaveFile = new java.io.File(((pathPrefix + java.lang.Integer.toString(counter)) + .png)): null

2018-11-08 17:05:00 - [TEST_STEP][PASSED] - Statement - counter = counter + 1: null

2018-11-08 17:05:01 - [TEST_STEP][PASSED] - Statement - PreSaveFile = new java.io.File(((pathPrefix + java.lang.Integer.toString(counter)) + .png)): null

2018-11-08 17:05:01 - [TEST_STEP][PASSED] - Statement - counter = counter + 1: null

2018-11-08 17:05:01 - [TEST_STEP][PASSED] - Statement - PreSaveFile = new java.io.File(((pathPrefix + java.lang.Integer.toString(counter)) + .png)): null

2018-11-08 17:05:01 - [TEST_STEP][PASSED] - Statement - counter = counter + 1: null

2018-11-08 17:05:01 - [TEST_STEP][PASSED] - Statement - PreSaveFile = new java.io.File(((pathPrefix + java.lang.Integer.toString(counter)) + .png)): null

2018-11-08 17:05:01 - [TEST_STEP][PASSED] - Statement - counter = counter + 1: null

2018-11-08 17:05:01 - [TEST_STEP][PASSED] - Statement - PreSaveFile = new java.io.File(((pathPrefix + java.lang.Integer.toString(counter)) + .png)): null

2018-11-08 17:05:01 - [TEST_STEP][PASSED] - Statement - counter = counter + 1: null

2018-11-08 17:05:01 - [TEST_STEP][PASSED] - Statement - PreSaveFile = new java.io.File(((pathPrefix + java.lang.Integer.toString(counter)) + .png)): null

2018-11-08 17:05:01 - [TEST_STEP][PASSED] - Statement - counter = counter + 1: null

2018-11-08 17:05:01 - [TEST_STEP][PASSED] - Statement - PreSaveFile = new java.io.File(((pathPrefix + java.lang.Integer.toString(counter)) + .png)): null

2018-11-08 17:05:01 - [TEST_STEP][PASSED] - Statement - counter = counter + 1: null

2018-11-08 17:05:02 - [TEST_STEP][PASSED] - Statement - PreSaveFile = new java.io.File(((pathPrefix + java.lang.Integer.toString(counter)) + .png)): null

2018-11-08 17:05:02 - [TEST_STEP][PASSED] - Statement - counter = counter + 1: null

2018-11-08 17:05:02 - [TEST_STEP][PASSED] - Statement - PreSaveFile = new java.io.File(((pathPrefix + java.lang.Integer.toString(counter)) + .png)): null

2018-11-08 17:05:02 - [TEST_STEP][PASSED] - Statement - counter = counter + 1: null

2018-11-08 17:05:02 - [TEST_STEP][PASSED] - Statement - PreSaveFile = new java.io.File(((pathPrefix + java.lang.Integer.toString(counter)) + .png)): null

2018-11-08 17:05:02 - [TEST_STEP][PASSED] - Statement - counter = counter + 1: null

2018-11-08 17:05:02 - [TEST_STEP][PASSED] - Statement - PreSaveFile = new java.io.File(((pathPrefix + java.lang.Integer.toString(counter)) + .png)): null

2018-11-08 17:05:02 - [TEST_STEP][PASSED] - Statement - counter = counter + 1: null

2018-11-08 17:05:02 - [TEST_STEP][PASSED] - Statement - PreSaveFile = new java.io.File(((pathPrefix + java.lang.Integer.toString(counter)) + .png)): null

2018-11-08 17:05:02 - [TEST_STEP][PASSED] - Statement - counter = counter + 1: null

2018-11-08 17:05:03 - [TEST_STEP][PASSED] - Statement - PreSaveFile = new java.io.File(((pathPrefix + java.lang.Integer.toString(counter)) + .png)): null

2018-11-08 17:05:03 - [TEST_STEP][PASSED] - Statement - counter = counter + 1: null

2018-11-08 17:05:03 - [TEST_STEP][PASSED] - Statement - PreSaveFile = new java.io.File(((pathPrefix + java.lang.Integer.toString(counter)) + .png)): null

2018-11-08 17:05:03 - [TEST_STEP][PASSED] - Statement - counter = counter + 1: null

2018-11-08 17:05:03 - [TEST_STEP][PASSED] - Statement - PreSaveFile = new java.io.File(((pathPrefix + java.lang.Integer.toString(counter)) + .png)): null

2018-11-08 17:05:03 - [TEST_STEP][PASSED] - Statement - counter = counter + 1: null

2018-11-08 17:05:03 - [TEST_STEP][PASSED] - Statement - PreSaveFile = new java.io.File(((pathPrefix + java.lang.Integer.toString(counter)) + .png)): null

2018-11-08 17:05:03 - [TEST_STEP][PASSED] - Statement - counter = counter + 1: null

2018-11-08 17:05:03 - [TEST_STEP][PASSED] - Statement - PreSaveFile = new java.io.File(((pathPrefix + java.lang.Integer.toString(counter)) + .png)): null

2018-11-08 17:05:03 - [TEST_STEP][PASSED] - Statement - counter = counter + 1: null

2018-11-08 17:05:03 - [TEST_STEP][PASSED] - Statement - PreSaveFile = new java.io.File(((pathPrefix + java.lang.Integer.toString(counter)) + .png)): null

2018-11-08 17:05:03 - [TEST_STEP][PASSED] - Statement - counter = counter + 1: null

2018-11-08 17:05:04 - [TEST_STEP][PASSED] - Statement - PreSaveFile = new java.io.File(((pathPrefix + java.lang.Integer.toString(counter)) + .png)): null

2018-11-08 17:05:04 - [TEST_STEP][PASSED] - Statement - counter = counter + 1: null

2018-11-08 17:05:04 - [TEST_STEP][PASSED] - Statement - PreSaveFile = new java.io.File(((pathPrefix + java.lang.Integer.toString(counter)) + .png)): null

2018-11-08 17:05:04 - [TEST_STEP][PASSED] - Statement - counter = counter + 1: null

2018-11-08 17:05:04 - [TEST_STEP][PASSED] - Statement - PreSaveFile = new java.io.File(((pathPrefix + java.lang.Integer.toString(counter)) + .png)): null

2018-11-08 17:05:04 - [TEST_STEP][PASSED] - Statement - counter = counter + 1: null

2018-11-08 17:05:04 - [TEST_STEP][PASSED] - Statement - PreSaveFile = new java.io.File(((pathPrefix + java.lang.Integer.toString(counter)) + .png)): null

2018-11-08 17:05:04 - [TEST_STEP][PASSED] - Statement - counter = counter + 1: null

2018-11-08 17:05:04 - [TEST_STEP][PASSED] - Statement - PreSaveFile = new java.io.File(((pathPrefix + java.lang.Integer.toString(counter)) + .png)): null

2018-11-08 17:05:04 - [TEST_STEP][PASSED] - Statement - counter = counter + 1: null

2018-11-08 17:05:04 - [TEST_STEP][PASSED] - Statement - PreSaveFile = new java.io.File(((pathPrefix + java.lang.Integer.toString(counter)) + .png)): null

2018-11-08 17:05:04 - [TEST_STEP][PASSED] - Statement - counter = counter + 1: null

2018-11-08 17:05:05 - [TEST_STEP][PASSED] - Statement - PreSaveFile = new java.io.File(((pathPrefix + java.lang.Integer.toString(counter)) + .png)): null

2018-11-08 17:05:05 - [TEST_STEP][PASSED] - Statement - counter = counter + 1: null

2018-11-08 17:05:05 - [TEST_STEP][PASSED] - Statement - PreSaveFile = new java.io.File(((pathPrefix + java.lang.Integer.toString(counter)) + .png)): null

2018-11-08 17:05:05 - [TEST_STEP][PASSED] - Statement - counter = counter + 1: null

2018-11-08 17:05:05 - [TEST_STEP][PASSED] - Statement - PreSaveFile = new java.io.File(((pathPrefix + java.lang.Integer.toString(counter)) + .png)): null

2018-11-08 17:05:05 - [TEST_STEP][PASSED] - Statement - counter = counter + 1: null

2018-11-08 17:05:05 - [TEST_STEP][PASSED] - Statement - PreSaveFile = new java.io.File(((pathPrefix + java.lang.Integer.toString(counter)) + .png)): null

2018-11-08 17:05:05 - [TEST_STEP][PASSED] - Statement - counter = counter + 1: null

2018-11-08 17:05:05 - [TEST_STEP][PASSED] - Statement - PreSaveFile = new java.io.File(((pathPrefix + java.lang.Integer.toString(counter)) + .png)): null

2018-11-08 17:05:06 - [TEST_STEP][PASSED] - Statement - counter = counter + 1: null

2018-11-08 17:05:06 - [TEST_STEP][PASSED] - Statement - PreSaveFile = new java.io.File(((pathPrefix + java.lang.Integer.toString(counter)) + .png)): null

2018-11-08 17:05:06 - [TEST_STEP][PASSED] - Statement - counter = counter + 1: null

2018-11-08 17:05:06 - [TEST_STEP][PASSED] - Statement - PreSaveFile = new java.io.File(((pathPrefix + java.lang.Integer.toString(counter)) + .png)): null

2018-11-08 17:05:06 - [TEST_STEP][PASSED] - Statement - counter = counter + 1: null

2018-11-08 17:05:06 - [TEST_STEP][PASSED] - Statement - PreSaveFile = new java.io.File(((pathPrefix + java.lang.Integer.toString(counter)) + .png)): null

2018-11-08 17:05:06 - [TEST_STEP][PASSED] - Statement - counter = counter + 1: null

2018-11-08 17:05:06 - [TEST_STEP][PASSED] - Statement - PreSaveFile = new java.io.File(((pathPrefix + java.lang.Integer.toString(counter)) + .png)): null

2018-11-08 17:05:06 - [TEST_STEP][PASSED] - Statement - counter = counter + 1: null

2018-11-08 17:05:06 - [TEST_STEP][PASSED] - Statement - PreSaveFile = new java.io.File(((pathPrefix + java.lang.Integer.toString(counter)) + .png)): null

2018-11-08 17:05:06 - [TEST_STEP][PASSED] - Statement - counter = counter + 1: null

2018-11-08 17:05:06 - [TEST_STEP][PASSED] - Statement - PreSaveFile = new java.io.File(((pathPrefix + java.lang.Integer.toString(counter)) + .png)): null

2018-11-08 17:05:08 - [TEST_STEP][PASSED] - Statement - counter = counter + 1: null

2018-11-08 17:05:08 - [TEST_STEP][PASSED] - Statement - PreSaveFile = new java.io.File(((pathPrefix + java.lang.Integer.toString(counter)) + .png)): null

2018-11-08 17:05:08 - [TEST_STEP][PASSED] - Statement - counter = counter + 1: null

2018-11-08 17:05:08 - [TEST_STEP][PASSED] - Statement - PreSaveFile = new java.io.File(((pathPrefix + java.lang.Integer.toString(counter)) + .png)): null

2018-11-08 17:05:08 - [TEST_STEP][PASSED] - Statement - counter = counter + 1: null

2018-11-08 17:05:08 - [TEST_STEP][PASSED] - Statement - PreSaveFile = new java.io.File(((pathPrefix + java.lang.Integer.toString(counter)) + .png)): null

2018-11-08 17:05:08 - [TEST_STEP][PASSED] - Statement - counter = counter + 1: null

2018-11-08 17:05:08 - [TEST_STEP][PASSED] - Statement - PreSaveFile = new java.io.File(((pathPrefix + java.lang.Integer.toString(counter)) + .png)): null

2018-11-08 17:05:08 - [TEST_STEP][PASSED] - Statement - counter = counter + 1: null

2018-11-08 17:05:08 - [TEST_STEP][PASSED] - Statement - PreSaveFile = new java.io.File(((pathPrefix + java.lang.Integer.toString(counter)) + .png)): null

2018-11-08 17:05:08 - [TEST_STEP][PASSED] - Statement - counter = counter + 1: null

2018-11-08 17:05:08 - [TEST_STEP][PASSED] - Statement - PreSaveFile = new java.io.File(((pathPrefix + java.lang.Integer.toString(counter)) + .png)): null

2018-11-08 17:05:09 - [TEST_STEP][PASSED] - Statement - counter = counter + 1: null

2018-11-08 17:05:09 - [TEST_STEP][PASSED] - Statement - PreSaveFile = new java.io.File(((pathPrefix + java.lang.Integer.toString(counter)) + .png)): null

2018-11-08 17:05:09 - [TEST_STEP][PASSED] - Statement - counter = counter + 1: null

2018-11-08 17:05:09 - [TEST_STEP][PASSED] - Statement - PreSaveFile = new java.io.File(((pathPrefix + java.lang.Integer.toString(counter)) + .png)): null

2018-11-08 17:05:09 - [TEST_STEP][PASSED] - Statement - counter = counter + 1: null

2018-11-08 17:05:09 - [TEST_STEP][PASSED] - Statement - PreSaveFile = new java.io.File(((pathPrefix + java.lang.Integer.toString(counter)) + .png)): null

2018-11-08 17:05:09 - [TEST_STEP][PASSED] - Statement - counter = counter + 1: null

2018-11-08 17:05:09 - [TEST_STEP][PASSED] - Statement - PreSaveFile = new java.io.File(((pathPrefix + java.lang.Integer.toString(counter)) + .png)): null

2018-11-08 17:05:09 - [TEST_STEP][PASSED] - Statement - counter = counter + 1: null

2018-11-08 17:05:10 - [TEST_STEP][PASSED] - Statement - PreSaveFile = new java.io.File(((pathPrefix + java.lang.Integer.toString(counter)) + .png)): null

2018-11-08 17:05:10 - [TEST_STEP][PASSED] - Statement - counter = counter + 1: null

2018-11-08 17:05:10 - [TEST_STEP][PASSED] - Statement - PreSaveFile = new java.io.File(((pathPrefix + java.lang.Integer.toString(counter)) + .png)): null

2018-11-08 17:05:10 - [TEST_STEP][PASSED] - Statement - counter = counter + 1: null

2018-11-08 17:05:10 - [TEST_STEP][PASSED] - Statement - PreSaveFile = new java.io.File(((pathPrefix + java.lang.Integer.toString(counter)) + .png)): null

2018-11-08 17:05:10 - [TEST_STEP][PASSED] - Statement - counter = counter + 1: null

2018-11-08 17:05:10 - [TEST_STEP][PASSED] - Statement - PreSaveFile = new java.io.File(((pathPrefix + java.lang.Integer.toString(counter)) + .png)): null

2018-11-08 17:05:10 - [TEST_STEP][PASSED] - Statement - counter = counter + 1: null

2018-11-08 17:05:10 - [TEST_STEP][PASSED] - Statement - PreSaveFile = new java.io.File(((pathPrefix + java.lang.Integer.toString(counter)) + .png)): null

2018-11-08 17:05:10 - [TEST_STEP][PASSED] - Statement - counter = counter + 1: null

2018-11-08 17:05:10 - [TEST_STEP][PASSED] - Statement - PreSaveFile = new java.io.File(((pathPrefix + java.lang.Integer.toString(counter)) + .png)): null

2018-11-08 17:05:10 - [TEST_STEP][PASSED] - Statement - counter = counter + 1: null

2018-11-08 17:05:11 - [TEST_STEP][PASSED] - Statement - PreSaveFile = new java.io.File(((pathPrefix + java.lang.Integer.toString(counter)) + .png)): null

2018-11-08 17:05:11 - [TEST_STEP][PASSED] - Statement - counter = counter + 1: null

2018-11-08 17:05:11 - [TEST_STEP][PASSED] - Statement - PreSaveFile = new java.io.File(((pathPrefix + java.lang.Integer.toString(counter)) + .png)): null

2018-11-08 17:05:11 - [TEST_STEP][PASSED] - Statement - counter = counter + 1: null

2018-11-08 17:05:11 - [TEST_STEP][PASSED] - Statement - PreSaveFile = new java.io.File(((pathPrefix + java.lang.Integer.toString(counter)) + .png)): null

2018-11-08 17:05:11 - [TEST_STEP][PASSED] - Statement - counter = counter + 1: null

2018-11-08 17:05:11 - [TEST_STEP][PASSED] - Statement - PreSaveFile = new java.io.File(((pathPrefix + java.lang.Integer.toString(counter)) + .png)): null

2018-11-08 17:05:11 - [TEST_STEP][PASSED] - Statement - counter = counter + 1: null

2018-11-08 17:05:11 - [TEST_STEP][PASSED] - Statement - PreSaveFile = new java.io.File(((pathPrefix + java.lang.Integer.toString(counter)) + .png)): null

2018-11-08 17:05:12 - [TEST_STEP][PASSED] - Statement - counter = counter + 1: null

2018-11-08 17:05:12 - [TEST_STEP][PASSED] - Statement - PreSaveFile = new java.io.File(((pathPrefix + java.lang.Integer.toString(counter)) + .png)): null

2018-11-08 17:05:12 - [TEST_STEP][PASSED] - Statement - counter = counter + 1: null

2018-11-08 17:05:12 - [TEST_STEP][PASSED] - Statement - PreSaveFile = new java.io.File(((pathPrefix + java.lang.Integer.toString(counter)) + .png)): null

2018-11-08 17:05:12 - [TEST_STEP][PASSED] - Statement - counter = counter + 1: null

2018-11-08 17:05:12 - [TEST_STEP][PASSED] - Statement - PreSaveFile = new java.io.File(((pathPrefix + java.lang.Integer.toString(counter)) + .png)): null

2018-11-08 17:05:12 - [TEST_STEP][PASSED] - Statement - counter = counter + 1: null

2018-11-08 17:05:12 - [TEST_STEP][PASSED] - Statement - PreSaveFile = new java.io.File(((pathPrefix + java.lang.Integer.toString(counter)) + .png)): null

2018-11-08 17:05:12 - [TEST_STEP][PASSED] - Statement - counter = counter + 1: null

2018-11-08 17:05:12 - [TEST_STEP][PASSED] - Statement - PreSaveFile = new java.io.File(((pathPrefix + java.lang.Integer.toString(counter)) + .png)): null

2018-11-08 17:05:12 - [TEST_STEP][PASSED] - Statement - counter = counter + 1: null

2018-11-08 17:05:12 - [TEST_STEP][PASSED] - Statement - PreSaveFile = new java.io.File(((pathPrefix + java.lang.Integer.toString(counter)) + .png)): null

2018-11-08 17:05:13 - [TEST_STEP][PASSED] - Statement - counter = counter + 1: null

2018-11-08 17:05:13 - [TEST_STEP][PASSED] - Statement - PreSaveFile = new java.io.File(((pathPrefix + java.lang.Integer.toString(counter)) + .png)): null

2018-11-08 17:05:13 - [TEST_STEP][PASSED] - Statement - counter = counter + 1: null

2018-11-08 17:05:13 - [TEST_STEP][PASSED] - Statement - PreSaveFile = new java.io.File(((pathPrefix + java.lang.Integer.toString(counter)) + .png)): null

2018-11-08 17:05:13 - [TEST_STEP][PASSED] - Statement - counter = counter + 1: null

2018-11-08 17:05:13 - [TEST_STEP][PASSED] - Statement - PreSaveFile = new java.io.File(((pathPrefix + java.lang.Integer.toString(counter)) + .png)): null

2018-11-08 17:05:13 - [TEST_STEP][PASSED] - Statement - counter = counter + 1: null

2018-11-08 17:05:13 - [TEST_STEP][PASSED] - Statement - PreSaveFile = new java.io.File(((pathPrefix + java.lang.Integer.toString(counter)) + .png)): null

2018-11-08 17:05:13 - [TEST_STEP][PASSED] - Statement - counter = counter + 1: null

2018-11-08 17:05:15 - [TEST_STEP][PASSED] - Statement - PreSaveFile = new java.io.File(((pathPrefix + java.lang.Integer.toString(counter)) + .png)): null

2018-11-08 17:05:15 - [TEST_STEP][PASSED] - Statement - counter = counter + 1: null

2018-11-08 17:05:15 - [TEST_STEP][PASSED] - Statement - PreSaveFile = new java.io.File(((pathPrefix + java.lang.Integer.toString(counter)) + .png)): null

2018-11-08 17:05:15 - [TEST_STEP][PASSED] - Statement - counter = counter + 1: null

2018-11-08 17:05:15 - [TEST_STEP][PASSED] - Statement - PreSaveFile = new java.io.File(((pathPrefix + java.lang.Integer.toString(counter)) + .png)): null

2018-11-08 17:05:15 - [TEST_STEP][PASSED] - Statement - counter = counter + 1: null

2018-11-08 17:05:15 - [TEST_STEP][PASSED] - Statement - PreSaveFile = new java.io.File(((pathPrefix + java.lang.Integer.toString(counter)) + .png)): null

2018-11-08 17:05:15 - [TEST_STEP][PASSED] - Statement - counter = counter + 1: null

2018-11-08 17:05:15 - [TEST_STEP][PASSED] - Statement - PreSaveFile = new java.io.File(((pathPrefix + java.lang.Integer.toString(counter)) + .png)): null

2018-11-08 17:05:15 - [TEST_STEP][PASSED] - Statement - counter = counter + 1: null

2018-11-08 17:05:15 - [TEST_STEP][PASSED] - Statement - PreSaveFile = new java.io.File(((pathPrefix + java.lang.Integer.toString(counter)) + .png)): null

2018-11-08 17:05:15 - [TEST_STEP][PASSED] - Statement - counter = counter + 1: null

2018-11-08 17:05:16 - [TEST_STEP][PASSED] - Statement - PreSaveFile = new java.io.File(((pathPrefix + java.lang.Integer.toString(counter)) + .png)): null

2018-11-08 17:05:16 - [TEST_STEP][PASSED] - Statement - counter = counter + 1: null

2018-11-08 17:05:16 - [TEST_STEP][PASSED] - Statement - PreSaveFile = new java.io.File(((pathPrefix + java.lang.Integer.toString(counter)) + .png)): null

2018-11-08 17:05:16 - [TEST_STEP][PASSED] - Statement - counter = counter + 1: null

2018-11-08 17:05:16 - [TEST_STEP][PASSED] - Statement - PreSaveFile = new java.io.File(((pathPrefix + java.lang.Integer.toString(counter)) + .png)): null

2018-11-08 17:05:16 - [TEST_STEP][PASSED] - Statement - counter = counter + 1: null

2018-11-08 17:05:16 - [TEST_STEP][PASSED] - Statement - PreSaveFile = new java.io.File(((pathPrefix + java.lang.Integer.toString(counter)) + .png)): null

2018-11-08 17:05:16 - [TEST_STEP][PASSED] - Statement - counter = counter + 1: null

2018-11-08 17:05:16 - [TEST_STEP][PASSED] - Statement - PreSaveFile = new java.io.File(((pathPrefix + java.lang.Integer.toString(counter)) + .png)): null

2018-11-08 17:05:17 - [TEST_STEP][PASSED] - Statement - counter = counter + 1: null

2018-11-08 17:05:17 - [TEST_STEP][PASSED] - Statement - PreSaveFile = new java.io.File(((pathPrefix + java.lang.Integer.toString(counter)) + .png)): null

2018-11-08 17:05:17 - [TEST_STEP][PASSED] - Statement - counter = counter + 1: null

2018-11-08 17:05:17 - [TEST_STEP][PASSED] - Statement - PreSaveFile = new java.io.File(((pathPrefix + java.lang.Integer.toString(counter)) + .png)): null

2018-11-08 17:05:17 - [TEST_STEP][PASSED] - Statement - counter = counter + 1: null

2018-11-08 17:05:17 - [TEST_STEP][PASSED] - Statement - PreSaveFile = new java.io.File(((pathPrefix + java.lang.Integer.toString(counter)) + .png)): null

2018-11-08 17:05:17 - [TEST_STEP][PASSED] - Statement - counter = counter + 1: null

2018-11-08 17:05:17 - [TEST_STEP][PASSED] - Statement - PreSaveFile = new java.io.File(((pathPrefix + java.lang.Integer.toString(counter)) + .png)): null

2018-11-08 17:05:17 - [TEST_STEP][PASSED] - Statement - counter = counter + 1: null

2018-11-08 17:05:17 - [TEST_STEP][PASSED] - Statement - PreSaveFile = new java.io.File(((pathPrefix + java.lang.Integer.toString(counter)) + .png)): null

2018-11-08 17:05:17 - [TEST_STEP][PASSED] - Statement - counter = counter + 1: null

2018-11-08 17:05:17 - [TEST_STEP][PASSED] - Statement - PreSaveFile = new java.io.File(((pathPrefix + java.lang.Integer.toString(counter)) + .png)): null

2018-11-08 17:05:18 - [TEST_STEP][PASSED] - Statement - counter = counter + 1: null

2018-11-08 17:05:18 - [TEST_STEP][PASSED] - Statement - PreSaveFile = new java.io.File(((pathPrefix + java.lang.Integer.toString(counter)) + .png)): null

2018-11-08 17:05:18 - [TEST_STEP][PASSED] - Statement - counter = counter + 1: null

2018-11-08 17:05:18 - [TEST_STEP][PASSED] - Statement - PreSaveFile = new java.io.File(((pathPrefix + java.lang.Integer.toString(counter)) + .png)): null

2018-11-08 17:05:18 - [TEST_STEP][PASSED] - Statement - counter = counter + 1: null

2018-11-08 17:05:18 - [TEST_STEP][PASSED] - Statement - PreSaveFile = new java.io.File(((pathPrefix + java.lang.Integer.toString(counter)) + .png)): null

2018-11-08 17:05:18 - [TEST_STEP][PASSED] - Statement - counter = counter + 1: null

2018-11-08 17:05:18 - [TEST_STEP][PASSED] - Statement - PreSaveFile = new java.io.File(((pathPrefix + java.lang.Integer.toString(counter)) + .png)): null

2018-11-08 17:05:18 - [TEST_STEP][PASSED] - Statement - counter = counter + 1: null

2018-11-08 17:05:20 - [TEST_STEP][PASSED] - Statement - PreSaveFile = new java.io.File(((pathPrefix + java.lang.Integer.toString(counter)) + .png)): null

2018-11-08 17:05:20 - [TEST_STEP][PASSED] - Statement - counter = counter + 1: null

2018-11-08 17:05:20 - [TEST_STEP][PASSED] - Statement - PreSaveFile = new java.io.File(((pathPrefix + java.lang.Integer.toString(counter)) + .png)): null

2018-11-08 17:05:20 - [TEST_STEP][PASSED] - Statement - counter = counter + 1: null

2018-11-08 17:05:20 - [TEST_STEP][PASSED] - Statement - PreSaveFile = new java.io.File(((pathPrefix + java.lang.Integer.toString(counter)) + .png)): null

2018-11-08 17:05:20 - [TEST_STEP][PASSED] - Statement - counter = counter + 1: null

2018-11-08 17:05:20 - [TEST_STEP][PASSED] - Statement - PreSaveFile = new java.io.File(((pathPrefix + java.lang.Integer.toString(counter)) + .png)): null

2018-11-08 17:05:20 - [TEST_STEP][PASSED] - Statement - counter = counter + 1: null

2018-11-08 17:05:20 - [TEST_STEP][PASSED] - Statement - PreSaveFile = new java.io.File(((pathPrefix + java.lang.Integer.toString(counter)) + .png)): null

2018-11-08 17:05:20 - [TEST_STEP][PASSED] - Statement - counter = counter + 1: null

2018-11-08 17:05:20 - [TEST_STEP][PASSED] - Statement - PreSaveFile = new java.io.File(((pathPrefix + java.lang.Integer.toString(counter)) + .png)): null

2018-11-08 17:05:20 - [TEST_STEP][PASSED] - Statement - counter = counter + 1: null

2018-11-08 17:05:21 - [TEST_STEP][PASSED] - Statement - PreSaveFile = new java.io.File(((pathPrefix + java.lang.Integer.toString(counter)) + .png)): null

2018-11-08 17:05:21 - [TEST_STEP][PASSED] - Statement - counter = counter + 1: null

2018-11-08 17:05:21 - [TEST_STEP][PASSED] - Statement - PreSaveFile = new java.io.File(((pathPrefix + java.lang.Integer.toString(counter)) + .png)): null

2018-11-08 17:05:21 - [TEST_STEP][PASSED] - Statement - counter = counter + 1: null

2018-11-08 17:05:21 - [TEST_STEP][PASSED] - Statement - PreSaveFile = new java.io.File(((pathPrefix + java.lang.Integer.toString(counter)) + .png)): null

2018-11-08 17:05:21 - [TEST_STEP][PASSED] - Statement - counter = counter + 1: null

2018-11-08 17:05:21 - [TEST_STEP][PASSED] - Statement - PreSaveFile = new java.io.File(((pathPrefix + java.lang.Integer.toString(counter)) + .png)): null

2018-11-08 17:05:21 - [TEST_STEP][PASSED] - Statement - counter = counter + 1: null

2018-11-08 17:05:21 - [TEST_STEP][PASSED] - Statement - PreSaveFile = new java.io.File(((pathPrefix + java.lang.Integer.toString(counter)) + .png)): null

2018-11-08 17:05:23 - [TEST_STEP][PASSED] - Statement - counter = counter + 1: null

2018-11-08 17:05:23 - [TEST_STEP][PASSED] - Statement - PreSaveFile = new java.io.File(((pathPrefix + java.lang.Integer.toString(counter)) + .png)): null

2018-11-08 17:05:23 - [TEST_STEP][PASSED] - Statement - counter = counter + 1: null

2018-11-08 17:05:23 - [TEST_STEP][PASSED] - Statement - PreSaveFile = new java.io.File(((pathPrefix + java.lang.Integer.toString(counter)) + .png)): null

2018-11-08 17:05:23 - [TEST_STEP][PASSED] - Statement - counter = counter + 1: null

2018-11-08 17:05:23 - [TEST_STEP][PASSED] - Statement - PreSaveFile = new java.io.File(((pathPrefix + java.lang.Integer.toString(counter)) + .png)): null

2018-11-08 17:05:23 - [TEST_STEP][PASSED] - Statement - counter = counter + 1: null

2018-11-08 17:05:23 - [TEST_STEP][PASSED] - Statement - PreSaveFile = new java.io.File(((pathPrefix + java.lang.Integer.toString(counter)) + .png)): null

2018-11-08 17:05:23 - [TEST_STEP][PASSED] - Statement - counter = counter + 1: null

2018-11-08 17:05:24 - [TEST_STEP][PASSED] - Statement - PreSaveFile = new java.io.File(((pathPrefix + java.lang.Integer.toString(counter)) + .png)): null

2018-11-08 17:05:24 - [TEST_STEP][PASSED] - Statement - counter = counter + 1: null

2018-11-08 17:05:24 - [TEST_STEP][PASSED] - Statement - PreSaveFile = new java.io.File(((pathPrefix + java.lang.Integer.toString(counter)) + .png)): null

2018-11-08 17:05:24 - [TEST_STEP][PASSED] - Statement - counter = counter + 1: null

2018-11-08 17:05:24 - [TEST_STEP][PASSED] - Statement - PreSaveFile = new java.io.File(((pathPrefix + java.lang.Integer.toString(counter)) + .png)): null

2018-11-08 17:05:24 - [TEST_STEP][PASSED] - Statement - counter = counter + 1: null

2018-11-08 17:05:24 - [TEST_STEP][PASSED] - Statement - PreSaveFile = new java.io.File(((pathPrefix + java.lang.Integer.toString(counter)) + .png)): null

2018-11-08 17:05:24 - [TEST_STEP][PASSED] - Statement - counter = counter + 1: null

2018-11-08 17:05:24 - [TEST_STEP][PASSED] - Statement - PreSaveFile = new java.io.File(((pathPrefix + java.lang.Integer.toString(counter)) + .png)): null

2018-11-08 17:05:24 - [TEST_STEP][PASSED] - Statement - counter = counter + 1: null

2018-11-08 17:05:24 - [TEST_STEP][PASSED] - Statement - PreSaveFile = new java.io.File(((pathPrefix + java.lang.Integer.toString(counter)) + .png)): null

2018-11-08 17:05:24 - [TEST_STEP][PASSED] - Statement - counter = counter + 1: null

2018-11-08 17:05:25 - [TEST_STEP][PASSED] - Statement - PreSaveFile = new java.io.File(((pathPrefix + java.lang.Integer.toString(counter)) + .png)): null

2018-11-08 17:05:25 - [TEST_STEP][PASSED] - Statement - counter = counter + 1: null

2018-11-08 17:05:25 - [TEST_STEP][PASSED] - Statement - PreSaveFile = new java.io.File(((pathPrefix + java.lang.Integer.toString(counter)) + .png)): null

2018-11-08 17:05:25 - [TEST_STEP][PASSED] - Statement - counter = counter + 1: null

2018-11-08 17:05:25 - [TEST_STEP][PASSED] - Statement - PreSaveFile = new java.io.File(((pathPrefix + java.lang.Integer.toString(counter)) + .png)): null

2018-11-08 17:05:25 - [TEST_STEP][PASSED] - Statement - counter = counter + 1: null

2018-11-08 17:05:25 - [TEST_STEP][PASSED] - Statement - PreSaveFile = new java.io.File(((pathPrefix + java.lang.Integer.toString(counter)) + .png)): null

2018-11-08 17:05:25 - [TEST_STEP][PASSED] - Statement - counter = counter + 1: null

2018-11-08 17:05:25 - [TEST_STEP][PASSED] - Statement - PreSaveFile = new java.io.File(((pathPrefix + java.lang.Integer.toString(counter)) + .png)): null

2018-11-08 17:05:25 - [TEST_STEP][PASSED] - Statement - counter = counter + 1: null

2018-11-08 17:05:25 - [TEST_STEP][PASSED] - Statement - PreSaveFile = new java.io.File(((pathPrefix + java.lang.Integer.toString(counter)) + .png)): null

2018-11-08 17:05:25 - [TEST_STEP][PASSED] - Statement - counter = counter + 1: null

2018-11-08 17:05:25 - [TEST_STEP][PASSED] - Statement - PreSaveFile = new java.io.File(((pathPrefix + java.lang.Integer.toString(counter)) + .png)): null

2018-11-08 17:05:25 - [TEST_STEP][PASSED] - Statement - counter = counter + 1: null

2018-11-08 17:05:25 - [TEST_STEP][PASSED] - Statement - PreSaveFile = new java.io.File(((pathPrefix + java.lang.Integer.toString(counter)) + .png)): null

2018-11-08 17:05:25 - [TEST_STEP][PASSED] - Statement - counter = counter + 1: null

2018-11-08 17:05:25 - [TEST_STEP][PASSED] - Statement - PreSaveFile = new java.io.File(((pathPrefix + java.lang.Integer.toString(counter)) + .png)): null

2018-11-08 17:05:25 - [TEST_STEP][PASSED] - Statement - counter = counter + 1: null

2018-11-08 17:05:25 - [TEST_STEP][PASSED] - Statement - PreSaveFile = new java.io.File(((pathPrefix + java.lang.Integer.toString(counter)) + .png)): null

2018-11-08 17:05:25 - [TEST_STEP][PASSED] - Statement - counter = counter + 1: null

2018-11-08 17:05:27 - [TEST_STEP][PASSED] - Statement - PreSaveFile = new java.io.File(((pathPrefix + java.lang.Integer.toString(counter)) + .png)): null

2018-11-08 17:05:27 - [TEST_STEP][PASSED] - Statement - counter = counter + 1: null

2018-11-08 17:05:27 - [TEST_STEP][PASSED] - Statement - PreSaveFile = new java.io.File(((pathPrefix + java.lang.Integer.toString(counter)) + .png)): null

2018-11-08 17:05:27 - [TEST_STEP][PASSED] - Statement - counter = counter + 1: null

2018-11-08 17:05:27 - [TEST_STEP][PASSED] - Statement - PreSaveFile = new java.io.File(((pathPrefix + java.lang.Integer.toString(counter)) + .png)): null

2018-11-08 17:05:27 - [TEST_STEP][PASSED] - Statement - counter = counter + 1: null

2018-11-08 17:05:27 - [TEST_STEP][PASSED] - Statement - PreSaveFile = new java.io.File(((pathPrefix + java.lang.Integer.toString(counter)) + .png)): null

2018-11-08 17:05:27 - [TEST_STEP][PASSED] - Statement - finalPath = pathPrefix + java.lang.Integer.toString(counter) + ".png": null

2018-11-08 17:05:27 - [TEST_STEP][PASSED] - Statement - SaveFile = new java.io.File(finalPath): null

2018-11-08 17:05:27 - [TEST_STEP][PASSED] - Statement - Try: null

2018-11-08 17:05:28 - [TEST_STEP][PASSED] - Statement - org.apache.commons.io.FileUtils.copyFile(scrFile, SaveFile): null

2018-11-08 17:05:28 - [TEST_STEP][PASSED] - Statement - out.println("file kept"): null

2018-11-08 17:05:28 - [TEST_STEP][PASSED] - delay: Delayed 10 second(s)

2018-11-08 17:05:38 - [MESSAGE][PASSED] - Delayed 10 second(s)

2018-11-08 17:05:38 - [MESSAGE][PASSED] - Call Test Case 'Test Cases/Final Aug 2018 - PKS Automation/Registration Module/New Registration/Submit and Screenshot/Submit Registration and Screenshot' successfully]]></system-out>
         <system-err><![CDATA[]]></system-err>
      </testcase>
      <testcase name="Test Cases/Final Aug 2018 - PKS Automation/Registration Module/Workflow/New Registration/OTC - PKR BO - RO Under Enforcement(Routed 2 Time)" classname="Test Cases/Final Aug 2018 - PKS Automation/Registration Module/Workflow/New Registration/OTC - PKR BO - RO Under Enforcement(Routed 2 Time)" status="FAILED">
         <failure type="FAILED" message="(Stack trace: com.kms.katalon.core.exception.StepFailedException: Unable to click on object 'Object Repository/Final Object Repo/Landing Page/Select to Workflow Listing' (Root cause: org.openqa.selenium.ElementNotInteractableException: Element &lt;a href=&quot;https://assist2-uat.perkeso.gov.my/web/base/workflow/workflow-listing&quot;> could not be scrolled into view
Build info: version: '3.9.1', revision: '63f7b50', time: '2018-02-07T22:42:28.403Z'
System info: host: 'WEIZHENG', ip: '10.212.128.111', os.name: 'Windows 7', os.arch: 'amd64', os.version: '6.1', java.version: '1.8.0_181'
Driver info: com.kms.katalon.core.webui.driver.firefox.CGeckoDriver
Capabilities {acceptInsecureCerts: true, browserName: firefox, browserVersion: 63.0.1, javascriptEnabled: true, moz:accessibilityChecks: false, moz:geckodriverVersion: 0.23.0, moz:headless: false, moz:processID: 11168, moz:profile: C:\Users\Wei Zheng\AppData\..., moz:useNonSpecCompliantPointerOrigin: false, moz:webdriverClick: true, pageLoadStrategy: normal, platform: WINDOWS, platformName: WINDOWS, platformVersion: 6.1, proxy: Proxy(direct), rotatable: false, setWindowRect: true, timeouts: {implicit: 0, pageLoad: 300000, script: 30000}, unhandledPromptBehavior: dismiss and notify}
Session ID: f1ecb928-c798-401d-a21f-31d61de1f178)
	at com.kms.katalon.core.keyword.internal.KeywordMain.stepFailed(KeywordMain.groovy:32)
	at com.kms.katalon.core.webui.keyword.internal.WebUIKeywordMain.stepFailed(WebUIKeywordMain.groovy:65)
	at com.kms.katalon.core.webui.keyword.internal.WebUIKeywordMain.runKeyword(WebUIKeywordMain.groovy:27)
	at com.kms.katalon.core.webui.keyword.builtin.ClickKeyword.click(ClickKeyword.groovy:86)
	at com.kms.katalon.core.webui.keyword.builtin.ClickKeyword.execute(ClickKeyword.groovy:67)
	at com.kms.katalon.core.keyword.internal.KeywordExecutor.executeKeywordForPlatform(KeywordExecutor.groovy:53)
	at com.kms.katalon.core.webui.keyword.WebUiBuiltInKeywords.click(WebUiBuiltInKeywords.groovy:616)
	at com.kms.katalon.core.webui.keyword.WebUiBuiltInKeywords$click$2.call(Unknown Source)
	at Script1534407542420.run(Script1534407542420.groovy:73)
	at com.kms.katalon.core.main.ScriptEngine.run(ScriptEngine.java:183)
	at com.kms.katalon.core.main.ScriptEngine.runScriptAsRawText(ScriptEngine.java:108)
	at com.kms.katalon.core.main.TestCaseExecutor.runScript(TestCaseExecutor.java:294)
	at com.kms.katalon.core.main.TestCaseExecutor.doExecute(TestCaseExecutor.java:285)
	at com.kms.katalon.core.main.TestCaseExecutor.processExecutionPhase(TestCaseExecutor.java:264)
	at com.kms.katalon.core.main.TestCaseExecutor.accessMainPhase(TestCaseExecutor.java:256)
	at com.kms.katalon.core.main.TestCaseExecutor.execute(TestCaseExecutor.java:200)
	at com.kms.katalon.core.main.TestCaseMain.runTestCase(TestCaseMain.java:99)
	at com.kms.katalon.core.keyword.builtin.CallTestCaseKeyword$_callTestCase_closure1.doCall(CallTestCaseKeyword.groovy:60)
	at com.kms.katalon.core.keyword.builtin.CallTestCaseKeyword$_callTestCase_closure1.call(CallTestCaseKeyword.groovy)
	at com.kms.katalon.core.keyword.internal.KeywordMain.runKeyword(KeywordMain.groovy:54)
	at com.kms.katalon.core.keyword.builtin.CallTestCaseKeyword.callTestCase(CallTestCaseKeyword.groovy:81)
	at com.kms.katalon.core.keyword.builtin.CallTestCaseKeyword.execute(CallTestCaseKeyword.groovy:45)
	at com.kms.katalon.core.keyword.internal.KeywordExecutor.executeKeywordForPlatform(KeywordExecutor.groovy:53)
	at com.kms.katalon.core.keyword.BuiltinKeywords.callTestCase(BuiltinKeywords.groovy:334)
	at sun.reflect.GeneratedMethodAccessor13.invoke(Unknown Source)
	at sun.reflect.DelegatingMethodAccessorImpl.invoke(DelegatingMethodAccessorImpl.java:43)
	at java.lang.reflect.Method.invoke(Method.java:498)
	at org.codehaus.groovy.reflection.CachedMethod.invoke(CachedMethod.java:93)
	at groovy.lang.MetaMethod.doMethodInvoke(MetaMethod.java:325)
	at groovy.lang.MetaClassImpl.invokeStaticMethod(MetaClassImpl.java:1469)
	at org.codehaus.groovy.runtime.callsite.StaticMetaClassSite.call(StaticMetaClassSite.java:53)
	at org.codehaus.groovy.runtime.callsite.CallSiteArray.defaultCall(CallSiteArray.java:48)
	at org.codehaus.groovy.runtime.callsite.AbstractCallSite.call(AbstractCallSite.java:113)
	at org.codehaus.groovy.runtime.callsite.AbstractCallSite.call(AbstractCallSite.java:141)
	at Script1535944782532.run(Script1535944782532.groovy:110)
	at com.kms.katalon.core.main.ScriptEngine.run(ScriptEngine.java:183)
	at com.kms.katalon.core.main.ScriptEngine.runScriptAsRawText(ScriptEngine.java:108)
	at com.kms.katalon.core.main.TestCaseExecutor.runScript(TestCaseExecutor.java:294)
	at com.kms.katalon.core.main.TestCaseExecutor.doExecute(TestCaseExecutor.java:285)
	at com.kms.katalon.core.main.TestCaseExecutor.processExecutionPhase(TestCaseExecutor.java:264)
	at com.kms.katalon.core.main.TestCaseExecutor.accessMainPhase(TestCaseExecutor.java:256)
	at com.kms.katalon.core.main.TestCaseExecutor.execute(TestCaseExecutor.java:200)
	at com.kms.katalon.core.main.TestSuiteExecutor.accessTestCaseMainPhase(TestSuiteExecutor.java:129)
	at com.kms.katalon.core.main.TestSuiteExecutor.accessTestSuiteMainPhase(TestSuiteExecutor.java:112)
	at com.kms.katalon.core.main.TestSuiteExecutor.execute(TestSuiteExecutor.java:81)
	at com.kms.katalon.core.main.TestCaseMain.startTestSuite(TestCaseMain.java:142)
	at com.kms.katalon.core.main.TestCaseMain$startTestSuite$0.call(Unknown Source)
	at org.codehaus.groovy.runtime.callsite.CallSiteArray.defaultCall(CallSiteArray.java:48)
	at org.codehaus.groovy.runtime.callsite.AbstractCallSite.call(AbstractCallSite.java:113)
	at org.codehaus.groovy.runtime.callsite.AbstractCallSite.call(AbstractCallSite.java:141)
	at TempTestSuite1541659865479.run(TempTestSuite1541659865479.groovy:36)
	at groovy.lang.GroovyShell.runScriptOrMainOrTestOrRunnable(GroovyShell.java:263)
	at groovy.lang.GroovyShell.run(GroovyShell.java:518)
	at groovy.lang.GroovyShell.run(GroovyShell.java:507)
	at groovy.ui.GroovyMain.processOnce(GroovyMain.java:653)
	at groovy.ui.GroovyMain.run(GroovyMain.java:384)
	at groovy.ui.GroovyMain.process(GroovyMain.java:370)
	at groovy.ui.GroovyMain.processArgs(GroovyMain.java:129)
	at groovy.ui.GroovyMain.main(GroovyMain.java:109)
	at sun.reflect.NativeMethodAccessorImpl.invoke0(Native Method)
	at sun.reflect.NativeMethodAccessorImpl.invoke(NativeMethodAccessorImpl.java:62)
	at sun.reflect.DelegatingMethodAccessorImpl.invoke(DelegatingMethodAccessorImpl.java:43)
	at java.lang.reflect.Method.invoke(Method.java:498)
	at org.codehaus.groovy.tools.GroovyStarter.rootLoader(GroovyStarter.java:109)
	at org.codehaus.groovy.tools.GroovyStarter.main(GroovyStarter.java:131)
)"/>
         <system-out><![CDATA[2018-11-08 17:05:38 - [TEST_CASE][FAILED] - Test Cases/Final Aug 2018 - PKS Automation/Registration Module/Workflow/New Registration/OTC - PKR BO - RO Under Enforcement(Routed 2 Time): Test Cases/Final Aug 2018 - PKS Automation/Registration Module/Workflow/New Registration/OTC - PKR BO - RO Under Enforcement(Routed 2 Time) FAILED because (of) (Stack trace: com.kms.katalon.core.exception.StepFailedException: Unable to click on object 'Object Repository/Final Object Repo/Landing Page/Select to Workflow Listing' (Root cause: org.openqa.selenium.ElementNotInteractableException: Element <a href="https://assist2-uat.perkeso.gov.my/web/base/workflow/workflow-listing"> could not be scrolled into view
Build info: version: '3.9.1', revision: '63f7b50', time: '2018-02-07T22:42:28.403Z'
System info: host: 'WEIZHENG', ip: '10.212.128.111', os.name: 'Windows 7', os.arch: 'amd64', os.version: '6.1', java.version: '1.8.0_181'
Driver info: com.kms.katalon.core.webui.driver.firefox.CGeckoDriver
Capabilities {acceptInsecureCerts: true, browserName: firefox, browserVersion: 63.0.1, javascriptEnabled: true, moz:accessibilityChecks: false, moz:geckodriverVersion: 0.23.0, moz:headless: false, moz:processID: 11168, moz:profile: C:\Users\Wei Zheng\AppData\..., moz:useNonSpecCompliantPointerOrigin: false, moz:webdriverClick: true, pageLoadStrategy: normal, platform: WINDOWS, platformName: WINDOWS, platformVersion: 6.1, proxy: Proxy(direct), rotatable: false, setWindowRect: true, timeouts: {implicit: 0, pageLoad: 300000, script: 30000}, unhandledPromptBehavior: dismiss and notify}
Session ID: f1ecb928-c798-401d-a21f-31d61de1f178)
	at com.kms.katalon.core.keyword.internal.KeywordMain.stepFailed(KeywordMain.groovy:32)
	at com.kms.katalon.core.webui.keyword.internal.WebUIKeywordMain.stepFailed(WebUIKeywordMain.groovy:65)
	at com.kms.katalon.core.webui.keyword.internal.WebUIKeywordMain.runKeyword(WebUIKeywordMain.groovy:27)
	at com.kms.katalon.core.webui.keyword.builtin.ClickKeyword.click(ClickKeyword.groovy:86)
	at com.kms.katalon.core.webui.keyword.builtin.ClickKeyword.execute(ClickKeyword.groovy:67)
	at com.kms.katalon.core.keyword.internal.KeywordExecutor.executeKeywordForPlatform(KeywordExecutor.groovy:53)
	at com.kms.katalon.core.webui.keyword.WebUiBuiltInKeywords.click(WebUiBuiltInKeywords.groovy:616)
	at com.kms.katalon.core.webui.keyword.WebUiBuiltInKeywords$click$2.call(Unknown Source)
	at Script1534407542420.run(Script1534407542420.groovy:73)
	at com.kms.katalon.core.main.ScriptEngine.run(ScriptEngine.java:183)
	at com.kms.katalon.core.main.ScriptEngine.runScriptAsRawText(ScriptEngine.java:108)
	at com.kms.katalon.core.main.TestCaseExecutor.runScript(TestCaseExecutor.java:294)
	at com.kms.katalon.core.main.TestCaseExecutor.doExecute(TestCaseExecutor.java:285)
	at com.kms.katalon.core.main.TestCaseExecutor.processExecutionPhase(TestCaseExecutor.java:264)
	at com.kms.katalon.core.main.TestCaseExecutor.accessMainPhase(TestCaseExecutor.java:256)
	at com.kms.katalon.core.main.TestCaseExecutor.execute(TestCaseExecutor.java:200)
	at com.kms.katalon.core.main.TestCaseMain.runTestCase(TestCaseMain.java:99)
	at com.kms.katalon.core.keyword.builtin.CallTestCaseKeyword$_callTestCase_closure1.doCall(CallTestCaseKeyword.groovy:60)
	at com.kms.katalon.core.keyword.builtin.CallTestCaseKeyword$_callTestCase_closure1.call(CallTestCaseKeyword.groovy)
	at com.kms.katalon.core.keyword.internal.KeywordMain.runKeyword(KeywordMain.groovy:54)
	at com.kms.katalon.core.keyword.builtin.CallTestCaseKeyword.callTestCase(CallTestCaseKeyword.groovy:81)
	at com.kms.katalon.core.keyword.builtin.CallTestCaseKeyword.execute(CallTestCaseKeyword.groovy:45)
	at com.kms.katalon.core.keyword.internal.KeywordExecutor.executeKeywordForPlatform(KeywordExecutor.groovy:53)
	at com.kms.katalon.core.keyword.BuiltinKeywords.callTestCase(BuiltinKeywords.groovy:334)
	at sun.reflect.GeneratedMethodAccessor13.invoke(Unknown Source)
	at sun.reflect.DelegatingMethodAccessorImpl.invoke(DelegatingMethodAccessorImpl.java:43)
	at java.lang.reflect.Method.invoke(Method.java:498)
	at org.codehaus.groovy.reflection.CachedMethod.invoke(CachedMethod.java:93)
	at groovy.lang.MetaMethod.doMethodInvoke(MetaMethod.java:325)
	at groovy.lang.MetaClassImpl.invokeStaticMethod(MetaClassImpl.java:1469)
	at org.codehaus.groovy.runtime.callsite.StaticMetaClassSite.call(StaticMetaClassSite.java:53)
	at org.codehaus.groovy.runtime.callsite.CallSiteArray.defaultCall(CallSiteArray.java:48)
	at org.codehaus.groovy.runtime.callsite.AbstractCallSite.call(AbstractCallSite.java:113)
	at org.codehaus.groovy.runtime.callsite.AbstractCallSite.call(AbstractCallSite.java:141)
	at Script1535944782532.run(Script1535944782532.groovy:110)
	at com.kms.katalon.core.main.ScriptEngine.run(ScriptEngine.java:183)
	at com.kms.katalon.core.main.ScriptEngine.runScriptAsRawText(ScriptEngine.java:108)
	at com.kms.katalon.core.main.TestCaseExecutor.runScript(TestCaseExecutor.java:294)
	at com.kms.katalon.core.main.TestCaseExecutor.doExecute(TestCaseExecutor.java:285)
	at com.kms.katalon.core.main.TestCaseExecutor.processExecutionPhase(TestCaseExecutor.java:264)
	at com.kms.katalon.core.main.TestCaseExecutor.accessMainPhase(TestCaseExecutor.java:256)
	at com.kms.katalon.core.main.TestCaseExecutor.execute(TestCaseExecutor.java:200)
	at com.kms.katalon.core.main.TestSuiteExecutor.accessTestCaseMainPhase(TestSuiteExecutor.java:129)
	at com.kms.katalon.core.main.TestSuiteExecutor.accessTestSuiteMainPhase(TestSuiteExecutor.java:112)
	at com.kms.katalon.core.main.TestSuiteExecutor.execute(TestSuiteExecutor.java:81)
	at com.kms.katalon.core.main.TestCaseMain.startTestSuite(TestCaseMain.java:142)
	at com.kms.katalon.core.main.TestCaseMain$startTestSuite$0.call(Unknown Source)
	at org.codehaus.groovy.runtime.callsite.CallSiteArray.defaultCall(CallSiteArray.java:48)
	at org.codehaus.groovy.runtime.callsite.AbstractCallSite.call(AbstractCallSite.java:113)
	at org.codehaus.groovy.runtime.callsite.AbstractCallSite.call(AbstractCallSite.java:141)
	at TempTestSuite1541659865479.run(TempTestSuite1541659865479.groovy:36)
	at groovy.lang.GroovyShell.runScriptOrMainOrTestOrRunnable(GroovyShell.java:263)
	at groovy.lang.GroovyShell.run(GroovyShell.java:518)
	at groovy.lang.GroovyShell.run(GroovyShell.java:507)
	at groovy.ui.GroovyMain.processOnce(GroovyMain.java:653)
	at groovy.ui.GroovyMain.run(GroovyMain.java:384)
	at groovy.ui.GroovyMain.process(GroovyMain.java:370)
	at groovy.ui.GroovyMain.processArgs(GroovyMain.java:129)
	at groovy.ui.GroovyMain.main(GroovyMain.java:109)
	at sun.reflect.NativeMethodAccessorImpl.invoke0(Native Method)
	at sun.reflect.NativeMethodAccessorImpl.invoke(NativeMethodAccessorImpl.java:62)
	at sun.reflect.DelegatingMethodAccessorImpl.invoke(DelegatingMethodAccessorImpl.java:43)
	at java.lang.reflect.Method.invoke(Method.java:498)
	at org.codehaus.groovy.tools.GroovyStarter.rootLoader(GroovyStarter.java:109)
	at org.codehaus.groovy.tools.GroovyStarter.main(GroovyStarter.java:131)
)

2018-11-08 17:05:39 - [TEST_STEP][PASSED] - callTestCase: Call Test Case 'Test Cases/Final Aug 2018 - PKS Automation/Registration Module/Workflow/New Registration/Template/Special Case - OTC - Form 1' successfully

2018-11-08 17:05:39 - [TEST_CASE][PASSED] - Test Cases/Final Aug 2018 - PKS Automation/Registration Module/Workflow/New Registration/Template/Special Case - OTC - Form 1: Test Cases/Final Aug 2018 - PKS Automation/Registration Module/Workflow/New Registration/Template/Special Case - OTC - Form 1

2018-11-08 17:05:39 - [TEST_STEP][PASSED] - openBrowser: Browser is opened with url: ''

2018-11-08 17:05:39 - [MESSAGE][WARNING] - A browser is already opened. Closing browser and opening a new one

2018-11-08 17:05:44 - [MESSAGE][PASSED] - Browser is opened with url: ''

2018-11-08 17:05:44 - [TEST_STEP][PASSED] - navigateToUrl: Navigate to 'https://assist2-uat.perkeso.gov.my/login' successfully

2018-11-08 17:05:48 - [MESSAGE][PASSED] - Navigate to 'https://assist2-uat.perkeso.gov.my/login' successfully

2018-11-08 17:05:48 - [TEST_STEP][PASSED] - delay: Delayed 2 second(s)

2018-11-08 17:05:50 - [MESSAGE][PASSED] - Delayed 2 second(s)

2018-11-08 17:05:50 - [TEST_STEP][PASSED] - setText: Text 'klotc2@gmail.com' is set on object 'Object Repository/Final Object Repo/Login Page/Internal User/Email Address'

2018-11-08 17:05:50 - [MESSAGE][PASSED] - Text 'klotc2@gmail.com' is set on object 'Object Repository/Final Object Repo/Login Page/Internal User/Email Address'

2018-11-08 17:05:50 - [TEST_STEP][PASSED] - click: Object: 'Object Repository/Final Object Repo/Login Page/Internal User/Next Button' is clicked on

2018-11-08 17:05:51 - [MESSAGE][PASSED] - Object: 'Object Repository/Final Object Repo/Login Page/Internal User/Next Button' is clicked on

2018-11-08 17:05:51 - [TEST_STEP][PASSED] - delay: Delayed 2 second(s)

2018-11-08 17:05:53 - [MESSAGE][PASSED] - Delayed 2 second(s)

2018-11-08 17:05:53 - [TEST_STEP][PASSED] - setText: Text 'Test1@3456789' is set on object 'Object Repository/Final Object Repo/Login Page/Internal User/Password'

2018-11-08 17:05:53 - [MESSAGE][PASSED] - Text 'Test1@3456789' is set on object 'Object Repository/Final Object Repo/Login Page/Internal User/Password'

2018-11-08 17:05:53 - [TEST_STEP][PASSED] - delay: Delayed 2 second(s)

2018-11-08 17:05:55 - [MESSAGE][PASSED] - Delayed 2 second(s)

2018-11-08 17:05:55 - [TEST_STEP][PASSED] - click: Object: 'Object Repository/Final Object Repo/Login Page/Internal User/Login Button' is clicked on

2018-11-08 17:05:59 - [MESSAGE][PASSED] - Object: 'Object Repository/Final Object Repo/Login Page/Internal User/Login Button' is clicked on

2018-11-08 17:05:59 - [TEST_STEP][PASSED] - Statement - Try: Delayed 2 second(s)

2018-11-08 17:05:59 - [TEST_STEP][PASSED] - Statement - Checker = false: null

2018-11-08 17:05:59 - [TEST_STEP][PASSED] - Statement - Checker = com.kms.katalon.core.webui.keyword.WebUiBuiltInKeywords.verifyElementHasAttribute(com.kms.katalon.core.testobject.ObjectRepository.findTestObject(Final Object Repo/Landing Page/BM Detecting), "href", 20, OPTIONAL): Object 'Object Repository/Final Object Repo/Landing Page/BM Detecting' has attribute 'href'

2018-11-08 17:05:59 - [MESSAGE][PASSED] - Object 'Object Repository/Final Object Repo/Landing Page/BM Detecting' has attribute 'href'

2018-11-08 17:05:59 - [TEST_STEP][PASSED] - Statement - out.println(Checker): null

2018-11-08 17:05:59 - [TEST_STEP][PASSED] - Statement - If (Checker == false): null

2018-11-08 17:05:59 - [TEST_STEP][PASSED] - Statement - Else: null

2018-11-08 17:05:59 - [TEST_STEP][PASSED] - delay: Delayed 2 second(s)

2018-11-08 17:06:01 - [MESSAGE][PASSED] - Delayed 2 second(s)

2018-11-08 17:06:01 - [TEST_STEP][PASSED] - delay: Delayed 4 second(s)

2018-11-08 17:06:05 - [MESSAGE][PASSED] - Delayed 4 second(s)

2018-11-08 17:06:05 - [TEST_STEP][PASSED] - click: Object: 'Object Repository/Final Object Repo/Landing Page/My Sites Drop Down' is clicked on

2018-11-08 17:06:06 - [MESSAGE][PASSED] - Object: 'Object Repository/Final Object Repo/Landing Page/My Sites Drop Down' is clicked on

2018-11-08 17:06:06 - [TEST_STEP][PASSED] - click: Object: 'Object Repository/Final Object Repo/Landing Page/Select to Registration Module' is clicked on

2018-11-08 17:06:07 - [MESSAGE][PASSED] - Object: 'Object Repository/Final Object Repo/Landing Page/Select to Registration Module' is clicked on

2018-11-08 17:06:07 - [TEST_STEP][PASSED] - click: Object: 'Object Repository/Final Object Repo/Landing Page/Registration Button' is clicked on

2018-11-08 17:06:10 - [MESSAGE][PASSED] - Object: 'Object Repository/Final Object Repo/Landing Page/Registration Button' is clicked on

2018-11-08 17:06:10 - [TEST_STEP][PASSED] - delay: Delayed 2 second(s)

2018-11-08 17:06:12 - [MESSAGE][PASSED] - Delayed 2 second(s)

2018-11-08 17:06:12 - [TEST_STEP][PASSED] - click: Object: 'Object Repository/Final Object Repo/New Registration - Registration Module Pages/New Reg - OTC to RO/Special Case - OTC - Form 1/AEC NO' is clicked on

2018-11-08 17:06:12 - [MESSAGE][PASSED] - Object: 'Object Repository/Final Object Repo/New Registration - Registration Module Pages/New Reg - OTC to RO/Special Case - OTC - Form 1/AEC NO' is clicked on

2018-11-08 17:06:12 - [TEST_STEP][PASSED] - click: Object: 'Object Repository/Final Object Repo/New Registration - Registration Module Pages/New Reg - OTC to RO/Special Case - OTC - Form 1/Business Entity - Please Select' is clicked on

2018-11-08 17:06:13 - [MESSAGE][PASSED] - Object: 'Object Repository/Final Object Repo/New Registration - Registration Module Pages/New Reg - OTC to RO/Special Case - OTC - Form 1/Business Entity - Please Select' is clicked on

2018-11-08 17:06:13 - [TEST_STEP][PASSED] - click: Object: 'Object Repository/Final Object Repo/New Registration - Registration Module Pages/New Reg - OTC to RO/Special Case - OTC - Form 1/Selected - Corporation' is clicked on

2018-11-08 17:06:13 - [MESSAGE][PASSED] - Object: 'Object Repository/Final Object Repo/New Registration - Registration Module Pages/New Reg - OTC to RO/Special Case - OTC - Form 1/Selected - Corporation' is clicked on

2018-11-08 17:06:13 - [TEST_STEP][PASSED] - delay: Delayed 2 second(s)

2018-11-08 17:06:15 - [MESSAGE][PASSED] - Delayed 2 second(s)

2018-11-08 17:06:15 - [TEST_STEP][PASSED] - click: Object: 'Object Repository/Final Object Repo/New Registration - Registration Module Pages/New Reg - OTC to RO/Special Case - OTC - Form 1/Sub Business Entity - Please Select' is clicked on

2018-11-08 17:06:16 - [MESSAGE][PASSED] - Object: 'Object Repository/Final Object Repo/New Registration - Registration Module Pages/New Reg - OTC to RO/Special Case - OTC - Form 1/Sub Business Entity - Please Select' is clicked on

2018-11-08 17:06:16 - [TEST_STEP][PASSED] - delay: Delayed 2 second(s)

2018-11-08 17:06:18 - [MESSAGE][PASSED] - Delayed 2 second(s)

2018-11-08 17:06:18 - [TEST_STEP][PASSED] - click: Object: 'Object Repository/Final Object Repo/New Registration - Registration Module Pages/New Reg - OTC to RO/Special Case - OTC - Form 1/Selected - Sendirian Berhad' is clicked on

2018-11-08 17:06:18 - [MESSAGE][PASSED] - Object: 'Object Repository/Final Object Repo/New Registration - Registration Module Pages/New Reg - OTC to RO/Special Case - OTC - Form 1/Selected - Sendirian Berhad' is clicked on

2018-11-08 17:06:18 - [TEST_STEP][PASSED] - setText: Text 'AUTOMATE001' is set on object 'Object Repository/Final Object Repo/New Registration - Registration Module Pages/New Reg - OTC to RO/Special Case - OTC - Form 1/Input BRN Number'

2018-11-08 17:06:19 - [MESSAGE][PASSED] - Text 'AUTOMATE001' is set on object 'Object Repository/Final Object Repo/New Registration - Registration Module Pages/New Reg - OTC to RO/Special Case - OTC - Form 1/Input BRN Number'

2018-11-08 17:06:19 - [TEST_STEP][PASSED] - delay: Delayed 2 second(s)

2018-11-08 17:06:21 - [MESSAGE][PASSED] - Delayed 2 second(s)

2018-11-08 17:06:21 - [TEST_STEP][PASSED] - click: Object: 'Object Repository/Final Object Repo/New Registration - Registration Module Pages/New Reg - OTC to RO/Special Case - OTC - Form 1/BRN Search' is clicked on

2018-11-08 17:06:21 - [MESSAGE][PASSED] - Object: 'Object Repository/Final Object Repo/New Registration - Registration Module Pages/New Reg - OTC to RO/Special Case - OTC - Form 1/BRN Search' is clicked on

2018-11-08 17:06:21 - [TEST_STEP][PASSED] - delay: Delayed 4 second(s)

2018-11-08 17:06:25 - [MESSAGE][PASSED] - Delayed 4 second(s)

2018-11-08 17:06:25 - [TEST_STEP][PASSED] - click: Object: 'Object Repository/Final Object Repo/New Registration - Registration Module Pages/New Reg - OTC to RO/Special Case - OTC - Form 1/Registered with SSM - After Feb 2017' is clicked on

2018-11-08 17:06:25 - [MESSAGE][PASSED] - Object: 'Object Repository/Final Object Repo/New Registration - Registration Module Pages/New Reg - OTC to RO/Special Case - OTC - Form 1/Registered with SSM - After Feb 2017' is clicked on

2018-11-08 17:06:25 - [TEST_STEP][PASSED] - delay: Delayed 2 second(s)

2018-11-08 17:06:27 - [MESSAGE][PASSED] - Delayed 2 second(s)

2018-11-08 17:06:27 - [TEST_STEP][PASSED] - click: Object: 'Object Repository/Final Object Repo/New Registration - Registration Module Pages/New Reg - OTC to RO/Special Case - OTC - Form 1/Registering As A Branch - No' is clicked on

2018-11-08 17:06:28 - [MESSAGE][PASSED] - Object: 'Object Repository/Final Object Repo/New Registration - Registration Module Pages/New Reg - OTC to RO/Special Case - OTC - Form 1/Registering As A Branch - No' is clicked on

2018-11-08 17:06:28 - [TEST_STEP][PASSED] - click: Object: 'Object Repository/Final Object Repo/New Registration - Registration Module Pages/New Reg - OTC to RO/Special Case - OTC - Form 1/Acknowledgement Ticked' is clicked on

2018-11-08 17:06:28 - [MESSAGE][PASSED] - Object: 'Object Repository/Final Object Repo/New Registration - Registration Module Pages/New Reg - OTC to RO/Special Case - OTC - Form 1/Acknowledgement Ticked' is clicked on

2018-11-08 17:06:28 - [TEST_STEP][PASSED] - click: Object: 'Object Repository/Final Object Repo/New Registration - Registration Module Pages/New Reg - OTC to RO/Special Case - OTC - Form 1/Submit Button' is clicked on

2018-11-08 17:06:28 - [MESSAGE][PASSED] - Object: 'Object Repository/Final Object Repo/New Registration - Registration Module Pages/New Reg - OTC to RO/Special Case - OTC - Form 1/Submit Button' is clicked on

2018-11-08 17:06:28 - [TEST_STEP][PASSED] - delay: Delayed 2 second(s)

2018-11-08 17:06:30 - [MESSAGE][PASSED] - Delayed 2 second(s)

2018-11-08 17:06:30 - [TEST_STEP][PASSED] - click: Object: 'Object Repository/Final Object Repo/New Registration - Registration Module Pages/New Reg - OTC to RO/Special Case - OTC - Form 1/Confirm No Flagging as Branch' is clicked on

2018-11-08 17:06:32 - [MESSAGE][PASSED] - Object: 'Object Repository/Final Object Repo/New Registration - Registration Module Pages/New Reg - OTC to RO/Special Case - OTC - Form 1/Confirm No Flagging as Branch' is clicked on

2018-11-08 17:06:32 - [MESSAGE][PASSED] - Call Test Case 'Test Cases/Final Aug 2018 - PKS Automation/Registration Module/Workflow/New Registration/Template/Special Case - OTC - Form 1' successfully

2018-11-08 17:06:32 - [TEST_STEP][PASSED] - callTestCase: Call Test Case 'Test Cases/Final Aug 2018 - PKS Automation/Registration Module/New Registration/Form 2/Add 1 Eligible - Incomplete' successfully

2018-11-08 17:06:32 - [TEST_CASE][PASSED] - Test Cases/Final Aug 2018 - PKS Automation/Registration Module/New Registration/Form 2/Add 1 Eligible - Incomplete: Test Cases/Final Aug 2018 - PKS Automation/Registration Module/New Registration/Form 2/Add 1 Eligible - Incomplete

2018-11-08 17:06:32 - [TEST_STEP][PASSED] - delay: Delayed 2 second(s)

2018-11-08 17:06:34 - [MESSAGE][PASSED] - Delayed 2 second(s)

2018-11-08 17:06:34 - [TEST_STEP][PASSED] - callTestCase: Call Test Case 'Test Cases/Final Aug 2018 - PKS Automation/Registration Module/New Registration/Form 2/Date Updater' successfully

2018-11-08 17:06:34 - [TEST_CASE][PASSED] - Test Cases/Final Aug 2018 - PKS Automation/Registration Module/New Registration/Form 2/Date Updater: Test Cases/Final Aug 2018 - PKS Automation/Registration Module/New Registration/Form 2/Date Updater

2018-11-08 17:06:34 - [TEST_STEP][PASSED] - Statement - TodayDate = new java.util.Date(): null

2018-11-08 17:06:34 - [TEST_STEP][PASSED] - Statement - CurrentDateNoFilter = new java.text.SimpleDateFormat(): null

2018-11-08 17:06:34 - [TEST_STEP][PASSED] - Statement - CurrentDateNoFilter.applyPattern("dd"): null

2018-11-08 17:06:34 - [TEST_STEP][PASSED] - Statement - CurrentDate = CurrentDateNoFilter.format(TodayDate): null

2018-11-08 17:06:34 - [TEST_STEP][PASSED] - Statement - CurrentDate = java.lang.Integer.parseInt(CurrentDate): null

2018-11-08 17:06:34 - [TEST_STEP][PASSED] - Statement - CurrentDate = CurrentDate: null

2018-11-08 17:06:34 - [TEST_STEP][PASSED] - Statement - CurrentDay = java.lang.Integer.parseInt(CurrentDate): null

2018-11-08 17:06:34 - [TEST_STEP][PASSED] - Statement - aDayBefore = CurrentDay + 1: null

2018-11-08 17:06:34 - [TEST_STEP][PASSED] - Statement - DayBefore = aDayBefore.toString(): null

2018-11-08 17:06:34 - [TEST_STEP][PASSED] - Statement - OneDayBefore = DayBefore: null

2018-11-08 17:06:34 - [TEST_STEP][PASSED] - Statement - CurrentDateNoFilter.applyPattern("MM"): null

2018-11-08 17:06:34 - [TEST_STEP][PASSED] - Statement - monthContainerMatcher = java.lang.Integer.parseInt(CurrentDateNoFilter.format(TodayDate)): null

2018-11-08 17:06:34 - [TEST_STEP][PASSED] - Statement - monthContainerMatcher = monthContainerMatcher - 1: null

2018-11-08 17:06:34 - [TEST_STEP][PASSED] - Statement - CurrentMonth = monthContainerMatcher.toString(): null

2018-11-08 17:06:34 - [TEST_STEP][PASSED] - Statement - CurrentMonth = CurrentMonth: null

2018-11-08 17:06:34 - [TEST_STEP][PASSED] - Statement - CurrentDateNoFilter.applyPattern("yyyy"): null

2018-11-08 17:06:34 - [TEST_STEP][PASSED] - Statement - CurrentYear = CurrentDateNoFilter.format(TodayDate): null

2018-11-08 17:06:34 - [TEST_STEP][PASSED] - Statement - CurrentYear = CurrentYear: null

2018-11-08 17:06:34 - [TEST_STEP][PASSED] - Statement - intCurrentYear = java.lang.Integer.parseInt(CurrentDateNoFilter.format(TodayDate)): null

2018-11-08 17:06:34 - [TEST_STEP][PASSED] - Statement - eighteenYrsAgo = intCurrentYear - 18: null

2018-11-08 17:06:34 - [TEST_STEP][PASSED] - Statement - eighteenYrsBeforeThisYr = eighteenYrsAgo.toString(): null

2018-11-08 17:06:34 - [TEST_STEP][PASSED] - Statement - EighteenYrsBefore = eighteenYrsBeforeThisYr: null

2018-11-08 17:06:34 - [TEST_STEP][PASSED] - Statement - fiftysevenYrsAgo = intCurrentYear - 57: null

2018-11-08 17:06:34 - [TEST_STEP][PASSED] - Statement - fiftysevenYrsBeforeThisYr = fiftysevenYrsAgo.toString(): null

2018-11-08 17:06:34 - [TEST_STEP][PASSED] - Statement - FiftysevenYrsBefore = fiftysevenYrsBeforeThisYr: null

2018-11-08 17:06:34 - [MESSAGE][PASSED] - Call Test Case 'Test Cases/Final Aug 2018 - PKS Automation/Registration Module/New Registration/Form 2/Date Updater' successfully

2018-11-08 17:06:34 - [TEST_STEP][PASSED] - Statement - CaseReferenceNo = com.kms.katalon.core.webui.keyword.WebUiBuiltInKeywords.getText(com.kms.katalon.core.testobject.ObjectRepository.findTestObject(Final Object Repo/New Registration - Registration Module Pages/Form 2/RefNo Acquiring)): Text of object 'Object Repository/Final Object Repo/New Registration - Registration Module Pages/Form 2/RefNo Acquiring' is: 'CRN11201800122430'

2018-11-08 17:06:35 - [MESSAGE][PASSED] - Text of object 'Object Repository/Final Object Repo/New Registration - Registration Module Pages/Form 2/RefNo Acquiring' is: 'CRN11201800122430'

2018-11-08 17:06:35 - [TEST_STEP][PASSED] - delay: Delayed 4 second(s)

2018-11-08 17:06:39 - [MESSAGE][PASSED] - Delayed 4 second(s)

2018-11-08 17:06:39 - [TEST_STEP][PASSED] - click: Object: 'Object Repository/Final Object Repo/New Registration - Registration Module Pages/Form 2/Add Employee Button' is clicked on

2018-11-08 17:06:39 - [MESSAGE][PASSED] - Object: 'Object Repository/Final Object Repo/New Registration - Registration Module Pages/Form 2/Add Employee Button' is clicked on

2018-11-08 17:06:39 - [TEST_STEP][PASSED] - delay: Delayed 1 second(s)

2018-11-08 17:06:40 - [MESSAGE][PASSED] - Delayed 1 second(s)

2018-11-08 17:06:40 - [TEST_STEP][PASSED] - setText: Text '010903091984' is set on object 'Object Repository/Final Object Repo/New Registration - Registration Module Pages/Form 2/NRIC Input'

2018-11-08 17:06:40 - [MESSAGE][PASSED] - Text '010903091984' is set on object 'Object Repository/Final Object Repo/New Registration - Registration Module Pages/Form 2/NRIC Input'

2018-11-08 17:06:40 - [TEST_STEP][PASSED] - click: Object: 'Object Repository/Final Object Repo/New Registration - Registration Module Pages/Form 2/button for search for IC' is clicked on

2018-11-08 17:06:40 - [MESSAGE][PASSED] - Object: 'Object Repository/Final Object Repo/New Registration - Registration Module Pages/Form 2/button for search for IC' is clicked on

2018-11-08 17:06:40 - [TEST_STEP][PASSED] - delay: Delayed 2 second(s)

2018-11-08 17:06:42 - [MESSAGE][PASSED] - Delayed 2 second(s)

2018-11-08 17:06:42 - [TEST_STEP][PASSED] - setText: Text 'Automate001 eligible 1' is set on object 'Object Repository/Final Object Repo/New Registration - Registration Module Pages/Form 2/Employee Name Input'

2018-11-08 17:06:43 - [MESSAGE][PASSED] - Text 'Automate001 eligible 1' is set on object 'Object Repository/Final Object Repo/New Registration - Registration Module Pages/Form 2/Employee Name Input'

2018-11-08 17:06:43 - [TEST_STEP][PASSED] - delay: Delayed 2 second(s)

2018-11-08 17:06:45 - [MESSAGE][PASSED] - Delayed 2 second(s)

2018-11-08 17:06:45 - [TEST_STEP][PASSED] - click: Object: 'Object Repository/Final Object Repo/New Registration - Registration Module Pages/Form 2/DatePicker Pop Up' is clicked on

2018-11-08 17:06:45 - [MESSAGE][PASSED] - Object: 'Object Repository/Final Object Repo/New Registration - Registration Module Pages/Form 2/DatePicker Pop Up' is clicked on

2018-11-08 17:06:45 - [TEST_STEP][PASSED] - click: Object: 'Object Repository/Final Object Repo/New Registration - Registration Module Pages/Form 2/DOB Month' is clicked on

2018-11-08 17:06:46 - [MESSAGE][PASSED] - Object: 'Object Repository/Final Object Repo/New Registration - Registration Module Pages/Form 2/DOB Month' is clicked on

2018-11-08 17:06:46 - [TEST_STEP][PASSED] - Statement - CurrentMonth = CurrentMonth: null

2018-11-08 17:06:46 - [TEST_STEP][PASSED] - Statement - selectMonth = new com.kms.katalon.core.testobject.TestObject(): null

2018-11-08 17:06:46 - [TEST_STEP][PASSED] - Statement - selectMonth.addProperty("xpath", EQUALS, "//body/div/div/div/select/option[@value='" + CurrentMonth + "']", true): null

2018-11-08 17:06:46 - [TEST_STEP][PASSED] - click: Object: '' is clicked on

2018-11-08 17:06:46 - [MESSAGE][PASSED] - Object: '' is clicked on

2018-11-08 17:06:46 - [TEST_STEP][PASSED] - click: Object: 'Object Repository/Final Object Repo/New Registration - Registration Module Pages/Form 2/DOB Year' is clicked on

2018-11-08 17:06:46 - [MESSAGE][PASSED] - Object: 'Object Repository/Final Object Repo/New Registration - Registration Module Pages/Form 2/DOB Year' is clicked on

2018-11-08 17:06:46 - [TEST_STEP][PASSED] - Statement - Eyearsbf = EighteenYrsBefore: null

2018-11-08 17:06:46 - [TEST_STEP][PASSED] - Statement - selectYear = new com.kms.katalon.core.testobject.TestObject(): null

2018-11-08 17:06:46 - [TEST_STEP][PASSED] - Statement - selectYear.addProperty("xpath", EQUALS, "//div/div/div/select/option[@value='" + Eyearsbf + "']", true): null

2018-11-08 17:06:46 - [TEST_STEP][PASSED] - click: Object: '' is clicked on

2018-11-08 17:06:47 - [MESSAGE][PASSED] - Object: '' is clicked on

2018-11-08 17:06:47 - [TEST_STEP][PASSED] - Statement - UpdatedSelectDate = com.kms.katalon.core.webui.keyword.WebUiBuiltInKeywords.modifyObjectProperty(com.kms.katalon.core.testobject.ObjectRepository.findTestObject(Final Object Repo/New Registration - Registration Module Pages/Form 2/DOB Date), "xpath", "equals", "//body/div/table/tbody/tr/td/a[text()="" + CurrentDate + ""]", true): Modify property of object successfully

2018-11-08 17:06:47 - [MESSAGE][PASSED] - Modify property of object successfully

2018-11-08 17:06:47 - [TEST_STEP][PASSED] - delay: Delayed 3 second(s)

2018-11-08 17:06:50 - [MESSAGE][PASSED] - Delayed 3 second(s)

2018-11-08 17:06:50 - [TEST_STEP][PASSED] - click: Object: 'Object Repository/Final Object Repo/New Registration - Registration Module Pages/Form 2/DOB Date' is clicked on

2018-11-08 17:06:50 - [MESSAGE][PASSED] - Object: 'Object Repository/Final Object Repo/New Registration - Registration Module Pages/Form 2/DOB Date' is clicked on

2018-11-08 17:06:50 - [TEST_STEP][PASSED] - delay: Delayed 2 second(s)

2018-11-08 17:06:52 - [MESSAGE][PASSED] - Delayed 2 second(s)

2018-11-08 17:06:52 - [TEST_STEP][PASSED] - click: Object: 'Object Repository/Final Object Repo/New Registration - Registration Module Pages/Form 2/EmploymentStartDate Pop Up' is clicked on

2018-11-08 17:06:53 - [MESSAGE][PASSED] - Object: 'Object Repository/Final Object Repo/New Registration - Registration Module Pages/Form 2/EmploymentStartDate Pop Up' is clicked on

2018-11-08 17:06:53 - [TEST_STEP][PASSED] - delay: Delayed 2 second(s)

2018-11-08 17:06:55 - [MESSAGE][PASSED] - Delayed 2 second(s)

2018-11-08 17:06:55 - [TEST_STEP][PASSED] - click: Object: 'Object Repository/Final Object Repo/New Registration - Registration Module Pages/Form 2/Socso Employment StartDate Month' is clicked on

2018-11-08 17:06:55 - [MESSAGE][PASSED] - Object: 'Object Repository/Final Object Repo/New Registration - Registration Module Pages/Form 2/Socso Employment StartDate Month' is clicked on

2018-11-08 17:06:55 - [TEST_STEP][PASSED] - delay: Delayed 1 second(s)

2018-11-08 17:06:56 - [MESSAGE][PASSED] - Delayed 1 second(s)

2018-11-08 17:06:56 - [TEST_STEP][PASSED] - click: Object: 'Object Repository/Final Object Repo/New Registration - Registration Module Pages/Form 2/Select Socso Employement Startdate Month' is clicked on

2018-11-08 17:06:56 - [MESSAGE][PASSED] - Object: 'Object Repository/Final Object Repo/New Registration - Registration Module Pages/Form 2/Select Socso Employement Startdate Month' is clicked on

2018-11-08 17:06:56 - [TEST_STEP][PASSED] - delay: Delayed 2 second(s)

2018-11-08 17:06:58 - [MESSAGE][PASSED] - Delayed 2 second(s)

2018-11-08 17:06:58 - [TEST_STEP][PASSED] - click: Object: 'Object Repository/Final Object Repo/New Registration - Registration Module Pages/Form 2/Socso Employment StartDate Year' is clicked on

2018-11-08 17:06:59 - [MESSAGE][PASSED] - Object: 'Object Repository/Final Object Repo/New Registration - Registration Module Pages/Form 2/Socso Employment StartDate Year' is clicked on

2018-11-08 17:06:59 - [TEST_STEP][PASSED] - delay: Delayed 1 second(s)

2018-11-08 17:07:00 - [MESSAGE][PASSED] - Delayed 1 second(s)

2018-11-08 17:07:00 - [TEST_STEP][PASSED] - click: Object: 'Object Repository/Final Object Repo/New Registration - Registration Module Pages/Form 2/Select Socso Employment Startdate Year' is clicked on

2018-11-08 17:07:00 - [MESSAGE][PASSED] - Object: 'Object Repository/Final Object Repo/New Registration - Registration Module Pages/Form 2/Select Socso Employment Startdate Year' is clicked on

2018-11-08 17:07:00 - [TEST_STEP][PASSED] - delay: Delayed 2 second(s)

2018-11-08 17:07:02 - [MESSAGE][PASSED] - Delayed 2 second(s)

2018-11-08 17:07:02 - [TEST_STEP][PASSED] - click: Object: 'Object Repository/Final Object Repo/New Registration - Registration Module Pages/Form 2/Socso Employment Start Date Day' is clicked on

2018-11-08 17:07:03 - [MESSAGE][PASSED] - Object: 'Object Repository/Final Object Repo/New Registration - Registration Module Pages/Form 2/Socso Employment Start Date Day' is clicked on

2018-11-08 17:07:03 - [TEST_STEP][PASSED] - delay: Delayed 2 second(s)

2018-11-08 17:07:05 - [MESSAGE][PASSED] - Delayed 2 second(s)

2018-11-08 17:07:05 - [TEST_STEP][PASSED] - click: Object: 'Object Repository/Final Object Repo/New Registration - Registration Module Pages/Form 2/Save Button for Add Employee' is clicked on

2018-11-08 17:07:06 - [MESSAGE][PASSED] - Object: 'Object Repository/Final Object Repo/New Registration - Registration Module Pages/Form 2/Save Button for Add Employee' is clicked on

2018-11-08 17:07:06 - [TEST_STEP][PASSED] - delay: Delayed 6 second(s)

2018-11-08 17:07:12 - [MESSAGE][PASSED] - Delayed 6 second(s)

2018-11-08 17:07:12 - [TEST_STEP][PASSED] - click: Object: 'Object Repository/Final Object Repo/New Registration - Registration Module Pages/Form 2/Incomplete Checkbox' is clicked on

2018-11-08 17:07:13 - [MESSAGE][PASSED] - Object: 'Object Repository/Final Object Repo/New Registration - Registration Module Pages/Form 2/Incomplete Checkbox' is clicked on

2018-11-08 17:07:13 - [TEST_STEP][PASSED] - delay: Delayed 2 second(s)

2018-11-08 17:07:15 - [MESSAGE][PASSED] - Delayed 2 second(s)

2018-11-08 17:07:15 - [TEST_STEP][PASSED] - click: Object: 'Object Repository/Final Object Repo/New Registration - Registration Module Pages/Form 2/Save and Continue Form 2' is clicked on

2018-11-08 17:07:17 - [MESSAGE][PASSED] - Object: 'Object Repository/Final Object Repo/New Registration - Registration Module Pages/Form 2/Save and Continue Form 2' is clicked on

2018-11-08 17:07:17 - [MESSAGE][PASSED] - Call Test Case 'Test Cases/Final Aug 2018 - PKS Automation/Registration Module/New Registration/Form 2/Add 1 Eligible - Incomplete' successfully

2018-11-08 17:07:17 - [TEST_STEP][PASSED] - callTestCase: Call Test Case 'Test Cases/Final Aug 2018 - PKS Automation/Registration Module/New Registration/Flow of New Registration/Third Screen - Upload Supporting Doc - Preview' successfully

2018-11-08 17:07:17 - [TEST_CASE][PASSED] - Test Cases/Final Aug 2018 - PKS Automation/Registration Module/New Registration/Flow of New Registration/Third Screen - Upload Supporting Doc - Preview: Test Cases/Final Aug 2018 - PKS Automation/Registration Module/New Registration/Flow of New Registration/Third Screen - Upload Supporting Doc - Preview

2018-11-08 17:07:17 - [TEST_STEP][PASSED] - waitForPageLoad: Wait for page load successfully

2018-11-08 17:07:17 - [MESSAGE][PASSED] - Wait for page load successfully

2018-11-08 17:07:17 - [TEST_STEP][PASSED] - Statement - CaseReferenceNo = com.kms.katalon.core.webui.keyword.WebUiBuiltInKeywords.getText(com.kms.katalon.core.testobject.ObjectRepository.findTestObject(Final Object Repo/New Registration - Registration Module Pages/Third Screen - Upload Supporting Doc- Preview/RefNo Acquiring)): Text of object 'Object Repository/Final Object Repo/New Registration - Registration Module Pages/Third Screen - Upload Supporting Doc- Preview/RefNo Acquiring' is: 'CRN11201800122430'

2018-11-08 17:07:17 - [MESSAGE][PASSED] - Text of object 'Object Repository/Final Object Repo/New Registration - Registration Module Pages/Third Screen - Upload Supporting Doc- Preview/RefNo Acquiring' is: 'CRN11201800122430'

2018-11-08 17:07:17 - [TEST_STEP][PASSED] - delay: Delayed 2 second(s)

2018-11-08 17:07:19 - [MESSAGE][PASSED] - Delayed 2 second(s)

2018-11-08 17:07:19 - [TEST_STEP][PASSED] - callTestCase: Call Test Case 'Test Cases/Final Aug 2018 - PKS Automation/Common/Reference Number Setter' successfully

2018-11-08 17:07:19 - [TEST_CASE][PASSED] - Test Cases/Final Aug 2018 - PKS Automation/Common/Reference Number Setter: Test Cases/Final Aug 2018 - PKS Automation/Common/Reference Number Setter

2018-11-08 17:07:19 - [TEST_STEP][PASSED] - Statement - RefNoOldFile = new java.io.File(C://KatalonReference.txt): null

2018-11-08 17:07:19 - [TEST_STEP][PASSED] - Statement - RefNoOldFile.delete(): null

2018-11-08 17:07:19 - [TEST_STEP][PASSED] - Statement - RefNo = new java.io.File(C://KatalonReference.txt): null

2018-11-08 17:07:19 - [TEST_STEP][PASSED] - Statement - RefNo.append(CaseReferenceNo): null

2018-11-08 17:07:19 - [TEST_STEP][PASSED] - Statement - out.println("


" + CaseReferenceNo + "


"): null

2018-11-08 17:07:19 - [MESSAGE][PASSED] - Call Test Case 'Test Cases/Final Aug 2018 - PKS Automation/Common/Reference Number Setter' successfully

2018-11-08 17:07:19 - [TEST_STEP][PASSED] - waitForElementClickable: Object 'Object Repository/Final Object Repo/New Registration - Registration Module Pages/Third Screen - Upload Supporting Doc- Preview/Save n Continue in SIP Employee Listing Page' is clickable

2018-11-08 17:07:19 - [MESSAGE][PASSED] - Object 'Object Repository/Final Object Repo/New Registration - Registration Module Pages/Third Screen - Upload Supporting Doc- Preview/Save n Continue in SIP Employee Listing Page' is clickable

2018-11-08 17:07:19 - [TEST_STEP][PASSED] - click: Object: 'Object Repository/Final Object Repo/New Registration - Registration Module Pages/Third Screen - Upload Supporting Doc- Preview/Save n Continue in SIP Employee Listing Page' is clicked on

2018-11-08 17:07:26 - [MESSAGE][PASSED] - Object: 'Object Repository/Final Object Repo/New Registration - Registration Module Pages/Third Screen - Upload Supporting Doc- Preview/Save n Continue in SIP Employee Listing Page' is clicked on

2018-11-08 17:07:26 - [TEST_STEP][PASSED] - delay: Delayed 6 second(s)

2018-11-08 17:07:32 - [MESSAGE][PASSED] - Delayed 6 second(s)

2018-11-08 17:07:32 - [TEST_STEP][PASSED] - click: Object: 'Object Repository/Final Object Repo/New Registration - Registration Module Pages/Third Screen - Upload Supporting Doc- Preview/Add Document Button' is clicked on

2018-11-08 17:07:32 - [MESSAGE][PASSED] - Object: 'Object Repository/Final Object Repo/New Registration - Registration Module Pages/Third Screen - Upload Supporting Doc- Preview/Add Document Button' is clicked on

2018-11-08 17:07:32 - [TEST_STEP][PASSED] - delay: Delayed 30 second(s)

2018-11-08 17:08:02 - [MESSAGE][PASSED] - Delayed 30 second(s)

2018-11-08 17:08:02 - [TEST_STEP][PASSED] - click: Object: 'Object Repository/Final Object Repo/New Registration - Registration Module Pages/Third Screen - Upload Supporting Doc- Preview/Supporting Doc Please Select Drop Down' is clicked on

2018-11-08 17:08:02 - [MESSAGE][PASSED] - Object: 'Object Repository/Final Object Repo/New Registration - Registration Module Pages/Third Screen - Upload Supporting Doc- Preview/Supporting Doc Please Select Drop Down' is clicked on

2018-11-08 17:08:02 - [TEST_STEP][PASSED] - delay: Delayed 2 second(s)

2018-11-08 17:08:04 - [MESSAGE][PASSED] - Delayed 2 second(s)

2018-11-08 17:08:04 - [TEST_STEP][PASSED] - click: Object: 'Object Repository/Final Object Repo/New Registration - Registration Module Pages/Third Screen - Upload Supporting Doc- Preview/Select to Upload Form 1' is clicked on

2018-11-08 17:08:05 - [MESSAGE][PASSED] - Object: 'Object Repository/Final Object Repo/New Registration - Registration Module Pages/Third Screen - Upload Supporting Doc- Preview/Select to Upload Form 1' is clicked on

2018-11-08 17:08:05 - [TEST_STEP][PASSED] - delay: Delayed 2 second(s)

2018-11-08 17:08:07 - [MESSAGE][PASSED] - Delayed 2 second(s)

2018-11-08 17:08:07 - [TEST_STEP][PASSED] - uploadFile: File 'C:\Users\Public\Pictures\Sample Pictures\Act.jpg' sent to object: 'Object Repository/Final Object Repo/New Registration - Registration Module Pages/Third Screen - Upload Supporting Doc- Preview/Upload File Adding'

2018-11-08 17:08:07 - [MESSAGE][PASSED] - File 'C:\Users\Public\Pictures\Sample Pictures\Act.jpg' sent to object: 'Object Repository/Final Object Repo/New Registration - Registration Module Pages/Third Screen - Upload Supporting Doc- Preview/Upload File Adding'

2018-11-08 17:08:07 - [TEST_STEP][PASSED] - delay: Delayed 5 second(s)

2018-11-08 17:08:12 - [MESSAGE][PASSED] - Delayed 5 second(s)

2018-11-08 17:08:12 - [TEST_STEP][PASSED] - click: Object: 'Object Repository/Final Object Repo/New Registration - Registration Module Pages/Third Screen - Upload Supporting Doc- Preview/Inner Form Add Document Button' is clicked on

2018-11-08 17:08:13 - [MESSAGE][PASSED] - Object: 'Object Repository/Final Object Repo/New Registration - Registration Module Pages/Third Screen - Upload Supporting Doc- Preview/Inner Form Add Document Button' is clicked on

2018-11-08 17:08:13 - [TEST_STEP][PASSED] - delay: Delayed 3 second(s)

2018-11-08 17:08:16 - [MESSAGE][PASSED] - Delayed 3 second(s)

2018-11-08 17:08:16 - [TEST_STEP][PASSED] - click: Object: 'Object Repository/Final Object Repo/New Registration - Registration Module Pages/Third Screen - Upload Supporting Doc- Preview/Add Document Button' is clicked on

2018-11-08 17:08:18 - [MESSAGE][PASSED] - Object: 'Object Repository/Final Object Repo/New Registration - Registration Module Pages/Third Screen - Upload Supporting Doc- Preview/Add Document Button' is clicked on

2018-11-08 17:08:18 - [TEST_STEP][PASSED] - delay: Delayed 30 second(s)

2018-11-08 17:08:48 - [MESSAGE][PASSED] - Delayed 30 second(s)

2018-11-08 17:08:48 - [TEST_STEP][PASSED] - click: Object: 'Object Repository/Final Object Repo/New Registration - Registration Module Pages/Third Screen - Upload Supporting Doc- Preview/Supporting Doc Please Select Drop Down' is clicked on

2018-11-08 17:08:49 - [MESSAGE][PASSED] - Object: 'Object Repository/Final Object Repo/New Registration - Registration Module Pages/Third Screen - Upload Supporting Doc- Preview/Supporting Doc Please Select Drop Down' is clicked on

2018-11-08 17:08:49 - [TEST_STEP][PASSED] - delay: Delayed 2 second(s)

2018-11-08 17:08:51 - [MESSAGE][PASSED] - Delayed 2 second(s)

2018-11-08 17:08:51 - [TEST_STEP][PASSED] - click: Object: 'Object Repository/Final Object Repo/New Registration - Registration Module Pages/Third Screen - Upload Supporting Doc- Preview/Select to Upload Form 2' is clicked on

2018-11-08 17:08:51 - [MESSAGE][PASSED] - Object: 'Object Repository/Final Object Repo/New Registration - Registration Module Pages/Third Screen - Upload Supporting Doc- Preview/Select to Upload Form 2' is clicked on

2018-11-08 17:08:51 - [TEST_STEP][PASSED] - delay: Delayed 2 second(s)

2018-11-08 17:08:53 - [MESSAGE][PASSED] - Delayed 2 second(s)

2018-11-08 17:08:53 - [TEST_STEP][PASSED] - uploadFile: File 'C:\Users\Public\Pictures\Sample Pictures\Act.jpg' sent to object: 'Object Repository/Final Object Repo/New Registration - Registration Module Pages/Third Screen - Upload Supporting Doc- Preview/Upload File Adding'

2018-11-08 17:08:53 - [MESSAGE][PASSED] - File 'C:\Users\Public\Pictures\Sample Pictures\Act.jpg' sent to object: 'Object Repository/Final Object Repo/New Registration - Registration Module Pages/Third Screen - Upload Supporting Doc- Preview/Upload File Adding'

2018-11-08 17:08:53 - [TEST_STEP][PASSED] - click: Object: 'Object Repository/Final Object Repo/New Registration - Registration Module Pages/Third Screen - Upload Supporting Doc- Preview/Inner Form Add Document Button' is clicked on

2018-11-08 17:08:54 - [MESSAGE][PASSED] - Object: 'Object Repository/Final Object Repo/New Registration - Registration Module Pages/Third Screen - Upload Supporting Doc- Preview/Inner Form Add Document Button' is clicked on

2018-11-08 17:08:54 - [TEST_STEP][PASSED] - delay: Delayed 4 second(s)

2018-11-08 17:08:58 - [MESSAGE][PASSED] - Delayed 4 second(s)

2018-11-08 17:08:58 - [TEST_STEP][PASSED] - click: Object: 'Object Repository/Final Object Repo/New Registration - Registration Module Pages/Third Screen - Upload Supporting Doc- Preview/Add Document Button' is clicked on

2018-11-08 17:08:59 - [MESSAGE][PASSED] - Object: 'Object Repository/Final Object Repo/New Registration - Registration Module Pages/Third Screen - Upload Supporting Doc- Preview/Add Document Button' is clicked on

2018-11-08 17:08:59 - [TEST_STEP][PASSED] - delay: Delayed 30 second(s)

2018-11-08 17:09:29 - [MESSAGE][PASSED] - Delayed 30 second(s)

2018-11-08 17:09:29 - [TEST_STEP][PASSED] - click: Object: 'Object Repository/Final Object Repo/New Registration - Registration Module Pages/Third Screen - Upload Supporting Doc- Preview/Supporting Doc Please Select Drop Down' is clicked on

2018-11-08 17:09:30 - [MESSAGE][PASSED] - Object: 'Object Repository/Final Object Repo/New Registration - Registration Module Pages/Third Screen - Upload Supporting Doc- Preview/Supporting Doc Please Select Drop Down' is clicked on

2018-11-08 17:09:30 - [TEST_STEP][PASSED] - click: Object: 'Object Repository/Final Object Repo/New Registration - Registration Module Pages/Third Screen - Upload Supporting Doc- Preview/Select to Upload Borang SIP 1' is clicked on

2018-11-08 17:09:30 - [MESSAGE][PASSED] - Object: 'Object Repository/Final Object Repo/New Registration - Registration Module Pages/Third Screen - Upload Supporting Doc- Preview/Select to Upload Borang SIP 1' is clicked on

2018-11-08 17:09:30 - [TEST_STEP][PASSED] - delay: Delayed 2 second(s)

2018-11-08 17:09:32 - [MESSAGE][PASSED] - Delayed 2 second(s)

2018-11-08 17:09:32 - [TEST_STEP][PASSED] - uploadFile: File 'C:\Users\Public\Pictures\Sample Pictures\Act.jpg' sent to object: 'Object Repository/Final Object Repo/New Registration - Registration Module Pages/Third Screen - Upload Supporting Doc- Preview/Upload File Adding'

2018-11-08 17:09:32 - [MESSAGE][PASSED] - File 'C:\Users\Public\Pictures\Sample Pictures\Act.jpg' sent to object: 'Object Repository/Final Object Repo/New Registration - Registration Module Pages/Third Screen - Upload Supporting Doc- Preview/Upload File Adding'

2018-11-08 17:09:32 - [TEST_STEP][PASSED] - click: Object: 'Object Repository/Final Object Repo/New Registration - Registration Module Pages/Third Screen - Upload Supporting Doc- Preview/Inner Form Add Document Button' is clicked on

2018-11-08 17:09:33 - [MESSAGE][PASSED] - Object: 'Object Repository/Final Object Repo/New Registration - Registration Module Pages/Third Screen - Upload Supporting Doc- Preview/Inner Form Add Document Button' is clicked on

2018-11-08 17:09:33 - [TEST_STEP][PASSED] - delay: Delayed 5 second(s)

2018-11-08 17:09:38 - [MESSAGE][PASSED] - Delayed 5 second(s)

2018-11-08 17:09:38 - [TEST_STEP][PASSED] - click: Object: 'Object Repository/Final Object Repo/New Registration - Registration Module Pages/Third Screen - Upload Supporting Doc- Preview/Add Document Button' is clicked on

2018-11-08 17:09:38 - [MESSAGE][PASSED] - Object: 'Object Repository/Final Object Repo/New Registration - Registration Module Pages/Third Screen - Upload Supporting Doc- Preview/Add Document Button' is clicked on

2018-11-08 17:09:38 - [TEST_STEP][PASSED] - delay: Delayed 30 second(s)

2018-11-08 17:10:08 - [MESSAGE][PASSED] - Delayed 30 second(s)

2018-11-08 17:10:08 - [TEST_STEP][PASSED] - click: Object: 'Object Repository/Final Object Repo/New Registration - Registration Module Pages/Third Screen - Upload Supporting Doc- Preview/Supporting Doc Please Select Drop Down' is clicked on

2018-11-08 17:10:09 - [MESSAGE][PASSED] - Object: 'Object Repository/Final Object Repo/New Registration - Registration Module Pages/Third Screen - Upload Supporting Doc- Preview/Supporting Doc Please Select Drop Down' is clicked on

2018-11-08 17:10:09 - [TEST_STEP][PASSED] - delay: Delayed 3 second(s)

2018-11-08 17:10:12 - [MESSAGE][PASSED] - Delayed 3 second(s)

2018-11-08 17:10:12 - [TEST_STEP][PASSED] - click: Object: 'Object Repository/Final Object Repo/New Registration - Registration Module Pages/Third Screen - Upload Supporting Doc- Preview/Select to Upload Borang SIP 2' is clicked on

2018-11-08 17:10:13 - [MESSAGE][PASSED] - Object: 'Object Repository/Final Object Repo/New Registration - Registration Module Pages/Third Screen - Upload Supporting Doc- Preview/Select to Upload Borang SIP 2' is clicked on

2018-11-08 17:10:13 - [TEST_STEP][PASSED] - delay: Delayed 2 second(s)

2018-11-08 17:10:15 - [MESSAGE][PASSED] - Delayed 2 second(s)

2018-11-08 17:10:15 - [TEST_STEP][PASSED] - uploadFile: File 'C:\Users\Public\Pictures\Sample Pictures\Act.jpg' sent to object: 'Object Repository/Final Object Repo/New Registration - Registration Module Pages/Third Screen - Upload Supporting Doc- Preview/Upload File Adding'

2018-11-08 17:10:15 - [MESSAGE][PASSED] - File 'C:\Users\Public\Pictures\Sample Pictures\Act.jpg' sent to object: 'Object Repository/Final Object Repo/New Registration - Registration Module Pages/Third Screen - Upload Supporting Doc- Preview/Upload File Adding'

2018-11-08 17:10:15 - [TEST_STEP][PASSED] - delay: Delayed 5 second(s)

2018-11-08 17:10:20 - [MESSAGE][PASSED] - Delayed 5 second(s)

2018-11-08 17:10:20 - [TEST_STEP][PASSED] - click: Object: 'Object Repository/Final Object Repo/New Registration - Registration Module Pages/Third Screen - Upload Supporting Doc- Preview/Inner Form Add Document Button' is clicked on

2018-11-08 17:10:20 - [MESSAGE][PASSED] - Object: 'Object Repository/Final Object Repo/New Registration - Registration Module Pages/Third Screen - Upload Supporting Doc- Preview/Inner Form Add Document Button' is clicked on

2018-11-08 17:10:20 - [TEST_STEP][PASSED] - delay: Delayed 3 second(s)

2018-11-08 17:10:23 - [MESSAGE][PASSED] - Delayed 3 second(s)

2018-11-08 17:10:23 - [TEST_STEP][PASSED] - waitForElementClickable: Object 'Object Repository/Final Object Repo/New Registration - Registration Module Pages/Third Screen - Upload Supporting Doc- Preview/Save n Continue in Uploading Supporting Doc Page' is clickable

2018-11-08 17:10:25 - [MESSAGE][PASSED] - Object 'Object Repository/Final Object Repo/New Registration - Registration Module Pages/Third Screen - Upload Supporting Doc- Preview/Save n Continue in Uploading Supporting Doc Page' is clickable

2018-11-08 17:10:25 - [TEST_STEP][PASSED] - click: Object: 'Object Repository/Final Object Repo/New Registration - Registration Module Pages/Third Screen - Upload Supporting Doc- Preview/Save n Continue in Uploading Supporting Doc Page' is clicked on

2018-11-08 17:10:31 - [MESSAGE][PASSED] - Object: 'Object Repository/Final Object Repo/New Registration - Registration Module Pages/Third Screen - Upload Supporting Doc- Preview/Save n Continue in Uploading Supporting Doc Page' is clicked on

2018-11-08 17:10:31 - [MESSAGE][PASSED] - Call Test Case 'Test Cases/Final Aug 2018 - PKS Automation/Registration Module/New Registration/Flow of New Registration/Third Screen - Upload Supporting Doc - Preview' successfully

2018-11-08 17:10:31 - [TEST_STEP][PASSED] - callTestCase: Call Test Case 'Test Cases/Final Aug 2018 - PKS Automation/Registration Module/New Registration/Submit and Screenshot/Submit Registration and Screenshot' successfully

2018-11-08 17:10:31 - [TEST_CASE][PASSED] - Test Cases/Final Aug 2018 - PKS Automation/Registration Module/New Registration/Submit and Screenshot/Submit Registration and Screenshot: Test Cases/Final Aug 2018 - PKS Automation/Registration Module/New Registration/Submit and Screenshot/Submit Registration and Screenshot

2018-11-08 17:10:31 - [TEST_STEP][PASSED] - delay: Delayed 6 second(s)

2018-11-08 17:10:37 - [MESSAGE][PASSED] - Delayed 6 second(s)

2018-11-08 17:10:37 - [TEST_STEP][PASSED] - click: Object: 'Object Repository/Final Object Repo/New Registration - Registration Module Pages/Third Screen - Upload Supporting Doc- Preview/Preview Submit Button' is clicked on

2018-11-08 17:10:37 - [MESSAGE][PASSED] - Object: 'Object Repository/Final Object Repo/New Registration - Registration Module Pages/Third Screen - Upload Supporting Doc- Preview/Preview Submit Button' is clicked on

2018-11-08 17:10:37 - [TEST_STEP][PASSED] - delay: Delayed 2 second(s)

2018-11-08 17:10:39 - [MESSAGE][PASSED] - Delayed 2 second(s)

2018-11-08 17:10:39 - [TEST_STEP][PASSED] - click: Object: 'Object Repository/Final Object Repo/New Registration - Registration Module Pages/Third Screen - Upload Supporting Doc- Preview/Preview Submit - Confirm' is clicked on

2018-11-08 17:10:45 - [MESSAGE][PASSED] - Object: 'Object Repository/Final Object Repo/New Registration - Registration Module Pages/Third Screen - Upload Supporting Doc- Preview/Preview Submit - Confirm' is clicked on

2018-11-08 17:10:45 - [TEST_STEP][PASSED] - delay: Delayed 15 second(s)

2018-11-08 17:11:00 - [MESSAGE][PASSED] - Delayed 15 second(s)

2018-11-08 17:11:00 - [TEST_STEP][PASSED] - Statement - driver = com.kms.katalon.core.webui.driver.DriverFactory.getWebDriver(): null

2018-11-08 17:11:00 - [TEST_STEP][PASSED] - Statement - driver.manage().timeouts().implicitlyWait(10, SECONDS): null

2018-11-08 17:11:00 - [TEST_STEP][PASSED] - Statement - PresavePath = KatalonScreenshots: null

2018-11-08 17:11:00 - [TEST_STEP][PASSED] - Statement - pathPrefix = "C:\Users\Public\Pictures\Sample Pictures\Katalon Screenshots\Automate Ending Screen": null

2018-11-08 17:11:00 - [TEST_STEP][PASSED] - Statement - finalPath = <not implemented yet for class: org.codehaus.groovy.ast.expr.EmptyExpression>: null

2018-11-08 17:11:00 - [TEST_STEP][PASSED] - Statement - scrFile = driver.getScreenshotAs(FILE): null

2018-11-08 17:11:00 - [TEST_STEP][PASSED] - Statement - PreSaveFile = new java.io.File(PresavePath): null

2018-11-08 17:11:00 - [TEST_STEP][PASSED] - Statement - counter = 0: null

2018-11-08 17:11:00 - [TEST_STEP][PASSED] - Statement - If (PreSaveFile.exists()): null

2018-11-08 17:11:00 - [TEST_STEP][PASSED] - Statement - While (PreSaveFile.exists()): null

2018-11-08 17:11:00 - [TEST_STEP][PASSED] - Statement - counter = counter + 1: null

2018-11-08 17:11:00 - [TEST_STEP][PASSED] - Statement - PreSaveFile = new java.io.File(((pathPrefix + java.lang.Integer.toString(counter)) + .png)): null

2018-11-08 17:11:00 - [TEST_STEP][PASSED] - Statement - counter = counter + 1: null

2018-11-08 17:11:00 - [TEST_STEP][PASSED] - Statement - PreSaveFile = new java.io.File(((pathPrefix + java.lang.Integer.toString(counter)) + .png)): null

2018-11-08 17:11:00 - [TEST_STEP][PASSED] - Statement - counter = counter + 1: null

2018-11-08 17:11:00 - [TEST_STEP][PASSED] - Statement - PreSaveFile = new java.io.File(((pathPrefix + java.lang.Integer.toString(counter)) + .png)): null

2018-11-08 17:11:00 - [TEST_STEP][PASSED] - Statement - counter = counter + 1: null

2018-11-08 17:11:00 - [TEST_STEP][PASSED] - Statement - PreSaveFile = new java.io.File(((pathPrefix + java.lang.Integer.toString(counter)) + .png)): null

2018-11-08 17:11:00 - [TEST_STEP][PASSED] - Statement - counter = counter + 1: null

2018-11-08 17:11:00 - [TEST_STEP][PASSED] - Statement - PreSaveFile = new java.io.File(((pathPrefix + java.lang.Integer.toString(counter)) + .png)): null

2018-11-08 17:11:00 - [TEST_STEP][PASSED] - Statement - counter = counter + 1: null

2018-11-08 17:11:00 - [TEST_STEP][PASSED] - Statement - PreSaveFile = new java.io.File(((pathPrefix + java.lang.Integer.toString(counter)) + .png)): null

2018-11-08 17:11:00 - [TEST_STEP][PASSED] - Statement - counter = counter + 1: null

2018-11-08 17:11:00 - [TEST_STEP][PASSED] - Statement - PreSaveFile = new java.io.File(((pathPrefix + java.lang.Integer.toString(counter)) + .png)): null

2018-11-08 17:11:00 - [TEST_STEP][PASSED] - Statement - counter = counter + 1: null

2018-11-08 17:11:00 - [TEST_STEP][PASSED] - Statement - PreSaveFile = new java.io.File(((pathPrefix + java.lang.Integer.toString(counter)) + .png)): null

2018-11-08 17:11:00 - [TEST_STEP][PASSED] - Statement - counter = counter + 1: null

2018-11-08 17:11:00 - [TEST_STEP][PASSED] - Statement - PreSaveFile = new java.io.File(((pathPrefix + java.lang.Integer.toString(counter)) + .png)): null

2018-11-08 17:11:00 - [TEST_STEP][PASSED] - Statement - counter = counter + 1: null

2018-11-08 17:11:00 - [TEST_STEP][PASSED] - Statement - PreSaveFile = new java.io.File(((pathPrefix + java.lang.Integer.toString(counter)) + .png)): null

2018-11-08 17:11:00 - [TEST_STEP][PASSED] - Statement - counter = counter + 1: null

2018-11-08 17:11:00 - [TEST_STEP][PASSED] - Statement - PreSaveFile = new java.io.File(((pathPrefix + java.lang.Integer.toString(counter)) + .png)): null

2018-11-08 17:11:00 - [TEST_STEP][PASSED] - Statement - counter = counter + 1: null

2018-11-08 17:11:00 - [TEST_STEP][PASSED] - Statement - PreSaveFile = new java.io.File(((pathPrefix + java.lang.Integer.toString(counter)) + .png)): null

2018-11-08 17:11:00 - [TEST_STEP][PASSED] - Statement - counter = counter + 1: null

2018-11-08 17:11:00 - [TEST_STEP][PASSED] - Statement - PreSaveFile = new java.io.File(((pathPrefix + java.lang.Integer.toString(counter)) + .png)): null

2018-11-08 17:11:00 - [TEST_STEP][PASSED] - Statement - counter = counter + 1: null

2018-11-08 17:11:00 - [TEST_STEP][PASSED] - Statement - PreSaveFile = new java.io.File(((pathPrefix + java.lang.Integer.toString(counter)) + .png)): null

2018-11-08 17:11:00 - [TEST_STEP][PASSED] - Statement - counter = counter + 1: null

2018-11-08 17:11:00 - [TEST_STEP][PASSED] - Statement - PreSaveFile = new java.io.File(((pathPrefix + java.lang.Integer.toString(counter)) + .png)): null

2018-11-08 17:11:00 - [TEST_STEP][PASSED] - Statement - counter = counter + 1: null

2018-11-08 17:11:00 - [TEST_STEP][PASSED] - Statement - PreSaveFile = new java.io.File(((pathPrefix + java.lang.Integer.toString(counter)) + .png)): null

2018-11-08 17:11:00 - [TEST_STEP][PASSED] - Statement - counter = counter + 1: null

2018-11-08 17:11:00 - [TEST_STEP][PASSED] - Statement - PreSaveFile = new java.io.File(((pathPrefix + java.lang.Integer.toString(counter)) + .png)): null

2018-11-08 17:11:00 - [TEST_STEP][PASSED] - Statement - counter = counter + 1: null

2018-11-08 17:11:00 - [TEST_STEP][PASSED] - Statement - PreSaveFile = new java.io.File(((pathPrefix + java.lang.Integer.toString(counter)) + .png)): null

2018-11-08 17:11:00 - [TEST_STEP][PASSED] - Statement - counter = counter + 1: null

2018-11-08 17:11:00 - [TEST_STEP][PASSED] - Statement - PreSaveFile = new java.io.File(((pathPrefix + java.lang.Integer.toString(counter)) + .png)): null

2018-11-08 17:11:00 - [TEST_STEP][PASSED] - Statement - counter = counter + 1: null

2018-11-08 17:11:00 - [TEST_STEP][PASSED] - Statement - PreSaveFile = new java.io.File(((pathPrefix + java.lang.Integer.toString(counter)) + .png)): null

2018-11-08 17:11:00 - [TEST_STEP][PASSED] - Statement - counter = counter + 1: null

2018-11-08 17:11:00 - [TEST_STEP][PASSED] - Statement - PreSaveFile = new java.io.File(((pathPrefix + java.lang.Integer.toString(counter)) + .png)): null

2018-11-08 17:11:00 - [TEST_STEP][PASSED] - Statement - counter = counter + 1: null

2018-11-08 17:11:00 - [TEST_STEP][PASSED] - Statement - PreSaveFile = new java.io.File(((pathPrefix + java.lang.Integer.toString(counter)) + .png)): null

2018-11-08 17:11:00 - [TEST_STEP][PASSED] - Statement - counter = counter + 1: null

2018-11-08 17:11:00 - [TEST_STEP][PASSED] - Statement - PreSaveFile = new java.io.File(((pathPrefix + java.lang.Integer.toString(counter)) + .png)): null

2018-11-08 17:11:00 - [TEST_STEP][PASSED] - Statement - counter = counter + 1: null

2018-11-08 17:11:00 - [TEST_STEP][PASSED] - Statement - PreSaveFile = new java.io.File(((pathPrefix + java.lang.Integer.toString(counter)) + .png)): null

2018-11-08 17:11:00 - [TEST_STEP][PASSED] - Statement - counter = counter + 1: null

2018-11-08 17:11:00 - [TEST_STEP][PASSED] - Statement - PreSaveFile = new java.io.File(((pathPrefix + java.lang.Integer.toString(counter)) + .png)): null

2018-11-08 17:11:00 - [TEST_STEP][PASSED] - Statement - counter = counter + 1: null

2018-11-08 17:11:00 - [TEST_STEP][PASSED] - Statement - PreSaveFile = new java.io.File(((pathPrefix + java.lang.Integer.toString(counter)) + .png)): null

2018-11-08 17:11:01 - [TEST_STEP][PASSED] - Statement - counter = counter + 1: null

2018-11-08 17:11:01 - [TEST_STEP][PASSED] - Statement - PreSaveFile = new java.io.File(((pathPrefix + java.lang.Integer.toString(counter)) + .png)): null

2018-11-08 17:11:01 - [TEST_STEP][PASSED] - Statement - counter = counter + 1: null

2018-11-08 17:11:01 - [TEST_STEP][PASSED] - Statement - PreSaveFile = new java.io.File(((pathPrefix + java.lang.Integer.toString(counter)) + .png)): null

2018-11-08 17:11:01 - [TEST_STEP][PASSED] - Statement - counter = counter + 1: null

2018-11-08 17:11:01 - [TEST_STEP][PASSED] - Statement - PreSaveFile = new java.io.File(((pathPrefix + java.lang.Integer.toString(counter)) + .png)): null

2018-11-08 17:11:01 - [TEST_STEP][PASSED] - Statement - counter = counter + 1: null

2018-11-08 17:11:01 - [TEST_STEP][PASSED] - Statement - PreSaveFile = new java.io.File(((pathPrefix + java.lang.Integer.toString(counter)) + .png)): null

2018-11-08 17:11:01 - [TEST_STEP][PASSED] - Statement - counter = counter + 1: null

2018-11-08 17:11:01 - [TEST_STEP][PASSED] - Statement - PreSaveFile = new java.io.File(((pathPrefix + java.lang.Integer.toString(counter)) + .png)): null

2018-11-08 17:11:01 - [TEST_STEP][PASSED] - Statement - counter = counter + 1: null

2018-11-08 17:11:01 - [TEST_STEP][PASSED] - Statement - PreSaveFile = new java.io.File(((pathPrefix + java.lang.Integer.toString(counter)) + .png)): null

2018-11-08 17:11:01 - [TEST_STEP][PASSED] - Statement - counter = counter + 1: null

2018-11-08 17:11:01 - [TEST_STEP][PASSED] - Statement - PreSaveFile = new java.io.File(((pathPrefix + java.lang.Integer.toString(counter)) + .png)): null

2018-11-08 17:11:01 - [TEST_STEP][PASSED] - Statement - counter = counter + 1: null

2018-11-08 17:11:01 - [TEST_STEP][PASSED] - Statement - PreSaveFile = new java.io.File(((pathPrefix + java.lang.Integer.toString(counter)) + .png)): null

2018-11-08 17:11:01 - [TEST_STEP][PASSED] - Statement - counter = counter + 1: null

2018-11-08 17:11:01 - [TEST_STEP][PASSED] - Statement - PreSaveFile = new java.io.File(((pathPrefix + java.lang.Integer.toString(counter)) + .png)): null

2018-11-08 17:11:01 - [TEST_STEP][PASSED] - Statement - counter = counter + 1: null

2018-11-08 17:11:01 - [TEST_STEP][PASSED] - Statement - PreSaveFile = new java.io.File(((pathPrefix + java.lang.Integer.toString(counter)) + .png)): null

2018-11-08 17:11:01 - [TEST_STEP][PASSED] - Statement - counter = counter + 1: null

2018-11-08 17:11:01 - [TEST_STEP][PASSED] - Statement - PreSaveFile = new java.io.File(((pathPrefix + java.lang.Integer.toString(counter)) + .png)): null

2018-11-08 17:11:01 - [TEST_STEP][PASSED] - Statement - counter = counter + 1: null

2018-11-08 17:11:01 - [TEST_STEP][PASSED] - Statement - PreSaveFile = new java.io.File(((pathPrefix + java.lang.Integer.toString(counter)) + .png)): null

2018-11-08 17:11:01 - [TEST_STEP][PASSED] - Statement - counter = counter + 1: null

2018-11-08 17:11:01 - [TEST_STEP][PASSED] - Statement - PreSaveFile = new java.io.File(((pathPrefix + java.lang.Integer.toString(counter)) + .png)): null

2018-11-08 17:11:02 - [TEST_STEP][PASSED] - Statement - counter = counter + 1: null

2018-11-08 17:11:02 - [TEST_STEP][PASSED] - Statement - PreSaveFile = new java.io.File(((pathPrefix + java.lang.Integer.toString(counter)) + .png)): null

2018-11-08 17:11:02 - [TEST_STEP][PASSED] - Statement - counter = counter + 1: null

2018-11-08 17:11:02 - [TEST_STEP][PASSED] - Statement - PreSaveFile = new java.io.File(((pathPrefix + java.lang.Integer.toString(counter)) + .png)): null

2018-11-08 17:11:02 - [TEST_STEP][PASSED] - Statement - counter = counter + 1: null

2018-11-08 17:11:02 - [TEST_STEP][PASSED] - Statement - PreSaveFile = new java.io.File(((pathPrefix + java.lang.Integer.toString(counter)) + .png)): null

2018-11-08 17:11:02 - [TEST_STEP][PASSED] - Statement - counter = counter + 1: null

2018-11-08 17:11:02 - [TEST_STEP][PASSED] - Statement - PreSaveFile = new java.io.File(((pathPrefix + java.lang.Integer.toString(counter)) + .png)): null

2018-11-08 17:11:02 - [TEST_STEP][PASSED] - Statement - counter = counter + 1: null

2018-11-08 17:11:02 - [TEST_STEP][PASSED] - Statement - PreSaveFile = new java.io.File(((pathPrefix + java.lang.Integer.toString(counter)) + .png)): null

2018-11-08 17:11:02 - [TEST_STEP][PASSED] - Statement - counter = counter + 1: null

2018-11-08 17:11:02 - [TEST_STEP][PASSED] - Statement - PreSaveFile = new java.io.File(((pathPrefix + java.lang.Integer.toString(counter)) + .png)): null

2018-11-08 17:11:02 - [TEST_STEP][PASSED] - Statement - counter = counter + 1: null

2018-11-08 17:11:03 - [TEST_STEP][PASSED] - Statement - PreSaveFile = new java.io.File(((pathPrefix + java.lang.Integer.toString(counter)) + .png)): null

2018-11-08 17:11:03 - [TEST_STEP][PASSED] - Statement - counter = counter + 1: null

2018-11-08 17:11:03 - [TEST_STEP][PASSED] - Statement - PreSaveFile = new java.io.File(((pathPrefix + java.lang.Integer.toString(counter)) + .png)): null

2018-11-08 17:11:03 - [TEST_STEP][PASSED] - Statement - counter = counter + 1: null

2018-11-08 17:11:03 - [TEST_STEP][PASSED] - Statement - PreSaveFile = new java.io.File(((pathPrefix + java.lang.Integer.toString(counter)) + .png)): null

2018-11-08 17:11:03 - [TEST_STEP][PASSED] - Statement - counter = counter + 1: null

2018-11-08 17:11:03 - [TEST_STEP][PASSED] - Statement - PreSaveFile = new java.io.File(((pathPrefix + java.lang.Integer.toString(counter)) + .png)): null

2018-11-08 17:11:03 - [TEST_STEP][PASSED] - Statement - counter = counter + 1: null

2018-11-08 17:11:03 - [TEST_STEP][PASSED] - Statement - PreSaveFile = new java.io.File(((pathPrefix + java.lang.Integer.toString(counter)) + .png)): null

2018-11-08 17:11:03 - [TEST_STEP][PASSED] - Statement - counter = counter + 1: null

2018-11-08 17:11:03 - [TEST_STEP][PASSED] - Statement - PreSaveFile = new java.io.File(((pathPrefix + java.lang.Integer.toString(counter)) + .png)): null

2018-11-08 17:11:03 - [TEST_STEP][PASSED] - Statement - counter = counter + 1: null

2018-11-08 17:11:03 - [TEST_STEP][PASSED] - Statement - PreSaveFile = new java.io.File(((pathPrefix + java.lang.Integer.toString(counter)) + .png)): null

2018-11-08 17:11:03 - [TEST_STEP][PASSED] - Statement - counter = counter + 1: null

2018-11-08 17:11:03 - [TEST_STEP][PASSED] - Statement - PreSaveFile = new java.io.File(((pathPrefix + java.lang.Integer.toString(counter)) + .png)): null

2018-11-08 17:11:03 - [TEST_STEP][PASSED] - Statement - counter = counter + 1: null

2018-11-08 17:11:03 - [TEST_STEP][PASSED] - Statement - PreSaveFile = new java.io.File(((pathPrefix + java.lang.Integer.toString(counter)) + .png)): null

2018-11-08 17:11:03 - [TEST_STEP][PASSED] - Statement - counter = counter + 1: null

2018-11-08 17:11:03 - [TEST_STEP][PASSED] - Statement - PreSaveFile = new java.io.File(((pathPrefix + java.lang.Integer.toString(counter)) + .png)): null

2018-11-08 17:11:03 - [TEST_STEP][PASSED] - Statement - counter = counter + 1: null

2018-11-08 17:11:03 - [TEST_STEP][PASSED] - Statement - PreSaveFile = new java.io.File(((pathPrefix + java.lang.Integer.toString(counter)) + .png)): null

2018-11-08 17:11:03 - [TEST_STEP][PASSED] - Statement - counter = counter + 1: null

2018-11-08 17:11:04 - [TEST_STEP][PASSED] - Statement - PreSaveFile = new java.io.File(((pathPrefix + java.lang.Integer.toString(counter)) + .png)): null

2018-11-08 17:11:04 - [TEST_STEP][PASSED] - Statement - counter = counter + 1: null

2018-11-08 17:11:04 - [TEST_STEP][PASSED] - Statement - PreSaveFile = new java.io.File(((pathPrefix + java.lang.Integer.toString(counter)) + .png)): null

2018-11-08 17:11:04 - [TEST_STEP][PASSED] - Statement - counter = counter + 1: null

2018-11-08 17:11:04 - [TEST_STEP][PASSED] - Statement - PreSaveFile = new java.io.File(((pathPrefix + java.lang.Integer.toString(counter)) + .png)): null

2018-11-08 17:11:04 - [TEST_STEP][PASSED] - Statement - counter = counter + 1: null

2018-11-08 17:11:04 - [TEST_STEP][PASSED] - Statement - PreSaveFile = new java.io.File(((pathPrefix + java.lang.Integer.toString(counter)) + .png)): null

2018-11-08 17:11:04 - [TEST_STEP][PASSED] - Statement - counter = counter + 1: null

2018-11-08 17:11:04 - [TEST_STEP][PASSED] - Statement - PreSaveFile = new java.io.File(((pathPrefix + java.lang.Integer.toString(counter)) + .png)): null

2018-11-08 17:11:04 - [TEST_STEP][PASSED] - Statement - counter = counter + 1: null

2018-11-08 17:11:04 - [TEST_STEP][PASSED] - Statement - PreSaveFile = new java.io.File(((pathPrefix + java.lang.Integer.toString(counter)) + .png)): null

2018-11-08 17:11:04 - [TEST_STEP][PASSED] - Statement - counter = counter + 1: null

2018-11-08 17:11:04 - [TEST_STEP][PASSED] - Statement - PreSaveFile = new java.io.File(((pathPrefix + java.lang.Integer.toString(counter)) + .png)): null

2018-11-08 17:11:04 - [TEST_STEP][PASSED] - Statement - counter = counter + 1: null

2018-11-08 17:11:04 - [TEST_STEP][PASSED] - Statement - PreSaveFile = new java.io.File(((pathPrefix + java.lang.Integer.toString(counter)) + .png)): null

2018-11-08 17:11:04 - [TEST_STEP][PASSED] - Statement - counter = counter + 1: null

2018-11-08 17:11:04 - [TEST_STEP][PASSED] - Statement - PreSaveFile = new java.io.File(((pathPrefix + java.lang.Integer.toString(counter)) + .png)): null

2018-11-08 17:11:04 - [TEST_STEP][PASSED] - Statement - counter = counter + 1: null

2018-11-08 17:11:04 - [TEST_STEP][PASSED] - Statement - PreSaveFile = new java.io.File(((pathPrefix + java.lang.Integer.toString(counter)) + .png)): null

2018-11-08 17:11:04 - [TEST_STEP][PASSED] - Statement - counter = counter + 1: null

2018-11-08 17:11:04 - [TEST_STEP][PASSED] - Statement - PreSaveFile = new java.io.File(((pathPrefix + java.lang.Integer.toString(counter)) + .png)): null

2018-11-08 17:11:04 - [TEST_STEP][PASSED] - Statement - counter = counter + 1: null

2018-11-08 17:11:05 - [TEST_STEP][PASSED] - Statement - PreSaveFile = new java.io.File(((pathPrefix + java.lang.Integer.toString(counter)) + .png)): null

2018-11-08 17:11:05 - [TEST_STEP][PASSED] - Statement - counter = counter + 1: null

2018-11-08 17:11:05 - [TEST_STEP][PASSED] - Statement - PreSaveFile = new java.io.File(((pathPrefix + java.lang.Integer.toString(counter)) + .png)): null

2018-11-08 17:11:05 - [TEST_STEP][PASSED] - Statement - counter = counter + 1: null

2018-11-08 17:11:05 - [TEST_STEP][PASSED] - Statement - PreSaveFile = new java.io.File(((pathPrefix + java.lang.Integer.toString(counter)) + .png)): null

2018-11-08 17:11:05 - [TEST_STEP][PASSED] - Statement - counter = counter + 1: null

2018-11-08 17:11:05 - [TEST_STEP][PASSED] - Statement - PreSaveFile = new java.io.File(((pathPrefix + java.lang.Integer.toString(counter)) + .png)): null

2018-11-08 17:11:05 - [TEST_STEP][PASSED] - Statement - counter = counter + 1: null

2018-11-08 17:11:05 - [TEST_STEP][PASSED] - Statement - PreSaveFile = new java.io.File(((pathPrefix + java.lang.Integer.toString(counter)) + .png)): null

2018-11-08 17:11:05 - [TEST_STEP][PASSED] - Statement - counter = counter + 1: null

2018-11-08 17:11:05 - [TEST_STEP][PASSED] - Statement - PreSaveFile = new java.io.File(((pathPrefix + java.lang.Integer.toString(counter)) + .png)): null

2018-11-08 17:11:05 - [TEST_STEP][PASSED] - Statement - counter = counter + 1: null

2018-11-08 17:11:06 - [TEST_STEP][PASSED] - Statement - PreSaveFile = new java.io.File(((pathPrefix + java.lang.Integer.toString(counter)) + .png)): null

2018-11-08 17:11:06 - [TEST_STEP][PASSED] - Statement - counter = counter + 1: null

2018-11-08 17:11:06 - [TEST_STEP][PASSED] - Statement - PreSaveFile = new java.io.File(((pathPrefix + java.lang.Integer.toString(counter)) + .png)): null

2018-11-08 17:11:06 - [TEST_STEP][PASSED] - Statement - counter = counter + 1: null

2018-11-08 17:11:06 - [TEST_STEP][PASSED] - Statement - PreSaveFile = new java.io.File(((pathPrefix + java.lang.Integer.toString(counter)) + .png)): null

2018-11-08 17:11:06 - [TEST_STEP][PASSED] - Statement - counter = counter + 1: null

2018-11-08 17:11:06 - [TEST_STEP][PASSED] - Statement - PreSaveFile = new java.io.File(((pathPrefix + java.lang.Integer.toString(counter)) + .png)): null

2018-11-08 17:11:06 - [TEST_STEP][PASSED] - Statement - counter = counter + 1: null

2018-11-08 17:11:06 - [TEST_STEP][PASSED] - Statement - PreSaveFile = new java.io.File(((pathPrefix + java.lang.Integer.toString(counter)) + .png)): null

2018-11-08 17:11:06 - [TEST_STEP][PASSED] - Statement - counter = counter + 1: null

2018-11-08 17:11:06 - [TEST_STEP][PASSED] - Statement - PreSaveFile = new java.io.File(((pathPrefix + java.lang.Integer.toString(counter)) + .png)): null

2018-11-08 17:11:06 - [TEST_STEP][PASSED] - Statement - counter = counter + 1: null

2018-11-08 17:11:06 - [TEST_STEP][PASSED] - Statement - PreSaveFile = new java.io.File(((pathPrefix + java.lang.Integer.toString(counter)) + .png)): null

2018-11-08 17:11:06 - [TEST_STEP][PASSED] - Statement - counter = counter + 1: null

2018-11-08 17:11:06 - [TEST_STEP][PASSED] - Statement - PreSaveFile = new java.io.File(((pathPrefix + java.lang.Integer.toString(counter)) + .png)): null

2018-11-08 17:11:06 - [TEST_STEP][PASSED] - Statement - counter = counter + 1: null

2018-11-08 17:11:06 - [TEST_STEP][PASSED] - Statement - PreSaveFile = new java.io.File(((pathPrefix + java.lang.Integer.toString(counter)) + .png)): null

2018-11-08 17:11:06 - [TEST_STEP][PASSED] - Statement - counter = counter + 1: null

2018-11-08 17:11:06 - [TEST_STEP][PASSED] - Statement - PreSaveFile = new java.io.File(((pathPrefix + java.lang.Integer.toString(counter)) + .png)): null

2018-11-08 17:11:06 - [TEST_STEP][PASSED] - Statement - counter = counter + 1: null

2018-11-08 17:11:06 - [TEST_STEP][PASSED] - Statement - PreSaveFile = new java.io.File(((pathPrefix + java.lang.Integer.toString(counter)) + .png)): null

2018-11-08 17:11:06 - [TEST_STEP][PASSED] - Statement - counter = counter + 1: null

2018-11-08 17:11:06 - [TEST_STEP][PASSED] - Statement - PreSaveFile = new java.io.File(((pathPrefix + java.lang.Integer.toString(counter)) + .png)): null

2018-11-08 17:11:07 - [TEST_STEP][PASSED] - Statement - counter = counter + 1: null

2018-11-08 17:11:07 - [TEST_STEP][PASSED] - Statement - PreSaveFile = new java.io.File(((pathPrefix + java.lang.Integer.toString(counter)) + .png)): null

2018-11-08 17:11:07 - [TEST_STEP][PASSED] - Statement - counter = counter + 1: null

2018-11-08 17:11:07 - [TEST_STEP][PASSED] - Statement - PreSaveFile = new java.io.File(((pathPrefix + java.lang.Integer.toString(counter)) + .png)): null

2018-11-08 17:11:07 - [TEST_STEP][PASSED] - Statement - counter = counter + 1: null

2018-11-08 17:11:07 - [TEST_STEP][PASSED] - Statement - PreSaveFile = new java.io.File(((pathPrefix + java.lang.Integer.toString(counter)) + .png)): null

2018-11-08 17:11:07 - [TEST_STEP][PASSED] - Statement - counter = counter + 1: null

2018-11-08 17:11:07 - [TEST_STEP][PASSED] - Statement - PreSaveFile = new java.io.File(((pathPrefix + java.lang.Integer.toString(counter)) + .png)): null

2018-11-08 17:11:07 - [TEST_STEP][PASSED] - Statement - counter = counter + 1: null

2018-11-08 17:11:07 - [TEST_STEP][PASSED] - Statement - PreSaveFile = new java.io.File(((pathPrefix + java.lang.Integer.toString(counter)) + .png)): null

2018-11-08 17:11:07 - [TEST_STEP][PASSED] - Statement - counter = counter + 1: null

2018-11-08 17:11:08 - [TEST_STEP][PASSED] - Statement - PreSaveFile = new java.io.File(((pathPrefix + java.lang.Integer.toString(counter)) + .png)): null

2018-11-08 17:11:08 - [TEST_STEP][PASSED] - Statement - counter = counter + 1: null

2018-11-08 17:11:08 - [TEST_STEP][PASSED] - Statement - PreSaveFile = new java.io.File(((pathPrefix + java.lang.Integer.toString(counter)) + .png)): null

2018-11-08 17:11:08 - [TEST_STEP][PASSED] - Statement - counter = counter + 1: null

2018-11-08 17:11:08 - [TEST_STEP][PASSED] - Statement - PreSaveFile = new java.io.File(((pathPrefix + java.lang.Integer.toString(counter)) + .png)): null

2018-11-08 17:11:08 - [TEST_STEP][PASSED] - Statement - counter = counter + 1: null

2018-11-08 17:11:08 - [TEST_STEP][PASSED] - Statement - PreSaveFile = new java.io.File(((pathPrefix + java.lang.Integer.toString(counter)) + .png)): null

2018-11-08 17:11:08 - [TEST_STEP][PASSED] - Statement - counter = counter + 1: null

2018-11-08 17:11:08 - [TEST_STEP][PASSED] - Statement - PreSaveFile = new java.io.File(((pathPrefix + java.lang.Integer.toString(counter)) + .png)): null

2018-11-08 17:11:08 - [TEST_STEP][PASSED] - Statement - counter = counter + 1: null

2018-11-08 17:11:08 - [TEST_STEP][PASSED] - Statement - PreSaveFile = new java.io.File(((pathPrefix + java.lang.Integer.toString(counter)) + .png)): null

2018-11-08 17:11:08 - [TEST_STEP][PASSED] - Statement - counter = counter + 1: null

2018-11-08 17:11:08 - [TEST_STEP][PASSED] - Statement - PreSaveFile = new java.io.File(((pathPrefix + java.lang.Integer.toString(counter)) + .png)): null

2018-11-08 17:11:08 - [TEST_STEP][PASSED] - Statement - counter = counter + 1: null

2018-11-08 17:11:08 - [TEST_STEP][PASSED] - Statement - PreSaveFile = new java.io.File(((pathPrefix + java.lang.Integer.toString(counter)) + .png)): null

2018-11-08 17:11:08 - [TEST_STEP][PASSED] - Statement - counter = counter + 1: null

2018-11-08 17:11:08 - [TEST_STEP][PASSED] - Statement - PreSaveFile = new java.io.File(((pathPrefix + java.lang.Integer.toString(counter)) + .png)): null

2018-11-08 17:11:08 - [TEST_STEP][PASSED] - Statement - counter = counter + 1: null

2018-11-08 17:11:08 - [TEST_STEP][PASSED] - Statement - PreSaveFile = new java.io.File(((pathPrefix + java.lang.Integer.toString(counter)) + .png)): null

2018-11-08 17:11:08 - [TEST_STEP][PASSED] - Statement - counter = counter + 1: null

2018-11-08 17:11:09 - [TEST_STEP][PASSED] - Statement - PreSaveFile = new java.io.File(((pathPrefix + java.lang.Integer.toString(counter)) + .png)): null

2018-11-08 17:11:09 - [TEST_STEP][PASSED] - Statement - counter = counter + 1: null

2018-11-08 17:11:09 - [TEST_STEP][PASSED] - Statement - PreSaveFile = new java.io.File(((pathPrefix + java.lang.Integer.toString(counter)) + .png)): null

2018-11-08 17:11:09 - [TEST_STEP][PASSED] - Statement - counter = counter + 1: null

2018-11-08 17:11:09 - [TEST_STEP][PASSED] - Statement - PreSaveFile = new java.io.File(((pathPrefix + java.lang.Integer.toString(counter)) + .png)): null

2018-11-08 17:11:09 - [TEST_STEP][PASSED] - Statement - counter = counter + 1: null

2018-11-08 17:11:09 - [TEST_STEP][PASSED] - Statement - PreSaveFile = new java.io.File(((pathPrefix + java.lang.Integer.toString(counter)) + .png)): null

2018-11-08 17:11:09 - [TEST_STEP][PASSED] - Statement - counter = counter + 1: null

2018-11-08 17:11:09 - [TEST_STEP][PASSED] - Statement - PreSaveFile = new java.io.File(((pathPrefix + java.lang.Integer.toString(counter)) + .png)): null

2018-11-08 17:11:09 - [TEST_STEP][PASSED] - Statement - counter = counter + 1: null

2018-11-08 17:11:09 - [TEST_STEP][PASSED] - Statement - PreSaveFile = new java.io.File(((pathPrefix + java.lang.Integer.toString(counter)) + .png)): null

2018-11-08 17:11:10 - [TEST_STEP][PASSED] - Statement - counter = counter + 1: null

2018-11-08 17:11:10 - [TEST_STEP][PASSED] - Statement - PreSaveFile = new java.io.File(((pathPrefix + java.lang.Integer.toString(counter)) + .png)): null

2018-11-08 17:11:10 - [TEST_STEP][PASSED] - Statement - counter = counter + 1: null

2018-11-08 17:11:10 - [TEST_STEP][PASSED] - Statement - PreSaveFile = new java.io.File(((pathPrefix + java.lang.Integer.toString(counter)) + .png)): null

2018-11-08 17:11:10 - [TEST_STEP][PASSED] - Statement - counter = counter + 1: null

2018-11-08 17:11:10 - [TEST_STEP][PASSED] - Statement - PreSaveFile = new java.io.File(((pathPrefix + java.lang.Integer.toString(counter)) + .png)): null

2018-11-08 17:11:10 - [TEST_STEP][PASSED] - Statement - counter = counter + 1: null

2018-11-08 17:11:10 - [TEST_STEP][PASSED] - Statement - PreSaveFile = new java.io.File(((pathPrefix + java.lang.Integer.toString(counter)) + .png)): null

2018-11-08 17:11:10 - [TEST_STEP][PASSED] - Statement - counter = counter + 1: null

2018-11-08 17:11:10 - [TEST_STEP][PASSED] - Statement - PreSaveFile = new java.io.File(((pathPrefix + java.lang.Integer.toString(counter)) + .png)): null

2018-11-08 17:11:10 - [TEST_STEP][PASSED] - Statement - counter = counter + 1: null

2018-11-08 17:11:11 - [TEST_STEP][PASSED] - Statement - PreSaveFile = new java.io.File(((pathPrefix + java.lang.Integer.toString(counter)) + .png)): null

2018-11-08 17:11:11 - [TEST_STEP][PASSED] - Statement - counter = counter + 1: null

2018-11-08 17:11:11 - [TEST_STEP][PASSED] - Statement - PreSaveFile = new java.io.File(((pathPrefix + java.lang.Integer.toString(counter)) + .png)): null

2018-11-08 17:11:11 - [TEST_STEP][PASSED] - Statement - counter = counter + 1: null

2018-11-08 17:11:11 - [TEST_STEP][PASSED] - Statement - PreSaveFile = new java.io.File(((pathPrefix + java.lang.Integer.toString(counter)) + .png)): null

2018-11-08 17:11:11 - [TEST_STEP][PASSED] - Statement - counter = counter + 1: null

2018-11-08 17:11:11 - [TEST_STEP][PASSED] - Statement - PreSaveFile = new java.io.File(((pathPrefix + java.lang.Integer.toString(counter)) + .png)): null

2018-11-08 17:11:11 - [TEST_STEP][PASSED] - Statement - counter = counter + 1: null

2018-11-08 17:11:11 - [TEST_STEP][PASSED] - Statement - PreSaveFile = new java.io.File(((pathPrefix + java.lang.Integer.toString(counter)) + .png)): null

2018-11-08 17:11:11 - [TEST_STEP][PASSED] - Statement - counter = counter + 1: null

2018-11-08 17:11:12 - [TEST_STEP][PASSED] - Statement - PreSaveFile = new java.io.File(((pathPrefix + java.lang.Integer.toString(counter)) + .png)): null

2018-11-08 17:11:12 - [TEST_STEP][PASSED] - Statement - counter = counter + 1: null

2018-11-08 17:11:12 - [TEST_STEP][PASSED] - Statement - PreSaveFile = new java.io.File(((pathPrefix + java.lang.Integer.toString(counter)) + .png)): null

2018-11-08 17:11:12 - [TEST_STEP][PASSED] - Statement - counter = counter + 1: null

2018-11-08 17:11:12 - [TEST_STEP][PASSED] - Statement - PreSaveFile = new java.io.File(((pathPrefix + java.lang.Integer.toString(counter)) + .png)): null

2018-11-08 17:11:12 - [TEST_STEP][PASSED] - Statement - counter = counter + 1: null

2018-11-08 17:11:12 - [TEST_STEP][PASSED] - Statement - PreSaveFile = new java.io.File(((pathPrefix + java.lang.Integer.toString(counter)) + .png)): null

2018-11-08 17:11:12 - [TEST_STEP][PASSED] - Statement - counter = counter + 1: null

2018-11-08 17:11:12 - [TEST_STEP][PASSED] - Statement - PreSaveFile = new java.io.File(((pathPrefix + java.lang.Integer.toString(counter)) + .png)): null

2018-11-08 17:11:12 - [TEST_STEP][PASSED] - Statement - counter = counter + 1: null

2018-11-08 17:11:12 - [TEST_STEP][PASSED] - Statement - PreSaveFile = new java.io.File(((pathPrefix + java.lang.Integer.toString(counter)) + .png)): null

2018-11-08 17:11:12 - [TEST_STEP][PASSED] - Statement - counter = counter + 1: null

2018-11-08 17:11:12 - [TEST_STEP][PASSED] - Statement - PreSaveFile = new java.io.File(((pathPrefix + java.lang.Integer.toString(counter)) + .png)): null

2018-11-08 17:11:12 - [TEST_STEP][PASSED] - Statement - counter = counter + 1: null

2018-11-08 17:11:12 - [TEST_STEP][PASSED] - Statement - PreSaveFile = new java.io.File(((pathPrefix + java.lang.Integer.toString(counter)) + .png)): null

2018-11-08 17:11:12 - [TEST_STEP][PASSED] - Statement - counter = counter + 1: null

2018-11-08 17:11:12 - [TEST_STEP][PASSED] - Statement - PreSaveFile = new java.io.File(((pathPrefix + java.lang.Integer.toString(counter)) + .png)): null

2018-11-08 17:11:12 - [TEST_STEP][PASSED] - Statement - counter = counter + 1: null

2018-11-08 17:11:12 - [TEST_STEP][PASSED] - Statement - PreSaveFile = new java.io.File(((pathPrefix + java.lang.Integer.toString(counter)) + .png)): null

2018-11-08 17:11:12 - [TEST_STEP][PASSED] - Statement - counter = counter + 1: null

2018-11-08 17:11:12 - [TEST_STEP][PASSED] - Statement - PreSaveFile = new java.io.File(((pathPrefix + java.lang.Integer.toString(counter)) + .png)): null

2018-11-08 17:11:13 - [TEST_STEP][PASSED] - Statement - counter = counter + 1: null

2018-11-08 17:11:13 - [TEST_STEP][PASSED] - Statement - PreSaveFile = new java.io.File(((pathPrefix + java.lang.Integer.toString(counter)) + .png)): null

2018-11-08 17:11:13 - [TEST_STEP][PASSED] - Statement - counter = counter + 1: null

2018-11-08 17:11:13 - [TEST_STEP][PASSED] - Statement - PreSaveFile = new java.io.File(((pathPrefix + java.lang.Integer.toString(counter)) + .png)): null

2018-11-08 17:11:13 - [TEST_STEP][PASSED] - Statement - counter = counter + 1: null

2018-11-08 17:11:13 - [TEST_STEP][PASSED] - Statement - PreSaveFile = new java.io.File(((pathPrefix + java.lang.Integer.toString(counter)) + .png)): null

2018-11-08 17:11:13 - [TEST_STEP][PASSED] - Statement - counter = counter + 1: null

2018-11-08 17:11:13 - [TEST_STEP][PASSED] - Statement - PreSaveFile = new java.io.File(((pathPrefix + java.lang.Integer.toString(counter)) + .png)): null

2018-11-08 17:11:13 - [TEST_STEP][PASSED] - Statement - counter = counter + 1: null

2018-11-08 17:11:13 - [TEST_STEP][PASSED] - Statement - PreSaveFile = new java.io.File(((pathPrefix + java.lang.Integer.toString(counter)) + .png)): null

2018-11-08 17:11:13 - [TEST_STEP][PASSED] - Statement - counter = counter + 1: null

2018-11-08 17:11:14 - [TEST_STEP][PASSED] - Statement - PreSaveFile = new java.io.File(((pathPrefix + java.lang.Integer.toString(counter)) + .png)): null

2018-11-08 17:11:14 - [TEST_STEP][PASSED] - Statement - counter = counter + 1: null

2018-11-08 17:11:14 - [TEST_STEP][PASSED] - Statement - PreSaveFile = new java.io.File(((pathPrefix + java.lang.Integer.toString(counter)) + .png)): null

2018-11-08 17:11:14 - [TEST_STEP][PASSED] - Statement - counter = counter + 1: null

2018-11-08 17:11:14 - [TEST_STEP][PASSED] - Statement - PreSaveFile = new java.io.File(((pathPrefix + java.lang.Integer.toString(counter)) + .png)): null

2018-11-08 17:11:14 - [TEST_STEP][PASSED] - Statement - counter = counter + 1: null

2018-11-08 17:11:14 - [TEST_STEP][PASSED] - Statement - PreSaveFile = new java.io.File(((pathPrefix + java.lang.Integer.toString(counter)) + .png)): null

2018-11-08 17:11:14 - [TEST_STEP][PASSED] - Statement - counter = counter + 1: null

2018-11-08 17:11:14 - [TEST_STEP][PASSED] - Statement - PreSaveFile = new java.io.File(((pathPrefix + java.lang.Integer.toString(counter)) + .png)): null

2018-11-08 17:11:14 - [TEST_STEP][PASSED] - Statement - counter = counter + 1: null

2018-11-08 17:11:15 - [TEST_STEP][PASSED] - Statement - PreSaveFile = new java.io.File(((pathPrefix + java.lang.Integer.toString(counter)) + .png)): null

2018-11-08 17:11:15 - [TEST_STEP][PASSED] - Statement - counter = counter + 1: null

2018-11-08 17:11:15 - [TEST_STEP][PASSED] - Statement - PreSaveFile = new java.io.File(((pathPrefix + java.lang.Integer.toString(counter)) + .png)): null

2018-11-08 17:11:15 - [TEST_STEP][PASSED] - Statement - counter = counter + 1: null

2018-11-08 17:11:15 - [TEST_STEP][PASSED] - Statement - PreSaveFile = new java.io.File(((pathPrefix + java.lang.Integer.toString(counter)) + .png)): null

2018-11-08 17:11:15 - [TEST_STEP][PASSED] - Statement - counter = counter + 1: null

2018-11-08 17:11:15 - [TEST_STEP][PASSED] - Statement - PreSaveFile = new java.io.File(((pathPrefix + java.lang.Integer.toString(counter)) + .png)): null

2018-11-08 17:11:15 - [TEST_STEP][PASSED] - Statement - counter = counter + 1: null

2018-11-08 17:11:15 - [TEST_STEP][PASSED] - Statement - PreSaveFile = new java.io.File(((pathPrefix + java.lang.Integer.toString(counter)) + .png)): null

2018-11-08 17:11:15 - [TEST_STEP][PASSED] - Statement - counter = counter + 1: null

2018-11-08 17:11:16 - [TEST_STEP][PASSED] - Statement - PreSaveFile = new java.io.File(((pathPrefix + java.lang.Integer.toString(counter)) + .png)): null

2018-11-08 17:11:16 - [TEST_STEP][PASSED] - Statement - counter = counter + 1: null

2018-11-08 17:11:16 - [TEST_STEP][PASSED] - Statement - PreSaveFile = new java.io.File(((pathPrefix + java.lang.Integer.toString(counter)) + .png)): null

2018-11-08 17:11:16 - [TEST_STEP][PASSED] - Statement - counter = counter + 1: null

2018-11-08 17:11:16 - [TEST_STEP][PASSED] - Statement - PreSaveFile = new java.io.File(((pathPrefix + java.lang.Integer.toString(counter)) + .png)): null

2018-11-08 17:11:16 - [TEST_STEP][PASSED] - Statement - counter = counter + 1: null

2018-11-08 17:11:16 - [TEST_STEP][PASSED] - Statement - PreSaveFile = new java.io.File(((pathPrefix + java.lang.Integer.toString(counter)) + .png)): null

2018-11-08 17:11:16 - [TEST_STEP][PASSED] - Statement - counter = counter + 1: null

2018-11-08 17:11:16 - [TEST_STEP][PASSED] - Statement - PreSaveFile = new java.io.File(((pathPrefix + java.lang.Integer.toString(counter)) + .png)): null

2018-11-08 17:11:16 - [TEST_STEP][PASSED] - Statement - counter = counter + 1: null

2018-11-08 17:11:17 - [TEST_STEP][PASSED] - Statement - PreSaveFile = new java.io.File(((pathPrefix + java.lang.Integer.toString(counter)) + .png)): null

2018-11-08 17:11:17 - [TEST_STEP][PASSED] - Statement - counter = counter + 1: null

2018-11-08 17:11:17 - [TEST_STEP][PASSED] - Statement - PreSaveFile = new java.io.File(((pathPrefix + java.lang.Integer.toString(counter)) + .png)): null

2018-11-08 17:11:17 - [TEST_STEP][PASSED] - Statement - counter = counter + 1: null

2018-11-08 17:11:17 - [TEST_STEP][PASSED] - Statement - PreSaveFile = new java.io.File(((pathPrefix + java.lang.Integer.toString(counter)) + .png)): null

2018-11-08 17:11:17 - [TEST_STEP][PASSED] - Statement - counter = counter + 1: null

2018-11-08 17:11:17 - [TEST_STEP][PASSED] - Statement - PreSaveFile = new java.io.File(((pathPrefix + java.lang.Integer.toString(counter)) + .png)): null

2018-11-08 17:11:17 - [TEST_STEP][PASSED] - Statement - counter = counter + 1: null

2018-11-08 17:11:17 - [TEST_STEP][PASSED] - Statement - PreSaveFile = new java.io.File(((pathPrefix + java.lang.Integer.toString(counter)) + .png)): null

2018-11-08 17:11:17 - [TEST_STEP][PASSED] - Statement - counter = counter + 1: null

2018-11-08 17:11:18 - [TEST_STEP][PASSED] - Statement - PreSaveFile = new java.io.File(((pathPrefix + java.lang.Integer.toString(counter)) + .png)): null

2018-11-08 17:11:18 - [TEST_STEP][PASSED] - Statement - counter = counter + 1: null

2018-11-08 17:11:18 - [TEST_STEP][PASSED] - Statement - PreSaveFile = new java.io.File(((pathPrefix + java.lang.Integer.toString(counter)) + .png)): null

2018-11-08 17:11:18 - [TEST_STEP][PASSED] - Statement - counter = counter + 1: null

2018-11-08 17:11:18 - [TEST_STEP][PASSED] - Statement - PreSaveFile = new java.io.File(((pathPrefix + java.lang.Integer.toString(counter)) + .png)): null

2018-11-08 17:11:18 - [TEST_STEP][PASSED] - Statement - counter = counter + 1: null

2018-11-08 17:11:18 - [TEST_STEP][PASSED] - Statement - PreSaveFile = new java.io.File(((pathPrefix + java.lang.Integer.toString(counter)) + .png)): null

2018-11-08 17:11:18 - [TEST_STEP][PASSED] - Statement - counter = counter + 1: null

2018-11-08 17:11:18 - [TEST_STEP][PASSED] - Statement - PreSaveFile = new java.io.File(((pathPrefix + java.lang.Integer.toString(counter)) + .png)): null

2018-11-08 17:11:18 - [TEST_STEP][PASSED] - Statement - counter = counter + 1: null

2018-11-08 17:11:18 - [TEST_STEP][PASSED] - Statement - PreSaveFile = new java.io.File(((pathPrefix + java.lang.Integer.toString(counter)) + .png)): null

2018-11-08 17:11:18 - [TEST_STEP][PASSED] - Statement - counter = counter + 1: null

2018-11-08 17:11:19 - [TEST_STEP][PASSED] - Statement - PreSaveFile = new java.io.File(((pathPrefix + java.lang.Integer.toString(counter)) + .png)): null

2018-11-08 17:11:19 - [TEST_STEP][PASSED] - Statement - counter = counter + 1: null

2018-11-08 17:11:19 - [TEST_STEP][PASSED] - Statement - PreSaveFile = new java.io.File(((pathPrefix + java.lang.Integer.toString(counter)) + .png)): null

2018-11-08 17:11:19 - [TEST_STEP][PASSED] - Statement - counter = counter + 1: null

2018-11-08 17:11:19 - [TEST_STEP][PASSED] - Statement - PreSaveFile = new java.io.File(((pathPrefix + java.lang.Integer.toString(counter)) + .png)): null

2018-11-08 17:11:19 - [TEST_STEP][PASSED] - Statement - counter = counter + 1: null

2018-11-08 17:11:19 - [TEST_STEP][PASSED] - Statement - PreSaveFile = new java.io.File(((pathPrefix + java.lang.Integer.toString(counter)) + .png)): null

2018-11-08 17:11:19 - [TEST_STEP][PASSED] - Statement - counter = counter + 1: null

2018-11-08 17:11:19 - [TEST_STEP][PASSED] - Statement - PreSaveFile = new java.io.File(((pathPrefix + java.lang.Integer.toString(counter)) + .png)): null

2018-11-08 17:11:21 - [TEST_STEP][PASSED] - Statement - counter = counter + 1: null

2018-11-08 17:11:21 - [TEST_STEP][PASSED] - Statement - PreSaveFile = new java.io.File(((pathPrefix + java.lang.Integer.toString(counter)) + .png)): null

2018-11-08 17:11:21 - [TEST_STEP][PASSED] - Statement - counter = counter + 1: null

2018-11-08 17:11:21 - [TEST_STEP][PASSED] - Statement - PreSaveFile = new java.io.File(((pathPrefix + java.lang.Integer.toString(counter)) + .png)): null

2018-11-08 17:11:21 - [TEST_STEP][PASSED] - Statement - counter = counter + 1: null

2018-11-08 17:11:21 - [TEST_STEP][PASSED] - Statement - PreSaveFile = new java.io.File(((pathPrefix + java.lang.Integer.toString(counter)) + .png)): null

2018-11-08 17:11:21 - [TEST_STEP][PASSED] - Statement - counter = counter + 1: null

2018-11-08 17:11:21 - [TEST_STEP][PASSED] - Statement - PreSaveFile = new java.io.File(((pathPrefix + java.lang.Integer.toString(counter)) + .png)): null

2018-11-08 17:11:21 - [TEST_STEP][PASSED] - Statement - finalPath = pathPrefix + java.lang.Integer.toString(counter) + ".png": null

2018-11-08 17:11:21 - [TEST_STEP][PASSED] - Statement - SaveFile = new java.io.File(finalPath): null

2018-11-08 17:11:21 - [TEST_STEP][PASSED] - Statement - Try: null

2018-11-08 17:11:21 - [TEST_STEP][PASSED] - Statement - org.apache.commons.io.FileUtils.copyFile(scrFile, SaveFile): null

2018-11-08 17:11:21 - [TEST_STEP][PASSED] - Statement - out.println("file kept"): null

2018-11-08 17:11:21 - [TEST_STEP][PASSED] - delay: Delayed 10 second(s)

2018-11-08 17:11:31 - [MESSAGE][PASSED] - Delayed 10 second(s)

2018-11-08 17:11:31 - [MESSAGE][PASSED] - Call Test Case 'Test Cases/Final Aug 2018 - PKS Automation/Registration Module/New Registration/Submit and Screenshot/Submit Registration and Screenshot' successfully

2018-11-08 17:11:31 - [TEST_STEP][PASSED] - callTestCase: Call Test Case 'Test Cases/Final Aug 2018 - PKS Automation/Registration Module/Log Out/log out avoiding katalon tagging' successfully

2018-11-08 17:11:31 - [TEST_CASE][PASSED] - Test Cases/Final Aug 2018 - PKS Automation/Registration Module/Log Out/log out avoiding katalon tagging: Test Cases/Final Aug 2018 - PKS Automation/Registration Module/Log Out/log out avoiding katalon tagging

2018-11-08 17:11:31 - [TEST_STEP][PASSED] - navigateToUrl: Navigate to 'https://assist2-uat.perkeso.gov.my/c/portal/logout' successfully

2018-11-08 17:11:32 - [MESSAGE][PASSED] - Navigate to 'https://assist2-uat.perkeso.gov.my/c/portal/logout' successfully

2018-11-08 17:11:32 - [MESSAGE][PASSED] - Call Test Case 'Test Cases/Final Aug 2018 - PKS Automation/Registration Module/Log Out/log out avoiding katalon tagging' successfully

2018-11-08 17:11:32 - [TEST_STEP][PASSED] - callTestCase: Call Test Case 'Test Cases/Final Aug 2018 - PKS Automation/Common/Workflow Owner Finder' successfully

2018-11-08 17:11:32 - [TEST_CASE][PASSED] - Test Cases/Final Aug 2018 - PKS Automation/Common/Workflow Owner Finder: Test Cases/Final Aug 2018 - PKS Automation/Common/Workflow Owner Finder

2018-11-08 17:11:32 - [TEST_STEP][PASSED] - openBrowser: Browser is opened with url: ''

2018-11-08 17:11:32 - [MESSAGE][WARNING] - A browser is already opened. Closing browser and opening a new one

2018-11-08 17:11:37 - [MESSAGE][PASSED] - Browser is opened with url: ''

2018-11-08 17:11:37 - [TEST_STEP][PASSED] - navigateToUrl: Navigate to 'https://assist2-uat.perkeso.gov.my/login' successfully

2018-11-08 17:11:46 - [MESSAGE][PASSED] - Navigate to 'https://assist2-uat.perkeso.gov.my/login' successfully

2018-11-08 17:11:46 - [TEST_STEP][PASSED] - delay: Delayed 5 second(s)

2018-11-08 17:11:51 - [MESSAGE][PASSED] - Delayed 5 second(s)

2018-11-08 17:11:51 - [TEST_STEP][PASSED] - setText: Text 'test@liferay.com' is set on object 'Object Repository/Final Object Repo/Login Page/Internal User/Email Address'

2018-11-08 17:11:51 - [MESSAGE][PASSED] - Text 'test@liferay.com' is set on object 'Object Repository/Final Object Repo/Login Page/Internal User/Email Address'

2018-11-08 17:11:51 - [TEST_STEP][PASSED] - click: Object: 'Object Repository/Final Object Repo/Login Page/Internal User/Next Button' is clicked on

2018-11-08 17:11:51 - [MESSAGE][PASSED] - Object: 'Object Repository/Final Object Repo/Login Page/Internal User/Next Button' is clicked on

2018-11-08 17:11:51 - [TEST_STEP][PASSED] - delay: Delayed 2 second(s)

2018-11-08 17:11:53 - [MESSAGE][PASSED] - Delayed 2 second(s)

2018-11-08 17:11:53 - [TEST_STEP][PASSED] - setText: Text 'test' is set on object 'Object Repository/Final Object Repo/Login Page/Internal User/Password'

2018-11-08 17:11:53 - [MESSAGE][PASSED] - Text 'test' is set on object 'Object Repository/Final Object Repo/Login Page/Internal User/Password'

2018-11-08 17:11:53 - [TEST_STEP][PASSED] - delay: Delayed 2 second(s)

2018-11-08 17:11:55 - [MESSAGE][PASSED] - Delayed 2 second(s)

2018-11-08 17:11:55 - [TEST_STEP][PASSED] - click: Object: 'Object Repository/Final Object Repo/Login Page/Internal User/Login Button' is clicked on

2018-11-08 17:11:59 - [MESSAGE][PASSED] - Object: 'Object Repository/Final Object Repo/Login Page/Internal User/Login Button' is clicked on

2018-11-08 17:11:59 - [TEST_STEP][PASSED] - Statement - Try: Delayed 2 second(s)

2018-11-08 17:11:59 - [TEST_STEP][PASSED] - Statement - Checker = false: null

2018-11-08 17:11:59 - [TEST_STEP][PASSED] - Statement - Checker = com.kms.katalon.core.webui.keyword.WebUiBuiltInKeywords.verifyElementHasAttribute(com.kms.katalon.core.testobject.ObjectRepository.findTestObject(Final Object Repo/Landing Page/BM Detecting), "href", 20, OPTIONAL): Object 'Object Repository/Final Object Repo/Landing Page/BM Detecting' has attribute 'href'

2018-11-08 17:11:59 - [MESSAGE][PASSED] - Object 'Object Repository/Final Object Repo/Landing Page/BM Detecting' has attribute 'href'

2018-11-08 17:11:59 - [TEST_STEP][PASSED] - Statement - out.println(Checker): null

2018-11-08 17:11:59 - [TEST_STEP][PASSED] - Statement - If (Checker == false): null

2018-11-08 17:11:59 - [TEST_STEP][PASSED] - Statement - Else: null

2018-11-08 17:11:59 - [TEST_STEP][PASSED] - delay: Delayed 2 second(s)

2018-11-08 17:12:01 - [MESSAGE][PASSED] - Delayed 2 second(s)

2018-11-08 17:12:01 - [TEST_STEP][PASSED] - delay: Delayed 3 second(s)

2018-11-08 17:12:04 - [MESSAGE][PASSED] - Delayed 3 second(s)

2018-11-08 17:12:04 - [TEST_STEP][PASSED] - mouseOver: Object: 'Object Repository/Final Object Repo/Landing Page/WorkFlow Menu' is hovered

2018-11-08 17:12:04 - [MESSAGE][PASSED] - Object: 'Object Repository/Final Object Repo/Landing Page/WorkFlow Menu' is hovered

2018-11-08 17:12:04 - [TEST_STEP][PASSED] - delay: Delayed 2 second(s)

2018-11-08 17:12:06 - [MESSAGE][PASSED] - Delayed 2 second(s)

2018-11-08 17:12:06 - [TEST_STEP][PASSED] - click: Object: 'Object Repository/Final Object Repo/Landing Page/Select to Workflow Listing' is clicked on

2018-11-08 17:12:08 - [MESSAGE][PASSED] - Object: 'Object Repository/Final Object Repo/Landing Page/Select to Workflow Listing' is clicked on

2018-11-08 17:12:08 - [TEST_STEP][PASSED] - delay: Delayed 2 second(s)

2018-11-08 17:12:10 - [MESSAGE][PASSED] - Delayed 2 second(s)

2018-11-08 17:12:10 - [TEST_STEP][PASSED] - click: Object: 'Object Repository/Final Object Repo/WorkFlow Listing Page/Search Information - To Put Ref No' is clicked on

2018-11-08 17:12:10 - [MESSAGE][PASSED] - Object: 'Object Repository/Final Object Repo/WorkFlow Listing Page/Search Information - To Put Ref No' is clicked on

2018-11-08 17:12:10 - [TEST_STEP][PASSED] - delay: Delayed 2 second(s)

2018-11-08 17:12:12 - [MESSAGE][PASSED] - Delayed 2 second(s)

2018-11-08 17:12:12 - [TEST_STEP][PASSED] - callTestCase: Call Test Case 'Test Cases/Final Aug 2018 - PKS Automation/Common/Reference Number Getter' successfully

2018-11-08 17:12:12 - [TEST_CASE][PASSED] - Test Cases/Final Aug 2018 - PKS Automation/Common/Reference Number Getter: Test Cases/Final Aug 2018 - PKS Automation/Common/Reference Number Getter

2018-11-08 17:12:12 - [TEST_STEP][PASSED] - Statement - Try: null

2018-11-08 17:12:12 - [TEST_STEP][PASSED] - Statement - RefNo = new java.io.File(C://KatalonReference.txt): null

2018-11-08 17:12:12 - [TEST_STEP][PASSED] - Statement - bufferread = new java.io.BufferedReader(new java.io.FileReader(RefNo)): null

2018-11-08 17:12:12 - [TEST_STEP][PASSED] - Statement - readedVal = bufferread.readLine(): null

2018-11-08 17:12:12 - [TEST_STEP][PASSED] - Statement - out.println(CaseReferenceNo): null

2018-11-08 17:12:12 - [TEST_STEP][PASSED] - Statement - out.println(readedVal): null

2018-11-08 17:12:12 - [TEST_STEP][PASSED] - Statement - CaseReferenceNo = readedVal: null

2018-11-08 17:12:12 - [MESSAGE][PASSED] - Call Test Case 'Test Cases/Final Aug 2018 - PKS Automation/Common/Reference Number Getter' successfully

2018-11-08 17:12:12 - [TEST_STEP][PASSED] - setText: Text 'CRN11201800122430' is set on object 'Object Repository/Final Object Repo/WorkFlow Listing Page/Ref No Set Text'

2018-11-08 17:12:12 - [MESSAGE][PASSED] - Text 'CRN11201800122430' is set on object 'Object Repository/Final Object Repo/WorkFlow Listing Page/Ref No Set Text'

2018-11-08 17:12:12 - [TEST_STEP][PASSED] - delay: Delayed 2 second(s)

2018-11-08 17:12:14 - [MESSAGE][PASSED] - Delayed 2 second(s)

2018-11-08 17:12:14 - [TEST_STEP][PASSED] - click: Object: 'Object Repository/Final Object Repo/WorkFlow Listing Page/Search Ref No Search Button' is clicked on

2018-11-08 17:12:17 - [MESSAGE][PASSED] - Object: 'Object Repository/Final Object Repo/WorkFlow Listing Page/Search Ref No Search Button' is clicked on

2018-11-08 17:12:17 - [TEST_STEP][PASSED] - delay: Delayed 4 second(s)

2018-11-08 17:12:21 - [MESSAGE][PASSED] - Delayed 4 second(s)

2018-11-08 17:12:21 - [TEST_STEP][PASSED] - click: Object: 'Object Repository/Final Object Repo/WorkFlow Listing Page/Click Continue Tooltip' is clicked on

2018-11-08 17:12:23 - [MESSAGE][PASSED] - Object: 'Object Repository/Final Object Repo/WorkFlow Listing Page/Click Continue Tooltip' is clicked on

2018-11-08 17:12:23 - [TEST_STEP][PASSED] - delay: Delayed 5 second(s)

2018-11-08 17:12:28 - [MESSAGE][PASSED] - Delayed 5 second(s)

2018-11-08 17:12:28 - [TEST_STEP][PASSED] - doubleClick: Object: 'Object Repository/Final Object Repo/WorkFlow Listing Page/Workflow Found - Listing 1' is double clicked on

2018-11-08 17:12:28 - [MESSAGE][PASSED] - Object: 'Object Repository/Final Object Repo/WorkFlow Listing Page/Workflow Found - Listing 1' is double clicked on

2018-11-08 17:12:28 - [TEST_STEP][PASSED] - Statement - println(OwnerID): null

2018-11-08 17:12:28 - [TEST_STEP][PASSED] - Statement - OwnerID = com.kms.katalon.core.webui.keyword.WebUiBuiltInKeywords.getText(com.kms.katalon.core.testobject.ObjectRepository.findTestObject(Final Object Repo/WorkFlow Listing Page/Workflow Found - Listing 1), STOP_ON_FAILURE): Text of object 'Object Repository/Final Object Repo/WorkFlow Listing Page/Workflow Found - Listing 1' is: 'KLpkrbo3'

2018-11-08 17:12:28 - [MESSAGE][PASSED] - Text of object 'Object Repository/Final Object Repo/WorkFlow Listing Page/Workflow Found - Listing 1' is: 'KLpkrbo3'

2018-11-08 17:12:28 - [TEST_STEP][PASSED] - Statement - OwnerID = OwnerID.toLowerCase() + "@gmail.com": null

2018-11-08 17:12:28 - [TEST_STEP][PASSED] - Statement - println(OwnerID): null

2018-11-08 17:12:28 - [TEST_STEP][PASSED] - delay: Delayed 2 second(s)

2018-11-08 17:12:30 - [MESSAGE][PASSED] - Delayed 2 second(s)

2018-11-08 17:12:30 - [MESSAGE][PASSED] - Call Test Case 'Test Cases/Final Aug 2018 - PKS Automation/Common/Workflow Owner Finder' successfully

2018-11-08 17:12:30 - [TEST_STEP][PASSED] - callTestCase: Call Test Case 'Test Cases/Final Aug 2018 - PKS Automation/Registration Module/Log Out/log out avoiding katalon tagging' successfully

2018-11-08 17:12:30 - [TEST_CASE][PASSED] - Test Cases/Final Aug 2018 - PKS Automation/Registration Module/Log Out/log out avoiding katalon tagging: Test Cases/Final Aug 2018 - PKS Automation/Registration Module/Log Out/log out avoiding katalon tagging

2018-11-08 17:12:30 - [TEST_STEP][PASSED] - navigateToUrl: Navigate to 'https://assist2-uat.perkeso.gov.my/c/portal/logout' successfully

2018-11-08 17:12:32 - [MESSAGE][PASSED] - Navigate to 'https://assist2-uat.perkeso.gov.my/c/portal/logout' successfully

2018-11-08 17:12:32 - [MESSAGE][PASSED] - Call Test Case 'Test Cases/Final Aug 2018 - PKS Automation/Registration Module/Log Out/log out avoiding katalon tagging' successfully

2018-11-08 17:12:32 - [TEST_STEP][PASSED] - delay: Delayed 2 second(s)

2018-11-08 17:12:34 - [MESSAGE][PASSED] - Delayed 2 second(s)

2018-11-08 17:12:34 - [TEST_STEP][PASSED] - setText: Text 'klpkrbo3@gmail.com' is set on object 'Object Repository/Final Object Repo/New Registration - Registration Module Pages/New Reg - OTC to RO/Special Case - All Related Objects/Email TextBox'

2018-11-08 17:12:34 - [MESSAGE][PASSED] - Text 'klpkrbo3@gmail.com' is set on object 'Object Repository/Final Object Repo/New Registration - Registration Module Pages/New Reg - OTC to RO/Special Case - All Related Objects/Email TextBox'

2018-11-08 17:12:34 - [TEST_STEP][PASSED] - click: Object: 'Object Repository/Final Object Repo/New Registration - Registration Module Pages/New Reg - OTC to RO/Special Case - All Related Objects/Next Button' is clicked on

2018-11-08 17:12:34 - [MESSAGE][PASSED] - Object: 'Object Repository/Final Object Repo/New Registration - Registration Module Pages/New Reg - OTC to RO/Special Case - All Related Objects/Next Button' is clicked on

2018-11-08 17:12:34 - [TEST_STEP][PASSED] - delay: Delayed 2 second(s)

2018-11-08 17:12:36 - [MESSAGE][PASSED] - Delayed 2 second(s)

2018-11-08 17:12:36 - [TEST_STEP][PASSED] - setText: Text 'Test1@3456789' is set on object 'Object Repository/Final Object Repo/New Registration - Registration Module Pages/New Reg - OTC to RO/Special Case - All Related Objects/Password TextBox'

2018-11-08 17:12:37 - [MESSAGE][PASSED] - Text 'Test1@3456789' is set on object 'Object Repository/Final Object Repo/New Registration - Registration Module Pages/New Reg - OTC to RO/Special Case - All Related Objects/Password TextBox'

2018-11-08 17:12:37 - [TEST_STEP][PASSED] - delay: Delayed 2 second(s)

2018-11-08 17:12:39 - [MESSAGE][PASSED] - Delayed 2 second(s)

2018-11-08 17:12:39 - [TEST_STEP][PASSED] - click: Object: 'Object Repository/Final Object Repo/New Registration - Registration Module Pages/New Reg - OTC to RO/Special Case - All Related Objects/Login Button' is clicked on

2018-11-08 17:12:42 - [MESSAGE][PASSED] - Object: 'Object Repository/Final Object Repo/New Registration - Registration Module Pages/New Reg - OTC to RO/Special Case - All Related Objects/Login Button' is clicked on

2018-11-08 17:12:42 - [TEST_STEP][PASSED] - delay: Delayed 2 second(s)

2018-11-08 17:12:44 - [MESSAGE][PASSED] - Delayed 2 second(s)

2018-11-08 17:12:44 - [TEST_STEP][PASSED] - Statement - Try: null

2018-11-08 17:12:44 - [TEST_STEP][PASSED] - Statement - Checker = com.kms.katalon.core.webui.keyword.WebUiBuiltInKeywords.verifyElementNotPresent("Final Object Repo/Landing Page/Select to English", 3): null

2018-11-08 17:12:44 - [TEST_STEP][PASSED] - Statement - Catch (Exception e): null

2018-11-08 17:12:44 - [TEST_STEP][PASSED] - Statement - e.printStackTrace(): null

2018-11-08 17:12:44 - [TEST_STEP][PASSED] - click: Object: 'Object Repository/Final Object Repo/New Registration - Registration Module Pages/New Reg - OTC to RO/Special Case - All Related Objects/Expand to Search' is clicked on

2018-11-08 17:12:44 - [MESSAGE][PASSED] - Object: 'Object Repository/Final Object Repo/New Registration - Registration Module Pages/New Reg - OTC to RO/Special Case - All Related Objects/Expand to Search' is clicked on

2018-11-08 17:12:44 - [TEST_STEP][PASSED] - setText: Text 'CRN11201800122430' is set on object 'Object Repository/Final Object Repo/New Registration - Registration Module Pages/New Reg - OTC to RO/Special Case - All Related Objects/TextBox RefNo in Workbasket'

2018-11-08 17:12:44 - [MESSAGE][PASSED] - Text 'CRN11201800122430' is set on object 'Object Repository/Final Object Repo/New Registration - Registration Module Pages/New Reg - OTC to RO/Special Case - All Related Objects/TextBox RefNo in Workbasket'

2018-11-08 17:12:44 - [TEST_STEP][PASSED] - delay: Delayed 2 second(s)

2018-11-08 17:12:46 - [MESSAGE][PASSED] - Delayed 2 second(s)

2018-11-08 17:12:46 - [TEST_STEP][PASSED] - click: Object: 'Object Repository/Final Object Repo/New Registration - Registration Module Pages/New Reg - OTC to RO/Special Case - All Related Objects/Click Search' is clicked on

2018-11-08 17:12:48 - [MESSAGE][PASSED] - Object: 'Object Repository/Final Object Repo/New Registration - Registration Module Pages/New Reg - OTC to RO/Special Case - All Related Objects/Click Search' is clicked on

2018-11-08 17:12:48 - [TEST_STEP][PASSED] - click: Object: 'Object Repository/Final Object Repo/New Registration - Registration Module Pages/New Reg - OTC to RO/Special Case - All Related Objects/Click to Continue Workflow' is clicked on

2018-11-08 17:12:52 - [MESSAGE][PASSED] - Object: 'Object Repository/Final Object Repo/New Registration - Registration Module Pages/New Reg - OTC to RO/Special Case - All Related Objects/Click to Continue Workflow' is clicked on

2018-11-08 17:12:52 - [TEST_STEP][PASSED] - delay: Delayed 2 second(s)

2018-11-08 17:12:54 - [MESSAGE][PASSED] - Delayed 2 second(s)

2018-11-08 17:12:54 - [TEST_STEP][PASSED] - click: Object: 'Object Repository/Final Object Repo/New Registration - Registration Module Pages/New Reg - OTC to RO/Special Case - All Related Objects/Form 1 Save n Continue' is clicked on

2018-11-08 17:12:54 - [MESSAGE][PASSED] - Object: 'Object Repository/Final Object Repo/New Registration - Registration Module Pages/New Reg - OTC to RO/Special Case - All Related Objects/Form 1 Save n Continue' is clicked on

2018-11-08 17:12:54 - [TEST_STEP][PASSED] - delay: Delayed 5 second(s)

2018-11-08 17:12:59 - [MESSAGE][PASSED] - Delayed 5 second(s)

2018-11-08 17:12:59 - [TEST_STEP][PASSED] - click: Object: 'Object Repository/Final Object Repo/New Registration - Registration Module Pages/New Reg - OTC to RO/Special Case - OTC - Form 1/Confirm No Flagging as Branch' is clicked on

2018-11-08 17:13:02 - [MESSAGE][PASSED] - Object: 'Object Repository/Final Object Repo/New Registration - Registration Module Pages/New Reg - OTC to RO/Special Case - OTC - Form 1/Confirm No Flagging as Branch' is clicked on

2018-11-08 17:13:02 - [TEST_STEP][PASSED] - delay: Delayed 2 second(s)

2018-11-08 17:13:04 - [MESSAGE][PASSED] - Delayed 2 second(s)

2018-11-08 17:13:04 - [TEST_STEP][PASSED] - click: Object: 'Object Repository/Final Object Repo/New Registration - Registration Module Pages/New Reg - OTC to RO/Special Case - All Related Objects/Form 2 Save n Continue' is clicked on

2018-11-08 17:13:06 - [MESSAGE][PASSED] - Object: 'Object Repository/Final Object Repo/New Registration - Registration Module Pages/New Reg - OTC to RO/Special Case - All Related Objects/Form 2 Save n Continue' is clicked on

2018-11-08 17:13:06 - [TEST_STEP][PASSED] - delay: Delayed 2 second(s)

2018-11-08 17:13:08 - [MESSAGE][PASSED] - Delayed 2 second(s)

2018-11-08 17:13:08 - [TEST_STEP][PASSED] - click: Object: 'Object Repository/Final Object Repo/New Registration - Registration Module Pages/New Reg - OTC to RO/Special Case - All Related Objects/Third Screen Save n Continue' is clicked on

2018-11-08 17:13:15 - [MESSAGE][PASSED] - Object: 'Object Repository/Final Object Repo/New Registration - Registration Module Pages/New Reg - OTC to RO/Special Case - All Related Objects/Third Screen Save n Continue' is clicked on

2018-11-08 17:13:15 - [TEST_STEP][PASSED] - delay: Delayed 5 second(s)

2018-11-08 17:13:20 - [MESSAGE][PASSED] - Delayed 5 second(s)

2018-11-08 17:13:20 - [TEST_STEP][PASSED] - click: Object: 'Object Repository/Final Object Repo/New Registration - Registration Module Pages/New Reg - OTC to RO/Special Case - All Related Objects/Upload Doc Page Save n Continue' is clicked on

2018-11-08 17:13:20 - [MESSAGE][PASSED] - Object: 'Object Repository/Final Object Repo/New Registration - Registration Module Pages/New Reg - OTC to RO/Special Case - All Related Objects/Upload Doc Page Save n Continue' is clicked on

2018-11-08 17:13:20 - [TEST_STEP][PASSED] - callTestCase: Call Test Case 'Test Cases/Final Aug 2018 - PKS Automation/Registration Module/New Registration/Submit and Screenshot/Submit Registration and Screenshot' successfully

2018-11-08 17:13:20 - [TEST_CASE][PASSED] - Test Cases/Final Aug 2018 - PKS Automation/Registration Module/New Registration/Submit and Screenshot/Submit Registration and Screenshot: Test Cases/Final Aug 2018 - PKS Automation/Registration Module/New Registration/Submit and Screenshot/Submit Registration and Screenshot

2018-11-08 17:13:20 - [TEST_STEP][PASSED] - delay: Delayed 6 second(s)

2018-11-08 17:13:26 - [MESSAGE][PASSED] - Delayed 6 second(s)

2018-11-08 17:13:26 - [TEST_STEP][PASSED] - click: Object: 'Object Repository/Final Object Repo/New Registration - Registration Module Pages/Third Screen - Upload Supporting Doc- Preview/Preview Submit Button' is clicked on

2018-11-08 17:13:27 - [MESSAGE][PASSED] - Object: 'Object Repository/Final Object Repo/New Registration - Registration Module Pages/Third Screen - Upload Supporting Doc- Preview/Preview Submit Button' is clicked on

2018-11-08 17:13:27 - [TEST_STEP][PASSED] - delay: Delayed 2 second(s)

2018-11-08 17:13:29 - [MESSAGE][PASSED] - Delayed 2 second(s)

2018-11-08 17:13:29 - [TEST_STEP][PASSED] - click: Object: 'Object Repository/Final Object Repo/New Registration - Registration Module Pages/Third Screen - Upload Supporting Doc- Preview/Preview Submit - Confirm' is clicked on

2018-11-08 17:13:29 - [MESSAGE][PASSED] - Object: 'Object Repository/Final Object Repo/New Registration - Registration Module Pages/Third Screen - Upload Supporting Doc- Preview/Preview Submit - Confirm' is clicked on

2018-11-08 17:13:29 - [TEST_STEP][PASSED] - delay: Delayed 15 second(s)

2018-11-08 17:13:44 - [MESSAGE][PASSED] - Delayed 15 second(s)

2018-11-08 17:13:44 - [TEST_STEP][PASSED] - Statement - driver = com.kms.katalon.core.webui.driver.DriverFactory.getWebDriver(): null

2018-11-08 17:13:44 - [TEST_STEP][PASSED] - Statement - driver.manage().timeouts().implicitlyWait(10, SECONDS): null

2018-11-08 17:13:44 - [TEST_STEP][PASSED] - Statement - PresavePath = KatalonScreenshots: null

2018-11-08 17:13:44 - [TEST_STEP][PASSED] - Statement - pathPrefix = "C:\Users\Public\Pictures\Sample Pictures\Katalon Screenshots\Automate Ending Screen": null

2018-11-08 17:13:44 - [TEST_STEP][PASSED] - Statement - finalPath = <not implemented yet for class: org.codehaus.groovy.ast.expr.EmptyExpression>: null

2018-11-08 17:13:44 - [TEST_STEP][PASSED] - Statement - scrFile = driver.getScreenshotAs(FILE): null

2018-11-08 17:13:44 - [TEST_STEP][PASSED] - Statement - PreSaveFile = new java.io.File(PresavePath): null

2018-11-08 17:13:44 - [TEST_STEP][PASSED] - Statement - counter = 0: null

2018-11-08 17:13:44 - [TEST_STEP][PASSED] - Statement - If (PreSaveFile.exists()): null

2018-11-08 17:13:44 - [TEST_STEP][PASSED] - Statement - While (PreSaveFile.exists()): null

2018-11-08 17:13:44 - [TEST_STEP][PASSED] - Statement - counter = counter + 1: null

2018-11-08 17:13:44 - [TEST_STEP][PASSED] - Statement - PreSaveFile = new java.io.File(((pathPrefix + java.lang.Integer.toString(counter)) + .png)): null

2018-11-08 17:13:44 - [TEST_STEP][PASSED] - Statement - counter = counter + 1: null

2018-11-08 17:13:44 - [TEST_STEP][PASSED] - Statement - PreSaveFile = new java.io.File(((pathPrefix + java.lang.Integer.toString(counter)) + .png)): null

2018-11-08 17:13:44 - [TEST_STEP][PASSED] - Statement - counter = counter + 1: null

2018-11-08 17:13:44 - [TEST_STEP][PASSED] - Statement - PreSaveFile = new java.io.File(((pathPrefix + java.lang.Integer.toString(counter)) + .png)): null

2018-11-08 17:13:44 - [TEST_STEP][PASSED] - Statement - counter = counter + 1: null

2018-11-08 17:13:44 - [TEST_STEP][PASSED] - Statement - PreSaveFile = new java.io.File(((pathPrefix + java.lang.Integer.toString(counter)) + .png)): null

2018-11-08 17:13:44 - [TEST_STEP][PASSED] - Statement - counter = counter + 1: null

2018-11-08 17:13:44 - [TEST_STEP][PASSED] - Statement - PreSaveFile = new java.io.File(((pathPrefix + java.lang.Integer.toString(counter)) + .png)): null

2018-11-08 17:13:44 - [TEST_STEP][PASSED] - Statement - counter = counter + 1: null

2018-11-08 17:13:44 - [TEST_STEP][PASSED] - Statement - PreSaveFile = new java.io.File(((pathPrefix + java.lang.Integer.toString(counter)) + .png)): null

2018-11-08 17:13:44 - [TEST_STEP][PASSED] - Statement - counter = counter + 1: null

2018-11-08 17:13:44 - [TEST_STEP][PASSED] - Statement - PreSaveFile = new java.io.File(((pathPrefix + java.lang.Integer.toString(counter)) + .png)): null

2018-11-08 17:13:44 - [TEST_STEP][PASSED] - Statement - counter = counter + 1: null

2018-11-08 17:13:44 - [TEST_STEP][PASSED] - Statement - PreSaveFile = new java.io.File(((pathPrefix + java.lang.Integer.toString(counter)) + .png)): null

2018-11-08 17:13:44 - [TEST_STEP][PASSED] - Statement - counter = counter + 1: null

2018-11-08 17:13:44 - [TEST_STEP][PASSED] - Statement - PreSaveFile = new java.io.File(((pathPrefix + java.lang.Integer.toString(counter)) + .png)): null

2018-11-08 17:13:44 - [TEST_STEP][PASSED] - Statement - counter = counter + 1: null

2018-11-08 17:13:44 - [TEST_STEP][PASSED] - Statement - PreSaveFile = new java.io.File(((pathPrefix + java.lang.Integer.toString(counter)) + .png)): null

2018-11-08 17:13:44 - [TEST_STEP][PASSED] - Statement - counter = counter + 1: null

2018-11-08 17:13:44 - [TEST_STEP][PASSED] - Statement - PreSaveFile = new java.io.File(((pathPrefix + java.lang.Integer.toString(counter)) + .png)): null

2018-11-08 17:13:44 - [TEST_STEP][PASSED] - Statement - counter = counter + 1: null

2018-11-08 17:13:44 - [TEST_STEP][PASSED] - Statement - PreSaveFile = new java.io.File(((pathPrefix + java.lang.Integer.toString(counter)) + .png)): null

2018-11-08 17:13:44 - [TEST_STEP][PASSED] - Statement - counter = counter + 1: null

2018-11-08 17:13:44 - [TEST_STEP][PASSED] - Statement - PreSaveFile = new java.io.File(((pathPrefix + java.lang.Integer.toString(counter)) + .png)): null

2018-11-08 17:13:44 - [TEST_STEP][PASSED] - Statement - counter = counter + 1: null

2018-11-08 17:13:44 - [TEST_STEP][PASSED] - Statement - PreSaveFile = new java.io.File(((pathPrefix + java.lang.Integer.toString(counter)) + .png)): null

2018-11-08 17:13:44 - [TEST_STEP][PASSED] - Statement - counter = counter + 1: null

2018-11-08 17:13:44 - [TEST_STEP][PASSED] - Statement - PreSaveFile = new java.io.File(((pathPrefix + java.lang.Integer.toString(counter)) + .png)): null

2018-11-08 17:13:44 - [TEST_STEP][PASSED] - Statement - counter = counter + 1: null

2018-11-08 17:13:44 - [TEST_STEP][PASSED] - Statement - PreSaveFile = new java.io.File(((pathPrefix + java.lang.Integer.toString(counter)) + .png)): null

2018-11-08 17:13:44 - [TEST_STEP][PASSED] - Statement - counter = counter + 1: null

2018-11-08 17:13:44 - [TEST_STEP][PASSED] - Statement - PreSaveFile = new java.io.File(((pathPrefix + java.lang.Integer.toString(counter)) + .png)): null

2018-11-08 17:13:44 - [TEST_STEP][PASSED] - Statement - counter = counter + 1: null

2018-11-08 17:13:44 - [TEST_STEP][PASSED] - Statement - PreSaveFile = new java.io.File(((pathPrefix + java.lang.Integer.toString(counter)) + .png)): null

2018-11-08 17:13:44 - [TEST_STEP][PASSED] - Statement - counter = counter + 1: null

2018-11-08 17:13:44 - [TEST_STEP][PASSED] - Statement - PreSaveFile = new java.io.File(((pathPrefix + java.lang.Integer.toString(counter)) + .png)): null

2018-11-08 17:13:44 - [TEST_STEP][PASSED] - Statement - counter = counter + 1: null

2018-11-08 17:13:44 - [TEST_STEP][PASSED] - Statement - PreSaveFile = new java.io.File(((pathPrefix + java.lang.Integer.toString(counter)) + .png)): null

2018-11-08 17:13:44 - [TEST_STEP][PASSED] - Statement - counter = counter + 1: null

2018-11-08 17:13:45 - [TEST_STEP][PASSED] - Statement - PreSaveFile = new java.io.File(((pathPrefix + java.lang.Integer.toString(counter)) + .png)): null

2018-11-08 17:13:45 - [TEST_STEP][PASSED] - Statement - counter = counter + 1: null

2018-11-08 17:13:45 - [TEST_STEP][PASSED] - Statement - PreSaveFile = new java.io.File(((pathPrefix + java.lang.Integer.toString(counter)) + .png)): null

2018-11-08 17:13:45 - [TEST_STEP][PASSED] - Statement - counter = counter + 1: null

2018-11-08 17:13:45 - [TEST_STEP][PASSED] - Statement - PreSaveFile = new java.io.File(((pathPrefix + java.lang.Integer.toString(counter)) + .png)): null

2018-11-08 17:13:45 - [TEST_STEP][PASSED] - Statement - counter = counter + 1: null

2018-11-08 17:13:45 - [TEST_STEP][PASSED] - Statement - PreSaveFile = new java.io.File(((pathPrefix + java.lang.Integer.toString(counter)) + .png)): null

2018-11-08 17:13:45 - [TEST_STEP][PASSED] - Statement - counter = counter + 1: null

2018-11-08 17:13:45 - [TEST_STEP][PASSED] - Statement - PreSaveFile = new java.io.File(((pathPrefix + java.lang.Integer.toString(counter)) + .png)): null

2018-11-08 17:13:45 - [TEST_STEP][PASSED] - Statement - counter = counter + 1: null

2018-11-08 17:13:45 - [TEST_STEP][PASSED] - Statement - PreSaveFile = new java.io.File(((pathPrefix + java.lang.Integer.toString(counter)) + .png)): null

2018-11-08 17:13:45 - [TEST_STEP][PASSED] - Statement - counter = counter + 1: null

2018-11-08 17:13:45 - [TEST_STEP][PASSED] - Statement - PreSaveFile = new java.io.File(((pathPrefix + java.lang.Integer.toString(counter)) + .png)): null

2018-11-08 17:13:45 - [TEST_STEP][PASSED] - Statement - counter = counter + 1: null

2018-11-08 17:13:45 - [TEST_STEP][PASSED] - Statement - PreSaveFile = new java.io.File(((pathPrefix + java.lang.Integer.toString(counter)) + .png)): null

2018-11-08 17:13:45 - [TEST_STEP][PASSED] - Statement - counter = counter + 1: null

2018-11-08 17:13:45 - [TEST_STEP][PASSED] - Statement - PreSaveFile = new java.io.File(((pathPrefix + java.lang.Integer.toString(counter)) + .png)): null

2018-11-08 17:13:45 - [TEST_STEP][PASSED] - Statement - counter = counter + 1: null

2018-11-08 17:13:45 - [TEST_STEP][PASSED] - Statement - PreSaveFile = new java.io.File(((pathPrefix + java.lang.Integer.toString(counter)) + .png)): null

2018-11-08 17:13:45 - [TEST_STEP][PASSED] - Statement - counter = counter + 1: null

2018-11-08 17:13:45 - [TEST_STEP][PASSED] - Statement - PreSaveFile = new java.io.File(((pathPrefix + java.lang.Integer.toString(counter)) + .png)): null

2018-11-08 17:13:45 - [TEST_STEP][PASSED] - Statement - counter = counter + 1: null

2018-11-08 17:13:45 - [TEST_STEP][PASSED] - Statement - PreSaveFile = new java.io.File(((pathPrefix + java.lang.Integer.toString(counter)) + .png)): null

2018-11-08 17:13:45 - [TEST_STEP][PASSED] - Statement - counter = counter + 1: null

2018-11-08 17:13:45 - [TEST_STEP][PASSED] - Statement - PreSaveFile = new java.io.File(((pathPrefix + java.lang.Integer.toString(counter)) + .png)): null

2018-11-08 17:13:45 - [TEST_STEP][PASSED] - Statement - counter = counter + 1: null

2018-11-08 17:13:45 - [TEST_STEP][PASSED] - Statement - PreSaveFile = new java.io.File(((pathPrefix + java.lang.Integer.toString(counter)) + .png)): null

2018-11-08 17:13:45 - [TEST_STEP][PASSED] - Statement - counter = counter + 1: null

2018-11-08 17:13:45 - [TEST_STEP][PASSED] - Statement - PreSaveFile = new java.io.File(((pathPrefix + java.lang.Integer.toString(counter)) + .png)): null

2018-11-08 17:13:45 - [TEST_STEP][PASSED] - Statement - counter = counter + 1: null

2018-11-08 17:13:45 - [TEST_STEP][PASSED] - Statement - PreSaveFile = new java.io.File(((pathPrefix + java.lang.Integer.toString(counter)) + .png)): null

2018-11-08 17:13:45 - [TEST_STEP][PASSED] - Statement - counter = counter + 1: null

2018-11-08 17:13:45 - [TEST_STEP][PASSED] - Statement - PreSaveFile = new java.io.File(((pathPrefix + java.lang.Integer.toString(counter)) + .png)): null

2018-11-08 17:13:45 - [TEST_STEP][PASSED] - Statement - counter = counter + 1: null

2018-11-08 17:13:45 - [TEST_STEP][PASSED] - Statement - PreSaveFile = new java.io.File(((pathPrefix + java.lang.Integer.toString(counter)) + .png)): null

2018-11-08 17:13:45 - [TEST_STEP][PASSED] - Statement - counter = counter + 1: null

2018-11-08 17:13:45 - [TEST_STEP][PASSED] - Statement - PreSaveFile = new java.io.File(((pathPrefix + java.lang.Integer.toString(counter)) + .png)): null

2018-11-08 17:13:45 - [TEST_STEP][PASSED] - Statement - counter = counter + 1: null

2018-11-08 17:13:45 - [TEST_STEP][PASSED] - Statement - PreSaveFile = new java.io.File(((pathPrefix + java.lang.Integer.toString(counter)) + .png)): null

2018-11-08 17:13:46 - [TEST_STEP][PASSED] - Statement - counter = counter + 1: null

2018-11-08 17:13:46 - [TEST_STEP][PASSED] - Statement - PreSaveFile = new java.io.File(((pathPrefix + java.lang.Integer.toString(counter)) + .png)): null

2018-11-08 17:13:46 - [TEST_STEP][PASSED] - Statement - counter = counter + 1: null

2018-11-08 17:13:46 - [TEST_STEP][PASSED] - Statement - PreSaveFile = new java.io.File(((pathPrefix + java.lang.Integer.toString(counter)) + .png)): null

2018-11-08 17:13:46 - [TEST_STEP][PASSED] - Statement - counter = counter + 1: null

2018-11-08 17:13:46 - [TEST_STEP][PASSED] - Statement - PreSaveFile = new java.io.File(((pathPrefix + java.lang.Integer.toString(counter)) + .png)): null

2018-11-08 17:13:46 - [TEST_STEP][PASSED] - Statement - counter = counter + 1: null

2018-11-08 17:13:46 - [TEST_STEP][PASSED] - Statement - PreSaveFile = new java.io.File(((pathPrefix + java.lang.Integer.toString(counter)) + .png)): null

2018-11-08 17:13:46 - [TEST_STEP][PASSED] - Statement - counter = counter + 1: null

2018-11-08 17:13:46 - [TEST_STEP][PASSED] - Statement - PreSaveFile = new java.io.File(((pathPrefix + java.lang.Integer.toString(counter)) + .png)): null

2018-11-08 17:13:46 - [TEST_STEP][PASSED] - Statement - counter = counter + 1: null

2018-11-08 17:13:46 - [TEST_STEP][PASSED] - Statement - PreSaveFile = new java.io.File(((pathPrefix + java.lang.Integer.toString(counter)) + .png)): null

2018-11-08 17:13:46 - [TEST_STEP][PASSED] - Statement - counter = counter + 1: null

2018-11-08 17:13:46 - [TEST_STEP][PASSED] - Statement - PreSaveFile = new java.io.File(((pathPrefix + java.lang.Integer.toString(counter)) + .png)): null

2018-11-08 17:13:46 - [TEST_STEP][PASSED] - Statement - counter = counter + 1: null

2018-11-08 17:13:46 - [TEST_STEP][PASSED] - Statement - PreSaveFile = new java.io.File(((pathPrefix + java.lang.Integer.toString(counter)) + .png)): null

2018-11-08 17:13:46 - [TEST_STEP][PASSED] - Statement - counter = counter + 1: null

2018-11-08 17:13:46 - [TEST_STEP][PASSED] - Statement - PreSaveFile = new java.io.File(((pathPrefix + java.lang.Integer.toString(counter)) + .png)): null

2018-11-08 17:13:46 - [TEST_STEP][PASSED] - Statement - counter = counter + 1: null

2018-11-08 17:13:46 - [TEST_STEP][PASSED] - Statement - PreSaveFile = new java.io.File(((pathPrefix + java.lang.Integer.toString(counter)) + .png)): null

2018-11-08 17:13:46 - [TEST_STEP][PASSED] - Statement - counter = counter + 1: null

2018-11-08 17:13:46 - [TEST_STEP][PASSED] - Statement - PreSaveFile = new java.io.File(((pathPrefix + java.lang.Integer.toString(counter)) + .png)): null

2018-11-08 17:13:46 - [TEST_STEP][PASSED] - Statement - counter = counter + 1: null

2018-11-08 17:13:47 - [TEST_STEP][PASSED] - Statement - PreSaveFile = new java.io.File(((pathPrefix + java.lang.Integer.toString(counter)) + .png)): null

2018-11-08 17:13:47 - [TEST_STEP][PASSED] - Statement - counter = counter + 1: null

2018-11-08 17:13:47 - [TEST_STEP][PASSED] - Statement - PreSaveFile = new java.io.File(((pathPrefix + java.lang.Integer.toString(counter)) + .png)): null

2018-11-08 17:13:47 - [TEST_STEP][PASSED] - Statement - counter = counter + 1: null

2018-11-08 17:13:47 - [TEST_STEP][PASSED] - Statement - PreSaveFile = new java.io.File(((pathPrefix + java.lang.Integer.toString(counter)) + .png)): null

2018-11-08 17:13:47 - [TEST_STEP][PASSED] - Statement - counter = counter + 1: null

2018-11-08 17:13:47 - [TEST_STEP][PASSED] - Statement - PreSaveFile = new java.io.File(((pathPrefix + java.lang.Integer.toString(counter)) + .png)): null

2018-11-08 17:13:47 - [TEST_STEP][PASSED] - Statement - counter = counter + 1: null

2018-11-08 17:13:47 - [TEST_STEP][PASSED] - Statement - PreSaveFile = new java.io.File(((pathPrefix + java.lang.Integer.toString(counter)) + .png)): null

2018-11-08 17:13:47 - [TEST_STEP][PASSED] - Statement - counter = counter + 1: null

2018-11-08 17:13:47 - [TEST_STEP][PASSED] - Statement - PreSaveFile = new java.io.File(((pathPrefix + java.lang.Integer.toString(counter)) + .png)): null

2018-11-08 17:13:47 - [TEST_STEP][PASSED] - Statement - counter = counter + 1: null

2018-11-08 17:13:48 - [TEST_STEP][PASSED] - Statement - PreSaveFile = new java.io.File(((pathPrefix + java.lang.Integer.toString(counter)) + .png)): null

2018-11-08 17:13:48 - [TEST_STEP][PASSED] - Statement - counter = counter + 1: null

2018-11-08 17:13:48 - [TEST_STEP][PASSED] - Statement - PreSaveFile = new java.io.File(((pathPrefix + java.lang.Integer.toString(counter)) + .png)): null

2018-11-08 17:13:48 - [TEST_STEP][PASSED] - Statement - counter = counter + 1: null

2018-11-08 17:13:48 - [TEST_STEP][PASSED] - Statement - PreSaveFile = new java.io.File(((pathPrefix + java.lang.Integer.toString(counter)) + .png)): null

2018-11-08 17:13:48 - [TEST_STEP][PASSED] - Statement - counter = counter + 1: null

2018-11-08 17:13:48 - [TEST_STEP][PASSED] - Statement - PreSaveFile = new java.io.File(((pathPrefix + java.lang.Integer.toString(counter)) + .png)): null

2018-11-08 17:13:48 - [TEST_STEP][PASSED] - Statement - counter = counter + 1: null

2018-11-08 17:13:48 - [TEST_STEP][PASSED] - Statement - PreSaveFile = new java.io.File(((pathPrefix + java.lang.Integer.toString(counter)) + .png)): null

2018-11-08 17:13:48 - [TEST_STEP][PASSED] - Statement - counter = counter + 1: null

2018-11-08 17:13:48 - [TEST_STEP][PASSED] - Statement - PreSaveFile = new java.io.File(((pathPrefix + java.lang.Integer.toString(counter)) + .png)): null

2018-11-08 17:13:48 - [TEST_STEP][PASSED] - Statement - counter = counter + 1: null

2018-11-08 17:13:48 - [TEST_STEP][PASSED] - Statement - PreSaveFile = new java.io.File(((pathPrefix + java.lang.Integer.toString(counter)) + .png)): null

2018-11-08 17:13:48 - [TEST_STEP][PASSED] - Statement - counter = counter + 1: null

2018-11-08 17:13:48 - [TEST_STEP][PASSED] - Statement - PreSaveFile = new java.io.File(((pathPrefix + java.lang.Integer.toString(counter)) + .png)): null

2018-11-08 17:13:48 - [TEST_STEP][PASSED] - Statement - counter = counter + 1: null

2018-11-08 17:13:48 - [TEST_STEP][PASSED] - Statement - PreSaveFile = new java.io.File(((pathPrefix + java.lang.Integer.toString(counter)) + .png)): null

2018-11-08 17:13:48 - [TEST_STEP][PASSED] - Statement - counter = counter + 1: null

2018-11-08 17:13:48 - [TEST_STEP][PASSED] - Statement - PreSaveFile = new java.io.File(((pathPrefix + java.lang.Integer.toString(counter)) + .png)): null

2018-11-08 17:13:48 - [TEST_STEP][PASSED] - Statement - counter = counter + 1: null

2018-11-08 17:13:49 - [TEST_STEP][PASSED] - Statement - PreSaveFile = new java.io.File(((pathPrefix + java.lang.Integer.toString(counter)) + .png)): null

2018-11-08 17:13:49 - [TEST_STEP][PASSED] - Statement - counter = counter + 1: null

2018-11-08 17:13:49 - [TEST_STEP][PASSED] - Statement - PreSaveFile = new java.io.File(((pathPrefix + java.lang.Integer.toString(counter)) + .png)): null

2018-11-08 17:13:49 - [TEST_STEP][PASSED] - Statement - counter = counter + 1: null

2018-11-08 17:13:49 - [TEST_STEP][PASSED] - Statement - PreSaveFile = new java.io.File(((pathPrefix + java.lang.Integer.toString(counter)) + .png)): null

2018-11-08 17:13:49 - [TEST_STEP][PASSED] - Statement - counter = counter + 1: null

2018-11-08 17:13:49 - [TEST_STEP][PASSED] - Statement - PreSaveFile = new java.io.File(((pathPrefix + java.lang.Integer.toString(counter)) + .png)): null

2018-11-08 17:13:49 - [TEST_STEP][PASSED] - Statement - counter = counter + 1: null

2018-11-08 17:13:49 - [TEST_STEP][PASSED] - Statement - PreSaveFile = new java.io.File(((pathPrefix + java.lang.Integer.toString(counter)) + .png)): null

2018-11-08 17:13:49 - [TEST_STEP][PASSED] - Statement - counter = counter + 1: null

2018-11-08 17:13:49 - [TEST_STEP][PASSED] - Statement - PreSaveFile = new java.io.File(((pathPrefix + java.lang.Integer.toString(counter)) + .png)): null

2018-11-08 17:13:50 - [TEST_STEP][PASSED] - Statement - counter = counter + 1: null

2018-11-08 17:13:50 - [TEST_STEP][PASSED] - Statement - PreSaveFile = new java.io.File(((pathPrefix + java.lang.Integer.toString(counter)) + .png)): null

2018-11-08 17:13:50 - [TEST_STEP][PASSED] - Statement - counter = counter + 1: null

2018-11-08 17:13:50 - [TEST_STEP][PASSED] - Statement - PreSaveFile = new java.io.File(((pathPrefix + java.lang.Integer.toString(counter)) + .png)): null

2018-11-08 17:13:50 - [TEST_STEP][PASSED] - Statement - counter = counter + 1: null

2018-11-08 17:13:50 - [TEST_STEP][PASSED] - Statement - PreSaveFile = new java.io.File(((pathPrefix + java.lang.Integer.toString(counter)) + .png)): null

2018-11-08 17:13:50 - [TEST_STEP][PASSED] - Statement - counter = counter + 1: null

2018-11-08 17:13:50 - [TEST_STEP][PASSED] - Statement - PreSaveFile = new java.io.File(((pathPrefix + java.lang.Integer.toString(counter)) + .png)): null

2018-11-08 17:13:50 - [TEST_STEP][PASSED] - Statement - counter = counter + 1: null

2018-11-08 17:13:50 - [TEST_STEP][PASSED] - Statement - PreSaveFile = new java.io.File(((pathPrefix + java.lang.Integer.toString(counter)) + .png)): null

2018-11-08 17:13:50 - [TEST_STEP][PASSED] - Statement - counter = counter + 1: null

2018-11-08 17:13:51 - [TEST_STEP][PASSED] - Statement - PreSaveFile = new java.io.File(((pathPrefix + java.lang.Integer.toString(counter)) + .png)): null

2018-11-08 17:13:51 - [TEST_STEP][PASSED] - Statement - counter = counter + 1: null

2018-11-08 17:13:51 - [TEST_STEP][PASSED] - Statement - PreSaveFile = new java.io.File(((pathPrefix + java.lang.Integer.toString(counter)) + .png)): null

2018-11-08 17:13:51 - [TEST_STEP][PASSED] - Statement - counter = counter + 1: null

2018-11-08 17:13:51 - [TEST_STEP][PASSED] - Statement - PreSaveFile = new java.io.File(((pathPrefix + java.lang.Integer.toString(counter)) + .png)): null

2018-11-08 17:13:51 - [TEST_STEP][PASSED] - Statement - counter = counter + 1: null

2018-11-08 17:13:51 - [TEST_STEP][PASSED] - Statement - PreSaveFile = new java.io.File(((pathPrefix + java.lang.Integer.toString(counter)) + .png)): null

2018-11-08 17:13:51 - [TEST_STEP][PASSED] - Statement - counter = counter + 1: null

2018-11-08 17:13:51 - [TEST_STEP][PASSED] - Statement - PreSaveFile = new java.io.File(((pathPrefix + java.lang.Integer.toString(counter)) + .png)): null

2018-11-08 17:13:51 - [TEST_STEP][PASSED] - Statement - counter = counter + 1: null

2018-11-08 17:13:51 - [TEST_STEP][PASSED] - Statement - PreSaveFile = new java.io.File(((pathPrefix + java.lang.Integer.toString(counter)) + .png)): null

2018-11-08 17:13:51 - [TEST_STEP][PASSED] - Statement - counter = counter + 1: null

2018-11-08 17:13:51 - [TEST_STEP][PASSED] - Statement - PreSaveFile = new java.io.File(((pathPrefix + java.lang.Integer.toString(counter)) + .png)): null

2018-11-08 17:13:51 - [TEST_STEP][PASSED] - Statement - counter = counter + 1: null

2018-11-08 17:13:51 - [TEST_STEP][PASSED] - Statement - PreSaveFile = new java.io.File(((pathPrefix + java.lang.Integer.toString(counter)) + .png)): null

2018-11-08 17:13:51 - [TEST_STEP][PASSED] - Statement - counter = counter + 1: null

2018-11-08 17:13:51 - [TEST_STEP][PASSED] - Statement - PreSaveFile = new java.io.File(((pathPrefix + java.lang.Integer.toString(counter)) + .png)): null

2018-11-08 17:13:51 - [TEST_STEP][PASSED] - Statement - counter = counter + 1: null

2018-11-08 17:13:51 - [TEST_STEP][PASSED] - Statement - PreSaveFile = new java.io.File(((pathPrefix + java.lang.Integer.toString(counter)) + .png)): null

2018-11-08 17:13:51 - [TEST_STEP][PASSED] - Statement - counter = counter + 1: null

2018-11-08 17:13:52 - [TEST_STEP][PASSED] - Statement - PreSaveFile = new java.io.File(((pathPrefix + java.lang.Integer.toString(counter)) + .png)): null

2018-11-08 17:13:52 - [TEST_STEP][PASSED] - Statement - counter = counter + 1: null

2018-11-08 17:13:52 - [TEST_STEP][PASSED] - Statement - PreSaveFile = new java.io.File(((pathPrefix + java.lang.Integer.toString(counter)) + .png)): null

2018-11-08 17:13:52 - [TEST_STEP][PASSED] - Statement - counter = counter + 1: null

2018-11-08 17:13:52 - [TEST_STEP][PASSED] - Statement - PreSaveFile = new java.io.File(((pathPrefix + java.lang.Integer.toString(counter)) + .png)): null

2018-11-08 17:13:52 - [TEST_STEP][PASSED] - Statement - counter = counter + 1: null

2018-11-08 17:13:52 - [TEST_STEP][PASSED] - Statement - PreSaveFile = new java.io.File(((pathPrefix + java.lang.Integer.toString(counter)) + .png)): null

2018-11-08 17:13:52 - [TEST_STEP][PASSED] - Statement - counter = counter + 1: null

2018-11-08 17:13:52 - [TEST_STEP][PASSED] - Statement - PreSaveFile = new java.io.File(((pathPrefix + java.lang.Integer.toString(counter)) + .png)): null

2018-11-08 17:13:52 - [TEST_STEP][PASSED] - Statement - counter = counter + 1: null

2018-11-08 17:13:52 - [TEST_STEP][PASSED] - Statement - PreSaveFile = new java.io.File(((pathPrefix + java.lang.Integer.toString(counter)) + .png)): null

2018-11-08 17:13:53 - [TEST_STEP][PASSED] - Statement - counter = counter + 1: null

2018-11-08 17:13:53 - [TEST_STEP][PASSED] - Statement - PreSaveFile = new java.io.File(((pathPrefix + java.lang.Integer.toString(counter)) + .png)): null

2018-11-08 17:13:53 - [TEST_STEP][PASSED] - Statement - counter = counter + 1: null

2018-11-08 17:13:53 - [TEST_STEP][PASSED] - Statement - PreSaveFile = new java.io.File(((pathPrefix + java.lang.Integer.toString(counter)) + .png)): null

2018-11-08 17:13:53 - [TEST_STEP][PASSED] - Statement - counter = counter + 1: null

2018-11-08 17:13:53 - [TEST_STEP][PASSED] - Statement - PreSaveFile = new java.io.File(((pathPrefix + java.lang.Integer.toString(counter)) + .png)): null

2018-11-08 17:13:53 - [TEST_STEP][PASSED] - Statement - counter = counter + 1: null

2018-11-08 17:13:53 - [TEST_STEP][PASSED] - Statement - PreSaveFile = new java.io.File(((pathPrefix + java.lang.Integer.toString(counter)) + .png)): null

2018-11-08 17:13:53 - [TEST_STEP][PASSED] - Statement - counter = counter + 1: null

2018-11-08 17:13:53 - [TEST_STEP][PASSED] - Statement - PreSaveFile = new java.io.File(((pathPrefix + java.lang.Integer.toString(counter)) + .png)): null

2018-11-08 17:13:53 - [TEST_STEP][PASSED] - Statement - counter = counter + 1: null

2018-11-08 17:13:54 - [TEST_STEP][PASSED] - Statement - PreSaveFile = new java.io.File(((pathPrefix + java.lang.Integer.toString(counter)) + .png)): null

2018-11-08 17:13:54 - [TEST_STEP][PASSED] - Statement - counter = counter + 1: null

2018-11-08 17:13:54 - [TEST_STEP][PASSED] - Statement - PreSaveFile = new java.io.File(((pathPrefix + java.lang.Integer.toString(counter)) + .png)): null

2018-11-08 17:13:54 - [TEST_STEP][PASSED] - Statement - counter = counter + 1: null

2018-11-08 17:13:54 - [TEST_STEP][PASSED] - Statement - PreSaveFile = new java.io.File(((pathPrefix + java.lang.Integer.toString(counter)) + .png)): null

2018-11-08 17:13:54 - [TEST_STEP][PASSED] - Statement - counter = counter + 1: null

2018-11-08 17:13:54 - [TEST_STEP][PASSED] - Statement - PreSaveFile = new java.io.File(((pathPrefix + java.lang.Integer.toString(counter)) + .png)): null

2018-11-08 17:13:54 - [TEST_STEP][PASSED] - Statement - counter = counter + 1: null

2018-11-08 17:13:54 - [TEST_STEP][PASSED] - Statement - PreSaveFile = new java.io.File(((pathPrefix + java.lang.Integer.toString(counter)) + .png)): null

2018-11-08 17:13:54 - [TEST_STEP][PASSED] - Statement - counter = counter + 1: null

2018-11-08 17:13:55 - [TEST_STEP][PASSED] - Statement - PreSaveFile = new java.io.File(((pathPrefix + java.lang.Integer.toString(counter)) + .png)): null

2018-11-08 17:13:55 - [TEST_STEP][PASSED] - Statement - counter = counter + 1: null

2018-11-08 17:13:55 - [TEST_STEP][PASSED] - Statement - PreSaveFile = new java.io.File(((pathPrefix + java.lang.Integer.toString(counter)) + .png)): null

2018-11-08 17:13:55 - [TEST_STEP][PASSED] - Statement - counter = counter + 1: null

2018-11-08 17:13:55 - [TEST_STEP][PASSED] - Statement - PreSaveFile = new java.io.File(((pathPrefix + java.lang.Integer.toString(counter)) + .png)): null

2018-11-08 17:13:55 - [TEST_STEP][PASSED] - Statement - counter = counter + 1: null

2018-11-08 17:13:55 - [TEST_STEP][PASSED] - Statement - PreSaveFile = new java.io.File(((pathPrefix + java.lang.Integer.toString(counter)) + .png)): null

2018-11-08 17:13:55 - [TEST_STEP][PASSED] - Statement - counter = counter + 1: null

2018-11-08 17:13:55 - [TEST_STEP][PASSED] - Statement - PreSaveFile = new java.io.File(((pathPrefix + java.lang.Integer.toString(counter)) + .png)): null

2018-11-08 17:13:55 - [TEST_STEP][PASSED] - Statement - counter = counter + 1: null

2018-11-08 17:13:55 - [TEST_STEP][PASSED] - Statement - PreSaveFile = new java.io.File(((pathPrefix + java.lang.Integer.toString(counter)) + .png)): null

2018-11-08 17:13:55 - [TEST_STEP][PASSED] - Statement - counter = counter + 1: null

2018-11-08 17:13:55 - [TEST_STEP][PASSED] - Statement - PreSaveFile = new java.io.File(((pathPrefix + java.lang.Integer.toString(counter)) + .png)): null

2018-11-08 17:13:55 - [TEST_STEP][PASSED] - Statement - counter = counter + 1: null

2018-11-08 17:13:55 - [TEST_STEP][PASSED] - Statement - PreSaveFile = new java.io.File(((pathPrefix + java.lang.Integer.toString(counter)) + .png)): null

2018-11-08 17:13:55 - [TEST_STEP][PASSED] - Statement - counter = counter + 1: null

2018-11-08 17:13:55 - [TEST_STEP][PASSED] - Statement - PreSaveFile = new java.io.File(((pathPrefix + java.lang.Integer.toString(counter)) + .png)): null

2018-11-08 17:13:55 - [TEST_STEP][PASSED] - Statement - counter = counter + 1: null

2018-11-08 17:13:55 - [TEST_STEP][PASSED] - Statement - PreSaveFile = new java.io.File(((pathPrefix + java.lang.Integer.toString(counter)) + .png)): null

2018-11-08 17:13:55 - [TEST_STEP][PASSED] - Statement - counter = counter + 1: null

2018-11-08 17:13:56 - [TEST_STEP][PASSED] - Statement - PreSaveFile = new java.io.File(((pathPrefix + java.lang.Integer.toString(counter)) + .png)): null

2018-11-08 17:13:56 - [TEST_STEP][PASSED] - Statement - counter = counter + 1: null

2018-11-08 17:13:56 - [TEST_STEP][PASSED] - Statement - PreSaveFile = new java.io.File(((pathPrefix + java.lang.Integer.toString(counter)) + .png)): null

2018-11-08 17:13:56 - [TEST_STEP][PASSED] - Statement - counter = counter + 1: null

2018-11-08 17:13:56 - [TEST_STEP][PASSED] - Statement - PreSaveFile = new java.io.File(((pathPrefix + java.lang.Integer.toString(counter)) + .png)): null

2018-11-08 17:13:56 - [TEST_STEP][PASSED] - Statement - counter = counter + 1: null

2018-11-08 17:13:56 - [TEST_STEP][PASSED] - Statement - PreSaveFile = new java.io.File(((pathPrefix + java.lang.Integer.toString(counter)) + .png)): null

2018-11-08 17:13:56 - [TEST_STEP][PASSED] - Statement - counter = counter + 1: null

2018-11-08 17:13:56 - [TEST_STEP][PASSED] - Statement - PreSaveFile = new java.io.File(((pathPrefix + java.lang.Integer.toString(counter)) + .png)): null

2018-11-08 17:13:56 - [TEST_STEP][PASSED] - Statement - counter = counter + 1: null

2018-11-08 17:13:57 - [TEST_STEP][PASSED] - Statement - PreSaveFile = new java.io.File(((pathPrefix + java.lang.Integer.toString(counter)) + .png)): null

2018-11-08 17:13:57 - [TEST_STEP][PASSED] - Statement - counter = counter + 1: null

2018-11-08 17:13:57 - [TEST_STEP][PASSED] - Statement - PreSaveFile = new java.io.File(((pathPrefix + java.lang.Integer.toString(counter)) + .png)): null

2018-11-08 17:13:57 - [TEST_STEP][PASSED] - Statement - counter = counter + 1: null

2018-11-08 17:13:57 - [TEST_STEP][PASSED] - Statement - PreSaveFile = new java.io.File(((pathPrefix + java.lang.Integer.toString(counter)) + .png)): null

2018-11-08 17:13:57 - [TEST_STEP][PASSED] - Statement - counter = counter + 1: null

2018-11-08 17:13:57 - [TEST_STEP][PASSED] - Statement - PreSaveFile = new java.io.File(((pathPrefix + java.lang.Integer.toString(counter)) + .png)): null

2018-11-08 17:13:57 - [TEST_STEP][PASSED] - Statement - counter = counter + 1: null

2018-11-08 17:13:57 - [TEST_STEP][PASSED] - Statement - PreSaveFile = new java.io.File(((pathPrefix + java.lang.Integer.toString(counter)) + .png)): null

2018-11-08 17:13:57 - [TEST_STEP][PASSED] - Statement - counter = counter + 1: null

2018-11-08 17:13:57 - [TEST_STEP][PASSED] - Statement - PreSaveFile = new java.io.File(((pathPrefix + java.lang.Integer.toString(counter)) + .png)): null

2018-11-08 17:13:58 - [TEST_STEP][PASSED] - Statement - counter = counter + 1: null

2018-11-08 17:13:58 - [TEST_STEP][PASSED] - Statement - PreSaveFile = new java.io.File(((pathPrefix + java.lang.Integer.toString(counter)) + .png)): null

2018-11-08 17:13:58 - [TEST_STEP][PASSED] - Statement - counter = counter + 1: null

2018-11-08 17:13:58 - [TEST_STEP][PASSED] - Statement - PreSaveFile = new java.io.File(((pathPrefix + java.lang.Integer.toString(counter)) + .png)): null

2018-11-08 17:13:58 - [TEST_STEP][PASSED] - Statement - counter = counter + 1: null

2018-11-08 17:13:58 - [TEST_STEP][PASSED] - Statement - PreSaveFile = new java.io.File(((pathPrefix + java.lang.Integer.toString(counter)) + .png)): null

2018-11-08 17:13:58 - [TEST_STEP][PASSED] - Statement - counter = counter + 1: null

2018-11-08 17:13:58 - [TEST_STEP][PASSED] - Statement - PreSaveFile = new java.io.File(((pathPrefix + java.lang.Integer.toString(counter)) + .png)): null

2018-11-08 17:13:58 - [TEST_STEP][PASSED] - Statement - counter = counter + 1: null

2018-11-08 17:13:59 - [TEST_STEP][PASSED] - Statement - PreSaveFile = new java.io.File(((pathPrefix + java.lang.Integer.toString(counter)) + .png)): null

2018-11-08 17:13:59 - [TEST_STEP][PASSED] - Statement - counter = counter + 1: null

2018-11-08 17:13:59 - [TEST_STEP][PASSED] - Statement - PreSaveFile = new java.io.File(((pathPrefix + java.lang.Integer.toString(counter)) + .png)): null

2018-11-08 17:13:59 - [TEST_STEP][PASSED] - Statement - counter = counter + 1: null

2018-11-08 17:13:59 - [TEST_STEP][PASSED] - Statement - PreSaveFile = new java.io.File(((pathPrefix + java.lang.Integer.toString(counter)) + .png)): null

2018-11-08 17:13:59 - [TEST_STEP][PASSED] - Statement - counter = counter + 1: null

2018-11-08 17:13:59 - [TEST_STEP][PASSED] - Statement - PreSaveFile = new java.io.File(((pathPrefix + java.lang.Integer.toString(counter)) + .png)): null

2018-11-08 17:13:59 - [TEST_STEP][PASSED] - Statement - counter = counter + 1: null

2018-11-08 17:13:59 - [TEST_STEP][PASSED] - Statement - PreSaveFile = new java.io.File(((pathPrefix + java.lang.Integer.toString(counter)) + .png)): null

2018-11-08 17:13:59 - [TEST_STEP][PASSED] - Statement - counter = counter + 1: null

2018-11-08 17:13:59 - [TEST_STEP][PASSED] - Statement - PreSaveFile = new java.io.File(((pathPrefix + java.lang.Integer.toString(counter)) + .png)): null

2018-11-08 17:14:00 - [TEST_STEP][PASSED] - Statement - counter = counter + 1: null

2018-11-08 17:14:00 - [TEST_STEP][PASSED] - Statement - PreSaveFile = new java.io.File(((pathPrefix + java.lang.Integer.toString(counter)) + .png)): null

2018-11-08 17:14:00 - [TEST_STEP][PASSED] - Statement - counter = counter + 1: null

2018-11-08 17:14:00 - [TEST_STEP][PASSED] - Statement - PreSaveFile = new java.io.File(((pathPrefix + java.lang.Integer.toString(counter)) + .png)): null

2018-11-08 17:14:00 - [TEST_STEP][PASSED] - Statement - counter = counter + 1: null

2018-11-08 17:14:00 - [TEST_STEP][PASSED] - Statement - PreSaveFile = new java.io.File(((pathPrefix + java.lang.Integer.toString(counter)) + .png)): null

2018-11-08 17:14:00 - [TEST_STEP][PASSED] - Statement - counter = counter + 1: null

2018-11-08 17:14:00 - [TEST_STEP][PASSED] - Statement - PreSaveFile = new java.io.File(((pathPrefix + java.lang.Integer.toString(counter)) + .png)): null

2018-11-08 17:14:00 - [TEST_STEP][PASSED] - Statement - counter = counter + 1: null

2018-11-08 17:14:01 - [TEST_STEP][PASSED] - Statement - PreSaveFile = new java.io.File(((pathPrefix + java.lang.Integer.toString(counter)) + .png)): null

2018-11-08 17:14:01 - [TEST_STEP][PASSED] - Statement - counter = counter + 1: null

2018-11-08 17:14:01 - [TEST_STEP][PASSED] - Statement - PreSaveFile = new java.io.File(((pathPrefix + java.lang.Integer.toString(counter)) + .png)): null

2018-11-08 17:14:01 - [TEST_STEP][PASSED] - Statement - counter = counter + 1: null

2018-11-08 17:14:01 - [TEST_STEP][PASSED] - Statement - PreSaveFile = new java.io.File(((pathPrefix + java.lang.Integer.toString(counter)) + .png)): null

2018-11-08 17:14:01 - [TEST_STEP][PASSED] - Statement - counter = counter + 1: null

2018-11-08 17:14:01 - [TEST_STEP][PASSED] - Statement - PreSaveFile = new java.io.File(((pathPrefix + java.lang.Integer.toString(counter)) + .png)): null

2018-11-08 17:14:01 - [TEST_STEP][PASSED] - Statement - counter = counter + 1: null

2018-11-08 17:14:01 - [TEST_STEP][PASSED] - Statement - PreSaveFile = new java.io.File(((pathPrefix + java.lang.Integer.toString(counter)) + .png)): null

2018-11-08 17:14:01 - [TEST_STEP][PASSED] - Statement - counter = counter + 1: null

2018-11-08 17:14:01 - [TEST_STEP][PASSED] - Statement - PreSaveFile = new java.io.File(((pathPrefix + java.lang.Integer.toString(counter)) + .png)): null

2018-11-08 17:14:02 - [TEST_STEP][PASSED] - Statement - counter = counter + 1: null

2018-11-08 17:14:02 - [TEST_STEP][PASSED] - Statement - PreSaveFile = new java.io.File(((pathPrefix + java.lang.Integer.toString(counter)) + .png)): null

2018-11-08 17:14:02 - [TEST_STEP][PASSED] - Statement - counter = counter + 1: null

2018-11-08 17:14:02 - [TEST_STEP][PASSED] - Statement - PreSaveFile = new java.io.File(((pathPrefix + java.lang.Integer.toString(counter)) + .png)): null

2018-11-08 17:14:02 - [TEST_STEP][PASSED] - Statement - counter = counter + 1: null

2018-11-08 17:14:02 - [TEST_STEP][PASSED] - Statement - PreSaveFile = new java.io.File(((pathPrefix + java.lang.Integer.toString(counter)) + .png)): null

2018-11-08 17:14:02 - [TEST_STEP][PASSED] - Statement - counter = counter + 1: null

2018-11-08 17:14:02 - [TEST_STEP][PASSED] - Statement - PreSaveFile = new java.io.File(((pathPrefix + java.lang.Integer.toString(counter)) + .png)): null

2018-11-08 17:14:02 - [TEST_STEP][PASSED] - Statement - counter = counter + 1: null

2018-11-08 17:14:02 - [TEST_STEP][PASSED] - Statement - PreSaveFile = new java.io.File(((pathPrefix + java.lang.Integer.toString(counter)) + .png)): null

2018-11-08 17:14:02 - [TEST_STEP][PASSED] - Statement - counter = counter + 1: null

2018-11-08 17:14:03 - [TEST_STEP][PASSED] - Statement - PreSaveFile = new java.io.File(((pathPrefix + java.lang.Integer.toString(counter)) + .png)): null

2018-11-08 17:14:03 - [TEST_STEP][PASSED] - Statement - counter = counter + 1: null

2018-11-08 17:14:03 - [TEST_STEP][PASSED] - Statement - PreSaveFile = new java.io.File(((pathPrefix + java.lang.Integer.toString(counter)) + .png)): null

2018-11-08 17:14:03 - [TEST_STEP][PASSED] - Statement - counter = counter + 1: null

2018-11-08 17:14:03 - [TEST_STEP][PASSED] - Statement - PreSaveFile = new java.io.File(((pathPrefix + java.lang.Integer.toString(counter)) + .png)): null

2018-11-08 17:14:03 - [TEST_STEP][PASSED] - Statement - counter = counter + 1: null

2018-11-08 17:14:03 - [TEST_STEP][PASSED] - Statement - PreSaveFile = new java.io.File(((pathPrefix + java.lang.Integer.toString(counter)) + .png)): null

2018-11-08 17:14:03 - [TEST_STEP][PASSED] - Statement - counter = counter + 1: null

2018-11-08 17:14:03 - [TEST_STEP][PASSED] - Statement - PreSaveFile = new java.io.File(((pathPrefix + java.lang.Integer.toString(counter)) + .png)): null

2018-11-08 17:14:03 - [TEST_STEP][PASSED] - Statement - counter = counter + 1: null

2018-11-08 17:14:04 - [TEST_STEP][PASSED] - Statement - PreSaveFile = new java.io.File(((pathPrefix + java.lang.Integer.toString(counter)) + .png)): null

2018-11-08 17:14:04 - [TEST_STEP][PASSED] - Statement - counter = counter + 1: null

2018-11-08 17:14:04 - [TEST_STEP][PASSED] - Statement - PreSaveFile = new java.io.File(((pathPrefix + java.lang.Integer.toString(counter)) + .png)): null

2018-11-08 17:14:04 - [TEST_STEP][PASSED] - Statement - counter = counter + 1: null

2018-11-08 17:14:04 - [TEST_STEP][PASSED] - Statement - PreSaveFile = new java.io.File(((pathPrefix + java.lang.Integer.toString(counter)) + .png)): null

2018-11-08 17:14:04 - [TEST_STEP][PASSED] - Statement - counter = counter + 1: null

2018-11-08 17:14:04 - [TEST_STEP][PASSED] - Statement - PreSaveFile = new java.io.File(((pathPrefix + java.lang.Integer.toString(counter)) + .png)): null

2018-11-08 17:14:04 - [TEST_STEP][PASSED] - Statement - counter = counter + 1: null

2018-11-08 17:14:04 - [TEST_STEP][PASSED] - Statement - PreSaveFile = new java.io.File(((pathPrefix + java.lang.Integer.toString(counter)) + .png)): null

2018-11-08 17:14:04 - [TEST_STEP][PASSED] - Statement - counter = counter + 1: null

2018-11-08 17:14:05 - [TEST_STEP][PASSED] - Statement - PreSaveFile = new java.io.File(((pathPrefix + java.lang.Integer.toString(counter)) + .png)): null

2018-11-08 17:14:05 - [TEST_STEP][PASSED] - Statement - counter = counter + 1: null

2018-11-08 17:14:05 - [TEST_STEP][PASSED] - Statement - PreSaveFile = new java.io.File(((pathPrefix + java.lang.Integer.toString(counter)) + .png)): null

2018-11-08 17:14:05 - [TEST_STEP][PASSED] - Statement - counter = counter + 1: null

2018-11-08 17:14:05 - [TEST_STEP][PASSED] - Statement - PreSaveFile = new java.io.File(((pathPrefix + java.lang.Integer.toString(counter)) + .png)): null

2018-11-08 17:14:05 - [TEST_STEP][PASSED] - Statement - counter = counter + 1: null

2018-11-08 17:14:05 - [TEST_STEP][PASSED] - Statement - PreSaveFile = new java.io.File(((pathPrefix + java.lang.Integer.toString(counter)) + .png)): null

2018-11-08 17:14:05 - [TEST_STEP][PASSED] - Statement - counter = counter + 1: null

2018-11-08 17:14:05 - [TEST_STEP][PASSED] - Statement - PreSaveFile = new java.io.File(((pathPrefix + java.lang.Integer.toString(counter)) + .png)): null

2018-11-08 17:14:05 - [TEST_STEP][PASSED] - Statement - counter = counter + 1: null

2018-11-08 17:14:06 - [TEST_STEP][PASSED] - Statement - PreSaveFile = new java.io.File(((pathPrefix + java.lang.Integer.toString(counter)) + .png)): null

2018-11-08 17:14:06 - [TEST_STEP][PASSED] - Statement - counter = counter + 1: null

2018-11-08 17:14:06 - [TEST_STEP][PASSED] - Statement - PreSaveFile = new java.io.File(((pathPrefix + java.lang.Integer.toString(counter)) + .png)): null

2018-11-08 17:14:06 - [TEST_STEP][PASSED] - Statement - counter = counter + 1: null

2018-11-08 17:14:06 - [TEST_STEP][PASSED] - Statement - PreSaveFile = new java.io.File(((pathPrefix + java.lang.Integer.toString(counter)) + .png)): null

2018-11-08 17:14:06 - [TEST_STEP][PASSED] - Statement - finalPath = pathPrefix + java.lang.Integer.toString(counter) + ".png": null

2018-11-08 17:14:06 - [TEST_STEP][PASSED] - Statement - SaveFile = new java.io.File(finalPath): null

2018-11-08 17:14:06 - [TEST_STEP][PASSED] - Statement - Try: null

2018-11-08 17:14:06 - [TEST_STEP][PASSED] - Statement - org.apache.commons.io.FileUtils.copyFile(scrFile, SaveFile): null

2018-11-08 17:14:06 - [TEST_STEP][PASSED] - Statement - out.println("file kept"): null

2018-11-08 17:14:07 - [TEST_STEP][PASSED] - delay: Delayed 10 second(s)

2018-11-08 17:14:17 - [MESSAGE][PASSED] - Delayed 10 second(s)

2018-11-08 17:14:17 - [MESSAGE][PASSED] - Call Test Case 'Test Cases/Final Aug 2018 - PKS Automation/Registration Module/New Registration/Submit and Screenshot/Submit Registration and Screenshot' successfully

2018-11-08 17:14:17 - [TEST_STEP][PASSED] - delay: Delayed 5 second(s)

2018-11-08 17:14:22 - [MESSAGE][PASSED] - Delayed 5 second(s)

2018-11-08 17:14:22 - [TEST_STEP][PASSED] - callTestCase: Call Test Case 'Test Cases/Final Aug 2018 - PKS Automation/Registration Module/Log Out/log out avoiding katalon tagging' successfully

2018-11-08 17:14:22 - [TEST_CASE][PASSED] - Test Cases/Final Aug 2018 - PKS Automation/Registration Module/Log Out/log out avoiding katalon tagging: Test Cases/Final Aug 2018 - PKS Automation/Registration Module/Log Out/log out avoiding katalon tagging

2018-11-08 17:14:22 - [TEST_STEP][PASSED] - navigateToUrl: Navigate to 'https://assist2-uat.perkeso.gov.my/c/portal/logout' successfully

2018-11-08 17:14:24 - [MESSAGE][PASSED] - Navigate to 'https://assist2-uat.perkeso.gov.my/c/portal/logout' successfully

2018-11-08 17:14:24 - [MESSAGE][PASSED] - Call Test Case 'Test Cases/Final Aug 2018 - PKS Automation/Registration Module/Log Out/log out avoiding katalon tagging' successfully

2018-11-08 17:14:24 - [TEST_STEP][FAILED] - callTestCase: Unable to call Test Case with id 'Test Cases/Final Aug 2018 - PKS Automation/Common/Workflow Owner Finder' (Root cause: Call Test Case 'Test Cases/Final Aug 2018 - PKS Automation/Common/Workflow Owner Finder' failed)

2018-11-08 17:14:24 - [TEST_CASE][FAILED] - Test Cases/Final Aug 2018 - PKS Automation/Common/Workflow Owner Finder: Test Cases/Final Aug 2018 - PKS Automation/Common/Workflow Owner Finder FAILED because (of) (Stack trace: com.kms.katalon.core.exception.StepFailedException: Unable to click on object 'Object Repository/Final Object Repo/Landing Page/Select to Workflow Listing' (Root cause: org.openqa.selenium.ElementNotInteractableException: Element <a href="https://assist2-uat.perkeso.gov.my/web/base/workflow/workflow-listing"> could not be scrolled into view
Build info: version: '3.9.1', revision: '63f7b50', time: '2018-02-07T22:42:28.403Z'
System info: host: 'WEIZHENG', ip: '10.212.128.111', os.name: 'Windows 7', os.arch: 'amd64', os.version: '6.1', java.version: '1.8.0_181'
Driver info: com.kms.katalon.core.webui.driver.firefox.CGeckoDriver
Capabilities {acceptInsecureCerts: true, browserName: firefox, browserVersion: 63.0.1, javascriptEnabled: true, moz:accessibilityChecks: false, moz:geckodriverVersion: 0.23.0, moz:headless: false, moz:processID: 11168, moz:profile: C:\Users\Wei Zheng\AppData\..., moz:useNonSpecCompliantPointerOrigin: false, moz:webdriverClick: true, pageLoadStrategy: normal, platform: WINDOWS, platformName: WINDOWS, platformVersion: 6.1, proxy: Proxy(direct), rotatable: false, setWindowRect: true, timeouts: {implicit: 0, pageLoad: 300000, script: 30000}, unhandledPromptBehavior: dismiss and notify}
Session ID: f1ecb928-c798-401d-a21f-31d61de1f178)
	at com.kms.katalon.core.keyword.internal.KeywordMain.stepFailed(KeywordMain.groovy:32)
	at com.kms.katalon.core.webui.keyword.internal.WebUIKeywordMain.stepFailed(WebUIKeywordMain.groovy:65)
	at com.kms.katalon.core.webui.keyword.internal.WebUIKeywordMain.runKeyword(WebUIKeywordMain.groovy:27)
	at com.kms.katalon.core.webui.keyword.builtin.ClickKeyword.click(ClickKeyword.groovy:86)
	at com.kms.katalon.core.webui.keyword.builtin.ClickKeyword.execute(ClickKeyword.groovy:67)
	at com.kms.katalon.core.keyword.internal.KeywordExecutor.executeKeywordForPlatform(KeywordExecutor.groovy:53)
	at com.kms.katalon.core.webui.keyword.WebUiBuiltInKeywords.click(WebUiBuiltInKeywords.groovy:616)
	at com.kms.katalon.core.webui.keyword.WebUiBuiltInKeywords$click$2.call(Unknown Source)
	at Script1534407542420.run(Script1534407542420.groovy:73)
	at com.kms.katalon.core.main.ScriptEngine.run(ScriptEngine.java:183)
	at com.kms.katalon.core.main.ScriptEngine.runScriptAsRawText(ScriptEngine.java:108)
	at com.kms.katalon.core.main.TestCaseExecutor.runScript(TestCaseExecutor.java:294)
	at com.kms.katalon.core.main.TestCaseExecutor.doExecute(TestCaseExecutor.java:285)
	at com.kms.katalon.core.main.TestCaseExecutor.processExecutionPhase(TestCaseExecutor.java:264)
	at com.kms.katalon.core.main.TestCaseExecutor.accessMainPhase(TestCaseExecutor.java:256)
	at com.kms.katalon.core.main.TestCaseExecutor.execute(TestCaseExecutor.java:200)
	at com.kms.katalon.core.main.TestCaseMain.runTestCase(TestCaseMain.java:99)
	at com.kms.katalon.core.keyword.builtin.CallTestCaseKeyword$_callTestCase_closure1.doCall(CallTestCaseKeyword.groovy:60)
	at com.kms.katalon.core.keyword.builtin.CallTestCaseKeyword$_callTestCase_closure1.call(CallTestCaseKeyword.groovy)
	at com.kms.katalon.core.keyword.internal.KeywordMain.runKeyword(KeywordMain.groovy:54)
	at com.kms.katalon.core.keyword.builtin.CallTestCaseKeyword.callTestCase(CallTestCaseKeyword.groovy:81)
	at com.kms.katalon.core.keyword.builtin.CallTestCaseKeyword.execute(CallTestCaseKeyword.groovy:45)
	at com.kms.katalon.core.keyword.internal.KeywordExecutor.executeKeywordForPlatform(KeywordExecutor.groovy:53)
	at com.kms.katalon.core.keyword.BuiltinKeywords.callTestCase(BuiltinKeywords.groovy:334)
	at sun.reflect.GeneratedMethodAccessor13.invoke(Unknown Source)
	at sun.reflect.DelegatingMethodAccessorImpl.invoke(DelegatingMethodAccessorImpl.java:43)
	at java.lang.reflect.Method.invoke(Method.java:498)
	at org.codehaus.groovy.reflection.CachedMethod.invoke(CachedMethod.java:93)
	at groovy.lang.MetaMethod.doMethodInvoke(MetaMethod.java:325)
	at groovy.lang.MetaClassImpl.invokeStaticMethod(MetaClassImpl.java:1469)
	at org.codehaus.groovy.runtime.callsite.StaticMetaClassSite.call(StaticMetaClassSite.java:53)
	at org.codehaus.groovy.runtime.callsite.CallSiteArray.defaultCall(CallSiteArray.java:48)
	at org.codehaus.groovy.runtime.callsite.AbstractCallSite.call(AbstractCallSite.java:113)
	at org.codehaus.groovy.runtime.callsite.AbstractCallSite.call(AbstractCallSite.java:141)
	at Script1535944782532.run(Script1535944782532.groovy:110)
	at com.kms.katalon.core.main.ScriptEngine.run(ScriptEngine.java:183)
	at com.kms.katalon.core.main.ScriptEngine.runScriptAsRawText(ScriptEngine.java:108)
	at com.kms.katalon.core.main.TestCaseExecutor.runScript(TestCaseExecutor.java:294)
	at com.kms.katalon.core.main.TestCaseExecutor.doExecute(TestCaseExecutor.java:285)
	at com.kms.katalon.core.main.TestCaseExecutor.processExecutionPhase(TestCaseExecutor.java:264)
	at com.kms.katalon.core.main.TestCaseExecutor.accessMainPhase(TestCaseExecutor.java:256)
	at com.kms.katalon.core.main.TestCaseExecutor.execute(TestCaseExecutor.java:200)
	at com.kms.katalon.core.main.TestSuiteExecutor.accessTestCaseMainPhase(TestSuiteExecutor.java:129)
	at com.kms.katalon.core.main.TestSuiteExecutor.accessTestSuiteMainPhase(TestSuiteExecutor.java:112)
	at com.kms.katalon.core.main.TestSuiteExecutor.execute(TestSuiteExecutor.java:81)
	at com.kms.katalon.core.main.TestCaseMain.startTestSuite(TestCaseMain.java:142)
	at com.kms.katalon.core.main.TestCaseMain$startTestSuite$0.call(Unknown Source)
	at org.codehaus.groovy.runtime.callsite.CallSiteArray.defaultCall(CallSiteArray.java:48)
	at org.codehaus.groovy.runtime.callsite.AbstractCallSite.call(AbstractCallSite.java:113)
	at org.codehaus.groovy.runtime.callsite.AbstractCallSite.call(AbstractCallSite.java:141)
	at TempTestSuite1541659865479.run(TempTestSuite1541659865479.groovy:36)
	at groovy.lang.GroovyShell.runScriptOrMainOrTestOrRunnable(GroovyShell.java:263)
	at groovy.lang.GroovyShell.run(GroovyShell.java:518)
	at groovy.lang.GroovyShell.run(GroovyShell.java:507)
	at groovy.ui.GroovyMain.processOnce(GroovyMain.java:653)
	at groovy.ui.GroovyMain.run(GroovyMain.java:384)
	at groovy.ui.GroovyMain.process(GroovyMain.java:370)
	at groovy.ui.GroovyMain.processArgs(GroovyMain.java:129)
	at groovy.ui.GroovyMain.main(GroovyMain.java:109)
	at sun.reflect.NativeMethodAccessorImpl.invoke0(Native Method)
	at sun.reflect.NativeMethodAccessorImpl.invoke(NativeMethodAccessorImpl.java:62)
	at sun.reflect.DelegatingMethodAccessorImpl.invoke(DelegatingMethodAccessorImpl.java:43)
	at java.lang.reflect.Method.invoke(Method.java:498)
	at org.codehaus.groovy.tools.GroovyStarter.rootLoader(GroovyStarter.java:109)
	at org.codehaus.groovy.tools.GroovyStarter.main(GroovyStarter.java:131)
)

2018-11-08 17:14:24 - [TEST_STEP][PASSED] - openBrowser: Browser is opened with url: ''

2018-11-08 17:14:24 - [MESSAGE][WARNING] - A browser is already opened. Closing browser and opening a new one

2018-11-08 17:14:29 - [MESSAGE][PASSED] - Browser is opened with url: ''

2018-11-08 17:14:29 - [TEST_STEP][PASSED] - navigateToUrl: Navigate to 'https://assist2-uat.perkeso.gov.my/login' successfully

2018-11-08 17:14:32 - [MESSAGE][PASSED] - Navigate to 'https://assist2-uat.perkeso.gov.my/login' successfully

2018-11-08 17:14:32 - [TEST_STEP][PASSED] - delay: Delayed 5 second(s)

2018-11-08 17:14:37 - [MESSAGE][PASSED] - Delayed 5 second(s)

2018-11-08 17:14:37 - [TEST_STEP][PASSED] - setText: Text 'test@liferay.com' is set on object 'Object Repository/Final Object Repo/Login Page/Internal User/Email Address'

2018-11-08 17:14:37 - [MESSAGE][PASSED] - Text 'test@liferay.com' is set on object 'Object Repository/Final Object Repo/Login Page/Internal User/Email Address'

2018-11-08 17:14:37 - [TEST_STEP][PASSED] - click: Object: 'Object Repository/Final Object Repo/Login Page/Internal User/Next Button' is clicked on

2018-11-08 17:14:38 - [MESSAGE][PASSED] - Object: 'Object Repository/Final Object Repo/Login Page/Internal User/Next Button' is clicked on

2018-11-08 17:14:38 - [TEST_STEP][PASSED] - delay: Delayed 2 second(s)

2018-11-08 17:14:40 - [MESSAGE][PASSED] - Delayed 2 second(s)

2018-11-08 17:14:40 - [TEST_STEP][PASSED] - setText: Text 'test' is set on object 'Object Repository/Final Object Repo/Login Page/Internal User/Password'

2018-11-08 17:14:40 - [MESSAGE][PASSED] - Text 'test' is set on object 'Object Repository/Final Object Repo/Login Page/Internal User/Password'

2018-11-08 17:14:40 - [TEST_STEP][PASSED] - delay: Delayed 2 second(s)

2018-11-08 17:14:42 - [MESSAGE][PASSED] - Delayed 2 second(s)

2018-11-08 17:14:42 - [TEST_STEP][PASSED] - click: Object: 'Object Repository/Final Object Repo/Login Page/Internal User/Login Button' is clicked on

2018-11-08 17:14:45 - [MESSAGE][PASSED] - Object: 'Object Repository/Final Object Repo/Login Page/Internal User/Login Button' is clicked on

2018-11-08 17:14:45 - [TEST_STEP][PASSED] - Statement - Try: Delayed 2 second(s)

2018-11-08 17:14:45 - [TEST_STEP][PASSED] - Statement - Checker = false: null

2018-11-08 17:14:45 - [TEST_STEP][PASSED] - Statement - Checker = com.kms.katalon.core.webui.keyword.WebUiBuiltInKeywords.verifyElementHasAttribute(com.kms.katalon.core.testobject.ObjectRepository.findTestObject(Final Object Repo/Landing Page/BM Detecting), "href", 20, OPTIONAL): Object 'Object Repository/Final Object Repo/Landing Page/BM Detecting' has attribute 'href'

2018-11-08 17:14:45 - [MESSAGE][PASSED] - Object 'Object Repository/Final Object Repo/Landing Page/BM Detecting' has attribute 'href'

2018-11-08 17:14:45 - [TEST_STEP][PASSED] - Statement - out.println(Checker): null

2018-11-08 17:14:45 - [TEST_STEP][PASSED] - Statement - If (Checker == false): null

2018-11-08 17:14:45 - [TEST_STEP][PASSED] - Statement - Else: null

2018-11-08 17:14:45 - [TEST_STEP][PASSED] - delay: Delayed 2 second(s)

2018-11-08 17:14:47 - [MESSAGE][PASSED] - Delayed 2 second(s)

2018-11-08 17:14:47 - [TEST_STEP][PASSED] - delay: Delayed 3 second(s)

2018-11-08 17:14:50 - [MESSAGE][PASSED] - Delayed 3 second(s)

2018-11-08 17:14:50 - [TEST_STEP][PASSED] - mouseOver: Object: 'Object Repository/Final Object Repo/Landing Page/WorkFlow Menu' is hovered

2018-11-08 17:14:51 - [MESSAGE][PASSED] - Object: 'Object Repository/Final Object Repo/Landing Page/WorkFlow Menu' is hovered

2018-11-08 17:14:51 - [TEST_STEP][PASSED] - delay: Delayed 2 second(s)

2018-11-08 17:14:53 - [MESSAGE][PASSED] - Delayed 2 second(s)

2018-11-08 17:14:53 - [TEST_STEP][FAILED] - click: Unable to click on object 'Object Repository/Final Object Repo/Landing Page/Select to Workflow Listing' (Root cause: org.openqa.selenium.ElementNotInteractableException: Element <a href="https://assist2-uat.perkeso.gov.my/web/base/workflow/workflow-listing"> could not be scrolled into view
Build info: version: '3.9.1', revision: '63f7b50', time: '2018-02-07T22:42:28.403Z'
System info: host: 'WEIZHENG', ip: '10.212.128.111', os.name: 'Windows 7', os.arch: 'amd64', os.version: '6.1', java.version: '1.8.0_181'
Driver info: com.kms.katalon.core.webui.driver.firefox.CGeckoDriver
Capabilities {acceptInsecureCerts: true, browserName: firefox, browserVersion: 63.0.1, javascriptEnabled: true, moz:accessibilityChecks: false, moz:geckodriverVersion: 0.23.0, moz:headless: false, moz:processID: 11168, moz:profile: C:\Users\Wei Zheng\AppData\..., moz:useNonSpecCompliantPointerOrigin: false, moz:webdriverClick: true, pageLoadStrategy: normal, platform: WINDOWS, platformName: WINDOWS, platformVersion: 6.1, proxy: Proxy(direct), rotatable: false, setWindowRect: true, timeouts: {implicit: 0, pageLoad: 300000, script: 30000}, unhandledPromptBehavior: dismiss and notify}
Session ID: f1ecb928-c798-401d-a21f-31d61de1f178)

2018-11-08 17:14:53 - [MESSAGE][FAILED] - Unable to click on object 'Object Repository/Final Object Repo/Landing Page/Select to Workflow Listing' (Root cause: org.openqa.selenium.ElementNotInteractableException: Element <a href="https://assist2-uat.perkeso.gov.my/web/base/workflow/workflow-listing"> could not be scrolled into view
Build info: version: '3.9.1', revision: '63f7b50', time: '2018-02-07T22:42:28.403Z'
System info: host: 'WEIZHENG', ip: '10.212.128.111', os.name: 'Windows 7', os.arch: 'amd64', os.version: '6.1', java.version: '1.8.0_181'
Driver info: com.kms.katalon.core.webui.driver.firefox.CGeckoDriver
Capabilities {acceptInsecureCerts: true, browserName: firefox, browserVersion: 63.0.1, javascriptEnabled: true, moz:accessibilityChecks: false, moz:geckodriverVersion: 0.23.0, moz:headless: false, moz:processID: 11168, moz:profile: C:\Users\Wei Zheng\AppData\..., moz:useNonSpecCompliantPointerOrigin: false, moz:webdriverClick: true, pageLoadStrategy: normal, platform: WINDOWS, platformName: WINDOWS, platformVersion: 6.1, proxy: Proxy(direct), rotatable: false, setWindowRect: true, timeouts: {implicit: 0, pageLoad: 300000, script: 30000}, unhandledPromptBehavior: dismiss and notify}
Session ID: f1ecb928-c798-401d-a21f-31d61de1f178)
[[ATTACHMENT|C:\\Users\\LENOVO\\Katalon Studio\\Perkeso Phase A\\Reports\\Workflow\\New Registration\\20181108_145105\\1541668493260.png]]

2018-11-08 17:14:53 - [TEST_STEP][PASSED] - delay: Delayed 2 second(s)

2018-11-08 17:14:55 - [MESSAGE][PASSED] - Delayed 2 second(s)

2018-11-08 17:14:55 - [TEST_STEP][FAILED] - click: Unable to click on object 'Object Repository/Final Object Repo/WorkFlow Listing Page/Search Information - To Put Ref No' (Root cause: com.kms.katalon.core.webui.exception.WebElementNotFoundException: Web element with id: 'Object Repository/Final Object Repo/WorkFlow Listing Page/Search Information - To Put Ref No' located by 'By.xpath: //h2[@data-target = '#_workflowlisting_WAR_baseportlet_searchDiv' and (text() = 'Search Information' or . = 'Search Information')]' not found)

2018-11-08 17:15:27 - [MESSAGE][FAILED] - Unable to click on object 'Object Repository/Final Object Repo/WorkFlow Listing Page/Search Information - To Put Ref No' (Root cause: com.kms.katalon.core.webui.exception.WebElementNotFoundException: Web element with id: 'Object Repository/Final Object Repo/WorkFlow Listing Page/Search Information - To Put Ref No' located by 'By.xpath: //h2[@data-target = '#_workflowlisting_WAR_baseportlet_searchDiv' and (text() = 'Search Information' or . = 'Search Information')]' not found)
[[ATTACHMENT|C:\\Users\\LENOVO\\Katalon Studio\\Perkeso Phase A\\Reports\\Workflow\\New Registration\\20181108_145105\\1541668527304.png]]

2018-11-08 17:15:27 - [TEST_STEP][PASSED] - delay: Delayed 2 second(s)

2018-11-08 17:15:29 - [MESSAGE][PASSED] - Delayed 2 second(s)

2018-11-08 17:15:29 - [TEST_STEP][PASSED] - callTestCase: Call Test Case 'Test Cases/Final Aug 2018 - PKS Automation/Common/Reference Number Getter' successfully

2018-11-08 17:15:29 - [TEST_CASE][PASSED] - Test Cases/Final Aug 2018 - PKS Automation/Common/Reference Number Getter: Test Cases/Final Aug 2018 - PKS Automation/Common/Reference Number Getter

2018-11-08 17:15:29 - [TEST_STEP][PASSED] - Statement - Try: null

2018-11-08 17:15:29 - [TEST_STEP][PASSED] - Statement - RefNo = new java.io.File(C://KatalonReference.txt): null

2018-11-08 17:15:29 - [TEST_STEP][PASSED] - Statement - bufferread = new java.io.BufferedReader(new java.io.FileReader(RefNo)): null

2018-11-08 17:15:29 - [TEST_STEP][PASSED] - Statement - readedVal = bufferread.readLine(): null

2018-11-08 17:15:29 - [TEST_STEP][PASSED] - Statement - out.println(CaseReferenceNo): null

2018-11-08 17:15:29 - [TEST_STEP][PASSED] - Statement - out.println(readedVal): null

2018-11-08 17:15:29 - [TEST_STEP][PASSED] - Statement - CaseReferenceNo = readedVal: null

2018-11-08 17:15:29 - [MESSAGE][PASSED] - Call Test Case 'Test Cases/Final Aug 2018 - PKS Automation/Common/Reference Number Getter' successfully

2018-11-08 17:15:29 - [TEST_STEP][FAILED] - setText: Unable to set text 'CRN11201800122430' of object 'Object Repository/Final Object Repo/WorkFlow Listing Page/Ref No Set Text' (Root cause: com.kms.katalon.core.webui.exception.WebElementNotFoundException: Web element with id: 'Object Repository/Final Object Repo/WorkFlow Listing Page/Ref No Set Text' located by 'By.xpath: //input[@id = '_workflowlisting_WAR_baseportlet_dto.trxReferenceNum' and @name = '_workflowlisting_WAR_baseportlet_dto.trxReferenceNum' and @type = 'text']' not found)

2018-11-08 17:16:02 - [MESSAGE][FAILED] - Unable to set text 'CRN11201800122430' of object 'Object Repository/Final Object Repo/WorkFlow Listing Page/Ref No Set Text' (Root cause: com.kms.katalon.core.webui.exception.WebElementNotFoundException: Web element with id: 'Object Repository/Final Object Repo/WorkFlow Listing Page/Ref No Set Text' located by 'By.xpath: //input[@id = '_workflowlisting_WAR_baseportlet_dto.trxReferenceNum' and @name = '_workflowlisting_WAR_baseportlet_dto.trxReferenceNum' and @type = 'text']' not found)
[[ATTACHMENT|C:\\Users\\LENOVO\\Katalon Studio\\Perkeso Phase A\\Reports\\Workflow\\New Registration\\20181108_145105\\1541668561905.png]]

2018-11-08 17:16:02 - [TEST_STEP][PASSED] - delay: Delayed 2 second(s)

2018-11-08 17:16:04 - [MESSAGE][PASSED] - Delayed 2 second(s)

2018-11-08 17:16:04 - [TEST_STEP][FAILED] - click: Unable to click on object 'Object Repository/Final Object Repo/WorkFlow Listing Page/Search Ref No Search Button' (Root cause: org.openqa.selenium.ElementNotInteractableException: Element <i class="icon-search"> could not be scrolled into view
Build info: version: '3.9.1', revision: '63f7b50', time: '2018-02-07T22:42:28.403Z'
System info: host: 'WEIZHENG', ip: '10.212.128.111', os.name: 'Windows 7', os.arch: 'amd64', os.version: '6.1', java.version: '1.8.0_181'
Driver info: com.kms.katalon.core.webui.driver.firefox.CGeckoDriver
Capabilities {acceptInsecureCerts: true, browserName: firefox, browserVersion: 63.0.1, javascriptEnabled: true, moz:accessibilityChecks: false, moz:geckodriverVersion: 0.23.0, moz:headless: false, moz:processID: 11168, moz:profile: C:\Users\Wei Zheng\AppData\..., moz:useNonSpecCompliantPointerOrigin: false, moz:webdriverClick: true, pageLoadStrategy: normal, platform: WINDOWS, platformName: WINDOWS, platformVersion: 6.1, proxy: Proxy(direct), rotatable: false, setWindowRect: true, timeouts: {implicit: 0, pageLoad: 300000, script: 30000}, unhandledPromptBehavior: dismiss and notify}
Session ID: f1ecb928-c798-401d-a21f-31d61de1f178)

2018-11-08 17:16:04 - [MESSAGE][FAILED] - Unable to click on object 'Object Repository/Final Object Repo/WorkFlow Listing Page/Search Ref No Search Button' (Root cause: org.openqa.selenium.ElementNotInteractableException: Element <i class="icon-search"> could not be scrolled into view
Build info: version: '3.9.1', revision: '63f7b50', time: '2018-02-07T22:42:28.403Z'
System info: host: 'WEIZHENG', ip: '10.212.128.111', os.name: 'Windows 7', os.arch: 'amd64', os.version: '6.1', java.version: '1.8.0_181'
Driver info: com.kms.katalon.core.webui.driver.firefox.CGeckoDriver
Capabilities {acceptInsecureCerts: true, browserName: firefox, browserVersion: 63.0.1, javascriptEnabled: true, moz:accessibilityChecks: false, moz:geckodriverVersion: 0.23.0, moz:headless: false, moz:processID: 11168, moz:profile: C:\Users\Wei Zheng\AppData\..., moz:useNonSpecCompliantPointerOrigin: false, moz:webdriverClick: true, pageLoadStrategy: normal, platform: WINDOWS, platformName: WINDOWS, platformVersion: 6.1, proxy: Proxy(direct), rotatable: false, setWindowRect: true, timeouts: {implicit: 0, pageLoad: 300000, script: 30000}, unhandledPromptBehavior: dismiss and notify}
Session ID: f1ecb928-c798-401d-a21f-31d61de1f178)
[[ATTACHMENT|C:\\Users\\LENOVO\\Katalon Studio\\Perkeso Phase A\\Reports\\Workflow\\New Registration\\20181108_145105\\1541668564086.png]]

2018-11-08 17:16:04 - [TEST_STEP][PASSED] - delay: Delayed 4 second(s)

2018-11-08 17:16:08 - [MESSAGE][PASSED] - Delayed 4 second(s)

2018-11-08 17:16:08 - [TEST_STEP][PASSED] - click: Object: 'Object Repository/Final Object Repo/WorkFlow Listing Page/Click Continue Tooltip' is clicked on

2018-11-08 17:16:10 - [MESSAGE][PASSED] - Object: 'Object Repository/Final Object Repo/WorkFlow Listing Page/Click Continue Tooltip' is clicked on

2018-11-08 17:16:10 - [TEST_STEP][PASSED] - delay: Delayed 5 second(s)

2018-11-08 17:16:15 - [MESSAGE][PASSED] - Delayed 5 second(s)

2018-11-08 17:16:15 - [TEST_STEP][FAILED] - doubleClick: Unable to double click on object 'Object Repository/Final Object Repo/WorkFlow Listing Page/Workflow Found - Listing 1' (Root cause: com.kms.katalon.core.webui.exception.WebElementNotFoundException: Web element with id: 'Object Repository/Final Object Repo/WorkFlow Listing Page/Workflow Found - Listing 1' located by 'By.xpath: //body/div/div/div/div/div/div/div/div/div/div/div/div/div/div/div/div/table/tbody/tr/td[@class='table-cell  first']/following-sibling::td[1]' not found)

2018-11-08 17:16:47 - [MESSAGE][FAILED] - Unable to double click on object 'Object Repository/Final Object Repo/WorkFlow Listing Page/Workflow Found - Listing 1' (Root cause: com.kms.katalon.core.webui.exception.WebElementNotFoundException: Web element with id: 'Object Repository/Final Object Repo/WorkFlow Listing Page/Workflow Found - Listing 1' located by 'By.xpath: //body/div/div/div/div/div/div/div/div/div/div/div/div/div/div/div/div/table/tbody/tr/td[@class='table-cell  first']/following-sibling::td[1]' not found)
[[ATTACHMENT|C:\\Users\\LENOVO\\Katalon Studio\\Perkeso Phase A\\Reports\\Workflow\\New Registration\\20181108_145105\\1541668607144.png]]

2018-11-08 17:16:47 - [MESSAGE][FAILED] - Unable to call Test Case with id 'Test Cases/Final Aug 2018 - PKS Automation/Common/Workflow Owner Finder' (Root cause: Call Test Case 'Test Cases/Final Aug 2018 - PKS Automation/Common/Workflow Owner Finder' failed)]]></system-out>
         <system-err><![CDATA[2018-11-08 17:05:38 - [TEST_CASE][FAILED] - Test Cases/Final Aug 2018 - PKS Automation/Registration Module/Workflow/New Registration/OTC - PKR BO - RO Under Enforcement(Routed 2 Time): Test Cases/Final Aug 2018 - PKS Automation/Registration Module/Workflow/New Registration/OTC - PKR BO - RO Under Enforcement(Routed 2 Time) FAILED because (of) (Stack trace: com.kms.katalon.core.exception.StepFailedException: Unable to click on object 'Object Repository/Final Object Repo/Landing Page/Select to Workflow Listing' (Root cause: org.openqa.selenium.ElementNotInteractableException: Element <a href="https://assist2-uat.perkeso.gov.my/web/base/workflow/workflow-listing"> could not be scrolled into view
Build info: version: '3.9.1', revision: '63f7b50', time: '2018-02-07T22:42:28.403Z'
System info: host: 'WEIZHENG', ip: '10.212.128.111', os.name: 'Windows 7', os.arch: 'amd64', os.version: '6.1', java.version: '1.8.0_181'
Driver info: com.kms.katalon.core.webui.driver.firefox.CGeckoDriver
Capabilities {acceptInsecureCerts: true, browserName: firefox, browserVersion: 63.0.1, javascriptEnabled: true, moz:accessibilityChecks: false, moz:geckodriverVersion: 0.23.0, moz:headless: false, moz:processID: 11168, moz:profile: C:\Users\Wei Zheng\AppData\..., moz:useNonSpecCompliantPointerOrigin: false, moz:webdriverClick: true, pageLoadStrategy: normal, platform: WINDOWS, platformName: WINDOWS, platformVersion: 6.1, proxy: Proxy(direct), rotatable: false, setWindowRect: true, timeouts: {implicit: 0, pageLoad: 300000, script: 30000}, unhandledPromptBehavior: dismiss and notify}
Session ID: f1ecb928-c798-401d-a21f-31d61de1f178)
	at com.kms.katalon.core.keyword.internal.KeywordMain.stepFailed(KeywordMain.groovy:32)
	at com.kms.katalon.core.webui.keyword.internal.WebUIKeywordMain.stepFailed(WebUIKeywordMain.groovy:65)
	at com.kms.katalon.core.webui.keyword.internal.WebUIKeywordMain.runKeyword(WebUIKeywordMain.groovy:27)
	at com.kms.katalon.core.webui.keyword.builtin.ClickKeyword.click(ClickKeyword.groovy:86)
	at com.kms.katalon.core.webui.keyword.builtin.ClickKeyword.execute(ClickKeyword.groovy:67)
	at com.kms.katalon.core.keyword.internal.KeywordExecutor.executeKeywordForPlatform(KeywordExecutor.groovy:53)
	at com.kms.katalon.core.webui.keyword.WebUiBuiltInKeywords.click(WebUiBuiltInKeywords.groovy:616)
	at com.kms.katalon.core.webui.keyword.WebUiBuiltInKeywords$click$2.call(Unknown Source)
	at Script1534407542420.run(Script1534407542420.groovy:73)
	at com.kms.katalon.core.main.ScriptEngine.run(ScriptEngine.java:183)
	at com.kms.katalon.core.main.ScriptEngine.runScriptAsRawText(ScriptEngine.java:108)
	at com.kms.katalon.core.main.TestCaseExecutor.runScript(TestCaseExecutor.java:294)
	at com.kms.katalon.core.main.TestCaseExecutor.doExecute(TestCaseExecutor.java:285)
	at com.kms.katalon.core.main.TestCaseExecutor.processExecutionPhase(TestCaseExecutor.java:264)
	at com.kms.katalon.core.main.TestCaseExecutor.accessMainPhase(TestCaseExecutor.java:256)
	at com.kms.katalon.core.main.TestCaseExecutor.execute(TestCaseExecutor.java:200)
	at com.kms.katalon.core.main.TestCaseMain.runTestCase(TestCaseMain.java:99)
	at com.kms.katalon.core.keyword.builtin.CallTestCaseKeyword$_callTestCase_closure1.doCall(CallTestCaseKeyword.groovy:60)
	at com.kms.katalon.core.keyword.builtin.CallTestCaseKeyword$_callTestCase_closure1.call(CallTestCaseKeyword.groovy)
	at com.kms.katalon.core.keyword.internal.KeywordMain.runKeyword(KeywordMain.groovy:54)
	at com.kms.katalon.core.keyword.builtin.CallTestCaseKeyword.callTestCase(CallTestCaseKeyword.groovy:81)
	at com.kms.katalon.core.keyword.builtin.CallTestCaseKeyword.execute(CallTestCaseKeyword.groovy:45)
	at com.kms.katalon.core.keyword.internal.KeywordExecutor.executeKeywordForPlatform(KeywordExecutor.groovy:53)
	at com.kms.katalon.core.keyword.BuiltinKeywords.callTestCase(BuiltinKeywords.groovy:334)
	at sun.reflect.GeneratedMethodAccessor13.invoke(Unknown Source)
	at sun.reflect.DelegatingMethodAccessorImpl.invoke(DelegatingMethodAccessorImpl.java:43)
	at java.lang.reflect.Method.invoke(Method.java:498)
	at org.codehaus.groovy.reflection.CachedMethod.invoke(CachedMethod.java:93)
	at groovy.lang.MetaMethod.doMethodInvoke(MetaMethod.java:325)
	at groovy.lang.MetaClassImpl.invokeStaticMethod(MetaClassImpl.java:1469)
	at org.codehaus.groovy.runtime.callsite.StaticMetaClassSite.call(StaticMetaClassSite.java:53)
	at org.codehaus.groovy.runtime.callsite.CallSiteArray.defaultCall(CallSiteArray.java:48)
	at org.codehaus.groovy.runtime.callsite.AbstractCallSite.call(AbstractCallSite.java:113)
	at org.codehaus.groovy.runtime.callsite.AbstractCallSite.call(AbstractCallSite.java:141)
	at Script1535944782532.run(Script1535944782532.groovy:110)
	at com.kms.katalon.core.main.ScriptEngine.run(ScriptEngine.java:183)
	at com.kms.katalon.core.main.ScriptEngine.runScriptAsRawText(ScriptEngine.java:108)
	at com.kms.katalon.core.main.TestCaseExecutor.runScript(TestCaseExecutor.java:294)
	at com.kms.katalon.core.main.TestCaseExecutor.doExecute(TestCaseExecutor.java:285)
	at com.kms.katalon.core.main.TestCaseExecutor.processExecutionPhase(TestCaseExecutor.java:264)
	at com.kms.katalon.core.main.TestCaseExecutor.accessMainPhase(TestCaseExecutor.java:256)
	at com.kms.katalon.core.main.TestCaseExecutor.execute(TestCaseExecutor.java:200)
	at com.kms.katalon.core.main.TestSuiteExecutor.accessTestCaseMainPhase(TestSuiteExecutor.java:129)
	at com.kms.katalon.core.main.TestSuiteExecutor.accessTestSuiteMainPhase(TestSuiteExecutor.java:112)
	at com.kms.katalon.core.main.TestSuiteExecutor.execute(TestSuiteExecutor.java:81)
	at com.kms.katalon.core.main.TestCaseMain.startTestSuite(TestCaseMain.java:142)
	at com.kms.katalon.core.main.TestCaseMain$startTestSuite$0.call(Unknown Source)
	at org.codehaus.groovy.runtime.callsite.CallSiteArray.defaultCall(CallSiteArray.java:48)
	at org.codehaus.groovy.runtime.callsite.AbstractCallSite.call(AbstractCallSite.java:113)
	at org.codehaus.groovy.runtime.callsite.AbstractCallSite.call(AbstractCallSite.java:141)
	at TempTestSuite1541659865479.run(TempTestSuite1541659865479.groovy:36)
	at groovy.lang.GroovyShell.runScriptOrMainOrTestOrRunnable(GroovyShell.java:263)
	at groovy.lang.GroovyShell.run(GroovyShell.java:518)
	at groovy.lang.GroovyShell.run(GroovyShell.java:507)
	at groovy.ui.GroovyMain.processOnce(GroovyMain.java:653)
	at groovy.ui.GroovyMain.run(GroovyMain.java:384)
	at groovy.ui.GroovyMain.process(GroovyMain.java:370)
	at groovy.ui.GroovyMain.processArgs(GroovyMain.java:129)
	at groovy.ui.GroovyMain.main(GroovyMain.java:109)
	at sun.reflect.NativeMethodAccessorImpl.invoke0(Native Method)
	at sun.reflect.NativeMethodAccessorImpl.invoke(NativeMethodAccessorImpl.java:62)
	at sun.reflect.DelegatingMethodAccessorImpl.invoke(DelegatingMethodAccessorImpl.java:43)
	at java.lang.reflect.Method.invoke(Method.java:498)
	at org.codehaus.groovy.tools.GroovyStarter.rootLoader(GroovyStarter.java:109)
	at org.codehaus.groovy.tools.GroovyStarter.main(GroovyStarter.java:131)
)]]></system-err>
      </testcase>
      <system-out><![CDATA[2018-11-08 14:51:08 - [TEST_SUITE][FAILED] - New Registration: Test Cases/Final Aug 2018 - PKS Automation/Registration Module/Workflow/New Registration/Case OTC to RO - RO Submit FAILED because (of) (Stack trace: com.kms.katalon.core.exception.StepFailedException: Unable to click on object 'Object Repository/Final Object Repo/WorkFlow Listing Page/Click Continue Tooltip' (Root cause: com.kms.katalon.core.webui.exception.WebElementNotFoundException: Web element with id: 'Object Repository/Final Object Repo/WorkFlow Listing Page/Click Continue Tooltip' located by 'By.xpath: //i[@aria-hidden = 'true' and @data-toggle = 'tooltip' and @data-original-title = 'Continue']' not found)
	at com.kms.katalon.core.keyword.internal.KeywordMain.stepFailed(KeywordMain.groovy:32)
	at com.kms.katalon.core.webui.keyword.internal.WebUIKeywordMain.stepFailed(WebUIKeywordMain.groovy:65)
	at com.kms.katalon.core.webui.keyword.internal.WebUIKeywordMain.runKeyword(WebUIKeywordMain.groovy:27)
	at com.kms.katalon.core.webui.keyword.builtin.ClickKeyword.click(ClickKeyword.groovy:86)
	at com.kms.katalon.core.webui.keyword.builtin.ClickKeyword.execute(ClickKeyword.groovy:67)
	at com.kms.katalon.core.keyword.internal.KeywordExecutor.executeKeywordForPlatform(KeywordExecutor.groovy:53)
	at com.kms.katalon.core.webui.keyword.WebUiBuiltInKeywords.click(WebUiBuiltInKeywords.groovy:616)
	at com.kms.katalon.core.webui.keyword.WebUiBuiltInKeywords$click$2.call(Unknown Source)
	at Script1534407542420.run(Script1534407542420.groovy:91)
	at com.kms.katalon.core.main.ScriptEngine.run(ScriptEngine.java:183)
	at com.kms.katalon.core.main.ScriptEngine.runScriptAsRawText(ScriptEngine.java:108)
	at com.kms.katalon.core.main.TestCaseExecutor.runScript(TestCaseExecutor.java:294)
	at com.kms.katalon.core.main.TestCaseExecutor.doExecute(TestCaseExecutor.java:285)
	at com.kms.katalon.core.main.TestCaseExecutor.processExecutionPhase(TestCaseExecutor.java:264)
	at com.kms.katalon.core.main.TestCaseExecutor.accessMainPhase(TestCaseExecutor.java:256)
	at com.kms.katalon.core.main.TestCaseExecutor.execute(TestCaseExecutor.java:200)
	at com.kms.katalon.core.main.TestCaseMain.runTestCase(TestCaseMain.java:99)
	at com.kms.katalon.core.keyword.builtin.CallTestCaseKeyword$_callTestCase_closure1.doCall(CallTestCaseKeyword.groovy:60)
	at com.kms.katalon.core.keyword.builtin.CallTestCaseKeyword$_callTestCase_closure1.call(CallTestCaseKeyword.groovy)
	at com.kms.katalon.core.keyword.internal.KeywordMain.runKeyword(KeywordMain.groovy:54)
	at com.kms.katalon.core.keyword.builtin.CallTestCaseKeyword.callTestCase(CallTestCaseKeyword.groovy:81)
	at com.kms.katalon.core.keyword.builtin.CallTestCaseKeyword.execute(CallTestCaseKeyword.groovy:45)
	at com.kms.katalon.core.keyword.internal.KeywordExecutor.executeKeywordForPlatform(KeywordExecutor.groovy:53)
	at com.kms.katalon.core.keyword.BuiltinKeywords.callTestCase(BuiltinKeywords.groovy:334)
	at sun.reflect.GeneratedMethodAccessor13.invoke(Unknown Source)
	at sun.reflect.DelegatingMethodAccessorImpl.invoke(DelegatingMethodAccessorImpl.java:43)
	at java.lang.reflect.Method.invoke(Method.java:498)
	at org.codehaus.groovy.reflection.CachedMethod.invoke(CachedMethod.java:93)
	at groovy.lang.MetaMethod.doMethodInvoke(MetaMethod.java:325)
	at groovy.lang.MetaClassImpl.invokeStaticMethod(MetaClassImpl.java:1469)
	at org.codehaus.groovy.runtime.callsite.StaticMetaClassSite.call(StaticMetaClassSite.java:53)
	at org.codehaus.groovy.runtime.callsite.CallSiteArray.defaultCall(CallSiteArray.java:48)
	at org.codehaus.groovy.runtime.callsite.AbstractCallSite.call(AbstractCallSite.java:113)
	at org.codehaus.groovy.runtime.callsite.AbstractCallSite.call(AbstractCallSite.java:141)
	at Script1535599379320.run(Script1535599379320.groovy:37)
	at com.kms.katalon.core.main.ScriptEngine.run(ScriptEngine.java:183)
	at com.kms.katalon.core.main.ScriptEngine.runScriptAsRawText(ScriptEngine.java:108)
	at com.kms.katalon.core.main.TestCaseExecutor.runScript(TestCaseExecutor.java:294)
	at com.kms.katalon.core.main.TestCaseExecutor.doExecute(TestCaseExecutor.java:285)
	at com.kms.katalon.core.main.TestCaseExecutor.processExecutionPhase(TestCaseExecutor.java:264)
	at com.kms.katalon.core.main.TestCaseExecutor.accessMainPhase(TestCaseExecutor.java:256)
	at com.kms.katalon.core.main.TestCaseExecutor.execute(TestCaseExecutor.java:200)
	at com.kms.katalon.core.main.TestSuiteExecutor.accessTestCaseMainPhase(TestSuiteExecutor.java:129)
	at com.kms.katalon.core.main.TestSuiteExecutor.accessTestSuiteMainPhase(TestSuiteExecutor.java:112)
	at com.kms.katalon.core.main.TestSuiteExecutor.execute(TestSuiteExecutor.java:81)
	at com.kms.katalon.core.main.TestCaseMain.startTestSuite(TestCaseMain.java:142)
	at com.kms.katalon.core.main.TestCaseMain$startTestSuite$0.call(Unknown Source)
	at org.codehaus.groovy.runtime.callsite.CallSiteArray.defaultCall(CallSiteArray.java:48)
	at org.codehaus.groovy.runtime.callsite.AbstractCallSite.call(AbstractCallSite.java:113)
	at org.codehaus.groovy.runtime.callsite.AbstractCallSite.call(AbstractCallSite.java:141)
	at TempTestSuite1541659865479.run(TempTestSuite1541659865479.groovy:36)
	at groovy.lang.GroovyShell.runScriptOrMainOrTestOrRunnable(GroovyShell.java:263)
	at groovy.lang.GroovyShell.run(GroovyShell.java:518)
	at groovy.lang.GroovyShell.run(GroovyShell.java:507)
	at groovy.ui.GroovyMain.processOnce(GroovyMain.java:653)
	at groovy.ui.GroovyMain.run(GroovyMain.java:384)
	at groovy.ui.GroovyMain.process(GroovyMain.java:370)
	at groovy.ui.GroovyMain.processArgs(GroovyMain.java:129)
	at groovy.ui.GroovyMain.main(GroovyMain.java:109)
	at sun.reflect.NativeMethodAccessorImpl.invoke0(Native Method)
	at sun.reflect.NativeMethodAccessorImpl.invoke(NativeMethodAccessorImpl.java:62)
	at sun.reflect.DelegatingMethodAccessorImpl.invoke(DelegatingMethodAccessorImpl.java:43)
	at java.lang.reflect.Method.invoke(Method.java:498)
	at org.codehaus.groovy.tools.GroovyStarter.rootLoader(GroovyStarter.java:109)
	at org.codehaus.groovy.tools.GroovyStarter.main(GroovyStarter.java:131)
)]]></system-out>
      <system-err><![CDATA[2018-11-08 14:51:08 - [TEST_SUITE][FAILED] - New Registration: Test Cases/Final Aug 2018 - PKS Automation/Registration Module/Workflow/New Registration/Case OTC to RO - RO Submit FAILED because (of) (Stack trace: com.kms.katalon.core.exception.StepFailedException: Unable to click on object 'Object Repository/Final Object Repo/WorkFlow Listing Page/Click Continue Tooltip' (Root cause: com.kms.katalon.core.webui.exception.WebElementNotFoundException: Web element with id: 'Object Repository/Final Object Repo/WorkFlow Listing Page/Click Continue Tooltip' located by 'By.xpath: //i[@aria-hidden = 'true' and @data-toggle = 'tooltip' and @data-original-title = 'Continue']' not found)
	at com.kms.katalon.core.keyword.internal.KeywordMain.stepFailed(KeywordMain.groovy:32)
	at com.kms.katalon.core.webui.keyword.internal.WebUIKeywordMain.stepFailed(WebUIKeywordMain.groovy:65)
	at com.kms.katalon.core.webui.keyword.internal.WebUIKeywordMain.runKeyword(WebUIKeywordMain.groovy:27)
	at com.kms.katalon.core.webui.keyword.builtin.ClickKeyword.click(ClickKeyword.groovy:86)
	at com.kms.katalon.core.webui.keyword.builtin.ClickKeyword.execute(ClickKeyword.groovy:67)
	at com.kms.katalon.core.keyword.internal.KeywordExecutor.executeKeywordForPlatform(KeywordExecutor.groovy:53)
	at com.kms.katalon.core.webui.keyword.WebUiBuiltInKeywords.click(WebUiBuiltInKeywords.groovy:616)
	at com.kms.katalon.core.webui.keyword.WebUiBuiltInKeywords$click$2.call(Unknown Source)
	at Script1534407542420.run(Script1534407542420.groovy:91)
	at com.kms.katalon.core.main.ScriptEngine.run(ScriptEngine.java:183)
	at com.kms.katalon.core.main.ScriptEngine.runScriptAsRawText(ScriptEngine.java:108)
	at com.kms.katalon.core.main.TestCaseExecutor.runScript(TestCaseExecutor.java:294)
	at com.kms.katalon.core.main.TestCaseExecutor.doExecute(TestCaseExecutor.java:285)
	at com.kms.katalon.core.main.TestCaseExecutor.processExecutionPhase(TestCaseExecutor.java:264)
	at com.kms.katalon.core.main.TestCaseExecutor.accessMainPhase(TestCaseExecutor.java:256)
	at com.kms.katalon.core.main.TestCaseExecutor.execute(TestCaseExecutor.java:200)
	at com.kms.katalon.core.main.TestCaseMain.runTestCase(TestCaseMain.java:99)
	at com.kms.katalon.core.keyword.builtin.CallTestCaseKeyword$_callTestCase_closure1.doCall(CallTestCaseKeyword.groovy:60)
	at com.kms.katalon.core.keyword.builtin.CallTestCaseKeyword$_callTestCase_closure1.call(CallTestCaseKeyword.groovy)
	at com.kms.katalon.core.keyword.internal.KeywordMain.runKeyword(KeywordMain.groovy:54)
	at com.kms.katalon.core.keyword.builtin.CallTestCaseKeyword.callTestCase(CallTestCaseKeyword.groovy:81)
	at com.kms.katalon.core.keyword.builtin.CallTestCaseKeyword.execute(CallTestCaseKeyword.groovy:45)
	at com.kms.katalon.core.keyword.internal.KeywordExecutor.executeKeywordForPlatform(KeywordExecutor.groovy:53)
	at com.kms.katalon.core.keyword.BuiltinKeywords.callTestCase(BuiltinKeywords.groovy:334)
	at sun.reflect.GeneratedMethodAccessor13.invoke(Unknown Source)
	at sun.reflect.DelegatingMethodAccessorImpl.invoke(DelegatingMethodAccessorImpl.java:43)
	at java.lang.reflect.Method.invoke(Method.java:498)
	at org.codehaus.groovy.reflection.CachedMethod.invoke(CachedMethod.java:93)
	at groovy.lang.MetaMethod.doMethodInvoke(MetaMethod.java:325)
	at groovy.lang.MetaClassImpl.invokeStaticMethod(MetaClassImpl.java:1469)
	at org.codehaus.groovy.runtime.callsite.StaticMetaClassSite.call(StaticMetaClassSite.java:53)
	at org.codehaus.groovy.runtime.callsite.CallSiteArray.defaultCall(CallSiteArray.java:48)
	at org.codehaus.groovy.runtime.callsite.AbstractCallSite.call(AbstractCallSite.java:113)
	at org.codehaus.groovy.runtime.callsite.AbstractCallSite.call(AbstractCallSite.java:141)
	at Script1535599379320.run(Script1535599379320.groovy:37)
	at com.kms.katalon.core.main.ScriptEngine.run(ScriptEngine.java:183)
	at com.kms.katalon.core.main.ScriptEngine.runScriptAsRawText(ScriptEngine.java:108)
	at com.kms.katalon.core.main.TestCaseExecutor.runScript(TestCaseExecutor.java:294)
	at com.kms.katalon.core.main.TestCaseExecutor.doExecute(TestCaseExecutor.java:285)
	at com.kms.katalon.core.main.TestCaseExecutor.processExecutionPhase(TestCaseExecutor.java:264)
	at com.kms.katalon.core.main.TestCaseExecutor.accessMainPhase(TestCaseExecutor.java:256)
	at com.kms.katalon.core.main.TestCaseExecutor.execute(TestCaseExecutor.java:200)
	at com.kms.katalon.core.main.TestSuiteExecutor.accessTestCaseMainPhase(TestSuiteExecutor.java:129)
	at com.kms.katalon.core.main.TestSuiteExecutor.accessTestSuiteMainPhase(TestSuiteExecutor.java:112)
	at com.kms.katalon.core.main.TestSuiteExecutor.execute(TestSuiteExecutor.java:81)
	at com.kms.katalon.core.main.TestCaseMain.startTestSuite(TestCaseMain.java:142)
	at com.kms.katalon.core.main.TestCaseMain$startTestSuite$0.call(Unknown Source)
	at org.codehaus.groovy.runtime.callsite.CallSiteArray.defaultCall(CallSiteArray.java:48)
	at org.codehaus.groovy.runtime.callsite.AbstractCallSite.call(AbstractCallSite.java:113)
	at org.codehaus.groovy.runtime.callsite.AbstractCallSite.call(AbstractCallSite.java:141)
	at TempTestSuite1541659865479.run(TempTestSuite1541659865479.groovy:36)
	at groovy.lang.GroovyShell.runScriptOrMainOrTestOrRunnable(GroovyShell.java:263)
	at groovy.lang.GroovyShell.run(GroovyShell.java:518)
	at groovy.lang.GroovyShell.run(GroovyShell.java:507)
	at groovy.ui.GroovyMain.processOnce(GroovyMain.java:653)
	at groovy.ui.GroovyMain.run(GroovyMain.java:384)
	at groovy.ui.GroovyMain.process(GroovyMain.java:370)
	at groovy.ui.GroovyMain.processArgs(GroovyMain.java:129)
	at groovy.ui.GroovyMain.main(GroovyMain.java:109)
	at sun.reflect.NativeMethodAccessorImpl.invoke0(Native Method)
	at sun.reflect.NativeMethodAccessorImpl.invoke(NativeMethodAccessorImpl.java:62)
	at sun.reflect.DelegatingMethodAccessorImpl.invoke(DelegatingMethodAccessorImpl.java:43)
	at java.lang.reflect.Method.invoke(Method.java:498)
	at org.codehaus.groovy.tools.GroovyStarter.rootLoader(GroovyStarter.java:109)
	at org.codehaus.groovy.tools.GroovyStarter.main(GroovyStarter.java:131)
)]]></system-err>
   </testsuite>
</testsuites>
