<?xml version="1.0" encoding="UTF-8"?>
<testsuites name="Request SSN" time="2357" tests="6" failures="0" errors="0">
   <testsuite name="Request SSN" tests="6" failures="0" errors="0" time="2357" timestamp="2019-01-03 23:21:00" hostname="Admin - Win7Test02" id="Test Suites/Workflow/Request SSN">
      <properties>
         <property name="deviceName" value=""/>
         <property name="devicePlatform" value=""/>
         <property name="logFolder" value="C:\\Users\\Admin\\Desktop\\PKS\\Perkeso Phase A\\Reports\\Workflow\\Request SSN\\20190103_102114"/>
         <property name="logFiles" value="C:\\Users\\Admin\\Desktop\\PKS\\Perkeso Phase A\\Reports\\Workflow\\Request SSN\\20190103_102114\\execution0.log"/>
         <property name="attachments" value=""/>
         <property name="hostName" value="Admin - Win7Test02"/>
         <property name="os" value="Windows 7 64bit"/>
         <property name="katalonVersion" value="5.8.6.1"/>
         <property name="browser" value="Chrome 71.0.3578.98"/>
         <property name="hostAddress" value="10.20.3.72"/>
         <property name="sessionId" value="203f6ba87a703d701fea9a04d58f87d5"/>
         <property name="seleniumVersion" value="3.7.1"/>
         <property name="proxyInformation" value="ProxyInformation{proxyOption=NO_PROXY, proxyServerType=HTTP, password=, proxyServerAddress=, proxyServerPort=0}"/>
         <property name="platform" value="Windows 7"/>
      </properties>
      <testcase name="Test Cases/Final Aug 2018 - PKS Automation/Registration Module/Workflow/Request SSN/OTC - RIO - RO (Approve)" classname="Test Cases/Final Aug 2018 - PKS Automation/Registration Module/Workflow/Request SSN/OTC - RIO - RO (Approve)" status="PASSED">
         <system-out><![CDATA[2019-01-03 23:21:00 - [TEST_CASE][PASSED] - Test Cases/Final Aug 2018 - PKS Automation/Registration Module/Workflow/Request SSN/OTC - RIO - RO (Approve): Test Cases/Final Aug 2018 - PKS Automation/Registration Module/Workflow/Request SSN/OTC - RIO - RO (Approve)

2019-01-03 23:21:00 - [TEST_STEP][PASSED] - callTestCase: Call Test Case 'Test Cases/Final Aug 2018 - PKS Automation/Registration Module/Workflow/Request SSN/Template/Request SSN - OTC (Using Current Employer Code)' successfully

2019-01-03 23:21:00 - [TEST_CASE][PASSED] - Test Cases/Final Aug 2018 - PKS Automation/Registration Module/Workflow/Request SSN/Template/Request SSN - OTC (Using Current Employer Code): Test Cases/Final Aug 2018 - PKS Automation/Registration Module/Workflow/Request SSN/Template/Request SSN - OTC (Using Current Employer Code)

2019-01-03 23:21:01 - [TEST_STEP][PASSED] - openBrowser: Browser is opened with url: ''

2019-01-03 23:21:06 - [MESSAGE][PASSED] - Browser is opened with url: ''

2019-01-03 23:21:06 - [TEST_STEP][PASSED] - navigateToUrl: Navigate to 'https://assist2-uat.perkeso.gov.my/login' successfully

2019-01-03 23:21:07 - [MESSAGE][PASSED] - Navigate to 'https://assist2-uat.perkeso.gov.my/login' successfully

2019-01-03 23:21:07 - [TEST_STEP][PASSED] - setText: Text 'johorotc1@gmail.com' is set on object 'Object Repository/Final Object Repo/Login Page/Internal User/Email Address'

2019-01-03 23:21:07 - [MESSAGE][PASSED] - Text 'johorotc1@gmail.com' is set on object 'Object Repository/Final Object Repo/Login Page/Internal User/Email Address'

2019-01-03 23:21:07 - [TEST_STEP][PASSED] - click: Object: 'Object Repository/Final Object Repo/Login Page/Internal User/Next Button' is clicked on

2019-01-03 23:21:07 - [MESSAGE][PASSED] - Object: 'Object Repository/Final Object Repo/Login Page/Internal User/Next Button' is clicked on

2019-01-03 23:21:07 - [TEST_STEP][PASSED] - delay: Delayed 1 second(s)

2019-01-03 23:21:08 - [MESSAGE][PASSED] - Delayed 1 second(s)

2019-01-03 23:21:08 - [TEST_STEP][PASSED] - setEncryptedText: Text ****** has been set on object 'Object Repository/Final Object Repo/Login Page/Internal User/Password'

2019-01-03 23:21:09 - [MESSAGE][PASSED] - Text ****** has been set on object 'Object Repository/Final Object Repo/Login Page/Internal User/Password'

2019-01-03 23:21:09 - [TEST_STEP][PASSED] - click: Object: 'Object Repository/Final Object Repo/Login Page/Internal User/Login Button' is clicked on

2019-01-03 23:21:09 - [MESSAGE][PASSED] - Object: 'Object Repository/Final Object Repo/Login Page/Internal User/Login Button' is clicked on

2019-01-03 23:21:09 - [TEST_STEP][PASSED] - delay: Delayed 1 second(s)

2019-01-03 23:21:10 - [MESSAGE][PASSED] - Delayed 1 second(s)

2019-01-03 23:21:10 - [TEST_STEP][PASSED] - Statement - tester = com.kms.katalon.core.testobject.ObjectRepository.findTestObject(Final Object Repo/Landing Page/Select to English): Finding Test Object with id 'Object Repository/Final Object Repo/Landing Page/Select to English'

2019-01-03 23:21:10 - [TEST_STEP][PASSED] - Statement - Try: Delayed 2 second(s)

2019-01-03 23:21:10 - [TEST_STEP][PASSED] - Statement - Checker = com.kms.katalon.core.webui.keyword.WebUiBuiltInKeywords.verifyElementNotPresent(tester, 5): Web element with id: 'Object Repository/Final Object Repo/Landing Page/Select to English' located by 'By.xpath: //a[@class = 'taglib-language-list-text' and @lang = 'en-US' and (contains(text(), 'EN') or contains(., 'EN'))]' is not present after '5' second(s)

2019-01-03 23:21:11 - [MESSAGE][PASSED] - Web element with id: 'Object Repository/Final Object Repo/Landing Page/Select to English' located by 'By.xpath: //a[@class = 'taglib-language-list-text' and @lang = 'en-US' and (contains(text(), 'EN') or contains(., 'EN'))]' is not present after '5' second(s)

2019-01-03 23:21:11 - [TEST_STEP][PASSED] - Statement - If (Checker == false): null

2019-01-03 23:21:11 - [TEST_STEP][PASSED] - delay: Delayed 2 second(s)

2019-01-03 23:21:13 - [MESSAGE][PASSED] - Delayed 2 second(s)

2019-01-03 23:21:13 - [TEST_STEP][PASSED] - delay: Delayed 5 second(s)

2019-01-03 23:21:18 - [MESSAGE][PASSED] - Delayed 5 second(s)

2019-01-03 23:21:18 - [TEST_STEP][PASSED] - delay: Delayed 1 second(s)

2019-01-03 23:21:19 - [MESSAGE][PASSED] - Delayed 1 second(s)

2019-01-03 23:21:19 - [TEST_STEP][PASSED] - navigateToUrl: Navigate to 'https://assist2-uat.perkeso.gov.my/web/registration/request-ssn' successfully

2019-01-03 23:21:24 - [MESSAGE][PASSED] - Navigate to 'https://assist2-uat.perkeso.gov.my/web/registration/request-ssn' successfully

2019-01-03 23:21:24 - [TEST_STEP][PASSED] - setText: Text 'perkeso' is set on object 'Object Repository/Final Object Repo/Page_Request SSN - ASSIST/AI - Name'

2019-01-03 23:21:24 - [MESSAGE][PASSED] - Text 'perkeso' is set on object 'Object Repository/Final Object Repo/Page_Request SSN - ASSIST/AI - Name'

2019-01-03 23:21:24 - [TEST_STEP][PASSED] - click: Object: 'Object Repository/Final Object Repo/Page_Request SSN - ASSIST/AI - DOB' is clicked on

2019-01-03 23:21:24 - [MESSAGE][PASSED] - Object: 'Object Repository/Final Object Repo/Page_Request SSN - ASSIST/AI - DOB' is clicked on

2019-01-03 23:21:24 - [TEST_STEP][PASSED] - selectOptionByValue: All options with value '1995' are selected in object 'Object Repository/Final Object Repo/Page_Request SSN - ASSIST/AI - DOB - Year' 

2019-01-03 23:21:25 - [MESSAGE][PASSED] - All options with value '1995' are selected in object 'Object Repository/Final Object Repo/Page_Request SSN - ASSIST/AI - DOB - Year' 

2019-01-03 23:21:25 - [TEST_STEP][PASSED] - delay: Delayed 3 second(s)

2019-01-03 23:21:28 - [MESSAGE][PASSED] - Delayed 3 second(s)

2019-01-03 23:21:28 - [TEST_STEP][PASSED] - doubleClick: Object: 'Object Repository/Final Object Repo/Page_Request SSN - ASSIST/AI - DOB - Year - Date' is double clicked on

2019-01-03 23:21:28 - [MESSAGE][PASSED] - Object: 'Object Repository/Final Object Repo/Page_Request SSN - ASSIST/AI - DOB - Year - Date' is double clicked on

2019-01-03 23:21:28 - [TEST_STEP][PASSED] - click: Object: 'Object Repository/Final Object Repo/Page_Request SSN - ASSIST/AI - Male' is clicked on

2019-01-03 23:21:28 - [MESSAGE][PASSED] - Object: 'Object Repository/Final Object Repo/Page_Request SSN - ASSIST/AI - Male' is clicked on

2019-01-03 23:21:28 - [TEST_STEP][PASSED] - click: Object: 'Object Repository/Final Object Repo/Page_Request SSN - ASSIST/AI- Race' is clicked on

2019-01-03 23:21:28 - [MESSAGE][PASSED] - Object: 'Object Repository/Final Object Repo/Page_Request SSN - ASSIST/AI- Race' is clicked on

2019-01-03 23:21:28 - [TEST_STEP][PASSED] - click: Object: 'Object Repository/Final Object Repo/Page_Request SSN - ASSIST/AI - Race - Melayu' is clicked on

2019-01-03 23:21:29 - [MESSAGE][PASSED] - Object: 'Object Repository/Final Object Repo/Page_Request SSN - ASSIST/AI - Race - Melayu' is clicked on

2019-01-03 23:21:29 - [TEST_STEP][PASSED] - click: Object: 'Object Repository/Final Object Repo/Page_Request SSN - ASSIST/AI - Religion' is clicked on

2019-01-03 23:21:29 - [MESSAGE][PASSED] - Object: 'Object Repository/Final Object Repo/Page_Request SSN - ASSIST/AI - Religion' is clicked on

2019-01-03 23:21:29 - [TEST_STEP][PASSED] - click: Object: 'Object Repository/Final Object Repo/Page_Request SSN - ASSIST/AI - Religion - Islam' is clicked on

2019-01-03 23:21:29 - [MESSAGE][PASSED] - Object: 'Object Repository/Final Object Repo/Page_Request SSN - ASSIST/AI - Religion - Islam' is clicked on

2019-01-03 23:21:29 - [TEST_STEP][PASSED] - setText: Text '12345' is set on object 'Object Repository/Final Object Repo/Page_Request SSN - ASSIST/AI - Birth Certificate'

2019-01-03 23:21:30 - [MESSAGE][PASSED] - Text '12345' is set on object 'Object Repository/Final Object Repo/Page_Request SSN - ASSIST/AI - Birth Certificate'

2019-01-03 23:21:30 - [TEST_STEP][PASSED] - click: Object: 'Object Repository/Final Object Repo/Page_Request SSN - ASSIST/AI - Nationality' is clicked on

2019-01-03 23:21:30 - [MESSAGE][PASSED] - Object: 'Object Repository/Final Object Repo/Page_Request SSN - ASSIST/AI - Nationality' is clicked on

2019-01-03 23:21:30 - [TEST_STEP][PASSED] - click: Object: 'Object Repository/Final Object Repo/Page_Request SSN - ASSIST/AI - Nationality - Afghanistan' is clicked on

2019-01-03 23:21:30 - [MESSAGE][PASSED] - Object: 'Object Repository/Final Object Repo/Page_Request SSN - ASSIST/AI - Nationality - Afghanistan' is clicked on

2019-01-03 23:21:30 - [TEST_STEP][PASSED] - setText: Text 'PERKESO ADDRESS1' is set on object 'Object Repository/Final Object Repo/Page_Request SSN - ASSIST/AI - Address1'

2019-01-03 23:21:31 - [MESSAGE][PASSED] - Text 'PERKESO ADDRESS1' is set on object 'Object Repository/Final Object Repo/Page_Request SSN - ASSIST/AI - Address1'

2019-01-03 23:21:31 - [TEST_STEP][PASSED] - setText: Text 'PERKESO ADDRESS2' is set on object 'Object Repository/Final Object Repo/Page_Request SSN - ASSIST/AI - Address2'

2019-01-03 23:21:32 - [MESSAGE][PASSED] - Text 'PERKESO ADDRESS2' is set on object 'Object Repository/Final Object Repo/Page_Request SSN - ASSIST/AI - Address2'

2019-01-03 23:21:32 - [TEST_STEP][PASSED] - setText: Text 'PERKESO ADDRESS3' is set on object 'Object Repository/Final Object Repo/Page_Request SSN - ASSIST/AI - Address3'

2019-01-03 23:21:34 - [MESSAGE][PASSED] - Text 'PERKESO ADDRESS3' is set on object 'Object Repository/Final Object Repo/Page_Request SSN - ASSIST/AI - Address3'

2019-01-03 23:21:34 - [TEST_STEP][PASSED] - click: Object: 'Object Repository/Final Object Repo/Page_Request SSN - ASSIST/AI - State' is clicked on

2019-01-03 23:21:34 - [MESSAGE][PASSED] - Object: 'Object Repository/Final Object Repo/Page_Request SSN - ASSIST/AI - State' is clicked on

2019-01-03 23:21:34 - [TEST_STEP][PASSED] - click: Object: 'Object Repository/Final Object Repo/Page_Request SSN - ASSIST/AI - Current Employer State - Johor' is clicked on

2019-01-03 23:21:34 - [MESSAGE][PASSED] - Object: 'Object Repository/Final Object Repo/Page_Request SSN - ASSIST/AI - Current Employer State - Johor' is clicked on

2019-01-03 23:21:34 - [TEST_STEP][PASSED] - click: Object: 'Object Repository/Final Object Repo/Page_Request SSN - ASSIST/AI - City' is clicked on

2019-01-03 23:21:35 - [MESSAGE][PASSED] - Object: 'Object Repository/Final Object Repo/Page_Request SSN - ASSIST/AI - City' is clicked on

2019-01-03 23:21:35 - [TEST_STEP][PASSED] - setText: Text 'JOH' is set on object 'Object Repository/Final Object Repo/Page_Request SSN - ASSIST/AI - City - JOH'

2019-01-03 23:21:35 - [MESSAGE][PASSED] - Text 'JOH' is set on object 'Object Repository/Final Object Repo/Page_Request SSN - ASSIST/AI - City - JOH'

2019-01-03 23:21:35 - [TEST_STEP][PASSED] - delay: Delayed 3 second(s)

2019-01-03 23:21:38 - [MESSAGE][PASSED] - Delayed 3 second(s)

2019-01-03 23:21:38 - [TEST_STEP][PASSED] - click: Object: 'Object Repository/Final Object Repo/Page_Request SSN - ASSIST/AI - City - Johor Bharu' is clicked on

2019-01-03 23:21:38 - [MESSAGE][PASSED] - Object: 'Object Repository/Final Object Repo/Page_Request SSN - ASSIST/AI - City - Johor Bharu' is clicked on

2019-01-03 23:21:38 - [TEST_STEP][PASSED] - click: Object: 'Object Repository/Final Object Repo/Page_Request SSN - ASSIST/AI - Post Code' is clicked on

2019-01-03 23:21:39 - [MESSAGE][PASSED] - Object: 'Object Repository/Final Object Repo/Page_Request SSN - ASSIST/AI - Post Code' is clicked on

2019-01-03 23:21:39 - [TEST_STEP][PASSED] - setText: Text '810' is set on object 'Object Repository/Final Object Repo/Page_Request SSN - ASSIST/AI - City - JOH'

2019-01-03 23:21:39 - [MESSAGE][PASSED] - Text '810' is set on object 'Object Repository/Final Object Repo/Page_Request SSN - ASSIST/AI - City - JOH'

2019-01-03 23:21:39 - [TEST_STEP][PASSED] - delay: Delayed 3 second(s)

2019-01-03 23:21:42 - [MESSAGE][PASSED] - Delayed 3 second(s)

2019-01-03 23:21:42 - [TEST_STEP][PASSED] - click: Object: 'Object Repository/Final Object Repo/Page_Request SSN - ASSIST/AI - PostCode - 81000' is clicked on

2019-01-03 23:21:43 - [MESSAGE][PASSED] - Object: 'Object Repository/Final Object Repo/Page_Request SSN - ASSIST/AI - PostCode - 81000' is clicked on

2019-01-03 23:21:43 - [TEST_STEP][PASSED] - setText: Text '100' is set on object 'Object Repository/Final Object Repo/Page_Request SSN - ASSIST/P.O.BOX'

2019-01-03 23:21:43 - [MESSAGE][PASSED] - Text '100' is set on object 'Object Repository/Final Object Repo/Page_Request SSN - ASSIST/P.O.BOX'

2019-01-03 23:21:43 - [TEST_STEP][PASSED] - setText: Text '100' is set on object 'Object Repository/Final Object Repo/Page_Request SSN - ASSIST/Locked Bag No'

2019-01-03 23:21:44 - [MESSAGE][PASSED] - Text '100' is set on object 'Object Repository/Final Object Repo/Page_Request SSN - ASSIST/Locked Bag No'

2019-01-03 23:21:44 - [TEST_STEP][PASSED] - delay: Delayed 2 second(s)

2019-01-03 23:21:46 - [MESSAGE][PASSED] - Delayed 2 second(s)

2019-01-03 23:21:46 - [TEST_STEP][PASSED] - setText: Text '123456789' is set on object 'Object Repository/Final Object Repo/Page_Request SSN - ASSIST/AI - Telephone No'

2019-01-03 23:21:46 - [MESSAGE][PASSED] - Text '123456789' is set on object 'Object Repository/Final Object Repo/Page_Request SSN - ASSIST/AI - Telephone No'

2019-01-03 23:21:46 - [TEST_STEP][PASSED] - click: Object: 'Object Repository/Final Object Repo/Page_Request SSN - ASSIST/AI - Occupation' is clicked on

2019-01-03 23:21:47 - [MESSAGE][PASSED] - Object: 'Object Repository/Final Object Repo/Page_Request SSN - ASSIST/AI - Occupation' is clicked on

2019-01-03 23:21:47 - [TEST_STEP][PASSED] - click: Object: 'Object Repository/Final Object Repo/Page_Request SSN - ASSIST/AI - Occupation - NUMERICAL AND MATERIAL R' is clicked on

2019-01-03 23:21:47 - [MESSAGE][PASSED] - Object: 'Object Repository/Final Object Repo/Page_Request SSN - ASSIST/AI - Occupation - NUMERICAL AND MATERIAL R' is clicked on

2019-01-03 23:21:47 - [TEST_STEP][PASSED] - delay: Delayed 2 second(s)

2019-01-03 23:21:49 - [MESSAGE][PASSED] - Delayed 2 second(s)

2019-01-03 23:21:49 - [TEST_STEP][PASSED] - click: Object: 'Object Repository/Final Object Repo/Page_Request SSN - ASSIST/AI - Sub Occupation' is clicked on

2019-01-03 23:21:49 - [MESSAGE][PASSED] - Object: 'Object Repository/Final Object Repo/Page_Request SSN - ASSIST/AI - Sub Occupation' is clicked on

2019-01-03 23:21:49 - [TEST_STEP][PASSED] - click: Object: 'Object Repository/Final Object Repo/Page_Request SSN - ASSIST/AI - Sub Occupation - Stock Clerks' is clicked on

2019-01-03 23:21:49 - [MESSAGE][PASSED] - Object: 'Object Repository/Final Object Repo/Page_Request SSN - ASSIST/AI - Sub Occupation - Stock Clerks' is clicked on

2019-01-03 23:21:49 - [TEST_STEP][PASSED] - delay: Delayed 2 second(s)

2019-01-03 23:21:51 - [MESSAGE][PASSED] - Delayed 2 second(s)

2019-01-03 23:21:51 - [TEST_STEP][PASSED] - click: Object: 'Object Repository/Final Object Repo/Page_Request SSN - ASSIST/AI - Sub Occupation List' is clicked on

2019-01-03 23:21:52 - [MESSAGE][PASSED] - Object: 'Object Repository/Final Object Repo/Page_Request SSN - ASSIST/AI - Sub Occupation List' is clicked on

2019-01-03 23:21:52 - [TEST_STEP][PASSED] - click: Object: 'Object Repository/Final Object Repo/Page_Request SSN - ASSIST/AI - Sub Occupation List - Clerk raw material' is clicked on

2019-01-03 23:21:52 - [MESSAGE][PASSED] - Object: 'Object Repository/Final Object Repo/Page_Request SSN - ASSIST/AI - Sub Occupation List - Clerk raw material' is clicked on

2019-01-03 23:21:52 - [TEST_STEP][PASSED] - click: Object: 'Object Repository/Final Object Repo/Page_Request SSN - ASSIST/AI - Employment Start Date' is clicked on

2019-01-03 23:21:52 - [MESSAGE][PASSED] - Object: 'Object Repository/Final Object Repo/Page_Request SSN - ASSIST/AI - Employment Start Date' is clicked on

2019-01-03 23:21:52 - [TEST_STEP][PASSED] - click: Object: 'Object Repository/Final Object Repo/Page_Request SSN - ASSIST/AI - DOB - Year - Date' is clicked on

2019-01-03 23:21:52 - [MESSAGE][PASSED] - Object: 'Object Repository/Final Object Repo/Page_Request SSN - ASSIST/AI - DOB - Year - Date' is clicked on

2019-01-03 23:21:52 - [TEST_STEP][PASSED] - setText: Text 'E1102001065V' is set on object 'Object Repository/Final Object Repo/Page_Request SSN - ASSIST/AI - Current Employer Code'

2019-01-03 23:21:53 - [MESSAGE][PASSED] - Text 'E1102001065V' is set on object 'Object Repository/Final Object Repo/Page_Request SSN - ASSIST/AI - Current Employer Code'

2019-01-03 23:21:53 - [TEST_STEP][PASSED] - delay: Delayed 2 second(s)

2019-01-03 23:21:55 - [MESSAGE][PASSED] - Delayed 2 second(s)

2019-01-03 23:21:55 - [TEST_STEP][PASSED] - click: Object: 'Object Repository/Final Object Repo/Page_Request SSN - ASSIST/AI - Current Employer Code - Search' is clicked on

2019-01-03 23:21:55 - [MESSAGE][PASSED] - Object: 'Object Repository/Final Object Repo/Page_Request SSN - ASSIST/AI - Current Employer Code - Search' is clicked on

2019-01-03 23:21:55 - [TEST_STEP][PASSED] - delay: Delayed 2 second(s)

2019-01-03 23:21:57 - [MESSAGE][PASSED] - Delayed 2 second(s)

2019-01-03 23:21:57 - [TEST_STEP][NOT_RUN] - setText: NOT_RUN: setText

2019-01-03 23:21:57 - [MESSAGE][NOT_RUN] - NOT_RUN: setText

2019-01-03 23:21:57 - [TEST_STEP][NOT_RUN] - setText: NOT_RUN: setText

2019-01-03 23:21:57 - [MESSAGE][NOT_RUN] - NOT_RUN: setText

2019-01-03 23:21:57 - [TEST_STEP][NOT_RUN] - setText: NOT_RUN: setText

2019-01-03 23:21:57 - [MESSAGE][NOT_RUN] - NOT_RUN: setText

2019-01-03 23:21:57 - [TEST_STEP][NOT_RUN] - setText: NOT_RUN: setText

2019-01-03 23:21:57 - [MESSAGE][NOT_RUN] - NOT_RUN: setText

2019-01-03 23:21:57 - [TEST_STEP][NOT_RUN] - click: NOT_RUN: click

2019-01-03 23:21:57 - [MESSAGE][NOT_RUN] - NOT_RUN: click

2019-01-03 23:21:57 - [TEST_STEP][NOT_RUN] - click: NOT_RUN: click

2019-01-03 23:21:57 - [MESSAGE][NOT_RUN] - NOT_RUN: click

2019-01-03 23:21:57 - [TEST_STEP][NOT_RUN] - click: NOT_RUN: click

2019-01-03 23:21:57 - [MESSAGE][NOT_RUN] - NOT_RUN: click

2019-01-03 23:21:57 - [TEST_STEP][NOT_RUN] - setText: NOT_RUN: setText

2019-01-03 23:21:57 - [MESSAGE][NOT_RUN] - NOT_RUN: setText

2019-01-03 23:21:57 - [TEST_STEP][NOT_RUN] - delay: NOT_RUN: delay

2019-01-03 23:21:57 - [MESSAGE][NOT_RUN] - NOT_RUN: delay

2019-01-03 23:21:57 - [TEST_STEP][NOT_RUN] - click: NOT_RUN: click

2019-01-03 23:21:57 - [MESSAGE][NOT_RUN] - NOT_RUN: click

2019-01-03 23:21:57 - [TEST_STEP][NOT_RUN] - click: NOT_RUN: click

2019-01-03 23:21:57 - [MESSAGE][NOT_RUN] - NOT_RUN: click

2019-01-03 23:21:57 - [TEST_STEP][NOT_RUN] - setText: NOT_RUN: setText

2019-01-03 23:21:57 - [MESSAGE][NOT_RUN] - NOT_RUN: setText

2019-01-03 23:21:57 - [TEST_STEP][NOT_RUN] - delay: NOT_RUN: delay

2019-01-03 23:21:57 - [MESSAGE][NOT_RUN] - NOT_RUN: delay

2019-01-03 23:21:57 - [TEST_STEP][NOT_RUN] - click: NOT_RUN: click

2019-01-03 23:21:57 - [MESSAGE][NOT_RUN] - NOT_RUN: click

2019-01-03 23:21:57 - [TEST_STEP][NOT_RUN] - setText: NOT_RUN: setText

2019-01-03 23:21:57 - [MESSAGE][NOT_RUN] - NOT_RUN: setText

2019-01-03 23:21:57 - [TEST_STEP][NOT_RUN] - setText: NOT_RUN: setText

2019-01-03 23:21:57 - [MESSAGE][NOT_RUN] - NOT_RUN: setText

2019-01-03 23:21:57 - [TEST_STEP][NOT_RUN] - click: NOT_RUN: click

2019-01-03 23:21:57 - [MESSAGE][NOT_RUN] - NOT_RUN: click

2019-01-03 23:21:57 - [TEST_STEP][NOT_RUN] - click: NOT_RUN: click

2019-01-03 23:21:57 - [MESSAGE][NOT_RUN] - NOT_RUN: click

2019-01-03 23:21:57 - [TEST_STEP][NOT_RUN] - setText: NOT_RUN: setText

2019-01-03 23:21:57 - [MESSAGE][NOT_RUN] - NOT_RUN: setText

2019-01-03 23:21:57 - [TEST_STEP][NOT_RUN] - click: NOT_RUN: click

2019-01-03 23:21:57 - [MESSAGE][NOT_RUN] - NOT_RUN: click

2019-01-03 23:21:57 - [TEST_STEP][NOT_RUN] - click: NOT_RUN: click

2019-01-03 23:21:57 - [MESSAGE][NOT_RUN] - NOT_RUN: click

2019-01-03 23:21:57 - [TEST_STEP][NOT_RUN] - click: NOT_RUN: click

2019-01-03 23:21:57 - [MESSAGE][NOT_RUN] - NOT_RUN: click

2019-01-03 23:21:57 - [TEST_STEP][NOT_RUN] - click: NOT_RUN: click

2019-01-03 23:21:57 - [MESSAGE][NOT_RUN] - NOT_RUN: click

2019-01-03 23:21:57 - [TEST_STEP][NOT_RUN] - click: NOT_RUN: click

2019-01-03 23:21:57 - [MESSAGE][NOT_RUN] - NOT_RUN: click

2019-01-03 23:21:57 - [TEST_STEP][NOT_RUN] - click: NOT_RUN: click

2019-01-03 23:21:57 - [MESSAGE][NOT_RUN] - NOT_RUN: click

2019-01-03 23:21:57 - [TEST_STEP][NOT_RUN] - setText: NOT_RUN: setText

2019-01-03 23:21:57 - [MESSAGE][NOT_RUN] - NOT_RUN: setText

2019-01-03 23:21:57 - [TEST_STEP][NOT_RUN] - setText: NOT_RUN: setText

2019-01-03 23:21:57 - [MESSAGE][NOT_RUN] - NOT_RUN: setText

2019-01-03 23:21:57 - [TEST_STEP][NOT_RUN] - setText: NOT_RUN: setText

2019-01-03 23:21:57 - [MESSAGE][NOT_RUN] - NOT_RUN: setText

2019-01-03 23:21:57 - [TEST_STEP][NOT_RUN] - click: NOT_RUN: click

2019-01-03 23:21:57 - [MESSAGE][NOT_RUN] - NOT_RUN: click

2019-01-03 23:21:57 - [TEST_STEP][NOT_RUN] - click: NOT_RUN: click

2019-01-03 23:21:57 - [MESSAGE][NOT_RUN] - NOT_RUN: click

2019-01-03 23:21:57 - [TEST_STEP][NOT_RUN] - click: NOT_RUN: click

2019-01-03 23:21:57 - [MESSAGE][NOT_RUN] - NOT_RUN: click

2019-01-03 23:21:57 - [TEST_STEP][NOT_RUN] - setText: NOT_RUN: setText

2019-01-03 23:21:57 - [MESSAGE][NOT_RUN] - NOT_RUN: setText

2019-01-03 23:21:57 - [TEST_STEP][NOT_RUN] - delay: NOT_RUN: delay

2019-01-03 23:21:57 - [MESSAGE][NOT_RUN] - NOT_RUN: delay

2019-01-03 23:21:57 - [TEST_STEP][NOT_RUN] - click: NOT_RUN: click

2019-01-03 23:21:57 - [MESSAGE][NOT_RUN] - NOT_RUN: click

2019-01-03 23:21:57 - [TEST_STEP][NOT_RUN] - click: NOT_RUN: click

2019-01-03 23:21:57 - [MESSAGE][NOT_RUN] - NOT_RUN: click

2019-01-03 23:21:57 - [TEST_STEP][NOT_RUN] - click: NOT_RUN: click

2019-01-03 23:21:57 - [MESSAGE][NOT_RUN] - NOT_RUN: click

2019-01-03 23:21:57 - [TEST_STEP][NOT_RUN] - setText: NOT_RUN: setText

2019-01-03 23:21:57 - [MESSAGE][NOT_RUN] - NOT_RUN: setText

2019-01-03 23:21:57 - [TEST_STEP][NOT_RUN] - delay: NOT_RUN: delay

2019-01-03 23:21:57 - [MESSAGE][NOT_RUN] - NOT_RUN: delay

2019-01-03 23:21:57 - [TEST_STEP][NOT_RUN] - click: NOT_RUN: click

2019-01-03 23:21:57 - [MESSAGE][NOT_RUN] - NOT_RUN: click

2019-01-03 23:21:57 - [TEST_STEP][NOT_RUN] - delay: NOT_RUN: delay

2019-01-03 23:21:57 - [MESSAGE][NOT_RUN] - NOT_RUN: delay

2019-01-03 23:21:57 - [TEST_STEP][NOT_RUN] - setText: NOT_RUN: setText

2019-01-03 23:21:57 - [MESSAGE][NOT_RUN] - NOT_RUN: setText

2019-01-03 23:21:57 - [TEST_STEP][NOT_RUN] - setText: NOT_RUN: setText

2019-01-03 23:21:57 - [MESSAGE][NOT_RUN] - NOT_RUN: setText

2019-01-03 23:21:57 - [TEST_STEP][NOT_RUN] - setText: NOT_RUN: setText

2019-01-03 23:21:57 - [MESSAGE][NOT_RUN] - NOT_RUN: setText

2019-01-03 23:21:57 - [TEST_STEP][NOT_RUN] - click: NOT_RUN: click

2019-01-03 23:21:57 - [MESSAGE][NOT_RUN] - NOT_RUN: click

2019-01-03 23:21:57 - [TEST_STEP][NOT_RUN] - click: NOT_RUN: click

2019-01-03 23:21:57 - [MESSAGE][NOT_RUN] - NOT_RUN: click

2019-01-03 23:21:57 - [TEST_STEP][NOT_RUN] - setText: NOT_RUN: setText

2019-01-03 23:21:57 - [MESSAGE][NOT_RUN] - NOT_RUN: setText

2019-01-03 23:21:57 - [TEST_STEP][NOT_RUN] - click: NOT_RUN: click

2019-01-03 23:21:57 - [MESSAGE][NOT_RUN] - NOT_RUN: click

2019-01-03 23:21:57 - [TEST_STEP][NOT_RUN] - click: NOT_RUN: click

2019-01-03 23:21:57 - [MESSAGE][NOT_RUN] - NOT_RUN: click

2019-01-03 23:21:57 - [TEST_STEP][NOT_RUN] - click: NOT_RUN: click

2019-01-03 23:21:57 - [MESSAGE][NOT_RUN] - NOT_RUN: click

2019-01-03 23:21:57 - [TEST_STEP][NOT_RUN] - click: NOT_RUN: click

2019-01-03 23:21:57 - [MESSAGE][NOT_RUN] - NOT_RUN: click

2019-01-03 23:21:57 - [TEST_STEP][NOT_RUN] - click: NOT_RUN: click

2019-01-03 23:21:57 - [MESSAGE][NOT_RUN] - NOT_RUN: click

2019-01-03 23:21:57 - [TEST_STEP][NOT_RUN] - click: NOT_RUN: click

2019-01-03 23:21:57 - [MESSAGE][NOT_RUN] - NOT_RUN: click

2019-01-03 23:21:57 - [TEST_STEP][NOT_RUN] - setText: NOT_RUN: setText

2019-01-03 23:21:57 - [MESSAGE][NOT_RUN] - NOT_RUN: setText

2019-01-03 23:21:57 - [TEST_STEP][NOT_RUN] - setText: NOT_RUN: setText

2019-01-03 23:21:57 - [MESSAGE][NOT_RUN] - NOT_RUN: setText

2019-01-03 23:21:57 - [TEST_STEP][NOT_RUN] - setText: NOT_RUN: setText

2019-01-03 23:21:57 - [MESSAGE][NOT_RUN] - NOT_RUN: setText

2019-01-03 23:21:57 - [TEST_STEP][NOT_RUN] - click: NOT_RUN: click

2019-01-03 23:21:57 - [MESSAGE][NOT_RUN] - NOT_RUN: click

2019-01-03 23:21:57 - [TEST_STEP][NOT_RUN] - click: NOT_RUN: click

2019-01-03 23:21:57 - [MESSAGE][NOT_RUN] - NOT_RUN: click

2019-01-03 23:21:57 - [TEST_STEP][NOT_RUN] - click: NOT_RUN: click

2019-01-03 23:21:57 - [MESSAGE][NOT_RUN] - NOT_RUN: click

2019-01-03 23:21:57 - [TEST_STEP][NOT_RUN] - delay: NOT_RUN: delay

2019-01-03 23:21:57 - [MESSAGE][NOT_RUN] - NOT_RUN: delay

2019-01-03 23:21:57 - [TEST_STEP][NOT_RUN] - setText: NOT_RUN: setText

2019-01-03 23:21:57 - [MESSAGE][NOT_RUN] - NOT_RUN: setText

2019-01-03 23:21:57 - [TEST_STEP][NOT_RUN] - delay: NOT_RUN: delay

2019-01-03 23:21:57 - [MESSAGE][NOT_RUN] - NOT_RUN: delay

2019-01-03 23:21:57 - [TEST_STEP][NOT_RUN] - click: NOT_RUN: click

2019-01-03 23:21:57 - [MESSAGE][NOT_RUN] - NOT_RUN: click

2019-01-03 23:21:57 - [TEST_STEP][NOT_RUN] - doubleClick: NOT_RUN: doubleClick

2019-01-03 23:21:57 - [MESSAGE][NOT_RUN] - NOT_RUN: doubleClick

2019-01-03 23:21:57 - [TEST_STEP][NOT_RUN] - click: NOT_RUN: click

2019-01-03 23:21:57 - [MESSAGE][NOT_RUN] - NOT_RUN: click

2019-01-03 23:21:57 - [TEST_STEP][NOT_RUN] - setText: NOT_RUN: setText

2019-01-03 23:21:57 - [MESSAGE][NOT_RUN] - NOT_RUN: setText

2019-01-03 23:21:57 - [TEST_STEP][NOT_RUN] - delay: NOT_RUN: delay

2019-01-03 23:21:57 - [MESSAGE][NOT_RUN] - NOT_RUN: delay

2019-01-03 23:21:57 - [TEST_STEP][NOT_RUN] - click: NOT_RUN: click

2019-01-03 23:21:57 - [MESSAGE][NOT_RUN] - NOT_RUN: click

2019-01-03 23:21:57 - [TEST_STEP][NOT_RUN] - delay: NOT_RUN: delay

2019-01-03 23:21:57 - [MESSAGE][NOT_RUN] - NOT_RUN: delay

2019-01-03 23:21:57 - [TEST_STEP][NOT_RUN] - setText: NOT_RUN: setText

2019-01-03 23:21:57 - [MESSAGE][NOT_RUN] - NOT_RUN: setText

2019-01-03 23:21:57 - [TEST_STEP][PASSED] - click: Object: 'Object Repository/Final Object Repo/Page_Request SSN - ASSIST/Save  Continue' is clicked on

2019-01-03 23:21:58 - [MESSAGE][PASSED] - Object: 'Object Repository/Final Object Repo/Page_Request SSN - ASSIST/Save  Continue' is clicked on

2019-01-03 23:21:58 - [TEST_STEP][PASSED] - delay: Delayed 3 second(s)

2019-01-03 23:22:01 - [MESSAGE][PASSED] - Delayed 3 second(s)

2019-01-03 23:22:01 - [TEST_STEP][PASSED] - Statement - CaseReferenceNo = com.kms.katalon.core.webui.keyword.WebUiBuiltInKeywords.getText(com.kms.katalon.core.testobject.ObjectRepository.findTestObject(Final Object Repo/Page_Request SSN - ASSIST/Reference Number in Uploading Page - OTC)): Text of object 'Object Repository/Final Object Repo/Page_Request SSN - ASSIST/Reference Number in Uploading Page - OTC' is: 'SSN01201900001201'

2019-01-03 23:22:01 - [MESSAGE][PASSED] - Text of object 'Object Repository/Final Object Repo/Page_Request SSN - ASSIST/Reference Number in Uploading Page - OTC' is: 'SSN01201900001201'

2019-01-03 23:22:01 - [TEST_STEP][PASSED] - Statement - out.println(CaseReferenceNo): null

2019-01-03 23:22:01 - [TEST_STEP][PASSED] - callTestCase: Call Test Case 'Test Cases/Final Aug 2018 - PKS Automation/Common/Reference Number Setter' successfully

2019-01-03 23:22:01 - [TEST_CASE][PASSED] - Test Cases/Final Aug 2018 - PKS Automation/Common/Reference Number Setter: Test Cases/Final Aug 2018 - PKS Automation/Common/Reference Number Setter

2019-01-03 23:22:01 - [TEST_STEP][PASSED] - Statement - RefNoOldFile = new java.io.File(C://Users//Admin//Desktop//PKS//Automation Reference Point//KatalonReference.txt): null

2019-01-03 23:22:01 - [TEST_STEP][PASSED] - Statement - RefNoOldFile.delete(): null

2019-01-03 23:22:01 - [TEST_STEP][PASSED] - delay: Delayed 5 second(s)

2019-01-03 23:22:06 - [MESSAGE][PASSED] - Delayed 5 second(s)

2019-01-03 23:22:06 - [TEST_STEP][PASSED] - Statement - RefNo = new java.io.File(C://Users//Admin//Desktop//PKS//Automation Reference Point//KatalonReference.txt): null

2019-01-03 23:22:06 - [TEST_STEP][PASSED] - Statement - f2 = new java.io.FileWriter(RefNo, false): null

2019-01-03 23:22:06 - [TEST_STEP][PASSED] - Statement - f2.write(CaseReferenceNo): null

2019-01-03 23:22:06 - [TEST_STEP][PASSED] - Statement - f2.close(): null

2019-01-03 23:22:06 - [TEST_STEP][PASSED] - Statement - out.println("


" + CaseReferenceNo + "


"): null

2019-01-03 23:22:06 - [MESSAGE][PASSED] - Call Test Case 'Test Cases/Final Aug 2018 - PKS Automation/Common/Reference Number Setter' successfully

2019-01-03 23:22:06 - [TEST_STEP][PASSED] - click: Object: 'Object Repository/Final Object Repo/Page_Request SSN - ASSIST/Add Document Button' is clicked on

2019-01-03 23:22:07 - [MESSAGE][PASSED] - Object: 'Object Repository/Final Object Repo/Page_Request SSN - ASSIST/Add Document Button' is clicked on

2019-01-03 23:22:07 - [TEST_STEP][PASSED] - delay: Delayed 2 second(s)

2019-01-03 23:22:09 - [MESSAGE][PASSED] - Delayed 2 second(s)

2019-01-03 23:22:09 - [TEST_STEP][PASSED] - click: Object: 'Object Repository/Final Object Repo/Page_Request SSN - ASSIST/Document Type' is clicked on

2019-01-03 23:22:10 - [MESSAGE][PASSED] - Object: 'Object Repository/Final Object Repo/Page_Request SSN - ASSIST/Document Type' is clicked on

2019-01-03 23:22:10 - [TEST_STEP][PASSED] - click: Object: 'Object Repository/Final Object Repo/Page_Request SSN - ASSIST/Document Type - Birth Certificate' is clicked on

2019-01-03 23:22:10 - [MESSAGE][PASSED] - Object: 'Object Repository/Final Object Repo/Page_Request SSN - ASSIST/Document Type - Birth Certificate' is clicked on

2019-01-03 23:22:10 - [TEST_STEP][PASSED] - sendKeys: Keys 'C:\Users\Public\Pictures\Sample Pictures\Koala.jpg' sent to object: 'Object Repository/Final Object Repo/Page_Request SSN - ASSIST/Upload File'

2019-01-03 23:22:10 - [MESSAGE][PASSED] - Keys 'C:\Users\Public\Pictures\Sample Pictures\Koala.jpg' sent to object: 'Object Repository/Final Object Repo/Page_Request SSN - ASSIST/Upload File'

2019-01-03 23:22:10 - [TEST_STEP][PASSED] - click: Object: 'Object Repository/Final Object Repo/Page_Request SSN - ASSIST/Add Document' is clicked on

2019-01-03 23:22:10 - [MESSAGE][PASSED] - Object: 'Object Repository/Final Object Repo/Page_Request SSN - ASSIST/Add Document' is clicked on

2019-01-03 23:22:10 - [TEST_STEP][PASSED] - delay: Delayed 2 second(s)

2019-01-03 23:22:12 - [MESSAGE][PASSED] - Delayed 2 second(s)

2019-01-03 23:22:12 - [TEST_STEP][PASSED] - click: Object: 'Object Repository/Final Object Repo/Page_Request SSN - ASSIST/Save  Continue in Uploading Document Page' is clicked on

2019-01-03 23:22:14 - [MESSAGE][PASSED] - Object: 'Object Repository/Final Object Repo/Page_Request SSN - ASSIST/Save  Continue in Uploading Document Page' is clicked on

2019-01-03 23:22:14 - [TEST_STEP][PASSED] - delay: Delayed 2 second(s)

2019-01-03 23:22:16 - [MESSAGE][PASSED] - Delayed 2 second(s)

2019-01-03 23:22:16 - [TEST_STEP][PASSED] - click: Object: 'Object Repository/Final Object Repo/Page_Request SSN - ASSIST/Submit' is clicked on

2019-01-03 23:22:19 - [MESSAGE][PASSED] - Object: 'Object Repository/Final Object Repo/Page_Request SSN - ASSIST/Submit' is clicked on

2019-01-03 23:22:19 - [TEST_STEP][PASSED] - delay: Delayed 2 second(s)

2019-01-03 23:22:21 - [MESSAGE][PASSED] - Delayed 2 second(s)

2019-01-03 23:22:21 - [TEST_STEP][PASSED] - click: Object: 'Object Repository/Final Object Repo/Page_Request SSN - ASSIST/Confirm' is clicked on

2019-01-03 23:22:22 - [MESSAGE][PASSED] - Object: 'Object Repository/Final Object Repo/Page_Request SSN - ASSIST/Confirm' is clicked on

2019-01-03 23:22:22 - [TEST_STEP][PASSED] - delay: Delayed 2 second(s)

2019-01-03 23:22:24 - [MESSAGE][PASSED] - Delayed 2 second(s)

2019-01-03 23:22:24 - [TEST_STEP][PASSED] - verifyElementVisible: Object 'Object Repository/Final Object Repo/Page_Request SSN - ASSIST/Message This Case will be routed to RIO' is visible

2019-01-03 23:22:29 - [MESSAGE][PASSED] - Object 'Object Repository/Final Object Repo/Page_Request SSN - ASSIST/Message This Case will be routed to RIO' is visible

2019-01-03 23:22:29 - [TEST_STEP][PASSED] - delay: Delayed 2 second(s)

2019-01-03 23:22:31 - [MESSAGE][PASSED] - Delayed 2 second(s)

2019-01-03 23:22:31 - [TEST_STEP][PASSED] - verifyElementVisible: Object 'Object Repository/Final Object Repo/Page_Request SSN - ASSIST/Letter of acknowledgement' is visible

2019-01-03 23:22:31 - [MESSAGE][PASSED] - Object 'Object Repository/Final Object Repo/Page_Request SSN - ASSIST/Letter of acknowledgement' is visible

2019-01-03 23:22:31 - [MESSAGE][PASSED] - Call Test Case 'Test Cases/Final Aug 2018 - PKS Automation/Registration Module/Workflow/Request SSN/Template/Request SSN - OTC (Using Current Employer Code)' successfully

2019-01-03 23:22:31 - [TEST_STEP][PASSED] - callTestCase: Call Test Case 'Test Cases/Final Aug 2018 - PKS Automation/Registration Module/Workflow/Request SSN/Template/Request SSN RIO - RO (Approve)' successfully

2019-01-03 23:22:31 - [TEST_CASE][PASSED] - Test Cases/Final Aug 2018 - PKS Automation/Registration Module/Workflow/Request SSN/Template/Request SSN RIO - RO (Approve): Test Cases/Final Aug 2018 - PKS Automation/Registration Module/Workflow/Request SSN/Template/Request SSN RIO - RO (Approve)

2019-01-03 23:22:32 - [TEST_STEP][NOT_RUN] - callTestCase: NOT_RUN: callTestCase

2019-01-03 23:22:32 - [MESSAGE][NOT_RUN] - NOT_RUN: callTestCase

2019-01-03 23:22:32 - [TEST_STEP][PASSED] - delay: Delayed 2 second(s)

2019-01-03 23:22:34 - [MESSAGE][PASSED] - Delayed 2 second(s)

2019-01-03 23:22:34 - [TEST_STEP][PASSED] - navigateToUrl: Navigate to 'https://assist2-uat.perkeso.gov.my/c/portal/logout' successfully

2019-01-03 23:22:34 - [MESSAGE][PASSED] - Navigate to 'https://assist2-uat.perkeso.gov.my/c/portal/logout' successfully

2019-01-03 23:22:34 - [TEST_STEP][PASSED] - delay: Delayed 2 second(s)

2019-01-03 23:22:36 - [MESSAGE][PASSED] - Delayed 2 second(s)

2019-01-03 23:22:36 - [TEST_STEP][PASSED] - callTestCase: Call Test Case 'Test Cases/Final Aug 2018 - PKS Automation/Common/Workflow Owner Finder' successfully

2019-01-03 23:22:36 - [TEST_CASE][PASSED] - Test Cases/Final Aug 2018 - PKS Automation/Common/Workflow Owner Finder: Test Cases/Final Aug 2018 - PKS Automation/Common/Workflow Owner Finder

2019-01-03 23:22:37 - [TEST_STEP][PASSED] - openBrowser: Browser is opened with url: ''

2019-01-03 23:22:37 - [MESSAGE][WARNING] - A browser is already opened. Closing browser and opening a new one

2019-01-03 23:22:41 - [MESSAGE][PASSED] - Browser is opened with url: ''

2019-01-03 23:22:41 - [TEST_STEP][PASSED] - navigateToUrl: Navigate to 'https://assist2-uat.perkeso.gov.my/login' successfully

2019-01-03 23:22:42 - [MESSAGE][PASSED] - Navigate to 'https://assist2-uat.perkeso.gov.my/login' successfully

2019-01-03 23:22:42 - [TEST_STEP][PASSED] - delay: Delayed 5 second(s)

2019-01-03 23:22:47 - [MESSAGE][PASSED] - Delayed 5 second(s)

2019-01-03 23:22:47 - [TEST_STEP][PASSED] - setText: Text 'test@liferay.com' is set on object 'Object Repository/Final Object Repo/Login Page/Internal User/Email Address'

2019-01-03 23:22:47 - [MESSAGE][PASSED] - Text 'test@liferay.com' is set on object 'Object Repository/Final Object Repo/Login Page/Internal User/Email Address'

2019-01-03 23:22:47 - [TEST_STEP][PASSED] - click: Object: 'Object Repository/Final Object Repo/Login Page/Internal User/Next Button' is clicked on

2019-01-03 23:22:47 - [MESSAGE][PASSED] - Object: 'Object Repository/Final Object Repo/Login Page/Internal User/Next Button' is clicked on

2019-01-03 23:22:47 - [TEST_STEP][PASSED] - delay: Delayed 2 second(s)

2019-01-03 23:22:49 - [MESSAGE][PASSED] - Delayed 2 second(s)

2019-01-03 23:22:49 - [TEST_STEP][PASSED] - setText: Text 'test' is set on object 'Object Repository/Final Object Repo/Login Page/Internal User/Password'

2019-01-03 23:22:50 - [MESSAGE][PASSED] - Text 'test' is set on object 'Object Repository/Final Object Repo/Login Page/Internal User/Password'

2019-01-03 23:22:50 - [TEST_STEP][PASSED] - delay: Delayed 2 second(s)

2019-01-03 23:22:52 - [MESSAGE][PASSED] - Delayed 2 second(s)

2019-01-03 23:22:52 - [TEST_STEP][PASSED] - click: Object: 'Object Repository/Final Object Repo/Login Page/Internal User/Login Button' is clicked on

2019-01-03 23:22:52 - [MESSAGE][PASSED] - Object: 'Object Repository/Final Object Repo/Login Page/Internal User/Login Button' is clicked on

2019-01-03 23:22:52 - [TEST_STEP][PASSED] - Statement - tester = com.kms.katalon.core.testobject.ObjectRepository.findTestObject(Final Object Repo/Landing Page/Select to English): Finding Test Object with id 'Object Repository/Final Object Repo/Landing Page/Select to English'

2019-01-03 23:22:52 - [TEST_STEP][PASSED] - Statement - Try: Delayed 2 second(s)

2019-01-03 23:22:52 - [TEST_STEP][PASSED] - Statement - Checker = com.kms.katalon.core.webui.keyword.WebUiBuiltInKeywords.verifyElementNotPresent(tester, 3): Web element with id: 'Object Repository/Final Object Repo/Landing Page/Select to English' located by 'By.xpath: //a[@class = 'taglib-language-list-text' and @lang = 'en-US' and (contains(text(), 'EN') or contains(., 'EN'))]' is not present after '3' second(s)

2019-01-03 23:22:53 - [MESSAGE][PASSED] - Web element with id: 'Object Repository/Final Object Repo/Landing Page/Select to English' located by 'By.xpath: //a[@class = 'taglib-language-list-text' and @lang = 'en-US' and (contains(text(), 'EN') or contains(., 'EN'))]' is not present after '3' second(s)

2019-01-03 23:22:53 - [TEST_STEP][PASSED] - Statement - If (Checker == false): null

2019-01-03 23:22:53 - [TEST_STEP][PASSED] - delay: Delayed 2 second(s)

2019-01-03 23:22:55 - [MESSAGE][PASSED] - Delayed 2 second(s)

2019-01-03 23:22:55 - [TEST_STEP][PASSED] - delay: Delayed 5 second(s)

2019-01-03 23:23:00 - [MESSAGE][PASSED] - Delayed 5 second(s)

2019-01-03 23:23:00 - [TEST_STEP][PASSED] - mouseOver: Object: 'Object Repository/Final Object Repo/Landing Page/WorkFlow Menu' is hovered

2019-01-03 23:23:01 - [MESSAGE][PASSED] - Object: 'Object Repository/Final Object Repo/Landing Page/WorkFlow Menu' is hovered

2019-01-03 23:23:01 - [TEST_STEP][PASSED] - delay: Delayed 2 second(s)

2019-01-03 23:23:03 - [MESSAGE][PASSED] - Delayed 2 second(s)

2019-01-03 23:23:03 - [TEST_STEP][PASSED] - click: Object: 'Object Repository/Final Object Repo/Landing Page/Select to Workflow Listing' is clicked on

2019-01-03 23:23:04 - [MESSAGE][PASSED] - Object: 'Object Repository/Final Object Repo/Landing Page/Select to Workflow Listing' is clicked on

2019-01-03 23:23:04 - [TEST_STEP][PASSED] - delay: Delayed 2 second(s)

2019-01-03 23:23:06 - [MESSAGE][PASSED] - Delayed 2 second(s)

2019-01-03 23:23:06 - [TEST_STEP][PASSED] - click: Object: 'Object Repository/Final Object Repo/WorkFlow Listing Page/Search Information - To Put Ref No' is clicked on

2019-01-03 23:23:06 - [MESSAGE][PASSED] - Object: 'Object Repository/Final Object Repo/WorkFlow Listing Page/Search Information - To Put Ref No' is clicked on

2019-01-03 23:23:06 - [TEST_STEP][PASSED] - delay: Delayed 2 second(s)

2019-01-03 23:23:08 - [MESSAGE][PASSED] - Delayed 2 second(s)

2019-01-03 23:23:08 - [TEST_STEP][PASSED] - callTestCase: Call Test Case 'Test Cases/Final Aug 2018 - PKS Automation/Common/Reference Number Getter' successfully

2019-01-03 23:23:08 - [TEST_CASE][PASSED] - Test Cases/Final Aug 2018 - PKS Automation/Common/Reference Number Getter: Test Cases/Final Aug 2018 - PKS Automation/Common/Reference Number Getter

2019-01-03 23:23:08 - [TEST_STEP][PASSED] - Statement - Try: null

2019-01-03 23:23:08 - [TEST_STEP][PASSED] - Statement - RefNo = new java.io.File(C://Users//Admin//Desktop//PKS//Automation Reference Point//KatalonReference.txt): null

2019-01-03 23:23:08 - [TEST_STEP][PASSED] - Statement - bufferread = new java.io.BufferedReader(new java.io.FileReader(RefNo)): null

2019-01-03 23:23:08 - [TEST_STEP][PASSED] - Statement - readedVal = bufferread.readLine(): null

2019-01-03 23:23:08 - [TEST_STEP][PASSED] - Statement - out.println(CaseReferenceNo): null

2019-01-03 23:23:08 - [TEST_STEP][PASSED] - Statement - out.println(readedVal): null

2019-01-03 23:23:08 - [TEST_STEP][PASSED] - Statement - CaseReferenceNo = "": null

2019-01-03 23:23:08 - [TEST_STEP][PASSED] - Statement - CaseReferenceNo = readedVal: null

2019-01-03 23:23:08 - [MESSAGE][PASSED] - Call Test Case 'Test Cases/Final Aug 2018 - PKS Automation/Common/Reference Number Getter' successfully

2019-01-03 23:23:08 - [TEST_STEP][PASSED] - setText: Text 'SSN01201900001201' is set on object 'Object Repository/Final Object Repo/WorkFlow Listing Page/Ref No Set Text'

2019-01-03 23:23:09 - [MESSAGE][PASSED] - Text 'SSN01201900001201' is set on object 'Object Repository/Final Object Repo/WorkFlow Listing Page/Ref No Set Text'

2019-01-03 23:23:09 - [TEST_STEP][PASSED] - delay: Delayed 2 second(s)

2019-01-03 23:23:11 - [MESSAGE][PASSED] - Delayed 2 second(s)

2019-01-03 23:23:11 - [TEST_STEP][PASSED] - click: Object: 'Object Repository/Final Object Repo/WorkFlow Listing Page/Search Ref No Search Button' is clicked on

2019-01-03 23:23:11 - [MESSAGE][PASSED] - Object: 'Object Repository/Final Object Repo/WorkFlow Listing Page/Search Ref No Search Button' is clicked on

2019-01-03 23:23:11 - [TEST_STEP][PASSED] - delay: Delayed 6 second(s)

2019-01-03 23:23:17 - [MESSAGE][PASSED] - Delayed 6 second(s)

2019-01-03 23:23:17 - [TEST_STEP][PASSED] - click: Object: 'Object Repository/Final Object Repo/WorkFlow Listing Page/Click Continue Tooltip' is clicked on

2019-01-03 23:23:18 - [MESSAGE][PASSED] - Object: 'Object Repository/Final Object Repo/WorkFlow Listing Page/Click Continue Tooltip' is clicked on

2019-01-03 23:23:18 - [TEST_STEP][PASSED] - delay: Delayed 5 second(s)

2019-01-03 23:23:23 - [MESSAGE][PASSED] - Delayed 5 second(s)

2019-01-03 23:23:23 - [TEST_STEP][PASSED] - doubleClick: Object: 'Object Repository/Final Object Repo/WorkFlow Listing Page/Workflow Found - Listing 1' is double clicked on

2019-01-03 23:23:23 - [MESSAGE][PASSED] - Object: 'Object Repository/Final Object Repo/WorkFlow Listing Page/Workflow Found - Listing 1' is double clicked on

2019-01-03 23:23:23 - [TEST_STEP][PASSED] - Statement - println(OwnerID): null

2019-01-03 23:23:23 - [TEST_STEP][PASSED] - Statement - OwnerID = com.kms.katalon.core.webui.keyword.WebUiBuiltInKeywords.getText(com.kms.katalon.core.testobject.ObjectRepository.findTestObject(Final Object Repo/WorkFlow Listing Page/Workflow Found - Listing 1), STOP_ON_FAILURE): Text of object 'Object Repository/Final Object Repo/WorkFlow Listing Page/Workflow Found - Listing 1' is: 'JOHORrio1'

2019-01-03 23:23:23 - [MESSAGE][PASSED] - Text of object 'Object Repository/Final Object Repo/WorkFlow Listing Page/Workflow Found - Listing 1' is: 'JOHORrio1'

2019-01-03 23:23:23 - [TEST_STEP][PASSED] - Statement - OwnerID = OwnerID.toLowerCase() + "@gmail.com": null

2019-01-03 23:23:23 - [TEST_STEP][PASSED] - Statement - println(OwnerID): null

2019-01-03 23:23:23 - [TEST_STEP][PASSED] - delay: Delayed 2 second(s)

2019-01-03 23:23:25 - [MESSAGE][PASSED] - Delayed 2 second(s)

2019-01-03 23:23:25 - [MESSAGE][PASSED] - Call Test Case 'Test Cases/Final Aug 2018 - PKS Automation/Common/Workflow Owner Finder' successfully

2019-01-03 23:23:25 - [TEST_STEP][PASSED] - delay: Delayed 2 second(s)

2019-01-03 23:23:27 - [MESSAGE][PASSED] - Delayed 2 second(s)

2019-01-03 23:23:27 - [TEST_STEP][PASSED] - navigateToUrl: Navigate to 'https://assist2-uat.perkeso.gov.my/c/portal/logout' successfully

2019-01-03 23:23:28 - [MESSAGE][PASSED] - Navigate to 'https://assist2-uat.perkeso.gov.my/c/portal/logout' successfully

2019-01-03 23:23:28 - [TEST_STEP][PASSED] - delay: Delayed 2 second(s)

2019-01-03 23:23:30 - [MESSAGE][PASSED] - Delayed 2 second(s)

2019-01-03 23:23:30 - [TEST_STEP][PASSED] - callTestCase: Call Test Case 'Test Cases/Final Aug 2018 - PKS Automation/Registration Module/Workflow/Login and Search Case For Workflow' successfully

2019-01-03 23:23:30 - [TEST_CASE][PASSED] - Test Cases/Final Aug 2018 - PKS Automation/Registration Module/Workflow/Login and Search Case For Workflow: Test Cases/Final Aug 2018 - PKS Automation/Registration Module/Workflow/Login and Search Case For Workflow

2019-01-03 23:23:30 - [TEST_STEP][PASSED] - navigateToUrl: Navigate to 'https://assist2-uat.perkeso.gov.my/login' successfully

2019-01-03 23:23:31 - [MESSAGE][PASSED] - Navigate to 'https://assist2-uat.perkeso.gov.my/login' successfully

2019-01-03 23:23:31 - [TEST_STEP][PASSED] - setText: Text 'johorrio1@gmail.com' is set on object 'Object Repository/Final Object Repo/Login Page/Internal User/Email Address'

2019-01-03 23:23:31 - [MESSAGE][PASSED] - Text 'johorrio1@gmail.com' is set on object 'Object Repository/Final Object Repo/Login Page/Internal User/Email Address'

2019-01-03 23:23:31 - [TEST_STEP][PASSED] - click: Object: 'Object Repository/Final Object Repo/Login Page/Internal User/Next Button' is clicked on

2019-01-03 23:23:31 - [MESSAGE][PASSED] - Object: 'Object Repository/Final Object Repo/Login Page/Internal User/Next Button' is clicked on

2019-01-03 23:23:31 - [TEST_STEP][PASSED] - delay: Delayed 1 second(s)

2019-01-03 23:23:32 - [MESSAGE][PASSED] - Delayed 1 second(s)

2019-01-03 23:23:32 - [TEST_STEP][PASSED] - setEncryptedText: Text ****** has been set on object 'Object Repository/Final Object Repo/Login Page/Internal User/Password'

2019-01-03 23:23:32 - [MESSAGE][PASSED] - Text ****** has been set on object 'Object Repository/Final Object Repo/Login Page/Internal User/Password'

2019-01-03 23:23:32 - [TEST_STEP][PASSED] - click: Object: 'Object Repository/Final Object Repo/Login Page/Internal User/Login Button' is clicked on

2019-01-03 23:23:32 - [MESSAGE][PASSED] - Object: 'Object Repository/Final Object Repo/Login Page/Internal User/Login Button' is clicked on

2019-01-03 23:23:32 - [TEST_STEP][PASSED] - delay: Delayed 2 second(s)

2019-01-03 23:23:34 - [MESSAGE][PASSED] - Delayed 2 second(s)

2019-01-03 23:23:34 - [TEST_STEP][PASSED] - Statement - Try: Delayed 2 second(s)

2019-01-03 23:23:34 - [TEST_STEP][PASSED] - Statement - Checker = false: null

2019-01-03 23:23:34 - [TEST_STEP][PASSED] - Statement - Checker = com.kms.katalon.core.webui.keyword.WebUiBuiltInKeywords.verifyElementHasAttribute(com.kms.katalon.core.testobject.ObjectRepository.findTestObject(Final Object Repo/Landing Page/BM Detecting), "href", 20, OPTIONAL): Object 'Object Repository/Final Object Repo/Landing Page/BM Detecting' has attribute 'href'

2019-01-03 23:23:35 - [MESSAGE][PASSED] - Object 'Object Repository/Final Object Repo/Landing Page/BM Detecting' has attribute 'href'

2019-01-03 23:23:35 - [TEST_STEP][PASSED] - Statement - out.println(Checker): null

2019-01-03 23:23:35 - [TEST_STEP][PASSED] - Statement - If (Checker == false): null

2019-01-03 23:23:35 - [TEST_STEP][PASSED] - Statement - Else: null

2019-01-03 23:23:35 - [TEST_STEP][PASSED] - delay: Delayed 2 second(s)

2019-01-03 23:23:37 - [MESSAGE][PASSED] - Delayed 2 second(s)

2019-01-03 23:23:37 - [TEST_STEP][PASSED] - click: Object: 'Object Repository/Final Object Repo/Page_MyASSIST - ASSIST - Search Pending Case For Add Supporting Document/Search Information' is clicked on

2019-01-03 23:23:37 - [MESSAGE][PASSED] - Object: 'Object Repository/Final Object Repo/Page_MyASSIST - ASSIST - Search Pending Case For Add Supporting Document/Search Information' is clicked on

2019-01-03 23:23:37 - [TEST_STEP][PASSED] - delay: Delayed 3 second(s)

2019-01-03 23:23:40 - [MESSAGE][PASSED] - Delayed 3 second(s)

2019-01-03 23:23:40 - [TEST_STEP][PASSED] - sendKeys: Keys 'SSN01201900001201' sent to object: 'Object Repository/Final Object Repo/Page_MyASSIST - ASSIST - Search Pending Case For Add Supporting Document/Reference No'

2019-01-03 23:23:40 - [MESSAGE][PASSED] - Keys 'SSN01201900001201' sent to object: 'Object Repository/Final Object Repo/Page_MyASSIST - ASSIST - Search Pending Case For Add Supporting Document/Reference No'

2019-01-03 23:23:40 - [TEST_STEP][PASSED] - click: Object: 'Object Repository/Final Object Repo/Page_MyASSIST - ASSIST - Search Pending Case For Add Supporting Document/Search Reference No' is clicked on

2019-01-03 23:23:40 - [MESSAGE][PASSED] - Object: 'Object Repository/Final Object Repo/Page_MyASSIST - ASSIST - Search Pending Case For Add Supporting Document/Search Reference No' is clicked on

2019-01-03 23:23:40 - [TEST_STEP][PASSED] - delay: Delayed 2 second(s)

2019-01-03 23:23:42 - [MESSAGE][PASSED] - Delayed 2 second(s)

2019-01-03 23:23:42 - [TEST_STEP][PASSED] - click: Object: 'Object Repository/Final Object Repo/Page_MyASSIST - ASSIST - Search Pending Case For Add Supporting Document/Continue' is clicked on

2019-01-03 23:23:49 - [MESSAGE][PASSED] - Object: 'Object Repository/Final Object Repo/Page_MyASSIST - ASSIST - Search Pending Case For Add Supporting Document/Continue' is clicked on

2019-01-03 23:23:49 - [TEST_STEP][PASSED] - delay: Delayed 20 second(s)

2019-01-03 23:24:09 - [MESSAGE][PASSED] - Delayed 20 second(s)

2019-01-03 23:24:09 - [MESSAGE][PASSED] - Call Test Case 'Test Cases/Final Aug 2018 - PKS Automation/Registration Module/Workflow/Login and Search Case For Workflow' successfully

2019-01-03 23:24:09 - [TEST_STEP][PASSED] - callTestCase: Call Test Case 'Test Cases/Final Aug 2018 - PKS Automation/Registration Module/Workflow/Request SSN/Template/Request SSN - RIO' successfully

2019-01-03 23:24:09 - [TEST_CASE][PASSED] - Test Cases/Final Aug 2018 - PKS Automation/Registration Module/Workflow/Request SSN/Template/Request SSN - RIO: Test Cases/Final Aug 2018 - PKS Automation/Registration Module/Workflow/Request SSN/Template/Request SSN - RIO

2019-01-03 23:24:09 - [TEST_STEP][NOT_RUN] - openBrowser: NOT_RUN: openBrowser

2019-01-03 23:24:09 - [MESSAGE][NOT_RUN] - NOT_RUN: openBrowser

2019-01-03 23:24:09 - [TEST_STEP][NOT_RUN] - navigateToUrl: NOT_RUN: navigateToUrl

2019-01-03 23:24:09 - [MESSAGE][NOT_RUN] - NOT_RUN: navigateToUrl

2019-01-03 23:24:09 - [TEST_STEP][NOT_RUN] - setText: NOT_RUN: setText

2019-01-03 23:24:09 - [MESSAGE][NOT_RUN] - NOT_RUN: setText

2019-01-03 23:24:09 - [TEST_STEP][NOT_RUN] - click: NOT_RUN: click

2019-01-03 23:24:09 - [MESSAGE][NOT_RUN] - NOT_RUN: click

2019-01-03 23:24:09 - [TEST_STEP][NOT_RUN] - delay: NOT_RUN: delay

2019-01-03 23:24:09 - [MESSAGE][NOT_RUN] - NOT_RUN: delay

2019-01-03 23:24:09 - [TEST_STEP][NOT_RUN] - setEncryptedText: NOT_RUN: setEncryptedText

2019-01-03 23:24:09 - [MESSAGE][NOT_RUN] - NOT_RUN: setEncryptedText

2019-01-03 23:24:09 - [TEST_STEP][NOT_RUN] - click: NOT_RUN: click

2019-01-03 23:24:09 - [MESSAGE][NOT_RUN] - NOT_RUN: click

2019-01-03 23:24:09 - [TEST_STEP][NOT_RUN] - delay: NOT_RUN: delay

2019-01-03 23:24:09 - [MESSAGE][NOT_RUN] - NOT_RUN: delay

2019-01-03 23:24:09 - [TEST_STEP][NOT_RUN] - click: NOT_RUN: click

2019-01-03 23:24:09 - [MESSAGE][NOT_RUN] - NOT_RUN: click

2019-01-03 23:24:09 - [TEST_STEP][NOT_RUN] - sendKeys: NOT_RUN: sendKeys

2019-01-03 23:24:09 - [MESSAGE][NOT_RUN] - NOT_RUN: sendKeys

2019-01-03 23:24:09 - [TEST_STEP][NOT_RUN] - click: NOT_RUN: click

2019-01-03 23:24:09 - [MESSAGE][NOT_RUN] - NOT_RUN: click

2019-01-03 23:24:09 - [TEST_STEP][NOT_RUN] - delay: NOT_RUN: delay

2019-01-03 23:24:09 - [MESSAGE][NOT_RUN] - NOT_RUN: delay

2019-01-03 23:24:09 - [TEST_STEP][NOT_RUN] - click: NOT_RUN: click

2019-01-03 23:24:09 - [MESSAGE][NOT_RUN] - NOT_RUN: click

2019-01-03 23:24:09 - [TEST_STEP][PASSED] - delay: Delayed 2 second(s)

2019-01-03 23:24:11 - [MESSAGE][PASSED] - Delayed 2 second(s)

2019-01-03 23:24:11 - [TEST_STEP][PASSED] - click: Object: 'Object Repository/Final Object Repo/Page_Request SSN - ASSIST/Page_Request SSN - ASSIST - RIO/Recommend For SSN' is clicked on

2019-01-03 23:24:12 - [MESSAGE][PASSED] - Object: 'Object Repository/Final Object Repo/Page_Request SSN - ASSIST/Page_Request SSN - ASSIST - RIO/Recommend For SSN' is clicked on

2019-01-03 23:24:12 - [TEST_STEP][PASSED] - click: Object: 'Object Repository/Final Object Repo/Page_Request SSN - ASSIST/Page_Request SSN - ASSIST - RIO/Recommend For SSN  - Yes' is clicked on

2019-01-03 23:24:12 - [MESSAGE][PASSED] - Object: 'Object Repository/Final Object Repo/Page_Request SSN - ASSIST/Page_Request SSN - ASSIST - RIO/Recommend For SSN  - Yes' is clicked on

2019-01-03 23:24:12 - [TEST_STEP][PASSED] - delay: Delayed 2 second(s)

2019-01-03 23:24:14 - [MESSAGE][PASSED] - Delayed 2 second(s)

2019-01-03 23:24:14 - [TEST_STEP][PASSED] - click: Object: 'Object Repository/Final Object Repo/Page_Request SSN - ASSIST/Page_Request SSN - ASSIST - RIO/Save  Continue in SSN page' is clicked on

2019-01-03 23:24:14 - [MESSAGE][PASSED] - Object: 'Object Repository/Final Object Repo/Page_Request SSN - ASSIST/Page_Request SSN - ASSIST - RIO/Save  Continue in SSN page' is clicked on

2019-01-03 23:24:14 - [TEST_STEP][PASSED] - delay: Delayed 2 second(s)

2019-01-03 23:24:16 - [MESSAGE][PASSED] - Delayed 2 second(s)

2019-01-03 23:24:16 - [TEST_STEP][PASSED] - click: Object: 'Object Repository/Final Object Repo/Page_Request SSN - ASSIST/Page_Request SSN - ASSIST - RIO/Save  Continue in Upload Document Page' is clicked on

2019-01-03 23:24:19 - [MESSAGE][PASSED] - Object: 'Object Repository/Final Object Repo/Page_Request SSN - ASSIST/Page_Request SSN - ASSIST - RIO/Save  Continue in Upload Document Page' is clicked on

2019-01-03 23:24:19 - [TEST_STEP][PASSED] - delay: Delayed 2 second(s)

2019-01-03 23:24:21 - [MESSAGE][PASSED] - Delayed 2 second(s)

2019-01-03 23:24:21 - [TEST_STEP][PASSED] - click: Object: 'Object Repository/Final Object Repo/Page_Request SSN - ASSIST/Page_Request SSN - ASSIST - RIO/Submit' is clicked on

2019-01-03 23:24:23 - [MESSAGE][PASSED] - Object: 'Object Repository/Final Object Repo/Page_Request SSN - ASSIST/Page_Request SSN - ASSIST - RIO/Submit' is clicked on

2019-01-03 23:24:23 - [TEST_STEP][PASSED] - delay: Delayed 2 second(s)

2019-01-03 23:24:25 - [MESSAGE][PASSED] - Delayed 2 second(s)

2019-01-03 23:24:25 - [TEST_STEP][PASSED] - click: Object: 'Object Repository/Final Object Repo/Page_Request SSN - ASSIST/Page_Request SSN - ASSIST - RIO/Confirm' is clicked on

2019-01-03 23:24:26 - [MESSAGE][PASSED] - Object: 'Object Repository/Final Object Repo/Page_Request SSN - ASSIST/Page_Request SSN - ASSIST - RIO/Confirm' is clicked on

2019-01-03 23:24:26 - [MESSAGE][PASSED] - Call Test Case 'Test Cases/Final Aug 2018 - PKS Automation/Registration Module/Workflow/Request SSN/Template/Request SSN - RIO' successfully

2019-01-03 23:24:26 - [TEST_STEP][PASSED] - delay: Delayed 2 second(s)

2019-01-03 23:24:28 - [MESSAGE][PASSED] - Delayed 2 second(s)

2019-01-03 23:24:28 - [TEST_STEP][PASSED] - navigateToUrl: Navigate to 'https://assist2-uat.perkeso.gov.my/c/portal/logout' successfully

2019-01-03 23:24:33 - [MESSAGE][PASSED] - Navigate to 'https://assist2-uat.perkeso.gov.my/c/portal/logout' successfully

2019-01-03 23:24:33 - [TEST_STEP][PASSED] - delay: Delayed 2 second(s)

2019-01-03 23:24:35 - [MESSAGE][PASSED] - Delayed 2 second(s)

2019-01-03 23:24:35 - [TEST_STEP][PASSED] - callTestCase: Call Test Case 'Test Cases/Final Aug 2018 - PKS Automation/Common/Workflow Owner Finder' successfully

2019-01-03 23:24:35 - [TEST_CASE][PASSED] - Test Cases/Final Aug 2018 - PKS Automation/Common/Workflow Owner Finder: Test Cases/Final Aug 2018 - PKS Automation/Common/Workflow Owner Finder

2019-01-03 23:24:35 - [TEST_STEP][PASSED] - openBrowser: Browser is opened with url: ''

2019-01-03 23:24:35 - [MESSAGE][WARNING] - A browser is already opened. Closing browser and opening a new one

2019-01-03 23:24:39 - [MESSAGE][PASSED] - Browser is opened with url: ''

2019-01-03 23:24:39 - [TEST_STEP][PASSED] - navigateToUrl: Navigate to 'https://assist2-uat.perkeso.gov.my/login' successfully

2019-01-03 23:24:40 - [MESSAGE][PASSED] - Navigate to 'https://assist2-uat.perkeso.gov.my/login' successfully

2019-01-03 23:24:40 - [TEST_STEP][PASSED] - delay: Delayed 5 second(s)

2019-01-03 23:24:45 - [MESSAGE][PASSED] - Delayed 5 second(s)

2019-01-03 23:24:45 - [TEST_STEP][PASSED] - setText: Text 'test@liferay.com' is set on object 'Object Repository/Final Object Repo/Login Page/Internal User/Email Address'

2019-01-03 23:24:45 - [MESSAGE][PASSED] - Text 'test@liferay.com' is set on object 'Object Repository/Final Object Repo/Login Page/Internal User/Email Address'

2019-01-03 23:24:45 - [TEST_STEP][PASSED] - click: Object: 'Object Repository/Final Object Repo/Login Page/Internal User/Next Button' is clicked on

2019-01-03 23:24:45 - [MESSAGE][PASSED] - Object: 'Object Repository/Final Object Repo/Login Page/Internal User/Next Button' is clicked on

2019-01-03 23:24:45 - [TEST_STEP][PASSED] - delay: Delayed 2 second(s)

2019-01-03 23:24:47 - [MESSAGE][PASSED] - Delayed 2 second(s)

2019-01-03 23:24:47 - [TEST_STEP][PASSED] - setText: Text 'test' is set on object 'Object Repository/Final Object Repo/Login Page/Internal User/Password'

2019-01-03 23:24:47 - [MESSAGE][PASSED] - Text 'test' is set on object 'Object Repository/Final Object Repo/Login Page/Internal User/Password'

2019-01-03 23:24:47 - [TEST_STEP][PASSED] - delay: Delayed 2 second(s)

2019-01-03 23:24:49 - [MESSAGE][PASSED] - Delayed 2 second(s)

2019-01-03 23:24:49 - [TEST_STEP][PASSED] - click: Object: 'Object Repository/Final Object Repo/Login Page/Internal User/Login Button' is clicked on

2019-01-03 23:24:49 - [MESSAGE][PASSED] - Object: 'Object Repository/Final Object Repo/Login Page/Internal User/Login Button' is clicked on

2019-01-03 23:24:49 - [TEST_STEP][PASSED] - Statement - tester = com.kms.katalon.core.testobject.ObjectRepository.findTestObject(Final Object Repo/Landing Page/Select to English): Finding Test Object with id 'Object Repository/Final Object Repo/Landing Page/Select to English'

2019-01-03 23:24:49 - [TEST_STEP][PASSED] - Statement - Try: Delayed 2 second(s)

2019-01-03 23:24:49 - [TEST_STEP][PASSED] - Statement - Checker = com.kms.katalon.core.webui.keyword.WebUiBuiltInKeywords.verifyElementNotPresent(tester, 3): Web element with id: 'Object Repository/Final Object Repo/Landing Page/Select to English' located by 'By.xpath: //a[@class = 'taglib-language-list-text' and @lang = 'en-US' and (contains(text(), 'EN') or contains(., 'EN'))]' is not present after '3' second(s)

2019-01-03 23:24:51 - [MESSAGE][PASSED] - Web element with id: 'Object Repository/Final Object Repo/Landing Page/Select to English' located by 'By.xpath: //a[@class = 'taglib-language-list-text' and @lang = 'en-US' and (contains(text(), 'EN') or contains(., 'EN'))]' is not present after '3' second(s)

2019-01-03 23:24:51 - [TEST_STEP][PASSED] - Statement - If (Checker == false): null

2019-01-03 23:24:51 - [TEST_STEP][PASSED] - delay: Delayed 2 second(s)

2019-01-03 23:24:53 - [MESSAGE][PASSED] - Delayed 2 second(s)

2019-01-03 23:24:53 - [TEST_STEP][PASSED] - delay: Delayed 5 second(s)

2019-01-03 23:24:58 - [MESSAGE][PASSED] - Delayed 5 second(s)

2019-01-03 23:24:58 - [TEST_STEP][PASSED] - mouseOver: Object: 'Object Repository/Final Object Repo/Landing Page/WorkFlow Menu' is hovered

2019-01-03 23:24:59 - [MESSAGE][PASSED] - Object: 'Object Repository/Final Object Repo/Landing Page/WorkFlow Menu' is hovered

2019-01-03 23:24:59 - [TEST_STEP][PASSED] - delay: Delayed 2 second(s)

2019-01-03 23:25:01 - [MESSAGE][PASSED] - Delayed 2 second(s)

2019-01-03 23:25:01 - [TEST_STEP][PASSED] - click: Object: 'Object Repository/Final Object Repo/Landing Page/Select to Workflow Listing' is clicked on

2019-01-03 23:25:02 - [MESSAGE][PASSED] - Object: 'Object Repository/Final Object Repo/Landing Page/Select to Workflow Listing' is clicked on

2019-01-03 23:25:02 - [TEST_STEP][PASSED] - delay: Delayed 2 second(s)

2019-01-03 23:25:04 - [MESSAGE][PASSED] - Delayed 2 second(s)

2019-01-03 23:25:04 - [TEST_STEP][PASSED] - click: Object: 'Object Repository/Final Object Repo/WorkFlow Listing Page/Search Information - To Put Ref No' is clicked on

2019-01-03 23:25:04 - [MESSAGE][PASSED] - Object: 'Object Repository/Final Object Repo/WorkFlow Listing Page/Search Information - To Put Ref No' is clicked on

2019-01-03 23:25:04 - [TEST_STEP][PASSED] - delay: Delayed 2 second(s)

2019-01-03 23:25:06 - [MESSAGE][PASSED] - Delayed 2 second(s)

2019-01-03 23:25:06 - [TEST_STEP][PASSED] - callTestCase: Call Test Case 'Test Cases/Final Aug 2018 - PKS Automation/Common/Reference Number Getter' successfully

2019-01-03 23:25:06 - [TEST_CASE][PASSED] - Test Cases/Final Aug 2018 - PKS Automation/Common/Reference Number Getter: Test Cases/Final Aug 2018 - PKS Automation/Common/Reference Number Getter

2019-01-03 23:25:06 - [TEST_STEP][PASSED] - Statement - Try: null

2019-01-03 23:25:06 - [TEST_STEP][PASSED] - Statement - RefNo = new java.io.File(C://Users//Admin//Desktop//PKS//Automation Reference Point//KatalonReference.txt): null

2019-01-03 23:25:06 - [TEST_STEP][PASSED] - Statement - bufferread = new java.io.BufferedReader(new java.io.FileReader(RefNo)): null

2019-01-03 23:25:06 - [TEST_STEP][PASSED] - Statement - readedVal = bufferread.readLine(): null

2019-01-03 23:25:06 - [TEST_STEP][PASSED] - Statement - out.println(CaseReferenceNo): null

2019-01-03 23:25:06 - [TEST_STEP][PASSED] - Statement - out.println(readedVal): null

2019-01-03 23:25:06 - [TEST_STEP][PASSED] - Statement - CaseReferenceNo = "": null

2019-01-03 23:25:06 - [TEST_STEP][PASSED] - Statement - CaseReferenceNo = readedVal: null

2019-01-03 23:25:06 - [MESSAGE][PASSED] - Call Test Case 'Test Cases/Final Aug 2018 - PKS Automation/Common/Reference Number Getter' successfully

2019-01-03 23:25:06 - [TEST_STEP][PASSED] - setText: Text 'SSN01201900001201' is set on object 'Object Repository/Final Object Repo/WorkFlow Listing Page/Ref No Set Text'

2019-01-03 23:25:06 - [MESSAGE][PASSED] - Text 'SSN01201900001201' is set on object 'Object Repository/Final Object Repo/WorkFlow Listing Page/Ref No Set Text'

2019-01-03 23:25:06 - [TEST_STEP][PASSED] - delay: Delayed 2 second(s)

2019-01-03 23:25:08 - [MESSAGE][PASSED] - Delayed 2 second(s)

2019-01-03 23:25:08 - [TEST_STEP][PASSED] - click: Object: 'Object Repository/Final Object Repo/WorkFlow Listing Page/Search Ref No Search Button' is clicked on

2019-01-03 23:25:08 - [MESSAGE][PASSED] - Object: 'Object Repository/Final Object Repo/WorkFlow Listing Page/Search Ref No Search Button' is clicked on

2019-01-03 23:25:08 - [TEST_STEP][PASSED] - delay: Delayed 6 second(s)

2019-01-03 23:25:14 - [MESSAGE][PASSED] - Delayed 6 second(s)

2019-01-03 23:25:14 - [TEST_STEP][PASSED] - click: Object: 'Object Repository/Final Object Repo/WorkFlow Listing Page/Click Continue Tooltip' is clicked on

2019-01-03 23:25:15 - [MESSAGE][PASSED] - Object: 'Object Repository/Final Object Repo/WorkFlow Listing Page/Click Continue Tooltip' is clicked on

2019-01-03 23:25:15 - [TEST_STEP][PASSED] - delay: Delayed 5 second(s)

2019-01-03 23:25:20 - [MESSAGE][PASSED] - Delayed 5 second(s)

2019-01-03 23:25:20 - [TEST_STEP][PASSED] - doubleClick: Object: 'Object Repository/Final Object Repo/WorkFlow Listing Page/Workflow Found - Listing 1' is double clicked on

2019-01-03 23:25:20 - [MESSAGE][PASSED] - Object: 'Object Repository/Final Object Repo/WorkFlow Listing Page/Workflow Found - Listing 1' is double clicked on

2019-01-03 23:25:20 - [TEST_STEP][PASSED] - Statement - println(OwnerID): null

2019-01-03 23:25:20 - [TEST_STEP][PASSED] - Statement - OwnerID = com.kms.katalon.core.webui.keyword.WebUiBuiltInKeywords.getText(com.kms.katalon.core.testobject.ObjectRepository.findTestObject(Final Object Repo/WorkFlow Listing Page/Workflow Found - Listing 1), STOP_ON_FAILURE): Text of object 'Object Repository/Final Object Repo/WorkFlow Listing Page/Workflow Found - Listing 1' is: 'JOHORro3'

2019-01-03 23:25:20 - [MESSAGE][PASSED] - Text of object 'Object Repository/Final Object Repo/WorkFlow Listing Page/Workflow Found - Listing 1' is: 'JOHORro3'

2019-01-03 23:25:20 - [TEST_STEP][PASSED] - Statement - OwnerID = OwnerID.toLowerCase() + "@gmail.com": null

2019-01-03 23:25:20 - [TEST_STEP][PASSED] - Statement - println(OwnerID): null

2019-01-03 23:25:20 - [TEST_STEP][PASSED] - delay: Delayed 2 second(s)

2019-01-03 23:25:22 - [MESSAGE][PASSED] - Delayed 2 second(s)

2019-01-03 23:25:22 - [MESSAGE][PASSED] - Call Test Case 'Test Cases/Final Aug 2018 - PKS Automation/Common/Workflow Owner Finder' successfully

2019-01-03 23:25:22 - [TEST_STEP][PASSED] - delay: Delayed 2 second(s)

2019-01-03 23:25:24 - [MESSAGE][PASSED] - Delayed 2 second(s)

2019-01-03 23:25:24 - [TEST_STEP][PASSED] - navigateToUrl: Navigate to 'https://assist2-uat.perkeso.gov.my/c/portal/logout' successfully

2019-01-03 23:25:25 - [MESSAGE][PASSED] - Navigate to 'https://assist2-uat.perkeso.gov.my/c/portal/logout' successfully

2019-01-03 23:25:25 - [TEST_STEP][PASSED] - delay: Delayed 2 second(s)

2019-01-03 23:25:27 - [MESSAGE][PASSED] - Delayed 2 second(s)

2019-01-03 23:25:27 - [TEST_STEP][PASSED] - callTestCase: Call Test Case 'Test Cases/Final Aug 2018 - PKS Automation/Registration Module/Workflow/Login and Search Case For Workflow' successfully

2019-01-03 23:25:27 - [TEST_CASE][PASSED] - Test Cases/Final Aug 2018 - PKS Automation/Registration Module/Workflow/Login and Search Case For Workflow: Test Cases/Final Aug 2018 - PKS Automation/Registration Module/Workflow/Login and Search Case For Workflow

2019-01-03 23:25:27 - [TEST_STEP][PASSED] - navigateToUrl: Navigate to 'https://assist2-uat.perkeso.gov.my/login' successfully

2019-01-03 23:25:28 - [MESSAGE][PASSED] - Navigate to 'https://assist2-uat.perkeso.gov.my/login' successfully

2019-01-03 23:25:28 - [TEST_STEP][PASSED] - setText: Text 'johorro3@gmail.com' is set on object 'Object Repository/Final Object Repo/Login Page/Internal User/Email Address'

2019-01-03 23:25:28 - [MESSAGE][PASSED] - Text 'johorro3@gmail.com' is set on object 'Object Repository/Final Object Repo/Login Page/Internal User/Email Address'

2019-01-03 23:25:28 - [TEST_STEP][PASSED] - click: Object: 'Object Repository/Final Object Repo/Login Page/Internal User/Next Button' is clicked on

2019-01-03 23:25:28 - [MESSAGE][PASSED] - Object: 'Object Repository/Final Object Repo/Login Page/Internal User/Next Button' is clicked on

2019-01-03 23:25:28 - [TEST_STEP][PASSED] - delay: Delayed 1 second(s)

2019-01-03 23:25:29 - [MESSAGE][PASSED] - Delayed 1 second(s)

2019-01-03 23:25:29 - [TEST_STEP][PASSED] - setEncryptedText: Text ****** has been set on object 'Object Repository/Final Object Repo/Login Page/Internal User/Password'

2019-01-03 23:25:29 - [MESSAGE][PASSED] - Text ****** has been set on object 'Object Repository/Final Object Repo/Login Page/Internal User/Password'

2019-01-03 23:25:29 - [TEST_STEP][PASSED] - click: Object: 'Object Repository/Final Object Repo/Login Page/Internal User/Login Button' is clicked on

2019-01-03 23:25:30 - [MESSAGE][PASSED] - Object: 'Object Repository/Final Object Repo/Login Page/Internal User/Login Button' is clicked on

2019-01-03 23:25:30 - [TEST_STEP][PASSED] - delay: Delayed 2 second(s)

2019-01-03 23:25:32 - [MESSAGE][PASSED] - Delayed 2 second(s)

2019-01-03 23:25:32 - [TEST_STEP][PASSED] - Statement - Try: Delayed 2 second(s)

2019-01-03 23:25:32 - [TEST_STEP][PASSED] - Statement - Checker = false: null

2019-01-03 23:25:32 - [TEST_STEP][PASSED] - Statement - Checker = com.kms.katalon.core.webui.keyword.WebUiBuiltInKeywords.verifyElementHasAttribute(com.kms.katalon.core.testobject.ObjectRepository.findTestObject(Final Object Repo/Landing Page/BM Detecting), "href", 20, OPTIONAL): Object 'Object Repository/Final Object Repo/Landing Page/BM Detecting' has attribute 'href'

2019-01-03 23:25:32 - [MESSAGE][PASSED] - Object 'Object Repository/Final Object Repo/Landing Page/BM Detecting' has attribute 'href'

2019-01-03 23:25:32 - [TEST_STEP][PASSED] - Statement - out.println(Checker): null

2019-01-03 23:25:32 - [TEST_STEP][PASSED] - Statement - If (Checker == false): null

2019-01-03 23:25:32 - [TEST_STEP][PASSED] - Statement - Else: null

2019-01-03 23:25:32 - [TEST_STEP][PASSED] - delay: Delayed 2 second(s)

2019-01-03 23:25:34 - [MESSAGE][PASSED] - Delayed 2 second(s)

2019-01-03 23:25:34 - [TEST_STEP][PASSED] - click: Object: 'Object Repository/Final Object Repo/Page_MyASSIST - ASSIST - Search Pending Case For Add Supporting Document/Search Information' is clicked on

2019-01-03 23:25:34 - [MESSAGE][PASSED] - Object: 'Object Repository/Final Object Repo/Page_MyASSIST - ASSIST - Search Pending Case For Add Supporting Document/Search Information' is clicked on

2019-01-03 23:25:34 - [TEST_STEP][PASSED] - delay: Delayed 3 second(s)

2019-01-03 23:25:37 - [MESSAGE][PASSED] - Delayed 3 second(s)

2019-01-03 23:25:37 - [TEST_STEP][PASSED] - sendKeys: Keys 'SSN01201900001201' sent to object: 'Object Repository/Final Object Repo/Page_MyASSIST - ASSIST - Search Pending Case For Add Supporting Document/Reference No'

2019-01-03 23:25:37 - [MESSAGE][PASSED] - Keys 'SSN01201900001201' sent to object: 'Object Repository/Final Object Repo/Page_MyASSIST - ASSIST - Search Pending Case For Add Supporting Document/Reference No'

2019-01-03 23:25:37 - [TEST_STEP][PASSED] - click: Object: 'Object Repository/Final Object Repo/Page_MyASSIST - ASSIST - Search Pending Case For Add Supporting Document/Search Reference No' is clicked on

2019-01-03 23:25:37 - [MESSAGE][PASSED] - Object: 'Object Repository/Final Object Repo/Page_MyASSIST - ASSIST - Search Pending Case For Add Supporting Document/Search Reference No' is clicked on

2019-01-03 23:25:37 - [TEST_STEP][PASSED] - delay: Delayed 2 second(s)

2019-01-03 23:25:39 - [MESSAGE][PASSED] - Delayed 2 second(s)

2019-01-03 23:25:39 - [TEST_STEP][PASSED] - click: Object: 'Object Repository/Final Object Repo/Page_MyASSIST - ASSIST - Search Pending Case For Add Supporting Document/Continue' is clicked on

2019-01-03 23:25:46 - [MESSAGE][PASSED] - Object: 'Object Repository/Final Object Repo/Page_MyASSIST - ASSIST - Search Pending Case For Add Supporting Document/Continue' is clicked on

2019-01-03 23:25:46 - [TEST_STEP][PASSED] - delay: Delayed 20 second(s)

2019-01-03 23:26:06 - [MESSAGE][PASSED] - Delayed 20 second(s)

2019-01-03 23:26:06 - [MESSAGE][PASSED] - Call Test Case 'Test Cases/Final Aug 2018 - PKS Automation/Registration Module/Workflow/Login and Search Case For Workflow' successfully

2019-01-03 23:26:06 - [TEST_STEP][PASSED] - callTestCase: Call Test Case 'Test Cases/Final Aug 2018 - PKS Automation/Registration Module/Workflow/Request SSN/Template/Request SSN - RO (Approve)' successfully

2019-01-03 23:26:06 - [TEST_CASE][PASSED] - Test Cases/Final Aug 2018 - PKS Automation/Registration Module/Workflow/Request SSN/Template/Request SSN - RO (Approve): Test Cases/Final Aug 2018 - PKS Automation/Registration Module/Workflow/Request SSN/Template/Request SSN - RO (Approve)

2019-01-03 23:26:06 - [TEST_STEP][NOT_RUN] - openBrowser: NOT_RUN: openBrowser

2019-01-03 23:26:06 - [MESSAGE][NOT_RUN] - NOT_RUN: openBrowser

2019-01-03 23:26:06 - [TEST_STEP][NOT_RUN] - navigateToUrl: NOT_RUN: navigateToUrl

2019-01-03 23:26:06 - [MESSAGE][NOT_RUN] - NOT_RUN: navigateToUrl

2019-01-03 23:26:06 - [TEST_STEP][NOT_RUN] - setText: NOT_RUN: setText

2019-01-03 23:26:06 - [MESSAGE][NOT_RUN] - NOT_RUN: setText

2019-01-03 23:26:06 - [TEST_STEP][NOT_RUN] - click: NOT_RUN: click

2019-01-03 23:26:06 - [MESSAGE][NOT_RUN] - NOT_RUN: click

2019-01-03 23:26:06 - [TEST_STEP][NOT_RUN] - delay: NOT_RUN: delay

2019-01-03 23:26:06 - [MESSAGE][NOT_RUN] - NOT_RUN: delay

2019-01-03 23:26:06 - [TEST_STEP][NOT_RUN] - setEncryptedText: NOT_RUN: setEncryptedText

2019-01-03 23:26:06 - [MESSAGE][NOT_RUN] - NOT_RUN: setEncryptedText

2019-01-03 23:26:06 - [TEST_STEP][NOT_RUN] - click: NOT_RUN: click

2019-01-03 23:26:06 - [MESSAGE][NOT_RUN] - NOT_RUN: click

2019-01-03 23:26:06 - [TEST_STEP][NOT_RUN] - delay: NOT_RUN: delay

2019-01-03 23:26:06 - [MESSAGE][NOT_RUN] - NOT_RUN: delay

2019-01-03 23:26:06 - [TEST_STEP][NOT_RUN] - click: NOT_RUN: click

2019-01-03 23:26:06 - [MESSAGE][NOT_RUN] - NOT_RUN: click

2019-01-03 23:26:06 - [TEST_STEP][NOT_RUN] - delay: NOT_RUN: delay

2019-01-03 23:26:06 - [MESSAGE][NOT_RUN] - NOT_RUN: delay

2019-01-03 23:26:06 - [TEST_STEP][NOT_RUN] - sendKeys: NOT_RUN: sendKeys

2019-01-03 23:26:06 - [MESSAGE][NOT_RUN] - NOT_RUN: sendKeys

2019-01-03 23:26:06 - [TEST_STEP][NOT_RUN] - click: NOT_RUN: click

2019-01-03 23:26:06 - [MESSAGE][NOT_RUN] - NOT_RUN: click

2019-01-03 23:26:06 - [TEST_STEP][NOT_RUN] - delay: NOT_RUN: delay

2019-01-03 23:26:06 - [MESSAGE][NOT_RUN] - NOT_RUN: delay

2019-01-03 23:26:06 - [TEST_STEP][NOT_RUN] - click: NOT_RUN: click

2019-01-03 23:26:06 - [MESSAGE][NOT_RUN] - NOT_RUN: click

2019-01-03 23:26:06 - [TEST_STEP][PASSED] - click: Object: 'Object Repository/Final Object Repo/Page_Request SSN - ASSIST/Page_Request SSN - ASSIST - RO/Approval For SSN' is clicked on

2019-01-03 23:26:06 - [MESSAGE][PASSED] - Object: 'Object Repository/Final Object Repo/Page_Request SSN - ASSIST/Page_Request SSN - ASSIST - RO/Approval For SSN' is clicked on

2019-01-03 23:26:06 - [TEST_STEP][PASSED] - click: Object: 'Object Repository/Final Object Repo/Page_Request SSN - ASSIST/Page_Request SSN - ASSIST - RO/Approval For SSN - Approve' is clicked on

2019-01-03 23:26:07 - [MESSAGE][PASSED] - Object: 'Object Repository/Final Object Repo/Page_Request SSN - ASSIST/Page_Request SSN - ASSIST - RO/Approval For SSN - Approve' is clicked on

2019-01-03 23:26:07 - [TEST_STEP][PASSED] - delay: Delayed 2 second(s)

2019-01-03 23:26:09 - [MESSAGE][PASSED] - Delayed 2 second(s)

2019-01-03 23:26:09 - [TEST_STEP][PASSED] - click: Object: 'Object Repository/Final Object Repo/Page_Request SSN - ASSIST/Page_Request SSN - ASSIST - RO/Save  Continue in SSN Page' is clicked on

2019-01-03 23:26:09 - [MESSAGE][PASSED] - Object: 'Object Repository/Final Object Repo/Page_Request SSN - ASSIST/Page_Request SSN - ASSIST - RO/Save  Continue in SSN Page' is clicked on

2019-01-03 23:26:09 - [TEST_STEP][PASSED] - delay: Delayed 2 second(s)

2019-01-03 23:26:11 - [MESSAGE][PASSED] - Delayed 2 second(s)

2019-01-03 23:26:11 - [TEST_STEP][PASSED] - click: Object: 'Object Repository/Final Object Repo/Page_Request SSN - ASSIST/Page_Request SSN - ASSIST - RO/Save  Continue in Uploading Document Page' is clicked on

2019-01-03 23:26:13 - [MESSAGE][PASSED] - Object: 'Object Repository/Final Object Repo/Page_Request SSN - ASSIST/Page_Request SSN - ASSIST - RO/Save  Continue in Uploading Document Page' is clicked on

2019-01-03 23:26:13 - [TEST_STEP][PASSED] - delay: Delayed 2 second(s)

2019-01-03 23:26:15 - [MESSAGE][PASSED] - Delayed 2 second(s)

2019-01-03 23:26:15 - [TEST_STEP][PASSED] - click: Object: 'Object Repository/Final Object Repo/Page_Request SSN - ASSIST/Page_Request SSN - ASSIST - RO/Submit' is clicked on

2019-01-03 23:26:18 - [MESSAGE][PASSED] - Object: 'Object Repository/Final Object Repo/Page_Request SSN - ASSIST/Page_Request SSN - ASSIST - RO/Submit' is clicked on

2019-01-03 23:26:18 - [TEST_STEP][PASSED] - delay: Delayed 2 second(s)

2019-01-03 23:26:20 - [MESSAGE][PASSED] - Delayed 2 second(s)

2019-01-03 23:26:20 - [TEST_STEP][PASSED] - click: Object: 'Object Repository/Final Object Repo/Page_Request SSN - ASSIST/Page_Request SSN - ASSIST - RO/Confirm' is clicked on

2019-01-03 23:26:20 - [MESSAGE][PASSED] - Object: 'Object Repository/Final Object Repo/Page_Request SSN - ASSIST/Page_Request SSN - ASSIST - RO/Confirm' is clicked on

2019-01-03 23:26:20 - [TEST_STEP][PASSED] - delay: Delayed 2 second(s)

2019-01-03 23:26:22 - [MESSAGE][PASSED] - Delayed 2 second(s)

2019-01-03 23:26:22 - [TEST_STEP][PASSED] - verifyElementVisible: Object 'Object Repository/Final Object Repo/Page_Request SSN - ASSIST/Page_Request SSN - ASSIST - RO/Successfull Message Your application has submitted' is visible

2019-01-03 23:26:29 - [MESSAGE][PASSED] - Object 'Object Repository/Final Object Repo/Page_Request SSN - ASSIST/Page_Request SSN - ASSIST - RO/Successfull Message Your application has submitted' is visible

2019-01-03 23:26:29 - [TEST_STEP][PASSED] - delay: Delayed 2 second(s)

2019-01-03 23:26:31 - [MESSAGE][PASSED] - Delayed 2 second(s)

2019-01-03 23:26:31 - [TEST_STEP][PASSED] - verifyElementVisible: Object 'Object Repository/Final Object Repo/Page_Request SSN - ASSIST/Page_Request SSN - ASSIST - RO/Letter of approval' is visible

2019-01-03 23:26:31 - [MESSAGE][PASSED] - Object 'Object Repository/Final Object Repo/Page_Request SSN - ASSIST/Page_Request SSN - ASSIST - RO/Letter of approval' is visible

2019-01-03 23:26:31 - [MESSAGE][PASSED] - Call Test Case 'Test Cases/Final Aug 2018 - PKS Automation/Registration Module/Workflow/Request SSN/Template/Request SSN - RO (Approve)' successfully

2019-01-03 23:26:31 - [MESSAGE][PASSED] - Call Test Case 'Test Cases/Final Aug 2018 - PKS Automation/Registration Module/Workflow/Request SSN/Template/Request SSN RIO - RO (Approve)' successfully]]></system-out>
         <system-err><![CDATA[]]></system-err>
      </testcase>
      <testcase name="Test Cases/Final Aug 2018 - PKS Automation/Registration Module/Workflow/Request SSN/OTC - RIO - RO (Query)" classname="Test Cases/Final Aug 2018 - PKS Automation/Registration Module/Workflow/Request SSN/OTC - RIO - RO (Query)" status="PASSED">
         <system-out><![CDATA[2019-01-03 23:26:31 - [TEST_CASE][PASSED] - Test Cases/Final Aug 2018 - PKS Automation/Registration Module/Workflow/Request SSN/OTC - RIO - RO (Query): Test Cases/Final Aug 2018 - PKS Automation/Registration Module/Workflow/Request SSN/OTC - RIO - RO (Query)

2019-01-03 23:26:31 - [TEST_STEP][PASSED] - callTestCase: Call Test Case 'Test Cases/Final Aug 2018 - PKS Automation/Registration Module/Workflow/Request SSN/Template/Request SSN - OTC' successfully

2019-01-03 23:26:31 - [TEST_CASE][PASSED] - Test Cases/Final Aug 2018 - PKS Automation/Registration Module/Workflow/Request SSN/Template/Request SSN - OTC: Test Cases/Final Aug 2018 - PKS Automation/Registration Module/Workflow/Request SSN/Template/Request SSN - OTC

2019-01-03 23:26:32 - [TEST_STEP][PASSED] - openBrowser: Browser is opened with url: ''

2019-01-03 23:26:32 - [MESSAGE][WARNING] - A browser is already opened. Closing browser and opening a new one

2019-01-03 23:26:36 - [MESSAGE][PASSED] - Browser is opened with url: ''

2019-01-03 23:26:36 - [TEST_STEP][PASSED] - navigateToUrl: Navigate to 'https://assist2-uat.perkeso.gov.my/login' successfully

2019-01-03 23:26:37 - [MESSAGE][PASSED] - Navigate to 'https://assist2-uat.perkeso.gov.my/login' successfully

2019-01-03 23:26:37 - [TEST_STEP][PASSED] - setText: Text 'johorotc1@gmail.com' is set on object 'Object Repository/Final Object Repo/Login Page/Internal User/Email Address'

2019-01-03 23:26:37 - [MESSAGE][PASSED] - Text 'johorotc1@gmail.com' is set on object 'Object Repository/Final Object Repo/Login Page/Internal User/Email Address'

2019-01-03 23:26:37 - [TEST_STEP][PASSED] - click: Object: 'Object Repository/Final Object Repo/Login Page/Internal User/Next Button' is clicked on

2019-01-03 23:26:37 - [MESSAGE][PASSED] - Object: 'Object Repository/Final Object Repo/Login Page/Internal User/Next Button' is clicked on

2019-01-03 23:26:37 - [TEST_STEP][PASSED] - delay: Delayed 1 second(s)

2019-01-03 23:26:38 - [MESSAGE][PASSED] - Delayed 1 second(s)

2019-01-03 23:26:38 - [TEST_STEP][PASSED] - setEncryptedText: Text ****** has been set on object 'Object Repository/Final Object Repo/Login Page/Internal User/Password'

2019-01-03 23:26:38 - [MESSAGE][PASSED] - Text ****** has been set on object 'Object Repository/Final Object Repo/Login Page/Internal User/Password'

2019-01-03 23:26:38 - [TEST_STEP][PASSED] - click: Object: 'Object Repository/Final Object Repo/Login Page/Internal User/Login Button' is clicked on

2019-01-03 23:26:38 - [MESSAGE][PASSED] - Object: 'Object Repository/Final Object Repo/Login Page/Internal User/Login Button' is clicked on

2019-01-03 23:26:38 - [TEST_STEP][PASSED] - Statement - Try: null

2019-01-03 23:26:38 - [TEST_STEP][PASSED] - Statement - Checker = com.kms.katalon.core.webui.keyword.WebUiBuiltInKeywords.verifyElementNotPresent("Final Object Repo/Landing Page/Select to English", 3): null

2019-01-03 23:26:38 - [TEST_STEP][PASSED] - Statement - Catch (Exception e): null

2019-01-03 23:26:38 - [TEST_STEP][PASSED] - Statement - e.printStackTrace(): null

2019-01-03 23:26:39 - [TEST_STEP][PASSED] - delay: Delayed 5 second(s)

2019-01-03 23:26:44 - [MESSAGE][PASSED] - Delayed 5 second(s)

2019-01-03 23:26:44 - [TEST_STEP][PASSED] - delay: Delayed 1 second(s)

2019-01-03 23:26:45 - [MESSAGE][PASSED] - Delayed 1 second(s)

2019-01-03 23:26:45 - [TEST_STEP][PASSED] - navigateToUrl: Navigate to 'https://assist2-uat.perkeso.gov.my/web/registration/request-ssn' successfully

2019-01-03 23:26:49 - [MESSAGE][PASSED] - Navigate to 'https://assist2-uat.perkeso.gov.my/web/registration/request-ssn' successfully

2019-01-03 23:26:49 - [TEST_STEP][PASSED] - setText: Text 'perkeso' is set on object 'Object Repository/Final Object Repo/Page_Request SSN - ASSIST/AI - Name'

2019-01-03 23:26:49 - [MESSAGE][PASSED] - Text 'perkeso' is set on object 'Object Repository/Final Object Repo/Page_Request SSN - ASSIST/AI - Name'

2019-01-03 23:26:49 - [TEST_STEP][PASSED] - click: Object: 'Object Repository/Final Object Repo/Page_Request SSN - ASSIST/AI - DOB' is clicked on

2019-01-03 23:26:50 - [MESSAGE][PASSED] - Object: 'Object Repository/Final Object Repo/Page_Request SSN - ASSIST/AI - DOB' is clicked on

2019-01-03 23:26:50 - [TEST_STEP][PASSED] - selectOptionByValue: All options with value '1995' are selected in object 'Object Repository/Final Object Repo/Page_Request SSN - ASSIST/AI - DOB - Year' 

2019-01-03 23:26:50 - [MESSAGE][PASSED] - All options with value '1995' are selected in object 'Object Repository/Final Object Repo/Page_Request SSN - ASSIST/AI - DOB - Year' 

2019-01-03 23:26:50 - [TEST_STEP][PASSED] - delay: Delayed 3 second(s)

2019-01-03 23:26:53 - [MESSAGE][PASSED] - Delayed 3 second(s)

2019-01-03 23:26:53 - [TEST_STEP][PASSED] - doubleClick: Object: 'Object Repository/Final Object Repo/Page_Request SSN - ASSIST/AI - DOB - Year - Date' is double clicked on

2019-01-03 23:26:53 - [MESSAGE][PASSED] - Object: 'Object Repository/Final Object Repo/Page_Request SSN - ASSIST/AI - DOB - Year - Date' is double clicked on

2019-01-03 23:26:53 - [TEST_STEP][PASSED] - click: Object: 'Object Repository/Final Object Repo/Page_Request SSN - ASSIST/AI - Male' is clicked on

2019-01-03 23:26:53 - [MESSAGE][PASSED] - Object: 'Object Repository/Final Object Repo/Page_Request SSN - ASSIST/AI - Male' is clicked on

2019-01-03 23:26:53 - [TEST_STEP][PASSED] - click: Object: 'Object Repository/Final Object Repo/Page_Request SSN - ASSIST/AI- Race' is clicked on

2019-01-03 23:26:53 - [MESSAGE][PASSED] - Object: 'Object Repository/Final Object Repo/Page_Request SSN - ASSIST/AI- Race' is clicked on

2019-01-03 23:26:53 - [TEST_STEP][PASSED] - click: Object: 'Object Repository/Final Object Repo/Page_Request SSN - ASSIST/AI - Race - Melayu' is clicked on

2019-01-03 23:26:54 - [MESSAGE][PASSED] - Object: 'Object Repository/Final Object Repo/Page_Request SSN - ASSIST/AI - Race - Melayu' is clicked on

2019-01-03 23:26:54 - [TEST_STEP][PASSED] - click: Object: 'Object Repository/Final Object Repo/Page_Request SSN - ASSIST/AI - Religion' is clicked on

2019-01-03 23:26:54 - [MESSAGE][PASSED] - Object: 'Object Repository/Final Object Repo/Page_Request SSN - ASSIST/AI - Religion' is clicked on

2019-01-03 23:26:54 - [TEST_STEP][PASSED] - click: Object: 'Object Repository/Final Object Repo/Page_Request SSN - ASSIST/AI - Religion - Islam' is clicked on

2019-01-03 23:26:54 - [MESSAGE][PASSED] - Object: 'Object Repository/Final Object Repo/Page_Request SSN - ASSIST/AI - Religion - Islam' is clicked on

2019-01-03 23:26:54 - [TEST_STEP][PASSED] - setText: Text '12345' is set on object 'Object Repository/Final Object Repo/Page_Request SSN - ASSIST/AI - Birth Certificate'

2019-01-03 23:26:55 - [MESSAGE][PASSED] - Text '12345' is set on object 'Object Repository/Final Object Repo/Page_Request SSN - ASSIST/AI - Birth Certificate'

2019-01-03 23:26:55 - [TEST_STEP][PASSED] - click: Object: 'Object Repository/Final Object Repo/Page_Request SSN - ASSIST/AI - Nationality' is clicked on

2019-01-03 23:26:55 - [MESSAGE][PASSED] - Object: 'Object Repository/Final Object Repo/Page_Request SSN - ASSIST/AI - Nationality' is clicked on

2019-01-03 23:26:55 - [TEST_STEP][PASSED] - click: Object: 'Object Repository/Final Object Repo/Page_Request SSN - ASSIST/AI - Nationality - Afghanistan' is clicked on

2019-01-03 23:26:55 - [MESSAGE][PASSED] - Object: 'Object Repository/Final Object Repo/Page_Request SSN - ASSIST/AI - Nationality - Afghanistan' is clicked on

2019-01-03 23:26:55 - [TEST_STEP][PASSED] - setText: Text 'PERKESO ADDRESS1' is set on object 'Object Repository/Final Object Repo/Page_Request SSN - ASSIST/AI - Address1'

2019-01-03 23:26:57 - [MESSAGE][PASSED] - Text 'PERKESO ADDRESS1' is set on object 'Object Repository/Final Object Repo/Page_Request SSN - ASSIST/AI - Address1'

2019-01-03 23:26:57 - [TEST_STEP][PASSED] - setText: Text 'PERKESO ADDRESS2' is set on object 'Object Repository/Final Object Repo/Page_Request SSN - ASSIST/AI - Address2'

2019-01-03 23:26:58 - [MESSAGE][PASSED] - Text 'PERKESO ADDRESS2' is set on object 'Object Repository/Final Object Repo/Page_Request SSN - ASSIST/AI - Address2'

2019-01-03 23:26:58 - [TEST_STEP][PASSED] - setText: Text 'PERKESO ADDRESS3' is set on object 'Object Repository/Final Object Repo/Page_Request SSN - ASSIST/AI - Address3'

2019-01-03 23:26:59 - [MESSAGE][PASSED] - Text 'PERKESO ADDRESS3' is set on object 'Object Repository/Final Object Repo/Page_Request SSN - ASSIST/AI - Address3'

2019-01-03 23:26:59 - [TEST_STEP][PASSED] - click: Object: 'Object Repository/Final Object Repo/Page_Request SSN - ASSIST/AI - State' is clicked on

2019-01-03 23:26:59 - [MESSAGE][PASSED] - Object: 'Object Repository/Final Object Repo/Page_Request SSN - ASSIST/AI - State' is clicked on

2019-01-03 23:26:59 - [TEST_STEP][PASSED] - click: Object: 'Object Repository/Final Object Repo/Page_Request SSN - ASSIST/AI - Current Employer State - Johor' is clicked on

2019-01-03 23:27:00 - [MESSAGE][PASSED] - Object: 'Object Repository/Final Object Repo/Page_Request SSN - ASSIST/AI - Current Employer State - Johor' is clicked on

2019-01-03 23:27:00 - [TEST_STEP][PASSED] - click: Object: 'Object Repository/Final Object Repo/Page_Request SSN - ASSIST/AI - City' is clicked on

2019-01-03 23:27:00 - [MESSAGE][PASSED] - Object: 'Object Repository/Final Object Repo/Page_Request SSN - ASSIST/AI - City' is clicked on

2019-01-03 23:27:00 - [TEST_STEP][PASSED] - setText: Text 'JOH' is set on object 'Object Repository/Final Object Repo/Page_Request SSN - ASSIST/AI - City - JOH'

2019-01-03 23:27:00 - [MESSAGE][PASSED] - Text 'JOH' is set on object 'Object Repository/Final Object Repo/Page_Request SSN - ASSIST/AI - City - JOH'

2019-01-03 23:27:00 - [TEST_STEP][PASSED] - delay: Delayed 3 second(s)

2019-01-03 23:27:03 - [MESSAGE][PASSED] - Delayed 3 second(s)

2019-01-03 23:27:03 - [TEST_STEP][PASSED] - click: Object: 'Object Repository/Final Object Repo/Page_Request SSN - ASSIST/AI - City - Johor Bharu' is clicked on

2019-01-03 23:27:04 - [MESSAGE][PASSED] - Object: 'Object Repository/Final Object Repo/Page_Request SSN - ASSIST/AI - City - Johor Bharu' is clicked on

2019-01-03 23:27:04 - [TEST_STEP][PASSED] - click: Object: 'Object Repository/Final Object Repo/Page_Request SSN - ASSIST/AI - Post Code' is clicked on

2019-01-03 23:27:04 - [MESSAGE][PASSED] - Object: 'Object Repository/Final Object Repo/Page_Request SSN - ASSIST/AI - Post Code' is clicked on

2019-01-03 23:27:04 - [TEST_STEP][PASSED] - setText: Text '810' is set on object 'Object Repository/Final Object Repo/Page_Request SSN - ASSIST/AI - City - JOH'

2019-01-03 23:27:04 - [MESSAGE][PASSED] - Text '810' is set on object 'Object Repository/Final Object Repo/Page_Request SSN - ASSIST/AI - City - JOH'

2019-01-03 23:27:04 - [TEST_STEP][PASSED] - delay: Delayed 3 second(s)

2019-01-03 23:27:07 - [MESSAGE][PASSED] - Delayed 3 second(s)

2019-01-03 23:27:07 - [TEST_STEP][PASSED] - click: Object: 'Object Repository/Final Object Repo/Page_Request SSN - ASSIST/AI - PostCode - 81000' is clicked on

2019-01-03 23:27:08 - [MESSAGE][PASSED] - Object: 'Object Repository/Final Object Repo/Page_Request SSN - ASSIST/AI - PostCode - 81000' is clicked on

2019-01-03 23:27:08 - [TEST_STEP][PASSED] - setText: Text '100' is set on object 'Object Repository/Final Object Repo/Page_Request SSN - ASSIST/P.O.BOX'

2019-01-03 23:27:08 - [MESSAGE][PASSED] - Text '100' is set on object 'Object Repository/Final Object Repo/Page_Request SSN - ASSIST/P.O.BOX'

2019-01-03 23:27:08 - [TEST_STEP][PASSED] - setText: Text '100' is set on object 'Object Repository/Final Object Repo/Page_Request SSN - ASSIST/Locked Bag No'

2019-01-03 23:27:09 - [MESSAGE][PASSED] - Text '100' is set on object 'Object Repository/Final Object Repo/Page_Request SSN - ASSIST/Locked Bag No'

2019-01-03 23:27:09 - [TEST_STEP][PASSED] - delay: Delayed 2 second(s)

2019-01-03 23:27:11 - [MESSAGE][PASSED] - Delayed 2 second(s)

2019-01-03 23:27:11 - [TEST_STEP][PASSED] - setText: Text '123456789' is set on object 'Object Repository/Final Object Repo/Page_Request SSN - ASSIST/AI - Telephone No'

2019-01-03 23:27:11 - [MESSAGE][PASSED] - Text '123456789' is set on object 'Object Repository/Final Object Repo/Page_Request SSN - ASSIST/AI - Telephone No'

2019-01-03 23:27:11 - [TEST_STEP][PASSED] - click: Object: 'Object Repository/Final Object Repo/Page_Request SSN - ASSIST/AI - Occupation' is clicked on

2019-01-03 23:27:12 - [MESSAGE][PASSED] - Object: 'Object Repository/Final Object Repo/Page_Request SSN - ASSIST/AI - Occupation' is clicked on

2019-01-03 23:27:12 - [TEST_STEP][PASSED] - click: Object: 'Object Repository/Final Object Repo/Page_Request SSN - ASSIST/AI - Occupation - NUMERICAL AND MATERIAL R' is clicked on

2019-01-03 23:27:12 - [MESSAGE][PASSED] - Object: 'Object Repository/Final Object Repo/Page_Request SSN - ASSIST/AI - Occupation - NUMERICAL AND MATERIAL R' is clicked on

2019-01-03 23:27:12 - [TEST_STEP][PASSED] - delay: Delayed 2 second(s)

2019-01-03 23:27:14 - [MESSAGE][PASSED] - Delayed 2 second(s)

2019-01-03 23:27:14 - [TEST_STEP][PASSED] - click: Object: 'Object Repository/Final Object Repo/Page_Request SSN - ASSIST/AI - Sub Occupation' is clicked on

2019-01-03 23:27:14 - [MESSAGE][PASSED] - Object: 'Object Repository/Final Object Repo/Page_Request SSN - ASSIST/AI - Sub Occupation' is clicked on

2019-01-03 23:27:14 - [TEST_STEP][PASSED] - click: Object: 'Object Repository/Final Object Repo/Page_Request SSN - ASSIST/AI - Sub Occupation - Stock Clerks' is clicked on

2019-01-03 23:27:14 - [MESSAGE][PASSED] - Object: 'Object Repository/Final Object Repo/Page_Request SSN - ASSIST/AI - Sub Occupation - Stock Clerks' is clicked on

2019-01-03 23:27:14 - [TEST_STEP][PASSED] - delay: Delayed 2 second(s)

2019-01-03 23:27:16 - [MESSAGE][PASSED] - Delayed 2 second(s)

2019-01-03 23:27:16 - [TEST_STEP][PASSED] - click: Object: 'Object Repository/Final Object Repo/Page_Request SSN - ASSIST/AI - Sub Occupation List' is clicked on

2019-01-03 23:27:16 - [MESSAGE][PASSED] - Object: 'Object Repository/Final Object Repo/Page_Request SSN - ASSIST/AI - Sub Occupation List' is clicked on

2019-01-03 23:27:16 - [TEST_STEP][PASSED] - click: Object: 'Object Repository/Final Object Repo/Page_Request SSN - ASSIST/AI - Sub Occupation List - Clerk raw material' is clicked on

2019-01-03 23:27:17 - [MESSAGE][PASSED] - Object: 'Object Repository/Final Object Repo/Page_Request SSN - ASSIST/AI - Sub Occupation List - Clerk raw material' is clicked on

2019-01-03 23:27:17 - [TEST_STEP][PASSED] - click: Object: 'Object Repository/Final Object Repo/Page_Request SSN - ASSIST/AI - Employment Start Date' is clicked on

2019-01-03 23:27:17 - [MESSAGE][PASSED] - Object: 'Object Repository/Final Object Repo/Page_Request SSN - ASSIST/AI - Employment Start Date' is clicked on

2019-01-03 23:27:17 - [TEST_STEP][PASSED] - click: Object: 'Object Repository/Final Object Repo/Page_Request SSN - ASSIST/AI - DOB - Year - Date' is clicked on

2019-01-03 23:27:17 - [MESSAGE][PASSED] - Object: 'Object Repository/Final Object Repo/Page_Request SSN - ASSIST/AI - DOB - Year - Date' is clicked on

2019-01-03 23:27:17 - [TEST_STEP][PASSED] - setText: Text 'perkeso' is set on object 'Object Repository/Final Object Repo/Page_Request SSN - ASSIST/AI - Current Employer Name'

2019-01-03 23:27:18 - [MESSAGE][PASSED] - Text 'perkeso' is set on object 'Object Repository/Final Object Repo/Page_Request SSN - ASSIST/AI - Current Employer Name'

2019-01-03 23:27:18 - [TEST_STEP][PASSED] - setText: Text 'perkeso1' is set on object 'Object Repository/Final Object Repo/Page_Request SSN - ASSIST/AI - Current Employer Address1'

2019-01-03 23:27:19 - [MESSAGE][PASSED] - Text 'perkeso1' is set on object 'Object Repository/Final Object Repo/Page_Request SSN - ASSIST/AI - Current Employer Address1'

2019-01-03 23:27:19 - [TEST_STEP][PASSED] - setText: Text 'perkeso2' is set on object 'Object Repository/Final Object Repo/Page_Request SSN - ASSIST/AI - Current Employer Address2'

2019-01-03 23:27:19 - [MESSAGE][PASSED] - Text 'perkeso2' is set on object 'Object Repository/Final Object Repo/Page_Request SSN - ASSIST/AI - Current Employer Address2'

2019-01-03 23:27:19 - [TEST_STEP][PASSED] - setText: Text 'perkeso3' is set on object 'Object Repository/Final Object Repo/Page_Request SSN - ASSIST/AI - Current Employer Address3'

2019-01-03 23:27:20 - [MESSAGE][PASSED] - Text 'perkeso3' is set on object 'Object Repository/Final Object Repo/Page_Request SSN - ASSIST/AI - Current Employer Address3'

2019-01-03 23:27:20 - [TEST_STEP][PASSED] - click: Object: 'Object Repository/Final Object Repo/Page_Request SSN - ASSIST/AI - Current Employer State' is clicked on

2019-01-03 23:27:20 - [MESSAGE][PASSED] - Object: 'Object Repository/Final Object Repo/Page_Request SSN - ASSIST/AI - Current Employer State' is clicked on

2019-01-03 23:27:20 - [TEST_STEP][PASSED] - click: Object: 'Object Repository/Final Object Repo/Page_Request SSN - ASSIST/AI - Current Employer State - Johor 1' is clicked on

2019-01-03 23:27:21 - [MESSAGE][PASSED] - Object: 'Object Repository/Final Object Repo/Page_Request SSN - ASSIST/AI - Current Employer State - Johor 1' is clicked on

2019-01-03 23:27:21 - [TEST_STEP][PASSED] - click: Object: 'Object Repository/Final Object Repo/Page_Request SSN - ASSIST/AI - Current Employer City' is clicked on

2019-01-03 23:27:21 - [MESSAGE][PASSED] - Object: 'Object Repository/Final Object Repo/Page_Request SSN - ASSIST/AI - Current Employer City' is clicked on

2019-01-03 23:27:21 - [TEST_STEP][PASSED] - setText: Text 'joh' is set on object 'Object Repository/Final Object Repo/Page_Request SSN - ASSIST/AI - City - JOH'

2019-01-03 23:27:21 - [MESSAGE][PASSED] - Text 'joh' is set on object 'Object Repository/Final Object Repo/Page_Request SSN - ASSIST/AI - City - JOH'

2019-01-03 23:27:21 - [TEST_STEP][PASSED] - delay: Delayed 2 second(s)

2019-01-03 23:27:23 - [MESSAGE][PASSED] - Delayed 2 second(s)

2019-01-03 23:27:23 - [TEST_STEP][PASSED] - click: Object: 'Object Repository/Final Object Repo/Page_Request SSN - ASSIST/AI - City - Johor Bharu' is clicked on

2019-01-03 23:27:24 - [MESSAGE][PASSED] - Object: 'Object Repository/Final Object Repo/Page_Request SSN - ASSIST/AI - City - Johor Bharu' is clicked on

2019-01-03 23:27:24 - [TEST_STEP][PASSED] - click: Object: 'Object Repository/Final Object Repo/Page_Request SSN - ASSIST/AI - Current Employer Postcode' is clicked on

2019-01-03 23:27:24 - [MESSAGE][PASSED] - Object: 'Object Repository/Final Object Repo/Page_Request SSN - ASSIST/AI - Current Employer Postcode' is clicked on

2019-01-03 23:27:24 - [TEST_STEP][PASSED] - setText: Text '810' is set on object 'Object Repository/Final Object Repo/Page_Request SSN - ASSIST/AI - City - JOH'

2019-01-03 23:27:25 - [MESSAGE][PASSED] - Text '810' is set on object 'Object Repository/Final Object Repo/Page_Request SSN - ASSIST/AI - City - JOH'

2019-01-03 23:27:25 - [TEST_STEP][PASSED] - delay: Delayed 2 second(s)

2019-01-03 23:27:27 - [MESSAGE][PASSED] - Delayed 2 second(s)

2019-01-03 23:27:27 - [TEST_STEP][PASSED] - click: Object: 'Object Repository/Final Object Repo/Page_Request SSN - ASSIST/AI - PostCode - 81000' is clicked on

2019-01-03 23:27:27 - [MESSAGE][PASSED] - Object: 'Object Repository/Final Object Repo/Page_Request SSN - ASSIST/AI - PostCode - 81000' is clicked on

2019-01-03 23:27:27 - [TEST_STEP][NOT_RUN] - setText: NOT_RUN: setText

2019-01-03 23:27:27 - [MESSAGE][NOT_RUN] - NOT_RUN: setText

2019-01-03 23:27:27 - [TEST_STEP][NOT_RUN] - setText: NOT_RUN: setText

2019-01-03 23:27:27 - [MESSAGE][NOT_RUN] - NOT_RUN: setText

2019-01-03 23:27:27 - [TEST_STEP][NOT_RUN] - click: NOT_RUN: click

2019-01-03 23:27:27 - [MESSAGE][NOT_RUN] - NOT_RUN: click

2019-01-03 23:27:27 - [TEST_STEP][NOT_RUN] - click: NOT_RUN: click

2019-01-03 23:27:27 - [MESSAGE][NOT_RUN] - NOT_RUN: click

2019-01-03 23:27:27 - [TEST_STEP][NOT_RUN] - setText: NOT_RUN: setText

2019-01-03 23:27:27 - [MESSAGE][NOT_RUN] - NOT_RUN: setText

2019-01-03 23:27:27 - [TEST_STEP][NOT_RUN] - click: NOT_RUN: click

2019-01-03 23:27:27 - [MESSAGE][NOT_RUN] - NOT_RUN: click

2019-01-03 23:27:27 - [TEST_STEP][NOT_RUN] - click: NOT_RUN: click

2019-01-03 23:27:27 - [MESSAGE][NOT_RUN] - NOT_RUN: click

2019-01-03 23:27:27 - [TEST_STEP][NOT_RUN] - click: NOT_RUN: click

2019-01-03 23:27:27 - [MESSAGE][NOT_RUN] - NOT_RUN: click

2019-01-03 23:27:27 - [TEST_STEP][NOT_RUN] - click: NOT_RUN: click

2019-01-03 23:27:27 - [MESSAGE][NOT_RUN] - NOT_RUN: click

2019-01-03 23:27:27 - [TEST_STEP][NOT_RUN] - click: NOT_RUN: click

2019-01-03 23:27:27 - [MESSAGE][NOT_RUN] - NOT_RUN: click

2019-01-03 23:27:27 - [TEST_STEP][NOT_RUN] - click: NOT_RUN: click

2019-01-03 23:27:27 - [MESSAGE][NOT_RUN] - NOT_RUN: click

2019-01-03 23:27:27 - [TEST_STEP][NOT_RUN] - setText: NOT_RUN: setText

2019-01-03 23:27:27 - [MESSAGE][NOT_RUN] - NOT_RUN: setText

2019-01-03 23:27:27 - [TEST_STEP][NOT_RUN] - setText: NOT_RUN: setText

2019-01-03 23:27:27 - [MESSAGE][NOT_RUN] - NOT_RUN: setText

2019-01-03 23:27:27 - [TEST_STEP][NOT_RUN] - setText: NOT_RUN: setText

2019-01-03 23:27:27 - [MESSAGE][NOT_RUN] - NOT_RUN: setText

2019-01-03 23:27:27 - [TEST_STEP][NOT_RUN] - click: NOT_RUN: click

2019-01-03 23:27:27 - [MESSAGE][NOT_RUN] - NOT_RUN: click

2019-01-03 23:27:27 - [TEST_STEP][NOT_RUN] - click: NOT_RUN: click

2019-01-03 23:27:27 - [MESSAGE][NOT_RUN] - NOT_RUN: click

2019-01-03 23:27:27 - [TEST_STEP][NOT_RUN] - click: NOT_RUN: click

2019-01-03 23:27:27 - [MESSAGE][NOT_RUN] - NOT_RUN: click

2019-01-03 23:27:27 - [TEST_STEP][NOT_RUN] - setText: NOT_RUN: setText

2019-01-03 23:27:27 - [MESSAGE][NOT_RUN] - NOT_RUN: setText

2019-01-03 23:27:27 - [TEST_STEP][NOT_RUN] - delay: NOT_RUN: delay

2019-01-03 23:27:27 - [MESSAGE][NOT_RUN] - NOT_RUN: delay

2019-01-03 23:27:27 - [TEST_STEP][NOT_RUN] - click: NOT_RUN: click

2019-01-03 23:27:27 - [MESSAGE][NOT_RUN] - NOT_RUN: click

2019-01-03 23:27:27 - [TEST_STEP][NOT_RUN] - click: NOT_RUN: click

2019-01-03 23:27:27 - [MESSAGE][NOT_RUN] - NOT_RUN: click

2019-01-03 23:27:27 - [TEST_STEP][NOT_RUN] - click: NOT_RUN: click

2019-01-03 23:27:27 - [MESSAGE][NOT_RUN] - NOT_RUN: click

2019-01-03 23:27:27 - [TEST_STEP][NOT_RUN] - setText: NOT_RUN: setText

2019-01-03 23:27:27 - [MESSAGE][NOT_RUN] - NOT_RUN: setText

2019-01-03 23:27:27 - [TEST_STEP][NOT_RUN] - delay: NOT_RUN: delay

2019-01-03 23:27:27 - [MESSAGE][NOT_RUN] - NOT_RUN: delay

2019-01-03 23:27:27 - [TEST_STEP][NOT_RUN] - click: NOT_RUN: click

2019-01-03 23:27:27 - [MESSAGE][NOT_RUN] - NOT_RUN: click

2019-01-03 23:27:27 - [TEST_STEP][NOT_RUN] - delay: NOT_RUN: delay

2019-01-03 23:27:27 - [MESSAGE][NOT_RUN] - NOT_RUN: delay

2019-01-03 23:27:27 - [TEST_STEP][NOT_RUN] - setText: NOT_RUN: setText

2019-01-03 23:27:27 - [MESSAGE][NOT_RUN] - NOT_RUN: setText

2019-01-03 23:27:27 - [TEST_STEP][NOT_RUN] - setText: NOT_RUN: setText

2019-01-03 23:27:27 - [MESSAGE][NOT_RUN] - NOT_RUN: setText

2019-01-03 23:27:27 - [TEST_STEP][NOT_RUN] - setText: NOT_RUN: setText

2019-01-03 23:27:27 - [MESSAGE][NOT_RUN] - NOT_RUN: setText

2019-01-03 23:27:27 - [TEST_STEP][NOT_RUN] - click: NOT_RUN: click

2019-01-03 23:27:27 - [MESSAGE][NOT_RUN] - NOT_RUN: click

2019-01-03 23:27:27 - [TEST_STEP][NOT_RUN] - click: NOT_RUN: click

2019-01-03 23:27:27 - [MESSAGE][NOT_RUN] - NOT_RUN: click

2019-01-03 23:27:27 - [TEST_STEP][NOT_RUN] - setText: NOT_RUN: setText

2019-01-03 23:27:27 - [MESSAGE][NOT_RUN] - NOT_RUN: setText

2019-01-03 23:27:27 - [TEST_STEP][NOT_RUN] - click: NOT_RUN: click

2019-01-03 23:27:27 - [MESSAGE][NOT_RUN] - NOT_RUN: click

2019-01-03 23:27:27 - [TEST_STEP][NOT_RUN] - click: NOT_RUN: click

2019-01-03 23:27:27 - [MESSAGE][NOT_RUN] - NOT_RUN: click

2019-01-03 23:27:27 - [TEST_STEP][NOT_RUN] - click: NOT_RUN: click

2019-01-03 23:27:27 - [MESSAGE][NOT_RUN] - NOT_RUN: click

2019-01-03 23:27:27 - [TEST_STEP][NOT_RUN] - click: NOT_RUN: click

2019-01-03 23:27:27 - [MESSAGE][NOT_RUN] - NOT_RUN: click

2019-01-03 23:27:27 - [TEST_STEP][NOT_RUN] - click: NOT_RUN: click

2019-01-03 23:27:27 - [MESSAGE][NOT_RUN] - NOT_RUN: click

2019-01-03 23:27:27 - [TEST_STEP][NOT_RUN] - click: NOT_RUN: click

2019-01-03 23:27:27 - [MESSAGE][NOT_RUN] - NOT_RUN: click

2019-01-03 23:27:27 - [TEST_STEP][NOT_RUN] - setText: NOT_RUN: setText

2019-01-03 23:27:27 - [MESSAGE][NOT_RUN] - NOT_RUN: setText

2019-01-03 23:27:27 - [TEST_STEP][NOT_RUN] - setText: NOT_RUN: setText

2019-01-03 23:27:27 - [MESSAGE][NOT_RUN] - NOT_RUN: setText

2019-01-03 23:27:27 - [TEST_STEP][NOT_RUN] - setText: NOT_RUN: setText

2019-01-03 23:27:27 - [MESSAGE][NOT_RUN] - NOT_RUN: setText

2019-01-03 23:27:27 - [TEST_STEP][NOT_RUN] - click: NOT_RUN: click

2019-01-03 23:27:27 - [MESSAGE][NOT_RUN] - NOT_RUN: click

2019-01-03 23:27:27 - [TEST_STEP][NOT_RUN] - click: NOT_RUN: click

2019-01-03 23:27:27 - [MESSAGE][NOT_RUN] - NOT_RUN: click

2019-01-03 23:27:27 - [TEST_STEP][NOT_RUN] - click: NOT_RUN: click

2019-01-03 23:27:27 - [MESSAGE][NOT_RUN] - NOT_RUN: click

2019-01-03 23:27:27 - [TEST_STEP][NOT_RUN] - delay: NOT_RUN: delay

2019-01-03 23:27:27 - [MESSAGE][NOT_RUN] - NOT_RUN: delay

2019-01-03 23:27:27 - [TEST_STEP][NOT_RUN] - setText: NOT_RUN: setText

2019-01-03 23:27:27 - [MESSAGE][NOT_RUN] - NOT_RUN: setText

2019-01-03 23:27:27 - [TEST_STEP][NOT_RUN] - delay: NOT_RUN: delay

2019-01-03 23:27:27 - [MESSAGE][NOT_RUN] - NOT_RUN: delay

2019-01-03 23:27:27 - [TEST_STEP][NOT_RUN] - click: NOT_RUN: click

2019-01-03 23:27:27 - [MESSAGE][NOT_RUN] - NOT_RUN: click

2019-01-03 23:27:27 - [TEST_STEP][NOT_RUN] - doubleClick: NOT_RUN: doubleClick

2019-01-03 23:27:27 - [MESSAGE][NOT_RUN] - NOT_RUN: doubleClick

2019-01-03 23:27:27 - [TEST_STEP][NOT_RUN] - click: NOT_RUN: click

2019-01-03 23:27:27 - [MESSAGE][NOT_RUN] - NOT_RUN: click

2019-01-03 23:27:27 - [TEST_STEP][NOT_RUN] - setText: NOT_RUN: setText

2019-01-03 23:27:27 - [MESSAGE][NOT_RUN] - NOT_RUN: setText

2019-01-03 23:27:27 - [TEST_STEP][NOT_RUN] - delay: NOT_RUN: delay

2019-01-03 23:27:27 - [MESSAGE][NOT_RUN] - NOT_RUN: delay

2019-01-03 23:27:27 - [TEST_STEP][NOT_RUN] - click: NOT_RUN: click

2019-01-03 23:27:27 - [MESSAGE][NOT_RUN] - NOT_RUN: click

2019-01-03 23:27:27 - [TEST_STEP][NOT_RUN] - delay: NOT_RUN: delay

2019-01-03 23:27:27 - [MESSAGE][NOT_RUN] - NOT_RUN: delay

2019-01-03 23:27:27 - [TEST_STEP][NOT_RUN] - setText: NOT_RUN: setText

2019-01-03 23:27:27 - [MESSAGE][NOT_RUN] - NOT_RUN: setText

2019-01-03 23:27:27 - [TEST_STEP][PASSED] - click: Object: 'Object Repository/Final Object Repo/Page_Request SSN - ASSIST/Save  Continue' is clicked on

2019-01-03 23:27:27 - [MESSAGE][PASSED] - Object: 'Object Repository/Final Object Repo/Page_Request SSN - ASSIST/Save  Continue' is clicked on

2019-01-03 23:27:27 - [TEST_STEP][PASSED] - delay: Delayed 3 second(s)

2019-01-03 23:27:30 - [MESSAGE][PASSED] - Delayed 3 second(s)

2019-01-03 23:27:30 - [TEST_STEP][PASSED] - Statement - CaseReferenceNo = com.kms.katalon.core.webui.keyword.WebUiBuiltInKeywords.getText(com.kms.katalon.core.testobject.ObjectRepository.findTestObject(Final Object Repo/Page_Request SSN - ASSIST/Reference Number in Uploading Page)): Text of object 'Object Repository/Final Object Repo/Page_Request SSN - ASSIST/Reference Number in Uploading Page' is: 'SSN01201900001202'

2019-01-03 23:27:30 - [MESSAGE][PASSED] - Text of object 'Object Repository/Final Object Repo/Page_Request SSN - ASSIST/Reference Number in Uploading Page' is: 'SSN01201900001202'

2019-01-03 23:27:30 - [TEST_STEP][PASSED] - callTestCase: Call Test Case 'Test Cases/Final Aug 2018 - PKS Automation/Common/Reference Number Setter' successfully

2019-01-03 23:27:31 - [TEST_CASE][PASSED] - Test Cases/Final Aug 2018 - PKS Automation/Common/Reference Number Setter: Test Cases/Final Aug 2018 - PKS Automation/Common/Reference Number Setter

2019-01-03 23:27:31 - [TEST_STEP][PASSED] - Statement - RefNoOldFile = new java.io.File(C://Users//Admin//Desktop//PKS//Automation Reference Point//KatalonReference.txt): null

2019-01-03 23:27:31 - [TEST_STEP][PASSED] - Statement - RefNoOldFile.delete(): null

2019-01-03 23:27:31 - [TEST_STEP][PASSED] - delay: Delayed 5 second(s)

2019-01-03 23:27:36 - [MESSAGE][PASSED] - Delayed 5 second(s)

2019-01-03 23:27:36 - [TEST_STEP][PASSED] - Statement - RefNo = new java.io.File(C://Users//Admin//Desktop//PKS//Automation Reference Point//KatalonReference.txt): null

2019-01-03 23:27:36 - [TEST_STEP][PASSED] - Statement - f2 = new java.io.FileWriter(RefNo, false): null

2019-01-03 23:27:36 - [TEST_STEP][PASSED] - Statement - f2.write(CaseReferenceNo): null

2019-01-03 23:27:36 - [TEST_STEP][PASSED] - Statement - f2.close(): null

2019-01-03 23:27:36 - [TEST_STEP][PASSED] - Statement - out.println("


" + CaseReferenceNo + "


"): null

2019-01-03 23:27:36 - [MESSAGE][PASSED] - Call Test Case 'Test Cases/Final Aug 2018 - PKS Automation/Common/Reference Number Setter' successfully

2019-01-03 23:27:36 - [TEST_STEP][PASSED] - click: Object: 'Object Repository/Final Object Repo/Page_Request SSN - ASSIST/Add Document Button' is clicked on

2019-01-03 23:27:36 - [MESSAGE][PASSED] - Object: 'Object Repository/Final Object Repo/Page_Request SSN - ASSIST/Add Document Button' is clicked on

2019-01-03 23:27:36 - [TEST_STEP][PASSED] - delay: Delayed 2 second(s)

2019-01-03 23:27:38 - [MESSAGE][PASSED] - Delayed 2 second(s)

2019-01-03 23:27:38 - [TEST_STEP][PASSED] - click: Object: 'Object Repository/Final Object Repo/Page_Request SSN - ASSIST/Document Type' is clicked on

2019-01-03 23:27:39 - [MESSAGE][PASSED] - Object: 'Object Repository/Final Object Repo/Page_Request SSN - ASSIST/Document Type' is clicked on

2019-01-03 23:27:39 - [TEST_STEP][PASSED] - delay: Delayed 2 second(s)

2019-01-03 23:27:41 - [MESSAGE][PASSED] - Delayed 2 second(s)

2019-01-03 23:27:41 - [TEST_STEP][PASSED] - click: Object: 'Object Repository/Final Object Repo/Page_Request SSN - ASSIST/Document Type - Birth Certificate' is clicked on

2019-01-03 23:27:41 - [MESSAGE][PASSED] - Object: 'Object Repository/Final Object Repo/Page_Request SSN - ASSIST/Document Type - Birth Certificate' is clicked on

2019-01-03 23:27:41 - [TEST_STEP][PASSED] - delay: Delayed 2 second(s)

2019-01-03 23:27:43 - [MESSAGE][PASSED] - Delayed 2 second(s)

2019-01-03 23:27:43 - [TEST_STEP][PASSED] - sendKeys: Keys 'C:\Users\Public\Pictures\Sample Pictures\Koala.jpg' sent to object: 'Object Repository/Final Object Repo/Page_Request SSN - ASSIST/Upload File'

2019-01-03 23:27:43 - [MESSAGE][PASSED] - Keys 'C:\Users\Public\Pictures\Sample Pictures\Koala.jpg' sent to object: 'Object Repository/Final Object Repo/Page_Request SSN - ASSIST/Upload File'

2019-01-03 23:27:43 - [TEST_STEP][PASSED] - click: Object: 'Object Repository/Final Object Repo/Page_Request SSN - ASSIST/Add Document' is clicked on

2019-01-03 23:27:43 - [MESSAGE][PASSED] - Object: 'Object Repository/Final Object Repo/Page_Request SSN - ASSIST/Add Document' is clicked on

2019-01-03 23:27:43 - [TEST_STEP][PASSED] - delay: Delayed 10 second(s)

2019-01-03 23:27:53 - [MESSAGE][PASSED] - Delayed 10 second(s)

2019-01-03 23:27:53 - [TEST_STEP][PASSED] - click: Object: 'Object Repository/Final Object Repo/Page_Request SSN - ASSIST/Save  Continue in Uploading Document Page' is clicked on

2019-01-03 23:27:54 - [MESSAGE][PASSED] - Object: 'Object Repository/Final Object Repo/Page_Request SSN - ASSIST/Save  Continue in Uploading Document Page' is clicked on

2019-01-03 23:27:54 - [TEST_STEP][PASSED] - delay: Delayed 2 second(s)

2019-01-03 23:27:56 - [MESSAGE][PASSED] - Delayed 2 second(s)

2019-01-03 23:27:56 - [TEST_STEP][PASSED] - click: Object: 'Object Repository/Final Object Repo/Page_Request SSN - ASSIST/Submit' is clicked on

2019-01-03 23:27:58 - [MESSAGE][PASSED] - Object: 'Object Repository/Final Object Repo/Page_Request SSN - ASSIST/Submit' is clicked on

2019-01-03 23:27:58 - [TEST_STEP][PASSED] - delay: Delayed 2 second(s)

2019-01-03 23:28:00 - [MESSAGE][PASSED] - Delayed 2 second(s)

2019-01-03 23:28:00 - [TEST_STEP][PASSED] - click: Object: 'Object Repository/Final Object Repo/Page_Request SSN - ASSIST/Confirm' is clicked on

2019-01-03 23:28:00 - [MESSAGE][PASSED] - Object: 'Object Repository/Final Object Repo/Page_Request SSN - ASSIST/Confirm' is clicked on

2019-01-03 23:28:00 - [TEST_STEP][PASSED] - delay: Delayed 2 second(s)

2019-01-03 23:28:02 - [MESSAGE][PASSED] - Delayed 2 second(s)

2019-01-03 23:28:02 - [TEST_STEP][PASSED] - verifyElementVisible: Object 'Object Repository/Final Object Repo/Page_Request SSN - ASSIST/Message This Case will be routed to RIO' is visible

2019-01-03 23:28:08 - [MESSAGE][PASSED] - Object 'Object Repository/Final Object Repo/Page_Request SSN - ASSIST/Message This Case will be routed to RIO' is visible

2019-01-03 23:28:08 - [TEST_STEP][PASSED] - delay: Delayed 2 second(s)

2019-01-03 23:28:10 - [MESSAGE][PASSED] - Delayed 2 second(s)

2019-01-03 23:28:10 - [TEST_STEP][PASSED] - verifyElementVisible: Object 'Object Repository/Final Object Repo/Page_Request SSN - ASSIST/Letter of acknowledgement' is visible

2019-01-03 23:28:10 - [MESSAGE][PASSED] - Object 'Object Repository/Final Object Repo/Page_Request SSN - ASSIST/Letter of acknowledgement' is visible

2019-01-03 23:28:10 - [MESSAGE][PASSED] - Call Test Case 'Test Cases/Final Aug 2018 - PKS Automation/Registration Module/Workflow/Request SSN/Template/Request SSN - OTC' successfully

2019-01-03 23:28:10 - [TEST_STEP][PASSED] - callTestCase: Call Test Case 'Test Cases/Final Aug 2018 - PKS Automation/Registration Module/Workflow/Request SSN/Template/Request SSN RIO - RO (Query)' successfully

2019-01-03 23:28:10 - [TEST_CASE][PASSED] - Test Cases/Final Aug 2018 - PKS Automation/Registration Module/Workflow/Request SSN/Template/Request SSN RIO - RO (Query): Test Cases/Final Aug 2018 - PKS Automation/Registration Module/Workflow/Request SSN/Template/Request SSN RIO - RO (Query)

2019-01-03 23:28:10 - [TEST_STEP][NOT_RUN] - callTestCase: NOT_RUN: callTestCase

2019-01-03 23:28:10 - [MESSAGE][NOT_RUN] - NOT_RUN: callTestCase

2019-01-03 23:28:10 - [TEST_STEP][PASSED] - delay: Delayed 2 second(s)

2019-01-03 23:28:12 - [MESSAGE][PASSED] - Delayed 2 second(s)

2019-01-03 23:28:12 - [TEST_STEP][PASSED] - navigateToUrl: Navigate to 'https://assist2-uat.perkeso.gov.my/c/portal/logout' successfully

2019-01-03 23:28:13 - [MESSAGE][PASSED] - Navigate to 'https://assist2-uat.perkeso.gov.my/c/portal/logout' successfully

2019-01-03 23:28:13 - [TEST_STEP][PASSED] - delay: Delayed 2 second(s)

2019-01-03 23:28:15 - [MESSAGE][PASSED] - Delayed 2 second(s)

2019-01-03 23:28:15 - [TEST_STEP][PASSED] - callTestCase: Call Test Case 'Test Cases/Final Aug 2018 - PKS Automation/Common/Reference Number Getter' successfully

2019-01-03 23:28:15 - [TEST_CASE][PASSED] - Test Cases/Final Aug 2018 - PKS Automation/Common/Reference Number Getter: Test Cases/Final Aug 2018 - PKS Automation/Common/Reference Number Getter

2019-01-03 23:28:15 - [TEST_STEP][PASSED] - Statement - Try: null

2019-01-03 23:28:15 - [TEST_STEP][PASSED] - Statement - RefNo = new java.io.File(C://Users//Admin//Desktop//PKS//Automation Reference Point//KatalonReference.txt): null

2019-01-03 23:28:15 - [TEST_STEP][PASSED] - Statement - bufferread = new java.io.BufferedReader(new java.io.FileReader(RefNo)): null

2019-01-03 23:28:15 - [TEST_STEP][PASSED] - Statement - readedVal = bufferread.readLine(): null

2019-01-03 23:28:15 - [TEST_STEP][PASSED] - Statement - out.println(CaseReferenceNo): null

2019-01-03 23:28:15 - [TEST_STEP][PASSED] - Statement - out.println(readedVal): null

2019-01-03 23:28:15 - [TEST_STEP][PASSED] - Statement - CaseReferenceNo = "": null

2019-01-03 23:28:15 - [TEST_STEP][PASSED] - Statement - CaseReferenceNo = readedVal: null

2019-01-03 23:28:15 - [MESSAGE][PASSED] - Call Test Case 'Test Cases/Final Aug 2018 - PKS Automation/Common/Reference Number Getter' successfully

2019-01-03 23:28:15 - [TEST_STEP][PASSED] - callTestCase: Call Test Case 'Test Cases/Final Aug 2018 - PKS Automation/Common/Workflow Owner Finder' successfully

2019-01-03 23:28:15 - [TEST_CASE][PASSED] - Test Cases/Final Aug 2018 - PKS Automation/Common/Workflow Owner Finder: Test Cases/Final Aug 2018 - PKS Automation/Common/Workflow Owner Finder

2019-01-03 23:28:15 - [TEST_STEP][PASSED] - openBrowser: Browser is opened with url: ''

2019-01-03 23:28:15 - [MESSAGE][WARNING] - A browser is already opened. Closing browser and opening a new one

2019-01-03 23:28:19 - [MESSAGE][PASSED] - Browser is opened with url: ''

2019-01-03 23:28:19 - [TEST_STEP][PASSED] - navigateToUrl: Navigate to 'https://assist2-uat.perkeso.gov.my/login' successfully

2019-01-03 23:28:20 - [MESSAGE][PASSED] - Navigate to 'https://assist2-uat.perkeso.gov.my/login' successfully

2019-01-03 23:28:20 - [TEST_STEP][PASSED] - delay: Delayed 5 second(s)

2019-01-03 23:28:25 - [MESSAGE][PASSED] - Delayed 5 second(s)

2019-01-03 23:28:25 - [TEST_STEP][PASSED] - setText: Text 'test@liferay.com' is set on object 'Object Repository/Final Object Repo/Login Page/Internal User/Email Address'

2019-01-03 23:28:25 - [MESSAGE][PASSED] - Text 'test@liferay.com' is set on object 'Object Repository/Final Object Repo/Login Page/Internal User/Email Address'

2019-01-03 23:28:25 - [TEST_STEP][PASSED] - click: Object: 'Object Repository/Final Object Repo/Login Page/Internal User/Next Button' is clicked on

2019-01-03 23:28:26 - [MESSAGE][PASSED] - Object: 'Object Repository/Final Object Repo/Login Page/Internal User/Next Button' is clicked on

2019-01-03 23:28:26 - [TEST_STEP][PASSED] - delay: Delayed 2 second(s)

2019-01-03 23:28:28 - [MESSAGE][PASSED] - Delayed 2 second(s)

2019-01-03 23:28:28 - [TEST_STEP][PASSED] - setText: Text 'test' is set on object 'Object Repository/Final Object Repo/Login Page/Internal User/Password'

2019-01-03 23:28:28 - [MESSAGE][PASSED] - Text 'test' is set on object 'Object Repository/Final Object Repo/Login Page/Internal User/Password'

2019-01-03 23:28:28 - [TEST_STEP][PASSED] - delay: Delayed 2 second(s)

2019-01-03 23:28:30 - [MESSAGE][PASSED] - Delayed 2 second(s)

2019-01-03 23:28:30 - [TEST_STEP][PASSED] - click: Object: 'Object Repository/Final Object Repo/Login Page/Internal User/Login Button' is clicked on

2019-01-03 23:28:30 - [MESSAGE][PASSED] - Object: 'Object Repository/Final Object Repo/Login Page/Internal User/Login Button' is clicked on

2019-01-03 23:28:30 - [TEST_STEP][PASSED] - Statement - tester = com.kms.katalon.core.testobject.ObjectRepository.findTestObject(Final Object Repo/Landing Page/Select to English): Finding Test Object with id 'Object Repository/Final Object Repo/Landing Page/Select to English'

2019-01-03 23:28:30 - [TEST_STEP][PASSED] - Statement - Try: Delayed 2 second(s)

2019-01-03 23:28:30 - [TEST_STEP][PASSED] - Statement - Checker = com.kms.katalon.core.webui.keyword.WebUiBuiltInKeywords.verifyElementNotPresent(tester, 3): Web element with id: 'Object Repository/Final Object Repo/Landing Page/Select to English' located by 'By.xpath: //a[@class = 'taglib-language-list-text' and @lang = 'en-US' and (contains(text(), 'EN') or contains(., 'EN'))]' is not present after '3' second(s)

2019-01-03 23:28:32 - [MESSAGE][PASSED] - Web element with id: 'Object Repository/Final Object Repo/Landing Page/Select to English' located by 'By.xpath: //a[@class = 'taglib-language-list-text' and @lang = 'en-US' and (contains(text(), 'EN') or contains(., 'EN'))]' is not present after '3' second(s)

2019-01-03 23:28:32 - [TEST_STEP][PASSED] - Statement - If (Checker == false): null

2019-01-03 23:28:32 - [TEST_STEP][PASSED] - delay: Delayed 2 second(s)

2019-01-03 23:28:34 - [MESSAGE][PASSED] - Delayed 2 second(s)

2019-01-03 23:28:34 - [TEST_STEP][PASSED] - delay: Delayed 5 second(s)

2019-01-03 23:28:39 - [MESSAGE][PASSED] - Delayed 5 second(s)

2019-01-03 23:28:39 - [TEST_STEP][PASSED] - mouseOver: Object: 'Object Repository/Final Object Repo/Landing Page/WorkFlow Menu' is hovered

2019-01-03 23:28:39 - [MESSAGE][PASSED] - Object: 'Object Repository/Final Object Repo/Landing Page/WorkFlow Menu' is hovered

2019-01-03 23:28:39 - [TEST_STEP][PASSED] - delay: Delayed 2 second(s)

2019-01-03 23:28:41 - [MESSAGE][PASSED] - Delayed 2 second(s)

2019-01-03 23:28:41 - [TEST_STEP][PASSED] - click: Object: 'Object Repository/Final Object Repo/Landing Page/Select to Workflow Listing' is clicked on

2019-01-03 23:28:42 - [MESSAGE][PASSED] - Object: 'Object Repository/Final Object Repo/Landing Page/Select to Workflow Listing' is clicked on

2019-01-03 23:28:42 - [TEST_STEP][PASSED] - delay: Delayed 2 second(s)

2019-01-03 23:28:44 - [MESSAGE][PASSED] - Delayed 2 second(s)

2019-01-03 23:28:44 - [TEST_STEP][PASSED] - click: Object: 'Object Repository/Final Object Repo/WorkFlow Listing Page/Search Information - To Put Ref No' is clicked on

2019-01-03 23:28:45 - [MESSAGE][PASSED] - Object: 'Object Repository/Final Object Repo/WorkFlow Listing Page/Search Information - To Put Ref No' is clicked on

2019-01-03 23:28:45 - [TEST_STEP][PASSED] - delay: Delayed 2 second(s)

2019-01-03 23:28:47 - [MESSAGE][PASSED] - Delayed 2 second(s)

2019-01-03 23:28:47 - [TEST_STEP][PASSED] - callTestCase: Call Test Case 'Test Cases/Final Aug 2018 - PKS Automation/Common/Reference Number Getter' successfully

2019-01-03 23:28:47 - [TEST_CASE][PASSED] - Test Cases/Final Aug 2018 - PKS Automation/Common/Reference Number Getter: Test Cases/Final Aug 2018 - PKS Automation/Common/Reference Number Getter

2019-01-03 23:28:47 - [TEST_STEP][PASSED] - Statement - Try: null

2019-01-03 23:28:47 - [TEST_STEP][PASSED] - Statement - RefNo = new java.io.File(C://Users//Admin//Desktop//PKS//Automation Reference Point//KatalonReference.txt): null

2019-01-03 23:28:47 - [TEST_STEP][PASSED] - Statement - bufferread = new java.io.BufferedReader(new java.io.FileReader(RefNo)): null

2019-01-03 23:28:47 - [TEST_STEP][PASSED] - Statement - readedVal = bufferread.readLine(): null

2019-01-03 23:28:47 - [TEST_STEP][PASSED] - Statement - out.println(CaseReferenceNo): null

2019-01-03 23:28:47 - [TEST_STEP][PASSED] - Statement - out.println(readedVal): null

2019-01-03 23:28:47 - [TEST_STEP][PASSED] - Statement - CaseReferenceNo = "": null

2019-01-03 23:28:47 - [TEST_STEP][PASSED] - Statement - CaseReferenceNo = readedVal: null

2019-01-03 23:28:47 - [MESSAGE][PASSED] - Call Test Case 'Test Cases/Final Aug 2018 - PKS Automation/Common/Reference Number Getter' successfully

2019-01-03 23:28:47 - [TEST_STEP][PASSED] - setText: Text 'SSN01201900001202' is set on object 'Object Repository/Final Object Repo/WorkFlow Listing Page/Ref No Set Text'

2019-01-03 23:28:47 - [MESSAGE][PASSED] - Text 'SSN01201900001202' is set on object 'Object Repository/Final Object Repo/WorkFlow Listing Page/Ref No Set Text'

2019-01-03 23:28:47 - [TEST_STEP][PASSED] - delay: Delayed 2 second(s)

2019-01-03 23:28:49 - [MESSAGE][PASSED] - Delayed 2 second(s)

2019-01-03 23:28:49 - [TEST_STEP][PASSED] - click: Object: 'Object Repository/Final Object Repo/WorkFlow Listing Page/Search Ref No Search Button' is clicked on

2019-01-03 23:28:49 - [MESSAGE][PASSED] - Object: 'Object Repository/Final Object Repo/WorkFlow Listing Page/Search Ref No Search Button' is clicked on

2019-01-03 23:28:49 - [TEST_STEP][PASSED] - delay: Delayed 6 second(s)

2019-01-03 23:28:55 - [MESSAGE][PASSED] - Delayed 6 second(s)

2019-01-03 23:28:55 - [TEST_STEP][PASSED] - click: Object: 'Object Repository/Final Object Repo/WorkFlow Listing Page/Click Continue Tooltip' is clicked on

2019-01-03 23:28:56 - [MESSAGE][PASSED] - Object: 'Object Repository/Final Object Repo/WorkFlow Listing Page/Click Continue Tooltip' is clicked on

2019-01-03 23:28:56 - [TEST_STEP][PASSED] - delay: Delayed 5 second(s)

2019-01-03 23:29:01 - [MESSAGE][PASSED] - Delayed 5 second(s)

2019-01-03 23:29:01 - [TEST_STEP][PASSED] - doubleClick: Object: 'Object Repository/Final Object Repo/WorkFlow Listing Page/Workflow Found - Listing 1' is double clicked on

2019-01-03 23:29:01 - [MESSAGE][PASSED] - Object: 'Object Repository/Final Object Repo/WorkFlow Listing Page/Workflow Found - Listing 1' is double clicked on

2019-01-03 23:29:01 - [TEST_STEP][PASSED] - Statement - println(OwnerID): null

2019-01-03 23:29:01 - [TEST_STEP][PASSED] - Statement - OwnerID = com.kms.katalon.core.webui.keyword.WebUiBuiltInKeywords.getText(com.kms.katalon.core.testobject.ObjectRepository.findTestObject(Final Object Repo/WorkFlow Listing Page/Workflow Found - Listing 1), STOP_ON_FAILURE): Text of object 'Object Repository/Final Object Repo/WorkFlow Listing Page/Workflow Found - Listing 1' is: 'JOHORrio3'

2019-01-03 23:29:01 - [MESSAGE][PASSED] - Text of object 'Object Repository/Final Object Repo/WorkFlow Listing Page/Workflow Found - Listing 1' is: 'JOHORrio3'

2019-01-03 23:29:01 - [TEST_STEP][PASSED] - Statement - OwnerID = OwnerID.toLowerCase() + "@gmail.com": null

2019-01-03 23:29:01 - [TEST_STEP][PASSED] - Statement - println(OwnerID): null

2019-01-03 23:29:01 - [TEST_STEP][PASSED] - delay: Delayed 2 second(s)

2019-01-03 23:29:03 - [MESSAGE][PASSED] - Delayed 2 second(s)

2019-01-03 23:29:03 - [MESSAGE][PASSED] - Call Test Case 'Test Cases/Final Aug 2018 - PKS Automation/Common/Workflow Owner Finder' successfully

2019-01-03 23:29:03 - [TEST_STEP][PASSED] - delay: Delayed 2 second(s)

2019-01-03 23:29:05 - [MESSAGE][PASSED] - Delayed 2 second(s)

2019-01-03 23:29:05 - [TEST_STEP][PASSED] - navigateToUrl: Navigate to 'https://assist2-uat.perkeso.gov.my/c/portal/logout' successfully

2019-01-03 23:29:06 - [MESSAGE][PASSED] - Navigate to 'https://assist2-uat.perkeso.gov.my/c/portal/logout' successfully

2019-01-03 23:29:06 - [TEST_STEP][PASSED] - delay: Delayed 2 second(s)

2019-01-03 23:29:08 - [MESSAGE][PASSED] - Delayed 2 second(s)

2019-01-03 23:29:08 - [TEST_STEP][PASSED] - callTestCase: Call Test Case 'Test Cases/Final Aug 2018 - PKS Automation/Registration Module/Workflow/Login and Search Case For Workflow' successfully

2019-01-03 23:29:08 - [TEST_CASE][PASSED] - Test Cases/Final Aug 2018 - PKS Automation/Registration Module/Workflow/Login and Search Case For Workflow: Test Cases/Final Aug 2018 - PKS Automation/Registration Module/Workflow/Login and Search Case For Workflow

2019-01-03 23:29:08 - [TEST_STEP][PASSED] - navigateToUrl: Navigate to 'https://assist2-uat.perkeso.gov.my/login' successfully

2019-01-03 23:29:09 - [MESSAGE][PASSED] - Navigate to 'https://assist2-uat.perkeso.gov.my/login' successfully

2019-01-03 23:29:09 - [TEST_STEP][PASSED] - setText: Text 'johorrio3@gmail.com' is set on object 'Object Repository/Final Object Repo/Login Page/Internal User/Email Address'

2019-01-03 23:29:09 - [MESSAGE][PASSED] - Text 'johorrio3@gmail.com' is set on object 'Object Repository/Final Object Repo/Login Page/Internal User/Email Address'

2019-01-03 23:29:09 - [TEST_STEP][PASSED] - click: Object: 'Object Repository/Final Object Repo/Login Page/Internal User/Next Button' is clicked on

2019-01-03 23:29:09 - [MESSAGE][PASSED] - Object: 'Object Repository/Final Object Repo/Login Page/Internal User/Next Button' is clicked on

2019-01-03 23:29:09 - [TEST_STEP][PASSED] - delay: Delayed 1 second(s)

2019-01-03 23:29:10 - [MESSAGE][PASSED] - Delayed 1 second(s)

2019-01-03 23:29:10 - [TEST_STEP][PASSED] - setEncryptedText: Text ****** has been set on object 'Object Repository/Final Object Repo/Login Page/Internal User/Password'

2019-01-03 23:29:10 - [MESSAGE][PASSED] - Text ****** has been set on object 'Object Repository/Final Object Repo/Login Page/Internal User/Password'

2019-01-03 23:29:10 - [TEST_STEP][PASSED] - click: Object: 'Object Repository/Final Object Repo/Login Page/Internal User/Login Button' is clicked on

2019-01-03 23:29:11 - [MESSAGE][PASSED] - Object: 'Object Repository/Final Object Repo/Login Page/Internal User/Login Button' is clicked on

2019-01-03 23:29:11 - [TEST_STEP][PASSED] - delay: Delayed 2 second(s)

2019-01-03 23:29:13 - [MESSAGE][PASSED] - Delayed 2 second(s)

2019-01-03 23:29:13 - [TEST_STEP][PASSED] - Statement - Try: Delayed 2 second(s)

2019-01-03 23:29:13 - [TEST_STEP][PASSED] - Statement - Checker = false: null

2019-01-03 23:29:13 - [TEST_STEP][PASSED] - Statement - Checker = com.kms.katalon.core.webui.keyword.WebUiBuiltInKeywords.verifyElementHasAttribute(com.kms.katalon.core.testobject.ObjectRepository.findTestObject(Final Object Repo/Landing Page/BM Detecting), "href", 20, OPTIONAL): Object 'Object Repository/Final Object Repo/Landing Page/BM Detecting' has attribute 'href'

2019-01-03 23:29:13 - [MESSAGE][PASSED] - Object 'Object Repository/Final Object Repo/Landing Page/BM Detecting' has attribute 'href'

2019-01-03 23:29:13 - [TEST_STEP][PASSED] - Statement - out.println(Checker): null

2019-01-03 23:29:13 - [TEST_STEP][PASSED] - Statement - If (Checker == false): null

2019-01-03 23:29:13 - [TEST_STEP][PASSED] - Statement - Else: null

2019-01-03 23:29:13 - [TEST_STEP][PASSED] - delay: Delayed 2 second(s)

2019-01-03 23:29:15 - [MESSAGE][PASSED] - Delayed 2 second(s)

2019-01-03 23:29:15 - [TEST_STEP][PASSED] - click: Object: 'Object Repository/Final Object Repo/Page_MyASSIST - ASSIST - Search Pending Case For Add Supporting Document/Search Information' is clicked on

2019-01-03 23:29:15 - [MESSAGE][PASSED] - Object: 'Object Repository/Final Object Repo/Page_MyASSIST - ASSIST - Search Pending Case For Add Supporting Document/Search Information' is clicked on

2019-01-03 23:29:15 - [TEST_STEP][PASSED] - delay: Delayed 3 second(s)

2019-01-03 23:29:18 - [MESSAGE][PASSED] - Delayed 3 second(s)

2019-01-03 23:29:18 - [TEST_STEP][PASSED] - sendKeys: Keys 'SSN01201900001202' sent to object: 'Object Repository/Final Object Repo/Page_MyASSIST - ASSIST - Search Pending Case For Add Supporting Document/Reference No'

2019-01-03 23:29:18 - [MESSAGE][PASSED] - Keys 'SSN01201900001202' sent to object: 'Object Repository/Final Object Repo/Page_MyASSIST - ASSIST - Search Pending Case For Add Supporting Document/Reference No'

2019-01-03 23:29:18 - [TEST_STEP][PASSED] - click: Object: 'Object Repository/Final Object Repo/Page_MyASSIST - ASSIST - Search Pending Case For Add Supporting Document/Search Reference No' is clicked on

2019-01-03 23:29:18 - [MESSAGE][PASSED] - Object: 'Object Repository/Final Object Repo/Page_MyASSIST - ASSIST - Search Pending Case For Add Supporting Document/Search Reference No' is clicked on

2019-01-03 23:29:18 - [TEST_STEP][PASSED] - delay: Delayed 2 second(s)

2019-01-03 23:29:20 - [MESSAGE][PASSED] - Delayed 2 second(s)

2019-01-03 23:29:20 - [TEST_STEP][PASSED] - click: Object: 'Object Repository/Final Object Repo/Page_MyASSIST - ASSIST - Search Pending Case For Add Supporting Document/Continue' is clicked on

2019-01-03 23:29:27 - [MESSAGE][PASSED] - Object: 'Object Repository/Final Object Repo/Page_MyASSIST - ASSIST - Search Pending Case For Add Supporting Document/Continue' is clicked on

2019-01-03 23:29:27 - [TEST_STEP][PASSED] - delay: Delayed 20 second(s)

2019-01-03 23:29:47 - [MESSAGE][PASSED] - Delayed 20 second(s)

2019-01-03 23:29:47 - [MESSAGE][PASSED] - Call Test Case 'Test Cases/Final Aug 2018 - PKS Automation/Registration Module/Workflow/Login and Search Case For Workflow' successfully

2019-01-03 23:29:47 - [TEST_STEP][PASSED] - callTestCase: Call Test Case 'Test Cases/Final Aug 2018 - PKS Automation/Registration Module/Workflow/Request SSN/Template/Request SSN - RIO' successfully

2019-01-03 23:29:48 - [TEST_CASE][PASSED] - Test Cases/Final Aug 2018 - PKS Automation/Registration Module/Workflow/Request SSN/Template/Request SSN - RIO: Test Cases/Final Aug 2018 - PKS Automation/Registration Module/Workflow/Request SSN/Template/Request SSN - RIO

2019-01-03 23:29:48 - [TEST_STEP][NOT_RUN] - openBrowser: NOT_RUN: openBrowser

2019-01-03 23:29:48 - [MESSAGE][NOT_RUN] - NOT_RUN: openBrowser

2019-01-03 23:29:48 - [TEST_STEP][NOT_RUN] - navigateToUrl: NOT_RUN: navigateToUrl

2019-01-03 23:29:48 - [MESSAGE][NOT_RUN] - NOT_RUN: navigateToUrl

2019-01-03 23:29:48 - [TEST_STEP][NOT_RUN] - setText: NOT_RUN: setText

2019-01-03 23:29:48 - [MESSAGE][NOT_RUN] - NOT_RUN: setText

2019-01-03 23:29:48 - [TEST_STEP][NOT_RUN] - click: NOT_RUN: click

2019-01-03 23:29:48 - [MESSAGE][NOT_RUN] - NOT_RUN: click

2019-01-03 23:29:48 - [TEST_STEP][NOT_RUN] - delay: NOT_RUN: delay

2019-01-03 23:29:48 - [MESSAGE][NOT_RUN] - NOT_RUN: delay

2019-01-03 23:29:48 - [TEST_STEP][NOT_RUN] - setEncryptedText: NOT_RUN: setEncryptedText

2019-01-03 23:29:48 - [MESSAGE][NOT_RUN] - NOT_RUN: setEncryptedText

2019-01-03 23:29:48 - [TEST_STEP][NOT_RUN] - click: NOT_RUN: click

2019-01-03 23:29:48 - [MESSAGE][NOT_RUN] - NOT_RUN: click

2019-01-03 23:29:48 - [TEST_STEP][NOT_RUN] - delay: NOT_RUN: delay

2019-01-03 23:29:48 - [MESSAGE][NOT_RUN] - NOT_RUN: delay

2019-01-03 23:29:48 - [TEST_STEP][NOT_RUN] - click: NOT_RUN: click

2019-01-03 23:29:48 - [MESSAGE][NOT_RUN] - NOT_RUN: click

2019-01-03 23:29:48 - [TEST_STEP][NOT_RUN] - sendKeys: NOT_RUN: sendKeys

2019-01-03 23:29:48 - [MESSAGE][NOT_RUN] - NOT_RUN: sendKeys

2019-01-03 23:29:48 - [TEST_STEP][NOT_RUN] - click: NOT_RUN: click

2019-01-03 23:29:48 - [MESSAGE][NOT_RUN] - NOT_RUN: click

2019-01-03 23:29:48 - [TEST_STEP][NOT_RUN] - delay: NOT_RUN: delay

2019-01-03 23:29:48 - [MESSAGE][NOT_RUN] - NOT_RUN: delay

2019-01-03 23:29:48 - [TEST_STEP][NOT_RUN] - click: NOT_RUN: click

2019-01-03 23:29:48 - [MESSAGE][NOT_RUN] - NOT_RUN: click

2019-01-03 23:29:48 - [TEST_STEP][PASSED] - delay: Delayed 2 second(s)

2019-01-03 23:29:50 - [MESSAGE][PASSED] - Delayed 2 second(s)

2019-01-03 23:29:50 - [TEST_STEP][PASSED] - click: Object: 'Object Repository/Final Object Repo/Page_Request SSN - ASSIST/Page_Request SSN - ASSIST - RIO/Recommend For SSN' is clicked on

2019-01-03 23:29:50 - [MESSAGE][PASSED] - Object: 'Object Repository/Final Object Repo/Page_Request SSN - ASSIST/Page_Request SSN - ASSIST - RIO/Recommend For SSN' is clicked on

2019-01-03 23:29:50 - [TEST_STEP][PASSED] - click: Object: 'Object Repository/Final Object Repo/Page_Request SSN - ASSIST/Page_Request SSN - ASSIST - RIO/Recommend For SSN  - Yes' is clicked on

2019-01-03 23:29:50 - [MESSAGE][PASSED] - Object: 'Object Repository/Final Object Repo/Page_Request SSN - ASSIST/Page_Request SSN - ASSIST - RIO/Recommend For SSN  - Yes' is clicked on

2019-01-03 23:29:50 - [TEST_STEP][PASSED] - delay: Delayed 2 second(s)

2019-01-03 23:29:52 - [MESSAGE][PASSED] - Delayed 2 second(s)

2019-01-03 23:29:52 - [TEST_STEP][PASSED] - click: Object: 'Object Repository/Final Object Repo/Page_Request SSN - ASSIST/Page_Request SSN - ASSIST - RIO/Save  Continue in SSN page' is clicked on

2019-01-03 23:29:52 - [MESSAGE][PASSED] - Object: 'Object Repository/Final Object Repo/Page_Request SSN - ASSIST/Page_Request SSN - ASSIST - RIO/Save  Continue in SSN page' is clicked on

2019-01-03 23:29:52 - [TEST_STEP][PASSED] - delay: Delayed 2 second(s)

2019-01-03 23:29:54 - [MESSAGE][PASSED] - Delayed 2 second(s)

2019-01-03 23:29:54 - [TEST_STEP][PASSED] - click: Object: 'Object Repository/Final Object Repo/Page_Request SSN - ASSIST/Page_Request SSN - ASSIST - RIO/Save  Continue in Upload Document Page' is clicked on

2019-01-03 23:29:57 - [MESSAGE][PASSED] - Object: 'Object Repository/Final Object Repo/Page_Request SSN - ASSIST/Page_Request SSN - ASSIST - RIO/Save  Continue in Upload Document Page' is clicked on

2019-01-03 23:29:57 - [TEST_STEP][PASSED] - delay: Delayed 2 second(s)

2019-01-03 23:29:59 - [MESSAGE][PASSED] - Delayed 2 second(s)

2019-01-03 23:29:59 - [TEST_STEP][PASSED] - click: Object: 'Object Repository/Final Object Repo/Page_Request SSN - ASSIST/Page_Request SSN - ASSIST - RIO/Submit' is clicked on

2019-01-03 23:30:02 - [MESSAGE][PASSED] - Object: 'Object Repository/Final Object Repo/Page_Request SSN - ASSIST/Page_Request SSN - ASSIST - RIO/Submit' is clicked on

2019-01-03 23:30:02 - [TEST_STEP][PASSED] - delay: Delayed 2 second(s)

2019-01-03 23:30:04 - [MESSAGE][PASSED] - Delayed 2 second(s)

2019-01-03 23:30:04 - [TEST_STEP][PASSED] - click: Object: 'Object Repository/Final Object Repo/Page_Request SSN - ASSIST/Page_Request SSN - ASSIST - RIO/Confirm' is clicked on

2019-01-03 23:30:04 - [MESSAGE][PASSED] - Object: 'Object Repository/Final Object Repo/Page_Request SSN - ASSIST/Page_Request SSN - ASSIST - RIO/Confirm' is clicked on

2019-01-03 23:30:04 - [MESSAGE][PASSED] - Call Test Case 'Test Cases/Final Aug 2018 - PKS Automation/Registration Module/Workflow/Request SSN/Template/Request SSN - RIO' successfully

2019-01-03 23:30:04 - [TEST_STEP][PASSED] - delay: Delayed 2 second(s)

2019-01-03 23:30:06 - [MESSAGE][PASSED] - Delayed 2 second(s)

2019-01-03 23:30:06 - [TEST_STEP][PASSED] - navigateToUrl: Navigate to 'https://assist2-uat.perkeso.gov.my/c/portal/logout' successfully

2019-01-03 23:30:11 - [MESSAGE][PASSED] - Navigate to 'https://assist2-uat.perkeso.gov.my/c/portal/logout' successfully

2019-01-03 23:30:11 - [TEST_STEP][PASSED] - delay: Delayed 2 second(s)

2019-01-03 23:30:13 - [MESSAGE][PASSED] - Delayed 2 second(s)

2019-01-03 23:30:13 - [TEST_STEP][PASSED] - callTestCase: Call Test Case 'Test Cases/Final Aug 2018 - PKS Automation/Common/Workflow Owner Finder' successfully

2019-01-03 23:30:13 - [TEST_CASE][PASSED] - Test Cases/Final Aug 2018 - PKS Automation/Common/Workflow Owner Finder: Test Cases/Final Aug 2018 - PKS Automation/Common/Workflow Owner Finder

2019-01-03 23:30:13 - [TEST_STEP][PASSED] - openBrowser: Browser is opened with url: ''

2019-01-03 23:30:13 - [MESSAGE][WARNING] - A browser is already opened. Closing browser and opening a new one

2019-01-03 23:30:17 - [MESSAGE][PASSED] - Browser is opened with url: ''

2019-01-03 23:30:17 - [TEST_STEP][PASSED] - navigateToUrl: Navigate to 'https://assist2-uat.perkeso.gov.my/login' successfully

2019-01-03 23:30:18 - [MESSAGE][PASSED] - Navigate to 'https://assist2-uat.perkeso.gov.my/login' successfully

2019-01-03 23:30:18 - [TEST_STEP][PASSED] - delay: Delayed 5 second(s)

2019-01-03 23:30:23 - [MESSAGE][PASSED] - Delayed 5 second(s)

2019-01-03 23:30:23 - [TEST_STEP][PASSED] - setText: Text 'test@liferay.com' is set on object 'Object Repository/Final Object Repo/Login Page/Internal User/Email Address'

2019-01-03 23:30:23 - [MESSAGE][PASSED] - Text 'test@liferay.com' is set on object 'Object Repository/Final Object Repo/Login Page/Internal User/Email Address'

2019-01-03 23:30:23 - [TEST_STEP][PASSED] - click: Object: 'Object Repository/Final Object Repo/Login Page/Internal User/Next Button' is clicked on

2019-01-03 23:30:23 - [MESSAGE][PASSED] - Object: 'Object Repository/Final Object Repo/Login Page/Internal User/Next Button' is clicked on

2019-01-03 23:30:23 - [TEST_STEP][PASSED] - delay: Delayed 2 second(s)

2019-01-03 23:30:25 - [MESSAGE][PASSED] - Delayed 2 second(s)

2019-01-03 23:30:25 - [TEST_STEP][PASSED] - setText: Text 'test' is set on object 'Object Repository/Final Object Repo/Login Page/Internal User/Password'

2019-01-03 23:30:26 - [MESSAGE][PASSED] - Text 'test' is set on object 'Object Repository/Final Object Repo/Login Page/Internal User/Password'

2019-01-03 23:30:26 - [TEST_STEP][PASSED] - delay: Delayed 2 second(s)

2019-01-03 23:30:28 - [MESSAGE][PASSED] - Delayed 2 second(s)

2019-01-03 23:30:28 - [TEST_STEP][PASSED] - click: Object: 'Object Repository/Final Object Repo/Login Page/Internal User/Login Button' is clicked on

2019-01-03 23:30:28 - [MESSAGE][PASSED] - Object: 'Object Repository/Final Object Repo/Login Page/Internal User/Login Button' is clicked on

2019-01-03 23:30:28 - [TEST_STEP][PASSED] - Statement - tester = com.kms.katalon.core.testobject.ObjectRepository.findTestObject(Final Object Repo/Landing Page/Select to English): Finding Test Object with id 'Object Repository/Final Object Repo/Landing Page/Select to English'

2019-01-03 23:30:28 - [TEST_STEP][PASSED] - Statement - Try: Delayed 2 second(s)

2019-01-03 23:30:28 - [TEST_STEP][PASSED] - Statement - Checker = com.kms.katalon.core.webui.keyword.WebUiBuiltInKeywords.verifyElementNotPresent(tester, 3): Web element with id: 'Object Repository/Final Object Repo/Landing Page/Select to English' located by 'By.xpath: //a[@class = 'taglib-language-list-text' and @lang = 'en-US' and (contains(text(), 'EN') or contains(., 'EN'))]' is not present after '3' second(s)

2019-01-03 23:30:30 - [MESSAGE][PASSED] - Web element with id: 'Object Repository/Final Object Repo/Landing Page/Select to English' located by 'By.xpath: //a[@class = 'taglib-language-list-text' and @lang = 'en-US' and (contains(text(), 'EN') or contains(., 'EN'))]' is not present after '3' second(s)

2019-01-03 23:30:30 - [TEST_STEP][PASSED] - Statement - If (Checker == false): null

2019-01-03 23:30:30 - [TEST_STEP][PASSED] - delay: Delayed 2 second(s)

2019-01-03 23:30:32 - [MESSAGE][PASSED] - Delayed 2 second(s)

2019-01-03 23:30:32 - [TEST_STEP][PASSED] - delay: Delayed 5 second(s)

2019-01-03 23:30:37 - [MESSAGE][PASSED] - Delayed 5 second(s)

2019-01-03 23:30:37 - [TEST_STEP][PASSED] - mouseOver: Object: 'Object Repository/Final Object Repo/Landing Page/WorkFlow Menu' is hovered

2019-01-03 23:30:37 - [MESSAGE][PASSED] - Object: 'Object Repository/Final Object Repo/Landing Page/WorkFlow Menu' is hovered

2019-01-03 23:30:37 - [TEST_STEP][PASSED] - delay: Delayed 2 second(s)

2019-01-03 23:30:39 - [MESSAGE][PASSED] - Delayed 2 second(s)

2019-01-03 23:30:39 - [TEST_STEP][PASSED] - click: Object: 'Object Repository/Final Object Repo/Landing Page/Select to Workflow Listing' is clicked on

2019-01-03 23:30:40 - [MESSAGE][PASSED] - Object: 'Object Repository/Final Object Repo/Landing Page/Select to Workflow Listing' is clicked on

2019-01-03 23:30:40 - [TEST_STEP][PASSED] - delay: Delayed 2 second(s)

2019-01-03 23:30:42 - [MESSAGE][PASSED] - Delayed 2 second(s)

2019-01-03 23:30:42 - [TEST_STEP][PASSED] - click: Object: 'Object Repository/Final Object Repo/WorkFlow Listing Page/Search Information - To Put Ref No' is clicked on

2019-01-03 23:30:42 - [MESSAGE][PASSED] - Object: 'Object Repository/Final Object Repo/WorkFlow Listing Page/Search Information - To Put Ref No' is clicked on

2019-01-03 23:30:42 - [TEST_STEP][PASSED] - delay: Delayed 2 second(s)

2019-01-03 23:30:44 - [MESSAGE][PASSED] - Delayed 2 second(s)

2019-01-03 23:30:44 - [TEST_STEP][PASSED] - callTestCase: Call Test Case 'Test Cases/Final Aug 2018 - PKS Automation/Common/Reference Number Getter' successfully

2019-01-03 23:30:44 - [TEST_CASE][PASSED] - Test Cases/Final Aug 2018 - PKS Automation/Common/Reference Number Getter: Test Cases/Final Aug 2018 - PKS Automation/Common/Reference Number Getter

2019-01-03 23:30:44 - [TEST_STEP][PASSED] - Statement - Try: null

2019-01-03 23:30:44 - [TEST_STEP][PASSED] - Statement - RefNo = new java.io.File(C://Users//Admin//Desktop//PKS//Automation Reference Point//KatalonReference.txt): null

2019-01-03 23:30:44 - [TEST_STEP][PASSED] - Statement - bufferread = new java.io.BufferedReader(new java.io.FileReader(RefNo)): null

2019-01-03 23:30:44 - [TEST_STEP][PASSED] - Statement - readedVal = bufferread.readLine(): null

2019-01-03 23:30:44 - [TEST_STEP][PASSED] - Statement - out.println(CaseReferenceNo): null

2019-01-03 23:30:44 - [TEST_STEP][PASSED] - Statement - out.println(readedVal): null

2019-01-03 23:30:44 - [TEST_STEP][PASSED] - Statement - CaseReferenceNo = "": null

2019-01-03 23:30:44 - [TEST_STEP][PASSED] - Statement - CaseReferenceNo = readedVal: null

2019-01-03 23:30:44 - [MESSAGE][PASSED] - Call Test Case 'Test Cases/Final Aug 2018 - PKS Automation/Common/Reference Number Getter' successfully

2019-01-03 23:30:44 - [TEST_STEP][PASSED] - setText: Text 'SSN01201900001202' is set on object 'Object Repository/Final Object Repo/WorkFlow Listing Page/Ref No Set Text'

2019-01-03 23:30:44 - [MESSAGE][PASSED] - Text 'SSN01201900001202' is set on object 'Object Repository/Final Object Repo/WorkFlow Listing Page/Ref No Set Text'

2019-01-03 23:30:44 - [TEST_STEP][PASSED] - delay: Delayed 2 second(s)

2019-01-03 23:30:46 - [MESSAGE][PASSED] - Delayed 2 second(s)

2019-01-03 23:30:46 - [TEST_STEP][PASSED] - click: Object: 'Object Repository/Final Object Repo/WorkFlow Listing Page/Search Ref No Search Button' is clicked on

2019-01-03 23:30:46 - [MESSAGE][PASSED] - Object: 'Object Repository/Final Object Repo/WorkFlow Listing Page/Search Ref No Search Button' is clicked on

2019-01-03 23:30:46 - [TEST_STEP][PASSED] - delay: Delayed 6 second(s)

2019-01-03 23:30:52 - [MESSAGE][PASSED] - Delayed 6 second(s)

2019-01-03 23:30:52 - [TEST_STEP][PASSED] - click: Object: 'Object Repository/Final Object Repo/WorkFlow Listing Page/Click Continue Tooltip' is clicked on

2019-01-03 23:30:53 - [MESSAGE][PASSED] - Object: 'Object Repository/Final Object Repo/WorkFlow Listing Page/Click Continue Tooltip' is clicked on

2019-01-03 23:30:53 - [TEST_STEP][PASSED] - delay: Delayed 5 second(s)

2019-01-03 23:30:58 - [MESSAGE][PASSED] - Delayed 5 second(s)

2019-01-03 23:30:58 - [TEST_STEP][PASSED] - doubleClick: Object: 'Object Repository/Final Object Repo/WorkFlow Listing Page/Workflow Found - Listing 1' is double clicked on

2019-01-03 23:30:59 - [MESSAGE][PASSED] - Object: 'Object Repository/Final Object Repo/WorkFlow Listing Page/Workflow Found - Listing 1' is double clicked on

2019-01-03 23:30:59 - [TEST_STEP][PASSED] - Statement - println(OwnerID): null

2019-01-03 23:30:59 - [TEST_STEP][PASSED] - Statement - OwnerID = com.kms.katalon.core.webui.keyword.WebUiBuiltInKeywords.getText(com.kms.katalon.core.testobject.ObjectRepository.findTestObject(Final Object Repo/WorkFlow Listing Page/Workflow Found - Listing 1), STOP_ON_FAILURE): Text of object 'Object Repository/Final Object Repo/WorkFlow Listing Page/Workflow Found - Listing 1' is: 'JOHORro1'

2019-01-03 23:30:59 - [MESSAGE][PASSED] - Text of object 'Object Repository/Final Object Repo/WorkFlow Listing Page/Workflow Found - Listing 1' is: 'JOHORro1'

2019-01-03 23:30:59 - [TEST_STEP][PASSED] - Statement - OwnerID = OwnerID.toLowerCase() + "@gmail.com": null

2019-01-03 23:30:59 - [TEST_STEP][PASSED] - Statement - println(OwnerID): null

2019-01-03 23:30:59 - [TEST_STEP][PASSED] - delay: Delayed 2 second(s)

2019-01-03 23:31:01 - [MESSAGE][PASSED] - Delayed 2 second(s)

2019-01-03 23:31:01 - [MESSAGE][PASSED] - Call Test Case 'Test Cases/Final Aug 2018 - PKS Automation/Common/Workflow Owner Finder' successfully

2019-01-03 23:31:01 - [TEST_STEP][PASSED] - delay: Delayed 2 second(s)

2019-01-03 23:31:03 - [MESSAGE][PASSED] - Delayed 2 second(s)

2019-01-03 23:31:03 - [TEST_STEP][PASSED] - navigateToUrl: Navigate to 'https://assist2-uat.perkeso.gov.my/c/portal/logout' successfully

2019-01-03 23:31:03 - [MESSAGE][PASSED] - Navigate to 'https://assist2-uat.perkeso.gov.my/c/portal/logout' successfully

2019-01-03 23:31:03 - [TEST_STEP][PASSED] - delay: Delayed 2 second(s)

2019-01-03 23:31:05 - [MESSAGE][PASSED] - Delayed 2 second(s)

2019-01-03 23:31:05 - [TEST_STEP][PASSED] - callTestCase: Call Test Case 'Test Cases/Final Aug 2018 - PKS Automation/Registration Module/Workflow/Login and Search Case For Workflow' successfully

2019-01-03 23:31:05 - [TEST_CASE][PASSED] - Test Cases/Final Aug 2018 - PKS Automation/Registration Module/Workflow/Login and Search Case For Workflow: Test Cases/Final Aug 2018 - PKS Automation/Registration Module/Workflow/Login and Search Case For Workflow

2019-01-03 23:31:06 - [TEST_STEP][PASSED] - navigateToUrl: Navigate to 'https://assist2-uat.perkeso.gov.my/login' successfully

2019-01-03 23:31:06 - [MESSAGE][PASSED] - Navigate to 'https://assist2-uat.perkeso.gov.my/login' successfully

2019-01-03 23:31:06 - [TEST_STEP][PASSED] - setText: Text 'johorro1@gmail.com' is set on object 'Object Repository/Final Object Repo/Login Page/Internal User/Email Address'

2019-01-03 23:31:06 - [MESSAGE][PASSED] - Text 'johorro1@gmail.com' is set on object 'Object Repository/Final Object Repo/Login Page/Internal User/Email Address'

2019-01-03 23:31:06 - [TEST_STEP][PASSED] - click: Object: 'Object Repository/Final Object Repo/Login Page/Internal User/Next Button' is clicked on

2019-01-03 23:31:06 - [MESSAGE][PASSED] - Object: 'Object Repository/Final Object Repo/Login Page/Internal User/Next Button' is clicked on

2019-01-03 23:31:06 - [TEST_STEP][PASSED] - delay: Delayed 1 second(s)

2019-01-03 23:31:07 - [MESSAGE][PASSED] - Delayed 1 second(s)

2019-01-03 23:31:07 - [TEST_STEP][PASSED] - setEncryptedText: Text ****** has been set on object 'Object Repository/Final Object Repo/Login Page/Internal User/Password'

2019-01-03 23:31:08 - [MESSAGE][PASSED] - Text ****** has been set on object 'Object Repository/Final Object Repo/Login Page/Internal User/Password'

2019-01-03 23:31:08 - [TEST_STEP][PASSED] - click: Object: 'Object Repository/Final Object Repo/Login Page/Internal User/Login Button' is clicked on

2019-01-03 23:31:08 - [MESSAGE][PASSED] - Object: 'Object Repository/Final Object Repo/Login Page/Internal User/Login Button' is clicked on

2019-01-03 23:31:08 - [TEST_STEP][PASSED] - delay: Delayed 2 second(s)

2019-01-03 23:31:10 - [MESSAGE][PASSED] - Delayed 2 second(s)

2019-01-03 23:31:10 - [TEST_STEP][PASSED] - Statement - Try: Delayed 2 second(s)

2019-01-03 23:31:10 - [TEST_STEP][PASSED] - Statement - Checker = false: null

2019-01-03 23:31:10 - [TEST_STEP][PASSED] - Statement - Checker = com.kms.katalon.core.webui.keyword.WebUiBuiltInKeywords.verifyElementHasAttribute(com.kms.katalon.core.testobject.ObjectRepository.findTestObject(Final Object Repo/Landing Page/BM Detecting), "href", 20, OPTIONAL): Object 'Object Repository/Final Object Repo/Landing Page/BM Detecting' has attribute 'href'

2019-01-03 23:31:10 - [MESSAGE][PASSED] - Object 'Object Repository/Final Object Repo/Landing Page/BM Detecting' has attribute 'href'

2019-01-03 23:31:10 - [TEST_STEP][PASSED] - Statement - out.println(Checker): null

2019-01-03 23:31:10 - [TEST_STEP][PASSED] - Statement - If (Checker == false): null

2019-01-03 23:31:10 - [TEST_STEP][PASSED] - Statement - Else: null

2019-01-03 23:31:10 - [TEST_STEP][PASSED] - delay: Delayed 2 second(s)

2019-01-03 23:31:12 - [MESSAGE][PASSED] - Delayed 2 second(s)

2019-01-03 23:31:12 - [TEST_STEP][PASSED] - click: Object: 'Object Repository/Final Object Repo/Page_MyASSIST - ASSIST - Search Pending Case For Add Supporting Document/Search Information' is clicked on

2019-01-03 23:31:12 - [MESSAGE][PASSED] - Object: 'Object Repository/Final Object Repo/Page_MyASSIST - ASSIST - Search Pending Case For Add Supporting Document/Search Information' is clicked on

2019-01-03 23:31:12 - [TEST_STEP][PASSED] - delay: Delayed 3 second(s)

2019-01-03 23:31:15 - [MESSAGE][PASSED] - Delayed 3 second(s)

2019-01-03 23:31:15 - [TEST_STEP][PASSED] - sendKeys: Keys 'SSN01201900001202' sent to object: 'Object Repository/Final Object Repo/Page_MyASSIST - ASSIST - Search Pending Case For Add Supporting Document/Reference No'

2019-01-03 23:31:15 - [MESSAGE][PASSED] - Keys 'SSN01201900001202' sent to object: 'Object Repository/Final Object Repo/Page_MyASSIST - ASSIST - Search Pending Case For Add Supporting Document/Reference No'

2019-01-03 23:31:15 - [TEST_STEP][PASSED] - click: Object: 'Object Repository/Final Object Repo/Page_MyASSIST - ASSIST - Search Pending Case For Add Supporting Document/Search Reference No' is clicked on

2019-01-03 23:31:15 - [MESSAGE][PASSED] - Object: 'Object Repository/Final Object Repo/Page_MyASSIST - ASSIST - Search Pending Case For Add Supporting Document/Search Reference No' is clicked on

2019-01-03 23:31:15 - [TEST_STEP][PASSED] - delay: Delayed 2 second(s)

2019-01-03 23:31:17 - [MESSAGE][PASSED] - Delayed 2 second(s)

2019-01-03 23:31:17 - [TEST_STEP][PASSED] - click: Object: 'Object Repository/Final Object Repo/Page_MyASSIST - ASSIST - Search Pending Case For Add Supporting Document/Continue' is clicked on

2019-01-03 23:31:24 - [MESSAGE][PASSED] - Object: 'Object Repository/Final Object Repo/Page_MyASSIST - ASSIST - Search Pending Case For Add Supporting Document/Continue' is clicked on

2019-01-03 23:31:24 - [TEST_STEP][PASSED] - delay: Delayed 20 second(s)

2019-01-03 23:31:44 - [MESSAGE][PASSED] - Delayed 20 second(s)

2019-01-03 23:31:44 - [MESSAGE][PASSED] - Call Test Case 'Test Cases/Final Aug 2018 - PKS Automation/Registration Module/Workflow/Login and Search Case For Workflow' successfully

2019-01-03 23:31:44 - [TEST_STEP][PASSED] - callTestCase: Call Test Case 'Test Cases/Final Aug 2018 - PKS Automation/Registration Module/Workflow/Request SSN/Template/Request SSN - RO (Query)' successfully

2019-01-03 23:31:44 - [TEST_CASE][PASSED] - Test Cases/Final Aug 2018 - PKS Automation/Registration Module/Workflow/Request SSN/Template/Request SSN - RO (Query): Test Cases/Final Aug 2018 - PKS Automation/Registration Module/Workflow/Request SSN/Template/Request SSN - RO (Query)

2019-01-03 23:31:44 - [TEST_STEP][NOT_RUN] - openBrowser: NOT_RUN: openBrowser

2019-01-03 23:31:44 - [MESSAGE][NOT_RUN] - NOT_RUN: openBrowser

2019-01-03 23:31:44 - [TEST_STEP][NOT_RUN] - navigateToUrl: NOT_RUN: navigateToUrl

2019-01-03 23:31:44 - [MESSAGE][NOT_RUN] - NOT_RUN: navigateToUrl

2019-01-03 23:31:44 - [TEST_STEP][NOT_RUN] - setText: NOT_RUN: setText

2019-01-03 23:31:44 - [MESSAGE][NOT_RUN] - NOT_RUN: setText

2019-01-03 23:31:44 - [TEST_STEP][NOT_RUN] - click: NOT_RUN: click

2019-01-03 23:31:44 - [MESSAGE][NOT_RUN] - NOT_RUN: click

2019-01-03 23:31:44 - [TEST_STEP][NOT_RUN] - delay: NOT_RUN: delay

2019-01-03 23:31:44 - [MESSAGE][NOT_RUN] - NOT_RUN: delay

2019-01-03 23:31:44 - [TEST_STEP][NOT_RUN] - setEncryptedText: NOT_RUN: setEncryptedText

2019-01-03 23:31:44 - [MESSAGE][NOT_RUN] - NOT_RUN: setEncryptedText

2019-01-03 23:31:44 - [TEST_STEP][NOT_RUN] - click: NOT_RUN: click

2019-01-03 23:31:44 - [MESSAGE][NOT_RUN] - NOT_RUN: click

2019-01-03 23:31:44 - [TEST_STEP][NOT_RUN] - delay: NOT_RUN: delay

2019-01-03 23:31:44 - [MESSAGE][NOT_RUN] - NOT_RUN: delay

2019-01-03 23:31:44 - [TEST_STEP][NOT_RUN] - click: NOT_RUN: click

2019-01-03 23:31:44 - [MESSAGE][NOT_RUN] - NOT_RUN: click

2019-01-03 23:31:44 - [TEST_STEP][NOT_RUN] - delay: NOT_RUN: delay

2019-01-03 23:31:44 - [MESSAGE][NOT_RUN] - NOT_RUN: delay

2019-01-03 23:31:44 - [TEST_STEP][NOT_RUN] - sendKeys: NOT_RUN: sendKeys

2019-01-03 23:31:44 - [MESSAGE][NOT_RUN] - NOT_RUN: sendKeys

2019-01-03 23:31:44 - [TEST_STEP][NOT_RUN] - click: NOT_RUN: click

2019-01-03 23:31:44 - [MESSAGE][NOT_RUN] - NOT_RUN: click

2019-01-03 23:31:44 - [TEST_STEP][NOT_RUN] - delay: NOT_RUN: delay

2019-01-03 23:31:44 - [MESSAGE][NOT_RUN] - NOT_RUN: delay

2019-01-03 23:31:44 - [TEST_STEP][NOT_RUN] - click: NOT_RUN: click

2019-01-03 23:31:44 - [MESSAGE][NOT_RUN] - NOT_RUN: click

2019-01-03 23:31:44 - [TEST_STEP][PASSED] - click: Object: 'Object Repository/Final Object Repo/Page_Request SSN - ASSIST/Page_Request SSN - ASSIST - RO/Approval For SSN' is clicked on

2019-01-03 23:31:44 - [MESSAGE][PASSED] - Object: 'Object Repository/Final Object Repo/Page_Request SSN - ASSIST/Page_Request SSN - ASSIST - RO/Approval For SSN' is clicked on

2019-01-03 23:31:44 - [TEST_STEP][PASSED] - click: Object: 'Object Repository/Final Object Repo/Page_Request SSN - ASSIST/Page_Request SSN - ASSIST - RO/Approval For SSN - Approve' is clicked on

2019-01-03 23:31:45 - [MESSAGE][PASSED] - Object: 'Object Repository/Final Object Repo/Page_Request SSN - ASSIST/Page_Request SSN - ASSIST - RO/Approval For SSN - Approve' is clicked on

2019-01-03 23:31:45 - [TEST_STEP][PASSED] - delay: Delayed 2 second(s)

2019-01-03 23:31:47 - [MESSAGE][PASSED] - Delayed 2 second(s)

2019-01-03 23:31:47 - [TEST_STEP][PASSED] - click: Object: 'Object Repository/Final Object Repo/Page_Request SSN - ASSIST/Page_Request SSN - ASSIST - RO/Save  Continue in SSN Page' is clicked on

2019-01-03 23:31:47 - [MESSAGE][PASSED] - Object: 'Object Repository/Final Object Repo/Page_Request SSN - ASSIST/Page_Request SSN - ASSIST - RO/Save  Continue in SSN Page' is clicked on

2019-01-03 23:31:47 - [TEST_STEP][PASSED] - delay: Delayed 2 second(s)

2019-01-03 23:31:49 - [MESSAGE][PASSED] - Delayed 2 second(s)

2019-01-03 23:31:49 - [TEST_STEP][PASSED] - setText: Text 'Query' is set on object 'Object Repository/Final Object Repo/Page_Request SSN - ASSIST/Page_Request SSN - ASSIST - RO/Page_Request SSN - ASSIST  (Query)/Remark'

2019-01-03 23:31:52 - [MESSAGE][PASSED] - Text 'Query' is set on object 'Object Repository/Final Object Repo/Page_Request SSN - ASSIST/Page_Request SSN - ASSIST - RO/Page_Request SSN - ASSIST  (Query)/Remark'

2019-01-03 23:31:52 - [TEST_STEP][PASSED] - delay: Delayed 2 second(s)

2019-01-03 23:31:54 - [MESSAGE][PASSED] - Delayed 2 second(s)

2019-01-03 23:31:54 - [TEST_STEP][PASSED] - click: Object: 'Object Repository/Final Object Repo/Page_Request SSN - ASSIST/Page_Request SSN - ASSIST - RO/Save  Continue in Uploading Document Page' is clicked on

2019-01-03 23:31:54 - [MESSAGE][PASSED] - Object: 'Object Repository/Final Object Repo/Page_Request SSN - ASSIST/Page_Request SSN - ASSIST - RO/Save  Continue in Uploading Document Page' is clicked on

2019-01-03 23:31:54 - [TEST_STEP][PASSED] - delay: Delayed 2 second(s)

2019-01-03 23:31:56 - [MESSAGE][PASSED] - Delayed 2 second(s)

2019-01-03 23:31:56 - [TEST_STEP][PASSED] - click: Object: 'Object Repository/Final Object Repo/Page_Request SSN - ASSIST/Page_Request SSN - ASSIST - RO/Page_Request SSN - ASSIST  (Query)/Query' is clicked on

2019-01-03 23:31:59 - [MESSAGE][PASSED] - Object: 'Object Repository/Final Object Repo/Page_Request SSN - ASSIST/Page_Request SSN - ASSIST - RO/Page_Request SSN - ASSIST  (Query)/Query' is clicked on

2019-01-03 23:31:59 - [TEST_STEP][PASSED] - delay: Delayed 2 second(s)

2019-01-03 23:32:01 - [MESSAGE][PASSED] - Delayed 2 second(s)

2019-01-03 23:32:01 - [TEST_STEP][PASSED] - click: Object: 'Object Repository/Final Object Repo/Page_Request SSN - ASSIST/Page_Request SSN - ASSIST - RO/Page_Request SSN - ASSIST  (Query)/Confirm' is clicked on

2019-01-03 23:32:09 - [MESSAGE][PASSED] - Object: 'Object Repository/Final Object Repo/Page_Request SSN - ASSIST/Page_Request SSN - ASSIST - RO/Page_Request SSN - ASSIST  (Query)/Confirm' is clicked on

2019-01-03 23:32:09 - [TEST_STEP][PASSED] - delay: Delayed 2 second(s)

2019-01-03 23:32:11 - [MESSAGE][PASSED] - Delayed 2 second(s)

2019-01-03 23:32:11 - [TEST_STEP][PASSED] - verifyElementVisible: Object 'Object Repository/Final Object Repo/Page_Request SSN - ASSIST/Page_Request SSN - ASSIST - RO/Page_Request SSN - ASSIST  (Query)/Message Case Is Under Query' is visible

2019-01-03 23:32:11 - [MESSAGE][PASSED] - Object 'Object Repository/Final Object Repo/Page_Request SSN - ASSIST/Page_Request SSN - ASSIST - RO/Page_Request SSN - ASSIST  (Query)/Message Case Is Under Query' is visible

2019-01-03 23:32:11 - [TEST_STEP][PASSED] - delay: Delayed 2 second(s)

2019-01-03 23:32:13 - [MESSAGE][PASSED] - Delayed 2 second(s)

2019-01-03 23:32:13 - [TEST_STEP][PASSED] - verifyElementVisible: Object 'Object Repository/Final Object Repo/Page_Request SSN - ASSIST/Page_Request SSN - ASSIST - RO/Page_Request SSN - ASSIST  (Query)/Letter of inquiry' is visible

2019-01-03 23:32:13 - [MESSAGE][PASSED] - Object 'Object Repository/Final Object Repo/Page_Request SSN - ASSIST/Page_Request SSN - ASSIST - RO/Page_Request SSN - ASSIST  (Query)/Letter of inquiry' is visible

2019-01-03 23:32:13 - [MESSAGE][PASSED] - Call Test Case 'Test Cases/Final Aug 2018 - PKS Automation/Registration Module/Workflow/Request SSN/Template/Request SSN - RO (Query)' successfully

2019-01-03 23:32:13 - [TEST_STEP][PASSED] - delay: Delayed 2 second(s)

2019-01-03 23:32:15 - [MESSAGE][PASSED] - Delayed 2 second(s)

2019-01-03 23:32:15 - [TEST_STEP][PASSED] - callTestCase: Call Test Case 'Test Cases/Final Aug 2018 - PKS Automation/Registration Module/Workflow/Request SSN/Template/Request SSN  RO (Approve after Query)' successfully

2019-01-03 23:32:16 - [TEST_CASE][PASSED] - Test Cases/Final Aug 2018 - PKS Automation/Registration Module/Workflow/Request SSN/Template/Request SSN  RO (Approve after Query): Test Cases/Final Aug 2018 - PKS Automation/Registration Module/Workflow/Request SSN/Template/Request SSN  RO (Approve after Query)

2019-01-03 23:32:16 - [TEST_STEP][PASSED] - openBrowser: Browser is opened with url: ''

2019-01-03 23:32:16 - [MESSAGE][WARNING] - A browser is already opened. Closing browser and opening a new one

2019-01-03 23:32:20 - [MESSAGE][PASSED] - Browser is opened with url: ''

2019-01-03 23:32:20 - [TEST_STEP][PASSED] - navigateToUrl: Navigate to 'https://assist2-uat.perkeso.gov.my/login' successfully

2019-01-03 23:32:21 - [MESSAGE][PASSED] - Navigate to 'https://assist2-uat.perkeso.gov.my/login' successfully

2019-01-03 23:32:21 - [TEST_STEP][PASSED] - setText: Text 'johorotc1@gmail.com' is set on object 'Object Repository/Final Object Repo/Login Page/Internal User/Email Address'

2019-01-03 23:32:21 - [MESSAGE][PASSED] - Text 'johorotc1@gmail.com' is set on object 'Object Repository/Final Object Repo/Login Page/Internal User/Email Address'

2019-01-03 23:32:21 - [TEST_STEP][PASSED] - click: Object: 'Object Repository/Final Object Repo/Login Page/Internal User/Next Button' is clicked on

2019-01-03 23:32:21 - [MESSAGE][PASSED] - Object: 'Object Repository/Final Object Repo/Login Page/Internal User/Next Button' is clicked on

2019-01-03 23:32:21 - [TEST_STEP][PASSED] - delay: Delayed 1 second(s)

2019-01-03 23:32:22 - [MESSAGE][PASSED] - Delayed 1 second(s)

2019-01-03 23:32:22 - [TEST_STEP][PASSED] - setEncryptedText: Text ****** has been set on object 'Object Repository/Final Object Repo/Login Page/Internal User/Password'

2019-01-03 23:32:22 - [MESSAGE][PASSED] - Text ****** has been set on object 'Object Repository/Final Object Repo/Login Page/Internal User/Password'

2019-01-03 23:32:22 - [TEST_STEP][PASSED] - click: Object: 'Object Repository/Final Object Repo/Login Page/Internal User/Login Button' is clicked on

2019-01-03 23:32:23 - [MESSAGE][PASSED] - Object: 'Object Repository/Final Object Repo/Login Page/Internal User/Login Button' is clicked on

2019-01-03 23:32:23 - [TEST_STEP][PASSED] - Statement - Try: null

2019-01-03 23:32:23 - [TEST_STEP][PASSED] - Statement - Checker = com.kms.katalon.core.webui.keyword.WebUiBuiltInKeywords.verifyElementNotPresent("Final Object Repo/Landing Page/Select to English", 3): null

2019-01-03 23:32:23 - [TEST_STEP][PASSED] - Statement - Catch (Exception e): null

2019-01-03 23:32:23 - [TEST_STEP][PASSED] - Statement - e.printStackTrace(): null

2019-01-03 23:32:23 - [TEST_STEP][PASSED] - delay: Delayed 5 second(s)

2019-01-03 23:32:28 - [MESSAGE][PASSED] - Delayed 5 second(s)

2019-01-03 23:32:28 - [TEST_STEP][PASSED] - delay: Delayed 1 second(s)

2019-01-03 23:32:29 - [MESSAGE][PASSED] - Delayed 1 second(s)

2019-01-03 23:32:29 - [TEST_STEP][PASSED] - navigateToUrl: Navigate to 'https://assist2-uat.perkeso.gov.my/web/registration/search/search-pending-case-for-add-supporting-document' successfully

2019-01-03 23:32:29 - [MESSAGE][PASSED] - Navigate to 'https://assist2-uat.perkeso.gov.my/web/registration/search/search-pending-case-for-add-supporting-document' successfully

2019-01-03 23:32:29 - [TEST_STEP][PASSED] - click: Object: 'Object Repository/Final Object Repo/Page_Search Pending Case For Add Suporting Document/Search By' is clicked on

2019-01-03 23:32:30 - [MESSAGE][PASSED] - Object: 'Object Repository/Final Object Repo/Page_Search Pending Case For Add Suporting Document/Search By' is clicked on

2019-01-03 23:32:30 - [TEST_STEP][PASSED] - click: Object: 'Object Repository/Final Object Repo/Page_Search Pending Case For Add Suporting Document/Search By - Reference ID' is clicked on

2019-01-03 23:32:30 - [MESSAGE][PASSED] - Object: 'Object Repository/Final Object Repo/Page_Search Pending Case For Add Suporting Document/Search By - Reference ID' is clicked on

2019-01-03 23:32:30 - [TEST_STEP][PASSED] - delay: Delayed 2 second(s)

2019-01-03 23:32:32 - [MESSAGE][PASSED] - Delayed 2 second(s)

2019-01-03 23:32:32 - [TEST_STEP][PASSED] - setText: Text 'SSN01201900001202' is set on object 'Object Repository/Final Object Repo/Page_Search Pending Case For Add Suporting Document/Reference ID'

2019-01-03 23:32:32 - [MESSAGE][PASSED] - Text 'SSN01201900001202' is set on object 'Object Repository/Final Object Repo/Page_Search Pending Case For Add Suporting Document/Reference ID'

2019-01-03 23:32:32 - [TEST_STEP][PASSED] - click: Object: 'Object Repository/Final Object Repo/Page_Search Pending Case For Add Suporting Document/Search' is clicked on

2019-01-03 23:32:32 - [MESSAGE][PASSED] - Object: 'Object Repository/Final Object Repo/Page_Search Pending Case For Add Suporting Document/Search' is clicked on

2019-01-03 23:32:32 - [TEST_STEP][PASSED] - delay: Delayed 2 second(s)

2019-01-03 23:32:34 - [MESSAGE][PASSED] - Delayed 2 second(s)

2019-01-03 23:32:34 - [TEST_STEP][PASSED] - click: Object: 'Object Repository/Final Object Repo/Page_Search Pending Case For Add Suporting Document/Edit' is clicked on

2019-01-03 23:32:41 - [MESSAGE][PASSED] - Object: 'Object Repository/Final Object Repo/Page_Search Pending Case For Add Suporting Document/Edit' is clicked on

2019-01-03 23:32:41 - [TEST_STEP][PASSED] - delay: Delayed 2 second(s)

2019-01-03 23:32:43 - [MESSAGE][PASSED] - Delayed 2 second(s)

2019-01-03 23:32:43 - [TEST_STEP][PASSED] - click: Object: 'Object Repository/Final Object Repo/Page_Request SSN - ASSIST/Page_Request SSN - ASSIST - RO/Page_Request SSN - ASSIST (Query -OTC -RO)/Next' is clicked on

2019-01-03 23:32:46 - [MESSAGE][PASSED] - Object: 'Object Repository/Final Object Repo/Page_Request SSN - ASSIST/Page_Request SSN - ASSIST - RO/Page_Request SSN - ASSIST (Query -OTC -RO)/Next' is clicked on

2019-01-03 23:32:46 - [TEST_STEP][PASSED] - delay: Delayed 2 second(s)

2019-01-03 23:32:48 - [MESSAGE][PASSED] - Delayed 2 second(s)

2019-01-03 23:32:48 - [TEST_STEP][PASSED] - click: Object: 'Object Repository/Final Object Repo/Page_Request SSN - ASSIST/Add Document Button' is clicked on

2019-01-03 23:32:48 - [MESSAGE][PASSED] - Object: 'Object Repository/Final Object Repo/Page_Request SSN - ASSIST/Add Document Button' is clicked on

2019-01-03 23:32:48 - [TEST_STEP][PASSED] - delay: Delayed 2 second(s)

2019-01-03 23:32:50 - [MESSAGE][PASSED] - Delayed 2 second(s)

2019-01-03 23:32:50 - [TEST_STEP][PASSED] - click: Object: 'Object Repository/Final Object Repo/Page_Request SSN - ASSIST/Document Type' is clicked on

2019-01-03 23:32:51 - [MESSAGE][PASSED] - Object: 'Object Repository/Final Object Repo/Page_Request SSN - ASSIST/Document Type' is clicked on

2019-01-03 23:32:51 - [TEST_STEP][PASSED] - click: Object: 'Object Repository/Final Object Repo/Page_Request SSN - ASSIST/Document Type - Birth Certificate' is clicked on

2019-01-03 23:32:51 - [MESSAGE][PASSED] - Object: 'Object Repository/Final Object Repo/Page_Request SSN - ASSIST/Document Type - Birth Certificate' is clicked on

2019-01-03 23:32:51 - [TEST_STEP][PASSED] - sendKeys: Keys 'C:\Users\Public\Pictures\Sample Pictures\Koala.jpg' sent to object: 'Object Repository/Final Object Repo/Page_Request SSN - ASSIST/Upload File'

2019-01-03 23:32:52 - [MESSAGE][PASSED] - Keys 'C:\Users\Public\Pictures\Sample Pictures\Koala.jpg' sent to object: 'Object Repository/Final Object Repo/Page_Request SSN - ASSIST/Upload File'

2019-01-03 23:32:52 - [TEST_STEP][PASSED] - click: Object: 'Object Repository/Final Object Repo/Page_Request SSN - ASSIST/Add Document' is clicked on

2019-01-03 23:32:52 - [MESSAGE][PASSED] - Object: 'Object Repository/Final Object Repo/Page_Request SSN - ASSIST/Add Document' is clicked on

2019-01-03 23:32:52 - [TEST_STEP][PASSED] - delay: Delayed 2 second(s)

2019-01-03 23:32:54 - [MESSAGE][PASSED] - Delayed 2 second(s)

2019-01-03 23:32:54 - [TEST_STEP][PASSED] - click: Object: 'Object Repository/Final Object Repo/Page_Request SSN - ASSIST/Page_Request SSN - ASSIST - RO/Page_Request SSN - ASSIST (Query -OTC -RO)/Exit' is clicked on

2019-01-03 23:32:57 - [MESSAGE][PASSED] - Object: 'Object Repository/Final Object Repo/Page_Request SSN - ASSIST/Page_Request SSN - ASSIST - RO/Page_Request SSN - ASSIST (Query -OTC -RO)/Exit' is clicked on

2019-01-03 23:32:57 - [TEST_STEP][PASSED] - delay: Delayed 2 second(s)

2019-01-03 23:32:59 - [MESSAGE][PASSED] - Delayed 2 second(s)

2019-01-03 23:32:59 - [TEST_STEP][PASSED] - navigateToUrl: Navigate to 'https://assist2-uat.perkeso.gov.my/c/portal/logout' successfully

2019-01-03 23:33:00 - [MESSAGE][PASSED] - Navigate to 'https://assist2-uat.perkeso.gov.my/c/portal/logout' successfully

2019-01-03 23:33:00 - [TEST_STEP][PASSED] - delay: Delayed 2 second(s)

2019-01-03 23:33:02 - [MESSAGE][PASSED] - Delayed 2 second(s)

2019-01-03 23:33:02 - [TEST_STEP][PASSED] - callTestCase: Call Test Case 'Test Cases/Final Aug 2018 - PKS Automation/Registration Module/Workflow/Login and Search Case For Workflow' successfully

2019-01-03 23:33:02 - [TEST_CASE][PASSED] - Test Cases/Final Aug 2018 - PKS Automation/Registration Module/Workflow/Login and Search Case For Workflow: Test Cases/Final Aug 2018 - PKS Automation/Registration Module/Workflow/Login and Search Case For Workflow

2019-01-03 23:33:02 - [TEST_STEP][PASSED] - navigateToUrl: Navigate to 'https://assist2-uat.perkeso.gov.my/login' successfully

2019-01-03 23:33:02 - [MESSAGE][PASSED] - Navigate to 'https://assist2-uat.perkeso.gov.my/login' successfully

2019-01-03 23:33:02 - [TEST_STEP][PASSED] - setText: Text 'johorro1@gmail.com' is set on object 'Object Repository/Final Object Repo/Login Page/Internal User/Email Address'

2019-01-03 23:33:02 - [MESSAGE][PASSED] - Text 'johorro1@gmail.com' is set on object 'Object Repository/Final Object Repo/Login Page/Internal User/Email Address'

2019-01-03 23:33:02 - [TEST_STEP][PASSED] - click: Object: 'Object Repository/Final Object Repo/Login Page/Internal User/Next Button' is clicked on

2019-01-03 23:33:03 - [MESSAGE][PASSED] - Object: 'Object Repository/Final Object Repo/Login Page/Internal User/Next Button' is clicked on

2019-01-03 23:33:03 - [TEST_STEP][PASSED] - delay: Delayed 1 second(s)

2019-01-03 23:33:04 - [MESSAGE][PASSED] - Delayed 1 second(s)

2019-01-03 23:33:04 - [TEST_STEP][PASSED] - setEncryptedText: Text ****** has been set on object 'Object Repository/Final Object Repo/Login Page/Internal User/Password'

2019-01-03 23:33:04 - [MESSAGE][PASSED] - Text ****** has been set on object 'Object Repository/Final Object Repo/Login Page/Internal User/Password'

2019-01-03 23:33:04 - [TEST_STEP][PASSED] - click: Object: 'Object Repository/Final Object Repo/Login Page/Internal User/Login Button' is clicked on

2019-01-03 23:33:04 - [MESSAGE][PASSED] - Object: 'Object Repository/Final Object Repo/Login Page/Internal User/Login Button' is clicked on

2019-01-03 23:33:04 - [TEST_STEP][PASSED] - delay: Delayed 2 second(s)

2019-01-03 23:33:06 - [MESSAGE][PASSED] - Delayed 2 second(s)

2019-01-03 23:33:06 - [TEST_STEP][PASSED] - Statement - Try: Delayed 2 second(s)

2019-01-03 23:33:06 - [TEST_STEP][PASSED] - Statement - Checker = false: null

2019-01-03 23:33:06 - [TEST_STEP][PASSED] - Statement - Checker = com.kms.katalon.core.webui.keyword.WebUiBuiltInKeywords.verifyElementHasAttribute(com.kms.katalon.core.testobject.ObjectRepository.findTestObject(Final Object Repo/Landing Page/BM Detecting), "href", 20, OPTIONAL): Object 'Object Repository/Final Object Repo/Landing Page/BM Detecting' has attribute 'href'

2019-01-03 23:33:06 - [MESSAGE][PASSED] - Object 'Object Repository/Final Object Repo/Landing Page/BM Detecting' has attribute 'href'

2019-01-03 23:33:06 - [TEST_STEP][PASSED] - Statement - out.println(Checker): null

2019-01-03 23:33:06 - [TEST_STEP][PASSED] - Statement - If (Checker == false): null

2019-01-03 23:33:06 - [TEST_STEP][PASSED] - Statement - Else: null

2019-01-03 23:33:06 - [TEST_STEP][PASSED] - delay: Delayed 2 second(s)

2019-01-03 23:33:08 - [MESSAGE][PASSED] - Delayed 2 second(s)

2019-01-03 23:33:08 - [TEST_STEP][PASSED] - click: Object: 'Object Repository/Final Object Repo/Page_MyASSIST - ASSIST - Search Pending Case For Add Supporting Document/Search Information' is clicked on

2019-01-03 23:33:08 - [MESSAGE][PASSED] - Object: 'Object Repository/Final Object Repo/Page_MyASSIST - ASSIST - Search Pending Case For Add Supporting Document/Search Information' is clicked on

2019-01-03 23:33:08 - [TEST_STEP][PASSED] - delay: Delayed 3 second(s)

2019-01-03 23:33:11 - [MESSAGE][PASSED] - Delayed 3 second(s)

2019-01-03 23:33:11 - [TEST_STEP][PASSED] - sendKeys: Keys 'SSN01201900001202' sent to object: 'Object Repository/Final Object Repo/Page_MyASSIST - ASSIST - Search Pending Case For Add Supporting Document/Reference No'

2019-01-03 23:33:11 - [MESSAGE][PASSED] - Keys 'SSN01201900001202' sent to object: 'Object Repository/Final Object Repo/Page_MyASSIST - ASSIST - Search Pending Case For Add Supporting Document/Reference No'

2019-01-03 23:33:11 - [TEST_STEP][PASSED] - click: Object: 'Object Repository/Final Object Repo/Page_MyASSIST - ASSIST - Search Pending Case For Add Supporting Document/Search Reference No' is clicked on

2019-01-03 23:33:12 - [MESSAGE][PASSED] - Object: 'Object Repository/Final Object Repo/Page_MyASSIST - ASSIST - Search Pending Case For Add Supporting Document/Search Reference No' is clicked on

2019-01-03 23:33:12 - [TEST_STEP][PASSED] - delay: Delayed 2 second(s)

2019-01-03 23:33:14 - [MESSAGE][PASSED] - Delayed 2 second(s)

2019-01-03 23:33:14 - [TEST_STEP][PASSED] - click: Object: 'Object Repository/Final Object Repo/Page_MyASSIST - ASSIST - Search Pending Case For Add Supporting Document/Continue' is clicked on

2019-01-03 23:33:21 - [MESSAGE][PASSED] - Object: 'Object Repository/Final Object Repo/Page_MyASSIST - ASSIST - Search Pending Case For Add Supporting Document/Continue' is clicked on

2019-01-03 23:33:21 - [TEST_STEP][PASSED] - delay: Delayed 20 second(s)

2019-01-03 23:33:41 - [MESSAGE][PASSED] - Delayed 20 second(s)

2019-01-03 23:33:41 - [MESSAGE][PASSED] - Call Test Case 'Test Cases/Final Aug 2018 - PKS Automation/Registration Module/Workflow/Login and Search Case For Workflow' successfully

2019-01-03 23:33:41 - [TEST_STEP][PASSED] - callTestCase: Call Test Case 'Test Cases/Final Aug 2018 - PKS Automation/Registration Module/Workflow/Request SSN/Template/Request SSN - RO (Approve)' successfully

2019-01-03 23:33:41 - [TEST_CASE][PASSED] - Test Cases/Final Aug 2018 - PKS Automation/Registration Module/Workflow/Request SSN/Template/Request SSN - RO (Approve): Test Cases/Final Aug 2018 - PKS Automation/Registration Module/Workflow/Request SSN/Template/Request SSN - RO (Approve)

2019-01-03 23:33:41 - [TEST_STEP][NOT_RUN] - openBrowser: NOT_RUN: openBrowser

2019-01-03 23:33:41 - [MESSAGE][NOT_RUN] - NOT_RUN: openBrowser

2019-01-03 23:33:41 - [TEST_STEP][NOT_RUN] - navigateToUrl: NOT_RUN: navigateToUrl

2019-01-03 23:33:41 - [MESSAGE][NOT_RUN] - NOT_RUN: navigateToUrl

2019-01-03 23:33:41 - [TEST_STEP][NOT_RUN] - setText: NOT_RUN: setText

2019-01-03 23:33:41 - [MESSAGE][NOT_RUN] - NOT_RUN: setText

2019-01-03 23:33:41 - [TEST_STEP][NOT_RUN] - click: NOT_RUN: click

2019-01-03 23:33:41 - [MESSAGE][NOT_RUN] - NOT_RUN: click

2019-01-03 23:33:41 - [TEST_STEP][NOT_RUN] - delay: NOT_RUN: delay

2019-01-03 23:33:41 - [MESSAGE][NOT_RUN] - NOT_RUN: delay

2019-01-03 23:33:41 - [TEST_STEP][NOT_RUN] - setEncryptedText: NOT_RUN: setEncryptedText

2019-01-03 23:33:41 - [MESSAGE][NOT_RUN] - NOT_RUN: setEncryptedText

2019-01-03 23:33:41 - [TEST_STEP][NOT_RUN] - click: NOT_RUN: click

2019-01-03 23:33:41 - [MESSAGE][NOT_RUN] - NOT_RUN: click

2019-01-03 23:33:41 - [TEST_STEP][NOT_RUN] - delay: NOT_RUN: delay

2019-01-03 23:33:41 - [MESSAGE][NOT_RUN] - NOT_RUN: delay

2019-01-03 23:33:41 - [TEST_STEP][NOT_RUN] - click: NOT_RUN: click

2019-01-03 23:33:41 - [MESSAGE][NOT_RUN] - NOT_RUN: click

2019-01-03 23:33:41 - [TEST_STEP][NOT_RUN] - delay: NOT_RUN: delay

2019-01-03 23:33:41 - [MESSAGE][NOT_RUN] - NOT_RUN: delay

2019-01-03 23:33:41 - [TEST_STEP][NOT_RUN] - sendKeys: NOT_RUN: sendKeys

2019-01-03 23:33:41 - [MESSAGE][NOT_RUN] - NOT_RUN: sendKeys

2019-01-03 23:33:41 - [TEST_STEP][NOT_RUN] - click: NOT_RUN: click

2019-01-03 23:33:41 - [MESSAGE][NOT_RUN] - NOT_RUN: click

2019-01-03 23:33:41 - [TEST_STEP][NOT_RUN] - delay: NOT_RUN: delay

2019-01-03 23:33:41 - [MESSAGE][NOT_RUN] - NOT_RUN: delay

2019-01-03 23:33:41 - [TEST_STEP][NOT_RUN] - click: NOT_RUN: click

2019-01-03 23:33:41 - [MESSAGE][NOT_RUN] - NOT_RUN: click

2019-01-03 23:33:41 - [TEST_STEP][PASSED] - click: Object: 'Object Repository/Final Object Repo/Page_Request SSN - ASSIST/Page_Request SSN - ASSIST - RO/Approval For SSN' is clicked on

2019-01-03 23:33:41 - [MESSAGE][PASSED] - Object: 'Object Repository/Final Object Repo/Page_Request SSN - ASSIST/Page_Request SSN - ASSIST - RO/Approval For SSN' is clicked on

2019-01-03 23:33:41 - [TEST_STEP][PASSED] - click: Object: 'Object Repository/Final Object Repo/Page_Request SSN - ASSIST/Page_Request SSN - ASSIST - RO/Approval For SSN - Approve' is clicked on

2019-01-03 23:33:42 - [MESSAGE][PASSED] - Object: 'Object Repository/Final Object Repo/Page_Request SSN - ASSIST/Page_Request SSN - ASSIST - RO/Approval For SSN - Approve' is clicked on

2019-01-03 23:33:42 - [TEST_STEP][PASSED] - delay: Delayed 2 second(s)

2019-01-03 23:33:44 - [MESSAGE][PASSED] - Delayed 2 second(s)

2019-01-03 23:33:44 - [TEST_STEP][PASSED] - click: Object: 'Object Repository/Final Object Repo/Page_Request SSN - ASSIST/Page_Request SSN - ASSIST - RO/Save  Continue in SSN Page' is clicked on

2019-01-03 23:33:44 - [MESSAGE][PASSED] - Object: 'Object Repository/Final Object Repo/Page_Request SSN - ASSIST/Page_Request SSN - ASSIST - RO/Save  Continue in SSN Page' is clicked on

2019-01-03 23:33:44 - [TEST_STEP][PASSED] - delay: Delayed 2 second(s)

2019-01-03 23:33:46 - [MESSAGE][PASSED] - Delayed 2 second(s)

2019-01-03 23:33:46 - [TEST_STEP][PASSED] - click: Object: 'Object Repository/Final Object Repo/Page_Request SSN - ASSIST/Page_Request SSN - ASSIST - RO/Save  Continue in Uploading Document Page' is clicked on

2019-01-03 23:33:48 - [MESSAGE][PASSED] - Object: 'Object Repository/Final Object Repo/Page_Request SSN - ASSIST/Page_Request SSN - ASSIST - RO/Save  Continue in Uploading Document Page' is clicked on

2019-01-03 23:33:48 - [TEST_STEP][PASSED] - delay: Delayed 2 second(s)

2019-01-03 23:33:50 - [MESSAGE][PASSED] - Delayed 2 second(s)

2019-01-03 23:33:50 - [TEST_STEP][PASSED] - click: Object: 'Object Repository/Final Object Repo/Page_Request SSN - ASSIST/Page_Request SSN - ASSIST - RO/Submit' is clicked on

2019-01-03 23:33:53 - [MESSAGE][PASSED] - Object: 'Object Repository/Final Object Repo/Page_Request SSN - ASSIST/Page_Request SSN - ASSIST - RO/Submit' is clicked on

2019-01-03 23:33:53 - [TEST_STEP][PASSED] - delay: Delayed 2 second(s)

2019-01-03 23:33:55 - [MESSAGE][PASSED] - Delayed 2 second(s)

2019-01-03 23:33:55 - [TEST_STEP][PASSED] - click: Object: 'Object Repository/Final Object Repo/Page_Request SSN - ASSIST/Page_Request SSN - ASSIST - RO/Confirm' is clicked on

2019-01-03 23:33:55 - [MESSAGE][PASSED] - Object: 'Object Repository/Final Object Repo/Page_Request SSN - ASSIST/Page_Request SSN - ASSIST - RO/Confirm' is clicked on

2019-01-03 23:33:55 - [TEST_STEP][PASSED] - delay: Delayed 2 second(s)

2019-01-03 23:33:57 - [MESSAGE][PASSED] - Delayed 2 second(s)

2019-01-03 23:33:57 - [TEST_STEP][PASSED] - verifyElementVisible: Object 'Object Repository/Final Object Repo/Page_Request SSN - ASSIST/Page_Request SSN - ASSIST - RO/Successfull Message Your application has submitted' is visible

2019-01-03 23:34:04 - [MESSAGE][PASSED] - Object 'Object Repository/Final Object Repo/Page_Request SSN - ASSIST/Page_Request SSN - ASSIST - RO/Successfull Message Your application has submitted' is visible

2019-01-03 23:34:04 - [TEST_STEP][PASSED] - delay: Delayed 2 second(s)

2019-01-03 23:34:06 - [MESSAGE][PASSED] - Delayed 2 second(s)

2019-01-03 23:34:06 - [TEST_STEP][PASSED] - verifyElementVisible: Object 'Object Repository/Final Object Repo/Page_Request SSN - ASSIST/Page_Request SSN - ASSIST - RO/Letter of approval' is visible

2019-01-03 23:34:06 - [MESSAGE][PASSED] - Object 'Object Repository/Final Object Repo/Page_Request SSN - ASSIST/Page_Request SSN - ASSIST - RO/Letter of approval' is visible

2019-01-03 23:34:06 - [MESSAGE][PASSED] - Call Test Case 'Test Cases/Final Aug 2018 - PKS Automation/Registration Module/Workflow/Request SSN/Template/Request SSN - RO (Approve)' successfully

2019-01-03 23:34:06 - [MESSAGE][PASSED] - Call Test Case 'Test Cases/Final Aug 2018 - PKS Automation/Registration Module/Workflow/Request SSN/Template/Request SSN  RO (Approve after Query)' successfully

2019-01-03 23:34:06 - [MESSAGE][PASSED] - Call Test Case 'Test Cases/Final Aug 2018 - PKS Automation/Registration Module/Workflow/Request SSN/Template/Request SSN RIO - RO (Query)' successfully]]></system-out>
         <system-err><![CDATA[]]></system-err>
      </testcase>
      <testcase name="Test Cases/Final Aug 2018 - PKS Automation/Registration Module/Workflow/Request SSN/OTC - RIO - RO (Under enforcement)" classname="Test Cases/Final Aug 2018 - PKS Automation/Registration Module/Workflow/Request SSN/OTC - RIO - RO (Under enforcement)" status="PASSED">
         <system-out><![CDATA[2019-01-03 23:34:06 - [TEST_CASE][PASSED] - Test Cases/Final Aug 2018 - PKS Automation/Registration Module/Workflow/Request SSN/OTC - RIO - RO (Under enforcement): Test Cases/Final Aug 2018 - PKS Automation/Registration Module/Workflow/Request SSN/OTC - RIO - RO (Under enforcement)

2019-01-03 23:34:06 - [TEST_STEP][PASSED] - callTestCase: Call Test Case 'Test Cases/Final Aug 2018 - PKS Automation/Registration Module/Workflow/Request SSN/Template/Request SSN - OTC' successfully

2019-01-03 23:34:06 - [TEST_CASE][PASSED] - Test Cases/Final Aug 2018 - PKS Automation/Registration Module/Workflow/Request SSN/Template/Request SSN - OTC: Test Cases/Final Aug 2018 - PKS Automation/Registration Module/Workflow/Request SSN/Template/Request SSN - OTC

2019-01-03 23:34:06 - [TEST_STEP][PASSED] - openBrowser: Browser is opened with url: ''

2019-01-03 23:34:06 - [MESSAGE][WARNING] - A browser is already opened. Closing browser and opening a new one

2019-01-03 23:34:10 - [MESSAGE][PASSED] - Browser is opened with url: ''

2019-01-03 23:34:10 - [TEST_STEP][PASSED] - navigateToUrl: Navigate to 'https://assist2-uat.perkeso.gov.my/login' successfully

2019-01-03 23:34:11 - [MESSAGE][PASSED] - Navigate to 'https://assist2-uat.perkeso.gov.my/login' successfully

2019-01-03 23:34:11 - [TEST_STEP][PASSED] - setText: Text 'johorotc1@gmail.com' is set on object 'Object Repository/Final Object Repo/Login Page/Internal User/Email Address'

2019-01-03 23:34:11 - [MESSAGE][PASSED] - Text 'johorotc1@gmail.com' is set on object 'Object Repository/Final Object Repo/Login Page/Internal User/Email Address'

2019-01-03 23:34:11 - [TEST_STEP][PASSED] - click: Object: 'Object Repository/Final Object Repo/Login Page/Internal User/Next Button' is clicked on

2019-01-03 23:34:11 - [MESSAGE][PASSED] - Object: 'Object Repository/Final Object Repo/Login Page/Internal User/Next Button' is clicked on

2019-01-03 23:34:11 - [TEST_STEP][PASSED] - delay: Delayed 1 second(s)

2019-01-03 23:34:12 - [MESSAGE][PASSED] - Delayed 1 second(s)

2019-01-03 23:34:12 - [TEST_STEP][PASSED] - setEncryptedText: Text ****** has been set on object 'Object Repository/Final Object Repo/Login Page/Internal User/Password'

2019-01-03 23:34:13 - [MESSAGE][PASSED] - Text ****** has been set on object 'Object Repository/Final Object Repo/Login Page/Internal User/Password'

2019-01-03 23:34:13 - [TEST_STEP][PASSED] - click: Object: 'Object Repository/Final Object Repo/Login Page/Internal User/Login Button' is clicked on

2019-01-03 23:34:13 - [MESSAGE][PASSED] - Object: 'Object Repository/Final Object Repo/Login Page/Internal User/Login Button' is clicked on

2019-01-03 23:34:13 - [TEST_STEP][PASSED] - Statement - Try: null

2019-01-03 23:34:13 - [TEST_STEP][PASSED] - Statement - Checker = com.kms.katalon.core.webui.keyword.WebUiBuiltInKeywords.verifyElementNotPresent("Final Object Repo/Landing Page/Select to English", 3): null

2019-01-03 23:34:13 - [TEST_STEP][PASSED] - Statement - Catch (Exception e): null

2019-01-03 23:34:13 - [TEST_STEP][PASSED] - Statement - e.printStackTrace(): null

2019-01-03 23:34:13 - [TEST_STEP][PASSED] - delay: Delayed 5 second(s)

2019-01-03 23:34:18 - [MESSAGE][PASSED] - Delayed 5 second(s)

2019-01-03 23:34:18 - [TEST_STEP][PASSED] - delay: Delayed 1 second(s)

2019-01-03 23:34:19 - [MESSAGE][PASSED] - Delayed 1 second(s)

2019-01-03 23:34:19 - [TEST_STEP][PASSED] - navigateToUrl: Navigate to 'https://assist2-uat.perkeso.gov.my/web/registration/request-ssn' successfully

2019-01-03 23:34:24 - [MESSAGE][PASSED] - Navigate to 'https://assist2-uat.perkeso.gov.my/web/registration/request-ssn' successfully

2019-01-03 23:34:24 - [TEST_STEP][PASSED] - setText: Text 'perkeso' is set on object 'Object Repository/Final Object Repo/Page_Request SSN - ASSIST/AI - Name'

2019-01-03 23:34:24 - [MESSAGE][PASSED] - Text 'perkeso' is set on object 'Object Repository/Final Object Repo/Page_Request SSN - ASSIST/AI - Name'

2019-01-03 23:34:24 - [TEST_STEP][PASSED] - click: Object: 'Object Repository/Final Object Repo/Page_Request SSN - ASSIST/AI - DOB' is clicked on

2019-01-03 23:34:25 - [MESSAGE][PASSED] - Object: 'Object Repository/Final Object Repo/Page_Request SSN - ASSIST/AI - DOB' is clicked on

2019-01-03 23:34:25 - [TEST_STEP][PASSED] - selectOptionByValue: All options with value '1995' are selected in object 'Object Repository/Final Object Repo/Page_Request SSN - ASSIST/AI - DOB - Year' 

2019-01-03 23:34:25 - [MESSAGE][PASSED] - All options with value '1995' are selected in object 'Object Repository/Final Object Repo/Page_Request SSN - ASSIST/AI - DOB - Year' 

2019-01-03 23:34:25 - [TEST_STEP][PASSED] - delay: Delayed 3 second(s)

2019-01-03 23:34:28 - [MESSAGE][PASSED] - Delayed 3 second(s)

2019-01-03 23:34:28 - [TEST_STEP][PASSED] - doubleClick: Object: 'Object Repository/Final Object Repo/Page_Request SSN - ASSIST/AI - DOB - Year - Date' is double clicked on

2019-01-03 23:34:28 - [MESSAGE][PASSED] - Object: 'Object Repository/Final Object Repo/Page_Request SSN - ASSIST/AI - DOB - Year - Date' is double clicked on

2019-01-03 23:34:28 - [TEST_STEP][PASSED] - click: Object: 'Object Repository/Final Object Repo/Page_Request SSN - ASSIST/AI - Male' is clicked on

2019-01-03 23:34:28 - [MESSAGE][PASSED] - Object: 'Object Repository/Final Object Repo/Page_Request SSN - ASSIST/AI - Male' is clicked on

2019-01-03 23:34:28 - [TEST_STEP][PASSED] - click: Object: 'Object Repository/Final Object Repo/Page_Request SSN - ASSIST/AI- Race' is clicked on

2019-01-03 23:34:28 - [MESSAGE][PASSED] - Object: 'Object Repository/Final Object Repo/Page_Request SSN - ASSIST/AI- Race' is clicked on

2019-01-03 23:34:28 - [TEST_STEP][PASSED] - click: Object: 'Object Repository/Final Object Repo/Page_Request SSN - ASSIST/AI - Race - Melayu' is clicked on

2019-01-03 23:34:29 - [MESSAGE][PASSED] - Object: 'Object Repository/Final Object Repo/Page_Request SSN - ASSIST/AI - Race - Melayu' is clicked on

2019-01-03 23:34:29 - [TEST_STEP][PASSED] - click: Object: 'Object Repository/Final Object Repo/Page_Request SSN - ASSIST/AI - Religion' is clicked on

2019-01-03 23:34:29 - [MESSAGE][PASSED] - Object: 'Object Repository/Final Object Repo/Page_Request SSN - ASSIST/AI - Religion' is clicked on

2019-01-03 23:34:29 - [TEST_STEP][PASSED] - click: Object: 'Object Repository/Final Object Repo/Page_Request SSN - ASSIST/AI - Religion - Islam' is clicked on

2019-01-03 23:34:29 - [MESSAGE][PASSED] - Object: 'Object Repository/Final Object Repo/Page_Request SSN - ASSIST/AI - Religion - Islam' is clicked on

2019-01-03 23:34:29 - [TEST_STEP][PASSED] - setText: Text '12345' is set on object 'Object Repository/Final Object Repo/Page_Request SSN - ASSIST/AI - Birth Certificate'

2019-01-03 23:34:30 - [MESSAGE][PASSED] - Text '12345' is set on object 'Object Repository/Final Object Repo/Page_Request SSN - ASSIST/AI - Birth Certificate'

2019-01-03 23:34:30 - [TEST_STEP][PASSED] - click: Object: 'Object Repository/Final Object Repo/Page_Request SSN - ASSIST/AI - Nationality' is clicked on

2019-01-03 23:34:30 - [MESSAGE][PASSED] - Object: 'Object Repository/Final Object Repo/Page_Request SSN - ASSIST/AI - Nationality' is clicked on

2019-01-03 23:34:30 - [TEST_STEP][PASSED] - click: Object: 'Object Repository/Final Object Repo/Page_Request SSN - ASSIST/AI - Nationality - Afghanistan' is clicked on

2019-01-03 23:34:30 - [MESSAGE][PASSED] - Object: 'Object Repository/Final Object Repo/Page_Request SSN - ASSIST/AI - Nationality - Afghanistan' is clicked on

2019-01-03 23:34:30 - [TEST_STEP][PASSED] - setText: Text 'PERKESO ADDRESS1' is set on object 'Object Repository/Final Object Repo/Page_Request SSN - ASSIST/AI - Address1'

2019-01-03 23:34:31 - [MESSAGE][PASSED] - Text 'PERKESO ADDRESS1' is set on object 'Object Repository/Final Object Repo/Page_Request SSN - ASSIST/AI - Address1'

2019-01-03 23:34:31 - [TEST_STEP][PASSED] - setText: Text 'PERKESO ADDRESS2' is set on object 'Object Repository/Final Object Repo/Page_Request SSN - ASSIST/AI - Address2'

2019-01-03 23:34:33 - [MESSAGE][PASSED] - Text 'PERKESO ADDRESS2' is set on object 'Object Repository/Final Object Repo/Page_Request SSN - ASSIST/AI - Address2'

2019-01-03 23:34:33 - [TEST_STEP][PASSED] - setText: Text 'PERKESO ADDRESS3' is set on object 'Object Repository/Final Object Repo/Page_Request SSN - ASSIST/AI - Address3'

2019-01-03 23:34:34 - [MESSAGE][PASSED] - Text 'PERKESO ADDRESS3' is set on object 'Object Repository/Final Object Repo/Page_Request SSN - ASSIST/AI - Address3'

2019-01-03 23:34:34 - [TEST_STEP][PASSED] - click: Object: 'Object Repository/Final Object Repo/Page_Request SSN - ASSIST/AI - State' is clicked on

2019-01-03 23:34:34 - [MESSAGE][PASSED] - Object: 'Object Repository/Final Object Repo/Page_Request SSN - ASSIST/AI - State' is clicked on

2019-01-03 23:34:34 - [TEST_STEP][PASSED] - click: Object: 'Object Repository/Final Object Repo/Page_Request SSN - ASSIST/AI - Current Employer State - Johor' is clicked on

2019-01-03 23:34:35 - [MESSAGE][PASSED] - Object: 'Object Repository/Final Object Repo/Page_Request SSN - ASSIST/AI - Current Employer State - Johor' is clicked on

2019-01-03 23:34:35 - [TEST_STEP][PASSED] - click: Object: 'Object Repository/Final Object Repo/Page_Request SSN - ASSIST/AI - City' is clicked on

2019-01-03 23:34:35 - [MESSAGE][PASSED] - Object: 'Object Repository/Final Object Repo/Page_Request SSN - ASSIST/AI - City' is clicked on

2019-01-03 23:34:35 - [TEST_STEP][PASSED] - setText: Text 'JOH' is set on object 'Object Repository/Final Object Repo/Page_Request SSN - ASSIST/AI - City - JOH'

2019-01-03 23:34:35 - [MESSAGE][PASSED] - Text 'JOH' is set on object 'Object Repository/Final Object Repo/Page_Request SSN - ASSIST/AI - City - JOH'

2019-01-03 23:34:35 - [TEST_STEP][PASSED] - delay: Delayed 3 second(s)

2019-01-03 23:34:38 - [MESSAGE][PASSED] - Delayed 3 second(s)

2019-01-03 23:34:38 - [TEST_STEP][PASSED] - click: Object: 'Object Repository/Final Object Repo/Page_Request SSN - ASSIST/AI - City - Johor Bharu' is clicked on

2019-01-03 23:34:38 - [MESSAGE][PASSED] - Object: 'Object Repository/Final Object Repo/Page_Request SSN - ASSIST/AI - City - Johor Bharu' is clicked on

2019-01-03 23:34:38 - [TEST_STEP][PASSED] - click: Object: 'Object Repository/Final Object Repo/Page_Request SSN - ASSIST/AI - Post Code' is clicked on

2019-01-03 23:34:39 - [MESSAGE][PASSED] - Object: 'Object Repository/Final Object Repo/Page_Request SSN - ASSIST/AI - Post Code' is clicked on

2019-01-03 23:34:39 - [TEST_STEP][PASSED] - setText: Text '810' is set on object 'Object Repository/Final Object Repo/Page_Request SSN - ASSIST/AI - City - JOH'

2019-01-03 23:34:39 - [MESSAGE][PASSED] - Text '810' is set on object 'Object Repository/Final Object Repo/Page_Request SSN - ASSIST/AI - City - JOH'

2019-01-03 23:34:39 - [TEST_STEP][PASSED] - delay: Delayed 3 second(s)

2019-01-03 23:34:42 - [MESSAGE][PASSED] - Delayed 3 second(s)

2019-01-03 23:34:42 - [TEST_STEP][PASSED] - click: Object: 'Object Repository/Final Object Repo/Page_Request SSN - ASSIST/AI - PostCode - 81000' is clicked on

2019-01-03 23:34:43 - [MESSAGE][PASSED] - Object: 'Object Repository/Final Object Repo/Page_Request SSN - ASSIST/AI - PostCode - 81000' is clicked on

2019-01-03 23:34:43 - [TEST_STEP][PASSED] - setText: Text '100' is set on object 'Object Repository/Final Object Repo/Page_Request SSN - ASSIST/P.O.BOX'

2019-01-03 23:34:43 - [MESSAGE][PASSED] - Text '100' is set on object 'Object Repository/Final Object Repo/Page_Request SSN - ASSIST/P.O.BOX'

2019-01-03 23:34:43 - [TEST_STEP][PASSED] - setText: Text '100' is set on object 'Object Repository/Final Object Repo/Page_Request SSN - ASSIST/Locked Bag No'

2019-01-03 23:34:44 - [MESSAGE][PASSED] - Text '100' is set on object 'Object Repository/Final Object Repo/Page_Request SSN - ASSIST/Locked Bag No'

2019-01-03 23:34:44 - [TEST_STEP][PASSED] - delay: Delayed 2 second(s)

2019-01-03 23:34:46 - [MESSAGE][PASSED] - Delayed 2 second(s)

2019-01-03 23:34:46 - [TEST_STEP][PASSED] - setText: Text '123456789' is set on object 'Object Repository/Final Object Repo/Page_Request SSN - ASSIST/AI - Telephone No'

2019-01-03 23:34:46 - [MESSAGE][PASSED] - Text '123456789' is set on object 'Object Repository/Final Object Repo/Page_Request SSN - ASSIST/AI - Telephone No'

2019-01-03 23:34:46 - [TEST_STEP][PASSED] - click: Object: 'Object Repository/Final Object Repo/Page_Request SSN - ASSIST/AI - Occupation' is clicked on

2019-01-03 23:34:46 - [MESSAGE][PASSED] - Object: 'Object Repository/Final Object Repo/Page_Request SSN - ASSIST/AI - Occupation' is clicked on

2019-01-03 23:34:46 - [TEST_STEP][PASSED] - click: Object: 'Object Repository/Final Object Repo/Page_Request SSN - ASSIST/AI - Occupation - NUMERICAL AND MATERIAL R' is clicked on

2019-01-03 23:34:47 - [MESSAGE][PASSED] - Object: 'Object Repository/Final Object Repo/Page_Request SSN - ASSIST/AI - Occupation - NUMERICAL AND MATERIAL R' is clicked on

2019-01-03 23:34:47 - [TEST_STEP][PASSED] - delay: Delayed 2 second(s)

2019-01-03 23:34:49 - [MESSAGE][PASSED] - Delayed 2 second(s)

2019-01-03 23:34:49 - [TEST_STEP][PASSED] - click: Object: 'Object Repository/Final Object Repo/Page_Request SSN - ASSIST/AI - Sub Occupation' is clicked on

2019-01-03 23:34:49 - [MESSAGE][PASSED] - Object: 'Object Repository/Final Object Repo/Page_Request SSN - ASSIST/AI - Sub Occupation' is clicked on

2019-01-03 23:34:49 - [TEST_STEP][PASSED] - click: Object: 'Object Repository/Final Object Repo/Page_Request SSN - ASSIST/AI - Sub Occupation - Stock Clerks' is clicked on

2019-01-03 23:34:49 - [MESSAGE][PASSED] - Object: 'Object Repository/Final Object Repo/Page_Request SSN - ASSIST/AI - Sub Occupation - Stock Clerks' is clicked on

2019-01-03 23:34:49 - [TEST_STEP][PASSED] - delay: Delayed 2 second(s)

2019-01-03 23:34:51 - [MESSAGE][PASSED] - Delayed 2 second(s)

2019-01-03 23:34:51 - [TEST_STEP][PASSED] - click: Object: 'Object Repository/Final Object Repo/Page_Request SSN - ASSIST/AI - Sub Occupation List' is clicked on

2019-01-03 23:34:52 - [MESSAGE][PASSED] - Object: 'Object Repository/Final Object Repo/Page_Request SSN - ASSIST/AI - Sub Occupation List' is clicked on

2019-01-03 23:34:52 - [TEST_STEP][PASSED] - click: Object: 'Object Repository/Final Object Repo/Page_Request SSN - ASSIST/AI - Sub Occupation List - Clerk raw material' is clicked on

2019-01-03 23:34:52 - [MESSAGE][PASSED] - Object: 'Object Repository/Final Object Repo/Page_Request SSN - ASSIST/AI - Sub Occupation List - Clerk raw material' is clicked on

2019-01-03 23:34:52 - [TEST_STEP][PASSED] - click: Object: 'Object Repository/Final Object Repo/Page_Request SSN - ASSIST/AI - Employment Start Date' is clicked on

2019-01-03 23:34:52 - [MESSAGE][PASSED] - Object: 'Object Repository/Final Object Repo/Page_Request SSN - ASSIST/AI - Employment Start Date' is clicked on

2019-01-03 23:34:52 - [TEST_STEP][PASSED] - click: Object: 'Object Repository/Final Object Repo/Page_Request SSN - ASSIST/AI - DOB - Year - Date' is clicked on

2019-01-03 23:34:52 - [MESSAGE][PASSED] - Object: 'Object Repository/Final Object Repo/Page_Request SSN - ASSIST/AI - DOB - Year - Date' is clicked on

2019-01-03 23:34:52 - [TEST_STEP][PASSED] - setText: Text 'perkeso' is set on object 'Object Repository/Final Object Repo/Page_Request SSN - ASSIST/AI - Current Employer Name'

2019-01-03 23:34:53 - [MESSAGE][PASSED] - Text 'perkeso' is set on object 'Object Repository/Final Object Repo/Page_Request SSN - ASSIST/AI - Current Employer Name'

2019-01-03 23:34:53 - [TEST_STEP][PASSED] - setText: Text 'perkeso1' is set on object 'Object Repository/Final Object Repo/Page_Request SSN - ASSIST/AI - Current Employer Address1'

2019-01-03 23:34:54 - [MESSAGE][PASSED] - Text 'perkeso1' is set on object 'Object Repository/Final Object Repo/Page_Request SSN - ASSIST/AI - Current Employer Address1'

2019-01-03 23:34:54 - [TEST_STEP][PASSED] - setText: Text 'perkeso2' is set on object 'Object Repository/Final Object Repo/Page_Request SSN - ASSIST/AI - Current Employer Address2'

2019-01-03 23:34:54 - [MESSAGE][PASSED] - Text 'perkeso2' is set on object 'Object Repository/Final Object Repo/Page_Request SSN - ASSIST/AI - Current Employer Address2'

2019-01-03 23:34:54 - [TEST_STEP][PASSED] - setText: Text 'perkeso3' is set on object 'Object Repository/Final Object Repo/Page_Request SSN - ASSIST/AI - Current Employer Address3'

2019-01-03 23:34:55 - [MESSAGE][PASSED] - Text 'perkeso3' is set on object 'Object Repository/Final Object Repo/Page_Request SSN - ASSIST/AI - Current Employer Address3'

2019-01-03 23:34:55 - [TEST_STEP][PASSED] - click: Object: 'Object Repository/Final Object Repo/Page_Request SSN - ASSIST/AI - Current Employer State' is clicked on

2019-01-03 23:34:55 - [MESSAGE][PASSED] - Object: 'Object Repository/Final Object Repo/Page_Request SSN - ASSIST/AI - Current Employer State' is clicked on

2019-01-03 23:34:55 - [TEST_STEP][PASSED] - click: Object: 'Object Repository/Final Object Repo/Page_Request SSN - ASSIST/AI - Current Employer State - Johor 1' is clicked on

2019-01-03 23:34:56 - [MESSAGE][PASSED] - Object: 'Object Repository/Final Object Repo/Page_Request SSN - ASSIST/AI - Current Employer State - Johor 1' is clicked on

2019-01-03 23:34:56 - [TEST_STEP][PASSED] - click: Object: 'Object Repository/Final Object Repo/Page_Request SSN - ASSIST/AI - Current Employer City' is clicked on

2019-01-03 23:34:56 - [MESSAGE][PASSED] - Object: 'Object Repository/Final Object Repo/Page_Request SSN - ASSIST/AI - Current Employer City' is clicked on

2019-01-03 23:34:56 - [TEST_STEP][PASSED] - setText: Text 'joh' is set on object 'Object Repository/Final Object Repo/Page_Request SSN - ASSIST/AI - City - JOH'

2019-01-03 23:34:56 - [MESSAGE][PASSED] - Text 'joh' is set on object 'Object Repository/Final Object Repo/Page_Request SSN - ASSIST/AI - City - JOH'

2019-01-03 23:34:56 - [TEST_STEP][PASSED] - delay: Delayed 2 second(s)

2019-01-03 23:34:58 - [MESSAGE][PASSED] - Delayed 2 second(s)

2019-01-03 23:34:58 - [TEST_STEP][PASSED] - click: Object: 'Object Repository/Final Object Repo/Page_Request SSN - ASSIST/AI - City - Johor Bharu' is clicked on

2019-01-03 23:34:59 - [MESSAGE][PASSED] - Object: 'Object Repository/Final Object Repo/Page_Request SSN - ASSIST/AI - City - Johor Bharu' is clicked on

2019-01-03 23:34:59 - [TEST_STEP][PASSED] - click: Object: 'Object Repository/Final Object Repo/Page_Request SSN - ASSIST/AI - Current Employer Postcode' is clicked on

2019-01-03 23:34:59 - [MESSAGE][PASSED] - Object: 'Object Repository/Final Object Repo/Page_Request SSN - ASSIST/AI - Current Employer Postcode' is clicked on

2019-01-03 23:34:59 - [TEST_STEP][PASSED] - setText: Text '810' is set on object 'Object Repository/Final Object Repo/Page_Request SSN - ASSIST/AI - City - JOH'

2019-01-03 23:34:59 - [MESSAGE][PASSED] - Text '810' is set on object 'Object Repository/Final Object Repo/Page_Request SSN - ASSIST/AI - City - JOH'

2019-01-03 23:34:59 - [TEST_STEP][PASSED] - delay: Delayed 2 second(s)

2019-01-03 23:35:01 - [MESSAGE][PASSED] - Delayed 2 second(s)

2019-01-03 23:35:01 - [TEST_STEP][PASSED] - click: Object: 'Object Repository/Final Object Repo/Page_Request SSN - ASSIST/AI - PostCode - 81000' is clicked on

2019-01-03 23:35:02 - [MESSAGE][PASSED] - Object: 'Object Repository/Final Object Repo/Page_Request SSN - ASSIST/AI - PostCode - 81000' is clicked on

2019-01-03 23:35:02 - [TEST_STEP][NOT_RUN] - setText: NOT_RUN: setText

2019-01-03 23:35:02 - [MESSAGE][NOT_RUN] - NOT_RUN: setText

2019-01-03 23:35:02 - [TEST_STEP][NOT_RUN] - setText: NOT_RUN: setText

2019-01-03 23:35:02 - [MESSAGE][NOT_RUN] - NOT_RUN: setText

2019-01-03 23:35:02 - [TEST_STEP][NOT_RUN] - click: NOT_RUN: click

2019-01-03 23:35:02 - [MESSAGE][NOT_RUN] - NOT_RUN: click

2019-01-03 23:35:02 - [TEST_STEP][NOT_RUN] - click: NOT_RUN: click

2019-01-03 23:35:02 - [MESSAGE][NOT_RUN] - NOT_RUN: click

2019-01-03 23:35:02 - [TEST_STEP][NOT_RUN] - setText: NOT_RUN: setText

2019-01-03 23:35:02 - [MESSAGE][NOT_RUN] - NOT_RUN: setText

2019-01-03 23:35:02 - [TEST_STEP][NOT_RUN] - click: NOT_RUN: click

2019-01-03 23:35:02 - [MESSAGE][NOT_RUN] - NOT_RUN: click

2019-01-03 23:35:02 - [TEST_STEP][NOT_RUN] - click: NOT_RUN: click

2019-01-03 23:35:02 - [MESSAGE][NOT_RUN] - NOT_RUN: click

2019-01-03 23:35:02 - [TEST_STEP][NOT_RUN] - click: NOT_RUN: click

2019-01-03 23:35:02 - [MESSAGE][NOT_RUN] - NOT_RUN: click

2019-01-03 23:35:02 - [TEST_STEP][NOT_RUN] - click: NOT_RUN: click

2019-01-03 23:35:02 - [MESSAGE][NOT_RUN] - NOT_RUN: click

2019-01-03 23:35:02 - [TEST_STEP][NOT_RUN] - click: NOT_RUN: click

2019-01-03 23:35:02 - [MESSAGE][NOT_RUN] - NOT_RUN: click

2019-01-03 23:35:02 - [TEST_STEP][NOT_RUN] - click: NOT_RUN: click

2019-01-03 23:35:02 - [MESSAGE][NOT_RUN] - NOT_RUN: click

2019-01-03 23:35:02 - [TEST_STEP][NOT_RUN] - setText: NOT_RUN: setText

2019-01-03 23:35:02 - [MESSAGE][NOT_RUN] - NOT_RUN: setText

2019-01-03 23:35:02 - [TEST_STEP][NOT_RUN] - setText: NOT_RUN: setText

2019-01-03 23:35:02 - [MESSAGE][NOT_RUN] - NOT_RUN: setText

2019-01-03 23:35:02 - [TEST_STEP][NOT_RUN] - setText: NOT_RUN: setText

2019-01-03 23:35:02 - [MESSAGE][NOT_RUN] - NOT_RUN: setText

2019-01-03 23:35:02 - [TEST_STEP][NOT_RUN] - click: NOT_RUN: click

2019-01-03 23:35:02 - [MESSAGE][NOT_RUN] - NOT_RUN: click

2019-01-03 23:35:02 - [TEST_STEP][NOT_RUN] - click: NOT_RUN: click

2019-01-03 23:35:02 - [MESSAGE][NOT_RUN] - NOT_RUN: click

2019-01-03 23:35:02 - [TEST_STEP][NOT_RUN] - click: NOT_RUN: click

2019-01-03 23:35:02 - [MESSAGE][NOT_RUN] - NOT_RUN: click

2019-01-03 23:35:02 - [TEST_STEP][NOT_RUN] - setText: NOT_RUN: setText

2019-01-03 23:35:02 - [MESSAGE][NOT_RUN] - NOT_RUN: setText

2019-01-03 23:35:02 - [TEST_STEP][NOT_RUN] - delay: NOT_RUN: delay

2019-01-03 23:35:02 - [MESSAGE][NOT_RUN] - NOT_RUN: delay

2019-01-03 23:35:02 - [TEST_STEP][NOT_RUN] - click: NOT_RUN: click

2019-01-03 23:35:02 - [MESSAGE][NOT_RUN] - NOT_RUN: click

2019-01-03 23:35:02 - [TEST_STEP][NOT_RUN] - click: NOT_RUN: click

2019-01-03 23:35:02 - [MESSAGE][NOT_RUN] - NOT_RUN: click

2019-01-03 23:35:02 - [TEST_STEP][NOT_RUN] - click: NOT_RUN: click

2019-01-03 23:35:02 - [MESSAGE][NOT_RUN] - NOT_RUN: click

2019-01-03 23:35:02 - [TEST_STEP][NOT_RUN] - setText: NOT_RUN: setText

2019-01-03 23:35:02 - [MESSAGE][NOT_RUN] - NOT_RUN: setText

2019-01-03 23:35:02 - [TEST_STEP][NOT_RUN] - delay: NOT_RUN: delay

2019-01-03 23:35:02 - [MESSAGE][NOT_RUN] - NOT_RUN: delay

2019-01-03 23:35:02 - [TEST_STEP][NOT_RUN] - click: NOT_RUN: click

2019-01-03 23:35:02 - [MESSAGE][NOT_RUN] - NOT_RUN: click

2019-01-03 23:35:02 - [TEST_STEP][NOT_RUN] - delay: NOT_RUN: delay

2019-01-03 23:35:02 - [MESSAGE][NOT_RUN] - NOT_RUN: delay

2019-01-03 23:35:02 - [TEST_STEP][NOT_RUN] - setText: NOT_RUN: setText

2019-01-03 23:35:02 - [MESSAGE][NOT_RUN] - NOT_RUN: setText

2019-01-03 23:35:02 - [TEST_STEP][NOT_RUN] - setText: NOT_RUN: setText

2019-01-03 23:35:02 - [MESSAGE][NOT_RUN] - NOT_RUN: setText

2019-01-03 23:35:02 - [TEST_STEP][NOT_RUN] - setText: NOT_RUN: setText

2019-01-03 23:35:02 - [MESSAGE][NOT_RUN] - NOT_RUN: setText

2019-01-03 23:35:02 - [TEST_STEP][NOT_RUN] - click: NOT_RUN: click

2019-01-03 23:35:02 - [MESSAGE][NOT_RUN] - NOT_RUN: click

2019-01-03 23:35:02 - [TEST_STEP][NOT_RUN] - click: NOT_RUN: click

2019-01-03 23:35:02 - [MESSAGE][NOT_RUN] - NOT_RUN: click

2019-01-03 23:35:02 - [TEST_STEP][NOT_RUN] - setText: NOT_RUN: setText

2019-01-03 23:35:02 - [MESSAGE][NOT_RUN] - NOT_RUN: setText

2019-01-03 23:35:02 - [TEST_STEP][NOT_RUN] - click: NOT_RUN: click

2019-01-03 23:35:02 - [MESSAGE][NOT_RUN] - NOT_RUN: click

2019-01-03 23:35:02 - [TEST_STEP][NOT_RUN] - click: NOT_RUN: click

2019-01-03 23:35:02 - [MESSAGE][NOT_RUN] - NOT_RUN: click

2019-01-03 23:35:02 - [TEST_STEP][NOT_RUN] - click: NOT_RUN: click

2019-01-03 23:35:02 - [MESSAGE][NOT_RUN] - NOT_RUN: click

2019-01-03 23:35:02 - [TEST_STEP][NOT_RUN] - click: NOT_RUN: click

2019-01-03 23:35:02 - [MESSAGE][NOT_RUN] - NOT_RUN: click

2019-01-03 23:35:02 - [TEST_STEP][NOT_RUN] - click: NOT_RUN: click

2019-01-03 23:35:02 - [MESSAGE][NOT_RUN] - NOT_RUN: click

2019-01-03 23:35:02 - [TEST_STEP][NOT_RUN] - click: NOT_RUN: click

2019-01-03 23:35:02 - [MESSAGE][NOT_RUN] - NOT_RUN: click

2019-01-03 23:35:02 - [TEST_STEP][NOT_RUN] - setText: NOT_RUN: setText

2019-01-03 23:35:02 - [MESSAGE][NOT_RUN] - NOT_RUN: setText

2019-01-03 23:35:02 - [TEST_STEP][NOT_RUN] - setText: NOT_RUN: setText

2019-01-03 23:35:02 - [MESSAGE][NOT_RUN] - NOT_RUN: setText

2019-01-03 23:35:02 - [TEST_STEP][NOT_RUN] - setText: NOT_RUN: setText

2019-01-03 23:35:02 - [MESSAGE][NOT_RUN] - NOT_RUN: setText

2019-01-03 23:35:02 - [TEST_STEP][NOT_RUN] - click: NOT_RUN: click

2019-01-03 23:35:02 - [MESSAGE][NOT_RUN] - NOT_RUN: click

2019-01-03 23:35:02 - [TEST_STEP][NOT_RUN] - click: NOT_RUN: click

2019-01-03 23:35:02 - [MESSAGE][NOT_RUN] - NOT_RUN: click

2019-01-03 23:35:02 - [TEST_STEP][NOT_RUN] - click: NOT_RUN: click

2019-01-03 23:35:02 - [MESSAGE][NOT_RUN] - NOT_RUN: click

2019-01-03 23:35:02 - [TEST_STEP][NOT_RUN] - delay: NOT_RUN: delay

2019-01-03 23:35:02 - [MESSAGE][NOT_RUN] - NOT_RUN: delay

2019-01-03 23:35:02 - [TEST_STEP][NOT_RUN] - setText: NOT_RUN: setText

2019-01-03 23:35:02 - [MESSAGE][NOT_RUN] - NOT_RUN: setText

2019-01-03 23:35:02 - [TEST_STEP][NOT_RUN] - delay: NOT_RUN: delay

2019-01-03 23:35:02 - [MESSAGE][NOT_RUN] - NOT_RUN: delay

2019-01-03 23:35:02 - [TEST_STEP][NOT_RUN] - click: NOT_RUN: click

2019-01-03 23:35:02 - [MESSAGE][NOT_RUN] - NOT_RUN: click

2019-01-03 23:35:02 - [TEST_STEP][NOT_RUN] - doubleClick: NOT_RUN: doubleClick

2019-01-03 23:35:02 - [MESSAGE][NOT_RUN] - NOT_RUN: doubleClick

2019-01-03 23:35:02 - [TEST_STEP][NOT_RUN] - click: NOT_RUN: click

2019-01-03 23:35:02 - [MESSAGE][NOT_RUN] - NOT_RUN: click

2019-01-03 23:35:02 - [TEST_STEP][NOT_RUN] - setText: NOT_RUN: setText

2019-01-03 23:35:02 - [MESSAGE][NOT_RUN] - NOT_RUN: setText

2019-01-03 23:35:02 - [TEST_STEP][NOT_RUN] - delay: NOT_RUN: delay

2019-01-03 23:35:02 - [MESSAGE][NOT_RUN] - NOT_RUN: delay

2019-01-03 23:35:02 - [TEST_STEP][NOT_RUN] - click: NOT_RUN: click

2019-01-03 23:35:02 - [MESSAGE][NOT_RUN] - NOT_RUN: click

2019-01-03 23:35:02 - [TEST_STEP][NOT_RUN] - delay: NOT_RUN: delay

2019-01-03 23:35:02 - [MESSAGE][NOT_RUN] - NOT_RUN: delay

2019-01-03 23:35:02 - [TEST_STEP][NOT_RUN] - setText: NOT_RUN: setText

2019-01-03 23:35:02 - [MESSAGE][NOT_RUN] - NOT_RUN: setText

2019-01-03 23:35:02 - [TEST_STEP][PASSED] - click: Object: 'Object Repository/Final Object Repo/Page_Request SSN - ASSIST/Save  Continue' is clicked on

2019-01-03 23:35:02 - [MESSAGE][PASSED] - Object: 'Object Repository/Final Object Repo/Page_Request SSN - ASSIST/Save  Continue' is clicked on

2019-01-03 23:35:02 - [TEST_STEP][PASSED] - delay: Delayed 3 second(s)

2019-01-03 23:35:05 - [MESSAGE][PASSED] - Delayed 3 second(s)

2019-01-03 23:35:05 - [TEST_STEP][PASSED] - Statement - CaseReferenceNo = com.kms.katalon.core.webui.keyword.WebUiBuiltInKeywords.getText(com.kms.katalon.core.testobject.ObjectRepository.findTestObject(Final Object Repo/Page_Request SSN - ASSIST/Reference Number in Uploading Page)): Text of object 'Object Repository/Final Object Repo/Page_Request SSN - ASSIST/Reference Number in Uploading Page' is: 'SSN01201900001203'

2019-01-03 23:35:06 - [MESSAGE][PASSED] - Text of object 'Object Repository/Final Object Repo/Page_Request SSN - ASSIST/Reference Number in Uploading Page' is: 'SSN01201900001203'

2019-01-03 23:35:06 - [TEST_STEP][PASSED] - callTestCase: Call Test Case 'Test Cases/Final Aug 2018 - PKS Automation/Common/Reference Number Setter' successfully

2019-01-03 23:35:06 - [TEST_CASE][PASSED] - Test Cases/Final Aug 2018 - PKS Automation/Common/Reference Number Setter: Test Cases/Final Aug 2018 - PKS Automation/Common/Reference Number Setter

2019-01-03 23:35:06 - [TEST_STEP][PASSED] - Statement - RefNoOldFile = new java.io.File(C://Users//Admin//Desktop//PKS//Automation Reference Point//KatalonReference.txt): null

2019-01-03 23:35:06 - [TEST_STEP][PASSED] - Statement - RefNoOldFile.delete(): null

2019-01-03 23:35:06 - [TEST_STEP][PASSED] - delay: Delayed 5 second(s)

2019-01-03 23:35:11 - [MESSAGE][PASSED] - Delayed 5 second(s)

2019-01-03 23:35:11 - [TEST_STEP][PASSED] - Statement - RefNo = new java.io.File(C://Users//Admin//Desktop//PKS//Automation Reference Point//KatalonReference.txt): null

2019-01-03 23:35:11 - [TEST_STEP][PASSED] - Statement - f2 = new java.io.FileWriter(RefNo, false): null

2019-01-03 23:35:11 - [TEST_STEP][PASSED] - Statement - f2.write(CaseReferenceNo): null

2019-01-03 23:35:11 - [TEST_STEP][PASSED] - Statement - f2.close(): null

2019-01-03 23:35:11 - [TEST_STEP][PASSED] - Statement - out.println("


" + CaseReferenceNo + "


"): null

2019-01-03 23:35:11 - [MESSAGE][PASSED] - Call Test Case 'Test Cases/Final Aug 2018 - PKS Automation/Common/Reference Number Setter' successfully

2019-01-03 23:35:11 - [TEST_STEP][PASSED] - click: Object: 'Object Repository/Final Object Repo/Page_Request SSN - ASSIST/Add Document Button' is clicked on

2019-01-03 23:35:11 - [MESSAGE][PASSED] - Object: 'Object Repository/Final Object Repo/Page_Request SSN - ASSIST/Add Document Button' is clicked on

2019-01-03 23:35:11 - [TEST_STEP][PASSED] - delay: Delayed 2 second(s)

2019-01-03 23:35:13 - [MESSAGE][PASSED] - Delayed 2 second(s)

2019-01-03 23:35:13 - [TEST_STEP][PASSED] - click: Object: 'Object Repository/Final Object Repo/Page_Request SSN - ASSIST/Document Type' is clicked on

2019-01-03 23:35:14 - [MESSAGE][PASSED] - Object: 'Object Repository/Final Object Repo/Page_Request SSN - ASSIST/Document Type' is clicked on

2019-01-03 23:35:14 - [TEST_STEP][PASSED] - delay: Delayed 2 second(s)

2019-01-03 23:35:16 - [MESSAGE][PASSED] - Delayed 2 second(s)

2019-01-03 23:35:16 - [TEST_STEP][PASSED] - click: Object: 'Object Repository/Final Object Repo/Page_Request SSN - ASSIST/Document Type - Birth Certificate' is clicked on

2019-01-03 23:35:16 - [MESSAGE][PASSED] - Object: 'Object Repository/Final Object Repo/Page_Request SSN - ASSIST/Document Type - Birth Certificate' is clicked on

2019-01-03 23:35:16 - [TEST_STEP][PASSED] - delay: Delayed 2 second(s)

2019-01-03 23:35:18 - [MESSAGE][PASSED] - Delayed 2 second(s)

2019-01-03 23:35:18 - [TEST_STEP][PASSED] - sendKeys: Keys 'C:\Users\Public\Pictures\Sample Pictures\Koala.jpg' sent to object: 'Object Repository/Final Object Repo/Page_Request SSN - ASSIST/Upload File'

2019-01-03 23:35:18 - [MESSAGE][PASSED] - Keys 'C:\Users\Public\Pictures\Sample Pictures\Koala.jpg' sent to object: 'Object Repository/Final Object Repo/Page_Request SSN - ASSIST/Upload File'

2019-01-03 23:35:18 - [TEST_STEP][PASSED] - click: Object: 'Object Repository/Final Object Repo/Page_Request SSN - ASSIST/Add Document' is clicked on

2019-01-03 23:35:19 - [MESSAGE][PASSED] - Object: 'Object Repository/Final Object Repo/Page_Request SSN - ASSIST/Add Document' is clicked on

2019-01-03 23:35:19 - [TEST_STEP][PASSED] - delay: Delayed 10 second(s)

2019-01-03 23:35:29 - [MESSAGE][PASSED] - Delayed 10 second(s)

2019-01-03 23:35:29 - [TEST_STEP][PASSED] - click: Object: 'Object Repository/Final Object Repo/Page_Request SSN - ASSIST/Save  Continue in Uploading Document Page' is clicked on

2019-01-03 23:35:29 - [MESSAGE][PASSED] - Object: 'Object Repository/Final Object Repo/Page_Request SSN - ASSIST/Save  Continue in Uploading Document Page' is clicked on

2019-01-03 23:35:29 - [TEST_STEP][PASSED] - delay: Delayed 2 second(s)

2019-01-03 23:35:31 - [MESSAGE][PASSED] - Delayed 2 second(s)

2019-01-03 23:35:31 - [TEST_STEP][PASSED] - click: Object: 'Object Repository/Final Object Repo/Page_Request SSN - ASSIST/Submit' is clicked on

2019-01-03 23:35:34 - [MESSAGE][PASSED] - Object: 'Object Repository/Final Object Repo/Page_Request SSN - ASSIST/Submit' is clicked on

2019-01-03 23:35:34 - [TEST_STEP][PASSED] - delay: Delayed 2 second(s)

2019-01-03 23:35:36 - [MESSAGE][PASSED] - Delayed 2 second(s)

2019-01-03 23:35:36 - [TEST_STEP][PASSED] - click: Object: 'Object Repository/Final Object Repo/Page_Request SSN - ASSIST/Confirm' is clicked on

2019-01-03 23:35:36 - [MESSAGE][PASSED] - Object: 'Object Repository/Final Object Repo/Page_Request SSN - ASSIST/Confirm' is clicked on

2019-01-03 23:35:36 - [TEST_STEP][PASSED] - delay: Delayed 2 second(s)

2019-01-03 23:35:38 - [MESSAGE][PASSED] - Delayed 2 second(s)

2019-01-03 23:35:38 - [TEST_STEP][PASSED] - verifyElementVisible: Object 'Object Repository/Final Object Repo/Page_Request SSN - ASSIST/Message This Case will be routed to RIO' is visible

2019-01-03 23:35:44 - [MESSAGE][PASSED] - Object 'Object Repository/Final Object Repo/Page_Request SSN - ASSIST/Message This Case will be routed to RIO' is visible

2019-01-03 23:35:44 - [TEST_STEP][PASSED] - delay: Delayed 2 second(s)

2019-01-03 23:35:46 - [MESSAGE][PASSED] - Delayed 2 second(s)

2019-01-03 23:35:46 - [TEST_STEP][PASSED] - verifyElementVisible: Object 'Object Repository/Final Object Repo/Page_Request SSN - ASSIST/Letter of acknowledgement' is visible

2019-01-03 23:35:46 - [MESSAGE][PASSED] - Object 'Object Repository/Final Object Repo/Page_Request SSN - ASSIST/Letter of acknowledgement' is visible

2019-01-03 23:35:46 - [MESSAGE][PASSED] - Call Test Case 'Test Cases/Final Aug 2018 - PKS Automation/Registration Module/Workflow/Request SSN/Template/Request SSN - OTC' successfully

2019-01-03 23:35:46 - [TEST_STEP][PASSED] - callTestCase: Call Test Case 'Test Cases/Final Aug 2018 - PKS Automation/Registration Module/Workflow/Request SSN/Template/Request SSN RIO - RO (Under Enforcement)' successfully

2019-01-03 23:35:46 - [TEST_CASE][PASSED] - Test Cases/Final Aug 2018 - PKS Automation/Registration Module/Workflow/Request SSN/Template/Request SSN RIO - RO (Under Enforcement): Test Cases/Final Aug 2018 - PKS Automation/Registration Module/Workflow/Request SSN/Template/Request SSN RIO - RO (Under Enforcement)

2019-01-03 23:35:46 - [TEST_STEP][NOT_RUN] - callTestCase: NOT_RUN: callTestCase

2019-01-03 23:35:46 - [MESSAGE][NOT_RUN] - NOT_RUN: callTestCase

2019-01-03 23:35:46 - [TEST_STEP][PASSED] - delay: Delayed 2 second(s)

2019-01-03 23:35:48 - [MESSAGE][PASSED] - Delayed 2 second(s)

2019-01-03 23:35:48 - [TEST_STEP][PASSED] - navigateToUrl: Navigate to 'https://assist2-uat.perkeso.gov.my/c/portal/logout' successfully

2019-01-03 23:35:49 - [MESSAGE][PASSED] - Navigate to 'https://assist2-uat.perkeso.gov.my/c/portal/logout' successfully

2019-01-03 23:35:49 - [TEST_STEP][PASSED] - delay: Delayed 2 second(s)

2019-01-03 23:35:51 - [MESSAGE][PASSED] - Delayed 2 second(s)

2019-01-03 23:35:51 - [TEST_STEP][PASSED] - callTestCase: Call Test Case 'Test Cases/Final Aug 2018 - PKS Automation/Common/Reference Number Getter' successfully

2019-01-03 23:35:51 - [TEST_CASE][PASSED] - Test Cases/Final Aug 2018 - PKS Automation/Common/Reference Number Getter: Test Cases/Final Aug 2018 - PKS Automation/Common/Reference Number Getter

2019-01-03 23:35:51 - [TEST_STEP][PASSED] - Statement - Try: null

2019-01-03 23:35:51 - [TEST_STEP][PASSED] - Statement - RefNo = new java.io.File(C://Users//Admin//Desktop//PKS//Automation Reference Point//KatalonReference.txt): null

2019-01-03 23:35:51 - [TEST_STEP][PASSED] - Statement - bufferread = new java.io.BufferedReader(new java.io.FileReader(RefNo)): null

2019-01-03 23:35:51 - [TEST_STEP][PASSED] - Statement - readedVal = bufferread.readLine(): null

2019-01-03 23:35:51 - [TEST_STEP][PASSED] - Statement - out.println(CaseReferenceNo): null

2019-01-03 23:35:51 - [TEST_STEP][PASSED] - Statement - out.println(readedVal): null

2019-01-03 23:35:51 - [TEST_STEP][PASSED] - Statement - CaseReferenceNo = "": null

2019-01-03 23:35:51 - [TEST_STEP][PASSED] - Statement - CaseReferenceNo = readedVal: null

2019-01-03 23:35:51 - [MESSAGE][PASSED] - Call Test Case 'Test Cases/Final Aug 2018 - PKS Automation/Common/Reference Number Getter' successfully

2019-01-03 23:35:51 - [TEST_STEP][PASSED] - callTestCase: Call Test Case 'Test Cases/Final Aug 2018 - PKS Automation/Common/Workflow Owner Finder' successfully

2019-01-03 23:35:51 - [TEST_CASE][PASSED] - Test Cases/Final Aug 2018 - PKS Automation/Common/Workflow Owner Finder: Test Cases/Final Aug 2018 - PKS Automation/Common/Workflow Owner Finder

2019-01-03 23:35:51 - [TEST_STEP][PASSED] - openBrowser: Browser is opened with url: ''

2019-01-03 23:35:51 - [MESSAGE][WARNING] - A browser is already opened. Closing browser and opening a new one

2019-01-03 23:35:55 - [MESSAGE][PASSED] - Browser is opened with url: ''

2019-01-03 23:35:55 - [TEST_STEP][PASSED] - navigateToUrl: Navigate to 'https://assist2-uat.perkeso.gov.my/login' successfully

2019-01-03 23:35:56 - [MESSAGE][PASSED] - Navigate to 'https://assist2-uat.perkeso.gov.my/login' successfully

2019-01-03 23:35:56 - [TEST_STEP][PASSED] - delay: Delayed 5 second(s)

2019-01-03 23:36:01 - [MESSAGE][PASSED] - Delayed 5 second(s)

2019-01-03 23:36:01 - [TEST_STEP][PASSED] - setText: Text 'test@liferay.com' is set on object 'Object Repository/Final Object Repo/Login Page/Internal User/Email Address'

2019-01-03 23:36:02 - [MESSAGE][PASSED] - Text 'test@liferay.com' is set on object 'Object Repository/Final Object Repo/Login Page/Internal User/Email Address'

2019-01-03 23:36:02 - [TEST_STEP][PASSED] - click: Object: 'Object Repository/Final Object Repo/Login Page/Internal User/Next Button' is clicked on

2019-01-03 23:36:02 - [MESSAGE][PASSED] - Object: 'Object Repository/Final Object Repo/Login Page/Internal User/Next Button' is clicked on

2019-01-03 23:36:02 - [TEST_STEP][PASSED] - delay: Delayed 2 second(s)

2019-01-03 23:36:04 - [MESSAGE][PASSED] - Delayed 2 second(s)

2019-01-03 23:36:04 - [TEST_STEP][PASSED] - setText: Text 'test' is set on object 'Object Repository/Final Object Repo/Login Page/Internal User/Password'

2019-01-03 23:36:04 - [MESSAGE][PASSED] - Text 'test' is set on object 'Object Repository/Final Object Repo/Login Page/Internal User/Password'

2019-01-03 23:36:04 - [TEST_STEP][PASSED] - delay: Delayed 2 second(s)

2019-01-03 23:36:06 - [MESSAGE][PASSED] - Delayed 2 second(s)

2019-01-03 23:36:06 - [TEST_STEP][PASSED] - click: Object: 'Object Repository/Final Object Repo/Login Page/Internal User/Login Button' is clicked on

2019-01-03 23:36:06 - [MESSAGE][PASSED] - Object: 'Object Repository/Final Object Repo/Login Page/Internal User/Login Button' is clicked on

2019-01-03 23:36:06 - [TEST_STEP][PASSED] - Statement - tester = com.kms.katalon.core.testobject.ObjectRepository.findTestObject(Final Object Repo/Landing Page/Select to English): Finding Test Object with id 'Object Repository/Final Object Repo/Landing Page/Select to English'

2019-01-03 23:36:06 - [TEST_STEP][PASSED] - Statement - Try: Delayed 2 second(s)

2019-01-03 23:36:06 - [TEST_STEP][PASSED] - Statement - Checker = com.kms.katalon.core.webui.keyword.WebUiBuiltInKeywords.verifyElementNotPresent(tester, 3): Web element with id: 'Object Repository/Final Object Repo/Landing Page/Select to English' located by 'By.xpath: //a[@class = 'taglib-language-list-text' and @lang = 'en-US' and (contains(text(), 'EN') or contains(., 'EN'))]' is not present after '3' second(s)

2019-01-03 23:36:08 - [MESSAGE][PASSED] - Web element with id: 'Object Repository/Final Object Repo/Landing Page/Select to English' located by 'By.xpath: //a[@class = 'taglib-language-list-text' and @lang = 'en-US' and (contains(text(), 'EN') or contains(., 'EN'))]' is not present after '3' second(s)

2019-01-03 23:36:08 - [TEST_STEP][PASSED] - Statement - If (Checker == false): null

2019-01-03 23:36:08 - [TEST_STEP][PASSED] - delay: Delayed 2 second(s)

2019-01-03 23:36:10 - [MESSAGE][PASSED] - Delayed 2 second(s)

2019-01-03 23:36:10 - [TEST_STEP][PASSED] - delay: Delayed 5 second(s)

2019-01-03 23:36:15 - [MESSAGE][PASSED] - Delayed 5 second(s)

2019-01-03 23:36:15 - [TEST_STEP][PASSED] - mouseOver: Object: 'Object Repository/Final Object Repo/Landing Page/WorkFlow Menu' is hovered

2019-01-03 23:36:15 - [MESSAGE][PASSED] - Object: 'Object Repository/Final Object Repo/Landing Page/WorkFlow Menu' is hovered

2019-01-03 23:36:15 - [TEST_STEP][PASSED] - delay: Delayed 2 second(s)

2019-01-03 23:36:17 - [MESSAGE][PASSED] - Delayed 2 second(s)

2019-01-03 23:36:17 - [TEST_STEP][PASSED] - click: Object: 'Object Repository/Final Object Repo/Landing Page/Select to Workflow Listing' is clicked on

2019-01-03 23:36:18 - [MESSAGE][PASSED] - Object: 'Object Repository/Final Object Repo/Landing Page/Select to Workflow Listing' is clicked on

2019-01-03 23:36:18 - [TEST_STEP][PASSED] - delay: Delayed 2 second(s)

2019-01-03 23:36:20 - [MESSAGE][PASSED] - Delayed 2 second(s)

2019-01-03 23:36:20 - [TEST_STEP][PASSED] - click: Object: 'Object Repository/Final Object Repo/WorkFlow Listing Page/Search Information - To Put Ref No' is clicked on

2019-01-03 23:36:20 - [MESSAGE][PASSED] - Object: 'Object Repository/Final Object Repo/WorkFlow Listing Page/Search Information - To Put Ref No' is clicked on

2019-01-03 23:36:20 - [TEST_STEP][PASSED] - delay: Delayed 2 second(s)

2019-01-03 23:36:22 - [MESSAGE][PASSED] - Delayed 2 second(s)

2019-01-03 23:36:22 - [TEST_STEP][PASSED] - callTestCase: Call Test Case 'Test Cases/Final Aug 2018 - PKS Automation/Common/Reference Number Getter' successfully

2019-01-03 23:36:22 - [TEST_CASE][PASSED] - Test Cases/Final Aug 2018 - PKS Automation/Common/Reference Number Getter: Test Cases/Final Aug 2018 - PKS Automation/Common/Reference Number Getter

2019-01-03 23:36:22 - [TEST_STEP][PASSED] - Statement - Try: null

2019-01-03 23:36:22 - [TEST_STEP][PASSED] - Statement - RefNo = new java.io.File(C://Users//Admin//Desktop//PKS//Automation Reference Point//KatalonReference.txt): null

2019-01-03 23:36:22 - [TEST_STEP][PASSED] - Statement - bufferread = new java.io.BufferedReader(new java.io.FileReader(RefNo)): null

2019-01-03 23:36:22 - [TEST_STEP][PASSED] - Statement - readedVal = bufferread.readLine(): null

2019-01-03 23:36:22 - [TEST_STEP][PASSED] - Statement - out.println(CaseReferenceNo): null

2019-01-03 23:36:22 - [TEST_STEP][PASSED] - Statement - out.println(readedVal): null

2019-01-03 23:36:22 - [TEST_STEP][PASSED] - Statement - CaseReferenceNo = "": null

2019-01-03 23:36:22 - [TEST_STEP][PASSED] - Statement - CaseReferenceNo = readedVal: null

2019-01-03 23:36:22 - [MESSAGE][PASSED] - Call Test Case 'Test Cases/Final Aug 2018 - PKS Automation/Common/Reference Number Getter' successfully

2019-01-03 23:36:22 - [TEST_STEP][PASSED] - setText: Text 'SSN01201900001203' is set on object 'Object Repository/Final Object Repo/WorkFlow Listing Page/Ref No Set Text'

2019-01-03 23:36:23 - [MESSAGE][PASSED] - Text 'SSN01201900001203' is set on object 'Object Repository/Final Object Repo/WorkFlow Listing Page/Ref No Set Text'

2019-01-03 23:36:23 - [TEST_STEP][PASSED] - delay: Delayed 2 second(s)

2019-01-03 23:36:25 - [MESSAGE][PASSED] - Delayed 2 second(s)

2019-01-03 23:36:25 - [TEST_STEP][PASSED] - click: Object: 'Object Repository/Final Object Repo/WorkFlow Listing Page/Search Ref No Search Button' is clicked on

2019-01-03 23:36:25 - [MESSAGE][PASSED] - Object: 'Object Repository/Final Object Repo/WorkFlow Listing Page/Search Ref No Search Button' is clicked on

2019-01-03 23:36:25 - [TEST_STEP][PASSED] - delay: Delayed 6 second(s)

2019-01-03 23:36:31 - [MESSAGE][PASSED] - Delayed 6 second(s)

2019-01-03 23:36:31 - [TEST_STEP][PASSED] - click: Object: 'Object Repository/Final Object Repo/WorkFlow Listing Page/Click Continue Tooltip' is clicked on

2019-01-03 23:36:32 - [MESSAGE][PASSED] - Object: 'Object Repository/Final Object Repo/WorkFlow Listing Page/Click Continue Tooltip' is clicked on

2019-01-03 23:36:32 - [TEST_STEP][PASSED] - delay: Delayed 5 second(s)

2019-01-03 23:36:37 - [MESSAGE][PASSED] - Delayed 5 second(s)

2019-01-03 23:36:37 - [TEST_STEP][PASSED] - doubleClick: Object: 'Object Repository/Final Object Repo/WorkFlow Listing Page/Workflow Found - Listing 1' is double clicked on

2019-01-03 23:36:37 - [MESSAGE][PASSED] - Object: 'Object Repository/Final Object Repo/WorkFlow Listing Page/Workflow Found - Listing 1' is double clicked on

2019-01-03 23:36:37 - [TEST_STEP][PASSED] - Statement - println(OwnerID): null

2019-01-03 23:36:37 - [TEST_STEP][PASSED] - Statement - OwnerID = com.kms.katalon.core.webui.keyword.WebUiBuiltInKeywords.getText(com.kms.katalon.core.testobject.ObjectRepository.findTestObject(Final Object Repo/WorkFlow Listing Page/Workflow Found - Listing 1), STOP_ON_FAILURE): Text of object 'Object Repository/Final Object Repo/WorkFlow Listing Page/Workflow Found - Listing 1' is: 'JOHORrio2'

2019-01-03 23:36:37 - [MESSAGE][PASSED] - Text of object 'Object Repository/Final Object Repo/WorkFlow Listing Page/Workflow Found - Listing 1' is: 'JOHORrio2'

2019-01-03 23:36:37 - [TEST_STEP][PASSED] - Statement - OwnerID = OwnerID.toLowerCase() + "@gmail.com": null

2019-01-03 23:36:37 - [TEST_STEP][PASSED] - Statement - println(OwnerID): null

2019-01-03 23:36:37 - [TEST_STEP][PASSED] - delay: Delayed 2 second(s)

2019-01-03 23:36:39 - [MESSAGE][PASSED] - Delayed 2 second(s)

2019-01-03 23:36:39 - [MESSAGE][PASSED] - Call Test Case 'Test Cases/Final Aug 2018 - PKS Automation/Common/Workflow Owner Finder' successfully

2019-01-03 23:36:39 - [TEST_STEP][PASSED] - delay: Delayed 2 second(s)

2019-01-03 23:36:41 - [MESSAGE][PASSED] - Delayed 2 second(s)

2019-01-03 23:36:41 - [TEST_STEP][PASSED] - navigateToUrl: Navigate to 'https://assist2-uat.perkeso.gov.my/c/portal/logout' successfully

2019-01-03 23:36:42 - [MESSAGE][PASSED] - Navigate to 'https://assist2-uat.perkeso.gov.my/c/portal/logout' successfully

2019-01-03 23:36:42 - [TEST_STEP][PASSED] - delay: Delayed 2 second(s)

2019-01-03 23:36:44 - [MESSAGE][PASSED] - Delayed 2 second(s)

2019-01-03 23:36:44 - [TEST_STEP][PASSED] - callTestCase: Call Test Case 'Test Cases/Final Aug 2018 - PKS Automation/Registration Module/Workflow/Login and Search Case For Workflow' successfully

2019-01-03 23:36:44 - [TEST_CASE][PASSED] - Test Cases/Final Aug 2018 - PKS Automation/Registration Module/Workflow/Login and Search Case For Workflow: Test Cases/Final Aug 2018 - PKS Automation/Registration Module/Workflow/Login and Search Case For Workflow

2019-01-03 23:36:44 - [TEST_STEP][PASSED] - navigateToUrl: Navigate to 'https://assist2-uat.perkeso.gov.my/login' successfully

2019-01-03 23:36:44 - [MESSAGE][PASSED] - Navigate to 'https://assist2-uat.perkeso.gov.my/login' successfully

2019-01-03 23:36:44 - [TEST_STEP][PASSED] - setText: Text 'johorrio2@gmail.com' is set on object 'Object Repository/Final Object Repo/Login Page/Internal User/Email Address'

2019-01-03 23:36:45 - [MESSAGE][PASSED] - Text 'johorrio2@gmail.com' is set on object 'Object Repository/Final Object Repo/Login Page/Internal User/Email Address'

2019-01-03 23:36:45 - [TEST_STEP][PASSED] - click: Object: 'Object Repository/Final Object Repo/Login Page/Internal User/Next Button' is clicked on

2019-01-03 23:36:45 - [MESSAGE][PASSED] - Object: 'Object Repository/Final Object Repo/Login Page/Internal User/Next Button' is clicked on

2019-01-03 23:36:45 - [TEST_STEP][PASSED] - delay: Delayed 1 second(s)

2019-01-03 23:36:46 - [MESSAGE][PASSED] - Delayed 1 second(s)

2019-01-03 23:36:46 - [TEST_STEP][PASSED] - setEncryptedText: Text ****** has been set on object 'Object Repository/Final Object Repo/Login Page/Internal User/Password'

2019-01-03 23:36:46 - [MESSAGE][PASSED] - Text ****** has been set on object 'Object Repository/Final Object Repo/Login Page/Internal User/Password'

2019-01-03 23:36:46 - [TEST_STEP][PASSED] - click: Object: 'Object Repository/Final Object Repo/Login Page/Internal User/Login Button' is clicked on

2019-01-03 23:36:46 - [MESSAGE][PASSED] - Object: 'Object Repository/Final Object Repo/Login Page/Internal User/Login Button' is clicked on

2019-01-03 23:36:46 - [TEST_STEP][PASSED] - delay: Delayed 2 second(s)

2019-01-03 23:36:48 - [MESSAGE][PASSED] - Delayed 2 second(s)

2019-01-03 23:36:48 - [TEST_STEP][PASSED] - Statement - Try: Delayed 2 second(s)

2019-01-03 23:36:48 - [TEST_STEP][PASSED] - Statement - Checker = false: null

2019-01-03 23:36:48 - [TEST_STEP][PASSED] - Statement - Checker = com.kms.katalon.core.webui.keyword.WebUiBuiltInKeywords.verifyElementHasAttribute(com.kms.katalon.core.testobject.ObjectRepository.findTestObject(Final Object Repo/Landing Page/BM Detecting), "href", 20, OPTIONAL): Object 'Object Repository/Final Object Repo/Landing Page/BM Detecting' has attribute 'href'

2019-01-03 23:36:48 - [MESSAGE][PASSED] - Object 'Object Repository/Final Object Repo/Landing Page/BM Detecting' has attribute 'href'

2019-01-03 23:36:48 - [TEST_STEP][PASSED] - Statement - out.println(Checker): null

2019-01-03 23:36:48 - [TEST_STEP][PASSED] - Statement - If (Checker == false): null

2019-01-03 23:36:48 - [TEST_STEP][PASSED] - Statement - Else: null

2019-01-03 23:36:48 - [TEST_STEP][PASSED] - delay: Delayed 2 second(s)

2019-01-03 23:36:50 - [MESSAGE][PASSED] - Delayed 2 second(s)

2019-01-03 23:36:50 - [TEST_STEP][PASSED] - click: Object: 'Object Repository/Final Object Repo/Page_MyASSIST - ASSIST - Search Pending Case For Add Supporting Document/Search Information' is clicked on

2019-01-03 23:36:50 - [MESSAGE][PASSED] - Object: 'Object Repository/Final Object Repo/Page_MyASSIST - ASSIST - Search Pending Case For Add Supporting Document/Search Information' is clicked on

2019-01-03 23:36:50 - [TEST_STEP][PASSED] - delay: Delayed 3 second(s)

2019-01-03 23:36:53 - [MESSAGE][PASSED] - Delayed 3 second(s)

2019-01-03 23:36:53 - [TEST_STEP][PASSED] - sendKeys: Keys 'SSN01201900001203' sent to object: 'Object Repository/Final Object Repo/Page_MyASSIST - ASSIST - Search Pending Case For Add Supporting Document/Reference No'

2019-01-03 23:36:54 - [MESSAGE][PASSED] - Keys 'SSN01201900001203' sent to object: 'Object Repository/Final Object Repo/Page_MyASSIST - ASSIST - Search Pending Case For Add Supporting Document/Reference No'

2019-01-03 23:36:54 - [TEST_STEP][PASSED] - click: Object: 'Object Repository/Final Object Repo/Page_MyASSIST - ASSIST - Search Pending Case For Add Supporting Document/Search Reference No' is clicked on

2019-01-03 23:36:54 - [MESSAGE][PASSED] - Object: 'Object Repository/Final Object Repo/Page_MyASSIST - ASSIST - Search Pending Case For Add Supporting Document/Search Reference No' is clicked on

2019-01-03 23:36:54 - [TEST_STEP][PASSED] - delay: Delayed 2 second(s)

2019-01-03 23:36:56 - [MESSAGE][PASSED] - Delayed 2 second(s)

2019-01-03 23:36:56 - [TEST_STEP][PASSED] - click: Object: 'Object Repository/Final Object Repo/Page_MyASSIST - ASSIST - Search Pending Case For Add Supporting Document/Continue' is clicked on

2019-01-03 23:37:02 - [MESSAGE][PASSED] - Object: 'Object Repository/Final Object Repo/Page_MyASSIST - ASSIST - Search Pending Case For Add Supporting Document/Continue' is clicked on

2019-01-03 23:37:02 - [TEST_STEP][PASSED] - delay: Delayed 20 second(s)

2019-01-03 23:37:22 - [MESSAGE][PASSED] - Delayed 20 second(s)

2019-01-03 23:37:22 - [MESSAGE][PASSED] - Call Test Case 'Test Cases/Final Aug 2018 - PKS Automation/Registration Module/Workflow/Login and Search Case For Workflow' successfully

2019-01-03 23:37:22 - [TEST_STEP][PASSED] - callTestCase: Call Test Case 'Test Cases/Final Aug 2018 - PKS Automation/Registration Module/Workflow/Request SSN/Template/Request SSN - RIO' successfully

2019-01-03 23:37:22 - [TEST_CASE][PASSED] - Test Cases/Final Aug 2018 - PKS Automation/Registration Module/Workflow/Request SSN/Template/Request SSN - RIO: Test Cases/Final Aug 2018 - PKS Automation/Registration Module/Workflow/Request SSN/Template/Request SSN - RIO

2019-01-03 23:37:22 - [TEST_STEP][NOT_RUN] - openBrowser: NOT_RUN: openBrowser

2019-01-03 23:37:22 - [MESSAGE][NOT_RUN] - NOT_RUN: openBrowser

2019-01-03 23:37:22 - [TEST_STEP][NOT_RUN] - navigateToUrl: NOT_RUN: navigateToUrl

2019-01-03 23:37:22 - [MESSAGE][NOT_RUN] - NOT_RUN: navigateToUrl

2019-01-03 23:37:22 - [TEST_STEP][NOT_RUN] - setText: NOT_RUN: setText

2019-01-03 23:37:22 - [MESSAGE][NOT_RUN] - NOT_RUN: setText

2019-01-03 23:37:22 - [TEST_STEP][NOT_RUN] - click: NOT_RUN: click

2019-01-03 23:37:22 - [MESSAGE][NOT_RUN] - NOT_RUN: click

2019-01-03 23:37:22 - [TEST_STEP][NOT_RUN] - delay: NOT_RUN: delay

2019-01-03 23:37:22 - [MESSAGE][NOT_RUN] - NOT_RUN: delay

2019-01-03 23:37:22 - [TEST_STEP][NOT_RUN] - setEncryptedText: NOT_RUN: setEncryptedText

2019-01-03 23:37:22 - [MESSAGE][NOT_RUN] - NOT_RUN: setEncryptedText

2019-01-03 23:37:22 - [TEST_STEP][NOT_RUN] - click: NOT_RUN: click

2019-01-03 23:37:22 - [MESSAGE][NOT_RUN] - NOT_RUN: click

2019-01-03 23:37:22 - [TEST_STEP][NOT_RUN] - delay: NOT_RUN: delay

2019-01-03 23:37:22 - [MESSAGE][NOT_RUN] - NOT_RUN: delay

2019-01-03 23:37:22 - [TEST_STEP][NOT_RUN] - click: NOT_RUN: click

2019-01-03 23:37:22 - [MESSAGE][NOT_RUN] - NOT_RUN: click

2019-01-03 23:37:22 - [TEST_STEP][NOT_RUN] - sendKeys: NOT_RUN: sendKeys

2019-01-03 23:37:22 - [MESSAGE][NOT_RUN] - NOT_RUN: sendKeys

2019-01-03 23:37:22 - [TEST_STEP][NOT_RUN] - click: NOT_RUN: click

2019-01-03 23:37:22 - [MESSAGE][NOT_RUN] - NOT_RUN: click

2019-01-03 23:37:22 - [TEST_STEP][NOT_RUN] - delay: NOT_RUN: delay

2019-01-03 23:37:22 - [MESSAGE][NOT_RUN] - NOT_RUN: delay

2019-01-03 23:37:22 - [TEST_STEP][NOT_RUN] - click: NOT_RUN: click

2019-01-03 23:37:22 - [MESSAGE][NOT_RUN] - NOT_RUN: click

2019-01-03 23:37:22 - [TEST_STEP][PASSED] - delay: Delayed 2 second(s)

2019-01-03 23:37:24 - [MESSAGE][PASSED] - Delayed 2 second(s)

2019-01-03 23:37:24 - [TEST_STEP][PASSED] - click: Object: 'Object Repository/Final Object Repo/Page_Request SSN - ASSIST/Page_Request SSN - ASSIST - RIO/Recommend For SSN' is clicked on

2019-01-03 23:37:24 - [MESSAGE][PASSED] - Object: 'Object Repository/Final Object Repo/Page_Request SSN - ASSIST/Page_Request SSN - ASSIST - RIO/Recommend For SSN' is clicked on

2019-01-03 23:37:24 - [TEST_STEP][PASSED] - click: Object: 'Object Repository/Final Object Repo/Page_Request SSN - ASSIST/Page_Request SSN - ASSIST - RIO/Recommend For SSN  - Yes' is clicked on

2019-01-03 23:37:24 - [MESSAGE][PASSED] - Object: 'Object Repository/Final Object Repo/Page_Request SSN - ASSIST/Page_Request SSN - ASSIST - RIO/Recommend For SSN  - Yes' is clicked on

2019-01-03 23:37:24 - [TEST_STEP][PASSED] - delay: Delayed 2 second(s)

2019-01-03 23:37:26 - [MESSAGE][PASSED] - Delayed 2 second(s)

2019-01-03 23:37:26 - [TEST_STEP][PASSED] - click: Object: 'Object Repository/Final Object Repo/Page_Request SSN - ASSIST/Page_Request SSN - ASSIST - RIO/Save  Continue in SSN page' is clicked on

2019-01-03 23:37:27 - [MESSAGE][PASSED] - Object: 'Object Repository/Final Object Repo/Page_Request SSN - ASSIST/Page_Request SSN - ASSIST - RIO/Save  Continue in SSN page' is clicked on

2019-01-03 23:37:27 - [TEST_STEP][PASSED] - delay: Delayed 2 second(s)

2019-01-03 23:37:29 - [MESSAGE][PASSED] - Delayed 2 second(s)

2019-01-03 23:37:29 - [TEST_STEP][PASSED] - click: Object: 'Object Repository/Final Object Repo/Page_Request SSN - ASSIST/Page_Request SSN - ASSIST - RIO/Save  Continue in Upload Document Page' is clicked on

2019-01-03 23:37:31 - [MESSAGE][PASSED] - Object: 'Object Repository/Final Object Repo/Page_Request SSN - ASSIST/Page_Request SSN - ASSIST - RIO/Save  Continue in Upload Document Page' is clicked on

2019-01-03 23:37:31 - [TEST_STEP][PASSED] - delay: Delayed 2 second(s)

2019-01-03 23:37:33 - [MESSAGE][PASSED] - Delayed 2 second(s)

2019-01-03 23:37:33 - [TEST_STEP][PASSED] - click: Object: 'Object Repository/Final Object Repo/Page_Request SSN - ASSIST/Page_Request SSN - ASSIST - RIO/Submit' is clicked on

2019-01-03 23:37:36 - [MESSAGE][PASSED] - Object: 'Object Repository/Final Object Repo/Page_Request SSN - ASSIST/Page_Request SSN - ASSIST - RIO/Submit' is clicked on

2019-01-03 23:37:36 - [TEST_STEP][PASSED] - delay: Delayed 2 second(s)

2019-01-03 23:37:38 - [MESSAGE][PASSED] - Delayed 2 second(s)

2019-01-03 23:37:38 - [TEST_STEP][PASSED] - click: Object: 'Object Repository/Final Object Repo/Page_Request SSN - ASSIST/Page_Request SSN - ASSIST - RIO/Confirm' is clicked on

2019-01-03 23:37:38 - [MESSAGE][PASSED] - Object: 'Object Repository/Final Object Repo/Page_Request SSN - ASSIST/Page_Request SSN - ASSIST - RIO/Confirm' is clicked on

2019-01-03 23:37:38 - [MESSAGE][PASSED] - Call Test Case 'Test Cases/Final Aug 2018 - PKS Automation/Registration Module/Workflow/Request SSN/Template/Request SSN - RIO' successfully

2019-01-03 23:37:38 - [TEST_STEP][PASSED] - delay: Delayed 2 second(s)

2019-01-03 23:37:40 - [MESSAGE][PASSED] - Delayed 2 second(s)

2019-01-03 23:37:40 - [TEST_STEP][PASSED] - navigateToUrl: Navigate to 'https://assist2-uat.perkeso.gov.my/c/portal/logout' successfully

2019-01-03 23:37:45 - [MESSAGE][PASSED] - Navigate to 'https://assist2-uat.perkeso.gov.my/c/portal/logout' successfully

2019-01-03 23:37:45 - [TEST_STEP][PASSED] - delay: Delayed 2 second(s)

2019-01-03 23:37:47 - [MESSAGE][PASSED] - Delayed 2 second(s)

2019-01-03 23:37:47 - [TEST_STEP][PASSED] - callTestCase: Call Test Case 'Test Cases/Final Aug 2018 - PKS Automation/Common/Workflow Owner Finder' successfully

2019-01-03 23:37:47 - [TEST_CASE][PASSED] - Test Cases/Final Aug 2018 - PKS Automation/Common/Workflow Owner Finder: Test Cases/Final Aug 2018 - PKS Automation/Common/Workflow Owner Finder

2019-01-03 23:37:47 - [TEST_STEP][PASSED] - openBrowser: Browser is opened with url: ''

2019-01-03 23:37:47 - [MESSAGE][WARNING] - A browser is already opened. Closing browser and opening a new one

2019-01-03 23:37:51 - [MESSAGE][PASSED] - Browser is opened with url: ''

2019-01-03 23:37:51 - [TEST_STEP][PASSED] - navigateToUrl: Navigate to 'https://assist2-uat.perkeso.gov.my/login' successfully

2019-01-03 23:37:52 - [MESSAGE][PASSED] - Navigate to 'https://assist2-uat.perkeso.gov.my/login' successfully

2019-01-03 23:37:52 - [TEST_STEP][PASSED] - delay: Delayed 5 second(s)

2019-01-03 23:37:57 - [MESSAGE][PASSED] - Delayed 5 second(s)

2019-01-03 23:37:57 - [TEST_STEP][PASSED] - setText: Text 'test@liferay.com' is set on object 'Object Repository/Final Object Repo/Login Page/Internal User/Email Address'

2019-01-03 23:37:57 - [MESSAGE][PASSED] - Text 'test@liferay.com' is set on object 'Object Repository/Final Object Repo/Login Page/Internal User/Email Address'

2019-01-03 23:37:57 - [TEST_STEP][PASSED] - click: Object: 'Object Repository/Final Object Repo/Login Page/Internal User/Next Button' is clicked on

2019-01-03 23:37:57 - [MESSAGE][PASSED] - Object: 'Object Repository/Final Object Repo/Login Page/Internal User/Next Button' is clicked on

2019-01-03 23:37:57 - [TEST_STEP][PASSED] - delay: Delayed 2 second(s)

2019-01-03 23:37:59 - [MESSAGE][PASSED] - Delayed 2 second(s)

2019-01-03 23:37:59 - [TEST_STEP][PASSED] - setText: Text 'test' is set on object 'Object Repository/Final Object Repo/Login Page/Internal User/Password'

2019-01-03 23:37:59 - [MESSAGE][PASSED] - Text 'test' is set on object 'Object Repository/Final Object Repo/Login Page/Internal User/Password'

2019-01-03 23:37:59 - [TEST_STEP][PASSED] - delay: Delayed 2 second(s)

2019-01-03 23:38:01 - [MESSAGE][PASSED] - Delayed 2 second(s)

2019-01-03 23:38:01 - [TEST_STEP][PASSED] - click: Object: 'Object Repository/Final Object Repo/Login Page/Internal User/Login Button' is clicked on

2019-01-03 23:38:02 - [MESSAGE][PASSED] - Object: 'Object Repository/Final Object Repo/Login Page/Internal User/Login Button' is clicked on

2019-01-03 23:38:02 - [TEST_STEP][PASSED] - Statement - tester = com.kms.katalon.core.testobject.ObjectRepository.findTestObject(Final Object Repo/Landing Page/Select to English): Finding Test Object with id 'Object Repository/Final Object Repo/Landing Page/Select to English'

2019-01-03 23:38:02 - [TEST_STEP][PASSED] - Statement - Try: Delayed 2 second(s)

2019-01-03 23:38:02 - [TEST_STEP][PASSED] - Statement - Checker = com.kms.katalon.core.webui.keyword.WebUiBuiltInKeywords.verifyElementNotPresent(tester, 3): Web element with id: 'Object Repository/Final Object Repo/Landing Page/Select to English' located by 'By.xpath: //a[@class = 'taglib-language-list-text' and @lang = 'en-US' and (contains(text(), 'EN') or contains(., 'EN'))]' is not present after '3' second(s)

2019-01-03 23:38:04 - [MESSAGE][PASSED] - Web element with id: 'Object Repository/Final Object Repo/Landing Page/Select to English' located by 'By.xpath: //a[@class = 'taglib-language-list-text' and @lang = 'en-US' and (contains(text(), 'EN') or contains(., 'EN'))]' is not present after '3' second(s)

2019-01-03 23:38:04 - [TEST_STEP][PASSED] - Statement - If (Checker == false): null

2019-01-03 23:38:04 - [TEST_STEP][PASSED] - delay: Delayed 2 second(s)

2019-01-03 23:38:06 - [MESSAGE][PASSED] - Delayed 2 second(s)

2019-01-03 23:38:06 - [TEST_STEP][PASSED] - delay: Delayed 5 second(s)

2019-01-03 23:38:11 - [MESSAGE][PASSED] - Delayed 5 second(s)

2019-01-03 23:38:11 - [TEST_STEP][PASSED] - mouseOver: Object: 'Object Repository/Final Object Repo/Landing Page/WorkFlow Menu' is hovered

2019-01-03 23:38:11 - [MESSAGE][PASSED] - Object: 'Object Repository/Final Object Repo/Landing Page/WorkFlow Menu' is hovered

2019-01-03 23:38:11 - [TEST_STEP][PASSED] - delay: Delayed 2 second(s)

2019-01-03 23:38:13 - [MESSAGE][PASSED] - Delayed 2 second(s)

2019-01-03 23:38:13 - [TEST_STEP][PASSED] - click: Object: 'Object Repository/Final Object Repo/Landing Page/Select to Workflow Listing' is clicked on

2019-01-03 23:38:14 - [MESSAGE][PASSED] - Object: 'Object Repository/Final Object Repo/Landing Page/Select to Workflow Listing' is clicked on

2019-01-03 23:38:14 - [TEST_STEP][PASSED] - delay: Delayed 2 second(s)

2019-01-03 23:38:16 - [MESSAGE][PASSED] - Delayed 2 second(s)

2019-01-03 23:38:16 - [TEST_STEP][PASSED] - click: Object: 'Object Repository/Final Object Repo/WorkFlow Listing Page/Search Information - To Put Ref No' is clicked on

2019-01-03 23:38:16 - [MESSAGE][PASSED] - Object: 'Object Repository/Final Object Repo/WorkFlow Listing Page/Search Information - To Put Ref No' is clicked on

2019-01-03 23:38:16 - [TEST_STEP][PASSED] - delay: Delayed 2 second(s)

2019-01-03 23:38:18 - [MESSAGE][PASSED] - Delayed 2 second(s)

2019-01-03 23:38:18 - [TEST_STEP][PASSED] - callTestCase: Call Test Case 'Test Cases/Final Aug 2018 - PKS Automation/Common/Reference Number Getter' successfully

2019-01-03 23:38:18 - [TEST_CASE][PASSED] - Test Cases/Final Aug 2018 - PKS Automation/Common/Reference Number Getter: Test Cases/Final Aug 2018 - PKS Automation/Common/Reference Number Getter

2019-01-03 23:38:18 - [TEST_STEP][PASSED] - Statement - Try: null

2019-01-03 23:38:18 - [TEST_STEP][PASSED] - Statement - RefNo = new java.io.File(C://Users//Admin//Desktop//PKS//Automation Reference Point//KatalonReference.txt): null

2019-01-03 23:38:18 - [TEST_STEP][PASSED] - Statement - bufferread = new java.io.BufferedReader(new java.io.FileReader(RefNo)): null

2019-01-03 23:38:18 - [TEST_STEP][PASSED] - Statement - readedVal = bufferread.readLine(): null

2019-01-03 23:38:18 - [TEST_STEP][PASSED] - Statement - out.println(CaseReferenceNo): null

2019-01-03 23:38:18 - [TEST_STEP][PASSED] - Statement - out.println(readedVal): null

2019-01-03 23:38:18 - [TEST_STEP][PASSED] - Statement - CaseReferenceNo = "": null

2019-01-03 23:38:18 - [TEST_STEP][PASSED] - Statement - CaseReferenceNo = readedVal: null

2019-01-03 23:38:18 - [MESSAGE][PASSED] - Call Test Case 'Test Cases/Final Aug 2018 - PKS Automation/Common/Reference Number Getter' successfully

2019-01-03 23:38:18 - [TEST_STEP][PASSED] - setText: Text 'SSN01201900001203' is set on object 'Object Repository/Final Object Repo/WorkFlow Listing Page/Ref No Set Text'

2019-01-03 23:38:18 - [MESSAGE][PASSED] - Text 'SSN01201900001203' is set on object 'Object Repository/Final Object Repo/WorkFlow Listing Page/Ref No Set Text'

2019-01-03 23:38:18 - [TEST_STEP][PASSED] - delay: Delayed 2 second(s)

2019-01-03 23:38:20 - [MESSAGE][PASSED] - Delayed 2 second(s)

2019-01-03 23:38:20 - [TEST_STEP][PASSED] - click: Object: 'Object Repository/Final Object Repo/WorkFlow Listing Page/Search Ref No Search Button' is clicked on

2019-01-03 23:38:20 - [MESSAGE][PASSED] - Object: 'Object Repository/Final Object Repo/WorkFlow Listing Page/Search Ref No Search Button' is clicked on

2019-01-03 23:38:20 - [TEST_STEP][PASSED] - delay: Delayed 6 second(s)

2019-01-03 23:38:26 - [MESSAGE][PASSED] - Delayed 6 second(s)

2019-01-03 23:38:26 - [TEST_STEP][PASSED] - click: Object: 'Object Repository/Final Object Repo/WorkFlow Listing Page/Click Continue Tooltip' is clicked on

2019-01-03 23:38:27 - [MESSAGE][PASSED] - Object: 'Object Repository/Final Object Repo/WorkFlow Listing Page/Click Continue Tooltip' is clicked on

2019-01-03 23:38:27 - [TEST_STEP][PASSED] - delay: Delayed 5 second(s)

2019-01-03 23:38:32 - [MESSAGE][PASSED] - Delayed 5 second(s)

2019-01-03 23:38:32 - [TEST_STEP][PASSED] - doubleClick: Object: 'Object Repository/Final Object Repo/WorkFlow Listing Page/Workflow Found - Listing 1' is double clicked on

2019-01-03 23:38:32 - [MESSAGE][PASSED] - Object: 'Object Repository/Final Object Repo/WorkFlow Listing Page/Workflow Found - Listing 1' is double clicked on

2019-01-03 23:38:32 - [TEST_STEP][PASSED] - Statement - println(OwnerID): null

2019-01-03 23:38:32 - [TEST_STEP][PASSED] - Statement - OwnerID = com.kms.katalon.core.webui.keyword.WebUiBuiltInKeywords.getText(com.kms.katalon.core.testobject.ObjectRepository.findTestObject(Final Object Repo/WorkFlow Listing Page/Workflow Found - Listing 1), STOP_ON_FAILURE): Text of object 'Object Repository/Final Object Repo/WorkFlow Listing Page/Workflow Found - Listing 1' is: 'JOHORro2'

2019-01-03 23:38:33 - [MESSAGE][PASSED] - Text of object 'Object Repository/Final Object Repo/WorkFlow Listing Page/Workflow Found - Listing 1' is: 'JOHORro2'

2019-01-03 23:38:33 - [TEST_STEP][PASSED] - Statement - OwnerID = OwnerID.toLowerCase() + "@gmail.com": null

2019-01-03 23:38:33 - [TEST_STEP][PASSED] - Statement - println(OwnerID): null

2019-01-03 23:38:33 - [TEST_STEP][PASSED] - delay: Delayed 2 second(s)

2019-01-03 23:38:35 - [MESSAGE][PASSED] - Delayed 2 second(s)

2019-01-03 23:38:35 - [MESSAGE][PASSED] - Call Test Case 'Test Cases/Final Aug 2018 - PKS Automation/Common/Workflow Owner Finder' successfully

2019-01-03 23:38:35 - [TEST_STEP][PASSED] - delay: Delayed 2 second(s)

2019-01-03 23:38:37 - [MESSAGE][PASSED] - Delayed 2 second(s)

2019-01-03 23:38:37 - [TEST_STEP][PASSED] - navigateToUrl: Navigate to 'https://assist2-uat.perkeso.gov.my/c/portal/logout' successfully

2019-01-03 23:38:37 - [MESSAGE][PASSED] - Navigate to 'https://assist2-uat.perkeso.gov.my/c/portal/logout' successfully

2019-01-03 23:38:37 - [TEST_STEP][PASSED] - delay: Delayed 2 second(s)

2019-01-03 23:38:39 - [MESSAGE][PASSED] - Delayed 2 second(s)

2019-01-03 23:38:39 - [TEST_STEP][PASSED] - callTestCase: Call Test Case 'Test Cases/Final Aug 2018 - PKS Automation/Registration Module/Workflow/Login and Search Case For Workflow' successfully

2019-01-03 23:38:39 - [TEST_CASE][PASSED] - Test Cases/Final Aug 2018 - PKS Automation/Registration Module/Workflow/Login and Search Case For Workflow: Test Cases/Final Aug 2018 - PKS Automation/Registration Module/Workflow/Login and Search Case For Workflow

2019-01-03 23:38:39 - [TEST_STEP][PASSED] - navigateToUrl: Navigate to 'https://assist2-uat.perkeso.gov.my/login' successfully

2019-01-03 23:38:40 - [MESSAGE][PASSED] - Navigate to 'https://assist2-uat.perkeso.gov.my/login' successfully

2019-01-03 23:38:40 - [TEST_STEP][PASSED] - setText: Text 'johorro2@gmail.com' is set on object 'Object Repository/Final Object Repo/Login Page/Internal User/Email Address'

2019-01-03 23:38:40 - [MESSAGE][PASSED] - Text 'johorro2@gmail.com' is set on object 'Object Repository/Final Object Repo/Login Page/Internal User/Email Address'

2019-01-03 23:38:40 - [TEST_STEP][PASSED] - click: Object: 'Object Repository/Final Object Repo/Login Page/Internal User/Next Button' is clicked on

2019-01-03 23:38:40 - [MESSAGE][PASSED] - Object: 'Object Repository/Final Object Repo/Login Page/Internal User/Next Button' is clicked on

2019-01-03 23:38:40 - [TEST_STEP][PASSED] - delay: Delayed 1 second(s)

2019-01-03 23:38:41 - [MESSAGE][PASSED] - Delayed 1 second(s)

2019-01-03 23:38:41 - [TEST_STEP][PASSED] - setEncryptedText: Text ****** has been set on object 'Object Repository/Final Object Repo/Login Page/Internal User/Password'

2019-01-03 23:38:42 - [MESSAGE][PASSED] - Text ****** has been set on object 'Object Repository/Final Object Repo/Login Page/Internal User/Password'

2019-01-03 23:38:42 - [TEST_STEP][PASSED] - click: Object: 'Object Repository/Final Object Repo/Login Page/Internal User/Login Button' is clicked on

2019-01-03 23:38:42 - [MESSAGE][PASSED] - Object: 'Object Repository/Final Object Repo/Login Page/Internal User/Login Button' is clicked on

2019-01-03 23:38:42 - [TEST_STEP][PASSED] - delay: Delayed 2 second(s)

2019-01-03 23:38:44 - [MESSAGE][PASSED] - Delayed 2 second(s)

2019-01-03 23:38:44 - [TEST_STEP][PASSED] - Statement - Try: Delayed 2 second(s)

2019-01-03 23:38:44 - [TEST_STEP][PASSED] - Statement - Checker = false: null

2019-01-03 23:38:44 - [TEST_STEP][PASSED] - Statement - Checker = com.kms.katalon.core.webui.keyword.WebUiBuiltInKeywords.verifyElementHasAttribute(com.kms.katalon.core.testobject.ObjectRepository.findTestObject(Final Object Repo/Landing Page/BM Detecting), "href", 20, OPTIONAL): Object 'Object Repository/Final Object Repo/Landing Page/BM Detecting' has attribute 'href'

2019-01-03 23:38:44 - [MESSAGE][PASSED] - Object 'Object Repository/Final Object Repo/Landing Page/BM Detecting' has attribute 'href'

2019-01-03 23:38:44 - [TEST_STEP][PASSED] - Statement - out.println(Checker): null

2019-01-03 23:38:44 - [TEST_STEP][PASSED] - Statement - If (Checker == false): null

2019-01-03 23:38:44 - [TEST_STEP][PASSED] - Statement - Else: null

2019-01-03 23:38:44 - [TEST_STEP][PASSED] - delay: Delayed 2 second(s)

2019-01-03 23:38:46 - [MESSAGE][PASSED] - Delayed 2 second(s)

2019-01-03 23:38:46 - [TEST_STEP][PASSED] - click: Object: 'Object Repository/Final Object Repo/Page_MyASSIST - ASSIST - Search Pending Case For Add Supporting Document/Search Information' is clicked on

2019-01-03 23:38:46 - [MESSAGE][PASSED] - Object: 'Object Repository/Final Object Repo/Page_MyASSIST - ASSIST - Search Pending Case For Add Supporting Document/Search Information' is clicked on

2019-01-03 23:38:46 - [TEST_STEP][PASSED] - delay: Delayed 3 second(s)

2019-01-03 23:38:49 - [MESSAGE][PASSED] - Delayed 3 second(s)

2019-01-03 23:38:49 - [TEST_STEP][PASSED] - sendKeys: Keys 'SSN01201900001203' sent to object: 'Object Repository/Final Object Repo/Page_MyASSIST - ASSIST - Search Pending Case For Add Supporting Document/Reference No'

2019-01-03 23:38:49 - [MESSAGE][PASSED] - Keys 'SSN01201900001203' sent to object: 'Object Repository/Final Object Repo/Page_MyASSIST - ASSIST - Search Pending Case For Add Supporting Document/Reference No'

2019-01-03 23:38:49 - [TEST_STEP][PASSED] - click: Object: 'Object Repository/Final Object Repo/Page_MyASSIST - ASSIST - Search Pending Case For Add Supporting Document/Search Reference No' is clicked on

2019-01-03 23:38:49 - [MESSAGE][PASSED] - Object: 'Object Repository/Final Object Repo/Page_MyASSIST - ASSIST - Search Pending Case For Add Supporting Document/Search Reference No' is clicked on

2019-01-03 23:38:49 - [TEST_STEP][PASSED] - delay: Delayed 2 second(s)

2019-01-03 23:38:51 - [MESSAGE][PASSED] - Delayed 2 second(s)

2019-01-03 23:38:51 - [TEST_STEP][PASSED] - click: Object: 'Object Repository/Final Object Repo/Page_MyASSIST - ASSIST - Search Pending Case For Add Supporting Document/Continue' is clicked on

2019-01-03 23:38:58 - [MESSAGE][PASSED] - Object: 'Object Repository/Final Object Repo/Page_MyASSIST - ASSIST - Search Pending Case For Add Supporting Document/Continue' is clicked on

2019-01-03 23:38:58 - [TEST_STEP][PASSED] - delay: Delayed 20 second(s)

2019-01-03 23:39:18 - [MESSAGE][PASSED] - Delayed 20 second(s)

2019-01-03 23:39:18 - [MESSAGE][PASSED] - Call Test Case 'Test Cases/Final Aug 2018 - PKS Automation/Registration Module/Workflow/Login and Search Case For Workflow' successfully

2019-01-03 23:39:18 - [TEST_STEP][PASSED] - callTestCase: Call Test Case 'Test Cases/Final Aug 2018 - PKS Automation/Registration Module/Workflow/Request SSN/Template/Request SSN - RO (Under enforcement)' successfully

2019-01-03 23:39:18 - [TEST_CASE][PASSED] - Test Cases/Final Aug 2018 - PKS Automation/Registration Module/Workflow/Request SSN/Template/Request SSN - RO (Under enforcement): Test Cases/Final Aug 2018 - PKS Automation/Registration Module/Workflow/Request SSN/Template/Request SSN - RO (Under enforcement)

2019-01-03 23:39:19 - [TEST_STEP][NOT_RUN] - openBrowser: NOT_RUN: openBrowser

2019-01-03 23:39:19 - [MESSAGE][NOT_RUN] - NOT_RUN: openBrowser

2019-01-03 23:39:19 - [TEST_STEP][NOT_RUN] - navigateToUrl: NOT_RUN: navigateToUrl

2019-01-03 23:39:19 - [MESSAGE][NOT_RUN] - NOT_RUN: navigateToUrl

2019-01-03 23:39:19 - [TEST_STEP][NOT_RUN] - setText: NOT_RUN: setText

2019-01-03 23:39:19 - [MESSAGE][NOT_RUN] - NOT_RUN: setText

2019-01-03 23:39:19 - [TEST_STEP][NOT_RUN] - click: NOT_RUN: click

2019-01-03 23:39:19 - [MESSAGE][NOT_RUN] - NOT_RUN: click

2019-01-03 23:39:19 - [TEST_STEP][NOT_RUN] - delay: NOT_RUN: delay

2019-01-03 23:39:19 - [MESSAGE][NOT_RUN] - NOT_RUN: delay

2019-01-03 23:39:19 - [TEST_STEP][NOT_RUN] - setEncryptedText: NOT_RUN: setEncryptedText

2019-01-03 23:39:19 - [MESSAGE][NOT_RUN] - NOT_RUN: setEncryptedText

2019-01-03 23:39:19 - [TEST_STEP][NOT_RUN] - click: NOT_RUN: click

2019-01-03 23:39:19 - [MESSAGE][NOT_RUN] - NOT_RUN: click

2019-01-03 23:39:19 - [TEST_STEP][NOT_RUN] - delay: NOT_RUN: delay

2019-01-03 23:39:19 - [MESSAGE][NOT_RUN] - NOT_RUN: delay

2019-01-03 23:39:19 - [TEST_STEP][NOT_RUN] - click: NOT_RUN: click

2019-01-03 23:39:19 - [MESSAGE][NOT_RUN] - NOT_RUN: click

2019-01-03 23:39:19 - [TEST_STEP][NOT_RUN] - delay: NOT_RUN: delay

2019-01-03 23:39:19 - [MESSAGE][NOT_RUN] - NOT_RUN: delay

2019-01-03 23:39:19 - [TEST_STEP][NOT_RUN] - sendKeys: NOT_RUN: sendKeys

2019-01-03 23:39:19 - [MESSAGE][NOT_RUN] - NOT_RUN: sendKeys

2019-01-03 23:39:19 - [TEST_STEP][NOT_RUN] - click: NOT_RUN: click

2019-01-03 23:39:19 - [MESSAGE][NOT_RUN] - NOT_RUN: click

2019-01-03 23:39:19 - [TEST_STEP][NOT_RUN] - delay: NOT_RUN: delay

2019-01-03 23:39:19 - [MESSAGE][NOT_RUN] - NOT_RUN: delay

2019-01-03 23:39:19 - [TEST_STEP][NOT_RUN] - click: NOT_RUN: click

2019-01-03 23:39:19 - [MESSAGE][NOT_RUN] - NOT_RUN: click

2019-01-03 23:39:19 - [TEST_STEP][PASSED] - click: Object: 'Object Repository/Final Object Repo/Page_Request SSN - ASSIST/Page_Request SSN - ASSIST - RO/Approval For SSN' is clicked on

2019-01-03 23:39:19 - [MESSAGE][PASSED] - Object: 'Object Repository/Final Object Repo/Page_Request SSN - ASSIST/Page_Request SSN - ASSIST - RO/Approval For SSN' is clicked on

2019-01-03 23:39:19 - [TEST_STEP][PASSED] - click: Object: 'Object Repository/Final Object Repo/Page_Request SSN - ASSIST/Page_Request SSN - ASSIST - RO/Approval For SSN - Approve' is clicked on

2019-01-03 23:39:19 - [MESSAGE][PASSED] - Object: 'Object Repository/Final Object Repo/Page_Request SSN - ASSIST/Page_Request SSN - ASSIST - RO/Approval For SSN - Approve' is clicked on

2019-01-03 23:39:19 - [TEST_STEP][PASSED] - delay: Delayed 2 second(s)

2019-01-03 23:39:21 - [MESSAGE][PASSED] - Delayed 2 second(s)

2019-01-03 23:39:21 - [TEST_STEP][PASSED] - click: Object: 'Object Repository/Final Object Repo/Page_Request SSN - ASSIST/Page_Request SSN - ASSIST - RO/Save  Continue in SSN Page' is clicked on

2019-01-03 23:39:21 - [MESSAGE][PASSED] - Object: 'Object Repository/Final Object Repo/Page_Request SSN - ASSIST/Page_Request SSN - ASSIST - RO/Save  Continue in SSN Page' is clicked on

2019-01-03 23:39:21 - [TEST_STEP][PASSED] - delay: Delayed 2 second(s)

2019-01-03 23:39:23 - [MESSAGE][PASSED] - Delayed 2 second(s)

2019-01-03 23:39:23 - [TEST_STEP][PASSED] - click: Object: 'Object Repository/Final Object Repo/Page_Request SSN - ASSIST/Page_Request SSN - ASSIST - RO/Save  Continue in Uploading Document Page' is clicked on

2019-01-03 23:39:26 - [MESSAGE][PASSED] - Object: 'Object Repository/Final Object Repo/Page_Request SSN - ASSIST/Page_Request SSN - ASSIST - RO/Save  Continue in Uploading Document Page' is clicked on

2019-01-03 23:39:26 - [TEST_STEP][PASSED] - delay: Delayed 2 second(s)

2019-01-03 23:39:28 - [MESSAGE][PASSED] - Delayed 2 second(s)

2019-01-03 23:39:28 - [TEST_STEP][PASSED] - click: Object: 'Object Repository/Final Object Repo/Page_Request SSN - ASSIST/Page_Request SSN - ASSIST - RO/Page_Request SSN - ASSIST (Under enforcement)/Under Enforcement' is clicked on

2019-01-03 23:39:30 - [MESSAGE][PASSED] - Object: 'Object Repository/Final Object Repo/Page_Request SSN - ASSIST/Page_Request SSN - ASSIST - RO/Page_Request SSN - ASSIST (Under enforcement)/Under Enforcement' is clicked on

2019-01-03 23:39:30 - [TEST_STEP][PASSED] - delay: Delayed 2 second(s)

2019-01-03 23:39:32 - [MESSAGE][PASSED] - Delayed 2 second(s)

2019-01-03 23:39:32 - [TEST_STEP][PASSED] - sendKeys: Keys 'Remark' sent to object: 'Object Repository/Final Object Repo/Page_Request SSN - ASSIST/Page_Request SSN - ASSIST - RO/Page_Request SSN - ASSIST (Under enforcement)/Under Endorcement - Remark'

2019-01-03 23:39:32 - [MESSAGE][PASSED] - Keys 'Remark' sent to object: 'Object Repository/Final Object Repo/Page_Request SSN - ASSIST/Page_Request SSN - ASSIST - RO/Page_Request SSN - ASSIST (Under enforcement)/Under Endorcement - Remark'

2019-01-03 23:39:32 - [TEST_STEP][PASSED] - delay: Delayed 2 second(s)

2019-01-03 23:39:34 - [MESSAGE][PASSED] - Delayed 2 second(s)

2019-01-03 23:39:34 - [TEST_STEP][PASSED] - click: Object: 'Object Repository/Final Object Repo/Page_Request SSN - ASSIST/Page_Request SSN - ASSIST - RO/Page_Request SSN - ASSIST (Under enforcement)/Save  Continue in Under Enforcement Page' is clicked on

2019-01-03 23:39:34 - [MESSAGE][PASSED] - Object: 'Object Repository/Final Object Repo/Page_Request SSN - ASSIST/Page_Request SSN - ASSIST - RO/Page_Request SSN - ASSIST (Under enforcement)/Save  Continue in Under Enforcement Page' is clicked on

2019-01-03 23:39:34 - [TEST_STEP][PASSED] - delay: Delayed 2 second(s)

2019-01-03 23:39:36 - [MESSAGE][PASSED] - Delayed 2 second(s)

2019-01-03 23:39:36 - [TEST_STEP][PASSED] - verifyElementVisible: Object 'Object Repository/Final Object Repo/Page_Request SSN - ASSIST/Page_Request SSN - ASSIST - RO/Page_Request SSN - ASSIST (Under enforcement)/Message The case is under enforceme' is visible

2019-01-03 23:39:40 - [MESSAGE][PASSED] - Object 'Object Repository/Final Object Repo/Page_Request SSN - ASSIST/Page_Request SSN - ASSIST - RO/Page_Request SSN - ASSIST (Under enforcement)/Message The case is under enforceme' is visible

2019-01-03 23:39:40 - [TEST_STEP][PASSED] - delay: Delayed 2 second(s)

2019-01-03 23:39:42 - [MESSAGE][PASSED] - Delayed 2 second(s)

2019-01-03 23:39:42 - [TEST_STEP][PASSED] - click: Object: 'Object Repository/Final Object Repo/Page_Request SSN - ASSIST/Page_Request SSN - ASSIST - RO/Page_Request SSN - ASSIST (Under enforcement)/OK' is clicked on

2019-01-03 23:39:43 - [MESSAGE][PASSED] - Object: 'Object Repository/Final Object Repo/Page_Request SSN - ASSIST/Page_Request SSN - ASSIST - RO/Page_Request SSN - ASSIST (Under enforcement)/OK' is clicked on

2019-01-03 23:39:43 - [MESSAGE][PASSED] - Call Test Case 'Test Cases/Final Aug 2018 - PKS Automation/Registration Module/Workflow/Request SSN/Template/Request SSN - RO (Under enforcement)' successfully

2019-01-03 23:39:43 - [MESSAGE][PASSED] - Call Test Case 'Test Cases/Final Aug 2018 - PKS Automation/Registration Module/Workflow/Request SSN/Template/Request SSN RIO - RO (Under Enforcement)' successfully]]></system-out>
         <system-err><![CDATA[]]></system-err>
      </testcase>
      <testcase name="Test Cases/Final Aug 2018 - PKS Automation/Registration Module/Workflow/Request SSN/PKRBO - RIO - RO (Approve)" classname="Test Cases/Final Aug 2018 - PKS Automation/Registration Module/Workflow/Request SSN/PKRBO - RIO - RO (Approve)" status="PASSED">
         <system-out><![CDATA[2019-01-03 23:39:43 - [TEST_CASE][PASSED] - Test Cases/Final Aug 2018 - PKS Automation/Registration Module/Workflow/Request SSN/PKRBO - RIO - RO (Approve): Test Cases/Final Aug 2018 - PKS Automation/Registration Module/Workflow/Request SSN/PKRBO - RIO - RO (Approve)

2019-01-03 23:39:43 - [TEST_STEP][PASSED] - callTestCase: Call Test Case 'Test Cases/Final Aug 2018 - PKS Automation/Registration Module/Workflow/Request SSN/Template/Request SSN - PKRBO' successfully

2019-01-03 23:39:43 - [TEST_CASE][PASSED] - Test Cases/Final Aug 2018 - PKS Automation/Registration Module/Workflow/Request SSN/Template/Request SSN - PKRBO: Test Cases/Final Aug 2018 - PKS Automation/Registration Module/Workflow/Request SSN/Template/Request SSN - PKRBO

2019-01-03 23:39:44 - [TEST_STEP][PASSED] - openBrowser: Browser is opened with url: ''

2019-01-03 23:39:44 - [MESSAGE][WARNING] - A browser is already opened. Closing browser and opening a new one

2019-01-03 23:39:48 - [MESSAGE][PASSED] - Browser is opened with url: ''

2019-01-03 23:39:48 - [TEST_STEP][PASSED] - navigateToUrl: Navigate to 'https://assist2-uat.perkeso.gov.my/login' successfully

2019-01-03 23:39:49 - [MESSAGE][PASSED] - Navigate to 'https://assist2-uat.perkeso.gov.my/login' successfully

2019-01-03 23:39:49 - [TEST_STEP][PASSED] - setText: Text 'johorpkrbo1@gmail.com' is set on object 'Object Repository/Final Object Repo/Login Page/Internal User/Email Address'

2019-01-03 23:39:49 - [MESSAGE][PASSED] - Text 'johorpkrbo1@gmail.com' is set on object 'Object Repository/Final Object Repo/Login Page/Internal User/Email Address'

2019-01-03 23:39:49 - [TEST_STEP][PASSED] - click: Object: 'Object Repository/Final Object Repo/Login Page/Internal User/Next Button' is clicked on

2019-01-03 23:39:49 - [MESSAGE][PASSED] - Object: 'Object Repository/Final Object Repo/Login Page/Internal User/Next Button' is clicked on

2019-01-03 23:39:49 - [TEST_STEP][PASSED] - delay: Delayed 1 second(s)

2019-01-03 23:39:50 - [MESSAGE][PASSED] - Delayed 1 second(s)

2019-01-03 23:39:50 - [TEST_STEP][PASSED] - setEncryptedText: Text ****** has been set on object 'Object Repository/Final Object Repo/Login Page/Internal User/Password'

2019-01-03 23:39:50 - [MESSAGE][PASSED] - Text ****** has been set on object 'Object Repository/Final Object Repo/Login Page/Internal User/Password'

2019-01-03 23:39:50 - [TEST_STEP][PASSED] - click: Object: 'Object Repository/Final Object Repo/Login Page/Internal User/Login Button' is clicked on

2019-01-03 23:39:50 - [MESSAGE][PASSED] - Object: 'Object Repository/Final Object Repo/Login Page/Internal User/Login Button' is clicked on

2019-01-03 23:39:50 - [TEST_STEP][PASSED] - Statement - Try: null

2019-01-03 23:39:51 - [TEST_STEP][PASSED] - Statement - Checker = com.kms.katalon.core.webui.keyword.WebUiBuiltInKeywords.verifyElementNotPresent("Final Object Repo/Landing Page/Select to English", 3): null

2019-01-03 23:39:51 - [TEST_STEP][PASSED] - Statement - Catch (Exception e): null

2019-01-03 23:39:51 - [TEST_STEP][PASSED] - Statement - e.printStackTrace(): null

2019-01-03 23:39:51 - [TEST_STEP][PASSED] - delay: Delayed 5 second(s)

2019-01-03 23:39:56 - [MESSAGE][PASSED] - Delayed 5 second(s)

2019-01-03 23:39:56 - [TEST_STEP][PASSED] - delay: Delayed 1 second(s)

2019-01-03 23:39:57 - [MESSAGE][PASSED] - Delayed 1 second(s)

2019-01-03 23:39:57 - [TEST_STEP][PASSED] - navigateToUrl: Navigate to 'https://assist2-uat.perkeso.gov.my/web/registration/request-ssn' successfully

2019-01-03 23:40:00 - [MESSAGE][PASSED] - Navigate to 'https://assist2-uat.perkeso.gov.my/web/registration/request-ssn' successfully

2019-01-03 23:40:00 - [TEST_STEP][PASSED] - setText: Text 'perkeso' is set on object 'Object Repository/Final Object Repo/Page_Request SSN - ASSIST/AI - Name'

2019-01-03 23:40:01 - [MESSAGE][PASSED] - Text 'perkeso' is set on object 'Object Repository/Final Object Repo/Page_Request SSN - ASSIST/AI - Name'

2019-01-03 23:40:01 - [TEST_STEP][PASSED] - click: Object: 'Object Repository/Final Object Repo/Page_Request SSN - ASSIST/AI - DOB' is clicked on

2019-01-03 23:40:01 - [MESSAGE][PASSED] - Object: 'Object Repository/Final Object Repo/Page_Request SSN - ASSIST/AI - DOB' is clicked on

2019-01-03 23:40:01 - [TEST_STEP][PASSED] - selectOptionByValue: All options with value '1995' are selected in object 'Object Repository/Final Object Repo/Page_Request SSN - ASSIST/AI - DOB - Year' 

2019-01-03 23:40:01 - [MESSAGE][PASSED] - All options with value '1995' are selected in object 'Object Repository/Final Object Repo/Page_Request SSN - ASSIST/AI - DOB - Year' 

2019-01-03 23:40:01 - [TEST_STEP][PASSED] - delay: Delayed 3 second(s)

2019-01-03 23:40:04 - [MESSAGE][PASSED] - Delayed 3 second(s)

2019-01-03 23:40:04 - [TEST_STEP][PASSED] - doubleClick: Object: 'Object Repository/Final Object Repo/Page_Request SSN - ASSIST/AI - DOB - Year - Date' is double clicked on

2019-01-03 23:40:05 - [MESSAGE][PASSED] - Object: 'Object Repository/Final Object Repo/Page_Request SSN - ASSIST/AI - DOB - Year - Date' is double clicked on

2019-01-03 23:40:05 - [TEST_STEP][PASSED] - click: Object: 'Object Repository/Final Object Repo/Page_Request SSN - ASSIST/AI - Male' is clicked on

2019-01-03 23:40:05 - [MESSAGE][PASSED] - Object: 'Object Repository/Final Object Repo/Page_Request SSN - ASSIST/AI - Male' is clicked on

2019-01-03 23:40:05 - [TEST_STEP][PASSED] - click: Object: 'Object Repository/Final Object Repo/Page_Request SSN - ASSIST/AI- Race' is clicked on

2019-01-03 23:40:05 - [MESSAGE][PASSED] - Object: 'Object Repository/Final Object Repo/Page_Request SSN - ASSIST/AI- Race' is clicked on

2019-01-03 23:40:05 - [TEST_STEP][PASSED] - click: Object: 'Object Repository/Final Object Repo/Page_Request SSN - ASSIST/AI - Race - Melayu' is clicked on

2019-01-03 23:40:05 - [MESSAGE][PASSED] - Object: 'Object Repository/Final Object Repo/Page_Request SSN - ASSIST/AI - Race - Melayu' is clicked on

2019-01-03 23:40:05 - [TEST_STEP][PASSED] - click: Object: 'Object Repository/Final Object Repo/Page_Request SSN - ASSIST/AI - Religion' is clicked on

2019-01-03 23:40:05 - [MESSAGE][PASSED] - Object: 'Object Repository/Final Object Repo/Page_Request SSN - ASSIST/AI - Religion' is clicked on

2019-01-03 23:40:05 - [TEST_STEP][PASSED] - click: Object: 'Object Repository/Final Object Repo/Page_Request SSN - ASSIST/AI - Religion - Islam' is clicked on

2019-01-03 23:40:06 - [MESSAGE][PASSED] - Object: 'Object Repository/Final Object Repo/Page_Request SSN - ASSIST/AI - Religion - Islam' is clicked on

2019-01-03 23:40:06 - [TEST_STEP][PASSED] - setText: Text '12345' is set on object 'Object Repository/Final Object Repo/Page_Request SSN - ASSIST/AI - Birth Certificate'

2019-01-03 23:40:06 - [MESSAGE][PASSED] - Text '12345' is set on object 'Object Repository/Final Object Repo/Page_Request SSN - ASSIST/AI - Birth Certificate'

2019-01-03 23:40:06 - [TEST_STEP][PASSED] - click: Object: 'Object Repository/Final Object Repo/Page_Request SSN - ASSIST/AI - Nationality' is clicked on

2019-01-03 23:40:06 - [MESSAGE][PASSED] - Object: 'Object Repository/Final Object Repo/Page_Request SSN - ASSIST/AI - Nationality' is clicked on

2019-01-03 23:40:06 - [TEST_STEP][PASSED] - click: Object: 'Object Repository/Final Object Repo/Page_Request SSN - ASSIST/AI - Nationality - Afghanistan' is clicked on

2019-01-03 23:40:07 - [MESSAGE][PASSED] - Object: 'Object Repository/Final Object Repo/Page_Request SSN - ASSIST/AI - Nationality - Afghanistan' is clicked on

2019-01-03 23:40:07 - [TEST_STEP][PASSED] - setText: Text 'PERKESO ADDRESS1' is set on object 'Object Repository/Final Object Repo/Page_Request SSN - ASSIST/AI - Address1'

2019-01-03 23:40:08 - [MESSAGE][PASSED] - Text 'PERKESO ADDRESS1' is set on object 'Object Repository/Final Object Repo/Page_Request SSN - ASSIST/AI - Address1'

2019-01-03 23:40:08 - [TEST_STEP][PASSED] - setText: Text 'PERKESO ADDRESS2' is set on object 'Object Repository/Final Object Repo/Page_Request SSN - ASSIST/AI - Address2'

2019-01-03 23:40:09 - [MESSAGE][PASSED] - Text 'PERKESO ADDRESS2' is set on object 'Object Repository/Final Object Repo/Page_Request SSN - ASSIST/AI - Address2'

2019-01-03 23:40:09 - [TEST_STEP][PASSED] - setText: Text 'PERKESO ADDRESS3' is set on object 'Object Repository/Final Object Repo/Page_Request SSN - ASSIST/AI - Address3'

2019-01-03 23:40:10 - [MESSAGE][PASSED] - Text 'PERKESO ADDRESS3' is set on object 'Object Repository/Final Object Repo/Page_Request SSN - ASSIST/AI - Address3'

2019-01-03 23:40:10 - [TEST_STEP][PASSED] - click: Object: 'Object Repository/Final Object Repo/Page_Request SSN - ASSIST/AI - State' is clicked on

2019-01-03 23:40:11 - [MESSAGE][PASSED] - Object: 'Object Repository/Final Object Repo/Page_Request SSN - ASSIST/AI - State' is clicked on

2019-01-03 23:40:11 - [TEST_STEP][PASSED] - click: Object: 'Object Repository/Final Object Repo/Page_Request SSN - ASSIST/AI - Current Employer State - Johor' is clicked on

2019-01-03 23:40:11 - [MESSAGE][PASSED] - Object: 'Object Repository/Final Object Repo/Page_Request SSN - ASSIST/AI - Current Employer State - Johor' is clicked on

2019-01-03 23:40:11 - [TEST_STEP][PASSED] - click: Object: 'Object Repository/Final Object Repo/Page_Request SSN - ASSIST/AI - City' is clicked on

2019-01-03 23:40:11 - [MESSAGE][PASSED] - Object: 'Object Repository/Final Object Repo/Page_Request SSN - ASSIST/AI - City' is clicked on

2019-01-03 23:40:11 - [TEST_STEP][PASSED] - setText: Text 'JOH' is set on object 'Object Repository/Final Object Repo/Page_Request SSN - ASSIST/AI - City - JOH'

2019-01-03 23:40:12 - [MESSAGE][PASSED] - Text 'JOH' is set on object 'Object Repository/Final Object Repo/Page_Request SSN - ASSIST/AI - City - JOH'

2019-01-03 23:40:12 - [TEST_STEP][PASSED] - delay: Delayed 3 second(s)

2019-01-03 23:40:15 - [MESSAGE][PASSED] - Delayed 3 second(s)

2019-01-03 23:40:15 - [TEST_STEP][PASSED] - click: Object: 'Object Repository/Final Object Repo/Page_Request SSN - ASSIST/AI - City - Johor Bharu' is clicked on

2019-01-03 23:40:15 - [MESSAGE][PASSED] - Object: 'Object Repository/Final Object Repo/Page_Request SSN - ASSIST/AI - City - Johor Bharu' is clicked on

2019-01-03 23:40:15 - [TEST_STEP][PASSED] - click: Object: 'Object Repository/Final Object Repo/Page_Request SSN - ASSIST/AI - Post Code' is clicked on

2019-01-03 23:40:15 - [MESSAGE][PASSED] - Object: 'Object Repository/Final Object Repo/Page_Request SSN - ASSIST/AI - Post Code' is clicked on

2019-01-03 23:40:15 - [TEST_STEP][PASSED] - setText: Text '810' is set on object 'Object Repository/Final Object Repo/Page_Request SSN - ASSIST/AI - City - JOH'

2019-01-03 23:40:16 - [MESSAGE][PASSED] - Text '810' is set on object 'Object Repository/Final Object Repo/Page_Request SSN - ASSIST/AI - City - JOH'

2019-01-03 23:40:16 - [TEST_STEP][PASSED] - delay: Delayed 3 second(s)

2019-01-03 23:40:19 - [MESSAGE][PASSED] - Delayed 3 second(s)

2019-01-03 23:40:19 - [TEST_STEP][PASSED] - click: Object: 'Object Repository/Final Object Repo/Page_Request SSN - ASSIST/AI - PostCode - 81000' is clicked on

2019-01-03 23:40:19 - [MESSAGE][PASSED] - Object: 'Object Repository/Final Object Repo/Page_Request SSN - ASSIST/AI - PostCode - 81000' is clicked on

2019-01-03 23:40:19 - [TEST_STEP][PASSED] - setText: Text '100' is set on object 'Object Repository/Final Object Repo/Page_Request SSN - ASSIST/P.O.BOX'

2019-01-03 23:40:19 - [MESSAGE][PASSED] - Text '100' is set on object 'Object Repository/Final Object Repo/Page_Request SSN - ASSIST/P.O.BOX'

2019-01-03 23:40:19 - [TEST_STEP][PASSED] - setText: Text '100' is set on object 'Object Repository/Final Object Repo/Page_Request SSN - ASSIST/Locked Bag No'

2019-01-03 23:40:20 - [MESSAGE][PASSED] - Text '100' is set on object 'Object Repository/Final Object Repo/Page_Request SSN - ASSIST/Locked Bag No'

2019-01-03 23:40:20 - [TEST_STEP][PASSED] - delay: Delayed 2 second(s)

2019-01-03 23:40:22 - [MESSAGE][PASSED] - Delayed 2 second(s)

2019-01-03 23:40:22 - [TEST_STEP][PASSED] - setText: Text '123456789' is set on object 'Object Repository/Final Object Repo/Page_Request SSN - ASSIST/AI - Telephone No'

2019-01-03 23:40:23 - [MESSAGE][PASSED] - Text '123456789' is set on object 'Object Repository/Final Object Repo/Page_Request SSN - ASSIST/AI - Telephone No'

2019-01-03 23:40:23 - [TEST_STEP][PASSED] - click: Object: 'Object Repository/Final Object Repo/Page_Request SSN - ASSIST/AI - Occupation' is clicked on

2019-01-03 23:40:23 - [MESSAGE][PASSED] - Object: 'Object Repository/Final Object Repo/Page_Request SSN - ASSIST/AI - Occupation' is clicked on

2019-01-03 23:40:23 - [TEST_STEP][PASSED] - click: Object: 'Object Repository/Final Object Repo/Page_Request SSN - ASSIST/AI - Occupation - NUMERICAL AND MATERIAL R' is clicked on

2019-01-03 23:40:23 - [MESSAGE][PASSED] - Object: 'Object Repository/Final Object Repo/Page_Request SSN - ASSIST/AI - Occupation - NUMERICAL AND MATERIAL R' is clicked on

2019-01-03 23:40:23 - [TEST_STEP][PASSED] - delay: Delayed 2 second(s)

2019-01-03 23:40:25 - [MESSAGE][PASSED] - Delayed 2 second(s)

2019-01-03 23:40:25 - [TEST_STEP][PASSED] - click: Object: 'Object Repository/Final Object Repo/Page_Request SSN - ASSIST/AI - Sub Occupation' is clicked on

2019-01-03 23:40:25 - [MESSAGE][PASSED] - Object: 'Object Repository/Final Object Repo/Page_Request SSN - ASSIST/AI - Sub Occupation' is clicked on

2019-01-03 23:40:25 - [TEST_STEP][PASSED] - click: Object: 'Object Repository/Final Object Repo/Page_Request SSN - ASSIST/AI - Sub Occupation - Stock Clerks' is clicked on

2019-01-03 23:40:26 - [MESSAGE][PASSED] - Object: 'Object Repository/Final Object Repo/Page_Request SSN - ASSIST/AI - Sub Occupation - Stock Clerks' is clicked on

2019-01-03 23:40:26 - [TEST_STEP][PASSED] - delay: Delayed 2 second(s)

2019-01-03 23:40:28 - [MESSAGE][PASSED] - Delayed 2 second(s)

2019-01-03 23:40:28 - [TEST_STEP][PASSED] - click: Object: 'Object Repository/Final Object Repo/Page_Request SSN - ASSIST/AI - Sub Occupation List' is clicked on

2019-01-03 23:40:28 - [MESSAGE][PASSED] - Object: 'Object Repository/Final Object Repo/Page_Request SSN - ASSIST/AI - Sub Occupation List' is clicked on

2019-01-03 23:40:28 - [TEST_STEP][PASSED] - click: Object: 'Object Repository/Final Object Repo/Page_Request SSN - ASSIST/AI - Sub Occupation List - Clerk raw material' is clicked on

2019-01-03 23:40:28 - [MESSAGE][PASSED] - Object: 'Object Repository/Final Object Repo/Page_Request SSN - ASSIST/AI - Sub Occupation List - Clerk raw material' is clicked on

2019-01-03 23:40:28 - [TEST_STEP][PASSED] - click: Object: 'Object Repository/Final Object Repo/Page_Request SSN - ASSIST/AI - Employment Start Date' is clicked on

2019-01-03 23:40:28 - [MESSAGE][PASSED] - Object: 'Object Repository/Final Object Repo/Page_Request SSN - ASSIST/AI - Employment Start Date' is clicked on

2019-01-03 23:40:28 - [TEST_STEP][PASSED] - click: Object: 'Object Repository/Final Object Repo/Page_Request SSN - ASSIST/AI - DOB - Year - Date' is clicked on

2019-01-03 23:40:29 - [MESSAGE][PASSED] - Object: 'Object Repository/Final Object Repo/Page_Request SSN - ASSIST/AI - DOB - Year - Date' is clicked on

2019-01-03 23:40:29 - [TEST_STEP][PASSED] - setText: Text 'perkeso' is set on object 'Object Repository/Final Object Repo/Page_Request SSN - ASSIST/AI - Current Employer Name'

2019-01-03 23:40:29 - [MESSAGE][PASSED] - Text 'perkeso' is set on object 'Object Repository/Final Object Repo/Page_Request SSN - ASSIST/AI - Current Employer Name'

2019-01-03 23:40:29 - [TEST_STEP][PASSED] - setText: Text 'perkeso1' is set on object 'Object Repository/Final Object Repo/Page_Request SSN - ASSIST/AI - Current Employer Address1'

2019-01-03 23:40:30 - [MESSAGE][PASSED] - Text 'perkeso1' is set on object 'Object Repository/Final Object Repo/Page_Request SSN - ASSIST/AI - Current Employer Address1'

2019-01-03 23:40:30 - [TEST_STEP][PASSED] - setText: Text 'perkeso2' is set on object 'Object Repository/Final Object Repo/Page_Request SSN - ASSIST/AI - Current Employer Address2'

2019-01-03 23:40:31 - [MESSAGE][PASSED] - Text 'perkeso2' is set on object 'Object Repository/Final Object Repo/Page_Request SSN - ASSIST/AI - Current Employer Address2'

2019-01-03 23:40:31 - [TEST_STEP][PASSED] - setText: Text 'perkeso3' is set on object 'Object Repository/Final Object Repo/Page_Request SSN - ASSIST/AI - Current Employer Address3'

2019-01-03 23:40:31 - [MESSAGE][PASSED] - Text 'perkeso3' is set on object 'Object Repository/Final Object Repo/Page_Request SSN - ASSIST/AI - Current Employer Address3'

2019-01-03 23:40:31 - [TEST_STEP][PASSED] - click: Object: 'Object Repository/Final Object Repo/Page_Request SSN - ASSIST/AI - Current Employer State' is clicked on

2019-01-03 23:40:32 - [MESSAGE][PASSED] - Object: 'Object Repository/Final Object Repo/Page_Request SSN - ASSIST/AI - Current Employer State' is clicked on

2019-01-03 23:40:32 - [TEST_STEP][PASSED] - click: Object: 'Object Repository/Final Object Repo/Page_Request SSN - ASSIST/AI - Current Employer State - Johor 1' is clicked on

2019-01-03 23:40:32 - [MESSAGE][PASSED] - Object: 'Object Repository/Final Object Repo/Page_Request SSN - ASSIST/AI - Current Employer State - Johor 1' is clicked on

2019-01-03 23:40:32 - [TEST_STEP][PASSED] - click: Object: 'Object Repository/Final Object Repo/Page_Request SSN - ASSIST/AI - Current Employer City' is clicked on

2019-01-03 23:40:32 - [MESSAGE][PASSED] - Object: 'Object Repository/Final Object Repo/Page_Request SSN - ASSIST/AI - Current Employer City' is clicked on

2019-01-03 23:40:32 - [TEST_STEP][PASSED] - setText: Text 'joh' is set on object 'Object Repository/Final Object Repo/Page_Request SSN - ASSIST/AI - City - JOH'

2019-01-03 23:40:33 - [MESSAGE][PASSED] - Text 'joh' is set on object 'Object Repository/Final Object Repo/Page_Request SSN - ASSIST/AI - City - JOH'

2019-01-03 23:40:33 - [TEST_STEP][PASSED] - delay: Delayed 2 second(s)

2019-01-03 23:40:35 - [MESSAGE][PASSED] - Delayed 2 second(s)

2019-01-03 23:40:35 - [TEST_STEP][PASSED] - click: Object: 'Object Repository/Final Object Repo/Page_Request SSN - ASSIST/AI - City - Johor Bharu' is clicked on

2019-01-03 23:40:35 - [MESSAGE][PASSED] - Object: 'Object Repository/Final Object Repo/Page_Request SSN - ASSIST/AI - City - Johor Bharu' is clicked on

2019-01-03 23:40:35 - [TEST_STEP][PASSED] - click: Object: 'Object Repository/Final Object Repo/Page_Request SSN - ASSIST/AI - Current Employer Postcode' is clicked on

2019-01-03 23:40:35 - [MESSAGE][PASSED] - Object: 'Object Repository/Final Object Repo/Page_Request SSN - ASSIST/AI - Current Employer Postcode' is clicked on

2019-01-03 23:40:35 - [TEST_STEP][PASSED] - setText: Text '810' is set on object 'Object Repository/Final Object Repo/Page_Request SSN - ASSIST/AI - City - JOH'

2019-01-03 23:40:36 - [MESSAGE][PASSED] - Text '810' is set on object 'Object Repository/Final Object Repo/Page_Request SSN - ASSIST/AI - City - JOH'

2019-01-03 23:40:36 - [TEST_STEP][PASSED] - delay: Delayed 2 second(s)

2019-01-03 23:40:38 - [MESSAGE][PASSED] - Delayed 2 second(s)

2019-01-03 23:40:38 - [TEST_STEP][PASSED] - click: Object: 'Object Repository/Final Object Repo/Page_Request SSN - ASSIST/AI - PostCode - 81000' is clicked on

2019-01-03 23:40:38 - [MESSAGE][PASSED] - Object: 'Object Repository/Final Object Repo/Page_Request SSN - ASSIST/AI - PostCode - 81000' is clicked on

2019-01-03 23:40:38 - [TEST_STEP][NOT_RUN] - setText: NOT_RUN: setText

2019-01-03 23:40:38 - [MESSAGE][NOT_RUN] - NOT_RUN: setText

2019-01-03 23:40:38 - [TEST_STEP][NOT_RUN] - setText: NOT_RUN: setText

2019-01-03 23:40:38 - [MESSAGE][NOT_RUN] - NOT_RUN: setText

2019-01-03 23:40:38 - [TEST_STEP][NOT_RUN] - click: NOT_RUN: click

2019-01-03 23:40:38 - [MESSAGE][NOT_RUN] - NOT_RUN: click

2019-01-03 23:40:38 - [TEST_STEP][NOT_RUN] - click: NOT_RUN: click

2019-01-03 23:40:38 - [MESSAGE][NOT_RUN] - NOT_RUN: click

2019-01-03 23:40:38 - [TEST_STEP][NOT_RUN] - setText: NOT_RUN: setText

2019-01-03 23:40:38 - [MESSAGE][NOT_RUN] - NOT_RUN: setText

2019-01-03 23:40:38 - [TEST_STEP][NOT_RUN] - click: NOT_RUN: click

2019-01-03 23:40:38 - [MESSAGE][NOT_RUN] - NOT_RUN: click

2019-01-03 23:40:38 - [TEST_STEP][NOT_RUN] - click: NOT_RUN: click

2019-01-03 23:40:38 - [MESSAGE][NOT_RUN] - NOT_RUN: click

2019-01-03 23:40:38 - [TEST_STEP][NOT_RUN] - click: NOT_RUN: click

2019-01-03 23:40:38 - [MESSAGE][NOT_RUN] - NOT_RUN: click

2019-01-03 23:40:38 - [TEST_STEP][NOT_RUN] - click: NOT_RUN: click

2019-01-03 23:40:38 - [MESSAGE][NOT_RUN] - NOT_RUN: click

2019-01-03 23:40:38 - [TEST_STEP][NOT_RUN] - click: NOT_RUN: click

2019-01-03 23:40:38 - [MESSAGE][NOT_RUN] - NOT_RUN: click

2019-01-03 23:40:38 - [TEST_STEP][NOT_RUN] - click: NOT_RUN: click

2019-01-03 23:40:38 - [MESSAGE][NOT_RUN] - NOT_RUN: click

2019-01-03 23:40:38 - [TEST_STEP][NOT_RUN] - setText: NOT_RUN: setText

2019-01-03 23:40:38 - [MESSAGE][NOT_RUN] - NOT_RUN: setText

2019-01-03 23:40:38 - [TEST_STEP][NOT_RUN] - setText: NOT_RUN: setText

2019-01-03 23:40:38 - [MESSAGE][NOT_RUN] - NOT_RUN: setText

2019-01-03 23:40:38 - [TEST_STEP][NOT_RUN] - setText: NOT_RUN: setText

2019-01-03 23:40:38 - [MESSAGE][NOT_RUN] - NOT_RUN: setText

2019-01-03 23:40:38 - [TEST_STEP][NOT_RUN] - click: NOT_RUN: click

2019-01-03 23:40:38 - [MESSAGE][NOT_RUN] - NOT_RUN: click

2019-01-03 23:40:38 - [TEST_STEP][NOT_RUN] - click: NOT_RUN: click

2019-01-03 23:40:38 - [MESSAGE][NOT_RUN] - NOT_RUN: click

2019-01-03 23:40:38 - [TEST_STEP][NOT_RUN] - click: NOT_RUN: click

2019-01-03 23:40:38 - [MESSAGE][NOT_RUN] - NOT_RUN: click

2019-01-03 23:40:38 - [TEST_STEP][NOT_RUN] - setText: NOT_RUN: setText

2019-01-03 23:40:38 - [MESSAGE][NOT_RUN] - NOT_RUN: setText

2019-01-03 23:40:38 - [TEST_STEP][NOT_RUN] - delay: NOT_RUN: delay

2019-01-03 23:40:38 - [MESSAGE][NOT_RUN] - NOT_RUN: delay

2019-01-03 23:40:38 - [TEST_STEP][NOT_RUN] - click: NOT_RUN: click

2019-01-03 23:40:38 - [MESSAGE][NOT_RUN] - NOT_RUN: click

2019-01-03 23:40:38 - [TEST_STEP][NOT_RUN] - click: NOT_RUN: click

2019-01-03 23:40:38 - [MESSAGE][NOT_RUN] - NOT_RUN: click

2019-01-03 23:40:38 - [TEST_STEP][NOT_RUN] - click: NOT_RUN: click

2019-01-03 23:40:38 - [MESSAGE][NOT_RUN] - NOT_RUN: click

2019-01-03 23:40:38 - [TEST_STEP][NOT_RUN] - setText: NOT_RUN: setText

2019-01-03 23:40:38 - [MESSAGE][NOT_RUN] - NOT_RUN: setText

2019-01-03 23:40:38 - [TEST_STEP][NOT_RUN] - delay: NOT_RUN: delay

2019-01-03 23:40:38 - [MESSAGE][NOT_RUN] - NOT_RUN: delay

2019-01-03 23:40:38 - [TEST_STEP][NOT_RUN] - click: NOT_RUN: click

2019-01-03 23:40:38 - [MESSAGE][NOT_RUN] - NOT_RUN: click

2019-01-03 23:40:38 - [TEST_STEP][NOT_RUN] - delay: NOT_RUN: delay

2019-01-03 23:40:38 - [MESSAGE][NOT_RUN] - NOT_RUN: delay

2019-01-03 23:40:38 - [TEST_STEP][NOT_RUN] - setText: NOT_RUN: setText

2019-01-03 23:40:38 - [MESSAGE][NOT_RUN] - NOT_RUN: setText

2019-01-03 23:40:38 - [TEST_STEP][NOT_RUN] - setText: NOT_RUN: setText

2019-01-03 23:40:38 - [MESSAGE][NOT_RUN] - NOT_RUN: setText

2019-01-03 23:40:38 - [TEST_STEP][NOT_RUN] - setText: NOT_RUN: setText

2019-01-03 23:40:38 - [MESSAGE][NOT_RUN] - NOT_RUN: setText

2019-01-03 23:40:38 - [TEST_STEP][NOT_RUN] - click: NOT_RUN: click

2019-01-03 23:40:38 - [MESSAGE][NOT_RUN] - NOT_RUN: click

2019-01-03 23:40:38 - [TEST_STEP][NOT_RUN] - click: NOT_RUN: click

2019-01-03 23:40:38 - [MESSAGE][NOT_RUN] - NOT_RUN: click

2019-01-03 23:40:38 - [TEST_STEP][NOT_RUN] - setText: NOT_RUN: setText

2019-01-03 23:40:38 - [MESSAGE][NOT_RUN] - NOT_RUN: setText

2019-01-03 23:40:38 - [TEST_STEP][NOT_RUN] - click: NOT_RUN: click

2019-01-03 23:40:38 - [MESSAGE][NOT_RUN] - NOT_RUN: click

2019-01-03 23:40:38 - [TEST_STEP][NOT_RUN] - click: NOT_RUN: click

2019-01-03 23:40:38 - [MESSAGE][NOT_RUN] - NOT_RUN: click

2019-01-03 23:40:38 - [TEST_STEP][NOT_RUN] - click: NOT_RUN: click

2019-01-03 23:40:38 - [MESSAGE][NOT_RUN] - NOT_RUN: click

2019-01-03 23:40:38 - [TEST_STEP][NOT_RUN] - click: NOT_RUN: click

2019-01-03 23:40:38 - [MESSAGE][NOT_RUN] - NOT_RUN: click

2019-01-03 23:40:38 - [TEST_STEP][NOT_RUN] - click: NOT_RUN: click

2019-01-03 23:40:38 - [MESSAGE][NOT_RUN] - NOT_RUN: click

2019-01-03 23:40:38 - [TEST_STEP][NOT_RUN] - click: NOT_RUN: click

2019-01-03 23:40:38 - [MESSAGE][NOT_RUN] - NOT_RUN: click

2019-01-03 23:40:38 - [TEST_STEP][NOT_RUN] - setText: NOT_RUN: setText

2019-01-03 23:40:38 - [MESSAGE][NOT_RUN] - NOT_RUN: setText

2019-01-03 23:40:38 - [TEST_STEP][NOT_RUN] - setText: NOT_RUN: setText

2019-01-03 23:40:38 - [MESSAGE][NOT_RUN] - NOT_RUN: setText

2019-01-03 23:40:38 - [TEST_STEP][NOT_RUN] - setText: NOT_RUN: setText

2019-01-03 23:40:38 - [MESSAGE][NOT_RUN] - NOT_RUN: setText

2019-01-03 23:40:38 - [TEST_STEP][NOT_RUN] - click: NOT_RUN: click

2019-01-03 23:40:38 - [MESSAGE][NOT_RUN] - NOT_RUN: click

2019-01-03 23:40:38 - [TEST_STEP][NOT_RUN] - click: NOT_RUN: click

2019-01-03 23:40:38 - [MESSAGE][NOT_RUN] - NOT_RUN: click

2019-01-03 23:40:38 - [TEST_STEP][NOT_RUN] - click: NOT_RUN: click

2019-01-03 23:40:38 - [MESSAGE][NOT_RUN] - NOT_RUN: click

2019-01-03 23:40:38 - [TEST_STEP][NOT_RUN] - delay: NOT_RUN: delay

2019-01-03 23:40:38 - [MESSAGE][NOT_RUN] - NOT_RUN: delay

2019-01-03 23:40:38 - [TEST_STEP][NOT_RUN] - setText: NOT_RUN: setText

2019-01-03 23:40:38 - [MESSAGE][NOT_RUN] - NOT_RUN: setText

2019-01-03 23:40:38 - [TEST_STEP][NOT_RUN] - delay: NOT_RUN: delay

2019-01-03 23:40:38 - [MESSAGE][NOT_RUN] - NOT_RUN: delay

2019-01-03 23:40:38 - [TEST_STEP][NOT_RUN] - click: NOT_RUN: click

2019-01-03 23:40:38 - [MESSAGE][NOT_RUN] - NOT_RUN: click

2019-01-03 23:40:38 - [TEST_STEP][NOT_RUN] - doubleClick: NOT_RUN: doubleClick

2019-01-03 23:40:38 - [MESSAGE][NOT_RUN] - NOT_RUN: doubleClick

2019-01-03 23:40:38 - [TEST_STEP][NOT_RUN] - click: NOT_RUN: click

2019-01-03 23:40:38 - [MESSAGE][NOT_RUN] - NOT_RUN: click

2019-01-03 23:40:38 - [TEST_STEP][NOT_RUN] - setText: NOT_RUN: setText

2019-01-03 23:40:38 - [MESSAGE][NOT_RUN] - NOT_RUN: setText

2019-01-03 23:40:38 - [TEST_STEP][NOT_RUN] - delay: NOT_RUN: delay

2019-01-03 23:40:38 - [MESSAGE][NOT_RUN] - NOT_RUN: delay

2019-01-03 23:40:38 - [TEST_STEP][NOT_RUN] - click: NOT_RUN: click

2019-01-03 23:40:38 - [MESSAGE][NOT_RUN] - NOT_RUN: click

2019-01-03 23:40:38 - [TEST_STEP][NOT_RUN] - delay: NOT_RUN: delay

2019-01-03 23:40:38 - [MESSAGE][NOT_RUN] - NOT_RUN: delay

2019-01-03 23:40:38 - [TEST_STEP][NOT_RUN] - setText: NOT_RUN: setText

2019-01-03 23:40:38 - [MESSAGE][NOT_RUN] - NOT_RUN: setText

2019-01-03 23:40:38 - [TEST_STEP][PASSED] - click: Object: 'Object Repository/Final Object Repo/Page_Request SSN - ASSIST/Save  Continue' is clicked on

2019-01-03 23:40:38 - [MESSAGE][PASSED] - Object: 'Object Repository/Final Object Repo/Page_Request SSN - ASSIST/Save  Continue' is clicked on

2019-01-03 23:40:38 - [TEST_STEP][PASSED] - delay: Delayed 3 second(s)

2019-01-03 23:40:41 - [MESSAGE][PASSED] - Delayed 3 second(s)

2019-01-03 23:40:41 - [TEST_STEP][PASSED] - Statement - CaseReferenceNo = com.kms.katalon.core.webui.keyword.WebUiBuiltInKeywords.getText(com.kms.katalon.core.testobject.ObjectRepository.findTestObject(Final Object Repo/Page_Request SSN - ASSIST/Reference Number in Uploading Page)): Text of object 'Object Repository/Final Object Repo/Page_Request SSN - ASSIST/Reference Number in Uploading Page' is: 'SSN01201900001204'

2019-01-03 23:40:42 - [MESSAGE][PASSED] - Text of object 'Object Repository/Final Object Repo/Page_Request SSN - ASSIST/Reference Number in Uploading Page' is: 'SSN01201900001204'

2019-01-03 23:40:42 - [TEST_STEP][PASSED] - callTestCase: Call Test Case 'Test Cases/Final Aug 2018 - PKS Automation/Common/Reference Number Setter' successfully

2019-01-03 23:40:42 - [TEST_CASE][PASSED] - Test Cases/Final Aug 2018 - PKS Automation/Common/Reference Number Setter: Test Cases/Final Aug 2018 - PKS Automation/Common/Reference Number Setter

2019-01-03 23:40:42 - [TEST_STEP][PASSED] - Statement - RefNoOldFile = new java.io.File(C://Users//Admin//Desktop//PKS//Automation Reference Point//KatalonReference.txt): null

2019-01-03 23:40:42 - [TEST_STEP][PASSED] - Statement - RefNoOldFile.delete(): null

2019-01-03 23:40:42 - [TEST_STEP][PASSED] - delay: Delayed 5 second(s)

2019-01-03 23:40:47 - [MESSAGE][PASSED] - Delayed 5 second(s)

2019-01-03 23:40:47 - [TEST_STEP][PASSED] - Statement - RefNo = new java.io.File(C://Users//Admin//Desktop//PKS//Automation Reference Point//KatalonReference.txt): null

2019-01-03 23:40:47 - [TEST_STEP][PASSED] - Statement - f2 = new java.io.FileWriter(RefNo, false): null

2019-01-03 23:40:47 - [TEST_STEP][PASSED] - Statement - f2.write(CaseReferenceNo): null

2019-01-03 23:40:47 - [TEST_STEP][PASSED] - Statement - f2.close(): null

2019-01-03 23:40:47 - [TEST_STEP][PASSED] - Statement - out.println("


" + CaseReferenceNo + "


"): null

2019-01-03 23:40:47 - [MESSAGE][PASSED] - Call Test Case 'Test Cases/Final Aug 2018 - PKS Automation/Common/Reference Number Setter' successfully

2019-01-03 23:40:47 - [TEST_STEP][PASSED] - click: Object: 'Object Repository/Final Object Repo/Page_Request SSN - ASSIST/Add Document Button' is clicked on

2019-01-03 23:40:47 - [MESSAGE][PASSED] - Object: 'Object Repository/Final Object Repo/Page_Request SSN - ASSIST/Add Document Button' is clicked on

2019-01-03 23:40:47 - [TEST_STEP][PASSED] - delay: Delayed 2 second(s)

2019-01-03 23:40:49 - [MESSAGE][PASSED] - Delayed 2 second(s)

2019-01-03 23:40:49 - [TEST_STEP][PASSED] - click: Object: 'Object Repository/Final Object Repo/Page_Request SSN - ASSIST/Document Type' is clicked on

2019-01-03 23:40:51 - [MESSAGE][PASSED] - Object: 'Object Repository/Final Object Repo/Page_Request SSN - ASSIST/Document Type' is clicked on

2019-01-03 23:40:51 - [TEST_STEP][PASSED] - click: Object: 'Object Repository/Final Object Repo/Page_Request SSN - ASSIST/Document Type - Birth Certificate' is clicked on

2019-01-03 23:40:51 - [MESSAGE][PASSED] - Object: 'Object Repository/Final Object Repo/Page_Request SSN - ASSIST/Document Type - Birth Certificate' is clicked on

2019-01-03 23:40:51 - [TEST_STEP][PASSED] - sendKeys: Keys 'C:\Users\Public\Pictures\Sample Pictures\Koala.jpg' sent to object: 'Object Repository/Final Object Repo/Page_Request SSN - ASSIST/Upload File'

2019-01-03 23:40:51 - [MESSAGE][PASSED] - Keys 'C:\Users\Public\Pictures\Sample Pictures\Koala.jpg' sent to object: 'Object Repository/Final Object Repo/Page_Request SSN - ASSIST/Upload File'

2019-01-03 23:40:51 - [TEST_STEP][PASSED] - click: Object: 'Object Repository/Final Object Repo/Page_Request SSN - ASSIST/Add Document' is clicked on

2019-01-03 23:40:51 - [MESSAGE][PASSED] - Object: 'Object Repository/Final Object Repo/Page_Request SSN - ASSIST/Add Document' is clicked on

2019-01-03 23:40:51 - [TEST_STEP][PASSED] - delay: Delayed 20 second(s)

2019-01-03 23:41:11 - [MESSAGE][PASSED] - Delayed 20 second(s)

2019-01-03 23:41:11 - [TEST_STEP][PASSED] - click: Object: 'Object Repository/Final Object Repo/Page_Request SSN - ASSIST/Save  Continue in Uploading Document Page' is clicked on

2019-01-03 23:41:11 - [MESSAGE][PASSED] - Object: 'Object Repository/Final Object Repo/Page_Request SSN - ASSIST/Save  Continue in Uploading Document Page' is clicked on

2019-01-03 23:41:11 - [TEST_STEP][PASSED] - delay: Delayed 2 second(s)

2019-01-03 23:41:13 - [MESSAGE][PASSED] - Delayed 2 second(s)

2019-01-03 23:41:13 - [TEST_STEP][PASSED] - click: Object: 'Object Repository/Final Object Repo/Page_Request SSN - ASSIST/Submit' is clicked on

2019-01-03 23:41:16 - [MESSAGE][PASSED] - Object: 'Object Repository/Final Object Repo/Page_Request SSN - ASSIST/Submit' is clicked on

2019-01-03 23:41:16 - [TEST_STEP][PASSED] - delay: Delayed 2 second(s)

2019-01-03 23:41:18 - [MESSAGE][PASSED] - Delayed 2 second(s)

2019-01-03 23:41:18 - [TEST_STEP][PASSED] - click: Object: 'Object Repository/Final Object Repo/Page_Request SSN - ASSIST/Confirm' is clicked on

2019-01-03 23:41:18 - [MESSAGE][PASSED] - Object: 'Object Repository/Final Object Repo/Page_Request SSN - ASSIST/Confirm' is clicked on

2019-01-03 23:41:18 - [TEST_STEP][PASSED] - delay: Delayed 2 second(s)

2019-01-03 23:41:20 - [MESSAGE][PASSED] - Delayed 2 second(s)

2019-01-03 23:41:20 - [TEST_STEP][PASSED] - verifyElementVisible: Object 'Object Repository/Final Object Repo/Page_Request SSN - ASSIST/Message This Case will be routed to RIO' is visible

2019-01-03 23:41:26 - [MESSAGE][PASSED] - Object 'Object Repository/Final Object Repo/Page_Request SSN - ASSIST/Message This Case will be routed to RIO' is visible

2019-01-03 23:41:26 - [TEST_STEP][PASSED] - delay: Delayed 2 second(s)

2019-01-03 23:41:28 - [MESSAGE][PASSED] - Delayed 2 second(s)

2019-01-03 23:41:28 - [TEST_STEP][PASSED] - verifyElementVisible: Object 'Object Repository/Final Object Repo/Page_Request SSN - ASSIST/Letter of acknowledgement' is visible

2019-01-03 23:41:28 - [MESSAGE][PASSED] - Object 'Object Repository/Final Object Repo/Page_Request SSN - ASSIST/Letter of acknowledgement' is visible

2019-01-03 23:41:28 - [MESSAGE][PASSED] - Call Test Case 'Test Cases/Final Aug 2018 - PKS Automation/Registration Module/Workflow/Request SSN/Template/Request SSN - PKRBO' successfully

2019-01-03 23:41:28 - [TEST_STEP][PASSED] - callTestCase: Call Test Case 'Test Cases/Final Aug 2018 - PKS Automation/Registration Module/Workflow/Request SSN/Template/Request SSN RIO - RO (Approve and Using Current Employer Code)' successfully

2019-01-03 23:41:28 - [TEST_CASE][PASSED] - Test Cases/Final Aug 2018 - PKS Automation/Registration Module/Workflow/Request SSN/Template/Request SSN RIO - RO (Approve and Using Current Employer Code): Test Cases/Final Aug 2018 - PKS Automation/Registration Module/Workflow/Request SSN/Template/Request SSN RIO - RO (Approve and Using Current Employer Code)

2019-01-03 23:41:28 - [TEST_STEP][PASSED] - callTestCase: Call Test Case 'Test Cases/Final Aug 2018 - PKS Automation/Registration Module/Workflow/Request SSN/Template/Request SSN - OTC (Using Current Employer Code)' successfully

2019-01-03 23:41:28 - [TEST_CASE][PASSED] - Test Cases/Final Aug 2018 - PKS Automation/Registration Module/Workflow/Request SSN/Template/Request SSN - OTC (Using Current Employer Code): Test Cases/Final Aug 2018 - PKS Automation/Registration Module/Workflow/Request SSN/Template/Request SSN - OTC (Using Current Employer Code)

2019-01-03 23:41:28 - [TEST_STEP][PASSED] - openBrowser: Browser is opened with url: ''

2019-01-03 23:41:28 - [MESSAGE][WARNING] - A browser is already opened. Closing browser and opening a new one

2019-01-03 23:41:32 - [MESSAGE][PASSED] - Browser is opened with url: ''

2019-01-03 23:41:32 - [TEST_STEP][PASSED] - navigateToUrl: Navigate to 'https://assist2-uat.perkeso.gov.my/login' successfully

2019-01-03 23:41:33 - [MESSAGE][PASSED] - Navigate to 'https://assist2-uat.perkeso.gov.my/login' successfully

2019-01-03 23:41:33 - [TEST_STEP][PASSED] - setText: Text 'johorotc1@gmail.com' is set on object 'Object Repository/Final Object Repo/Login Page/Internal User/Email Address'

2019-01-03 23:41:33 - [MESSAGE][PASSED] - Text 'johorotc1@gmail.com' is set on object 'Object Repository/Final Object Repo/Login Page/Internal User/Email Address'

2019-01-03 23:41:33 - [TEST_STEP][PASSED] - click: Object: 'Object Repository/Final Object Repo/Login Page/Internal User/Next Button' is clicked on

2019-01-03 23:41:33 - [MESSAGE][PASSED] - Object: 'Object Repository/Final Object Repo/Login Page/Internal User/Next Button' is clicked on

2019-01-03 23:41:33 - [TEST_STEP][PASSED] - delay: Delayed 1 second(s)

2019-01-03 23:41:34 - [MESSAGE][PASSED] - Delayed 1 second(s)

2019-01-03 23:41:34 - [TEST_STEP][PASSED] - setEncryptedText: Text ****** has been set on object 'Object Repository/Final Object Repo/Login Page/Internal User/Password'

2019-01-03 23:41:35 - [MESSAGE][PASSED] - Text ****** has been set on object 'Object Repository/Final Object Repo/Login Page/Internal User/Password'

2019-01-03 23:41:35 - [TEST_STEP][PASSED] - click: Object: 'Object Repository/Final Object Repo/Login Page/Internal User/Login Button' is clicked on

2019-01-03 23:41:35 - [MESSAGE][PASSED] - Object: 'Object Repository/Final Object Repo/Login Page/Internal User/Login Button' is clicked on

2019-01-03 23:41:35 - [TEST_STEP][PASSED] - delay: Delayed 1 second(s)

2019-01-03 23:41:36 - [MESSAGE][PASSED] - Delayed 1 second(s)

2019-01-03 23:41:36 - [TEST_STEP][PASSED] - Statement - tester = com.kms.katalon.core.testobject.ObjectRepository.findTestObject(Final Object Repo/Landing Page/Select to English): Finding Test Object with id 'Object Repository/Final Object Repo/Landing Page/Select to English'

2019-01-03 23:41:36 - [TEST_STEP][PASSED] - Statement - Try: Delayed 2 second(s)

2019-01-03 23:41:36 - [TEST_STEP][PASSED] - Statement - Checker = com.kms.katalon.core.webui.keyword.WebUiBuiltInKeywords.verifyElementNotPresent(tester, 5): Web element with id: 'Object Repository/Final Object Repo/Landing Page/Select to English' located by 'By.xpath: //a[@class = 'taglib-language-list-text' and @lang = 'en-US' and (contains(text(), 'EN') or contains(., 'EN'))]' is not present after '5' second(s)

2019-01-03 23:41:37 - [MESSAGE][PASSED] - Web element with id: 'Object Repository/Final Object Repo/Landing Page/Select to English' located by 'By.xpath: //a[@class = 'taglib-language-list-text' and @lang = 'en-US' and (contains(text(), 'EN') or contains(., 'EN'))]' is not present after '5' second(s)

2019-01-03 23:41:37 - [TEST_STEP][PASSED] - Statement - If (Checker == false): null

2019-01-03 23:41:37 - [TEST_STEP][PASSED] - delay: Delayed 2 second(s)

2019-01-03 23:41:39 - [MESSAGE][PASSED] - Delayed 2 second(s)

2019-01-03 23:41:39 - [TEST_STEP][PASSED] - delay: Delayed 5 second(s)

2019-01-03 23:41:44 - [MESSAGE][PASSED] - Delayed 5 second(s)

2019-01-03 23:41:44 - [TEST_STEP][PASSED] - delay: Delayed 1 second(s)

2019-01-03 23:41:45 - [MESSAGE][PASSED] - Delayed 1 second(s)

2019-01-03 23:41:45 - [TEST_STEP][PASSED] - navigateToUrl: Navigate to 'https://assist2-uat.perkeso.gov.my/web/registration/request-ssn' successfully

2019-01-03 23:41:49 - [MESSAGE][PASSED] - Navigate to 'https://assist2-uat.perkeso.gov.my/web/registration/request-ssn' successfully

2019-01-03 23:41:49 - [TEST_STEP][PASSED] - setText: Text 'perkeso' is set on object 'Object Repository/Final Object Repo/Page_Request SSN - ASSIST/AI - Name'

2019-01-03 23:41:49 - [MESSAGE][PASSED] - Text 'perkeso' is set on object 'Object Repository/Final Object Repo/Page_Request SSN - ASSIST/AI - Name'

2019-01-03 23:41:49 - [TEST_STEP][PASSED] - click: Object: 'Object Repository/Final Object Repo/Page_Request SSN - ASSIST/AI - DOB' is clicked on

2019-01-03 23:41:50 - [MESSAGE][PASSED] - Object: 'Object Repository/Final Object Repo/Page_Request SSN - ASSIST/AI - DOB' is clicked on

2019-01-03 23:41:50 - [TEST_STEP][PASSED] - selectOptionByValue: All options with value '1995' are selected in object 'Object Repository/Final Object Repo/Page_Request SSN - ASSIST/AI - DOB - Year' 

2019-01-03 23:41:50 - [MESSAGE][PASSED] - All options with value '1995' are selected in object 'Object Repository/Final Object Repo/Page_Request SSN - ASSIST/AI - DOB - Year' 

2019-01-03 23:41:50 - [TEST_STEP][PASSED] - delay: Delayed 3 second(s)

2019-01-03 23:41:53 - [MESSAGE][PASSED] - Delayed 3 second(s)

2019-01-03 23:41:53 - [TEST_STEP][PASSED] - doubleClick: Object: 'Object Repository/Final Object Repo/Page_Request SSN - ASSIST/AI - DOB - Year - Date' is double clicked on

2019-01-03 23:41:53 - [MESSAGE][PASSED] - Object: 'Object Repository/Final Object Repo/Page_Request SSN - ASSIST/AI - DOB - Year - Date' is double clicked on

2019-01-03 23:41:53 - [TEST_STEP][PASSED] - click: Object: 'Object Repository/Final Object Repo/Page_Request SSN - ASSIST/AI - Male' is clicked on

2019-01-03 23:41:53 - [MESSAGE][PASSED] - Object: 'Object Repository/Final Object Repo/Page_Request SSN - ASSIST/AI - Male' is clicked on

2019-01-03 23:41:53 - [TEST_STEP][PASSED] - click: Object: 'Object Repository/Final Object Repo/Page_Request SSN - ASSIST/AI- Race' is clicked on

2019-01-03 23:41:53 - [MESSAGE][PASSED] - Object: 'Object Repository/Final Object Repo/Page_Request SSN - ASSIST/AI- Race' is clicked on

2019-01-03 23:41:53 - [TEST_STEP][PASSED] - click: Object: 'Object Repository/Final Object Repo/Page_Request SSN - ASSIST/AI - Race - Melayu' is clicked on

2019-01-03 23:41:54 - [MESSAGE][PASSED] - Object: 'Object Repository/Final Object Repo/Page_Request SSN - ASSIST/AI - Race - Melayu' is clicked on

2019-01-03 23:41:54 - [TEST_STEP][PASSED] - click: Object: 'Object Repository/Final Object Repo/Page_Request SSN - ASSIST/AI - Religion' is clicked on

2019-01-03 23:41:54 - [MESSAGE][PASSED] - Object: 'Object Repository/Final Object Repo/Page_Request SSN - ASSIST/AI - Religion' is clicked on

2019-01-03 23:41:54 - [TEST_STEP][PASSED] - click: Object: 'Object Repository/Final Object Repo/Page_Request SSN - ASSIST/AI - Religion - Islam' is clicked on

2019-01-03 23:41:54 - [MESSAGE][PASSED] - Object: 'Object Repository/Final Object Repo/Page_Request SSN - ASSIST/AI - Religion - Islam' is clicked on

2019-01-03 23:41:54 - [TEST_STEP][PASSED] - setText: Text '12345' is set on object 'Object Repository/Final Object Repo/Page_Request SSN - ASSIST/AI - Birth Certificate'

2019-01-03 23:41:55 - [MESSAGE][PASSED] - Text '12345' is set on object 'Object Repository/Final Object Repo/Page_Request SSN - ASSIST/AI - Birth Certificate'

2019-01-03 23:41:55 - [TEST_STEP][PASSED] - click: Object: 'Object Repository/Final Object Repo/Page_Request SSN - ASSIST/AI - Nationality' is clicked on

2019-01-03 23:41:55 - [MESSAGE][PASSED] - Object: 'Object Repository/Final Object Repo/Page_Request SSN - ASSIST/AI - Nationality' is clicked on

2019-01-03 23:41:55 - [TEST_STEP][PASSED] - click: Object: 'Object Repository/Final Object Repo/Page_Request SSN - ASSIST/AI - Nationality - Afghanistan' is clicked on

2019-01-03 23:41:55 - [MESSAGE][PASSED] - Object: 'Object Repository/Final Object Repo/Page_Request SSN - ASSIST/AI - Nationality - Afghanistan' is clicked on

2019-01-03 23:41:55 - [TEST_STEP][PASSED] - setText: Text 'PERKESO ADDRESS1' is set on object 'Object Repository/Final Object Repo/Page_Request SSN - ASSIST/AI - Address1'

2019-01-03 23:41:56 - [MESSAGE][PASSED] - Text 'PERKESO ADDRESS1' is set on object 'Object Repository/Final Object Repo/Page_Request SSN - ASSIST/AI - Address1'

2019-01-03 23:41:56 - [TEST_STEP][PASSED] - setText: Text 'PERKESO ADDRESS2' is set on object 'Object Repository/Final Object Repo/Page_Request SSN - ASSIST/AI - Address2'

2019-01-03 23:41:57 - [MESSAGE][PASSED] - Text 'PERKESO ADDRESS2' is set on object 'Object Repository/Final Object Repo/Page_Request SSN - ASSIST/AI - Address2'

2019-01-03 23:41:57 - [TEST_STEP][PASSED] - setText: Text 'PERKESO ADDRESS3' is set on object 'Object Repository/Final Object Repo/Page_Request SSN - ASSIST/AI - Address3'

2019-01-03 23:41:58 - [MESSAGE][PASSED] - Text 'PERKESO ADDRESS3' is set on object 'Object Repository/Final Object Repo/Page_Request SSN - ASSIST/AI - Address3'

2019-01-03 23:41:58 - [TEST_STEP][PASSED] - click: Object: 'Object Repository/Final Object Repo/Page_Request SSN - ASSIST/AI - State' is clicked on

2019-01-03 23:41:58 - [MESSAGE][PASSED] - Object: 'Object Repository/Final Object Repo/Page_Request SSN - ASSIST/AI - State' is clicked on

2019-01-03 23:41:58 - [TEST_STEP][PASSED] - click: Object: 'Object Repository/Final Object Repo/Page_Request SSN - ASSIST/AI - Current Employer State - Johor' is clicked on

2019-01-03 23:41:59 - [MESSAGE][PASSED] - Object: 'Object Repository/Final Object Repo/Page_Request SSN - ASSIST/AI - Current Employer State - Johor' is clicked on

2019-01-03 23:41:59 - [TEST_STEP][PASSED] - click: Object: 'Object Repository/Final Object Repo/Page_Request SSN - ASSIST/AI - City' is clicked on

2019-01-03 23:41:59 - [MESSAGE][PASSED] - Object: 'Object Repository/Final Object Repo/Page_Request SSN - ASSIST/AI - City' is clicked on

2019-01-03 23:41:59 - [TEST_STEP][PASSED] - setText: Text 'JOH' is set on object 'Object Repository/Final Object Repo/Page_Request SSN - ASSIST/AI - City - JOH'

2019-01-03 23:41:59 - [MESSAGE][PASSED] - Text 'JOH' is set on object 'Object Repository/Final Object Repo/Page_Request SSN - ASSIST/AI - City - JOH'

2019-01-03 23:41:59 - [TEST_STEP][PASSED] - delay: Delayed 3 second(s)

2019-01-03 23:42:02 - [MESSAGE][PASSED] - Delayed 3 second(s)

2019-01-03 23:42:02 - [TEST_STEP][PASSED] - click: Object: 'Object Repository/Final Object Repo/Page_Request SSN - ASSIST/AI - City - Johor Bharu' is clicked on

2019-01-03 23:42:03 - [MESSAGE][PASSED] - Object: 'Object Repository/Final Object Repo/Page_Request SSN - ASSIST/AI - City - Johor Bharu' is clicked on

2019-01-03 23:42:03 - [TEST_STEP][PASSED] - click: Object: 'Object Repository/Final Object Repo/Page_Request SSN - ASSIST/AI - Post Code' is clicked on

2019-01-03 23:42:03 - [MESSAGE][PASSED] - Object: 'Object Repository/Final Object Repo/Page_Request SSN - ASSIST/AI - Post Code' is clicked on

2019-01-03 23:42:03 - [TEST_STEP][PASSED] - setText: Text '810' is set on object 'Object Repository/Final Object Repo/Page_Request SSN - ASSIST/AI - City - JOH'

2019-01-03 23:42:03 - [MESSAGE][PASSED] - Text '810' is set on object 'Object Repository/Final Object Repo/Page_Request SSN - ASSIST/AI - City - JOH'

2019-01-03 23:42:03 - [TEST_STEP][PASSED] - delay: Delayed 3 second(s)

2019-01-03 23:42:06 - [MESSAGE][PASSED] - Delayed 3 second(s)

2019-01-03 23:42:06 - [TEST_STEP][PASSED] - click: Object: 'Object Repository/Final Object Repo/Page_Request SSN - ASSIST/AI - PostCode - 81000' is clicked on

2019-01-03 23:42:07 - [MESSAGE][PASSED] - Object: 'Object Repository/Final Object Repo/Page_Request SSN - ASSIST/AI - PostCode - 81000' is clicked on

2019-01-03 23:42:07 - [TEST_STEP][PASSED] - setText: Text '100' is set on object 'Object Repository/Final Object Repo/Page_Request SSN - ASSIST/P.O.BOX'

2019-01-03 23:42:07 - [MESSAGE][PASSED] - Text '100' is set on object 'Object Repository/Final Object Repo/Page_Request SSN - ASSIST/P.O.BOX'

2019-01-03 23:42:07 - [TEST_STEP][PASSED] - setText: Text '100' is set on object 'Object Repository/Final Object Repo/Page_Request SSN - ASSIST/Locked Bag No'

2019-01-03 23:42:08 - [MESSAGE][PASSED] - Text '100' is set on object 'Object Repository/Final Object Repo/Page_Request SSN - ASSIST/Locked Bag No'

2019-01-03 23:42:08 - [TEST_STEP][PASSED] - delay: Delayed 2 second(s)

2019-01-03 23:42:10 - [MESSAGE][PASSED] - Delayed 2 second(s)

2019-01-03 23:42:10 - [TEST_STEP][PASSED] - setText: Text '123456789' is set on object 'Object Repository/Final Object Repo/Page_Request SSN - ASSIST/AI - Telephone No'

2019-01-03 23:42:11 - [MESSAGE][PASSED] - Text '123456789' is set on object 'Object Repository/Final Object Repo/Page_Request SSN - ASSIST/AI - Telephone No'

2019-01-03 23:42:11 - [TEST_STEP][PASSED] - click: Object: 'Object Repository/Final Object Repo/Page_Request SSN - ASSIST/AI - Occupation' is clicked on

2019-01-03 23:42:11 - [MESSAGE][PASSED] - Object: 'Object Repository/Final Object Repo/Page_Request SSN - ASSIST/AI - Occupation' is clicked on

2019-01-03 23:42:11 - [TEST_STEP][PASSED] - click: Object: 'Object Repository/Final Object Repo/Page_Request SSN - ASSIST/AI - Occupation - NUMERICAL AND MATERIAL R' is clicked on

2019-01-03 23:42:11 - [MESSAGE][PASSED] - Object: 'Object Repository/Final Object Repo/Page_Request SSN - ASSIST/AI - Occupation - NUMERICAL AND MATERIAL R' is clicked on

2019-01-03 23:42:11 - [TEST_STEP][PASSED] - delay: Delayed 2 second(s)

2019-01-03 23:42:13 - [MESSAGE][PASSED] - Delayed 2 second(s)

2019-01-03 23:42:13 - [TEST_STEP][PASSED] - click: Object: 'Object Repository/Final Object Repo/Page_Request SSN - ASSIST/AI - Sub Occupation' is clicked on

2019-01-03 23:42:13 - [MESSAGE][PASSED] - Object: 'Object Repository/Final Object Repo/Page_Request SSN - ASSIST/AI - Sub Occupation' is clicked on

2019-01-03 23:42:13 - [TEST_STEP][PASSED] - click: Object: 'Object Repository/Final Object Repo/Page_Request SSN - ASSIST/AI - Sub Occupation - Stock Clerks' is clicked on

2019-01-03 23:42:13 - [MESSAGE][PASSED] - Object: 'Object Repository/Final Object Repo/Page_Request SSN - ASSIST/AI - Sub Occupation - Stock Clerks' is clicked on

2019-01-03 23:42:13 - [TEST_STEP][PASSED] - delay: Delayed 2 second(s)

2019-01-03 23:42:15 - [MESSAGE][PASSED] - Delayed 2 second(s)

2019-01-03 23:42:15 - [TEST_STEP][PASSED] - click: Object: 'Object Repository/Final Object Repo/Page_Request SSN - ASSIST/AI - Sub Occupation List' is clicked on

2019-01-03 23:42:16 - [MESSAGE][PASSED] - Object: 'Object Repository/Final Object Repo/Page_Request SSN - ASSIST/AI - Sub Occupation List' is clicked on

2019-01-03 23:42:16 - [TEST_STEP][PASSED] - click: Object: 'Object Repository/Final Object Repo/Page_Request SSN - ASSIST/AI - Sub Occupation List - Clerk raw material' is clicked on

2019-01-03 23:42:16 - [MESSAGE][PASSED] - Object: 'Object Repository/Final Object Repo/Page_Request SSN - ASSIST/AI - Sub Occupation List - Clerk raw material' is clicked on

2019-01-03 23:42:16 - [TEST_STEP][PASSED] - click: Object: 'Object Repository/Final Object Repo/Page_Request SSN - ASSIST/AI - Employment Start Date' is clicked on

2019-01-03 23:42:16 - [MESSAGE][PASSED] - Object: 'Object Repository/Final Object Repo/Page_Request SSN - ASSIST/AI - Employment Start Date' is clicked on

2019-01-03 23:42:16 - [TEST_STEP][PASSED] - click: Object: 'Object Repository/Final Object Repo/Page_Request SSN - ASSIST/AI - DOB - Year - Date' is clicked on

2019-01-03 23:42:16 - [MESSAGE][PASSED] - Object: 'Object Repository/Final Object Repo/Page_Request SSN - ASSIST/AI - DOB - Year - Date' is clicked on

2019-01-03 23:42:16 - [TEST_STEP][PASSED] - setText: Text 'E1102001065V' is set on object 'Object Repository/Final Object Repo/Page_Request SSN - ASSIST/AI - Current Employer Code'

2019-01-03 23:42:17 - [MESSAGE][PASSED] - Text 'E1102001065V' is set on object 'Object Repository/Final Object Repo/Page_Request SSN - ASSIST/AI - Current Employer Code'

2019-01-03 23:42:17 - [TEST_STEP][PASSED] - delay: Delayed 2 second(s)

2019-01-03 23:42:19 - [MESSAGE][PASSED] - Delayed 2 second(s)

2019-01-03 23:42:19 - [TEST_STEP][PASSED] - click: Object: 'Object Repository/Final Object Repo/Page_Request SSN - ASSIST/AI - Current Employer Code - Search' is clicked on

2019-01-03 23:42:19 - [MESSAGE][PASSED] - Object: 'Object Repository/Final Object Repo/Page_Request SSN - ASSIST/AI - Current Employer Code - Search' is clicked on

2019-01-03 23:42:19 - [TEST_STEP][PASSED] - delay: Delayed 2 second(s)

2019-01-03 23:42:21 - [MESSAGE][PASSED] - Delayed 2 second(s)

2019-01-03 23:42:21 - [TEST_STEP][NOT_RUN] - setText: NOT_RUN: setText

2019-01-03 23:42:21 - [MESSAGE][NOT_RUN] - NOT_RUN: setText

2019-01-03 23:42:21 - [TEST_STEP][NOT_RUN] - setText: NOT_RUN: setText

2019-01-03 23:42:21 - [MESSAGE][NOT_RUN] - NOT_RUN: setText

2019-01-03 23:42:21 - [TEST_STEP][NOT_RUN] - setText: NOT_RUN: setText

2019-01-03 23:42:21 - [MESSAGE][NOT_RUN] - NOT_RUN: setText

2019-01-03 23:42:21 - [TEST_STEP][NOT_RUN] - setText: NOT_RUN: setText

2019-01-03 23:42:21 - [MESSAGE][NOT_RUN] - NOT_RUN: setText

2019-01-03 23:42:21 - [TEST_STEP][NOT_RUN] - click: NOT_RUN: click

2019-01-03 23:42:21 - [MESSAGE][NOT_RUN] - NOT_RUN: click

2019-01-03 23:42:21 - [TEST_STEP][NOT_RUN] - click: NOT_RUN: click

2019-01-03 23:42:21 - [MESSAGE][NOT_RUN] - NOT_RUN: click

2019-01-03 23:42:21 - [TEST_STEP][NOT_RUN] - click: NOT_RUN: click

2019-01-03 23:42:21 - [MESSAGE][NOT_RUN] - NOT_RUN: click

2019-01-03 23:42:21 - [TEST_STEP][NOT_RUN] - setText: NOT_RUN: setText

2019-01-03 23:42:21 - [MESSAGE][NOT_RUN] - NOT_RUN: setText

2019-01-03 23:42:21 - [TEST_STEP][NOT_RUN] - delay: NOT_RUN: delay

2019-01-03 23:42:21 - [MESSAGE][NOT_RUN] - NOT_RUN: delay

2019-01-03 23:42:21 - [TEST_STEP][NOT_RUN] - click: NOT_RUN: click

2019-01-03 23:42:21 - [MESSAGE][NOT_RUN] - NOT_RUN: click

2019-01-03 23:42:21 - [TEST_STEP][NOT_RUN] - click: NOT_RUN: click

2019-01-03 23:42:21 - [MESSAGE][NOT_RUN] - NOT_RUN: click

2019-01-03 23:42:21 - [TEST_STEP][NOT_RUN] - setText: NOT_RUN: setText

2019-01-03 23:42:21 - [MESSAGE][NOT_RUN] - NOT_RUN: setText

2019-01-03 23:42:21 - [TEST_STEP][NOT_RUN] - delay: NOT_RUN: delay

2019-01-03 23:42:21 - [MESSAGE][NOT_RUN] - NOT_RUN: delay

2019-01-03 23:42:21 - [TEST_STEP][NOT_RUN] - click: NOT_RUN: click

2019-01-03 23:42:21 - [MESSAGE][NOT_RUN] - NOT_RUN: click

2019-01-03 23:42:21 - [TEST_STEP][NOT_RUN] - setText: NOT_RUN: setText

2019-01-03 23:42:21 - [MESSAGE][NOT_RUN] - NOT_RUN: setText

2019-01-03 23:42:21 - [TEST_STEP][NOT_RUN] - setText: NOT_RUN: setText

2019-01-03 23:42:21 - [MESSAGE][NOT_RUN] - NOT_RUN: setText

2019-01-03 23:42:21 - [TEST_STEP][NOT_RUN] - click: NOT_RUN: click

2019-01-03 23:42:21 - [MESSAGE][NOT_RUN] - NOT_RUN: click

2019-01-03 23:42:21 - [TEST_STEP][NOT_RUN] - click: NOT_RUN: click

2019-01-03 23:42:21 - [MESSAGE][NOT_RUN] - NOT_RUN: click

2019-01-03 23:42:21 - [TEST_STEP][NOT_RUN] - setText: NOT_RUN: setText

2019-01-03 23:42:21 - [MESSAGE][NOT_RUN] - NOT_RUN: setText

2019-01-03 23:42:21 - [TEST_STEP][NOT_RUN] - click: NOT_RUN: click

2019-01-03 23:42:21 - [MESSAGE][NOT_RUN] - NOT_RUN: click

2019-01-03 23:42:21 - [TEST_STEP][NOT_RUN] - click: NOT_RUN: click

2019-01-03 23:42:21 - [MESSAGE][NOT_RUN] - NOT_RUN: click

2019-01-03 23:42:21 - [TEST_STEP][NOT_RUN] - click: NOT_RUN: click

2019-01-03 23:42:21 - [MESSAGE][NOT_RUN] - NOT_RUN: click

2019-01-03 23:42:21 - [TEST_STEP][NOT_RUN] - click: NOT_RUN: click

2019-01-03 23:42:21 - [MESSAGE][NOT_RUN] - NOT_RUN: click

2019-01-03 23:42:21 - [TEST_STEP][NOT_RUN] - click: NOT_RUN: click

2019-01-03 23:42:21 - [MESSAGE][NOT_RUN] - NOT_RUN: click

2019-01-03 23:42:21 - [TEST_STEP][NOT_RUN] - click: NOT_RUN: click

2019-01-03 23:42:21 - [MESSAGE][NOT_RUN] - NOT_RUN: click

2019-01-03 23:42:21 - [TEST_STEP][NOT_RUN] - setText: NOT_RUN: setText

2019-01-03 23:42:21 - [MESSAGE][NOT_RUN] - NOT_RUN: setText

2019-01-03 23:42:21 - [TEST_STEP][NOT_RUN] - setText: NOT_RUN: setText

2019-01-03 23:42:21 - [MESSAGE][NOT_RUN] - NOT_RUN: setText

2019-01-03 23:42:21 - [TEST_STEP][NOT_RUN] - setText: NOT_RUN: setText

2019-01-03 23:42:21 - [MESSAGE][NOT_RUN] - NOT_RUN: setText

2019-01-03 23:42:21 - [TEST_STEP][NOT_RUN] - click: NOT_RUN: click

2019-01-03 23:42:21 - [MESSAGE][NOT_RUN] - NOT_RUN: click

2019-01-03 23:42:21 - [TEST_STEP][NOT_RUN] - click: NOT_RUN: click

2019-01-03 23:42:21 - [MESSAGE][NOT_RUN] - NOT_RUN: click

2019-01-03 23:42:21 - [TEST_STEP][NOT_RUN] - click: NOT_RUN: click

2019-01-03 23:42:21 - [MESSAGE][NOT_RUN] - NOT_RUN: click

2019-01-03 23:42:21 - [TEST_STEP][NOT_RUN] - setText: NOT_RUN: setText

2019-01-03 23:42:21 - [MESSAGE][NOT_RUN] - NOT_RUN: setText

2019-01-03 23:42:21 - [TEST_STEP][NOT_RUN] - delay: NOT_RUN: delay

2019-01-03 23:42:21 - [MESSAGE][NOT_RUN] - NOT_RUN: delay

2019-01-03 23:42:21 - [TEST_STEP][NOT_RUN] - click: NOT_RUN: click

2019-01-03 23:42:21 - [MESSAGE][NOT_RUN] - NOT_RUN: click

2019-01-03 23:42:21 - [TEST_STEP][NOT_RUN] - click: NOT_RUN: click

2019-01-03 23:42:21 - [MESSAGE][NOT_RUN] - NOT_RUN: click

2019-01-03 23:42:21 - [TEST_STEP][NOT_RUN] - click: NOT_RUN: click

2019-01-03 23:42:21 - [MESSAGE][NOT_RUN] - NOT_RUN: click

2019-01-03 23:42:21 - [TEST_STEP][NOT_RUN] - setText: NOT_RUN: setText

2019-01-03 23:42:21 - [MESSAGE][NOT_RUN] - NOT_RUN: setText

2019-01-03 23:42:21 - [TEST_STEP][NOT_RUN] - delay: NOT_RUN: delay

2019-01-03 23:42:21 - [MESSAGE][NOT_RUN] - NOT_RUN: delay

2019-01-03 23:42:21 - [TEST_STEP][NOT_RUN] - click: NOT_RUN: click

2019-01-03 23:42:21 - [MESSAGE][NOT_RUN] - NOT_RUN: click

2019-01-03 23:42:21 - [TEST_STEP][NOT_RUN] - delay: NOT_RUN: delay

2019-01-03 23:42:21 - [MESSAGE][NOT_RUN] - NOT_RUN: delay

2019-01-03 23:42:21 - [TEST_STEP][NOT_RUN] - setText: NOT_RUN: setText

2019-01-03 23:42:21 - [MESSAGE][NOT_RUN] - NOT_RUN: setText

2019-01-03 23:42:21 - [TEST_STEP][NOT_RUN] - setText: NOT_RUN: setText

2019-01-03 23:42:21 - [MESSAGE][NOT_RUN] - NOT_RUN: setText

2019-01-03 23:42:21 - [TEST_STEP][NOT_RUN] - setText: NOT_RUN: setText

2019-01-03 23:42:21 - [MESSAGE][NOT_RUN] - NOT_RUN: setText

2019-01-03 23:42:21 - [TEST_STEP][NOT_RUN] - click: NOT_RUN: click

2019-01-03 23:42:21 - [MESSAGE][NOT_RUN] - NOT_RUN: click

2019-01-03 23:42:21 - [TEST_STEP][NOT_RUN] - click: NOT_RUN: click

2019-01-03 23:42:21 - [MESSAGE][NOT_RUN] - NOT_RUN: click

2019-01-03 23:42:21 - [TEST_STEP][NOT_RUN] - setText: NOT_RUN: setText

2019-01-03 23:42:21 - [MESSAGE][NOT_RUN] - NOT_RUN: setText

2019-01-03 23:42:21 - [TEST_STEP][NOT_RUN] - click: NOT_RUN: click

2019-01-03 23:42:21 - [MESSAGE][NOT_RUN] - NOT_RUN: click

2019-01-03 23:42:21 - [TEST_STEP][NOT_RUN] - click: NOT_RUN: click

2019-01-03 23:42:21 - [MESSAGE][NOT_RUN] - NOT_RUN: click

2019-01-03 23:42:21 - [TEST_STEP][NOT_RUN] - click: NOT_RUN: click

2019-01-03 23:42:21 - [MESSAGE][NOT_RUN] - NOT_RUN: click

2019-01-03 23:42:21 - [TEST_STEP][NOT_RUN] - click: NOT_RUN: click

2019-01-03 23:42:21 - [MESSAGE][NOT_RUN] - NOT_RUN: click

2019-01-03 23:42:21 - [TEST_STEP][NOT_RUN] - click: NOT_RUN: click

2019-01-03 23:42:21 - [MESSAGE][NOT_RUN] - NOT_RUN: click

2019-01-03 23:42:21 - [TEST_STEP][NOT_RUN] - click: NOT_RUN: click

2019-01-03 23:42:21 - [MESSAGE][NOT_RUN] - NOT_RUN: click

2019-01-03 23:42:21 - [TEST_STEP][NOT_RUN] - setText: NOT_RUN: setText

2019-01-03 23:42:21 - [MESSAGE][NOT_RUN] - NOT_RUN: setText

2019-01-03 23:42:21 - [TEST_STEP][NOT_RUN] - setText: NOT_RUN: setText

2019-01-03 23:42:21 - [MESSAGE][NOT_RUN] - NOT_RUN: setText

2019-01-03 23:42:21 - [TEST_STEP][NOT_RUN] - setText: NOT_RUN: setText

2019-01-03 23:42:21 - [MESSAGE][NOT_RUN] - NOT_RUN: setText

2019-01-03 23:42:21 - [TEST_STEP][NOT_RUN] - click: NOT_RUN: click

2019-01-03 23:42:21 - [MESSAGE][NOT_RUN] - NOT_RUN: click

2019-01-03 23:42:21 - [TEST_STEP][NOT_RUN] - click: NOT_RUN: click

2019-01-03 23:42:21 - [MESSAGE][NOT_RUN] - NOT_RUN: click

2019-01-03 23:42:21 - [TEST_STEP][NOT_RUN] - click: NOT_RUN: click

2019-01-03 23:42:21 - [MESSAGE][NOT_RUN] - NOT_RUN: click

2019-01-03 23:42:21 - [TEST_STEP][NOT_RUN] - delay: NOT_RUN: delay

2019-01-03 23:42:21 - [MESSAGE][NOT_RUN] - NOT_RUN: delay

2019-01-03 23:42:21 - [TEST_STEP][NOT_RUN] - setText: NOT_RUN: setText

2019-01-03 23:42:21 - [MESSAGE][NOT_RUN] - NOT_RUN: setText

2019-01-03 23:42:21 - [TEST_STEP][NOT_RUN] - delay: NOT_RUN: delay

2019-01-03 23:42:21 - [MESSAGE][NOT_RUN] - NOT_RUN: delay

2019-01-03 23:42:21 - [TEST_STEP][NOT_RUN] - click: NOT_RUN: click

2019-01-03 23:42:22 - [MESSAGE][NOT_RUN] - NOT_RUN: click

2019-01-03 23:42:22 - [TEST_STEP][NOT_RUN] - doubleClick: NOT_RUN: doubleClick

2019-01-03 23:42:22 - [MESSAGE][NOT_RUN] - NOT_RUN: doubleClick

2019-01-03 23:42:22 - [TEST_STEP][NOT_RUN] - click: NOT_RUN: click

2019-01-03 23:42:22 - [MESSAGE][NOT_RUN] - NOT_RUN: click

2019-01-03 23:42:22 - [TEST_STEP][NOT_RUN] - setText: NOT_RUN: setText

2019-01-03 23:42:22 - [MESSAGE][NOT_RUN] - NOT_RUN: setText

2019-01-03 23:42:22 - [TEST_STEP][NOT_RUN] - delay: NOT_RUN: delay

2019-01-03 23:42:22 - [MESSAGE][NOT_RUN] - NOT_RUN: delay

2019-01-03 23:42:22 - [TEST_STEP][NOT_RUN] - click: NOT_RUN: click

2019-01-03 23:42:22 - [MESSAGE][NOT_RUN] - NOT_RUN: click

2019-01-03 23:42:22 - [TEST_STEP][NOT_RUN] - delay: NOT_RUN: delay

2019-01-03 23:42:22 - [MESSAGE][NOT_RUN] - NOT_RUN: delay

2019-01-03 23:42:22 - [TEST_STEP][NOT_RUN] - setText: NOT_RUN: setText

2019-01-03 23:42:22 - [MESSAGE][NOT_RUN] - NOT_RUN: setText

2019-01-03 23:42:22 - [TEST_STEP][PASSED] - click: Object: 'Object Repository/Final Object Repo/Page_Request SSN - ASSIST/Save  Continue' is clicked on

2019-01-03 23:42:22 - [MESSAGE][PASSED] - Object: 'Object Repository/Final Object Repo/Page_Request SSN - ASSIST/Save  Continue' is clicked on

2019-01-03 23:42:22 - [TEST_STEP][PASSED] - delay: Delayed 3 second(s)

2019-01-03 23:42:25 - [MESSAGE][PASSED] - Delayed 3 second(s)

2019-01-03 23:42:25 - [TEST_STEP][PASSED] - Statement - CaseReferenceNo = com.kms.katalon.core.webui.keyword.WebUiBuiltInKeywords.getText(com.kms.katalon.core.testobject.ObjectRepository.findTestObject(Final Object Repo/Page_Request SSN - ASSIST/Reference Number in Uploading Page - OTC)): Text of object 'Object Repository/Final Object Repo/Page_Request SSN - ASSIST/Reference Number in Uploading Page - OTC' is: 'SSN01201900001205'

2019-01-03 23:42:25 - [MESSAGE][PASSED] - Text of object 'Object Repository/Final Object Repo/Page_Request SSN - ASSIST/Reference Number in Uploading Page - OTC' is: 'SSN01201900001205'

2019-01-03 23:42:25 - [TEST_STEP][PASSED] - Statement - out.println(CaseReferenceNo): null

2019-01-03 23:42:25 - [TEST_STEP][PASSED] - callTestCase: Call Test Case 'Test Cases/Final Aug 2018 - PKS Automation/Common/Reference Number Setter' successfully

2019-01-03 23:42:25 - [TEST_CASE][PASSED] - Test Cases/Final Aug 2018 - PKS Automation/Common/Reference Number Setter: Test Cases/Final Aug 2018 - PKS Automation/Common/Reference Number Setter

2019-01-03 23:42:25 - [TEST_STEP][PASSED] - Statement - RefNoOldFile = new java.io.File(C://Users//Admin//Desktop//PKS//Automation Reference Point//KatalonReference.txt): null

2019-01-03 23:42:25 - [TEST_STEP][PASSED] - Statement - RefNoOldFile.delete(): null

2019-01-03 23:42:25 - [TEST_STEP][PASSED] - delay: Delayed 5 second(s)

2019-01-03 23:42:30 - [MESSAGE][PASSED] - Delayed 5 second(s)

2019-01-03 23:42:30 - [TEST_STEP][PASSED] - Statement - RefNo = new java.io.File(C://Users//Admin//Desktop//PKS//Automation Reference Point//KatalonReference.txt): null

2019-01-03 23:42:30 - [TEST_STEP][PASSED] - Statement - f2 = new java.io.FileWriter(RefNo, false): null

2019-01-03 23:42:30 - [TEST_STEP][PASSED] - Statement - f2.write(CaseReferenceNo): null

2019-01-03 23:42:30 - [TEST_STEP][PASSED] - Statement - f2.close(): null

2019-01-03 23:42:30 - [TEST_STEP][PASSED] - Statement - out.println("


" + CaseReferenceNo + "


"): null

2019-01-03 23:42:30 - [MESSAGE][PASSED] - Call Test Case 'Test Cases/Final Aug 2018 - PKS Automation/Common/Reference Number Setter' successfully

2019-01-03 23:42:30 - [TEST_STEP][PASSED] - click: Object: 'Object Repository/Final Object Repo/Page_Request SSN - ASSIST/Add Document Button' is clicked on

2019-01-03 23:42:30 - [MESSAGE][PASSED] - Object: 'Object Repository/Final Object Repo/Page_Request SSN - ASSIST/Add Document Button' is clicked on

2019-01-03 23:42:30 - [TEST_STEP][PASSED] - delay: Delayed 2 second(s)

2019-01-03 23:42:32 - [MESSAGE][PASSED] - Delayed 2 second(s)

2019-01-03 23:42:32 - [TEST_STEP][PASSED] - click: Object: 'Object Repository/Final Object Repo/Page_Request SSN - ASSIST/Document Type' is clicked on

2019-01-03 23:42:33 - [MESSAGE][PASSED] - Object: 'Object Repository/Final Object Repo/Page_Request SSN - ASSIST/Document Type' is clicked on

2019-01-03 23:42:33 - [TEST_STEP][PASSED] - click: Object: 'Object Repository/Final Object Repo/Page_Request SSN - ASSIST/Document Type - Birth Certificate' is clicked on

2019-01-03 23:42:34 - [MESSAGE][PASSED] - Object: 'Object Repository/Final Object Repo/Page_Request SSN - ASSIST/Document Type - Birth Certificate' is clicked on

2019-01-03 23:42:34 - [TEST_STEP][PASSED] - sendKeys: Keys 'C:\Users\Public\Pictures\Sample Pictures\Koala.jpg' sent to object: 'Object Repository/Final Object Repo/Page_Request SSN - ASSIST/Upload File'

2019-01-03 23:42:34 - [MESSAGE][PASSED] - Keys 'C:\Users\Public\Pictures\Sample Pictures\Koala.jpg' sent to object: 'Object Repository/Final Object Repo/Page_Request SSN - ASSIST/Upload File'

2019-01-03 23:42:34 - [TEST_STEP][PASSED] - click: Object: 'Object Repository/Final Object Repo/Page_Request SSN - ASSIST/Add Document' is clicked on

2019-01-03 23:42:34 - [MESSAGE][PASSED] - Object: 'Object Repository/Final Object Repo/Page_Request SSN - ASSIST/Add Document' is clicked on

2019-01-03 23:42:34 - [TEST_STEP][PASSED] - delay: Delayed 2 second(s)

2019-01-03 23:42:36 - [MESSAGE][PASSED] - Delayed 2 second(s)

2019-01-03 23:42:36 - [TEST_STEP][PASSED] - click: Object: 'Object Repository/Final Object Repo/Page_Request SSN - ASSIST/Save  Continue in Uploading Document Page' is clicked on

2019-01-03 23:42:38 - [MESSAGE][PASSED] - Object: 'Object Repository/Final Object Repo/Page_Request SSN - ASSIST/Save  Continue in Uploading Document Page' is clicked on

2019-01-03 23:42:38 - [TEST_STEP][PASSED] - delay: Delayed 2 second(s)

2019-01-03 23:42:40 - [MESSAGE][PASSED] - Delayed 2 second(s)

2019-01-03 23:42:40 - [TEST_STEP][PASSED] - click: Object: 'Object Repository/Final Object Repo/Page_Request SSN - ASSIST/Submit' is clicked on

2019-01-03 23:42:42 - [MESSAGE][PASSED] - Object: 'Object Repository/Final Object Repo/Page_Request SSN - ASSIST/Submit' is clicked on

2019-01-03 23:42:42 - [TEST_STEP][PASSED] - delay: Delayed 2 second(s)

2019-01-03 23:42:44 - [MESSAGE][PASSED] - Delayed 2 second(s)

2019-01-03 23:42:44 - [TEST_STEP][PASSED] - click: Object: 'Object Repository/Final Object Repo/Page_Request SSN - ASSIST/Confirm' is clicked on

2019-01-03 23:42:45 - [MESSAGE][PASSED] - Object: 'Object Repository/Final Object Repo/Page_Request SSN - ASSIST/Confirm' is clicked on

2019-01-03 23:42:45 - [TEST_STEP][PASSED] - delay: Delayed 2 second(s)

2019-01-03 23:42:47 - [MESSAGE][PASSED] - Delayed 2 second(s)

2019-01-03 23:42:47 - [TEST_STEP][PASSED] - verifyElementVisible: Object 'Object Repository/Final Object Repo/Page_Request SSN - ASSIST/Message This Case will be routed to RIO' is visible

2019-01-03 23:42:52 - [MESSAGE][PASSED] - Object 'Object Repository/Final Object Repo/Page_Request SSN - ASSIST/Message This Case will be routed to RIO' is visible

2019-01-03 23:42:52 - [TEST_STEP][PASSED] - delay: Delayed 2 second(s)

2019-01-03 23:42:54 - [MESSAGE][PASSED] - Delayed 2 second(s)

2019-01-03 23:42:54 - [TEST_STEP][PASSED] - verifyElementVisible: Object 'Object Repository/Final Object Repo/Page_Request SSN - ASSIST/Letter of acknowledgement' is visible

2019-01-03 23:42:54 - [MESSAGE][PASSED] - Object 'Object Repository/Final Object Repo/Page_Request SSN - ASSIST/Letter of acknowledgement' is visible

2019-01-03 23:42:54 - [MESSAGE][PASSED] - Call Test Case 'Test Cases/Final Aug 2018 - PKS Automation/Registration Module/Workflow/Request SSN/Template/Request SSN - OTC (Using Current Employer Code)' successfully

2019-01-03 23:42:54 - [TEST_STEP][PASSED] - delay: Delayed 2 second(s)

2019-01-03 23:42:56 - [MESSAGE][PASSED] - Delayed 2 second(s)

2019-01-03 23:42:56 - [TEST_STEP][PASSED] - navigateToUrl: Navigate to 'https://assist2-uat.perkeso.gov.my/c/portal/logout' successfully

2019-01-03 23:42:57 - [MESSAGE][PASSED] - Navigate to 'https://assist2-uat.perkeso.gov.my/c/portal/logout' successfully

2019-01-03 23:42:57 - [TEST_STEP][PASSED] - delay: Delayed 2 second(s)

2019-01-03 23:42:59 - [MESSAGE][PASSED] - Delayed 2 second(s)

2019-01-03 23:42:59 - [TEST_STEP][PASSED] - callTestCase: Call Test Case 'Test Cases/Final Aug 2018 - PKS Automation/Common/Workflow Owner Finder' successfully

2019-01-03 23:42:59 - [TEST_CASE][PASSED] - Test Cases/Final Aug 2018 - PKS Automation/Common/Workflow Owner Finder: Test Cases/Final Aug 2018 - PKS Automation/Common/Workflow Owner Finder

2019-01-03 23:42:59 - [TEST_STEP][PASSED] - openBrowser: Browser is opened with url: ''

2019-01-03 23:42:59 - [MESSAGE][WARNING] - A browser is already opened. Closing browser and opening a new one

2019-01-03 23:43:03 - [MESSAGE][PASSED] - Browser is opened with url: ''

2019-01-03 23:43:03 - [TEST_STEP][PASSED] - navigateToUrl: Navigate to 'https://assist2-uat.perkeso.gov.my/login' successfully

2019-01-03 23:43:04 - [MESSAGE][PASSED] - Navigate to 'https://assist2-uat.perkeso.gov.my/login' successfully

2019-01-03 23:43:04 - [TEST_STEP][PASSED] - delay: Delayed 5 second(s)

2019-01-03 23:43:09 - [MESSAGE][PASSED] - Delayed 5 second(s)

2019-01-03 23:43:09 - [TEST_STEP][PASSED] - setText: Text 'test@liferay.com' is set on object 'Object Repository/Final Object Repo/Login Page/Internal User/Email Address'

2019-01-03 23:43:09 - [MESSAGE][PASSED] - Text 'test@liferay.com' is set on object 'Object Repository/Final Object Repo/Login Page/Internal User/Email Address'

2019-01-03 23:43:09 - [TEST_STEP][PASSED] - click: Object: 'Object Repository/Final Object Repo/Login Page/Internal User/Next Button' is clicked on

2019-01-03 23:43:10 - [MESSAGE][PASSED] - Object: 'Object Repository/Final Object Repo/Login Page/Internal User/Next Button' is clicked on

2019-01-03 23:43:10 - [TEST_STEP][PASSED] - delay: Delayed 2 second(s)

2019-01-03 23:43:12 - [MESSAGE][PASSED] - Delayed 2 second(s)

2019-01-03 23:43:12 - [TEST_STEP][PASSED] - setText: Text 'test' is set on object 'Object Repository/Final Object Repo/Login Page/Internal User/Password'

2019-01-03 23:43:12 - [MESSAGE][PASSED] - Text 'test' is set on object 'Object Repository/Final Object Repo/Login Page/Internal User/Password'

2019-01-03 23:43:12 - [TEST_STEP][PASSED] - delay: Delayed 2 second(s)

2019-01-03 23:43:14 - [MESSAGE][PASSED] - Delayed 2 second(s)

2019-01-03 23:43:14 - [TEST_STEP][PASSED] - click: Object: 'Object Repository/Final Object Repo/Login Page/Internal User/Login Button' is clicked on

2019-01-03 23:43:14 - [MESSAGE][PASSED] - Object: 'Object Repository/Final Object Repo/Login Page/Internal User/Login Button' is clicked on

2019-01-03 23:43:14 - [TEST_STEP][PASSED] - Statement - tester = com.kms.katalon.core.testobject.ObjectRepository.findTestObject(Final Object Repo/Landing Page/Select to English): Finding Test Object with id 'Object Repository/Final Object Repo/Landing Page/Select to English'

2019-01-03 23:43:14 - [TEST_STEP][PASSED] - Statement - Try: Delayed 2 second(s)

2019-01-03 23:43:14 - [TEST_STEP][PASSED] - Statement - Checker = com.kms.katalon.core.webui.keyword.WebUiBuiltInKeywords.verifyElementNotPresent(tester, 3): Web element with id: 'Object Repository/Final Object Repo/Landing Page/Select to English' located by 'By.xpath: //a[@class = 'taglib-language-list-text' and @lang = 'en-US' and (contains(text(), 'EN') or contains(., 'EN'))]' is not present after '3' second(s)

2019-01-03 23:43:16 - [MESSAGE][PASSED] - Web element with id: 'Object Repository/Final Object Repo/Landing Page/Select to English' located by 'By.xpath: //a[@class = 'taglib-language-list-text' and @lang = 'en-US' and (contains(text(), 'EN') or contains(., 'EN'))]' is not present after '3' second(s)

2019-01-03 23:43:16 - [TEST_STEP][PASSED] - Statement - If (Checker == false): null

2019-01-03 23:43:16 - [TEST_STEP][PASSED] - delay: Delayed 2 second(s)

2019-01-03 23:43:18 - [MESSAGE][PASSED] - Delayed 2 second(s)

2019-01-03 23:43:18 - [TEST_STEP][PASSED] - delay: Delayed 5 second(s)

2019-01-03 23:43:23 - [MESSAGE][PASSED] - Delayed 5 second(s)

2019-01-03 23:43:23 - [TEST_STEP][PASSED] - mouseOver: Object: 'Object Repository/Final Object Repo/Landing Page/WorkFlow Menu' is hovered

2019-01-03 23:43:23 - [MESSAGE][PASSED] - Object: 'Object Repository/Final Object Repo/Landing Page/WorkFlow Menu' is hovered

2019-01-03 23:43:23 - [TEST_STEP][PASSED] - delay: Delayed 2 second(s)

2019-01-03 23:43:25 - [MESSAGE][PASSED] - Delayed 2 second(s)

2019-01-03 23:43:25 - [TEST_STEP][PASSED] - click: Object: 'Object Repository/Final Object Repo/Landing Page/Select to Workflow Listing' is clicked on

2019-01-03 23:43:26 - [MESSAGE][PASSED] - Object: 'Object Repository/Final Object Repo/Landing Page/Select to Workflow Listing' is clicked on

2019-01-03 23:43:26 - [TEST_STEP][PASSED] - delay: Delayed 2 second(s)

2019-01-03 23:43:28 - [MESSAGE][PASSED] - Delayed 2 second(s)

2019-01-03 23:43:28 - [TEST_STEP][PASSED] - click: Object: 'Object Repository/Final Object Repo/WorkFlow Listing Page/Search Information - To Put Ref No' is clicked on

2019-01-03 23:43:28 - [MESSAGE][PASSED] - Object: 'Object Repository/Final Object Repo/WorkFlow Listing Page/Search Information - To Put Ref No' is clicked on

2019-01-03 23:43:28 - [TEST_STEP][PASSED] - delay: Delayed 2 second(s)

2019-01-03 23:43:30 - [MESSAGE][PASSED] - Delayed 2 second(s)

2019-01-03 23:43:30 - [TEST_STEP][PASSED] - callTestCase: Call Test Case 'Test Cases/Final Aug 2018 - PKS Automation/Common/Reference Number Getter' successfully

2019-01-03 23:43:31 - [TEST_CASE][PASSED] - Test Cases/Final Aug 2018 - PKS Automation/Common/Reference Number Getter: Test Cases/Final Aug 2018 - PKS Automation/Common/Reference Number Getter

2019-01-03 23:43:31 - [TEST_STEP][PASSED] - Statement - Try: null

2019-01-03 23:43:31 - [TEST_STEP][PASSED] - Statement - RefNo = new java.io.File(C://Users//Admin//Desktop//PKS//Automation Reference Point//KatalonReference.txt): null

2019-01-03 23:43:31 - [TEST_STEP][PASSED] - Statement - bufferread = new java.io.BufferedReader(new java.io.FileReader(RefNo)): null

2019-01-03 23:43:31 - [TEST_STEP][PASSED] - Statement - readedVal = bufferread.readLine(): null

2019-01-03 23:43:31 - [TEST_STEP][PASSED] - Statement - out.println(CaseReferenceNo): null

2019-01-03 23:43:31 - [TEST_STEP][PASSED] - Statement - out.println(readedVal): null

2019-01-03 23:43:31 - [TEST_STEP][PASSED] - Statement - CaseReferenceNo = "": null

2019-01-03 23:43:31 - [TEST_STEP][PASSED] - Statement - CaseReferenceNo = readedVal: null

2019-01-03 23:43:31 - [MESSAGE][PASSED] - Call Test Case 'Test Cases/Final Aug 2018 - PKS Automation/Common/Reference Number Getter' successfully

2019-01-03 23:43:31 - [TEST_STEP][PASSED] - setText: Text 'SSN01201900001205' is set on object 'Object Repository/Final Object Repo/WorkFlow Listing Page/Ref No Set Text'

2019-01-03 23:43:31 - [MESSAGE][PASSED] - Text 'SSN01201900001205' is set on object 'Object Repository/Final Object Repo/WorkFlow Listing Page/Ref No Set Text'

2019-01-03 23:43:31 - [TEST_STEP][PASSED] - delay: Delayed 2 second(s)

2019-01-03 23:43:33 - [MESSAGE][PASSED] - Delayed 2 second(s)

2019-01-03 23:43:33 - [TEST_STEP][PASSED] - click: Object: 'Object Repository/Final Object Repo/WorkFlow Listing Page/Search Ref No Search Button' is clicked on

2019-01-03 23:43:33 - [MESSAGE][PASSED] - Object: 'Object Repository/Final Object Repo/WorkFlow Listing Page/Search Ref No Search Button' is clicked on

2019-01-03 23:43:33 - [TEST_STEP][PASSED] - delay: Delayed 6 second(s)

2019-01-03 23:43:39 - [MESSAGE][PASSED] - Delayed 6 second(s)

2019-01-03 23:43:39 - [TEST_STEP][PASSED] - click: Object: 'Object Repository/Final Object Repo/WorkFlow Listing Page/Click Continue Tooltip' is clicked on

2019-01-03 23:43:40 - [MESSAGE][PASSED] - Object: 'Object Repository/Final Object Repo/WorkFlow Listing Page/Click Continue Tooltip' is clicked on

2019-01-03 23:43:40 - [TEST_STEP][PASSED] - delay: Delayed 5 second(s)

2019-01-03 23:43:45 - [MESSAGE][PASSED] - Delayed 5 second(s)

2019-01-03 23:43:45 - [TEST_STEP][PASSED] - doubleClick: Object: 'Object Repository/Final Object Repo/WorkFlow Listing Page/Workflow Found - Listing 1' is double clicked on

2019-01-03 23:43:45 - [MESSAGE][PASSED] - Object: 'Object Repository/Final Object Repo/WorkFlow Listing Page/Workflow Found - Listing 1' is double clicked on

2019-01-03 23:43:45 - [TEST_STEP][PASSED] - Statement - println(OwnerID): null

2019-01-03 23:43:45 - [TEST_STEP][PASSED] - Statement - OwnerID = com.kms.katalon.core.webui.keyword.WebUiBuiltInKeywords.getText(com.kms.katalon.core.testobject.ObjectRepository.findTestObject(Final Object Repo/WorkFlow Listing Page/Workflow Found - Listing 1), STOP_ON_FAILURE): Text of object 'Object Repository/Final Object Repo/WorkFlow Listing Page/Workflow Found - Listing 1' is: 'JOHORrio3'

2019-01-03 23:43:45 - [MESSAGE][PASSED] - Text of object 'Object Repository/Final Object Repo/WorkFlow Listing Page/Workflow Found - Listing 1' is: 'JOHORrio3'

2019-01-03 23:43:45 - [TEST_STEP][PASSED] - Statement - OwnerID = OwnerID.toLowerCase() + "@gmail.com": null

2019-01-03 23:43:45 - [TEST_STEP][PASSED] - Statement - println(OwnerID): null

2019-01-03 23:43:45 - [TEST_STEP][PASSED] - delay: Delayed 2 second(s)

2019-01-03 23:43:47 - [MESSAGE][PASSED] - Delayed 2 second(s)

2019-01-03 23:43:47 - [MESSAGE][PASSED] - Call Test Case 'Test Cases/Final Aug 2018 - PKS Automation/Common/Workflow Owner Finder' successfully

2019-01-03 23:43:47 - [TEST_STEP][PASSED] - delay: Delayed 2 second(s)

2019-01-03 23:43:49 - [MESSAGE][PASSED] - Delayed 2 second(s)

2019-01-03 23:43:49 - [TEST_STEP][PASSED] - navigateToUrl: Navigate to 'https://assist2-uat.perkeso.gov.my/c/portal/logout' successfully

2019-01-03 23:43:50 - [MESSAGE][PASSED] - Navigate to 'https://assist2-uat.perkeso.gov.my/c/portal/logout' successfully

2019-01-03 23:43:50 - [TEST_STEP][PASSED] - delay: Delayed 2 second(s)

2019-01-03 23:43:52 - [MESSAGE][PASSED] - Delayed 2 second(s)

2019-01-03 23:43:52 - [TEST_STEP][PASSED] - callTestCase: Call Test Case 'Test Cases/Final Aug 2018 - PKS Automation/Registration Module/Workflow/Login and Search Case For Workflow' successfully

2019-01-03 23:43:52 - [TEST_CASE][PASSED] - Test Cases/Final Aug 2018 - PKS Automation/Registration Module/Workflow/Login and Search Case For Workflow: Test Cases/Final Aug 2018 - PKS Automation/Registration Module/Workflow/Login and Search Case For Workflow

2019-01-03 23:43:52 - [TEST_STEP][PASSED] - navigateToUrl: Navigate to 'https://assist2-uat.perkeso.gov.my/login' successfully

2019-01-03 23:43:53 - [MESSAGE][PASSED] - Navigate to 'https://assist2-uat.perkeso.gov.my/login' successfully

2019-01-03 23:43:53 - [TEST_STEP][PASSED] - setText: Text 'johorrio3@gmail.com' is set on object 'Object Repository/Final Object Repo/Login Page/Internal User/Email Address'

2019-01-03 23:43:53 - [MESSAGE][PASSED] - Text 'johorrio3@gmail.com' is set on object 'Object Repository/Final Object Repo/Login Page/Internal User/Email Address'

2019-01-03 23:43:53 - [TEST_STEP][PASSED] - click: Object: 'Object Repository/Final Object Repo/Login Page/Internal User/Next Button' is clicked on

2019-01-03 23:43:53 - [MESSAGE][PASSED] - Object: 'Object Repository/Final Object Repo/Login Page/Internal User/Next Button' is clicked on

2019-01-03 23:43:53 - [TEST_STEP][PASSED] - delay: Delayed 1 second(s)

2019-01-03 23:43:54 - [MESSAGE][PASSED] - Delayed 1 second(s)

2019-01-03 23:43:54 - [TEST_STEP][PASSED] - setEncryptedText: Text ****** has been set on object 'Object Repository/Final Object Repo/Login Page/Internal User/Password'

2019-01-03 23:43:54 - [MESSAGE][PASSED] - Text ****** has been set on object 'Object Repository/Final Object Repo/Login Page/Internal User/Password'

2019-01-03 23:43:54 - [TEST_STEP][PASSED] - click: Object: 'Object Repository/Final Object Repo/Login Page/Internal User/Login Button' is clicked on

2019-01-03 23:43:54 - [MESSAGE][PASSED] - Object: 'Object Repository/Final Object Repo/Login Page/Internal User/Login Button' is clicked on

2019-01-03 23:43:54 - [TEST_STEP][PASSED] - delay: Delayed 2 second(s)

2019-01-03 23:43:56 - [MESSAGE][PASSED] - Delayed 2 second(s)

2019-01-03 23:43:56 - [TEST_STEP][PASSED] - Statement - Try: Delayed 2 second(s)

2019-01-03 23:43:56 - [TEST_STEP][PASSED] - Statement - Checker = false: null

2019-01-03 23:43:56 - [TEST_STEP][PASSED] - Statement - Checker = com.kms.katalon.core.webui.keyword.WebUiBuiltInKeywords.verifyElementHasAttribute(com.kms.katalon.core.testobject.ObjectRepository.findTestObject(Final Object Repo/Landing Page/BM Detecting), "href", 20, OPTIONAL): Object 'Object Repository/Final Object Repo/Landing Page/BM Detecting' has attribute 'href'

2019-01-03 23:43:57 - [MESSAGE][PASSED] - Object 'Object Repository/Final Object Repo/Landing Page/BM Detecting' has attribute 'href'

2019-01-03 23:43:57 - [TEST_STEP][PASSED] - Statement - out.println(Checker): null

2019-01-03 23:43:57 - [TEST_STEP][PASSED] - Statement - If (Checker == false): null

2019-01-03 23:43:57 - [TEST_STEP][PASSED] - Statement - Else: null

2019-01-03 23:43:57 - [TEST_STEP][PASSED] - delay: Delayed 2 second(s)

2019-01-03 23:43:59 - [MESSAGE][PASSED] - Delayed 2 second(s)

2019-01-03 23:43:59 - [TEST_STEP][PASSED] - click: Object: 'Object Repository/Final Object Repo/Page_MyASSIST - ASSIST - Search Pending Case For Add Supporting Document/Search Information' is clicked on

2019-01-03 23:43:59 - [MESSAGE][PASSED] - Object: 'Object Repository/Final Object Repo/Page_MyASSIST - ASSIST - Search Pending Case For Add Supporting Document/Search Information' is clicked on

2019-01-03 23:43:59 - [TEST_STEP][PASSED] - delay: Delayed 3 second(s)

2019-01-03 23:44:02 - [MESSAGE][PASSED] - Delayed 3 second(s)

2019-01-03 23:44:02 - [TEST_STEP][PASSED] - sendKeys: Keys 'SSN01201900001205' sent to object: 'Object Repository/Final Object Repo/Page_MyASSIST - ASSIST - Search Pending Case For Add Supporting Document/Reference No'

2019-01-03 23:44:02 - [MESSAGE][PASSED] - Keys 'SSN01201900001205' sent to object: 'Object Repository/Final Object Repo/Page_MyASSIST - ASSIST - Search Pending Case For Add Supporting Document/Reference No'

2019-01-03 23:44:02 - [TEST_STEP][PASSED] - click: Object: 'Object Repository/Final Object Repo/Page_MyASSIST - ASSIST - Search Pending Case For Add Supporting Document/Search Reference No' is clicked on

2019-01-03 23:44:02 - [MESSAGE][PASSED] - Object: 'Object Repository/Final Object Repo/Page_MyASSIST - ASSIST - Search Pending Case For Add Supporting Document/Search Reference No' is clicked on

2019-01-03 23:44:02 - [TEST_STEP][PASSED] - delay: Delayed 2 second(s)

2019-01-03 23:44:04 - [MESSAGE][PASSED] - Delayed 2 second(s)

2019-01-03 23:44:04 - [TEST_STEP][PASSED] - click: Object: 'Object Repository/Final Object Repo/Page_MyASSIST - ASSIST - Search Pending Case For Add Supporting Document/Continue' is clicked on

2019-01-03 23:44:11 - [MESSAGE][PASSED] - Object: 'Object Repository/Final Object Repo/Page_MyASSIST - ASSIST - Search Pending Case For Add Supporting Document/Continue' is clicked on

2019-01-03 23:44:11 - [TEST_STEP][PASSED] - delay: Delayed 20 second(s)

2019-01-03 23:44:31 - [MESSAGE][PASSED] - Delayed 20 second(s)

2019-01-03 23:44:31 - [MESSAGE][PASSED] - Call Test Case 'Test Cases/Final Aug 2018 - PKS Automation/Registration Module/Workflow/Login and Search Case For Workflow' successfully

2019-01-03 23:44:31 - [TEST_STEP][PASSED] - callTestCase: Call Test Case 'Test Cases/Final Aug 2018 - PKS Automation/Registration Module/Workflow/Request SSN/Template/Request SSN - RIO' successfully

2019-01-03 23:44:31 - [TEST_CASE][PASSED] - Test Cases/Final Aug 2018 - PKS Automation/Registration Module/Workflow/Request SSN/Template/Request SSN - RIO: Test Cases/Final Aug 2018 - PKS Automation/Registration Module/Workflow/Request SSN/Template/Request SSN - RIO

2019-01-03 23:44:31 - [TEST_STEP][NOT_RUN] - openBrowser: NOT_RUN: openBrowser

2019-01-03 23:44:31 - [MESSAGE][NOT_RUN] - NOT_RUN: openBrowser

2019-01-03 23:44:31 - [TEST_STEP][NOT_RUN] - navigateToUrl: NOT_RUN: navigateToUrl

2019-01-03 23:44:31 - [MESSAGE][NOT_RUN] - NOT_RUN: navigateToUrl

2019-01-03 23:44:31 - [TEST_STEP][NOT_RUN] - setText: NOT_RUN: setText

2019-01-03 23:44:31 - [MESSAGE][NOT_RUN] - NOT_RUN: setText

2019-01-03 23:44:31 - [TEST_STEP][NOT_RUN] - click: NOT_RUN: click

2019-01-03 23:44:31 - [MESSAGE][NOT_RUN] - NOT_RUN: click

2019-01-03 23:44:31 - [TEST_STEP][NOT_RUN] - delay: NOT_RUN: delay

2019-01-03 23:44:31 - [MESSAGE][NOT_RUN] - NOT_RUN: delay

2019-01-03 23:44:31 - [TEST_STEP][NOT_RUN] - setEncryptedText: NOT_RUN: setEncryptedText

2019-01-03 23:44:31 - [MESSAGE][NOT_RUN] - NOT_RUN: setEncryptedText

2019-01-03 23:44:31 - [TEST_STEP][NOT_RUN] - click: NOT_RUN: click

2019-01-03 23:44:31 - [MESSAGE][NOT_RUN] - NOT_RUN: click

2019-01-03 23:44:31 - [TEST_STEP][NOT_RUN] - delay: NOT_RUN: delay

2019-01-03 23:44:31 - [MESSAGE][NOT_RUN] - NOT_RUN: delay

2019-01-03 23:44:31 - [TEST_STEP][NOT_RUN] - click: NOT_RUN: click

2019-01-03 23:44:31 - [MESSAGE][NOT_RUN] - NOT_RUN: click

2019-01-03 23:44:31 - [TEST_STEP][NOT_RUN] - sendKeys: NOT_RUN: sendKeys

2019-01-03 23:44:31 - [MESSAGE][NOT_RUN] - NOT_RUN: sendKeys

2019-01-03 23:44:31 - [TEST_STEP][NOT_RUN] - click: NOT_RUN: click

2019-01-03 23:44:31 - [MESSAGE][NOT_RUN] - NOT_RUN: click

2019-01-03 23:44:31 - [TEST_STEP][NOT_RUN] - delay: NOT_RUN: delay

2019-01-03 23:44:31 - [MESSAGE][NOT_RUN] - NOT_RUN: delay

2019-01-03 23:44:31 - [TEST_STEP][NOT_RUN] - click: NOT_RUN: click

2019-01-03 23:44:31 - [MESSAGE][NOT_RUN] - NOT_RUN: click

2019-01-03 23:44:31 - [TEST_STEP][PASSED] - delay: Delayed 2 second(s)

2019-01-03 23:44:33 - [MESSAGE][PASSED] - Delayed 2 second(s)

2019-01-03 23:44:33 - [TEST_STEP][PASSED] - click: Object: 'Object Repository/Final Object Repo/Page_Request SSN - ASSIST/Page_Request SSN - ASSIST - RIO/Recommend For SSN' is clicked on

2019-01-03 23:44:33 - [MESSAGE][PASSED] - Object: 'Object Repository/Final Object Repo/Page_Request SSN - ASSIST/Page_Request SSN - ASSIST - RIO/Recommend For SSN' is clicked on

2019-01-03 23:44:33 - [TEST_STEP][PASSED] - click: Object: 'Object Repository/Final Object Repo/Page_Request SSN - ASSIST/Page_Request SSN - ASSIST - RIO/Recommend For SSN  - Yes' is clicked on

2019-01-03 23:44:34 - [MESSAGE][PASSED] - Object: 'Object Repository/Final Object Repo/Page_Request SSN - ASSIST/Page_Request SSN - ASSIST - RIO/Recommend For SSN  - Yes' is clicked on

2019-01-03 23:44:34 - [TEST_STEP][PASSED] - delay: Delayed 2 second(s)

2019-01-03 23:44:36 - [MESSAGE][PASSED] - Delayed 2 second(s)

2019-01-03 23:44:36 - [TEST_STEP][PASSED] - click: Object: 'Object Repository/Final Object Repo/Page_Request SSN - ASSIST/Page_Request SSN - ASSIST - RIO/Save  Continue in SSN page' is clicked on

2019-01-03 23:44:36 - [MESSAGE][PASSED] - Object: 'Object Repository/Final Object Repo/Page_Request SSN - ASSIST/Page_Request SSN - ASSIST - RIO/Save  Continue in SSN page' is clicked on

2019-01-03 23:44:36 - [TEST_STEP][PASSED] - delay: Delayed 2 second(s)

2019-01-03 23:44:38 - [MESSAGE][PASSED] - Delayed 2 second(s)

2019-01-03 23:44:38 - [TEST_STEP][PASSED] - click: Object: 'Object Repository/Final Object Repo/Page_Request SSN - ASSIST/Page_Request SSN - ASSIST - RIO/Save  Continue in Upload Document Page' is clicked on

2019-01-03 23:44:41 - [MESSAGE][PASSED] - Object: 'Object Repository/Final Object Repo/Page_Request SSN - ASSIST/Page_Request SSN - ASSIST - RIO/Save  Continue in Upload Document Page' is clicked on

2019-01-03 23:44:41 - [TEST_STEP][PASSED] - delay: Delayed 2 second(s)

2019-01-03 23:44:43 - [MESSAGE][PASSED] - Delayed 2 second(s)

2019-01-03 23:44:43 - [TEST_STEP][PASSED] - click: Object: 'Object Repository/Final Object Repo/Page_Request SSN - ASSIST/Page_Request SSN - ASSIST - RIO/Submit' is clicked on

2019-01-03 23:44:45 - [MESSAGE][PASSED] - Object: 'Object Repository/Final Object Repo/Page_Request SSN - ASSIST/Page_Request SSN - ASSIST - RIO/Submit' is clicked on

2019-01-03 23:44:45 - [TEST_STEP][PASSED] - delay: Delayed 2 second(s)

2019-01-03 23:44:47 - [MESSAGE][PASSED] - Delayed 2 second(s)

2019-01-03 23:44:47 - [TEST_STEP][PASSED] - click: Object: 'Object Repository/Final Object Repo/Page_Request SSN - ASSIST/Page_Request SSN - ASSIST - RIO/Confirm' is clicked on

2019-01-03 23:44:47 - [MESSAGE][PASSED] - Object: 'Object Repository/Final Object Repo/Page_Request SSN - ASSIST/Page_Request SSN - ASSIST - RIO/Confirm' is clicked on

2019-01-03 23:44:47 - [MESSAGE][PASSED] - Call Test Case 'Test Cases/Final Aug 2018 - PKS Automation/Registration Module/Workflow/Request SSN/Template/Request SSN - RIO' successfully

2019-01-03 23:44:47 - [TEST_STEP][PASSED] - delay: Delayed 2 second(s)

2019-01-03 23:44:49 - [MESSAGE][PASSED] - Delayed 2 second(s)

2019-01-03 23:44:49 - [TEST_STEP][PASSED] - navigateToUrl: Navigate to 'https://assist2-uat.perkeso.gov.my/c/portal/logout' successfully

2019-01-03 23:44:54 - [MESSAGE][PASSED] - Navigate to 'https://assist2-uat.perkeso.gov.my/c/portal/logout' successfully

2019-01-03 23:44:54 - [TEST_STEP][PASSED] - delay: Delayed 2 second(s)

2019-01-03 23:44:56 - [MESSAGE][PASSED] - Delayed 2 second(s)

2019-01-03 23:44:56 - [TEST_STEP][PASSED] - callTestCase: Call Test Case 'Test Cases/Final Aug 2018 - PKS Automation/Common/Workflow Owner Finder' successfully

2019-01-03 23:44:56 - [TEST_CASE][PASSED] - Test Cases/Final Aug 2018 - PKS Automation/Common/Workflow Owner Finder: Test Cases/Final Aug 2018 - PKS Automation/Common/Workflow Owner Finder

2019-01-03 23:44:56 - [TEST_STEP][PASSED] - openBrowser: Browser is opened with url: ''

2019-01-03 23:44:56 - [MESSAGE][WARNING] - A browser is already opened. Closing browser and opening a new one

2019-01-03 23:45:00 - [MESSAGE][PASSED] - Browser is opened with url: ''

2019-01-03 23:45:00 - [TEST_STEP][PASSED] - navigateToUrl: Navigate to 'https://assist2-uat.perkeso.gov.my/login' successfully

2019-01-03 23:45:01 - [MESSAGE][PASSED] - Navigate to 'https://assist2-uat.perkeso.gov.my/login' successfully

2019-01-03 23:45:01 - [TEST_STEP][PASSED] - delay: Delayed 5 second(s)

2019-01-03 23:45:06 - [MESSAGE][PASSED] - Delayed 5 second(s)

2019-01-03 23:45:06 - [TEST_STEP][PASSED] - setText: Text 'test@liferay.com' is set on object 'Object Repository/Final Object Repo/Login Page/Internal User/Email Address'

2019-01-03 23:45:06 - [MESSAGE][PASSED] - Text 'test@liferay.com' is set on object 'Object Repository/Final Object Repo/Login Page/Internal User/Email Address'

2019-01-03 23:45:06 - [TEST_STEP][PASSED] - click: Object: 'Object Repository/Final Object Repo/Login Page/Internal User/Next Button' is clicked on

2019-01-03 23:45:07 - [MESSAGE][PASSED] - Object: 'Object Repository/Final Object Repo/Login Page/Internal User/Next Button' is clicked on

2019-01-03 23:45:07 - [TEST_STEP][PASSED] - delay: Delayed 2 second(s)

2019-01-03 23:45:09 - [MESSAGE][PASSED] - Delayed 2 second(s)

2019-01-03 23:45:09 - [TEST_STEP][PASSED] - setText: Text 'test' is set on object 'Object Repository/Final Object Repo/Login Page/Internal User/Password'

2019-01-03 23:45:09 - [MESSAGE][PASSED] - Text 'test' is set on object 'Object Repository/Final Object Repo/Login Page/Internal User/Password'

2019-01-03 23:45:09 - [TEST_STEP][PASSED] - delay: Delayed 2 second(s)

2019-01-03 23:45:11 - [MESSAGE][PASSED] - Delayed 2 second(s)

2019-01-03 23:45:11 - [TEST_STEP][PASSED] - click: Object: 'Object Repository/Final Object Repo/Login Page/Internal User/Login Button' is clicked on

2019-01-03 23:45:11 - [MESSAGE][PASSED] - Object: 'Object Repository/Final Object Repo/Login Page/Internal User/Login Button' is clicked on

2019-01-03 23:45:11 - [TEST_STEP][PASSED] - Statement - tester = com.kms.katalon.core.testobject.ObjectRepository.findTestObject(Final Object Repo/Landing Page/Select to English): Finding Test Object with id 'Object Repository/Final Object Repo/Landing Page/Select to English'

2019-01-03 23:45:11 - [TEST_STEP][PASSED] - Statement - Try: Delayed 2 second(s)

2019-01-03 23:45:11 - [TEST_STEP][PASSED] - Statement - Checker = com.kms.katalon.core.webui.keyword.WebUiBuiltInKeywords.verifyElementNotPresent(tester, 3): Web element with id: 'Object Repository/Final Object Repo/Landing Page/Select to English' located by 'By.xpath: //a[@class = 'taglib-language-list-text' and @lang = 'en-US' and (contains(text(), 'EN') or contains(., 'EN'))]' is not present after '3' second(s)

2019-01-03 23:45:13 - [MESSAGE][PASSED] - Web element with id: 'Object Repository/Final Object Repo/Landing Page/Select to English' located by 'By.xpath: //a[@class = 'taglib-language-list-text' and @lang = 'en-US' and (contains(text(), 'EN') or contains(., 'EN'))]' is not present after '3' second(s)

2019-01-03 23:45:13 - [TEST_STEP][PASSED] - Statement - If (Checker == false): null

2019-01-03 23:45:13 - [TEST_STEP][PASSED] - delay: Delayed 2 second(s)

2019-01-03 23:45:15 - [MESSAGE][PASSED] - Delayed 2 second(s)

2019-01-03 23:45:15 - [TEST_STEP][PASSED] - delay: Delayed 5 second(s)

2019-01-03 23:45:20 - [MESSAGE][PASSED] - Delayed 5 second(s)

2019-01-03 23:45:20 - [TEST_STEP][PASSED] - mouseOver: Object: 'Object Repository/Final Object Repo/Landing Page/WorkFlow Menu' is hovered

2019-01-03 23:45:20 - [MESSAGE][PASSED] - Object: 'Object Repository/Final Object Repo/Landing Page/WorkFlow Menu' is hovered

2019-01-03 23:45:20 - [TEST_STEP][PASSED] - delay: Delayed 2 second(s)

2019-01-03 23:45:22 - [MESSAGE][PASSED] - Delayed 2 second(s)

2019-01-03 23:45:22 - [TEST_STEP][PASSED] - click: Object: 'Object Repository/Final Object Repo/Landing Page/Select to Workflow Listing' is clicked on

2019-01-03 23:45:23 - [MESSAGE][PASSED] - Object: 'Object Repository/Final Object Repo/Landing Page/Select to Workflow Listing' is clicked on

2019-01-03 23:45:23 - [TEST_STEP][PASSED] - delay: Delayed 2 second(s)

2019-01-03 23:45:25 - [MESSAGE][PASSED] - Delayed 2 second(s)

2019-01-03 23:45:25 - [TEST_STEP][PASSED] - click: Object: 'Object Repository/Final Object Repo/WorkFlow Listing Page/Search Information - To Put Ref No' is clicked on

2019-01-03 23:45:25 - [MESSAGE][PASSED] - Object: 'Object Repository/Final Object Repo/WorkFlow Listing Page/Search Information - To Put Ref No' is clicked on

2019-01-03 23:45:25 - [TEST_STEP][PASSED] - delay: Delayed 2 second(s)

2019-01-03 23:45:27 - [MESSAGE][PASSED] - Delayed 2 second(s)

2019-01-03 23:45:27 - [TEST_STEP][PASSED] - callTestCase: Call Test Case 'Test Cases/Final Aug 2018 - PKS Automation/Common/Reference Number Getter' successfully

2019-01-03 23:45:27 - [TEST_CASE][PASSED] - Test Cases/Final Aug 2018 - PKS Automation/Common/Reference Number Getter: Test Cases/Final Aug 2018 - PKS Automation/Common/Reference Number Getter

2019-01-03 23:45:27 - [TEST_STEP][PASSED] - Statement - Try: null

2019-01-03 23:45:27 - [TEST_STEP][PASSED] - Statement - RefNo = new java.io.File(C://Users//Admin//Desktop//PKS//Automation Reference Point//KatalonReference.txt): null

2019-01-03 23:45:27 - [TEST_STEP][PASSED] - Statement - bufferread = new java.io.BufferedReader(new java.io.FileReader(RefNo)): null

2019-01-03 23:45:27 - [TEST_STEP][PASSED] - Statement - readedVal = bufferread.readLine(): null

2019-01-03 23:45:27 - [TEST_STEP][PASSED] - Statement - out.println(CaseReferenceNo): null

2019-01-03 23:45:27 - [TEST_STEP][PASSED] - Statement - out.println(readedVal): null

2019-01-03 23:45:27 - [TEST_STEP][PASSED] - Statement - CaseReferenceNo = "": null

2019-01-03 23:45:27 - [TEST_STEP][PASSED] - Statement - CaseReferenceNo = readedVal: null

2019-01-03 23:45:27 - [MESSAGE][PASSED] - Call Test Case 'Test Cases/Final Aug 2018 - PKS Automation/Common/Reference Number Getter' successfully

2019-01-03 23:45:27 - [TEST_STEP][PASSED] - setText: Text 'SSN01201900001205' is set on object 'Object Repository/Final Object Repo/WorkFlow Listing Page/Ref No Set Text'

2019-01-03 23:45:28 - [MESSAGE][PASSED] - Text 'SSN01201900001205' is set on object 'Object Repository/Final Object Repo/WorkFlow Listing Page/Ref No Set Text'

2019-01-03 23:45:28 - [TEST_STEP][PASSED] - delay: Delayed 2 second(s)

2019-01-03 23:45:30 - [MESSAGE][PASSED] - Delayed 2 second(s)

2019-01-03 23:45:30 - [TEST_STEP][PASSED] - click: Object: 'Object Repository/Final Object Repo/WorkFlow Listing Page/Search Ref No Search Button' is clicked on

2019-01-03 23:45:30 - [MESSAGE][PASSED] - Object: 'Object Repository/Final Object Repo/WorkFlow Listing Page/Search Ref No Search Button' is clicked on

2019-01-03 23:45:30 - [TEST_STEP][PASSED] - delay: Delayed 6 second(s)

2019-01-03 23:45:36 - [MESSAGE][PASSED] - Delayed 6 second(s)

2019-01-03 23:45:36 - [TEST_STEP][PASSED] - click: Object: 'Object Repository/Final Object Repo/WorkFlow Listing Page/Click Continue Tooltip' is clicked on

2019-01-03 23:45:37 - [MESSAGE][PASSED] - Object: 'Object Repository/Final Object Repo/WorkFlow Listing Page/Click Continue Tooltip' is clicked on

2019-01-03 23:45:37 - [TEST_STEP][PASSED] - delay: Delayed 5 second(s)

2019-01-03 23:45:42 - [MESSAGE][PASSED] - Delayed 5 second(s)

2019-01-03 23:45:42 - [TEST_STEP][PASSED] - doubleClick: Object: 'Object Repository/Final Object Repo/WorkFlow Listing Page/Workflow Found - Listing 1' is double clicked on

2019-01-03 23:45:42 - [MESSAGE][PASSED] - Object: 'Object Repository/Final Object Repo/WorkFlow Listing Page/Workflow Found - Listing 1' is double clicked on

2019-01-03 23:45:42 - [TEST_STEP][PASSED] - Statement - println(OwnerID): null

2019-01-03 23:45:42 - [TEST_STEP][PASSED] - Statement - OwnerID = com.kms.katalon.core.webui.keyword.WebUiBuiltInKeywords.getText(com.kms.katalon.core.testobject.ObjectRepository.findTestObject(Final Object Repo/WorkFlow Listing Page/Workflow Found - Listing 1), STOP_ON_FAILURE): Text of object 'Object Repository/Final Object Repo/WorkFlow Listing Page/Workflow Found - Listing 1' is: 'JOHORro3'

2019-01-03 23:45:42 - [MESSAGE][PASSED] - Text of object 'Object Repository/Final Object Repo/WorkFlow Listing Page/Workflow Found - Listing 1' is: 'JOHORro3'

2019-01-03 23:45:42 - [TEST_STEP][PASSED] - Statement - OwnerID = OwnerID.toLowerCase() + "@gmail.com": null

2019-01-03 23:45:42 - [TEST_STEP][PASSED] - Statement - println(OwnerID): null

2019-01-03 23:45:42 - [TEST_STEP][PASSED] - delay: Delayed 2 second(s)

2019-01-03 23:45:44 - [MESSAGE][PASSED] - Delayed 2 second(s)

2019-01-03 23:45:44 - [MESSAGE][PASSED] - Call Test Case 'Test Cases/Final Aug 2018 - PKS Automation/Common/Workflow Owner Finder' successfully

2019-01-03 23:45:44 - [TEST_STEP][PASSED] - delay: Delayed 2 second(s)

2019-01-03 23:45:46 - [MESSAGE][PASSED] - Delayed 2 second(s)

2019-01-03 23:45:46 - [TEST_STEP][PASSED] - navigateToUrl: Navigate to 'https://assist2-uat.perkeso.gov.my/c/portal/logout' successfully

2019-01-03 23:45:47 - [MESSAGE][PASSED] - Navigate to 'https://assist2-uat.perkeso.gov.my/c/portal/logout' successfully

2019-01-03 23:45:47 - [TEST_STEP][PASSED] - delay: Delayed 2 second(s)

2019-01-03 23:45:49 - [MESSAGE][PASSED] - Delayed 2 second(s)

2019-01-03 23:45:49 - [TEST_STEP][PASSED] - callTestCase: Call Test Case 'Test Cases/Final Aug 2018 - PKS Automation/Registration Module/Workflow/Login and Search Case For Workflow' successfully

2019-01-03 23:45:49 - [TEST_CASE][PASSED] - Test Cases/Final Aug 2018 - PKS Automation/Registration Module/Workflow/Login and Search Case For Workflow: Test Cases/Final Aug 2018 - PKS Automation/Registration Module/Workflow/Login and Search Case For Workflow

2019-01-03 23:45:49 - [TEST_STEP][PASSED] - navigateToUrl: Navigate to 'https://assist2-uat.perkeso.gov.my/login' successfully

2019-01-03 23:45:49 - [MESSAGE][PASSED] - Navigate to 'https://assist2-uat.perkeso.gov.my/login' successfully

2019-01-03 23:45:49 - [TEST_STEP][PASSED] - setText: Text 'johorro3@gmail.com' is set on object 'Object Repository/Final Object Repo/Login Page/Internal User/Email Address'

2019-01-03 23:45:49 - [MESSAGE][PASSED] - Text 'johorro3@gmail.com' is set on object 'Object Repository/Final Object Repo/Login Page/Internal User/Email Address'

2019-01-03 23:45:49 - [TEST_STEP][PASSED] - click: Object: 'Object Repository/Final Object Repo/Login Page/Internal User/Next Button' is clicked on

2019-01-03 23:45:50 - [MESSAGE][PASSED] - Object: 'Object Repository/Final Object Repo/Login Page/Internal User/Next Button' is clicked on

2019-01-03 23:45:50 - [TEST_STEP][PASSED] - delay: Delayed 1 second(s)

2019-01-03 23:45:51 - [MESSAGE][PASSED] - Delayed 1 second(s)

2019-01-03 23:45:51 - [TEST_STEP][PASSED] - setEncryptedText: Text ****** has been set on object 'Object Repository/Final Object Repo/Login Page/Internal User/Password'

2019-01-03 23:45:51 - [MESSAGE][PASSED] - Text ****** has been set on object 'Object Repository/Final Object Repo/Login Page/Internal User/Password'

2019-01-03 23:45:51 - [TEST_STEP][PASSED] - click: Object: 'Object Repository/Final Object Repo/Login Page/Internal User/Login Button' is clicked on

2019-01-03 23:45:51 - [MESSAGE][PASSED] - Object: 'Object Repository/Final Object Repo/Login Page/Internal User/Login Button' is clicked on

2019-01-03 23:45:51 - [TEST_STEP][PASSED] - delay: Delayed 2 second(s)

2019-01-03 23:45:53 - [MESSAGE][PASSED] - Delayed 2 second(s)

2019-01-03 23:45:53 - [TEST_STEP][PASSED] - Statement - Try: Delayed 2 second(s)

2019-01-03 23:45:53 - [TEST_STEP][PASSED] - Statement - Checker = false: null

2019-01-03 23:45:53 - [TEST_STEP][PASSED] - Statement - Checker = com.kms.katalon.core.webui.keyword.WebUiBuiltInKeywords.verifyElementHasAttribute(com.kms.katalon.core.testobject.ObjectRepository.findTestObject(Final Object Repo/Landing Page/BM Detecting), "href", 20, OPTIONAL): Object 'Object Repository/Final Object Repo/Landing Page/BM Detecting' has attribute 'href'

2019-01-03 23:45:53 - [MESSAGE][PASSED] - Object 'Object Repository/Final Object Repo/Landing Page/BM Detecting' has attribute 'href'

2019-01-03 23:45:53 - [TEST_STEP][PASSED] - Statement - out.println(Checker): null

2019-01-03 23:45:53 - [TEST_STEP][PASSED] - Statement - If (Checker == false): null

2019-01-03 23:45:53 - [TEST_STEP][PASSED] - Statement - Else: null

2019-01-03 23:45:53 - [TEST_STEP][PASSED] - delay: Delayed 2 second(s)

2019-01-03 23:45:55 - [MESSAGE][PASSED] - Delayed 2 second(s)

2019-01-03 23:45:55 - [TEST_STEP][PASSED] - click: Object: 'Object Repository/Final Object Repo/Page_MyASSIST - ASSIST - Search Pending Case For Add Supporting Document/Search Information' is clicked on

2019-01-03 23:45:55 - [MESSAGE][PASSED] - Object: 'Object Repository/Final Object Repo/Page_MyASSIST - ASSIST - Search Pending Case For Add Supporting Document/Search Information' is clicked on

2019-01-03 23:45:55 - [TEST_STEP][PASSED] - delay: Delayed 3 second(s)

2019-01-03 23:45:58 - [MESSAGE][PASSED] - Delayed 3 second(s)

2019-01-03 23:45:58 - [TEST_STEP][PASSED] - sendKeys: Keys 'SSN01201900001205' sent to object: 'Object Repository/Final Object Repo/Page_MyASSIST - ASSIST - Search Pending Case For Add Supporting Document/Reference No'

2019-01-03 23:45:58 - [MESSAGE][PASSED] - Keys 'SSN01201900001205' sent to object: 'Object Repository/Final Object Repo/Page_MyASSIST - ASSIST - Search Pending Case For Add Supporting Document/Reference No'

2019-01-03 23:45:58 - [TEST_STEP][PASSED] - click: Object: 'Object Repository/Final Object Repo/Page_MyASSIST - ASSIST - Search Pending Case For Add Supporting Document/Search Reference No' is clicked on

2019-01-03 23:45:59 - [MESSAGE][PASSED] - Object: 'Object Repository/Final Object Repo/Page_MyASSIST - ASSIST - Search Pending Case For Add Supporting Document/Search Reference No' is clicked on

2019-01-03 23:45:59 - [TEST_STEP][PASSED] - delay: Delayed 2 second(s)

2019-01-03 23:46:01 - [MESSAGE][PASSED] - Delayed 2 second(s)

2019-01-03 23:46:01 - [TEST_STEP][PASSED] - click: Object: 'Object Repository/Final Object Repo/Page_MyASSIST - ASSIST - Search Pending Case For Add Supporting Document/Continue' is clicked on

2019-01-03 23:46:07 - [MESSAGE][PASSED] - Object: 'Object Repository/Final Object Repo/Page_MyASSIST - ASSIST - Search Pending Case For Add Supporting Document/Continue' is clicked on

2019-01-03 23:46:07 - [TEST_STEP][PASSED] - delay: Delayed 20 second(s)

2019-01-03 23:46:27 - [MESSAGE][PASSED] - Delayed 20 second(s)

2019-01-03 23:46:27 - [MESSAGE][PASSED] - Call Test Case 'Test Cases/Final Aug 2018 - PKS Automation/Registration Module/Workflow/Login and Search Case For Workflow' successfully

2019-01-03 23:46:27 - [TEST_STEP][PASSED] - callTestCase: Call Test Case 'Test Cases/Final Aug 2018 - PKS Automation/Registration Module/Workflow/Request SSN/Template/Request SSN - RO (Approve)' successfully

2019-01-03 23:46:27 - [TEST_CASE][PASSED] - Test Cases/Final Aug 2018 - PKS Automation/Registration Module/Workflow/Request SSN/Template/Request SSN - RO (Approve): Test Cases/Final Aug 2018 - PKS Automation/Registration Module/Workflow/Request SSN/Template/Request SSN - RO (Approve)

2019-01-03 23:46:27 - [TEST_STEP][NOT_RUN] - openBrowser: NOT_RUN: openBrowser

2019-01-03 23:46:27 - [MESSAGE][NOT_RUN] - NOT_RUN: openBrowser

2019-01-03 23:46:27 - [TEST_STEP][NOT_RUN] - navigateToUrl: NOT_RUN: navigateToUrl

2019-01-03 23:46:27 - [MESSAGE][NOT_RUN] - NOT_RUN: navigateToUrl

2019-01-03 23:46:27 - [TEST_STEP][NOT_RUN] - setText: NOT_RUN: setText

2019-01-03 23:46:27 - [MESSAGE][NOT_RUN] - NOT_RUN: setText

2019-01-03 23:46:27 - [TEST_STEP][NOT_RUN] - click: NOT_RUN: click

2019-01-03 23:46:27 - [MESSAGE][NOT_RUN] - NOT_RUN: click

2019-01-03 23:46:27 - [TEST_STEP][NOT_RUN] - delay: NOT_RUN: delay

2019-01-03 23:46:27 - [MESSAGE][NOT_RUN] - NOT_RUN: delay

2019-01-03 23:46:27 - [TEST_STEP][NOT_RUN] - setEncryptedText: NOT_RUN: setEncryptedText

2019-01-03 23:46:27 - [MESSAGE][NOT_RUN] - NOT_RUN: setEncryptedText

2019-01-03 23:46:27 - [TEST_STEP][NOT_RUN] - click: NOT_RUN: click

2019-01-03 23:46:27 - [MESSAGE][NOT_RUN] - NOT_RUN: click

2019-01-03 23:46:27 - [TEST_STEP][NOT_RUN] - delay: NOT_RUN: delay

2019-01-03 23:46:27 - [MESSAGE][NOT_RUN] - NOT_RUN: delay

2019-01-03 23:46:27 - [TEST_STEP][NOT_RUN] - click: NOT_RUN: click

2019-01-03 23:46:27 - [MESSAGE][NOT_RUN] - NOT_RUN: click

2019-01-03 23:46:27 - [TEST_STEP][NOT_RUN] - delay: NOT_RUN: delay

2019-01-03 23:46:27 - [MESSAGE][NOT_RUN] - NOT_RUN: delay

2019-01-03 23:46:27 - [TEST_STEP][NOT_RUN] - sendKeys: NOT_RUN: sendKeys

2019-01-03 23:46:27 - [MESSAGE][NOT_RUN] - NOT_RUN: sendKeys

2019-01-03 23:46:27 - [TEST_STEP][NOT_RUN] - click: NOT_RUN: click

2019-01-03 23:46:27 - [MESSAGE][NOT_RUN] - NOT_RUN: click

2019-01-03 23:46:27 - [TEST_STEP][NOT_RUN] - delay: NOT_RUN: delay

2019-01-03 23:46:27 - [MESSAGE][NOT_RUN] - NOT_RUN: delay

2019-01-03 23:46:27 - [TEST_STEP][NOT_RUN] - click: NOT_RUN: click

2019-01-03 23:46:27 - [MESSAGE][NOT_RUN] - NOT_RUN: click

2019-01-03 23:46:27 - [TEST_STEP][PASSED] - click: Object: 'Object Repository/Final Object Repo/Page_Request SSN - ASSIST/Page_Request SSN - ASSIST - RO/Approval For SSN' is clicked on

2019-01-03 23:46:28 - [MESSAGE][PASSED] - Object: 'Object Repository/Final Object Repo/Page_Request SSN - ASSIST/Page_Request SSN - ASSIST - RO/Approval For SSN' is clicked on

2019-01-03 23:46:28 - [TEST_STEP][PASSED] - click: Object: 'Object Repository/Final Object Repo/Page_Request SSN - ASSIST/Page_Request SSN - ASSIST - RO/Approval For SSN - Approve' is clicked on

2019-01-03 23:46:28 - [MESSAGE][PASSED] - Object: 'Object Repository/Final Object Repo/Page_Request SSN - ASSIST/Page_Request SSN - ASSIST - RO/Approval For SSN - Approve' is clicked on

2019-01-03 23:46:28 - [TEST_STEP][PASSED] - delay: Delayed 2 second(s)

2019-01-03 23:46:30 - [MESSAGE][PASSED] - Delayed 2 second(s)

2019-01-03 23:46:30 - [TEST_STEP][PASSED] - click: Object: 'Object Repository/Final Object Repo/Page_Request SSN - ASSIST/Page_Request SSN - ASSIST - RO/Save  Continue in SSN Page' is clicked on

2019-01-03 23:46:30 - [MESSAGE][PASSED] - Object: 'Object Repository/Final Object Repo/Page_Request SSN - ASSIST/Page_Request SSN - ASSIST - RO/Save  Continue in SSN Page' is clicked on

2019-01-03 23:46:30 - [TEST_STEP][PASSED] - delay: Delayed 2 second(s)

2019-01-03 23:46:32 - [MESSAGE][PASSED] - Delayed 2 second(s)

2019-01-03 23:46:32 - [TEST_STEP][PASSED] - click: Object: 'Object Repository/Final Object Repo/Page_Request SSN - ASSIST/Page_Request SSN - ASSIST - RO/Save  Continue in Uploading Document Page' is clicked on

2019-01-03 23:46:34 - [MESSAGE][PASSED] - Object: 'Object Repository/Final Object Repo/Page_Request SSN - ASSIST/Page_Request SSN - ASSIST - RO/Save  Continue in Uploading Document Page' is clicked on

2019-01-03 23:46:34 - [TEST_STEP][PASSED] - delay: Delayed 2 second(s)

2019-01-03 23:46:36 - [MESSAGE][PASSED] - Delayed 2 second(s)

2019-01-03 23:46:36 - [TEST_STEP][PASSED] - click: Object: 'Object Repository/Final Object Repo/Page_Request SSN - ASSIST/Page_Request SSN - ASSIST - RO/Submit' is clicked on

2019-01-03 23:46:39 - [MESSAGE][PASSED] - Object: 'Object Repository/Final Object Repo/Page_Request SSN - ASSIST/Page_Request SSN - ASSIST - RO/Submit' is clicked on

2019-01-03 23:46:39 - [TEST_STEP][PASSED] - delay: Delayed 2 second(s)

2019-01-03 23:46:41 - [MESSAGE][PASSED] - Delayed 2 second(s)

2019-01-03 23:46:41 - [TEST_STEP][PASSED] - click: Object: 'Object Repository/Final Object Repo/Page_Request SSN - ASSIST/Page_Request SSN - ASSIST - RO/Confirm' is clicked on

2019-01-03 23:46:41 - [MESSAGE][PASSED] - Object: 'Object Repository/Final Object Repo/Page_Request SSN - ASSIST/Page_Request SSN - ASSIST - RO/Confirm' is clicked on

2019-01-03 23:46:41 - [TEST_STEP][PASSED] - delay: Delayed 2 second(s)

2019-01-03 23:46:43 - [MESSAGE][PASSED] - Delayed 2 second(s)

2019-01-03 23:46:43 - [TEST_STEP][PASSED] - verifyElementVisible: Object 'Object Repository/Final Object Repo/Page_Request SSN - ASSIST/Page_Request SSN - ASSIST - RO/Successfull Message Your application has submitted' is visible

2019-01-03 23:46:49 - [MESSAGE][PASSED] - Object 'Object Repository/Final Object Repo/Page_Request SSN - ASSIST/Page_Request SSN - ASSIST - RO/Successfull Message Your application has submitted' is visible

2019-01-03 23:46:49 - [TEST_STEP][PASSED] - delay: Delayed 2 second(s)

2019-01-03 23:46:51 - [MESSAGE][PASSED] - Delayed 2 second(s)

2019-01-03 23:46:51 - [TEST_STEP][PASSED] - verifyElementVisible: Object 'Object Repository/Final Object Repo/Page_Request SSN - ASSIST/Page_Request SSN - ASSIST - RO/Letter of approval' is visible

2019-01-03 23:46:51 - [MESSAGE][PASSED] - Object 'Object Repository/Final Object Repo/Page_Request SSN - ASSIST/Page_Request SSN - ASSIST - RO/Letter of approval' is visible

2019-01-03 23:46:51 - [MESSAGE][PASSED] - Call Test Case 'Test Cases/Final Aug 2018 - PKS Automation/Registration Module/Workflow/Request SSN/Template/Request SSN - RO (Approve)' successfully

2019-01-03 23:46:51 - [MESSAGE][PASSED] - Call Test Case 'Test Cases/Final Aug 2018 - PKS Automation/Registration Module/Workflow/Request SSN/Template/Request SSN RIO - RO (Approve and Using Current Employer Code)' successfully]]></system-out>
         <system-err><![CDATA[]]></system-err>
      </testcase>
      <testcase name="Test Cases/Final Aug 2018 - PKS Automation/Registration Module/Workflow/Request SSN/PKRBO - RIO - RO (Query)" classname="Test Cases/Final Aug 2018 - PKS Automation/Registration Module/Workflow/Request SSN/PKRBO - RIO - RO (Query)" status="PASSED">
         <system-out><![CDATA[2019-01-03 23:46:51 - [TEST_CASE][PASSED] - Test Cases/Final Aug 2018 - PKS Automation/Registration Module/Workflow/Request SSN/PKRBO - RIO - RO (Query): Test Cases/Final Aug 2018 - PKS Automation/Registration Module/Workflow/Request SSN/PKRBO - RIO - RO (Query)

2019-01-03 23:46:52 - [TEST_STEP][PASSED] - callTestCase: Call Test Case 'Test Cases/Final Aug 2018 - PKS Automation/Registration Module/Workflow/Request SSN/Template/Request SSN - PKRBO' successfully

2019-01-03 23:46:52 - [TEST_CASE][PASSED] - Test Cases/Final Aug 2018 - PKS Automation/Registration Module/Workflow/Request SSN/Template/Request SSN - PKRBO: Test Cases/Final Aug 2018 - PKS Automation/Registration Module/Workflow/Request SSN/Template/Request SSN - PKRBO

2019-01-03 23:46:52 - [TEST_STEP][PASSED] - openBrowser: Browser is opened with url: ''

2019-01-03 23:46:52 - [MESSAGE][WARNING] - A browser is already opened. Closing browser and opening a new one

2019-01-03 23:46:55 - [MESSAGE][PASSED] - Browser is opened with url: ''

2019-01-03 23:46:55 - [TEST_STEP][PASSED] - navigateToUrl: Navigate to 'https://assist2-uat.perkeso.gov.my/login' successfully

2019-01-03 23:46:56 - [MESSAGE][PASSED] - Navigate to 'https://assist2-uat.perkeso.gov.my/login' successfully

2019-01-03 23:46:56 - [TEST_STEP][PASSED] - setText: Text 'johorpkrbo1@gmail.com' is set on object 'Object Repository/Final Object Repo/Login Page/Internal User/Email Address'

2019-01-03 23:46:57 - [MESSAGE][PASSED] - Text 'johorpkrbo1@gmail.com' is set on object 'Object Repository/Final Object Repo/Login Page/Internal User/Email Address'

2019-01-03 23:46:57 - [TEST_STEP][PASSED] - click: Object: 'Object Repository/Final Object Repo/Login Page/Internal User/Next Button' is clicked on

2019-01-03 23:46:57 - [MESSAGE][PASSED] - Object: 'Object Repository/Final Object Repo/Login Page/Internal User/Next Button' is clicked on

2019-01-03 23:46:57 - [TEST_STEP][PASSED] - delay: Delayed 1 second(s)

2019-01-03 23:46:58 - [MESSAGE][PASSED] - Delayed 1 second(s)

2019-01-03 23:46:58 - [TEST_STEP][PASSED] - setEncryptedText: Text ****** has been set on object 'Object Repository/Final Object Repo/Login Page/Internal User/Password'

2019-01-03 23:46:58 - [MESSAGE][PASSED] - Text ****** has been set on object 'Object Repository/Final Object Repo/Login Page/Internal User/Password'

2019-01-03 23:46:58 - [TEST_STEP][PASSED] - click: Object: 'Object Repository/Final Object Repo/Login Page/Internal User/Login Button' is clicked on

2019-01-03 23:46:58 - [MESSAGE][PASSED] - Object: 'Object Repository/Final Object Repo/Login Page/Internal User/Login Button' is clicked on

2019-01-03 23:46:58 - [TEST_STEP][PASSED] - Statement - Try: null

2019-01-03 23:46:58 - [TEST_STEP][PASSED] - Statement - Checker = com.kms.katalon.core.webui.keyword.WebUiBuiltInKeywords.verifyElementNotPresent("Final Object Repo/Landing Page/Select to English", 3): null

2019-01-03 23:46:58 - [TEST_STEP][PASSED] - Statement - Catch (Exception e): null

2019-01-03 23:46:58 - [TEST_STEP][PASSED] - Statement - e.printStackTrace(): null

2019-01-03 23:46:58 - [TEST_STEP][PASSED] - delay: Delayed 5 second(s)

2019-01-03 23:47:03 - [MESSAGE][PASSED] - Delayed 5 second(s)

2019-01-03 23:47:03 - [TEST_STEP][PASSED] - delay: Delayed 1 second(s)

2019-01-03 23:47:04 - [MESSAGE][PASSED] - Delayed 1 second(s)

2019-01-03 23:47:04 - [TEST_STEP][PASSED] - navigateToUrl: Navigate to 'https://assist2-uat.perkeso.gov.my/web/registration/request-ssn' successfully

2019-01-03 23:47:09 - [MESSAGE][PASSED] - Navigate to 'https://assist2-uat.perkeso.gov.my/web/registration/request-ssn' successfully

2019-01-03 23:47:09 - [TEST_STEP][PASSED] - setText: Text 'perkeso' is set on object 'Object Repository/Final Object Repo/Page_Request SSN - ASSIST/AI - Name'

2019-01-03 23:47:09 - [MESSAGE][PASSED] - Text 'perkeso' is set on object 'Object Repository/Final Object Repo/Page_Request SSN - ASSIST/AI - Name'

2019-01-03 23:47:09 - [TEST_STEP][PASSED] - click: Object: 'Object Repository/Final Object Repo/Page_Request SSN - ASSIST/AI - DOB' is clicked on

2019-01-03 23:47:10 - [MESSAGE][PASSED] - Object: 'Object Repository/Final Object Repo/Page_Request SSN - ASSIST/AI - DOB' is clicked on

2019-01-03 23:47:10 - [TEST_STEP][PASSED] - selectOptionByValue: All options with value '1995' are selected in object 'Object Repository/Final Object Repo/Page_Request SSN - ASSIST/AI - DOB - Year' 

2019-01-03 23:47:10 - [MESSAGE][PASSED] - All options with value '1995' are selected in object 'Object Repository/Final Object Repo/Page_Request SSN - ASSIST/AI - DOB - Year' 

2019-01-03 23:47:10 - [TEST_STEP][PASSED] - delay: Delayed 3 second(s)

2019-01-03 23:47:13 - [MESSAGE][PASSED] - Delayed 3 second(s)

2019-01-03 23:47:13 - [TEST_STEP][PASSED] - doubleClick: Object: 'Object Repository/Final Object Repo/Page_Request SSN - ASSIST/AI - DOB - Year - Date' is double clicked on

2019-01-03 23:47:13 - [MESSAGE][PASSED] - Object: 'Object Repository/Final Object Repo/Page_Request SSN - ASSIST/AI - DOB - Year - Date' is double clicked on

2019-01-03 23:47:13 - [TEST_STEP][PASSED] - click: Object: 'Object Repository/Final Object Repo/Page_Request SSN - ASSIST/AI - Male' is clicked on

2019-01-03 23:47:13 - [MESSAGE][PASSED] - Object: 'Object Repository/Final Object Repo/Page_Request SSN - ASSIST/AI - Male' is clicked on

2019-01-03 23:47:13 - [TEST_STEP][PASSED] - click: Object: 'Object Repository/Final Object Repo/Page_Request SSN - ASSIST/AI- Race' is clicked on

2019-01-03 23:47:14 - [MESSAGE][PASSED] - Object: 'Object Repository/Final Object Repo/Page_Request SSN - ASSIST/AI- Race' is clicked on

2019-01-03 23:47:14 - [TEST_STEP][PASSED] - click: Object: 'Object Repository/Final Object Repo/Page_Request SSN - ASSIST/AI - Race - Melayu' is clicked on

2019-01-03 23:47:14 - [MESSAGE][PASSED] - Object: 'Object Repository/Final Object Repo/Page_Request SSN - ASSIST/AI - Race - Melayu' is clicked on

2019-01-03 23:47:14 - [TEST_STEP][PASSED] - click: Object: 'Object Repository/Final Object Repo/Page_Request SSN - ASSIST/AI - Religion' is clicked on

2019-01-03 23:47:14 - [MESSAGE][PASSED] - Object: 'Object Repository/Final Object Repo/Page_Request SSN - ASSIST/AI - Religion' is clicked on

2019-01-03 23:47:14 - [TEST_STEP][PASSED] - click: Object: 'Object Repository/Final Object Repo/Page_Request SSN - ASSIST/AI - Religion - Islam' is clicked on

2019-01-03 23:47:14 - [MESSAGE][PASSED] - Object: 'Object Repository/Final Object Repo/Page_Request SSN - ASSIST/AI - Religion - Islam' is clicked on

2019-01-03 23:47:14 - [TEST_STEP][PASSED] - setText: Text '12345' is set on object 'Object Repository/Final Object Repo/Page_Request SSN - ASSIST/AI - Birth Certificate'

2019-01-03 23:47:15 - [MESSAGE][PASSED] - Text '12345' is set on object 'Object Repository/Final Object Repo/Page_Request SSN - ASSIST/AI - Birth Certificate'

2019-01-03 23:47:15 - [TEST_STEP][PASSED] - click: Object: 'Object Repository/Final Object Repo/Page_Request SSN - ASSIST/AI - Nationality' is clicked on

2019-01-03 23:47:15 - [MESSAGE][PASSED] - Object: 'Object Repository/Final Object Repo/Page_Request SSN - ASSIST/AI - Nationality' is clicked on

2019-01-03 23:47:15 - [TEST_STEP][PASSED] - click: Object: 'Object Repository/Final Object Repo/Page_Request SSN - ASSIST/AI - Nationality - Afghanistan' is clicked on

2019-01-03 23:47:15 - [MESSAGE][PASSED] - Object: 'Object Repository/Final Object Repo/Page_Request SSN - ASSIST/AI - Nationality - Afghanistan' is clicked on

2019-01-03 23:47:15 - [TEST_STEP][PASSED] - setText: Text 'PERKESO ADDRESS1' is set on object 'Object Repository/Final Object Repo/Page_Request SSN - ASSIST/AI - Address1'

2019-01-03 23:47:16 - [MESSAGE][PASSED] - Text 'PERKESO ADDRESS1' is set on object 'Object Repository/Final Object Repo/Page_Request SSN - ASSIST/AI - Address1'

2019-01-03 23:47:16 - [TEST_STEP][PASSED] - setText: Text 'PERKESO ADDRESS2' is set on object 'Object Repository/Final Object Repo/Page_Request SSN - ASSIST/AI - Address2'

2019-01-03 23:47:18 - [MESSAGE][PASSED] - Text 'PERKESO ADDRESS2' is set on object 'Object Repository/Final Object Repo/Page_Request SSN - ASSIST/AI - Address2'

2019-01-03 23:47:18 - [TEST_STEP][PASSED] - setText: Text 'PERKESO ADDRESS3' is set on object 'Object Repository/Final Object Repo/Page_Request SSN - ASSIST/AI - Address3'

2019-01-03 23:47:19 - [MESSAGE][PASSED] - Text 'PERKESO ADDRESS3' is set on object 'Object Repository/Final Object Repo/Page_Request SSN - ASSIST/AI - Address3'

2019-01-03 23:47:19 - [TEST_STEP][PASSED] - click: Object: 'Object Repository/Final Object Repo/Page_Request SSN - ASSIST/AI - State' is clicked on

2019-01-03 23:47:19 - [MESSAGE][PASSED] - Object: 'Object Repository/Final Object Repo/Page_Request SSN - ASSIST/AI - State' is clicked on

2019-01-03 23:47:19 - [TEST_STEP][PASSED] - click: Object: 'Object Repository/Final Object Repo/Page_Request SSN - ASSIST/AI - Current Employer State - Johor' is clicked on

2019-01-03 23:47:20 - [MESSAGE][PASSED] - Object: 'Object Repository/Final Object Repo/Page_Request SSN - ASSIST/AI - Current Employer State - Johor' is clicked on

2019-01-03 23:47:20 - [TEST_STEP][PASSED] - click: Object: 'Object Repository/Final Object Repo/Page_Request SSN - ASSIST/AI - City' is clicked on

2019-01-03 23:47:20 - [MESSAGE][PASSED] - Object: 'Object Repository/Final Object Repo/Page_Request SSN - ASSIST/AI - City' is clicked on

2019-01-03 23:47:20 - [TEST_STEP][PASSED] - setText: Text 'JOH' is set on object 'Object Repository/Final Object Repo/Page_Request SSN - ASSIST/AI - City - JOH'

2019-01-03 23:47:20 - [MESSAGE][PASSED] - Text 'JOH' is set on object 'Object Repository/Final Object Repo/Page_Request SSN - ASSIST/AI - City - JOH'

2019-01-03 23:47:20 - [TEST_STEP][PASSED] - delay: Delayed 3 second(s)

2019-01-03 23:47:23 - [MESSAGE][PASSED] - Delayed 3 second(s)

2019-01-03 23:47:23 - [TEST_STEP][PASSED] - click: Object: 'Object Repository/Final Object Repo/Page_Request SSN - ASSIST/AI - City - Johor Bharu' is clicked on

2019-01-03 23:47:23 - [MESSAGE][PASSED] - Object: 'Object Repository/Final Object Repo/Page_Request SSN - ASSIST/AI - City - Johor Bharu' is clicked on

2019-01-03 23:47:23 - [TEST_STEP][PASSED] - click: Object: 'Object Repository/Final Object Repo/Page_Request SSN - ASSIST/AI - Post Code' is clicked on

2019-01-03 23:47:24 - [MESSAGE][PASSED] - Object: 'Object Repository/Final Object Repo/Page_Request SSN - ASSIST/AI - Post Code' is clicked on

2019-01-03 23:47:24 - [TEST_STEP][PASSED] - setText: Text '810' is set on object 'Object Repository/Final Object Repo/Page_Request SSN - ASSIST/AI - City - JOH'

2019-01-03 23:47:24 - [MESSAGE][PASSED] - Text '810' is set on object 'Object Repository/Final Object Repo/Page_Request SSN - ASSIST/AI - City - JOH'

2019-01-03 23:47:24 - [TEST_STEP][PASSED] - delay: Delayed 3 second(s)

2019-01-03 23:47:27 - [MESSAGE][PASSED] - Delayed 3 second(s)

2019-01-03 23:47:27 - [TEST_STEP][PASSED] - click: Object: 'Object Repository/Final Object Repo/Page_Request SSN - ASSIST/AI - PostCode - 81000' is clicked on

2019-01-03 23:47:28 - [MESSAGE][PASSED] - Object: 'Object Repository/Final Object Repo/Page_Request SSN - ASSIST/AI - PostCode - 81000' is clicked on

2019-01-03 23:47:28 - [TEST_STEP][PASSED] - setText: Text '100' is set on object 'Object Repository/Final Object Repo/Page_Request SSN - ASSIST/P.O.BOX'

2019-01-03 23:47:28 - [MESSAGE][PASSED] - Text '100' is set on object 'Object Repository/Final Object Repo/Page_Request SSN - ASSIST/P.O.BOX'

2019-01-03 23:47:28 - [TEST_STEP][PASSED] - setText: Text '100' is set on object 'Object Repository/Final Object Repo/Page_Request SSN - ASSIST/Locked Bag No'

2019-01-03 23:47:28 - [MESSAGE][PASSED] - Text '100' is set on object 'Object Repository/Final Object Repo/Page_Request SSN - ASSIST/Locked Bag No'

2019-01-03 23:47:28 - [TEST_STEP][PASSED] - delay: Delayed 2 second(s)

2019-01-03 23:47:30 - [MESSAGE][PASSED] - Delayed 2 second(s)

2019-01-03 23:47:30 - [TEST_STEP][PASSED] - setText: Text '123456789' is set on object 'Object Repository/Final Object Repo/Page_Request SSN - ASSIST/AI - Telephone No'

2019-01-03 23:47:31 - [MESSAGE][PASSED] - Text '123456789' is set on object 'Object Repository/Final Object Repo/Page_Request SSN - ASSIST/AI - Telephone No'

2019-01-03 23:47:31 - [TEST_STEP][PASSED] - click: Object: 'Object Repository/Final Object Repo/Page_Request SSN - ASSIST/AI - Occupation' is clicked on

2019-01-03 23:47:31 - [MESSAGE][PASSED] - Object: 'Object Repository/Final Object Repo/Page_Request SSN - ASSIST/AI - Occupation' is clicked on

2019-01-03 23:47:31 - [TEST_STEP][PASSED] - click: Object: 'Object Repository/Final Object Repo/Page_Request SSN - ASSIST/AI - Occupation - NUMERICAL AND MATERIAL R' is clicked on

2019-01-03 23:47:32 - [MESSAGE][PASSED] - Object: 'Object Repository/Final Object Repo/Page_Request SSN - ASSIST/AI - Occupation - NUMERICAL AND MATERIAL R' is clicked on

2019-01-03 23:47:32 - [TEST_STEP][PASSED] - delay: Delayed 2 second(s)

2019-01-03 23:47:34 - [MESSAGE][PASSED] - Delayed 2 second(s)

2019-01-03 23:47:34 - [TEST_STEP][PASSED] - click: Object: 'Object Repository/Final Object Repo/Page_Request SSN - ASSIST/AI - Sub Occupation' is clicked on

2019-01-03 23:47:34 - [MESSAGE][PASSED] - Object: 'Object Repository/Final Object Repo/Page_Request SSN - ASSIST/AI - Sub Occupation' is clicked on

2019-01-03 23:47:34 - [TEST_STEP][PASSED] - click: Object: 'Object Repository/Final Object Repo/Page_Request SSN - ASSIST/AI - Sub Occupation - Stock Clerks' is clicked on

2019-01-03 23:47:34 - [MESSAGE][PASSED] - Object: 'Object Repository/Final Object Repo/Page_Request SSN - ASSIST/AI - Sub Occupation - Stock Clerks' is clicked on

2019-01-03 23:47:34 - [TEST_STEP][PASSED] - delay: Delayed 2 second(s)

2019-01-03 23:47:36 - [MESSAGE][PASSED] - Delayed 2 second(s)

2019-01-03 23:47:36 - [TEST_STEP][PASSED] - click: Object: 'Object Repository/Final Object Repo/Page_Request SSN - ASSIST/AI - Sub Occupation List' is clicked on

2019-01-03 23:47:37 - [MESSAGE][PASSED] - Object: 'Object Repository/Final Object Repo/Page_Request SSN - ASSIST/AI - Sub Occupation List' is clicked on

2019-01-03 23:47:37 - [TEST_STEP][PASSED] - click: Object: 'Object Repository/Final Object Repo/Page_Request SSN - ASSIST/AI - Sub Occupation List - Clerk raw material' is clicked on

2019-01-03 23:47:37 - [MESSAGE][PASSED] - Object: 'Object Repository/Final Object Repo/Page_Request SSN - ASSIST/AI - Sub Occupation List - Clerk raw material' is clicked on

2019-01-03 23:47:37 - [TEST_STEP][PASSED] - click: Object: 'Object Repository/Final Object Repo/Page_Request SSN - ASSIST/AI - Employment Start Date' is clicked on

2019-01-03 23:47:37 - [MESSAGE][PASSED] - Object: 'Object Repository/Final Object Repo/Page_Request SSN - ASSIST/AI - Employment Start Date' is clicked on

2019-01-03 23:47:37 - [TEST_STEP][PASSED] - click: Object: 'Object Repository/Final Object Repo/Page_Request SSN - ASSIST/AI - DOB - Year - Date' is clicked on

2019-01-03 23:47:37 - [MESSAGE][PASSED] - Object: 'Object Repository/Final Object Repo/Page_Request SSN - ASSIST/AI - DOB - Year - Date' is clicked on

2019-01-03 23:47:37 - [TEST_STEP][PASSED] - setText: Text 'perkeso' is set on object 'Object Repository/Final Object Repo/Page_Request SSN - ASSIST/AI - Current Employer Name'

2019-01-03 23:47:38 - [MESSAGE][PASSED] - Text 'perkeso' is set on object 'Object Repository/Final Object Repo/Page_Request SSN - ASSIST/AI - Current Employer Name'

2019-01-03 23:47:38 - [TEST_STEP][PASSED] - setText: Text 'perkeso1' is set on object 'Object Repository/Final Object Repo/Page_Request SSN - ASSIST/AI - Current Employer Address1'

2019-01-03 23:47:38 - [MESSAGE][PASSED] - Text 'perkeso1' is set on object 'Object Repository/Final Object Repo/Page_Request SSN - ASSIST/AI - Current Employer Address1'

2019-01-03 23:47:38 - [TEST_STEP][PASSED] - setText: Text 'perkeso2' is set on object 'Object Repository/Final Object Repo/Page_Request SSN - ASSIST/AI - Current Employer Address2'

2019-01-03 23:47:39 - [MESSAGE][PASSED] - Text 'perkeso2' is set on object 'Object Repository/Final Object Repo/Page_Request SSN - ASSIST/AI - Current Employer Address2'

2019-01-03 23:47:39 - [TEST_STEP][PASSED] - setText: Text 'perkeso3' is set on object 'Object Repository/Final Object Repo/Page_Request SSN - ASSIST/AI - Current Employer Address3'

2019-01-03 23:47:40 - [MESSAGE][PASSED] - Text 'perkeso3' is set on object 'Object Repository/Final Object Repo/Page_Request SSN - ASSIST/AI - Current Employer Address3'

2019-01-03 23:47:40 - [TEST_STEP][PASSED] - click: Object: 'Object Repository/Final Object Repo/Page_Request SSN - ASSIST/AI - Current Employer State' is clicked on

2019-01-03 23:47:40 - [MESSAGE][PASSED] - Object: 'Object Repository/Final Object Repo/Page_Request SSN - ASSIST/AI - Current Employer State' is clicked on

2019-01-03 23:47:40 - [TEST_STEP][PASSED] - click: Object: 'Object Repository/Final Object Repo/Page_Request SSN - ASSIST/AI - Current Employer State - Johor 1' is clicked on

2019-01-03 23:47:41 - [MESSAGE][PASSED] - Object: 'Object Repository/Final Object Repo/Page_Request SSN - ASSIST/AI - Current Employer State - Johor 1' is clicked on

2019-01-03 23:47:41 - [TEST_STEP][PASSED] - click: Object: 'Object Repository/Final Object Repo/Page_Request SSN - ASSIST/AI - Current Employer City' is clicked on

2019-01-03 23:47:41 - [MESSAGE][PASSED] - Object: 'Object Repository/Final Object Repo/Page_Request SSN - ASSIST/AI - Current Employer City' is clicked on

2019-01-03 23:47:41 - [TEST_STEP][PASSED] - setText: Text 'joh' is set on object 'Object Repository/Final Object Repo/Page_Request SSN - ASSIST/AI - City - JOH'

2019-01-03 23:47:41 - [MESSAGE][PASSED] - Text 'joh' is set on object 'Object Repository/Final Object Repo/Page_Request SSN - ASSIST/AI - City - JOH'

2019-01-03 23:47:41 - [TEST_STEP][PASSED] - delay: Delayed 2 second(s)

2019-01-03 23:47:43 - [MESSAGE][PASSED] - Delayed 2 second(s)

2019-01-03 23:47:43 - [TEST_STEP][PASSED] - click: Object: 'Object Repository/Final Object Repo/Page_Request SSN - ASSIST/AI - City - Johor Bharu' is clicked on

2019-01-03 23:47:44 - [MESSAGE][PASSED] - Object: 'Object Repository/Final Object Repo/Page_Request SSN - ASSIST/AI - City - Johor Bharu' is clicked on

2019-01-03 23:47:44 - [TEST_STEP][PASSED] - click: Object: 'Object Repository/Final Object Repo/Page_Request SSN - ASSIST/AI - Current Employer Postcode' is clicked on

2019-01-03 23:47:44 - [MESSAGE][PASSED] - Object: 'Object Repository/Final Object Repo/Page_Request SSN - ASSIST/AI - Current Employer Postcode' is clicked on

2019-01-03 23:47:44 - [TEST_STEP][PASSED] - setText: Text '810' is set on object 'Object Repository/Final Object Repo/Page_Request SSN - ASSIST/AI - City - JOH'

2019-01-03 23:47:44 - [MESSAGE][PASSED] - Text '810' is set on object 'Object Repository/Final Object Repo/Page_Request SSN - ASSIST/AI - City - JOH'

2019-01-03 23:47:44 - [TEST_STEP][PASSED] - delay: Delayed 2 second(s)

2019-01-03 23:47:46 - [MESSAGE][PASSED] - Delayed 2 second(s)

2019-01-03 23:47:46 - [TEST_STEP][PASSED] - click: Object: 'Object Repository/Final Object Repo/Page_Request SSN - ASSIST/AI - PostCode - 81000' is clicked on

2019-01-03 23:47:47 - [MESSAGE][PASSED] - Object: 'Object Repository/Final Object Repo/Page_Request SSN - ASSIST/AI - PostCode - 81000' is clicked on

2019-01-03 23:47:47 - [TEST_STEP][NOT_RUN] - setText: NOT_RUN: setText

2019-01-03 23:47:47 - [MESSAGE][NOT_RUN] - NOT_RUN: setText

2019-01-03 23:47:47 - [TEST_STEP][NOT_RUN] - setText: NOT_RUN: setText

2019-01-03 23:47:47 - [MESSAGE][NOT_RUN] - NOT_RUN: setText

2019-01-03 23:47:47 - [TEST_STEP][NOT_RUN] - click: NOT_RUN: click

2019-01-03 23:47:47 - [MESSAGE][NOT_RUN] - NOT_RUN: click

2019-01-03 23:47:47 - [TEST_STEP][NOT_RUN] - click: NOT_RUN: click

2019-01-03 23:47:47 - [MESSAGE][NOT_RUN] - NOT_RUN: click

2019-01-03 23:47:47 - [TEST_STEP][NOT_RUN] - setText: NOT_RUN: setText

2019-01-03 23:47:47 - [MESSAGE][NOT_RUN] - NOT_RUN: setText

2019-01-03 23:47:47 - [TEST_STEP][NOT_RUN] - click: NOT_RUN: click

2019-01-03 23:47:47 - [MESSAGE][NOT_RUN] - NOT_RUN: click

2019-01-03 23:47:47 - [TEST_STEP][NOT_RUN] - click: NOT_RUN: click

2019-01-03 23:47:47 - [MESSAGE][NOT_RUN] - NOT_RUN: click

2019-01-03 23:47:47 - [TEST_STEP][NOT_RUN] - click: NOT_RUN: click

2019-01-03 23:47:47 - [MESSAGE][NOT_RUN] - NOT_RUN: click

2019-01-03 23:47:47 - [TEST_STEP][NOT_RUN] - click: NOT_RUN: click

2019-01-03 23:47:47 - [MESSAGE][NOT_RUN] - NOT_RUN: click

2019-01-03 23:47:47 - [TEST_STEP][NOT_RUN] - click: NOT_RUN: click

2019-01-03 23:47:47 - [MESSAGE][NOT_RUN] - NOT_RUN: click

2019-01-03 23:47:47 - [TEST_STEP][NOT_RUN] - click: NOT_RUN: click

2019-01-03 23:47:47 - [MESSAGE][NOT_RUN] - NOT_RUN: click

2019-01-03 23:47:47 - [TEST_STEP][NOT_RUN] - setText: NOT_RUN: setText

2019-01-03 23:47:47 - [MESSAGE][NOT_RUN] - NOT_RUN: setText

2019-01-03 23:47:47 - [TEST_STEP][NOT_RUN] - setText: NOT_RUN: setText

2019-01-03 23:47:47 - [MESSAGE][NOT_RUN] - NOT_RUN: setText

2019-01-03 23:47:47 - [TEST_STEP][NOT_RUN] - setText: NOT_RUN: setText

2019-01-03 23:47:47 - [MESSAGE][NOT_RUN] - NOT_RUN: setText

2019-01-03 23:47:47 - [TEST_STEP][NOT_RUN] - click: NOT_RUN: click

2019-01-03 23:47:47 - [MESSAGE][NOT_RUN] - NOT_RUN: click

2019-01-03 23:47:47 - [TEST_STEP][NOT_RUN] - click: NOT_RUN: click

2019-01-03 23:47:47 - [MESSAGE][NOT_RUN] - NOT_RUN: click

2019-01-03 23:47:47 - [TEST_STEP][NOT_RUN] - click: NOT_RUN: click

2019-01-03 23:47:47 - [MESSAGE][NOT_RUN] - NOT_RUN: click

2019-01-03 23:47:47 - [TEST_STEP][NOT_RUN] - setText: NOT_RUN: setText

2019-01-03 23:47:47 - [MESSAGE][NOT_RUN] - NOT_RUN: setText

2019-01-03 23:47:47 - [TEST_STEP][NOT_RUN] - delay: NOT_RUN: delay

2019-01-03 23:47:47 - [MESSAGE][NOT_RUN] - NOT_RUN: delay

2019-01-03 23:47:47 - [TEST_STEP][NOT_RUN] - click: NOT_RUN: click

2019-01-03 23:47:47 - [MESSAGE][NOT_RUN] - NOT_RUN: click

2019-01-03 23:47:47 - [TEST_STEP][NOT_RUN] - click: NOT_RUN: click

2019-01-03 23:47:47 - [MESSAGE][NOT_RUN] - NOT_RUN: click

2019-01-03 23:47:47 - [TEST_STEP][NOT_RUN] - click: NOT_RUN: click

2019-01-03 23:47:47 - [MESSAGE][NOT_RUN] - NOT_RUN: click

2019-01-03 23:47:47 - [TEST_STEP][NOT_RUN] - setText: NOT_RUN: setText

2019-01-03 23:47:47 - [MESSAGE][NOT_RUN] - NOT_RUN: setText

2019-01-03 23:47:47 - [TEST_STEP][NOT_RUN] - delay: NOT_RUN: delay

2019-01-03 23:47:47 - [MESSAGE][NOT_RUN] - NOT_RUN: delay

2019-01-03 23:47:47 - [TEST_STEP][NOT_RUN] - click: NOT_RUN: click

2019-01-03 23:47:47 - [MESSAGE][NOT_RUN] - NOT_RUN: click

2019-01-03 23:47:47 - [TEST_STEP][NOT_RUN] - delay: NOT_RUN: delay

2019-01-03 23:47:47 - [MESSAGE][NOT_RUN] - NOT_RUN: delay

2019-01-03 23:47:47 - [TEST_STEP][NOT_RUN] - setText: NOT_RUN: setText

2019-01-03 23:47:47 - [MESSAGE][NOT_RUN] - NOT_RUN: setText

2019-01-03 23:47:47 - [TEST_STEP][NOT_RUN] - setText: NOT_RUN: setText

2019-01-03 23:47:47 - [MESSAGE][NOT_RUN] - NOT_RUN: setText

2019-01-03 23:47:47 - [TEST_STEP][NOT_RUN] - setText: NOT_RUN: setText

2019-01-03 23:47:47 - [MESSAGE][NOT_RUN] - NOT_RUN: setText

2019-01-03 23:47:47 - [TEST_STEP][NOT_RUN] - click: NOT_RUN: click

2019-01-03 23:47:47 - [MESSAGE][NOT_RUN] - NOT_RUN: click

2019-01-03 23:47:47 - [TEST_STEP][NOT_RUN] - click: NOT_RUN: click

2019-01-03 23:47:47 - [MESSAGE][NOT_RUN] - NOT_RUN: click

2019-01-03 23:47:47 - [TEST_STEP][NOT_RUN] - setText: NOT_RUN: setText

2019-01-03 23:47:47 - [MESSAGE][NOT_RUN] - NOT_RUN: setText

2019-01-03 23:47:47 - [TEST_STEP][NOT_RUN] - click: NOT_RUN: click

2019-01-03 23:47:47 - [MESSAGE][NOT_RUN] - NOT_RUN: click

2019-01-03 23:47:47 - [TEST_STEP][NOT_RUN] - click: NOT_RUN: click

2019-01-03 23:47:47 - [MESSAGE][NOT_RUN] - NOT_RUN: click

2019-01-03 23:47:47 - [TEST_STEP][NOT_RUN] - click: NOT_RUN: click

2019-01-03 23:47:47 - [MESSAGE][NOT_RUN] - NOT_RUN: click

2019-01-03 23:47:47 - [TEST_STEP][NOT_RUN] - click: NOT_RUN: click

2019-01-03 23:47:47 - [MESSAGE][NOT_RUN] - NOT_RUN: click

2019-01-03 23:47:47 - [TEST_STEP][NOT_RUN] - click: NOT_RUN: click

2019-01-03 23:47:47 - [MESSAGE][NOT_RUN] - NOT_RUN: click

2019-01-03 23:47:47 - [TEST_STEP][NOT_RUN] - click: NOT_RUN: click

2019-01-03 23:47:47 - [MESSAGE][NOT_RUN] - NOT_RUN: click

2019-01-03 23:47:47 - [TEST_STEP][NOT_RUN] - setText: NOT_RUN: setText

2019-01-03 23:47:47 - [MESSAGE][NOT_RUN] - NOT_RUN: setText

2019-01-03 23:47:47 - [TEST_STEP][NOT_RUN] - setText: NOT_RUN: setText

2019-01-03 23:47:47 - [MESSAGE][NOT_RUN] - NOT_RUN: setText

2019-01-03 23:47:47 - [TEST_STEP][NOT_RUN] - setText: NOT_RUN: setText

2019-01-03 23:47:47 - [MESSAGE][NOT_RUN] - NOT_RUN: setText

2019-01-03 23:47:47 - [TEST_STEP][NOT_RUN] - click: NOT_RUN: click

2019-01-03 23:47:47 - [MESSAGE][NOT_RUN] - NOT_RUN: click

2019-01-03 23:47:47 - [TEST_STEP][NOT_RUN] - click: NOT_RUN: click

2019-01-03 23:47:47 - [MESSAGE][NOT_RUN] - NOT_RUN: click

2019-01-03 23:47:47 - [TEST_STEP][NOT_RUN] - click: NOT_RUN: click

2019-01-03 23:47:47 - [MESSAGE][NOT_RUN] - NOT_RUN: click

2019-01-03 23:47:47 - [TEST_STEP][NOT_RUN] - delay: NOT_RUN: delay

2019-01-03 23:47:47 - [MESSAGE][NOT_RUN] - NOT_RUN: delay

2019-01-03 23:47:47 - [TEST_STEP][NOT_RUN] - setText: NOT_RUN: setText

2019-01-03 23:47:47 - [MESSAGE][NOT_RUN] - NOT_RUN: setText

2019-01-03 23:47:47 - [TEST_STEP][NOT_RUN] - delay: NOT_RUN: delay

2019-01-03 23:47:47 - [MESSAGE][NOT_RUN] - NOT_RUN: delay

2019-01-03 23:47:47 - [TEST_STEP][NOT_RUN] - click: NOT_RUN: click

2019-01-03 23:47:47 - [MESSAGE][NOT_RUN] - NOT_RUN: click

2019-01-03 23:47:47 - [TEST_STEP][NOT_RUN] - doubleClick: NOT_RUN: doubleClick

2019-01-03 23:47:47 - [MESSAGE][NOT_RUN] - NOT_RUN: doubleClick

2019-01-03 23:47:47 - [TEST_STEP][NOT_RUN] - click: NOT_RUN: click

2019-01-03 23:47:47 - [MESSAGE][NOT_RUN] - NOT_RUN: click

2019-01-03 23:47:47 - [TEST_STEP][NOT_RUN] - setText: NOT_RUN: setText

2019-01-03 23:47:47 - [MESSAGE][NOT_RUN] - NOT_RUN: setText

2019-01-03 23:47:47 - [TEST_STEP][NOT_RUN] - delay: NOT_RUN: delay

2019-01-03 23:47:47 - [MESSAGE][NOT_RUN] - NOT_RUN: delay

2019-01-03 23:47:47 - [TEST_STEP][NOT_RUN] - click: NOT_RUN: click

2019-01-03 23:47:47 - [MESSAGE][NOT_RUN] - NOT_RUN: click

2019-01-03 23:47:47 - [TEST_STEP][NOT_RUN] - delay: NOT_RUN: delay

2019-01-03 23:47:47 - [MESSAGE][NOT_RUN] - NOT_RUN: delay

2019-01-03 23:47:47 - [TEST_STEP][NOT_RUN] - setText: NOT_RUN: setText

2019-01-03 23:47:47 - [MESSAGE][NOT_RUN] - NOT_RUN: setText

2019-01-03 23:47:47 - [TEST_STEP][PASSED] - click: Object: 'Object Repository/Final Object Repo/Page_Request SSN - ASSIST/Save  Continue' is clicked on

2019-01-03 23:47:47 - [MESSAGE][PASSED] - Object: 'Object Repository/Final Object Repo/Page_Request SSN - ASSIST/Save  Continue' is clicked on

2019-01-03 23:47:47 - [TEST_STEP][PASSED] - delay: Delayed 3 second(s)

2019-01-03 23:47:50 - [MESSAGE][PASSED] - Delayed 3 second(s)

2019-01-03 23:47:50 - [TEST_STEP][PASSED] - Statement - CaseReferenceNo = com.kms.katalon.core.webui.keyword.WebUiBuiltInKeywords.getText(com.kms.katalon.core.testobject.ObjectRepository.findTestObject(Final Object Repo/Page_Request SSN - ASSIST/Reference Number in Uploading Page)): Text of object 'Object Repository/Final Object Repo/Page_Request SSN - ASSIST/Reference Number in Uploading Page' is: 'SSN01201900001206'

2019-01-03 23:47:51 - [MESSAGE][PASSED] - Text of object 'Object Repository/Final Object Repo/Page_Request SSN - ASSIST/Reference Number in Uploading Page' is: 'SSN01201900001206'

2019-01-03 23:47:51 - [TEST_STEP][PASSED] - callTestCase: Call Test Case 'Test Cases/Final Aug 2018 - PKS Automation/Common/Reference Number Setter' successfully

2019-01-03 23:47:51 - [TEST_CASE][PASSED] - Test Cases/Final Aug 2018 - PKS Automation/Common/Reference Number Setter: Test Cases/Final Aug 2018 - PKS Automation/Common/Reference Number Setter

2019-01-03 23:47:51 - [TEST_STEP][PASSED] - Statement - RefNoOldFile = new java.io.File(C://Users//Admin//Desktop//PKS//Automation Reference Point//KatalonReference.txt): null

2019-01-03 23:47:51 - [TEST_STEP][PASSED] - Statement - RefNoOldFile.delete(): null

2019-01-03 23:47:51 - [TEST_STEP][PASSED] - delay: Delayed 5 second(s)

2019-01-03 23:47:56 - [MESSAGE][PASSED] - Delayed 5 second(s)

2019-01-03 23:47:56 - [TEST_STEP][PASSED] - Statement - RefNo = new java.io.File(C://Users//Admin//Desktop//PKS//Automation Reference Point//KatalonReference.txt): null

2019-01-03 23:47:56 - [TEST_STEP][PASSED] - Statement - f2 = new java.io.FileWriter(RefNo, false): null

2019-01-03 23:47:56 - [TEST_STEP][PASSED] - Statement - f2.write(CaseReferenceNo): null

2019-01-03 23:47:56 - [TEST_STEP][PASSED] - Statement - f2.close(): null

2019-01-03 23:47:56 - [TEST_STEP][PASSED] - Statement - out.println("


" + CaseReferenceNo + "


"): null

2019-01-03 23:47:56 - [MESSAGE][PASSED] - Call Test Case 'Test Cases/Final Aug 2018 - PKS Automation/Common/Reference Number Setter' successfully

2019-01-03 23:47:56 - [TEST_STEP][PASSED] - click: Object: 'Object Repository/Final Object Repo/Page_Request SSN - ASSIST/Add Document Button' is clicked on

2019-01-03 23:47:56 - [MESSAGE][PASSED] - Object: 'Object Repository/Final Object Repo/Page_Request SSN - ASSIST/Add Document Button' is clicked on

2019-01-03 23:47:56 - [TEST_STEP][PASSED] - delay: Delayed 2 second(s)

2019-01-03 23:47:58 - [MESSAGE][PASSED] - Delayed 2 second(s)

2019-01-03 23:47:58 - [TEST_STEP][PASSED] - click: Object: 'Object Repository/Final Object Repo/Page_Request SSN - ASSIST/Document Type' is clicked on

2019-01-03 23:47:59 - [MESSAGE][PASSED] - Object: 'Object Repository/Final Object Repo/Page_Request SSN - ASSIST/Document Type' is clicked on

2019-01-03 23:47:59 - [TEST_STEP][PASSED] - click: Object: 'Object Repository/Final Object Repo/Page_Request SSN - ASSIST/Document Type - Birth Certificate' is clicked on

2019-01-03 23:47:59 - [MESSAGE][PASSED] - Object: 'Object Repository/Final Object Repo/Page_Request SSN - ASSIST/Document Type - Birth Certificate' is clicked on

2019-01-03 23:47:59 - [TEST_STEP][PASSED] - sendKeys: Keys 'C:\Users\Public\Pictures\Sample Pictures\Koala.jpg' sent to object: 'Object Repository/Final Object Repo/Page_Request SSN - ASSIST/Upload File'

2019-01-03 23:48:00 - [MESSAGE][PASSED] - Keys 'C:\Users\Public\Pictures\Sample Pictures\Koala.jpg' sent to object: 'Object Repository/Final Object Repo/Page_Request SSN - ASSIST/Upload File'

2019-01-03 23:48:00 - [TEST_STEP][PASSED] - click: Object: 'Object Repository/Final Object Repo/Page_Request SSN - ASSIST/Add Document' is clicked on

2019-01-03 23:48:00 - [MESSAGE][PASSED] - Object: 'Object Repository/Final Object Repo/Page_Request SSN - ASSIST/Add Document' is clicked on

2019-01-03 23:48:00 - [TEST_STEP][PASSED] - delay: Delayed 20 second(s)

2019-01-03 23:48:20 - [MESSAGE][PASSED] - Delayed 20 second(s)

2019-01-03 23:48:20 - [TEST_STEP][PASSED] - click: Object: 'Object Repository/Final Object Repo/Page_Request SSN - ASSIST/Save  Continue in Uploading Document Page' is clicked on

2019-01-03 23:48:20 - [MESSAGE][PASSED] - Object: 'Object Repository/Final Object Repo/Page_Request SSN - ASSIST/Save  Continue in Uploading Document Page' is clicked on

2019-01-03 23:48:20 - [TEST_STEP][PASSED] - delay: Delayed 2 second(s)

2019-01-03 23:48:22 - [MESSAGE][PASSED] - Delayed 2 second(s)

2019-01-03 23:48:22 - [TEST_STEP][PASSED] - click: Object: 'Object Repository/Final Object Repo/Page_Request SSN - ASSIST/Submit' is clicked on

2019-01-03 23:48:25 - [MESSAGE][PASSED] - Object: 'Object Repository/Final Object Repo/Page_Request SSN - ASSIST/Submit' is clicked on

2019-01-03 23:48:25 - [TEST_STEP][PASSED] - delay: Delayed 2 second(s)

2019-01-03 23:48:27 - [MESSAGE][PASSED] - Delayed 2 second(s)

2019-01-03 23:48:27 - [TEST_STEP][PASSED] - click: Object: 'Object Repository/Final Object Repo/Page_Request SSN - ASSIST/Confirm' is clicked on

2019-01-03 23:48:27 - [MESSAGE][PASSED] - Object: 'Object Repository/Final Object Repo/Page_Request SSN - ASSIST/Confirm' is clicked on

2019-01-03 23:48:27 - [TEST_STEP][PASSED] - delay: Delayed 2 second(s)

2019-01-03 23:48:29 - [MESSAGE][PASSED] - Delayed 2 second(s)

2019-01-03 23:48:29 - [TEST_STEP][PASSED] - verifyElementVisible: Object 'Object Repository/Final Object Repo/Page_Request SSN - ASSIST/Message This Case will be routed to RIO' is visible

2019-01-03 23:48:35 - [MESSAGE][PASSED] - Object 'Object Repository/Final Object Repo/Page_Request SSN - ASSIST/Message This Case will be routed to RIO' is visible

2019-01-03 23:48:35 - [TEST_STEP][PASSED] - delay: Delayed 2 second(s)

2019-01-03 23:48:37 - [MESSAGE][PASSED] - Delayed 2 second(s)

2019-01-03 23:48:37 - [TEST_STEP][PASSED] - verifyElementVisible: Object 'Object Repository/Final Object Repo/Page_Request SSN - ASSIST/Letter of acknowledgement' is visible

2019-01-03 23:48:37 - [MESSAGE][PASSED] - Object 'Object Repository/Final Object Repo/Page_Request SSN - ASSIST/Letter of acknowledgement' is visible

2019-01-03 23:48:37 - [MESSAGE][PASSED] - Call Test Case 'Test Cases/Final Aug 2018 - PKS Automation/Registration Module/Workflow/Request SSN/Template/Request SSN - PKRBO' successfully

2019-01-03 23:48:37 - [TEST_STEP][PASSED] - callTestCase: Call Test Case 'Test Cases/Final Aug 2018 - PKS Automation/Registration Module/Workflow/Request SSN/Template/Request SSN RIO - RO (Query)' successfully

2019-01-03 23:48:37 - [TEST_CASE][PASSED] - Test Cases/Final Aug 2018 - PKS Automation/Registration Module/Workflow/Request SSN/Template/Request SSN RIO - RO (Query): Test Cases/Final Aug 2018 - PKS Automation/Registration Module/Workflow/Request SSN/Template/Request SSN RIO - RO (Query)

2019-01-03 23:48:37 - [TEST_STEP][NOT_RUN] - callTestCase: NOT_RUN: callTestCase

2019-01-03 23:48:37 - [MESSAGE][NOT_RUN] - NOT_RUN: callTestCase

2019-01-03 23:48:37 - [TEST_STEP][PASSED] - delay: Delayed 2 second(s)

2019-01-03 23:48:39 - [MESSAGE][PASSED] - Delayed 2 second(s)

2019-01-03 23:48:39 - [TEST_STEP][PASSED] - navigateToUrl: Navigate to 'https://assist2-uat.perkeso.gov.my/c/portal/logout' successfully

2019-01-03 23:48:40 - [MESSAGE][PASSED] - Navigate to 'https://assist2-uat.perkeso.gov.my/c/portal/logout' successfully

2019-01-03 23:48:40 - [TEST_STEP][PASSED] - delay: Delayed 2 second(s)

2019-01-03 23:48:42 - [MESSAGE][PASSED] - Delayed 2 second(s)

2019-01-03 23:48:42 - [TEST_STEP][PASSED] - callTestCase: Call Test Case 'Test Cases/Final Aug 2018 - PKS Automation/Common/Reference Number Getter' successfully

2019-01-03 23:48:42 - [TEST_CASE][PASSED] - Test Cases/Final Aug 2018 - PKS Automation/Common/Reference Number Getter: Test Cases/Final Aug 2018 - PKS Automation/Common/Reference Number Getter

2019-01-03 23:48:42 - [TEST_STEP][PASSED] - Statement - Try: null

2019-01-03 23:48:42 - [TEST_STEP][PASSED] - Statement - RefNo = new java.io.File(C://Users//Admin//Desktop//PKS//Automation Reference Point//KatalonReference.txt): null

2019-01-03 23:48:42 - [TEST_STEP][PASSED] - Statement - bufferread = new java.io.BufferedReader(new java.io.FileReader(RefNo)): null

2019-01-03 23:48:42 - [TEST_STEP][PASSED] - Statement - readedVal = bufferread.readLine(): null

2019-01-03 23:48:42 - [TEST_STEP][PASSED] - Statement - out.println(CaseReferenceNo): null

2019-01-03 23:48:42 - [TEST_STEP][PASSED] - Statement - out.println(readedVal): null

2019-01-03 23:48:42 - [TEST_STEP][PASSED] - Statement - CaseReferenceNo = "": null

2019-01-03 23:48:42 - [TEST_STEP][PASSED] - Statement - CaseReferenceNo = readedVal: null

2019-01-03 23:48:42 - [MESSAGE][PASSED] - Call Test Case 'Test Cases/Final Aug 2018 - PKS Automation/Common/Reference Number Getter' successfully

2019-01-03 23:48:42 - [TEST_STEP][PASSED] - callTestCase: Call Test Case 'Test Cases/Final Aug 2018 - PKS Automation/Common/Workflow Owner Finder' successfully

2019-01-03 23:48:42 - [TEST_CASE][PASSED] - Test Cases/Final Aug 2018 - PKS Automation/Common/Workflow Owner Finder: Test Cases/Final Aug 2018 - PKS Automation/Common/Workflow Owner Finder

2019-01-03 23:48:42 - [TEST_STEP][PASSED] - openBrowser: Browser is opened with url: ''

2019-01-03 23:48:42 - [MESSAGE][WARNING] - A browser is already opened. Closing browser and opening a new one

2019-01-03 23:48:46 - [MESSAGE][PASSED] - Browser is opened with url: ''

2019-01-03 23:48:46 - [TEST_STEP][PASSED] - navigateToUrl: Navigate to 'https://assist2-uat.perkeso.gov.my/login' successfully

2019-01-03 23:48:47 - [MESSAGE][PASSED] - Navigate to 'https://assist2-uat.perkeso.gov.my/login' successfully

2019-01-03 23:48:47 - [TEST_STEP][PASSED] - delay: Delayed 5 second(s)

2019-01-03 23:48:52 - [MESSAGE][PASSED] - Delayed 5 second(s)

2019-01-03 23:48:52 - [TEST_STEP][PASSED] - setText: Text 'test@liferay.com' is set on object 'Object Repository/Final Object Repo/Login Page/Internal User/Email Address'

2019-01-03 23:48:52 - [MESSAGE][PASSED] - Text 'test@liferay.com' is set on object 'Object Repository/Final Object Repo/Login Page/Internal User/Email Address'

2019-01-03 23:48:52 - [TEST_STEP][PASSED] - click: Object: 'Object Repository/Final Object Repo/Login Page/Internal User/Next Button' is clicked on

2019-01-03 23:48:52 - [MESSAGE][PASSED] - Object: 'Object Repository/Final Object Repo/Login Page/Internal User/Next Button' is clicked on

2019-01-03 23:48:52 - [TEST_STEP][PASSED] - delay: Delayed 2 second(s)

2019-01-03 23:48:54 - [MESSAGE][PASSED] - Delayed 2 second(s)

2019-01-03 23:48:54 - [TEST_STEP][PASSED] - setText: Text 'test' is set on object 'Object Repository/Final Object Repo/Login Page/Internal User/Password'

2019-01-03 23:48:54 - [MESSAGE][PASSED] - Text 'test' is set on object 'Object Repository/Final Object Repo/Login Page/Internal User/Password'

2019-01-03 23:48:54 - [TEST_STEP][PASSED] - delay: Delayed 2 second(s)

2019-01-03 23:48:56 - [MESSAGE][PASSED] - Delayed 2 second(s)

2019-01-03 23:48:56 - [TEST_STEP][PASSED] - click: Object: 'Object Repository/Final Object Repo/Login Page/Internal User/Login Button' is clicked on

2019-01-03 23:48:57 - [MESSAGE][PASSED] - Object: 'Object Repository/Final Object Repo/Login Page/Internal User/Login Button' is clicked on

2019-01-03 23:48:57 - [TEST_STEP][PASSED] - Statement - tester = com.kms.katalon.core.testobject.ObjectRepository.findTestObject(Final Object Repo/Landing Page/Select to English): Finding Test Object with id 'Object Repository/Final Object Repo/Landing Page/Select to English'

2019-01-03 23:48:57 - [TEST_STEP][PASSED] - Statement - Try: Delayed 2 second(s)

2019-01-03 23:48:57 - [TEST_STEP][PASSED] - Statement - Checker = com.kms.katalon.core.webui.keyword.WebUiBuiltInKeywords.verifyElementNotPresent(tester, 3): Web element with id: 'Object Repository/Final Object Repo/Landing Page/Select to English' located by 'By.xpath: //a[@class = 'taglib-language-list-text' and @lang = 'en-US' and (contains(text(), 'EN') or contains(., 'EN'))]' is not present after '3' second(s)

2019-01-03 23:48:59 - [MESSAGE][PASSED] - Web element with id: 'Object Repository/Final Object Repo/Landing Page/Select to English' located by 'By.xpath: //a[@class = 'taglib-language-list-text' and @lang = 'en-US' and (contains(text(), 'EN') or contains(., 'EN'))]' is not present after '3' second(s)

2019-01-03 23:48:59 - [TEST_STEP][PASSED] - Statement - If (Checker == false): null

2019-01-03 23:48:59 - [TEST_STEP][PASSED] - delay: Delayed 2 second(s)

2019-01-03 23:49:01 - [MESSAGE][PASSED] - Delayed 2 second(s)

2019-01-03 23:49:01 - [TEST_STEP][PASSED] - delay: Delayed 5 second(s)

2019-01-03 23:49:06 - [MESSAGE][PASSED] - Delayed 5 second(s)

2019-01-03 23:49:06 - [TEST_STEP][PASSED] - mouseOver: Object: 'Object Repository/Final Object Repo/Landing Page/WorkFlow Menu' is hovered

2019-01-03 23:49:06 - [MESSAGE][PASSED] - Object: 'Object Repository/Final Object Repo/Landing Page/WorkFlow Menu' is hovered

2019-01-03 23:49:06 - [TEST_STEP][PASSED] - delay: Delayed 2 second(s)

2019-01-03 23:49:08 - [MESSAGE][PASSED] - Delayed 2 second(s)

2019-01-03 23:49:08 - [TEST_STEP][PASSED] - click: Object: 'Object Repository/Final Object Repo/Landing Page/Select to Workflow Listing' is clicked on

2019-01-03 23:49:09 - [MESSAGE][PASSED] - Object: 'Object Repository/Final Object Repo/Landing Page/Select to Workflow Listing' is clicked on

2019-01-03 23:49:09 - [TEST_STEP][PASSED] - delay: Delayed 2 second(s)

2019-01-03 23:49:11 - [MESSAGE][PASSED] - Delayed 2 second(s)

2019-01-03 23:49:11 - [TEST_STEP][PASSED] - click: Object: 'Object Repository/Final Object Repo/WorkFlow Listing Page/Search Information - To Put Ref No' is clicked on

2019-01-03 23:49:11 - [MESSAGE][PASSED] - Object: 'Object Repository/Final Object Repo/WorkFlow Listing Page/Search Information - To Put Ref No' is clicked on

2019-01-03 23:49:11 - [TEST_STEP][PASSED] - delay: Delayed 2 second(s)

2019-01-03 23:49:13 - [MESSAGE][PASSED] - Delayed 2 second(s)

2019-01-03 23:49:13 - [TEST_STEP][PASSED] - callTestCase: Call Test Case 'Test Cases/Final Aug 2018 - PKS Automation/Common/Reference Number Getter' successfully

2019-01-03 23:49:13 - [TEST_CASE][PASSED] - Test Cases/Final Aug 2018 - PKS Automation/Common/Reference Number Getter: Test Cases/Final Aug 2018 - PKS Automation/Common/Reference Number Getter

2019-01-03 23:49:13 - [TEST_STEP][PASSED] - Statement - Try: null

2019-01-03 23:49:13 - [TEST_STEP][PASSED] - Statement - RefNo = new java.io.File(C://Users//Admin//Desktop//PKS//Automation Reference Point//KatalonReference.txt): null

2019-01-03 23:49:13 - [TEST_STEP][PASSED] - Statement - bufferread = new java.io.BufferedReader(new java.io.FileReader(RefNo)): null

2019-01-03 23:49:13 - [TEST_STEP][PASSED] - Statement - readedVal = bufferread.readLine(): null

2019-01-03 23:49:13 - [TEST_STEP][PASSED] - Statement - out.println(CaseReferenceNo): null

2019-01-03 23:49:13 - [TEST_STEP][PASSED] - Statement - out.println(readedVal): null

2019-01-03 23:49:13 - [TEST_STEP][PASSED] - Statement - CaseReferenceNo = "": null

2019-01-03 23:49:13 - [TEST_STEP][PASSED] - Statement - CaseReferenceNo = readedVal: null

2019-01-03 23:49:13 - [MESSAGE][PASSED] - Call Test Case 'Test Cases/Final Aug 2018 - PKS Automation/Common/Reference Number Getter' successfully

2019-01-03 23:49:13 - [TEST_STEP][PASSED] - setText: Text 'SSN01201900001206' is set on object 'Object Repository/Final Object Repo/WorkFlow Listing Page/Ref No Set Text'

2019-01-03 23:49:13 - [MESSAGE][PASSED] - Text 'SSN01201900001206' is set on object 'Object Repository/Final Object Repo/WorkFlow Listing Page/Ref No Set Text'

2019-01-03 23:49:13 - [TEST_STEP][PASSED] - delay: Delayed 2 second(s)

2019-01-03 23:49:15 - [MESSAGE][PASSED] - Delayed 2 second(s)

2019-01-03 23:49:15 - [TEST_STEP][PASSED] - click: Object: 'Object Repository/Final Object Repo/WorkFlow Listing Page/Search Ref No Search Button' is clicked on

2019-01-03 23:49:16 - [MESSAGE][PASSED] - Object: 'Object Repository/Final Object Repo/WorkFlow Listing Page/Search Ref No Search Button' is clicked on

2019-01-03 23:49:16 - [TEST_STEP][PASSED] - delay: Delayed 6 second(s)

2019-01-03 23:49:22 - [MESSAGE][PASSED] - Delayed 6 second(s)

2019-01-03 23:49:22 - [TEST_STEP][PASSED] - click: Object: 'Object Repository/Final Object Repo/WorkFlow Listing Page/Click Continue Tooltip' is clicked on

2019-01-03 23:49:23 - [MESSAGE][PASSED] - Object: 'Object Repository/Final Object Repo/WorkFlow Listing Page/Click Continue Tooltip' is clicked on

2019-01-03 23:49:23 - [TEST_STEP][PASSED] - delay: Delayed 5 second(s)

2019-01-03 23:49:28 - [MESSAGE][PASSED] - Delayed 5 second(s)

2019-01-03 23:49:28 - [TEST_STEP][PASSED] - doubleClick: Object: 'Object Repository/Final Object Repo/WorkFlow Listing Page/Workflow Found - Listing 1' is double clicked on

2019-01-03 23:49:28 - [MESSAGE][PASSED] - Object: 'Object Repository/Final Object Repo/WorkFlow Listing Page/Workflow Found - Listing 1' is double clicked on

2019-01-03 23:49:28 - [TEST_STEP][PASSED] - Statement - println(OwnerID): null

2019-01-03 23:49:28 - [TEST_STEP][PASSED] - Statement - OwnerID = com.kms.katalon.core.webui.keyword.WebUiBuiltInKeywords.getText(com.kms.katalon.core.testobject.ObjectRepository.findTestObject(Final Object Repo/WorkFlow Listing Page/Workflow Found - Listing 1), STOP_ON_FAILURE): Text of object 'Object Repository/Final Object Repo/WorkFlow Listing Page/Workflow Found - Listing 1' is: 'JOHORrio2'

2019-01-03 23:49:28 - [MESSAGE][PASSED] - Text of object 'Object Repository/Final Object Repo/WorkFlow Listing Page/Workflow Found - Listing 1' is: 'JOHORrio2'

2019-01-03 23:49:28 - [TEST_STEP][PASSED] - Statement - OwnerID = OwnerID.toLowerCase() + "@gmail.com": null

2019-01-03 23:49:28 - [TEST_STEP][PASSED] - Statement - println(OwnerID): null

2019-01-03 23:49:28 - [TEST_STEP][PASSED] - delay: Delayed 2 second(s)

2019-01-03 23:49:30 - [MESSAGE][PASSED] - Delayed 2 second(s)

2019-01-03 23:49:30 - [MESSAGE][PASSED] - Call Test Case 'Test Cases/Final Aug 2018 - PKS Automation/Common/Workflow Owner Finder' successfully

2019-01-03 23:49:30 - [TEST_STEP][PASSED] - delay: Delayed 2 second(s)

2019-01-03 23:49:32 - [MESSAGE][PASSED] - Delayed 2 second(s)

2019-01-03 23:49:32 - [TEST_STEP][PASSED] - navigateToUrl: Navigate to 'https://assist2-uat.perkeso.gov.my/c/portal/logout' successfully

2019-01-03 23:49:33 - [MESSAGE][PASSED] - Navigate to 'https://assist2-uat.perkeso.gov.my/c/portal/logout' successfully

2019-01-03 23:49:33 - [TEST_STEP][PASSED] - delay: Delayed 2 second(s)

2019-01-03 23:49:35 - [MESSAGE][PASSED] - Delayed 2 second(s)

2019-01-03 23:49:35 - [TEST_STEP][PASSED] - callTestCase: Call Test Case 'Test Cases/Final Aug 2018 - PKS Automation/Registration Module/Workflow/Login and Search Case For Workflow' successfully

2019-01-03 23:49:35 - [TEST_CASE][PASSED] - Test Cases/Final Aug 2018 - PKS Automation/Registration Module/Workflow/Login and Search Case For Workflow: Test Cases/Final Aug 2018 - PKS Automation/Registration Module/Workflow/Login and Search Case For Workflow

2019-01-03 23:49:35 - [TEST_STEP][PASSED] - navigateToUrl: Navigate to 'https://assist2-uat.perkeso.gov.my/login' successfully

2019-01-03 23:49:35 - [MESSAGE][PASSED] - Navigate to 'https://assist2-uat.perkeso.gov.my/login' successfully

2019-01-03 23:49:35 - [TEST_STEP][PASSED] - setText: Text 'johorrio2@gmail.com' is set on object 'Object Repository/Final Object Repo/Login Page/Internal User/Email Address'

2019-01-03 23:49:36 - [MESSAGE][PASSED] - Text 'johorrio2@gmail.com' is set on object 'Object Repository/Final Object Repo/Login Page/Internal User/Email Address'

2019-01-03 23:49:36 - [TEST_STEP][PASSED] - click: Object: 'Object Repository/Final Object Repo/Login Page/Internal User/Next Button' is clicked on

2019-01-03 23:49:36 - [MESSAGE][PASSED] - Object: 'Object Repository/Final Object Repo/Login Page/Internal User/Next Button' is clicked on

2019-01-03 23:49:36 - [TEST_STEP][PASSED] - delay: Delayed 1 second(s)

2019-01-03 23:49:37 - [MESSAGE][PASSED] - Delayed 1 second(s)

2019-01-03 23:49:37 - [TEST_STEP][PASSED] - setEncryptedText: Text ****** has been set on object 'Object Repository/Final Object Repo/Login Page/Internal User/Password'

2019-01-03 23:49:37 - [MESSAGE][PASSED] - Text ****** has been set on object 'Object Repository/Final Object Repo/Login Page/Internal User/Password'

2019-01-03 23:49:37 - [TEST_STEP][PASSED] - click: Object: 'Object Repository/Final Object Repo/Login Page/Internal User/Login Button' is clicked on

2019-01-03 23:49:37 - [MESSAGE][PASSED] - Object: 'Object Repository/Final Object Repo/Login Page/Internal User/Login Button' is clicked on

2019-01-03 23:49:37 - [TEST_STEP][PASSED] - delay: Delayed 2 second(s)

2019-01-03 23:49:39 - [MESSAGE][PASSED] - Delayed 2 second(s)

2019-01-03 23:49:39 - [TEST_STEP][PASSED] - Statement - Try: Delayed 2 second(s)

2019-01-03 23:49:39 - [TEST_STEP][PASSED] - Statement - Checker = false: null

2019-01-03 23:49:39 - [TEST_STEP][PASSED] - Statement - Checker = com.kms.katalon.core.webui.keyword.WebUiBuiltInKeywords.verifyElementHasAttribute(com.kms.katalon.core.testobject.ObjectRepository.findTestObject(Final Object Repo/Landing Page/BM Detecting), "href", 20, OPTIONAL): Object 'Object Repository/Final Object Repo/Landing Page/BM Detecting' has attribute 'href'

2019-01-03 23:49:39 - [MESSAGE][PASSED] - Object 'Object Repository/Final Object Repo/Landing Page/BM Detecting' has attribute 'href'

2019-01-03 23:49:39 - [TEST_STEP][PASSED] - Statement - out.println(Checker): null

2019-01-03 23:49:39 - [TEST_STEP][PASSED] - Statement - If (Checker == false): null

2019-01-03 23:49:39 - [TEST_STEP][PASSED] - Statement - Else: null

2019-01-03 23:49:39 - [TEST_STEP][PASSED] - delay: Delayed 2 second(s)

2019-01-03 23:49:41 - [MESSAGE][PASSED] - Delayed 2 second(s)

2019-01-03 23:49:41 - [TEST_STEP][PASSED] - click: Object: 'Object Repository/Final Object Repo/Page_MyASSIST - ASSIST - Search Pending Case For Add Supporting Document/Search Information' is clicked on

2019-01-03 23:49:41 - [MESSAGE][PASSED] - Object: 'Object Repository/Final Object Repo/Page_MyASSIST - ASSIST - Search Pending Case For Add Supporting Document/Search Information' is clicked on

2019-01-03 23:49:41 - [TEST_STEP][PASSED] - delay: Delayed 3 second(s)

2019-01-03 23:49:44 - [MESSAGE][PASSED] - Delayed 3 second(s)

2019-01-03 23:49:44 - [TEST_STEP][PASSED] - sendKeys: Keys 'SSN01201900001206' sent to object: 'Object Repository/Final Object Repo/Page_MyASSIST - ASSIST - Search Pending Case For Add Supporting Document/Reference No'

2019-01-03 23:49:45 - [MESSAGE][PASSED] - Keys 'SSN01201900001206' sent to object: 'Object Repository/Final Object Repo/Page_MyASSIST - ASSIST - Search Pending Case For Add Supporting Document/Reference No'

2019-01-03 23:49:45 - [TEST_STEP][PASSED] - click: Object: 'Object Repository/Final Object Repo/Page_MyASSIST - ASSIST - Search Pending Case For Add Supporting Document/Search Reference No' is clicked on

2019-01-03 23:49:45 - [MESSAGE][PASSED] - Object: 'Object Repository/Final Object Repo/Page_MyASSIST - ASSIST - Search Pending Case For Add Supporting Document/Search Reference No' is clicked on

2019-01-03 23:49:45 - [TEST_STEP][PASSED] - delay: Delayed 2 second(s)

2019-01-03 23:49:47 - [MESSAGE][PASSED] - Delayed 2 second(s)

2019-01-03 23:49:47 - [TEST_STEP][PASSED] - click: Object: 'Object Repository/Final Object Repo/Page_MyASSIST - ASSIST - Search Pending Case For Add Supporting Document/Continue' is clicked on

2019-01-03 23:49:53 - [MESSAGE][PASSED] - Object: 'Object Repository/Final Object Repo/Page_MyASSIST - ASSIST - Search Pending Case For Add Supporting Document/Continue' is clicked on

2019-01-03 23:49:53 - [TEST_STEP][PASSED] - delay: Delayed 20 second(s)

2019-01-03 23:50:13 - [MESSAGE][PASSED] - Delayed 20 second(s)

2019-01-03 23:50:13 - [MESSAGE][PASSED] - Call Test Case 'Test Cases/Final Aug 2018 - PKS Automation/Registration Module/Workflow/Login and Search Case For Workflow' successfully

2019-01-03 23:50:13 - [TEST_STEP][PASSED] - callTestCase: Call Test Case 'Test Cases/Final Aug 2018 - PKS Automation/Registration Module/Workflow/Request SSN/Template/Request SSN - RIO' successfully

2019-01-03 23:50:13 - [TEST_CASE][PASSED] - Test Cases/Final Aug 2018 - PKS Automation/Registration Module/Workflow/Request SSN/Template/Request SSN - RIO: Test Cases/Final Aug 2018 - PKS Automation/Registration Module/Workflow/Request SSN/Template/Request SSN - RIO

2019-01-03 23:50:13 - [TEST_STEP][NOT_RUN] - openBrowser: NOT_RUN: openBrowser

2019-01-03 23:50:13 - [MESSAGE][NOT_RUN] - NOT_RUN: openBrowser

2019-01-03 23:50:13 - [TEST_STEP][NOT_RUN] - navigateToUrl: NOT_RUN: navigateToUrl

2019-01-03 23:50:13 - [MESSAGE][NOT_RUN] - NOT_RUN: navigateToUrl

2019-01-03 23:50:13 - [TEST_STEP][NOT_RUN] - setText: NOT_RUN: setText

2019-01-03 23:50:13 - [MESSAGE][NOT_RUN] - NOT_RUN: setText

2019-01-03 23:50:13 - [TEST_STEP][NOT_RUN] - click: NOT_RUN: click

2019-01-03 23:50:13 - [MESSAGE][NOT_RUN] - NOT_RUN: click

2019-01-03 23:50:13 - [TEST_STEP][NOT_RUN] - delay: NOT_RUN: delay

2019-01-03 23:50:13 - [MESSAGE][NOT_RUN] - NOT_RUN: delay

2019-01-03 23:50:13 - [TEST_STEP][NOT_RUN] - setEncryptedText: NOT_RUN: setEncryptedText

2019-01-03 23:50:13 - [MESSAGE][NOT_RUN] - NOT_RUN: setEncryptedText

2019-01-03 23:50:13 - [TEST_STEP][NOT_RUN] - click: NOT_RUN: click

2019-01-03 23:50:13 - [MESSAGE][NOT_RUN] - NOT_RUN: click

2019-01-03 23:50:13 - [TEST_STEP][NOT_RUN] - delay: NOT_RUN: delay

2019-01-03 23:50:13 - [MESSAGE][NOT_RUN] - NOT_RUN: delay

2019-01-03 23:50:13 - [TEST_STEP][NOT_RUN] - click: NOT_RUN: click

2019-01-03 23:50:13 - [MESSAGE][NOT_RUN] - NOT_RUN: click

2019-01-03 23:50:13 - [TEST_STEP][NOT_RUN] - sendKeys: NOT_RUN: sendKeys

2019-01-03 23:50:13 - [MESSAGE][NOT_RUN] - NOT_RUN: sendKeys

2019-01-03 23:50:13 - [TEST_STEP][NOT_RUN] - click: NOT_RUN: click

2019-01-03 23:50:13 - [MESSAGE][NOT_RUN] - NOT_RUN: click

2019-01-03 23:50:13 - [TEST_STEP][NOT_RUN] - delay: NOT_RUN: delay

2019-01-03 23:50:13 - [MESSAGE][NOT_RUN] - NOT_RUN: delay

2019-01-03 23:50:13 - [TEST_STEP][NOT_RUN] - click: NOT_RUN: click

2019-01-03 23:50:13 - [MESSAGE][NOT_RUN] - NOT_RUN: click

2019-01-03 23:50:13 - [TEST_STEP][PASSED] - delay: Delayed 2 second(s)

2019-01-03 23:50:15 - [MESSAGE][PASSED] - Delayed 2 second(s)

2019-01-03 23:50:15 - [TEST_STEP][PASSED] - click: Object: 'Object Repository/Final Object Repo/Page_Request SSN - ASSIST/Page_Request SSN - ASSIST - RIO/Recommend For SSN' is clicked on

2019-01-03 23:50:16 - [MESSAGE][PASSED] - Object: 'Object Repository/Final Object Repo/Page_Request SSN - ASSIST/Page_Request SSN - ASSIST - RIO/Recommend For SSN' is clicked on

2019-01-03 23:50:16 - [TEST_STEP][PASSED] - click: Object: 'Object Repository/Final Object Repo/Page_Request SSN - ASSIST/Page_Request SSN - ASSIST - RIO/Recommend For SSN  - Yes' is clicked on

2019-01-03 23:50:16 - [MESSAGE][PASSED] - Object: 'Object Repository/Final Object Repo/Page_Request SSN - ASSIST/Page_Request SSN - ASSIST - RIO/Recommend For SSN  - Yes' is clicked on

2019-01-03 23:50:16 - [TEST_STEP][PASSED] - delay: Delayed 2 second(s)

2019-01-03 23:50:18 - [MESSAGE][PASSED] - Delayed 2 second(s)

2019-01-03 23:50:18 - [TEST_STEP][PASSED] - click: Object: 'Object Repository/Final Object Repo/Page_Request SSN - ASSIST/Page_Request SSN - ASSIST - RIO/Save  Continue in SSN page' is clicked on

2019-01-03 23:50:18 - [MESSAGE][PASSED] - Object: 'Object Repository/Final Object Repo/Page_Request SSN - ASSIST/Page_Request SSN - ASSIST - RIO/Save  Continue in SSN page' is clicked on

2019-01-03 23:50:18 - [TEST_STEP][PASSED] - delay: Delayed 2 second(s)

2019-01-03 23:50:20 - [MESSAGE][PASSED] - Delayed 2 second(s)

2019-01-03 23:50:20 - [TEST_STEP][PASSED] - click: Object: 'Object Repository/Final Object Repo/Page_Request SSN - ASSIST/Page_Request SSN - ASSIST - RIO/Save  Continue in Upload Document Page' is clicked on

2019-01-03 23:50:23 - [MESSAGE][PASSED] - Object: 'Object Repository/Final Object Repo/Page_Request SSN - ASSIST/Page_Request SSN - ASSIST - RIO/Save  Continue in Upload Document Page' is clicked on

2019-01-03 23:50:23 - [TEST_STEP][PASSED] - delay: Delayed 2 second(s)

2019-01-03 23:50:25 - [MESSAGE][PASSED] - Delayed 2 second(s)

2019-01-03 23:50:25 - [TEST_STEP][PASSED] - click: Object: 'Object Repository/Final Object Repo/Page_Request SSN - ASSIST/Page_Request SSN - ASSIST - RIO/Submit' is clicked on

2019-01-03 23:50:28 - [MESSAGE][PASSED] - Object: 'Object Repository/Final Object Repo/Page_Request SSN - ASSIST/Page_Request SSN - ASSIST - RIO/Submit' is clicked on

2019-01-03 23:50:28 - [TEST_STEP][PASSED] - delay: Delayed 2 second(s)

2019-01-03 23:50:30 - [MESSAGE][PASSED] - Delayed 2 second(s)

2019-01-03 23:50:30 - [TEST_STEP][PASSED] - click: Object: 'Object Repository/Final Object Repo/Page_Request SSN - ASSIST/Page_Request SSN - ASSIST - RIO/Confirm' is clicked on

2019-01-03 23:50:30 - [MESSAGE][PASSED] - Object: 'Object Repository/Final Object Repo/Page_Request SSN - ASSIST/Page_Request SSN - ASSIST - RIO/Confirm' is clicked on

2019-01-03 23:50:30 - [MESSAGE][PASSED] - Call Test Case 'Test Cases/Final Aug 2018 - PKS Automation/Registration Module/Workflow/Request SSN/Template/Request SSN - RIO' successfully

2019-01-03 23:50:30 - [TEST_STEP][PASSED] - delay: Delayed 2 second(s)

2019-01-03 23:50:32 - [MESSAGE][PASSED] - Delayed 2 second(s)

2019-01-03 23:50:32 - [TEST_STEP][PASSED] - navigateToUrl: Navigate to 'https://assist2-uat.perkeso.gov.my/c/portal/logout' successfully

2019-01-03 23:50:37 - [MESSAGE][PASSED] - Navigate to 'https://assist2-uat.perkeso.gov.my/c/portal/logout' successfully

2019-01-03 23:50:37 - [TEST_STEP][PASSED] - delay: Delayed 2 second(s)

2019-01-03 23:50:39 - [MESSAGE][PASSED] - Delayed 2 second(s)

2019-01-03 23:50:39 - [TEST_STEP][PASSED] - callTestCase: Call Test Case 'Test Cases/Final Aug 2018 - PKS Automation/Common/Workflow Owner Finder' successfully

2019-01-03 23:50:39 - [TEST_CASE][PASSED] - Test Cases/Final Aug 2018 - PKS Automation/Common/Workflow Owner Finder: Test Cases/Final Aug 2018 - PKS Automation/Common/Workflow Owner Finder

2019-01-03 23:50:39 - [TEST_STEP][PASSED] - openBrowser: Browser is opened with url: ''

2019-01-03 23:50:39 - [MESSAGE][WARNING] - A browser is already opened. Closing browser and opening a new one

2019-01-03 23:50:43 - [MESSAGE][PASSED] - Browser is opened with url: ''

2019-01-03 23:50:43 - [TEST_STEP][PASSED] - navigateToUrl: Navigate to 'https://assist2-uat.perkeso.gov.my/login' successfully

2019-01-03 23:50:44 - [MESSAGE][PASSED] - Navigate to 'https://assist2-uat.perkeso.gov.my/login' successfully

2019-01-03 23:50:44 - [TEST_STEP][PASSED] - delay: Delayed 5 second(s)

2019-01-03 23:50:49 - [MESSAGE][PASSED] - Delayed 5 second(s)

2019-01-03 23:50:49 - [TEST_STEP][PASSED] - setText: Text 'test@liferay.com' is set on object 'Object Repository/Final Object Repo/Login Page/Internal User/Email Address'

2019-01-03 23:50:49 - [MESSAGE][PASSED] - Text 'test@liferay.com' is set on object 'Object Repository/Final Object Repo/Login Page/Internal User/Email Address'

2019-01-03 23:50:49 - [TEST_STEP][PASSED] - click: Object: 'Object Repository/Final Object Repo/Login Page/Internal User/Next Button' is clicked on

2019-01-03 23:50:49 - [MESSAGE][PASSED] - Object: 'Object Repository/Final Object Repo/Login Page/Internal User/Next Button' is clicked on

2019-01-03 23:50:49 - [TEST_STEP][PASSED] - delay: Delayed 2 second(s)

2019-01-03 23:50:51 - [MESSAGE][PASSED] - Delayed 2 second(s)

2019-01-03 23:50:51 - [TEST_STEP][PASSED] - setText: Text 'test' is set on object 'Object Repository/Final Object Repo/Login Page/Internal User/Password'

2019-01-03 23:50:52 - [MESSAGE][PASSED] - Text 'test' is set on object 'Object Repository/Final Object Repo/Login Page/Internal User/Password'

2019-01-03 23:50:52 - [TEST_STEP][PASSED] - delay: Delayed 2 second(s)

2019-01-03 23:50:54 - [MESSAGE][PASSED] - Delayed 2 second(s)

2019-01-03 23:50:54 - [TEST_STEP][PASSED] - click: Object: 'Object Repository/Final Object Repo/Login Page/Internal User/Login Button' is clicked on

2019-01-03 23:50:54 - [MESSAGE][PASSED] - Object: 'Object Repository/Final Object Repo/Login Page/Internal User/Login Button' is clicked on

2019-01-03 23:50:54 - [TEST_STEP][PASSED] - Statement - tester = com.kms.katalon.core.testobject.ObjectRepository.findTestObject(Final Object Repo/Landing Page/Select to English): Finding Test Object with id 'Object Repository/Final Object Repo/Landing Page/Select to English'

2019-01-03 23:50:54 - [TEST_STEP][PASSED] - Statement - Try: Delayed 2 second(s)

2019-01-03 23:50:54 - [TEST_STEP][PASSED] - Statement - Checker = com.kms.katalon.core.webui.keyword.WebUiBuiltInKeywords.verifyElementNotPresent(tester, 3): Web element with id: 'Object Repository/Final Object Repo/Landing Page/Select to English' located by 'By.xpath: //a[@class = 'taglib-language-list-text' and @lang = 'en-US' and (contains(text(), 'EN') or contains(., 'EN'))]' is not present after '3' second(s)

2019-01-03 23:50:55 - [MESSAGE][PASSED] - Web element with id: 'Object Repository/Final Object Repo/Landing Page/Select to English' located by 'By.xpath: //a[@class = 'taglib-language-list-text' and @lang = 'en-US' and (contains(text(), 'EN') or contains(., 'EN'))]' is not present after '3' second(s)

2019-01-03 23:50:55 - [TEST_STEP][PASSED] - Statement - If (Checker == false): null

2019-01-03 23:50:55 - [TEST_STEP][PASSED] - delay: Delayed 2 second(s)

2019-01-03 23:50:57 - [MESSAGE][PASSED] - Delayed 2 second(s)

2019-01-03 23:50:57 - [TEST_STEP][PASSED] - delay: Delayed 5 second(s)

2019-01-03 23:51:02 - [MESSAGE][PASSED] - Delayed 5 second(s)

2019-01-03 23:51:02 - [TEST_STEP][PASSED] - mouseOver: Object: 'Object Repository/Final Object Repo/Landing Page/WorkFlow Menu' is hovered

2019-01-03 23:51:03 - [MESSAGE][PASSED] - Object: 'Object Repository/Final Object Repo/Landing Page/WorkFlow Menu' is hovered

2019-01-03 23:51:03 - [TEST_STEP][PASSED] - delay: Delayed 2 second(s)

2019-01-03 23:51:05 - [MESSAGE][PASSED] - Delayed 2 second(s)

2019-01-03 23:51:05 - [TEST_STEP][PASSED] - click: Object: 'Object Repository/Final Object Repo/Landing Page/Select to Workflow Listing' is clicked on

2019-01-03 23:51:06 - [MESSAGE][PASSED] - Object: 'Object Repository/Final Object Repo/Landing Page/Select to Workflow Listing' is clicked on

2019-01-03 23:51:06 - [TEST_STEP][PASSED] - delay: Delayed 2 second(s)

2019-01-03 23:51:08 - [MESSAGE][PASSED] - Delayed 2 second(s)

2019-01-03 23:51:08 - [TEST_STEP][PASSED] - click: Object: 'Object Repository/Final Object Repo/WorkFlow Listing Page/Search Information - To Put Ref No' is clicked on

2019-01-03 23:51:08 - [MESSAGE][PASSED] - Object: 'Object Repository/Final Object Repo/WorkFlow Listing Page/Search Information - To Put Ref No' is clicked on

2019-01-03 23:51:08 - [TEST_STEP][PASSED] - delay: Delayed 2 second(s)

2019-01-03 23:51:10 - [MESSAGE][PASSED] - Delayed 2 second(s)

2019-01-03 23:51:10 - [TEST_STEP][PASSED] - callTestCase: Call Test Case 'Test Cases/Final Aug 2018 - PKS Automation/Common/Reference Number Getter' successfully

2019-01-03 23:51:10 - [TEST_CASE][PASSED] - Test Cases/Final Aug 2018 - PKS Automation/Common/Reference Number Getter: Test Cases/Final Aug 2018 - PKS Automation/Common/Reference Number Getter

2019-01-03 23:51:10 - [TEST_STEP][PASSED] - Statement - Try: null

2019-01-03 23:51:10 - [TEST_STEP][PASSED] - Statement - RefNo = new java.io.File(C://Users//Admin//Desktop//PKS//Automation Reference Point//KatalonReference.txt): null

2019-01-03 23:51:10 - [TEST_STEP][PASSED] - Statement - bufferread = new java.io.BufferedReader(new java.io.FileReader(RefNo)): null

2019-01-03 23:51:10 - [TEST_STEP][PASSED] - Statement - readedVal = bufferread.readLine(): null

2019-01-03 23:51:10 - [TEST_STEP][PASSED] - Statement - out.println(CaseReferenceNo): null

2019-01-03 23:51:10 - [TEST_STEP][PASSED] - Statement - out.println(readedVal): null

2019-01-03 23:51:10 - [TEST_STEP][PASSED] - Statement - CaseReferenceNo = "": null

2019-01-03 23:51:10 - [TEST_STEP][PASSED] - Statement - CaseReferenceNo = readedVal: null

2019-01-03 23:51:10 - [MESSAGE][PASSED] - Call Test Case 'Test Cases/Final Aug 2018 - PKS Automation/Common/Reference Number Getter' successfully

2019-01-03 23:51:10 - [TEST_STEP][PASSED] - setText: Text 'SSN01201900001206' is set on object 'Object Repository/Final Object Repo/WorkFlow Listing Page/Ref No Set Text'

2019-01-03 23:51:10 - [MESSAGE][PASSED] - Text 'SSN01201900001206' is set on object 'Object Repository/Final Object Repo/WorkFlow Listing Page/Ref No Set Text'

2019-01-03 23:51:10 - [TEST_STEP][PASSED] - delay: Delayed 2 second(s)

2019-01-03 23:51:12 - [MESSAGE][PASSED] - Delayed 2 second(s)

2019-01-03 23:51:12 - [TEST_STEP][PASSED] - click: Object: 'Object Repository/Final Object Repo/WorkFlow Listing Page/Search Ref No Search Button' is clicked on

2019-01-03 23:51:13 - [MESSAGE][PASSED] - Object: 'Object Repository/Final Object Repo/WorkFlow Listing Page/Search Ref No Search Button' is clicked on

2019-01-03 23:51:13 - [TEST_STEP][PASSED] - delay: Delayed 6 second(s)

2019-01-03 23:51:19 - [MESSAGE][PASSED] - Delayed 6 second(s)

2019-01-03 23:51:19 - [TEST_STEP][PASSED] - click: Object: 'Object Repository/Final Object Repo/WorkFlow Listing Page/Click Continue Tooltip' is clicked on

2019-01-03 23:51:20 - [MESSAGE][PASSED] - Object: 'Object Repository/Final Object Repo/WorkFlow Listing Page/Click Continue Tooltip' is clicked on

2019-01-03 23:51:20 - [TEST_STEP][PASSED] - delay: Delayed 5 second(s)

2019-01-03 23:51:25 - [MESSAGE][PASSED] - Delayed 5 second(s)

2019-01-03 23:51:25 - [TEST_STEP][PASSED] - doubleClick: Object: 'Object Repository/Final Object Repo/WorkFlow Listing Page/Workflow Found - Listing 1' is double clicked on

2019-01-03 23:51:25 - [MESSAGE][PASSED] - Object: 'Object Repository/Final Object Repo/WorkFlow Listing Page/Workflow Found - Listing 1' is double clicked on

2019-01-03 23:51:25 - [TEST_STEP][PASSED] - Statement - println(OwnerID): null

2019-01-03 23:51:25 - [TEST_STEP][PASSED] - Statement - OwnerID = com.kms.katalon.core.webui.keyword.WebUiBuiltInKeywords.getText(com.kms.katalon.core.testobject.ObjectRepository.findTestObject(Final Object Repo/WorkFlow Listing Page/Workflow Found - Listing 1), STOP_ON_FAILURE): Text of object 'Object Repository/Final Object Repo/WorkFlow Listing Page/Workflow Found - Listing 1' is: 'JOHORro1'

2019-01-03 23:51:25 - [MESSAGE][PASSED] - Text of object 'Object Repository/Final Object Repo/WorkFlow Listing Page/Workflow Found - Listing 1' is: 'JOHORro1'

2019-01-03 23:51:25 - [TEST_STEP][PASSED] - Statement - OwnerID = OwnerID.toLowerCase() + "@gmail.com": null

2019-01-03 23:51:25 - [TEST_STEP][PASSED] - Statement - println(OwnerID): null

2019-01-03 23:51:25 - [TEST_STEP][PASSED] - delay: Delayed 2 second(s)

2019-01-03 23:51:27 - [MESSAGE][PASSED] - Delayed 2 second(s)

2019-01-03 23:51:27 - [MESSAGE][PASSED] - Call Test Case 'Test Cases/Final Aug 2018 - PKS Automation/Common/Workflow Owner Finder' successfully

2019-01-03 23:51:27 - [TEST_STEP][PASSED] - delay: Delayed 2 second(s)

2019-01-03 23:51:29 - [MESSAGE][PASSED] - Delayed 2 second(s)

2019-01-03 23:51:29 - [TEST_STEP][PASSED] - navigateToUrl: Navigate to 'https://assist2-uat.perkeso.gov.my/c/portal/logout' successfully

2019-01-03 23:51:30 - [MESSAGE][PASSED] - Navigate to 'https://assist2-uat.perkeso.gov.my/c/portal/logout' successfully

2019-01-03 23:51:30 - [TEST_STEP][PASSED] - delay: Delayed 2 second(s)

2019-01-03 23:51:32 - [MESSAGE][PASSED] - Delayed 2 second(s)

2019-01-03 23:51:32 - [TEST_STEP][PASSED] - callTestCase: Call Test Case 'Test Cases/Final Aug 2018 - PKS Automation/Registration Module/Workflow/Login and Search Case For Workflow' successfully

2019-01-03 23:51:32 - [TEST_CASE][PASSED] - Test Cases/Final Aug 2018 - PKS Automation/Registration Module/Workflow/Login and Search Case For Workflow: Test Cases/Final Aug 2018 - PKS Automation/Registration Module/Workflow/Login and Search Case For Workflow

2019-01-03 23:51:32 - [TEST_STEP][PASSED] - navigateToUrl: Navigate to 'https://assist2-uat.perkeso.gov.my/login' successfully

2019-01-03 23:51:32 - [MESSAGE][PASSED] - Navigate to 'https://assist2-uat.perkeso.gov.my/login' successfully

2019-01-03 23:51:32 - [TEST_STEP][PASSED] - setText: Text 'johorro1@gmail.com' is set on object 'Object Repository/Final Object Repo/Login Page/Internal User/Email Address'

2019-01-03 23:51:33 - [MESSAGE][PASSED] - Text 'johorro1@gmail.com' is set on object 'Object Repository/Final Object Repo/Login Page/Internal User/Email Address'

2019-01-03 23:51:33 - [TEST_STEP][PASSED] - click: Object: 'Object Repository/Final Object Repo/Login Page/Internal User/Next Button' is clicked on

2019-01-03 23:51:33 - [MESSAGE][PASSED] - Object: 'Object Repository/Final Object Repo/Login Page/Internal User/Next Button' is clicked on

2019-01-03 23:51:33 - [TEST_STEP][PASSED] - delay: Delayed 1 second(s)

2019-01-03 23:51:34 - [MESSAGE][PASSED] - Delayed 1 second(s)

2019-01-03 23:51:34 - [TEST_STEP][PASSED] - setEncryptedText: Text ****** has been set on object 'Object Repository/Final Object Repo/Login Page/Internal User/Password'

2019-01-03 23:51:34 - [MESSAGE][PASSED] - Text ****** has been set on object 'Object Repository/Final Object Repo/Login Page/Internal User/Password'

2019-01-03 23:51:34 - [TEST_STEP][PASSED] - click: Object: 'Object Repository/Final Object Repo/Login Page/Internal User/Login Button' is clicked on

2019-01-03 23:51:34 - [MESSAGE][PASSED] - Object: 'Object Repository/Final Object Repo/Login Page/Internal User/Login Button' is clicked on

2019-01-03 23:51:34 - [TEST_STEP][PASSED] - delay: Delayed 2 second(s)

2019-01-03 23:51:36 - [MESSAGE][PASSED] - Delayed 2 second(s)

2019-01-03 23:51:36 - [TEST_STEP][PASSED] - Statement - Try: Delayed 2 second(s)

2019-01-03 23:51:36 - [TEST_STEP][PASSED] - Statement - Checker = false: null

2019-01-03 23:51:36 - [TEST_STEP][PASSED] - Statement - Checker = com.kms.katalon.core.webui.keyword.WebUiBuiltInKeywords.verifyElementHasAttribute(com.kms.katalon.core.testobject.ObjectRepository.findTestObject(Final Object Repo/Landing Page/BM Detecting), "href", 20, OPTIONAL): Object 'Object Repository/Final Object Repo/Landing Page/BM Detecting' has attribute 'href'

2019-01-03 23:51:36 - [MESSAGE][PASSED] - Object 'Object Repository/Final Object Repo/Landing Page/BM Detecting' has attribute 'href'

2019-01-03 23:51:36 - [TEST_STEP][PASSED] - Statement - out.println(Checker): null

2019-01-03 23:51:36 - [TEST_STEP][PASSED] - Statement - If (Checker == false): null

2019-01-03 23:51:36 - [TEST_STEP][PASSED] - Statement - Else: null

2019-01-03 23:51:36 - [TEST_STEP][PASSED] - delay: Delayed 2 second(s)

2019-01-03 23:51:38 - [MESSAGE][PASSED] - Delayed 2 second(s)

2019-01-03 23:51:38 - [TEST_STEP][PASSED] - click: Object: 'Object Repository/Final Object Repo/Page_MyASSIST - ASSIST - Search Pending Case For Add Supporting Document/Search Information' is clicked on

2019-01-03 23:51:38 - [MESSAGE][PASSED] - Object: 'Object Repository/Final Object Repo/Page_MyASSIST - ASSIST - Search Pending Case For Add Supporting Document/Search Information' is clicked on

2019-01-03 23:51:38 - [TEST_STEP][PASSED] - delay: Delayed 3 second(s)

2019-01-03 23:51:41 - [MESSAGE][PASSED] - Delayed 3 second(s)

2019-01-03 23:51:41 - [TEST_STEP][PASSED] - sendKeys: Keys 'SSN01201900001206' sent to object: 'Object Repository/Final Object Repo/Page_MyASSIST - ASSIST - Search Pending Case For Add Supporting Document/Reference No'

2019-01-03 23:51:42 - [MESSAGE][PASSED] - Keys 'SSN01201900001206' sent to object: 'Object Repository/Final Object Repo/Page_MyASSIST - ASSIST - Search Pending Case For Add Supporting Document/Reference No'

2019-01-03 23:51:42 - [TEST_STEP][PASSED] - click: Object: 'Object Repository/Final Object Repo/Page_MyASSIST - ASSIST - Search Pending Case For Add Supporting Document/Search Reference No' is clicked on

2019-01-03 23:51:42 - [MESSAGE][PASSED] - Object: 'Object Repository/Final Object Repo/Page_MyASSIST - ASSIST - Search Pending Case For Add Supporting Document/Search Reference No' is clicked on

2019-01-03 23:51:42 - [TEST_STEP][PASSED] - delay: Delayed 2 second(s)

2019-01-03 23:51:44 - [MESSAGE][PASSED] - Delayed 2 second(s)

2019-01-03 23:51:44 - [TEST_STEP][PASSED] - click: Object: 'Object Repository/Final Object Repo/Page_MyASSIST - ASSIST - Search Pending Case For Add Supporting Document/Continue' is clicked on

2019-01-03 23:51:51 - [MESSAGE][PASSED] - Object: 'Object Repository/Final Object Repo/Page_MyASSIST - ASSIST - Search Pending Case For Add Supporting Document/Continue' is clicked on

2019-01-03 23:51:51 - [TEST_STEP][PASSED] - delay: Delayed 20 second(s)

2019-01-03 23:52:11 - [MESSAGE][PASSED] - Delayed 20 second(s)

2019-01-03 23:52:11 - [MESSAGE][PASSED] - Call Test Case 'Test Cases/Final Aug 2018 - PKS Automation/Registration Module/Workflow/Login and Search Case For Workflow' successfully

2019-01-03 23:52:11 - [TEST_STEP][PASSED] - callTestCase: Call Test Case 'Test Cases/Final Aug 2018 - PKS Automation/Registration Module/Workflow/Request SSN/Template/Request SSN - RO (Query)' successfully

2019-01-03 23:52:11 - [TEST_CASE][PASSED] - Test Cases/Final Aug 2018 - PKS Automation/Registration Module/Workflow/Request SSN/Template/Request SSN - RO (Query): Test Cases/Final Aug 2018 - PKS Automation/Registration Module/Workflow/Request SSN/Template/Request SSN - RO (Query)

2019-01-03 23:52:11 - [TEST_STEP][NOT_RUN] - openBrowser: NOT_RUN: openBrowser

2019-01-03 23:52:11 - [MESSAGE][NOT_RUN] - NOT_RUN: openBrowser

2019-01-03 23:52:11 - [TEST_STEP][NOT_RUN] - navigateToUrl: NOT_RUN: navigateToUrl

2019-01-03 23:52:11 - [MESSAGE][NOT_RUN] - NOT_RUN: navigateToUrl

2019-01-03 23:52:11 - [TEST_STEP][NOT_RUN] - setText: NOT_RUN: setText

2019-01-03 23:52:11 - [MESSAGE][NOT_RUN] - NOT_RUN: setText

2019-01-03 23:52:11 - [TEST_STEP][NOT_RUN] - click: NOT_RUN: click

2019-01-03 23:52:11 - [MESSAGE][NOT_RUN] - NOT_RUN: click

2019-01-03 23:52:11 - [TEST_STEP][NOT_RUN] - delay: NOT_RUN: delay

2019-01-03 23:52:11 - [MESSAGE][NOT_RUN] - NOT_RUN: delay

2019-01-03 23:52:11 - [TEST_STEP][NOT_RUN] - setEncryptedText: NOT_RUN: setEncryptedText

2019-01-03 23:52:11 - [MESSAGE][NOT_RUN] - NOT_RUN: setEncryptedText

2019-01-03 23:52:11 - [TEST_STEP][NOT_RUN] - click: NOT_RUN: click

2019-01-03 23:52:11 - [MESSAGE][NOT_RUN] - NOT_RUN: click

2019-01-03 23:52:11 - [TEST_STEP][NOT_RUN] - delay: NOT_RUN: delay

2019-01-03 23:52:11 - [MESSAGE][NOT_RUN] - NOT_RUN: delay

2019-01-03 23:52:11 - [TEST_STEP][NOT_RUN] - click: NOT_RUN: click

2019-01-03 23:52:11 - [MESSAGE][NOT_RUN] - NOT_RUN: click

2019-01-03 23:52:11 - [TEST_STEP][NOT_RUN] - delay: NOT_RUN: delay

2019-01-03 23:52:11 - [MESSAGE][NOT_RUN] - NOT_RUN: delay

2019-01-03 23:52:11 - [TEST_STEP][NOT_RUN] - sendKeys: NOT_RUN: sendKeys

2019-01-03 23:52:11 - [MESSAGE][NOT_RUN] - NOT_RUN: sendKeys

2019-01-03 23:52:11 - [TEST_STEP][NOT_RUN] - click: NOT_RUN: click

2019-01-03 23:52:11 - [MESSAGE][NOT_RUN] - NOT_RUN: click

2019-01-03 23:52:11 - [TEST_STEP][NOT_RUN] - delay: NOT_RUN: delay

2019-01-03 23:52:11 - [MESSAGE][NOT_RUN] - NOT_RUN: delay

2019-01-03 23:52:11 - [TEST_STEP][NOT_RUN] - click: NOT_RUN: click

2019-01-03 23:52:11 - [MESSAGE][NOT_RUN] - NOT_RUN: click

2019-01-03 23:52:11 - [TEST_STEP][PASSED] - click: Object: 'Object Repository/Final Object Repo/Page_Request SSN - ASSIST/Page_Request SSN - ASSIST - RO/Approval For SSN' is clicked on

2019-01-03 23:52:11 - [MESSAGE][PASSED] - Object: 'Object Repository/Final Object Repo/Page_Request SSN - ASSIST/Page_Request SSN - ASSIST - RO/Approval For SSN' is clicked on

2019-01-03 23:52:11 - [TEST_STEP][PASSED] - click: Object: 'Object Repository/Final Object Repo/Page_Request SSN - ASSIST/Page_Request SSN - ASSIST - RO/Approval For SSN - Approve' is clicked on

2019-01-03 23:52:11 - [MESSAGE][PASSED] - Object: 'Object Repository/Final Object Repo/Page_Request SSN - ASSIST/Page_Request SSN - ASSIST - RO/Approval For SSN - Approve' is clicked on

2019-01-03 23:52:11 - [TEST_STEP][PASSED] - delay: Delayed 2 second(s)

2019-01-03 23:52:13 - [MESSAGE][PASSED] - Delayed 2 second(s)

2019-01-03 23:52:13 - [TEST_STEP][PASSED] - click: Object: 'Object Repository/Final Object Repo/Page_Request SSN - ASSIST/Page_Request SSN - ASSIST - RO/Save  Continue in SSN Page' is clicked on

2019-01-03 23:52:13 - [MESSAGE][PASSED] - Object: 'Object Repository/Final Object Repo/Page_Request SSN - ASSIST/Page_Request SSN - ASSIST - RO/Save  Continue in SSN Page' is clicked on

2019-01-03 23:52:13 - [TEST_STEP][PASSED] - delay: Delayed 2 second(s)

2019-01-03 23:52:15 - [MESSAGE][PASSED] - Delayed 2 second(s)

2019-01-03 23:52:15 - [TEST_STEP][PASSED] - setText: Text 'Query' is set on object 'Object Repository/Final Object Repo/Page_Request SSN - ASSIST/Page_Request SSN - ASSIST - RO/Page_Request SSN - ASSIST  (Query)/Remark'

2019-01-03 23:52:18 - [MESSAGE][PASSED] - Text 'Query' is set on object 'Object Repository/Final Object Repo/Page_Request SSN - ASSIST/Page_Request SSN - ASSIST - RO/Page_Request SSN - ASSIST  (Query)/Remark'

2019-01-03 23:52:18 - [TEST_STEP][PASSED] - delay: Delayed 2 second(s)

2019-01-03 23:52:20 - [MESSAGE][PASSED] - Delayed 2 second(s)

2019-01-03 23:52:20 - [TEST_STEP][PASSED] - click: Object: 'Object Repository/Final Object Repo/Page_Request SSN - ASSIST/Page_Request SSN - ASSIST - RO/Save  Continue in Uploading Document Page' is clicked on

2019-01-03 23:52:20 - [MESSAGE][PASSED] - Object: 'Object Repository/Final Object Repo/Page_Request SSN - ASSIST/Page_Request SSN - ASSIST - RO/Save  Continue in Uploading Document Page' is clicked on

2019-01-03 23:52:20 - [TEST_STEP][PASSED] - delay: Delayed 2 second(s)

2019-01-03 23:52:22 - [MESSAGE][PASSED] - Delayed 2 second(s)

2019-01-03 23:52:22 - [TEST_STEP][PASSED] - click: Object: 'Object Repository/Final Object Repo/Page_Request SSN - ASSIST/Page_Request SSN - ASSIST - RO/Page_Request SSN - ASSIST  (Query)/Query' is clicked on

2019-01-03 23:52:25 - [MESSAGE][PASSED] - Object: 'Object Repository/Final Object Repo/Page_Request SSN - ASSIST/Page_Request SSN - ASSIST - RO/Page_Request SSN - ASSIST  (Query)/Query' is clicked on

2019-01-03 23:52:25 - [TEST_STEP][PASSED] - delay: Delayed 2 second(s)

2019-01-03 23:52:27 - [MESSAGE][PASSED] - Delayed 2 second(s)

2019-01-03 23:52:27 - [TEST_STEP][PASSED] - click: Object: 'Object Repository/Final Object Repo/Page_Request SSN - ASSIST/Page_Request SSN - ASSIST - RO/Page_Request SSN - ASSIST  (Query)/Confirm' is clicked on

2019-01-03 23:52:36 - [MESSAGE][PASSED] - Object: 'Object Repository/Final Object Repo/Page_Request SSN - ASSIST/Page_Request SSN - ASSIST - RO/Page_Request SSN - ASSIST  (Query)/Confirm' is clicked on

2019-01-03 23:52:36 - [TEST_STEP][PASSED] - delay: Delayed 2 second(s)

2019-01-03 23:52:38 - [MESSAGE][PASSED] - Delayed 2 second(s)

2019-01-03 23:52:38 - [TEST_STEP][PASSED] - verifyElementVisible: Object 'Object Repository/Final Object Repo/Page_Request SSN - ASSIST/Page_Request SSN - ASSIST - RO/Page_Request SSN - ASSIST  (Query)/Message Case Is Under Query' is visible

2019-01-03 23:52:38 - [MESSAGE][PASSED] - Object 'Object Repository/Final Object Repo/Page_Request SSN - ASSIST/Page_Request SSN - ASSIST - RO/Page_Request SSN - ASSIST  (Query)/Message Case Is Under Query' is visible

2019-01-03 23:52:38 - [TEST_STEP][PASSED] - delay: Delayed 2 second(s)

2019-01-03 23:52:40 - [MESSAGE][PASSED] - Delayed 2 second(s)

2019-01-03 23:52:40 - [TEST_STEP][PASSED] - verifyElementVisible: Object 'Object Repository/Final Object Repo/Page_Request SSN - ASSIST/Page_Request SSN - ASSIST - RO/Page_Request SSN - ASSIST  (Query)/Letter of inquiry' is visible

2019-01-03 23:52:40 - [MESSAGE][PASSED] - Object 'Object Repository/Final Object Repo/Page_Request SSN - ASSIST/Page_Request SSN - ASSIST - RO/Page_Request SSN - ASSIST  (Query)/Letter of inquiry' is visible

2019-01-03 23:52:40 - [MESSAGE][PASSED] - Call Test Case 'Test Cases/Final Aug 2018 - PKS Automation/Registration Module/Workflow/Request SSN/Template/Request SSN - RO (Query)' successfully

2019-01-03 23:52:40 - [TEST_STEP][PASSED] - delay: Delayed 2 second(s)

2019-01-03 23:52:42 - [MESSAGE][PASSED] - Delayed 2 second(s)

2019-01-03 23:52:42 - [TEST_STEP][PASSED] - callTestCase: Call Test Case 'Test Cases/Final Aug 2018 - PKS Automation/Registration Module/Workflow/Request SSN/Template/Request SSN  RO (Approve after Query)' successfully

2019-01-03 23:52:42 - [TEST_CASE][PASSED] - Test Cases/Final Aug 2018 - PKS Automation/Registration Module/Workflow/Request SSN/Template/Request SSN  RO (Approve after Query): Test Cases/Final Aug 2018 - PKS Automation/Registration Module/Workflow/Request SSN/Template/Request SSN  RO (Approve after Query)

2019-01-03 23:52:42 - [TEST_STEP][PASSED] - openBrowser: Browser is opened with url: ''

2019-01-03 23:52:42 - [MESSAGE][WARNING] - A browser is already opened. Closing browser and opening a new one

2019-01-03 23:52:46 - [MESSAGE][PASSED] - Browser is opened with url: ''

2019-01-03 23:52:46 - [TEST_STEP][PASSED] - navigateToUrl: Navigate to 'https://assist2-uat.perkeso.gov.my/login' successfully

2019-01-03 23:52:47 - [MESSAGE][PASSED] - Navigate to 'https://assist2-uat.perkeso.gov.my/login' successfully

2019-01-03 23:52:47 - [TEST_STEP][PASSED] - setText: Text 'johorotc1@gmail.com' is set on object 'Object Repository/Final Object Repo/Login Page/Internal User/Email Address'

2019-01-03 23:52:47 - [MESSAGE][PASSED] - Text 'johorotc1@gmail.com' is set on object 'Object Repository/Final Object Repo/Login Page/Internal User/Email Address'

2019-01-03 23:52:47 - [TEST_STEP][PASSED] - click: Object: 'Object Repository/Final Object Repo/Login Page/Internal User/Next Button' is clicked on

2019-01-03 23:52:47 - [MESSAGE][PASSED] - Object: 'Object Repository/Final Object Repo/Login Page/Internal User/Next Button' is clicked on

2019-01-03 23:52:47 - [TEST_STEP][PASSED] - delay: Delayed 1 second(s)

2019-01-03 23:52:48 - [MESSAGE][PASSED] - Delayed 1 second(s)

2019-01-03 23:52:48 - [TEST_STEP][PASSED] - setEncryptedText: Text ****** has been set on object 'Object Repository/Final Object Repo/Login Page/Internal User/Password'

2019-01-03 23:52:49 - [MESSAGE][PASSED] - Text ****** has been set on object 'Object Repository/Final Object Repo/Login Page/Internal User/Password'

2019-01-03 23:52:49 - [TEST_STEP][PASSED] - click: Object: 'Object Repository/Final Object Repo/Login Page/Internal User/Login Button' is clicked on

2019-01-03 23:52:49 - [MESSAGE][PASSED] - Object: 'Object Repository/Final Object Repo/Login Page/Internal User/Login Button' is clicked on

2019-01-03 23:52:49 - [TEST_STEP][PASSED] - Statement - Try: null

2019-01-03 23:52:49 - [TEST_STEP][PASSED] - Statement - Checker = com.kms.katalon.core.webui.keyword.WebUiBuiltInKeywords.verifyElementNotPresent("Final Object Repo/Landing Page/Select to English", 3): null

2019-01-03 23:52:49 - [TEST_STEP][PASSED] - Statement - Catch (Exception e): null

2019-01-03 23:52:49 - [TEST_STEP][PASSED] - Statement - e.printStackTrace(): null

2019-01-03 23:52:49 - [TEST_STEP][PASSED] - delay: Delayed 5 second(s)

2019-01-03 23:52:54 - [MESSAGE][PASSED] - Delayed 5 second(s)

2019-01-03 23:52:54 - [TEST_STEP][PASSED] - delay: Delayed 1 second(s)

2019-01-03 23:52:55 - [MESSAGE][PASSED] - Delayed 1 second(s)

2019-01-03 23:52:55 - [TEST_STEP][PASSED] - navigateToUrl: Navigate to 'https://assist2-uat.perkeso.gov.my/web/registration/search/search-pending-case-for-add-supporting-document' successfully

2019-01-03 23:52:56 - [MESSAGE][PASSED] - Navigate to 'https://assist2-uat.perkeso.gov.my/web/registration/search/search-pending-case-for-add-supporting-document' successfully

2019-01-03 23:52:56 - [TEST_STEP][PASSED] - click: Object: 'Object Repository/Final Object Repo/Page_Search Pending Case For Add Suporting Document/Search By' is clicked on

2019-01-03 23:52:56 - [MESSAGE][PASSED] - Object: 'Object Repository/Final Object Repo/Page_Search Pending Case For Add Suporting Document/Search By' is clicked on

2019-01-03 23:52:56 - [TEST_STEP][PASSED] - click: Object: 'Object Repository/Final Object Repo/Page_Search Pending Case For Add Suporting Document/Search By - Reference ID' is clicked on

2019-01-03 23:52:56 - [MESSAGE][PASSED] - Object: 'Object Repository/Final Object Repo/Page_Search Pending Case For Add Suporting Document/Search By - Reference ID' is clicked on

2019-01-03 23:52:56 - [TEST_STEP][PASSED] - delay: Delayed 2 second(s)

2019-01-03 23:52:58 - [MESSAGE][PASSED] - Delayed 2 second(s)

2019-01-03 23:52:58 - [TEST_STEP][PASSED] - setText: Text 'SSN01201900001206' is set on object 'Object Repository/Final Object Repo/Page_Search Pending Case For Add Suporting Document/Reference ID'

2019-01-03 23:52:58 - [MESSAGE][PASSED] - Text 'SSN01201900001206' is set on object 'Object Repository/Final Object Repo/Page_Search Pending Case For Add Suporting Document/Reference ID'

2019-01-03 23:52:58 - [TEST_STEP][PASSED] - click: Object: 'Object Repository/Final Object Repo/Page_Search Pending Case For Add Suporting Document/Search' is clicked on

2019-01-03 23:52:58 - [MESSAGE][PASSED] - Object: 'Object Repository/Final Object Repo/Page_Search Pending Case For Add Suporting Document/Search' is clicked on

2019-01-03 23:52:58 - [TEST_STEP][PASSED] - delay: Delayed 2 second(s)

2019-01-03 23:53:00 - [MESSAGE][PASSED] - Delayed 2 second(s)

2019-01-03 23:53:00 - [TEST_STEP][PASSED] - click: Object: 'Object Repository/Final Object Repo/Page_Search Pending Case For Add Suporting Document/Edit' is clicked on

2019-01-03 23:53:08 - [MESSAGE][PASSED] - Object: 'Object Repository/Final Object Repo/Page_Search Pending Case For Add Suporting Document/Edit' is clicked on

2019-01-03 23:53:08 - [TEST_STEP][PASSED] - delay: Delayed 2 second(s)

2019-01-03 23:53:10 - [MESSAGE][PASSED] - Delayed 2 second(s)

2019-01-03 23:53:10 - [TEST_STEP][PASSED] - click: Object: 'Object Repository/Final Object Repo/Page_Request SSN - ASSIST/Page_Request SSN - ASSIST - RO/Page_Request SSN - ASSIST (Query -OTC -RO)/Next' is clicked on

2019-01-03 23:53:13 - [MESSAGE][PASSED] - Object: 'Object Repository/Final Object Repo/Page_Request SSN - ASSIST/Page_Request SSN - ASSIST - RO/Page_Request SSN - ASSIST (Query -OTC -RO)/Next' is clicked on

2019-01-03 23:53:13 - [TEST_STEP][PASSED] - delay: Delayed 2 second(s)

2019-01-03 23:53:15 - [MESSAGE][PASSED] - Delayed 2 second(s)

2019-01-03 23:53:15 - [TEST_STEP][PASSED] - click: Object: 'Object Repository/Final Object Repo/Page_Request SSN - ASSIST/Add Document Button' is clicked on

2019-01-03 23:53:15 - [MESSAGE][PASSED] - Object: 'Object Repository/Final Object Repo/Page_Request SSN - ASSIST/Add Document Button' is clicked on

2019-01-03 23:53:15 - [TEST_STEP][PASSED] - delay: Delayed 2 second(s)

2019-01-03 23:53:17 - [MESSAGE][PASSED] - Delayed 2 second(s)

2019-01-03 23:53:17 - [TEST_STEP][PASSED] - click: Object: 'Object Repository/Final Object Repo/Page_Request SSN - ASSIST/Document Type' is clicked on

2019-01-03 23:53:19 - [MESSAGE][PASSED] - Object: 'Object Repository/Final Object Repo/Page_Request SSN - ASSIST/Document Type' is clicked on

2019-01-03 23:53:19 - [TEST_STEP][PASSED] - click: Object: 'Object Repository/Final Object Repo/Page_Request SSN - ASSIST/Document Type - Birth Certificate' is clicked on

2019-01-03 23:53:19 - [MESSAGE][PASSED] - Object: 'Object Repository/Final Object Repo/Page_Request SSN - ASSIST/Document Type - Birth Certificate' is clicked on

2019-01-03 23:53:19 - [TEST_STEP][PASSED] - sendKeys: Keys 'C:\Users\Public\Pictures\Sample Pictures\Koala.jpg' sent to object: 'Object Repository/Final Object Repo/Page_Request SSN - ASSIST/Upload File'

2019-01-03 23:53:19 - [MESSAGE][PASSED] - Keys 'C:\Users\Public\Pictures\Sample Pictures\Koala.jpg' sent to object: 'Object Repository/Final Object Repo/Page_Request SSN - ASSIST/Upload File'

2019-01-03 23:53:19 - [TEST_STEP][PASSED] - click: Object: 'Object Repository/Final Object Repo/Page_Request SSN - ASSIST/Add Document' is clicked on

2019-01-03 23:53:19 - [MESSAGE][PASSED] - Object: 'Object Repository/Final Object Repo/Page_Request SSN - ASSIST/Add Document' is clicked on

2019-01-03 23:53:19 - [TEST_STEP][PASSED] - delay: Delayed 2 second(s)

2019-01-03 23:53:21 - [MESSAGE][PASSED] - Delayed 2 second(s)

2019-01-03 23:53:21 - [TEST_STEP][PASSED] - click: Object: 'Object Repository/Final Object Repo/Page_Request SSN - ASSIST/Page_Request SSN - ASSIST - RO/Page_Request SSN - ASSIST (Query -OTC -RO)/Exit' is clicked on

2019-01-03 23:53:24 - [MESSAGE][PASSED] - Object: 'Object Repository/Final Object Repo/Page_Request SSN - ASSIST/Page_Request SSN - ASSIST - RO/Page_Request SSN - ASSIST (Query -OTC -RO)/Exit' is clicked on

2019-01-03 23:53:24 - [TEST_STEP][PASSED] - delay: Delayed 2 second(s)

2019-01-03 23:53:26 - [MESSAGE][PASSED] - Delayed 2 second(s)

2019-01-03 23:53:26 - [TEST_STEP][PASSED] - navigateToUrl: Navigate to 'https://assist2-uat.perkeso.gov.my/c/portal/logout' successfully

2019-01-03 23:53:27 - [MESSAGE][PASSED] - Navigate to 'https://assist2-uat.perkeso.gov.my/c/portal/logout' successfully

2019-01-03 23:53:27 - [TEST_STEP][PASSED] - delay: Delayed 2 second(s)

2019-01-03 23:53:29 - [MESSAGE][PASSED] - Delayed 2 second(s)

2019-01-03 23:53:29 - [TEST_STEP][PASSED] - callTestCase: Call Test Case 'Test Cases/Final Aug 2018 - PKS Automation/Registration Module/Workflow/Login and Search Case For Workflow' successfully

2019-01-03 23:53:29 - [TEST_CASE][PASSED] - Test Cases/Final Aug 2018 - PKS Automation/Registration Module/Workflow/Login and Search Case For Workflow: Test Cases/Final Aug 2018 - PKS Automation/Registration Module/Workflow/Login and Search Case For Workflow

2019-01-03 23:53:29 - [TEST_STEP][PASSED] - navigateToUrl: Navigate to 'https://assist2-uat.perkeso.gov.my/login' successfully

2019-01-03 23:53:29 - [MESSAGE][PASSED] - Navigate to 'https://assist2-uat.perkeso.gov.my/login' successfully

2019-01-03 23:53:29 - [TEST_STEP][PASSED] - setText: Text 'johorro1@gmail.com' is set on object 'Object Repository/Final Object Repo/Login Page/Internal User/Email Address'

2019-01-03 23:53:30 - [MESSAGE][PASSED] - Text 'johorro1@gmail.com' is set on object 'Object Repository/Final Object Repo/Login Page/Internal User/Email Address'

2019-01-03 23:53:30 - [TEST_STEP][PASSED] - click: Object: 'Object Repository/Final Object Repo/Login Page/Internal User/Next Button' is clicked on

2019-01-03 23:53:30 - [MESSAGE][PASSED] - Object: 'Object Repository/Final Object Repo/Login Page/Internal User/Next Button' is clicked on

2019-01-03 23:53:30 - [TEST_STEP][PASSED] - delay: Delayed 1 second(s)

2019-01-03 23:53:31 - [MESSAGE][PASSED] - Delayed 1 second(s)

2019-01-03 23:53:31 - [TEST_STEP][PASSED] - setEncryptedText: Text ****** has been set on object 'Object Repository/Final Object Repo/Login Page/Internal User/Password'

2019-01-03 23:53:31 - [MESSAGE][PASSED] - Text ****** has been set on object 'Object Repository/Final Object Repo/Login Page/Internal User/Password'

2019-01-03 23:53:31 - [TEST_STEP][PASSED] - click: Object: 'Object Repository/Final Object Repo/Login Page/Internal User/Login Button' is clicked on

2019-01-03 23:53:31 - [MESSAGE][PASSED] - Object: 'Object Repository/Final Object Repo/Login Page/Internal User/Login Button' is clicked on

2019-01-03 23:53:31 - [TEST_STEP][PASSED] - delay: Delayed 2 second(s)

2019-01-03 23:53:33 - [MESSAGE][PASSED] - Delayed 2 second(s)

2019-01-03 23:53:33 - [TEST_STEP][PASSED] - Statement - Try: Delayed 2 second(s)

2019-01-03 23:53:33 - [TEST_STEP][PASSED] - Statement - Checker = false: null

2019-01-03 23:53:33 - [TEST_STEP][PASSED] - Statement - Checker = com.kms.katalon.core.webui.keyword.WebUiBuiltInKeywords.verifyElementHasAttribute(com.kms.katalon.core.testobject.ObjectRepository.findTestObject(Final Object Repo/Landing Page/BM Detecting), "href", 20, OPTIONAL): Object 'Object Repository/Final Object Repo/Landing Page/BM Detecting' has attribute 'href'

2019-01-03 23:53:33 - [MESSAGE][PASSED] - Object 'Object Repository/Final Object Repo/Landing Page/BM Detecting' has attribute 'href'

2019-01-03 23:53:33 - [TEST_STEP][PASSED] - Statement - out.println(Checker): null

2019-01-03 23:53:33 - [TEST_STEP][PASSED] - Statement - If (Checker == false): null

2019-01-03 23:53:33 - [TEST_STEP][PASSED] - Statement - Else: null

2019-01-03 23:53:33 - [TEST_STEP][PASSED] - delay: Delayed 2 second(s)

2019-01-03 23:53:35 - [MESSAGE][PASSED] - Delayed 2 second(s)

2019-01-03 23:53:35 - [TEST_STEP][PASSED] - click: Object: 'Object Repository/Final Object Repo/Page_MyASSIST - ASSIST - Search Pending Case For Add Supporting Document/Search Information' is clicked on

2019-01-03 23:53:35 - [MESSAGE][PASSED] - Object: 'Object Repository/Final Object Repo/Page_MyASSIST - ASSIST - Search Pending Case For Add Supporting Document/Search Information' is clicked on

2019-01-03 23:53:35 - [TEST_STEP][PASSED] - delay: Delayed 3 second(s)

2019-01-03 23:53:38 - [MESSAGE][PASSED] - Delayed 3 second(s)

2019-01-03 23:53:38 - [TEST_STEP][PASSED] - sendKeys: Keys 'SSN01201900001206' sent to object: 'Object Repository/Final Object Repo/Page_MyASSIST - ASSIST - Search Pending Case For Add Supporting Document/Reference No'

2019-01-03 23:53:39 - [MESSAGE][PASSED] - Keys 'SSN01201900001206' sent to object: 'Object Repository/Final Object Repo/Page_MyASSIST - ASSIST - Search Pending Case For Add Supporting Document/Reference No'

2019-01-03 23:53:39 - [TEST_STEP][PASSED] - click: Object: 'Object Repository/Final Object Repo/Page_MyASSIST - ASSIST - Search Pending Case For Add Supporting Document/Search Reference No' is clicked on

2019-01-03 23:53:39 - [MESSAGE][PASSED] - Object: 'Object Repository/Final Object Repo/Page_MyASSIST - ASSIST - Search Pending Case For Add Supporting Document/Search Reference No' is clicked on

2019-01-03 23:53:39 - [TEST_STEP][PASSED] - delay: Delayed 2 second(s)

2019-01-03 23:53:41 - [MESSAGE][PASSED] - Delayed 2 second(s)

2019-01-03 23:53:41 - [TEST_STEP][PASSED] - click: Object: 'Object Repository/Final Object Repo/Page_MyASSIST - ASSIST - Search Pending Case For Add Supporting Document/Continue' is clicked on

2019-01-03 23:53:47 - [MESSAGE][PASSED] - Object: 'Object Repository/Final Object Repo/Page_MyASSIST - ASSIST - Search Pending Case For Add Supporting Document/Continue' is clicked on

2019-01-03 23:53:47 - [TEST_STEP][PASSED] - delay: Delayed 20 second(s)

2019-01-03 23:54:07 - [MESSAGE][PASSED] - Delayed 20 second(s)

2019-01-03 23:54:07 - [MESSAGE][PASSED] - Call Test Case 'Test Cases/Final Aug 2018 - PKS Automation/Registration Module/Workflow/Login and Search Case For Workflow' successfully

2019-01-03 23:54:07 - [TEST_STEP][PASSED] - callTestCase: Call Test Case 'Test Cases/Final Aug 2018 - PKS Automation/Registration Module/Workflow/Request SSN/Template/Request SSN - RO (Approve)' successfully

2019-01-03 23:54:07 - [TEST_CASE][PASSED] - Test Cases/Final Aug 2018 - PKS Automation/Registration Module/Workflow/Request SSN/Template/Request SSN - RO (Approve): Test Cases/Final Aug 2018 - PKS Automation/Registration Module/Workflow/Request SSN/Template/Request SSN - RO (Approve)

2019-01-03 23:54:07 - [TEST_STEP][NOT_RUN] - openBrowser: NOT_RUN: openBrowser

2019-01-03 23:54:07 - [MESSAGE][NOT_RUN] - NOT_RUN: openBrowser

2019-01-03 23:54:07 - [TEST_STEP][NOT_RUN] - navigateToUrl: NOT_RUN: navigateToUrl

2019-01-03 23:54:07 - [MESSAGE][NOT_RUN] - NOT_RUN: navigateToUrl

2019-01-03 23:54:07 - [TEST_STEP][NOT_RUN] - setText: NOT_RUN: setText

2019-01-03 23:54:07 - [MESSAGE][NOT_RUN] - NOT_RUN: setText

2019-01-03 23:54:07 - [TEST_STEP][NOT_RUN] - click: NOT_RUN: click

2019-01-03 23:54:07 - [MESSAGE][NOT_RUN] - NOT_RUN: click

2019-01-03 23:54:07 - [TEST_STEP][NOT_RUN] - delay: NOT_RUN: delay

2019-01-03 23:54:07 - [MESSAGE][NOT_RUN] - NOT_RUN: delay

2019-01-03 23:54:07 - [TEST_STEP][NOT_RUN] - setEncryptedText: NOT_RUN: setEncryptedText

2019-01-03 23:54:07 - [MESSAGE][NOT_RUN] - NOT_RUN: setEncryptedText

2019-01-03 23:54:07 - [TEST_STEP][NOT_RUN] - click: NOT_RUN: click

2019-01-03 23:54:07 - [MESSAGE][NOT_RUN] - NOT_RUN: click

2019-01-03 23:54:07 - [TEST_STEP][NOT_RUN] - delay: NOT_RUN: delay

2019-01-03 23:54:07 - [MESSAGE][NOT_RUN] - NOT_RUN: delay

2019-01-03 23:54:07 - [TEST_STEP][NOT_RUN] - click: NOT_RUN: click

2019-01-03 23:54:07 - [MESSAGE][NOT_RUN] - NOT_RUN: click

2019-01-03 23:54:07 - [TEST_STEP][NOT_RUN] - delay: NOT_RUN: delay

2019-01-03 23:54:07 - [MESSAGE][NOT_RUN] - NOT_RUN: delay

2019-01-03 23:54:07 - [TEST_STEP][NOT_RUN] - sendKeys: NOT_RUN: sendKeys

2019-01-03 23:54:07 - [MESSAGE][NOT_RUN] - NOT_RUN: sendKeys

2019-01-03 23:54:07 - [TEST_STEP][NOT_RUN] - click: NOT_RUN: click

2019-01-03 23:54:07 - [MESSAGE][NOT_RUN] - NOT_RUN: click

2019-01-03 23:54:07 - [TEST_STEP][NOT_RUN] - delay: NOT_RUN: delay

2019-01-03 23:54:07 - [MESSAGE][NOT_RUN] - NOT_RUN: delay

2019-01-03 23:54:07 - [TEST_STEP][NOT_RUN] - click: NOT_RUN: click

2019-01-03 23:54:07 - [MESSAGE][NOT_RUN] - NOT_RUN: click

2019-01-03 23:54:07 - [TEST_STEP][PASSED] - click: Object: 'Object Repository/Final Object Repo/Page_Request SSN - ASSIST/Page_Request SSN - ASSIST - RO/Approval For SSN' is clicked on

2019-01-03 23:54:07 - [MESSAGE][PASSED] - Object: 'Object Repository/Final Object Repo/Page_Request SSN - ASSIST/Page_Request SSN - ASSIST - RO/Approval For SSN' is clicked on

2019-01-03 23:54:07 - [TEST_STEP][PASSED] - click: Object: 'Object Repository/Final Object Repo/Page_Request SSN - ASSIST/Page_Request SSN - ASSIST - RO/Approval For SSN - Approve' is clicked on

2019-01-03 23:54:08 - [MESSAGE][PASSED] - Object: 'Object Repository/Final Object Repo/Page_Request SSN - ASSIST/Page_Request SSN - ASSIST - RO/Approval For SSN - Approve' is clicked on

2019-01-03 23:54:08 - [TEST_STEP][PASSED] - delay: Delayed 2 second(s)

2019-01-03 23:54:10 - [MESSAGE][PASSED] - Delayed 2 second(s)

2019-01-03 23:54:10 - [TEST_STEP][PASSED] - click: Object: 'Object Repository/Final Object Repo/Page_Request SSN - ASSIST/Page_Request SSN - ASSIST - RO/Save  Continue in SSN Page' is clicked on

2019-01-03 23:54:10 - [MESSAGE][PASSED] - Object: 'Object Repository/Final Object Repo/Page_Request SSN - ASSIST/Page_Request SSN - ASSIST - RO/Save  Continue in SSN Page' is clicked on

2019-01-03 23:54:10 - [TEST_STEP][PASSED] - delay: Delayed 2 second(s)

2019-01-03 23:54:12 - [MESSAGE][PASSED] - Delayed 2 second(s)

2019-01-03 23:54:12 - [TEST_STEP][PASSED] - click: Object: 'Object Repository/Final Object Repo/Page_Request SSN - ASSIST/Page_Request SSN - ASSIST - RO/Save  Continue in Uploading Document Page' is clicked on

2019-01-03 23:54:14 - [MESSAGE][PASSED] - Object: 'Object Repository/Final Object Repo/Page_Request SSN - ASSIST/Page_Request SSN - ASSIST - RO/Save  Continue in Uploading Document Page' is clicked on

2019-01-03 23:54:14 - [TEST_STEP][PASSED] - delay: Delayed 2 second(s)

2019-01-03 23:54:16 - [MESSAGE][PASSED] - Delayed 2 second(s)

2019-01-03 23:54:16 - [TEST_STEP][PASSED] - click: Object: 'Object Repository/Final Object Repo/Page_Request SSN - ASSIST/Page_Request SSN - ASSIST - RO/Submit' is clicked on

2019-01-03 23:54:19 - [MESSAGE][PASSED] - Object: 'Object Repository/Final Object Repo/Page_Request SSN - ASSIST/Page_Request SSN - ASSIST - RO/Submit' is clicked on

2019-01-03 23:54:19 - [TEST_STEP][PASSED] - delay: Delayed 2 second(s)

2019-01-03 23:54:21 - [MESSAGE][PASSED] - Delayed 2 second(s)

2019-01-03 23:54:21 - [TEST_STEP][PASSED] - click: Object: 'Object Repository/Final Object Repo/Page_Request SSN - ASSIST/Page_Request SSN - ASSIST - RO/Confirm' is clicked on

2019-01-03 23:54:21 - [MESSAGE][PASSED] - Object: 'Object Repository/Final Object Repo/Page_Request SSN - ASSIST/Page_Request SSN - ASSIST - RO/Confirm' is clicked on

2019-01-03 23:54:21 - [TEST_STEP][PASSED] - delay: Delayed 2 second(s)

2019-01-03 23:54:23 - [MESSAGE][PASSED] - Delayed 2 second(s)

2019-01-03 23:54:23 - [TEST_STEP][PASSED] - verifyElementVisible: Object 'Object Repository/Final Object Repo/Page_Request SSN - ASSIST/Page_Request SSN - ASSIST - RO/Successfull Message Your application has submitted' is visible

2019-01-03 23:54:30 - [MESSAGE][PASSED] - Object 'Object Repository/Final Object Repo/Page_Request SSN - ASSIST/Page_Request SSN - ASSIST - RO/Successfull Message Your application has submitted' is visible

2019-01-03 23:54:30 - [TEST_STEP][PASSED] - delay: Delayed 2 second(s)

2019-01-03 23:54:32 - [MESSAGE][PASSED] - Delayed 2 second(s)

2019-01-03 23:54:32 - [TEST_STEP][PASSED] - verifyElementVisible: Object 'Object Repository/Final Object Repo/Page_Request SSN - ASSIST/Page_Request SSN - ASSIST - RO/Letter of approval' is visible

2019-01-03 23:54:32 - [MESSAGE][PASSED] - Object 'Object Repository/Final Object Repo/Page_Request SSN - ASSIST/Page_Request SSN - ASSIST - RO/Letter of approval' is visible

2019-01-03 23:54:32 - [MESSAGE][PASSED] - Call Test Case 'Test Cases/Final Aug 2018 - PKS Automation/Registration Module/Workflow/Request SSN/Template/Request SSN - RO (Approve)' successfully

2019-01-03 23:54:32 - [MESSAGE][PASSED] - Call Test Case 'Test Cases/Final Aug 2018 - PKS Automation/Registration Module/Workflow/Request SSN/Template/Request SSN  RO (Approve after Query)' successfully

2019-01-03 23:54:32 - [MESSAGE][PASSED] - Call Test Case 'Test Cases/Final Aug 2018 - PKS Automation/Registration Module/Workflow/Request SSN/Template/Request SSN RIO - RO (Query)' successfully]]></system-out>
         <system-err><![CDATA[]]></system-err>
      </testcase>
      <testcase name="Test Cases/Final Aug 2018 - PKS Automation/Registration Module/Workflow/Request SSN/PKRBO - RIO - RO (Under enforcement)" classname="Test Cases/Final Aug 2018 - PKS Automation/Registration Module/Workflow/Request SSN/PKRBO - RIO - RO (Under enforcement)" status="PASSED">
         <system-out><![CDATA[2019-01-03 23:54:32 - [TEST_CASE][PASSED] - Test Cases/Final Aug 2018 - PKS Automation/Registration Module/Workflow/Request SSN/PKRBO - RIO - RO (Under enforcement): Test Cases/Final Aug 2018 - PKS Automation/Registration Module/Workflow/Request SSN/PKRBO - RIO - RO (Under enforcement)

2019-01-03 23:54:32 - [TEST_STEP][PASSED] - callTestCase: Call Test Case 'Test Cases/Final Aug 2018 - PKS Automation/Registration Module/Workflow/Request SSN/Template/Request SSN - PKRBO' successfully

2019-01-03 23:54:33 - [TEST_CASE][PASSED] - Test Cases/Final Aug 2018 - PKS Automation/Registration Module/Workflow/Request SSN/Template/Request SSN - PKRBO: Test Cases/Final Aug 2018 - PKS Automation/Registration Module/Workflow/Request SSN/Template/Request SSN - PKRBO

2019-01-03 23:54:33 - [TEST_STEP][PASSED] - openBrowser: Browser is opened with url: ''

2019-01-03 23:54:33 - [MESSAGE][WARNING] - A browser is already opened. Closing browser and opening a new one

2019-01-03 23:54:36 - [MESSAGE][PASSED] - Browser is opened with url: ''

2019-01-03 23:54:36 - [TEST_STEP][PASSED] - navigateToUrl: Navigate to 'https://assist2-uat.perkeso.gov.my/login' successfully

2019-01-03 23:54:37 - [MESSAGE][PASSED] - Navigate to 'https://assist2-uat.perkeso.gov.my/login' successfully

2019-01-03 23:54:37 - [TEST_STEP][PASSED] - setText: Text 'johorpkrbo1@gmail.com' is set on object 'Object Repository/Final Object Repo/Login Page/Internal User/Email Address'

2019-01-03 23:54:38 - [MESSAGE][PASSED] - Text 'johorpkrbo1@gmail.com' is set on object 'Object Repository/Final Object Repo/Login Page/Internal User/Email Address'

2019-01-03 23:54:38 - [TEST_STEP][PASSED] - click: Object: 'Object Repository/Final Object Repo/Login Page/Internal User/Next Button' is clicked on

2019-01-03 23:54:38 - [MESSAGE][PASSED] - Object: 'Object Repository/Final Object Repo/Login Page/Internal User/Next Button' is clicked on

2019-01-03 23:54:38 - [TEST_STEP][PASSED] - delay: Delayed 1 second(s)

2019-01-03 23:54:39 - [MESSAGE][PASSED] - Delayed 1 second(s)

2019-01-03 23:54:39 - [TEST_STEP][PASSED] - setEncryptedText: Text ****** has been set on object 'Object Repository/Final Object Repo/Login Page/Internal User/Password'

2019-01-03 23:54:39 - [MESSAGE][PASSED] - Text ****** has been set on object 'Object Repository/Final Object Repo/Login Page/Internal User/Password'

2019-01-03 23:54:39 - [TEST_STEP][PASSED] - click: Object: 'Object Repository/Final Object Repo/Login Page/Internal User/Login Button' is clicked on

2019-01-03 23:54:39 - [MESSAGE][PASSED] - Object: 'Object Repository/Final Object Repo/Login Page/Internal User/Login Button' is clicked on

2019-01-03 23:54:39 - [TEST_STEP][PASSED] - Statement - Try: null

2019-01-03 23:54:39 - [TEST_STEP][PASSED] - Statement - Checker = com.kms.katalon.core.webui.keyword.WebUiBuiltInKeywords.verifyElementNotPresent("Final Object Repo/Landing Page/Select to English", 3): null

2019-01-03 23:54:39 - [TEST_STEP][PASSED] - Statement - Catch (Exception e): null

2019-01-03 23:54:39 - [TEST_STEP][PASSED] - Statement - e.printStackTrace(): null

2019-01-03 23:54:39 - [TEST_STEP][PASSED] - delay: Delayed 5 second(s)

2019-01-03 23:54:44 - [MESSAGE][PASSED] - Delayed 5 second(s)

2019-01-03 23:54:44 - [TEST_STEP][PASSED] - delay: Delayed 1 second(s)

2019-01-03 23:54:45 - [MESSAGE][PASSED] - Delayed 1 second(s)

2019-01-03 23:54:45 - [TEST_STEP][PASSED] - navigateToUrl: Navigate to 'https://assist2-uat.perkeso.gov.my/web/registration/request-ssn' successfully

2019-01-03 23:54:49 - [MESSAGE][PASSED] - Navigate to 'https://assist2-uat.perkeso.gov.my/web/registration/request-ssn' successfully

2019-01-03 23:54:49 - [TEST_STEP][PASSED] - setText: Text 'perkeso' is set on object 'Object Repository/Final Object Repo/Page_Request SSN - ASSIST/AI - Name'

2019-01-03 23:54:50 - [MESSAGE][PASSED] - Text 'perkeso' is set on object 'Object Repository/Final Object Repo/Page_Request SSN - ASSIST/AI - Name'

2019-01-03 23:54:50 - [TEST_STEP][PASSED] - click: Object: 'Object Repository/Final Object Repo/Page_Request SSN - ASSIST/AI - DOB' is clicked on

2019-01-03 23:54:50 - [MESSAGE][PASSED] - Object: 'Object Repository/Final Object Repo/Page_Request SSN - ASSIST/AI - DOB' is clicked on

2019-01-03 23:54:50 - [TEST_STEP][PASSED] - selectOptionByValue: All options with value '1995' are selected in object 'Object Repository/Final Object Repo/Page_Request SSN - ASSIST/AI - DOB - Year' 

2019-01-03 23:54:51 - [MESSAGE][PASSED] - All options with value '1995' are selected in object 'Object Repository/Final Object Repo/Page_Request SSN - ASSIST/AI - DOB - Year' 

2019-01-03 23:54:51 - [TEST_STEP][PASSED] - delay: Delayed 3 second(s)

2019-01-03 23:54:54 - [MESSAGE][PASSED] - Delayed 3 second(s)

2019-01-03 23:54:54 - [TEST_STEP][PASSED] - doubleClick: Object: 'Object Repository/Final Object Repo/Page_Request SSN - ASSIST/AI - DOB - Year - Date' is double clicked on

2019-01-03 23:54:54 - [MESSAGE][PASSED] - Object: 'Object Repository/Final Object Repo/Page_Request SSN - ASSIST/AI - DOB - Year - Date' is double clicked on

2019-01-03 23:54:54 - [TEST_STEP][PASSED] - click: Object: 'Object Repository/Final Object Repo/Page_Request SSN - ASSIST/AI - Male' is clicked on

2019-01-03 23:54:54 - [MESSAGE][PASSED] - Object: 'Object Repository/Final Object Repo/Page_Request SSN - ASSIST/AI - Male' is clicked on

2019-01-03 23:54:54 - [TEST_STEP][PASSED] - click: Object: 'Object Repository/Final Object Repo/Page_Request SSN - ASSIST/AI- Race' is clicked on

2019-01-03 23:54:54 - [MESSAGE][PASSED] - Object: 'Object Repository/Final Object Repo/Page_Request SSN - ASSIST/AI- Race' is clicked on

2019-01-03 23:54:54 - [TEST_STEP][PASSED] - click: Object: 'Object Repository/Final Object Repo/Page_Request SSN - ASSIST/AI - Race - Melayu' is clicked on

2019-01-03 23:54:54 - [MESSAGE][PASSED] - Object: 'Object Repository/Final Object Repo/Page_Request SSN - ASSIST/AI - Race - Melayu' is clicked on

2019-01-03 23:54:54 - [TEST_STEP][PASSED] - click: Object: 'Object Repository/Final Object Repo/Page_Request SSN - ASSIST/AI - Religion' is clicked on

2019-01-03 23:54:55 - [MESSAGE][PASSED] - Object: 'Object Repository/Final Object Repo/Page_Request SSN - ASSIST/AI - Religion' is clicked on

2019-01-03 23:54:55 - [TEST_STEP][PASSED] - click: Object: 'Object Repository/Final Object Repo/Page_Request SSN - ASSIST/AI - Religion - Islam' is clicked on

2019-01-03 23:54:55 - [MESSAGE][PASSED] - Object: 'Object Repository/Final Object Repo/Page_Request SSN - ASSIST/AI - Religion - Islam' is clicked on

2019-01-03 23:54:55 - [TEST_STEP][PASSED] - setText: Text '12345' is set on object 'Object Repository/Final Object Repo/Page_Request SSN - ASSIST/AI - Birth Certificate'

2019-01-03 23:54:55 - [MESSAGE][PASSED] - Text '12345' is set on object 'Object Repository/Final Object Repo/Page_Request SSN - ASSIST/AI - Birth Certificate'

2019-01-03 23:54:55 - [TEST_STEP][PASSED] - click: Object: 'Object Repository/Final Object Repo/Page_Request SSN - ASSIST/AI - Nationality' is clicked on

2019-01-03 23:54:56 - [MESSAGE][PASSED] - Object: 'Object Repository/Final Object Repo/Page_Request SSN - ASSIST/AI - Nationality' is clicked on

2019-01-03 23:54:56 - [TEST_STEP][PASSED] - click: Object: 'Object Repository/Final Object Repo/Page_Request SSN - ASSIST/AI - Nationality - Afghanistan' is clicked on

2019-01-03 23:54:56 - [MESSAGE][PASSED] - Object: 'Object Repository/Final Object Repo/Page_Request SSN - ASSIST/AI - Nationality - Afghanistan' is clicked on

2019-01-03 23:54:56 - [TEST_STEP][PASSED] - setText: Text 'PERKESO ADDRESS1' is set on object 'Object Repository/Final Object Repo/Page_Request SSN - ASSIST/AI - Address1'

2019-01-03 23:54:57 - [MESSAGE][PASSED] - Text 'PERKESO ADDRESS1' is set on object 'Object Repository/Final Object Repo/Page_Request SSN - ASSIST/AI - Address1'

2019-01-03 23:54:57 - [TEST_STEP][PASSED] - setText: Text 'PERKESO ADDRESS2' is set on object 'Object Repository/Final Object Repo/Page_Request SSN - ASSIST/AI - Address2'

2019-01-03 23:54:58 - [MESSAGE][PASSED] - Text 'PERKESO ADDRESS2' is set on object 'Object Repository/Final Object Repo/Page_Request SSN - ASSIST/AI - Address2'

2019-01-03 23:54:58 - [TEST_STEP][PASSED] - setText: Text 'PERKESO ADDRESS3' is set on object 'Object Repository/Final Object Repo/Page_Request SSN - ASSIST/AI - Address3'

2019-01-03 23:54:59 - [MESSAGE][PASSED] - Text 'PERKESO ADDRESS3' is set on object 'Object Repository/Final Object Repo/Page_Request SSN - ASSIST/AI - Address3'

2019-01-03 23:54:59 - [TEST_STEP][PASSED] - click: Object: 'Object Repository/Final Object Repo/Page_Request SSN - ASSIST/AI - State' is clicked on

2019-01-03 23:55:00 - [MESSAGE][PASSED] - Object: 'Object Repository/Final Object Repo/Page_Request SSN - ASSIST/AI - State' is clicked on

2019-01-03 23:55:00 - [TEST_STEP][PASSED] - click: Object: 'Object Repository/Final Object Repo/Page_Request SSN - ASSIST/AI - Current Employer State - Johor' is clicked on

2019-01-03 23:55:00 - [MESSAGE][PASSED] - Object: 'Object Repository/Final Object Repo/Page_Request SSN - ASSIST/AI - Current Employer State - Johor' is clicked on

2019-01-03 23:55:00 - [TEST_STEP][PASSED] - click: Object: 'Object Repository/Final Object Repo/Page_Request SSN - ASSIST/AI - City' is clicked on

2019-01-03 23:55:00 - [MESSAGE][PASSED] - Object: 'Object Repository/Final Object Repo/Page_Request SSN - ASSIST/AI - City' is clicked on

2019-01-03 23:55:00 - [TEST_STEP][PASSED] - setText: Text 'JOH' is set on object 'Object Repository/Final Object Repo/Page_Request SSN - ASSIST/AI - City - JOH'

2019-01-03 23:55:01 - [MESSAGE][PASSED] - Text 'JOH' is set on object 'Object Repository/Final Object Repo/Page_Request SSN - ASSIST/AI - City - JOH'

2019-01-03 23:55:01 - [TEST_STEP][PASSED] - delay: Delayed 3 second(s)

2019-01-03 23:55:04 - [MESSAGE][PASSED] - Delayed 3 second(s)

2019-01-03 23:55:04 - [TEST_STEP][PASSED] - click: Object: 'Object Repository/Final Object Repo/Page_Request SSN - ASSIST/AI - City - Johor Bharu' is clicked on

2019-01-03 23:55:04 - [MESSAGE][PASSED] - Object: 'Object Repository/Final Object Repo/Page_Request SSN - ASSIST/AI - City - Johor Bharu' is clicked on

2019-01-03 23:55:04 - [TEST_STEP][PASSED] - click: Object: 'Object Repository/Final Object Repo/Page_Request SSN - ASSIST/AI - Post Code' is clicked on

2019-01-03 23:55:04 - [MESSAGE][PASSED] - Object: 'Object Repository/Final Object Repo/Page_Request SSN - ASSIST/AI - Post Code' is clicked on

2019-01-03 23:55:04 - [TEST_STEP][PASSED] - setText: Text '810' is set on object 'Object Repository/Final Object Repo/Page_Request SSN - ASSIST/AI - City - JOH'

2019-01-03 23:55:05 - [MESSAGE][PASSED] - Text '810' is set on object 'Object Repository/Final Object Repo/Page_Request SSN - ASSIST/AI - City - JOH'

2019-01-03 23:55:05 - [TEST_STEP][PASSED] - delay: Delayed 3 second(s)

2019-01-03 23:55:08 - [MESSAGE][PASSED] - Delayed 3 second(s)

2019-01-03 23:55:08 - [TEST_STEP][PASSED] - click: Object: 'Object Repository/Final Object Repo/Page_Request SSN - ASSIST/AI - PostCode - 81000' is clicked on

2019-01-03 23:55:08 - [MESSAGE][PASSED] - Object: 'Object Repository/Final Object Repo/Page_Request SSN - ASSIST/AI - PostCode - 81000' is clicked on

2019-01-03 23:55:08 - [TEST_STEP][PASSED] - setText: Text '100' is set on object 'Object Repository/Final Object Repo/Page_Request SSN - ASSIST/P.O.BOX'

2019-01-03 23:55:08 - [MESSAGE][PASSED] - Text '100' is set on object 'Object Repository/Final Object Repo/Page_Request SSN - ASSIST/P.O.BOX'

2019-01-03 23:55:08 - [TEST_STEP][PASSED] - setText: Text '100' is set on object 'Object Repository/Final Object Repo/Page_Request SSN - ASSIST/Locked Bag No'

2019-01-03 23:55:09 - [MESSAGE][PASSED] - Text '100' is set on object 'Object Repository/Final Object Repo/Page_Request SSN - ASSIST/Locked Bag No'

2019-01-03 23:55:09 - [TEST_STEP][PASSED] - delay: Delayed 2 second(s)

2019-01-03 23:55:11 - [MESSAGE][PASSED] - Delayed 2 second(s)

2019-01-03 23:55:11 - [TEST_STEP][PASSED] - setText: Text '123456789' is set on object 'Object Repository/Final Object Repo/Page_Request SSN - ASSIST/AI - Telephone No'

2019-01-03 23:55:12 - [MESSAGE][PASSED] - Text '123456789' is set on object 'Object Repository/Final Object Repo/Page_Request SSN - ASSIST/AI - Telephone No'

2019-01-03 23:55:12 - [TEST_STEP][PASSED] - click: Object: 'Object Repository/Final Object Repo/Page_Request SSN - ASSIST/AI - Occupation' is clicked on

2019-01-03 23:55:12 - [MESSAGE][PASSED] - Object: 'Object Repository/Final Object Repo/Page_Request SSN - ASSIST/AI - Occupation' is clicked on

2019-01-03 23:55:12 - [TEST_STEP][PASSED] - click: Object: 'Object Repository/Final Object Repo/Page_Request SSN - ASSIST/AI - Occupation - NUMERICAL AND MATERIAL R' is clicked on

2019-01-03 23:55:12 - [MESSAGE][PASSED] - Object: 'Object Repository/Final Object Repo/Page_Request SSN - ASSIST/AI - Occupation - NUMERICAL AND MATERIAL R' is clicked on

2019-01-03 23:55:12 - [TEST_STEP][PASSED] - delay: Delayed 2 second(s)

2019-01-03 23:55:14 - [MESSAGE][PASSED] - Delayed 2 second(s)

2019-01-03 23:55:14 - [TEST_STEP][PASSED] - click: Object: 'Object Repository/Final Object Repo/Page_Request SSN - ASSIST/AI - Sub Occupation' is clicked on

2019-01-03 23:55:14 - [MESSAGE][PASSED] - Object: 'Object Repository/Final Object Repo/Page_Request SSN - ASSIST/AI - Sub Occupation' is clicked on

2019-01-03 23:55:14 - [TEST_STEP][PASSED] - click: Object: 'Object Repository/Final Object Repo/Page_Request SSN - ASSIST/AI - Sub Occupation - Stock Clerks' is clicked on

2019-01-03 23:55:15 - [MESSAGE][PASSED] - Object: 'Object Repository/Final Object Repo/Page_Request SSN - ASSIST/AI - Sub Occupation - Stock Clerks' is clicked on

2019-01-03 23:55:15 - [TEST_STEP][PASSED] - delay: Delayed 2 second(s)

2019-01-03 23:55:17 - [MESSAGE][PASSED] - Delayed 2 second(s)

2019-01-03 23:55:17 - [TEST_STEP][PASSED] - click: Object: 'Object Repository/Final Object Repo/Page_Request SSN - ASSIST/AI - Sub Occupation List' is clicked on

2019-01-03 23:55:17 - [MESSAGE][PASSED] - Object: 'Object Repository/Final Object Repo/Page_Request SSN - ASSIST/AI - Sub Occupation List' is clicked on

2019-01-03 23:55:17 - [TEST_STEP][PASSED] - click: Object: 'Object Repository/Final Object Repo/Page_Request SSN - ASSIST/AI - Sub Occupation List - Clerk raw material' is clicked on

2019-01-03 23:55:17 - [MESSAGE][PASSED] - Object: 'Object Repository/Final Object Repo/Page_Request SSN - ASSIST/AI - Sub Occupation List - Clerk raw material' is clicked on

2019-01-03 23:55:17 - [TEST_STEP][PASSED] - click: Object: 'Object Repository/Final Object Repo/Page_Request SSN - ASSIST/AI - Employment Start Date' is clicked on

2019-01-03 23:55:17 - [MESSAGE][PASSED] - Object: 'Object Repository/Final Object Repo/Page_Request SSN - ASSIST/AI - Employment Start Date' is clicked on

2019-01-03 23:55:17 - [TEST_STEP][PASSED] - click: Object: 'Object Repository/Final Object Repo/Page_Request SSN - ASSIST/AI - DOB - Year - Date' is clicked on

2019-01-03 23:55:18 - [MESSAGE][PASSED] - Object: 'Object Repository/Final Object Repo/Page_Request SSN - ASSIST/AI - DOB - Year - Date' is clicked on

2019-01-03 23:55:18 - [TEST_STEP][PASSED] - setText: Text 'perkeso' is set on object 'Object Repository/Final Object Repo/Page_Request SSN - ASSIST/AI - Current Employer Name'

2019-01-03 23:55:18 - [MESSAGE][PASSED] - Text 'perkeso' is set on object 'Object Repository/Final Object Repo/Page_Request SSN - ASSIST/AI - Current Employer Name'

2019-01-03 23:55:18 - [TEST_STEP][PASSED] - setText: Text 'perkeso1' is set on object 'Object Repository/Final Object Repo/Page_Request SSN - ASSIST/AI - Current Employer Address1'

2019-01-03 23:55:19 - [MESSAGE][PASSED] - Text 'perkeso1' is set on object 'Object Repository/Final Object Repo/Page_Request SSN - ASSIST/AI - Current Employer Address1'

2019-01-03 23:55:19 - [TEST_STEP][PASSED] - setText: Text 'perkeso2' is set on object 'Object Repository/Final Object Repo/Page_Request SSN - ASSIST/AI - Current Employer Address2'

2019-01-03 23:55:20 - [MESSAGE][PASSED] - Text 'perkeso2' is set on object 'Object Repository/Final Object Repo/Page_Request SSN - ASSIST/AI - Current Employer Address2'

2019-01-03 23:55:20 - [TEST_STEP][PASSED] - setText: Text 'perkeso3' is set on object 'Object Repository/Final Object Repo/Page_Request SSN - ASSIST/AI - Current Employer Address3'

2019-01-03 23:55:20 - [MESSAGE][PASSED] - Text 'perkeso3' is set on object 'Object Repository/Final Object Repo/Page_Request SSN - ASSIST/AI - Current Employer Address3'

2019-01-03 23:55:20 - [TEST_STEP][PASSED] - click: Object: 'Object Repository/Final Object Repo/Page_Request SSN - ASSIST/AI - Current Employer State' is clicked on

2019-01-03 23:55:20 - [MESSAGE][PASSED] - Object: 'Object Repository/Final Object Repo/Page_Request SSN - ASSIST/AI - Current Employer State' is clicked on

2019-01-03 23:55:20 - [TEST_STEP][PASSED] - click: Object: 'Object Repository/Final Object Repo/Page_Request SSN - ASSIST/AI - Current Employer State - Johor 1' is clicked on

2019-01-03 23:55:21 - [MESSAGE][PASSED] - Object: 'Object Repository/Final Object Repo/Page_Request SSN - ASSIST/AI - Current Employer State - Johor 1' is clicked on

2019-01-03 23:55:21 - [TEST_STEP][PASSED] - click: Object: 'Object Repository/Final Object Repo/Page_Request SSN - ASSIST/AI - Current Employer City' is clicked on

2019-01-03 23:55:21 - [MESSAGE][PASSED] - Object: 'Object Repository/Final Object Repo/Page_Request SSN - ASSIST/AI - Current Employer City' is clicked on

2019-01-03 23:55:21 - [TEST_STEP][PASSED] - setText: Text 'joh' is set on object 'Object Repository/Final Object Repo/Page_Request SSN - ASSIST/AI - City - JOH'

2019-01-03 23:55:21 - [MESSAGE][PASSED] - Text 'joh' is set on object 'Object Repository/Final Object Repo/Page_Request SSN - ASSIST/AI - City - JOH'

2019-01-03 23:55:21 - [TEST_STEP][PASSED] - delay: Delayed 2 second(s)

2019-01-03 23:55:23 - [MESSAGE][PASSED] - Delayed 2 second(s)

2019-01-03 23:55:23 - [TEST_STEP][PASSED] - click: Object: 'Object Repository/Final Object Repo/Page_Request SSN - ASSIST/AI - City - Johor Bharu' is clicked on

2019-01-03 23:55:24 - [MESSAGE][PASSED] - Object: 'Object Repository/Final Object Repo/Page_Request SSN - ASSIST/AI - City - Johor Bharu' is clicked on

2019-01-03 23:55:24 - [TEST_STEP][PASSED] - click: Object: 'Object Repository/Final Object Repo/Page_Request SSN - ASSIST/AI - Current Employer Postcode' is clicked on

2019-01-03 23:55:24 - [MESSAGE][PASSED] - Object: 'Object Repository/Final Object Repo/Page_Request SSN - ASSIST/AI - Current Employer Postcode' is clicked on

2019-01-03 23:55:24 - [TEST_STEP][PASSED] - setText: Text '810' is set on object 'Object Repository/Final Object Repo/Page_Request SSN - ASSIST/AI - City - JOH'

2019-01-03 23:55:25 - [MESSAGE][PASSED] - Text '810' is set on object 'Object Repository/Final Object Repo/Page_Request SSN - ASSIST/AI - City - JOH'

2019-01-03 23:55:25 - [TEST_STEP][PASSED] - delay: Delayed 2 second(s)

2019-01-03 23:55:27 - [MESSAGE][PASSED] - Delayed 2 second(s)

2019-01-03 23:55:27 - [TEST_STEP][PASSED] - click: Object: 'Object Repository/Final Object Repo/Page_Request SSN - ASSIST/AI - PostCode - 81000' is clicked on

2019-01-03 23:55:27 - [MESSAGE][PASSED] - Object: 'Object Repository/Final Object Repo/Page_Request SSN - ASSIST/AI - PostCode - 81000' is clicked on

2019-01-03 23:55:27 - [TEST_STEP][NOT_RUN] - setText: NOT_RUN: setText

2019-01-03 23:55:27 - [MESSAGE][NOT_RUN] - NOT_RUN: setText

2019-01-03 23:55:27 - [TEST_STEP][NOT_RUN] - setText: NOT_RUN: setText

2019-01-03 23:55:27 - [MESSAGE][NOT_RUN] - NOT_RUN: setText

2019-01-03 23:55:27 - [TEST_STEP][NOT_RUN] - click: NOT_RUN: click

2019-01-03 23:55:27 - [MESSAGE][NOT_RUN] - NOT_RUN: click

2019-01-03 23:55:27 - [TEST_STEP][NOT_RUN] - click: NOT_RUN: click

2019-01-03 23:55:27 - [MESSAGE][NOT_RUN] - NOT_RUN: click

2019-01-03 23:55:27 - [TEST_STEP][NOT_RUN] - setText: NOT_RUN: setText

2019-01-03 23:55:27 - [MESSAGE][NOT_RUN] - NOT_RUN: setText

2019-01-03 23:55:27 - [TEST_STEP][NOT_RUN] - click: NOT_RUN: click

2019-01-03 23:55:27 - [MESSAGE][NOT_RUN] - NOT_RUN: click

2019-01-03 23:55:27 - [TEST_STEP][NOT_RUN] - click: NOT_RUN: click

2019-01-03 23:55:27 - [MESSAGE][NOT_RUN] - NOT_RUN: click

2019-01-03 23:55:27 - [TEST_STEP][NOT_RUN] - click: NOT_RUN: click

2019-01-03 23:55:27 - [MESSAGE][NOT_RUN] - NOT_RUN: click

2019-01-03 23:55:27 - [TEST_STEP][NOT_RUN] - click: NOT_RUN: click

2019-01-03 23:55:27 - [MESSAGE][NOT_RUN] - NOT_RUN: click

2019-01-03 23:55:27 - [TEST_STEP][NOT_RUN] - click: NOT_RUN: click

2019-01-03 23:55:27 - [MESSAGE][NOT_RUN] - NOT_RUN: click

2019-01-03 23:55:27 - [TEST_STEP][NOT_RUN] - click: NOT_RUN: click

2019-01-03 23:55:27 - [MESSAGE][NOT_RUN] - NOT_RUN: click

2019-01-03 23:55:27 - [TEST_STEP][NOT_RUN] - setText: NOT_RUN: setText

2019-01-03 23:55:27 - [MESSAGE][NOT_RUN] - NOT_RUN: setText

2019-01-03 23:55:27 - [TEST_STEP][NOT_RUN] - setText: NOT_RUN: setText

2019-01-03 23:55:27 - [MESSAGE][NOT_RUN] - NOT_RUN: setText

2019-01-03 23:55:27 - [TEST_STEP][NOT_RUN] - setText: NOT_RUN: setText

2019-01-03 23:55:27 - [MESSAGE][NOT_RUN] - NOT_RUN: setText

2019-01-03 23:55:27 - [TEST_STEP][NOT_RUN] - click: NOT_RUN: click

2019-01-03 23:55:27 - [MESSAGE][NOT_RUN] - NOT_RUN: click

2019-01-03 23:55:27 - [TEST_STEP][NOT_RUN] - click: NOT_RUN: click

2019-01-03 23:55:27 - [MESSAGE][NOT_RUN] - NOT_RUN: click

2019-01-03 23:55:27 - [TEST_STEP][NOT_RUN] - click: NOT_RUN: click

2019-01-03 23:55:27 - [MESSAGE][NOT_RUN] - NOT_RUN: click

2019-01-03 23:55:27 - [TEST_STEP][NOT_RUN] - setText: NOT_RUN: setText

2019-01-03 23:55:27 - [MESSAGE][NOT_RUN] - NOT_RUN: setText

2019-01-03 23:55:27 - [TEST_STEP][NOT_RUN] - delay: NOT_RUN: delay

2019-01-03 23:55:27 - [MESSAGE][NOT_RUN] - NOT_RUN: delay

2019-01-03 23:55:27 - [TEST_STEP][NOT_RUN] - click: NOT_RUN: click

2019-01-03 23:55:27 - [MESSAGE][NOT_RUN] - NOT_RUN: click

2019-01-03 23:55:27 - [TEST_STEP][NOT_RUN] - click: NOT_RUN: click

2019-01-03 23:55:27 - [MESSAGE][NOT_RUN] - NOT_RUN: click

2019-01-03 23:55:27 - [TEST_STEP][NOT_RUN] - click: NOT_RUN: click

2019-01-03 23:55:27 - [MESSAGE][NOT_RUN] - NOT_RUN: click

2019-01-03 23:55:27 - [TEST_STEP][NOT_RUN] - setText: NOT_RUN: setText

2019-01-03 23:55:27 - [MESSAGE][NOT_RUN] - NOT_RUN: setText

2019-01-03 23:55:27 - [TEST_STEP][NOT_RUN] - delay: NOT_RUN: delay

2019-01-03 23:55:27 - [MESSAGE][NOT_RUN] - NOT_RUN: delay

2019-01-03 23:55:27 - [TEST_STEP][NOT_RUN] - click: NOT_RUN: click

2019-01-03 23:55:27 - [MESSAGE][NOT_RUN] - NOT_RUN: click

2019-01-03 23:55:27 - [TEST_STEP][NOT_RUN] - delay: NOT_RUN: delay

2019-01-03 23:55:27 - [MESSAGE][NOT_RUN] - NOT_RUN: delay

2019-01-03 23:55:27 - [TEST_STEP][NOT_RUN] - setText: NOT_RUN: setText

2019-01-03 23:55:27 - [MESSAGE][NOT_RUN] - NOT_RUN: setText

2019-01-03 23:55:27 - [TEST_STEP][NOT_RUN] - setText: NOT_RUN: setText

2019-01-03 23:55:27 - [MESSAGE][NOT_RUN] - NOT_RUN: setText

2019-01-03 23:55:27 - [TEST_STEP][NOT_RUN] - setText: NOT_RUN: setText

2019-01-03 23:55:27 - [MESSAGE][NOT_RUN] - NOT_RUN: setText

2019-01-03 23:55:27 - [TEST_STEP][NOT_RUN] - click: NOT_RUN: click

2019-01-03 23:55:27 - [MESSAGE][NOT_RUN] - NOT_RUN: click

2019-01-03 23:55:27 - [TEST_STEP][NOT_RUN] - click: NOT_RUN: click

2019-01-03 23:55:27 - [MESSAGE][NOT_RUN] - NOT_RUN: click

2019-01-03 23:55:27 - [TEST_STEP][NOT_RUN] - setText: NOT_RUN: setText

2019-01-03 23:55:27 - [MESSAGE][NOT_RUN] - NOT_RUN: setText

2019-01-03 23:55:27 - [TEST_STEP][NOT_RUN] - click: NOT_RUN: click

2019-01-03 23:55:27 - [MESSAGE][NOT_RUN] - NOT_RUN: click

2019-01-03 23:55:27 - [TEST_STEP][NOT_RUN] - click: NOT_RUN: click

2019-01-03 23:55:27 - [MESSAGE][NOT_RUN] - NOT_RUN: click

2019-01-03 23:55:27 - [TEST_STEP][NOT_RUN] - click: NOT_RUN: click

2019-01-03 23:55:27 - [MESSAGE][NOT_RUN] - NOT_RUN: click

2019-01-03 23:55:27 - [TEST_STEP][NOT_RUN] - click: NOT_RUN: click

2019-01-03 23:55:27 - [MESSAGE][NOT_RUN] - NOT_RUN: click

2019-01-03 23:55:27 - [TEST_STEP][NOT_RUN] - click: NOT_RUN: click

2019-01-03 23:55:27 - [MESSAGE][NOT_RUN] - NOT_RUN: click

2019-01-03 23:55:27 - [TEST_STEP][NOT_RUN] - click: NOT_RUN: click

2019-01-03 23:55:27 - [MESSAGE][NOT_RUN] - NOT_RUN: click

2019-01-03 23:55:27 - [TEST_STEP][NOT_RUN] - setText: NOT_RUN: setText

2019-01-03 23:55:27 - [MESSAGE][NOT_RUN] - NOT_RUN: setText

2019-01-03 23:55:27 - [TEST_STEP][NOT_RUN] - setText: NOT_RUN: setText

2019-01-03 23:55:27 - [MESSAGE][NOT_RUN] - NOT_RUN: setText

2019-01-03 23:55:27 - [TEST_STEP][NOT_RUN] - setText: NOT_RUN: setText

2019-01-03 23:55:27 - [MESSAGE][NOT_RUN] - NOT_RUN: setText

2019-01-03 23:55:27 - [TEST_STEP][NOT_RUN] - click: NOT_RUN: click

2019-01-03 23:55:27 - [MESSAGE][NOT_RUN] - NOT_RUN: click

2019-01-03 23:55:27 - [TEST_STEP][NOT_RUN] - click: NOT_RUN: click

2019-01-03 23:55:27 - [MESSAGE][NOT_RUN] - NOT_RUN: click

2019-01-03 23:55:27 - [TEST_STEP][NOT_RUN] - click: NOT_RUN: click

2019-01-03 23:55:27 - [MESSAGE][NOT_RUN] - NOT_RUN: click

2019-01-03 23:55:27 - [TEST_STEP][NOT_RUN] - delay: NOT_RUN: delay

2019-01-03 23:55:27 - [MESSAGE][NOT_RUN] - NOT_RUN: delay

2019-01-03 23:55:27 - [TEST_STEP][NOT_RUN] - setText: NOT_RUN: setText

2019-01-03 23:55:27 - [MESSAGE][NOT_RUN] - NOT_RUN: setText

2019-01-03 23:55:27 - [TEST_STEP][NOT_RUN] - delay: NOT_RUN: delay

2019-01-03 23:55:27 - [MESSAGE][NOT_RUN] - NOT_RUN: delay

2019-01-03 23:55:27 - [TEST_STEP][NOT_RUN] - click: NOT_RUN: click

2019-01-03 23:55:27 - [MESSAGE][NOT_RUN] - NOT_RUN: click

2019-01-03 23:55:27 - [TEST_STEP][NOT_RUN] - doubleClick: NOT_RUN: doubleClick

2019-01-03 23:55:27 - [MESSAGE][NOT_RUN] - NOT_RUN: doubleClick

2019-01-03 23:55:27 - [TEST_STEP][NOT_RUN] - click: NOT_RUN: click

2019-01-03 23:55:27 - [MESSAGE][NOT_RUN] - NOT_RUN: click

2019-01-03 23:55:27 - [TEST_STEP][NOT_RUN] - setText: NOT_RUN: setText

2019-01-03 23:55:27 - [MESSAGE][NOT_RUN] - NOT_RUN: setText

2019-01-03 23:55:27 - [TEST_STEP][NOT_RUN] - delay: NOT_RUN: delay

2019-01-03 23:55:27 - [MESSAGE][NOT_RUN] - NOT_RUN: delay

2019-01-03 23:55:27 - [TEST_STEP][NOT_RUN] - click: NOT_RUN: click

2019-01-03 23:55:27 - [MESSAGE][NOT_RUN] - NOT_RUN: click

2019-01-03 23:55:27 - [TEST_STEP][NOT_RUN] - delay: NOT_RUN: delay

2019-01-03 23:55:27 - [MESSAGE][NOT_RUN] - NOT_RUN: delay

2019-01-03 23:55:27 - [TEST_STEP][NOT_RUN] - setText: NOT_RUN: setText

2019-01-03 23:55:27 - [MESSAGE][NOT_RUN] - NOT_RUN: setText

2019-01-03 23:55:27 - [TEST_STEP][PASSED] - click: Object: 'Object Repository/Final Object Repo/Page_Request SSN - ASSIST/Save  Continue' is clicked on

2019-01-03 23:55:27 - [MESSAGE][PASSED] - Object: 'Object Repository/Final Object Repo/Page_Request SSN - ASSIST/Save  Continue' is clicked on

2019-01-03 23:55:27 - [TEST_STEP][PASSED] - delay: Delayed 3 second(s)

2019-01-03 23:55:30 - [MESSAGE][PASSED] - Delayed 3 second(s)

2019-01-03 23:55:30 - [TEST_STEP][PASSED] - Statement - CaseReferenceNo = com.kms.katalon.core.webui.keyword.WebUiBuiltInKeywords.getText(com.kms.katalon.core.testobject.ObjectRepository.findTestObject(Final Object Repo/Page_Request SSN - ASSIST/Reference Number in Uploading Page)): Text of object 'Object Repository/Final Object Repo/Page_Request SSN - ASSIST/Reference Number in Uploading Page' is: 'SSN01201900001207'

2019-01-03 23:55:31 - [MESSAGE][PASSED] - Text of object 'Object Repository/Final Object Repo/Page_Request SSN - ASSIST/Reference Number in Uploading Page' is: 'SSN01201900001207'

2019-01-03 23:55:31 - [TEST_STEP][PASSED] - callTestCase: Call Test Case 'Test Cases/Final Aug 2018 - PKS Automation/Common/Reference Number Setter' successfully

2019-01-03 23:55:31 - [TEST_CASE][PASSED] - Test Cases/Final Aug 2018 - PKS Automation/Common/Reference Number Setter: Test Cases/Final Aug 2018 - PKS Automation/Common/Reference Number Setter

2019-01-03 23:55:31 - [TEST_STEP][PASSED] - Statement - RefNoOldFile = new java.io.File(C://Users//Admin//Desktop//PKS//Automation Reference Point//KatalonReference.txt): null

2019-01-03 23:55:31 - [TEST_STEP][PASSED] - Statement - RefNoOldFile.delete(): null

2019-01-03 23:55:31 - [TEST_STEP][PASSED] - delay: Delayed 5 second(s)

2019-01-03 23:55:36 - [MESSAGE][PASSED] - Delayed 5 second(s)

2019-01-03 23:55:36 - [TEST_STEP][PASSED] - Statement - RefNo = new java.io.File(C://Users//Admin//Desktop//PKS//Automation Reference Point//KatalonReference.txt): null

2019-01-03 23:55:36 - [TEST_STEP][PASSED] - Statement - f2 = new java.io.FileWriter(RefNo, false): null

2019-01-03 23:55:36 - [TEST_STEP][PASSED] - Statement - f2.write(CaseReferenceNo): null

2019-01-03 23:55:36 - [TEST_STEP][PASSED] - Statement - f2.close(): null

2019-01-03 23:55:36 - [TEST_STEP][PASSED] - Statement - out.println("


" + CaseReferenceNo + "


"): null

2019-01-03 23:55:36 - [MESSAGE][PASSED] - Call Test Case 'Test Cases/Final Aug 2018 - PKS Automation/Common/Reference Number Setter' successfully

2019-01-03 23:55:36 - [TEST_STEP][PASSED] - click: Object: 'Object Repository/Final Object Repo/Page_Request SSN - ASSIST/Add Document Button' is clicked on

2019-01-03 23:55:36 - [MESSAGE][PASSED] - Object: 'Object Repository/Final Object Repo/Page_Request SSN - ASSIST/Add Document Button' is clicked on

2019-01-03 23:55:36 - [TEST_STEP][PASSED] - delay: Delayed 2 second(s)

2019-01-03 23:55:38 - [MESSAGE][PASSED] - Delayed 2 second(s)

2019-01-03 23:55:38 - [TEST_STEP][PASSED] - click: Object: 'Object Repository/Final Object Repo/Page_Request SSN - ASSIST/Document Type' is clicked on

2019-01-03 23:55:39 - [MESSAGE][PASSED] - Object: 'Object Repository/Final Object Repo/Page_Request SSN - ASSIST/Document Type' is clicked on

2019-01-03 23:55:39 - [TEST_STEP][PASSED] - click: Object: 'Object Repository/Final Object Repo/Page_Request SSN - ASSIST/Document Type - Birth Certificate' is clicked on

2019-01-03 23:55:39 - [MESSAGE][PASSED] - Object: 'Object Repository/Final Object Repo/Page_Request SSN - ASSIST/Document Type - Birth Certificate' is clicked on

2019-01-03 23:55:39 - [TEST_STEP][PASSED] - sendKeys: Keys 'C:\Users\Public\Pictures\Sample Pictures\Koala.jpg' sent to object: 'Object Repository/Final Object Repo/Page_Request SSN - ASSIST/Upload File'

2019-01-03 23:55:40 - [MESSAGE][PASSED] - Keys 'C:\Users\Public\Pictures\Sample Pictures\Koala.jpg' sent to object: 'Object Repository/Final Object Repo/Page_Request SSN - ASSIST/Upload File'

2019-01-03 23:55:40 - [TEST_STEP][PASSED] - click: Object: 'Object Repository/Final Object Repo/Page_Request SSN - ASSIST/Add Document' is clicked on

2019-01-03 23:55:40 - [MESSAGE][PASSED] - Object: 'Object Repository/Final Object Repo/Page_Request SSN - ASSIST/Add Document' is clicked on

2019-01-03 23:55:40 - [TEST_STEP][PASSED] - delay: Delayed 20 second(s)

2019-01-03 23:56:00 - [MESSAGE][PASSED] - Delayed 20 second(s)

2019-01-03 23:56:00 - [TEST_STEP][PASSED] - click: Object: 'Object Repository/Final Object Repo/Page_Request SSN - ASSIST/Save  Continue in Uploading Document Page' is clicked on

2019-01-03 23:56:00 - [MESSAGE][PASSED] - Object: 'Object Repository/Final Object Repo/Page_Request SSN - ASSIST/Save  Continue in Uploading Document Page' is clicked on

2019-01-03 23:56:00 - [TEST_STEP][PASSED] - delay: Delayed 2 second(s)

2019-01-03 23:56:02 - [MESSAGE][PASSED] - Delayed 2 second(s)

2019-01-03 23:56:02 - [TEST_STEP][PASSED] - click: Object: 'Object Repository/Final Object Repo/Page_Request SSN - ASSIST/Submit' is clicked on

2019-01-03 23:56:05 - [MESSAGE][PASSED] - Object: 'Object Repository/Final Object Repo/Page_Request SSN - ASSIST/Submit' is clicked on

2019-01-03 23:56:05 - [TEST_STEP][PASSED] - delay: Delayed 2 second(s)

2019-01-03 23:56:07 - [MESSAGE][PASSED] - Delayed 2 second(s)

2019-01-03 23:56:07 - [TEST_STEP][PASSED] - click: Object: 'Object Repository/Final Object Repo/Page_Request SSN - ASSIST/Confirm' is clicked on

2019-01-03 23:56:07 - [MESSAGE][PASSED] - Object: 'Object Repository/Final Object Repo/Page_Request SSN - ASSIST/Confirm' is clicked on

2019-01-03 23:56:07 - [TEST_STEP][PASSED] - delay: Delayed 2 second(s)

2019-01-03 23:56:09 - [MESSAGE][PASSED] - Delayed 2 second(s)

2019-01-03 23:56:09 - [TEST_STEP][PASSED] - verifyElementVisible: Object 'Object Repository/Final Object Repo/Page_Request SSN - ASSIST/Message This Case will be routed to RIO' is visible

2019-01-03 23:56:15 - [MESSAGE][PASSED] - Object 'Object Repository/Final Object Repo/Page_Request SSN - ASSIST/Message This Case will be routed to RIO' is visible

2019-01-03 23:56:15 - [TEST_STEP][PASSED] - delay: Delayed 2 second(s)

2019-01-03 23:56:17 - [MESSAGE][PASSED] - Delayed 2 second(s)

2019-01-03 23:56:17 - [TEST_STEP][PASSED] - verifyElementVisible: Object 'Object Repository/Final Object Repo/Page_Request SSN - ASSIST/Letter of acknowledgement' is visible

2019-01-03 23:56:17 - [MESSAGE][PASSED] - Object 'Object Repository/Final Object Repo/Page_Request SSN - ASSIST/Letter of acknowledgement' is visible

2019-01-03 23:56:17 - [MESSAGE][PASSED] - Call Test Case 'Test Cases/Final Aug 2018 - PKS Automation/Registration Module/Workflow/Request SSN/Template/Request SSN - PKRBO' successfully

2019-01-03 23:56:17 - [TEST_STEP][PASSED] - callTestCase: Call Test Case 'Test Cases/Final Aug 2018 - PKS Automation/Registration Module/Workflow/Request SSN/Template/Request SSN RIO - RO (Under Enforcement)' successfully

2019-01-03 23:56:17 - [TEST_CASE][PASSED] - Test Cases/Final Aug 2018 - PKS Automation/Registration Module/Workflow/Request SSN/Template/Request SSN RIO - RO (Under Enforcement): Test Cases/Final Aug 2018 - PKS Automation/Registration Module/Workflow/Request SSN/Template/Request SSN RIO - RO (Under Enforcement)

2019-01-03 23:56:17 - [TEST_STEP][NOT_RUN] - callTestCase: NOT_RUN: callTestCase

2019-01-03 23:56:17 - [MESSAGE][NOT_RUN] - NOT_RUN: callTestCase

2019-01-03 23:56:17 - [TEST_STEP][PASSED] - delay: Delayed 2 second(s)

2019-01-03 23:56:19 - [MESSAGE][PASSED] - Delayed 2 second(s)

2019-01-03 23:56:19 - [TEST_STEP][PASSED] - navigateToUrl: Navigate to 'https://assist2-uat.perkeso.gov.my/c/portal/logout' successfully

2019-01-03 23:56:19 - [MESSAGE][PASSED] - Navigate to 'https://assist2-uat.perkeso.gov.my/c/portal/logout' successfully

2019-01-03 23:56:19 - [TEST_STEP][PASSED] - delay: Delayed 2 second(s)

2019-01-03 23:56:21 - [MESSAGE][PASSED] - Delayed 2 second(s)

2019-01-03 23:56:21 - [TEST_STEP][PASSED] - callTestCase: Call Test Case 'Test Cases/Final Aug 2018 - PKS Automation/Common/Reference Number Getter' successfully

2019-01-03 23:56:21 - [TEST_CASE][PASSED] - Test Cases/Final Aug 2018 - PKS Automation/Common/Reference Number Getter: Test Cases/Final Aug 2018 - PKS Automation/Common/Reference Number Getter

2019-01-03 23:56:21 - [TEST_STEP][PASSED] - Statement - Try: null

2019-01-03 23:56:21 - [TEST_STEP][PASSED] - Statement - RefNo = new java.io.File(C://Users//Admin//Desktop//PKS//Automation Reference Point//KatalonReference.txt): null

2019-01-03 23:56:21 - [TEST_STEP][PASSED] - Statement - bufferread = new java.io.BufferedReader(new java.io.FileReader(RefNo)): null

2019-01-03 23:56:21 - [TEST_STEP][PASSED] - Statement - readedVal = bufferread.readLine(): null

2019-01-03 23:56:21 - [TEST_STEP][PASSED] - Statement - out.println(CaseReferenceNo): null

2019-01-03 23:56:21 - [TEST_STEP][PASSED] - Statement - out.println(readedVal): null

2019-01-03 23:56:21 - [TEST_STEP][PASSED] - Statement - CaseReferenceNo = "": null

2019-01-03 23:56:21 - [TEST_STEP][PASSED] - Statement - CaseReferenceNo = readedVal: null

2019-01-03 23:56:21 - [MESSAGE][PASSED] - Call Test Case 'Test Cases/Final Aug 2018 - PKS Automation/Common/Reference Number Getter' successfully

2019-01-03 23:56:21 - [TEST_STEP][PASSED] - callTestCase: Call Test Case 'Test Cases/Final Aug 2018 - PKS Automation/Common/Workflow Owner Finder' successfully

2019-01-03 23:56:22 - [TEST_CASE][PASSED] - Test Cases/Final Aug 2018 - PKS Automation/Common/Workflow Owner Finder: Test Cases/Final Aug 2018 - PKS Automation/Common/Workflow Owner Finder

2019-01-03 23:56:22 - [TEST_STEP][PASSED] - openBrowser: Browser is opened with url: ''

2019-01-03 23:56:22 - [MESSAGE][WARNING] - A browser is already opened. Closing browser and opening a new one

2019-01-03 23:56:25 - [MESSAGE][PASSED] - Browser is opened with url: ''

2019-01-03 23:56:25 - [TEST_STEP][PASSED] - navigateToUrl: Navigate to 'https://assist2-uat.perkeso.gov.my/login' successfully

2019-01-03 23:56:26 - [MESSAGE][PASSED] - Navigate to 'https://assist2-uat.perkeso.gov.my/login' successfully

2019-01-03 23:56:26 - [TEST_STEP][PASSED] - delay: Delayed 5 second(s)

2019-01-03 23:56:31 - [MESSAGE][PASSED] - Delayed 5 second(s)

2019-01-03 23:56:31 - [TEST_STEP][PASSED] - setText: Text 'test@liferay.com' is set on object 'Object Repository/Final Object Repo/Login Page/Internal User/Email Address'

2019-01-03 23:56:32 - [MESSAGE][PASSED] - Text 'test@liferay.com' is set on object 'Object Repository/Final Object Repo/Login Page/Internal User/Email Address'

2019-01-03 23:56:32 - [TEST_STEP][PASSED] - click: Object: 'Object Repository/Final Object Repo/Login Page/Internal User/Next Button' is clicked on

2019-01-03 23:56:32 - [MESSAGE][PASSED] - Object: 'Object Repository/Final Object Repo/Login Page/Internal User/Next Button' is clicked on

2019-01-03 23:56:32 - [TEST_STEP][PASSED] - delay: Delayed 2 second(s)

2019-01-03 23:56:34 - [MESSAGE][PASSED] - Delayed 2 second(s)

2019-01-03 23:56:34 - [TEST_STEP][PASSED] - setText: Text 'test' is set on object 'Object Repository/Final Object Repo/Login Page/Internal User/Password'

2019-01-03 23:56:34 - [MESSAGE][PASSED] - Text 'test' is set on object 'Object Repository/Final Object Repo/Login Page/Internal User/Password'

2019-01-03 23:56:34 - [TEST_STEP][PASSED] - delay: Delayed 2 second(s)

2019-01-03 23:56:36 - [MESSAGE][PASSED] - Delayed 2 second(s)

2019-01-03 23:56:36 - [TEST_STEP][PASSED] - click: Object: 'Object Repository/Final Object Repo/Login Page/Internal User/Login Button' is clicked on

2019-01-03 23:56:36 - [MESSAGE][PASSED] - Object: 'Object Repository/Final Object Repo/Login Page/Internal User/Login Button' is clicked on

2019-01-03 23:56:36 - [TEST_STEP][PASSED] - Statement - tester = com.kms.katalon.core.testobject.ObjectRepository.findTestObject(Final Object Repo/Landing Page/Select to English): Finding Test Object with id 'Object Repository/Final Object Repo/Landing Page/Select to English'

2019-01-03 23:56:36 - [TEST_STEP][PASSED] - Statement - Try: Delayed 2 second(s)

2019-01-03 23:56:36 - [TEST_STEP][PASSED] - Statement - Checker = com.kms.katalon.core.webui.keyword.WebUiBuiltInKeywords.verifyElementNotPresent(tester, 3): Web element with id: 'Object Repository/Final Object Repo/Landing Page/Select to English' located by 'By.xpath: //a[@class = 'taglib-language-list-text' and @lang = 'en-US' and (contains(text(), 'EN') or contains(., 'EN'))]' is not present after '3' second(s)

2019-01-03 23:56:38 - [MESSAGE][PASSED] - Web element with id: 'Object Repository/Final Object Repo/Landing Page/Select to English' located by 'By.xpath: //a[@class = 'taglib-language-list-text' and @lang = 'en-US' and (contains(text(), 'EN') or contains(., 'EN'))]' is not present after '3' second(s)

2019-01-03 23:56:38 - [TEST_STEP][PASSED] - Statement - If (Checker == false): null

2019-01-03 23:56:38 - [TEST_STEP][PASSED] - delay: Delayed 2 second(s)

2019-01-03 23:56:40 - [MESSAGE][PASSED] - Delayed 2 second(s)

2019-01-03 23:56:40 - [TEST_STEP][PASSED] - delay: Delayed 5 second(s)

2019-01-03 23:56:45 - [MESSAGE][PASSED] - Delayed 5 second(s)

2019-01-03 23:56:45 - [TEST_STEP][PASSED] - mouseOver: Object: 'Object Repository/Final Object Repo/Landing Page/WorkFlow Menu' is hovered

2019-01-03 23:56:45 - [MESSAGE][PASSED] - Object: 'Object Repository/Final Object Repo/Landing Page/WorkFlow Menu' is hovered

2019-01-03 23:56:45 - [TEST_STEP][PASSED] - delay: Delayed 2 second(s)

2019-01-03 23:56:47 - [MESSAGE][PASSED] - Delayed 2 second(s)

2019-01-03 23:56:47 - [TEST_STEP][PASSED] - click: Object: 'Object Repository/Final Object Repo/Landing Page/Select to Workflow Listing' is clicked on

2019-01-03 23:56:48 - [MESSAGE][PASSED] - Object: 'Object Repository/Final Object Repo/Landing Page/Select to Workflow Listing' is clicked on

2019-01-03 23:56:48 - [TEST_STEP][PASSED] - delay: Delayed 2 second(s)

2019-01-03 23:56:50 - [MESSAGE][PASSED] - Delayed 2 second(s)

2019-01-03 23:56:50 - [TEST_STEP][PASSED] - click: Object: 'Object Repository/Final Object Repo/WorkFlow Listing Page/Search Information - To Put Ref No' is clicked on

2019-01-03 23:56:51 - [MESSAGE][PASSED] - Object: 'Object Repository/Final Object Repo/WorkFlow Listing Page/Search Information - To Put Ref No' is clicked on

2019-01-03 23:56:51 - [TEST_STEP][PASSED] - delay: Delayed 2 second(s)

2019-01-03 23:56:53 - [MESSAGE][PASSED] - Delayed 2 second(s)

2019-01-03 23:56:53 - [TEST_STEP][PASSED] - callTestCase: Call Test Case 'Test Cases/Final Aug 2018 - PKS Automation/Common/Reference Number Getter' successfully

2019-01-03 23:56:53 - [TEST_CASE][PASSED] - Test Cases/Final Aug 2018 - PKS Automation/Common/Reference Number Getter: Test Cases/Final Aug 2018 - PKS Automation/Common/Reference Number Getter

2019-01-03 23:56:53 - [TEST_STEP][PASSED] - Statement - Try: null

2019-01-03 23:56:53 - [TEST_STEP][PASSED] - Statement - RefNo = new java.io.File(C://Users//Admin//Desktop//PKS//Automation Reference Point//KatalonReference.txt): null

2019-01-03 23:56:53 - [TEST_STEP][PASSED] - Statement - bufferread = new java.io.BufferedReader(new java.io.FileReader(RefNo)): null

2019-01-03 23:56:53 - [TEST_STEP][PASSED] - Statement - readedVal = bufferread.readLine(): null

2019-01-03 23:56:53 - [TEST_STEP][PASSED] - Statement - out.println(CaseReferenceNo): null

2019-01-03 23:56:53 - [TEST_STEP][PASSED] - Statement - out.println(readedVal): null

2019-01-03 23:56:53 - [TEST_STEP][PASSED] - Statement - CaseReferenceNo = "": null

2019-01-03 23:56:53 - [TEST_STEP][PASSED] - Statement - CaseReferenceNo = readedVal: null

2019-01-03 23:56:53 - [MESSAGE][PASSED] - Call Test Case 'Test Cases/Final Aug 2018 - PKS Automation/Common/Reference Number Getter' successfully

2019-01-03 23:56:53 - [TEST_STEP][PASSED] - setText: Text 'SSN01201900001207' is set on object 'Object Repository/Final Object Repo/WorkFlow Listing Page/Ref No Set Text'

2019-01-03 23:56:53 - [MESSAGE][PASSED] - Text 'SSN01201900001207' is set on object 'Object Repository/Final Object Repo/WorkFlow Listing Page/Ref No Set Text'

2019-01-03 23:56:53 - [TEST_STEP][PASSED] - delay: Delayed 2 second(s)

2019-01-03 23:56:55 - [MESSAGE][PASSED] - Delayed 2 second(s)

2019-01-03 23:56:55 - [TEST_STEP][PASSED] - click: Object: 'Object Repository/Final Object Repo/WorkFlow Listing Page/Search Ref No Search Button' is clicked on

2019-01-03 23:56:55 - [MESSAGE][PASSED] - Object: 'Object Repository/Final Object Repo/WorkFlow Listing Page/Search Ref No Search Button' is clicked on

2019-01-03 23:56:55 - [TEST_STEP][PASSED] - delay: Delayed 6 second(s)

2019-01-03 23:57:01 - [MESSAGE][PASSED] - Delayed 6 second(s)

2019-01-03 23:57:01 - [TEST_STEP][PASSED] - click: Object: 'Object Repository/Final Object Repo/WorkFlow Listing Page/Click Continue Tooltip' is clicked on

2019-01-03 23:57:02 - [MESSAGE][PASSED] - Object: 'Object Repository/Final Object Repo/WorkFlow Listing Page/Click Continue Tooltip' is clicked on

2019-01-03 23:57:02 - [TEST_STEP][PASSED] - delay: Delayed 5 second(s)

2019-01-03 23:57:07 - [MESSAGE][PASSED] - Delayed 5 second(s)

2019-01-03 23:57:07 - [TEST_STEP][PASSED] - doubleClick: Object: 'Object Repository/Final Object Repo/WorkFlow Listing Page/Workflow Found - Listing 1' is double clicked on

2019-01-03 23:57:07 - [MESSAGE][PASSED] - Object: 'Object Repository/Final Object Repo/WorkFlow Listing Page/Workflow Found - Listing 1' is double clicked on

2019-01-03 23:57:07 - [TEST_STEP][PASSED] - Statement - println(OwnerID): null

2019-01-03 23:57:07 - [TEST_STEP][PASSED] - Statement - OwnerID = com.kms.katalon.core.webui.keyword.WebUiBuiltInKeywords.getText(com.kms.katalon.core.testobject.ObjectRepository.findTestObject(Final Object Repo/WorkFlow Listing Page/Workflow Found - Listing 1), STOP_ON_FAILURE): Text of object 'Object Repository/Final Object Repo/WorkFlow Listing Page/Workflow Found - Listing 1' is: 'JOHORrio1'

2019-01-03 23:57:07 - [MESSAGE][PASSED] - Text of object 'Object Repository/Final Object Repo/WorkFlow Listing Page/Workflow Found - Listing 1' is: 'JOHORrio1'

2019-01-03 23:57:07 - [TEST_STEP][PASSED] - Statement - OwnerID = OwnerID.toLowerCase() + "@gmail.com": null

2019-01-03 23:57:07 - [TEST_STEP][PASSED] - Statement - println(OwnerID): null

2019-01-03 23:57:07 - [TEST_STEP][PASSED] - delay: Delayed 2 second(s)

2019-01-03 23:57:09 - [MESSAGE][PASSED] - Delayed 2 second(s)

2019-01-03 23:57:09 - [MESSAGE][PASSED] - Call Test Case 'Test Cases/Final Aug 2018 - PKS Automation/Common/Workflow Owner Finder' successfully

2019-01-03 23:57:09 - [TEST_STEP][PASSED] - delay: Delayed 2 second(s)

2019-01-03 23:57:11 - [MESSAGE][PASSED] - Delayed 2 second(s)

2019-01-03 23:57:11 - [TEST_STEP][PASSED] - navigateToUrl: Navigate to 'https://assist2-uat.perkeso.gov.my/c/portal/logout' successfully

2019-01-03 23:57:12 - [MESSAGE][PASSED] - Navigate to 'https://assist2-uat.perkeso.gov.my/c/portal/logout' successfully

2019-01-03 23:57:12 - [TEST_STEP][PASSED] - delay: Delayed 2 second(s)

2019-01-03 23:57:14 - [MESSAGE][PASSED] - Delayed 2 second(s)

2019-01-03 23:57:14 - [TEST_STEP][PASSED] - callTestCase: Call Test Case 'Test Cases/Final Aug 2018 - PKS Automation/Registration Module/Workflow/Login and Search Case For Workflow' successfully

2019-01-03 23:57:14 - [TEST_CASE][PASSED] - Test Cases/Final Aug 2018 - PKS Automation/Registration Module/Workflow/Login and Search Case For Workflow: Test Cases/Final Aug 2018 - PKS Automation/Registration Module/Workflow/Login and Search Case For Workflow

2019-01-03 23:57:14 - [TEST_STEP][PASSED] - navigateToUrl: Navigate to 'https://assist2-uat.perkeso.gov.my/login' successfully

2019-01-03 23:57:15 - [MESSAGE][PASSED] - Navigate to 'https://assist2-uat.perkeso.gov.my/login' successfully

2019-01-03 23:57:15 - [TEST_STEP][PASSED] - setText: Text 'johorrio1@gmail.com' is set on object 'Object Repository/Final Object Repo/Login Page/Internal User/Email Address'

2019-01-03 23:57:15 - [MESSAGE][PASSED] - Text 'johorrio1@gmail.com' is set on object 'Object Repository/Final Object Repo/Login Page/Internal User/Email Address'

2019-01-03 23:57:15 - [TEST_STEP][PASSED] - click: Object: 'Object Repository/Final Object Repo/Login Page/Internal User/Next Button' is clicked on

2019-01-03 23:57:15 - [MESSAGE][PASSED] - Object: 'Object Repository/Final Object Repo/Login Page/Internal User/Next Button' is clicked on

2019-01-03 23:57:15 - [TEST_STEP][PASSED] - delay: Delayed 1 second(s)

2019-01-03 23:57:16 - [MESSAGE][PASSED] - Delayed 1 second(s)

2019-01-03 23:57:16 - [TEST_STEP][PASSED] - setEncryptedText: Text ****** has been set on object 'Object Repository/Final Object Repo/Login Page/Internal User/Password'

2019-01-03 23:57:17 - [MESSAGE][PASSED] - Text ****** has been set on object 'Object Repository/Final Object Repo/Login Page/Internal User/Password'

2019-01-03 23:57:17 - [TEST_STEP][PASSED] - click: Object: 'Object Repository/Final Object Repo/Login Page/Internal User/Login Button' is clicked on

2019-01-03 23:57:17 - [MESSAGE][PASSED] - Object: 'Object Repository/Final Object Repo/Login Page/Internal User/Login Button' is clicked on

2019-01-03 23:57:17 - [TEST_STEP][PASSED] - delay: Delayed 2 second(s)

2019-01-03 23:57:19 - [MESSAGE][PASSED] - Delayed 2 second(s)

2019-01-03 23:57:19 - [TEST_STEP][PASSED] - Statement - Try: Delayed 2 second(s)

2019-01-03 23:57:19 - [TEST_STEP][PASSED] - Statement - Checker = false: null

2019-01-03 23:57:19 - [TEST_STEP][PASSED] - Statement - Checker = com.kms.katalon.core.webui.keyword.WebUiBuiltInKeywords.verifyElementHasAttribute(com.kms.katalon.core.testobject.ObjectRepository.findTestObject(Final Object Repo/Landing Page/BM Detecting), "href", 20, OPTIONAL): Object 'Object Repository/Final Object Repo/Landing Page/BM Detecting' has attribute 'href'

2019-01-03 23:57:19 - [MESSAGE][PASSED] - Object 'Object Repository/Final Object Repo/Landing Page/BM Detecting' has attribute 'href'

2019-01-03 23:57:19 - [TEST_STEP][PASSED] - Statement - out.println(Checker): null

2019-01-03 23:57:19 - [TEST_STEP][PASSED] - Statement - If (Checker == false): null

2019-01-03 23:57:19 - [TEST_STEP][PASSED] - Statement - Else: null

2019-01-03 23:57:19 - [TEST_STEP][PASSED] - delay: Delayed 2 second(s)

2019-01-03 23:57:21 - [MESSAGE][PASSED] - Delayed 2 second(s)

2019-01-03 23:57:21 - [TEST_STEP][PASSED] - click: Object: 'Object Repository/Final Object Repo/Page_MyASSIST - ASSIST - Search Pending Case For Add Supporting Document/Search Information' is clicked on

2019-01-03 23:57:21 - [MESSAGE][PASSED] - Object: 'Object Repository/Final Object Repo/Page_MyASSIST - ASSIST - Search Pending Case For Add Supporting Document/Search Information' is clicked on

2019-01-03 23:57:21 - [TEST_STEP][PASSED] - delay: Delayed 3 second(s)

2019-01-03 23:57:24 - [MESSAGE][PASSED] - Delayed 3 second(s)

2019-01-03 23:57:24 - [TEST_STEP][PASSED] - sendKeys: Keys 'SSN01201900001207' sent to object: 'Object Repository/Final Object Repo/Page_MyASSIST - ASSIST - Search Pending Case For Add Supporting Document/Reference No'

2019-01-03 23:57:24 - [MESSAGE][PASSED] - Keys 'SSN01201900001207' sent to object: 'Object Repository/Final Object Repo/Page_MyASSIST - ASSIST - Search Pending Case For Add Supporting Document/Reference No'

2019-01-03 23:57:24 - [TEST_STEP][PASSED] - click: Object: 'Object Repository/Final Object Repo/Page_MyASSIST - ASSIST - Search Pending Case For Add Supporting Document/Search Reference No' is clicked on

2019-01-03 23:57:24 - [MESSAGE][PASSED] - Object: 'Object Repository/Final Object Repo/Page_MyASSIST - ASSIST - Search Pending Case For Add Supporting Document/Search Reference No' is clicked on

2019-01-03 23:57:24 - [TEST_STEP][PASSED] - delay: Delayed 2 second(s)

2019-01-03 23:57:26 - [MESSAGE][PASSED] - Delayed 2 second(s)

2019-01-03 23:57:26 - [TEST_STEP][PASSED] - click: Object: 'Object Repository/Final Object Repo/Page_MyASSIST - ASSIST - Search Pending Case For Add Supporting Document/Continue' is clicked on

2019-01-03 23:57:33 - [MESSAGE][PASSED] - Object: 'Object Repository/Final Object Repo/Page_MyASSIST - ASSIST - Search Pending Case For Add Supporting Document/Continue' is clicked on

2019-01-03 23:57:33 - [TEST_STEP][PASSED] - delay: Delayed 20 second(s)

2019-01-03 23:57:53 - [MESSAGE][PASSED] - Delayed 20 second(s)

2019-01-03 23:57:53 - [MESSAGE][PASSED] - Call Test Case 'Test Cases/Final Aug 2018 - PKS Automation/Registration Module/Workflow/Login and Search Case For Workflow' successfully

2019-01-03 23:57:53 - [TEST_STEP][PASSED] - callTestCase: Call Test Case 'Test Cases/Final Aug 2018 - PKS Automation/Registration Module/Workflow/Request SSN/Template/Request SSN - RIO' successfully

2019-01-03 23:57:53 - [TEST_CASE][PASSED] - Test Cases/Final Aug 2018 - PKS Automation/Registration Module/Workflow/Request SSN/Template/Request SSN - RIO: Test Cases/Final Aug 2018 - PKS Automation/Registration Module/Workflow/Request SSN/Template/Request SSN - RIO

2019-01-03 23:57:53 - [TEST_STEP][NOT_RUN] - openBrowser: NOT_RUN: openBrowser

2019-01-03 23:57:53 - [MESSAGE][NOT_RUN] - NOT_RUN: openBrowser

2019-01-03 23:57:53 - [TEST_STEP][NOT_RUN] - navigateToUrl: NOT_RUN: navigateToUrl

2019-01-03 23:57:53 - [MESSAGE][NOT_RUN] - NOT_RUN: navigateToUrl

2019-01-03 23:57:53 - [TEST_STEP][NOT_RUN] - setText: NOT_RUN: setText

2019-01-03 23:57:53 - [MESSAGE][NOT_RUN] - NOT_RUN: setText

2019-01-03 23:57:53 - [TEST_STEP][NOT_RUN] - click: NOT_RUN: click

2019-01-03 23:57:53 - [MESSAGE][NOT_RUN] - NOT_RUN: click

2019-01-03 23:57:53 - [TEST_STEP][NOT_RUN] - delay: NOT_RUN: delay

2019-01-03 23:57:53 - [MESSAGE][NOT_RUN] - NOT_RUN: delay

2019-01-03 23:57:53 - [TEST_STEP][NOT_RUN] - setEncryptedText: NOT_RUN: setEncryptedText

2019-01-03 23:57:53 - [MESSAGE][NOT_RUN] - NOT_RUN: setEncryptedText

2019-01-03 23:57:53 - [TEST_STEP][NOT_RUN] - click: NOT_RUN: click

2019-01-03 23:57:53 - [MESSAGE][NOT_RUN] - NOT_RUN: click

2019-01-03 23:57:53 - [TEST_STEP][NOT_RUN] - delay: NOT_RUN: delay

2019-01-03 23:57:53 - [MESSAGE][NOT_RUN] - NOT_RUN: delay

2019-01-03 23:57:53 - [TEST_STEP][NOT_RUN] - click: NOT_RUN: click

2019-01-03 23:57:53 - [MESSAGE][NOT_RUN] - NOT_RUN: click

2019-01-03 23:57:53 - [TEST_STEP][NOT_RUN] - sendKeys: NOT_RUN: sendKeys

2019-01-03 23:57:53 - [MESSAGE][NOT_RUN] - NOT_RUN: sendKeys

2019-01-03 23:57:53 - [TEST_STEP][NOT_RUN] - click: NOT_RUN: click

2019-01-03 23:57:53 - [MESSAGE][NOT_RUN] - NOT_RUN: click

2019-01-03 23:57:53 - [TEST_STEP][NOT_RUN] - delay: NOT_RUN: delay

2019-01-03 23:57:53 - [MESSAGE][NOT_RUN] - NOT_RUN: delay

2019-01-03 23:57:53 - [TEST_STEP][NOT_RUN] - click: NOT_RUN: click

2019-01-03 23:57:53 - [MESSAGE][NOT_RUN] - NOT_RUN: click

2019-01-03 23:57:53 - [TEST_STEP][PASSED] - delay: Delayed 2 second(s)

2019-01-03 23:57:55 - [MESSAGE][PASSED] - Delayed 2 second(s)

2019-01-03 23:57:55 - [TEST_STEP][PASSED] - click: Object: 'Object Repository/Final Object Repo/Page_Request SSN - ASSIST/Page_Request SSN - ASSIST - RIO/Recommend For SSN' is clicked on

2019-01-03 23:57:56 - [MESSAGE][PASSED] - Object: 'Object Repository/Final Object Repo/Page_Request SSN - ASSIST/Page_Request SSN - ASSIST - RIO/Recommend For SSN' is clicked on

2019-01-03 23:57:56 - [TEST_STEP][PASSED] - click: Object: 'Object Repository/Final Object Repo/Page_Request SSN - ASSIST/Page_Request SSN - ASSIST - RIO/Recommend For SSN  - Yes' is clicked on

2019-01-03 23:57:56 - [MESSAGE][PASSED] - Object: 'Object Repository/Final Object Repo/Page_Request SSN - ASSIST/Page_Request SSN - ASSIST - RIO/Recommend For SSN  - Yes' is clicked on

2019-01-03 23:57:56 - [TEST_STEP][PASSED] - delay: Delayed 2 second(s)

2019-01-03 23:57:58 - [MESSAGE][PASSED] - Delayed 2 second(s)

2019-01-03 23:57:58 - [TEST_STEP][PASSED] - click: Object: 'Object Repository/Final Object Repo/Page_Request SSN - ASSIST/Page_Request SSN - ASSIST - RIO/Save  Continue in SSN page' is clicked on

2019-01-03 23:57:58 - [MESSAGE][PASSED] - Object: 'Object Repository/Final Object Repo/Page_Request SSN - ASSIST/Page_Request SSN - ASSIST - RIO/Save  Continue in SSN page' is clicked on

2019-01-03 23:57:58 - [TEST_STEP][PASSED] - delay: Delayed 2 second(s)

2019-01-03 23:58:00 - [MESSAGE][PASSED] - Delayed 2 second(s)

2019-01-03 23:58:00 - [TEST_STEP][PASSED] - click: Object: 'Object Repository/Final Object Repo/Page_Request SSN - ASSIST/Page_Request SSN - ASSIST - RIO/Save  Continue in Upload Document Page' is clicked on

2019-01-03 23:58:03 - [MESSAGE][PASSED] - Object: 'Object Repository/Final Object Repo/Page_Request SSN - ASSIST/Page_Request SSN - ASSIST - RIO/Save  Continue in Upload Document Page' is clicked on

2019-01-03 23:58:03 - [TEST_STEP][PASSED] - delay: Delayed 2 second(s)

2019-01-03 23:58:05 - [MESSAGE][PASSED] - Delayed 2 second(s)

2019-01-03 23:58:05 - [TEST_STEP][PASSED] - click: Object: 'Object Repository/Final Object Repo/Page_Request SSN - ASSIST/Page_Request SSN - ASSIST - RIO/Submit' is clicked on

2019-01-03 23:58:08 - [MESSAGE][PASSED] - Object: 'Object Repository/Final Object Repo/Page_Request SSN - ASSIST/Page_Request SSN - ASSIST - RIO/Submit' is clicked on

2019-01-03 23:58:08 - [TEST_STEP][PASSED] - delay: Delayed 2 second(s)

2019-01-03 23:58:10 - [MESSAGE][PASSED] - Delayed 2 second(s)

2019-01-03 23:58:10 - [TEST_STEP][PASSED] - click: Object: 'Object Repository/Final Object Repo/Page_Request SSN - ASSIST/Page_Request SSN - ASSIST - RIO/Confirm' is clicked on

2019-01-03 23:58:10 - [MESSAGE][PASSED] - Object: 'Object Repository/Final Object Repo/Page_Request SSN - ASSIST/Page_Request SSN - ASSIST - RIO/Confirm' is clicked on

2019-01-03 23:58:10 - [MESSAGE][PASSED] - Call Test Case 'Test Cases/Final Aug 2018 - PKS Automation/Registration Module/Workflow/Request SSN/Template/Request SSN - RIO' successfully

2019-01-03 23:58:10 - [TEST_STEP][PASSED] - delay: Delayed 2 second(s)

2019-01-03 23:58:12 - [MESSAGE][PASSED] - Delayed 2 second(s)

2019-01-03 23:58:12 - [TEST_STEP][PASSED] - navigateToUrl: Navigate to 'https://assist2-uat.perkeso.gov.my/c/portal/logout' successfully

2019-01-03 23:58:16 - [MESSAGE][PASSED] - Navigate to 'https://assist2-uat.perkeso.gov.my/c/portal/logout' successfully

2019-01-03 23:58:16 - [TEST_STEP][PASSED] - delay: Delayed 2 second(s)

2019-01-03 23:58:18 - [MESSAGE][PASSED] - Delayed 2 second(s)

2019-01-03 23:58:18 - [TEST_STEP][PASSED] - callTestCase: Call Test Case 'Test Cases/Final Aug 2018 - PKS Automation/Common/Workflow Owner Finder' successfully

2019-01-03 23:58:18 - [TEST_CASE][PASSED] - Test Cases/Final Aug 2018 - PKS Automation/Common/Workflow Owner Finder: Test Cases/Final Aug 2018 - PKS Automation/Common/Workflow Owner Finder

2019-01-03 23:58:18 - [TEST_STEP][PASSED] - openBrowser: Browser is opened with url: ''

2019-01-03 23:58:18 - [MESSAGE][WARNING] - A browser is already opened. Closing browser and opening a new one

2019-01-03 23:58:22 - [MESSAGE][PASSED] - Browser is opened with url: ''

2019-01-03 23:58:22 - [TEST_STEP][PASSED] - navigateToUrl: Navigate to 'https://assist2-uat.perkeso.gov.my/login' successfully

2019-01-03 23:58:23 - [MESSAGE][PASSED] - Navigate to 'https://assist2-uat.perkeso.gov.my/login' successfully

2019-01-03 23:58:23 - [TEST_STEP][PASSED] - delay: Delayed 5 second(s)

2019-01-03 23:58:28 - [MESSAGE][PASSED] - Delayed 5 second(s)

2019-01-03 23:58:28 - [TEST_STEP][PASSED] - setText: Text 'test@liferay.com' is set on object 'Object Repository/Final Object Repo/Login Page/Internal User/Email Address'

2019-01-03 23:58:28 - [MESSAGE][PASSED] - Text 'test@liferay.com' is set on object 'Object Repository/Final Object Repo/Login Page/Internal User/Email Address'

2019-01-03 23:58:28 - [TEST_STEP][PASSED] - click: Object: 'Object Repository/Final Object Repo/Login Page/Internal User/Next Button' is clicked on

2019-01-03 23:58:29 - [MESSAGE][PASSED] - Object: 'Object Repository/Final Object Repo/Login Page/Internal User/Next Button' is clicked on

2019-01-03 23:58:29 - [TEST_STEP][PASSED] - delay: Delayed 2 second(s)

2019-01-03 23:58:31 - [MESSAGE][PASSED] - Delayed 2 second(s)

2019-01-03 23:58:31 - [TEST_STEP][PASSED] - setText: Text 'test' is set on object 'Object Repository/Final Object Repo/Login Page/Internal User/Password'

2019-01-03 23:58:31 - [MESSAGE][PASSED] - Text 'test' is set on object 'Object Repository/Final Object Repo/Login Page/Internal User/Password'

2019-01-03 23:58:31 - [TEST_STEP][PASSED] - delay: Delayed 2 second(s)

2019-01-03 23:58:33 - [MESSAGE][PASSED] - Delayed 2 second(s)

2019-01-03 23:58:33 - [TEST_STEP][PASSED] - click: Object: 'Object Repository/Final Object Repo/Login Page/Internal User/Login Button' is clicked on

2019-01-03 23:58:33 - [MESSAGE][PASSED] - Object: 'Object Repository/Final Object Repo/Login Page/Internal User/Login Button' is clicked on

2019-01-03 23:58:33 - [TEST_STEP][PASSED] - Statement - tester = com.kms.katalon.core.testobject.ObjectRepository.findTestObject(Final Object Repo/Landing Page/Select to English): Finding Test Object with id 'Object Repository/Final Object Repo/Landing Page/Select to English'

2019-01-03 23:58:33 - [TEST_STEP][PASSED] - Statement - Try: Delayed 2 second(s)

2019-01-03 23:58:33 - [TEST_STEP][PASSED] - Statement - Checker = com.kms.katalon.core.webui.keyword.WebUiBuiltInKeywords.verifyElementNotPresent(tester, 3): Web element with id: 'Object Repository/Final Object Repo/Landing Page/Select to English' located by 'By.xpath: //a[@class = 'taglib-language-list-text' and @lang = 'en-US' and (contains(text(), 'EN') or contains(., 'EN'))]' is not present after '3' second(s)

2019-01-03 23:58:35 - [MESSAGE][PASSED] - Web element with id: 'Object Repository/Final Object Repo/Landing Page/Select to English' located by 'By.xpath: //a[@class = 'taglib-language-list-text' and @lang = 'en-US' and (contains(text(), 'EN') or contains(., 'EN'))]' is not present after '3' second(s)

2019-01-03 23:58:35 - [TEST_STEP][PASSED] - Statement - If (Checker == false): null

2019-01-03 23:58:35 - [TEST_STEP][PASSED] - delay: Delayed 2 second(s)

2019-01-03 23:58:37 - [MESSAGE][PASSED] - Delayed 2 second(s)

2019-01-03 23:58:37 - [TEST_STEP][PASSED] - delay: Delayed 5 second(s)

2019-01-03 23:58:42 - [MESSAGE][PASSED] - Delayed 5 second(s)

2019-01-03 23:58:42 - [TEST_STEP][PASSED] - mouseOver: Object: 'Object Repository/Final Object Repo/Landing Page/WorkFlow Menu' is hovered

2019-01-03 23:58:42 - [MESSAGE][PASSED] - Object: 'Object Repository/Final Object Repo/Landing Page/WorkFlow Menu' is hovered

2019-01-03 23:58:42 - [TEST_STEP][PASSED] - delay: Delayed 2 second(s)

2019-01-03 23:58:44 - [MESSAGE][PASSED] - Delayed 2 second(s)

2019-01-03 23:58:44 - [TEST_STEP][PASSED] - click: Object: 'Object Repository/Final Object Repo/Landing Page/Select to Workflow Listing' is clicked on

2019-01-03 23:58:45 - [MESSAGE][PASSED] - Object: 'Object Repository/Final Object Repo/Landing Page/Select to Workflow Listing' is clicked on

2019-01-03 23:58:45 - [TEST_STEP][PASSED] - delay: Delayed 2 second(s)

2019-01-03 23:58:47 - [MESSAGE][PASSED] - Delayed 2 second(s)

2019-01-03 23:58:47 - [TEST_STEP][PASSED] - click: Object: 'Object Repository/Final Object Repo/WorkFlow Listing Page/Search Information - To Put Ref No' is clicked on

2019-01-03 23:58:47 - [MESSAGE][PASSED] - Object: 'Object Repository/Final Object Repo/WorkFlow Listing Page/Search Information - To Put Ref No' is clicked on

2019-01-03 23:58:47 - [TEST_STEP][PASSED] - delay: Delayed 2 second(s)

2019-01-03 23:58:49 - [MESSAGE][PASSED] - Delayed 2 second(s)

2019-01-03 23:58:49 - [TEST_STEP][PASSED] - callTestCase: Call Test Case 'Test Cases/Final Aug 2018 - PKS Automation/Common/Reference Number Getter' successfully

2019-01-03 23:58:49 - [TEST_CASE][PASSED] - Test Cases/Final Aug 2018 - PKS Automation/Common/Reference Number Getter: Test Cases/Final Aug 2018 - PKS Automation/Common/Reference Number Getter

2019-01-03 23:58:49 - [TEST_STEP][PASSED] - Statement - Try: null

2019-01-03 23:58:49 - [TEST_STEP][PASSED] - Statement - RefNo = new java.io.File(C://Users//Admin//Desktop//PKS//Automation Reference Point//KatalonReference.txt): null

2019-01-03 23:58:49 - [TEST_STEP][PASSED] - Statement - bufferread = new java.io.BufferedReader(new java.io.FileReader(RefNo)): null

2019-01-03 23:58:49 - [TEST_STEP][PASSED] - Statement - readedVal = bufferread.readLine(): null

2019-01-03 23:58:49 - [TEST_STEP][PASSED] - Statement - out.println(CaseReferenceNo): null

2019-01-03 23:58:49 - [TEST_STEP][PASSED] - Statement - out.println(readedVal): null

2019-01-03 23:58:49 - [TEST_STEP][PASSED] - Statement - CaseReferenceNo = "": null

2019-01-03 23:58:49 - [TEST_STEP][PASSED] - Statement - CaseReferenceNo = readedVal: null

2019-01-03 23:58:49 - [MESSAGE][PASSED] - Call Test Case 'Test Cases/Final Aug 2018 - PKS Automation/Common/Reference Number Getter' successfully

2019-01-03 23:58:49 - [TEST_STEP][PASSED] - setText: Text 'SSN01201900001207' is set on object 'Object Repository/Final Object Repo/WorkFlow Listing Page/Ref No Set Text'

2019-01-03 23:58:50 - [MESSAGE][PASSED] - Text 'SSN01201900001207' is set on object 'Object Repository/Final Object Repo/WorkFlow Listing Page/Ref No Set Text'

2019-01-03 23:58:50 - [TEST_STEP][PASSED] - delay: Delayed 2 second(s)

2019-01-03 23:58:52 - [MESSAGE][PASSED] - Delayed 2 second(s)

2019-01-03 23:58:52 - [TEST_STEP][PASSED] - click: Object: 'Object Repository/Final Object Repo/WorkFlow Listing Page/Search Ref No Search Button' is clicked on

2019-01-03 23:58:52 - [MESSAGE][PASSED] - Object: 'Object Repository/Final Object Repo/WorkFlow Listing Page/Search Ref No Search Button' is clicked on

2019-01-03 23:58:52 - [TEST_STEP][PASSED] - delay: Delayed 6 second(s)

2019-01-03 23:58:58 - [MESSAGE][PASSED] - Delayed 6 second(s)

2019-01-03 23:58:58 - [TEST_STEP][PASSED] - click: Object: 'Object Repository/Final Object Repo/WorkFlow Listing Page/Click Continue Tooltip' is clicked on

2019-01-03 23:58:59 - [MESSAGE][PASSED] - Object: 'Object Repository/Final Object Repo/WorkFlow Listing Page/Click Continue Tooltip' is clicked on

2019-01-03 23:58:59 - [TEST_STEP][PASSED] - delay: Delayed 5 second(s)

2019-01-03 23:59:04 - [MESSAGE][PASSED] - Delayed 5 second(s)

2019-01-03 23:59:04 - [TEST_STEP][PASSED] - doubleClick: Object: 'Object Repository/Final Object Repo/WorkFlow Listing Page/Workflow Found - Listing 1' is double clicked on

2019-01-03 23:59:04 - [MESSAGE][PASSED] - Object: 'Object Repository/Final Object Repo/WorkFlow Listing Page/Workflow Found - Listing 1' is double clicked on

2019-01-03 23:59:04 - [TEST_STEP][PASSED] - Statement - println(OwnerID): null

2019-01-03 23:59:04 - [TEST_STEP][PASSED] - Statement - OwnerID = com.kms.katalon.core.webui.keyword.WebUiBuiltInKeywords.getText(com.kms.katalon.core.testobject.ObjectRepository.findTestObject(Final Object Repo/WorkFlow Listing Page/Workflow Found - Listing 1), STOP_ON_FAILURE): Text of object 'Object Repository/Final Object Repo/WorkFlow Listing Page/Workflow Found - Listing 1' is: 'JOHORro2'

2019-01-03 23:59:04 - [MESSAGE][PASSED] - Text of object 'Object Repository/Final Object Repo/WorkFlow Listing Page/Workflow Found - Listing 1' is: 'JOHORro2'

2019-01-03 23:59:04 - [TEST_STEP][PASSED] - Statement - OwnerID = OwnerID.toLowerCase() + "@gmail.com": null

2019-01-03 23:59:04 - [TEST_STEP][PASSED] - Statement - println(OwnerID): null

2019-01-03 23:59:04 - [TEST_STEP][PASSED] - delay: Delayed 2 second(s)

2019-01-03 23:59:06 - [MESSAGE][PASSED] - Delayed 2 second(s)

2019-01-03 23:59:06 - [MESSAGE][PASSED] - Call Test Case 'Test Cases/Final Aug 2018 - PKS Automation/Common/Workflow Owner Finder' successfully

2019-01-03 23:59:06 - [TEST_STEP][PASSED] - delay: Delayed 2 second(s)

2019-01-03 23:59:08 - [MESSAGE][PASSED] - Delayed 2 second(s)

2019-01-03 23:59:08 - [TEST_STEP][PASSED] - navigateToUrl: Navigate to 'https://assist2-uat.perkeso.gov.my/c/portal/logout' successfully

2019-01-03 23:59:09 - [MESSAGE][PASSED] - Navigate to 'https://assist2-uat.perkeso.gov.my/c/portal/logout' successfully

2019-01-03 23:59:09 - [TEST_STEP][PASSED] - delay: Delayed 2 second(s)

2019-01-03 23:59:11 - [MESSAGE][PASSED] - Delayed 2 second(s)

2019-01-03 23:59:11 - [TEST_STEP][PASSED] - callTestCase: Call Test Case 'Test Cases/Final Aug 2018 - PKS Automation/Registration Module/Workflow/Login and Search Case For Workflow' successfully

2019-01-03 23:59:11 - [TEST_CASE][PASSED] - Test Cases/Final Aug 2018 - PKS Automation/Registration Module/Workflow/Login and Search Case For Workflow: Test Cases/Final Aug 2018 - PKS Automation/Registration Module/Workflow/Login and Search Case For Workflow

2019-01-03 23:59:11 - [TEST_STEP][PASSED] - navigateToUrl: Navigate to 'https://assist2-uat.perkeso.gov.my/login' successfully

2019-01-03 23:59:11 - [MESSAGE][PASSED] - Navigate to 'https://assist2-uat.perkeso.gov.my/login' successfully

2019-01-03 23:59:11 - [TEST_STEP][PASSED] - setText: Text 'johorro2@gmail.com' is set on object 'Object Repository/Final Object Repo/Login Page/Internal User/Email Address'

2019-01-03 23:59:12 - [MESSAGE][PASSED] - Text 'johorro2@gmail.com' is set on object 'Object Repository/Final Object Repo/Login Page/Internal User/Email Address'

2019-01-03 23:59:12 - [TEST_STEP][PASSED] - click: Object: 'Object Repository/Final Object Repo/Login Page/Internal User/Next Button' is clicked on

2019-01-03 23:59:12 - [MESSAGE][PASSED] - Object: 'Object Repository/Final Object Repo/Login Page/Internal User/Next Button' is clicked on

2019-01-03 23:59:12 - [TEST_STEP][PASSED] - delay: Delayed 1 second(s)

2019-01-03 23:59:13 - [MESSAGE][PASSED] - Delayed 1 second(s)

2019-01-03 23:59:13 - [TEST_STEP][PASSED] - setEncryptedText: Text ****** has been set on object 'Object Repository/Final Object Repo/Login Page/Internal User/Password'

2019-01-03 23:59:13 - [MESSAGE][PASSED] - Text ****** has been set on object 'Object Repository/Final Object Repo/Login Page/Internal User/Password'

2019-01-03 23:59:13 - [TEST_STEP][PASSED] - click: Object: 'Object Repository/Final Object Repo/Login Page/Internal User/Login Button' is clicked on

2019-01-03 23:59:13 - [MESSAGE][PASSED] - Object: 'Object Repository/Final Object Repo/Login Page/Internal User/Login Button' is clicked on

2019-01-03 23:59:13 - [TEST_STEP][PASSED] - delay: Delayed 2 second(s)

2019-01-03 23:59:15 - [MESSAGE][PASSED] - Delayed 2 second(s)

2019-01-03 23:59:15 - [TEST_STEP][PASSED] - Statement - Try: Delayed 2 second(s)

2019-01-03 23:59:15 - [TEST_STEP][PASSED] - Statement - Checker = false: null

2019-01-03 23:59:15 - [TEST_STEP][PASSED] - Statement - Checker = com.kms.katalon.core.webui.keyword.WebUiBuiltInKeywords.verifyElementHasAttribute(com.kms.katalon.core.testobject.ObjectRepository.findTestObject(Final Object Repo/Landing Page/BM Detecting), "href", 20, OPTIONAL): Object 'Object Repository/Final Object Repo/Landing Page/BM Detecting' has attribute 'href'

2019-01-03 23:59:16 - [MESSAGE][PASSED] - Object 'Object Repository/Final Object Repo/Landing Page/BM Detecting' has attribute 'href'

2019-01-03 23:59:16 - [TEST_STEP][PASSED] - Statement - out.println(Checker): null

2019-01-03 23:59:16 - [TEST_STEP][PASSED] - Statement - If (Checker == false): null

2019-01-03 23:59:16 - [TEST_STEP][PASSED] - Statement - Else: null

2019-01-03 23:59:16 - [TEST_STEP][PASSED] - delay: Delayed 2 second(s)

2019-01-03 23:59:18 - [MESSAGE][PASSED] - Delayed 2 second(s)

2019-01-03 23:59:18 - [TEST_STEP][PASSED] - click: Object: 'Object Repository/Final Object Repo/Page_MyASSIST - ASSIST - Search Pending Case For Add Supporting Document/Search Information' is clicked on

2019-01-03 23:59:19 - [MESSAGE][PASSED] - Object: 'Object Repository/Final Object Repo/Page_MyASSIST - ASSIST - Search Pending Case For Add Supporting Document/Search Information' is clicked on

2019-01-03 23:59:19 - [TEST_STEP][PASSED] - delay: Delayed 3 second(s)

2019-01-03 23:59:22 - [MESSAGE][PASSED] - Delayed 3 second(s)

2019-01-03 23:59:22 - [TEST_STEP][PASSED] - sendKeys: Keys 'SSN01201900001207' sent to object: 'Object Repository/Final Object Repo/Page_MyASSIST - ASSIST - Search Pending Case For Add Supporting Document/Reference No'

2019-01-03 23:59:22 - [MESSAGE][PASSED] - Keys 'SSN01201900001207' sent to object: 'Object Repository/Final Object Repo/Page_MyASSIST - ASSIST - Search Pending Case For Add Supporting Document/Reference No'

2019-01-03 23:59:22 - [TEST_STEP][PASSED] - click: Object: 'Object Repository/Final Object Repo/Page_MyASSIST - ASSIST - Search Pending Case For Add Supporting Document/Search Reference No' is clicked on

2019-01-03 23:59:22 - [MESSAGE][PASSED] - Object: 'Object Repository/Final Object Repo/Page_MyASSIST - ASSIST - Search Pending Case For Add Supporting Document/Search Reference No' is clicked on

2019-01-03 23:59:22 - [TEST_STEP][PASSED] - delay: Delayed 2 second(s)

2019-01-03 23:59:24 - [MESSAGE][PASSED] - Delayed 2 second(s)

2019-01-03 23:59:24 - [TEST_STEP][PASSED] - click: Object: 'Object Repository/Final Object Repo/Page_MyASSIST - ASSIST - Search Pending Case For Add Supporting Document/Continue' is clicked on

2019-01-03 23:59:31 - [MESSAGE][PASSED] - Object: 'Object Repository/Final Object Repo/Page_MyASSIST - ASSIST - Search Pending Case For Add Supporting Document/Continue' is clicked on

2019-01-03 23:59:31 - [TEST_STEP][PASSED] - delay: Delayed 20 second(s)

2019-01-03 23:59:51 - [MESSAGE][PASSED] - Delayed 20 second(s)

2019-01-03 23:59:51 - [MESSAGE][PASSED] - Call Test Case 'Test Cases/Final Aug 2018 - PKS Automation/Registration Module/Workflow/Login and Search Case For Workflow' successfully

2019-01-03 23:59:51 - [TEST_STEP][PASSED] - callTestCase: Call Test Case 'Test Cases/Final Aug 2018 - PKS Automation/Registration Module/Workflow/Request SSN/Template/Request SSN - RO (Under enforcement)' successfully

2019-01-03 23:59:51 - [TEST_CASE][PASSED] - Test Cases/Final Aug 2018 - PKS Automation/Registration Module/Workflow/Request SSN/Template/Request SSN - RO (Under enforcement): Test Cases/Final Aug 2018 - PKS Automation/Registration Module/Workflow/Request SSN/Template/Request SSN - RO (Under enforcement)

2019-01-03 23:59:51 - [TEST_STEP][NOT_RUN] - openBrowser: NOT_RUN: openBrowser

2019-01-03 23:59:51 - [MESSAGE][NOT_RUN] - NOT_RUN: openBrowser

2019-01-03 23:59:51 - [TEST_STEP][NOT_RUN] - navigateToUrl: NOT_RUN: navigateToUrl

2019-01-03 23:59:51 - [MESSAGE][NOT_RUN] - NOT_RUN: navigateToUrl

2019-01-03 23:59:51 - [TEST_STEP][NOT_RUN] - setText: NOT_RUN: setText

2019-01-03 23:59:51 - [MESSAGE][NOT_RUN] - NOT_RUN: setText

2019-01-03 23:59:51 - [TEST_STEP][NOT_RUN] - click: NOT_RUN: click

2019-01-03 23:59:51 - [MESSAGE][NOT_RUN] - NOT_RUN: click

2019-01-03 23:59:51 - [TEST_STEP][NOT_RUN] - delay: NOT_RUN: delay

2019-01-03 23:59:51 - [MESSAGE][NOT_RUN] - NOT_RUN: delay

2019-01-03 23:59:51 - [TEST_STEP][NOT_RUN] - setEncryptedText: NOT_RUN: setEncryptedText

2019-01-03 23:59:51 - [MESSAGE][NOT_RUN] - NOT_RUN: setEncryptedText

2019-01-03 23:59:51 - [TEST_STEP][NOT_RUN] - click: NOT_RUN: click

2019-01-03 23:59:51 - [MESSAGE][NOT_RUN] - NOT_RUN: click

2019-01-03 23:59:51 - [TEST_STEP][NOT_RUN] - delay: NOT_RUN: delay

2019-01-03 23:59:51 - [MESSAGE][NOT_RUN] - NOT_RUN: delay

2019-01-03 23:59:51 - [TEST_STEP][NOT_RUN] - click: NOT_RUN: click

2019-01-03 23:59:51 - [MESSAGE][NOT_RUN] - NOT_RUN: click

2019-01-03 23:59:51 - [TEST_STEP][NOT_RUN] - delay: NOT_RUN: delay

2019-01-03 23:59:51 - [MESSAGE][NOT_RUN] - NOT_RUN: delay

2019-01-03 23:59:51 - [TEST_STEP][NOT_RUN] - sendKeys: NOT_RUN: sendKeys

2019-01-03 23:59:51 - [MESSAGE][NOT_RUN] - NOT_RUN: sendKeys

2019-01-03 23:59:51 - [TEST_STEP][NOT_RUN] - click: NOT_RUN: click

2019-01-03 23:59:51 - [MESSAGE][NOT_RUN] - NOT_RUN: click

2019-01-03 23:59:51 - [TEST_STEP][NOT_RUN] - delay: NOT_RUN: delay

2019-01-03 23:59:51 - [MESSAGE][NOT_RUN] - NOT_RUN: delay

2019-01-03 23:59:51 - [TEST_STEP][NOT_RUN] - click: NOT_RUN: click

2019-01-03 23:59:51 - [MESSAGE][NOT_RUN] - NOT_RUN: click

2019-01-03 23:59:51 - [TEST_STEP][PASSED] - click: Object: 'Object Repository/Final Object Repo/Page_Request SSN - ASSIST/Page_Request SSN - ASSIST - RO/Approval For SSN' is clicked on

2019-01-03 23:59:51 - [MESSAGE][PASSED] - Object: 'Object Repository/Final Object Repo/Page_Request SSN - ASSIST/Page_Request SSN - ASSIST - RO/Approval For SSN' is clicked on

2019-01-03 23:59:51 - [TEST_STEP][PASSED] - click: Object: 'Object Repository/Final Object Repo/Page_Request SSN - ASSIST/Page_Request SSN - ASSIST - RO/Approval For SSN - Approve' is clicked on

2019-01-03 23:59:52 - [MESSAGE][PASSED] - Object: 'Object Repository/Final Object Repo/Page_Request SSN - ASSIST/Page_Request SSN - ASSIST - RO/Approval For SSN - Approve' is clicked on

2019-01-03 23:59:52 - [TEST_STEP][PASSED] - delay: Delayed 2 second(s)

2019-01-03 23:59:54 - [MESSAGE][PASSED] - Delayed 2 second(s)

2019-01-03 23:59:54 - [TEST_STEP][PASSED] - click: Object: 'Object Repository/Final Object Repo/Page_Request SSN - ASSIST/Page_Request SSN - ASSIST - RO/Save  Continue in SSN Page' is clicked on

2019-01-03 23:59:54 - [MESSAGE][PASSED] - Object: 'Object Repository/Final Object Repo/Page_Request SSN - ASSIST/Page_Request SSN - ASSIST - RO/Save  Continue in SSN Page' is clicked on

2019-01-03 23:59:54 - [TEST_STEP][PASSED] - delay: Delayed 2 second(s)

2019-01-03 23:59:56 - [MESSAGE][PASSED] - Delayed 2 second(s)

2019-01-03 23:59:56 - [TEST_STEP][PASSED] - click: Object: 'Object Repository/Final Object Repo/Page_Request SSN - ASSIST/Page_Request SSN - ASSIST - RO/Save  Continue in Uploading Document Page' is clicked on

2019-01-03 23:59:59 - [MESSAGE][PASSED] - Object: 'Object Repository/Final Object Repo/Page_Request SSN - ASSIST/Page_Request SSN - ASSIST - RO/Save  Continue in Uploading Document Page' is clicked on

2019-01-03 23:59:59 - [TEST_STEP][PASSED] - delay: Delayed 2 second(s)

2019-01-04 00:00:01 - [MESSAGE][PASSED] - Delayed 2 second(s)

2019-01-04 00:00:01 - [TEST_STEP][PASSED] - click: Object: 'Object Repository/Final Object Repo/Page_Request SSN - ASSIST/Page_Request SSN - ASSIST - RO/Page_Request SSN - ASSIST (Under enforcement)/Under Enforcement' is clicked on

2019-01-04 00:00:03 - [MESSAGE][PASSED] - Object: 'Object Repository/Final Object Repo/Page_Request SSN - ASSIST/Page_Request SSN - ASSIST - RO/Page_Request SSN - ASSIST (Under enforcement)/Under Enforcement' is clicked on

2019-01-04 00:00:03 - [TEST_STEP][PASSED] - delay: Delayed 2 second(s)

2019-01-04 00:00:05 - [MESSAGE][PASSED] - Delayed 2 second(s)

2019-01-04 00:00:05 - [TEST_STEP][PASSED] - sendKeys: Keys 'Remark' sent to object: 'Object Repository/Final Object Repo/Page_Request SSN - ASSIST/Page_Request SSN - ASSIST - RO/Page_Request SSN - ASSIST (Under enforcement)/Under Endorcement - Remark'

2019-01-04 00:00:06 - [MESSAGE][PASSED] - Keys 'Remark' sent to object: 'Object Repository/Final Object Repo/Page_Request SSN - ASSIST/Page_Request SSN - ASSIST - RO/Page_Request SSN - ASSIST (Under enforcement)/Under Endorcement - Remark'

2019-01-04 00:00:06 - [TEST_STEP][PASSED] - delay: Delayed 2 second(s)

2019-01-04 00:00:08 - [MESSAGE][PASSED] - Delayed 2 second(s)

2019-01-04 00:00:08 - [TEST_STEP][PASSED] - click: Object: 'Object Repository/Final Object Repo/Page_Request SSN - ASSIST/Page_Request SSN - ASSIST - RO/Page_Request SSN - ASSIST (Under enforcement)/Save  Continue in Under Enforcement Page' is clicked on

2019-01-04 00:00:08 - [MESSAGE][PASSED] - Object: 'Object Repository/Final Object Repo/Page_Request SSN - ASSIST/Page_Request SSN - ASSIST - RO/Page_Request SSN - ASSIST (Under enforcement)/Save  Continue in Under Enforcement Page' is clicked on

2019-01-04 00:00:08 - [TEST_STEP][PASSED] - delay: Delayed 2 second(s)

2019-01-04 00:00:10 - [MESSAGE][PASSED] - Delayed 2 second(s)

2019-01-04 00:00:10 - [TEST_STEP][PASSED] - verifyElementVisible: Object 'Object Repository/Final Object Repo/Page_Request SSN - ASSIST/Page_Request SSN - ASSIST - RO/Page_Request SSN - ASSIST (Under enforcement)/Message The case is under enforceme' is visible

2019-01-04 00:00:14 - [MESSAGE][PASSED] - Object 'Object Repository/Final Object Repo/Page_Request SSN - ASSIST/Page_Request SSN - ASSIST - RO/Page_Request SSN - ASSIST (Under enforcement)/Message The case is under enforceme' is visible

2019-01-04 00:00:14 - [TEST_STEP][PASSED] - delay: Delayed 2 second(s)

2019-01-04 00:00:16 - [MESSAGE][PASSED] - Delayed 2 second(s)

2019-01-04 00:00:16 - [TEST_STEP][PASSED] - click: Object: 'Object Repository/Final Object Repo/Page_Request SSN - ASSIST/Page_Request SSN - ASSIST - RO/Page_Request SSN - ASSIST (Under enforcement)/OK' is clicked on

2019-01-04 00:00:17 - [MESSAGE][PASSED] - Object: 'Object Repository/Final Object Repo/Page_Request SSN - ASSIST/Page_Request SSN - ASSIST - RO/Page_Request SSN - ASSIST (Under enforcement)/OK' is clicked on

2019-01-04 00:00:17 - [MESSAGE][PASSED] - Call Test Case 'Test Cases/Final Aug 2018 - PKS Automation/Registration Module/Workflow/Request SSN/Template/Request SSN - RO (Under enforcement)' successfully

2019-01-04 00:00:17 - [MESSAGE][PASSED] - Call Test Case 'Test Cases/Final Aug 2018 - PKS Automation/Registration Module/Workflow/Request SSN/Template/Request SSN RIO - RO (Under Enforcement)' successfully]]></system-out>
         <system-err><![CDATA[]]></system-err>
      </testcase>
      <system-out><![CDATA[2019-01-03 23:21:00 - [TEST_SUITE][PASSED] - Request SSN: Test Cases/Final Aug 2018 - PKS Automation/Registration Module/Workflow/Request SSN/PKRBO - RIO - RO (Under enforcement)]]></system-out>
      <system-err><![CDATA[]]></system-err>
   </testsuite>
</testsuites>
