<?xml version="1.0" encoding="UTF-8"?>
<testsuites name="Request SSN" time="2170" tests="4" failures="1" errors="1">
   <testsuite name="Request SSN" tests="4" failures="1" errors="1" time="2170" timestamp="2018-12-05 15:29:49" hostname="Admin - Win7Test02" id="Test Suites/Workflow/Request SSN">
      <properties>
         <property name="deviceName" value=""/>
         <property name="devicePlatform" value=""/>
         <property name="logFolder" value="C:\\Users\\Admin\\Desktop\\PKS\\Perkeso Phase A\\Reports\\Workflow\\Request SSN\\20181205_152946"/>
         <property name="logFiles" value="C:\\Users\\Admin\\Desktop\\PKS\\Perkeso Phase A\\Reports\\Workflow\\Request SSN\\20181205_152946\\execution0.log"/>
         <property name="attachments" value="C:\\Users\\Admin\\Desktop\\PKS\\Perkeso Phase A\\Reports\\Workflow\\Request SSN\\20181205_152946\\1543995182526.png"/>
         <property name="hostName" value="Admin - Win7Test02"/>
         <property name="os" value="Windows 7 64bit"/>
         <property name="katalonVersion" value="5.8.6.1"/>
         <property name="browser" value="Chrome 70.0.3538.110"/>
         <property name="hostAddress" value="10.20.3.72"/>
         <property name="sessionId" value="26b0b41eb2d66bc95372a5c1eadb8fe3"/>
         <property name="seleniumVersion" value="3.7.1"/>
         <property name="proxyInformation" value="ProxyInformation{proxyOption=NO_PROXY, proxyServerType=HTTP, password=, proxyServerAddress=, proxyServerPort=0}"/>
         <property name="platform" value="Windows 7"/>
      </properties>
      <testcase name="Test Cases/Final Aug 2018 - PKS Automation/Registration Module/Workflow/Request SSN/OTC - RIO - RO (Approve)" classname="Test Cases/Final Aug 2018 - PKS Automation/Registration Module/Workflow/Request SSN/OTC - RIO - RO (Approve)" status="FAILED">
         <failure type="FAILED" message="(Stack trace: com.kms.katalon.core.exception.StepFailedException: Unable to click on object 'Object Repository/Final Object Repo/Page_MyASSIST - ASSIST - Search Pending Case For Add Supporting Document/Continue' (Root cause: com.kms.katalon.core.webui.exception.WebElementNotFoundException: Web element with id: 'Object Repository/Final Object Repo/Page_MyASSIST - ASSIST - Search Pending Case For Add Supporting Document/Continue' located by 'By.xpath: //i[@data-original-title = 'Continue']' not found)
	at com.kms.katalon.core.keyword.internal.KeywordMain.stepFailed(KeywordMain.groovy:32)
	at com.kms.katalon.core.webui.keyword.internal.WebUIKeywordMain.stepFailed(WebUIKeywordMain.groovy:65)
	at com.kms.katalon.core.webui.keyword.internal.WebUIKeywordMain.runKeyword(WebUIKeywordMain.groovy:27)
	at com.kms.katalon.core.webui.keyword.builtin.ClickKeyword.click(ClickKeyword.groovy:86)
	at com.kms.katalon.core.webui.keyword.builtin.ClickKeyword.execute(ClickKeyword.groovy:67)
	at com.kms.katalon.core.keyword.internal.KeywordExecutor.executeKeywordForPlatform(KeywordExecutor.groovy:53)
	at com.kms.katalon.core.webui.keyword.WebUiBuiltInKeywords.click(WebUiBuiltInKeywords.groovy:616)
	at com.kms.katalon.core.webui.keyword.WebUiBuiltInKeywords$click$2.call(Unknown Source)
	at org.codehaus.groovy.runtime.callsite.CallSiteArray.defaultCall(CallSiteArray.java:48)
	at org.codehaus.groovy.runtime.callsite.AbstractCallSite.call(AbstractCallSite.java:113)
	at org.codehaus.groovy.runtime.callsite.AbstractCallSite.call(AbstractCallSite.java:125)
	at Script1536896984070.run(Script1536896984070.groovy:66)
	at com.kms.katalon.core.main.ScriptEngine.run(ScriptEngine.java:183)
	at com.kms.katalon.core.main.ScriptEngine.runScriptAsRawText(ScriptEngine.java:108)
	at com.kms.katalon.core.main.TestCaseExecutor.runScript(TestCaseExecutor.java:294)
	at com.kms.katalon.core.main.TestCaseExecutor.doExecute(TestCaseExecutor.java:285)
	at com.kms.katalon.core.main.TestCaseExecutor.processExecutionPhase(TestCaseExecutor.java:264)
	at com.kms.katalon.core.main.TestCaseExecutor.accessMainPhase(TestCaseExecutor.java:256)
	at com.kms.katalon.core.main.TestCaseExecutor.execute(TestCaseExecutor.java:200)
	at com.kms.katalon.core.main.TestCaseMain.runTestCase(TestCaseMain.java:99)
	at com.kms.katalon.core.keyword.builtin.CallTestCaseKeyword$_callTestCase_closure1.doCall(CallTestCaseKeyword.groovy:60)
	at com.kms.katalon.core.keyword.builtin.CallTestCaseKeyword$_callTestCase_closure1.call(CallTestCaseKeyword.groovy)
	at com.kms.katalon.core.keyword.internal.KeywordMain.runKeyword(KeywordMain.groovy:54)
	at com.kms.katalon.core.keyword.builtin.CallTestCaseKeyword.callTestCase(CallTestCaseKeyword.groovy:81)
	at com.kms.katalon.core.keyword.builtin.CallTestCaseKeyword.execute(CallTestCaseKeyword.groovy:45)
	at com.kms.katalon.core.keyword.internal.KeywordExecutor.executeKeywordForPlatform(KeywordExecutor.groovy:53)
	at com.kms.katalon.core.keyword.BuiltinKeywords.callTestCase(BuiltinKeywords.groovy:334)
	at sun.reflect.NativeMethodAccessorImpl.invoke0(Native Method)
	at sun.reflect.NativeMethodAccessorImpl.invoke(NativeMethodAccessorImpl.java:62)
	at sun.reflect.DelegatingMethodAccessorImpl.invoke(DelegatingMethodAccessorImpl.java:43)
	at java.lang.reflect.Method.invoke(Method.java:498)
	at org.codehaus.groovy.reflection.CachedMethod.invoke(CachedMethod.java:93)
	at groovy.lang.MetaMethod.doMethodInvoke(MetaMethod.java:325)
	at groovy.lang.MetaClassImpl.invokeStaticMethod(MetaClassImpl.java:1469)
	at org.codehaus.groovy.runtime.callsite.StaticMetaClassSite.call(StaticMetaClassSite.java:53)
	at org.codehaus.groovy.runtime.callsite.CallSiteArray.defaultCall(CallSiteArray.java:48)
	at org.codehaus.groovy.runtime.callsite.AbstractCallSite.call(AbstractCallSite.java:113)
	at org.codehaus.groovy.runtime.callsite.AbstractCallSite.call(AbstractCallSite.java:141)
	at Script1537865992110.run(Script1537865992110.groovy:39)
	at com.kms.katalon.core.main.ScriptEngine.run(ScriptEngine.java:183)
	at com.kms.katalon.core.main.ScriptEngine.runScriptAsRawText(ScriptEngine.java:108)
	at com.kms.katalon.core.main.TestCaseExecutor.runScript(TestCaseExecutor.java:294)
	at com.kms.katalon.core.main.TestCaseExecutor.doExecute(TestCaseExecutor.java:285)
	at com.kms.katalon.core.main.TestCaseExecutor.processExecutionPhase(TestCaseExecutor.java:264)
	at com.kms.katalon.core.main.TestCaseExecutor.accessMainPhase(TestCaseExecutor.java:256)
	at com.kms.katalon.core.main.TestCaseExecutor.execute(TestCaseExecutor.java:200)
	at com.kms.katalon.core.main.TestCaseMain.runTestCase(TestCaseMain.java:99)
	at com.kms.katalon.core.keyword.builtin.CallTestCaseKeyword$_callTestCase_closure1.doCall(CallTestCaseKeyword.groovy:60)
	at com.kms.katalon.core.keyword.builtin.CallTestCaseKeyword$_callTestCase_closure1.call(CallTestCaseKeyword.groovy)
	at com.kms.katalon.core.keyword.internal.KeywordMain.runKeyword(KeywordMain.groovy:54)
	at com.kms.katalon.core.keyword.builtin.CallTestCaseKeyword.callTestCase(CallTestCaseKeyword.groovy:81)
	at com.kms.katalon.core.keyword.builtin.CallTestCaseKeyword.execute(CallTestCaseKeyword.groovy:45)
	at com.kms.katalon.core.keyword.internal.KeywordExecutor.executeKeywordForPlatform(KeywordExecutor.groovy:53)
	at com.kms.katalon.core.keyword.BuiltinKeywords.callTestCase(BuiltinKeywords.groovy:334)
	at sun.reflect.NativeMethodAccessorImpl.invoke0(Native Method)
	at sun.reflect.NativeMethodAccessorImpl.invoke(NativeMethodAccessorImpl.java:62)
	at sun.reflect.DelegatingMethodAccessorImpl.invoke(DelegatingMethodAccessorImpl.java:43)
	at java.lang.reflect.Method.invoke(Method.java:498)
	at org.codehaus.groovy.reflection.CachedMethod.invoke(CachedMethod.java:93)
	at groovy.lang.MetaMethod.doMethodInvoke(MetaMethod.java:325)
	at groovy.lang.MetaClassImpl.invokeStaticMethod(MetaClassImpl.java:1469)
	at org.codehaus.groovy.runtime.callsite.StaticMetaClassSite.call(StaticMetaClassSite.java:53)
	at org.codehaus.groovy.runtime.callsite.CallSiteArray.defaultCall(CallSiteArray.java:48)
	at org.codehaus.groovy.runtime.callsite.AbstractCallSite.call(AbstractCallSite.java:113)
	at org.codehaus.groovy.runtime.callsite.AbstractCallSite.call(AbstractCallSite.java:141)
	at Script1536300508581.run(Script1536300508581.groovy:26)
	at com.kms.katalon.core.main.ScriptEngine.run(ScriptEngine.java:183)
	at com.kms.katalon.core.main.ScriptEngine.runScriptAsRawText(ScriptEngine.java:108)
	at com.kms.katalon.core.main.TestCaseExecutor.runScript(TestCaseExecutor.java:294)
	at com.kms.katalon.core.main.TestCaseExecutor.doExecute(TestCaseExecutor.java:285)
	at com.kms.katalon.core.main.TestCaseExecutor.processExecutionPhase(TestCaseExecutor.java:264)
	at com.kms.katalon.core.main.TestCaseExecutor.accessMainPhase(TestCaseExecutor.java:256)
	at com.kms.katalon.core.main.TestCaseExecutor.execute(TestCaseExecutor.java:200)
	at com.kms.katalon.core.main.TestSuiteExecutor.accessTestCaseMainPhase(TestSuiteExecutor.java:129)
	at com.kms.katalon.core.main.TestSuiteExecutor.accessTestSuiteMainPhase(TestSuiteExecutor.java:112)
	at com.kms.katalon.core.main.TestSuiteExecutor.execute(TestSuiteExecutor.java:81)
	at com.kms.katalon.core.main.TestCaseMain.startTestSuite(TestCaseMain.java:142)
	at com.kms.katalon.core.main.TestCaseMain$startTestSuite$0.call(Unknown Source)
	at org.codehaus.groovy.runtime.callsite.CallSiteArray.defaultCall(CallSiteArray.java:48)
	at org.codehaus.groovy.runtime.callsite.AbstractCallSite.call(AbstractCallSite.java:113)
	at org.codehaus.groovy.runtime.callsite.AbstractCallSite.call(AbstractCallSite.java:141)
	at TempTestSuite1543994986730.run(TempTestSuite1543994986730.groovy:36)
	at groovy.lang.GroovyShell.runScriptOrMainOrTestOrRunnable(GroovyShell.java:263)
	at groovy.lang.GroovyShell.run(GroovyShell.java:518)
	at groovy.lang.GroovyShell.run(GroovyShell.java:507)
	at groovy.ui.GroovyMain.processOnce(GroovyMain.java:653)
	at groovy.ui.GroovyMain.run(GroovyMain.java:384)
	at groovy.ui.GroovyMain.process(GroovyMain.java:370)
	at groovy.ui.GroovyMain.processArgs(GroovyMain.java:129)
	at groovy.ui.GroovyMain.main(GroovyMain.java:109)
	at sun.reflect.NativeMethodAccessorImpl.invoke0(Native Method)
	at sun.reflect.NativeMethodAccessorImpl.invoke(NativeMethodAccessorImpl.java:62)
	at sun.reflect.DelegatingMethodAccessorImpl.invoke(DelegatingMethodAccessorImpl.java:43)
	at java.lang.reflect.Method.invoke(Method.java:498)
	at org.codehaus.groovy.tools.GroovyStarter.rootLoader(GroovyStarter.java:109)
	at org.codehaus.groovy.tools.GroovyStarter.main(GroovyStarter.java:131)
)"/>
         <system-out><![CDATA[2018-12-05 15:29:49 - [TEST_CASE][FAILED] - Test Cases/Final Aug 2018 - PKS Automation/Registration Module/Workflow/Request SSN/OTC - RIO - RO (Approve): Test Cases/Final Aug 2018 - PKS Automation/Registration Module/Workflow/Request SSN/OTC - RIO - RO (Approve) FAILED because (of) (Stack trace: com.kms.katalon.core.exception.StepFailedException: Unable to click on object 'Object Repository/Final Object Repo/Page_MyASSIST - ASSIST - Search Pending Case For Add Supporting Document/Continue' (Root cause: com.kms.katalon.core.webui.exception.WebElementNotFoundException: Web element with id: 'Object Repository/Final Object Repo/Page_MyASSIST - ASSIST - Search Pending Case For Add Supporting Document/Continue' located by 'By.xpath: //i[@data-original-title = 'Continue']' not found)
	at com.kms.katalon.core.keyword.internal.KeywordMain.stepFailed(KeywordMain.groovy:32)
	at com.kms.katalon.core.webui.keyword.internal.WebUIKeywordMain.stepFailed(WebUIKeywordMain.groovy:65)
	at com.kms.katalon.core.webui.keyword.internal.WebUIKeywordMain.runKeyword(WebUIKeywordMain.groovy:27)
	at com.kms.katalon.core.webui.keyword.builtin.ClickKeyword.click(ClickKeyword.groovy:86)
	at com.kms.katalon.core.webui.keyword.builtin.ClickKeyword.execute(ClickKeyword.groovy:67)
	at com.kms.katalon.core.keyword.internal.KeywordExecutor.executeKeywordForPlatform(KeywordExecutor.groovy:53)
	at com.kms.katalon.core.webui.keyword.WebUiBuiltInKeywords.click(WebUiBuiltInKeywords.groovy:616)
	at com.kms.katalon.core.webui.keyword.WebUiBuiltInKeywords$click$2.call(Unknown Source)
	at org.codehaus.groovy.runtime.callsite.CallSiteArray.defaultCall(CallSiteArray.java:48)
	at org.codehaus.groovy.runtime.callsite.AbstractCallSite.call(AbstractCallSite.java:113)
	at org.codehaus.groovy.runtime.callsite.AbstractCallSite.call(AbstractCallSite.java:125)
	at Script1536896984070.run(Script1536896984070.groovy:66)
	at com.kms.katalon.core.main.ScriptEngine.run(ScriptEngine.java:183)
	at com.kms.katalon.core.main.ScriptEngine.runScriptAsRawText(ScriptEngine.java:108)
	at com.kms.katalon.core.main.TestCaseExecutor.runScript(TestCaseExecutor.java:294)
	at com.kms.katalon.core.main.TestCaseExecutor.doExecute(TestCaseExecutor.java:285)
	at com.kms.katalon.core.main.TestCaseExecutor.processExecutionPhase(TestCaseExecutor.java:264)
	at com.kms.katalon.core.main.TestCaseExecutor.accessMainPhase(TestCaseExecutor.java:256)
	at com.kms.katalon.core.main.TestCaseExecutor.execute(TestCaseExecutor.java:200)
	at com.kms.katalon.core.main.TestCaseMain.runTestCase(TestCaseMain.java:99)
	at com.kms.katalon.core.keyword.builtin.CallTestCaseKeyword$_callTestCase_closure1.doCall(CallTestCaseKeyword.groovy:60)
	at com.kms.katalon.core.keyword.builtin.CallTestCaseKeyword$_callTestCase_closure1.call(CallTestCaseKeyword.groovy)
	at com.kms.katalon.core.keyword.internal.KeywordMain.runKeyword(KeywordMain.groovy:54)
	at com.kms.katalon.core.keyword.builtin.CallTestCaseKeyword.callTestCase(CallTestCaseKeyword.groovy:81)
	at com.kms.katalon.core.keyword.builtin.CallTestCaseKeyword.execute(CallTestCaseKeyword.groovy:45)
	at com.kms.katalon.core.keyword.internal.KeywordExecutor.executeKeywordForPlatform(KeywordExecutor.groovy:53)
	at com.kms.katalon.core.keyword.BuiltinKeywords.callTestCase(BuiltinKeywords.groovy:334)
	at sun.reflect.NativeMethodAccessorImpl.invoke0(Native Method)
	at sun.reflect.NativeMethodAccessorImpl.invoke(NativeMethodAccessorImpl.java:62)
	at sun.reflect.DelegatingMethodAccessorImpl.invoke(DelegatingMethodAccessorImpl.java:43)
	at java.lang.reflect.Method.invoke(Method.java:498)
	at org.codehaus.groovy.reflection.CachedMethod.invoke(CachedMethod.java:93)
	at groovy.lang.MetaMethod.doMethodInvoke(MetaMethod.java:325)
	at groovy.lang.MetaClassImpl.invokeStaticMethod(MetaClassImpl.java:1469)
	at org.codehaus.groovy.runtime.callsite.StaticMetaClassSite.call(StaticMetaClassSite.java:53)
	at org.codehaus.groovy.runtime.callsite.CallSiteArray.defaultCall(CallSiteArray.java:48)
	at org.codehaus.groovy.runtime.callsite.AbstractCallSite.call(AbstractCallSite.java:113)
	at org.codehaus.groovy.runtime.callsite.AbstractCallSite.call(AbstractCallSite.java:141)
	at Script1537865992110.run(Script1537865992110.groovy:39)
	at com.kms.katalon.core.main.ScriptEngine.run(ScriptEngine.java:183)
	at com.kms.katalon.core.main.ScriptEngine.runScriptAsRawText(ScriptEngine.java:108)
	at com.kms.katalon.core.main.TestCaseExecutor.runScript(TestCaseExecutor.java:294)
	at com.kms.katalon.core.main.TestCaseExecutor.doExecute(TestCaseExecutor.java:285)
	at com.kms.katalon.core.main.TestCaseExecutor.processExecutionPhase(TestCaseExecutor.java:264)
	at com.kms.katalon.core.main.TestCaseExecutor.accessMainPhase(TestCaseExecutor.java:256)
	at com.kms.katalon.core.main.TestCaseExecutor.execute(TestCaseExecutor.java:200)
	at com.kms.katalon.core.main.TestCaseMain.runTestCase(TestCaseMain.java:99)
	at com.kms.katalon.core.keyword.builtin.CallTestCaseKeyword$_callTestCase_closure1.doCall(CallTestCaseKeyword.groovy:60)
	at com.kms.katalon.core.keyword.builtin.CallTestCaseKeyword$_callTestCase_closure1.call(CallTestCaseKeyword.groovy)
	at com.kms.katalon.core.keyword.internal.KeywordMain.runKeyword(KeywordMain.groovy:54)
	at com.kms.katalon.core.keyword.builtin.CallTestCaseKeyword.callTestCase(CallTestCaseKeyword.groovy:81)
	at com.kms.katalon.core.keyword.builtin.CallTestCaseKeyword.execute(CallTestCaseKeyword.groovy:45)
	at com.kms.katalon.core.keyword.internal.KeywordExecutor.executeKeywordForPlatform(KeywordExecutor.groovy:53)
	at com.kms.katalon.core.keyword.BuiltinKeywords.callTestCase(BuiltinKeywords.groovy:334)
	at sun.reflect.NativeMethodAccessorImpl.invoke0(Native Method)
	at sun.reflect.NativeMethodAccessorImpl.invoke(NativeMethodAccessorImpl.java:62)
	at sun.reflect.DelegatingMethodAccessorImpl.invoke(DelegatingMethodAccessorImpl.java:43)
	at java.lang.reflect.Method.invoke(Method.java:498)
	at org.codehaus.groovy.reflection.CachedMethod.invoke(CachedMethod.java:93)
	at groovy.lang.MetaMethod.doMethodInvoke(MetaMethod.java:325)
	at groovy.lang.MetaClassImpl.invokeStaticMethod(MetaClassImpl.java:1469)
	at org.codehaus.groovy.runtime.callsite.StaticMetaClassSite.call(StaticMetaClassSite.java:53)
	at org.codehaus.groovy.runtime.callsite.CallSiteArray.defaultCall(CallSiteArray.java:48)
	at org.codehaus.groovy.runtime.callsite.AbstractCallSite.call(AbstractCallSite.java:113)
	at org.codehaus.groovy.runtime.callsite.AbstractCallSite.call(AbstractCallSite.java:141)
	at Script1536300508581.run(Script1536300508581.groovy:26)
	at com.kms.katalon.core.main.ScriptEngine.run(ScriptEngine.java:183)
	at com.kms.katalon.core.main.ScriptEngine.runScriptAsRawText(ScriptEngine.java:108)
	at com.kms.katalon.core.main.TestCaseExecutor.runScript(TestCaseExecutor.java:294)
	at com.kms.katalon.core.main.TestCaseExecutor.doExecute(TestCaseExecutor.java:285)
	at com.kms.katalon.core.main.TestCaseExecutor.processExecutionPhase(TestCaseExecutor.java:264)
	at com.kms.katalon.core.main.TestCaseExecutor.accessMainPhase(TestCaseExecutor.java:256)
	at com.kms.katalon.core.main.TestCaseExecutor.execute(TestCaseExecutor.java:200)
	at com.kms.katalon.core.main.TestSuiteExecutor.accessTestCaseMainPhase(TestSuiteExecutor.java:129)
	at com.kms.katalon.core.main.TestSuiteExecutor.accessTestSuiteMainPhase(TestSuiteExecutor.java:112)
	at com.kms.katalon.core.main.TestSuiteExecutor.execute(TestSuiteExecutor.java:81)
	at com.kms.katalon.core.main.TestCaseMain.startTestSuite(TestCaseMain.java:142)
	at com.kms.katalon.core.main.TestCaseMain$startTestSuite$0.call(Unknown Source)
	at org.codehaus.groovy.runtime.callsite.CallSiteArray.defaultCall(CallSiteArray.java:48)
	at org.codehaus.groovy.runtime.callsite.AbstractCallSite.call(AbstractCallSite.java:113)
	at org.codehaus.groovy.runtime.callsite.AbstractCallSite.call(AbstractCallSite.java:141)
	at TempTestSuite1543994986730.run(TempTestSuite1543994986730.groovy:36)
	at groovy.lang.GroovyShell.runScriptOrMainOrTestOrRunnable(GroovyShell.java:263)
	at groovy.lang.GroovyShell.run(GroovyShell.java:518)
	at groovy.lang.GroovyShell.run(GroovyShell.java:507)
	at groovy.ui.GroovyMain.processOnce(GroovyMain.java:653)
	at groovy.ui.GroovyMain.run(GroovyMain.java:384)
	at groovy.ui.GroovyMain.process(GroovyMain.java:370)
	at groovy.ui.GroovyMain.processArgs(GroovyMain.java:129)
	at groovy.ui.GroovyMain.main(GroovyMain.java:109)
	at sun.reflect.NativeMethodAccessorImpl.invoke0(Native Method)
	at sun.reflect.NativeMethodAccessorImpl.invoke(NativeMethodAccessorImpl.java:62)
	at sun.reflect.DelegatingMethodAccessorImpl.invoke(DelegatingMethodAccessorImpl.java:43)
	at java.lang.reflect.Method.invoke(Method.java:498)
	at org.codehaus.groovy.tools.GroovyStarter.rootLoader(GroovyStarter.java:109)
	at org.codehaus.groovy.tools.GroovyStarter.main(GroovyStarter.java:131)
)

2018-12-05 15:29:50 - [TEST_STEP][PASSED] - callTestCase: Call Test Case 'Test Cases/Final Aug 2018 - PKS Automation/Registration Module/Workflow/Request SSN/Template/Request SSN - OTC (Using Current Employer Code)' successfully

2018-12-05 15:29:50 - [TEST_CASE][PASSED] - Test Cases/Final Aug 2018 - PKS Automation/Registration Module/Workflow/Request SSN/Template/Request SSN - OTC (Using Current Employer Code): Test Cases/Final Aug 2018 - PKS Automation/Registration Module/Workflow/Request SSN/Template/Request SSN - OTC (Using Current Employer Code)

2018-12-05 15:29:50 - [TEST_STEP][PASSED] - openBrowser: Browser is opened with url: ''

2018-12-05 15:29:55 - [MESSAGE][PASSED] - Browser is opened with url: ''

2018-12-05 15:29:55 - [TEST_STEP][PASSED] - navigateToUrl: Navigate to 'https://assist2-uat.perkeso.gov.my/login' successfully

2018-12-05 15:29:56 - [MESSAGE][PASSED] - Navigate to 'https://assist2-uat.perkeso.gov.my/login' successfully

2018-12-05 15:29:56 - [TEST_STEP][PASSED] - setText: Text 'johorotc1@gmail.com' is set on object 'Object Repository/Final Object Repo/Login Page/Internal User/Email Address'

2018-12-05 15:29:56 - [MESSAGE][PASSED] - Text 'johorotc1@gmail.com' is set on object 'Object Repository/Final Object Repo/Login Page/Internal User/Email Address'

2018-12-05 15:29:56 - [TEST_STEP][PASSED] - click: Object: 'Object Repository/Final Object Repo/Login Page/Internal User/Next Button' is clicked on

2018-12-05 15:29:57 - [MESSAGE][PASSED] - Object: 'Object Repository/Final Object Repo/Login Page/Internal User/Next Button' is clicked on

2018-12-05 15:29:57 - [TEST_STEP][PASSED] - delay: Delayed 1 second(s)

2018-12-05 15:29:58 - [MESSAGE][PASSED] - Delayed 1 second(s)

2018-12-05 15:29:58 - [TEST_STEP][PASSED] - setEncryptedText: Text ****** has been set on object 'Object Repository/Final Object Repo/Login Page/Internal User/Password'

2018-12-05 15:29:58 - [MESSAGE][PASSED] - Text ****** has been set on object 'Object Repository/Final Object Repo/Login Page/Internal User/Password'

2018-12-05 15:29:58 - [TEST_STEP][PASSED] - click: Object: 'Object Repository/Final Object Repo/Login Page/Internal User/Login Button' is clicked on

2018-12-05 15:29:58 - [MESSAGE][PASSED] - Object: 'Object Repository/Final Object Repo/Login Page/Internal User/Login Button' is clicked on

2018-12-05 15:29:58 - [TEST_STEP][PASSED] - delay: Delayed 1 second(s)

2018-12-05 15:29:59 - [MESSAGE][PASSED] - Delayed 1 second(s)

2018-12-05 15:29:59 - [TEST_STEP][PASSED] - Statement - tester = com.kms.katalon.core.testobject.ObjectRepository.findTestObject(Final Object Repo/Landing Page/Select to English): Finding Test Object with id 'Object Repository/Final Object Repo/Landing Page/Select to English'

2018-12-05 15:29:59 - [TEST_STEP][PASSED] - Statement - Try: Delayed 2 second(s)

2018-12-05 15:29:59 - [TEST_STEP][PASSED] - Statement - Checker = com.kms.katalon.core.webui.keyword.WebUiBuiltInKeywords.verifyElementNotPresent(tester, 5): Web element with id: 'Object Repository/Final Object Repo/Landing Page/Select to English' located by 'By.xpath: //a[@class = 'taglib-language-list-text' and @lang = 'en-US' and (contains(text(), 'EN') or contains(., 'EN'))]' is not present after '5' second(s)

2018-12-05 15:30:00 - [MESSAGE][PASSED] - Web element with id: 'Object Repository/Final Object Repo/Landing Page/Select to English' located by 'By.xpath: //a[@class = 'taglib-language-list-text' and @lang = 'en-US' and (contains(text(), 'EN') or contains(., 'EN'))]' is not present after '5' second(s)

2018-12-05 15:30:00 - [TEST_STEP][PASSED] - Statement - If (Checker == false): null

2018-12-05 15:30:00 - [TEST_STEP][PASSED] - delay: Delayed 2 second(s)

2018-12-05 15:30:02 - [MESSAGE][PASSED] - Delayed 2 second(s)

2018-12-05 15:30:03 - [TEST_STEP][PASSED] - delay: Delayed 5 second(s)

2018-12-05 15:30:08 - [MESSAGE][PASSED] - Delayed 5 second(s)

2018-12-05 15:30:08 - [TEST_STEP][PASSED] - delay: Delayed 1 second(s)

2018-12-05 15:30:09 - [MESSAGE][PASSED] - Delayed 1 second(s)

2018-12-05 15:30:09 - [TEST_STEP][PASSED] - navigateToUrl: Navigate to 'https://assist2-uat.perkeso.gov.my/web/registration/request-ssn' successfully

2018-12-05 15:30:14 - [MESSAGE][PASSED] - Navigate to 'https://assist2-uat.perkeso.gov.my/web/registration/request-ssn' successfully

2018-12-05 15:30:14 - [TEST_STEP][PASSED] - setText: Text 'perkeso' is set on object 'Object Repository/Final Object Repo/Page_Request SSN - ASSIST/AI - Name'

2018-12-05 15:30:14 - [MESSAGE][PASSED] - Text 'perkeso' is set on object 'Object Repository/Final Object Repo/Page_Request SSN - ASSIST/AI - Name'

2018-12-05 15:30:14 - [TEST_STEP][PASSED] - click: Object: 'Object Repository/Final Object Repo/Page_Request SSN - ASSIST/AI - DOB' is clicked on

2018-12-05 15:30:15 - [MESSAGE][PASSED] - Object: 'Object Repository/Final Object Repo/Page_Request SSN - ASSIST/AI - DOB' is clicked on

2018-12-05 15:30:15 - [TEST_STEP][PASSED] - selectOptionByValue: All options with value '1995' are selected in object 'Object Repository/Final Object Repo/Page_Request SSN - ASSIST/AI - DOB - Year' 

2018-12-05 15:30:15 - [MESSAGE][PASSED] - All options with value '1995' are selected in object 'Object Repository/Final Object Repo/Page_Request SSN - ASSIST/AI - DOB - Year' 

2018-12-05 15:30:15 - [TEST_STEP][PASSED] - delay: Delayed 3 second(s)

2018-12-05 15:30:18 - [MESSAGE][PASSED] - Delayed 3 second(s)

2018-12-05 15:30:18 - [TEST_STEP][PASSED] - doubleClick: Object: 'Object Repository/Final Object Repo/Page_Request SSN - ASSIST/AI - DOB - Year - Date' is double clicked on

2018-12-05 15:30:18 - [MESSAGE][PASSED] - Object: 'Object Repository/Final Object Repo/Page_Request SSN - ASSIST/AI - DOB - Year - Date' is double clicked on

2018-12-05 15:30:18 - [TEST_STEP][PASSED] - click: Object: 'Object Repository/Final Object Repo/Page_Request SSN - ASSIST/AI - Male' is clicked on

2018-12-05 15:30:18 - [MESSAGE][PASSED] - Object: 'Object Repository/Final Object Repo/Page_Request SSN - ASSIST/AI - Male' is clicked on

2018-12-05 15:30:18 - [TEST_STEP][PASSED] - click: Object: 'Object Repository/Final Object Repo/Page_Request SSN - ASSIST/AI- Race' is clicked on

2018-12-05 15:30:19 - [MESSAGE][PASSED] - Object: 'Object Repository/Final Object Repo/Page_Request SSN - ASSIST/AI- Race' is clicked on

2018-12-05 15:30:19 - [TEST_STEP][PASSED] - click: Object: 'Object Repository/Final Object Repo/Page_Request SSN - ASSIST/AI - Race - Melayu' is clicked on

2018-12-05 15:30:19 - [MESSAGE][PASSED] - Object: 'Object Repository/Final Object Repo/Page_Request SSN - ASSIST/AI - Race - Melayu' is clicked on

2018-12-05 15:30:19 - [TEST_STEP][PASSED] - click: Object: 'Object Repository/Final Object Repo/Page_Request SSN - ASSIST/AI - Religion' is clicked on

2018-12-05 15:30:19 - [MESSAGE][PASSED] - Object: 'Object Repository/Final Object Repo/Page_Request SSN - ASSIST/AI - Religion' is clicked on

2018-12-05 15:30:19 - [TEST_STEP][PASSED] - click: Object: 'Object Repository/Final Object Repo/Page_Request SSN - ASSIST/AI - Religion - Islam' is clicked on

2018-12-05 15:30:19 - [MESSAGE][PASSED] - Object: 'Object Repository/Final Object Repo/Page_Request SSN - ASSIST/AI - Religion - Islam' is clicked on

2018-12-05 15:30:19 - [TEST_STEP][PASSED] - setText: Text '12345' is set on object 'Object Repository/Final Object Repo/Page_Request SSN - ASSIST/AI - Birth Certificate'

2018-12-05 15:30:20 - [MESSAGE][PASSED] - Text '12345' is set on object 'Object Repository/Final Object Repo/Page_Request SSN - ASSIST/AI - Birth Certificate'

2018-12-05 15:30:20 - [TEST_STEP][PASSED] - click: Object: 'Object Repository/Final Object Repo/Page_Request SSN - ASSIST/AI - Nationality' is clicked on

2018-12-05 15:30:20 - [MESSAGE][PASSED] - Object: 'Object Repository/Final Object Repo/Page_Request SSN - ASSIST/AI - Nationality' is clicked on

2018-12-05 15:30:20 - [TEST_STEP][PASSED] - click: Object: 'Object Repository/Final Object Repo/Page_Request SSN - ASSIST/AI - Nationality - Afghanistan' is clicked on

2018-12-05 15:30:20 - [MESSAGE][PASSED] - Object: 'Object Repository/Final Object Repo/Page_Request SSN - ASSIST/AI - Nationality - Afghanistan' is clicked on

2018-12-05 15:30:20 - [TEST_STEP][PASSED] - setText: Text 'PERKESO ADDRESS1' is set on object 'Object Repository/Final Object Repo/Page_Request SSN - ASSIST/AI - Address1'

2018-12-05 15:30:22 - [MESSAGE][PASSED] - Text 'PERKESO ADDRESS1' is set on object 'Object Repository/Final Object Repo/Page_Request SSN - ASSIST/AI - Address1'

2018-12-05 15:30:22 - [TEST_STEP][PASSED] - setText: Text 'PERKESO ADDRESS2' is set on object 'Object Repository/Final Object Repo/Page_Request SSN - ASSIST/AI - Address2'

2018-12-05 15:30:23 - [MESSAGE][PASSED] - Text 'PERKESO ADDRESS2' is set on object 'Object Repository/Final Object Repo/Page_Request SSN - ASSIST/AI - Address2'

2018-12-05 15:30:23 - [TEST_STEP][PASSED] - setText: Text 'PERKESO ADDRESS3' is set on object 'Object Repository/Final Object Repo/Page_Request SSN - ASSIST/AI - Address3'

2018-12-05 15:30:24 - [MESSAGE][PASSED] - Text 'PERKESO ADDRESS3' is set on object 'Object Repository/Final Object Repo/Page_Request SSN - ASSIST/AI - Address3'

2018-12-05 15:30:24 - [TEST_STEP][PASSED] - click: Object: 'Object Repository/Final Object Repo/Page_Request SSN - ASSIST/AI - State' is clicked on

2018-12-05 15:30:24 - [MESSAGE][PASSED] - Object: 'Object Repository/Final Object Repo/Page_Request SSN - ASSIST/AI - State' is clicked on

2018-12-05 15:30:24 - [TEST_STEP][PASSED] - click: Object: 'Object Repository/Final Object Repo/Page_Request SSN - ASSIST/AI - Current Employer State - Johor' is clicked on

2018-12-05 15:30:25 - [MESSAGE][PASSED] - Object: 'Object Repository/Final Object Repo/Page_Request SSN - ASSIST/AI - Current Employer State - Johor' is clicked on

2018-12-05 15:30:25 - [TEST_STEP][PASSED] - click: Object: 'Object Repository/Final Object Repo/Page_Request SSN - ASSIST/AI - City' is clicked on

2018-12-05 15:30:25 - [MESSAGE][PASSED] - Object: 'Object Repository/Final Object Repo/Page_Request SSN - ASSIST/AI - City' is clicked on

2018-12-05 15:30:25 - [TEST_STEP][PASSED] - setText: Text 'JOH' is set on object 'Object Repository/Final Object Repo/Page_Request SSN - ASSIST/AI - City - JOH'

2018-12-05 15:30:25 - [MESSAGE][PASSED] - Text 'JOH' is set on object 'Object Repository/Final Object Repo/Page_Request SSN - ASSIST/AI - City - JOH'

2018-12-05 15:30:25 - [TEST_STEP][PASSED] - delay: Delayed 3 second(s)

2018-12-05 15:30:28 - [MESSAGE][PASSED] - Delayed 3 second(s)

2018-12-05 15:30:28 - [TEST_STEP][PASSED] - click: Object: 'Object Repository/Final Object Repo/Page_Request SSN - ASSIST/AI - City - Johor Bharu' is clicked on

2018-12-05 15:30:29 - [MESSAGE][PASSED] - Object: 'Object Repository/Final Object Repo/Page_Request SSN - ASSIST/AI - City - Johor Bharu' is clicked on

2018-12-05 15:30:29 - [TEST_STEP][PASSED] - click: Object: 'Object Repository/Final Object Repo/Page_Request SSN - ASSIST/AI - Post Code' is clicked on

2018-12-05 15:30:29 - [MESSAGE][PASSED] - Object: 'Object Repository/Final Object Repo/Page_Request SSN - ASSIST/AI - Post Code' is clicked on

2018-12-05 15:30:29 - [TEST_STEP][PASSED] - setText: Text '810' is set on object 'Object Repository/Final Object Repo/Page_Request SSN - ASSIST/AI - City - JOH'

2018-12-05 15:30:30 - [MESSAGE][PASSED] - Text '810' is set on object 'Object Repository/Final Object Repo/Page_Request SSN - ASSIST/AI - City - JOH'

2018-12-05 15:30:30 - [TEST_STEP][PASSED] - delay: Delayed 3 second(s)

2018-12-05 15:30:33 - [MESSAGE][PASSED] - Delayed 3 second(s)

2018-12-05 15:30:33 - [TEST_STEP][PASSED] - click: Object: 'Object Repository/Final Object Repo/Page_Request SSN - ASSIST/AI - PostCode - 81000' is clicked on

2018-12-05 15:30:33 - [MESSAGE][PASSED] - Object: 'Object Repository/Final Object Repo/Page_Request SSN - ASSIST/AI - PostCode - 81000' is clicked on

2018-12-05 15:30:33 - [TEST_STEP][PASSED] - setText: Text '100' is set on object 'Object Repository/Final Object Repo/Page_Request SSN - ASSIST/P.O.BOX'

2018-12-05 15:30:34 - [MESSAGE][PASSED] - Text '100' is set on object 'Object Repository/Final Object Repo/Page_Request SSN - ASSIST/P.O.BOX'

2018-12-05 15:30:34 - [TEST_STEP][PASSED] - setText: Text '100' is set on object 'Object Repository/Final Object Repo/Page_Request SSN - ASSIST/Locked Bag No'

2018-12-05 15:30:34 - [MESSAGE][PASSED] - Text '100' is set on object 'Object Repository/Final Object Repo/Page_Request SSN - ASSIST/Locked Bag No'

2018-12-05 15:30:34 - [TEST_STEP][PASSED] - delay: Delayed 2 second(s)

2018-12-05 15:30:36 - [MESSAGE][PASSED] - Delayed 2 second(s)

2018-12-05 15:30:36 - [TEST_STEP][PASSED] - setText: Text '123456789' is set on object 'Object Repository/Final Object Repo/Page_Request SSN - ASSIST/AI - Telephone No'

2018-12-05 15:30:37 - [MESSAGE][PASSED] - Text '123456789' is set on object 'Object Repository/Final Object Repo/Page_Request SSN - ASSIST/AI - Telephone No'

2018-12-05 15:30:37 - [TEST_STEP][PASSED] - click: Object: 'Object Repository/Final Object Repo/Page_Request SSN - ASSIST/AI - Occupation' is clicked on

2018-12-05 15:30:37 - [MESSAGE][PASSED] - Object: 'Object Repository/Final Object Repo/Page_Request SSN - ASSIST/AI - Occupation' is clicked on

2018-12-05 15:30:37 - [TEST_STEP][PASSED] - click: Object: 'Object Repository/Final Object Repo/Page_Request SSN - ASSIST/AI - Occupation - NUMERICAL AND MATERIAL R' is clicked on

2018-12-05 15:30:37 - [MESSAGE][PASSED] - Object: 'Object Repository/Final Object Repo/Page_Request SSN - ASSIST/AI - Occupation - NUMERICAL AND MATERIAL R' is clicked on

2018-12-05 15:30:37 - [TEST_STEP][PASSED] - delay: Delayed 2 second(s)

2018-12-05 15:30:39 - [MESSAGE][PASSED] - Delayed 2 second(s)

2018-12-05 15:30:39 - [TEST_STEP][PASSED] - click: Object: 'Object Repository/Final Object Repo/Page_Request SSN - ASSIST/AI - Sub Occupation' is clicked on

2018-12-05 15:30:39 - [MESSAGE][PASSED] - Object: 'Object Repository/Final Object Repo/Page_Request SSN - ASSIST/AI - Sub Occupation' is clicked on

2018-12-05 15:30:39 - [TEST_STEP][PASSED] - click: Object: 'Object Repository/Final Object Repo/Page_Request SSN - ASSIST/AI - Sub Occupation - Stock Clerks' is clicked on

2018-12-05 15:30:40 - [MESSAGE][PASSED] - Object: 'Object Repository/Final Object Repo/Page_Request SSN - ASSIST/AI - Sub Occupation - Stock Clerks' is clicked on

2018-12-05 15:30:40 - [TEST_STEP][PASSED] - delay: Delayed 2 second(s)

2018-12-05 15:30:42 - [MESSAGE][PASSED] - Delayed 2 second(s)

2018-12-05 15:30:42 - [TEST_STEP][PASSED] - click: Object: 'Object Repository/Final Object Repo/Page_Request SSN - ASSIST/AI - Sub Occupation List' is clicked on

2018-12-05 15:30:42 - [MESSAGE][PASSED] - Object: 'Object Repository/Final Object Repo/Page_Request SSN - ASSIST/AI - Sub Occupation List' is clicked on

2018-12-05 15:30:42 - [TEST_STEP][PASSED] - click: Object: 'Object Repository/Final Object Repo/Page_Request SSN - ASSIST/AI - Sub Occupation List - Clerk raw material' is clicked on

2018-12-05 15:30:42 - [MESSAGE][PASSED] - Object: 'Object Repository/Final Object Repo/Page_Request SSN - ASSIST/AI - Sub Occupation List - Clerk raw material' is clicked on

2018-12-05 15:30:42 - [TEST_STEP][PASSED] - click: Object: 'Object Repository/Final Object Repo/Page_Request SSN - ASSIST/AI - Employment Start Date' is clicked on

2018-12-05 15:30:43 - [MESSAGE][PASSED] - Object: 'Object Repository/Final Object Repo/Page_Request SSN - ASSIST/AI - Employment Start Date' is clicked on

2018-12-05 15:30:43 - [TEST_STEP][PASSED] - click: Object: 'Object Repository/Final Object Repo/Page_Request SSN - ASSIST/AI - DOB - Year - Date' is clicked on

2018-12-05 15:30:43 - [MESSAGE][PASSED] - Object: 'Object Repository/Final Object Repo/Page_Request SSN - ASSIST/AI - DOB - Year - Date' is clicked on

2018-12-05 15:30:43 - [TEST_STEP][PASSED] - setText: Text 'E1102001065V' is set on object 'Object Repository/Final Object Repo/Page_Request SSN - ASSIST/AI - Current Employer Code'

2018-12-05 15:30:44 - [MESSAGE][PASSED] - Text 'E1102001065V' is set on object 'Object Repository/Final Object Repo/Page_Request SSN - ASSIST/AI - Current Employer Code'

2018-12-05 15:30:44 - [TEST_STEP][PASSED] - delay: Delayed 2 second(s)

2018-12-05 15:30:46 - [MESSAGE][PASSED] - Delayed 2 second(s)

2018-12-05 15:30:46 - [TEST_STEP][PASSED] - click: Object: 'Object Repository/Final Object Repo/Page_Request SSN - ASSIST/AI - Current Employer Code - Search' is clicked on

2018-12-05 15:30:46 - [MESSAGE][PASSED] - Object: 'Object Repository/Final Object Repo/Page_Request SSN - ASSIST/AI - Current Employer Code - Search' is clicked on

2018-12-05 15:30:46 - [TEST_STEP][PASSED] - delay: Delayed 2 second(s)

2018-12-05 15:30:48 - [MESSAGE][PASSED] - Delayed 2 second(s)

2018-12-05 15:30:48 - [TEST_STEP][NOT_RUN] - setText: NOT_RUN: setText

2018-12-05 15:30:48 - [MESSAGE][NOT_RUN] - NOT_RUN: setText

2018-12-05 15:30:48 - [TEST_STEP][NOT_RUN] - setText: NOT_RUN: setText

2018-12-05 15:30:48 - [MESSAGE][NOT_RUN] - NOT_RUN: setText

2018-12-05 15:30:48 - [TEST_STEP][NOT_RUN] - setText: NOT_RUN: setText

2018-12-05 15:30:48 - [MESSAGE][NOT_RUN] - NOT_RUN: setText

2018-12-05 15:30:48 - [TEST_STEP][NOT_RUN] - setText: NOT_RUN: setText

2018-12-05 15:30:48 - [MESSAGE][NOT_RUN] - NOT_RUN: setText

2018-12-05 15:30:48 - [TEST_STEP][NOT_RUN] - click: NOT_RUN: click

2018-12-05 15:30:48 - [MESSAGE][NOT_RUN] - NOT_RUN: click

2018-12-05 15:30:48 - [TEST_STEP][NOT_RUN] - click: NOT_RUN: click

2018-12-05 15:30:48 - [MESSAGE][NOT_RUN] - NOT_RUN: click

2018-12-05 15:30:48 - [TEST_STEP][NOT_RUN] - click: NOT_RUN: click

2018-12-05 15:30:48 - [MESSAGE][NOT_RUN] - NOT_RUN: click

2018-12-05 15:30:48 - [TEST_STEP][NOT_RUN] - setText: NOT_RUN: setText

2018-12-05 15:30:48 - [MESSAGE][NOT_RUN] - NOT_RUN: setText

2018-12-05 15:30:48 - [TEST_STEP][NOT_RUN] - delay: NOT_RUN: delay

2018-12-05 15:30:48 - [MESSAGE][NOT_RUN] - NOT_RUN: delay

2018-12-05 15:30:48 - [TEST_STEP][NOT_RUN] - click: NOT_RUN: click

2018-12-05 15:30:48 - [MESSAGE][NOT_RUN] - NOT_RUN: click

2018-12-05 15:30:48 - [TEST_STEP][NOT_RUN] - click: NOT_RUN: click

2018-12-05 15:30:48 - [MESSAGE][NOT_RUN] - NOT_RUN: click

2018-12-05 15:30:48 - [TEST_STEP][NOT_RUN] - setText: NOT_RUN: setText

2018-12-05 15:30:48 - [MESSAGE][NOT_RUN] - NOT_RUN: setText

2018-12-05 15:30:48 - [TEST_STEP][NOT_RUN] - delay: NOT_RUN: delay

2018-12-05 15:30:48 - [MESSAGE][NOT_RUN] - NOT_RUN: delay

2018-12-05 15:30:48 - [TEST_STEP][NOT_RUN] - click: NOT_RUN: click

2018-12-05 15:30:48 - [MESSAGE][NOT_RUN] - NOT_RUN: click

2018-12-05 15:30:48 - [TEST_STEP][NOT_RUN] - setText: NOT_RUN: setText

2018-12-05 15:30:48 - [MESSAGE][NOT_RUN] - NOT_RUN: setText

2018-12-05 15:30:48 - [TEST_STEP][NOT_RUN] - setText: NOT_RUN: setText

2018-12-05 15:30:48 - [MESSAGE][NOT_RUN] - NOT_RUN: setText

2018-12-05 15:30:48 - [TEST_STEP][NOT_RUN] - click: NOT_RUN: click

2018-12-05 15:30:48 - [MESSAGE][NOT_RUN] - NOT_RUN: click

2018-12-05 15:30:48 - [TEST_STEP][NOT_RUN] - click: NOT_RUN: click

2018-12-05 15:30:48 - [MESSAGE][NOT_RUN] - NOT_RUN: click

2018-12-05 15:30:48 - [TEST_STEP][NOT_RUN] - setText: NOT_RUN: setText

2018-12-05 15:30:48 - [MESSAGE][NOT_RUN] - NOT_RUN: setText

2018-12-05 15:30:48 - [TEST_STEP][NOT_RUN] - click: NOT_RUN: click

2018-12-05 15:30:48 - [MESSAGE][NOT_RUN] - NOT_RUN: click

2018-12-05 15:30:48 - [TEST_STEP][NOT_RUN] - click: NOT_RUN: click

2018-12-05 15:30:48 - [MESSAGE][NOT_RUN] - NOT_RUN: click

2018-12-05 15:30:48 - [TEST_STEP][NOT_RUN] - click: NOT_RUN: click

2018-12-05 15:30:48 - [MESSAGE][NOT_RUN] - NOT_RUN: click

2018-12-05 15:30:48 - [TEST_STEP][NOT_RUN] - click: NOT_RUN: click

2018-12-05 15:30:48 - [MESSAGE][NOT_RUN] - NOT_RUN: click

2018-12-05 15:30:48 - [TEST_STEP][NOT_RUN] - click: NOT_RUN: click

2018-12-05 15:30:48 - [MESSAGE][NOT_RUN] - NOT_RUN: click

2018-12-05 15:30:48 - [TEST_STEP][NOT_RUN] - click: NOT_RUN: click

2018-12-05 15:30:48 - [MESSAGE][NOT_RUN] - NOT_RUN: click

2018-12-05 15:30:48 - [TEST_STEP][NOT_RUN] - setText: NOT_RUN: setText

2018-12-05 15:30:48 - [MESSAGE][NOT_RUN] - NOT_RUN: setText

2018-12-05 15:30:48 - [TEST_STEP][NOT_RUN] - setText: NOT_RUN: setText

2018-12-05 15:30:48 - [MESSAGE][NOT_RUN] - NOT_RUN: setText

2018-12-05 15:30:48 - [TEST_STEP][NOT_RUN] - setText: NOT_RUN: setText

2018-12-05 15:30:48 - [MESSAGE][NOT_RUN] - NOT_RUN: setText

2018-12-05 15:30:48 - [TEST_STEP][NOT_RUN] - click: NOT_RUN: click

2018-12-05 15:30:48 - [MESSAGE][NOT_RUN] - NOT_RUN: click

2018-12-05 15:30:48 - [TEST_STEP][NOT_RUN] - click: NOT_RUN: click

2018-12-05 15:30:48 - [MESSAGE][NOT_RUN] - NOT_RUN: click

2018-12-05 15:30:48 - [TEST_STEP][NOT_RUN] - click: NOT_RUN: click

2018-12-05 15:30:48 - [MESSAGE][NOT_RUN] - NOT_RUN: click

2018-12-05 15:30:48 - [TEST_STEP][NOT_RUN] - setText: NOT_RUN: setText

2018-12-05 15:30:48 - [MESSAGE][NOT_RUN] - NOT_RUN: setText

2018-12-05 15:30:48 - [TEST_STEP][NOT_RUN] - delay: NOT_RUN: delay

2018-12-05 15:30:48 - [MESSAGE][NOT_RUN] - NOT_RUN: delay

2018-12-05 15:30:48 - [TEST_STEP][NOT_RUN] - click: NOT_RUN: click

2018-12-05 15:30:48 - [MESSAGE][NOT_RUN] - NOT_RUN: click

2018-12-05 15:30:48 - [TEST_STEP][NOT_RUN] - click: NOT_RUN: click

2018-12-05 15:30:48 - [MESSAGE][NOT_RUN] - NOT_RUN: click

2018-12-05 15:30:48 - [TEST_STEP][NOT_RUN] - click: NOT_RUN: click

2018-12-05 15:30:48 - [MESSAGE][NOT_RUN] - NOT_RUN: click

2018-12-05 15:30:48 - [TEST_STEP][NOT_RUN] - setText: NOT_RUN: setText

2018-12-05 15:30:49 - [MESSAGE][NOT_RUN] - NOT_RUN: setText

2018-12-05 15:30:49 - [TEST_STEP][NOT_RUN] - delay: NOT_RUN: delay

2018-12-05 15:30:49 - [MESSAGE][NOT_RUN] - NOT_RUN: delay

2018-12-05 15:30:49 - [TEST_STEP][NOT_RUN] - click: NOT_RUN: click

2018-12-05 15:30:49 - [MESSAGE][NOT_RUN] - NOT_RUN: click

2018-12-05 15:30:49 - [TEST_STEP][NOT_RUN] - delay: NOT_RUN: delay

2018-12-05 15:30:49 - [MESSAGE][NOT_RUN] - NOT_RUN: delay

2018-12-05 15:30:49 - [TEST_STEP][NOT_RUN] - setText: NOT_RUN: setText

2018-12-05 15:30:49 - [MESSAGE][NOT_RUN] - NOT_RUN: setText

2018-12-05 15:30:49 - [TEST_STEP][NOT_RUN] - setText: NOT_RUN: setText

2018-12-05 15:30:49 - [MESSAGE][NOT_RUN] - NOT_RUN: setText

2018-12-05 15:30:49 - [TEST_STEP][NOT_RUN] - setText: NOT_RUN: setText

2018-12-05 15:30:49 - [MESSAGE][NOT_RUN] - NOT_RUN: setText

2018-12-05 15:30:49 - [TEST_STEP][NOT_RUN] - click: NOT_RUN: click

2018-12-05 15:30:49 - [MESSAGE][NOT_RUN] - NOT_RUN: click

2018-12-05 15:30:49 - [TEST_STEP][NOT_RUN] - click: NOT_RUN: click

2018-12-05 15:30:49 - [MESSAGE][NOT_RUN] - NOT_RUN: click

2018-12-05 15:30:49 - [TEST_STEP][NOT_RUN] - setText: NOT_RUN: setText

2018-12-05 15:30:49 - [MESSAGE][NOT_RUN] - NOT_RUN: setText

2018-12-05 15:30:49 - [TEST_STEP][NOT_RUN] - click: NOT_RUN: click

2018-12-05 15:30:49 - [MESSAGE][NOT_RUN] - NOT_RUN: click

2018-12-05 15:30:49 - [TEST_STEP][NOT_RUN] - click: NOT_RUN: click

2018-12-05 15:30:49 - [MESSAGE][NOT_RUN] - NOT_RUN: click

2018-12-05 15:30:49 - [TEST_STEP][NOT_RUN] - click: NOT_RUN: click

2018-12-05 15:30:49 - [MESSAGE][NOT_RUN] - NOT_RUN: click

2018-12-05 15:30:49 - [TEST_STEP][NOT_RUN] - click: NOT_RUN: click

2018-12-05 15:30:49 - [MESSAGE][NOT_RUN] - NOT_RUN: click

2018-12-05 15:30:49 - [TEST_STEP][NOT_RUN] - click: NOT_RUN: click

2018-12-05 15:30:49 - [MESSAGE][NOT_RUN] - NOT_RUN: click

2018-12-05 15:30:49 - [TEST_STEP][NOT_RUN] - click: NOT_RUN: click

2018-12-05 15:30:49 - [MESSAGE][NOT_RUN] - NOT_RUN: click

2018-12-05 15:30:49 - [TEST_STEP][NOT_RUN] - setText: NOT_RUN: setText

2018-12-05 15:30:49 - [MESSAGE][NOT_RUN] - NOT_RUN: setText

2018-12-05 15:30:49 - [TEST_STEP][NOT_RUN] - setText: NOT_RUN: setText

2018-12-05 15:30:49 - [MESSAGE][NOT_RUN] - NOT_RUN: setText

2018-12-05 15:30:49 - [TEST_STEP][NOT_RUN] - setText: NOT_RUN: setText

2018-12-05 15:30:49 - [MESSAGE][NOT_RUN] - NOT_RUN: setText

2018-12-05 15:30:49 - [TEST_STEP][NOT_RUN] - click: NOT_RUN: click

2018-12-05 15:30:50 - [MESSAGE][NOT_RUN] - NOT_RUN: click

2018-12-05 15:30:50 - [TEST_STEP][NOT_RUN] - click: NOT_RUN: click

2018-12-05 15:30:50 - [MESSAGE][NOT_RUN] - NOT_RUN: click

2018-12-05 15:30:50 - [TEST_STEP][NOT_RUN] - click: NOT_RUN: click

2018-12-05 15:30:50 - [MESSAGE][NOT_RUN] - NOT_RUN: click

2018-12-05 15:30:50 - [TEST_STEP][NOT_RUN] - delay: NOT_RUN: delay

2018-12-05 15:30:50 - [MESSAGE][NOT_RUN] - NOT_RUN: delay

2018-12-05 15:30:50 - [TEST_STEP][NOT_RUN] - setText: NOT_RUN: setText

2018-12-05 15:30:50 - [MESSAGE][NOT_RUN] - NOT_RUN: setText

2018-12-05 15:30:50 - [TEST_STEP][NOT_RUN] - delay: NOT_RUN: delay

2018-12-05 15:30:50 - [MESSAGE][NOT_RUN] - NOT_RUN: delay

2018-12-05 15:30:50 - [TEST_STEP][NOT_RUN] - click: NOT_RUN: click

2018-12-05 15:30:50 - [MESSAGE][NOT_RUN] - NOT_RUN: click

2018-12-05 15:30:50 - [TEST_STEP][NOT_RUN] - doubleClick: NOT_RUN: doubleClick

2018-12-05 15:30:50 - [MESSAGE][NOT_RUN] - NOT_RUN: doubleClick

2018-12-05 15:30:50 - [TEST_STEP][NOT_RUN] - click: NOT_RUN: click

2018-12-05 15:30:50 - [MESSAGE][NOT_RUN] - NOT_RUN: click

2018-12-05 15:30:50 - [TEST_STEP][NOT_RUN] - setText: NOT_RUN: setText

2018-12-05 15:30:50 - [MESSAGE][NOT_RUN] - NOT_RUN: setText

2018-12-05 15:30:50 - [TEST_STEP][NOT_RUN] - delay: NOT_RUN: delay

2018-12-05 15:30:50 - [MESSAGE][NOT_RUN] - NOT_RUN: delay

2018-12-05 15:30:50 - [TEST_STEP][NOT_RUN] - click: NOT_RUN: click

2018-12-05 15:30:50 - [MESSAGE][NOT_RUN] - NOT_RUN: click

2018-12-05 15:30:50 - [TEST_STEP][NOT_RUN] - delay: NOT_RUN: delay

2018-12-05 15:30:50 - [MESSAGE][NOT_RUN] - NOT_RUN: delay

2018-12-05 15:30:50 - [TEST_STEP][NOT_RUN] - setText: NOT_RUN: setText

2018-12-05 15:30:50 - [MESSAGE][NOT_RUN] - NOT_RUN: setText

2018-12-05 15:30:50 - [TEST_STEP][PASSED] - click: Object: 'Object Repository/Final Object Repo/Page_Request SSN - ASSIST/Save  Continue' is clicked on

2018-12-05 15:30:51 - [MESSAGE][PASSED] - Object: 'Object Repository/Final Object Repo/Page_Request SSN - ASSIST/Save  Continue' is clicked on

2018-12-05 15:30:51 - [TEST_STEP][PASSED] - delay: Delayed 3 second(s)

2018-12-05 15:30:54 - [MESSAGE][PASSED] - Delayed 3 second(s)

2018-12-05 15:30:54 - [TEST_STEP][PASSED] - Statement - CaseReferenceNo = com.kms.katalon.core.webui.keyword.WebUiBuiltInKeywords.getText(com.kms.katalon.core.testobject.ObjectRepository.findTestObject(Final Object Repo/Page_Request SSN - ASSIST/Reference Number in Uploading Page)): Text of object 'Object Repository/Final Object Repo/Page_Request SSN - ASSIST/Reference Number in Uploading Page' is: 'YUKI'

2018-12-05 15:30:54 - [MESSAGE][PASSED] - Text of object 'Object Repository/Final Object Repo/Page_Request SSN - ASSIST/Reference Number in Uploading Page' is: 'YUKI'

2018-12-05 15:30:54 - [TEST_STEP][PASSED] - click: Object: 'Object Repository/Final Object Repo/Page_Request SSN - ASSIST/Add Document Button' is clicked on

2018-12-05 15:30:54 - [MESSAGE][PASSED] - Object: 'Object Repository/Final Object Repo/Page_Request SSN - ASSIST/Add Document Button' is clicked on

2018-12-05 15:30:54 - [TEST_STEP][PASSED] - delay: Delayed 2 second(s)

2018-12-05 15:30:56 - [MESSAGE][PASSED] - Delayed 2 second(s)

2018-12-05 15:30:56 - [TEST_STEP][PASSED] - click: Object: 'Object Repository/Final Object Repo/Page_Request SSN - ASSIST/Document Type' is clicked on

2018-12-05 15:30:57 - [MESSAGE][PASSED] - Object: 'Object Repository/Final Object Repo/Page_Request SSN - ASSIST/Document Type' is clicked on

2018-12-05 15:30:57 - [TEST_STEP][PASSED] - click: Object: 'Object Repository/Final Object Repo/Page_Request SSN - ASSIST/Document Type - Birth Certificate' is clicked on

2018-12-05 15:30:58 - [MESSAGE][PASSED] - Object: 'Object Repository/Final Object Repo/Page_Request SSN - ASSIST/Document Type - Birth Certificate' is clicked on

2018-12-05 15:30:58 - [TEST_STEP][PASSED] - sendKeys: Keys 'C:\Users\Public\Pictures\Sample Pictures\Koala.jpg' sent to object: 'Object Repository/Final Object Repo/Page_Request SSN - ASSIST/Upload File'

2018-12-05 15:30:58 - [MESSAGE][PASSED] - Keys 'C:\Users\Public\Pictures\Sample Pictures\Koala.jpg' sent to object: 'Object Repository/Final Object Repo/Page_Request SSN - ASSIST/Upload File'

2018-12-05 15:30:58 - [TEST_STEP][PASSED] - click: Object: 'Object Repository/Final Object Repo/Page_Request SSN - ASSIST/Add Document' is clicked on

2018-12-05 15:30:58 - [MESSAGE][PASSED] - Object: 'Object Repository/Final Object Repo/Page_Request SSN - ASSIST/Add Document' is clicked on

2018-12-05 15:30:58 - [TEST_STEP][PASSED] - delay: Delayed 2 second(s)

2018-12-05 15:31:00 - [MESSAGE][PASSED] - Delayed 2 second(s)

2018-12-05 15:31:00 - [TEST_STEP][PASSED] - click: Object: 'Object Repository/Final Object Repo/Page_Request SSN - ASSIST/Save  Continue in Uploading Document Page' is clicked on

2018-12-05 15:31:02 - [MESSAGE][PASSED] - Object: 'Object Repository/Final Object Repo/Page_Request SSN - ASSIST/Save  Continue in Uploading Document Page' is clicked on

2018-12-05 15:31:02 - [TEST_STEP][PASSED] - delay: Delayed 2 second(s)

2018-12-05 15:31:04 - [MESSAGE][PASSED] - Delayed 2 second(s)

2018-12-05 15:31:04 - [TEST_STEP][PASSED] - click: Object: 'Object Repository/Final Object Repo/Page_Request SSN - ASSIST/Submit' is clicked on

2018-12-05 15:31:06 - [MESSAGE][PASSED] - Object: 'Object Repository/Final Object Repo/Page_Request SSN - ASSIST/Submit' is clicked on

2018-12-05 15:31:06 - [TEST_STEP][PASSED] - delay: Delayed 2 second(s)

2018-12-05 15:31:08 - [MESSAGE][PASSED] - Delayed 2 second(s)

2018-12-05 15:31:08 - [TEST_STEP][PASSED] - click: Object: 'Object Repository/Final Object Repo/Page_Request SSN - ASSIST/Confirm' is clicked on

2018-12-05 15:31:09 - [MESSAGE][PASSED] - Object: 'Object Repository/Final Object Repo/Page_Request SSN - ASSIST/Confirm' is clicked on

2018-12-05 15:31:09 - [TEST_STEP][PASSED] - delay: Delayed 2 second(s)

2018-12-05 15:31:11 - [MESSAGE][PASSED] - Delayed 2 second(s)

2018-12-05 15:31:11 - [TEST_STEP][PASSED] - verifyElementVisible: Object 'Object Repository/Final Object Repo/Page_Request SSN - ASSIST/Message This Case will be routed to RIO' is visible

2018-12-05 15:31:16 - [MESSAGE][PASSED] - Object 'Object Repository/Final Object Repo/Page_Request SSN - ASSIST/Message This Case will be routed to RIO' is visible

2018-12-05 15:31:16 - [TEST_STEP][PASSED] - delay: Delayed 2 second(s)

2018-12-05 15:31:18 - [MESSAGE][PASSED] - Delayed 2 second(s)

2018-12-05 15:31:18 - [TEST_STEP][PASSED] - verifyElementVisible: Object 'Object Repository/Final Object Repo/Page_Request SSN - ASSIST/Letter of acknowledgement' is visible

2018-12-05 15:31:18 - [MESSAGE][PASSED] - Object 'Object Repository/Final Object Repo/Page_Request SSN - ASSIST/Letter of acknowledgement' is visible

2018-12-05 15:31:18 - [MESSAGE][PASSED] - Call Test Case 'Test Cases/Final Aug 2018 - PKS Automation/Registration Module/Workflow/Request SSN/Template/Request SSN - OTC (Using Current Employer Code)' successfully

2018-12-05 15:31:18 - [TEST_STEP][FAILED] - callTestCase: Unable to call Test Case with id 'Test Cases/Final Aug 2018 - PKS Automation/Registration Module/Workflow/Request SSN/Template/Request SSN RIO - RO (Approve)' (Root cause: Call Test Case 'Test Cases/Final Aug 2018 - PKS Automation/Registration Module/Workflow/Request SSN/Template/Request SSN RIO - RO (Approve)' failed)

2018-12-05 15:31:18 - [TEST_CASE][FAILED] - Test Cases/Final Aug 2018 - PKS Automation/Registration Module/Workflow/Request SSN/Template/Request SSN RIO - RO (Approve): Test Cases/Final Aug 2018 - PKS Automation/Registration Module/Workflow/Request SSN/Template/Request SSN RIO - RO (Approve) FAILED because (of) (Stack trace: com.kms.katalon.core.exception.StepFailedException: Unable to click on object 'Object Repository/Final Object Repo/Page_MyASSIST - ASSIST - Search Pending Case For Add Supporting Document/Continue' (Root cause: com.kms.katalon.core.webui.exception.WebElementNotFoundException: Web element with id: 'Object Repository/Final Object Repo/Page_MyASSIST - ASSIST - Search Pending Case For Add Supporting Document/Continue' located by 'By.xpath: //i[@data-original-title = 'Continue']' not found)
	at com.kms.katalon.core.keyword.internal.KeywordMain.stepFailed(KeywordMain.groovy:32)
	at com.kms.katalon.core.webui.keyword.internal.WebUIKeywordMain.stepFailed(WebUIKeywordMain.groovy:65)
	at com.kms.katalon.core.webui.keyword.internal.WebUIKeywordMain.runKeyword(WebUIKeywordMain.groovy:27)
	at com.kms.katalon.core.webui.keyword.builtin.ClickKeyword.click(ClickKeyword.groovy:86)
	at com.kms.katalon.core.webui.keyword.builtin.ClickKeyword.execute(ClickKeyword.groovy:67)
	at com.kms.katalon.core.keyword.internal.KeywordExecutor.executeKeywordForPlatform(KeywordExecutor.groovy:53)
	at com.kms.katalon.core.webui.keyword.WebUiBuiltInKeywords.click(WebUiBuiltInKeywords.groovy:616)
	at com.kms.katalon.core.webui.keyword.WebUiBuiltInKeywords$click$2.call(Unknown Source)
	at org.codehaus.groovy.runtime.callsite.CallSiteArray.defaultCall(CallSiteArray.java:48)
	at org.codehaus.groovy.runtime.callsite.AbstractCallSite.call(AbstractCallSite.java:113)
	at org.codehaus.groovy.runtime.callsite.AbstractCallSite.call(AbstractCallSite.java:125)
	at Script1536896984070.run(Script1536896984070.groovy:66)
	at com.kms.katalon.core.main.ScriptEngine.run(ScriptEngine.java:183)
	at com.kms.katalon.core.main.ScriptEngine.runScriptAsRawText(ScriptEngine.java:108)
	at com.kms.katalon.core.main.TestCaseExecutor.runScript(TestCaseExecutor.java:294)
	at com.kms.katalon.core.main.TestCaseExecutor.doExecute(TestCaseExecutor.java:285)
	at com.kms.katalon.core.main.TestCaseExecutor.processExecutionPhase(TestCaseExecutor.java:264)
	at com.kms.katalon.core.main.TestCaseExecutor.accessMainPhase(TestCaseExecutor.java:256)
	at com.kms.katalon.core.main.TestCaseExecutor.execute(TestCaseExecutor.java:200)
	at com.kms.katalon.core.main.TestCaseMain.runTestCase(TestCaseMain.java:99)
	at com.kms.katalon.core.keyword.builtin.CallTestCaseKeyword$_callTestCase_closure1.doCall(CallTestCaseKeyword.groovy:60)
	at com.kms.katalon.core.keyword.builtin.CallTestCaseKeyword$_callTestCase_closure1.call(CallTestCaseKeyword.groovy)
	at com.kms.katalon.core.keyword.internal.KeywordMain.runKeyword(KeywordMain.groovy:54)
	at com.kms.katalon.core.keyword.builtin.CallTestCaseKeyword.callTestCase(CallTestCaseKeyword.groovy:81)
	at com.kms.katalon.core.keyword.builtin.CallTestCaseKeyword.execute(CallTestCaseKeyword.groovy:45)
	at com.kms.katalon.core.keyword.internal.KeywordExecutor.executeKeywordForPlatform(KeywordExecutor.groovy:53)
	at com.kms.katalon.core.keyword.BuiltinKeywords.callTestCase(BuiltinKeywords.groovy:334)
	at sun.reflect.NativeMethodAccessorImpl.invoke0(Native Method)
	at sun.reflect.NativeMethodAccessorImpl.invoke(NativeMethodAccessorImpl.java:62)
	at sun.reflect.DelegatingMethodAccessorImpl.invoke(DelegatingMethodAccessorImpl.java:43)
	at java.lang.reflect.Method.invoke(Method.java:498)
	at org.codehaus.groovy.reflection.CachedMethod.invoke(CachedMethod.java:93)
	at groovy.lang.MetaMethod.doMethodInvoke(MetaMethod.java:325)
	at groovy.lang.MetaClassImpl.invokeStaticMethod(MetaClassImpl.java:1469)
	at org.codehaus.groovy.runtime.callsite.StaticMetaClassSite.call(StaticMetaClassSite.java:53)
	at org.codehaus.groovy.runtime.callsite.CallSiteArray.defaultCall(CallSiteArray.java:48)
	at org.codehaus.groovy.runtime.callsite.AbstractCallSite.call(AbstractCallSite.java:113)
	at org.codehaus.groovy.runtime.callsite.AbstractCallSite.call(AbstractCallSite.java:141)
	at Script1537865992110.run(Script1537865992110.groovy:39)
	at com.kms.katalon.core.main.ScriptEngine.run(ScriptEngine.java:183)
	at com.kms.katalon.core.main.ScriptEngine.runScriptAsRawText(ScriptEngine.java:108)
	at com.kms.katalon.core.main.TestCaseExecutor.runScript(TestCaseExecutor.java:294)
	at com.kms.katalon.core.main.TestCaseExecutor.doExecute(TestCaseExecutor.java:285)
	at com.kms.katalon.core.main.TestCaseExecutor.processExecutionPhase(TestCaseExecutor.java:264)
	at com.kms.katalon.core.main.TestCaseExecutor.accessMainPhase(TestCaseExecutor.java:256)
	at com.kms.katalon.core.main.TestCaseExecutor.execute(TestCaseExecutor.java:200)
	at com.kms.katalon.core.main.TestCaseMain.runTestCase(TestCaseMain.java:99)
	at com.kms.katalon.core.keyword.builtin.CallTestCaseKeyword$_callTestCase_closure1.doCall(CallTestCaseKeyword.groovy:60)
	at com.kms.katalon.core.keyword.builtin.CallTestCaseKeyword$_callTestCase_closure1.call(CallTestCaseKeyword.groovy)
	at com.kms.katalon.core.keyword.internal.KeywordMain.runKeyword(KeywordMain.groovy:54)
	at com.kms.katalon.core.keyword.builtin.CallTestCaseKeyword.callTestCase(CallTestCaseKeyword.groovy:81)
	at com.kms.katalon.core.keyword.builtin.CallTestCaseKeyword.execute(CallTestCaseKeyword.groovy:45)
	at com.kms.katalon.core.keyword.internal.KeywordExecutor.executeKeywordForPlatform(KeywordExecutor.groovy:53)
	at com.kms.katalon.core.keyword.BuiltinKeywords.callTestCase(BuiltinKeywords.groovy:334)
	at sun.reflect.NativeMethodAccessorImpl.invoke0(Native Method)
	at sun.reflect.NativeMethodAccessorImpl.invoke(NativeMethodAccessorImpl.java:62)
	at sun.reflect.DelegatingMethodAccessorImpl.invoke(DelegatingMethodAccessorImpl.java:43)
	at java.lang.reflect.Method.invoke(Method.java:498)
	at org.codehaus.groovy.reflection.CachedMethod.invoke(CachedMethod.java:93)
	at groovy.lang.MetaMethod.doMethodInvoke(MetaMethod.java:325)
	at groovy.lang.MetaClassImpl.invokeStaticMethod(MetaClassImpl.java:1469)
	at org.codehaus.groovy.runtime.callsite.StaticMetaClassSite.call(StaticMetaClassSite.java:53)
	at org.codehaus.groovy.runtime.callsite.CallSiteArray.defaultCall(CallSiteArray.java:48)
	at org.codehaus.groovy.runtime.callsite.AbstractCallSite.call(AbstractCallSite.java:113)
	at org.codehaus.groovy.runtime.callsite.AbstractCallSite.call(AbstractCallSite.java:141)
	at Script1536300508581.run(Script1536300508581.groovy:26)
	at com.kms.katalon.core.main.ScriptEngine.run(ScriptEngine.java:183)
	at com.kms.katalon.core.main.ScriptEngine.runScriptAsRawText(ScriptEngine.java:108)
	at com.kms.katalon.core.main.TestCaseExecutor.runScript(TestCaseExecutor.java:294)
	at com.kms.katalon.core.main.TestCaseExecutor.doExecute(TestCaseExecutor.java:285)
	at com.kms.katalon.core.main.TestCaseExecutor.processExecutionPhase(TestCaseExecutor.java:264)
	at com.kms.katalon.core.main.TestCaseExecutor.accessMainPhase(TestCaseExecutor.java:256)
	at com.kms.katalon.core.main.TestCaseExecutor.execute(TestCaseExecutor.java:200)
	at com.kms.katalon.core.main.TestSuiteExecutor.accessTestCaseMainPhase(TestSuiteExecutor.java:129)
	at com.kms.katalon.core.main.TestSuiteExecutor.accessTestSuiteMainPhase(TestSuiteExecutor.java:112)
	at com.kms.katalon.core.main.TestSuiteExecutor.execute(TestSuiteExecutor.java:81)
	at com.kms.katalon.core.main.TestCaseMain.startTestSuite(TestCaseMain.java:142)
	at com.kms.katalon.core.main.TestCaseMain$startTestSuite$0.call(Unknown Source)
	at org.codehaus.groovy.runtime.callsite.CallSiteArray.defaultCall(CallSiteArray.java:48)
	at org.codehaus.groovy.runtime.callsite.AbstractCallSite.call(AbstractCallSite.java:113)
	at org.codehaus.groovy.runtime.callsite.AbstractCallSite.call(AbstractCallSite.java:141)
	at TempTestSuite1543994986730.run(TempTestSuite1543994986730.groovy:36)
	at groovy.lang.GroovyShell.runScriptOrMainOrTestOrRunnable(GroovyShell.java:263)
	at groovy.lang.GroovyShell.run(GroovyShell.java:518)
	at groovy.lang.GroovyShell.run(GroovyShell.java:507)
	at groovy.ui.GroovyMain.processOnce(GroovyMain.java:653)
	at groovy.ui.GroovyMain.run(GroovyMain.java:384)
	at groovy.ui.GroovyMain.process(GroovyMain.java:370)
	at groovy.ui.GroovyMain.processArgs(GroovyMain.java:129)
	at groovy.ui.GroovyMain.main(GroovyMain.java:109)
	at sun.reflect.NativeMethodAccessorImpl.invoke0(Native Method)
	at sun.reflect.NativeMethodAccessorImpl.invoke(NativeMethodAccessorImpl.java:62)
	at sun.reflect.DelegatingMethodAccessorImpl.invoke(DelegatingMethodAccessorImpl.java:43)
	at java.lang.reflect.Method.invoke(Method.java:498)
	at org.codehaus.groovy.tools.GroovyStarter.rootLoader(GroovyStarter.java:109)
	at org.codehaus.groovy.tools.GroovyStarter.main(GroovyStarter.java:131)
)

2018-12-05 15:31:19 - [TEST_STEP][NOT_RUN] - callTestCase: NOT_RUN: callTestCase

2018-12-05 15:31:19 - [MESSAGE][NOT_RUN] - NOT_RUN: callTestCase

2018-12-05 15:31:19 - [TEST_STEP][PASSED] - delay: Delayed 2 second(s)

2018-12-05 15:31:21 - [MESSAGE][PASSED] - Delayed 2 second(s)

2018-12-05 15:31:21 - [TEST_STEP][PASSED] - navigateToUrl: Navigate to 'https://assist2-uat.perkeso.gov.my/c/portal/logout' successfully

2018-12-05 15:31:21 - [MESSAGE][PASSED] - Navigate to 'https://assist2-uat.perkeso.gov.my/c/portal/logout' successfully

2018-12-05 15:31:21 - [TEST_STEP][PASSED] - delay: Delayed 2 second(s)

2018-12-05 15:31:23 - [MESSAGE][PASSED] - Delayed 2 second(s)

2018-12-05 15:31:23 - [TEST_STEP][PASSED] - callTestCase: Call Test Case 'Test Cases/Final Aug 2018 - PKS Automation/Common/Workflow Owner Finder' successfully

2018-12-05 15:31:23 - [TEST_CASE][PASSED] - Test Cases/Final Aug 2018 - PKS Automation/Common/Workflow Owner Finder: Test Cases/Final Aug 2018 - PKS Automation/Common/Workflow Owner Finder

2018-12-05 15:31:24 - [TEST_STEP][PASSED] - openBrowser: Browser is opened with url: ''

2018-12-05 15:31:24 - [MESSAGE][WARNING] - A browser is already opened. Closing browser and opening a new one

2018-12-05 15:31:27 - [MESSAGE][PASSED] - Browser is opened with url: ''

2018-12-05 15:31:27 - [TEST_STEP][PASSED] - navigateToUrl: Navigate to 'https://assist2-uat.perkeso.gov.my/login' successfully

2018-12-05 15:31:28 - [MESSAGE][PASSED] - Navigate to 'https://assist2-uat.perkeso.gov.my/login' successfully

2018-12-05 15:31:28 - [TEST_STEP][PASSED] - delay: Delayed 5 second(s)

2018-12-05 15:31:33 - [MESSAGE][PASSED] - Delayed 5 second(s)

2018-12-05 15:31:33 - [TEST_STEP][PASSED] - setText: Text 'test@liferay.com' is set on object 'Object Repository/Final Object Repo/Login Page/Internal User/Email Address'

2018-12-05 15:31:33 - [MESSAGE][PASSED] - Text 'test@liferay.com' is set on object 'Object Repository/Final Object Repo/Login Page/Internal User/Email Address'

2018-12-05 15:31:33 - [TEST_STEP][PASSED] - click: Object: 'Object Repository/Final Object Repo/Login Page/Internal User/Next Button' is clicked on

2018-12-05 15:31:33 - [MESSAGE][PASSED] - Object: 'Object Repository/Final Object Repo/Login Page/Internal User/Next Button' is clicked on

2018-12-05 15:31:33 - [TEST_STEP][PASSED] - delay: Delayed 2 second(s)

2018-12-05 15:31:35 - [MESSAGE][PASSED] - Delayed 2 second(s)

2018-12-05 15:31:35 - [TEST_STEP][PASSED] - setText: Text 'test' is set on object 'Object Repository/Final Object Repo/Login Page/Internal User/Password'

2018-12-05 15:31:36 - [MESSAGE][PASSED] - Text 'test' is set on object 'Object Repository/Final Object Repo/Login Page/Internal User/Password'

2018-12-05 15:31:36 - [TEST_STEP][PASSED] - delay: Delayed 2 second(s)

2018-12-05 15:31:38 - [MESSAGE][PASSED] - Delayed 2 second(s)

2018-12-05 15:31:38 - [TEST_STEP][PASSED] - click: Object: 'Object Repository/Final Object Repo/Login Page/Internal User/Login Button' is clicked on

2018-12-05 15:31:38 - [MESSAGE][PASSED] - Object: 'Object Repository/Final Object Repo/Login Page/Internal User/Login Button' is clicked on

2018-12-05 15:31:38 - [TEST_STEP][PASSED] - Statement - tester = com.kms.katalon.core.testobject.ObjectRepository.findTestObject(Final Object Repo/Landing Page/Select to English): Finding Test Object with id 'Object Repository/Final Object Repo/Landing Page/Select to English'

2018-12-05 15:31:38 - [TEST_STEP][PASSED] - Statement - Try: Delayed 2 second(s)

2018-12-05 15:31:38 - [TEST_STEP][PASSED] - Statement - Checker = com.kms.katalon.core.webui.keyword.WebUiBuiltInKeywords.verifyElementNotPresent(tester, 3): Web element with id: 'Object Repository/Final Object Repo/Landing Page/Select to English' located by 'By.xpath: //a[@class = 'taglib-language-list-text' and @lang = 'en-US' and (contains(text(), 'EN') or contains(., 'EN'))]' is not present after '3' second(s)

2018-12-05 15:31:40 - [MESSAGE][PASSED] - Web element with id: 'Object Repository/Final Object Repo/Landing Page/Select to English' located by 'By.xpath: //a[@class = 'taglib-language-list-text' and @lang = 'en-US' and (contains(text(), 'EN') or contains(., 'EN'))]' is not present after '3' second(s)

2018-12-05 15:31:40 - [TEST_STEP][PASSED] - Statement - If (Checker == false): null

2018-12-05 15:31:40 - [TEST_STEP][PASSED] - delay: Delayed 2 second(s)

2018-12-05 15:31:42 - [MESSAGE][PASSED] - Delayed 2 second(s)

2018-12-05 15:31:42 - [TEST_STEP][PASSED] - delay: Delayed 5 second(s)

2018-12-05 15:31:47 - [MESSAGE][PASSED] - Delayed 5 second(s)

2018-12-05 15:31:47 - [TEST_STEP][PASSED] - mouseOver: Object: 'Object Repository/Final Object Repo/Landing Page/WorkFlow Menu' is hovered

2018-12-05 15:31:47 - [MESSAGE][PASSED] - Object: 'Object Repository/Final Object Repo/Landing Page/WorkFlow Menu' is hovered

2018-12-05 15:31:47 - [TEST_STEP][PASSED] - delay: Delayed 2 second(s)

2018-12-05 15:31:49 - [MESSAGE][PASSED] - Delayed 2 second(s)

2018-12-05 15:31:49 - [TEST_STEP][PASSED] - click: Object: 'Object Repository/Final Object Repo/Landing Page/Select to Workflow Listing' is clicked on

2018-12-05 15:31:50 - [MESSAGE][PASSED] - Object: 'Object Repository/Final Object Repo/Landing Page/Select to Workflow Listing' is clicked on

2018-12-05 15:31:50 - [TEST_STEP][PASSED] - delay: Delayed 2 second(s)

2018-12-05 15:31:52 - [MESSAGE][PASSED] - Delayed 2 second(s)

2018-12-05 15:31:52 - [TEST_STEP][PASSED] - click: Object: 'Object Repository/Final Object Repo/WorkFlow Listing Page/Search Information - To Put Ref No' is clicked on

2018-12-05 15:31:52 - [MESSAGE][PASSED] - Object: 'Object Repository/Final Object Repo/WorkFlow Listing Page/Search Information - To Put Ref No' is clicked on

2018-12-05 15:31:52 - [TEST_STEP][PASSED] - delay: Delayed 2 second(s)

2018-12-05 15:31:54 - [MESSAGE][PASSED] - Delayed 2 second(s)

2018-12-05 15:31:54 - [TEST_STEP][PASSED] - callTestCase: Call Test Case 'Test Cases/Final Aug 2018 - PKS Automation/Common/Reference Number Getter' successfully

2018-12-05 15:31:55 - [TEST_CASE][PASSED] - Test Cases/Final Aug 2018 - PKS Automation/Common/Reference Number Getter: Test Cases/Final Aug 2018 - PKS Automation/Common/Reference Number Getter

2018-12-05 15:31:55 - [TEST_STEP][PASSED] - Statement - Try: null

2018-12-05 15:31:55 - [TEST_STEP][PASSED] - Statement - RefNo = new java.io.File(C://Users//Admin//Desktop//PKS//Automation Reference Point//KatalonReference.txt): null

2018-12-05 15:31:55 - [TEST_STEP][PASSED] - Statement - bufferread = new java.io.BufferedReader(new java.io.FileReader(RefNo)): null

2018-12-05 15:31:55 - [TEST_STEP][PASSED] - Statement - readedVal = bufferread.readLine(): null

2018-12-05 15:31:55 - [TEST_STEP][PASSED] - Statement - out.println(CaseReferenceNo): null

2018-12-05 15:31:55 - [TEST_STEP][PASSED] - Statement - out.println(readedVal): null

2018-12-05 15:31:55 - [TEST_STEP][PASSED] - Statement - CaseReferenceNo = "": null

2018-12-05 15:31:55 - [TEST_STEP][PASSED] - Statement - CaseReferenceNo = readedVal: null

2018-12-05 15:31:55 - [MESSAGE][PASSED] - Call Test Case 'Test Cases/Final Aug 2018 - PKS Automation/Common/Reference Number Getter' successfully

2018-12-05 15:31:55 - [TEST_STEP][PASSED] - setText: Text 'CRN12201800123009' is set on object 'Object Repository/Final Object Repo/WorkFlow Listing Page/Ref No Set Text'

2018-12-05 15:31:55 - [MESSAGE][PASSED] - Text 'CRN12201800123009' is set on object 'Object Repository/Final Object Repo/WorkFlow Listing Page/Ref No Set Text'

2018-12-05 15:31:55 - [TEST_STEP][PASSED] - delay: Delayed 2 second(s)

2018-12-05 15:31:57 - [MESSAGE][PASSED] - Delayed 2 second(s)

2018-12-05 15:31:57 - [TEST_STEP][PASSED] - click: Object: 'Object Repository/Final Object Repo/WorkFlow Listing Page/Search Ref No Search Button' is clicked on

2018-12-05 15:31:58 - [MESSAGE][PASSED] - Object: 'Object Repository/Final Object Repo/WorkFlow Listing Page/Search Ref No Search Button' is clicked on

2018-12-05 15:31:58 - [TEST_STEP][PASSED] - delay: Delayed 6 second(s)

2018-12-05 15:32:04 - [MESSAGE][PASSED] - Delayed 6 second(s)

2018-12-05 15:32:04 - [TEST_STEP][PASSED] - click: Object: 'Object Repository/Final Object Repo/WorkFlow Listing Page/Click Continue Tooltip' is clicked on

2018-12-05 15:32:05 - [MESSAGE][PASSED] - Object: 'Object Repository/Final Object Repo/WorkFlow Listing Page/Click Continue Tooltip' is clicked on

2018-12-05 15:32:05 - [TEST_STEP][PASSED] - delay: Delayed 5 second(s)

2018-12-05 15:32:10 - [MESSAGE][PASSED] - Delayed 5 second(s)

2018-12-05 15:32:10 - [TEST_STEP][PASSED] - doubleClick: Object: 'Object Repository/Final Object Repo/WorkFlow Listing Page/Workflow Found - Listing 1' is double clicked on

2018-12-05 15:32:10 - [MESSAGE][PASSED] - Object: 'Object Repository/Final Object Repo/WorkFlow Listing Page/Workflow Found - Listing 1' is double clicked on

2018-12-05 15:32:10 - [TEST_STEP][PASSED] - Statement - println(OwnerID): null

2018-12-05 15:32:10 - [TEST_STEP][PASSED] - Statement - OwnerID = com.kms.katalon.core.webui.keyword.WebUiBuiltInKeywords.getText(com.kms.katalon.core.testobject.ObjectRepository.findTestObject(Final Object Repo/WorkFlow Listing Page/Workflow Found - Listing 1), STOP_ON_FAILURE): Text of object 'Object Repository/Final Object Repo/WorkFlow Listing Page/Workflow Found - Listing 1' is: 'JOHORro2'

2018-12-05 15:32:10 - [MESSAGE][PASSED] - Text of object 'Object Repository/Final Object Repo/WorkFlow Listing Page/Workflow Found - Listing 1' is: 'JOHORro2'

2018-12-05 15:32:10 - [TEST_STEP][PASSED] - Statement - OwnerID = OwnerID.toLowerCase() + "@gmail.com": null

2018-12-05 15:32:10 - [TEST_STEP][PASSED] - Statement - println(OwnerID): null

2018-12-05 15:32:10 - [TEST_STEP][PASSED] - delay: Delayed 2 second(s)

2018-12-05 15:32:12 - [MESSAGE][PASSED] - Delayed 2 second(s)

2018-12-05 15:32:12 - [MESSAGE][PASSED] - Call Test Case 'Test Cases/Final Aug 2018 - PKS Automation/Common/Workflow Owner Finder' successfully

2018-12-05 15:32:12 - [TEST_STEP][PASSED] - delay: Delayed 2 second(s)

2018-12-05 15:32:14 - [MESSAGE][PASSED] - Delayed 2 second(s)

2018-12-05 15:32:14 - [TEST_STEP][PASSED] - navigateToUrl: Navigate to 'https://assist2-uat.perkeso.gov.my/c/portal/logout' successfully

2018-12-05 15:32:15 - [MESSAGE][PASSED] - Navigate to 'https://assist2-uat.perkeso.gov.my/c/portal/logout' successfully

2018-12-05 15:32:15 - [TEST_STEP][PASSED] - delay: Delayed 2 second(s)

2018-12-05 15:32:17 - [MESSAGE][PASSED] - Delayed 2 second(s)

2018-12-05 15:32:17 - [TEST_STEP][FAILED] - callTestCase: Unable to call Test Case with id 'Test Cases/Final Aug 2018 - PKS Automation/Registration Module/Workflow/Login and Search Case For Workflow' (Root cause: Call Test Case 'Test Cases/Final Aug 2018 - PKS Automation/Registration Module/Workflow/Login and Search Case For Workflow' failed)

2018-12-05 15:32:17 - [TEST_CASE][FAILED] - Test Cases/Final Aug 2018 - PKS Automation/Registration Module/Workflow/Login and Search Case For Workflow: Test Cases/Final Aug 2018 - PKS Automation/Registration Module/Workflow/Login and Search Case For Workflow FAILED because (of) (Stack trace: com.kms.katalon.core.exception.StepFailedException: Unable to click on object 'Object Repository/Final Object Repo/Page_MyASSIST - ASSIST - Search Pending Case For Add Supporting Document/Continue' (Root cause: com.kms.katalon.core.webui.exception.WebElementNotFoundException: Web element with id: 'Object Repository/Final Object Repo/Page_MyASSIST - ASSIST - Search Pending Case For Add Supporting Document/Continue' located by 'By.xpath: //i[@data-original-title = 'Continue']' not found)
	at com.kms.katalon.core.keyword.internal.KeywordMain.stepFailed(KeywordMain.groovy:32)
	at com.kms.katalon.core.webui.keyword.internal.WebUIKeywordMain.stepFailed(WebUIKeywordMain.groovy:65)
	at com.kms.katalon.core.webui.keyword.internal.WebUIKeywordMain.runKeyword(WebUIKeywordMain.groovy:27)
	at com.kms.katalon.core.webui.keyword.builtin.ClickKeyword.click(ClickKeyword.groovy:86)
	at com.kms.katalon.core.webui.keyword.builtin.ClickKeyword.execute(ClickKeyword.groovy:67)
	at com.kms.katalon.core.keyword.internal.KeywordExecutor.executeKeywordForPlatform(KeywordExecutor.groovy:53)
	at com.kms.katalon.core.webui.keyword.WebUiBuiltInKeywords.click(WebUiBuiltInKeywords.groovy:616)
	at com.kms.katalon.core.webui.keyword.WebUiBuiltInKeywords$click$2.call(Unknown Source)
	at org.codehaus.groovy.runtime.callsite.CallSiteArray.defaultCall(CallSiteArray.java:48)
	at org.codehaus.groovy.runtime.callsite.AbstractCallSite.call(AbstractCallSite.java:113)
	at org.codehaus.groovy.runtime.callsite.AbstractCallSite.call(AbstractCallSite.java:125)
	at Script1536896984070.run(Script1536896984070.groovy:66)
	at com.kms.katalon.core.main.ScriptEngine.run(ScriptEngine.java:183)
	at com.kms.katalon.core.main.ScriptEngine.runScriptAsRawText(ScriptEngine.java:108)
	at com.kms.katalon.core.main.TestCaseExecutor.runScript(TestCaseExecutor.java:294)
	at com.kms.katalon.core.main.TestCaseExecutor.doExecute(TestCaseExecutor.java:285)
	at com.kms.katalon.core.main.TestCaseExecutor.processExecutionPhase(TestCaseExecutor.java:264)
	at com.kms.katalon.core.main.TestCaseExecutor.accessMainPhase(TestCaseExecutor.java:256)
	at com.kms.katalon.core.main.TestCaseExecutor.execute(TestCaseExecutor.java:200)
	at com.kms.katalon.core.main.TestCaseMain.runTestCase(TestCaseMain.java:99)
	at com.kms.katalon.core.keyword.builtin.CallTestCaseKeyword$_callTestCase_closure1.doCall(CallTestCaseKeyword.groovy:60)
	at com.kms.katalon.core.keyword.builtin.CallTestCaseKeyword$_callTestCase_closure1.call(CallTestCaseKeyword.groovy)
	at com.kms.katalon.core.keyword.internal.KeywordMain.runKeyword(KeywordMain.groovy:54)
	at com.kms.katalon.core.keyword.builtin.CallTestCaseKeyword.callTestCase(CallTestCaseKeyword.groovy:81)
	at com.kms.katalon.core.keyword.builtin.CallTestCaseKeyword.execute(CallTestCaseKeyword.groovy:45)
	at com.kms.katalon.core.keyword.internal.KeywordExecutor.executeKeywordForPlatform(KeywordExecutor.groovy:53)
	at com.kms.katalon.core.keyword.BuiltinKeywords.callTestCase(BuiltinKeywords.groovy:334)
	at sun.reflect.NativeMethodAccessorImpl.invoke0(Native Method)
	at sun.reflect.NativeMethodAccessorImpl.invoke(NativeMethodAccessorImpl.java:62)
	at sun.reflect.DelegatingMethodAccessorImpl.invoke(DelegatingMethodAccessorImpl.java:43)
	at java.lang.reflect.Method.invoke(Method.java:498)
	at org.codehaus.groovy.reflection.CachedMethod.invoke(CachedMethod.java:93)
	at groovy.lang.MetaMethod.doMethodInvoke(MetaMethod.java:325)
	at groovy.lang.MetaClassImpl.invokeStaticMethod(MetaClassImpl.java:1469)
	at org.codehaus.groovy.runtime.callsite.StaticMetaClassSite.call(StaticMetaClassSite.java:53)
	at org.codehaus.groovy.runtime.callsite.CallSiteArray.defaultCall(CallSiteArray.java:48)
	at org.codehaus.groovy.runtime.callsite.AbstractCallSite.call(AbstractCallSite.java:113)
	at org.codehaus.groovy.runtime.callsite.AbstractCallSite.call(AbstractCallSite.java:141)
	at Script1537865992110.run(Script1537865992110.groovy:39)
	at com.kms.katalon.core.main.ScriptEngine.run(ScriptEngine.java:183)
	at com.kms.katalon.core.main.ScriptEngine.runScriptAsRawText(ScriptEngine.java:108)
	at com.kms.katalon.core.main.TestCaseExecutor.runScript(TestCaseExecutor.java:294)
	at com.kms.katalon.core.main.TestCaseExecutor.doExecute(TestCaseExecutor.java:285)
	at com.kms.katalon.core.main.TestCaseExecutor.processExecutionPhase(TestCaseExecutor.java:264)
	at com.kms.katalon.core.main.TestCaseExecutor.accessMainPhase(TestCaseExecutor.java:256)
	at com.kms.katalon.core.main.TestCaseExecutor.execute(TestCaseExecutor.java:200)
	at com.kms.katalon.core.main.TestCaseMain.runTestCase(TestCaseMain.java:99)
	at com.kms.katalon.core.keyword.builtin.CallTestCaseKeyword$_callTestCase_closure1.doCall(CallTestCaseKeyword.groovy:60)
	at com.kms.katalon.core.keyword.builtin.CallTestCaseKeyword$_callTestCase_closure1.call(CallTestCaseKeyword.groovy)
	at com.kms.katalon.core.keyword.internal.KeywordMain.runKeyword(KeywordMain.groovy:54)
	at com.kms.katalon.core.keyword.builtin.CallTestCaseKeyword.callTestCase(CallTestCaseKeyword.groovy:81)
	at com.kms.katalon.core.keyword.builtin.CallTestCaseKeyword.execute(CallTestCaseKeyword.groovy:45)
	at com.kms.katalon.core.keyword.internal.KeywordExecutor.executeKeywordForPlatform(KeywordExecutor.groovy:53)
	at com.kms.katalon.core.keyword.BuiltinKeywords.callTestCase(BuiltinKeywords.groovy:334)
	at sun.reflect.NativeMethodAccessorImpl.invoke0(Native Method)
	at sun.reflect.NativeMethodAccessorImpl.invoke(NativeMethodAccessorImpl.java:62)
	at sun.reflect.DelegatingMethodAccessorImpl.invoke(DelegatingMethodAccessorImpl.java:43)
	at java.lang.reflect.Method.invoke(Method.java:498)
	at org.codehaus.groovy.reflection.CachedMethod.invoke(CachedMethod.java:93)
	at groovy.lang.MetaMethod.doMethodInvoke(MetaMethod.java:325)
	at groovy.lang.MetaClassImpl.invokeStaticMethod(MetaClassImpl.java:1469)
	at org.codehaus.groovy.runtime.callsite.StaticMetaClassSite.call(StaticMetaClassSite.java:53)
	at org.codehaus.groovy.runtime.callsite.CallSiteArray.defaultCall(CallSiteArray.java:48)
	at org.codehaus.groovy.runtime.callsite.AbstractCallSite.call(AbstractCallSite.java:113)
	at org.codehaus.groovy.runtime.callsite.AbstractCallSite.call(AbstractCallSite.java:141)
	at Script1536300508581.run(Script1536300508581.groovy:26)
	at com.kms.katalon.core.main.ScriptEngine.run(ScriptEngine.java:183)
	at com.kms.katalon.core.main.ScriptEngine.runScriptAsRawText(ScriptEngine.java:108)
	at com.kms.katalon.core.main.TestCaseExecutor.runScript(TestCaseExecutor.java:294)
	at com.kms.katalon.core.main.TestCaseExecutor.doExecute(TestCaseExecutor.java:285)
	at com.kms.katalon.core.main.TestCaseExecutor.processExecutionPhase(TestCaseExecutor.java:264)
	at com.kms.katalon.core.main.TestCaseExecutor.accessMainPhase(TestCaseExecutor.java:256)
	at com.kms.katalon.core.main.TestCaseExecutor.execute(TestCaseExecutor.java:200)
	at com.kms.katalon.core.main.TestSuiteExecutor.accessTestCaseMainPhase(TestSuiteExecutor.java:129)
	at com.kms.katalon.core.main.TestSuiteExecutor.accessTestSuiteMainPhase(TestSuiteExecutor.java:112)
	at com.kms.katalon.core.main.TestSuiteExecutor.execute(TestSuiteExecutor.java:81)
	at com.kms.katalon.core.main.TestCaseMain.startTestSuite(TestCaseMain.java:142)
	at com.kms.katalon.core.main.TestCaseMain$startTestSuite$0.call(Unknown Source)
	at org.codehaus.groovy.runtime.callsite.CallSiteArray.defaultCall(CallSiteArray.java:48)
	at org.codehaus.groovy.runtime.callsite.AbstractCallSite.call(AbstractCallSite.java:113)
	at org.codehaus.groovy.runtime.callsite.AbstractCallSite.call(AbstractCallSite.java:141)
	at TempTestSuite1543994986730.run(TempTestSuite1543994986730.groovy:36)
	at groovy.lang.GroovyShell.runScriptOrMainOrTestOrRunnable(GroovyShell.java:263)
	at groovy.lang.GroovyShell.run(GroovyShell.java:518)
	at groovy.lang.GroovyShell.run(GroovyShell.java:507)
	at groovy.ui.GroovyMain.processOnce(GroovyMain.java:653)
	at groovy.ui.GroovyMain.run(GroovyMain.java:384)
	at groovy.ui.GroovyMain.process(GroovyMain.java:370)
	at groovy.ui.GroovyMain.processArgs(GroovyMain.java:129)
	at groovy.ui.GroovyMain.main(GroovyMain.java:109)
	at sun.reflect.NativeMethodAccessorImpl.invoke0(Native Method)
	at sun.reflect.NativeMethodAccessorImpl.invoke(NativeMethodAccessorImpl.java:62)
	at sun.reflect.DelegatingMethodAccessorImpl.invoke(DelegatingMethodAccessorImpl.java:43)
	at java.lang.reflect.Method.invoke(Method.java:498)
	at org.codehaus.groovy.tools.GroovyStarter.rootLoader(GroovyStarter.java:109)
	at org.codehaus.groovy.tools.GroovyStarter.main(GroovyStarter.java:131)
)

2018-12-05 15:32:17 - [TEST_STEP][PASSED] - navigateToUrl: Navigate to 'https://assist2-uat.perkeso.gov.my/login' successfully

2018-12-05 15:32:18 - [MESSAGE][PASSED] - Navigate to 'https://assist2-uat.perkeso.gov.my/login' successfully

2018-12-05 15:32:18 - [TEST_STEP][PASSED] - setText: Text 'johorro2@gmail.com' is set on object 'Object Repository/Final Object Repo/Login Page/Internal User/Email Address'

2018-12-05 15:32:18 - [MESSAGE][PASSED] - Text 'johorro2@gmail.com' is set on object 'Object Repository/Final Object Repo/Login Page/Internal User/Email Address'

2018-12-05 15:32:18 - [TEST_STEP][PASSED] - click: Object: 'Object Repository/Final Object Repo/Login Page/Internal User/Next Button' is clicked on

2018-12-05 15:32:18 - [MESSAGE][PASSED] - Object: 'Object Repository/Final Object Repo/Login Page/Internal User/Next Button' is clicked on

2018-12-05 15:32:18 - [TEST_STEP][PASSED] - delay: Delayed 1 second(s)

2018-12-05 15:32:19 - [MESSAGE][PASSED] - Delayed 1 second(s)

2018-12-05 15:32:19 - [TEST_STEP][PASSED] - setEncryptedText: Text ****** has been set on object 'Object Repository/Final Object Repo/Login Page/Internal User/Password'

2018-12-05 15:32:20 - [MESSAGE][PASSED] - Text ****** has been set on object 'Object Repository/Final Object Repo/Login Page/Internal User/Password'

2018-12-05 15:32:20 - [TEST_STEP][PASSED] - click: Object: 'Object Repository/Final Object Repo/Login Page/Internal User/Login Button' is clicked on

2018-12-05 15:32:20 - [MESSAGE][PASSED] - Object: 'Object Repository/Final Object Repo/Login Page/Internal User/Login Button' is clicked on

2018-12-05 15:32:20 - [TEST_STEP][PASSED] - delay: Delayed 2 second(s)

2018-12-05 15:32:22 - [MESSAGE][PASSED] - Delayed 2 second(s)

2018-12-05 15:32:22 - [TEST_STEP][PASSED] - Statement - Try: Delayed 2 second(s)

2018-12-05 15:32:22 - [TEST_STEP][PASSED] - Statement - Checker = false: null

2018-12-05 15:32:22 - [TEST_STEP][PASSED] - Statement - Checker = com.kms.katalon.core.webui.keyword.WebUiBuiltInKeywords.verifyElementHasAttribute(com.kms.katalon.core.testobject.ObjectRepository.findTestObject(Final Object Repo/Landing Page/BM Detecting), "href", 20, OPTIONAL): Object 'Object Repository/Final Object Repo/Landing Page/BM Detecting' has attribute 'href'

2018-12-05 15:32:22 - [MESSAGE][PASSED] - Object 'Object Repository/Final Object Repo/Landing Page/BM Detecting' has attribute 'href'

2018-12-05 15:32:22 - [TEST_STEP][PASSED] - Statement - out.println(Checker): null

2018-12-05 15:32:22 - [TEST_STEP][PASSED] - Statement - If (Checker == false): null

2018-12-05 15:32:22 - [TEST_STEP][PASSED] - Statement - Else: null

2018-12-05 15:32:22 - [TEST_STEP][PASSED] - delay: Delayed 2 second(s)

2018-12-05 15:32:24 - [MESSAGE][PASSED] - Delayed 2 second(s)

2018-12-05 15:32:24 - [TEST_STEP][PASSED] - click: Object: 'Object Repository/Final Object Repo/Page_MyASSIST - ASSIST - Search Pending Case For Add Supporting Document/Search Information' is clicked on

2018-12-05 15:32:24 - [MESSAGE][PASSED] - Object: 'Object Repository/Final Object Repo/Page_MyASSIST - ASSIST - Search Pending Case For Add Supporting Document/Search Information' is clicked on

2018-12-05 15:32:24 - [TEST_STEP][PASSED] - delay: Delayed 3 second(s)

2018-12-05 15:32:27 - [MESSAGE][PASSED] - Delayed 3 second(s)

2018-12-05 15:32:27 - [TEST_STEP][PASSED] - sendKeys: Keys 'CRN12201800123009' sent to object: 'Object Repository/Final Object Repo/Page_MyASSIST - ASSIST - Search Pending Case For Add Supporting Document/Reference No'

2018-12-05 15:32:27 - [MESSAGE][PASSED] - Keys 'CRN12201800123009' sent to object: 'Object Repository/Final Object Repo/Page_MyASSIST - ASSIST - Search Pending Case For Add Supporting Document/Reference No'

2018-12-05 15:32:27 - [TEST_STEP][PASSED] - click: Object: 'Object Repository/Final Object Repo/Page_MyASSIST - ASSIST - Search Pending Case For Add Supporting Document/Search Reference No' is clicked on

2018-12-05 15:32:27 - [MESSAGE][PASSED] - Object: 'Object Repository/Final Object Repo/Page_MyASSIST - ASSIST - Search Pending Case For Add Supporting Document/Search Reference No' is clicked on

2018-12-05 15:32:27 - [TEST_STEP][PASSED] - delay: Delayed 2 second(s)

2018-12-05 15:32:30 - [MESSAGE][PASSED] - Delayed 2 second(s)

2018-12-05 15:32:30 - [TEST_STEP][FAILED] - click: Unable to click on object 'Object Repository/Final Object Repo/Page_MyASSIST - ASSIST - Search Pending Case For Add Supporting Document/Continue' (Root cause: com.kms.katalon.core.webui.exception.WebElementNotFoundException: Web element with id: 'Object Repository/Final Object Repo/Page_MyASSIST - ASSIST - Search Pending Case For Add Supporting Document/Continue' located by 'By.xpath: //i[@data-original-title = 'Continue']' not found)

2018-12-05 15:33:02 - [MESSAGE][FAILED] - Unable to click on object 'Object Repository/Final Object Repo/Page_MyASSIST - ASSIST - Search Pending Case For Add Supporting Document/Continue' (Root cause: com.kms.katalon.core.webui.exception.WebElementNotFoundException: Web element with id: 'Object Repository/Final Object Repo/Page_MyASSIST - ASSIST - Search Pending Case For Add Supporting Document/Continue' located by 'By.xpath: //i[@data-original-title = 'Continue']' not found)
[[ATTACHMENT|C:\\Users\\Admin\\Desktop\\PKS\\Perkeso Phase A\\Reports\\Workflow\\Request SSN\\20181205_152946\\1543995182526.png]]

2018-12-05 15:33:02 - [TEST_STEP][PASSED] - delay: Delayed 20 second(s)

2018-12-05 15:33:22 - [MESSAGE][PASSED] - Delayed 20 second(s)

2018-12-05 15:33:22 - [MESSAGE][FAILED] - Unable to call Test Case with id 'Test Cases/Final Aug 2018 - PKS Automation/Registration Module/Workflow/Login and Search Case For Workflow' (Root cause: Call Test Case 'Test Cases/Final Aug 2018 - PKS Automation/Registration Module/Workflow/Login and Search Case For Workflow' failed)

2018-12-05 15:33:23 - [MESSAGE][FAILED] - Unable to call Test Case with id 'Test Cases/Final Aug 2018 - PKS Automation/Registration Module/Workflow/Request SSN/Template/Request SSN RIO - RO (Approve)' (Root cause: Call Test Case 'Test Cases/Final Aug 2018 - PKS Automation/Registration Module/Workflow/Request SSN/Template/Request SSN RIO - RO (Approve)' failed)]]></system-out>
         <system-err><![CDATA[2018-12-05 15:29:49 - [TEST_CASE][FAILED] - Test Cases/Final Aug 2018 - PKS Automation/Registration Module/Workflow/Request SSN/OTC - RIO - RO (Approve): Test Cases/Final Aug 2018 - PKS Automation/Registration Module/Workflow/Request SSN/OTC - RIO - RO (Approve) FAILED because (of) (Stack trace: com.kms.katalon.core.exception.StepFailedException: Unable to click on object 'Object Repository/Final Object Repo/Page_MyASSIST - ASSIST - Search Pending Case For Add Supporting Document/Continue' (Root cause: com.kms.katalon.core.webui.exception.WebElementNotFoundException: Web element with id: 'Object Repository/Final Object Repo/Page_MyASSIST - ASSIST - Search Pending Case For Add Supporting Document/Continue' located by 'By.xpath: //i[@data-original-title = 'Continue']' not found)
	at com.kms.katalon.core.keyword.internal.KeywordMain.stepFailed(KeywordMain.groovy:32)
	at com.kms.katalon.core.webui.keyword.internal.WebUIKeywordMain.stepFailed(WebUIKeywordMain.groovy:65)
	at com.kms.katalon.core.webui.keyword.internal.WebUIKeywordMain.runKeyword(WebUIKeywordMain.groovy:27)
	at com.kms.katalon.core.webui.keyword.builtin.ClickKeyword.click(ClickKeyword.groovy:86)
	at com.kms.katalon.core.webui.keyword.builtin.ClickKeyword.execute(ClickKeyword.groovy:67)
	at com.kms.katalon.core.keyword.internal.KeywordExecutor.executeKeywordForPlatform(KeywordExecutor.groovy:53)
	at com.kms.katalon.core.webui.keyword.WebUiBuiltInKeywords.click(WebUiBuiltInKeywords.groovy:616)
	at com.kms.katalon.core.webui.keyword.WebUiBuiltInKeywords$click$2.call(Unknown Source)
	at org.codehaus.groovy.runtime.callsite.CallSiteArray.defaultCall(CallSiteArray.java:48)
	at org.codehaus.groovy.runtime.callsite.AbstractCallSite.call(AbstractCallSite.java:113)
	at org.codehaus.groovy.runtime.callsite.AbstractCallSite.call(AbstractCallSite.java:125)
	at Script1536896984070.run(Script1536896984070.groovy:66)
	at com.kms.katalon.core.main.ScriptEngine.run(ScriptEngine.java:183)
	at com.kms.katalon.core.main.ScriptEngine.runScriptAsRawText(ScriptEngine.java:108)
	at com.kms.katalon.core.main.TestCaseExecutor.runScript(TestCaseExecutor.java:294)
	at com.kms.katalon.core.main.TestCaseExecutor.doExecute(TestCaseExecutor.java:285)
	at com.kms.katalon.core.main.TestCaseExecutor.processExecutionPhase(TestCaseExecutor.java:264)
	at com.kms.katalon.core.main.TestCaseExecutor.accessMainPhase(TestCaseExecutor.java:256)
	at com.kms.katalon.core.main.TestCaseExecutor.execute(TestCaseExecutor.java:200)
	at com.kms.katalon.core.main.TestCaseMain.runTestCase(TestCaseMain.java:99)
	at com.kms.katalon.core.keyword.builtin.CallTestCaseKeyword$_callTestCase_closure1.doCall(CallTestCaseKeyword.groovy:60)
	at com.kms.katalon.core.keyword.builtin.CallTestCaseKeyword$_callTestCase_closure1.call(CallTestCaseKeyword.groovy)
	at com.kms.katalon.core.keyword.internal.KeywordMain.runKeyword(KeywordMain.groovy:54)
	at com.kms.katalon.core.keyword.builtin.CallTestCaseKeyword.callTestCase(CallTestCaseKeyword.groovy:81)
	at com.kms.katalon.core.keyword.builtin.CallTestCaseKeyword.execute(CallTestCaseKeyword.groovy:45)
	at com.kms.katalon.core.keyword.internal.KeywordExecutor.executeKeywordForPlatform(KeywordExecutor.groovy:53)
	at com.kms.katalon.core.keyword.BuiltinKeywords.callTestCase(BuiltinKeywords.groovy:334)
	at sun.reflect.NativeMethodAccessorImpl.invoke0(Native Method)
	at sun.reflect.NativeMethodAccessorImpl.invoke(NativeMethodAccessorImpl.java:62)
	at sun.reflect.DelegatingMethodAccessorImpl.invoke(DelegatingMethodAccessorImpl.java:43)
	at java.lang.reflect.Method.invoke(Method.java:498)
	at org.codehaus.groovy.reflection.CachedMethod.invoke(CachedMethod.java:93)
	at groovy.lang.MetaMethod.doMethodInvoke(MetaMethod.java:325)
	at groovy.lang.MetaClassImpl.invokeStaticMethod(MetaClassImpl.java:1469)
	at org.codehaus.groovy.runtime.callsite.StaticMetaClassSite.call(StaticMetaClassSite.java:53)
	at org.codehaus.groovy.runtime.callsite.CallSiteArray.defaultCall(CallSiteArray.java:48)
	at org.codehaus.groovy.runtime.callsite.AbstractCallSite.call(AbstractCallSite.java:113)
	at org.codehaus.groovy.runtime.callsite.AbstractCallSite.call(AbstractCallSite.java:141)
	at Script1537865992110.run(Script1537865992110.groovy:39)
	at com.kms.katalon.core.main.ScriptEngine.run(ScriptEngine.java:183)
	at com.kms.katalon.core.main.ScriptEngine.runScriptAsRawText(ScriptEngine.java:108)
	at com.kms.katalon.core.main.TestCaseExecutor.runScript(TestCaseExecutor.java:294)
	at com.kms.katalon.core.main.TestCaseExecutor.doExecute(TestCaseExecutor.java:285)
	at com.kms.katalon.core.main.TestCaseExecutor.processExecutionPhase(TestCaseExecutor.java:264)
	at com.kms.katalon.core.main.TestCaseExecutor.accessMainPhase(TestCaseExecutor.java:256)
	at com.kms.katalon.core.main.TestCaseExecutor.execute(TestCaseExecutor.java:200)
	at com.kms.katalon.core.main.TestCaseMain.runTestCase(TestCaseMain.java:99)
	at com.kms.katalon.core.keyword.builtin.CallTestCaseKeyword$_callTestCase_closure1.doCall(CallTestCaseKeyword.groovy:60)
	at com.kms.katalon.core.keyword.builtin.CallTestCaseKeyword$_callTestCase_closure1.call(CallTestCaseKeyword.groovy)
	at com.kms.katalon.core.keyword.internal.KeywordMain.runKeyword(KeywordMain.groovy:54)
	at com.kms.katalon.core.keyword.builtin.CallTestCaseKeyword.callTestCase(CallTestCaseKeyword.groovy:81)
	at com.kms.katalon.core.keyword.builtin.CallTestCaseKeyword.execute(CallTestCaseKeyword.groovy:45)
	at com.kms.katalon.core.keyword.internal.KeywordExecutor.executeKeywordForPlatform(KeywordExecutor.groovy:53)
	at com.kms.katalon.core.keyword.BuiltinKeywords.callTestCase(BuiltinKeywords.groovy:334)
	at sun.reflect.NativeMethodAccessorImpl.invoke0(Native Method)
	at sun.reflect.NativeMethodAccessorImpl.invoke(NativeMethodAccessorImpl.java:62)
	at sun.reflect.DelegatingMethodAccessorImpl.invoke(DelegatingMethodAccessorImpl.java:43)
	at java.lang.reflect.Method.invoke(Method.java:498)
	at org.codehaus.groovy.reflection.CachedMethod.invoke(CachedMethod.java:93)
	at groovy.lang.MetaMethod.doMethodInvoke(MetaMethod.java:325)
	at groovy.lang.MetaClassImpl.invokeStaticMethod(MetaClassImpl.java:1469)
	at org.codehaus.groovy.runtime.callsite.StaticMetaClassSite.call(StaticMetaClassSite.java:53)
	at org.codehaus.groovy.runtime.callsite.CallSiteArray.defaultCall(CallSiteArray.java:48)
	at org.codehaus.groovy.runtime.callsite.AbstractCallSite.call(AbstractCallSite.java:113)
	at org.codehaus.groovy.runtime.callsite.AbstractCallSite.call(AbstractCallSite.java:141)
	at Script1536300508581.run(Script1536300508581.groovy:26)
	at com.kms.katalon.core.main.ScriptEngine.run(ScriptEngine.java:183)
	at com.kms.katalon.core.main.ScriptEngine.runScriptAsRawText(ScriptEngine.java:108)
	at com.kms.katalon.core.main.TestCaseExecutor.runScript(TestCaseExecutor.java:294)
	at com.kms.katalon.core.main.TestCaseExecutor.doExecute(TestCaseExecutor.java:285)
	at com.kms.katalon.core.main.TestCaseExecutor.processExecutionPhase(TestCaseExecutor.java:264)
	at com.kms.katalon.core.main.TestCaseExecutor.accessMainPhase(TestCaseExecutor.java:256)
	at com.kms.katalon.core.main.TestCaseExecutor.execute(TestCaseExecutor.java:200)
	at com.kms.katalon.core.main.TestSuiteExecutor.accessTestCaseMainPhase(TestSuiteExecutor.java:129)
	at com.kms.katalon.core.main.TestSuiteExecutor.accessTestSuiteMainPhase(TestSuiteExecutor.java:112)
	at com.kms.katalon.core.main.TestSuiteExecutor.execute(TestSuiteExecutor.java:81)
	at com.kms.katalon.core.main.TestCaseMain.startTestSuite(TestCaseMain.java:142)
	at com.kms.katalon.core.main.TestCaseMain$startTestSuite$0.call(Unknown Source)
	at org.codehaus.groovy.runtime.callsite.CallSiteArray.defaultCall(CallSiteArray.java:48)
	at org.codehaus.groovy.runtime.callsite.AbstractCallSite.call(AbstractCallSite.java:113)
	at org.codehaus.groovy.runtime.callsite.AbstractCallSite.call(AbstractCallSite.java:141)
	at TempTestSuite1543994986730.run(TempTestSuite1543994986730.groovy:36)
	at groovy.lang.GroovyShell.runScriptOrMainOrTestOrRunnable(GroovyShell.java:263)
	at groovy.lang.GroovyShell.run(GroovyShell.java:518)
	at groovy.lang.GroovyShell.run(GroovyShell.java:507)
	at groovy.ui.GroovyMain.processOnce(GroovyMain.java:653)
	at groovy.ui.GroovyMain.run(GroovyMain.java:384)
	at groovy.ui.GroovyMain.process(GroovyMain.java:370)
	at groovy.ui.GroovyMain.processArgs(GroovyMain.java:129)
	at groovy.ui.GroovyMain.main(GroovyMain.java:109)
	at sun.reflect.NativeMethodAccessorImpl.invoke0(Native Method)
	at sun.reflect.NativeMethodAccessorImpl.invoke(NativeMethodAccessorImpl.java:62)
	at sun.reflect.DelegatingMethodAccessorImpl.invoke(DelegatingMethodAccessorImpl.java:43)
	at java.lang.reflect.Method.invoke(Method.java:498)
	at org.codehaus.groovy.tools.GroovyStarter.rootLoader(GroovyStarter.java:109)
	at org.codehaus.groovy.tools.GroovyStarter.main(GroovyStarter.java:131)
)]]></system-err>
      </testcase>
      <testcase name="Test Cases/Final Aug 2018 - PKS Automation/Registration Module/Workflow/Request SSN/OTC - RIO - RO (Query)" classname="Test Cases/Final Aug 2018 - PKS Automation/Registration Module/Workflow/Request SSN/OTC - RIO - RO (Query)" status="PASSED">
         <system-out><![CDATA[2018-12-05 15:33:23 - [TEST_CASE][PASSED] - Test Cases/Final Aug 2018 - PKS Automation/Registration Module/Workflow/Request SSN/OTC - RIO - RO (Query): Test Cases/Final Aug 2018 - PKS Automation/Registration Module/Workflow/Request SSN/OTC - RIO - RO (Query)

2018-12-05 15:33:24 - [TEST_STEP][PASSED] - callTestCase: Call Test Case 'Test Cases/Final Aug 2018 - PKS Automation/Registration Module/Workflow/Request SSN/Template/Request SSN - OTC' successfully

2018-12-05 15:33:24 - [TEST_CASE][PASSED] - Test Cases/Final Aug 2018 - PKS Automation/Registration Module/Workflow/Request SSN/Template/Request SSN - OTC: Test Cases/Final Aug 2018 - PKS Automation/Registration Module/Workflow/Request SSN/Template/Request SSN - OTC

2018-12-05 15:33:24 - [TEST_STEP][PASSED] - openBrowser: Browser is opened with url: ''

2018-12-05 15:33:24 - [MESSAGE][WARNING] - A browser is already opened. Closing browser and opening a new one

2018-12-05 15:33:27 - [MESSAGE][PASSED] - Browser is opened with url: ''

2018-12-05 15:33:27 - [TEST_STEP][PASSED] - navigateToUrl: Navigate to 'https://assist2-uat.perkeso.gov.my/login' successfully

2018-12-05 15:33:28 - [MESSAGE][PASSED] - Navigate to 'https://assist2-uat.perkeso.gov.my/login' successfully

2018-12-05 15:33:28 - [TEST_STEP][PASSED] - setText: Text 'johorotc1@gmail.com' is set on object 'Object Repository/Final Object Repo/Login Page/Internal User/Email Address'

2018-12-05 15:33:28 - [MESSAGE][PASSED] - Text 'johorotc1@gmail.com' is set on object 'Object Repository/Final Object Repo/Login Page/Internal User/Email Address'

2018-12-05 15:33:28 - [TEST_STEP][PASSED] - click: Object: 'Object Repository/Final Object Repo/Login Page/Internal User/Next Button' is clicked on

2018-12-05 15:33:29 - [MESSAGE][PASSED] - Object: 'Object Repository/Final Object Repo/Login Page/Internal User/Next Button' is clicked on

2018-12-05 15:33:29 - [TEST_STEP][PASSED] - delay: Delayed 1 second(s)

2018-12-05 15:33:30 - [MESSAGE][PASSED] - Delayed 1 second(s)

2018-12-05 15:33:30 - [TEST_STEP][PASSED] - setEncryptedText: Text ****** has been set on object 'Object Repository/Final Object Repo/Login Page/Internal User/Password'

2018-12-05 15:33:30 - [MESSAGE][PASSED] - Text ****** has been set on object 'Object Repository/Final Object Repo/Login Page/Internal User/Password'

2018-12-05 15:33:30 - [TEST_STEP][PASSED] - click: Object: 'Object Repository/Final Object Repo/Login Page/Internal User/Login Button' is clicked on

2018-12-05 15:33:30 - [MESSAGE][PASSED] - Object: 'Object Repository/Final Object Repo/Login Page/Internal User/Login Button' is clicked on

2018-12-05 15:33:30 - [TEST_STEP][PASSED] - Statement - Try: null

2018-12-05 15:33:30 - [TEST_STEP][PASSED] - Statement - Checker = com.kms.katalon.core.webui.keyword.WebUiBuiltInKeywords.verifyElementNotPresent("Final Object Repo/Landing Page/Select to English", 3): null

2018-12-05 15:33:30 - [TEST_STEP][PASSED] - Statement - Catch (Exception e): null

2018-12-05 15:33:30 - [TEST_STEP][PASSED] - Statement - e.printStackTrace(): null

2018-12-05 15:33:30 - [TEST_STEP][PASSED] - delay: Delayed 5 second(s)

2018-12-05 15:33:35 - [MESSAGE][PASSED] - Delayed 5 second(s)

2018-12-05 15:33:35 - [TEST_STEP][PASSED] - delay: Delayed 1 second(s)

2018-12-05 15:33:36 - [MESSAGE][PASSED] - Delayed 1 second(s)

2018-12-05 15:33:36 - [TEST_STEP][PASSED] - navigateToUrl: Navigate to 'https://assist2-uat.perkeso.gov.my/web/registration/request-ssn' successfully

2018-12-05 15:33:41 - [MESSAGE][PASSED] - Navigate to 'https://assist2-uat.perkeso.gov.my/web/registration/request-ssn' successfully

2018-12-05 15:33:41 - [TEST_STEP][PASSED] - setText: Text 'perkeso' is set on object 'Object Repository/Final Object Repo/Page_Request SSN - ASSIST/AI - Name'

2018-12-05 15:33:42 - [MESSAGE][PASSED] - Text 'perkeso' is set on object 'Object Repository/Final Object Repo/Page_Request SSN - ASSIST/AI - Name'

2018-12-05 15:33:42 - [TEST_STEP][PASSED] - click: Object: 'Object Repository/Final Object Repo/Page_Request SSN - ASSIST/AI - DOB' is clicked on

2018-12-05 15:33:42 - [MESSAGE][PASSED] - Object: 'Object Repository/Final Object Repo/Page_Request SSN - ASSIST/AI - DOB' is clicked on

2018-12-05 15:33:42 - [TEST_STEP][PASSED] - selectOptionByValue: All options with value '1995' are selected in object 'Object Repository/Final Object Repo/Page_Request SSN - ASSIST/AI - DOB - Year' 

2018-12-05 15:33:42 - [MESSAGE][PASSED] - All options with value '1995' are selected in object 'Object Repository/Final Object Repo/Page_Request SSN - ASSIST/AI - DOB - Year' 

2018-12-05 15:33:42 - [TEST_STEP][PASSED] - delay: Delayed 3 second(s)

2018-12-05 15:33:45 - [MESSAGE][PASSED] - Delayed 3 second(s)

2018-12-05 15:33:45 - [TEST_STEP][PASSED] - doubleClick: Object: 'Object Repository/Final Object Repo/Page_Request SSN - ASSIST/AI - DOB - Year - Date' is double clicked on

2018-12-05 15:33:45 - [MESSAGE][PASSED] - Object: 'Object Repository/Final Object Repo/Page_Request SSN - ASSIST/AI - DOB - Year - Date' is double clicked on

2018-12-05 15:33:45 - [TEST_STEP][PASSED] - click: Object: 'Object Repository/Final Object Repo/Page_Request SSN - ASSIST/AI - Male' is clicked on

2018-12-05 15:33:46 - [MESSAGE][PASSED] - Object: 'Object Repository/Final Object Repo/Page_Request SSN - ASSIST/AI - Male' is clicked on

2018-12-05 15:33:46 - [TEST_STEP][PASSED] - click: Object: 'Object Repository/Final Object Repo/Page_Request SSN - ASSIST/AI- Race' is clicked on

2018-12-05 15:33:46 - [MESSAGE][PASSED] - Object: 'Object Repository/Final Object Repo/Page_Request SSN - ASSIST/AI- Race' is clicked on

2018-12-05 15:33:46 - [TEST_STEP][PASSED] - click: Object: 'Object Repository/Final Object Repo/Page_Request SSN - ASSIST/AI - Race - Melayu' is clicked on

2018-12-05 15:33:46 - [MESSAGE][PASSED] - Object: 'Object Repository/Final Object Repo/Page_Request SSN - ASSIST/AI - Race - Melayu' is clicked on

2018-12-05 15:33:46 - [TEST_STEP][PASSED] - click: Object: 'Object Repository/Final Object Repo/Page_Request SSN - ASSIST/AI - Religion' is clicked on

2018-12-05 15:33:46 - [MESSAGE][PASSED] - Object: 'Object Repository/Final Object Repo/Page_Request SSN - ASSIST/AI - Religion' is clicked on

2018-12-05 15:33:46 - [TEST_STEP][PASSED] - click: Object: 'Object Repository/Final Object Repo/Page_Request SSN - ASSIST/AI - Religion - Islam' is clicked on

2018-12-05 15:33:47 - [MESSAGE][PASSED] - Object: 'Object Repository/Final Object Repo/Page_Request SSN - ASSIST/AI - Religion - Islam' is clicked on

2018-12-05 15:33:47 - [TEST_STEP][PASSED] - setText: Text '12345' is set on object 'Object Repository/Final Object Repo/Page_Request SSN - ASSIST/AI - Birth Certificate'

2018-12-05 15:33:47 - [MESSAGE][PASSED] - Text '12345' is set on object 'Object Repository/Final Object Repo/Page_Request SSN - ASSIST/AI - Birth Certificate'

2018-12-05 15:33:47 - [TEST_STEP][PASSED] - click: Object: 'Object Repository/Final Object Repo/Page_Request SSN - ASSIST/AI - Nationality' is clicked on

2018-12-05 15:33:48 - [MESSAGE][PASSED] - Object: 'Object Repository/Final Object Repo/Page_Request SSN - ASSIST/AI - Nationality' is clicked on

2018-12-05 15:33:48 - [TEST_STEP][PASSED] - click: Object: 'Object Repository/Final Object Repo/Page_Request SSN - ASSIST/AI - Nationality - Afghanistan' is clicked on

2018-12-05 15:33:48 - [MESSAGE][PASSED] - Object: 'Object Repository/Final Object Repo/Page_Request SSN - ASSIST/AI - Nationality - Afghanistan' is clicked on

2018-12-05 15:33:48 - [TEST_STEP][PASSED] - setText: Text 'PERKESO ADDRESS1' is set on object 'Object Repository/Final Object Repo/Page_Request SSN - ASSIST/AI - Address1'

2018-12-05 15:33:49 - [MESSAGE][PASSED] - Text 'PERKESO ADDRESS1' is set on object 'Object Repository/Final Object Repo/Page_Request SSN - ASSIST/AI - Address1'

2018-12-05 15:33:49 - [TEST_STEP][PASSED] - setText: Text 'PERKESO ADDRESS2' is set on object 'Object Repository/Final Object Repo/Page_Request SSN - ASSIST/AI - Address2'

2018-12-05 15:33:50 - [MESSAGE][PASSED] - Text 'PERKESO ADDRESS2' is set on object 'Object Repository/Final Object Repo/Page_Request SSN - ASSIST/AI - Address2'

2018-12-05 15:33:50 - [TEST_STEP][PASSED] - setText: Text 'PERKESO ADDRESS3' is set on object 'Object Repository/Final Object Repo/Page_Request SSN - ASSIST/AI - Address3'

2018-12-05 15:33:52 - [MESSAGE][PASSED] - Text 'PERKESO ADDRESS3' is set on object 'Object Repository/Final Object Repo/Page_Request SSN - ASSIST/AI - Address3'

2018-12-05 15:33:52 - [TEST_STEP][PASSED] - click: Object: 'Object Repository/Final Object Repo/Page_Request SSN - ASSIST/AI - State' is clicked on

2018-12-05 15:33:52 - [MESSAGE][PASSED] - Object: 'Object Repository/Final Object Repo/Page_Request SSN - ASSIST/AI - State' is clicked on

2018-12-05 15:33:52 - [TEST_STEP][PASSED] - click: Object: 'Object Repository/Final Object Repo/Page_Request SSN - ASSIST/AI - Current Employer State - Johor' is clicked on

2018-12-05 15:33:52 - [MESSAGE][PASSED] - Object: 'Object Repository/Final Object Repo/Page_Request SSN - ASSIST/AI - Current Employer State - Johor' is clicked on

2018-12-05 15:33:52 - [TEST_STEP][PASSED] - click: Object: 'Object Repository/Final Object Repo/Page_Request SSN - ASSIST/AI - City' is clicked on

2018-12-05 15:33:52 - [MESSAGE][PASSED] - Object: 'Object Repository/Final Object Repo/Page_Request SSN - ASSIST/AI - City' is clicked on

2018-12-05 15:33:52 - [TEST_STEP][PASSED] - setText: Text 'JOH' is set on object 'Object Repository/Final Object Repo/Page_Request SSN - ASSIST/AI - City - JOH'

2018-12-05 15:33:53 - [MESSAGE][PASSED] - Text 'JOH' is set on object 'Object Repository/Final Object Repo/Page_Request SSN - ASSIST/AI - City - JOH'

2018-12-05 15:33:53 - [TEST_STEP][PASSED] - delay: Delayed 3 second(s)

2018-12-05 15:33:56 - [MESSAGE][PASSED] - Delayed 3 second(s)

2018-12-05 15:33:56 - [TEST_STEP][PASSED] - click: Object: 'Object Repository/Final Object Repo/Page_Request SSN - ASSIST/AI - City - Johor Bharu' is clicked on

2018-12-05 15:33:56 - [MESSAGE][PASSED] - Object: 'Object Repository/Final Object Repo/Page_Request SSN - ASSIST/AI - City - Johor Bharu' is clicked on

2018-12-05 15:33:56 - [TEST_STEP][PASSED] - click: Object: 'Object Repository/Final Object Repo/Page_Request SSN - ASSIST/AI - Post Code' is clicked on

2018-12-05 15:33:57 - [MESSAGE][PASSED] - Object: 'Object Repository/Final Object Repo/Page_Request SSN - ASSIST/AI - Post Code' is clicked on

2018-12-05 15:33:57 - [TEST_STEP][PASSED] - setText: Text '810' is set on object 'Object Repository/Final Object Repo/Page_Request SSN - ASSIST/AI - City - JOH'

2018-12-05 15:33:57 - [MESSAGE][PASSED] - Text '810' is set on object 'Object Repository/Final Object Repo/Page_Request SSN - ASSIST/AI - City - JOH'

2018-12-05 15:33:57 - [TEST_STEP][PASSED] - delay: Delayed 3 second(s)

2018-12-05 15:34:00 - [MESSAGE][PASSED] - Delayed 3 second(s)

2018-12-05 15:34:00 - [TEST_STEP][PASSED] - click: Object: 'Object Repository/Final Object Repo/Page_Request SSN - ASSIST/AI - PostCode - 81000' is clicked on

2018-12-05 15:34:01 - [MESSAGE][PASSED] - Object: 'Object Repository/Final Object Repo/Page_Request SSN - ASSIST/AI - PostCode - 81000' is clicked on

2018-12-05 15:34:01 - [TEST_STEP][PASSED] - setText: Text '100' is set on object 'Object Repository/Final Object Repo/Page_Request SSN - ASSIST/P.O.BOX'

2018-12-05 15:34:01 - [MESSAGE][PASSED] - Text '100' is set on object 'Object Repository/Final Object Repo/Page_Request SSN - ASSIST/P.O.BOX'

2018-12-05 15:34:01 - [TEST_STEP][PASSED] - setText: Text '100' is set on object 'Object Repository/Final Object Repo/Page_Request SSN - ASSIST/Locked Bag No'

2018-12-05 15:34:01 - [MESSAGE][PASSED] - Text '100' is set on object 'Object Repository/Final Object Repo/Page_Request SSN - ASSIST/Locked Bag No'

2018-12-05 15:34:01 - [TEST_STEP][PASSED] - delay: Delayed 2 second(s)

2018-12-05 15:34:03 - [MESSAGE][PASSED] - Delayed 2 second(s)

2018-12-05 15:34:03 - [TEST_STEP][PASSED] - setText: Text '123456789' is set on object 'Object Repository/Final Object Repo/Page_Request SSN - ASSIST/AI - Telephone No'

2018-12-05 15:34:04 - [MESSAGE][PASSED] - Text '123456789' is set on object 'Object Repository/Final Object Repo/Page_Request SSN - ASSIST/AI - Telephone No'

2018-12-05 15:34:04 - [TEST_STEP][PASSED] - click: Object: 'Object Repository/Final Object Repo/Page_Request SSN - ASSIST/AI - Occupation' is clicked on

2018-12-05 15:34:05 - [MESSAGE][PASSED] - Object: 'Object Repository/Final Object Repo/Page_Request SSN - ASSIST/AI - Occupation' is clicked on

2018-12-05 15:34:05 - [TEST_STEP][PASSED] - click: Object: 'Object Repository/Final Object Repo/Page_Request SSN - ASSIST/AI - Occupation - NUMERICAL AND MATERIAL R' is clicked on

2018-12-05 15:34:05 - [MESSAGE][PASSED] - Object: 'Object Repository/Final Object Repo/Page_Request SSN - ASSIST/AI - Occupation - NUMERICAL AND MATERIAL R' is clicked on

2018-12-05 15:34:05 - [TEST_STEP][PASSED] - delay: Delayed 2 second(s)

2018-12-05 15:34:07 - [MESSAGE][PASSED] - Delayed 2 second(s)

2018-12-05 15:34:07 - [TEST_STEP][PASSED] - click: Object: 'Object Repository/Final Object Repo/Page_Request SSN - ASSIST/AI - Sub Occupation' is clicked on

2018-12-05 15:34:07 - [MESSAGE][PASSED] - Object: 'Object Repository/Final Object Repo/Page_Request SSN - ASSIST/AI - Sub Occupation' is clicked on

2018-12-05 15:34:07 - [TEST_STEP][PASSED] - click: Object: 'Object Repository/Final Object Repo/Page_Request SSN - ASSIST/AI - Sub Occupation - Stock Clerks' is clicked on

2018-12-05 15:34:07 - [MESSAGE][PASSED] - Object: 'Object Repository/Final Object Repo/Page_Request SSN - ASSIST/AI - Sub Occupation - Stock Clerks' is clicked on

2018-12-05 15:34:07 - [TEST_STEP][PASSED] - delay: Delayed 2 second(s)

2018-12-05 15:34:09 - [MESSAGE][PASSED] - Delayed 2 second(s)

2018-12-05 15:34:09 - [TEST_STEP][PASSED] - click: Object: 'Object Repository/Final Object Repo/Page_Request SSN - ASSIST/AI - Sub Occupation List' is clicked on

2018-12-05 15:34:10 - [MESSAGE][PASSED] - Object: 'Object Repository/Final Object Repo/Page_Request SSN - ASSIST/AI - Sub Occupation List' is clicked on

2018-12-05 15:34:10 - [TEST_STEP][PASSED] - click: Object: 'Object Repository/Final Object Repo/Page_Request SSN - ASSIST/AI - Sub Occupation List - Clerk raw material' is clicked on

2018-12-05 15:34:10 - [MESSAGE][PASSED] - Object: 'Object Repository/Final Object Repo/Page_Request SSN - ASSIST/AI - Sub Occupation List - Clerk raw material' is clicked on

2018-12-05 15:34:10 - [TEST_STEP][PASSED] - click: Object: 'Object Repository/Final Object Repo/Page_Request SSN - ASSIST/AI - Employment Start Date' is clicked on

2018-12-05 15:34:10 - [MESSAGE][PASSED] - Object: 'Object Repository/Final Object Repo/Page_Request SSN - ASSIST/AI - Employment Start Date' is clicked on

2018-12-05 15:34:10 - [TEST_STEP][PASSED] - click: Object: 'Object Repository/Final Object Repo/Page_Request SSN - ASSIST/AI - DOB - Year - Date' is clicked on

2018-12-05 15:34:11 - [MESSAGE][PASSED] - Object: 'Object Repository/Final Object Repo/Page_Request SSN - ASSIST/AI - DOB - Year - Date' is clicked on

2018-12-05 15:34:11 - [TEST_STEP][PASSED] - setText: Text 'perkeso' is set on object 'Object Repository/Final Object Repo/Page_Request SSN - ASSIST/AI - Current Employer Name'

2018-12-05 15:34:11 - [MESSAGE][PASSED] - Text 'perkeso' is set on object 'Object Repository/Final Object Repo/Page_Request SSN - ASSIST/AI - Current Employer Name'

2018-12-05 15:34:11 - [TEST_STEP][PASSED] - setText: Text 'perkeso1' is set on object 'Object Repository/Final Object Repo/Page_Request SSN - ASSIST/AI - Current Employer Address1'

2018-12-05 15:34:12 - [MESSAGE][PASSED] - Text 'perkeso1' is set on object 'Object Repository/Final Object Repo/Page_Request SSN - ASSIST/AI - Current Employer Address1'

2018-12-05 15:34:12 - [TEST_STEP][PASSED] - setText: Text 'perkeso2' is set on object 'Object Repository/Final Object Repo/Page_Request SSN - ASSIST/AI - Current Employer Address2'

2018-12-05 15:34:13 - [MESSAGE][PASSED] - Text 'perkeso2' is set on object 'Object Repository/Final Object Repo/Page_Request SSN - ASSIST/AI - Current Employer Address2'

2018-12-05 15:34:13 - [TEST_STEP][PASSED] - setText: Text 'perkeso3' is set on object 'Object Repository/Final Object Repo/Page_Request SSN - ASSIST/AI - Current Employer Address3'

2018-12-05 15:34:13 - [MESSAGE][PASSED] - Text 'perkeso3' is set on object 'Object Repository/Final Object Repo/Page_Request SSN - ASSIST/AI - Current Employer Address3'

2018-12-05 15:34:13 - [TEST_STEP][PASSED] - click: Object: 'Object Repository/Final Object Repo/Page_Request SSN - ASSIST/AI - Current Employer State' is clicked on

2018-12-05 15:34:14 - [MESSAGE][PASSED] - Object: 'Object Repository/Final Object Repo/Page_Request SSN - ASSIST/AI - Current Employer State' is clicked on

2018-12-05 15:34:14 - [TEST_STEP][PASSED] - click: Object: 'Object Repository/Final Object Repo/Page_Request SSN - ASSIST/AI - Current Employer State - Johor 1' is clicked on

2018-12-05 15:34:14 - [MESSAGE][PASSED] - Object: 'Object Repository/Final Object Repo/Page_Request SSN - ASSIST/AI - Current Employer State - Johor 1' is clicked on

2018-12-05 15:34:14 - [TEST_STEP][PASSED] - click: Object: 'Object Repository/Final Object Repo/Page_Request SSN - ASSIST/AI - Current Employer City' is clicked on

2018-12-05 15:34:15 - [MESSAGE][PASSED] - Object: 'Object Repository/Final Object Repo/Page_Request SSN - ASSIST/AI - Current Employer City' is clicked on

2018-12-05 15:34:15 - [TEST_STEP][PASSED] - setText: Text 'joh' is set on object 'Object Repository/Final Object Repo/Page_Request SSN - ASSIST/AI - City - JOH'

2018-12-05 15:34:15 - [MESSAGE][PASSED] - Text 'joh' is set on object 'Object Repository/Final Object Repo/Page_Request SSN - ASSIST/AI - City - JOH'

2018-12-05 15:34:15 - [TEST_STEP][PASSED] - delay: Delayed 2 second(s)

2018-12-05 15:34:17 - [MESSAGE][PASSED] - Delayed 2 second(s)

2018-12-05 15:34:17 - [TEST_STEP][PASSED] - click: Object: 'Object Repository/Final Object Repo/Page_Request SSN - ASSIST/AI - City - Johor Bharu' is clicked on

2018-12-05 15:34:17 - [MESSAGE][PASSED] - Object: 'Object Repository/Final Object Repo/Page_Request SSN - ASSIST/AI - City - Johor Bharu' is clicked on

2018-12-05 15:34:17 - [TEST_STEP][PASSED] - click: Object: 'Object Repository/Final Object Repo/Page_Request SSN - ASSIST/AI - Current Employer Postcode' is clicked on

2018-12-05 15:34:18 - [MESSAGE][PASSED] - Object: 'Object Repository/Final Object Repo/Page_Request SSN - ASSIST/AI - Current Employer Postcode' is clicked on

2018-12-05 15:34:18 - [TEST_STEP][PASSED] - setText: Text '810' is set on object 'Object Repository/Final Object Repo/Page_Request SSN - ASSIST/AI - City - JOH'

2018-12-05 15:34:18 - [MESSAGE][PASSED] - Text '810' is set on object 'Object Repository/Final Object Repo/Page_Request SSN - ASSIST/AI - City - JOH'

2018-12-05 15:34:18 - [TEST_STEP][PASSED] - delay: Delayed 2 second(s)

2018-12-05 15:34:20 - [MESSAGE][PASSED] - Delayed 2 second(s)

2018-12-05 15:34:20 - [TEST_STEP][PASSED] - click: Object: 'Object Repository/Final Object Repo/Page_Request SSN - ASSIST/AI - PostCode - 81000' is clicked on

2018-12-05 15:34:20 - [MESSAGE][PASSED] - Object: 'Object Repository/Final Object Repo/Page_Request SSN - ASSIST/AI - PostCode - 81000' is clicked on

2018-12-05 15:34:20 - [TEST_STEP][NOT_RUN] - setText: NOT_RUN: setText

2018-12-05 15:34:20 - [MESSAGE][NOT_RUN] - NOT_RUN: setText

2018-12-05 15:34:20 - [TEST_STEP][NOT_RUN] - setText: NOT_RUN: setText

2018-12-05 15:34:20 - [MESSAGE][NOT_RUN] - NOT_RUN: setText

2018-12-05 15:34:20 - [TEST_STEP][NOT_RUN] - click: NOT_RUN: click

2018-12-05 15:34:20 - [MESSAGE][NOT_RUN] - NOT_RUN: click

2018-12-05 15:34:20 - [TEST_STEP][NOT_RUN] - click: NOT_RUN: click

2018-12-05 15:34:20 - [MESSAGE][NOT_RUN] - NOT_RUN: click

2018-12-05 15:34:20 - [TEST_STEP][NOT_RUN] - setText: NOT_RUN: setText

2018-12-05 15:34:20 - [MESSAGE][NOT_RUN] - NOT_RUN: setText

2018-12-05 15:34:20 - [TEST_STEP][NOT_RUN] - click: NOT_RUN: click

2018-12-05 15:34:20 - [MESSAGE][NOT_RUN] - NOT_RUN: click

2018-12-05 15:34:20 - [TEST_STEP][NOT_RUN] - click: NOT_RUN: click

2018-12-05 15:34:20 - [MESSAGE][NOT_RUN] - NOT_RUN: click

2018-12-05 15:34:20 - [TEST_STEP][NOT_RUN] - click: NOT_RUN: click

2018-12-05 15:34:20 - [MESSAGE][NOT_RUN] - NOT_RUN: click

2018-12-05 15:34:20 - [TEST_STEP][NOT_RUN] - click: NOT_RUN: click

2018-12-05 15:34:20 - [MESSAGE][NOT_RUN] - NOT_RUN: click

2018-12-05 15:34:20 - [TEST_STEP][NOT_RUN] - click: NOT_RUN: click

2018-12-05 15:34:20 - [MESSAGE][NOT_RUN] - NOT_RUN: click

2018-12-05 15:34:20 - [TEST_STEP][NOT_RUN] - click: NOT_RUN: click

2018-12-05 15:34:20 - [MESSAGE][NOT_RUN] - NOT_RUN: click

2018-12-05 15:34:20 - [TEST_STEP][NOT_RUN] - setText: NOT_RUN: setText

2018-12-05 15:34:20 - [MESSAGE][NOT_RUN] - NOT_RUN: setText

2018-12-05 15:34:20 - [TEST_STEP][NOT_RUN] - setText: NOT_RUN: setText

2018-12-05 15:34:20 - [MESSAGE][NOT_RUN] - NOT_RUN: setText

2018-12-05 15:34:20 - [TEST_STEP][NOT_RUN] - setText: NOT_RUN: setText

2018-12-05 15:34:20 - [MESSAGE][NOT_RUN] - NOT_RUN: setText

2018-12-05 15:34:20 - [TEST_STEP][NOT_RUN] - click: NOT_RUN: click

2018-12-05 15:34:20 - [MESSAGE][NOT_RUN] - NOT_RUN: click

2018-12-05 15:34:20 - [TEST_STEP][NOT_RUN] - click: NOT_RUN: click

2018-12-05 15:34:20 - [MESSAGE][NOT_RUN] - NOT_RUN: click

2018-12-05 15:34:20 - [TEST_STEP][NOT_RUN] - click: NOT_RUN: click

2018-12-05 15:34:20 - [MESSAGE][NOT_RUN] - NOT_RUN: click

2018-12-05 15:34:20 - [TEST_STEP][NOT_RUN] - setText: NOT_RUN: setText

2018-12-05 15:34:20 - [MESSAGE][NOT_RUN] - NOT_RUN: setText

2018-12-05 15:34:20 - [TEST_STEP][NOT_RUN] - delay: NOT_RUN: delay

2018-12-05 15:34:20 - [MESSAGE][NOT_RUN] - NOT_RUN: delay

2018-12-05 15:34:20 - [TEST_STEP][NOT_RUN] - click: NOT_RUN: click

2018-12-05 15:34:20 - [MESSAGE][NOT_RUN] - NOT_RUN: click

2018-12-05 15:34:20 - [TEST_STEP][NOT_RUN] - click: NOT_RUN: click

2018-12-05 15:34:20 - [MESSAGE][NOT_RUN] - NOT_RUN: click

2018-12-05 15:34:20 - [TEST_STEP][NOT_RUN] - click: NOT_RUN: click

2018-12-05 15:34:20 - [MESSAGE][NOT_RUN] - NOT_RUN: click

2018-12-05 15:34:20 - [TEST_STEP][NOT_RUN] - setText: NOT_RUN: setText

2018-12-05 15:34:20 - [MESSAGE][NOT_RUN] - NOT_RUN: setText

2018-12-05 15:34:20 - [TEST_STEP][NOT_RUN] - delay: NOT_RUN: delay

2018-12-05 15:34:20 - [MESSAGE][NOT_RUN] - NOT_RUN: delay

2018-12-05 15:34:20 - [TEST_STEP][NOT_RUN] - click: NOT_RUN: click

2018-12-05 15:34:20 - [MESSAGE][NOT_RUN] - NOT_RUN: click

2018-12-05 15:34:20 - [TEST_STEP][NOT_RUN] - delay: NOT_RUN: delay

2018-12-05 15:34:20 - [MESSAGE][NOT_RUN] - NOT_RUN: delay

2018-12-05 15:34:20 - [TEST_STEP][NOT_RUN] - setText: NOT_RUN: setText

2018-12-05 15:34:20 - [MESSAGE][NOT_RUN] - NOT_RUN: setText

2018-12-05 15:34:20 - [TEST_STEP][NOT_RUN] - setText: NOT_RUN: setText

2018-12-05 15:34:20 - [MESSAGE][NOT_RUN] - NOT_RUN: setText

2018-12-05 15:34:20 - [TEST_STEP][NOT_RUN] - setText: NOT_RUN: setText

2018-12-05 15:34:20 - [MESSAGE][NOT_RUN] - NOT_RUN: setText

2018-12-05 15:34:20 - [TEST_STEP][NOT_RUN] - click: NOT_RUN: click

2018-12-05 15:34:20 - [MESSAGE][NOT_RUN] - NOT_RUN: click

2018-12-05 15:34:20 - [TEST_STEP][NOT_RUN] - click: NOT_RUN: click

2018-12-05 15:34:20 - [MESSAGE][NOT_RUN] - NOT_RUN: click

2018-12-05 15:34:21 - [TEST_STEP][NOT_RUN] - setText: NOT_RUN: setText

2018-12-05 15:34:21 - [MESSAGE][NOT_RUN] - NOT_RUN: setText

2018-12-05 15:34:21 - [TEST_STEP][NOT_RUN] - click: NOT_RUN: click

2018-12-05 15:34:21 - [MESSAGE][NOT_RUN] - NOT_RUN: click

2018-12-05 15:34:21 - [TEST_STEP][NOT_RUN] - click: NOT_RUN: click

2018-12-05 15:34:21 - [MESSAGE][NOT_RUN] - NOT_RUN: click

2018-12-05 15:34:21 - [TEST_STEP][NOT_RUN] - click: NOT_RUN: click

2018-12-05 15:34:21 - [MESSAGE][NOT_RUN] - NOT_RUN: click

2018-12-05 15:34:21 - [TEST_STEP][NOT_RUN] - click: NOT_RUN: click

2018-12-05 15:34:21 - [MESSAGE][NOT_RUN] - NOT_RUN: click

2018-12-05 15:34:21 - [TEST_STEP][NOT_RUN] - click: NOT_RUN: click

2018-12-05 15:34:21 - [MESSAGE][NOT_RUN] - NOT_RUN: click

2018-12-05 15:34:21 - [TEST_STEP][NOT_RUN] - click: NOT_RUN: click

2018-12-05 15:34:21 - [MESSAGE][NOT_RUN] - NOT_RUN: click

2018-12-05 15:34:21 - [TEST_STEP][NOT_RUN] - setText: NOT_RUN: setText

2018-12-05 15:34:21 - [MESSAGE][NOT_RUN] - NOT_RUN: setText

2018-12-05 15:34:21 - [TEST_STEP][NOT_RUN] - setText: NOT_RUN: setText

2018-12-05 15:34:21 - [MESSAGE][NOT_RUN] - NOT_RUN: setText

2018-12-05 15:34:21 - [TEST_STEP][NOT_RUN] - setText: NOT_RUN: setText

2018-12-05 15:34:21 - [MESSAGE][NOT_RUN] - NOT_RUN: setText

2018-12-05 15:34:21 - [TEST_STEP][NOT_RUN] - click: NOT_RUN: click

2018-12-05 15:34:21 - [MESSAGE][NOT_RUN] - NOT_RUN: click

2018-12-05 15:34:21 - [TEST_STEP][NOT_RUN] - click: NOT_RUN: click

2018-12-05 15:34:21 - [MESSAGE][NOT_RUN] - NOT_RUN: click

2018-12-05 15:34:21 - [TEST_STEP][NOT_RUN] - click: NOT_RUN: click

2018-12-05 15:34:21 - [MESSAGE][NOT_RUN] - NOT_RUN: click

2018-12-05 15:34:21 - [TEST_STEP][NOT_RUN] - delay: NOT_RUN: delay

2018-12-05 15:34:21 - [MESSAGE][NOT_RUN] - NOT_RUN: delay

2018-12-05 15:34:21 - [TEST_STEP][NOT_RUN] - setText: NOT_RUN: setText

2018-12-05 15:34:21 - [MESSAGE][NOT_RUN] - NOT_RUN: setText

2018-12-05 15:34:21 - [TEST_STEP][NOT_RUN] - delay: NOT_RUN: delay

2018-12-05 15:34:21 - [MESSAGE][NOT_RUN] - NOT_RUN: delay

2018-12-05 15:34:21 - [TEST_STEP][NOT_RUN] - click: NOT_RUN: click

2018-12-05 15:34:21 - [MESSAGE][NOT_RUN] - NOT_RUN: click

2018-12-05 15:34:21 - [TEST_STEP][NOT_RUN] - doubleClick: NOT_RUN: doubleClick

2018-12-05 15:34:21 - [MESSAGE][NOT_RUN] - NOT_RUN: doubleClick

2018-12-05 15:34:21 - [TEST_STEP][NOT_RUN] - click: NOT_RUN: click

2018-12-05 15:34:21 - [MESSAGE][NOT_RUN] - NOT_RUN: click

2018-12-05 15:34:21 - [TEST_STEP][NOT_RUN] - setText: NOT_RUN: setText

2018-12-05 15:34:21 - [MESSAGE][NOT_RUN] - NOT_RUN: setText

2018-12-05 15:34:21 - [TEST_STEP][NOT_RUN] - delay: NOT_RUN: delay

2018-12-05 15:34:21 - [MESSAGE][NOT_RUN] - NOT_RUN: delay

2018-12-05 15:34:21 - [TEST_STEP][NOT_RUN] - click: NOT_RUN: click

2018-12-05 15:34:21 - [MESSAGE][NOT_RUN] - NOT_RUN: click

2018-12-05 15:34:21 - [TEST_STEP][NOT_RUN] - delay: NOT_RUN: delay

2018-12-05 15:34:21 - [MESSAGE][NOT_RUN] - NOT_RUN: delay

2018-12-05 15:34:21 - [TEST_STEP][NOT_RUN] - setText: NOT_RUN: setText

2018-12-05 15:34:21 - [MESSAGE][NOT_RUN] - NOT_RUN: setText

2018-12-05 15:34:21 - [TEST_STEP][PASSED] - click: Object: 'Object Repository/Final Object Repo/Page_Request SSN - ASSIST/Save  Continue' is clicked on

2018-12-05 15:34:22 - [MESSAGE][PASSED] - Object: 'Object Repository/Final Object Repo/Page_Request SSN - ASSIST/Save  Continue' is clicked on

2018-12-05 15:34:22 - [TEST_STEP][PASSED] - delay: Delayed 3 second(s)

2018-12-05 15:34:25 - [MESSAGE][PASSED] - Delayed 3 second(s)

2018-12-05 15:34:25 - [TEST_STEP][PASSED] - Statement - CaseReferenceNo = com.kms.katalon.core.webui.keyword.WebUiBuiltInKeywords.getText(com.kms.katalon.core.testobject.ObjectRepository.findTestObject(Final Object Repo/Page_Request SSN - ASSIST/Reference Number in Uploading Page)): Text of object 'Object Repository/Final Object Repo/Page_Request SSN - ASSIST/Reference Number in Uploading Page' is: 'SSN12201800001155'

2018-12-05 15:34:25 - [MESSAGE][PASSED] - Text of object 'Object Repository/Final Object Repo/Page_Request SSN - ASSIST/Reference Number in Uploading Page' is: 'SSN12201800001155'

2018-12-05 15:34:25 - [TEST_STEP][PASSED] - callTestCase: Call Test Case 'Test Cases/Final Aug 2018 - PKS Automation/Common/Reference Number Setter' successfully

2018-12-05 15:34:25 - [TEST_CASE][PASSED] - Test Cases/Final Aug 2018 - PKS Automation/Common/Reference Number Setter: Test Cases/Final Aug 2018 - PKS Automation/Common/Reference Number Setter

2018-12-05 15:34:25 - [TEST_STEP][PASSED] - Statement - RefNoOldFile = new java.io.File(C://Users//Admin//Desktop//PKS//Automation Reference Point//KatalonReference.txt): null

2018-12-05 15:34:25 - [TEST_STEP][PASSED] - Statement - RefNoOldFile.delete(): null

2018-12-05 15:34:25 - [TEST_STEP][PASSED] - delay: Delayed 5 second(s)

2018-12-05 15:34:30 - [MESSAGE][PASSED] - Delayed 5 second(s)

2018-12-05 15:34:30 - [TEST_STEP][PASSED] - Statement - RefNo = new java.io.File(C://Users//Admin//Desktop//PKS//Automation Reference Point//KatalonReference.txt): null

2018-12-05 15:34:30 - [TEST_STEP][PASSED] - Statement - f2 = new java.io.FileWriter(RefNo, false): null

2018-12-05 15:34:30 - [TEST_STEP][PASSED] - Statement - f2.write(CaseReferenceNo): null

2018-12-05 15:34:30 - [TEST_STEP][PASSED] - Statement - f2.close(): null

2018-12-05 15:34:30 - [TEST_STEP][PASSED] - Statement - out.println("


" + CaseReferenceNo + "


"): null

2018-12-05 15:34:30 - [MESSAGE][PASSED] - Call Test Case 'Test Cases/Final Aug 2018 - PKS Automation/Common/Reference Number Setter' successfully

2018-12-05 15:34:30 - [TEST_STEP][PASSED] - click: Object: 'Object Repository/Final Object Repo/Page_Request SSN - ASSIST/Add Document Button' is clicked on

2018-12-05 15:34:31 - [MESSAGE][PASSED] - Object: 'Object Repository/Final Object Repo/Page_Request SSN - ASSIST/Add Document Button' is clicked on

2018-12-05 15:34:31 - [TEST_STEP][PASSED] - delay: Delayed 2 second(s)

2018-12-05 15:34:33 - [MESSAGE][PASSED] - Delayed 2 second(s)

2018-12-05 15:34:33 - [TEST_STEP][PASSED] - click: Object: 'Object Repository/Final Object Repo/Page_Request SSN - ASSIST/Document Type' is clicked on

2018-12-05 15:34:34 - [MESSAGE][PASSED] - Object: 'Object Repository/Final Object Repo/Page_Request SSN - ASSIST/Document Type' is clicked on

2018-12-05 15:34:34 - [TEST_STEP][PASSED] - delay: Delayed 2 second(s)

2018-12-05 15:34:36 - [MESSAGE][PASSED] - Delayed 2 second(s)

2018-12-05 15:34:36 - [TEST_STEP][PASSED] - click: Object: 'Object Repository/Final Object Repo/Page_Request SSN - ASSIST/Document Type - Birth Certificate' is clicked on

2018-12-05 15:34:36 - [MESSAGE][PASSED] - Object: 'Object Repository/Final Object Repo/Page_Request SSN - ASSIST/Document Type - Birth Certificate' is clicked on

2018-12-05 15:34:36 - [TEST_STEP][PASSED] - delay: Delayed 2 second(s)

2018-12-05 15:34:38 - [MESSAGE][PASSED] - Delayed 2 second(s)

2018-12-05 15:34:38 - [TEST_STEP][PASSED] - sendKeys: Keys 'C:\Users\Public\Pictures\Sample Pictures\Koala.jpg' sent to object: 'Object Repository/Final Object Repo/Page_Request SSN - ASSIST/Upload File'

2018-12-05 15:34:38 - [MESSAGE][PASSED] - Keys 'C:\Users\Public\Pictures\Sample Pictures\Koala.jpg' sent to object: 'Object Repository/Final Object Repo/Page_Request SSN - ASSIST/Upload File'

2018-12-05 15:34:38 - [TEST_STEP][PASSED] - click: Object: 'Object Repository/Final Object Repo/Page_Request SSN - ASSIST/Add Document' is clicked on

2018-12-05 15:34:38 - [MESSAGE][PASSED] - Object: 'Object Repository/Final Object Repo/Page_Request SSN - ASSIST/Add Document' is clicked on

2018-12-05 15:34:38 - [TEST_STEP][PASSED] - delay: Delayed 10 second(s)

2018-12-05 15:34:48 - [MESSAGE][PASSED] - Delayed 10 second(s)

2018-12-05 15:34:48 - [TEST_STEP][PASSED] - click: Object: 'Object Repository/Final Object Repo/Page_Request SSN - ASSIST/Save  Continue in Uploading Document Page' is clicked on

2018-12-05 15:34:48 - [MESSAGE][PASSED] - Object: 'Object Repository/Final Object Repo/Page_Request SSN - ASSIST/Save  Continue in Uploading Document Page' is clicked on

2018-12-05 15:34:48 - [TEST_STEP][PASSED] - delay: Delayed 2 second(s)

2018-12-05 15:34:50 - [MESSAGE][PASSED] - Delayed 2 second(s)

2018-12-05 15:34:50 - [TEST_STEP][PASSED] - click: Object: 'Object Repository/Final Object Repo/Page_Request SSN - ASSIST/Submit' is clicked on

2018-12-05 15:34:53 - [MESSAGE][PASSED] - Object: 'Object Repository/Final Object Repo/Page_Request SSN - ASSIST/Submit' is clicked on

2018-12-05 15:34:53 - [TEST_STEP][PASSED] - delay: Delayed 2 second(s)

2018-12-05 15:34:55 - [MESSAGE][PASSED] - Delayed 2 second(s)

2018-12-05 15:34:55 - [TEST_STEP][PASSED] - click: Object: 'Object Repository/Final Object Repo/Page_Request SSN - ASSIST/Confirm' is clicked on

2018-12-05 15:34:55 - [MESSAGE][PASSED] - Object: 'Object Repository/Final Object Repo/Page_Request SSN - ASSIST/Confirm' is clicked on

2018-12-05 15:34:55 - [TEST_STEP][PASSED] - delay: Delayed 2 second(s)

2018-12-05 15:34:57 - [MESSAGE][PASSED] - Delayed 2 second(s)

2018-12-05 15:34:57 - [TEST_STEP][PASSED] - verifyElementVisible: Object 'Object Repository/Final Object Repo/Page_Request SSN - ASSIST/Message This Case will be routed to RIO' is visible

2018-12-05 15:35:02 - [MESSAGE][PASSED] - Object 'Object Repository/Final Object Repo/Page_Request SSN - ASSIST/Message This Case will be routed to RIO' is visible

2018-12-05 15:35:02 - [TEST_STEP][PASSED] - delay: Delayed 2 second(s)

2018-12-05 15:35:04 - [MESSAGE][PASSED] - Delayed 2 second(s)

2018-12-05 15:35:04 - [TEST_STEP][PASSED] - verifyElementVisible: Object 'Object Repository/Final Object Repo/Page_Request SSN - ASSIST/Letter of acknowledgement' is visible

2018-12-05 15:35:04 - [MESSAGE][PASSED] - Object 'Object Repository/Final Object Repo/Page_Request SSN - ASSIST/Letter of acknowledgement' is visible

2018-12-05 15:35:04 - [MESSAGE][PASSED] - Call Test Case 'Test Cases/Final Aug 2018 - PKS Automation/Registration Module/Workflow/Request SSN/Template/Request SSN - OTC' successfully

2018-12-05 15:35:04 - [TEST_STEP][PASSED] - callTestCase: Call Test Case 'Test Cases/Final Aug 2018 - PKS Automation/Registration Module/Workflow/Request SSN/Template/Request SSN RIO - RO (Query)' successfully

2018-12-05 15:35:04 - [TEST_CASE][PASSED] - Test Cases/Final Aug 2018 - PKS Automation/Registration Module/Workflow/Request SSN/Template/Request SSN RIO - RO (Query): Test Cases/Final Aug 2018 - PKS Automation/Registration Module/Workflow/Request SSN/Template/Request SSN RIO - RO (Query)

2018-12-05 15:35:05 - [TEST_STEP][NOT_RUN] - callTestCase: NOT_RUN: callTestCase

2018-12-05 15:35:05 - [MESSAGE][NOT_RUN] - NOT_RUN: callTestCase

2018-12-05 15:35:05 - [TEST_STEP][PASSED] - delay: Delayed 2 second(s)

2018-12-05 15:35:07 - [MESSAGE][PASSED] - Delayed 2 second(s)

2018-12-05 15:35:07 - [TEST_STEP][PASSED] - navigateToUrl: Navigate to 'https://assist2-uat.perkeso.gov.my/c/portal/logout' successfully

2018-12-05 15:35:08 - [MESSAGE][PASSED] - Navigate to 'https://assist2-uat.perkeso.gov.my/c/portal/logout' successfully

2018-12-05 15:35:08 - [TEST_STEP][PASSED] - delay: Delayed 2 second(s)

2018-12-05 15:35:10 - [MESSAGE][PASSED] - Delayed 2 second(s)

2018-12-05 15:35:10 - [TEST_STEP][PASSED] - callTestCase: Call Test Case 'Test Cases/Final Aug 2018 - PKS Automation/Common/Reference Number Getter' successfully

2018-12-05 15:35:10 - [TEST_CASE][PASSED] - Test Cases/Final Aug 2018 - PKS Automation/Common/Reference Number Getter: Test Cases/Final Aug 2018 - PKS Automation/Common/Reference Number Getter

2018-12-05 15:35:10 - [TEST_STEP][PASSED] - Statement - Try: null

2018-12-05 15:35:10 - [TEST_STEP][PASSED] - Statement - RefNo = new java.io.File(C://Users//Admin//Desktop//PKS//Automation Reference Point//KatalonReference.txt): null

2018-12-05 15:35:10 - [TEST_STEP][PASSED] - Statement - bufferread = new java.io.BufferedReader(new java.io.FileReader(RefNo)): null

2018-12-05 15:35:10 - [TEST_STEP][PASSED] - Statement - readedVal = bufferread.readLine(): null

2018-12-05 15:35:10 - [TEST_STEP][PASSED] - Statement - out.println(CaseReferenceNo): null

2018-12-05 15:35:10 - [TEST_STEP][PASSED] - Statement - out.println(readedVal): null

2018-12-05 15:35:10 - [TEST_STEP][PASSED] - Statement - CaseReferenceNo = "": null

2018-12-05 15:35:10 - [TEST_STEP][PASSED] - Statement - CaseReferenceNo = readedVal: null

2018-12-05 15:35:10 - [MESSAGE][PASSED] - Call Test Case 'Test Cases/Final Aug 2018 - PKS Automation/Common/Reference Number Getter' successfully

2018-12-05 15:35:10 - [TEST_STEP][PASSED] - callTestCase: Call Test Case 'Test Cases/Final Aug 2018 - PKS Automation/Common/Workflow Owner Finder' successfully

2018-12-05 15:35:10 - [TEST_CASE][PASSED] - Test Cases/Final Aug 2018 - PKS Automation/Common/Workflow Owner Finder: Test Cases/Final Aug 2018 - PKS Automation/Common/Workflow Owner Finder

2018-12-05 15:35:10 - [TEST_STEP][PASSED] - openBrowser: Browser is opened with url: ''

2018-12-05 15:35:10 - [MESSAGE][WARNING] - A browser is already opened. Closing browser and opening a new one

2018-12-05 15:35:13 - [MESSAGE][PASSED] - Browser is opened with url: ''

2018-12-05 15:35:13 - [TEST_STEP][PASSED] - navigateToUrl: Navigate to 'https://assist2-uat.perkeso.gov.my/login' successfully

2018-12-05 15:35:14 - [MESSAGE][PASSED] - Navigate to 'https://assist2-uat.perkeso.gov.my/login' successfully

2018-12-05 15:35:14 - [TEST_STEP][PASSED] - delay: Delayed 5 second(s)

2018-12-05 15:35:19 - [MESSAGE][PASSED] - Delayed 5 second(s)

2018-12-05 15:35:19 - [TEST_STEP][PASSED] - setText: Text 'test@liferay.com' is set on object 'Object Repository/Final Object Repo/Login Page/Internal User/Email Address'

2018-12-05 15:35:19 - [MESSAGE][PASSED] - Text 'test@liferay.com' is set on object 'Object Repository/Final Object Repo/Login Page/Internal User/Email Address'

2018-12-05 15:35:19 - [TEST_STEP][PASSED] - click: Object: 'Object Repository/Final Object Repo/Login Page/Internal User/Next Button' is clicked on

2018-12-05 15:35:19 - [MESSAGE][PASSED] - Object: 'Object Repository/Final Object Repo/Login Page/Internal User/Next Button' is clicked on

2018-12-05 15:35:19 - [TEST_STEP][PASSED] - delay: Delayed 2 second(s)

2018-12-05 15:35:21 - [MESSAGE][PASSED] - Delayed 2 second(s)

2018-12-05 15:35:21 - [TEST_STEP][PASSED] - setText: Text 'test' is set on object 'Object Repository/Final Object Repo/Login Page/Internal User/Password'

2018-12-05 15:35:22 - [MESSAGE][PASSED] - Text 'test' is set on object 'Object Repository/Final Object Repo/Login Page/Internal User/Password'

2018-12-05 15:35:22 - [TEST_STEP][PASSED] - delay: Delayed 2 second(s)

2018-12-05 15:35:24 - [MESSAGE][PASSED] - Delayed 2 second(s)

2018-12-05 15:35:24 - [TEST_STEP][PASSED] - click: Object: 'Object Repository/Final Object Repo/Login Page/Internal User/Login Button' is clicked on

2018-12-05 15:35:24 - [MESSAGE][PASSED] - Object: 'Object Repository/Final Object Repo/Login Page/Internal User/Login Button' is clicked on

2018-12-05 15:35:24 - [TEST_STEP][PASSED] - Statement - tester = com.kms.katalon.core.testobject.ObjectRepository.findTestObject(Final Object Repo/Landing Page/Select to English): Finding Test Object with id 'Object Repository/Final Object Repo/Landing Page/Select to English'

2018-12-05 15:35:24 - [TEST_STEP][PASSED] - Statement - Try: Delayed 2 second(s)

2018-12-05 15:35:24 - [TEST_STEP][PASSED] - Statement - Checker = com.kms.katalon.core.webui.keyword.WebUiBuiltInKeywords.verifyElementNotPresent(tester, 3): Web element with id: 'Object Repository/Final Object Repo/Landing Page/Select to English' located by 'By.xpath: //a[@class = 'taglib-language-list-text' and @lang = 'en-US' and (contains(text(), 'EN') or contains(., 'EN'))]' is not present after '3' second(s)

2018-12-05 15:35:26 - [MESSAGE][PASSED] - Web element with id: 'Object Repository/Final Object Repo/Landing Page/Select to English' located by 'By.xpath: //a[@class = 'taglib-language-list-text' and @lang = 'en-US' and (contains(text(), 'EN') or contains(., 'EN'))]' is not present after '3' second(s)

2018-12-05 15:35:26 - [TEST_STEP][PASSED] - Statement - If (Checker == false): null

2018-12-05 15:35:26 - [TEST_STEP][PASSED] - delay: Delayed 2 second(s)

2018-12-05 15:35:28 - [MESSAGE][PASSED] - Delayed 2 second(s)

2018-12-05 15:35:28 - [TEST_STEP][PASSED] - delay: Delayed 5 second(s)

2018-12-05 15:35:33 - [MESSAGE][PASSED] - Delayed 5 second(s)

2018-12-05 15:35:33 - [TEST_STEP][PASSED] - mouseOver: Object: 'Object Repository/Final Object Repo/Landing Page/WorkFlow Menu' is hovered

2018-12-05 15:35:33 - [MESSAGE][PASSED] - Object: 'Object Repository/Final Object Repo/Landing Page/WorkFlow Menu' is hovered

2018-12-05 15:35:33 - [TEST_STEP][PASSED] - delay: Delayed 2 second(s)

2018-12-05 15:35:35 - [MESSAGE][PASSED] - Delayed 2 second(s)

2018-12-05 15:35:35 - [TEST_STEP][PASSED] - click: Object: 'Object Repository/Final Object Repo/Landing Page/Select to Workflow Listing' is clicked on

2018-12-05 15:35:36 - [MESSAGE][PASSED] - Object: 'Object Repository/Final Object Repo/Landing Page/Select to Workflow Listing' is clicked on

2018-12-05 15:35:36 - [TEST_STEP][PASSED] - delay: Delayed 2 second(s)

2018-12-05 15:35:38 - [MESSAGE][PASSED] - Delayed 2 second(s)

2018-12-05 15:35:38 - [TEST_STEP][PASSED] - click: Object: 'Object Repository/Final Object Repo/WorkFlow Listing Page/Search Information - To Put Ref No' is clicked on

2018-12-05 15:35:38 - [MESSAGE][PASSED] - Object: 'Object Repository/Final Object Repo/WorkFlow Listing Page/Search Information - To Put Ref No' is clicked on

2018-12-05 15:35:38 - [TEST_STEP][PASSED] - delay: Delayed 2 second(s)

2018-12-05 15:35:40 - [MESSAGE][PASSED] - Delayed 2 second(s)

2018-12-05 15:35:40 - [TEST_STEP][PASSED] - callTestCase: Call Test Case 'Test Cases/Final Aug 2018 - PKS Automation/Common/Reference Number Getter' successfully

2018-12-05 15:35:40 - [TEST_CASE][PASSED] - Test Cases/Final Aug 2018 - PKS Automation/Common/Reference Number Getter: Test Cases/Final Aug 2018 - PKS Automation/Common/Reference Number Getter

2018-12-05 15:35:40 - [TEST_STEP][PASSED] - Statement - Try: null

2018-12-05 15:35:40 - [TEST_STEP][PASSED] - Statement - RefNo = new java.io.File(C://Users//Admin//Desktop//PKS//Automation Reference Point//KatalonReference.txt): null

2018-12-05 15:35:40 - [TEST_STEP][PASSED] - Statement - bufferread = new java.io.BufferedReader(new java.io.FileReader(RefNo)): null

2018-12-05 15:35:40 - [TEST_STEP][PASSED] - Statement - readedVal = bufferread.readLine(): null

2018-12-05 15:35:40 - [TEST_STEP][PASSED] - Statement - out.println(CaseReferenceNo): null

2018-12-05 15:35:40 - [TEST_STEP][PASSED] - Statement - out.println(readedVal): null

2018-12-05 15:35:40 - [TEST_STEP][PASSED] - Statement - CaseReferenceNo = "": null

2018-12-05 15:35:40 - [TEST_STEP][PASSED] - Statement - CaseReferenceNo = readedVal: null

2018-12-05 15:35:40 - [MESSAGE][PASSED] - Call Test Case 'Test Cases/Final Aug 2018 - PKS Automation/Common/Reference Number Getter' successfully

2018-12-05 15:35:40 - [TEST_STEP][PASSED] - setText: Text 'SSN12201800001155' is set on object 'Object Repository/Final Object Repo/WorkFlow Listing Page/Ref No Set Text'

2018-12-05 15:35:41 - [MESSAGE][PASSED] - Text 'SSN12201800001155' is set on object 'Object Repository/Final Object Repo/WorkFlow Listing Page/Ref No Set Text'

2018-12-05 15:35:41 - [TEST_STEP][PASSED] - delay: Delayed 2 second(s)

2018-12-05 15:35:43 - [MESSAGE][PASSED] - Delayed 2 second(s)

2018-12-05 15:35:43 - [TEST_STEP][PASSED] - click: Object: 'Object Repository/Final Object Repo/WorkFlow Listing Page/Search Ref No Search Button' is clicked on

2018-12-05 15:35:43 - [MESSAGE][PASSED] - Object: 'Object Repository/Final Object Repo/WorkFlow Listing Page/Search Ref No Search Button' is clicked on

2018-12-05 15:35:43 - [TEST_STEP][PASSED] - delay: Delayed 6 second(s)

2018-12-05 15:35:49 - [MESSAGE][PASSED] - Delayed 6 second(s)

2018-12-05 15:35:49 - [TEST_STEP][PASSED] - click: Object: 'Object Repository/Final Object Repo/WorkFlow Listing Page/Click Continue Tooltip' is clicked on

2018-12-05 15:35:50 - [MESSAGE][PASSED] - Object: 'Object Repository/Final Object Repo/WorkFlow Listing Page/Click Continue Tooltip' is clicked on

2018-12-05 15:35:50 - [TEST_STEP][PASSED] - delay: Delayed 5 second(s)

2018-12-05 15:35:55 - [MESSAGE][PASSED] - Delayed 5 second(s)

2018-12-05 15:35:55 - [TEST_STEP][PASSED] - doubleClick: Object: 'Object Repository/Final Object Repo/WorkFlow Listing Page/Workflow Found - Listing 1' is double clicked on

2018-12-05 15:35:55 - [MESSAGE][PASSED] - Object: 'Object Repository/Final Object Repo/WorkFlow Listing Page/Workflow Found - Listing 1' is double clicked on

2018-12-05 15:35:55 - [TEST_STEP][PASSED] - Statement - println(OwnerID): null

2018-12-05 15:35:55 - [TEST_STEP][PASSED] - Statement - OwnerID = com.kms.katalon.core.webui.keyword.WebUiBuiltInKeywords.getText(com.kms.katalon.core.testobject.ObjectRepository.findTestObject(Final Object Repo/WorkFlow Listing Page/Workflow Found - Listing 1), STOP_ON_FAILURE): Text of object 'Object Repository/Final Object Repo/WorkFlow Listing Page/Workflow Found - Listing 1' is: 'JOHORrio3'

2018-12-05 15:35:55 - [MESSAGE][PASSED] - Text of object 'Object Repository/Final Object Repo/WorkFlow Listing Page/Workflow Found - Listing 1' is: 'JOHORrio3'

2018-12-05 15:35:55 - [TEST_STEP][PASSED] - Statement - OwnerID = OwnerID.toLowerCase() + "@gmail.com": null

2018-12-05 15:35:55 - [TEST_STEP][PASSED] - Statement - println(OwnerID): null

2018-12-05 15:35:55 - [TEST_STEP][PASSED] - delay: Delayed 2 second(s)

2018-12-05 15:35:57 - [MESSAGE][PASSED] - Delayed 2 second(s)

2018-12-05 15:35:57 - [MESSAGE][PASSED] - Call Test Case 'Test Cases/Final Aug 2018 - PKS Automation/Common/Workflow Owner Finder' successfully

2018-12-05 15:35:57 - [TEST_STEP][PASSED] - delay: Delayed 2 second(s)

2018-12-05 15:35:59 - [MESSAGE][PASSED] - Delayed 2 second(s)

2018-12-05 15:35:59 - [TEST_STEP][PASSED] - navigateToUrl: Navigate to 'https://assist2-uat.perkeso.gov.my/c/portal/logout' successfully

2018-12-05 15:36:00 - [MESSAGE][PASSED] - Navigate to 'https://assist2-uat.perkeso.gov.my/c/portal/logout' successfully

2018-12-05 15:36:00 - [TEST_STEP][PASSED] - delay: Delayed 2 second(s)

2018-12-05 15:36:02 - [MESSAGE][PASSED] - Delayed 2 second(s)

2018-12-05 15:36:02 - [TEST_STEP][PASSED] - callTestCase: Call Test Case 'Test Cases/Final Aug 2018 - PKS Automation/Registration Module/Workflow/Login and Search Case For Workflow' successfully

2018-12-05 15:36:02 - [TEST_CASE][PASSED] - Test Cases/Final Aug 2018 - PKS Automation/Registration Module/Workflow/Login and Search Case For Workflow: Test Cases/Final Aug 2018 - PKS Automation/Registration Module/Workflow/Login and Search Case For Workflow

2018-12-05 15:36:02 - [TEST_STEP][PASSED] - navigateToUrl: Navigate to 'https://assist2-uat.perkeso.gov.my/login' successfully

2018-12-05 15:36:03 - [MESSAGE][PASSED] - Navigate to 'https://assist2-uat.perkeso.gov.my/login' successfully

2018-12-05 15:36:03 - [TEST_STEP][PASSED] - setText: Text 'johorrio3@gmail.com' is set on object 'Object Repository/Final Object Repo/Login Page/Internal User/Email Address'

2018-12-05 15:36:03 - [MESSAGE][PASSED] - Text 'johorrio3@gmail.com' is set on object 'Object Repository/Final Object Repo/Login Page/Internal User/Email Address'

2018-12-05 15:36:03 - [TEST_STEP][PASSED] - click: Object: 'Object Repository/Final Object Repo/Login Page/Internal User/Next Button' is clicked on

2018-12-05 15:36:03 - [MESSAGE][PASSED] - Object: 'Object Repository/Final Object Repo/Login Page/Internal User/Next Button' is clicked on

2018-12-05 15:36:03 - [TEST_STEP][PASSED] - delay: Delayed 1 second(s)

2018-12-05 15:36:04 - [MESSAGE][PASSED] - Delayed 1 second(s)

2018-12-05 15:36:04 - [TEST_STEP][PASSED] - setEncryptedText: Text ****** has been set on object 'Object Repository/Final Object Repo/Login Page/Internal User/Password'

2018-12-05 15:36:04 - [MESSAGE][PASSED] - Text ****** has been set on object 'Object Repository/Final Object Repo/Login Page/Internal User/Password'

2018-12-05 15:36:04 - [TEST_STEP][PASSED] - click: Object: 'Object Repository/Final Object Repo/Login Page/Internal User/Login Button' is clicked on

2018-12-05 15:36:05 - [MESSAGE][PASSED] - Object: 'Object Repository/Final Object Repo/Login Page/Internal User/Login Button' is clicked on

2018-12-05 15:36:05 - [TEST_STEP][PASSED] - delay: Delayed 2 second(s)

2018-12-05 15:36:07 - [MESSAGE][PASSED] - Delayed 2 second(s)

2018-12-05 15:36:07 - [TEST_STEP][PASSED] - Statement - Try: Delayed 2 second(s)

2018-12-05 15:36:07 - [TEST_STEP][PASSED] - Statement - Checker = false: null

2018-12-05 15:36:07 - [TEST_STEP][PASSED] - Statement - Checker = com.kms.katalon.core.webui.keyword.WebUiBuiltInKeywords.verifyElementHasAttribute(com.kms.katalon.core.testobject.ObjectRepository.findTestObject(Final Object Repo/Landing Page/BM Detecting), "href", 20, OPTIONAL): Object 'Object Repository/Final Object Repo/Landing Page/BM Detecting' has attribute 'href'

2018-12-05 15:36:09 - [MESSAGE][PASSED] - Object 'Object Repository/Final Object Repo/Landing Page/BM Detecting' has attribute 'href'

2018-12-05 15:36:09 - [TEST_STEP][PASSED] - Statement - out.println(Checker): null

2018-12-05 15:36:09 - [TEST_STEP][PASSED] - Statement - If (Checker == false): null

2018-12-05 15:36:09 - [TEST_STEP][PASSED] - Statement - Else: null

2018-12-05 15:36:09 - [TEST_STEP][PASSED] - delay: Delayed 2 second(s)

2018-12-05 15:36:11 - [MESSAGE][PASSED] - Delayed 2 second(s)

2018-12-05 15:36:11 - [TEST_STEP][PASSED] - click: Object: 'Object Repository/Final Object Repo/Page_MyASSIST - ASSIST - Search Pending Case For Add Supporting Document/Search Information' is clicked on

2018-12-05 15:36:11 - [MESSAGE][PASSED] - Object: 'Object Repository/Final Object Repo/Page_MyASSIST - ASSIST - Search Pending Case For Add Supporting Document/Search Information' is clicked on

2018-12-05 15:36:11 - [TEST_STEP][PASSED] - delay: Delayed 3 second(s)

2018-12-05 15:36:14 - [MESSAGE][PASSED] - Delayed 3 second(s)

2018-12-05 15:36:14 - [TEST_STEP][PASSED] - sendKeys: Keys 'SSN12201800001155' sent to object: 'Object Repository/Final Object Repo/Page_MyASSIST - ASSIST - Search Pending Case For Add Supporting Document/Reference No'

2018-12-05 15:36:14 - [MESSAGE][PASSED] - Keys 'SSN12201800001155' sent to object: 'Object Repository/Final Object Repo/Page_MyASSIST - ASSIST - Search Pending Case For Add Supporting Document/Reference No'

2018-12-05 15:36:14 - [TEST_STEP][PASSED] - click: Object: 'Object Repository/Final Object Repo/Page_MyASSIST - ASSIST - Search Pending Case For Add Supporting Document/Search Reference No' is clicked on

2018-12-05 15:36:15 - [MESSAGE][PASSED] - Object: 'Object Repository/Final Object Repo/Page_MyASSIST - ASSIST - Search Pending Case For Add Supporting Document/Search Reference No' is clicked on

2018-12-05 15:36:15 - [TEST_STEP][PASSED] - delay: Delayed 2 second(s)

2018-12-05 15:36:17 - [MESSAGE][PASSED] - Delayed 2 second(s)

2018-12-05 15:36:17 - [TEST_STEP][PASSED] - click: Object: 'Object Repository/Final Object Repo/Page_MyASSIST - ASSIST - Search Pending Case For Add Supporting Document/Continue' is clicked on

2018-12-05 15:36:24 - [MESSAGE][PASSED] - Object: 'Object Repository/Final Object Repo/Page_MyASSIST - ASSIST - Search Pending Case For Add Supporting Document/Continue' is clicked on

2018-12-05 15:36:24 - [TEST_STEP][PASSED] - delay: Delayed 20 second(s)

2018-12-05 15:36:44 - [MESSAGE][PASSED] - Delayed 20 second(s)

2018-12-05 15:36:44 - [MESSAGE][PASSED] - Call Test Case 'Test Cases/Final Aug 2018 - PKS Automation/Registration Module/Workflow/Login and Search Case For Workflow' successfully

2018-12-05 15:36:44 - [TEST_STEP][PASSED] - callTestCase: Call Test Case 'Test Cases/Final Aug 2018 - PKS Automation/Registration Module/Workflow/Request SSN/Template/Request SSN - RIO' successfully

2018-12-05 15:36:44 - [TEST_CASE][PASSED] - Test Cases/Final Aug 2018 - PKS Automation/Registration Module/Workflow/Request SSN/Template/Request SSN - RIO: Test Cases/Final Aug 2018 - PKS Automation/Registration Module/Workflow/Request SSN/Template/Request SSN - RIO

2018-12-05 15:36:44 - [TEST_STEP][NOT_RUN] - openBrowser: NOT_RUN: openBrowser

2018-12-05 15:36:44 - [MESSAGE][NOT_RUN] - NOT_RUN: openBrowser

2018-12-05 15:36:44 - [TEST_STEP][NOT_RUN] - navigateToUrl: NOT_RUN: navigateToUrl

2018-12-05 15:36:44 - [MESSAGE][NOT_RUN] - NOT_RUN: navigateToUrl

2018-12-05 15:36:44 - [TEST_STEP][NOT_RUN] - setText: NOT_RUN: setText

2018-12-05 15:36:44 - [MESSAGE][NOT_RUN] - NOT_RUN: setText

2018-12-05 15:36:44 - [TEST_STEP][NOT_RUN] - click: NOT_RUN: click

2018-12-05 15:36:44 - [MESSAGE][NOT_RUN] - NOT_RUN: click

2018-12-05 15:36:44 - [TEST_STEP][NOT_RUN] - delay: NOT_RUN: delay

2018-12-05 15:36:44 - [MESSAGE][NOT_RUN] - NOT_RUN: delay

2018-12-05 15:36:44 - [TEST_STEP][NOT_RUN] - setEncryptedText: NOT_RUN: setEncryptedText

2018-12-05 15:36:44 - [MESSAGE][NOT_RUN] - NOT_RUN: setEncryptedText

2018-12-05 15:36:44 - [TEST_STEP][NOT_RUN] - click: NOT_RUN: click

2018-12-05 15:36:44 - [MESSAGE][NOT_RUN] - NOT_RUN: click

2018-12-05 15:36:44 - [TEST_STEP][NOT_RUN] - delay: NOT_RUN: delay

2018-12-05 15:36:44 - [MESSAGE][NOT_RUN] - NOT_RUN: delay

2018-12-05 15:36:44 - [TEST_STEP][NOT_RUN] - click: NOT_RUN: click

2018-12-05 15:36:44 - [MESSAGE][NOT_RUN] - NOT_RUN: click

2018-12-05 15:36:44 - [TEST_STEP][NOT_RUN] - sendKeys: NOT_RUN: sendKeys

2018-12-05 15:36:44 - [MESSAGE][NOT_RUN] - NOT_RUN: sendKeys

2018-12-05 15:36:44 - [TEST_STEP][NOT_RUN] - click: NOT_RUN: click

2018-12-05 15:36:44 - [MESSAGE][NOT_RUN] - NOT_RUN: click

2018-12-05 15:36:44 - [TEST_STEP][NOT_RUN] - delay: NOT_RUN: delay

2018-12-05 15:36:44 - [MESSAGE][NOT_RUN] - NOT_RUN: delay

2018-12-05 15:36:44 - [TEST_STEP][NOT_RUN] - click: NOT_RUN: click

2018-12-05 15:36:44 - [MESSAGE][NOT_RUN] - NOT_RUN: click

2018-12-05 15:36:44 - [TEST_STEP][PASSED] - click: Object: 'Object Repository/Final Object Repo/Page_Request SSN - ASSIST/Page_Request SSN - ASSIST - RIO/Recommend For SSN' is clicked on

2018-12-05 15:36:45 - [MESSAGE][PASSED] - Object: 'Object Repository/Final Object Repo/Page_Request SSN - ASSIST/Page_Request SSN - ASSIST - RIO/Recommend For SSN' is clicked on

2018-12-05 15:36:45 - [TEST_STEP][PASSED] - click: Object: 'Object Repository/Final Object Repo/Page_Request SSN - ASSIST/Page_Request SSN - ASSIST - RIO/Recommend For SSN  - Yes' is clicked on

2018-12-05 15:36:45 - [MESSAGE][PASSED] - Object: 'Object Repository/Final Object Repo/Page_Request SSN - ASSIST/Page_Request SSN - ASSIST - RIO/Recommend For SSN  - Yes' is clicked on

2018-12-05 15:36:45 - [TEST_STEP][PASSED] - delay: Delayed 2 second(s)

2018-12-05 15:36:47 - [MESSAGE][PASSED] - Delayed 2 second(s)

2018-12-05 15:36:47 - [TEST_STEP][PASSED] - click: Object: 'Object Repository/Final Object Repo/Page_Request SSN - ASSIST/Page_Request SSN - ASSIST - RIO/Save  Continue in SSN page' is clicked on

2018-12-05 15:36:47 - [MESSAGE][PASSED] - Object: 'Object Repository/Final Object Repo/Page_Request SSN - ASSIST/Page_Request SSN - ASSIST - RIO/Save  Continue in SSN page' is clicked on

2018-12-05 15:36:47 - [TEST_STEP][PASSED] - delay: Delayed 2 second(s)

2018-12-05 15:36:49 - [MESSAGE][PASSED] - Delayed 2 second(s)

2018-12-05 15:36:49 - [TEST_STEP][PASSED] - click: Object: 'Object Repository/Final Object Repo/Page_Request SSN - ASSIST/Page_Request SSN - ASSIST - RIO/Save  Continue in Upload Document Page' is clicked on

2018-12-05 15:36:51 - [MESSAGE][PASSED] - Object: 'Object Repository/Final Object Repo/Page_Request SSN - ASSIST/Page_Request SSN - ASSIST - RIO/Save  Continue in Upload Document Page' is clicked on

2018-12-05 15:36:51 - [TEST_STEP][PASSED] - delay: Delayed 2 second(s)

2018-12-05 15:36:53 - [MESSAGE][PASSED] - Delayed 2 second(s)

2018-12-05 15:36:53 - [TEST_STEP][PASSED] - click: Object: 'Object Repository/Final Object Repo/Page_Request SSN - ASSIST/Page_Request SSN - ASSIST - RIO/Submit' is clicked on

2018-12-05 15:36:56 - [MESSAGE][PASSED] - Object: 'Object Repository/Final Object Repo/Page_Request SSN - ASSIST/Page_Request SSN - ASSIST - RIO/Submit' is clicked on

2018-12-05 15:36:56 - [TEST_STEP][PASSED] - delay: Delayed 2 second(s)

2018-12-05 15:36:58 - [MESSAGE][PASSED] - Delayed 2 second(s)

2018-12-05 15:36:58 - [TEST_STEP][PASSED] - click: Object: 'Object Repository/Final Object Repo/Page_Request SSN - ASSIST/Page_Request SSN - ASSIST - RIO/Confirm' is clicked on

2018-12-05 15:36:58 - [MESSAGE][PASSED] - Object: 'Object Repository/Final Object Repo/Page_Request SSN - ASSIST/Page_Request SSN - ASSIST - RIO/Confirm' is clicked on

2018-12-05 15:36:58 - [MESSAGE][PASSED] - Call Test Case 'Test Cases/Final Aug 2018 - PKS Automation/Registration Module/Workflow/Request SSN/Template/Request SSN - RIO' successfully

2018-12-05 15:36:58 - [TEST_STEP][PASSED] - delay: Delayed 2 second(s)

2018-12-05 15:37:00 - [MESSAGE][PASSED] - Delayed 2 second(s)

2018-12-05 15:37:00 - [TEST_STEP][PASSED] - navigateToUrl: Navigate to 'https://assist2-uat.perkeso.gov.my/c/portal/logout' successfully

2018-12-05 15:37:05 - [MESSAGE][PASSED] - Navigate to 'https://assist2-uat.perkeso.gov.my/c/portal/logout' successfully

2018-12-05 15:37:05 - [TEST_STEP][PASSED] - delay: Delayed 2 second(s)

2018-12-05 15:37:07 - [MESSAGE][PASSED] - Delayed 2 second(s)

2018-12-05 15:37:07 - [TEST_STEP][PASSED] - callTestCase: Call Test Case 'Test Cases/Final Aug 2018 - PKS Automation/Common/Workflow Owner Finder' successfully

2018-12-05 15:37:07 - [TEST_CASE][PASSED] - Test Cases/Final Aug 2018 - PKS Automation/Common/Workflow Owner Finder: Test Cases/Final Aug 2018 - PKS Automation/Common/Workflow Owner Finder

2018-12-05 15:37:07 - [TEST_STEP][PASSED] - openBrowser: Browser is opened with url: ''

2018-12-05 15:37:07 - [MESSAGE][WARNING] - A browser is already opened. Closing browser and opening a new one

2018-12-05 15:37:10 - [MESSAGE][PASSED] - Browser is opened with url: ''

2018-12-05 15:37:10 - [TEST_STEP][PASSED] - navigateToUrl: Navigate to 'https://assist2-uat.perkeso.gov.my/login' successfully

2018-12-05 15:37:11 - [MESSAGE][PASSED] - Navigate to 'https://assist2-uat.perkeso.gov.my/login' successfully

2018-12-05 15:37:11 - [TEST_STEP][PASSED] - delay: Delayed 5 second(s)

2018-12-05 15:37:16 - [MESSAGE][PASSED] - Delayed 5 second(s)

2018-12-05 15:37:16 - [TEST_STEP][PASSED] - setText: Text 'test@liferay.com' is set on object 'Object Repository/Final Object Repo/Login Page/Internal User/Email Address'

2018-12-05 15:37:17 - [MESSAGE][PASSED] - Text 'test@liferay.com' is set on object 'Object Repository/Final Object Repo/Login Page/Internal User/Email Address'

2018-12-05 15:37:17 - [TEST_STEP][PASSED] - click: Object: 'Object Repository/Final Object Repo/Login Page/Internal User/Next Button' is clicked on

2018-12-05 15:37:17 - [MESSAGE][PASSED] - Object: 'Object Repository/Final Object Repo/Login Page/Internal User/Next Button' is clicked on

2018-12-05 15:37:17 - [TEST_STEP][PASSED] - delay: Delayed 2 second(s)

2018-12-05 15:37:19 - [MESSAGE][PASSED] - Delayed 2 second(s)

2018-12-05 15:37:19 - [TEST_STEP][PASSED] - setText: Text 'test' is set on object 'Object Repository/Final Object Repo/Login Page/Internal User/Password'

2018-12-05 15:37:19 - [MESSAGE][PASSED] - Text 'test' is set on object 'Object Repository/Final Object Repo/Login Page/Internal User/Password'

2018-12-05 15:37:19 - [TEST_STEP][PASSED] - delay: Delayed 2 second(s)

2018-12-05 15:37:21 - [MESSAGE][PASSED] - Delayed 2 second(s)

2018-12-05 15:37:21 - [TEST_STEP][PASSED] - click: Object: 'Object Repository/Final Object Repo/Login Page/Internal User/Login Button' is clicked on

2018-12-05 15:37:21 - [MESSAGE][PASSED] - Object: 'Object Repository/Final Object Repo/Login Page/Internal User/Login Button' is clicked on

2018-12-05 15:37:21 - [TEST_STEP][PASSED] - Statement - tester = com.kms.katalon.core.testobject.ObjectRepository.findTestObject(Final Object Repo/Landing Page/Select to English): Finding Test Object with id 'Object Repository/Final Object Repo/Landing Page/Select to English'

2018-12-05 15:37:21 - [TEST_STEP][PASSED] - Statement - Try: Delayed 2 second(s)

2018-12-05 15:37:21 - [TEST_STEP][PASSED] - Statement - Checker = com.kms.katalon.core.webui.keyword.WebUiBuiltInKeywords.verifyElementNotPresent(tester, 3): Web element with id: 'Object Repository/Final Object Repo/Landing Page/Select to English' located by 'By.xpath: //a[@class = 'taglib-language-list-text' and @lang = 'en-US' and (contains(text(), 'EN') or contains(., 'EN'))]' is not present after '3' second(s)

2018-12-05 15:37:23 - [MESSAGE][PASSED] - Web element with id: 'Object Repository/Final Object Repo/Landing Page/Select to English' located by 'By.xpath: //a[@class = 'taglib-language-list-text' and @lang = 'en-US' and (contains(text(), 'EN') or contains(., 'EN'))]' is not present after '3' second(s)

2018-12-05 15:37:23 - [TEST_STEP][PASSED] - Statement - If (Checker == false): null

2018-12-05 15:37:23 - [TEST_STEP][PASSED] - delay: Delayed 2 second(s)

2018-12-05 15:37:25 - [MESSAGE][PASSED] - Delayed 2 second(s)

2018-12-05 15:37:25 - [TEST_STEP][PASSED] - delay: Delayed 5 second(s)

2018-12-05 15:37:30 - [MESSAGE][PASSED] - Delayed 5 second(s)

2018-12-05 15:37:30 - [TEST_STEP][PASSED] - mouseOver: Object: 'Object Repository/Final Object Repo/Landing Page/WorkFlow Menu' is hovered

2018-12-05 15:37:30 - [MESSAGE][PASSED] - Object: 'Object Repository/Final Object Repo/Landing Page/WorkFlow Menu' is hovered

2018-12-05 15:37:30 - [TEST_STEP][PASSED] - delay: Delayed 2 second(s)

2018-12-05 15:37:32 - [MESSAGE][PASSED] - Delayed 2 second(s)

2018-12-05 15:37:32 - [TEST_STEP][PASSED] - click: Object: 'Object Repository/Final Object Repo/Landing Page/Select to Workflow Listing' is clicked on

2018-12-05 15:37:33 - [MESSAGE][PASSED] - Object: 'Object Repository/Final Object Repo/Landing Page/Select to Workflow Listing' is clicked on

2018-12-05 15:37:33 - [TEST_STEP][PASSED] - delay: Delayed 2 second(s)

2018-12-05 15:37:35 - [MESSAGE][PASSED] - Delayed 2 second(s)

2018-12-05 15:37:35 - [TEST_STEP][PASSED] - click: Object: 'Object Repository/Final Object Repo/WorkFlow Listing Page/Search Information - To Put Ref No' is clicked on

2018-12-05 15:37:36 - [MESSAGE][PASSED] - Object: 'Object Repository/Final Object Repo/WorkFlow Listing Page/Search Information - To Put Ref No' is clicked on

2018-12-05 15:37:36 - [TEST_STEP][PASSED] - delay: Delayed 2 second(s)

2018-12-05 15:37:38 - [MESSAGE][PASSED] - Delayed 2 second(s)

2018-12-05 15:37:38 - [TEST_STEP][PASSED] - callTestCase: Call Test Case 'Test Cases/Final Aug 2018 - PKS Automation/Common/Reference Number Getter' successfully

2018-12-05 15:37:38 - [TEST_CASE][PASSED] - Test Cases/Final Aug 2018 - PKS Automation/Common/Reference Number Getter: Test Cases/Final Aug 2018 - PKS Automation/Common/Reference Number Getter

2018-12-05 15:37:38 - [TEST_STEP][PASSED] - Statement - Try: null

2018-12-05 15:37:38 - [TEST_STEP][PASSED] - Statement - RefNo = new java.io.File(C://Users//Admin//Desktop//PKS//Automation Reference Point//KatalonReference.txt): null

2018-12-05 15:37:38 - [TEST_STEP][PASSED] - Statement - bufferread = new java.io.BufferedReader(new java.io.FileReader(RefNo)): null

2018-12-05 15:37:38 - [TEST_STEP][PASSED] - Statement - readedVal = bufferread.readLine(): null

2018-12-05 15:37:38 - [TEST_STEP][PASSED] - Statement - out.println(CaseReferenceNo): null

2018-12-05 15:37:38 - [TEST_STEP][PASSED] - Statement - out.println(readedVal): null

2018-12-05 15:37:38 - [TEST_STEP][PASSED] - Statement - CaseReferenceNo = "": null

2018-12-05 15:37:38 - [TEST_STEP][PASSED] - Statement - CaseReferenceNo = readedVal: null

2018-12-05 15:37:38 - [MESSAGE][PASSED] - Call Test Case 'Test Cases/Final Aug 2018 - PKS Automation/Common/Reference Number Getter' successfully

2018-12-05 15:37:38 - [TEST_STEP][PASSED] - setText: Text 'SSN12201800001155' is set on object 'Object Repository/Final Object Repo/WorkFlow Listing Page/Ref No Set Text'

2018-12-05 15:37:38 - [MESSAGE][PASSED] - Text 'SSN12201800001155' is set on object 'Object Repository/Final Object Repo/WorkFlow Listing Page/Ref No Set Text'

2018-12-05 15:37:38 - [TEST_STEP][PASSED] - delay: Delayed 2 second(s)

2018-12-05 15:37:40 - [MESSAGE][PASSED] - Delayed 2 second(s)

2018-12-05 15:37:40 - [TEST_STEP][PASSED] - click: Object: 'Object Repository/Final Object Repo/WorkFlow Listing Page/Search Ref No Search Button' is clicked on

2018-12-05 15:37:40 - [MESSAGE][PASSED] - Object: 'Object Repository/Final Object Repo/WorkFlow Listing Page/Search Ref No Search Button' is clicked on

2018-12-05 15:37:40 - [TEST_STEP][PASSED] - delay: Delayed 6 second(s)

2018-12-05 15:37:46 - [MESSAGE][PASSED] - Delayed 6 second(s)

2018-12-05 15:37:46 - [TEST_STEP][PASSED] - click: Object: 'Object Repository/Final Object Repo/WorkFlow Listing Page/Click Continue Tooltip' is clicked on

2018-12-05 15:37:47 - [MESSAGE][PASSED] - Object: 'Object Repository/Final Object Repo/WorkFlow Listing Page/Click Continue Tooltip' is clicked on

2018-12-05 15:37:47 - [TEST_STEP][PASSED] - delay: Delayed 5 second(s)

2018-12-05 15:37:52 - [MESSAGE][PASSED] - Delayed 5 second(s)

2018-12-05 15:37:52 - [TEST_STEP][PASSED] - doubleClick: Object: 'Object Repository/Final Object Repo/WorkFlow Listing Page/Workflow Found - Listing 1' is double clicked on

2018-12-05 15:37:53 - [MESSAGE][PASSED] - Object: 'Object Repository/Final Object Repo/WorkFlow Listing Page/Workflow Found - Listing 1' is double clicked on

2018-12-05 15:37:53 - [TEST_STEP][PASSED] - Statement - println(OwnerID): null

2018-12-05 15:37:53 - [TEST_STEP][PASSED] - Statement - OwnerID = com.kms.katalon.core.webui.keyword.WebUiBuiltInKeywords.getText(com.kms.katalon.core.testobject.ObjectRepository.findTestObject(Final Object Repo/WorkFlow Listing Page/Workflow Found - Listing 1), STOP_ON_FAILURE): Text of object 'Object Repository/Final Object Repo/WorkFlow Listing Page/Workflow Found - Listing 1' is: 'JOHORro3'

2018-12-05 15:37:53 - [MESSAGE][PASSED] - Text of object 'Object Repository/Final Object Repo/WorkFlow Listing Page/Workflow Found - Listing 1' is: 'JOHORro3'

2018-12-05 15:37:53 - [TEST_STEP][PASSED] - Statement - OwnerID = OwnerID.toLowerCase() + "@gmail.com": null

2018-12-05 15:37:53 - [TEST_STEP][PASSED] - Statement - println(OwnerID): null

2018-12-05 15:37:53 - [TEST_STEP][PASSED] - delay: Delayed 2 second(s)

2018-12-05 15:37:55 - [MESSAGE][PASSED] - Delayed 2 second(s)

2018-12-05 15:37:55 - [MESSAGE][PASSED] - Call Test Case 'Test Cases/Final Aug 2018 - PKS Automation/Common/Workflow Owner Finder' successfully

2018-12-05 15:37:55 - [TEST_STEP][PASSED] - delay: Delayed 2 second(s)

2018-12-05 15:37:57 - [MESSAGE][PASSED] - Delayed 2 second(s)

2018-12-05 15:37:57 - [TEST_STEP][PASSED] - navigateToUrl: Navigate to 'https://assist2-uat.perkeso.gov.my/c/portal/logout' successfully

2018-12-05 15:37:57 - [MESSAGE][PASSED] - Navigate to 'https://assist2-uat.perkeso.gov.my/c/portal/logout' successfully

2018-12-05 15:37:57 - [TEST_STEP][PASSED] - delay: Delayed 2 second(s)

2018-12-05 15:37:59 - [MESSAGE][PASSED] - Delayed 2 second(s)

2018-12-05 15:37:59 - [TEST_STEP][PASSED] - callTestCase: Call Test Case 'Test Cases/Final Aug 2018 - PKS Automation/Registration Module/Workflow/Login and Search Case For Workflow' successfully

2018-12-05 15:38:00 - [TEST_CASE][PASSED] - Test Cases/Final Aug 2018 - PKS Automation/Registration Module/Workflow/Login and Search Case For Workflow: Test Cases/Final Aug 2018 - PKS Automation/Registration Module/Workflow/Login and Search Case For Workflow

2018-12-05 15:38:00 - [TEST_STEP][PASSED] - navigateToUrl: Navigate to 'https://assist2-uat.perkeso.gov.my/login' successfully

2018-12-05 15:38:00 - [MESSAGE][PASSED] - Navigate to 'https://assist2-uat.perkeso.gov.my/login' successfully

2018-12-05 15:38:00 - [TEST_STEP][PASSED] - setText: Text 'johorro3@gmail.com' is set on object 'Object Repository/Final Object Repo/Login Page/Internal User/Email Address'

2018-12-05 15:38:00 - [MESSAGE][PASSED] - Text 'johorro3@gmail.com' is set on object 'Object Repository/Final Object Repo/Login Page/Internal User/Email Address'

2018-12-05 15:38:00 - [TEST_STEP][PASSED] - click: Object: 'Object Repository/Final Object Repo/Login Page/Internal User/Next Button' is clicked on

2018-12-05 15:38:00 - [MESSAGE][PASSED] - Object: 'Object Repository/Final Object Repo/Login Page/Internal User/Next Button' is clicked on

2018-12-05 15:38:00 - [TEST_STEP][PASSED] - delay: Delayed 1 second(s)

2018-12-05 15:38:01 - [MESSAGE][PASSED] - Delayed 1 second(s)

2018-12-05 15:38:01 - [TEST_STEP][PASSED] - setEncryptedText: Text ****** has been set on object 'Object Repository/Final Object Repo/Login Page/Internal User/Password'

2018-12-05 15:38:02 - [MESSAGE][PASSED] - Text ****** has been set on object 'Object Repository/Final Object Repo/Login Page/Internal User/Password'

2018-12-05 15:38:02 - [TEST_STEP][PASSED] - click: Object: 'Object Repository/Final Object Repo/Login Page/Internal User/Login Button' is clicked on

2018-12-05 15:38:02 - [MESSAGE][PASSED] - Object: 'Object Repository/Final Object Repo/Login Page/Internal User/Login Button' is clicked on

2018-12-05 15:38:02 - [TEST_STEP][PASSED] - delay: Delayed 2 second(s)

2018-12-05 15:38:04 - [MESSAGE][PASSED] - Delayed 2 second(s)

2018-12-05 15:38:04 - [TEST_STEP][PASSED] - Statement - Try: Delayed 2 second(s)

2018-12-05 15:38:04 - [TEST_STEP][PASSED] - Statement - Checker = false: null

2018-12-05 15:38:04 - [TEST_STEP][PASSED] - Statement - Checker = com.kms.katalon.core.webui.keyword.WebUiBuiltInKeywords.verifyElementHasAttribute(com.kms.katalon.core.testobject.ObjectRepository.findTestObject(Final Object Repo/Landing Page/BM Detecting), "href", 20, OPTIONAL): Object 'Object Repository/Final Object Repo/Landing Page/BM Detecting' has attribute 'href'

2018-12-05 15:38:04 - [MESSAGE][PASSED] - Object 'Object Repository/Final Object Repo/Landing Page/BM Detecting' has attribute 'href'

2018-12-05 15:38:04 - [TEST_STEP][PASSED] - Statement - out.println(Checker): null

2018-12-05 15:38:04 - [TEST_STEP][PASSED] - Statement - If (Checker == false): null

2018-12-05 15:38:04 - [TEST_STEP][PASSED] - Statement - Else: null

2018-12-05 15:38:04 - [TEST_STEP][PASSED] - delay: Delayed 2 second(s)

2018-12-05 15:38:06 - [MESSAGE][PASSED] - Delayed 2 second(s)

2018-12-05 15:38:06 - [TEST_STEP][PASSED] - click: Object: 'Object Repository/Final Object Repo/Page_MyASSIST - ASSIST - Search Pending Case For Add Supporting Document/Search Information' is clicked on

2018-12-05 15:38:06 - [MESSAGE][PASSED] - Object: 'Object Repository/Final Object Repo/Page_MyASSIST - ASSIST - Search Pending Case For Add Supporting Document/Search Information' is clicked on

2018-12-05 15:38:06 - [TEST_STEP][PASSED] - delay: Delayed 3 second(s)

2018-12-05 15:38:09 - [MESSAGE][PASSED] - Delayed 3 second(s)

2018-12-05 15:38:09 - [TEST_STEP][PASSED] - sendKeys: Keys 'SSN12201800001155' sent to object: 'Object Repository/Final Object Repo/Page_MyASSIST - ASSIST - Search Pending Case For Add Supporting Document/Reference No'

2018-12-05 15:38:09 - [MESSAGE][PASSED] - Keys 'SSN12201800001155' sent to object: 'Object Repository/Final Object Repo/Page_MyASSIST - ASSIST - Search Pending Case For Add Supporting Document/Reference No'

2018-12-05 15:38:09 - [TEST_STEP][PASSED] - click: Object: 'Object Repository/Final Object Repo/Page_MyASSIST - ASSIST - Search Pending Case For Add Supporting Document/Search Reference No' is clicked on

2018-12-05 15:38:10 - [MESSAGE][PASSED] - Object: 'Object Repository/Final Object Repo/Page_MyASSIST - ASSIST - Search Pending Case For Add Supporting Document/Search Reference No' is clicked on

2018-12-05 15:38:10 - [TEST_STEP][PASSED] - delay: Delayed 2 second(s)

2018-12-05 15:38:12 - [MESSAGE][PASSED] - Delayed 2 second(s)

2018-12-05 15:38:12 - [TEST_STEP][PASSED] - click: Object: 'Object Repository/Final Object Repo/Page_MyASSIST - ASSIST - Search Pending Case For Add Supporting Document/Continue' is clicked on

2018-12-05 15:38:19 - [MESSAGE][PASSED] - Object: 'Object Repository/Final Object Repo/Page_MyASSIST - ASSIST - Search Pending Case For Add Supporting Document/Continue' is clicked on

2018-12-05 15:38:19 - [TEST_STEP][PASSED] - delay: Delayed 20 second(s)

2018-12-05 15:38:39 - [MESSAGE][PASSED] - Delayed 20 second(s)

2018-12-05 15:38:39 - [MESSAGE][PASSED] - Call Test Case 'Test Cases/Final Aug 2018 - PKS Automation/Registration Module/Workflow/Login and Search Case For Workflow' successfully

2018-12-05 15:38:39 - [TEST_STEP][PASSED] - callTestCase: Call Test Case 'Test Cases/Final Aug 2018 - PKS Automation/Registration Module/Workflow/Request SSN/Template/Request SSN - RO (Query)' successfully

2018-12-05 15:38:39 - [TEST_CASE][PASSED] - Test Cases/Final Aug 2018 - PKS Automation/Registration Module/Workflow/Request SSN/Template/Request SSN - RO (Query): Test Cases/Final Aug 2018 - PKS Automation/Registration Module/Workflow/Request SSN/Template/Request SSN - RO (Query)

2018-12-05 15:38:39 - [TEST_STEP][NOT_RUN] - openBrowser: NOT_RUN: openBrowser

2018-12-05 15:38:39 - [MESSAGE][NOT_RUN] - NOT_RUN: openBrowser

2018-12-05 15:38:39 - [TEST_STEP][NOT_RUN] - navigateToUrl: NOT_RUN: navigateToUrl

2018-12-05 15:38:39 - [MESSAGE][NOT_RUN] - NOT_RUN: navigateToUrl

2018-12-05 15:38:39 - [TEST_STEP][NOT_RUN] - setText: NOT_RUN: setText

2018-12-05 15:38:39 - [MESSAGE][NOT_RUN] - NOT_RUN: setText

2018-12-05 15:38:39 - [TEST_STEP][NOT_RUN] - click: NOT_RUN: click

2018-12-05 15:38:39 - [MESSAGE][NOT_RUN] - NOT_RUN: click

2018-12-05 15:38:39 - [TEST_STEP][NOT_RUN] - delay: NOT_RUN: delay

2018-12-05 15:38:39 - [MESSAGE][NOT_RUN] - NOT_RUN: delay

2018-12-05 15:38:39 - [TEST_STEP][NOT_RUN] - setEncryptedText: NOT_RUN: setEncryptedText

2018-12-05 15:38:39 - [MESSAGE][NOT_RUN] - NOT_RUN: setEncryptedText

2018-12-05 15:38:39 - [TEST_STEP][NOT_RUN] - click: NOT_RUN: click

2018-12-05 15:38:39 - [MESSAGE][NOT_RUN] - NOT_RUN: click

2018-12-05 15:38:39 - [TEST_STEP][NOT_RUN] - delay: NOT_RUN: delay

2018-12-05 15:38:39 - [MESSAGE][NOT_RUN] - NOT_RUN: delay

2018-12-05 15:38:39 - [TEST_STEP][NOT_RUN] - click: NOT_RUN: click

2018-12-05 15:38:39 - [MESSAGE][NOT_RUN] - NOT_RUN: click

2018-12-05 15:38:39 - [TEST_STEP][NOT_RUN] - delay: NOT_RUN: delay

2018-12-05 15:38:39 - [MESSAGE][NOT_RUN] - NOT_RUN: delay

2018-12-05 15:38:39 - [TEST_STEP][NOT_RUN] - sendKeys: NOT_RUN: sendKeys

2018-12-05 15:38:39 - [MESSAGE][NOT_RUN] - NOT_RUN: sendKeys

2018-12-05 15:38:39 - [TEST_STEP][NOT_RUN] - click: NOT_RUN: click

2018-12-05 15:38:39 - [MESSAGE][NOT_RUN] - NOT_RUN: click

2018-12-05 15:38:39 - [TEST_STEP][NOT_RUN] - delay: NOT_RUN: delay

2018-12-05 15:38:39 - [MESSAGE][NOT_RUN] - NOT_RUN: delay

2018-12-05 15:38:39 - [TEST_STEP][NOT_RUN] - click: NOT_RUN: click

2018-12-05 15:38:39 - [MESSAGE][NOT_RUN] - NOT_RUN: click

2018-12-05 15:38:39 - [TEST_STEP][PASSED] - click: Object: 'Object Repository/Final Object Repo/Page_Request SSN - ASSIST/Page_Request SSN - ASSIST - RO/Approval For SSN' is clicked on

2018-12-05 15:38:39 - [MESSAGE][PASSED] - Object: 'Object Repository/Final Object Repo/Page_Request SSN - ASSIST/Page_Request SSN - ASSIST - RO/Approval For SSN' is clicked on

2018-12-05 15:38:39 - [TEST_STEP][PASSED] - click: Object: 'Object Repository/Final Object Repo/Page_Request SSN - ASSIST/Page_Request SSN - ASSIST - RO/Approval For SSN - Approve' is clicked on

2018-12-05 15:38:40 - [MESSAGE][PASSED] - Object: 'Object Repository/Final Object Repo/Page_Request SSN - ASSIST/Page_Request SSN - ASSIST - RO/Approval For SSN - Approve' is clicked on

2018-12-05 15:38:40 - [TEST_STEP][PASSED] - delay: Delayed 2 second(s)

2018-12-05 15:38:42 - [MESSAGE][PASSED] - Delayed 2 second(s)

2018-12-05 15:38:42 - [TEST_STEP][PASSED] - click: Object: 'Object Repository/Final Object Repo/Page_Request SSN - ASSIST/Page_Request SSN - ASSIST - RO/Save  Continue in SSN Page' is clicked on

2018-12-05 15:38:42 - [MESSAGE][PASSED] - Object: 'Object Repository/Final Object Repo/Page_Request SSN - ASSIST/Page_Request SSN - ASSIST - RO/Save  Continue in SSN Page' is clicked on

2018-12-05 15:38:42 - [TEST_STEP][PASSED] - delay: Delayed 2 second(s)

2018-12-05 15:38:44 - [MESSAGE][PASSED] - Delayed 2 second(s)

2018-12-05 15:38:44 - [TEST_STEP][PASSED] - setText: Text 'Query' is set on object 'Object Repository/Final Object Repo/Page_Request SSN - ASSIST/Page_Request SSN - ASSIST - RO/Page_Request SSN - ASSIST  (Query)/Remark'

2018-12-05 15:38:46 - [MESSAGE][PASSED] - Text 'Query' is set on object 'Object Repository/Final Object Repo/Page_Request SSN - ASSIST/Page_Request SSN - ASSIST - RO/Page_Request SSN - ASSIST  (Query)/Remark'

2018-12-05 15:38:46 - [TEST_STEP][PASSED] - delay: Delayed 2 second(s)

2018-12-05 15:38:48 - [MESSAGE][PASSED] - Delayed 2 second(s)

2018-12-05 15:38:48 - [TEST_STEP][PASSED] - click: Object: 'Object Repository/Final Object Repo/Page_Request SSN - ASSIST/Page_Request SSN - ASSIST - RO/Save  Continue in Uploading Document Page' is clicked on

2018-12-05 15:38:48 - [MESSAGE][PASSED] - Object: 'Object Repository/Final Object Repo/Page_Request SSN - ASSIST/Page_Request SSN - ASSIST - RO/Save  Continue in Uploading Document Page' is clicked on

2018-12-05 15:38:48 - [TEST_STEP][PASSED] - delay: Delayed 2 second(s)

2018-12-05 15:38:50 - [MESSAGE][PASSED] - Delayed 2 second(s)

2018-12-05 15:38:50 - [TEST_STEP][PASSED] - click: Object: 'Object Repository/Final Object Repo/Page_Request SSN - ASSIST/Page_Request SSN - ASSIST - RO/Page_Request SSN - ASSIST  (Query)/Query' is clicked on

2018-12-05 15:38:53 - [MESSAGE][PASSED] - Object: 'Object Repository/Final Object Repo/Page_Request SSN - ASSIST/Page_Request SSN - ASSIST - RO/Page_Request SSN - ASSIST  (Query)/Query' is clicked on

2018-12-05 15:38:53 - [TEST_STEP][PASSED] - delay: Delayed 2 second(s)

2018-12-05 15:38:55 - [MESSAGE][PASSED] - Delayed 2 second(s)

2018-12-05 15:38:55 - [TEST_STEP][PASSED] - click: Object: 'Object Repository/Final Object Repo/Page_Request SSN - ASSIST/Page_Request SSN - ASSIST - RO/Page_Request SSN - ASSIST  (Query)/Confirm' is clicked on

2018-12-05 15:39:03 - [MESSAGE][PASSED] - Object: 'Object Repository/Final Object Repo/Page_Request SSN - ASSIST/Page_Request SSN - ASSIST - RO/Page_Request SSN - ASSIST  (Query)/Confirm' is clicked on

2018-12-05 15:39:03 - [TEST_STEP][PASSED] - delay: Delayed 2 second(s)

2018-12-05 15:39:05 - [MESSAGE][PASSED] - Delayed 2 second(s)

2018-12-05 15:39:05 - [TEST_STEP][PASSED] - verifyElementVisible: Object 'Object Repository/Final Object Repo/Page_Request SSN - ASSIST/Page_Request SSN - ASSIST - RO/Page_Request SSN - ASSIST  (Query)/Message Case Is Under Query' is visible

2018-12-05 15:39:05 - [MESSAGE][PASSED] - Object 'Object Repository/Final Object Repo/Page_Request SSN - ASSIST/Page_Request SSN - ASSIST - RO/Page_Request SSN - ASSIST  (Query)/Message Case Is Under Query' is visible

2018-12-05 15:39:05 - [TEST_STEP][PASSED] - delay: Delayed 2 second(s)

2018-12-05 15:39:07 - [MESSAGE][PASSED] - Delayed 2 second(s)

2018-12-05 15:39:07 - [TEST_STEP][PASSED] - verifyElementVisible: Object 'Object Repository/Final Object Repo/Page_Request SSN - ASSIST/Page_Request SSN - ASSIST - RO/Page_Request SSN - ASSIST  (Query)/Letter of inquiry' is visible

2018-12-05 15:39:07 - [MESSAGE][PASSED] - Object 'Object Repository/Final Object Repo/Page_Request SSN - ASSIST/Page_Request SSN - ASSIST - RO/Page_Request SSN - ASSIST  (Query)/Letter of inquiry' is visible

2018-12-05 15:39:07 - [MESSAGE][PASSED] - Call Test Case 'Test Cases/Final Aug 2018 - PKS Automation/Registration Module/Workflow/Request SSN/Template/Request SSN - RO (Query)' successfully

2018-12-05 15:39:07 - [TEST_STEP][PASSED] - delay: Delayed 2 second(s)

2018-12-05 15:39:09 - [MESSAGE][PASSED] - Delayed 2 second(s)

2018-12-05 15:39:09 - [TEST_STEP][PASSED] - callTestCase: Call Test Case 'Test Cases/Final Aug 2018 - PKS Automation/Registration Module/Workflow/Request SSN/Template/Request SSN  RO (Approve after Query)' successfully

2018-12-05 15:39:09 - [TEST_CASE][PASSED] - Test Cases/Final Aug 2018 - PKS Automation/Registration Module/Workflow/Request SSN/Template/Request SSN  RO (Approve after Query): Test Cases/Final Aug 2018 - PKS Automation/Registration Module/Workflow/Request SSN/Template/Request SSN  RO (Approve after Query)

2018-12-05 15:39:10 - [TEST_STEP][PASSED] - openBrowser: Browser is opened with url: ''

2018-12-05 15:39:10 - [MESSAGE][WARNING] - A browser is already opened. Closing browser and opening a new one

2018-12-05 15:39:12 - [MESSAGE][PASSED] - Browser is opened with url: ''

2018-12-05 15:39:12 - [TEST_STEP][PASSED] - navigateToUrl: Navigate to 'https://assist2-uat.perkeso.gov.my/login' successfully

2018-12-05 15:39:14 - [MESSAGE][PASSED] - Navigate to 'https://assist2-uat.perkeso.gov.my/login' successfully

2018-12-05 15:39:14 - [TEST_STEP][PASSED] - setText: Text 'johorotc1@gmail.com' is set on object 'Object Repository/Final Object Repo/Login Page/Internal User/Email Address'

2018-12-05 15:39:14 - [MESSAGE][PASSED] - Text 'johorotc1@gmail.com' is set on object 'Object Repository/Final Object Repo/Login Page/Internal User/Email Address'

2018-12-05 15:39:14 - [TEST_STEP][PASSED] - click: Object: 'Object Repository/Final Object Repo/Login Page/Internal User/Next Button' is clicked on

2018-12-05 15:39:14 - [MESSAGE][PASSED] - Object: 'Object Repository/Final Object Repo/Login Page/Internal User/Next Button' is clicked on

2018-12-05 15:39:14 - [TEST_STEP][PASSED] - delay: Delayed 1 second(s)

2018-12-05 15:39:15 - [MESSAGE][PASSED] - Delayed 1 second(s)

2018-12-05 15:39:15 - [TEST_STEP][PASSED] - setEncryptedText: Text ****** has been set on object 'Object Repository/Final Object Repo/Login Page/Internal User/Password'

2018-12-05 15:39:15 - [MESSAGE][PASSED] - Text ****** has been set on object 'Object Repository/Final Object Repo/Login Page/Internal User/Password'

2018-12-05 15:39:15 - [TEST_STEP][PASSED] - click: Object: 'Object Repository/Final Object Repo/Login Page/Internal User/Login Button' is clicked on

2018-12-05 15:39:16 - [MESSAGE][PASSED] - Object: 'Object Repository/Final Object Repo/Login Page/Internal User/Login Button' is clicked on

2018-12-05 15:39:16 - [TEST_STEP][PASSED] - Statement - Try: null

2018-12-05 15:39:16 - [TEST_STEP][PASSED] - Statement - Checker = com.kms.katalon.core.webui.keyword.WebUiBuiltInKeywords.verifyElementNotPresent("Final Object Repo/Landing Page/Select to English", 3): null

2018-12-05 15:39:16 - [TEST_STEP][PASSED] - Statement - Catch (Exception e): null

2018-12-05 15:39:16 - [TEST_STEP][PASSED] - Statement - e.printStackTrace(): null

2018-12-05 15:39:16 - [TEST_STEP][PASSED] - delay: Delayed 5 second(s)

2018-12-05 15:39:21 - [MESSAGE][PASSED] - Delayed 5 second(s)

2018-12-05 15:39:21 - [TEST_STEP][PASSED] - delay: Delayed 1 second(s)

2018-12-05 15:39:22 - [MESSAGE][PASSED] - Delayed 1 second(s)

2018-12-05 15:39:22 - [TEST_STEP][PASSED] - navigateToUrl: Navigate to 'https://assist2-uat.perkeso.gov.my/web/registration/search/search-pending-case-for-add-supporting-document' successfully

2018-12-05 15:39:23 - [MESSAGE][PASSED] - Navigate to 'https://assist2-uat.perkeso.gov.my/web/registration/search/search-pending-case-for-add-supporting-document' successfully

2018-12-05 15:39:23 - [TEST_STEP][PASSED] - click: Object: 'Object Repository/Final Object Repo/Page_Search Pending Case For Add Suporting Document/Search By' is clicked on

2018-12-05 15:39:23 - [MESSAGE][PASSED] - Object: 'Object Repository/Final Object Repo/Page_Search Pending Case For Add Suporting Document/Search By' is clicked on

2018-12-05 15:39:23 - [TEST_STEP][PASSED] - click: Object: 'Object Repository/Final Object Repo/Page_Search Pending Case For Add Suporting Document/Search By - Reference ID' is clicked on

2018-12-05 15:39:23 - [MESSAGE][PASSED] - Object: 'Object Repository/Final Object Repo/Page_Search Pending Case For Add Suporting Document/Search By - Reference ID' is clicked on

2018-12-05 15:39:23 - [TEST_STEP][PASSED] - delay: Delayed 2 second(s)

2018-12-05 15:39:25 - [MESSAGE][PASSED] - Delayed 2 second(s)

2018-12-05 15:39:25 - [TEST_STEP][PASSED] - setText: Text 'SSN12201800001155' is set on object 'Object Repository/Final Object Repo/Page_Search Pending Case For Add Suporting Document/Reference ID'

2018-12-05 15:39:25 - [MESSAGE][PASSED] - Text 'SSN12201800001155' is set on object 'Object Repository/Final Object Repo/Page_Search Pending Case For Add Suporting Document/Reference ID'

2018-12-05 15:39:25 - [TEST_STEP][PASSED] - click: Object: 'Object Repository/Final Object Repo/Page_Search Pending Case For Add Suporting Document/Search' is clicked on

2018-12-05 15:39:25 - [MESSAGE][PASSED] - Object: 'Object Repository/Final Object Repo/Page_Search Pending Case For Add Suporting Document/Search' is clicked on

2018-12-05 15:39:25 - [TEST_STEP][PASSED] - delay: Delayed 2 second(s)

2018-12-05 15:39:27 - [MESSAGE][PASSED] - Delayed 2 second(s)

2018-12-05 15:39:27 - [TEST_STEP][PASSED] - click: Object: 'Object Repository/Final Object Repo/Page_Search Pending Case For Add Suporting Document/Edit' is clicked on

2018-12-05 15:39:35 - [MESSAGE][PASSED] - Object: 'Object Repository/Final Object Repo/Page_Search Pending Case For Add Suporting Document/Edit' is clicked on

2018-12-05 15:39:35 - [TEST_STEP][PASSED] - delay: Delayed 2 second(s)

2018-12-05 15:39:37 - [MESSAGE][PASSED] - Delayed 2 second(s)

2018-12-05 15:39:37 - [TEST_STEP][PASSED] - click: Object: 'Object Repository/Final Object Repo/Page_Request SSN - ASSIST/Page_Request SSN - ASSIST - RO/Page_Request SSN - ASSIST (Query -OTC -RO)/Next' is clicked on

2018-12-05 15:39:40 - [MESSAGE][PASSED] - Object: 'Object Repository/Final Object Repo/Page_Request SSN - ASSIST/Page_Request SSN - ASSIST - RO/Page_Request SSN - ASSIST (Query -OTC -RO)/Next' is clicked on

2018-12-05 15:39:40 - [TEST_STEP][PASSED] - delay: Delayed 2 second(s)

2018-12-05 15:39:42 - [MESSAGE][PASSED] - Delayed 2 second(s)

2018-12-05 15:39:42 - [TEST_STEP][PASSED] - click: Object: 'Object Repository/Final Object Repo/Page_Request SSN - ASSIST/Add Document Button' is clicked on

2018-12-05 15:39:43 - [MESSAGE][PASSED] - Object: 'Object Repository/Final Object Repo/Page_Request SSN - ASSIST/Add Document Button' is clicked on

2018-12-05 15:39:43 - [TEST_STEP][PASSED] - delay: Delayed 2 second(s)

2018-12-05 15:39:45 - [MESSAGE][PASSED] - Delayed 2 second(s)

2018-12-05 15:39:45 - [TEST_STEP][PASSED] - click: Object: 'Object Repository/Final Object Repo/Page_Request SSN - ASSIST/Document Type' is clicked on

2018-12-05 15:39:46 - [MESSAGE][PASSED] - Object: 'Object Repository/Final Object Repo/Page_Request SSN - ASSIST/Document Type' is clicked on

2018-12-05 15:39:46 - [TEST_STEP][PASSED] - click: Object: 'Object Repository/Final Object Repo/Page_Request SSN - ASSIST/Document Type - Birth Certificate' is clicked on

2018-12-05 15:39:46 - [MESSAGE][PASSED] - Object: 'Object Repository/Final Object Repo/Page_Request SSN - ASSIST/Document Type - Birth Certificate' is clicked on

2018-12-05 15:39:46 - [TEST_STEP][PASSED] - sendKeys: Keys 'C:\Users\Public\Pictures\Sample Pictures\Koala.jpg' sent to object: 'Object Repository/Final Object Repo/Page_Request SSN - ASSIST/Upload File'

2018-12-05 15:39:46 - [MESSAGE][PASSED] - Keys 'C:\Users\Public\Pictures\Sample Pictures\Koala.jpg' sent to object: 'Object Repository/Final Object Repo/Page_Request SSN - ASSIST/Upload File'

2018-12-05 15:39:46 - [TEST_STEP][PASSED] - click: Object: 'Object Repository/Final Object Repo/Page_Request SSN - ASSIST/Add Document' is clicked on

2018-12-05 15:39:47 - [MESSAGE][PASSED] - Object: 'Object Repository/Final Object Repo/Page_Request SSN - ASSIST/Add Document' is clicked on

2018-12-05 15:39:47 - [TEST_STEP][PASSED] - delay: Delayed 2 second(s)

2018-12-05 15:39:49 - [MESSAGE][PASSED] - Delayed 2 second(s)

2018-12-05 15:39:49 - [TEST_STEP][PASSED] - click: Object: 'Object Repository/Final Object Repo/Page_Request SSN - ASSIST/Page_Request SSN - ASSIST - RO/Page_Request SSN - ASSIST (Query -OTC -RO)/Exit' is clicked on

2018-12-05 15:39:51 - [MESSAGE][PASSED] - Object: 'Object Repository/Final Object Repo/Page_Request SSN - ASSIST/Page_Request SSN - ASSIST - RO/Page_Request SSN - ASSIST (Query -OTC -RO)/Exit' is clicked on

2018-12-05 15:39:51 - [TEST_STEP][PASSED] - delay: Delayed 2 second(s)

2018-12-05 15:39:53 - [MESSAGE][PASSED] - Delayed 2 second(s)

2018-12-05 15:39:53 - [TEST_STEP][PASSED] - navigateToUrl: Navigate to 'https://assist2-uat.perkeso.gov.my/c/portal/logout' successfully

2018-12-05 15:39:54 - [MESSAGE][PASSED] - Navigate to 'https://assist2-uat.perkeso.gov.my/c/portal/logout' successfully

2018-12-05 15:39:54 - [TEST_STEP][PASSED] - delay: Delayed 2 second(s)

2018-12-05 15:39:56 - [MESSAGE][PASSED] - Delayed 2 second(s)

2018-12-05 15:39:56 - [TEST_STEP][PASSED] - callTestCase: Call Test Case 'Test Cases/Final Aug 2018 - PKS Automation/Registration Module/Workflow/Login and Search Case For Workflow' successfully

2018-12-05 15:39:56 - [TEST_CASE][PASSED] - Test Cases/Final Aug 2018 - PKS Automation/Registration Module/Workflow/Login and Search Case For Workflow: Test Cases/Final Aug 2018 - PKS Automation/Registration Module/Workflow/Login and Search Case For Workflow

2018-12-05 15:39:56 - [TEST_STEP][PASSED] - navigateToUrl: Navigate to 'https://assist2-uat.perkeso.gov.my/login' successfully

2018-12-05 15:39:57 - [MESSAGE][PASSED] - Navigate to 'https://assist2-uat.perkeso.gov.my/login' successfully

2018-12-05 15:39:57 - [TEST_STEP][PASSED] - setText: Text 'johorro3@gmail.com' is set on object 'Object Repository/Final Object Repo/Login Page/Internal User/Email Address'

2018-12-05 15:39:57 - [MESSAGE][PASSED] - Text 'johorro3@gmail.com' is set on object 'Object Repository/Final Object Repo/Login Page/Internal User/Email Address'

2018-12-05 15:39:57 - [TEST_STEP][PASSED] - click: Object: 'Object Repository/Final Object Repo/Login Page/Internal User/Next Button' is clicked on

2018-12-05 15:39:57 - [MESSAGE][PASSED] - Object: 'Object Repository/Final Object Repo/Login Page/Internal User/Next Button' is clicked on

2018-12-05 15:39:57 - [TEST_STEP][PASSED] - delay: Delayed 1 second(s)

2018-12-05 15:39:58 - [MESSAGE][PASSED] - Delayed 1 second(s)

2018-12-05 15:39:58 - [TEST_STEP][PASSED] - setEncryptedText: Text ****** has been set on object 'Object Repository/Final Object Repo/Login Page/Internal User/Password'

2018-12-05 15:39:59 - [MESSAGE][PASSED] - Text ****** has been set on object 'Object Repository/Final Object Repo/Login Page/Internal User/Password'

2018-12-05 15:39:59 - [TEST_STEP][PASSED] - click: Object: 'Object Repository/Final Object Repo/Login Page/Internal User/Login Button' is clicked on

2018-12-05 15:39:59 - [MESSAGE][PASSED] - Object: 'Object Repository/Final Object Repo/Login Page/Internal User/Login Button' is clicked on

2018-12-05 15:39:59 - [TEST_STEP][PASSED] - delay: Delayed 2 second(s)

2018-12-05 15:40:01 - [MESSAGE][PASSED] - Delayed 2 second(s)

2018-12-05 15:40:01 - [TEST_STEP][PASSED] - Statement - Try: Delayed 2 second(s)

2018-12-05 15:40:01 - [TEST_STEP][PASSED] - Statement - Checker = false: null

2018-12-05 15:40:01 - [TEST_STEP][PASSED] - Statement - Checker = com.kms.katalon.core.webui.keyword.WebUiBuiltInKeywords.verifyElementHasAttribute(com.kms.katalon.core.testobject.ObjectRepository.findTestObject(Final Object Repo/Landing Page/BM Detecting), "href", 20, OPTIONAL): Object 'Object Repository/Final Object Repo/Landing Page/BM Detecting' has attribute 'href'

2018-12-05 15:40:01 - [MESSAGE][PASSED] - Object 'Object Repository/Final Object Repo/Landing Page/BM Detecting' has attribute 'href'

2018-12-05 15:40:01 - [TEST_STEP][PASSED] - Statement - out.println(Checker): null

2018-12-05 15:40:01 - [TEST_STEP][PASSED] - Statement - If (Checker == false): null

2018-12-05 15:40:01 - [TEST_STEP][PASSED] - Statement - Else: null

2018-12-05 15:40:01 - [TEST_STEP][PASSED] - delay: Delayed 2 second(s)

2018-12-05 15:40:03 - [MESSAGE][PASSED] - Delayed 2 second(s)

2018-12-05 15:40:03 - [TEST_STEP][PASSED] - click: Object: 'Object Repository/Final Object Repo/Page_MyASSIST - ASSIST - Search Pending Case For Add Supporting Document/Search Information' is clicked on

2018-12-05 15:40:03 - [MESSAGE][PASSED] - Object: 'Object Repository/Final Object Repo/Page_MyASSIST - ASSIST - Search Pending Case For Add Supporting Document/Search Information' is clicked on

2018-12-05 15:40:03 - [TEST_STEP][PASSED] - delay: Delayed 3 second(s)

2018-12-05 15:40:06 - [MESSAGE][PASSED] - Delayed 3 second(s)

2018-12-05 15:40:06 - [TEST_STEP][PASSED] - sendKeys: Keys 'SSN12201800001155' sent to object: 'Object Repository/Final Object Repo/Page_MyASSIST - ASSIST - Search Pending Case For Add Supporting Document/Reference No'

2018-12-05 15:40:06 - [MESSAGE][PASSED] - Keys 'SSN12201800001155' sent to object: 'Object Repository/Final Object Repo/Page_MyASSIST - ASSIST - Search Pending Case For Add Supporting Document/Reference No'

2018-12-05 15:40:06 - [TEST_STEP][PASSED] - click: Object: 'Object Repository/Final Object Repo/Page_MyASSIST - ASSIST - Search Pending Case For Add Supporting Document/Search Reference No' is clicked on

2018-12-05 15:40:06 - [MESSAGE][PASSED] - Object: 'Object Repository/Final Object Repo/Page_MyASSIST - ASSIST - Search Pending Case For Add Supporting Document/Search Reference No' is clicked on

2018-12-05 15:40:06 - [TEST_STEP][PASSED] - delay: Delayed 2 second(s)

2018-12-05 15:40:08 - [MESSAGE][PASSED] - Delayed 2 second(s)

2018-12-05 15:40:08 - [TEST_STEP][PASSED] - click: Object: 'Object Repository/Final Object Repo/Page_MyASSIST - ASSIST - Search Pending Case For Add Supporting Document/Continue' is clicked on

2018-12-05 15:40:15 - [MESSAGE][PASSED] - Object: 'Object Repository/Final Object Repo/Page_MyASSIST - ASSIST - Search Pending Case For Add Supporting Document/Continue' is clicked on

2018-12-05 15:40:15 - [TEST_STEP][PASSED] - delay: Delayed 20 second(s)

2018-12-05 15:40:35 - [MESSAGE][PASSED] - Delayed 20 second(s)

2018-12-05 15:40:35 - [MESSAGE][PASSED] - Call Test Case 'Test Cases/Final Aug 2018 - PKS Automation/Registration Module/Workflow/Login and Search Case For Workflow' successfully

2018-12-05 15:40:35 - [TEST_STEP][PASSED] - callTestCase: Call Test Case 'Test Cases/Final Aug 2018 - PKS Automation/Registration Module/Workflow/Request SSN/Template/Request SSN - RO (Approve)' successfully

2018-12-05 15:40:35 - [TEST_CASE][PASSED] - Test Cases/Final Aug 2018 - PKS Automation/Registration Module/Workflow/Request SSN/Template/Request SSN - RO (Approve): Test Cases/Final Aug 2018 - PKS Automation/Registration Module/Workflow/Request SSN/Template/Request SSN - RO (Approve)

2018-12-05 15:40:35 - [TEST_STEP][NOT_RUN] - openBrowser: NOT_RUN: openBrowser

2018-12-05 15:40:35 - [MESSAGE][NOT_RUN] - NOT_RUN: openBrowser

2018-12-05 15:40:35 - [TEST_STEP][NOT_RUN] - navigateToUrl: NOT_RUN: navigateToUrl

2018-12-05 15:40:35 - [MESSAGE][NOT_RUN] - NOT_RUN: navigateToUrl

2018-12-05 15:40:35 - [TEST_STEP][NOT_RUN] - setText: NOT_RUN: setText

2018-12-05 15:40:35 - [MESSAGE][NOT_RUN] - NOT_RUN: setText

2018-12-05 15:40:35 - [TEST_STEP][NOT_RUN] - click: NOT_RUN: click

2018-12-05 15:40:35 - [MESSAGE][NOT_RUN] - NOT_RUN: click

2018-12-05 15:40:35 - [TEST_STEP][NOT_RUN] - delay: NOT_RUN: delay

2018-12-05 15:40:35 - [MESSAGE][NOT_RUN] - NOT_RUN: delay

2018-12-05 15:40:35 - [TEST_STEP][NOT_RUN] - setEncryptedText: NOT_RUN: setEncryptedText

2018-12-05 15:40:35 - [MESSAGE][NOT_RUN] - NOT_RUN: setEncryptedText

2018-12-05 15:40:35 - [TEST_STEP][NOT_RUN] - click: NOT_RUN: click

2018-12-05 15:40:35 - [MESSAGE][NOT_RUN] - NOT_RUN: click

2018-12-05 15:40:35 - [TEST_STEP][NOT_RUN] - delay: NOT_RUN: delay

2018-12-05 15:40:35 - [MESSAGE][NOT_RUN] - NOT_RUN: delay

2018-12-05 15:40:35 - [TEST_STEP][NOT_RUN] - click: NOT_RUN: click

2018-12-05 15:40:35 - [MESSAGE][NOT_RUN] - NOT_RUN: click

2018-12-05 15:40:35 - [TEST_STEP][NOT_RUN] - delay: NOT_RUN: delay

2018-12-05 15:40:35 - [MESSAGE][NOT_RUN] - NOT_RUN: delay

2018-12-05 15:40:35 - [TEST_STEP][NOT_RUN] - sendKeys: NOT_RUN: sendKeys

2018-12-05 15:40:35 - [MESSAGE][NOT_RUN] - NOT_RUN: sendKeys

2018-12-05 15:40:35 - [TEST_STEP][NOT_RUN] - click: NOT_RUN: click

2018-12-05 15:40:35 - [MESSAGE][NOT_RUN] - NOT_RUN: click

2018-12-05 15:40:35 - [TEST_STEP][NOT_RUN] - delay: NOT_RUN: delay

2018-12-05 15:40:35 - [MESSAGE][NOT_RUN] - NOT_RUN: delay

2018-12-05 15:40:35 - [TEST_STEP][NOT_RUN] - click: NOT_RUN: click

2018-12-05 15:40:35 - [MESSAGE][NOT_RUN] - NOT_RUN: click

2018-12-05 15:40:35 - [TEST_STEP][PASSED] - click: Object: 'Object Repository/Final Object Repo/Page_Request SSN - ASSIST/Page_Request SSN - ASSIST - RO/Approval For SSN' is clicked on

2018-12-05 15:40:35 - [MESSAGE][PASSED] - Object: 'Object Repository/Final Object Repo/Page_Request SSN - ASSIST/Page_Request SSN - ASSIST - RO/Approval For SSN' is clicked on

2018-12-05 15:40:35 - [TEST_STEP][PASSED] - click: Object: 'Object Repository/Final Object Repo/Page_Request SSN - ASSIST/Page_Request SSN - ASSIST - RO/Approval For SSN - Approve' is clicked on

2018-12-05 15:40:36 - [MESSAGE][PASSED] - Object: 'Object Repository/Final Object Repo/Page_Request SSN - ASSIST/Page_Request SSN - ASSIST - RO/Approval For SSN - Approve' is clicked on

2018-12-05 15:40:36 - [TEST_STEP][PASSED] - delay: Delayed 2 second(s)

2018-12-05 15:40:38 - [MESSAGE][PASSED] - Delayed 2 second(s)

2018-12-05 15:40:38 - [TEST_STEP][PASSED] - click: Object: 'Object Repository/Final Object Repo/Page_Request SSN - ASSIST/Page_Request SSN - ASSIST - RO/Save  Continue in SSN Page' is clicked on

2018-12-05 15:40:38 - [MESSAGE][PASSED] - Object: 'Object Repository/Final Object Repo/Page_Request SSN - ASSIST/Page_Request SSN - ASSIST - RO/Save  Continue in SSN Page' is clicked on

2018-12-05 15:40:38 - [TEST_STEP][PASSED] - delay: Delayed 2 second(s)

2018-12-05 15:40:40 - [MESSAGE][PASSED] - Delayed 2 second(s)

2018-12-05 15:40:40 - [TEST_STEP][PASSED] - click: Object: 'Object Repository/Final Object Repo/Page_Request SSN - ASSIST/Page_Request SSN - ASSIST - RO/Save  Continue in Uploading Document Page' is clicked on

2018-12-05 15:40:42 - [MESSAGE][PASSED] - Object: 'Object Repository/Final Object Repo/Page_Request SSN - ASSIST/Page_Request SSN - ASSIST - RO/Save  Continue in Uploading Document Page' is clicked on

2018-12-05 15:40:42 - [TEST_STEP][PASSED] - delay: Delayed 2 second(s)

2018-12-05 15:40:44 - [MESSAGE][PASSED] - Delayed 2 second(s)

2018-12-05 15:40:44 - [TEST_STEP][PASSED] - click: Object: 'Object Repository/Final Object Repo/Page_Request SSN - ASSIST/Page_Request SSN - ASSIST - RO/Submit' is clicked on

2018-12-05 15:40:47 - [MESSAGE][PASSED] - Object: 'Object Repository/Final Object Repo/Page_Request SSN - ASSIST/Page_Request SSN - ASSIST - RO/Submit' is clicked on

2018-12-05 15:40:47 - [TEST_STEP][PASSED] - delay: Delayed 2 second(s)

2018-12-05 15:40:49 - [MESSAGE][PASSED] - Delayed 2 second(s)

2018-12-05 15:40:49 - [TEST_STEP][PASSED] - click: Object: 'Object Repository/Final Object Repo/Page_Request SSN - ASSIST/Page_Request SSN - ASSIST - RO/Confirm' is clicked on

2018-12-05 15:40:49 - [MESSAGE][PASSED] - Object: 'Object Repository/Final Object Repo/Page_Request SSN - ASSIST/Page_Request SSN - ASSIST - RO/Confirm' is clicked on

2018-12-05 15:40:49 - [TEST_STEP][PASSED] - delay: Delayed 2 second(s)

2018-12-05 15:40:51 - [MESSAGE][PASSED] - Delayed 2 second(s)

2018-12-05 15:40:51 - [TEST_STEP][PASSED] - verifyElementVisible: Object 'Object Repository/Final Object Repo/Page_Request SSN - ASSIST/Page_Request SSN - ASSIST - RO/Successfull Message Your application has submitted' is visible

2018-12-05 15:40:58 - [MESSAGE][PASSED] - Object 'Object Repository/Final Object Repo/Page_Request SSN - ASSIST/Page_Request SSN - ASSIST - RO/Successfull Message Your application has submitted' is visible

2018-12-05 15:40:58 - [TEST_STEP][PASSED] - delay: Delayed 2 second(s)

2018-12-05 15:41:00 - [MESSAGE][PASSED] - Delayed 2 second(s)

2018-12-05 15:41:00 - [TEST_STEP][PASSED] - verifyElementVisible: Object 'Object Repository/Final Object Repo/Page_Request SSN - ASSIST/Page_Request SSN - ASSIST - RO/Letter of approval' is visible

2018-12-05 15:41:00 - [MESSAGE][PASSED] - Object 'Object Repository/Final Object Repo/Page_Request SSN - ASSIST/Page_Request SSN - ASSIST - RO/Letter of approval' is visible

2018-12-05 15:41:00 - [MESSAGE][PASSED] - Call Test Case 'Test Cases/Final Aug 2018 - PKS Automation/Registration Module/Workflow/Request SSN/Template/Request SSN - RO (Approve)' successfully

2018-12-05 15:41:00 - [MESSAGE][PASSED] - Call Test Case 'Test Cases/Final Aug 2018 - PKS Automation/Registration Module/Workflow/Request SSN/Template/Request SSN  RO (Approve after Query)' successfully

2018-12-05 15:41:00 - [MESSAGE][PASSED] - Call Test Case 'Test Cases/Final Aug 2018 - PKS Automation/Registration Module/Workflow/Request SSN/Template/Request SSN RIO - RO (Query)' successfully]]></system-out>
         <system-err><![CDATA[]]></system-err>
      </testcase>
      <testcase name="Test Cases/Final Aug 2018 - PKS Automation/Registration Module/Workflow/Request SSN/OTC - RIO - RO (Under enforcement)" classname="Test Cases/Final Aug 2018 - PKS Automation/Registration Module/Workflow/Request SSN/OTC - RIO - RO (Under enforcement)" status="PASSED">
         <system-out><![CDATA[2018-12-05 15:41:00 - [TEST_CASE][PASSED] - Test Cases/Final Aug 2018 - PKS Automation/Registration Module/Workflow/Request SSN/OTC - RIO - RO (Under enforcement): Test Cases/Final Aug 2018 - PKS Automation/Registration Module/Workflow/Request SSN/OTC - RIO - RO (Under enforcement)

2018-12-05 15:41:00 - [TEST_STEP][PASSED] - callTestCase: Call Test Case 'Test Cases/Final Aug 2018 - PKS Automation/Registration Module/Workflow/Request SSN/Template/Request SSN - OTC' successfully

2018-12-05 15:41:00 - [TEST_CASE][PASSED] - Test Cases/Final Aug 2018 - PKS Automation/Registration Module/Workflow/Request SSN/Template/Request SSN - OTC: Test Cases/Final Aug 2018 - PKS Automation/Registration Module/Workflow/Request SSN/Template/Request SSN - OTC

2018-12-05 15:41:00 - [TEST_STEP][PASSED] - openBrowser: Browser is opened with url: ''

2018-12-05 15:41:00 - [MESSAGE][WARNING] - A browser is already opened. Closing browser and opening a new one

2018-12-05 15:41:03 - [MESSAGE][PASSED] - Browser is opened with url: ''

2018-12-05 15:41:03 - [TEST_STEP][PASSED] - navigateToUrl: Navigate to 'https://assist2-uat.perkeso.gov.my/login' successfully

2018-12-05 15:41:04 - [MESSAGE][PASSED] - Navigate to 'https://assist2-uat.perkeso.gov.my/login' successfully

2018-12-05 15:41:04 - [TEST_STEP][PASSED] - setText: Text 'johorotc1@gmail.com' is set on object 'Object Repository/Final Object Repo/Login Page/Internal User/Email Address'

2018-12-05 15:41:04 - [MESSAGE][PASSED] - Text 'johorotc1@gmail.com' is set on object 'Object Repository/Final Object Repo/Login Page/Internal User/Email Address'

2018-12-05 15:41:04 - [TEST_STEP][PASSED] - click: Object: 'Object Repository/Final Object Repo/Login Page/Internal User/Next Button' is clicked on

2018-12-05 15:41:05 - [MESSAGE][PASSED] - Object: 'Object Repository/Final Object Repo/Login Page/Internal User/Next Button' is clicked on

2018-12-05 15:41:05 - [TEST_STEP][PASSED] - delay: Delayed 1 second(s)

2018-12-05 15:41:06 - [MESSAGE][PASSED] - Delayed 1 second(s)

2018-12-05 15:41:06 - [TEST_STEP][PASSED] - setEncryptedText: Text ****** has been set on object 'Object Repository/Final Object Repo/Login Page/Internal User/Password'

2018-12-05 15:41:06 - [MESSAGE][PASSED] - Text ****** has been set on object 'Object Repository/Final Object Repo/Login Page/Internal User/Password'

2018-12-05 15:41:06 - [TEST_STEP][PASSED] - click: Object: 'Object Repository/Final Object Repo/Login Page/Internal User/Login Button' is clicked on

2018-12-05 15:41:06 - [MESSAGE][PASSED] - Object: 'Object Repository/Final Object Repo/Login Page/Internal User/Login Button' is clicked on

2018-12-05 15:41:06 - [TEST_STEP][PASSED] - Statement - Try: null

2018-12-05 15:41:06 - [TEST_STEP][PASSED] - Statement - Checker = com.kms.katalon.core.webui.keyword.WebUiBuiltInKeywords.verifyElementNotPresent("Final Object Repo/Landing Page/Select to English", 3): null

2018-12-05 15:41:06 - [TEST_STEP][PASSED] - Statement - Catch (Exception e): null

2018-12-05 15:41:06 - [TEST_STEP][PASSED] - Statement - e.printStackTrace(): null

2018-12-05 15:41:06 - [TEST_STEP][PASSED] - delay: Delayed 5 second(s)

2018-12-05 15:41:11 - [MESSAGE][PASSED] - Delayed 5 second(s)

2018-12-05 15:41:11 - [TEST_STEP][PASSED] - delay: Delayed 1 second(s)

2018-12-05 15:41:12 - [MESSAGE][PASSED] - Delayed 1 second(s)

2018-12-05 15:41:12 - [TEST_STEP][PASSED] - navigateToUrl: Navigate to 'https://assist2-uat.perkeso.gov.my/web/registration/request-ssn' successfully

2018-12-05 15:41:17 - [MESSAGE][PASSED] - Navigate to 'https://assist2-uat.perkeso.gov.my/web/registration/request-ssn' successfully

2018-12-05 15:41:17 - [TEST_STEP][PASSED] - setText: Text 'perkeso' is set on object 'Object Repository/Final Object Repo/Page_Request SSN - ASSIST/AI - Name'

2018-12-05 15:41:17 - [MESSAGE][PASSED] - Text 'perkeso' is set on object 'Object Repository/Final Object Repo/Page_Request SSN - ASSIST/AI - Name'

2018-12-05 15:41:17 - [TEST_STEP][PASSED] - click: Object: 'Object Repository/Final Object Repo/Page_Request SSN - ASSIST/AI - DOB' is clicked on

2018-12-05 15:41:18 - [MESSAGE][PASSED] - Object: 'Object Repository/Final Object Repo/Page_Request SSN - ASSIST/AI - DOB' is clicked on

2018-12-05 15:41:18 - [TEST_STEP][PASSED] - selectOptionByValue: All options with value '1995' are selected in object 'Object Repository/Final Object Repo/Page_Request SSN - ASSIST/AI - DOB - Year' 

2018-12-05 15:41:18 - [MESSAGE][PASSED] - All options with value '1995' are selected in object 'Object Repository/Final Object Repo/Page_Request SSN - ASSIST/AI - DOB - Year' 

2018-12-05 15:41:18 - [TEST_STEP][PASSED] - delay: Delayed 3 second(s)

2018-12-05 15:41:21 - [MESSAGE][PASSED] - Delayed 3 second(s)

2018-12-05 15:41:21 - [TEST_STEP][PASSED] - doubleClick: Object: 'Object Repository/Final Object Repo/Page_Request SSN - ASSIST/AI - DOB - Year - Date' is double clicked on

2018-12-05 15:41:21 - [MESSAGE][PASSED] - Object: 'Object Repository/Final Object Repo/Page_Request SSN - ASSIST/AI - DOB - Year - Date' is double clicked on

2018-12-05 15:41:21 - [TEST_STEP][PASSED] - click: Object: 'Object Repository/Final Object Repo/Page_Request SSN - ASSIST/AI - Male' is clicked on

2018-12-05 15:41:21 - [MESSAGE][PASSED] - Object: 'Object Repository/Final Object Repo/Page_Request SSN - ASSIST/AI - Male' is clicked on

2018-12-05 15:41:21 - [TEST_STEP][PASSED] - click: Object: 'Object Repository/Final Object Repo/Page_Request SSN - ASSIST/AI- Race' is clicked on

2018-12-05 15:41:22 - [MESSAGE][PASSED] - Object: 'Object Repository/Final Object Repo/Page_Request SSN - ASSIST/AI- Race' is clicked on

2018-12-05 15:41:22 - [TEST_STEP][PASSED] - click: Object: 'Object Repository/Final Object Repo/Page_Request SSN - ASSIST/AI - Race - Melayu' is clicked on

2018-12-05 15:41:22 - [MESSAGE][PASSED] - Object: 'Object Repository/Final Object Repo/Page_Request SSN - ASSIST/AI - Race - Melayu' is clicked on

2018-12-05 15:41:22 - [TEST_STEP][PASSED] - click: Object: 'Object Repository/Final Object Repo/Page_Request SSN - ASSIST/AI - Religion' is clicked on

2018-12-05 15:41:22 - [MESSAGE][PASSED] - Object: 'Object Repository/Final Object Repo/Page_Request SSN - ASSIST/AI - Religion' is clicked on

2018-12-05 15:41:22 - [TEST_STEP][PASSED] - click: Object: 'Object Repository/Final Object Repo/Page_Request SSN - ASSIST/AI - Religion - Islam' is clicked on

2018-12-05 15:41:22 - [MESSAGE][PASSED] - Object: 'Object Repository/Final Object Repo/Page_Request SSN - ASSIST/AI - Religion - Islam' is clicked on

2018-12-05 15:41:22 - [TEST_STEP][PASSED] - setText: Text '12345' is set on object 'Object Repository/Final Object Repo/Page_Request SSN - ASSIST/AI - Birth Certificate'

2018-12-05 15:41:23 - [MESSAGE][PASSED] - Text '12345' is set on object 'Object Repository/Final Object Repo/Page_Request SSN - ASSIST/AI - Birth Certificate'

2018-12-05 15:41:23 - [TEST_STEP][PASSED] - click: Object: 'Object Repository/Final Object Repo/Page_Request SSN - ASSIST/AI - Nationality' is clicked on

2018-12-05 15:41:23 - [MESSAGE][PASSED] - Object: 'Object Repository/Final Object Repo/Page_Request SSN - ASSIST/AI - Nationality' is clicked on

2018-12-05 15:41:23 - [TEST_STEP][PASSED] - click: Object: 'Object Repository/Final Object Repo/Page_Request SSN - ASSIST/AI - Nationality - Afghanistan' is clicked on

2018-12-05 15:41:24 - [MESSAGE][PASSED] - Object: 'Object Repository/Final Object Repo/Page_Request SSN - ASSIST/AI - Nationality - Afghanistan' is clicked on

2018-12-05 15:41:24 - [TEST_STEP][PASSED] - setText: Text 'PERKESO ADDRESS1' is set on object 'Object Repository/Final Object Repo/Page_Request SSN - ASSIST/AI - Address1'

2018-12-05 15:41:25 - [MESSAGE][PASSED] - Text 'PERKESO ADDRESS1' is set on object 'Object Repository/Final Object Repo/Page_Request SSN - ASSIST/AI - Address1'

2018-12-05 15:41:25 - [TEST_STEP][PASSED] - setText: Text 'PERKESO ADDRESS2' is set on object 'Object Repository/Final Object Repo/Page_Request SSN - ASSIST/AI - Address2'

2018-12-05 15:41:26 - [MESSAGE][PASSED] - Text 'PERKESO ADDRESS2' is set on object 'Object Repository/Final Object Repo/Page_Request SSN - ASSIST/AI - Address2'

2018-12-05 15:41:26 - [TEST_STEP][PASSED] - setText: Text 'PERKESO ADDRESS3' is set on object 'Object Repository/Final Object Repo/Page_Request SSN - ASSIST/AI - Address3'

2018-12-05 15:41:27 - [MESSAGE][PASSED] - Text 'PERKESO ADDRESS3' is set on object 'Object Repository/Final Object Repo/Page_Request SSN - ASSIST/AI - Address3'

2018-12-05 15:41:27 - [TEST_STEP][PASSED] - click: Object: 'Object Repository/Final Object Repo/Page_Request SSN - ASSIST/AI - State' is clicked on

2018-12-05 15:41:28 - [MESSAGE][PASSED] - Object: 'Object Repository/Final Object Repo/Page_Request SSN - ASSIST/AI - State' is clicked on

2018-12-05 15:41:28 - [TEST_STEP][PASSED] - click: Object: 'Object Repository/Final Object Repo/Page_Request SSN - ASSIST/AI - Current Employer State - Johor' is clicked on

2018-12-05 15:41:28 - [MESSAGE][PASSED] - Object: 'Object Repository/Final Object Repo/Page_Request SSN - ASSIST/AI - Current Employer State - Johor' is clicked on

2018-12-05 15:41:28 - [TEST_STEP][PASSED] - click: Object: 'Object Repository/Final Object Repo/Page_Request SSN - ASSIST/AI - City' is clicked on

2018-12-05 15:41:28 - [MESSAGE][PASSED] - Object: 'Object Repository/Final Object Repo/Page_Request SSN - ASSIST/AI - City' is clicked on

2018-12-05 15:41:28 - [TEST_STEP][PASSED] - setText: Text 'JOH' is set on object 'Object Repository/Final Object Repo/Page_Request SSN - ASSIST/AI - City - JOH'

2018-12-05 15:41:29 - [MESSAGE][PASSED] - Text 'JOH' is set on object 'Object Repository/Final Object Repo/Page_Request SSN - ASSIST/AI - City - JOH'

2018-12-05 15:41:29 - [TEST_STEP][PASSED] - delay: Delayed 3 second(s)

2018-12-05 15:41:32 - [MESSAGE][PASSED] - Delayed 3 second(s)

2018-12-05 15:41:32 - [TEST_STEP][PASSED] - click: Object: 'Object Repository/Final Object Repo/Page_Request SSN - ASSIST/AI - City - Johor Bharu' is clicked on

2018-12-05 15:41:32 - [MESSAGE][PASSED] - Object: 'Object Repository/Final Object Repo/Page_Request SSN - ASSIST/AI - City - Johor Bharu' is clicked on

2018-12-05 15:41:32 - [TEST_STEP][PASSED] - click: Object: 'Object Repository/Final Object Repo/Page_Request SSN - ASSIST/AI - Post Code' is clicked on

2018-12-05 15:41:32 - [MESSAGE][PASSED] - Object: 'Object Repository/Final Object Repo/Page_Request SSN - ASSIST/AI - Post Code' is clicked on

2018-12-05 15:41:32 - [TEST_STEP][PASSED] - setText: Text '810' is set on object 'Object Repository/Final Object Repo/Page_Request SSN - ASSIST/AI - City - JOH'

2018-12-05 15:41:33 - [MESSAGE][PASSED] - Text '810' is set on object 'Object Repository/Final Object Repo/Page_Request SSN - ASSIST/AI - City - JOH'

2018-12-05 15:41:33 - [TEST_STEP][PASSED] - delay: Delayed 3 second(s)

2018-12-05 15:41:36 - [MESSAGE][PASSED] - Delayed 3 second(s)

2018-12-05 15:41:36 - [TEST_STEP][PASSED] - click: Object: 'Object Repository/Final Object Repo/Page_Request SSN - ASSIST/AI - PostCode - 81000' is clicked on

2018-12-05 15:41:36 - [MESSAGE][PASSED] - Object: 'Object Repository/Final Object Repo/Page_Request SSN - ASSIST/AI - PostCode - 81000' is clicked on

2018-12-05 15:41:36 - [TEST_STEP][PASSED] - setText: Text '100' is set on object 'Object Repository/Final Object Repo/Page_Request SSN - ASSIST/P.O.BOX'

2018-12-05 15:41:37 - [MESSAGE][PASSED] - Text '100' is set on object 'Object Repository/Final Object Repo/Page_Request SSN - ASSIST/P.O.BOX'

2018-12-05 15:41:37 - [TEST_STEP][PASSED] - setText: Text '100' is set on object 'Object Repository/Final Object Repo/Page_Request SSN - ASSIST/Locked Bag No'

2018-12-05 15:41:37 - [MESSAGE][PASSED] - Text '100' is set on object 'Object Repository/Final Object Repo/Page_Request SSN - ASSIST/Locked Bag No'

2018-12-05 15:41:37 - [TEST_STEP][PASSED] - delay: Delayed 2 second(s)

2018-12-05 15:41:39 - [MESSAGE][PASSED] - Delayed 2 second(s)

2018-12-05 15:41:39 - [TEST_STEP][PASSED] - setText: Text '123456789' is set on object 'Object Repository/Final Object Repo/Page_Request SSN - ASSIST/AI - Telephone No'

2018-12-05 15:41:40 - [MESSAGE][PASSED] - Text '123456789' is set on object 'Object Repository/Final Object Repo/Page_Request SSN - ASSIST/AI - Telephone No'

2018-12-05 15:41:40 - [TEST_STEP][PASSED] - click: Object: 'Object Repository/Final Object Repo/Page_Request SSN - ASSIST/AI - Occupation' is clicked on

2018-12-05 15:41:40 - [MESSAGE][PASSED] - Object: 'Object Repository/Final Object Repo/Page_Request SSN - ASSIST/AI - Occupation' is clicked on

2018-12-05 15:41:40 - [TEST_STEP][PASSED] - click: Object: 'Object Repository/Final Object Repo/Page_Request SSN - ASSIST/AI - Occupation - NUMERICAL AND MATERIAL R' is clicked on

2018-12-05 15:41:41 - [MESSAGE][PASSED] - Object: 'Object Repository/Final Object Repo/Page_Request SSN - ASSIST/AI - Occupation - NUMERICAL AND MATERIAL R' is clicked on

2018-12-05 15:41:41 - [TEST_STEP][PASSED] - delay: Delayed 2 second(s)

2018-12-05 15:41:43 - [MESSAGE][PASSED] - Delayed 2 second(s)

2018-12-05 15:41:43 - [TEST_STEP][PASSED] - click: Object: 'Object Repository/Final Object Repo/Page_Request SSN - ASSIST/AI - Sub Occupation' is clicked on

2018-12-05 15:41:43 - [MESSAGE][PASSED] - Object: 'Object Repository/Final Object Repo/Page_Request SSN - ASSIST/AI - Sub Occupation' is clicked on

2018-12-05 15:41:43 - [TEST_STEP][PASSED] - click: Object: 'Object Repository/Final Object Repo/Page_Request SSN - ASSIST/AI - Sub Occupation - Stock Clerks' is clicked on

2018-12-05 15:41:43 - [MESSAGE][PASSED] - Object: 'Object Repository/Final Object Repo/Page_Request SSN - ASSIST/AI - Sub Occupation - Stock Clerks' is clicked on

2018-12-05 15:41:43 - [TEST_STEP][PASSED] - delay: Delayed 2 second(s)

2018-12-05 15:41:45 - [MESSAGE][PASSED] - Delayed 2 second(s)

2018-12-05 15:41:45 - [TEST_STEP][PASSED] - click: Object: 'Object Repository/Final Object Repo/Page_Request SSN - ASSIST/AI - Sub Occupation List' is clicked on

2018-12-05 15:41:45 - [MESSAGE][PASSED] - Object: 'Object Repository/Final Object Repo/Page_Request SSN - ASSIST/AI - Sub Occupation List' is clicked on

2018-12-05 15:41:45 - [TEST_STEP][PASSED] - click: Object: 'Object Repository/Final Object Repo/Page_Request SSN - ASSIST/AI - Sub Occupation List - Clerk raw material' is clicked on

2018-12-05 15:41:46 - [MESSAGE][PASSED] - Object: 'Object Repository/Final Object Repo/Page_Request SSN - ASSIST/AI - Sub Occupation List - Clerk raw material' is clicked on

2018-12-05 15:41:46 - [TEST_STEP][PASSED] - click: Object: 'Object Repository/Final Object Repo/Page_Request SSN - ASSIST/AI - Employment Start Date' is clicked on

2018-12-05 15:41:46 - [MESSAGE][PASSED] - Object: 'Object Repository/Final Object Repo/Page_Request SSN - ASSIST/AI - Employment Start Date' is clicked on

2018-12-05 15:41:46 - [TEST_STEP][PASSED] - click: Object: 'Object Repository/Final Object Repo/Page_Request SSN - ASSIST/AI - DOB - Year - Date' is clicked on

2018-12-05 15:41:46 - [MESSAGE][PASSED] - Object: 'Object Repository/Final Object Repo/Page_Request SSN - ASSIST/AI - DOB - Year - Date' is clicked on

2018-12-05 15:41:46 - [TEST_STEP][PASSED] - setText: Text 'perkeso' is set on object 'Object Repository/Final Object Repo/Page_Request SSN - ASSIST/AI - Current Employer Name'

2018-12-05 15:41:47 - [MESSAGE][PASSED] - Text 'perkeso' is set on object 'Object Repository/Final Object Repo/Page_Request SSN - ASSIST/AI - Current Employer Name'

2018-12-05 15:41:47 - [TEST_STEP][PASSED] - setText: Text 'perkeso1' is set on object 'Object Repository/Final Object Repo/Page_Request SSN - ASSIST/AI - Current Employer Address1'

2018-12-05 15:41:48 - [MESSAGE][PASSED] - Text 'perkeso1' is set on object 'Object Repository/Final Object Repo/Page_Request SSN - ASSIST/AI - Current Employer Address1'

2018-12-05 15:41:48 - [TEST_STEP][PASSED] - setText: Text 'perkeso2' is set on object 'Object Repository/Final Object Repo/Page_Request SSN - ASSIST/AI - Current Employer Address2'

2018-12-05 15:41:48 - [MESSAGE][PASSED] - Text 'perkeso2' is set on object 'Object Repository/Final Object Repo/Page_Request SSN - ASSIST/AI - Current Employer Address2'

2018-12-05 15:41:48 - [TEST_STEP][PASSED] - setText: Text 'perkeso3' is set on object 'Object Repository/Final Object Repo/Page_Request SSN - ASSIST/AI - Current Employer Address3'

2018-12-05 15:41:49 - [MESSAGE][PASSED] - Text 'perkeso3' is set on object 'Object Repository/Final Object Repo/Page_Request SSN - ASSIST/AI - Current Employer Address3'

2018-12-05 15:41:49 - [TEST_STEP][PASSED] - click: Object: 'Object Repository/Final Object Repo/Page_Request SSN - ASSIST/AI - Current Employer State' is clicked on

2018-12-05 15:41:49 - [MESSAGE][PASSED] - Object: 'Object Repository/Final Object Repo/Page_Request SSN - ASSIST/AI - Current Employer State' is clicked on

2018-12-05 15:41:49 - [TEST_STEP][PASSED] - click: Object: 'Object Repository/Final Object Repo/Page_Request SSN - ASSIST/AI - Current Employer State - Johor 1' is clicked on

2018-12-05 15:41:50 - [MESSAGE][PASSED] - Object: 'Object Repository/Final Object Repo/Page_Request SSN - ASSIST/AI - Current Employer State - Johor 1' is clicked on

2018-12-05 15:41:50 - [TEST_STEP][PASSED] - click: Object: 'Object Repository/Final Object Repo/Page_Request SSN - ASSIST/AI - Current Employer City' is clicked on

2018-12-05 15:41:50 - [MESSAGE][PASSED] - Object: 'Object Repository/Final Object Repo/Page_Request SSN - ASSIST/AI - Current Employer City' is clicked on

2018-12-05 15:41:50 - [TEST_STEP][PASSED] - setText: Text 'joh' is set on object 'Object Repository/Final Object Repo/Page_Request SSN - ASSIST/AI - City - JOH'

2018-12-05 15:41:51 - [MESSAGE][PASSED] - Text 'joh' is set on object 'Object Repository/Final Object Repo/Page_Request SSN - ASSIST/AI - City - JOH'

2018-12-05 15:41:51 - [TEST_STEP][PASSED] - delay: Delayed 2 second(s)

2018-12-05 15:41:53 - [MESSAGE][PASSED] - Delayed 2 second(s)

2018-12-05 15:41:53 - [TEST_STEP][PASSED] - click: Object: 'Object Repository/Final Object Repo/Page_Request SSN - ASSIST/AI - City - Johor Bharu' is clicked on

2018-12-05 15:41:53 - [MESSAGE][PASSED] - Object: 'Object Repository/Final Object Repo/Page_Request SSN - ASSIST/AI - City - Johor Bharu' is clicked on

2018-12-05 15:41:53 - [TEST_STEP][PASSED] - click: Object: 'Object Repository/Final Object Repo/Page_Request SSN - ASSIST/AI - Current Employer Postcode' is clicked on

2018-12-05 15:41:53 - [MESSAGE][PASSED] - Object: 'Object Repository/Final Object Repo/Page_Request SSN - ASSIST/AI - Current Employer Postcode' is clicked on

2018-12-05 15:41:53 - [TEST_STEP][PASSED] - setText: Text '810' is set on object 'Object Repository/Final Object Repo/Page_Request SSN - ASSIST/AI - City - JOH'

2018-12-05 15:41:54 - [MESSAGE][PASSED] - Text '810' is set on object 'Object Repository/Final Object Repo/Page_Request SSN - ASSIST/AI - City - JOH'

2018-12-05 15:41:54 - [TEST_STEP][PASSED] - delay: Delayed 2 second(s)

2018-12-05 15:41:56 - [MESSAGE][PASSED] - Delayed 2 second(s)

2018-12-05 15:41:56 - [TEST_STEP][PASSED] - click: Object: 'Object Repository/Final Object Repo/Page_Request SSN - ASSIST/AI - PostCode - 81000' is clicked on

2018-12-05 15:41:56 - [MESSAGE][PASSED] - Object: 'Object Repository/Final Object Repo/Page_Request SSN - ASSIST/AI - PostCode - 81000' is clicked on

2018-12-05 15:41:56 - [TEST_STEP][NOT_RUN] - setText: NOT_RUN: setText

2018-12-05 15:41:56 - [MESSAGE][NOT_RUN] - NOT_RUN: setText

2018-12-05 15:41:56 - [TEST_STEP][NOT_RUN] - setText: NOT_RUN: setText

2018-12-05 15:41:56 - [MESSAGE][NOT_RUN] - NOT_RUN: setText

2018-12-05 15:41:56 - [TEST_STEP][NOT_RUN] - click: NOT_RUN: click

2018-12-05 15:41:56 - [MESSAGE][NOT_RUN] - NOT_RUN: click

2018-12-05 15:41:56 - [TEST_STEP][NOT_RUN] - click: NOT_RUN: click

2018-12-05 15:41:56 - [MESSAGE][NOT_RUN] - NOT_RUN: click

2018-12-05 15:41:56 - [TEST_STEP][NOT_RUN] - setText: NOT_RUN: setText

2018-12-05 15:41:56 - [MESSAGE][NOT_RUN] - NOT_RUN: setText

2018-12-05 15:41:56 - [TEST_STEP][NOT_RUN] - click: NOT_RUN: click

2018-12-05 15:41:56 - [MESSAGE][NOT_RUN] - NOT_RUN: click

2018-12-05 15:41:56 - [TEST_STEP][NOT_RUN] - click: NOT_RUN: click

2018-12-05 15:41:56 - [MESSAGE][NOT_RUN] - NOT_RUN: click

2018-12-05 15:41:56 - [TEST_STEP][NOT_RUN] - click: NOT_RUN: click

2018-12-05 15:41:56 - [MESSAGE][NOT_RUN] - NOT_RUN: click

2018-12-05 15:41:56 - [TEST_STEP][NOT_RUN] - click: NOT_RUN: click

2018-12-05 15:41:56 - [MESSAGE][NOT_RUN] - NOT_RUN: click

2018-12-05 15:41:56 - [TEST_STEP][NOT_RUN] - click: NOT_RUN: click

2018-12-05 15:41:56 - [MESSAGE][NOT_RUN] - NOT_RUN: click

2018-12-05 15:41:56 - [TEST_STEP][NOT_RUN] - click: NOT_RUN: click

2018-12-05 15:41:56 - [MESSAGE][NOT_RUN] - NOT_RUN: click

2018-12-05 15:41:56 - [TEST_STEP][NOT_RUN] - setText: NOT_RUN: setText

2018-12-05 15:41:56 - [MESSAGE][NOT_RUN] - NOT_RUN: setText

2018-12-05 15:41:56 - [TEST_STEP][NOT_RUN] - setText: NOT_RUN: setText

2018-12-05 15:41:56 - [MESSAGE][NOT_RUN] - NOT_RUN: setText

2018-12-05 15:41:56 - [TEST_STEP][NOT_RUN] - setText: NOT_RUN: setText

2018-12-05 15:41:56 - [MESSAGE][NOT_RUN] - NOT_RUN: setText

2018-12-05 15:41:56 - [TEST_STEP][NOT_RUN] - click: NOT_RUN: click

2018-12-05 15:41:56 - [MESSAGE][NOT_RUN] - NOT_RUN: click

2018-12-05 15:41:56 - [TEST_STEP][NOT_RUN] - click: NOT_RUN: click

2018-12-05 15:41:56 - [MESSAGE][NOT_RUN] - NOT_RUN: click

2018-12-05 15:41:56 - [TEST_STEP][NOT_RUN] - click: NOT_RUN: click

2018-12-05 15:41:56 - [MESSAGE][NOT_RUN] - NOT_RUN: click

2018-12-05 15:41:56 - [TEST_STEP][NOT_RUN] - setText: NOT_RUN: setText

2018-12-05 15:41:56 - [MESSAGE][NOT_RUN] - NOT_RUN: setText

2018-12-05 15:41:56 - [TEST_STEP][NOT_RUN] - delay: NOT_RUN: delay

2018-12-05 15:41:56 - [MESSAGE][NOT_RUN] - NOT_RUN: delay

2018-12-05 15:41:56 - [TEST_STEP][NOT_RUN] - click: NOT_RUN: click

2018-12-05 15:41:56 - [MESSAGE][NOT_RUN] - NOT_RUN: click

2018-12-05 15:41:56 - [TEST_STEP][NOT_RUN] - click: NOT_RUN: click

2018-12-05 15:41:56 - [MESSAGE][NOT_RUN] - NOT_RUN: click

2018-12-05 15:41:56 - [TEST_STEP][NOT_RUN] - click: NOT_RUN: click

2018-12-05 15:41:56 - [MESSAGE][NOT_RUN] - NOT_RUN: click

2018-12-05 15:41:56 - [TEST_STEP][NOT_RUN] - setText: NOT_RUN: setText

2018-12-05 15:41:56 - [MESSAGE][NOT_RUN] - NOT_RUN: setText

2018-12-05 15:41:56 - [TEST_STEP][NOT_RUN] - delay: NOT_RUN: delay

2018-12-05 15:41:56 - [MESSAGE][NOT_RUN] - NOT_RUN: delay

2018-12-05 15:41:56 - [TEST_STEP][NOT_RUN] - click: NOT_RUN: click

2018-12-05 15:41:56 - [MESSAGE][NOT_RUN] - NOT_RUN: click

2018-12-05 15:41:56 - [TEST_STEP][NOT_RUN] - delay: NOT_RUN: delay

2018-12-05 15:41:56 - [MESSAGE][NOT_RUN] - NOT_RUN: delay

2018-12-05 15:41:56 - [TEST_STEP][NOT_RUN] - setText: NOT_RUN: setText

2018-12-05 15:41:56 - [MESSAGE][NOT_RUN] - NOT_RUN: setText

2018-12-05 15:41:56 - [TEST_STEP][NOT_RUN] - setText: NOT_RUN: setText

2018-12-05 15:41:56 - [MESSAGE][NOT_RUN] - NOT_RUN: setText

2018-12-05 15:41:56 - [TEST_STEP][NOT_RUN] - setText: NOT_RUN: setText

2018-12-05 15:41:56 - [MESSAGE][NOT_RUN] - NOT_RUN: setText

2018-12-05 15:41:56 - [TEST_STEP][NOT_RUN] - click: NOT_RUN: click

2018-12-05 15:41:56 - [MESSAGE][NOT_RUN] - NOT_RUN: click

2018-12-05 15:41:56 - [TEST_STEP][NOT_RUN] - click: NOT_RUN: click

2018-12-05 15:41:56 - [MESSAGE][NOT_RUN] - NOT_RUN: click

2018-12-05 15:41:56 - [TEST_STEP][NOT_RUN] - setText: NOT_RUN: setText

2018-12-05 15:41:56 - [MESSAGE][NOT_RUN] - NOT_RUN: setText

2018-12-05 15:41:56 - [TEST_STEP][NOT_RUN] - click: NOT_RUN: click

2018-12-05 15:41:56 - [MESSAGE][NOT_RUN] - NOT_RUN: click

2018-12-05 15:41:56 - [TEST_STEP][NOT_RUN] - click: NOT_RUN: click

2018-12-05 15:41:57 - [MESSAGE][NOT_RUN] - NOT_RUN: click

2018-12-05 15:41:57 - [TEST_STEP][NOT_RUN] - click: NOT_RUN: click

2018-12-05 15:41:57 - [MESSAGE][NOT_RUN] - NOT_RUN: click

2018-12-05 15:41:57 - [TEST_STEP][NOT_RUN] - click: NOT_RUN: click

2018-12-05 15:41:57 - [MESSAGE][NOT_RUN] - NOT_RUN: click

2018-12-05 15:41:57 - [TEST_STEP][NOT_RUN] - click: NOT_RUN: click

2018-12-05 15:41:57 - [MESSAGE][NOT_RUN] - NOT_RUN: click

2018-12-05 15:41:57 - [TEST_STEP][NOT_RUN] - click: NOT_RUN: click

2018-12-05 15:41:57 - [MESSAGE][NOT_RUN] - NOT_RUN: click

2018-12-05 15:41:57 - [TEST_STEP][NOT_RUN] - setText: NOT_RUN: setText

2018-12-05 15:41:57 - [MESSAGE][NOT_RUN] - NOT_RUN: setText

2018-12-05 15:41:57 - [TEST_STEP][NOT_RUN] - setText: NOT_RUN: setText

2018-12-05 15:41:57 - [MESSAGE][NOT_RUN] - NOT_RUN: setText

2018-12-05 15:41:57 - [TEST_STEP][NOT_RUN] - setText: NOT_RUN: setText

2018-12-05 15:41:57 - [MESSAGE][NOT_RUN] - NOT_RUN: setText

2018-12-05 15:41:57 - [TEST_STEP][NOT_RUN] - click: NOT_RUN: click

2018-12-05 15:41:57 - [MESSAGE][NOT_RUN] - NOT_RUN: click

2018-12-05 15:41:57 - [TEST_STEP][NOT_RUN] - click: NOT_RUN: click

2018-12-05 15:41:57 - [MESSAGE][NOT_RUN] - NOT_RUN: click

2018-12-05 15:41:57 - [TEST_STEP][NOT_RUN] - click: NOT_RUN: click

2018-12-05 15:41:57 - [MESSAGE][NOT_RUN] - NOT_RUN: click

2018-12-05 15:41:57 - [TEST_STEP][NOT_RUN] - delay: NOT_RUN: delay

2018-12-05 15:41:57 - [MESSAGE][NOT_RUN] - NOT_RUN: delay

2018-12-05 15:41:57 - [TEST_STEP][NOT_RUN] - setText: NOT_RUN: setText

2018-12-05 15:41:57 - [MESSAGE][NOT_RUN] - NOT_RUN: setText

2018-12-05 15:41:57 - [TEST_STEP][NOT_RUN] - delay: NOT_RUN: delay

2018-12-05 15:41:57 - [MESSAGE][NOT_RUN] - NOT_RUN: delay

2018-12-05 15:41:57 - [TEST_STEP][NOT_RUN] - click: NOT_RUN: click

2018-12-05 15:41:57 - [MESSAGE][NOT_RUN] - NOT_RUN: click

2018-12-05 15:41:57 - [TEST_STEP][NOT_RUN] - doubleClick: NOT_RUN: doubleClick

2018-12-05 15:41:57 - [MESSAGE][NOT_RUN] - NOT_RUN: doubleClick

2018-12-05 15:41:57 - [TEST_STEP][NOT_RUN] - click: NOT_RUN: click

2018-12-05 15:41:57 - [MESSAGE][NOT_RUN] - NOT_RUN: click

2018-12-05 15:41:57 - [TEST_STEP][NOT_RUN] - setText: NOT_RUN: setText

2018-12-05 15:41:57 - [MESSAGE][NOT_RUN] - NOT_RUN: setText

2018-12-05 15:41:57 - [TEST_STEP][NOT_RUN] - delay: NOT_RUN: delay

2018-12-05 15:41:57 - [MESSAGE][NOT_RUN] - NOT_RUN: delay

2018-12-05 15:41:57 - [TEST_STEP][NOT_RUN] - click: NOT_RUN: click

2018-12-05 15:41:57 - [MESSAGE][NOT_RUN] - NOT_RUN: click

2018-12-05 15:41:57 - [TEST_STEP][NOT_RUN] - delay: NOT_RUN: delay

2018-12-05 15:41:57 - [MESSAGE][NOT_RUN] - NOT_RUN: delay

2018-12-05 15:41:57 - [TEST_STEP][NOT_RUN] - setText: NOT_RUN: setText

2018-12-05 15:41:57 - [MESSAGE][NOT_RUN] - NOT_RUN: setText

2018-12-05 15:41:57 - [TEST_STEP][PASSED] - click: Object: 'Object Repository/Final Object Repo/Page_Request SSN - ASSIST/Save  Continue' is clicked on

2018-12-05 15:41:58 - [MESSAGE][PASSED] - Object: 'Object Repository/Final Object Repo/Page_Request SSN - ASSIST/Save  Continue' is clicked on

2018-12-05 15:41:58 - [TEST_STEP][PASSED] - delay: Delayed 3 second(s)

2018-12-05 15:42:01 - [MESSAGE][PASSED] - Delayed 3 second(s)

2018-12-05 15:42:01 - [TEST_STEP][PASSED] - Statement - CaseReferenceNo = com.kms.katalon.core.webui.keyword.WebUiBuiltInKeywords.getText(com.kms.katalon.core.testobject.ObjectRepository.findTestObject(Final Object Repo/Page_Request SSN - ASSIST/Reference Number in Uploading Page)): Text of object 'Object Repository/Final Object Repo/Page_Request SSN - ASSIST/Reference Number in Uploading Page' is: 'SSN12201800001156'

2018-12-05 15:42:01 - [MESSAGE][PASSED] - Text of object 'Object Repository/Final Object Repo/Page_Request SSN - ASSIST/Reference Number in Uploading Page' is: 'SSN12201800001156'

2018-12-05 15:42:01 - [TEST_STEP][PASSED] - callTestCase: Call Test Case 'Test Cases/Final Aug 2018 - PKS Automation/Common/Reference Number Setter' successfully

2018-12-05 15:42:01 - [TEST_CASE][PASSED] - Test Cases/Final Aug 2018 - PKS Automation/Common/Reference Number Setter: Test Cases/Final Aug 2018 - PKS Automation/Common/Reference Number Setter

2018-12-05 15:42:01 - [TEST_STEP][PASSED] - Statement - RefNoOldFile = new java.io.File(C://Users//Admin//Desktop//PKS//Automation Reference Point//KatalonReference.txt): null

2018-12-05 15:42:01 - [TEST_STEP][PASSED] - Statement - RefNoOldFile.delete(): null

2018-12-05 15:42:01 - [TEST_STEP][PASSED] - delay: Delayed 5 second(s)

2018-12-05 15:42:06 - [MESSAGE][PASSED] - Delayed 5 second(s)

2018-12-05 15:42:06 - [TEST_STEP][PASSED] - Statement - RefNo = new java.io.File(C://Users//Admin//Desktop//PKS//Automation Reference Point//KatalonReference.txt): null

2018-12-05 15:42:06 - [TEST_STEP][PASSED] - Statement - f2 = new java.io.FileWriter(RefNo, false): null

2018-12-05 15:42:06 - [TEST_STEP][PASSED] - Statement - f2.write(CaseReferenceNo): null

2018-12-05 15:42:06 - [TEST_STEP][PASSED] - Statement - f2.close(): null

2018-12-05 15:42:06 - [TEST_STEP][PASSED] - Statement - out.println("


" + CaseReferenceNo + "


"): null

2018-12-05 15:42:06 - [MESSAGE][PASSED] - Call Test Case 'Test Cases/Final Aug 2018 - PKS Automation/Common/Reference Number Setter' successfully

2018-12-05 15:42:06 - [TEST_STEP][PASSED] - click: Object: 'Object Repository/Final Object Repo/Page_Request SSN - ASSIST/Add Document Button' is clicked on

2018-12-05 15:42:06 - [MESSAGE][PASSED] - Object: 'Object Repository/Final Object Repo/Page_Request SSN - ASSIST/Add Document Button' is clicked on

2018-12-05 15:42:06 - [TEST_STEP][PASSED] - delay: Delayed 2 second(s)

2018-12-05 15:42:08 - [MESSAGE][PASSED] - Delayed 2 second(s)

2018-12-05 15:42:08 - [TEST_STEP][PASSED] - click: Object: 'Object Repository/Final Object Repo/Page_Request SSN - ASSIST/Document Type' is clicked on

2018-12-05 15:42:09 - [MESSAGE][PASSED] - Object: 'Object Repository/Final Object Repo/Page_Request SSN - ASSIST/Document Type' is clicked on

2018-12-05 15:42:09 - [TEST_STEP][PASSED] - delay: Delayed 2 second(s)

2018-12-05 15:42:11 - [MESSAGE][PASSED] - Delayed 2 second(s)

2018-12-05 15:42:11 - [TEST_STEP][PASSED] - click: Object: 'Object Repository/Final Object Repo/Page_Request SSN - ASSIST/Document Type - Birth Certificate' is clicked on

2018-12-05 15:42:11 - [MESSAGE][PASSED] - Object: 'Object Repository/Final Object Repo/Page_Request SSN - ASSIST/Document Type - Birth Certificate' is clicked on

2018-12-05 15:42:11 - [TEST_STEP][PASSED] - delay: Delayed 2 second(s)

2018-12-05 15:42:13 - [MESSAGE][PASSED] - Delayed 2 second(s)

2018-12-05 15:42:13 - [TEST_STEP][PASSED] - sendKeys: Keys 'C:\Users\Public\Pictures\Sample Pictures\Koala.jpg' sent to object: 'Object Repository/Final Object Repo/Page_Request SSN - ASSIST/Upload File'

2018-12-05 15:42:13 - [MESSAGE][PASSED] - Keys 'C:\Users\Public\Pictures\Sample Pictures\Koala.jpg' sent to object: 'Object Repository/Final Object Repo/Page_Request SSN - ASSIST/Upload File'

2018-12-05 15:42:13 - [TEST_STEP][PASSED] - click: Object: 'Object Repository/Final Object Repo/Page_Request SSN - ASSIST/Add Document' is clicked on

2018-12-05 15:42:14 - [MESSAGE][PASSED] - Object: 'Object Repository/Final Object Repo/Page_Request SSN - ASSIST/Add Document' is clicked on

2018-12-05 15:42:14 - [TEST_STEP][PASSED] - delay: Delayed 10 second(s)

2018-12-05 15:42:24 - [MESSAGE][PASSED] - Delayed 10 second(s)

2018-12-05 15:42:24 - [TEST_STEP][PASSED] - click: Object: 'Object Repository/Final Object Repo/Page_Request SSN - ASSIST/Save  Continue in Uploading Document Page' is clicked on

2018-12-05 15:42:24 - [MESSAGE][PASSED] - Object: 'Object Repository/Final Object Repo/Page_Request SSN - ASSIST/Save  Continue in Uploading Document Page' is clicked on

2018-12-05 15:42:24 - [TEST_STEP][PASSED] - delay: Delayed 2 second(s)

2018-12-05 15:42:26 - [MESSAGE][PASSED] - Delayed 2 second(s)

2018-12-05 15:42:26 - [TEST_STEP][PASSED] - click: Object: 'Object Repository/Final Object Repo/Page_Request SSN - ASSIST/Submit' is clicked on

2018-12-05 15:42:28 - [MESSAGE][PASSED] - Object: 'Object Repository/Final Object Repo/Page_Request SSN - ASSIST/Submit' is clicked on

2018-12-05 15:42:28 - [TEST_STEP][PASSED] - delay: Delayed 2 second(s)

2018-12-05 15:42:30 - [MESSAGE][PASSED] - Delayed 2 second(s)

2018-12-05 15:42:30 - [TEST_STEP][PASSED] - click: Object: 'Object Repository/Final Object Repo/Page_Request SSN - ASSIST/Confirm' is clicked on

2018-12-05 15:42:31 - [MESSAGE][PASSED] - Object: 'Object Repository/Final Object Repo/Page_Request SSN - ASSIST/Confirm' is clicked on

2018-12-05 15:42:31 - [TEST_STEP][PASSED] - delay: Delayed 2 second(s)

2018-12-05 15:42:33 - [MESSAGE][PASSED] - Delayed 2 second(s)

2018-12-05 15:42:33 - [TEST_STEP][PASSED] - verifyElementVisible: Object 'Object Repository/Final Object Repo/Page_Request SSN - ASSIST/Message This Case will be routed to RIO' is visible

2018-12-05 15:42:38 - [MESSAGE][PASSED] - Object 'Object Repository/Final Object Repo/Page_Request SSN - ASSIST/Message This Case will be routed to RIO' is visible

2018-12-05 15:42:38 - [TEST_STEP][PASSED] - delay: Delayed 2 second(s)

2018-12-05 15:42:40 - [MESSAGE][PASSED] - Delayed 2 second(s)

2018-12-05 15:42:40 - [TEST_STEP][PASSED] - verifyElementVisible: Object 'Object Repository/Final Object Repo/Page_Request SSN - ASSIST/Letter of acknowledgement' is visible

2018-12-05 15:42:40 - [MESSAGE][PASSED] - Object 'Object Repository/Final Object Repo/Page_Request SSN - ASSIST/Letter of acknowledgement' is visible

2018-12-05 15:42:40 - [MESSAGE][PASSED] - Call Test Case 'Test Cases/Final Aug 2018 - PKS Automation/Registration Module/Workflow/Request SSN/Template/Request SSN - OTC' successfully

2018-12-05 15:42:40 - [TEST_STEP][PASSED] - callTestCase: Call Test Case 'Test Cases/Final Aug 2018 - PKS Automation/Registration Module/Workflow/Request SSN/Template/Request SSN RIO - RO (Under Enforcement)' successfully

2018-12-05 15:42:40 - [TEST_CASE][PASSED] - Test Cases/Final Aug 2018 - PKS Automation/Registration Module/Workflow/Request SSN/Template/Request SSN RIO - RO (Under Enforcement): Test Cases/Final Aug 2018 - PKS Automation/Registration Module/Workflow/Request SSN/Template/Request SSN RIO - RO (Under Enforcement)

2018-12-05 15:42:40 - [TEST_STEP][NOT_RUN] - callTestCase: NOT_RUN: callTestCase

2018-12-05 15:42:40 - [MESSAGE][NOT_RUN] - NOT_RUN: callTestCase

2018-12-05 15:42:40 - [TEST_STEP][PASSED] - delay: Delayed 2 second(s)

2018-12-05 15:42:42 - [MESSAGE][PASSED] - Delayed 2 second(s)

2018-12-05 15:42:42 - [TEST_STEP][PASSED] - navigateToUrl: Navigate to 'https://assist2-uat.perkeso.gov.my/c/portal/logout' successfully

2018-12-05 15:42:43 - [MESSAGE][PASSED] - Navigate to 'https://assist2-uat.perkeso.gov.my/c/portal/logout' successfully

2018-12-05 15:42:43 - [TEST_STEP][PASSED] - delay: Delayed 2 second(s)

2018-12-05 15:42:45 - [MESSAGE][PASSED] - Delayed 2 second(s)

2018-12-05 15:42:45 - [TEST_STEP][PASSED] - callTestCase: Call Test Case 'Test Cases/Final Aug 2018 - PKS Automation/Common/Reference Number Getter' successfully

2018-12-05 15:42:45 - [TEST_CASE][PASSED] - Test Cases/Final Aug 2018 - PKS Automation/Common/Reference Number Getter: Test Cases/Final Aug 2018 - PKS Automation/Common/Reference Number Getter

2018-12-05 15:42:45 - [TEST_STEP][PASSED] - Statement - Try: null

2018-12-05 15:42:45 - [TEST_STEP][PASSED] - Statement - RefNo = new java.io.File(C://Users//Admin//Desktop//PKS//Automation Reference Point//KatalonReference.txt): null

2018-12-05 15:42:45 - [TEST_STEP][PASSED] - Statement - bufferread = new java.io.BufferedReader(new java.io.FileReader(RefNo)): null

2018-12-05 15:42:45 - [TEST_STEP][PASSED] - Statement - readedVal = bufferread.readLine(): null

2018-12-05 15:42:45 - [TEST_STEP][PASSED] - Statement - out.println(CaseReferenceNo): null

2018-12-05 15:42:45 - [TEST_STEP][PASSED] - Statement - out.println(readedVal): null

2018-12-05 15:42:45 - [TEST_STEP][PASSED] - Statement - CaseReferenceNo = "": null

2018-12-05 15:42:45 - [TEST_STEP][PASSED] - Statement - CaseReferenceNo = readedVal: null

2018-12-05 15:42:45 - [MESSAGE][PASSED] - Call Test Case 'Test Cases/Final Aug 2018 - PKS Automation/Common/Reference Number Getter' successfully

2018-12-05 15:42:45 - [TEST_STEP][PASSED] - callTestCase: Call Test Case 'Test Cases/Final Aug 2018 - PKS Automation/Common/Workflow Owner Finder' successfully

2018-12-05 15:42:45 - [TEST_CASE][PASSED] - Test Cases/Final Aug 2018 - PKS Automation/Common/Workflow Owner Finder: Test Cases/Final Aug 2018 - PKS Automation/Common/Workflow Owner Finder

2018-12-05 15:42:45 - [TEST_STEP][PASSED] - openBrowser: Browser is opened with url: ''

2018-12-05 15:42:45 - [MESSAGE][WARNING] - A browser is already opened. Closing browser and opening a new one

2018-12-05 15:42:48 - [MESSAGE][PASSED] - Browser is opened with url: ''

2018-12-05 15:42:48 - [TEST_STEP][PASSED] - navigateToUrl: Navigate to 'https://assist2-uat.perkeso.gov.my/login' successfully

2018-12-05 15:42:49 - [MESSAGE][PASSED] - Navigate to 'https://assist2-uat.perkeso.gov.my/login' successfully

2018-12-05 15:42:49 - [TEST_STEP][PASSED] - delay: Delayed 5 second(s)

2018-12-05 15:42:54 - [MESSAGE][PASSED] - Delayed 5 second(s)

2018-12-05 15:42:54 - [TEST_STEP][PASSED] - setText: Text 'test@liferay.com' is set on object 'Object Repository/Final Object Repo/Login Page/Internal User/Email Address'

2018-12-05 15:42:55 - [MESSAGE][PASSED] - Text 'test@liferay.com' is set on object 'Object Repository/Final Object Repo/Login Page/Internal User/Email Address'

2018-12-05 15:42:55 - [TEST_STEP][PASSED] - click: Object: 'Object Repository/Final Object Repo/Login Page/Internal User/Next Button' is clicked on

2018-12-05 15:42:55 - [MESSAGE][PASSED] - Object: 'Object Repository/Final Object Repo/Login Page/Internal User/Next Button' is clicked on

2018-12-05 15:42:55 - [TEST_STEP][PASSED] - delay: Delayed 2 second(s)

2018-12-05 15:42:57 - [MESSAGE][PASSED] - Delayed 2 second(s)

2018-12-05 15:42:57 - [TEST_STEP][PASSED] - setText: Text 'test' is set on object 'Object Repository/Final Object Repo/Login Page/Internal User/Password'

2018-12-05 15:42:57 - [MESSAGE][PASSED] - Text 'test' is set on object 'Object Repository/Final Object Repo/Login Page/Internal User/Password'

2018-12-05 15:42:57 - [TEST_STEP][PASSED] - delay: Delayed 2 second(s)

2018-12-05 15:42:59 - [MESSAGE][PASSED] - Delayed 2 second(s)

2018-12-05 15:42:59 - [TEST_STEP][PASSED] - click: Object: 'Object Repository/Final Object Repo/Login Page/Internal User/Login Button' is clicked on

2018-12-05 15:42:59 - [MESSAGE][PASSED] - Object: 'Object Repository/Final Object Repo/Login Page/Internal User/Login Button' is clicked on

2018-12-05 15:42:59 - [TEST_STEP][PASSED] - Statement - tester = com.kms.katalon.core.testobject.ObjectRepository.findTestObject(Final Object Repo/Landing Page/Select to English): Finding Test Object with id 'Object Repository/Final Object Repo/Landing Page/Select to English'

2018-12-05 15:42:59 - [TEST_STEP][PASSED] - Statement - Try: Delayed 2 second(s)

2018-12-05 15:42:59 - [TEST_STEP][PASSED] - Statement - Checker = com.kms.katalon.core.webui.keyword.WebUiBuiltInKeywords.verifyElementNotPresent(tester, 3): Web element with id: 'Object Repository/Final Object Repo/Landing Page/Select to English' located by 'By.xpath: //a[@class = 'taglib-language-list-text' and @lang = 'en-US' and (contains(text(), 'EN') or contains(., 'EN'))]' is not present after '3' second(s)

2018-12-05 15:43:01 - [MESSAGE][PASSED] - Web element with id: 'Object Repository/Final Object Repo/Landing Page/Select to English' located by 'By.xpath: //a[@class = 'taglib-language-list-text' and @lang = 'en-US' and (contains(text(), 'EN') or contains(., 'EN'))]' is not present after '3' second(s)

2018-12-05 15:43:01 - [TEST_STEP][PASSED] - Statement - If (Checker == false): null

2018-12-05 15:43:01 - [TEST_STEP][PASSED] - delay: Delayed 2 second(s)

2018-12-05 15:43:03 - [MESSAGE][PASSED] - Delayed 2 second(s)

2018-12-05 15:43:03 - [TEST_STEP][PASSED] - delay: Delayed 5 second(s)

2018-12-05 15:43:08 - [MESSAGE][PASSED] - Delayed 5 second(s)

2018-12-05 15:43:08 - [TEST_STEP][PASSED] - mouseOver: Object: 'Object Repository/Final Object Repo/Landing Page/WorkFlow Menu' is hovered

2018-12-05 15:43:09 - [MESSAGE][PASSED] - Object: 'Object Repository/Final Object Repo/Landing Page/WorkFlow Menu' is hovered

2018-12-05 15:43:09 - [TEST_STEP][PASSED] - delay: Delayed 2 second(s)

2018-12-05 15:43:11 - [MESSAGE][PASSED] - Delayed 2 second(s)

2018-12-05 15:43:11 - [TEST_STEP][PASSED] - click: Object: 'Object Repository/Final Object Repo/Landing Page/Select to Workflow Listing' is clicked on

2018-12-05 15:43:12 - [MESSAGE][PASSED] - Object: 'Object Repository/Final Object Repo/Landing Page/Select to Workflow Listing' is clicked on

2018-12-05 15:43:12 - [TEST_STEP][PASSED] - delay: Delayed 2 second(s)

2018-12-05 15:43:14 - [MESSAGE][PASSED] - Delayed 2 second(s)

2018-12-05 15:43:14 - [TEST_STEP][PASSED] - click: Object: 'Object Repository/Final Object Repo/WorkFlow Listing Page/Search Information - To Put Ref No' is clicked on

2018-12-05 15:43:14 - [MESSAGE][PASSED] - Object: 'Object Repository/Final Object Repo/WorkFlow Listing Page/Search Information - To Put Ref No' is clicked on

2018-12-05 15:43:14 - [TEST_STEP][PASSED] - delay: Delayed 2 second(s)

2018-12-05 15:43:16 - [MESSAGE][PASSED] - Delayed 2 second(s)

2018-12-05 15:43:16 - [TEST_STEP][PASSED] - callTestCase: Call Test Case 'Test Cases/Final Aug 2018 - PKS Automation/Common/Reference Number Getter' successfully

2018-12-05 15:43:16 - [TEST_CASE][PASSED] - Test Cases/Final Aug 2018 - PKS Automation/Common/Reference Number Getter: Test Cases/Final Aug 2018 - PKS Automation/Common/Reference Number Getter

2018-12-05 15:43:16 - [TEST_STEP][PASSED] - Statement - Try: null

2018-12-05 15:43:16 - [TEST_STEP][PASSED] - Statement - RefNo = new java.io.File(C://Users//Admin//Desktop//PKS//Automation Reference Point//KatalonReference.txt): null

2018-12-05 15:43:16 - [TEST_STEP][PASSED] - Statement - bufferread = new java.io.BufferedReader(new java.io.FileReader(RefNo)): null

2018-12-05 15:43:16 - [TEST_STEP][PASSED] - Statement - readedVal = bufferread.readLine(): null

2018-12-05 15:43:16 - [TEST_STEP][PASSED] - Statement - out.println(CaseReferenceNo): null

2018-12-05 15:43:16 - [TEST_STEP][PASSED] - Statement - out.println(readedVal): null

2018-12-05 15:43:16 - [TEST_STEP][PASSED] - Statement - CaseReferenceNo = "": null

2018-12-05 15:43:16 - [TEST_STEP][PASSED] - Statement - CaseReferenceNo = readedVal: null

2018-12-05 15:43:16 - [MESSAGE][PASSED] - Call Test Case 'Test Cases/Final Aug 2018 - PKS Automation/Common/Reference Number Getter' successfully

2018-12-05 15:43:16 - [TEST_STEP][PASSED] - setText: Text 'SSN12201800001156' is set on object 'Object Repository/Final Object Repo/WorkFlow Listing Page/Ref No Set Text'

2018-12-05 15:43:17 - [MESSAGE][PASSED] - Text 'SSN12201800001156' is set on object 'Object Repository/Final Object Repo/WorkFlow Listing Page/Ref No Set Text'

2018-12-05 15:43:17 - [TEST_STEP][PASSED] - delay: Delayed 2 second(s)

2018-12-05 15:43:19 - [MESSAGE][PASSED] - Delayed 2 second(s)

2018-12-05 15:43:19 - [TEST_STEP][PASSED] - click: Object: 'Object Repository/Final Object Repo/WorkFlow Listing Page/Search Ref No Search Button' is clicked on

2018-12-05 15:43:19 - [MESSAGE][PASSED] - Object: 'Object Repository/Final Object Repo/WorkFlow Listing Page/Search Ref No Search Button' is clicked on

2018-12-05 15:43:19 - [TEST_STEP][PASSED] - delay: Delayed 6 second(s)

2018-12-05 15:43:25 - [MESSAGE][PASSED] - Delayed 6 second(s)

2018-12-05 15:43:25 - [TEST_STEP][PASSED] - click: Object: 'Object Repository/Final Object Repo/WorkFlow Listing Page/Click Continue Tooltip' is clicked on

2018-12-05 15:43:26 - [MESSAGE][PASSED] - Object: 'Object Repository/Final Object Repo/WorkFlow Listing Page/Click Continue Tooltip' is clicked on

2018-12-05 15:43:26 - [TEST_STEP][PASSED] - delay: Delayed 5 second(s)

2018-12-05 15:43:31 - [MESSAGE][PASSED] - Delayed 5 second(s)

2018-12-05 15:43:31 - [TEST_STEP][PASSED] - doubleClick: Object: 'Object Repository/Final Object Repo/WorkFlow Listing Page/Workflow Found - Listing 1' is double clicked on

2018-12-05 15:43:31 - [MESSAGE][PASSED] - Object: 'Object Repository/Final Object Repo/WorkFlow Listing Page/Workflow Found - Listing 1' is double clicked on

2018-12-05 15:43:31 - [TEST_STEP][PASSED] - Statement - println(OwnerID): null

2018-12-05 15:43:31 - [TEST_STEP][PASSED] - Statement - OwnerID = com.kms.katalon.core.webui.keyword.WebUiBuiltInKeywords.getText(com.kms.katalon.core.testobject.ObjectRepository.findTestObject(Final Object Repo/WorkFlow Listing Page/Workflow Found - Listing 1), STOP_ON_FAILURE): Text of object 'Object Repository/Final Object Repo/WorkFlow Listing Page/Workflow Found - Listing 1' is: 'JOHORrio2'

2018-12-05 15:43:31 - [MESSAGE][PASSED] - Text of object 'Object Repository/Final Object Repo/WorkFlow Listing Page/Workflow Found - Listing 1' is: 'JOHORrio2'

2018-12-05 15:43:31 - [TEST_STEP][PASSED] - Statement - OwnerID = OwnerID.toLowerCase() + "@gmail.com": null

2018-12-05 15:43:31 - [TEST_STEP][PASSED] - Statement - println(OwnerID): null

2018-12-05 15:43:31 - [TEST_STEP][PASSED] - delay: Delayed 2 second(s)

2018-12-05 15:43:33 - [MESSAGE][PASSED] - Delayed 2 second(s)

2018-12-05 15:43:33 - [MESSAGE][PASSED] - Call Test Case 'Test Cases/Final Aug 2018 - PKS Automation/Common/Workflow Owner Finder' successfully

2018-12-05 15:43:33 - [TEST_STEP][PASSED] - delay: Delayed 2 second(s)

2018-12-05 15:43:35 - [MESSAGE][PASSED] - Delayed 2 second(s)

2018-12-05 15:43:35 - [TEST_STEP][PASSED] - navigateToUrl: Navigate to 'https://assist2-uat.perkeso.gov.my/c/portal/logout' successfully

2018-12-05 15:43:36 - [MESSAGE][PASSED] - Navigate to 'https://assist2-uat.perkeso.gov.my/c/portal/logout' successfully

2018-12-05 15:43:36 - [TEST_STEP][PASSED] - delay: Delayed 2 second(s)

2018-12-05 15:43:38 - [MESSAGE][PASSED] - Delayed 2 second(s)

2018-12-05 15:43:38 - [TEST_STEP][PASSED] - callTestCase: Call Test Case 'Test Cases/Final Aug 2018 - PKS Automation/Registration Module/Workflow/Login and Search Case For Workflow' successfully

2018-12-05 15:43:38 - [TEST_CASE][PASSED] - Test Cases/Final Aug 2018 - PKS Automation/Registration Module/Workflow/Login and Search Case For Workflow: Test Cases/Final Aug 2018 - PKS Automation/Registration Module/Workflow/Login and Search Case For Workflow

2018-12-05 15:43:38 - [TEST_STEP][PASSED] - navigateToUrl: Navigate to 'https://assist2-uat.perkeso.gov.my/login' successfully

2018-12-05 15:43:39 - [MESSAGE][PASSED] - Navigate to 'https://assist2-uat.perkeso.gov.my/login' successfully

2018-12-05 15:43:39 - [TEST_STEP][PASSED] - setText: Text 'johorrio2@gmail.com' is set on object 'Object Repository/Final Object Repo/Login Page/Internal User/Email Address'

2018-12-05 15:43:39 - [MESSAGE][PASSED] - Text 'johorrio2@gmail.com' is set on object 'Object Repository/Final Object Repo/Login Page/Internal User/Email Address'

2018-12-05 15:43:39 - [TEST_STEP][PASSED] - click: Object: 'Object Repository/Final Object Repo/Login Page/Internal User/Next Button' is clicked on

2018-12-05 15:43:39 - [MESSAGE][PASSED] - Object: 'Object Repository/Final Object Repo/Login Page/Internal User/Next Button' is clicked on

2018-12-05 15:43:39 - [TEST_STEP][PASSED] - delay: Delayed 1 second(s)

2018-12-05 15:43:40 - [MESSAGE][PASSED] - Delayed 1 second(s)

2018-12-05 15:43:40 - [TEST_STEP][PASSED] - setEncryptedText: Text ****** has been set on object 'Object Repository/Final Object Repo/Login Page/Internal User/Password'

2018-12-05 15:43:41 - [MESSAGE][PASSED] - Text ****** has been set on object 'Object Repository/Final Object Repo/Login Page/Internal User/Password'

2018-12-05 15:43:41 - [TEST_STEP][PASSED] - click: Object: 'Object Repository/Final Object Repo/Login Page/Internal User/Login Button' is clicked on

2018-12-05 15:43:41 - [MESSAGE][PASSED] - Object: 'Object Repository/Final Object Repo/Login Page/Internal User/Login Button' is clicked on

2018-12-05 15:43:41 - [TEST_STEP][PASSED] - delay: Delayed 2 second(s)

2018-12-05 15:43:43 - [MESSAGE][PASSED] - Delayed 2 second(s)

2018-12-05 15:43:43 - [TEST_STEP][PASSED] - Statement - Try: Delayed 2 second(s)

2018-12-05 15:43:43 - [TEST_STEP][PASSED] - Statement - Checker = false: null

2018-12-05 15:43:43 - [TEST_STEP][PASSED] - Statement - Checker = com.kms.katalon.core.webui.keyword.WebUiBuiltInKeywords.verifyElementHasAttribute(com.kms.katalon.core.testobject.ObjectRepository.findTestObject(Final Object Repo/Landing Page/BM Detecting), "href", 20, OPTIONAL): Object 'Object Repository/Final Object Repo/Landing Page/BM Detecting' has attribute 'href'

2018-12-05 15:43:43 - [MESSAGE][PASSED] - Object 'Object Repository/Final Object Repo/Landing Page/BM Detecting' has attribute 'href'

2018-12-05 15:43:43 - [TEST_STEP][PASSED] - Statement - out.println(Checker): null

2018-12-05 15:43:43 - [TEST_STEP][PASSED] - Statement - If (Checker == false): null

2018-12-05 15:43:43 - [TEST_STEP][PASSED] - Statement - Else: null

2018-12-05 15:43:43 - [TEST_STEP][PASSED] - delay: Delayed 2 second(s)

2018-12-05 15:43:45 - [MESSAGE][PASSED] - Delayed 2 second(s)

2018-12-05 15:43:45 - [TEST_STEP][PASSED] - click: Object: 'Object Repository/Final Object Repo/Page_MyASSIST - ASSIST - Search Pending Case For Add Supporting Document/Search Information' is clicked on

2018-12-05 15:43:45 - [MESSAGE][PASSED] - Object: 'Object Repository/Final Object Repo/Page_MyASSIST - ASSIST - Search Pending Case For Add Supporting Document/Search Information' is clicked on

2018-12-05 15:43:45 - [TEST_STEP][PASSED] - delay: Delayed 3 second(s)

2018-12-05 15:43:48 - [MESSAGE][PASSED] - Delayed 3 second(s)

2018-12-05 15:43:48 - [TEST_STEP][PASSED] - sendKeys: Keys 'SSN12201800001156' sent to object: 'Object Repository/Final Object Repo/Page_MyASSIST - ASSIST - Search Pending Case For Add Supporting Document/Reference No'

2018-12-05 15:43:48 - [MESSAGE][PASSED] - Keys 'SSN12201800001156' sent to object: 'Object Repository/Final Object Repo/Page_MyASSIST - ASSIST - Search Pending Case For Add Supporting Document/Reference No'

2018-12-05 15:43:48 - [TEST_STEP][PASSED] - click: Object: 'Object Repository/Final Object Repo/Page_MyASSIST - ASSIST - Search Pending Case For Add Supporting Document/Search Reference No' is clicked on

2018-12-05 15:43:48 - [MESSAGE][PASSED] - Object: 'Object Repository/Final Object Repo/Page_MyASSIST - ASSIST - Search Pending Case For Add Supporting Document/Search Reference No' is clicked on

2018-12-05 15:43:48 - [TEST_STEP][PASSED] - delay: Delayed 2 second(s)

2018-12-05 15:43:50 - [MESSAGE][PASSED] - Delayed 2 second(s)

2018-12-05 15:43:50 - [TEST_STEP][PASSED] - click: Object: 'Object Repository/Final Object Repo/Page_MyASSIST - ASSIST - Search Pending Case For Add Supporting Document/Continue' is clicked on

2018-12-05 15:43:58 - [MESSAGE][PASSED] - Object: 'Object Repository/Final Object Repo/Page_MyASSIST - ASSIST - Search Pending Case For Add Supporting Document/Continue' is clicked on

2018-12-05 15:43:58 - [TEST_STEP][PASSED] - delay: Delayed 20 second(s)

2018-12-05 15:44:18 - [MESSAGE][PASSED] - Delayed 20 second(s)

2018-12-05 15:44:18 - [MESSAGE][PASSED] - Call Test Case 'Test Cases/Final Aug 2018 - PKS Automation/Registration Module/Workflow/Login and Search Case For Workflow' successfully

2018-12-05 15:44:18 - [TEST_STEP][PASSED] - callTestCase: Call Test Case 'Test Cases/Final Aug 2018 - PKS Automation/Registration Module/Workflow/Request SSN/Template/Request SSN - RIO' successfully

2018-12-05 15:44:18 - [TEST_CASE][PASSED] - Test Cases/Final Aug 2018 - PKS Automation/Registration Module/Workflow/Request SSN/Template/Request SSN - RIO: Test Cases/Final Aug 2018 - PKS Automation/Registration Module/Workflow/Request SSN/Template/Request SSN - RIO

2018-12-05 15:44:18 - [TEST_STEP][NOT_RUN] - openBrowser: NOT_RUN: openBrowser

2018-12-05 15:44:18 - [MESSAGE][NOT_RUN] - NOT_RUN: openBrowser

2018-12-05 15:44:18 - [TEST_STEP][NOT_RUN] - navigateToUrl: NOT_RUN: navigateToUrl

2018-12-05 15:44:18 - [MESSAGE][NOT_RUN] - NOT_RUN: navigateToUrl

2018-12-05 15:44:18 - [TEST_STEP][NOT_RUN] - setText: NOT_RUN: setText

2018-12-05 15:44:18 - [MESSAGE][NOT_RUN] - NOT_RUN: setText

2018-12-05 15:44:18 - [TEST_STEP][NOT_RUN] - click: NOT_RUN: click

2018-12-05 15:44:18 - [MESSAGE][NOT_RUN] - NOT_RUN: click

2018-12-05 15:44:18 - [TEST_STEP][NOT_RUN] - delay: NOT_RUN: delay

2018-12-05 15:44:18 - [MESSAGE][NOT_RUN] - NOT_RUN: delay

2018-12-05 15:44:18 - [TEST_STEP][NOT_RUN] - setEncryptedText: NOT_RUN: setEncryptedText

2018-12-05 15:44:18 - [MESSAGE][NOT_RUN] - NOT_RUN: setEncryptedText

2018-12-05 15:44:18 - [TEST_STEP][NOT_RUN] - click: NOT_RUN: click

2018-12-05 15:44:18 - [MESSAGE][NOT_RUN] - NOT_RUN: click

2018-12-05 15:44:18 - [TEST_STEP][NOT_RUN] - delay: NOT_RUN: delay

2018-12-05 15:44:18 - [MESSAGE][NOT_RUN] - NOT_RUN: delay

2018-12-05 15:44:18 - [TEST_STEP][NOT_RUN] - click: NOT_RUN: click

2018-12-05 15:44:18 - [MESSAGE][NOT_RUN] - NOT_RUN: click

2018-12-05 15:44:18 - [TEST_STEP][NOT_RUN] - sendKeys: NOT_RUN: sendKeys

2018-12-05 15:44:18 - [MESSAGE][NOT_RUN] - NOT_RUN: sendKeys

2018-12-05 15:44:18 - [TEST_STEP][NOT_RUN] - click: NOT_RUN: click

2018-12-05 15:44:18 - [MESSAGE][NOT_RUN] - NOT_RUN: click

2018-12-05 15:44:18 - [TEST_STEP][NOT_RUN] - delay: NOT_RUN: delay

2018-12-05 15:44:18 - [MESSAGE][NOT_RUN] - NOT_RUN: delay

2018-12-05 15:44:18 - [TEST_STEP][NOT_RUN] - click: NOT_RUN: click

2018-12-05 15:44:18 - [MESSAGE][NOT_RUN] - NOT_RUN: click

2018-12-05 15:44:18 - [TEST_STEP][PASSED] - click: Object: 'Object Repository/Final Object Repo/Page_Request SSN - ASSIST/Page_Request SSN - ASSIST - RIO/Recommend For SSN' is clicked on

2018-12-05 15:44:18 - [MESSAGE][PASSED] - Object: 'Object Repository/Final Object Repo/Page_Request SSN - ASSIST/Page_Request SSN - ASSIST - RIO/Recommend For SSN' is clicked on

2018-12-05 15:44:18 - [TEST_STEP][PASSED] - click: Object: 'Object Repository/Final Object Repo/Page_Request SSN - ASSIST/Page_Request SSN - ASSIST - RIO/Recommend For SSN  - Yes' is clicked on

2018-12-05 15:44:19 - [MESSAGE][PASSED] - Object: 'Object Repository/Final Object Repo/Page_Request SSN - ASSIST/Page_Request SSN - ASSIST - RIO/Recommend For SSN  - Yes' is clicked on

2018-12-05 15:44:19 - [TEST_STEP][PASSED] - delay: Delayed 2 second(s)

2018-12-05 15:44:21 - [MESSAGE][PASSED] - Delayed 2 second(s)

2018-12-05 15:44:21 - [TEST_STEP][PASSED] - click: Object: 'Object Repository/Final Object Repo/Page_Request SSN - ASSIST/Page_Request SSN - ASSIST - RIO/Save  Continue in SSN page' is clicked on

2018-12-05 15:44:21 - [MESSAGE][PASSED] - Object: 'Object Repository/Final Object Repo/Page_Request SSN - ASSIST/Page_Request SSN - ASSIST - RIO/Save  Continue in SSN page' is clicked on

2018-12-05 15:44:21 - [TEST_STEP][PASSED] - delay: Delayed 2 second(s)

2018-12-05 15:44:23 - [MESSAGE][PASSED] - Delayed 2 second(s)

2018-12-05 15:44:23 - [TEST_STEP][PASSED] - click: Object: 'Object Repository/Final Object Repo/Page_Request SSN - ASSIST/Page_Request SSN - ASSIST - RIO/Save  Continue in Upload Document Page' is clicked on

2018-12-05 15:44:26 - [MESSAGE][PASSED] - Object: 'Object Repository/Final Object Repo/Page_Request SSN - ASSIST/Page_Request SSN - ASSIST - RIO/Save  Continue in Upload Document Page' is clicked on

2018-12-05 15:44:26 - [TEST_STEP][PASSED] - delay: Delayed 2 second(s)

2018-12-05 15:44:28 - [MESSAGE][PASSED] - Delayed 2 second(s)

2018-12-05 15:44:28 - [TEST_STEP][PASSED] - click: Object: 'Object Repository/Final Object Repo/Page_Request SSN - ASSIST/Page_Request SSN - ASSIST - RIO/Submit' is clicked on

2018-12-05 15:44:30 - [MESSAGE][PASSED] - Object: 'Object Repository/Final Object Repo/Page_Request SSN - ASSIST/Page_Request SSN - ASSIST - RIO/Submit' is clicked on

2018-12-05 15:44:30 - [TEST_STEP][PASSED] - delay: Delayed 2 second(s)

2018-12-05 15:44:32 - [MESSAGE][PASSED] - Delayed 2 second(s)

2018-12-05 15:44:32 - [TEST_STEP][PASSED] - click: Object: 'Object Repository/Final Object Repo/Page_Request SSN - ASSIST/Page_Request SSN - ASSIST - RIO/Confirm' is clicked on

2018-12-05 15:44:32 - [MESSAGE][PASSED] - Object: 'Object Repository/Final Object Repo/Page_Request SSN - ASSIST/Page_Request SSN - ASSIST - RIO/Confirm' is clicked on

2018-12-05 15:44:32 - [MESSAGE][PASSED] - Call Test Case 'Test Cases/Final Aug 2018 - PKS Automation/Registration Module/Workflow/Request SSN/Template/Request SSN - RIO' successfully

2018-12-05 15:44:32 - [TEST_STEP][PASSED] - delay: Delayed 2 second(s)

2018-12-05 15:44:34 - [MESSAGE][PASSED] - Delayed 2 second(s)

2018-12-05 15:44:34 - [TEST_STEP][PASSED] - navigateToUrl: Navigate to 'https://assist2-uat.perkeso.gov.my/c/portal/logout' successfully

2018-12-05 15:44:39 - [MESSAGE][PASSED] - Navigate to 'https://assist2-uat.perkeso.gov.my/c/portal/logout' successfully

2018-12-05 15:44:39 - [TEST_STEP][PASSED] - delay: Delayed 2 second(s)

2018-12-05 15:44:41 - [MESSAGE][PASSED] - Delayed 2 second(s)

2018-12-05 15:44:41 - [TEST_STEP][PASSED] - callTestCase: Call Test Case 'Test Cases/Final Aug 2018 - PKS Automation/Common/Workflow Owner Finder' successfully

2018-12-05 15:44:41 - [TEST_CASE][PASSED] - Test Cases/Final Aug 2018 - PKS Automation/Common/Workflow Owner Finder: Test Cases/Final Aug 2018 - PKS Automation/Common/Workflow Owner Finder

2018-12-05 15:44:41 - [TEST_STEP][PASSED] - openBrowser: Browser is opened with url: ''

2018-12-05 15:44:41 - [MESSAGE][WARNING] - A browser is already opened. Closing browser and opening a new one

2018-12-05 15:44:44 - [MESSAGE][PASSED] - Browser is opened with url: ''

2018-12-05 15:44:44 - [TEST_STEP][PASSED] - navigateToUrl: Navigate to 'https://assist2-uat.perkeso.gov.my/login' successfully

2018-12-05 15:44:45 - [MESSAGE][PASSED] - Navigate to 'https://assist2-uat.perkeso.gov.my/login' successfully

2018-12-05 15:44:45 - [TEST_STEP][PASSED] - delay: Delayed 5 second(s)

2018-12-05 15:44:50 - [MESSAGE][PASSED] - Delayed 5 second(s)

2018-12-05 15:44:50 - [TEST_STEP][PASSED] - setText: Text 'test@liferay.com' is set on object 'Object Repository/Final Object Repo/Login Page/Internal User/Email Address'

2018-12-05 15:44:50 - [MESSAGE][PASSED] - Text 'test@liferay.com' is set on object 'Object Repository/Final Object Repo/Login Page/Internal User/Email Address'

2018-12-05 15:44:50 - [TEST_STEP][PASSED] - click: Object: 'Object Repository/Final Object Repo/Login Page/Internal User/Next Button' is clicked on

2018-12-05 15:44:51 - [MESSAGE][PASSED] - Object: 'Object Repository/Final Object Repo/Login Page/Internal User/Next Button' is clicked on

2018-12-05 15:44:51 - [TEST_STEP][PASSED] - delay: Delayed 2 second(s)

2018-12-05 15:44:53 - [MESSAGE][PASSED] - Delayed 2 second(s)

2018-12-05 15:44:53 - [TEST_STEP][PASSED] - setText: Text 'test' is set on object 'Object Repository/Final Object Repo/Login Page/Internal User/Password'

2018-12-05 15:44:53 - [MESSAGE][PASSED] - Text 'test' is set on object 'Object Repository/Final Object Repo/Login Page/Internal User/Password'

2018-12-05 15:44:53 - [TEST_STEP][PASSED] - delay: Delayed 2 second(s)

2018-12-05 15:44:55 - [MESSAGE][PASSED] - Delayed 2 second(s)

2018-12-05 15:44:55 - [TEST_STEP][PASSED] - click: Object: 'Object Repository/Final Object Repo/Login Page/Internal User/Login Button' is clicked on

2018-12-05 15:44:55 - [MESSAGE][PASSED] - Object: 'Object Repository/Final Object Repo/Login Page/Internal User/Login Button' is clicked on

2018-12-05 15:44:55 - [TEST_STEP][PASSED] - Statement - tester = com.kms.katalon.core.testobject.ObjectRepository.findTestObject(Final Object Repo/Landing Page/Select to English): Finding Test Object with id 'Object Repository/Final Object Repo/Landing Page/Select to English'

2018-12-05 15:44:55 - [TEST_STEP][PASSED] - Statement - Try: Delayed 2 second(s)

2018-12-05 15:44:55 - [TEST_STEP][PASSED] - Statement - Checker = com.kms.katalon.core.webui.keyword.WebUiBuiltInKeywords.verifyElementNotPresent(tester, 3): Web element with id: 'Object Repository/Final Object Repo/Landing Page/Select to English' located by 'By.xpath: //a[@class = 'taglib-language-list-text' and @lang = 'en-US' and (contains(text(), 'EN') or contains(., 'EN'))]' is not present after '3' second(s)

2018-12-05 15:44:57 - [MESSAGE][PASSED] - Web element with id: 'Object Repository/Final Object Repo/Landing Page/Select to English' located by 'By.xpath: //a[@class = 'taglib-language-list-text' and @lang = 'en-US' and (contains(text(), 'EN') or contains(., 'EN'))]' is not present after '3' second(s)

2018-12-05 15:44:57 - [TEST_STEP][PASSED] - Statement - If (Checker == false): null

2018-12-05 15:44:57 - [TEST_STEP][PASSED] - delay: Delayed 2 second(s)

2018-12-05 15:44:59 - [MESSAGE][PASSED] - Delayed 2 second(s)

2018-12-05 15:44:59 - [TEST_STEP][PASSED] - delay: Delayed 5 second(s)

2018-12-05 15:45:04 - [MESSAGE][PASSED] - Delayed 5 second(s)

2018-12-05 15:45:04 - [TEST_STEP][PASSED] - mouseOver: Object: 'Object Repository/Final Object Repo/Landing Page/WorkFlow Menu' is hovered

2018-12-05 15:45:04 - [MESSAGE][PASSED] - Object: 'Object Repository/Final Object Repo/Landing Page/WorkFlow Menu' is hovered

2018-12-05 15:45:04 - [TEST_STEP][PASSED] - delay: Delayed 2 second(s)

2018-12-05 15:45:06 - [MESSAGE][PASSED] - Delayed 2 second(s)

2018-12-05 15:45:06 - [TEST_STEP][PASSED] - click: Object: 'Object Repository/Final Object Repo/Landing Page/Select to Workflow Listing' is clicked on

2018-12-05 15:45:08 - [MESSAGE][PASSED] - Object: 'Object Repository/Final Object Repo/Landing Page/Select to Workflow Listing' is clicked on

2018-12-05 15:45:08 - [TEST_STEP][PASSED] - delay: Delayed 2 second(s)

2018-12-05 15:45:10 - [MESSAGE][PASSED] - Delayed 2 second(s)

2018-12-05 15:45:10 - [TEST_STEP][PASSED] - click: Object: 'Object Repository/Final Object Repo/WorkFlow Listing Page/Search Information - To Put Ref No' is clicked on

2018-12-05 15:45:10 - [MESSAGE][PASSED] - Object: 'Object Repository/Final Object Repo/WorkFlow Listing Page/Search Information - To Put Ref No' is clicked on

2018-12-05 15:45:10 - [TEST_STEP][PASSED] - delay: Delayed 2 second(s)

2018-12-05 15:45:12 - [MESSAGE][PASSED] - Delayed 2 second(s)

2018-12-05 15:45:12 - [TEST_STEP][PASSED] - callTestCase: Call Test Case 'Test Cases/Final Aug 2018 - PKS Automation/Common/Reference Number Getter' successfully

2018-12-05 15:45:12 - [TEST_CASE][PASSED] - Test Cases/Final Aug 2018 - PKS Automation/Common/Reference Number Getter: Test Cases/Final Aug 2018 - PKS Automation/Common/Reference Number Getter

2018-12-05 15:45:12 - [TEST_STEP][PASSED] - Statement - Try: null

2018-12-05 15:45:12 - [TEST_STEP][PASSED] - Statement - RefNo = new java.io.File(C://Users//Admin//Desktop//PKS//Automation Reference Point//KatalonReference.txt): null

2018-12-05 15:45:12 - [TEST_STEP][PASSED] - Statement - bufferread = new java.io.BufferedReader(new java.io.FileReader(RefNo)): null

2018-12-05 15:45:12 - [TEST_STEP][PASSED] - Statement - readedVal = bufferread.readLine(): null

2018-12-05 15:45:12 - [TEST_STEP][PASSED] - Statement - out.println(CaseReferenceNo): null

2018-12-05 15:45:12 - [TEST_STEP][PASSED] - Statement - out.println(readedVal): null

2018-12-05 15:45:12 - [TEST_STEP][PASSED] - Statement - CaseReferenceNo = "": null

2018-12-05 15:45:12 - [TEST_STEP][PASSED] - Statement - CaseReferenceNo = readedVal: null

2018-12-05 15:45:12 - [MESSAGE][PASSED] - Call Test Case 'Test Cases/Final Aug 2018 - PKS Automation/Common/Reference Number Getter' successfully

2018-12-05 15:45:12 - [TEST_STEP][PASSED] - setText: Text 'SSN12201800001156' is set on object 'Object Repository/Final Object Repo/WorkFlow Listing Page/Ref No Set Text'

2018-12-05 15:45:12 - [MESSAGE][PASSED] - Text 'SSN12201800001156' is set on object 'Object Repository/Final Object Repo/WorkFlow Listing Page/Ref No Set Text'

2018-12-05 15:45:12 - [TEST_STEP][PASSED] - delay: Delayed 2 second(s)

2018-12-05 15:45:14 - [MESSAGE][PASSED] - Delayed 2 second(s)

2018-12-05 15:45:14 - [TEST_STEP][PASSED] - click: Object: 'Object Repository/Final Object Repo/WorkFlow Listing Page/Search Ref No Search Button' is clicked on

2018-12-05 15:45:14 - [MESSAGE][PASSED] - Object: 'Object Repository/Final Object Repo/WorkFlow Listing Page/Search Ref No Search Button' is clicked on

2018-12-05 15:45:14 - [TEST_STEP][PASSED] - delay: Delayed 6 second(s)

2018-12-05 15:45:20 - [MESSAGE][PASSED] - Delayed 6 second(s)

2018-12-05 15:45:20 - [TEST_STEP][PASSED] - click: Object: 'Object Repository/Final Object Repo/WorkFlow Listing Page/Click Continue Tooltip' is clicked on

2018-12-05 15:45:21 - [MESSAGE][PASSED] - Object: 'Object Repository/Final Object Repo/WorkFlow Listing Page/Click Continue Tooltip' is clicked on

2018-12-05 15:45:21 - [TEST_STEP][PASSED] - delay: Delayed 5 second(s)

2018-12-05 15:45:26 - [MESSAGE][PASSED] - Delayed 5 second(s)

2018-12-05 15:45:26 - [TEST_STEP][PASSED] - doubleClick: Object: 'Object Repository/Final Object Repo/WorkFlow Listing Page/Workflow Found - Listing 1' is double clicked on

2018-12-05 15:45:27 - [MESSAGE][PASSED] - Object: 'Object Repository/Final Object Repo/WorkFlow Listing Page/Workflow Found - Listing 1' is double clicked on

2018-12-05 15:45:27 - [TEST_STEP][PASSED] - Statement - println(OwnerID): null

2018-12-05 15:45:27 - [TEST_STEP][PASSED] - Statement - OwnerID = com.kms.katalon.core.webui.keyword.WebUiBuiltInKeywords.getText(com.kms.katalon.core.testobject.ObjectRepository.findTestObject(Final Object Repo/WorkFlow Listing Page/Workflow Found - Listing 1), STOP_ON_FAILURE): Text of object 'Object Repository/Final Object Repo/WorkFlow Listing Page/Workflow Found - Listing 1' is: 'JOHORro1'

2018-12-05 15:45:27 - [MESSAGE][PASSED] - Text of object 'Object Repository/Final Object Repo/WorkFlow Listing Page/Workflow Found - Listing 1' is: 'JOHORro1'

2018-12-05 15:45:27 - [TEST_STEP][PASSED] - Statement - OwnerID = OwnerID.toLowerCase() + "@gmail.com": null

2018-12-05 15:45:27 - [TEST_STEP][PASSED] - Statement - println(OwnerID): null

2018-12-05 15:45:27 - [TEST_STEP][PASSED] - delay: Delayed 2 second(s)

2018-12-05 15:45:29 - [MESSAGE][PASSED] - Delayed 2 second(s)

2018-12-05 15:45:29 - [MESSAGE][PASSED] - Call Test Case 'Test Cases/Final Aug 2018 - PKS Automation/Common/Workflow Owner Finder' successfully

2018-12-05 15:45:29 - [TEST_STEP][PASSED] - delay: Delayed 2 second(s)

2018-12-05 15:45:31 - [MESSAGE][PASSED] - Delayed 2 second(s)

2018-12-05 15:45:31 - [TEST_STEP][PASSED] - navigateToUrl: Navigate to 'https://assist2-uat.perkeso.gov.my/c/portal/logout' successfully

2018-12-05 15:45:32 - [MESSAGE][PASSED] - Navigate to 'https://assist2-uat.perkeso.gov.my/c/portal/logout' successfully

2018-12-05 15:45:32 - [TEST_STEP][PASSED] - delay: Delayed 2 second(s)

2018-12-05 15:45:34 - [MESSAGE][PASSED] - Delayed 2 second(s)

2018-12-05 15:45:34 - [TEST_STEP][PASSED] - callTestCase: Call Test Case 'Test Cases/Final Aug 2018 - PKS Automation/Registration Module/Workflow/Login and Search Case For Workflow' successfully

2018-12-05 15:45:34 - [TEST_CASE][PASSED] - Test Cases/Final Aug 2018 - PKS Automation/Registration Module/Workflow/Login and Search Case For Workflow: Test Cases/Final Aug 2018 - PKS Automation/Registration Module/Workflow/Login and Search Case For Workflow

2018-12-05 15:45:34 - [TEST_STEP][PASSED] - navigateToUrl: Navigate to 'https://assist2-uat.perkeso.gov.my/login' successfully

2018-12-05 15:45:34 - [MESSAGE][PASSED] - Navigate to 'https://assist2-uat.perkeso.gov.my/login' successfully

2018-12-05 15:45:34 - [TEST_STEP][PASSED] - setText: Text 'johorro1@gmail.com' is set on object 'Object Repository/Final Object Repo/Login Page/Internal User/Email Address'

2018-12-05 15:45:35 - [MESSAGE][PASSED] - Text 'johorro1@gmail.com' is set on object 'Object Repository/Final Object Repo/Login Page/Internal User/Email Address'

2018-12-05 15:45:35 - [TEST_STEP][PASSED] - click: Object: 'Object Repository/Final Object Repo/Login Page/Internal User/Next Button' is clicked on

2018-12-05 15:45:35 - [MESSAGE][PASSED] - Object: 'Object Repository/Final Object Repo/Login Page/Internal User/Next Button' is clicked on

2018-12-05 15:45:35 - [TEST_STEP][PASSED] - delay: Delayed 1 second(s)

2018-12-05 15:45:36 - [MESSAGE][PASSED] - Delayed 1 second(s)

2018-12-05 15:45:36 - [TEST_STEP][PASSED] - setEncryptedText: Text ****** has been set on object 'Object Repository/Final Object Repo/Login Page/Internal User/Password'

2018-12-05 15:45:36 - [MESSAGE][PASSED] - Text ****** has been set on object 'Object Repository/Final Object Repo/Login Page/Internal User/Password'

2018-12-05 15:45:36 - [TEST_STEP][PASSED] - click: Object: 'Object Repository/Final Object Repo/Login Page/Internal User/Login Button' is clicked on

2018-12-05 15:45:36 - [MESSAGE][PASSED] - Object: 'Object Repository/Final Object Repo/Login Page/Internal User/Login Button' is clicked on

2018-12-05 15:45:36 - [TEST_STEP][PASSED] - delay: Delayed 2 second(s)

2018-12-05 15:45:38 - [MESSAGE][PASSED] - Delayed 2 second(s)

2018-12-05 15:45:38 - [TEST_STEP][PASSED] - Statement - Try: Delayed 2 second(s)

2018-12-05 15:45:38 - [TEST_STEP][PASSED] - Statement - Checker = false: null

2018-12-05 15:45:38 - [TEST_STEP][PASSED] - Statement - Checker = com.kms.katalon.core.webui.keyword.WebUiBuiltInKeywords.verifyElementHasAttribute(com.kms.katalon.core.testobject.ObjectRepository.findTestObject(Final Object Repo/Landing Page/BM Detecting), "href", 20, OPTIONAL): Object 'Object Repository/Final Object Repo/Landing Page/BM Detecting' has attribute 'href'

2018-12-05 15:45:38 - [MESSAGE][PASSED] - Object 'Object Repository/Final Object Repo/Landing Page/BM Detecting' has attribute 'href'

2018-12-05 15:45:38 - [TEST_STEP][PASSED] - Statement - out.println(Checker): null

2018-12-05 15:45:38 - [TEST_STEP][PASSED] - Statement - If (Checker == false): null

2018-12-05 15:45:38 - [TEST_STEP][PASSED] - Statement - Else: null

2018-12-05 15:45:38 - [TEST_STEP][PASSED] - delay: Delayed 2 second(s)

2018-12-05 15:45:40 - [MESSAGE][PASSED] - Delayed 2 second(s)

2018-12-05 15:45:40 - [TEST_STEP][PASSED] - click: Object: 'Object Repository/Final Object Repo/Page_MyASSIST - ASSIST - Search Pending Case For Add Supporting Document/Search Information' is clicked on

2018-12-05 15:45:40 - [MESSAGE][PASSED] - Object: 'Object Repository/Final Object Repo/Page_MyASSIST - ASSIST - Search Pending Case For Add Supporting Document/Search Information' is clicked on

2018-12-05 15:45:40 - [TEST_STEP][PASSED] - delay: Delayed 3 second(s)

2018-12-05 15:45:43 - [MESSAGE][PASSED] - Delayed 3 second(s)

2018-12-05 15:45:43 - [TEST_STEP][PASSED] - sendKeys: Keys 'SSN12201800001156' sent to object: 'Object Repository/Final Object Repo/Page_MyASSIST - ASSIST - Search Pending Case For Add Supporting Document/Reference No'

2018-12-05 15:45:44 - [MESSAGE][PASSED] - Keys 'SSN12201800001156' sent to object: 'Object Repository/Final Object Repo/Page_MyASSIST - ASSIST - Search Pending Case For Add Supporting Document/Reference No'

2018-12-05 15:45:44 - [TEST_STEP][PASSED] - click: Object: 'Object Repository/Final Object Repo/Page_MyASSIST - ASSIST - Search Pending Case For Add Supporting Document/Search Reference No' is clicked on

2018-12-05 15:45:44 - [MESSAGE][PASSED] - Object: 'Object Repository/Final Object Repo/Page_MyASSIST - ASSIST - Search Pending Case For Add Supporting Document/Search Reference No' is clicked on

2018-12-05 15:45:44 - [TEST_STEP][PASSED] - delay: Delayed 2 second(s)

2018-12-05 15:45:46 - [MESSAGE][PASSED] - Delayed 2 second(s)

2018-12-05 15:45:46 - [TEST_STEP][PASSED] - click: Object: 'Object Repository/Final Object Repo/Page_MyASSIST - ASSIST - Search Pending Case For Add Supporting Document/Continue' is clicked on

2018-12-05 15:45:53 - [MESSAGE][PASSED] - Object: 'Object Repository/Final Object Repo/Page_MyASSIST - ASSIST - Search Pending Case For Add Supporting Document/Continue' is clicked on

2018-12-05 15:45:53 - [TEST_STEP][PASSED] - delay: Delayed 20 second(s)

2018-12-05 15:46:13 - [MESSAGE][PASSED] - Delayed 20 second(s)

2018-12-05 15:46:13 - [MESSAGE][PASSED] - Call Test Case 'Test Cases/Final Aug 2018 - PKS Automation/Registration Module/Workflow/Login and Search Case For Workflow' successfully

2018-12-05 15:46:13 - [TEST_STEP][PASSED] - callTestCase: Call Test Case 'Test Cases/Final Aug 2018 - PKS Automation/Registration Module/Workflow/Request SSN/Template/Request SSN - RO (Under enforcement)' successfully

2018-12-05 15:46:13 - [TEST_CASE][PASSED] - Test Cases/Final Aug 2018 - PKS Automation/Registration Module/Workflow/Request SSN/Template/Request SSN - RO (Under enforcement): Test Cases/Final Aug 2018 - PKS Automation/Registration Module/Workflow/Request SSN/Template/Request SSN - RO (Under enforcement)

2018-12-05 15:46:13 - [TEST_STEP][NOT_RUN] - openBrowser: NOT_RUN: openBrowser

2018-12-05 15:46:13 - [MESSAGE][NOT_RUN] - NOT_RUN: openBrowser

2018-12-05 15:46:13 - [TEST_STEP][NOT_RUN] - navigateToUrl: NOT_RUN: navigateToUrl

2018-12-05 15:46:13 - [MESSAGE][NOT_RUN] - NOT_RUN: navigateToUrl

2018-12-05 15:46:13 - [TEST_STEP][NOT_RUN] - setText: NOT_RUN: setText

2018-12-05 15:46:13 - [MESSAGE][NOT_RUN] - NOT_RUN: setText

2018-12-05 15:46:13 - [TEST_STEP][NOT_RUN] - click: NOT_RUN: click

2018-12-05 15:46:13 - [MESSAGE][NOT_RUN] - NOT_RUN: click

2018-12-05 15:46:13 - [TEST_STEP][NOT_RUN] - delay: NOT_RUN: delay

2018-12-05 15:46:13 - [MESSAGE][NOT_RUN] - NOT_RUN: delay

2018-12-05 15:46:13 - [TEST_STEP][NOT_RUN] - setEncryptedText: NOT_RUN: setEncryptedText

2018-12-05 15:46:13 - [MESSAGE][NOT_RUN] - NOT_RUN: setEncryptedText

2018-12-05 15:46:13 - [TEST_STEP][NOT_RUN] - click: NOT_RUN: click

2018-12-05 15:46:13 - [MESSAGE][NOT_RUN] - NOT_RUN: click

2018-12-05 15:46:13 - [TEST_STEP][NOT_RUN] - delay: NOT_RUN: delay

2018-12-05 15:46:13 - [MESSAGE][NOT_RUN] - NOT_RUN: delay

2018-12-05 15:46:13 - [TEST_STEP][NOT_RUN] - click: NOT_RUN: click

2018-12-05 15:46:13 - [MESSAGE][NOT_RUN] - NOT_RUN: click

2018-12-05 15:46:13 - [TEST_STEP][NOT_RUN] - delay: NOT_RUN: delay

2018-12-05 15:46:13 - [MESSAGE][NOT_RUN] - NOT_RUN: delay

2018-12-05 15:46:13 - [TEST_STEP][NOT_RUN] - sendKeys: NOT_RUN: sendKeys

2018-12-05 15:46:13 - [MESSAGE][NOT_RUN] - NOT_RUN: sendKeys

2018-12-05 15:46:13 - [TEST_STEP][NOT_RUN] - click: NOT_RUN: click

2018-12-05 15:46:13 - [MESSAGE][NOT_RUN] - NOT_RUN: click

2018-12-05 15:46:13 - [TEST_STEP][NOT_RUN] - delay: NOT_RUN: delay

2018-12-05 15:46:13 - [MESSAGE][NOT_RUN] - NOT_RUN: delay

2018-12-05 15:46:13 - [TEST_STEP][NOT_RUN] - click: NOT_RUN: click

2018-12-05 15:46:13 - [MESSAGE][NOT_RUN] - NOT_RUN: click

2018-12-05 15:46:13 - [TEST_STEP][PASSED] - click: Object: 'Object Repository/Final Object Repo/Page_Request SSN - ASSIST/Page_Request SSN - ASSIST - RO/Approval For SSN' is clicked on

2018-12-05 15:46:13 - [MESSAGE][PASSED] - Object: 'Object Repository/Final Object Repo/Page_Request SSN - ASSIST/Page_Request SSN - ASSIST - RO/Approval For SSN' is clicked on

2018-12-05 15:46:13 - [TEST_STEP][PASSED] - click: Object: 'Object Repository/Final Object Repo/Page_Request SSN - ASSIST/Page_Request SSN - ASSIST - RO/Approval For SSN - Approve' is clicked on

2018-12-05 15:46:14 - [MESSAGE][PASSED] - Object: 'Object Repository/Final Object Repo/Page_Request SSN - ASSIST/Page_Request SSN - ASSIST - RO/Approval For SSN - Approve' is clicked on

2018-12-05 15:46:14 - [TEST_STEP][PASSED] - delay: Delayed 2 second(s)

2018-12-05 15:46:16 - [MESSAGE][PASSED] - Delayed 2 second(s)

2018-12-05 15:46:16 - [TEST_STEP][PASSED] - click: Object: 'Object Repository/Final Object Repo/Page_Request SSN - ASSIST/Page_Request SSN - ASSIST - RO/Save  Continue in SSN Page' is clicked on

2018-12-05 15:46:16 - [MESSAGE][PASSED] - Object: 'Object Repository/Final Object Repo/Page_Request SSN - ASSIST/Page_Request SSN - ASSIST - RO/Save  Continue in SSN Page' is clicked on

2018-12-05 15:46:16 - [TEST_STEP][PASSED] - delay: Delayed 2 second(s)

2018-12-05 15:46:18 - [MESSAGE][PASSED] - Delayed 2 second(s)

2018-12-05 15:46:18 - [TEST_STEP][PASSED] - click: Object: 'Object Repository/Final Object Repo/Page_Request SSN - ASSIST/Page_Request SSN - ASSIST - RO/Save  Continue in Uploading Document Page' is clicked on

2018-12-05 15:46:21 - [MESSAGE][PASSED] - Object: 'Object Repository/Final Object Repo/Page_Request SSN - ASSIST/Page_Request SSN - ASSIST - RO/Save  Continue in Uploading Document Page' is clicked on

2018-12-05 15:46:21 - [TEST_STEP][PASSED] - delay: Delayed 2 second(s)

2018-12-05 15:46:23 - [MESSAGE][PASSED] - Delayed 2 second(s)

2018-12-05 15:46:23 - [TEST_STEP][PASSED] - click: Object: 'Object Repository/Final Object Repo/Page_Request SSN - ASSIST/Page_Request SSN - ASSIST - RO/Page_Request SSN - ASSIST (Under enforcement)/Under Enforcement' is clicked on

2018-12-05 15:46:25 - [MESSAGE][PASSED] - Object: 'Object Repository/Final Object Repo/Page_Request SSN - ASSIST/Page_Request SSN - ASSIST - RO/Page_Request SSN - ASSIST (Under enforcement)/Under Enforcement' is clicked on

2018-12-05 15:46:25 - [TEST_STEP][PASSED] - delay: Delayed 2 second(s)

2018-12-05 15:46:27 - [MESSAGE][PASSED] - Delayed 2 second(s)

2018-12-05 15:46:27 - [TEST_STEP][PASSED] - sendKeys: Keys 'Remark' sent to object: 'Object Repository/Final Object Repo/Page_Request SSN - ASSIST/Page_Request SSN - ASSIST - RO/Page_Request SSN - ASSIST (Under enforcement)/Under Endorcement - Remark'

2018-12-05 15:46:28 - [MESSAGE][PASSED] - Keys 'Remark' sent to object: 'Object Repository/Final Object Repo/Page_Request SSN - ASSIST/Page_Request SSN - ASSIST - RO/Page_Request SSN - ASSIST (Under enforcement)/Under Endorcement - Remark'

2018-12-05 15:46:28 - [TEST_STEP][PASSED] - delay: Delayed 2 second(s)

2018-12-05 15:46:30 - [MESSAGE][PASSED] - Delayed 2 second(s)

2018-12-05 15:46:30 - [TEST_STEP][PASSED] - click: Object: 'Object Repository/Final Object Repo/Page_Request SSN - ASSIST/Page_Request SSN - ASSIST - RO/Page_Request SSN - ASSIST (Under enforcement)/Save  Continue in Under Enforcement Page' is clicked on

2018-12-05 15:46:30 - [MESSAGE][PASSED] - Object: 'Object Repository/Final Object Repo/Page_Request SSN - ASSIST/Page_Request SSN - ASSIST - RO/Page_Request SSN - ASSIST (Under enforcement)/Save  Continue in Under Enforcement Page' is clicked on

2018-12-05 15:46:30 - [TEST_STEP][PASSED] - delay: Delayed 2 second(s)

2018-12-05 15:46:32 - [MESSAGE][PASSED] - Delayed 2 second(s)

2018-12-05 15:46:32 - [TEST_STEP][PASSED] - verifyElementVisible: Object 'Object Repository/Final Object Repo/Page_Request SSN - ASSIST/Page_Request SSN - ASSIST - RO/Page_Request SSN - ASSIST (Under enforcement)/Message The case is under enforceme' is visible

2018-12-05 15:46:36 - [MESSAGE][PASSED] - Object 'Object Repository/Final Object Repo/Page_Request SSN - ASSIST/Page_Request SSN - ASSIST - RO/Page_Request SSN - ASSIST (Under enforcement)/Message The case is under enforceme' is visible

2018-12-05 15:46:36 - [TEST_STEP][PASSED] - delay: Delayed 2 second(s)

2018-12-05 15:46:38 - [MESSAGE][PASSED] - Delayed 2 second(s)

2018-12-05 15:46:38 - [TEST_STEP][PASSED] - click: Object: 'Object Repository/Final Object Repo/Page_Request SSN - ASSIST/Page_Request SSN - ASSIST - RO/Page_Request SSN - ASSIST (Under enforcement)/OK' is clicked on

2018-12-05 15:46:38 - [MESSAGE][PASSED] - Object: 'Object Repository/Final Object Repo/Page_Request SSN - ASSIST/Page_Request SSN - ASSIST - RO/Page_Request SSN - ASSIST (Under enforcement)/OK' is clicked on

2018-12-05 15:46:38 - [MESSAGE][PASSED] - Call Test Case 'Test Cases/Final Aug 2018 - PKS Automation/Registration Module/Workflow/Request SSN/Template/Request SSN - RO (Under enforcement)' successfully

2018-12-05 15:46:38 - [MESSAGE][PASSED] - Call Test Case 'Test Cases/Final Aug 2018 - PKS Automation/Registration Module/Workflow/Request SSN/Template/Request SSN RIO - RO (Under Enforcement)' successfully]]></system-out>
         <system-err><![CDATA[]]></system-err>
      </testcase>
      <testcase name="Test Cases/Final Aug 2018 - PKS Automation/Registration Module/Workflow/Request SSN/PKRBO - RIO - RO (Approve)" classname="Test Cases/Final Aug 2018 - PKS Automation/Registration Module/Workflow/Request SSN/PKRBO - RIO - RO (Approve)" status="ERROR">
         <error type="ERROR" message="Test Cases/Final Aug 2018 - PKS Automation/Registration Module/Workflow/Request SSN/PKRBO - RIO - RO (Approve) FAILED because (of) (Stack trace: java.lang.IllegalArgumentException: Cannot find test case with id 'Test Cases/Final Aug 2018 - PKS Automation/Registration/Login and Search Case For Workflow'
	at com.kms.katalon.core.testcase.TestCaseFactory.findTestCase(TestCaseFactory.java:72)
	at com.kms.katalon.core.testcase.TestCaseFactory$findTestCase.callStatic(Unknown Source)
	at org.codehaus.groovy.runtime.callsite.CallSiteArray.defaultCallStatic(CallSiteArray.java:56)
	at org.codehaus.groovy.runtime.callsite.AbstractCallSite.callStatic(AbstractCallSite.java:194)
	at org.codehaus.groovy.runtime.callsite.AbstractCallSite.callStatic(AbstractCallSite.java:206)
	at Script1537866116409.run(Script1537866116409.groovy:59)
	at com.kms.katalon.core.main.ScriptEngine.run(ScriptEngine.java:183)
	at com.kms.katalon.core.main.ScriptEngine.runScriptAsRawText(ScriptEngine.java:108)
	at com.kms.katalon.core.main.TestCaseExecutor.runScript(TestCaseExecutor.java:294)
	at com.kms.katalon.core.main.TestCaseExecutor.doExecute(TestCaseExecutor.java:285)
	at com.kms.katalon.core.main.TestCaseExecutor.processExecutionPhase(TestCaseExecutor.java:264)
	at com.kms.katalon.core.main.TestCaseExecutor.accessMainPhase(TestCaseExecutor.java:256)
	at com.kms.katalon.core.main.TestCaseExecutor.execute(TestCaseExecutor.java:200)
	at com.kms.katalon.core.main.TestCaseMain.runTestCase(TestCaseMain.java:99)
	at com.kms.katalon.core.keyword.builtin.CallTestCaseKeyword$_callTestCase_closure1.doCall(CallTestCaseKeyword.groovy:60)
	at com.kms.katalon.core.keyword.builtin.CallTestCaseKeyword$_callTestCase_closure1.call(CallTestCaseKeyword.groovy)
	at com.kms.katalon.core.keyword.internal.KeywordMain.runKeyword(KeywordMain.groovy:54)
	at com.kms.katalon.core.keyword.builtin.CallTestCaseKeyword.callTestCase(CallTestCaseKeyword.groovy:81)
	at com.kms.katalon.core.keyword.builtin.CallTestCaseKeyword.execute(CallTestCaseKeyword.groovy:45)
	at com.kms.katalon.core.keyword.internal.KeywordExecutor.executeKeywordForPlatform(KeywordExecutor.groovy:53)
	at com.kms.katalon.core.keyword.BuiltinKeywords.callTestCase(BuiltinKeywords.groovy:334)
	at sun.reflect.GeneratedMethodAccessor13.invoke(Unknown Source)
	at sun.reflect.DelegatingMethodAccessorImpl.invoke(DelegatingMethodAccessorImpl.java:43)
	at java.lang.reflect.Method.invoke(Method.java:498)
	at org.codehaus.groovy.reflection.CachedMethod.invoke(CachedMethod.java:93)
	at groovy.lang.MetaMethod.doMethodInvoke(MetaMethod.java:325)
	at groovy.lang.MetaClassImpl.invokeStaticMethod(MetaClassImpl.java:1469)
	at org.codehaus.groovy.runtime.callsite.StaticMetaClassSite.call(StaticMetaClassSite.java:53)
	at org.codehaus.groovy.runtime.callsite.CallSiteArray.defaultCall(CallSiteArray.java:48)
	at org.codehaus.groovy.runtime.callsite.AbstractCallSite.call(AbstractCallSite.java:113)
	at org.codehaus.groovy.runtime.callsite.AbstractCallSite.call(AbstractCallSite.java:141)
	at Script1536300508619.run(Script1536300508619.groovy:24)
	at com.kms.katalon.core.main.ScriptEngine.run(ScriptEngine.java:183)
	at com.kms.katalon.core.main.ScriptEngine.runScriptAsRawText(ScriptEngine.java:108)
	at com.kms.katalon.core.main.TestCaseExecutor.runScript(TestCaseExecutor.java:294)
	at com.kms.katalon.core.main.TestCaseExecutor.doExecute(TestCaseExecutor.java:285)
	at com.kms.katalon.core.main.TestCaseExecutor.processExecutionPhase(TestCaseExecutor.java:264)
	at com.kms.katalon.core.main.TestCaseExecutor.accessMainPhase(TestCaseExecutor.java:256)
	at com.kms.katalon.core.main.TestCaseExecutor.execute(TestCaseExecutor.java:200)
	at com.kms.katalon.core.main.TestSuiteExecutor.accessTestCaseMainPhase(TestSuiteExecutor.java:129)
	at com.kms.katalon.core.main.TestSuiteExecutor.accessTestSuiteMainPhase(TestSuiteExecutor.java:112)
	at com.kms.katalon.core.main.TestSuiteExecutor.execute(TestSuiteExecutor.java:81)
	at com.kms.katalon.core.main.TestCaseMain.startTestSuite(TestCaseMain.java:142)
	at com.kms.katalon.core.main.TestCaseMain$startTestSuite$0.call(Unknown Source)
	at org.codehaus.groovy.runtime.callsite.CallSiteArray.defaultCall(CallSiteArray.java:48)
	at org.codehaus.groovy.runtime.callsite.AbstractCallSite.call(AbstractCallSite.java:113)
	at org.codehaus.groovy.runtime.callsite.AbstractCallSite.call(AbstractCallSite.java:141)
	at TempTestSuite1543994986730.run(TempTestSuite1543994986730.groovy:36)
	at groovy.lang.GroovyShell.runScriptOrMainOrTestOrRunnable(GroovyShell.java:263)
	at groovy.lang.GroovyShell.run(GroovyShell.java:518)
	at groovy.lang.GroovyShell.run(GroovyShell.java:507)
	at groovy.ui.GroovyMain.processOnce(GroovyMain.java:653)
	at groovy.ui.GroovyMain.run(GroovyMain.java:384)
	at groovy.ui.GroovyMain.process(GroovyMain.java:370)
	at groovy.ui.GroovyMain.processArgs(GroovyMain.java:129)
	at groovy.ui.GroovyMain.main(GroovyMain.java:109)
	at sun.reflect.NativeMethodAccessorImpl.invoke0(Native Method)
	at sun.reflect.NativeMethodAccessorImpl.invoke(NativeMethodAccessorImpl.java:62)
	at sun.reflect.DelegatingMethodAccessorImpl.invoke(DelegatingMethodAccessorImpl.java:43)
	at java.lang.reflect.Method.invoke(Method.java:498)
	at org.codehaus.groovy.tools.GroovyStarter.rootLoader(GroovyStarter.java:109)
	at org.codehaus.groovy.tools.GroovyStarter.main(GroovyStarter.java:131)
)"/>
         <system-out><![CDATA[2018-12-05 15:46:38 - [TEST_CASE][ERROR] - Test Cases/Final Aug 2018 - PKS Automation/Registration Module/Workflow/Request SSN/PKRBO - RIO - RO (Approve): Test Cases/Final Aug 2018 - PKS Automation/Registration Module/Workflow/Request SSN/PKRBO - RIO - RO (Approve) FAILED because (of) (Stack trace: java.lang.IllegalArgumentException: Cannot find test case with id 'Test Cases/Final Aug 2018 - PKS Automation/Registration/Login and Search Case For Workflow'
	at com.kms.katalon.core.testcase.TestCaseFactory.findTestCase(TestCaseFactory.java:72)
	at com.kms.katalon.core.testcase.TestCaseFactory$findTestCase.callStatic(Unknown Source)
	at org.codehaus.groovy.runtime.callsite.CallSiteArray.defaultCallStatic(CallSiteArray.java:56)
	at org.codehaus.groovy.runtime.callsite.AbstractCallSite.callStatic(AbstractCallSite.java:194)
	at org.codehaus.groovy.runtime.callsite.AbstractCallSite.callStatic(AbstractCallSite.java:206)
	at Script1537866116409.run(Script1537866116409.groovy:59)
	at com.kms.katalon.core.main.ScriptEngine.run(ScriptEngine.java:183)
	at com.kms.katalon.core.main.ScriptEngine.runScriptAsRawText(ScriptEngine.java:108)
	at com.kms.katalon.core.main.TestCaseExecutor.runScript(TestCaseExecutor.java:294)
	at com.kms.katalon.core.main.TestCaseExecutor.doExecute(TestCaseExecutor.java:285)
	at com.kms.katalon.core.main.TestCaseExecutor.processExecutionPhase(TestCaseExecutor.java:264)
	at com.kms.katalon.core.main.TestCaseExecutor.accessMainPhase(TestCaseExecutor.java:256)
	at com.kms.katalon.core.main.TestCaseExecutor.execute(TestCaseExecutor.java:200)
	at com.kms.katalon.core.main.TestCaseMain.runTestCase(TestCaseMain.java:99)
	at com.kms.katalon.core.keyword.builtin.CallTestCaseKeyword$_callTestCase_closure1.doCall(CallTestCaseKeyword.groovy:60)
	at com.kms.katalon.core.keyword.builtin.CallTestCaseKeyword$_callTestCase_closure1.call(CallTestCaseKeyword.groovy)
	at com.kms.katalon.core.keyword.internal.KeywordMain.runKeyword(KeywordMain.groovy:54)
	at com.kms.katalon.core.keyword.builtin.CallTestCaseKeyword.callTestCase(CallTestCaseKeyword.groovy:81)
	at com.kms.katalon.core.keyword.builtin.CallTestCaseKeyword.execute(CallTestCaseKeyword.groovy:45)
	at com.kms.katalon.core.keyword.internal.KeywordExecutor.executeKeywordForPlatform(KeywordExecutor.groovy:53)
	at com.kms.katalon.core.keyword.BuiltinKeywords.callTestCase(BuiltinKeywords.groovy:334)
	at sun.reflect.GeneratedMethodAccessor13.invoke(Unknown Source)
	at sun.reflect.DelegatingMethodAccessorImpl.invoke(DelegatingMethodAccessorImpl.java:43)
	at java.lang.reflect.Method.invoke(Method.java:498)
	at org.codehaus.groovy.reflection.CachedMethod.invoke(CachedMethod.java:93)
	at groovy.lang.MetaMethod.doMethodInvoke(MetaMethod.java:325)
	at groovy.lang.MetaClassImpl.invokeStaticMethod(MetaClassImpl.java:1469)
	at org.codehaus.groovy.runtime.callsite.StaticMetaClassSite.call(StaticMetaClassSite.java:53)
	at org.codehaus.groovy.runtime.callsite.CallSiteArray.defaultCall(CallSiteArray.java:48)
	at org.codehaus.groovy.runtime.callsite.AbstractCallSite.call(AbstractCallSite.java:113)
	at org.codehaus.groovy.runtime.callsite.AbstractCallSite.call(AbstractCallSite.java:141)
	at Script1536300508619.run(Script1536300508619.groovy:24)
	at com.kms.katalon.core.main.ScriptEngine.run(ScriptEngine.java:183)
	at com.kms.katalon.core.main.ScriptEngine.runScriptAsRawText(ScriptEngine.java:108)
	at com.kms.katalon.core.main.TestCaseExecutor.runScript(TestCaseExecutor.java:294)
	at com.kms.katalon.core.main.TestCaseExecutor.doExecute(TestCaseExecutor.java:285)
	at com.kms.katalon.core.main.TestCaseExecutor.processExecutionPhase(TestCaseExecutor.java:264)
	at com.kms.katalon.core.main.TestCaseExecutor.accessMainPhase(TestCaseExecutor.java:256)
	at com.kms.katalon.core.main.TestCaseExecutor.execute(TestCaseExecutor.java:200)
	at com.kms.katalon.core.main.TestSuiteExecutor.accessTestCaseMainPhase(TestSuiteExecutor.java:129)
	at com.kms.katalon.core.main.TestSuiteExecutor.accessTestSuiteMainPhase(TestSuiteExecutor.java:112)
	at com.kms.katalon.core.main.TestSuiteExecutor.execute(TestSuiteExecutor.java:81)
	at com.kms.katalon.core.main.TestCaseMain.startTestSuite(TestCaseMain.java:142)
	at com.kms.katalon.core.main.TestCaseMain$startTestSuite$0.call(Unknown Source)
	at org.codehaus.groovy.runtime.callsite.CallSiteArray.defaultCall(CallSiteArray.java:48)
	at org.codehaus.groovy.runtime.callsite.AbstractCallSite.call(AbstractCallSite.java:113)
	at org.codehaus.groovy.runtime.callsite.AbstractCallSite.call(AbstractCallSite.java:141)
	at TempTestSuite1543994986730.run(TempTestSuite1543994986730.groovy:36)
	at groovy.lang.GroovyShell.runScriptOrMainOrTestOrRunnable(GroovyShell.java:263)
	at groovy.lang.GroovyShell.run(GroovyShell.java:518)
	at groovy.lang.GroovyShell.run(GroovyShell.java:507)
	at groovy.ui.GroovyMain.processOnce(GroovyMain.java:653)
	at groovy.ui.GroovyMain.run(GroovyMain.java:384)
	at groovy.ui.GroovyMain.process(GroovyMain.java:370)
	at groovy.ui.GroovyMain.processArgs(GroovyMain.java:129)
	at groovy.ui.GroovyMain.main(GroovyMain.java:109)
	at sun.reflect.NativeMethodAccessorImpl.invoke0(Native Method)
	at sun.reflect.NativeMethodAccessorImpl.invoke(NativeMethodAccessorImpl.java:62)
	at sun.reflect.DelegatingMethodAccessorImpl.invoke(DelegatingMethodAccessorImpl.java:43)
	at java.lang.reflect.Method.invoke(Method.java:498)
	at org.codehaus.groovy.tools.GroovyStarter.rootLoader(GroovyStarter.java:109)
	at org.codehaus.groovy.tools.GroovyStarter.main(GroovyStarter.java:131)
)

2018-12-05 15:46:39 - [TEST_STEP][PASSED] - callTestCase: Call Test Case 'Test Cases/Final Aug 2018 - PKS Automation/Registration Module/Workflow/Request SSN/Template/Request SSN - PKRBO' successfully

2018-12-05 15:46:39 - [TEST_CASE][PASSED] - Test Cases/Final Aug 2018 - PKS Automation/Registration Module/Workflow/Request SSN/Template/Request SSN - PKRBO: Test Cases/Final Aug 2018 - PKS Automation/Registration Module/Workflow/Request SSN/Template/Request SSN - PKRBO

2018-12-05 15:46:39 - [TEST_STEP][PASSED] - openBrowser: Browser is opened with url: ''

2018-12-05 15:46:39 - [MESSAGE][WARNING] - A browser is already opened. Closing browser and opening a new one

2018-12-05 15:46:42 - [MESSAGE][PASSED] - Browser is opened with url: ''

2018-12-05 15:46:42 - [TEST_STEP][PASSED] - navigateToUrl: Navigate to 'https://assist2-uat.perkeso.gov.my/login' successfully

2018-12-05 15:46:43 - [MESSAGE][PASSED] - Navigate to 'https://assist2-uat.perkeso.gov.my/login' successfully

2018-12-05 15:46:43 - [TEST_STEP][PASSED] - setText: Text 'johorpkrbo1@gmail.com' is set on object 'Object Repository/Final Object Repo/Login Page/Internal User/Email Address'

2018-12-05 15:46:44 - [MESSAGE][PASSED] - Text 'johorpkrbo1@gmail.com' is set on object 'Object Repository/Final Object Repo/Login Page/Internal User/Email Address'

2018-12-05 15:46:44 - [TEST_STEP][PASSED] - click: Object: 'Object Repository/Final Object Repo/Login Page/Internal User/Next Button' is clicked on

2018-12-05 15:46:44 - [MESSAGE][PASSED] - Object: 'Object Repository/Final Object Repo/Login Page/Internal User/Next Button' is clicked on

2018-12-05 15:46:44 - [TEST_STEP][PASSED] - delay: Delayed 1 second(s)

2018-12-05 15:46:45 - [MESSAGE][PASSED] - Delayed 1 second(s)

2018-12-05 15:46:45 - [TEST_STEP][PASSED] - setEncryptedText: Text ****** has been set on object 'Object Repository/Final Object Repo/Login Page/Internal User/Password'

2018-12-05 15:46:45 - [MESSAGE][PASSED] - Text ****** has been set on object 'Object Repository/Final Object Repo/Login Page/Internal User/Password'

2018-12-05 15:46:45 - [TEST_STEP][PASSED] - click: Object: 'Object Repository/Final Object Repo/Login Page/Internal User/Login Button' is clicked on

2018-12-05 15:46:45 - [MESSAGE][PASSED] - Object: 'Object Repository/Final Object Repo/Login Page/Internal User/Login Button' is clicked on

2018-12-05 15:46:45 - [TEST_STEP][PASSED] - Statement - Try: null

2018-12-05 15:46:45 - [TEST_STEP][PASSED] - Statement - Checker = com.kms.katalon.core.webui.keyword.WebUiBuiltInKeywords.verifyElementNotPresent("Final Object Repo/Landing Page/Select to English", 3): null

2018-12-05 15:46:45 - [TEST_STEP][PASSED] - Statement - Catch (Exception e): null

2018-12-05 15:46:45 - [TEST_STEP][PASSED] - Statement - e.printStackTrace(): null

2018-12-05 15:46:45 - [TEST_STEP][PASSED] - delay: Delayed 5 second(s)

2018-12-05 15:46:50 - [MESSAGE][PASSED] - Delayed 5 second(s)

2018-12-05 15:46:50 - [TEST_STEP][PASSED] - delay: Delayed 1 second(s)

2018-12-05 15:46:51 - [MESSAGE][PASSED] - Delayed 1 second(s)

2018-12-05 15:46:51 - [TEST_STEP][PASSED] - navigateToUrl: Navigate to 'https://assist2-uat.perkeso.gov.my/web/registration/request-ssn' successfully

2018-12-05 15:46:55 - [MESSAGE][PASSED] - Navigate to 'https://assist2-uat.perkeso.gov.my/web/registration/request-ssn' successfully

2018-12-05 15:46:55 - [TEST_STEP][PASSED] - setText: Text 'perkeso' is set on object 'Object Repository/Final Object Repo/Page_Request SSN - ASSIST/AI - Name'

2018-12-05 15:46:56 - [MESSAGE][PASSED] - Text 'perkeso' is set on object 'Object Repository/Final Object Repo/Page_Request SSN - ASSIST/AI - Name'

2018-12-05 15:46:56 - [TEST_STEP][PASSED] - click: Object: 'Object Repository/Final Object Repo/Page_Request SSN - ASSIST/AI - DOB' is clicked on

2018-12-05 15:46:56 - [MESSAGE][PASSED] - Object: 'Object Repository/Final Object Repo/Page_Request SSN - ASSIST/AI - DOB' is clicked on

2018-12-05 15:46:56 - [TEST_STEP][PASSED] - selectOptionByValue: All options with value '1995' are selected in object 'Object Repository/Final Object Repo/Page_Request SSN - ASSIST/AI - DOB - Year' 

2018-12-05 15:46:56 - [MESSAGE][PASSED] - All options with value '1995' are selected in object 'Object Repository/Final Object Repo/Page_Request SSN - ASSIST/AI - DOB - Year' 

2018-12-05 15:46:56 - [TEST_STEP][PASSED] - delay: Delayed 3 second(s)

2018-12-05 15:46:59 - [MESSAGE][PASSED] - Delayed 3 second(s)

2018-12-05 15:46:59 - [TEST_STEP][PASSED] - doubleClick: Object: 'Object Repository/Final Object Repo/Page_Request SSN - ASSIST/AI - DOB - Year - Date' is double clicked on

2018-12-05 15:47:00 - [MESSAGE][PASSED] - Object: 'Object Repository/Final Object Repo/Page_Request SSN - ASSIST/AI - DOB - Year - Date' is double clicked on

2018-12-05 15:47:00 - [TEST_STEP][PASSED] - click: Object: 'Object Repository/Final Object Repo/Page_Request SSN - ASSIST/AI - Male' is clicked on

2018-12-05 15:47:00 - [MESSAGE][PASSED] - Object: 'Object Repository/Final Object Repo/Page_Request SSN - ASSIST/AI - Male' is clicked on

2018-12-05 15:47:00 - [TEST_STEP][PASSED] - click: Object: 'Object Repository/Final Object Repo/Page_Request SSN - ASSIST/AI- Race' is clicked on

2018-12-05 15:47:00 - [MESSAGE][PASSED] - Object: 'Object Repository/Final Object Repo/Page_Request SSN - ASSIST/AI- Race' is clicked on

2018-12-05 15:47:00 - [TEST_STEP][PASSED] - click: Object: 'Object Repository/Final Object Repo/Page_Request SSN - ASSIST/AI - Race - Melayu' is clicked on

2018-12-05 15:47:00 - [MESSAGE][PASSED] - Object: 'Object Repository/Final Object Repo/Page_Request SSN - ASSIST/AI - Race - Melayu' is clicked on

2018-12-05 15:47:00 - [TEST_STEP][PASSED] - click: Object: 'Object Repository/Final Object Repo/Page_Request SSN - ASSIST/AI - Religion' is clicked on

2018-12-05 15:47:01 - [MESSAGE][PASSED] - Object: 'Object Repository/Final Object Repo/Page_Request SSN - ASSIST/AI - Religion' is clicked on

2018-12-05 15:47:01 - [TEST_STEP][PASSED] - click: Object: 'Object Repository/Final Object Repo/Page_Request SSN - ASSIST/AI - Religion - Islam' is clicked on

2018-12-05 15:47:01 - [MESSAGE][PASSED] - Object: 'Object Repository/Final Object Repo/Page_Request SSN - ASSIST/AI - Religion - Islam' is clicked on

2018-12-05 15:47:01 - [TEST_STEP][PASSED] - setText: Text '12345' is set on object 'Object Repository/Final Object Repo/Page_Request SSN - ASSIST/AI - Birth Certificate'

2018-12-05 15:47:01 - [MESSAGE][PASSED] - Text '12345' is set on object 'Object Repository/Final Object Repo/Page_Request SSN - ASSIST/AI - Birth Certificate'

2018-12-05 15:47:01 - [TEST_STEP][PASSED] - click: Object: 'Object Repository/Final Object Repo/Page_Request SSN - ASSIST/AI - Nationality' is clicked on

2018-12-05 15:47:02 - [MESSAGE][PASSED] - Object: 'Object Repository/Final Object Repo/Page_Request SSN - ASSIST/AI - Nationality' is clicked on

2018-12-05 15:47:02 - [TEST_STEP][PASSED] - click: Object: 'Object Repository/Final Object Repo/Page_Request SSN - ASSIST/AI - Nationality - Afghanistan' is clicked on

2018-12-05 15:47:02 - [MESSAGE][PASSED] - Object: 'Object Repository/Final Object Repo/Page_Request SSN - ASSIST/AI - Nationality - Afghanistan' is clicked on

2018-12-05 15:47:02 - [TEST_STEP][PASSED] - setText: Text 'PERKESO ADDRESS1' is set on object 'Object Repository/Final Object Repo/Page_Request SSN - ASSIST/AI - Address1'

2018-12-05 15:47:03 - [MESSAGE][PASSED] - Text 'PERKESO ADDRESS1' is set on object 'Object Repository/Final Object Repo/Page_Request SSN - ASSIST/AI - Address1'

2018-12-05 15:47:03 - [TEST_STEP][PASSED] - setText: Text 'PERKESO ADDRESS2' is set on object 'Object Repository/Final Object Repo/Page_Request SSN - ASSIST/AI - Address2'

2018-12-05 15:47:04 - [MESSAGE][PASSED] - Text 'PERKESO ADDRESS2' is set on object 'Object Repository/Final Object Repo/Page_Request SSN - ASSIST/AI - Address2'

2018-12-05 15:47:04 - [TEST_STEP][PASSED] - setText: Text 'PERKESO ADDRESS3' is set on object 'Object Repository/Final Object Repo/Page_Request SSN - ASSIST/AI - Address3'

2018-12-05 15:47:06 - [MESSAGE][PASSED] - Text 'PERKESO ADDRESS3' is set on object 'Object Repository/Final Object Repo/Page_Request SSN - ASSIST/AI - Address3'

2018-12-05 15:47:06 - [TEST_STEP][PASSED] - click: Object: 'Object Repository/Final Object Repo/Page_Request SSN - ASSIST/AI - State' is clicked on

2018-12-05 15:47:06 - [MESSAGE][PASSED] - Object: 'Object Repository/Final Object Repo/Page_Request SSN - ASSIST/AI - State' is clicked on

2018-12-05 15:47:06 - [TEST_STEP][PASSED] - click: Object: 'Object Repository/Final Object Repo/Page_Request SSN - ASSIST/AI - Current Employer State - Johor' is clicked on

2018-12-05 15:47:06 - [MESSAGE][PASSED] - Object: 'Object Repository/Final Object Repo/Page_Request SSN - ASSIST/AI - Current Employer State - Johor' is clicked on

2018-12-05 15:47:06 - [TEST_STEP][PASSED] - click: Object: 'Object Repository/Final Object Repo/Page_Request SSN - ASSIST/AI - City' is clicked on

2018-12-05 15:47:07 - [MESSAGE][PASSED] - Object: 'Object Repository/Final Object Repo/Page_Request SSN - ASSIST/AI - City' is clicked on

2018-12-05 15:47:07 - [TEST_STEP][PASSED] - setText: Text 'JOH' is set on object 'Object Repository/Final Object Repo/Page_Request SSN - ASSIST/AI - City - JOH'

2018-12-05 15:47:07 - [MESSAGE][PASSED] - Text 'JOH' is set on object 'Object Repository/Final Object Repo/Page_Request SSN - ASSIST/AI - City - JOH'

2018-12-05 15:47:07 - [TEST_STEP][PASSED] - delay: Delayed 3 second(s)

2018-12-05 15:47:10 - [MESSAGE][PASSED] - Delayed 3 second(s)

2018-12-05 15:47:10 - [TEST_STEP][PASSED] - click: Object: 'Object Repository/Final Object Repo/Page_Request SSN - ASSIST/AI - City - Johor Bharu' is clicked on

2018-12-05 15:47:10 - [MESSAGE][PASSED] - Object: 'Object Repository/Final Object Repo/Page_Request SSN - ASSIST/AI - City - Johor Bharu' is clicked on

2018-12-05 15:47:10 - [TEST_STEP][PASSED] - click: Object: 'Object Repository/Final Object Repo/Page_Request SSN - ASSIST/AI - Post Code' is clicked on

2018-12-05 15:47:11 - [MESSAGE][PASSED] - Object: 'Object Repository/Final Object Repo/Page_Request SSN - ASSIST/AI - Post Code' is clicked on

2018-12-05 15:47:11 - [TEST_STEP][PASSED] - setText: Text '810' is set on object 'Object Repository/Final Object Repo/Page_Request SSN - ASSIST/AI - City - JOH'

2018-12-05 15:47:11 - [MESSAGE][PASSED] - Text '810' is set on object 'Object Repository/Final Object Repo/Page_Request SSN - ASSIST/AI - City - JOH'

2018-12-05 15:47:11 - [TEST_STEP][PASSED] - delay: Delayed 3 second(s)

2018-12-05 15:47:14 - [MESSAGE][PASSED] - Delayed 3 second(s)

2018-12-05 15:47:14 - [TEST_STEP][PASSED] - click: Object: 'Object Repository/Final Object Repo/Page_Request SSN - ASSIST/AI - PostCode - 81000' is clicked on

2018-12-05 15:47:15 - [MESSAGE][PASSED] - Object: 'Object Repository/Final Object Repo/Page_Request SSN - ASSIST/AI - PostCode - 81000' is clicked on

2018-12-05 15:47:15 - [TEST_STEP][PASSED] - setText: Text '100' is set on object 'Object Repository/Final Object Repo/Page_Request SSN - ASSIST/P.O.BOX'

2018-12-05 15:47:15 - [MESSAGE][PASSED] - Text '100' is set on object 'Object Repository/Final Object Repo/Page_Request SSN - ASSIST/P.O.BOX'

2018-12-05 15:47:15 - [TEST_STEP][PASSED] - setText: Text '100' is set on object 'Object Repository/Final Object Repo/Page_Request SSN - ASSIST/Locked Bag No'

2018-12-05 15:47:15 - [MESSAGE][PASSED] - Text '100' is set on object 'Object Repository/Final Object Repo/Page_Request SSN - ASSIST/Locked Bag No'

2018-12-05 15:47:15 - [TEST_STEP][PASSED] - delay: Delayed 2 second(s)

2018-12-05 15:47:17 - [MESSAGE][PASSED] - Delayed 2 second(s)

2018-12-05 15:47:18 - [TEST_STEP][PASSED] - setText: Text '123456789' is set on object 'Object Repository/Final Object Repo/Page_Request SSN - ASSIST/AI - Telephone No'

2018-12-05 15:47:18 - [MESSAGE][PASSED] - Text '123456789' is set on object 'Object Repository/Final Object Repo/Page_Request SSN - ASSIST/AI - Telephone No'

2018-12-05 15:47:18 - [TEST_STEP][PASSED] - click: Object: 'Object Repository/Final Object Repo/Page_Request SSN - ASSIST/AI - Occupation' is clicked on

2018-12-05 15:47:19 - [MESSAGE][PASSED] - Object: 'Object Repository/Final Object Repo/Page_Request SSN - ASSIST/AI - Occupation' is clicked on

2018-12-05 15:47:19 - [TEST_STEP][PASSED] - click: Object: 'Object Repository/Final Object Repo/Page_Request SSN - ASSIST/AI - Occupation - NUMERICAL AND MATERIAL R' is clicked on

2018-12-05 15:47:19 - [MESSAGE][PASSED] - Object: 'Object Repository/Final Object Repo/Page_Request SSN - ASSIST/AI - Occupation - NUMERICAL AND MATERIAL R' is clicked on

2018-12-05 15:47:19 - [TEST_STEP][PASSED] - delay: Delayed 2 second(s)

2018-12-05 15:47:21 - [MESSAGE][PASSED] - Delayed 2 second(s)

2018-12-05 15:47:21 - [TEST_STEP][PASSED] - click: Object: 'Object Repository/Final Object Repo/Page_Request SSN - ASSIST/AI - Sub Occupation' is clicked on

2018-12-05 15:47:21 - [MESSAGE][PASSED] - Object: 'Object Repository/Final Object Repo/Page_Request SSN - ASSIST/AI - Sub Occupation' is clicked on

2018-12-05 15:47:21 - [TEST_STEP][PASSED] - click: Object: 'Object Repository/Final Object Repo/Page_Request SSN - ASSIST/AI - Sub Occupation - Stock Clerks' is clicked on

2018-12-05 15:47:21 - [MESSAGE][PASSED] - Object: 'Object Repository/Final Object Repo/Page_Request SSN - ASSIST/AI - Sub Occupation - Stock Clerks' is clicked on

2018-12-05 15:47:21 - [TEST_STEP][PASSED] - delay: Delayed 2 second(s)

2018-12-05 15:47:23 - [MESSAGE][PASSED] - Delayed 2 second(s)

2018-12-05 15:47:23 - [TEST_STEP][PASSED] - click: Object: 'Object Repository/Final Object Repo/Page_Request SSN - ASSIST/AI - Sub Occupation List' is clicked on

2018-12-05 15:47:24 - [MESSAGE][PASSED] - Object: 'Object Repository/Final Object Repo/Page_Request SSN - ASSIST/AI - Sub Occupation List' is clicked on

2018-12-05 15:47:24 - [TEST_STEP][PASSED] - click: Object: 'Object Repository/Final Object Repo/Page_Request SSN - ASSIST/AI - Sub Occupation List - Clerk raw material' is clicked on

2018-12-05 15:47:24 - [MESSAGE][PASSED] - Object: 'Object Repository/Final Object Repo/Page_Request SSN - ASSIST/AI - Sub Occupation List - Clerk raw material' is clicked on

2018-12-05 15:47:24 - [TEST_STEP][PASSED] - click: Object: 'Object Repository/Final Object Repo/Page_Request SSN - ASSIST/AI - Employment Start Date' is clicked on

2018-12-05 15:47:24 - [MESSAGE][PASSED] - Object: 'Object Repository/Final Object Repo/Page_Request SSN - ASSIST/AI - Employment Start Date' is clicked on

2018-12-05 15:47:24 - [TEST_STEP][PASSED] - click: Object: 'Object Repository/Final Object Repo/Page_Request SSN - ASSIST/AI - DOB - Year - Date' is clicked on

2018-12-05 15:47:25 - [MESSAGE][PASSED] - Object: 'Object Repository/Final Object Repo/Page_Request SSN - ASSIST/AI - DOB - Year - Date' is clicked on

2018-12-05 15:47:25 - [TEST_STEP][PASSED] - setText: Text 'perkeso' is set on object 'Object Repository/Final Object Repo/Page_Request SSN - ASSIST/AI - Current Employer Name'

2018-12-05 15:47:25 - [MESSAGE][PASSED] - Text 'perkeso' is set on object 'Object Repository/Final Object Repo/Page_Request SSN - ASSIST/AI - Current Employer Name'

2018-12-05 15:47:25 - [TEST_STEP][PASSED] - setText: Text 'perkeso1' is set on object 'Object Repository/Final Object Repo/Page_Request SSN - ASSIST/AI - Current Employer Address1'

2018-12-05 15:47:26 - [MESSAGE][PASSED] - Text 'perkeso1' is set on object 'Object Repository/Final Object Repo/Page_Request SSN - ASSIST/AI - Current Employer Address1'

2018-12-05 15:47:26 - [TEST_STEP][PASSED] - setText: Text 'perkeso2' is set on object 'Object Repository/Final Object Repo/Page_Request SSN - ASSIST/AI - Current Employer Address2'

2018-12-05 15:47:27 - [MESSAGE][PASSED] - Text 'perkeso2' is set on object 'Object Repository/Final Object Repo/Page_Request SSN - ASSIST/AI - Current Employer Address2'

2018-12-05 15:47:27 - [TEST_STEP][PASSED] - setText: Text 'perkeso3' is set on object 'Object Repository/Final Object Repo/Page_Request SSN - ASSIST/AI - Current Employer Address3'

2018-12-05 15:47:28 - [MESSAGE][PASSED] - Text 'perkeso3' is set on object 'Object Repository/Final Object Repo/Page_Request SSN - ASSIST/AI - Current Employer Address3'

2018-12-05 15:47:28 - [TEST_STEP][PASSED] - click: Object: 'Object Repository/Final Object Repo/Page_Request SSN - ASSIST/AI - Current Employer State' is clicked on

2018-12-05 15:47:28 - [MESSAGE][PASSED] - Object: 'Object Repository/Final Object Repo/Page_Request SSN - ASSIST/AI - Current Employer State' is clicked on

2018-12-05 15:47:28 - [TEST_STEP][PASSED] - click: Object: 'Object Repository/Final Object Repo/Page_Request SSN - ASSIST/AI - Current Employer State - Johor 1' is clicked on

2018-12-05 15:47:28 - [MESSAGE][PASSED] - Object: 'Object Repository/Final Object Repo/Page_Request SSN - ASSIST/AI - Current Employer State - Johor 1' is clicked on

2018-12-05 15:47:28 - [TEST_STEP][PASSED] - click: Object: 'Object Repository/Final Object Repo/Page_Request SSN - ASSIST/AI - Current Employer City' is clicked on

2018-12-05 15:47:29 - [MESSAGE][PASSED] - Object: 'Object Repository/Final Object Repo/Page_Request SSN - ASSIST/AI - Current Employer City' is clicked on

2018-12-05 15:47:29 - [TEST_STEP][PASSED] - setText: Text 'joh' is set on object 'Object Repository/Final Object Repo/Page_Request SSN - ASSIST/AI - City - JOH'

2018-12-05 15:47:29 - [MESSAGE][PASSED] - Text 'joh' is set on object 'Object Repository/Final Object Repo/Page_Request SSN - ASSIST/AI - City - JOH'

2018-12-05 15:47:29 - [TEST_STEP][PASSED] - delay: Delayed 2 second(s)

2018-12-05 15:47:31 - [MESSAGE][PASSED] - Delayed 2 second(s)

2018-12-05 15:47:31 - [TEST_STEP][PASSED] - click: Object: 'Object Repository/Final Object Repo/Page_Request SSN - ASSIST/AI - City - Johor Bharu' is clicked on

2018-12-05 15:47:31 - [MESSAGE][PASSED] - Object: 'Object Repository/Final Object Repo/Page_Request SSN - ASSIST/AI - City - Johor Bharu' is clicked on

2018-12-05 15:47:31 - [TEST_STEP][PASSED] - click: Object: 'Object Repository/Final Object Repo/Page_Request SSN - ASSIST/AI - Current Employer Postcode' is clicked on

2018-12-05 15:47:32 - [MESSAGE][PASSED] - Object: 'Object Repository/Final Object Repo/Page_Request SSN - ASSIST/AI - Current Employer Postcode' is clicked on

2018-12-05 15:47:32 - [TEST_STEP][PASSED] - setText: Text '810' is set on object 'Object Repository/Final Object Repo/Page_Request SSN - ASSIST/AI - City - JOH'

2018-12-05 15:47:32 - [MESSAGE][PASSED] - Text '810' is set on object 'Object Repository/Final Object Repo/Page_Request SSN - ASSIST/AI - City - JOH'

2018-12-05 15:47:32 - [TEST_STEP][PASSED] - delay: Delayed 2 second(s)

2018-12-05 15:47:34 - [MESSAGE][PASSED] - Delayed 2 second(s)

2018-12-05 15:47:34 - [TEST_STEP][PASSED] - click: Object: 'Object Repository/Final Object Repo/Page_Request SSN - ASSIST/AI - PostCode - 81000' is clicked on

2018-12-05 15:47:35 - [MESSAGE][PASSED] - Object: 'Object Repository/Final Object Repo/Page_Request SSN - ASSIST/AI - PostCode - 81000' is clicked on

2018-12-05 15:47:35 - [TEST_STEP][NOT_RUN] - setText: NOT_RUN: setText

2018-12-05 15:47:35 - [MESSAGE][NOT_RUN] - NOT_RUN: setText

2018-12-05 15:47:35 - [TEST_STEP][NOT_RUN] - setText: NOT_RUN: setText

2018-12-05 15:47:35 - [MESSAGE][NOT_RUN] - NOT_RUN: setText

2018-12-05 15:47:35 - [TEST_STEP][NOT_RUN] - click: NOT_RUN: click

2018-12-05 15:47:35 - [MESSAGE][NOT_RUN] - NOT_RUN: click

2018-12-05 15:47:35 - [TEST_STEP][NOT_RUN] - click: NOT_RUN: click

2018-12-05 15:47:35 - [MESSAGE][NOT_RUN] - NOT_RUN: click

2018-12-05 15:47:35 - [TEST_STEP][NOT_RUN] - setText: NOT_RUN: setText

2018-12-05 15:47:35 - [MESSAGE][NOT_RUN] - NOT_RUN: setText

2018-12-05 15:47:35 - [TEST_STEP][NOT_RUN] - click: NOT_RUN: click

2018-12-05 15:47:35 - [MESSAGE][NOT_RUN] - NOT_RUN: click

2018-12-05 15:47:35 - [TEST_STEP][NOT_RUN] - click: NOT_RUN: click

2018-12-05 15:47:35 - [MESSAGE][NOT_RUN] - NOT_RUN: click

2018-12-05 15:47:35 - [TEST_STEP][NOT_RUN] - click: NOT_RUN: click

2018-12-05 15:47:35 - [MESSAGE][NOT_RUN] - NOT_RUN: click

2018-12-05 15:47:35 - [TEST_STEP][NOT_RUN] - click: NOT_RUN: click

2018-12-05 15:47:35 - [MESSAGE][NOT_RUN] - NOT_RUN: click

2018-12-05 15:47:35 - [TEST_STEP][NOT_RUN] - click: NOT_RUN: click

2018-12-05 15:47:35 - [MESSAGE][NOT_RUN] - NOT_RUN: click

2018-12-05 15:47:35 - [TEST_STEP][NOT_RUN] - click: NOT_RUN: click

2018-12-05 15:47:35 - [MESSAGE][NOT_RUN] - NOT_RUN: click

2018-12-05 15:47:35 - [TEST_STEP][NOT_RUN] - setText: NOT_RUN: setText

2018-12-05 15:47:35 - [MESSAGE][NOT_RUN] - NOT_RUN: setText

2018-12-05 15:47:35 - [TEST_STEP][NOT_RUN] - setText: NOT_RUN: setText

2018-12-05 15:47:35 - [MESSAGE][NOT_RUN] - NOT_RUN: setText

2018-12-05 15:47:35 - [TEST_STEP][NOT_RUN] - setText: NOT_RUN: setText

2018-12-05 15:47:35 - [MESSAGE][NOT_RUN] - NOT_RUN: setText

2018-12-05 15:47:35 - [TEST_STEP][NOT_RUN] - click: NOT_RUN: click

2018-12-05 15:47:35 - [MESSAGE][NOT_RUN] - NOT_RUN: click

2018-12-05 15:47:35 - [TEST_STEP][NOT_RUN] - click: NOT_RUN: click

2018-12-05 15:47:35 - [MESSAGE][NOT_RUN] - NOT_RUN: click

2018-12-05 15:47:35 - [TEST_STEP][NOT_RUN] - click: NOT_RUN: click

2018-12-05 15:47:35 - [MESSAGE][NOT_RUN] - NOT_RUN: click

2018-12-05 15:47:35 - [TEST_STEP][NOT_RUN] - setText: NOT_RUN: setText

2018-12-05 15:47:35 - [MESSAGE][NOT_RUN] - NOT_RUN: setText

2018-12-05 15:47:35 - [TEST_STEP][NOT_RUN] - delay: NOT_RUN: delay

2018-12-05 15:47:35 - [MESSAGE][NOT_RUN] - NOT_RUN: delay

2018-12-05 15:47:35 - [TEST_STEP][NOT_RUN] - click: NOT_RUN: click

2018-12-05 15:47:35 - [MESSAGE][NOT_RUN] - NOT_RUN: click

2018-12-05 15:47:35 - [TEST_STEP][NOT_RUN] - click: NOT_RUN: click

2018-12-05 15:47:35 - [MESSAGE][NOT_RUN] - NOT_RUN: click

2018-12-05 15:47:35 - [TEST_STEP][NOT_RUN] - click: NOT_RUN: click

2018-12-05 15:47:35 - [MESSAGE][NOT_RUN] - NOT_RUN: click

2018-12-05 15:47:35 - [TEST_STEP][NOT_RUN] - setText: NOT_RUN: setText

2018-12-05 15:47:35 - [MESSAGE][NOT_RUN] - NOT_RUN: setText

2018-12-05 15:47:35 - [TEST_STEP][NOT_RUN] - delay: NOT_RUN: delay

2018-12-05 15:47:35 - [MESSAGE][NOT_RUN] - NOT_RUN: delay

2018-12-05 15:47:35 - [TEST_STEP][NOT_RUN] - click: NOT_RUN: click

2018-12-05 15:47:35 - [MESSAGE][NOT_RUN] - NOT_RUN: click

2018-12-05 15:47:35 - [TEST_STEP][NOT_RUN] - delay: NOT_RUN: delay

2018-12-05 15:47:35 - [MESSAGE][NOT_RUN] - NOT_RUN: delay

2018-12-05 15:47:35 - [TEST_STEP][NOT_RUN] - setText: NOT_RUN: setText

2018-12-05 15:47:35 - [MESSAGE][NOT_RUN] - NOT_RUN: setText

2018-12-05 15:47:35 - [TEST_STEP][NOT_RUN] - setText: NOT_RUN: setText

2018-12-05 15:47:35 - [MESSAGE][NOT_RUN] - NOT_RUN: setText

2018-12-05 15:47:35 - [TEST_STEP][NOT_RUN] - setText: NOT_RUN: setText

2018-12-05 15:47:35 - [MESSAGE][NOT_RUN] - NOT_RUN: setText

2018-12-05 15:47:35 - [TEST_STEP][NOT_RUN] - click: NOT_RUN: click

2018-12-05 15:47:35 - [MESSAGE][NOT_RUN] - NOT_RUN: click

2018-12-05 15:47:35 - [TEST_STEP][NOT_RUN] - click: NOT_RUN: click

2018-12-05 15:47:35 - [MESSAGE][NOT_RUN] - NOT_RUN: click

2018-12-05 15:47:35 - [TEST_STEP][NOT_RUN] - setText: NOT_RUN: setText

2018-12-05 15:47:35 - [MESSAGE][NOT_RUN] - NOT_RUN: setText

2018-12-05 15:47:35 - [TEST_STEP][NOT_RUN] - click: NOT_RUN: click

2018-12-05 15:47:35 - [MESSAGE][NOT_RUN] - NOT_RUN: click

2018-12-05 15:47:35 - [TEST_STEP][NOT_RUN] - click: NOT_RUN: click

2018-12-05 15:47:35 - [MESSAGE][NOT_RUN] - NOT_RUN: click

2018-12-05 15:47:35 - [TEST_STEP][NOT_RUN] - click: NOT_RUN: click

2018-12-05 15:47:35 - [MESSAGE][NOT_RUN] - NOT_RUN: click

2018-12-05 15:47:35 - [TEST_STEP][NOT_RUN] - click: NOT_RUN: click

2018-12-05 15:47:35 - [MESSAGE][NOT_RUN] - NOT_RUN: click

2018-12-05 15:47:35 - [TEST_STEP][NOT_RUN] - click: NOT_RUN: click

2018-12-05 15:47:35 - [MESSAGE][NOT_RUN] - NOT_RUN: click

2018-12-05 15:47:35 - [TEST_STEP][NOT_RUN] - click: NOT_RUN: click

2018-12-05 15:47:35 - [MESSAGE][NOT_RUN] - NOT_RUN: click

2018-12-05 15:47:35 - [TEST_STEP][NOT_RUN] - setText: NOT_RUN: setText

2018-12-05 15:47:35 - [MESSAGE][NOT_RUN] - NOT_RUN: setText

2018-12-05 15:47:35 - [TEST_STEP][NOT_RUN] - setText: NOT_RUN: setText

2018-12-05 15:47:35 - [MESSAGE][NOT_RUN] - NOT_RUN: setText

2018-12-05 15:47:35 - [TEST_STEP][NOT_RUN] - setText: NOT_RUN: setText

2018-12-05 15:47:35 - [MESSAGE][NOT_RUN] - NOT_RUN: setText

2018-12-05 15:47:35 - [TEST_STEP][NOT_RUN] - click: NOT_RUN: click

2018-12-05 15:47:35 - [MESSAGE][NOT_RUN] - NOT_RUN: click

2018-12-05 15:47:35 - [TEST_STEP][NOT_RUN] - click: NOT_RUN: click

2018-12-05 15:47:35 - [MESSAGE][NOT_RUN] - NOT_RUN: click

2018-12-05 15:47:35 - [TEST_STEP][NOT_RUN] - click: NOT_RUN: click

2018-12-05 15:47:35 - [MESSAGE][NOT_RUN] - NOT_RUN: click

2018-12-05 15:47:35 - [TEST_STEP][NOT_RUN] - delay: NOT_RUN: delay

2018-12-05 15:47:35 - [MESSAGE][NOT_RUN] - NOT_RUN: delay

2018-12-05 15:47:35 - [TEST_STEP][NOT_RUN] - setText: NOT_RUN: setText

2018-12-05 15:47:35 - [MESSAGE][NOT_RUN] - NOT_RUN: setText

2018-12-05 15:47:35 - [TEST_STEP][NOT_RUN] - delay: NOT_RUN: delay

2018-12-05 15:47:35 - [MESSAGE][NOT_RUN] - NOT_RUN: delay

2018-12-05 15:47:35 - [TEST_STEP][NOT_RUN] - click: NOT_RUN: click

2018-12-05 15:47:35 - [MESSAGE][NOT_RUN] - NOT_RUN: click

2018-12-05 15:47:35 - [TEST_STEP][NOT_RUN] - doubleClick: NOT_RUN: doubleClick

2018-12-05 15:47:35 - [MESSAGE][NOT_RUN] - NOT_RUN: doubleClick

2018-12-05 15:47:35 - [TEST_STEP][NOT_RUN] - click: NOT_RUN: click

2018-12-05 15:47:35 - [MESSAGE][NOT_RUN] - NOT_RUN: click

2018-12-05 15:47:35 - [TEST_STEP][NOT_RUN] - setText: NOT_RUN: setText

2018-12-05 15:47:35 - [MESSAGE][NOT_RUN] - NOT_RUN: setText

2018-12-05 15:47:35 - [TEST_STEP][NOT_RUN] - delay: NOT_RUN: delay

2018-12-05 15:47:35 - [MESSAGE][NOT_RUN] - NOT_RUN: delay

2018-12-05 15:47:35 - [TEST_STEP][NOT_RUN] - click: NOT_RUN: click

2018-12-05 15:47:35 - [MESSAGE][NOT_RUN] - NOT_RUN: click

2018-12-05 15:47:35 - [TEST_STEP][NOT_RUN] - delay: NOT_RUN: delay

2018-12-05 15:47:35 - [MESSAGE][NOT_RUN] - NOT_RUN: delay

2018-12-05 15:47:35 - [TEST_STEP][NOT_RUN] - setText: NOT_RUN: setText

2018-12-05 15:47:35 - [MESSAGE][NOT_RUN] - NOT_RUN: setText

2018-12-05 15:47:36 - [TEST_STEP][PASSED] - click: Object: 'Object Repository/Final Object Repo/Page_Request SSN - ASSIST/Save  Continue' is clicked on

2018-12-05 15:47:36 - [MESSAGE][PASSED] - Object: 'Object Repository/Final Object Repo/Page_Request SSN - ASSIST/Save  Continue' is clicked on

2018-12-05 15:47:36 - [TEST_STEP][PASSED] - delay: Delayed 3 second(s)

2018-12-05 15:47:39 - [MESSAGE][PASSED] - Delayed 3 second(s)

2018-12-05 15:47:39 - [TEST_STEP][PASSED] - Statement - CaseReferenceNo = com.kms.katalon.core.webui.keyword.WebUiBuiltInKeywords.getText(com.kms.katalon.core.testobject.ObjectRepository.findTestObject(Final Object Repo/Page_Request SSN - ASSIST/Reference Number in Uploading Page)): Text of object 'Object Repository/Final Object Repo/Page_Request SSN - ASSIST/Reference Number in Uploading Page' is: 'SSN12201800001158'

2018-12-05 15:47:39 - [MESSAGE][PASSED] - Text of object 'Object Repository/Final Object Repo/Page_Request SSN - ASSIST/Reference Number in Uploading Page' is: 'SSN12201800001158'

2018-12-05 15:47:39 - [TEST_STEP][PASSED] - callTestCase: Call Test Case 'Test Cases/Final Aug 2018 - PKS Automation/Common/Reference Number Setter' successfully

2018-12-05 15:47:39 - [TEST_CASE][PASSED] - Test Cases/Final Aug 2018 - PKS Automation/Common/Reference Number Setter: Test Cases/Final Aug 2018 - PKS Automation/Common/Reference Number Setter

2018-12-05 15:47:39 - [TEST_STEP][PASSED] - Statement - RefNoOldFile = new java.io.File(C://Users//Admin//Desktop//PKS//Automation Reference Point//KatalonReference.txt): null

2018-12-05 15:47:39 - [TEST_STEP][PASSED] - Statement - RefNoOldFile.delete(): null

2018-12-05 15:47:39 - [TEST_STEP][PASSED] - delay: Delayed 5 second(s)

2018-12-05 15:47:44 - [MESSAGE][PASSED] - Delayed 5 second(s)

2018-12-05 15:47:44 - [TEST_STEP][PASSED] - Statement - RefNo = new java.io.File(C://Users//Admin//Desktop//PKS//Automation Reference Point//KatalonReference.txt): null

2018-12-05 15:47:44 - [TEST_STEP][PASSED] - Statement - f2 = new java.io.FileWriter(RefNo, false): null

2018-12-05 15:47:44 - [TEST_STEP][PASSED] - Statement - f2.write(CaseReferenceNo): null

2018-12-05 15:47:44 - [TEST_STEP][PASSED] - Statement - f2.close(): null

2018-12-05 15:47:44 - [TEST_STEP][PASSED] - Statement - out.println("


" + CaseReferenceNo + "


"): null

2018-12-05 15:47:44 - [MESSAGE][PASSED] - Call Test Case 'Test Cases/Final Aug 2018 - PKS Automation/Common/Reference Number Setter' successfully

2018-12-05 15:47:44 - [TEST_STEP][PASSED] - click: Object: 'Object Repository/Final Object Repo/Page_Request SSN - ASSIST/Add Document Button' is clicked on

2018-12-05 15:47:45 - [MESSAGE][PASSED] - Object: 'Object Repository/Final Object Repo/Page_Request SSN - ASSIST/Add Document Button' is clicked on

2018-12-05 15:47:45 - [TEST_STEP][PASSED] - delay: Delayed 2 second(s)

2018-12-05 15:47:47 - [MESSAGE][PASSED] - Delayed 2 second(s)

2018-12-05 15:47:47 - [TEST_STEP][PASSED] - click: Object: 'Object Repository/Final Object Repo/Page_Request SSN - ASSIST/Document Type' is clicked on

2018-12-05 15:47:48 - [MESSAGE][PASSED] - Object: 'Object Repository/Final Object Repo/Page_Request SSN - ASSIST/Document Type' is clicked on

2018-12-05 15:47:48 - [TEST_STEP][PASSED] - click: Object: 'Object Repository/Final Object Repo/Page_Request SSN - ASSIST/Document Type - Birth Certificate' is clicked on

2018-12-05 15:47:48 - [MESSAGE][PASSED] - Object: 'Object Repository/Final Object Repo/Page_Request SSN - ASSIST/Document Type - Birth Certificate' is clicked on

2018-12-05 15:47:48 - [TEST_STEP][PASSED] - sendKeys: Keys 'C:\Users\Public\Pictures\Sample Pictures\Koala.jpg' sent to object: 'Object Repository/Final Object Repo/Page_Request SSN - ASSIST/Upload File'

2018-12-05 15:47:48 - [MESSAGE][PASSED] - Keys 'C:\Users\Public\Pictures\Sample Pictures\Koala.jpg' sent to object: 'Object Repository/Final Object Repo/Page_Request SSN - ASSIST/Upload File'

2018-12-05 15:47:48 - [TEST_STEP][PASSED] - click: Object: 'Object Repository/Final Object Repo/Page_Request SSN - ASSIST/Add Document' is clicked on

2018-12-05 15:47:48 - [MESSAGE][PASSED] - Object: 'Object Repository/Final Object Repo/Page_Request SSN - ASSIST/Add Document' is clicked on

2018-12-05 15:47:48 - [TEST_STEP][PASSED] - delay: Delayed 20 second(s)

2018-12-05 15:48:08 - [MESSAGE][PASSED] - Delayed 20 second(s)

2018-12-05 15:48:08 - [TEST_STEP][PASSED] - click: Object: 'Object Repository/Final Object Repo/Page_Request SSN - ASSIST/Save  Continue in Uploading Document Page' is clicked on

2018-12-05 15:48:08 - [MESSAGE][PASSED] - Object: 'Object Repository/Final Object Repo/Page_Request SSN - ASSIST/Save  Continue in Uploading Document Page' is clicked on

2018-12-05 15:48:08 - [TEST_STEP][PASSED] - delay: Delayed 2 second(s)

2018-12-05 15:48:10 - [MESSAGE][PASSED] - Delayed 2 second(s)

2018-12-05 15:48:10 - [TEST_STEP][PASSED] - click: Object: 'Object Repository/Final Object Repo/Page_Request SSN - ASSIST/Submit' is clicked on

2018-12-05 15:48:13 - [MESSAGE][PASSED] - Object: 'Object Repository/Final Object Repo/Page_Request SSN - ASSIST/Submit' is clicked on

2018-12-05 15:48:13 - [TEST_STEP][PASSED] - delay: Delayed 2 second(s)

2018-12-05 15:48:15 - [MESSAGE][PASSED] - Delayed 2 second(s)

2018-12-05 15:48:15 - [TEST_STEP][PASSED] - click: Object: 'Object Repository/Final Object Repo/Page_Request SSN - ASSIST/Confirm' is clicked on

2018-12-05 15:48:15 - [MESSAGE][PASSED] - Object: 'Object Repository/Final Object Repo/Page_Request SSN - ASSIST/Confirm' is clicked on

2018-12-05 15:48:15 - [TEST_STEP][PASSED] - delay: Delayed 2 second(s)

2018-12-05 15:48:17 - [MESSAGE][PASSED] - Delayed 2 second(s)

2018-12-05 15:48:17 - [TEST_STEP][PASSED] - verifyElementVisible: Object 'Object Repository/Final Object Repo/Page_Request SSN - ASSIST/Message This Case will be routed to RIO' is visible

2018-12-05 15:48:22 - [MESSAGE][PASSED] - Object 'Object Repository/Final Object Repo/Page_Request SSN - ASSIST/Message This Case will be routed to RIO' is visible

2018-12-05 15:48:22 - [TEST_STEP][PASSED] - delay: Delayed 2 second(s)

2018-12-05 15:48:24 - [MESSAGE][PASSED] - Delayed 2 second(s)

2018-12-05 15:48:24 - [TEST_STEP][PASSED] - verifyElementVisible: Object 'Object Repository/Final Object Repo/Page_Request SSN - ASSIST/Letter of acknowledgement' is visible

2018-12-05 15:48:24 - [MESSAGE][PASSED] - Object 'Object Repository/Final Object Repo/Page_Request SSN - ASSIST/Letter of acknowledgement' is visible

2018-12-05 15:48:24 - [MESSAGE][PASSED] - Call Test Case 'Test Cases/Final Aug 2018 - PKS Automation/Registration Module/Workflow/Request SSN/Template/Request SSN - PKRBO' successfully

2018-12-05 15:48:24 - [TEST_STEP][FAILED] - callTestCase: Unable to call Test Case with id 'Test Cases/Final Aug 2018 - PKS Automation/Registration Module/Workflow/Request SSN/Template/Request SSN RIO - RO (Approve and Using Current Employer Code)' (Root cause: Call Test Case 'Test Cases/Final Aug 2018 - PKS Automation/Registration Module/Workflow/Request SSN/Template/Request SSN RIO - RO (Approve and Using Current Employer Code)' failed because of error(s))

2018-12-05 15:48:24 - [TEST_CASE][ERROR] - Test Cases/Final Aug 2018 - PKS Automation/Registration Module/Workflow/Request SSN/Template/Request SSN RIO - RO (Approve and Using Current Employer Code): Test Cases/Final Aug 2018 - PKS Automation/Registration Module/Workflow/Request SSN/Template/Request SSN RIO - RO (Approve and Using Current Employer Code) FAILED because (of) (Stack trace: java.lang.IllegalArgumentException: Cannot find test case with id 'Test Cases/Final Aug 2018 - PKS Automation/Registration/Login and Search Case For Workflow'
	at com.kms.katalon.core.testcase.TestCaseFactory.findTestCase(TestCaseFactory.java:72)
	at com.kms.katalon.core.testcase.TestCaseFactory$findTestCase.callStatic(Unknown Source)
	at org.codehaus.groovy.runtime.callsite.CallSiteArray.defaultCallStatic(CallSiteArray.java:56)
	at org.codehaus.groovy.runtime.callsite.AbstractCallSite.callStatic(AbstractCallSite.java:194)
	at org.codehaus.groovy.runtime.callsite.AbstractCallSite.callStatic(AbstractCallSite.java:206)
	at Script1537866116409.run(Script1537866116409.groovy:59)
	at com.kms.katalon.core.main.ScriptEngine.run(ScriptEngine.java:183)
	at com.kms.katalon.core.main.ScriptEngine.runScriptAsRawText(ScriptEngine.java:108)
	at com.kms.katalon.core.main.TestCaseExecutor.runScript(TestCaseExecutor.java:294)
	at com.kms.katalon.core.main.TestCaseExecutor.doExecute(TestCaseExecutor.java:285)
	at com.kms.katalon.core.main.TestCaseExecutor.processExecutionPhase(TestCaseExecutor.java:264)
	at com.kms.katalon.core.main.TestCaseExecutor.accessMainPhase(TestCaseExecutor.java:256)
	at com.kms.katalon.core.main.TestCaseExecutor.execute(TestCaseExecutor.java:200)
	at com.kms.katalon.core.main.TestCaseMain.runTestCase(TestCaseMain.java:99)
	at com.kms.katalon.core.keyword.builtin.CallTestCaseKeyword$_callTestCase_closure1.doCall(CallTestCaseKeyword.groovy:60)
	at com.kms.katalon.core.keyword.builtin.CallTestCaseKeyword$_callTestCase_closure1.call(CallTestCaseKeyword.groovy)
	at com.kms.katalon.core.keyword.internal.KeywordMain.runKeyword(KeywordMain.groovy:54)
	at com.kms.katalon.core.keyword.builtin.CallTestCaseKeyword.callTestCase(CallTestCaseKeyword.groovy:81)
	at com.kms.katalon.core.keyword.builtin.CallTestCaseKeyword.execute(CallTestCaseKeyword.groovy:45)
	at com.kms.katalon.core.keyword.internal.KeywordExecutor.executeKeywordForPlatform(KeywordExecutor.groovy:53)
	at com.kms.katalon.core.keyword.BuiltinKeywords.callTestCase(BuiltinKeywords.groovy:334)
	at sun.reflect.GeneratedMethodAccessor13.invoke(Unknown Source)
	at sun.reflect.DelegatingMethodAccessorImpl.invoke(DelegatingMethodAccessorImpl.java:43)
	at java.lang.reflect.Method.invoke(Method.java:498)
	at org.codehaus.groovy.reflection.CachedMethod.invoke(CachedMethod.java:93)
	at groovy.lang.MetaMethod.doMethodInvoke(MetaMethod.java:325)
	at groovy.lang.MetaClassImpl.invokeStaticMethod(MetaClassImpl.java:1469)
	at org.codehaus.groovy.runtime.callsite.StaticMetaClassSite.call(StaticMetaClassSite.java:53)
	at org.codehaus.groovy.runtime.callsite.CallSiteArray.defaultCall(CallSiteArray.java:48)
	at org.codehaus.groovy.runtime.callsite.AbstractCallSite.call(AbstractCallSite.java:113)
	at org.codehaus.groovy.runtime.callsite.AbstractCallSite.call(AbstractCallSite.java:141)
	at Script1536300508619.run(Script1536300508619.groovy:24)
	at com.kms.katalon.core.main.ScriptEngine.run(ScriptEngine.java:183)
	at com.kms.katalon.core.main.ScriptEngine.runScriptAsRawText(ScriptEngine.java:108)
	at com.kms.katalon.core.main.TestCaseExecutor.runScript(TestCaseExecutor.java:294)
	at com.kms.katalon.core.main.TestCaseExecutor.doExecute(TestCaseExecutor.java:285)
	at com.kms.katalon.core.main.TestCaseExecutor.processExecutionPhase(TestCaseExecutor.java:264)
	at com.kms.katalon.core.main.TestCaseExecutor.accessMainPhase(TestCaseExecutor.java:256)
	at com.kms.katalon.core.main.TestCaseExecutor.execute(TestCaseExecutor.java:200)
	at com.kms.katalon.core.main.TestSuiteExecutor.accessTestCaseMainPhase(TestSuiteExecutor.java:129)
	at com.kms.katalon.core.main.TestSuiteExecutor.accessTestSuiteMainPhase(TestSuiteExecutor.java:112)
	at com.kms.katalon.core.main.TestSuiteExecutor.execute(TestSuiteExecutor.java:81)
	at com.kms.katalon.core.main.TestCaseMain.startTestSuite(TestCaseMain.java:142)
	at com.kms.katalon.core.main.TestCaseMain$startTestSuite$0.call(Unknown Source)
	at org.codehaus.groovy.runtime.callsite.CallSiteArray.defaultCall(CallSiteArray.java:48)
	at org.codehaus.groovy.runtime.callsite.AbstractCallSite.call(AbstractCallSite.java:113)
	at org.codehaus.groovy.runtime.callsite.AbstractCallSite.call(AbstractCallSite.java:141)
	at TempTestSuite1543994986730.run(TempTestSuite1543994986730.groovy:36)
	at groovy.lang.GroovyShell.runScriptOrMainOrTestOrRunnable(GroovyShell.java:263)
	at groovy.lang.GroovyShell.run(GroovyShell.java:518)
	at groovy.lang.GroovyShell.run(GroovyShell.java:507)
	at groovy.ui.GroovyMain.processOnce(GroovyMain.java:653)
	at groovy.ui.GroovyMain.run(GroovyMain.java:384)
	at groovy.ui.GroovyMain.process(GroovyMain.java:370)
	at groovy.ui.GroovyMain.processArgs(GroovyMain.java:129)
	at groovy.ui.GroovyMain.main(GroovyMain.java:109)
	at sun.reflect.NativeMethodAccessorImpl.invoke0(Native Method)
	at sun.reflect.NativeMethodAccessorImpl.invoke(NativeMethodAccessorImpl.java:62)
	at sun.reflect.DelegatingMethodAccessorImpl.invoke(DelegatingMethodAccessorImpl.java:43)
	at java.lang.reflect.Method.invoke(Method.java:498)
	at org.codehaus.groovy.tools.GroovyStarter.rootLoader(GroovyStarter.java:109)
	at org.codehaus.groovy.tools.GroovyStarter.main(GroovyStarter.java:131)
)

2018-12-05 15:48:25 - [TEST_STEP][PASSED] - callTestCase: Call Test Case 'Test Cases/Final Aug 2018 - PKS Automation/Registration Module/Workflow/Request SSN/Template/Request SSN - OTC (Using Current Employer Code)' successfully

2018-12-05 15:48:25 - [TEST_CASE][PASSED] - Test Cases/Final Aug 2018 - PKS Automation/Registration Module/Workflow/Request SSN/Template/Request SSN - OTC (Using Current Employer Code): Test Cases/Final Aug 2018 - PKS Automation/Registration Module/Workflow/Request SSN/Template/Request SSN - OTC (Using Current Employer Code)

2018-12-05 15:48:25 - [TEST_STEP][PASSED] - openBrowser: Browser is opened with url: ''

2018-12-05 15:48:25 - [MESSAGE][WARNING] - A browser is already opened. Closing browser and opening a new one

2018-12-05 15:48:28 - [MESSAGE][PASSED] - Browser is opened with url: ''

2018-12-05 15:48:28 - [TEST_STEP][PASSED] - navigateToUrl: Navigate to 'https://assist2-uat.perkeso.gov.my/login' successfully

2018-12-05 15:48:29 - [MESSAGE][PASSED] - Navigate to 'https://assist2-uat.perkeso.gov.my/login' successfully

2018-12-05 15:48:29 - [TEST_STEP][PASSED] - setText: Text 'johorotc1@gmail.com' is set on object 'Object Repository/Final Object Repo/Login Page/Internal User/Email Address'

2018-12-05 15:48:29 - [MESSAGE][PASSED] - Text 'johorotc1@gmail.com' is set on object 'Object Repository/Final Object Repo/Login Page/Internal User/Email Address'

2018-12-05 15:48:29 - [TEST_STEP][PASSED] - click: Object: 'Object Repository/Final Object Repo/Login Page/Internal User/Next Button' is clicked on

2018-12-05 15:48:29 - [MESSAGE][PASSED] - Object: 'Object Repository/Final Object Repo/Login Page/Internal User/Next Button' is clicked on

2018-12-05 15:48:29 - [TEST_STEP][PASSED] - delay: Delayed 1 second(s)

2018-12-05 15:48:30 - [MESSAGE][PASSED] - Delayed 1 second(s)

2018-12-05 15:48:30 - [TEST_STEP][PASSED] - setEncryptedText: Text ****** has been set on object 'Object Repository/Final Object Repo/Login Page/Internal User/Password'

2018-12-05 15:48:30 - [MESSAGE][PASSED] - Text ****** has been set on object 'Object Repository/Final Object Repo/Login Page/Internal User/Password'

2018-12-05 15:48:30 - [TEST_STEP][PASSED] - click: Object: 'Object Repository/Final Object Repo/Login Page/Internal User/Login Button' is clicked on

2018-12-05 15:48:31 - [MESSAGE][PASSED] - Object: 'Object Repository/Final Object Repo/Login Page/Internal User/Login Button' is clicked on

2018-12-05 15:48:31 - [TEST_STEP][PASSED] - delay: Delayed 1 second(s)

2018-12-05 15:48:32 - [MESSAGE][PASSED] - Delayed 1 second(s)

2018-12-05 15:48:32 - [TEST_STEP][PASSED] - Statement - tester = com.kms.katalon.core.testobject.ObjectRepository.findTestObject(Final Object Repo/Landing Page/Select to English): Finding Test Object with id 'Object Repository/Final Object Repo/Landing Page/Select to English'

2018-12-05 15:48:32 - [TEST_STEP][PASSED] - Statement - Try: Delayed 2 second(s)

2018-12-05 15:48:32 - [TEST_STEP][PASSED] - Statement - Checker = com.kms.katalon.core.webui.keyword.WebUiBuiltInKeywords.verifyElementNotPresent(tester, 5): Web element with id: 'Object Repository/Final Object Repo/Landing Page/Select to English' located by 'By.xpath: //a[@class = 'taglib-language-list-text' and @lang = 'en-US' and (contains(text(), 'EN') or contains(., 'EN'))]' is not present after '5' second(s)

2018-12-05 15:48:32 - [MESSAGE][PASSED] - Web element with id: 'Object Repository/Final Object Repo/Landing Page/Select to English' located by 'By.xpath: //a[@class = 'taglib-language-list-text' and @lang = 'en-US' and (contains(text(), 'EN') or contains(., 'EN'))]' is not present after '5' second(s)

2018-12-05 15:48:32 - [TEST_STEP][PASSED] - Statement - If (Checker == false): null

2018-12-05 15:48:32 - [TEST_STEP][PASSED] - delay: Delayed 2 second(s)

2018-12-05 15:48:34 - [MESSAGE][PASSED] - Delayed 2 second(s)

2018-12-05 15:48:34 - [TEST_STEP][PASSED] - delay: Delayed 5 second(s)

2018-12-05 15:48:39 - [MESSAGE][PASSED] - Delayed 5 second(s)

2018-12-05 15:48:39 - [TEST_STEP][PASSED] - delay: Delayed 1 second(s)

2018-12-05 15:48:40 - [MESSAGE][PASSED] - Delayed 1 second(s)

2018-12-05 15:48:40 - [TEST_STEP][PASSED] - navigateToUrl: Navigate to 'https://assist2-uat.perkeso.gov.my/web/registration/request-ssn' successfully

2018-12-05 15:48:44 - [MESSAGE][PASSED] - Navigate to 'https://assist2-uat.perkeso.gov.my/web/registration/request-ssn' successfully

2018-12-05 15:48:44 - [TEST_STEP][PASSED] - setText: Text 'perkeso' is set on object 'Object Repository/Final Object Repo/Page_Request SSN - ASSIST/AI - Name'

2018-12-05 15:48:45 - [MESSAGE][PASSED] - Text 'perkeso' is set on object 'Object Repository/Final Object Repo/Page_Request SSN - ASSIST/AI - Name'

2018-12-05 15:48:45 - [TEST_STEP][PASSED] - click: Object: 'Object Repository/Final Object Repo/Page_Request SSN - ASSIST/AI - DOB' is clicked on

2018-12-05 15:48:45 - [MESSAGE][PASSED] - Object: 'Object Repository/Final Object Repo/Page_Request SSN - ASSIST/AI - DOB' is clicked on

2018-12-05 15:48:45 - [TEST_STEP][PASSED] - selectOptionByValue: All options with value '1995' are selected in object 'Object Repository/Final Object Repo/Page_Request SSN - ASSIST/AI - DOB - Year' 

2018-12-05 15:48:46 - [MESSAGE][PASSED] - All options with value '1995' are selected in object 'Object Repository/Final Object Repo/Page_Request SSN - ASSIST/AI - DOB - Year' 

2018-12-05 15:48:46 - [TEST_STEP][PASSED] - delay: Delayed 3 second(s)

2018-12-05 15:48:49 - [MESSAGE][PASSED] - Delayed 3 second(s)

2018-12-05 15:48:49 - [TEST_STEP][PASSED] - doubleClick: Object: 'Object Repository/Final Object Repo/Page_Request SSN - ASSIST/AI - DOB - Year - Date' is double clicked on

2018-12-05 15:48:49 - [MESSAGE][PASSED] - Object: 'Object Repository/Final Object Repo/Page_Request SSN - ASSIST/AI - DOB - Year - Date' is double clicked on

2018-12-05 15:48:49 - [TEST_STEP][PASSED] - click: Object: 'Object Repository/Final Object Repo/Page_Request SSN - ASSIST/AI - Male' is clicked on

2018-12-05 15:48:49 - [MESSAGE][PASSED] - Object: 'Object Repository/Final Object Repo/Page_Request SSN - ASSIST/AI - Male' is clicked on

2018-12-05 15:48:49 - [TEST_STEP][PASSED] - click: Object: 'Object Repository/Final Object Repo/Page_Request SSN - ASSIST/AI- Race' is clicked on

2018-12-05 15:48:49 - [MESSAGE][PASSED] - Object: 'Object Repository/Final Object Repo/Page_Request SSN - ASSIST/AI- Race' is clicked on

2018-12-05 15:48:49 - [TEST_STEP][PASSED] - click: Object: 'Object Repository/Final Object Repo/Page_Request SSN - ASSIST/AI - Race - Melayu' is clicked on

2018-12-05 15:48:50 - [MESSAGE][PASSED] - Object: 'Object Repository/Final Object Repo/Page_Request SSN - ASSIST/AI - Race - Melayu' is clicked on

2018-12-05 15:48:50 - [TEST_STEP][PASSED] - click: Object: 'Object Repository/Final Object Repo/Page_Request SSN - ASSIST/AI - Religion' is clicked on

2018-12-05 15:48:50 - [MESSAGE][PASSED] - Object: 'Object Repository/Final Object Repo/Page_Request SSN - ASSIST/AI - Religion' is clicked on

2018-12-05 15:48:50 - [TEST_STEP][PASSED] - click: Object: 'Object Repository/Final Object Repo/Page_Request SSN - ASSIST/AI - Religion - Islam' is clicked on

2018-12-05 15:48:50 - [MESSAGE][PASSED] - Object: 'Object Repository/Final Object Repo/Page_Request SSN - ASSIST/AI - Religion - Islam' is clicked on

2018-12-05 15:48:50 - [TEST_STEP][PASSED] - setText: Text '12345' is set on object 'Object Repository/Final Object Repo/Page_Request SSN - ASSIST/AI - Birth Certificate'

2018-12-05 15:48:51 - [MESSAGE][PASSED] - Text '12345' is set on object 'Object Repository/Final Object Repo/Page_Request SSN - ASSIST/AI - Birth Certificate'

2018-12-05 15:48:51 - [TEST_STEP][PASSED] - click: Object: 'Object Repository/Final Object Repo/Page_Request SSN - ASSIST/AI - Nationality' is clicked on

2018-12-05 15:48:51 - [MESSAGE][PASSED] - Object: 'Object Repository/Final Object Repo/Page_Request SSN - ASSIST/AI - Nationality' is clicked on

2018-12-05 15:48:51 - [TEST_STEP][PASSED] - click: Object: 'Object Repository/Final Object Repo/Page_Request SSN - ASSIST/AI - Nationality - Afghanistan' is clicked on

2018-12-05 15:48:51 - [MESSAGE][PASSED] - Object: 'Object Repository/Final Object Repo/Page_Request SSN - ASSIST/AI - Nationality - Afghanistan' is clicked on

2018-12-05 15:48:51 - [TEST_STEP][PASSED] - setText: Text 'PERKESO ADDRESS1' is set on object 'Object Repository/Final Object Repo/Page_Request SSN - ASSIST/AI - Address1'

2018-12-05 15:48:53 - [MESSAGE][PASSED] - Text 'PERKESO ADDRESS1' is set on object 'Object Repository/Final Object Repo/Page_Request SSN - ASSIST/AI - Address1'

2018-12-05 15:48:53 - [TEST_STEP][PASSED] - setText: Text 'PERKESO ADDRESS2' is set on object 'Object Repository/Final Object Repo/Page_Request SSN - ASSIST/AI - Address2'

2018-12-05 15:48:54 - [MESSAGE][PASSED] - Text 'PERKESO ADDRESS2' is set on object 'Object Repository/Final Object Repo/Page_Request SSN - ASSIST/AI - Address2'

2018-12-05 15:48:54 - [TEST_STEP][PASSED] - setText: Text 'PERKESO ADDRESS3' is set on object 'Object Repository/Final Object Repo/Page_Request SSN - ASSIST/AI - Address3'

2018-12-05 15:48:55 - [MESSAGE][PASSED] - Text 'PERKESO ADDRESS3' is set on object 'Object Repository/Final Object Repo/Page_Request SSN - ASSIST/AI - Address3'

2018-12-05 15:48:55 - [TEST_STEP][PASSED] - click: Object: 'Object Repository/Final Object Repo/Page_Request SSN - ASSIST/AI - State' is clicked on

2018-12-05 15:48:55 - [MESSAGE][PASSED] - Object: 'Object Repository/Final Object Repo/Page_Request SSN - ASSIST/AI - State' is clicked on

2018-12-05 15:48:55 - [TEST_STEP][PASSED] - click: Object: 'Object Repository/Final Object Repo/Page_Request SSN - ASSIST/AI - Current Employer State - Johor' is clicked on

2018-12-05 15:48:56 - [MESSAGE][PASSED] - Object: 'Object Repository/Final Object Repo/Page_Request SSN - ASSIST/AI - Current Employer State - Johor' is clicked on

2018-12-05 15:48:56 - [TEST_STEP][PASSED] - click: Object: 'Object Repository/Final Object Repo/Page_Request SSN - ASSIST/AI - City' is clicked on

2018-12-05 15:48:56 - [MESSAGE][PASSED] - Object: 'Object Repository/Final Object Repo/Page_Request SSN - ASSIST/AI - City' is clicked on

2018-12-05 15:48:56 - [TEST_STEP][PASSED] - setText: Text 'JOH' is set on object 'Object Repository/Final Object Repo/Page_Request SSN - ASSIST/AI - City - JOH'

2018-12-05 15:48:57 - [MESSAGE][PASSED] - Text 'JOH' is set on object 'Object Repository/Final Object Repo/Page_Request SSN - ASSIST/AI - City - JOH'

2018-12-05 15:48:57 - [TEST_STEP][PASSED] - delay: Delayed 3 second(s)

2018-12-05 15:49:00 - [MESSAGE][PASSED] - Delayed 3 second(s)

2018-12-05 15:49:00 - [TEST_STEP][PASSED] - click: Object: 'Object Repository/Final Object Repo/Page_Request SSN - ASSIST/AI - City - Johor Bharu' is clicked on

2018-12-05 15:49:00 - [MESSAGE][PASSED] - Object: 'Object Repository/Final Object Repo/Page_Request SSN - ASSIST/AI - City - Johor Bharu' is clicked on

2018-12-05 15:49:00 - [TEST_STEP][PASSED] - click: Object: 'Object Repository/Final Object Repo/Page_Request SSN - ASSIST/AI - Post Code' is clicked on

2018-12-05 15:49:00 - [MESSAGE][PASSED] - Object: 'Object Repository/Final Object Repo/Page_Request SSN - ASSIST/AI - Post Code' is clicked on

2018-12-05 15:49:00 - [TEST_STEP][PASSED] - setText: Text '810' is set on object 'Object Repository/Final Object Repo/Page_Request SSN - ASSIST/AI - City - JOH'

2018-12-05 15:49:00 - [MESSAGE][PASSED] - Text '810' is set on object 'Object Repository/Final Object Repo/Page_Request SSN - ASSIST/AI - City - JOH'

2018-12-05 15:49:00 - [TEST_STEP][PASSED] - delay: Delayed 3 second(s)

2018-12-05 15:49:03 - [MESSAGE][PASSED] - Delayed 3 second(s)

2018-12-05 15:49:03 - [TEST_STEP][PASSED] - click: Object: 'Object Repository/Final Object Repo/Page_Request SSN - ASSIST/AI - PostCode - 81000' is clicked on

2018-12-05 15:49:04 - [MESSAGE][PASSED] - Object: 'Object Repository/Final Object Repo/Page_Request SSN - ASSIST/AI - PostCode - 81000' is clicked on

2018-12-05 15:49:04 - [TEST_STEP][PASSED] - setText: Text '100' is set on object 'Object Repository/Final Object Repo/Page_Request SSN - ASSIST/P.O.BOX'

2018-12-05 15:49:04 - [MESSAGE][PASSED] - Text '100' is set on object 'Object Repository/Final Object Repo/Page_Request SSN - ASSIST/P.O.BOX'

2018-12-05 15:49:04 - [TEST_STEP][PASSED] - setText: Text '100' is set on object 'Object Repository/Final Object Repo/Page_Request SSN - ASSIST/Locked Bag No'

2018-12-05 15:49:05 - [MESSAGE][PASSED] - Text '100' is set on object 'Object Repository/Final Object Repo/Page_Request SSN - ASSIST/Locked Bag No'

2018-12-05 15:49:05 - [TEST_STEP][PASSED] - delay: Delayed 2 second(s)

2018-12-05 15:49:07 - [MESSAGE][PASSED] - Delayed 2 second(s)

2018-12-05 15:49:07 - [TEST_STEP][PASSED] - setText: Text '123456789' is set on object 'Object Repository/Final Object Repo/Page_Request SSN - ASSIST/AI - Telephone No'

2018-12-05 15:49:08 - [MESSAGE][PASSED] - Text '123456789' is set on object 'Object Repository/Final Object Repo/Page_Request SSN - ASSIST/AI - Telephone No'

2018-12-05 15:49:08 - [TEST_STEP][PASSED] - click: Object: 'Object Repository/Final Object Repo/Page_Request SSN - ASSIST/AI - Occupation' is clicked on

2018-12-05 15:49:08 - [MESSAGE][PASSED] - Object: 'Object Repository/Final Object Repo/Page_Request SSN - ASSIST/AI - Occupation' is clicked on

2018-12-05 15:49:08 - [TEST_STEP][PASSED] - click: Object: 'Object Repository/Final Object Repo/Page_Request SSN - ASSIST/AI - Occupation - NUMERICAL AND MATERIAL R' is clicked on

2018-12-05 15:49:08 - [MESSAGE][PASSED] - Object: 'Object Repository/Final Object Repo/Page_Request SSN - ASSIST/AI - Occupation - NUMERICAL AND MATERIAL R' is clicked on

2018-12-05 15:49:08 - [TEST_STEP][PASSED] - delay: Delayed 2 second(s)

2018-12-05 15:49:10 - [MESSAGE][PASSED] - Delayed 2 second(s)

2018-12-05 15:49:10 - [TEST_STEP][PASSED] - click: Object: 'Object Repository/Final Object Repo/Page_Request SSN - ASSIST/AI - Sub Occupation' is clicked on

2018-12-05 15:49:10 - [MESSAGE][PASSED] - Object: 'Object Repository/Final Object Repo/Page_Request SSN - ASSIST/AI - Sub Occupation' is clicked on

2018-12-05 15:49:10 - [TEST_STEP][PASSED] - click: Object: 'Object Repository/Final Object Repo/Page_Request SSN - ASSIST/AI - Sub Occupation - Stock Clerks' is clicked on

2018-12-05 15:49:11 - [MESSAGE][PASSED] - Object: 'Object Repository/Final Object Repo/Page_Request SSN - ASSIST/AI - Sub Occupation - Stock Clerks' is clicked on

2018-12-05 15:49:11 - [TEST_STEP][PASSED] - delay: Delayed 2 second(s)

2018-12-05 15:49:13 - [MESSAGE][PASSED] - Delayed 2 second(s)

2018-12-05 15:49:13 - [TEST_STEP][PASSED] - click: Object: 'Object Repository/Final Object Repo/Page_Request SSN - ASSIST/AI - Sub Occupation List' is clicked on

2018-12-05 15:49:13 - [MESSAGE][PASSED] - Object: 'Object Repository/Final Object Repo/Page_Request SSN - ASSIST/AI - Sub Occupation List' is clicked on

2018-12-05 15:49:13 - [TEST_STEP][PASSED] - click: Object: 'Object Repository/Final Object Repo/Page_Request SSN - ASSIST/AI - Sub Occupation List - Clerk raw material' is clicked on

2018-12-05 15:49:13 - [MESSAGE][PASSED] - Object: 'Object Repository/Final Object Repo/Page_Request SSN - ASSIST/AI - Sub Occupation List - Clerk raw material' is clicked on

2018-12-05 15:49:13 - [TEST_STEP][PASSED] - click: Object: 'Object Repository/Final Object Repo/Page_Request SSN - ASSIST/AI - Employment Start Date' is clicked on

2018-12-05 15:49:14 - [MESSAGE][PASSED] - Object: 'Object Repository/Final Object Repo/Page_Request SSN - ASSIST/AI - Employment Start Date' is clicked on

2018-12-05 15:49:14 - [TEST_STEP][PASSED] - click: Object: 'Object Repository/Final Object Repo/Page_Request SSN - ASSIST/AI - DOB - Year - Date' is clicked on

2018-12-05 15:49:14 - [MESSAGE][PASSED] - Object: 'Object Repository/Final Object Repo/Page_Request SSN - ASSIST/AI - DOB - Year - Date' is clicked on

2018-12-05 15:49:14 - [TEST_STEP][PASSED] - setText: Text 'E1102001065V' is set on object 'Object Repository/Final Object Repo/Page_Request SSN - ASSIST/AI - Current Employer Code'

2018-12-05 15:49:15 - [MESSAGE][PASSED] - Text 'E1102001065V' is set on object 'Object Repository/Final Object Repo/Page_Request SSN - ASSIST/AI - Current Employer Code'

2018-12-05 15:49:15 - [TEST_STEP][PASSED] - delay: Delayed 2 second(s)

2018-12-05 15:49:17 - [MESSAGE][PASSED] - Delayed 2 second(s)

2018-12-05 15:49:17 - [TEST_STEP][PASSED] - click: Object: 'Object Repository/Final Object Repo/Page_Request SSN - ASSIST/AI - Current Employer Code - Search' is clicked on

2018-12-05 15:49:17 - [MESSAGE][PASSED] - Object: 'Object Repository/Final Object Repo/Page_Request SSN - ASSIST/AI - Current Employer Code - Search' is clicked on

2018-12-05 15:49:17 - [TEST_STEP][PASSED] - delay: Delayed 2 second(s)

2018-12-05 15:49:19 - [MESSAGE][PASSED] - Delayed 2 second(s)

2018-12-05 15:49:19 - [TEST_STEP][NOT_RUN] - setText: NOT_RUN: setText

2018-12-05 15:49:19 - [MESSAGE][NOT_RUN] - NOT_RUN: setText

2018-12-05 15:49:19 - [TEST_STEP][NOT_RUN] - setText: NOT_RUN: setText

2018-12-05 15:49:19 - [MESSAGE][NOT_RUN] - NOT_RUN: setText

2018-12-05 15:49:19 - [TEST_STEP][NOT_RUN] - setText: NOT_RUN: setText

2018-12-05 15:49:19 - [MESSAGE][NOT_RUN] - NOT_RUN: setText

2018-12-05 15:49:19 - [TEST_STEP][NOT_RUN] - setText: NOT_RUN: setText

2018-12-05 15:49:19 - [MESSAGE][NOT_RUN] - NOT_RUN: setText

2018-12-05 15:49:19 - [TEST_STEP][NOT_RUN] - click: NOT_RUN: click

2018-12-05 15:49:19 - [MESSAGE][NOT_RUN] - NOT_RUN: click

2018-12-05 15:49:19 - [TEST_STEP][NOT_RUN] - click: NOT_RUN: click

2018-12-05 15:49:19 - [MESSAGE][NOT_RUN] - NOT_RUN: click

2018-12-05 15:49:19 - [TEST_STEP][NOT_RUN] - click: NOT_RUN: click

2018-12-05 15:49:19 - [MESSAGE][NOT_RUN] - NOT_RUN: click

2018-12-05 15:49:19 - [TEST_STEP][NOT_RUN] - setText: NOT_RUN: setText

2018-12-05 15:49:19 - [MESSAGE][NOT_RUN] - NOT_RUN: setText

2018-12-05 15:49:19 - [TEST_STEP][NOT_RUN] - delay: NOT_RUN: delay

2018-12-05 15:49:19 - [MESSAGE][NOT_RUN] - NOT_RUN: delay

2018-12-05 15:49:19 - [TEST_STEP][NOT_RUN] - click: NOT_RUN: click

2018-12-05 15:49:19 - [MESSAGE][NOT_RUN] - NOT_RUN: click

2018-12-05 15:49:19 - [TEST_STEP][NOT_RUN] - click: NOT_RUN: click

2018-12-05 15:49:19 - [MESSAGE][NOT_RUN] - NOT_RUN: click

2018-12-05 15:49:19 - [TEST_STEP][NOT_RUN] - setText: NOT_RUN: setText

2018-12-05 15:49:19 - [MESSAGE][NOT_RUN] - NOT_RUN: setText

2018-12-05 15:49:19 - [TEST_STEP][NOT_RUN] - delay: NOT_RUN: delay

2018-12-05 15:49:19 - [MESSAGE][NOT_RUN] - NOT_RUN: delay

2018-12-05 15:49:19 - [TEST_STEP][NOT_RUN] - click: NOT_RUN: click

2018-12-05 15:49:19 - [MESSAGE][NOT_RUN] - NOT_RUN: click

2018-12-05 15:49:19 - [TEST_STEP][NOT_RUN] - setText: NOT_RUN: setText

2018-12-05 15:49:19 - [MESSAGE][NOT_RUN] - NOT_RUN: setText

2018-12-05 15:49:19 - [TEST_STEP][NOT_RUN] - setText: NOT_RUN: setText

2018-12-05 15:49:19 - [MESSAGE][NOT_RUN] - NOT_RUN: setText

2018-12-05 15:49:19 - [TEST_STEP][NOT_RUN] - click: NOT_RUN: click

2018-12-05 15:49:19 - [MESSAGE][NOT_RUN] - NOT_RUN: click

2018-12-05 15:49:19 - [TEST_STEP][NOT_RUN] - click: NOT_RUN: click

2018-12-05 15:49:19 - [MESSAGE][NOT_RUN] - NOT_RUN: click

2018-12-05 15:49:19 - [TEST_STEP][NOT_RUN] - setText: NOT_RUN: setText

2018-12-05 15:49:19 - [MESSAGE][NOT_RUN] - NOT_RUN: setText

2018-12-05 15:49:19 - [TEST_STEP][NOT_RUN] - click: NOT_RUN: click

2018-12-05 15:49:19 - [MESSAGE][NOT_RUN] - NOT_RUN: click

2018-12-05 15:49:19 - [TEST_STEP][NOT_RUN] - click: NOT_RUN: click

2018-12-05 15:49:19 - [MESSAGE][NOT_RUN] - NOT_RUN: click

2018-12-05 15:49:19 - [TEST_STEP][NOT_RUN] - click: NOT_RUN: click

2018-12-05 15:49:19 - [MESSAGE][NOT_RUN] - NOT_RUN: click

2018-12-05 15:49:19 - [TEST_STEP][NOT_RUN] - click: NOT_RUN: click

2018-12-05 15:49:19 - [MESSAGE][NOT_RUN] - NOT_RUN: click

2018-12-05 15:49:19 - [TEST_STEP][NOT_RUN] - click: NOT_RUN: click

2018-12-05 15:49:19 - [MESSAGE][NOT_RUN] - NOT_RUN: click

2018-12-05 15:49:19 - [TEST_STEP][NOT_RUN] - click: NOT_RUN: click

2018-12-05 15:49:19 - [MESSAGE][NOT_RUN] - NOT_RUN: click

2018-12-05 15:49:19 - [TEST_STEP][NOT_RUN] - setText: NOT_RUN: setText

2018-12-05 15:49:19 - [MESSAGE][NOT_RUN] - NOT_RUN: setText

2018-12-05 15:49:19 - [TEST_STEP][NOT_RUN] - setText: NOT_RUN: setText

2018-12-05 15:49:19 - [MESSAGE][NOT_RUN] - NOT_RUN: setText

2018-12-05 15:49:19 - [TEST_STEP][NOT_RUN] - setText: NOT_RUN: setText

2018-12-05 15:49:19 - [MESSAGE][NOT_RUN] - NOT_RUN: setText

2018-12-05 15:49:19 - [TEST_STEP][NOT_RUN] - click: NOT_RUN: click

2018-12-05 15:49:19 - [MESSAGE][NOT_RUN] - NOT_RUN: click

2018-12-05 15:49:19 - [TEST_STEP][NOT_RUN] - click: NOT_RUN: click

2018-12-05 15:49:19 - [MESSAGE][NOT_RUN] - NOT_RUN: click

2018-12-05 15:49:19 - [TEST_STEP][NOT_RUN] - click: NOT_RUN: click

2018-12-05 15:49:19 - [MESSAGE][NOT_RUN] - NOT_RUN: click

2018-12-05 15:49:19 - [TEST_STEP][NOT_RUN] - setText: NOT_RUN: setText

2018-12-05 15:49:19 - [MESSAGE][NOT_RUN] - NOT_RUN: setText

2018-12-05 15:49:20 - [TEST_STEP][NOT_RUN] - delay: NOT_RUN: delay

2018-12-05 15:49:20 - [MESSAGE][NOT_RUN] - NOT_RUN: delay

2018-12-05 15:49:20 - [TEST_STEP][NOT_RUN] - click: NOT_RUN: click

2018-12-05 15:49:20 - [MESSAGE][NOT_RUN] - NOT_RUN: click

2018-12-05 15:49:20 - [TEST_STEP][NOT_RUN] - click: NOT_RUN: click

2018-12-05 15:49:20 - [MESSAGE][NOT_RUN] - NOT_RUN: click

2018-12-05 15:49:20 - [TEST_STEP][NOT_RUN] - click: NOT_RUN: click

2018-12-05 15:49:20 - [MESSAGE][NOT_RUN] - NOT_RUN: click

2018-12-05 15:49:20 - [TEST_STEP][NOT_RUN] - setText: NOT_RUN: setText

2018-12-05 15:49:20 - [MESSAGE][NOT_RUN] - NOT_RUN: setText

2018-12-05 15:49:20 - [TEST_STEP][NOT_RUN] - delay: NOT_RUN: delay

2018-12-05 15:49:20 - [MESSAGE][NOT_RUN] - NOT_RUN: delay

2018-12-05 15:49:20 - [TEST_STEP][NOT_RUN] - click: NOT_RUN: click

2018-12-05 15:49:20 - [MESSAGE][NOT_RUN] - NOT_RUN: click

2018-12-05 15:49:20 - [TEST_STEP][NOT_RUN] - delay: NOT_RUN: delay

2018-12-05 15:49:20 - [MESSAGE][NOT_RUN] - NOT_RUN: delay

2018-12-05 15:49:20 - [TEST_STEP][NOT_RUN] - setText: NOT_RUN: setText

2018-12-05 15:49:20 - [MESSAGE][NOT_RUN] - NOT_RUN: setText

2018-12-05 15:49:20 - [TEST_STEP][NOT_RUN] - setText: NOT_RUN: setText

2018-12-05 15:49:20 - [MESSAGE][NOT_RUN] - NOT_RUN: setText

2018-12-05 15:49:20 - [TEST_STEP][NOT_RUN] - setText: NOT_RUN: setText

2018-12-05 15:49:20 - [MESSAGE][NOT_RUN] - NOT_RUN: setText

2018-12-05 15:49:20 - [TEST_STEP][NOT_RUN] - click: NOT_RUN: click

2018-12-05 15:49:20 - [MESSAGE][NOT_RUN] - NOT_RUN: click

2018-12-05 15:49:20 - [TEST_STEP][NOT_RUN] - click: NOT_RUN: click

2018-12-05 15:49:20 - [MESSAGE][NOT_RUN] - NOT_RUN: click

2018-12-05 15:49:20 - [TEST_STEP][NOT_RUN] - setText: NOT_RUN: setText

2018-12-05 15:49:20 - [MESSAGE][NOT_RUN] - NOT_RUN: setText

2018-12-05 15:49:20 - [TEST_STEP][NOT_RUN] - click: NOT_RUN: click

2018-12-05 15:49:20 - [MESSAGE][NOT_RUN] - NOT_RUN: click

2018-12-05 15:49:20 - [TEST_STEP][NOT_RUN] - click: NOT_RUN: click

2018-12-05 15:49:20 - [MESSAGE][NOT_RUN] - NOT_RUN: click

2018-12-05 15:49:20 - [TEST_STEP][NOT_RUN] - click: NOT_RUN: click

2018-12-05 15:49:20 - [MESSAGE][NOT_RUN] - NOT_RUN: click

2018-12-05 15:49:20 - [TEST_STEP][NOT_RUN] - click: NOT_RUN: click

2018-12-05 15:49:20 - [MESSAGE][NOT_RUN] - NOT_RUN: click

2018-12-05 15:49:20 - [TEST_STEP][NOT_RUN] - click: NOT_RUN: click

2018-12-05 15:49:20 - [MESSAGE][NOT_RUN] - NOT_RUN: click

2018-12-05 15:49:20 - [TEST_STEP][NOT_RUN] - click: NOT_RUN: click

2018-12-05 15:49:20 - [MESSAGE][NOT_RUN] - NOT_RUN: click

2018-12-05 15:49:20 - [TEST_STEP][NOT_RUN] - setText: NOT_RUN: setText

2018-12-05 15:49:20 - [MESSAGE][NOT_RUN] - NOT_RUN: setText

2018-12-05 15:49:20 - [TEST_STEP][NOT_RUN] - setText: NOT_RUN: setText

2018-12-05 15:49:20 - [MESSAGE][NOT_RUN] - NOT_RUN: setText

2018-12-05 15:49:20 - [TEST_STEP][NOT_RUN] - setText: NOT_RUN: setText

2018-12-05 15:49:20 - [MESSAGE][NOT_RUN] - NOT_RUN: setText

2018-12-05 15:49:21 - [TEST_STEP][NOT_RUN] - click: NOT_RUN: click

2018-12-05 15:49:21 - [MESSAGE][NOT_RUN] - NOT_RUN: click

2018-12-05 15:49:21 - [TEST_STEP][NOT_RUN] - click: NOT_RUN: click

2018-12-05 15:49:21 - [MESSAGE][NOT_RUN] - NOT_RUN: click

2018-12-05 15:49:21 - [TEST_STEP][NOT_RUN] - click: NOT_RUN: click

2018-12-05 15:49:21 - [MESSAGE][NOT_RUN] - NOT_RUN: click

2018-12-05 15:49:21 - [TEST_STEP][NOT_RUN] - delay: NOT_RUN: delay

2018-12-05 15:49:21 - [MESSAGE][NOT_RUN] - NOT_RUN: delay

2018-12-05 15:49:21 - [TEST_STEP][NOT_RUN] - setText: NOT_RUN: setText

2018-12-05 15:49:21 - [MESSAGE][NOT_RUN] - NOT_RUN: setText

2018-12-05 15:49:21 - [TEST_STEP][NOT_RUN] - delay: NOT_RUN: delay

2018-12-05 15:49:21 - [MESSAGE][NOT_RUN] - NOT_RUN: delay

2018-12-05 15:49:21 - [TEST_STEP][NOT_RUN] - click: NOT_RUN: click

2018-12-05 15:49:21 - [MESSAGE][NOT_RUN] - NOT_RUN: click

2018-12-05 15:49:21 - [TEST_STEP][NOT_RUN] - doubleClick: NOT_RUN: doubleClick

2018-12-05 15:49:21 - [MESSAGE][NOT_RUN] - NOT_RUN: doubleClick

2018-12-05 15:49:21 - [TEST_STEP][NOT_RUN] - click: NOT_RUN: click

2018-12-05 15:49:21 - [MESSAGE][NOT_RUN] - NOT_RUN: click

2018-12-05 15:49:21 - [TEST_STEP][NOT_RUN] - setText: NOT_RUN: setText

2018-12-05 15:49:21 - [MESSAGE][NOT_RUN] - NOT_RUN: setText

2018-12-05 15:49:21 - [TEST_STEP][NOT_RUN] - delay: NOT_RUN: delay

2018-12-05 15:49:21 - [MESSAGE][NOT_RUN] - NOT_RUN: delay

2018-12-05 15:49:21 - [TEST_STEP][NOT_RUN] - click: NOT_RUN: click

2018-12-05 15:49:21 - [MESSAGE][NOT_RUN] - NOT_RUN: click

2018-12-05 15:49:21 - [TEST_STEP][NOT_RUN] - delay: NOT_RUN: delay

2018-12-05 15:49:21 - [MESSAGE][NOT_RUN] - NOT_RUN: delay

2018-12-05 15:49:21 - [TEST_STEP][NOT_RUN] - setText: NOT_RUN: setText

2018-12-05 15:49:21 - [MESSAGE][NOT_RUN] - NOT_RUN: setText

2018-12-05 15:49:21 - [TEST_STEP][PASSED] - click: Object: 'Object Repository/Final Object Repo/Page_Request SSN - ASSIST/Save  Continue' is clicked on

2018-12-05 15:49:22 - [MESSAGE][PASSED] - Object: 'Object Repository/Final Object Repo/Page_Request SSN - ASSIST/Save  Continue' is clicked on

2018-12-05 15:49:22 - [TEST_STEP][PASSED] - delay: Delayed 3 second(s)

2018-12-05 15:49:25 - [MESSAGE][PASSED] - Delayed 3 second(s)

2018-12-05 15:49:25 - [TEST_STEP][PASSED] - Statement - CaseReferenceNo = com.kms.katalon.core.webui.keyword.WebUiBuiltInKeywords.getText(com.kms.katalon.core.testobject.ObjectRepository.findTestObject(Final Object Repo/Page_Request SSN - ASSIST/Reference Number in Uploading Page)): Text of object 'Object Repository/Final Object Repo/Page_Request SSN - ASSIST/Reference Number in Uploading Page' is: 'YUKI'

2018-12-05 15:49:25 - [MESSAGE][PASSED] - Text of object 'Object Repository/Final Object Repo/Page_Request SSN - ASSIST/Reference Number in Uploading Page' is: 'YUKI'

2018-12-05 15:49:25 - [TEST_STEP][PASSED] - click: Object: 'Object Repository/Final Object Repo/Page_Request SSN - ASSIST/Add Document Button' is clicked on

2018-12-05 15:49:25 - [MESSAGE][PASSED] - Object: 'Object Repository/Final Object Repo/Page_Request SSN - ASSIST/Add Document Button' is clicked on

2018-12-05 15:49:25 - [TEST_STEP][PASSED] - delay: Delayed 2 second(s)

2018-12-05 15:49:27 - [MESSAGE][PASSED] - Delayed 2 second(s)

2018-12-05 15:49:27 - [TEST_STEP][PASSED] - click: Object: 'Object Repository/Final Object Repo/Page_Request SSN - ASSIST/Document Type' is clicked on

2018-12-05 15:49:28 - [MESSAGE][PASSED] - Object: 'Object Repository/Final Object Repo/Page_Request SSN - ASSIST/Document Type' is clicked on

2018-12-05 15:49:28 - [TEST_STEP][PASSED] - click: Object: 'Object Repository/Final Object Repo/Page_Request SSN - ASSIST/Document Type - Birth Certificate' is clicked on

2018-12-05 15:49:28 - [MESSAGE][PASSED] - Object: 'Object Repository/Final Object Repo/Page_Request SSN - ASSIST/Document Type - Birth Certificate' is clicked on

2018-12-05 15:49:28 - [TEST_STEP][PASSED] - sendKeys: Keys 'C:\Users\Public\Pictures\Sample Pictures\Koala.jpg' sent to object: 'Object Repository/Final Object Repo/Page_Request SSN - ASSIST/Upload File'

2018-12-05 15:49:28 - [MESSAGE][PASSED] - Keys 'C:\Users\Public\Pictures\Sample Pictures\Koala.jpg' sent to object: 'Object Repository/Final Object Repo/Page_Request SSN - ASSIST/Upload File'

2018-12-05 15:49:28 - [TEST_STEP][PASSED] - click: Object: 'Object Repository/Final Object Repo/Page_Request SSN - ASSIST/Add Document' is clicked on

2018-12-05 15:49:28 - [MESSAGE][PASSED] - Object: 'Object Repository/Final Object Repo/Page_Request SSN - ASSIST/Add Document' is clicked on

2018-12-05 15:49:28 - [TEST_STEP][PASSED] - delay: Delayed 2 second(s)

2018-12-05 15:49:30 - [MESSAGE][PASSED] - Delayed 2 second(s)

2018-12-05 15:49:30 - [TEST_STEP][PASSED] - click: Object: 'Object Repository/Final Object Repo/Page_Request SSN - ASSIST/Save  Continue in Uploading Document Page' is clicked on

2018-12-05 15:49:32 - [MESSAGE][PASSED] - Object: 'Object Repository/Final Object Repo/Page_Request SSN - ASSIST/Save  Continue in Uploading Document Page' is clicked on

2018-12-05 15:49:32 - [TEST_STEP][PASSED] - delay: Delayed 2 second(s)

2018-12-05 15:49:34 - [MESSAGE][PASSED] - Delayed 2 second(s)

2018-12-05 15:49:34 - [TEST_STEP][PASSED] - click: Object: 'Object Repository/Final Object Repo/Page_Request SSN - ASSIST/Submit' is clicked on

2018-12-05 15:49:37 - [MESSAGE][PASSED] - Object: 'Object Repository/Final Object Repo/Page_Request SSN - ASSIST/Submit' is clicked on

2018-12-05 15:49:37 - [TEST_STEP][PASSED] - delay: Delayed 2 second(s)

2018-12-05 15:49:39 - [MESSAGE][PASSED] - Delayed 2 second(s)

2018-12-05 15:49:39 - [TEST_STEP][PASSED] - click: Object: 'Object Repository/Final Object Repo/Page_Request SSN - ASSIST/Confirm' is clicked on

2018-12-05 15:49:39 - [MESSAGE][PASSED] - Object: 'Object Repository/Final Object Repo/Page_Request SSN - ASSIST/Confirm' is clicked on

2018-12-05 15:49:39 - [TEST_STEP][PASSED] - delay: Delayed 2 second(s)

2018-12-05 15:49:41 - [MESSAGE][PASSED] - Delayed 2 second(s)

2018-12-05 15:49:41 - [TEST_STEP][PASSED] - verifyElementVisible: Object 'Object Repository/Final Object Repo/Page_Request SSN - ASSIST/Message This Case will be routed to RIO' is visible

2018-12-05 15:49:46 - [MESSAGE][PASSED] - Object 'Object Repository/Final Object Repo/Page_Request SSN - ASSIST/Message This Case will be routed to RIO' is visible

2018-12-05 15:49:46 - [TEST_STEP][PASSED] - delay: Delayed 2 second(s)

2018-12-05 15:49:48 - [MESSAGE][PASSED] - Delayed 2 second(s)

2018-12-05 15:49:48 - [TEST_STEP][PASSED] - verifyElementVisible: Object 'Object Repository/Final Object Repo/Page_Request SSN - ASSIST/Letter of acknowledgement' is visible

2018-12-05 15:49:48 - [MESSAGE][PASSED] - Object 'Object Repository/Final Object Repo/Page_Request SSN - ASSIST/Letter of acknowledgement' is visible

2018-12-05 15:49:48 - [MESSAGE][PASSED] - Call Test Case 'Test Cases/Final Aug 2018 - PKS Automation/Registration Module/Workflow/Request SSN/Template/Request SSN - OTC (Using Current Employer Code)' successfully

2018-12-05 15:49:48 - [TEST_STEP][PASSED] - delay: Delayed 2 second(s)

2018-12-05 15:49:50 - [MESSAGE][PASSED] - Delayed 2 second(s)

2018-12-05 15:49:50 - [TEST_STEP][PASSED] - navigateToUrl: Navigate to 'https://assist2-uat.perkeso.gov.my/c/portal/logout' successfully

2018-12-05 15:49:51 - [MESSAGE][PASSED] - Navigate to 'https://assist2-uat.perkeso.gov.my/c/portal/logout' successfully

2018-12-05 15:49:51 - [TEST_STEP][PASSED] - delay: Delayed 2 second(s)

2018-12-05 15:49:53 - [MESSAGE][PASSED] - Delayed 2 second(s)

2018-12-05 15:49:53 - [TEST_STEP][PASSED] - callTestCase: Call Test Case 'Test Cases/Final Aug 2018 - PKS Automation/Common/Workflow Owner Finder' successfully

2018-12-05 15:49:53 - [TEST_CASE][PASSED] - Test Cases/Final Aug 2018 - PKS Automation/Common/Workflow Owner Finder: Test Cases/Final Aug 2018 - PKS Automation/Common/Workflow Owner Finder

2018-12-05 15:49:53 - [TEST_STEP][PASSED] - openBrowser: Browser is opened with url: ''

2018-12-05 15:49:53 - [MESSAGE][WARNING] - A browser is already opened. Closing browser and opening a new one

2018-12-05 15:49:56 - [MESSAGE][PASSED] - Browser is opened with url: ''

2018-12-05 15:49:56 - [TEST_STEP][PASSED] - navigateToUrl: Navigate to 'https://assist2-uat.perkeso.gov.my/login' successfully

2018-12-05 15:49:57 - [MESSAGE][PASSED] - Navigate to 'https://assist2-uat.perkeso.gov.my/login' successfully

2018-12-05 15:49:57 - [TEST_STEP][PASSED] - delay: Delayed 5 second(s)

2018-12-05 15:50:02 - [MESSAGE][PASSED] - Delayed 5 second(s)

2018-12-05 15:50:02 - [TEST_STEP][PASSED] - setText: Text 'test@liferay.com' is set on object 'Object Repository/Final Object Repo/Login Page/Internal User/Email Address'

2018-12-05 15:50:03 - [MESSAGE][PASSED] - Text 'test@liferay.com' is set on object 'Object Repository/Final Object Repo/Login Page/Internal User/Email Address'

2018-12-05 15:50:03 - [TEST_STEP][PASSED] - click: Object: 'Object Repository/Final Object Repo/Login Page/Internal User/Next Button' is clicked on

2018-12-05 15:50:03 - [MESSAGE][PASSED] - Object: 'Object Repository/Final Object Repo/Login Page/Internal User/Next Button' is clicked on

2018-12-05 15:50:03 - [TEST_STEP][PASSED] - delay: Delayed 2 second(s)

2018-12-05 15:50:05 - [MESSAGE][PASSED] - Delayed 2 second(s)

2018-12-05 15:50:05 - [TEST_STEP][PASSED] - setText: Text 'test' is set on object 'Object Repository/Final Object Repo/Login Page/Internal User/Password'

2018-12-05 15:50:05 - [MESSAGE][PASSED] - Text 'test' is set on object 'Object Repository/Final Object Repo/Login Page/Internal User/Password'

2018-12-05 15:50:05 - [TEST_STEP][PASSED] - delay: Delayed 2 second(s)

2018-12-05 15:50:07 - [MESSAGE][PASSED] - Delayed 2 second(s)

2018-12-05 15:50:07 - [TEST_STEP][PASSED] - click: Object: 'Object Repository/Final Object Repo/Login Page/Internal User/Login Button' is clicked on

2018-12-05 15:50:07 - [MESSAGE][PASSED] - Object: 'Object Repository/Final Object Repo/Login Page/Internal User/Login Button' is clicked on

2018-12-05 15:50:07 - [TEST_STEP][PASSED] - Statement - tester = com.kms.katalon.core.testobject.ObjectRepository.findTestObject(Final Object Repo/Landing Page/Select to English): Finding Test Object with id 'Object Repository/Final Object Repo/Landing Page/Select to English'

2018-12-05 15:50:07 - [TEST_STEP][PASSED] - Statement - Try: Delayed 2 second(s)

2018-12-05 15:50:07 - [TEST_STEP][PASSED] - Statement - Checker = com.kms.katalon.core.webui.keyword.WebUiBuiltInKeywords.verifyElementNotPresent(tester, 3): Web element with id: 'Object Repository/Final Object Repo/Landing Page/Select to English' located by 'By.xpath: //a[@class = 'taglib-language-list-text' and @lang = 'en-US' and (contains(text(), 'EN') or contains(., 'EN'))]' is not present after '3' second(s)

2018-12-05 15:50:09 - [MESSAGE][PASSED] - Web element with id: 'Object Repository/Final Object Repo/Landing Page/Select to English' located by 'By.xpath: //a[@class = 'taglib-language-list-text' and @lang = 'en-US' and (contains(text(), 'EN') or contains(., 'EN'))]' is not present after '3' second(s)

2018-12-05 15:50:09 - [TEST_STEP][PASSED] - Statement - If (Checker == false): null

2018-12-05 15:50:09 - [TEST_STEP][PASSED] - delay: Delayed 2 second(s)

2018-12-05 15:50:11 - [MESSAGE][PASSED] - Delayed 2 second(s)

2018-12-05 15:50:11 - [TEST_STEP][PASSED] - delay: Delayed 5 second(s)

2018-12-05 15:50:16 - [MESSAGE][PASSED] - Delayed 5 second(s)

2018-12-05 15:50:16 - [TEST_STEP][PASSED] - mouseOver: Object: 'Object Repository/Final Object Repo/Landing Page/WorkFlow Menu' is hovered

2018-12-05 15:50:16 - [MESSAGE][PASSED] - Object: 'Object Repository/Final Object Repo/Landing Page/WorkFlow Menu' is hovered

2018-12-05 15:50:16 - [TEST_STEP][PASSED] - delay: Delayed 2 second(s)

2018-12-05 15:50:18 - [MESSAGE][PASSED] - Delayed 2 second(s)

2018-12-05 15:50:18 - [TEST_STEP][PASSED] - click: Object: 'Object Repository/Final Object Repo/Landing Page/Select to Workflow Listing' is clicked on

2018-12-05 15:50:19 - [MESSAGE][PASSED] - Object: 'Object Repository/Final Object Repo/Landing Page/Select to Workflow Listing' is clicked on

2018-12-05 15:50:19 - [TEST_STEP][PASSED] - delay: Delayed 2 second(s)

2018-12-05 15:50:21 - [MESSAGE][PASSED] - Delayed 2 second(s)

2018-12-05 15:50:21 - [TEST_STEP][PASSED] - click: Object: 'Object Repository/Final Object Repo/WorkFlow Listing Page/Search Information - To Put Ref No' is clicked on

2018-12-05 15:50:22 - [MESSAGE][PASSED] - Object: 'Object Repository/Final Object Repo/WorkFlow Listing Page/Search Information - To Put Ref No' is clicked on

2018-12-05 15:50:22 - [TEST_STEP][PASSED] - delay: Delayed 2 second(s)

2018-12-05 15:50:24 - [MESSAGE][PASSED] - Delayed 2 second(s)

2018-12-05 15:50:24 - [TEST_STEP][PASSED] - callTestCase: Call Test Case 'Test Cases/Final Aug 2018 - PKS Automation/Common/Reference Number Getter' successfully

2018-12-05 15:50:24 - [TEST_CASE][PASSED] - Test Cases/Final Aug 2018 - PKS Automation/Common/Reference Number Getter: Test Cases/Final Aug 2018 - PKS Automation/Common/Reference Number Getter

2018-12-05 15:50:24 - [TEST_STEP][PASSED] - Statement - Try: null

2018-12-05 15:50:24 - [TEST_STEP][PASSED] - Statement - RefNo = new java.io.File(C://Users//Admin//Desktop//PKS//Automation Reference Point//KatalonReference.txt): null

2018-12-05 15:50:24 - [TEST_STEP][PASSED] - Statement - bufferread = new java.io.BufferedReader(new java.io.FileReader(RefNo)): null

2018-12-05 15:50:24 - [TEST_STEP][PASSED] - Statement - readedVal = bufferread.readLine(): null

2018-12-05 15:50:24 - [TEST_STEP][PASSED] - Statement - out.println(CaseReferenceNo): null

2018-12-05 15:50:24 - [TEST_STEP][PASSED] - Statement - out.println(readedVal): null

2018-12-05 15:50:24 - [TEST_STEP][PASSED] - Statement - CaseReferenceNo = "": null

2018-12-05 15:50:24 - [TEST_STEP][PASSED] - Statement - CaseReferenceNo = readedVal: null

2018-12-05 15:50:24 - [MESSAGE][PASSED] - Call Test Case 'Test Cases/Final Aug 2018 - PKS Automation/Common/Reference Number Getter' successfully

2018-12-05 15:50:24 - [TEST_STEP][PASSED] - setText: Text 'SSN12201800001158' is set on object 'Object Repository/Final Object Repo/WorkFlow Listing Page/Ref No Set Text'

2018-12-05 15:50:24 - [MESSAGE][PASSED] - Text 'SSN12201800001158' is set on object 'Object Repository/Final Object Repo/WorkFlow Listing Page/Ref No Set Text'

2018-12-05 15:50:24 - [TEST_STEP][PASSED] - delay: Delayed 2 second(s)

2018-12-05 15:50:26 - [MESSAGE][PASSED] - Delayed 2 second(s)

2018-12-05 15:50:26 - [TEST_STEP][PASSED] - click: Object: 'Object Repository/Final Object Repo/WorkFlow Listing Page/Search Ref No Search Button' is clicked on

2018-12-05 15:50:26 - [MESSAGE][PASSED] - Object: 'Object Repository/Final Object Repo/WorkFlow Listing Page/Search Ref No Search Button' is clicked on

2018-12-05 15:50:26 - [TEST_STEP][PASSED] - delay: Delayed 6 second(s)

2018-12-05 15:50:32 - [MESSAGE][PASSED] - Delayed 6 second(s)

2018-12-05 15:50:32 - [TEST_STEP][PASSED] - click: Object: 'Object Repository/Final Object Repo/WorkFlow Listing Page/Click Continue Tooltip' is clicked on

2018-12-05 15:50:33 - [MESSAGE][PASSED] - Object: 'Object Repository/Final Object Repo/WorkFlow Listing Page/Click Continue Tooltip' is clicked on

2018-12-05 15:50:33 - [TEST_STEP][PASSED] - delay: Delayed 5 second(s)

2018-12-05 15:50:38 - [MESSAGE][PASSED] - Delayed 5 second(s)

2018-12-05 15:50:38 - [TEST_STEP][PASSED] - doubleClick: Object: 'Object Repository/Final Object Repo/WorkFlow Listing Page/Workflow Found - Listing 1' is double clicked on

2018-12-05 15:50:39 - [MESSAGE][PASSED] - Object: 'Object Repository/Final Object Repo/WorkFlow Listing Page/Workflow Found - Listing 1' is double clicked on

2018-12-05 15:50:39 - [TEST_STEP][PASSED] - Statement - println(OwnerID): null

2018-12-05 15:50:39 - [TEST_STEP][PASSED] - Statement - OwnerID = com.kms.katalon.core.webui.keyword.WebUiBuiltInKeywords.getText(com.kms.katalon.core.testobject.ObjectRepository.findTestObject(Final Object Repo/WorkFlow Listing Page/Workflow Found - Listing 1), STOP_ON_FAILURE): Text of object 'Object Repository/Final Object Repo/WorkFlow Listing Page/Workflow Found - Listing 1' is: 'JOHORrio1'

2018-12-05 15:50:39 - [MESSAGE][PASSED] - Text of object 'Object Repository/Final Object Repo/WorkFlow Listing Page/Workflow Found - Listing 1' is: 'JOHORrio1'

2018-12-05 15:50:39 - [TEST_STEP][PASSED] - Statement - OwnerID = OwnerID.toLowerCase() + "@gmail.com": null

2018-12-05 15:50:39 - [TEST_STEP][PASSED] - Statement - println(OwnerID): null

2018-12-05 15:50:39 - [TEST_STEP][PASSED] - delay: Delayed 2 second(s)

2018-12-05 15:50:41 - [MESSAGE][PASSED] - Delayed 2 second(s)

2018-12-05 15:50:41 - [MESSAGE][PASSED] - Call Test Case 'Test Cases/Final Aug 2018 - PKS Automation/Common/Workflow Owner Finder' successfully

2018-12-05 15:50:41 - [TEST_STEP][PASSED] - delay: Delayed 2 second(s)

2018-12-05 15:50:43 - [MESSAGE][PASSED] - Delayed 2 second(s)

2018-12-05 15:50:43 - [TEST_STEP][PASSED] - navigateToUrl: Navigate to 'https://assist2-uat.perkeso.gov.my/c/portal/logout' successfully

2018-12-05 15:50:44 - [MESSAGE][PASSED] - Navigate to 'https://assist2-uat.perkeso.gov.my/c/portal/logout' successfully

2018-12-05 15:50:44 - [TEST_STEP][PASSED] - delay: Delayed 2 second(s)

2018-12-05 15:50:46 - [MESSAGE][PASSED] - Delayed 2 second(s)

2018-12-05 15:50:46 - [TEST_STEP][PASSED] - callTestCase: Call Test Case 'Test Cases/Final Aug 2018 - PKS Automation/Registration Module/Workflow/Login and Search Case For Workflow' successfully

2018-12-05 15:50:46 - [TEST_CASE][PASSED] - Test Cases/Final Aug 2018 - PKS Automation/Registration Module/Workflow/Login and Search Case For Workflow: Test Cases/Final Aug 2018 - PKS Automation/Registration Module/Workflow/Login and Search Case For Workflow

2018-12-05 15:50:46 - [TEST_STEP][PASSED] - navigateToUrl: Navigate to 'https://assist2-uat.perkeso.gov.my/login' successfully

2018-12-05 15:50:46 - [MESSAGE][PASSED] - Navigate to 'https://assist2-uat.perkeso.gov.my/login' successfully

2018-12-05 15:50:46 - [TEST_STEP][PASSED] - setText: Text 'johorrio1@gmail.com' is set on object 'Object Repository/Final Object Repo/Login Page/Internal User/Email Address'

2018-12-05 15:50:47 - [MESSAGE][PASSED] - Text 'johorrio1@gmail.com' is set on object 'Object Repository/Final Object Repo/Login Page/Internal User/Email Address'

2018-12-05 15:50:47 - [TEST_STEP][PASSED] - click: Object: 'Object Repository/Final Object Repo/Login Page/Internal User/Next Button' is clicked on

2018-12-05 15:50:47 - [MESSAGE][PASSED] - Object: 'Object Repository/Final Object Repo/Login Page/Internal User/Next Button' is clicked on

2018-12-05 15:50:47 - [TEST_STEP][PASSED] - delay: Delayed 1 second(s)

2018-12-05 15:50:48 - [MESSAGE][PASSED] - Delayed 1 second(s)

2018-12-05 15:50:48 - [TEST_STEP][PASSED] - setEncryptedText: Text ****** has been set on object 'Object Repository/Final Object Repo/Login Page/Internal User/Password'

2018-12-05 15:50:48 - [MESSAGE][PASSED] - Text ****** has been set on object 'Object Repository/Final Object Repo/Login Page/Internal User/Password'

2018-12-05 15:50:48 - [TEST_STEP][PASSED] - click: Object: 'Object Repository/Final Object Repo/Login Page/Internal User/Login Button' is clicked on

2018-12-05 15:50:48 - [MESSAGE][PASSED] - Object: 'Object Repository/Final Object Repo/Login Page/Internal User/Login Button' is clicked on

2018-12-05 15:50:48 - [TEST_STEP][PASSED] - delay: Delayed 2 second(s)

2018-12-05 15:50:50 - [MESSAGE][PASSED] - Delayed 2 second(s)

2018-12-05 15:50:50 - [TEST_STEP][PASSED] - Statement - Try: Delayed 2 second(s)

2018-12-05 15:50:50 - [TEST_STEP][PASSED] - Statement - Checker = false: null

2018-12-05 15:50:50 - [TEST_STEP][PASSED] - Statement - Checker = com.kms.katalon.core.webui.keyword.WebUiBuiltInKeywords.verifyElementHasAttribute(com.kms.katalon.core.testobject.ObjectRepository.findTestObject(Final Object Repo/Landing Page/BM Detecting), "href", 20, OPTIONAL): Object 'Object Repository/Final Object Repo/Landing Page/BM Detecting' has attribute 'href'

2018-12-05 15:50:50 - [MESSAGE][PASSED] - Object 'Object Repository/Final Object Repo/Landing Page/BM Detecting' has attribute 'href'

2018-12-05 15:50:50 - [TEST_STEP][PASSED] - Statement - out.println(Checker): null

2018-12-05 15:50:50 - [TEST_STEP][PASSED] - Statement - If (Checker == false): null

2018-12-05 15:50:50 - [TEST_STEP][PASSED] - Statement - Else: null

2018-12-05 15:50:50 - [TEST_STEP][PASSED] - delay: Delayed 2 second(s)

2018-12-05 15:50:52 - [MESSAGE][PASSED] - Delayed 2 second(s)

2018-12-05 15:50:52 - [TEST_STEP][PASSED] - click: Object: 'Object Repository/Final Object Repo/Page_MyASSIST - ASSIST - Search Pending Case For Add Supporting Document/Search Information' is clicked on

2018-12-05 15:50:52 - [MESSAGE][PASSED] - Object: 'Object Repository/Final Object Repo/Page_MyASSIST - ASSIST - Search Pending Case For Add Supporting Document/Search Information' is clicked on

2018-12-05 15:50:52 - [TEST_STEP][PASSED] - delay: Delayed 3 second(s)

2018-12-05 15:50:55 - [MESSAGE][PASSED] - Delayed 3 second(s)

2018-12-05 15:50:55 - [TEST_STEP][PASSED] - sendKeys: Keys 'SSN12201800001158' sent to object: 'Object Repository/Final Object Repo/Page_MyASSIST - ASSIST - Search Pending Case For Add Supporting Document/Reference No'

2018-12-05 15:50:56 - [MESSAGE][PASSED] - Keys 'SSN12201800001158' sent to object: 'Object Repository/Final Object Repo/Page_MyASSIST - ASSIST - Search Pending Case For Add Supporting Document/Reference No'

2018-12-05 15:50:56 - [TEST_STEP][PASSED] - click: Object: 'Object Repository/Final Object Repo/Page_MyASSIST - ASSIST - Search Pending Case For Add Supporting Document/Search Reference No' is clicked on

2018-12-05 15:50:56 - [MESSAGE][PASSED] - Object: 'Object Repository/Final Object Repo/Page_MyASSIST - ASSIST - Search Pending Case For Add Supporting Document/Search Reference No' is clicked on

2018-12-05 15:50:56 - [TEST_STEP][PASSED] - delay: Delayed 2 second(s)

2018-12-05 15:50:58 - [MESSAGE][PASSED] - Delayed 2 second(s)

2018-12-05 15:50:58 - [TEST_STEP][PASSED] - click: Object: 'Object Repository/Final Object Repo/Page_MyASSIST - ASSIST - Search Pending Case For Add Supporting Document/Continue' is clicked on

2018-12-05 15:51:05 - [MESSAGE][PASSED] - Object: 'Object Repository/Final Object Repo/Page_MyASSIST - ASSIST - Search Pending Case For Add Supporting Document/Continue' is clicked on

2018-12-05 15:51:05 - [TEST_STEP][PASSED] - delay: Delayed 20 second(s)

2018-12-05 15:51:25 - [MESSAGE][PASSED] - Delayed 20 second(s)

2018-12-05 15:51:25 - [MESSAGE][PASSED] - Call Test Case 'Test Cases/Final Aug 2018 - PKS Automation/Registration Module/Workflow/Login and Search Case For Workflow' successfully

2018-12-05 15:51:25 - [TEST_STEP][PASSED] - callTestCase: Call Test Case 'Test Cases/Final Aug 2018 - PKS Automation/Registration Module/Workflow/Request SSN/Template/Request SSN - RIO' successfully

2018-12-05 15:51:25 - [TEST_CASE][PASSED] - Test Cases/Final Aug 2018 - PKS Automation/Registration Module/Workflow/Request SSN/Template/Request SSN - RIO: Test Cases/Final Aug 2018 - PKS Automation/Registration Module/Workflow/Request SSN/Template/Request SSN - RIO

2018-12-05 15:51:25 - [TEST_STEP][NOT_RUN] - openBrowser: NOT_RUN: openBrowser

2018-12-05 15:51:25 - [MESSAGE][NOT_RUN] - NOT_RUN: openBrowser

2018-12-05 15:51:25 - [TEST_STEP][NOT_RUN] - navigateToUrl: NOT_RUN: navigateToUrl

2018-12-05 15:51:25 - [MESSAGE][NOT_RUN] - NOT_RUN: navigateToUrl

2018-12-05 15:51:25 - [TEST_STEP][NOT_RUN] - setText: NOT_RUN: setText

2018-12-05 15:51:25 - [MESSAGE][NOT_RUN] - NOT_RUN: setText

2018-12-05 15:51:25 - [TEST_STEP][NOT_RUN] - click: NOT_RUN: click

2018-12-05 15:51:25 - [MESSAGE][NOT_RUN] - NOT_RUN: click

2018-12-05 15:51:25 - [TEST_STEP][NOT_RUN] - delay: NOT_RUN: delay

2018-12-05 15:51:25 - [MESSAGE][NOT_RUN] - NOT_RUN: delay

2018-12-05 15:51:25 - [TEST_STEP][NOT_RUN] - setEncryptedText: NOT_RUN: setEncryptedText

2018-12-05 15:51:25 - [MESSAGE][NOT_RUN] - NOT_RUN: setEncryptedText

2018-12-05 15:51:25 - [TEST_STEP][NOT_RUN] - click: NOT_RUN: click

2018-12-05 15:51:25 - [MESSAGE][NOT_RUN] - NOT_RUN: click

2018-12-05 15:51:25 - [TEST_STEP][NOT_RUN] - delay: NOT_RUN: delay

2018-12-05 15:51:25 - [MESSAGE][NOT_RUN] - NOT_RUN: delay

2018-12-05 15:51:25 - [TEST_STEP][NOT_RUN] - click: NOT_RUN: click

2018-12-05 15:51:25 - [MESSAGE][NOT_RUN] - NOT_RUN: click

2018-12-05 15:51:25 - [TEST_STEP][NOT_RUN] - sendKeys: NOT_RUN: sendKeys

2018-12-05 15:51:25 - [MESSAGE][NOT_RUN] - NOT_RUN: sendKeys

2018-12-05 15:51:25 - [TEST_STEP][NOT_RUN] - click: NOT_RUN: click

2018-12-05 15:51:25 - [MESSAGE][NOT_RUN] - NOT_RUN: click

2018-12-05 15:51:25 - [TEST_STEP][NOT_RUN] - delay: NOT_RUN: delay

2018-12-05 15:51:25 - [MESSAGE][NOT_RUN] - NOT_RUN: delay

2018-12-05 15:51:25 - [TEST_STEP][NOT_RUN] - click: NOT_RUN: click

2018-12-05 15:51:25 - [MESSAGE][NOT_RUN] - NOT_RUN: click

2018-12-05 15:51:25 - [TEST_STEP][PASSED] - click: Object: 'Object Repository/Final Object Repo/Page_Request SSN - ASSIST/Page_Request SSN - ASSIST - RIO/Recommend For SSN' is clicked on

2018-12-05 15:51:25 - [MESSAGE][PASSED] - Object: 'Object Repository/Final Object Repo/Page_Request SSN - ASSIST/Page_Request SSN - ASSIST - RIO/Recommend For SSN' is clicked on

2018-12-05 15:51:25 - [TEST_STEP][PASSED] - click: Object: 'Object Repository/Final Object Repo/Page_Request SSN - ASSIST/Page_Request SSN - ASSIST - RIO/Recommend For SSN  - Yes' is clicked on

2018-12-05 15:51:25 - [MESSAGE][PASSED] - Object: 'Object Repository/Final Object Repo/Page_Request SSN - ASSIST/Page_Request SSN - ASSIST - RIO/Recommend For SSN  - Yes' is clicked on

2018-12-05 15:51:25 - [TEST_STEP][PASSED] - delay: Delayed 2 second(s)

2018-12-05 15:51:27 - [MESSAGE][PASSED] - Delayed 2 second(s)

2018-12-05 15:51:27 - [TEST_STEP][PASSED] - click: Object: 'Object Repository/Final Object Repo/Page_Request SSN - ASSIST/Page_Request SSN - ASSIST - RIO/Save  Continue in SSN page' is clicked on

2018-12-05 15:51:28 - [MESSAGE][PASSED] - Object: 'Object Repository/Final Object Repo/Page_Request SSN - ASSIST/Page_Request SSN - ASSIST - RIO/Save  Continue in SSN page' is clicked on

2018-12-05 15:51:28 - [TEST_STEP][PASSED] - delay: Delayed 2 second(s)

2018-12-05 15:51:30 - [MESSAGE][PASSED] - Delayed 2 second(s)

2018-12-05 15:51:30 - [TEST_STEP][PASSED] - click: Object: 'Object Repository/Final Object Repo/Page_Request SSN - ASSIST/Page_Request SSN - ASSIST - RIO/Save  Continue in Upload Document Page' is clicked on

2018-12-05 15:51:32 - [MESSAGE][PASSED] - Object: 'Object Repository/Final Object Repo/Page_Request SSN - ASSIST/Page_Request SSN - ASSIST - RIO/Save  Continue in Upload Document Page' is clicked on

2018-12-05 15:51:32 - [TEST_STEP][PASSED] - delay: Delayed 2 second(s)

2018-12-05 15:51:34 - [MESSAGE][PASSED] - Delayed 2 second(s)

2018-12-05 15:51:34 - [TEST_STEP][PASSED] - click: Object: 'Object Repository/Final Object Repo/Page_Request SSN - ASSIST/Page_Request SSN - ASSIST - RIO/Submit' is clicked on

2018-12-05 15:51:37 - [MESSAGE][PASSED] - Object: 'Object Repository/Final Object Repo/Page_Request SSN - ASSIST/Page_Request SSN - ASSIST - RIO/Submit' is clicked on

2018-12-05 15:51:37 - [TEST_STEP][PASSED] - delay: Delayed 2 second(s)

2018-12-05 15:51:39 - [MESSAGE][PASSED] - Delayed 2 second(s)

2018-12-05 15:51:39 - [TEST_STEP][PASSED] - click: Object: 'Object Repository/Final Object Repo/Page_Request SSN - ASSIST/Page_Request SSN - ASSIST - RIO/Confirm' is clicked on

2018-12-05 15:51:39 - [MESSAGE][PASSED] - Object: 'Object Repository/Final Object Repo/Page_Request SSN - ASSIST/Page_Request SSN - ASSIST - RIO/Confirm' is clicked on

2018-12-05 15:51:39 - [MESSAGE][PASSED] - Call Test Case 'Test Cases/Final Aug 2018 - PKS Automation/Registration Module/Workflow/Request SSN/Template/Request SSN - RIO' successfully

2018-12-05 15:51:39 - [TEST_STEP][PASSED] - delay: Delayed 2 second(s)

2018-12-05 15:51:41 - [MESSAGE][PASSED] - Delayed 2 second(s)

2018-12-05 15:51:41 - [TEST_STEP][PASSED] - navigateToUrl: Navigate to 'https://assist2-uat.perkeso.gov.my/c/portal/logout' successfully

2018-12-05 15:51:46 - [MESSAGE][PASSED] - Navigate to 'https://assist2-uat.perkeso.gov.my/c/portal/logout' successfully

2018-12-05 15:51:46 - [TEST_STEP][PASSED] - delay: Delayed 2 second(s)

2018-12-05 15:51:48 - [MESSAGE][PASSED] - Delayed 2 second(s)

2018-12-05 15:51:48 - [TEST_STEP][PASSED] - callTestCase: Call Test Case 'Test Cases/Final Aug 2018 - PKS Automation/Common/Workflow Owner Finder' successfully

2018-12-05 15:51:48 - [TEST_CASE][PASSED] - Test Cases/Final Aug 2018 - PKS Automation/Common/Workflow Owner Finder: Test Cases/Final Aug 2018 - PKS Automation/Common/Workflow Owner Finder

2018-12-05 15:51:48 - [TEST_STEP][PASSED] - openBrowser: Browser is opened with url: ''

2018-12-05 15:51:48 - [MESSAGE][WARNING] - A browser is already opened. Closing browser and opening a new one

2018-12-05 15:51:51 - [MESSAGE][PASSED] - Browser is opened with url: ''

2018-12-05 15:51:51 - [TEST_STEP][PASSED] - navigateToUrl: Navigate to 'https://assist2-uat.perkeso.gov.my/login' successfully

2018-12-05 15:51:52 - [MESSAGE][PASSED] - Navigate to 'https://assist2-uat.perkeso.gov.my/login' successfully

2018-12-05 15:51:52 - [TEST_STEP][PASSED] - delay: Delayed 5 second(s)

2018-12-05 15:51:57 - [MESSAGE][PASSED] - Delayed 5 second(s)

2018-12-05 15:51:57 - [TEST_STEP][PASSED] - setText: Text 'test@liferay.com' is set on object 'Object Repository/Final Object Repo/Login Page/Internal User/Email Address'

2018-12-05 15:51:57 - [MESSAGE][PASSED] - Text 'test@liferay.com' is set on object 'Object Repository/Final Object Repo/Login Page/Internal User/Email Address'

2018-12-05 15:51:57 - [TEST_STEP][PASSED] - click: Object: 'Object Repository/Final Object Repo/Login Page/Internal User/Next Button' is clicked on

2018-12-05 15:51:57 - [MESSAGE][PASSED] - Object: 'Object Repository/Final Object Repo/Login Page/Internal User/Next Button' is clicked on

2018-12-05 15:51:57 - [TEST_STEP][PASSED] - delay: Delayed 2 second(s)

2018-12-05 15:51:59 - [MESSAGE][PASSED] - Delayed 2 second(s)

2018-12-05 15:51:59 - [TEST_STEP][PASSED] - setText: Text 'test' is set on object 'Object Repository/Final Object Repo/Login Page/Internal User/Password'

2018-12-05 15:52:00 - [MESSAGE][PASSED] - Text 'test' is set on object 'Object Repository/Final Object Repo/Login Page/Internal User/Password'

2018-12-05 15:52:00 - [TEST_STEP][PASSED] - delay: Delayed 2 second(s)

2018-12-05 15:52:02 - [MESSAGE][PASSED] - Delayed 2 second(s)

2018-12-05 15:52:02 - [TEST_STEP][PASSED] - click: Object: 'Object Repository/Final Object Repo/Login Page/Internal User/Login Button' is clicked on

2018-12-05 15:52:02 - [MESSAGE][PASSED] - Object: 'Object Repository/Final Object Repo/Login Page/Internal User/Login Button' is clicked on

2018-12-05 15:52:02 - [TEST_STEP][PASSED] - Statement - tester = com.kms.katalon.core.testobject.ObjectRepository.findTestObject(Final Object Repo/Landing Page/Select to English): Finding Test Object with id 'Object Repository/Final Object Repo/Landing Page/Select to English'

2018-12-05 15:52:02 - [TEST_STEP][PASSED] - Statement - Try: Delayed 2 second(s)

2018-12-05 15:52:02 - [TEST_STEP][PASSED] - Statement - Checker = com.kms.katalon.core.webui.keyword.WebUiBuiltInKeywords.verifyElementNotPresent(tester, 3): Web element with id: 'Object Repository/Final Object Repo/Landing Page/Select to English' located by 'By.xpath: //a[@class = 'taglib-language-list-text' and @lang = 'en-US' and (contains(text(), 'EN') or contains(., 'EN'))]' is not present after '3' second(s)

2018-12-05 15:52:04 - [MESSAGE][PASSED] - Web element with id: 'Object Repository/Final Object Repo/Landing Page/Select to English' located by 'By.xpath: //a[@class = 'taglib-language-list-text' and @lang = 'en-US' and (contains(text(), 'EN') or contains(., 'EN'))]' is not present after '3' second(s)

2018-12-05 15:52:04 - [TEST_STEP][PASSED] - Statement - If (Checker == false): null

2018-12-05 15:52:04 - [TEST_STEP][PASSED] - delay: Delayed 2 second(s)

2018-12-05 15:52:06 - [MESSAGE][PASSED] - Delayed 2 second(s)

2018-12-05 15:52:06 - [TEST_STEP][PASSED] - delay: Delayed 5 second(s)

2018-12-05 15:52:11 - [MESSAGE][PASSED] - Delayed 5 second(s)

2018-12-05 15:52:11 - [TEST_STEP][PASSED] - mouseOver: Object: 'Object Repository/Final Object Repo/Landing Page/WorkFlow Menu' is hovered

2018-12-05 15:52:11 - [MESSAGE][PASSED] - Object: 'Object Repository/Final Object Repo/Landing Page/WorkFlow Menu' is hovered

2018-12-05 15:52:11 - [TEST_STEP][PASSED] - delay: Delayed 2 second(s)

2018-12-05 15:52:13 - [MESSAGE][PASSED] - Delayed 2 second(s)

2018-12-05 15:52:13 - [TEST_STEP][PASSED] - click: Object: 'Object Repository/Final Object Repo/Landing Page/Select to Workflow Listing' is clicked on

2018-12-05 15:52:14 - [MESSAGE][PASSED] - Object: 'Object Repository/Final Object Repo/Landing Page/Select to Workflow Listing' is clicked on

2018-12-05 15:52:14 - [TEST_STEP][PASSED] - delay: Delayed 2 second(s)

2018-12-05 15:52:16 - [MESSAGE][PASSED] - Delayed 2 second(s)

2018-12-05 15:52:16 - [TEST_STEP][PASSED] - click: Object: 'Object Repository/Final Object Repo/WorkFlow Listing Page/Search Information - To Put Ref No' is clicked on

2018-12-05 15:52:17 - [MESSAGE][PASSED] - Object: 'Object Repository/Final Object Repo/WorkFlow Listing Page/Search Information - To Put Ref No' is clicked on

2018-12-05 15:52:17 - [TEST_STEP][PASSED] - delay: Delayed 2 second(s)

2018-12-05 15:52:19 - [MESSAGE][PASSED] - Delayed 2 second(s)

2018-12-05 15:52:19 - [TEST_STEP][PASSED] - callTestCase: Call Test Case 'Test Cases/Final Aug 2018 - PKS Automation/Common/Reference Number Getter' successfully

2018-12-05 15:52:19 - [TEST_CASE][PASSED] - Test Cases/Final Aug 2018 - PKS Automation/Common/Reference Number Getter: Test Cases/Final Aug 2018 - PKS Automation/Common/Reference Number Getter

2018-12-05 15:52:19 - [TEST_STEP][PASSED] - Statement - Try: null

2018-12-05 15:52:19 - [TEST_STEP][PASSED] - Statement - RefNo = new java.io.File(C://Users//Admin//Desktop//PKS//Automation Reference Point//KatalonReference.txt): null

2018-12-05 15:52:19 - [TEST_STEP][PASSED] - Statement - bufferread = new java.io.BufferedReader(new java.io.FileReader(RefNo)): null

2018-12-05 15:52:19 - [TEST_STEP][PASSED] - Statement - readedVal = bufferread.readLine(): null

2018-12-05 15:52:19 - [TEST_STEP][PASSED] - Statement - out.println(CaseReferenceNo): null

2018-12-05 15:52:19 - [TEST_STEP][PASSED] - Statement - out.println(readedVal): null

2018-12-05 15:52:19 - [TEST_STEP][PASSED] - Statement - CaseReferenceNo = "": null

2018-12-05 15:52:19 - [TEST_STEP][PASSED] - Statement - CaseReferenceNo = readedVal: null

2018-12-05 15:52:19 - [MESSAGE][PASSED] - Call Test Case 'Test Cases/Final Aug 2018 - PKS Automation/Common/Reference Number Getter' successfully

2018-12-05 15:52:19 - [TEST_STEP][PASSED] - setText: Text 'SSN12201800001158' is set on object 'Object Repository/Final Object Repo/WorkFlow Listing Page/Ref No Set Text'

2018-12-05 15:52:19 - [MESSAGE][PASSED] - Text 'SSN12201800001158' is set on object 'Object Repository/Final Object Repo/WorkFlow Listing Page/Ref No Set Text'

2018-12-05 15:52:19 - [TEST_STEP][PASSED] - delay: Delayed 2 second(s)

2018-12-05 15:52:21 - [MESSAGE][PASSED] - Delayed 2 second(s)

2018-12-05 15:52:21 - [TEST_STEP][PASSED] - click: Object: 'Object Repository/Final Object Repo/WorkFlow Listing Page/Search Ref No Search Button' is clicked on

2018-12-05 15:52:21 - [MESSAGE][PASSED] - Object: 'Object Repository/Final Object Repo/WorkFlow Listing Page/Search Ref No Search Button' is clicked on

2018-12-05 15:52:21 - [TEST_STEP][PASSED] - delay: Delayed 6 second(s)

2018-12-05 15:52:27 - [MESSAGE][PASSED] - Delayed 6 second(s)

2018-12-05 15:52:27 - [TEST_STEP][PASSED] - click: Object: 'Object Repository/Final Object Repo/WorkFlow Listing Page/Click Continue Tooltip' is clicked on

2018-12-05 15:52:28 - [MESSAGE][PASSED] - Object: 'Object Repository/Final Object Repo/WorkFlow Listing Page/Click Continue Tooltip' is clicked on

2018-12-05 15:52:28 - [TEST_STEP][PASSED] - delay: Delayed 5 second(s)

2018-12-05 15:52:33 - [MESSAGE][PASSED] - Delayed 5 second(s)

2018-12-05 15:52:33 - [TEST_STEP][PASSED] - doubleClick: Object: 'Object Repository/Final Object Repo/WorkFlow Listing Page/Workflow Found - Listing 1' is double clicked on

2018-12-05 15:52:33 - [MESSAGE][PASSED] - Object: 'Object Repository/Final Object Repo/WorkFlow Listing Page/Workflow Found - Listing 1' is double clicked on

2018-12-05 15:52:33 - [TEST_STEP][PASSED] - Statement - println(OwnerID): null

2018-12-05 15:52:33 - [TEST_STEP][PASSED] - Statement - OwnerID = com.kms.katalon.core.webui.keyword.WebUiBuiltInKeywords.getText(com.kms.katalon.core.testobject.ObjectRepository.findTestObject(Final Object Repo/WorkFlow Listing Page/Workflow Found - Listing 1), STOP_ON_FAILURE): Text of object 'Object Repository/Final Object Repo/WorkFlow Listing Page/Workflow Found - Listing 1' is: 'JOHORro2'

2018-12-05 15:52:34 - [MESSAGE][PASSED] - Text of object 'Object Repository/Final Object Repo/WorkFlow Listing Page/Workflow Found - Listing 1' is: 'JOHORro2'

2018-12-05 15:52:34 - [TEST_STEP][PASSED] - Statement - OwnerID = OwnerID.toLowerCase() + "@gmail.com": null

2018-12-05 15:52:34 - [TEST_STEP][PASSED] - Statement - println(OwnerID): null

2018-12-05 15:52:34 - [TEST_STEP][PASSED] - delay: Delayed 2 second(s)

2018-12-05 15:52:36 - [MESSAGE][PASSED] - Delayed 2 second(s)

2018-12-05 15:52:36 - [MESSAGE][PASSED] - Call Test Case 'Test Cases/Final Aug 2018 - PKS Automation/Common/Workflow Owner Finder' successfully

2018-12-05 15:52:36 - [TEST_STEP][PASSED] - delay: Delayed 2 second(s)

2018-12-05 15:52:38 - [MESSAGE][PASSED] - Delayed 2 second(s)

2018-12-05 15:52:38 - [TEST_STEP][PASSED] - navigateToUrl: Navigate to 'https://assist2-uat.perkeso.gov.my/c/portal/logout' successfully

2018-12-05 15:52:39 - [MESSAGE][PASSED] - Navigate to 'https://assist2-uat.perkeso.gov.my/c/portal/logout' successfully

2018-12-05 15:52:39 - [TEST_STEP][PASSED] - delay: Delayed 2 second(s)

2018-12-05 15:52:41 - [MESSAGE][PASSED] - Delayed 2 second(s)

2018-12-05 15:52:41 - [TEST_STEP][PASSED] - callTestCase: null

2018-12-05 15:52:41 - [MESSAGE][FAILED] - Unable to call Test Case with id 'Test Cases/Final Aug 2018 - PKS Automation/Registration Module/Workflow/Request SSN/Template/Request SSN RIO - RO (Approve and Using Current Employer Code)' (Root cause: Call Test Case 'Test Cases/Final Aug 2018 - PKS Automation/Registration Module/Workflow/Request SSN/Template/Request SSN RIO - RO (Approve and Using Current Employer Code)' failed because of error(s))]]></system-out>
         <system-err><![CDATA[2018-12-05 15:46:38 - [TEST_CASE][ERROR] - Test Cases/Final Aug 2018 - PKS Automation/Registration Module/Workflow/Request SSN/PKRBO - RIO - RO (Approve): Test Cases/Final Aug 2018 - PKS Automation/Registration Module/Workflow/Request SSN/PKRBO - RIO - RO (Approve) FAILED because (of) (Stack trace: java.lang.IllegalArgumentException: Cannot find test case with id 'Test Cases/Final Aug 2018 - PKS Automation/Registration/Login and Search Case For Workflow'
	at com.kms.katalon.core.testcase.TestCaseFactory.findTestCase(TestCaseFactory.java:72)
	at com.kms.katalon.core.testcase.TestCaseFactory$findTestCase.callStatic(Unknown Source)
	at org.codehaus.groovy.runtime.callsite.CallSiteArray.defaultCallStatic(CallSiteArray.java:56)
	at org.codehaus.groovy.runtime.callsite.AbstractCallSite.callStatic(AbstractCallSite.java:194)
	at org.codehaus.groovy.runtime.callsite.AbstractCallSite.callStatic(AbstractCallSite.java:206)
	at Script1537866116409.run(Script1537866116409.groovy:59)
	at com.kms.katalon.core.main.ScriptEngine.run(ScriptEngine.java:183)
	at com.kms.katalon.core.main.ScriptEngine.runScriptAsRawText(ScriptEngine.java:108)
	at com.kms.katalon.core.main.TestCaseExecutor.runScript(TestCaseExecutor.java:294)
	at com.kms.katalon.core.main.TestCaseExecutor.doExecute(TestCaseExecutor.java:285)
	at com.kms.katalon.core.main.TestCaseExecutor.processExecutionPhase(TestCaseExecutor.java:264)
	at com.kms.katalon.core.main.TestCaseExecutor.accessMainPhase(TestCaseExecutor.java:256)
	at com.kms.katalon.core.main.TestCaseExecutor.execute(TestCaseExecutor.java:200)
	at com.kms.katalon.core.main.TestCaseMain.runTestCase(TestCaseMain.java:99)
	at com.kms.katalon.core.keyword.builtin.CallTestCaseKeyword$_callTestCase_closure1.doCall(CallTestCaseKeyword.groovy:60)
	at com.kms.katalon.core.keyword.builtin.CallTestCaseKeyword$_callTestCase_closure1.call(CallTestCaseKeyword.groovy)
	at com.kms.katalon.core.keyword.internal.KeywordMain.runKeyword(KeywordMain.groovy:54)
	at com.kms.katalon.core.keyword.builtin.CallTestCaseKeyword.callTestCase(CallTestCaseKeyword.groovy:81)
	at com.kms.katalon.core.keyword.builtin.CallTestCaseKeyword.execute(CallTestCaseKeyword.groovy:45)
	at com.kms.katalon.core.keyword.internal.KeywordExecutor.executeKeywordForPlatform(KeywordExecutor.groovy:53)
	at com.kms.katalon.core.keyword.BuiltinKeywords.callTestCase(BuiltinKeywords.groovy:334)
	at sun.reflect.GeneratedMethodAccessor13.invoke(Unknown Source)
	at sun.reflect.DelegatingMethodAccessorImpl.invoke(DelegatingMethodAccessorImpl.java:43)
	at java.lang.reflect.Method.invoke(Method.java:498)
	at org.codehaus.groovy.reflection.CachedMethod.invoke(CachedMethod.java:93)
	at groovy.lang.MetaMethod.doMethodInvoke(MetaMethod.java:325)
	at groovy.lang.MetaClassImpl.invokeStaticMethod(MetaClassImpl.java:1469)
	at org.codehaus.groovy.runtime.callsite.StaticMetaClassSite.call(StaticMetaClassSite.java:53)
	at org.codehaus.groovy.runtime.callsite.CallSiteArray.defaultCall(CallSiteArray.java:48)
	at org.codehaus.groovy.runtime.callsite.AbstractCallSite.call(AbstractCallSite.java:113)
	at org.codehaus.groovy.runtime.callsite.AbstractCallSite.call(AbstractCallSite.java:141)
	at Script1536300508619.run(Script1536300508619.groovy:24)
	at com.kms.katalon.core.main.ScriptEngine.run(ScriptEngine.java:183)
	at com.kms.katalon.core.main.ScriptEngine.runScriptAsRawText(ScriptEngine.java:108)
	at com.kms.katalon.core.main.TestCaseExecutor.runScript(TestCaseExecutor.java:294)
	at com.kms.katalon.core.main.TestCaseExecutor.doExecute(TestCaseExecutor.java:285)
	at com.kms.katalon.core.main.TestCaseExecutor.processExecutionPhase(TestCaseExecutor.java:264)
	at com.kms.katalon.core.main.TestCaseExecutor.accessMainPhase(TestCaseExecutor.java:256)
	at com.kms.katalon.core.main.TestCaseExecutor.execute(TestCaseExecutor.java:200)
	at com.kms.katalon.core.main.TestSuiteExecutor.accessTestCaseMainPhase(TestSuiteExecutor.java:129)
	at com.kms.katalon.core.main.TestSuiteExecutor.accessTestSuiteMainPhase(TestSuiteExecutor.java:112)
	at com.kms.katalon.core.main.TestSuiteExecutor.execute(TestSuiteExecutor.java:81)
	at com.kms.katalon.core.main.TestCaseMain.startTestSuite(TestCaseMain.java:142)
	at com.kms.katalon.core.main.TestCaseMain$startTestSuite$0.call(Unknown Source)
	at org.codehaus.groovy.runtime.callsite.CallSiteArray.defaultCall(CallSiteArray.java:48)
	at org.codehaus.groovy.runtime.callsite.AbstractCallSite.call(AbstractCallSite.java:113)
	at org.codehaus.groovy.runtime.callsite.AbstractCallSite.call(AbstractCallSite.java:141)
	at TempTestSuite1543994986730.run(TempTestSuite1543994986730.groovy:36)
	at groovy.lang.GroovyShell.runScriptOrMainOrTestOrRunnable(GroovyShell.java:263)
	at groovy.lang.GroovyShell.run(GroovyShell.java:518)
	at groovy.lang.GroovyShell.run(GroovyShell.java:507)
	at groovy.ui.GroovyMain.processOnce(GroovyMain.java:653)
	at groovy.ui.GroovyMain.run(GroovyMain.java:384)
	at groovy.ui.GroovyMain.process(GroovyMain.java:370)
	at groovy.ui.GroovyMain.processArgs(GroovyMain.java:129)
	at groovy.ui.GroovyMain.main(GroovyMain.java:109)
	at sun.reflect.NativeMethodAccessorImpl.invoke0(Native Method)
	at sun.reflect.NativeMethodAccessorImpl.invoke(NativeMethodAccessorImpl.java:62)
	at sun.reflect.DelegatingMethodAccessorImpl.invoke(DelegatingMethodAccessorImpl.java:43)
	at java.lang.reflect.Method.invoke(Method.java:498)
	at org.codehaus.groovy.tools.GroovyStarter.rootLoader(GroovyStarter.java:109)
	at org.codehaus.groovy.tools.GroovyStarter.main(GroovyStarter.java:131)
)]]></system-err>
      </testcase>
      <testcase name="Test Cases/Final Aug 2018 - PKS Automation/Registration Module/Workflow/Request SSN/PKRBO - RIO - RO (Query)" classname="Test Cases/Final Aug 2018 - PKS Automation/Registration Module/Workflow/Request SSN/PKRBO - RIO - RO (Query)" status="PASSED">
         <system-out><![CDATA[2018-12-05 15:52:41 - [TEST_CASE][PASSED] - Test Cases/Final Aug 2018 - PKS Automation/Registration Module/Workflow/Request SSN/PKRBO - RIO - RO (Query): Test Cases/Final Aug 2018 - PKS Automation/Registration Module/Workflow/Request SSN/PKRBO - RIO - RO (Query)

2018-12-05 15:52:41 - [TEST_STEP][PASSED] - callTestCase: Call Test Case 'Test Cases/Final Aug 2018 - PKS Automation/Registration Module/Workflow/Request SSN/Template/Request SSN - PKRBO' successfully

2018-12-05 15:52:41 - [TEST_CASE][PASSED] - Test Cases/Final Aug 2018 - PKS Automation/Registration Module/Workflow/Request SSN/Template/Request SSN - PKRBO: Test Cases/Final Aug 2018 - PKS Automation/Registration Module/Workflow/Request SSN/Template/Request SSN - PKRBO

2018-12-05 15:52:41 - [TEST_STEP][PASSED] - openBrowser: Browser is opened with url: ''

2018-12-05 15:52:41 - [MESSAGE][WARNING] - A browser is already opened. Closing browser and opening a new one

2018-12-05 15:52:44 - [MESSAGE][PASSED] - Browser is opened with url: ''

2018-12-05 15:52:44 - [TEST_STEP][PASSED] - navigateToUrl: Navigate to 'https://assist2-uat.perkeso.gov.my/login' successfully

2018-12-05 15:52:45 - [MESSAGE][PASSED] - Navigate to 'https://assist2-uat.perkeso.gov.my/login' successfully

2018-12-05 15:52:45 - [TEST_STEP][PASSED] - setText: Text 'johorpkrbo1@gmail.com' is set on object 'Object Repository/Final Object Repo/Login Page/Internal User/Email Address'

2018-12-05 15:52:45 - [MESSAGE][PASSED] - Text 'johorpkrbo1@gmail.com' is set on object 'Object Repository/Final Object Repo/Login Page/Internal User/Email Address'

2018-12-05 15:52:45 - [TEST_STEP][PASSED] - click: Object: 'Object Repository/Final Object Repo/Login Page/Internal User/Next Button' is clicked on

2018-12-05 15:52:45 - [MESSAGE][PASSED] - Object: 'Object Repository/Final Object Repo/Login Page/Internal User/Next Button' is clicked on

2018-12-05 15:52:45 - [TEST_STEP][PASSED] - delay: Delayed 1 second(s)

2018-12-05 15:52:46 - [MESSAGE][PASSED] - Delayed 1 second(s)

2018-12-05 15:52:46 - [TEST_STEP][PASSED] - setEncryptedText: Text ****** has been set on object 'Object Repository/Final Object Repo/Login Page/Internal User/Password'

2018-12-05 15:52:47 - [MESSAGE][PASSED] - Text ****** has been set on object 'Object Repository/Final Object Repo/Login Page/Internal User/Password'

2018-12-05 15:52:47 - [TEST_STEP][PASSED] - click: Object: 'Object Repository/Final Object Repo/Login Page/Internal User/Login Button' is clicked on

2018-12-05 15:52:47 - [MESSAGE][PASSED] - Object: 'Object Repository/Final Object Repo/Login Page/Internal User/Login Button' is clicked on

2018-12-05 15:52:47 - [TEST_STEP][PASSED] - Statement - Try: null

2018-12-05 15:52:47 - [TEST_STEP][PASSED] - Statement - Checker = com.kms.katalon.core.webui.keyword.WebUiBuiltInKeywords.verifyElementNotPresent("Final Object Repo/Landing Page/Select to English", 3): null

2018-12-05 15:52:47 - [TEST_STEP][PASSED] - Statement - Catch (Exception e): null

2018-12-05 15:52:47 - [TEST_STEP][PASSED] - Statement - e.printStackTrace(): null

2018-12-05 15:52:47 - [TEST_STEP][PASSED] - delay: Delayed 5 second(s)

2018-12-05 15:52:52 - [MESSAGE][PASSED] - Delayed 5 second(s)

2018-12-05 15:52:52 - [TEST_STEP][PASSED] - delay: Delayed 1 second(s)

2018-12-05 15:52:53 - [MESSAGE][PASSED] - Delayed 1 second(s)

2018-12-05 15:52:53 - [TEST_STEP][PASSED] - navigateToUrl: Navigate to 'https://assist2-uat.perkeso.gov.my/web/registration/request-ssn' successfully

2018-12-05 15:52:57 - [MESSAGE][PASSED] - Navigate to 'https://assist2-uat.perkeso.gov.my/web/registration/request-ssn' successfully

2018-12-05 15:52:57 - [TEST_STEP][PASSED] - setText: Text 'perkeso' is set on object 'Object Repository/Final Object Repo/Page_Request SSN - ASSIST/AI - Name'

2018-12-05 15:52:58 - [MESSAGE][PASSED] - Text 'perkeso' is set on object 'Object Repository/Final Object Repo/Page_Request SSN - ASSIST/AI - Name'

2018-12-05 15:52:58 - [TEST_STEP][PASSED] - click: Object: 'Object Repository/Final Object Repo/Page_Request SSN - ASSIST/AI - DOB' is clicked on

2018-12-05 15:52:58 - [MESSAGE][PASSED] - Object: 'Object Repository/Final Object Repo/Page_Request SSN - ASSIST/AI - DOB' is clicked on

2018-12-05 15:52:58 - [TEST_STEP][PASSED] - selectOptionByValue: All options with value '1995' are selected in object 'Object Repository/Final Object Repo/Page_Request SSN - ASSIST/AI - DOB - Year' 

2018-12-05 15:52:58 - [MESSAGE][PASSED] - All options with value '1995' are selected in object 'Object Repository/Final Object Repo/Page_Request SSN - ASSIST/AI - DOB - Year' 

2018-12-05 15:52:58 - [TEST_STEP][PASSED] - delay: Delayed 3 second(s)

2018-12-05 15:53:01 - [MESSAGE][PASSED] - Delayed 3 second(s)

2018-12-05 15:53:01 - [TEST_STEP][PASSED] - doubleClick: Object: 'Object Repository/Final Object Repo/Page_Request SSN - ASSIST/AI - DOB - Year - Date' is double clicked on

2018-12-05 15:53:02 - [MESSAGE][PASSED] - Object: 'Object Repository/Final Object Repo/Page_Request SSN - ASSIST/AI - DOB - Year - Date' is double clicked on

2018-12-05 15:53:02 - [TEST_STEP][PASSED] - click: Object: 'Object Repository/Final Object Repo/Page_Request SSN - ASSIST/AI - Male' is clicked on

2018-12-05 15:53:02 - [MESSAGE][PASSED] - Object: 'Object Repository/Final Object Repo/Page_Request SSN - ASSIST/AI - Male' is clicked on

2018-12-05 15:53:02 - [TEST_STEP][PASSED] - click: Object: 'Object Repository/Final Object Repo/Page_Request SSN - ASSIST/AI- Race' is clicked on

2018-12-05 15:53:02 - [MESSAGE][PASSED] - Object: 'Object Repository/Final Object Repo/Page_Request SSN - ASSIST/AI- Race' is clicked on

2018-12-05 15:53:02 - [TEST_STEP][PASSED] - click: Object: 'Object Repository/Final Object Repo/Page_Request SSN - ASSIST/AI - Race - Melayu' is clicked on

2018-12-05 15:53:02 - [MESSAGE][PASSED] - Object: 'Object Repository/Final Object Repo/Page_Request SSN - ASSIST/AI - Race - Melayu' is clicked on

2018-12-05 15:53:02 - [TEST_STEP][PASSED] - click: Object: 'Object Repository/Final Object Repo/Page_Request SSN - ASSIST/AI - Religion' is clicked on

2018-12-05 15:53:03 - [MESSAGE][PASSED] - Object: 'Object Repository/Final Object Repo/Page_Request SSN - ASSIST/AI - Religion' is clicked on

2018-12-05 15:53:03 - [TEST_STEP][PASSED] - click: Object: 'Object Repository/Final Object Repo/Page_Request SSN - ASSIST/AI - Religion - Islam' is clicked on

2018-12-05 15:53:03 - [MESSAGE][PASSED] - Object: 'Object Repository/Final Object Repo/Page_Request SSN - ASSIST/AI - Religion - Islam' is clicked on

2018-12-05 15:53:03 - [TEST_STEP][PASSED] - setText: Text '12345' is set on object 'Object Repository/Final Object Repo/Page_Request SSN - ASSIST/AI - Birth Certificate'

2018-12-05 15:53:03 - [MESSAGE][PASSED] - Text '12345' is set on object 'Object Repository/Final Object Repo/Page_Request SSN - ASSIST/AI - Birth Certificate'

2018-12-05 15:53:03 - [TEST_STEP][PASSED] - click: Object: 'Object Repository/Final Object Repo/Page_Request SSN - ASSIST/AI - Nationality' is clicked on

2018-12-05 15:53:04 - [MESSAGE][PASSED] - Object: 'Object Repository/Final Object Repo/Page_Request SSN - ASSIST/AI - Nationality' is clicked on

2018-12-05 15:53:04 - [TEST_STEP][PASSED] - click: Object: 'Object Repository/Final Object Repo/Page_Request SSN - ASSIST/AI - Nationality - Afghanistan' is clicked on

2018-12-05 15:53:04 - [MESSAGE][PASSED] - Object: 'Object Repository/Final Object Repo/Page_Request SSN - ASSIST/AI - Nationality - Afghanistan' is clicked on

2018-12-05 15:53:04 - [TEST_STEP][PASSED] - setText: Text 'PERKESO ADDRESS1' is set on object 'Object Repository/Final Object Repo/Page_Request SSN - ASSIST/AI - Address1'

2018-12-05 15:53:05 - [MESSAGE][PASSED] - Text 'PERKESO ADDRESS1' is set on object 'Object Repository/Final Object Repo/Page_Request SSN - ASSIST/AI - Address1'

2018-12-05 15:53:05 - [TEST_STEP][PASSED] - setText: Text 'PERKESO ADDRESS2' is set on object 'Object Repository/Final Object Repo/Page_Request SSN - ASSIST/AI - Address2'

2018-12-05 15:53:06 - [MESSAGE][PASSED] - Text 'PERKESO ADDRESS2' is set on object 'Object Repository/Final Object Repo/Page_Request SSN - ASSIST/AI - Address2'

2018-12-05 15:53:06 - [TEST_STEP][PASSED] - setText: Text 'PERKESO ADDRESS3' is set on object 'Object Repository/Final Object Repo/Page_Request SSN - ASSIST/AI - Address3'

2018-12-05 15:53:08 - [MESSAGE][PASSED] - Text 'PERKESO ADDRESS3' is set on object 'Object Repository/Final Object Repo/Page_Request SSN - ASSIST/AI - Address3'

2018-12-05 15:53:08 - [TEST_STEP][PASSED] - click: Object: 'Object Repository/Final Object Repo/Page_Request SSN - ASSIST/AI - State' is clicked on

2018-12-05 15:53:08 - [MESSAGE][PASSED] - Object: 'Object Repository/Final Object Repo/Page_Request SSN - ASSIST/AI - State' is clicked on

2018-12-05 15:53:08 - [TEST_STEP][PASSED] - click: Object: 'Object Repository/Final Object Repo/Page_Request SSN - ASSIST/AI - Current Employer State - Johor' is clicked on

2018-12-05 15:53:08 - [MESSAGE][PASSED] - Object: 'Object Repository/Final Object Repo/Page_Request SSN - ASSIST/AI - Current Employer State - Johor' is clicked on

2018-12-05 15:53:08 - [TEST_STEP][PASSED] - click: Object: 'Object Repository/Final Object Repo/Page_Request SSN - ASSIST/AI - City' is clicked on

2018-12-05 15:53:09 - [MESSAGE][PASSED] - Object: 'Object Repository/Final Object Repo/Page_Request SSN - ASSIST/AI - City' is clicked on

2018-12-05 15:53:09 - [TEST_STEP][PASSED] - setText: Text 'JOH' is set on object 'Object Repository/Final Object Repo/Page_Request SSN - ASSIST/AI - City - JOH'

2018-12-05 15:53:09 - [MESSAGE][PASSED] - Text 'JOH' is set on object 'Object Repository/Final Object Repo/Page_Request SSN - ASSIST/AI - City - JOH'

2018-12-05 15:53:09 - [TEST_STEP][PASSED] - delay: Delayed 3 second(s)

2018-12-05 15:53:12 - [MESSAGE][PASSED] - Delayed 3 second(s)

2018-12-05 15:53:12 - [TEST_STEP][PASSED] - click: Object: 'Object Repository/Final Object Repo/Page_Request SSN - ASSIST/AI - City - Johor Bharu' is clicked on

2018-12-05 15:53:12 - [MESSAGE][PASSED] - Object: 'Object Repository/Final Object Repo/Page_Request SSN - ASSIST/AI - City - Johor Bharu' is clicked on

2018-12-05 15:53:12 - [TEST_STEP][PASSED] - click: Object: 'Object Repository/Final Object Repo/Page_Request SSN - ASSIST/AI - Post Code' is clicked on

2018-12-05 15:53:13 - [MESSAGE][PASSED] - Object: 'Object Repository/Final Object Repo/Page_Request SSN - ASSIST/AI - Post Code' is clicked on

2018-12-05 15:53:13 - [TEST_STEP][PASSED] - setText: Text '810' is set on object 'Object Repository/Final Object Repo/Page_Request SSN - ASSIST/AI - City - JOH'

2018-12-05 15:53:13 - [MESSAGE][PASSED] - Text '810' is set on object 'Object Repository/Final Object Repo/Page_Request SSN - ASSIST/AI - City - JOH'

2018-12-05 15:53:13 - [TEST_STEP][PASSED] - delay: Delayed 3 second(s)

2018-12-05 15:53:16 - [MESSAGE][PASSED] - Delayed 3 second(s)

2018-12-05 15:53:16 - [TEST_STEP][PASSED] - click: Object: 'Object Repository/Final Object Repo/Page_Request SSN - ASSIST/AI - PostCode - 81000' is clicked on

2018-12-05 15:53:17 - [MESSAGE][PASSED] - Object: 'Object Repository/Final Object Repo/Page_Request SSN - ASSIST/AI - PostCode - 81000' is clicked on

2018-12-05 15:53:17 - [TEST_STEP][PASSED] - setText: Text '100' is set on object 'Object Repository/Final Object Repo/Page_Request SSN - ASSIST/P.O.BOX'

2018-12-05 15:53:17 - [MESSAGE][PASSED] - Text '100' is set on object 'Object Repository/Final Object Repo/Page_Request SSN - ASSIST/P.O.BOX'

2018-12-05 15:53:17 - [TEST_STEP][PASSED] - setText: Text '100' is set on object 'Object Repository/Final Object Repo/Page_Request SSN - ASSIST/Locked Bag No'

2018-12-05 15:53:17 - [MESSAGE][PASSED] - Text '100' is set on object 'Object Repository/Final Object Repo/Page_Request SSN - ASSIST/Locked Bag No'

2018-12-05 15:53:17 - [TEST_STEP][PASSED] - delay: Delayed 2 second(s)

2018-12-05 15:53:19 - [MESSAGE][PASSED] - Delayed 2 second(s)

2018-12-05 15:53:19 - [TEST_STEP][PASSED] - setText: Text '123456789' is set on object 'Object Repository/Final Object Repo/Page_Request SSN - ASSIST/AI - Telephone No'

2018-12-05 15:53:20 - [MESSAGE][PASSED] - Text '123456789' is set on object 'Object Repository/Final Object Repo/Page_Request SSN - ASSIST/AI - Telephone No'

2018-12-05 15:53:20 - [TEST_STEP][PASSED] - click: Object: 'Object Repository/Final Object Repo/Page_Request SSN - ASSIST/AI - Occupation' is clicked on

2018-12-05 15:53:20 - [MESSAGE][PASSED] - Object: 'Object Repository/Final Object Repo/Page_Request SSN - ASSIST/AI - Occupation' is clicked on

2018-12-05 15:53:20 - [TEST_STEP][PASSED] - click: Object: 'Object Repository/Final Object Repo/Page_Request SSN - ASSIST/AI - Occupation - NUMERICAL AND MATERIAL R' is clicked on

2018-12-05 15:53:21 - [MESSAGE][PASSED] - Object: 'Object Repository/Final Object Repo/Page_Request SSN - ASSIST/AI - Occupation - NUMERICAL AND MATERIAL R' is clicked on

2018-12-05 15:53:21 - [TEST_STEP][PASSED] - delay: Delayed 2 second(s)

2018-12-05 15:53:23 - [MESSAGE][PASSED] - Delayed 2 second(s)

2018-12-05 15:53:23 - [TEST_STEP][PASSED] - click: Object: 'Object Repository/Final Object Repo/Page_Request SSN - ASSIST/AI - Sub Occupation' is clicked on

2018-12-05 15:53:23 - [MESSAGE][PASSED] - Object: 'Object Repository/Final Object Repo/Page_Request SSN - ASSIST/AI - Sub Occupation' is clicked on

2018-12-05 15:53:23 - [TEST_STEP][PASSED] - click: Object: 'Object Repository/Final Object Repo/Page_Request SSN - ASSIST/AI - Sub Occupation - Stock Clerks' is clicked on

2018-12-05 15:53:23 - [MESSAGE][PASSED] - Object: 'Object Repository/Final Object Repo/Page_Request SSN - ASSIST/AI - Sub Occupation - Stock Clerks' is clicked on

2018-12-05 15:53:23 - [TEST_STEP][PASSED] - delay: Delayed 2 second(s)

2018-12-05 15:53:25 - [MESSAGE][PASSED] - Delayed 2 second(s)

2018-12-05 15:53:25 - [TEST_STEP][PASSED] - click: Object: 'Object Repository/Final Object Repo/Page_Request SSN - ASSIST/AI - Sub Occupation List' is clicked on

2018-12-05 15:53:25 - [MESSAGE][PASSED] - Object: 'Object Repository/Final Object Repo/Page_Request SSN - ASSIST/AI - Sub Occupation List' is clicked on

2018-12-05 15:53:25 - [TEST_STEP][PASSED] - click: Object: 'Object Repository/Final Object Repo/Page_Request SSN - ASSIST/AI - Sub Occupation List - Clerk raw material' is clicked on

2018-12-05 15:53:26 - [MESSAGE][PASSED] - Object: 'Object Repository/Final Object Repo/Page_Request SSN - ASSIST/AI - Sub Occupation List - Clerk raw material' is clicked on

2018-12-05 15:53:26 - [TEST_STEP][PASSED] - click: Object: 'Object Repository/Final Object Repo/Page_Request SSN - ASSIST/AI - Employment Start Date' is clicked on

2018-12-05 15:53:26 - [MESSAGE][PASSED] - Object: 'Object Repository/Final Object Repo/Page_Request SSN - ASSIST/AI - Employment Start Date' is clicked on

2018-12-05 15:53:26 - [TEST_STEP][PASSED] - click: Object: 'Object Repository/Final Object Repo/Page_Request SSN - ASSIST/AI - DOB - Year - Date' is clicked on

2018-12-05 15:53:26 - [MESSAGE][PASSED] - Object: 'Object Repository/Final Object Repo/Page_Request SSN - ASSIST/AI - DOB - Year - Date' is clicked on

2018-12-05 15:53:26 - [TEST_STEP][PASSED] - setText: Text 'perkeso' is set on object 'Object Repository/Final Object Repo/Page_Request SSN - ASSIST/AI - Current Employer Name'

2018-12-05 15:53:27 - [MESSAGE][PASSED] - Text 'perkeso' is set on object 'Object Repository/Final Object Repo/Page_Request SSN - ASSIST/AI - Current Employer Name'

2018-12-05 15:53:27 - [TEST_STEP][PASSED] - setText: Text 'perkeso1' is set on object 'Object Repository/Final Object Repo/Page_Request SSN - ASSIST/AI - Current Employer Address1'

2018-12-05 15:53:28 - [MESSAGE][PASSED] - Text 'perkeso1' is set on object 'Object Repository/Final Object Repo/Page_Request SSN - ASSIST/AI - Current Employer Address1'

2018-12-05 15:53:28 - [TEST_STEP][PASSED] - setText: Text 'perkeso2' is set on object 'Object Repository/Final Object Repo/Page_Request SSN - ASSIST/AI - Current Employer Address2'

2018-12-05 15:53:28 - [MESSAGE][PASSED] - Text 'perkeso2' is set on object 'Object Repository/Final Object Repo/Page_Request SSN - ASSIST/AI - Current Employer Address2'

2018-12-05 15:53:28 - [TEST_STEP][PASSED] - setText: Text 'perkeso3' is set on object 'Object Repository/Final Object Repo/Page_Request SSN - ASSIST/AI - Current Employer Address3'

2018-12-05 15:53:29 - [MESSAGE][PASSED] - Text 'perkeso3' is set on object 'Object Repository/Final Object Repo/Page_Request SSN - ASSIST/AI - Current Employer Address3'

2018-12-05 15:53:29 - [TEST_STEP][PASSED] - click: Object: 'Object Repository/Final Object Repo/Page_Request SSN - ASSIST/AI - Current Employer State' is clicked on

2018-12-05 15:53:29 - [MESSAGE][PASSED] - Object: 'Object Repository/Final Object Repo/Page_Request SSN - ASSIST/AI - Current Employer State' is clicked on

2018-12-05 15:53:29 - [TEST_STEP][PASSED] - click: Object: 'Object Repository/Final Object Repo/Page_Request SSN - ASSIST/AI - Current Employer State - Johor 1' is clicked on

2018-12-05 15:53:30 - [MESSAGE][PASSED] - Object: 'Object Repository/Final Object Repo/Page_Request SSN - ASSIST/AI - Current Employer State - Johor 1' is clicked on

2018-12-05 15:53:30 - [TEST_STEP][PASSED] - click: Object: 'Object Repository/Final Object Repo/Page_Request SSN - ASSIST/AI - Current Employer City' is clicked on

2018-12-05 15:53:30 - [MESSAGE][PASSED] - Object: 'Object Repository/Final Object Repo/Page_Request SSN - ASSIST/AI - Current Employer City' is clicked on

2018-12-05 15:53:30 - [TEST_STEP][PASSED] - setText: Text 'joh' is set on object 'Object Repository/Final Object Repo/Page_Request SSN - ASSIST/AI - City - JOH'

2018-12-05 15:53:30 - [MESSAGE][PASSED] - Text 'joh' is set on object 'Object Repository/Final Object Repo/Page_Request SSN - ASSIST/AI - City - JOH'

2018-12-05 15:53:30 - [TEST_STEP][PASSED] - delay: Delayed 2 second(s)

2018-12-05 15:53:32 - [MESSAGE][PASSED] - Delayed 2 second(s)

2018-12-05 15:53:32 - [TEST_STEP][PASSED] - click: Object: 'Object Repository/Final Object Repo/Page_Request SSN - ASSIST/AI - City - Johor Bharu' is clicked on

2018-12-05 15:53:33 - [MESSAGE][PASSED] - Object: 'Object Repository/Final Object Repo/Page_Request SSN - ASSIST/AI - City - Johor Bharu' is clicked on

2018-12-05 15:53:33 - [TEST_STEP][PASSED] - click: Object: 'Object Repository/Final Object Repo/Page_Request SSN - ASSIST/AI - Current Employer Postcode' is clicked on

2018-12-05 15:53:33 - [MESSAGE][PASSED] - Object: 'Object Repository/Final Object Repo/Page_Request SSN - ASSIST/AI - Current Employer Postcode' is clicked on

2018-12-05 15:53:33 - [TEST_STEP][PASSED] - setText: Text '810' is set on object 'Object Repository/Final Object Repo/Page_Request SSN - ASSIST/AI - City - JOH'

2018-12-05 15:53:33 - [MESSAGE][PASSED] - Text '810' is set on object 'Object Repository/Final Object Repo/Page_Request SSN - ASSIST/AI - City - JOH'

2018-12-05 15:53:33 - [TEST_STEP][PASSED] - delay: Delayed 2 second(s)

2018-12-05 15:53:35 - [MESSAGE][PASSED] - Delayed 2 second(s)

2018-12-05 15:53:35 - [TEST_STEP][PASSED] - click: Object: 'Object Repository/Final Object Repo/Page_Request SSN - ASSIST/AI - PostCode - 81000' is clicked on

2018-12-05 15:53:36 - [MESSAGE][PASSED] - Object: 'Object Repository/Final Object Repo/Page_Request SSN - ASSIST/AI - PostCode - 81000' is clicked on

2018-12-05 15:53:36 - [TEST_STEP][NOT_RUN] - setText: NOT_RUN: setText

2018-12-05 15:53:36 - [MESSAGE][NOT_RUN] - NOT_RUN: setText

2018-12-05 15:53:36 - [TEST_STEP][NOT_RUN] - setText: NOT_RUN: setText

2018-12-05 15:53:36 - [MESSAGE][NOT_RUN] - NOT_RUN: setText

2018-12-05 15:53:36 - [TEST_STEP][NOT_RUN] - click: NOT_RUN: click

2018-12-05 15:53:36 - [MESSAGE][NOT_RUN] - NOT_RUN: click

2018-12-05 15:53:36 - [TEST_STEP][NOT_RUN] - click: NOT_RUN: click

2018-12-05 15:53:36 - [MESSAGE][NOT_RUN] - NOT_RUN: click

2018-12-05 15:53:36 - [TEST_STEP][NOT_RUN] - setText: NOT_RUN: setText

2018-12-05 15:53:36 - [MESSAGE][NOT_RUN] - NOT_RUN: setText

2018-12-05 15:53:36 - [TEST_STEP][NOT_RUN] - click: NOT_RUN: click

2018-12-05 15:53:36 - [MESSAGE][NOT_RUN] - NOT_RUN: click

2018-12-05 15:53:36 - [TEST_STEP][NOT_RUN] - click: NOT_RUN: click

2018-12-05 15:53:36 - [MESSAGE][NOT_RUN] - NOT_RUN: click

2018-12-05 15:53:36 - [TEST_STEP][NOT_RUN] - click: NOT_RUN: click

2018-12-05 15:53:36 - [MESSAGE][NOT_RUN] - NOT_RUN: click

2018-12-05 15:53:36 - [TEST_STEP][NOT_RUN] - click: NOT_RUN: click

2018-12-05 15:53:36 - [MESSAGE][NOT_RUN] - NOT_RUN: click

2018-12-05 15:53:36 - [TEST_STEP][NOT_RUN] - click: NOT_RUN: click

2018-12-05 15:53:36 - [MESSAGE][NOT_RUN] - NOT_RUN: click

2018-12-05 15:53:36 - [TEST_STEP][NOT_RUN] - click: NOT_RUN: click

2018-12-05 15:53:36 - [MESSAGE][NOT_RUN] - NOT_RUN: click

2018-12-05 15:53:36 - [TEST_STEP][NOT_RUN] - setText: NOT_RUN: setText

2018-12-05 15:53:36 - [MESSAGE][NOT_RUN] - NOT_RUN: setText

2018-12-05 15:53:36 - [TEST_STEP][NOT_RUN] - setText: NOT_RUN: setText

2018-12-05 15:53:36 - [MESSAGE][NOT_RUN] - NOT_RUN: setText

2018-12-05 15:53:36 - [TEST_STEP][NOT_RUN] - setText: NOT_RUN: setText

2018-12-05 15:53:36 - [MESSAGE][NOT_RUN] - NOT_RUN: setText

2018-12-05 15:53:36 - [TEST_STEP][NOT_RUN] - click: NOT_RUN: click

2018-12-05 15:53:36 - [MESSAGE][NOT_RUN] - NOT_RUN: click

2018-12-05 15:53:36 - [TEST_STEP][NOT_RUN] - click: NOT_RUN: click

2018-12-05 15:53:36 - [MESSAGE][NOT_RUN] - NOT_RUN: click

2018-12-05 15:53:36 - [TEST_STEP][NOT_RUN] - click: NOT_RUN: click

2018-12-05 15:53:36 - [MESSAGE][NOT_RUN] - NOT_RUN: click

2018-12-05 15:53:36 - [TEST_STEP][NOT_RUN] - setText: NOT_RUN: setText

2018-12-05 15:53:36 - [MESSAGE][NOT_RUN] - NOT_RUN: setText

2018-12-05 15:53:36 - [TEST_STEP][NOT_RUN] - delay: NOT_RUN: delay

2018-12-05 15:53:36 - [MESSAGE][NOT_RUN] - NOT_RUN: delay

2018-12-05 15:53:36 - [TEST_STEP][NOT_RUN] - click: NOT_RUN: click

2018-12-05 15:53:36 - [MESSAGE][NOT_RUN] - NOT_RUN: click

2018-12-05 15:53:36 - [TEST_STEP][NOT_RUN] - click: NOT_RUN: click

2018-12-05 15:53:36 - [MESSAGE][NOT_RUN] - NOT_RUN: click

2018-12-05 15:53:36 - [TEST_STEP][NOT_RUN] - click: NOT_RUN: click

2018-12-05 15:53:36 - [MESSAGE][NOT_RUN] - NOT_RUN: click

2018-12-05 15:53:36 - [TEST_STEP][NOT_RUN] - setText: NOT_RUN: setText

2018-12-05 15:53:36 - [MESSAGE][NOT_RUN] - NOT_RUN: setText

2018-12-05 15:53:36 - [TEST_STEP][NOT_RUN] - delay: NOT_RUN: delay

2018-12-05 15:53:36 - [MESSAGE][NOT_RUN] - NOT_RUN: delay

2018-12-05 15:53:36 - [TEST_STEP][NOT_RUN] - click: NOT_RUN: click

2018-12-05 15:53:36 - [MESSAGE][NOT_RUN] - NOT_RUN: click

2018-12-05 15:53:36 - [TEST_STEP][NOT_RUN] - delay: NOT_RUN: delay

2018-12-05 15:53:36 - [MESSAGE][NOT_RUN] - NOT_RUN: delay

2018-12-05 15:53:36 - [TEST_STEP][NOT_RUN] - setText: NOT_RUN: setText

2018-12-05 15:53:36 - [MESSAGE][NOT_RUN] - NOT_RUN: setText

2018-12-05 15:53:36 - [TEST_STEP][NOT_RUN] - setText: NOT_RUN: setText

2018-12-05 15:53:36 - [MESSAGE][NOT_RUN] - NOT_RUN: setText

2018-12-05 15:53:36 - [TEST_STEP][NOT_RUN] - setText: NOT_RUN: setText

2018-12-05 15:53:36 - [MESSAGE][NOT_RUN] - NOT_RUN: setText

2018-12-05 15:53:36 - [TEST_STEP][NOT_RUN] - click: NOT_RUN: click

2018-12-05 15:53:36 - [MESSAGE][NOT_RUN] - NOT_RUN: click

2018-12-05 15:53:36 - [TEST_STEP][NOT_RUN] - click: NOT_RUN: click

2018-12-05 15:53:36 - [MESSAGE][NOT_RUN] - NOT_RUN: click

2018-12-05 15:53:36 - [TEST_STEP][NOT_RUN] - setText: NOT_RUN: setText

2018-12-05 15:53:36 - [MESSAGE][NOT_RUN] - NOT_RUN: setText

2018-12-05 15:53:36 - [TEST_STEP][NOT_RUN] - click: NOT_RUN: click

2018-12-05 15:53:36 - [MESSAGE][NOT_RUN] - NOT_RUN: click

2018-12-05 15:53:36 - [TEST_STEP][NOT_RUN] - click: NOT_RUN: click

2018-12-05 15:53:36 - [MESSAGE][NOT_RUN] - NOT_RUN: click

2018-12-05 15:53:36 - [TEST_STEP][NOT_RUN] - click: NOT_RUN: click

2018-12-05 15:53:36 - [MESSAGE][NOT_RUN] - NOT_RUN: click

2018-12-05 15:53:36 - [TEST_STEP][NOT_RUN] - click: NOT_RUN: click

2018-12-05 15:53:36 - [MESSAGE][NOT_RUN] - NOT_RUN: click

2018-12-05 15:53:36 - [TEST_STEP][NOT_RUN] - click: NOT_RUN: click

2018-12-05 15:53:36 - [MESSAGE][NOT_RUN] - NOT_RUN: click

2018-12-05 15:53:36 - [TEST_STEP][NOT_RUN] - click: NOT_RUN: click

2018-12-05 15:53:36 - [MESSAGE][NOT_RUN] - NOT_RUN: click

2018-12-05 15:53:36 - [TEST_STEP][NOT_RUN] - setText: NOT_RUN: setText

2018-12-05 15:53:36 - [MESSAGE][NOT_RUN] - NOT_RUN: setText

2018-12-05 15:53:36 - [TEST_STEP][NOT_RUN] - setText: NOT_RUN: setText

2018-12-05 15:53:36 - [MESSAGE][NOT_RUN] - NOT_RUN: setText

2018-12-05 15:53:36 - [TEST_STEP][NOT_RUN] - setText: NOT_RUN: setText

2018-12-05 15:53:36 - [MESSAGE][NOT_RUN] - NOT_RUN: setText

2018-12-05 15:53:37 - [TEST_STEP][NOT_RUN] - click: NOT_RUN: click

2018-12-05 15:53:37 - [MESSAGE][NOT_RUN] - NOT_RUN: click

2018-12-05 15:53:37 - [TEST_STEP][NOT_RUN] - click: NOT_RUN: click

2018-12-05 15:53:37 - [MESSAGE][NOT_RUN] - NOT_RUN: click

2018-12-05 15:53:37 - [TEST_STEP][NOT_RUN] - click: NOT_RUN: click

2018-12-05 15:53:37 - [MESSAGE][NOT_RUN] - NOT_RUN: click

2018-12-05 15:53:37 - [TEST_STEP][NOT_RUN] - delay: NOT_RUN: delay

2018-12-05 15:53:37 - [MESSAGE][NOT_RUN] - NOT_RUN: delay

2018-12-05 15:53:37 - [TEST_STEP][NOT_RUN] - setText: NOT_RUN: setText

2018-12-05 15:53:37 - [MESSAGE][NOT_RUN] - NOT_RUN: setText

2018-12-05 15:53:37 - [TEST_STEP][NOT_RUN] - delay: NOT_RUN: delay

2018-12-05 15:53:37 - [MESSAGE][NOT_RUN] - NOT_RUN: delay

2018-12-05 15:53:37 - [TEST_STEP][NOT_RUN] - click: NOT_RUN: click

2018-12-05 15:53:37 - [MESSAGE][NOT_RUN] - NOT_RUN: click

2018-12-05 15:53:37 - [TEST_STEP][NOT_RUN] - doubleClick: NOT_RUN: doubleClick

2018-12-05 15:53:37 - [MESSAGE][NOT_RUN] - NOT_RUN: doubleClick

2018-12-05 15:53:37 - [TEST_STEP][NOT_RUN] - click: NOT_RUN: click

2018-12-05 15:53:37 - [MESSAGE][NOT_RUN] - NOT_RUN: click

2018-12-05 15:53:37 - [TEST_STEP][NOT_RUN] - setText: NOT_RUN: setText

2018-12-05 15:53:37 - [MESSAGE][NOT_RUN] - NOT_RUN: setText

2018-12-05 15:53:37 - [TEST_STEP][NOT_RUN] - delay: NOT_RUN: delay

2018-12-05 15:53:37 - [MESSAGE][NOT_RUN] - NOT_RUN: delay

2018-12-05 15:53:37 - [TEST_STEP][NOT_RUN] - click: NOT_RUN: click

2018-12-05 15:53:37 - [MESSAGE][NOT_RUN] - NOT_RUN: click

2018-12-05 15:53:37 - [TEST_STEP][NOT_RUN] - delay: NOT_RUN: delay

2018-12-05 15:53:37 - [MESSAGE][NOT_RUN] - NOT_RUN: delay

2018-12-05 15:53:37 - [TEST_STEP][NOT_RUN] - setText: NOT_RUN: setText

2018-12-05 15:53:37 - [MESSAGE][NOT_RUN] - NOT_RUN: setText

2018-12-05 15:53:37 - [TEST_STEP][PASSED] - click: Object: 'Object Repository/Final Object Repo/Page_Request SSN - ASSIST/Save  Continue' is clicked on

2018-12-05 15:53:37 - [MESSAGE][PASSED] - Object: 'Object Repository/Final Object Repo/Page_Request SSN - ASSIST/Save  Continue' is clicked on

2018-12-05 15:53:37 - [TEST_STEP][PASSED] - delay: Delayed 3 second(s)

2018-12-05 15:53:40 - [MESSAGE][PASSED] - Delayed 3 second(s)

2018-12-05 15:53:40 - [TEST_STEP][PASSED] - Statement - CaseReferenceNo = com.kms.katalon.core.webui.keyword.WebUiBuiltInKeywords.getText(com.kms.katalon.core.testobject.ObjectRepository.findTestObject(Final Object Repo/Page_Request SSN - ASSIST/Reference Number in Uploading Page)): Text of object 'Object Repository/Final Object Repo/Page_Request SSN - ASSIST/Reference Number in Uploading Page' is: 'SSN12201800001160'

2018-12-05 15:53:40 - [MESSAGE][PASSED] - Text of object 'Object Repository/Final Object Repo/Page_Request SSN - ASSIST/Reference Number in Uploading Page' is: 'SSN12201800001160'

2018-12-05 15:53:40 - [TEST_STEP][PASSED] - callTestCase: Call Test Case 'Test Cases/Final Aug 2018 - PKS Automation/Common/Reference Number Setter' successfully

2018-12-05 15:53:40 - [TEST_CASE][PASSED] - Test Cases/Final Aug 2018 - PKS Automation/Common/Reference Number Setter: Test Cases/Final Aug 2018 - PKS Automation/Common/Reference Number Setter

2018-12-05 15:53:40 - [TEST_STEP][PASSED] - Statement - RefNoOldFile = new java.io.File(C://Users//Admin//Desktop//PKS//Automation Reference Point//KatalonReference.txt): null

2018-12-05 15:53:40 - [TEST_STEP][PASSED] - Statement - RefNoOldFile.delete(): null

2018-12-05 15:53:40 - [TEST_STEP][PASSED] - delay: Delayed 5 second(s)

2018-12-05 15:53:45 - [MESSAGE][PASSED] - Delayed 5 second(s)

2018-12-05 15:53:45 - [TEST_STEP][PASSED] - Statement - RefNo = new java.io.File(C://Users//Admin//Desktop//PKS//Automation Reference Point//KatalonReference.txt): null

2018-12-05 15:53:45 - [TEST_STEP][PASSED] - Statement - f2 = new java.io.FileWriter(RefNo, false): null

2018-12-05 15:53:45 - [TEST_STEP][PASSED] - Statement - f2.write(CaseReferenceNo): null

2018-12-05 15:53:45 - [TEST_STEP][PASSED] - Statement - f2.close(): null

2018-12-05 15:53:45 - [TEST_STEP][PASSED] - Statement - out.println("


" + CaseReferenceNo + "


"): null

2018-12-05 15:53:45 - [MESSAGE][PASSED] - Call Test Case 'Test Cases/Final Aug 2018 - PKS Automation/Common/Reference Number Setter' successfully

2018-12-05 15:53:45 - [TEST_STEP][PASSED] - click: Object: 'Object Repository/Final Object Repo/Page_Request SSN - ASSIST/Add Document Button' is clicked on

2018-12-05 15:53:46 - [MESSAGE][PASSED] - Object: 'Object Repository/Final Object Repo/Page_Request SSN - ASSIST/Add Document Button' is clicked on

2018-12-05 15:53:46 - [TEST_STEP][PASSED] - delay: Delayed 2 second(s)

2018-12-05 15:53:48 - [MESSAGE][PASSED] - Delayed 2 second(s)

2018-12-05 15:53:48 - [TEST_STEP][PASSED] - click: Object: 'Object Repository/Final Object Repo/Page_Request SSN - ASSIST/Document Type' is clicked on

2018-12-05 15:53:49 - [MESSAGE][PASSED] - Object: 'Object Repository/Final Object Repo/Page_Request SSN - ASSIST/Document Type' is clicked on

2018-12-05 15:53:49 - [TEST_STEP][PASSED] - click: Object: 'Object Repository/Final Object Repo/Page_Request SSN - ASSIST/Document Type - Birth Certificate' is clicked on

2018-12-05 15:53:49 - [MESSAGE][PASSED] - Object: 'Object Repository/Final Object Repo/Page_Request SSN - ASSIST/Document Type - Birth Certificate' is clicked on

2018-12-05 15:53:49 - [TEST_STEP][PASSED] - sendKeys: Keys 'C:\Users\Public\Pictures\Sample Pictures\Koala.jpg' sent to object: 'Object Repository/Final Object Repo/Page_Request SSN - ASSIST/Upload File'

2018-12-05 15:53:49 - [MESSAGE][PASSED] - Keys 'C:\Users\Public\Pictures\Sample Pictures\Koala.jpg' sent to object: 'Object Repository/Final Object Repo/Page_Request SSN - ASSIST/Upload File'

2018-12-05 15:53:49 - [TEST_STEP][PASSED] - click: Object: 'Object Repository/Final Object Repo/Page_Request SSN - ASSIST/Add Document' is clicked on

2018-12-05 15:53:49 - [MESSAGE][PASSED] - Object: 'Object Repository/Final Object Repo/Page_Request SSN - ASSIST/Add Document' is clicked on

2018-12-05 15:53:49 - [TEST_STEP][PASSED] - delay: Delayed 20 second(s)

2018-12-05 15:54:09 - [MESSAGE][PASSED] - Delayed 20 second(s)

2018-12-05 15:54:09 - [TEST_STEP][PASSED] - click: Object: 'Object Repository/Final Object Repo/Page_Request SSN - ASSIST/Save  Continue in Uploading Document Page' is clicked on

2018-12-05 15:54:09 - [MESSAGE][PASSED] - Object: 'Object Repository/Final Object Repo/Page_Request SSN - ASSIST/Save  Continue in Uploading Document Page' is clicked on

2018-12-05 15:54:09 - [TEST_STEP][PASSED] - delay: Delayed 2 second(s)

2018-12-05 15:54:11 - [MESSAGE][PASSED] - Delayed 2 second(s)

2018-12-05 15:54:11 - [TEST_STEP][PASSED] - click: Object: 'Object Repository/Final Object Repo/Page_Request SSN - ASSIST/Submit' is clicked on

2018-12-05 15:54:14 - [MESSAGE][PASSED] - Object: 'Object Repository/Final Object Repo/Page_Request SSN - ASSIST/Submit' is clicked on

2018-12-05 15:54:14 - [TEST_STEP][PASSED] - delay: Delayed 2 second(s)

2018-12-05 15:54:16 - [MESSAGE][PASSED] - Delayed 2 second(s)

2018-12-05 15:54:16 - [TEST_STEP][PASSED] - click: Object: 'Object Repository/Final Object Repo/Page_Request SSN - ASSIST/Confirm' is clicked on

2018-12-05 15:54:16 - [MESSAGE][PASSED] - Object: 'Object Repository/Final Object Repo/Page_Request SSN - ASSIST/Confirm' is clicked on

2018-12-05 15:54:16 - [TEST_STEP][PASSED] - delay: Delayed 2 second(s)

2018-12-05 15:54:18 - [MESSAGE][PASSED] - Delayed 2 second(s)

2018-12-05 15:54:18 - [TEST_STEP][PASSED] - verifyElementVisible: Object 'Object Repository/Final Object Repo/Page_Request SSN - ASSIST/Message This Case will be routed to RIO' is visible

2018-12-05 15:54:23 - [MESSAGE][PASSED] - Object 'Object Repository/Final Object Repo/Page_Request SSN - ASSIST/Message This Case will be routed to RIO' is visible

2018-12-05 15:54:23 - [TEST_STEP][PASSED] - delay: Delayed 2 second(s)

2018-12-05 15:54:25 - [MESSAGE][PASSED] - Delayed 2 second(s)

2018-12-05 15:54:25 - [TEST_STEP][PASSED] - verifyElementVisible: Object 'Object Repository/Final Object Repo/Page_Request SSN - ASSIST/Letter of acknowledgement' is visible

2018-12-05 15:54:25 - [MESSAGE][PASSED] - Object 'Object Repository/Final Object Repo/Page_Request SSN - ASSIST/Letter of acknowledgement' is visible

2018-12-05 15:54:25 - [MESSAGE][PASSED] - Call Test Case 'Test Cases/Final Aug 2018 - PKS Automation/Registration Module/Workflow/Request SSN/Template/Request SSN - PKRBO' successfully

2018-12-05 15:54:25 - [TEST_STEP][PASSED] - callTestCase: Call Test Case 'Test Cases/Final Aug 2018 - PKS Automation/Registration Module/Workflow/Request SSN/Template/Request SSN RIO - RO (Query)' successfully

2018-12-05 15:54:25 - [TEST_CASE][PASSED] - Test Cases/Final Aug 2018 - PKS Automation/Registration Module/Workflow/Request SSN/Template/Request SSN RIO - RO (Query): Test Cases/Final Aug 2018 - PKS Automation/Registration Module/Workflow/Request SSN/Template/Request SSN RIO - RO (Query)

2018-12-05 15:54:25 - [TEST_STEP][NOT_RUN] - callTestCase: NOT_RUN: callTestCase

2018-12-05 15:54:25 - [MESSAGE][NOT_RUN] - NOT_RUN: callTestCase

2018-12-05 15:54:25 - [TEST_STEP][PASSED] - delay: Delayed 2 second(s)

2018-12-05 15:54:27 - [MESSAGE][PASSED] - Delayed 2 second(s)

2018-12-05 15:54:27 - [TEST_STEP][PASSED] - navigateToUrl: Navigate to 'https://assist2-uat.perkeso.gov.my/c/portal/logout' successfully

2018-12-05 15:54:28 - [MESSAGE][PASSED] - Navigate to 'https://assist2-uat.perkeso.gov.my/c/portal/logout' successfully

2018-12-05 15:54:28 - [TEST_STEP][PASSED] - delay: Delayed 2 second(s)

2018-12-05 15:54:30 - [MESSAGE][PASSED] - Delayed 2 second(s)

2018-12-05 15:54:30 - [TEST_STEP][PASSED] - callTestCase: Call Test Case 'Test Cases/Final Aug 2018 - PKS Automation/Common/Reference Number Getter' successfully

2018-12-05 15:54:31 - [TEST_CASE][PASSED] - Test Cases/Final Aug 2018 - PKS Automation/Common/Reference Number Getter: Test Cases/Final Aug 2018 - PKS Automation/Common/Reference Number Getter

2018-12-05 15:54:31 - [TEST_STEP][PASSED] - Statement - Try: null

2018-12-05 15:54:31 - [TEST_STEP][PASSED] - Statement - RefNo = new java.io.File(C://Users//Admin//Desktop//PKS//Automation Reference Point//KatalonReference.txt): null

2018-12-05 15:54:31 - [TEST_STEP][PASSED] - Statement - bufferread = new java.io.BufferedReader(new java.io.FileReader(RefNo)): null

2018-12-05 15:54:31 - [TEST_STEP][PASSED] - Statement - readedVal = bufferread.readLine(): null

2018-12-05 15:54:31 - [TEST_STEP][PASSED] - Statement - out.println(CaseReferenceNo): null

2018-12-05 15:54:31 - [TEST_STEP][PASSED] - Statement - out.println(readedVal): null

2018-12-05 15:54:31 - [TEST_STEP][PASSED] - Statement - CaseReferenceNo = "": null

2018-12-05 15:54:31 - [TEST_STEP][PASSED] - Statement - CaseReferenceNo = readedVal: null

2018-12-05 15:54:31 - [MESSAGE][PASSED] - Call Test Case 'Test Cases/Final Aug 2018 - PKS Automation/Common/Reference Number Getter' successfully

2018-12-05 15:54:31 - [TEST_STEP][PASSED] - callTestCase: Call Test Case 'Test Cases/Final Aug 2018 - PKS Automation/Common/Workflow Owner Finder' successfully

2018-12-05 15:54:31 - [TEST_CASE][PASSED] - Test Cases/Final Aug 2018 - PKS Automation/Common/Workflow Owner Finder: Test Cases/Final Aug 2018 - PKS Automation/Common/Workflow Owner Finder

2018-12-05 15:54:31 - [TEST_STEP][PASSED] - openBrowser: Browser is opened with url: ''

2018-12-05 15:54:31 - [MESSAGE][WARNING] - A browser is already opened. Closing browser and opening a new one

2018-12-05 15:54:34 - [MESSAGE][PASSED] - Browser is opened with url: ''

2018-12-05 15:54:34 - [TEST_STEP][PASSED] - navigateToUrl: Navigate to 'https://assist2-uat.perkeso.gov.my/login' successfully

2018-12-05 15:54:35 - [MESSAGE][PASSED] - Navigate to 'https://assist2-uat.perkeso.gov.my/login' successfully

2018-12-05 15:54:35 - [TEST_STEP][PASSED] - delay: Delayed 5 second(s)

2018-12-05 15:54:40 - [MESSAGE][PASSED] - Delayed 5 second(s)

2018-12-05 15:54:40 - [TEST_STEP][PASSED] - setText: Text 'test@liferay.com' is set on object 'Object Repository/Final Object Repo/Login Page/Internal User/Email Address'

2018-12-05 15:54:40 - [MESSAGE][PASSED] - Text 'test@liferay.com' is set on object 'Object Repository/Final Object Repo/Login Page/Internal User/Email Address'

2018-12-05 15:54:40 - [TEST_STEP][PASSED] - click: Object: 'Object Repository/Final Object Repo/Login Page/Internal User/Next Button' is clicked on

2018-12-05 15:54:40 - [MESSAGE][PASSED] - Object: 'Object Repository/Final Object Repo/Login Page/Internal User/Next Button' is clicked on

2018-12-05 15:54:40 - [TEST_STEP][PASSED] - delay: Delayed 2 second(s)

2018-12-05 15:54:42 - [MESSAGE][PASSED] - Delayed 2 second(s)

2018-12-05 15:54:42 - [TEST_STEP][PASSED] - setText: Text 'test' is set on object 'Object Repository/Final Object Repo/Login Page/Internal User/Password'

2018-12-05 15:54:42 - [MESSAGE][PASSED] - Text 'test' is set on object 'Object Repository/Final Object Repo/Login Page/Internal User/Password'

2018-12-05 15:54:42 - [TEST_STEP][PASSED] - delay: Delayed 2 second(s)

2018-12-05 15:54:44 - [MESSAGE][PASSED] - Delayed 2 second(s)

2018-12-05 15:54:44 - [TEST_STEP][PASSED] - click: Object: 'Object Repository/Final Object Repo/Login Page/Internal User/Login Button' is clicked on

2018-12-05 15:54:45 - [MESSAGE][PASSED] - Object: 'Object Repository/Final Object Repo/Login Page/Internal User/Login Button' is clicked on

2018-12-05 15:54:45 - [TEST_STEP][PASSED] - Statement - tester = com.kms.katalon.core.testobject.ObjectRepository.findTestObject(Final Object Repo/Landing Page/Select to English): Finding Test Object with id 'Object Repository/Final Object Repo/Landing Page/Select to English'

2018-12-05 15:54:45 - [TEST_STEP][PASSED] - Statement - Try: Delayed 2 second(s)

2018-12-05 15:54:45 - [TEST_STEP][PASSED] - Statement - Checker = com.kms.katalon.core.webui.keyword.WebUiBuiltInKeywords.verifyElementNotPresent(tester, 3): Web element with id: 'Object Repository/Final Object Repo/Landing Page/Select to English' located by 'By.xpath: //a[@class = 'taglib-language-list-text' and @lang = 'en-US' and (contains(text(), 'EN') or contains(., 'EN'))]' is not present after '3' second(s)

2018-12-05 15:54:46 - [MESSAGE][PASSED] - Web element with id: 'Object Repository/Final Object Repo/Landing Page/Select to English' located by 'By.xpath: //a[@class = 'taglib-language-list-text' and @lang = 'en-US' and (contains(text(), 'EN') or contains(., 'EN'))]' is not present after '3' second(s)

2018-12-05 15:54:46 - [TEST_STEP][PASSED] - Statement - If (Checker == false): null

2018-12-05 15:54:46 - [TEST_STEP][PASSED] - delay: Delayed 2 second(s)

2018-12-05 15:54:48 - [MESSAGE][PASSED] - Delayed 2 second(s)

2018-12-05 15:54:48 - [TEST_STEP][PASSED] - delay: Delayed 5 second(s)

2018-12-05 15:54:53 - [MESSAGE][PASSED] - Delayed 5 second(s)

2018-12-05 15:54:53 - [TEST_STEP][PASSED] - mouseOver: Object: 'Object Repository/Final Object Repo/Landing Page/WorkFlow Menu' is hovered

2018-12-05 15:54:54 - [MESSAGE][PASSED] - Object: 'Object Repository/Final Object Repo/Landing Page/WorkFlow Menu' is hovered

2018-12-05 15:54:54 - [TEST_STEP][PASSED] - delay: Delayed 2 second(s)

2018-12-05 15:54:56 - [MESSAGE][PASSED] - Delayed 2 second(s)

2018-12-05 15:54:56 - [TEST_STEP][PASSED] - click: Object: 'Object Repository/Final Object Repo/Landing Page/Select to Workflow Listing' is clicked on

2018-12-05 15:54:57 - [MESSAGE][PASSED] - Object: 'Object Repository/Final Object Repo/Landing Page/Select to Workflow Listing' is clicked on

2018-12-05 15:54:57 - [TEST_STEP][PASSED] - delay: Delayed 2 second(s)

2018-12-05 15:54:59 - [MESSAGE][PASSED] - Delayed 2 second(s)

2018-12-05 15:54:59 - [TEST_STEP][PASSED] - click: Object: 'Object Repository/Final Object Repo/WorkFlow Listing Page/Search Information - To Put Ref No' is clicked on

2018-12-05 15:54:59 - [MESSAGE][PASSED] - Object: 'Object Repository/Final Object Repo/WorkFlow Listing Page/Search Information - To Put Ref No' is clicked on

2018-12-05 15:54:59 - [TEST_STEP][PASSED] - delay: Delayed 2 second(s)

2018-12-05 15:55:01 - [MESSAGE][PASSED] - Delayed 2 second(s)

2018-12-05 15:55:01 - [TEST_STEP][PASSED] - callTestCase: Call Test Case 'Test Cases/Final Aug 2018 - PKS Automation/Common/Reference Number Getter' successfully

2018-12-05 15:55:01 - [TEST_CASE][PASSED] - Test Cases/Final Aug 2018 - PKS Automation/Common/Reference Number Getter: Test Cases/Final Aug 2018 - PKS Automation/Common/Reference Number Getter

2018-12-05 15:55:01 - [TEST_STEP][PASSED] - Statement - Try: null

2018-12-05 15:55:01 - [TEST_STEP][PASSED] - Statement - RefNo = new java.io.File(C://Users//Admin//Desktop//PKS//Automation Reference Point//KatalonReference.txt): null

2018-12-05 15:55:01 - [TEST_STEP][PASSED] - Statement - bufferread = new java.io.BufferedReader(new java.io.FileReader(RefNo)): null

2018-12-05 15:55:01 - [TEST_STEP][PASSED] - Statement - readedVal = bufferread.readLine(): null

2018-12-05 15:55:01 - [TEST_STEP][PASSED] - Statement - out.println(CaseReferenceNo): null

2018-12-05 15:55:01 - [TEST_STEP][PASSED] - Statement - out.println(readedVal): null

2018-12-05 15:55:01 - [TEST_STEP][PASSED] - Statement - CaseReferenceNo = "": null

2018-12-05 15:55:01 - [TEST_STEP][PASSED] - Statement - CaseReferenceNo = readedVal: null

2018-12-05 15:55:01 - [MESSAGE][PASSED] - Call Test Case 'Test Cases/Final Aug 2018 - PKS Automation/Common/Reference Number Getter' successfully

2018-12-05 15:55:01 - [TEST_STEP][PASSED] - setText: Text 'SSN12201800001160' is set on object 'Object Repository/Final Object Repo/WorkFlow Listing Page/Ref No Set Text'

2018-12-05 15:55:01 - [MESSAGE][PASSED] - Text 'SSN12201800001160' is set on object 'Object Repository/Final Object Repo/WorkFlow Listing Page/Ref No Set Text'

2018-12-05 15:55:01 - [TEST_STEP][PASSED] - delay: Delayed 2 second(s)

2018-12-05 15:55:03 - [MESSAGE][PASSED] - Delayed 2 second(s)

2018-12-05 15:55:03 - [TEST_STEP][PASSED] - click: Object: 'Object Repository/Final Object Repo/WorkFlow Listing Page/Search Ref No Search Button' is clicked on

2018-12-05 15:55:04 - [MESSAGE][PASSED] - Object: 'Object Repository/Final Object Repo/WorkFlow Listing Page/Search Ref No Search Button' is clicked on

2018-12-05 15:55:04 - [TEST_STEP][PASSED] - delay: Delayed 6 second(s)

2018-12-05 15:55:10 - [MESSAGE][PASSED] - Delayed 6 second(s)

2018-12-05 15:55:10 - [TEST_STEP][PASSED] - click: Object: 'Object Repository/Final Object Repo/WorkFlow Listing Page/Click Continue Tooltip' is clicked on

2018-12-05 15:55:11 - [MESSAGE][PASSED] - Object: 'Object Repository/Final Object Repo/WorkFlow Listing Page/Click Continue Tooltip' is clicked on

2018-12-05 15:55:11 - [TEST_STEP][PASSED] - delay: Delayed 5 second(s)

2018-12-05 15:55:16 - [MESSAGE][PASSED] - Delayed 5 second(s)

2018-12-05 15:55:16 - [TEST_STEP][PASSED] - doubleClick: Object: 'Object Repository/Final Object Repo/WorkFlow Listing Page/Workflow Found - Listing 1' is double clicked on

2018-12-05 15:55:16 - [MESSAGE][PASSED] - Object: 'Object Repository/Final Object Repo/WorkFlow Listing Page/Workflow Found - Listing 1' is double clicked on

2018-12-05 15:55:16 - [TEST_STEP][PASSED] - Statement - println(OwnerID): null

2018-12-05 15:55:16 - [TEST_STEP][PASSED] - Statement - OwnerID = com.kms.katalon.core.webui.keyword.WebUiBuiltInKeywords.getText(com.kms.katalon.core.testobject.ObjectRepository.findTestObject(Final Object Repo/WorkFlow Listing Page/Workflow Found - Listing 1), STOP_ON_FAILURE): Text of object 'Object Repository/Final Object Repo/WorkFlow Listing Page/Workflow Found - Listing 1' is: 'JOHORrio1'

2018-12-05 15:55:16 - [MESSAGE][PASSED] - Text of object 'Object Repository/Final Object Repo/WorkFlow Listing Page/Workflow Found - Listing 1' is: 'JOHORrio1'

2018-12-05 15:55:16 - [TEST_STEP][PASSED] - Statement - OwnerID = OwnerID.toLowerCase() + "@gmail.com": null

2018-12-05 15:55:16 - [TEST_STEP][PASSED] - Statement - println(OwnerID): null

2018-12-05 15:55:16 - [TEST_STEP][PASSED] - delay: Delayed 2 second(s)

2018-12-05 15:55:18 - [MESSAGE][PASSED] - Delayed 2 second(s)

2018-12-05 15:55:18 - [MESSAGE][PASSED] - Call Test Case 'Test Cases/Final Aug 2018 - PKS Automation/Common/Workflow Owner Finder' successfully

2018-12-05 15:55:18 - [TEST_STEP][PASSED] - delay: Delayed 2 second(s)

2018-12-05 15:55:20 - [MESSAGE][PASSED] - Delayed 2 second(s)

2018-12-05 15:55:20 - [TEST_STEP][PASSED] - navigateToUrl: Navigate to 'https://assist2-uat.perkeso.gov.my/c/portal/logout' successfully

2018-12-05 15:55:21 - [MESSAGE][PASSED] - Navigate to 'https://assist2-uat.perkeso.gov.my/c/portal/logout' successfully

2018-12-05 15:55:21 - [TEST_STEP][PASSED] - delay: Delayed 2 second(s)

2018-12-05 15:55:23 - [MESSAGE][PASSED] - Delayed 2 second(s)

2018-12-05 15:55:23 - [TEST_STEP][PASSED] - callTestCase: Call Test Case 'Test Cases/Final Aug 2018 - PKS Automation/Registration Module/Workflow/Login and Search Case For Workflow' successfully

2018-12-05 15:55:23 - [TEST_CASE][PASSED] - Test Cases/Final Aug 2018 - PKS Automation/Registration Module/Workflow/Login and Search Case For Workflow: Test Cases/Final Aug 2018 - PKS Automation/Registration Module/Workflow/Login and Search Case For Workflow

2018-12-05 15:55:23 - [TEST_STEP][PASSED] - navigateToUrl: Navigate to 'https://assist2-uat.perkeso.gov.my/login' successfully

2018-12-05 15:55:23 - [MESSAGE][PASSED] - Navigate to 'https://assist2-uat.perkeso.gov.my/login' successfully

2018-12-05 15:55:23 - [TEST_STEP][PASSED] - setText: Text 'johorrio1@gmail.com' is set on object 'Object Repository/Final Object Repo/Login Page/Internal User/Email Address'

2018-12-05 15:55:24 - [MESSAGE][PASSED] - Text 'johorrio1@gmail.com' is set on object 'Object Repository/Final Object Repo/Login Page/Internal User/Email Address'

2018-12-05 15:55:24 - [TEST_STEP][PASSED] - click: Object: 'Object Repository/Final Object Repo/Login Page/Internal User/Next Button' is clicked on

2018-12-05 15:55:24 - [MESSAGE][PASSED] - Object: 'Object Repository/Final Object Repo/Login Page/Internal User/Next Button' is clicked on

2018-12-05 15:55:24 - [TEST_STEP][PASSED] - delay: Delayed 1 second(s)

2018-12-05 15:55:25 - [MESSAGE][PASSED] - Delayed 1 second(s)

2018-12-05 15:55:25 - [TEST_STEP][PASSED] - setEncryptedText: Text ****** has been set on object 'Object Repository/Final Object Repo/Login Page/Internal User/Password'

2018-12-05 15:55:25 - [MESSAGE][PASSED] - Text ****** has been set on object 'Object Repository/Final Object Repo/Login Page/Internal User/Password'

2018-12-05 15:55:25 - [TEST_STEP][PASSED] - click: Object: 'Object Repository/Final Object Repo/Login Page/Internal User/Login Button' is clicked on

2018-12-05 15:55:25 - [MESSAGE][PASSED] - Object: 'Object Repository/Final Object Repo/Login Page/Internal User/Login Button' is clicked on

2018-12-05 15:55:25 - [TEST_STEP][PASSED] - delay: Delayed 2 second(s)

2018-12-05 15:55:27 - [MESSAGE][PASSED] - Delayed 2 second(s)

2018-12-05 15:55:27 - [TEST_STEP][PASSED] - Statement - Try: Delayed 2 second(s)

2018-12-05 15:55:27 - [TEST_STEP][PASSED] - Statement - Checker = false: null

2018-12-05 15:55:27 - [TEST_STEP][PASSED] - Statement - Checker = com.kms.katalon.core.webui.keyword.WebUiBuiltInKeywords.verifyElementHasAttribute(com.kms.katalon.core.testobject.ObjectRepository.findTestObject(Final Object Repo/Landing Page/BM Detecting), "href", 20, OPTIONAL): Object 'Object Repository/Final Object Repo/Landing Page/BM Detecting' has attribute 'href'

2018-12-05 15:55:27 - [MESSAGE][PASSED] - Object 'Object Repository/Final Object Repo/Landing Page/BM Detecting' has attribute 'href'

2018-12-05 15:55:27 - [TEST_STEP][PASSED] - Statement - out.println(Checker): null

2018-12-05 15:55:27 - [TEST_STEP][PASSED] - Statement - If (Checker == false): null

2018-12-05 15:55:27 - [TEST_STEP][PASSED] - Statement - Else: null

2018-12-05 15:55:27 - [TEST_STEP][PASSED] - delay: Delayed 2 second(s)

2018-12-05 15:55:29 - [MESSAGE][PASSED] - Delayed 2 second(s)

2018-12-05 15:55:29 - [TEST_STEP][PASSED] - click: Object: 'Object Repository/Final Object Repo/Page_MyASSIST - ASSIST - Search Pending Case For Add Supporting Document/Search Information' is clicked on

2018-12-05 15:55:30 - [MESSAGE][PASSED] - Object: 'Object Repository/Final Object Repo/Page_MyASSIST - ASSIST - Search Pending Case For Add Supporting Document/Search Information' is clicked on

2018-12-05 15:55:30 - [TEST_STEP][PASSED] - delay: Delayed 3 second(s)

2018-12-05 15:55:33 - [MESSAGE][PASSED] - Delayed 3 second(s)

2018-12-05 15:55:33 - [TEST_STEP][PASSED] - sendKeys: Keys 'SSN12201800001160' sent to object: 'Object Repository/Final Object Repo/Page_MyASSIST - ASSIST - Search Pending Case For Add Supporting Document/Reference No'

2018-12-05 15:55:33 - [MESSAGE][PASSED] - Keys 'SSN12201800001160' sent to object: 'Object Repository/Final Object Repo/Page_MyASSIST - ASSIST - Search Pending Case For Add Supporting Document/Reference No'

2018-12-05 15:55:33 - [TEST_STEP][PASSED] - click: Object: 'Object Repository/Final Object Repo/Page_MyASSIST - ASSIST - Search Pending Case For Add Supporting Document/Search Reference No' is clicked on

2018-12-05 15:55:33 - [MESSAGE][PASSED] - Object: 'Object Repository/Final Object Repo/Page_MyASSIST - ASSIST - Search Pending Case For Add Supporting Document/Search Reference No' is clicked on

2018-12-05 15:55:33 - [TEST_STEP][PASSED] - delay: Delayed 2 second(s)

2018-12-05 15:55:35 - [MESSAGE][PASSED] - Delayed 2 second(s)

2018-12-05 15:55:35 - [TEST_STEP][PASSED] - click: Object: 'Object Repository/Final Object Repo/Page_MyASSIST - ASSIST - Search Pending Case For Add Supporting Document/Continue' is clicked on

2018-12-05 15:55:42 - [MESSAGE][PASSED] - Object: 'Object Repository/Final Object Repo/Page_MyASSIST - ASSIST - Search Pending Case For Add Supporting Document/Continue' is clicked on

2018-12-05 15:55:42 - [TEST_STEP][PASSED] - delay: Delayed 20 second(s)

2018-12-05 15:56:02 - [MESSAGE][PASSED] - Delayed 20 second(s)

2018-12-05 15:56:02 - [MESSAGE][PASSED] - Call Test Case 'Test Cases/Final Aug 2018 - PKS Automation/Registration Module/Workflow/Login and Search Case For Workflow' successfully

2018-12-05 15:56:02 - [TEST_STEP][PASSED] - callTestCase: Call Test Case 'Test Cases/Final Aug 2018 - PKS Automation/Registration Module/Workflow/Request SSN/Template/Request SSN - RIO' successfully

2018-12-05 15:56:02 - [TEST_CASE][PASSED] - Test Cases/Final Aug 2018 - PKS Automation/Registration Module/Workflow/Request SSN/Template/Request SSN - RIO: Test Cases/Final Aug 2018 - PKS Automation/Registration Module/Workflow/Request SSN/Template/Request SSN - RIO

2018-12-05 15:56:02 - [TEST_STEP][NOT_RUN] - openBrowser: NOT_RUN: openBrowser

2018-12-05 15:56:02 - [MESSAGE][NOT_RUN] - NOT_RUN: openBrowser

2018-12-05 15:56:02 - [TEST_STEP][NOT_RUN] - navigateToUrl: NOT_RUN: navigateToUrl

2018-12-05 15:56:02 - [MESSAGE][NOT_RUN] - NOT_RUN: navigateToUrl

2018-12-05 15:56:02 - [TEST_STEP][NOT_RUN] - setText: NOT_RUN: setText

2018-12-05 15:56:02 - [MESSAGE][NOT_RUN] - NOT_RUN: setText

2018-12-05 15:56:02 - [TEST_STEP][NOT_RUN] - click: NOT_RUN: click

2018-12-05 15:56:02 - [MESSAGE][NOT_RUN] - NOT_RUN: click

2018-12-05 15:56:02 - [TEST_STEP][NOT_RUN] - delay: NOT_RUN: delay

2018-12-05 15:56:02 - [MESSAGE][NOT_RUN] - NOT_RUN: delay

2018-12-05 15:56:02 - [TEST_STEP][NOT_RUN] - setEncryptedText: NOT_RUN: setEncryptedText

2018-12-05 15:56:02 - [MESSAGE][NOT_RUN] - NOT_RUN: setEncryptedText

2018-12-05 15:56:02 - [TEST_STEP][NOT_RUN] - click: NOT_RUN: click

2018-12-05 15:56:02 - [MESSAGE][NOT_RUN] - NOT_RUN: click

2018-12-05 15:56:02 - [TEST_STEP][NOT_RUN] - delay: NOT_RUN: delay

2018-12-05 15:56:02 - [MESSAGE][NOT_RUN] - NOT_RUN: delay

2018-12-05 15:56:02 - [TEST_STEP][NOT_RUN] - click: NOT_RUN: click

2018-12-05 15:56:02 - [MESSAGE][NOT_RUN] - NOT_RUN: click

2018-12-05 15:56:02 - [TEST_STEP][NOT_RUN] - sendKeys: NOT_RUN: sendKeys

2018-12-05 15:56:02 - [MESSAGE][NOT_RUN] - NOT_RUN: sendKeys

2018-12-05 15:56:02 - [TEST_STEP][NOT_RUN] - click: NOT_RUN: click

2018-12-05 15:56:02 - [MESSAGE][NOT_RUN] - NOT_RUN: click

2018-12-05 15:56:02 - [TEST_STEP][NOT_RUN] - delay: NOT_RUN: delay

2018-12-05 15:56:02 - [MESSAGE][NOT_RUN] - NOT_RUN: delay

2018-12-05 15:56:02 - [TEST_STEP][NOT_RUN] - click: NOT_RUN: click

2018-12-05 15:56:02 - [MESSAGE][NOT_RUN] - NOT_RUN: click

2018-12-05 15:56:02 - [TEST_STEP][PASSED] - click: Object: 'Object Repository/Final Object Repo/Page_Request SSN - ASSIST/Page_Request SSN - ASSIST - RIO/Recommend For SSN' is clicked on

2018-12-05 15:56:02 - [MESSAGE][PASSED] - Object: 'Object Repository/Final Object Repo/Page_Request SSN - ASSIST/Page_Request SSN - ASSIST - RIO/Recommend For SSN' is clicked on

2018-12-05 15:56:02 - [TEST_STEP][PASSED] - click: Object: 'Object Repository/Final Object Repo/Page_Request SSN - ASSIST/Page_Request SSN - ASSIST - RIO/Recommend For SSN  - Yes' is clicked on

2018-12-05 15:56:03 - [MESSAGE][PASSED] - Object: 'Object Repository/Final Object Repo/Page_Request SSN - ASSIST/Page_Request SSN - ASSIST - RIO/Recommend For SSN  - Yes' is clicked on

2018-12-05 15:56:03 - [TEST_STEP][PASSED] - delay: Delayed 2 second(s)

2018-12-05 15:56:05 - [MESSAGE][PASSED] - Delayed 2 second(s)

2018-12-05 15:56:05 - [TEST_STEP][PASSED] - click: Object: 'Object Repository/Final Object Repo/Page_Request SSN - ASSIST/Page_Request SSN - ASSIST - RIO/Save  Continue in SSN page' is clicked on

2018-12-05 15:56:05 - [MESSAGE][PASSED] - Object: 'Object Repository/Final Object Repo/Page_Request SSN - ASSIST/Page_Request SSN - ASSIST - RIO/Save  Continue in SSN page' is clicked on

2018-12-05 15:56:05 - [TEST_STEP][PASSED] - delay: Delayed 2 second(s)

2018-12-05 15:56:07 - [MESSAGE][PASSED] - Delayed 2 second(s)

2018-12-05 15:56:07 - [TEST_STEP][PASSED] - click: Object: 'Object Repository/Final Object Repo/Page_Request SSN - ASSIST/Page_Request SSN - ASSIST - RIO/Save  Continue in Upload Document Page' is clicked on

2018-12-05 15:56:09 - [MESSAGE][PASSED] - Object: 'Object Repository/Final Object Repo/Page_Request SSN - ASSIST/Page_Request SSN - ASSIST - RIO/Save  Continue in Upload Document Page' is clicked on

2018-12-05 15:56:09 - [TEST_STEP][PASSED] - delay: Delayed 2 second(s)

2018-12-05 15:56:11 - [MESSAGE][PASSED] - Delayed 2 second(s)

2018-12-05 15:56:11 - [TEST_STEP][PASSED] - click: Object: 'Object Repository/Final Object Repo/Page_Request SSN - ASSIST/Page_Request SSN - ASSIST - RIO/Submit' is clicked on

2018-12-05 15:56:14 - [MESSAGE][PASSED] - Object: 'Object Repository/Final Object Repo/Page_Request SSN - ASSIST/Page_Request SSN - ASSIST - RIO/Submit' is clicked on

2018-12-05 15:56:14 - [TEST_STEP][PASSED] - delay: Delayed 2 second(s)

2018-12-05 15:56:16 - [MESSAGE][PASSED] - Delayed 2 second(s)

2018-12-05 15:56:16 - [TEST_STEP][PASSED] - click: Object: 'Object Repository/Final Object Repo/Page_Request SSN - ASSIST/Page_Request SSN - ASSIST - RIO/Confirm' is clicked on

2018-12-05 15:56:16 - [MESSAGE][PASSED] - Object: 'Object Repository/Final Object Repo/Page_Request SSN - ASSIST/Page_Request SSN - ASSIST - RIO/Confirm' is clicked on

2018-12-05 15:56:16 - [MESSAGE][PASSED] - Call Test Case 'Test Cases/Final Aug 2018 - PKS Automation/Registration Module/Workflow/Request SSN/Template/Request SSN - RIO' successfully

2018-12-05 15:56:16 - [TEST_STEP][PASSED] - delay: Delayed 2 second(s)

2018-12-05 15:56:18 - [MESSAGE][PASSED] - Delayed 2 second(s)

2018-12-05 15:56:18 - [TEST_STEP][PASSED] - navigateToUrl: Navigate to 'https://assist2-uat.perkeso.gov.my/c/portal/logout' successfully

2018-12-05 15:56:22 - [MESSAGE][PASSED] - Navigate to 'https://assist2-uat.perkeso.gov.my/c/portal/logout' successfully

2018-12-05 15:56:22 - [TEST_STEP][PASSED] - delay: Delayed 2 second(s)

2018-12-05 15:56:24 - [MESSAGE][PASSED] - Delayed 2 second(s)

2018-12-05 15:56:24 - [TEST_STEP][PASSED] - callTestCase: Call Test Case 'Test Cases/Final Aug 2018 - PKS Automation/Common/Workflow Owner Finder' successfully

2018-12-05 15:56:24 - [TEST_CASE][PASSED] - Test Cases/Final Aug 2018 - PKS Automation/Common/Workflow Owner Finder: Test Cases/Final Aug 2018 - PKS Automation/Common/Workflow Owner Finder

2018-12-05 15:56:24 - [TEST_STEP][PASSED] - openBrowser: Browser is opened with url: ''

2018-12-05 15:56:24 - [MESSAGE][WARNING] - A browser is already opened. Closing browser and opening a new one

2018-12-05 15:56:27 - [MESSAGE][PASSED] - Browser is opened with url: ''

2018-12-05 15:56:27 - [TEST_STEP][PASSED] - navigateToUrl: Navigate to 'https://assist2-uat.perkeso.gov.my/login' successfully

2018-12-05 15:56:28 - [MESSAGE][PASSED] - Navigate to 'https://assist2-uat.perkeso.gov.my/login' successfully

2018-12-05 15:56:28 - [TEST_STEP][PASSED] - delay: Delayed 5 second(s)

2018-12-05 15:56:33 - [MESSAGE][PASSED] - Delayed 5 second(s)

2018-12-05 15:56:33 - [TEST_STEP][PASSED] - setText: Text 'test@liferay.com' is set on object 'Object Repository/Final Object Repo/Login Page/Internal User/Email Address'

2018-12-05 15:56:34 - [MESSAGE][PASSED] - Text 'test@liferay.com' is set on object 'Object Repository/Final Object Repo/Login Page/Internal User/Email Address'

2018-12-05 15:56:34 - [TEST_STEP][PASSED] - click: Object: 'Object Repository/Final Object Repo/Login Page/Internal User/Next Button' is clicked on

2018-12-05 15:56:34 - [MESSAGE][PASSED] - Object: 'Object Repository/Final Object Repo/Login Page/Internal User/Next Button' is clicked on

2018-12-05 15:56:34 - [TEST_STEP][PASSED] - delay: Delayed 2 second(s)

2018-12-05 15:56:36 - [MESSAGE][PASSED] - Delayed 2 second(s)

2018-12-05 15:56:36 - [TEST_STEP][PASSED] - setText: Text 'test' is set on object 'Object Repository/Final Object Repo/Login Page/Internal User/Password'

2018-12-05 15:56:36 - [MESSAGE][PASSED] - Text 'test' is set on object 'Object Repository/Final Object Repo/Login Page/Internal User/Password'

2018-12-05 15:56:36 - [TEST_STEP][PASSED] - delay: Delayed 2 second(s)

2018-12-05 15:56:38 - [MESSAGE][PASSED] - Delayed 2 second(s)

2018-12-05 15:56:38 - [TEST_STEP][PASSED] - click: Object: 'Object Repository/Final Object Repo/Login Page/Internal User/Login Button' is clicked on

2018-12-05 15:56:38 - [MESSAGE][PASSED] - Object: 'Object Repository/Final Object Repo/Login Page/Internal User/Login Button' is clicked on

2018-12-05 15:56:38 - [TEST_STEP][PASSED] - Statement - tester = com.kms.katalon.core.testobject.ObjectRepository.findTestObject(Final Object Repo/Landing Page/Select to English): Finding Test Object with id 'Object Repository/Final Object Repo/Landing Page/Select to English'

2018-12-05 15:56:38 - [TEST_STEP][PASSED] - Statement - Try: Delayed 2 second(s)

2018-12-05 15:56:38 - [TEST_STEP][PASSED] - Statement - Checker = com.kms.katalon.core.webui.keyword.WebUiBuiltInKeywords.verifyElementNotPresent(tester, 3): Web element with id: 'Object Repository/Final Object Repo/Landing Page/Select to English' located by 'By.xpath: //a[@class = 'taglib-language-list-text' and @lang = 'en-US' and (contains(text(), 'EN') or contains(., 'EN'))]' is not present after '3' second(s)

2018-12-05 15:56:40 - [MESSAGE][PASSED] - Web element with id: 'Object Repository/Final Object Repo/Landing Page/Select to English' located by 'By.xpath: //a[@class = 'taglib-language-list-text' and @lang = 'en-US' and (contains(text(), 'EN') or contains(., 'EN'))]' is not present after '3' second(s)

2018-12-05 15:56:40 - [TEST_STEP][PASSED] - Statement - If (Checker == false): null

2018-12-05 15:56:40 - [TEST_STEP][PASSED] - delay: Delayed 2 second(s)

2018-12-05 15:56:42 - [MESSAGE][PASSED] - Delayed 2 second(s)

2018-12-05 15:56:42 - [TEST_STEP][PASSED] - delay: Delayed 5 second(s)

2018-12-05 15:56:47 - [MESSAGE][PASSED] - Delayed 5 second(s)

2018-12-05 15:56:47 - [TEST_STEP][PASSED] - mouseOver: Object: 'Object Repository/Final Object Repo/Landing Page/WorkFlow Menu' is hovered

2018-12-05 15:56:48 - [MESSAGE][PASSED] - Object: 'Object Repository/Final Object Repo/Landing Page/WorkFlow Menu' is hovered

2018-12-05 15:56:48 - [TEST_STEP][PASSED] - delay: Delayed 2 second(s)

2018-12-05 15:56:50 - [MESSAGE][PASSED] - Delayed 2 second(s)

2018-12-05 15:56:50 - [TEST_STEP][PASSED] - click: Object: 'Object Repository/Final Object Repo/Landing Page/Select to Workflow Listing' is clicked on

2018-12-05 15:56:51 - [MESSAGE][PASSED] - Object: 'Object Repository/Final Object Repo/Landing Page/Select to Workflow Listing' is clicked on

2018-12-05 15:56:51 - [TEST_STEP][PASSED] - delay: Delayed 2 second(s)

2018-12-05 15:56:53 - [MESSAGE][PASSED] - Delayed 2 second(s)

2018-12-05 15:56:53 - [TEST_STEP][PASSED] - click: Object: 'Object Repository/Final Object Repo/WorkFlow Listing Page/Search Information - To Put Ref No' is clicked on

2018-12-05 15:56:53 - [MESSAGE][PASSED] - Object: 'Object Repository/Final Object Repo/WorkFlow Listing Page/Search Information - To Put Ref No' is clicked on

2018-12-05 15:56:53 - [TEST_STEP][PASSED] - delay: Delayed 2 second(s)

2018-12-05 15:56:55 - [MESSAGE][PASSED] - Delayed 2 second(s)

2018-12-05 15:56:55 - [TEST_STEP][PASSED] - callTestCase: Call Test Case 'Test Cases/Final Aug 2018 - PKS Automation/Common/Reference Number Getter' successfully

2018-12-05 15:56:55 - [TEST_CASE][PASSED] - Test Cases/Final Aug 2018 - PKS Automation/Common/Reference Number Getter: Test Cases/Final Aug 2018 - PKS Automation/Common/Reference Number Getter

2018-12-05 15:56:55 - [TEST_STEP][PASSED] - Statement - Try: null

2018-12-05 15:56:55 - [TEST_STEP][PASSED] - Statement - RefNo = new java.io.File(C://Users//Admin//Desktop//PKS//Automation Reference Point//KatalonReference.txt): null

2018-12-05 15:56:55 - [TEST_STEP][PASSED] - Statement - bufferread = new java.io.BufferedReader(new java.io.FileReader(RefNo)): null

2018-12-05 15:56:55 - [TEST_STEP][PASSED] - Statement - readedVal = bufferread.readLine(): null

2018-12-05 15:56:55 - [TEST_STEP][PASSED] - Statement - out.println(CaseReferenceNo): null

2018-12-05 15:56:55 - [TEST_STEP][PASSED] - Statement - out.println(readedVal): null

2018-12-05 15:56:55 - [TEST_STEP][PASSED] - Statement - CaseReferenceNo = "": null

2018-12-05 15:56:55 - [TEST_STEP][PASSED] - Statement - CaseReferenceNo = readedVal: null

2018-12-05 15:56:55 - [MESSAGE][PASSED] - Call Test Case 'Test Cases/Final Aug 2018 - PKS Automation/Common/Reference Number Getter' successfully

2018-12-05 15:56:55 - [TEST_STEP][PASSED] - setText: Text 'SSN12201800001160' is set on object 'Object Repository/Final Object Repo/WorkFlow Listing Page/Ref No Set Text'

2018-12-05 15:56:55 - [MESSAGE][PASSED] - Text 'SSN12201800001160' is set on object 'Object Repository/Final Object Repo/WorkFlow Listing Page/Ref No Set Text'

2018-12-05 15:56:55 - [TEST_STEP][PASSED] - delay: Delayed 2 second(s)

2018-12-05 15:56:57 - [MESSAGE][PASSED] - Delayed 2 second(s)

2018-12-05 15:56:57 - [TEST_STEP][PASSED] - click: Object: 'Object Repository/Final Object Repo/WorkFlow Listing Page/Search Ref No Search Button' is clicked on

2018-12-05 15:56:58 - [MESSAGE][PASSED] - Object: 'Object Repository/Final Object Repo/WorkFlow Listing Page/Search Ref No Search Button' is clicked on

2018-12-05 15:56:58 - [TEST_STEP][PASSED] - delay: Delayed 6 second(s)

2018-12-05 15:57:04 - [MESSAGE][PASSED] - Delayed 6 second(s)

2018-12-05 15:57:04 - [TEST_STEP][PASSED] - click: Object: 'Object Repository/Final Object Repo/WorkFlow Listing Page/Click Continue Tooltip' is clicked on

2018-12-05 15:57:04 - [MESSAGE][PASSED] - Object: 'Object Repository/Final Object Repo/WorkFlow Listing Page/Click Continue Tooltip' is clicked on

2018-12-05 15:57:04 - [TEST_STEP][PASSED] - delay: Delayed 5 second(s)

2018-12-05 15:57:09 - [MESSAGE][PASSED] - Delayed 5 second(s)

2018-12-05 15:57:09 - [TEST_STEP][PASSED] - doubleClick: Object: 'Object Repository/Final Object Repo/WorkFlow Listing Page/Workflow Found - Listing 1' is double clicked on

2018-12-05 15:57:10 - [MESSAGE][PASSED] - Object: 'Object Repository/Final Object Repo/WorkFlow Listing Page/Workflow Found - Listing 1' is double clicked on

2018-12-05 15:57:10 - [TEST_STEP][PASSED] - Statement - println(OwnerID): null

2018-12-05 15:57:10 - [TEST_STEP][PASSED] - Statement - OwnerID = com.kms.katalon.core.webui.keyword.WebUiBuiltInKeywords.getText(com.kms.katalon.core.testobject.ObjectRepository.findTestObject(Final Object Repo/WorkFlow Listing Page/Workflow Found - Listing 1), STOP_ON_FAILURE): Text of object 'Object Repository/Final Object Repo/WorkFlow Listing Page/Workflow Found - Listing 1' is: 'JOHORro3'

2018-12-05 15:57:10 - [MESSAGE][PASSED] - Text of object 'Object Repository/Final Object Repo/WorkFlow Listing Page/Workflow Found - Listing 1' is: 'JOHORro3'

2018-12-05 15:57:10 - [TEST_STEP][PASSED] - Statement - OwnerID = OwnerID.toLowerCase() + "@gmail.com": null

2018-12-05 15:57:10 - [TEST_STEP][PASSED] - Statement - println(OwnerID): null

2018-12-05 15:57:10 - [TEST_STEP][PASSED] - delay: Delayed 2 second(s)

2018-12-05 15:57:12 - [MESSAGE][PASSED] - Delayed 2 second(s)

2018-12-05 15:57:12 - [MESSAGE][PASSED] - Call Test Case 'Test Cases/Final Aug 2018 - PKS Automation/Common/Workflow Owner Finder' successfully

2018-12-05 15:57:12 - [TEST_STEP][PASSED] - delay: Delayed 2 second(s)

2018-12-05 15:57:14 - [MESSAGE][PASSED] - Delayed 2 second(s)

2018-12-05 15:57:14 - [TEST_STEP][PASSED] - navigateToUrl: Navigate to 'https://assist2-uat.perkeso.gov.my/c/portal/logout' successfully

2018-12-05 15:57:15 - [MESSAGE][PASSED] - Navigate to 'https://assist2-uat.perkeso.gov.my/c/portal/logout' successfully

2018-12-05 15:57:15 - [TEST_STEP][PASSED] - delay: Delayed 2 second(s)

2018-12-05 15:57:17 - [MESSAGE][PASSED] - Delayed 2 second(s)

2018-12-05 15:57:17 - [TEST_STEP][PASSED] - callTestCase: Call Test Case 'Test Cases/Final Aug 2018 - PKS Automation/Registration Module/Workflow/Login and Search Case For Workflow' successfully

2018-12-05 15:57:17 - [TEST_CASE][PASSED] - Test Cases/Final Aug 2018 - PKS Automation/Registration Module/Workflow/Login and Search Case For Workflow: Test Cases/Final Aug 2018 - PKS Automation/Registration Module/Workflow/Login and Search Case For Workflow

2018-12-05 15:57:17 - [TEST_STEP][PASSED] - navigateToUrl: Navigate to 'https://assist2-uat.perkeso.gov.my/login' successfully

2018-12-05 15:57:17 - [MESSAGE][PASSED] - Navigate to 'https://assist2-uat.perkeso.gov.my/login' successfully

2018-12-05 15:57:17 - [TEST_STEP][PASSED] - setText: Text 'johorro3@gmail.com' is set on object 'Object Repository/Final Object Repo/Login Page/Internal User/Email Address'

2018-12-05 15:57:18 - [MESSAGE][PASSED] - Text 'johorro3@gmail.com' is set on object 'Object Repository/Final Object Repo/Login Page/Internal User/Email Address'

2018-12-05 15:57:18 - [TEST_STEP][PASSED] - click: Object: 'Object Repository/Final Object Repo/Login Page/Internal User/Next Button' is clicked on

2018-12-05 15:57:18 - [MESSAGE][PASSED] - Object: 'Object Repository/Final Object Repo/Login Page/Internal User/Next Button' is clicked on

2018-12-05 15:57:18 - [TEST_STEP][PASSED] - delay: Delayed 1 second(s)

2018-12-05 15:57:19 - [MESSAGE][PASSED] - Delayed 1 second(s)

2018-12-05 15:57:19 - [TEST_STEP][PASSED] - setEncryptedText: Text ****** has been set on object 'Object Repository/Final Object Repo/Login Page/Internal User/Password'

2018-12-05 15:57:19 - [MESSAGE][PASSED] - Text ****** has been set on object 'Object Repository/Final Object Repo/Login Page/Internal User/Password'

2018-12-05 15:57:19 - [TEST_STEP][PASSED] - click: Object: 'Object Repository/Final Object Repo/Login Page/Internal User/Login Button' is clicked on

2018-12-05 15:57:19 - [MESSAGE][PASSED] - Object: 'Object Repository/Final Object Repo/Login Page/Internal User/Login Button' is clicked on

2018-12-05 15:57:19 - [TEST_STEP][PASSED] - delay: Delayed 2 second(s)

2018-12-05 15:57:21 - [MESSAGE][PASSED] - Delayed 2 second(s)

2018-12-05 15:57:21 - [TEST_STEP][PASSED] - Statement - Try: Delayed 2 second(s)

2018-12-05 15:57:21 - [TEST_STEP][PASSED] - Statement - Checker = false: null

2018-12-05 15:57:21 - [TEST_STEP][PASSED] - Statement - Checker = com.kms.katalon.core.webui.keyword.WebUiBuiltInKeywords.verifyElementHasAttribute(com.kms.katalon.core.testobject.ObjectRepository.findTestObject(Final Object Repo/Landing Page/BM Detecting), "href", 20, OPTIONAL): Object 'Object Repository/Final Object Repo/Landing Page/BM Detecting' has attribute 'href'

2018-12-05 15:57:21 - [MESSAGE][PASSED] - Object 'Object Repository/Final Object Repo/Landing Page/BM Detecting' has attribute 'href'

2018-12-05 15:57:21 - [TEST_STEP][PASSED] - Statement - out.println(Checker): null

2018-12-05 15:57:21 - [TEST_STEP][PASSED] - Statement - If (Checker == false): null

2018-12-05 15:57:21 - [TEST_STEP][PASSED] - Statement - Else: null

2018-12-05 15:57:21 - [TEST_STEP][PASSED] - delay: Delayed 2 second(s)

2018-12-05 15:57:23 - [MESSAGE][PASSED] - Delayed 2 second(s)

2018-12-05 15:57:23 - [TEST_STEP][PASSED] - click: Object: 'Object Repository/Final Object Repo/Page_MyASSIST - ASSIST - Search Pending Case For Add Supporting Document/Search Information' is clicked on

2018-12-05 15:57:23 - [MESSAGE][PASSED] - Object: 'Object Repository/Final Object Repo/Page_MyASSIST - ASSIST - Search Pending Case For Add Supporting Document/Search Information' is clicked on

2018-12-05 15:57:23 - [TEST_STEP][PASSED] - delay: Delayed 3 second(s)

2018-12-05 15:57:26 - [MESSAGE][PASSED] - Delayed 3 second(s)

2018-12-05 15:57:26 - [TEST_STEP][PASSED] - sendKeys: Keys 'SSN12201800001160' sent to object: 'Object Repository/Final Object Repo/Page_MyASSIST - ASSIST - Search Pending Case For Add Supporting Document/Reference No'

2018-12-05 15:57:27 - [MESSAGE][PASSED] - Keys 'SSN12201800001160' sent to object: 'Object Repository/Final Object Repo/Page_MyASSIST - ASSIST - Search Pending Case For Add Supporting Document/Reference No'

2018-12-05 15:57:27 - [TEST_STEP][PASSED] - click: Object: 'Object Repository/Final Object Repo/Page_MyASSIST - ASSIST - Search Pending Case For Add Supporting Document/Search Reference No' is clicked on

2018-12-05 15:57:27 - [MESSAGE][PASSED] - Object: 'Object Repository/Final Object Repo/Page_MyASSIST - ASSIST - Search Pending Case For Add Supporting Document/Search Reference No' is clicked on

2018-12-05 15:57:27 - [TEST_STEP][PASSED] - delay: Delayed 2 second(s)

2018-12-05 15:57:29 - [MESSAGE][PASSED] - Delayed 2 second(s)

2018-12-05 15:57:29 - [TEST_STEP][PASSED] - click: Object: 'Object Repository/Final Object Repo/Page_MyASSIST - ASSIST - Search Pending Case For Add Supporting Document/Continue' is clicked on

2018-12-05 15:57:36 - [MESSAGE][PASSED] - Object: 'Object Repository/Final Object Repo/Page_MyASSIST - ASSIST - Search Pending Case For Add Supporting Document/Continue' is clicked on

2018-12-05 15:57:36 - [TEST_STEP][PASSED] - delay: Delayed 20 second(s)

2018-12-05 15:57:56 - [MESSAGE][PASSED] - Delayed 20 second(s)

2018-12-05 15:57:56 - [MESSAGE][PASSED] - Call Test Case 'Test Cases/Final Aug 2018 - PKS Automation/Registration Module/Workflow/Login and Search Case For Workflow' successfully

2018-12-05 15:57:56 - [TEST_STEP][PASSED] - callTestCase: Call Test Case 'Test Cases/Final Aug 2018 - PKS Automation/Registration Module/Workflow/Request SSN/Template/Request SSN - RO (Query)' successfully

2018-12-05 15:57:56 - [TEST_CASE][PASSED] - Test Cases/Final Aug 2018 - PKS Automation/Registration Module/Workflow/Request SSN/Template/Request SSN - RO (Query): Test Cases/Final Aug 2018 - PKS Automation/Registration Module/Workflow/Request SSN/Template/Request SSN - RO (Query)

2018-12-05 15:57:56 - [TEST_STEP][NOT_RUN] - openBrowser: NOT_RUN: openBrowser

2018-12-05 15:57:56 - [MESSAGE][NOT_RUN] - NOT_RUN: openBrowser

2018-12-05 15:57:56 - [TEST_STEP][NOT_RUN] - navigateToUrl: NOT_RUN: navigateToUrl

2018-12-05 15:57:56 - [MESSAGE][NOT_RUN] - NOT_RUN: navigateToUrl

2018-12-05 15:57:56 - [TEST_STEP][NOT_RUN] - setText: NOT_RUN: setText

2018-12-05 15:57:56 - [MESSAGE][NOT_RUN] - NOT_RUN: setText

2018-12-05 15:57:56 - [TEST_STEP][NOT_RUN] - click: NOT_RUN: click

2018-12-05 15:57:56 - [MESSAGE][NOT_RUN] - NOT_RUN: click

2018-12-05 15:57:56 - [TEST_STEP][NOT_RUN] - delay: NOT_RUN: delay

2018-12-05 15:57:56 - [MESSAGE][NOT_RUN] - NOT_RUN: delay

2018-12-05 15:57:56 - [TEST_STEP][NOT_RUN] - setEncryptedText: NOT_RUN: setEncryptedText

2018-12-05 15:57:56 - [MESSAGE][NOT_RUN] - NOT_RUN: setEncryptedText

2018-12-05 15:57:56 - [TEST_STEP][NOT_RUN] - click: NOT_RUN: click

2018-12-05 15:57:56 - [MESSAGE][NOT_RUN] - NOT_RUN: click

2018-12-05 15:57:56 - [TEST_STEP][NOT_RUN] - delay: NOT_RUN: delay

2018-12-05 15:57:56 - [MESSAGE][NOT_RUN] - NOT_RUN: delay

2018-12-05 15:57:56 - [TEST_STEP][NOT_RUN] - click: NOT_RUN: click

2018-12-05 15:57:56 - [MESSAGE][NOT_RUN] - NOT_RUN: click

2018-12-05 15:57:56 - [TEST_STEP][NOT_RUN] - delay: NOT_RUN: delay

2018-12-05 15:57:56 - [MESSAGE][NOT_RUN] - NOT_RUN: delay

2018-12-05 15:57:56 - [TEST_STEP][NOT_RUN] - sendKeys: NOT_RUN: sendKeys

2018-12-05 15:57:56 - [MESSAGE][NOT_RUN] - NOT_RUN: sendKeys

2018-12-05 15:57:56 - [TEST_STEP][NOT_RUN] - click: NOT_RUN: click

2018-12-05 15:57:56 - [MESSAGE][NOT_RUN] - NOT_RUN: click

2018-12-05 15:57:56 - [TEST_STEP][NOT_RUN] - delay: NOT_RUN: delay

2018-12-05 15:57:56 - [MESSAGE][NOT_RUN] - NOT_RUN: delay

2018-12-05 15:57:56 - [TEST_STEP][NOT_RUN] - click: NOT_RUN: click

2018-12-05 15:57:56 - [MESSAGE][NOT_RUN] - NOT_RUN: click

2018-12-05 15:57:56 - [TEST_STEP][PASSED] - click: Object: 'Object Repository/Final Object Repo/Page_Request SSN - ASSIST/Page_Request SSN - ASSIST - RO/Approval For SSN' is clicked on

2018-12-05 15:57:56 - [MESSAGE][PASSED] - Object: 'Object Repository/Final Object Repo/Page_Request SSN - ASSIST/Page_Request SSN - ASSIST - RO/Approval For SSN' is clicked on

2018-12-05 15:57:56 - [TEST_STEP][PASSED] - click: Object: 'Object Repository/Final Object Repo/Page_Request SSN - ASSIST/Page_Request SSN - ASSIST - RO/Approval For SSN - Approve' is clicked on

2018-12-05 15:57:57 - [MESSAGE][PASSED] - Object: 'Object Repository/Final Object Repo/Page_Request SSN - ASSIST/Page_Request SSN - ASSIST - RO/Approval For SSN - Approve' is clicked on

2018-12-05 15:57:57 - [TEST_STEP][PASSED] - delay: Delayed 2 second(s)

2018-12-05 15:57:59 - [MESSAGE][PASSED] - Delayed 2 second(s)

2018-12-05 15:57:59 - [TEST_STEP][PASSED] - click: Object: 'Object Repository/Final Object Repo/Page_Request SSN - ASSIST/Page_Request SSN - ASSIST - RO/Save  Continue in SSN Page' is clicked on

2018-12-05 15:57:59 - [MESSAGE][PASSED] - Object: 'Object Repository/Final Object Repo/Page_Request SSN - ASSIST/Page_Request SSN - ASSIST - RO/Save  Continue in SSN Page' is clicked on

2018-12-05 15:57:59 - [TEST_STEP][PASSED] - delay: Delayed 2 second(s)

2018-12-05 15:58:01 - [MESSAGE][PASSED] - Delayed 2 second(s)

2018-12-05 15:58:01 - [TEST_STEP][PASSED] - setText: Text 'Query' is set on object 'Object Repository/Final Object Repo/Page_Request SSN - ASSIST/Page_Request SSN - ASSIST - RO/Page_Request SSN - ASSIST  (Query)/Remark'

2018-12-05 15:58:03 - [MESSAGE][PASSED] - Text 'Query' is set on object 'Object Repository/Final Object Repo/Page_Request SSN - ASSIST/Page_Request SSN - ASSIST - RO/Page_Request SSN - ASSIST  (Query)/Remark'

2018-12-05 15:58:03 - [TEST_STEP][PASSED] - delay: Delayed 2 second(s)

2018-12-05 15:58:05 - [MESSAGE][PASSED] - Delayed 2 second(s)

2018-12-05 15:58:05 - [TEST_STEP][PASSED] - click: Object: 'Object Repository/Final Object Repo/Page_Request SSN - ASSIST/Page_Request SSN - ASSIST - RO/Save  Continue in Uploading Document Page' is clicked on

2018-12-05 15:58:05 - [MESSAGE][PASSED] - Object: 'Object Repository/Final Object Repo/Page_Request SSN - ASSIST/Page_Request SSN - ASSIST - RO/Save  Continue in Uploading Document Page' is clicked on

2018-12-05 15:58:05 - [TEST_STEP][PASSED] - delay: Delayed 2 second(s)

2018-12-05 15:58:07 - [MESSAGE][PASSED] - Delayed 2 second(s)

2018-12-05 15:58:07 - [TEST_STEP][PASSED] - click: Object: 'Object Repository/Final Object Repo/Page_Request SSN - ASSIST/Page_Request SSN - ASSIST - RO/Page_Request SSN - ASSIST  (Query)/Query' is clicked on

2018-12-05 15:58:10 - [MESSAGE][PASSED] - Object: 'Object Repository/Final Object Repo/Page_Request SSN - ASSIST/Page_Request SSN - ASSIST - RO/Page_Request SSN - ASSIST  (Query)/Query' is clicked on

2018-12-05 15:58:10 - [TEST_STEP][PASSED] - delay: Delayed 2 second(s)

2018-12-05 15:58:12 - [MESSAGE][PASSED] - Delayed 2 second(s)

2018-12-05 15:58:12 - [TEST_STEP][PASSED] - click: Object: 'Object Repository/Final Object Repo/Page_Request SSN - ASSIST/Page_Request SSN - ASSIST - RO/Page_Request SSN - ASSIST  (Query)/Confirm' is clicked on

2018-12-05 15:58:20 - [MESSAGE][PASSED] - Object: 'Object Repository/Final Object Repo/Page_Request SSN - ASSIST/Page_Request SSN - ASSIST - RO/Page_Request SSN - ASSIST  (Query)/Confirm' is clicked on

2018-12-05 15:58:20 - [TEST_STEP][PASSED] - delay: Delayed 2 second(s)

2018-12-05 15:58:22 - [MESSAGE][PASSED] - Delayed 2 second(s)

2018-12-05 15:58:22 - [TEST_STEP][PASSED] - verifyElementVisible: Object 'Object Repository/Final Object Repo/Page_Request SSN - ASSIST/Page_Request SSN - ASSIST - RO/Page_Request SSN - ASSIST  (Query)/Message Case Is Under Query' is visible

2018-12-05 15:58:22 - [MESSAGE][PASSED] - Object 'Object Repository/Final Object Repo/Page_Request SSN - ASSIST/Page_Request SSN - ASSIST - RO/Page_Request SSN - ASSIST  (Query)/Message Case Is Under Query' is visible

2018-12-05 15:58:22 - [TEST_STEP][PASSED] - delay: Delayed 2 second(s)

2018-12-05 15:58:24 - [MESSAGE][PASSED] - Delayed 2 second(s)

2018-12-05 15:58:24 - [TEST_STEP][PASSED] - verifyElementVisible: Object 'Object Repository/Final Object Repo/Page_Request SSN - ASSIST/Page_Request SSN - ASSIST - RO/Page_Request SSN - ASSIST  (Query)/Letter of inquiry' is visible

2018-12-05 15:58:24 - [MESSAGE][PASSED] - Object 'Object Repository/Final Object Repo/Page_Request SSN - ASSIST/Page_Request SSN - ASSIST - RO/Page_Request SSN - ASSIST  (Query)/Letter of inquiry' is visible

2018-12-05 15:58:24 - [MESSAGE][PASSED] - Call Test Case 'Test Cases/Final Aug 2018 - PKS Automation/Registration Module/Workflow/Request SSN/Template/Request SSN - RO (Query)' successfully

2018-12-05 15:58:24 - [TEST_STEP][PASSED] - delay: Delayed 2 second(s)

2018-12-05 15:58:26 - [MESSAGE][PASSED] - Delayed 2 second(s)

2018-12-05 15:58:26 - [TEST_STEP][PASSED] - callTestCase: Call Test Case 'Test Cases/Final Aug 2018 - PKS Automation/Registration Module/Workflow/Request SSN/Template/Request SSN  RO (Approve after Query)' successfully

2018-12-05 15:58:26 - [TEST_CASE][PASSED] - Test Cases/Final Aug 2018 - PKS Automation/Registration Module/Workflow/Request SSN/Template/Request SSN  RO (Approve after Query): Test Cases/Final Aug 2018 - PKS Automation/Registration Module/Workflow/Request SSN/Template/Request SSN  RO (Approve after Query)

2018-12-05 15:58:26 - [TEST_STEP][PASSED] - openBrowser: Browser is opened with url: ''

2018-12-05 15:58:26 - [MESSAGE][WARNING] - A browser is already opened. Closing browser and opening a new one

2018-12-05 15:58:29 - [MESSAGE][PASSED] - Browser is opened with url: ''

2018-12-05 15:58:29 - [TEST_STEP][PASSED] - navigateToUrl: Navigate to 'https://assist2-uat.perkeso.gov.my/login' successfully

2018-12-05 15:58:30 - [MESSAGE][PASSED] - Navigate to 'https://assist2-uat.perkeso.gov.my/login' successfully

2018-12-05 15:58:30 - [TEST_STEP][PASSED] - setText: Text 'johorotc1@gmail.com' is set on object 'Object Repository/Final Object Repo/Login Page/Internal User/Email Address'

2018-12-05 15:58:30 - [MESSAGE][PASSED] - Text 'johorotc1@gmail.com' is set on object 'Object Repository/Final Object Repo/Login Page/Internal User/Email Address'

2018-12-05 15:58:30 - [TEST_STEP][PASSED] - click: Object: 'Object Repository/Final Object Repo/Login Page/Internal User/Next Button' is clicked on

2018-12-05 15:58:31 - [MESSAGE][PASSED] - Object: 'Object Repository/Final Object Repo/Login Page/Internal User/Next Button' is clicked on

2018-12-05 15:58:31 - [TEST_STEP][PASSED] - delay: Delayed 1 second(s)

2018-12-05 15:58:32 - [MESSAGE][PASSED] - Delayed 1 second(s)

2018-12-05 15:58:32 - [TEST_STEP][PASSED] - setEncryptedText: Text ****** has been set on object 'Object Repository/Final Object Repo/Login Page/Internal User/Password'

2018-12-05 15:58:32 - [MESSAGE][PASSED] - Text ****** has been set on object 'Object Repository/Final Object Repo/Login Page/Internal User/Password'

2018-12-05 15:58:32 - [TEST_STEP][PASSED] - click: Object: 'Object Repository/Final Object Repo/Login Page/Internal User/Login Button' is clicked on

2018-12-05 15:58:32 - [MESSAGE][PASSED] - Object: 'Object Repository/Final Object Repo/Login Page/Internal User/Login Button' is clicked on

2018-12-05 15:58:32 - [TEST_STEP][PASSED] - Statement - Try: null

2018-12-05 15:58:32 - [TEST_STEP][PASSED] - Statement - Checker = com.kms.katalon.core.webui.keyword.WebUiBuiltInKeywords.verifyElementNotPresent("Final Object Repo/Landing Page/Select to English", 3): null

2018-12-05 15:58:32 - [TEST_STEP][PASSED] - Statement - Catch (Exception e): null

2018-12-05 15:58:32 - [TEST_STEP][PASSED] - Statement - e.printStackTrace(): null

2018-12-05 15:58:32 - [TEST_STEP][PASSED] - delay: Delayed 5 second(s)

2018-12-05 15:58:37 - [MESSAGE][PASSED] - Delayed 5 second(s)

2018-12-05 15:58:37 - [TEST_STEP][PASSED] - delay: Delayed 1 second(s)

2018-12-05 15:58:38 - [MESSAGE][PASSED] - Delayed 1 second(s)

2018-12-05 15:58:38 - [TEST_STEP][PASSED] - navigateToUrl: Navigate to 'https://assist2-uat.perkeso.gov.my/web/registration/search/search-pending-case-for-add-supporting-document' successfully

2018-12-05 15:58:39 - [MESSAGE][PASSED] - Navigate to 'https://assist2-uat.perkeso.gov.my/web/registration/search/search-pending-case-for-add-supporting-document' successfully

2018-12-05 15:58:39 - [TEST_STEP][PASSED] - click: Object: 'Object Repository/Final Object Repo/Page_Search Pending Case For Add Suporting Document/Search By' is clicked on

2018-12-05 15:58:39 - [MESSAGE][PASSED] - Object: 'Object Repository/Final Object Repo/Page_Search Pending Case For Add Suporting Document/Search By' is clicked on

2018-12-05 15:58:39 - [TEST_STEP][PASSED] - click: Object: 'Object Repository/Final Object Repo/Page_Search Pending Case For Add Suporting Document/Search By - Reference ID' is clicked on

2018-12-05 15:58:39 - [MESSAGE][PASSED] - Object: 'Object Repository/Final Object Repo/Page_Search Pending Case For Add Suporting Document/Search By - Reference ID' is clicked on

2018-12-05 15:58:39 - [TEST_STEP][PASSED] - delay: Delayed 2 second(s)

2018-12-05 15:58:41 - [MESSAGE][PASSED] - Delayed 2 second(s)

2018-12-05 15:58:41 - [TEST_STEP][PASSED] - setText: Text 'SSN12201800001160' is set on object 'Object Repository/Final Object Repo/Page_Search Pending Case For Add Suporting Document/Reference ID'

2018-12-05 15:58:41 - [MESSAGE][PASSED] - Text 'SSN12201800001160' is set on object 'Object Repository/Final Object Repo/Page_Search Pending Case For Add Suporting Document/Reference ID'

2018-12-05 15:58:41 - [TEST_STEP][PASSED] - click: Object: 'Object Repository/Final Object Repo/Page_Search Pending Case For Add Suporting Document/Search' is clicked on

2018-12-05 15:58:42 - [MESSAGE][PASSED] - Object: 'Object Repository/Final Object Repo/Page_Search Pending Case For Add Suporting Document/Search' is clicked on

2018-12-05 15:58:42 - [TEST_STEP][PASSED] - delay: Delayed 2 second(s)

2018-12-05 15:58:44 - [MESSAGE][PASSED] - Delayed 2 second(s)

2018-12-05 15:58:44 - [TEST_STEP][PASSED] - click: Object: 'Object Repository/Final Object Repo/Page_Search Pending Case For Add Suporting Document/Edit' is clicked on

2018-12-05 15:58:51 - [MESSAGE][PASSED] - Object: 'Object Repository/Final Object Repo/Page_Search Pending Case For Add Suporting Document/Edit' is clicked on

2018-12-05 15:58:51 - [TEST_STEP][PASSED] - delay: Delayed 2 second(s)

2018-12-05 15:58:53 - [MESSAGE][PASSED] - Delayed 2 second(s)

2018-12-05 15:58:53 - [TEST_STEP][PASSED] - click: Object: 'Object Repository/Final Object Repo/Page_Request SSN - ASSIST/Page_Request SSN - ASSIST - RO/Page_Request SSN - ASSIST (Query -OTC -RO)/Next' is clicked on

2018-12-05 15:58:56 - [MESSAGE][PASSED] - Object: 'Object Repository/Final Object Repo/Page_Request SSN - ASSIST/Page_Request SSN - ASSIST - RO/Page_Request SSN - ASSIST (Query -OTC -RO)/Next' is clicked on

2018-12-05 15:58:56 - [TEST_STEP][PASSED] - delay: Delayed 2 second(s)

2018-12-05 15:58:58 - [MESSAGE][PASSED] - Delayed 2 second(s)

2018-12-05 15:58:58 - [TEST_STEP][PASSED] - click: Object: 'Object Repository/Final Object Repo/Page_Request SSN - ASSIST/Add Document Button' is clicked on

2018-12-05 15:58:58 - [MESSAGE][PASSED] - Object: 'Object Repository/Final Object Repo/Page_Request SSN - ASSIST/Add Document Button' is clicked on

2018-12-05 15:58:58 - [TEST_STEP][PASSED] - delay: Delayed 2 second(s)

2018-12-05 15:59:00 - [MESSAGE][PASSED] - Delayed 2 second(s)

2018-12-05 15:59:00 - [TEST_STEP][PASSED] - click: Object: 'Object Repository/Final Object Repo/Page_Request SSN - ASSIST/Document Type' is clicked on

2018-12-05 15:59:01 - [MESSAGE][PASSED] - Object: 'Object Repository/Final Object Repo/Page_Request SSN - ASSIST/Document Type' is clicked on

2018-12-05 15:59:01 - [TEST_STEP][PASSED] - click: Object: 'Object Repository/Final Object Repo/Page_Request SSN - ASSIST/Document Type - Birth Certificate' is clicked on

2018-12-05 15:59:01 - [MESSAGE][PASSED] - Object: 'Object Repository/Final Object Repo/Page_Request SSN - ASSIST/Document Type - Birth Certificate' is clicked on

2018-12-05 15:59:01 - [TEST_STEP][PASSED] - sendKeys: Keys 'C:\Users\Public\Pictures\Sample Pictures\Koala.jpg' sent to object: 'Object Repository/Final Object Repo/Page_Request SSN - ASSIST/Upload File'

2018-12-05 15:59:01 - [MESSAGE][PASSED] - Keys 'C:\Users\Public\Pictures\Sample Pictures\Koala.jpg' sent to object: 'Object Repository/Final Object Repo/Page_Request SSN - ASSIST/Upload File'

2018-12-05 15:59:01 - [TEST_STEP][PASSED] - click: Object: 'Object Repository/Final Object Repo/Page_Request SSN - ASSIST/Add Document' is clicked on

2018-12-05 15:59:02 - [MESSAGE][PASSED] - Object: 'Object Repository/Final Object Repo/Page_Request SSN - ASSIST/Add Document' is clicked on

2018-12-05 15:59:02 - [TEST_STEP][PASSED] - delay: Delayed 2 second(s)

2018-12-05 15:59:04 - [MESSAGE][PASSED] - Delayed 2 second(s)

2018-12-05 15:59:04 - [TEST_STEP][PASSED] - click: Object: 'Object Repository/Final Object Repo/Page_Request SSN - ASSIST/Page_Request SSN - ASSIST - RO/Page_Request SSN - ASSIST (Query -OTC -RO)/Exit' is clicked on

2018-12-05 15:59:06 - [MESSAGE][PASSED] - Object: 'Object Repository/Final Object Repo/Page_Request SSN - ASSIST/Page_Request SSN - ASSIST - RO/Page_Request SSN - ASSIST (Query -OTC -RO)/Exit' is clicked on

2018-12-05 15:59:06 - [TEST_STEP][PASSED] - delay: Delayed 2 second(s)

2018-12-05 15:59:08 - [MESSAGE][PASSED] - Delayed 2 second(s)

2018-12-05 15:59:08 - [TEST_STEP][PASSED] - navigateToUrl: Navigate to 'https://assist2-uat.perkeso.gov.my/c/portal/logout' successfully

2018-12-05 15:59:09 - [MESSAGE][PASSED] - Navigate to 'https://assist2-uat.perkeso.gov.my/c/portal/logout' successfully

2018-12-05 15:59:09 - [TEST_STEP][PASSED] - delay: Delayed 2 second(s)

2018-12-05 15:59:11 - [MESSAGE][PASSED] - Delayed 2 second(s)

2018-12-05 15:59:11 - [TEST_STEP][PASSED] - callTestCase: Call Test Case 'Test Cases/Final Aug 2018 - PKS Automation/Registration Module/Workflow/Login and Search Case For Workflow' successfully

2018-12-05 15:59:11 - [TEST_CASE][PASSED] - Test Cases/Final Aug 2018 - PKS Automation/Registration Module/Workflow/Login and Search Case For Workflow: Test Cases/Final Aug 2018 - PKS Automation/Registration Module/Workflow/Login and Search Case For Workflow

2018-12-05 15:59:11 - [TEST_STEP][PASSED] - navigateToUrl: Navigate to 'https://assist2-uat.perkeso.gov.my/login' successfully

2018-12-05 15:59:12 - [MESSAGE][PASSED] - Navigate to 'https://assist2-uat.perkeso.gov.my/login' successfully

2018-12-05 15:59:12 - [TEST_STEP][PASSED] - setText: Text 'johorro3@gmail.com' is set on object 'Object Repository/Final Object Repo/Login Page/Internal User/Email Address'

2018-12-05 15:59:12 - [MESSAGE][PASSED] - Text 'johorro3@gmail.com' is set on object 'Object Repository/Final Object Repo/Login Page/Internal User/Email Address'

2018-12-05 15:59:12 - [TEST_STEP][PASSED] - click: Object: 'Object Repository/Final Object Repo/Login Page/Internal User/Next Button' is clicked on

2018-12-05 15:59:12 - [MESSAGE][PASSED] - Object: 'Object Repository/Final Object Repo/Login Page/Internal User/Next Button' is clicked on

2018-12-05 15:59:12 - [TEST_STEP][PASSED] - delay: Delayed 1 second(s)

2018-12-05 15:59:13 - [MESSAGE][PASSED] - Delayed 1 second(s)

2018-12-05 15:59:13 - [TEST_STEP][PASSED] - setEncryptedText: Text ****** has been set on object 'Object Repository/Final Object Repo/Login Page/Internal User/Password'

2018-12-05 15:59:14 - [MESSAGE][PASSED] - Text ****** has been set on object 'Object Repository/Final Object Repo/Login Page/Internal User/Password'

2018-12-05 15:59:14 - [TEST_STEP][PASSED] - click: Object: 'Object Repository/Final Object Repo/Login Page/Internal User/Login Button' is clicked on

2018-12-05 15:59:14 - [MESSAGE][PASSED] - Object: 'Object Repository/Final Object Repo/Login Page/Internal User/Login Button' is clicked on

2018-12-05 15:59:14 - [TEST_STEP][PASSED] - delay: Delayed 2 second(s)

2018-12-05 15:59:16 - [MESSAGE][PASSED] - Delayed 2 second(s)

2018-12-05 15:59:16 - [TEST_STEP][PASSED] - Statement - Try: Delayed 2 second(s)

2018-12-05 15:59:16 - [TEST_STEP][PASSED] - Statement - Checker = false: null

2018-12-05 15:59:16 - [TEST_STEP][PASSED] - Statement - Checker = com.kms.katalon.core.webui.keyword.WebUiBuiltInKeywords.verifyElementHasAttribute(com.kms.katalon.core.testobject.ObjectRepository.findTestObject(Final Object Repo/Landing Page/BM Detecting), "href", 20, OPTIONAL): Object 'Object Repository/Final Object Repo/Landing Page/BM Detecting' has attribute 'href'

2018-12-05 15:59:16 - [MESSAGE][PASSED] - Object 'Object Repository/Final Object Repo/Landing Page/BM Detecting' has attribute 'href'

2018-12-05 15:59:16 - [TEST_STEP][PASSED] - Statement - out.println(Checker): null

2018-12-05 15:59:16 - [TEST_STEP][PASSED] - Statement - If (Checker == false): null

2018-12-05 15:59:16 - [TEST_STEP][PASSED] - Statement - Else: null

2018-12-05 15:59:16 - [TEST_STEP][PASSED] - delay: Delayed 2 second(s)

2018-12-05 15:59:18 - [MESSAGE][PASSED] - Delayed 2 second(s)

2018-12-05 15:59:18 - [TEST_STEP][PASSED] - click: Object: 'Object Repository/Final Object Repo/Page_MyASSIST - ASSIST - Search Pending Case For Add Supporting Document/Search Information' is clicked on

2018-12-05 15:59:18 - [MESSAGE][PASSED] - Object: 'Object Repository/Final Object Repo/Page_MyASSIST - ASSIST - Search Pending Case For Add Supporting Document/Search Information' is clicked on

2018-12-05 15:59:18 - [TEST_STEP][PASSED] - delay: Delayed 3 second(s)

2018-12-05 15:59:21 - [MESSAGE][PASSED] - Delayed 3 second(s)

2018-12-05 15:59:21 - [TEST_STEP][PASSED] - sendKeys: Keys 'SSN12201800001160' sent to object: 'Object Repository/Final Object Repo/Page_MyASSIST - ASSIST - Search Pending Case For Add Supporting Document/Reference No'

2018-12-05 15:59:21 - [MESSAGE][PASSED] - Keys 'SSN12201800001160' sent to object: 'Object Repository/Final Object Repo/Page_MyASSIST - ASSIST - Search Pending Case For Add Supporting Document/Reference No'

2018-12-05 15:59:21 - [TEST_STEP][PASSED] - click: Object: 'Object Repository/Final Object Repo/Page_MyASSIST - ASSIST - Search Pending Case For Add Supporting Document/Search Reference No' is clicked on

2018-12-05 15:59:21 - [MESSAGE][PASSED] - Object: 'Object Repository/Final Object Repo/Page_MyASSIST - ASSIST - Search Pending Case For Add Supporting Document/Search Reference No' is clicked on

2018-12-05 15:59:21 - [TEST_STEP][PASSED] - delay: Delayed 2 second(s)

2018-12-05 15:59:23 - [MESSAGE][PASSED] - Delayed 2 second(s)

2018-12-05 15:59:23 - [TEST_STEP][PASSED] - click: Object: 'Object Repository/Final Object Repo/Page_MyASSIST - ASSIST - Search Pending Case For Add Supporting Document/Continue' is clicked on

2018-12-05 15:59:31 - [MESSAGE][PASSED] - Object: 'Object Repository/Final Object Repo/Page_MyASSIST - ASSIST - Search Pending Case For Add Supporting Document/Continue' is clicked on

2018-12-05 15:59:31 - [TEST_STEP][PASSED] - delay: Delayed 20 second(s)

2018-12-05 15:59:51 - [MESSAGE][PASSED] - Delayed 20 second(s)

2018-12-05 15:59:51 - [MESSAGE][PASSED] - Call Test Case 'Test Cases/Final Aug 2018 - PKS Automation/Registration Module/Workflow/Login and Search Case For Workflow' successfully

2018-12-05 15:59:51 - [TEST_STEP][PASSED] - callTestCase: Call Test Case 'Test Cases/Final Aug 2018 - PKS Automation/Registration Module/Workflow/Request SSN/Template/Request SSN - RO (Approve)' successfully

2018-12-05 15:59:51 - [TEST_CASE][PASSED] - Test Cases/Final Aug 2018 - PKS Automation/Registration Module/Workflow/Request SSN/Template/Request SSN - RO (Approve): Test Cases/Final Aug 2018 - PKS Automation/Registration Module/Workflow/Request SSN/Template/Request SSN - RO (Approve)

2018-12-05 15:59:51 - [TEST_STEP][NOT_RUN] - openBrowser: NOT_RUN: openBrowser

2018-12-05 15:59:51 - [MESSAGE][NOT_RUN] - NOT_RUN: openBrowser

2018-12-05 15:59:51 - [TEST_STEP][NOT_RUN] - navigateToUrl: NOT_RUN: navigateToUrl

2018-12-05 15:59:51 - [MESSAGE][NOT_RUN] - NOT_RUN: navigateToUrl

2018-12-05 15:59:51 - [TEST_STEP][NOT_RUN] - setText: NOT_RUN: setText

2018-12-05 15:59:51 - [MESSAGE][NOT_RUN] - NOT_RUN: setText

2018-12-05 15:59:51 - [TEST_STEP][NOT_RUN] - click: NOT_RUN: click

2018-12-05 15:59:51 - [MESSAGE][NOT_RUN] - NOT_RUN: click

2018-12-05 15:59:51 - [TEST_STEP][NOT_RUN] - delay: NOT_RUN: delay

2018-12-05 15:59:51 - [MESSAGE][NOT_RUN] - NOT_RUN: delay

2018-12-05 15:59:51 - [TEST_STEP][NOT_RUN] - setEncryptedText: NOT_RUN: setEncryptedText

2018-12-05 15:59:51 - [MESSAGE][NOT_RUN] - NOT_RUN: setEncryptedText

2018-12-05 15:59:51 - [TEST_STEP][NOT_RUN] - click: NOT_RUN: click

2018-12-05 15:59:51 - [MESSAGE][NOT_RUN] - NOT_RUN: click

2018-12-05 15:59:51 - [TEST_STEP][NOT_RUN] - delay: NOT_RUN: delay

2018-12-05 15:59:51 - [MESSAGE][NOT_RUN] - NOT_RUN: delay

2018-12-05 15:59:51 - [TEST_STEP][NOT_RUN] - click: NOT_RUN: click

2018-12-05 15:59:51 - [MESSAGE][NOT_RUN] - NOT_RUN: click

2018-12-05 15:59:51 - [TEST_STEP][NOT_RUN] - delay: NOT_RUN: delay

2018-12-05 15:59:51 - [MESSAGE][NOT_RUN] - NOT_RUN: delay

2018-12-05 15:59:51 - [TEST_STEP][NOT_RUN] - sendKeys: NOT_RUN: sendKeys

2018-12-05 15:59:51 - [MESSAGE][NOT_RUN] - NOT_RUN: sendKeys

2018-12-05 15:59:51 - [TEST_STEP][NOT_RUN] - click: NOT_RUN: click

2018-12-05 15:59:51 - [MESSAGE][NOT_RUN] - NOT_RUN: click

2018-12-05 15:59:51 - [TEST_STEP][NOT_RUN] - delay: NOT_RUN: delay

2018-12-05 15:59:51 - [MESSAGE][NOT_RUN] - NOT_RUN: delay

2018-12-05 15:59:51 - [TEST_STEP][NOT_RUN] - click: NOT_RUN: click

2018-12-05 15:59:51 - [MESSAGE][NOT_RUN] - NOT_RUN: click

2018-12-05 15:59:51 - [TEST_STEP][PASSED] - click: Object: 'Object Repository/Final Object Repo/Page_Request SSN - ASSIST/Page_Request SSN - ASSIST - RO/Approval For SSN' is clicked on

2018-12-05 15:59:51 - [MESSAGE][PASSED] - Object: 'Object Repository/Final Object Repo/Page_Request SSN - ASSIST/Page_Request SSN - ASSIST - RO/Approval For SSN' is clicked on

2018-12-05 15:59:51 - [TEST_STEP][PASSED] - click: Object: 'Object Repository/Final Object Repo/Page_Request SSN - ASSIST/Page_Request SSN - ASSIST - RO/Approval For SSN - Approve' is clicked on

2018-12-05 15:59:51 - [MESSAGE][PASSED] - Object: 'Object Repository/Final Object Repo/Page_Request SSN - ASSIST/Page_Request SSN - ASSIST - RO/Approval For SSN - Approve' is clicked on

2018-12-05 15:59:51 - [TEST_STEP][PASSED] - delay: Delayed 2 second(s)

2018-12-05 15:59:53 - [MESSAGE][PASSED] - Delayed 2 second(s)

2018-12-05 15:59:53 - [TEST_STEP][PASSED] - click: Object: 'Object Repository/Final Object Repo/Page_Request SSN - ASSIST/Page_Request SSN - ASSIST - RO/Save  Continue in SSN Page' is clicked on

2018-12-05 15:59:54 - [MESSAGE][PASSED] - Object: 'Object Repository/Final Object Repo/Page_Request SSN - ASSIST/Page_Request SSN - ASSIST - RO/Save  Continue in SSN Page' is clicked on

2018-12-05 15:59:54 - [TEST_STEP][PASSED] - delay: Delayed 2 second(s)

2018-12-05 15:59:56 - [MESSAGE][PASSED] - Delayed 2 second(s)

2018-12-05 15:59:56 - [TEST_STEP][PASSED] - click: Object: 'Object Repository/Final Object Repo/Page_Request SSN - ASSIST/Page_Request SSN - ASSIST - RO/Save  Continue in Uploading Document Page' is clicked on

2018-12-05 15:59:58 - [MESSAGE][PASSED] - Object: 'Object Repository/Final Object Repo/Page_Request SSN - ASSIST/Page_Request SSN - ASSIST - RO/Save  Continue in Uploading Document Page' is clicked on

2018-12-05 15:59:58 - [TEST_STEP][PASSED] - delay: Delayed 2 second(s)

2018-12-05 16:00:00 - [MESSAGE][PASSED] - Delayed 2 second(s)

2018-12-05 16:00:00 - [TEST_STEP][PASSED] - click: Object: 'Object Repository/Final Object Repo/Page_Request SSN - ASSIST/Page_Request SSN - ASSIST - RO/Submit' is clicked on

2018-12-05 16:00:03 - [MESSAGE][PASSED] - Object: 'Object Repository/Final Object Repo/Page_Request SSN - ASSIST/Page_Request SSN - ASSIST - RO/Submit' is clicked on

2018-12-05 16:00:03 - [TEST_STEP][PASSED] - delay: Delayed 2 second(s)

2018-12-05 16:00:05 - [MESSAGE][PASSED] - Delayed 2 second(s)

2018-12-05 16:00:05 - [TEST_STEP][PASSED] - click: Object: 'Object Repository/Final Object Repo/Page_Request SSN - ASSIST/Page_Request SSN - ASSIST - RO/Confirm' is clicked on

2018-12-05 16:00:05 - [MESSAGE][PASSED] - Object: 'Object Repository/Final Object Repo/Page_Request SSN - ASSIST/Page_Request SSN - ASSIST - RO/Confirm' is clicked on

2018-12-05 16:00:05 - [TEST_STEP][PASSED] - delay: Delayed 2 second(s)

2018-12-05 16:00:07 - [MESSAGE][PASSED] - Delayed 2 second(s)

2018-12-05 16:00:07 - [TEST_STEP][PASSED] - verifyElementVisible: Object 'Object Repository/Final Object Repo/Page_Request SSN - ASSIST/Page_Request SSN - ASSIST - RO/Successfull Message Your application has submitted' is visible

2018-12-05 16:00:13 - [MESSAGE][PASSED] - Object 'Object Repository/Final Object Repo/Page_Request SSN - ASSIST/Page_Request SSN - ASSIST - RO/Successfull Message Your application has submitted' is visible

2018-12-05 16:00:13 - [TEST_STEP][PASSED] - delay: Delayed 2 second(s)

2018-12-05 16:00:15 - [MESSAGE][PASSED] - Delayed 2 second(s)

2018-12-05 16:00:15 - [TEST_STEP][PASSED] - verifyElementVisible: Object 'Object Repository/Final Object Repo/Page_Request SSN - ASSIST/Page_Request SSN - ASSIST - RO/Letter of approval' is visible

2018-12-05 16:00:15 - [MESSAGE][PASSED] - Object 'Object Repository/Final Object Repo/Page_Request SSN - ASSIST/Page_Request SSN - ASSIST - RO/Letter of approval' is visible

2018-12-05 16:00:15 - [MESSAGE][PASSED] - Call Test Case 'Test Cases/Final Aug 2018 - PKS Automation/Registration Module/Workflow/Request SSN/Template/Request SSN - RO (Approve)' successfully

2018-12-05 16:00:15 - [MESSAGE][PASSED] - Call Test Case 'Test Cases/Final Aug 2018 - PKS Automation/Registration Module/Workflow/Request SSN/Template/Request SSN  RO (Approve after Query)' successfully

2018-12-05 16:00:15 - [MESSAGE][PASSED] - Call Test Case 'Test Cases/Final Aug 2018 - PKS Automation/Registration Module/Workflow/Request SSN/Template/Request SSN RIO - RO (Query)' successfully]]></system-out>
         <system-err><![CDATA[]]></system-err>
      </testcase>
      <testcase name="Test Cases/Final Aug 2018 - PKS Automation/Registration Module/Workflow/Request SSN/PKRBO - RIO - RO (Under enforcement)" classname="Test Cases/Final Aug 2018 - PKS Automation/Registration Module/Workflow/Request SSN/PKRBO - RIO - RO (Under enforcement)" status="PASSED">
         <system-out><![CDATA[2018-12-05 16:00:15 - [TEST_CASE][PASSED] - Test Cases/Final Aug 2018 - PKS Automation/Registration Module/Workflow/Request SSN/PKRBO - RIO - RO (Under enforcement): Test Cases/Final Aug 2018 - PKS Automation/Registration Module/Workflow/Request SSN/PKRBO - RIO - RO (Under enforcement)

2018-12-05 16:00:15 - [TEST_STEP][PASSED] - callTestCase: Call Test Case 'Test Cases/Final Aug 2018 - PKS Automation/Registration Module/Workflow/Request SSN/Template/Request SSN - PKRBO' successfully

2018-12-05 16:00:15 - [TEST_CASE][PASSED] - Test Cases/Final Aug 2018 - PKS Automation/Registration Module/Workflow/Request SSN/Template/Request SSN - PKRBO: Test Cases/Final Aug 2018 - PKS Automation/Registration Module/Workflow/Request SSN/Template/Request SSN - PKRBO

2018-12-05 16:00:15 - [TEST_STEP][PASSED] - openBrowser: Browser is opened with url: ''

2018-12-05 16:00:15 - [MESSAGE][WARNING] - A browser is already opened. Closing browser and opening a new one

2018-12-05 16:00:18 - [MESSAGE][PASSED] - Browser is opened with url: ''

2018-12-05 16:00:18 - [TEST_STEP][PASSED] - navigateToUrl: Navigate to 'https://assist2-uat.perkeso.gov.my/login' successfully

2018-12-05 16:00:19 - [MESSAGE][PASSED] - Navigate to 'https://assist2-uat.perkeso.gov.my/login' successfully

2018-12-05 16:00:19 - [TEST_STEP][PASSED] - setText: Text 'johorpkrbo1@gmail.com' is set on object 'Object Repository/Final Object Repo/Login Page/Internal User/Email Address'

2018-12-05 16:00:20 - [MESSAGE][PASSED] - Text 'johorpkrbo1@gmail.com' is set on object 'Object Repository/Final Object Repo/Login Page/Internal User/Email Address'

2018-12-05 16:00:20 - [TEST_STEP][PASSED] - click: Object: 'Object Repository/Final Object Repo/Login Page/Internal User/Next Button' is clicked on

2018-12-05 16:00:20 - [MESSAGE][PASSED] - Object: 'Object Repository/Final Object Repo/Login Page/Internal User/Next Button' is clicked on

2018-12-05 16:00:20 - [TEST_STEP][PASSED] - delay: Delayed 1 second(s)

2018-12-05 16:00:21 - [MESSAGE][PASSED] - Delayed 1 second(s)

2018-12-05 16:00:21 - [TEST_STEP][PASSED] - setEncryptedText: Text ****** has been set on object 'Object Repository/Final Object Repo/Login Page/Internal User/Password'

2018-12-05 16:00:21 - [MESSAGE][PASSED] - Text ****** has been set on object 'Object Repository/Final Object Repo/Login Page/Internal User/Password'

2018-12-05 16:00:21 - [TEST_STEP][PASSED] - click: Object: 'Object Repository/Final Object Repo/Login Page/Internal User/Login Button' is clicked on

2018-12-05 16:00:21 - [MESSAGE][PASSED] - Object: 'Object Repository/Final Object Repo/Login Page/Internal User/Login Button' is clicked on

2018-12-05 16:00:21 - [TEST_STEP][PASSED] - Statement - Try: null

2018-12-05 16:00:21 - [TEST_STEP][PASSED] - Statement - Checker = com.kms.katalon.core.webui.keyword.WebUiBuiltInKeywords.verifyElementNotPresent("Final Object Repo/Landing Page/Select to English", 3): null

2018-12-05 16:00:21 - [TEST_STEP][PASSED] - Statement - Catch (Exception e): null

2018-12-05 16:00:21 - [TEST_STEP][PASSED] - Statement - e.printStackTrace(): null

2018-12-05 16:00:21 - [TEST_STEP][PASSED] - delay: Delayed 5 second(s)

2018-12-05 16:00:26 - [MESSAGE][PASSED] - Delayed 5 second(s)

2018-12-05 16:00:26 - [TEST_STEP][PASSED] - delay: Delayed 1 second(s)

2018-12-05 16:00:27 - [MESSAGE][PASSED] - Delayed 1 second(s)

2018-12-05 16:00:27 - [TEST_STEP][PASSED] - navigateToUrl: Navigate to 'https://assist2-uat.perkeso.gov.my/web/registration/request-ssn' successfully

2018-12-05 16:00:32 - [MESSAGE][PASSED] - Navigate to 'https://assist2-uat.perkeso.gov.my/web/registration/request-ssn' successfully

2018-12-05 16:00:32 - [TEST_STEP][PASSED] - setText: Text 'perkeso' is set on object 'Object Repository/Final Object Repo/Page_Request SSN - ASSIST/AI - Name'

2018-12-05 16:00:32 - [MESSAGE][PASSED] - Text 'perkeso' is set on object 'Object Repository/Final Object Repo/Page_Request SSN - ASSIST/AI - Name'

2018-12-05 16:00:32 - [TEST_STEP][PASSED] - click: Object: 'Object Repository/Final Object Repo/Page_Request SSN - ASSIST/AI - DOB' is clicked on

2018-12-05 16:00:33 - [MESSAGE][PASSED] - Object: 'Object Repository/Final Object Repo/Page_Request SSN - ASSIST/AI - DOB' is clicked on

2018-12-05 16:00:33 - [TEST_STEP][PASSED] - selectOptionByValue: All options with value '1995' are selected in object 'Object Repository/Final Object Repo/Page_Request SSN - ASSIST/AI - DOB - Year' 

2018-12-05 16:00:33 - [MESSAGE][PASSED] - All options with value '1995' are selected in object 'Object Repository/Final Object Repo/Page_Request SSN - ASSIST/AI - DOB - Year' 

2018-12-05 16:00:33 - [TEST_STEP][PASSED] - delay: Delayed 3 second(s)

2018-12-05 16:00:36 - [MESSAGE][PASSED] - Delayed 3 second(s)

2018-12-05 16:00:36 - [TEST_STEP][PASSED] - doubleClick: Object: 'Object Repository/Final Object Repo/Page_Request SSN - ASSIST/AI - DOB - Year - Date' is double clicked on

2018-12-05 16:00:36 - [MESSAGE][PASSED] - Object: 'Object Repository/Final Object Repo/Page_Request SSN - ASSIST/AI - DOB - Year - Date' is double clicked on

2018-12-05 16:00:36 - [TEST_STEP][PASSED] - click: Object: 'Object Repository/Final Object Repo/Page_Request SSN - ASSIST/AI - Male' is clicked on

2018-12-05 16:00:36 - [MESSAGE][PASSED] - Object: 'Object Repository/Final Object Repo/Page_Request SSN - ASSIST/AI - Male' is clicked on

2018-12-05 16:00:36 - [TEST_STEP][PASSED] - click: Object: 'Object Repository/Final Object Repo/Page_Request SSN - ASSIST/AI- Race' is clicked on

2018-12-05 16:00:37 - [MESSAGE][PASSED] - Object: 'Object Repository/Final Object Repo/Page_Request SSN - ASSIST/AI- Race' is clicked on

2018-12-05 16:00:37 - [TEST_STEP][PASSED] - click: Object: 'Object Repository/Final Object Repo/Page_Request SSN - ASSIST/AI - Race - Melayu' is clicked on

2018-12-05 16:00:37 - [MESSAGE][PASSED] - Object: 'Object Repository/Final Object Repo/Page_Request SSN - ASSIST/AI - Race - Melayu' is clicked on

2018-12-05 16:00:37 - [TEST_STEP][PASSED] - click: Object: 'Object Repository/Final Object Repo/Page_Request SSN - ASSIST/AI - Religion' is clicked on

2018-12-05 16:00:37 - [MESSAGE][PASSED] - Object: 'Object Repository/Final Object Repo/Page_Request SSN - ASSIST/AI - Religion' is clicked on

2018-12-05 16:00:37 - [TEST_STEP][PASSED] - click: Object: 'Object Repository/Final Object Repo/Page_Request SSN - ASSIST/AI - Religion - Islam' is clicked on

2018-12-05 16:00:37 - [MESSAGE][PASSED] - Object: 'Object Repository/Final Object Repo/Page_Request SSN - ASSIST/AI - Religion - Islam' is clicked on

2018-12-05 16:00:37 - [TEST_STEP][PASSED] - setText: Text '12345' is set on object 'Object Repository/Final Object Repo/Page_Request SSN - ASSIST/AI - Birth Certificate'

2018-12-05 16:00:38 - [MESSAGE][PASSED] - Text '12345' is set on object 'Object Repository/Final Object Repo/Page_Request SSN - ASSIST/AI - Birth Certificate'

2018-12-05 16:00:38 - [TEST_STEP][PASSED] - click: Object: 'Object Repository/Final Object Repo/Page_Request SSN - ASSIST/AI - Nationality' is clicked on

2018-12-05 16:00:38 - [MESSAGE][PASSED] - Object: 'Object Repository/Final Object Repo/Page_Request SSN - ASSIST/AI - Nationality' is clicked on

2018-12-05 16:00:38 - [TEST_STEP][PASSED] - click: Object: 'Object Repository/Final Object Repo/Page_Request SSN - ASSIST/AI - Nationality - Afghanistan' is clicked on

2018-12-05 16:00:38 - [MESSAGE][PASSED] - Object: 'Object Repository/Final Object Repo/Page_Request SSN - ASSIST/AI - Nationality - Afghanistan' is clicked on

2018-12-05 16:00:38 - [TEST_STEP][PASSED] - setText: Text 'PERKESO ADDRESS1' is set on object 'Object Repository/Final Object Repo/Page_Request SSN - ASSIST/AI - Address1'

2018-12-05 16:00:40 - [MESSAGE][PASSED] - Text 'PERKESO ADDRESS1' is set on object 'Object Repository/Final Object Repo/Page_Request SSN - ASSIST/AI - Address1'

2018-12-05 16:00:40 - [TEST_STEP][PASSED] - setText: Text 'PERKESO ADDRESS2' is set on object 'Object Repository/Final Object Repo/Page_Request SSN - ASSIST/AI - Address2'

2018-12-05 16:00:41 - [MESSAGE][PASSED] - Text 'PERKESO ADDRESS2' is set on object 'Object Repository/Final Object Repo/Page_Request SSN - ASSIST/AI - Address2'

2018-12-05 16:00:41 - [TEST_STEP][PASSED] - setText: Text 'PERKESO ADDRESS3' is set on object 'Object Repository/Final Object Repo/Page_Request SSN - ASSIST/AI - Address3'

2018-12-05 16:00:42 - [MESSAGE][PASSED] - Text 'PERKESO ADDRESS3' is set on object 'Object Repository/Final Object Repo/Page_Request SSN - ASSIST/AI - Address3'

2018-12-05 16:00:42 - [TEST_STEP][PASSED] - click: Object: 'Object Repository/Final Object Repo/Page_Request SSN - ASSIST/AI - State' is clicked on

2018-12-05 16:00:42 - [MESSAGE][PASSED] - Object: 'Object Repository/Final Object Repo/Page_Request SSN - ASSIST/AI - State' is clicked on

2018-12-05 16:00:42 - [TEST_STEP][PASSED] - click: Object: 'Object Repository/Final Object Repo/Page_Request SSN - ASSIST/AI - Current Employer State - Johor' is clicked on

2018-12-05 16:00:43 - [MESSAGE][PASSED] - Object: 'Object Repository/Final Object Repo/Page_Request SSN - ASSIST/AI - Current Employer State - Johor' is clicked on

2018-12-05 16:00:43 - [TEST_STEP][PASSED] - click: Object: 'Object Repository/Final Object Repo/Page_Request SSN - ASSIST/AI - City' is clicked on

2018-12-05 16:00:43 - [MESSAGE][PASSED] - Object: 'Object Repository/Final Object Repo/Page_Request SSN - ASSIST/AI - City' is clicked on

2018-12-05 16:00:43 - [TEST_STEP][PASSED] - setText: Text 'JOH' is set on object 'Object Repository/Final Object Repo/Page_Request SSN - ASSIST/AI - City - JOH'

2018-12-05 16:00:44 - [MESSAGE][PASSED] - Text 'JOH' is set on object 'Object Repository/Final Object Repo/Page_Request SSN - ASSIST/AI - City - JOH'

2018-12-05 16:00:44 - [TEST_STEP][PASSED] - delay: Delayed 3 second(s)

2018-12-05 16:00:47 - [MESSAGE][PASSED] - Delayed 3 second(s)

2018-12-05 16:00:47 - [TEST_STEP][PASSED] - click: Object: 'Object Repository/Final Object Repo/Page_Request SSN - ASSIST/AI - City - Johor Bharu' is clicked on

2018-12-05 16:00:47 - [MESSAGE][PASSED] - Object: 'Object Repository/Final Object Repo/Page_Request SSN - ASSIST/AI - City - Johor Bharu' is clicked on

2018-12-05 16:00:47 - [TEST_STEP][PASSED] - click: Object: 'Object Repository/Final Object Repo/Page_Request SSN - ASSIST/AI - Post Code' is clicked on

2018-12-05 16:00:47 - [MESSAGE][PASSED] - Object: 'Object Repository/Final Object Repo/Page_Request SSN - ASSIST/AI - Post Code' is clicked on

2018-12-05 16:00:47 - [TEST_STEP][PASSED] - setText: Text '810' is set on object 'Object Repository/Final Object Repo/Page_Request SSN - ASSIST/AI - City - JOH'

2018-12-05 16:00:48 - [MESSAGE][PASSED] - Text '810' is set on object 'Object Repository/Final Object Repo/Page_Request SSN - ASSIST/AI - City - JOH'

2018-12-05 16:00:48 - [TEST_STEP][PASSED] - delay: Delayed 3 second(s)

2018-12-05 16:00:51 - [MESSAGE][PASSED] - Delayed 3 second(s)

2018-12-05 16:00:51 - [TEST_STEP][PASSED] - click: Object: 'Object Repository/Final Object Repo/Page_Request SSN - ASSIST/AI - PostCode - 81000' is clicked on

2018-12-05 16:00:51 - [MESSAGE][PASSED] - Object: 'Object Repository/Final Object Repo/Page_Request SSN - ASSIST/AI - PostCode - 81000' is clicked on

2018-12-05 16:00:51 - [TEST_STEP][PASSED] - setText: Text '100' is set on object 'Object Repository/Final Object Repo/Page_Request SSN - ASSIST/P.O.BOX'

2018-12-05 16:00:52 - [MESSAGE][PASSED] - Text '100' is set on object 'Object Repository/Final Object Repo/Page_Request SSN - ASSIST/P.O.BOX'

2018-12-05 16:00:52 - [TEST_STEP][PASSED] - setText: Text '100' is set on object 'Object Repository/Final Object Repo/Page_Request SSN - ASSIST/Locked Bag No'

2018-12-05 16:00:52 - [MESSAGE][PASSED] - Text '100' is set on object 'Object Repository/Final Object Repo/Page_Request SSN - ASSIST/Locked Bag No'

2018-12-05 16:00:52 - [TEST_STEP][PASSED] - delay: Delayed 2 second(s)

2018-12-05 16:00:54 - [MESSAGE][PASSED] - Delayed 2 second(s)

2018-12-05 16:00:54 - [TEST_STEP][PASSED] - setText: Text '123456789' is set on object 'Object Repository/Final Object Repo/Page_Request SSN - ASSIST/AI - Telephone No'

2018-12-05 16:00:55 - [MESSAGE][PASSED] - Text '123456789' is set on object 'Object Repository/Final Object Repo/Page_Request SSN - ASSIST/AI - Telephone No'

2018-12-05 16:00:55 - [TEST_STEP][PASSED] - click: Object: 'Object Repository/Final Object Repo/Page_Request SSN - ASSIST/AI - Occupation' is clicked on

2018-12-05 16:00:55 - [MESSAGE][PASSED] - Object: 'Object Repository/Final Object Repo/Page_Request SSN - ASSIST/AI - Occupation' is clicked on

2018-12-05 16:00:55 - [TEST_STEP][PASSED] - click: Object: 'Object Repository/Final Object Repo/Page_Request SSN - ASSIST/AI - Occupation - NUMERICAL AND MATERIAL R' is clicked on

2018-12-05 16:00:55 - [MESSAGE][PASSED] - Object: 'Object Repository/Final Object Repo/Page_Request SSN - ASSIST/AI - Occupation - NUMERICAL AND MATERIAL R' is clicked on

2018-12-05 16:00:55 - [TEST_STEP][PASSED] - delay: Delayed 2 second(s)

2018-12-05 16:00:57 - [MESSAGE][PASSED] - Delayed 2 second(s)

2018-12-05 16:00:57 - [TEST_STEP][PASSED] - click: Object: 'Object Repository/Final Object Repo/Page_Request SSN - ASSIST/AI - Sub Occupation' is clicked on

2018-12-05 16:00:58 - [MESSAGE][PASSED] - Object: 'Object Repository/Final Object Repo/Page_Request SSN - ASSIST/AI - Sub Occupation' is clicked on

2018-12-05 16:00:58 - [TEST_STEP][PASSED] - click: Object: 'Object Repository/Final Object Repo/Page_Request SSN - ASSIST/AI - Sub Occupation - Stock Clerks' is clicked on

2018-12-05 16:00:58 - [MESSAGE][PASSED] - Object: 'Object Repository/Final Object Repo/Page_Request SSN - ASSIST/AI - Sub Occupation - Stock Clerks' is clicked on

2018-12-05 16:00:58 - [TEST_STEP][PASSED] - delay: Delayed 2 second(s)

2018-12-05 16:01:00 - [MESSAGE][PASSED] - Delayed 2 second(s)

2018-12-05 16:01:00 - [TEST_STEP][PASSED] - click: Object: 'Object Repository/Final Object Repo/Page_Request SSN - ASSIST/AI - Sub Occupation List' is clicked on

2018-12-05 16:01:00 - [MESSAGE][PASSED] - Object: 'Object Repository/Final Object Repo/Page_Request SSN - ASSIST/AI - Sub Occupation List' is clicked on

2018-12-05 16:01:00 - [TEST_STEP][PASSED] - click: Object: 'Object Repository/Final Object Repo/Page_Request SSN - ASSIST/AI - Sub Occupation List - Clerk raw material' is clicked on

2018-12-05 16:01:00 - [MESSAGE][PASSED] - Object: 'Object Repository/Final Object Repo/Page_Request SSN - ASSIST/AI - Sub Occupation List - Clerk raw material' is clicked on

2018-12-05 16:01:00 - [TEST_STEP][PASSED] - click: Object: 'Object Repository/Final Object Repo/Page_Request SSN - ASSIST/AI - Employment Start Date' is clicked on

2018-12-05 16:01:01 - [MESSAGE][PASSED] - Object: 'Object Repository/Final Object Repo/Page_Request SSN - ASSIST/AI - Employment Start Date' is clicked on

2018-12-05 16:01:01 - [TEST_STEP][PASSED] - click: Object: 'Object Repository/Final Object Repo/Page_Request SSN - ASSIST/AI - DOB - Year - Date' is clicked on

2018-12-05 16:01:01 - [MESSAGE][PASSED] - Object: 'Object Repository/Final Object Repo/Page_Request SSN - ASSIST/AI - DOB - Year - Date' is clicked on

2018-12-05 16:01:01 - [TEST_STEP][PASSED] - setText: Text 'perkeso' is set on object 'Object Repository/Final Object Repo/Page_Request SSN - ASSIST/AI - Current Employer Name'

2018-12-05 16:01:02 - [MESSAGE][PASSED] - Text 'perkeso' is set on object 'Object Repository/Final Object Repo/Page_Request SSN - ASSIST/AI - Current Employer Name'

2018-12-05 16:01:02 - [TEST_STEP][PASSED] - setText: Text 'perkeso1' is set on object 'Object Repository/Final Object Repo/Page_Request SSN - ASSIST/AI - Current Employer Address1'

2018-12-05 16:01:03 - [MESSAGE][PASSED] - Text 'perkeso1' is set on object 'Object Repository/Final Object Repo/Page_Request SSN - ASSIST/AI - Current Employer Address1'

2018-12-05 16:01:03 - [TEST_STEP][PASSED] - setText: Text 'perkeso2' is set on object 'Object Repository/Final Object Repo/Page_Request SSN - ASSIST/AI - Current Employer Address2'

2018-12-05 16:01:03 - [MESSAGE][PASSED] - Text 'perkeso2' is set on object 'Object Repository/Final Object Repo/Page_Request SSN - ASSIST/AI - Current Employer Address2'

2018-12-05 16:01:03 - [TEST_STEP][PASSED] - setText: Text 'perkeso3' is set on object 'Object Repository/Final Object Repo/Page_Request SSN - ASSIST/AI - Current Employer Address3'

2018-12-05 16:01:04 - [MESSAGE][PASSED] - Text 'perkeso3' is set on object 'Object Repository/Final Object Repo/Page_Request SSN - ASSIST/AI - Current Employer Address3'

2018-12-05 16:01:04 - [TEST_STEP][PASSED] - click: Object: 'Object Repository/Final Object Repo/Page_Request SSN - ASSIST/AI - Current Employer State' is clicked on

2018-12-05 16:01:04 - [MESSAGE][PASSED] - Object: 'Object Repository/Final Object Repo/Page_Request SSN - ASSIST/AI - Current Employer State' is clicked on

2018-12-05 16:01:04 - [TEST_STEP][PASSED] - click: Object: 'Object Repository/Final Object Repo/Page_Request SSN - ASSIST/AI - Current Employer State - Johor 1' is clicked on

2018-12-05 16:01:05 - [MESSAGE][PASSED] - Object: 'Object Repository/Final Object Repo/Page_Request SSN - ASSIST/AI - Current Employer State - Johor 1' is clicked on

2018-12-05 16:01:05 - [TEST_STEP][PASSED] - click: Object: 'Object Repository/Final Object Repo/Page_Request SSN - ASSIST/AI - Current Employer City' is clicked on

2018-12-05 16:01:05 - [MESSAGE][PASSED] - Object: 'Object Repository/Final Object Repo/Page_Request SSN - ASSIST/AI - Current Employer City' is clicked on

2018-12-05 16:01:05 - [TEST_STEP][PASSED] - setText: Text 'joh' is set on object 'Object Repository/Final Object Repo/Page_Request SSN - ASSIST/AI - City - JOH'

2018-12-05 16:01:06 - [MESSAGE][PASSED] - Text 'joh' is set on object 'Object Repository/Final Object Repo/Page_Request SSN - ASSIST/AI - City - JOH'

2018-12-05 16:01:06 - [TEST_STEP][PASSED] - delay: Delayed 2 second(s)

2018-12-05 16:01:08 - [MESSAGE][PASSED] - Delayed 2 second(s)

2018-12-05 16:01:08 - [TEST_STEP][PASSED] - click: Object: 'Object Repository/Final Object Repo/Page_Request SSN - ASSIST/AI - City - Johor Bharu' is clicked on

2018-12-05 16:01:08 - [MESSAGE][PASSED] - Object: 'Object Repository/Final Object Repo/Page_Request SSN - ASSIST/AI - City - Johor Bharu' is clicked on

2018-12-05 16:01:08 - [TEST_STEP][PASSED] - click: Object: 'Object Repository/Final Object Repo/Page_Request SSN - ASSIST/AI - Current Employer Postcode' is clicked on

2018-12-05 16:01:08 - [MESSAGE][PASSED] - Object: 'Object Repository/Final Object Repo/Page_Request SSN - ASSIST/AI - Current Employer Postcode' is clicked on

2018-12-05 16:01:08 - [TEST_STEP][PASSED] - setText: Text '810' is set on object 'Object Repository/Final Object Repo/Page_Request SSN - ASSIST/AI - City - JOH'

2018-12-05 16:01:09 - [MESSAGE][PASSED] - Text '810' is set on object 'Object Repository/Final Object Repo/Page_Request SSN - ASSIST/AI - City - JOH'

2018-12-05 16:01:09 - [TEST_STEP][PASSED] - delay: Delayed 2 second(s)

2018-12-05 16:01:11 - [MESSAGE][PASSED] - Delayed 2 second(s)

2018-12-05 16:01:11 - [TEST_STEP][PASSED] - click: Object: 'Object Repository/Final Object Repo/Page_Request SSN - ASSIST/AI - PostCode - 81000' is clicked on

2018-12-05 16:01:11 - [MESSAGE][PASSED] - Object: 'Object Repository/Final Object Repo/Page_Request SSN - ASSIST/AI - PostCode - 81000' is clicked on

2018-12-05 16:01:11 - [TEST_STEP][NOT_RUN] - setText: NOT_RUN: setText

2018-12-05 16:01:11 - [MESSAGE][NOT_RUN] - NOT_RUN: setText

2018-12-05 16:01:11 - [TEST_STEP][NOT_RUN] - setText: NOT_RUN: setText

2018-12-05 16:01:11 - [MESSAGE][NOT_RUN] - NOT_RUN: setText

2018-12-05 16:01:11 - [TEST_STEP][NOT_RUN] - click: NOT_RUN: click

2018-12-05 16:01:11 - [MESSAGE][NOT_RUN] - NOT_RUN: click

2018-12-05 16:01:11 - [TEST_STEP][NOT_RUN] - click: NOT_RUN: click

2018-12-05 16:01:11 - [MESSAGE][NOT_RUN] - NOT_RUN: click

2018-12-05 16:01:11 - [TEST_STEP][NOT_RUN] - setText: NOT_RUN: setText

2018-12-05 16:01:11 - [MESSAGE][NOT_RUN] - NOT_RUN: setText

2018-12-05 16:01:11 - [TEST_STEP][NOT_RUN] - click: NOT_RUN: click

2018-12-05 16:01:11 - [MESSAGE][NOT_RUN] - NOT_RUN: click

2018-12-05 16:01:11 - [TEST_STEP][NOT_RUN] - click: NOT_RUN: click

2018-12-05 16:01:11 - [MESSAGE][NOT_RUN] - NOT_RUN: click

2018-12-05 16:01:11 - [TEST_STEP][NOT_RUN] - click: NOT_RUN: click

2018-12-05 16:01:11 - [MESSAGE][NOT_RUN] - NOT_RUN: click

2018-12-05 16:01:11 - [TEST_STEP][NOT_RUN] - click: NOT_RUN: click

2018-12-05 16:01:11 - [MESSAGE][NOT_RUN] - NOT_RUN: click

2018-12-05 16:01:11 - [TEST_STEP][NOT_RUN] - click: NOT_RUN: click

2018-12-05 16:01:11 - [MESSAGE][NOT_RUN] - NOT_RUN: click

2018-12-05 16:01:11 - [TEST_STEP][NOT_RUN] - click: NOT_RUN: click

2018-12-05 16:01:11 - [MESSAGE][NOT_RUN] - NOT_RUN: click

2018-12-05 16:01:11 - [TEST_STEP][NOT_RUN] - setText: NOT_RUN: setText

2018-12-05 16:01:11 - [MESSAGE][NOT_RUN] - NOT_RUN: setText

2018-12-05 16:01:11 - [TEST_STEP][NOT_RUN] - setText: NOT_RUN: setText

2018-12-05 16:01:11 - [MESSAGE][NOT_RUN] - NOT_RUN: setText

2018-12-05 16:01:11 - [TEST_STEP][NOT_RUN] - setText: NOT_RUN: setText

2018-12-05 16:01:11 - [MESSAGE][NOT_RUN] - NOT_RUN: setText

2018-12-05 16:01:11 - [TEST_STEP][NOT_RUN] - click: NOT_RUN: click

2018-12-05 16:01:11 - [MESSAGE][NOT_RUN] - NOT_RUN: click

2018-12-05 16:01:11 - [TEST_STEP][NOT_RUN] - click: NOT_RUN: click

2018-12-05 16:01:11 - [MESSAGE][NOT_RUN] - NOT_RUN: click

2018-12-05 16:01:11 - [TEST_STEP][NOT_RUN] - click: NOT_RUN: click

2018-12-05 16:01:11 - [MESSAGE][NOT_RUN] - NOT_RUN: click

2018-12-05 16:01:11 - [TEST_STEP][NOT_RUN] - setText: NOT_RUN: setText

2018-12-05 16:01:11 - [MESSAGE][NOT_RUN] - NOT_RUN: setText

2018-12-05 16:01:11 - [TEST_STEP][NOT_RUN] - delay: NOT_RUN: delay

2018-12-05 16:01:11 - [MESSAGE][NOT_RUN] - NOT_RUN: delay

2018-12-05 16:01:11 - [TEST_STEP][NOT_RUN] - click: NOT_RUN: click

2018-12-05 16:01:11 - [MESSAGE][NOT_RUN] - NOT_RUN: click

2018-12-05 16:01:11 - [TEST_STEP][NOT_RUN] - click: NOT_RUN: click

2018-12-05 16:01:11 - [MESSAGE][NOT_RUN] - NOT_RUN: click

2018-12-05 16:01:11 - [TEST_STEP][NOT_RUN] - click: NOT_RUN: click

2018-12-05 16:01:11 - [MESSAGE][NOT_RUN] - NOT_RUN: click

2018-12-05 16:01:11 - [TEST_STEP][NOT_RUN] - setText: NOT_RUN: setText

2018-12-05 16:01:11 - [MESSAGE][NOT_RUN] - NOT_RUN: setText

2018-12-05 16:01:11 - [TEST_STEP][NOT_RUN] - delay: NOT_RUN: delay

2018-12-05 16:01:11 - [MESSAGE][NOT_RUN] - NOT_RUN: delay

2018-12-05 16:01:11 - [TEST_STEP][NOT_RUN] - click: NOT_RUN: click

2018-12-05 16:01:11 - [MESSAGE][NOT_RUN] - NOT_RUN: click

2018-12-05 16:01:11 - [TEST_STEP][NOT_RUN] - delay: NOT_RUN: delay

2018-12-05 16:01:11 - [MESSAGE][NOT_RUN] - NOT_RUN: delay

2018-12-05 16:01:11 - [TEST_STEP][NOT_RUN] - setText: NOT_RUN: setText

2018-12-05 16:01:11 - [MESSAGE][NOT_RUN] - NOT_RUN: setText

2018-12-05 16:01:11 - [TEST_STEP][NOT_RUN] - setText: NOT_RUN: setText

2018-12-05 16:01:11 - [MESSAGE][NOT_RUN] - NOT_RUN: setText

2018-12-05 16:01:11 - [TEST_STEP][NOT_RUN] - setText: NOT_RUN: setText

2018-12-05 16:01:11 - [MESSAGE][NOT_RUN] - NOT_RUN: setText

2018-12-05 16:01:11 - [TEST_STEP][NOT_RUN] - click: NOT_RUN: click

2018-12-05 16:01:11 - [MESSAGE][NOT_RUN] - NOT_RUN: click

2018-12-05 16:01:11 - [TEST_STEP][NOT_RUN] - click: NOT_RUN: click

2018-12-05 16:01:11 - [MESSAGE][NOT_RUN] - NOT_RUN: click

2018-12-05 16:01:11 - [TEST_STEP][NOT_RUN] - setText: NOT_RUN: setText

2018-12-05 16:01:11 - [MESSAGE][NOT_RUN] - NOT_RUN: setText

2018-12-05 16:01:12 - [TEST_STEP][NOT_RUN] - click: NOT_RUN: click

2018-12-05 16:01:12 - [MESSAGE][NOT_RUN] - NOT_RUN: click

2018-12-05 16:01:12 - [TEST_STEP][NOT_RUN] - click: NOT_RUN: click

2018-12-05 16:01:12 - [MESSAGE][NOT_RUN] - NOT_RUN: click

2018-12-05 16:01:12 - [TEST_STEP][NOT_RUN] - click: NOT_RUN: click

2018-12-05 16:01:12 - [MESSAGE][NOT_RUN] - NOT_RUN: click

2018-12-05 16:01:12 - [TEST_STEP][NOT_RUN] - click: NOT_RUN: click

2018-12-05 16:01:12 - [MESSAGE][NOT_RUN] - NOT_RUN: click

2018-12-05 16:01:12 - [TEST_STEP][NOT_RUN] - click: NOT_RUN: click

2018-12-05 16:01:12 - [MESSAGE][NOT_RUN] - NOT_RUN: click

2018-12-05 16:01:12 - [TEST_STEP][NOT_RUN] - click: NOT_RUN: click

2018-12-05 16:01:12 - [MESSAGE][NOT_RUN] - NOT_RUN: click

2018-12-05 16:01:12 - [TEST_STEP][NOT_RUN] - setText: NOT_RUN: setText

2018-12-05 16:01:12 - [MESSAGE][NOT_RUN] - NOT_RUN: setText

2018-12-05 16:01:12 - [TEST_STEP][NOT_RUN] - setText: NOT_RUN: setText

2018-12-05 16:01:12 - [MESSAGE][NOT_RUN] - NOT_RUN: setText

2018-12-05 16:01:12 - [TEST_STEP][NOT_RUN] - setText: NOT_RUN: setText

2018-12-05 16:01:12 - [MESSAGE][NOT_RUN] - NOT_RUN: setText

2018-12-05 16:01:12 - [TEST_STEP][NOT_RUN] - click: NOT_RUN: click

2018-12-05 16:01:12 - [MESSAGE][NOT_RUN] - NOT_RUN: click

2018-12-05 16:01:12 - [TEST_STEP][NOT_RUN] - click: NOT_RUN: click

2018-12-05 16:01:12 - [MESSAGE][NOT_RUN] - NOT_RUN: click

2018-12-05 16:01:12 - [TEST_STEP][NOT_RUN] - click: NOT_RUN: click

2018-12-05 16:01:12 - [MESSAGE][NOT_RUN] - NOT_RUN: click

2018-12-05 16:01:12 - [TEST_STEP][NOT_RUN] - delay: NOT_RUN: delay

2018-12-05 16:01:12 - [MESSAGE][NOT_RUN] - NOT_RUN: delay

2018-12-05 16:01:12 - [TEST_STEP][NOT_RUN] - setText: NOT_RUN: setText

2018-12-05 16:01:12 - [MESSAGE][NOT_RUN] - NOT_RUN: setText

2018-12-05 16:01:12 - [TEST_STEP][NOT_RUN] - delay: NOT_RUN: delay

2018-12-05 16:01:12 - [MESSAGE][NOT_RUN] - NOT_RUN: delay

2018-12-05 16:01:12 - [TEST_STEP][NOT_RUN] - click: NOT_RUN: click

2018-12-05 16:01:12 - [MESSAGE][NOT_RUN] - NOT_RUN: click

2018-12-05 16:01:12 - [TEST_STEP][NOT_RUN] - doubleClick: NOT_RUN: doubleClick

2018-12-05 16:01:12 - [MESSAGE][NOT_RUN] - NOT_RUN: doubleClick

2018-12-05 16:01:12 - [TEST_STEP][NOT_RUN] - click: NOT_RUN: click

2018-12-05 16:01:12 - [MESSAGE][NOT_RUN] - NOT_RUN: click

2018-12-05 16:01:12 - [TEST_STEP][NOT_RUN] - setText: NOT_RUN: setText

2018-12-05 16:01:12 - [MESSAGE][NOT_RUN] - NOT_RUN: setText

2018-12-05 16:01:12 - [TEST_STEP][NOT_RUN] - delay: NOT_RUN: delay

2018-12-05 16:01:12 - [MESSAGE][NOT_RUN] - NOT_RUN: delay

2018-12-05 16:01:12 - [TEST_STEP][NOT_RUN] - click: NOT_RUN: click

2018-12-05 16:01:12 - [MESSAGE][NOT_RUN] - NOT_RUN: click

2018-12-05 16:01:12 - [TEST_STEP][NOT_RUN] - delay: NOT_RUN: delay

2018-12-05 16:01:12 - [MESSAGE][NOT_RUN] - NOT_RUN: delay

2018-12-05 16:01:12 - [TEST_STEP][NOT_RUN] - setText: NOT_RUN: setText

2018-12-05 16:01:12 - [MESSAGE][NOT_RUN] - NOT_RUN: setText

2018-12-05 16:01:12 - [TEST_STEP][PASSED] - click: Object: 'Object Repository/Final Object Repo/Page_Request SSN - ASSIST/Save  Continue' is clicked on

2018-12-05 16:01:13 - [MESSAGE][PASSED] - Object: 'Object Repository/Final Object Repo/Page_Request SSN - ASSIST/Save  Continue' is clicked on

2018-12-05 16:01:13 - [TEST_STEP][PASSED] - delay: Delayed 3 second(s)

2018-12-05 16:01:16 - [MESSAGE][PASSED] - Delayed 3 second(s)

2018-12-05 16:01:16 - [TEST_STEP][PASSED] - Statement - CaseReferenceNo = com.kms.katalon.core.webui.keyword.WebUiBuiltInKeywords.getText(com.kms.katalon.core.testobject.ObjectRepository.findTestObject(Final Object Repo/Page_Request SSN - ASSIST/Reference Number in Uploading Page)): Text of object 'Object Repository/Final Object Repo/Page_Request SSN - ASSIST/Reference Number in Uploading Page' is: 'SSN12201800001161'

2018-12-05 16:01:16 - [MESSAGE][PASSED] - Text of object 'Object Repository/Final Object Repo/Page_Request SSN - ASSIST/Reference Number in Uploading Page' is: 'SSN12201800001161'

2018-12-05 16:01:16 - [TEST_STEP][PASSED] - callTestCase: Call Test Case 'Test Cases/Final Aug 2018 - PKS Automation/Common/Reference Number Setter' successfully

2018-12-05 16:01:16 - [TEST_CASE][PASSED] - Test Cases/Final Aug 2018 - PKS Automation/Common/Reference Number Setter: Test Cases/Final Aug 2018 - PKS Automation/Common/Reference Number Setter

2018-12-05 16:01:16 - [TEST_STEP][PASSED] - Statement - RefNoOldFile = new java.io.File(C://Users//Admin//Desktop//PKS//Automation Reference Point//KatalonReference.txt): null

2018-12-05 16:01:16 - [TEST_STEP][PASSED] - Statement - RefNoOldFile.delete(): null

2018-12-05 16:01:16 - [TEST_STEP][PASSED] - delay: Delayed 5 second(s)

2018-12-05 16:01:21 - [MESSAGE][PASSED] - Delayed 5 second(s)

2018-12-05 16:01:21 - [TEST_STEP][PASSED] - Statement - RefNo = new java.io.File(C://Users//Admin//Desktop//PKS//Automation Reference Point//KatalonReference.txt): null

2018-12-05 16:01:21 - [TEST_STEP][PASSED] - Statement - f2 = new java.io.FileWriter(RefNo, false): null

2018-12-05 16:01:21 - [TEST_STEP][PASSED] - Statement - f2.write(CaseReferenceNo): null

2018-12-05 16:01:21 - [TEST_STEP][PASSED] - Statement - f2.close(): null

2018-12-05 16:01:21 - [TEST_STEP][PASSED] - Statement - out.println("


" + CaseReferenceNo + "


"): null

2018-12-05 16:01:21 - [MESSAGE][PASSED] - Call Test Case 'Test Cases/Final Aug 2018 - PKS Automation/Common/Reference Number Setter' successfully

2018-12-05 16:01:21 - [TEST_STEP][PASSED] - click: Object: 'Object Repository/Final Object Repo/Page_Request SSN - ASSIST/Add Document Button' is clicked on

2018-12-05 16:01:22 - [MESSAGE][PASSED] - Object: 'Object Repository/Final Object Repo/Page_Request SSN - ASSIST/Add Document Button' is clicked on

2018-12-05 16:01:22 - [TEST_STEP][PASSED] - delay: Delayed 2 second(s)

2018-12-05 16:01:24 - [MESSAGE][PASSED] - Delayed 2 second(s)

2018-12-05 16:01:24 - [TEST_STEP][PASSED] - click: Object: 'Object Repository/Final Object Repo/Page_Request SSN - ASSIST/Document Type' is clicked on

2018-12-05 16:01:25 - [MESSAGE][PASSED] - Object: 'Object Repository/Final Object Repo/Page_Request SSN - ASSIST/Document Type' is clicked on

2018-12-05 16:01:25 - [TEST_STEP][PASSED] - click: Object: 'Object Repository/Final Object Repo/Page_Request SSN - ASSIST/Document Type - Birth Certificate' is clicked on

2018-12-05 16:01:25 - [MESSAGE][PASSED] - Object: 'Object Repository/Final Object Repo/Page_Request SSN - ASSIST/Document Type - Birth Certificate' is clicked on

2018-12-05 16:01:25 - [TEST_STEP][PASSED] - sendKeys: Keys 'C:\Users\Public\Pictures\Sample Pictures\Koala.jpg' sent to object: 'Object Repository/Final Object Repo/Page_Request SSN - ASSIST/Upload File'

2018-12-05 16:01:25 - [MESSAGE][PASSED] - Keys 'C:\Users\Public\Pictures\Sample Pictures\Koala.jpg' sent to object: 'Object Repository/Final Object Repo/Page_Request SSN - ASSIST/Upload File'

2018-12-05 16:01:25 - [TEST_STEP][PASSED] - click: Object: 'Object Repository/Final Object Repo/Page_Request SSN - ASSIST/Add Document' is clicked on

2018-12-05 16:01:25 - [MESSAGE][PASSED] - Object: 'Object Repository/Final Object Repo/Page_Request SSN - ASSIST/Add Document' is clicked on

2018-12-05 16:01:25 - [TEST_STEP][PASSED] - delay: Delayed 20 second(s)

2018-12-05 16:01:45 - [MESSAGE][PASSED] - Delayed 20 second(s)

2018-12-05 16:01:45 - [TEST_STEP][PASSED] - click: Object: 'Object Repository/Final Object Repo/Page_Request SSN - ASSIST/Save  Continue in Uploading Document Page' is clicked on

2018-12-05 16:01:46 - [MESSAGE][PASSED] - Object: 'Object Repository/Final Object Repo/Page_Request SSN - ASSIST/Save  Continue in Uploading Document Page' is clicked on

2018-12-05 16:01:46 - [TEST_STEP][PASSED] - delay: Delayed 2 second(s)

2018-12-05 16:01:48 - [MESSAGE][PASSED] - Delayed 2 second(s)

2018-12-05 16:01:48 - [TEST_STEP][PASSED] - click: Object: 'Object Repository/Final Object Repo/Page_Request SSN - ASSIST/Submit' is clicked on

2018-12-05 16:01:50 - [MESSAGE][PASSED] - Object: 'Object Repository/Final Object Repo/Page_Request SSN - ASSIST/Submit' is clicked on

2018-12-05 16:01:50 - [TEST_STEP][PASSED] - delay: Delayed 2 second(s)

2018-12-05 16:01:52 - [MESSAGE][PASSED] - Delayed 2 second(s)

2018-12-05 16:01:52 - [TEST_STEP][PASSED] - click: Object: 'Object Repository/Final Object Repo/Page_Request SSN - ASSIST/Confirm' is clicked on

2018-12-05 16:01:52 - [MESSAGE][PASSED] - Object: 'Object Repository/Final Object Repo/Page_Request SSN - ASSIST/Confirm' is clicked on

2018-12-05 16:01:52 - [TEST_STEP][PASSED] - delay: Delayed 2 second(s)

2018-12-05 16:01:54 - [MESSAGE][PASSED] - Delayed 2 second(s)

2018-12-05 16:01:54 - [TEST_STEP][PASSED] - verifyElementVisible: Object 'Object Repository/Final Object Repo/Page_Request SSN - ASSIST/Message This Case will be routed to RIO' is visible

2018-12-05 16:02:00 - [MESSAGE][PASSED] - Object 'Object Repository/Final Object Repo/Page_Request SSN - ASSIST/Message This Case will be routed to RIO' is visible

2018-12-05 16:02:00 - [TEST_STEP][PASSED] - delay: Delayed 2 second(s)

2018-12-05 16:02:02 - [MESSAGE][PASSED] - Delayed 2 second(s)

2018-12-05 16:02:02 - [TEST_STEP][PASSED] - verifyElementVisible: Object 'Object Repository/Final Object Repo/Page_Request SSN - ASSIST/Letter of acknowledgement' is visible

2018-12-05 16:02:02 - [MESSAGE][PASSED] - Object 'Object Repository/Final Object Repo/Page_Request SSN - ASSIST/Letter of acknowledgement' is visible

2018-12-05 16:02:02 - [MESSAGE][PASSED] - Call Test Case 'Test Cases/Final Aug 2018 - PKS Automation/Registration Module/Workflow/Request SSN/Template/Request SSN - PKRBO' successfully

2018-12-05 16:02:02 - [TEST_STEP][PASSED] - callTestCase: Call Test Case 'Test Cases/Final Aug 2018 - PKS Automation/Registration Module/Workflow/Request SSN/Template/Request SSN RIO - RO (Under Enforcement)' successfully

2018-12-05 16:02:02 - [TEST_CASE][PASSED] - Test Cases/Final Aug 2018 - PKS Automation/Registration Module/Workflow/Request SSN/Template/Request SSN RIO - RO (Under Enforcement): Test Cases/Final Aug 2018 - PKS Automation/Registration Module/Workflow/Request SSN/Template/Request SSN RIO - RO (Under Enforcement)

2018-12-05 16:02:02 - [TEST_STEP][NOT_RUN] - callTestCase: NOT_RUN: callTestCase

2018-12-05 16:02:02 - [MESSAGE][NOT_RUN] - NOT_RUN: callTestCase

2018-12-05 16:02:02 - [TEST_STEP][PASSED] - delay: Delayed 2 second(s)

2018-12-05 16:02:04 - [MESSAGE][PASSED] - Delayed 2 second(s)

2018-12-05 16:02:04 - [TEST_STEP][PASSED] - navigateToUrl: Navigate to 'https://assist2-uat.perkeso.gov.my/c/portal/logout' successfully

2018-12-05 16:02:05 - [MESSAGE][PASSED] - Navigate to 'https://assist2-uat.perkeso.gov.my/c/portal/logout' successfully

2018-12-05 16:02:05 - [TEST_STEP][PASSED] - delay: Delayed 2 second(s)

2018-12-05 16:02:07 - [MESSAGE][PASSED] - Delayed 2 second(s)

2018-12-05 16:02:07 - [TEST_STEP][PASSED] - callTestCase: Call Test Case 'Test Cases/Final Aug 2018 - PKS Automation/Common/Reference Number Getter' successfully

2018-12-05 16:02:07 - [TEST_CASE][PASSED] - Test Cases/Final Aug 2018 - PKS Automation/Common/Reference Number Getter: Test Cases/Final Aug 2018 - PKS Automation/Common/Reference Number Getter

2018-12-05 16:02:07 - [TEST_STEP][PASSED] - Statement - Try: null

2018-12-05 16:02:07 - [TEST_STEP][PASSED] - Statement - RefNo = new java.io.File(C://Users//Admin//Desktop//PKS//Automation Reference Point//KatalonReference.txt): null

2018-12-05 16:02:07 - [TEST_STEP][PASSED] - Statement - bufferread = new java.io.BufferedReader(new java.io.FileReader(RefNo)): null

2018-12-05 16:02:07 - [TEST_STEP][PASSED] - Statement - readedVal = bufferread.readLine(): null

2018-12-05 16:02:07 - [TEST_STEP][PASSED] - Statement - out.println(CaseReferenceNo): null

2018-12-05 16:02:07 - [TEST_STEP][PASSED] - Statement - out.println(readedVal): null

2018-12-05 16:02:07 - [TEST_STEP][PASSED] - Statement - CaseReferenceNo = "": null

2018-12-05 16:02:07 - [TEST_STEP][PASSED] - Statement - CaseReferenceNo = readedVal: null

2018-12-05 16:02:07 - [MESSAGE][PASSED] - Call Test Case 'Test Cases/Final Aug 2018 - PKS Automation/Common/Reference Number Getter' successfully

2018-12-05 16:02:07 - [TEST_STEP][PASSED] - callTestCase: Call Test Case 'Test Cases/Final Aug 2018 - PKS Automation/Common/Workflow Owner Finder' successfully

2018-12-05 16:02:07 - [TEST_CASE][PASSED] - Test Cases/Final Aug 2018 - PKS Automation/Common/Workflow Owner Finder: Test Cases/Final Aug 2018 - PKS Automation/Common/Workflow Owner Finder

2018-12-05 16:02:07 - [TEST_STEP][PASSED] - openBrowser: Browser is opened with url: ''

2018-12-05 16:02:07 - [MESSAGE][WARNING] - A browser is already opened. Closing browser and opening a new one

2018-12-05 16:02:10 - [MESSAGE][PASSED] - Browser is opened with url: ''

2018-12-05 16:02:10 - [TEST_STEP][PASSED] - navigateToUrl: Navigate to 'https://assist2-uat.perkeso.gov.my/login' successfully

2018-12-05 16:02:11 - [MESSAGE][PASSED] - Navigate to 'https://assist2-uat.perkeso.gov.my/login' successfully

2018-12-05 16:02:11 - [TEST_STEP][PASSED] - delay: Delayed 5 second(s)

2018-12-05 16:02:16 - [MESSAGE][PASSED] - Delayed 5 second(s)

2018-12-05 16:02:16 - [TEST_STEP][PASSED] - setText: Text 'test@liferay.com' is set on object 'Object Repository/Final Object Repo/Login Page/Internal User/Email Address'

2018-12-05 16:02:16 - [MESSAGE][PASSED] - Text 'test@liferay.com' is set on object 'Object Repository/Final Object Repo/Login Page/Internal User/Email Address'

2018-12-05 16:02:16 - [TEST_STEP][PASSED] - click: Object: 'Object Repository/Final Object Repo/Login Page/Internal User/Next Button' is clicked on

2018-12-05 16:02:16 - [MESSAGE][PASSED] - Object: 'Object Repository/Final Object Repo/Login Page/Internal User/Next Button' is clicked on

2018-12-05 16:02:16 - [TEST_STEP][PASSED] - delay: Delayed 2 second(s)

2018-12-05 16:02:18 - [MESSAGE][PASSED] - Delayed 2 second(s)

2018-12-05 16:02:18 - [TEST_STEP][PASSED] - setText: Text 'test' is set on object 'Object Repository/Final Object Repo/Login Page/Internal User/Password'

2018-12-05 16:02:19 - [MESSAGE][PASSED] - Text 'test' is set on object 'Object Repository/Final Object Repo/Login Page/Internal User/Password'

2018-12-05 16:02:19 - [TEST_STEP][PASSED] - delay: Delayed 2 second(s)

2018-12-05 16:02:21 - [MESSAGE][PASSED] - Delayed 2 second(s)

2018-12-05 16:02:21 - [TEST_STEP][PASSED] - click: Object: 'Object Repository/Final Object Repo/Login Page/Internal User/Login Button' is clicked on

2018-12-05 16:02:21 - [MESSAGE][PASSED] - Object: 'Object Repository/Final Object Repo/Login Page/Internal User/Login Button' is clicked on

2018-12-05 16:02:21 - [TEST_STEP][PASSED] - Statement - tester = com.kms.katalon.core.testobject.ObjectRepository.findTestObject(Final Object Repo/Landing Page/Select to English): Finding Test Object with id 'Object Repository/Final Object Repo/Landing Page/Select to English'

2018-12-05 16:02:21 - [TEST_STEP][PASSED] - Statement - Try: Delayed 2 second(s)

2018-12-05 16:02:21 - [TEST_STEP][PASSED] - Statement - Checker = com.kms.katalon.core.webui.keyword.WebUiBuiltInKeywords.verifyElementNotPresent(tester, 3): Web element with id: 'Object Repository/Final Object Repo/Landing Page/Select to English' located by 'By.xpath: //a[@class = 'taglib-language-list-text' and @lang = 'en-US' and (contains(text(), 'EN') or contains(., 'EN'))]' is not present after '3' second(s)

2018-12-05 16:02:23 - [MESSAGE][PASSED] - Web element with id: 'Object Repository/Final Object Repo/Landing Page/Select to English' located by 'By.xpath: //a[@class = 'taglib-language-list-text' and @lang = 'en-US' and (contains(text(), 'EN') or contains(., 'EN'))]' is not present after '3' second(s)

2018-12-05 16:02:23 - [TEST_STEP][PASSED] - Statement - If (Checker == false): null

2018-12-05 16:02:23 - [TEST_STEP][PASSED] - delay: Delayed 2 second(s)

2018-12-05 16:02:25 - [MESSAGE][PASSED] - Delayed 2 second(s)

2018-12-05 16:02:25 - [TEST_STEP][PASSED] - delay: Delayed 5 second(s)

2018-12-05 16:02:30 - [MESSAGE][PASSED] - Delayed 5 second(s)

2018-12-05 16:02:30 - [TEST_STEP][PASSED] - mouseOver: Object: 'Object Repository/Final Object Repo/Landing Page/WorkFlow Menu' is hovered

2018-12-05 16:02:30 - [MESSAGE][PASSED] - Object: 'Object Repository/Final Object Repo/Landing Page/WorkFlow Menu' is hovered

2018-12-05 16:02:30 - [TEST_STEP][PASSED] - delay: Delayed 2 second(s)

2018-12-05 16:02:32 - [MESSAGE][PASSED] - Delayed 2 second(s)

2018-12-05 16:02:32 - [TEST_STEP][PASSED] - click: Object: 'Object Repository/Final Object Repo/Landing Page/Select to Workflow Listing' is clicked on

2018-12-05 16:02:33 - [MESSAGE][PASSED] - Object: 'Object Repository/Final Object Repo/Landing Page/Select to Workflow Listing' is clicked on

2018-12-05 16:02:33 - [TEST_STEP][PASSED] - delay: Delayed 2 second(s)

2018-12-05 16:02:35 - [MESSAGE][PASSED] - Delayed 2 second(s)

2018-12-05 16:02:35 - [TEST_STEP][PASSED] - click: Object: 'Object Repository/Final Object Repo/WorkFlow Listing Page/Search Information - To Put Ref No' is clicked on

2018-12-05 16:02:35 - [MESSAGE][PASSED] - Object: 'Object Repository/Final Object Repo/WorkFlow Listing Page/Search Information - To Put Ref No' is clicked on

2018-12-05 16:02:35 - [TEST_STEP][PASSED] - delay: Delayed 2 second(s)

2018-12-05 16:02:37 - [MESSAGE][PASSED] - Delayed 2 second(s)

2018-12-05 16:02:37 - [TEST_STEP][PASSED] - callTestCase: Call Test Case 'Test Cases/Final Aug 2018 - PKS Automation/Common/Reference Number Getter' successfully

2018-12-05 16:02:38 - [TEST_CASE][PASSED] - Test Cases/Final Aug 2018 - PKS Automation/Common/Reference Number Getter: Test Cases/Final Aug 2018 - PKS Automation/Common/Reference Number Getter

2018-12-05 16:02:38 - [TEST_STEP][PASSED] - Statement - Try: null

2018-12-05 16:02:38 - [TEST_STEP][PASSED] - Statement - RefNo = new java.io.File(C://Users//Admin//Desktop//PKS//Automation Reference Point//KatalonReference.txt): null

2018-12-05 16:02:38 - [TEST_STEP][PASSED] - Statement - bufferread = new java.io.BufferedReader(new java.io.FileReader(RefNo)): null

2018-12-05 16:02:38 - [TEST_STEP][PASSED] - Statement - readedVal = bufferread.readLine(): null

2018-12-05 16:02:38 - [TEST_STEP][PASSED] - Statement - out.println(CaseReferenceNo): null

2018-12-05 16:02:38 - [TEST_STEP][PASSED] - Statement - out.println(readedVal): null

2018-12-05 16:02:38 - [TEST_STEP][PASSED] - Statement - CaseReferenceNo = "": null

2018-12-05 16:02:38 - [TEST_STEP][PASSED] - Statement - CaseReferenceNo = readedVal: null

2018-12-05 16:02:38 - [MESSAGE][PASSED] - Call Test Case 'Test Cases/Final Aug 2018 - PKS Automation/Common/Reference Number Getter' successfully

2018-12-05 16:02:38 - [TEST_STEP][PASSED] - setText: Text 'SSN12201800001161' is set on object 'Object Repository/Final Object Repo/WorkFlow Listing Page/Ref No Set Text'

2018-12-05 16:02:38 - [MESSAGE][PASSED] - Text 'SSN12201800001161' is set on object 'Object Repository/Final Object Repo/WorkFlow Listing Page/Ref No Set Text'

2018-12-05 16:02:38 - [TEST_STEP][PASSED] - delay: Delayed 2 second(s)

2018-12-05 16:02:40 - [MESSAGE][PASSED] - Delayed 2 second(s)

2018-12-05 16:02:40 - [TEST_STEP][PASSED] - click: Object: 'Object Repository/Final Object Repo/WorkFlow Listing Page/Search Ref No Search Button' is clicked on

2018-12-05 16:02:40 - [MESSAGE][PASSED] - Object: 'Object Repository/Final Object Repo/WorkFlow Listing Page/Search Ref No Search Button' is clicked on

2018-12-05 16:02:40 - [TEST_STEP][PASSED] - delay: Delayed 6 second(s)

2018-12-05 16:02:46 - [MESSAGE][PASSED] - Delayed 6 second(s)

2018-12-05 16:02:46 - [TEST_STEP][PASSED] - click: Object: 'Object Repository/Final Object Repo/WorkFlow Listing Page/Click Continue Tooltip' is clicked on

2018-12-05 16:02:47 - [MESSAGE][PASSED] - Object: 'Object Repository/Final Object Repo/WorkFlow Listing Page/Click Continue Tooltip' is clicked on

2018-12-05 16:02:47 - [TEST_STEP][PASSED] - delay: Delayed 5 second(s)

2018-12-05 16:02:52 - [MESSAGE][PASSED] - Delayed 5 second(s)

2018-12-05 16:02:52 - [TEST_STEP][PASSED] - doubleClick: Object: 'Object Repository/Final Object Repo/WorkFlow Listing Page/Workflow Found - Listing 1' is double clicked on

2018-12-05 16:02:52 - [MESSAGE][PASSED] - Object: 'Object Repository/Final Object Repo/WorkFlow Listing Page/Workflow Found - Listing 1' is double clicked on

2018-12-05 16:02:52 - [TEST_STEP][PASSED] - Statement - println(OwnerID): null

2018-12-05 16:02:52 - [TEST_STEP][PASSED] - Statement - OwnerID = com.kms.katalon.core.webui.keyword.WebUiBuiltInKeywords.getText(com.kms.katalon.core.testobject.ObjectRepository.findTestObject(Final Object Repo/WorkFlow Listing Page/Workflow Found - Listing 1), STOP_ON_FAILURE): Text of object 'Object Repository/Final Object Repo/WorkFlow Listing Page/Workflow Found - Listing 1' is: 'JOHORrio3'

2018-12-05 16:02:52 - [MESSAGE][PASSED] - Text of object 'Object Repository/Final Object Repo/WorkFlow Listing Page/Workflow Found - Listing 1' is: 'JOHORrio3'

2018-12-05 16:02:52 - [TEST_STEP][PASSED] - Statement - OwnerID = OwnerID.toLowerCase() + "@gmail.com": null

2018-12-05 16:02:52 - [TEST_STEP][PASSED] - Statement - println(OwnerID): null

2018-12-05 16:02:52 - [TEST_STEP][PASSED] - delay: Delayed 2 second(s)

2018-12-05 16:02:54 - [MESSAGE][PASSED] - Delayed 2 second(s)

2018-12-05 16:02:54 - [MESSAGE][PASSED] - Call Test Case 'Test Cases/Final Aug 2018 - PKS Automation/Common/Workflow Owner Finder' successfully

2018-12-05 16:02:54 - [TEST_STEP][PASSED] - delay: Delayed 2 second(s)

2018-12-05 16:02:56 - [MESSAGE][PASSED] - Delayed 2 second(s)

2018-12-05 16:02:56 - [TEST_STEP][PASSED] - navigateToUrl: Navigate to 'https://assist2-uat.perkeso.gov.my/c/portal/logout' successfully

2018-12-05 16:02:57 - [MESSAGE][PASSED] - Navigate to 'https://assist2-uat.perkeso.gov.my/c/portal/logout' successfully

2018-12-05 16:02:57 - [TEST_STEP][PASSED] - delay: Delayed 2 second(s)

2018-12-05 16:02:59 - [MESSAGE][PASSED] - Delayed 2 second(s)

2018-12-05 16:02:59 - [TEST_STEP][PASSED] - callTestCase: Call Test Case 'Test Cases/Final Aug 2018 - PKS Automation/Registration Module/Workflow/Login and Search Case For Workflow' successfully

2018-12-05 16:02:59 - [TEST_CASE][PASSED] - Test Cases/Final Aug 2018 - PKS Automation/Registration Module/Workflow/Login and Search Case For Workflow: Test Cases/Final Aug 2018 - PKS Automation/Registration Module/Workflow/Login and Search Case For Workflow

2018-12-05 16:02:59 - [TEST_STEP][PASSED] - navigateToUrl: Navigate to 'https://assist2-uat.perkeso.gov.my/login' successfully

2018-12-05 16:03:00 - [MESSAGE][PASSED] - Navigate to 'https://assist2-uat.perkeso.gov.my/login' successfully

2018-12-05 16:03:00 - [TEST_STEP][PASSED] - setText: Text 'johorrio3@gmail.com' is set on object 'Object Repository/Final Object Repo/Login Page/Internal User/Email Address'

2018-12-05 16:03:00 - [MESSAGE][PASSED] - Text 'johorrio3@gmail.com' is set on object 'Object Repository/Final Object Repo/Login Page/Internal User/Email Address'

2018-12-05 16:03:00 - [TEST_STEP][PASSED] - click: Object: 'Object Repository/Final Object Repo/Login Page/Internal User/Next Button' is clicked on

2018-12-05 16:03:01 - [MESSAGE][PASSED] - Object: 'Object Repository/Final Object Repo/Login Page/Internal User/Next Button' is clicked on

2018-12-05 16:03:01 - [TEST_STEP][PASSED] - delay: Delayed 1 second(s)

2018-12-05 16:03:02 - [MESSAGE][PASSED] - Delayed 1 second(s)

2018-12-05 16:03:02 - [TEST_STEP][PASSED] - setEncryptedText: Text ****** has been set on object 'Object Repository/Final Object Repo/Login Page/Internal User/Password'

2018-12-05 16:03:02 - [MESSAGE][PASSED] - Text ****** has been set on object 'Object Repository/Final Object Repo/Login Page/Internal User/Password'

2018-12-05 16:03:02 - [TEST_STEP][PASSED] - click: Object: 'Object Repository/Final Object Repo/Login Page/Internal User/Login Button' is clicked on

2018-12-05 16:03:02 - [MESSAGE][PASSED] - Object: 'Object Repository/Final Object Repo/Login Page/Internal User/Login Button' is clicked on

2018-12-05 16:03:02 - [TEST_STEP][PASSED] - delay: Delayed 2 second(s)

2018-12-05 16:03:04 - [MESSAGE][PASSED] - Delayed 2 second(s)

2018-12-05 16:03:04 - [TEST_STEP][PASSED] - Statement - Try: Delayed 2 second(s)

2018-12-05 16:03:04 - [TEST_STEP][PASSED] - Statement - Checker = false: null

2018-12-05 16:03:04 - [TEST_STEP][PASSED] - Statement - Checker = com.kms.katalon.core.webui.keyword.WebUiBuiltInKeywords.verifyElementHasAttribute(com.kms.katalon.core.testobject.ObjectRepository.findTestObject(Final Object Repo/Landing Page/BM Detecting), "href", 20, OPTIONAL): Object 'Object Repository/Final Object Repo/Landing Page/BM Detecting' has attribute 'href'

2018-12-05 16:03:04 - [MESSAGE][PASSED] - Object 'Object Repository/Final Object Repo/Landing Page/BM Detecting' has attribute 'href'

2018-12-05 16:03:04 - [TEST_STEP][PASSED] - Statement - out.println(Checker): null

2018-12-05 16:03:04 - [TEST_STEP][PASSED] - Statement - If (Checker == false): null

2018-12-05 16:03:04 - [TEST_STEP][PASSED] - Statement - Else: null

2018-12-05 16:03:04 - [TEST_STEP][PASSED] - delay: Delayed 2 second(s)

2018-12-05 16:03:06 - [MESSAGE][PASSED] - Delayed 2 second(s)

2018-12-05 16:03:06 - [TEST_STEP][PASSED] - click: Object: 'Object Repository/Final Object Repo/Page_MyASSIST - ASSIST - Search Pending Case For Add Supporting Document/Search Information' is clicked on

2018-12-05 16:03:06 - [MESSAGE][PASSED] - Object: 'Object Repository/Final Object Repo/Page_MyASSIST - ASSIST - Search Pending Case For Add Supporting Document/Search Information' is clicked on

2018-12-05 16:03:06 - [TEST_STEP][PASSED] - delay: Delayed 3 second(s)

2018-12-05 16:03:09 - [MESSAGE][PASSED] - Delayed 3 second(s)

2018-12-05 16:03:09 - [TEST_STEP][PASSED] - sendKeys: Keys 'SSN12201800001161' sent to object: 'Object Repository/Final Object Repo/Page_MyASSIST - ASSIST - Search Pending Case For Add Supporting Document/Reference No'

2018-12-05 16:03:10 - [MESSAGE][PASSED] - Keys 'SSN12201800001161' sent to object: 'Object Repository/Final Object Repo/Page_MyASSIST - ASSIST - Search Pending Case For Add Supporting Document/Reference No'

2018-12-05 16:03:10 - [TEST_STEP][PASSED] - click: Object: 'Object Repository/Final Object Repo/Page_MyASSIST - ASSIST - Search Pending Case For Add Supporting Document/Search Reference No' is clicked on

2018-12-05 16:03:10 - [MESSAGE][PASSED] - Object: 'Object Repository/Final Object Repo/Page_MyASSIST - ASSIST - Search Pending Case For Add Supporting Document/Search Reference No' is clicked on

2018-12-05 16:03:10 - [TEST_STEP][PASSED] - delay: Delayed 2 second(s)

2018-12-05 16:03:12 - [MESSAGE][PASSED] - Delayed 2 second(s)

2018-12-05 16:03:12 - [TEST_STEP][PASSED] - click: Object: 'Object Repository/Final Object Repo/Page_MyASSIST - ASSIST - Search Pending Case For Add Supporting Document/Continue' is clicked on

2018-12-05 16:03:19 - [MESSAGE][PASSED] - Object: 'Object Repository/Final Object Repo/Page_MyASSIST - ASSIST - Search Pending Case For Add Supporting Document/Continue' is clicked on

2018-12-05 16:03:19 - [TEST_STEP][PASSED] - delay: Delayed 20 second(s)

2018-12-05 16:03:39 - [MESSAGE][PASSED] - Delayed 20 second(s)

2018-12-05 16:03:39 - [MESSAGE][PASSED] - Call Test Case 'Test Cases/Final Aug 2018 - PKS Automation/Registration Module/Workflow/Login and Search Case For Workflow' successfully

2018-12-05 16:03:39 - [TEST_STEP][PASSED] - callTestCase: Call Test Case 'Test Cases/Final Aug 2018 - PKS Automation/Registration Module/Workflow/Request SSN/Template/Request SSN - RIO' successfully

2018-12-05 16:03:39 - [TEST_CASE][PASSED] - Test Cases/Final Aug 2018 - PKS Automation/Registration Module/Workflow/Request SSN/Template/Request SSN - RIO: Test Cases/Final Aug 2018 - PKS Automation/Registration Module/Workflow/Request SSN/Template/Request SSN - RIO

2018-12-05 16:03:39 - [TEST_STEP][NOT_RUN] - openBrowser: NOT_RUN: openBrowser

2018-12-05 16:03:39 - [MESSAGE][NOT_RUN] - NOT_RUN: openBrowser

2018-12-05 16:03:39 - [TEST_STEP][NOT_RUN] - navigateToUrl: NOT_RUN: navigateToUrl

2018-12-05 16:03:39 - [MESSAGE][NOT_RUN] - NOT_RUN: navigateToUrl

2018-12-05 16:03:39 - [TEST_STEP][NOT_RUN] - setText: NOT_RUN: setText

2018-12-05 16:03:39 - [MESSAGE][NOT_RUN] - NOT_RUN: setText

2018-12-05 16:03:39 - [TEST_STEP][NOT_RUN] - click: NOT_RUN: click

2018-12-05 16:03:39 - [MESSAGE][NOT_RUN] - NOT_RUN: click

2018-12-05 16:03:39 - [TEST_STEP][NOT_RUN] - delay: NOT_RUN: delay

2018-12-05 16:03:39 - [MESSAGE][NOT_RUN] - NOT_RUN: delay

2018-12-05 16:03:39 - [TEST_STEP][NOT_RUN] - setEncryptedText: NOT_RUN: setEncryptedText

2018-12-05 16:03:39 - [MESSAGE][NOT_RUN] - NOT_RUN: setEncryptedText

2018-12-05 16:03:39 - [TEST_STEP][NOT_RUN] - click: NOT_RUN: click

2018-12-05 16:03:39 - [MESSAGE][NOT_RUN] - NOT_RUN: click

2018-12-05 16:03:39 - [TEST_STEP][NOT_RUN] - delay: NOT_RUN: delay

2018-12-05 16:03:39 - [MESSAGE][NOT_RUN] - NOT_RUN: delay

2018-12-05 16:03:39 - [TEST_STEP][NOT_RUN] - click: NOT_RUN: click

2018-12-05 16:03:39 - [MESSAGE][NOT_RUN] - NOT_RUN: click

2018-12-05 16:03:39 - [TEST_STEP][NOT_RUN] - sendKeys: NOT_RUN: sendKeys

2018-12-05 16:03:39 - [MESSAGE][NOT_RUN] - NOT_RUN: sendKeys

2018-12-05 16:03:39 - [TEST_STEP][NOT_RUN] - click: NOT_RUN: click

2018-12-05 16:03:39 - [MESSAGE][NOT_RUN] - NOT_RUN: click

2018-12-05 16:03:39 - [TEST_STEP][NOT_RUN] - delay: NOT_RUN: delay

2018-12-05 16:03:39 - [MESSAGE][NOT_RUN] - NOT_RUN: delay

2018-12-05 16:03:39 - [TEST_STEP][NOT_RUN] - click: NOT_RUN: click

2018-12-05 16:03:39 - [MESSAGE][NOT_RUN] - NOT_RUN: click

2018-12-05 16:03:39 - [TEST_STEP][PASSED] - click: Object: 'Object Repository/Final Object Repo/Page_Request SSN - ASSIST/Page_Request SSN - ASSIST - RIO/Recommend For SSN' is clicked on

2018-12-05 16:03:39 - [MESSAGE][PASSED] - Object: 'Object Repository/Final Object Repo/Page_Request SSN - ASSIST/Page_Request SSN - ASSIST - RIO/Recommend For SSN' is clicked on

2018-12-05 16:03:39 - [TEST_STEP][PASSED] - click: Object: 'Object Repository/Final Object Repo/Page_Request SSN - ASSIST/Page_Request SSN - ASSIST - RIO/Recommend For SSN  - Yes' is clicked on

2018-12-05 16:03:39 - [MESSAGE][PASSED] - Object: 'Object Repository/Final Object Repo/Page_Request SSN - ASSIST/Page_Request SSN - ASSIST - RIO/Recommend For SSN  - Yes' is clicked on

2018-12-05 16:03:39 - [TEST_STEP][PASSED] - delay: Delayed 2 second(s)

2018-12-05 16:03:41 - [MESSAGE][PASSED] - Delayed 2 second(s)

2018-12-05 16:03:41 - [TEST_STEP][PASSED] - click: Object: 'Object Repository/Final Object Repo/Page_Request SSN - ASSIST/Page_Request SSN - ASSIST - RIO/Save  Continue in SSN page' is clicked on

2018-12-05 16:03:42 - [MESSAGE][PASSED] - Object: 'Object Repository/Final Object Repo/Page_Request SSN - ASSIST/Page_Request SSN - ASSIST - RIO/Save  Continue in SSN page' is clicked on

2018-12-05 16:03:42 - [TEST_STEP][PASSED] - delay: Delayed 2 second(s)

2018-12-05 16:03:44 - [MESSAGE][PASSED] - Delayed 2 second(s)

2018-12-05 16:03:44 - [TEST_STEP][PASSED] - click: Object: 'Object Repository/Final Object Repo/Page_Request SSN - ASSIST/Page_Request SSN - ASSIST - RIO/Save  Continue in Upload Document Page' is clicked on

2018-12-05 16:03:46 - [MESSAGE][PASSED] - Object: 'Object Repository/Final Object Repo/Page_Request SSN - ASSIST/Page_Request SSN - ASSIST - RIO/Save  Continue in Upload Document Page' is clicked on

2018-12-05 16:03:46 - [TEST_STEP][PASSED] - delay: Delayed 2 second(s)

2018-12-05 16:03:48 - [MESSAGE][PASSED] - Delayed 2 second(s)

2018-12-05 16:03:48 - [TEST_STEP][PASSED] - click: Object: 'Object Repository/Final Object Repo/Page_Request SSN - ASSIST/Page_Request SSN - ASSIST - RIO/Submit' is clicked on

2018-12-05 16:03:50 - [MESSAGE][PASSED] - Object: 'Object Repository/Final Object Repo/Page_Request SSN - ASSIST/Page_Request SSN - ASSIST - RIO/Submit' is clicked on

2018-12-05 16:03:50 - [TEST_STEP][PASSED] - delay: Delayed 2 second(s)

2018-12-05 16:03:52 - [MESSAGE][PASSED] - Delayed 2 second(s)

2018-12-05 16:03:52 - [TEST_STEP][PASSED] - click: Object: 'Object Repository/Final Object Repo/Page_Request SSN - ASSIST/Page_Request SSN - ASSIST - RIO/Confirm' is clicked on

2018-12-05 16:03:53 - [MESSAGE][PASSED] - Object: 'Object Repository/Final Object Repo/Page_Request SSN - ASSIST/Page_Request SSN - ASSIST - RIO/Confirm' is clicked on

2018-12-05 16:03:53 - [MESSAGE][PASSED] - Call Test Case 'Test Cases/Final Aug 2018 - PKS Automation/Registration Module/Workflow/Request SSN/Template/Request SSN - RIO' successfully

2018-12-05 16:03:53 - [TEST_STEP][PASSED] - delay: Delayed 2 second(s)

2018-12-05 16:03:55 - [MESSAGE][PASSED] - Delayed 2 second(s)

2018-12-05 16:03:55 - [TEST_STEP][PASSED] - navigateToUrl: Navigate to 'https://assist2-uat.perkeso.gov.my/c/portal/logout' successfully

2018-12-05 16:04:00 - [MESSAGE][PASSED] - Navigate to 'https://assist2-uat.perkeso.gov.my/c/portal/logout' successfully

2018-12-05 16:04:00 - [TEST_STEP][PASSED] - delay: Delayed 2 second(s)

2018-12-05 16:04:02 - [MESSAGE][PASSED] - Delayed 2 second(s)

2018-12-05 16:04:02 - [TEST_STEP][PASSED] - callTestCase: Call Test Case 'Test Cases/Final Aug 2018 - PKS Automation/Common/Workflow Owner Finder' successfully

2018-12-05 16:04:02 - [TEST_CASE][PASSED] - Test Cases/Final Aug 2018 - PKS Automation/Common/Workflow Owner Finder: Test Cases/Final Aug 2018 - PKS Automation/Common/Workflow Owner Finder

2018-12-05 16:04:02 - [TEST_STEP][PASSED] - openBrowser: Browser is opened with url: ''

2018-12-05 16:04:02 - [MESSAGE][WARNING] - A browser is already opened. Closing browser and opening a new one

2018-12-05 16:04:05 - [MESSAGE][PASSED] - Browser is opened with url: ''

2018-12-05 16:04:05 - [TEST_STEP][PASSED] - navigateToUrl: Navigate to 'https://assist2-uat.perkeso.gov.my/login' successfully

2018-12-05 16:04:06 - [MESSAGE][PASSED] - Navigate to 'https://assist2-uat.perkeso.gov.my/login' successfully

2018-12-05 16:04:06 - [TEST_STEP][PASSED] - delay: Delayed 5 second(s)

2018-12-05 16:04:11 - [MESSAGE][PASSED] - Delayed 5 second(s)

2018-12-05 16:04:11 - [TEST_STEP][PASSED] - setText: Text 'test@liferay.com' is set on object 'Object Repository/Final Object Repo/Login Page/Internal User/Email Address'

2018-12-05 16:04:11 - [MESSAGE][PASSED] - Text 'test@liferay.com' is set on object 'Object Repository/Final Object Repo/Login Page/Internal User/Email Address'

2018-12-05 16:04:11 - [TEST_STEP][PASSED] - click: Object: 'Object Repository/Final Object Repo/Login Page/Internal User/Next Button' is clicked on

2018-12-05 16:04:11 - [MESSAGE][PASSED] - Object: 'Object Repository/Final Object Repo/Login Page/Internal User/Next Button' is clicked on

2018-12-05 16:04:11 - [TEST_STEP][PASSED] - delay: Delayed 2 second(s)

2018-12-05 16:04:13 - [MESSAGE][PASSED] - Delayed 2 second(s)

2018-12-05 16:04:13 - [TEST_STEP][PASSED] - setText: Text 'test' is set on object 'Object Repository/Final Object Repo/Login Page/Internal User/Password'

2018-12-05 16:04:13 - [MESSAGE][PASSED] - Text 'test' is set on object 'Object Repository/Final Object Repo/Login Page/Internal User/Password'

2018-12-05 16:04:13 - [TEST_STEP][PASSED] - delay: Delayed 2 second(s)

2018-12-05 16:04:15 - [MESSAGE][PASSED] - Delayed 2 second(s)

2018-12-05 16:04:15 - [TEST_STEP][PASSED] - click: Object: 'Object Repository/Final Object Repo/Login Page/Internal User/Login Button' is clicked on

2018-12-05 16:04:16 - [MESSAGE][PASSED] - Object: 'Object Repository/Final Object Repo/Login Page/Internal User/Login Button' is clicked on

2018-12-05 16:04:16 - [TEST_STEP][PASSED] - Statement - tester = com.kms.katalon.core.testobject.ObjectRepository.findTestObject(Final Object Repo/Landing Page/Select to English): Finding Test Object with id 'Object Repository/Final Object Repo/Landing Page/Select to English'

2018-12-05 16:04:16 - [TEST_STEP][PASSED] - Statement - Try: Delayed 2 second(s)

2018-12-05 16:04:16 - [TEST_STEP][PASSED] - Statement - Checker = com.kms.katalon.core.webui.keyword.WebUiBuiltInKeywords.verifyElementNotPresent(tester, 3): Web element with id: 'Object Repository/Final Object Repo/Landing Page/Select to English' located by 'By.xpath: //a[@class = 'taglib-language-list-text' and @lang = 'en-US' and (contains(text(), 'EN') or contains(., 'EN'))]' is not present after '3' second(s)

2018-12-05 16:04:18 - [MESSAGE][PASSED] - Web element with id: 'Object Repository/Final Object Repo/Landing Page/Select to English' located by 'By.xpath: //a[@class = 'taglib-language-list-text' and @lang = 'en-US' and (contains(text(), 'EN') or contains(., 'EN'))]' is not present after '3' second(s)

2018-12-05 16:04:18 - [TEST_STEP][PASSED] - Statement - If (Checker == false): null

2018-12-05 16:04:18 - [TEST_STEP][PASSED] - delay: Delayed 2 second(s)

2018-12-05 16:04:20 - [MESSAGE][PASSED] - Delayed 2 second(s)

2018-12-05 16:04:20 - [TEST_STEP][PASSED] - delay: Delayed 5 second(s)

2018-12-05 16:04:25 - [MESSAGE][PASSED] - Delayed 5 second(s)

2018-12-05 16:04:25 - [TEST_STEP][PASSED] - mouseOver: Object: 'Object Repository/Final Object Repo/Landing Page/WorkFlow Menu' is hovered

2018-12-05 16:04:25 - [MESSAGE][PASSED] - Object: 'Object Repository/Final Object Repo/Landing Page/WorkFlow Menu' is hovered

2018-12-05 16:04:25 - [TEST_STEP][PASSED] - delay: Delayed 2 second(s)

2018-12-05 16:04:27 - [MESSAGE][PASSED] - Delayed 2 second(s)

2018-12-05 16:04:27 - [TEST_STEP][PASSED] - click: Object: 'Object Repository/Final Object Repo/Landing Page/Select to Workflow Listing' is clicked on

2018-12-05 16:04:28 - [MESSAGE][PASSED] - Object: 'Object Repository/Final Object Repo/Landing Page/Select to Workflow Listing' is clicked on

2018-12-05 16:04:28 - [TEST_STEP][PASSED] - delay: Delayed 2 second(s)

2018-12-05 16:04:30 - [MESSAGE][PASSED] - Delayed 2 second(s)

2018-12-05 16:04:30 - [TEST_STEP][PASSED] - click: Object: 'Object Repository/Final Object Repo/WorkFlow Listing Page/Search Information - To Put Ref No' is clicked on

2018-12-05 16:04:30 - [MESSAGE][PASSED] - Object: 'Object Repository/Final Object Repo/WorkFlow Listing Page/Search Information - To Put Ref No' is clicked on

2018-12-05 16:04:30 - [TEST_STEP][PASSED] - delay: Delayed 2 second(s)

2018-12-05 16:04:32 - [MESSAGE][PASSED] - Delayed 2 second(s)

2018-12-05 16:04:32 - [TEST_STEP][PASSED] - callTestCase: Call Test Case 'Test Cases/Final Aug 2018 - PKS Automation/Common/Reference Number Getter' successfully

2018-12-05 16:04:32 - [TEST_CASE][PASSED] - Test Cases/Final Aug 2018 - PKS Automation/Common/Reference Number Getter: Test Cases/Final Aug 2018 - PKS Automation/Common/Reference Number Getter

2018-12-05 16:04:32 - [TEST_STEP][PASSED] - Statement - Try: null

2018-12-05 16:04:32 - [TEST_STEP][PASSED] - Statement - RefNo = new java.io.File(C://Users//Admin//Desktop//PKS//Automation Reference Point//KatalonReference.txt): null

2018-12-05 16:04:32 - [TEST_STEP][PASSED] - Statement - bufferread = new java.io.BufferedReader(new java.io.FileReader(RefNo)): null

2018-12-05 16:04:32 - [TEST_STEP][PASSED] - Statement - readedVal = bufferread.readLine(): null

2018-12-05 16:04:32 - [TEST_STEP][PASSED] - Statement - out.println(CaseReferenceNo): null

2018-12-05 16:04:32 - [TEST_STEP][PASSED] - Statement - out.println(readedVal): null

2018-12-05 16:04:32 - [TEST_STEP][PASSED] - Statement - CaseReferenceNo = "": null

2018-12-05 16:04:32 - [TEST_STEP][PASSED] - Statement - CaseReferenceNo = readedVal: null

2018-12-05 16:04:32 - [MESSAGE][PASSED] - Call Test Case 'Test Cases/Final Aug 2018 - PKS Automation/Common/Reference Number Getter' successfully

2018-12-05 16:04:32 - [TEST_STEP][PASSED] - setText: Text 'SSN12201800001161' is set on object 'Object Repository/Final Object Repo/WorkFlow Listing Page/Ref No Set Text'

2018-12-05 16:04:33 - [MESSAGE][PASSED] - Text 'SSN12201800001161' is set on object 'Object Repository/Final Object Repo/WorkFlow Listing Page/Ref No Set Text'

2018-12-05 16:04:33 - [TEST_STEP][PASSED] - delay: Delayed 2 second(s)

2018-12-05 16:04:35 - [MESSAGE][PASSED] - Delayed 2 second(s)

2018-12-05 16:04:35 - [TEST_STEP][PASSED] - click: Object: 'Object Repository/Final Object Repo/WorkFlow Listing Page/Search Ref No Search Button' is clicked on

2018-12-05 16:04:35 - [MESSAGE][PASSED] - Object: 'Object Repository/Final Object Repo/WorkFlow Listing Page/Search Ref No Search Button' is clicked on

2018-12-05 16:04:35 - [TEST_STEP][PASSED] - delay: Delayed 6 second(s)

2018-12-05 16:04:41 - [MESSAGE][PASSED] - Delayed 6 second(s)

2018-12-05 16:04:41 - [TEST_STEP][PASSED] - click: Object: 'Object Repository/Final Object Repo/WorkFlow Listing Page/Click Continue Tooltip' is clicked on

2018-12-05 16:04:42 - [MESSAGE][PASSED] - Object: 'Object Repository/Final Object Repo/WorkFlow Listing Page/Click Continue Tooltip' is clicked on

2018-12-05 16:04:42 - [TEST_STEP][PASSED] - delay: Delayed 5 second(s)

2018-12-05 16:04:47 - [MESSAGE][PASSED] - Delayed 5 second(s)

2018-12-05 16:04:47 - [TEST_STEP][PASSED] - doubleClick: Object: 'Object Repository/Final Object Repo/WorkFlow Listing Page/Workflow Found - Listing 1' is double clicked on

2018-12-05 16:04:47 - [MESSAGE][PASSED] - Object: 'Object Repository/Final Object Repo/WorkFlow Listing Page/Workflow Found - Listing 1' is double clicked on

2018-12-05 16:04:47 - [TEST_STEP][PASSED] - Statement - println(OwnerID): null

2018-12-05 16:04:47 - [TEST_STEP][PASSED] - Statement - OwnerID = com.kms.katalon.core.webui.keyword.WebUiBuiltInKeywords.getText(com.kms.katalon.core.testobject.ObjectRepository.findTestObject(Final Object Repo/WorkFlow Listing Page/Workflow Found - Listing 1), STOP_ON_FAILURE): Text of object 'Object Repository/Final Object Repo/WorkFlow Listing Page/Workflow Found - Listing 1' is: 'JOHORro1'

2018-12-05 16:04:47 - [MESSAGE][PASSED] - Text of object 'Object Repository/Final Object Repo/WorkFlow Listing Page/Workflow Found - Listing 1' is: 'JOHORro1'

2018-12-05 16:04:47 - [TEST_STEP][PASSED] - Statement - OwnerID = OwnerID.toLowerCase() + "@gmail.com": null

2018-12-05 16:04:47 - [TEST_STEP][PASSED] - Statement - println(OwnerID): null

2018-12-05 16:04:47 - [TEST_STEP][PASSED] - delay: Delayed 2 second(s)

2018-12-05 16:04:49 - [MESSAGE][PASSED] - Delayed 2 second(s)

2018-12-05 16:04:49 - [MESSAGE][PASSED] - Call Test Case 'Test Cases/Final Aug 2018 - PKS Automation/Common/Workflow Owner Finder' successfully

2018-12-05 16:04:49 - [TEST_STEP][PASSED] - delay: Delayed 2 second(s)

2018-12-05 16:04:51 - [MESSAGE][PASSED] - Delayed 2 second(s)

2018-12-05 16:04:51 - [TEST_STEP][PASSED] - navigateToUrl: Navigate to 'https://assist2-uat.perkeso.gov.my/c/portal/logout' successfully

2018-12-05 16:04:52 - [MESSAGE][PASSED] - Navigate to 'https://assist2-uat.perkeso.gov.my/c/portal/logout' successfully

2018-12-05 16:04:52 - [TEST_STEP][PASSED] - delay: Delayed 2 second(s)

2018-12-05 16:04:54 - [MESSAGE][PASSED] - Delayed 2 second(s)

2018-12-05 16:04:54 - [TEST_STEP][PASSED] - callTestCase: Call Test Case 'Test Cases/Final Aug 2018 - PKS Automation/Registration Module/Workflow/Login and Search Case For Workflow' successfully

2018-12-05 16:04:54 - [TEST_CASE][PASSED] - Test Cases/Final Aug 2018 - PKS Automation/Registration Module/Workflow/Login and Search Case For Workflow: Test Cases/Final Aug 2018 - PKS Automation/Registration Module/Workflow/Login and Search Case For Workflow

2018-12-05 16:04:54 - [TEST_STEP][PASSED] - navigateToUrl: Navigate to 'https://assist2-uat.perkeso.gov.my/login' successfully

2018-12-05 16:04:55 - [MESSAGE][PASSED] - Navigate to 'https://assist2-uat.perkeso.gov.my/login' successfully

2018-12-05 16:04:55 - [TEST_STEP][PASSED] - setText: Text 'johorro1@gmail.com' is set on object 'Object Repository/Final Object Repo/Login Page/Internal User/Email Address'

2018-12-05 16:04:55 - [MESSAGE][PASSED] - Text 'johorro1@gmail.com' is set on object 'Object Repository/Final Object Repo/Login Page/Internal User/Email Address'

2018-12-05 16:04:55 - [TEST_STEP][PASSED] - click: Object: 'Object Repository/Final Object Repo/Login Page/Internal User/Next Button' is clicked on

2018-12-05 16:04:55 - [MESSAGE][PASSED] - Object: 'Object Repository/Final Object Repo/Login Page/Internal User/Next Button' is clicked on

2018-12-05 16:04:55 - [TEST_STEP][PASSED] - delay: Delayed 1 second(s)

2018-12-05 16:04:56 - [MESSAGE][PASSED] - Delayed 1 second(s)

2018-12-05 16:04:56 - [TEST_STEP][PASSED] - setEncryptedText: Text ****** has been set on object 'Object Repository/Final Object Repo/Login Page/Internal User/Password'

2018-12-05 16:04:57 - [MESSAGE][PASSED] - Text ****** has been set on object 'Object Repository/Final Object Repo/Login Page/Internal User/Password'

2018-12-05 16:04:57 - [TEST_STEP][PASSED] - click: Object: 'Object Repository/Final Object Repo/Login Page/Internal User/Login Button' is clicked on

2018-12-05 16:04:57 - [MESSAGE][PASSED] - Object: 'Object Repository/Final Object Repo/Login Page/Internal User/Login Button' is clicked on

2018-12-05 16:04:57 - [TEST_STEP][PASSED] - delay: Delayed 2 second(s)

2018-12-05 16:04:59 - [MESSAGE][PASSED] - Delayed 2 second(s)

2018-12-05 16:04:59 - [TEST_STEP][PASSED] - Statement - Try: Delayed 2 second(s)

2018-12-05 16:04:59 - [TEST_STEP][PASSED] - Statement - Checker = false: null

2018-12-05 16:04:59 - [TEST_STEP][PASSED] - Statement - Checker = com.kms.katalon.core.webui.keyword.WebUiBuiltInKeywords.verifyElementHasAttribute(com.kms.katalon.core.testobject.ObjectRepository.findTestObject(Final Object Repo/Landing Page/BM Detecting), "href", 20, OPTIONAL): Object 'Object Repository/Final Object Repo/Landing Page/BM Detecting' has attribute 'href'

2018-12-05 16:04:59 - [MESSAGE][PASSED] - Object 'Object Repository/Final Object Repo/Landing Page/BM Detecting' has attribute 'href'

2018-12-05 16:04:59 - [TEST_STEP][PASSED] - Statement - out.println(Checker): null

2018-12-05 16:04:59 - [TEST_STEP][PASSED] - Statement - If (Checker == false): null

2018-12-05 16:04:59 - [TEST_STEP][PASSED] - Statement - Else: null

2018-12-05 16:04:59 - [TEST_STEP][PASSED] - delay: Delayed 2 second(s)

2018-12-05 16:05:01 - [MESSAGE][PASSED] - Delayed 2 second(s)

2018-12-05 16:05:01 - [TEST_STEP][PASSED] - click: Object: 'Object Repository/Final Object Repo/Page_MyASSIST - ASSIST - Search Pending Case For Add Supporting Document/Search Information' is clicked on

2018-12-05 16:05:01 - [MESSAGE][PASSED] - Object: 'Object Repository/Final Object Repo/Page_MyASSIST - ASSIST - Search Pending Case For Add Supporting Document/Search Information' is clicked on

2018-12-05 16:05:01 - [TEST_STEP][PASSED] - delay: Delayed 3 second(s)

2018-12-05 16:05:04 - [MESSAGE][PASSED] - Delayed 3 second(s)

2018-12-05 16:05:04 - [TEST_STEP][PASSED] - sendKeys: Keys 'SSN12201800001161' sent to object: 'Object Repository/Final Object Repo/Page_MyASSIST - ASSIST - Search Pending Case For Add Supporting Document/Reference No'

2018-12-05 16:05:04 - [MESSAGE][PASSED] - Keys 'SSN12201800001161' sent to object: 'Object Repository/Final Object Repo/Page_MyASSIST - ASSIST - Search Pending Case For Add Supporting Document/Reference No'

2018-12-05 16:05:04 - [TEST_STEP][PASSED] - click: Object: 'Object Repository/Final Object Repo/Page_MyASSIST - ASSIST - Search Pending Case For Add Supporting Document/Search Reference No' is clicked on

2018-12-05 16:05:04 - [MESSAGE][PASSED] - Object: 'Object Repository/Final Object Repo/Page_MyASSIST - ASSIST - Search Pending Case For Add Supporting Document/Search Reference No' is clicked on

2018-12-05 16:05:04 - [TEST_STEP][PASSED] - delay: Delayed 2 second(s)

2018-12-05 16:05:06 - [MESSAGE][PASSED] - Delayed 2 second(s)

2018-12-05 16:05:06 - [TEST_STEP][PASSED] - click: Object: 'Object Repository/Final Object Repo/Page_MyASSIST - ASSIST - Search Pending Case For Add Supporting Document/Continue' is clicked on

2018-12-05 16:05:14 - [MESSAGE][PASSED] - Object: 'Object Repository/Final Object Repo/Page_MyASSIST - ASSIST - Search Pending Case For Add Supporting Document/Continue' is clicked on

2018-12-05 16:05:14 - [TEST_STEP][PASSED] - delay: Delayed 20 second(s)

2018-12-05 16:05:34 - [MESSAGE][PASSED] - Delayed 20 second(s)

2018-12-05 16:05:34 - [MESSAGE][PASSED] - Call Test Case 'Test Cases/Final Aug 2018 - PKS Automation/Registration Module/Workflow/Login and Search Case For Workflow' successfully

2018-12-05 16:05:34 - [TEST_STEP][PASSED] - callTestCase: Call Test Case 'Test Cases/Final Aug 2018 - PKS Automation/Registration Module/Workflow/Request SSN/Template/Request SSN - RO (Under enforcement)' successfully

2018-12-05 16:05:34 - [TEST_CASE][PASSED] - Test Cases/Final Aug 2018 - PKS Automation/Registration Module/Workflow/Request SSN/Template/Request SSN - RO (Under enforcement): Test Cases/Final Aug 2018 - PKS Automation/Registration Module/Workflow/Request SSN/Template/Request SSN - RO (Under enforcement)

2018-12-05 16:05:34 - [TEST_STEP][NOT_RUN] - openBrowser: NOT_RUN: openBrowser

2018-12-05 16:05:34 - [MESSAGE][NOT_RUN] - NOT_RUN: openBrowser

2018-12-05 16:05:34 - [TEST_STEP][NOT_RUN] - navigateToUrl: NOT_RUN: navigateToUrl

2018-12-05 16:05:34 - [MESSAGE][NOT_RUN] - NOT_RUN: navigateToUrl

2018-12-05 16:05:34 - [TEST_STEP][NOT_RUN] - setText: NOT_RUN: setText

2018-12-05 16:05:34 - [MESSAGE][NOT_RUN] - NOT_RUN: setText

2018-12-05 16:05:34 - [TEST_STEP][NOT_RUN] - click: NOT_RUN: click

2018-12-05 16:05:34 - [MESSAGE][NOT_RUN] - NOT_RUN: click

2018-12-05 16:05:34 - [TEST_STEP][NOT_RUN] - delay: NOT_RUN: delay

2018-12-05 16:05:34 - [MESSAGE][NOT_RUN] - NOT_RUN: delay

2018-12-05 16:05:34 - [TEST_STEP][NOT_RUN] - setEncryptedText: NOT_RUN: setEncryptedText

2018-12-05 16:05:34 - [MESSAGE][NOT_RUN] - NOT_RUN: setEncryptedText

2018-12-05 16:05:34 - [TEST_STEP][NOT_RUN] - click: NOT_RUN: click

2018-12-05 16:05:34 - [MESSAGE][NOT_RUN] - NOT_RUN: click

2018-12-05 16:05:34 - [TEST_STEP][NOT_RUN] - delay: NOT_RUN: delay

2018-12-05 16:05:34 - [MESSAGE][NOT_RUN] - NOT_RUN: delay

2018-12-05 16:05:34 - [TEST_STEP][NOT_RUN] - click: NOT_RUN: click

2018-12-05 16:05:34 - [MESSAGE][NOT_RUN] - NOT_RUN: click

2018-12-05 16:05:34 - [TEST_STEP][NOT_RUN] - delay: NOT_RUN: delay

2018-12-05 16:05:34 - [MESSAGE][NOT_RUN] - NOT_RUN: delay

2018-12-05 16:05:34 - [TEST_STEP][NOT_RUN] - sendKeys: NOT_RUN: sendKeys

2018-12-05 16:05:34 - [MESSAGE][NOT_RUN] - NOT_RUN: sendKeys

2018-12-05 16:05:34 - [TEST_STEP][NOT_RUN] - click: NOT_RUN: click

2018-12-05 16:05:34 - [MESSAGE][NOT_RUN] - NOT_RUN: click

2018-12-05 16:05:34 - [TEST_STEP][NOT_RUN] - delay: NOT_RUN: delay

2018-12-05 16:05:34 - [MESSAGE][NOT_RUN] - NOT_RUN: delay

2018-12-05 16:05:34 - [TEST_STEP][NOT_RUN] - click: NOT_RUN: click

2018-12-05 16:05:34 - [MESSAGE][NOT_RUN] - NOT_RUN: click

2018-12-05 16:05:34 - [TEST_STEP][PASSED] - click: Object: 'Object Repository/Final Object Repo/Page_Request SSN - ASSIST/Page_Request SSN - ASSIST - RO/Approval For SSN' is clicked on

2018-12-05 16:05:34 - [MESSAGE][PASSED] - Object: 'Object Repository/Final Object Repo/Page_Request SSN - ASSIST/Page_Request SSN - ASSIST - RO/Approval For SSN' is clicked on

2018-12-05 16:05:34 - [TEST_STEP][PASSED] - click: Object: 'Object Repository/Final Object Repo/Page_Request SSN - ASSIST/Page_Request SSN - ASSIST - RO/Approval For SSN - Approve' is clicked on

2018-12-05 16:05:34 - [MESSAGE][PASSED] - Object: 'Object Repository/Final Object Repo/Page_Request SSN - ASSIST/Page_Request SSN - ASSIST - RO/Approval For SSN - Approve' is clicked on

2018-12-05 16:05:34 - [TEST_STEP][PASSED] - delay: Delayed 2 second(s)

2018-12-05 16:05:36 - [MESSAGE][PASSED] - Delayed 2 second(s)

2018-12-05 16:05:36 - [TEST_STEP][PASSED] - click: Object: 'Object Repository/Final Object Repo/Page_Request SSN - ASSIST/Page_Request SSN - ASSIST - RO/Save  Continue in SSN Page' is clicked on

2018-12-05 16:05:37 - [MESSAGE][PASSED] - Object: 'Object Repository/Final Object Repo/Page_Request SSN - ASSIST/Page_Request SSN - ASSIST - RO/Save  Continue in SSN Page' is clicked on

2018-12-05 16:05:37 - [TEST_STEP][PASSED] - delay: Delayed 2 second(s)

2018-12-05 16:05:39 - [MESSAGE][PASSED] - Delayed 2 second(s)

2018-12-05 16:05:39 - [TEST_STEP][PASSED] - click: Object: 'Object Repository/Final Object Repo/Page_Request SSN - ASSIST/Page_Request SSN - ASSIST - RO/Save  Continue in Uploading Document Page' is clicked on

2018-12-05 16:05:41 - [MESSAGE][PASSED] - Object: 'Object Repository/Final Object Repo/Page_Request SSN - ASSIST/Page_Request SSN - ASSIST - RO/Save  Continue in Uploading Document Page' is clicked on

2018-12-05 16:05:41 - [TEST_STEP][PASSED] - delay: Delayed 2 second(s)

2018-12-05 16:05:43 - [MESSAGE][PASSED] - Delayed 2 second(s)

2018-12-05 16:05:43 - [TEST_STEP][PASSED] - click: Object: 'Object Repository/Final Object Repo/Page_Request SSN - ASSIST/Page_Request SSN - ASSIST - RO/Page_Request SSN - ASSIST (Under enforcement)/Under Enforcement' is clicked on

2018-12-05 16:05:46 - [MESSAGE][PASSED] - Object: 'Object Repository/Final Object Repo/Page_Request SSN - ASSIST/Page_Request SSN - ASSIST - RO/Page_Request SSN - ASSIST (Under enforcement)/Under Enforcement' is clicked on

2018-12-05 16:05:46 - [TEST_STEP][PASSED] - delay: Delayed 2 second(s)

2018-12-05 16:05:48 - [MESSAGE][PASSED] - Delayed 2 second(s)

2018-12-05 16:05:48 - [TEST_STEP][PASSED] - sendKeys: Keys 'Remark' sent to object: 'Object Repository/Final Object Repo/Page_Request SSN - ASSIST/Page_Request SSN - ASSIST - RO/Page_Request SSN - ASSIST (Under enforcement)/Under Endorcement - Remark'

2018-12-05 16:05:48 - [MESSAGE][PASSED] - Keys 'Remark' sent to object: 'Object Repository/Final Object Repo/Page_Request SSN - ASSIST/Page_Request SSN - ASSIST - RO/Page_Request SSN - ASSIST (Under enforcement)/Under Endorcement - Remark'

2018-12-05 16:05:48 - [TEST_STEP][PASSED] - delay: Delayed 2 second(s)

2018-12-05 16:05:50 - [MESSAGE][PASSED] - Delayed 2 second(s)

2018-12-05 16:05:50 - [TEST_STEP][PASSED] - click: Object: 'Object Repository/Final Object Repo/Page_Request SSN - ASSIST/Page_Request SSN - ASSIST - RO/Page_Request SSN - ASSIST (Under enforcement)/Save  Continue in Under Enforcement Page' is clicked on

2018-12-05 16:05:50 - [MESSAGE][PASSED] - Object: 'Object Repository/Final Object Repo/Page_Request SSN - ASSIST/Page_Request SSN - ASSIST - RO/Page_Request SSN - ASSIST (Under enforcement)/Save  Continue in Under Enforcement Page' is clicked on

2018-12-05 16:05:50 - [TEST_STEP][PASSED] - delay: Delayed 2 second(s)

2018-12-05 16:05:52 - [MESSAGE][PASSED] - Delayed 2 second(s)

2018-12-05 16:05:52 - [TEST_STEP][PASSED] - verifyElementVisible: Object 'Object Repository/Final Object Repo/Page_Request SSN - ASSIST/Page_Request SSN - ASSIST - RO/Page_Request SSN - ASSIST (Under enforcement)/Message The case is under enforceme' is visible

2018-12-05 16:05:56 - [MESSAGE][PASSED] - Object 'Object Repository/Final Object Repo/Page_Request SSN - ASSIST/Page_Request SSN - ASSIST - RO/Page_Request SSN - ASSIST (Under enforcement)/Message The case is under enforceme' is visible

2018-12-05 16:05:56 - [TEST_STEP][PASSED] - delay: Delayed 2 second(s)

2018-12-05 16:05:58 - [MESSAGE][PASSED] - Delayed 2 second(s)

2018-12-05 16:05:58 - [TEST_STEP][PASSED] - click: Object: 'Object Repository/Final Object Repo/Page_Request SSN - ASSIST/Page_Request SSN - ASSIST - RO/Page_Request SSN - ASSIST (Under enforcement)/OK' is clicked on

2018-12-05 16:05:59 - [MESSAGE][PASSED] - Object: 'Object Repository/Final Object Repo/Page_Request SSN - ASSIST/Page_Request SSN - ASSIST - RO/Page_Request SSN - ASSIST (Under enforcement)/OK' is clicked on

2018-12-05 16:05:59 - [MESSAGE][PASSED] - Call Test Case 'Test Cases/Final Aug 2018 - PKS Automation/Registration Module/Workflow/Request SSN/Template/Request SSN - RO (Under enforcement)' successfully

2018-12-05 16:05:59 - [MESSAGE][PASSED] - Call Test Case 'Test Cases/Final Aug 2018 - PKS Automation/Registration Module/Workflow/Request SSN/Template/Request SSN RIO - RO (Under Enforcement)' successfully]]></system-out>
         <system-err><![CDATA[]]></system-err>
      </testcase>
      <system-out><![CDATA[2018-12-05 15:29:49 - [TEST_SUITE][FAILED] - Request SSN: Test Cases/Final Aug 2018 - PKS Automation/Registration Module/Workflow/Request SSN/OTC - RIO - RO (Approve) FAILED because (of) (Stack trace: com.kms.katalon.core.exception.StepFailedException: Unable to click on object 'Object Repository/Final Object Repo/Page_MyASSIST - ASSIST - Search Pending Case For Add Supporting Document/Continue' (Root cause: com.kms.katalon.core.webui.exception.WebElementNotFoundException: Web element with id: 'Object Repository/Final Object Repo/Page_MyASSIST - ASSIST - Search Pending Case For Add Supporting Document/Continue' located by 'By.xpath: //i[@data-original-title = 'Continue']' not found)
	at com.kms.katalon.core.keyword.internal.KeywordMain.stepFailed(KeywordMain.groovy:32)
	at com.kms.katalon.core.webui.keyword.internal.WebUIKeywordMain.stepFailed(WebUIKeywordMain.groovy:65)
	at com.kms.katalon.core.webui.keyword.internal.WebUIKeywordMain.runKeyword(WebUIKeywordMain.groovy:27)
	at com.kms.katalon.core.webui.keyword.builtin.ClickKeyword.click(ClickKeyword.groovy:86)
	at com.kms.katalon.core.webui.keyword.builtin.ClickKeyword.execute(ClickKeyword.groovy:67)
	at com.kms.katalon.core.keyword.internal.KeywordExecutor.executeKeywordForPlatform(KeywordExecutor.groovy:53)
	at com.kms.katalon.core.webui.keyword.WebUiBuiltInKeywords.click(WebUiBuiltInKeywords.groovy:616)
	at com.kms.katalon.core.webui.keyword.WebUiBuiltInKeywords$click$2.call(Unknown Source)
	at org.codehaus.groovy.runtime.callsite.CallSiteArray.defaultCall(CallSiteArray.java:48)
	at org.codehaus.groovy.runtime.callsite.AbstractCallSite.call(AbstractCallSite.java:113)
	at org.codehaus.groovy.runtime.callsite.AbstractCallSite.call(AbstractCallSite.java:125)
	at Script1536896984070.run(Script1536896984070.groovy:66)
	at com.kms.katalon.core.main.ScriptEngine.run(ScriptEngine.java:183)
	at com.kms.katalon.core.main.ScriptEngine.runScriptAsRawText(ScriptEngine.java:108)
	at com.kms.katalon.core.main.TestCaseExecutor.runScript(TestCaseExecutor.java:294)
	at com.kms.katalon.core.main.TestCaseExecutor.doExecute(TestCaseExecutor.java:285)
	at com.kms.katalon.core.main.TestCaseExecutor.processExecutionPhase(TestCaseExecutor.java:264)
	at com.kms.katalon.core.main.TestCaseExecutor.accessMainPhase(TestCaseExecutor.java:256)
	at com.kms.katalon.core.main.TestCaseExecutor.execute(TestCaseExecutor.java:200)
	at com.kms.katalon.core.main.TestCaseMain.runTestCase(TestCaseMain.java:99)
	at com.kms.katalon.core.keyword.builtin.CallTestCaseKeyword$_callTestCase_closure1.doCall(CallTestCaseKeyword.groovy:60)
	at com.kms.katalon.core.keyword.builtin.CallTestCaseKeyword$_callTestCase_closure1.call(CallTestCaseKeyword.groovy)
	at com.kms.katalon.core.keyword.internal.KeywordMain.runKeyword(KeywordMain.groovy:54)
	at com.kms.katalon.core.keyword.builtin.CallTestCaseKeyword.callTestCase(CallTestCaseKeyword.groovy:81)
	at com.kms.katalon.core.keyword.builtin.CallTestCaseKeyword.execute(CallTestCaseKeyword.groovy:45)
	at com.kms.katalon.core.keyword.internal.KeywordExecutor.executeKeywordForPlatform(KeywordExecutor.groovy:53)
	at com.kms.katalon.core.keyword.BuiltinKeywords.callTestCase(BuiltinKeywords.groovy:334)
	at sun.reflect.NativeMethodAccessorImpl.invoke0(Native Method)
	at sun.reflect.NativeMethodAccessorImpl.invoke(NativeMethodAccessorImpl.java:62)
	at sun.reflect.DelegatingMethodAccessorImpl.invoke(DelegatingMethodAccessorImpl.java:43)
	at java.lang.reflect.Method.invoke(Method.java:498)
	at org.codehaus.groovy.reflection.CachedMethod.invoke(CachedMethod.java:93)
	at groovy.lang.MetaMethod.doMethodInvoke(MetaMethod.java:325)
	at groovy.lang.MetaClassImpl.invokeStaticMethod(MetaClassImpl.java:1469)
	at org.codehaus.groovy.runtime.callsite.StaticMetaClassSite.call(StaticMetaClassSite.java:53)
	at org.codehaus.groovy.runtime.callsite.CallSiteArray.defaultCall(CallSiteArray.java:48)
	at org.codehaus.groovy.runtime.callsite.AbstractCallSite.call(AbstractCallSite.java:113)
	at org.codehaus.groovy.runtime.callsite.AbstractCallSite.call(AbstractCallSite.java:141)
	at Script1537865992110.run(Script1537865992110.groovy:39)
	at com.kms.katalon.core.main.ScriptEngine.run(ScriptEngine.java:183)
	at com.kms.katalon.core.main.ScriptEngine.runScriptAsRawText(ScriptEngine.java:108)
	at com.kms.katalon.core.main.TestCaseExecutor.runScript(TestCaseExecutor.java:294)
	at com.kms.katalon.core.main.TestCaseExecutor.doExecute(TestCaseExecutor.java:285)
	at com.kms.katalon.core.main.TestCaseExecutor.processExecutionPhase(TestCaseExecutor.java:264)
	at com.kms.katalon.core.main.TestCaseExecutor.accessMainPhase(TestCaseExecutor.java:256)
	at com.kms.katalon.core.main.TestCaseExecutor.execute(TestCaseExecutor.java:200)
	at com.kms.katalon.core.main.TestCaseMain.runTestCase(TestCaseMain.java:99)
	at com.kms.katalon.core.keyword.builtin.CallTestCaseKeyword$_callTestCase_closure1.doCall(CallTestCaseKeyword.groovy:60)
	at com.kms.katalon.core.keyword.builtin.CallTestCaseKeyword$_callTestCase_closure1.call(CallTestCaseKeyword.groovy)
	at com.kms.katalon.core.keyword.internal.KeywordMain.runKeyword(KeywordMain.groovy:54)
	at com.kms.katalon.core.keyword.builtin.CallTestCaseKeyword.callTestCase(CallTestCaseKeyword.groovy:81)
	at com.kms.katalon.core.keyword.builtin.CallTestCaseKeyword.execute(CallTestCaseKeyword.groovy:45)
	at com.kms.katalon.core.keyword.internal.KeywordExecutor.executeKeywordForPlatform(KeywordExecutor.groovy:53)
	at com.kms.katalon.core.keyword.BuiltinKeywords.callTestCase(BuiltinKeywords.groovy:334)
	at sun.reflect.NativeMethodAccessorImpl.invoke0(Native Method)
	at sun.reflect.NativeMethodAccessorImpl.invoke(NativeMethodAccessorImpl.java:62)
	at sun.reflect.DelegatingMethodAccessorImpl.invoke(DelegatingMethodAccessorImpl.java:43)
	at java.lang.reflect.Method.invoke(Method.java:498)
	at org.codehaus.groovy.reflection.CachedMethod.invoke(CachedMethod.java:93)
	at groovy.lang.MetaMethod.doMethodInvoke(MetaMethod.java:325)
	at groovy.lang.MetaClassImpl.invokeStaticMethod(MetaClassImpl.java:1469)
	at org.codehaus.groovy.runtime.callsite.StaticMetaClassSite.call(StaticMetaClassSite.java:53)
	at org.codehaus.groovy.runtime.callsite.CallSiteArray.defaultCall(CallSiteArray.java:48)
	at org.codehaus.groovy.runtime.callsite.AbstractCallSite.call(AbstractCallSite.java:113)
	at org.codehaus.groovy.runtime.callsite.AbstractCallSite.call(AbstractCallSite.java:141)
	at Script1536300508581.run(Script1536300508581.groovy:26)
	at com.kms.katalon.core.main.ScriptEngine.run(ScriptEngine.java:183)
	at com.kms.katalon.core.main.ScriptEngine.runScriptAsRawText(ScriptEngine.java:108)
	at com.kms.katalon.core.main.TestCaseExecutor.runScript(TestCaseExecutor.java:294)
	at com.kms.katalon.core.main.TestCaseExecutor.doExecute(TestCaseExecutor.java:285)
	at com.kms.katalon.core.main.TestCaseExecutor.processExecutionPhase(TestCaseExecutor.java:264)
	at com.kms.katalon.core.main.TestCaseExecutor.accessMainPhase(TestCaseExecutor.java:256)
	at com.kms.katalon.core.main.TestCaseExecutor.execute(TestCaseExecutor.java:200)
	at com.kms.katalon.core.main.TestSuiteExecutor.accessTestCaseMainPhase(TestSuiteExecutor.java:129)
	at com.kms.katalon.core.main.TestSuiteExecutor.accessTestSuiteMainPhase(TestSuiteExecutor.java:112)
	at com.kms.katalon.core.main.TestSuiteExecutor.execute(TestSuiteExecutor.java:81)
	at com.kms.katalon.core.main.TestCaseMain.startTestSuite(TestCaseMain.java:142)
	at com.kms.katalon.core.main.TestCaseMain$startTestSuite$0.call(Unknown Source)
	at org.codehaus.groovy.runtime.callsite.CallSiteArray.defaultCall(CallSiteArray.java:48)
	at org.codehaus.groovy.runtime.callsite.AbstractCallSite.call(AbstractCallSite.java:113)
	at org.codehaus.groovy.runtime.callsite.AbstractCallSite.call(AbstractCallSite.java:141)
	at TempTestSuite1543994986730.run(TempTestSuite1543994986730.groovy:36)
	at groovy.lang.GroovyShell.runScriptOrMainOrTestOrRunnable(GroovyShell.java:263)
	at groovy.lang.GroovyShell.run(GroovyShell.java:518)
	at groovy.lang.GroovyShell.run(GroovyShell.java:507)
	at groovy.ui.GroovyMain.processOnce(GroovyMain.java:653)
	at groovy.ui.GroovyMain.run(GroovyMain.java:384)
	at groovy.ui.GroovyMain.process(GroovyMain.java:370)
	at groovy.ui.GroovyMain.processArgs(GroovyMain.java:129)
	at groovy.ui.GroovyMain.main(GroovyMain.java:109)
	at sun.reflect.NativeMethodAccessorImpl.invoke0(Native Method)
	at sun.reflect.NativeMethodAccessorImpl.invoke(NativeMethodAccessorImpl.java:62)
	at sun.reflect.DelegatingMethodAccessorImpl.invoke(DelegatingMethodAccessorImpl.java:43)
	at java.lang.reflect.Method.invoke(Method.java:498)
	at org.codehaus.groovy.tools.GroovyStarter.rootLoader(GroovyStarter.java:109)
	at org.codehaus.groovy.tools.GroovyStarter.main(GroovyStarter.java:131)
)]]></system-out>
      <system-err><![CDATA[2018-12-05 15:29:49 - [TEST_SUITE][FAILED] - Request SSN: Test Cases/Final Aug 2018 - PKS Automation/Registration Module/Workflow/Request SSN/OTC - RIO - RO (Approve) FAILED because (of) (Stack trace: com.kms.katalon.core.exception.StepFailedException: Unable to click on object 'Object Repository/Final Object Repo/Page_MyASSIST - ASSIST - Search Pending Case For Add Supporting Document/Continue' (Root cause: com.kms.katalon.core.webui.exception.WebElementNotFoundException: Web element with id: 'Object Repository/Final Object Repo/Page_MyASSIST - ASSIST - Search Pending Case For Add Supporting Document/Continue' located by 'By.xpath: //i[@data-original-title = 'Continue']' not found)
	at com.kms.katalon.core.keyword.internal.KeywordMain.stepFailed(KeywordMain.groovy:32)
	at com.kms.katalon.core.webui.keyword.internal.WebUIKeywordMain.stepFailed(WebUIKeywordMain.groovy:65)
	at com.kms.katalon.core.webui.keyword.internal.WebUIKeywordMain.runKeyword(WebUIKeywordMain.groovy:27)
	at com.kms.katalon.core.webui.keyword.builtin.ClickKeyword.click(ClickKeyword.groovy:86)
	at com.kms.katalon.core.webui.keyword.builtin.ClickKeyword.execute(ClickKeyword.groovy:67)
	at com.kms.katalon.core.keyword.internal.KeywordExecutor.executeKeywordForPlatform(KeywordExecutor.groovy:53)
	at com.kms.katalon.core.webui.keyword.WebUiBuiltInKeywords.click(WebUiBuiltInKeywords.groovy:616)
	at com.kms.katalon.core.webui.keyword.WebUiBuiltInKeywords$click$2.call(Unknown Source)
	at org.codehaus.groovy.runtime.callsite.CallSiteArray.defaultCall(CallSiteArray.java:48)
	at org.codehaus.groovy.runtime.callsite.AbstractCallSite.call(AbstractCallSite.java:113)
	at org.codehaus.groovy.runtime.callsite.AbstractCallSite.call(AbstractCallSite.java:125)
	at Script1536896984070.run(Script1536896984070.groovy:66)
	at com.kms.katalon.core.main.ScriptEngine.run(ScriptEngine.java:183)
	at com.kms.katalon.core.main.ScriptEngine.runScriptAsRawText(ScriptEngine.java:108)
	at com.kms.katalon.core.main.TestCaseExecutor.runScript(TestCaseExecutor.java:294)
	at com.kms.katalon.core.main.TestCaseExecutor.doExecute(TestCaseExecutor.java:285)
	at com.kms.katalon.core.main.TestCaseExecutor.processExecutionPhase(TestCaseExecutor.java:264)
	at com.kms.katalon.core.main.TestCaseExecutor.accessMainPhase(TestCaseExecutor.java:256)
	at com.kms.katalon.core.main.TestCaseExecutor.execute(TestCaseExecutor.java:200)
	at com.kms.katalon.core.main.TestCaseMain.runTestCase(TestCaseMain.java:99)
	at com.kms.katalon.core.keyword.builtin.CallTestCaseKeyword$_callTestCase_closure1.doCall(CallTestCaseKeyword.groovy:60)
	at com.kms.katalon.core.keyword.builtin.CallTestCaseKeyword$_callTestCase_closure1.call(CallTestCaseKeyword.groovy)
	at com.kms.katalon.core.keyword.internal.KeywordMain.runKeyword(KeywordMain.groovy:54)
	at com.kms.katalon.core.keyword.builtin.CallTestCaseKeyword.callTestCase(CallTestCaseKeyword.groovy:81)
	at com.kms.katalon.core.keyword.builtin.CallTestCaseKeyword.execute(CallTestCaseKeyword.groovy:45)
	at com.kms.katalon.core.keyword.internal.KeywordExecutor.executeKeywordForPlatform(KeywordExecutor.groovy:53)
	at com.kms.katalon.core.keyword.BuiltinKeywords.callTestCase(BuiltinKeywords.groovy:334)
	at sun.reflect.NativeMethodAccessorImpl.invoke0(Native Method)
	at sun.reflect.NativeMethodAccessorImpl.invoke(NativeMethodAccessorImpl.java:62)
	at sun.reflect.DelegatingMethodAccessorImpl.invoke(DelegatingMethodAccessorImpl.java:43)
	at java.lang.reflect.Method.invoke(Method.java:498)
	at org.codehaus.groovy.reflection.CachedMethod.invoke(CachedMethod.java:93)
	at groovy.lang.MetaMethod.doMethodInvoke(MetaMethod.java:325)
	at groovy.lang.MetaClassImpl.invokeStaticMethod(MetaClassImpl.java:1469)
	at org.codehaus.groovy.runtime.callsite.StaticMetaClassSite.call(StaticMetaClassSite.java:53)
	at org.codehaus.groovy.runtime.callsite.CallSiteArray.defaultCall(CallSiteArray.java:48)
	at org.codehaus.groovy.runtime.callsite.AbstractCallSite.call(AbstractCallSite.java:113)
	at org.codehaus.groovy.runtime.callsite.AbstractCallSite.call(AbstractCallSite.java:141)
	at Script1537865992110.run(Script1537865992110.groovy:39)
	at com.kms.katalon.core.main.ScriptEngine.run(ScriptEngine.java:183)
	at com.kms.katalon.core.main.ScriptEngine.runScriptAsRawText(ScriptEngine.java:108)
	at com.kms.katalon.core.main.TestCaseExecutor.runScript(TestCaseExecutor.java:294)
	at com.kms.katalon.core.main.TestCaseExecutor.doExecute(TestCaseExecutor.java:285)
	at com.kms.katalon.core.main.TestCaseExecutor.processExecutionPhase(TestCaseExecutor.java:264)
	at com.kms.katalon.core.main.TestCaseExecutor.accessMainPhase(TestCaseExecutor.java:256)
	at com.kms.katalon.core.main.TestCaseExecutor.execute(TestCaseExecutor.java:200)
	at com.kms.katalon.core.main.TestCaseMain.runTestCase(TestCaseMain.java:99)
	at com.kms.katalon.core.keyword.builtin.CallTestCaseKeyword$_callTestCase_closure1.doCall(CallTestCaseKeyword.groovy:60)
	at com.kms.katalon.core.keyword.builtin.CallTestCaseKeyword$_callTestCase_closure1.call(CallTestCaseKeyword.groovy)
	at com.kms.katalon.core.keyword.internal.KeywordMain.runKeyword(KeywordMain.groovy:54)
	at com.kms.katalon.core.keyword.builtin.CallTestCaseKeyword.callTestCase(CallTestCaseKeyword.groovy:81)
	at com.kms.katalon.core.keyword.builtin.CallTestCaseKeyword.execute(CallTestCaseKeyword.groovy:45)
	at com.kms.katalon.core.keyword.internal.KeywordExecutor.executeKeywordForPlatform(KeywordExecutor.groovy:53)
	at com.kms.katalon.core.keyword.BuiltinKeywords.callTestCase(BuiltinKeywords.groovy:334)
	at sun.reflect.NativeMethodAccessorImpl.invoke0(Native Method)
	at sun.reflect.NativeMethodAccessorImpl.invoke(NativeMethodAccessorImpl.java:62)
	at sun.reflect.DelegatingMethodAccessorImpl.invoke(DelegatingMethodAccessorImpl.java:43)
	at java.lang.reflect.Method.invoke(Method.java:498)
	at org.codehaus.groovy.reflection.CachedMethod.invoke(CachedMethod.java:93)
	at groovy.lang.MetaMethod.doMethodInvoke(MetaMethod.java:325)
	at groovy.lang.MetaClassImpl.invokeStaticMethod(MetaClassImpl.java:1469)
	at org.codehaus.groovy.runtime.callsite.StaticMetaClassSite.call(StaticMetaClassSite.java:53)
	at org.codehaus.groovy.runtime.callsite.CallSiteArray.defaultCall(CallSiteArray.java:48)
	at org.codehaus.groovy.runtime.callsite.AbstractCallSite.call(AbstractCallSite.java:113)
	at org.codehaus.groovy.runtime.callsite.AbstractCallSite.call(AbstractCallSite.java:141)
	at Script1536300508581.run(Script1536300508581.groovy:26)
	at com.kms.katalon.core.main.ScriptEngine.run(ScriptEngine.java:183)
	at com.kms.katalon.core.main.ScriptEngine.runScriptAsRawText(ScriptEngine.java:108)
	at com.kms.katalon.core.main.TestCaseExecutor.runScript(TestCaseExecutor.java:294)
	at com.kms.katalon.core.main.TestCaseExecutor.doExecute(TestCaseExecutor.java:285)
	at com.kms.katalon.core.main.TestCaseExecutor.processExecutionPhase(TestCaseExecutor.java:264)
	at com.kms.katalon.core.main.TestCaseExecutor.accessMainPhase(TestCaseExecutor.java:256)
	at com.kms.katalon.core.main.TestCaseExecutor.execute(TestCaseExecutor.java:200)
	at com.kms.katalon.core.main.TestSuiteExecutor.accessTestCaseMainPhase(TestSuiteExecutor.java:129)
	at com.kms.katalon.core.main.TestSuiteExecutor.accessTestSuiteMainPhase(TestSuiteExecutor.java:112)
	at com.kms.katalon.core.main.TestSuiteExecutor.execute(TestSuiteExecutor.java:81)
	at com.kms.katalon.core.main.TestCaseMain.startTestSuite(TestCaseMain.java:142)
	at com.kms.katalon.core.main.TestCaseMain$startTestSuite$0.call(Unknown Source)
	at org.codehaus.groovy.runtime.callsite.CallSiteArray.defaultCall(CallSiteArray.java:48)
	at org.codehaus.groovy.runtime.callsite.AbstractCallSite.call(AbstractCallSite.java:113)
	at org.codehaus.groovy.runtime.callsite.AbstractCallSite.call(AbstractCallSite.java:141)
	at TempTestSuite1543994986730.run(TempTestSuite1543994986730.groovy:36)
	at groovy.lang.GroovyShell.runScriptOrMainOrTestOrRunnable(GroovyShell.java:263)
	at groovy.lang.GroovyShell.run(GroovyShell.java:518)
	at groovy.lang.GroovyShell.run(GroovyShell.java:507)
	at groovy.ui.GroovyMain.processOnce(GroovyMain.java:653)
	at groovy.ui.GroovyMain.run(GroovyMain.java:384)
	at groovy.ui.GroovyMain.process(GroovyMain.java:370)
	at groovy.ui.GroovyMain.processArgs(GroovyMain.java:129)
	at groovy.ui.GroovyMain.main(GroovyMain.java:109)
	at sun.reflect.NativeMethodAccessorImpl.invoke0(Native Method)
	at sun.reflect.NativeMethodAccessorImpl.invoke(NativeMethodAccessorImpl.java:62)
	at sun.reflect.DelegatingMethodAccessorImpl.invoke(DelegatingMethodAccessorImpl.java:43)
	at java.lang.reflect.Method.invoke(Method.java:498)
	at org.codehaus.groovy.tools.GroovyStarter.rootLoader(GroovyStarter.java:109)
	at org.codehaus.groovy.tools.GroovyStarter.main(GroovyStarter.java:131)
)]]></system-err>
   </testsuite>
</testsuites>
