<?xml version="1.0" encoding="UTF-8"?>
<testsuites name="Update Employer Information" time="2739" tests="13" failures="3" errors="0">
   <testsuite name="Update Employer Information" tests="13" failures="3" errors="0" time="2739" timestamp="2018-12-10 09:47:45" hostname="Admin - Win7Test02" id="Test Suites/Workflow/Update Employer Information">
      <properties>
         <property name="deviceName" value=""/>
         <property name="devicePlatform" value=""/>
         <property name="logFolder" value="C:\\Users\\Admin\\Desktop\\PKS\\Perkeso Phase A\\Reports\\Workflow\\Update Employer Information\\20181210_094742"/>
         <property name="logFiles" value="C:\\Users\\Admin\\Desktop\\PKS\\Perkeso Phase A\\Reports\\Workflow\\Update Employer Information\\20181210_094742\\execution0.log"/>
         <property name="attachments" value="C:\\Users\\Admin\\Desktop\\PKS\\Perkeso Phase A\\Reports\\Workflow\\Update Employer Information\\20181210_094742\\1544408323526.png, C:\\Users\\Admin\\Desktop\\PKS\\Perkeso Phase A\\Reports\\Workflow\\Update Employer Information\\20181210_094742\\1544408528298.png, C:\\Users\\Admin\\Desktop\\PKS\\Perkeso Phase A\\Reports\\Workflow\\Update Employer Information\\20181210_094742\\1544409033661.png"/>
         <property name="hostName" value="Admin - Win7Test02"/>
         <property name="os" value="Windows 7 64bit"/>
         <property name="katalonVersion" value="5.8.6.1"/>
         <property name="browser" value="Chrome 70.0.3538.110"/>
         <property name="hostAddress" value="10.20.3.72"/>
         <property name="sessionId" value="9ea5a96cc9d351a31634c1bf4e9a7863"/>
         <property name="seleniumVersion" value="3.7.1"/>
         <property name="proxyInformation" value="ProxyInformation{proxyOption=NO_PROXY, proxyServerType=HTTP, password=, proxyServerAddress=, proxyServerPort=0}"/>
         <property name="platform" value="Windows 7"/>
      </properties>
      <testcase name="Test Cases/Final Aug 2018 - PKS Automation/Registration Module/Workflow/Update Employer Information/Employer - UO (Approve)" classname="Test Cases/Final Aug 2018 - PKS Automation/Registration Module/Workflow/Update Employer Information/Employer - UO (Approve)" status="PASSED">
         <system-out><![CDATA[2018-12-10 09:47:46 - [TEST_CASE][PASSED] - Test Cases/Final Aug 2018 - PKS Automation/Registration Module/Workflow/Update Employer Information/Employer - UO (Approve): Test Cases/Final Aug 2018 - PKS Automation/Registration Module/Workflow/Update Employer Information/Employer - UO (Approve)

2018-12-10 09:47:46 - [TEST_STEP][PASSED] - callTestCase: Call Test Case 'Test Cases/Final Aug 2018 - PKS Automation/Registration Module/Workflow/Update Employer Information/Template/Update Employer Information - Special Case (Employer)' successfully

2018-12-10 09:47:46 - [TEST_CASE][PASSED] - Test Cases/Final Aug 2018 - PKS Automation/Registration Module/Workflow/Update Employer Information/Template/Update Employer Information - Special Case (Employer): Test Cases/Final Aug 2018 - PKS Automation/Registration Module/Workflow/Update Employer Information/Template/Update Employer Information - Special Case (Employer)

2018-12-10 09:47:47 - [TEST_STEP][PASSED] - callTestCase: Call Test Case 'Test Cases/Final Aug 2018 - PKS Automation/Create Employer Acc/Login to Employer Account (Second time)' successfully

2018-12-10 09:47:47 - [TEST_CASE][PASSED] - Test Cases/Final Aug 2018 - PKS Automation/Create Employer Acc/Login to Employer Account (Second time): Test Cases/Final Aug 2018 - PKS Automation/Create Employer Acc/Login to Employer Account (Second time)

2018-12-10 09:47:47 - [TEST_STEP][PASSED] - openBrowser: Browser is opened with url: ''

2018-12-10 09:47:51 - [MESSAGE][PASSED] - Browser is opened with url: ''

2018-12-10 09:47:51 - [TEST_STEP][PASSED] - navigateToUrl: Navigate to 'https://assist2-uat.perkeso.gov.my/employer/login' successfully

2018-12-10 09:47:53 - [MESSAGE][PASSED] - Navigate to 'https://assist2-uat.perkeso.gov.my/employer/login' successfully

2018-12-10 09:47:53 - [TEST_STEP][PASSED] - delay: Delayed 3 second(s)

2018-12-10 09:47:56 - [MESSAGE][PASSED] - Delayed 3 second(s)

2018-12-10 09:47:56 - [TEST_STEP][PASSED] - callTestCase: Call Test Case 'Test Cases/Final Aug 2018 - PKS Automation/Create Employer Acc/Template/Employer Email Getter' successfully

2018-12-10 09:47:56 - [TEST_CASE][PASSED] - Test Cases/Final Aug 2018 - PKS Automation/Create Employer Acc/Template/Employer Email Getter: Test Cases/Final Aug 2018 - PKS Automation/Create Employer Acc/Template/Employer Email Getter

2018-12-10 09:47:56 - [TEST_STEP][PASSED] - Statement - Try: null

2018-12-10 09:47:56 - [TEST_STEP][PASSED] - Statement - EmpEmail = new java.io.File(C://Users//Admin//Desktop//PKS//Automation Reference Point//EmpEmail.txt): null

2018-12-10 09:47:56 - [TEST_STEP][PASSED] - Statement - bufferread = new java.io.BufferedReader(new java.io.FileReader(EmpEmail)): null

2018-12-10 09:47:56 - [TEST_STEP][PASSED] - Statement - readedVal = bufferread.readLine(): null

2018-12-10 09:47:56 - [TEST_STEP][PASSED] - Statement - out.println(readedVal): null

2018-12-10 09:47:56 - [TEST_STEP][PASSED] - Statement - Email = readedVal: null

2018-12-10 09:47:56 - [MESSAGE][PASSED] - Call Test Case 'Test Cases/Final Aug 2018 - PKS Automation/Create Employer Acc/Template/Employer Email Getter' successfully

2018-12-10 09:47:56 - [TEST_STEP][PASSED] - setText: Text 'perkeso683269865951@gmail.com' is set on object 'Object Repository/Final Object Repo/Login Page/External Login Page/Email'

2018-12-10 09:47:56 - [MESSAGE][PASSED] - Text 'perkeso683269865951@gmail.com' is set on object 'Object Repository/Final Object Repo/Login Page/External Login Page/Email'

2018-12-10 09:47:57 - [TEST_STEP][PASSED] - click: Object: 'Object Repository/Final Object Repo/Login Page/External Login Page/Next' is clicked on

2018-12-10 09:47:57 - [MESSAGE][PASSED] - Object: 'Object Repository/Final Object Repo/Login Page/External Login Page/Next' is clicked on

2018-12-10 09:47:57 - [TEST_STEP][PASSED] - delay: Delayed 3 second(s)

2018-12-10 09:48:00 - [MESSAGE][PASSED] - Delayed 3 second(s)

2018-12-10 09:48:00 - [TEST_STEP][PASSED] - setEncryptedText: Text ****** has been set on object 'Object Repository/Final Object Repo/Login Page/External Login Page/Password'

2018-12-10 09:48:00 - [MESSAGE][PASSED] - Text ****** has been set on object 'Object Repository/Final Object Repo/Login Page/External Login Page/Password'

2018-12-10 09:48:00 - [TEST_STEP][PASSED] - click: Object: 'Object Repository/Final Object Repo/Login Page/External Login Page/Login' is clicked on

2018-12-10 09:48:00 - [MESSAGE][PASSED] - Object: 'Object Repository/Final Object Repo/Login Page/External Login Page/Login' is clicked on

2018-12-10 09:48:00 - [TEST_STEP][PASSED] - delay: Delayed 5 second(s)

2018-12-10 09:48:05 - [MESSAGE][PASSED] - Delayed 5 second(s)

2018-12-10 09:48:05 - [MESSAGE][PASSED] - Call Test Case 'Test Cases/Final Aug 2018 - PKS Automation/Create Employer Acc/Login to Employer Account (Second time)' successfully

2018-12-10 09:48:05 - [TEST_STEP][PASSED] - Statement - tester = com.kms.katalon.core.testobject.ObjectRepository.findTestObject(Final Object Repo/Landing Page/Select to English): Finding Test Object with id 'Object Repository/Final Object Repo/Landing Page/Select to English'

2018-12-10 09:48:05 - [TEST_STEP][PASSED] - Statement - Try: Delayed 2 second(s)

2018-12-10 09:48:05 - [TEST_STEP][PASSED] - Statement - Checker = com.kms.katalon.core.webui.keyword.WebUiBuiltInKeywords.verifyElementNotPresent(tester, 3): Web element with id: 'Object Repository/Final Object Repo/Landing Page/Select to English' located by 'By.xpath: //a[@class = 'taglib-language-list-text' and @lang = 'en-US' and (contains(text(), 'EN') or contains(., 'EN'))]' is not present after '3' second(s)

2018-12-10 09:48:07 - [MESSAGE][PASSED] - Web element with id: 'Object Repository/Final Object Repo/Landing Page/Select to English' located by 'By.xpath: //a[@class = 'taglib-language-list-text' and @lang = 'en-US' and (contains(text(), 'EN') or contains(., 'EN'))]' is not present after '3' second(s)

2018-12-10 09:48:07 - [TEST_STEP][PASSED] - Statement - If (Checker == false): null

2018-12-10 09:48:07 - [TEST_STEP][PASSED] - delay: Delayed 2 second(s)

2018-12-10 09:48:09 - [MESSAGE][PASSED] - Delayed 2 second(s)

2018-12-10 09:48:09 - [TEST_STEP][PASSED] - delay: Delayed 5 second(s)

2018-12-10 09:48:14 - [MESSAGE][PASSED] - Delayed 5 second(s)

2018-12-10 09:48:14 - [TEST_STEP][PASSED] - navigateToUrl: Navigate to 'https://assist2-uat.perkeso.gov.my/web/registration/update/update-employer-information' successfully

2018-12-10 09:48:15 - [MESSAGE][PASSED] - Navigate to 'https://assist2-uat.perkeso.gov.my/web/registration/update/update-employer-information' successfully

2018-12-10 09:48:15 - [TEST_STEP][PASSED] - click: Object: 'Object Repository/Final Object Repo/Page_Update Employer Information/Edit Button' is clicked on

2018-12-10 09:48:17 - [MESSAGE][PASSED] - Object: 'Object Repository/Final Object Repo/Page_Update Employer Information/Edit Button' is clicked on

2018-12-10 09:48:17 - [TEST_STEP][PASSED] - click: Object: 'Object Repository/Final Object Repo/Page_Update Employer Information/Business Entity' is clicked on

2018-12-10 09:48:18 - [MESSAGE][PASSED] - Object: 'Object Repository/Final Object Repo/Page_Update Employer Information/Business Entity' is clicked on

2018-12-10 09:48:18 - [TEST_STEP][PASSED] - Statement - CurrentBusinessEntity = "": null

2018-12-10 09:48:18 - [TEST_STEP][PASSED] - Statement - CurrentBusinessEntity = com.kms.katalon.core.webui.keyword.WebUiBuiltInKeywords.getText(com.kms.katalon.core.testobject.ObjectRepository.findTestObject(Final Object Repo/Page_Update Employer Information/Current Business Entity)): Text of object 'Object Repository/Final Object Repo/Page_Update Employer Information/Current Business Entity' is: 'Corporation'

2018-12-10 09:48:18 - [MESSAGE][PASSED] - Text of object 'Object Repository/Final Object Repo/Page_Update Employer Information/Current Business Entity' is: 'Corporation'

2018-12-10 09:48:18 - [TEST_STEP][PASSED] - Statement - out.println(CurrentBusinessEntity): null

2018-12-10 09:48:18 - [TEST_STEP][PASSED] - Statement - If (CurrentBusinessEntity == "Corporation"): Delayed 3 second(s)

2018-12-10 09:48:18 - [TEST_STEP][PASSED] - Statement - obj = com.kms.katalon.core.webui.keyword.WebUiBuiltInKeywords.modifyObjectProperty(com.kms.katalon.core.testobject.ObjectRepository.findTestObject(Final Object Repo/Page_Update Employer Information/change to this Business Entity), "xpath", "equals", "//ul/li/span[contains(text(),"Partnership")]", true, STOP_ON_FAILURE): Modify property of object successfully

2018-12-10 09:48:18 - [MESSAGE][PASSED] - Modify property of object successfully

2018-12-10 09:48:18 - [TEST_STEP][PASSED] - click: Object: 'Object Repository/Final Object Repo/Page_Update Employer Information/change to this Business Entity' is clicked on

2018-12-10 09:48:18 - [MESSAGE][PASSED] - Object: 'Object Repository/Final Object Repo/Page_Update Employer Information/change to this Business Entity' is clicked on

2018-12-10 09:48:18 - [TEST_STEP][PASSED] - delay: Delayed 1 second(s)

2018-12-10 09:48:19 - [MESSAGE][PASSED] - Delayed 1 second(s)

2018-12-10 09:48:19 - [TEST_STEP][PASSED] - click: Object: 'Object Repository/Final Object Repo/Page_Update Employer Information/Sub Business Entity' is clicked on

2018-12-10 09:48:19 - [MESSAGE][PASSED] - Object: 'Object Repository/Final Object Repo/Page_Update Employer Information/Sub Business Entity' is clicked on

2018-12-10 09:48:19 - [TEST_STEP][PASSED] - click: Object: 'Object Repository/Final Object Repo/Page_Update Employer Information/Sub Business Entity - Partnership - Registered With other Agencies' is clicked on

2018-12-10 09:48:19 - [MESSAGE][PASSED] - Object: 'Object Repository/Final Object Repo/Page_Update Employer Information/Sub Business Entity - Partnership - Registered With other Agencies' is clicked on

2018-12-10 09:48:19 - [TEST_STEP][PASSED] - delay: Delayed 3 second(s)

2018-12-10 09:48:22 - [MESSAGE][PASSED] - Delayed 3 second(s)

2018-12-10 09:48:22 - [TEST_STEP][PASSED] - delay: Delayed 4 second(s)

2018-12-10 09:48:26 - [MESSAGE][PASSED] - Delayed 4 second(s)

2018-12-10 09:48:26 - [TEST_STEP][PASSED] - click: Object: 'Object Repository/Final Object Repo/Page_Update Employer Information/Save  Continue' is clicked on

2018-12-10 09:48:27 - [MESSAGE][PASSED] - Object: 'Object Repository/Final Object Repo/Page_Update Employer Information/Save  Continue' is clicked on

2018-12-10 09:48:27 - [TEST_STEP][PASSED] - delay: Delayed 4 second(s)

2018-12-10 09:48:31 - [MESSAGE][PASSED] - Delayed 4 second(s)

2018-12-10 09:48:31 - [TEST_STEP][PASSED] - click: Object: 'Object Repository/Final Object Repo/Page_Update Employer Information/Save  Continue (1)' is clicked on

2018-12-10 09:48:31 - [MESSAGE][PASSED] - Object: 'Object Repository/Final Object Repo/Page_Update Employer Information/Save  Continue (1)' is clicked on

2018-12-10 09:48:31 - [TEST_STEP][PASSED] - Statement - CaseReferenceNo = com.kms.katalon.core.webui.keyword.WebUiBuiltInKeywords.getText(com.kms.katalon.core.testobject.ObjectRepository.findTestObject(Final Object Repo/Page_Update Employer Information/Reference Number in Update Employee Information Page)): Text of object 'Object Repository/Final Object Repo/Page_Update Employer Information/Reference Number in Update Employee Information Page' is: 'CUN122018C100005920'

2018-12-10 09:48:35 - [MESSAGE][PASSED] - Text of object 'Object Repository/Final Object Repo/Page_Update Employer Information/Reference Number in Update Employee Information Page' is: 'CUN122018C100005920'

2018-12-10 09:48:35 - [TEST_STEP][PASSED] - callTestCase: Call Test Case 'Test Cases/Final Aug 2018 - PKS Automation/Common/Reference Number Setter' successfully

2018-12-10 09:48:35 - [TEST_CASE][PASSED] - Test Cases/Final Aug 2018 - PKS Automation/Common/Reference Number Setter: Test Cases/Final Aug 2018 - PKS Automation/Common/Reference Number Setter

2018-12-10 09:48:35 - [TEST_STEP][PASSED] - Statement - RefNoOldFile = new java.io.File(C://Users//Admin//Desktop//PKS//Automation Reference Point//KatalonReference.txt): null

2018-12-10 09:48:35 - [TEST_STEP][PASSED] - Statement - RefNoOldFile.delete(): null

2018-12-10 09:48:35 - [TEST_STEP][PASSED] - delay: Delayed 5 second(s)

2018-12-10 09:48:40 - [MESSAGE][PASSED] - Delayed 5 second(s)

2018-12-10 09:48:40 - [TEST_STEP][PASSED] - Statement - RefNo = new java.io.File(C://Users//Admin//Desktop//PKS//Automation Reference Point//KatalonReference.txt): null

2018-12-10 09:48:40 - [TEST_STEP][PASSED] - Statement - f2 = new java.io.FileWriter(RefNo, false): null

2018-12-10 09:48:40 - [TEST_STEP][PASSED] - Statement - f2.write(CaseReferenceNo): null

2018-12-10 09:48:40 - [TEST_STEP][PASSED] - Statement - f2.close(): null

2018-12-10 09:48:40 - [TEST_STEP][PASSED] - Statement - out.println("


" + CaseReferenceNo + "


"): null

2018-12-10 09:48:40 - [MESSAGE][PASSED] - Call Test Case 'Test Cases/Final Aug 2018 - PKS Automation/Common/Reference Number Setter' successfully

2018-12-10 09:48:40 - [TEST_STEP][PASSED] - delay: Delayed 4 second(s)

2018-12-10 09:48:44 - [MESSAGE][PASSED] - Delayed 4 second(s)

2018-12-10 09:48:44 - [TEST_STEP][PASSED] - click: Object: 'Object Repository/Final Object Repo/Page_Update Employer Information/Submit - Copy' is clicked on

2018-12-10 09:48:44 - [MESSAGE][PASSED] - Object: 'Object Repository/Final Object Repo/Page_Update Employer Information/Submit - Copy' is clicked on

2018-12-10 09:48:44 - [TEST_STEP][PASSED] - delay: Delayed 2 second(s)

2018-12-10 09:48:46 - [MESSAGE][PASSED] - Delayed 2 second(s)

2018-12-10 09:48:46 - [TEST_STEP][PASSED] - click: Object: 'Object Repository/Final Object Repo/Page_Update Employer Information/Confirm' is clicked on

2018-12-10 09:48:46 - [MESSAGE][PASSED] - Object: 'Object Repository/Final Object Repo/Page_Update Employer Information/Confirm' is clicked on

2018-12-10 09:48:46 - [TEST_STEP][PASSED] - delay: Delayed 2 second(s)

2018-12-10 09:48:48 - [MESSAGE][PASSED] - Delayed 2 second(s)

2018-12-10 09:48:48 - [TEST_STEP][PASSED] - click: Object: 'Object Repository/Final Object Repo/Page_Update Employer Information/Message Your Request will be route' is clicked on

2018-12-10 09:48:52 - [MESSAGE][PASSED] - Object: 'Object Repository/Final Object Repo/Page_Update Employer Information/Message Your Request will be route' is clicked on

2018-12-10 09:48:52 - [MESSAGE][PASSED] - Call Test Case 'Test Cases/Final Aug 2018 - PKS Automation/Registration Module/Workflow/Update Employer Information/Template/Update Employer Information - Special Case (Employer)' successfully

2018-12-10 09:48:52 - [TEST_STEP][PASSED] - callTestCase: Call Test Case 'Test Cases/Final Aug 2018 - PKS Automation/Registration Module/Workflow/Update Employer Information/Template/Update Employer Information - Special Case - UO (Approve)' successfully

2018-12-10 09:48:52 - [TEST_CASE][PASSED] - Test Cases/Final Aug 2018 - PKS Automation/Registration Module/Workflow/Update Employer Information/Template/Update Employer Information - Special Case - UO (Approve): Test Cases/Final Aug 2018 - PKS Automation/Registration Module/Workflow/Update Employer Information/Template/Update Employer Information - Special Case - UO (Approve)

2018-12-10 09:48:53 - [TEST_STEP][NOT_RUN] - callTestCase: NOT_RUN: callTestCase

2018-12-10 09:48:53 - [MESSAGE][NOT_RUN] - NOT_RUN: callTestCase

2018-12-10 09:48:53 - [TEST_STEP][NOT_RUN] - delay: NOT_RUN: delay

2018-12-10 09:48:53 - [MESSAGE][NOT_RUN] - NOT_RUN: delay

2018-12-10 09:48:53 - [TEST_STEP][NOT_RUN] - navigateToUrl: NOT_RUN: navigateToUrl

2018-12-10 09:48:53 - [MESSAGE][NOT_RUN] - NOT_RUN: navigateToUrl

2018-12-10 09:48:53 - [TEST_STEP][PASSED] - delay: Delayed 1 second(s)

2018-12-10 09:48:54 - [MESSAGE][PASSED] - Delayed 1 second(s)

2018-12-10 09:48:54 - [TEST_STEP][PASSED] - callTestCase: Call Test Case 'Test Cases/Final Aug 2018 - PKS Automation/Common/Reference Number Getter' successfully

2018-12-10 09:48:54 - [TEST_CASE][PASSED] - Test Cases/Final Aug 2018 - PKS Automation/Common/Reference Number Getter: Test Cases/Final Aug 2018 - PKS Automation/Common/Reference Number Getter

2018-12-10 09:48:54 - [TEST_STEP][PASSED] - Statement - Try: null

2018-12-10 09:48:54 - [TEST_STEP][PASSED] - Statement - RefNo = new java.io.File(C://Users//Admin//Desktop//PKS//Automation Reference Point//KatalonReference.txt): null

2018-12-10 09:48:54 - [TEST_STEP][PASSED] - Statement - bufferread = new java.io.BufferedReader(new java.io.FileReader(RefNo)): null

2018-12-10 09:48:54 - [TEST_STEP][PASSED] - Statement - readedVal = bufferread.readLine(): null

2018-12-10 09:48:54 - [TEST_STEP][PASSED] - Statement - out.println(CaseReferenceNo): null

2018-12-10 09:48:54 - [TEST_STEP][PASSED] - Statement - out.println(readedVal): null

2018-12-10 09:48:54 - [TEST_STEP][PASSED] - Statement - CaseReferenceNo = "": null

2018-12-10 09:48:54 - [TEST_STEP][PASSED] - Statement - CaseReferenceNo = readedVal: null

2018-12-10 09:48:54 - [MESSAGE][PASSED] - Call Test Case 'Test Cases/Final Aug 2018 - PKS Automation/Common/Reference Number Getter' successfully

2018-12-10 09:48:54 - [TEST_STEP][PASSED] - callTestCase: Call Test Case 'Test Cases/Final Aug 2018 - PKS Automation/Common/Workflow Owner Finder' successfully

2018-12-10 09:48:54 - [TEST_CASE][PASSED] - Test Cases/Final Aug 2018 - PKS Automation/Common/Workflow Owner Finder: Test Cases/Final Aug 2018 - PKS Automation/Common/Workflow Owner Finder

2018-12-10 09:48:54 - [TEST_STEP][PASSED] - openBrowser: Browser is opened with url: ''

2018-12-10 09:48:54 - [MESSAGE][WARNING] - A browser is already opened. Closing browser and opening a new one

2018-12-10 09:48:57 - [MESSAGE][PASSED] - Browser is opened with url: ''

2018-12-10 09:48:57 - [TEST_STEP][PASSED] - navigateToUrl: Navigate to 'https://assist2-uat.perkeso.gov.my/login' successfully

2018-12-10 09:48:59 - [MESSAGE][PASSED] - Navigate to 'https://assist2-uat.perkeso.gov.my/login' successfully

2018-12-10 09:48:59 - [TEST_STEP][PASSED] - delay: Delayed 5 second(s)

2018-12-10 09:49:04 - [MESSAGE][PASSED] - Delayed 5 second(s)

2018-12-10 09:49:04 - [TEST_STEP][PASSED] - setText: Text 'test@liferay.com' is set on object 'Object Repository/Final Object Repo/Login Page/Internal User/Email Address'

2018-12-10 09:49:04 - [MESSAGE][PASSED] - Text 'test@liferay.com' is set on object 'Object Repository/Final Object Repo/Login Page/Internal User/Email Address'

2018-12-10 09:49:04 - [TEST_STEP][PASSED] - click: Object: 'Object Repository/Final Object Repo/Login Page/Internal User/Next Button' is clicked on

2018-12-10 09:49:04 - [MESSAGE][PASSED] - Object: 'Object Repository/Final Object Repo/Login Page/Internal User/Next Button' is clicked on

2018-12-10 09:49:04 - [TEST_STEP][PASSED] - delay: Delayed 2 second(s)

2018-12-10 09:49:06 - [MESSAGE][PASSED] - Delayed 2 second(s)

2018-12-10 09:49:06 - [TEST_STEP][PASSED] - setText: Text 'test' is set on object 'Object Repository/Final Object Repo/Login Page/Internal User/Password'

2018-12-10 09:49:06 - [MESSAGE][PASSED] - Text 'test' is set on object 'Object Repository/Final Object Repo/Login Page/Internal User/Password'

2018-12-10 09:49:06 - [TEST_STEP][PASSED] - delay: Delayed 2 second(s)

2018-12-10 09:49:08 - [MESSAGE][PASSED] - Delayed 2 second(s)

2018-12-10 09:49:08 - [TEST_STEP][PASSED] - click: Object: 'Object Repository/Final Object Repo/Login Page/Internal User/Login Button' is clicked on

2018-12-10 09:49:09 - [MESSAGE][PASSED] - Object: 'Object Repository/Final Object Repo/Login Page/Internal User/Login Button' is clicked on

2018-12-10 09:49:09 - [TEST_STEP][PASSED] - Statement - tester = com.kms.katalon.core.testobject.ObjectRepository.findTestObject(Final Object Repo/Landing Page/Select to English): Finding Test Object with id 'Object Repository/Final Object Repo/Landing Page/Select to English'

2018-12-10 09:49:09 - [TEST_STEP][PASSED] - Statement - Try: Delayed 2 second(s)

2018-12-10 09:49:09 - [TEST_STEP][PASSED] - Statement - Checker = com.kms.katalon.core.webui.keyword.WebUiBuiltInKeywords.verifyElementNotPresent(tester, 3): Web element with id: 'Object Repository/Final Object Repo/Landing Page/Select to English' located by 'By.xpath: //a[@class = 'taglib-language-list-text' and @lang = 'en-US' and (contains(text(), 'EN') or contains(., 'EN'))]' is not present after '3' second(s)

2018-12-10 09:49:10 - [MESSAGE][PASSED] - Web element with id: 'Object Repository/Final Object Repo/Landing Page/Select to English' located by 'By.xpath: //a[@class = 'taglib-language-list-text' and @lang = 'en-US' and (contains(text(), 'EN') or contains(., 'EN'))]' is not present after '3' second(s)

2018-12-10 09:49:10 - [TEST_STEP][PASSED] - Statement - If (Checker == false): null

2018-12-10 09:49:10 - [TEST_STEP][PASSED] - delay: Delayed 2 second(s)

2018-12-10 09:49:12 - [MESSAGE][PASSED] - Delayed 2 second(s)

2018-12-10 09:49:12 - [TEST_STEP][PASSED] - delay: Delayed 5 second(s)

2018-12-10 09:49:17 - [MESSAGE][PASSED] - Delayed 5 second(s)

2018-12-10 09:49:17 - [TEST_STEP][PASSED] - mouseOver: Object: 'Object Repository/Final Object Repo/Landing Page/WorkFlow Menu' is hovered

2018-12-10 09:49:18 - [MESSAGE][PASSED] - Object: 'Object Repository/Final Object Repo/Landing Page/WorkFlow Menu' is hovered

2018-12-10 09:49:18 - [TEST_STEP][PASSED] - delay: Delayed 2 second(s)

2018-12-10 09:49:20 - [MESSAGE][PASSED] - Delayed 2 second(s)

2018-12-10 09:49:20 - [TEST_STEP][PASSED] - click: Object: 'Object Repository/Final Object Repo/Landing Page/Select to Workflow Listing' is clicked on

2018-12-10 09:49:21 - [MESSAGE][PASSED] - Object: 'Object Repository/Final Object Repo/Landing Page/Select to Workflow Listing' is clicked on

2018-12-10 09:49:21 - [TEST_STEP][PASSED] - delay: Delayed 2 second(s)

2018-12-10 09:49:23 - [MESSAGE][PASSED] - Delayed 2 second(s)

2018-12-10 09:49:23 - [TEST_STEP][PASSED] - click: Object: 'Object Repository/Final Object Repo/WorkFlow Listing Page/Search Information - To Put Ref No' is clicked on

2018-12-10 09:49:23 - [MESSAGE][PASSED] - Object: 'Object Repository/Final Object Repo/WorkFlow Listing Page/Search Information - To Put Ref No' is clicked on

2018-12-10 09:49:23 - [TEST_STEP][PASSED] - delay: Delayed 2 second(s)

2018-12-10 09:49:25 - [MESSAGE][PASSED] - Delayed 2 second(s)

2018-12-10 09:49:25 - [TEST_STEP][PASSED] - callTestCase: Call Test Case 'Test Cases/Final Aug 2018 - PKS Automation/Common/Reference Number Getter' successfully

2018-12-10 09:49:25 - [TEST_CASE][PASSED] - Test Cases/Final Aug 2018 - PKS Automation/Common/Reference Number Getter: Test Cases/Final Aug 2018 - PKS Automation/Common/Reference Number Getter

2018-12-10 09:49:25 - [TEST_STEP][PASSED] - Statement - Try: null

2018-12-10 09:49:25 - [TEST_STEP][PASSED] - Statement - RefNo = new java.io.File(C://Users//Admin//Desktop//PKS//Automation Reference Point//KatalonReference.txt): null

2018-12-10 09:49:25 - [TEST_STEP][PASSED] - Statement - bufferread = new java.io.BufferedReader(new java.io.FileReader(RefNo)): null

2018-12-10 09:49:25 - [TEST_STEP][PASSED] - Statement - readedVal = bufferread.readLine(): null

2018-12-10 09:49:25 - [TEST_STEP][PASSED] - Statement - out.println(CaseReferenceNo): null

2018-12-10 09:49:25 - [TEST_STEP][PASSED] - Statement - out.println(readedVal): null

2018-12-10 09:49:25 - [TEST_STEP][PASSED] - Statement - CaseReferenceNo = "": null

2018-12-10 09:49:25 - [TEST_STEP][PASSED] - Statement - CaseReferenceNo = readedVal: null

2018-12-10 09:49:25 - [MESSAGE][PASSED] - Call Test Case 'Test Cases/Final Aug 2018 - PKS Automation/Common/Reference Number Getter' successfully

2018-12-10 09:49:25 - [TEST_STEP][PASSED] - setText: Text 'CUN122018C100005920' is set on object 'Object Repository/Final Object Repo/WorkFlow Listing Page/Ref No Set Text'

2018-12-10 09:49:25 - [MESSAGE][PASSED] - Text 'CUN122018C100005920' is set on object 'Object Repository/Final Object Repo/WorkFlow Listing Page/Ref No Set Text'

2018-12-10 09:49:25 - [TEST_STEP][PASSED] - delay: Delayed 2 second(s)

2018-12-10 09:49:27 - [MESSAGE][PASSED] - Delayed 2 second(s)

2018-12-10 09:49:27 - [TEST_STEP][PASSED] - click: Object: 'Object Repository/Final Object Repo/WorkFlow Listing Page/Search Ref No Search Button' is clicked on

2018-12-10 09:49:28 - [MESSAGE][PASSED] - Object: 'Object Repository/Final Object Repo/WorkFlow Listing Page/Search Ref No Search Button' is clicked on

2018-12-10 09:49:28 - [TEST_STEP][PASSED] - delay: Delayed 6 second(s)

2018-12-10 09:49:34 - [MESSAGE][PASSED] - Delayed 6 second(s)

2018-12-10 09:49:34 - [TEST_STEP][PASSED] - click: Object: 'Object Repository/Final Object Repo/WorkFlow Listing Page/Click Continue Tooltip' is clicked on

2018-12-10 09:49:35 - [MESSAGE][PASSED] - Object: 'Object Repository/Final Object Repo/WorkFlow Listing Page/Click Continue Tooltip' is clicked on

2018-12-10 09:49:35 - [TEST_STEP][PASSED] - delay: Delayed 5 second(s)

2018-12-10 09:49:40 - [MESSAGE][PASSED] - Delayed 5 second(s)

2018-12-10 09:49:40 - [TEST_STEP][PASSED] - doubleClick: Object: 'Object Repository/Final Object Repo/WorkFlow Listing Page/Workflow Found - Listing 1' is double clicked on

2018-12-10 09:49:40 - [MESSAGE][PASSED] - Object: 'Object Repository/Final Object Repo/WorkFlow Listing Page/Workflow Found - Listing 1' is double clicked on

2018-12-10 09:49:40 - [TEST_STEP][PASSED] - Statement - println(OwnerID): null

2018-12-10 09:49:40 - [TEST_STEP][PASSED] - Statement - OwnerID = com.kms.katalon.core.webui.keyword.WebUiBuiltInKeywords.getText(com.kms.katalon.core.testobject.ObjectRepository.findTestObject(Final Object Repo/WorkFlow Listing Page/Workflow Found - Listing 1), STOP_ON_FAILURE): Text of object 'Object Repository/Final Object Repo/WorkFlow Listing Page/Workflow Found - Listing 1' is: 'JOHORuo2'

2018-12-10 09:49:40 - [MESSAGE][PASSED] - Text of object 'Object Repository/Final Object Repo/WorkFlow Listing Page/Workflow Found - Listing 1' is: 'JOHORuo2'

2018-12-10 09:49:40 - [TEST_STEP][PASSED] - Statement - OwnerID = OwnerID.toLowerCase() + "@gmail.com": null

2018-12-10 09:49:40 - [TEST_STEP][PASSED] - Statement - println(OwnerID): null

2018-12-10 09:49:40 - [TEST_STEP][PASSED] - delay: Delayed 2 second(s)

2018-12-10 09:49:42 - [MESSAGE][PASSED] - Delayed 2 second(s)

2018-12-10 09:49:42 - [MESSAGE][PASSED] - Call Test Case 'Test Cases/Final Aug 2018 - PKS Automation/Common/Workflow Owner Finder' successfully

2018-12-10 09:49:42 - [TEST_STEP][PASSED] - delay: Delayed 1 second(s)

2018-12-10 09:49:43 - [MESSAGE][PASSED] - Delayed 1 second(s)

2018-12-10 09:49:43 - [TEST_STEP][PASSED] - navigateToUrl: Navigate to 'https://assist2-uat.perkeso.gov.my/c/portal/logout' successfully

2018-12-10 09:49:44 - [MESSAGE][PASSED] - Navigate to 'https://assist2-uat.perkeso.gov.my/c/portal/logout' successfully

2018-12-10 09:49:44 - [TEST_STEP][PASSED] - callTestCase: Call Test Case 'Test Cases/Final Aug 2018 - PKS Automation/Registration Module/Workflow/Login and Search Case For Workflow' successfully

2018-12-10 09:49:44 - [TEST_CASE][PASSED] - Test Cases/Final Aug 2018 - PKS Automation/Registration Module/Workflow/Login and Search Case For Workflow: Test Cases/Final Aug 2018 - PKS Automation/Registration Module/Workflow/Login and Search Case For Workflow

2018-12-10 09:49:44 - [TEST_STEP][PASSED] - navigateToUrl: Navigate to 'https://assist2-uat.perkeso.gov.my/login' successfully

2018-12-10 09:49:45 - [MESSAGE][PASSED] - Navigate to 'https://assist2-uat.perkeso.gov.my/login' successfully

2018-12-10 09:49:45 - [TEST_STEP][PASSED] - setText: Text 'johoruo2@gmail.com' is set on object 'Object Repository/Final Object Repo/Login Page/Internal User/Email Address'

2018-12-10 09:49:45 - [MESSAGE][PASSED] - Text 'johoruo2@gmail.com' is set on object 'Object Repository/Final Object Repo/Login Page/Internal User/Email Address'

2018-12-10 09:49:45 - [TEST_STEP][PASSED] - click: Object: 'Object Repository/Final Object Repo/Login Page/Internal User/Next Button' is clicked on

2018-12-10 09:49:45 - [MESSAGE][PASSED] - Object: 'Object Repository/Final Object Repo/Login Page/Internal User/Next Button' is clicked on

2018-12-10 09:49:45 - [TEST_STEP][PASSED] - delay: Delayed 1 second(s)

2018-12-10 09:49:46 - [MESSAGE][PASSED] - Delayed 1 second(s)

2018-12-10 09:49:46 - [TEST_STEP][PASSED] - setEncryptedText: Text ****** has been set on object 'Object Repository/Final Object Repo/Login Page/Internal User/Password'

2018-12-10 09:49:47 - [MESSAGE][PASSED] - Text ****** has been set on object 'Object Repository/Final Object Repo/Login Page/Internal User/Password'

2018-12-10 09:49:47 - [TEST_STEP][PASSED] - click: Object: 'Object Repository/Final Object Repo/Login Page/Internal User/Login Button' is clicked on

2018-12-10 09:49:47 - [MESSAGE][PASSED] - Object: 'Object Repository/Final Object Repo/Login Page/Internal User/Login Button' is clicked on

2018-12-10 09:49:47 - [TEST_STEP][PASSED] - delay: Delayed 2 second(s)

2018-12-10 09:49:49 - [MESSAGE][PASSED] - Delayed 2 second(s)

2018-12-10 09:49:49 - [TEST_STEP][PASSED] - Statement - Try: Delayed 2 second(s)

2018-12-10 09:49:49 - [TEST_STEP][PASSED] - Statement - Checker = false: null

2018-12-10 09:49:49 - [TEST_STEP][PASSED] - Statement - Checker = com.kms.katalon.core.webui.keyword.WebUiBuiltInKeywords.verifyElementHasAttribute(com.kms.katalon.core.testobject.ObjectRepository.findTestObject(Final Object Repo/Landing Page/BM Detecting), "href", 20, OPTIONAL): Object 'Object Repository/Final Object Repo/Landing Page/BM Detecting' has attribute 'href'

2018-12-10 09:49:49 - [MESSAGE][PASSED] - Object 'Object Repository/Final Object Repo/Landing Page/BM Detecting' has attribute 'href'

2018-12-10 09:49:49 - [TEST_STEP][PASSED] - Statement - out.println(Checker): null

2018-12-10 09:49:49 - [TEST_STEP][PASSED] - Statement - If (Checker == false): null

2018-12-10 09:49:49 - [TEST_STEP][PASSED] - Statement - Else: null

2018-12-10 09:49:49 - [TEST_STEP][PASSED] - delay: Delayed 2 second(s)

2018-12-10 09:49:51 - [MESSAGE][PASSED] - Delayed 2 second(s)

2018-12-10 09:49:51 - [TEST_STEP][PASSED] - click: Object: 'Object Repository/Final Object Repo/Page_MyASSIST - ASSIST - Search Pending Case For Add Supporting Document/Search Information' is clicked on

2018-12-10 09:49:51 - [MESSAGE][PASSED] - Object: 'Object Repository/Final Object Repo/Page_MyASSIST - ASSIST - Search Pending Case For Add Supporting Document/Search Information' is clicked on

2018-12-10 09:49:51 - [TEST_STEP][PASSED] - delay: Delayed 3 second(s)

2018-12-10 09:49:54 - [MESSAGE][PASSED] - Delayed 3 second(s)

2018-12-10 09:49:54 - [TEST_STEP][PASSED] - sendKeys: Keys 'CUN122018C100005920' sent to object: 'Object Repository/Final Object Repo/Page_MyASSIST - ASSIST - Search Pending Case For Add Supporting Document/Reference No'

2018-12-10 09:49:54 - [MESSAGE][PASSED] - Keys 'CUN122018C100005920' sent to object: 'Object Repository/Final Object Repo/Page_MyASSIST - ASSIST - Search Pending Case For Add Supporting Document/Reference No'

2018-12-10 09:49:54 - [TEST_STEP][PASSED] - click: Object: 'Object Repository/Final Object Repo/Page_MyASSIST - ASSIST - Search Pending Case For Add Supporting Document/Search Reference No' is clicked on

2018-12-10 09:49:55 - [MESSAGE][PASSED] - Object: 'Object Repository/Final Object Repo/Page_MyASSIST - ASSIST - Search Pending Case For Add Supporting Document/Search Reference No' is clicked on

2018-12-10 09:49:55 - [TEST_STEP][PASSED] - delay: Delayed 2 second(s)

2018-12-10 09:49:57 - [MESSAGE][PASSED] - Delayed 2 second(s)

2018-12-10 09:49:57 - [TEST_STEP][PASSED] - click: Object: 'Object Repository/Final Object Repo/Page_MyASSIST - ASSIST - Search Pending Case For Add Supporting Document/Continue' is clicked on

2018-12-10 09:50:00 - [MESSAGE][PASSED] - Object: 'Object Repository/Final Object Repo/Page_MyASSIST - ASSIST - Search Pending Case For Add Supporting Document/Continue' is clicked on

2018-12-10 09:50:00 - [TEST_STEP][PASSED] - delay: Delayed 20 second(s)

2018-12-10 09:50:20 - [MESSAGE][PASSED] - Delayed 20 second(s)

2018-12-10 09:50:20 - [MESSAGE][PASSED] - Call Test Case 'Test Cases/Final Aug 2018 - PKS Automation/Registration Module/Workflow/Login and Search Case For Workflow' successfully

2018-12-10 09:50:20 - [TEST_STEP][PASSED] - delay: Delayed 10 second(s)

2018-12-10 09:50:30 - [MESSAGE][PASSED] - Delayed 10 second(s)

2018-12-10 09:50:30 - [TEST_STEP][PASSED] - click: Object: 'Object Repository/Final Object Repo/Page_Update Employer Information/Page_Update Employer Information UO (Approve)/Continue' is clicked on

2018-12-10 09:50:34 - [MESSAGE][PASSED] - Object: 'Object Repository/Final Object Repo/Page_Update Employer Information/Page_Update Employer Information UO (Approve)/Continue' is clicked on

2018-12-10 09:50:34 - [TEST_STEP][PASSED] - delay: Delayed 10 second(s)

2018-12-10 09:50:44 - [MESSAGE][PASSED] - Delayed 10 second(s)

2018-12-10 09:50:44 - [TEST_STEP][PASSED] - click: Object: 'Object Repository/Final Object Repo/Page_Update Employer Information/Page_Update Employer Information UO (Approve)/Save  Continue in Update Employer Information Page' is clicked on

2018-12-10 09:50:44 - [MESSAGE][PASSED] - Object: 'Object Repository/Final Object Repo/Page_Update Employer Information/Page_Update Employer Information UO (Approve)/Save  Continue in Update Employer Information Page' is clicked on

2018-12-10 09:50:44 - [TEST_STEP][PASSED] - delay: Delayed 3 second(s)

2018-12-10 09:50:47 - [MESSAGE][PASSED] - Delayed 3 second(s)

2018-12-10 09:50:47 - [TEST_STEP][PASSED] - click: Object: 'Object Repository/Final Object Repo/Page_Update Employer Information/Page_Update Employer Information UO (Approve)/Save  Continue in Uploading Supporting Document Page' is clicked on

2018-12-10 09:50:49 - [MESSAGE][PASSED] - Object: 'Object Repository/Final Object Repo/Page_Update Employer Information/Page_Update Employer Information UO (Approve)/Save  Continue in Uploading Supporting Document Page' is clicked on

2018-12-10 09:50:49 - [TEST_STEP][PASSED] - delay: Delayed 3 second(s)

2018-12-10 09:50:52 - [MESSAGE][PASSED] - Delayed 3 second(s)

2018-12-10 09:50:52 - [TEST_STEP][PASSED] - click: Object: 'Object Repository/Final Object Repo/Page_Update Employer Information/Page_Update Employer Information UO (Approve)/Approve' is clicked on

2018-12-10 09:50:53 - [MESSAGE][PASSED] - Object: 'Object Repository/Final Object Repo/Page_Update Employer Information/Page_Update Employer Information UO (Approve)/Approve' is clicked on

2018-12-10 09:50:53 - [TEST_STEP][PASSED] - delay: Delayed 2 second(s)

2018-12-10 09:50:55 - [MESSAGE][PASSED] - Delayed 2 second(s)

2018-12-10 09:50:55 - [TEST_STEP][PASSED] - click: Object: 'Object Repository/Final Object Repo/Page_Update Employer Information/Page_Update Employer Information UO (Approve)/Confirm' is clicked on

2018-12-10 09:50:55 - [MESSAGE][PASSED] - Object: 'Object Repository/Final Object Repo/Page_Update Employer Information/Page_Update Employer Information UO (Approve)/Confirm' is clicked on

2018-12-10 09:50:55 - [TEST_STEP][PASSED] - delay: Delayed 2 second(s)

2018-12-10 09:50:57 - [MESSAGE][PASSED] - Delayed 2 second(s)

2018-12-10 09:50:57 - [TEST_STEP][PASSED] - verifyElementVisible: Object 'Object Repository/Final Object Repo/Page_Update Employer Information/Page_Update Employer Information UO (Approve)/Message Your Request' is visible

2018-12-10 09:51:05 - [MESSAGE][PASSED] - Object 'Object Repository/Final Object Repo/Page_Update Employer Information/Page_Update Employer Information UO (Approve)/Message Your Request' is visible

2018-12-10 09:51:05 - [TEST_STEP][PASSED] - verifyElementVisible: Object 'Object Repository/Final Object Repo/Page_Update Employer Information/Page_Update Employer Information UO (Approve)/Letter of successful update' is visible

2018-12-10 09:51:05 - [MESSAGE][PASSED] - Object 'Object Repository/Final Object Repo/Page_Update Employer Information/Page_Update Employer Information UO (Approve)/Letter of successful update' is visible

2018-12-10 09:51:05 - [MESSAGE][PASSED] - Call Test Case 'Test Cases/Final Aug 2018 - PKS Automation/Registration Module/Workflow/Update Employer Information/Template/Update Employer Information - Special Case - UO (Approve)' successfully]]></system-out>
         <system-err><![CDATA[]]></system-err>
      </testcase>
      <testcase name="Test Cases/Final Aug 2018 - PKS Automation/Registration Module/Workflow/Update Employer Information/Employer - UO (Query)" classname="Test Cases/Final Aug 2018 - PKS Automation/Registration Module/Workflow/Update Employer Information/Employer - UO (Query)" status="PASSED">
         <system-out><![CDATA[2018-12-10 09:51:05 - [TEST_CASE][PASSED] - Test Cases/Final Aug 2018 - PKS Automation/Registration Module/Workflow/Update Employer Information/Employer - UO (Query): Test Cases/Final Aug 2018 - PKS Automation/Registration Module/Workflow/Update Employer Information/Employer - UO (Query)

2018-12-10 09:51:05 - [TEST_STEP][PASSED] - callTestCase: Call Test Case 'Test Cases/Final Aug 2018 - PKS Automation/Registration Module/Workflow/Update Employer Information/Template/Update Employer Information - Special Case (Employer)' successfully

2018-12-10 09:51:05 - [TEST_CASE][PASSED] - Test Cases/Final Aug 2018 - PKS Automation/Registration Module/Workflow/Update Employer Information/Template/Update Employer Information - Special Case (Employer): Test Cases/Final Aug 2018 - PKS Automation/Registration Module/Workflow/Update Employer Information/Template/Update Employer Information - Special Case (Employer)

2018-12-10 09:51:05 - [TEST_STEP][PASSED] - callTestCase: Call Test Case 'Test Cases/Final Aug 2018 - PKS Automation/Create Employer Acc/Login to Employer Account (Second time)' successfully

2018-12-10 09:51:05 - [TEST_CASE][PASSED] - Test Cases/Final Aug 2018 - PKS Automation/Create Employer Acc/Login to Employer Account (Second time): Test Cases/Final Aug 2018 - PKS Automation/Create Employer Acc/Login to Employer Account (Second time)

2018-12-10 09:51:05 - [TEST_STEP][PASSED] - openBrowser: Browser is opened with url: ''

2018-12-10 09:51:05 - [MESSAGE][WARNING] - A browser is already opened. Closing browser and opening a new one

2018-12-10 09:51:08 - [MESSAGE][PASSED] - Browser is opened with url: ''

2018-12-10 09:51:08 - [TEST_STEP][PASSED] - navigateToUrl: Navigate to 'https://assist2-uat.perkeso.gov.my/employer/login' successfully

2018-12-10 09:51:09 - [MESSAGE][PASSED] - Navigate to 'https://assist2-uat.perkeso.gov.my/employer/login' successfully

2018-12-10 09:51:09 - [TEST_STEP][PASSED] - delay: Delayed 3 second(s)

2018-12-10 09:51:12 - [MESSAGE][PASSED] - Delayed 3 second(s)

2018-12-10 09:51:12 - [TEST_STEP][PASSED] - callTestCase: Call Test Case 'Test Cases/Final Aug 2018 - PKS Automation/Create Employer Acc/Template/Employer Email Getter' successfully

2018-12-10 09:51:12 - [TEST_CASE][PASSED] - Test Cases/Final Aug 2018 - PKS Automation/Create Employer Acc/Template/Employer Email Getter: Test Cases/Final Aug 2018 - PKS Automation/Create Employer Acc/Template/Employer Email Getter

2018-12-10 09:51:12 - [TEST_STEP][PASSED] - Statement - Try: null

2018-12-10 09:51:12 - [TEST_STEP][PASSED] - Statement - EmpEmail = new java.io.File(C://Users//Admin//Desktop//PKS//Automation Reference Point//EmpEmail.txt): null

2018-12-10 09:51:12 - [TEST_STEP][PASSED] - Statement - bufferread = new java.io.BufferedReader(new java.io.FileReader(EmpEmail)): null

2018-12-10 09:51:12 - [TEST_STEP][PASSED] - Statement - readedVal = bufferread.readLine(): null

2018-12-10 09:51:12 - [TEST_STEP][PASSED] - Statement - out.println(readedVal): null

2018-12-10 09:51:12 - [TEST_STEP][PASSED] - Statement - Email = readedVal: null

2018-12-10 09:51:12 - [MESSAGE][PASSED] - Call Test Case 'Test Cases/Final Aug 2018 - PKS Automation/Create Employer Acc/Template/Employer Email Getter' successfully

2018-12-10 09:51:12 - [TEST_STEP][PASSED] - setText: Text 'perkeso683269865951@gmail.com' is set on object 'Object Repository/Final Object Repo/Login Page/External Login Page/Email'

2018-12-10 09:51:13 - [MESSAGE][PASSED] - Text 'perkeso683269865951@gmail.com' is set on object 'Object Repository/Final Object Repo/Login Page/External Login Page/Email'

2018-12-10 09:51:13 - [TEST_STEP][PASSED] - click: Object: 'Object Repository/Final Object Repo/Login Page/External Login Page/Next' is clicked on

2018-12-10 09:51:13 - [MESSAGE][PASSED] - Object: 'Object Repository/Final Object Repo/Login Page/External Login Page/Next' is clicked on

2018-12-10 09:51:13 - [TEST_STEP][PASSED] - delay: Delayed 3 second(s)

2018-12-10 09:51:16 - [MESSAGE][PASSED] - Delayed 3 second(s)

2018-12-10 09:51:16 - [TEST_STEP][PASSED] - setEncryptedText: Text ****** has been set on object 'Object Repository/Final Object Repo/Login Page/External Login Page/Password'

2018-12-10 09:51:16 - [MESSAGE][PASSED] - Text ****** has been set on object 'Object Repository/Final Object Repo/Login Page/External Login Page/Password'

2018-12-10 09:51:16 - [TEST_STEP][PASSED] - click: Object: 'Object Repository/Final Object Repo/Login Page/External Login Page/Login' is clicked on

2018-12-10 09:51:16 - [MESSAGE][PASSED] - Object: 'Object Repository/Final Object Repo/Login Page/External Login Page/Login' is clicked on

2018-12-10 09:51:16 - [TEST_STEP][PASSED] - delay: Delayed 5 second(s)

2018-12-10 09:51:21 - [MESSAGE][PASSED] - Delayed 5 second(s)

2018-12-10 09:51:21 - [MESSAGE][PASSED] - Call Test Case 'Test Cases/Final Aug 2018 - PKS Automation/Create Employer Acc/Login to Employer Account (Second time)' successfully

2018-12-10 09:51:21 - [TEST_STEP][PASSED] - Statement - tester = com.kms.katalon.core.testobject.ObjectRepository.findTestObject(Final Object Repo/Landing Page/Select to English): Finding Test Object with id 'Object Repository/Final Object Repo/Landing Page/Select to English'

2018-12-10 09:51:21 - [TEST_STEP][PASSED] - Statement - Try: Delayed 2 second(s)

2018-12-10 09:51:21 - [TEST_STEP][PASSED] - Statement - Checker = com.kms.katalon.core.webui.keyword.WebUiBuiltInKeywords.verifyElementNotPresent(tester, 3): Web element with id: 'Object Repository/Final Object Repo/Landing Page/Select to English' located by 'By.xpath: //a[@class = 'taglib-language-list-text' and @lang = 'en-US' and (contains(text(), 'EN') or contains(., 'EN'))]' is not present after '3' second(s)

2018-12-10 09:51:22 - [MESSAGE][PASSED] - Web element with id: 'Object Repository/Final Object Repo/Landing Page/Select to English' located by 'By.xpath: //a[@class = 'taglib-language-list-text' and @lang = 'en-US' and (contains(text(), 'EN') or contains(., 'EN'))]' is not present after '3' second(s)

2018-12-10 09:51:22 - [TEST_STEP][PASSED] - Statement - If (Checker == false): null

2018-12-10 09:51:22 - [TEST_STEP][PASSED] - delay: Delayed 2 second(s)

2018-12-10 09:51:24 - [MESSAGE][PASSED] - Delayed 2 second(s)

2018-12-10 09:51:24 - [TEST_STEP][PASSED] - delay: Delayed 5 second(s)

2018-12-10 09:51:29 - [MESSAGE][PASSED] - Delayed 5 second(s)

2018-12-10 09:51:29 - [TEST_STEP][PASSED] - navigateToUrl: Navigate to 'https://assist2-uat.perkeso.gov.my/web/registration/update/update-employer-information' successfully

2018-12-10 09:51:29 - [MESSAGE][PASSED] - Navigate to 'https://assist2-uat.perkeso.gov.my/web/registration/update/update-employer-information' successfully

2018-12-10 09:51:29 - [TEST_STEP][PASSED] - click: Object: 'Object Repository/Final Object Repo/Page_Update Employer Information/Edit Button' is clicked on

2018-12-10 09:51:32 - [MESSAGE][PASSED] - Object: 'Object Repository/Final Object Repo/Page_Update Employer Information/Edit Button' is clicked on

2018-12-10 09:51:32 - [TEST_STEP][PASSED] - click: Object: 'Object Repository/Final Object Repo/Page_Update Employer Information/Business Entity' is clicked on

2018-12-10 09:51:32 - [MESSAGE][PASSED] - Object: 'Object Repository/Final Object Repo/Page_Update Employer Information/Business Entity' is clicked on

2018-12-10 09:51:32 - [TEST_STEP][PASSED] - Statement - CurrentBusinessEntity = "": null

2018-12-10 09:51:32 - [TEST_STEP][PASSED] - Statement - CurrentBusinessEntity = com.kms.katalon.core.webui.keyword.WebUiBuiltInKeywords.getText(com.kms.katalon.core.testobject.ObjectRepository.findTestObject(Final Object Repo/Page_Update Employer Information/Current Business Entity)): Text of object 'Object Repository/Final Object Repo/Page_Update Employer Information/Current Business Entity' is: 'Partnership'

2018-12-10 09:51:32 - [MESSAGE][PASSED] - Text of object 'Object Repository/Final Object Repo/Page_Update Employer Information/Current Business Entity' is: 'Partnership'

2018-12-10 09:51:32 - [TEST_STEP][PASSED] - Statement - out.println(CurrentBusinessEntity): null

2018-12-10 09:51:32 - [TEST_STEP][PASSED] - Statement - If (CurrentBusinessEntity == "Corporation"): null

2018-12-10 09:51:32 - [TEST_STEP][PASSED] - Statement - Else If (CurrentBusinessEntity == "Partnership"): Delayed 3 second(s)

2018-12-10 09:51:32 - [TEST_STEP][PASSED] - Statement - obj = com.kms.katalon.core.webui.keyword.WebUiBuiltInKeywords.modifyObjectProperty(com.kms.katalon.core.testobject.ObjectRepository.findTestObject(Final Object Repo/Page_Update Employer Information/change to this Business Entity), "xpath", "equals", "//ul/li/span[contains(text(),"Sole Proprietor / Individual Business")]", true, STOP_ON_FAILURE): Modify property of object successfully

2018-12-10 09:51:32 - [MESSAGE][PASSED] - Modify property of object successfully

2018-12-10 09:51:32 - [TEST_STEP][PASSED] - click: Object: 'Object Repository/Final Object Repo/Page_Update Employer Information/change to this Business Entity' is clicked on

2018-12-10 09:51:32 - [MESSAGE][PASSED] - Object: 'Object Repository/Final Object Repo/Page_Update Employer Information/change to this Business Entity' is clicked on

2018-12-10 09:51:32 - [TEST_STEP][PASSED] - delay: Delayed 1 second(s)

2018-12-10 09:51:33 - [MESSAGE][PASSED] - Delayed 1 second(s)

2018-12-10 09:51:33 - [TEST_STEP][PASSED] - click: Object: 'Object Repository/Final Object Repo/Page_Update Employer Information/Sub Business Entity' is clicked on

2018-12-10 09:51:34 - [MESSAGE][PASSED] - Object: 'Object Repository/Final Object Repo/Page_Update Employer Information/Sub Business Entity' is clicked on

2018-12-10 09:51:34 - [TEST_STEP][PASSED] - click: Object: 'Object Repository/Final Object Repo/Page_Update Employer Information/Sub Business Entity - Sole Properietor - Registered with other Agencies' is clicked on

2018-12-10 09:51:34 - [MESSAGE][PASSED] - Object: 'Object Repository/Final Object Repo/Page_Update Employer Information/Sub Business Entity - Sole Properietor - Registered with other Agencies' is clicked on

2018-12-10 09:51:34 - [TEST_STEP][PASSED] - delay: Delayed 3 second(s)

2018-12-10 09:51:37 - [MESSAGE][PASSED] - Delayed 3 second(s)

2018-12-10 09:51:37 - [TEST_STEP][PASSED] - delay: Delayed 4 second(s)

2018-12-10 09:51:41 - [MESSAGE][PASSED] - Delayed 4 second(s)

2018-12-10 09:51:41 - [TEST_STEP][PASSED] - click: Object: 'Object Repository/Final Object Repo/Page_Update Employer Information/Save  Continue' is clicked on

2018-12-10 09:51:41 - [MESSAGE][PASSED] - Object: 'Object Repository/Final Object Repo/Page_Update Employer Information/Save  Continue' is clicked on

2018-12-10 09:51:41 - [TEST_STEP][PASSED] - delay: Delayed 4 second(s)

2018-12-10 09:51:45 - [MESSAGE][PASSED] - Delayed 4 second(s)

2018-12-10 09:51:45 - [TEST_STEP][PASSED] - click: Object: 'Object Repository/Final Object Repo/Page_Update Employer Information/Save  Continue (1)' is clicked on

2018-12-10 09:51:45 - [MESSAGE][PASSED] - Object: 'Object Repository/Final Object Repo/Page_Update Employer Information/Save  Continue (1)' is clicked on

2018-12-10 09:51:45 - [TEST_STEP][PASSED] - Statement - CaseReferenceNo = com.kms.katalon.core.webui.keyword.WebUiBuiltInKeywords.getText(com.kms.katalon.core.testobject.ObjectRepository.findTestObject(Final Object Repo/Page_Update Employer Information/Reference Number in Update Employee Information Page)): Text of object 'Object Repository/Final Object Repo/Page_Update Employer Information/Reference Number in Update Employee Information Page' is: 'CUN122018C100005921'

2018-12-10 09:51:49 - [MESSAGE][PASSED] - Text of object 'Object Repository/Final Object Repo/Page_Update Employer Information/Reference Number in Update Employee Information Page' is: 'CUN122018C100005921'

2018-12-10 09:51:49 - [TEST_STEP][PASSED] - callTestCase: Call Test Case 'Test Cases/Final Aug 2018 - PKS Automation/Common/Reference Number Setter' successfully

2018-12-10 09:51:49 - [TEST_CASE][PASSED] - Test Cases/Final Aug 2018 - PKS Automation/Common/Reference Number Setter: Test Cases/Final Aug 2018 - PKS Automation/Common/Reference Number Setter

2018-12-10 09:51:49 - [TEST_STEP][PASSED] - Statement - RefNoOldFile = new java.io.File(C://Users//Admin//Desktop//PKS//Automation Reference Point//KatalonReference.txt): null

2018-12-10 09:51:49 - [TEST_STEP][PASSED] - Statement - RefNoOldFile.delete(): null

2018-12-10 09:51:49 - [TEST_STEP][PASSED] - delay: Delayed 5 second(s)

2018-12-10 09:51:54 - [MESSAGE][PASSED] - Delayed 5 second(s)

2018-12-10 09:51:54 - [TEST_STEP][PASSED] - Statement - RefNo = new java.io.File(C://Users//Admin//Desktop//PKS//Automation Reference Point//KatalonReference.txt): null

2018-12-10 09:51:54 - [TEST_STEP][PASSED] - Statement - f2 = new java.io.FileWriter(RefNo, false): null

2018-12-10 09:51:54 - [TEST_STEP][PASSED] - Statement - f2.write(CaseReferenceNo): null

2018-12-10 09:51:54 - [TEST_STEP][PASSED] - Statement - f2.close(): null

2018-12-10 09:51:54 - [TEST_STEP][PASSED] - Statement - out.println("


" + CaseReferenceNo + "


"): null

2018-12-10 09:51:54 - [MESSAGE][PASSED] - Call Test Case 'Test Cases/Final Aug 2018 - PKS Automation/Common/Reference Number Setter' successfully

2018-12-10 09:51:54 - [TEST_STEP][PASSED] - delay: Delayed 4 second(s)

2018-12-10 09:51:58 - [MESSAGE][PASSED] - Delayed 4 second(s)

2018-12-10 09:51:58 - [TEST_STEP][PASSED] - click: Object: 'Object Repository/Final Object Repo/Page_Update Employer Information/Submit - Copy' is clicked on

2018-12-10 09:51:58 - [MESSAGE][PASSED] - Object: 'Object Repository/Final Object Repo/Page_Update Employer Information/Submit - Copy' is clicked on

2018-12-10 09:51:58 - [TEST_STEP][PASSED] - delay: Delayed 2 second(s)

2018-12-10 09:52:00 - [MESSAGE][PASSED] - Delayed 2 second(s)

2018-12-10 09:52:00 - [TEST_STEP][PASSED] - click: Object: 'Object Repository/Final Object Repo/Page_Update Employer Information/Confirm' is clicked on

2018-12-10 09:52:01 - [MESSAGE][PASSED] - Object: 'Object Repository/Final Object Repo/Page_Update Employer Information/Confirm' is clicked on

2018-12-10 09:52:01 - [TEST_STEP][PASSED] - delay: Delayed 2 second(s)

2018-12-10 09:52:03 - [MESSAGE][PASSED] - Delayed 2 second(s)

2018-12-10 09:52:03 - [TEST_STEP][PASSED] - click: Object: 'Object Repository/Final Object Repo/Page_Update Employer Information/Message Your Request will be route' is clicked on

2018-12-10 09:52:06 - [MESSAGE][PASSED] - Object: 'Object Repository/Final Object Repo/Page_Update Employer Information/Message Your Request will be route' is clicked on

2018-12-10 09:52:06 - [MESSAGE][PASSED] - Call Test Case 'Test Cases/Final Aug 2018 - PKS Automation/Registration Module/Workflow/Update Employer Information/Template/Update Employer Information - Special Case (Employer)' successfully

2018-12-10 09:52:06 - [TEST_STEP][PASSED] - callTestCase: Call Test Case 'Test Cases/Final Aug 2018 - PKS Automation/Registration Module/Workflow/Update Employer Information/Template/Update Employer Information - Special Case - UO (Query)' successfully

2018-12-10 09:52:06 - [TEST_CASE][PASSED] - Test Cases/Final Aug 2018 - PKS Automation/Registration Module/Workflow/Update Employer Information/Template/Update Employer Information - Special Case - UO (Query): Test Cases/Final Aug 2018 - PKS Automation/Registration Module/Workflow/Update Employer Information/Template/Update Employer Information - Special Case - UO (Query)

2018-12-10 09:52:07 - [TEST_STEP][NOT_RUN] - callTestCase: NOT_RUN: callTestCase

2018-12-10 09:52:07 - [MESSAGE][NOT_RUN] - NOT_RUN: callTestCase

2018-12-10 09:52:07 - [TEST_STEP][PASSED] - delay: Delayed 1 second(s)

2018-12-10 09:52:08 - [MESSAGE][PASSED] - Delayed 1 second(s)

2018-12-10 09:52:08 - [TEST_STEP][PASSED] - navigateToUrl: Navigate to 'https://assist2-uat.perkeso.gov.my/c/portal/logout' successfully

2018-12-10 09:52:09 - [MESSAGE][PASSED] - Navigate to 'https://assist2-uat.perkeso.gov.my/c/portal/logout' successfully

2018-12-10 09:52:09 - [TEST_STEP][PASSED] - delay: Delayed 1 second(s)

2018-12-10 09:52:10 - [MESSAGE][PASSED] - Delayed 1 second(s)

2018-12-10 09:52:10 - [TEST_STEP][PASSED] - callTestCase: Call Test Case 'Test Cases/Final Aug 2018 - PKS Automation/Common/Reference Number Getter' successfully

2018-12-10 09:52:10 - [TEST_CASE][PASSED] - Test Cases/Final Aug 2018 - PKS Automation/Common/Reference Number Getter: Test Cases/Final Aug 2018 - PKS Automation/Common/Reference Number Getter

2018-12-10 09:52:10 - [TEST_STEP][PASSED] - Statement - Try: null

2018-12-10 09:52:10 - [TEST_STEP][PASSED] - Statement - RefNo = new java.io.File(C://Users//Admin//Desktop//PKS//Automation Reference Point//KatalonReference.txt): null

2018-12-10 09:52:10 - [TEST_STEP][PASSED] - Statement - bufferread = new java.io.BufferedReader(new java.io.FileReader(RefNo)): null

2018-12-10 09:52:10 - [TEST_STEP][PASSED] - Statement - readedVal = bufferread.readLine(): null

2018-12-10 09:52:10 - [TEST_STEP][PASSED] - Statement - out.println(CaseReferenceNo): null

2018-12-10 09:52:10 - [TEST_STEP][PASSED] - Statement - out.println(readedVal): null

2018-12-10 09:52:10 - [TEST_STEP][PASSED] - Statement - CaseReferenceNo = "": null

2018-12-10 09:52:10 - [TEST_STEP][PASSED] - Statement - CaseReferenceNo = readedVal: null

2018-12-10 09:52:10 - [MESSAGE][PASSED] - Call Test Case 'Test Cases/Final Aug 2018 - PKS Automation/Common/Reference Number Getter' successfully

2018-12-10 09:52:10 - [TEST_STEP][PASSED] - callTestCase: Call Test Case 'Test Cases/Final Aug 2018 - PKS Automation/Common/Workflow Owner Finder' successfully

2018-12-10 09:52:10 - [TEST_CASE][PASSED] - Test Cases/Final Aug 2018 - PKS Automation/Common/Workflow Owner Finder: Test Cases/Final Aug 2018 - PKS Automation/Common/Workflow Owner Finder

2018-12-10 09:52:10 - [TEST_STEP][PASSED] - openBrowser: Browser is opened with url: ''

2018-12-10 09:52:10 - [MESSAGE][WARNING] - A browser is already opened. Closing browser and opening a new one

2018-12-10 09:52:13 - [MESSAGE][PASSED] - Browser is opened with url: ''

2018-12-10 09:52:13 - [TEST_STEP][PASSED] - navigateToUrl: Navigate to 'https://assist2-uat.perkeso.gov.my/login' successfully

2018-12-10 09:52:14 - [MESSAGE][PASSED] - Navigate to 'https://assist2-uat.perkeso.gov.my/login' successfully

2018-12-10 09:52:14 - [TEST_STEP][PASSED] - delay: Delayed 5 second(s)

2018-12-10 09:52:19 - [MESSAGE][PASSED] - Delayed 5 second(s)

2018-12-10 09:52:19 - [TEST_STEP][PASSED] - setText: Text 'test@liferay.com' is set on object 'Object Repository/Final Object Repo/Login Page/Internal User/Email Address'

2018-12-10 09:52:19 - [MESSAGE][PASSED] - Text 'test@liferay.com' is set on object 'Object Repository/Final Object Repo/Login Page/Internal User/Email Address'

2018-12-10 09:52:19 - [TEST_STEP][PASSED] - click: Object: 'Object Repository/Final Object Repo/Login Page/Internal User/Next Button' is clicked on

2018-12-10 09:52:19 - [MESSAGE][PASSED] - Object: 'Object Repository/Final Object Repo/Login Page/Internal User/Next Button' is clicked on

2018-12-10 09:52:19 - [TEST_STEP][PASSED] - delay: Delayed 2 second(s)

2018-12-10 09:52:21 - [MESSAGE][PASSED] - Delayed 2 second(s)

2018-12-10 09:52:21 - [TEST_STEP][PASSED] - setText: Text 'test' is set on object 'Object Repository/Final Object Repo/Login Page/Internal User/Password'

2018-12-10 09:52:22 - [MESSAGE][PASSED] - Text 'test' is set on object 'Object Repository/Final Object Repo/Login Page/Internal User/Password'

2018-12-10 09:52:22 - [TEST_STEP][PASSED] - delay: Delayed 2 second(s)

2018-12-10 09:52:24 - [MESSAGE][PASSED] - Delayed 2 second(s)

2018-12-10 09:52:24 - [TEST_STEP][PASSED] - click: Object: 'Object Repository/Final Object Repo/Login Page/Internal User/Login Button' is clicked on

2018-12-10 09:52:24 - [MESSAGE][PASSED] - Object: 'Object Repository/Final Object Repo/Login Page/Internal User/Login Button' is clicked on

2018-12-10 09:52:24 - [TEST_STEP][PASSED] - Statement - tester = com.kms.katalon.core.testobject.ObjectRepository.findTestObject(Final Object Repo/Landing Page/Select to English): Finding Test Object with id 'Object Repository/Final Object Repo/Landing Page/Select to English'

2018-12-10 09:52:24 - [TEST_STEP][PASSED] - Statement - Try: Delayed 2 second(s)

2018-12-10 09:52:24 - [TEST_STEP][PASSED] - Statement - Checker = com.kms.katalon.core.webui.keyword.WebUiBuiltInKeywords.verifyElementNotPresent(tester, 3): Web element with id: 'Object Repository/Final Object Repo/Landing Page/Select to English' located by 'By.xpath: //a[@class = 'taglib-language-list-text' and @lang = 'en-US' and (contains(text(), 'EN') or contains(., 'EN'))]' is not present after '3' second(s)

2018-12-10 09:52:26 - [MESSAGE][PASSED] - Web element with id: 'Object Repository/Final Object Repo/Landing Page/Select to English' located by 'By.xpath: //a[@class = 'taglib-language-list-text' and @lang = 'en-US' and (contains(text(), 'EN') or contains(., 'EN'))]' is not present after '3' second(s)

2018-12-10 09:52:26 - [TEST_STEP][PASSED] - Statement - If (Checker == false): null

2018-12-10 09:52:26 - [TEST_STEP][PASSED] - delay: Delayed 2 second(s)

2018-12-10 09:52:28 - [MESSAGE][PASSED] - Delayed 2 second(s)

2018-12-10 09:52:28 - [TEST_STEP][PASSED] - delay: Delayed 5 second(s)

2018-12-10 09:52:33 - [MESSAGE][PASSED] - Delayed 5 second(s)

2018-12-10 09:52:33 - [TEST_STEP][PASSED] - mouseOver: Object: 'Object Repository/Final Object Repo/Landing Page/WorkFlow Menu' is hovered

2018-12-10 09:52:33 - [MESSAGE][PASSED] - Object: 'Object Repository/Final Object Repo/Landing Page/WorkFlow Menu' is hovered

2018-12-10 09:52:33 - [TEST_STEP][PASSED] - delay: Delayed 2 second(s)

2018-12-10 09:52:35 - [MESSAGE][PASSED] - Delayed 2 second(s)

2018-12-10 09:52:35 - [TEST_STEP][PASSED] - click: Object: 'Object Repository/Final Object Repo/Landing Page/Select to Workflow Listing' is clicked on

2018-12-10 09:52:36 - [MESSAGE][PASSED] - Object: 'Object Repository/Final Object Repo/Landing Page/Select to Workflow Listing' is clicked on

2018-12-10 09:52:36 - [TEST_STEP][PASSED] - delay: Delayed 2 second(s)

2018-12-10 09:52:38 - [MESSAGE][PASSED] - Delayed 2 second(s)

2018-12-10 09:52:38 - [TEST_STEP][PASSED] - click: Object: 'Object Repository/Final Object Repo/WorkFlow Listing Page/Search Information - To Put Ref No' is clicked on

2018-12-10 09:52:38 - [MESSAGE][PASSED] - Object: 'Object Repository/Final Object Repo/WorkFlow Listing Page/Search Information - To Put Ref No' is clicked on

2018-12-10 09:52:38 - [TEST_STEP][PASSED] - delay: Delayed 2 second(s)

2018-12-10 09:52:40 - [MESSAGE][PASSED] - Delayed 2 second(s)

2018-12-10 09:52:40 - [TEST_STEP][PASSED] - callTestCase: Call Test Case 'Test Cases/Final Aug 2018 - PKS Automation/Common/Reference Number Getter' successfully

2018-12-10 09:52:40 - [TEST_CASE][PASSED] - Test Cases/Final Aug 2018 - PKS Automation/Common/Reference Number Getter: Test Cases/Final Aug 2018 - PKS Automation/Common/Reference Number Getter

2018-12-10 09:52:40 - [TEST_STEP][PASSED] - Statement - Try: null

2018-12-10 09:52:40 - [TEST_STEP][PASSED] - Statement - RefNo = new java.io.File(C://Users//Admin//Desktop//PKS//Automation Reference Point//KatalonReference.txt): null

2018-12-10 09:52:40 - [TEST_STEP][PASSED] - Statement - bufferread = new java.io.BufferedReader(new java.io.FileReader(RefNo)): null

2018-12-10 09:52:40 - [TEST_STEP][PASSED] - Statement - readedVal = bufferread.readLine(): null

2018-12-10 09:52:40 - [TEST_STEP][PASSED] - Statement - out.println(CaseReferenceNo): null

2018-12-10 09:52:40 - [TEST_STEP][PASSED] - Statement - out.println(readedVal): null

2018-12-10 09:52:40 - [TEST_STEP][PASSED] - Statement - CaseReferenceNo = "": null

2018-12-10 09:52:40 - [TEST_STEP][PASSED] - Statement - CaseReferenceNo = readedVal: null

2018-12-10 09:52:40 - [MESSAGE][PASSED] - Call Test Case 'Test Cases/Final Aug 2018 - PKS Automation/Common/Reference Number Getter' successfully

2018-12-10 09:52:40 - [TEST_STEP][PASSED] - setText: Text 'CUN122018C100005921' is set on object 'Object Repository/Final Object Repo/WorkFlow Listing Page/Ref No Set Text'

2018-12-10 09:52:41 - [MESSAGE][PASSED] - Text 'CUN122018C100005921' is set on object 'Object Repository/Final Object Repo/WorkFlow Listing Page/Ref No Set Text'

2018-12-10 09:52:41 - [TEST_STEP][PASSED] - delay: Delayed 2 second(s)

2018-12-10 09:52:43 - [MESSAGE][PASSED] - Delayed 2 second(s)

2018-12-10 09:52:43 - [TEST_STEP][PASSED] - click: Object: 'Object Repository/Final Object Repo/WorkFlow Listing Page/Search Ref No Search Button' is clicked on

2018-12-10 09:52:43 - [MESSAGE][PASSED] - Object: 'Object Repository/Final Object Repo/WorkFlow Listing Page/Search Ref No Search Button' is clicked on

2018-12-10 09:52:43 - [TEST_STEP][PASSED] - delay: Delayed 6 second(s)

2018-12-10 09:52:49 - [MESSAGE][PASSED] - Delayed 6 second(s)

2018-12-10 09:52:49 - [TEST_STEP][PASSED] - click: Object: 'Object Repository/Final Object Repo/WorkFlow Listing Page/Click Continue Tooltip' is clicked on

2018-12-10 09:52:50 - [MESSAGE][PASSED] - Object: 'Object Repository/Final Object Repo/WorkFlow Listing Page/Click Continue Tooltip' is clicked on

2018-12-10 09:52:50 - [TEST_STEP][PASSED] - delay: Delayed 5 second(s)

2018-12-10 09:52:55 - [MESSAGE][PASSED] - Delayed 5 second(s)

2018-12-10 09:52:55 - [TEST_STEP][PASSED] - doubleClick: Object: 'Object Repository/Final Object Repo/WorkFlow Listing Page/Workflow Found - Listing 1' is double clicked on

2018-12-10 09:52:55 - [MESSAGE][PASSED] - Object: 'Object Repository/Final Object Repo/WorkFlow Listing Page/Workflow Found - Listing 1' is double clicked on

2018-12-10 09:52:55 - [TEST_STEP][PASSED] - Statement - println(OwnerID): null

2018-12-10 09:52:55 - [TEST_STEP][PASSED] - Statement - OwnerID = com.kms.katalon.core.webui.keyword.WebUiBuiltInKeywords.getText(com.kms.katalon.core.testobject.ObjectRepository.findTestObject(Final Object Repo/WorkFlow Listing Page/Workflow Found - Listing 1), STOP_ON_FAILURE): Text of object 'Object Repository/Final Object Repo/WorkFlow Listing Page/Workflow Found - Listing 1' is: 'JOHORuo3'

2018-12-10 09:52:55 - [MESSAGE][PASSED] - Text of object 'Object Repository/Final Object Repo/WorkFlow Listing Page/Workflow Found - Listing 1' is: 'JOHORuo3'

2018-12-10 09:52:55 - [TEST_STEP][PASSED] - Statement - OwnerID = OwnerID.toLowerCase() + "@gmail.com": null

2018-12-10 09:52:55 - [TEST_STEP][PASSED] - Statement - println(OwnerID): null

2018-12-10 09:52:55 - [TEST_STEP][PASSED] - delay: Delayed 2 second(s)

2018-12-10 09:52:57 - [MESSAGE][PASSED] - Delayed 2 second(s)

2018-12-10 09:52:57 - [MESSAGE][PASSED] - Call Test Case 'Test Cases/Final Aug 2018 - PKS Automation/Common/Workflow Owner Finder' successfully

2018-12-10 09:52:57 - [TEST_STEP][PASSED] - delay: Delayed 1 second(s)

2018-12-10 09:52:58 - [MESSAGE][PASSED] - Delayed 1 second(s)

2018-12-10 09:52:58 - [TEST_STEP][PASSED] - navigateToUrl: Navigate to 'https://assist2-uat.perkeso.gov.my/c/portal/logout' successfully

2018-12-10 09:52:59 - [MESSAGE][PASSED] - Navigate to 'https://assist2-uat.perkeso.gov.my/c/portal/logout' successfully

2018-12-10 09:52:59 - [TEST_STEP][PASSED] - delay: Delayed 1 second(s)

2018-12-10 09:53:00 - [MESSAGE][PASSED] - Delayed 1 second(s)

2018-12-10 09:53:00 - [TEST_STEP][PASSED] - callTestCase: Call Test Case 'Test Cases/Final Aug 2018 - PKS Automation/Registration Module/Workflow/Login and Search Case For Workflow' successfully

2018-12-10 09:53:00 - [TEST_CASE][PASSED] - Test Cases/Final Aug 2018 - PKS Automation/Registration Module/Workflow/Login and Search Case For Workflow: Test Cases/Final Aug 2018 - PKS Automation/Registration Module/Workflow/Login and Search Case For Workflow

2018-12-10 09:53:00 - [TEST_STEP][PASSED] - navigateToUrl: Navigate to 'https://assist2-uat.perkeso.gov.my/login' successfully

2018-12-10 09:53:01 - [MESSAGE][PASSED] - Navigate to 'https://assist2-uat.perkeso.gov.my/login' successfully

2018-12-10 09:53:01 - [TEST_STEP][PASSED] - setText: Text 'johoruo3@gmail.com' is set on object 'Object Repository/Final Object Repo/Login Page/Internal User/Email Address'

2018-12-10 09:53:01 - [MESSAGE][PASSED] - Text 'johoruo3@gmail.com' is set on object 'Object Repository/Final Object Repo/Login Page/Internal User/Email Address'

2018-12-10 09:53:01 - [TEST_STEP][PASSED] - click: Object: 'Object Repository/Final Object Repo/Login Page/Internal User/Next Button' is clicked on

2018-12-10 09:53:01 - [MESSAGE][PASSED] - Object: 'Object Repository/Final Object Repo/Login Page/Internal User/Next Button' is clicked on

2018-12-10 09:53:01 - [TEST_STEP][PASSED] - delay: Delayed 1 second(s)

2018-12-10 09:53:02 - [MESSAGE][PASSED] - Delayed 1 second(s)

2018-12-10 09:53:02 - [TEST_STEP][PASSED] - setEncryptedText: Text ****** has been set on object 'Object Repository/Final Object Repo/Login Page/Internal User/Password'

2018-12-10 09:53:02 - [MESSAGE][PASSED] - Text ****** has been set on object 'Object Repository/Final Object Repo/Login Page/Internal User/Password'

2018-12-10 09:53:02 - [TEST_STEP][PASSED] - click: Object: 'Object Repository/Final Object Repo/Login Page/Internal User/Login Button' is clicked on

2018-12-10 09:53:03 - [MESSAGE][PASSED] - Object: 'Object Repository/Final Object Repo/Login Page/Internal User/Login Button' is clicked on

2018-12-10 09:53:03 - [TEST_STEP][PASSED] - delay: Delayed 2 second(s)

2018-12-10 09:53:05 - [MESSAGE][PASSED] - Delayed 2 second(s)

2018-12-10 09:53:05 - [TEST_STEP][PASSED] - Statement - Try: Delayed 2 second(s)

2018-12-10 09:53:05 - [TEST_STEP][PASSED] - Statement - Checker = false: null

2018-12-10 09:53:05 - [TEST_STEP][PASSED] - Statement - Checker = com.kms.katalon.core.webui.keyword.WebUiBuiltInKeywords.verifyElementHasAttribute(com.kms.katalon.core.testobject.ObjectRepository.findTestObject(Final Object Repo/Landing Page/BM Detecting), "href", 20, OPTIONAL): Object 'Object Repository/Final Object Repo/Landing Page/BM Detecting' has attribute 'href'

2018-12-10 09:53:05 - [MESSAGE][PASSED] - Object 'Object Repository/Final Object Repo/Landing Page/BM Detecting' has attribute 'href'

2018-12-10 09:53:05 - [TEST_STEP][PASSED] - Statement - out.println(Checker): null

2018-12-10 09:53:05 - [TEST_STEP][PASSED] - Statement - If (Checker == false): null

2018-12-10 09:53:05 - [TEST_STEP][PASSED] - Statement - Else: null

2018-12-10 09:53:05 - [TEST_STEP][PASSED] - delay: Delayed 2 second(s)

2018-12-10 09:53:07 - [MESSAGE][PASSED] - Delayed 2 second(s)

2018-12-10 09:53:07 - [TEST_STEP][PASSED] - click: Object: 'Object Repository/Final Object Repo/Page_MyASSIST - ASSIST - Search Pending Case For Add Supporting Document/Search Information' is clicked on

2018-12-10 09:53:07 - [MESSAGE][PASSED] - Object: 'Object Repository/Final Object Repo/Page_MyASSIST - ASSIST - Search Pending Case For Add Supporting Document/Search Information' is clicked on

2018-12-10 09:53:07 - [TEST_STEP][PASSED] - delay: Delayed 3 second(s)

2018-12-10 09:53:10 - [MESSAGE][PASSED] - Delayed 3 second(s)

2018-12-10 09:53:10 - [TEST_STEP][PASSED] - sendKeys: Keys 'CUN122018C100005921' sent to object: 'Object Repository/Final Object Repo/Page_MyASSIST - ASSIST - Search Pending Case For Add Supporting Document/Reference No'

2018-12-10 09:53:10 - [MESSAGE][PASSED] - Keys 'CUN122018C100005921' sent to object: 'Object Repository/Final Object Repo/Page_MyASSIST - ASSIST - Search Pending Case For Add Supporting Document/Reference No'

2018-12-10 09:53:10 - [TEST_STEP][PASSED] - click: Object: 'Object Repository/Final Object Repo/Page_MyASSIST - ASSIST - Search Pending Case For Add Supporting Document/Search Reference No' is clicked on

2018-12-10 09:53:10 - [MESSAGE][PASSED] - Object: 'Object Repository/Final Object Repo/Page_MyASSIST - ASSIST - Search Pending Case For Add Supporting Document/Search Reference No' is clicked on

2018-12-10 09:53:10 - [TEST_STEP][PASSED] - delay: Delayed 2 second(s)

2018-12-10 09:53:12 - [MESSAGE][PASSED] - Delayed 2 second(s)

2018-12-10 09:53:12 - [TEST_STEP][PASSED] - click: Object: 'Object Repository/Final Object Repo/Page_MyASSIST - ASSIST - Search Pending Case For Add Supporting Document/Continue' is clicked on

2018-12-10 09:53:16 - [MESSAGE][PASSED] - Object: 'Object Repository/Final Object Repo/Page_MyASSIST - ASSIST - Search Pending Case For Add Supporting Document/Continue' is clicked on

2018-12-10 09:53:16 - [TEST_STEP][PASSED] - delay: Delayed 20 second(s)

2018-12-10 09:53:36 - [MESSAGE][PASSED] - Delayed 20 second(s)

2018-12-10 09:53:36 - [MESSAGE][PASSED] - Call Test Case 'Test Cases/Final Aug 2018 - PKS Automation/Registration Module/Workflow/Login and Search Case For Workflow' successfully

2018-12-10 09:53:36 - [TEST_STEP][PASSED] - delay: Delayed 2 second(s)

2018-12-10 09:53:38 - [MESSAGE][PASSED] - Delayed 2 second(s)

2018-12-10 09:53:38 - [TEST_STEP][PASSED] - click: Object: 'Object Repository/Final Object Repo/Page_Update Employer Information/Page_Update Employer Information UO (Approve)/Continue' is clicked on

2018-12-10 09:53:42 - [MESSAGE][PASSED] - Object: 'Object Repository/Final Object Repo/Page_Update Employer Information/Page_Update Employer Information UO (Approve)/Continue' is clicked on

2018-12-10 09:53:42 - [TEST_STEP][PASSED] - delay: Delayed 2 second(s)

2018-12-10 09:53:44 - [MESSAGE][PASSED] - Delayed 2 second(s)

2018-12-10 09:53:44 - [TEST_STEP][PASSED] - click: Object: 'Object Repository/Final Object Repo/Page_Update Employer Information/Page_Update Employer Information UO (Approve)/Save  Continue in Update Employer Information Page' is clicked on

2018-12-10 09:53:44 - [MESSAGE][PASSED] - Object: 'Object Repository/Final Object Repo/Page_Update Employer Information/Page_Update Employer Information UO (Approve)/Save  Continue in Update Employer Information Page' is clicked on

2018-12-10 09:53:44 - [TEST_STEP][PASSED] - delay: Delayed 2 second(s)

2018-12-10 09:53:46 - [MESSAGE][PASSED] - Delayed 2 second(s)

2018-12-10 09:53:46 - [TEST_STEP][PASSED] - setText: Text 'Query' is set on object 'Object Repository/Final Object Repo/Page_Update Employer Information/Page_Update Employer Information UO (Query)/Query - Remark'

2018-12-10 09:53:49 - [MESSAGE][PASSED] - Text 'Query' is set on object 'Object Repository/Final Object Repo/Page_Update Employer Information/Page_Update Employer Information UO (Query)/Query - Remark'

2018-12-10 09:53:49 - [TEST_STEP][PASSED] - delay: Delayed 2 second(s)

2018-12-10 09:53:51 - [MESSAGE][PASSED] - Delayed 2 second(s)

2018-12-10 09:53:51 - [TEST_STEP][PASSED] - click: Object: 'Object Repository/Final Object Repo/Page_Update Employer Information/Page_Update Employer Information UO (Approve)/Save  Continue in Uploading Supporting Document Page' is clicked on

2018-12-10 09:53:51 - [MESSAGE][PASSED] - Object: 'Object Repository/Final Object Repo/Page_Update Employer Information/Page_Update Employer Information UO (Approve)/Save  Continue in Uploading Supporting Document Page' is clicked on

2018-12-10 09:53:51 - [TEST_STEP][PASSED] - delay: Delayed 2 second(s)

2018-12-10 09:53:53 - [MESSAGE][PASSED] - Delayed 2 second(s)

2018-12-10 09:53:53 - [TEST_STEP][PASSED] - click: Object: 'Object Repository/Final Object Repo/Page_Update Employer Information/Page_Update Employer Information UO (Query)/Query' is clicked on

2018-12-10 09:53:55 - [MESSAGE][PASSED] - Object: 'Object Repository/Final Object Repo/Page_Update Employer Information/Page_Update Employer Information UO (Query)/Query' is clicked on

2018-12-10 09:53:55 - [TEST_STEP][PASSED] - delay: Delayed 2 second(s)

2018-12-10 09:53:57 - [MESSAGE][PASSED] - Delayed 2 second(s)

2018-12-10 09:53:57 - [TEST_STEP][PASSED] - click: Object: 'Object Repository/Final Object Repo/Page_Update Employer Information/Page_Update Employer Information UO (Query)/Confirm' is clicked on

2018-12-10 09:53:57 - [MESSAGE][PASSED] - Object: 'Object Repository/Final Object Repo/Page_Update Employer Information/Page_Update Employer Information UO (Query)/Confirm' is clicked on

2018-12-10 09:53:57 - [TEST_STEP][PASSED] - delay: Delayed 2 second(s)

2018-12-10 09:53:59 - [MESSAGE][PASSED] - Delayed 2 second(s)

2018-12-10 09:53:59 - [TEST_STEP][PASSED] - doubleClick: Object: 'Object Repository/Final Object Repo/Page_Update Employer Information/Page_Update Employer Information UO (Query)/Message The Case Is Under Query' is double clicked on

2018-12-10 09:54:03 - [MESSAGE][PASSED] - Object: 'Object Repository/Final Object Repo/Page_Update Employer Information/Page_Update Employer Information UO (Query)/Message The Case Is Under Query' is double clicked on

2018-12-10 09:54:03 - [TEST_STEP][PASSED] - delay: Delayed 2 second(s)

2018-12-10 09:54:05 - [MESSAGE][PASSED] - Delayed 2 second(s)

2018-12-10 09:54:05 - [TEST_STEP][PASSED] - click: Object: 'Object Repository/Final Object Repo/Page_Update Employer Information/Page_Update Employer Information UO (Query)/Letter of inquiry.pdf' is clicked on

2018-12-10 09:54:05 - [MESSAGE][PASSED] - Object: 'Object Repository/Final Object Repo/Page_Update Employer Information/Page_Update Employer Information UO (Query)/Letter of inquiry.pdf' is clicked on

2018-12-10 09:54:05 - [TEST_STEP][PASSED] - delay: Delayed 1 second(s)

2018-12-10 09:54:06 - [MESSAGE][PASSED] - Delayed 1 second(s)

2018-12-10 09:54:06 - [TEST_STEP][PASSED] - callTestCase: Call Test Case 'Test Cases/Final Aug 2018 - PKS Automation/Registration Module/Log Out/log out avoiding katalon tagging' successfully

2018-12-10 09:54:07 - [TEST_CASE][PASSED] - Test Cases/Final Aug 2018 - PKS Automation/Registration Module/Log Out/log out avoiding katalon tagging: Test Cases/Final Aug 2018 - PKS Automation/Registration Module/Log Out/log out avoiding katalon tagging

2018-12-10 09:54:07 - [TEST_STEP][PASSED] - navigateToUrl: Navigate to 'https://assist2-uat.perkeso.gov.my/c/portal/logout' successfully

2018-12-10 09:54:08 - [MESSAGE][PASSED] - Navigate to 'https://assist2-uat.perkeso.gov.my/c/portal/logout' successfully

2018-12-10 09:54:08 - [MESSAGE][PASSED] - Call Test Case 'Test Cases/Final Aug 2018 - PKS Automation/Registration Module/Log Out/log out avoiding katalon tagging' successfully

2018-12-10 09:54:08 - [TEST_STEP][NOT_RUN] - navigateToUrl: NOT_RUN: navigateToUrl

2018-12-10 09:54:08 - [MESSAGE][NOT_RUN] - NOT_RUN: navigateToUrl

2018-12-10 09:54:08 - [TEST_STEP][PASSED] - delay: Delayed 1 second(s)

2018-12-10 09:54:09 - [MESSAGE][PASSED] - Delayed 1 second(s)

2018-12-10 09:54:09 - [TEST_STEP][PASSED] - callTestCase: Call Test Case 'Test Cases/Final Aug 2018 - PKS Automation/Registration Module/Workflow/Search Pending Case For Add Supporting Document (OTC)' successfully

2018-12-10 09:54:09 - [TEST_CASE][PASSED] - Test Cases/Final Aug 2018 - PKS Automation/Registration Module/Workflow/Search Pending Case For Add Supporting Document (OTC): Test Cases/Final Aug 2018 - PKS Automation/Registration Module/Workflow/Search Pending Case For Add Supporting Document (OTC)

2018-12-10 09:54:09 - [TEST_STEP][PASSED] - openBrowser: Browser is opened with url: ''

2018-12-10 09:54:09 - [MESSAGE][WARNING] - A browser is already opened. Closing browser and opening a new one

2018-12-10 09:54:12 - [MESSAGE][PASSED] - Browser is opened with url: ''

2018-12-10 09:54:12 - [TEST_STEP][PASSED] - navigateToUrl: Navigate to 'https://assist2-uat.perkeso.gov.my/login' successfully

2018-12-10 09:54:13 - [MESSAGE][PASSED] - Navigate to 'https://assist2-uat.perkeso.gov.my/login' successfully

2018-12-10 09:54:13 - [TEST_STEP][PASSED] - setText: Text 'johorotc1@gmail.com' is set on object 'Object Repository/Final Object Repo/Login Page/Internal User/Email Address'

2018-12-10 09:54:14 - [MESSAGE][PASSED] - Text 'johorotc1@gmail.com' is set on object 'Object Repository/Final Object Repo/Login Page/Internal User/Email Address'

2018-12-10 09:54:14 - [TEST_STEP][PASSED] - click: Object: 'Object Repository/Final Object Repo/Login Page/Internal User/Next Button' is clicked on

2018-12-10 09:54:14 - [MESSAGE][PASSED] - Object: 'Object Repository/Final Object Repo/Login Page/Internal User/Next Button' is clicked on

2018-12-10 09:54:14 - [TEST_STEP][PASSED] - delay: Delayed 1 second(s)

2018-12-10 09:54:15 - [MESSAGE][PASSED] - Delayed 1 second(s)

2018-12-10 09:54:15 - [TEST_STEP][PASSED] - setEncryptedText: Text ****** has been set on object 'Object Repository/Final Object Repo/Login Page/Internal User/Password'

2018-12-10 09:54:15 - [MESSAGE][PASSED] - Text ****** has been set on object 'Object Repository/Final Object Repo/Login Page/Internal User/Password'

2018-12-10 09:54:15 - [TEST_STEP][PASSED] - click: Object: 'Object Repository/Final Object Repo/Login Page/Internal User/Login Button' is clicked on

2018-12-10 09:54:15 - [MESSAGE][PASSED] - Object: 'Object Repository/Final Object Repo/Login Page/Internal User/Login Button' is clicked on

2018-12-10 09:54:15 - [TEST_STEP][PASSED] - delay: Delayed 1 second(s)

2018-12-10 09:54:16 - [MESSAGE][PASSED] - Delayed 1 second(s)

2018-12-10 09:54:16 - [TEST_STEP][PASSED] - Statement - Try: Delayed 2 second(s)

2018-12-10 09:54:16 - [TEST_STEP][PASSED] - Statement - Checker = false: null

2018-12-10 09:54:16 - [TEST_STEP][PASSED] - Statement - Checker = com.kms.katalon.core.webui.keyword.WebUiBuiltInKeywords.verifyElementHasAttribute(com.kms.katalon.core.testobject.ObjectRepository.findTestObject(Final Object Repo/Landing Page/BM Detecting), "href", 20, OPTIONAL): Object 'Object Repository/Final Object Repo/Landing Page/BM Detecting' has attribute 'href'

2018-12-10 09:54:17 - [MESSAGE][PASSED] - Object 'Object Repository/Final Object Repo/Landing Page/BM Detecting' has attribute 'href'

2018-12-10 09:54:17 - [TEST_STEP][PASSED] - Statement - out.println(Checker): null

2018-12-10 09:54:17 - [TEST_STEP][PASSED] - Statement - If (Checker == false): null

2018-12-10 09:54:17 - [TEST_STEP][PASSED] - Statement - Else: null

2018-12-10 09:54:17 - [TEST_STEP][PASSED] - delay: Delayed 2 second(s)

2018-12-10 09:54:19 - [MESSAGE][PASSED] - Delayed 2 second(s)

2018-12-10 09:54:19 - [TEST_STEP][PASSED] - navigateToUrl: Navigate to 'https://assist2-uat.perkeso.gov.my/web/registration/search/search-pending-case-for-add-supporting-document' successfully

2018-12-10 09:54:20 - [MESSAGE][PASSED] - Navigate to 'https://assist2-uat.perkeso.gov.my/web/registration/search/search-pending-case-for-add-supporting-document' successfully

2018-12-10 09:54:20 - [TEST_STEP][PASSED] - click: Object: 'Object Repository/Final Object Repo/Page_Search Pending Case For Add Suporting Document/Search By' is clicked on

2018-12-10 09:54:20 - [MESSAGE][PASSED] - Object: 'Object Repository/Final Object Repo/Page_Search Pending Case For Add Suporting Document/Search By' is clicked on

2018-12-10 09:54:20 - [TEST_STEP][PASSED] - click: Object: 'Object Repository/Final Object Repo/Page_Search Pending Case For Add Suporting Document/Search By - Reference ID' is clicked on

2018-12-10 09:54:20 - [MESSAGE][PASSED] - Object: 'Object Repository/Final Object Repo/Page_Search Pending Case For Add Suporting Document/Search By - Reference ID' is clicked on

2018-12-10 09:54:20 - [TEST_STEP][PASSED] - delay: Delayed 2 second(s)

2018-12-10 09:54:22 - [MESSAGE][PASSED] - Delayed 2 second(s)

2018-12-10 09:54:22 - [TEST_STEP][PASSED] - setText: Text 'CUN122018C100005921' is set on object 'Object Repository/Final Object Repo/Page_Search Pending Case For Add Suporting Document/Reference ID'

2018-12-10 09:54:23 - [MESSAGE][PASSED] - Text 'CUN122018C100005921' is set on object 'Object Repository/Final Object Repo/Page_Search Pending Case For Add Suporting Document/Reference ID'

2018-12-10 09:54:23 - [TEST_STEP][PASSED] - click: Object: 'Object Repository/Final Object Repo/Page_Search Pending Case For Add Suporting Document/Search' is clicked on

2018-12-10 09:54:23 - [MESSAGE][PASSED] - Object: 'Object Repository/Final Object Repo/Page_Search Pending Case For Add Suporting Document/Search' is clicked on

2018-12-10 09:54:23 - [TEST_STEP][PASSED] - delay: Delayed 2 second(s)

2018-12-10 09:54:25 - [MESSAGE][PASSED] - Delayed 2 second(s)

2018-12-10 09:54:25 - [TEST_STEP][PASSED] - click: Object: 'Object Repository/Final Object Repo/Page_Search Pending Case For Add Suporting Document/Edit' is clicked on

2018-12-10 09:54:28 - [MESSAGE][PASSED] - Object: 'Object Repository/Final Object Repo/Page_Search Pending Case For Add Suporting Document/Edit' is clicked on

2018-12-10 09:54:28 - [MESSAGE][PASSED] - Call Test Case 'Test Cases/Final Aug 2018 - PKS Automation/Registration Module/Workflow/Search Pending Case For Add Supporting Document (OTC)' successfully

2018-12-10 09:54:28 - [TEST_STEP][PASSED] - click: Object: 'Object Repository/Final Object Repo/Page_Update Employer Information/Page_Update Employer Information UO (Query -OTC -UO)/Next' is clicked on

2018-12-10 09:54:32 - [MESSAGE][PASSED] - Object: 'Object Repository/Final Object Repo/Page_Update Employer Information/Page_Update Employer Information UO (Query -OTC -UO)/Next' is clicked on

2018-12-10 09:54:32 - [TEST_STEP][PASSED] - delay: Delayed 2 second(s)

2018-12-10 09:54:34 - [MESSAGE][PASSED] - Delayed 2 second(s)

2018-12-10 09:54:34 - [TEST_STEP][PASSED] - click: Object: 'Object Repository/Final Object Repo/Page_Update Employer Information/Page_Update Employer Information UO (Query -OTC -UO)/Add Document' is clicked on

2018-12-10 09:54:34 - [MESSAGE][PASSED] - Object: 'Object Repository/Final Object Repo/Page_Update Employer Information/Page_Update Employer Information UO (Query -OTC -UO)/Add Document' is clicked on

2018-12-10 09:54:34 - [TEST_STEP][PASSED] - delay: Delayed 2 second(s)

2018-12-10 09:54:36 - [MESSAGE][PASSED] - Delayed 2 second(s)

2018-12-10 09:54:36 - [TEST_STEP][PASSED] - click: Object: 'Object Repository/Final Object Repo/Page_Update Employer Information/Page_Update Employer Information UO (Query -OTC -UO)/Document Type' is clicked on

2018-12-10 09:54:37 - [MESSAGE][PASSED] - Object: 'Object Repository/Final Object Repo/Page_Update Employer Information/Page_Update Employer Information UO (Query -OTC -UO)/Document Type' is clicked on

2018-12-10 09:54:37 - [TEST_STEP][PASSED] - click: Object: 'Object Repository/Final Object Repo/Page_Update Employer Information/Page_Update Employer Information UO (Query -OTC -UO)/Document Type - Other' is clicked on

2018-12-10 09:54:38 - [MESSAGE][PASSED] - Object: 'Object Repository/Final Object Repo/Page_Update Employer Information/Page_Update Employer Information UO (Query -OTC -UO)/Document Type - Other' is clicked on

2018-12-10 09:54:38 - [TEST_STEP][PASSED] - delay: Delayed 2 second(s)

2018-12-10 09:54:40 - [MESSAGE][PASSED] - Delayed 2 second(s)

2018-12-10 09:54:40 - [TEST_STEP][PASSED] - sendKeys: Keys 'C:\Users\Public\Pictures\Sample Pictures\Koala.jpg' sent to object: 'Object Repository/Final Object Repo/Page_Update Employer Information/Page_Update Employer Information UO (Query -OTC -UO)/Uploading File'

2018-12-10 09:54:40 - [MESSAGE][PASSED] - Keys 'C:\Users\Public\Pictures\Sample Pictures\Koala.jpg' sent to object: 'Object Repository/Final Object Repo/Page_Update Employer Information/Page_Update Employer Information UO (Query -OTC -UO)/Uploading File'

2018-12-10 09:54:40 - [TEST_STEP][PASSED] - delay: Delayed 2 second(s)

2018-12-10 09:54:42 - [MESSAGE][PASSED] - Delayed 2 second(s)

2018-12-10 09:54:42 - [TEST_STEP][PASSED] - click: Object: 'Object Repository/Final Object Repo/Page_Update Employer Information/Page_Update Employer Information UO (Query -OTC -UO)/Add Document in Uploading Page' is clicked on

2018-12-10 09:54:42 - [MESSAGE][PASSED] - Object: 'Object Repository/Final Object Repo/Page_Update Employer Information/Page_Update Employer Information UO (Query -OTC -UO)/Add Document in Uploading Page' is clicked on

2018-12-10 09:54:42 - [TEST_STEP][PASSED] - delay: Delayed 2 second(s)

2018-12-10 09:54:44 - [MESSAGE][PASSED] - Delayed 2 second(s)

2018-12-10 09:54:44 - [TEST_STEP][PASSED] - click: Object: 'Object Repository/Final Object Repo/Page_Update Employer Information/Page_Update Employer Information UO (Query -OTC -UO)/Exit' is clicked on

2018-12-10 09:54:47 - [MESSAGE][PASSED] - Object: 'Object Repository/Final Object Repo/Page_Update Employer Information/Page_Update Employer Information UO (Query -OTC -UO)/Exit' is clicked on

2018-12-10 09:54:47 - [TEST_STEP][PASSED] - delay: Delayed 2 second(s)

2018-12-10 09:54:49 - [MESSAGE][PASSED] - Delayed 2 second(s)

2018-12-10 09:54:49 - [TEST_STEP][PASSED] - delay: Delayed 1 second(s)

2018-12-10 09:54:50 - [MESSAGE][PASSED] - Delayed 1 second(s)

2018-12-10 09:54:50 - [TEST_STEP][PASSED] - navigateToUrl: Navigate to 'https://assist2-uat.perkeso.gov.my/c/portal/logout' successfully

2018-12-10 09:54:50 - [MESSAGE][PASSED] - Navigate to 'https://assist2-uat.perkeso.gov.my/c/portal/logout' successfully

2018-12-10 09:54:50 - [TEST_STEP][PASSED] - delay: Delayed 1 second(s)

2018-12-10 09:54:51 - [MESSAGE][PASSED] - Delayed 1 second(s)

2018-12-10 09:54:51 - [TEST_STEP][PASSED] - callTestCase: Call Test Case 'Test Cases/Final Aug 2018 - PKS Automation/Registration Module/Workflow/Login and Search Case For Workflow' successfully

2018-12-10 09:54:51 - [TEST_CASE][PASSED] - Test Cases/Final Aug 2018 - PKS Automation/Registration Module/Workflow/Login and Search Case For Workflow: Test Cases/Final Aug 2018 - PKS Automation/Registration Module/Workflow/Login and Search Case For Workflow

2018-12-10 09:54:51 - [TEST_STEP][PASSED] - navigateToUrl: Navigate to 'https://assist2-uat.perkeso.gov.my/login' successfully

2018-12-10 09:54:52 - [MESSAGE][PASSED] - Navigate to 'https://assist2-uat.perkeso.gov.my/login' successfully

2018-12-10 09:54:52 - [TEST_STEP][PASSED] - setText: Text 'johoruo3@gmail.com' is set on object 'Object Repository/Final Object Repo/Login Page/Internal User/Email Address'

2018-12-10 09:54:52 - [MESSAGE][PASSED] - Text 'johoruo3@gmail.com' is set on object 'Object Repository/Final Object Repo/Login Page/Internal User/Email Address'

2018-12-10 09:54:52 - [TEST_STEP][PASSED] - click: Object: 'Object Repository/Final Object Repo/Login Page/Internal User/Next Button' is clicked on

2018-12-10 09:54:52 - [MESSAGE][PASSED] - Object: 'Object Repository/Final Object Repo/Login Page/Internal User/Next Button' is clicked on

2018-12-10 09:54:52 - [TEST_STEP][PASSED] - delay: Delayed 1 second(s)

2018-12-10 09:54:53 - [MESSAGE][PASSED] - Delayed 1 second(s)

2018-12-10 09:54:53 - [TEST_STEP][PASSED] - setEncryptedText: Text ****** has been set on object 'Object Repository/Final Object Repo/Login Page/Internal User/Password'

2018-12-10 09:54:54 - [MESSAGE][PASSED] - Text ****** has been set on object 'Object Repository/Final Object Repo/Login Page/Internal User/Password'

2018-12-10 09:54:54 - [TEST_STEP][PASSED] - click: Object: 'Object Repository/Final Object Repo/Login Page/Internal User/Login Button' is clicked on

2018-12-10 09:54:54 - [MESSAGE][PASSED] - Object: 'Object Repository/Final Object Repo/Login Page/Internal User/Login Button' is clicked on

2018-12-10 09:54:54 - [TEST_STEP][PASSED] - delay: Delayed 2 second(s)

2018-12-10 09:54:56 - [MESSAGE][PASSED] - Delayed 2 second(s)

2018-12-10 09:54:56 - [TEST_STEP][PASSED] - Statement - Try: Delayed 2 second(s)

2018-12-10 09:54:56 - [TEST_STEP][PASSED] - Statement - Checker = false: null

2018-12-10 09:54:56 - [TEST_STEP][PASSED] - Statement - Checker = com.kms.katalon.core.webui.keyword.WebUiBuiltInKeywords.verifyElementHasAttribute(com.kms.katalon.core.testobject.ObjectRepository.findTestObject(Final Object Repo/Landing Page/BM Detecting), "href", 20, OPTIONAL): Object 'Object Repository/Final Object Repo/Landing Page/BM Detecting' has attribute 'href'

2018-12-10 09:54:56 - [MESSAGE][PASSED] - Object 'Object Repository/Final Object Repo/Landing Page/BM Detecting' has attribute 'href'

2018-12-10 09:54:56 - [TEST_STEP][PASSED] - Statement - out.println(Checker): null

2018-12-10 09:54:56 - [TEST_STEP][PASSED] - Statement - If (Checker == false): null

2018-12-10 09:54:56 - [TEST_STEP][PASSED] - Statement - Else: null

2018-12-10 09:54:56 - [TEST_STEP][PASSED] - delay: Delayed 2 second(s)

2018-12-10 09:54:58 - [MESSAGE][PASSED] - Delayed 2 second(s)

2018-12-10 09:54:58 - [TEST_STEP][PASSED] - click: Object: 'Object Repository/Final Object Repo/Page_MyASSIST - ASSIST - Search Pending Case For Add Supporting Document/Search Information' is clicked on

2018-12-10 09:54:58 - [MESSAGE][PASSED] - Object: 'Object Repository/Final Object Repo/Page_MyASSIST - ASSIST - Search Pending Case For Add Supporting Document/Search Information' is clicked on

2018-12-10 09:54:58 - [TEST_STEP][PASSED] - delay: Delayed 3 second(s)

2018-12-10 09:55:01 - [MESSAGE][PASSED] - Delayed 3 second(s)

2018-12-10 09:55:01 - [TEST_STEP][PASSED] - sendKeys: Keys 'CUN122018C100005921' sent to object: 'Object Repository/Final Object Repo/Page_MyASSIST - ASSIST - Search Pending Case For Add Supporting Document/Reference No'

2018-12-10 09:55:01 - [MESSAGE][PASSED] - Keys 'CUN122018C100005921' sent to object: 'Object Repository/Final Object Repo/Page_MyASSIST - ASSIST - Search Pending Case For Add Supporting Document/Reference No'

2018-12-10 09:55:01 - [TEST_STEP][PASSED] - click: Object: 'Object Repository/Final Object Repo/Page_MyASSIST - ASSIST - Search Pending Case For Add Supporting Document/Search Reference No' is clicked on

2018-12-10 09:55:02 - [MESSAGE][PASSED] - Object: 'Object Repository/Final Object Repo/Page_MyASSIST - ASSIST - Search Pending Case For Add Supporting Document/Search Reference No' is clicked on

2018-12-10 09:55:02 - [TEST_STEP][PASSED] - delay: Delayed 2 second(s)

2018-12-10 09:55:04 - [MESSAGE][PASSED] - Delayed 2 second(s)

2018-12-10 09:55:04 - [TEST_STEP][PASSED] - click: Object: 'Object Repository/Final Object Repo/Page_MyASSIST - ASSIST - Search Pending Case For Add Supporting Document/Continue' is clicked on

2018-12-10 09:55:07 - [MESSAGE][PASSED] - Object: 'Object Repository/Final Object Repo/Page_MyASSIST - ASSIST - Search Pending Case For Add Supporting Document/Continue' is clicked on

2018-12-10 09:55:07 - [TEST_STEP][PASSED] - delay: Delayed 20 second(s)

2018-12-10 09:55:27 - [MESSAGE][PASSED] - Delayed 20 second(s)

2018-12-10 09:55:27 - [MESSAGE][PASSED] - Call Test Case 'Test Cases/Final Aug 2018 - PKS Automation/Registration Module/Workflow/Login and Search Case For Workflow' successfully

2018-12-10 09:55:27 - [TEST_STEP][PASSED] - click: Object: 'Object Repository/Final Object Repo/Page_Update Employer Information/Page_Update Employer Information UO (Approve)/Continue' is clicked on

2018-12-10 09:55:31 - [MESSAGE][PASSED] - Object: 'Object Repository/Final Object Repo/Page_Update Employer Information/Page_Update Employer Information UO (Approve)/Continue' is clicked on

2018-12-10 09:55:31 - [TEST_STEP][PASSED] - delay: Delayed 2 second(s)

2018-12-10 09:55:33 - [MESSAGE][PASSED] - Delayed 2 second(s)

2018-12-10 09:55:33 - [TEST_STEP][PASSED] - click: Object: 'Object Repository/Final Object Repo/Page_Update Employer Information/Page_Update Employer Information UO (Approve)/Save  Continue in Update Employer Information Page' is clicked on

2018-12-10 09:55:33 - [MESSAGE][PASSED] - Object: 'Object Repository/Final Object Repo/Page_Update Employer Information/Page_Update Employer Information UO (Approve)/Save  Continue in Update Employer Information Page' is clicked on

2018-12-10 09:55:33 - [TEST_STEP][PASSED] - delay: Delayed 2 second(s)

2018-12-10 09:55:35 - [MESSAGE][PASSED] - Delayed 2 second(s)

2018-12-10 09:55:35 - [TEST_STEP][PASSED] - click: Object: 'Object Repository/Final Object Repo/Page_Update Employer Information/Page_Update Employer Information UO (Approve)/Save  Continue in Uploading Supporting Document Page' is clicked on

2018-12-10 09:55:37 - [MESSAGE][PASSED] - Object: 'Object Repository/Final Object Repo/Page_Update Employer Information/Page_Update Employer Information UO (Approve)/Save  Continue in Uploading Supporting Document Page' is clicked on

2018-12-10 09:55:37 - [TEST_STEP][PASSED] - delay: Delayed 2 second(s)

2018-12-10 09:55:39 - [MESSAGE][PASSED] - Delayed 2 second(s)

2018-12-10 09:55:39 - [TEST_STEP][PASSED] - click: Object: 'Object Repository/Final Object Repo/Page_Update Employer Information/Page_Update Employer Information UO (Approve)/Approve' is clicked on

2018-12-10 09:55:41 - [MESSAGE][PASSED] - Object: 'Object Repository/Final Object Repo/Page_Update Employer Information/Page_Update Employer Information UO (Approve)/Approve' is clicked on

2018-12-10 09:55:41 - [TEST_STEP][PASSED] - delay: Delayed 2 second(s)

2018-12-10 09:55:43 - [MESSAGE][PASSED] - Delayed 2 second(s)

2018-12-10 09:55:43 - [TEST_STEP][PASSED] - click: Object: 'Object Repository/Final Object Repo/Page_Update Employer Information/Page_Update Employer Information UO (Approve)/Confirm' is clicked on

2018-12-10 09:55:43 - [MESSAGE][PASSED] - Object: 'Object Repository/Final Object Repo/Page_Update Employer Information/Page_Update Employer Information UO (Approve)/Confirm' is clicked on

2018-12-10 09:55:43 - [TEST_STEP][PASSED] - delay: Delayed 2 second(s)

2018-12-10 09:55:45 - [MESSAGE][PASSED] - Delayed 2 second(s)

2018-12-10 09:55:45 - [TEST_STEP][PASSED] - verifyElementVisible: Object 'Object Repository/Final Object Repo/Page_Update Employer Information/Page_Update Employer Information UO (Approve)/Message Your Request' is visible

2018-12-10 09:55:52 - [MESSAGE][PASSED] - Object 'Object Repository/Final Object Repo/Page_Update Employer Information/Page_Update Employer Information UO (Approve)/Message Your Request' is visible

2018-12-10 09:55:52 - [TEST_STEP][PASSED] - verifyElementVisible: Object 'Object Repository/Final Object Repo/Page_Update Employer Information/Page_Update Employer Information UO (Approve)/Letter of successful update' is visible

2018-12-10 09:55:52 - [MESSAGE][PASSED] - Object 'Object Repository/Final Object Repo/Page_Update Employer Information/Page_Update Employer Information UO (Approve)/Letter of successful update' is visible

2018-12-10 09:55:52 - [MESSAGE][PASSED] - Call Test Case 'Test Cases/Final Aug 2018 - PKS Automation/Registration Module/Workflow/Update Employer Information/Template/Update Employer Information - Special Case - UO (Query)' successfully]]></system-out>
         <system-err><![CDATA[]]></system-err>
      </testcase>
      <testcase name="Test Cases/Final Aug 2018 - PKS Automation/Registration Module/Workflow/Update Employer Information/Employer - UO (Reject)" classname="Test Cases/Final Aug 2018 - PKS Automation/Registration Module/Workflow/Update Employer Information/Employer - UO (Reject)" status="PASSED">
         <system-out><![CDATA[2018-12-10 09:55:52 - [TEST_CASE][PASSED] - Test Cases/Final Aug 2018 - PKS Automation/Registration Module/Workflow/Update Employer Information/Employer - UO (Reject): Test Cases/Final Aug 2018 - PKS Automation/Registration Module/Workflow/Update Employer Information/Employer - UO (Reject)

2018-12-10 09:55:52 - [TEST_STEP][PASSED] - callTestCase: Call Test Case 'Test Cases/Final Aug 2018 - PKS Automation/Registration Module/Workflow/Update Employer Information/Template/Update Employer Information - Special Case (Employer)' successfully

2018-12-10 09:55:52 - [TEST_CASE][PASSED] - Test Cases/Final Aug 2018 - PKS Automation/Registration Module/Workflow/Update Employer Information/Template/Update Employer Information - Special Case (Employer): Test Cases/Final Aug 2018 - PKS Automation/Registration Module/Workflow/Update Employer Information/Template/Update Employer Information - Special Case (Employer)

2018-12-10 09:55:52 - [TEST_STEP][PASSED] - callTestCase: Call Test Case 'Test Cases/Final Aug 2018 - PKS Automation/Create Employer Acc/Login to Employer Account (Second time)' successfully

2018-12-10 09:55:52 - [TEST_CASE][PASSED] - Test Cases/Final Aug 2018 - PKS Automation/Create Employer Acc/Login to Employer Account (Second time): Test Cases/Final Aug 2018 - PKS Automation/Create Employer Acc/Login to Employer Account (Second time)

2018-12-10 09:55:52 - [TEST_STEP][PASSED] - openBrowser: Browser is opened with url: ''

2018-12-10 09:55:52 - [MESSAGE][WARNING] - A browser is already opened. Closing browser and opening a new one

2018-12-10 09:55:55 - [MESSAGE][PASSED] - Browser is opened with url: ''

2018-12-10 09:55:55 - [TEST_STEP][PASSED] - navigateToUrl: Navigate to 'https://assist2-uat.perkeso.gov.my/employer/login' successfully

2018-12-10 09:55:56 - [MESSAGE][PASSED] - Navigate to 'https://assist2-uat.perkeso.gov.my/employer/login' successfully

2018-12-10 09:55:56 - [TEST_STEP][PASSED] - delay: Delayed 3 second(s)

2018-12-10 09:55:59 - [MESSAGE][PASSED] - Delayed 3 second(s)

2018-12-10 09:55:59 - [TEST_STEP][PASSED] - callTestCase: Call Test Case 'Test Cases/Final Aug 2018 - PKS Automation/Create Employer Acc/Template/Employer Email Getter' successfully

2018-12-10 09:55:59 - [TEST_CASE][PASSED] - Test Cases/Final Aug 2018 - PKS Automation/Create Employer Acc/Template/Employer Email Getter: Test Cases/Final Aug 2018 - PKS Automation/Create Employer Acc/Template/Employer Email Getter

2018-12-10 09:55:59 - [TEST_STEP][PASSED] - Statement - Try: null

2018-12-10 09:55:59 - [TEST_STEP][PASSED] - Statement - EmpEmail = new java.io.File(C://Users//Admin//Desktop//PKS//Automation Reference Point//EmpEmail.txt): null

2018-12-10 09:55:59 - [TEST_STEP][PASSED] - Statement - bufferread = new java.io.BufferedReader(new java.io.FileReader(EmpEmail)): null

2018-12-10 09:55:59 - [TEST_STEP][PASSED] - Statement - readedVal = bufferread.readLine(): null

2018-12-10 09:55:59 - [TEST_STEP][PASSED] - Statement - out.println(readedVal): null

2018-12-10 09:55:59 - [TEST_STEP][PASSED] - Statement - Email = readedVal: null

2018-12-10 09:55:59 - [MESSAGE][PASSED] - Call Test Case 'Test Cases/Final Aug 2018 - PKS Automation/Create Employer Acc/Template/Employer Email Getter' successfully

2018-12-10 09:55:59 - [TEST_STEP][PASSED] - setText: Text 'perkeso683269865951@gmail.com' is set on object 'Object Repository/Final Object Repo/Login Page/External Login Page/Email'

2018-12-10 09:56:00 - [MESSAGE][PASSED] - Text 'perkeso683269865951@gmail.com' is set on object 'Object Repository/Final Object Repo/Login Page/External Login Page/Email'

2018-12-10 09:56:00 - [TEST_STEP][PASSED] - click: Object: 'Object Repository/Final Object Repo/Login Page/External Login Page/Next' is clicked on

2018-12-10 09:56:00 - [MESSAGE][PASSED] - Object: 'Object Repository/Final Object Repo/Login Page/External Login Page/Next' is clicked on

2018-12-10 09:56:00 - [TEST_STEP][PASSED] - delay: Delayed 3 second(s)

2018-12-10 09:56:03 - [MESSAGE][PASSED] - Delayed 3 second(s)

2018-12-10 09:56:03 - [TEST_STEP][PASSED] - setEncryptedText: Text ****** has been set on object 'Object Repository/Final Object Repo/Login Page/External Login Page/Password'

2018-12-10 09:56:03 - [MESSAGE][PASSED] - Text ****** has been set on object 'Object Repository/Final Object Repo/Login Page/External Login Page/Password'

2018-12-10 09:56:03 - [TEST_STEP][PASSED] - click: Object: 'Object Repository/Final Object Repo/Login Page/External Login Page/Login' is clicked on

2018-12-10 09:56:03 - [MESSAGE][PASSED] - Object: 'Object Repository/Final Object Repo/Login Page/External Login Page/Login' is clicked on

2018-12-10 09:56:03 - [TEST_STEP][PASSED] - delay: Delayed 5 second(s)

2018-12-10 09:56:08 - [MESSAGE][PASSED] - Delayed 5 second(s)

2018-12-10 09:56:08 - [MESSAGE][PASSED] - Call Test Case 'Test Cases/Final Aug 2018 - PKS Automation/Create Employer Acc/Login to Employer Account (Second time)' successfully

2018-12-10 09:56:08 - [TEST_STEP][PASSED] - Statement - tester = com.kms.katalon.core.testobject.ObjectRepository.findTestObject(Final Object Repo/Landing Page/Select to English): Finding Test Object with id 'Object Repository/Final Object Repo/Landing Page/Select to English'

2018-12-10 09:56:08 - [TEST_STEP][PASSED] - Statement - Try: Delayed 2 second(s)

2018-12-10 09:56:08 - [TEST_STEP][PASSED] - Statement - Checker = com.kms.katalon.core.webui.keyword.WebUiBuiltInKeywords.verifyElementNotPresent(tester, 3): Web element with id: 'Object Repository/Final Object Repo/Landing Page/Select to English' located by 'By.xpath: //a[@class = 'taglib-language-list-text' and @lang = 'en-US' and (contains(text(), 'EN') or contains(., 'EN'))]' is not present after '3' second(s)

2018-12-10 09:56:09 - [MESSAGE][PASSED] - Web element with id: 'Object Repository/Final Object Repo/Landing Page/Select to English' located by 'By.xpath: //a[@class = 'taglib-language-list-text' and @lang = 'en-US' and (contains(text(), 'EN') or contains(., 'EN'))]' is not present after '3' second(s)

2018-12-10 09:56:09 - [TEST_STEP][PASSED] - Statement - If (Checker == false): null

2018-12-10 09:56:09 - [TEST_STEP][PASSED] - delay: Delayed 2 second(s)

2018-12-10 09:56:11 - [MESSAGE][PASSED] - Delayed 2 second(s)

2018-12-10 09:56:11 - [TEST_STEP][PASSED] - delay: Delayed 5 second(s)

2018-12-10 09:56:16 - [MESSAGE][PASSED] - Delayed 5 second(s)

2018-12-10 09:56:16 - [TEST_STEP][PASSED] - navigateToUrl: Navigate to 'https://assist2-uat.perkeso.gov.my/web/registration/update/update-employer-information' successfully

2018-12-10 09:56:17 - [MESSAGE][PASSED] - Navigate to 'https://assist2-uat.perkeso.gov.my/web/registration/update/update-employer-information' successfully

2018-12-10 09:56:17 - [TEST_STEP][PASSED] - click: Object: 'Object Repository/Final Object Repo/Page_Update Employer Information/Edit Button' is clicked on

2018-12-10 09:56:19 - [MESSAGE][PASSED] - Object: 'Object Repository/Final Object Repo/Page_Update Employer Information/Edit Button' is clicked on

2018-12-10 09:56:19 - [TEST_STEP][PASSED] - click: Object: 'Object Repository/Final Object Repo/Page_Update Employer Information/Business Entity' is clicked on

2018-12-10 09:56:20 - [MESSAGE][PASSED] - Object: 'Object Repository/Final Object Repo/Page_Update Employer Information/Business Entity' is clicked on

2018-12-10 09:56:20 - [TEST_STEP][PASSED] - Statement - CurrentBusinessEntity = "": null

2018-12-10 09:56:20 - [TEST_STEP][PASSED] - Statement - CurrentBusinessEntity = com.kms.katalon.core.webui.keyword.WebUiBuiltInKeywords.getText(com.kms.katalon.core.testobject.ObjectRepository.findTestObject(Final Object Repo/Page_Update Employer Information/Current Business Entity)): Text of object 'Object Repository/Final Object Repo/Page_Update Employer Information/Current Business Entity' is: 'Sole Proprietor / Individual Business'

2018-12-10 09:56:20 - [MESSAGE][PASSED] - Text of object 'Object Repository/Final Object Repo/Page_Update Employer Information/Current Business Entity' is: 'Sole Proprietor / Individual Business'

2018-12-10 09:56:20 - [TEST_STEP][PASSED] - Statement - out.println(CurrentBusinessEntity): null

2018-12-10 09:56:20 - [TEST_STEP][PASSED] - Statement - If (CurrentBusinessEntity == "Corporation"): null

2018-12-10 09:56:20 - [TEST_STEP][PASSED] - Statement - Else If (CurrentBusinessEntity == "Partnership"): null

2018-12-10 09:56:20 - [TEST_STEP][PASSED] - Statement - Else If (CurrentBusinessEntity == "Sole Proprietor / Individual Business"): Delayed 3 second(s)

2018-12-10 09:56:20 - [TEST_STEP][PASSED] - Statement - obj = com.kms.katalon.core.webui.keyword.WebUiBuiltInKeywords.modifyObjectProperty(com.kms.katalon.core.testobject.ObjectRepository.findTestObject(Final Object Repo/Page_Update Employer Information/change to this Business Entity), "xpath", "equals", "//ul/li/span[contains(text(),"Others")]", true, STOP_ON_FAILURE): Modify property of object successfully

2018-12-10 09:56:20 - [MESSAGE][PASSED] - Modify property of object successfully

2018-12-10 09:56:20 - [TEST_STEP][PASSED] - click: Object: 'Object Repository/Final Object Repo/Page_Update Employer Information/change to this Business Entity' is clicked on

2018-12-10 09:56:20 - [MESSAGE][PASSED] - Object: 'Object Repository/Final Object Repo/Page_Update Employer Information/change to this Business Entity' is clicked on

2018-12-10 09:56:20 - [TEST_STEP][PASSED] - delay: Delayed 1 second(s)

2018-12-10 09:56:21 - [MESSAGE][PASSED] - Delayed 1 second(s)

2018-12-10 09:56:21 - [TEST_STEP][PASSED] - click: Object: 'Object Repository/Final Object Repo/Page_Update Employer Information/Sub Business Entity' is clicked on

2018-12-10 09:56:21 - [MESSAGE][PASSED] - Object: 'Object Repository/Final Object Repo/Page_Update Employer Information/Sub Business Entity' is clicked on

2018-12-10 09:56:21 - [TEST_STEP][PASSED] - click: Object: 'Object Repository/Final Object Repo/Page_Update Employer Information/Sub Business Entity List - Others - Federal Government Agency' is clicked on

2018-12-10 09:56:21 - [MESSAGE][PASSED] - Object: 'Object Repository/Final Object Repo/Page_Update Employer Information/Sub Business Entity List - Others - Federal Government Agency' is clicked on

2018-12-10 09:56:21 - [TEST_STEP][PASSED] - delay: Delayed 1 second(s)

2018-12-10 09:56:22 - [MESSAGE][PASSED] - Delayed 1 second(s)

2018-12-10 09:56:22 - [TEST_STEP][PASSED] - click: Object: 'Object Repository/Final Object Repo/Page_Update Employer Information/Sub Business Entity List' is clicked on

2018-12-10 09:56:23 - [MESSAGE][PASSED] - Object: 'Object Repository/Final Object Repo/Page_Update Employer Information/Sub Business Entity List' is clicked on

2018-12-10 09:56:23 - [TEST_STEP][PASSED] - click: Object: 'Object Repository/Final Object Repo/Page_Update Employer Information/Sub Business Entity - Others - Federal Government Agency - Kementerian' is clicked on

2018-12-10 09:56:23 - [MESSAGE][PASSED] - Object: 'Object Repository/Final Object Repo/Page_Update Employer Information/Sub Business Entity - Others - Federal Government Agency - Kementerian' is clicked on

2018-12-10 09:56:23 - [TEST_STEP][PASSED] - delay: Delayed 3 second(s)

2018-12-10 09:56:26 - [MESSAGE][PASSED] - Delayed 3 second(s)

2018-12-10 09:56:26 - [TEST_STEP][PASSED] - delay: Delayed 4 second(s)

2018-12-10 09:56:30 - [MESSAGE][PASSED] - Delayed 4 second(s)

2018-12-10 09:56:30 - [TEST_STEP][PASSED] - click: Object: 'Object Repository/Final Object Repo/Page_Update Employer Information/Save  Continue' is clicked on

2018-12-10 09:56:30 - [MESSAGE][PASSED] - Object: 'Object Repository/Final Object Repo/Page_Update Employer Information/Save  Continue' is clicked on

2018-12-10 09:56:30 - [TEST_STEP][PASSED] - delay: Delayed 4 second(s)

2018-12-10 09:56:34 - [MESSAGE][PASSED] - Delayed 4 second(s)

2018-12-10 09:56:34 - [TEST_STEP][PASSED] - click: Object: 'Object Repository/Final Object Repo/Page_Update Employer Information/Save  Continue (1)' is clicked on

2018-12-10 09:56:34 - [MESSAGE][PASSED] - Object: 'Object Repository/Final Object Repo/Page_Update Employer Information/Save  Continue (1)' is clicked on

2018-12-10 09:56:34 - [TEST_STEP][PASSED] - Statement - CaseReferenceNo = com.kms.katalon.core.webui.keyword.WebUiBuiltInKeywords.getText(com.kms.katalon.core.testobject.ObjectRepository.findTestObject(Final Object Repo/Page_Update Employer Information/Reference Number in Update Employee Information Page)): Text of object 'Object Repository/Final Object Repo/Page_Update Employer Information/Reference Number in Update Employee Information Page' is: 'CUN122018C100005922'

2018-12-10 09:56:38 - [MESSAGE][PASSED] - Text of object 'Object Repository/Final Object Repo/Page_Update Employer Information/Reference Number in Update Employee Information Page' is: 'CUN122018C100005922'

2018-12-10 09:56:38 - [TEST_STEP][PASSED] - callTestCase: Call Test Case 'Test Cases/Final Aug 2018 - PKS Automation/Common/Reference Number Setter' successfully

2018-12-10 09:56:38 - [TEST_CASE][PASSED] - Test Cases/Final Aug 2018 - PKS Automation/Common/Reference Number Setter: Test Cases/Final Aug 2018 - PKS Automation/Common/Reference Number Setter

2018-12-10 09:56:38 - [TEST_STEP][PASSED] - Statement - RefNoOldFile = new java.io.File(C://Users//Admin//Desktop//PKS//Automation Reference Point//KatalonReference.txt): null

2018-12-10 09:56:38 - [TEST_STEP][PASSED] - Statement - RefNoOldFile.delete(): null

2018-12-10 09:56:38 - [TEST_STEP][PASSED] - delay: Delayed 5 second(s)

2018-12-10 09:56:43 - [MESSAGE][PASSED] - Delayed 5 second(s)

2018-12-10 09:56:43 - [TEST_STEP][PASSED] - Statement - RefNo = new java.io.File(C://Users//Admin//Desktop//PKS//Automation Reference Point//KatalonReference.txt): null

2018-12-10 09:56:43 - [TEST_STEP][PASSED] - Statement - f2 = new java.io.FileWriter(RefNo, false): null

2018-12-10 09:56:43 - [TEST_STEP][PASSED] - Statement - f2.write(CaseReferenceNo): null

2018-12-10 09:56:43 - [TEST_STEP][PASSED] - Statement - f2.close(): null

2018-12-10 09:56:43 - [TEST_STEP][PASSED] - Statement - out.println("


" + CaseReferenceNo + "


"): null

2018-12-10 09:56:43 - [MESSAGE][PASSED] - Call Test Case 'Test Cases/Final Aug 2018 - PKS Automation/Common/Reference Number Setter' successfully

2018-12-10 09:56:43 - [TEST_STEP][PASSED] - delay: Delayed 4 second(s)

2018-12-10 09:56:47 - [MESSAGE][PASSED] - Delayed 4 second(s)

2018-12-10 09:56:47 - [TEST_STEP][PASSED] - click: Object: 'Object Repository/Final Object Repo/Page_Update Employer Information/Submit - Copy' is clicked on

2018-12-10 09:56:47 - [MESSAGE][PASSED] - Object: 'Object Repository/Final Object Repo/Page_Update Employer Information/Submit - Copy' is clicked on

2018-12-10 09:56:47 - [TEST_STEP][PASSED] - delay: Delayed 2 second(s)

2018-12-10 09:56:49 - [MESSAGE][PASSED] - Delayed 2 second(s)

2018-12-10 09:56:49 - [TEST_STEP][PASSED] - click: Object: 'Object Repository/Final Object Repo/Page_Update Employer Information/Confirm' is clicked on

2018-12-10 09:56:49 - [MESSAGE][PASSED] - Object: 'Object Repository/Final Object Repo/Page_Update Employer Information/Confirm' is clicked on

2018-12-10 09:56:49 - [TEST_STEP][PASSED] - delay: Delayed 2 second(s)

2018-12-10 09:56:51 - [MESSAGE][PASSED] - Delayed 2 second(s)

2018-12-10 09:56:51 - [TEST_STEP][PASSED] - click: Object: 'Object Repository/Final Object Repo/Page_Update Employer Information/Message Your Request will be route' is clicked on

2018-12-10 09:56:55 - [MESSAGE][PASSED] - Object: 'Object Repository/Final Object Repo/Page_Update Employer Information/Message Your Request will be route' is clicked on

2018-12-10 09:56:55 - [MESSAGE][PASSED] - Call Test Case 'Test Cases/Final Aug 2018 - PKS Automation/Registration Module/Workflow/Update Employer Information/Template/Update Employer Information - Special Case (Employer)' successfully

2018-12-10 09:56:55 - [TEST_STEP][PASSED] - callTestCase: Call Test Case 'Test Cases/Final Aug 2018 - PKS Automation/Registration Module/Workflow/Update Employer Information/Template/Update Employer Information - Special Case - UO (Reject)' successfully

2018-12-10 09:56:55 - [TEST_CASE][PASSED] - Test Cases/Final Aug 2018 - PKS Automation/Registration Module/Workflow/Update Employer Information/Template/Update Employer Information - Special Case - UO (Reject): Test Cases/Final Aug 2018 - PKS Automation/Registration Module/Workflow/Update Employer Information/Template/Update Employer Information - Special Case - UO (Reject)

2018-12-10 09:56:55 - [TEST_STEP][NOT_RUN] - callTestCase: NOT_RUN: callTestCase

2018-12-10 09:56:55 - [MESSAGE][NOT_RUN] - NOT_RUN: callTestCase

2018-12-10 09:56:55 - [TEST_STEP][PASSED] - delay: Delayed 1 second(s)

2018-12-10 09:56:56 - [MESSAGE][PASSED] - Delayed 1 second(s)

2018-12-10 09:56:56 - [TEST_STEP][PASSED] - navigateToUrl: Navigate to 'https://assist2-uat.perkeso.gov.my/c/portal/logout' successfully

2018-12-10 09:56:57 - [MESSAGE][PASSED] - Navigate to 'https://assist2-uat.perkeso.gov.my/c/portal/logout' successfully

2018-12-10 09:56:57 - [TEST_STEP][PASSED] - delay: Delayed 1 second(s)

2018-12-10 09:56:58 - [MESSAGE][PASSED] - Delayed 1 second(s)

2018-12-10 09:56:58 - [TEST_STEP][PASSED] - callTestCase: Call Test Case 'Test Cases/Final Aug 2018 - PKS Automation/Common/Reference Number Getter' successfully

2018-12-10 09:56:58 - [TEST_CASE][PASSED] - Test Cases/Final Aug 2018 - PKS Automation/Common/Reference Number Getter: Test Cases/Final Aug 2018 - PKS Automation/Common/Reference Number Getter

2018-12-10 09:56:58 - [TEST_STEP][PASSED] - Statement - Try: null

2018-12-10 09:56:58 - [TEST_STEP][PASSED] - Statement - RefNo = new java.io.File(C://Users//Admin//Desktop//PKS//Automation Reference Point//KatalonReference.txt): null

2018-12-10 09:56:58 - [TEST_STEP][PASSED] - Statement - bufferread = new java.io.BufferedReader(new java.io.FileReader(RefNo)): null

2018-12-10 09:56:58 - [TEST_STEP][PASSED] - Statement - readedVal = bufferread.readLine(): null

2018-12-10 09:56:58 - [TEST_STEP][PASSED] - Statement - out.println(CaseReferenceNo): null

2018-12-10 09:56:58 - [TEST_STEP][PASSED] - Statement - out.println(readedVal): null

2018-12-10 09:56:58 - [TEST_STEP][PASSED] - Statement - CaseReferenceNo = "": null

2018-12-10 09:56:58 - [TEST_STEP][PASSED] - Statement - CaseReferenceNo = readedVal: null

2018-12-10 09:56:58 - [MESSAGE][PASSED] - Call Test Case 'Test Cases/Final Aug 2018 - PKS Automation/Common/Reference Number Getter' successfully

2018-12-10 09:56:58 - [TEST_STEP][PASSED] - callTestCase: Call Test Case 'Test Cases/Final Aug 2018 - PKS Automation/Common/Workflow Owner Finder' successfully

2018-12-10 09:56:58 - [TEST_CASE][PASSED] - Test Cases/Final Aug 2018 - PKS Automation/Common/Workflow Owner Finder: Test Cases/Final Aug 2018 - PKS Automation/Common/Workflow Owner Finder

2018-12-10 09:56:58 - [TEST_STEP][PASSED] - openBrowser: Browser is opened with url: ''

2018-12-10 09:56:58 - [MESSAGE][WARNING] - A browser is already opened. Closing browser and opening a new one

2018-12-10 09:57:01 - [MESSAGE][PASSED] - Browser is opened with url: ''

2018-12-10 09:57:01 - [TEST_STEP][PASSED] - navigateToUrl: Navigate to 'https://assist2-uat.perkeso.gov.my/login' successfully

2018-12-10 09:57:02 - [MESSAGE][PASSED] - Navigate to 'https://assist2-uat.perkeso.gov.my/login' successfully

2018-12-10 09:57:02 - [TEST_STEP][PASSED] - delay: Delayed 5 second(s)

2018-12-10 09:57:07 - [MESSAGE][PASSED] - Delayed 5 second(s)

2018-12-10 09:57:07 - [TEST_STEP][PASSED] - setText: Text 'test@liferay.com' is set on object 'Object Repository/Final Object Repo/Login Page/Internal User/Email Address'

2018-12-10 09:57:08 - [MESSAGE][PASSED] - Text 'test@liferay.com' is set on object 'Object Repository/Final Object Repo/Login Page/Internal User/Email Address'

2018-12-10 09:57:08 - [TEST_STEP][PASSED] - click: Object: 'Object Repository/Final Object Repo/Login Page/Internal User/Next Button' is clicked on

2018-12-10 09:57:08 - [MESSAGE][PASSED] - Object: 'Object Repository/Final Object Repo/Login Page/Internal User/Next Button' is clicked on

2018-12-10 09:57:08 - [TEST_STEP][PASSED] - delay: Delayed 2 second(s)

2018-12-10 09:57:10 - [MESSAGE][PASSED] - Delayed 2 second(s)

2018-12-10 09:57:10 - [TEST_STEP][PASSED] - setText: Text 'test' is set on object 'Object Repository/Final Object Repo/Login Page/Internal User/Password'

2018-12-10 09:57:10 - [MESSAGE][PASSED] - Text 'test' is set on object 'Object Repository/Final Object Repo/Login Page/Internal User/Password'

2018-12-10 09:57:10 - [TEST_STEP][PASSED] - delay: Delayed 2 second(s)

2018-12-10 09:57:12 - [MESSAGE][PASSED] - Delayed 2 second(s)

2018-12-10 09:57:12 - [TEST_STEP][PASSED] - click: Object: 'Object Repository/Final Object Repo/Login Page/Internal User/Login Button' is clicked on

2018-12-10 09:57:12 - [MESSAGE][PASSED] - Object: 'Object Repository/Final Object Repo/Login Page/Internal User/Login Button' is clicked on

2018-12-10 09:57:12 - [TEST_STEP][PASSED] - Statement - tester = com.kms.katalon.core.testobject.ObjectRepository.findTestObject(Final Object Repo/Landing Page/Select to English): Finding Test Object with id 'Object Repository/Final Object Repo/Landing Page/Select to English'

2018-12-10 09:57:12 - [TEST_STEP][PASSED] - Statement - Try: Delayed 2 second(s)

2018-12-10 09:57:12 - [TEST_STEP][PASSED] - Statement - Checker = com.kms.katalon.core.webui.keyword.WebUiBuiltInKeywords.verifyElementNotPresent(tester, 3): Web element with id: 'Object Repository/Final Object Repo/Landing Page/Select to English' located by 'By.xpath: //a[@class = 'taglib-language-list-text' and @lang = 'en-US' and (contains(text(), 'EN') or contains(., 'EN'))]' is not present after '3' second(s)

2018-12-10 09:57:14 - [MESSAGE][PASSED] - Web element with id: 'Object Repository/Final Object Repo/Landing Page/Select to English' located by 'By.xpath: //a[@class = 'taglib-language-list-text' and @lang = 'en-US' and (contains(text(), 'EN') or contains(., 'EN'))]' is not present after '3' second(s)

2018-12-10 09:57:14 - [TEST_STEP][PASSED] - Statement - If (Checker == false): null

2018-12-10 09:57:14 - [TEST_STEP][PASSED] - delay: Delayed 2 second(s)

2018-12-10 09:57:16 - [MESSAGE][PASSED] - Delayed 2 second(s)

2018-12-10 09:57:16 - [TEST_STEP][PASSED] - delay: Delayed 5 second(s)

2018-12-10 09:57:21 - [MESSAGE][PASSED] - Delayed 5 second(s)

2018-12-10 09:57:21 - [TEST_STEP][PASSED] - mouseOver: Object: 'Object Repository/Final Object Repo/Landing Page/WorkFlow Menu' is hovered

2018-12-10 09:57:21 - [MESSAGE][PASSED] - Object: 'Object Repository/Final Object Repo/Landing Page/WorkFlow Menu' is hovered

2018-12-10 09:57:21 - [TEST_STEP][PASSED] - delay: Delayed 2 second(s)

2018-12-10 09:57:23 - [MESSAGE][PASSED] - Delayed 2 second(s)

2018-12-10 09:57:23 - [TEST_STEP][PASSED] - click: Object: 'Object Repository/Final Object Repo/Landing Page/Select to Workflow Listing' is clicked on

2018-12-10 09:57:24 - [MESSAGE][PASSED] - Object: 'Object Repository/Final Object Repo/Landing Page/Select to Workflow Listing' is clicked on

2018-12-10 09:57:24 - [TEST_STEP][PASSED] - delay: Delayed 2 second(s)

2018-12-10 09:57:26 - [MESSAGE][PASSED] - Delayed 2 second(s)

2018-12-10 09:57:26 - [TEST_STEP][PASSED] - click: Object: 'Object Repository/Final Object Repo/WorkFlow Listing Page/Search Information - To Put Ref No' is clicked on

2018-12-10 09:57:27 - [MESSAGE][PASSED] - Object: 'Object Repository/Final Object Repo/WorkFlow Listing Page/Search Information - To Put Ref No' is clicked on

2018-12-10 09:57:27 - [TEST_STEP][PASSED] - delay: Delayed 2 second(s)

2018-12-10 09:57:29 - [MESSAGE][PASSED] - Delayed 2 second(s)

2018-12-10 09:57:29 - [TEST_STEP][PASSED] - callTestCase: Call Test Case 'Test Cases/Final Aug 2018 - PKS Automation/Common/Reference Number Getter' successfully

2018-12-10 09:57:29 - [TEST_CASE][PASSED] - Test Cases/Final Aug 2018 - PKS Automation/Common/Reference Number Getter: Test Cases/Final Aug 2018 - PKS Automation/Common/Reference Number Getter

2018-12-10 09:57:29 - [TEST_STEP][PASSED] - Statement - Try: null

2018-12-10 09:57:29 - [TEST_STEP][PASSED] - Statement - RefNo = new java.io.File(C://Users//Admin//Desktop//PKS//Automation Reference Point//KatalonReference.txt): null

2018-12-10 09:57:29 - [TEST_STEP][PASSED] - Statement - bufferread = new java.io.BufferedReader(new java.io.FileReader(RefNo)): null

2018-12-10 09:57:29 - [TEST_STEP][PASSED] - Statement - readedVal = bufferread.readLine(): null

2018-12-10 09:57:29 - [TEST_STEP][PASSED] - Statement - out.println(CaseReferenceNo): null

2018-12-10 09:57:29 - [TEST_STEP][PASSED] - Statement - out.println(readedVal): null

2018-12-10 09:57:29 - [TEST_STEP][PASSED] - Statement - CaseReferenceNo = "": null

2018-12-10 09:57:29 - [TEST_STEP][PASSED] - Statement - CaseReferenceNo = readedVal: null

2018-12-10 09:57:29 - [MESSAGE][PASSED] - Call Test Case 'Test Cases/Final Aug 2018 - PKS Automation/Common/Reference Number Getter' successfully

2018-12-10 09:57:29 - [TEST_STEP][PASSED] - setText: Text 'CUN122018C100005922' is set on object 'Object Repository/Final Object Repo/WorkFlow Listing Page/Ref No Set Text'

2018-12-10 09:57:29 - [MESSAGE][PASSED] - Text 'CUN122018C100005922' is set on object 'Object Repository/Final Object Repo/WorkFlow Listing Page/Ref No Set Text'

2018-12-10 09:57:29 - [TEST_STEP][PASSED] - delay: Delayed 2 second(s)

2018-12-10 09:57:31 - [MESSAGE][PASSED] - Delayed 2 second(s)

2018-12-10 09:57:31 - [TEST_STEP][PASSED] - click: Object: 'Object Repository/Final Object Repo/WorkFlow Listing Page/Search Ref No Search Button' is clicked on

2018-12-10 09:57:31 - [MESSAGE][PASSED] - Object: 'Object Repository/Final Object Repo/WorkFlow Listing Page/Search Ref No Search Button' is clicked on

2018-12-10 09:57:31 - [TEST_STEP][PASSED] - delay: Delayed 6 second(s)

2018-12-10 09:57:37 - [MESSAGE][PASSED] - Delayed 6 second(s)

2018-12-10 09:57:37 - [TEST_STEP][PASSED] - click: Object: 'Object Repository/Final Object Repo/WorkFlow Listing Page/Click Continue Tooltip' is clicked on

2018-12-10 09:57:38 - [MESSAGE][PASSED] - Object: 'Object Repository/Final Object Repo/WorkFlow Listing Page/Click Continue Tooltip' is clicked on

2018-12-10 09:57:38 - [TEST_STEP][PASSED] - delay: Delayed 5 second(s)

2018-12-10 09:57:43 - [MESSAGE][PASSED] - Delayed 5 second(s)

2018-12-10 09:57:43 - [TEST_STEP][PASSED] - doubleClick: Object: 'Object Repository/Final Object Repo/WorkFlow Listing Page/Workflow Found - Listing 1' is double clicked on

2018-12-10 09:57:44 - [MESSAGE][PASSED] - Object: 'Object Repository/Final Object Repo/WorkFlow Listing Page/Workflow Found - Listing 1' is double clicked on

2018-12-10 09:57:44 - [TEST_STEP][PASSED] - Statement - println(OwnerID): null

2018-12-10 09:57:44 - [TEST_STEP][PASSED] - Statement - OwnerID = com.kms.katalon.core.webui.keyword.WebUiBuiltInKeywords.getText(com.kms.katalon.core.testobject.ObjectRepository.findTestObject(Final Object Repo/WorkFlow Listing Page/Workflow Found - Listing 1), STOP_ON_FAILURE): Text of object 'Object Repository/Final Object Repo/WorkFlow Listing Page/Workflow Found - Listing 1' is: 'JOHORuo1'

2018-12-10 09:57:44 - [MESSAGE][PASSED] - Text of object 'Object Repository/Final Object Repo/WorkFlow Listing Page/Workflow Found - Listing 1' is: 'JOHORuo1'

2018-12-10 09:57:44 - [TEST_STEP][PASSED] - Statement - OwnerID = OwnerID.toLowerCase() + "@gmail.com": null

2018-12-10 09:57:44 - [TEST_STEP][PASSED] - Statement - println(OwnerID): null

2018-12-10 09:57:44 - [TEST_STEP][PASSED] - delay: Delayed 2 second(s)

2018-12-10 09:57:46 - [MESSAGE][PASSED] - Delayed 2 second(s)

2018-12-10 09:57:46 - [MESSAGE][PASSED] - Call Test Case 'Test Cases/Final Aug 2018 - PKS Automation/Common/Workflow Owner Finder' successfully

2018-12-10 09:57:46 - [TEST_STEP][PASSED] - delay: Delayed 1 second(s)

2018-12-10 09:57:47 - [MESSAGE][PASSED] - Delayed 1 second(s)

2018-12-10 09:57:47 - [TEST_STEP][PASSED] - navigateToUrl: Navigate to 'https://assist2-uat.perkeso.gov.my/c/portal/logout' successfully

2018-12-10 09:57:47 - [MESSAGE][PASSED] - Navigate to 'https://assist2-uat.perkeso.gov.my/c/portal/logout' successfully

2018-12-10 09:57:47 - [TEST_STEP][PASSED] - delay: Delayed 1 second(s)

2018-12-10 09:57:48 - [MESSAGE][PASSED] - Delayed 1 second(s)

2018-12-10 09:57:48 - [TEST_STEP][PASSED] - callTestCase: Call Test Case 'Test Cases/Final Aug 2018 - PKS Automation/Registration Module/Workflow/Login and Search Case For Workflow' successfully

2018-12-10 09:57:48 - [TEST_CASE][PASSED] - Test Cases/Final Aug 2018 - PKS Automation/Registration Module/Workflow/Login and Search Case For Workflow: Test Cases/Final Aug 2018 - PKS Automation/Registration Module/Workflow/Login and Search Case For Workflow

2018-12-10 09:57:48 - [TEST_STEP][PASSED] - navigateToUrl: Navigate to 'https://assist2-uat.perkeso.gov.my/login' successfully

2018-12-10 09:57:49 - [MESSAGE][PASSED] - Navigate to 'https://assist2-uat.perkeso.gov.my/login' successfully

2018-12-10 09:57:49 - [TEST_STEP][PASSED] - setText: Text 'johoruo1@gmail.com' is set on object 'Object Repository/Final Object Repo/Login Page/Internal User/Email Address'

2018-12-10 09:57:49 - [MESSAGE][PASSED] - Text 'johoruo1@gmail.com' is set on object 'Object Repository/Final Object Repo/Login Page/Internal User/Email Address'

2018-12-10 09:57:49 - [TEST_STEP][PASSED] - click: Object: 'Object Repository/Final Object Repo/Login Page/Internal User/Next Button' is clicked on

2018-12-10 09:57:49 - [MESSAGE][PASSED] - Object: 'Object Repository/Final Object Repo/Login Page/Internal User/Next Button' is clicked on

2018-12-10 09:57:49 - [TEST_STEP][PASSED] - delay: Delayed 1 second(s)

2018-12-10 09:57:50 - [MESSAGE][PASSED] - Delayed 1 second(s)

2018-12-10 09:57:50 - [TEST_STEP][PASSED] - setEncryptedText: Text ****** has been set on object 'Object Repository/Final Object Repo/Login Page/Internal User/Password'

2018-12-10 09:57:51 - [MESSAGE][PASSED] - Text ****** has been set on object 'Object Repository/Final Object Repo/Login Page/Internal User/Password'

2018-12-10 09:57:51 - [TEST_STEP][PASSED] - click: Object: 'Object Repository/Final Object Repo/Login Page/Internal User/Login Button' is clicked on

2018-12-10 09:57:51 - [MESSAGE][PASSED] - Object: 'Object Repository/Final Object Repo/Login Page/Internal User/Login Button' is clicked on

2018-12-10 09:57:51 - [TEST_STEP][PASSED] - delay: Delayed 2 second(s)

2018-12-10 09:57:53 - [MESSAGE][PASSED] - Delayed 2 second(s)

2018-12-10 09:57:53 - [TEST_STEP][PASSED] - Statement - Try: Delayed 2 second(s)

2018-12-10 09:57:53 - [TEST_STEP][PASSED] - Statement - Checker = false: null

2018-12-10 09:57:53 - [TEST_STEP][PASSED] - Statement - Checker = com.kms.katalon.core.webui.keyword.WebUiBuiltInKeywords.verifyElementHasAttribute(com.kms.katalon.core.testobject.ObjectRepository.findTestObject(Final Object Repo/Landing Page/BM Detecting), "href", 20, OPTIONAL): Object 'Object Repository/Final Object Repo/Landing Page/BM Detecting' has attribute 'href'

2018-12-10 09:57:53 - [MESSAGE][PASSED] - Object 'Object Repository/Final Object Repo/Landing Page/BM Detecting' has attribute 'href'

2018-12-10 09:57:53 - [TEST_STEP][PASSED] - Statement - out.println(Checker): null

2018-12-10 09:57:53 - [TEST_STEP][PASSED] - Statement - If (Checker == false): null

2018-12-10 09:57:53 - [TEST_STEP][PASSED] - Statement - Else: null

2018-12-10 09:57:53 - [TEST_STEP][PASSED] - delay: Delayed 2 second(s)

2018-12-10 09:57:55 - [MESSAGE][PASSED] - Delayed 2 second(s)

2018-12-10 09:57:55 - [TEST_STEP][PASSED] - click: Object: 'Object Repository/Final Object Repo/Page_MyASSIST - ASSIST - Search Pending Case For Add Supporting Document/Search Information' is clicked on

2018-12-10 09:57:55 - [MESSAGE][PASSED] - Object: 'Object Repository/Final Object Repo/Page_MyASSIST - ASSIST - Search Pending Case For Add Supporting Document/Search Information' is clicked on

2018-12-10 09:57:55 - [TEST_STEP][PASSED] - delay: Delayed 3 second(s)

2018-12-10 09:57:58 - [MESSAGE][PASSED] - Delayed 3 second(s)

2018-12-10 09:57:58 - [TEST_STEP][PASSED] - sendKeys: Keys 'CUN122018C100005922' sent to object: 'Object Repository/Final Object Repo/Page_MyASSIST - ASSIST - Search Pending Case For Add Supporting Document/Reference No'

2018-12-10 09:57:58 - [MESSAGE][PASSED] - Keys 'CUN122018C100005922' sent to object: 'Object Repository/Final Object Repo/Page_MyASSIST - ASSIST - Search Pending Case For Add Supporting Document/Reference No'

2018-12-10 09:57:58 - [TEST_STEP][PASSED] - click: Object: 'Object Repository/Final Object Repo/Page_MyASSIST - ASSIST - Search Pending Case For Add Supporting Document/Search Reference No' is clicked on

2018-12-10 09:57:59 - [MESSAGE][PASSED] - Object: 'Object Repository/Final Object Repo/Page_MyASSIST - ASSIST - Search Pending Case For Add Supporting Document/Search Reference No' is clicked on

2018-12-10 09:57:59 - [TEST_STEP][PASSED] - delay: Delayed 2 second(s)

2018-12-10 09:58:01 - [MESSAGE][PASSED] - Delayed 2 second(s)

2018-12-10 09:58:01 - [TEST_STEP][PASSED] - click: Object: 'Object Repository/Final Object Repo/Page_MyASSIST - ASSIST - Search Pending Case For Add Supporting Document/Continue' is clicked on

2018-12-10 09:58:04 - [MESSAGE][PASSED] - Object: 'Object Repository/Final Object Repo/Page_MyASSIST - ASSIST - Search Pending Case For Add Supporting Document/Continue' is clicked on

2018-12-10 09:58:04 - [TEST_STEP][PASSED] - delay: Delayed 20 second(s)

2018-12-10 09:58:24 - [MESSAGE][PASSED] - Delayed 20 second(s)

2018-12-10 09:58:24 - [MESSAGE][PASSED] - Call Test Case 'Test Cases/Final Aug 2018 - PKS Automation/Registration Module/Workflow/Login and Search Case For Workflow' successfully

2018-12-10 09:58:24 - [TEST_STEP][PASSED] - delay: Delayed 2 second(s)

2018-12-10 09:58:26 - [MESSAGE][PASSED] - Delayed 2 second(s)

2018-12-10 09:58:26 - [TEST_STEP][PASSED] - click: Object: 'Object Repository/Final Object Repo/Page_Update Employer Information/Page_Update Employer Information UO (Approve)/Continue' is clicked on

2018-12-10 09:58:30 - [MESSAGE][PASSED] - Object: 'Object Repository/Final Object Repo/Page_Update Employer Information/Page_Update Employer Information UO (Approve)/Continue' is clicked on

2018-12-10 09:58:30 - [TEST_STEP][PASSED] - delay: Delayed 2 second(s)

2018-12-10 09:58:32 - [MESSAGE][PASSED] - Delayed 2 second(s)

2018-12-10 09:58:32 - [TEST_STEP][PASSED] - click: Object: 'Object Repository/Final Object Repo/Page_Update Employer Information/Page_Update Employer Information UO (Approve)/Save  Continue in Update Employer Information Page' is clicked on

2018-12-10 09:58:32 - [MESSAGE][PASSED] - Object: 'Object Repository/Final Object Repo/Page_Update Employer Information/Page_Update Employer Information UO (Approve)/Save  Continue in Update Employer Information Page' is clicked on

2018-12-10 09:58:32 - [TEST_STEP][PASSED] - delay: Delayed 2 second(s)

2018-12-10 09:58:34 - [MESSAGE][PASSED] - Delayed 2 second(s)

2018-12-10 09:58:34 - [TEST_STEP][PASSED] - click: Object: 'Object Repository/Final Object Repo/Page_Update Employer Information/Page_Update Employer Information UO (Approve)/Save  Continue in Uploading Supporting Document Page' is clicked on

2018-12-10 09:58:37 - [MESSAGE][PASSED] - Object: 'Object Repository/Final Object Repo/Page_Update Employer Information/Page_Update Employer Information UO (Approve)/Save  Continue in Uploading Supporting Document Page' is clicked on

2018-12-10 09:58:37 - [TEST_STEP][PASSED] - delay: Delayed 2 second(s)

2018-12-10 09:58:39 - [MESSAGE][PASSED] - Delayed 2 second(s)

2018-12-10 09:58:39 - [TEST_STEP][PASSED] - click: Object: 'Object Repository/Final Object Repo/Page_Update Employer Information/Page_Update Employer Information UO (Reject)/Reject' is clicked on

2018-12-10 09:58:41 - [MESSAGE][PASSED] - Object: 'Object Repository/Final Object Repo/Page_Update Employer Information/Page_Update Employer Information UO (Reject)/Reject' is clicked on

2018-12-10 09:58:41 - [TEST_STEP][PASSED] - delay: Delayed 2 second(s)

2018-12-10 09:58:43 - [MESSAGE][PASSED] - Delayed 2 second(s)

2018-12-10 09:58:43 - [TEST_STEP][PASSED] - click: Object: 'Object Repository/Final Object Repo/Page_Update Employer Information/Page_Update Employer Information UO (Reject)/Confirm' is clicked on

2018-12-10 09:58:43 - [MESSAGE][PASSED] - Object: 'Object Repository/Final Object Repo/Page_Update Employer Information/Page_Update Employer Information UO (Reject)/Confirm' is clicked on

2018-12-10 09:58:43 - [TEST_STEP][PASSED] - delay: Delayed 2 second(s)

2018-12-10 09:58:45 - [MESSAGE][PASSED] - Delayed 2 second(s)

2018-12-10 09:58:45 - [TEST_STEP][PASSED] - click: Object: 'Object Repository/Final Object Repo/Page_Update Employer Information/Page_Update Employer Information UO (Reject)/Message This Case has been Rejected' is clicked on

2018-12-10 09:58:47 - [MESSAGE][PASSED] - Object: 'Object Repository/Final Object Repo/Page_Update Employer Information/Page_Update Employer Information UO (Reject)/Message This Case has been Rejected' is clicked on

2018-12-10 09:58:47 - [MESSAGE][PASSED] - Call Test Case 'Test Cases/Final Aug 2018 - PKS Automation/Registration Module/Workflow/Update Employer Information/Template/Update Employer Information - Special Case - UO (Reject)' successfully]]></system-out>
         <system-err><![CDATA[]]></system-err>
      </testcase>
      <testcase name="Test Cases/Final Aug 2018 - PKS Automation/Registration Module/Workflow/Update Employer Information/Employer - UO (Under enforcement)" classname="Test Cases/Final Aug 2018 - PKS Automation/Registration Module/Workflow/Update Employer Information/Employer - UO (Under enforcement)" status="PASSED">
         <system-out><![CDATA[2018-12-10 09:58:47 - [TEST_CASE][PASSED] - Test Cases/Final Aug 2018 - PKS Automation/Registration Module/Workflow/Update Employer Information/Employer - UO (Under enforcement): Test Cases/Final Aug 2018 - PKS Automation/Registration Module/Workflow/Update Employer Information/Employer - UO (Under enforcement)

2018-12-10 09:58:47 - [TEST_STEP][PASSED] - callTestCase: Call Test Case 'Test Cases/Final Aug 2018 - PKS Automation/Registration Module/Workflow/Update Employer Information/Template/Update Employer Information - Special Case (Employer)' successfully

2018-12-10 09:58:47 - [TEST_CASE][PASSED] - Test Cases/Final Aug 2018 - PKS Automation/Registration Module/Workflow/Update Employer Information/Template/Update Employer Information - Special Case (Employer): Test Cases/Final Aug 2018 - PKS Automation/Registration Module/Workflow/Update Employer Information/Template/Update Employer Information - Special Case (Employer)

2018-12-10 09:58:47 - [TEST_STEP][PASSED] - callTestCase: Call Test Case 'Test Cases/Final Aug 2018 - PKS Automation/Create Employer Acc/Login to Employer Account (Second time)' successfully

2018-12-10 09:58:47 - [TEST_CASE][PASSED] - Test Cases/Final Aug 2018 - PKS Automation/Create Employer Acc/Login to Employer Account (Second time): Test Cases/Final Aug 2018 - PKS Automation/Create Employer Acc/Login to Employer Account (Second time)

2018-12-10 09:58:47 - [TEST_STEP][PASSED] - openBrowser: Browser is opened with url: ''

2018-12-10 09:58:47 - [MESSAGE][WARNING] - A browser is already opened. Closing browser and opening a new one

2018-12-10 09:58:50 - [MESSAGE][PASSED] - Browser is opened with url: ''

2018-12-10 09:58:50 - [TEST_STEP][PASSED] - navigateToUrl: Navigate to 'https://assist2-uat.perkeso.gov.my/employer/login' successfully

2018-12-10 09:58:51 - [MESSAGE][PASSED] - Navigate to 'https://assist2-uat.perkeso.gov.my/employer/login' successfully

2018-12-10 09:58:51 - [TEST_STEP][PASSED] - delay: Delayed 3 second(s)

2018-12-10 09:58:54 - [MESSAGE][PASSED] - Delayed 3 second(s)

2018-12-10 09:58:54 - [TEST_STEP][PASSED] - callTestCase: Call Test Case 'Test Cases/Final Aug 2018 - PKS Automation/Create Employer Acc/Template/Employer Email Getter' successfully

2018-12-10 09:58:54 - [TEST_CASE][PASSED] - Test Cases/Final Aug 2018 - PKS Automation/Create Employer Acc/Template/Employer Email Getter: Test Cases/Final Aug 2018 - PKS Automation/Create Employer Acc/Template/Employer Email Getter

2018-12-10 09:58:54 - [TEST_STEP][PASSED] - Statement - Try: null

2018-12-10 09:58:54 - [TEST_STEP][PASSED] - Statement - EmpEmail = new java.io.File(C://Users//Admin//Desktop//PKS//Automation Reference Point//EmpEmail.txt): null

2018-12-10 09:58:54 - [TEST_STEP][PASSED] - Statement - bufferread = new java.io.BufferedReader(new java.io.FileReader(EmpEmail)): null

2018-12-10 09:58:54 - [TEST_STEP][PASSED] - Statement - readedVal = bufferread.readLine(): null

2018-12-10 09:58:54 - [TEST_STEP][PASSED] - Statement - out.println(readedVal): null

2018-12-10 09:58:54 - [TEST_STEP][PASSED] - Statement - Email = readedVal: null

2018-12-10 09:58:54 - [MESSAGE][PASSED] - Call Test Case 'Test Cases/Final Aug 2018 - PKS Automation/Create Employer Acc/Template/Employer Email Getter' successfully

2018-12-10 09:58:54 - [TEST_STEP][PASSED] - setText: Text 'perkeso683269865951@gmail.com' is set on object 'Object Repository/Final Object Repo/Login Page/External Login Page/Email'

2018-12-10 09:58:55 - [MESSAGE][PASSED] - Text 'perkeso683269865951@gmail.com' is set on object 'Object Repository/Final Object Repo/Login Page/External Login Page/Email'

2018-12-10 09:58:55 - [TEST_STEP][PASSED] - click: Object: 'Object Repository/Final Object Repo/Login Page/External Login Page/Next' is clicked on

2018-12-10 09:58:55 - [MESSAGE][PASSED] - Object: 'Object Repository/Final Object Repo/Login Page/External Login Page/Next' is clicked on

2018-12-10 09:58:55 - [TEST_STEP][PASSED] - delay: Delayed 3 second(s)

2018-12-10 09:58:58 - [MESSAGE][PASSED] - Delayed 3 second(s)

2018-12-10 09:58:58 - [TEST_STEP][PASSED] - setEncryptedText: Text ****** has been set on object 'Object Repository/Final Object Repo/Login Page/External Login Page/Password'

2018-12-10 09:58:58 - [MESSAGE][PASSED] - Text ****** has been set on object 'Object Repository/Final Object Repo/Login Page/External Login Page/Password'

2018-12-10 09:58:58 - [TEST_STEP][PASSED] - click: Object: 'Object Repository/Final Object Repo/Login Page/External Login Page/Login' is clicked on

2018-12-10 09:58:59 - [MESSAGE][PASSED] - Object: 'Object Repository/Final Object Repo/Login Page/External Login Page/Login' is clicked on

2018-12-10 09:58:59 - [TEST_STEP][PASSED] - delay: Delayed 5 second(s)

2018-12-10 09:59:04 - [MESSAGE][PASSED] - Delayed 5 second(s)

2018-12-10 09:59:04 - [MESSAGE][PASSED] - Call Test Case 'Test Cases/Final Aug 2018 - PKS Automation/Create Employer Acc/Login to Employer Account (Second time)' successfully

2018-12-10 09:59:04 - [TEST_STEP][PASSED] - Statement - tester = com.kms.katalon.core.testobject.ObjectRepository.findTestObject(Final Object Repo/Landing Page/Select to English): Finding Test Object with id 'Object Repository/Final Object Repo/Landing Page/Select to English'

2018-12-10 09:59:04 - [TEST_STEP][PASSED] - Statement - Try: Delayed 2 second(s)

2018-12-10 09:59:04 - [TEST_STEP][PASSED] - Statement - Checker = com.kms.katalon.core.webui.keyword.WebUiBuiltInKeywords.verifyElementNotPresent(tester, 3): Web element with id: 'Object Repository/Final Object Repo/Landing Page/Select to English' located by 'By.xpath: //a[@class = 'taglib-language-list-text' and @lang = 'en-US' and (contains(text(), 'EN') or contains(., 'EN'))]' is not present after '3' second(s)

2018-12-10 09:59:04 - [MESSAGE][PASSED] - Web element with id: 'Object Repository/Final Object Repo/Landing Page/Select to English' located by 'By.xpath: //a[@class = 'taglib-language-list-text' and @lang = 'en-US' and (contains(text(), 'EN') or contains(., 'EN'))]' is not present after '3' second(s)

2018-12-10 09:59:04 - [TEST_STEP][PASSED] - Statement - If (Checker == false): null

2018-12-10 09:59:04 - [TEST_STEP][PASSED] - delay: Delayed 2 second(s)

2018-12-10 09:59:06 - [MESSAGE][PASSED] - Delayed 2 second(s)

2018-12-10 09:59:06 - [TEST_STEP][PASSED] - delay: Delayed 5 second(s)

2018-12-10 09:59:11 - [MESSAGE][PASSED] - Delayed 5 second(s)

2018-12-10 09:59:11 - [TEST_STEP][PASSED] - navigateToUrl: Navigate to 'https://assist2-uat.perkeso.gov.my/web/registration/update/update-employer-information' successfully

2018-12-10 09:59:12 - [MESSAGE][PASSED] - Navigate to 'https://assist2-uat.perkeso.gov.my/web/registration/update/update-employer-information' successfully

2018-12-10 09:59:12 - [TEST_STEP][PASSED] - click: Object: 'Object Repository/Final Object Repo/Page_Update Employer Information/Edit Button' is clicked on

2018-12-10 09:59:15 - [MESSAGE][PASSED] - Object: 'Object Repository/Final Object Repo/Page_Update Employer Information/Edit Button' is clicked on

2018-12-10 09:59:15 - [TEST_STEP][PASSED] - click: Object: 'Object Repository/Final Object Repo/Page_Update Employer Information/Business Entity' is clicked on

2018-12-10 09:59:15 - [MESSAGE][PASSED] - Object: 'Object Repository/Final Object Repo/Page_Update Employer Information/Business Entity' is clicked on

2018-12-10 09:59:15 - [TEST_STEP][PASSED] - Statement - CurrentBusinessEntity = "": null

2018-12-10 09:59:15 - [TEST_STEP][PASSED] - Statement - CurrentBusinessEntity = com.kms.katalon.core.webui.keyword.WebUiBuiltInKeywords.getText(com.kms.katalon.core.testobject.ObjectRepository.findTestObject(Final Object Repo/Page_Update Employer Information/Current Business Entity)): Text of object 'Object Repository/Final Object Repo/Page_Update Employer Information/Current Business Entity' is: 'Sole Proprietor / Individual Business'

2018-12-10 09:59:15 - [MESSAGE][PASSED] - Text of object 'Object Repository/Final Object Repo/Page_Update Employer Information/Current Business Entity' is: 'Sole Proprietor / Individual Business'

2018-12-10 09:59:15 - [TEST_STEP][PASSED] - Statement - out.println(CurrentBusinessEntity): null

2018-12-10 09:59:15 - [TEST_STEP][PASSED] - Statement - If (CurrentBusinessEntity == "Corporation"): null

2018-12-10 09:59:15 - [TEST_STEP][PASSED] - Statement - Else If (CurrentBusinessEntity == "Partnership"): null

2018-12-10 09:59:15 - [TEST_STEP][PASSED] - Statement - Else If (CurrentBusinessEntity == "Sole Proprietor / Individual Business"): Delayed 3 second(s)

2018-12-10 09:59:15 - [TEST_STEP][PASSED] - Statement - obj = com.kms.katalon.core.webui.keyword.WebUiBuiltInKeywords.modifyObjectProperty(com.kms.katalon.core.testobject.ObjectRepository.findTestObject(Final Object Repo/Page_Update Employer Information/change to this Business Entity), "xpath", "equals", "//ul/li/span[contains(text(),"Others")]", true, STOP_ON_FAILURE): Modify property of object successfully

2018-12-10 09:59:15 - [MESSAGE][PASSED] - Modify property of object successfully

2018-12-10 09:59:15 - [TEST_STEP][PASSED] - click: Object: 'Object Repository/Final Object Repo/Page_Update Employer Information/change to this Business Entity' is clicked on

2018-12-10 09:59:15 - [MESSAGE][PASSED] - Object: 'Object Repository/Final Object Repo/Page_Update Employer Information/change to this Business Entity' is clicked on

2018-12-10 09:59:15 - [TEST_STEP][PASSED] - delay: Delayed 1 second(s)

2018-12-10 09:59:16 - [MESSAGE][PASSED] - Delayed 1 second(s)

2018-12-10 09:59:16 - [TEST_STEP][PASSED] - click: Object: 'Object Repository/Final Object Repo/Page_Update Employer Information/Sub Business Entity' is clicked on

2018-12-10 09:59:16 - [MESSAGE][PASSED] - Object: 'Object Repository/Final Object Repo/Page_Update Employer Information/Sub Business Entity' is clicked on

2018-12-10 09:59:16 - [TEST_STEP][PASSED] - click: Object: 'Object Repository/Final Object Repo/Page_Update Employer Information/Sub Business Entity List - Others - Federal Government Agency' is clicked on

2018-12-10 09:59:17 - [MESSAGE][PASSED] - Object: 'Object Repository/Final Object Repo/Page_Update Employer Information/Sub Business Entity List - Others - Federal Government Agency' is clicked on

2018-12-10 09:59:17 - [TEST_STEP][PASSED] - delay: Delayed 1 second(s)

2018-12-10 09:59:18 - [MESSAGE][PASSED] - Delayed 1 second(s)

2018-12-10 09:59:18 - [TEST_STEP][PASSED] - click: Object: 'Object Repository/Final Object Repo/Page_Update Employer Information/Sub Business Entity List' is clicked on

2018-12-10 09:59:18 - [MESSAGE][PASSED] - Object: 'Object Repository/Final Object Repo/Page_Update Employer Information/Sub Business Entity List' is clicked on

2018-12-10 09:59:18 - [TEST_STEP][PASSED] - click: Object: 'Object Repository/Final Object Repo/Page_Update Employer Information/Sub Business Entity - Others - Federal Government Agency - Kementerian' is clicked on

2018-12-10 09:59:18 - [MESSAGE][PASSED] - Object: 'Object Repository/Final Object Repo/Page_Update Employer Information/Sub Business Entity - Others - Federal Government Agency - Kementerian' is clicked on

2018-12-10 09:59:18 - [TEST_STEP][PASSED] - delay: Delayed 3 second(s)

2018-12-10 09:59:21 - [MESSAGE][PASSED] - Delayed 3 second(s)

2018-12-10 09:59:21 - [TEST_STEP][PASSED] - delay: Delayed 4 second(s)

2018-12-10 09:59:25 - [MESSAGE][PASSED] - Delayed 4 second(s)

2018-12-10 09:59:25 - [TEST_STEP][PASSED] - click: Object: 'Object Repository/Final Object Repo/Page_Update Employer Information/Save  Continue' is clicked on

2018-12-10 09:59:25 - [MESSAGE][PASSED] - Object: 'Object Repository/Final Object Repo/Page_Update Employer Information/Save  Continue' is clicked on

2018-12-10 09:59:25 - [TEST_STEP][PASSED] - delay: Delayed 4 second(s)

2018-12-10 09:59:29 - [MESSAGE][PASSED] - Delayed 4 second(s)

2018-12-10 09:59:29 - [TEST_STEP][PASSED] - click: Object: 'Object Repository/Final Object Repo/Page_Update Employer Information/Save  Continue (1)' is clicked on

2018-12-10 09:59:30 - [MESSAGE][PASSED] - Object: 'Object Repository/Final Object Repo/Page_Update Employer Information/Save  Continue (1)' is clicked on

2018-12-10 09:59:30 - [TEST_STEP][PASSED] - Statement - CaseReferenceNo = com.kms.katalon.core.webui.keyword.WebUiBuiltInKeywords.getText(com.kms.katalon.core.testobject.ObjectRepository.findTestObject(Final Object Repo/Page_Update Employer Information/Reference Number in Update Employee Information Page)): Text of object 'Object Repository/Final Object Repo/Page_Update Employer Information/Reference Number in Update Employee Information Page' is: 'CUN122018C100005923'

2018-12-10 09:59:33 - [MESSAGE][PASSED] - Text of object 'Object Repository/Final Object Repo/Page_Update Employer Information/Reference Number in Update Employee Information Page' is: 'CUN122018C100005923'

2018-12-10 09:59:33 - [TEST_STEP][PASSED] - callTestCase: Call Test Case 'Test Cases/Final Aug 2018 - PKS Automation/Common/Reference Number Setter' successfully

2018-12-10 09:59:33 - [TEST_CASE][PASSED] - Test Cases/Final Aug 2018 - PKS Automation/Common/Reference Number Setter: Test Cases/Final Aug 2018 - PKS Automation/Common/Reference Number Setter

2018-12-10 09:59:33 - [TEST_STEP][PASSED] - Statement - RefNoOldFile = new java.io.File(C://Users//Admin//Desktop//PKS//Automation Reference Point//KatalonReference.txt): null

2018-12-10 09:59:33 - [TEST_STEP][PASSED] - Statement - RefNoOldFile.delete(): null

2018-12-10 09:59:33 - [TEST_STEP][PASSED] - delay: Delayed 5 second(s)

2018-12-10 09:59:38 - [MESSAGE][PASSED] - Delayed 5 second(s)

2018-12-10 09:59:38 - [TEST_STEP][PASSED] - Statement - RefNo = new java.io.File(C://Users//Admin//Desktop//PKS//Automation Reference Point//KatalonReference.txt): null

2018-12-10 09:59:38 - [TEST_STEP][PASSED] - Statement - f2 = new java.io.FileWriter(RefNo, false): null

2018-12-10 09:59:38 - [TEST_STEP][PASSED] - Statement - f2.write(CaseReferenceNo): null

2018-12-10 09:59:38 - [TEST_STEP][PASSED] - Statement - f2.close(): null

2018-12-10 09:59:38 - [TEST_STEP][PASSED] - Statement - out.println("


" + CaseReferenceNo + "


"): null

2018-12-10 09:59:38 - [MESSAGE][PASSED] - Call Test Case 'Test Cases/Final Aug 2018 - PKS Automation/Common/Reference Number Setter' successfully

2018-12-10 09:59:38 - [TEST_STEP][PASSED] - delay: Delayed 4 second(s)

2018-12-10 09:59:42 - [MESSAGE][PASSED] - Delayed 4 second(s)

2018-12-10 09:59:42 - [TEST_STEP][PASSED] - click: Object: 'Object Repository/Final Object Repo/Page_Update Employer Information/Submit - Copy' is clicked on

2018-12-10 09:59:42 - [MESSAGE][PASSED] - Object: 'Object Repository/Final Object Repo/Page_Update Employer Information/Submit - Copy' is clicked on

2018-12-10 09:59:42 - [TEST_STEP][PASSED] - delay: Delayed 2 second(s)

2018-12-10 09:59:44 - [MESSAGE][PASSED] - Delayed 2 second(s)

2018-12-10 09:59:44 - [TEST_STEP][PASSED] - click: Object: 'Object Repository/Final Object Repo/Page_Update Employer Information/Confirm' is clicked on

2018-12-10 09:59:45 - [MESSAGE][PASSED] - Object: 'Object Repository/Final Object Repo/Page_Update Employer Information/Confirm' is clicked on

2018-12-10 09:59:45 - [TEST_STEP][PASSED] - delay: Delayed 2 second(s)

2018-12-10 09:59:47 - [MESSAGE][PASSED] - Delayed 2 second(s)

2018-12-10 09:59:47 - [TEST_STEP][PASSED] - click: Object: 'Object Repository/Final Object Repo/Page_Update Employer Information/Message Your Request will be route' is clicked on

2018-12-10 09:59:51 - [MESSAGE][PASSED] - Object: 'Object Repository/Final Object Repo/Page_Update Employer Information/Message Your Request will be route' is clicked on

2018-12-10 09:59:51 - [MESSAGE][PASSED] - Call Test Case 'Test Cases/Final Aug 2018 - PKS Automation/Registration Module/Workflow/Update Employer Information/Template/Update Employer Information - Special Case (Employer)' successfully

2018-12-10 09:59:51 - [TEST_STEP][PASSED] - callTestCase: Call Test Case 'Test Cases/Final Aug 2018 - PKS Automation/Registration Module/Workflow/Update Employer Information/Template/Update Employer Information - Special Case - UO (Under enforcement)' successfully

2018-12-10 09:59:51 - [TEST_CASE][PASSED] - Test Cases/Final Aug 2018 - PKS Automation/Registration Module/Workflow/Update Employer Information/Template/Update Employer Information - Special Case - UO (Under enforcement): Test Cases/Final Aug 2018 - PKS Automation/Registration Module/Workflow/Update Employer Information/Template/Update Employer Information - Special Case - UO (Under enforcement)

2018-12-10 09:59:51 - [TEST_STEP][NOT_RUN] - callTestCase: NOT_RUN: callTestCase

2018-12-10 09:59:51 - [MESSAGE][NOT_RUN] - NOT_RUN: callTestCase

2018-12-10 09:59:51 - [TEST_STEP][PASSED] - delay: Delayed 1 second(s)

2018-12-10 09:59:52 - [MESSAGE][PASSED] - Delayed 1 second(s)

2018-12-10 09:59:52 - [TEST_STEP][PASSED] - navigateToUrl: Navigate to 'https://assist2-uat.perkeso.gov.my/c/portal/logout' successfully

2018-12-10 09:59:53 - [MESSAGE][PASSED] - Navigate to 'https://assist2-uat.perkeso.gov.my/c/portal/logout' successfully

2018-12-10 09:59:53 - [TEST_STEP][PASSED] - delay: Delayed 1 second(s)

2018-12-10 09:59:54 - [MESSAGE][PASSED] - Delayed 1 second(s)

2018-12-10 09:59:54 - [TEST_STEP][PASSED] - callTestCase: Call Test Case 'Test Cases/Final Aug 2018 - PKS Automation/Common/Reference Number Getter' successfully

2018-12-10 09:59:54 - [TEST_CASE][PASSED] - Test Cases/Final Aug 2018 - PKS Automation/Common/Reference Number Getter: Test Cases/Final Aug 2018 - PKS Automation/Common/Reference Number Getter

2018-12-10 09:59:54 - [TEST_STEP][PASSED] - Statement - Try: null

2018-12-10 09:59:54 - [TEST_STEP][PASSED] - Statement - RefNo = new java.io.File(C://Users//Admin//Desktop//PKS//Automation Reference Point//KatalonReference.txt): null

2018-12-10 09:59:54 - [TEST_STEP][PASSED] - Statement - bufferread = new java.io.BufferedReader(new java.io.FileReader(RefNo)): null

2018-12-10 09:59:54 - [TEST_STEP][PASSED] - Statement - readedVal = bufferread.readLine(): null

2018-12-10 09:59:54 - [TEST_STEP][PASSED] - Statement - out.println(CaseReferenceNo): null

2018-12-10 09:59:54 - [TEST_STEP][PASSED] - Statement - out.println(readedVal): null

2018-12-10 09:59:54 - [TEST_STEP][PASSED] - Statement - CaseReferenceNo = "": null

2018-12-10 09:59:54 - [TEST_STEP][PASSED] - Statement - CaseReferenceNo = readedVal: null

2018-12-10 09:59:54 - [MESSAGE][PASSED] - Call Test Case 'Test Cases/Final Aug 2018 - PKS Automation/Common/Reference Number Getter' successfully

2018-12-10 09:59:54 - [TEST_STEP][PASSED] - callTestCase: Call Test Case 'Test Cases/Final Aug 2018 - PKS Automation/Common/Workflow Owner Finder' successfully

2018-12-10 09:59:54 - [TEST_CASE][PASSED] - Test Cases/Final Aug 2018 - PKS Automation/Common/Workflow Owner Finder: Test Cases/Final Aug 2018 - PKS Automation/Common/Workflow Owner Finder

2018-12-10 09:59:54 - [TEST_STEP][PASSED] - openBrowser: Browser is opened with url: ''

2018-12-10 09:59:54 - [MESSAGE][WARNING] - A browser is already opened. Closing browser and opening a new one

2018-12-10 09:59:57 - [MESSAGE][PASSED] - Browser is opened with url: ''

2018-12-10 09:59:57 - [TEST_STEP][PASSED] - navigateToUrl: Navigate to 'https://assist2-uat.perkeso.gov.my/login' successfully

2018-12-10 09:59:58 - [MESSAGE][PASSED] - Navigate to 'https://assist2-uat.perkeso.gov.my/login' successfully

2018-12-10 09:59:58 - [TEST_STEP][PASSED] - delay: Delayed 5 second(s)

2018-12-10 10:00:03 - [MESSAGE][PASSED] - Delayed 5 second(s)

2018-12-10 10:00:03 - [TEST_STEP][PASSED] - setText: Text 'test@liferay.com' is set on object 'Object Repository/Final Object Repo/Login Page/Internal User/Email Address'

2018-12-10 10:00:03 - [MESSAGE][PASSED] - Text 'test@liferay.com' is set on object 'Object Repository/Final Object Repo/Login Page/Internal User/Email Address'

2018-12-10 10:00:03 - [TEST_STEP][PASSED] - click: Object: 'Object Repository/Final Object Repo/Login Page/Internal User/Next Button' is clicked on

2018-12-10 10:00:03 - [MESSAGE][PASSED] - Object: 'Object Repository/Final Object Repo/Login Page/Internal User/Next Button' is clicked on

2018-12-10 10:00:03 - [TEST_STEP][PASSED] - delay: Delayed 2 second(s)

2018-12-10 10:00:05 - [MESSAGE][PASSED] - Delayed 2 second(s)

2018-12-10 10:00:05 - [TEST_STEP][PASSED] - setText: Text 'test' is set on object 'Object Repository/Final Object Repo/Login Page/Internal User/Password'

2018-12-10 10:00:05 - [MESSAGE][PASSED] - Text 'test' is set on object 'Object Repository/Final Object Repo/Login Page/Internal User/Password'

2018-12-10 10:00:05 - [TEST_STEP][PASSED] - delay: Delayed 2 second(s)

2018-12-10 10:00:07 - [MESSAGE][PASSED] - Delayed 2 second(s)

2018-12-10 10:00:07 - [TEST_STEP][PASSED] - click: Object: 'Object Repository/Final Object Repo/Login Page/Internal User/Login Button' is clicked on

2018-12-10 10:00:08 - [MESSAGE][PASSED] - Object: 'Object Repository/Final Object Repo/Login Page/Internal User/Login Button' is clicked on

2018-12-10 10:00:08 - [TEST_STEP][PASSED] - Statement - tester = com.kms.katalon.core.testobject.ObjectRepository.findTestObject(Final Object Repo/Landing Page/Select to English): Finding Test Object with id 'Object Repository/Final Object Repo/Landing Page/Select to English'

2018-12-10 10:00:08 - [TEST_STEP][PASSED] - Statement - Try: Delayed 2 second(s)

2018-12-10 10:00:08 - [TEST_STEP][PASSED] - Statement - Checker = com.kms.katalon.core.webui.keyword.WebUiBuiltInKeywords.verifyElementNotPresent(tester, 3): Web element with id: 'Object Repository/Final Object Repo/Landing Page/Select to English' located by 'By.xpath: //a[@class = 'taglib-language-list-text' and @lang = 'en-US' and (contains(text(), 'EN') or contains(., 'EN'))]' is not present after '3' second(s)

2018-12-10 10:00:10 - [MESSAGE][PASSED] - Web element with id: 'Object Repository/Final Object Repo/Landing Page/Select to English' located by 'By.xpath: //a[@class = 'taglib-language-list-text' and @lang = 'en-US' and (contains(text(), 'EN') or contains(., 'EN'))]' is not present after '3' second(s)

2018-12-10 10:00:10 - [TEST_STEP][PASSED] - Statement - If (Checker == false): null

2018-12-10 10:00:10 - [TEST_STEP][PASSED] - delay: Delayed 2 second(s)

2018-12-10 10:00:12 - [MESSAGE][PASSED] - Delayed 2 second(s)

2018-12-10 10:00:12 - [TEST_STEP][PASSED] - delay: Delayed 5 second(s)

2018-12-10 10:00:17 - [MESSAGE][PASSED] - Delayed 5 second(s)

2018-12-10 10:00:17 - [TEST_STEP][PASSED] - mouseOver: Object: 'Object Repository/Final Object Repo/Landing Page/WorkFlow Menu' is hovered

2018-12-10 10:00:17 - [MESSAGE][PASSED] - Object: 'Object Repository/Final Object Repo/Landing Page/WorkFlow Menu' is hovered

2018-12-10 10:00:17 - [TEST_STEP][PASSED] - delay: Delayed 2 second(s)

2018-12-10 10:00:19 - [MESSAGE][PASSED] - Delayed 2 second(s)

2018-12-10 10:00:19 - [TEST_STEP][PASSED] - click: Object: 'Object Repository/Final Object Repo/Landing Page/Select to Workflow Listing' is clicked on

2018-12-10 10:00:20 - [MESSAGE][PASSED] - Object: 'Object Repository/Final Object Repo/Landing Page/Select to Workflow Listing' is clicked on

2018-12-10 10:00:20 - [TEST_STEP][PASSED] - delay: Delayed 2 second(s)

2018-12-10 10:00:22 - [MESSAGE][PASSED] - Delayed 2 second(s)

2018-12-10 10:00:22 - [TEST_STEP][PASSED] - click: Object: 'Object Repository/Final Object Repo/WorkFlow Listing Page/Search Information - To Put Ref No' is clicked on

2018-12-10 10:00:22 - [MESSAGE][PASSED] - Object: 'Object Repository/Final Object Repo/WorkFlow Listing Page/Search Information - To Put Ref No' is clicked on

2018-12-10 10:00:22 - [TEST_STEP][PASSED] - delay: Delayed 2 second(s)

2018-12-10 10:00:24 - [MESSAGE][PASSED] - Delayed 2 second(s)

2018-12-10 10:00:24 - [TEST_STEP][PASSED] - callTestCase: Call Test Case 'Test Cases/Final Aug 2018 - PKS Automation/Common/Reference Number Getter' successfully

2018-12-10 10:00:24 - [TEST_CASE][PASSED] - Test Cases/Final Aug 2018 - PKS Automation/Common/Reference Number Getter: Test Cases/Final Aug 2018 - PKS Automation/Common/Reference Number Getter

2018-12-10 10:00:24 - [TEST_STEP][PASSED] - Statement - Try: null

2018-12-10 10:00:24 - [TEST_STEP][PASSED] - Statement - RefNo = new java.io.File(C://Users//Admin//Desktop//PKS//Automation Reference Point//KatalonReference.txt): null

2018-12-10 10:00:24 - [TEST_STEP][PASSED] - Statement - bufferread = new java.io.BufferedReader(new java.io.FileReader(RefNo)): null

2018-12-10 10:00:24 - [TEST_STEP][PASSED] - Statement - readedVal = bufferread.readLine(): null

2018-12-10 10:00:24 - [TEST_STEP][PASSED] - Statement - out.println(CaseReferenceNo): null

2018-12-10 10:00:24 - [TEST_STEP][PASSED] - Statement - out.println(readedVal): null

2018-12-10 10:00:24 - [TEST_STEP][PASSED] - Statement - CaseReferenceNo = "": null

2018-12-10 10:00:24 - [TEST_STEP][PASSED] - Statement - CaseReferenceNo = readedVal: null

2018-12-10 10:00:24 - [MESSAGE][PASSED] - Call Test Case 'Test Cases/Final Aug 2018 - PKS Automation/Common/Reference Number Getter' successfully

2018-12-10 10:00:24 - [TEST_STEP][PASSED] - setText: Text 'CUN122018C100005923' is set on object 'Object Repository/Final Object Repo/WorkFlow Listing Page/Ref No Set Text'

2018-12-10 10:00:25 - [MESSAGE][PASSED] - Text 'CUN122018C100005923' is set on object 'Object Repository/Final Object Repo/WorkFlow Listing Page/Ref No Set Text'

2018-12-10 10:00:25 - [TEST_STEP][PASSED] - delay: Delayed 2 second(s)

2018-12-10 10:00:27 - [MESSAGE][PASSED] - Delayed 2 second(s)

2018-12-10 10:00:27 - [TEST_STEP][PASSED] - click: Object: 'Object Repository/Final Object Repo/WorkFlow Listing Page/Search Ref No Search Button' is clicked on

2018-12-10 10:00:27 - [MESSAGE][PASSED] - Object: 'Object Repository/Final Object Repo/WorkFlow Listing Page/Search Ref No Search Button' is clicked on

2018-12-10 10:00:27 - [TEST_STEP][PASSED] - delay: Delayed 6 second(s)

2018-12-10 10:00:33 - [MESSAGE][PASSED] - Delayed 6 second(s)

2018-12-10 10:00:33 - [TEST_STEP][PASSED] - click: Object: 'Object Repository/Final Object Repo/WorkFlow Listing Page/Click Continue Tooltip' is clicked on

2018-12-10 10:00:34 - [MESSAGE][PASSED] - Object: 'Object Repository/Final Object Repo/WorkFlow Listing Page/Click Continue Tooltip' is clicked on

2018-12-10 10:00:34 - [TEST_STEP][PASSED] - delay: Delayed 5 second(s)

2018-12-10 10:00:39 - [MESSAGE][PASSED] - Delayed 5 second(s)

2018-12-10 10:00:39 - [TEST_STEP][PASSED] - doubleClick: Object: 'Object Repository/Final Object Repo/WorkFlow Listing Page/Workflow Found - Listing 1' is double clicked on

2018-12-10 10:00:39 - [MESSAGE][PASSED] - Object: 'Object Repository/Final Object Repo/WorkFlow Listing Page/Workflow Found - Listing 1' is double clicked on

2018-12-10 10:00:39 - [TEST_STEP][PASSED] - Statement - println(OwnerID): null

2018-12-10 10:00:39 - [TEST_STEP][PASSED] - Statement - OwnerID = com.kms.katalon.core.webui.keyword.WebUiBuiltInKeywords.getText(com.kms.katalon.core.testobject.ObjectRepository.findTestObject(Final Object Repo/WorkFlow Listing Page/Workflow Found - Listing 1), STOP_ON_FAILURE): Text of object 'Object Repository/Final Object Repo/WorkFlow Listing Page/Workflow Found - Listing 1' is: 'JOHORuo2'

2018-12-10 10:00:39 - [MESSAGE][PASSED] - Text of object 'Object Repository/Final Object Repo/WorkFlow Listing Page/Workflow Found - Listing 1' is: 'JOHORuo2'

2018-12-10 10:00:39 - [TEST_STEP][PASSED] - Statement - OwnerID = OwnerID.toLowerCase() + "@gmail.com": null

2018-12-10 10:00:39 - [TEST_STEP][PASSED] - Statement - println(OwnerID): null

2018-12-10 10:00:39 - [TEST_STEP][PASSED] - delay: Delayed 2 second(s)

2018-12-10 10:00:41 - [MESSAGE][PASSED] - Delayed 2 second(s)

2018-12-10 10:00:41 - [MESSAGE][PASSED] - Call Test Case 'Test Cases/Final Aug 2018 - PKS Automation/Common/Workflow Owner Finder' successfully

2018-12-10 10:00:41 - [TEST_STEP][PASSED] - delay: Delayed 1 second(s)

2018-12-10 10:00:42 - [MESSAGE][PASSED] - Delayed 1 second(s)

2018-12-10 10:00:42 - [TEST_STEP][PASSED] - navigateToUrl: Navigate to 'https://assist2-uat.perkeso.gov.my/c/portal/logout' successfully

2018-12-10 10:00:43 - [MESSAGE][PASSED] - Navigate to 'https://assist2-uat.perkeso.gov.my/c/portal/logout' successfully

2018-12-10 10:00:43 - [TEST_STEP][PASSED] - delay: Delayed 1 second(s)

2018-12-10 10:00:44 - [MESSAGE][PASSED] - Delayed 1 second(s)

2018-12-10 10:00:44 - [TEST_STEP][PASSED] - callTestCase: Call Test Case 'Test Cases/Final Aug 2018 - PKS Automation/Registration Module/Workflow/Login and Search Case For Workflow' successfully

2018-12-10 10:00:44 - [TEST_CASE][PASSED] - Test Cases/Final Aug 2018 - PKS Automation/Registration Module/Workflow/Login and Search Case For Workflow: Test Cases/Final Aug 2018 - PKS Automation/Registration Module/Workflow/Login and Search Case For Workflow

2018-12-10 10:00:44 - [TEST_STEP][PASSED] - navigateToUrl: Navigate to 'https://assist2-uat.perkeso.gov.my/login' successfully

2018-12-10 10:00:44 - [MESSAGE][PASSED] - Navigate to 'https://assist2-uat.perkeso.gov.my/login' successfully

2018-12-10 10:00:44 - [TEST_STEP][PASSED] - setText: Text 'johoruo2@gmail.com' is set on object 'Object Repository/Final Object Repo/Login Page/Internal User/Email Address'

2018-12-10 10:00:45 - [MESSAGE][PASSED] - Text 'johoruo2@gmail.com' is set on object 'Object Repository/Final Object Repo/Login Page/Internal User/Email Address'

2018-12-10 10:00:45 - [TEST_STEP][PASSED] - click: Object: 'Object Repository/Final Object Repo/Login Page/Internal User/Next Button' is clicked on

2018-12-10 10:00:45 - [MESSAGE][PASSED] - Object: 'Object Repository/Final Object Repo/Login Page/Internal User/Next Button' is clicked on

2018-12-10 10:00:45 - [TEST_STEP][PASSED] - delay: Delayed 1 second(s)

2018-12-10 10:00:46 - [MESSAGE][PASSED] - Delayed 1 second(s)

2018-12-10 10:00:46 - [TEST_STEP][PASSED] - setEncryptedText: Text ****** has been set on object 'Object Repository/Final Object Repo/Login Page/Internal User/Password'

2018-12-10 10:00:46 - [MESSAGE][PASSED] - Text ****** has been set on object 'Object Repository/Final Object Repo/Login Page/Internal User/Password'

2018-12-10 10:00:46 - [TEST_STEP][PASSED] - click: Object: 'Object Repository/Final Object Repo/Login Page/Internal User/Login Button' is clicked on

2018-12-10 10:00:46 - [MESSAGE][PASSED] - Object: 'Object Repository/Final Object Repo/Login Page/Internal User/Login Button' is clicked on

2018-12-10 10:00:46 - [TEST_STEP][PASSED] - delay: Delayed 2 second(s)

2018-12-10 10:00:48 - [MESSAGE][PASSED] - Delayed 2 second(s)

2018-12-10 10:00:48 - [TEST_STEP][PASSED] - Statement - Try: Delayed 2 second(s)

2018-12-10 10:00:48 - [TEST_STEP][PASSED] - Statement - Checker = false: null

2018-12-10 10:00:48 - [TEST_STEP][PASSED] - Statement - Checker = com.kms.katalon.core.webui.keyword.WebUiBuiltInKeywords.verifyElementHasAttribute(com.kms.katalon.core.testobject.ObjectRepository.findTestObject(Final Object Repo/Landing Page/BM Detecting), "href", 20, OPTIONAL): Object 'Object Repository/Final Object Repo/Landing Page/BM Detecting' has attribute 'href'

2018-12-10 10:00:48 - [MESSAGE][PASSED] - Object 'Object Repository/Final Object Repo/Landing Page/BM Detecting' has attribute 'href'

2018-12-10 10:00:48 - [TEST_STEP][PASSED] - Statement - out.println(Checker): null

2018-12-10 10:00:48 - [TEST_STEP][PASSED] - Statement - If (Checker == false): null

2018-12-10 10:00:48 - [TEST_STEP][PASSED] - Statement - Else: null

2018-12-10 10:00:48 - [TEST_STEP][PASSED] - delay: Delayed 2 second(s)

2018-12-10 10:00:50 - [MESSAGE][PASSED] - Delayed 2 second(s)

2018-12-10 10:00:50 - [TEST_STEP][PASSED] - click: Object: 'Object Repository/Final Object Repo/Page_MyASSIST - ASSIST - Search Pending Case For Add Supporting Document/Search Information' is clicked on

2018-12-10 10:00:50 - [MESSAGE][PASSED] - Object: 'Object Repository/Final Object Repo/Page_MyASSIST - ASSIST - Search Pending Case For Add Supporting Document/Search Information' is clicked on

2018-12-10 10:00:50 - [TEST_STEP][PASSED] - delay: Delayed 3 second(s)

2018-12-10 10:00:54 - [MESSAGE][PASSED] - Delayed 3 second(s)

2018-12-10 10:00:54 - [TEST_STEP][PASSED] - sendKeys: Keys 'CUN122018C100005923' sent to object: 'Object Repository/Final Object Repo/Page_MyASSIST - ASSIST - Search Pending Case For Add Supporting Document/Reference No'

2018-12-10 10:00:54 - [MESSAGE][PASSED] - Keys 'CUN122018C100005923' sent to object: 'Object Repository/Final Object Repo/Page_MyASSIST - ASSIST - Search Pending Case For Add Supporting Document/Reference No'

2018-12-10 10:00:54 - [TEST_STEP][PASSED] - click: Object: 'Object Repository/Final Object Repo/Page_MyASSIST - ASSIST - Search Pending Case For Add Supporting Document/Search Reference No' is clicked on

2018-12-10 10:00:54 - [MESSAGE][PASSED] - Object: 'Object Repository/Final Object Repo/Page_MyASSIST - ASSIST - Search Pending Case For Add Supporting Document/Search Reference No' is clicked on

2018-12-10 10:00:54 - [TEST_STEP][PASSED] - delay: Delayed 2 second(s)

2018-12-10 10:00:56 - [MESSAGE][PASSED] - Delayed 2 second(s)

2018-12-10 10:00:56 - [TEST_STEP][PASSED] - click: Object: 'Object Repository/Final Object Repo/Page_MyASSIST - ASSIST - Search Pending Case For Add Supporting Document/Continue' is clicked on

2018-12-10 10:01:00 - [MESSAGE][PASSED] - Object: 'Object Repository/Final Object Repo/Page_MyASSIST - ASSIST - Search Pending Case For Add Supporting Document/Continue' is clicked on

2018-12-10 10:01:00 - [TEST_STEP][PASSED] - delay: Delayed 20 second(s)

2018-12-10 10:01:20 - [MESSAGE][PASSED] - Delayed 20 second(s)

2018-12-10 10:01:20 - [MESSAGE][PASSED] - Call Test Case 'Test Cases/Final Aug 2018 - PKS Automation/Registration Module/Workflow/Login and Search Case For Workflow' successfully

2018-12-10 10:01:20 - [TEST_STEP][PASSED] - delay: Delayed 2 second(s)

2018-12-10 10:01:22 - [MESSAGE][PASSED] - Delayed 2 second(s)

2018-12-10 10:01:22 - [TEST_STEP][PASSED] - click: Object: 'Object Repository/Final Object Repo/Page_Update Employer Information/Page_Update Employer Information UO (Approve)/Continue' is clicked on

2018-12-10 10:01:26 - [MESSAGE][PASSED] - Object: 'Object Repository/Final Object Repo/Page_Update Employer Information/Page_Update Employer Information UO (Approve)/Continue' is clicked on

2018-12-10 10:01:26 - [TEST_STEP][PASSED] - delay: Delayed 2 second(s)

2018-12-10 10:01:28 - [MESSAGE][PASSED] - Delayed 2 second(s)

2018-12-10 10:01:28 - [TEST_STEP][PASSED] - click: Object: 'Object Repository/Final Object Repo/Page_Update Employer Information/Page_Update Employer Information UO (Approve)/Save  Continue in Update Employer Information Page' is clicked on

2018-12-10 10:01:28 - [MESSAGE][PASSED] - Object: 'Object Repository/Final Object Repo/Page_Update Employer Information/Page_Update Employer Information UO (Approve)/Save  Continue in Update Employer Information Page' is clicked on

2018-12-10 10:01:28 - [TEST_STEP][PASSED] - delay: Delayed 2 second(s)

2018-12-10 10:01:30 - [MESSAGE][PASSED] - Delayed 2 second(s)

2018-12-10 10:01:30 - [TEST_STEP][PASSED] - click: Object: 'Object Repository/Final Object Repo/Page_Update Employer Information/Page_Update Employer Information UO (Approve)/Save  Continue in Uploading Supporting Document Page' is clicked on

2018-12-10 10:01:32 - [MESSAGE][PASSED] - Object: 'Object Repository/Final Object Repo/Page_Update Employer Information/Page_Update Employer Information UO (Approve)/Save  Continue in Uploading Supporting Document Page' is clicked on

2018-12-10 10:01:32 - [TEST_STEP][PASSED] - delay: Delayed 2 second(s)

2018-12-10 10:01:34 - [MESSAGE][PASSED] - Delayed 2 second(s)

2018-12-10 10:01:34 - [TEST_STEP][PASSED] - click: Object: 'Object Repository/Final Object Repo/Page_Update Employer Information/Page_Update Employer Information UO (Under enforcement)/Under enforcement' is clicked on

2018-12-10 10:01:36 - [MESSAGE][PASSED] - Object: 'Object Repository/Final Object Repo/Page_Update Employer Information/Page_Update Employer Information UO (Under enforcement)/Under enforcement' is clicked on

2018-12-10 10:01:36 - [TEST_STEP][PASSED] - delay: Delayed 2 second(s)

2018-12-10 10:01:38 - [MESSAGE][PASSED] - Delayed 2 second(s)

2018-12-10 10:01:38 - [TEST_STEP][PASSED] - setText: Text 'remark' is set on object 'Object Repository/Final Object Repo/Page_Update Employer Information/Page_Update Employer Information UO (Under enforcement)/Under enforcement - remark'

2018-12-10 10:01:38 - [MESSAGE][PASSED] - Text 'remark' is set on object 'Object Repository/Final Object Repo/Page_Update Employer Information/Page_Update Employer Information UO (Under enforcement)/Under enforcement - remark'

2018-12-10 10:01:38 - [TEST_STEP][PASSED] - delay: Delayed 2 second(s)

2018-12-10 10:01:40 - [MESSAGE][PASSED] - Delayed 2 second(s)

2018-12-10 10:01:40 - [TEST_STEP][PASSED] - click: Object: 'Object Repository/Final Object Repo/Page_Update Employer Information/Page_Update Employer Information UO (Under enforcement)/Save  Continue in Under enfocement Page' is clicked on

2018-12-10 10:01:41 - [MESSAGE][PASSED] - Object: 'Object Repository/Final Object Repo/Page_Update Employer Information/Page_Update Employer Information UO (Under enforcement)/Save  Continue in Under enfocement Page' is clicked on

2018-12-10 10:01:41 - [TEST_STEP][PASSED] - delay: Delayed 2 second(s)

2018-12-10 10:01:43 - [MESSAGE][PASSED] - Delayed 2 second(s)

2018-12-10 10:01:43 - [TEST_STEP][PASSED] - doubleClick: Object: 'Object Repository/Final Object Repo/Page_Update Employer Information/Page_Update Employer Information UO (Under enforcement)/Message The case is under enforceme' is double clicked on

2018-12-10 10:01:43 - [MESSAGE][PASSED] - Object: 'Object Repository/Final Object Repo/Page_Update Employer Information/Page_Update Employer Information UO (Under enforcement)/Message The case is under enforceme' is double clicked on

2018-12-10 10:01:43 - [MESSAGE][PASSED] - Call Test Case 'Test Cases/Final Aug 2018 - PKS Automation/Registration Module/Workflow/Update Employer Information/Template/Update Employer Information - Special Case - UO (Under enforcement)' successfully]]></system-out>
         <system-err><![CDATA[]]></system-err>
      </testcase>
      <testcase name="Test Cases/Final Aug 2018 - PKS Automation/Registration Module/Workflow/Update Employer Information/OTC - UO (Approve)" classname="Test Cases/Final Aug 2018 - PKS Automation/Registration Module/Workflow/Update Employer Information/OTC - UO (Approve)" status="PASSED">
         <system-out><![CDATA[2018-12-10 10:01:43 - [TEST_CASE][PASSED] - Test Cases/Final Aug 2018 - PKS Automation/Registration Module/Workflow/Update Employer Information/OTC - UO (Approve): Test Cases/Final Aug 2018 - PKS Automation/Registration Module/Workflow/Update Employer Information/OTC - UO (Approve)

2018-12-10 10:01:44 - [TEST_STEP][PASSED] - callTestCase: Call Test Case 'Test Cases/Final Aug 2018 - PKS Automation/Registration Module/Workflow/Update Employer Information/Template/Update Employer Information - Special Case (OTC)' successfully

2018-12-10 10:01:44 - [TEST_CASE][PASSED] - Test Cases/Final Aug 2018 - PKS Automation/Registration Module/Workflow/Update Employer Information/Template/Update Employer Information - Special Case (OTC): Test Cases/Final Aug 2018 - PKS Automation/Registration Module/Workflow/Update Employer Information/Template/Update Employer Information - Special Case (OTC)

2018-12-10 10:01:44 - [TEST_STEP][PASSED] - openBrowser: Browser is opened with url: ''

2018-12-10 10:01:44 - [MESSAGE][WARNING] - A browser is already opened. Closing browser and opening a new one

2018-12-10 10:01:48 - [MESSAGE][PASSED] - Browser is opened with url: ''

2018-12-10 10:01:48 - [TEST_STEP][PASSED] - navigateToUrl: Navigate to 'https://assist2-uat.perkeso.gov.my/login' successfully

2018-12-10 10:01:49 - [MESSAGE][PASSED] - Navigate to 'https://assist2-uat.perkeso.gov.my/login' successfully

2018-12-10 10:01:49 - [TEST_STEP][PASSED] - setText: Text 'johorotc1@gmail.com' is set on object 'Object Repository/Final Object Repo/Login Page/Internal User/Email Address'

2018-12-10 10:01:50 - [MESSAGE][PASSED] - Text 'johorotc1@gmail.com' is set on object 'Object Repository/Final Object Repo/Login Page/Internal User/Email Address'

2018-12-10 10:01:50 - [TEST_STEP][PASSED] - click: Object: 'Object Repository/Final Object Repo/Login Page/Internal User/Next Button' is clicked on

2018-12-10 10:01:50 - [MESSAGE][PASSED] - Object: 'Object Repository/Final Object Repo/Login Page/Internal User/Next Button' is clicked on

2018-12-10 10:01:50 - [TEST_STEP][PASSED] - delay: Delayed 1 second(s)

2018-12-10 10:01:51 - [MESSAGE][PASSED] - Delayed 1 second(s)

2018-12-10 10:01:51 - [TEST_STEP][PASSED] - setEncryptedText: Text ****** has been set on object 'Object Repository/Final Object Repo/Login Page/Internal User/Password'

2018-12-10 10:01:52 - [MESSAGE][PASSED] - Text ****** has been set on object 'Object Repository/Final Object Repo/Login Page/Internal User/Password'

2018-12-10 10:01:52 - [TEST_STEP][PASSED] - click: Object: 'Object Repository/Final Object Repo/Login Page/Internal User/Login Button' is clicked on

2018-12-10 10:01:53 - [MESSAGE][PASSED] - Object: 'Object Repository/Final Object Repo/Login Page/Internal User/Login Button' is clicked on

2018-12-10 10:01:53 - [TEST_STEP][PASSED] - Statement - tester = com.kms.katalon.core.testobject.ObjectRepository.findTestObject(Final Object Repo/Landing Page/Select to English): Finding Test Object with id 'Object Repository/Final Object Repo/Landing Page/Select to English'

2018-12-10 10:01:53 - [TEST_STEP][PASSED] - Statement - Try: Delayed 2 second(s)

2018-12-10 10:01:53 - [TEST_STEP][PASSED] - Statement - Checker = com.kms.katalon.core.webui.keyword.WebUiBuiltInKeywords.verifyElementNotPresent(tester, 3): Web element with id: 'Object Repository/Final Object Repo/Landing Page/Select to English' located by 'By.xpath: //a[@class = 'taglib-language-list-text' and @lang = 'en-US' and (contains(text(), 'EN') or contains(., 'EN'))]' is not present after '3' second(s)

2018-12-10 10:01:55 - [MESSAGE][PASSED] - Web element with id: 'Object Repository/Final Object Repo/Landing Page/Select to English' located by 'By.xpath: //a[@class = 'taglib-language-list-text' and @lang = 'en-US' and (contains(text(), 'EN') or contains(., 'EN'))]' is not present after '3' second(s)

2018-12-10 10:01:55 - [TEST_STEP][PASSED] - Statement - If (Checker == false): null

2018-12-10 10:01:55 - [TEST_STEP][PASSED] - delay: Delayed 2 second(s)

2018-12-10 10:01:57 - [MESSAGE][PASSED] - Delayed 2 second(s)

2018-12-10 10:01:57 - [TEST_STEP][PASSED] - delay: Delayed 5 second(s)

2018-12-10 10:02:02 - [MESSAGE][PASSED] - Delayed 5 second(s)

2018-12-10 10:02:02 - [TEST_STEP][PASSED] - navigateToUrl: Navigate to 'https://assist2-uat.perkeso.gov.my/web/registration/update/update-employer-information' successfully

2018-12-10 10:02:03 - [MESSAGE][PASSED] - Navigate to 'https://assist2-uat.perkeso.gov.my/web/registration/update/update-employer-information' successfully

2018-12-10 10:02:03 - [TEST_STEP][PASSED] - setText: Text 'E1102001065V ' is set on object 'Object Repository/Final Object Repo/Page_Update Employer Information/Employer Code'

2018-12-10 10:02:03 - [MESSAGE][PASSED] - Text 'E1102001065V ' is set on object 'Object Repository/Final Object Repo/Page_Update Employer Information/Employer Code'

2018-12-10 10:02:03 - [TEST_STEP][PASSED] - click: Object: 'Object Repository/Final Object Repo/Page_Update Employer Information/Search Button' is clicked on

2018-12-10 10:02:03 - [MESSAGE][PASSED] - Object: 'Object Repository/Final Object Repo/Page_Update Employer Information/Search Button' is clicked on

2018-12-10 10:02:03 - [TEST_STEP][PASSED] - click: Object: 'Object Repository/Final Object Repo/Page_Update Employer Information/Edit Button' is clicked on

2018-12-10 10:02:07 - [MESSAGE][PASSED] - Object: 'Object Repository/Final Object Repo/Page_Update Employer Information/Edit Button' is clicked on

2018-12-10 10:02:07 - [TEST_STEP][PASSED] - click: Object: 'Object Repository/Final Object Repo/Page_Update Employer Information/Business Entity' is clicked on

2018-12-10 10:02:07 - [MESSAGE][PASSED] - Object: 'Object Repository/Final Object Repo/Page_Update Employer Information/Business Entity' is clicked on

2018-12-10 10:02:07 - [TEST_STEP][PASSED] - Statement - CurrentBusinessEntity = "": null

2018-12-10 10:02:07 - [TEST_STEP][PASSED] - Statement - CurrentBusinessEntity = com.kms.katalon.core.webui.keyword.WebUiBuiltInKeywords.getText(com.kms.katalon.core.testobject.ObjectRepository.findTestObject(Final Object Repo/Page_Update Employer Information/Current Business Entity)): Text of object 'Object Repository/Final Object Repo/Page_Update Employer Information/Current Business Entity' is: 'Partnership'

2018-12-10 10:02:07 - [MESSAGE][PASSED] - Text of object 'Object Repository/Final Object Repo/Page_Update Employer Information/Current Business Entity' is: 'Partnership'

2018-12-10 10:02:07 - [TEST_STEP][PASSED] - Statement - out.println(CurrentBusinessEntity): null

2018-12-10 10:02:07 - [TEST_STEP][PASSED] - Statement - If (CurrentBusinessEntity == "Corporation"): null

2018-12-10 10:02:07 - [TEST_STEP][PASSED] - Statement - Else If (CurrentBusinessEntity == "Partnership"): Delayed 3 second(s)

2018-12-10 10:02:07 - [TEST_STEP][PASSED] - Statement - obj = com.kms.katalon.core.webui.keyword.WebUiBuiltInKeywords.modifyObjectProperty(com.kms.katalon.core.testobject.ObjectRepository.findTestObject(Final Object Repo/Page_Update Employer Information/change to this Business Entity), "xpath", "equals", "//ul/li/span[contains(text(),"Sole Proprietor / Individual Business")]", true, STOP_ON_FAILURE): Modify property of object successfully

2018-12-10 10:02:07 - [MESSAGE][PASSED] - Modify property of object successfully

2018-12-10 10:02:07 - [TEST_STEP][PASSED] - click: Object: 'Object Repository/Final Object Repo/Page_Update Employer Information/change to this Business Entity' is clicked on

2018-12-10 10:02:07 - [MESSAGE][PASSED] - Object: 'Object Repository/Final Object Repo/Page_Update Employer Information/change to this Business Entity' is clicked on

2018-12-10 10:02:07 - [TEST_STEP][PASSED] - delay: Delayed 1 second(s)

2018-12-10 10:02:08 - [MESSAGE][PASSED] - Delayed 1 second(s)

2018-12-10 10:02:08 - [TEST_STEP][PASSED] - click: Object: 'Object Repository/Final Object Repo/Page_Update Employer Information/Sub Business Entity' is clicked on

2018-12-10 10:02:09 - [MESSAGE][PASSED] - Object: 'Object Repository/Final Object Repo/Page_Update Employer Information/Sub Business Entity' is clicked on

2018-12-10 10:02:09 - [TEST_STEP][PASSED] - click: Object: 'Object Repository/Final Object Repo/Page_Update Employer Information/Sub Business Entity - Sole Properietor - Registered with other Agencies' is clicked on

2018-12-10 10:02:09 - [MESSAGE][PASSED] - Object: 'Object Repository/Final Object Repo/Page_Update Employer Information/Sub Business Entity - Sole Properietor - Registered with other Agencies' is clicked on

2018-12-10 10:02:09 - [TEST_STEP][PASSED] - delay: Delayed 3 second(s)

2018-12-10 10:02:12 - [MESSAGE][PASSED] - Delayed 3 second(s)

2018-12-10 10:02:12 - [TEST_STEP][PASSED] - delay: Delayed 4 second(s)

2018-12-10 10:02:16 - [MESSAGE][PASSED] - Delayed 4 second(s)

2018-12-10 10:02:16 - [TEST_STEP][PASSED] - click: Object: 'Object Repository/Final Object Repo/Page_Update Employer Information/Save  Continue' is clicked on

2018-12-10 10:02:16 - [MESSAGE][PASSED] - Object: 'Object Repository/Final Object Repo/Page_Update Employer Information/Save  Continue' is clicked on

2018-12-10 10:02:16 - [TEST_STEP][PASSED] - delay: Delayed 4 second(s)

2018-12-10 10:02:20 - [MESSAGE][PASSED] - Delayed 4 second(s)

2018-12-10 10:02:20 - [TEST_STEP][PASSED] - click: Object: 'Object Repository/Final Object Repo/Page_Update Employer Information/Save  Continue (1)' is clicked on

2018-12-10 10:02:20 - [MESSAGE][PASSED] - Object: 'Object Repository/Final Object Repo/Page_Update Employer Information/Save  Continue (1)' is clicked on

2018-12-10 10:02:20 - [TEST_STEP][PASSED] - delay: Delayed 4 second(s)

2018-12-10 10:02:24 - [MESSAGE][PASSED] - Delayed 4 second(s)

2018-12-10 10:02:24 - [TEST_STEP][PASSED] - Statement - CaseReferenceNo = com.kms.katalon.core.webui.keyword.WebUiBuiltInKeywords.getText(com.kms.katalon.core.testobject.ObjectRepository.findTestObject(Final Object Repo/Page_Update Employer Information/Reference Number in Update Employee Information Page)): Text of object 'Object Repository/Final Object Repo/Page_Update Employer Information/Reference Number in Update Employee Information Page' is: 'CUN122018C100005924'

2018-12-10 10:02:24 - [MESSAGE][PASSED] - Text of object 'Object Repository/Final Object Repo/Page_Update Employer Information/Reference Number in Update Employee Information Page' is: 'CUN122018C100005924'

2018-12-10 10:02:24 - [TEST_STEP][PASSED] - callTestCase: Call Test Case 'Test Cases/Final Aug 2018 - PKS Automation/Common/Reference Number Setter' successfully

2018-12-10 10:02:24 - [TEST_CASE][PASSED] - Test Cases/Final Aug 2018 - PKS Automation/Common/Reference Number Setter: Test Cases/Final Aug 2018 - PKS Automation/Common/Reference Number Setter

2018-12-10 10:02:24 - [TEST_STEP][PASSED] - Statement - RefNoOldFile = new java.io.File(C://Users//Admin//Desktop//PKS//Automation Reference Point//KatalonReference.txt): null

2018-12-10 10:02:24 - [TEST_STEP][PASSED] - Statement - RefNoOldFile.delete(): null

2018-12-10 10:02:24 - [TEST_STEP][PASSED] - delay: Delayed 5 second(s)

2018-12-10 10:02:29 - [MESSAGE][PASSED] - Delayed 5 second(s)

2018-12-10 10:02:29 - [TEST_STEP][PASSED] - Statement - RefNo = new java.io.File(C://Users//Admin//Desktop//PKS//Automation Reference Point//KatalonReference.txt): null

2018-12-10 10:02:29 - [TEST_STEP][PASSED] - Statement - f2 = new java.io.FileWriter(RefNo, false): null

2018-12-10 10:02:29 - [TEST_STEP][PASSED] - Statement - f2.write(CaseReferenceNo): null

2018-12-10 10:02:29 - [TEST_STEP][PASSED] - Statement - f2.close(): null

2018-12-10 10:02:29 - [TEST_STEP][PASSED] - Statement - out.println("


" + CaseReferenceNo + "


"): null

2018-12-10 10:02:29 - [MESSAGE][PASSED] - Call Test Case 'Test Cases/Final Aug 2018 - PKS Automation/Common/Reference Number Setter' successfully

2018-12-10 10:02:29 - [TEST_STEP][PASSED] - delay: Delayed 4 second(s)

2018-12-10 10:02:33 - [MESSAGE][PASSED] - Delayed 4 second(s)

2018-12-10 10:02:33 - [TEST_STEP][PASSED] - click: Object: 'Object Repository/Final Object Repo/Page_Update Employer Information/Submit - Copy' is clicked on

2018-12-10 10:02:34 - [MESSAGE][PASSED] - Object: 'Object Repository/Final Object Repo/Page_Update Employer Information/Submit - Copy' is clicked on

2018-12-10 10:02:34 - [TEST_STEP][PASSED] - delay: Delayed 2 second(s)

2018-12-10 10:02:36 - [MESSAGE][PASSED] - Delayed 2 second(s)

2018-12-10 10:02:36 - [TEST_STEP][PASSED] - click: Object: 'Object Repository/Final Object Repo/Page_Update Employer Information/Confirm' is clicked on

2018-12-10 10:02:36 - [MESSAGE][PASSED] - Object: 'Object Repository/Final Object Repo/Page_Update Employer Information/Confirm' is clicked on

2018-12-10 10:02:36 - [TEST_STEP][PASSED] - delay: Delayed 2 second(s)

2018-12-10 10:02:38 - [MESSAGE][PASSED] - Delayed 2 second(s)

2018-12-10 10:02:38 - [TEST_STEP][PASSED] - click: Object: 'Object Repository/Final Object Repo/Page_Update Employer Information/Message Your Request will be route' is clicked on

2018-12-10 10:02:40 - [MESSAGE][PASSED] - Object: 'Object Repository/Final Object Repo/Page_Update Employer Information/Message Your Request will be route' is clicked on

2018-12-10 10:02:40 - [MESSAGE][PASSED] - Call Test Case 'Test Cases/Final Aug 2018 - PKS Automation/Registration Module/Workflow/Update Employer Information/Template/Update Employer Information - Special Case (OTC)' successfully

2018-12-10 10:02:40 - [TEST_STEP][PASSED] - callTestCase: Call Test Case 'Test Cases/Final Aug 2018 - PKS Automation/Registration Module/Workflow/Update Employer Information/Template/Update Employer Information - Special Case - UO (Approve)' successfully

2018-12-10 10:02:40 - [TEST_CASE][PASSED] - Test Cases/Final Aug 2018 - PKS Automation/Registration Module/Workflow/Update Employer Information/Template/Update Employer Information - Special Case - UO (Approve): Test Cases/Final Aug 2018 - PKS Automation/Registration Module/Workflow/Update Employer Information/Template/Update Employer Information - Special Case - UO (Approve)

2018-12-10 10:02:40 - [TEST_STEP][NOT_RUN] - callTestCase: NOT_RUN: callTestCase

2018-12-10 10:02:40 - [MESSAGE][NOT_RUN] - NOT_RUN: callTestCase

2018-12-10 10:02:40 - [TEST_STEP][NOT_RUN] - delay: NOT_RUN: delay

2018-12-10 10:02:40 - [MESSAGE][NOT_RUN] - NOT_RUN: delay

2018-12-10 10:02:40 - [TEST_STEP][NOT_RUN] - navigateToUrl: NOT_RUN: navigateToUrl

2018-12-10 10:02:40 - [MESSAGE][NOT_RUN] - NOT_RUN: navigateToUrl

2018-12-10 10:02:40 - [TEST_STEP][PASSED] - delay: Delayed 1 second(s)

2018-12-10 10:02:41 - [MESSAGE][PASSED] - Delayed 1 second(s)

2018-12-10 10:02:41 - [TEST_STEP][PASSED] - callTestCase: Call Test Case 'Test Cases/Final Aug 2018 - PKS Automation/Common/Reference Number Getter' successfully

2018-12-10 10:02:41 - [TEST_CASE][PASSED] - Test Cases/Final Aug 2018 - PKS Automation/Common/Reference Number Getter: Test Cases/Final Aug 2018 - PKS Automation/Common/Reference Number Getter

2018-12-10 10:02:41 - [TEST_STEP][PASSED] - Statement - Try: null

2018-12-10 10:02:41 - [TEST_STEP][PASSED] - Statement - RefNo = new java.io.File(C://Users//Admin//Desktop//PKS//Automation Reference Point//KatalonReference.txt): null

2018-12-10 10:02:41 - [TEST_STEP][PASSED] - Statement - bufferread = new java.io.BufferedReader(new java.io.FileReader(RefNo)): null

2018-12-10 10:02:41 - [TEST_STEP][PASSED] - Statement - readedVal = bufferread.readLine(): null

2018-12-10 10:02:41 - [TEST_STEP][PASSED] - Statement - out.println(CaseReferenceNo): null

2018-12-10 10:02:41 - [TEST_STEP][PASSED] - Statement - out.println(readedVal): null

2018-12-10 10:02:41 - [TEST_STEP][PASSED] - Statement - CaseReferenceNo = "": null

2018-12-10 10:02:41 - [TEST_STEP][PASSED] - Statement - CaseReferenceNo = readedVal: null

2018-12-10 10:02:41 - [MESSAGE][PASSED] - Call Test Case 'Test Cases/Final Aug 2018 - PKS Automation/Common/Reference Number Getter' successfully

2018-12-10 10:02:41 - [TEST_STEP][PASSED] - callTestCase: Call Test Case 'Test Cases/Final Aug 2018 - PKS Automation/Common/Workflow Owner Finder' successfully

2018-12-10 10:02:41 - [TEST_CASE][PASSED] - Test Cases/Final Aug 2018 - PKS Automation/Common/Workflow Owner Finder: Test Cases/Final Aug 2018 - PKS Automation/Common/Workflow Owner Finder

2018-12-10 10:02:41 - [TEST_STEP][PASSED] - openBrowser: Browser is opened with url: ''

2018-12-10 10:02:41 - [MESSAGE][WARNING] - A browser is already opened. Closing browser and opening a new one

2018-12-10 10:02:44 - [MESSAGE][PASSED] - Browser is opened with url: ''

2018-12-10 10:02:44 - [TEST_STEP][PASSED] - navigateToUrl: Navigate to 'https://assist2-uat.perkeso.gov.my/login' successfully

2018-12-10 10:02:45 - [MESSAGE][PASSED] - Navigate to 'https://assist2-uat.perkeso.gov.my/login' successfully

2018-12-10 10:02:45 - [TEST_STEP][PASSED] - delay: Delayed 5 second(s)

2018-12-10 10:02:50 - [MESSAGE][PASSED] - Delayed 5 second(s)

2018-12-10 10:02:50 - [TEST_STEP][PASSED] - setText: Text 'test@liferay.com' is set on object 'Object Repository/Final Object Repo/Login Page/Internal User/Email Address'

2018-12-10 10:02:50 - [MESSAGE][PASSED] - Text 'test@liferay.com' is set on object 'Object Repository/Final Object Repo/Login Page/Internal User/Email Address'

2018-12-10 10:02:50 - [TEST_STEP][PASSED] - click: Object: 'Object Repository/Final Object Repo/Login Page/Internal User/Next Button' is clicked on

2018-12-10 10:02:50 - [MESSAGE][PASSED] - Object: 'Object Repository/Final Object Repo/Login Page/Internal User/Next Button' is clicked on

2018-12-10 10:02:50 - [TEST_STEP][PASSED] - delay: Delayed 2 second(s)

2018-12-10 10:02:52 - [MESSAGE][PASSED] - Delayed 2 second(s)

2018-12-10 10:02:52 - [TEST_STEP][PASSED] - setText: Text 'test' is set on object 'Object Repository/Final Object Repo/Login Page/Internal User/Password'

2018-12-10 10:02:53 - [MESSAGE][PASSED] - Text 'test' is set on object 'Object Repository/Final Object Repo/Login Page/Internal User/Password'

2018-12-10 10:02:53 - [TEST_STEP][PASSED] - delay: Delayed 2 second(s)

2018-12-10 10:02:55 - [MESSAGE][PASSED] - Delayed 2 second(s)

2018-12-10 10:02:55 - [TEST_STEP][PASSED] - click: Object: 'Object Repository/Final Object Repo/Login Page/Internal User/Login Button' is clicked on

2018-12-10 10:02:55 - [MESSAGE][PASSED] - Object: 'Object Repository/Final Object Repo/Login Page/Internal User/Login Button' is clicked on

2018-12-10 10:02:55 - [TEST_STEP][PASSED] - Statement - tester = com.kms.katalon.core.testobject.ObjectRepository.findTestObject(Final Object Repo/Landing Page/Select to English): Finding Test Object with id 'Object Repository/Final Object Repo/Landing Page/Select to English'

2018-12-10 10:02:55 - [TEST_STEP][PASSED] - Statement - Try: Delayed 2 second(s)

2018-12-10 10:02:55 - [TEST_STEP][PASSED] - Statement - Checker = com.kms.katalon.core.webui.keyword.WebUiBuiltInKeywords.verifyElementNotPresent(tester, 3): Web element with id: 'Object Repository/Final Object Repo/Landing Page/Select to English' located by 'By.xpath: //a[@class = 'taglib-language-list-text' and @lang = 'en-US' and (contains(text(), 'EN') or contains(., 'EN'))]' is not present after '3' second(s)

2018-12-10 10:02:57 - [MESSAGE][PASSED] - Web element with id: 'Object Repository/Final Object Repo/Landing Page/Select to English' located by 'By.xpath: //a[@class = 'taglib-language-list-text' and @lang = 'en-US' and (contains(text(), 'EN') or contains(., 'EN'))]' is not present after '3' second(s)

2018-12-10 10:02:57 - [TEST_STEP][PASSED] - Statement - If (Checker == false): null

2018-12-10 10:02:57 - [TEST_STEP][PASSED] - delay: Delayed 2 second(s)

2018-12-10 10:02:59 - [MESSAGE][PASSED] - Delayed 2 second(s)

2018-12-10 10:02:59 - [TEST_STEP][PASSED] - delay: Delayed 5 second(s)

2018-12-10 10:03:04 - [MESSAGE][PASSED] - Delayed 5 second(s)

2018-12-10 10:03:04 - [TEST_STEP][PASSED] - mouseOver: Object: 'Object Repository/Final Object Repo/Landing Page/WorkFlow Menu' is hovered

2018-12-10 10:03:04 - [MESSAGE][PASSED] - Object: 'Object Repository/Final Object Repo/Landing Page/WorkFlow Menu' is hovered

2018-12-10 10:03:04 - [TEST_STEP][PASSED] - delay: Delayed 2 second(s)

2018-12-10 10:03:06 - [MESSAGE][PASSED] - Delayed 2 second(s)

2018-12-10 10:03:06 - [TEST_STEP][PASSED] - click: Object: 'Object Repository/Final Object Repo/Landing Page/Select to Workflow Listing' is clicked on

2018-12-10 10:03:07 - [MESSAGE][PASSED] - Object: 'Object Repository/Final Object Repo/Landing Page/Select to Workflow Listing' is clicked on

2018-12-10 10:03:07 - [TEST_STEP][PASSED] - delay: Delayed 2 second(s)

2018-12-10 10:03:09 - [MESSAGE][PASSED] - Delayed 2 second(s)

2018-12-10 10:03:09 - [TEST_STEP][PASSED] - click: Object: 'Object Repository/Final Object Repo/WorkFlow Listing Page/Search Information - To Put Ref No' is clicked on

2018-12-10 10:03:09 - [MESSAGE][PASSED] - Object: 'Object Repository/Final Object Repo/WorkFlow Listing Page/Search Information - To Put Ref No' is clicked on

2018-12-10 10:03:09 - [TEST_STEP][PASSED] - delay: Delayed 2 second(s)

2018-12-10 10:03:11 - [MESSAGE][PASSED] - Delayed 2 second(s)

2018-12-10 10:03:11 - [TEST_STEP][PASSED] - callTestCase: Call Test Case 'Test Cases/Final Aug 2018 - PKS Automation/Common/Reference Number Getter' successfully

2018-12-10 10:03:11 - [TEST_CASE][PASSED] - Test Cases/Final Aug 2018 - PKS Automation/Common/Reference Number Getter: Test Cases/Final Aug 2018 - PKS Automation/Common/Reference Number Getter

2018-12-10 10:03:11 - [TEST_STEP][PASSED] - Statement - Try: null

2018-12-10 10:03:11 - [TEST_STEP][PASSED] - Statement - RefNo = new java.io.File(C://Users//Admin//Desktop//PKS//Automation Reference Point//KatalonReference.txt): null

2018-12-10 10:03:11 - [TEST_STEP][PASSED] - Statement - bufferread = new java.io.BufferedReader(new java.io.FileReader(RefNo)): null

2018-12-10 10:03:11 - [TEST_STEP][PASSED] - Statement - readedVal = bufferread.readLine(): null

2018-12-10 10:03:11 - [TEST_STEP][PASSED] - Statement - out.println(CaseReferenceNo): null

2018-12-10 10:03:11 - [TEST_STEP][PASSED] - Statement - out.println(readedVal): null

2018-12-10 10:03:11 - [TEST_STEP][PASSED] - Statement - CaseReferenceNo = "": null

2018-12-10 10:03:11 - [TEST_STEP][PASSED] - Statement - CaseReferenceNo = readedVal: null

2018-12-10 10:03:11 - [MESSAGE][PASSED] - Call Test Case 'Test Cases/Final Aug 2018 - PKS Automation/Common/Reference Number Getter' successfully

2018-12-10 10:03:11 - [TEST_STEP][PASSED] - setText: Text 'CUN122018C100005924' is set on object 'Object Repository/Final Object Repo/WorkFlow Listing Page/Ref No Set Text'

2018-12-10 10:03:12 - [MESSAGE][PASSED] - Text 'CUN122018C100005924' is set on object 'Object Repository/Final Object Repo/WorkFlow Listing Page/Ref No Set Text'

2018-12-10 10:03:12 - [TEST_STEP][PASSED] - delay: Delayed 2 second(s)

2018-12-10 10:03:14 - [MESSAGE][PASSED] - Delayed 2 second(s)

2018-12-10 10:03:14 - [TEST_STEP][PASSED] - click: Object: 'Object Repository/Final Object Repo/WorkFlow Listing Page/Search Ref No Search Button' is clicked on

2018-12-10 10:03:14 - [MESSAGE][PASSED] - Object: 'Object Repository/Final Object Repo/WorkFlow Listing Page/Search Ref No Search Button' is clicked on

2018-12-10 10:03:14 - [TEST_STEP][PASSED] - delay: Delayed 6 second(s)

2018-12-10 10:03:20 - [MESSAGE][PASSED] - Delayed 6 second(s)

2018-12-10 10:03:20 - [TEST_STEP][PASSED] - click: Object: 'Object Repository/Final Object Repo/WorkFlow Listing Page/Click Continue Tooltip' is clicked on

2018-12-10 10:03:21 - [MESSAGE][PASSED] - Object: 'Object Repository/Final Object Repo/WorkFlow Listing Page/Click Continue Tooltip' is clicked on

2018-12-10 10:03:21 - [TEST_STEP][PASSED] - delay: Delayed 5 second(s)

2018-12-10 10:03:26 - [MESSAGE][PASSED] - Delayed 5 second(s)

2018-12-10 10:03:26 - [TEST_STEP][PASSED] - doubleClick: Object: 'Object Repository/Final Object Repo/WorkFlow Listing Page/Workflow Found - Listing 1' is double clicked on

2018-12-10 10:03:26 - [MESSAGE][PASSED] - Object: 'Object Repository/Final Object Repo/WorkFlow Listing Page/Workflow Found - Listing 1' is double clicked on

2018-12-10 10:03:26 - [TEST_STEP][PASSED] - Statement - println(OwnerID): null

2018-12-10 10:03:26 - [TEST_STEP][PASSED] - Statement - OwnerID = com.kms.katalon.core.webui.keyword.WebUiBuiltInKeywords.getText(com.kms.katalon.core.testobject.ObjectRepository.findTestObject(Final Object Repo/WorkFlow Listing Page/Workflow Found - Listing 1), STOP_ON_FAILURE): Text of object 'Object Repository/Final Object Repo/WorkFlow Listing Page/Workflow Found - Listing 1' is: 'JOHORuo3'

2018-12-10 10:03:26 - [MESSAGE][PASSED] - Text of object 'Object Repository/Final Object Repo/WorkFlow Listing Page/Workflow Found - Listing 1' is: 'JOHORuo3'

2018-12-10 10:03:26 - [TEST_STEP][PASSED] - Statement - OwnerID = OwnerID.toLowerCase() + "@gmail.com": null

2018-12-10 10:03:26 - [TEST_STEP][PASSED] - Statement - println(OwnerID): null

2018-12-10 10:03:26 - [TEST_STEP][PASSED] - delay: Delayed 2 second(s)

2018-12-10 10:03:28 - [MESSAGE][PASSED] - Delayed 2 second(s)

2018-12-10 10:03:28 - [MESSAGE][PASSED] - Call Test Case 'Test Cases/Final Aug 2018 - PKS Automation/Common/Workflow Owner Finder' successfully

2018-12-10 10:03:28 - [TEST_STEP][PASSED] - delay: Delayed 1 second(s)

2018-12-10 10:03:29 - [MESSAGE][PASSED] - Delayed 1 second(s)

2018-12-10 10:03:29 - [TEST_STEP][PASSED] - navigateToUrl: Navigate to 'https://assist2-uat.perkeso.gov.my/c/portal/logout' successfully

2018-12-10 10:03:30 - [MESSAGE][PASSED] - Navigate to 'https://assist2-uat.perkeso.gov.my/c/portal/logout' successfully

2018-12-10 10:03:30 - [TEST_STEP][PASSED] - callTestCase: Call Test Case 'Test Cases/Final Aug 2018 - PKS Automation/Registration Module/Workflow/Login and Search Case For Workflow' successfully

2018-12-10 10:03:30 - [TEST_CASE][PASSED] - Test Cases/Final Aug 2018 - PKS Automation/Registration Module/Workflow/Login and Search Case For Workflow: Test Cases/Final Aug 2018 - PKS Automation/Registration Module/Workflow/Login and Search Case For Workflow

2018-12-10 10:03:30 - [TEST_STEP][PASSED] - navigateToUrl: Navigate to 'https://assist2-uat.perkeso.gov.my/login' successfully

2018-12-10 10:03:31 - [MESSAGE][PASSED] - Navigate to 'https://assist2-uat.perkeso.gov.my/login' successfully

2018-12-10 10:03:31 - [TEST_STEP][PASSED] - setText: Text 'johoruo3@gmail.com' is set on object 'Object Repository/Final Object Repo/Login Page/Internal User/Email Address'

2018-12-10 10:03:31 - [MESSAGE][PASSED] - Text 'johoruo3@gmail.com' is set on object 'Object Repository/Final Object Repo/Login Page/Internal User/Email Address'

2018-12-10 10:03:31 - [TEST_STEP][PASSED] - click: Object: 'Object Repository/Final Object Repo/Login Page/Internal User/Next Button' is clicked on

2018-12-10 10:03:31 - [MESSAGE][PASSED] - Object: 'Object Repository/Final Object Repo/Login Page/Internal User/Next Button' is clicked on

2018-12-10 10:03:31 - [TEST_STEP][PASSED] - delay: Delayed 1 second(s)

2018-12-10 10:03:32 - [MESSAGE][PASSED] - Delayed 1 second(s)

2018-12-10 10:03:32 - [TEST_STEP][PASSED] - setEncryptedText: Text ****** has been set on object 'Object Repository/Final Object Repo/Login Page/Internal User/Password'

2018-12-10 10:03:33 - [MESSAGE][PASSED] - Text ****** has been set on object 'Object Repository/Final Object Repo/Login Page/Internal User/Password'

2018-12-10 10:03:33 - [TEST_STEP][PASSED] - click: Object: 'Object Repository/Final Object Repo/Login Page/Internal User/Login Button' is clicked on

2018-12-10 10:03:33 - [MESSAGE][PASSED] - Object: 'Object Repository/Final Object Repo/Login Page/Internal User/Login Button' is clicked on

2018-12-10 10:03:33 - [TEST_STEP][PASSED] - delay: Delayed 2 second(s)

2018-12-10 10:03:35 - [MESSAGE][PASSED] - Delayed 2 second(s)

2018-12-10 10:03:35 - [TEST_STEP][PASSED] - Statement - Try: Delayed 2 second(s)

2018-12-10 10:03:35 - [TEST_STEP][PASSED] - Statement - Checker = false: null

2018-12-10 10:03:35 - [TEST_STEP][PASSED] - Statement - Checker = com.kms.katalon.core.webui.keyword.WebUiBuiltInKeywords.verifyElementHasAttribute(com.kms.katalon.core.testobject.ObjectRepository.findTestObject(Final Object Repo/Landing Page/BM Detecting), "href", 20, OPTIONAL): Object 'Object Repository/Final Object Repo/Landing Page/BM Detecting' has attribute 'href'

2018-12-10 10:03:35 - [MESSAGE][PASSED] - Object 'Object Repository/Final Object Repo/Landing Page/BM Detecting' has attribute 'href'

2018-12-10 10:03:35 - [TEST_STEP][PASSED] - Statement - out.println(Checker): null

2018-12-10 10:03:35 - [TEST_STEP][PASSED] - Statement - If (Checker == false): null

2018-12-10 10:03:35 - [TEST_STEP][PASSED] - Statement - Else: null

2018-12-10 10:03:35 - [TEST_STEP][PASSED] - delay: Delayed 2 second(s)

2018-12-10 10:03:37 - [MESSAGE][PASSED] - Delayed 2 second(s)

2018-12-10 10:03:37 - [TEST_STEP][PASSED] - click: Object: 'Object Repository/Final Object Repo/Page_MyASSIST - ASSIST - Search Pending Case For Add Supporting Document/Search Information' is clicked on

2018-12-10 10:03:37 - [MESSAGE][PASSED] - Object: 'Object Repository/Final Object Repo/Page_MyASSIST - ASSIST - Search Pending Case For Add Supporting Document/Search Information' is clicked on

2018-12-10 10:03:37 - [TEST_STEP][PASSED] - delay: Delayed 3 second(s)

2018-12-10 10:03:40 - [MESSAGE][PASSED] - Delayed 3 second(s)

2018-12-10 10:03:40 - [TEST_STEP][PASSED] - sendKeys: Keys 'CUN122018C100005924' sent to object: 'Object Repository/Final Object Repo/Page_MyASSIST - ASSIST - Search Pending Case For Add Supporting Document/Reference No'

2018-12-10 10:03:40 - [MESSAGE][PASSED] - Keys 'CUN122018C100005924' sent to object: 'Object Repository/Final Object Repo/Page_MyASSIST - ASSIST - Search Pending Case For Add Supporting Document/Reference No'

2018-12-10 10:03:40 - [TEST_STEP][PASSED] - click: Object: 'Object Repository/Final Object Repo/Page_MyASSIST - ASSIST - Search Pending Case For Add Supporting Document/Search Reference No' is clicked on

2018-12-10 10:03:41 - [MESSAGE][PASSED] - Object: 'Object Repository/Final Object Repo/Page_MyASSIST - ASSIST - Search Pending Case For Add Supporting Document/Search Reference No' is clicked on

2018-12-10 10:03:41 - [TEST_STEP][PASSED] - delay: Delayed 2 second(s)

2018-12-10 10:03:43 - [MESSAGE][PASSED] - Delayed 2 second(s)

2018-12-10 10:03:43 - [TEST_STEP][PASSED] - click: Object: 'Object Repository/Final Object Repo/Page_MyASSIST - ASSIST - Search Pending Case For Add Supporting Document/Continue' is clicked on

2018-12-10 10:03:46 - [MESSAGE][PASSED] - Object: 'Object Repository/Final Object Repo/Page_MyASSIST - ASSIST - Search Pending Case For Add Supporting Document/Continue' is clicked on

2018-12-10 10:03:46 - [TEST_STEP][PASSED] - delay: Delayed 20 second(s)

2018-12-10 10:04:06 - [MESSAGE][PASSED] - Delayed 20 second(s)

2018-12-10 10:04:06 - [MESSAGE][PASSED] - Call Test Case 'Test Cases/Final Aug 2018 - PKS Automation/Registration Module/Workflow/Login and Search Case For Workflow' successfully

2018-12-10 10:04:06 - [TEST_STEP][PASSED] - delay: Delayed 10 second(s)

2018-12-10 10:04:16 - [MESSAGE][PASSED] - Delayed 10 second(s)

2018-12-10 10:04:16 - [TEST_STEP][PASSED] - click: Object: 'Object Repository/Final Object Repo/Page_Update Employer Information/Page_Update Employer Information UO (Approve)/Continue' is clicked on

2018-12-10 10:04:20 - [MESSAGE][PASSED] - Object: 'Object Repository/Final Object Repo/Page_Update Employer Information/Page_Update Employer Information UO (Approve)/Continue' is clicked on

2018-12-10 10:04:20 - [TEST_STEP][PASSED] - delay: Delayed 10 second(s)

2018-12-10 10:04:30 - [MESSAGE][PASSED] - Delayed 10 second(s)

2018-12-10 10:04:30 - [TEST_STEP][PASSED] - click: Object: 'Object Repository/Final Object Repo/Page_Update Employer Information/Page_Update Employer Information UO (Approve)/Save  Continue in Update Employer Information Page' is clicked on

2018-12-10 10:04:30 - [MESSAGE][PASSED] - Object: 'Object Repository/Final Object Repo/Page_Update Employer Information/Page_Update Employer Information UO (Approve)/Save  Continue in Update Employer Information Page' is clicked on

2018-12-10 10:04:30 - [TEST_STEP][PASSED] - delay: Delayed 3 second(s)

2018-12-10 10:04:33 - [MESSAGE][PASSED] - Delayed 3 second(s)

2018-12-10 10:04:33 - [TEST_STEP][PASSED] - click: Object: 'Object Repository/Final Object Repo/Page_Update Employer Information/Page_Update Employer Information UO (Approve)/Save  Continue in Uploading Supporting Document Page' is clicked on

2018-12-10 10:04:35 - [MESSAGE][PASSED] - Object: 'Object Repository/Final Object Repo/Page_Update Employer Information/Page_Update Employer Information UO (Approve)/Save  Continue in Uploading Supporting Document Page' is clicked on

2018-12-10 10:04:35 - [TEST_STEP][PASSED] - delay: Delayed 3 second(s)

2018-12-10 10:04:38 - [MESSAGE][PASSED] - Delayed 3 second(s)

2018-12-10 10:04:38 - [TEST_STEP][PASSED] - click: Object: 'Object Repository/Final Object Repo/Page_Update Employer Information/Page_Update Employer Information UO (Approve)/Approve' is clicked on

2018-12-10 10:04:38 - [MESSAGE][PASSED] - Object: 'Object Repository/Final Object Repo/Page_Update Employer Information/Page_Update Employer Information UO (Approve)/Approve' is clicked on

2018-12-10 10:04:38 - [TEST_STEP][PASSED] - delay: Delayed 2 second(s)

2018-12-10 10:04:40 - [MESSAGE][PASSED] - Delayed 2 second(s)

2018-12-10 10:04:40 - [TEST_STEP][PASSED] - click: Object: 'Object Repository/Final Object Repo/Page_Update Employer Information/Page_Update Employer Information UO (Approve)/Confirm' is clicked on

2018-12-10 10:04:40 - [MESSAGE][PASSED] - Object: 'Object Repository/Final Object Repo/Page_Update Employer Information/Page_Update Employer Information UO (Approve)/Confirm' is clicked on

2018-12-10 10:04:40 - [TEST_STEP][PASSED] - delay: Delayed 2 second(s)

2018-12-10 10:04:42 - [MESSAGE][PASSED] - Delayed 2 second(s)

2018-12-10 10:04:42 - [TEST_STEP][PASSED] - verifyElementVisible: Object 'Object Repository/Final Object Repo/Page_Update Employer Information/Page_Update Employer Information UO (Approve)/Message Your Request' is visible

2018-12-10 10:04:49 - [MESSAGE][PASSED] - Object 'Object Repository/Final Object Repo/Page_Update Employer Information/Page_Update Employer Information UO (Approve)/Message Your Request' is visible

2018-12-10 10:04:49 - [TEST_STEP][PASSED] - verifyElementVisible: Object 'Object Repository/Final Object Repo/Page_Update Employer Information/Page_Update Employer Information UO (Approve)/Letter of successful update' is visible

2018-12-10 10:04:49 - [MESSAGE][PASSED] - Object 'Object Repository/Final Object Repo/Page_Update Employer Information/Page_Update Employer Information UO (Approve)/Letter of successful update' is visible

2018-12-10 10:04:49 - [MESSAGE][PASSED] - Call Test Case 'Test Cases/Final Aug 2018 - PKS Automation/Registration Module/Workflow/Update Employer Information/Template/Update Employer Information - Special Case - UO (Approve)' successfully]]></system-out>
         <system-err><![CDATA[]]></system-err>
      </testcase>
      <testcase name="Test Cases/Final Aug 2018 - PKS Automation/Registration Module/Workflow/Update Employer Information/OTC - UO (Query)" classname="Test Cases/Final Aug 2018 - PKS Automation/Registration Module/Workflow/Update Employer Information/OTC - UO (Query)" status="PASSED">
         <system-out><![CDATA[2018-12-10 10:04:49 - [TEST_CASE][PASSED] - Test Cases/Final Aug 2018 - PKS Automation/Registration Module/Workflow/Update Employer Information/OTC - UO (Query): Test Cases/Final Aug 2018 - PKS Automation/Registration Module/Workflow/Update Employer Information/OTC - UO (Query)

2018-12-10 10:04:49 - [TEST_STEP][PASSED] - callTestCase: Call Test Case 'Test Cases/Final Aug 2018 - PKS Automation/Registration Module/Workflow/Update Employer Information/Template/Update Employer Information - Special Case (OTC)' successfully

2018-12-10 10:04:49 - [TEST_CASE][PASSED] - Test Cases/Final Aug 2018 - PKS Automation/Registration Module/Workflow/Update Employer Information/Template/Update Employer Information - Special Case (OTC): Test Cases/Final Aug 2018 - PKS Automation/Registration Module/Workflow/Update Employer Information/Template/Update Employer Information - Special Case (OTC)

2018-12-10 10:04:49 - [TEST_STEP][PASSED] - openBrowser: Browser is opened with url: ''

2018-12-10 10:04:49 - [MESSAGE][WARNING] - A browser is already opened. Closing browser and opening a new one

2018-12-10 10:04:52 - [MESSAGE][PASSED] - Browser is opened with url: ''

2018-12-10 10:04:52 - [TEST_STEP][PASSED] - navigateToUrl: Navigate to 'https://assist2-uat.perkeso.gov.my/login' successfully

2018-12-10 10:04:53 - [MESSAGE][PASSED] - Navigate to 'https://assist2-uat.perkeso.gov.my/login' successfully

2018-12-10 10:04:53 - [TEST_STEP][PASSED] - setText: Text 'johorotc1@gmail.com' is set on object 'Object Repository/Final Object Repo/Login Page/Internal User/Email Address'

2018-12-10 10:04:54 - [MESSAGE][PASSED] - Text 'johorotc1@gmail.com' is set on object 'Object Repository/Final Object Repo/Login Page/Internal User/Email Address'

2018-12-10 10:04:54 - [TEST_STEP][PASSED] - click: Object: 'Object Repository/Final Object Repo/Login Page/Internal User/Next Button' is clicked on

2018-12-10 10:04:54 - [MESSAGE][PASSED] - Object: 'Object Repository/Final Object Repo/Login Page/Internal User/Next Button' is clicked on

2018-12-10 10:04:54 - [TEST_STEP][PASSED] - delay: Delayed 1 second(s)

2018-12-10 10:04:55 - [MESSAGE][PASSED] - Delayed 1 second(s)

2018-12-10 10:04:55 - [TEST_STEP][PASSED] - setEncryptedText: Text ****** has been set on object 'Object Repository/Final Object Repo/Login Page/Internal User/Password'

2018-12-10 10:04:55 - [MESSAGE][PASSED] - Text ****** has been set on object 'Object Repository/Final Object Repo/Login Page/Internal User/Password'

2018-12-10 10:04:55 - [TEST_STEP][PASSED] - click: Object: 'Object Repository/Final Object Repo/Login Page/Internal User/Login Button' is clicked on

2018-12-10 10:04:55 - [MESSAGE][PASSED] - Object: 'Object Repository/Final Object Repo/Login Page/Internal User/Login Button' is clicked on

2018-12-10 10:04:55 - [TEST_STEP][PASSED] - Statement - tester = com.kms.katalon.core.testobject.ObjectRepository.findTestObject(Final Object Repo/Landing Page/Select to English): Finding Test Object with id 'Object Repository/Final Object Repo/Landing Page/Select to English'

2018-12-10 10:04:55 - [TEST_STEP][PASSED] - Statement - Try: Delayed 2 second(s)

2018-12-10 10:04:55 - [TEST_STEP][PASSED] - Statement - Checker = com.kms.katalon.core.webui.keyword.WebUiBuiltInKeywords.verifyElementNotPresent(tester, 3): Web element with id: 'Object Repository/Final Object Repo/Landing Page/Select to English' located by 'By.xpath: //a[@class = 'taglib-language-list-text' and @lang = 'en-US' and (contains(text(), 'EN') or contains(., 'EN'))]' is not present after '3' second(s)

2018-12-10 10:04:57 - [MESSAGE][PASSED] - Web element with id: 'Object Repository/Final Object Repo/Landing Page/Select to English' located by 'By.xpath: //a[@class = 'taglib-language-list-text' and @lang = 'en-US' and (contains(text(), 'EN') or contains(., 'EN'))]' is not present after '3' second(s)

2018-12-10 10:04:57 - [TEST_STEP][PASSED] - Statement - If (Checker == false): null

2018-12-10 10:04:57 - [TEST_STEP][PASSED] - delay: Delayed 2 second(s)

2018-12-10 10:04:59 - [MESSAGE][PASSED] - Delayed 2 second(s)

2018-12-10 10:04:59 - [TEST_STEP][PASSED] - delay: Delayed 5 second(s)

2018-12-10 10:05:04 - [MESSAGE][PASSED] - Delayed 5 second(s)

2018-12-10 10:05:04 - [TEST_STEP][PASSED] - navigateToUrl: Navigate to 'https://assist2-uat.perkeso.gov.my/web/registration/update/update-employer-information' successfully

2018-12-10 10:05:05 - [MESSAGE][PASSED] - Navigate to 'https://assist2-uat.perkeso.gov.my/web/registration/update/update-employer-information' successfully

2018-12-10 10:05:05 - [TEST_STEP][PASSED] - setText: Text 'E1102001065V ' is set on object 'Object Repository/Final Object Repo/Page_Update Employer Information/Employer Code'

2018-12-10 10:05:05 - [MESSAGE][PASSED] - Text 'E1102001065V ' is set on object 'Object Repository/Final Object Repo/Page_Update Employer Information/Employer Code'

2018-12-10 10:05:05 - [TEST_STEP][PASSED] - click: Object: 'Object Repository/Final Object Repo/Page_Update Employer Information/Search Button' is clicked on

2018-12-10 10:05:06 - [MESSAGE][PASSED] - Object: 'Object Repository/Final Object Repo/Page_Update Employer Information/Search Button' is clicked on

2018-12-10 10:05:06 - [TEST_STEP][PASSED] - click: Object: 'Object Repository/Final Object Repo/Page_Update Employer Information/Edit Button' is clicked on

2018-12-10 10:05:09 - [MESSAGE][PASSED] - Object: 'Object Repository/Final Object Repo/Page_Update Employer Information/Edit Button' is clicked on

2018-12-10 10:05:09 - [TEST_STEP][PASSED] - click: Object: 'Object Repository/Final Object Repo/Page_Update Employer Information/Business Entity' is clicked on

2018-12-10 10:05:09 - [MESSAGE][PASSED] - Object: 'Object Repository/Final Object Repo/Page_Update Employer Information/Business Entity' is clicked on

2018-12-10 10:05:09 - [TEST_STEP][PASSED] - Statement - CurrentBusinessEntity = "": null

2018-12-10 10:05:09 - [TEST_STEP][PASSED] - Statement - CurrentBusinessEntity = com.kms.katalon.core.webui.keyword.WebUiBuiltInKeywords.getText(com.kms.katalon.core.testobject.ObjectRepository.findTestObject(Final Object Repo/Page_Update Employer Information/Current Business Entity)): Text of object 'Object Repository/Final Object Repo/Page_Update Employer Information/Current Business Entity' is: 'Sole Proprietor / Individual Business'

2018-12-10 10:05:09 - [MESSAGE][PASSED] - Text of object 'Object Repository/Final Object Repo/Page_Update Employer Information/Current Business Entity' is: 'Sole Proprietor / Individual Business'

2018-12-10 10:05:09 - [TEST_STEP][PASSED] - Statement - out.println(CurrentBusinessEntity): null

2018-12-10 10:05:09 - [TEST_STEP][PASSED] - Statement - If (CurrentBusinessEntity == "Corporation"): null

2018-12-10 10:05:09 - [TEST_STEP][PASSED] - Statement - Else If (CurrentBusinessEntity == "Partnership"): null

2018-12-10 10:05:09 - [TEST_STEP][PASSED] - Statement - Else If (CurrentBusinessEntity == "Sole Proprietor / Individual Business"): Delayed 3 second(s)

2018-12-10 10:05:09 - [TEST_STEP][PASSED] - Statement - obj = com.kms.katalon.core.webui.keyword.WebUiBuiltInKeywords.modifyObjectProperty(com.kms.katalon.core.testobject.ObjectRepository.findTestObject(Final Object Repo/Page_Update Employer Information/change to this Business Entity), "xpath", "equals", "//ul/li/span[contains(text(),"Others")]", true, STOP_ON_FAILURE): Modify property of object successfully

2018-12-10 10:05:09 - [MESSAGE][PASSED] - Modify property of object successfully

2018-12-10 10:05:09 - [TEST_STEP][PASSED] - click: Object: 'Object Repository/Final Object Repo/Page_Update Employer Information/change to this Business Entity' is clicked on

2018-12-10 10:05:09 - [MESSAGE][PASSED] - Object: 'Object Repository/Final Object Repo/Page_Update Employer Information/change to this Business Entity' is clicked on

2018-12-10 10:05:09 - [TEST_STEP][PASSED] - delay: Delayed 1 second(s)

2018-12-10 10:05:10 - [MESSAGE][PASSED] - Delayed 1 second(s)

2018-12-10 10:05:10 - [TEST_STEP][PASSED] - click: Object: 'Object Repository/Final Object Repo/Page_Update Employer Information/Sub Business Entity' is clicked on

2018-12-10 10:05:11 - [MESSAGE][PASSED] - Object: 'Object Repository/Final Object Repo/Page_Update Employer Information/Sub Business Entity' is clicked on

2018-12-10 10:05:11 - [TEST_STEP][PASSED] - click: Object: 'Object Repository/Final Object Repo/Page_Update Employer Information/Sub Business Entity List - Others - Federal Government Agency' is clicked on

2018-12-10 10:05:11 - [MESSAGE][PASSED] - Object: 'Object Repository/Final Object Repo/Page_Update Employer Information/Sub Business Entity List - Others - Federal Government Agency' is clicked on

2018-12-10 10:05:11 - [TEST_STEP][PASSED] - delay: Delayed 1 second(s)

2018-12-10 10:05:12 - [MESSAGE][PASSED] - Delayed 1 second(s)

2018-12-10 10:05:12 - [TEST_STEP][PASSED] - click: Object: 'Object Repository/Final Object Repo/Page_Update Employer Information/Sub Business Entity List' is clicked on

2018-12-10 10:05:12 - [MESSAGE][PASSED] - Object: 'Object Repository/Final Object Repo/Page_Update Employer Information/Sub Business Entity List' is clicked on

2018-12-10 10:05:12 - [TEST_STEP][PASSED] - click: Object: 'Object Repository/Final Object Repo/Page_Update Employer Information/Sub Business Entity - Others - Federal Government Agency - Kementerian' is clicked on

2018-12-10 10:05:12 - [MESSAGE][PASSED] - Object: 'Object Repository/Final Object Repo/Page_Update Employer Information/Sub Business Entity - Others - Federal Government Agency - Kementerian' is clicked on

2018-12-10 10:05:12 - [TEST_STEP][PASSED] - delay: Delayed 3 second(s)

2018-12-10 10:05:15 - [MESSAGE][PASSED] - Delayed 3 second(s)

2018-12-10 10:05:15 - [TEST_STEP][PASSED] - delay: Delayed 4 second(s)

2018-12-10 10:05:19 - [MESSAGE][PASSED] - Delayed 4 second(s)

2018-12-10 10:05:19 - [TEST_STEP][PASSED] - click: Object: 'Object Repository/Final Object Repo/Page_Update Employer Information/Save  Continue' is clicked on

2018-12-10 10:05:19 - [MESSAGE][PASSED] - Object: 'Object Repository/Final Object Repo/Page_Update Employer Information/Save  Continue' is clicked on

2018-12-10 10:05:19 - [TEST_STEP][PASSED] - delay: Delayed 4 second(s)

2018-12-10 10:05:23 - [MESSAGE][PASSED] - Delayed 4 second(s)

2018-12-10 10:05:23 - [TEST_STEP][PASSED] - click: Object: 'Object Repository/Final Object Repo/Page_Update Employer Information/Save  Continue (1)' is clicked on

2018-12-10 10:05:24 - [MESSAGE][PASSED] - Object: 'Object Repository/Final Object Repo/Page_Update Employer Information/Save  Continue (1)' is clicked on

2018-12-10 10:05:24 - [TEST_STEP][PASSED] - delay: Delayed 4 second(s)

2018-12-10 10:05:28 - [MESSAGE][PASSED] - Delayed 4 second(s)

2018-12-10 10:05:28 - [TEST_STEP][PASSED] - Statement - CaseReferenceNo = com.kms.katalon.core.webui.keyword.WebUiBuiltInKeywords.getText(com.kms.katalon.core.testobject.ObjectRepository.findTestObject(Final Object Repo/Page_Update Employer Information/Reference Number in Update Employee Information Page)): Text of object 'Object Repository/Final Object Repo/Page_Update Employer Information/Reference Number in Update Employee Information Page' is: 'CUN122018C100005925'

2018-12-10 10:05:28 - [MESSAGE][PASSED] - Text of object 'Object Repository/Final Object Repo/Page_Update Employer Information/Reference Number in Update Employee Information Page' is: 'CUN122018C100005925'

2018-12-10 10:05:28 - [TEST_STEP][PASSED] - callTestCase: Call Test Case 'Test Cases/Final Aug 2018 - PKS Automation/Common/Reference Number Setter' successfully

2018-12-10 10:05:28 - [TEST_CASE][PASSED] - Test Cases/Final Aug 2018 - PKS Automation/Common/Reference Number Setter: Test Cases/Final Aug 2018 - PKS Automation/Common/Reference Number Setter

2018-12-10 10:05:28 - [TEST_STEP][PASSED] - Statement - RefNoOldFile = new java.io.File(C://Users//Admin//Desktop//PKS//Automation Reference Point//KatalonReference.txt): null

2018-12-10 10:05:28 - [TEST_STEP][PASSED] - Statement - RefNoOldFile.delete(): null

2018-12-10 10:05:28 - [TEST_STEP][PASSED] - delay: Delayed 5 second(s)

2018-12-10 10:05:33 - [MESSAGE][PASSED] - Delayed 5 second(s)

2018-12-10 10:05:33 - [TEST_STEP][PASSED] - Statement - RefNo = new java.io.File(C://Users//Admin//Desktop//PKS//Automation Reference Point//KatalonReference.txt): null

2018-12-10 10:05:33 - [TEST_STEP][PASSED] - Statement - f2 = new java.io.FileWriter(RefNo, false): null

2018-12-10 10:05:33 - [TEST_STEP][PASSED] - Statement - f2.write(CaseReferenceNo): null

2018-12-10 10:05:33 - [TEST_STEP][PASSED] - Statement - f2.close(): null

2018-12-10 10:05:33 - [TEST_STEP][PASSED] - Statement - out.println("


" + CaseReferenceNo + "


"): null

2018-12-10 10:05:33 - [MESSAGE][PASSED] - Call Test Case 'Test Cases/Final Aug 2018 - PKS Automation/Common/Reference Number Setter' successfully

2018-12-10 10:05:33 - [TEST_STEP][PASSED] - delay: Delayed 4 second(s)

2018-12-10 10:05:37 - [MESSAGE][PASSED] - Delayed 4 second(s)

2018-12-10 10:05:37 - [TEST_STEP][PASSED] - click: Object: 'Object Repository/Final Object Repo/Page_Update Employer Information/Submit - Copy' is clicked on

2018-12-10 10:05:37 - [MESSAGE][PASSED] - Object: 'Object Repository/Final Object Repo/Page_Update Employer Information/Submit - Copy' is clicked on

2018-12-10 10:05:37 - [TEST_STEP][PASSED] - delay: Delayed 2 second(s)

2018-12-10 10:05:39 - [MESSAGE][PASSED] - Delayed 2 second(s)

2018-12-10 10:05:39 - [TEST_STEP][PASSED] - click: Object: 'Object Repository/Final Object Repo/Page_Update Employer Information/Confirm' is clicked on

2018-12-10 10:05:39 - [MESSAGE][PASSED] - Object: 'Object Repository/Final Object Repo/Page_Update Employer Information/Confirm' is clicked on

2018-12-10 10:05:39 - [TEST_STEP][PASSED] - delay: Delayed 2 second(s)

2018-12-10 10:05:41 - [MESSAGE][PASSED] - Delayed 2 second(s)

2018-12-10 10:05:41 - [TEST_STEP][PASSED] - click: Object: 'Object Repository/Final Object Repo/Page_Update Employer Information/Message Your Request will be route' is clicked on

2018-12-10 10:05:43 - [MESSAGE][PASSED] - Object: 'Object Repository/Final Object Repo/Page_Update Employer Information/Message Your Request will be route' is clicked on

2018-12-10 10:05:43 - [MESSAGE][PASSED] - Call Test Case 'Test Cases/Final Aug 2018 - PKS Automation/Registration Module/Workflow/Update Employer Information/Template/Update Employer Information - Special Case (OTC)' successfully

2018-12-10 10:05:43 - [TEST_STEP][PASSED] - callTestCase: Call Test Case 'Test Cases/Final Aug 2018 - PKS Automation/Registration Module/Workflow/Update Employer Information/Template/Update Employer Information - Special Case - UO (Query)' successfully

2018-12-10 10:05:43 - [TEST_CASE][PASSED] - Test Cases/Final Aug 2018 - PKS Automation/Registration Module/Workflow/Update Employer Information/Template/Update Employer Information - Special Case - UO (Query): Test Cases/Final Aug 2018 - PKS Automation/Registration Module/Workflow/Update Employer Information/Template/Update Employer Information - Special Case - UO (Query)

2018-12-10 10:05:43 - [TEST_STEP][NOT_RUN] - callTestCase: NOT_RUN: callTestCase

2018-12-10 10:05:43 - [MESSAGE][NOT_RUN] - NOT_RUN: callTestCase

2018-12-10 10:05:43 - [TEST_STEP][PASSED] - delay: Delayed 1 second(s)

2018-12-10 10:05:44 - [MESSAGE][PASSED] - Delayed 1 second(s)

2018-12-10 10:05:44 - [TEST_STEP][PASSED] - navigateToUrl: Navigate to 'https://assist2-uat.perkeso.gov.my/c/portal/logout' successfully

2018-12-10 10:05:45 - [MESSAGE][PASSED] - Navigate to 'https://assist2-uat.perkeso.gov.my/c/portal/logout' successfully

2018-12-10 10:05:45 - [TEST_STEP][PASSED] - delay: Delayed 1 second(s)

2018-12-10 10:05:46 - [MESSAGE][PASSED] - Delayed 1 second(s)

2018-12-10 10:05:46 - [TEST_STEP][PASSED] - callTestCase: Call Test Case 'Test Cases/Final Aug 2018 - PKS Automation/Common/Reference Number Getter' successfully

2018-12-10 10:05:46 - [TEST_CASE][PASSED] - Test Cases/Final Aug 2018 - PKS Automation/Common/Reference Number Getter: Test Cases/Final Aug 2018 - PKS Automation/Common/Reference Number Getter

2018-12-10 10:05:46 - [TEST_STEP][PASSED] - Statement - Try: null

2018-12-10 10:05:46 - [TEST_STEP][PASSED] - Statement - RefNo = new java.io.File(C://Users//Admin//Desktop//PKS//Automation Reference Point//KatalonReference.txt): null

2018-12-10 10:05:46 - [TEST_STEP][PASSED] - Statement - bufferread = new java.io.BufferedReader(new java.io.FileReader(RefNo)): null

2018-12-10 10:05:46 - [TEST_STEP][PASSED] - Statement - readedVal = bufferread.readLine(): null

2018-12-10 10:05:46 - [TEST_STEP][PASSED] - Statement - out.println(CaseReferenceNo): null

2018-12-10 10:05:46 - [TEST_STEP][PASSED] - Statement - out.println(readedVal): null

2018-12-10 10:05:46 - [TEST_STEP][PASSED] - Statement - CaseReferenceNo = "": null

2018-12-10 10:05:46 - [TEST_STEP][PASSED] - Statement - CaseReferenceNo = readedVal: null

2018-12-10 10:05:46 - [MESSAGE][PASSED] - Call Test Case 'Test Cases/Final Aug 2018 - PKS Automation/Common/Reference Number Getter' successfully

2018-12-10 10:05:46 - [TEST_STEP][PASSED] - callTestCase: Call Test Case 'Test Cases/Final Aug 2018 - PKS Automation/Common/Workflow Owner Finder' successfully

2018-12-10 10:05:46 - [TEST_CASE][PASSED] - Test Cases/Final Aug 2018 - PKS Automation/Common/Workflow Owner Finder: Test Cases/Final Aug 2018 - PKS Automation/Common/Workflow Owner Finder

2018-12-10 10:05:46 - [TEST_STEP][PASSED] - openBrowser: Browser is opened with url: ''

2018-12-10 10:05:46 - [MESSAGE][WARNING] - A browser is already opened. Closing browser and opening a new one

2018-12-10 10:05:49 - [MESSAGE][PASSED] - Browser is opened with url: ''

2018-12-10 10:05:49 - [TEST_STEP][PASSED] - navigateToUrl: Navigate to 'https://assist2-uat.perkeso.gov.my/login' successfully

2018-12-10 10:05:50 - [MESSAGE][PASSED] - Navigate to 'https://assist2-uat.perkeso.gov.my/login' successfully

2018-12-10 10:05:50 - [TEST_STEP][PASSED] - delay: Delayed 5 second(s)

2018-12-10 10:05:55 - [MESSAGE][PASSED] - Delayed 5 second(s)

2018-12-10 10:05:55 - [TEST_STEP][PASSED] - setText: Text 'test@liferay.com' is set on object 'Object Repository/Final Object Repo/Login Page/Internal User/Email Address'

2018-12-10 10:05:55 - [MESSAGE][PASSED] - Text 'test@liferay.com' is set on object 'Object Repository/Final Object Repo/Login Page/Internal User/Email Address'

2018-12-10 10:05:55 - [TEST_STEP][PASSED] - click: Object: 'Object Repository/Final Object Repo/Login Page/Internal User/Next Button' is clicked on

2018-12-10 10:05:56 - [MESSAGE][PASSED] - Object: 'Object Repository/Final Object Repo/Login Page/Internal User/Next Button' is clicked on

2018-12-10 10:05:56 - [TEST_STEP][PASSED] - delay: Delayed 2 second(s)

2018-12-10 10:05:58 - [MESSAGE][PASSED] - Delayed 2 second(s)

2018-12-10 10:05:58 - [TEST_STEP][PASSED] - setText: Text 'test' is set on object 'Object Repository/Final Object Repo/Login Page/Internal User/Password'

2018-12-10 10:05:58 - [MESSAGE][PASSED] - Text 'test' is set on object 'Object Repository/Final Object Repo/Login Page/Internal User/Password'

2018-12-10 10:05:58 - [TEST_STEP][PASSED] - delay: Delayed 2 second(s)

2018-12-10 10:06:00 - [MESSAGE][PASSED] - Delayed 2 second(s)

2018-12-10 10:06:00 - [TEST_STEP][PASSED] - click: Object: 'Object Repository/Final Object Repo/Login Page/Internal User/Login Button' is clicked on

2018-12-10 10:06:00 - [MESSAGE][PASSED] - Object: 'Object Repository/Final Object Repo/Login Page/Internal User/Login Button' is clicked on

2018-12-10 10:06:00 - [TEST_STEP][PASSED] - Statement - tester = com.kms.katalon.core.testobject.ObjectRepository.findTestObject(Final Object Repo/Landing Page/Select to English): Finding Test Object with id 'Object Repository/Final Object Repo/Landing Page/Select to English'

2018-12-10 10:06:00 - [TEST_STEP][PASSED] - Statement - Try: Delayed 2 second(s)

2018-12-10 10:06:00 - [TEST_STEP][PASSED] - Statement - Checker = com.kms.katalon.core.webui.keyword.WebUiBuiltInKeywords.verifyElementNotPresent(tester, 3): Web element with id: 'Object Repository/Final Object Repo/Landing Page/Select to English' located by 'By.xpath: //a[@class = 'taglib-language-list-text' and @lang = 'en-US' and (contains(text(), 'EN') or contains(., 'EN'))]' is not present after '3' second(s)

2018-12-10 10:06:02 - [MESSAGE][PASSED] - Web element with id: 'Object Repository/Final Object Repo/Landing Page/Select to English' located by 'By.xpath: //a[@class = 'taglib-language-list-text' and @lang = 'en-US' and (contains(text(), 'EN') or contains(., 'EN'))]' is not present after '3' second(s)

2018-12-10 10:06:02 - [TEST_STEP][PASSED] - Statement - If (Checker == false): null

2018-12-10 10:06:02 - [TEST_STEP][PASSED] - delay: Delayed 2 second(s)

2018-12-10 10:06:04 - [MESSAGE][PASSED] - Delayed 2 second(s)

2018-12-10 10:06:04 - [TEST_STEP][PASSED] - delay: Delayed 5 second(s)

2018-12-10 10:06:09 - [MESSAGE][PASSED] - Delayed 5 second(s)

2018-12-10 10:06:09 - [TEST_STEP][PASSED] - mouseOver: Object: 'Object Repository/Final Object Repo/Landing Page/WorkFlow Menu' is hovered

2018-12-10 10:06:09 - [MESSAGE][PASSED] - Object: 'Object Repository/Final Object Repo/Landing Page/WorkFlow Menu' is hovered

2018-12-10 10:06:09 - [TEST_STEP][PASSED] - delay: Delayed 2 second(s)

2018-12-10 10:06:11 - [MESSAGE][PASSED] - Delayed 2 second(s)

2018-12-10 10:06:11 - [TEST_STEP][PASSED] - click: Object: 'Object Repository/Final Object Repo/Landing Page/Select to Workflow Listing' is clicked on

2018-12-10 10:06:12 - [MESSAGE][PASSED] - Object: 'Object Repository/Final Object Repo/Landing Page/Select to Workflow Listing' is clicked on

2018-12-10 10:06:12 - [TEST_STEP][PASSED] - delay: Delayed 2 second(s)

2018-12-10 10:06:14 - [MESSAGE][PASSED] - Delayed 2 second(s)

2018-12-10 10:06:14 - [TEST_STEP][PASSED] - click: Object: 'Object Repository/Final Object Repo/WorkFlow Listing Page/Search Information - To Put Ref No' is clicked on

2018-12-10 10:06:14 - [MESSAGE][PASSED] - Object: 'Object Repository/Final Object Repo/WorkFlow Listing Page/Search Information - To Put Ref No' is clicked on

2018-12-10 10:06:14 - [TEST_STEP][PASSED] - delay: Delayed 2 second(s)

2018-12-10 10:06:16 - [MESSAGE][PASSED] - Delayed 2 second(s)

2018-12-10 10:06:16 - [TEST_STEP][PASSED] - callTestCase: Call Test Case 'Test Cases/Final Aug 2018 - PKS Automation/Common/Reference Number Getter' successfully

2018-12-10 10:06:16 - [TEST_CASE][PASSED] - Test Cases/Final Aug 2018 - PKS Automation/Common/Reference Number Getter: Test Cases/Final Aug 2018 - PKS Automation/Common/Reference Number Getter

2018-12-10 10:06:16 - [TEST_STEP][PASSED] - Statement - Try: null

2018-12-10 10:06:16 - [TEST_STEP][PASSED] - Statement - RefNo = new java.io.File(C://Users//Admin//Desktop//PKS//Automation Reference Point//KatalonReference.txt): null

2018-12-10 10:06:16 - [TEST_STEP][PASSED] - Statement - bufferread = new java.io.BufferedReader(new java.io.FileReader(RefNo)): null

2018-12-10 10:06:16 - [TEST_STEP][PASSED] - Statement - readedVal = bufferread.readLine(): null

2018-12-10 10:06:16 - [TEST_STEP][PASSED] - Statement - out.println(CaseReferenceNo): null

2018-12-10 10:06:16 - [TEST_STEP][PASSED] - Statement - out.println(readedVal): null

2018-12-10 10:06:16 - [TEST_STEP][PASSED] - Statement - CaseReferenceNo = "": null

2018-12-10 10:06:16 - [TEST_STEP][PASSED] - Statement - CaseReferenceNo = readedVal: null

2018-12-10 10:06:16 - [MESSAGE][PASSED] - Call Test Case 'Test Cases/Final Aug 2018 - PKS Automation/Common/Reference Number Getter' successfully

2018-12-10 10:06:16 - [TEST_STEP][PASSED] - setText: Text 'CUN122018C100005925' is set on object 'Object Repository/Final Object Repo/WorkFlow Listing Page/Ref No Set Text'

2018-12-10 10:06:17 - [MESSAGE][PASSED] - Text 'CUN122018C100005925' is set on object 'Object Repository/Final Object Repo/WorkFlow Listing Page/Ref No Set Text'

2018-12-10 10:06:17 - [TEST_STEP][PASSED] - delay: Delayed 2 second(s)

2018-12-10 10:06:19 - [MESSAGE][PASSED] - Delayed 2 second(s)

2018-12-10 10:06:19 - [TEST_STEP][PASSED] - click: Object: 'Object Repository/Final Object Repo/WorkFlow Listing Page/Search Ref No Search Button' is clicked on

2018-12-10 10:06:19 - [MESSAGE][PASSED] - Object: 'Object Repository/Final Object Repo/WorkFlow Listing Page/Search Ref No Search Button' is clicked on

2018-12-10 10:06:19 - [TEST_STEP][PASSED] - delay: Delayed 6 second(s)

2018-12-10 10:06:25 - [MESSAGE][PASSED] - Delayed 6 second(s)

2018-12-10 10:06:25 - [TEST_STEP][PASSED] - click: Object: 'Object Repository/Final Object Repo/WorkFlow Listing Page/Click Continue Tooltip' is clicked on

2018-12-10 10:06:26 - [MESSAGE][PASSED] - Object: 'Object Repository/Final Object Repo/WorkFlow Listing Page/Click Continue Tooltip' is clicked on

2018-12-10 10:06:26 - [TEST_STEP][PASSED] - delay: Delayed 5 second(s)

2018-12-10 10:06:31 - [MESSAGE][PASSED] - Delayed 5 second(s)

2018-12-10 10:06:31 - [TEST_STEP][PASSED] - doubleClick: Object: 'Object Repository/Final Object Repo/WorkFlow Listing Page/Workflow Found - Listing 1' is double clicked on

2018-12-10 10:06:31 - [MESSAGE][PASSED] - Object: 'Object Repository/Final Object Repo/WorkFlow Listing Page/Workflow Found - Listing 1' is double clicked on

2018-12-10 10:06:31 - [TEST_STEP][PASSED] - Statement - println(OwnerID): null

2018-12-10 10:06:31 - [TEST_STEP][PASSED] - Statement - OwnerID = com.kms.katalon.core.webui.keyword.WebUiBuiltInKeywords.getText(com.kms.katalon.core.testobject.ObjectRepository.findTestObject(Final Object Repo/WorkFlow Listing Page/Workflow Found - Listing 1), STOP_ON_FAILURE): Text of object 'Object Repository/Final Object Repo/WorkFlow Listing Page/Workflow Found - Listing 1' is: 'JOHORuo1'

2018-12-10 10:06:31 - [MESSAGE][PASSED] - Text of object 'Object Repository/Final Object Repo/WorkFlow Listing Page/Workflow Found - Listing 1' is: 'JOHORuo1'

2018-12-10 10:06:31 - [TEST_STEP][PASSED] - Statement - OwnerID = OwnerID.toLowerCase() + "@gmail.com": null

2018-12-10 10:06:31 - [TEST_STEP][PASSED] - Statement - println(OwnerID): null

2018-12-10 10:06:31 - [TEST_STEP][PASSED] - delay: Delayed 2 second(s)

2018-12-10 10:06:33 - [MESSAGE][PASSED] - Delayed 2 second(s)

2018-12-10 10:06:33 - [MESSAGE][PASSED] - Call Test Case 'Test Cases/Final Aug 2018 - PKS Automation/Common/Workflow Owner Finder' successfully

2018-12-10 10:06:33 - [TEST_STEP][PASSED] - delay: Delayed 1 second(s)

2018-12-10 10:06:34 - [MESSAGE][PASSED] - Delayed 1 second(s)

2018-12-10 10:06:34 - [TEST_STEP][PASSED] - navigateToUrl: Navigate to 'https://assist2-uat.perkeso.gov.my/c/portal/logout' successfully

2018-12-10 10:06:35 - [MESSAGE][PASSED] - Navigate to 'https://assist2-uat.perkeso.gov.my/c/portal/logout' successfully

2018-12-10 10:06:35 - [TEST_STEP][PASSED] - delay: Delayed 1 second(s)

2018-12-10 10:06:36 - [MESSAGE][PASSED] - Delayed 1 second(s)

2018-12-10 10:06:36 - [TEST_STEP][PASSED] - callTestCase: Call Test Case 'Test Cases/Final Aug 2018 - PKS Automation/Registration Module/Workflow/Login and Search Case For Workflow' successfully

2018-12-10 10:06:36 - [TEST_CASE][PASSED] - Test Cases/Final Aug 2018 - PKS Automation/Registration Module/Workflow/Login and Search Case For Workflow: Test Cases/Final Aug 2018 - PKS Automation/Registration Module/Workflow/Login and Search Case For Workflow

2018-12-10 10:06:36 - [TEST_STEP][PASSED] - navigateToUrl: Navigate to 'https://assist2-uat.perkeso.gov.my/login' successfully

2018-12-10 10:06:37 - [MESSAGE][PASSED] - Navigate to 'https://assist2-uat.perkeso.gov.my/login' successfully

2018-12-10 10:06:37 - [TEST_STEP][PASSED] - setText: Text 'johoruo1@gmail.com' is set on object 'Object Repository/Final Object Repo/Login Page/Internal User/Email Address'

2018-12-10 10:06:37 - [MESSAGE][PASSED] - Text 'johoruo1@gmail.com' is set on object 'Object Repository/Final Object Repo/Login Page/Internal User/Email Address'

2018-12-10 10:06:37 - [TEST_STEP][PASSED] - click: Object: 'Object Repository/Final Object Repo/Login Page/Internal User/Next Button' is clicked on

2018-12-10 10:06:37 - [MESSAGE][PASSED] - Object: 'Object Repository/Final Object Repo/Login Page/Internal User/Next Button' is clicked on

2018-12-10 10:06:37 - [TEST_STEP][PASSED] - delay: Delayed 1 second(s)

2018-12-10 10:06:38 - [MESSAGE][PASSED] - Delayed 1 second(s)

2018-12-10 10:06:38 - [TEST_STEP][PASSED] - setEncryptedText: Text ****** has been set on object 'Object Repository/Final Object Repo/Login Page/Internal User/Password'

2018-12-10 10:06:39 - [MESSAGE][PASSED] - Text ****** has been set on object 'Object Repository/Final Object Repo/Login Page/Internal User/Password'

2018-12-10 10:06:39 - [TEST_STEP][PASSED] - click: Object: 'Object Repository/Final Object Repo/Login Page/Internal User/Login Button' is clicked on

2018-12-10 10:06:39 - [MESSAGE][PASSED] - Object: 'Object Repository/Final Object Repo/Login Page/Internal User/Login Button' is clicked on

2018-12-10 10:06:39 - [TEST_STEP][PASSED] - delay: Delayed 2 second(s)

2018-12-10 10:06:41 - [MESSAGE][PASSED] - Delayed 2 second(s)

2018-12-10 10:06:41 - [TEST_STEP][PASSED] - Statement - Try: Delayed 2 second(s)

2018-12-10 10:06:41 - [TEST_STEP][PASSED] - Statement - Checker = false: null

2018-12-10 10:06:41 - [TEST_STEP][PASSED] - Statement - Checker = com.kms.katalon.core.webui.keyword.WebUiBuiltInKeywords.verifyElementHasAttribute(com.kms.katalon.core.testobject.ObjectRepository.findTestObject(Final Object Repo/Landing Page/BM Detecting), "href", 20, OPTIONAL): Object 'Object Repository/Final Object Repo/Landing Page/BM Detecting' has attribute 'href'

2018-12-10 10:06:41 - [MESSAGE][PASSED] - Object 'Object Repository/Final Object Repo/Landing Page/BM Detecting' has attribute 'href'

2018-12-10 10:06:41 - [TEST_STEP][PASSED] - Statement - out.println(Checker): null

2018-12-10 10:06:41 - [TEST_STEP][PASSED] - Statement - If (Checker == false): null

2018-12-10 10:06:41 - [TEST_STEP][PASSED] - Statement - Else: null

2018-12-10 10:06:41 - [TEST_STEP][PASSED] - delay: Delayed 2 second(s)

2018-12-10 10:06:43 - [MESSAGE][PASSED] - Delayed 2 second(s)

2018-12-10 10:06:43 - [TEST_STEP][PASSED] - click: Object: 'Object Repository/Final Object Repo/Page_MyASSIST - ASSIST - Search Pending Case For Add Supporting Document/Search Information' is clicked on

2018-12-10 10:06:43 - [MESSAGE][PASSED] - Object: 'Object Repository/Final Object Repo/Page_MyASSIST - ASSIST - Search Pending Case For Add Supporting Document/Search Information' is clicked on

2018-12-10 10:06:43 - [TEST_STEP][PASSED] - delay: Delayed 3 second(s)

2018-12-10 10:06:46 - [MESSAGE][PASSED] - Delayed 3 second(s)

2018-12-10 10:06:46 - [TEST_STEP][PASSED] - sendKeys: Keys 'CUN122018C100005925' sent to object: 'Object Repository/Final Object Repo/Page_MyASSIST - ASSIST - Search Pending Case For Add Supporting Document/Reference No'

2018-12-10 10:06:46 - [MESSAGE][PASSED] - Keys 'CUN122018C100005925' sent to object: 'Object Repository/Final Object Repo/Page_MyASSIST - ASSIST - Search Pending Case For Add Supporting Document/Reference No'

2018-12-10 10:06:46 - [TEST_STEP][PASSED] - click: Object: 'Object Repository/Final Object Repo/Page_MyASSIST - ASSIST - Search Pending Case For Add Supporting Document/Search Reference No' is clicked on

2018-12-10 10:06:47 - [MESSAGE][PASSED] - Object: 'Object Repository/Final Object Repo/Page_MyASSIST - ASSIST - Search Pending Case For Add Supporting Document/Search Reference No' is clicked on

2018-12-10 10:06:47 - [TEST_STEP][PASSED] - delay: Delayed 2 second(s)

2018-12-10 10:06:49 - [MESSAGE][PASSED] - Delayed 2 second(s)

2018-12-10 10:06:49 - [TEST_STEP][PASSED] - click: Object: 'Object Repository/Final Object Repo/Page_MyASSIST - ASSIST - Search Pending Case For Add Supporting Document/Continue' is clicked on

2018-12-10 10:06:53 - [MESSAGE][PASSED] - Object: 'Object Repository/Final Object Repo/Page_MyASSIST - ASSIST - Search Pending Case For Add Supporting Document/Continue' is clicked on

2018-12-10 10:06:53 - [TEST_STEP][PASSED] - delay: Delayed 20 second(s)

2018-12-10 10:07:13 - [MESSAGE][PASSED] - Delayed 20 second(s)

2018-12-10 10:07:13 - [MESSAGE][PASSED] - Call Test Case 'Test Cases/Final Aug 2018 - PKS Automation/Registration Module/Workflow/Login and Search Case For Workflow' successfully

2018-12-10 10:07:13 - [TEST_STEP][PASSED] - delay: Delayed 2 second(s)

2018-12-10 10:07:15 - [MESSAGE][PASSED] - Delayed 2 second(s)

2018-12-10 10:07:15 - [TEST_STEP][PASSED] - click: Object: 'Object Repository/Final Object Repo/Page_Update Employer Information/Page_Update Employer Information UO (Approve)/Continue' is clicked on

2018-12-10 10:07:18 - [MESSAGE][PASSED] - Object: 'Object Repository/Final Object Repo/Page_Update Employer Information/Page_Update Employer Information UO (Approve)/Continue' is clicked on

2018-12-10 10:07:18 - [TEST_STEP][PASSED] - delay: Delayed 2 second(s)

2018-12-10 10:07:20 - [MESSAGE][PASSED] - Delayed 2 second(s)

2018-12-10 10:07:20 - [TEST_STEP][PASSED] - click: Object: 'Object Repository/Final Object Repo/Page_Update Employer Information/Page_Update Employer Information UO (Approve)/Save  Continue in Update Employer Information Page' is clicked on

2018-12-10 10:07:20 - [MESSAGE][PASSED] - Object: 'Object Repository/Final Object Repo/Page_Update Employer Information/Page_Update Employer Information UO (Approve)/Save  Continue in Update Employer Information Page' is clicked on

2018-12-10 10:07:20 - [TEST_STEP][PASSED] - delay: Delayed 2 second(s)

2018-12-10 10:07:22 - [MESSAGE][PASSED] - Delayed 2 second(s)

2018-12-10 10:07:22 - [TEST_STEP][PASSED] - setText: Text 'Query' is set on object 'Object Repository/Final Object Repo/Page_Update Employer Information/Page_Update Employer Information UO (Query)/Query - Remark'

2018-12-10 10:07:25 - [MESSAGE][PASSED] - Text 'Query' is set on object 'Object Repository/Final Object Repo/Page_Update Employer Information/Page_Update Employer Information UO (Query)/Query - Remark'

2018-12-10 10:07:25 - [TEST_STEP][PASSED] - delay: Delayed 2 second(s)

2018-12-10 10:07:27 - [MESSAGE][PASSED] - Delayed 2 second(s)

2018-12-10 10:07:27 - [TEST_STEP][PASSED] - click: Object: 'Object Repository/Final Object Repo/Page_Update Employer Information/Page_Update Employer Information UO (Approve)/Save  Continue in Uploading Supporting Document Page' is clicked on

2018-12-10 10:07:27 - [MESSAGE][PASSED] - Object: 'Object Repository/Final Object Repo/Page_Update Employer Information/Page_Update Employer Information UO (Approve)/Save  Continue in Uploading Supporting Document Page' is clicked on

2018-12-10 10:07:27 - [TEST_STEP][PASSED] - delay: Delayed 2 second(s)

2018-12-10 10:07:29 - [MESSAGE][PASSED] - Delayed 2 second(s)

2018-12-10 10:07:29 - [TEST_STEP][PASSED] - click: Object: 'Object Repository/Final Object Repo/Page_Update Employer Information/Page_Update Employer Information UO (Query)/Query' is clicked on

2018-12-10 10:07:31 - [MESSAGE][PASSED] - Object: 'Object Repository/Final Object Repo/Page_Update Employer Information/Page_Update Employer Information UO (Query)/Query' is clicked on

2018-12-10 10:07:31 - [TEST_STEP][PASSED] - delay: Delayed 2 second(s)

2018-12-10 10:07:33 - [MESSAGE][PASSED] - Delayed 2 second(s)

2018-12-10 10:07:33 - [TEST_STEP][PASSED] - click: Object: 'Object Repository/Final Object Repo/Page_Update Employer Information/Page_Update Employer Information UO (Query)/Confirm' is clicked on

2018-12-10 10:07:33 - [MESSAGE][PASSED] - Object: 'Object Repository/Final Object Repo/Page_Update Employer Information/Page_Update Employer Information UO (Query)/Confirm' is clicked on

2018-12-10 10:07:33 - [TEST_STEP][PASSED] - delay: Delayed 2 second(s)

2018-12-10 10:07:35 - [MESSAGE][PASSED] - Delayed 2 second(s)

2018-12-10 10:07:35 - [TEST_STEP][PASSED] - doubleClick: Object: 'Object Repository/Final Object Repo/Page_Update Employer Information/Page_Update Employer Information UO (Query)/Message The Case Is Under Query' is double clicked on

2018-12-10 10:07:40 - [MESSAGE][PASSED] - Object: 'Object Repository/Final Object Repo/Page_Update Employer Information/Page_Update Employer Information UO (Query)/Message The Case Is Under Query' is double clicked on

2018-12-10 10:07:40 - [TEST_STEP][PASSED] - delay: Delayed 2 second(s)

2018-12-10 10:07:42 - [MESSAGE][PASSED] - Delayed 2 second(s)

2018-12-10 10:07:42 - [TEST_STEP][PASSED] - click: Object: 'Object Repository/Final Object Repo/Page_Update Employer Information/Page_Update Employer Information UO (Query)/Letter of inquiry.pdf' is clicked on

2018-12-10 10:07:42 - [MESSAGE][PASSED] - Object: 'Object Repository/Final Object Repo/Page_Update Employer Information/Page_Update Employer Information UO (Query)/Letter of inquiry.pdf' is clicked on

2018-12-10 10:07:42 - [TEST_STEP][PASSED] - delay: Delayed 1 second(s)

2018-12-10 10:07:43 - [MESSAGE][PASSED] - Delayed 1 second(s)

2018-12-10 10:07:43 - [TEST_STEP][PASSED] - callTestCase: Call Test Case 'Test Cases/Final Aug 2018 - PKS Automation/Registration Module/Log Out/log out avoiding katalon tagging' successfully

2018-12-10 10:07:43 - [TEST_CASE][PASSED] - Test Cases/Final Aug 2018 - PKS Automation/Registration Module/Log Out/log out avoiding katalon tagging: Test Cases/Final Aug 2018 - PKS Automation/Registration Module/Log Out/log out avoiding katalon tagging

2018-12-10 10:07:43 - [TEST_STEP][PASSED] - navigateToUrl: Navigate to 'https://assist2-uat.perkeso.gov.my/c/portal/logout' successfully

2018-12-10 10:07:44 - [MESSAGE][PASSED] - Navigate to 'https://assist2-uat.perkeso.gov.my/c/portal/logout' successfully

2018-12-10 10:07:44 - [MESSAGE][PASSED] - Call Test Case 'Test Cases/Final Aug 2018 - PKS Automation/Registration Module/Log Out/log out avoiding katalon tagging' successfully

2018-12-10 10:07:44 - [TEST_STEP][NOT_RUN] - navigateToUrl: NOT_RUN: navigateToUrl

2018-12-10 10:07:44 - [MESSAGE][NOT_RUN] - NOT_RUN: navigateToUrl

2018-12-10 10:07:44 - [TEST_STEP][PASSED] - delay: Delayed 1 second(s)

2018-12-10 10:07:45 - [MESSAGE][PASSED] - Delayed 1 second(s)

2018-12-10 10:07:45 - [TEST_STEP][PASSED] - callTestCase: Call Test Case 'Test Cases/Final Aug 2018 - PKS Automation/Registration Module/Workflow/Search Pending Case For Add Supporting Document (OTC)' successfully

2018-12-10 10:07:45 - [TEST_CASE][PASSED] - Test Cases/Final Aug 2018 - PKS Automation/Registration Module/Workflow/Search Pending Case For Add Supporting Document (OTC): Test Cases/Final Aug 2018 - PKS Automation/Registration Module/Workflow/Search Pending Case For Add Supporting Document (OTC)

2018-12-10 10:07:45 - [TEST_STEP][PASSED] - openBrowser: Browser is opened with url: ''

2018-12-10 10:07:45 - [MESSAGE][WARNING] - A browser is already opened. Closing browser and opening a new one

2018-12-10 10:07:48 - [MESSAGE][PASSED] - Browser is opened with url: ''

2018-12-10 10:07:48 - [TEST_STEP][PASSED] - navigateToUrl: Navigate to 'https://assist2-uat.perkeso.gov.my/login' successfully

2018-12-10 10:07:49 - [MESSAGE][PASSED] - Navigate to 'https://assist2-uat.perkeso.gov.my/login' successfully

2018-12-10 10:07:49 - [TEST_STEP][PASSED] - setText: Text 'johorotc1@gmail.com' is set on object 'Object Repository/Final Object Repo/Login Page/Internal User/Email Address'

2018-12-10 10:07:49 - [MESSAGE][PASSED] - Text 'johorotc1@gmail.com' is set on object 'Object Repository/Final Object Repo/Login Page/Internal User/Email Address'

2018-12-10 10:07:49 - [TEST_STEP][PASSED] - click: Object: 'Object Repository/Final Object Repo/Login Page/Internal User/Next Button' is clicked on

2018-12-10 10:07:50 - [MESSAGE][PASSED] - Object: 'Object Repository/Final Object Repo/Login Page/Internal User/Next Button' is clicked on

2018-12-10 10:07:50 - [TEST_STEP][PASSED] - delay: Delayed 1 second(s)

2018-12-10 10:07:51 - [MESSAGE][PASSED] - Delayed 1 second(s)

2018-12-10 10:07:51 - [TEST_STEP][PASSED] - setEncryptedText: Text ****** has been set on object 'Object Repository/Final Object Repo/Login Page/Internal User/Password'

2018-12-10 10:07:51 - [MESSAGE][PASSED] - Text ****** has been set on object 'Object Repository/Final Object Repo/Login Page/Internal User/Password'

2018-12-10 10:07:51 - [TEST_STEP][PASSED] - click: Object: 'Object Repository/Final Object Repo/Login Page/Internal User/Login Button' is clicked on

2018-12-10 10:07:51 - [MESSAGE][PASSED] - Object: 'Object Repository/Final Object Repo/Login Page/Internal User/Login Button' is clicked on

2018-12-10 10:07:51 - [TEST_STEP][PASSED] - delay: Delayed 1 second(s)

2018-12-10 10:07:52 - [MESSAGE][PASSED] - Delayed 1 second(s)

2018-12-10 10:07:52 - [TEST_STEP][PASSED] - Statement - Try: Delayed 2 second(s)

2018-12-10 10:07:52 - [TEST_STEP][PASSED] - Statement - Checker = false: null

2018-12-10 10:07:52 - [TEST_STEP][PASSED] - Statement - Checker = com.kms.katalon.core.webui.keyword.WebUiBuiltInKeywords.verifyElementHasAttribute(com.kms.katalon.core.testobject.ObjectRepository.findTestObject(Final Object Repo/Landing Page/BM Detecting), "href", 20, OPTIONAL): Object 'Object Repository/Final Object Repo/Landing Page/BM Detecting' has attribute 'href'

2018-12-10 10:07:53 - [MESSAGE][PASSED] - Object 'Object Repository/Final Object Repo/Landing Page/BM Detecting' has attribute 'href'

2018-12-10 10:07:53 - [TEST_STEP][PASSED] - Statement - out.println(Checker): null

2018-12-10 10:07:53 - [TEST_STEP][PASSED] - Statement - If (Checker == false): null

2018-12-10 10:07:53 - [TEST_STEP][PASSED] - Statement - Else: null

2018-12-10 10:07:53 - [TEST_STEP][PASSED] - delay: Delayed 2 second(s)

2018-12-10 10:07:55 - [MESSAGE][PASSED] - Delayed 2 second(s)

2018-12-10 10:07:55 - [TEST_STEP][PASSED] - navigateToUrl: Navigate to 'https://assist2-uat.perkeso.gov.my/web/registration/search/search-pending-case-for-add-supporting-document' successfully

2018-12-10 10:07:56 - [MESSAGE][PASSED] - Navigate to 'https://assist2-uat.perkeso.gov.my/web/registration/search/search-pending-case-for-add-supporting-document' successfully

2018-12-10 10:07:56 - [TEST_STEP][PASSED] - click: Object: 'Object Repository/Final Object Repo/Page_Search Pending Case For Add Suporting Document/Search By' is clicked on

2018-12-10 10:07:56 - [MESSAGE][PASSED] - Object: 'Object Repository/Final Object Repo/Page_Search Pending Case For Add Suporting Document/Search By' is clicked on

2018-12-10 10:07:56 - [TEST_STEP][PASSED] - click: Object: 'Object Repository/Final Object Repo/Page_Search Pending Case For Add Suporting Document/Search By - Reference ID' is clicked on

2018-12-10 10:07:56 - [MESSAGE][PASSED] - Object: 'Object Repository/Final Object Repo/Page_Search Pending Case For Add Suporting Document/Search By - Reference ID' is clicked on

2018-12-10 10:07:56 - [TEST_STEP][PASSED] - delay: Delayed 2 second(s)

2018-12-10 10:07:58 - [MESSAGE][PASSED] - Delayed 2 second(s)

2018-12-10 10:07:58 - [TEST_STEP][PASSED] - setText: Text 'CUN122018C100005925' is set on object 'Object Repository/Final Object Repo/Page_Search Pending Case For Add Suporting Document/Reference ID'

2018-12-10 10:07:58 - [MESSAGE][PASSED] - Text 'CUN122018C100005925' is set on object 'Object Repository/Final Object Repo/Page_Search Pending Case For Add Suporting Document/Reference ID'

2018-12-10 10:07:58 - [TEST_STEP][PASSED] - click: Object: 'Object Repository/Final Object Repo/Page_Search Pending Case For Add Suporting Document/Search' is clicked on

2018-12-10 10:07:59 - [MESSAGE][PASSED] - Object: 'Object Repository/Final Object Repo/Page_Search Pending Case For Add Suporting Document/Search' is clicked on

2018-12-10 10:07:59 - [TEST_STEP][PASSED] - delay: Delayed 2 second(s)

2018-12-10 10:08:01 - [MESSAGE][PASSED] - Delayed 2 second(s)

2018-12-10 10:08:01 - [TEST_STEP][PASSED] - click: Object: 'Object Repository/Final Object Repo/Page_Search Pending Case For Add Suporting Document/Edit' is clicked on

2018-12-10 10:08:04 - [MESSAGE][PASSED] - Object: 'Object Repository/Final Object Repo/Page_Search Pending Case For Add Suporting Document/Edit' is clicked on

2018-12-10 10:08:04 - [MESSAGE][PASSED] - Call Test Case 'Test Cases/Final Aug 2018 - PKS Automation/Registration Module/Workflow/Search Pending Case For Add Supporting Document (OTC)' successfully

2018-12-10 10:08:04 - [TEST_STEP][PASSED] - click: Object: 'Object Repository/Final Object Repo/Page_Update Employer Information/Page_Update Employer Information UO (Query -OTC -UO)/Next' is clicked on

2018-12-10 10:08:07 - [MESSAGE][PASSED] - Object: 'Object Repository/Final Object Repo/Page_Update Employer Information/Page_Update Employer Information UO (Query -OTC -UO)/Next' is clicked on

2018-12-10 10:08:07 - [TEST_STEP][PASSED] - delay: Delayed 2 second(s)

2018-12-10 10:08:09 - [MESSAGE][PASSED] - Delayed 2 second(s)

2018-12-10 10:08:09 - [TEST_STEP][PASSED] - click: Object: 'Object Repository/Final Object Repo/Page_Update Employer Information/Page_Update Employer Information UO (Query -OTC -UO)/Add Document' is clicked on

2018-12-10 10:08:10 - [MESSAGE][PASSED] - Object: 'Object Repository/Final Object Repo/Page_Update Employer Information/Page_Update Employer Information UO (Query -OTC -UO)/Add Document' is clicked on

2018-12-10 10:08:10 - [TEST_STEP][PASSED] - delay: Delayed 2 second(s)

2018-12-10 10:08:12 - [MESSAGE][PASSED] - Delayed 2 second(s)

2018-12-10 10:08:12 - [TEST_STEP][PASSED] - click: Object: 'Object Repository/Final Object Repo/Page_Update Employer Information/Page_Update Employer Information UO (Query -OTC -UO)/Document Type' is clicked on

2018-12-10 10:08:12 - [MESSAGE][PASSED] - Object: 'Object Repository/Final Object Repo/Page_Update Employer Information/Page_Update Employer Information UO (Query -OTC -UO)/Document Type' is clicked on

2018-12-10 10:08:12 - [TEST_STEP][PASSED] - click: Object: 'Object Repository/Final Object Repo/Page_Update Employer Information/Page_Update Employer Information UO (Query -OTC -UO)/Document Type - Other' is clicked on

2018-12-10 10:08:13 - [MESSAGE][PASSED] - Object: 'Object Repository/Final Object Repo/Page_Update Employer Information/Page_Update Employer Information UO (Query -OTC -UO)/Document Type - Other' is clicked on

2018-12-10 10:08:13 - [TEST_STEP][PASSED] - delay: Delayed 2 second(s)

2018-12-10 10:08:15 - [MESSAGE][PASSED] - Delayed 2 second(s)

2018-12-10 10:08:15 - [TEST_STEP][PASSED] - sendKeys: Keys 'C:\Users\Public\Pictures\Sample Pictures\Koala.jpg' sent to object: 'Object Repository/Final Object Repo/Page_Update Employer Information/Page_Update Employer Information UO (Query -OTC -UO)/Uploading File'

2018-12-10 10:08:15 - [MESSAGE][PASSED] - Keys 'C:\Users\Public\Pictures\Sample Pictures\Koala.jpg' sent to object: 'Object Repository/Final Object Repo/Page_Update Employer Information/Page_Update Employer Information UO (Query -OTC -UO)/Uploading File'

2018-12-10 10:08:15 - [TEST_STEP][PASSED] - delay: Delayed 2 second(s)

2018-12-10 10:08:17 - [MESSAGE][PASSED] - Delayed 2 second(s)

2018-12-10 10:08:17 - [TEST_STEP][PASSED] - click: Object: 'Object Repository/Final Object Repo/Page_Update Employer Information/Page_Update Employer Information UO (Query -OTC -UO)/Add Document in Uploading Page' is clicked on

2018-12-10 10:08:17 - [MESSAGE][PASSED] - Object: 'Object Repository/Final Object Repo/Page_Update Employer Information/Page_Update Employer Information UO (Query -OTC -UO)/Add Document in Uploading Page' is clicked on

2018-12-10 10:08:17 - [TEST_STEP][PASSED] - delay: Delayed 2 second(s)

2018-12-10 10:08:19 - [MESSAGE][PASSED] - Delayed 2 second(s)

2018-12-10 10:08:19 - [TEST_STEP][PASSED] - click: Object: 'Object Repository/Final Object Repo/Page_Update Employer Information/Page_Update Employer Information UO (Query -OTC -UO)/Exit' is clicked on

2018-12-10 10:08:22 - [MESSAGE][PASSED] - Object: 'Object Repository/Final Object Repo/Page_Update Employer Information/Page_Update Employer Information UO (Query -OTC -UO)/Exit' is clicked on

2018-12-10 10:08:22 - [TEST_STEP][PASSED] - delay: Delayed 2 second(s)

2018-12-10 10:08:24 - [MESSAGE][PASSED] - Delayed 2 second(s)

2018-12-10 10:08:24 - [TEST_STEP][PASSED] - delay: Delayed 1 second(s)

2018-12-10 10:08:25 - [MESSAGE][PASSED] - Delayed 1 second(s)

2018-12-10 10:08:25 - [TEST_STEP][PASSED] - navigateToUrl: Navigate to 'https://assist2-uat.perkeso.gov.my/c/portal/logout' successfully

2018-12-10 10:08:25 - [MESSAGE][PASSED] - Navigate to 'https://assist2-uat.perkeso.gov.my/c/portal/logout' successfully

2018-12-10 10:08:25 - [TEST_STEP][PASSED] - delay: Delayed 1 second(s)

2018-12-10 10:08:26 - [MESSAGE][PASSED] - Delayed 1 second(s)

2018-12-10 10:08:26 - [TEST_STEP][PASSED] - callTestCase: Call Test Case 'Test Cases/Final Aug 2018 - PKS Automation/Registration Module/Workflow/Login and Search Case For Workflow' successfully

2018-12-10 10:08:27 - [TEST_CASE][PASSED] - Test Cases/Final Aug 2018 - PKS Automation/Registration Module/Workflow/Login and Search Case For Workflow: Test Cases/Final Aug 2018 - PKS Automation/Registration Module/Workflow/Login and Search Case For Workflow

2018-12-10 10:08:27 - [TEST_STEP][PASSED] - navigateToUrl: Navigate to 'https://assist2-uat.perkeso.gov.my/login' successfully

2018-12-10 10:08:27 - [MESSAGE][PASSED] - Navigate to 'https://assist2-uat.perkeso.gov.my/login' successfully

2018-12-10 10:08:27 - [TEST_STEP][PASSED] - setText: Text 'johoruo1@gmail.com' is set on object 'Object Repository/Final Object Repo/Login Page/Internal User/Email Address'

2018-12-10 10:08:27 - [MESSAGE][PASSED] - Text 'johoruo1@gmail.com' is set on object 'Object Repository/Final Object Repo/Login Page/Internal User/Email Address'

2018-12-10 10:08:27 - [TEST_STEP][PASSED] - click: Object: 'Object Repository/Final Object Repo/Login Page/Internal User/Next Button' is clicked on

2018-12-10 10:08:28 - [MESSAGE][PASSED] - Object: 'Object Repository/Final Object Repo/Login Page/Internal User/Next Button' is clicked on

2018-12-10 10:08:28 - [TEST_STEP][PASSED] - delay: Delayed 1 second(s)

2018-12-10 10:08:29 - [MESSAGE][PASSED] - Delayed 1 second(s)

2018-12-10 10:08:29 - [TEST_STEP][PASSED] - setEncryptedText: Text ****** has been set on object 'Object Repository/Final Object Repo/Login Page/Internal User/Password'

2018-12-10 10:08:29 - [MESSAGE][PASSED] - Text ****** has been set on object 'Object Repository/Final Object Repo/Login Page/Internal User/Password'

2018-12-10 10:08:29 - [TEST_STEP][PASSED] - click: Object: 'Object Repository/Final Object Repo/Login Page/Internal User/Login Button' is clicked on

2018-12-10 10:08:29 - [MESSAGE][PASSED] - Object: 'Object Repository/Final Object Repo/Login Page/Internal User/Login Button' is clicked on

2018-12-10 10:08:29 - [TEST_STEP][PASSED] - delay: Delayed 2 second(s)

2018-12-10 10:08:31 - [MESSAGE][PASSED] - Delayed 2 second(s)

2018-12-10 10:08:31 - [TEST_STEP][PASSED] - Statement - Try: Delayed 2 second(s)

2018-12-10 10:08:31 - [TEST_STEP][PASSED] - Statement - Checker = false: null

2018-12-10 10:08:31 - [TEST_STEP][PASSED] - Statement - Checker = com.kms.katalon.core.webui.keyword.WebUiBuiltInKeywords.verifyElementHasAttribute(com.kms.katalon.core.testobject.ObjectRepository.findTestObject(Final Object Repo/Landing Page/BM Detecting), "href", 20, OPTIONAL): Object 'Object Repository/Final Object Repo/Landing Page/BM Detecting' has attribute 'href'

2018-12-10 10:08:31 - [MESSAGE][PASSED] - Object 'Object Repository/Final Object Repo/Landing Page/BM Detecting' has attribute 'href'

2018-12-10 10:08:31 - [TEST_STEP][PASSED] - Statement - out.println(Checker): null

2018-12-10 10:08:31 - [TEST_STEP][PASSED] - Statement - If (Checker == false): null

2018-12-10 10:08:31 - [TEST_STEP][PASSED] - Statement - Else: null

2018-12-10 10:08:31 - [TEST_STEP][PASSED] - delay: Delayed 2 second(s)

2018-12-10 10:08:33 - [MESSAGE][PASSED] - Delayed 2 second(s)

2018-12-10 10:08:33 - [TEST_STEP][PASSED] - click: Object: 'Object Repository/Final Object Repo/Page_MyASSIST - ASSIST - Search Pending Case For Add Supporting Document/Search Information' is clicked on

2018-12-10 10:08:33 - [MESSAGE][PASSED] - Object: 'Object Repository/Final Object Repo/Page_MyASSIST - ASSIST - Search Pending Case For Add Supporting Document/Search Information' is clicked on

2018-12-10 10:08:33 - [TEST_STEP][PASSED] - delay: Delayed 3 second(s)

2018-12-10 10:08:36 - [MESSAGE][PASSED] - Delayed 3 second(s)

2018-12-10 10:08:36 - [TEST_STEP][PASSED] - sendKeys: Keys 'CUN122018C100005925' sent to object: 'Object Repository/Final Object Repo/Page_MyASSIST - ASSIST - Search Pending Case For Add Supporting Document/Reference No'

2018-12-10 10:08:37 - [MESSAGE][PASSED] - Keys 'CUN122018C100005925' sent to object: 'Object Repository/Final Object Repo/Page_MyASSIST - ASSIST - Search Pending Case For Add Supporting Document/Reference No'

2018-12-10 10:08:37 - [TEST_STEP][PASSED] - click: Object: 'Object Repository/Final Object Repo/Page_MyASSIST - ASSIST - Search Pending Case For Add Supporting Document/Search Reference No' is clicked on

2018-12-10 10:08:37 - [MESSAGE][PASSED] - Object: 'Object Repository/Final Object Repo/Page_MyASSIST - ASSIST - Search Pending Case For Add Supporting Document/Search Reference No' is clicked on

2018-12-10 10:08:37 - [TEST_STEP][PASSED] - delay: Delayed 2 second(s)

2018-12-10 10:08:39 - [MESSAGE][PASSED] - Delayed 2 second(s)

2018-12-10 10:08:39 - [TEST_STEP][PASSED] - click: Object: 'Object Repository/Final Object Repo/Page_MyASSIST - ASSIST - Search Pending Case For Add Supporting Document/Continue' is clicked on

2018-12-10 10:08:43 - [MESSAGE][PASSED] - Object: 'Object Repository/Final Object Repo/Page_MyASSIST - ASSIST - Search Pending Case For Add Supporting Document/Continue' is clicked on

2018-12-10 10:08:43 - [TEST_STEP][PASSED] - delay: Delayed 20 second(s)

2018-12-10 10:09:03 - [MESSAGE][PASSED] - Delayed 20 second(s)

2018-12-10 10:09:03 - [MESSAGE][PASSED] - Call Test Case 'Test Cases/Final Aug 2018 - PKS Automation/Registration Module/Workflow/Login and Search Case For Workflow' successfully

2018-12-10 10:09:03 - [TEST_STEP][PASSED] - click: Object: 'Object Repository/Final Object Repo/Page_Update Employer Information/Page_Update Employer Information UO (Approve)/Continue' is clicked on

2018-12-10 10:09:06 - [MESSAGE][PASSED] - Object: 'Object Repository/Final Object Repo/Page_Update Employer Information/Page_Update Employer Information UO (Approve)/Continue' is clicked on

2018-12-10 10:09:06 - [TEST_STEP][PASSED] - delay: Delayed 2 second(s)

2018-12-10 10:09:08 - [MESSAGE][PASSED] - Delayed 2 second(s)

2018-12-10 10:09:08 - [TEST_STEP][PASSED] - click: Object: 'Object Repository/Final Object Repo/Page_Update Employer Information/Page_Update Employer Information UO (Approve)/Save  Continue in Update Employer Information Page' is clicked on

2018-12-10 10:09:08 - [MESSAGE][PASSED] - Object: 'Object Repository/Final Object Repo/Page_Update Employer Information/Page_Update Employer Information UO (Approve)/Save  Continue in Update Employer Information Page' is clicked on

2018-12-10 10:09:08 - [TEST_STEP][PASSED] - delay: Delayed 2 second(s)

2018-12-10 10:09:10 - [MESSAGE][PASSED] - Delayed 2 second(s)

2018-12-10 10:09:10 - [TEST_STEP][PASSED] - click: Object: 'Object Repository/Final Object Repo/Page_Update Employer Information/Page_Update Employer Information UO (Approve)/Save  Continue in Uploading Supporting Document Page' is clicked on

2018-12-10 10:09:13 - [MESSAGE][PASSED] - Object: 'Object Repository/Final Object Repo/Page_Update Employer Information/Page_Update Employer Information UO (Approve)/Save  Continue in Uploading Supporting Document Page' is clicked on

2018-12-10 10:09:13 - [TEST_STEP][PASSED] - delay: Delayed 2 second(s)

2018-12-10 10:09:15 - [MESSAGE][PASSED] - Delayed 2 second(s)

2018-12-10 10:09:15 - [TEST_STEP][PASSED] - click: Object: 'Object Repository/Final Object Repo/Page_Update Employer Information/Page_Update Employer Information UO (Approve)/Approve' is clicked on

2018-12-10 10:09:17 - [MESSAGE][PASSED] - Object: 'Object Repository/Final Object Repo/Page_Update Employer Information/Page_Update Employer Information UO (Approve)/Approve' is clicked on

2018-12-10 10:09:17 - [TEST_STEP][PASSED] - delay: Delayed 2 second(s)

2018-12-10 10:09:19 - [MESSAGE][PASSED] - Delayed 2 second(s)

2018-12-10 10:09:19 - [TEST_STEP][PASSED] - click: Object: 'Object Repository/Final Object Repo/Page_Update Employer Information/Page_Update Employer Information UO (Approve)/Confirm' is clicked on

2018-12-10 10:09:19 - [MESSAGE][PASSED] - Object: 'Object Repository/Final Object Repo/Page_Update Employer Information/Page_Update Employer Information UO (Approve)/Confirm' is clicked on

2018-12-10 10:09:19 - [TEST_STEP][PASSED] - delay: Delayed 2 second(s)

2018-12-10 10:09:21 - [MESSAGE][PASSED] - Delayed 2 second(s)

2018-12-10 10:09:21 - [TEST_STEP][PASSED] - verifyElementVisible: Object 'Object Repository/Final Object Repo/Page_Update Employer Information/Page_Update Employer Information UO (Approve)/Message Your Request' is visible

2018-12-10 10:09:29 - [MESSAGE][PASSED] - Object 'Object Repository/Final Object Repo/Page_Update Employer Information/Page_Update Employer Information UO (Approve)/Message Your Request' is visible

2018-12-10 10:09:29 - [TEST_STEP][PASSED] - verifyElementVisible: Object 'Object Repository/Final Object Repo/Page_Update Employer Information/Page_Update Employer Information UO (Approve)/Letter of successful update' is visible

2018-12-10 10:09:30 - [MESSAGE][PASSED] - Object 'Object Repository/Final Object Repo/Page_Update Employer Information/Page_Update Employer Information UO (Approve)/Letter of successful update' is visible

2018-12-10 10:09:30 - [MESSAGE][PASSED] - Call Test Case 'Test Cases/Final Aug 2018 - PKS Automation/Registration Module/Workflow/Update Employer Information/Template/Update Employer Information - Special Case - UO (Query)' successfully]]></system-out>
         <system-err><![CDATA[]]></system-err>
      </testcase>
      <testcase name="Test Cases/Final Aug 2018 - PKS Automation/Registration Module/Workflow/Update Employer Information/OTC - UO (Reject)" classname="Test Cases/Final Aug 2018 - PKS Automation/Registration Module/Workflow/Update Employer Information/OTC - UO (Reject)" status="PASSED">
         <system-out><![CDATA[2018-12-10 10:09:30 - [TEST_CASE][PASSED] - Test Cases/Final Aug 2018 - PKS Automation/Registration Module/Workflow/Update Employer Information/OTC - UO (Reject): Test Cases/Final Aug 2018 - PKS Automation/Registration Module/Workflow/Update Employer Information/OTC - UO (Reject)

2018-12-10 10:09:30 - [TEST_STEP][PASSED] - callTestCase: Call Test Case 'Test Cases/Final Aug 2018 - PKS Automation/Registration Module/Workflow/Update Employer Information/Template/Update Employer Information - Special Case (OTC)' successfully

2018-12-10 10:09:30 - [TEST_CASE][PASSED] - Test Cases/Final Aug 2018 - PKS Automation/Registration Module/Workflow/Update Employer Information/Template/Update Employer Information - Special Case (OTC): Test Cases/Final Aug 2018 - PKS Automation/Registration Module/Workflow/Update Employer Information/Template/Update Employer Information - Special Case (OTC)

2018-12-10 10:09:30 - [TEST_STEP][PASSED] - openBrowser: Browser is opened with url: ''

2018-12-10 10:09:30 - [MESSAGE][WARNING] - A browser is already opened. Closing browser and opening a new one

2018-12-10 10:09:33 - [MESSAGE][PASSED] - Browser is opened with url: ''

2018-12-10 10:09:33 - [TEST_STEP][PASSED] - navigateToUrl: Navigate to 'https://assist2-uat.perkeso.gov.my/login' successfully

2018-12-10 10:09:34 - [MESSAGE][PASSED] - Navigate to 'https://assist2-uat.perkeso.gov.my/login' successfully

2018-12-10 10:09:34 - [TEST_STEP][PASSED] - setText: Text 'johorotc1@gmail.com' is set on object 'Object Repository/Final Object Repo/Login Page/Internal User/Email Address'

2018-12-10 10:09:34 - [MESSAGE][PASSED] - Text 'johorotc1@gmail.com' is set on object 'Object Repository/Final Object Repo/Login Page/Internal User/Email Address'

2018-12-10 10:09:34 - [TEST_STEP][PASSED] - click: Object: 'Object Repository/Final Object Repo/Login Page/Internal User/Next Button' is clicked on

2018-12-10 10:09:34 - [MESSAGE][PASSED] - Object: 'Object Repository/Final Object Repo/Login Page/Internal User/Next Button' is clicked on

2018-12-10 10:09:34 - [TEST_STEP][PASSED] - delay: Delayed 1 second(s)

2018-12-10 10:09:35 - [MESSAGE][PASSED] - Delayed 1 second(s)

2018-12-10 10:09:35 - [TEST_STEP][PASSED] - setEncryptedText: Text ****** has been set on object 'Object Repository/Final Object Repo/Login Page/Internal User/Password'

2018-12-10 10:09:36 - [MESSAGE][PASSED] - Text ****** has been set on object 'Object Repository/Final Object Repo/Login Page/Internal User/Password'

2018-12-10 10:09:36 - [TEST_STEP][PASSED] - click: Object: 'Object Repository/Final Object Repo/Login Page/Internal User/Login Button' is clicked on

2018-12-10 10:09:36 - [MESSAGE][PASSED] - Object: 'Object Repository/Final Object Repo/Login Page/Internal User/Login Button' is clicked on

2018-12-10 10:09:36 - [TEST_STEP][PASSED] - Statement - tester = com.kms.katalon.core.testobject.ObjectRepository.findTestObject(Final Object Repo/Landing Page/Select to English): Finding Test Object with id 'Object Repository/Final Object Repo/Landing Page/Select to English'

2018-12-10 10:09:36 - [TEST_STEP][PASSED] - Statement - Try: Delayed 2 second(s)

2018-12-10 10:09:36 - [TEST_STEP][PASSED] - Statement - Checker = com.kms.katalon.core.webui.keyword.WebUiBuiltInKeywords.verifyElementNotPresent(tester, 3): Web element with id: 'Object Repository/Final Object Repo/Landing Page/Select to English' located by 'By.xpath: //a[@class = 'taglib-language-list-text' and @lang = 'en-US' and (contains(text(), 'EN') or contains(., 'EN'))]' is not present after '3' second(s)

2018-12-10 10:09:38 - [MESSAGE][PASSED] - Web element with id: 'Object Repository/Final Object Repo/Landing Page/Select to English' located by 'By.xpath: //a[@class = 'taglib-language-list-text' and @lang = 'en-US' and (contains(text(), 'EN') or contains(., 'EN'))]' is not present after '3' second(s)

2018-12-10 10:09:38 - [TEST_STEP][PASSED] - Statement - If (Checker == false): null

2018-12-10 10:09:38 - [TEST_STEP][PASSED] - delay: Delayed 2 second(s)

2018-12-10 10:09:40 - [MESSAGE][PASSED] - Delayed 2 second(s)

2018-12-10 10:09:40 - [TEST_STEP][PASSED] - delay: Delayed 5 second(s)

2018-12-10 10:09:45 - [MESSAGE][PASSED] - Delayed 5 second(s)

2018-12-10 10:09:45 - [TEST_STEP][PASSED] - navigateToUrl: Navigate to 'https://assist2-uat.perkeso.gov.my/web/registration/update/update-employer-information' successfully

2018-12-10 10:09:46 - [MESSAGE][PASSED] - Navigate to 'https://assist2-uat.perkeso.gov.my/web/registration/update/update-employer-information' successfully

2018-12-10 10:09:46 - [TEST_STEP][PASSED] - setText: Text 'E1102001065V ' is set on object 'Object Repository/Final Object Repo/Page_Update Employer Information/Employer Code'

2018-12-10 10:09:46 - [MESSAGE][PASSED] - Text 'E1102001065V ' is set on object 'Object Repository/Final Object Repo/Page_Update Employer Information/Employer Code'

2018-12-10 10:09:46 - [TEST_STEP][PASSED] - click: Object: 'Object Repository/Final Object Repo/Page_Update Employer Information/Search Button' is clicked on

2018-12-10 10:09:46 - [MESSAGE][PASSED] - Object: 'Object Repository/Final Object Repo/Page_Update Employer Information/Search Button' is clicked on

2018-12-10 10:09:46 - [TEST_STEP][PASSED] - click: Object: 'Object Repository/Final Object Repo/Page_Update Employer Information/Edit Button' is clicked on

2018-12-10 10:09:50 - [MESSAGE][PASSED] - Object: 'Object Repository/Final Object Repo/Page_Update Employer Information/Edit Button' is clicked on

2018-12-10 10:09:50 - [TEST_STEP][PASSED] - click: Object: 'Object Repository/Final Object Repo/Page_Update Employer Information/Business Entity' is clicked on

2018-12-10 10:09:50 - [MESSAGE][PASSED] - Object: 'Object Repository/Final Object Repo/Page_Update Employer Information/Business Entity' is clicked on

2018-12-10 10:09:50 - [TEST_STEP][PASSED] - Statement - CurrentBusinessEntity = "": null

2018-12-10 10:09:50 - [TEST_STEP][PASSED] - Statement - CurrentBusinessEntity = com.kms.katalon.core.webui.keyword.WebUiBuiltInKeywords.getText(com.kms.katalon.core.testobject.ObjectRepository.findTestObject(Final Object Repo/Page_Update Employer Information/Current Business Entity)): Text of object 'Object Repository/Final Object Repo/Page_Update Employer Information/Current Business Entity' is: 'Others'

2018-12-10 10:09:50 - [MESSAGE][PASSED] - Text of object 'Object Repository/Final Object Repo/Page_Update Employer Information/Current Business Entity' is: 'Others'

2018-12-10 10:09:50 - [TEST_STEP][PASSED] - Statement - out.println(CurrentBusinessEntity): null

2018-12-10 10:09:50 - [TEST_STEP][PASSED] - Statement - If (CurrentBusinessEntity == "Corporation"): null

2018-12-10 10:09:50 - [TEST_STEP][PASSED] - Statement - Else If (CurrentBusinessEntity == "Partnership"): null

2018-12-10 10:09:50 - [TEST_STEP][PASSED] - Statement - Else If (CurrentBusinessEntity == "Sole Proprietor / Individual Business"): null

2018-12-10 10:09:50 - [TEST_STEP][PASSED] - Statement - Else If (CurrentBusinessEntity == "Others"): Delayed 3 second(s)

2018-12-10 10:09:50 - [TEST_STEP][PASSED] - Statement - obj = com.kms.katalon.core.webui.keyword.WebUiBuiltInKeywords.modifyObjectProperty(com.kms.katalon.core.testobject.ObjectRepository.findTestObject(Final Object Repo/Page_Update Employer Information/change to this Business Entity), "xpath", "equals", "//ul/li/span[contains(text(),"Partnership")]", true, STOP_ON_FAILURE): Modify property of object successfully

2018-12-10 10:09:50 - [MESSAGE][PASSED] - Modify property of object successfully

2018-12-10 10:09:50 - [TEST_STEP][PASSED] - click: Object: 'Object Repository/Final Object Repo/Page_Update Employer Information/change to this Business Entity' is clicked on

2018-12-10 10:09:50 - [MESSAGE][PASSED] - Object: 'Object Repository/Final Object Repo/Page_Update Employer Information/change to this Business Entity' is clicked on

2018-12-10 10:09:50 - [TEST_STEP][PASSED] - delay: Delayed 1 second(s)

2018-12-10 10:09:51 - [MESSAGE][PASSED] - Delayed 1 second(s)

2018-12-10 10:09:51 - [TEST_STEP][PASSED] - click: Object: 'Object Repository/Final Object Repo/Page_Update Employer Information/Sub Business Entity' is clicked on

2018-12-10 10:09:51 - [MESSAGE][PASSED] - Object: 'Object Repository/Final Object Repo/Page_Update Employer Information/Sub Business Entity' is clicked on

2018-12-10 10:09:51 - [TEST_STEP][PASSED] - click: Object: 'Object Repository/Final Object Repo/Page_Update Employer Information/Sub Business Entity - Partnership - Registered With other Agencies' is clicked on

2018-12-10 10:09:52 - [MESSAGE][PASSED] - Object: 'Object Repository/Final Object Repo/Page_Update Employer Information/Sub Business Entity - Partnership - Registered With other Agencies' is clicked on

2018-12-10 10:09:52 - [TEST_STEP][PASSED] - delay: Delayed 3 second(s)

2018-12-10 10:09:55 - [MESSAGE][PASSED] - Delayed 3 second(s)

2018-12-10 10:09:55 - [TEST_STEP][PASSED] - delay: Delayed 4 second(s)

2018-12-10 10:09:59 - [MESSAGE][PASSED] - Delayed 4 second(s)

2018-12-10 10:09:59 - [TEST_STEP][PASSED] - click: Object: 'Object Repository/Final Object Repo/Page_Update Employer Information/Save  Continue' is clicked on

2018-12-10 10:09:59 - [MESSAGE][PASSED] - Object: 'Object Repository/Final Object Repo/Page_Update Employer Information/Save  Continue' is clicked on

2018-12-10 10:09:59 - [TEST_STEP][PASSED] - delay: Delayed 4 second(s)

2018-12-10 10:10:03 - [MESSAGE][PASSED] - Delayed 4 second(s)

2018-12-10 10:10:03 - [TEST_STEP][PASSED] - click: Object: 'Object Repository/Final Object Repo/Page_Update Employer Information/Save  Continue (1)' is clicked on

2018-12-10 10:10:03 - [MESSAGE][PASSED] - Object: 'Object Repository/Final Object Repo/Page_Update Employer Information/Save  Continue (1)' is clicked on

2018-12-10 10:10:03 - [TEST_STEP][PASSED] - delay: Delayed 4 second(s)

2018-12-10 10:10:07 - [MESSAGE][PASSED] - Delayed 4 second(s)

2018-12-10 10:10:07 - [TEST_STEP][PASSED] - Statement - CaseReferenceNo = com.kms.katalon.core.webui.keyword.WebUiBuiltInKeywords.getText(com.kms.katalon.core.testobject.ObjectRepository.findTestObject(Final Object Repo/Page_Update Employer Information/Reference Number in Update Employee Information Page)): Text of object 'Object Repository/Final Object Repo/Page_Update Employer Information/Reference Number in Update Employee Information Page' is: 'CUN122018C100005926'

2018-12-10 10:10:07 - [MESSAGE][PASSED] - Text of object 'Object Repository/Final Object Repo/Page_Update Employer Information/Reference Number in Update Employee Information Page' is: 'CUN122018C100005926'

2018-12-10 10:10:07 - [TEST_STEP][PASSED] - callTestCase: Call Test Case 'Test Cases/Final Aug 2018 - PKS Automation/Common/Reference Number Setter' successfully

2018-12-10 10:10:07 - [TEST_CASE][PASSED] - Test Cases/Final Aug 2018 - PKS Automation/Common/Reference Number Setter: Test Cases/Final Aug 2018 - PKS Automation/Common/Reference Number Setter

2018-12-10 10:10:07 - [TEST_STEP][PASSED] - Statement - RefNoOldFile = new java.io.File(C://Users//Admin//Desktop//PKS//Automation Reference Point//KatalonReference.txt): null

2018-12-10 10:10:07 - [TEST_STEP][PASSED] - Statement - RefNoOldFile.delete(): null

2018-12-10 10:10:07 - [TEST_STEP][PASSED] - delay: Delayed 5 second(s)

2018-12-10 10:10:12 - [MESSAGE][PASSED] - Delayed 5 second(s)

2018-12-10 10:10:12 - [TEST_STEP][PASSED] - Statement - RefNo = new java.io.File(C://Users//Admin//Desktop//PKS//Automation Reference Point//KatalonReference.txt): null

2018-12-10 10:10:12 - [TEST_STEP][PASSED] - Statement - f2 = new java.io.FileWriter(RefNo, false): null

2018-12-10 10:10:12 - [TEST_STEP][PASSED] - Statement - f2.write(CaseReferenceNo): null

2018-12-10 10:10:12 - [TEST_STEP][PASSED] - Statement - f2.close(): null

2018-12-10 10:10:12 - [TEST_STEP][PASSED] - Statement - out.println("


" + CaseReferenceNo + "


"): null

2018-12-10 10:10:12 - [MESSAGE][PASSED] - Call Test Case 'Test Cases/Final Aug 2018 - PKS Automation/Common/Reference Number Setter' successfully

2018-12-10 10:10:12 - [TEST_STEP][PASSED] - delay: Delayed 4 second(s)

2018-12-10 10:10:16 - [MESSAGE][PASSED] - Delayed 4 second(s)

2018-12-10 10:10:16 - [TEST_STEP][PASSED] - click: Object: 'Object Repository/Final Object Repo/Page_Update Employer Information/Submit - Copy' is clicked on

2018-12-10 10:10:17 - [MESSAGE][PASSED] - Object: 'Object Repository/Final Object Repo/Page_Update Employer Information/Submit - Copy' is clicked on

2018-12-10 10:10:17 - [TEST_STEP][PASSED] - delay: Delayed 2 second(s)

2018-12-10 10:10:19 - [MESSAGE][PASSED] - Delayed 2 second(s)

2018-12-10 10:10:19 - [TEST_STEP][PASSED] - click: Object: 'Object Repository/Final Object Repo/Page_Update Employer Information/Confirm' is clicked on

2018-12-10 10:10:19 - [MESSAGE][PASSED] - Object: 'Object Repository/Final Object Repo/Page_Update Employer Information/Confirm' is clicked on

2018-12-10 10:10:19 - [TEST_STEP][PASSED] - delay: Delayed 2 second(s)

2018-12-10 10:10:21 - [MESSAGE][PASSED] - Delayed 2 second(s)

2018-12-10 10:10:21 - [TEST_STEP][PASSED] - click: Object: 'Object Repository/Final Object Repo/Page_Update Employer Information/Message Your Request will be route' is clicked on

2018-12-10 10:10:23 - [MESSAGE][PASSED] - Object: 'Object Repository/Final Object Repo/Page_Update Employer Information/Message Your Request will be route' is clicked on

2018-12-10 10:10:23 - [MESSAGE][PASSED] - Call Test Case 'Test Cases/Final Aug 2018 - PKS Automation/Registration Module/Workflow/Update Employer Information/Template/Update Employer Information - Special Case (OTC)' successfully

2018-12-10 10:10:23 - [TEST_STEP][PASSED] - callTestCase: Call Test Case 'Test Cases/Final Aug 2018 - PKS Automation/Registration Module/Workflow/Update Employer Information/Template/Update Employer Information - Special Case - UO (Reject)' successfully

2018-12-10 10:10:23 - [TEST_CASE][PASSED] - Test Cases/Final Aug 2018 - PKS Automation/Registration Module/Workflow/Update Employer Information/Template/Update Employer Information - Special Case - UO (Reject): Test Cases/Final Aug 2018 - PKS Automation/Registration Module/Workflow/Update Employer Information/Template/Update Employer Information - Special Case - UO (Reject)

2018-12-10 10:10:23 - [TEST_STEP][NOT_RUN] - callTestCase: NOT_RUN: callTestCase

2018-12-10 10:10:23 - [MESSAGE][NOT_RUN] - NOT_RUN: callTestCase

2018-12-10 10:10:23 - [TEST_STEP][PASSED] - delay: Delayed 1 second(s)

2018-12-10 10:10:24 - [MESSAGE][PASSED] - Delayed 1 second(s)

2018-12-10 10:10:24 - [TEST_STEP][PASSED] - navigateToUrl: Navigate to 'https://assist2-uat.perkeso.gov.my/c/portal/logout' successfully

2018-12-10 10:10:25 - [MESSAGE][PASSED] - Navigate to 'https://assist2-uat.perkeso.gov.my/c/portal/logout' successfully

2018-12-10 10:10:25 - [TEST_STEP][PASSED] - delay: Delayed 1 second(s)

2018-12-10 10:10:26 - [MESSAGE][PASSED] - Delayed 1 second(s)

2018-12-10 10:10:26 - [TEST_STEP][PASSED] - callTestCase: Call Test Case 'Test Cases/Final Aug 2018 - PKS Automation/Common/Reference Number Getter' successfully

2018-12-10 10:10:26 - [TEST_CASE][PASSED] - Test Cases/Final Aug 2018 - PKS Automation/Common/Reference Number Getter: Test Cases/Final Aug 2018 - PKS Automation/Common/Reference Number Getter

2018-12-10 10:10:26 - [TEST_STEP][PASSED] - Statement - Try: null

2018-12-10 10:10:26 - [TEST_STEP][PASSED] - Statement - RefNo = new java.io.File(C://Users//Admin//Desktop//PKS//Automation Reference Point//KatalonReference.txt): null

2018-12-10 10:10:26 - [TEST_STEP][PASSED] - Statement - bufferread = new java.io.BufferedReader(new java.io.FileReader(RefNo)): null

2018-12-10 10:10:26 - [TEST_STEP][PASSED] - Statement - readedVal = bufferread.readLine(): null

2018-12-10 10:10:26 - [TEST_STEP][PASSED] - Statement - out.println(CaseReferenceNo): null

2018-12-10 10:10:26 - [TEST_STEP][PASSED] - Statement - out.println(readedVal): null

2018-12-10 10:10:26 - [TEST_STEP][PASSED] - Statement - CaseReferenceNo = "": null

2018-12-10 10:10:26 - [TEST_STEP][PASSED] - Statement - CaseReferenceNo = readedVal: null

2018-12-10 10:10:26 - [MESSAGE][PASSED] - Call Test Case 'Test Cases/Final Aug 2018 - PKS Automation/Common/Reference Number Getter' successfully

2018-12-10 10:10:26 - [TEST_STEP][PASSED] - callTestCase: Call Test Case 'Test Cases/Final Aug 2018 - PKS Automation/Common/Workflow Owner Finder' successfully

2018-12-10 10:10:26 - [TEST_CASE][PASSED] - Test Cases/Final Aug 2018 - PKS Automation/Common/Workflow Owner Finder: Test Cases/Final Aug 2018 - PKS Automation/Common/Workflow Owner Finder

2018-12-10 10:10:26 - [TEST_STEP][PASSED] - openBrowser: Browser is opened with url: ''

2018-12-10 10:10:26 - [MESSAGE][WARNING] - A browser is already opened. Closing browser and opening a new one

2018-12-10 10:10:29 - [MESSAGE][PASSED] - Browser is opened with url: ''

2018-12-10 10:10:29 - [TEST_STEP][PASSED] - navigateToUrl: Navigate to 'https://assist2-uat.perkeso.gov.my/login' successfully

2018-12-10 10:10:30 - [MESSAGE][PASSED] - Navigate to 'https://assist2-uat.perkeso.gov.my/login' successfully

2018-12-10 10:10:30 - [TEST_STEP][PASSED] - delay: Delayed 5 second(s)

2018-12-10 10:10:35 - [MESSAGE][PASSED] - Delayed 5 second(s)

2018-12-10 10:10:35 - [TEST_STEP][PASSED] - setText: Text 'test@liferay.com' is set on object 'Object Repository/Final Object Repo/Login Page/Internal User/Email Address'

2018-12-10 10:10:35 - [MESSAGE][PASSED] - Text 'test@liferay.com' is set on object 'Object Repository/Final Object Repo/Login Page/Internal User/Email Address'

2018-12-10 10:10:35 - [TEST_STEP][PASSED] - click: Object: 'Object Repository/Final Object Repo/Login Page/Internal User/Next Button' is clicked on

2018-12-10 10:10:35 - [MESSAGE][PASSED] - Object: 'Object Repository/Final Object Repo/Login Page/Internal User/Next Button' is clicked on

2018-12-10 10:10:35 - [TEST_STEP][PASSED] - delay: Delayed 2 second(s)

2018-12-10 10:10:37 - [MESSAGE][PASSED] - Delayed 2 second(s)

2018-12-10 10:10:37 - [TEST_STEP][PASSED] - setText: Text 'test' is set on object 'Object Repository/Final Object Repo/Login Page/Internal User/Password'

2018-12-10 10:10:38 - [MESSAGE][PASSED] - Text 'test' is set on object 'Object Repository/Final Object Repo/Login Page/Internal User/Password'

2018-12-10 10:10:38 - [TEST_STEP][PASSED] - delay: Delayed 2 second(s)

2018-12-10 10:10:40 - [MESSAGE][PASSED] - Delayed 2 second(s)

2018-12-10 10:10:40 - [TEST_STEP][PASSED] - click: Object: 'Object Repository/Final Object Repo/Login Page/Internal User/Login Button' is clicked on

2018-12-10 10:10:40 - [MESSAGE][PASSED] - Object: 'Object Repository/Final Object Repo/Login Page/Internal User/Login Button' is clicked on

2018-12-10 10:10:40 - [TEST_STEP][PASSED] - Statement - tester = com.kms.katalon.core.testobject.ObjectRepository.findTestObject(Final Object Repo/Landing Page/Select to English): Finding Test Object with id 'Object Repository/Final Object Repo/Landing Page/Select to English'

2018-12-10 10:10:40 - [TEST_STEP][PASSED] - Statement - Try: Delayed 2 second(s)

2018-12-10 10:10:40 - [TEST_STEP][PASSED] - Statement - Checker = com.kms.katalon.core.webui.keyword.WebUiBuiltInKeywords.verifyElementNotPresent(tester, 3): Web element with id: 'Object Repository/Final Object Repo/Landing Page/Select to English' located by 'By.xpath: //a[@class = 'taglib-language-list-text' and @lang = 'en-US' and (contains(text(), 'EN') or contains(., 'EN'))]' is not present after '3' second(s)

2018-12-10 10:10:42 - [MESSAGE][PASSED] - Web element with id: 'Object Repository/Final Object Repo/Landing Page/Select to English' located by 'By.xpath: //a[@class = 'taglib-language-list-text' and @lang = 'en-US' and (contains(text(), 'EN') or contains(., 'EN'))]' is not present after '3' second(s)

2018-12-10 10:10:42 - [TEST_STEP][PASSED] - Statement - If (Checker == false): null

2018-12-10 10:10:42 - [TEST_STEP][PASSED] - delay: Delayed 2 second(s)

2018-12-10 10:10:44 - [MESSAGE][PASSED] - Delayed 2 second(s)

2018-12-10 10:10:44 - [TEST_STEP][PASSED] - delay: Delayed 5 second(s)

2018-12-10 10:10:49 - [MESSAGE][PASSED] - Delayed 5 second(s)

2018-12-10 10:10:49 - [TEST_STEP][PASSED] - mouseOver: Object: 'Object Repository/Final Object Repo/Landing Page/WorkFlow Menu' is hovered

2018-12-10 10:10:49 - [MESSAGE][PASSED] - Object: 'Object Repository/Final Object Repo/Landing Page/WorkFlow Menu' is hovered

2018-12-10 10:10:49 - [TEST_STEP][PASSED] - delay: Delayed 2 second(s)

2018-12-10 10:10:51 - [MESSAGE][PASSED] - Delayed 2 second(s)

2018-12-10 10:10:51 - [TEST_STEP][PASSED] - click: Object: 'Object Repository/Final Object Repo/Landing Page/Select to Workflow Listing' is clicked on

2018-12-10 10:10:52 - [MESSAGE][PASSED] - Object: 'Object Repository/Final Object Repo/Landing Page/Select to Workflow Listing' is clicked on

2018-12-10 10:10:52 - [TEST_STEP][PASSED] - delay: Delayed 2 second(s)

2018-12-10 10:10:54 - [MESSAGE][PASSED] - Delayed 2 second(s)

2018-12-10 10:10:54 - [TEST_STEP][PASSED] - click: Object: 'Object Repository/Final Object Repo/WorkFlow Listing Page/Search Information - To Put Ref No' is clicked on

2018-12-10 10:10:55 - [MESSAGE][PASSED] - Object: 'Object Repository/Final Object Repo/WorkFlow Listing Page/Search Information - To Put Ref No' is clicked on

2018-12-10 10:10:55 - [TEST_STEP][PASSED] - delay: Delayed 2 second(s)

2018-12-10 10:10:57 - [MESSAGE][PASSED] - Delayed 2 second(s)

2018-12-10 10:10:57 - [TEST_STEP][PASSED] - callTestCase: Call Test Case 'Test Cases/Final Aug 2018 - PKS Automation/Common/Reference Number Getter' successfully

2018-12-10 10:10:57 - [TEST_CASE][PASSED] - Test Cases/Final Aug 2018 - PKS Automation/Common/Reference Number Getter: Test Cases/Final Aug 2018 - PKS Automation/Common/Reference Number Getter

2018-12-10 10:10:57 - [TEST_STEP][PASSED] - Statement - Try: null

2018-12-10 10:10:57 - [TEST_STEP][PASSED] - Statement - RefNo = new java.io.File(C://Users//Admin//Desktop//PKS//Automation Reference Point//KatalonReference.txt): null

2018-12-10 10:10:57 - [TEST_STEP][PASSED] - Statement - bufferread = new java.io.BufferedReader(new java.io.FileReader(RefNo)): null

2018-12-10 10:10:57 - [TEST_STEP][PASSED] - Statement - readedVal = bufferread.readLine(): null

2018-12-10 10:10:57 - [TEST_STEP][PASSED] - Statement - out.println(CaseReferenceNo): null

2018-12-10 10:10:57 - [TEST_STEP][PASSED] - Statement - out.println(readedVal): null

2018-12-10 10:10:57 - [TEST_STEP][PASSED] - Statement - CaseReferenceNo = "": null

2018-12-10 10:10:57 - [TEST_STEP][PASSED] - Statement - CaseReferenceNo = readedVal: null

2018-12-10 10:10:57 - [MESSAGE][PASSED] - Call Test Case 'Test Cases/Final Aug 2018 - PKS Automation/Common/Reference Number Getter' successfully

2018-12-10 10:10:57 - [TEST_STEP][PASSED] - setText: Text 'CUN122018C100005926' is set on object 'Object Repository/Final Object Repo/WorkFlow Listing Page/Ref No Set Text'

2018-12-10 10:10:57 - [MESSAGE][PASSED] - Text 'CUN122018C100005926' is set on object 'Object Repository/Final Object Repo/WorkFlow Listing Page/Ref No Set Text'

2018-12-10 10:10:57 - [TEST_STEP][PASSED] - delay: Delayed 2 second(s)

2018-12-10 10:10:59 - [MESSAGE][PASSED] - Delayed 2 second(s)

2018-12-10 10:10:59 - [TEST_STEP][PASSED] - click: Object: 'Object Repository/Final Object Repo/WorkFlow Listing Page/Search Ref No Search Button' is clicked on

2018-12-10 10:10:59 - [MESSAGE][PASSED] - Object: 'Object Repository/Final Object Repo/WorkFlow Listing Page/Search Ref No Search Button' is clicked on

2018-12-10 10:10:59 - [TEST_STEP][PASSED] - delay: Delayed 6 second(s)

2018-12-10 10:11:05 - [MESSAGE][PASSED] - Delayed 6 second(s)

2018-12-10 10:11:05 - [TEST_STEP][PASSED] - click: Object: 'Object Repository/Final Object Repo/WorkFlow Listing Page/Click Continue Tooltip' is clicked on

2018-12-10 10:11:06 - [MESSAGE][PASSED] - Object: 'Object Repository/Final Object Repo/WorkFlow Listing Page/Click Continue Tooltip' is clicked on

2018-12-10 10:11:06 - [TEST_STEP][PASSED] - delay: Delayed 5 second(s)

2018-12-10 10:11:11 - [MESSAGE][PASSED] - Delayed 5 second(s)

2018-12-10 10:11:11 - [TEST_STEP][PASSED] - doubleClick: Object: 'Object Repository/Final Object Repo/WorkFlow Listing Page/Workflow Found - Listing 1' is double clicked on

2018-12-10 10:11:11 - [MESSAGE][PASSED] - Object: 'Object Repository/Final Object Repo/WorkFlow Listing Page/Workflow Found - Listing 1' is double clicked on

2018-12-10 10:11:11 - [TEST_STEP][PASSED] - Statement - println(OwnerID): null

2018-12-10 10:11:11 - [TEST_STEP][PASSED] - Statement - OwnerID = com.kms.katalon.core.webui.keyword.WebUiBuiltInKeywords.getText(com.kms.katalon.core.testobject.ObjectRepository.findTestObject(Final Object Repo/WorkFlow Listing Page/Workflow Found - Listing 1), STOP_ON_FAILURE): Text of object 'Object Repository/Final Object Repo/WorkFlow Listing Page/Workflow Found - Listing 1' is: 'JOHORuo2'

2018-12-10 10:11:11 - [MESSAGE][PASSED] - Text of object 'Object Repository/Final Object Repo/WorkFlow Listing Page/Workflow Found - Listing 1' is: 'JOHORuo2'

2018-12-10 10:11:12 - [TEST_STEP][PASSED] - Statement - OwnerID = OwnerID.toLowerCase() + "@gmail.com": null

2018-12-10 10:11:12 - [TEST_STEP][PASSED] - Statement - println(OwnerID): null

2018-12-10 10:11:12 - [TEST_STEP][PASSED] - delay: Delayed 2 second(s)

2018-12-10 10:11:14 - [MESSAGE][PASSED] - Delayed 2 second(s)

2018-12-10 10:11:14 - [MESSAGE][PASSED] - Call Test Case 'Test Cases/Final Aug 2018 - PKS Automation/Common/Workflow Owner Finder' successfully

2018-12-10 10:11:14 - [TEST_STEP][PASSED] - delay: Delayed 1 second(s)

2018-12-10 10:11:15 - [MESSAGE][PASSED] - Delayed 1 second(s)

2018-12-10 10:11:15 - [TEST_STEP][PASSED] - navigateToUrl: Navigate to 'https://assist2-uat.perkeso.gov.my/c/portal/logout' successfully

2018-12-10 10:11:15 - [MESSAGE][PASSED] - Navigate to 'https://assist2-uat.perkeso.gov.my/c/portal/logout' successfully

2018-12-10 10:11:15 - [TEST_STEP][PASSED] - delay: Delayed 1 second(s)

2018-12-10 10:11:16 - [MESSAGE][PASSED] - Delayed 1 second(s)

2018-12-10 10:11:16 - [TEST_STEP][PASSED] - callTestCase: Call Test Case 'Test Cases/Final Aug 2018 - PKS Automation/Registration Module/Workflow/Login and Search Case For Workflow' successfully

2018-12-10 10:11:16 - [TEST_CASE][PASSED] - Test Cases/Final Aug 2018 - PKS Automation/Registration Module/Workflow/Login and Search Case For Workflow: Test Cases/Final Aug 2018 - PKS Automation/Registration Module/Workflow/Login and Search Case For Workflow

2018-12-10 10:11:16 - [TEST_STEP][PASSED] - navigateToUrl: Navigate to 'https://assist2-uat.perkeso.gov.my/login' successfully

2018-12-10 10:11:17 - [MESSAGE][PASSED] - Navigate to 'https://assist2-uat.perkeso.gov.my/login' successfully

2018-12-10 10:11:17 - [TEST_STEP][PASSED] - setText: Text 'johoruo2@gmail.com' is set on object 'Object Repository/Final Object Repo/Login Page/Internal User/Email Address'

2018-12-10 10:11:17 - [MESSAGE][PASSED] - Text 'johoruo2@gmail.com' is set on object 'Object Repository/Final Object Repo/Login Page/Internal User/Email Address'

2018-12-10 10:11:17 - [TEST_STEP][PASSED] - click: Object: 'Object Repository/Final Object Repo/Login Page/Internal User/Next Button' is clicked on

2018-12-10 10:11:17 - [MESSAGE][PASSED] - Object: 'Object Repository/Final Object Repo/Login Page/Internal User/Next Button' is clicked on

2018-12-10 10:11:17 - [TEST_STEP][PASSED] - delay: Delayed 1 second(s)

2018-12-10 10:11:18 - [MESSAGE][PASSED] - Delayed 1 second(s)

2018-12-10 10:11:18 - [TEST_STEP][PASSED] - setEncryptedText: Text ****** has been set on object 'Object Repository/Final Object Repo/Login Page/Internal User/Password'

2018-12-10 10:11:19 - [MESSAGE][PASSED] - Text ****** has been set on object 'Object Repository/Final Object Repo/Login Page/Internal User/Password'

2018-12-10 10:11:19 - [TEST_STEP][PASSED] - click: Object: 'Object Repository/Final Object Repo/Login Page/Internal User/Login Button' is clicked on

2018-12-10 10:11:19 - [MESSAGE][PASSED] - Object: 'Object Repository/Final Object Repo/Login Page/Internal User/Login Button' is clicked on

2018-12-10 10:11:19 - [TEST_STEP][PASSED] - delay: Delayed 2 second(s)

2018-12-10 10:11:21 - [MESSAGE][PASSED] - Delayed 2 second(s)

2018-12-10 10:11:21 - [TEST_STEP][PASSED] - Statement - Try: Delayed 2 second(s)

2018-12-10 10:11:21 - [TEST_STEP][PASSED] - Statement - Checker = false: null

2018-12-10 10:11:21 - [TEST_STEP][PASSED] - Statement - Checker = com.kms.katalon.core.webui.keyword.WebUiBuiltInKeywords.verifyElementHasAttribute(com.kms.katalon.core.testobject.ObjectRepository.findTestObject(Final Object Repo/Landing Page/BM Detecting), "href", 20, OPTIONAL): Object 'Object Repository/Final Object Repo/Landing Page/BM Detecting' has attribute 'href'

2018-12-10 10:11:21 - [MESSAGE][PASSED] - Object 'Object Repository/Final Object Repo/Landing Page/BM Detecting' has attribute 'href'

2018-12-10 10:11:21 - [TEST_STEP][PASSED] - Statement - out.println(Checker): null

2018-12-10 10:11:21 - [TEST_STEP][PASSED] - Statement - If (Checker == false): null

2018-12-10 10:11:21 - [TEST_STEP][PASSED] - Statement - Else: null

2018-12-10 10:11:21 - [TEST_STEP][PASSED] - delay: Delayed 2 second(s)

2018-12-10 10:11:23 - [MESSAGE][PASSED] - Delayed 2 second(s)

2018-12-10 10:11:23 - [TEST_STEP][PASSED] - click: Object: 'Object Repository/Final Object Repo/Page_MyASSIST - ASSIST - Search Pending Case For Add Supporting Document/Search Information' is clicked on

2018-12-10 10:11:23 - [MESSAGE][PASSED] - Object: 'Object Repository/Final Object Repo/Page_MyASSIST - ASSIST - Search Pending Case For Add Supporting Document/Search Information' is clicked on

2018-12-10 10:11:23 - [TEST_STEP][PASSED] - delay: Delayed 3 second(s)

2018-12-10 10:11:26 - [MESSAGE][PASSED] - Delayed 3 second(s)

2018-12-10 10:11:26 - [TEST_STEP][PASSED] - sendKeys: Keys 'CUN122018C100005926' sent to object: 'Object Repository/Final Object Repo/Page_MyASSIST - ASSIST - Search Pending Case For Add Supporting Document/Reference No'

2018-12-10 10:11:26 - [MESSAGE][PASSED] - Keys 'CUN122018C100005926' sent to object: 'Object Repository/Final Object Repo/Page_MyASSIST - ASSIST - Search Pending Case For Add Supporting Document/Reference No'

2018-12-10 10:11:26 - [TEST_STEP][PASSED] - click: Object: 'Object Repository/Final Object Repo/Page_MyASSIST - ASSIST - Search Pending Case For Add Supporting Document/Search Reference No' is clicked on

2018-12-10 10:11:27 - [MESSAGE][PASSED] - Object: 'Object Repository/Final Object Repo/Page_MyASSIST - ASSIST - Search Pending Case For Add Supporting Document/Search Reference No' is clicked on

2018-12-10 10:11:27 - [TEST_STEP][PASSED] - delay: Delayed 2 second(s)

2018-12-10 10:11:29 - [MESSAGE][PASSED] - Delayed 2 second(s)

2018-12-10 10:11:29 - [TEST_STEP][PASSED] - click: Object: 'Object Repository/Final Object Repo/Page_MyASSIST - ASSIST - Search Pending Case For Add Supporting Document/Continue' is clicked on

2018-12-10 10:11:33 - [MESSAGE][PASSED] - Object: 'Object Repository/Final Object Repo/Page_MyASSIST - ASSIST - Search Pending Case For Add Supporting Document/Continue' is clicked on

2018-12-10 10:11:33 - [TEST_STEP][PASSED] - delay: Delayed 20 second(s)

2018-12-10 10:11:53 - [MESSAGE][PASSED] - Delayed 20 second(s)

2018-12-10 10:11:53 - [MESSAGE][PASSED] - Call Test Case 'Test Cases/Final Aug 2018 - PKS Automation/Registration Module/Workflow/Login and Search Case For Workflow' successfully

2018-12-10 10:11:53 - [TEST_STEP][PASSED] - delay: Delayed 2 second(s)

2018-12-10 10:11:55 - [MESSAGE][PASSED] - Delayed 2 second(s)

2018-12-10 10:11:55 - [TEST_STEP][PASSED] - click: Object: 'Object Repository/Final Object Repo/Page_Update Employer Information/Page_Update Employer Information UO (Approve)/Continue' is clicked on

2018-12-10 10:11:58 - [MESSAGE][PASSED] - Object: 'Object Repository/Final Object Repo/Page_Update Employer Information/Page_Update Employer Information UO (Approve)/Continue' is clicked on

2018-12-10 10:11:58 - [TEST_STEP][PASSED] - delay: Delayed 2 second(s)

2018-12-10 10:12:00 - [MESSAGE][PASSED] - Delayed 2 second(s)

2018-12-10 10:12:00 - [TEST_STEP][PASSED] - click: Object: 'Object Repository/Final Object Repo/Page_Update Employer Information/Page_Update Employer Information UO (Approve)/Save  Continue in Update Employer Information Page' is clicked on

2018-12-10 10:12:00 - [MESSAGE][PASSED] - Object: 'Object Repository/Final Object Repo/Page_Update Employer Information/Page_Update Employer Information UO (Approve)/Save  Continue in Update Employer Information Page' is clicked on

2018-12-10 10:12:00 - [TEST_STEP][PASSED] - delay: Delayed 2 second(s)

2018-12-10 10:12:02 - [MESSAGE][PASSED] - Delayed 2 second(s)

2018-12-10 10:12:02 - [TEST_STEP][PASSED] - click: Object: 'Object Repository/Final Object Repo/Page_Update Employer Information/Page_Update Employer Information UO (Approve)/Save  Continue in Uploading Supporting Document Page' is clicked on

2018-12-10 10:12:05 - [MESSAGE][PASSED] - Object: 'Object Repository/Final Object Repo/Page_Update Employer Information/Page_Update Employer Information UO (Approve)/Save  Continue in Uploading Supporting Document Page' is clicked on

2018-12-10 10:12:05 - [TEST_STEP][PASSED] - delay: Delayed 2 second(s)

2018-12-10 10:12:07 - [MESSAGE][PASSED] - Delayed 2 second(s)

2018-12-10 10:12:07 - [TEST_STEP][PASSED] - click: Object: 'Object Repository/Final Object Repo/Page_Update Employer Information/Page_Update Employer Information UO (Reject)/Reject' is clicked on

2018-12-10 10:12:08 - [MESSAGE][PASSED] - Object: 'Object Repository/Final Object Repo/Page_Update Employer Information/Page_Update Employer Information UO (Reject)/Reject' is clicked on

2018-12-10 10:12:08 - [TEST_STEP][PASSED] - delay: Delayed 2 second(s)

2018-12-10 10:12:10 - [MESSAGE][PASSED] - Delayed 2 second(s)

2018-12-10 10:12:10 - [TEST_STEP][PASSED] - click: Object: 'Object Repository/Final Object Repo/Page_Update Employer Information/Page_Update Employer Information UO (Reject)/Confirm' is clicked on

2018-12-10 10:12:11 - [MESSAGE][PASSED] - Object: 'Object Repository/Final Object Repo/Page_Update Employer Information/Page_Update Employer Information UO (Reject)/Confirm' is clicked on

2018-12-10 10:12:11 - [TEST_STEP][PASSED] - delay: Delayed 2 second(s)

2018-12-10 10:12:13 - [MESSAGE][PASSED] - Delayed 2 second(s)

2018-12-10 10:12:13 - [TEST_STEP][PASSED] - click: Object: 'Object Repository/Final Object Repo/Page_Update Employer Information/Page_Update Employer Information UO (Reject)/Message This Case has been Rejected' is clicked on

2018-12-10 10:12:14 - [MESSAGE][PASSED] - Object: 'Object Repository/Final Object Repo/Page_Update Employer Information/Page_Update Employer Information UO (Reject)/Message This Case has been Rejected' is clicked on

2018-12-10 10:12:14 - [MESSAGE][PASSED] - Call Test Case 'Test Cases/Final Aug 2018 - PKS Automation/Registration Module/Workflow/Update Employer Information/Template/Update Employer Information - Special Case - UO (Reject)' successfully]]></system-out>
         <system-err><![CDATA[]]></system-err>
      </testcase>
      <testcase name="Test Cases/Final Aug 2018 - PKS Automation/Registration Module/Workflow/Update Employer Information/OTC - UO (Under enforcement)" classname="Test Cases/Final Aug 2018 - PKS Automation/Registration Module/Workflow/Update Employer Information/OTC - UO (Under enforcement)" status="PASSED">
         <system-out><![CDATA[2018-12-10 10:12:14 - [TEST_CASE][PASSED] - Test Cases/Final Aug 2018 - PKS Automation/Registration Module/Workflow/Update Employer Information/OTC - UO (Under enforcement): Test Cases/Final Aug 2018 - PKS Automation/Registration Module/Workflow/Update Employer Information/OTC - UO (Under enforcement)

2018-12-10 10:12:14 - [TEST_STEP][PASSED] - callTestCase: Call Test Case 'Test Cases/Final Aug 2018 - PKS Automation/Registration Module/Workflow/Update Employer Information/Template/Update Employer Information - Special Case (OTC)' successfully

2018-12-10 10:12:15 - [TEST_CASE][PASSED] - Test Cases/Final Aug 2018 - PKS Automation/Registration Module/Workflow/Update Employer Information/Template/Update Employer Information - Special Case (OTC): Test Cases/Final Aug 2018 - PKS Automation/Registration Module/Workflow/Update Employer Information/Template/Update Employer Information - Special Case (OTC)

2018-12-10 10:12:15 - [TEST_STEP][PASSED] - openBrowser: Browser is opened with url: ''

2018-12-10 10:12:15 - [MESSAGE][WARNING] - A browser is already opened. Closing browser and opening a new one

2018-12-10 10:12:17 - [MESSAGE][PASSED] - Browser is opened with url: ''

2018-12-10 10:12:17 - [TEST_STEP][PASSED] - navigateToUrl: Navigate to 'https://assist2-uat.perkeso.gov.my/login' successfully

2018-12-10 10:12:18 - [MESSAGE][PASSED] - Navigate to 'https://assist2-uat.perkeso.gov.my/login' successfully

2018-12-10 10:12:18 - [TEST_STEP][PASSED] - setText: Text 'johorotc1@gmail.com' is set on object 'Object Repository/Final Object Repo/Login Page/Internal User/Email Address'

2018-12-10 10:12:19 - [MESSAGE][PASSED] - Text 'johorotc1@gmail.com' is set on object 'Object Repository/Final Object Repo/Login Page/Internal User/Email Address'

2018-12-10 10:12:19 - [TEST_STEP][PASSED] - click: Object: 'Object Repository/Final Object Repo/Login Page/Internal User/Next Button' is clicked on

2018-12-10 10:12:19 - [MESSAGE][PASSED] - Object: 'Object Repository/Final Object Repo/Login Page/Internal User/Next Button' is clicked on

2018-12-10 10:12:19 - [TEST_STEP][PASSED] - delay: Delayed 1 second(s)

2018-12-10 10:12:20 - [MESSAGE][PASSED] - Delayed 1 second(s)

2018-12-10 10:12:20 - [TEST_STEP][PASSED] - setEncryptedText: Text ****** has been set on object 'Object Repository/Final Object Repo/Login Page/Internal User/Password'

2018-12-10 10:12:20 - [MESSAGE][PASSED] - Text ****** has been set on object 'Object Repository/Final Object Repo/Login Page/Internal User/Password'

2018-12-10 10:12:20 - [TEST_STEP][PASSED] - click: Object: 'Object Repository/Final Object Repo/Login Page/Internal User/Login Button' is clicked on

2018-12-10 10:12:20 - [MESSAGE][PASSED] - Object: 'Object Repository/Final Object Repo/Login Page/Internal User/Login Button' is clicked on

2018-12-10 10:12:20 - [TEST_STEP][PASSED] - Statement - tester = com.kms.katalon.core.testobject.ObjectRepository.findTestObject(Final Object Repo/Landing Page/Select to English): Finding Test Object with id 'Object Repository/Final Object Repo/Landing Page/Select to English'

2018-12-10 10:12:21 - [TEST_STEP][PASSED] - Statement - Try: Delayed 2 second(s)

2018-12-10 10:12:21 - [TEST_STEP][PASSED] - Statement - Checker = com.kms.katalon.core.webui.keyword.WebUiBuiltInKeywords.verifyElementNotPresent(tester, 3): Web element with id: 'Object Repository/Final Object Repo/Landing Page/Select to English' located by 'By.xpath: //a[@class = 'taglib-language-list-text' and @lang = 'en-US' and (contains(text(), 'EN') or contains(., 'EN'))]' is not present after '3' second(s)

2018-12-10 10:12:23 - [MESSAGE][PASSED] - Web element with id: 'Object Repository/Final Object Repo/Landing Page/Select to English' located by 'By.xpath: //a[@class = 'taglib-language-list-text' and @lang = 'en-US' and (contains(text(), 'EN') or contains(., 'EN'))]' is not present after '3' second(s)

2018-12-10 10:12:23 - [TEST_STEP][PASSED] - Statement - If (Checker == false): null

2018-12-10 10:12:23 - [TEST_STEP][PASSED] - delay: Delayed 2 second(s)

2018-12-10 10:12:25 - [MESSAGE][PASSED] - Delayed 2 second(s)

2018-12-10 10:12:25 - [TEST_STEP][PASSED] - delay: Delayed 5 second(s)

2018-12-10 10:12:30 - [MESSAGE][PASSED] - Delayed 5 second(s)

2018-12-10 10:12:30 - [TEST_STEP][PASSED] - navigateToUrl: Navigate to 'https://assist2-uat.perkeso.gov.my/web/registration/update/update-employer-information' successfully

2018-12-10 10:12:31 - [MESSAGE][PASSED] - Navigate to 'https://assist2-uat.perkeso.gov.my/web/registration/update/update-employer-information' successfully

2018-12-10 10:12:31 - [TEST_STEP][PASSED] - setText: Text 'E1102001065V ' is set on object 'Object Repository/Final Object Repo/Page_Update Employer Information/Employer Code'

2018-12-10 10:12:31 - [MESSAGE][PASSED] - Text 'E1102001065V ' is set on object 'Object Repository/Final Object Repo/Page_Update Employer Information/Employer Code'

2018-12-10 10:12:31 - [TEST_STEP][PASSED] - click: Object: 'Object Repository/Final Object Repo/Page_Update Employer Information/Search Button' is clicked on

2018-12-10 10:12:31 - [MESSAGE][PASSED] - Object: 'Object Repository/Final Object Repo/Page_Update Employer Information/Search Button' is clicked on

2018-12-10 10:12:31 - [TEST_STEP][PASSED] - click: Object: 'Object Repository/Final Object Repo/Page_Update Employer Information/Edit Button' is clicked on

2018-12-10 10:12:35 - [MESSAGE][PASSED] - Object: 'Object Repository/Final Object Repo/Page_Update Employer Information/Edit Button' is clicked on

2018-12-10 10:12:35 - [TEST_STEP][PASSED] - click: Object: 'Object Repository/Final Object Repo/Page_Update Employer Information/Business Entity' is clicked on

2018-12-10 10:12:35 - [MESSAGE][PASSED] - Object: 'Object Repository/Final Object Repo/Page_Update Employer Information/Business Entity' is clicked on

2018-12-10 10:12:35 - [TEST_STEP][PASSED] - Statement - CurrentBusinessEntity = "": null

2018-12-10 10:12:35 - [TEST_STEP][PASSED] - Statement - CurrentBusinessEntity = com.kms.katalon.core.webui.keyword.WebUiBuiltInKeywords.getText(com.kms.katalon.core.testobject.ObjectRepository.findTestObject(Final Object Repo/Page_Update Employer Information/Current Business Entity)): Text of object 'Object Repository/Final Object Repo/Page_Update Employer Information/Current Business Entity' is: 'Others'

2018-12-10 10:12:35 - [MESSAGE][PASSED] - Text of object 'Object Repository/Final Object Repo/Page_Update Employer Information/Current Business Entity' is: 'Others'

2018-12-10 10:12:35 - [TEST_STEP][PASSED] - Statement - out.println(CurrentBusinessEntity): null

2018-12-10 10:12:35 - [TEST_STEP][PASSED] - Statement - If (CurrentBusinessEntity == "Corporation"): null

2018-12-10 10:12:35 - [TEST_STEP][PASSED] - Statement - Else If (CurrentBusinessEntity == "Partnership"): null

2018-12-10 10:12:35 - [TEST_STEP][PASSED] - Statement - Else If (CurrentBusinessEntity == "Sole Proprietor / Individual Business"): null

2018-12-10 10:12:35 - [TEST_STEP][PASSED] - Statement - Else If (CurrentBusinessEntity == "Others"): Delayed 3 second(s)

2018-12-10 10:12:35 - [TEST_STEP][PASSED] - Statement - obj = com.kms.katalon.core.webui.keyword.WebUiBuiltInKeywords.modifyObjectProperty(com.kms.katalon.core.testobject.ObjectRepository.findTestObject(Final Object Repo/Page_Update Employer Information/change to this Business Entity), "xpath", "equals", "//ul/li/span[contains(text(),"Partnership")]", true, STOP_ON_FAILURE): Modify property of object successfully

2018-12-10 10:12:35 - [MESSAGE][PASSED] - Modify property of object successfully

2018-12-10 10:12:35 - [TEST_STEP][PASSED] - click: Object: 'Object Repository/Final Object Repo/Page_Update Employer Information/change to this Business Entity' is clicked on

2018-12-10 10:12:36 - [MESSAGE][PASSED] - Object: 'Object Repository/Final Object Repo/Page_Update Employer Information/change to this Business Entity' is clicked on

2018-12-10 10:12:36 - [TEST_STEP][PASSED] - delay: Delayed 1 second(s)

2018-12-10 10:12:37 - [MESSAGE][PASSED] - Delayed 1 second(s)

2018-12-10 10:12:37 - [TEST_STEP][PASSED] - click: Object: 'Object Repository/Final Object Repo/Page_Update Employer Information/Sub Business Entity' is clicked on

2018-12-10 10:12:37 - [MESSAGE][PASSED] - Object: 'Object Repository/Final Object Repo/Page_Update Employer Information/Sub Business Entity' is clicked on

2018-12-10 10:12:37 - [TEST_STEP][PASSED] - click: Object: 'Object Repository/Final Object Repo/Page_Update Employer Information/Sub Business Entity - Partnership - Registered With other Agencies' is clicked on

2018-12-10 10:12:37 - [MESSAGE][PASSED] - Object: 'Object Repository/Final Object Repo/Page_Update Employer Information/Sub Business Entity - Partnership - Registered With other Agencies' is clicked on

2018-12-10 10:12:37 - [TEST_STEP][PASSED] - delay: Delayed 3 second(s)

2018-12-10 10:12:40 - [MESSAGE][PASSED] - Delayed 3 second(s)

2018-12-10 10:12:40 - [TEST_STEP][PASSED] - delay: Delayed 4 second(s)

2018-12-10 10:12:44 - [MESSAGE][PASSED] - Delayed 4 second(s)

2018-12-10 10:12:44 - [TEST_STEP][PASSED] - click: Object: 'Object Repository/Final Object Repo/Page_Update Employer Information/Save  Continue' is clicked on

2018-12-10 10:12:44 - [MESSAGE][PASSED] - Object: 'Object Repository/Final Object Repo/Page_Update Employer Information/Save  Continue' is clicked on

2018-12-10 10:12:44 - [TEST_STEP][PASSED] - delay: Delayed 4 second(s)

2018-12-10 10:12:48 - [MESSAGE][PASSED] - Delayed 4 second(s)

2018-12-10 10:12:48 - [TEST_STEP][PASSED] - click: Object: 'Object Repository/Final Object Repo/Page_Update Employer Information/Save  Continue (1)' is clicked on

2018-12-10 10:12:48 - [MESSAGE][PASSED] - Object: 'Object Repository/Final Object Repo/Page_Update Employer Information/Save  Continue (1)' is clicked on

2018-12-10 10:12:48 - [TEST_STEP][PASSED] - delay: Delayed 4 second(s)

2018-12-10 10:12:52 - [MESSAGE][PASSED] - Delayed 4 second(s)

2018-12-10 10:12:52 - [TEST_STEP][PASSED] - Statement - CaseReferenceNo = com.kms.katalon.core.webui.keyword.WebUiBuiltInKeywords.getText(com.kms.katalon.core.testobject.ObjectRepository.findTestObject(Final Object Repo/Page_Update Employer Information/Reference Number in Update Employee Information Page)): Text of object 'Object Repository/Final Object Repo/Page_Update Employer Information/Reference Number in Update Employee Information Page' is: 'CUN122018C100005927'

2018-12-10 10:12:53 - [MESSAGE][PASSED] - Text of object 'Object Repository/Final Object Repo/Page_Update Employer Information/Reference Number in Update Employee Information Page' is: 'CUN122018C100005927'

2018-12-10 10:12:53 - [TEST_STEP][PASSED] - callTestCase: Call Test Case 'Test Cases/Final Aug 2018 - PKS Automation/Common/Reference Number Setter' successfully

2018-12-10 10:12:53 - [TEST_CASE][PASSED] - Test Cases/Final Aug 2018 - PKS Automation/Common/Reference Number Setter: Test Cases/Final Aug 2018 - PKS Automation/Common/Reference Number Setter

2018-12-10 10:12:53 - [TEST_STEP][PASSED] - Statement - RefNoOldFile = new java.io.File(C://Users//Admin//Desktop//PKS//Automation Reference Point//KatalonReference.txt): null

2018-12-10 10:12:53 - [TEST_STEP][PASSED] - Statement - RefNoOldFile.delete(): null

2018-12-10 10:12:53 - [TEST_STEP][PASSED] - delay: Delayed 5 second(s)

2018-12-10 10:12:58 - [MESSAGE][PASSED] - Delayed 5 second(s)

2018-12-10 10:12:58 - [TEST_STEP][PASSED] - Statement - RefNo = new java.io.File(C://Users//Admin//Desktop//PKS//Automation Reference Point//KatalonReference.txt): null

2018-12-10 10:12:58 - [TEST_STEP][PASSED] - Statement - f2 = new java.io.FileWriter(RefNo, false): null

2018-12-10 10:12:58 - [TEST_STEP][PASSED] - Statement - f2.write(CaseReferenceNo): null

2018-12-10 10:12:58 - [TEST_STEP][PASSED] - Statement - f2.close(): null

2018-12-10 10:12:58 - [TEST_STEP][PASSED] - Statement - out.println("


" + CaseReferenceNo + "


"): null

2018-12-10 10:12:58 - [MESSAGE][PASSED] - Call Test Case 'Test Cases/Final Aug 2018 - PKS Automation/Common/Reference Number Setter' successfully

2018-12-10 10:12:58 - [TEST_STEP][PASSED] - delay: Delayed 4 second(s)

2018-12-10 10:13:02 - [MESSAGE][PASSED] - Delayed 4 second(s)

2018-12-10 10:13:02 - [TEST_STEP][PASSED] - click: Object: 'Object Repository/Final Object Repo/Page_Update Employer Information/Submit - Copy' is clicked on

2018-12-10 10:13:02 - [MESSAGE][PASSED] - Object: 'Object Repository/Final Object Repo/Page_Update Employer Information/Submit - Copy' is clicked on

2018-12-10 10:13:02 - [TEST_STEP][PASSED] - delay: Delayed 2 second(s)

2018-12-10 10:13:04 - [MESSAGE][PASSED] - Delayed 2 second(s)

2018-12-10 10:13:04 - [TEST_STEP][PASSED] - click: Object: 'Object Repository/Final Object Repo/Page_Update Employer Information/Confirm' is clicked on

2018-12-10 10:13:04 - [MESSAGE][PASSED] - Object: 'Object Repository/Final Object Repo/Page_Update Employer Information/Confirm' is clicked on

2018-12-10 10:13:04 - [TEST_STEP][PASSED] - delay: Delayed 2 second(s)

2018-12-10 10:13:06 - [MESSAGE][PASSED] - Delayed 2 second(s)

2018-12-10 10:13:06 - [TEST_STEP][PASSED] - click: Object: 'Object Repository/Final Object Repo/Page_Update Employer Information/Message Your Request will be route' is clicked on

2018-12-10 10:13:08 - [MESSAGE][PASSED] - Object: 'Object Repository/Final Object Repo/Page_Update Employer Information/Message Your Request will be route' is clicked on

2018-12-10 10:13:08 - [MESSAGE][PASSED] - Call Test Case 'Test Cases/Final Aug 2018 - PKS Automation/Registration Module/Workflow/Update Employer Information/Template/Update Employer Information - Special Case (OTC)' successfully

2018-12-10 10:13:08 - [TEST_STEP][PASSED] - callTestCase: Call Test Case 'Test Cases/Final Aug 2018 - PKS Automation/Registration Module/Workflow/Update Employer Information/Template/Update Employer Information - Special Case - UO (Under enforcement)' successfully

2018-12-10 10:13:08 - [TEST_CASE][PASSED] - Test Cases/Final Aug 2018 - PKS Automation/Registration Module/Workflow/Update Employer Information/Template/Update Employer Information - Special Case - UO (Under enforcement): Test Cases/Final Aug 2018 - PKS Automation/Registration Module/Workflow/Update Employer Information/Template/Update Employer Information - Special Case - UO (Under enforcement)

2018-12-10 10:13:08 - [TEST_STEP][NOT_RUN] - callTestCase: NOT_RUN: callTestCase

2018-12-10 10:13:08 - [MESSAGE][NOT_RUN] - NOT_RUN: callTestCase

2018-12-10 10:13:08 - [TEST_STEP][PASSED] - delay: Delayed 1 second(s)

2018-12-10 10:13:09 - [MESSAGE][PASSED] - Delayed 1 second(s)

2018-12-10 10:13:09 - [TEST_STEP][PASSED] - navigateToUrl: Navigate to 'https://assist2-uat.perkeso.gov.my/c/portal/logout' successfully

2018-12-10 10:13:10 - [MESSAGE][PASSED] - Navigate to 'https://assist2-uat.perkeso.gov.my/c/portal/logout' successfully

2018-12-10 10:13:10 - [TEST_STEP][PASSED] - delay: Delayed 1 second(s)

2018-12-10 10:13:11 - [MESSAGE][PASSED] - Delayed 1 second(s)

2018-12-10 10:13:11 - [TEST_STEP][PASSED] - callTestCase: Call Test Case 'Test Cases/Final Aug 2018 - PKS Automation/Common/Reference Number Getter' successfully

2018-12-10 10:13:11 - [TEST_CASE][PASSED] - Test Cases/Final Aug 2018 - PKS Automation/Common/Reference Number Getter: Test Cases/Final Aug 2018 - PKS Automation/Common/Reference Number Getter

2018-12-10 10:13:11 - [TEST_STEP][PASSED] - Statement - Try: null

2018-12-10 10:13:11 - [TEST_STEP][PASSED] - Statement - RefNo = new java.io.File(C://Users//Admin//Desktop//PKS//Automation Reference Point//KatalonReference.txt): null

2018-12-10 10:13:11 - [TEST_STEP][PASSED] - Statement - bufferread = new java.io.BufferedReader(new java.io.FileReader(RefNo)): null

2018-12-10 10:13:11 - [TEST_STEP][PASSED] - Statement - readedVal = bufferread.readLine(): null

2018-12-10 10:13:11 - [TEST_STEP][PASSED] - Statement - out.println(CaseReferenceNo): null

2018-12-10 10:13:11 - [TEST_STEP][PASSED] - Statement - out.println(readedVal): null

2018-12-10 10:13:11 - [TEST_STEP][PASSED] - Statement - CaseReferenceNo = "": null

2018-12-10 10:13:11 - [TEST_STEP][PASSED] - Statement - CaseReferenceNo = readedVal: null

2018-12-10 10:13:11 - [MESSAGE][PASSED] - Call Test Case 'Test Cases/Final Aug 2018 - PKS Automation/Common/Reference Number Getter' successfully

2018-12-10 10:13:11 - [TEST_STEP][PASSED] - callTestCase: Call Test Case 'Test Cases/Final Aug 2018 - PKS Automation/Common/Workflow Owner Finder' successfully

2018-12-10 10:13:11 - [TEST_CASE][PASSED] - Test Cases/Final Aug 2018 - PKS Automation/Common/Workflow Owner Finder: Test Cases/Final Aug 2018 - PKS Automation/Common/Workflow Owner Finder

2018-12-10 10:13:11 - [TEST_STEP][PASSED] - openBrowser: Browser is opened with url: ''

2018-12-10 10:13:11 - [MESSAGE][WARNING] - A browser is already opened. Closing browser and opening a new one

2018-12-10 10:13:14 - [MESSAGE][PASSED] - Browser is opened with url: ''

2018-12-10 10:13:14 - [TEST_STEP][PASSED] - navigateToUrl: Navigate to 'https://assist2-uat.perkeso.gov.my/login' successfully

2018-12-10 10:13:15 - [MESSAGE][PASSED] - Navigate to 'https://assist2-uat.perkeso.gov.my/login' successfully

2018-12-10 10:13:15 - [TEST_STEP][PASSED] - delay: Delayed 5 second(s)

2018-12-10 10:13:20 - [MESSAGE][PASSED] - Delayed 5 second(s)

2018-12-10 10:13:20 - [TEST_STEP][PASSED] - setText: Text 'test@liferay.com' is set on object 'Object Repository/Final Object Repo/Login Page/Internal User/Email Address'

2018-12-10 10:13:20 - [MESSAGE][PASSED] - Text 'test@liferay.com' is set on object 'Object Repository/Final Object Repo/Login Page/Internal User/Email Address'

2018-12-10 10:13:20 - [TEST_STEP][PASSED] - click: Object: 'Object Repository/Final Object Repo/Login Page/Internal User/Next Button' is clicked on

2018-12-10 10:13:20 - [MESSAGE][PASSED] - Object: 'Object Repository/Final Object Repo/Login Page/Internal User/Next Button' is clicked on

2018-12-10 10:13:20 - [TEST_STEP][PASSED] - delay: Delayed 2 second(s)

2018-12-10 10:13:22 - [MESSAGE][PASSED] - Delayed 2 second(s)

2018-12-10 10:13:22 - [TEST_STEP][PASSED] - setText: Text 'test' is set on object 'Object Repository/Final Object Repo/Login Page/Internal User/Password'

2018-12-10 10:13:23 - [MESSAGE][PASSED] - Text 'test' is set on object 'Object Repository/Final Object Repo/Login Page/Internal User/Password'

2018-12-10 10:13:23 - [TEST_STEP][PASSED] - delay: Delayed 2 second(s)

2018-12-10 10:13:25 - [MESSAGE][PASSED] - Delayed 2 second(s)

2018-12-10 10:13:25 - [TEST_STEP][PASSED] - click: Object: 'Object Repository/Final Object Repo/Login Page/Internal User/Login Button' is clicked on

2018-12-10 10:13:25 - [MESSAGE][PASSED] - Object: 'Object Repository/Final Object Repo/Login Page/Internal User/Login Button' is clicked on

2018-12-10 10:13:25 - [TEST_STEP][PASSED] - Statement - tester = com.kms.katalon.core.testobject.ObjectRepository.findTestObject(Final Object Repo/Landing Page/Select to English): Finding Test Object with id 'Object Repository/Final Object Repo/Landing Page/Select to English'

2018-12-10 10:13:25 - [TEST_STEP][PASSED] - Statement - Try: Delayed 2 second(s)

2018-12-10 10:13:25 - [TEST_STEP][PASSED] - Statement - Checker = com.kms.katalon.core.webui.keyword.WebUiBuiltInKeywords.verifyElementNotPresent(tester, 3): Web element with id: 'Object Repository/Final Object Repo/Landing Page/Select to English' located by 'By.xpath: //a[@class = 'taglib-language-list-text' and @lang = 'en-US' and (contains(text(), 'EN') or contains(., 'EN'))]' is not present after '3' second(s)

2018-12-10 10:13:27 - [MESSAGE][PASSED] - Web element with id: 'Object Repository/Final Object Repo/Landing Page/Select to English' located by 'By.xpath: //a[@class = 'taglib-language-list-text' and @lang = 'en-US' and (contains(text(), 'EN') or contains(., 'EN'))]' is not present after '3' second(s)

2018-12-10 10:13:27 - [TEST_STEP][PASSED] - Statement - If (Checker == false): null

2018-12-10 10:13:27 - [TEST_STEP][PASSED] - delay: Delayed 2 second(s)

2018-12-10 10:13:29 - [MESSAGE][PASSED] - Delayed 2 second(s)

2018-12-10 10:13:29 - [TEST_STEP][PASSED] - delay: Delayed 5 second(s)

2018-12-10 10:13:34 - [MESSAGE][PASSED] - Delayed 5 second(s)

2018-12-10 10:13:34 - [TEST_STEP][PASSED] - mouseOver: Object: 'Object Repository/Final Object Repo/Landing Page/WorkFlow Menu' is hovered

2018-12-10 10:13:34 - [MESSAGE][PASSED] - Object: 'Object Repository/Final Object Repo/Landing Page/WorkFlow Menu' is hovered

2018-12-10 10:13:34 - [TEST_STEP][PASSED] - delay: Delayed 2 second(s)

2018-12-10 10:13:36 - [MESSAGE][PASSED] - Delayed 2 second(s)

2018-12-10 10:13:36 - [TEST_STEP][PASSED] - click: Object: 'Object Repository/Final Object Repo/Landing Page/Select to Workflow Listing' is clicked on

2018-12-10 10:13:37 - [MESSAGE][PASSED] - Object: 'Object Repository/Final Object Repo/Landing Page/Select to Workflow Listing' is clicked on

2018-12-10 10:13:37 - [TEST_STEP][PASSED] - delay: Delayed 2 second(s)

2018-12-10 10:13:39 - [MESSAGE][PASSED] - Delayed 2 second(s)

2018-12-10 10:13:39 - [TEST_STEP][PASSED] - click: Object: 'Object Repository/Final Object Repo/WorkFlow Listing Page/Search Information - To Put Ref No' is clicked on

2018-12-10 10:13:39 - [MESSAGE][PASSED] - Object: 'Object Repository/Final Object Repo/WorkFlow Listing Page/Search Information - To Put Ref No' is clicked on

2018-12-10 10:13:39 - [TEST_STEP][PASSED] - delay: Delayed 2 second(s)

2018-12-10 10:13:41 - [MESSAGE][PASSED] - Delayed 2 second(s)

2018-12-10 10:13:41 - [TEST_STEP][PASSED] - callTestCase: Call Test Case 'Test Cases/Final Aug 2018 - PKS Automation/Common/Reference Number Getter' successfully

2018-12-10 10:13:41 - [TEST_CASE][PASSED] - Test Cases/Final Aug 2018 - PKS Automation/Common/Reference Number Getter: Test Cases/Final Aug 2018 - PKS Automation/Common/Reference Number Getter

2018-12-10 10:13:41 - [TEST_STEP][PASSED] - Statement - Try: null

2018-12-10 10:13:41 - [TEST_STEP][PASSED] - Statement - RefNo = new java.io.File(C://Users//Admin//Desktop//PKS//Automation Reference Point//KatalonReference.txt): null

2018-12-10 10:13:41 - [TEST_STEP][PASSED] - Statement - bufferread = new java.io.BufferedReader(new java.io.FileReader(RefNo)): null

2018-12-10 10:13:41 - [TEST_STEP][PASSED] - Statement - readedVal = bufferread.readLine(): null

2018-12-10 10:13:41 - [TEST_STEP][PASSED] - Statement - out.println(CaseReferenceNo): null

2018-12-10 10:13:41 - [TEST_STEP][PASSED] - Statement - out.println(readedVal): null

2018-12-10 10:13:41 - [TEST_STEP][PASSED] - Statement - CaseReferenceNo = "": null

2018-12-10 10:13:41 - [TEST_STEP][PASSED] - Statement - CaseReferenceNo = readedVal: null

2018-12-10 10:13:41 - [MESSAGE][PASSED] - Call Test Case 'Test Cases/Final Aug 2018 - PKS Automation/Common/Reference Number Getter' successfully

2018-12-10 10:13:41 - [TEST_STEP][PASSED] - setText: Text 'CUN122018C100005927' is set on object 'Object Repository/Final Object Repo/WorkFlow Listing Page/Ref No Set Text'

2018-12-10 10:13:41 - [MESSAGE][PASSED] - Text 'CUN122018C100005927' is set on object 'Object Repository/Final Object Repo/WorkFlow Listing Page/Ref No Set Text'

2018-12-10 10:13:41 - [TEST_STEP][PASSED] - delay: Delayed 2 second(s)

2018-12-10 10:13:43 - [MESSAGE][PASSED] - Delayed 2 second(s)

2018-12-10 10:13:43 - [TEST_STEP][PASSED] - click: Object: 'Object Repository/Final Object Repo/WorkFlow Listing Page/Search Ref No Search Button' is clicked on

2018-12-10 10:13:44 - [MESSAGE][PASSED] - Object: 'Object Repository/Final Object Repo/WorkFlow Listing Page/Search Ref No Search Button' is clicked on

2018-12-10 10:13:44 - [TEST_STEP][PASSED] - delay: Delayed 6 second(s)

2018-12-10 10:13:50 - [MESSAGE][PASSED] - Delayed 6 second(s)

2018-12-10 10:13:50 - [TEST_STEP][PASSED] - click: Object: 'Object Repository/Final Object Repo/WorkFlow Listing Page/Click Continue Tooltip' is clicked on

2018-12-10 10:13:50 - [MESSAGE][PASSED] - Object: 'Object Repository/Final Object Repo/WorkFlow Listing Page/Click Continue Tooltip' is clicked on

2018-12-10 10:13:50 - [TEST_STEP][PASSED] - delay: Delayed 5 second(s)

2018-12-10 10:13:55 - [MESSAGE][PASSED] - Delayed 5 second(s)

2018-12-10 10:13:55 - [TEST_STEP][PASSED] - doubleClick: Object: 'Object Repository/Final Object Repo/WorkFlow Listing Page/Workflow Found - Listing 1' is double clicked on

2018-12-10 10:13:56 - [MESSAGE][PASSED] - Object: 'Object Repository/Final Object Repo/WorkFlow Listing Page/Workflow Found - Listing 1' is double clicked on

2018-12-10 10:13:56 - [TEST_STEP][PASSED] - Statement - println(OwnerID): null

2018-12-10 10:13:56 - [TEST_STEP][PASSED] - Statement - OwnerID = com.kms.katalon.core.webui.keyword.WebUiBuiltInKeywords.getText(com.kms.katalon.core.testobject.ObjectRepository.findTestObject(Final Object Repo/WorkFlow Listing Page/Workflow Found - Listing 1), STOP_ON_FAILURE): Text of object 'Object Repository/Final Object Repo/WorkFlow Listing Page/Workflow Found - Listing 1' is: 'JOHORuo3'

2018-12-10 10:13:56 - [MESSAGE][PASSED] - Text of object 'Object Repository/Final Object Repo/WorkFlow Listing Page/Workflow Found - Listing 1' is: 'JOHORuo3'

2018-12-10 10:13:56 - [TEST_STEP][PASSED] - Statement - OwnerID = OwnerID.toLowerCase() + "@gmail.com": null

2018-12-10 10:13:56 - [TEST_STEP][PASSED] - Statement - println(OwnerID): null

2018-12-10 10:13:56 - [TEST_STEP][PASSED] - delay: Delayed 2 second(s)

2018-12-10 10:13:58 - [MESSAGE][PASSED] - Delayed 2 second(s)

2018-12-10 10:13:58 - [MESSAGE][PASSED] - Call Test Case 'Test Cases/Final Aug 2018 - PKS Automation/Common/Workflow Owner Finder' successfully

2018-12-10 10:13:58 - [TEST_STEP][PASSED] - delay: Delayed 1 second(s)

2018-12-10 10:13:59 - [MESSAGE][PASSED] - Delayed 1 second(s)

2018-12-10 10:13:59 - [TEST_STEP][PASSED] - navigateToUrl: Navigate to 'https://assist2-uat.perkeso.gov.my/c/portal/logout' successfully

2018-12-10 10:14:00 - [MESSAGE][PASSED] - Navigate to 'https://assist2-uat.perkeso.gov.my/c/portal/logout' successfully

2018-12-10 10:14:00 - [TEST_STEP][PASSED] - delay: Delayed 1 second(s)

2018-12-10 10:14:01 - [MESSAGE][PASSED] - Delayed 1 second(s)

2018-12-10 10:14:01 - [TEST_STEP][PASSED] - callTestCase: Call Test Case 'Test Cases/Final Aug 2018 - PKS Automation/Registration Module/Workflow/Login and Search Case For Workflow' successfully

2018-12-10 10:14:01 - [TEST_CASE][PASSED] - Test Cases/Final Aug 2018 - PKS Automation/Registration Module/Workflow/Login and Search Case For Workflow: Test Cases/Final Aug 2018 - PKS Automation/Registration Module/Workflow/Login and Search Case For Workflow

2018-12-10 10:14:01 - [TEST_STEP][PASSED] - navigateToUrl: Navigate to 'https://assist2-uat.perkeso.gov.my/login' successfully

2018-12-10 10:14:01 - [MESSAGE][PASSED] - Navigate to 'https://assist2-uat.perkeso.gov.my/login' successfully

2018-12-10 10:14:01 - [TEST_STEP][PASSED] - setText: Text 'johoruo3@gmail.com' is set on object 'Object Repository/Final Object Repo/Login Page/Internal User/Email Address'

2018-12-10 10:14:02 - [MESSAGE][PASSED] - Text 'johoruo3@gmail.com' is set on object 'Object Repository/Final Object Repo/Login Page/Internal User/Email Address'

2018-12-10 10:14:02 - [TEST_STEP][PASSED] - click: Object: 'Object Repository/Final Object Repo/Login Page/Internal User/Next Button' is clicked on

2018-12-10 10:14:02 - [MESSAGE][PASSED] - Object: 'Object Repository/Final Object Repo/Login Page/Internal User/Next Button' is clicked on

2018-12-10 10:14:02 - [TEST_STEP][PASSED] - delay: Delayed 1 second(s)

2018-12-10 10:14:03 - [MESSAGE][PASSED] - Delayed 1 second(s)

2018-12-10 10:14:03 - [TEST_STEP][PASSED] - setEncryptedText: Text ****** has been set on object 'Object Repository/Final Object Repo/Login Page/Internal User/Password'

2018-12-10 10:14:03 - [MESSAGE][PASSED] - Text ****** has been set on object 'Object Repository/Final Object Repo/Login Page/Internal User/Password'

2018-12-10 10:14:03 - [TEST_STEP][PASSED] - click: Object: 'Object Repository/Final Object Repo/Login Page/Internal User/Login Button' is clicked on

2018-12-10 10:14:03 - [MESSAGE][PASSED] - Object: 'Object Repository/Final Object Repo/Login Page/Internal User/Login Button' is clicked on

2018-12-10 10:14:03 - [TEST_STEP][PASSED] - delay: Delayed 2 second(s)

2018-12-10 10:14:05 - [MESSAGE][PASSED] - Delayed 2 second(s)

2018-12-10 10:14:05 - [TEST_STEP][PASSED] - Statement - Try: Delayed 2 second(s)

2018-12-10 10:14:05 - [TEST_STEP][PASSED] - Statement - Checker = false: null

2018-12-10 10:14:05 - [TEST_STEP][PASSED] - Statement - Checker = com.kms.katalon.core.webui.keyword.WebUiBuiltInKeywords.verifyElementHasAttribute(com.kms.katalon.core.testobject.ObjectRepository.findTestObject(Final Object Repo/Landing Page/BM Detecting), "href", 20, OPTIONAL): Object 'Object Repository/Final Object Repo/Landing Page/BM Detecting' has attribute 'href'

2018-12-10 10:14:05 - [MESSAGE][PASSED] - Object 'Object Repository/Final Object Repo/Landing Page/BM Detecting' has attribute 'href'

2018-12-10 10:14:05 - [TEST_STEP][PASSED] - Statement - out.println(Checker): null

2018-12-10 10:14:05 - [TEST_STEP][PASSED] - Statement - If (Checker == false): null

2018-12-10 10:14:05 - [TEST_STEP][PASSED] - Statement - Else: null

2018-12-10 10:14:05 - [TEST_STEP][PASSED] - delay: Delayed 2 second(s)

2018-12-10 10:14:07 - [MESSAGE][PASSED] - Delayed 2 second(s)

2018-12-10 10:14:07 - [TEST_STEP][PASSED] - click: Object: 'Object Repository/Final Object Repo/Page_MyASSIST - ASSIST - Search Pending Case For Add Supporting Document/Search Information' is clicked on

2018-12-10 10:14:08 - [MESSAGE][PASSED] - Object: 'Object Repository/Final Object Repo/Page_MyASSIST - ASSIST - Search Pending Case For Add Supporting Document/Search Information' is clicked on

2018-12-10 10:14:08 - [TEST_STEP][PASSED] - delay: Delayed 3 second(s)

2018-12-10 10:14:11 - [MESSAGE][PASSED] - Delayed 3 second(s)

2018-12-10 10:14:11 - [TEST_STEP][PASSED] - sendKeys: Keys 'CUN122018C100005927' sent to object: 'Object Repository/Final Object Repo/Page_MyASSIST - ASSIST - Search Pending Case For Add Supporting Document/Reference No'

2018-12-10 10:14:11 - [MESSAGE][PASSED] - Keys 'CUN122018C100005927' sent to object: 'Object Repository/Final Object Repo/Page_MyASSIST - ASSIST - Search Pending Case For Add Supporting Document/Reference No'

2018-12-10 10:14:11 - [TEST_STEP][PASSED] - click: Object: 'Object Repository/Final Object Repo/Page_MyASSIST - ASSIST - Search Pending Case For Add Supporting Document/Search Reference No' is clicked on

2018-12-10 10:14:11 - [MESSAGE][PASSED] - Object: 'Object Repository/Final Object Repo/Page_MyASSIST - ASSIST - Search Pending Case For Add Supporting Document/Search Reference No' is clicked on

2018-12-10 10:14:11 - [TEST_STEP][PASSED] - delay: Delayed 2 second(s)

2018-12-10 10:14:13 - [MESSAGE][PASSED] - Delayed 2 second(s)

2018-12-10 10:14:13 - [TEST_STEP][PASSED] - click: Object: 'Object Repository/Final Object Repo/Page_MyASSIST - ASSIST - Search Pending Case For Add Supporting Document/Continue' is clicked on

2018-12-10 10:14:17 - [MESSAGE][PASSED] - Object: 'Object Repository/Final Object Repo/Page_MyASSIST - ASSIST - Search Pending Case For Add Supporting Document/Continue' is clicked on

2018-12-10 10:14:17 - [TEST_STEP][PASSED] - delay: Delayed 20 second(s)

2018-12-10 10:14:37 - [MESSAGE][PASSED] - Delayed 20 second(s)

2018-12-10 10:14:37 - [MESSAGE][PASSED] - Call Test Case 'Test Cases/Final Aug 2018 - PKS Automation/Registration Module/Workflow/Login and Search Case For Workflow' successfully

2018-12-10 10:14:37 - [TEST_STEP][PASSED] - delay: Delayed 2 second(s)

2018-12-10 10:14:39 - [MESSAGE][PASSED] - Delayed 2 second(s)

2018-12-10 10:14:39 - [TEST_STEP][PASSED] - click: Object: 'Object Repository/Final Object Repo/Page_Update Employer Information/Page_Update Employer Information UO (Approve)/Continue' is clicked on

2018-12-10 10:14:43 - [MESSAGE][PASSED] - Object: 'Object Repository/Final Object Repo/Page_Update Employer Information/Page_Update Employer Information UO (Approve)/Continue' is clicked on

2018-12-10 10:14:43 - [TEST_STEP][PASSED] - delay: Delayed 2 second(s)

2018-12-10 10:14:45 - [MESSAGE][PASSED] - Delayed 2 second(s)

2018-12-10 10:14:45 - [TEST_STEP][PASSED] - click: Object: 'Object Repository/Final Object Repo/Page_Update Employer Information/Page_Update Employer Information UO (Approve)/Save  Continue in Update Employer Information Page' is clicked on

2018-12-10 10:14:45 - [MESSAGE][PASSED] - Object: 'Object Repository/Final Object Repo/Page_Update Employer Information/Page_Update Employer Information UO (Approve)/Save  Continue in Update Employer Information Page' is clicked on

2018-12-10 10:14:45 - [TEST_STEP][PASSED] - delay: Delayed 2 second(s)

2018-12-10 10:14:47 - [MESSAGE][PASSED] - Delayed 2 second(s)

2018-12-10 10:14:47 - [TEST_STEP][PASSED] - click: Object: 'Object Repository/Final Object Repo/Page_Update Employer Information/Page_Update Employer Information UO (Approve)/Save  Continue in Uploading Supporting Document Page' is clicked on

2018-12-10 10:14:50 - [MESSAGE][PASSED] - Object: 'Object Repository/Final Object Repo/Page_Update Employer Information/Page_Update Employer Information UO (Approve)/Save  Continue in Uploading Supporting Document Page' is clicked on

2018-12-10 10:14:50 - [TEST_STEP][PASSED] - delay: Delayed 2 second(s)

2018-12-10 10:14:52 - [MESSAGE][PASSED] - Delayed 2 second(s)

2018-12-10 10:14:52 - [TEST_STEP][PASSED] - click: Object: 'Object Repository/Final Object Repo/Page_Update Employer Information/Page_Update Employer Information UO (Under enforcement)/Under enforcement' is clicked on

2018-12-10 10:14:53 - [MESSAGE][PASSED] - Object: 'Object Repository/Final Object Repo/Page_Update Employer Information/Page_Update Employer Information UO (Under enforcement)/Under enforcement' is clicked on

2018-12-10 10:14:53 - [TEST_STEP][PASSED] - delay: Delayed 2 second(s)

2018-12-10 10:14:55 - [MESSAGE][PASSED] - Delayed 2 second(s)

2018-12-10 10:14:55 - [TEST_STEP][PASSED] - setText: Text 'remark' is set on object 'Object Repository/Final Object Repo/Page_Update Employer Information/Page_Update Employer Information UO (Under enforcement)/Under enforcement - remark'

2018-12-10 10:14:56 - [MESSAGE][PASSED] - Text 'remark' is set on object 'Object Repository/Final Object Repo/Page_Update Employer Information/Page_Update Employer Information UO (Under enforcement)/Under enforcement - remark'

2018-12-10 10:14:56 - [TEST_STEP][PASSED] - delay: Delayed 2 second(s)

2018-12-10 10:14:58 - [MESSAGE][PASSED] - Delayed 2 second(s)

2018-12-10 10:14:58 - [TEST_STEP][PASSED] - click: Object: 'Object Repository/Final Object Repo/Page_Update Employer Information/Page_Update Employer Information UO (Under enforcement)/Save  Continue in Under enfocement Page' is clicked on

2018-12-10 10:14:58 - [MESSAGE][PASSED] - Object: 'Object Repository/Final Object Repo/Page_Update Employer Information/Page_Update Employer Information UO (Under enforcement)/Save  Continue in Under enfocement Page' is clicked on

2018-12-10 10:14:58 - [TEST_STEP][PASSED] - delay: Delayed 2 second(s)

2018-12-10 10:15:00 - [MESSAGE][PASSED] - Delayed 2 second(s)

2018-12-10 10:15:00 - [TEST_STEP][PASSED] - doubleClick: Object: 'Object Repository/Final Object Repo/Page_Update Employer Information/Page_Update Employer Information UO (Under enforcement)/Message The case is under enforceme' is double clicked on

2018-12-10 10:15:01 - [MESSAGE][PASSED] - Object: 'Object Repository/Final Object Repo/Page_Update Employer Information/Page_Update Employer Information UO (Under enforcement)/Message The case is under enforceme' is double clicked on

2018-12-10 10:15:01 - [MESSAGE][PASSED] - Call Test Case 'Test Cases/Final Aug 2018 - PKS Automation/Registration Module/Workflow/Update Employer Information/Template/Update Employer Information - Special Case - UO (Under enforcement)' successfully]]></system-out>
         <system-err><![CDATA[]]></system-err>
      </testcase>
      <testcase name="Test Cases/Final Aug 2018 - PKS Automation/Registration Module/Workflow/Update Employer Information/PAU - UO (Approve)" classname="Test Cases/Final Aug 2018 - PKS Automation/Registration Module/Workflow/Update Employer Information/PAU - UO (Approve)" status="PASSED">
         <system-out><![CDATA[2018-12-10 10:15:01 - [TEST_CASE][PASSED] - Test Cases/Final Aug 2018 - PKS Automation/Registration Module/Workflow/Update Employer Information/PAU - UO (Approve): Test Cases/Final Aug 2018 - PKS Automation/Registration Module/Workflow/Update Employer Information/PAU - UO (Approve)

2018-12-10 10:15:01 - [TEST_STEP][PASSED] - callTestCase: Call Test Case 'Test Cases/Final Aug 2018 - PKS Automation/Registration Module/Workflow/Update Employer Information/Template/Update Employer Information - Special Case (PAU)' successfully

2018-12-10 10:15:01 - [TEST_CASE][PASSED] - Test Cases/Final Aug 2018 - PKS Automation/Registration Module/Workflow/Update Employer Information/Template/Update Employer Information - Special Case (PAU): Test Cases/Final Aug 2018 - PKS Automation/Registration Module/Workflow/Update Employer Information/Template/Update Employer Information - Special Case (PAU)

2018-12-10 10:15:01 - [TEST_STEP][PASSED] - openBrowser: Browser is opened with url: ''

2018-12-10 10:15:01 - [MESSAGE][WARNING] - A browser is already opened. Closing browser and opening a new one

2018-12-10 10:15:04 - [MESSAGE][PASSED] - Browser is opened with url: ''

2018-12-10 10:15:04 - [TEST_STEP][PASSED] - navigateToUrl: Navigate to 'https://assist2-uat.perkeso.gov.my/login' successfully

2018-12-10 10:15:05 - [MESSAGE][PASSED] - Navigate to 'https://assist2-uat.perkeso.gov.my/login' successfully

2018-12-10 10:15:05 - [TEST_STEP][PASSED] - setText: Text 'johorpau1@gmail.com' is set on object 'Object Repository/Final Object Repo/Login Page/Internal User/Email Address'

2018-12-10 10:15:06 - [MESSAGE][PASSED] - Text 'johorpau1@gmail.com' is set on object 'Object Repository/Final Object Repo/Login Page/Internal User/Email Address'

2018-12-10 10:15:06 - [TEST_STEP][PASSED] - click: Object: 'Object Repository/Final Object Repo/Login Page/Internal User/Next Button' is clicked on

2018-12-10 10:15:06 - [MESSAGE][PASSED] - Object: 'Object Repository/Final Object Repo/Login Page/Internal User/Next Button' is clicked on

2018-12-10 10:15:06 - [TEST_STEP][PASSED] - delay: Delayed 1 second(s)

2018-12-10 10:15:07 - [MESSAGE][PASSED] - Delayed 1 second(s)

2018-12-10 10:15:07 - [TEST_STEP][PASSED] - setEncryptedText: Text ****** has been set on object 'Object Repository/Final Object Repo/Login Page/Internal User/Password'

2018-12-10 10:15:07 - [MESSAGE][PASSED] - Text ****** has been set on object 'Object Repository/Final Object Repo/Login Page/Internal User/Password'

2018-12-10 10:15:07 - [TEST_STEP][PASSED] - click: Object: 'Object Repository/Final Object Repo/Login Page/Internal User/Login Button' is clicked on

2018-12-10 10:15:07 - [MESSAGE][PASSED] - Object: 'Object Repository/Final Object Repo/Login Page/Internal User/Login Button' is clicked on

2018-12-10 10:15:07 - [TEST_STEP][PASSED] - Statement - tester = com.kms.katalon.core.testobject.ObjectRepository.findTestObject(Final Object Repo/Landing Page/Select to English): Finding Test Object with id 'Object Repository/Final Object Repo/Landing Page/Select to English'

2018-12-10 10:15:07 - [TEST_STEP][PASSED] - Statement - Try: Delayed 2 second(s)

2018-12-10 10:15:07 - [TEST_STEP][PASSED] - Statement - Checker = com.kms.katalon.core.webui.keyword.WebUiBuiltInKeywords.verifyElementNotPresent(tester, 3): Web element with id: 'Object Repository/Final Object Repo/Landing Page/Select to English' located by 'By.xpath: //a[@class = 'taglib-language-list-text' and @lang = 'en-US' and (contains(text(), 'EN') or contains(., 'EN'))]' is not present after '3' second(s)

2018-12-10 10:15:10 - [MESSAGE][PASSED] - Web element with id: 'Object Repository/Final Object Repo/Landing Page/Select to English' located by 'By.xpath: //a[@class = 'taglib-language-list-text' and @lang = 'en-US' and (contains(text(), 'EN') or contains(., 'EN'))]' is not present after '3' second(s)

2018-12-10 10:15:10 - [TEST_STEP][PASSED] - Statement - If (Checker == false): null

2018-12-10 10:15:10 - [TEST_STEP][PASSED] - delay: Delayed 2 second(s)

2018-12-10 10:15:12 - [MESSAGE][PASSED] - Delayed 2 second(s)

2018-12-10 10:15:12 - [TEST_STEP][PASSED] - delay: Delayed 5 second(s)

2018-12-10 10:15:17 - [MESSAGE][PASSED] - Delayed 5 second(s)

2018-12-10 10:15:17 - [TEST_STEP][PASSED] - navigateToUrl: Navigate to 'https://assist2-uat.perkeso.gov.my/web/registration/update/update-employer-information' successfully

2018-12-10 10:15:18 - [MESSAGE][PASSED] - Navigate to 'https://assist2-uat.perkeso.gov.my/web/registration/update/update-employer-information' successfully

2018-12-10 10:15:18 - [TEST_STEP][PASSED] - setText: Text 'E1102001065V ' is set on object 'Object Repository/Final Object Repo/Page_Update Employer Information/Employer Code'

2018-12-10 10:15:18 - [MESSAGE][PASSED] - Text 'E1102001065V ' is set on object 'Object Repository/Final Object Repo/Page_Update Employer Information/Employer Code'

2018-12-10 10:15:18 - [TEST_STEP][PASSED] - click: Object: 'Object Repository/Final Object Repo/Page_Update Employer Information/Search Button' is clicked on

2018-12-10 10:15:18 - [MESSAGE][PASSED] - Object: 'Object Repository/Final Object Repo/Page_Update Employer Information/Search Button' is clicked on

2018-12-10 10:15:18 - [TEST_STEP][PASSED] - click: Object: 'Object Repository/Final Object Repo/Page_Update Employer Information/Edit Button' is clicked on

2018-12-10 10:15:22 - [MESSAGE][PASSED] - Object: 'Object Repository/Final Object Repo/Page_Update Employer Information/Edit Button' is clicked on

2018-12-10 10:15:22 - [TEST_STEP][PASSED] - click: Object: 'Object Repository/Final Object Repo/Page_Update Employer Information/Business Entity' is clicked on

2018-12-10 10:15:22 - [MESSAGE][PASSED] - Object: 'Object Repository/Final Object Repo/Page_Update Employer Information/Business Entity' is clicked on

2018-12-10 10:15:22 - [TEST_STEP][PASSED] - Statement - CurrentBusinessEntity = "": null

2018-12-10 10:15:22 - [TEST_STEP][PASSED] - Statement - CurrentBusinessEntity = com.kms.katalon.core.webui.keyword.WebUiBuiltInKeywords.getText(com.kms.katalon.core.testobject.ObjectRepository.findTestObject(Final Object Repo/Page_Update Employer Information/Current Business Entity)): Text of object 'Object Repository/Final Object Repo/Page_Update Employer Information/Current Business Entity' is: 'Others'

2018-12-10 10:15:22 - [MESSAGE][PASSED] - Text of object 'Object Repository/Final Object Repo/Page_Update Employer Information/Current Business Entity' is: 'Others'

2018-12-10 10:15:22 - [TEST_STEP][PASSED] - Statement - out.println(CurrentBusinessEntity): null

2018-12-10 10:15:22 - [TEST_STEP][PASSED] - Statement - If (CurrentBusinessEntity == "Corporation"): null

2018-12-10 10:15:22 - [TEST_STEP][PASSED] - Statement - Else If (CurrentBusinessEntity == "Partnership"): null

2018-12-10 10:15:22 - [TEST_STEP][PASSED] - Statement - Else If (CurrentBusinessEntity == "Sole Proprietor / Individual Business"): null

2018-12-10 10:15:22 - [TEST_STEP][PASSED] - Statement - Else If (CurrentBusinessEntity == "Others"): Delayed 3 second(s)

2018-12-10 10:15:22 - [TEST_STEP][PASSED] - Statement - obj = com.kms.katalon.core.webui.keyword.WebUiBuiltInKeywords.modifyObjectProperty(com.kms.katalon.core.testobject.ObjectRepository.findTestObject(Final Object Repo/Page_Update Employer Information/change to this Business Entity), "xpath", "equals", "//ul/li/span[contains(text(),"Partnership")]", true, STOP_ON_FAILURE): Modify property of object successfully

2018-12-10 10:15:22 - [MESSAGE][PASSED] - Modify property of object successfully

2018-12-10 10:15:22 - [TEST_STEP][PASSED] - click: Object: 'Object Repository/Final Object Repo/Page_Update Employer Information/change to this Business Entity' is clicked on

2018-12-10 10:15:22 - [MESSAGE][PASSED] - Object: 'Object Repository/Final Object Repo/Page_Update Employer Information/change to this Business Entity' is clicked on

2018-12-10 10:15:22 - [TEST_STEP][PASSED] - delay: Delayed 1 second(s)

2018-12-10 10:15:23 - [MESSAGE][PASSED] - Delayed 1 second(s)

2018-12-10 10:15:23 - [TEST_STEP][PASSED] - click: Object: 'Object Repository/Final Object Repo/Page_Update Employer Information/Sub Business Entity' is clicked on

2018-12-10 10:15:24 - [MESSAGE][PASSED] - Object: 'Object Repository/Final Object Repo/Page_Update Employer Information/Sub Business Entity' is clicked on

2018-12-10 10:15:24 - [TEST_STEP][PASSED] - click: Object: 'Object Repository/Final Object Repo/Page_Update Employer Information/Sub Business Entity - Partnership - Registered With other Agencies' is clicked on

2018-12-10 10:15:24 - [MESSAGE][PASSED] - Object: 'Object Repository/Final Object Repo/Page_Update Employer Information/Sub Business Entity - Partnership - Registered With other Agencies' is clicked on

2018-12-10 10:15:24 - [TEST_STEP][PASSED] - delay: Delayed 3 second(s)

2018-12-10 10:15:27 - [MESSAGE][PASSED] - Delayed 3 second(s)

2018-12-10 10:15:27 - [TEST_STEP][PASSED] - delay: Delayed 4 second(s)

2018-12-10 10:15:31 - [MESSAGE][PASSED] - Delayed 4 second(s)

2018-12-10 10:15:31 - [TEST_STEP][PASSED] - click: Object: 'Object Repository/Final Object Repo/Page_Update Employer Information/Save  Continue' is clicked on

2018-12-10 10:15:31 - [MESSAGE][PASSED] - Object: 'Object Repository/Final Object Repo/Page_Update Employer Information/Save  Continue' is clicked on

2018-12-10 10:15:31 - [TEST_STEP][PASSED] - delay: Delayed 4 second(s)

2018-12-10 10:15:35 - [MESSAGE][PASSED] - Delayed 4 second(s)

2018-12-10 10:15:35 - [TEST_STEP][PASSED] - click: Object: 'Object Repository/Final Object Repo/Page_Update Employer Information/Save  Continue (1)' is clicked on

2018-12-10 10:15:35 - [MESSAGE][PASSED] - Object: 'Object Repository/Final Object Repo/Page_Update Employer Information/Save  Continue (1)' is clicked on

2018-12-10 10:15:35 - [TEST_STEP][PASSED] - Statement - CaseReferenceNo = com.kms.katalon.core.webui.keyword.WebUiBuiltInKeywords.getText(com.kms.katalon.core.testobject.ObjectRepository.findTestObject(Final Object Repo/Page_Update Employer Information/Reference Number in Update Employee Information Page)): Text of object 'Object Repository/Final Object Repo/Page_Update Employer Information/Reference Number in Update Employee Information Page' is: 'CUN122018C100005928'

2018-12-10 10:15:39 - [MESSAGE][PASSED] - Text of object 'Object Repository/Final Object Repo/Page_Update Employer Information/Reference Number in Update Employee Information Page' is: 'CUN122018C100005928'

2018-12-10 10:15:39 - [TEST_STEP][PASSED] - callTestCase: Call Test Case 'Test Cases/Final Aug 2018 - PKS Automation/Common/Reference Number Setter' successfully

2018-12-10 10:15:39 - [TEST_CASE][PASSED] - Test Cases/Final Aug 2018 - PKS Automation/Common/Reference Number Setter: Test Cases/Final Aug 2018 - PKS Automation/Common/Reference Number Setter

2018-12-10 10:15:39 - [TEST_STEP][PASSED] - Statement - RefNoOldFile = new java.io.File(C://Users//Admin//Desktop//PKS//Automation Reference Point//KatalonReference.txt): null

2018-12-10 10:15:39 - [TEST_STEP][PASSED] - Statement - RefNoOldFile.delete(): null

2018-12-10 10:15:39 - [TEST_STEP][PASSED] - delay: Delayed 5 second(s)

2018-12-10 10:15:44 - [MESSAGE][PASSED] - Delayed 5 second(s)

2018-12-10 10:15:44 - [TEST_STEP][PASSED] - Statement - RefNo = new java.io.File(C://Users//Admin//Desktop//PKS//Automation Reference Point//KatalonReference.txt): null

2018-12-10 10:15:44 - [TEST_STEP][PASSED] - Statement - f2 = new java.io.FileWriter(RefNo, false): null

2018-12-10 10:15:44 - [TEST_STEP][PASSED] - Statement - f2.write(CaseReferenceNo): null

2018-12-10 10:15:44 - [TEST_STEP][PASSED] - Statement - f2.close(): null

2018-12-10 10:15:44 - [TEST_STEP][PASSED] - Statement - out.println("


" + CaseReferenceNo + "


"): null

2018-12-10 10:15:44 - [MESSAGE][PASSED] - Call Test Case 'Test Cases/Final Aug 2018 - PKS Automation/Common/Reference Number Setter' successfully

2018-12-10 10:15:44 - [TEST_STEP][PASSED] - delay: Delayed 4 second(s)

2018-12-10 10:15:48 - [MESSAGE][PASSED] - Delayed 4 second(s)

2018-12-10 10:15:48 - [TEST_STEP][PASSED] - click: Object: 'Object Repository/Final Object Repo/Page_Update Employer Information/Submit - Copy' is clicked on

2018-12-10 10:15:48 - [MESSAGE][PASSED] - Object: 'Object Repository/Final Object Repo/Page_Update Employer Information/Submit - Copy' is clicked on

2018-12-10 10:15:48 - [TEST_STEP][PASSED] - delay: Delayed 2 second(s)

2018-12-10 10:15:50 - [MESSAGE][PASSED] - Delayed 2 second(s)

2018-12-10 10:15:50 - [TEST_STEP][PASSED] - click: Object: 'Object Repository/Final Object Repo/Page_Update Employer Information/Confirm' is clicked on

2018-12-10 10:15:50 - [MESSAGE][PASSED] - Object: 'Object Repository/Final Object Repo/Page_Update Employer Information/Confirm' is clicked on

2018-12-10 10:15:50 - [TEST_STEP][PASSED] - delay: Delayed 2 second(s)

2018-12-10 10:15:52 - [MESSAGE][PASSED] - Delayed 2 second(s)

2018-12-10 10:15:52 - [TEST_STEP][PASSED] - click: Object: 'Object Repository/Final Object Repo/Page_Update Employer Information/Message Your Request will be route' is clicked on

2018-12-10 10:15:54 - [MESSAGE][PASSED] - Object: 'Object Repository/Final Object Repo/Page_Update Employer Information/Message Your Request will be route' is clicked on

2018-12-10 10:15:54 - [MESSAGE][PASSED] - Call Test Case 'Test Cases/Final Aug 2018 - PKS Automation/Registration Module/Workflow/Update Employer Information/Template/Update Employer Information - Special Case (PAU)' successfully

2018-12-10 10:15:54 - [TEST_STEP][PASSED] - callTestCase: Call Test Case 'Test Cases/Final Aug 2018 - PKS Automation/Registration Module/Workflow/Update Employer Information/Template/Update Employer Information - Special Case - UO (Approve)' successfully

2018-12-10 10:15:54 - [TEST_CASE][PASSED] - Test Cases/Final Aug 2018 - PKS Automation/Registration Module/Workflow/Update Employer Information/Template/Update Employer Information - Special Case - UO (Approve): Test Cases/Final Aug 2018 - PKS Automation/Registration Module/Workflow/Update Employer Information/Template/Update Employer Information - Special Case - UO (Approve)

2018-12-10 10:15:54 - [TEST_STEP][NOT_RUN] - callTestCase: NOT_RUN: callTestCase

2018-12-10 10:15:54 - [MESSAGE][NOT_RUN] - NOT_RUN: callTestCase

2018-12-10 10:15:54 - [TEST_STEP][NOT_RUN] - delay: NOT_RUN: delay

2018-12-10 10:15:54 - [MESSAGE][NOT_RUN] - NOT_RUN: delay

2018-12-10 10:15:54 - [TEST_STEP][NOT_RUN] - navigateToUrl: NOT_RUN: navigateToUrl

2018-12-10 10:15:54 - [MESSAGE][NOT_RUN] - NOT_RUN: navigateToUrl

2018-12-10 10:15:54 - [TEST_STEP][PASSED] - delay: Delayed 1 second(s)

2018-12-10 10:15:55 - [MESSAGE][PASSED] - Delayed 1 second(s)

2018-12-10 10:15:55 - [TEST_STEP][PASSED] - callTestCase: Call Test Case 'Test Cases/Final Aug 2018 - PKS Automation/Common/Reference Number Getter' successfully

2018-12-10 10:15:55 - [TEST_CASE][PASSED] - Test Cases/Final Aug 2018 - PKS Automation/Common/Reference Number Getter: Test Cases/Final Aug 2018 - PKS Automation/Common/Reference Number Getter

2018-12-10 10:15:55 - [TEST_STEP][PASSED] - Statement - Try: null

2018-12-10 10:15:55 - [TEST_STEP][PASSED] - Statement - RefNo = new java.io.File(C://Users//Admin//Desktop//PKS//Automation Reference Point//KatalonReference.txt): null

2018-12-10 10:15:55 - [TEST_STEP][PASSED] - Statement - bufferread = new java.io.BufferedReader(new java.io.FileReader(RefNo)): null

2018-12-10 10:15:55 - [TEST_STEP][PASSED] - Statement - readedVal = bufferread.readLine(): null

2018-12-10 10:15:55 - [TEST_STEP][PASSED] - Statement - out.println(CaseReferenceNo): null

2018-12-10 10:15:55 - [TEST_STEP][PASSED] - Statement - out.println(readedVal): null

2018-12-10 10:15:55 - [TEST_STEP][PASSED] - Statement - CaseReferenceNo = "": null

2018-12-10 10:15:55 - [TEST_STEP][PASSED] - Statement - CaseReferenceNo = readedVal: null

2018-12-10 10:15:55 - [MESSAGE][PASSED] - Call Test Case 'Test Cases/Final Aug 2018 - PKS Automation/Common/Reference Number Getter' successfully

2018-12-10 10:15:55 - [TEST_STEP][PASSED] - callTestCase: Call Test Case 'Test Cases/Final Aug 2018 - PKS Automation/Common/Workflow Owner Finder' successfully

2018-12-10 10:15:55 - [TEST_CASE][PASSED] - Test Cases/Final Aug 2018 - PKS Automation/Common/Workflow Owner Finder: Test Cases/Final Aug 2018 - PKS Automation/Common/Workflow Owner Finder

2018-12-10 10:15:55 - [TEST_STEP][PASSED] - openBrowser: Browser is opened with url: ''

2018-12-10 10:15:55 - [MESSAGE][WARNING] - A browser is already opened. Closing browser and opening a new one

2018-12-10 10:15:58 - [MESSAGE][PASSED] - Browser is opened with url: ''

2018-12-10 10:15:58 - [TEST_STEP][PASSED] - navigateToUrl: Navigate to 'https://assist2-uat.perkeso.gov.my/login' successfully

2018-12-10 10:15:59 - [MESSAGE][PASSED] - Navigate to 'https://assist2-uat.perkeso.gov.my/login' successfully

2018-12-10 10:15:59 - [TEST_STEP][PASSED] - delay: Delayed 5 second(s)

2018-12-10 10:16:04 - [MESSAGE][PASSED] - Delayed 5 second(s)

2018-12-10 10:16:04 - [TEST_STEP][PASSED] - setText: Text 'test@liferay.com' is set on object 'Object Repository/Final Object Repo/Login Page/Internal User/Email Address'

2018-12-10 10:16:05 - [MESSAGE][PASSED] - Text 'test@liferay.com' is set on object 'Object Repository/Final Object Repo/Login Page/Internal User/Email Address'

2018-12-10 10:16:05 - [TEST_STEP][PASSED] - click: Object: 'Object Repository/Final Object Repo/Login Page/Internal User/Next Button' is clicked on

2018-12-10 10:16:05 - [MESSAGE][PASSED] - Object: 'Object Repository/Final Object Repo/Login Page/Internal User/Next Button' is clicked on

2018-12-10 10:16:05 - [TEST_STEP][PASSED] - delay: Delayed 2 second(s)

2018-12-10 10:16:07 - [MESSAGE][PASSED] - Delayed 2 second(s)

2018-12-10 10:16:07 - [TEST_STEP][PASSED] - setText: Text 'test' is set on object 'Object Repository/Final Object Repo/Login Page/Internal User/Password'

2018-12-10 10:16:08 - [MESSAGE][PASSED] - Text 'test' is set on object 'Object Repository/Final Object Repo/Login Page/Internal User/Password'

2018-12-10 10:16:08 - [TEST_STEP][PASSED] - delay: Delayed 2 second(s)

2018-12-10 10:16:10 - [MESSAGE][PASSED] - Delayed 2 second(s)

2018-12-10 10:16:10 - [TEST_STEP][PASSED] - click: Object: 'Object Repository/Final Object Repo/Login Page/Internal User/Login Button' is clicked on

2018-12-10 10:16:10 - [MESSAGE][PASSED] - Object: 'Object Repository/Final Object Repo/Login Page/Internal User/Login Button' is clicked on

2018-12-10 10:16:10 - [TEST_STEP][PASSED] - Statement - tester = com.kms.katalon.core.testobject.ObjectRepository.findTestObject(Final Object Repo/Landing Page/Select to English): Finding Test Object with id 'Object Repository/Final Object Repo/Landing Page/Select to English'

2018-12-10 10:16:10 - [TEST_STEP][PASSED] - Statement - Try: Delayed 2 second(s)

2018-12-10 10:16:10 - [TEST_STEP][PASSED] - Statement - Checker = com.kms.katalon.core.webui.keyword.WebUiBuiltInKeywords.verifyElementNotPresent(tester, 3): Web element with id: 'Object Repository/Final Object Repo/Landing Page/Select to English' located by 'By.xpath: //a[@class = 'taglib-language-list-text' and @lang = 'en-US' and (contains(text(), 'EN') or contains(., 'EN'))]' is not present after '3' second(s)

2018-12-10 10:16:12 - [MESSAGE][PASSED] - Web element with id: 'Object Repository/Final Object Repo/Landing Page/Select to English' located by 'By.xpath: //a[@class = 'taglib-language-list-text' and @lang = 'en-US' and (contains(text(), 'EN') or contains(., 'EN'))]' is not present after '3' second(s)

2018-12-10 10:16:12 - [TEST_STEP][PASSED] - Statement - If (Checker == false): null

2018-12-10 10:16:12 - [TEST_STEP][PASSED] - delay: Delayed 2 second(s)

2018-12-10 10:16:14 - [MESSAGE][PASSED] - Delayed 2 second(s)

2018-12-10 10:16:14 - [TEST_STEP][PASSED] - delay: Delayed 5 second(s)

2018-12-10 10:16:19 - [MESSAGE][PASSED] - Delayed 5 second(s)

2018-12-10 10:16:19 - [TEST_STEP][PASSED] - mouseOver: Object: 'Object Repository/Final Object Repo/Landing Page/WorkFlow Menu' is hovered

2018-12-10 10:16:19 - [MESSAGE][PASSED] - Object: 'Object Repository/Final Object Repo/Landing Page/WorkFlow Menu' is hovered

2018-12-10 10:16:19 - [TEST_STEP][PASSED] - delay: Delayed 2 second(s)

2018-12-10 10:16:21 - [MESSAGE][PASSED] - Delayed 2 second(s)

2018-12-10 10:16:21 - [TEST_STEP][PASSED] - click: Object: 'Object Repository/Final Object Repo/Landing Page/Select to Workflow Listing' is clicked on

2018-12-10 10:16:22 - [MESSAGE][PASSED] - Object: 'Object Repository/Final Object Repo/Landing Page/Select to Workflow Listing' is clicked on

2018-12-10 10:16:22 - [TEST_STEP][PASSED] - delay: Delayed 2 second(s)

2018-12-10 10:16:24 - [MESSAGE][PASSED] - Delayed 2 second(s)

2018-12-10 10:16:24 - [TEST_STEP][PASSED] - click: Object: 'Object Repository/Final Object Repo/WorkFlow Listing Page/Search Information - To Put Ref No' is clicked on

2018-12-10 10:16:25 - [MESSAGE][PASSED] - Object: 'Object Repository/Final Object Repo/WorkFlow Listing Page/Search Information - To Put Ref No' is clicked on

2018-12-10 10:16:25 - [TEST_STEP][PASSED] - delay: Delayed 2 second(s)

2018-12-10 10:16:27 - [MESSAGE][PASSED] - Delayed 2 second(s)

2018-12-10 10:16:27 - [TEST_STEP][PASSED] - callTestCase: Call Test Case 'Test Cases/Final Aug 2018 - PKS Automation/Common/Reference Number Getter' successfully

2018-12-10 10:16:27 - [TEST_CASE][PASSED] - Test Cases/Final Aug 2018 - PKS Automation/Common/Reference Number Getter: Test Cases/Final Aug 2018 - PKS Automation/Common/Reference Number Getter

2018-12-10 10:16:27 - [TEST_STEP][PASSED] - Statement - Try: null

2018-12-10 10:16:27 - [TEST_STEP][PASSED] - Statement - RefNo = new java.io.File(C://Users//Admin//Desktop//PKS//Automation Reference Point//KatalonReference.txt): null

2018-12-10 10:16:27 - [TEST_STEP][PASSED] - Statement - bufferread = new java.io.BufferedReader(new java.io.FileReader(RefNo)): null

2018-12-10 10:16:27 - [TEST_STEP][PASSED] - Statement - readedVal = bufferread.readLine(): null

2018-12-10 10:16:27 - [TEST_STEP][PASSED] - Statement - out.println(CaseReferenceNo): null

2018-12-10 10:16:27 - [TEST_STEP][PASSED] - Statement - out.println(readedVal): null

2018-12-10 10:16:27 - [TEST_STEP][PASSED] - Statement - CaseReferenceNo = "": null

2018-12-10 10:16:27 - [TEST_STEP][PASSED] - Statement - CaseReferenceNo = readedVal: null

2018-12-10 10:16:27 - [MESSAGE][PASSED] - Call Test Case 'Test Cases/Final Aug 2018 - PKS Automation/Common/Reference Number Getter' successfully

2018-12-10 10:16:27 - [TEST_STEP][PASSED] - setText: Text 'CUN122018C100005928' is set on object 'Object Repository/Final Object Repo/WorkFlow Listing Page/Ref No Set Text'

2018-12-10 10:16:27 - [MESSAGE][PASSED] - Text 'CUN122018C100005928' is set on object 'Object Repository/Final Object Repo/WorkFlow Listing Page/Ref No Set Text'

2018-12-10 10:16:27 - [TEST_STEP][PASSED] - delay: Delayed 2 second(s)

2018-12-10 10:16:29 - [MESSAGE][PASSED] - Delayed 2 second(s)

2018-12-10 10:16:29 - [TEST_STEP][PASSED] - click: Object: 'Object Repository/Final Object Repo/WorkFlow Listing Page/Search Ref No Search Button' is clicked on

2018-12-10 10:16:29 - [MESSAGE][PASSED] - Object: 'Object Repository/Final Object Repo/WorkFlow Listing Page/Search Ref No Search Button' is clicked on

2018-12-10 10:16:29 - [TEST_STEP][PASSED] - delay: Delayed 6 second(s)

2018-12-10 10:16:35 - [MESSAGE][PASSED] - Delayed 6 second(s)

2018-12-10 10:16:35 - [TEST_STEP][PASSED] - click: Object: 'Object Repository/Final Object Repo/WorkFlow Listing Page/Click Continue Tooltip' is clicked on

2018-12-10 10:16:36 - [MESSAGE][PASSED] - Object: 'Object Repository/Final Object Repo/WorkFlow Listing Page/Click Continue Tooltip' is clicked on

2018-12-10 10:16:36 - [TEST_STEP][PASSED] - delay: Delayed 5 second(s)

2018-12-10 10:16:41 - [MESSAGE][PASSED] - Delayed 5 second(s)

2018-12-10 10:16:41 - [TEST_STEP][PASSED] - doubleClick: Object: 'Object Repository/Final Object Repo/WorkFlow Listing Page/Workflow Found - Listing 1' is double clicked on

2018-12-10 10:16:42 - [MESSAGE][PASSED] - Object: 'Object Repository/Final Object Repo/WorkFlow Listing Page/Workflow Found - Listing 1' is double clicked on

2018-12-10 10:16:42 - [TEST_STEP][PASSED] - Statement - println(OwnerID): null

2018-12-10 10:16:42 - [TEST_STEP][PASSED] - Statement - OwnerID = com.kms.katalon.core.webui.keyword.WebUiBuiltInKeywords.getText(com.kms.katalon.core.testobject.ObjectRepository.findTestObject(Final Object Repo/WorkFlow Listing Page/Workflow Found - Listing 1), STOP_ON_FAILURE): Text of object 'Object Repository/Final Object Repo/WorkFlow Listing Page/Workflow Found - Listing 1' is: 'JOHORuo1'

2018-12-10 10:16:42 - [MESSAGE][PASSED] - Text of object 'Object Repository/Final Object Repo/WorkFlow Listing Page/Workflow Found - Listing 1' is: 'JOHORuo1'

2018-12-10 10:16:42 - [TEST_STEP][PASSED] - Statement - OwnerID = OwnerID.toLowerCase() + "@gmail.com": null

2018-12-10 10:16:42 - [TEST_STEP][PASSED] - Statement - println(OwnerID): null

2018-12-10 10:16:42 - [TEST_STEP][PASSED] - delay: Delayed 2 second(s)

2018-12-10 10:16:44 - [MESSAGE][PASSED] - Delayed 2 second(s)

2018-12-10 10:16:44 - [MESSAGE][PASSED] - Call Test Case 'Test Cases/Final Aug 2018 - PKS Automation/Common/Workflow Owner Finder' successfully

2018-12-10 10:16:44 - [TEST_STEP][PASSED] - delay: Delayed 1 second(s)

2018-12-10 10:16:45 - [MESSAGE][PASSED] - Delayed 1 second(s)

2018-12-10 10:16:45 - [TEST_STEP][PASSED] - navigateToUrl: Navigate to 'https://assist2-uat.perkeso.gov.my/c/portal/logout' successfully

2018-12-10 10:16:46 - [MESSAGE][PASSED] - Navigate to 'https://assist2-uat.perkeso.gov.my/c/portal/logout' successfully

2018-12-10 10:16:46 - [TEST_STEP][PASSED] - callTestCase: Call Test Case 'Test Cases/Final Aug 2018 - PKS Automation/Registration Module/Workflow/Login and Search Case For Workflow' successfully

2018-12-10 10:16:46 - [TEST_CASE][PASSED] - Test Cases/Final Aug 2018 - PKS Automation/Registration Module/Workflow/Login and Search Case For Workflow: Test Cases/Final Aug 2018 - PKS Automation/Registration Module/Workflow/Login and Search Case For Workflow

2018-12-10 10:16:46 - [TEST_STEP][PASSED] - navigateToUrl: Navigate to 'https://assist2-uat.perkeso.gov.my/login' successfully

2018-12-10 10:16:46 - [MESSAGE][PASSED] - Navigate to 'https://assist2-uat.perkeso.gov.my/login' successfully

2018-12-10 10:16:46 - [TEST_STEP][PASSED] - setText: Text 'johoruo1@gmail.com' is set on object 'Object Repository/Final Object Repo/Login Page/Internal User/Email Address'

2018-12-10 10:16:47 - [MESSAGE][PASSED] - Text 'johoruo1@gmail.com' is set on object 'Object Repository/Final Object Repo/Login Page/Internal User/Email Address'

2018-12-10 10:16:47 - [TEST_STEP][PASSED] - click: Object: 'Object Repository/Final Object Repo/Login Page/Internal User/Next Button' is clicked on

2018-12-10 10:16:47 - [MESSAGE][PASSED] - Object: 'Object Repository/Final Object Repo/Login Page/Internal User/Next Button' is clicked on

2018-12-10 10:16:47 - [TEST_STEP][PASSED] - delay: Delayed 1 second(s)

2018-12-10 10:16:48 - [MESSAGE][PASSED] - Delayed 1 second(s)

2018-12-10 10:16:48 - [TEST_STEP][PASSED] - setEncryptedText: Text ****** has been set on object 'Object Repository/Final Object Repo/Login Page/Internal User/Password'

2018-12-10 10:16:48 - [MESSAGE][PASSED] - Text ****** has been set on object 'Object Repository/Final Object Repo/Login Page/Internal User/Password'

2018-12-10 10:16:48 - [TEST_STEP][PASSED] - click: Object: 'Object Repository/Final Object Repo/Login Page/Internal User/Login Button' is clicked on

2018-12-10 10:16:48 - [MESSAGE][PASSED] - Object: 'Object Repository/Final Object Repo/Login Page/Internal User/Login Button' is clicked on

2018-12-10 10:16:48 - [TEST_STEP][PASSED] - delay: Delayed 2 second(s)

2018-12-10 10:16:50 - [MESSAGE][PASSED] - Delayed 2 second(s)

2018-12-10 10:16:50 - [TEST_STEP][PASSED] - Statement - Try: Delayed 2 second(s)

2018-12-10 10:16:50 - [TEST_STEP][PASSED] - Statement - Checker = false: null

2018-12-10 10:16:50 - [TEST_STEP][PASSED] - Statement - Checker = com.kms.katalon.core.webui.keyword.WebUiBuiltInKeywords.verifyElementHasAttribute(com.kms.katalon.core.testobject.ObjectRepository.findTestObject(Final Object Repo/Landing Page/BM Detecting), "href", 20, OPTIONAL): Object 'Object Repository/Final Object Repo/Landing Page/BM Detecting' has attribute 'href'

2018-12-10 10:16:50 - [MESSAGE][PASSED] - Object 'Object Repository/Final Object Repo/Landing Page/BM Detecting' has attribute 'href'

2018-12-10 10:16:50 - [TEST_STEP][PASSED] - Statement - out.println(Checker): null

2018-12-10 10:16:50 - [TEST_STEP][PASSED] - Statement - If (Checker == false): null

2018-12-10 10:16:50 - [TEST_STEP][PASSED] - Statement - Else: null

2018-12-10 10:16:50 - [TEST_STEP][PASSED] - delay: Delayed 2 second(s)

2018-12-10 10:16:52 - [MESSAGE][PASSED] - Delayed 2 second(s)

2018-12-10 10:16:52 - [TEST_STEP][PASSED] - click: Object: 'Object Repository/Final Object Repo/Page_MyASSIST - ASSIST - Search Pending Case For Add Supporting Document/Search Information' is clicked on

2018-12-10 10:16:53 - [MESSAGE][PASSED] - Object: 'Object Repository/Final Object Repo/Page_MyASSIST - ASSIST - Search Pending Case For Add Supporting Document/Search Information' is clicked on

2018-12-10 10:16:53 - [TEST_STEP][PASSED] - delay: Delayed 3 second(s)

2018-12-10 10:16:56 - [MESSAGE][PASSED] - Delayed 3 second(s)

2018-12-10 10:16:56 - [TEST_STEP][PASSED] - sendKeys: Keys 'CUN122018C100005928' sent to object: 'Object Repository/Final Object Repo/Page_MyASSIST - ASSIST - Search Pending Case For Add Supporting Document/Reference No'

2018-12-10 10:16:56 - [MESSAGE][PASSED] - Keys 'CUN122018C100005928' sent to object: 'Object Repository/Final Object Repo/Page_MyASSIST - ASSIST - Search Pending Case For Add Supporting Document/Reference No'

2018-12-10 10:16:56 - [TEST_STEP][PASSED] - click: Object: 'Object Repository/Final Object Repo/Page_MyASSIST - ASSIST - Search Pending Case For Add Supporting Document/Search Reference No' is clicked on

2018-12-10 10:16:56 - [MESSAGE][PASSED] - Object: 'Object Repository/Final Object Repo/Page_MyASSIST - ASSIST - Search Pending Case For Add Supporting Document/Search Reference No' is clicked on

2018-12-10 10:16:56 - [TEST_STEP][PASSED] - delay: Delayed 2 second(s)

2018-12-10 10:16:58 - [MESSAGE][PASSED] - Delayed 2 second(s)

2018-12-10 10:16:58 - [TEST_STEP][PASSED] - click: Object: 'Object Repository/Final Object Repo/Page_MyASSIST - ASSIST - Search Pending Case For Add Supporting Document/Continue' is clicked on

2018-12-10 10:17:02 - [MESSAGE][PASSED] - Object: 'Object Repository/Final Object Repo/Page_MyASSIST - ASSIST - Search Pending Case For Add Supporting Document/Continue' is clicked on

2018-12-10 10:17:02 - [TEST_STEP][PASSED] - delay: Delayed 20 second(s)

2018-12-10 10:17:22 - [MESSAGE][PASSED] - Delayed 20 second(s)

2018-12-10 10:17:22 - [MESSAGE][PASSED] - Call Test Case 'Test Cases/Final Aug 2018 - PKS Automation/Registration Module/Workflow/Login and Search Case For Workflow' successfully

2018-12-10 10:17:22 - [TEST_STEP][PASSED] - delay: Delayed 10 second(s)

2018-12-10 10:17:32 - [MESSAGE][PASSED] - Delayed 10 second(s)

2018-12-10 10:17:32 - [TEST_STEP][PASSED] - click: Object: 'Object Repository/Final Object Repo/Page_Update Employer Information/Page_Update Employer Information UO (Approve)/Continue' is clicked on

2018-12-10 10:17:35 - [MESSAGE][PASSED] - Object: 'Object Repository/Final Object Repo/Page_Update Employer Information/Page_Update Employer Information UO (Approve)/Continue' is clicked on

2018-12-10 10:17:35 - [TEST_STEP][PASSED] - delay: Delayed 10 second(s)

2018-12-10 10:17:45 - [MESSAGE][PASSED] - Delayed 10 second(s)

2018-12-10 10:17:45 - [TEST_STEP][PASSED] - click: Object: 'Object Repository/Final Object Repo/Page_Update Employer Information/Page_Update Employer Information UO (Approve)/Save  Continue in Update Employer Information Page' is clicked on

2018-12-10 10:17:46 - [MESSAGE][PASSED] - Object: 'Object Repository/Final Object Repo/Page_Update Employer Information/Page_Update Employer Information UO (Approve)/Save  Continue in Update Employer Information Page' is clicked on

2018-12-10 10:17:46 - [TEST_STEP][PASSED] - delay: Delayed 3 second(s)

2018-12-10 10:17:49 - [MESSAGE][PASSED] - Delayed 3 second(s)

2018-12-10 10:17:49 - [TEST_STEP][PASSED] - click: Object: 'Object Repository/Final Object Repo/Page_Update Employer Information/Page_Update Employer Information UO (Approve)/Save  Continue in Uploading Supporting Document Page' is clicked on

2018-12-10 10:17:50 - [MESSAGE][PASSED] - Object: 'Object Repository/Final Object Repo/Page_Update Employer Information/Page_Update Employer Information UO (Approve)/Save  Continue in Uploading Supporting Document Page' is clicked on

2018-12-10 10:17:50 - [TEST_STEP][PASSED] - delay: Delayed 3 second(s)

2018-12-10 10:17:53 - [MESSAGE][PASSED] - Delayed 3 second(s)

2018-12-10 10:17:53 - [TEST_STEP][PASSED] - click: Object: 'Object Repository/Final Object Repo/Page_Update Employer Information/Page_Update Employer Information UO (Approve)/Approve' is clicked on

2018-12-10 10:17:54 - [MESSAGE][PASSED] - Object: 'Object Repository/Final Object Repo/Page_Update Employer Information/Page_Update Employer Information UO (Approve)/Approve' is clicked on

2018-12-10 10:17:54 - [TEST_STEP][PASSED] - delay: Delayed 2 second(s)

2018-12-10 10:17:56 - [MESSAGE][PASSED] - Delayed 2 second(s)

2018-12-10 10:17:56 - [TEST_STEP][PASSED] - click: Object: 'Object Repository/Final Object Repo/Page_Update Employer Information/Page_Update Employer Information UO (Approve)/Confirm' is clicked on

2018-12-10 10:17:56 - [MESSAGE][PASSED] - Object: 'Object Repository/Final Object Repo/Page_Update Employer Information/Page_Update Employer Information UO (Approve)/Confirm' is clicked on

2018-12-10 10:17:56 - [TEST_STEP][PASSED] - delay: Delayed 2 second(s)

2018-12-10 10:17:58 - [MESSAGE][PASSED] - Delayed 2 second(s)

2018-12-10 10:17:58 - [TEST_STEP][PASSED] - verifyElementVisible: Object 'Object Repository/Final Object Repo/Page_Update Employer Information/Page_Update Employer Information UO (Approve)/Message Your Request' is visible

2018-12-10 10:18:05 - [MESSAGE][PASSED] - Object 'Object Repository/Final Object Repo/Page_Update Employer Information/Page_Update Employer Information UO (Approve)/Message Your Request' is visible

2018-12-10 10:18:05 - [TEST_STEP][PASSED] - verifyElementVisible: Object 'Object Repository/Final Object Repo/Page_Update Employer Information/Page_Update Employer Information UO (Approve)/Letter of successful update' is visible

2018-12-10 10:18:05 - [MESSAGE][PASSED] - Object 'Object Repository/Final Object Repo/Page_Update Employer Information/Page_Update Employer Information UO (Approve)/Letter of successful update' is visible

2018-12-10 10:18:05 - [MESSAGE][PASSED] - Call Test Case 'Test Cases/Final Aug 2018 - PKS Automation/Registration Module/Workflow/Update Employer Information/Template/Update Employer Information - Special Case - UO (Approve)' successfully]]></system-out>
         <system-err><![CDATA[]]></system-err>
      </testcase>
      <testcase name="Test Cases/Final Aug 2018 - PKS Automation/Registration Module/Workflow/Update Employer Information/PAU - UO (Query)" classname="Test Cases/Final Aug 2018 - PKS Automation/Registration Module/Workflow/Update Employer Information/PAU - UO (Query)" status="FAILED">
         <failure type="FAILED" message="(Stack trace: com.kms.katalon.core.exception.StepFailedException: Unable to get text of object 'Object Repository/Final Object Repo/Page_Update Employer Information/Reference Number in Update Employee Information Page' (Root cause: org.openqa.selenium.StaleElementReferenceException: stale element reference: element is not attached to the page document
  (Session info: chrome=70.0.3538.110)
  (Driver info: chromedriver=2.43.600210 (68dcf5eebde37173d4027fa8635e332711d2874a),platform=Windows NT 6.1.7601 SP1 x86_64) (WARNING: The server did not provide any stacktrace information)
Command duration or timeout: 0 milliseconds
For documentation on this error, please visit: http://seleniumhq.org/exceptions/stale_element_reference.html
Build info: version: '3.7.1', revision: '8a0099a', time: '2017-11-06T21:07:36.161Z'
System info: host: 'WIN7TEST02', ip: '10.20.3.72', os.name: 'Windows 7', os.arch: 'amd64', os.version: '6.1', java.version: '1.8.0_181'
Driver info: com.kms.katalon.selenium.driver.CChromeDriver
Capabilities {acceptInsecureCerts: false, acceptSslCerts: false, applicationCacheEnabled: false, browserConnectionEnabled: false, browserName: chrome, chrome: {chromedriverVersion: 2.43.600210 (68dcf5eebde371..., userDataDir: C:\Users\Admin\AppData\Loca...}, cssSelectorsEnabled: true, databaseEnabled: false, goog:chromeOptions: {debuggerAddress: localhost:60688}, handlesAlerts: true, hasTouchScreen: false, javascriptEnabled: true, locationContextEnabled: true, mobileEmulationEnabled: false, nativeEvents: true, networkConnectionEnabled: false, pageLoadStrategy: normal, platform: XP, platformName: XP, rotatable: false, setWindowRect: true, takesHeapSnapshot: true, takesScreenshot: true, unexpectedAlertBehaviour: , unhandledPromptBehavior: , version: 70.0.3538.110, webStorageEnabled: true}
Session ID: 55351dad626df124675c3e13977a058d)
	at com.kms.katalon.core.keyword.internal.KeywordMain.stepFailed(KeywordMain.groovy:32)
	at com.kms.katalon.core.webui.keyword.internal.WebUIKeywordMain.stepFailed(WebUIKeywordMain.groovy:65)
	at com.kms.katalon.core.webui.keyword.internal.WebUIKeywordMain.runKeyword(WebUIKeywordMain.groovy:27)
	at com.kms.katalon.core.webui.keyword.builtin.GetTextKeyword.getText(GetTextKeyword.groovy:88)
	at com.kms.katalon.core.webui.keyword.builtin.GetTextKeyword.execute(GetTextKeyword.groovy:67)
	at com.kms.katalon.core.keyword.internal.KeywordExecutor.executeKeywordForPlatform(KeywordExecutor.groovy:53)
	at com.kms.katalon.core.webui.keyword.WebUiBuiltInKeywords.getText(WebUiBuiltInKeywords.groovy:888)
	at com.kms.katalon.core.webui.keyword.WebUiBuiltInKeywords$getText$5.call(Unknown Source)
	at Script1536221052180.run(Script1536221052180.groovy:138)
	at com.kms.katalon.core.main.ScriptEngine.run(ScriptEngine.java:183)
	at com.kms.katalon.core.main.ScriptEngine.runScriptAsRawText(ScriptEngine.java:108)
	at com.kms.katalon.core.main.TestCaseExecutor.runScript(TestCaseExecutor.java:294)
	at com.kms.katalon.core.main.TestCaseExecutor.doExecute(TestCaseExecutor.java:285)
	at com.kms.katalon.core.main.TestCaseExecutor.processExecutionPhase(TestCaseExecutor.java:264)
	at com.kms.katalon.core.main.TestCaseExecutor.accessMainPhase(TestCaseExecutor.java:256)
	at com.kms.katalon.core.main.TestCaseExecutor.execute(TestCaseExecutor.java:200)
	at com.kms.katalon.core.main.TestCaseMain.runTestCase(TestCaseMain.java:99)
	at com.kms.katalon.core.keyword.builtin.CallTestCaseKeyword$_callTestCase_closure1.doCall(CallTestCaseKeyword.groovy:60)
	at com.kms.katalon.core.keyword.builtin.CallTestCaseKeyword$_callTestCase_closure1.call(CallTestCaseKeyword.groovy)
	at com.kms.katalon.core.keyword.internal.KeywordMain.runKeyword(KeywordMain.groovy:54)
	at com.kms.katalon.core.keyword.builtin.CallTestCaseKeyword.callTestCase(CallTestCaseKeyword.groovy:81)
	at com.kms.katalon.core.keyword.builtin.CallTestCaseKeyword.execute(CallTestCaseKeyword.groovy:45)
	at com.kms.katalon.core.keyword.internal.KeywordExecutor.executeKeywordForPlatform(KeywordExecutor.groovy:53)
	at com.kms.katalon.core.keyword.BuiltinKeywords.callTestCase(BuiltinKeywords.groovy:334)
	at sun.reflect.GeneratedMethodAccessor13.invoke(Unknown Source)
	at sun.reflect.DelegatingMethodAccessorImpl.invoke(DelegatingMethodAccessorImpl.java:43)
	at java.lang.reflect.Method.invoke(Method.java:498)
	at org.codehaus.groovy.reflection.CachedMethod.invoke(CachedMethod.java:93)
	at groovy.lang.MetaMethod.doMethodInvoke(MetaMethod.java:325)
	at groovy.lang.MetaClassImpl.invokeStaticMethod(MetaClassImpl.java:1469)
	at org.codehaus.groovy.runtime.callsite.StaticMetaClassSite.call(StaticMetaClassSite.java:53)
	at org.codehaus.groovy.runtime.callsite.CallSiteArray.defaultCall(CallSiteArray.java:48)
	at org.codehaus.groovy.runtime.callsite.AbstractCallSite.call(AbstractCallSite.java:113)
	at org.codehaus.groovy.runtime.callsite.AbstractCallSite.call(AbstractCallSite.java:141)
	at Script1536220953611.run(Script1536220953611.groovy:22)
	at com.kms.katalon.core.main.ScriptEngine.run(ScriptEngine.java:183)
	at com.kms.katalon.core.main.ScriptEngine.runScriptAsRawText(ScriptEngine.java:108)
	at com.kms.katalon.core.main.TestCaseExecutor.runScript(TestCaseExecutor.java:294)
	at com.kms.katalon.core.main.TestCaseExecutor.doExecute(TestCaseExecutor.java:285)
	at com.kms.katalon.core.main.TestCaseExecutor.processExecutionPhase(TestCaseExecutor.java:264)
	at com.kms.katalon.core.main.TestCaseExecutor.accessMainPhase(TestCaseExecutor.java:256)
	at com.kms.katalon.core.main.TestCaseExecutor.execute(TestCaseExecutor.java:200)
	at com.kms.katalon.core.main.TestSuiteExecutor.accessTestCaseMainPhase(TestSuiteExecutor.java:129)
	at com.kms.katalon.core.main.TestSuiteExecutor.accessTestSuiteMainPhase(TestSuiteExecutor.java:112)
	at com.kms.katalon.core.main.TestSuiteExecutor.execute(TestSuiteExecutor.java:81)
	at com.kms.katalon.core.main.TestCaseMain.startTestSuite(TestCaseMain.java:142)
	at com.kms.katalon.core.main.TestCaseMain$startTestSuite$0.call(Unknown Source)
	at org.codehaus.groovy.runtime.callsite.CallSiteArray.defaultCall(CallSiteArray.java:48)
	at org.codehaus.groovy.runtime.callsite.AbstractCallSite.call(AbstractCallSite.java:113)
	at org.codehaus.groovy.runtime.callsite.AbstractCallSite.call(AbstractCallSite.java:141)
	at TempTestSuite1544406462574.run(TempTestSuite1544406462574.groovy:36)
	at groovy.lang.GroovyShell.runScriptOrMainOrTestOrRunnable(GroovyShell.java:263)
	at groovy.lang.GroovyShell.run(GroovyShell.java:518)
	at groovy.lang.GroovyShell.run(GroovyShell.java:507)
	at groovy.ui.GroovyMain.processOnce(GroovyMain.java:653)
	at groovy.ui.GroovyMain.run(GroovyMain.java:384)
	at groovy.ui.GroovyMain.process(GroovyMain.java:370)
	at groovy.ui.GroovyMain.processArgs(GroovyMain.java:129)
	at groovy.ui.GroovyMain.main(GroovyMain.java:109)
	at sun.reflect.NativeMethodAccessorImpl.invoke0(Native Method)
	at sun.reflect.NativeMethodAccessorImpl.invoke(NativeMethodAccessorImpl.java:62)
	at sun.reflect.DelegatingMethodAccessorImpl.invoke(DelegatingMethodAccessorImpl.java:43)
	at java.lang.reflect.Method.invoke(Method.java:498)
	at org.codehaus.groovy.tools.GroovyStarter.rootLoader(GroovyStarter.java:109)
	at org.codehaus.groovy.tools.GroovyStarter.main(GroovyStarter.java:131)
)"/>
         <system-out><![CDATA[2018-12-10 10:18:05 - [TEST_CASE][FAILED] - Test Cases/Final Aug 2018 - PKS Automation/Registration Module/Workflow/Update Employer Information/PAU - UO (Query): Test Cases/Final Aug 2018 - PKS Automation/Registration Module/Workflow/Update Employer Information/PAU - UO (Query) FAILED because (of) (Stack trace: com.kms.katalon.core.exception.StepFailedException: Unable to get text of object 'Object Repository/Final Object Repo/Page_Update Employer Information/Reference Number in Update Employee Information Page' (Root cause: org.openqa.selenium.StaleElementReferenceException: stale element reference: element is not attached to the page document
  (Session info: chrome=70.0.3538.110)
  (Driver info: chromedriver=2.43.600210 (68dcf5eebde37173d4027fa8635e332711d2874a),platform=Windows NT 6.1.7601 SP1 x86_64) (WARNING: The server did not provide any stacktrace information)
Command duration or timeout: 0 milliseconds
For documentation on this error, please visit: http://seleniumhq.org/exceptions/stale_element_reference.html
Build info: version: '3.7.1', revision: '8a0099a', time: '2017-11-06T21:07:36.161Z'
System info: host: 'WIN7TEST02', ip: '10.20.3.72', os.name: 'Windows 7', os.arch: 'amd64', os.version: '6.1', java.version: '1.8.0_181'
Driver info: com.kms.katalon.selenium.driver.CChromeDriver
Capabilities {acceptInsecureCerts: false, acceptSslCerts: false, applicationCacheEnabled: false, browserConnectionEnabled: false, browserName: chrome, chrome: {chromedriverVersion: 2.43.600210 (68dcf5eebde371..., userDataDir: C:\Users\Admin\AppData\Loca...}, cssSelectorsEnabled: true, databaseEnabled: false, goog:chromeOptions: {debuggerAddress: localhost:60688}, handlesAlerts: true, hasTouchScreen: false, javascriptEnabled: true, locationContextEnabled: true, mobileEmulationEnabled: false, nativeEvents: true, networkConnectionEnabled: false, pageLoadStrategy: normal, platform: XP, platformName: XP, rotatable: false, setWindowRect: true, takesHeapSnapshot: true, takesScreenshot: true, unexpectedAlertBehaviour: , unhandledPromptBehavior: , version: 70.0.3538.110, webStorageEnabled: true}
Session ID: 55351dad626df124675c3e13977a058d)
	at com.kms.katalon.core.keyword.internal.KeywordMain.stepFailed(KeywordMain.groovy:32)
	at com.kms.katalon.core.webui.keyword.internal.WebUIKeywordMain.stepFailed(WebUIKeywordMain.groovy:65)
	at com.kms.katalon.core.webui.keyword.internal.WebUIKeywordMain.runKeyword(WebUIKeywordMain.groovy:27)
	at com.kms.katalon.core.webui.keyword.builtin.GetTextKeyword.getText(GetTextKeyword.groovy:88)
	at com.kms.katalon.core.webui.keyword.builtin.GetTextKeyword.execute(GetTextKeyword.groovy:67)
	at com.kms.katalon.core.keyword.internal.KeywordExecutor.executeKeywordForPlatform(KeywordExecutor.groovy:53)
	at com.kms.katalon.core.webui.keyword.WebUiBuiltInKeywords.getText(WebUiBuiltInKeywords.groovy:888)
	at com.kms.katalon.core.webui.keyword.WebUiBuiltInKeywords$getText$5.call(Unknown Source)
	at Script1536221052180.run(Script1536221052180.groovy:138)
	at com.kms.katalon.core.main.ScriptEngine.run(ScriptEngine.java:183)
	at com.kms.katalon.core.main.ScriptEngine.runScriptAsRawText(ScriptEngine.java:108)
	at com.kms.katalon.core.main.TestCaseExecutor.runScript(TestCaseExecutor.java:294)
	at com.kms.katalon.core.main.TestCaseExecutor.doExecute(TestCaseExecutor.java:285)
	at com.kms.katalon.core.main.TestCaseExecutor.processExecutionPhase(TestCaseExecutor.java:264)
	at com.kms.katalon.core.main.TestCaseExecutor.accessMainPhase(TestCaseExecutor.java:256)
	at com.kms.katalon.core.main.TestCaseExecutor.execute(TestCaseExecutor.java:200)
	at com.kms.katalon.core.main.TestCaseMain.runTestCase(TestCaseMain.java:99)
	at com.kms.katalon.core.keyword.builtin.CallTestCaseKeyword$_callTestCase_closure1.doCall(CallTestCaseKeyword.groovy:60)
	at com.kms.katalon.core.keyword.builtin.CallTestCaseKeyword$_callTestCase_closure1.call(CallTestCaseKeyword.groovy)
	at com.kms.katalon.core.keyword.internal.KeywordMain.runKeyword(KeywordMain.groovy:54)
	at com.kms.katalon.core.keyword.builtin.CallTestCaseKeyword.callTestCase(CallTestCaseKeyword.groovy:81)
	at com.kms.katalon.core.keyword.builtin.CallTestCaseKeyword.execute(CallTestCaseKeyword.groovy:45)
	at com.kms.katalon.core.keyword.internal.KeywordExecutor.executeKeywordForPlatform(KeywordExecutor.groovy:53)
	at com.kms.katalon.core.keyword.BuiltinKeywords.callTestCase(BuiltinKeywords.groovy:334)
	at sun.reflect.GeneratedMethodAccessor13.invoke(Unknown Source)
	at sun.reflect.DelegatingMethodAccessorImpl.invoke(DelegatingMethodAccessorImpl.java:43)
	at java.lang.reflect.Method.invoke(Method.java:498)
	at org.codehaus.groovy.reflection.CachedMethod.invoke(CachedMethod.java:93)
	at groovy.lang.MetaMethod.doMethodInvoke(MetaMethod.java:325)
	at groovy.lang.MetaClassImpl.invokeStaticMethod(MetaClassImpl.java:1469)
	at org.codehaus.groovy.runtime.callsite.StaticMetaClassSite.call(StaticMetaClassSite.java:53)
	at org.codehaus.groovy.runtime.callsite.CallSiteArray.defaultCall(CallSiteArray.java:48)
	at org.codehaus.groovy.runtime.callsite.AbstractCallSite.call(AbstractCallSite.java:113)
	at org.codehaus.groovy.runtime.callsite.AbstractCallSite.call(AbstractCallSite.java:141)
	at Script1536220953611.run(Script1536220953611.groovy:22)
	at com.kms.katalon.core.main.ScriptEngine.run(ScriptEngine.java:183)
	at com.kms.katalon.core.main.ScriptEngine.runScriptAsRawText(ScriptEngine.java:108)
	at com.kms.katalon.core.main.TestCaseExecutor.runScript(TestCaseExecutor.java:294)
	at com.kms.katalon.core.main.TestCaseExecutor.doExecute(TestCaseExecutor.java:285)
	at com.kms.katalon.core.main.TestCaseExecutor.processExecutionPhase(TestCaseExecutor.java:264)
	at com.kms.katalon.core.main.TestCaseExecutor.accessMainPhase(TestCaseExecutor.java:256)
	at com.kms.katalon.core.main.TestCaseExecutor.execute(TestCaseExecutor.java:200)
	at com.kms.katalon.core.main.TestSuiteExecutor.accessTestCaseMainPhase(TestSuiteExecutor.java:129)
	at com.kms.katalon.core.main.TestSuiteExecutor.accessTestSuiteMainPhase(TestSuiteExecutor.java:112)
	at com.kms.katalon.core.main.TestSuiteExecutor.execute(TestSuiteExecutor.java:81)
	at com.kms.katalon.core.main.TestCaseMain.startTestSuite(TestCaseMain.java:142)
	at com.kms.katalon.core.main.TestCaseMain$startTestSuite$0.call(Unknown Source)
	at org.codehaus.groovy.runtime.callsite.CallSiteArray.defaultCall(CallSiteArray.java:48)
	at org.codehaus.groovy.runtime.callsite.AbstractCallSite.call(AbstractCallSite.java:113)
	at org.codehaus.groovy.runtime.callsite.AbstractCallSite.call(AbstractCallSite.java:141)
	at TempTestSuite1544406462574.run(TempTestSuite1544406462574.groovy:36)
	at groovy.lang.GroovyShell.runScriptOrMainOrTestOrRunnable(GroovyShell.java:263)
	at groovy.lang.GroovyShell.run(GroovyShell.java:518)
	at groovy.lang.GroovyShell.run(GroovyShell.java:507)
	at groovy.ui.GroovyMain.processOnce(GroovyMain.java:653)
	at groovy.ui.GroovyMain.run(GroovyMain.java:384)
	at groovy.ui.GroovyMain.process(GroovyMain.java:370)
	at groovy.ui.GroovyMain.processArgs(GroovyMain.java:129)
	at groovy.ui.GroovyMain.main(GroovyMain.java:109)
	at sun.reflect.NativeMethodAccessorImpl.invoke0(Native Method)
	at sun.reflect.NativeMethodAccessorImpl.invoke(NativeMethodAccessorImpl.java:62)
	at sun.reflect.DelegatingMethodAccessorImpl.invoke(DelegatingMethodAccessorImpl.java:43)
	at java.lang.reflect.Method.invoke(Method.java:498)
	at org.codehaus.groovy.tools.GroovyStarter.rootLoader(GroovyStarter.java:109)
	at org.codehaus.groovy.tools.GroovyStarter.main(GroovyStarter.java:131)
)

2018-12-10 10:18:06 - [TEST_STEP][FAILED] - callTestCase: Unable to call Test Case with id 'Test Cases/Final Aug 2018 - PKS Automation/Registration Module/Workflow/Update Employer Information/Template/Update Employer Information - Special Case (PAU)' (Root cause: Call Test Case 'Test Cases/Final Aug 2018 - PKS Automation/Registration Module/Workflow/Update Employer Information/Template/Update Employer Information - Special Case (PAU)' failed)

2018-12-10 10:18:06 - [TEST_CASE][FAILED] - Test Cases/Final Aug 2018 - PKS Automation/Registration Module/Workflow/Update Employer Information/Template/Update Employer Information - Special Case (PAU): Test Cases/Final Aug 2018 - PKS Automation/Registration Module/Workflow/Update Employer Information/Template/Update Employer Information - Special Case (PAU) FAILED because (of) (Stack trace: com.kms.katalon.core.exception.StepFailedException: Unable to get text of object 'Object Repository/Final Object Repo/Page_Update Employer Information/Reference Number in Update Employee Information Page' (Root cause: org.openqa.selenium.StaleElementReferenceException: stale element reference: element is not attached to the page document
  (Session info: chrome=70.0.3538.110)
  (Driver info: chromedriver=2.43.600210 (68dcf5eebde37173d4027fa8635e332711d2874a),platform=Windows NT 6.1.7601 SP1 x86_64) (WARNING: The server did not provide any stacktrace information)
Command duration or timeout: 0 milliseconds
For documentation on this error, please visit: http://seleniumhq.org/exceptions/stale_element_reference.html
Build info: version: '3.7.1', revision: '8a0099a', time: '2017-11-06T21:07:36.161Z'
System info: host: 'WIN7TEST02', ip: '10.20.3.72', os.name: 'Windows 7', os.arch: 'amd64', os.version: '6.1', java.version: '1.8.0_181'
Driver info: com.kms.katalon.selenium.driver.CChromeDriver
Capabilities {acceptInsecureCerts: false, acceptSslCerts: false, applicationCacheEnabled: false, browserConnectionEnabled: false, browserName: chrome, chrome: {chromedriverVersion: 2.43.600210 (68dcf5eebde371..., userDataDir: C:\Users\Admin\AppData\Loca...}, cssSelectorsEnabled: true, databaseEnabled: false, goog:chromeOptions: {debuggerAddress: localhost:60688}, handlesAlerts: true, hasTouchScreen: false, javascriptEnabled: true, locationContextEnabled: true, mobileEmulationEnabled: false, nativeEvents: true, networkConnectionEnabled: false, pageLoadStrategy: normal, platform: XP, platformName: XP, rotatable: false, setWindowRect: true, takesHeapSnapshot: true, takesScreenshot: true, unexpectedAlertBehaviour: , unhandledPromptBehavior: , version: 70.0.3538.110, webStorageEnabled: true}
Session ID: 55351dad626df124675c3e13977a058d)
	at com.kms.katalon.core.keyword.internal.KeywordMain.stepFailed(KeywordMain.groovy:32)
	at com.kms.katalon.core.webui.keyword.internal.WebUIKeywordMain.stepFailed(WebUIKeywordMain.groovy:65)
	at com.kms.katalon.core.webui.keyword.internal.WebUIKeywordMain.runKeyword(WebUIKeywordMain.groovy:27)
	at com.kms.katalon.core.webui.keyword.builtin.GetTextKeyword.getText(GetTextKeyword.groovy:88)
	at com.kms.katalon.core.webui.keyword.builtin.GetTextKeyword.execute(GetTextKeyword.groovy:67)
	at com.kms.katalon.core.keyword.internal.KeywordExecutor.executeKeywordForPlatform(KeywordExecutor.groovy:53)
	at com.kms.katalon.core.webui.keyword.WebUiBuiltInKeywords.getText(WebUiBuiltInKeywords.groovy:888)
	at com.kms.katalon.core.webui.keyword.WebUiBuiltInKeywords$getText$5.call(Unknown Source)
	at Script1536221052180.run(Script1536221052180.groovy:138)
	at com.kms.katalon.core.main.ScriptEngine.run(ScriptEngine.java:183)
	at com.kms.katalon.core.main.ScriptEngine.runScriptAsRawText(ScriptEngine.java:108)
	at com.kms.katalon.core.main.TestCaseExecutor.runScript(TestCaseExecutor.java:294)
	at com.kms.katalon.core.main.TestCaseExecutor.doExecute(TestCaseExecutor.java:285)
	at com.kms.katalon.core.main.TestCaseExecutor.processExecutionPhase(TestCaseExecutor.java:264)
	at com.kms.katalon.core.main.TestCaseExecutor.accessMainPhase(TestCaseExecutor.java:256)
	at com.kms.katalon.core.main.TestCaseExecutor.execute(TestCaseExecutor.java:200)
	at com.kms.katalon.core.main.TestCaseMain.runTestCase(TestCaseMain.java:99)
	at com.kms.katalon.core.keyword.builtin.CallTestCaseKeyword$_callTestCase_closure1.doCall(CallTestCaseKeyword.groovy:60)
	at com.kms.katalon.core.keyword.builtin.CallTestCaseKeyword$_callTestCase_closure1.call(CallTestCaseKeyword.groovy)
	at com.kms.katalon.core.keyword.internal.KeywordMain.runKeyword(KeywordMain.groovy:54)
	at com.kms.katalon.core.keyword.builtin.CallTestCaseKeyword.callTestCase(CallTestCaseKeyword.groovy:81)
	at com.kms.katalon.core.keyword.builtin.CallTestCaseKeyword.execute(CallTestCaseKeyword.groovy:45)
	at com.kms.katalon.core.keyword.internal.KeywordExecutor.executeKeywordForPlatform(KeywordExecutor.groovy:53)
	at com.kms.katalon.core.keyword.BuiltinKeywords.callTestCase(BuiltinKeywords.groovy:334)
	at sun.reflect.GeneratedMethodAccessor13.invoke(Unknown Source)
	at sun.reflect.DelegatingMethodAccessorImpl.invoke(DelegatingMethodAccessorImpl.java:43)
	at java.lang.reflect.Method.invoke(Method.java:498)
	at org.codehaus.groovy.reflection.CachedMethod.invoke(CachedMethod.java:93)
	at groovy.lang.MetaMethod.doMethodInvoke(MetaMethod.java:325)
	at groovy.lang.MetaClassImpl.invokeStaticMethod(MetaClassImpl.java:1469)
	at org.codehaus.groovy.runtime.callsite.StaticMetaClassSite.call(StaticMetaClassSite.java:53)
	at org.codehaus.groovy.runtime.callsite.CallSiteArray.defaultCall(CallSiteArray.java:48)
	at org.codehaus.groovy.runtime.callsite.AbstractCallSite.call(AbstractCallSite.java:113)
	at org.codehaus.groovy.runtime.callsite.AbstractCallSite.call(AbstractCallSite.java:141)
	at Script1536220953611.run(Script1536220953611.groovy:22)
	at com.kms.katalon.core.main.ScriptEngine.run(ScriptEngine.java:183)
	at com.kms.katalon.core.main.ScriptEngine.runScriptAsRawText(ScriptEngine.java:108)
	at com.kms.katalon.core.main.TestCaseExecutor.runScript(TestCaseExecutor.java:294)
	at com.kms.katalon.core.main.TestCaseExecutor.doExecute(TestCaseExecutor.java:285)
	at com.kms.katalon.core.main.TestCaseExecutor.processExecutionPhase(TestCaseExecutor.java:264)
	at com.kms.katalon.core.main.TestCaseExecutor.accessMainPhase(TestCaseExecutor.java:256)
	at com.kms.katalon.core.main.TestCaseExecutor.execute(TestCaseExecutor.java:200)
	at com.kms.katalon.core.main.TestSuiteExecutor.accessTestCaseMainPhase(TestSuiteExecutor.java:129)
	at com.kms.katalon.core.main.TestSuiteExecutor.accessTestSuiteMainPhase(TestSuiteExecutor.java:112)
	at com.kms.katalon.core.main.TestSuiteExecutor.execute(TestSuiteExecutor.java:81)
	at com.kms.katalon.core.main.TestCaseMain.startTestSuite(TestCaseMain.java:142)
	at com.kms.katalon.core.main.TestCaseMain$startTestSuite$0.call(Unknown Source)
	at org.codehaus.groovy.runtime.callsite.CallSiteArray.defaultCall(CallSiteArray.java:48)
	at org.codehaus.groovy.runtime.callsite.AbstractCallSite.call(AbstractCallSite.java:113)
	at org.codehaus.groovy.runtime.callsite.AbstractCallSite.call(AbstractCallSite.java:141)
	at TempTestSuite1544406462574.run(TempTestSuite1544406462574.groovy:36)
	at groovy.lang.GroovyShell.runScriptOrMainOrTestOrRunnable(GroovyShell.java:263)
	at groovy.lang.GroovyShell.run(GroovyShell.java:518)
	at groovy.lang.GroovyShell.run(GroovyShell.java:507)
	at groovy.ui.GroovyMain.processOnce(GroovyMain.java:653)
	at groovy.ui.GroovyMain.run(GroovyMain.java:384)
	at groovy.ui.GroovyMain.process(GroovyMain.java:370)
	at groovy.ui.GroovyMain.processArgs(GroovyMain.java:129)
	at groovy.ui.GroovyMain.main(GroovyMain.java:109)
	at sun.reflect.NativeMethodAccessorImpl.invoke0(Native Method)
	at sun.reflect.NativeMethodAccessorImpl.invoke(NativeMethodAccessorImpl.java:62)
	at sun.reflect.DelegatingMethodAccessorImpl.invoke(DelegatingMethodAccessorImpl.java:43)
	at java.lang.reflect.Method.invoke(Method.java:498)
	at org.codehaus.groovy.tools.GroovyStarter.rootLoader(GroovyStarter.java:109)
	at org.codehaus.groovy.tools.GroovyStarter.main(GroovyStarter.java:131)
)

2018-12-10 10:18:06 - [TEST_STEP][PASSED] - openBrowser: Browser is opened with url: ''

2018-12-10 10:18:06 - [MESSAGE][WARNING] - A browser is already opened. Closing browser and opening a new one

2018-12-10 10:18:09 - [MESSAGE][PASSED] - Browser is opened with url: ''

2018-12-10 10:18:09 - [TEST_STEP][PASSED] - navigateToUrl: Navigate to 'https://assist2-uat.perkeso.gov.my/login' successfully

2018-12-10 10:18:10 - [MESSAGE][PASSED] - Navigate to 'https://assist2-uat.perkeso.gov.my/login' successfully

2018-12-10 10:18:10 - [TEST_STEP][PASSED] - setText: Text 'johorpau1@gmail.com' is set on object 'Object Repository/Final Object Repo/Login Page/Internal User/Email Address'

2018-12-10 10:18:10 - [MESSAGE][PASSED] - Text 'johorpau1@gmail.com' is set on object 'Object Repository/Final Object Repo/Login Page/Internal User/Email Address'

2018-12-10 10:18:10 - [TEST_STEP][PASSED] - click: Object: 'Object Repository/Final Object Repo/Login Page/Internal User/Next Button' is clicked on

2018-12-10 10:18:10 - [MESSAGE][PASSED] - Object: 'Object Repository/Final Object Repo/Login Page/Internal User/Next Button' is clicked on

2018-12-10 10:18:10 - [TEST_STEP][PASSED] - delay: Delayed 1 second(s)

2018-12-10 10:18:11 - [MESSAGE][PASSED] - Delayed 1 second(s)

2018-12-10 10:18:11 - [TEST_STEP][PASSED] - setEncryptedText: Text ****** has been set on object 'Object Repository/Final Object Repo/Login Page/Internal User/Password'

2018-12-10 10:18:11 - [MESSAGE][PASSED] - Text ****** has been set on object 'Object Repository/Final Object Repo/Login Page/Internal User/Password'

2018-12-10 10:18:11 - [TEST_STEP][PASSED] - click: Object: 'Object Repository/Final Object Repo/Login Page/Internal User/Login Button' is clicked on

2018-12-10 10:18:12 - [MESSAGE][PASSED] - Object: 'Object Repository/Final Object Repo/Login Page/Internal User/Login Button' is clicked on

2018-12-10 10:18:12 - [TEST_STEP][PASSED] - Statement - tester = com.kms.katalon.core.testobject.ObjectRepository.findTestObject(Final Object Repo/Landing Page/Select to English): Finding Test Object with id 'Object Repository/Final Object Repo/Landing Page/Select to English'

2018-12-10 10:18:12 - [TEST_STEP][PASSED] - Statement - Try: Delayed 2 second(s)

2018-12-10 10:18:12 - [TEST_STEP][PASSED] - Statement - Checker = com.kms.katalon.core.webui.keyword.WebUiBuiltInKeywords.verifyElementNotPresent(tester, 3): Web element with id: 'Object Repository/Final Object Repo/Landing Page/Select to English' located by 'By.xpath: //a[@class = 'taglib-language-list-text' and @lang = 'en-US' and (contains(text(), 'EN') or contains(., 'EN'))]' is not present after '3' second(s)

2018-12-10 10:18:14 - [MESSAGE][PASSED] - Web element with id: 'Object Repository/Final Object Repo/Landing Page/Select to English' located by 'By.xpath: //a[@class = 'taglib-language-list-text' and @lang = 'en-US' and (contains(text(), 'EN') or contains(., 'EN'))]' is not present after '3' second(s)

2018-12-10 10:18:14 - [TEST_STEP][PASSED] - Statement - If (Checker == false): null

2018-12-10 10:18:14 - [TEST_STEP][PASSED] - delay: Delayed 2 second(s)

2018-12-10 10:18:16 - [MESSAGE][PASSED] - Delayed 2 second(s)

2018-12-10 10:18:16 - [TEST_STEP][PASSED] - delay: Delayed 5 second(s)

2018-12-10 10:18:21 - [MESSAGE][PASSED] - Delayed 5 second(s)

2018-12-10 10:18:21 - [TEST_STEP][PASSED] - navigateToUrl: Navigate to 'https://assist2-uat.perkeso.gov.my/web/registration/update/update-employer-information' successfully

2018-12-10 10:18:22 - [MESSAGE][PASSED] - Navigate to 'https://assist2-uat.perkeso.gov.my/web/registration/update/update-employer-information' successfully

2018-12-10 10:18:22 - [TEST_STEP][PASSED] - setText: Text 'E1102001065V ' is set on object 'Object Repository/Final Object Repo/Page_Update Employer Information/Employer Code'

2018-12-10 10:18:22 - [MESSAGE][PASSED] - Text 'E1102001065V ' is set on object 'Object Repository/Final Object Repo/Page_Update Employer Information/Employer Code'

2018-12-10 10:18:22 - [TEST_STEP][PASSED] - click: Object: 'Object Repository/Final Object Repo/Page_Update Employer Information/Search Button' is clicked on

2018-12-10 10:18:22 - [MESSAGE][PASSED] - Object: 'Object Repository/Final Object Repo/Page_Update Employer Information/Search Button' is clicked on

2018-12-10 10:18:22 - [TEST_STEP][PASSED] - click: Object: 'Object Repository/Final Object Repo/Page_Update Employer Information/Edit Button' is clicked on

2018-12-10 10:18:26 - [MESSAGE][PASSED] - Object: 'Object Repository/Final Object Repo/Page_Update Employer Information/Edit Button' is clicked on

2018-12-10 10:18:26 - [TEST_STEP][PASSED] - click: Object: 'Object Repository/Final Object Repo/Page_Update Employer Information/Business Entity' is clicked on

2018-12-10 10:18:26 - [MESSAGE][PASSED] - Object: 'Object Repository/Final Object Repo/Page_Update Employer Information/Business Entity' is clicked on

2018-12-10 10:18:26 - [TEST_STEP][PASSED] - Statement - CurrentBusinessEntity = "": null

2018-12-10 10:18:26 - [TEST_STEP][PASSED] - Statement - CurrentBusinessEntity = com.kms.katalon.core.webui.keyword.WebUiBuiltInKeywords.getText(com.kms.katalon.core.testobject.ObjectRepository.findTestObject(Final Object Repo/Page_Update Employer Information/Current Business Entity)): Text of object 'Object Repository/Final Object Repo/Page_Update Employer Information/Current Business Entity' is: 'Partnership'

2018-12-10 10:18:26 - [MESSAGE][PASSED] - Text of object 'Object Repository/Final Object Repo/Page_Update Employer Information/Current Business Entity' is: 'Partnership'

2018-12-10 10:18:26 - [TEST_STEP][PASSED] - Statement - out.println(CurrentBusinessEntity): null

2018-12-10 10:18:26 - [TEST_STEP][PASSED] - Statement - If (CurrentBusinessEntity == "Corporation"): null

2018-12-10 10:18:26 - [TEST_STEP][PASSED] - Statement - Else If (CurrentBusinessEntity == "Partnership"): Delayed 3 second(s)

2018-12-10 10:18:26 - [TEST_STEP][PASSED] - Statement - obj = com.kms.katalon.core.webui.keyword.WebUiBuiltInKeywords.modifyObjectProperty(com.kms.katalon.core.testobject.ObjectRepository.findTestObject(Final Object Repo/Page_Update Employer Information/change to this Business Entity), "xpath", "equals", "//ul/li/span[contains(text(),"Sole Proprietor / Individual Business")]", true, STOP_ON_FAILURE): Modify property of object successfully

2018-12-10 10:18:26 - [MESSAGE][PASSED] - Modify property of object successfully

2018-12-10 10:18:26 - [TEST_STEP][PASSED] - click: Object: 'Object Repository/Final Object Repo/Page_Update Employer Information/change to this Business Entity' is clicked on

2018-12-10 10:18:26 - [MESSAGE][PASSED] - Object: 'Object Repository/Final Object Repo/Page_Update Employer Information/change to this Business Entity' is clicked on

2018-12-10 10:18:26 - [TEST_STEP][PASSED] - delay: Delayed 1 second(s)

2018-12-10 10:18:27 - [MESSAGE][PASSED] - Delayed 1 second(s)

2018-12-10 10:18:27 - [TEST_STEP][PASSED] - click: Object: 'Object Repository/Final Object Repo/Page_Update Employer Information/Sub Business Entity' is clicked on

2018-12-10 10:18:28 - [MESSAGE][PASSED] - Object: 'Object Repository/Final Object Repo/Page_Update Employer Information/Sub Business Entity' is clicked on

2018-12-10 10:18:28 - [TEST_STEP][PASSED] - click: Object: 'Object Repository/Final Object Repo/Page_Update Employer Information/Sub Business Entity - Sole Properietor - Registered with other Agencies' is clicked on

2018-12-10 10:18:28 - [MESSAGE][PASSED] - Object: 'Object Repository/Final Object Repo/Page_Update Employer Information/Sub Business Entity - Sole Properietor - Registered with other Agencies' is clicked on

2018-12-10 10:18:28 - [TEST_STEP][PASSED] - delay: Delayed 3 second(s)

2018-12-10 10:18:31 - [MESSAGE][PASSED] - Delayed 3 second(s)

2018-12-10 10:18:31 - [TEST_STEP][PASSED] - delay: Delayed 4 second(s)

2018-12-10 10:18:35 - [MESSAGE][PASSED] - Delayed 4 second(s)

2018-12-10 10:18:35 - [TEST_STEP][PASSED] - click: Object: 'Object Repository/Final Object Repo/Page_Update Employer Information/Save  Continue' is clicked on

2018-12-10 10:18:35 - [MESSAGE][PASSED] - Object: 'Object Repository/Final Object Repo/Page_Update Employer Information/Save  Continue' is clicked on

2018-12-10 10:18:35 - [TEST_STEP][PASSED] - delay: Delayed 4 second(s)

2018-12-10 10:18:39 - [MESSAGE][PASSED] - Delayed 4 second(s)

2018-12-10 10:18:39 - [TEST_STEP][PASSED] - click: Object: 'Object Repository/Final Object Repo/Page_Update Employer Information/Save  Continue (1)' is clicked on

2018-12-10 10:18:39 - [MESSAGE][PASSED] - Object: 'Object Repository/Final Object Repo/Page_Update Employer Information/Save  Continue (1)' is clicked on

2018-12-10 10:18:39 - [TEST_STEP][FAILED] - Statement - CaseReferenceNo = com.kms.katalon.core.webui.keyword.WebUiBuiltInKeywords.getText(com.kms.katalon.core.testobject.ObjectRepository.findTestObject(Final Object Repo/Page_Update Employer Information/Reference Number in Update Employee Information Page)): Unable to get text of object 'Object Repository/Final Object Repo/Page_Update Employer Information/Reference Number in Update Employee Information Page' (Root cause: org.openqa.selenium.StaleElementReferenceException: stale element reference: element is not attached to the page document
  (Session info: chrome=70.0.3538.110)
  (Driver info: chromedriver=2.43.600210 (68dcf5eebde37173d4027fa8635e332711d2874a),platform=Windows NT 6.1.7601 SP1 x86_64) (WARNING: The server did not provide any stacktrace information)
Command duration or timeout: 0 milliseconds
For documentation on this error, please visit: http://seleniumhq.org/exceptions/stale_element_reference.html
Build info: version: '3.7.1', revision: '8a0099a', time: '2017-11-06T21:07:36.161Z'
System info: host: 'WIN7TEST02', ip: '10.20.3.72', os.name: 'Windows 7', os.arch: 'amd64', os.version: '6.1', java.version: '1.8.0_181'
Driver info: com.kms.katalon.selenium.driver.CChromeDriver
Capabilities {acceptInsecureCerts: false, acceptSslCerts: false, applicationCacheEnabled: false, browserConnectionEnabled: false, browserName: chrome, chrome: {chromedriverVersion: 2.43.600210 (68dcf5eebde371..., userDataDir: C:\Users\Admin\AppData\Loca...}, cssSelectorsEnabled: true, databaseEnabled: false, goog:chromeOptions: {debuggerAddress: localhost:60688}, handlesAlerts: true, hasTouchScreen: false, javascriptEnabled: true, locationContextEnabled: true, mobileEmulationEnabled: false, nativeEvents: true, networkConnectionEnabled: false, pageLoadStrategy: normal, platform: XP, platformName: XP, rotatable: false, setWindowRect: true, takesHeapSnapshot: true, takesScreenshot: true, unexpectedAlertBehaviour: , unhandledPromptBehavior: , version: 70.0.3538.110, webStorageEnabled: true}
Session ID: 55351dad626df124675c3e13977a058d)

2018-12-10 10:18:43 - [MESSAGE][FAILED] - Unable to get text of object 'Object Repository/Final Object Repo/Page_Update Employer Information/Reference Number in Update Employee Information Page' (Root cause: org.openqa.selenium.StaleElementReferenceException: stale element reference: element is not attached to the page document
  (Session info: chrome=70.0.3538.110)
  (Driver info: chromedriver=2.43.600210 (68dcf5eebde37173d4027fa8635e332711d2874a),platform=Windows NT 6.1.7601 SP1 x86_64) (WARNING: The server did not provide any stacktrace information)
Command duration or timeout: 0 milliseconds
For documentation on this error, please visit: http://seleniumhq.org/exceptions/stale_element_reference.html
Build info: version: '3.7.1', revision: '8a0099a', time: '2017-11-06T21:07:36.161Z'
System info: host: 'WIN7TEST02', ip: '10.20.3.72', os.name: 'Windows 7', os.arch: 'amd64', os.version: '6.1', java.version: '1.8.0_181'
Driver info: com.kms.katalon.selenium.driver.CChromeDriver
Capabilities {acceptInsecureCerts: false, acceptSslCerts: false, applicationCacheEnabled: false, browserConnectionEnabled: false, browserName: chrome, chrome: {chromedriverVersion: 2.43.600210 (68dcf5eebde371..., userDataDir: C:\Users\Admin\AppData\Loca...}, cssSelectorsEnabled: true, databaseEnabled: false, goog:chromeOptions: {debuggerAddress: localhost:60688}, handlesAlerts: true, hasTouchScreen: false, javascriptEnabled: true, locationContextEnabled: true, mobileEmulationEnabled: false, nativeEvents: true, networkConnectionEnabled: false, pageLoadStrategy: normal, platform: XP, platformName: XP, rotatable: false, setWindowRect: true, takesHeapSnapshot: true, takesScreenshot: true, unexpectedAlertBehaviour: , unhandledPromptBehavior: , version: 70.0.3538.110, webStorageEnabled: true}
Session ID: 55351dad626df124675c3e13977a058d)
[[ATTACHMENT|C:\\Users\\Admin\\Desktop\\PKS\\Perkeso Phase A\\Reports\\Workflow\\Update Employer Information\\20181210_094742\\1544408323526.png]]

2018-12-10 10:18:43 - [TEST_STEP][FAILED] - callTestCase: Unable to call Test Case with id 'Test Cases/Final Aug 2018 - PKS Automation/Common/Reference Number Setter' (Root cause: Call Test Case 'Test Cases/Final Aug 2018 - PKS Automation/Common/Reference Number Setter' failed because of error(s))

2018-12-10 10:18:43 - [TEST_CASE][ERROR] - Test Cases/Final Aug 2018 - PKS Automation/Common/Reference Number Setter: Test Cases/Final Aug 2018 - PKS Automation/Common/Reference Number Setter FAILED because (of) (Stack trace: java.lang.NullPointerException
	at org.codehaus.groovy.runtime.IOGroovyMethods.write(IOGroovyMethods.java:191)
	at org.codehaus.groovy.runtime.dgm$883.invoke(Unknown Source)
	at org.codehaus.groovy.runtime.callsite.PojoMetaMethodSite$PojoMetaMethodSiteNoUnwrapNoCoerce.invoke(PojoMetaMethodSite.java:274)
	at org.codehaus.groovy.runtime.callsite.PojoMetaMethodSite.call(PojoMetaMethodSite.java:56)
	at org.codehaus.groovy.runtime.callsite.CallSiteArray.defaultCall(CallSiteArray.java:48)
	at java_io_Writer$write.call(Unknown Source)
	at Script1535425327199.run(Script1535425327199.groovy:34)
	at com.kms.katalon.core.main.ScriptEngine.run(ScriptEngine.java:183)
	at com.kms.katalon.core.main.ScriptEngine.runScriptAsRawText(ScriptEngine.java:108)
	at com.kms.katalon.core.main.TestCaseExecutor.runScript(TestCaseExecutor.java:294)
	at com.kms.katalon.core.main.TestCaseExecutor.doExecute(TestCaseExecutor.java:285)
	at com.kms.katalon.core.main.TestCaseExecutor.processExecutionPhase(TestCaseExecutor.java:264)
	at com.kms.katalon.core.main.TestCaseExecutor.accessMainPhase(TestCaseExecutor.java:256)
	at com.kms.katalon.core.main.TestCaseExecutor.execute(TestCaseExecutor.java:200)
	at com.kms.katalon.core.main.TestCaseMain.runTestCase(TestCaseMain.java:99)
	at com.kms.katalon.core.keyword.builtin.CallTestCaseKeyword$_callTestCase_closure1.doCall(CallTestCaseKeyword.groovy:60)
	at com.kms.katalon.core.keyword.builtin.CallTestCaseKeyword$_callTestCase_closure1.call(CallTestCaseKeyword.groovy)
	at com.kms.katalon.core.keyword.internal.KeywordMain.runKeyword(KeywordMain.groovy:54)
	at com.kms.katalon.core.keyword.builtin.CallTestCaseKeyword.callTestCase(CallTestCaseKeyword.groovy:81)
	at com.kms.katalon.core.keyword.builtin.CallTestCaseKeyword.execute(CallTestCaseKeyword.groovy:45)
	at com.kms.katalon.core.keyword.internal.KeywordExecutor.executeKeywordForPlatform(KeywordExecutor.groovy:53)
	at com.kms.katalon.core.keyword.BuiltinKeywords.callTestCase(BuiltinKeywords.groovy:334)
	at sun.reflect.GeneratedMethodAccessor13.invoke(Unknown Source)
	at sun.reflect.DelegatingMethodAccessorImpl.invoke(DelegatingMethodAccessorImpl.java:43)
	at java.lang.reflect.Method.invoke(Method.java:498)
	at org.codehaus.groovy.reflection.CachedMethod.invoke(CachedMethod.java:93)
	at groovy.lang.MetaMethod.doMethodInvoke(MetaMethod.java:325)
	at groovy.lang.MetaClassImpl.invokeStaticMethod(MetaClassImpl.java:1469)
	at org.codehaus.groovy.runtime.callsite.StaticMetaClassSite.call(StaticMetaClassSite.java:53)
	at org.codehaus.groovy.runtime.callsite.AbstractCallSite.call(AbstractCallSite.java:141)
	at Script1536221052180.run(Script1536221052180.groovy:140)
	at com.kms.katalon.core.main.ScriptEngine.run(ScriptEngine.java:183)
	at com.kms.katalon.core.main.ScriptEngine.runScriptAsRawText(ScriptEngine.java:108)
	at com.kms.katalon.core.main.TestCaseExecutor.runScript(TestCaseExecutor.java:294)
	at com.kms.katalon.core.main.TestCaseExecutor.doExecute(TestCaseExecutor.java:285)
	at com.kms.katalon.core.main.TestCaseExecutor.processExecutionPhase(TestCaseExecutor.java:264)
	at com.kms.katalon.core.main.TestCaseExecutor.accessMainPhase(TestCaseExecutor.java:256)
	at com.kms.katalon.core.main.TestCaseExecutor.execute(TestCaseExecutor.java:200)
	at com.kms.katalon.core.main.TestCaseMain.runTestCase(TestCaseMain.java:99)
	at com.kms.katalon.core.keyword.builtin.CallTestCaseKeyword$_callTestCase_closure1.doCall(CallTestCaseKeyword.groovy:60)
	at com.kms.katalon.core.keyword.builtin.CallTestCaseKeyword$_callTestCase_closure1.call(CallTestCaseKeyword.groovy)
	at com.kms.katalon.core.keyword.internal.KeywordMain.runKeyword(KeywordMain.groovy:54)
	at com.kms.katalon.core.keyword.builtin.CallTestCaseKeyword.callTestCase(CallTestCaseKeyword.groovy:81)
	at com.kms.katalon.core.keyword.builtin.CallTestCaseKeyword.execute(CallTestCaseKeyword.groovy:45)
	at com.kms.katalon.core.keyword.internal.KeywordExecutor.executeKeywordForPlatform(KeywordExecutor.groovy:53)
	at com.kms.katalon.core.keyword.BuiltinKeywords.callTestCase(BuiltinKeywords.groovy:334)
	at sun.reflect.GeneratedMethodAccessor13.invoke(Unknown Source)
	at sun.reflect.DelegatingMethodAccessorImpl.invoke(DelegatingMethodAccessorImpl.java:43)
	at java.lang.reflect.Method.invoke(Method.java:498)
	at org.codehaus.groovy.reflection.CachedMethod.invoke(CachedMethod.java:93)
	at groovy.lang.MetaMethod.doMethodInvoke(MetaMethod.java:325)
	at groovy.lang.MetaClassImpl.invokeStaticMethod(MetaClassImpl.java:1469)
	at org.codehaus.groovy.runtime.callsite.StaticMetaClassSite.call(StaticMetaClassSite.java:53)
	at org.codehaus.groovy.runtime.callsite.CallSiteArray.defaultCall(CallSiteArray.java:48)
	at org.codehaus.groovy.runtime.callsite.AbstractCallSite.call(AbstractCallSite.java:113)
	at org.codehaus.groovy.runtime.callsite.AbstractCallSite.call(AbstractCallSite.java:141)
	at Script1536220953611.run(Script1536220953611.groovy:22)
	at com.kms.katalon.core.main.ScriptEngine.run(ScriptEngine.java:183)
	at com.kms.katalon.core.main.ScriptEngine.runScriptAsRawText(ScriptEngine.java:108)
	at com.kms.katalon.core.main.TestCaseExecutor.runScript(TestCaseExecutor.java:294)
	at com.kms.katalon.core.main.TestCaseExecutor.doExecute(TestCaseExecutor.java:285)
	at com.kms.katalon.core.main.TestCaseExecutor.processExecutionPhase(TestCaseExecutor.java:264)
	at com.kms.katalon.core.main.TestCaseExecutor.accessMainPhase(TestCaseExecutor.java:256)
	at com.kms.katalon.core.main.TestCaseExecutor.execute(TestCaseExecutor.java:200)
	at com.kms.katalon.core.main.TestSuiteExecutor.accessTestCaseMainPhase(TestSuiteExecutor.java:129)
	at com.kms.katalon.core.main.TestSuiteExecutor.accessTestSuiteMainPhase(TestSuiteExecutor.java:112)
	at com.kms.katalon.core.main.TestSuiteExecutor.execute(TestSuiteExecutor.java:81)
	at com.kms.katalon.core.main.TestCaseMain.startTestSuite(TestCaseMain.java:142)
	at com.kms.katalon.core.main.TestCaseMain$startTestSuite$0.call(Unknown Source)
	at org.codehaus.groovy.runtime.callsite.CallSiteArray.defaultCall(CallSiteArray.java:48)
	at org.codehaus.groovy.runtime.callsite.AbstractCallSite.call(AbstractCallSite.java:113)
	at org.codehaus.groovy.runtime.callsite.AbstractCallSite.call(AbstractCallSite.java:141)
	at TempTestSuite1544406462574.run(TempTestSuite1544406462574.groovy:36)
	at groovy.lang.GroovyShell.runScriptOrMainOrTestOrRunnable(GroovyShell.java:263)
	at groovy.lang.GroovyShell.run(GroovyShell.java:518)
	at groovy.lang.GroovyShell.run(GroovyShell.java:507)
	at groovy.ui.GroovyMain.processOnce(GroovyMain.java:653)
	at groovy.ui.GroovyMain.run(GroovyMain.java:384)
	at groovy.ui.GroovyMain.process(GroovyMain.java:370)
	at groovy.ui.GroovyMain.processArgs(GroovyMain.java:129)
	at groovy.ui.GroovyMain.main(GroovyMain.java:109)
	at sun.reflect.NativeMethodAccessorImpl.invoke0(Native Method)
	at sun.reflect.NativeMethodAccessorImpl.invoke(NativeMethodAccessorImpl.java:62)
	at sun.reflect.DelegatingMethodAccessorImpl.invoke(DelegatingMethodAccessorImpl.java:43)
	at java.lang.reflect.Method.invoke(Method.java:498)
	at org.codehaus.groovy.tools.GroovyStarter.rootLoader(GroovyStarter.java:109)
	at org.codehaus.groovy.tools.GroovyStarter.main(GroovyStarter.java:131)
)

2018-12-10 10:18:43 - [TEST_STEP][PASSED] - Statement - RefNoOldFile = new java.io.File(C://Users//Admin//Desktop//PKS//Automation Reference Point//KatalonReference.txt): null

2018-12-10 10:18:43 - [TEST_STEP][PASSED] - Statement - RefNoOldFile.delete(): null

2018-12-10 10:18:43 - [TEST_STEP][PASSED] - delay: Delayed 5 second(s)

2018-12-10 10:18:48 - [MESSAGE][PASSED] - Delayed 5 second(s)

2018-12-10 10:18:48 - [TEST_STEP][PASSED] - Statement - RefNo = new java.io.File(C://Users//Admin//Desktop//PKS//Automation Reference Point//KatalonReference.txt): null

2018-12-10 10:18:48 - [TEST_STEP][PASSED] - Statement - f2 = new java.io.FileWriter(RefNo, false): null

2018-12-10 10:18:48 - [TEST_STEP][PASSED] - Statement - f2.write(CaseReferenceNo): null

2018-12-10 10:18:48 - [MESSAGE][FAILED] - Unable to call Test Case with id 'Test Cases/Final Aug 2018 - PKS Automation/Common/Reference Number Setter' (Root cause: Call Test Case 'Test Cases/Final Aug 2018 - PKS Automation/Common/Reference Number Setter' failed because of error(s))

2018-12-10 10:18:49 - [MESSAGE][FAILED] - Unable to call Test Case with id 'Test Cases/Final Aug 2018 - PKS Automation/Registration Module/Workflow/Update Employer Information/Template/Update Employer Information - Special Case (PAU)' (Root cause: Call Test Case 'Test Cases/Final Aug 2018 - PKS Automation/Registration Module/Workflow/Update Employer Information/Template/Update Employer Information - Special Case (PAU)' failed)]]></system-out>
         <system-err><![CDATA[2018-12-10 10:18:05 - [TEST_CASE][FAILED] - Test Cases/Final Aug 2018 - PKS Automation/Registration Module/Workflow/Update Employer Information/PAU - UO (Query): Test Cases/Final Aug 2018 - PKS Automation/Registration Module/Workflow/Update Employer Information/PAU - UO (Query) FAILED because (of) (Stack trace: com.kms.katalon.core.exception.StepFailedException: Unable to get text of object 'Object Repository/Final Object Repo/Page_Update Employer Information/Reference Number in Update Employee Information Page' (Root cause: org.openqa.selenium.StaleElementReferenceException: stale element reference: element is not attached to the page document
  (Session info: chrome=70.0.3538.110)
  (Driver info: chromedriver=2.43.600210 (68dcf5eebde37173d4027fa8635e332711d2874a),platform=Windows NT 6.1.7601 SP1 x86_64) (WARNING: The server did not provide any stacktrace information)
Command duration or timeout: 0 milliseconds
For documentation on this error, please visit: http://seleniumhq.org/exceptions/stale_element_reference.html
Build info: version: '3.7.1', revision: '8a0099a', time: '2017-11-06T21:07:36.161Z'
System info: host: 'WIN7TEST02', ip: '10.20.3.72', os.name: 'Windows 7', os.arch: 'amd64', os.version: '6.1', java.version: '1.8.0_181'
Driver info: com.kms.katalon.selenium.driver.CChromeDriver
Capabilities {acceptInsecureCerts: false, acceptSslCerts: false, applicationCacheEnabled: false, browserConnectionEnabled: false, browserName: chrome, chrome: {chromedriverVersion: 2.43.600210 (68dcf5eebde371..., userDataDir: C:\Users\Admin\AppData\Loca...}, cssSelectorsEnabled: true, databaseEnabled: false, goog:chromeOptions: {debuggerAddress: localhost:60688}, handlesAlerts: true, hasTouchScreen: false, javascriptEnabled: true, locationContextEnabled: true, mobileEmulationEnabled: false, nativeEvents: true, networkConnectionEnabled: false, pageLoadStrategy: normal, platform: XP, platformName: XP, rotatable: false, setWindowRect: true, takesHeapSnapshot: true, takesScreenshot: true, unexpectedAlertBehaviour: , unhandledPromptBehavior: , version: 70.0.3538.110, webStorageEnabled: true}
Session ID: 55351dad626df124675c3e13977a058d)
	at com.kms.katalon.core.keyword.internal.KeywordMain.stepFailed(KeywordMain.groovy:32)
	at com.kms.katalon.core.webui.keyword.internal.WebUIKeywordMain.stepFailed(WebUIKeywordMain.groovy:65)
	at com.kms.katalon.core.webui.keyword.internal.WebUIKeywordMain.runKeyword(WebUIKeywordMain.groovy:27)
	at com.kms.katalon.core.webui.keyword.builtin.GetTextKeyword.getText(GetTextKeyword.groovy:88)
	at com.kms.katalon.core.webui.keyword.builtin.GetTextKeyword.execute(GetTextKeyword.groovy:67)
	at com.kms.katalon.core.keyword.internal.KeywordExecutor.executeKeywordForPlatform(KeywordExecutor.groovy:53)
	at com.kms.katalon.core.webui.keyword.WebUiBuiltInKeywords.getText(WebUiBuiltInKeywords.groovy:888)
	at com.kms.katalon.core.webui.keyword.WebUiBuiltInKeywords$getText$5.call(Unknown Source)
	at Script1536221052180.run(Script1536221052180.groovy:138)
	at com.kms.katalon.core.main.ScriptEngine.run(ScriptEngine.java:183)
	at com.kms.katalon.core.main.ScriptEngine.runScriptAsRawText(ScriptEngine.java:108)
	at com.kms.katalon.core.main.TestCaseExecutor.runScript(TestCaseExecutor.java:294)
	at com.kms.katalon.core.main.TestCaseExecutor.doExecute(TestCaseExecutor.java:285)
	at com.kms.katalon.core.main.TestCaseExecutor.processExecutionPhase(TestCaseExecutor.java:264)
	at com.kms.katalon.core.main.TestCaseExecutor.accessMainPhase(TestCaseExecutor.java:256)
	at com.kms.katalon.core.main.TestCaseExecutor.execute(TestCaseExecutor.java:200)
	at com.kms.katalon.core.main.TestCaseMain.runTestCase(TestCaseMain.java:99)
	at com.kms.katalon.core.keyword.builtin.CallTestCaseKeyword$_callTestCase_closure1.doCall(CallTestCaseKeyword.groovy:60)
	at com.kms.katalon.core.keyword.builtin.CallTestCaseKeyword$_callTestCase_closure1.call(CallTestCaseKeyword.groovy)
	at com.kms.katalon.core.keyword.internal.KeywordMain.runKeyword(KeywordMain.groovy:54)
	at com.kms.katalon.core.keyword.builtin.CallTestCaseKeyword.callTestCase(CallTestCaseKeyword.groovy:81)
	at com.kms.katalon.core.keyword.builtin.CallTestCaseKeyword.execute(CallTestCaseKeyword.groovy:45)
	at com.kms.katalon.core.keyword.internal.KeywordExecutor.executeKeywordForPlatform(KeywordExecutor.groovy:53)
	at com.kms.katalon.core.keyword.BuiltinKeywords.callTestCase(BuiltinKeywords.groovy:334)
	at sun.reflect.GeneratedMethodAccessor13.invoke(Unknown Source)
	at sun.reflect.DelegatingMethodAccessorImpl.invoke(DelegatingMethodAccessorImpl.java:43)
	at java.lang.reflect.Method.invoke(Method.java:498)
	at org.codehaus.groovy.reflection.CachedMethod.invoke(CachedMethod.java:93)
	at groovy.lang.MetaMethod.doMethodInvoke(MetaMethod.java:325)
	at groovy.lang.MetaClassImpl.invokeStaticMethod(MetaClassImpl.java:1469)
	at org.codehaus.groovy.runtime.callsite.StaticMetaClassSite.call(StaticMetaClassSite.java:53)
	at org.codehaus.groovy.runtime.callsite.CallSiteArray.defaultCall(CallSiteArray.java:48)
	at org.codehaus.groovy.runtime.callsite.AbstractCallSite.call(AbstractCallSite.java:113)
	at org.codehaus.groovy.runtime.callsite.AbstractCallSite.call(AbstractCallSite.java:141)
	at Script1536220953611.run(Script1536220953611.groovy:22)
	at com.kms.katalon.core.main.ScriptEngine.run(ScriptEngine.java:183)
	at com.kms.katalon.core.main.ScriptEngine.runScriptAsRawText(ScriptEngine.java:108)
	at com.kms.katalon.core.main.TestCaseExecutor.runScript(TestCaseExecutor.java:294)
	at com.kms.katalon.core.main.TestCaseExecutor.doExecute(TestCaseExecutor.java:285)
	at com.kms.katalon.core.main.TestCaseExecutor.processExecutionPhase(TestCaseExecutor.java:264)
	at com.kms.katalon.core.main.TestCaseExecutor.accessMainPhase(TestCaseExecutor.java:256)
	at com.kms.katalon.core.main.TestCaseExecutor.execute(TestCaseExecutor.java:200)
	at com.kms.katalon.core.main.TestSuiteExecutor.accessTestCaseMainPhase(TestSuiteExecutor.java:129)
	at com.kms.katalon.core.main.TestSuiteExecutor.accessTestSuiteMainPhase(TestSuiteExecutor.java:112)
	at com.kms.katalon.core.main.TestSuiteExecutor.execute(TestSuiteExecutor.java:81)
	at com.kms.katalon.core.main.TestCaseMain.startTestSuite(TestCaseMain.java:142)
	at com.kms.katalon.core.main.TestCaseMain$startTestSuite$0.call(Unknown Source)
	at org.codehaus.groovy.runtime.callsite.CallSiteArray.defaultCall(CallSiteArray.java:48)
	at org.codehaus.groovy.runtime.callsite.AbstractCallSite.call(AbstractCallSite.java:113)
	at org.codehaus.groovy.runtime.callsite.AbstractCallSite.call(AbstractCallSite.java:141)
	at TempTestSuite1544406462574.run(TempTestSuite1544406462574.groovy:36)
	at groovy.lang.GroovyShell.runScriptOrMainOrTestOrRunnable(GroovyShell.java:263)
	at groovy.lang.GroovyShell.run(GroovyShell.java:518)
	at groovy.lang.GroovyShell.run(GroovyShell.java:507)
	at groovy.ui.GroovyMain.processOnce(GroovyMain.java:653)
	at groovy.ui.GroovyMain.run(GroovyMain.java:384)
	at groovy.ui.GroovyMain.process(GroovyMain.java:370)
	at groovy.ui.GroovyMain.processArgs(GroovyMain.java:129)
	at groovy.ui.GroovyMain.main(GroovyMain.java:109)
	at sun.reflect.NativeMethodAccessorImpl.invoke0(Native Method)
	at sun.reflect.NativeMethodAccessorImpl.invoke(NativeMethodAccessorImpl.java:62)
	at sun.reflect.DelegatingMethodAccessorImpl.invoke(DelegatingMethodAccessorImpl.java:43)
	at java.lang.reflect.Method.invoke(Method.java:498)
	at org.codehaus.groovy.tools.GroovyStarter.rootLoader(GroovyStarter.java:109)
	at org.codehaus.groovy.tools.GroovyStarter.main(GroovyStarter.java:131)
)]]></system-err>
      </testcase>
      <testcase name="Test Cases/Final Aug 2018 - PKS Automation/Registration Module/Workflow/Update Employer Information/PAU - UO (Reject)" classname="Test Cases/Final Aug 2018 - PKS Automation/Registration Module/Workflow/Update Employer Information/PAU - UO (Reject)" status="PASSED">
         <system-out><![CDATA[2018-12-10 10:18:49 - [TEST_CASE][PASSED] - Test Cases/Final Aug 2018 - PKS Automation/Registration Module/Workflow/Update Employer Information/PAU - UO (Reject): Test Cases/Final Aug 2018 - PKS Automation/Registration Module/Workflow/Update Employer Information/PAU - UO (Reject)

2018-12-10 10:18:49 - [TEST_STEP][PASSED] - callTestCase: Call Test Case 'Test Cases/Final Aug 2018 - PKS Automation/Registration Module/Workflow/Update Employer Information/Template/Update Employer Information - Special Case (PAU)' successfully

2018-12-10 10:18:49 - [TEST_CASE][PASSED] - Test Cases/Final Aug 2018 - PKS Automation/Registration Module/Workflow/Update Employer Information/Template/Update Employer Information - Special Case (PAU): Test Cases/Final Aug 2018 - PKS Automation/Registration Module/Workflow/Update Employer Information/Template/Update Employer Information - Special Case (PAU)

2018-12-10 10:18:49 - [TEST_STEP][PASSED] - openBrowser: Browser is opened with url: ''

2018-12-10 10:18:49 - [MESSAGE][WARNING] - A browser is already opened. Closing browser and opening a new one

2018-12-10 10:18:52 - [MESSAGE][PASSED] - Browser is opened with url: ''

2018-12-10 10:18:52 - [TEST_STEP][PASSED] - navigateToUrl: Navigate to 'https://assist2-uat.perkeso.gov.my/login' successfully

2018-12-10 10:18:53 - [MESSAGE][PASSED] - Navigate to 'https://assist2-uat.perkeso.gov.my/login' successfully

2018-12-10 10:18:53 - [TEST_STEP][PASSED] - setText: Text 'johorpau1@gmail.com' is set on object 'Object Repository/Final Object Repo/Login Page/Internal User/Email Address'

2018-12-10 10:18:54 - [MESSAGE][PASSED] - Text 'johorpau1@gmail.com' is set on object 'Object Repository/Final Object Repo/Login Page/Internal User/Email Address'

2018-12-10 10:18:54 - [TEST_STEP][PASSED] - click: Object: 'Object Repository/Final Object Repo/Login Page/Internal User/Next Button' is clicked on

2018-12-10 10:18:54 - [MESSAGE][PASSED] - Object: 'Object Repository/Final Object Repo/Login Page/Internal User/Next Button' is clicked on

2018-12-10 10:18:54 - [TEST_STEP][PASSED] - delay: Delayed 1 second(s)

2018-12-10 10:18:55 - [MESSAGE][PASSED] - Delayed 1 second(s)

2018-12-10 10:18:55 - [TEST_STEP][PASSED] - setEncryptedText: Text ****** has been set on object 'Object Repository/Final Object Repo/Login Page/Internal User/Password'

2018-12-10 10:18:55 - [MESSAGE][PASSED] - Text ****** has been set on object 'Object Repository/Final Object Repo/Login Page/Internal User/Password'

2018-12-10 10:18:55 - [TEST_STEP][PASSED] - click: Object: 'Object Repository/Final Object Repo/Login Page/Internal User/Login Button' is clicked on

2018-12-10 10:18:55 - [MESSAGE][PASSED] - Object: 'Object Repository/Final Object Repo/Login Page/Internal User/Login Button' is clicked on

2018-12-10 10:18:55 - [TEST_STEP][PASSED] - Statement - tester = com.kms.katalon.core.testobject.ObjectRepository.findTestObject(Final Object Repo/Landing Page/Select to English): Finding Test Object with id 'Object Repository/Final Object Repo/Landing Page/Select to English'

2018-12-10 10:18:55 - [TEST_STEP][PASSED] - Statement - Try: Delayed 2 second(s)

2018-12-10 10:18:55 - [TEST_STEP][PASSED] - Statement - Checker = com.kms.katalon.core.webui.keyword.WebUiBuiltInKeywords.verifyElementNotPresent(tester, 3): Web element with id: 'Object Repository/Final Object Repo/Landing Page/Select to English' located by 'By.xpath: //a[@class = 'taglib-language-list-text' and @lang = 'en-US' and (contains(text(), 'EN') or contains(., 'EN'))]' is not present after '3' second(s)

2018-12-10 10:18:57 - [MESSAGE][PASSED] - Web element with id: 'Object Repository/Final Object Repo/Landing Page/Select to English' located by 'By.xpath: //a[@class = 'taglib-language-list-text' and @lang = 'en-US' and (contains(text(), 'EN') or contains(., 'EN'))]' is not present after '3' second(s)

2018-12-10 10:18:57 - [TEST_STEP][PASSED] - Statement - If (Checker == false): null

2018-12-10 10:18:57 - [TEST_STEP][PASSED] - delay: Delayed 2 second(s)

2018-12-10 10:18:59 - [MESSAGE][PASSED] - Delayed 2 second(s)

2018-12-10 10:18:59 - [TEST_STEP][PASSED] - delay: Delayed 5 second(s)

2018-12-10 10:19:04 - [MESSAGE][PASSED] - Delayed 5 second(s)

2018-12-10 10:19:04 - [TEST_STEP][PASSED] - navigateToUrl: Navigate to 'https://assist2-uat.perkeso.gov.my/web/registration/update/update-employer-information' successfully

2018-12-10 10:19:05 - [MESSAGE][PASSED] - Navigate to 'https://assist2-uat.perkeso.gov.my/web/registration/update/update-employer-information' successfully

2018-12-10 10:19:05 - [TEST_STEP][PASSED] - setText: Text 'E1102001065V ' is set on object 'Object Repository/Final Object Repo/Page_Update Employer Information/Employer Code'

2018-12-10 10:19:06 - [MESSAGE][PASSED] - Text 'E1102001065V ' is set on object 'Object Repository/Final Object Repo/Page_Update Employer Information/Employer Code'

2018-12-10 10:19:06 - [TEST_STEP][PASSED] - click: Object: 'Object Repository/Final Object Repo/Page_Update Employer Information/Search Button' is clicked on

2018-12-10 10:19:06 - [MESSAGE][PASSED] - Object: 'Object Repository/Final Object Repo/Page_Update Employer Information/Search Button' is clicked on

2018-12-10 10:19:06 - [TEST_STEP][PASSED] - click: Object: 'Object Repository/Final Object Repo/Page_Update Employer Information/Edit Button' is clicked on

2018-12-10 10:19:09 - [MESSAGE][PASSED] - Object: 'Object Repository/Final Object Repo/Page_Update Employer Information/Edit Button' is clicked on

2018-12-10 10:19:09 - [TEST_STEP][PASSED] - click: Object: 'Object Repository/Final Object Repo/Page_Update Employer Information/Business Entity' is clicked on

2018-12-10 10:19:09 - [MESSAGE][PASSED] - Object: 'Object Repository/Final Object Repo/Page_Update Employer Information/Business Entity' is clicked on

2018-12-10 10:19:09 - [TEST_STEP][PASSED] - Statement - CurrentBusinessEntity = "": null

2018-12-10 10:19:09 - [TEST_STEP][PASSED] - Statement - CurrentBusinessEntity = com.kms.katalon.core.webui.keyword.WebUiBuiltInKeywords.getText(com.kms.katalon.core.testobject.ObjectRepository.findTestObject(Final Object Repo/Page_Update Employer Information/Current Business Entity)): Text of object 'Object Repository/Final Object Repo/Page_Update Employer Information/Current Business Entity' is: 'Partnership'

2018-12-10 10:19:09 - [MESSAGE][PASSED] - Text of object 'Object Repository/Final Object Repo/Page_Update Employer Information/Current Business Entity' is: 'Partnership'

2018-12-10 10:19:09 - [TEST_STEP][PASSED] - Statement - out.println(CurrentBusinessEntity): null

2018-12-10 10:19:09 - [TEST_STEP][PASSED] - Statement - If (CurrentBusinessEntity == "Corporation"): null

2018-12-10 10:19:09 - [TEST_STEP][PASSED] - Statement - Else If (CurrentBusinessEntity == "Partnership"): Delayed 3 second(s)

2018-12-10 10:19:09 - [TEST_STEP][PASSED] - Statement - obj = com.kms.katalon.core.webui.keyword.WebUiBuiltInKeywords.modifyObjectProperty(com.kms.katalon.core.testobject.ObjectRepository.findTestObject(Final Object Repo/Page_Update Employer Information/change to this Business Entity), "xpath", "equals", "//ul/li/span[contains(text(),"Sole Proprietor / Individual Business")]", true, STOP_ON_FAILURE): Modify property of object successfully

2018-12-10 10:19:09 - [MESSAGE][PASSED] - Modify property of object successfully

2018-12-10 10:19:09 - [TEST_STEP][PASSED] - click: Object: 'Object Repository/Final Object Repo/Page_Update Employer Information/change to this Business Entity' is clicked on

2018-12-10 10:19:09 - [MESSAGE][PASSED] - Object: 'Object Repository/Final Object Repo/Page_Update Employer Information/change to this Business Entity' is clicked on

2018-12-10 10:19:09 - [TEST_STEP][PASSED] - delay: Delayed 1 second(s)

2018-12-10 10:19:10 - [MESSAGE][PASSED] - Delayed 1 second(s)

2018-12-10 10:19:10 - [TEST_STEP][PASSED] - click: Object: 'Object Repository/Final Object Repo/Page_Update Employer Information/Sub Business Entity' is clicked on

2018-12-10 10:19:11 - [MESSAGE][PASSED] - Object: 'Object Repository/Final Object Repo/Page_Update Employer Information/Sub Business Entity' is clicked on

2018-12-10 10:19:11 - [TEST_STEP][PASSED] - click: Object: 'Object Repository/Final Object Repo/Page_Update Employer Information/Sub Business Entity - Sole Properietor - Registered with other Agencies' is clicked on

2018-12-10 10:19:11 - [MESSAGE][PASSED] - Object: 'Object Repository/Final Object Repo/Page_Update Employer Information/Sub Business Entity - Sole Properietor - Registered with other Agencies' is clicked on

2018-12-10 10:19:11 - [TEST_STEP][PASSED] - delay: Delayed 3 second(s)

2018-12-10 10:19:14 - [MESSAGE][PASSED] - Delayed 3 second(s)

2018-12-10 10:19:14 - [TEST_STEP][PASSED] - delay: Delayed 4 second(s)

2018-12-10 10:19:18 - [MESSAGE][PASSED] - Delayed 4 second(s)

2018-12-10 10:19:18 - [TEST_STEP][PASSED] - click: Object: 'Object Repository/Final Object Repo/Page_Update Employer Information/Save  Continue' is clicked on

2018-12-10 10:19:18 - [MESSAGE][PASSED] - Object: 'Object Repository/Final Object Repo/Page_Update Employer Information/Save  Continue' is clicked on

2018-12-10 10:19:18 - [TEST_STEP][PASSED] - delay: Delayed 4 second(s)

2018-12-10 10:19:22 - [MESSAGE][PASSED] - Delayed 4 second(s)

2018-12-10 10:19:22 - [TEST_STEP][PASSED] - click: Object: 'Object Repository/Final Object Repo/Page_Update Employer Information/Save  Continue (1)' is clicked on

2018-12-10 10:19:22 - [MESSAGE][PASSED] - Object: 'Object Repository/Final Object Repo/Page_Update Employer Information/Save  Continue (1)' is clicked on

2018-12-10 10:19:22 - [TEST_STEP][PASSED] - Statement - CaseReferenceNo = com.kms.katalon.core.webui.keyword.WebUiBuiltInKeywords.getText(com.kms.katalon.core.testobject.ObjectRepository.findTestObject(Final Object Repo/Page_Update Employer Information/Reference Number in Update Employee Information Page)): Text of object 'Object Repository/Final Object Repo/Page_Update Employer Information/Reference Number in Update Employee Information Page' is: 'CUN122018C100005930'

2018-12-10 10:19:26 - [MESSAGE][PASSED] - Text of object 'Object Repository/Final Object Repo/Page_Update Employer Information/Reference Number in Update Employee Information Page' is: 'CUN122018C100005930'

2018-12-10 10:19:26 - [TEST_STEP][PASSED] - callTestCase: Call Test Case 'Test Cases/Final Aug 2018 - PKS Automation/Common/Reference Number Setter' successfully

2018-12-10 10:19:26 - [TEST_CASE][PASSED] - Test Cases/Final Aug 2018 - PKS Automation/Common/Reference Number Setter: Test Cases/Final Aug 2018 - PKS Automation/Common/Reference Number Setter

2018-12-10 10:19:26 - [TEST_STEP][PASSED] - Statement - RefNoOldFile = new java.io.File(C://Users//Admin//Desktop//PKS//Automation Reference Point//KatalonReference.txt): null

2018-12-10 10:19:26 - [TEST_STEP][PASSED] - Statement - RefNoOldFile.delete(): null

2018-12-10 10:19:26 - [TEST_STEP][PASSED] - delay: Delayed 5 second(s)

2018-12-10 10:19:31 - [MESSAGE][PASSED] - Delayed 5 second(s)

2018-12-10 10:19:31 - [TEST_STEP][PASSED] - Statement - RefNo = new java.io.File(C://Users//Admin//Desktop//PKS//Automation Reference Point//KatalonReference.txt): null

2018-12-10 10:19:31 - [TEST_STEP][PASSED] - Statement - f2 = new java.io.FileWriter(RefNo, false): null

2018-12-10 10:19:31 - [TEST_STEP][PASSED] - Statement - f2.write(CaseReferenceNo): null

2018-12-10 10:19:31 - [TEST_STEP][PASSED] - Statement - f2.close(): null

2018-12-10 10:19:31 - [TEST_STEP][PASSED] - Statement - out.println("


" + CaseReferenceNo + "


"): null

2018-12-10 10:19:31 - [MESSAGE][PASSED] - Call Test Case 'Test Cases/Final Aug 2018 - PKS Automation/Common/Reference Number Setter' successfully

2018-12-10 10:19:31 - [TEST_STEP][PASSED] - delay: Delayed 4 second(s)

2018-12-10 10:19:35 - [MESSAGE][PASSED] - Delayed 4 second(s)

2018-12-10 10:19:35 - [TEST_STEP][PASSED] - click: Object: 'Object Repository/Final Object Repo/Page_Update Employer Information/Submit - Copy' is clicked on

2018-12-10 10:19:35 - [MESSAGE][PASSED] - Object: 'Object Repository/Final Object Repo/Page_Update Employer Information/Submit - Copy' is clicked on

2018-12-10 10:19:35 - [TEST_STEP][PASSED] - delay: Delayed 2 second(s)

2018-12-10 10:19:37 - [MESSAGE][PASSED] - Delayed 2 second(s)

2018-12-10 10:19:37 - [TEST_STEP][PASSED] - click: Object: 'Object Repository/Final Object Repo/Page_Update Employer Information/Confirm' is clicked on

2018-12-10 10:19:38 - [MESSAGE][PASSED] - Object: 'Object Repository/Final Object Repo/Page_Update Employer Information/Confirm' is clicked on

2018-12-10 10:19:38 - [TEST_STEP][PASSED] - delay: Delayed 2 second(s)

2018-12-10 10:19:40 - [MESSAGE][PASSED] - Delayed 2 second(s)

2018-12-10 10:19:40 - [TEST_STEP][PASSED] - click: Object: 'Object Repository/Final Object Repo/Page_Update Employer Information/Message Your Request will be route' is clicked on

2018-12-10 10:19:41 - [MESSAGE][PASSED] - Object: 'Object Repository/Final Object Repo/Page_Update Employer Information/Message Your Request will be route' is clicked on

2018-12-10 10:19:41 - [MESSAGE][PASSED] - Call Test Case 'Test Cases/Final Aug 2018 - PKS Automation/Registration Module/Workflow/Update Employer Information/Template/Update Employer Information - Special Case (PAU)' successfully

2018-12-10 10:19:41 - [TEST_STEP][PASSED] - callTestCase: Call Test Case 'Test Cases/Final Aug 2018 - PKS Automation/Registration Module/Workflow/Update Employer Information/Template/Update Employer Information - Special Case - UO (Reject)' successfully

2018-12-10 10:19:41 - [TEST_CASE][PASSED] - Test Cases/Final Aug 2018 - PKS Automation/Registration Module/Workflow/Update Employer Information/Template/Update Employer Information - Special Case - UO (Reject): Test Cases/Final Aug 2018 - PKS Automation/Registration Module/Workflow/Update Employer Information/Template/Update Employer Information - Special Case - UO (Reject)

2018-12-10 10:19:41 - [TEST_STEP][NOT_RUN] - callTestCase: NOT_RUN: callTestCase

2018-12-10 10:19:41 - [MESSAGE][NOT_RUN] - NOT_RUN: callTestCase

2018-12-10 10:19:41 - [TEST_STEP][PASSED] - delay: Delayed 1 second(s)

2018-12-10 10:19:42 - [MESSAGE][PASSED] - Delayed 1 second(s)

2018-12-10 10:19:42 - [TEST_STEP][PASSED] - navigateToUrl: Navigate to 'https://assist2-uat.perkeso.gov.my/c/portal/logout' successfully

2018-12-10 10:19:43 - [MESSAGE][PASSED] - Navigate to 'https://assist2-uat.perkeso.gov.my/c/portal/logout' successfully

2018-12-10 10:19:43 - [TEST_STEP][PASSED] - delay: Delayed 1 second(s)

2018-12-10 10:19:44 - [MESSAGE][PASSED] - Delayed 1 second(s)

2018-12-10 10:19:44 - [TEST_STEP][PASSED] - callTestCase: Call Test Case 'Test Cases/Final Aug 2018 - PKS Automation/Common/Reference Number Getter' successfully

2018-12-10 10:19:44 - [TEST_CASE][PASSED] - Test Cases/Final Aug 2018 - PKS Automation/Common/Reference Number Getter: Test Cases/Final Aug 2018 - PKS Automation/Common/Reference Number Getter

2018-12-10 10:19:44 - [TEST_STEP][PASSED] - Statement - Try: null

2018-12-10 10:19:44 - [TEST_STEP][PASSED] - Statement - RefNo = new java.io.File(C://Users//Admin//Desktop//PKS//Automation Reference Point//KatalonReference.txt): null

2018-12-10 10:19:44 - [TEST_STEP][PASSED] - Statement - bufferread = new java.io.BufferedReader(new java.io.FileReader(RefNo)): null

2018-12-10 10:19:44 - [TEST_STEP][PASSED] - Statement - readedVal = bufferread.readLine(): null

2018-12-10 10:19:44 - [TEST_STEP][PASSED] - Statement - out.println(CaseReferenceNo): null

2018-12-10 10:19:44 - [TEST_STEP][PASSED] - Statement - out.println(readedVal): null

2018-12-10 10:19:44 - [TEST_STEP][PASSED] - Statement - CaseReferenceNo = "": null

2018-12-10 10:19:44 - [TEST_STEP][PASSED] - Statement - CaseReferenceNo = readedVal: null

2018-12-10 10:19:44 - [MESSAGE][PASSED] - Call Test Case 'Test Cases/Final Aug 2018 - PKS Automation/Common/Reference Number Getter' successfully

2018-12-10 10:19:45 - [TEST_STEP][PASSED] - callTestCase: Call Test Case 'Test Cases/Final Aug 2018 - PKS Automation/Common/Workflow Owner Finder' successfully

2018-12-10 10:19:45 - [TEST_CASE][PASSED] - Test Cases/Final Aug 2018 - PKS Automation/Common/Workflow Owner Finder: Test Cases/Final Aug 2018 - PKS Automation/Common/Workflow Owner Finder

2018-12-10 10:19:45 - [TEST_STEP][PASSED] - openBrowser: Browser is opened with url: ''

2018-12-10 10:19:45 - [MESSAGE][WARNING] - A browser is already opened. Closing browser and opening a new one

2018-12-10 10:19:48 - [MESSAGE][PASSED] - Browser is opened with url: ''

2018-12-10 10:19:48 - [TEST_STEP][PASSED] - navigateToUrl: Navigate to 'https://assist2-uat.perkeso.gov.my/login' successfully

2018-12-10 10:19:49 - [MESSAGE][PASSED] - Navigate to 'https://assist2-uat.perkeso.gov.my/login' successfully

2018-12-10 10:19:49 - [TEST_STEP][PASSED] - delay: Delayed 5 second(s)

2018-12-10 10:19:54 - [MESSAGE][PASSED] - Delayed 5 second(s)

2018-12-10 10:19:54 - [TEST_STEP][PASSED] - setText: Text 'test@liferay.com' is set on object 'Object Repository/Final Object Repo/Login Page/Internal User/Email Address'

2018-12-10 10:19:54 - [MESSAGE][PASSED] - Text 'test@liferay.com' is set on object 'Object Repository/Final Object Repo/Login Page/Internal User/Email Address'

2018-12-10 10:19:54 - [TEST_STEP][PASSED] - click: Object: 'Object Repository/Final Object Repo/Login Page/Internal User/Next Button' is clicked on

2018-12-10 10:19:54 - [MESSAGE][PASSED] - Object: 'Object Repository/Final Object Repo/Login Page/Internal User/Next Button' is clicked on

2018-12-10 10:19:54 - [TEST_STEP][PASSED] - delay: Delayed 2 second(s)

2018-12-10 10:19:56 - [MESSAGE][PASSED] - Delayed 2 second(s)

2018-12-10 10:19:56 - [TEST_STEP][PASSED] - setText: Text 'test' is set on object 'Object Repository/Final Object Repo/Login Page/Internal User/Password'

2018-12-10 10:19:57 - [MESSAGE][PASSED] - Text 'test' is set on object 'Object Repository/Final Object Repo/Login Page/Internal User/Password'

2018-12-10 10:19:57 - [TEST_STEP][PASSED] - delay: Delayed 2 second(s)

2018-12-10 10:19:59 - [MESSAGE][PASSED] - Delayed 2 second(s)

2018-12-10 10:19:59 - [TEST_STEP][PASSED] - click: Object: 'Object Repository/Final Object Repo/Login Page/Internal User/Login Button' is clicked on

2018-12-10 10:19:59 - [MESSAGE][PASSED] - Object: 'Object Repository/Final Object Repo/Login Page/Internal User/Login Button' is clicked on

2018-12-10 10:19:59 - [TEST_STEP][PASSED] - Statement - tester = com.kms.katalon.core.testobject.ObjectRepository.findTestObject(Final Object Repo/Landing Page/Select to English): Finding Test Object with id 'Object Repository/Final Object Repo/Landing Page/Select to English'

2018-12-10 10:19:59 - [TEST_STEP][PASSED] - Statement - Try: Delayed 2 second(s)

2018-12-10 10:19:59 - [TEST_STEP][PASSED] - Statement - Checker = com.kms.katalon.core.webui.keyword.WebUiBuiltInKeywords.verifyElementNotPresent(tester, 3): Web element with id: 'Object Repository/Final Object Repo/Landing Page/Select to English' located by 'By.xpath: //a[@class = 'taglib-language-list-text' and @lang = 'en-US' and (contains(text(), 'EN') or contains(., 'EN'))]' is not present after '3' second(s)

2018-12-10 10:19:59 - [MESSAGE][PASSED] - Web element with id: 'Object Repository/Final Object Repo/Landing Page/Select to English' located by 'By.xpath: //a[@class = 'taglib-language-list-text' and @lang = 'en-US' and (contains(text(), 'EN') or contains(., 'EN'))]' is not present after '3' second(s)

2018-12-10 10:19:59 - [TEST_STEP][PASSED] - Statement - If (Checker == false): null

2018-12-10 10:19:59 - [TEST_STEP][PASSED] - delay: Delayed 2 second(s)

2018-12-10 10:20:01 - [MESSAGE][PASSED] - Delayed 2 second(s)

2018-12-10 10:20:01 - [TEST_STEP][PASSED] - delay: Delayed 5 second(s)

2018-12-10 10:20:06 - [MESSAGE][PASSED] - Delayed 5 second(s)

2018-12-10 10:20:06 - [TEST_STEP][PASSED] - mouseOver: Object: 'Object Repository/Final Object Repo/Landing Page/WorkFlow Menu' is hovered

2018-12-10 10:20:06 - [MESSAGE][PASSED] - Object: 'Object Repository/Final Object Repo/Landing Page/WorkFlow Menu' is hovered

2018-12-10 10:20:06 - [TEST_STEP][PASSED] - delay: Delayed 2 second(s)

2018-12-10 10:20:08 - [MESSAGE][PASSED] - Delayed 2 second(s)

2018-12-10 10:20:08 - [TEST_STEP][PASSED] - click: Object: 'Object Repository/Final Object Repo/Landing Page/Select to Workflow Listing' is clicked on

2018-12-10 10:20:09 - [MESSAGE][PASSED] - Object: 'Object Repository/Final Object Repo/Landing Page/Select to Workflow Listing' is clicked on

2018-12-10 10:20:09 - [TEST_STEP][PASSED] - delay: Delayed 2 second(s)

2018-12-10 10:20:11 - [MESSAGE][PASSED] - Delayed 2 second(s)

2018-12-10 10:20:11 - [TEST_STEP][PASSED] - click: Object: 'Object Repository/Final Object Repo/WorkFlow Listing Page/Search Information - To Put Ref No' is clicked on

2018-12-10 10:20:11 - [MESSAGE][PASSED] - Object: 'Object Repository/Final Object Repo/WorkFlow Listing Page/Search Information - To Put Ref No' is clicked on

2018-12-10 10:20:11 - [TEST_STEP][PASSED] - delay: Delayed 2 second(s)

2018-12-10 10:20:13 - [MESSAGE][PASSED] - Delayed 2 second(s)

2018-12-10 10:20:13 - [TEST_STEP][PASSED] - callTestCase: Call Test Case 'Test Cases/Final Aug 2018 - PKS Automation/Common/Reference Number Getter' successfully

2018-12-10 10:20:13 - [TEST_CASE][PASSED] - Test Cases/Final Aug 2018 - PKS Automation/Common/Reference Number Getter: Test Cases/Final Aug 2018 - PKS Automation/Common/Reference Number Getter

2018-12-10 10:20:13 - [TEST_STEP][PASSED] - Statement - Try: null

2018-12-10 10:20:13 - [TEST_STEP][PASSED] - Statement - RefNo = new java.io.File(C://Users//Admin//Desktop//PKS//Automation Reference Point//KatalonReference.txt): null

2018-12-10 10:20:13 - [TEST_STEP][PASSED] - Statement - bufferread = new java.io.BufferedReader(new java.io.FileReader(RefNo)): null

2018-12-10 10:20:13 - [TEST_STEP][PASSED] - Statement - readedVal = bufferread.readLine(): null

2018-12-10 10:20:13 - [TEST_STEP][PASSED] - Statement - out.println(CaseReferenceNo): null

2018-12-10 10:20:13 - [TEST_STEP][PASSED] - Statement - out.println(readedVal): null

2018-12-10 10:20:13 - [TEST_STEP][PASSED] - Statement - CaseReferenceNo = "": null

2018-12-10 10:20:13 - [TEST_STEP][PASSED] - Statement - CaseReferenceNo = readedVal: null

2018-12-10 10:20:13 - [MESSAGE][PASSED] - Call Test Case 'Test Cases/Final Aug 2018 - PKS Automation/Common/Reference Number Getter' successfully

2018-12-10 10:20:13 - [TEST_STEP][PASSED] - setText: Text 'CUN122018C100005930' is set on object 'Object Repository/Final Object Repo/WorkFlow Listing Page/Ref No Set Text'

2018-12-10 10:20:14 - [MESSAGE][PASSED] - Text 'CUN122018C100005930' is set on object 'Object Repository/Final Object Repo/WorkFlow Listing Page/Ref No Set Text'

2018-12-10 10:20:14 - [TEST_STEP][PASSED] - delay: Delayed 2 second(s)

2018-12-10 10:20:16 - [MESSAGE][PASSED] - Delayed 2 second(s)

2018-12-10 10:20:16 - [TEST_STEP][PASSED] - click: Object: 'Object Repository/Final Object Repo/WorkFlow Listing Page/Search Ref No Search Button' is clicked on

2018-12-10 10:20:16 - [MESSAGE][PASSED] - Object: 'Object Repository/Final Object Repo/WorkFlow Listing Page/Search Ref No Search Button' is clicked on

2018-12-10 10:20:16 - [TEST_STEP][PASSED] - delay: Delayed 6 second(s)

2018-12-10 10:20:22 - [MESSAGE][PASSED] - Delayed 6 second(s)

2018-12-10 10:20:22 - [TEST_STEP][PASSED] - click: Object: 'Object Repository/Final Object Repo/WorkFlow Listing Page/Click Continue Tooltip' is clicked on

2018-12-10 10:20:23 - [MESSAGE][PASSED] - Object: 'Object Repository/Final Object Repo/WorkFlow Listing Page/Click Continue Tooltip' is clicked on

2018-12-10 10:20:23 - [TEST_STEP][PASSED] - delay: Delayed 5 second(s)

2018-12-10 10:20:28 - [MESSAGE][PASSED] - Delayed 5 second(s)

2018-12-10 10:20:28 - [TEST_STEP][PASSED] - doubleClick: Object: 'Object Repository/Final Object Repo/WorkFlow Listing Page/Workflow Found - Listing 1' is double clicked on

2018-12-10 10:20:28 - [MESSAGE][PASSED] - Object: 'Object Repository/Final Object Repo/WorkFlow Listing Page/Workflow Found - Listing 1' is double clicked on

2018-12-10 10:20:28 - [TEST_STEP][PASSED] - Statement - println(OwnerID): null

2018-12-10 10:20:28 - [TEST_STEP][PASSED] - Statement - OwnerID = com.kms.katalon.core.webui.keyword.WebUiBuiltInKeywords.getText(com.kms.katalon.core.testobject.ObjectRepository.findTestObject(Final Object Repo/WorkFlow Listing Page/Workflow Found - Listing 1), STOP_ON_FAILURE): Text of object 'Object Repository/Final Object Repo/WorkFlow Listing Page/Workflow Found - Listing 1' is: 'JOHORuo2'

2018-12-10 10:20:28 - [MESSAGE][PASSED] - Text of object 'Object Repository/Final Object Repo/WorkFlow Listing Page/Workflow Found - Listing 1' is: 'JOHORuo2'

2018-12-10 10:20:28 - [TEST_STEP][PASSED] - Statement - OwnerID = OwnerID.toLowerCase() + "@gmail.com": null

2018-12-10 10:20:28 - [TEST_STEP][PASSED] - Statement - println(OwnerID): null

2018-12-10 10:20:28 - [TEST_STEP][PASSED] - delay: Delayed 2 second(s)

2018-12-10 10:20:30 - [MESSAGE][PASSED] - Delayed 2 second(s)

2018-12-10 10:20:30 - [MESSAGE][PASSED] - Call Test Case 'Test Cases/Final Aug 2018 - PKS Automation/Common/Workflow Owner Finder' successfully

2018-12-10 10:20:30 - [TEST_STEP][PASSED] - delay: Delayed 1 second(s)

2018-12-10 10:20:31 - [MESSAGE][PASSED] - Delayed 1 second(s)

2018-12-10 10:20:31 - [TEST_STEP][PASSED] - navigateToUrl: Navigate to 'https://assist2-uat.perkeso.gov.my/c/portal/logout' successfully

2018-12-10 10:20:32 - [MESSAGE][PASSED] - Navigate to 'https://assist2-uat.perkeso.gov.my/c/portal/logout' successfully

2018-12-10 10:20:32 - [TEST_STEP][PASSED] - delay: Delayed 1 second(s)

2018-12-10 10:20:33 - [MESSAGE][PASSED] - Delayed 1 second(s)

2018-12-10 10:20:33 - [TEST_STEP][PASSED] - callTestCase: Call Test Case 'Test Cases/Final Aug 2018 - PKS Automation/Registration Module/Workflow/Login and Search Case For Workflow' successfully

2018-12-10 10:20:33 - [TEST_CASE][PASSED] - Test Cases/Final Aug 2018 - PKS Automation/Registration Module/Workflow/Login and Search Case For Workflow: Test Cases/Final Aug 2018 - PKS Automation/Registration Module/Workflow/Login and Search Case For Workflow

2018-12-10 10:20:33 - [TEST_STEP][PASSED] - navigateToUrl: Navigate to 'https://assist2-uat.perkeso.gov.my/login' successfully

2018-12-10 10:20:34 - [MESSAGE][PASSED] - Navigate to 'https://assist2-uat.perkeso.gov.my/login' successfully

2018-12-10 10:20:34 - [TEST_STEP][PASSED] - setText: Text 'johoruo2@gmail.com' is set on object 'Object Repository/Final Object Repo/Login Page/Internal User/Email Address'

2018-12-10 10:20:34 - [MESSAGE][PASSED] - Text 'johoruo2@gmail.com' is set on object 'Object Repository/Final Object Repo/Login Page/Internal User/Email Address'

2018-12-10 10:20:34 - [TEST_STEP][PASSED] - click: Object: 'Object Repository/Final Object Repo/Login Page/Internal User/Next Button' is clicked on

2018-12-10 10:20:34 - [MESSAGE][PASSED] - Object: 'Object Repository/Final Object Repo/Login Page/Internal User/Next Button' is clicked on

2018-12-10 10:20:34 - [TEST_STEP][PASSED] - delay: Delayed 1 second(s)

2018-12-10 10:20:35 - [MESSAGE][PASSED] - Delayed 1 second(s)

2018-12-10 10:20:35 - [TEST_STEP][PASSED] - setEncryptedText: Text ****** has been set on object 'Object Repository/Final Object Repo/Login Page/Internal User/Password'

2018-12-10 10:20:35 - [MESSAGE][PASSED] - Text ****** has been set on object 'Object Repository/Final Object Repo/Login Page/Internal User/Password'

2018-12-10 10:20:35 - [TEST_STEP][PASSED] - click: Object: 'Object Repository/Final Object Repo/Login Page/Internal User/Login Button' is clicked on

2018-12-10 10:20:36 - [MESSAGE][PASSED] - Object: 'Object Repository/Final Object Repo/Login Page/Internal User/Login Button' is clicked on

2018-12-10 10:20:36 - [TEST_STEP][PASSED] - delay: Delayed 2 second(s)

2018-12-10 10:20:38 - [MESSAGE][PASSED] - Delayed 2 second(s)

2018-12-10 10:20:38 - [TEST_STEP][PASSED] - Statement - Try: Delayed 2 second(s)

2018-12-10 10:20:38 - [TEST_STEP][PASSED] - Statement - Checker = false: null

2018-12-10 10:20:38 - [TEST_STEP][PASSED] - Statement - Checker = com.kms.katalon.core.webui.keyword.WebUiBuiltInKeywords.verifyElementHasAttribute(com.kms.katalon.core.testobject.ObjectRepository.findTestObject(Final Object Repo/Landing Page/BM Detecting), "href", 20, OPTIONAL): Object 'Object Repository/Final Object Repo/Landing Page/BM Detecting' has attribute 'href'

2018-12-10 10:20:38 - [MESSAGE][PASSED] - Object 'Object Repository/Final Object Repo/Landing Page/BM Detecting' has attribute 'href'

2018-12-10 10:20:38 - [TEST_STEP][PASSED] - Statement - out.println(Checker): null

2018-12-10 10:20:38 - [TEST_STEP][PASSED] - Statement - If (Checker == false): null

2018-12-10 10:20:38 - [TEST_STEP][PASSED] - Statement - Else: null

2018-12-10 10:20:38 - [TEST_STEP][PASSED] - delay: Delayed 2 second(s)

2018-12-10 10:20:40 - [MESSAGE][PASSED] - Delayed 2 second(s)

2018-12-10 10:20:40 - [TEST_STEP][PASSED] - click: Object: 'Object Repository/Final Object Repo/Page_MyASSIST - ASSIST - Search Pending Case For Add Supporting Document/Search Information' is clicked on

2018-12-10 10:20:40 - [MESSAGE][PASSED] - Object: 'Object Repository/Final Object Repo/Page_MyASSIST - ASSIST - Search Pending Case For Add Supporting Document/Search Information' is clicked on

2018-12-10 10:20:40 - [TEST_STEP][PASSED] - delay: Delayed 3 second(s)

2018-12-10 10:20:43 - [MESSAGE][PASSED] - Delayed 3 second(s)

2018-12-10 10:20:43 - [TEST_STEP][PASSED] - sendKeys: Keys 'CUN122018C100005930' sent to object: 'Object Repository/Final Object Repo/Page_MyASSIST - ASSIST - Search Pending Case For Add Supporting Document/Reference No'

2018-12-10 10:20:43 - [MESSAGE][PASSED] - Keys 'CUN122018C100005930' sent to object: 'Object Repository/Final Object Repo/Page_MyASSIST - ASSIST - Search Pending Case For Add Supporting Document/Reference No'

2018-12-10 10:20:43 - [TEST_STEP][PASSED] - click: Object: 'Object Repository/Final Object Repo/Page_MyASSIST - ASSIST - Search Pending Case For Add Supporting Document/Search Reference No' is clicked on

2018-12-10 10:20:43 - [MESSAGE][PASSED] - Object: 'Object Repository/Final Object Repo/Page_MyASSIST - ASSIST - Search Pending Case For Add Supporting Document/Search Reference No' is clicked on

2018-12-10 10:20:43 - [TEST_STEP][PASSED] - delay: Delayed 2 second(s)

2018-12-10 10:20:45 - [MESSAGE][PASSED] - Delayed 2 second(s)

2018-12-10 10:20:45 - [TEST_STEP][PASSED] - click: Object: 'Object Repository/Final Object Repo/Page_MyASSIST - ASSIST - Search Pending Case For Add Supporting Document/Continue' is clicked on

2018-12-10 10:20:49 - [MESSAGE][PASSED] - Object: 'Object Repository/Final Object Repo/Page_MyASSIST - ASSIST - Search Pending Case For Add Supporting Document/Continue' is clicked on

2018-12-10 10:20:49 - [TEST_STEP][PASSED] - delay: Delayed 20 second(s)

2018-12-10 10:21:09 - [MESSAGE][PASSED] - Delayed 20 second(s)

2018-12-10 10:21:09 - [MESSAGE][PASSED] - Call Test Case 'Test Cases/Final Aug 2018 - PKS Automation/Registration Module/Workflow/Login and Search Case For Workflow' successfully

2018-12-10 10:21:09 - [TEST_STEP][PASSED] - delay: Delayed 2 second(s)

2018-12-10 10:21:11 - [MESSAGE][PASSED] - Delayed 2 second(s)

2018-12-10 10:21:11 - [TEST_STEP][PASSED] - click: Object: 'Object Repository/Final Object Repo/Page_Update Employer Information/Page_Update Employer Information UO (Approve)/Continue' is clicked on

2018-12-10 10:21:15 - [MESSAGE][PASSED] - Object: 'Object Repository/Final Object Repo/Page_Update Employer Information/Page_Update Employer Information UO (Approve)/Continue' is clicked on

2018-12-10 10:21:15 - [TEST_STEP][PASSED] - delay: Delayed 2 second(s)

2018-12-10 10:21:17 - [MESSAGE][PASSED] - Delayed 2 second(s)

2018-12-10 10:21:17 - [TEST_STEP][PASSED] - click: Object: 'Object Repository/Final Object Repo/Page_Update Employer Information/Page_Update Employer Information UO (Approve)/Save  Continue in Update Employer Information Page' is clicked on

2018-12-10 10:21:17 - [MESSAGE][PASSED] - Object: 'Object Repository/Final Object Repo/Page_Update Employer Information/Page_Update Employer Information UO (Approve)/Save  Continue in Update Employer Information Page' is clicked on

2018-12-10 10:21:17 - [TEST_STEP][PASSED] - delay: Delayed 2 second(s)

2018-12-10 10:21:19 - [MESSAGE][PASSED] - Delayed 2 second(s)

2018-12-10 10:21:19 - [TEST_STEP][PASSED] - click: Object: 'Object Repository/Final Object Repo/Page_Update Employer Information/Page_Update Employer Information UO (Approve)/Save  Continue in Uploading Supporting Document Page' is clicked on

2018-12-10 10:21:21 - [MESSAGE][PASSED] - Object: 'Object Repository/Final Object Repo/Page_Update Employer Information/Page_Update Employer Information UO (Approve)/Save  Continue in Uploading Supporting Document Page' is clicked on

2018-12-10 10:21:21 - [TEST_STEP][PASSED] - delay: Delayed 2 second(s)

2018-12-10 10:21:23 - [MESSAGE][PASSED] - Delayed 2 second(s)

2018-12-10 10:21:23 - [TEST_STEP][PASSED] - click: Object: 'Object Repository/Final Object Repo/Page_Update Employer Information/Page_Update Employer Information UO (Reject)/Reject' is clicked on

2018-12-10 10:21:25 - [MESSAGE][PASSED] - Object: 'Object Repository/Final Object Repo/Page_Update Employer Information/Page_Update Employer Information UO (Reject)/Reject' is clicked on

2018-12-10 10:21:25 - [TEST_STEP][PASSED] - delay: Delayed 2 second(s)

2018-12-10 10:21:27 - [MESSAGE][PASSED] - Delayed 2 second(s)

2018-12-10 10:21:27 - [TEST_STEP][PASSED] - click: Object: 'Object Repository/Final Object Repo/Page_Update Employer Information/Page_Update Employer Information UO (Reject)/Confirm' is clicked on

2018-12-10 10:21:27 - [MESSAGE][PASSED] - Object: 'Object Repository/Final Object Repo/Page_Update Employer Information/Page_Update Employer Information UO (Reject)/Confirm' is clicked on

2018-12-10 10:21:27 - [TEST_STEP][PASSED] - delay: Delayed 2 second(s)

2018-12-10 10:21:29 - [MESSAGE][PASSED] - Delayed 2 second(s)

2018-12-10 10:21:29 - [TEST_STEP][PASSED] - click: Object: 'Object Repository/Final Object Repo/Page_Update Employer Information/Page_Update Employer Information UO (Reject)/Message This Case has been Rejected' is clicked on

2018-12-10 10:21:30 - [MESSAGE][PASSED] - Object: 'Object Repository/Final Object Repo/Page_Update Employer Information/Page_Update Employer Information UO (Reject)/Message This Case has been Rejected' is clicked on

2018-12-10 10:21:30 - [MESSAGE][PASSED] - Call Test Case 'Test Cases/Final Aug 2018 - PKS Automation/Registration Module/Workflow/Update Employer Information/Template/Update Employer Information - Special Case - UO (Reject)' successfully]]></system-out>
         <system-err><![CDATA[]]></system-err>
      </testcase>
      <testcase name="Test Cases/Final Aug 2018 - PKS Automation/Registration Module/Workflow/Update Employer Information/PAU - UO (Under enforcement)" classname="Test Cases/Final Aug 2018 - PKS Automation/Registration Module/Workflow/Update Employer Information/PAU - UO (Under enforcement)" status="FAILED">
         <failure type="FAILED" message="(Stack trace: com.kms.katalon.core.exception.StepFailedException: Unable to get text of object 'Object Repository/Final Object Repo/Page_Update Employer Information/Reference Number in Update Employee Information Page' (Root cause: org.openqa.selenium.StaleElementReferenceException: stale element reference: element is not attached to the page document
  (Session info: chrome=70.0.3538.110)
  (Driver info: chromedriver=2.43.600210 (68dcf5eebde37173d4027fa8635e332711d2874a),platform=Windows NT 6.1.7601 SP1 x86_64) (WARNING: The server did not provide any stacktrace information)
Command duration or timeout: 0 milliseconds
For documentation on this error, please visit: http://seleniumhq.org/exceptions/stale_element_reference.html
Build info: version: '3.7.1', revision: '8a0099a', time: '2017-11-06T21:07:36.161Z'
System info: host: 'WIN7TEST02', ip: '10.20.3.72', os.name: 'Windows 7', os.arch: 'amd64', os.version: '6.1', java.version: '1.8.0_181'
Driver info: com.kms.katalon.selenium.driver.CChromeDriver
Capabilities {acceptInsecureCerts: false, acceptSslCerts: false, applicationCacheEnabled: false, browserConnectionEnabled: false, browserName: chrome, chrome: {chromedriverVersion: 2.43.600210 (68dcf5eebde371..., userDataDir: C:\Users\Admin\AppData\Loca...}, cssSelectorsEnabled: true, databaseEnabled: false, goog:chromeOptions: {debuggerAddress: localhost:60790}, handlesAlerts: true, hasTouchScreen: false, javascriptEnabled: true, locationContextEnabled: true, mobileEmulationEnabled: false, nativeEvents: true, networkConnectionEnabled: false, pageLoadStrategy: normal, platform: XP, platformName: XP, rotatable: false, setWindowRect: true, takesHeapSnapshot: true, takesScreenshot: true, unexpectedAlertBehaviour: , unhandledPromptBehavior: , version: 70.0.3538.110, webStorageEnabled: true}
Session ID: cc6da0bb0e9e5d6529bf10b428ce3bde)
	at com.kms.katalon.core.keyword.internal.KeywordMain.stepFailed(KeywordMain.groovy:32)
	at com.kms.katalon.core.webui.keyword.internal.WebUIKeywordMain.stepFailed(WebUIKeywordMain.groovy:65)
	at com.kms.katalon.core.webui.keyword.internal.WebUIKeywordMain.runKeyword(WebUIKeywordMain.groovy:27)
	at com.kms.katalon.core.webui.keyword.builtin.GetTextKeyword.getText(GetTextKeyword.groovy:88)
	at com.kms.katalon.core.webui.keyword.builtin.GetTextKeyword.execute(GetTextKeyword.groovy:67)
	at com.kms.katalon.core.keyword.internal.KeywordExecutor.executeKeywordForPlatform(KeywordExecutor.groovy:53)
	at com.kms.katalon.core.webui.keyword.WebUiBuiltInKeywords.getText(WebUiBuiltInKeywords.groovy:888)
	at com.kms.katalon.core.webui.keyword.WebUiBuiltInKeywords$getText$5.call(Unknown Source)
	at Script1536221052180.run(Script1536221052180.groovy:138)
	at com.kms.katalon.core.main.ScriptEngine.run(ScriptEngine.java:183)
	at com.kms.katalon.core.main.ScriptEngine.runScriptAsRawText(ScriptEngine.java:108)
	at com.kms.katalon.core.main.TestCaseExecutor.runScript(TestCaseExecutor.java:294)
	at com.kms.katalon.core.main.TestCaseExecutor.doExecute(TestCaseExecutor.java:285)
	at com.kms.katalon.core.main.TestCaseExecutor.processExecutionPhase(TestCaseExecutor.java:264)
	at com.kms.katalon.core.main.TestCaseExecutor.accessMainPhase(TestCaseExecutor.java:256)
	at com.kms.katalon.core.main.TestCaseExecutor.execute(TestCaseExecutor.java:200)
	at com.kms.katalon.core.main.TestCaseMain.runTestCase(TestCaseMain.java:99)
	at com.kms.katalon.core.keyword.builtin.CallTestCaseKeyword$_callTestCase_closure1.doCall(CallTestCaseKeyword.groovy:60)
	at com.kms.katalon.core.keyword.builtin.CallTestCaseKeyword$_callTestCase_closure1.call(CallTestCaseKeyword.groovy)
	at com.kms.katalon.core.keyword.internal.KeywordMain.runKeyword(KeywordMain.groovy:54)
	at com.kms.katalon.core.keyword.builtin.CallTestCaseKeyword.callTestCase(CallTestCaseKeyword.groovy:81)
	at com.kms.katalon.core.keyword.builtin.CallTestCaseKeyword.execute(CallTestCaseKeyword.groovy:45)
	at com.kms.katalon.core.keyword.internal.KeywordExecutor.executeKeywordForPlatform(KeywordExecutor.groovy:53)
	at com.kms.katalon.core.keyword.BuiltinKeywords.callTestCase(BuiltinKeywords.groovy:334)
	at sun.reflect.GeneratedMethodAccessor13.invoke(Unknown Source)
	at sun.reflect.DelegatingMethodAccessorImpl.invoke(DelegatingMethodAccessorImpl.java:43)
	at java.lang.reflect.Method.invoke(Method.java:498)
	at org.codehaus.groovy.reflection.CachedMethod.invoke(CachedMethod.java:93)
	at groovy.lang.MetaMethod.doMethodInvoke(MetaMethod.java:325)
	at groovy.lang.MetaClassImpl.invokeStaticMethod(MetaClassImpl.java:1469)
	at org.codehaus.groovy.runtime.callsite.StaticMetaClassSite.call(StaticMetaClassSite.java:53)
	at org.codehaus.groovy.runtime.callsite.CallSiteArray.defaultCall(CallSiteArray.java:48)
	at org.codehaus.groovy.runtime.callsite.AbstractCallSite.call(AbstractCallSite.java:113)
	at org.codehaus.groovy.runtime.callsite.AbstractCallSite.call(AbstractCallSite.java:141)
	at Script1536220975989.run(Script1536220975989.groovy:22)
	at com.kms.katalon.core.main.ScriptEngine.run(ScriptEngine.java:183)
	at com.kms.katalon.core.main.ScriptEngine.runScriptAsRawText(ScriptEngine.java:108)
	at com.kms.katalon.core.main.TestCaseExecutor.runScript(TestCaseExecutor.java:294)
	at com.kms.katalon.core.main.TestCaseExecutor.doExecute(TestCaseExecutor.java:285)
	at com.kms.katalon.core.main.TestCaseExecutor.processExecutionPhase(TestCaseExecutor.java:264)
	at com.kms.katalon.core.main.TestCaseExecutor.accessMainPhase(TestCaseExecutor.java:256)
	at com.kms.katalon.core.main.TestCaseExecutor.execute(TestCaseExecutor.java:200)
	at com.kms.katalon.core.main.TestSuiteExecutor.accessTestCaseMainPhase(TestSuiteExecutor.java:129)
	at com.kms.katalon.core.main.TestSuiteExecutor.accessTestSuiteMainPhase(TestSuiteExecutor.java:112)
	at com.kms.katalon.core.main.TestSuiteExecutor.execute(TestSuiteExecutor.java:81)
	at com.kms.katalon.core.main.TestCaseMain.startTestSuite(TestCaseMain.java:142)
	at com.kms.katalon.core.main.TestCaseMain$startTestSuite$0.call(Unknown Source)
	at org.codehaus.groovy.runtime.callsite.CallSiteArray.defaultCall(CallSiteArray.java:48)
	at org.codehaus.groovy.runtime.callsite.AbstractCallSite.call(AbstractCallSite.java:113)
	at org.codehaus.groovy.runtime.callsite.AbstractCallSite.call(AbstractCallSite.java:141)
	at TempTestSuite1544406462574.run(TempTestSuite1544406462574.groovy:36)
	at groovy.lang.GroovyShell.runScriptOrMainOrTestOrRunnable(GroovyShell.java:263)
	at groovy.lang.GroovyShell.run(GroovyShell.java:518)
	at groovy.lang.GroovyShell.run(GroovyShell.java:507)
	at groovy.ui.GroovyMain.processOnce(GroovyMain.java:653)
	at groovy.ui.GroovyMain.run(GroovyMain.java:384)
	at groovy.ui.GroovyMain.process(GroovyMain.java:370)
	at groovy.ui.GroovyMain.processArgs(GroovyMain.java:129)
	at groovy.ui.GroovyMain.main(GroovyMain.java:109)
	at sun.reflect.NativeMethodAccessorImpl.invoke0(Native Method)
	at sun.reflect.NativeMethodAccessorImpl.invoke(NativeMethodAccessorImpl.java:62)
	at sun.reflect.DelegatingMethodAccessorImpl.invoke(DelegatingMethodAccessorImpl.java:43)
	at java.lang.reflect.Method.invoke(Method.java:498)
	at org.codehaus.groovy.tools.GroovyStarter.rootLoader(GroovyStarter.java:109)
	at org.codehaus.groovy.tools.GroovyStarter.main(GroovyStarter.java:131)
)"/>
         <system-out><![CDATA[2018-12-10 10:21:30 - [TEST_CASE][FAILED] - Test Cases/Final Aug 2018 - PKS Automation/Registration Module/Workflow/Update Employer Information/PAU - UO (Under enforcement): Test Cases/Final Aug 2018 - PKS Automation/Registration Module/Workflow/Update Employer Information/PAU - UO (Under enforcement) FAILED because (of) (Stack trace: com.kms.katalon.core.exception.StepFailedException: Unable to get text of object 'Object Repository/Final Object Repo/Page_Update Employer Information/Reference Number in Update Employee Information Page' (Root cause: org.openqa.selenium.StaleElementReferenceException: stale element reference: element is not attached to the page document
  (Session info: chrome=70.0.3538.110)
  (Driver info: chromedriver=2.43.600210 (68dcf5eebde37173d4027fa8635e332711d2874a),platform=Windows NT 6.1.7601 SP1 x86_64) (WARNING: The server did not provide any stacktrace information)
Command duration or timeout: 0 milliseconds
For documentation on this error, please visit: http://seleniumhq.org/exceptions/stale_element_reference.html
Build info: version: '3.7.1', revision: '8a0099a', time: '2017-11-06T21:07:36.161Z'
System info: host: 'WIN7TEST02', ip: '10.20.3.72', os.name: 'Windows 7', os.arch: 'amd64', os.version: '6.1', java.version: '1.8.0_181'
Driver info: com.kms.katalon.selenium.driver.CChromeDriver
Capabilities {acceptInsecureCerts: false, acceptSslCerts: false, applicationCacheEnabled: false, browserConnectionEnabled: false, browserName: chrome, chrome: {chromedriverVersion: 2.43.600210 (68dcf5eebde371..., userDataDir: C:\Users\Admin\AppData\Loca...}, cssSelectorsEnabled: true, databaseEnabled: false, goog:chromeOptions: {debuggerAddress: localhost:60790}, handlesAlerts: true, hasTouchScreen: false, javascriptEnabled: true, locationContextEnabled: true, mobileEmulationEnabled: false, nativeEvents: true, networkConnectionEnabled: false, pageLoadStrategy: normal, platform: XP, platformName: XP, rotatable: false, setWindowRect: true, takesHeapSnapshot: true, takesScreenshot: true, unexpectedAlertBehaviour: , unhandledPromptBehavior: , version: 70.0.3538.110, webStorageEnabled: true}
Session ID: cc6da0bb0e9e5d6529bf10b428ce3bde)
	at com.kms.katalon.core.keyword.internal.KeywordMain.stepFailed(KeywordMain.groovy:32)
	at com.kms.katalon.core.webui.keyword.internal.WebUIKeywordMain.stepFailed(WebUIKeywordMain.groovy:65)
	at com.kms.katalon.core.webui.keyword.internal.WebUIKeywordMain.runKeyword(WebUIKeywordMain.groovy:27)
	at com.kms.katalon.core.webui.keyword.builtin.GetTextKeyword.getText(GetTextKeyword.groovy:88)
	at com.kms.katalon.core.webui.keyword.builtin.GetTextKeyword.execute(GetTextKeyword.groovy:67)
	at com.kms.katalon.core.keyword.internal.KeywordExecutor.executeKeywordForPlatform(KeywordExecutor.groovy:53)
	at com.kms.katalon.core.webui.keyword.WebUiBuiltInKeywords.getText(WebUiBuiltInKeywords.groovy:888)
	at com.kms.katalon.core.webui.keyword.WebUiBuiltInKeywords$getText$5.call(Unknown Source)
	at Script1536221052180.run(Script1536221052180.groovy:138)
	at com.kms.katalon.core.main.ScriptEngine.run(ScriptEngine.java:183)
	at com.kms.katalon.core.main.ScriptEngine.runScriptAsRawText(ScriptEngine.java:108)
	at com.kms.katalon.core.main.TestCaseExecutor.runScript(TestCaseExecutor.java:294)
	at com.kms.katalon.core.main.TestCaseExecutor.doExecute(TestCaseExecutor.java:285)
	at com.kms.katalon.core.main.TestCaseExecutor.processExecutionPhase(TestCaseExecutor.java:264)
	at com.kms.katalon.core.main.TestCaseExecutor.accessMainPhase(TestCaseExecutor.java:256)
	at com.kms.katalon.core.main.TestCaseExecutor.execute(TestCaseExecutor.java:200)
	at com.kms.katalon.core.main.TestCaseMain.runTestCase(TestCaseMain.java:99)
	at com.kms.katalon.core.keyword.builtin.CallTestCaseKeyword$_callTestCase_closure1.doCall(CallTestCaseKeyword.groovy:60)
	at com.kms.katalon.core.keyword.builtin.CallTestCaseKeyword$_callTestCase_closure1.call(CallTestCaseKeyword.groovy)
	at com.kms.katalon.core.keyword.internal.KeywordMain.runKeyword(KeywordMain.groovy:54)
	at com.kms.katalon.core.keyword.builtin.CallTestCaseKeyword.callTestCase(CallTestCaseKeyword.groovy:81)
	at com.kms.katalon.core.keyword.builtin.CallTestCaseKeyword.execute(CallTestCaseKeyword.groovy:45)
	at com.kms.katalon.core.keyword.internal.KeywordExecutor.executeKeywordForPlatform(KeywordExecutor.groovy:53)
	at com.kms.katalon.core.keyword.BuiltinKeywords.callTestCase(BuiltinKeywords.groovy:334)
	at sun.reflect.GeneratedMethodAccessor13.invoke(Unknown Source)
	at sun.reflect.DelegatingMethodAccessorImpl.invoke(DelegatingMethodAccessorImpl.java:43)
	at java.lang.reflect.Method.invoke(Method.java:498)
	at org.codehaus.groovy.reflection.CachedMethod.invoke(CachedMethod.java:93)
	at groovy.lang.MetaMethod.doMethodInvoke(MetaMethod.java:325)
	at groovy.lang.MetaClassImpl.invokeStaticMethod(MetaClassImpl.java:1469)
	at org.codehaus.groovy.runtime.callsite.StaticMetaClassSite.call(StaticMetaClassSite.java:53)
	at org.codehaus.groovy.runtime.callsite.CallSiteArray.defaultCall(CallSiteArray.java:48)
	at org.codehaus.groovy.runtime.callsite.AbstractCallSite.call(AbstractCallSite.java:113)
	at org.codehaus.groovy.runtime.callsite.AbstractCallSite.call(AbstractCallSite.java:141)
	at Script1536220975989.run(Script1536220975989.groovy:22)
	at com.kms.katalon.core.main.ScriptEngine.run(ScriptEngine.java:183)
	at com.kms.katalon.core.main.ScriptEngine.runScriptAsRawText(ScriptEngine.java:108)
	at com.kms.katalon.core.main.TestCaseExecutor.runScript(TestCaseExecutor.java:294)
	at com.kms.katalon.core.main.TestCaseExecutor.doExecute(TestCaseExecutor.java:285)
	at com.kms.katalon.core.main.TestCaseExecutor.processExecutionPhase(TestCaseExecutor.java:264)
	at com.kms.katalon.core.main.TestCaseExecutor.accessMainPhase(TestCaseExecutor.java:256)
	at com.kms.katalon.core.main.TestCaseExecutor.execute(TestCaseExecutor.java:200)
	at com.kms.katalon.core.main.TestSuiteExecutor.accessTestCaseMainPhase(TestSuiteExecutor.java:129)
	at com.kms.katalon.core.main.TestSuiteExecutor.accessTestSuiteMainPhase(TestSuiteExecutor.java:112)
	at com.kms.katalon.core.main.TestSuiteExecutor.execute(TestSuiteExecutor.java:81)
	at com.kms.katalon.core.main.TestCaseMain.startTestSuite(TestCaseMain.java:142)
	at com.kms.katalon.core.main.TestCaseMain$startTestSuite$0.call(Unknown Source)
	at org.codehaus.groovy.runtime.callsite.CallSiteArray.defaultCall(CallSiteArray.java:48)
	at org.codehaus.groovy.runtime.callsite.AbstractCallSite.call(AbstractCallSite.java:113)
	at org.codehaus.groovy.runtime.callsite.AbstractCallSite.call(AbstractCallSite.java:141)
	at TempTestSuite1544406462574.run(TempTestSuite1544406462574.groovy:36)
	at groovy.lang.GroovyShell.runScriptOrMainOrTestOrRunnable(GroovyShell.java:263)
	at groovy.lang.GroovyShell.run(GroovyShell.java:518)
	at groovy.lang.GroovyShell.run(GroovyShell.java:507)
	at groovy.ui.GroovyMain.processOnce(GroovyMain.java:653)
	at groovy.ui.GroovyMain.run(GroovyMain.java:384)
	at groovy.ui.GroovyMain.process(GroovyMain.java:370)
	at groovy.ui.GroovyMain.processArgs(GroovyMain.java:129)
	at groovy.ui.GroovyMain.main(GroovyMain.java:109)
	at sun.reflect.NativeMethodAccessorImpl.invoke0(Native Method)
	at sun.reflect.NativeMethodAccessorImpl.invoke(NativeMethodAccessorImpl.java:62)
	at sun.reflect.DelegatingMethodAccessorImpl.invoke(DelegatingMethodAccessorImpl.java:43)
	at java.lang.reflect.Method.invoke(Method.java:498)
	at org.codehaus.groovy.tools.GroovyStarter.rootLoader(GroovyStarter.java:109)
	at org.codehaus.groovy.tools.GroovyStarter.main(GroovyStarter.java:131)
)

2018-12-10 10:21:31 - [TEST_STEP][FAILED] - callTestCase: Unable to call Test Case with id 'Test Cases/Final Aug 2018 - PKS Automation/Registration Module/Workflow/Update Employer Information/Template/Update Employer Information - Special Case (PAU)' (Root cause: Call Test Case 'Test Cases/Final Aug 2018 - PKS Automation/Registration Module/Workflow/Update Employer Information/Template/Update Employer Information - Special Case (PAU)' failed)

2018-12-10 10:21:31 - [TEST_CASE][FAILED] - Test Cases/Final Aug 2018 - PKS Automation/Registration Module/Workflow/Update Employer Information/Template/Update Employer Information - Special Case (PAU): Test Cases/Final Aug 2018 - PKS Automation/Registration Module/Workflow/Update Employer Information/Template/Update Employer Information - Special Case (PAU) FAILED because (of) (Stack trace: com.kms.katalon.core.exception.StepFailedException: Unable to get text of object 'Object Repository/Final Object Repo/Page_Update Employer Information/Reference Number in Update Employee Information Page' (Root cause: org.openqa.selenium.StaleElementReferenceException: stale element reference: element is not attached to the page document
  (Session info: chrome=70.0.3538.110)
  (Driver info: chromedriver=2.43.600210 (68dcf5eebde37173d4027fa8635e332711d2874a),platform=Windows NT 6.1.7601 SP1 x86_64) (WARNING: The server did not provide any stacktrace information)
Command duration or timeout: 0 milliseconds
For documentation on this error, please visit: http://seleniumhq.org/exceptions/stale_element_reference.html
Build info: version: '3.7.1', revision: '8a0099a', time: '2017-11-06T21:07:36.161Z'
System info: host: 'WIN7TEST02', ip: '10.20.3.72', os.name: 'Windows 7', os.arch: 'amd64', os.version: '6.1', java.version: '1.8.0_181'
Driver info: com.kms.katalon.selenium.driver.CChromeDriver
Capabilities {acceptInsecureCerts: false, acceptSslCerts: false, applicationCacheEnabled: false, browserConnectionEnabled: false, browserName: chrome, chrome: {chromedriverVersion: 2.43.600210 (68dcf5eebde371..., userDataDir: C:\Users\Admin\AppData\Loca...}, cssSelectorsEnabled: true, databaseEnabled: false, goog:chromeOptions: {debuggerAddress: localhost:60790}, handlesAlerts: true, hasTouchScreen: false, javascriptEnabled: true, locationContextEnabled: true, mobileEmulationEnabled: false, nativeEvents: true, networkConnectionEnabled: false, pageLoadStrategy: normal, platform: XP, platformName: XP, rotatable: false, setWindowRect: true, takesHeapSnapshot: true, takesScreenshot: true, unexpectedAlertBehaviour: , unhandledPromptBehavior: , version: 70.0.3538.110, webStorageEnabled: true}
Session ID: cc6da0bb0e9e5d6529bf10b428ce3bde)
	at com.kms.katalon.core.keyword.internal.KeywordMain.stepFailed(KeywordMain.groovy:32)
	at com.kms.katalon.core.webui.keyword.internal.WebUIKeywordMain.stepFailed(WebUIKeywordMain.groovy:65)
	at com.kms.katalon.core.webui.keyword.internal.WebUIKeywordMain.runKeyword(WebUIKeywordMain.groovy:27)
	at com.kms.katalon.core.webui.keyword.builtin.GetTextKeyword.getText(GetTextKeyword.groovy:88)
	at com.kms.katalon.core.webui.keyword.builtin.GetTextKeyword.execute(GetTextKeyword.groovy:67)
	at com.kms.katalon.core.keyword.internal.KeywordExecutor.executeKeywordForPlatform(KeywordExecutor.groovy:53)
	at com.kms.katalon.core.webui.keyword.WebUiBuiltInKeywords.getText(WebUiBuiltInKeywords.groovy:888)
	at com.kms.katalon.core.webui.keyword.WebUiBuiltInKeywords$getText$5.call(Unknown Source)
	at Script1536221052180.run(Script1536221052180.groovy:138)
	at com.kms.katalon.core.main.ScriptEngine.run(ScriptEngine.java:183)
	at com.kms.katalon.core.main.ScriptEngine.runScriptAsRawText(ScriptEngine.java:108)
	at com.kms.katalon.core.main.TestCaseExecutor.runScript(TestCaseExecutor.java:294)
	at com.kms.katalon.core.main.TestCaseExecutor.doExecute(TestCaseExecutor.java:285)
	at com.kms.katalon.core.main.TestCaseExecutor.processExecutionPhase(TestCaseExecutor.java:264)
	at com.kms.katalon.core.main.TestCaseExecutor.accessMainPhase(TestCaseExecutor.java:256)
	at com.kms.katalon.core.main.TestCaseExecutor.execute(TestCaseExecutor.java:200)
	at com.kms.katalon.core.main.TestCaseMain.runTestCase(TestCaseMain.java:99)
	at com.kms.katalon.core.keyword.builtin.CallTestCaseKeyword$_callTestCase_closure1.doCall(CallTestCaseKeyword.groovy:60)
	at com.kms.katalon.core.keyword.builtin.CallTestCaseKeyword$_callTestCase_closure1.call(CallTestCaseKeyword.groovy)
	at com.kms.katalon.core.keyword.internal.KeywordMain.runKeyword(KeywordMain.groovy:54)
	at com.kms.katalon.core.keyword.builtin.CallTestCaseKeyword.callTestCase(CallTestCaseKeyword.groovy:81)
	at com.kms.katalon.core.keyword.builtin.CallTestCaseKeyword.execute(CallTestCaseKeyword.groovy:45)
	at com.kms.katalon.core.keyword.internal.KeywordExecutor.executeKeywordForPlatform(KeywordExecutor.groovy:53)
	at com.kms.katalon.core.keyword.BuiltinKeywords.callTestCase(BuiltinKeywords.groovy:334)
	at sun.reflect.GeneratedMethodAccessor13.invoke(Unknown Source)
	at sun.reflect.DelegatingMethodAccessorImpl.invoke(DelegatingMethodAccessorImpl.java:43)
	at java.lang.reflect.Method.invoke(Method.java:498)
	at org.codehaus.groovy.reflection.CachedMethod.invoke(CachedMethod.java:93)
	at groovy.lang.MetaMethod.doMethodInvoke(MetaMethod.java:325)
	at groovy.lang.MetaClassImpl.invokeStaticMethod(MetaClassImpl.java:1469)
	at org.codehaus.groovy.runtime.callsite.StaticMetaClassSite.call(StaticMetaClassSite.java:53)
	at org.codehaus.groovy.runtime.callsite.CallSiteArray.defaultCall(CallSiteArray.java:48)
	at org.codehaus.groovy.runtime.callsite.AbstractCallSite.call(AbstractCallSite.java:113)
	at org.codehaus.groovy.runtime.callsite.AbstractCallSite.call(AbstractCallSite.java:141)
	at Script1536220975989.run(Script1536220975989.groovy:22)
	at com.kms.katalon.core.main.ScriptEngine.run(ScriptEngine.java:183)
	at com.kms.katalon.core.main.ScriptEngine.runScriptAsRawText(ScriptEngine.java:108)
	at com.kms.katalon.core.main.TestCaseExecutor.runScript(TestCaseExecutor.java:294)
	at com.kms.katalon.core.main.TestCaseExecutor.doExecute(TestCaseExecutor.java:285)
	at com.kms.katalon.core.main.TestCaseExecutor.processExecutionPhase(TestCaseExecutor.java:264)
	at com.kms.katalon.core.main.TestCaseExecutor.accessMainPhase(TestCaseExecutor.java:256)
	at com.kms.katalon.core.main.TestCaseExecutor.execute(TestCaseExecutor.java:200)
	at com.kms.katalon.core.main.TestSuiteExecutor.accessTestCaseMainPhase(TestSuiteExecutor.java:129)
	at com.kms.katalon.core.main.TestSuiteExecutor.accessTestSuiteMainPhase(TestSuiteExecutor.java:112)
	at com.kms.katalon.core.main.TestSuiteExecutor.execute(TestSuiteExecutor.java:81)
	at com.kms.katalon.core.main.TestCaseMain.startTestSuite(TestCaseMain.java:142)
	at com.kms.katalon.core.main.TestCaseMain$startTestSuite$0.call(Unknown Source)
	at org.codehaus.groovy.runtime.callsite.CallSiteArray.defaultCall(CallSiteArray.java:48)
	at org.codehaus.groovy.runtime.callsite.AbstractCallSite.call(AbstractCallSite.java:113)
	at org.codehaus.groovy.runtime.callsite.AbstractCallSite.call(AbstractCallSite.java:141)
	at TempTestSuite1544406462574.run(TempTestSuite1544406462574.groovy:36)
	at groovy.lang.GroovyShell.runScriptOrMainOrTestOrRunnable(GroovyShell.java:263)
	at groovy.lang.GroovyShell.run(GroovyShell.java:518)
	at groovy.lang.GroovyShell.run(GroovyShell.java:507)
	at groovy.ui.GroovyMain.processOnce(GroovyMain.java:653)
	at groovy.ui.GroovyMain.run(GroovyMain.java:384)
	at groovy.ui.GroovyMain.process(GroovyMain.java:370)
	at groovy.ui.GroovyMain.processArgs(GroovyMain.java:129)
	at groovy.ui.GroovyMain.main(GroovyMain.java:109)
	at sun.reflect.NativeMethodAccessorImpl.invoke0(Native Method)
	at sun.reflect.NativeMethodAccessorImpl.invoke(NativeMethodAccessorImpl.java:62)
	at sun.reflect.DelegatingMethodAccessorImpl.invoke(DelegatingMethodAccessorImpl.java:43)
	at java.lang.reflect.Method.invoke(Method.java:498)
	at org.codehaus.groovy.tools.GroovyStarter.rootLoader(GroovyStarter.java:109)
	at org.codehaus.groovy.tools.GroovyStarter.main(GroovyStarter.java:131)
)

2018-12-10 10:21:31 - [TEST_STEP][PASSED] - openBrowser: Browser is opened with url: ''

2018-12-10 10:21:31 - [MESSAGE][WARNING] - A browser is already opened. Closing browser and opening a new one

2018-12-10 10:21:34 - [MESSAGE][PASSED] - Browser is opened with url: ''

2018-12-10 10:21:34 - [TEST_STEP][PASSED] - navigateToUrl: Navigate to 'https://assist2-uat.perkeso.gov.my/login' successfully

2018-12-10 10:21:35 - [MESSAGE][PASSED] - Navigate to 'https://assist2-uat.perkeso.gov.my/login' successfully

2018-12-10 10:21:35 - [TEST_STEP][PASSED] - setText: Text 'johorpau1@gmail.com' is set on object 'Object Repository/Final Object Repo/Login Page/Internal User/Email Address'

2018-12-10 10:21:35 - [MESSAGE][PASSED] - Text 'johorpau1@gmail.com' is set on object 'Object Repository/Final Object Repo/Login Page/Internal User/Email Address'

2018-12-10 10:21:35 - [TEST_STEP][PASSED] - click: Object: 'Object Repository/Final Object Repo/Login Page/Internal User/Next Button' is clicked on

2018-12-10 10:21:35 - [MESSAGE][PASSED] - Object: 'Object Repository/Final Object Repo/Login Page/Internal User/Next Button' is clicked on

2018-12-10 10:21:35 - [TEST_STEP][PASSED] - delay: Delayed 1 second(s)

2018-12-10 10:21:36 - [MESSAGE][PASSED] - Delayed 1 second(s)

2018-12-10 10:21:36 - [TEST_STEP][PASSED] - setEncryptedText: Text ****** has been set on object 'Object Repository/Final Object Repo/Login Page/Internal User/Password'

2018-12-10 10:21:36 - [MESSAGE][PASSED] - Text ****** has been set on object 'Object Repository/Final Object Repo/Login Page/Internal User/Password'

2018-12-10 10:21:36 - [TEST_STEP][PASSED] - click: Object: 'Object Repository/Final Object Repo/Login Page/Internal User/Login Button' is clicked on

2018-12-10 10:21:37 - [MESSAGE][PASSED] - Object: 'Object Repository/Final Object Repo/Login Page/Internal User/Login Button' is clicked on

2018-12-10 10:21:37 - [TEST_STEP][PASSED] - Statement - tester = com.kms.katalon.core.testobject.ObjectRepository.findTestObject(Final Object Repo/Landing Page/Select to English): Finding Test Object with id 'Object Repository/Final Object Repo/Landing Page/Select to English'

2018-12-10 10:21:37 - [TEST_STEP][PASSED] - Statement - Try: Delayed 2 second(s)

2018-12-10 10:21:37 - [TEST_STEP][PASSED] - Statement - Checker = com.kms.katalon.core.webui.keyword.WebUiBuiltInKeywords.verifyElementNotPresent(tester, 3): Web element with id: 'Object Repository/Final Object Repo/Landing Page/Select to English' located by 'By.xpath: //a[@class = 'taglib-language-list-text' and @lang = 'en-US' and (contains(text(), 'EN') or contains(., 'EN'))]' is not present after '3' second(s)

2018-12-10 10:21:38 - [MESSAGE][PASSED] - Web element with id: 'Object Repository/Final Object Repo/Landing Page/Select to English' located by 'By.xpath: //a[@class = 'taglib-language-list-text' and @lang = 'en-US' and (contains(text(), 'EN') or contains(., 'EN'))]' is not present after '3' second(s)

2018-12-10 10:21:38 - [TEST_STEP][PASSED] - Statement - If (Checker == false): null

2018-12-10 10:21:38 - [TEST_STEP][PASSED] - delay: Delayed 2 second(s)

2018-12-10 10:21:40 - [MESSAGE][PASSED] - Delayed 2 second(s)

2018-12-10 10:21:40 - [TEST_STEP][PASSED] - delay: Delayed 5 second(s)

2018-12-10 10:21:45 - [MESSAGE][PASSED] - Delayed 5 second(s)

2018-12-10 10:21:45 - [TEST_STEP][PASSED] - navigateToUrl: Navigate to 'https://assist2-uat.perkeso.gov.my/web/registration/update/update-employer-information' successfully

2018-12-10 10:21:46 - [MESSAGE][PASSED] - Navigate to 'https://assist2-uat.perkeso.gov.my/web/registration/update/update-employer-information' successfully

2018-12-10 10:21:46 - [TEST_STEP][PASSED] - setText: Text 'E1102001065V ' is set on object 'Object Repository/Final Object Repo/Page_Update Employer Information/Employer Code'

2018-12-10 10:21:47 - [MESSAGE][PASSED] - Text 'E1102001065V ' is set on object 'Object Repository/Final Object Repo/Page_Update Employer Information/Employer Code'

2018-12-10 10:21:47 - [TEST_STEP][PASSED] - click: Object: 'Object Repository/Final Object Repo/Page_Update Employer Information/Search Button' is clicked on

2018-12-10 10:21:47 - [MESSAGE][PASSED] - Object: 'Object Repository/Final Object Repo/Page_Update Employer Information/Search Button' is clicked on

2018-12-10 10:21:47 - [TEST_STEP][PASSED] - click: Object: 'Object Repository/Final Object Repo/Page_Update Employer Information/Edit Button' is clicked on

2018-12-10 10:21:51 - [MESSAGE][PASSED] - Object: 'Object Repository/Final Object Repo/Page_Update Employer Information/Edit Button' is clicked on

2018-12-10 10:21:51 - [TEST_STEP][PASSED] - click: Object: 'Object Repository/Final Object Repo/Page_Update Employer Information/Business Entity' is clicked on

2018-12-10 10:21:51 - [MESSAGE][PASSED] - Object: 'Object Repository/Final Object Repo/Page_Update Employer Information/Business Entity' is clicked on

2018-12-10 10:21:51 - [TEST_STEP][PASSED] - Statement - CurrentBusinessEntity = "": null

2018-12-10 10:21:51 - [TEST_STEP][PASSED] - Statement - CurrentBusinessEntity = com.kms.katalon.core.webui.keyword.WebUiBuiltInKeywords.getText(com.kms.katalon.core.testobject.ObjectRepository.findTestObject(Final Object Repo/Page_Update Employer Information/Current Business Entity)): Text of object 'Object Repository/Final Object Repo/Page_Update Employer Information/Current Business Entity' is: 'Partnership'

2018-12-10 10:21:51 - [MESSAGE][PASSED] - Text of object 'Object Repository/Final Object Repo/Page_Update Employer Information/Current Business Entity' is: 'Partnership'

2018-12-10 10:21:51 - [TEST_STEP][PASSED] - Statement - out.println(CurrentBusinessEntity): null

2018-12-10 10:21:51 - [TEST_STEP][PASSED] - Statement - If (CurrentBusinessEntity == "Corporation"): null

2018-12-10 10:21:51 - [TEST_STEP][PASSED] - Statement - Else If (CurrentBusinessEntity == "Partnership"): Delayed 3 second(s)

2018-12-10 10:21:51 - [TEST_STEP][PASSED] - Statement - obj = com.kms.katalon.core.webui.keyword.WebUiBuiltInKeywords.modifyObjectProperty(com.kms.katalon.core.testobject.ObjectRepository.findTestObject(Final Object Repo/Page_Update Employer Information/change to this Business Entity), "xpath", "equals", "//ul/li/span[contains(text(),"Sole Proprietor / Individual Business")]", true, STOP_ON_FAILURE): Modify property of object successfully

2018-12-10 10:21:51 - [MESSAGE][PASSED] - Modify property of object successfully

2018-12-10 10:21:51 - [TEST_STEP][PASSED] - click: Object: 'Object Repository/Final Object Repo/Page_Update Employer Information/change to this Business Entity' is clicked on

2018-12-10 10:21:51 - [MESSAGE][PASSED] - Object: 'Object Repository/Final Object Repo/Page_Update Employer Information/change to this Business Entity' is clicked on

2018-12-10 10:21:51 - [TEST_STEP][PASSED] - delay: Delayed 1 second(s)

2018-12-10 10:21:52 - [MESSAGE][PASSED] - Delayed 1 second(s)

2018-12-10 10:21:52 - [TEST_STEP][PASSED] - click: Object: 'Object Repository/Final Object Repo/Page_Update Employer Information/Sub Business Entity' is clicked on

2018-12-10 10:21:52 - [MESSAGE][PASSED] - Object: 'Object Repository/Final Object Repo/Page_Update Employer Information/Sub Business Entity' is clicked on

2018-12-10 10:21:52 - [TEST_STEP][PASSED] - click: Object: 'Object Repository/Final Object Repo/Page_Update Employer Information/Sub Business Entity - Sole Properietor - Registered with other Agencies' is clicked on

2018-12-10 10:21:53 - [MESSAGE][PASSED] - Object: 'Object Repository/Final Object Repo/Page_Update Employer Information/Sub Business Entity - Sole Properietor - Registered with other Agencies' is clicked on

2018-12-10 10:21:53 - [TEST_STEP][PASSED] - delay: Delayed 3 second(s)

2018-12-10 10:21:56 - [MESSAGE][PASSED] - Delayed 3 second(s)

2018-12-10 10:21:56 - [TEST_STEP][PASSED] - delay: Delayed 4 second(s)

2018-12-10 10:22:00 - [MESSAGE][PASSED] - Delayed 4 second(s)

2018-12-10 10:22:00 - [TEST_STEP][PASSED] - click: Object: 'Object Repository/Final Object Repo/Page_Update Employer Information/Save  Continue' is clicked on

2018-12-10 10:22:00 - [MESSAGE][PASSED] - Object: 'Object Repository/Final Object Repo/Page_Update Employer Information/Save  Continue' is clicked on

2018-12-10 10:22:00 - [TEST_STEP][PASSED] - delay: Delayed 4 second(s)

2018-12-10 10:22:04 - [MESSAGE][PASSED] - Delayed 4 second(s)

2018-12-10 10:22:04 - [TEST_STEP][PASSED] - click: Object: 'Object Repository/Final Object Repo/Page_Update Employer Information/Save  Continue (1)' is clicked on

2018-12-10 10:22:04 - [MESSAGE][PASSED] - Object: 'Object Repository/Final Object Repo/Page_Update Employer Information/Save  Continue (1)' is clicked on

2018-12-10 10:22:04 - [TEST_STEP][FAILED] - Statement - CaseReferenceNo = com.kms.katalon.core.webui.keyword.WebUiBuiltInKeywords.getText(com.kms.katalon.core.testobject.ObjectRepository.findTestObject(Final Object Repo/Page_Update Employer Information/Reference Number in Update Employee Information Page)): Unable to get text of object 'Object Repository/Final Object Repo/Page_Update Employer Information/Reference Number in Update Employee Information Page' (Root cause: org.openqa.selenium.StaleElementReferenceException: stale element reference: element is not attached to the page document
  (Session info: chrome=70.0.3538.110)
  (Driver info: chromedriver=2.43.600210 (68dcf5eebde37173d4027fa8635e332711d2874a),platform=Windows NT 6.1.7601 SP1 x86_64) (WARNING: The server did not provide any stacktrace information)
Command duration or timeout: 0 milliseconds
For documentation on this error, please visit: http://seleniumhq.org/exceptions/stale_element_reference.html
Build info: version: '3.7.1', revision: '8a0099a', time: '2017-11-06T21:07:36.161Z'
System info: host: 'WIN7TEST02', ip: '10.20.3.72', os.name: 'Windows 7', os.arch: 'amd64', os.version: '6.1', java.version: '1.8.0_181'
Driver info: com.kms.katalon.selenium.driver.CChromeDriver
Capabilities {acceptInsecureCerts: false, acceptSslCerts: false, applicationCacheEnabled: false, browserConnectionEnabled: false, browserName: chrome, chrome: {chromedriverVersion: 2.43.600210 (68dcf5eebde371..., userDataDir: C:\Users\Admin\AppData\Loca...}, cssSelectorsEnabled: true, databaseEnabled: false, goog:chromeOptions: {debuggerAddress: localhost:60790}, handlesAlerts: true, hasTouchScreen: false, javascriptEnabled: true, locationContextEnabled: true, mobileEmulationEnabled: false, nativeEvents: true, networkConnectionEnabled: false, pageLoadStrategy: normal, platform: XP, platformName: XP, rotatable: false, setWindowRect: true, takesHeapSnapshot: true, takesScreenshot: true, unexpectedAlertBehaviour: , unhandledPromptBehavior: , version: 70.0.3538.110, webStorageEnabled: true}
Session ID: cc6da0bb0e9e5d6529bf10b428ce3bde)

2018-12-10 10:22:08 - [MESSAGE][FAILED] - Unable to get text of object 'Object Repository/Final Object Repo/Page_Update Employer Information/Reference Number in Update Employee Information Page' (Root cause: org.openqa.selenium.StaleElementReferenceException: stale element reference: element is not attached to the page document
  (Session info: chrome=70.0.3538.110)
  (Driver info: chromedriver=2.43.600210 (68dcf5eebde37173d4027fa8635e332711d2874a),platform=Windows NT 6.1.7601 SP1 x86_64) (WARNING: The server did not provide any stacktrace information)
Command duration or timeout: 0 milliseconds
For documentation on this error, please visit: http://seleniumhq.org/exceptions/stale_element_reference.html
Build info: version: '3.7.1', revision: '8a0099a', time: '2017-11-06T21:07:36.161Z'
System info: host: 'WIN7TEST02', ip: '10.20.3.72', os.name: 'Windows 7', os.arch: 'amd64', os.version: '6.1', java.version: '1.8.0_181'
Driver info: com.kms.katalon.selenium.driver.CChromeDriver
Capabilities {acceptInsecureCerts: false, acceptSslCerts: false, applicationCacheEnabled: false, browserConnectionEnabled: false, browserName: chrome, chrome: {chromedriverVersion: 2.43.600210 (68dcf5eebde371..., userDataDir: C:\Users\Admin\AppData\Loca...}, cssSelectorsEnabled: true, databaseEnabled: false, goog:chromeOptions: {debuggerAddress: localhost:60790}, handlesAlerts: true, hasTouchScreen: false, javascriptEnabled: true, locationContextEnabled: true, mobileEmulationEnabled: false, nativeEvents: true, networkConnectionEnabled: false, pageLoadStrategy: normal, platform: XP, platformName: XP, rotatable: false, setWindowRect: true, takesHeapSnapshot: true, takesScreenshot: true, unexpectedAlertBehaviour: , unhandledPromptBehavior: , version: 70.0.3538.110, webStorageEnabled: true}
Session ID: cc6da0bb0e9e5d6529bf10b428ce3bde)
[[ATTACHMENT|C:\\Users\\Admin\\Desktop\\PKS\\Perkeso Phase A\\Reports\\Workflow\\Update Employer Information\\20181210_094742\\1544408528298.png]]

2018-12-10 10:22:08 - [TEST_STEP][FAILED] - callTestCase: Unable to call Test Case with id 'Test Cases/Final Aug 2018 - PKS Automation/Common/Reference Number Setter' (Root cause: Call Test Case 'Test Cases/Final Aug 2018 - PKS Automation/Common/Reference Number Setter' failed because of error(s))

2018-12-10 10:22:08 - [TEST_CASE][ERROR] - Test Cases/Final Aug 2018 - PKS Automation/Common/Reference Number Setter: Test Cases/Final Aug 2018 - PKS Automation/Common/Reference Number Setter FAILED because (of) (Stack trace: java.lang.NullPointerException
	at org.codehaus.groovy.runtime.IOGroovyMethods.write(IOGroovyMethods.java:191)
	at org.codehaus.groovy.runtime.dgm$883.invoke(Unknown Source)
	at org.codehaus.groovy.runtime.callsite.PojoMetaMethodSite$PojoMetaMethodSiteNoUnwrapNoCoerce.invoke(PojoMetaMethodSite.java:274)
	at org.codehaus.groovy.runtime.callsite.PojoMetaMethodSite.call(PojoMetaMethodSite.java:56)
	at org.codehaus.groovy.runtime.callsite.CallSiteArray.defaultCall(CallSiteArray.java:48)
	at java_io_Writer$write.call(Unknown Source)
	at Script1535425327199.run(Script1535425327199.groovy:34)
	at com.kms.katalon.core.main.ScriptEngine.run(ScriptEngine.java:183)
	at com.kms.katalon.core.main.ScriptEngine.runScriptAsRawText(ScriptEngine.java:108)
	at com.kms.katalon.core.main.TestCaseExecutor.runScript(TestCaseExecutor.java:294)
	at com.kms.katalon.core.main.TestCaseExecutor.doExecute(TestCaseExecutor.java:285)
	at com.kms.katalon.core.main.TestCaseExecutor.processExecutionPhase(TestCaseExecutor.java:264)
	at com.kms.katalon.core.main.TestCaseExecutor.accessMainPhase(TestCaseExecutor.java:256)
	at com.kms.katalon.core.main.TestCaseExecutor.execute(TestCaseExecutor.java:200)
	at com.kms.katalon.core.main.TestCaseMain.runTestCase(TestCaseMain.java:99)
	at com.kms.katalon.core.keyword.builtin.CallTestCaseKeyword$_callTestCase_closure1.doCall(CallTestCaseKeyword.groovy:60)
	at com.kms.katalon.core.keyword.builtin.CallTestCaseKeyword$_callTestCase_closure1.call(CallTestCaseKeyword.groovy)
	at com.kms.katalon.core.keyword.internal.KeywordMain.runKeyword(KeywordMain.groovy:54)
	at com.kms.katalon.core.keyword.builtin.CallTestCaseKeyword.callTestCase(CallTestCaseKeyword.groovy:81)
	at com.kms.katalon.core.keyword.builtin.CallTestCaseKeyword.execute(CallTestCaseKeyword.groovy:45)
	at com.kms.katalon.core.keyword.internal.KeywordExecutor.executeKeywordForPlatform(KeywordExecutor.groovy:53)
	at com.kms.katalon.core.keyword.BuiltinKeywords.callTestCase(BuiltinKeywords.groovy:334)
	at sun.reflect.GeneratedMethodAccessor13.invoke(Unknown Source)
	at sun.reflect.DelegatingMethodAccessorImpl.invoke(DelegatingMethodAccessorImpl.java:43)
	at java.lang.reflect.Method.invoke(Method.java:498)
	at org.codehaus.groovy.reflection.CachedMethod.invoke(CachedMethod.java:93)
	at groovy.lang.MetaMethod.doMethodInvoke(MetaMethod.java:325)
	at groovy.lang.MetaClassImpl.invokeStaticMethod(MetaClassImpl.java:1469)
	at org.codehaus.groovy.runtime.callsite.StaticMetaClassSite.call(StaticMetaClassSite.java:53)
	at org.codehaus.groovy.runtime.callsite.AbstractCallSite.call(AbstractCallSite.java:141)
	at Script1536221052180.run(Script1536221052180.groovy:140)
	at com.kms.katalon.core.main.ScriptEngine.run(ScriptEngine.java:183)
	at com.kms.katalon.core.main.ScriptEngine.runScriptAsRawText(ScriptEngine.java:108)
	at com.kms.katalon.core.main.TestCaseExecutor.runScript(TestCaseExecutor.java:294)
	at com.kms.katalon.core.main.TestCaseExecutor.doExecute(TestCaseExecutor.java:285)
	at com.kms.katalon.core.main.TestCaseExecutor.processExecutionPhase(TestCaseExecutor.java:264)
	at com.kms.katalon.core.main.TestCaseExecutor.accessMainPhase(TestCaseExecutor.java:256)
	at com.kms.katalon.core.main.TestCaseExecutor.execute(TestCaseExecutor.java:200)
	at com.kms.katalon.core.main.TestCaseMain.runTestCase(TestCaseMain.java:99)
	at com.kms.katalon.core.keyword.builtin.CallTestCaseKeyword$_callTestCase_closure1.doCall(CallTestCaseKeyword.groovy:60)
	at com.kms.katalon.core.keyword.builtin.CallTestCaseKeyword$_callTestCase_closure1.call(CallTestCaseKeyword.groovy)
	at com.kms.katalon.core.keyword.internal.KeywordMain.runKeyword(KeywordMain.groovy:54)
	at com.kms.katalon.core.keyword.builtin.CallTestCaseKeyword.callTestCase(CallTestCaseKeyword.groovy:81)
	at com.kms.katalon.core.keyword.builtin.CallTestCaseKeyword.execute(CallTestCaseKeyword.groovy:45)
	at com.kms.katalon.core.keyword.internal.KeywordExecutor.executeKeywordForPlatform(KeywordExecutor.groovy:53)
	at com.kms.katalon.core.keyword.BuiltinKeywords.callTestCase(BuiltinKeywords.groovy:334)
	at sun.reflect.GeneratedMethodAccessor13.invoke(Unknown Source)
	at sun.reflect.DelegatingMethodAccessorImpl.invoke(DelegatingMethodAccessorImpl.java:43)
	at java.lang.reflect.Method.invoke(Method.java:498)
	at org.codehaus.groovy.reflection.CachedMethod.invoke(CachedMethod.java:93)
	at groovy.lang.MetaMethod.doMethodInvoke(MetaMethod.java:325)
	at groovy.lang.MetaClassImpl.invokeStaticMethod(MetaClassImpl.java:1469)
	at org.codehaus.groovy.runtime.callsite.StaticMetaClassSite.call(StaticMetaClassSite.java:53)
	at org.codehaus.groovy.runtime.callsite.CallSiteArray.defaultCall(CallSiteArray.java:48)
	at org.codehaus.groovy.runtime.callsite.AbstractCallSite.call(AbstractCallSite.java:113)
	at org.codehaus.groovy.runtime.callsite.AbstractCallSite.call(AbstractCallSite.java:141)
	at Script1536220975989.run(Script1536220975989.groovy:22)
	at com.kms.katalon.core.main.ScriptEngine.run(ScriptEngine.java:183)
	at com.kms.katalon.core.main.ScriptEngine.runScriptAsRawText(ScriptEngine.java:108)
	at com.kms.katalon.core.main.TestCaseExecutor.runScript(TestCaseExecutor.java:294)
	at com.kms.katalon.core.main.TestCaseExecutor.doExecute(TestCaseExecutor.java:285)
	at com.kms.katalon.core.main.TestCaseExecutor.processExecutionPhase(TestCaseExecutor.java:264)
	at com.kms.katalon.core.main.TestCaseExecutor.accessMainPhase(TestCaseExecutor.java:256)
	at com.kms.katalon.core.main.TestCaseExecutor.execute(TestCaseExecutor.java:200)
	at com.kms.katalon.core.main.TestSuiteExecutor.accessTestCaseMainPhase(TestSuiteExecutor.java:129)
	at com.kms.katalon.core.main.TestSuiteExecutor.accessTestSuiteMainPhase(TestSuiteExecutor.java:112)
	at com.kms.katalon.core.main.TestSuiteExecutor.execute(TestSuiteExecutor.java:81)
	at com.kms.katalon.core.main.TestCaseMain.startTestSuite(TestCaseMain.java:142)
	at com.kms.katalon.core.main.TestCaseMain$startTestSuite$0.call(Unknown Source)
	at org.codehaus.groovy.runtime.callsite.CallSiteArray.defaultCall(CallSiteArray.java:48)
	at org.codehaus.groovy.runtime.callsite.AbstractCallSite.call(AbstractCallSite.java:113)
	at org.codehaus.groovy.runtime.callsite.AbstractCallSite.call(AbstractCallSite.java:141)
	at TempTestSuite1544406462574.run(TempTestSuite1544406462574.groovy:36)
	at groovy.lang.GroovyShell.runScriptOrMainOrTestOrRunnable(GroovyShell.java:263)
	at groovy.lang.GroovyShell.run(GroovyShell.java:518)
	at groovy.lang.GroovyShell.run(GroovyShell.java:507)
	at groovy.ui.GroovyMain.processOnce(GroovyMain.java:653)
	at groovy.ui.GroovyMain.run(GroovyMain.java:384)
	at groovy.ui.GroovyMain.process(GroovyMain.java:370)
	at groovy.ui.GroovyMain.processArgs(GroovyMain.java:129)
	at groovy.ui.GroovyMain.main(GroovyMain.java:109)
	at sun.reflect.NativeMethodAccessorImpl.invoke0(Native Method)
	at sun.reflect.NativeMethodAccessorImpl.invoke(NativeMethodAccessorImpl.java:62)
	at sun.reflect.DelegatingMethodAccessorImpl.invoke(DelegatingMethodAccessorImpl.java:43)
	at java.lang.reflect.Method.invoke(Method.java:498)
	at org.codehaus.groovy.tools.GroovyStarter.rootLoader(GroovyStarter.java:109)
	at org.codehaus.groovy.tools.GroovyStarter.main(GroovyStarter.java:131)
)

2018-12-10 10:22:08 - [TEST_STEP][PASSED] - Statement - RefNoOldFile = new java.io.File(C://Users//Admin//Desktop//PKS//Automation Reference Point//KatalonReference.txt): null

2018-12-10 10:22:08 - [TEST_STEP][PASSED] - Statement - RefNoOldFile.delete(): null

2018-12-10 10:22:08 - [TEST_STEP][PASSED] - delay: Delayed 5 second(s)

2018-12-10 10:22:13 - [MESSAGE][PASSED] - Delayed 5 second(s)

2018-12-10 10:22:13 - [TEST_STEP][PASSED] - Statement - RefNo = new java.io.File(C://Users//Admin//Desktop//PKS//Automation Reference Point//KatalonReference.txt): null

2018-12-10 10:22:13 - [TEST_STEP][PASSED] - Statement - f2 = new java.io.FileWriter(RefNo, false): null

2018-12-10 10:22:13 - [TEST_STEP][PASSED] - Statement - f2.write(CaseReferenceNo): null

2018-12-10 10:22:13 - [MESSAGE][FAILED] - Unable to call Test Case with id 'Test Cases/Final Aug 2018 - PKS Automation/Common/Reference Number Setter' (Root cause: Call Test Case 'Test Cases/Final Aug 2018 - PKS Automation/Common/Reference Number Setter' failed because of error(s))

2018-12-10 10:22:13 - [MESSAGE][FAILED] - Unable to call Test Case with id 'Test Cases/Final Aug 2018 - PKS Automation/Registration Module/Workflow/Update Employer Information/Template/Update Employer Information - Special Case (PAU)' (Root cause: Call Test Case 'Test Cases/Final Aug 2018 - PKS Automation/Registration Module/Workflow/Update Employer Information/Template/Update Employer Information - Special Case (PAU)' failed)]]></system-out>
         <system-err><![CDATA[2018-12-10 10:21:30 - [TEST_CASE][FAILED] - Test Cases/Final Aug 2018 - PKS Automation/Registration Module/Workflow/Update Employer Information/PAU - UO (Under enforcement): Test Cases/Final Aug 2018 - PKS Automation/Registration Module/Workflow/Update Employer Information/PAU - UO (Under enforcement) FAILED because (of) (Stack trace: com.kms.katalon.core.exception.StepFailedException: Unable to get text of object 'Object Repository/Final Object Repo/Page_Update Employer Information/Reference Number in Update Employee Information Page' (Root cause: org.openqa.selenium.StaleElementReferenceException: stale element reference: element is not attached to the page document
  (Session info: chrome=70.0.3538.110)
  (Driver info: chromedriver=2.43.600210 (68dcf5eebde37173d4027fa8635e332711d2874a),platform=Windows NT 6.1.7601 SP1 x86_64) (WARNING: The server did not provide any stacktrace information)
Command duration or timeout: 0 milliseconds
For documentation on this error, please visit: http://seleniumhq.org/exceptions/stale_element_reference.html
Build info: version: '3.7.1', revision: '8a0099a', time: '2017-11-06T21:07:36.161Z'
System info: host: 'WIN7TEST02', ip: '10.20.3.72', os.name: 'Windows 7', os.arch: 'amd64', os.version: '6.1', java.version: '1.8.0_181'
Driver info: com.kms.katalon.selenium.driver.CChromeDriver
Capabilities {acceptInsecureCerts: false, acceptSslCerts: false, applicationCacheEnabled: false, browserConnectionEnabled: false, browserName: chrome, chrome: {chromedriverVersion: 2.43.600210 (68dcf5eebde371..., userDataDir: C:\Users\Admin\AppData\Loca...}, cssSelectorsEnabled: true, databaseEnabled: false, goog:chromeOptions: {debuggerAddress: localhost:60790}, handlesAlerts: true, hasTouchScreen: false, javascriptEnabled: true, locationContextEnabled: true, mobileEmulationEnabled: false, nativeEvents: true, networkConnectionEnabled: false, pageLoadStrategy: normal, platform: XP, platformName: XP, rotatable: false, setWindowRect: true, takesHeapSnapshot: true, takesScreenshot: true, unexpectedAlertBehaviour: , unhandledPromptBehavior: , version: 70.0.3538.110, webStorageEnabled: true}
Session ID: cc6da0bb0e9e5d6529bf10b428ce3bde)
	at com.kms.katalon.core.keyword.internal.KeywordMain.stepFailed(KeywordMain.groovy:32)
	at com.kms.katalon.core.webui.keyword.internal.WebUIKeywordMain.stepFailed(WebUIKeywordMain.groovy:65)
	at com.kms.katalon.core.webui.keyword.internal.WebUIKeywordMain.runKeyword(WebUIKeywordMain.groovy:27)
	at com.kms.katalon.core.webui.keyword.builtin.GetTextKeyword.getText(GetTextKeyword.groovy:88)
	at com.kms.katalon.core.webui.keyword.builtin.GetTextKeyword.execute(GetTextKeyword.groovy:67)
	at com.kms.katalon.core.keyword.internal.KeywordExecutor.executeKeywordForPlatform(KeywordExecutor.groovy:53)
	at com.kms.katalon.core.webui.keyword.WebUiBuiltInKeywords.getText(WebUiBuiltInKeywords.groovy:888)
	at com.kms.katalon.core.webui.keyword.WebUiBuiltInKeywords$getText$5.call(Unknown Source)
	at Script1536221052180.run(Script1536221052180.groovy:138)
	at com.kms.katalon.core.main.ScriptEngine.run(ScriptEngine.java:183)
	at com.kms.katalon.core.main.ScriptEngine.runScriptAsRawText(ScriptEngine.java:108)
	at com.kms.katalon.core.main.TestCaseExecutor.runScript(TestCaseExecutor.java:294)
	at com.kms.katalon.core.main.TestCaseExecutor.doExecute(TestCaseExecutor.java:285)
	at com.kms.katalon.core.main.TestCaseExecutor.processExecutionPhase(TestCaseExecutor.java:264)
	at com.kms.katalon.core.main.TestCaseExecutor.accessMainPhase(TestCaseExecutor.java:256)
	at com.kms.katalon.core.main.TestCaseExecutor.execute(TestCaseExecutor.java:200)
	at com.kms.katalon.core.main.TestCaseMain.runTestCase(TestCaseMain.java:99)
	at com.kms.katalon.core.keyword.builtin.CallTestCaseKeyword$_callTestCase_closure1.doCall(CallTestCaseKeyword.groovy:60)
	at com.kms.katalon.core.keyword.builtin.CallTestCaseKeyword$_callTestCase_closure1.call(CallTestCaseKeyword.groovy)
	at com.kms.katalon.core.keyword.internal.KeywordMain.runKeyword(KeywordMain.groovy:54)
	at com.kms.katalon.core.keyword.builtin.CallTestCaseKeyword.callTestCase(CallTestCaseKeyword.groovy:81)
	at com.kms.katalon.core.keyword.builtin.CallTestCaseKeyword.execute(CallTestCaseKeyword.groovy:45)
	at com.kms.katalon.core.keyword.internal.KeywordExecutor.executeKeywordForPlatform(KeywordExecutor.groovy:53)
	at com.kms.katalon.core.keyword.BuiltinKeywords.callTestCase(BuiltinKeywords.groovy:334)
	at sun.reflect.GeneratedMethodAccessor13.invoke(Unknown Source)
	at sun.reflect.DelegatingMethodAccessorImpl.invoke(DelegatingMethodAccessorImpl.java:43)
	at java.lang.reflect.Method.invoke(Method.java:498)
	at org.codehaus.groovy.reflection.CachedMethod.invoke(CachedMethod.java:93)
	at groovy.lang.MetaMethod.doMethodInvoke(MetaMethod.java:325)
	at groovy.lang.MetaClassImpl.invokeStaticMethod(MetaClassImpl.java:1469)
	at org.codehaus.groovy.runtime.callsite.StaticMetaClassSite.call(StaticMetaClassSite.java:53)
	at org.codehaus.groovy.runtime.callsite.CallSiteArray.defaultCall(CallSiteArray.java:48)
	at org.codehaus.groovy.runtime.callsite.AbstractCallSite.call(AbstractCallSite.java:113)
	at org.codehaus.groovy.runtime.callsite.AbstractCallSite.call(AbstractCallSite.java:141)
	at Script1536220975989.run(Script1536220975989.groovy:22)
	at com.kms.katalon.core.main.ScriptEngine.run(ScriptEngine.java:183)
	at com.kms.katalon.core.main.ScriptEngine.runScriptAsRawText(ScriptEngine.java:108)
	at com.kms.katalon.core.main.TestCaseExecutor.runScript(TestCaseExecutor.java:294)
	at com.kms.katalon.core.main.TestCaseExecutor.doExecute(TestCaseExecutor.java:285)
	at com.kms.katalon.core.main.TestCaseExecutor.processExecutionPhase(TestCaseExecutor.java:264)
	at com.kms.katalon.core.main.TestCaseExecutor.accessMainPhase(TestCaseExecutor.java:256)
	at com.kms.katalon.core.main.TestCaseExecutor.execute(TestCaseExecutor.java:200)
	at com.kms.katalon.core.main.TestSuiteExecutor.accessTestCaseMainPhase(TestSuiteExecutor.java:129)
	at com.kms.katalon.core.main.TestSuiteExecutor.accessTestSuiteMainPhase(TestSuiteExecutor.java:112)
	at com.kms.katalon.core.main.TestSuiteExecutor.execute(TestSuiteExecutor.java:81)
	at com.kms.katalon.core.main.TestCaseMain.startTestSuite(TestCaseMain.java:142)
	at com.kms.katalon.core.main.TestCaseMain$startTestSuite$0.call(Unknown Source)
	at org.codehaus.groovy.runtime.callsite.CallSiteArray.defaultCall(CallSiteArray.java:48)
	at org.codehaus.groovy.runtime.callsite.AbstractCallSite.call(AbstractCallSite.java:113)
	at org.codehaus.groovy.runtime.callsite.AbstractCallSite.call(AbstractCallSite.java:141)
	at TempTestSuite1544406462574.run(TempTestSuite1544406462574.groovy:36)
	at groovy.lang.GroovyShell.runScriptOrMainOrTestOrRunnable(GroovyShell.java:263)
	at groovy.lang.GroovyShell.run(GroovyShell.java:518)
	at groovy.lang.GroovyShell.run(GroovyShell.java:507)
	at groovy.ui.GroovyMain.processOnce(GroovyMain.java:653)
	at groovy.ui.GroovyMain.run(GroovyMain.java:384)
	at groovy.ui.GroovyMain.process(GroovyMain.java:370)
	at groovy.ui.GroovyMain.processArgs(GroovyMain.java:129)
	at groovy.ui.GroovyMain.main(GroovyMain.java:109)
	at sun.reflect.NativeMethodAccessorImpl.invoke0(Native Method)
	at sun.reflect.NativeMethodAccessorImpl.invoke(NativeMethodAccessorImpl.java:62)
	at sun.reflect.DelegatingMethodAccessorImpl.invoke(DelegatingMethodAccessorImpl.java:43)
	at java.lang.reflect.Method.invoke(Method.java:498)
	at org.codehaus.groovy.tools.GroovyStarter.rootLoader(GroovyStarter.java:109)
	at org.codehaus.groovy.tools.GroovyStarter.main(GroovyStarter.java:131)
)]]></system-err>
      </testcase>
      <testcase name="Test Cases/Final Aug 2018 - PKS Automation/Registration Module/Workflow/Update Employer Information/PKRBO - UO (Approve)" classname="Test Cases/Final Aug 2018 - PKS Automation/Registration Module/Workflow/Update Employer Information/PKRBO - UO (Approve)" status="PASSED">
         <system-out><![CDATA[2018-12-10 10:22:13 - [TEST_CASE][PASSED] - Test Cases/Final Aug 2018 - PKS Automation/Registration Module/Workflow/Update Employer Information/PKRBO - UO (Approve): Test Cases/Final Aug 2018 - PKS Automation/Registration Module/Workflow/Update Employer Information/PKRBO - UO (Approve)

2018-12-10 10:22:14 - [TEST_STEP][PASSED] - callTestCase: Call Test Case 'Test Cases/Final Aug 2018 - PKS Automation/Registration Module/Workflow/Update Employer Information/Template/Update Employer Information - Special Case (PKRBO)' successfully

2018-12-10 10:22:14 - [TEST_CASE][PASSED] - Test Cases/Final Aug 2018 - PKS Automation/Registration Module/Workflow/Update Employer Information/Template/Update Employer Information - Special Case (PKRBO): Test Cases/Final Aug 2018 - PKS Automation/Registration Module/Workflow/Update Employer Information/Template/Update Employer Information - Special Case (PKRBO)

2018-12-10 10:22:14 - [TEST_STEP][PASSED] - openBrowser: Browser is opened with url: ''

2018-12-10 10:22:14 - [MESSAGE][WARNING] - A browser is already opened. Closing browser and opening a new one

2018-12-10 10:22:17 - [MESSAGE][PASSED] - Browser is opened with url: ''

2018-12-10 10:22:17 - [TEST_STEP][PASSED] - navigateToUrl: Navigate to 'https://assist2-uat.perkeso.gov.my/login' successfully

2018-12-10 10:22:18 - [MESSAGE][PASSED] - Navigate to 'https://assist2-uat.perkeso.gov.my/login' successfully

2018-12-10 10:22:18 - [TEST_STEP][PASSED] - setText: Text 'johorpkrbo1@gmail.com' is set on object 'Object Repository/Final Object Repo/Login Page/Internal User/Email Address'

2018-12-10 10:22:18 - [MESSAGE][PASSED] - Text 'johorpkrbo1@gmail.com' is set on object 'Object Repository/Final Object Repo/Login Page/Internal User/Email Address'

2018-12-10 10:22:18 - [TEST_STEP][PASSED] - click: Object: 'Object Repository/Final Object Repo/Login Page/Internal User/Next Button' is clicked on

2018-12-10 10:22:19 - [MESSAGE][PASSED] - Object: 'Object Repository/Final Object Repo/Login Page/Internal User/Next Button' is clicked on

2018-12-10 10:22:19 - [TEST_STEP][PASSED] - delay: Delayed 1 second(s)

2018-12-10 10:22:20 - [MESSAGE][PASSED] - Delayed 1 second(s)

2018-12-10 10:22:20 - [TEST_STEP][PASSED] - setEncryptedText: Text ****** has been set on object 'Object Repository/Final Object Repo/Login Page/Internal User/Password'

2018-12-10 10:22:20 - [MESSAGE][PASSED] - Text ****** has been set on object 'Object Repository/Final Object Repo/Login Page/Internal User/Password'

2018-12-10 10:22:20 - [TEST_STEP][PASSED] - click: Object: 'Object Repository/Final Object Repo/Login Page/Internal User/Login Button' is clicked on

2018-12-10 10:22:20 - [MESSAGE][PASSED] - Object: 'Object Repository/Final Object Repo/Login Page/Internal User/Login Button' is clicked on

2018-12-10 10:22:20 - [TEST_STEP][PASSED] - Statement - tester = com.kms.katalon.core.testobject.ObjectRepository.findTestObject(Final Object Repo/Landing Page/Select to English): Finding Test Object with id 'Object Repository/Final Object Repo/Landing Page/Select to English'

2018-12-10 10:22:20 - [TEST_STEP][PASSED] - Statement - Try: Delayed 2 second(s)

2018-12-10 10:22:20 - [TEST_STEP][PASSED] - Statement - Checker = com.kms.katalon.core.webui.keyword.WebUiBuiltInKeywords.verifyElementNotPresent(tester, 3): Web element with id: 'Object Repository/Final Object Repo/Landing Page/Select to English' located by 'By.xpath: //a[@class = 'taglib-language-list-text' and @lang = 'en-US' and (contains(text(), 'EN') or contains(., 'EN'))]' is not present after '3' second(s)

2018-12-10 10:22:22 - [MESSAGE][PASSED] - Web element with id: 'Object Repository/Final Object Repo/Landing Page/Select to English' located by 'By.xpath: //a[@class = 'taglib-language-list-text' and @lang = 'en-US' and (contains(text(), 'EN') or contains(., 'EN'))]' is not present after '3' second(s)

2018-12-10 10:22:22 - [TEST_STEP][PASSED] - Statement - If (Checker == false): null

2018-12-10 10:22:22 - [TEST_STEP][PASSED] - delay: Delayed 2 second(s)

2018-12-10 10:22:24 - [MESSAGE][PASSED] - Delayed 2 second(s)

2018-12-10 10:22:24 - [TEST_STEP][PASSED] - delay: Delayed 5 second(s)

2018-12-10 10:22:29 - [MESSAGE][PASSED] - Delayed 5 second(s)

2018-12-10 10:22:29 - [TEST_STEP][PASSED] - navigateToUrl: Navigate to 'https://assist2-uat.perkeso.gov.my/web/registration/update/update-employer-information' successfully

2018-12-10 10:22:30 - [MESSAGE][PASSED] - Navigate to 'https://assist2-uat.perkeso.gov.my/web/registration/update/update-employer-information' successfully

2018-12-10 10:22:30 - [TEST_STEP][PASSED] - setText: Text 'E1102001065V ' is set on object 'Object Repository/Final Object Repo/Page_Update Employer Information/Employer Code'

2018-12-10 10:22:30 - [MESSAGE][PASSED] - Text 'E1102001065V ' is set on object 'Object Repository/Final Object Repo/Page_Update Employer Information/Employer Code'

2018-12-10 10:22:30 - [TEST_STEP][PASSED] - click: Object: 'Object Repository/Final Object Repo/Page_Update Employer Information/Search Button' is clicked on

2018-12-10 10:22:31 - [MESSAGE][PASSED] - Object: 'Object Repository/Final Object Repo/Page_Update Employer Information/Search Button' is clicked on

2018-12-10 10:22:31 - [TEST_STEP][PASSED] - click: Object: 'Object Repository/Final Object Repo/Page_Update Employer Information/Edit Button' is clicked on

2018-12-10 10:22:34 - [MESSAGE][PASSED] - Object: 'Object Repository/Final Object Repo/Page_Update Employer Information/Edit Button' is clicked on

2018-12-10 10:22:34 - [TEST_STEP][PASSED] - click: Object: 'Object Repository/Final Object Repo/Page_Update Employer Information/Business Entity' is clicked on

2018-12-10 10:22:34 - [MESSAGE][PASSED] - Object: 'Object Repository/Final Object Repo/Page_Update Employer Information/Business Entity' is clicked on

2018-12-10 10:22:34 - [TEST_STEP][PASSED] - Statement - CurrentBusinessEntity = "": null

2018-12-10 10:22:34 - [TEST_STEP][PASSED] - Statement - CurrentBusinessEntity = com.kms.katalon.core.webui.keyword.WebUiBuiltInKeywords.getText(com.kms.katalon.core.testobject.ObjectRepository.findTestObject(Final Object Repo/Page_Update Employer Information/Current Business Entity)): Text of object 'Object Repository/Final Object Repo/Page_Update Employer Information/Current Business Entity' is: 'Partnership'

2018-12-10 10:22:35 - [MESSAGE][PASSED] - Text of object 'Object Repository/Final Object Repo/Page_Update Employer Information/Current Business Entity' is: 'Partnership'

2018-12-10 10:22:35 - [TEST_STEP][PASSED] - Statement - out.println(CurrentBusinessEntity): null

2018-12-10 10:22:35 - [TEST_STEP][PASSED] - Statement - If (CurrentBusinessEntity == "Corporation"): null

2018-12-10 10:22:35 - [TEST_STEP][PASSED] - Statement - Else If (CurrentBusinessEntity == "Partnership"): Delayed 3 second(s)

2018-12-10 10:22:35 - [TEST_STEP][PASSED] - Statement - obj = com.kms.katalon.core.webui.keyword.WebUiBuiltInKeywords.modifyObjectProperty(com.kms.katalon.core.testobject.ObjectRepository.findTestObject(Final Object Repo/Page_Update Employer Information/change to this Business Entity), "xpath", "equals", "//ul/li/span[contains(text(),"Sole Proprietor / Individual Business")]", true, STOP_ON_FAILURE): Modify property of object successfully

2018-12-10 10:22:35 - [MESSAGE][PASSED] - Modify property of object successfully

2018-12-10 10:22:35 - [TEST_STEP][PASSED] - click: Object: 'Object Repository/Final Object Repo/Page_Update Employer Information/change to this Business Entity' is clicked on

2018-12-10 10:22:35 - [MESSAGE][PASSED] - Object: 'Object Repository/Final Object Repo/Page_Update Employer Information/change to this Business Entity' is clicked on

2018-12-10 10:22:35 - [TEST_STEP][PASSED] - delay: Delayed 1 second(s)

2018-12-10 10:22:36 - [MESSAGE][PASSED] - Delayed 1 second(s)

2018-12-10 10:22:36 - [TEST_STEP][PASSED] - click: Object: 'Object Repository/Final Object Repo/Page_Update Employer Information/Sub Business Entity' is clicked on

2018-12-10 10:22:36 - [MESSAGE][PASSED] - Object: 'Object Repository/Final Object Repo/Page_Update Employer Information/Sub Business Entity' is clicked on

2018-12-10 10:22:36 - [TEST_STEP][PASSED] - click: Object: 'Object Repository/Final Object Repo/Page_Update Employer Information/Sub Business Entity - Sole Properietor - Registered with other Agencies' is clicked on

2018-12-10 10:22:36 - [MESSAGE][PASSED] - Object: 'Object Repository/Final Object Repo/Page_Update Employer Information/Sub Business Entity - Sole Properietor - Registered with other Agencies' is clicked on

2018-12-10 10:22:36 - [TEST_STEP][PASSED] - delay: Delayed 3 second(s)

2018-12-10 10:22:39 - [MESSAGE][PASSED] - Delayed 3 second(s)

2018-12-10 10:22:39 - [TEST_STEP][PASSED] - delay: Delayed 4 second(s)

2018-12-10 10:22:43 - [MESSAGE][PASSED] - Delayed 4 second(s)

2018-12-10 10:22:43 - [TEST_STEP][PASSED] - click: Object: 'Object Repository/Final Object Repo/Page_Update Employer Information/Save  Continue' is clicked on

2018-12-10 10:22:43 - [MESSAGE][PASSED] - Object: 'Object Repository/Final Object Repo/Page_Update Employer Information/Save  Continue' is clicked on

2018-12-10 10:22:43 - [TEST_STEP][PASSED] - delay: Delayed 4 second(s)

2018-12-10 10:22:47 - [MESSAGE][PASSED] - Delayed 4 second(s)

2018-12-10 10:22:47 - [TEST_STEP][PASSED] - click: Object: 'Object Repository/Final Object Repo/Page_Update Employer Information/Save  Continue (1)' is clicked on

2018-12-10 10:22:48 - [MESSAGE][PASSED] - Object: 'Object Repository/Final Object Repo/Page_Update Employer Information/Save  Continue (1)' is clicked on

2018-12-10 10:22:48 - [TEST_STEP][PASSED] - Statement - CaseReferenceNo = com.kms.katalon.core.webui.keyword.WebUiBuiltInKeywords.getText(com.kms.katalon.core.testobject.ObjectRepository.findTestObject(Final Object Repo/Page_Update Employer Information/Reference Number in Update Employee Information Page)): Text of object 'Object Repository/Final Object Repo/Page_Update Employer Information/Reference Number in Update Employee Information Page' is: 'CUN122018C100005932'

2018-12-10 10:22:51 - [MESSAGE][PASSED] - Text of object 'Object Repository/Final Object Repo/Page_Update Employer Information/Reference Number in Update Employee Information Page' is: 'CUN122018C100005932'

2018-12-10 10:22:51 - [TEST_STEP][PASSED] - callTestCase: Call Test Case 'Test Cases/Final Aug 2018 - PKS Automation/Common/Reference Number Setter' successfully

2018-12-10 10:22:51 - [TEST_CASE][PASSED] - Test Cases/Final Aug 2018 - PKS Automation/Common/Reference Number Setter: Test Cases/Final Aug 2018 - PKS Automation/Common/Reference Number Setter

2018-12-10 10:22:51 - [TEST_STEP][PASSED] - Statement - RefNoOldFile = new java.io.File(C://Users//Admin//Desktop//PKS//Automation Reference Point//KatalonReference.txt): null

2018-12-10 10:22:51 - [TEST_STEP][PASSED] - Statement - RefNoOldFile.delete(): null

2018-12-10 10:22:51 - [TEST_STEP][PASSED] - delay: Delayed 5 second(s)

2018-12-10 10:22:56 - [MESSAGE][PASSED] - Delayed 5 second(s)

2018-12-10 10:22:56 - [TEST_STEP][PASSED] - Statement - RefNo = new java.io.File(C://Users//Admin//Desktop//PKS//Automation Reference Point//KatalonReference.txt): null

2018-12-10 10:22:56 - [TEST_STEP][PASSED] - Statement - f2 = new java.io.FileWriter(RefNo, false): null

2018-12-10 10:22:56 - [TEST_STEP][PASSED] - Statement - f2.write(CaseReferenceNo): null

2018-12-10 10:22:56 - [TEST_STEP][PASSED] - Statement - f2.close(): null

2018-12-10 10:22:56 - [TEST_STEP][PASSED] - Statement - out.println("


" + CaseReferenceNo + "


"): null

2018-12-10 10:22:56 - [MESSAGE][PASSED] - Call Test Case 'Test Cases/Final Aug 2018 - PKS Automation/Common/Reference Number Setter' successfully

2018-12-10 10:22:56 - [TEST_STEP][PASSED] - delay: Delayed 4 second(s)

2018-12-10 10:23:00 - [MESSAGE][PASSED] - Delayed 4 second(s)

2018-12-10 10:23:00 - [TEST_STEP][PASSED] - click: Object: 'Object Repository/Final Object Repo/Page_Update Employer Information/Submit - Copy' is clicked on

2018-12-10 10:23:01 - [MESSAGE][PASSED] - Object: 'Object Repository/Final Object Repo/Page_Update Employer Information/Submit - Copy' is clicked on

2018-12-10 10:23:01 - [TEST_STEP][PASSED] - delay: Delayed 2 second(s)

2018-12-10 10:23:03 - [MESSAGE][PASSED] - Delayed 2 second(s)

2018-12-10 10:23:03 - [TEST_STEP][PASSED] - click: Object: 'Object Repository/Final Object Repo/Page_Update Employer Information/Confirm' is clicked on

2018-12-10 10:23:03 - [MESSAGE][PASSED] - Object: 'Object Repository/Final Object Repo/Page_Update Employer Information/Confirm' is clicked on

2018-12-10 10:23:03 - [TEST_STEP][PASSED] - delay: Delayed 2 second(s)

2018-12-10 10:23:05 - [MESSAGE][PASSED] - Delayed 2 second(s)

2018-12-10 10:23:05 - [TEST_STEP][PASSED] - click: Object: 'Object Repository/Final Object Repo/Page_Update Employer Information/Message Your Request will be route' is clicked on

2018-12-10 10:23:07 - [MESSAGE][PASSED] - Object: 'Object Repository/Final Object Repo/Page_Update Employer Information/Message Your Request will be route' is clicked on

2018-12-10 10:23:07 - [MESSAGE][PASSED] - Call Test Case 'Test Cases/Final Aug 2018 - PKS Automation/Registration Module/Workflow/Update Employer Information/Template/Update Employer Information - Special Case (PKRBO)' successfully

2018-12-10 10:23:07 - [TEST_STEP][PASSED] - callTestCase: Call Test Case 'Test Cases/Final Aug 2018 - PKS Automation/Registration Module/Workflow/Update Employer Information/Template/Update Employer Information - Special Case - UO (Approve)' successfully

2018-12-10 10:23:07 - [TEST_CASE][PASSED] - Test Cases/Final Aug 2018 - PKS Automation/Registration Module/Workflow/Update Employer Information/Template/Update Employer Information - Special Case - UO (Approve): Test Cases/Final Aug 2018 - PKS Automation/Registration Module/Workflow/Update Employer Information/Template/Update Employer Information - Special Case - UO (Approve)

2018-12-10 10:23:07 - [TEST_STEP][NOT_RUN] - callTestCase: NOT_RUN: callTestCase

2018-12-10 10:23:07 - [MESSAGE][NOT_RUN] - NOT_RUN: callTestCase

2018-12-10 10:23:07 - [TEST_STEP][NOT_RUN] - delay: NOT_RUN: delay

2018-12-10 10:23:07 - [MESSAGE][NOT_RUN] - NOT_RUN: delay

2018-12-10 10:23:07 - [TEST_STEP][NOT_RUN] - navigateToUrl: NOT_RUN: navigateToUrl

2018-12-10 10:23:07 - [MESSAGE][NOT_RUN] - NOT_RUN: navigateToUrl

2018-12-10 10:23:07 - [TEST_STEP][PASSED] - delay: Delayed 1 second(s)

2018-12-10 10:23:08 - [MESSAGE][PASSED] - Delayed 1 second(s)

2018-12-10 10:23:08 - [TEST_STEP][PASSED] - callTestCase: Call Test Case 'Test Cases/Final Aug 2018 - PKS Automation/Common/Reference Number Getter' successfully

2018-12-10 10:23:08 - [TEST_CASE][PASSED] - Test Cases/Final Aug 2018 - PKS Automation/Common/Reference Number Getter: Test Cases/Final Aug 2018 - PKS Automation/Common/Reference Number Getter

2018-12-10 10:23:08 - [TEST_STEP][PASSED] - Statement - Try: null

2018-12-10 10:23:08 - [TEST_STEP][PASSED] - Statement - RefNo = new java.io.File(C://Users//Admin//Desktop//PKS//Automation Reference Point//KatalonReference.txt): null

2018-12-10 10:23:08 - [TEST_STEP][PASSED] - Statement - bufferread = new java.io.BufferedReader(new java.io.FileReader(RefNo)): null

2018-12-10 10:23:08 - [TEST_STEP][PASSED] - Statement - readedVal = bufferread.readLine(): null

2018-12-10 10:23:08 - [TEST_STEP][PASSED] - Statement - out.println(CaseReferenceNo): null

2018-12-10 10:23:08 - [TEST_STEP][PASSED] - Statement - out.println(readedVal): null

2018-12-10 10:23:08 - [TEST_STEP][PASSED] - Statement - CaseReferenceNo = "": null

2018-12-10 10:23:08 - [TEST_STEP][PASSED] - Statement - CaseReferenceNo = readedVal: null

2018-12-10 10:23:08 - [MESSAGE][PASSED] - Call Test Case 'Test Cases/Final Aug 2018 - PKS Automation/Common/Reference Number Getter' successfully

2018-12-10 10:23:08 - [TEST_STEP][PASSED] - callTestCase: Call Test Case 'Test Cases/Final Aug 2018 - PKS Automation/Common/Workflow Owner Finder' successfully

2018-12-10 10:23:08 - [TEST_CASE][PASSED] - Test Cases/Final Aug 2018 - PKS Automation/Common/Workflow Owner Finder: Test Cases/Final Aug 2018 - PKS Automation/Common/Workflow Owner Finder

2018-12-10 10:23:08 - [TEST_STEP][PASSED] - openBrowser: Browser is opened with url: ''

2018-12-10 10:23:08 - [MESSAGE][WARNING] - A browser is already opened. Closing browser and opening a new one

2018-12-10 10:23:11 - [MESSAGE][PASSED] - Browser is opened with url: ''

2018-12-10 10:23:11 - [TEST_STEP][PASSED] - navigateToUrl: Navigate to 'https://assist2-uat.perkeso.gov.my/login' successfully

2018-12-10 10:23:12 - [MESSAGE][PASSED] - Navigate to 'https://assist2-uat.perkeso.gov.my/login' successfully

2018-12-10 10:23:12 - [TEST_STEP][PASSED] - delay: Delayed 5 second(s)

2018-12-10 10:23:17 - [MESSAGE][PASSED] - Delayed 5 second(s)

2018-12-10 10:23:17 - [TEST_STEP][PASSED] - setText: Text 'test@liferay.com' is set on object 'Object Repository/Final Object Repo/Login Page/Internal User/Email Address'

2018-12-10 10:23:17 - [MESSAGE][PASSED] - Text 'test@liferay.com' is set on object 'Object Repository/Final Object Repo/Login Page/Internal User/Email Address'

2018-12-10 10:23:17 - [TEST_STEP][PASSED] - click: Object: 'Object Repository/Final Object Repo/Login Page/Internal User/Next Button' is clicked on

2018-12-10 10:23:17 - [MESSAGE][PASSED] - Object: 'Object Repository/Final Object Repo/Login Page/Internal User/Next Button' is clicked on

2018-12-10 10:23:17 - [TEST_STEP][PASSED] - delay: Delayed 2 second(s)

2018-12-10 10:23:19 - [MESSAGE][PASSED] - Delayed 2 second(s)

2018-12-10 10:23:19 - [TEST_STEP][PASSED] - setText: Text 'test' is set on object 'Object Repository/Final Object Repo/Login Page/Internal User/Password'

2018-12-10 10:23:20 - [MESSAGE][PASSED] - Text 'test' is set on object 'Object Repository/Final Object Repo/Login Page/Internal User/Password'

2018-12-10 10:23:20 - [TEST_STEP][PASSED] - delay: Delayed 2 second(s)

2018-12-10 10:23:22 - [MESSAGE][PASSED] - Delayed 2 second(s)

2018-12-10 10:23:22 - [TEST_STEP][PASSED] - click: Object: 'Object Repository/Final Object Repo/Login Page/Internal User/Login Button' is clicked on

2018-12-10 10:23:22 - [MESSAGE][PASSED] - Object: 'Object Repository/Final Object Repo/Login Page/Internal User/Login Button' is clicked on

2018-12-10 10:23:22 - [TEST_STEP][PASSED] - Statement - tester = com.kms.katalon.core.testobject.ObjectRepository.findTestObject(Final Object Repo/Landing Page/Select to English): Finding Test Object with id 'Object Repository/Final Object Repo/Landing Page/Select to English'

2018-12-10 10:23:22 - [TEST_STEP][PASSED] - Statement - Try: Delayed 2 second(s)

2018-12-10 10:23:22 - [TEST_STEP][PASSED] - Statement - Checker = com.kms.katalon.core.webui.keyword.WebUiBuiltInKeywords.verifyElementNotPresent(tester, 3): Web element with id: 'Object Repository/Final Object Repo/Landing Page/Select to English' located by 'By.xpath: //a[@class = 'taglib-language-list-text' and @lang = 'en-US' and (contains(text(), 'EN') or contains(., 'EN'))]' is not present after '3' second(s)

2018-12-10 10:23:24 - [MESSAGE][PASSED] - Web element with id: 'Object Repository/Final Object Repo/Landing Page/Select to English' located by 'By.xpath: //a[@class = 'taglib-language-list-text' and @lang = 'en-US' and (contains(text(), 'EN') or contains(., 'EN'))]' is not present after '3' second(s)

2018-12-10 10:23:24 - [TEST_STEP][PASSED] - Statement - If (Checker == false): null

2018-12-10 10:23:24 - [TEST_STEP][PASSED] - delay: Delayed 2 second(s)

2018-12-10 10:23:26 - [MESSAGE][PASSED] - Delayed 2 second(s)

2018-12-10 10:23:26 - [TEST_STEP][PASSED] - delay: Delayed 5 second(s)

2018-12-10 10:23:31 - [MESSAGE][PASSED] - Delayed 5 second(s)

2018-12-10 10:23:31 - [TEST_STEP][PASSED] - mouseOver: Object: 'Object Repository/Final Object Repo/Landing Page/WorkFlow Menu' is hovered

2018-12-10 10:23:31 - [MESSAGE][PASSED] - Object: 'Object Repository/Final Object Repo/Landing Page/WorkFlow Menu' is hovered

2018-12-10 10:23:31 - [TEST_STEP][PASSED] - delay: Delayed 2 second(s)

2018-12-10 10:23:33 - [MESSAGE][PASSED] - Delayed 2 second(s)

2018-12-10 10:23:33 - [TEST_STEP][PASSED] - click: Object: 'Object Repository/Final Object Repo/Landing Page/Select to Workflow Listing' is clicked on

2018-12-10 10:23:34 - [MESSAGE][PASSED] - Object: 'Object Repository/Final Object Repo/Landing Page/Select to Workflow Listing' is clicked on

2018-12-10 10:23:34 - [TEST_STEP][PASSED] - delay: Delayed 2 second(s)

2018-12-10 10:23:36 - [MESSAGE][PASSED] - Delayed 2 second(s)

2018-12-10 10:23:36 - [TEST_STEP][PASSED] - click: Object: 'Object Repository/Final Object Repo/WorkFlow Listing Page/Search Information - To Put Ref No' is clicked on

2018-12-10 10:23:36 - [MESSAGE][PASSED] - Object: 'Object Repository/Final Object Repo/WorkFlow Listing Page/Search Information - To Put Ref No' is clicked on

2018-12-10 10:23:36 - [TEST_STEP][PASSED] - delay: Delayed 2 second(s)

2018-12-10 10:23:38 - [MESSAGE][PASSED] - Delayed 2 second(s)

2018-12-10 10:23:38 - [TEST_STEP][PASSED] - callTestCase: Call Test Case 'Test Cases/Final Aug 2018 - PKS Automation/Common/Reference Number Getter' successfully

2018-12-10 10:23:38 - [TEST_CASE][PASSED] - Test Cases/Final Aug 2018 - PKS Automation/Common/Reference Number Getter: Test Cases/Final Aug 2018 - PKS Automation/Common/Reference Number Getter

2018-12-10 10:23:38 - [TEST_STEP][PASSED] - Statement - Try: null

2018-12-10 10:23:38 - [TEST_STEP][PASSED] - Statement - RefNo = new java.io.File(C://Users//Admin//Desktop//PKS//Automation Reference Point//KatalonReference.txt): null

2018-12-10 10:23:38 - [TEST_STEP][PASSED] - Statement - bufferread = new java.io.BufferedReader(new java.io.FileReader(RefNo)): null

2018-12-10 10:23:38 - [TEST_STEP][PASSED] - Statement - readedVal = bufferread.readLine(): null

2018-12-10 10:23:38 - [TEST_STEP][PASSED] - Statement - out.println(CaseReferenceNo): null

2018-12-10 10:23:38 - [TEST_STEP][PASSED] - Statement - out.println(readedVal): null

2018-12-10 10:23:38 - [TEST_STEP][PASSED] - Statement - CaseReferenceNo = "": null

2018-12-10 10:23:38 - [TEST_STEP][PASSED] - Statement - CaseReferenceNo = readedVal: null

2018-12-10 10:23:38 - [MESSAGE][PASSED] - Call Test Case 'Test Cases/Final Aug 2018 - PKS Automation/Common/Reference Number Getter' successfully

2018-12-10 10:23:38 - [TEST_STEP][PASSED] - setText: Text 'CUN122018C100005932' is set on object 'Object Repository/Final Object Repo/WorkFlow Listing Page/Ref No Set Text'

2018-12-10 10:23:39 - [MESSAGE][PASSED] - Text 'CUN122018C100005932' is set on object 'Object Repository/Final Object Repo/WorkFlow Listing Page/Ref No Set Text'

2018-12-10 10:23:39 - [TEST_STEP][PASSED] - delay: Delayed 2 second(s)

2018-12-10 10:23:41 - [MESSAGE][PASSED] - Delayed 2 second(s)

2018-12-10 10:23:41 - [TEST_STEP][PASSED] - click: Object: 'Object Repository/Final Object Repo/WorkFlow Listing Page/Search Ref No Search Button' is clicked on

2018-12-10 10:23:41 - [MESSAGE][PASSED] - Object: 'Object Repository/Final Object Repo/WorkFlow Listing Page/Search Ref No Search Button' is clicked on

2018-12-10 10:23:41 - [TEST_STEP][PASSED] - delay: Delayed 6 second(s)

2018-12-10 10:23:47 - [MESSAGE][PASSED] - Delayed 6 second(s)

2018-12-10 10:23:47 - [TEST_STEP][PASSED] - click: Object: 'Object Repository/Final Object Repo/WorkFlow Listing Page/Click Continue Tooltip' is clicked on

2018-12-10 10:23:48 - [MESSAGE][PASSED] - Object: 'Object Repository/Final Object Repo/WorkFlow Listing Page/Click Continue Tooltip' is clicked on

2018-12-10 10:23:48 - [TEST_STEP][PASSED] - delay: Delayed 5 second(s)

2018-12-10 10:23:53 - [MESSAGE][PASSED] - Delayed 5 second(s)

2018-12-10 10:23:53 - [TEST_STEP][PASSED] - doubleClick: Object: 'Object Repository/Final Object Repo/WorkFlow Listing Page/Workflow Found - Listing 1' is double clicked on

2018-12-10 10:23:53 - [MESSAGE][PASSED] - Object: 'Object Repository/Final Object Repo/WorkFlow Listing Page/Workflow Found - Listing 1' is double clicked on

2018-12-10 10:23:53 - [TEST_STEP][PASSED] - Statement - println(OwnerID): null

2018-12-10 10:23:53 - [TEST_STEP][PASSED] - Statement - OwnerID = com.kms.katalon.core.webui.keyword.WebUiBuiltInKeywords.getText(com.kms.katalon.core.testobject.ObjectRepository.findTestObject(Final Object Repo/WorkFlow Listing Page/Workflow Found - Listing 1), STOP_ON_FAILURE): Text of object 'Object Repository/Final Object Repo/WorkFlow Listing Page/Workflow Found - Listing 1' is: 'JOHORuo3'

2018-12-10 10:23:53 - [MESSAGE][PASSED] - Text of object 'Object Repository/Final Object Repo/WorkFlow Listing Page/Workflow Found - Listing 1' is: 'JOHORuo3'

2018-12-10 10:23:53 - [TEST_STEP][PASSED] - Statement - OwnerID = OwnerID.toLowerCase() + "@gmail.com": null

2018-12-10 10:23:53 - [TEST_STEP][PASSED] - Statement - println(OwnerID): null

2018-12-10 10:23:53 - [TEST_STEP][PASSED] - delay: Delayed 2 second(s)

2018-12-10 10:23:55 - [MESSAGE][PASSED] - Delayed 2 second(s)

2018-12-10 10:23:55 - [MESSAGE][PASSED] - Call Test Case 'Test Cases/Final Aug 2018 - PKS Automation/Common/Workflow Owner Finder' successfully

2018-12-10 10:23:55 - [TEST_STEP][PASSED] - delay: Delayed 1 second(s)

2018-12-10 10:23:56 - [MESSAGE][PASSED] - Delayed 1 second(s)

2018-12-10 10:23:56 - [TEST_STEP][PASSED] - navigateToUrl: Navigate to 'https://assist2-uat.perkeso.gov.my/c/portal/logout' successfully

2018-12-10 10:23:57 - [MESSAGE][PASSED] - Navigate to 'https://assist2-uat.perkeso.gov.my/c/portal/logout' successfully

2018-12-10 10:23:57 - [TEST_STEP][PASSED] - callTestCase: Call Test Case 'Test Cases/Final Aug 2018 - PKS Automation/Registration Module/Workflow/Login and Search Case For Workflow' successfully

2018-12-10 10:23:57 - [TEST_CASE][PASSED] - Test Cases/Final Aug 2018 - PKS Automation/Registration Module/Workflow/Login and Search Case For Workflow: Test Cases/Final Aug 2018 - PKS Automation/Registration Module/Workflow/Login and Search Case For Workflow

2018-12-10 10:23:57 - [TEST_STEP][PASSED] - navigateToUrl: Navigate to 'https://assist2-uat.perkeso.gov.my/login' successfully

2018-12-10 10:23:58 - [MESSAGE][PASSED] - Navigate to 'https://assist2-uat.perkeso.gov.my/login' successfully

2018-12-10 10:23:58 - [TEST_STEP][PASSED] - setText: Text 'johoruo3@gmail.com' is set on object 'Object Repository/Final Object Repo/Login Page/Internal User/Email Address'

2018-12-10 10:23:58 - [MESSAGE][PASSED] - Text 'johoruo3@gmail.com' is set on object 'Object Repository/Final Object Repo/Login Page/Internal User/Email Address'

2018-12-10 10:23:58 - [TEST_STEP][PASSED] - click: Object: 'Object Repository/Final Object Repo/Login Page/Internal User/Next Button' is clicked on

2018-12-10 10:23:58 - [MESSAGE][PASSED] - Object: 'Object Repository/Final Object Repo/Login Page/Internal User/Next Button' is clicked on

2018-12-10 10:23:58 - [TEST_STEP][PASSED] - delay: Delayed 1 second(s)

2018-12-10 10:23:59 - [MESSAGE][PASSED] - Delayed 1 second(s)

2018-12-10 10:23:59 - [TEST_STEP][PASSED] - setEncryptedText: Text ****** has been set on object 'Object Repository/Final Object Repo/Login Page/Internal User/Password'

2018-12-10 10:23:59 - [MESSAGE][PASSED] - Text ****** has been set on object 'Object Repository/Final Object Repo/Login Page/Internal User/Password'

2018-12-10 10:23:59 - [TEST_STEP][PASSED] - click: Object: 'Object Repository/Final Object Repo/Login Page/Internal User/Login Button' is clicked on

2018-12-10 10:24:00 - [MESSAGE][PASSED] - Object: 'Object Repository/Final Object Repo/Login Page/Internal User/Login Button' is clicked on

2018-12-10 10:24:00 - [TEST_STEP][PASSED] - delay: Delayed 2 second(s)

2018-12-10 10:24:02 - [MESSAGE][PASSED] - Delayed 2 second(s)

2018-12-10 10:24:02 - [TEST_STEP][PASSED] - Statement - Try: Delayed 2 second(s)

2018-12-10 10:24:02 - [TEST_STEP][PASSED] - Statement - Checker = false: null

2018-12-10 10:24:02 - [TEST_STEP][PASSED] - Statement - Checker = com.kms.katalon.core.webui.keyword.WebUiBuiltInKeywords.verifyElementHasAttribute(com.kms.katalon.core.testobject.ObjectRepository.findTestObject(Final Object Repo/Landing Page/BM Detecting), "href", 20, OPTIONAL): Object 'Object Repository/Final Object Repo/Landing Page/BM Detecting' has attribute 'href'

2018-12-10 10:24:02 - [MESSAGE][PASSED] - Object 'Object Repository/Final Object Repo/Landing Page/BM Detecting' has attribute 'href'

2018-12-10 10:24:02 - [TEST_STEP][PASSED] - Statement - out.println(Checker): null

2018-12-10 10:24:02 - [TEST_STEP][PASSED] - Statement - If (Checker == false): null

2018-12-10 10:24:02 - [TEST_STEP][PASSED] - Statement - Else: null

2018-12-10 10:24:02 - [TEST_STEP][PASSED] - delay: Delayed 2 second(s)

2018-12-10 10:24:04 - [MESSAGE][PASSED] - Delayed 2 second(s)

2018-12-10 10:24:04 - [TEST_STEP][PASSED] - click: Object: 'Object Repository/Final Object Repo/Page_MyASSIST - ASSIST - Search Pending Case For Add Supporting Document/Search Information' is clicked on

2018-12-10 10:24:04 - [MESSAGE][PASSED] - Object: 'Object Repository/Final Object Repo/Page_MyASSIST - ASSIST - Search Pending Case For Add Supporting Document/Search Information' is clicked on

2018-12-10 10:24:04 - [TEST_STEP][PASSED] - delay: Delayed 3 second(s)

2018-12-10 10:24:07 - [MESSAGE][PASSED] - Delayed 3 second(s)

2018-12-10 10:24:07 - [TEST_STEP][PASSED] - sendKeys: Keys 'CUN122018C100005932' sent to object: 'Object Repository/Final Object Repo/Page_MyASSIST - ASSIST - Search Pending Case For Add Supporting Document/Reference No'

2018-12-10 10:24:07 - [MESSAGE][PASSED] - Keys 'CUN122018C100005932' sent to object: 'Object Repository/Final Object Repo/Page_MyASSIST - ASSIST - Search Pending Case For Add Supporting Document/Reference No'

2018-12-10 10:24:07 - [TEST_STEP][PASSED] - click: Object: 'Object Repository/Final Object Repo/Page_MyASSIST - ASSIST - Search Pending Case For Add Supporting Document/Search Reference No' is clicked on

2018-12-10 10:24:07 - [MESSAGE][PASSED] - Object: 'Object Repository/Final Object Repo/Page_MyASSIST - ASSIST - Search Pending Case For Add Supporting Document/Search Reference No' is clicked on

2018-12-10 10:24:07 - [TEST_STEP][PASSED] - delay: Delayed 2 second(s)

2018-12-10 10:24:09 - [MESSAGE][PASSED] - Delayed 2 second(s)

2018-12-10 10:24:09 - [TEST_STEP][PASSED] - click: Object: 'Object Repository/Final Object Repo/Page_MyASSIST - ASSIST - Search Pending Case For Add Supporting Document/Continue' is clicked on

2018-12-10 10:24:13 - [MESSAGE][PASSED] - Object: 'Object Repository/Final Object Repo/Page_MyASSIST - ASSIST - Search Pending Case For Add Supporting Document/Continue' is clicked on

2018-12-10 10:24:13 - [TEST_STEP][PASSED] - delay: Delayed 20 second(s)

2018-12-10 10:24:33 - [MESSAGE][PASSED] - Delayed 20 second(s)

2018-12-10 10:24:33 - [MESSAGE][PASSED] - Call Test Case 'Test Cases/Final Aug 2018 - PKS Automation/Registration Module/Workflow/Login and Search Case For Workflow' successfully

2018-12-10 10:24:33 - [TEST_STEP][PASSED] - delay: Delayed 10 second(s)

2018-12-10 10:24:43 - [MESSAGE][PASSED] - Delayed 10 second(s)

2018-12-10 10:24:43 - [TEST_STEP][PASSED] - click: Object: 'Object Repository/Final Object Repo/Page_Update Employer Information/Page_Update Employer Information UO (Approve)/Continue' is clicked on

2018-12-10 10:24:47 - [MESSAGE][PASSED] - Object: 'Object Repository/Final Object Repo/Page_Update Employer Information/Page_Update Employer Information UO (Approve)/Continue' is clicked on

2018-12-10 10:24:47 - [TEST_STEP][PASSED] - delay: Delayed 10 second(s)

2018-12-10 10:24:57 - [MESSAGE][PASSED] - Delayed 10 second(s)

2018-12-10 10:24:57 - [TEST_STEP][PASSED] - click: Object: 'Object Repository/Final Object Repo/Page_Update Employer Information/Page_Update Employer Information UO (Approve)/Save  Continue in Update Employer Information Page' is clicked on

2018-12-10 10:24:57 - [MESSAGE][PASSED] - Object: 'Object Repository/Final Object Repo/Page_Update Employer Information/Page_Update Employer Information UO (Approve)/Save  Continue in Update Employer Information Page' is clicked on

2018-12-10 10:24:57 - [TEST_STEP][PASSED] - delay: Delayed 3 second(s)

2018-12-10 10:25:00 - [MESSAGE][PASSED] - Delayed 3 second(s)

2018-12-10 10:25:00 - [TEST_STEP][PASSED] - click: Object: 'Object Repository/Final Object Repo/Page_Update Employer Information/Page_Update Employer Information UO (Approve)/Save  Continue in Uploading Supporting Document Page' is clicked on

2018-12-10 10:25:01 - [MESSAGE][PASSED] - Object: 'Object Repository/Final Object Repo/Page_Update Employer Information/Page_Update Employer Information UO (Approve)/Save  Continue in Uploading Supporting Document Page' is clicked on

2018-12-10 10:25:01 - [TEST_STEP][PASSED] - delay: Delayed 3 second(s)

2018-12-10 10:25:04 - [MESSAGE][PASSED] - Delayed 3 second(s)

2018-12-10 10:25:04 - [TEST_STEP][PASSED] - click: Object: 'Object Repository/Final Object Repo/Page_Update Employer Information/Page_Update Employer Information UO (Approve)/Approve' is clicked on

2018-12-10 10:25:05 - [MESSAGE][PASSED] - Object: 'Object Repository/Final Object Repo/Page_Update Employer Information/Page_Update Employer Information UO (Approve)/Approve' is clicked on

2018-12-10 10:25:05 - [TEST_STEP][PASSED] - delay: Delayed 2 second(s)

2018-12-10 10:25:07 - [MESSAGE][PASSED] - Delayed 2 second(s)

2018-12-10 10:25:07 - [TEST_STEP][PASSED] - click: Object: 'Object Repository/Final Object Repo/Page_Update Employer Information/Page_Update Employer Information UO (Approve)/Confirm' is clicked on

2018-12-10 10:25:07 - [MESSAGE][PASSED] - Object: 'Object Repository/Final Object Repo/Page_Update Employer Information/Page_Update Employer Information UO (Approve)/Confirm' is clicked on

2018-12-10 10:25:07 - [TEST_STEP][PASSED] - delay: Delayed 2 second(s)

2018-12-10 10:25:09 - [MESSAGE][PASSED] - Delayed 2 second(s)

2018-12-10 10:25:09 - [TEST_STEP][PASSED] - verifyElementVisible: Object 'Object Repository/Final Object Repo/Page_Update Employer Information/Page_Update Employer Information UO (Approve)/Message Your Request' is visible

2018-12-10 10:25:16 - [MESSAGE][PASSED] - Object 'Object Repository/Final Object Repo/Page_Update Employer Information/Page_Update Employer Information UO (Approve)/Message Your Request' is visible

2018-12-10 10:25:16 - [TEST_STEP][PASSED] - verifyElementVisible: Object 'Object Repository/Final Object Repo/Page_Update Employer Information/Page_Update Employer Information UO (Approve)/Letter of successful update' is visible

2018-12-10 10:25:16 - [MESSAGE][PASSED] - Object 'Object Repository/Final Object Repo/Page_Update Employer Information/Page_Update Employer Information UO (Approve)/Letter of successful update' is visible

2018-12-10 10:25:16 - [MESSAGE][PASSED] - Call Test Case 'Test Cases/Final Aug 2018 - PKS Automation/Registration Module/Workflow/Update Employer Information/Template/Update Employer Information - Special Case - UO (Approve)' successfully]]></system-out>
         <system-err><![CDATA[]]></system-err>
      </testcase>
      <testcase name="Test Cases/Final Aug 2018 - PKS Automation/Registration Module/Workflow/Update Employer Information/PKRBO - UO (Query)" classname="Test Cases/Final Aug 2018 - PKS Automation/Registration Module/Workflow/Update Employer Information/PKRBO - UO (Query)" status="PASSED">
         <system-out><![CDATA[2018-12-10 10:25:16 - [TEST_CASE][PASSED] - Test Cases/Final Aug 2018 - PKS Automation/Registration Module/Workflow/Update Employer Information/PKRBO - UO (Query): Test Cases/Final Aug 2018 - PKS Automation/Registration Module/Workflow/Update Employer Information/PKRBO - UO (Query)

2018-12-10 10:25:16 - [TEST_STEP][PASSED] - callTestCase: Call Test Case 'Test Cases/Final Aug 2018 - PKS Automation/Registration Module/Workflow/Update Employer Information/Template/Update Employer Information - Special Case (PKRBO)' successfully

2018-12-10 10:25:16 - [TEST_CASE][PASSED] - Test Cases/Final Aug 2018 - PKS Automation/Registration Module/Workflow/Update Employer Information/Template/Update Employer Information - Special Case (PKRBO): Test Cases/Final Aug 2018 - PKS Automation/Registration Module/Workflow/Update Employer Information/Template/Update Employer Information - Special Case (PKRBO)

2018-12-10 10:25:16 - [TEST_STEP][PASSED] - openBrowser: Browser is opened with url: ''

2018-12-10 10:25:16 - [MESSAGE][WARNING] - A browser is already opened. Closing browser and opening a new one

2018-12-10 10:25:19 - [MESSAGE][PASSED] - Browser is opened with url: ''

2018-12-10 10:25:19 - [TEST_STEP][PASSED] - navigateToUrl: Navigate to 'https://assist2-uat.perkeso.gov.my/login' successfully

2018-12-10 10:25:20 - [MESSAGE][PASSED] - Navigate to 'https://assist2-uat.perkeso.gov.my/login' successfully

2018-12-10 10:25:20 - [TEST_STEP][PASSED] - setText: Text 'johorpkrbo1@gmail.com' is set on object 'Object Repository/Final Object Repo/Login Page/Internal User/Email Address'

2018-12-10 10:25:21 - [MESSAGE][PASSED] - Text 'johorpkrbo1@gmail.com' is set on object 'Object Repository/Final Object Repo/Login Page/Internal User/Email Address'

2018-12-10 10:25:21 - [TEST_STEP][PASSED] - click: Object: 'Object Repository/Final Object Repo/Login Page/Internal User/Next Button' is clicked on

2018-12-10 10:25:21 - [MESSAGE][PASSED] - Object: 'Object Repository/Final Object Repo/Login Page/Internal User/Next Button' is clicked on

2018-12-10 10:25:21 - [TEST_STEP][PASSED] - delay: Delayed 1 second(s)

2018-12-10 10:25:22 - [MESSAGE][PASSED] - Delayed 1 second(s)

2018-12-10 10:25:22 - [TEST_STEP][PASSED] - setEncryptedText: Text ****** has been set on object 'Object Repository/Final Object Repo/Login Page/Internal User/Password'

2018-12-10 10:25:22 - [MESSAGE][PASSED] - Text ****** has been set on object 'Object Repository/Final Object Repo/Login Page/Internal User/Password'

2018-12-10 10:25:22 - [TEST_STEP][PASSED] - click: Object: 'Object Repository/Final Object Repo/Login Page/Internal User/Login Button' is clicked on

2018-12-10 10:25:22 - [MESSAGE][PASSED] - Object: 'Object Repository/Final Object Repo/Login Page/Internal User/Login Button' is clicked on

2018-12-10 10:25:22 - [TEST_STEP][PASSED] - Statement - tester = com.kms.katalon.core.testobject.ObjectRepository.findTestObject(Final Object Repo/Landing Page/Select to English): Finding Test Object with id 'Object Repository/Final Object Repo/Landing Page/Select to English'

2018-12-10 10:25:22 - [TEST_STEP][PASSED] - Statement - Try: Delayed 2 second(s)

2018-12-10 10:25:22 - [TEST_STEP][PASSED] - Statement - Checker = com.kms.katalon.core.webui.keyword.WebUiBuiltInKeywords.verifyElementNotPresent(tester, 3): Web element with id: 'Object Repository/Final Object Repo/Landing Page/Select to English' located by 'By.xpath: //a[@class = 'taglib-language-list-text' and @lang = 'en-US' and (contains(text(), 'EN') or contains(., 'EN'))]' is not present after '3' second(s)

2018-12-10 10:25:24 - [MESSAGE][PASSED] - Web element with id: 'Object Repository/Final Object Repo/Landing Page/Select to English' located by 'By.xpath: //a[@class = 'taglib-language-list-text' and @lang = 'en-US' and (contains(text(), 'EN') or contains(., 'EN'))]' is not present after '3' second(s)

2018-12-10 10:25:24 - [TEST_STEP][PASSED] - Statement - If (Checker == false): null

2018-12-10 10:25:24 - [TEST_STEP][PASSED] - delay: Delayed 2 second(s)

2018-12-10 10:25:26 - [MESSAGE][PASSED] - Delayed 2 second(s)

2018-12-10 10:25:26 - [TEST_STEP][PASSED] - delay: Delayed 5 second(s)

2018-12-10 10:25:31 - [MESSAGE][PASSED] - Delayed 5 second(s)

2018-12-10 10:25:31 - [TEST_STEP][PASSED] - navigateToUrl: Navigate to 'https://assist2-uat.perkeso.gov.my/web/registration/update/update-employer-information' successfully

2018-12-10 10:25:32 - [MESSAGE][PASSED] - Navigate to 'https://assist2-uat.perkeso.gov.my/web/registration/update/update-employer-information' successfully

2018-12-10 10:25:32 - [TEST_STEP][PASSED] - setText: Text 'E1102001065V ' is set on object 'Object Repository/Final Object Repo/Page_Update Employer Information/Employer Code'

2018-12-10 10:25:32 - [MESSAGE][PASSED] - Text 'E1102001065V ' is set on object 'Object Repository/Final Object Repo/Page_Update Employer Information/Employer Code'

2018-12-10 10:25:32 - [TEST_STEP][PASSED] - click: Object: 'Object Repository/Final Object Repo/Page_Update Employer Information/Search Button' is clicked on

2018-12-10 10:25:32 - [MESSAGE][PASSED] - Object: 'Object Repository/Final Object Repo/Page_Update Employer Information/Search Button' is clicked on

2018-12-10 10:25:32 - [TEST_STEP][PASSED] - click: Object: 'Object Repository/Final Object Repo/Page_Update Employer Information/Edit Button' is clicked on

2018-12-10 10:25:36 - [MESSAGE][PASSED] - Object: 'Object Repository/Final Object Repo/Page_Update Employer Information/Edit Button' is clicked on

2018-12-10 10:25:36 - [TEST_STEP][PASSED] - click: Object: 'Object Repository/Final Object Repo/Page_Update Employer Information/Business Entity' is clicked on

2018-12-10 10:25:36 - [MESSAGE][PASSED] - Object: 'Object Repository/Final Object Repo/Page_Update Employer Information/Business Entity' is clicked on

2018-12-10 10:25:36 - [TEST_STEP][PASSED] - Statement - CurrentBusinessEntity = "": null

2018-12-10 10:25:36 - [TEST_STEP][PASSED] - Statement - CurrentBusinessEntity = com.kms.katalon.core.webui.keyword.WebUiBuiltInKeywords.getText(com.kms.katalon.core.testobject.ObjectRepository.findTestObject(Final Object Repo/Page_Update Employer Information/Current Business Entity)): Text of object 'Object Repository/Final Object Repo/Page_Update Employer Information/Current Business Entity' is: 'Sole Proprietor / Individual Business'

2018-12-10 10:25:36 - [MESSAGE][PASSED] - Text of object 'Object Repository/Final Object Repo/Page_Update Employer Information/Current Business Entity' is: 'Sole Proprietor / Individual Business'

2018-12-10 10:25:36 - [TEST_STEP][PASSED] - Statement - out.println(CurrentBusinessEntity): null

2018-12-10 10:25:36 - [TEST_STEP][PASSED] - Statement - If (CurrentBusinessEntity == "Corporation"): null

2018-12-10 10:25:36 - [TEST_STEP][PASSED] - Statement - Else If (CurrentBusinessEntity == "Partnership"): null

2018-12-10 10:25:36 - [TEST_STEP][PASSED] - Statement - Else If (CurrentBusinessEntity == "Sole Proprietor / Individual Business"): Delayed 3 second(s)

2018-12-10 10:25:36 - [TEST_STEP][PASSED] - Statement - obj = com.kms.katalon.core.webui.keyword.WebUiBuiltInKeywords.modifyObjectProperty(com.kms.katalon.core.testobject.ObjectRepository.findTestObject(Final Object Repo/Page_Update Employer Information/change to this Business Entity), "xpath", "equals", "//ul/li/span[contains(text(),"Others")]", true, STOP_ON_FAILURE): Modify property of object successfully

2018-12-10 10:25:36 - [MESSAGE][PASSED] - Modify property of object successfully

2018-12-10 10:25:36 - [TEST_STEP][PASSED] - click: Object: 'Object Repository/Final Object Repo/Page_Update Employer Information/change to this Business Entity' is clicked on

2018-12-10 10:25:37 - [MESSAGE][PASSED] - Object: 'Object Repository/Final Object Repo/Page_Update Employer Information/change to this Business Entity' is clicked on

2018-12-10 10:25:37 - [TEST_STEP][PASSED] - delay: Delayed 1 second(s)

2018-12-10 10:25:38 - [MESSAGE][PASSED] - Delayed 1 second(s)

2018-12-10 10:25:38 - [TEST_STEP][PASSED] - click: Object: 'Object Repository/Final Object Repo/Page_Update Employer Information/Sub Business Entity' is clicked on

2018-12-10 10:25:38 - [MESSAGE][PASSED] - Object: 'Object Repository/Final Object Repo/Page_Update Employer Information/Sub Business Entity' is clicked on

2018-12-10 10:25:38 - [TEST_STEP][PASSED] - click: Object: 'Object Repository/Final Object Repo/Page_Update Employer Information/Sub Business Entity List - Others - Federal Government Agency' is clicked on

2018-12-10 10:25:38 - [MESSAGE][PASSED] - Object: 'Object Repository/Final Object Repo/Page_Update Employer Information/Sub Business Entity List - Others - Federal Government Agency' is clicked on

2018-12-10 10:25:38 - [TEST_STEP][PASSED] - delay: Delayed 1 second(s)

2018-12-10 10:25:39 - [MESSAGE][PASSED] - Delayed 1 second(s)

2018-12-10 10:25:39 - [TEST_STEP][PASSED] - click: Object: 'Object Repository/Final Object Repo/Page_Update Employer Information/Sub Business Entity List' is clicked on

2018-12-10 10:25:39 - [MESSAGE][PASSED] - Object: 'Object Repository/Final Object Repo/Page_Update Employer Information/Sub Business Entity List' is clicked on

2018-12-10 10:25:39 - [TEST_STEP][PASSED] - click: Object: 'Object Repository/Final Object Repo/Page_Update Employer Information/Sub Business Entity - Others - Federal Government Agency - Kementerian' is clicked on

2018-12-10 10:25:39 - [MESSAGE][PASSED] - Object: 'Object Repository/Final Object Repo/Page_Update Employer Information/Sub Business Entity - Others - Federal Government Agency - Kementerian' is clicked on

2018-12-10 10:25:39 - [TEST_STEP][PASSED] - delay: Delayed 3 second(s)

2018-12-10 10:25:42 - [MESSAGE][PASSED] - Delayed 3 second(s)

2018-12-10 10:25:42 - [TEST_STEP][PASSED] - delay: Delayed 4 second(s)

2018-12-10 10:25:46 - [MESSAGE][PASSED] - Delayed 4 second(s)

2018-12-10 10:25:46 - [TEST_STEP][PASSED] - click: Object: 'Object Repository/Final Object Repo/Page_Update Employer Information/Save  Continue' is clicked on

2018-12-10 10:25:47 - [MESSAGE][PASSED] - Object: 'Object Repository/Final Object Repo/Page_Update Employer Information/Save  Continue' is clicked on

2018-12-10 10:25:47 - [TEST_STEP][PASSED] - delay: Delayed 4 second(s)

2018-12-10 10:25:51 - [MESSAGE][PASSED] - Delayed 4 second(s)

2018-12-10 10:25:51 - [TEST_STEP][PASSED] - click: Object: 'Object Repository/Final Object Repo/Page_Update Employer Information/Save  Continue (1)' is clicked on

2018-12-10 10:25:51 - [MESSAGE][PASSED] - Object: 'Object Repository/Final Object Repo/Page_Update Employer Information/Save  Continue (1)' is clicked on

2018-12-10 10:25:51 - [TEST_STEP][PASSED] - Statement - CaseReferenceNo = com.kms.katalon.core.webui.keyword.WebUiBuiltInKeywords.getText(com.kms.katalon.core.testobject.ObjectRepository.findTestObject(Final Object Repo/Page_Update Employer Information/Reference Number in Update Employee Information Page)): Text of object 'Object Repository/Final Object Repo/Page_Update Employer Information/Reference Number in Update Employee Information Page' is: 'CUN122018C100005933'

2018-12-10 10:25:55 - [MESSAGE][PASSED] - Text of object 'Object Repository/Final Object Repo/Page_Update Employer Information/Reference Number in Update Employee Information Page' is: 'CUN122018C100005933'

2018-12-10 10:25:55 - [TEST_STEP][PASSED] - callTestCase: Call Test Case 'Test Cases/Final Aug 2018 - PKS Automation/Common/Reference Number Setter' successfully

2018-12-10 10:25:55 - [TEST_CASE][PASSED] - Test Cases/Final Aug 2018 - PKS Automation/Common/Reference Number Setter: Test Cases/Final Aug 2018 - PKS Automation/Common/Reference Number Setter

2018-12-10 10:25:55 - [TEST_STEP][PASSED] - Statement - RefNoOldFile = new java.io.File(C://Users//Admin//Desktop//PKS//Automation Reference Point//KatalonReference.txt): null

2018-12-10 10:25:55 - [TEST_STEP][PASSED] - Statement - RefNoOldFile.delete(): null

2018-12-10 10:25:55 - [TEST_STEP][PASSED] - delay: Delayed 5 second(s)

2018-12-10 10:26:00 - [MESSAGE][PASSED] - Delayed 5 second(s)

2018-12-10 10:26:00 - [TEST_STEP][PASSED] - Statement - RefNo = new java.io.File(C://Users//Admin//Desktop//PKS//Automation Reference Point//KatalonReference.txt): null

2018-12-10 10:26:00 - [TEST_STEP][PASSED] - Statement - f2 = new java.io.FileWriter(RefNo, false): null

2018-12-10 10:26:00 - [TEST_STEP][PASSED] - Statement - f2.write(CaseReferenceNo): null

2018-12-10 10:26:00 - [TEST_STEP][PASSED] - Statement - f2.close(): null

2018-12-10 10:26:00 - [TEST_STEP][PASSED] - Statement - out.println("


" + CaseReferenceNo + "


"): null

2018-12-10 10:26:00 - [MESSAGE][PASSED] - Call Test Case 'Test Cases/Final Aug 2018 - PKS Automation/Common/Reference Number Setter' successfully

2018-12-10 10:26:00 - [TEST_STEP][PASSED] - delay: Delayed 4 second(s)

2018-12-10 10:26:04 - [MESSAGE][PASSED] - Delayed 4 second(s)

2018-12-10 10:26:04 - [TEST_STEP][PASSED] - click: Object: 'Object Repository/Final Object Repo/Page_Update Employer Information/Submit - Copy' is clicked on

2018-12-10 10:26:04 - [MESSAGE][PASSED] - Object: 'Object Repository/Final Object Repo/Page_Update Employer Information/Submit - Copy' is clicked on

2018-12-10 10:26:04 - [TEST_STEP][PASSED] - delay: Delayed 2 second(s)

2018-12-10 10:26:06 - [MESSAGE][PASSED] - Delayed 2 second(s)

2018-12-10 10:26:06 - [TEST_STEP][PASSED] - click: Object: 'Object Repository/Final Object Repo/Page_Update Employer Information/Confirm' is clicked on

2018-12-10 10:26:06 - [MESSAGE][PASSED] - Object: 'Object Repository/Final Object Repo/Page_Update Employer Information/Confirm' is clicked on

2018-12-10 10:26:06 - [TEST_STEP][PASSED] - delay: Delayed 2 second(s)

2018-12-10 10:26:08 - [MESSAGE][PASSED] - Delayed 2 second(s)

2018-12-10 10:26:08 - [TEST_STEP][PASSED] - click: Object: 'Object Repository/Final Object Repo/Page_Update Employer Information/Message Your Request will be route' is clicked on

2018-12-10 10:26:10 - [MESSAGE][PASSED] - Object: 'Object Repository/Final Object Repo/Page_Update Employer Information/Message Your Request will be route' is clicked on

2018-12-10 10:26:10 - [MESSAGE][PASSED] - Call Test Case 'Test Cases/Final Aug 2018 - PKS Automation/Registration Module/Workflow/Update Employer Information/Template/Update Employer Information - Special Case (PKRBO)' successfully

2018-12-10 10:26:10 - [TEST_STEP][PASSED] - callTestCase: Call Test Case 'Test Cases/Final Aug 2018 - PKS Automation/Registration Module/Workflow/Update Employer Information/Template/Update Employer Information - Special Case - UO (Query)' successfully

2018-12-10 10:26:10 - [TEST_CASE][PASSED] - Test Cases/Final Aug 2018 - PKS Automation/Registration Module/Workflow/Update Employer Information/Template/Update Employer Information - Special Case - UO (Query): Test Cases/Final Aug 2018 - PKS Automation/Registration Module/Workflow/Update Employer Information/Template/Update Employer Information - Special Case - UO (Query)

2018-12-10 10:26:10 - [TEST_STEP][NOT_RUN] - callTestCase: NOT_RUN: callTestCase

2018-12-10 10:26:10 - [MESSAGE][NOT_RUN] - NOT_RUN: callTestCase

2018-12-10 10:26:10 - [TEST_STEP][PASSED] - delay: Delayed 1 second(s)

2018-12-10 10:26:11 - [MESSAGE][PASSED] - Delayed 1 second(s)

2018-12-10 10:26:11 - [TEST_STEP][PASSED] - navigateToUrl: Navigate to 'https://assist2-uat.perkeso.gov.my/c/portal/logout' successfully

2018-12-10 10:26:12 - [MESSAGE][PASSED] - Navigate to 'https://assist2-uat.perkeso.gov.my/c/portal/logout' successfully

2018-12-10 10:26:12 - [TEST_STEP][PASSED] - delay: Delayed 1 second(s)

2018-12-10 10:26:13 - [MESSAGE][PASSED] - Delayed 1 second(s)

2018-12-10 10:26:13 - [TEST_STEP][PASSED] - callTestCase: Call Test Case 'Test Cases/Final Aug 2018 - PKS Automation/Common/Reference Number Getter' successfully

2018-12-10 10:26:13 - [TEST_CASE][PASSED] - Test Cases/Final Aug 2018 - PKS Automation/Common/Reference Number Getter: Test Cases/Final Aug 2018 - PKS Automation/Common/Reference Number Getter

2018-12-10 10:26:13 - [TEST_STEP][PASSED] - Statement - Try: null

2018-12-10 10:26:13 - [TEST_STEP][PASSED] - Statement - RefNo = new java.io.File(C://Users//Admin//Desktop//PKS//Automation Reference Point//KatalonReference.txt): null

2018-12-10 10:26:13 - [TEST_STEP][PASSED] - Statement - bufferread = new java.io.BufferedReader(new java.io.FileReader(RefNo)): null

2018-12-10 10:26:13 - [TEST_STEP][PASSED] - Statement - readedVal = bufferread.readLine(): null

2018-12-10 10:26:13 - [TEST_STEP][PASSED] - Statement - out.println(CaseReferenceNo): null

2018-12-10 10:26:13 - [TEST_STEP][PASSED] - Statement - out.println(readedVal): null

2018-12-10 10:26:13 - [TEST_STEP][PASSED] - Statement - CaseReferenceNo = "": null

2018-12-10 10:26:13 - [TEST_STEP][PASSED] - Statement - CaseReferenceNo = readedVal: null

2018-12-10 10:26:13 - [MESSAGE][PASSED] - Call Test Case 'Test Cases/Final Aug 2018 - PKS Automation/Common/Reference Number Getter' successfully

2018-12-10 10:26:13 - [TEST_STEP][PASSED] - callTestCase: Call Test Case 'Test Cases/Final Aug 2018 - PKS Automation/Common/Workflow Owner Finder' successfully

2018-12-10 10:26:13 - [TEST_CASE][PASSED] - Test Cases/Final Aug 2018 - PKS Automation/Common/Workflow Owner Finder: Test Cases/Final Aug 2018 - PKS Automation/Common/Workflow Owner Finder

2018-12-10 10:26:13 - [TEST_STEP][PASSED] - openBrowser: Browser is opened with url: ''

2018-12-10 10:26:13 - [MESSAGE][WARNING] - A browser is already opened. Closing browser and opening a new one

2018-12-10 10:26:16 - [MESSAGE][PASSED] - Browser is opened with url: ''

2018-12-10 10:26:16 - [TEST_STEP][PASSED] - navigateToUrl: Navigate to 'https://assist2-uat.perkeso.gov.my/login' successfully

2018-12-10 10:26:17 - [MESSAGE][PASSED] - Navigate to 'https://assist2-uat.perkeso.gov.my/login' successfully

2018-12-10 10:26:17 - [TEST_STEP][PASSED] - delay: Delayed 5 second(s)

2018-12-10 10:26:22 - [MESSAGE][PASSED] - Delayed 5 second(s)

2018-12-10 10:26:22 - [TEST_STEP][PASSED] - setText: Text 'test@liferay.com' is set on object 'Object Repository/Final Object Repo/Login Page/Internal User/Email Address'

2018-12-10 10:26:22 - [MESSAGE][PASSED] - Text 'test@liferay.com' is set on object 'Object Repository/Final Object Repo/Login Page/Internal User/Email Address'

2018-12-10 10:26:22 - [TEST_STEP][PASSED] - click: Object: 'Object Repository/Final Object Repo/Login Page/Internal User/Next Button' is clicked on

2018-12-10 10:26:23 - [MESSAGE][PASSED] - Object: 'Object Repository/Final Object Repo/Login Page/Internal User/Next Button' is clicked on

2018-12-10 10:26:23 - [TEST_STEP][PASSED] - delay: Delayed 2 second(s)

2018-12-10 10:26:25 - [MESSAGE][PASSED] - Delayed 2 second(s)

2018-12-10 10:26:25 - [TEST_STEP][PASSED] - setText: Text 'test' is set on object 'Object Repository/Final Object Repo/Login Page/Internal User/Password'

2018-12-10 10:26:25 - [MESSAGE][PASSED] - Text 'test' is set on object 'Object Repository/Final Object Repo/Login Page/Internal User/Password'

2018-12-10 10:26:25 - [TEST_STEP][PASSED] - delay: Delayed 2 second(s)

2018-12-10 10:26:27 - [MESSAGE][PASSED] - Delayed 2 second(s)

2018-12-10 10:26:27 - [TEST_STEP][PASSED] - click: Object: 'Object Repository/Final Object Repo/Login Page/Internal User/Login Button' is clicked on

2018-12-10 10:26:27 - [MESSAGE][PASSED] - Object: 'Object Repository/Final Object Repo/Login Page/Internal User/Login Button' is clicked on

2018-12-10 10:26:27 - [TEST_STEP][PASSED] - Statement - tester = com.kms.katalon.core.testobject.ObjectRepository.findTestObject(Final Object Repo/Landing Page/Select to English): Finding Test Object with id 'Object Repository/Final Object Repo/Landing Page/Select to English'

2018-12-10 10:26:27 - [TEST_STEP][PASSED] - Statement - Try: Delayed 2 second(s)

2018-12-10 10:26:27 - [TEST_STEP][PASSED] - Statement - Checker = com.kms.katalon.core.webui.keyword.WebUiBuiltInKeywords.verifyElementNotPresent(tester, 3): Web element with id: 'Object Repository/Final Object Repo/Landing Page/Select to English' located by 'By.xpath: //a[@class = 'taglib-language-list-text' and @lang = 'en-US' and (contains(text(), 'EN') or contains(., 'EN'))]' is not present after '3' second(s)

2018-12-10 10:26:29 - [MESSAGE][PASSED] - Web element with id: 'Object Repository/Final Object Repo/Landing Page/Select to English' located by 'By.xpath: //a[@class = 'taglib-language-list-text' and @lang = 'en-US' and (contains(text(), 'EN') or contains(., 'EN'))]' is not present after '3' second(s)

2018-12-10 10:26:29 - [TEST_STEP][PASSED] - Statement - If (Checker == false): null

2018-12-10 10:26:29 - [TEST_STEP][PASSED] - delay: Delayed 2 second(s)

2018-12-10 10:26:31 - [MESSAGE][PASSED] - Delayed 2 second(s)

2018-12-10 10:26:31 - [TEST_STEP][PASSED] - delay: Delayed 5 second(s)

2018-12-10 10:26:36 - [MESSAGE][PASSED] - Delayed 5 second(s)

2018-12-10 10:26:36 - [TEST_STEP][PASSED] - mouseOver: Object: 'Object Repository/Final Object Repo/Landing Page/WorkFlow Menu' is hovered

2018-12-10 10:26:37 - [MESSAGE][PASSED] - Object: 'Object Repository/Final Object Repo/Landing Page/WorkFlow Menu' is hovered

2018-12-10 10:26:37 - [TEST_STEP][PASSED] - delay: Delayed 2 second(s)

2018-12-10 10:26:39 - [MESSAGE][PASSED] - Delayed 2 second(s)

2018-12-10 10:26:39 - [TEST_STEP][PASSED] - click: Object: 'Object Repository/Final Object Repo/Landing Page/Select to Workflow Listing' is clicked on

2018-12-10 10:26:40 - [MESSAGE][PASSED] - Object: 'Object Repository/Final Object Repo/Landing Page/Select to Workflow Listing' is clicked on

2018-12-10 10:26:40 - [TEST_STEP][PASSED] - delay: Delayed 2 second(s)

2018-12-10 10:26:42 - [MESSAGE][PASSED] - Delayed 2 second(s)

2018-12-10 10:26:42 - [TEST_STEP][PASSED] - click: Object: 'Object Repository/Final Object Repo/WorkFlow Listing Page/Search Information - To Put Ref No' is clicked on

2018-12-10 10:26:42 - [MESSAGE][PASSED] - Object: 'Object Repository/Final Object Repo/WorkFlow Listing Page/Search Information - To Put Ref No' is clicked on

2018-12-10 10:26:42 - [TEST_STEP][PASSED] - delay: Delayed 2 second(s)

2018-12-10 10:26:44 - [MESSAGE][PASSED] - Delayed 2 second(s)

2018-12-10 10:26:44 - [TEST_STEP][PASSED] - callTestCase: Call Test Case 'Test Cases/Final Aug 2018 - PKS Automation/Common/Reference Number Getter' successfully

2018-12-10 10:26:44 - [TEST_CASE][PASSED] - Test Cases/Final Aug 2018 - PKS Automation/Common/Reference Number Getter: Test Cases/Final Aug 2018 - PKS Automation/Common/Reference Number Getter

2018-12-10 10:26:44 - [TEST_STEP][PASSED] - Statement - Try: null

2018-12-10 10:26:44 - [TEST_STEP][PASSED] - Statement - RefNo = new java.io.File(C://Users//Admin//Desktop//PKS//Automation Reference Point//KatalonReference.txt): null

2018-12-10 10:26:44 - [TEST_STEP][PASSED] - Statement - bufferread = new java.io.BufferedReader(new java.io.FileReader(RefNo)): null

2018-12-10 10:26:44 - [TEST_STEP][PASSED] - Statement - readedVal = bufferread.readLine(): null

2018-12-10 10:26:44 - [TEST_STEP][PASSED] - Statement - out.println(CaseReferenceNo): null

2018-12-10 10:26:44 - [TEST_STEP][PASSED] - Statement - out.println(readedVal): null

2018-12-10 10:26:44 - [TEST_STEP][PASSED] - Statement - CaseReferenceNo = "": null

2018-12-10 10:26:44 - [TEST_STEP][PASSED] - Statement - CaseReferenceNo = readedVal: null

2018-12-10 10:26:44 - [MESSAGE][PASSED] - Call Test Case 'Test Cases/Final Aug 2018 - PKS Automation/Common/Reference Number Getter' successfully

2018-12-10 10:26:44 - [TEST_STEP][PASSED] - setText: Text 'CUN122018C100005933' is set on object 'Object Repository/Final Object Repo/WorkFlow Listing Page/Ref No Set Text'

2018-12-10 10:26:44 - [MESSAGE][PASSED] - Text 'CUN122018C100005933' is set on object 'Object Repository/Final Object Repo/WorkFlow Listing Page/Ref No Set Text'

2018-12-10 10:26:44 - [TEST_STEP][PASSED] - delay: Delayed 2 second(s)

2018-12-10 10:26:46 - [MESSAGE][PASSED] - Delayed 2 second(s)

2018-12-10 10:26:46 - [TEST_STEP][PASSED] - click: Object: 'Object Repository/Final Object Repo/WorkFlow Listing Page/Search Ref No Search Button' is clicked on

2018-12-10 10:26:47 - [MESSAGE][PASSED] - Object: 'Object Repository/Final Object Repo/WorkFlow Listing Page/Search Ref No Search Button' is clicked on

2018-12-10 10:26:47 - [TEST_STEP][PASSED] - delay: Delayed 6 second(s)

2018-12-10 10:26:53 - [MESSAGE][PASSED] - Delayed 6 second(s)

2018-12-10 10:26:53 - [TEST_STEP][PASSED] - click: Object: 'Object Repository/Final Object Repo/WorkFlow Listing Page/Click Continue Tooltip' is clicked on

2018-12-10 10:26:54 - [MESSAGE][PASSED] - Object: 'Object Repository/Final Object Repo/WorkFlow Listing Page/Click Continue Tooltip' is clicked on

2018-12-10 10:26:54 - [TEST_STEP][PASSED] - delay: Delayed 5 second(s)

2018-12-10 10:26:59 - [MESSAGE][PASSED] - Delayed 5 second(s)

2018-12-10 10:26:59 - [TEST_STEP][PASSED] - doubleClick: Object: 'Object Repository/Final Object Repo/WorkFlow Listing Page/Workflow Found - Listing 1' is double clicked on

2018-12-10 10:26:59 - [MESSAGE][PASSED] - Object: 'Object Repository/Final Object Repo/WorkFlow Listing Page/Workflow Found - Listing 1' is double clicked on

2018-12-10 10:26:59 - [TEST_STEP][PASSED] - Statement - println(OwnerID): null

2018-12-10 10:26:59 - [TEST_STEP][PASSED] - Statement - OwnerID = com.kms.katalon.core.webui.keyword.WebUiBuiltInKeywords.getText(com.kms.katalon.core.testobject.ObjectRepository.findTestObject(Final Object Repo/WorkFlow Listing Page/Workflow Found - Listing 1), STOP_ON_FAILURE): Text of object 'Object Repository/Final Object Repo/WorkFlow Listing Page/Workflow Found - Listing 1' is: 'JOHORuo1'

2018-12-10 10:26:59 - [MESSAGE][PASSED] - Text of object 'Object Repository/Final Object Repo/WorkFlow Listing Page/Workflow Found - Listing 1' is: 'JOHORuo1'

2018-12-10 10:26:59 - [TEST_STEP][PASSED] - Statement - OwnerID = OwnerID.toLowerCase() + "@gmail.com": null

2018-12-10 10:26:59 - [TEST_STEP][PASSED] - Statement - println(OwnerID): null

2018-12-10 10:26:59 - [TEST_STEP][PASSED] - delay: Delayed 2 second(s)

2018-12-10 10:27:01 - [MESSAGE][PASSED] - Delayed 2 second(s)

2018-12-10 10:27:01 - [MESSAGE][PASSED] - Call Test Case 'Test Cases/Final Aug 2018 - PKS Automation/Common/Workflow Owner Finder' successfully

2018-12-10 10:27:01 - [TEST_STEP][PASSED] - delay: Delayed 1 second(s)

2018-12-10 10:27:02 - [MESSAGE][PASSED] - Delayed 1 second(s)

2018-12-10 10:27:02 - [TEST_STEP][PASSED] - navigateToUrl: Navigate to 'https://assist2-uat.perkeso.gov.my/c/portal/logout' successfully

2018-12-10 10:27:03 - [MESSAGE][PASSED] - Navigate to 'https://assist2-uat.perkeso.gov.my/c/portal/logout' successfully

2018-12-10 10:27:03 - [TEST_STEP][PASSED] - delay: Delayed 1 second(s)

2018-12-10 10:27:04 - [MESSAGE][PASSED] - Delayed 1 second(s)

2018-12-10 10:27:04 - [TEST_STEP][PASSED] - callTestCase: Call Test Case 'Test Cases/Final Aug 2018 - PKS Automation/Registration Module/Workflow/Login and Search Case For Workflow' successfully

2018-12-10 10:27:04 - [TEST_CASE][PASSED] - Test Cases/Final Aug 2018 - PKS Automation/Registration Module/Workflow/Login and Search Case For Workflow: Test Cases/Final Aug 2018 - PKS Automation/Registration Module/Workflow/Login and Search Case For Workflow

2018-12-10 10:27:04 - [TEST_STEP][PASSED] - navigateToUrl: Navigate to 'https://assist2-uat.perkeso.gov.my/login' successfully

2018-12-10 10:27:05 - [MESSAGE][PASSED] - Navigate to 'https://assist2-uat.perkeso.gov.my/login' successfully

2018-12-10 10:27:05 - [TEST_STEP][PASSED] - setText: Text 'johoruo1@gmail.com' is set on object 'Object Repository/Final Object Repo/Login Page/Internal User/Email Address'

2018-12-10 10:27:05 - [MESSAGE][PASSED] - Text 'johoruo1@gmail.com' is set on object 'Object Repository/Final Object Repo/Login Page/Internal User/Email Address'

2018-12-10 10:27:05 - [TEST_STEP][PASSED] - click: Object: 'Object Repository/Final Object Repo/Login Page/Internal User/Next Button' is clicked on

2018-12-10 10:27:05 - [MESSAGE][PASSED] - Object: 'Object Repository/Final Object Repo/Login Page/Internal User/Next Button' is clicked on

2018-12-10 10:27:05 - [TEST_STEP][PASSED] - delay: Delayed 1 second(s)

2018-12-10 10:27:06 - [MESSAGE][PASSED] - Delayed 1 second(s)

2018-12-10 10:27:06 - [TEST_STEP][PASSED] - setEncryptedText: Text ****** has been set on object 'Object Repository/Final Object Repo/Login Page/Internal User/Password'

2018-12-10 10:27:07 - [MESSAGE][PASSED] - Text ****** has been set on object 'Object Repository/Final Object Repo/Login Page/Internal User/Password'

2018-12-10 10:27:07 - [TEST_STEP][PASSED] - click: Object: 'Object Repository/Final Object Repo/Login Page/Internal User/Login Button' is clicked on

2018-12-10 10:27:07 - [MESSAGE][PASSED] - Object: 'Object Repository/Final Object Repo/Login Page/Internal User/Login Button' is clicked on

2018-12-10 10:27:07 - [TEST_STEP][PASSED] - delay: Delayed 2 second(s)

2018-12-10 10:27:09 - [MESSAGE][PASSED] - Delayed 2 second(s)

2018-12-10 10:27:09 - [TEST_STEP][PASSED] - Statement - Try: Delayed 2 second(s)

2018-12-10 10:27:09 - [TEST_STEP][PASSED] - Statement - Checker = false: null

2018-12-10 10:27:09 - [TEST_STEP][PASSED] - Statement - Checker = com.kms.katalon.core.webui.keyword.WebUiBuiltInKeywords.verifyElementHasAttribute(com.kms.katalon.core.testobject.ObjectRepository.findTestObject(Final Object Repo/Landing Page/BM Detecting), "href", 20, OPTIONAL): Object 'Object Repository/Final Object Repo/Landing Page/BM Detecting' has attribute 'href'

2018-12-10 10:27:09 - [MESSAGE][PASSED] - Object 'Object Repository/Final Object Repo/Landing Page/BM Detecting' has attribute 'href'

2018-12-10 10:27:09 - [TEST_STEP][PASSED] - Statement - out.println(Checker): null

2018-12-10 10:27:09 - [TEST_STEP][PASSED] - Statement - If (Checker == false): null

2018-12-10 10:27:09 - [TEST_STEP][PASSED] - Statement - Else: null

2018-12-10 10:27:09 - [TEST_STEP][PASSED] - delay: Delayed 2 second(s)

2018-12-10 10:27:11 - [MESSAGE][PASSED] - Delayed 2 second(s)

2018-12-10 10:27:11 - [TEST_STEP][PASSED] - click: Object: 'Object Repository/Final Object Repo/Page_MyASSIST - ASSIST - Search Pending Case For Add Supporting Document/Search Information' is clicked on

2018-12-10 10:27:11 - [MESSAGE][PASSED] - Object: 'Object Repository/Final Object Repo/Page_MyASSIST - ASSIST - Search Pending Case For Add Supporting Document/Search Information' is clicked on

2018-12-10 10:27:11 - [TEST_STEP][PASSED] - delay: Delayed 3 second(s)

2018-12-10 10:27:14 - [MESSAGE][PASSED] - Delayed 3 second(s)

2018-12-10 10:27:14 - [TEST_STEP][PASSED] - sendKeys: Keys 'CUN122018C100005933' sent to object: 'Object Repository/Final Object Repo/Page_MyASSIST - ASSIST - Search Pending Case For Add Supporting Document/Reference No'

2018-12-10 10:27:14 - [MESSAGE][PASSED] - Keys 'CUN122018C100005933' sent to object: 'Object Repository/Final Object Repo/Page_MyASSIST - ASSIST - Search Pending Case For Add Supporting Document/Reference No'

2018-12-10 10:27:14 - [TEST_STEP][PASSED] - click: Object: 'Object Repository/Final Object Repo/Page_MyASSIST - ASSIST - Search Pending Case For Add Supporting Document/Search Reference No' is clicked on

2018-12-10 10:27:14 - [MESSAGE][PASSED] - Object: 'Object Repository/Final Object Repo/Page_MyASSIST - ASSIST - Search Pending Case For Add Supporting Document/Search Reference No' is clicked on

2018-12-10 10:27:14 - [TEST_STEP][PASSED] - delay: Delayed 2 second(s)

2018-12-10 10:27:16 - [MESSAGE][PASSED] - Delayed 2 second(s)

2018-12-10 10:27:16 - [TEST_STEP][PASSED] - click: Object: 'Object Repository/Final Object Repo/Page_MyASSIST - ASSIST - Search Pending Case For Add Supporting Document/Continue' is clicked on

2018-12-10 10:27:20 - [MESSAGE][PASSED] - Object: 'Object Repository/Final Object Repo/Page_MyASSIST - ASSIST - Search Pending Case For Add Supporting Document/Continue' is clicked on

2018-12-10 10:27:20 - [TEST_STEP][PASSED] - delay: Delayed 20 second(s)

2018-12-10 10:27:40 - [MESSAGE][PASSED] - Delayed 20 second(s)

2018-12-10 10:27:40 - [MESSAGE][PASSED] - Call Test Case 'Test Cases/Final Aug 2018 - PKS Automation/Registration Module/Workflow/Login and Search Case For Workflow' successfully

2018-12-10 10:27:40 - [TEST_STEP][PASSED] - delay: Delayed 2 second(s)

2018-12-10 10:27:42 - [MESSAGE][PASSED] - Delayed 2 second(s)

2018-12-10 10:27:42 - [TEST_STEP][PASSED] - click: Object: 'Object Repository/Final Object Repo/Page_Update Employer Information/Page_Update Employer Information UO (Approve)/Continue' is clicked on

2018-12-10 10:27:46 - [MESSAGE][PASSED] - Object: 'Object Repository/Final Object Repo/Page_Update Employer Information/Page_Update Employer Information UO (Approve)/Continue' is clicked on

2018-12-10 10:27:46 - [TEST_STEP][PASSED] - delay: Delayed 2 second(s)

2018-12-10 10:27:48 - [MESSAGE][PASSED] - Delayed 2 second(s)

2018-12-10 10:27:48 - [TEST_STEP][PASSED] - click: Object: 'Object Repository/Final Object Repo/Page_Update Employer Information/Page_Update Employer Information UO (Approve)/Save  Continue in Update Employer Information Page' is clicked on

2018-12-10 10:27:48 - [MESSAGE][PASSED] - Object: 'Object Repository/Final Object Repo/Page_Update Employer Information/Page_Update Employer Information UO (Approve)/Save  Continue in Update Employer Information Page' is clicked on

2018-12-10 10:27:48 - [TEST_STEP][PASSED] - delay: Delayed 2 second(s)

2018-12-10 10:27:50 - [MESSAGE][PASSED] - Delayed 2 second(s)

2018-12-10 10:27:50 - [TEST_STEP][PASSED] - setText: Text 'Query' is set on object 'Object Repository/Final Object Repo/Page_Update Employer Information/Page_Update Employer Information UO (Query)/Query - Remark'

2018-12-10 10:27:53 - [MESSAGE][PASSED] - Text 'Query' is set on object 'Object Repository/Final Object Repo/Page_Update Employer Information/Page_Update Employer Information UO (Query)/Query - Remark'

2018-12-10 10:27:53 - [TEST_STEP][PASSED] - delay: Delayed 2 second(s)

2018-12-10 10:27:55 - [MESSAGE][PASSED] - Delayed 2 second(s)

2018-12-10 10:27:55 - [TEST_STEP][PASSED] - click: Object: 'Object Repository/Final Object Repo/Page_Update Employer Information/Page_Update Employer Information UO (Approve)/Save  Continue in Uploading Supporting Document Page' is clicked on

2018-12-10 10:27:55 - [MESSAGE][PASSED] - Object: 'Object Repository/Final Object Repo/Page_Update Employer Information/Page_Update Employer Information UO (Approve)/Save  Continue in Uploading Supporting Document Page' is clicked on

2018-12-10 10:27:55 - [TEST_STEP][PASSED] - delay: Delayed 2 second(s)

2018-12-10 10:27:57 - [MESSAGE][PASSED] - Delayed 2 second(s)

2018-12-10 10:27:57 - [TEST_STEP][PASSED] - click: Object: 'Object Repository/Final Object Repo/Page_Update Employer Information/Page_Update Employer Information UO (Query)/Query' is clicked on

2018-12-10 10:27:59 - [MESSAGE][PASSED] - Object: 'Object Repository/Final Object Repo/Page_Update Employer Information/Page_Update Employer Information UO (Query)/Query' is clicked on

2018-12-10 10:27:59 - [TEST_STEP][PASSED] - delay: Delayed 2 second(s)

2018-12-10 10:28:01 - [MESSAGE][PASSED] - Delayed 2 second(s)

2018-12-10 10:28:01 - [TEST_STEP][PASSED] - click: Object: 'Object Repository/Final Object Repo/Page_Update Employer Information/Page_Update Employer Information UO (Query)/Confirm' is clicked on

2018-12-10 10:28:01 - [MESSAGE][PASSED] - Object: 'Object Repository/Final Object Repo/Page_Update Employer Information/Page_Update Employer Information UO (Query)/Confirm' is clicked on

2018-12-10 10:28:01 - [TEST_STEP][PASSED] - delay: Delayed 2 second(s)

2018-12-10 10:28:03 - [MESSAGE][PASSED] - Delayed 2 second(s)

2018-12-10 10:28:03 - [TEST_STEP][PASSED] - doubleClick: Object: 'Object Repository/Final Object Repo/Page_Update Employer Information/Page_Update Employer Information UO (Query)/Message The Case Is Under Query' is double clicked on

2018-12-10 10:28:08 - [MESSAGE][PASSED] - Object: 'Object Repository/Final Object Repo/Page_Update Employer Information/Page_Update Employer Information UO (Query)/Message The Case Is Under Query' is double clicked on

2018-12-10 10:28:08 - [TEST_STEP][PASSED] - delay: Delayed 2 second(s)

2018-12-10 10:28:10 - [MESSAGE][PASSED] - Delayed 2 second(s)

2018-12-10 10:28:10 - [TEST_STEP][PASSED] - click: Object: 'Object Repository/Final Object Repo/Page_Update Employer Information/Page_Update Employer Information UO (Query)/Letter of inquiry.pdf' is clicked on

2018-12-10 10:28:10 - [MESSAGE][PASSED] - Object: 'Object Repository/Final Object Repo/Page_Update Employer Information/Page_Update Employer Information UO (Query)/Letter of inquiry.pdf' is clicked on

2018-12-10 10:28:10 - [TEST_STEP][PASSED] - delay: Delayed 1 second(s)

2018-12-10 10:28:11 - [MESSAGE][PASSED] - Delayed 1 second(s)

2018-12-10 10:28:11 - [TEST_STEP][PASSED] - callTestCase: Call Test Case 'Test Cases/Final Aug 2018 - PKS Automation/Registration Module/Log Out/log out avoiding katalon tagging' successfully

2018-12-10 10:28:12 - [TEST_CASE][PASSED] - Test Cases/Final Aug 2018 - PKS Automation/Registration Module/Log Out/log out avoiding katalon tagging: Test Cases/Final Aug 2018 - PKS Automation/Registration Module/Log Out/log out avoiding katalon tagging

2018-12-10 10:28:12 - [TEST_STEP][PASSED] - navigateToUrl: Navigate to 'https://assist2-uat.perkeso.gov.my/c/portal/logout' successfully

2018-12-10 10:28:12 - [MESSAGE][PASSED] - Navigate to 'https://assist2-uat.perkeso.gov.my/c/portal/logout' successfully

2018-12-10 10:28:12 - [MESSAGE][PASSED] - Call Test Case 'Test Cases/Final Aug 2018 - PKS Automation/Registration Module/Log Out/log out avoiding katalon tagging' successfully

2018-12-10 10:28:12 - [TEST_STEP][NOT_RUN] - navigateToUrl: NOT_RUN: navigateToUrl

2018-12-10 10:28:12 - [MESSAGE][NOT_RUN] - NOT_RUN: navigateToUrl

2018-12-10 10:28:12 - [TEST_STEP][PASSED] - delay: Delayed 1 second(s)

2018-12-10 10:28:13 - [MESSAGE][PASSED] - Delayed 1 second(s)

2018-12-10 10:28:13 - [TEST_STEP][PASSED] - callTestCase: Call Test Case 'Test Cases/Final Aug 2018 - PKS Automation/Registration Module/Workflow/Search Pending Case For Add Supporting Document (OTC)' successfully

2018-12-10 10:28:13 - [TEST_CASE][PASSED] - Test Cases/Final Aug 2018 - PKS Automation/Registration Module/Workflow/Search Pending Case For Add Supporting Document (OTC): Test Cases/Final Aug 2018 - PKS Automation/Registration Module/Workflow/Search Pending Case For Add Supporting Document (OTC)

2018-12-10 10:28:13 - [TEST_STEP][PASSED] - openBrowser: Browser is opened with url: ''

2018-12-10 10:28:13 - [MESSAGE][WARNING] - A browser is already opened. Closing browser and opening a new one

2018-12-10 10:28:16 - [MESSAGE][PASSED] - Browser is opened with url: ''

2018-12-10 10:28:16 - [TEST_STEP][PASSED] - navigateToUrl: Navigate to 'https://assist2-uat.perkeso.gov.my/login' successfully

2018-12-10 10:28:17 - [MESSAGE][PASSED] - Navigate to 'https://assist2-uat.perkeso.gov.my/login' successfully

2018-12-10 10:28:17 - [TEST_STEP][PASSED] - setText: Text 'johorotc1@gmail.com' is set on object 'Object Repository/Final Object Repo/Login Page/Internal User/Email Address'

2018-12-10 10:28:18 - [MESSAGE][PASSED] - Text 'johorotc1@gmail.com' is set on object 'Object Repository/Final Object Repo/Login Page/Internal User/Email Address'

2018-12-10 10:28:18 - [TEST_STEP][PASSED] - click: Object: 'Object Repository/Final Object Repo/Login Page/Internal User/Next Button' is clicked on

2018-12-10 10:28:18 - [MESSAGE][PASSED] - Object: 'Object Repository/Final Object Repo/Login Page/Internal User/Next Button' is clicked on

2018-12-10 10:28:18 - [TEST_STEP][PASSED] - delay: Delayed 1 second(s)

2018-12-10 10:28:19 - [MESSAGE][PASSED] - Delayed 1 second(s)

2018-12-10 10:28:19 - [TEST_STEP][PASSED] - setEncryptedText: Text ****** has been set on object 'Object Repository/Final Object Repo/Login Page/Internal User/Password'

2018-12-10 10:28:19 - [MESSAGE][PASSED] - Text ****** has been set on object 'Object Repository/Final Object Repo/Login Page/Internal User/Password'

2018-12-10 10:28:19 - [TEST_STEP][PASSED] - click: Object: 'Object Repository/Final Object Repo/Login Page/Internal User/Login Button' is clicked on

2018-12-10 10:28:19 - [MESSAGE][PASSED] - Object: 'Object Repository/Final Object Repo/Login Page/Internal User/Login Button' is clicked on

2018-12-10 10:28:19 - [TEST_STEP][PASSED] - delay: Delayed 1 second(s)

2018-12-10 10:28:20 - [MESSAGE][PASSED] - Delayed 1 second(s)

2018-12-10 10:28:20 - [TEST_STEP][PASSED] - Statement - Try: Delayed 2 second(s)

2018-12-10 10:28:20 - [TEST_STEP][PASSED] - Statement - Checker = false: null

2018-12-10 10:28:20 - [TEST_STEP][PASSED] - Statement - Checker = com.kms.katalon.core.webui.keyword.WebUiBuiltInKeywords.verifyElementHasAttribute(com.kms.katalon.core.testobject.ObjectRepository.findTestObject(Final Object Repo/Landing Page/BM Detecting), "href", 20, OPTIONAL): Object 'Object Repository/Final Object Repo/Landing Page/BM Detecting' has attribute 'href'

2018-12-10 10:28:21 - [MESSAGE][PASSED] - Object 'Object Repository/Final Object Repo/Landing Page/BM Detecting' has attribute 'href'

2018-12-10 10:28:21 - [TEST_STEP][PASSED] - Statement - out.println(Checker): null

2018-12-10 10:28:21 - [TEST_STEP][PASSED] - Statement - If (Checker == false): null

2018-12-10 10:28:21 - [TEST_STEP][PASSED] - Statement - Else: null

2018-12-10 10:28:21 - [TEST_STEP][PASSED] - delay: Delayed 2 second(s)

2018-12-10 10:28:23 - [MESSAGE][PASSED] - Delayed 2 second(s)

2018-12-10 10:28:23 - [TEST_STEP][PASSED] - navigateToUrl: Navigate to 'https://assist2-uat.perkeso.gov.my/web/registration/search/search-pending-case-for-add-supporting-document' successfully

2018-12-10 10:28:24 - [MESSAGE][PASSED] - Navigate to 'https://assist2-uat.perkeso.gov.my/web/registration/search/search-pending-case-for-add-supporting-document' successfully

2018-12-10 10:28:24 - [TEST_STEP][PASSED] - click: Object: 'Object Repository/Final Object Repo/Page_Search Pending Case For Add Suporting Document/Search By' is clicked on

2018-12-10 10:28:24 - [MESSAGE][PASSED] - Object: 'Object Repository/Final Object Repo/Page_Search Pending Case For Add Suporting Document/Search By' is clicked on

2018-12-10 10:28:24 - [TEST_STEP][PASSED] - click: Object: 'Object Repository/Final Object Repo/Page_Search Pending Case For Add Suporting Document/Search By - Reference ID' is clicked on

2018-12-10 10:28:25 - [MESSAGE][PASSED] - Object: 'Object Repository/Final Object Repo/Page_Search Pending Case For Add Suporting Document/Search By - Reference ID' is clicked on

2018-12-10 10:28:25 - [TEST_STEP][PASSED] - delay: Delayed 2 second(s)

2018-12-10 10:28:27 - [MESSAGE][PASSED] - Delayed 2 second(s)

2018-12-10 10:28:27 - [TEST_STEP][PASSED] - setText: Text 'CUN122018C100005933' is set on object 'Object Repository/Final Object Repo/Page_Search Pending Case For Add Suporting Document/Reference ID'

2018-12-10 10:28:27 - [MESSAGE][PASSED] - Text 'CUN122018C100005933' is set on object 'Object Repository/Final Object Repo/Page_Search Pending Case For Add Suporting Document/Reference ID'

2018-12-10 10:28:27 - [TEST_STEP][PASSED] - click: Object: 'Object Repository/Final Object Repo/Page_Search Pending Case For Add Suporting Document/Search' is clicked on

2018-12-10 10:28:27 - [MESSAGE][PASSED] - Object: 'Object Repository/Final Object Repo/Page_Search Pending Case For Add Suporting Document/Search' is clicked on

2018-12-10 10:28:27 - [TEST_STEP][PASSED] - delay: Delayed 2 second(s)

2018-12-10 10:28:29 - [MESSAGE][PASSED] - Delayed 2 second(s)

2018-12-10 10:28:29 - [TEST_STEP][PASSED] - click: Object: 'Object Repository/Final Object Repo/Page_Search Pending Case For Add Suporting Document/Edit' is clicked on

2018-12-10 10:28:33 - [MESSAGE][PASSED] - Object: 'Object Repository/Final Object Repo/Page_Search Pending Case For Add Suporting Document/Edit' is clicked on

2018-12-10 10:28:33 - [MESSAGE][PASSED] - Call Test Case 'Test Cases/Final Aug 2018 - PKS Automation/Registration Module/Workflow/Search Pending Case For Add Supporting Document (OTC)' successfully

2018-12-10 10:28:33 - [TEST_STEP][PASSED] - click: Object: 'Object Repository/Final Object Repo/Page_Update Employer Information/Page_Update Employer Information UO (Query -OTC -UO)/Next' is clicked on

2018-12-10 10:28:36 - [MESSAGE][PASSED] - Object: 'Object Repository/Final Object Repo/Page_Update Employer Information/Page_Update Employer Information UO (Query -OTC -UO)/Next' is clicked on

2018-12-10 10:28:36 - [TEST_STEP][PASSED] - delay: Delayed 2 second(s)

2018-12-10 10:28:38 - [MESSAGE][PASSED] - Delayed 2 second(s)

2018-12-10 10:28:38 - [TEST_STEP][PASSED] - click: Object: 'Object Repository/Final Object Repo/Page_Update Employer Information/Page_Update Employer Information UO (Query -OTC -UO)/Add Document' is clicked on

2018-12-10 10:28:38 - [MESSAGE][PASSED] - Object: 'Object Repository/Final Object Repo/Page_Update Employer Information/Page_Update Employer Information UO (Query -OTC -UO)/Add Document' is clicked on

2018-12-10 10:28:38 - [TEST_STEP][PASSED] - delay: Delayed 2 second(s)

2018-12-10 10:28:40 - [MESSAGE][PASSED] - Delayed 2 second(s)

2018-12-10 10:28:40 - [TEST_STEP][PASSED] - click: Object: 'Object Repository/Final Object Repo/Page_Update Employer Information/Page_Update Employer Information UO (Query -OTC -UO)/Document Type' is clicked on

2018-12-10 10:28:41 - [MESSAGE][PASSED] - Object: 'Object Repository/Final Object Repo/Page_Update Employer Information/Page_Update Employer Information UO (Query -OTC -UO)/Document Type' is clicked on

2018-12-10 10:28:41 - [TEST_STEP][PASSED] - click: Object: 'Object Repository/Final Object Repo/Page_Update Employer Information/Page_Update Employer Information UO (Query -OTC -UO)/Document Type - Other' is clicked on

2018-12-10 10:28:41 - [MESSAGE][PASSED] - Object: 'Object Repository/Final Object Repo/Page_Update Employer Information/Page_Update Employer Information UO (Query -OTC -UO)/Document Type - Other' is clicked on

2018-12-10 10:28:41 - [TEST_STEP][PASSED] - delay: Delayed 2 second(s)

2018-12-10 10:28:43 - [MESSAGE][PASSED] - Delayed 2 second(s)

2018-12-10 10:28:43 - [TEST_STEP][PASSED] - sendKeys: Keys 'C:\Users\Public\Pictures\Sample Pictures\Koala.jpg' sent to object: 'Object Repository/Final Object Repo/Page_Update Employer Information/Page_Update Employer Information UO (Query -OTC -UO)/Uploading File'

2018-12-10 10:28:43 - [MESSAGE][PASSED] - Keys 'C:\Users\Public\Pictures\Sample Pictures\Koala.jpg' sent to object: 'Object Repository/Final Object Repo/Page_Update Employer Information/Page_Update Employer Information UO (Query -OTC -UO)/Uploading File'

2018-12-10 10:28:43 - [TEST_STEP][PASSED] - delay: Delayed 2 second(s)

2018-12-10 10:28:45 - [MESSAGE][PASSED] - Delayed 2 second(s)

2018-12-10 10:28:45 - [TEST_STEP][PASSED] - click: Object: 'Object Repository/Final Object Repo/Page_Update Employer Information/Page_Update Employer Information UO (Query -OTC -UO)/Add Document in Uploading Page' is clicked on

2018-12-10 10:28:45 - [MESSAGE][PASSED] - Object: 'Object Repository/Final Object Repo/Page_Update Employer Information/Page_Update Employer Information UO (Query -OTC -UO)/Add Document in Uploading Page' is clicked on

2018-12-10 10:28:45 - [TEST_STEP][PASSED] - delay: Delayed 2 second(s)

2018-12-10 10:28:47 - [MESSAGE][PASSED] - Delayed 2 second(s)

2018-12-10 10:28:47 - [TEST_STEP][PASSED] - click: Object: 'Object Repository/Final Object Repo/Page_Update Employer Information/Page_Update Employer Information UO (Query -OTC -UO)/Exit' is clicked on

2018-12-10 10:28:50 - [MESSAGE][PASSED] - Object: 'Object Repository/Final Object Repo/Page_Update Employer Information/Page_Update Employer Information UO (Query -OTC -UO)/Exit' is clicked on

2018-12-10 10:28:50 - [TEST_STEP][PASSED] - delay: Delayed 2 second(s)

2018-12-10 10:28:52 - [MESSAGE][PASSED] - Delayed 2 second(s)

2018-12-10 10:28:52 - [TEST_STEP][PASSED] - delay: Delayed 1 second(s)

2018-12-10 10:28:53 - [MESSAGE][PASSED] - Delayed 1 second(s)

2018-12-10 10:28:53 - [TEST_STEP][PASSED] - navigateToUrl: Navigate to 'https://assist2-uat.perkeso.gov.my/c/portal/logout' successfully

2018-12-10 10:28:54 - [MESSAGE][PASSED] - Navigate to 'https://assist2-uat.perkeso.gov.my/c/portal/logout' successfully

2018-12-10 10:28:54 - [TEST_STEP][PASSED] - delay: Delayed 1 second(s)

2018-12-10 10:28:55 - [MESSAGE][PASSED] - Delayed 1 second(s)

2018-12-10 10:28:55 - [TEST_STEP][PASSED] - callTestCase: Call Test Case 'Test Cases/Final Aug 2018 - PKS Automation/Registration Module/Workflow/Login and Search Case For Workflow' successfully

2018-12-10 10:28:55 - [TEST_CASE][PASSED] - Test Cases/Final Aug 2018 - PKS Automation/Registration Module/Workflow/Login and Search Case For Workflow: Test Cases/Final Aug 2018 - PKS Automation/Registration Module/Workflow/Login and Search Case For Workflow

2018-12-10 10:28:55 - [TEST_STEP][PASSED] - navigateToUrl: Navigate to 'https://assist2-uat.perkeso.gov.my/login' successfully

2018-12-10 10:28:56 - [MESSAGE][PASSED] - Navigate to 'https://assist2-uat.perkeso.gov.my/login' successfully

2018-12-10 10:28:56 - [TEST_STEP][PASSED] - setText: Text 'johoruo1@gmail.com' is set on object 'Object Repository/Final Object Repo/Login Page/Internal User/Email Address'

2018-12-10 10:28:56 - [MESSAGE][PASSED] - Text 'johoruo1@gmail.com' is set on object 'Object Repository/Final Object Repo/Login Page/Internal User/Email Address'

2018-12-10 10:28:56 - [TEST_STEP][PASSED] - click: Object: 'Object Repository/Final Object Repo/Login Page/Internal User/Next Button' is clicked on

2018-12-10 10:28:56 - [MESSAGE][PASSED] - Object: 'Object Repository/Final Object Repo/Login Page/Internal User/Next Button' is clicked on

2018-12-10 10:28:56 - [TEST_STEP][PASSED] - delay: Delayed 1 second(s)

2018-12-10 10:28:57 - [MESSAGE][PASSED] - Delayed 1 second(s)

2018-12-10 10:28:57 - [TEST_STEP][PASSED] - setEncryptedText: Text ****** has been set on object 'Object Repository/Final Object Repo/Login Page/Internal User/Password'

2018-12-10 10:28:57 - [MESSAGE][PASSED] - Text ****** has been set on object 'Object Repository/Final Object Repo/Login Page/Internal User/Password'

2018-12-10 10:28:57 - [TEST_STEP][PASSED] - click: Object: 'Object Repository/Final Object Repo/Login Page/Internal User/Login Button' is clicked on

2018-12-10 10:28:58 - [MESSAGE][PASSED] - Object: 'Object Repository/Final Object Repo/Login Page/Internal User/Login Button' is clicked on

2018-12-10 10:28:58 - [TEST_STEP][PASSED] - delay: Delayed 2 second(s)

2018-12-10 10:29:00 - [MESSAGE][PASSED] - Delayed 2 second(s)

2018-12-10 10:29:00 - [TEST_STEP][PASSED] - Statement - Try: Delayed 2 second(s)

2018-12-10 10:29:00 - [TEST_STEP][PASSED] - Statement - Checker = false: null

2018-12-10 10:29:00 - [TEST_STEP][PASSED] - Statement - Checker = com.kms.katalon.core.webui.keyword.WebUiBuiltInKeywords.verifyElementHasAttribute(com.kms.katalon.core.testobject.ObjectRepository.findTestObject(Final Object Repo/Landing Page/BM Detecting), "href", 20, OPTIONAL): Object 'Object Repository/Final Object Repo/Landing Page/BM Detecting' has attribute 'href'

2018-12-10 10:29:00 - [MESSAGE][PASSED] - Object 'Object Repository/Final Object Repo/Landing Page/BM Detecting' has attribute 'href'

2018-12-10 10:29:00 - [TEST_STEP][PASSED] - Statement - out.println(Checker): null

2018-12-10 10:29:00 - [TEST_STEP][PASSED] - Statement - If (Checker == false): null

2018-12-10 10:29:00 - [TEST_STEP][PASSED] - Statement - Else: null

2018-12-10 10:29:00 - [TEST_STEP][PASSED] - delay: Delayed 2 second(s)

2018-12-10 10:29:02 - [MESSAGE][PASSED] - Delayed 2 second(s)

2018-12-10 10:29:02 - [TEST_STEP][PASSED] - click: Object: 'Object Repository/Final Object Repo/Page_MyASSIST - ASSIST - Search Pending Case For Add Supporting Document/Search Information' is clicked on

2018-12-10 10:29:02 - [MESSAGE][PASSED] - Object: 'Object Repository/Final Object Repo/Page_MyASSIST - ASSIST - Search Pending Case For Add Supporting Document/Search Information' is clicked on

2018-12-10 10:29:02 - [TEST_STEP][PASSED] - delay: Delayed 3 second(s)

2018-12-10 10:29:05 - [MESSAGE][PASSED] - Delayed 3 second(s)

2018-12-10 10:29:05 - [TEST_STEP][PASSED] - sendKeys: Keys 'CUN122018C100005933' sent to object: 'Object Repository/Final Object Repo/Page_MyASSIST - ASSIST - Search Pending Case For Add Supporting Document/Reference No'

2018-12-10 10:29:05 - [MESSAGE][PASSED] - Keys 'CUN122018C100005933' sent to object: 'Object Repository/Final Object Repo/Page_MyASSIST - ASSIST - Search Pending Case For Add Supporting Document/Reference No'

2018-12-10 10:29:05 - [TEST_STEP][PASSED] - click: Object: 'Object Repository/Final Object Repo/Page_MyASSIST - ASSIST - Search Pending Case For Add Supporting Document/Search Reference No' is clicked on

2018-12-10 10:29:05 - [MESSAGE][PASSED] - Object: 'Object Repository/Final Object Repo/Page_MyASSIST - ASSIST - Search Pending Case For Add Supporting Document/Search Reference No' is clicked on

2018-12-10 10:29:05 - [TEST_STEP][PASSED] - delay: Delayed 2 second(s)

2018-12-10 10:29:07 - [MESSAGE][PASSED] - Delayed 2 second(s)

2018-12-10 10:29:07 - [TEST_STEP][PASSED] - click: Object: 'Object Repository/Final Object Repo/Page_MyASSIST - ASSIST - Search Pending Case For Add Supporting Document/Continue' is clicked on

2018-12-10 10:29:10 - [MESSAGE][PASSED] - Object: 'Object Repository/Final Object Repo/Page_MyASSIST - ASSIST - Search Pending Case For Add Supporting Document/Continue' is clicked on

2018-12-10 10:29:10 - [TEST_STEP][PASSED] - delay: Delayed 20 second(s)

2018-12-10 10:29:30 - [MESSAGE][PASSED] - Delayed 20 second(s)

2018-12-10 10:29:30 - [MESSAGE][PASSED] - Call Test Case 'Test Cases/Final Aug 2018 - PKS Automation/Registration Module/Workflow/Login and Search Case For Workflow' successfully

2018-12-10 10:29:30 - [TEST_STEP][PASSED] - click: Object: 'Object Repository/Final Object Repo/Page_Update Employer Information/Page_Update Employer Information UO (Approve)/Continue' is clicked on

2018-12-10 10:29:34 - [MESSAGE][PASSED] - Object: 'Object Repository/Final Object Repo/Page_Update Employer Information/Page_Update Employer Information UO (Approve)/Continue' is clicked on

2018-12-10 10:29:34 - [TEST_STEP][PASSED] - delay: Delayed 2 second(s)

2018-12-10 10:29:36 - [MESSAGE][PASSED] - Delayed 2 second(s)

2018-12-10 10:29:36 - [TEST_STEP][PASSED] - click: Object: 'Object Repository/Final Object Repo/Page_Update Employer Information/Page_Update Employer Information UO (Approve)/Save  Continue in Update Employer Information Page' is clicked on

2018-12-10 10:29:36 - [MESSAGE][PASSED] - Object: 'Object Repository/Final Object Repo/Page_Update Employer Information/Page_Update Employer Information UO (Approve)/Save  Continue in Update Employer Information Page' is clicked on

2018-12-10 10:29:36 - [TEST_STEP][PASSED] - delay: Delayed 2 second(s)

2018-12-10 10:29:38 - [MESSAGE][PASSED] - Delayed 2 second(s)

2018-12-10 10:29:38 - [TEST_STEP][PASSED] - click: Object: 'Object Repository/Final Object Repo/Page_Update Employer Information/Page_Update Employer Information UO (Approve)/Save  Continue in Uploading Supporting Document Page' is clicked on

2018-12-10 10:29:41 - [MESSAGE][PASSED] - Object: 'Object Repository/Final Object Repo/Page_Update Employer Information/Page_Update Employer Information UO (Approve)/Save  Continue in Uploading Supporting Document Page' is clicked on

2018-12-10 10:29:41 - [TEST_STEP][PASSED] - delay: Delayed 2 second(s)

2018-12-10 10:29:43 - [MESSAGE][PASSED] - Delayed 2 second(s)

2018-12-10 10:29:43 - [TEST_STEP][PASSED] - click: Object: 'Object Repository/Final Object Repo/Page_Update Employer Information/Page_Update Employer Information UO (Approve)/Approve' is clicked on

2018-12-10 10:29:45 - [MESSAGE][PASSED] - Object: 'Object Repository/Final Object Repo/Page_Update Employer Information/Page_Update Employer Information UO (Approve)/Approve' is clicked on

2018-12-10 10:29:45 - [TEST_STEP][PASSED] - delay: Delayed 2 second(s)

2018-12-10 10:29:47 - [MESSAGE][PASSED] - Delayed 2 second(s)

2018-12-10 10:29:47 - [TEST_STEP][PASSED] - click: Object: 'Object Repository/Final Object Repo/Page_Update Employer Information/Page_Update Employer Information UO (Approve)/Confirm' is clicked on

2018-12-10 10:29:47 - [MESSAGE][PASSED] - Object: 'Object Repository/Final Object Repo/Page_Update Employer Information/Page_Update Employer Information UO (Approve)/Confirm' is clicked on

2018-12-10 10:29:47 - [TEST_STEP][PASSED] - delay: Delayed 2 second(s)

2018-12-10 10:29:49 - [MESSAGE][PASSED] - Delayed 2 second(s)

2018-12-10 10:29:49 - [TEST_STEP][PASSED] - verifyElementVisible: Object 'Object Repository/Final Object Repo/Page_Update Employer Information/Page_Update Employer Information UO (Approve)/Message Your Request' is visible

2018-12-10 10:29:56 - [MESSAGE][PASSED] - Object 'Object Repository/Final Object Repo/Page_Update Employer Information/Page_Update Employer Information UO (Approve)/Message Your Request' is visible

2018-12-10 10:29:56 - [TEST_STEP][PASSED] - verifyElementVisible: Object 'Object Repository/Final Object Repo/Page_Update Employer Information/Page_Update Employer Information UO (Approve)/Letter of successful update' is visible

2018-12-10 10:29:56 - [MESSAGE][PASSED] - Object 'Object Repository/Final Object Repo/Page_Update Employer Information/Page_Update Employer Information UO (Approve)/Letter of successful update' is visible

2018-12-10 10:29:56 - [MESSAGE][PASSED] - Call Test Case 'Test Cases/Final Aug 2018 - PKS Automation/Registration Module/Workflow/Update Employer Information/Template/Update Employer Information - Special Case - UO (Query)' successfully]]></system-out>
         <system-err><![CDATA[]]></system-err>
      </testcase>
      <testcase name="Test Cases/Final Aug 2018 - PKS Automation/Registration Module/Workflow/Update Employer Information/PKRBO - UO (Reject)" classname="Test Cases/Final Aug 2018 - PKS Automation/Registration Module/Workflow/Update Employer Information/PKRBO - UO (Reject)" status="FAILED">
         <failure type="FAILED" message="(Stack trace: com.kms.katalon.core.exception.StepFailedException: Unable to get text of object 'Object Repository/Final Object Repo/Page_Update Employer Information/Reference Number in Update Employee Information Page' (Root cause: org.openqa.selenium.StaleElementReferenceException: stale element reference: element is not attached to the page document
  (Session info: chrome=70.0.3538.110)
  (Driver info: chromedriver=2.43.600210 (68dcf5eebde37173d4027fa8635e332711d2874a),platform=Windows NT 6.1.7601 SP1 x86_64) (WARNING: The server did not provide any stacktrace information)
Command duration or timeout: 0 milliseconds
For documentation on this error, please visit: http://seleniumhq.org/exceptions/stale_element_reference.html
Build info: version: '3.7.1', revision: '8a0099a', time: '2017-11-06T21:07:36.161Z'
System info: host: 'WIN7TEST02', ip: '10.20.3.72', os.name: 'Windows 7', os.arch: 'amd64', os.version: '6.1', java.version: '1.8.0_181'
Driver info: com.kms.katalon.selenium.driver.CChromeDriver
Capabilities {acceptInsecureCerts: false, acceptSslCerts: false, applicationCacheEnabled: false, browserConnectionEnabled: false, browserName: chrome, chrome: {chromedriverVersion: 2.43.600210 (68dcf5eebde371..., userDataDir: C:\Users\Admin\AppData\Loca...}, cssSelectorsEnabled: true, databaseEnabled: false, goog:chromeOptions: {debuggerAddress: localhost:61001}, handlesAlerts: true, hasTouchScreen: false, javascriptEnabled: true, locationContextEnabled: true, mobileEmulationEnabled: false, nativeEvents: true, networkConnectionEnabled: false, pageLoadStrategy: normal, platform: XP, platformName: XP, rotatable: false, setWindowRect: true, takesHeapSnapshot: true, takesScreenshot: true, unexpectedAlertBehaviour: , unhandledPromptBehavior: , version: 70.0.3538.110, webStorageEnabled: true}
Session ID: e9e7f2c32f2af7c3f0f58ae056f9feb6)
	at com.kms.katalon.core.keyword.internal.KeywordMain.stepFailed(KeywordMain.groovy:32)
	at com.kms.katalon.core.webui.keyword.internal.WebUIKeywordMain.stepFailed(WebUIKeywordMain.groovy:65)
	at com.kms.katalon.core.webui.keyword.internal.WebUIKeywordMain.runKeyword(WebUIKeywordMain.groovy:27)
	at com.kms.katalon.core.webui.keyword.builtin.GetTextKeyword.getText(GetTextKeyword.groovy:88)
	at com.kms.katalon.core.webui.keyword.builtin.GetTextKeyword.execute(GetTextKeyword.groovy:67)
	at com.kms.katalon.core.keyword.internal.KeywordExecutor.executeKeywordForPlatform(KeywordExecutor.groovy:53)
	at com.kms.katalon.core.webui.keyword.WebUiBuiltInKeywords.getText(WebUiBuiltInKeywords.groovy:888)
	at com.kms.katalon.core.webui.keyword.WebUiBuiltInKeywords$getText$5.call(Unknown Source)
	at Script1536221108648.run(Script1536221108648.groovy:138)
	at com.kms.katalon.core.main.ScriptEngine.run(ScriptEngine.java:183)
	at com.kms.katalon.core.main.ScriptEngine.runScriptAsRawText(ScriptEngine.java:108)
	at com.kms.katalon.core.main.TestCaseExecutor.runScript(TestCaseExecutor.java:294)
	at com.kms.katalon.core.main.TestCaseExecutor.doExecute(TestCaseExecutor.java:285)
	at com.kms.katalon.core.main.TestCaseExecutor.processExecutionPhase(TestCaseExecutor.java:264)
	at com.kms.katalon.core.main.TestCaseExecutor.accessMainPhase(TestCaseExecutor.java:256)
	at com.kms.katalon.core.main.TestCaseExecutor.execute(TestCaseExecutor.java:200)
	at com.kms.katalon.core.main.TestCaseMain.runTestCase(TestCaseMain.java:99)
	at com.kms.katalon.core.keyword.builtin.CallTestCaseKeyword$_callTestCase_closure1.doCall(CallTestCaseKeyword.groovy:60)
	at com.kms.katalon.core.keyword.builtin.CallTestCaseKeyword$_callTestCase_closure1.call(CallTestCaseKeyword.groovy)
	at com.kms.katalon.core.keyword.internal.KeywordMain.runKeyword(KeywordMain.groovy:54)
	at com.kms.katalon.core.keyword.builtin.CallTestCaseKeyword.callTestCase(CallTestCaseKeyword.groovy:81)
	at com.kms.katalon.core.keyword.builtin.CallTestCaseKeyword.execute(CallTestCaseKeyword.groovy:45)
	at com.kms.katalon.core.keyword.internal.KeywordExecutor.executeKeywordForPlatform(KeywordExecutor.groovy:53)
	at com.kms.katalon.core.keyword.BuiltinKeywords.callTestCase(BuiltinKeywords.groovy:334)
	at sun.reflect.GeneratedMethodAccessor13.invoke(Unknown Source)
	at sun.reflect.DelegatingMethodAccessorImpl.invoke(DelegatingMethodAccessorImpl.java:43)
	at java.lang.reflect.Method.invoke(Method.java:498)
	at org.codehaus.groovy.reflection.CachedMethod.invoke(CachedMethod.java:93)
	at groovy.lang.MetaMethod.doMethodInvoke(MetaMethod.java:325)
	at groovy.lang.MetaClassImpl.invokeStaticMethod(MetaClassImpl.java:1469)
	at org.codehaus.groovy.runtime.callsite.StaticMetaClassSite.call(StaticMetaClassSite.java:53)
	at org.codehaus.groovy.runtime.callsite.CallSiteArray.defaultCall(CallSiteArray.java:48)
	at org.codehaus.groovy.runtime.callsite.AbstractCallSite.call(AbstractCallSite.java:113)
	at org.codehaus.groovy.runtime.callsite.AbstractCallSite.call(AbstractCallSite.java:141)
	at Script1536220620794.run(Script1536220620794.groovy:22)
	at com.kms.katalon.core.main.ScriptEngine.run(ScriptEngine.java:183)
	at com.kms.katalon.core.main.ScriptEngine.runScriptAsRawText(ScriptEngine.java:108)
	at com.kms.katalon.core.main.TestCaseExecutor.runScript(TestCaseExecutor.java:294)
	at com.kms.katalon.core.main.TestCaseExecutor.doExecute(TestCaseExecutor.java:285)
	at com.kms.katalon.core.main.TestCaseExecutor.processExecutionPhase(TestCaseExecutor.java:264)
	at com.kms.katalon.core.main.TestCaseExecutor.accessMainPhase(TestCaseExecutor.java:256)
	at com.kms.katalon.core.main.TestCaseExecutor.execute(TestCaseExecutor.java:200)
	at com.kms.katalon.core.main.TestSuiteExecutor.accessTestCaseMainPhase(TestSuiteExecutor.java:129)
	at com.kms.katalon.core.main.TestSuiteExecutor.accessTestSuiteMainPhase(TestSuiteExecutor.java:112)
	at com.kms.katalon.core.main.TestSuiteExecutor.execute(TestSuiteExecutor.java:81)
	at com.kms.katalon.core.main.TestCaseMain.startTestSuite(TestCaseMain.java:142)
	at com.kms.katalon.core.main.TestCaseMain$startTestSuite$0.call(Unknown Source)
	at org.codehaus.groovy.runtime.callsite.CallSiteArray.defaultCall(CallSiteArray.java:48)
	at org.codehaus.groovy.runtime.callsite.AbstractCallSite.call(AbstractCallSite.java:113)
	at org.codehaus.groovy.runtime.callsite.AbstractCallSite.call(AbstractCallSite.java:141)
	at TempTestSuite1544406462574.run(TempTestSuite1544406462574.groovy:36)
	at groovy.lang.GroovyShell.runScriptOrMainOrTestOrRunnable(GroovyShell.java:263)
	at groovy.lang.GroovyShell.run(GroovyShell.java:518)
	at groovy.lang.GroovyShell.run(GroovyShell.java:507)
	at groovy.ui.GroovyMain.processOnce(GroovyMain.java:653)
	at groovy.ui.GroovyMain.run(GroovyMain.java:384)
	at groovy.ui.GroovyMain.process(GroovyMain.java:370)
	at groovy.ui.GroovyMain.processArgs(GroovyMain.java:129)
	at groovy.ui.GroovyMain.main(GroovyMain.java:109)
	at sun.reflect.NativeMethodAccessorImpl.invoke0(Native Method)
	at sun.reflect.NativeMethodAccessorImpl.invoke(NativeMethodAccessorImpl.java:62)
	at sun.reflect.DelegatingMethodAccessorImpl.invoke(DelegatingMethodAccessorImpl.java:43)
	at java.lang.reflect.Method.invoke(Method.java:498)
	at org.codehaus.groovy.tools.GroovyStarter.rootLoader(GroovyStarter.java:109)
	at org.codehaus.groovy.tools.GroovyStarter.main(GroovyStarter.java:131)
)"/>
         <system-out><![CDATA[2018-12-10 10:29:56 - [TEST_CASE][FAILED] - Test Cases/Final Aug 2018 - PKS Automation/Registration Module/Workflow/Update Employer Information/PKRBO - UO (Reject): Test Cases/Final Aug 2018 - PKS Automation/Registration Module/Workflow/Update Employer Information/PKRBO - UO (Reject) FAILED because (of) (Stack trace: com.kms.katalon.core.exception.StepFailedException: Unable to get text of object 'Object Repository/Final Object Repo/Page_Update Employer Information/Reference Number in Update Employee Information Page' (Root cause: org.openqa.selenium.StaleElementReferenceException: stale element reference: element is not attached to the page document
  (Session info: chrome=70.0.3538.110)
  (Driver info: chromedriver=2.43.600210 (68dcf5eebde37173d4027fa8635e332711d2874a),platform=Windows NT 6.1.7601 SP1 x86_64) (WARNING: The server did not provide any stacktrace information)
Command duration or timeout: 0 milliseconds
For documentation on this error, please visit: http://seleniumhq.org/exceptions/stale_element_reference.html
Build info: version: '3.7.1', revision: '8a0099a', time: '2017-11-06T21:07:36.161Z'
System info: host: 'WIN7TEST02', ip: '10.20.3.72', os.name: 'Windows 7', os.arch: 'amd64', os.version: '6.1', java.version: '1.8.0_181'
Driver info: com.kms.katalon.selenium.driver.CChromeDriver
Capabilities {acceptInsecureCerts: false, acceptSslCerts: false, applicationCacheEnabled: false, browserConnectionEnabled: false, browserName: chrome, chrome: {chromedriverVersion: 2.43.600210 (68dcf5eebde371..., userDataDir: C:\Users\Admin\AppData\Loca...}, cssSelectorsEnabled: true, databaseEnabled: false, goog:chromeOptions: {debuggerAddress: localhost:61001}, handlesAlerts: true, hasTouchScreen: false, javascriptEnabled: true, locationContextEnabled: true, mobileEmulationEnabled: false, nativeEvents: true, networkConnectionEnabled: false, pageLoadStrategy: normal, platform: XP, platformName: XP, rotatable: false, setWindowRect: true, takesHeapSnapshot: true, takesScreenshot: true, unexpectedAlertBehaviour: , unhandledPromptBehavior: , version: 70.0.3538.110, webStorageEnabled: true}
Session ID: e9e7f2c32f2af7c3f0f58ae056f9feb6)
	at com.kms.katalon.core.keyword.internal.KeywordMain.stepFailed(KeywordMain.groovy:32)
	at com.kms.katalon.core.webui.keyword.internal.WebUIKeywordMain.stepFailed(WebUIKeywordMain.groovy:65)
	at com.kms.katalon.core.webui.keyword.internal.WebUIKeywordMain.runKeyword(WebUIKeywordMain.groovy:27)
	at com.kms.katalon.core.webui.keyword.builtin.GetTextKeyword.getText(GetTextKeyword.groovy:88)
	at com.kms.katalon.core.webui.keyword.builtin.GetTextKeyword.execute(GetTextKeyword.groovy:67)
	at com.kms.katalon.core.keyword.internal.KeywordExecutor.executeKeywordForPlatform(KeywordExecutor.groovy:53)
	at com.kms.katalon.core.webui.keyword.WebUiBuiltInKeywords.getText(WebUiBuiltInKeywords.groovy:888)
	at com.kms.katalon.core.webui.keyword.WebUiBuiltInKeywords$getText$5.call(Unknown Source)
	at Script1536221108648.run(Script1536221108648.groovy:138)
	at com.kms.katalon.core.main.ScriptEngine.run(ScriptEngine.java:183)
	at com.kms.katalon.core.main.ScriptEngine.runScriptAsRawText(ScriptEngine.java:108)
	at com.kms.katalon.core.main.TestCaseExecutor.runScript(TestCaseExecutor.java:294)
	at com.kms.katalon.core.main.TestCaseExecutor.doExecute(TestCaseExecutor.java:285)
	at com.kms.katalon.core.main.TestCaseExecutor.processExecutionPhase(TestCaseExecutor.java:264)
	at com.kms.katalon.core.main.TestCaseExecutor.accessMainPhase(TestCaseExecutor.java:256)
	at com.kms.katalon.core.main.TestCaseExecutor.execute(TestCaseExecutor.java:200)
	at com.kms.katalon.core.main.TestCaseMain.runTestCase(TestCaseMain.java:99)
	at com.kms.katalon.core.keyword.builtin.CallTestCaseKeyword$_callTestCase_closure1.doCall(CallTestCaseKeyword.groovy:60)
	at com.kms.katalon.core.keyword.builtin.CallTestCaseKeyword$_callTestCase_closure1.call(CallTestCaseKeyword.groovy)
	at com.kms.katalon.core.keyword.internal.KeywordMain.runKeyword(KeywordMain.groovy:54)
	at com.kms.katalon.core.keyword.builtin.CallTestCaseKeyword.callTestCase(CallTestCaseKeyword.groovy:81)
	at com.kms.katalon.core.keyword.builtin.CallTestCaseKeyword.execute(CallTestCaseKeyword.groovy:45)
	at com.kms.katalon.core.keyword.internal.KeywordExecutor.executeKeywordForPlatform(KeywordExecutor.groovy:53)
	at com.kms.katalon.core.keyword.BuiltinKeywords.callTestCase(BuiltinKeywords.groovy:334)
	at sun.reflect.GeneratedMethodAccessor13.invoke(Unknown Source)
	at sun.reflect.DelegatingMethodAccessorImpl.invoke(DelegatingMethodAccessorImpl.java:43)
	at java.lang.reflect.Method.invoke(Method.java:498)
	at org.codehaus.groovy.reflection.CachedMethod.invoke(CachedMethod.java:93)
	at groovy.lang.MetaMethod.doMethodInvoke(MetaMethod.java:325)
	at groovy.lang.MetaClassImpl.invokeStaticMethod(MetaClassImpl.java:1469)
	at org.codehaus.groovy.runtime.callsite.StaticMetaClassSite.call(StaticMetaClassSite.java:53)
	at org.codehaus.groovy.runtime.callsite.CallSiteArray.defaultCall(CallSiteArray.java:48)
	at org.codehaus.groovy.runtime.callsite.AbstractCallSite.call(AbstractCallSite.java:113)
	at org.codehaus.groovy.runtime.callsite.AbstractCallSite.call(AbstractCallSite.java:141)
	at Script1536220620794.run(Script1536220620794.groovy:22)
	at com.kms.katalon.core.main.ScriptEngine.run(ScriptEngine.java:183)
	at com.kms.katalon.core.main.ScriptEngine.runScriptAsRawText(ScriptEngine.java:108)
	at com.kms.katalon.core.main.TestCaseExecutor.runScript(TestCaseExecutor.java:294)
	at com.kms.katalon.core.main.TestCaseExecutor.doExecute(TestCaseExecutor.java:285)
	at com.kms.katalon.core.main.TestCaseExecutor.processExecutionPhase(TestCaseExecutor.java:264)
	at com.kms.katalon.core.main.TestCaseExecutor.accessMainPhase(TestCaseExecutor.java:256)
	at com.kms.katalon.core.main.TestCaseExecutor.execute(TestCaseExecutor.java:200)
	at com.kms.katalon.core.main.TestSuiteExecutor.accessTestCaseMainPhase(TestSuiteExecutor.java:129)
	at com.kms.katalon.core.main.TestSuiteExecutor.accessTestSuiteMainPhase(TestSuiteExecutor.java:112)
	at com.kms.katalon.core.main.TestSuiteExecutor.execute(TestSuiteExecutor.java:81)
	at com.kms.katalon.core.main.TestCaseMain.startTestSuite(TestCaseMain.java:142)
	at com.kms.katalon.core.main.TestCaseMain$startTestSuite$0.call(Unknown Source)
	at org.codehaus.groovy.runtime.callsite.CallSiteArray.defaultCall(CallSiteArray.java:48)
	at org.codehaus.groovy.runtime.callsite.AbstractCallSite.call(AbstractCallSite.java:113)
	at org.codehaus.groovy.runtime.callsite.AbstractCallSite.call(AbstractCallSite.java:141)
	at TempTestSuite1544406462574.run(TempTestSuite1544406462574.groovy:36)
	at groovy.lang.GroovyShell.runScriptOrMainOrTestOrRunnable(GroovyShell.java:263)
	at groovy.lang.GroovyShell.run(GroovyShell.java:518)
	at groovy.lang.GroovyShell.run(GroovyShell.java:507)
	at groovy.ui.GroovyMain.processOnce(GroovyMain.java:653)
	at groovy.ui.GroovyMain.run(GroovyMain.java:384)
	at groovy.ui.GroovyMain.process(GroovyMain.java:370)
	at groovy.ui.GroovyMain.processArgs(GroovyMain.java:129)
	at groovy.ui.GroovyMain.main(GroovyMain.java:109)
	at sun.reflect.NativeMethodAccessorImpl.invoke0(Native Method)
	at sun.reflect.NativeMethodAccessorImpl.invoke(NativeMethodAccessorImpl.java:62)
	at sun.reflect.DelegatingMethodAccessorImpl.invoke(DelegatingMethodAccessorImpl.java:43)
	at java.lang.reflect.Method.invoke(Method.java:498)
	at org.codehaus.groovy.tools.GroovyStarter.rootLoader(GroovyStarter.java:109)
	at org.codehaus.groovy.tools.GroovyStarter.main(GroovyStarter.java:131)
)

2018-12-10 10:29:56 - [TEST_STEP][FAILED] - callTestCase: Unable to call Test Case with id 'Test Cases/Final Aug 2018 - PKS Automation/Registration Module/Workflow/Update Employer Information/Template/Update Employer Information - Special Case (PKRBO)' (Root cause: Call Test Case 'Test Cases/Final Aug 2018 - PKS Automation/Registration Module/Workflow/Update Employer Information/Template/Update Employer Information - Special Case (PKRBO)' failed)

2018-12-10 10:29:56 - [TEST_CASE][FAILED] - Test Cases/Final Aug 2018 - PKS Automation/Registration Module/Workflow/Update Employer Information/Template/Update Employer Information - Special Case (PKRBO): Test Cases/Final Aug 2018 - PKS Automation/Registration Module/Workflow/Update Employer Information/Template/Update Employer Information - Special Case (PKRBO) FAILED because (of) (Stack trace: com.kms.katalon.core.exception.StepFailedException: Unable to get text of object 'Object Repository/Final Object Repo/Page_Update Employer Information/Reference Number in Update Employee Information Page' (Root cause: org.openqa.selenium.StaleElementReferenceException: stale element reference: element is not attached to the page document
  (Session info: chrome=70.0.3538.110)
  (Driver info: chromedriver=2.43.600210 (68dcf5eebde37173d4027fa8635e332711d2874a),platform=Windows NT 6.1.7601 SP1 x86_64) (WARNING: The server did not provide any stacktrace information)
Command duration or timeout: 0 milliseconds
For documentation on this error, please visit: http://seleniumhq.org/exceptions/stale_element_reference.html
Build info: version: '3.7.1', revision: '8a0099a', time: '2017-11-06T21:07:36.161Z'
System info: host: 'WIN7TEST02', ip: '10.20.3.72', os.name: 'Windows 7', os.arch: 'amd64', os.version: '6.1', java.version: '1.8.0_181'
Driver info: com.kms.katalon.selenium.driver.CChromeDriver
Capabilities {acceptInsecureCerts: false, acceptSslCerts: false, applicationCacheEnabled: false, browserConnectionEnabled: false, browserName: chrome, chrome: {chromedriverVersion: 2.43.600210 (68dcf5eebde371..., userDataDir: C:\Users\Admin\AppData\Loca...}, cssSelectorsEnabled: true, databaseEnabled: false, goog:chromeOptions: {debuggerAddress: localhost:61001}, handlesAlerts: true, hasTouchScreen: false, javascriptEnabled: true, locationContextEnabled: true, mobileEmulationEnabled: false, nativeEvents: true, networkConnectionEnabled: false, pageLoadStrategy: normal, platform: XP, platformName: XP, rotatable: false, setWindowRect: true, takesHeapSnapshot: true, takesScreenshot: true, unexpectedAlertBehaviour: , unhandledPromptBehavior: , version: 70.0.3538.110, webStorageEnabled: true}
Session ID: e9e7f2c32f2af7c3f0f58ae056f9feb6)
	at com.kms.katalon.core.keyword.internal.KeywordMain.stepFailed(KeywordMain.groovy:32)
	at com.kms.katalon.core.webui.keyword.internal.WebUIKeywordMain.stepFailed(WebUIKeywordMain.groovy:65)
	at com.kms.katalon.core.webui.keyword.internal.WebUIKeywordMain.runKeyword(WebUIKeywordMain.groovy:27)
	at com.kms.katalon.core.webui.keyword.builtin.GetTextKeyword.getText(GetTextKeyword.groovy:88)
	at com.kms.katalon.core.webui.keyword.builtin.GetTextKeyword.execute(GetTextKeyword.groovy:67)
	at com.kms.katalon.core.keyword.internal.KeywordExecutor.executeKeywordForPlatform(KeywordExecutor.groovy:53)
	at com.kms.katalon.core.webui.keyword.WebUiBuiltInKeywords.getText(WebUiBuiltInKeywords.groovy:888)
	at com.kms.katalon.core.webui.keyword.WebUiBuiltInKeywords$getText$5.call(Unknown Source)
	at Script1536221108648.run(Script1536221108648.groovy:138)
	at com.kms.katalon.core.main.ScriptEngine.run(ScriptEngine.java:183)
	at com.kms.katalon.core.main.ScriptEngine.runScriptAsRawText(ScriptEngine.java:108)
	at com.kms.katalon.core.main.TestCaseExecutor.runScript(TestCaseExecutor.java:294)
	at com.kms.katalon.core.main.TestCaseExecutor.doExecute(TestCaseExecutor.java:285)
	at com.kms.katalon.core.main.TestCaseExecutor.processExecutionPhase(TestCaseExecutor.java:264)
	at com.kms.katalon.core.main.TestCaseExecutor.accessMainPhase(TestCaseExecutor.java:256)
	at com.kms.katalon.core.main.TestCaseExecutor.execute(TestCaseExecutor.java:200)
	at com.kms.katalon.core.main.TestCaseMain.runTestCase(TestCaseMain.java:99)
	at com.kms.katalon.core.keyword.builtin.CallTestCaseKeyword$_callTestCase_closure1.doCall(CallTestCaseKeyword.groovy:60)
	at com.kms.katalon.core.keyword.builtin.CallTestCaseKeyword$_callTestCase_closure1.call(CallTestCaseKeyword.groovy)
	at com.kms.katalon.core.keyword.internal.KeywordMain.runKeyword(KeywordMain.groovy:54)
	at com.kms.katalon.core.keyword.builtin.CallTestCaseKeyword.callTestCase(CallTestCaseKeyword.groovy:81)
	at com.kms.katalon.core.keyword.builtin.CallTestCaseKeyword.execute(CallTestCaseKeyword.groovy:45)
	at com.kms.katalon.core.keyword.internal.KeywordExecutor.executeKeywordForPlatform(KeywordExecutor.groovy:53)
	at com.kms.katalon.core.keyword.BuiltinKeywords.callTestCase(BuiltinKeywords.groovy:334)
	at sun.reflect.GeneratedMethodAccessor13.invoke(Unknown Source)
	at sun.reflect.DelegatingMethodAccessorImpl.invoke(DelegatingMethodAccessorImpl.java:43)
	at java.lang.reflect.Method.invoke(Method.java:498)
	at org.codehaus.groovy.reflection.CachedMethod.invoke(CachedMethod.java:93)
	at groovy.lang.MetaMethod.doMethodInvoke(MetaMethod.java:325)
	at groovy.lang.MetaClassImpl.invokeStaticMethod(MetaClassImpl.java:1469)
	at org.codehaus.groovy.runtime.callsite.StaticMetaClassSite.call(StaticMetaClassSite.java:53)
	at org.codehaus.groovy.runtime.callsite.CallSiteArray.defaultCall(CallSiteArray.java:48)
	at org.codehaus.groovy.runtime.callsite.AbstractCallSite.call(AbstractCallSite.java:113)
	at org.codehaus.groovy.runtime.callsite.AbstractCallSite.call(AbstractCallSite.java:141)
	at Script1536220620794.run(Script1536220620794.groovy:22)
	at com.kms.katalon.core.main.ScriptEngine.run(ScriptEngine.java:183)
	at com.kms.katalon.core.main.ScriptEngine.runScriptAsRawText(ScriptEngine.java:108)
	at com.kms.katalon.core.main.TestCaseExecutor.runScript(TestCaseExecutor.java:294)
	at com.kms.katalon.core.main.TestCaseExecutor.doExecute(TestCaseExecutor.java:285)
	at com.kms.katalon.core.main.TestCaseExecutor.processExecutionPhase(TestCaseExecutor.java:264)
	at com.kms.katalon.core.main.TestCaseExecutor.accessMainPhase(TestCaseExecutor.java:256)
	at com.kms.katalon.core.main.TestCaseExecutor.execute(TestCaseExecutor.java:200)
	at com.kms.katalon.core.main.TestSuiteExecutor.accessTestCaseMainPhase(TestSuiteExecutor.java:129)
	at com.kms.katalon.core.main.TestSuiteExecutor.accessTestSuiteMainPhase(TestSuiteExecutor.java:112)
	at com.kms.katalon.core.main.TestSuiteExecutor.execute(TestSuiteExecutor.java:81)
	at com.kms.katalon.core.main.TestCaseMain.startTestSuite(TestCaseMain.java:142)
	at com.kms.katalon.core.main.TestCaseMain$startTestSuite$0.call(Unknown Source)
	at org.codehaus.groovy.runtime.callsite.CallSiteArray.defaultCall(CallSiteArray.java:48)
	at org.codehaus.groovy.runtime.callsite.AbstractCallSite.call(AbstractCallSite.java:113)
	at org.codehaus.groovy.runtime.callsite.AbstractCallSite.call(AbstractCallSite.java:141)
	at TempTestSuite1544406462574.run(TempTestSuite1544406462574.groovy:36)
	at groovy.lang.GroovyShell.runScriptOrMainOrTestOrRunnable(GroovyShell.java:263)
	at groovy.lang.GroovyShell.run(GroovyShell.java:518)
	at groovy.lang.GroovyShell.run(GroovyShell.java:507)
	at groovy.ui.GroovyMain.processOnce(GroovyMain.java:653)
	at groovy.ui.GroovyMain.run(GroovyMain.java:384)
	at groovy.ui.GroovyMain.process(GroovyMain.java:370)
	at groovy.ui.GroovyMain.processArgs(GroovyMain.java:129)
	at groovy.ui.GroovyMain.main(GroovyMain.java:109)
	at sun.reflect.NativeMethodAccessorImpl.invoke0(Native Method)
	at sun.reflect.NativeMethodAccessorImpl.invoke(NativeMethodAccessorImpl.java:62)
	at sun.reflect.DelegatingMethodAccessorImpl.invoke(DelegatingMethodAccessorImpl.java:43)
	at java.lang.reflect.Method.invoke(Method.java:498)
	at org.codehaus.groovy.tools.GroovyStarter.rootLoader(GroovyStarter.java:109)
	at org.codehaus.groovy.tools.GroovyStarter.main(GroovyStarter.java:131)
)

2018-12-10 10:29:56 - [TEST_STEP][PASSED] - openBrowser: Browser is opened with url: ''

2018-12-10 10:29:56 - [MESSAGE][WARNING] - A browser is already opened. Closing browser and opening a new one

2018-12-10 10:29:59 - [MESSAGE][PASSED] - Browser is opened with url: ''

2018-12-10 10:29:59 - [TEST_STEP][PASSED] - navigateToUrl: Navigate to 'https://assist2-uat.perkeso.gov.my/login' successfully

2018-12-10 10:30:00 - [MESSAGE][PASSED] - Navigate to 'https://assist2-uat.perkeso.gov.my/login' successfully

2018-12-10 10:30:00 - [TEST_STEP][PASSED] - setText: Text 'johorpkrbo1@gmail.com' is set on object 'Object Repository/Final Object Repo/Login Page/Internal User/Email Address'

2018-12-10 10:30:00 - [MESSAGE][PASSED] - Text 'johorpkrbo1@gmail.com' is set on object 'Object Repository/Final Object Repo/Login Page/Internal User/Email Address'

2018-12-10 10:30:00 - [TEST_STEP][PASSED] - click: Object: 'Object Repository/Final Object Repo/Login Page/Internal User/Next Button' is clicked on

2018-12-10 10:30:01 - [MESSAGE][PASSED] - Object: 'Object Repository/Final Object Repo/Login Page/Internal User/Next Button' is clicked on

2018-12-10 10:30:01 - [TEST_STEP][PASSED] - delay: Delayed 1 second(s)

2018-12-10 10:30:02 - [MESSAGE][PASSED] - Delayed 1 second(s)

2018-12-10 10:30:02 - [TEST_STEP][PASSED] - setEncryptedText: Text ****** has been set on object 'Object Repository/Final Object Repo/Login Page/Internal User/Password'

2018-12-10 10:30:02 - [MESSAGE][PASSED] - Text ****** has been set on object 'Object Repository/Final Object Repo/Login Page/Internal User/Password'

2018-12-10 10:30:02 - [TEST_STEP][PASSED] - click: Object: 'Object Repository/Final Object Repo/Login Page/Internal User/Login Button' is clicked on

2018-12-10 10:30:02 - [MESSAGE][PASSED] - Object: 'Object Repository/Final Object Repo/Login Page/Internal User/Login Button' is clicked on

2018-12-10 10:30:02 - [TEST_STEP][PASSED] - Statement - tester = com.kms.katalon.core.testobject.ObjectRepository.findTestObject(Final Object Repo/Landing Page/Select to English): Finding Test Object with id 'Object Repository/Final Object Repo/Landing Page/Select to English'

2018-12-10 10:30:02 - [TEST_STEP][PASSED] - Statement - Try: Delayed 2 second(s)

2018-12-10 10:30:02 - [TEST_STEP][PASSED] - Statement - Checker = com.kms.katalon.core.webui.keyword.WebUiBuiltInKeywords.verifyElementNotPresent(tester, 3): Web element with id: 'Object Repository/Final Object Repo/Landing Page/Select to English' located by 'By.xpath: //a[@class = 'taglib-language-list-text' and @lang = 'en-US' and (contains(text(), 'EN') or contains(., 'EN'))]' is not present after '3' second(s)

2018-12-10 10:30:04 - [MESSAGE][PASSED] - Web element with id: 'Object Repository/Final Object Repo/Landing Page/Select to English' located by 'By.xpath: //a[@class = 'taglib-language-list-text' and @lang = 'en-US' and (contains(text(), 'EN') or contains(., 'EN'))]' is not present after '3' second(s)

2018-12-10 10:30:04 - [TEST_STEP][PASSED] - Statement - If (Checker == false): null

2018-12-10 10:30:04 - [TEST_STEP][PASSED] - delay: Delayed 2 second(s)

2018-12-10 10:30:06 - [MESSAGE][PASSED] - Delayed 2 second(s)

2018-12-10 10:30:06 - [TEST_STEP][PASSED] - delay: Delayed 5 second(s)

2018-12-10 10:30:11 - [MESSAGE][PASSED] - Delayed 5 second(s)

2018-12-10 10:30:11 - [TEST_STEP][PASSED] - navigateToUrl: Navigate to 'https://assist2-uat.perkeso.gov.my/web/registration/update/update-employer-information' successfully

2018-12-10 10:30:12 - [MESSAGE][PASSED] - Navigate to 'https://assist2-uat.perkeso.gov.my/web/registration/update/update-employer-information' successfully

2018-12-10 10:30:12 - [TEST_STEP][PASSED] - setText: Text 'E1102001065V ' is set on object 'Object Repository/Final Object Repo/Page_Update Employer Information/Employer Code'

2018-12-10 10:30:12 - [MESSAGE][PASSED] - Text 'E1102001065V ' is set on object 'Object Repository/Final Object Repo/Page_Update Employer Information/Employer Code'

2018-12-10 10:30:12 - [TEST_STEP][PASSED] - click: Object: 'Object Repository/Final Object Repo/Page_Update Employer Information/Search Button' is clicked on

2018-12-10 10:30:12 - [MESSAGE][PASSED] - Object: 'Object Repository/Final Object Repo/Page_Update Employer Information/Search Button' is clicked on

2018-12-10 10:30:12 - [TEST_STEP][PASSED] - click: Object: 'Object Repository/Final Object Repo/Page_Update Employer Information/Edit Button' is clicked on

2018-12-10 10:30:16 - [MESSAGE][PASSED] - Object: 'Object Repository/Final Object Repo/Page_Update Employer Information/Edit Button' is clicked on

2018-12-10 10:30:16 - [TEST_STEP][PASSED] - click: Object: 'Object Repository/Final Object Repo/Page_Update Employer Information/Business Entity' is clicked on

2018-12-10 10:30:16 - [MESSAGE][PASSED] - Object: 'Object Repository/Final Object Repo/Page_Update Employer Information/Business Entity' is clicked on

2018-12-10 10:30:16 - [TEST_STEP][PASSED] - Statement - CurrentBusinessEntity = "": null

2018-12-10 10:30:16 - [TEST_STEP][PASSED] - Statement - CurrentBusinessEntity = com.kms.katalon.core.webui.keyword.WebUiBuiltInKeywords.getText(com.kms.katalon.core.testobject.ObjectRepository.findTestObject(Final Object Repo/Page_Update Employer Information/Current Business Entity)): Text of object 'Object Repository/Final Object Repo/Page_Update Employer Information/Current Business Entity' is: 'Others'

2018-12-10 10:30:16 - [MESSAGE][PASSED] - Text of object 'Object Repository/Final Object Repo/Page_Update Employer Information/Current Business Entity' is: 'Others'

2018-12-10 10:30:16 - [TEST_STEP][PASSED] - Statement - out.println(CurrentBusinessEntity): null

2018-12-10 10:30:16 - [TEST_STEP][PASSED] - Statement - If (CurrentBusinessEntity == "Corporation"): null

2018-12-10 10:30:16 - [TEST_STEP][PASSED] - Statement - Else If (CurrentBusinessEntity == "Partnership"): null

2018-12-10 10:30:16 - [TEST_STEP][PASSED] - Statement - Else If (CurrentBusinessEntity == "Sole Proprietor / Individual Business"): null

2018-12-10 10:30:16 - [TEST_STEP][PASSED] - Statement - Else If (CurrentBusinessEntity == "Others"): Delayed 3 second(s)

2018-12-10 10:30:16 - [TEST_STEP][PASSED] - Statement - obj = com.kms.katalon.core.webui.keyword.WebUiBuiltInKeywords.modifyObjectProperty(com.kms.katalon.core.testobject.ObjectRepository.findTestObject(Final Object Repo/Page_Update Employer Information/change to this Business Entity), "xpath", "equals", "//ul/li/span[contains(text(),"Partnership")]", true, STOP_ON_FAILURE): Modify property of object successfully

2018-12-10 10:30:16 - [MESSAGE][PASSED] - Modify property of object successfully

2018-12-10 10:30:16 - [TEST_STEP][PASSED] - click: Object: 'Object Repository/Final Object Repo/Page_Update Employer Information/change to this Business Entity' is clicked on

2018-12-10 10:30:16 - [MESSAGE][PASSED] - Object: 'Object Repository/Final Object Repo/Page_Update Employer Information/change to this Business Entity' is clicked on

2018-12-10 10:30:16 - [TEST_STEP][PASSED] - delay: Delayed 1 second(s)

2018-12-10 10:30:17 - [MESSAGE][PASSED] - Delayed 1 second(s)

2018-12-10 10:30:17 - [TEST_STEP][PASSED] - click: Object: 'Object Repository/Final Object Repo/Page_Update Employer Information/Sub Business Entity' is clicked on

2018-12-10 10:30:18 - [MESSAGE][PASSED] - Object: 'Object Repository/Final Object Repo/Page_Update Employer Information/Sub Business Entity' is clicked on

2018-12-10 10:30:18 - [TEST_STEP][PASSED] - click: Object: 'Object Repository/Final Object Repo/Page_Update Employer Information/Sub Business Entity - Partnership - Registered With other Agencies' is clicked on

2018-12-10 10:30:18 - [MESSAGE][PASSED] - Object: 'Object Repository/Final Object Repo/Page_Update Employer Information/Sub Business Entity - Partnership - Registered With other Agencies' is clicked on

2018-12-10 10:30:18 - [TEST_STEP][PASSED] - delay: Delayed 3 second(s)

2018-12-10 10:30:21 - [MESSAGE][PASSED] - Delayed 3 second(s)

2018-12-10 10:30:21 - [TEST_STEP][PASSED] - delay: Delayed 4 second(s)

2018-12-10 10:30:25 - [MESSAGE][PASSED] - Delayed 4 second(s)

2018-12-10 10:30:25 - [TEST_STEP][PASSED] - click: Object: 'Object Repository/Final Object Repo/Page_Update Employer Information/Save  Continue' is clicked on

2018-12-10 10:30:25 - [MESSAGE][PASSED] - Object: 'Object Repository/Final Object Repo/Page_Update Employer Information/Save  Continue' is clicked on

2018-12-10 10:30:25 - [TEST_STEP][PASSED] - delay: Delayed 4 second(s)

2018-12-10 10:30:29 - [MESSAGE][PASSED] - Delayed 4 second(s)

2018-12-10 10:30:29 - [TEST_STEP][PASSED] - click: Object: 'Object Repository/Final Object Repo/Page_Update Employer Information/Save  Continue (1)' is clicked on

2018-12-10 10:30:29 - [MESSAGE][PASSED] - Object: 'Object Repository/Final Object Repo/Page_Update Employer Information/Save  Continue (1)' is clicked on

2018-12-10 10:30:29 - [TEST_STEP][FAILED] - Statement - CaseReferenceNo = com.kms.katalon.core.webui.keyword.WebUiBuiltInKeywords.getText(com.kms.katalon.core.testobject.ObjectRepository.findTestObject(Final Object Repo/Page_Update Employer Information/Reference Number in Update Employee Information Page)): Unable to get text of object 'Object Repository/Final Object Repo/Page_Update Employer Information/Reference Number in Update Employee Information Page' (Root cause: org.openqa.selenium.StaleElementReferenceException: stale element reference: element is not attached to the page document
  (Session info: chrome=70.0.3538.110)
  (Driver info: chromedriver=2.43.600210 (68dcf5eebde37173d4027fa8635e332711d2874a),platform=Windows NT 6.1.7601 SP1 x86_64) (WARNING: The server did not provide any stacktrace information)
Command duration or timeout: 0 milliseconds
For documentation on this error, please visit: http://seleniumhq.org/exceptions/stale_element_reference.html
Build info: version: '3.7.1', revision: '8a0099a', time: '2017-11-06T21:07:36.161Z'
System info: host: 'WIN7TEST02', ip: '10.20.3.72', os.name: 'Windows 7', os.arch: 'amd64', os.version: '6.1', java.version: '1.8.0_181'
Driver info: com.kms.katalon.selenium.driver.CChromeDriver
Capabilities {acceptInsecureCerts: false, acceptSslCerts: false, applicationCacheEnabled: false, browserConnectionEnabled: false, browserName: chrome, chrome: {chromedriverVersion: 2.43.600210 (68dcf5eebde371..., userDataDir: C:\Users\Admin\AppData\Loca...}, cssSelectorsEnabled: true, databaseEnabled: false, goog:chromeOptions: {debuggerAddress: localhost:61001}, handlesAlerts: true, hasTouchScreen: false, javascriptEnabled: true, locationContextEnabled: true, mobileEmulationEnabled: false, nativeEvents: true, networkConnectionEnabled: false, pageLoadStrategy: normal, platform: XP, platformName: XP, rotatable: false, setWindowRect: true, takesHeapSnapshot: true, takesScreenshot: true, unexpectedAlertBehaviour: , unhandledPromptBehavior: , version: 70.0.3538.110, webStorageEnabled: true}
Session ID: e9e7f2c32f2af7c3f0f58ae056f9feb6)

2018-12-10 10:30:34 - [MESSAGE][FAILED] - Unable to get text of object 'Object Repository/Final Object Repo/Page_Update Employer Information/Reference Number in Update Employee Information Page' (Root cause: org.openqa.selenium.StaleElementReferenceException: stale element reference: element is not attached to the page document
  (Session info: chrome=70.0.3538.110)
  (Driver info: chromedriver=2.43.600210 (68dcf5eebde37173d4027fa8635e332711d2874a),platform=Windows NT 6.1.7601 SP1 x86_64) (WARNING: The server did not provide any stacktrace information)
Command duration or timeout: 0 milliseconds
For documentation on this error, please visit: http://seleniumhq.org/exceptions/stale_element_reference.html
Build info: version: '3.7.1', revision: '8a0099a', time: '2017-11-06T21:07:36.161Z'
System info: host: 'WIN7TEST02', ip: '10.20.3.72', os.name: 'Windows 7', os.arch: 'amd64', os.version: '6.1', java.version: '1.8.0_181'
Driver info: com.kms.katalon.selenium.driver.CChromeDriver
Capabilities {acceptInsecureCerts: false, acceptSslCerts: false, applicationCacheEnabled: false, browserConnectionEnabled: false, browserName: chrome, chrome: {chromedriverVersion: 2.43.600210 (68dcf5eebde371..., userDataDir: C:\Users\Admin\AppData\Loca...}, cssSelectorsEnabled: true, databaseEnabled: false, goog:chromeOptions: {debuggerAddress: localhost:61001}, handlesAlerts: true, hasTouchScreen: false, javascriptEnabled: true, locationContextEnabled: true, mobileEmulationEnabled: false, nativeEvents: true, networkConnectionEnabled: false, pageLoadStrategy: normal, platform: XP, platformName: XP, rotatable: false, setWindowRect: true, takesHeapSnapshot: true, takesScreenshot: true, unexpectedAlertBehaviour: , unhandledPromptBehavior: , version: 70.0.3538.110, webStorageEnabled: true}
Session ID: e9e7f2c32f2af7c3f0f58ae056f9feb6)
[[ATTACHMENT|C:\\Users\\Admin\\Desktop\\PKS\\Perkeso Phase A\\Reports\\Workflow\\Update Employer Information\\20181210_094742\\1544409033661.png]]

2018-12-10 10:30:34 - [TEST_STEP][FAILED] - callTestCase: Unable to call Test Case with id 'Test Cases/Final Aug 2018 - PKS Automation/Common/Reference Number Setter' (Root cause: Call Test Case 'Test Cases/Final Aug 2018 - PKS Automation/Common/Reference Number Setter' failed because of error(s))

2018-12-10 10:30:34 - [TEST_CASE][ERROR] - Test Cases/Final Aug 2018 - PKS Automation/Common/Reference Number Setter: Test Cases/Final Aug 2018 - PKS Automation/Common/Reference Number Setter FAILED because (of) (Stack trace: java.lang.NullPointerException
	at org.codehaus.groovy.runtime.IOGroovyMethods.write(IOGroovyMethods.java:191)
	at org.codehaus.groovy.runtime.dgm$883.invoke(Unknown Source)
	at org.codehaus.groovy.runtime.callsite.PojoMetaMethodSite$PojoMetaMethodSiteNoUnwrapNoCoerce.invoke(PojoMetaMethodSite.java:274)
	at org.codehaus.groovy.runtime.callsite.PojoMetaMethodSite.call(PojoMetaMethodSite.java:56)
	at org.codehaus.groovy.runtime.callsite.CallSiteArray.defaultCall(CallSiteArray.java:48)
	at java_io_Writer$write.call(Unknown Source)
	at Script1535425327199.run(Script1535425327199.groovy:34)
	at com.kms.katalon.core.main.ScriptEngine.run(ScriptEngine.java:183)
	at com.kms.katalon.core.main.ScriptEngine.runScriptAsRawText(ScriptEngine.java:108)
	at com.kms.katalon.core.main.TestCaseExecutor.runScript(TestCaseExecutor.java:294)
	at com.kms.katalon.core.main.TestCaseExecutor.doExecute(TestCaseExecutor.java:285)
	at com.kms.katalon.core.main.TestCaseExecutor.processExecutionPhase(TestCaseExecutor.java:264)
	at com.kms.katalon.core.main.TestCaseExecutor.accessMainPhase(TestCaseExecutor.java:256)
	at com.kms.katalon.core.main.TestCaseExecutor.execute(TestCaseExecutor.java:200)
	at com.kms.katalon.core.main.TestCaseMain.runTestCase(TestCaseMain.java:99)
	at com.kms.katalon.core.keyword.builtin.CallTestCaseKeyword$_callTestCase_closure1.doCall(CallTestCaseKeyword.groovy:60)
	at com.kms.katalon.core.keyword.builtin.CallTestCaseKeyword$_callTestCase_closure1.call(CallTestCaseKeyword.groovy)
	at com.kms.katalon.core.keyword.internal.KeywordMain.runKeyword(KeywordMain.groovy:54)
	at com.kms.katalon.core.keyword.builtin.CallTestCaseKeyword.callTestCase(CallTestCaseKeyword.groovy:81)
	at com.kms.katalon.core.keyword.builtin.CallTestCaseKeyword.execute(CallTestCaseKeyword.groovy:45)
	at com.kms.katalon.core.keyword.internal.KeywordExecutor.executeKeywordForPlatform(KeywordExecutor.groovy:53)
	at com.kms.katalon.core.keyword.BuiltinKeywords.callTestCase(BuiltinKeywords.groovy:334)
	at sun.reflect.GeneratedMethodAccessor13.invoke(Unknown Source)
	at sun.reflect.DelegatingMethodAccessorImpl.invoke(DelegatingMethodAccessorImpl.java:43)
	at java.lang.reflect.Method.invoke(Method.java:498)
	at org.codehaus.groovy.reflection.CachedMethod.invoke(CachedMethod.java:93)
	at groovy.lang.MetaMethod.doMethodInvoke(MetaMethod.java:325)
	at groovy.lang.MetaClassImpl.invokeStaticMethod(MetaClassImpl.java:1469)
	at org.codehaus.groovy.runtime.callsite.StaticMetaClassSite.call(StaticMetaClassSite.java:53)
	at org.codehaus.groovy.runtime.callsite.AbstractCallSite.call(AbstractCallSite.java:141)
	at Script1536221108648.run(Script1536221108648.groovy:140)
	at com.kms.katalon.core.main.ScriptEngine.run(ScriptEngine.java:183)
	at com.kms.katalon.core.main.ScriptEngine.runScriptAsRawText(ScriptEngine.java:108)
	at com.kms.katalon.core.main.TestCaseExecutor.runScript(TestCaseExecutor.java:294)
	at com.kms.katalon.core.main.TestCaseExecutor.doExecute(TestCaseExecutor.java:285)
	at com.kms.katalon.core.main.TestCaseExecutor.processExecutionPhase(TestCaseExecutor.java:264)
	at com.kms.katalon.core.main.TestCaseExecutor.accessMainPhase(TestCaseExecutor.java:256)
	at com.kms.katalon.core.main.TestCaseExecutor.execute(TestCaseExecutor.java:200)
	at com.kms.katalon.core.main.TestCaseMain.runTestCase(TestCaseMain.java:99)
	at com.kms.katalon.core.keyword.builtin.CallTestCaseKeyword$_callTestCase_closure1.doCall(CallTestCaseKeyword.groovy:60)
	at com.kms.katalon.core.keyword.builtin.CallTestCaseKeyword$_callTestCase_closure1.call(CallTestCaseKeyword.groovy)
	at com.kms.katalon.core.keyword.internal.KeywordMain.runKeyword(KeywordMain.groovy:54)
	at com.kms.katalon.core.keyword.builtin.CallTestCaseKeyword.callTestCase(CallTestCaseKeyword.groovy:81)
	at com.kms.katalon.core.keyword.builtin.CallTestCaseKeyword.execute(CallTestCaseKeyword.groovy:45)
	at com.kms.katalon.core.keyword.internal.KeywordExecutor.executeKeywordForPlatform(KeywordExecutor.groovy:53)
	at com.kms.katalon.core.keyword.BuiltinKeywords.callTestCase(BuiltinKeywords.groovy:334)
	at sun.reflect.GeneratedMethodAccessor13.invoke(Unknown Source)
	at sun.reflect.DelegatingMethodAccessorImpl.invoke(DelegatingMethodAccessorImpl.java:43)
	at java.lang.reflect.Method.invoke(Method.java:498)
	at org.codehaus.groovy.reflection.CachedMethod.invoke(CachedMethod.java:93)
	at groovy.lang.MetaMethod.doMethodInvoke(MetaMethod.java:325)
	at groovy.lang.MetaClassImpl.invokeStaticMethod(MetaClassImpl.java:1469)
	at org.codehaus.groovy.runtime.callsite.StaticMetaClassSite.call(StaticMetaClassSite.java:53)
	at org.codehaus.groovy.runtime.callsite.CallSiteArray.defaultCall(CallSiteArray.java:48)
	at org.codehaus.groovy.runtime.callsite.AbstractCallSite.call(AbstractCallSite.java:113)
	at org.codehaus.groovy.runtime.callsite.AbstractCallSite.call(AbstractCallSite.java:141)
	at Script1536220620794.run(Script1536220620794.groovy:22)
	at com.kms.katalon.core.main.ScriptEngine.run(ScriptEngine.java:183)
	at com.kms.katalon.core.main.ScriptEngine.runScriptAsRawText(ScriptEngine.java:108)
	at com.kms.katalon.core.main.TestCaseExecutor.runScript(TestCaseExecutor.java:294)
	at com.kms.katalon.core.main.TestCaseExecutor.doExecute(TestCaseExecutor.java:285)
	at com.kms.katalon.core.main.TestCaseExecutor.processExecutionPhase(TestCaseExecutor.java:264)
	at com.kms.katalon.core.main.TestCaseExecutor.accessMainPhase(TestCaseExecutor.java:256)
	at com.kms.katalon.core.main.TestCaseExecutor.execute(TestCaseExecutor.java:200)
	at com.kms.katalon.core.main.TestSuiteExecutor.accessTestCaseMainPhase(TestSuiteExecutor.java:129)
	at com.kms.katalon.core.main.TestSuiteExecutor.accessTestSuiteMainPhase(TestSuiteExecutor.java:112)
	at com.kms.katalon.core.main.TestSuiteExecutor.execute(TestSuiteExecutor.java:81)
	at com.kms.katalon.core.main.TestCaseMain.startTestSuite(TestCaseMain.java:142)
	at com.kms.katalon.core.main.TestCaseMain$startTestSuite$0.call(Unknown Source)
	at org.codehaus.groovy.runtime.callsite.CallSiteArray.defaultCall(CallSiteArray.java:48)
	at org.codehaus.groovy.runtime.callsite.AbstractCallSite.call(AbstractCallSite.java:113)
	at org.codehaus.groovy.runtime.callsite.AbstractCallSite.call(AbstractCallSite.java:141)
	at TempTestSuite1544406462574.run(TempTestSuite1544406462574.groovy:36)
	at groovy.lang.GroovyShell.runScriptOrMainOrTestOrRunnable(GroovyShell.java:263)
	at groovy.lang.GroovyShell.run(GroovyShell.java:518)
	at groovy.lang.GroovyShell.run(GroovyShell.java:507)
	at groovy.ui.GroovyMain.processOnce(GroovyMain.java:653)
	at groovy.ui.GroovyMain.run(GroovyMain.java:384)
	at groovy.ui.GroovyMain.process(GroovyMain.java:370)
	at groovy.ui.GroovyMain.processArgs(GroovyMain.java:129)
	at groovy.ui.GroovyMain.main(GroovyMain.java:109)
	at sun.reflect.NativeMethodAccessorImpl.invoke0(Native Method)
	at sun.reflect.NativeMethodAccessorImpl.invoke(NativeMethodAccessorImpl.java:62)
	at sun.reflect.DelegatingMethodAccessorImpl.invoke(DelegatingMethodAccessorImpl.java:43)
	at java.lang.reflect.Method.invoke(Method.java:498)
	at org.codehaus.groovy.tools.GroovyStarter.rootLoader(GroovyStarter.java:109)
	at org.codehaus.groovy.tools.GroovyStarter.main(GroovyStarter.java:131)
)

2018-12-10 10:30:34 - [TEST_STEP][PASSED] - Statement - RefNoOldFile = new java.io.File(C://Users//Admin//Desktop//PKS//Automation Reference Point//KatalonReference.txt): null

2018-12-10 10:30:34 - [TEST_STEP][PASSED] - Statement - RefNoOldFile.delete(): null

2018-12-10 10:30:34 - [TEST_STEP][PASSED] - delay: Delayed 5 second(s)

2018-12-10 10:30:39 - [MESSAGE][PASSED] - Delayed 5 second(s)

2018-12-10 10:30:39 - [TEST_STEP][PASSED] - Statement - RefNo = new java.io.File(C://Users//Admin//Desktop//PKS//Automation Reference Point//KatalonReference.txt): null

2018-12-10 10:30:39 - [TEST_STEP][PASSED] - Statement - f2 = new java.io.FileWriter(RefNo, false): null

2018-12-10 10:30:39 - [TEST_STEP][PASSED] - Statement - f2.write(CaseReferenceNo): null

2018-12-10 10:30:39 - [MESSAGE][FAILED] - Unable to call Test Case with id 'Test Cases/Final Aug 2018 - PKS Automation/Common/Reference Number Setter' (Root cause: Call Test Case 'Test Cases/Final Aug 2018 - PKS Automation/Common/Reference Number Setter' failed because of error(s))

2018-12-10 10:30:39 - [MESSAGE][FAILED] - Unable to call Test Case with id 'Test Cases/Final Aug 2018 - PKS Automation/Registration Module/Workflow/Update Employer Information/Template/Update Employer Information - Special Case (PKRBO)' (Root cause: Call Test Case 'Test Cases/Final Aug 2018 - PKS Automation/Registration Module/Workflow/Update Employer Information/Template/Update Employer Information - Special Case (PKRBO)' failed)]]></system-out>
         <system-err><![CDATA[2018-12-10 10:29:56 - [TEST_CASE][FAILED] - Test Cases/Final Aug 2018 - PKS Automation/Registration Module/Workflow/Update Employer Information/PKRBO - UO (Reject): Test Cases/Final Aug 2018 - PKS Automation/Registration Module/Workflow/Update Employer Information/PKRBO - UO (Reject) FAILED because (of) (Stack trace: com.kms.katalon.core.exception.StepFailedException: Unable to get text of object 'Object Repository/Final Object Repo/Page_Update Employer Information/Reference Number in Update Employee Information Page' (Root cause: org.openqa.selenium.StaleElementReferenceException: stale element reference: element is not attached to the page document
  (Session info: chrome=70.0.3538.110)
  (Driver info: chromedriver=2.43.600210 (68dcf5eebde37173d4027fa8635e332711d2874a),platform=Windows NT 6.1.7601 SP1 x86_64) (WARNING: The server did not provide any stacktrace information)
Command duration or timeout: 0 milliseconds
For documentation on this error, please visit: http://seleniumhq.org/exceptions/stale_element_reference.html
Build info: version: '3.7.1', revision: '8a0099a', time: '2017-11-06T21:07:36.161Z'
System info: host: 'WIN7TEST02', ip: '10.20.3.72', os.name: 'Windows 7', os.arch: 'amd64', os.version: '6.1', java.version: '1.8.0_181'
Driver info: com.kms.katalon.selenium.driver.CChromeDriver
Capabilities {acceptInsecureCerts: false, acceptSslCerts: false, applicationCacheEnabled: false, browserConnectionEnabled: false, browserName: chrome, chrome: {chromedriverVersion: 2.43.600210 (68dcf5eebde371..., userDataDir: C:\Users\Admin\AppData\Loca...}, cssSelectorsEnabled: true, databaseEnabled: false, goog:chromeOptions: {debuggerAddress: localhost:61001}, handlesAlerts: true, hasTouchScreen: false, javascriptEnabled: true, locationContextEnabled: true, mobileEmulationEnabled: false, nativeEvents: true, networkConnectionEnabled: false, pageLoadStrategy: normal, platform: XP, platformName: XP, rotatable: false, setWindowRect: true, takesHeapSnapshot: true, takesScreenshot: true, unexpectedAlertBehaviour: , unhandledPromptBehavior: , version: 70.0.3538.110, webStorageEnabled: true}
Session ID: e9e7f2c32f2af7c3f0f58ae056f9feb6)
	at com.kms.katalon.core.keyword.internal.KeywordMain.stepFailed(KeywordMain.groovy:32)
	at com.kms.katalon.core.webui.keyword.internal.WebUIKeywordMain.stepFailed(WebUIKeywordMain.groovy:65)
	at com.kms.katalon.core.webui.keyword.internal.WebUIKeywordMain.runKeyword(WebUIKeywordMain.groovy:27)
	at com.kms.katalon.core.webui.keyword.builtin.GetTextKeyword.getText(GetTextKeyword.groovy:88)
	at com.kms.katalon.core.webui.keyword.builtin.GetTextKeyword.execute(GetTextKeyword.groovy:67)
	at com.kms.katalon.core.keyword.internal.KeywordExecutor.executeKeywordForPlatform(KeywordExecutor.groovy:53)
	at com.kms.katalon.core.webui.keyword.WebUiBuiltInKeywords.getText(WebUiBuiltInKeywords.groovy:888)
	at com.kms.katalon.core.webui.keyword.WebUiBuiltInKeywords$getText$5.call(Unknown Source)
	at Script1536221108648.run(Script1536221108648.groovy:138)
	at com.kms.katalon.core.main.ScriptEngine.run(ScriptEngine.java:183)
	at com.kms.katalon.core.main.ScriptEngine.runScriptAsRawText(ScriptEngine.java:108)
	at com.kms.katalon.core.main.TestCaseExecutor.runScript(TestCaseExecutor.java:294)
	at com.kms.katalon.core.main.TestCaseExecutor.doExecute(TestCaseExecutor.java:285)
	at com.kms.katalon.core.main.TestCaseExecutor.processExecutionPhase(TestCaseExecutor.java:264)
	at com.kms.katalon.core.main.TestCaseExecutor.accessMainPhase(TestCaseExecutor.java:256)
	at com.kms.katalon.core.main.TestCaseExecutor.execute(TestCaseExecutor.java:200)
	at com.kms.katalon.core.main.TestCaseMain.runTestCase(TestCaseMain.java:99)
	at com.kms.katalon.core.keyword.builtin.CallTestCaseKeyword$_callTestCase_closure1.doCall(CallTestCaseKeyword.groovy:60)
	at com.kms.katalon.core.keyword.builtin.CallTestCaseKeyword$_callTestCase_closure1.call(CallTestCaseKeyword.groovy)
	at com.kms.katalon.core.keyword.internal.KeywordMain.runKeyword(KeywordMain.groovy:54)
	at com.kms.katalon.core.keyword.builtin.CallTestCaseKeyword.callTestCase(CallTestCaseKeyword.groovy:81)
	at com.kms.katalon.core.keyword.builtin.CallTestCaseKeyword.execute(CallTestCaseKeyword.groovy:45)
	at com.kms.katalon.core.keyword.internal.KeywordExecutor.executeKeywordForPlatform(KeywordExecutor.groovy:53)
	at com.kms.katalon.core.keyword.BuiltinKeywords.callTestCase(BuiltinKeywords.groovy:334)
	at sun.reflect.GeneratedMethodAccessor13.invoke(Unknown Source)
	at sun.reflect.DelegatingMethodAccessorImpl.invoke(DelegatingMethodAccessorImpl.java:43)
	at java.lang.reflect.Method.invoke(Method.java:498)
	at org.codehaus.groovy.reflection.CachedMethod.invoke(CachedMethod.java:93)
	at groovy.lang.MetaMethod.doMethodInvoke(MetaMethod.java:325)
	at groovy.lang.MetaClassImpl.invokeStaticMethod(MetaClassImpl.java:1469)
	at org.codehaus.groovy.runtime.callsite.StaticMetaClassSite.call(StaticMetaClassSite.java:53)
	at org.codehaus.groovy.runtime.callsite.CallSiteArray.defaultCall(CallSiteArray.java:48)
	at org.codehaus.groovy.runtime.callsite.AbstractCallSite.call(AbstractCallSite.java:113)
	at org.codehaus.groovy.runtime.callsite.AbstractCallSite.call(AbstractCallSite.java:141)
	at Script1536220620794.run(Script1536220620794.groovy:22)
	at com.kms.katalon.core.main.ScriptEngine.run(ScriptEngine.java:183)
	at com.kms.katalon.core.main.ScriptEngine.runScriptAsRawText(ScriptEngine.java:108)
	at com.kms.katalon.core.main.TestCaseExecutor.runScript(TestCaseExecutor.java:294)
	at com.kms.katalon.core.main.TestCaseExecutor.doExecute(TestCaseExecutor.java:285)
	at com.kms.katalon.core.main.TestCaseExecutor.processExecutionPhase(TestCaseExecutor.java:264)
	at com.kms.katalon.core.main.TestCaseExecutor.accessMainPhase(TestCaseExecutor.java:256)
	at com.kms.katalon.core.main.TestCaseExecutor.execute(TestCaseExecutor.java:200)
	at com.kms.katalon.core.main.TestSuiteExecutor.accessTestCaseMainPhase(TestSuiteExecutor.java:129)
	at com.kms.katalon.core.main.TestSuiteExecutor.accessTestSuiteMainPhase(TestSuiteExecutor.java:112)
	at com.kms.katalon.core.main.TestSuiteExecutor.execute(TestSuiteExecutor.java:81)
	at com.kms.katalon.core.main.TestCaseMain.startTestSuite(TestCaseMain.java:142)
	at com.kms.katalon.core.main.TestCaseMain$startTestSuite$0.call(Unknown Source)
	at org.codehaus.groovy.runtime.callsite.CallSiteArray.defaultCall(CallSiteArray.java:48)
	at org.codehaus.groovy.runtime.callsite.AbstractCallSite.call(AbstractCallSite.java:113)
	at org.codehaus.groovy.runtime.callsite.AbstractCallSite.call(AbstractCallSite.java:141)
	at TempTestSuite1544406462574.run(TempTestSuite1544406462574.groovy:36)
	at groovy.lang.GroovyShell.runScriptOrMainOrTestOrRunnable(GroovyShell.java:263)
	at groovy.lang.GroovyShell.run(GroovyShell.java:518)
	at groovy.lang.GroovyShell.run(GroovyShell.java:507)
	at groovy.ui.GroovyMain.processOnce(GroovyMain.java:653)
	at groovy.ui.GroovyMain.run(GroovyMain.java:384)
	at groovy.ui.GroovyMain.process(GroovyMain.java:370)
	at groovy.ui.GroovyMain.processArgs(GroovyMain.java:129)
	at groovy.ui.GroovyMain.main(GroovyMain.java:109)
	at sun.reflect.NativeMethodAccessorImpl.invoke0(Native Method)
	at sun.reflect.NativeMethodAccessorImpl.invoke(NativeMethodAccessorImpl.java:62)
	at sun.reflect.DelegatingMethodAccessorImpl.invoke(DelegatingMethodAccessorImpl.java:43)
	at java.lang.reflect.Method.invoke(Method.java:498)
	at org.codehaus.groovy.tools.GroovyStarter.rootLoader(GroovyStarter.java:109)
	at org.codehaus.groovy.tools.GroovyStarter.main(GroovyStarter.java:131)
)]]></system-err>
      </testcase>
      <testcase name="Test Cases/Final Aug 2018 - PKS Automation/Registration Module/Workflow/Update Employer Information/PKRBO - UO (Under enforcement)" classname="Test Cases/Final Aug 2018 - PKS Automation/Registration Module/Workflow/Update Employer Information/PKRBO - UO (Under enforcement)" status="PASSED">
         <system-out><![CDATA[2018-12-10 10:30:39 - [TEST_CASE][PASSED] - Test Cases/Final Aug 2018 - PKS Automation/Registration Module/Workflow/Update Employer Information/PKRBO - UO (Under enforcement): Test Cases/Final Aug 2018 - PKS Automation/Registration Module/Workflow/Update Employer Information/PKRBO - UO (Under enforcement)

2018-12-10 10:30:39 - [TEST_STEP][PASSED] - callTestCase: Call Test Case 'Test Cases/Final Aug 2018 - PKS Automation/Registration Module/Workflow/Update Employer Information/Template/Update Employer Information - Special Case (PKRBO)' successfully

2018-12-10 10:30:39 - [TEST_CASE][PASSED] - Test Cases/Final Aug 2018 - PKS Automation/Registration Module/Workflow/Update Employer Information/Template/Update Employer Information - Special Case (PKRBO): Test Cases/Final Aug 2018 - PKS Automation/Registration Module/Workflow/Update Employer Information/Template/Update Employer Information - Special Case (PKRBO)

2018-12-10 10:30:39 - [TEST_STEP][PASSED] - openBrowser: Browser is opened with url: ''

2018-12-10 10:30:39 - [MESSAGE][WARNING] - A browser is already opened. Closing browser and opening a new one

2018-12-10 10:30:42 - [MESSAGE][PASSED] - Browser is opened with url: ''

2018-12-10 10:30:42 - [TEST_STEP][PASSED] - navigateToUrl: Navigate to 'https://assist2-uat.perkeso.gov.my/login' successfully

2018-12-10 10:30:43 - [MESSAGE][PASSED] - Navigate to 'https://assist2-uat.perkeso.gov.my/login' successfully

2018-12-10 10:30:43 - [TEST_STEP][PASSED] - setText: Text 'johorpkrbo1@gmail.com' is set on object 'Object Repository/Final Object Repo/Login Page/Internal User/Email Address'

2018-12-10 10:30:44 - [MESSAGE][PASSED] - Text 'johorpkrbo1@gmail.com' is set on object 'Object Repository/Final Object Repo/Login Page/Internal User/Email Address'

2018-12-10 10:30:44 - [TEST_STEP][PASSED] - click: Object: 'Object Repository/Final Object Repo/Login Page/Internal User/Next Button' is clicked on

2018-12-10 10:30:44 - [MESSAGE][PASSED] - Object: 'Object Repository/Final Object Repo/Login Page/Internal User/Next Button' is clicked on

2018-12-10 10:30:44 - [TEST_STEP][PASSED] - delay: Delayed 1 second(s)

2018-12-10 10:30:45 - [MESSAGE][PASSED] - Delayed 1 second(s)

2018-12-10 10:30:45 - [TEST_STEP][PASSED] - setEncryptedText: Text ****** has been set on object 'Object Repository/Final Object Repo/Login Page/Internal User/Password'

2018-12-10 10:30:45 - [MESSAGE][PASSED] - Text ****** has been set on object 'Object Repository/Final Object Repo/Login Page/Internal User/Password'

2018-12-10 10:30:45 - [TEST_STEP][PASSED] - click: Object: 'Object Repository/Final Object Repo/Login Page/Internal User/Login Button' is clicked on

2018-12-10 10:30:45 - [MESSAGE][PASSED] - Object: 'Object Repository/Final Object Repo/Login Page/Internal User/Login Button' is clicked on

2018-12-10 10:30:45 - [TEST_STEP][PASSED] - Statement - tester = com.kms.katalon.core.testobject.ObjectRepository.findTestObject(Final Object Repo/Landing Page/Select to English): Finding Test Object with id 'Object Repository/Final Object Repo/Landing Page/Select to English'

2018-12-10 10:30:45 - [TEST_STEP][PASSED] - Statement - Try: Delayed 2 second(s)

2018-12-10 10:30:45 - [TEST_STEP][PASSED] - Statement - Checker = com.kms.katalon.core.webui.keyword.WebUiBuiltInKeywords.verifyElementNotPresent(tester, 3): Web element with id: 'Object Repository/Final Object Repo/Landing Page/Select to English' located by 'By.xpath: //a[@class = 'taglib-language-list-text' and @lang = 'en-US' and (contains(text(), 'EN') or contains(., 'EN'))]' is not present after '3' second(s)

2018-12-10 10:30:47 - [MESSAGE][PASSED] - Web element with id: 'Object Repository/Final Object Repo/Landing Page/Select to English' located by 'By.xpath: //a[@class = 'taglib-language-list-text' and @lang = 'en-US' and (contains(text(), 'EN') or contains(., 'EN'))]' is not present after '3' second(s)

2018-12-10 10:30:47 - [TEST_STEP][PASSED] - Statement - If (Checker == false): null

2018-12-10 10:30:47 - [TEST_STEP][PASSED] - delay: Delayed 2 second(s)

2018-12-10 10:30:49 - [MESSAGE][PASSED] - Delayed 2 second(s)

2018-12-10 10:30:49 - [TEST_STEP][PASSED] - delay: Delayed 5 second(s)

2018-12-10 10:30:54 - [MESSAGE][PASSED] - Delayed 5 second(s)

2018-12-10 10:30:54 - [TEST_STEP][PASSED] - navigateToUrl: Navigate to 'https://assist2-uat.perkeso.gov.my/web/registration/update/update-employer-information' successfully

2018-12-10 10:30:55 - [MESSAGE][PASSED] - Navigate to 'https://assist2-uat.perkeso.gov.my/web/registration/update/update-employer-information' successfully

2018-12-10 10:30:55 - [TEST_STEP][PASSED] - setText: Text 'E1102001065V ' is set on object 'Object Repository/Final Object Repo/Page_Update Employer Information/Employer Code'

2018-12-10 10:30:56 - [MESSAGE][PASSED] - Text 'E1102001065V ' is set on object 'Object Repository/Final Object Repo/Page_Update Employer Information/Employer Code'

2018-12-10 10:30:56 - [TEST_STEP][PASSED] - click: Object: 'Object Repository/Final Object Repo/Page_Update Employer Information/Search Button' is clicked on

2018-12-10 10:30:56 - [MESSAGE][PASSED] - Object: 'Object Repository/Final Object Repo/Page_Update Employer Information/Search Button' is clicked on

2018-12-10 10:30:56 - [TEST_STEP][PASSED] - click: Object: 'Object Repository/Final Object Repo/Page_Update Employer Information/Edit Button' is clicked on

2018-12-10 10:30:59 - [MESSAGE][PASSED] - Object: 'Object Repository/Final Object Repo/Page_Update Employer Information/Edit Button' is clicked on

2018-12-10 10:30:59 - [TEST_STEP][PASSED] - click: Object: 'Object Repository/Final Object Repo/Page_Update Employer Information/Business Entity' is clicked on

2018-12-10 10:31:00 - [MESSAGE][PASSED] - Object: 'Object Repository/Final Object Repo/Page_Update Employer Information/Business Entity' is clicked on

2018-12-10 10:31:00 - [TEST_STEP][PASSED] - Statement - CurrentBusinessEntity = "": null

2018-12-10 10:31:00 - [TEST_STEP][PASSED] - Statement - CurrentBusinessEntity = com.kms.katalon.core.webui.keyword.WebUiBuiltInKeywords.getText(com.kms.katalon.core.testobject.ObjectRepository.findTestObject(Final Object Repo/Page_Update Employer Information/Current Business Entity)): Text of object 'Object Repository/Final Object Repo/Page_Update Employer Information/Current Business Entity' is: 'Others'

2018-12-10 10:31:00 - [MESSAGE][PASSED] - Text of object 'Object Repository/Final Object Repo/Page_Update Employer Information/Current Business Entity' is: 'Others'

2018-12-10 10:31:00 - [TEST_STEP][PASSED] - Statement - out.println(CurrentBusinessEntity): null

2018-12-10 10:31:00 - [TEST_STEP][PASSED] - Statement - If (CurrentBusinessEntity == "Corporation"): null

2018-12-10 10:31:00 - [TEST_STEP][PASSED] - Statement - Else If (CurrentBusinessEntity == "Partnership"): null

2018-12-10 10:31:00 - [TEST_STEP][PASSED] - Statement - Else If (CurrentBusinessEntity == "Sole Proprietor / Individual Business"): null

2018-12-10 10:31:00 - [TEST_STEP][PASSED] - Statement - Else If (CurrentBusinessEntity == "Others"): Delayed 3 second(s)

2018-12-10 10:31:00 - [TEST_STEP][PASSED] - Statement - obj = com.kms.katalon.core.webui.keyword.WebUiBuiltInKeywords.modifyObjectProperty(com.kms.katalon.core.testobject.ObjectRepository.findTestObject(Final Object Repo/Page_Update Employer Information/change to this Business Entity), "xpath", "equals", "//ul/li/span[contains(text(),"Partnership")]", true, STOP_ON_FAILURE): Modify property of object successfully

2018-12-10 10:31:00 - [MESSAGE][PASSED] - Modify property of object successfully

2018-12-10 10:31:00 - [TEST_STEP][PASSED] - click: Object: 'Object Repository/Final Object Repo/Page_Update Employer Information/change to this Business Entity' is clicked on

2018-12-10 10:31:00 - [MESSAGE][PASSED] - Object: 'Object Repository/Final Object Repo/Page_Update Employer Information/change to this Business Entity' is clicked on

2018-12-10 10:31:00 - [TEST_STEP][PASSED] - delay: Delayed 1 second(s)

2018-12-10 10:31:01 - [MESSAGE][PASSED] - Delayed 1 second(s)

2018-12-10 10:31:01 - [TEST_STEP][PASSED] - click: Object: 'Object Repository/Final Object Repo/Page_Update Employer Information/Sub Business Entity' is clicked on

2018-12-10 10:31:01 - [MESSAGE][PASSED] - Object: 'Object Repository/Final Object Repo/Page_Update Employer Information/Sub Business Entity' is clicked on

2018-12-10 10:31:01 - [TEST_STEP][PASSED] - click: Object: 'Object Repository/Final Object Repo/Page_Update Employer Information/Sub Business Entity - Partnership - Registered With other Agencies' is clicked on

2018-12-10 10:31:01 - [MESSAGE][PASSED] - Object: 'Object Repository/Final Object Repo/Page_Update Employer Information/Sub Business Entity - Partnership - Registered With other Agencies' is clicked on

2018-12-10 10:31:01 - [TEST_STEP][PASSED] - delay: Delayed 3 second(s)

2018-12-10 10:31:04 - [MESSAGE][PASSED] - Delayed 3 second(s)

2018-12-10 10:31:04 - [TEST_STEP][PASSED] - delay: Delayed 4 second(s)

2018-12-10 10:31:08 - [MESSAGE][PASSED] - Delayed 4 second(s)

2018-12-10 10:31:08 - [TEST_STEP][PASSED] - click: Object: 'Object Repository/Final Object Repo/Page_Update Employer Information/Save  Continue' is clicked on

2018-12-10 10:31:09 - [MESSAGE][PASSED] - Object: 'Object Repository/Final Object Repo/Page_Update Employer Information/Save  Continue' is clicked on

2018-12-10 10:31:09 - [TEST_STEP][PASSED] - delay: Delayed 4 second(s)

2018-12-10 10:31:13 - [MESSAGE][PASSED] - Delayed 4 second(s)

2018-12-10 10:31:13 - [TEST_STEP][PASSED] - click: Object: 'Object Repository/Final Object Repo/Page_Update Employer Information/Save  Continue (1)' is clicked on

2018-12-10 10:31:13 - [MESSAGE][PASSED] - Object: 'Object Repository/Final Object Repo/Page_Update Employer Information/Save  Continue (1)' is clicked on

2018-12-10 10:31:13 - [TEST_STEP][PASSED] - Statement - CaseReferenceNo = com.kms.katalon.core.webui.keyword.WebUiBuiltInKeywords.getText(com.kms.katalon.core.testobject.ObjectRepository.findTestObject(Final Object Repo/Page_Update Employer Information/Reference Number in Update Employee Information Page)): Text of object 'Object Repository/Final Object Repo/Page_Update Employer Information/Reference Number in Update Employee Information Page' is: 'CUN122018C100005935'

2018-12-10 10:31:17 - [MESSAGE][PASSED] - Text of object 'Object Repository/Final Object Repo/Page_Update Employer Information/Reference Number in Update Employee Information Page' is: 'CUN122018C100005935'

2018-12-10 10:31:17 - [TEST_STEP][PASSED] - callTestCase: Call Test Case 'Test Cases/Final Aug 2018 - PKS Automation/Common/Reference Number Setter' successfully

2018-12-10 10:31:17 - [TEST_CASE][PASSED] - Test Cases/Final Aug 2018 - PKS Automation/Common/Reference Number Setter: Test Cases/Final Aug 2018 - PKS Automation/Common/Reference Number Setter

2018-12-10 10:31:17 - [TEST_STEP][PASSED] - Statement - RefNoOldFile = new java.io.File(C://Users//Admin//Desktop//PKS//Automation Reference Point//KatalonReference.txt): null

2018-12-10 10:31:17 - [TEST_STEP][PASSED] - Statement - RefNoOldFile.delete(): null

2018-12-10 10:31:17 - [TEST_STEP][PASSED] - delay: Delayed 5 second(s)

2018-12-10 10:31:22 - [MESSAGE][PASSED] - Delayed 5 second(s)

2018-12-10 10:31:22 - [TEST_STEP][PASSED] - Statement - RefNo = new java.io.File(C://Users//Admin//Desktop//PKS//Automation Reference Point//KatalonReference.txt): null

2018-12-10 10:31:22 - [TEST_STEP][PASSED] - Statement - f2 = new java.io.FileWriter(RefNo, false): null

2018-12-10 10:31:22 - [TEST_STEP][PASSED] - Statement - f2.write(CaseReferenceNo): null

2018-12-10 10:31:22 - [TEST_STEP][PASSED] - Statement - f2.close(): null

2018-12-10 10:31:22 - [TEST_STEP][PASSED] - Statement - out.println("


" + CaseReferenceNo + "


"): null

2018-12-10 10:31:22 - [MESSAGE][PASSED] - Call Test Case 'Test Cases/Final Aug 2018 - PKS Automation/Common/Reference Number Setter' successfully

2018-12-10 10:31:22 - [TEST_STEP][PASSED] - delay: Delayed 4 second(s)

2018-12-10 10:31:26 - [MESSAGE][PASSED] - Delayed 4 second(s)

2018-12-10 10:31:26 - [TEST_STEP][PASSED] - click: Object: 'Object Repository/Final Object Repo/Page_Update Employer Information/Submit - Copy' is clicked on

2018-12-10 10:31:26 - [MESSAGE][PASSED] - Object: 'Object Repository/Final Object Repo/Page_Update Employer Information/Submit - Copy' is clicked on

2018-12-10 10:31:26 - [TEST_STEP][PASSED] - delay: Delayed 2 second(s)

2018-12-10 10:31:28 - [MESSAGE][PASSED] - Delayed 2 second(s)

2018-12-10 10:31:28 - [TEST_STEP][PASSED] - click: Object: 'Object Repository/Final Object Repo/Page_Update Employer Information/Confirm' is clicked on

2018-12-10 10:31:28 - [MESSAGE][PASSED] - Object: 'Object Repository/Final Object Repo/Page_Update Employer Information/Confirm' is clicked on

2018-12-10 10:31:28 - [TEST_STEP][PASSED] - delay: Delayed 2 second(s)

2018-12-10 10:31:30 - [MESSAGE][PASSED] - Delayed 2 second(s)

2018-12-10 10:31:30 - [TEST_STEP][PASSED] - click: Object: 'Object Repository/Final Object Repo/Page_Update Employer Information/Message Your Request will be route' is clicked on

2018-12-10 10:31:32 - [MESSAGE][PASSED] - Object: 'Object Repository/Final Object Repo/Page_Update Employer Information/Message Your Request will be route' is clicked on

2018-12-10 10:31:32 - [MESSAGE][PASSED] - Call Test Case 'Test Cases/Final Aug 2018 - PKS Automation/Registration Module/Workflow/Update Employer Information/Template/Update Employer Information - Special Case (PKRBO)' successfully

2018-12-10 10:31:32 - [TEST_STEP][PASSED] - callTestCase: Call Test Case 'Test Cases/Final Aug 2018 - PKS Automation/Registration Module/Workflow/Update Employer Information/Template/Update Employer Information - Special Case - UO (Under enforcement)' successfully

2018-12-10 10:31:32 - [TEST_CASE][PASSED] - Test Cases/Final Aug 2018 - PKS Automation/Registration Module/Workflow/Update Employer Information/Template/Update Employer Information - Special Case - UO (Under enforcement): Test Cases/Final Aug 2018 - PKS Automation/Registration Module/Workflow/Update Employer Information/Template/Update Employer Information - Special Case - UO (Under enforcement)

2018-12-10 10:31:32 - [TEST_STEP][NOT_RUN] - callTestCase: NOT_RUN: callTestCase

2018-12-10 10:31:32 - [MESSAGE][NOT_RUN] - NOT_RUN: callTestCase

2018-12-10 10:31:32 - [TEST_STEP][PASSED] - delay: Delayed 1 second(s)

2018-12-10 10:31:33 - [MESSAGE][PASSED] - Delayed 1 second(s)

2018-12-10 10:31:33 - [TEST_STEP][PASSED] - navigateToUrl: Navigate to 'https://assist2-uat.perkeso.gov.my/c/portal/logout' successfully

2018-12-10 10:31:34 - [MESSAGE][PASSED] - Navigate to 'https://assist2-uat.perkeso.gov.my/c/portal/logout' successfully

2018-12-10 10:31:34 - [TEST_STEP][PASSED] - delay: Delayed 1 second(s)

2018-12-10 10:31:35 - [MESSAGE][PASSED] - Delayed 1 second(s)

2018-12-10 10:31:35 - [TEST_STEP][PASSED] - callTestCase: Call Test Case 'Test Cases/Final Aug 2018 - PKS Automation/Common/Reference Number Getter' successfully

2018-12-10 10:31:35 - [TEST_CASE][PASSED] - Test Cases/Final Aug 2018 - PKS Automation/Common/Reference Number Getter: Test Cases/Final Aug 2018 - PKS Automation/Common/Reference Number Getter

2018-12-10 10:31:35 - [TEST_STEP][PASSED] - Statement - Try: null

2018-12-10 10:31:35 - [TEST_STEP][PASSED] - Statement - RefNo = new java.io.File(C://Users//Admin//Desktop//PKS//Automation Reference Point//KatalonReference.txt): null

2018-12-10 10:31:35 - [TEST_STEP][PASSED] - Statement - bufferread = new java.io.BufferedReader(new java.io.FileReader(RefNo)): null

2018-12-10 10:31:35 - [TEST_STEP][PASSED] - Statement - readedVal = bufferread.readLine(): null

2018-12-10 10:31:35 - [TEST_STEP][PASSED] - Statement - out.println(CaseReferenceNo): null

2018-12-10 10:31:35 - [TEST_STEP][PASSED] - Statement - out.println(readedVal): null

2018-12-10 10:31:35 - [TEST_STEP][PASSED] - Statement - CaseReferenceNo = "": null

2018-12-10 10:31:35 - [TEST_STEP][PASSED] - Statement - CaseReferenceNo = readedVal: null

2018-12-10 10:31:35 - [MESSAGE][PASSED] - Call Test Case 'Test Cases/Final Aug 2018 - PKS Automation/Common/Reference Number Getter' successfully

2018-12-10 10:31:35 - [TEST_STEP][PASSED] - callTestCase: Call Test Case 'Test Cases/Final Aug 2018 - PKS Automation/Common/Workflow Owner Finder' successfully

2018-12-10 10:31:35 - [TEST_CASE][PASSED] - Test Cases/Final Aug 2018 - PKS Automation/Common/Workflow Owner Finder: Test Cases/Final Aug 2018 - PKS Automation/Common/Workflow Owner Finder

2018-12-10 10:31:35 - [TEST_STEP][PASSED] - openBrowser: Browser is opened with url: ''

2018-12-10 10:31:35 - [MESSAGE][WARNING] - A browser is already opened. Closing browser and opening a new one

2018-12-10 10:31:38 - [MESSAGE][PASSED] - Browser is opened with url: ''

2018-12-10 10:31:38 - [TEST_STEP][PASSED] - navigateToUrl: Navigate to 'https://assist2-uat.perkeso.gov.my/login' successfully

2018-12-10 10:31:39 - [MESSAGE][PASSED] - Navigate to 'https://assist2-uat.perkeso.gov.my/login' successfully

2018-12-10 10:31:39 - [TEST_STEP][PASSED] - delay: Delayed 5 second(s)

2018-12-10 10:31:44 - [MESSAGE][PASSED] - Delayed 5 second(s)

2018-12-10 10:31:44 - [TEST_STEP][PASSED] - setText: Text 'test@liferay.com' is set on object 'Object Repository/Final Object Repo/Login Page/Internal User/Email Address'

2018-12-10 10:31:44 - [MESSAGE][PASSED] - Text 'test@liferay.com' is set on object 'Object Repository/Final Object Repo/Login Page/Internal User/Email Address'

2018-12-10 10:31:44 - [TEST_STEP][PASSED] - click: Object: 'Object Repository/Final Object Repo/Login Page/Internal User/Next Button' is clicked on

2018-12-10 10:31:45 - [MESSAGE][PASSED] - Object: 'Object Repository/Final Object Repo/Login Page/Internal User/Next Button' is clicked on

2018-12-10 10:31:45 - [TEST_STEP][PASSED] - delay: Delayed 2 second(s)

2018-12-10 10:31:47 - [MESSAGE][PASSED] - Delayed 2 second(s)

2018-12-10 10:31:47 - [TEST_STEP][PASSED] - setText: Text 'test' is set on object 'Object Repository/Final Object Repo/Login Page/Internal User/Password'

2018-12-10 10:31:47 - [MESSAGE][PASSED] - Text 'test' is set on object 'Object Repository/Final Object Repo/Login Page/Internal User/Password'

2018-12-10 10:31:47 - [TEST_STEP][PASSED] - delay: Delayed 2 second(s)

2018-12-10 10:31:49 - [MESSAGE][PASSED] - Delayed 2 second(s)

2018-12-10 10:31:49 - [TEST_STEP][PASSED] - click: Object: 'Object Repository/Final Object Repo/Login Page/Internal User/Login Button' is clicked on

2018-12-10 10:31:49 - [MESSAGE][PASSED] - Object: 'Object Repository/Final Object Repo/Login Page/Internal User/Login Button' is clicked on

2018-12-10 10:31:49 - [TEST_STEP][PASSED] - Statement - tester = com.kms.katalon.core.testobject.ObjectRepository.findTestObject(Final Object Repo/Landing Page/Select to English): Finding Test Object with id 'Object Repository/Final Object Repo/Landing Page/Select to English'

2018-12-10 10:31:49 - [TEST_STEP][PASSED] - Statement - Try: Delayed 2 second(s)

2018-12-10 10:31:49 - [TEST_STEP][PASSED] - Statement - Checker = com.kms.katalon.core.webui.keyword.WebUiBuiltInKeywords.verifyElementNotPresent(tester, 3): Web element with id: 'Object Repository/Final Object Repo/Landing Page/Select to English' located by 'By.xpath: //a[@class = 'taglib-language-list-text' and @lang = 'en-US' and (contains(text(), 'EN') or contains(., 'EN'))]' is not present after '3' second(s)

2018-12-10 10:31:51 - [MESSAGE][PASSED] - Web element with id: 'Object Repository/Final Object Repo/Landing Page/Select to English' located by 'By.xpath: //a[@class = 'taglib-language-list-text' and @lang = 'en-US' and (contains(text(), 'EN') or contains(., 'EN'))]' is not present after '3' second(s)

2018-12-10 10:31:51 - [TEST_STEP][PASSED] - Statement - If (Checker == false): null

2018-12-10 10:31:51 - [TEST_STEP][PASSED] - delay: Delayed 2 second(s)

2018-12-10 10:31:53 - [MESSAGE][PASSED] - Delayed 2 second(s)

2018-12-10 10:31:53 - [TEST_STEP][PASSED] - delay: Delayed 5 second(s)

2018-12-10 10:31:58 - [MESSAGE][PASSED] - Delayed 5 second(s)

2018-12-10 10:31:58 - [TEST_STEP][PASSED] - mouseOver: Object: 'Object Repository/Final Object Repo/Landing Page/WorkFlow Menu' is hovered

2018-12-10 10:31:58 - [MESSAGE][PASSED] - Object: 'Object Repository/Final Object Repo/Landing Page/WorkFlow Menu' is hovered

2018-12-10 10:31:58 - [TEST_STEP][PASSED] - delay: Delayed 2 second(s)

2018-12-10 10:32:00 - [MESSAGE][PASSED] - Delayed 2 second(s)

2018-12-10 10:32:00 - [TEST_STEP][PASSED] - click: Object: 'Object Repository/Final Object Repo/Landing Page/Select to Workflow Listing' is clicked on

2018-12-10 10:32:01 - [MESSAGE][PASSED] - Object: 'Object Repository/Final Object Repo/Landing Page/Select to Workflow Listing' is clicked on

2018-12-10 10:32:01 - [TEST_STEP][PASSED] - delay: Delayed 2 second(s)

2018-12-10 10:32:03 - [MESSAGE][PASSED] - Delayed 2 second(s)

2018-12-10 10:32:03 - [TEST_STEP][PASSED] - click: Object: 'Object Repository/Final Object Repo/WorkFlow Listing Page/Search Information - To Put Ref No' is clicked on

2018-12-10 10:32:03 - [MESSAGE][PASSED] - Object: 'Object Repository/Final Object Repo/WorkFlow Listing Page/Search Information - To Put Ref No' is clicked on

2018-12-10 10:32:03 - [TEST_STEP][PASSED] - delay: Delayed 2 second(s)

2018-12-10 10:32:05 - [MESSAGE][PASSED] - Delayed 2 second(s)

2018-12-10 10:32:05 - [TEST_STEP][PASSED] - callTestCase: Call Test Case 'Test Cases/Final Aug 2018 - PKS Automation/Common/Reference Number Getter' successfully

2018-12-10 10:32:05 - [TEST_CASE][PASSED] - Test Cases/Final Aug 2018 - PKS Automation/Common/Reference Number Getter: Test Cases/Final Aug 2018 - PKS Automation/Common/Reference Number Getter

2018-12-10 10:32:05 - [TEST_STEP][PASSED] - Statement - Try: null

2018-12-10 10:32:05 - [TEST_STEP][PASSED] - Statement - RefNo = new java.io.File(C://Users//Admin//Desktop//PKS//Automation Reference Point//KatalonReference.txt): null

2018-12-10 10:32:05 - [TEST_STEP][PASSED] - Statement - bufferread = new java.io.BufferedReader(new java.io.FileReader(RefNo)): null

2018-12-10 10:32:05 - [TEST_STEP][PASSED] - Statement - readedVal = bufferread.readLine(): null

2018-12-10 10:32:05 - [TEST_STEP][PASSED] - Statement - out.println(CaseReferenceNo): null

2018-12-10 10:32:05 - [TEST_STEP][PASSED] - Statement - out.println(readedVal): null

2018-12-10 10:32:05 - [TEST_STEP][PASSED] - Statement - CaseReferenceNo = "": null

2018-12-10 10:32:05 - [TEST_STEP][PASSED] - Statement - CaseReferenceNo = readedVal: null

2018-12-10 10:32:05 - [MESSAGE][PASSED] - Call Test Case 'Test Cases/Final Aug 2018 - PKS Automation/Common/Reference Number Getter' successfully

2018-12-10 10:32:05 - [TEST_STEP][PASSED] - setText: Text 'CUN122018C100005935' is set on object 'Object Repository/Final Object Repo/WorkFlow Listing Page/Ref No Set Text'

2018-12-10 10:32:06 - [MESSAGE][PASSED] - Text 'CUN122018C100005935' is set on object 'Object Repository/Final Object Repo/WorkFlow Listing Page/Ref No Set Text'

2018-12-10 10:32:06 - [TEST_STEP][PASSED] - delay: Delayed 2 second(s)

2018-12-10 10:32:08 - [MESSAGE][PASSED] - Delayed 2 second(s)

2018-12-10 10:32:08 - [TEST_STEP][PASSED] - click: Object: 'Object Repository/Final Object Repo/WorkFlow Listing Page/Search Ref No Search Button' is clicked on

2018-12-10 10:32:08 - [MESSAGE][PASSED] - Object: 'Object Repository/Final Object Repo/WorkFlow Listing Page/Search Ref No Search Button' is clicked on

2018-12-10 10:32:08 - [TEST_STEP][PASSED] - delay: Delayed 6 second(s)

2018-12-10 10:32:14 - [MESSAGE][PASSED] - Delayed 6 second(s)

2018-12-10 10:32:14 - [TEST_STEP][PASSED] - click: Object: 'Object Repository/Final Object Repo/WorkFlow Listing Page/Click Continue Tooltip' is clicked on

2018-12-10 10:32:15 - [MESSAGE][PASSED] - Object: 'Object Repository/Final Object Repo/WorkFlow Listing Page/Click Continue Tooltip' is clicked on

2018-12-10 10:32:15 - [TEST_STEP][PASSED] - delay: Delayed 5 second(s)

2018-12-10 10:32:20 - [MESSAGE][PASSED] - Delayed 5 second(s)

2018-12-10 10:32:20 - [TEST_STEP][PASSED] - doubleClick: Object: 'Object Repository/Final Object Repo/WorkFlow Listing Page/Workflow Found - Listing 1' is double clicked on

2018-12-10 10:32:20 - [MESSAGE][PASSED] - Object: 'Object Repository/Final Object Repo/WorkFlow Listing Page/Workflow Found - Listing 1' is double clicked on

2018-12-10 10:32:20 - [TEST_STEP][PASSED] - Statement - println(OwnerID): null

2018-12-10 10:32:20 - [TEST_STEP][PASSED] - Statement - OwnerID = com.kms.katalon.core.webui.keyword.WebUiBuiltInKeywords.getText(com.kms.katalon.core.testobject.ObjectRepository.findTestObject(Final Object Repo/WorkFlow Listing Page/Workflow Found - Listing 1), STOP_ON_FAILURE): Text of object 'Object Repository/Final Object Repo/WorkFlow Listing Page/Workflow Found - Listing 1' is: 'JOHORuo2'

2018-12-10 10:32:21 - [MESSAGE][PASSED] - Text of object 'Object Repository/Final Object Repo/WorkFlow Listing Page/Workflow Found - Listing 1' is: 'JOHORuo2'

2018-12-10 10:32:21 - [TEST_STEP][PASSED] - Statement - OwnerID = OwnerID.toLowerCase() + "@gmail.com": null

2018-12-10 10:32:21 - [TEST_STEP][PASSED] - Statement - println(OwnerID): null

2018-12-10 10:32:21 - [TEST_STEP][PASSED] - delay: Delayed 2 second(s)

2018-12-10 10:32:23 - [MESSAGE][PASSED] - Delayed 2 second(s)

2018-12-10 10:32:23 - [MESSAGE][PASSED] - Call Test Case 'Test Cases/Final Aug 2018 - PKS Automation/Common/Workflow Owner Finder' successfully

2018-12-10 10:32:23 - [TEST_STEP][PASSED] - delay: Delayed 1 second(s)

2018-12-10 10:32:24 - [MESSAGE][PASSED] - Delayed 1 second(s)

2018-12-10 10:32:24 - [TEST_STEP][PASSED] - navigateToUrl: Navigate to 'https://assist2-uat.perkeso.gov.my/c/portal/logout' successfully

2018-12-10 10:32:24 - [MESSAGE][PASSED] - Navigate to 'https://assist2-uat.perkeso.gov.my/c/portal/logout' successfully

2018-12-10 10:32:24 - [TEST_STEP][PASSED] - delay: Delayed 1 second(s)

2018-12-10 10:32:25 - [MESSAGE][PASSED] - Delayed 1 second(s)

2018-12-10 10:32:25 - [TEST_STEP][PASSED] - callTestCase: Call Test Case 'Test Cases/Final Aug 2018 - PKS Automation/Registration Module/Workflow/Login and Search Case For Workflow' successfully

2018-12-10 10:32:25 - [TEST_CASE][PASSED] - Test Cases/Final Aug 2018 - PKS Automation/Registration Module/Workflow/Login and Search Case For Workflow: Test Cases/Final Aug 2018 - PKS Automation/Registration Module/Workflow/Login and Search Case For Workflow

2018-12-10 10:32:25 - [TEST_STEP][PASSED] - navigateToUrl: Navigate to 'https://assist2-uat.perkeso.gov.my/login' successfully

2018-12-10 10:32:26 - [MESSAGE][PASSED] - Navigate to 'https://assist2-uat.perkeso.gov.my/login' successfully

2018-12-10 10:32:26 - [TEST_STEP][PASSED] - setText: Text 'johoruo2@gmail.com' is set on object 'Object Repository/Final Object Repo/Login Page/Internal User/Email Address'

2018-12-10 10:32:26 - [MESSAGE][PASSED] - Text 'johoruo2@gmail.com' is set on object 'Object Repository/Final Object Repo/Login Page/Internal User/Email Address'

2018-12-10 10:32:26 - [TEST_STEP][PASSED] - click: Object: 'Object Repository/Final Object Repo/Login Page/Internal User/Next Button' is clicked on

2018-12-10 10:32:27 - [MESSAGE][PASSED] - Object: 'Object Repository/Final Object Repo/Login Page/Internal User/Next Button' is clicked on

2018-12-10 10:32:27 - [TEST_STEP][PASSED] - delay: Delayed 1 second(s)

2018-12-10 10:32:28 - [MESSAGE][PASSED] - Delayed 1 second(s)

2018-12-10 10:32:28 - [TEST_STEP][PASSED] - setEncryptedText: Text ****** has been set on object 'Object Repository/Final Object Repo/Login Page/Internal User/Password'

2018-12-10 10:32:28 - [MESSAGE][PASSED] - Text ****** has been set on object 'Object Repository/Final Object Repo/Login Page/Internal User/Password'

2018-12-10 10:32:28 - [TEST_STEP][PASSED] - click: Object: 'Object Repository/Final Object Repo/Login Page/Internal User/Login Button' is clicked on

2018-12-10 10:32:28 - [MESSAGE][PASSED] - Object: 'Object Repository/Final Object Repo/Login Page/Internal User/Login Button' is clicked on

2018-12-10 10:32:28 - [TEST_STEP][PASSED] - delay: Delayed 2 second(s)

2018-12-10 10:32:30 - [MESSAGE][PASSED] - Delayed 2 second(s)

2018-12-10 10:32:30 - [TEST_STEP][PASSED] - Statement - Try: Delayed 2 second(s)

2018-12-10 10:32:30 - [TEST_STEP][PASSED] - Statement - Checker = false: null

2018-12-10 10:32:30 - [TEST_STEP][PASSED] - Statement - Checker = com.kms.katalon.core.webui.keyword.WebUiBuiltInKeywords.verifyElementHasAttribute(com.kms.katalon.core.testobject.ObjectRepository.findTestObject(Final Object Repo/Landing Page/BM Detecting), "href", 20, OPTIONAL): Object 'Object Repository/Final Object Repo/Landing Page/BM Detecting' has attribute 'href'

2018-12-10 10:32:30 - [MESSAGE][PASSED] - Object 'Object Repository/Final Object Repo/Landing Page/BM Detecting' has attribute 'href'

2018-12-10 10:32:30 - [TEST_STEP][PASSED] - Statement - out.println(Checker): null

2018-12-10 10:32:30 - [TEST_STEP][PASSED] - Statement - If (Checker == false): null

2018-12-10 10:32:30 - [TEST_STEP][PASSED] - Statement - Else: null

2018-12-10 10:32:30 - [TEST_STEP][PASSED] - delay: Delayed 2 second(s)

2018-12-10 10:32:32 - [MESSAGE][PASSED] - Delayed 2 second(s)

2018-12-10 10:32:32 - [TEST_STEP][PASSED] - click: Object: 'Object Repository/Final Object Repo/Page_MyASSIST - ASSIST - Search Pending Case For Add Supporting Document/Search Information' is clicked on

2018-12-10 10:32:32 - [MESSAGE][PASSED] - Object: 'Object Repository/Final Object Repo/Page_MyASSIST - ASSIST - Search Pending Case For Add Supporting Document/Search Information' is clicked on

2018-12-10 10:32:32 - [TEST_STEP][PASSED] - delay: Delayed 3 second(s)

2018-12-10 10:32:35 - [MESSAGE][PASSED] - Delayed 3 second(s)

2018-12-10 10:32:35 - [TEST_STEP][PASSED] - sendKeys: Keys 'CUN122018C100005935' sent to object: 'Object Repository/Final Object Repo/Page_MyASSIST - ASSIST - Search Pending Case For Add Supporting Document/Reference No'

2018-12-10 10:32:35 - [MESSAGE][PASSED] - Keys 'CUN122018C100005935' sent to object: 'Object Repository/Final Object Repo/Page_MyASSIST - ASSIST - Search Pending Case For Add Supporting Document/Reference No'

2018-12-10 10:32:35 - [TEST_STEP][PASSED] - click: Object: 'Object Repository/Final Object Repo/Page_MyASSIST - ASSIST - Search Pending Case For Add Supporting Document/Search Reference No' is clicked on

2018-12-10 10:32:36 - [MESSAGE][PASSED] - Object: 'Object Repository/Final Object Repo/Page_MyASSIST - ASSIST - Search Pending Case For Add Supporting Document/Search Reference No' is clicked on

2018-12-10 10:32:36 - [TEST_STEP][PASSED] - delay: Delayed 2 second(s)

2018-12-10 10:32:38 - [MESSAGE][PASSED] - Delayed 2 second(s)

2018-12-10 10:32:38 - [TEST_STEP][PASSED] - click: Object: 'Object Repository/Final Object Repo/Page_MyASSIST - ASSIST - Search Pending Case For Add Supporting Document/Continue' is clicked on

2018-12-10 10:32:41 - [MESSAGE][PASSED] - Object: 'Object Repository/Final Object Repo/Page_MyASSIST - ASSIST - Search Pending Case For Add Supporting Document/Continue' is clicked on

2018-12-10 10:32:41 - [TEST_STEP][PASSED] - delay: Delayed 20 second(s)

2018-12-10 10:33:01 - [MESSAGE][PASSED] - Delayed 20 second(s)

2018-12-10 10:33:01 - [MESSAGE][PASSED] - Call Test Case 'Test Cases/Final Aug 2018 - PKS Automation/Registration Module/Workflow/Login and Search Case For Workflow' successfully

2018-12-10 10:33:01 - [TEST_STEP][PASSED] - delay: Delayed 2 second(s)

2018-12-10 10:33:03 - [MESSAGE][PASSED] - Delayed 2 second(s)

2018-12-10 10:33:03 - [TEST_STEP][PASSED] - click: Object: 'Object Repository/Final Object Repo/Page_Update Employer Information/Page_Update Employer Information UO (Approve)/Continue' is clicked on

2018-12-10 10:33:07 - [MESSAGE][PASSED] - Object: 'Object Repository/Final Object Repo/Page_Update Employer Information/Page_Update Employer Information UO (Approve)/Continue' is clicked on

2018-12-10 10:33:07 - [TEST_STEP][PASSED] - delay: Delayed 2 second(s)

2018-12-10 10:33:09 - [MESSAGE][PASSED] - Delayed 2 second(s)

2018-12-10 10:33:09 - [TEST_STEP][PASSED] - click: Object: 'Object Repository/Final Object Repo/Page_Update Employer Information/Page_Update Employer Information UO (Approve)/Save  Continue in Update Employer Information Page' is clicked on

2018-12-10 10:33:09 - [MESSAGE][PASSED] - Object: 'Object Repository/Final Object Repo/Page_Update Employer Information/Page_Update Employer Information UO (Approve)/Save  Continue in Update Employer Information Page' is clicked on

2018-12-10 10:33:09 - [TEST_STEP][PASSED] - delay: Delayed 2 second(s)

2018-12-10 10:33:11 - [MESSAGE][PASSED] - Delayed 2 second(s)

2018-12-10 10:33:11 - [TEST_STEP][PASSED] - click: Object: 'Object Repository/Final Object Repo/Page_Update Employer Information/Page_Update Employer Information UO (Approve)/Save  Continue in Uploading Supporting Document Page' is clicked on

2018-12-10 10:33:14 - [MESSAGE][PASSED] - Object: 'Object Repository/Final Object Repo/Page_Update Employer Information/Page_Update Employer Information UO (Approve)/Save  Continue in Uploading Supporting Document Page' is clicked on

2018-12-10 10:33:14 - [TEST_STEP][PASSED] - delay: Delayed 2 second(s)

2018-12-10 10:33:16 - [MESSAGE][PASSED] - Delayed 2 second(s)

2018-12-10 10:33:16 - [TEST_STEP][PASSED] - click: Object: 'Object Repository/Final Object Repo/Page_Update Employer Information/Page_Update Employer Information UO (Under enforcement)/Under enforcement' is clicked on

2018-12-10 10:33:17 - [MESSAGE][PASSED] - Object: 'Object Repository/Final Object Repo/Page_Update Employer Information/Page_Update Employer Information UO (Under enforcement)/Under enforcement' is clicked on

2018-12-10 10:33:17 - [TEST_STEP][PASSED] - delay: Delayed 2 second(s)

2018-12-10 10:33:19 - [MESSAGE][PASSED] - Delayed 2 second(s)

2018-12-10 10:33:19 - [TEST_STEP][PASSED] - setText: Text 'remark' is set on object 'Object Repository/Final Object Repo/Page_Update Employer Information/Page_Update Employer Information UO (Under enforcement)/Under enforcement - remark'

2018-12-10 10:33:20 - [MESSAGE][PASSED] - Text 'remark' is set on object 'Object Repository/Final Object Repo/Page_Update Employer Information/Page_Update Employer Information UO (Under enforcement)/Under enforcement - remark'

2018-12-10 10:33:20 - [TEST_STEP][PASSED] - delay: Delayed 2 second(s)

2018-12-10 10:33:22 - [MESSAGE][PASSED] - Delayed 2 second(s)

2018-12-10 10:33:22 - [TEST_STEP][PASSED] - click: Object: 'Object Repository/Final Object Repo/Page_Update Employer Information/Page_Update Employer Information UO (Under enforcement)/Save  Continue in Under enfocement Page' is clicked on

2018-12-10 10:33:22 - [MESSAGE][PASSED] - Object: 'Object Repository/Final Object Repo/Page_Update Employer Information/Page_Update Employer Information UO (Under enforcement)/Save  Continue in Under enfocement Page' is clicked on

2018-12-10 10:33:22 - [TEST_STEP][PASSED] - delay: Delayed 2 second(s)

2018-12-10 10:33:24 - [MESSAGE][PASSED] - Delayed 2 second(s)

2018-12-10 10:33:24 - [TEST_STEP][PASSED] - doubleClick: Object: 'Object Repository/Final Object Repo/Page_Update Employer Information/Page_Update Employer Information UO (Under enforcement)/Message The case is under enforceme' is double clicked on

2018-12-10 10:33:25 - [MESSAGE][PASSED] - Object: 'Object Repository/Final Object Repo/Page_Update Employer Information/Page_Update Employer Information UO (Under enforcement)/Message The case is under enforceme' is double clicked on

2018-12-10 10:33:25 - [MESSAGE][PASSED] - Call Test Case 'Test Cases/Final Aug 2018 - PKS Automation/Registration Module/Workflow/Update Employer Information/Template/Update Employer Information - Special Case - UO (Under enforcement)' successfully]]></system-out>
         <system-err><![CDATA[]]></system-err>
      </testcase>
      <system-out><![CDATA[2018-12-10 09:47:45 - [TEST_SUITE][FAILED] - Update Employer Information: Test Cases/Final Aug 2018 - PKS Automation/Registration Module/Workflow/Update Employer Information/PAU - UO (Query) FAILED because (of) (Stack trace: com.kms.katalon.core.exception.StepFailedException: Unable to get text of object 'Object Repository/Final Object Repo/Page_Update Employer Information/Reference Number in Update Employee Information Page' (Root cause: org.openqa.selenium.StaleElementReferenceException: stale element reference: element is not attached to the page document
  (Session info: chrome=70.0.3538.110)
  (Driver info: chromedriver=2.43.600210 (68dcf5eebde37173d4027fa8635e332711d2874a),platform=Windows NT 6.1.7601 SP1 x86_64) (WARNING: The server did not provide any stacktrace information)
Command duration or timeout: 0 milliseconds
For documentation on this error, please visit: http://seleniumhq.org/exceptions/stale_element_reference.html
Build info: version: '3.7.1', revision: '8a0099a', time: '2017-11-06T21:07:36.161Z'
System info: host: 'WIN7TEST02', ip: '10.20.3.72', os.name: 'Windows 7', os.arch: 'amd64', os.version: '6.1', java.version: '1.8.0_181'
Driver info: com.kms.katalon.selenium.driver.CChromeDriver
Capabilities {acceptInsecureCerts: false, acceptSslCerts: false, applicationCacheEnabled: false, browserConnectionEnabled: false, browserName: chrome, chrome: {chromedriverVersion: 2.43.600210 (68dcf5eebde371..., userDataDir: C:\Users\Admin\AppData\Loca...}, cssSelectorsEnabled: true, databaseEnabled: false, goog:chromeOptions: {debuggerAddress: localhost:60688}, handlesAlerts: true, hasTouchScreen: false, javascriptEnabled: true, locationContextEnabled: true, mobileEmulationEnabled: false, nativeEvents: true, networkConnectionEnabled: false, pageLoadStrategy: normal, platform: XP, platformName: XP, rotatable: false, setWindowRect: true, takesHeapSnapshot: true, takesScreenshot: true, unexpectedAlertBehaviour: , unhandledPromptBehavior: , version: 70.0.3538.110, webStorageEnabled: true}
Session ID: 55351dad626df124675c3e13977a058d)
	at com.kms.katalon.core.keyword.internal.KeywordMain.stepFailed(KeywordMain.groovy:32)
	at com.kms.katalon.core.webui.keyword.internal.WebUIKeywordMain.stepFailed(WebUIKeywordMain.groovy:65)
	at com.kms.katalon.core.webui.keyword.internal.WebUIKeywordMain.runKeyword(WebUIKeywordMain.groovy:27)
	at com.kms.katalon.core.webui.keyword.builtin.GetTextKeyword.getText(GetTextKeyword.groovy:88)
	at com.kms.katalon.core.webui.keyword.builtin.GetTextKeyword.execute(GetTextKeyword.groovy:67)
	at com.kms.katalon.core.keyword.internal.KeywordExecutor.executeKeywordForPlatform(KeywordExecutor.groovy:53)
	at com.kms.katalon.core.webui.keyword.WebUiBuiltInKeywords.getText(WebUiBuiltInKeywords.groovy:888)
	at com.kms.katalon.core.webui.keyword.WebUiBuiltInKeywords$getText$5.call(Unknown Source)
	at Script1536221052180.run(Script1536221052180.groovy:138)
	at com.kms.katalon.core.main.ScriptEngine.run(ScriptEngine.java:183)
	at com.kms.katalon.core.main.ScriptEngine.runScriptAsRawText(ScriptEngine.java:108)
	at com.kms.katalon.core.main.TestCaseExecutor.runScript(TestCaseExecutor.java:294)
	at com.kms.katalon.core.main.TestCaseExecutor.doExecute(TestCaseExecutor.java:285)
	at com.kms.katalon.core.main.TestCaseExecutor.processExecutionPhase(TestCaseExecutor.java:264)
	at com.kms.katalon.core.main.TestCaseExecutor.accessMainPhase(TestCaseExecutor.java:256)
	at com.kms.katalon.core.main.TestCaseExecutor.execute(TestCaseExecutor.java:200)
	at com.kms.katalon.core.main.TestCaseMain.runTestCase(TestCaseMain.java:99)
	at com.kms.katalon.core.keyword.builtin.CallTestCaseKeyword$_callTestCase_closure1.doCall(CallTestCaseKeyword.groovy:60)
	at com.kms.katalon.core.keyword.builtin.CallTestCaseKeyword$_callTestCase_closure1.call(CallTestCaseKeyword.groovy)
	at com.kms.katalon.core.keyword.internal.KeywordMain.runKeyword(KeywordMain.groovy:54)
	at com.kms.katalon.core.keyword.builtin.CallTestCaseKeyword.callTestCase(CallTestCaseKeyword.groovy:81)
	at com.kms.katalon.core.keyword.builtin.CallTestCaseKeyword.execute(CallTestCaseKeyword.groovy:45)
	at com.kms.katalon.core.keyword.internal.KeywordExecutor.executeKeywordForPlatform(KeywordExecutor.groovy:53)
	at com.kms.katalon.core.keyword.BuiltinKeywords.callTestCase(BuiltinKeywords.groovy:334)
	at sun.reflect.GeneratedMethodAccessor13.invoke(Unknown Source)
	at sun.reflect.DelegatingMethodAccessorImpl.invoke(DelegatingMethodAccessorImpl.java:43)
	at java.lang.reflect.Method.invoke(Method.java:498)
	at org.codehaus.groovy.reflection.CachedMethod.invoke(CachedMethod.java:93)
	at groovy.lang.MetaMethod.doMethodInvoke(MetaMethod.java:325)
	at groovy.lang.MetaClassImpl.invokeStaticMethod(MetaClassImpl.java:1469)
	at org.codehaus.groovy.runtime.callsite.StaticMetaClassSite.call(StaticMetaClassSite.java:53)
	at org.codehaus.groovy.runtime.callsite.CallSiteArray.defaultCall(CallSiteArray.java:48)
	at org.codehaus.groovy.runtime.callsite.AbstractCallSite.call(AbstractCallSite.java:113)
	at org.codehaus.groovy.runtime.callsite.AbstractCallSite.call(AbstractCallSite.java:141)
	at Script1536220953611.run(Script1536220953611.groovy:22)
	at com.kms.katalon.core.main.ScriptEngine.run(ScriptEngine.java:183)
	at com.kms.katalon.core.main.ScriptEngine.runScriptAsRawText(ScriptEngine.java:108)
	at com.kms.katalon.core.main.TestCaseExecutor.runScript(TestCaseExecutor.java:294)
	at com.kms.katalon.core.main.TestCaseExecutor.doExecute(TestCaseExecutor.java:285)
	at com.kms.katalon.core.main.TestCaseExecutor.processExecutionPhase(TestCaseExecutor.java:264)
	at com.kms.katalon.core.main.TestCaseExecutor.accessMainPhase(TestCaseExecutor.java:256)
	at com.kms.katalon.core.main.TestCaseExecutor.execute(TestCaseExecutor.java:200)
	at com.kms.katalon.core.main.TestSuiteExecutor.accessTestCaseMainPhase(TestSuiteExecutor.java:129)
	at com.kms.katalon.core.main.TestSuiteExecutor.accessTestSuiteMainPhase(TestSuiteExecutor.java:112)
	at com.kms.katalon.core.main.TestSuiteExecutor.execute(TestSuiteExecutor.java:81)
	at com.kms.katalon.core.main.TestCaseMain.startTestSuite(TestCaseMain.java:142)
	at com.kms.katalon.core.main.TestCaseMain$startTestSuite$0.call(Unknown Source)
	at org.codehaus.groovy.runtime.callsite.CallSiteArray.defaultCall(CallSiteArray.java:48)
	at org.codehaus.groovy.runtime.callsite.AbstractCallSite.call(AbstractCallSite.java:113)
	at org.codehaus.groovy.runtime.callsite.AbstractCallSite.call(AbstractCallSite.java:141)
	at TempTestSuite1544406462574.run(TempTestSuite1544406462574.groovy:36)
	at groovy.lang.GroovyShell.runScriptOrMainOrTestOrRunnable(GroovyShell.java:263)
	at groovy.lang.GroovyShell.run(GroovyShell.java:518)
	at groovy.lang.GroovyShell.run(GroovyShell.java:507)
	at groovy.ui.GroovyMain.processOnce(GroovyMain.java:653)
	at groovy.ui.GroovyMain.run(GroovyMain.java:384)
	at groovy.ui.GroovyMain.process(GroovyMain.java:370)
	at groovy.ui.GroovyMain.processArgs(GroovyMain.java:129)
	at groovy.ui.GroovyMain.main(GroovyMain.java:109)
	at sun.reflect.NativeMethodAccessorImpl.invoke0(Native Method)
	at sun.reflect.NativeMethodAccessorImpl.invoke(NativeMethodAccessorImpl.java:62)
	at sun.reflect.DelegatingMethodAccessorImpl.invoke(DelegatingMethodAccessorImpl.java:43)
	at java.lang.reflect.Method.invoke(Method.java:498)
	at org.codehaus.groovy.tools.GroovyStarter.rootLoader(GroovyStarter.java:109)
	at org.codehaus.groovy.tools.GroovyStarter.main(GroovyStarter.java:131)
)]]></system-out>
      <system-err><![CDATA[2018-12-10 09:47:45 - [TEST_SUITE][FAILED] - Update Employer Information: Test Cases/Final Aug 2018 - PKS Automation/Registration Module/Workflow/Update Employer Information/PAU - UO (Query) FAILED because (of) (Stack trace: com.kms.katalon.core.exception.StepFailedException: Unable to get text of object 'Object Repository/Final Object Repo/Page_Update Employer Information/Reference Number in Update Employee Information Page' (Root cause: org.openqa.selenium.StaleElementReferenceException: stale element reference: element is not attached to the page document
  (Session info: chrome=70.0.3538.110)
  (Driver info: chromedriver=2.43.600210 (68dcf5eebde37173d4027fa8635e332711d2874a),platform=Windows NT 6.1.7601 SP1 x86_64) (WARNING: The server did not provide any stacktrace information)
Command duration or timeout: 0 milliseconds
For documentation on this error, please visit: http://seleniumhq.org/exceptions/stale_element_reference.html
Build info: version: '3.7.1', revision: '8a0099a', time: '2017-11-06T21:07:36.161Z'
System info: host: 'WIN7TEST02', ip: '10.20.3.72', os.name: 'Windows 7', os.arch: 'amd64', os.version: '6.1', java.version: '1.8.0_181'
Driver info: com.kms.katalon.selenium.driver.CChromeDriver
Capabilities {acceptInsecureCerts: false, acceptSslCerts: false, applicationCacheEnabled: false, browserConnectionEnabled: false, browserName: chrome, chrome: {chromedriverVersion: 2.43.600210 (68dcf5eebde371..., userDataDir: C:\Users\Admin\AppData\Loca...}, cssSelectorsEnabled: true, databaseEnabled: false, goog:chromeOptions: {debuggerAddress: localhost:60688}, handlesAlerts: true, hasTouchScreen: false, javascriptEnabled: true, locationContextEnabled: true, mobileEmulationEnabled: false, nativeEvents: true, networkConnectionEnabled: false, pageLoadStrategy: normal, platform: XP, platformName: XP, rotatable: false, setWindowRect: true, takesHeapSnapshot: true, takesScreenshot: true, unexpectedAlertBehaviour: , unhandledPromptBehavior: , version: 70.0.3538.110, webStorageEnabled: true}
Session ID: 55351dad626df124675c3e13977a058d)
	at com.kms.katalon.core.keyword.internal.KeywordMain.stepFailed(KeywordMain.groovy:32)
	at com.kms.katalon.core.webui.keyword.internal.WebUIKeywordMain.stepFailed(WebUIKeywordMain.groovy:65)
	at com.kms.katalon.core.webui.keyword.internal.WebUIKeywordMain.runKeyword(WebUIKeywordMain.groovy:27)
	at com.kms.katalon.core.webui.keyword.builtin.GetTextKeyword.getText(GetTextKeyword.groovy:88)
	at com.kms.katalon.core.webui.keyword.builtin.GetTextKeyword.execute(GetTextKeyword.groovy:67)
	at com.kms.katalon.core.keyword.internal.KeywordExecutor.executeKeywordForPlatform(KeywordExecutor.groovy:53)
	at com.kms.katalon.core.webui.keyword.WebUiBuiltInKeywords.getText(WebUiBuiltInKeywords.groovy:888)
	at com.kms.katalon.core.webui.keyword.WebUiBuiltInKeywords$getText$5.call(Unknown Source)
	at Script1536221052180.run(Script1536221052180.groovy:138)
	at com.kms.katalon.core.main.ScriptEngine.run(ScriptEngine.java:183)
	at com.kms.katalon.core.main.ScriptEngine.runScriptAsRawText(ScriptEngine.java:108)
	at com.kms.katalon.core.main.TestCaseExecutor.runScript(TestCaseExecutor.java:294)
	at com.kms.katalon.core.main.TestCaseExecutor.doExecute(TestCaseExecutor.java:285)
	at com.kms.katalon.core.main.TestCaseExecutor.processExecutionPhase(TestCaseExecutor.java:264)
	at com.kms.katalon.core.main.TestCaseExecutor.accessMainPhase(TestCaseExecutor.java:256)
	at com.kms.katalon.core.main.TestCaseExecutor.execute(TestCaseExecutor.java:200)
	at com.kms.katalon.core.main.TestCaseMain.runTestCase(TestCaseMain.java:99)
	at com.kms.katalon.core.keyword.builtin.CallTestCaseKeyword$_callTestCase_closure1.doCall(CallTestCaseKeyword.groovy:60)
	at com.kms.katalon.core.keyword.builtin.CallTestCaseKeyword$_callTestCase_closure1.call(CallTestCaseKeyword.groovy)
	at com.kms.katalon.core.keyword.internal.KeywordMain.runKeyword(KeywordMain.groovy:54)
	at com.kms.katalon.core.keyword.builtin.CallTestCaseKeyword.callTestCase(CallTestCaseKeyword.groovy:81)
	at com.kms.katalon.core.keyword.builtin.CallTestCaseKeyword.execute(CallTestCaseKeyword.groovy:45)
	at com.kms.katalon.core.keyword.internal.KeywordExecutor.executeKeywordForPlatform(KeywordExecutor.groovy:53)
	at com.kms.katalon.core.keyword.BuiltinKeywords.callTestCase(BuiltinKeywords.groovy:334)
	at sun.reflect.GeneratedMethodAccessor13.invoke(Unknown Source)
	at sun.reflect.DelegatingMethodAccessorImpl.invoke(DelegatingMethodAccessorImpl.java:43)
	at java.lang.reflect.Method.invoke(Method.java:498)
	at org.codehaus.groovy.reflection.CachedMethod.invoke(CachedMethod.java:93)
	at groovy.lang.MetaMethod.doMethodInvoke(MetaMethod.java:325)
	at groovy.lang.MetaClassImpl.invokeStaticMethod(MetaClassImpl.java:1469)
	at org.codehaus.groovy.runtime.callsite.StaticMetaClassSite.call(StaticMetaClassSite.java:53)
	at org.codehaus.groovy.runtime.callsite.CallSiteArray.defaultCall(CallSiteArray.java:48)
	at org.codehaus.groovy.runtime.callsite.AbstractCallSite.call(AbstractCallSite.java:113)
	at org.codehaus.groovy.runtime.callsite.AbstractCallSite.call(AbstractCallSite.java:141)
	at Script1536220953611.run(Script1536220953611.groovy:22)
	at com.kms.katalon.core.main.ScriptEngine.run(ScriptEngine.java:183)
	at com.kms.katalon.core.main.ScriptEngine.runScriptAsRawText(ScriptEngine.java:108)
	at com.kms.katalon.core.main.TestCaseExecutor.runScript(TestCaseExecutor.java:294)
	at com.kms.katalon.core.main.TestCaseExecutor.doExecute(TestCaseExecutor.java:285)
	at com.kms.katalon.core.main.TestCaseExecutor.processExecutionPhase(TestCaseExecutor.java:264)
	at com.kms.katalon.core.main.TestCaseExecutor.accessMainPhase(TestCaseExecutor.java:256)
	at com.kms.katalon.core.main.TestCaseExecutor.execute(TestCaseExecutor.java:200)
	at com.kms.katalon.core.main.TestSuiteExecutor.accessTestCaseMainPhase(TestSuiteExecutor.java:129)
	at com.kms.katalon.core.main.TestSuiteExecutor.accessTestSuiteMainPhase(TestSuiteExecutor.java:112)
	at com.kms.katalon.core.main.TestSuiteExecutor.execute(TestSuiteExecutor.java:81)
	at com.kms.katalon.core.main.TestCaseMain.startTestSuite(TestCaseMain.java:142)
	at com.kms.katalon.core.main.TestCaseMain$startTestSuite$0.call(Unknown Source)
	at org.codehaus.groovy.runtime.callsite.CallSiteArray.defaultCall(CallSiteArray.java:48)
	at org.codehaus.groovy.runtime.callsite.AbstractCallSite.call(AbstractCallSite.java:113)
	at org.codehaus.groovy.runtime.callsite.AbstractCallSite.call(AbstractCallSite.java:141)
	at TempTestSuite1544406462574.run(TempTestSuite1544406462574.groovy:36)
	at groovy.lang.GroovyShell.runScriptOrMainOrTestOrRunnable(GroovyShell.java:263)
	at groovy.lang.GroovyShell.run(GroovyShell.java:518)
	at groovy.lang.GroovyShell.run(GroovyShell.java:507)
	at groovy.ui.GroovyMain.processOnce(GroovyMain.java:653)
	at groovy.ui.GroovyMain.run(GroovyMain.java:384)
	at groovy.ui.GroovyMain.process(GroovyMain.java:370)
	at groovy.ui.GroovyMain.processArgs(GroovyMain.java:129)
	at groovy.ui.GroovyMain.main(GroovyMain.java:109)
	at sun.reflect.NativeMethodAccessorImpl.invoke0(Native Method)
	at sun.reflect.NativeMethodAccessorImpl.invoke(NativeMethodAccessorImpl.java:62)
	at sun.reflect.DelegatingMethodAccessorImpl.invoke(DelegatingMethodAccessorImpl.java:43)
	at java.lang.reflect.Method.invoke(Method.java:498)
	at org.codehaus.groovy.tools.GroovyStarter.rootLoader(GroovyStarter.java:109)
	at org.codehaus.groovy.tools.GroovyStarter.main(GroovyStarter.java:131)
)]]></system-err>
   </testsuite>
</testsuites>
