<?xml version="1.0" encoding="UTF-8"?>
<testsuites name="Update Employer Information" time="3239" tests="16" failures="0" errors="0">
   <testsuite name="Update Employer Information" tests="16" failures="0" errors="0" time="3239" timestamp="2018-12-10 15:36:30" hostname="Admin - Win7Test02" id="Test Suites/Workflow/Update Employer Information">
      <properties>
         <property name="deviceName" value=""/>
         <property name="devicePlatform" value=""/>
         <property name="logFolder" value="C:\\Users\\Admin\\Desktop\\PKS\\Perkeso Phase A\\Reports\\Workflow\\Update Employer Information\\20181210_153628"/>
         <property name="logFiles" value="C:\\Users\\Admin\\Desktop\\PKS\\Perkeso Phase A\\Reports\\Workflow\\Update Employer Information\\20181210_153628\\execution0.log"/>
         <property name="attachments" value=""/>
         <property name="hostName" value="Admin - Win7Test02"/>
         <property name="os" value="Windows 7 64bit"/>
         <property name="katalonVersion" value="5.8.6.1"/>
         <property name="browser" value="Chrome 70.0.3538.110"/>
         <property name="hostAddress" value="10.20.3.72"/>
         <property name="sessionId" value="668ad7a074c0770e20c508f4ec8a37d1"/>
         <property name="seleniumVersion" value="3.7.1"/>
         <property name="proxyInformation" value="ProxyInformation{proxyOption=NO_PROXY, proxyServerType=HTTP, password=, proxyServerAddress=, proxyServerPort=0}"/>
         <property name="platform" value="Windows 7"/>
      </properties>
      <testcase name="Test Cases/Final Aug 2018 - PKS Automation/Registration Module/Workflow/Update Employer Information/Employer - UO (Approve)" classname="Test Cases/Final Aug 2018 - PKS Automation/Registration Module/Workflow/Update Employer Information/Employer - UO (Approve)" status="PASSED">
         <system-out><![CDATA[2018-12-10 15:36:31 - [TEST_CASE][PASSED] - Test Cases/Final Aug 2018 - PKS Automation/Registration Module/Workflow/Update Employer Information/Employer - UO (Approve): Test Cases/Final Aug 2018 - PKS Automation/Registration Module/Workflow/Update Employer Information/Employer - UO (Approve)

2018-12-10 15:36:31 - [TEST_STEP][PASSED] - callTestCase: Call Test Case 'Test Cases/Final Aug 2018 - PKS Automation/Registration Module/Workflow/Update Employer Information/Template/Update Employer Information - Special Case (Employer)' successfully

2018-12-10 15:36:31 - [TEST_CASE][PASSED] - Test Cases/Final Aug 2018 - PKS Automation/Registration Module/Workflow/Update Employer Information/Template/Update Employer Information - Special Case (Employer): Test Cases/Final Aug 2018 - PKS Automation/Registration Module/Workflow/Update Employer Information/Template/Update Employer Information - Special Case (Employer)

2018-12-10 15:36:31 - [TEST_STEP][PASSED] - callTestCase: Call Test Case 'Test Cases/Final Aug 2018 - PKS Automation/Create Employer Acc/Login to Employer Account (Second time)' successfully

2018-12-10 15:36:32 - [TEST_CASE][PASSED] - Test Cases/Final Aug 2018 - PKS Automation/Create Employer Acc/Login to Employer Account (Second time): Test Cases/Final Aug 2018 - PKS Automation/Create Employer Acc/Login to Employer Account (Second time)

2018-12-10 15:36:32 - [TEST_STEP][PASSED] - openBrowser: Browser is opened with url: ''

2018-12-10 15:36:36 - [MESSAGE][PASSED] - Browser is opened with url: ''

2018-12-10 15:36:36 - [TEST_STEP][PASSED] - navigateToUrl: Navigate to 'https://assist2-uat.perkeso.gov.my/employer/login' successfully

2018-12-10 15:36:37 - [MESSAGE][PASSED] - Navigate to 'https://assist2-uat.perkeso.gov.my/employer/login' successfully

2018-12-10 15:36:37 - [TEST_STEP][PASSED] - delay: Delayed 3 second(s)

2018-12-10 15:36:40 - [MESSAGE][PASSED] - Delayed 3 second(s)

2018-12-10 15:36:40 - [TEST_STEP][PASSED] - callTestCase: Call Test Case 'Test Cases/Final Aug 2018 - PKS Automation/Create Employer Acc/Template/Employer Email Getter' successfully

2018-12-10 15:36:40 - [TEST_CASE][PASSED] - Test Cases/Final Aug 2018 - PKS Automation/Create Employer Acc/Template/Employer Email Getter: Test Cases/Final Aug 2018 - PKS Automation/Create Employer Acc/Template/Employer Email Getter

2018-12-10 15:36:41 - [TEST_STEP][PASSED] - Statement - Try: null

2018-12-10 15:36:41 - [TEST_STEP][PASSED] - Statement - EmpEmail = new java.io.File(C://Users//Admin//Desktop//PKS//Automation Reference Point//EmpEmail.txt): null

2018-12-10 15:36:41 - [TEST_STEP][PASSED] - Statement - bufferread = new java.io.BufferedReader(new java.io.FileReader(EmpEmail)): null

2018-12-10 15:36:41 - [TEST_STEP][PASSED] - Statement - readedVal = bufferread.readLine(): null

2018-12-10 15:36:41 - [TEST_STEP][PASSED] - Statement - out.println(readedVal): null

2018-12-10 15:36:41 - [TEST_STEP][PASSED] - Statement - Email = readedVal: null

2018-12-10 15:36:41 - [MESSAGE][PASSED] - Call Test Case 'Test Cases/Final Aug 2018 - PKS Automation/Create Employer Acc/Template/Employer Email Getter' successfully

2018-12-10 15:36:41 - [TEST_STEP][PASSED] - setText: Text 'perkeso864217735948@gmail.com' is set on object 'Object Repository/Final Object Repo/Login Page/External Login Page/Email'

2018-12-10 15:36:41 - [MESSAGE][PASSED] - Text 'perkeso864217735948@gmail.com' is set on object 'Object Repository/Final Object Repo/Login Page/External Login Page/Email'

2018-12-10 15:36:41 - [TEST_STEP][PASSED] - click: Object: 'Object Repository/Final Object Repo/Login Page/External Login Page/Next' is clicked on

2018-12-10 15:36:41 - [MESSAGE][PASSED] - Object: 'Object Repository/Final Object Repo/Login Page/External Login Page/Next' is clicked on

2018-12-10 15:36:41 - [TEST_STEP][PASSED] - delay: Delayed 3 second(s)

2018-12-10 15:36:44 - [MESSAGE][PASSED] - Delayed 3 second(s)

2018-12-10 15:36:44 - [TEST_STEP][PASSED] - setEncryptedText: Text ****** has been set on object 'Object Repository/Final Object Repo/Login Page/External Login Page/Password'

2018-12-10 15:36:45 - [MESSAGE][PASSED] - Text ****** has been set on object 'Object Repository/Final Object Repo/Login Page/External Login Page/Password'

2018-12-10 15:36:45 - [TEST_STEP][PASSED] - click: Object: 'Object Repository/Final Object Repo/Login Page/External Login Page/Login' is clicked on

2018-12-10 15:36:45 - [MESSAGE][PASSED] - Object: 'Object Repository/Final Object Repo/Login Page/External Login Page/Login' is clicked on

2018-12-10 15:36:45 - [TEST_STEP][PASSED] - delay: Delayed 5 second(s)

2018-12-10 15:36:50 - [MESSAGE][PASSED] - Delayed 5 second(s)

2018-12-10 15:36:50 - [MESSAGE][PASSED] - Call Test Case 'Test Cases/Final Aug 2018 - PKS Automation/Create Employer Acc/Login to Employer Account (Second time)' successfully

2018-12-10 15:36:50 - [TEST_STEP][PASSED] - Statement - tester = com.kms.katalon.core.testobject.ObjectRepository.findTestObject(Final Object Repo/Landing Page/Select to English): Finding Test Object with id 'Object Repository/Final Object Repo/Landing Page/Select to English'

2018-12-10 15:36:50 - [TEST_STEP][PASSED] - Statement - Try: Delayed 2 second(s)

2018-12-10 15:36:50 - [TEST_STEP][PASSED] - Statement - Checker = com.kms.katalon.core.webui.keyword.WebUiBuiltInKeywords.verifyElementNotPresent(tester, 3): Web element with id: 'Object Repository/Final Object Repo/Landing Page/Select to English' located by 'By.xpath: //a[@class = 'taglib-language-list-text' and @lang = 'en-US' and (contains(text(), 'EN') or contains(., 'EN'))]' is not present after '3' second(s)

2018-12-10 15:36:51 - [MESSAGE][PASSED] - Web element with id: 'Object Repository/Final Object Repo/Landing Page/Select to English' located by 'By.xpath: //a[@class = 'taglib-language-list-text' and @lang = 'en-US' and (contains(text(), 'EN') or contains(., 'EN'))]' is not present after '3' second(s)

2018-12-10 15:36:51 - [TEST_STEP][PASSED] - Statement - If (Checker == false): null

2018-12-10 15:36:51 - [TEST_STEP][PASSED] - delay: Delayed 2 second(s)

2018-12-10 15:36:53 - [MESSAGE][PASSED] - Delayed 2 second(s)

2018-12-10 15:36:53 - [TEST_STEP][PASSED] - delay: Delayed 5 second(s)

2018-12-10 15:36:58 - [MESSAGE][PASSED] - Delayed 5 second(s)

2018-12-10 15:36:58 - [TEST_STEP][PASSED] - navigateToUrl: Navigate to 'https://assist2-uat.perkeso.gov.my/web/registration/update/update-employer-information' successfully

2018-12-10 15:36:59 - [MESSAGE][PASSED] - Navigate to 'https://assist2-uat.perkeso.gov.my/web/registration/update/update-employer-information' successfully

2018-12-10 15:36:59 - [TEST_STEP][PASSED] - click: Object: 'Object Repository/Final Object Repo/Page_Update Employer Information/Edit Button' is clicked on

2018-12-10 15:37:02 - [MESSAGE][PASSED] - Object: 'Object Repository/Final Object Repo/Page_Update Employer Information/Edit Button' is clicked on

2018-12-10 15:37:02 - [TEST_STEP][PASSED] - click: Object: 'Object Repository/Final Object Repo/Page_Update Employer Information/Business Entity' is clicked on

2018-12-10 15:37:02 - [MESSAGE][PASSED] - Object: 'Object Repository/Final Object Repo/Page_Update Employer Information/Business Entity' is clicked on

2018-12-10 15:37:02 - [TEST_STEP][PASSED] - Statement - CurrentBusinessEntity = "": null

2018-12-10 15:37:02 - [TEST_STEP][PASSED] - Statement - CurrentBusinessEntity = com.kms.katalon.core.webui.keyword.WebUiBuiltInKeywords.getText(com.kms.katalon.core.testobject.ObjectRepository.findTestObject(Final Object Repo/Page_Update Employer Information/Current Business Entity)): Text of object 'Object Repository/Final Object Repo/Page_Update Employer Information/Current Business Entity' is: 'Partnership'

2018-12-10 15:37:02 - [MESSAGE][PASSED] - Text of object 'Object Repository/Final Object Repo/Page_Update Employer Information/Current Business Entity' is: 'Partnership'

2018-12-10 15:37:02 - [TEST_STEP][PASSED] - Statement - out.println(CurrentBusinessEntity): null

2018-12-10 15:37:02 - [TEST_STEP][PASSED] - Statement - If (CurrentBusinessEntity == "Corporation"): null

2018-12-10 15:37:02 - [TEST_STEP][PASSED] - Statement - Else If (CurrentBusinessEntity == "Partnership"): Delayed 3 second(s)

2018-12-10 15:37:02 - [TEST_STEP][PASSED] - Statement - obj = com.kms.katalon.core.webui.keyword.WebUiBuiltInKeywords.modifyObjectProperty(com.kms.katalon.core.testobject.ObjectRepository.findTestObject(Final Object Repo/Page_Update Employer Information/change to this Business Entity), "xpath", "equals", "//ul/li/span[contains(text(),"Sole Proprietor / Individual Business")]", true, STOP_ON_FAILURE): Modify property of object successfully

2018-12-10 15:37:02 - [MESSAGE][PASSED] - Modify property of object successfully

2018-12-10 15:37:02 - [TEST_STEP][PASSED] - click: Object: 'Object Repository/Final Object Repo/Page_Update Employer Information/change to this Business Entity' is clicked on

2018-12-10 15:37:02 - [MESSAGE][PASSED] - Object: 'Object Repository/Final Object Repo/Page_Update Employer Information/change to this Business Entity' is clicked on

2018-12-10 15:37:02 - [TEST_STEP][PASSED] - delay: Delayed 1 second(s)

2018-12-10 15:37:03 - [MESSAGE][PASSED] - Delayed 1 second(s)

2018-12-10 15:37:03 - [TEST_STEP][PASSED] - click: Object: 'Object Repository/Final Object Repo/Page_Update Employer Information/Sub Business Entity' is clicked on

2018-12-10 15:37:03 - [MESSAGE][PASSED] - Object: 'Object Repository/Final Object Repo/Page_Update Employer Information/Sub Business Entity' is clicked on

2018-12-10 15:37:03 - [TEST_STEP][PASSED] - click: Object: 'Object Repository/Final Object Repo/Page_Update Employer Information/Sub Business Entity - Sole Properietor - Registered with other Agencies' is clicked on

2018-12-10 15:37:04 - [MESSAGE][PASSED] - Object: 'Object Repository/Final Object Repo/Page_Update Employer Information/Sub Business Entity - Sole Properietor - Registered with other Agencies' is clicked on

2018-12-10 15:37:04 - [TEST_STEP][PASSED] - delay: Delayed 3 second(s)

2018-12-10 15:37:07 - [MESSAGE][PASSED] - Delayed 3 second(s)

2018-12-10 15:37:07 - [TEST_STEP][PASSED] - delay: Delayed 4 second(s)

2018-12-10 15:37:11 - [MESSAGE][PASSED] - Delayed 4 second(s)

2018-12-10 15:37:11 - [TEST_STEP][PASSED] - click: Object: 'Object Repository/Final Object Repo/Page_Update Employer Information/Save  Continue' is clicked on

2018-12-10 15:37:11 - [MESSAGE][PASSED] - Object: 'Object Repository/Final Object Repo/Page_Update Employer Information/Save  Continue' is clicked on

2018-12-10 15:37:11 - [TEST_STEP][PASSED] - delay: Delayed 4 second(s)

2018-12-10 15:37:15 - [MESSAGE][PASSED] - Delayed 4 second(s)

2018-12-10 15:37:15 - [TEST_STEP][PASSED] - click: Object: 'Object Repository/Final Object Repo/Page_Update Employer Information/Save  Continue (1)' is clicked on

2018-12-10 15:37:15 - [MESSAGE][PASSED] - Object: 'Object Repository/Final Object Repo/Page_Update Employer Information/Save  Continue (1)' is clicked on

2018-12-10 15:37:15 - [TEST_STEP][PASSED] - delay: Delayed 4 second(s)

2018-12-10 15:37:19 - [MESSAGE][PASSED] - Delayed 4 second(s)

2018-12-10 15:37:19 - [TEST_STEP][PASSED] - Statement - CaseReferenceNo = com.kms.katalon.core.webui.keyword.WebUiBuiltInKeywords.getText(com.kms.katalon.core.testobject.ObjectRepository.findTestObject(Final Object Repo/Page_Update Employer Information/Reference Number in Update Employee Information Page)): Text of object 'Object Repository/Final Object Repo/Page_Update Employer Information/Reference Number in Update Employee Information Page' is: 'CUN122018C100005948'

2018-12-10 15:37:19 - [MESSAGE][PASSED] - Text of object 'Object Repository/Final Object Repo/Page_Update Employer Information/Reference Number in Update Employee Information Page' is: 'CUN122018C100005948'

2018-12-10 15:37:19 - [TEST_STEP][PASSED] - callTestCase: Call Test Case 'Test Cases/Final Aug 2018 - PKS Automation/Common/Reference Number Setter' successfully

2018-12-10 15:37:19 - [TEST_CASE][PASSED] - Test Cases/Final Aug 2018 - PKS Automation/Common/Reference Number Setter: Test Cases/Final Aug 2018 - PKS Automation/Common/Reference Number Setter

2018-12-10 15:37:20 - [TEST_STEP][PASSED] - Statement - RefNoOldFile = new java.io.File(C://Users//Admin//Desktop//PKS//Automation Reference Point//KatalonReference.txt): null

2018-12-10 15:37:20 - [TEST_STEP][PASSED] - Statement - RefNoOldFile.delete(): null

2018-12-10 15:37:20 - [TEST_STEP][PASSED] - delay: Delayed 5 second(s)

2018-12-10 15:37:25 - [MESSAGE][PASSED] - Delayed 5 second(s)

2018-12-10 15:37:25 - [TEST_STEP][PASSED] - Statement - RefNo = new java.io.File(C://Users//Admin//Desktop//PKS//Automation Reference Point//KatalonReference.txt): null

2018-12-10 15:37:25 - [TEST_STEP][PASSED] - Statement - f2 = new java.io.FileWriter(RefNo, false): null

2018-12-10 15:37:25 - [TEST_STEP][PASSED] - Statement - f2.write(CaseReferenceNo): null

2018-12-10 15:37:25 - [TEST_STEP][PASSED] - Statement - f2.close(): null

2018-12-10 15:37:25 - [TEST_STEP][PASSED] - Statement - out.println("


" + CaseReferenceNo + "


"): null

2018-12-10 15:37:25 - [MESSAGE][PASSED] - Call Test Case 'Test Cases/Final Aug 2018 - PKS Automation/Common/Reference Number Setter' successfully

2018-12-10 15:37:25 - [TEST_STEP][PASSED] - delay: Delayed 4 second(s)

2018-12-10 15:37:29 - [MESSAGE][PASSED] - Delayed 4 second(s)

2018-12-10 15:37:29 - [TEST_STEP][PASSED] - click: Object: 'Object Repository/Final Object Repo/Page_Update Employer Information/Submit - Copy' is clicked on

2018-12-10 15:37:29 - [MESSAGE][PASSED] - Object: 'Object Repository/Final Object Repo/Page_Update Employer Information/Submit - Copy' is clicked on

2018-12-10 15:37:29 - [TEST_STEP][PASSED] - delay: Delayed 2 second(s)

2018-12-10 15:37:31 - [MESSAGE][PASSED] - Delayed 2 second(s)

2018-12-10 15:37:31 - [TEST_STEP][PASSED] - click: Object: 'Object Repository/Final Object Repo/Page_Update Employer Information/Confirm' is clicked on

2018-12-10 15:37:31 - [MESSAGE][PASSED] - Object: 'Object Repository/Final Object Repo/Page_Update Employer Information/Confirm' is clicked on

2018-12-10 15:37:31 - [TEST_STEP][PASSED] - delay: Delayed 2 second(s)

2018-12-10 15:37:33 - [MESSAGE][PASSED] - Delayed 2 second(s)

2018-12-10 15:37:33 - [TEST_STEP][PASSED] - click: Object: 'Object Repository/Final Object Repo/Page_Update Employer Information/Message Your Request will be route' is clicked on

2018-12-10 15:37:37 - [MESSAGE][PASSED] - Object: 'Object Repository/Final Object Repo/Page_Update Employer Information/Message Your Request will be route' is clicked on

2018-12-10 15:37:37 - [MESSAGE][PASSED] - Call Test Case 'Test Cases/Final Aug 2018 - PKS Automation/Registration Module/Workflow/Update Employer Information/Template/Update Employer Information - Special Case (Employer)' successfully

2018-12-10 15:37:37 - [TEST_STEP][PASSED] - callTestCase: Call Test Case 'Test Cases/Final Aug 2018 - PKS Automation/Registration Module/Workflow/Update Employer Information/Template/Update Employer Information - Special Case - UO (Approve)' successfully

2018-12-10 15:37:37 - [TEST_CASE][PASSED] - Test Cases/Final Aug 2018 - PKS Automation/Registration Module/Workflow/Update Employer Information/Template/Update Employer Information - Special Case - UO (Approve): Test Cases/Final Aug 2018 - PKS Automation/Registration Module/Workflow/Update Employer Information/Template/Update Employer Information - Special Case - UO (Approve)

2018-12-10 15:37:37 - [TEST_STEP][NOT_RUN] - callTestCase: NOT_RUN: callTestCase

2018-12-10 15:37:37 - [MESSAGE][NOT_RUN] - NOT_RUN: callTestCase

2018-12-10 15:37:37 - [TEST_STEP][NOT_RUN] - delay: NOT_RUN: delay

2018-12-10 15:37:37 - [MESSAGE][NOT_RUN] - NOT_RUN: delay

2018-12-10 15:37:37 - [TEST_STEP][NOT_RUN] - navigateToUrl: NOT_RUN: navigateToUrl

2018-12-10 15:37:37 - [MESSAGE][NOT_RUN] - NOT_RUN: navigateToUrl

2018-12-10 15:37:37 - [TEST_STEP][PASSED] - delay: Delayed 1 second(s)

2018-12-10 15:37:38 - [MESSAGE][PASSED] - Delayed 1 second(s)

2018-12-10 15:37:38 - [TEST_STEP][PASSED] - callTestCase: Call Test Case 'Test Cases/Final Aug 2018 - PKS Automation/Common/Reference Number Getter' successfully

2018-12-10 15:37:38 - [TEST_CASE][PASSED] - Test Cases/Final Aug 2018 - PKS Automation/Common/Reference Number Getter: Test Cases/Final Aug 2018 - PKS Automation/Common/Reference Number Getter

2018-12-10 15:37:39 - [TEST_STEP][PASSED] - Statement - Try: null

2018-12-10 15:37:39 - [TEST_STEP][PASSED] - Statement - RefNo = new java.io.File(C://Users//Admin//Desktop//PKS//Automation Reference Point//KatalonReference.txt): null

2018-12-10 15:37:39 - [TEST_STEP][PASSED] - Statement - bufferread = new java.io.BufferedReader(new java.io.FileReader(RefNo)): null

2018-12-10 15:37:39 - [TEST_STEP][PASSED] - Statement - readedVal = bufferread.readLine(): null

2018-12-10 15:37:39 - [TEST_STEP][PASSED] - Statement - out.println(CaseReferenceNo): null

2018-12-10 15:37:39 - [TEST_STEP][PASSED] - Statement - out.println(readedVal): null

2018-12-10 15:37:39 - [TEST_STEP][PASSED] - Statement - CaseReferenceNo = "": null

2018-12-10 15:37:39 - [TEST_STEP][PASSED] - Statement - CaseReferenceNo = readedVal: null

2018-12-10 15:37:39 - [MESSAGE][PASSED] - Call Test Case 'Test Cases/Final Aug 2018 - PKS Automation/Common/Reference Number Getter' successfully

2018-12-10 15:37:39 - [TEST_STEP][PASSED] - callTestCase: Call Test Case 'Test Cases/Final Aug 2018 - PKS Automation/Common/Workflow Owner Finder' successfully

2018-12-10 15:37:39 - [TEST_CASE][PASSED] - Test Cases/Final Aug 2018 - PKS Automation/Common/Workflow Owner Finder: Test Cases/Final Aug 2018 - PKS Automation/Common/Workflow Owner Finder

2018-12-10 15:37:39 - [TEST_STEP][PASSED] - openBrowser: Browser is opened with url: ''

2018-12-10 15:37:39 - [MESSAGE][WARNING] - A browser is already opened. Closing browser and opening a new one

2018-12-10 15:37:42 - [MESSAGE][PASSED] - Browser is opened with url: ''

2018-12-10 15:37:42 - [TEST_STEP][PASSED] - navigateToUrl: Navigate to 'https://assist2-uat.perkeso.gov.my/login' successfully

2018-12-10 15:37:43 - [MESSAGE][PASSED] - Navigate to 'https://assist2-uat.perkeso.gov.my/login' successfully

2018-12-10 15:37:43 - [TEST_STEP][PASSED] - delay: Delayed 5 second(s)

2018-12-10 15:37:48 - [MESSAGE][PASSED] - Delayed 5 second(s)

2018-12-10 15:37:48 - [TEST_STEP][PASSED] - setText: Text 'test@liferay.com' is set on object 'Object Repository/Final Object Repo/Login Page/Internal User/Email Address'

2018-12-10 15:37:49 - [MESSAGE][PASSED] - Text 'test@liferay.com' is set on object 'Object Repository/Final Object Repo/Login Page/Internal User/Email Address'

2018-12-10 15:37:49 - [TEST_STEP][PASSED] - click: Object: 'Object Repository/Final Object Repo/Login Page/Internal User/Next Button' is clicked on

2018-12-10 15:37:49 - [MESSAGE][PASSED] - Object: 'Object Repository/Final Object Repo/Login Page/Internal User/Next Button' is clicked on

2018-12-10 15:37:49 - [TEST_STEP][PASSED] - delay: Delayed 2 second(s)

2018-12-10 15:37:51 - [MESSAGE][PASSED] - Delayed 2 second(s)

2018-12-10 15:37:51 - [TEST_STEP][PASSED] - setText: Text 'test' is set on object 'Object Repository/Final Object Repo/Login Page/Internal User/Password'

2018-12-10 15:37:51 - [MESSAGE][PASSED] - Text 'test' is set on object 'Object Repository/Final Object Repo/Login Page/Internal User/Password'

2018-12-10 15:37:51 - [TEST_STEP][PASSED] - delay: Delayed 2 second(s)

2018-12-10 15:37:53 - [MESSAGE][PASSED] - Delayed 2 second(s)

2018-12-10 15:37:53 - [TEST_STEP][PASSED] - click: Object: 'Object Repository/Final Object Repo/Login Page/Internal User/Login Button' is clicked on

2018-12-10 15:37:53 - [MESSAGE][PASSED] - Object: 'Object Repository/Final Object Repo/Login Page/Internal User/Login Button' is clicked on

2018-12-10 15:37:53 - [TEST_STEP][PASSED] - Statement - tester = com.kms.katalon.core.testobject.ObjectRepository.findTestObject(Final Object Repo/Landing Page/Select to English): Finding Test Object with id 'Object Repository/Final Object Repo/Landing Page/Select to English'

2018-12-10 15:37:53 - [TEST_STEP][PASSED] - Statement - Try: Delayed 2 second(s)

2018-12-10 15:37:53 - [TEST_STEP][PASSED] - Statement - Checker = com.kms.katalon.core.webui.keyword.WebUiBuiltInKeywords.verifyElementNotPresent(tester, 3): Web element with id: 'Object Repository/Final Object Repo/Landing Page/Select to English' located by 'By.xpath: //a[@class = 'taglib-language-list-text' and @lang = 'en-US' and (contains(text(), 'EN') or contains(., 'EN'))]' is not present after '3' second(s)

2018-12-10 15:37:55 - [MESSAGE][PASSED] - Web element with id: 'Object Repository/Final Object Repo/Landing Page/Select to English' located by 'By.xpath: //a[@class = 'taglib-language-list-text' and @lang = 'en-US' and (contains(text(), 'EN') or contains(., 'EN'))]' is not present after '3' second(s)

2018-12-10 15:37:55 - [TEST_STEP][PASSED] - Statement - If (Checker == false): null

2018-12-10 15:37:55 - [TEST_STEP][PASSED] - delay: Delayed 2 second(s)

2018-12-10 15:37:57 - [MESSAGE][PASSED] - Delayed 2 second(s)

2018-12-10 15:37:57 - [TEST_STEP][PASSED] - delay: Delayed 5 second(s)

2018-12-10 15:38:02 - [MESSAGE][PASSED] - Delayed 5 second(s)

2018-12-10 15:38:02 - [TEST_STEP][PASSED] - mouseOver: Object: 'Object Repository/Final Object Repo/Landing Page/WorkFlow Menu' is hovered

2018-12-10 15:38:03 - [MESSAGE][PASSED] - Object: 'Object Repository/Final Object Repo/Landing Page/WorkFlow Menu' is hovered

2018-12-10 15:38:03 - [TEST_STEP][PASSED] - delay: Delayed 2 second(s)

2018-12-10 15:38:05 - [MESSAGE][PASSED] - Delayed 2 second(s)

2018-12-10 15:38:05 - [TEST_STEP][PASSED] - click: Object: 'Object Repository/Final Object Repo/Landing Page/Select to Workflow Listing' is clicked on

2018-12-10 15:38:06 - [MESSAGE][PASSED] - Object: 'Object Repository/Final Object Repo/Landing Page/Select to Workflow Listing' is clicked on

2018-12-10 15:38:06 - [TEST_STEP][PASSED] - delay: Delayed 2 second(s)

2018-12-10 15:38:08 - [MESSAGE][PASSED] - Delayed 2 second(s)

2018-12-10 15:38:08 - [TEST_STEP][PASSED] - click: Object: 'Object Repository/Final Object Repo/WorkFlow Listing Page/Search Information - To Put Ref No' is clicked on

2018-12-10 15:38:08 - [MESSAGE][PASSED] - Object: 'Object Repository/Final Object Repo/WorkFlow Listing Page/Search Information - To Put Ref No' is clicked on

2018-12-10 15:38:08 - [TEST_STEP][PASSED] - delay: Delayed 2 second(s)

2018-12-10 15:38:10 - [MESSAGE][PASSED] - Delayed 2 second(s)

2018-12-10 15:38:10 - [TEST_STEP][PASSED] - callTestCase: Call Test Case 'Test Cases/Final Aug 2018 - PKS Automation/Common/Reference Number Getter' successfully

2018-12-10 15:38:10 - [TEST_CASE][PASSED] - Test Cases/Final Aug 2018 - PKS Automation/Common/Reference Number Getter: Test Cases/Final Aug 2018 - PKS Automation/Common/Reference Number Getter

2018-12-10 15:38:10 - [TEST_STEP][PASSED] - Statement - Try: null

2018-12-10 15:38:10 - [TEST_STEP][PASSED] - Statement - RefNo = new java.io.File(C://Users//Admin//Desktop//PKS//Automation Reference Point//KatalonReference.txt): null

2018-12-10 15:38:10 - [TEST_STEP][PASSED] - Statement - bufferread = new java.io.BufferedReader(new java.io.FileReader(RefNo)): null

2018-12-10 15:38:10 - [TEST_STEP][PASSED] - Statement - readedVal = bufferread.readLine(): null

2018-12-10 15:38:10 - [TEST_STEP][PASSED] - Statement - out.println(CaseReferenceNo): null

2018-12-10 15:38:10 - [TEST_STEP][PASSED] - Statement - out.println(readedVal): null

2018-12-10 15:38:10 - [TEST_STEP][PASSED] - Statement - CaseReferenceNo = "": null

2018-12-10 15:38:10 - [TEST_STEP][PASSED] - Statement - CaseReferenceNo = readedVal: null

2018-12-10 15:38:10 - [MESSAGE][PASSED] - Call Test Case 'Test Cases/Final Aug 2018 - PKS Automation/Common/Reference Number Getter' successfully

2018-12-10 15:38:10 - [TEST_STEP][PASSED] - setText: Text 'CUN122018C100005948' is set on object 'Object Repository/Final Object Repo/WorkFlow Listing Page/Ref No Set Text'

2018-12-10 15:38:11 - [MESSAGE][PASSED] - Text 'CUN122018C100005948' is set on object 'Object Repository/Final Object Repo/WorkFlow Listing Page/Ref No Set Text'

2018-12-10 15:38:11 - [TEST_STEP][PASSED] - delay: Delayed 2 second(s)

2018-12-10 15:38:13 - [MESSAGE][PASSED] - Delayed 2 second(s)

2018-12-10 15:38:13 - [TEST_STEP][PASSED] - click: Object: 'Object Repository/Final Object Repo/WorkFlow Listing Page/Search Ref No Search Button' is clicked on

2018-12-10 15:38:13 - [MESSAGE][PASSED] - Object: 'Object Repository/Final Object Repo/WorkFlow Listing Page/Search Ref No Search Button' is clicked on

2018-12-10 15:38:13 - [TEST_STEP][PASSED] - delay: Delayed 6 second(s)

2018-12-10 15:38:19 - [MESSAGE][PASSED] - Delayed 6 second(s)

2018-12-10 15:38:19 - [TEST_STEP][PASSED] - click: Object: 'Object Repository/Final Object Repo/WorkFlow Listing Page/Click Continue Tooltip' is clicked on

2018-12-10 15:38:20 - [MESSAGE][PASSED] - Object: 'Object Repository/Final Object Repo/WorkFlow Listing Page/Click Continue Tooltip' is clicked on

2018-12-10 15:38:20 - [TEST_STEP][PASSED] - delay: Delayed 5 second(s)

2018-12-10 15:38:25 - [MESSAGE][PASSED] - Delayed 5 second(s)

2018-12-10 15:38:25 - [TEST_STEP][PASSED] - doubleClick: Object: 'Object Repository/Final Object Repo/WorkFlow Listing Page/Workflow Found - Listing 1' is double clicked on

2018-12-10 15:38:25 - [MESSAGE][PASSED] - Object: 'Object Repository/Final Object Repo/WorkFlow Listing Page/Workflow Found - Listing 1' is double clicked on

2018-12-10 15:38:25 - [TEST_STEP][PASSED] - Statement - println(OwnerID): null

2018-12-10 15:38:25 - [TEST_STEP][PASSED] - Statement - OwnerID = com.kms.katalon.core.webui.keyword.WebUiBuiltInKeywords.getText(com.kms.katalon.core.testobject.ObjectRepository.findTestObject(Final Object Repo/WorkFlow Listing Page/Workflow Found - Listing 1), STOP_ON_FAILURE): Text of object 'Object Repository/Final Object Repo/WorkFlow Listing Page/Workflow Found - Listing 1' is: 'JOHORuo2'

2018-12-10 15:38:25 - [MESSAGE][PASSED] - Text of object 'Object Repository/Final Object Repo/WorkFlow Listing Page/Workflow Found - Listing 1' is: 'JOHORuo2'

2018-12-10 15:38:25 - [TEST_STEP][PASSED] - Statement - OwnerID = OwnerID.toLowerCase() + "@gmail.com": null

2018-12-10 15:38:25 - [TEST_STEP][PASSED] - Statement - println(OwnerID): null

2018-12-10 15:38:25 - [TEST_STEP][PASSED] - delay: Delayed 2 second(s)

2018-12-10 15:38:27 - [MESSAGE][PASSED] - Delayed 2 second(s)

2018-12-10 15:38:27 - [MESSAGE][PASSED] - Call Test Case 'Test Cases/Final Aug 2018 - PKS Automation/Common/Workflow Owner Finder' successfully

2018-12-10 15:38:27 - [TEST_STEP][PASSED] - delay: Delayed 1 second(s)

2018-12-10 15:38:28 - [MESSAGE][PASSED] - Delayed 1 second(s)

2018-12-10 15:38:28 - [TEST_STEP][PASSED] - navigateToUrl: Navigate to 'https://assist2-uat.perkeso.gov.my/c/portal/logout' successfully

2018-12-10 15:38:29 - [MESSAGE][PASSED] - Navigate to 'https://assist2-uat.perkeso.gov.my/c/portal/logout' successfully

2018-12-10 15:38:29 - [TEST_STEP][PASSED] - callTestCase: Call Test Case 'Test Cases/Final Aug 2018 - PKS Automation/Registration Module/Workflow/Login and Search Case For Workflow' successfully

2018-12-10 15:38:29 - [TEST_CASE][PASSED] - Test Cases/Final Aug 2018 - PKS Automation/Registration Module/Workflow/Login and Search Case For Workflow: Test Cases/Final Aug 2018 - PKS Automation/Registration Module/Workflow/Login and Search Case For Workflow

2018-12-10 15:38:30 - [TEST_STEP][PASSED] - navigateToUrl: Navigate to 'https://assist2-uat.perkeso.gov.my/login' successfully

2018-12-10 15:38:30 - [MESSAGE][PASSED] - Navigate to 'https://assist2-uat.perkeso.gov.my/login' successfully

2018-12-10 15:38:30 - [TEST_STEP][PASSED] - setText: Text 'johoruo2@gmail.com' is set on object 'Object Repository/Final Object Repo/Login Page/Internal User/Email Address'

2018-12-10 15:38:31 - [MESSAGE][PASSED] - Text 'johoruo2@gmail.com' is set on object 'Object Repository/Final Object Repo/Login Page/Internal User/Email Address'

2018-12-10 15:38:31 - [TEST_STEP][PASSED] - click: Object: 'Object Repository/Final Object Repo/Login Page/Internal User/Next Button' is clicked on

2018-12-10 15:38:31 - [MESSAGE][PASSED] - Object: 'Object Repository/Final Object Repo/Login Page/Internal User/Next Button' is clicked on

2018-12-10 15:38:31 - [TEST_STEP][PASSED] - delay: Delayed 1 second(s)

2018-12-10 15:38:32 - [MESSAGE][PASSED] - Delayed 1 second(s)

2018-12-10 15:38:32 - [TEST_STEP][PASSED] - setEncryptedText: Text ****** has been set on object 'Object Repository/Final Object Repo/Login Page/Internal User/Password'

2018-12-10 15:38:32 - [MESSAGE][PASSED] - Text ****** has been set on object 'Object Repository/Final Object Repo/Login Page/Internal User/Password'

2018-12-10 15:38:32 - [TEST_STEP][PASSED] - click: Object: 'Object Repository/Final Object Repo/Login Page/Internal User/Login Button' is clicked on

2018-12-10 15:38:32 - [MESSAGE][PASSED] - Object: 'Object Repository/Final Object Repo/Login Page/Internal User/Login Button' is clicked on

2018-12-10 15:38:32 - [TEST_STEP][PASSED] - delay: Delayed 2 second(s)

2018-12-10 15:38:34 - [MESSAGE][PASSED] - Delayed 2 second(s)

2018-12-10 15:38:34 - [TEST_STEP][PASSED] - Statement - Try: Delayed 2 second(s)

2018-12-10 15:38:34 - [TEST_STEP][PASSED] - Statement - Checker = false: null

2018-12-10 15:38:34 - [TEST_STEP][PASSED] - Statement - Checker = com.kms.katalon.core.webui.keyword.WebUiBuiltInKeywords.verifyElementHasAttribute(com.kms.katalon.core.testobject.ObjectRepository.findTestObject(Final Object Repo/Landing Page/BM Detecting), "href", 20, OPTIONAL): Object 'Object Repository/Final Object Repo/Landing Page/BM Detecting' has attribute 'href'

2018-12-10 15:38:34 - [MESSAGE][PASSED] - Object 'Object Repository/Final Object Repo/Landing Page/BM Detecting' has attribute 'href'

2018-12-10 15:38:34 - [TEST_STEP][PASSED] - Statement - out.println(Checker): null

2018-12-10 15:38:34 - [TEST_STEP][PASSED] - Statement - If (Checker == false): null

2018-12-10 15:38:34 - [TEST_STEP][PASSED] - Statement - Else: null

2018-12-10 15:38:35 - [TEST_STEP][PASSED] - delay: Delayed 2 second(s)

2018-12-10 15:38:37 - [MESSAGE][PASSED] - Delayed 2 second(s)

2018-12-10 15:38:37 - [TEST_STEP][PASSED] - click: Object: 'Object Repository/Final Object Repo/Page_MyASSIST - ASSIST - Search Pending Case For Add Supporting Document/Search Information' is clicked on

2018-12-10 15:38:37 - [MESSAGE][PASSED] - Object: 'Object Repository/Final Object Repo/Page_MyASSIST - ASSIST - Search Pending Case For Add Supporting Document/Search Information' is clicked on

2018-12-10 15:38:37 - [TEST_STEP][PASSED] - delay: Delayed 3 second(s)

2018-12-10 15:38:40 - [MESSAGE][PASSED] - Delayed 3 second(s)

2018-12-10 15:38:40 - [TEST_STEP][PASSED] - sendKeys: Keys 'CUN122018C100005948' sent to object: 'Object Repository/Final Object Repo/Page_MyASSIST - ASSIST - Search Pending Case For Add Supporting Document/Reference No'

2018-12-10 15:38:40 - [MESSAGE][PASSED] - Keys 'CUN122018C100005948' sent to object: 'Object Repository/Final Object Repo/Page_MyASSIST - ASSIST - Search Pending Case For Add Supporting Document/Reference No'

2018-12-10 15:38:40 - [TEST_STEP][PASSED] - click: Object: 'Object Repository/Final Object Repo/Page_MyASSIST - ASSIST - Search Pending Case For Add Supporting Document/Search Reference No' is clicked on

2018-12-10 15:38:40 - [MESSAGE][PASSED] - Object: 'Object Repository/Final Object Repo/Page_MyASSIST - ASSIST - Search Pending Case For Add Supporting Document/Search Reference No' is clicked on

2018-12-10 15:38:40 - [TEST_STEP][PASSED] - delay: Delayed 2 second(s)

2018-12-10 15:38:42 - [MESSAGE][PASSED] - Delayed 2 second(s)

2018-12-10 15:38:42 - [TEST_STEP][PASSED] - click: Object: 'Object Repository/Final Object Repo/Page_MyASSIST - ASSIST - Search Pending Case For Add Supporting Document/Continue' is clicked on

2018-12-10 15:38:46 - [MESSAGE][PASSED] - Object: 'Object Repository/Final Object Repo/Page_MyASSIST - ASSIST - Search Pending Case For Add Supporting Document/Continue' is clicked on

2018-12-10 15:38:46 - [TEST_STEP][PASSED] - delay: Delayed 20 second(s)

2018-12-10 15:39:06 - [MESSAGE][PASSED] - Delayed 20 second(s)

2018-12-10 15:39:06 - [MESSAGE][PASSED] - Call Test Case 'Test Cases/Final Aug 2018 - PKS Automation/Registration Module/Workflow/Login and Search Case For Workflow' successfully

2018-12-10 15:39:06 - [TEST_STEP][PASSED] - delay: Delayed 10 second(s)

2018-12-10 15:39:16 - [MESSAGE][PASSED] - Delayed 10 second(s)

2018-12-10 15:39:16 - [TEST_STEP][PASSED] - click: Object: 'Object Repository/Final Object Repo/Page_Update Employer Information/Page_Update Employer Information UO (Approve)/Continue' is clicked on

2018-12-10 15:39:19 - [MESSAGE][PASSED] - Object: 'Object Repository/Final Object Repo/Page_Update Employer Information/Page_Update Employer Information UO (Approve)/Continue' is clicked on

2018-12-10 15:39:19 - [TEST_STEP][PASSED] - delay: Delayed 10 second(s)

2018-12-10 15:39:29 - [MESSAGE][PASSED] - Delayed 10 second(s)

2018-12-10 15:39:29 - [TEST_STEP][PASSED] - click: Object: 'Object Repository/Final Object Repo/Page_Update Employer Information/Page_Update Employer Information UO (Approve)/Save  Continue in Update Employer Information Page' is clicked on

2018-12-10 15:39:30 - [MESSAGE][PASSED] - Object: 'Object Repository/Final Object Repo/Page_Update Employer Information/Page_Update Employer Information UO (Approve)/Save  Continue in Update Employer Information Page' is clicked on

2018-12-10 15:39:30 - [TEST_STEP][PASSED] - delay: Delayed 3 second(s)

2018-12-10 15:39:33 - [MESSAGE][PASSED] - Delayed 3 second(s)

2018-12-10 15:39:33 - [TEST_STEP][PASSED] - click: Object: 'Object Repository/Final Object Repo/Page_Update Employer Information/Page_Update Employer Information UO (Approve)/Save  Continue in Uploading Supporting Document Page' is clicked on

2018-12-10 15:39:34 - [MESSAGE][PASSED] - Object: 'Object Repository/Final Object Repo/Page_Update Employer Information/Page_Update Employer Information UO (Approve)/Save  Continue in Uploading Supporting Document Page' is clicked on

2018-12-10 15:39:34 - [TEST_STEP][PASSED] - delay: Delayed 3 second(s)

2018-12-10 15:39:37 - [MESSAGE][PASSED] - Delayed 3 second(s)

2018-12-10 15:39:37 - [TEST_STEP][PASSED] - click: Object: 'Object Repository/Final Object Repo/Page_Update Employer Information/Page_Update Employer Information UO (Approve)/Approve' is clicked on

2018-12-10 15:39:38 - [MESSAGE][PASSED] - Object: 'Object Repository/Final Object Repo/Page_Update Employer Information/Page_Update Employer Information UO (Approve)/Approve' is clicked on

2018-12-10 15:39:38 - [TEST_STEP][PASSED] - delay: Delayed 2 second(s)

2018-12-10 15:39:40 - [MESSAGE][PASSED] - Delayed 2 second(s)

2018-12-10 15:39:40 - [TEST_STEP][PASSED] - click: Object: 'Object Repository/Final Object Repo/Page_Update Employer Information/Page_Update Employer Information UO (Approve)/Confirm' is clicked on

2018-12-10 15:39:40 - [MESSAGE][PASSED] - Object: 'Object Repository/Final Object Repo/Page_Update Employer Information/Page_Update Employer Information UO (Approve)/Confirm' is clicked on

2018-12-10 15:39:40 - [TEST_STEP][PASSED] - delay: Delayed 2 second(s)

2018-12-10 15:39:42 - [MESSAGE][PASSED] - Delayed 2 second(s)

2018-12-10 15:39:42 - [TEST_STEP][PASSED] - verifyElementVisible: Object 'Object Repository/Final Object Repo/Page_Update Employer Information/Page_Update Employer Information UO (Approve)/Message Your Request' is visible

2018-12-10 15:39:50 - [MESSAGE][PASSED] - Object 'Object Repository/Final Object Repo/Page_Update Employer Information/Page_Update Employer Information UO (Approve)/Message Your Request' is visible

2018-12-10 15:39:50 - [TEST_STEP][PASSED] - verifyElementVisible: Object 'Object Repository/Final Object Repo/Page_Update Employer Information/Page_Update Employer Information UO (Approve)/Letter of successful update' is visible

2018-12-10 15:39:50 - [MESSAGE][PASSED] - Object 'Object Repository/Final Object Repo/Page_Update Employer Information/Page_Update Employer Information UO (Approve)/Letter of successful update' is visible

2018-12-10 15:39:50 - [MESSAGE][PASSED] - Call Test Case 'Test Cases/Final Aug 2018 - PKS Automation/Registration Module/Workflow/Update Employer Information/Template/Update Employer Information - Special Case - UO (Approve)' successfully]]></system-out>
         <system-err><![CDATA[]]></system-err>
      </testcase>
      <testcase name="Test Cases/Final Aug 2018 - PKS Automation/Registration Module/Workflow/Update Employer Information/Employer - UO (Query)" classname="Test Cases/Final Aug 2018 - PKS Automation/Registration Module/Workflow/Update Employer Information/Employer - UO (Query)" status="PASSED">
         <system-out><![CDATA[2018-12-10 15:39:50 - [TEST_CASE][PASSED] - Test Cases/Final Aug 2018 - PKS Automation/Registration Module/Workflow/Update Employer Information/Employer - UO (Query): Test Cases/Final Aug 2018 - PKS Automation/Registration Module/Workflow/Update Employer Information/Employer - UO (Query)

2018-12-10 15:39:50 - [TEST_STEP][PASSED] - callTestCase: Call Test Case 'Test Cases/Final Aug 2018 - PKS Automation/Registration Module/Workflow/Update Employer Information/Template/Update Employer Information - Special Case (Employer)' successfully

2018-12-10 15:39:50 - [TEST_CASE][PASSED] - Test Cases/Final Aug 2018 - PKS Automation/Registration Module/Workflow/Update Employer Information/Template/Update Employer Information - Special Case (Employer): Test Cases/Final Aug 2018 - PKS Automation/Registration Module/Workflow/Update Employer Information/Template/Update Employer Information - Special Case (Employer)

2018-12-10 15:39:50 - [TEST_STEP][PASSED] - callTestCase: Call Test Case 'Test Cases/Final Aug 2018 - PKS Automation/Create Employer Acc/Login to Employer Account (Second time)' successfully

2018-12-10 15:39:50 - [TEST_CASE][PASSED] - Test Cases/Final Aug 2018 - PKS Automation/Create Employer Acc/Login to Employer Account (Second time): Test Cases/Final Aug 2018 - PKS Automation/Create Employer Acc/Login to Employer Account (Second time)

2018-12-10 15:39:50 - [TEST_STEP][PASSED] - openBrowser: Browser is opened with url: ''

2018-12-10 15:39:50 - [MESSAGE][WARNING] - A browser is already opened. Closing browser and opening a new one

2018-12-10 15:39:53 - [MESSAGE][PASSED] - Browser is opened with url: ''

2018-12-10 15:39:53 - [TEST_STEP][PASSED] - navigateToUrl: Navigate to 'https://assist2-uat.perkeso.gov.my/employer/login' successfully

2018-12-10 15:39:54 - [MESSAGE][PASSED] - Navigate to 'https://assist2-uat.perkeso.gov.my/employer/login' successfully

2018-12-10 15:39:54 - [TEST_STEP][PASSED] - delay: Delayed 3 second(s)

2018-12-10 15:39:57 - [MESSAGE][PASSED] - Delayed 3 second(s)

2018-12-10 15:39:57 - [TEST_STEP][PASSED] - callTestCase: Call Test Case 'Test Cases/Final Aug 2018 - PKS Automation/Create Employer Acc/Template/Employer Email Getter' successfully

2018-12-10 15:39:57 - [TEST_CASE][PASSED] - Test Cases/Final Aug 2018 - PKS Automation/Create Employer Acc/Template/Employer Email Getter: Test Cases/Final Aug 2018 - PKS Automation/Create Employer Acc/Template/Employer Email Getter

2018-12-10 15:39:57 - [TEST_STEP][PASSED] - Statement - Try: null

2018-12-10 15:39:57 - [TEST_STEP][PASSED] - Statement - EmpEmail = new java.io.File(C://Users//Admin//Desktop//PKS//Automation Reference Point//EmpEmail.txt): null

2018-12-10 15:39:57 - [TEST_STEP][PASSED] - Statement - bufferread = new java.io.BufferedReader(new java.io.FileReader(EmpEmail)): null

2018-12-10 15:39:57 - [TEST_STEP][PASSED] - Statement - readedVal = bufferread.readLine(): null

2018-12-10 15:39:57 - [TEST_STEP][PASSED] - Statement - out.println(readedVal): null

2018-12-10 15:39:57 - [TEST_STEP][PASSED] - Statement - Email = readedVal: null

2018-12-10 15:39:57 - [MESSAGE][PASSED] - Call Test Case 'Test Cases/Final Aug 2018 - PKS Automation/Create Employer Acc/Template/Employer Email Getter' successfully

2018-12-10 15:39:57 - [TEST_STEP][PASSED] - setText: Text 'perkeso864217735948@gmail.com' is set on object 'Object Repository/Final Object Repo/Login Page/External Login Page/Email'

2018-12-10 15:39:58 - [MESSAGE][PASSED] - Text 'perkeso864217735948@gmail.com' is set on object 'Object Repository/Final Object Repo/Login Page/External Login Page/Email'

2018-12-10 15:39:58 - [TEST_STEP][PASSED] - click: Object: 'Object Repository/Final Object Repo/Login Page/External Login Page/Next' is clicked on

2018-12-10 15:39:58 - [MESSAGE][PASSED] - Object: 'Object Repository/Final Object Repo/Login Page/External Login Page/Next' is clicked on

2018-12-10 15:39:58 - [TEST_STEP][PASSED] - delay: Delayed 3 second(s)

2018-12-10 15:40:01 - [MESSAGE][PASSED] - Delayed 3 second(s)

2018-12-10 15:40:01 - [TEST_STEP][PASSED] - setEncryptedText: Text ****** has been set on object 'Object Repository/Final Object Repo/Login Page/External Login Page/Password'

2018-12-10 15:40:01 - [MESSAGE][PASSED] - Text ****** has been set on object 'Object Repository/Final Object Repo/Login Page/External Login Page/Password'

2018-12-10 15:40:01 - [TEST_STEP][PASSED] - click: Object: 'Object Repository/Final Object Repo/Login Page/External Login Page/Login' is clicked on

2018-12-10 15:40:02 - [MESSAGE][PASSED] - Object: 'Object Repository/Final Object Repo/Login Page/External Login Page/Login' is clicked on

2018-12-10 15:40:02 - [TEST_STEP][PASSED] - delay: Delayed 5 second(s)

2018-12-10 15:40:07 - [MESSAGE][PASSED] - Delayed 5 second(s)

2018-12-10 15:40:07 - [MESSAGE][PASSED] - Call Test Case 'Test Cases/Final Aug 2018 - PKS Automation/Create Employer Acc/Login to Employer Account (Second time)' successfully

2018-12-10 15:40:07 - [TEST_STEP][PASSED] - Statement - tester = com.kms.katalon.core.testobject.ObjectRepository.findTestObject(Final Object Repo/Landing Page/Select to English): Finding Test Object with id 'Object Repository/Final Object Repo/Landing Page/Select to English'

2018-12-10 15:40:07 - [TEST_STEP][PASSED] - Statement - Try: Delayed 2 second(s)

2018-12-10 15:40:07 - [TEST_STEP][PASSED] - Statement - Checker = com.kms.katalon.core.webui.keyword.WebUiBuiltInKeywords.verifyElementNotPresent(tester, 3): Web element with id: 'Object Repository/Final Object Repo/Landing Page/Select to English' located by 'By.xpath: //a[@class = 'taglib-language-list-text' and @lang = 'en-US' and (contains(text(), 'EN') or contains(., 'EN'))]' is not present after '3' second(s)

2018-12-10 15:40:07 - [MESSAGE][PASSED] - Web element with id: 'Object Repository/Final Object Repo/Landing Page/Select to English' located by 'By.xpath: //a[@class = 'taglib-language-list-text' and @lang = 'en-US' and (contains(text(), 'EN') or contains(., 'EN'))]' is not present after '3' second(s)

2018-12-10 15:40:07 - [TEST_STEP][PASSED] - Statement - If (Checker == false): null

2018-12-10 15:40:07 - [TEST_STEP][PASSED] - delay: Delayed 2 second(s)

2018-12-10 15:40:09 - [MESSAGE][PASSED] - Delayed 2 second(s)

2018-12-10 15:40:09 - [TEST_STEP][PASSED] - delay: Delayed 5 second(s)

2018-12-10 15:40:14 - [MESSAGE][PASSED] - Delayed 5 second(s)

2018-12-10 15:40:14 - [TEST_STEP][PASSED] - navigateToUrl: Navigate to 'https://assist2-uat.perkeso.gov.my/web/registration/update/update-employer-information' successfully

2018-12-10 15:40:15 - [MESSAGE][PASSED] - Navigate to 'https://assist2-uat.perkeso.gov.my/web/registration/update/update-employer-information' successfully

2018-12-10 15:40:15 - [TEST_STEP][PASSED] - click: Object: 'Object Repository/Final Object Repo/Page_Update Employer Information/Edit Button' is clicked on

2018-12-10 15:40:18 - [MESSAGE][PASSED] - Object: 'Object Repository/Final Object Repo/Page_Update Employer Information/Edit Button' is clicked on

2018-12-10 15:40:18 - [TEST_STEP][PASSED] - click: Object: 'Object Repository/Final Object Repo/Page_Update Employer Information/Business Entity' is clicked on

2018-12-10 15:40:18 - [MESSAGE][PASSED] - Object: 'Object Repository/Final Object Repo/Page_Update Employer Information/Business Entity' is clicked on

2018-12-10 15:40:18 - [TEST_STEP][PASSED] - Statement - CurrentBusinessEntity = "": null

2018-12-10 15:40:18 - [TEST_STEP][PASSED] - Statement - CurrentBusinessEntity = com.kms.katalon.core.webui.keyword.WebUiBuiltInKeywords.getText(com.kms.katalon.core.testobject.ObjectRepository.findTestObject(Final Object Repo/Page_Update Employer Information/Current Business Entity)): Text of object 'Object Repository/Final Object Repo/Page_Update Employer Information/Current Business Entity' is: 'Sole Proprietor / Individual Business'

2018-12-10 15:40:18 - [MESSAGE][PASSED] - Text of object 'Object Repository/Final Object Repo/Page_Update Employer Information/Current Business Entity' is: 'Sole Proprietor / Individual Business'

2018-12-10 15:40:18 - [TEST_STEP][PASSED] - Statement - out.println(CurrentBusinessEntity): null

2018-12-10 15:40:18 - [TEST_STEP][PASSED] - Statement - If (CurrentBusinessEntity == "Corporation"): null

2018-12-10 15:40:18 - [TEST_STEP][PASSED] - Statement - Else If (CurrentBusinessEntity == "Partnership"): null

2018-12-10 15:40:18 - [TEST_STEP][PASSED] - Statement - Else If (CurrentBusinessEntity == "Sole Proprietor / Individual Business"): Delayed 3 second(s)

2018-12-10 15:40:18 - [TEST_STEP][PASSED] - Statement - obj = com.kms.katalon.core.webui.keyword.WebUiBuiltInKeywords.modifyObjectProperty(com.kms.katalon.core.testobject.ObjectRepository.findTestObject(Final Object Repo/Page_Update Employer Information/change to this Business Entity), "xpath", "equals", "//ul/li/span[contains(text(),"Others")]", true, STOP_ON_FAILURE): Modify property of object successfully

2018-12-10 15:40:18 - [MESSAGE][PASSED] - Modify property of object successfully

2018-12-10 15:40:18 - [TEST_STEP][PASSED] - click: Object: 'Object Repository/Final Object Repo/Page_Update Employer Information/change to this Business Entity' is clicked on

2018-12-10 15:40:18 - [MESSAGE][PASSED] - Object: 'Object Repository/Final Object Repo/Page_Update Employer Information/change to this Business Entity' is clicked on

2018-12-10 15:40:18 - [TEST_STEP][PASSED] - delay: Delayed 1 second(s)

2018-12-10 15:40:19 - [MESSAGE][PASSED] - Delayed 1 second(s)

2018-12-10 15:40:19 - [TEST_STEP][PASSED] - click: Object: 'Object Repository/Final Object Repo/Page_Update Employer Information/Sub Business Entity' is clicked on

2018-12-10 15:40:20 - [MESSAGE][PASSED] - Object: 'Object Repository/Final Object Repo/Page_Update Employer Information/Sub Business Entity' is clicked on

2018-12-10 15:40:20 - [TEST_STEP][PASSED] - click: Object: 'Object Repository/Final Object Repo/Page_Update Employer Information/Sub Business Entity List - Others - Federal Government Agency' is clicked on

2018-12-10 15:40:20 - [MESSAGE][PASSED] - Object: 'Object Repository/Final Object Repo/Page_Update Employer Information/Sub Business Entity List - Others - Federal Government Agency' is clicked on

2018-12-10 15:40:20 - [TEST_STEP][PASSED] - delay: Delayed 1 second(s)

2018-12-10 15:40:21 - [MESSAGE][PASSED] - Delayed 1 second(s)

2018-12-10 15:40:21 - [TEST_STEP][PASSED] - click: Object: 'Object Repository/Final Object Repo/Page_Update Employer Information/Sub Business Entity List' is clicked on

2018-12-10 15:40:21 - [MESSAGE][PASSED] - Object: 'Object Repository/Final Object Repo/Page_Update Employer Information/Sub Business Entity List' is clicked on

2018-12-10 15:40:21 - [TEST_STEP][PASSED] - click: Object: 'Object Repository/Final Object Repo/Page_Update Employer Information/Sub Business Entity - Others - Federal Government Agency - Kementerian' is clicked on

2018-12-10 15:40:21 - [MESSAGE][PASSED] - Object: 'Object Repository/Final Object Repo/Page_Update Employer Information/Sub Business Entity - Others - Federal Government Agency - Kementerian' is clicked on

2018-12-10 15:40:21 - [TEST_STEP][PASSED] - delay: Delayed 3 second(s)

2018-12-10 15:40:24 - [MESSAGE][PASSED] - Delayed 3 second(s)

2018-12-10 15:40:24 - [TEST_STEP][PASSED] - delay: Delayed 4 second(s)

2018-12-10 15:40:28 - [MESSAGE][PASSED] - Delayed 4 second(s)

2018-12-10 15:40:28 - [TEST_STEP][PASSED] - click: Object: 'Object Repository/Final Object Repo/Page_Update Employer Information/Save  Continue' is clicked on

2018-12-10 15:40:29 - [MESSAGE][PASSED] - Object: 'Object Repository/Final Object Repo/Page_Update Employer Information/Save  Continue' is clicked on

2018-12-10 15:40:29 - [TEST_STEP][PASSED] - delay: Delayed 4 second(s)

2018-12-10 15:40:33 - [MESSAGE][PASSED] - Delayed 4 second(s)

2018-12-10 15:40:33 - [TEST_STEP][PASSED] - click: Object: 'Object Repository/Final Object Repo/Page_Update Employer Information/Save  Continue (1)' is clicked on

2018-12-10 15:40:33 - [MESSAGE][PASSED] - Object: 'Object Repository/Final Object Repo/Page_Update Employer Information/Save  Continue (1)' is clicked on

2018-12-10 15:40:33 - [TEST_STEP][PASSED] - delay: Delayed 4 second(s)

2018-12-10 15:40:37 - [MESSAGE][PASSED] - Delayed 4 second(s)

2018-12-10 15:40:37 - [TEST_STEP][PASSED] - Statement - CaseReferenceNo = com.kms.katalon.core.webui.keyword.WebUiBuiltInKeywords.getText(com.kms.katalon.core.testobject.ObjectRepository.findTestObject(Final Object Repo/Page_Update Employer Information/Reference Number in Update Employee Information Page)): Text of object 'Object Repository/Final Object Repo/Page_Update Employer Information/Reference Number in Update Employee Information Page' is: 'CUN122018C100005949'

2018-12-10 15:40:37 - [MESSAGE][PASSED] - Text of object 'Object Repository/Final Object Repo/Page_Update Employer Information/Reference Number in Update Employee Information Page' is: 'CUN122018C100005949'

2018-12-10 15:40:37 - [TEST_STEP][PASSED] - callTestCase: Call Test Case 'Test Cases/Final Aug 2018 - PKS Automation/Common/Reference Number Setter' successfully

2018-12-10 15:40:37 - [TEST_CASE][PASSED] - Test Cases/Final Aug 2018 - PKS Automation/Common/Reference Number Setter: Test Cases/Final Aug 2018 - PKS Automation/Common/Reference Number Setter

2018-12-10 15:40:37 - [TEST_STEP][PASSED] - Statement - RefNoOldFile = new java.io.File(C://Users//Admin//Desktop//PKS//Automation Reference Point//KatalonReference.txt): null

2018-12-10 15:40:37 - [TEST_STEP][PASSED] - Statement - RefNoOldFile.delete(): null

2018-12-10 15:40:37 - [TEST_STEP][PASSED] - delay: Delayed 5 second(s)

2018-12-10 15:40:42 - [MESSAGE][PASSED] - Delayed 5 second(s)

2018-12-10 15:40:42 - [TEST_STEP][PASSED] - Statement - RefNo = new java.io.File(C://Users//Admin//Desktop//PKS//Automation Reference Point//KatalonReference.txt): null

2018-12-10 15:40:42 - [TEST_STEP][PASSED] - Statement - f2 = new java.io.FileWriter(RefNo, false): null

2018-12-10 15:40:42 - [TEST_STEP][PASSED] - Statement - f2.write(CaseReferenceNo): null

2018-12-10 15:40:42 - [TEST_STEP][PASSED] - Statement - f2.close(): null

2018-12-10 15:40:42 - [TEST_STEP][PASSED] - Statement - out.println("


" + CaseReferenceNo + "


"): null

2018-12-10 15:40:42 - [MESSAGE][PASSED] - Call Test Case 'Test Cases/Final Aug 2018 - PKS Automation/Common/Reference Number Setter' successfully

2018-12-10 15:40:42 - [TEST_STEP][PASSED] - delay: Delayed 4 second(s)

2018-12-10 15:40:46 - [MESSAGE][PASSED] - Delayed 4 second(s)

2018-12-10 15:40:46 - [TEST_STEP][PASSED] - click: Object: 'Object Repository/Final Object Repo/Page_Update Employer Information/Submit - Copy' is clicked on

2018-12-10 15:40:46 - [MESSAGE][PASSED] - Object: 'Object Repository/Final Object Repo/Page_Update Employer Information/Submit - Copy' is clicked on

2018-12-10 15:40:46 - [TEST_STEP][PASSED] - delay: Delayed 2 second(s)

2018-12-10 15:40:48 - [MESSAGE][PASSED] - Delayed 2 second(s)

2018-12-10 15:40:48 - [TEST_STEP][PASSED] - click: Object: 'Object Repository/Final Object Repo/Page_Update Employer Information/Confirm' is clicked on

2018-12-10 15:40:48 - [MESSAGE][PASSED] - Object: 'Object Repository/Final Object Repo/Page_Update Employer Information/Confirm' is clicked on

2018-12-10 15:40:48 - [TEST_STEP][PASSED] - delay: Delayed 2 second(s)

2018-12-10 15:40:50 - [MESSAGE][PASSED] - Delayed 2 second(s)

2018-12-10 15:40:50 - [TEST_STEP][PASSED] - click: Object: 'Object Repository/Final Object Repo/Page_Update Employer Information/Message Your Request will be route' is clicked on

2018-12-10 15:40:55 - [MESSAGE][PASSED] - Object: 'Object Repository/Final Object Repo/Page_Update Employer Information/Message Your Request will be route' is clicked on

2018-12-10 15:40:55 - [MESSAGE][PASSED] - Call Test Case 'Test Cases/Final Aug 2018 - PKS Automation/Registration Module/Workflow/Update Employer Information/Template/Update Employer Information - Special Case (Employer)' successfully

2018-12-10 15:40:55 - [TEST_STEP][PASSED] - callTestCase: Call Test Case 'Test Cases/Final Aug 2018 - PKS Automation/Registration Module/Workflow/Update Employer Information/Template/Update Employer Information - Special Case - UO (Query)' successfully

2018-12-10 15:40:55 - [TEST_CASE][PASSED] - Test Cases/Final Aug 2018 - PKS Automation/Registration Module/Workflow/Update Employer Information/Template/Update Employer Information - Special Case - UO (Query): Test Cases/Final Aug 2018 - PKS Automation/Registration Module/Workflow/Update Employer Information/Template/Update Employer Information - Special Case - UO (Query)

2018-12-10 15:40:55 - [TEST_STEP][NOT_RUN] - callTestCase: NOT_RUN: callTestCase

2018-12-10 15:40:55 - [MESSAGE][NOT_RUN] - NOT_RUN: callTestCase

2018-12-10 15:40:55 - [TEST_STEP][PASSED] - delay: Delayed 1 second(s)

2018-12-10 15:40:56 - [MESSAGE][PASSED] - Delayed 1 second(s)

2018-12-10 15:40:56 - [TEST_STEP][PASSED] - navigateToUrl: Navigate to 'https://assist2-uat.perkeso.gov.my/c/portal/logout' successfully

2018-12-10 15:40:57 - [MESSAGE][PASSED] - Navigate to 'https://assist2-uat.perkeso.gov.my/c/portal/logout' successfully

2018-12-10 15:40:57 - [TEST_STEP][PASSED] - delay: Delayed 1 second(s)

2018-12-10 15:40:58 - [MESSAGE][PASSED] - Delayed 1 second(s)

2018-12-10 15:40:58 - [TEST_STEP][PASSED] - callTestCase: Call Test Case 'Test Cases/Final Aug 2018 - PKS Automation/Common/Reference Number Getter' successfully

2018-12-10 15:40:58 - [TEST_CASE][PASSED] - Test Cases/Final Aug 2018 - PKS Automation/Common/Reference Number Getter: Test Cases/Final Aug 2018 - PKS Automation/Common/Reference Number Getter

2018-12-10 15:40:58 - [TEST_STEP][PASSED] - Statement - Try: null

2018-12-10 15:40:58 - [TEST_STEP][PASSED] - Statement - RefNo = new java.io.File(C://Users//Admin//Desktop//PKS//Automation Reference Point//KatalonReference.txt): null

2018-12-10 15:40:58 - [TEST_STEP][PASSED] - Statement - bufferread = new java.io.BufferedReader(new java.io.FileReader(RefNo)): null

2018-12-10 15:40:58 - [TEST_STEP][PASSED] - Statement - readedVal = bufferread.readLine(): null

2018-12-10 15:40:58 - [TEST_STEP][PASSED] - Statement - out.println(CaseReferenceNo): null

2018-12-10 15:40:58 - [TEST_STEP][PASSED] - Statement - out.println(readedVal): null

2018-12-10 15:40:58 - [TEST_STEP][PASSED] - Statement - CaseReferenceNo = "": null

2018-12-10 15:40:58 - [TEST_STEP][PASSED] - Statement - CaseReferenceNo = readedVal: null

2018-12-10 15:40:58 - [MESSAGE][PASSED] - Call Test Case 'Test Cases/Final Aug 2018 - PKS Automation/Common/Reference Number Getter' successfully

2018-12-10 15:40:58 - [TEST_STEP][PASSED] - callTestCase: Call Test Case 'Test Cases/Final Aug 2018 - PKS Automation/Common/Workflow Owner Finder' successfully

2018-12-10 15:40:58 - [TEST_CASE][PASSED] - Test Cases/Final Aug 2018 - PKS Automation/Common/Workflow Owner Finder: Test Cases/Final Aug 2018 - PKS Automation/Common/Workflow Owner Finder

2018-12-10 15:40:58 - [TEST_STEP][PASSED] - openBrowser: Browser is opened with url: ''

2018-12-10 15:40:58 - [MESSAGE][WARNING] - A browser is already opened. Closing browser and opening a new one

2018-12-10 15:41:01 - [MESSAGE][PASSED] - Browser is opened with url: ''

2018-12-10 15:41:01 - [TEST_STEP][PASSED] - navigateToUrl: Navigate to 'https://assist2-uat.perkeso.gov.my/login' successfully

2018-12-10 15:41:02 - [MESSAGE][PASSED] - Navigate to 'https://assist2-uat.perkeso.gov.my/login' successfully

2018-12-10 15:41:02 - [TEST_STEP][PASSED] - delay: Delayed 5 second(s)

2018-12-10 15:41:07 - [MESSAGE][PASSED] - Delayed 5 second(s)

2018-12-10 15:41:07 - [TEST_STEP][PASSED] - setText: Text 'test@liferay.com' is set on object 'Object Repository/Final Object Repo/Login Page/Internal User/Email Address'

2018-12-10 15:41:08 - [MESSAGE][PASSED] - Text 'test@liferay.com' is set on object 'Object Repository/Final Object Repo/Login Page/Internal User/Email Address'

2018-12-10 15:41:08 - [TEST_STEP][PASSED] - click: Object: 'Object Repository/Final Object Repo/Login Page/Internal User/Next Button' is clicked on

2018-12-10 15:41:08 - [MESSAGE][PASSED] - Object: 'Object Repository/Final Object Repo/Login Page/Internal User/Next Button' is clicked on

2018-12-10 15:41:08 - [TEST_STEP][PASSED] - delay: Delayed 2 second(s)

2018-12-10 15:41:10 - [MESSAGE][PASSED] - Delayed 2 second(s)

2018-12-10 15:41:10 - [TEST_STEP][PASSED] - setText: Text 'test' is set on object 'Object Repository/Final Object Repo/Login Page/Internal User/Password'

2018-12-10 15:41:10 - [MESSAGE][PASSED] - Text 'test' is set on object 'Object Repository/Final Object Repo/Login Page/Internal User/Password'

2018-12-10 15:41:10 - [TEST_STEP][PASSED] - delay: Delayed 2 second(s)

2018-12-10 15:41:12 - [MESSAGE][PASSED] - Delayed 2 second(s)

2018-12-10 15:41:12 - [TEST_STEP][PASSED] - click: Object: 'Object Repository/Final Object Repo/Login Page/Internal User/Login Button' is clicked on

2018-12-10 15:41:12 - [MESSAGE][PASSED] - Object: 'Object Repository/Final Object Repo/Login Page/Internal User/Login Button' is clicked on

2018-12-10 15:41:12 - [TEST_STEP][PASSED] - Statement - tester = com.kms.katalon.core.testobject.ObjectRepository.findTestObject(Final Object Repo/Landing Page/Select to English): Finding Test Object with id 'Object Repository/Final Object Repo/Landing Page/Select to English'

2018-12-10 15:41:12 - [TEST_STEP][PASSED] - Statement - Try: Delayed 2 second(s)

2018-12-10 15:41:12 - [TEST_STEP][PASSED] - Statement - Checker = com.kms.katalon.core.webui.keyword.WebUiBuiltInKeywords.verifyElementNotPresent(tester, 3): Web element with id: 'Object Repository/Final Object Repo/Landing Page/Select to English' located by 'By.xpath: //a[@class = 'taglib-language-list-text' and @lang = 'en-US' and (contains(text(), 'EN') or contains(., 'EN'))]' is not present after '3' second(s)

2018-12-10 15:41:14 - [MESSAGE][PASSED] - Web element with id: 'Object Repository/Final Object Repo/Landing Page/Select to English' located by 'By.xpath: //a[@class = 'taglib-language-list-text' and @lang = 'en-US' and (contains(text(), 'EN') or contains(., 'EN'))]' is not present after '3' second(s)

2018-12-10 15:41:14 - [TEST_STEP][PASSED] - Statement - If (Checker == false): null

2018-12-10 15:41:14 - [TEST_STEP][PASSED] - delay: Delayed 2 second(s)

2018-12-10 15:41:16 - [MESSAGE][PASSED] - Delayed 2 second(s)

2018-12-10 15:41:16 - [TEST_STEP][PASSED] - delay: Delayed 5 second(s)

2018-12-10 15:41:21 - [MESSAGE][PASSED] - Delayed 5 second(s)

2018-12-10 15:41:21 - [TEST_STEP][PASSED] - mouseOver: Object: 'Object Repository/Final Object Repo/Landing Page/WorkFlow Menu' is hovered

2018-12-10 15:41:21 - [MESSAGE][PASSED] - Object: 'Object Repository/Final Object Repo/Landing Page/WorkFlow Menu' is hovered

2018-12-10 15:41:21 - [TEST_STEP][PASSED] - delay: Delayed 2 second(s)

2018-12-10 15:41:23 - [MESSAGE][PASSED] - Delayed 2 second(s)

2018-12-10 15:41:23 - [TEST_STEP][PASSED] - click: Object: 'Object Repository/Final Object Repo/Landing Page/Select to Workflow Listing' is clicked on

2018-12-10 15:41:25 - [MESSAGE][PASSED] - Object: 'Object Repository/Final Object Repo/Landing Page/Select to Workflow Listing' is clicked on

2018-12-10 15:41:25 - [TEST_STEP][PASSED] - delay: Delayed 2 second(s)

2018-12-10 15:41:27 - [MESSAGE][PASSED] - Delayed 2 second(s)

2018-12-10 15:41:27 - [TEST_STEP][PASSED] - click: Object: 'Object Repository/Final Object Repo/WorkFlow Listing Page/Search Information - To Put Ref No' is clicked on

2018-12-10 15:41:27 - [MESSAGE][PASSED] - Object: 'Object Repository/Final Object Repo/WorkFlow Listing Page/Search Information - To Put Ref No' is clicked on

2018-12-10 15:41:27 - [TEST_STEP][PASSED] - delay: Delayed 2 second(s)

2018-12-10 15:41:29 - [MESSAGE][PASSED] - Delayed 2 second(s)

2018-12-10 15:41:29 - [TEST_STEP][PASSED] - callTestCase: Call Test Case 'Test Cases/Final Aug 2018 - PKS Automation/Common/Reference Number Getter' successfully

2018-12-10 15:41:29 - [TEST_CASE][PASSED] - Test Cases/Final Aug 2018 - PKS Automation/Common/Reference Number Getter: Test Cases/Final Aug 2018 - PKS Automation/Common/Reference Number Getter

2018-12-10 15:41:29 - [TEST_STEP][PASSED] - Statement - Try: null

2018-12-10 15:41:29 - [TEST_STEP][PASSED] - Statement - RefNo = new java.io.File(C://Users//Admin//Desktop//PKS//Automation Reference Point//KatalonReference.txt): null

2018-12-10 15:41:29 - [TEST_STEP][PASSED] - Statement - bufferread = new java.io.BufferedReader(new java.io.FileReader(RefNo)): null

2018-12-10 15:41:29 - [TEST_STEP][PASSED] - Statement - readedVal = bufferread.readLine(): null

2018-12-10 15:41:29 - [TEST_STEP][PASSED] - Statement - out.println(CaseReferenceNo): null

2018-12-10 15:41:29 - [TEST_STEP][PASSED] - Statement - out.println(readedVal): null

2018-12-10 15:41:29 - [TEST_STEP][PASSED] - Statement - CaseReferenceNo = "": null

2018-12-10 15:41:29 - [TEST_STEP][PASSED] - Statement - CaseReferenceNo = readedVal: null

2018-12-10 15:41:29 - [MESSAGE][PASSED] - Call Test Case 'Test Cases/Final Aug 2018 - PKS Automation/Common/Reference Number Getter' successfully

2018-12-10 15:41:29 - [TEST_STEP][PASSED] - setText: Text 'CUN122018C100005949' is set on object 'Object Repository/Final Object Repo/WorkFlow Listing Page/Ref No Set Text'

2018-12-10 15:41:29 - [MESSAGE][PASSED] - Text 'CUN122018C100005949' is set on object 'Object Repository/Final Object Repo/WorkFlow Listing Page/Ref No Set Text'

2018-12-10 15:41:29 - [TEST_STEP][PASSED] - delay: Delayed 2 second(s)

2018-12-10 15:41:31 - [MESSAGE][PASSED] - Delayed 2 second(s)

2018-12-10 15:41:31 - [TEST_STEP][PASSED] - click: Object: 'Object Repository/Final Object Repo/WorkFlow Listing Page/Search Ref No Search Button' is clicked on

2018-12-10 15:41:32 - [MESSAGE][PASSED] - Object: 'Object Repository/Final Object Repo/WorkFlow Listing Page/Search Ref No Search Button' is clicked on

2018-12-10 15:41:32 - [TEST_STEP][PASSED] - delay: Delayed 6 second(s)

2018-12-10 15:41:38 - [MESSAGE][PASSED] - Delayed 6 second(s)

2018-12-10 15:41:38 - [TEST_STEP][PASSED] - click: Object: 'Object Repository/Final Object Repo/WorkFlow Listing Page/Click Continue Tooltip' is clicked on

2018-12-10 15:41:39 - [MESSAGE][PASSED] - Object: 'Object Repository/Final Object Repo/WorkFlow Listing Page/Click Continue Tooltip' is clicked on

2018-12-10 15:41:39 - [TEST_STEP][PASSED] - delay: Delayed 5 second(s)

2018-12-10 15:41:44 - [MESSAGE][PASSED] - Delayed 5 second(s)

2018-12-10 15:41:44 - [TEST_STEP][PASSED] - doubleClick: Object: 'Object Repository/Final Object Repo/WorkFlow Listing Page/Workflow Found - Listing 1' is double clicked on

2018-12-10 15:41:44 - [MESSAGE][PASSED] - Object: 'Object Repository/Final Object Repo/WorkFlow Listing Page/Workflow Found - Listing 1' is double clicked on

2018-12-10 15:41:44 - [TEST_STEP][PASSED] - Statement - println(OwnerID): null

2018-12-10 15:41:44 - [TEST_STEP][PASSED] - Statement - OwnerID = com.kms.katalon.core.webui.keyword.WebUiBuiltInKeywords.getText(com.kms.katalon.core.testobject.ObjectRepository.findTestObject(Final Object Repo/WorkFlow Listing Page/Workflow Found - Listing 1), STOP_ON_FAILURE): Text of object 'Object Repository/Final Object Repo/WorkFlow Listing Page/Workflow Found - Listing 1' is: 'JOHORuo3'

2018-12-10 15:41:44 - [MESSAGE][PASSED] - Text of object 'Object Repository/Final Object Repo/WorkFlow Listing Page/Workflow Found - Listing 1' is: 'JOHORuo3'

2018-12-10 15:41:44 - [TEST_STEP][PASSED] - Statement - OwnerID = OwnerID.toLowerCase() + "@gmail.com": null

2018-12-10 15:41:44 - [TEST_STEP][PASSED] - Statement - println(OwnerID): null

2018-12-10 15:41:44 - [TEST_STEP][PASSED] - delay: Delayed 2 second(s)

2018-12-10 15:41:46 - [MESSAGE][PASSED] - Delayed 2 second(s)

2018-12-10 15:41:46 - [MESSAGE][PASSED] - Call Test Case 'Test Cases/Final Aug 2018 - PKS Automation/Common/Workflow Owner Finder' successfully

2018-12-10 15:41:46 - [TEST_STEP][PASSED] - delay: Delayed 1 second(s)

2018-12-10 15:41:47 - [MESSAGE][PASSED] - Delayed 1 second(s)

2018-12-10 15:41:47 - [TEST_STEP][PASSED] - navigateToUrl: Navigate to 'https://assist2-uat.perkeso.gov.my/c/portal/logout' successfully

2018-12-10 15:41:48 - [MESSAGE][PASSED] - Navigate to 'https://assist2-uat.perkeso.gov.my/c/portal/logout' successfully

2018-12-10 15:41:48 - [TEST_STEP][PASSED] - delay: Delayed 1 second(s)

2018-12-10 15:41:49 - [MESSAGE][PASSED] - Delayed 1 second(s)

2018-12-10 15:41:49 - [TEST_STEP][PASSED] - callTestCase: Call Test Case 'Test Cases/Final Aug 2018 - PKS Automation/Registration Module/Workflow/Login and Search Case For Workflow' successfully

2018-12-10 15:41:49 - [TEST_CASE][PASSED] - Test Cases/Final Aug 2018 - PKS Automation/Registration Module/Workflow/Login and Search Case For Workflow: Test Cases/Final Aug 2018 - PKS Automation/Registration Module/Workflow/Login and Search Case For Workflow

2018-12-10 15:41:49 - [TEST_STEP][PASSED] - navigateToUrl: Navigate to 'https://assist2-uat.perkeso.gov.my/login' successfully

2018-12-10 15:41:49 - [MESSAGE][PASSED] - Navigate to 'https://assist2-uat.perkeso.gov.my/login' successfully

2018-12-10 15:41:49 - [TEST_STEP][PASSED] - setText: Text 'johoruo3@gmail.com' is set on object 'Object Repository/Final Object Repo/Login Page/Internal User/Email Address'

2018-12-10 15:41:50 - [MESSAGE][PASSED] - Text 'johoruo3@gmail.com' is set on object 'Object Repository/Final Object Repo/Login Page/Internal User/Email Address'

2018-12-10 15:41:50 - [TEST_STEP][PASSED] - click: Object: 'Object Repository/Final Object Repo/Login Page/Internal User/Next Button' is clicked on

2018-12-10 15:41:50 - [MESSAGE][PASSED] - Object: 'Object Repository/Final Object Repo/Login Page/Internal User/Next Button' is clicked on

2018-12-10 15:41:50 - [TEST_STEP][PASSED] - delay: Delayed 1 second(s)

2018-12-10 15:41:51 - [MESSAGE][PASSED] - Delayed 1 second(s)

2018-12-10 15:41:51 - [TEST_STEP][PASSED] - setEncryptedText: Text ****** has been set on object 'Object Repository/Final Object Repo/Login Page/Internal User/Password'

2018-12-10 15:41:51 - [MESSAGE][PASSED] - Text ****** has been set on object 'Object Repository/Final Object Repo/Login Page/Internal User/Password'

2018-12-10 15:41:51 - [TEST_STEP][PASSED] - click: Object: 'Object Repository/Final Object Repo/Login Page/Internal User/Login Button' is clicked on

2018-12-10 15:41:51 - [MESSAGE][PASSED] - Object: 'Object Repository/Final Object Repo/Login Page/Internal User/Login Button' is clicked on

2018-12-10 15:41:51 - [TEST_STEP][PASSED] - delay: Delayed 2 second(s)

2018-12-10 15:41:53 - [MESSAGE][PASSED] - Delayed 2 second(s)

2018-12-10 15:41:53 - [TEST_STEP][PASSED] - Statement - Try: Delayed 2 second(s)

2018-12-10 15:41:53 - [TEST_STEP][PASSED] - Statement - Checker = false: null

2018-12-10 15:41:53 - [TEST_STEP][PASSED] - Statement - Checker = com.kms.katalon.core.webui.keyword.WebUiBuiltInKeywords.verifyElementHasAttribute(com.kms.katalon.core.testobject.ObjectRepository.findTestObject(Final Object Repo/Landing Page/BM Detecting), "href", 20, OPTIONAL): Object 'Object Repository/Final Object Repo/Landing Page/BM Detecting' has attribute 'href'

2018-12-10 15:41:53 - [MESSAGE][PASSED] - Object 'Object Repository/Final Object Repo/Landing Page/BM Detecting' has attribute 'href'

2018-12-10 15:41:53 - [TEST_STEP][PASSED] - Statement - out.println(Checker): null

2018-12-10 15:41:53 - [TEST_STEP][PASSED] - Statement - If (Checker == false): null

2018-12-10 15:41:53 - [TEST_STEP][PASSED] - Statement - Else: null

2018-12-10 15:41:53 - [TEST_STEP][PASSED] - delay: Delayed 2 second(s)

2018-12-10 15:41:55 - [MESSAGE][PASSED] - Delayed 2 second(s)

2018-12-10 15:41:55 - [TEST_STEP][PASSED] - click: Object: 'Object Repository/Final Object Repo/Page_MyASSIST - ASSIST - Search Pending Case For Add Supporting Document/Search Information' is clicked on

2018-12-10 15:41:56 - [MESSAGE][PASSED] - Object: 'Object Repository/Final Object Repo/Page_MyASSIST - ASSIST - Search Pending Case For Add Supporting Document/Search Information' is clicked on

2018-12-10 15:41:56 - [TEST_STEP][PASSED] - delay: Delayed 3 second(s)

2018-12-10 15:41:59 - [MESSAGE][PASSED] - Delayed 3 second(s)

2018-12-10 15:41:59 - [TEST_STEP][PASSED] - sendKeys: Keys 'CUN122018C100005949' sent to object: 'Object Repository/Final Object Repo/Page_MyASSIST - ASSIST - Search Pending Case For Add Supporting Document/Reference No'

2018-12-10 15:41:59 - [MESSAGE][PASSED] - Keys 'CUN122018C100005949' sent to object: 'Object Repository/Final Object Repo/Page_MyASSIST - ASSIST - Search Pending Case For Add Supporting Document/Reference No'

2018-12-10 15:41:59 - [TEST_STEP][PASSED] - click: Object: 'Object Repository/Final Object Repo/Page_MyASSIST - ASSIST - Search Pending Case For Add Supporting Document/Search Reference No' is clicked on

2018-12-10 15:41:59 - [MESSAGE][PASSED] - Object: 'Object Repository/Final Object Repo/Page_MyASSIST - ASSIST - Search Pending Case For Add Supporting Document/Search Reference No' is clicked on

2018-12-10 15:41:59 - [TEST_STEP][PASSED] - delay: Delayed 2 second(s)

2018-12-10 15:42:01 - [MESSAGE][PASSED] - Delayed 2 second(s)

2018-12-10 15:42:01 - [TEST_STEP][PASSED] - click: Object: 'Object Repository/Final Object Repo/Page_MyASSIST - ASSIST - Search Pending Case For Add Supporting Document/Continue' is clicked on

2018-12-10 15:42:05 - [MESSAGE][PASSED] - Object: 'Object Repository/Final Object Repo/Page_MyASSIST - ASSIST - Search Pending Case For Add Supporting Document/Continue' is clicked on

2018-12-10 15:42:05 - [TEST_STEP][PASSED] - delay: Delayed 20 second(s)

2018-12-10 15:42:25 - [MESSAGE][PASSED] - Delayed 20 second(s)

2018-12-10 15:42:25 - [MESSAGE][PASSED] - Call Test Case 'Test Cases/Final Aug 2018 - PKS Automation/Registration Module/Workflow/Login and Search Case For Workflow' successfully

2018-12-10 15:42:25 - [TEST_STEP][PASSED] - delay: Delayed 2 second(s)

2018-12-10 15:42:27 - [MESSAGE][PASSED] - Delayed 2 second(s)

2018-12-10 15:42:27 - [TEST_STEP][PASSED] - click: Object: 'Object Repository/Final Object Repo/Page_Update Employer Information/Page_Update Employer Information UO (Approve)/Continue' is clicked on

2018-12-10 15:42:30 - [MESSAGE][PASSED] - Object: 'Object Repository/Final Object Repo/Page_Update Employer Information/Page_Update Employer Information UO (Approve)/Continue' is clicked on

2018-12-10 15:42:30 - [TEST_STEP][PASSED] - delay: Delayed 2 second(s)

2018-12-10 15:42:32 - [MESSAGE][PASSED] - Delayed 2 second(s)

2018-12-10 15:42:32 - [TEST_STEP][PASSED] - click: Object: 'Object Repository/Final Object Repo/Page_Update Employer Information/Page_Update Employer Information UO (Approve)/Save  Continue in Update Employer Information Page' is clicked on

2018-12-10 15:42:33 - [MESSAGE][PASSED] - Object: 'Object Repository/Final Object Repo/Page_Update Employer Information/Page_Update Employer Information UO (Approve)/Save  Continue in Update Employer Information Page' is clicked on

2018-12-10 15:42:33 - [TEST_STEP][PASSED] - delay: Delayed 2 second(s)

2018-12-10 15:42:35 - [MESSAGE][PASSED] - Delayed 2 second(s)

2018-12-10 15:42:35 - [TEST_STEP][PASSED] - setText: Text 'Query' is set on object 'Object Repository/Final Object Repo/Page_Update Employer Information/Page_Update Employer Information UO (Query)/Query - Remark'

2018-12-10 15:42:37 - [MESSAGE][PASSED] - Text 'Query' is set on object 'Object Repository/Final Object Repo/Page_Update Employer Information/Page_Update Employer Information UO (Query)/Query - Remark'

2018-12-10 15:42:37 - [TEST_STEP][PASSED] - delay: Delayed 2 second(s)

2018-12-10 15:42:39 - [MESSAGE][PASSED] - Delayed 2 second(s)

2018-12-10 15:42:39 - [TEST_STEP][PASSED] - click: Object: 'Object Repository/Final Object Repo/Page_Update Employer Information/Page_Update Employer Information UO (Approve)/Save  Continue in Uploading Supporting Document Page' is clicked on

2018-12-10 15:42:39 - [MESSAGE][PASSED] - Object: 'Object Repository/Final Object Repo/Page_Update Employer Information/Page_Update Employer Information UO (Approve)/Save  Continue in Uploading Supporting Document Page' is clicked on

2018-12-10 15:42:39 - [TEST_STEP][PASSED] - delay: Delayed 2 second(s)

2018-12-10 15:42:41 - [MESSAGE][PASSED] - Delayed 2 second(s)

2018-12-10 15:42:41 - [TEST_STEP][PASSED] - click: Object: 'Object Repository/Final Object Repo/Page_Update Employer Information/Page_Update Employer Information UO (Query)/Query' is clicked on

2018-12-10 15:42:43 - [MESSAGE][PASSED] - Object: 'Object Repository/Final Object Repo/Page_Update Employer Information/Page_Update Employer Information UO (Query)/Query' is clicked on

2018-12-10 15:42:43 - [TEST_STEP][PASSED] - delay: Delayed 2 second(s)

2018-12-10 15:42:45 - [MESSAGE][PASSED] - Delayed 2 second(s)

2018-12-10 15:42:45 - [TEST_STEP][PASSED] - click: Object: 'Object Repository/Final Object Repo/Page_Update Employer Information/Page_Update Employer Information UO (Query)/Confirm' is clicked on

2018-12-10 15:42:45 - [MESSAGE][PASSED] - Object: 'Object Repository/Final Object Repo/Page_Update Employer Information/Page_Update Employer Information UO (Query)/Confirm' is clicked on

2018-12-10 15:42:45 - [TEST_STEP][PASSED] - delay: Delayed 2 second(s)

2018-12-10 15:42:47 - [MESSAGE][PASSED] - Delayed 2 second(s)

2018-12-10 15:42:47 - [TEST_STEP][PASSED] - doubleClick: Object: 'Object Repository/Final Object Repo/Page_Update Employer Information/Page_Update Employer Information UO (Query)/Message The Case Is Under Query' is double clicked on

2018-12-10 15:42:51 - [MESSAGE][PASSED] - Object: 'Object Repository/Final Object Repo/Page_Update Employer Information/Page_Update Employer Information UO (Query)/Message The Case Is Under Query' is double clicked on

2018-12-10 15:42:51 - [TEST_STEP][PASSED] - delay: Delayed 2 second(s)

2018-12-10 15:42:53 - [MESSAGE][PASSED] - Delayed 2 second(s)

2018-12-10 15:42:53 - [TEST_STEP][PASSED] - click: Object: 'Object Repository/Final Object Repo/Page_Update Employer Information/Page_Update Employer Information UO (Query)/Letter of inquiry.pdf' is clicked on

2018-12-10 15:42:54 - [MESSAGE][PASSED] - Object: 'Object Repository/Final Object Repo/Page_Update Employer Information/Page_Update Employer Information UO (Query)/Letter of inquiry.pdf' is clicked on

2018-12-10 15:42:54 - [TEST_STEP][PASSED] - delay: Delayed 1 second(s)

2018-12-10 15:42:55 - [MESSAGE][PASSED] - Delayed 1 second(s)

2018-12-10 15:42:55 - [TEST_STEP][PASSED] - callTestCase: Call Test Case 'Test Cases/Final Aug 2018 - PKS Automation/Registration Module/Log Out/log out avoiding katalon tagging' successfully

2018-12-10 15:42:55 - [TEST_CASE][PASSED] - Test Cases/Final Aug 2018 - PKS Automation/Registration Module/Log Out/log out avoiding katalon tagging: Test Cases/Final Aug 2018 - PKS Automation/Registration Module/Log Out/log out avoiding katalon tagging

2018-12-10 15:42:55 - [TEST_STEP][PASSED] - navigateToUrl: Navigate to 'https://assist2-uat.perkeso.gov.my/c/portal/logout' successfully

2018-12-10 15:42:56 - [MESSAGE][PASSED] - Navigate to 'https://assist2-uat.perkeso.gov.my/c/portal/logout' successfully

2018-12-10 15:42:56 - [MESSAGE][PASSED] - Call Test Case 'Test Cases/Final Aug 2018 - PKS Automation/Registration Module/Log Out/log out avoiding katalon tagging' successfully

2018-12-10 15:42:56 - [TEST_STEP][NOT_RUN] - navigateToUrl: NOT_RUN: navigateToUrl

2018-12-10 15:42:56 - [MESSAGE][NOT_RUN] - NOT_RUN: navigateToUrl

2018-12-10 15:42:56 - [TEST_STEP][PASSED] - delay: Delayed 1 second(s)

2018-12-10 15:42:57 - [MESSAGE][PASSED] - Delayed 1 second(s)

2018-12-10 15:42:57 - [TEST_STEP][PASSED] - callTestCase: Call Test Case 'Test Cases/Final Aug 2018 - PKS Automation/Registration Module/Workflow/Search Pending Case For Add Supporting Document (OTC)' successfully

2018-12-10 15:42:57 - [TEST_CASE][PASSED] - Test Cases/Final Aug 2018 - PKS Automation/Registration Module/Workflow/Search Pending Case For Add Supporting Document (OTC): Test Cases/Final Aug 2018 - PKS Automation/Registration Module/Workflow/Search Pending Case For Add Supporting Document (OTC)

2018-12-10 15:42:57 - [TEST_STEP][PASSED] - openBrowser: Browser is opened with url: ''

2018-12-10 15:42:57 - [MESSAGE][WARNING] - A browser is already opened. Closing browser and opening a new one

2018-12-10 15:43:00 - [MESSAGE][PASSED] - Browser is opened with url: ''

2018-12-10 15:43:00 - [TEST_STEP][PASSED] - navigateToUrl: Navigate to 'https://assist2-uat.perkeso.gov.my/login' successfully

2018-12-10 15:43:01 - [MESSAGE][PASSED] - Navigate to 'https://assist2-uat.perkeso.gov.my/login' successfully

2018-12-10 15:43:01 - [TEST_STEP][PASSED] - setText: Text 'johorotc1@gmail.com' is set on object 'Object Repository/Final Object Repo/Login Page/Internal User/Email Address'

2018-12-10 15:43:02 - [MESSAGE][PASSED] - Text 'johorotc1@gmail.com' is set on object 'Object Repository/Final Object Repo/Login Page/Internal User/Email Address'

2018-12-10 15:43:02 - [TEST_STEP][PASSED] - click: Object: 'Object Repository/Final Object Repo/Login Page/Internal User/Next Button' is clicked on

2018-12-10 15:43:02 - [MESSAGE][PASSED] - Object: 'Object Repository/Final Object Repo/Login Page/Internal User/Next Button' is clicked on

2018-12-10 15:43:02 - [TEST_STEP][PASSED] - delay: Delayed 1 second(s)

2018-12-10 15:43:03 - [MESSAGE][PASSED] - Delayed 1 second(s)

2018-12-10 15:43:03 - [TEST_STEP][PASSED] - setEncryptedText: Text ****** has been set on object 'Object Repository/Final Object Repo/Login Page/Internal User/Password'

2018-12-10 15:43:03 - [MESSAGE][PASSED] - Text ****** has been set on object 'Object Repository/Final Object Repo/Login Page/Internal User/Password'

2018-12-10 15:43:03 - [TEST_STEP][PASSED] - click: Object: 'Object Repository/Final Object Repo/Login Page/Internal User/Login Button' is clicked on

2018-12-10 15:43:03 - [MESSAGE][PASSED] - Object: 'Object Repository/Final Object Repo/Login Page/Internal User/Login Button' is clicked on

2018-12-10 15:43:03 - [TEST_STEP][PASSED] - delay: Delayed 1 second(s)

2018-12-10 15:43:04 - [MESSAGE][PASSED] - Delayed 1 second(s)

2018-12-10 15:43:04 - [TEST_STEP][PASSED] - Statement - Try: Delayed 2 second(s)

2018-12-10 15:43:04 - [TEST_STEP][PASSED] - Statement - Checker = false: null

2018-12-10 15:43:04 - [TEST_STEP][PASSED] - Statement - Checker = com.kms.katalon.core.webui.keyword.WebUiBuiltInKeywords.verifyElementHasAttribute(com.kms.katalon.core.testobject.ObjectRepository.findTestObject(Final Object Repo/Landing Page/BM Detecting), "href", 20, OPTIONAL): Object 'Object Repository/Final Object Repo/Landing Page/BM Detecting' has attribute 'href'

2018-12-10 15:43:05 - [MESSAGE][PASSED] - Object 'Object Repository/Final Object Repo/Landing Page/BM Detecting' has attribute 'href'

2018-12-10 15:43:05 - [TEST_STEP][PASSED] - Statement - out.println(Checker): null

2018-12-10 15:43:05 - [TEST_STEP][PASSED] - Statement - If (Checker == false): null

2018-12-10 15:43:05 - [TEST_STEP][PASSED] - Statement - Else: null

2018-12-10 15:43:05 - [TEST_STEP][PASSED] - delay: Delayed 2 second(s)

2018-12-10 15:43:07 - [MESSAGE][PASSED] - Delayed 2 second(s)

2018-12-10 15:43:07 - [TEST_STEP][PASSED] - navigateToUrl: Navigate to 'https://assist2-uat.perkeso.gov.my/web/registration/search/search-pending-case-for-add-supporting-document' successfully

2018-12-10 15:43:08 - [MESSAGE][PASSED] - Navigate to 'https://assist2-uat.perkeso.gov.my/web/registration/search/search-pending-case-for-add-supporting-document' successfully

2018-12-10 15:43:08 - [TEST_STEP][PASSED] - click: Object: 'Object Repository/Final Object Repo/Page_Search Pending Case For Add Suporting Document/Search By' is clicked on

2018-12-10 15:43:09 - [MESSAGE][PASSED] - Object: 'Object Repository/Final Object Repo/Page_Search Pending Case For Add Suporting Document/Search By' is clicked on

2018-12-10 15:43:09 - [TEST_STEP][PASSED] - click: Object: 'Object Repository/Final Object Repo/Page_Search Pending Case For Add Suporting Document/Search By - Reference ID' is clicked on

2018-12-10 15:43:09 - [MESSAGE][PASSED] - Object: 'Object Repository/Final Object Repo/Page_Search Pending Case For Add Suporting Document/Search By - Reference ID' is clicked on

2018-12-10 15:43:09 - [TEST_STEP][PASSED] - delay: Delayed 2 second(s)

2018-12-10 15:43:11 - [MESSAGE][PASSED] - Delayed 2 second(s)

2018-12-10 15:43:11 - [TEST_STEP][PASSED] - setText: Text 'CUN122018C100005949' is set on object 'Object Repository/Final Object Repo/Page_Search Pending Case For Add Suporting Document/Reference ID'

2018-12-10 15:43:11 - [MESSAGE][PASSED] - Text 'CUN122018C100005949' is set on object 'Object Repository/Final Object Repo/Page_Search Pending Case For Add Suporting Document/Reference ID'

2018-12-10 15:43:11 - [TEST_STEP][PASSED] - click: Object: 'Object Repository/Final Object Repo/Page_Search Pending Case For Add Suporting Document/Search' is clicked on

2018-12-10 15:43:11 - [MESSAGE][PASSED] - Object: 'Object Repository/Final Object Repo/Page_Search Pending Case For Add Suporting Document/Search' is clicked on

2018-12-10 15:43:11 - [TEST_STEP][PASSED] - delay: Delayed 2 second(s)

2018-12-10 15:43:13 - [MESSAGE][PASSED] - Delayed 2 second(s)

2018-12-10 15:43:13 - [TEST_STEP][PASSED] - click: Object: 'Object Repository/Final Object Repo/Page_Search Pending Case For Add Suporting Document/Edit' is clicked on

2018-12-10 15:43:17 - [MESSAGE][PASSED] - Object: 'Object Repository/Final Object Repo/Page_Search Pending Case For Add Suporting Document/Edit' is clicked on

2018-12-10 15:43:17 - [MESSAGE][PASSED] - Call Test Case 'Test Cases/Final Aug 2018 - PKS Automation/Registration Module/Workflow/Search Pending Case For Add Supporting Document (OTC)' successfully

2018-12-10 15:43:17 - [TEST_STEP][PASSED] - click: Object: 'Object Repository/Final Object Repo/Page_Update Employer Information/Page_Update Employer Information UO (Query -OTC -UO)/Next' is clicked on

2018-12-10 15:43:20 - [MESSAGE][PASSED] - Object: 'Object Repository/Final Object Repo/Page_Update Employer Information/Page_Update Employer Information UO (Query -OTC -UO)/Next' is clicked on

2018-12-10 15:43:20 - [TEST_STEP][PASSED] - delay: Delayed 2 second(s)

2018-12-10 15:43:22 - [MESSAGE][PASSED] - Delayed 2 second(s)

2018-12-10 15:43:22 - [TEST_STEP][PASSED] - click: Object: 'Object Repository/Final Object Repo/Page_Update Employer Information/Page_Update Employer Information UO (Query -OTC -UO)/Add Document' is clicked on

2018-12-10 15:43:22 - [MESSAGE][PASSED] - Object: 'Object Repository/Final Object Repo/Page_Update Employer Information/Page_Update Employer Information UO (Query -OTC -UO)/Add Document' is clicked on

2018-12-10 15:43:22 - [TEST_STEP][PASSED] - delay: Delayed 2 second(s)

2018-12-10 15:43:24 - [MESSAGE][PASSED] - Delayed 2 second(s)

2018-12-10 15:43:24 - [TEST_STEP][PASSED] - click: Object: 'Object Repository/Final Object Repo/Page_Update Employer Information/Page_Update Employer Information UO (Query -OTC -UO)/Document Type' is clicked on

2018-12-10 15:43:25 - [MESSAGE][PASSED] - Object: 'Object Repository/Final Object Repo/Page_Update Employer Information/Page_Update Employer Information UO (Query -OTC -UO)/Document Type' is clicked on

2018-12-10 15:43:25 - [TEST_STEP][PASSED] - click: Object: 'Object Repository/Final Object Repo/Page_Update Employer Information/Page_Update Employer Information UO (Query -OTC -UO)/Document Type - Other' is clicked on

2018-12-10 15:43:25 - [MESSAGE][PASSED] - Object: 'Object Repository/Final Object Repo/Page_Update Employer Information/Page_Update Employer Information UO (Query -OTC -UO)/Document Type - Other' is clicked on

2018-12-10 15:43:25 - [TEST_STEP][PASSED] - delay: Delayed 2 second(s)

2018-12-10 15:43:27 - [MESSAGE][PASSED] - Delayed 2 second(s)

2018-12-10 15:43:27 - [TEST_STEP][PASSED] - sendKeys: Keys 'C:\Users\Public\Pictures\Sample Pictures\Koala.jpg' sent to object: 'Object Repository/Final Object Repo/Page_Update Employer Information/Page_Update Employer Information UO (Query -OTC -UO)/Uploading File'

2018-12-10 15:43:27 - [MESSAGE][PASSED] - Keys 'C:\Users\Public\Pictures\Sample Pictures\Koala.jpg' sent to object: 'Object Repository/Final Object Repo/Page_Update Employer Information/Page_Update Employer Information UO (Query -OTC -UO)/Uploading File'

2018-12-10 15:43:27 - [TEST_STEP][PASSED] - delay: Delayed 2 second(s)

2018-12-10 15:43:29 - [MESSAGE][PASSED] - Delayed 2 second(s)

2018-12-10 15:43:29 - [TEST_STEP][PASSED] - click: Object: 'Object Repository/Final Object Repo/Page_Update Employer Information/Page_Update Employer Information UO (Query -OTC -UO)/Add Document in Uploading Page' is clicked on

2018-12-10 15:43:30 - [MESSAGE][PASSED] - Object: 'Object Repository/Final Object Repo/Page_Update Employer Information/Page_Update Employer Information UO (Query -OTC -UO)/Add Document in Uploading Page' is clicked on

2018-12-10 15:43:30 - [TEST_STEP][PASSED] - delay: Delayed 2 second(s)

2018-12-10 15:43:32 - [MESSAGE][PASSED] - Delayed 2 second(s)

2018-12-10 15:43:32 - [TEST_STEP][PASSED] - click: Object: 'Object Repository/Final Object Repo/Page_Update Employer Information/Page_Update Employer Information UO (Query -OTC -UO)/Exit' is clicked on

2018-12-10 15:43:34 - [MESSAGE][PASSED] - Object: 'Object Repository/Final Object Repo/Page_Update Employer Information/Page_Update Employer Information UO (Query -OTC -UO)/Exit' is clicked on

2018-12-10 15:43:34 - [TEST_STEP][PASSED] - delay: Delayed 2 second(s)

2018-12-10 15:43:36 - [MESSAGE][PASSED] - Delayed 2 second(s)

2018-12-10 15:43:36 - [TEST_STEP][PASSED] - delay: Delayed 1 second(s)

2018-12-10 15:43:37 - [MESSAGE][PASSED] - Delayed 1 second(s)

2018-12-10 15:43:37 - [TEST_STEP][PASSED] - navigateToUrl: Navigate to 'https://assist2-uat.perkeso.gov.my/c/portal/logout' successfully

2018-12-10 15:43:38 - [MESSAGE][PASSED] - Navigate to 'https://assist2-uat.perkeso.gov.my/c/portal/logout' successfully

2018-12-10 15:43:38 - [TEST_STEP][PASSED] - delay: Delayed 1 second(s)

2018-12-10 15:43:39 - [MESSAGE][PASSED] - Delayed 1 second(s)

2018-12-10 15:43:39 - [TEST_STEP][PASSED] - callTestCase: Call Test Case 'Test Cases/Final Aug 2018 - PKS Automation/Registration Module/Workflow/Login and Search Case For Workflow' successfully

2018-12-10 15:43:39 - [TEST_CASE][PASSED] - Test Cases/Final Aug 2018 - PKS Automation/Registration Module/Workflow/Login and Search Case For Workflow: Test Cases/Final Aug 2018 - PKS Automation/Registration Module/Workflow/Login and Search Case For Workflow

2018-12-10 15:43:39 - [TEST_STEP][PASSED] - navigateToUrl: Navigate to 'https://assist2-uat.perkeso.gov.my/login' successfully

2018-12-10 15:43:40 - [MESSAGE][PASSED] - Navigate to 'https://assist2-uat.perkeso.gov.my/login' successfully

2018-12-10 15:43:40 - [TEST_STEP][PASSED] - setText: Text 'johoruo3@gmail.com' is set on object 'Object Repository/Final Object Repo/Login Page/Internal User/Email Address'

2018-12-10 15:43:40 - [MESSAGE][PASSED] - Text 'johoruo3@gmail.com' is set on object 'Object Repository/Final Object Repo/Login Page/Internal User/Email Address'

2018-12-10 15:43:40 - [TEST_STEP][PASSED] - click: Object: 'Object Repository/Final Object Repo/Login Page/Internal User/Next Button' is clicked on

2018-12-10 15:43:40 - [MESSAGE][PASSED] - Object: 'Object Repository/Final Object Repo/Login Page/Internal User/Next Button' is clicked on

2018-12-10 15:43:40 - [TEST_STEP][PASSED] - delay: Delayed 1 second(s)

2018-12-10 15:43:41 - [MESSAGE][PASSED] - Delayed 1 second(s)

2018-12-10 15:43:41 - [TEST_STEP][PASSED] - setEncryptedText: Text ****** has been set on object 'Object Repository/Final Object Repo/Login Page/Internal User/Password'

2018-12-10 15:43:41 - [MESSAGE][PASSED] - Text ****** has been set on object 'Object Repository/Final Object Repo/Login Page/Internal User/Password'

2018-12-10 15:43:41 - [TEST_STEP][PASSED] - click: Object: 'Object Repository/Final Object Repo/Login Page/Internal User/Login Button' is clicked on

2018-12-10 15:43:42 - [MESSAGE][PASSED] - Object: 'Object Repository/Final Object Repo/Login Page/Internal User/Login Button' is clicked on

2018-12-10 15:43:42 - [TEST_STEP][PASSED] - delay: Delayed 2 second(s)

2018-12-10 15:43:44 - [MESSAGE][PASSED] - Delayed 2 second(s)

2018-12-10 15:43:44 - [TEST_STEP][PASSED] - Statement - Try: Delayed 2 second(s)

2018-12-10 15:43:44 - [TEST_STEP][PASSED] - Statement - Checker = false: null

2018-12-10 15:43:44 - [TEST_STEP][PASSED] - Statement - Checker = com.kms.katalon.core.webui.keyword.WebUiBuiltInKeywords.verifyElementHasAttribute(com.kms.katalon.core.testobject.ObjectRepository.findTestObject(Final Object Repo/Landing Page/BM Detecting), "href", 20, OPTIONAL): Object 'Object Repository/Final Object Repo/Landing Page/BM Detecting' has attribute 'href'

2018-12-10 15:43:44 - [MESSAGE][PASSED] - Object 'Object Repository/Final Object Repo/Landing Page/BM Detecting' has attribute 'href'

2018-12-10 15:43:44 - [TEST_STEP][PASSED] - Statement - out.println(Checker): null

2018-12-10 15:43:44 - [TEST_STEP][PASSED] - Statement - If (Checker == false): null

2018-12-10 15:43:44 - [TEST_STEP][PASSED] - Statement - Else: null

2018-12-10 15:43:44 - [TEST_STEP][PASSED] - delay: Delayed 2 second(s)

2018-12-10 15:43:46 - [MESSAGE][PASSED] - Delayed 2 second(s)

2018-12-10 15:43:46 - [TEST_STEP][PASSED] - click: Object: 'Object Repository/Final Object Repo/Page_MyASSIST - ASSIST - Search Pending Case For Add Supporting Document/Search Information' is clicked on

2018-12-10 15:43:46 - [MESSAGE][PASSED] - Object: 'Object Repository/Final Object Repo/Page_MyASSIST - ASSIST - Search Pending Case For Add Supporting Document/Search Information' is clicked on

2018-12-10 15:43:46 - [TEST_STEP][PASSED] - delay: Delayed 3 second(s)

2018-12-10 15:43:49 - [MESSAGE][PASSED] - Delayed 3 second(s)

2018-12-10 15:43:49 - [TEST_STEP][PASSED] - sendKeys: Keys 'CUN122018C100005949' sent to object: 'Object Repository/Final Object Repo/Page_MyASSIST - ASSIST - Search Pending Case For Add Supporting Document/Reference No'

2018-12-10 15:43:49 - [MESSAGE][PASSED] - Keys 'CUN122018C100005949' sent to object: 'Object Repository/Final Object Repo/Page_MyASSIST - ASSIST - Search Pending Case For Add Supporting Document/Reference No'

2018-12-10 15:43:49 - [TEST_STEP][PASSED] - click: Object: 'Object Repository/Final Object Repo/Page_MyASSIST - ASSIST - Search Pending Case For Add Supporting Document/Search Reference No' is clicked on

2018-12-10 15:43:49 - [MESSAGE][PASSED] - Object: 'Object Repository/Final Object Repo/Page_MyASSIST - ASSIST - Search Pending Case For Add Supporting Document/Search Reference No' is clicked on

2018-12-10 15:43:49 - [TEST_STEP][PASSED] - delay: Delayed 2 second(s)

2018-12-10 15:43:51 - [MESSAGE][PASSED] - Delayed 2 second(s)

2018-12-10 15:43:51 - [TEST_STEP][PASSED] - click: Object: 'Object Repository/Final Object Repo/Page_MyASSIST - ASSIST - Search Pending Case For Add Supporting Document/Continue' is clicked on

2018-12-10 15:43:55 - [MESSAGE][PASSED] - Object: 'Object Repository/Final Object Repo/Page_MyASSIST - ASSIST - Search Pending Case For Add Supporting Document/Continue' is clicked on

2018-12-10 15:43:55 - [TEST_STEP][PASSED] - delay: Delayed 20 second(s)

2018-12-10 15:44:15 - [MESSAGE][PASSED] - Delayed 20 second(s)

2018-12-10 15:44:15 - [MESSAGE][PASSED] - Call Test Case 'Test Cases/Final Aug 2018 - PKS Automation/Registration Module/Workflow/Login and Search Case For Workflow' successfully

2018-12-10 15:44:15 - [TEST_STEP][PASSED] - click: Object: 'Object Repository/Final Object Repo/Page_Update Employer Information/Page_Update Employer Information UO (Approve)/Continue' is clicked on

2018-12-10 15:44:19 - [MESSAGE][PASSED] - Object: 'Object Repository/Final Object Repo/Page_Update Employer Information/Page_Update Employer Information UO (Approve)/Continue' is clicked on

2018-12-10 15:44:19 - [TEST_STEP][PASSED] - delay: Delayed 2 second(s)

2018-12-10 15:44:21 - [MESSAGE][PASSED] - Delayed 2 second(s)

2018-12-10 15:44:21 - [TEST_STEP][PASSED] - click: Object: 'Object Repository/Final Object Repo/Page_Update Employer Information/Page_Update Employer Information UO (Approve)/Save  Continue in Update Employer Information Page' is clicked on

2018-12-10 15:44:21 - [MESSAGE][PASSED] - Object: 'Object Repository/Final Object Repo/Page_Update Employer Information/Page_Update Employer Information UO (Approve)/Save  Continue in Update Employer Information Page' is clicked on

2018-12-10 15:44:21 - [TEST_STEP][PASSED] - delay: Delayed 2 second(s)

2018-12-10 15:44:23 - [MESSAGE][PASSED] - Delayed 2 second(s)

2018-12-10 15:44:23 - [TEST_STEP][PASSED] - click: Object: 'Object Repository/Final Object Repo/Page_Update Employer Information/Page_Update Employer Information UO (Approve)/Save  Continue in Uploading Supporting Document Page' is clicked on

2018-12-10 15:44:26 - [MESSAGE][PASSED] - Object: 'Object Repository/Final Object Repo/Page_Update Employer Information/Page_Update Employer Information UO (Approve)/Save  Continue in Uploading Supporting Document Page' is clicked on

2018-12-10 15:44:26 - [TEST_STEP][PASSED] - delay: Delayed 2 second(s)

2018-12-10 15:44:28 - [MESSAGE][PASSED] - Delayed 2 second(s)

2018-12-10 15:44:28 - [TEST_STEP][PASSED] - click: Object: 'Object Repository/Final Object Repo/Page_Update Employer Information/Page_Update Employer Information UO (Approve)/Approve' is clicked on

2018-12-10 15:44:29 - [MESSAGE][PASSED] - Object: 'Object Repository/Final Object Repo/Page_Update Employer Information/Page_Update Employer Information UO (Approve)/Approve' is clicked on

2018-12-10 15:44:29 - [TEST_STEP][PASSED] - delay: Delayed 2 second(s)

2018-12-10 15:44:31 - [MESSAGE][PASSED] - Delayed 2 second(s)

2018-12-10 15:44:31 - [TEST_STEP][PASSED] - click: Object: 'Object Repository/Final Object Repo/Page_Update Employer Information/Page_Update Employer Information UO (Approve)/Confirm' is clicked on

2018-12-10 15:44:31 - [MESSAGE][PASSED] - Object: 'Object Repository/Final Object Repo/Page_Update Employer Information/Page_Update Employer Information UO (Approve)/Confirm' is clicked on

2018-12-10 15:44:31 - [TEST_STEP][PASSED] - delay: Delayed 2 second(s)

2018-12-10 15:44:33 - [MESSAGE][PASSED] - Delayed 2 second(s)

2018-12-10 15:44:33 - [TEST_STEP][PASSED] - verifyElementVisible: Object 'Object Repository/Final Object Repo/Page_Update Employer Information/Page_Update Employer Information UO (Approve)/Message Your Request' is visible

2018-12-10 15:44:41 - [MESSAGE][PASSED] - Object 'Object Repository/Final Object Repo/Page_Update Employer Information/Page_Update Employer Information UO (Approve)/Message Your Request' is visible

2018-12-10 15:44:41 - [TEST_STEP][PASSED] - verifyElementVisible: Object 'Object Repository/Final Object Repo/Page_Update Employer Information/Page_Update Employer Information UO (Approve)/Letter of successful update' is visible

2018-12-10 15:44:41 - [MESSAGE][PASSED] - Object 'Object Repository/Final Object Repo/Page_Update Employer Information/Page_Update Employer Information UO (Approve)/Letter of successful update' is visible

2018-12-10 15:44:41 - [MESSAGE][PASSED] - Call Test Case 'Test Cases/Final Aug 2018 - PKS Automation/Registration Module/Workflow/Update Employer Information/Template/Update Employer Information - Special Case - UO (Query)' successfully]]></system-out>
         <system-err><![CDATA[]]></system-err>
      </testcase>
      <testcase name="Test Cases/Final Aug 2018 - PKS Automation/Registration Module/Workflow/Update Employer Information/Employer - UO (Reject)" classname="Test Cases/Final Aug 2018 - PKS Automation/Registration Module/Workflow/Update Employer Information/Employer - UO (Reject)" status="PASSED">
         <system-out><![CDATA[2018-12-10 15:44:41 - [TEST_CASE][PASSED] - Test Cases/Final Aug 2018 - PKS Automation/Registration Module/Workflow/Update Employer Information/Employer - UO (Reject): Test Cases/Final Aug 2018 - PKS Automation/Registration Module/Workflow/Update Employer Information/Employer - UO (Reject)

2018-12-10 15:44:41 - [TEST_STEP][PASSED] - callTestCase: Call Test Case 'Test Cases/Final Aug 2018 - PKS Automation/Registration Module/Workflow/Update Employer Information/Template/Update Employer Information - Special Case (Employer)' successfully

2018-12-10 15:44:41 - [TEST_CASE][PASSED] - Test Cases/Final Aug 2018 - PKS Automation/Registration Module/Workflow/Update Employer Information/Template/Update Employer Information - Special Case (Employer): Test Cases/Final Aug 2018 - PKS Automation/Registration Module/Workflow/Update Employer Information/Template/Update Employer Information - Special Case (Employer)

2018-12-10 15:44:41 - [TEST_STEP][PASSED] - callTestCase: Call Test Case 'Test Cases/Final Aug 2018 - PKS Automation/Create Employer Acc/Login to Employer Account (Second time)' successfully

2018-12-10 15:44:41 - [TEST_CASE][PASSED] - Test Cases/Final Aug 2018 - PKS Automation/Create Employer Acc/Login to Employer Account (Second time): Test Cases/Final Aug 2018 - PKS Automation/Create Employer Acc/Login to Employer Account (Second time)

2018-12-10 15:44:41 - [TEST_STEP][PASSED] - openBrowser: Browser is opened with url: ''

2018-12-10 15:44:41 - [MESSAGE][WARNING] - A browser is already opened. Closing browser and opening a new one

2018-12-10 15:44:45 - [MESSAGE][PASSED] - Browser is opened with url: ''

2018-12-10 15:44:45 - [TEST_STEP][PASSED] - navigateToUrl: Navigate to 'https://assist2-uat.perkeso.gov.my/employer/login' successfully

2018-12-10 15:44:46 - [MESSAGE][PASSED] - Navigate to 'https://assist2-uat.perkeso.gov.my/employer/login' successfully

2018-12-10 15:44:46 - [TEST_STEP][PASSED] - delay: Delayed 3 second(s)

2018-12-10 15:44:49 - [MESSAGE][PASSED] - Delayed 3 second(s)

2018-12-10 15:44:49 - [TEST_STEP][PASSED] - callTestCase: Call Test Case 'Test Cases/Final Aug 2018 - PKS Automation/Create Employer Acc/Template/Employer Email Getter' successfully

2018-12-10 15:44:49 - [TEST_CASE][PASSED] - Test Cases/Final Aug 2018 - PKS Automation/Create Employer Acc/Template/Employer Email Getter: Test Cases/Final Aug 2018 - PKS Automation/Create Employer Acc/Template/Employer Email Getter

2018-12-10 15:44:49 - [TEST_STEP][PASSED] - Statement - Try: null

2018-12-10 15:44:49 - [TEST_STEP][PASSED] - Statement - EmpEmail = new java.io.File(C://Users//Admin//Desktop//PKS//Automation Reference Point//EmpEmail.txt): null

2018-12-10 15:44:49 - [TEST_STEP][PASSED] - Statement - bufferread = new java.io.BufferedReader(new java.io.FileReader(EmpEmail)): null

2018-12-10 15:44:49 - [TEST_STEP][PASSED] - Statement - readedVal = bufferread.readLine(): null

2018-12-10 15:44:49 - [TEST_STEP][PASSED] - Statement - out.println(readedVal): null

2018-12-10 15:44:49 - [TEST_STEP][PASSED] - Statement - Email = readedVal: null

2018-12-10 15:44:49 - [MESSAGE][PASSED] - Call Test Case 'Test Cases/Final Aug 2018 - PKS Automation/Create Employer Acc/Template/Employer Email Getter' successfully

2018-12-10 15:44:49 - [TEST_STEP][PASSED] - setText: Text 'perkeso864217735948@gmail.com' is set on object 'Object Repository/Final Object Repo/Login Page/External Login Page/Email'

2018-12-10 15:44:50 - [MESSAGE][PASSED] - Text 'perkeso864217735948@gmail.com' is set on object 'Object Repository/Final Object Repo/Login Page/External Login Page/Email'

2018-12-10 15:44:50 - [TEST_STEP][PASSED] - click: Object: 'Object Repository/Final Object Repo/Login Page/External Login Page/Next' is clicked on

2018-12-10 15:44:50 - [MESSAGE][PASSED] - Object: 'Object Repository/Final Object Repo/Login Page/External Login Page/Next' is clicked on

2018-12-10 15:44:50 - [TEST_STEP][PASSED] - delay: Delayed 3 second(s)

2018-12-10 15:44:53 - [MESSAGE][PASSED] - Delayed 3 second(s)

2018-12-10 15:44:53 - [TEST_STEP][PASSED] - setEncryptedText: Text ****** has been set on object 'Object Repository/Final Object Repo/Login Page/External Login Page/Password'

2018-12-10 15:44:53 - [MESSAGE][PASSED] - Text ****** has been set on object 'Object Repository/Final Object Repo/Login Page/External Login Page/Password'

2018-12-10 15:44:53 - [TEST_STEP][PASSED] - click: Object: 'Object Repository/Final Object Repo/Login Page/External Login Page/Login' is clicked on

2018-12-10 15:44:53 - [MESSAGE][PASSED] - Object: 'Object Repository/Final Object Repo/Login Page/External Login Page/Login' is clicked on

2018-12-10 15:44:53 - [TEST_STEP][PASSED] - delay: Delayed 5 second(s)

2018-12-10 15:44:58 - [MESSAGE][PASSED] - Delayed 5 second(s)

2018-12-10 15:44:58 - [MESSAGE][PASSED] - Call Test Case 'Test Cases/Final Aug 2018 - PKS Automation/Create Employer Acc/Login to Employer Account (Second time)' successfully

2018-12-10 15:44:58 - [TEST_STEP][PASSED] - Statement - tester = com.kms.katalon.core.testobject.ObjectRepository.findTestObject(Final Object Repo/Landing Page/Select to English): Finding Test Object with id 'Object Repository/Final Object Repo/Landing Page/Select to English'

2018-12-10 15:44:58 - [TEST_STEP][PASSED] - Statement - Try: Delayed 2 second(s)

2018-12-10 15:44:58 - [TEST_STEP][PASSED] - Statement - Checker = com.kms.katalon.core.webui.keyword.WebUiBuiltInKeywords.verifyElementNotPresent(tester, 3): Web element with id: 'Object Repository/Final Object Repo/Landing Page/Select to English' located by 'By.xpath: //a[@class = 'taglib-language-list-text' and @lang = 'en-US' and (contains(text(), 'EN') or contains(., 'EN'))]' is not present after '3' second(s)

2018-12-10 15:44:59 - [MESSAGE][PASSED] - Web element with id: 'Object Repository/Final Object Repo/Landing Page/Select to English' located by 'By.xpath: //a[@class = 'taglib-language-list-text' and @lang = 'en-US' and (contains(text(), 'EN') or contains(., 'EN'))]' is not present after '3' second(s)

2018-12-10 15:44:59 - [TEST_STEP][PASSED] - Statement - If (Checker == false): null

2018-12-10 15:44:59 - [TEST_STEP][PASSED] - delay: Delayed 2 second(s)

2018-12-10 15:45:01 - [MESSAGE][PASSED] - Delayed 2 second(s)

2018-12-10 15:45:01 - [TEST_STEP][PASSED] - delay: Delayed 5 second(s)

2018-12-10 15:45:06 - [MESSAGE][PASSED] - Delayed 5 second(s)

2018-12-10 15:45:06 - [TEST_STEP][PASSED] - navigateToUrl: Navigate to 'https://assist2-uat.perkeso.gov.my/web/registration/update/update-employer-information' successfully

2018-12-10 15:45:07 - [MESSAGE][PASSED] - Navigate to 'https://assist2-uat.perkeso.gov.my/web/registration/update/update-employer-information' successfully

2018-12-10 15:45:07 - [TEST_STEP][PASSED] - click: Object: 'Object Repository/Final Object Repo/Page_Update Employer Information/Edit Button' is clicked on

2018-12-10 15:45:10 - [MESSAGE][PASSED] - Object: 'Object Repository/Final Object Repo/Page_Update Employer Information/Edit Button' is clicked on

2018-12-10 15:45:10 - [TEST_STEP][PASSED] - click: Object: 'Object Repository/Final Object Repo/Page_Update Employer Information/Business Entity' is clicked on

2018-12-10 15:45:10 - [MESSAGE][PASSED] - Object: 'Object Repository/Final Object Repo/Page_Update Employer Information/Business Entity' is clicked on

2018-12-10 15:45:10 - [TEST_STEP][PASSED] - Statement - CurrentBusinessEntity = "": null

2018-12-10 15:45:10 - [TEST_STEP][PASSED] - Statement - CurrentBusinessEntity = com.kms.katalon.core.webui.keyword.WebUiBuiltInKeywords.getText(com.kms.katalon.core.testobject.ObjectRepository.findTestObject(Final Object Repo/Page_Update Employer Information/Current Business Entity)): Text of object 'Object Repository/Final Object Repo/Page_Update Employer Information/Current Business Entity' is: 'Others'

2018-12-10 15:45:10 - [MESSAGE][PASSED] - Text of object 'Object Repository/Final Object Repo/Page_Update Employer Information/Current Business Entity' is: 'Others'

2018-12-10 15:45:10 - [TEST_STEP][PASSED] - Statement - out.println(CurrentBusinessEntity): null

2018-12-10 15:45:10 - [TEST_STEP][PASSED] - Statement - If (CurrentBusinessEntity == "Corporation"): null

2018-12-10 15:45:10 - [TEST_STEP][PASSED] - Statement - Else If (CurrentBusinessEntity == "Partnership"): null

2018-12-10 15:45:10 - [TEST_STEP][PASSED] - Statement - Else If (CurrentBusinessEntity == "Sole Proprietor / Individual Business"): null

2018-12-10 15:45:10 - [TEST_STEP][PASSED] - Statement - Else If (CurrentBusinessEntity == "Others"): Delayed 3 second(s)

2018-12-10 15:45:10 - [TEST_STEP][PASSED] - Statement - obj = com.kms.katalon.core.webui.keyword.WebUiBuiltInKeywords.modifyObjectProperty(com.kms.katalon.core.testobject.ObjectRepository.findTestObject(Final Object Repo/Page_Update Employer Information/change to this Business Entity), "xpath", "equals", "//ul/li/span[contains(text(),"Partnership")]", true, STOP_ON_FAILURE): Modify property of object successfully

2018-12-10 15:45:10 - [MESSAGE][PASSED] - Modify property of object successfully

2018-12-10 15:45:10 - [TEST_STEP][PASSED] - click: Object: 'Object Repository/Final Object Repo/Page_Update Employer Information/change to this Business Entity' is clicked on

2018-12-10 15:45:10 - [MESSAGE][PASSED] - Object: 'Object Repository/Final Object Repo/Page_Update Employer Information/change to this Business Entity' is clicked on

2018-12-10 15:45:10 - [TEST_STEP][PASSED] - delay: Delayed 1 second(s)

2018-12-10 15:45:11 - [MESSAGE][PASSED] - Delayed 1 second(s)

2018-12-10 15:45:11 - [TEST_STEP][PASSED] - click: Object: 'Object Repository/Final Object Repo/Page_Update Employer Information/Sub Business Entity' is clicked on

2018-12-10 15:45:11 - [MESSAGE][PASSED] - Object: 'Object Repository/Final Object Repo/Page_Update Employer Information/Sub Business Entity' is clicked on

2018-12-10 15:45:11 - [TEST_STEP][PASSED] - click: Object: 'Object Repository/Final Object Repo/Page_Update Employer Information/Sub Business Entity - Partnership - Registered With other Agencies' is clicked on

2018-12-10 15:45:12 - [MESSAGE][PASSED] - Object: 'Object Repository/Final Object Repo/Page_Update Employer Information/Sub Business Entity - Partnership - Registered With other Agencies' is clicked on

2018-12-10 15:45:12 - [TEST_STEP][PASSED] - delay: Delayed 3 second(s)

2018-12-10 15:45:15 - [MESSAGE][PASSED] - Delayed 3 second(s)

2018-12-10 15:45:15 - [TEST_STEP][PASSED] - delay: Delayed 4 second(s)

2018-12-10 15:45:19 - [MESSAGE][PASSED] - Delayed 4 second(s)

2018-12-10 15:45:19 - [TEST_STEP][PASSED] - click: Object: 'Object Repository/Final Object Repo/Page_Update Employer Information/Save  Continue' is clicked on

2018-12-10 15:45:19 - [MESSAGE][PASSED] - Object: 'Object Repository/Final Object Repo/Page_Update Employer Information/Save  Continue' is clicked on

2018-12-10 15:45:19 - [TEST_STEP][PASSED] - delay: Delayed 4 second(s)

2018-12-10 15:45:23 - [MESSAGE][PASSED] - Delayed 4 second(s)

2018-12-10 15:45:23 - [TEST_STEP][PASSED] - click: Object: 'Object Repository/Final Object Repo/Page_Update Employer Information/Save  Continue (1)' is clicked on

2018-12-10 15:45:23 - [MESSAGE][PASSED] - Object: 'Object Repository/Final Object Repo/Page_Update Employer Information/Save  Continue (1)' is clicked on

2018-12-10 15:45:23 - [TEST_STEP][PASSED] - delay: Delayed 4 second(s)

2018-12-10 15:45:27 - [MESSAGE][PASSED] - Delayed 4 second(s)

2018-12-10 15:45:27 - [TEST_STEP][PASSED] - Statement - CaseReferenceNo = com.kms.katalon.core.webui.keyword.WebUiBuiltInKeywords.getText(com.kms.katalon.core.testobject.ObjectRepository.findTestObject(Final Object Repo/Page_Update Employer Information/Reference Number in Update Employee Information Page)): Text of object 'Object Repository/Final Object Repo/Page_Update Employer Information/Reference Number in Update Employee Information Page' is: 'CUN122018C100005950'

2018-12-10 15:45:27 - [MESSAGE][PASSED] - Text of object 'Object Repository/Final Object Repo/Page_Update Employer Information/Reference Number in Update Employee Information Page' is: 'CUN122018C100005950'

2018-12-10 15:45:27 - [TEST_STEP][PASSED] - callTestCase: Call Test Case 'Test Cases/Final Aug 2018 - PKS Automation/Common/Reference Number Setter' successfully

2018-12-10 15:45:27 - [TEST_CASE][PASSED] - Test Cases/Final Aug 2018 - PKS Automation/Common/Reference Number Setter: Test Cases/Final Aug 2018 - PKS Automation/Common/Reference Number Setter

2018-12-10 15:45:27 - [TEST_STEP][PASSED] - Statement - RefNoOldFile = new java.io.File(C://Users//Admin//Desktop//PKS//Automation Reference Point//KatalonReference.txt): null

2018-12-10 15:45:27 - [TEST_STEP][PASSED] - Statement - RefNoOldFile.delete(): null

2018-12-10 15:45:27 - [TEST_STEP][PASSED] - delay: Delayed 5 second(s)

2018-12-10 15:45:32 - [MESSAGE][PASSED] - Delayed 5 second(s)

2018-12-10 15:45:32 - [TEST_STEP][PASSED] - Statement - RefNo = new java.io.File(C://Users//Admin//Desktop//PKS//Automation Reference Point//KatalonReference.txt): null

2018-12-10 15:45:32 - [TEST_STEP][PASSED] - Statement - f2 = new java.io.FileWriter(RefNo, false): null

2018-12-10 15:45:32 - [TEST_STEP][PASSED] - Statement - f2.write(CaseReferenceNo): null

2018-12-10 15:45:32 - [TEST_STEP][PASSED] - Statement - f2.close(): null

2018-12-10 15:45:32 - [TEST_STEP][PASSED] - Statement - out.println("


" + CaseReferenceNo + "


"): null

2018-12-10 15:45:32 - [MESSAGE][PASSED] - Call Test Case 'Test Cases/Final Aug 2018 - PKS Automation/Common/Reference Number Setter' successfully

2018-12-10 15:45:32 - [TEST_STEP][PASSED] - delay: Delayed 4 second(s)

2018-12-10 15:45:36 - [MESSAGE][PASSED] - Delayed 4 second(s)

2018-12-10 15:45:36 - [TEST_STEP][PASSED] - click: Object: 'Object Repository/Final Object Repo/Page_Update Employer Information/Submit - Copy' is clicked on

2018-12-10 15:45:37 - [MESSAGE][PASSED] - Object: 'Object Repository/Final Object Repo/Page_Update Employer Information/Submit - Copy' is clicked on

2018-12-10 15:45:37 - [TEST_STEP][PASSED] - delay: Delayed 2 second(s)

2018-12-10 15:45:39 - [MESSAGE][PASSED] - Delayed 2 second(s)

2018-12-10 15:45:39 - [TEST_STEP][PASSED] - click: Object: 'Object Repository/Final Object Repo/Page_Update Employer Information/Confirm' is clicked on

2018-12-10 15:45:39 - [MESSAGE][PASSED] - Object: 'Object Repository/Final Object Repo/Page_Update Employer Information/Confirm' is clicked on

2018-12-10 15:45:39 - [TEST_STEP][PASSED] - delay: Delayed 2 second(s)

2018-12-10 15:45:41 - [MESSAGE][PASSED] - Delayed 2 second(s)

2018-12-10 15:45:41 - [TEST_STEP][PASSED] - click: Object: 'Object Repository/Final Object Repo/Page_Update Employer Information/Message Your Request will be route' is clicked on

2018-12-10 15:45:44 - [MESSAGE][PASSED] - Object: 'Object Repository/Final Object Repo/Page_Update Employer Information/Message Your Request will be route' is clicked on

2018-12-10 15:45:44 - [MESSAGE][PASSED] - Call Test Case 'Test Cases/Final Aug 2018 - PKS Automation/Registration Module/Workflow/Update Employer Information/Template/Update Employer Information - Special Case (Employer)' successfully

2018-12-10 15:45:44 - [TEST_STEP][PASSED] - callTestCase: Call Test Case 'Test Cases/Final Aug 2018 - PKS Automation/Registration Module/Workflow/Update Employer Information/Template/Update Employer Information - Special Case - UO (Reject)' successfully

2018-12-10 15:45:44 - [TEST_CASE][PASSED] - Test Cases/Final Aug 2018 - PKS Automation/Registration Module/Workflow/Update Employer Information/Template/Update Employer Information - Special Case - UO (Reject): Test Cases/Final Aug 2018 - PKS Automation/Registration Module/Workflow/Update Employer Information/Template/Update Employer Information - Special Case - UO (Reject)

2018-12-10 15:45:45 - [TEST_STEP][NOT_RUN] - callTestCase: NOT_RUN: callTestCase

2018-12-10 15:45:45 - [MESSAGE][NOT_RUN] - NOT_RUN: callTestCase

2018-12-10 15:45:45 - [TEST_STEP][PASSED] - delay: Delayed 1 second(s)

2018-12-10 15:45:46 - [MESSAGE][PASSED] - Delayed 1 second(s)

2018-12-10 15:45:46 - [TEST_STEP][PASSED] - navigateToUrl: Navigate to 'https://assist2-uat.perkeso.gov.my/c/portal/logout' successfully

2018-12-10 15:45:47 - [MESSAGE][PASSED] - Navigate to 'https://assist2-uat.perkeso.gov.my/c/portal/logout' successfully

2018-12-10 15:45:47 - [TEST_STEP][PASSED] - delay: Delayed 1 second(s)

2018-12-10 15:45:48 - [MESSAGE][PASSED] - Delayed 1 second(s)

2018-12-10 15:45:48 - [TEST_STEP][PASSED] - callTestCase: Call Test Case 'Test Cases/Final Aug 2018 - PKS Automation/Common/Reference Number Getter' successfully

2018-12-10 15:45:48 - [TEST_CASE][PASSED] - Test Cases/Final Aug 2018 - PKS Automation/Common/Reference Number Getter: Test Cases/Final Aug 2018 - PKS Automation/Common/Reference Number Getter

2018-12-10 15:45:48 - [TEST_STEP][PASSED] - Statement - Try: null

2018-12-10 15:45:48 - [TEST_STEP][PASSED] - Statement - RefNo = new java.io.File(C://Users//Admin//Desktop//PKS//Automation Reference Point//KatalonReference.txt): null

2018-12-10 15:45:48 - [TEST_STEP][PASSED] - Statement - bufferread = new java.io.BufferedReader(new java.io.FileReader(RefNo)): null

2018-12-10 15:45:48 - [TEST_STEP][PASSED] - Statement - readedVal = bufferread.readLine(): null

2018-12-10 15:45:48 - [TEST_STEP][PASSED] - Statement - out.println(CaseReferenceNo): null

2018-12-10 15:45:48 - [TEST_STEP][PASSED] - Statement - out.println(readedVal): null

2018-12-10 15:45:48 - [TEST_STEP][PASSED] - Statement - CaseReferenceNo = "": null

2018-12-10 15:45:48 - [TEST_STEP][PASSED] - Statement - CaseReferenceNo = readedVal: null

2018-12-10 15:45:48 - [MESSAGE][PASSED] - Call Test Case 'Test Cases/Final Aug 2018 - PKS Automation/Common/Reference Number Getter' successfully

2018-12-10 15:45:48 - [TEST_STEP][PASSED] - callTestCase: Call Test Case 'Test Cases/Final Aug 2018 - PKS Automation/Common/Workflow Owner Finder' successfully

2018-12-10 15:45:48 - [TEST_CASE][PASSED] - Test Cases/Final Aug 2018 - PKS Automation/Common/Workflow Owner Finder: Test Cases/Final Aug 2018 - PKS Automation/Common/Workflow Owner Finder

2018-12-10 15:45:48 - [TEST_STEP][PASSED] - openBrowser: Browser is opened with url: ''

2018-12-10 15:45:48 - [MESSAGE][WARNING] - A browser is already opened. Closing browser and opening a new one

2018-12-10 15:45:51 - [MESSAGE][PASSED] - Browser is opened with url: ''

2018-12-10 15:45:51 - [TEST_STEP][PASSED] - navigateToUrl: Navigate to 'https://assist2-uat.perkeso.gov.my/login' successfully

2018-12-10 15:45:52 - [MESSAGE][PASSED] - Navigate to 'https://assist2-uat.perkeso.gov.my/login' successfully

2018-12-10 15:45:52 - [TEST_STEP][PASSED] - delay: Delayed 5 second(s)

2018-12-10 15:45:57 - [MESSAGE][PASSED] - Delayed 5 second(s)

2018-12-10 15:45:57 - [TEST_STEP][PASSED] - setText: Text 'test@liferay.com' is set on object 'Object Repository/Final Object Repo/Login Page/Internal User/Email Address'

2018-12-10 15:45:57 - [MESSAGE][PASSED] - Text 'test@liferay.com' is set on object 'Object Repository/Final Object Repo/Login Page/Internal User/Email Address'

2018-12-10 15:45:57 - [TEST_STEP][PASSED] - click: Object: 'Object Repository/Final Object Repo/Login Page/Internal User/Next Button' is clicked on

2018-12-10 15:45:57 - [MESSAGE][PASSED] - Object: 'Object Repository/Final Object Repo/Login Page/Internal User/Next Button' is clicked on

2018-12-10 15:45:57 - [TEST_STEP][PASSED] - delay: Delayed 2 second(s)

2018-12-10 15:45:59 - [MESSAGE][PASSED] - Delayed 2 second(s)

2018-12-10 15:45:59 - [TEST_STEP][PASSED] - setText: Text 'test' is set on object 'Object Repository/Final Object Repo/Login Page/Internal User/Password'

2018-12-10 15:46:00 - [MESSAGE][PASSED] - Text 'test' is set on object 'Object Repository/Final Object Repo/Login Page/Internal User/Password'

2018-12-10 15:46:00 - [TEST_STEP][PASSED] - delay: Delayed 2 second(s)

2018-12-10 15:46:02 - [MESSAGE][PASSED] - Delayed 2 second(s)

2018-12-10 15:46:02 - [TEST_STEP][PASSED] - click: Object: 'Object Repository/Final Object Repo/Login Page/Internal User/Login Button' is clicked on

2018-12-10 15:46:02 - [MESSAGE][PASSED] - Object: 'Object Repository/Final Object Repo/Login Page/Internal User/Login Button' is clicked on

2018-12-10 15:46:02 - [TEST_STEP][PASSED] - Statement - tester = com.kms.katalon.core.testobject.ObjectRepository.findTestObject(Final Object Repo/Landing Page/Select to English): Finding Test Object with id 'Object Repository/Final Object Repo/Landing Page/Select to English'

2018-12-10 15:46:02 - [TEST_STEP][PASSED] - Statement - Try: Delayed 2 second(s)

2018-12-10 15:46:02 - [TEST_STEP][PASSED] - Statement - Checker = com.kms.katalon.core.webui.keyword.WebUiBuiltInKeywords.verifyElementNotPresent(tester, 3): Web element with id: 'Object Repository/Final Object Repo/Landing Page/Select to English' located by 'By.xpath: //a[@class = 'taglib-language-list-text' and @lang = 'en-US' and (contains(text(), 'EN') or contains(., 'EN'))]' is not present after '3' second(s)

2018-12-10 15:46:04 - [MESSAGE][PASSED] - Web element with id: 'Object Repository/Final Object Repo/Landing Page/Select to English' located by 'By.xpath: //a[@class = 'taglib-language-list-text' and @lang = 'en-US' and (contains(text(), 'EN') or contains(., 'EN'))]' is not present after '3' second(s)

2018-12-10 15:46:04 - [TEST_STEP][PASSED] - Statement - If (Checker == false): null

2018-12-10 15:46:04 - [TEST_STEP][PASSED] - delay: Delayed 2 second(s)

2018-12-10 15:46:06 - [MESSAGE][PASSED] - Delayed 2 second(s)

2018-12-10 15:46:06 - [TEST_STEP][PASSED] - delay: Delayed 5 second(s)

2018-12-10 15:46:11 - [MESSAGE][PASSED] - Delayed 5 second(s)

2018-12-10 15:46:11 - [TEST_STEP][PASSED] - mouseOver: Object: 'Object Repository/Final Object Repo/Landing Page/WorkFlow Menu' is hovered

2018-12-10 15:46:11 - [MESSAGE][PASSED] - Object: 'Object Repository/Final Object Repo/Landing Page/WorkFlow Menu' is hovered

2018-12-10 15:46:11 - [TEST_STEP][PASSED] - delay: Delayed 2 second(s)

2018-12-10 15:46:13 - [MESSAGE][PASSED] - Delayed 2 second(s)

2018-12-10 15:46:13 - [TEST_STEP][PASSED] - click: Object: 'Object Repository/Final Object Repo/Landing Page/Select to Workflow Listing' is clicked on

2018-12-10 15:46:14 - [MESSAGE][PASSED] - Object: 'Object Repository/Final Object Repo/Landing Page/Select to Workflow Listing' is clicked on

2018-12-10 15:46:14 - [TEST_STEP][PASSED] - delay: Delayed 2 second(s)

2018-12-10 15:46:16 - [MESSAGE][PASSED] - Delayed 2 second(s)

2018-12-10 15:46:16 - [TEST_STEP][PASSED] - click: Object: 'Object Repository/Final Object Repo/WorkFlow Listing Page/Search Information - To Put Ref No' is clicked on

2018-12-10 15:46:16 - [MESSAGE][PASSED] - Object: 'Object Repository/Final Object Repo/WorkFlow Listing Page/Search Information - To Put Ref No' is clicked on

2018-12-10 15:46:16 - [TEST_STEP][PASSED] - delay: Delayed 2 second(s)

2018-12-10 15:46:18 - [MESSAGE][PASSED] - Delayed 2 second(s)

2018-12-10 15:46:18 - [TEST_STEP][PASSED] - callTestCase: Call Test Case 'Test Cases/Final Aug 2018 - PKS Automation/Common/Reference Number Getter' successfully

2018-12-10 15:46:18 - [TEST_CASE][PASSED] - Test Cases/Final Aug 2018 - PKS Automation/Common/Reference Number Getter: Test Cases/Final Aug 2018 - PKS Automation/Common/Reference Number Getter

2018-12-10 15:46:18 - [TEST_STEP][PASSED] - Statement - Try: null

2018-12-10 15:46:18 - [TEST_STEP][PASSED] - Statement - RefNo = new java.io.File(C://Users//Admin//Desktop//PKS//Automation Reference Point//KatalonReference.txt): null

2018-12-10 15:46:18 - [TEST_STEP][PASSED] - Statement - bufferread = new java.io.BufferedReader(new java.io.FileReader(RefNo)): null

2018-12-10 15:46:18 - [TEST_STEP][PASSED] - Statement - readedVal = bufferread.readLine(): null

2018-12-10 15:46:18 - [TEST_STEP][PASSED] - Statement - out.println(CaseReferenceNo): null

2018-12-10 15:46:18 - [TEST_STEP][PASSED] - Statement - out.println(readedVal): null

2018-12-10 15:46:18 - [TEST_STEP][PASSED] - Statement - CaseReferenceNo = "": null

2018-12-10 15:46:18 - [TEST_STEP][PASSED] - Statement - CaseReferenceNo = readedVal: null

2018-12-10 15:46:18 - [MESSAGE][PASSED] - Call Test Case 'Test Cases/Final Aug 2018 - PKS Automation/Common/Reference Number Getter' successfully

2018-12-10 15:46:18 - [TEST_STEP][PASSED] - setText: Text 'CUN122018C100005950' is set on object 'Object Repository/Final Object Repo/WorkFlow Listing Page/Ref No Set Text'

2018-12-10 15:46:19 - [MESSAGE][PASSED] - Text 'CUN122018C100005950' is set on object 'Object Repository/Final Object Repo/WorkFlow Listing Page/Ref No Set Text'

2018-12-10 15:46:19 - [TEST_STEP][PASSED] - delay: Delayed 2 second(s)

2018-12-10 15:46:21 - [MESSAGE][PASSED] - Delayed 2 second(s)

2018-12-10 15:46:21 - [TEST_STEP][PASSED] - click: Object: 'Object Repository/Final Object Repo/WorkFlow Listing Page/Search Ref No Search Button' is clicked on

2018-12-10 15:46:21 - [MESSAGE][PASSED] - Object: 'Object Repository/Final Object Repo/WorkFlow Listing Page/Search Ref No Search Button' is clicked on

2018-12-10 15:46:21 - [TEST_STEP][PASSED] - delay: Delayed 6 second(s)

2018-12-10 15:46:27 - [MESSAGE][PASSED] - Delayed 6 second(s)

2018-12-10 15:46:27 - [TEST_STEP][PASSED] - click: Object: 'Object Repository/Final Object Repo/WorkFlow Listing Page/Click Continue Tooltip' is clicked on

2018-12-10 15:46:28 - [MESSAGE][PASSED] - Object: 'Object Repository/Final Object Repo/WorkFlow Listing Page/Click Continue Tooltip' is clicked on

2018-12-10 15:46:28 - [TEST_STEP][PASSED] - delay: Delayed 5 second(s)

2018-12-10 15:46:33 - [MESSAGE][PASSED] - Delayed 5 second(s)

2018-12-10 15:46:33 - [TEST_STEP][PASSED] - doubleClick: Object: 'Object Repository/Final Object Repo/WorkFlow Listing Page/Workflow Found - Listing 1' is double clicked on

2018-12-10 15:46:33 - [MESSAGE][PASSED] - Object: 'Object Repository/Final Object Repo/WorkFlow Listing Page/Workflow Found - Listing 1' is double clicked on

2018-12-10 15:46:33 - [TEST_STEP][PASSED] - Statement - println(OwnerID): null

2018-12-10 15:46:33 - [TEST_STEP][PASSED] - Statement - OwnerID = com.kms.katalon.core.webui.keyword.WebUiBuiltInKeywords.getText(com.kms.katalon.core.testobject.ObjectRepository.findTestObject(Final Object Repo/WorkFlow Listing Page/Workflow Found - Listing 1), STOP_ON_FAILURE): Text of object 'Object Repository/Final Object Repo/WorkFlow Listing Page/Workflow Found - Listing 1' is: 'JOHORuo1'

2018-12-10 15:46:33 - [MESSAGE][PASSED] - Text of object 'Object Repository/Final Object Repo/WorkFlow Listing Page/Workflow Found - Listing 1' is: 'JOHORuo1'

2018-12-10 15:46:33 - [TEST_STEP][PASSED] - Statement - OwnerID = OwnerID.toLowerCase() + "@gmail.com": null

2018-12-10 15:46:33 - [TEST_STEP][PASSED] - Statement - println(OwnerID): null

2018-12-10 15:46:33 - [TEST_STEP][PASSED] - delay: Delayed 2 second(s)

2018-12-10 15:46:35 - [MESSAGE][PASSED] - Delayed 2 second(s)

2018-12-10 15:46:35 - [MESSAGE][PASSED] - Call Test Case 'Test Cases/Final Aug 2018 - PKS Automation/Common/Workflow Owner Finder' successfully

2018-12-10 15:46:35 - [TEST_STEP][PASSED] - delay: Delayed 1 second(s)

2018-12-10 15:46:36 - [MESSAGE][PASSED] - Delayed 1 second(s)

2018-12-10 15:46:36 - [TEST_STEP][PASSED] - navigateToUrl: Navigate to 'https://assist2-uat.perkeso.gov.my/c/portal/logout' successfully

2018-12-10 15:46:37 - [MESSAGE][PASSED] - Navigate to 'https://assist2-uat.perkeso.gov.my/c/portal/logout' successfully

2018-12-10 15:46:37 - [TEST_STEP][PASSED] - delay: Delayed 1 second(s)

2018-12-10 15:46:38 - [MESSAGE][PASSED] - Delayed 1 second(s)

2018-12-10 15:46:38 - [TEST_STEP][PASSED] - callTestCase: Call Test Case 'Test Cases/Final Aug 2018 - PKS Automation/Registration Module/Workflow/Login and Search Case For Workflow' successfully

2018-12-10 15:46:38 - [TEST_CASE][PASSED] - Test Cases/Final Aug 2018 - PKS Automation/Registration Module/Workflow/Login and Search Case For Workflow: Test Cases/Final Aug 2018 - PKS Automation/Registration Module/Workflow/Login and Search Case For Workflow

2018-12-10 15:46:38 - [TEST_STEP][PASSED] - navigateToUrl: Navigate to 'https://assist2-uat.perkeso.gov.my/login' successfully

2018-12-10 15:46:39 - [MESSAGE][PASSED] - Navigate to 'https://assist2-uat.perkeso.gov.my/login' successfully

2018-12-10 15:46:39 - [TEST_STEP][PASSED] - setText: Text 'johoruo1@gmail.com' is set on object 'Object Repository/Final Object Repo/Login Page/Internal User/Email Address'

2018-12-10 15:46:39 - [MESSAGE][PASSED] - Text 'johoruo1@gmail.com' is set on object 'Object Repository/Final Object Repo/Login Page/Internal User/Email Address'

2018-12-10 15:46:39 - [TEST_STEP][PASSED] - click: Object: 'Object Repository/Final Object Repo/Login Page/Internal User/Next Button' is clicked on

2018-12-10 15:46:39 - [MESSAGE][PASSED] - Object: 'Object Repository/Final Object Repo/Login Page/Internal User/Next Button' is clicked on

2018-12-10 15:46:39 - [TEST_STEP][PASSED] - delay: Delayed 1 second(s)

2018-12-10 15:46:40 - [MESSAGE][PASSED] - Delayed 1 second(s)

2018-12-10 15:46:40 - [TEST_STEP][PASSED] - setEncryptedText: Text ****** has been set on object 'Object Repository/Final Object Repo/Login Page/Internal User/Password'

2018-12-10 15:46:41 - [MESSAGE][PASSED] - Text ****** has been set on object 'Object Repository/Final Object Repo/Login Page/Internal User/Password'

2018-12-10 15:46:41 - [TEST_STEP][PASSED] - click: Object: 'Object Repository/Final Object Repo/Login Page/Internal User/Login Button' is clicked on

2018-12-10 15:46:41 - [MESSAGE][PASSED] - Object: 'Object Repository/Final Object Repo/Login Page/Internal User/Login Button' is clicked on

2018-12-10 15:46:41 - [TEST_STEP][PASSED] - delay: Delayed 2 second(s)

2018-12-10 15:46:43 - [MESSAGE][PASSED] - Delayed 2 second(s)

2018-12-10 15:46:43 - [TEST_STEP][PASSED] - Statement - Try: Delayed 2 second(s)

2018-12-10 15:46:43 - [TEST_STEP][PASSED] - Statement - Checker = false: null

2018-12-10 15:46:43 - [TEST_STEP][PASSED] - Statement - Checker = com.kms.katalon.core.webui.keyword.WebUiBuiltInKeywords.verifyElementHasAttribute(com.kms.katalon.core.testobject.ObjectRepository.findTestObject(Final Object Repo/Landing Page/BM Detecting), "href", 20, OPTIONAL): Object 'Object Repository/Final Object Repo/Landing Page/BM Detecting' has attribute 'href'

2018-12-10 15:46:43 - [MESSAGE][PASSED] - Object 'Object Repository/Final Object Repo/Landing Page/BM Detecting' has attribute 'href'

2018-12-10 15:46:43 - [TEST_STEP][PASSED] - Statement - out.println(Checker): null

2018-12-10 15:46:43 - [TEST_STEP][PASSED] - Statement - If (Checker == false): null

2018-12-10 15:46:43 - [TEST_STEP][PASSED] - Statement - Else: null

2018-12-10 15:46:43 - [TEST_STEP][PASSED] - delay: Delayed 2 second(s)

2018-12-10 15:46:45 - [MESSAGE][PASSED] - Delayed 2 second(s)

2018-12-10 15:46:45 - [TEST_STEP][PASSED] - click: Object: 'Object Repository/Final Object Repo/Page_MyASSIST - ASSIST - Search Pending Case For Add Supporting Document/Search Information' is clicked on

2018-12-10 15:46:45 - [MESSAGE][PASSED] - Object: 'Object Repository/Final Object Repo/Page_MyASSIST - ASSIST - Search Pending Case For Add Supporting Document/Search Information' is clicked on

2018-12-10 15:46:45 - [TEST_STEP][PASSED] - delay: Delayed 3 second(s)

2018-12-10 15:46:48 - [MESSAGE][PASSED] - Delayed 3 second(s)

2018-12-10 15:46:48 - [TEST_STEP][PASSED] - sendKeys: Keys 'CUN122018C100005950' sent to object: 'Object Repository/Final Object Repo/Page_MyASSIST - ASSIST - Search Pending Case For Add Supporting Document/Reference No'

2018-12-10 15:46:48 - [MESSAGE][PASSED] - Keys 'CUN122018C100005950' sent to object: 'Object Repository/Final Object Repo/Page_MyASSIST - ASSIST - Search Pending Case For Add Supporting Document/Reference No'

2018-12-10 15:46:48 - [TEST_STEP][PASSED] - click: Object: 'Object Repository/Final Object Repo/Page_MyASSIST - ASSIST - Search Pending Case For Add Supporting Document/Search Reference No' is clicked on

2018-12-10 15:46:48 - [MESSAGE][PASSED] - Object: 'Object Repository/Final Object Repo/Page_MyASSIST - ASSIST - Search Pending Case For Add Supporting Document/Search Reference No' is clicked on

2018-12-10 15:46:48 - [TEST_STEP][PASSED] - delay: Delayed 2 second(s)

2018-12-10 15:46:50 - [MESSAGE][PASSED] - Delayed 2 second(s)

2018-12-10 15:46:50 - [TEST_STEP][PASSED] - click: Object: 'Object Repository/Final Object Repo/Page_MyASSIST - ASSIST - Search Pending Case For Add Supporting Document/Continue' is clicked on

2018-12-10 15:46:54 - [MESSAGE][PASSED] - Object: 'Object Repository/Final Object Repo/Page_MyASSIST - ASSIST - Search Pending Case For Add Supporting Document/Continue' is clicked on

2018-12-10 15:46:54 - [TEST_STEP][PASSED] - delay: Delayed 20 second(s)

2018-12-10 15:47:14 - [MESSAGE][PASSED] - Delayed 20 second(s)

2018-12-10 15:47:14 - [MESSAGE][PASSED] - Call Test Case 'Test Cases/Final Aug 2018 - PKS Automation/Registration Module/Workflow/Login and Search Case For Workflow' successfully

2018-12-10 15:47:14 - [TEST_STEP][PASSED] - delay: Delayed 2 second(s)

2018-12-10 15:47:16 - [MESSAGE][PASSED] - Delayed 2 second(s)

2018-12-10 15:47:16 - [TEST_STEP][PASSED] - click: Object: 'Object Repository/Final Object Repo/Page_Update Employer Information/Page_Update Employer Information UO (Approve)/Continue' is clicked on

2018-12-10 15:47:20 - [MESSAGE][PASSED] - Object: 'Object Repository/Final Object Repo/Page_Update Employer Information/Page_Update Employer Information UO (Approve)/Continue' is clicked on

2018-12-10 15:47:20 - [TEST_STEP][PASSED] - delay: Delayed 2 second(s)

2018-12-10 15:47:22 - [MESSAGE][PASSED] - Delayed 2 second(s)

2018-12-10 15:47:22 - [TEST_STEP][PASSED] - click: Object: 'Object Repository/Final Object Repo/Page_Update Employer Information/Page_Update Employer Information UO (Approve)/Save  Continue in Update Employer Information Page' is clicked on

2018-12-10 15:47:22 - [MESSAGE][PASSED] - Object: 'Object Repository/Final Object Repo/Page_Update Employer Information/Page_Update Employer Information UO (Approve)/Save  Continue in Update Employer Information Page' is clicked on

2018-12-10 15:47:22 - [TEST_STEP][PASSED] - delay: Delayed 2 second(s)

2018-12-10 15:47:24 - [MESSAGE][PASSED] - Delayed 2 second(s)

2018-12-10 15:47:24 - [TEST_STEP][PASSED] - click: Object: 'Object Repository/Final Object Repo/Page_Update Employer Information/Page_Update Employer Information UO (Approve)/Save  Continue in Uploading Supporting Document Page' is clicked on

2018-12-10 15:47:27 - [MESSAGE][PASSED] - Object: 'Object Repository/Final Object Repo/Page_Update Employer Information/Page_Update Employer Information UO (Approve)/Save  Continue in Uploading Supporting Document Page' is clicked on

2018-12-10 15:47:27 - [TEST_STEP][PASSED] - delay: Delayed 2 second(s)

2018-12-10 15:47:29 - [MESSAGE][PASSED] - Delayed 2 second(s)

2018-12-10 15:47:29 - [TEST_STEP][PASSED] - click: Object: 'Object Repository/Final Object Repo/Page_Update Employer Information/Page_Update Employer Information UO (Reject)/Reject' is clicked on

2018-12-10 15:47:30 - [MESSAGE][PASSED] - Object: 'Object Repository/Final Object Repo/Page_Update Employer Information/Page_Update Employer Information UO (Reject)/Reject' is clicked on

2018-12-10 15:47:30 - [TEST_STEP][PASSED] - delay: Delayed 2 second(s)

2018-12-10 15:47:32 - [MESSAGE][PASSED] - Delayed 2 second(s)

2018-12-10 15:47:32 - [TEST_STEP][PASSED] - click: Object: 'Object Repository/Final Object Repo/Page_Update Employer Information/Page_Update Employer Information UO (Reject)/Confirm' is clicked on

2018-12-10 15:47:32 - [MESSAGE][PASSED] - Object: 'Object Repository/Final Object Repo/Page_Update Employer Information/Page_Update Employer Information UO (Reject)/Confirm' is clicked on

2018-12-10 15:47:32 - [TEST_STEP][PASSED] - delay: Delayed 2 second(s)

2018-12-10 15:47:34 - [MESSAGE][PASSED] - Delayed 2 second(s)

2018-12-10 15:47:34 - [TEST_STEP][PASSED] - click: Object: 'Object Repository/Final Object Repo/Page_Update Employer Information/Page_Update Employer Information UO (Reject)/Message This Case has been Rejected' is clicked on

2018-12-10 15:47:37 - [MESSAGE][PASSED] - Object: 'Object Repository/Final Object Repo/Page_Update Employer Information/Page_Update Employer Information UO (Reject)/Message This Case has been Rejected' is clicked on

2018-12-10 15:47:37 - [MESSAGE][PASSED] - Call Test Case 'Test Cases/Final Aug 2018 - PKS Automation/Registration Module/Workflow/Update Employer Information/Template/Update Employer Information - Special Case - UO (Reject)' successfully]]></system-out>
         <system-err><![CDATA[]]></system-err>
      </testcase>
      <testcase name="Test Cases/Final Aug 2018 - PKS Automation/Registration Module/Workflow/Update Employer Information/Employer - UO (Under enforcement)" classname="Test Cases/Final Aug 2018 - PKS Automation/Registration Module/Workflow/Update Employer Information/Employer - UO (Under enforcement)" status="PASSED">
         <system-out><![CDATA[2018-12-10 15:47:37 - [TEST_CASE][PASSED] - Test Cases/Final Aug 2018 - PKS Automation/Registration Module/Workflow/Update Employer Information/Employer - UO (Under enforcement): Test Cases/Final Aug 2018 - PKS Automation/Registration Module/Workflow/Update Employer Information/Employer - UO (Under enforcement)

2018-12-10 15:47:37 - [TEST_STEP][PASSED] - callTestCase: Call Test Case 'Test Cases/Final Aug 2018 - PKS Automation/Registration Module/Workflow/Update Employer Information/Template/Update Employer Information - Special Case (Employer)' successfully

2018-12-10 15:47:37 - [TEST_CASE][PASSED] - Test Cases/Final Aug 2018 - PKS Automation/Registration Module/Workflow/Update Employer Information/Template/Update Employer Information - Special Case (Employer): Test Cases/Final Aug 2018 - PKS Automation/Registration Module/Workflow/Update Employer Information/Template/Update Employer Information - Special Case (Employer)

2018-12-10 15:47:37 - [TEST_STEP][PASSED] - callTestCase: Call Test Case 'Test Cases/Final Aug 2018 - PKS Automation/Create Employer Acc/Login to Employer Account (Second time)' successfully

2018-12-10 15:47:37 - [TEST_CASE][PASSED] - Test Cases/Final Aug 2018 - PKS Automation/Create Employer Acc/Login to Employer Account (Second time): Test Cases/Final Aug 2018 - PKS Automation/Create Employer Acc/Login to Employer Account (Second time)

2018-12-10 15:47:37 - [TEST_STEP][PASSED] - openBrowser: Browser is opened with url: ''

2018-12-10 15:47:37 - [MESSAGE][WARNING] - A browser is already opened. Closing browser and opening a new one

2018-12-10 15:47:40 - [MESSAGE][PASSED] - Browser is opened with url: ''

2018-12-10 15:47:40 - [TEST_STEP][PASSED] - navigateToUrl: Navigate to 'https://assist2-uat.perkeso.gov.my/employer/login' successfully

2018-12-10 15:47:41 - [MESSAGE][PASSED] - Navigate to 'https://assist2-uat.perkeso.gov.my/employer/login' successfully

2018-12-10 15:47:41 - [TEST_STEP][PASSED] - delay: Delayed 3 second(s)

2018-12-10 15:47:44 - [MESSAGE][PASSED] - Delayed 3 second(s)

2018-12-10 15:47:44 - [TEST_STEP][PASSED] - callTestCase: Call Test Case 'Test Cases/Final Aug 2018 - PKS Automation/Create Employer Acc/Template/Employer Email Getter' successfully

2018-12-10 15:47:44 - [TEST_CASE][PASSED] - Test Cases/Final Aug 2018 - PKS Automation/Create Employer Acc/Template/Employer Email Getter: Test Cases/Final Aug 2018 - PKS Automation/Create Employer Acc/Template/Employer Email Getter

2018-12-10 15:47:44 - [TEST_STEP][PASSED] - Statement - Try: null

2018-12-10 15:47:44 - [TEST_STEP][PASSED] - Statement - EmpEmail = new java.io.File(C://Users//Admin//Desktop//PKS//Automation Reference Point//EmpEmail.txt): null

2018-12-10 15:47:44 - [TEST_STEP][PASSED] - Statement - bufferread = new java.io.BufferedReader(new java.io.FileReader(EmpEmail)): null

2018-12-10 15:47:44 - [TEST_STEP][PASSED] - Statement - readedVal = bufferread.readLine(): null

2018-12-10 15:47:44 - [TEST_STEP][PASSED] - Statement - out.println(readedVal): null

2018-12-10 15:47:44 - [TEST_STEP][PASSED] - Statement - Email = readedVal: null

2018-12-10 15:47:44 - [MESSAGE][PASSED] - Call Test Case 'Test Cases/Final Aug 2018 - PKS Automation/Create Employer Acc/Template/Employer Email Getter' successfully

2018-12-10 15:47:44 - [TEST_STEP][PASSED] - setText: Text 'perkeso864217735948@gmail.com' is set on object 'Object Repository/Final Object Repo/Login Page/External Login Page/Email'

2018-12-10 15:47:44 - [MESSAGE][PASSED] - Text 'perkeso864217735948@gmail.com' is set on object 'Object Repository/Final Object Repo/Login Page/External Login Page/Email'

2018-12-10 15:47:44 - [TEST_STEP][PASSED] - click: Object: 'Object Repository/Final Object Repo/Login Page/External Login Page/Next' is clicked on

2018-12-10 15:47:45 - [MESSAGE][PASSED] - Object: 'Object Repository/Final Object Repo/Login Page/External Login Page/Next' is clicked on

2018-12-10 15:47:45 - [TEST_STEP][PASSED] - delay: Delayed 3 second(s)

2018-12-10 15:47:48 - [MESSAGE][PASSED] - Delayed 3 second(s)

2018-12-10 15:47:48 - [TEST_STEP][PASSED] - setEncryptedText: Text ****** has been set on object 'Object Repository/Final Object Repo/Login Page/External Login Page/Password'

2018-12-10 15:47:48 - [MESSAGE][PASSED] - Text ****** has been set on object 'Object Repository/Final Object Repo/Login Page/External Login Page/Password'

2018-12-10 15:47:48 - [TEST_STEP][PASSED] - click: Object: 'Object Repository/Final Object Repo/Login Page/External Login Page/Login' is clicked on

2018-12-10 15:47:48 - [MESSAGE][PASSED] - Object: 'Object Repository/Final Object Repo/Login Page/External Login Page/Login' is clicked on

2018-12-10 15:47:48 - [TEST_STEP][PASSED] - delay: Delayed 5 second(s)

2018-12-10 15:47:53 - [MESSAGE][PASSED] - Delayed 5 second(s)

2018-12-10 15:47:53 - [MESSAGE][PASSED] - Call Test Case 'Test Cases/Final Aug 2018 - PKS Automation/Create Employer Acc/Login to Employer Account (Second time)' successfully

2018-12-10 15:47:53 - [TEST_STEP][PASSED] - Statement - tester = com.kms.katalon.core.testobject.ObjectRepository.findTestObject(Final Object Repo/Landing Page/Select to English): Finding Test Object with id 'Object Repository/Final Object Repo/Landing Page/Select to English'

2018-12-10 15:47:53 - [TEST_STEP][PASSED] - Statement - Try: Delayed 2 second(s)

2018-12-10 15:47:53 - [TEST_STEP][PASSED] - Statement - Checker = com.kms.katalon.core.webui.keyword.WebUiBuiltInKeywords.verifyElementNotPresent(tester, 3): Web element with id: 'Object Repository/Final Object Repo/Landing Page/Select to English' located by 'By.xpath: //a[@class = 'taglib-language-list-text' and @lang = 'en-US' and (contains(text(), 'EN') or contains(., 'EN'))]' is not present after '3' second(s)

2018-12-10 15:47:53 - [MESSAGE][PASSED] - Web element with id: 'Object Repository/Final Object Repo/Landing Page/Select to English' located by 'By.xpath: //a[@class = 'taglib-language-list-text' and @lang = 'en-US' and (contains(text(), 'EN') or contains(., 'EN'))]' is not present after '3' second(s)

2018-12-10 15:47:53 - [TEST_STEP][PASSED] - Statement - If (Checker == false): null

2018-12-10 15:47:53 - [TEST_STEP][PASSED] - delay: Delayed 2 second(s)

2018-12-10 15:47:55 - [MESSAGE][PASSED] - Delayed 2 second(s)

2018-12-10 15:47:55 - [TEST_STEP][PASSED] - delay: Delayed 5 second(s)

2018-12-10 15:48:00 - [MESSAGE][PASSED] - Delayed 5 second(s)

2018-12-10 15:48:00 - [TEST_STEP][PASSED] - navigateToUrl: Navigate to 'https://assist2-uat.perkeso.gov.my/web/registration/update/update-employer-information' successfully

2018-12-10 15:48:01 - [MESSAGE][PASSED] - Navigate to 'https://assist2-uat.perkeso.gov.my/web/registration/update/update-employer-information' successfully

2018-12-10 15:48:01 - [TEST_STEP][PASSED] - click: Object: 'Object Repository/Final Object Repo/Page_Update Employer Information/Edit Button' is clicked on

2018-12-10 15:48:04 - [MESSAGE][PASSED] - Object: 'Object Repository/Final Object Repo/Page_Update Employer Information/Edit Button' is clicked on

2018-12-10 15:48:04 - [TEST_STEP][PASSED] - click: Object: 'Object Repository/Final Object Repo/Page_Update Employer Information/Business Entity' is clicked on

2018-12-10 15:48:04 - [MESSAGE][PASSED] - Object: 'Object Repository/Final Object Repo/Page_Update Employer Information/Business Entity' is clicked on

2018-12-10 15:48:04 - [TEST_STEP][PASSED] - Statement - CurrentBusinessEntity = "": null

2018-12-10 15:48:04 - [TEST_STEP][PASSED] - Statement - CurrentBusinessEntity = com.kms.katalon.core.webui.keyword.WebUiBuiltInKeywords.getText(com.kms.katalon.core.testobject.ObjectRepository.findTestObject(Final Object Repo/Page_Update Employer Information/Current Business Entity)): Text of object 'Object Repository/Final Object Repo/Page_Update Employer Information/Current Business Entity' is: 'Others'

2018-12-10 15:48:04 - [MESSAGE][PASSED] - Text of object 'Object Repository/Final Object Repo/Page_Update Employer Information/Current Business Entity' is: 'Others'

2018-12-10 15:48:04 - [TEST_STEP][PASSED] - Statement - out.println(CurrentBusinessEntity): null

2018-12-10 15:48:04 - [TEST_STEP][PASSED] - Statement - If (CurrentBusinessEntity == "Corporation"): null

2018-12-10 15:48:04 - [TEST_STEP][PASSED] - Statement - Else If (CurrentBusinessEntity == "Partnership"): null

2018-12-10 15:48:04 - [TEST_STEP][PASSED] - Statement - Else If (CurrentBusinessEntity == "Sole Proprietor / Individual Business"): null

2018-12-10 15:48:04 - [TEST_STEP][PASSED] - Statement - Else If (CurrentBusinessEntity == "Others"): Delayed 3 second(s)

2018-12-10 15:48:04 - [TEST_STEP][PASSED] - Statement - obj = com.kms.katalon.core.webui.keyword.WebUiBuiltInKeywords.modifyObjectProperty(com.kms.katalon.core.testobject.ObjectRepository.findTestObject(Final Object Repo/Page_Update Employer Information/change to this Business Entity), "xpath", "equals", "//ul/li/span[contains(text(),"Partnership")]", true, STOP_ON_FAILURE): Modify property of object successfully

2018-12-10 15:48:04 - [MESSAGE][PASSED] - Modify property of object successfully

2018-12-10 15:48:04 - [TEST_STEP][PASSED] - click: Object: 'Object Repository/Final Object Repo/Page_Update Employer Information/change to this Business Entity' is clicked on

2018-12-10 15:48:04 - [MESSAGE][PASSED] - Object: 'Object Repository/Final Object Repo/Page_Update Employer Information/change to this Business Entity' is clicked on

2018-12-10 15:48:04 - [TEST_STEP][PASSED] - delay: Delayed 1 second(s)

2018-12-10 15:48:05 - [MESSAGE][PASSED] - Delayed 1 second(s)

2018-12-10 15:48:05 - [TEST_STEP][PASSED] - click: Object: 'Object Repository/Final Object Repo/Page_Update Employer Information/Sub Business Entity' is clicked on

2018-12-10 15:48:06 - [MESSAGE][PASSED] - Object: 'Object Repository/Final Object Repo/Page_Update Employer Information/Sub Business Entity' is clicked on

2018-12-10 15:48:06 - [TEST_STEP][PASSED] - click: Object: 'Object Repository/Final Object Repo/Page_Update Employer Information/Sub Business Entity - Partnership - Registered With other Agencies' is clicked on

2018-12-10 15:48:06 - [MESSAGE][PASSED] - Object: 'Object Repository/Final Object Repo/Page_Update Employer Information/Sub Business Entity - Partnership - Registered With other Agencies' is clicked on

2018-12-10 15:48:06 - [TEST_STEP][PASSED] - delay: Delayed 3 second(s)

2018-12-10 15:48:09 - [MESSAGE][PASSED] - Delayed 3 second(s)

2018-12-10 15:48:09 - [TEST_STEP][PASSED] - delay: Delayed 4 second(s)

2018-12-10 15:48:13 - [MESSAGE][PASSED] - Delayed 4 second(s)

2018-12-10 15:48:13 - [TEST_STEP][PASSED] - click: Object: 'Object Repository/Final Object Repo/Page_Update Employer Information/Save  Continue' is clicked on

2018-12-10 15:48:13 - [MESSAGE][PASSED] - Object: 'Object Repository/Final Object Repo/Page_Update Employer Information/Save  Continue' is clicked on

2018-12-10 15:48:13 - [TEST_STEP][PASSED] - delay: Delayed 4 second(s)

2018-12-10 15:48:17 - [MESSAGE][PASSED] - Delayed 4 second(s)

2018-12-10 15:48:17 - [TEST_STEP][PASSED] - click: Object: 'Object Repository/Final Object Repo/Page_Update Employer Information/Save  Continue (1)' is clicked on

2018-12-10 15:48:17 - [MESSAGE][PASSED] - Object: 'Object Repository/Final Object Repo/Page_Update Employer Information/Save  Continue (1)' is clicked on

2018-12-10 15:48:17 - [TEST_STEP][PASSED] - delay: Delayed 4 second(s)

2018-12-10 15:48:21 - [MESSAGE][PASSED] - Delayed 4 second(s)

2018-12-10 15:48:21 - [TEST_STEP][PASSED] - Statement - CaseReferenceNo = com.kms.katalon.core.webui.keyword.WebUiBuiltInKeywords.getText(com.kms.katalon.core.testobject.ObjectRepository.findTestObject(Final Object Repo/Page_Update Employer Information/Reference Number in Update Employee Information Page)): Text of object 'Object Repository/Final Object Repo/Page_Update Employer Information/Reference Number in Update Employee Information Page' is: 'CUN122018C100005951'

2018-12-10 15:48:21 - [MESSAGE][PASSED] - Text of object 'Object Repository/Final Object Repo/Page_Update Employer Information/Reference Number in Update Employee Information Page' is: 'CUN122018C100005951'

2018-12-10 15:48:21 - [TEST_STEP][PASSED] - callTestCase: Call Test Case 'Test Cases/Final Aug 2018 - PKS Automation/Common/Reference Number Setter' successfully

2018-12-10 15:48:22 - [TEST_CASE][PASSED] - Test Cases/Final Aug 2018 - PKS Automation/Common/Reference Number Setter: Test Cases/Final Aug 2018 - PKS Automation/Common/Reference Number Setter

2018-12-10 15:48:22 - [TEST_STEP][PASSED] - Statement - RefNoOldFile = new java.io.File(C://Users//Admin//Desktop//PKS//Automation Reference Point//KatalonReference.txt): null

2018-12-10 15:48:22 - [TEST_STEP][PASSED] - Statement - RefNoOldFile.delete(): null

2018-12-10 15:48:22 - [TEST_STEP][PASSED] - delay: Delayed 5 second(s)

2018-12-10 15:48:27 - [MESSAGE][PASSED] - Delayed 5 second(s)

2018-12-10 15:48:27 - [TEST_STEP][PASSED] - Statement - RefNo = new java.io.File(C://Users//Admin//Desktop//PKS//Automation Reference Point//KatalonReference.txt): null

2018-12-10 15:48:27 - [TEST_STEP][PASSED] - Statement - f2 = new java.io.FileWriter(RefNo, false): null

2018-12-10 15:48:27 - [TEST_STEP][PASSED] - Statement - f2.write(CaseReferenceNo): null

2018-12-10 15:48:27 - [TEST_STEP][PASSED] - Statement - f2.close(): null

2018-12-10 15:48:27 - [TEST_STEP][PASSED] - Statement - out.println("


" + CaseReferenceNo + "


"): null

2018-12-10 15:48:27 - [MESSAGE][PASSED] - Call Test Case 'Test Cases/Final Aug 2018 - PKS Automation/Common/Reference Number Setter' successfully

2018-12-10 15:48:27 - [TEST_STEP][PASSED] - delay: Delayed 4 second(s)

2018-12-10 15:48:31 - [MESSAGE][PASSED] - Delayed 4 second(s)

2018-12-10 15:48:31 - [TEST_STEP][PASSED] - click: Object: 'Object Repository/Final Object Repo/Page_Update Employer Information/Submit - Copy' is clicked on

2018-12-10 15:48:31 - [MESSAGE][PASSED] - Object: 'Object Repository/Final Object Repo/Page_Update Employer Information/Submit - Copy' is clicked on

2018-12-10 15:48:31 - [TEST_STEP][PASSED] - delay: Delayed 2 second(s)

2018-12-10 15:48:33 - [MESSAGE][PASSED] - Delayed 2 second(s)

2018-12-10 15:48:33 - [TEST_STEP][PASSED] - click: Object: 'Object Repository/Final Object Repo/Page_Update Employer Information/Confirm' is clicked on

2018-12-10 15:48:33 - [MESSAGE][PASSED] - Object: 'Object Repository/Final Object Repo/Page_Update Employer Information/Confirm' is clicked on

2018-12-10 15:48:33 - [TEST_STEP][PASSED] - delay: Delayed 2 second(s)

2018-12-10 15:48:35 - [MESSAGE][PASSED] - Delayed 2 second(s)

2018-12-10 15:48:35 - [TEST_STEP][PASSED] - click: Object: 'Object Repository/Final Object Repo/Page_Update Employer Information/Message Your Request will be route' is clicked on

2018-12-10 15:48:39 - [MESSAGE][PASSED] - Object: 'Object Repository/Final Object Repo/Page_Update Employer Information/Message Your Request will be route' is clicked on

2018-12-10 15:48:39 - [MESSAGE][PASSED] - Call Test Case 'Test Cases/Final Aug 2018 - PKS Automation/Registration Module/Workflow/Update Employer Information/Template/Update Employer Information - Special Case (Employer)' successfully

2018-12-10 15:48:39 - [TEST_STEP][PASSED] - callTestCase: Call Test Case 'Test Cases/Final Aug 2018 - PKS Automation/Registration Module/Workflow/Update Employer Information/Template/Update Employer Information - Special Case - UO (Under enforcement)' successfully

2018-12-10 15:48:39 - [TEST_CASE][PASSED] - Test Cases/Final Aug 2018 - PKS Automation/Registration Module/Workflow/Update Employer Information/Template/Update Employer Information - Special Case - UO (Under enforcement): Test Cases/Final Aug 2018 - PKS Automation/Registration Module/Workflow/Update Employer Information/Template/Update Employer Information - Special Case - UO (Under enforcement)

2018-12-10 15:48:39 - [TEST_STEP][NOT_RUN] - callTestCase: NOT_RUN: callTestCase

2018-12-10 15:48:39 - [MESSAGE][NOT_RUN] - NOT_RUN: callTestCase

2018-12-10 15:48:39 - [TEST_STEP][PASSED] - delay: Delayed 1 second(s)

2018-12-10 15:48:40 - [MESSAGE][PASSED] - Delayed 1 second(s)

2018-12-10 15:48:40 - [TEST_STEP][PASSED] - navigateToUrl: Navigate to 'https://assist2-uat.perkeso.gov.my/c/portal/logout' successfully

2018-12-10 15:48:41 - [MESSAGE][PASSED] - Navigate to 'https://assist2-uat.perkeso.gov.my/c/portal/logout' successfully

2018-12-10 15:48:41 - [TEST_STEP][PASSED] - delay: Delayed 1 second(s)

2018-12-10 15:48:42 - [MESSAGE][PASSED] - Delayed 1 second(s)

2018-12-10 15:48:42 - [TEST_STEP][PASSED] - callTestCase: Call Test Case 'Test Cases/Final Aug 2018 - PKS Automation/Common/Reference Number Getter' successfully

2018-12-10 15:48:42 - [TEST_CASE][PASSED] - Test Cases/Final Aug 2018 - PKS Automation/Common/Reference Number Getter: Test Cases/Final Aug 2018 - PKS Automation/Common/Reference Number Getter

2018-12-10 15:48:42 - [TEST_STEP][PASSED] - Statement - Try: null

2018-12-10 15:48:42 - [TEST_STEP][PASSED] - Statement - RefNo = new java.io.File(C://Users//Admin//Desktop//PKS//Automation Reference Point//KatalonReference.txt): null

2018-12-10 15:48:42 - [TEST_STEP][PASSED] - Statement - bufferread = new java.io.BufferedReader(new java.io.FileReader(RefNo)): null

2018-12-10 15:48:42 - [TEST_STEP][PASSED] - Statement - readedVal = bufferread.readLine(): null

2018-12-10 15:48:42 - [TEST_STEP][PASSED] - Statement - out.println(CaseReferenceNo): null

2018-12-10 15:48:42 - [TEST_STEP][PASSED] - Statement - out.println(readedVal): null

2018-12-10 15:48:42 - [TEST_STEP][PASSED] - Statement - CaseReferenceNo = "": null

2018-12-10 15:48:42 - [TEST_STEP][PASSED] - Statement - CaseReferenceNo = readedVal: null

2018-12-10 15:48:42 - [MESSAGE][PASSED] - Call Test Case 'Test Cases/Final Aug 2018 - PKS Automation/Common/Reference Number Getter' successfully

2018-12-10 15:48:42 - [TEST_STEP][PASSED] - callTestCase: Call Test Case 'Test Cases/Final Aug 2018 - PKS Automation/Common/Workflow Owner Finder' successfully

2018-12-10 15:48:42 - [TEST_CASE][PASSED] - Test Cases/Final Aug 2018 - PKS Automation/Common/Workflow Owner Finder: Test Cases/Final Aug 2018 - PKS Automation/Common/Workflow Owner Finder

2018-12-10 15:48:42 - [TEST_STEP][PASSED] - openBrowser: Browser is opened with url: ''

2018-12-10 15:48:42 - [MESSAGE][WARNING] - A browser is already opened. Closing browser and opening a new one

2018-12-10 15:48:45 - [MESSAGE][PASSED] - Browser is opened with url: ''

2018-12-10 15:48:45 - [TEST_STEP][PASSED] - navigateToUrl: Navigate to 'https://assist2-uat.perkeso.gov.my/login' successfully

2018-12-10 15:48:46 - [MESSAGE][PASSED] - Navigate to 'https://assist2-uat.perkeso.gov.my/login' successfully

2018-12-10 15:48:46 - [TEST_STEP][PASSED] - delay: Delayed 5 second(s)

2018-12-10 15:48:51 - [MESSAGE][PASSED] - Delayed 5 second(s)

2018-12-10 15:48:51 - [TEST_STEP][PASSED] - setText: Text 'test@liferay.com' is set on object 'Object Repository/Final Object Repo/Login Page/Internal User/Email Address'

2018-12-10 15:48:52 - [MESSAGE][PASSED] - Text 'test@liferay.com' is set on object 'Object Repository/Final Object Repo/Login Page/Internal User/Email Address'

2018-12-10 15:48:52 - [TEST_STEP][PASSED] - click: Object: 'Object Repository/Final Object Repo/Login Page/Internal User/Next Button' is clicked on

2018-12-10 15:48:52 - [MESSAGE][PASSED] - Object: 'Object Repository/Final Object Repo/Login Page/Internal User/Next Button' is clicked on

2018-12-10 15:48:52 - [TEST_STEP][PASSED] - delay: Delayed 2 second(s)

2018-12-10 15:48:54 - [MESSAGE][PASSED] - Delayed 2 second(s)

2018-12-10 15:48:54 - [TEST_STEP][PASSED] - setText: Text 'test' is set on object 'Object Repository/Final Object Repo/Login Page/Internal User/Password'

2018-12-10 15:48:54 - [MESSAGE][PASSED] - Text 'test' is set on object 'Object Repository/Final Object Repo/Login Page/Internal User/Password'

2018-12-10 15:48:54 - [TEST_STEP][PASSED] - delay: Delayed 2 second(s)

2018-12-10 15:48:56 - [MESSAGE][PASSED] - Delayed 2 second(s)

2018-12-10 15:48:56 - [TEST_STEP][PASSED] - click: Object: 'Object Repository/Final Object Repo/Login Page/Internal User/Login Button' is clicked on

2018-12-10 15:48:56 - [MESSAGE][PASSED] - Object: 'Object Repository/Final Object Repo/Login Page/Internal User/Login Button' is clicked on

2018-12-10 15:48:56 - [TEST_STEP][PASSED] - Statement - tester = com.kms.katalon.core.testobject.ObjectRepository.findTestObject(Final Object Repo/Landing Page/Select to English): Finding Test Object with id 'Object Repository/Final Object Repo/Landing Page/Select to English'

2018-12-10 15:48:56 - [TEST_STEP][PASSED] - Statement - Try: Delayed 2 second(s)

2018-12-10 15:48:56 - [TEST_STEP][PASSED] - Statement - Checker = com.kms.katalon.core.webui.keyword.WebUiBuiltInKeywords.verifyElementNotPresent(tester, 3): Web element with id: 'Object Repository/Final Object Repo/Landing Page/Select to English' located by 'By.xpath: //a[@class = 'taglib-language-list-text' and @lang = 'en-US' and (contains(text(), 'EN') or contains(., 'EN'))]' is not present after '3' second(s)

2018-12-10 15:48:58 - [MESSAGE][PASSED] - Web element with id: 'Object Repository/Final Object Repo/Landing Page/Select to English' located by 'By.xpath: //a[@class = 'taglib-language-list-text' and @lang = 'en-US' and (contains(text(), 'EN') or contains(., 'EN'))]' is not present after '3' second(s)

2018-12-10 15:48:58 - [TEST_STEP][PASSED] - Statement - If (Checker == false): null

2018-12-10 15:48:58 - [TEST_STEP][PASSED] - delay: Delayed 2 second(s)

2018-12-10 15:49:00 - [MESSAGE][PASSED] - Delayed 2 second(s)

2018-12-10 15:49:00 - [TEST_STEP][PASSED] - delay: Delayed 5 second(s)

2018-12-10 15:49:05 - [MESSAGE][PASSED] - Delayed 5 second(s)

2018-12-10 15:49:05 - [TEST_STEP][PASSED] - mouseOver: Object: 'Object Repository/Final Object Repo/Landing Page/WorkFlow Menu' is hovered

2018-12-10 15:49:05 - [MESSAGE][PASSED] - Object: 'Object Repository/Final Object Repo/Landing Page/WorkFlow Menu' is hovered

2018-12-10 15:49:05 - [TEST_STEP][PASSED] - delay: Delayed 2 second(s)

2018-12-10 15:49:07 - [MESSAGE][PASSED] - Delayed 2 second(s)

2018-12-10 15:49:07 - [TEST_STEP][PASSED] - click: Object: 'Object Repository/Final Object Repo/Landing Page/Select to Workflow Listing' is clicked on

2018-12-10 15:49:09 - [MESSAGE][PASSED] - Object: 'Object Repository/Final Object Repo/Landing Page/Select to Workflow Listing' is clicked on

2018-12-10 15:49:09 - [TEST_STEP][PASSED] - delay: Delayed 2 second(s)

2018-12-10 15:49:11 - [MESSAGE][PASSED] - Delayed 2 second(s)

2018-12-10 15:49:11 - [TEST_STEP][PASSED] - click: Object: 'Object Repository/Final Object Repo/WorkFlow Listing Page/Search Information - To Put Ref No' is clicked on

2018-12-10 15:49:11 - [MESSAGE][PASSED] - Object: 'Object Repository/Final Object Repo/WorkFlow Listing Page/Search Information - To Put Ref No' is clicked on

2018-12-10 15:49:11 - [TEST_STEP][PASSED] - delay: Delayed 2 second(s)

2018-12-10 15:49:13 - [MESSAGE][PASSED] - Delayed 2 second(s)

2018-12-10 15:49:13 - [TEST_STEP][PASSED] - callTestCase: Call Test Case 'Test Cases/Final Aug 2018 - PKS Automation/Common/Reference Number Getter' successfully

2018-12-10 15:49:13 - [TEST_CASE][PASSED] - Test Cases/Final Aug 2018 - PKS Automation/Common/Reference Number Getter: Test Cases/Final Aug 2018 - PKS Automation/Common/Reference Number Getter

2018-12-10 15:49:13 - [TEST_STEP][PASSED] - Statement - Try: null

2018-12-10 15:49:13 - [TEST_STEP][PASSED] - Statement - RefNo = new java.io.File(C://Users//Admin//Desktop//PKS//Automation Reference Point//KatalonReference.txt): null

2018-12-10 15:49:13 - [TEST_STEP][PASSED] - Statement - bufferread = new java.io.BufferedReader(new java.io.FileReader(RefNo)): null

2018-12-10 15:49:13 - [TEST_STEP][PASSED] - Statement - readedVal = bufferread.readLine(): null

2018-12-10 15:49:13 - [TEST_STEP][PASSED] - Statement - out.println(CaseReferenceNo): null

2018-12-10 15:49:13 - [TEST_STEP][PASSED] - Statement - out.println(readedVal): null

2018-12-10 15:49:13 - [TEST_STEP][PASSED] - Statement - CaseReferenceNo = "": null

2018-12-10 15:49:13 - [TEST_STEP][PASSED] - Statement - CaseReferenceNo = readedVal: null

2018-12-10 15:49:13 - [MESSAGE][PASSED] - Call Test Case 'Test Cases/Final Aug 2018 - PKS Automation/Common/Reference Number Getter' successfully

2018-12-10 15:49:13 - [TEST_STEP][PASSED] - setText: Text 'CUN122018C100005951' is set on object 'Object Repository/Final Object Repo/WorkFlow Listing Page/Ref No Set Text'

2018-12-10 15:49:13 - [MESSAGE][PASSED] - Text 'CUN122018C100005951' is set on object 'Object Repository/Final Object Repo/WorkFlow Listing Page/Ref No Set Text'

2018-12-10 15:49:13 - [TEST_STEP][PASSED] - delay: Delayed 2 second(s)

2018-12-10 15:49:15 - [MESSAGE][PASSED] - Delayed 2 second(s)

2018-12-10 15:49:15 - [TEST_STEP][PASSED] - click: Object: 'Object Repository/Final Object Repo/WorkFlow Listing Page/Search Ref No Search Button' is clicked on

2018-12-10 15:49:15 - [MESSAGE][PASSED] - Object: 'Object Repository/Final Object Repo/WorkFlow Listing Page/Search Ref No Search Button' is clicked on

2018-12-10 15:49:15 - [TEST_STEP][PASSED] - delay: Delayed 6 second(s)

2018-12-10 15:49:21 - [MESSAGE][PASSED] - Delayed 6 second(s)

2018-12-10 15:49:21 - [TEST_STEP][PASSED] - click: Object: 'Object Repository/Final Object Repo/WorkFlow Listing Page/Click Continue Tooltip' is clicked on

2018-12-10 15:49:23 - [MESSAGE][PASSED] - Object: 'Object Repository/Final Object Repo/WorkFlow Listing Page/Click Continue Tooltip' is clicked on

2018-12-10 15:49:23 - [TEST_STEP][PASSED] - delay: Delayed 5 second(s)

2018-12-10 15:49:28 - [MESSAGE][PASSED] - Delayed 5 second(s)

2018-12-10 15:49:28 - [TEST_STEP][PASSED] - doubleClick: Object: 'Object Repository/Final Object Repo/WorkFlow Listing Page/Workflow Found - Listing 1' is double clicked on

2018-12-10 15:49:28 - [MESSAGE][PASSED] - Object: 'Object Repository/Final Object Repo/WorkFlow Listing Page/Workflow Found - Listing 1' is double clicked on

2018-12-10 15:49:28 - [TEST_STEP][PASSED] - Statement - println(OwnerID): null

2018-12-10 15:49:28 - [TEST_STEP][PASSED] - Statement - OwnerID = com.kms.katalon.core.webui.keyword.WebUiBuiltInKeywords.getText(com.kms.katalon.core.testobject.ObjectRepository.findTestObject(Final Object Repo/WorkFlow Listing Page/Workflow Found - Listing 1), STOP_ON_FAILURE): Text of object 'Object Repository/Final Object Repo/WorkFlow Listing Page/Workflow Found - Listing 1' is: 'JOHORuo2'

2018-12-10 15:49:28 - [MESSAGE][PASSED] - Text of object 'Object Repository/Final Object Repo/WorkFlow Listing Page/Workflow Found - Listing 1' is: 'JOHORuo2'

2018-12-10 15:49:28 - [TEST_STEP][PASSED] - Statement - OwnerID = OwnerID.toLowerCase() + "@gmail.com": null

2018-12-10 15:49:28 - [TEST_STEP][PASSED] - Statement - println(OwnerID): null

2018-12-10 15:49:28 - [TEST_STEP][PASSED] - delay: Delayed 2 second(s)

2018-12-10 15:49:30 - [MESSAGE][PASSED] - Delayed 2 second(s)

2018-12-10 15:49:30 - [MESSAGE][PASSED] - Call Test Case 'Test Cases/Final Aug 2018 - PKS Automation/Common/Workflow Owner Finder' successfully

2018-12-10 15:49:30 - [TEST_STEP][PASSED] - delay: Delayed 1 second(s)

2018-12-10 15:49:31 - [MESSAGE][PASSED] - Delayed 1 second(s)

2018-12-10 15:49:31 - [TEST_STEP][PASSED] - navigateToUrl: Navigate to 'https://assist2-uat.perkeso.gov.my/c/portal/logout' successfully

2018-12-10 15:49:32 - [MESSAGE][PASSED] - Navigate to 'https://assist2-uat.perkeso.gov.my/c/portal/logout' successfully

2018-12-10 15:49:32 - [TEST_STEP][PASSED] - delay: Delayed 1 second(s)

2018-12-10 15:49:33 - [MESSAGE][PASSED] - Delayed 1 second(s)

2018-12-10 15:49:33 - [TEST_STEP][PASSED] - callTestCase: Call Test Case 'Test Cases/Final Aug 2018 - PKS Automation/Registration Module/Workflow/Login and Search Case For Workflow' successfully

2018-12-10 15:49:33 - [TEST_CASE][PASSED] - Test Cases/Final Aug 2018 - PKS Automation/Registration Module/Workflow/Login and Search Case For Workflow: Test Cases/Final Aug 2018 - PKS Automation/Registration Module/Workflow/Login and Search Case For Workflow

2018-12-10 15:49:33 - [TEST_STEP][PASSED] - navigateToUrl: Navigate to 'https://assist2-uat.perkeso.gov.my/login' successfully

2018-12-10 15:49:33 - [MESSAGE][PASSED] - Navigate to 'https://assist2-uat.perkeso.gov.my/login' successfully

2018-12-10 15:49:33 - [TEST_STEP][PASSED] - setText: Text 'johoruo2@gmail.com' is set on object 'Object Repository/Final Object Repo/Login Page/Internal User/Email Address'

2018-12-10 15:49:34 - [MESSAGE][PASSED] - Text 'johoruo2@gmail.com' is set on object 'Object Repository/Final Object Repo/Login Page/Internal User/Email Address'

2018-12-10 15:49:34 - [TEST_STEP][PASSED] - click: Object: 'Object Repository/Final Object Repo/Login Page/Internal User/Next Button' is clicked on

2018-12-10 15:49:34 - [MESSAGE][PASSED] - Object: 'Object Repository/Final Object Repo/Login Page/Internal User/Next Button' is clicked on

2018-12-10 15:49:34 - [TEST_STEP][PASSED] - delay: Delayed 1 second(s)

2018-12-10 15:49:35 - [MESSAGE][PASSED] - Delayed 1 second(s)

2018-12-10 15:49:35 - [TEST_STEP][PASSED] - setEncryptedText: Text ****** has been set on object 'Object Repository/Final Object Repo/Login Page/Internal User/Password'

2018-12-10 15:49:35 - [MESSAGE][PASSED] - Text ****** has been set on object 'Object Repository/Final Object Repo/Login Page/Internal User/Password'

2018-12-10 15:49:35 - [TEST_STEP][PASSED] - click: Object: 'Object Repository/Final Object Repo/Login Page/Internal User/Login Button' is clicked on

2018-12-10 15:49:35 - [MESSAGE][PASSED] - Object: 'Object Repository/Final Object Repo/Login Page/Internal User/Login Button' is clicked on

2018-12-10 15:49:35 - [TEST_STEP][PASSED] - delay: Delayed 2 second(s)

2018-12-10 15:49:37 - [MESSAGE][PASSED] - Delayed 2 second(s)

2018-12-10 15:49:37 - [TEST_STEP][PASSED] - Statement - Try: Delayed 2 second(s)

2018-12-10 15:49:37 - [TEST_STEP][PASSED] - Statement - Checker = false: null

2018-12-10 15:49:37 - [TEST_STEP][PASSED] - Statement - Checker = com.kms.katalon.core.webui.keyword.WebUiBuiltInKeywords.verifyElementHasAttribute(com.kms.katalon.core.testobject.ObjectRepository.findTestObject(Final Object Repo/Landing Page/BM Detecting), "href", 20, OPTIONAL): Object 'Object Repository/Final Object Repo/Landing Page/BM Detecting' has attribute 'href'

2018-12-10 15:49:37 - [MESSAGE][PASSED] - Object 'Object Repository/Final Object Repo/Landing Page/BM Detecting' has attribute 'href'

2018-12-10 15:49:37 - [TEST_STEP][PASSED] - Statement - out.println(Checker): null

2018-12-10 15:49:37 - [TEST_STEP][PASSED] - Statement - If (Checker == false): null

2018-12-10 15:49:37 - [TEST_STEP][PASSED] - Statement - Else: null

2018-12-10 15:49:37 - [TEST_STEP][PASSED] - delay: Delayed 2 second(s)

2018-12-10 15:49:39 - [MESSAGE][PASSED] - Delayed 2 second(s)

2018-12-10 15:49:39 - [TEST_STEP][PASSED] - click: Object: 'Object Repository/Final Object Repo/Page_MyASSIST - ASSIST - Search Pending Case For Add Supporting Document/Search Information' is clicked on

2018-12-10 15:49:40 - [MESSAGE][PASSED] - Object: 'Object Repository/Final Object Repo/Page_MyASSIST - ASSIST - Search Pending Case For Add Supporting Document/Search Information' is clicked on

2018-12-10 15:49:40 - [TEST_STEP][PASSED] - delay: Delayed 3 second(s)

2018-12-10 15:49:43 - [MESSAGE][PASSED] - Delayed 3 second(s)

2018-12-10 15:49:43 - [TEST_STEP][PASSED] - sendKeys: Keys 'CUN122018C100005951' sent to object: 'Object Repository/Final Object Repo/Page_MyASSIST - ASSIST - Search Pending Case For Add Supporting Document/Reference No'

2018-12-10 15:49:43 - [MESSAGE][PASSED] - Keys 'CUN122018C100005951' sent to object: 'Object Repository/Final Object Repo/Page_MyASSIST - ASSIST - Search Pending Case For Add Supporting Document/Reference No'

2018-12-10 15:49:43 - [TEST_STEP][PASSED] - click: Object: 'Object Repository/Final Object Repo/Page_MyASSIST - ASSIST - Search Pending Case For Add Supporting Document/Search Reference No' is clicked on

2018-12-10 15:49:43 - [MESSAGE][PASSED] - Object: 'Object Repository/Final Object Repo/Page_MyASSIST - ASSIST - Search Pending Case For Add Supporting Document/Search Reference No' is clicked on

2018-12-10 15:49:43 - [TEST_STEP][PASSED] - delay: Delayed 2 second(s)

2018-12-10 15:49:45 - [MESSAGE][PASSED] - Delayed 2 second(s)

2018-12-10 15:49:45 - [TEST_STEP][PASSED] - click: Object: 'Object Repository/Final Object Repo/Page_MyASSIST - ASSIST - Search Pending Case For Add Supporting Document/Continue' is clicked on

2018-12-10 15:49:49 - [MESSAGE][PASSED] - Object: 'Object Repository/Final Object Repo/Page_MyASSIST - ASSIST - Search Pending Case For Add Supporting Document/Continue' is clicked on

2018-12-10 15:49:49 - [TEST_STEP][PASSED] - delay: Delayed 20 second(s)

2018-12-10 15:50:09 - [MESSAGE][PASSED] - Delayed 20 second(s)

2018-12-10 15:50:09 - [MESSAGE][PASSED] - Call Test Case 'Test Cases/Final Aug 2018 - PKS Automation/Registration Module/Workflow/Login and Search Case For Workflow' successfully

2018-12-10 15:50:09 - [TEST_STEP][PASSED] - delay: Delayed 2 second(s)

2018-12-10 15:50:11 - [MESSAGE][PASSED] - Delayed 2 second(s)

2018-12-10 15:50:11 - [TEST_STEP][PASSED] - click: Object: 'Object Repository/Final Object Repo/Page_Update Employer Information/Page_Update Employer Information UO (Approve)/Continue' is clicked on

2018-12-10 15:50:15 - [MESSAGE][PASSED] - Object: 'Object Repository/Final Object Repo/Page_Update Employer Information/Page_Update Employer Information UO (Approve)/Continue' is clicked on

2018-12-10 15:50:15 - [TEST_STEP][PASSED] - delay: Delayed 2 second(s)

2018-12-10 15:50:17 - [MESSAGE][PASSED] - Delayed 2 second(s)

2018-12-10 15:50:17 - [TEST_STEP][PASSED] - click: Object: 'Object Repository/Final Object Repo/Page_Update Employer Information/Page_Update Employer Information UO (Approve)/Save  Continue in Update Employer Information Page' is clicked on

2018-12-10 15:50:17 - [MESSAGE][PASSED] - Object: 'Object Repository/Final Object Repo/Page_Update Employer Information/Page_Update Employer Information UO (Approve)/Save  Continue in Update Employer Information Page' is clicked on

2018-12-10 15:50:17 - [TEST_STEP][PASSED] - delay: Delayed 2 second(s)

2018-12-10 15:50:19 - [MESSAGE][PASSED] - Delayed 2 second(s)

2018-12-10 15:50:19 - [TEST_STEP][PASSED] - click: Object: 'Object Repository/Final Object Repo/Page_Update Employer Information/Page_Update Employer Information UO (Approve)/Save  Continue in Uploading Supporting Document Page' is clicked on

2018-12-10 15:50:22 - [MESSAGE][PASSED] - Object: 'Object Repository/Final Object Repo/Page_Update Employer Information/Page_Update Employer Information UO (Approve)/Save  Continue in Uploading Supporting Document Page' is clicked on

2018-12-10 15:50:22 - [TEST_STEP][PASSED] - delay: Delayed 2 second(s)

2018-12-10 15:50:24 - [MESSAGE][PASSED] - Delayed 2 second(s)

2018-12-10 15:50:24 - [TEST_STEP][PASSED] - click: Object: 'Object Repository/Final Object Repo/Page_Update Employer Information/Page_Update Employer Information UO (Under enforcement)/Under enforcement' is clicked on

2018-12-10 15:50:26 - [MESSAGE][PASSED] - Object: 'Object Repository/Final Object Repo/Page_Update Employer Information/Page_Update Employer Information UO (Under enforcement)/Under enforcement' is clicked on

2018-12-10 15:50:26 - [TEST_STEP][PASSED] - delay: Delayed 2 second(s)

2018-12-10 15:50:28 - [MESSAGE][PASSED] - Delayed 2 second(s)

2018-12-10 15:50:28 - [TEST_STEP][PASSED] - setText: Text 'remark' is set on object 'Object Repository/Final Object Repo/Page_Update Employer Information/Page_Update Employer Information UO (Under enforcement)/Under enforcement - remark'

2018-12-10 15:50:28 - [MESSAGE][PASSED] - Text 'remark' is set on object 'Object Repository/Final Object Repo/Page_Update Employer Information/Page_Update Employer Information UO (Under enforcement)/Under enforcement - remark'

2018-12-10 15:50:28 - [TEST_STEP][PASSED] - delay: Delayed 2 second(s)

2018-12-10 15:50:30 - [MESSAGE][PASSED] - Delayed 2 second(s)

2018-12-10 15:50:30 - [TEST_STEP][PASSED] - click: Object: 'Object Repository/Final Object Repo/Page_Update Employer Information/Page_Update Employer Information UO (Under enforcement)/Save  Continue in Under enfocement Page' is clicked on

2018-12-10 15:50:30 - [MESSAGE][PASSED] - Object: 'Object Repository/Final Object Repo/Page_Update Employer Information/Page_Update Employer Information UO (Under enforcement)/Save  Continue in Under enfocement Page' is clicked on

2018-12-10 15:50:30 - [TEST_STEP][PASSED] - delay: Delayed 2 second(s)

2018-12-10 15:50:32 - [MESSAGE][PASSED] - Delayed 2 second(s)

2018-12-10 15:50:32 - [TEST_STEP][PASSED] - doubleClick: Object: 'Object Repository/Final Object Repo/Page_Update Employer Information/Page_Update Employer Information UO (Under enforcement)/Message The case is under enforceme' is double clicked on

2018-12-10 15:50:33 - [MESSAGE][PASSED] - Object: 'Object Repository/Final Object Repo/Page_Update Employer Information/Page_Update Employer Information UO (Under enforcement)/Message The case is under enforceme' is double clicked on

2018-12-10 15:50:33 - [MESSAGE][PASSED] - Call Test Case 'Test Cases/Final Aug 2018 - PKS Automation/Registration Module/Workflow/Update Employer Information/Template/Update Employer Information - Special Case - UO (Under enforcement)' successfully]]></system-out>
         <system-err><![CDATA[]]></system-err>
      </testcase>
      <testcase name="Test Cases/Final Aug 2018 - PKS Automation/Registration Module/Workflow/Update Employer Information/OTC - UO (Approve)" classname="Test Cases/Final Aug 2018 - PKS Automation/Registration Module/Workflow/Update Employer Information/OTC - UO (Approve)" status="PASSED">
         <system-out><![CDATA[2018-12-10 15:50:33 - [TEST_CASE][PASSED] - Test Cases/Final Aug 2018 - PKS Automation/Registration Module/Workflow/Update Employer Information/OTC - UO (Approve): Test Cases/Final Aug 2018 - PKS Automation/Registration Module/Workflow/Update Employer Information/OTC - UO (Approve)

2018-12-10 15:50:33 - [TEST_STEP][PASSED] - callTestCase: Call Test Case 'Test Cases/Final Aug 2018 - PKS Automation/Registration Module/Workflow/Update Employer Information/Template/Update Employer Information - Special Case (OTC)' successfully

2018-12-10 15:50:33 - [TEST_CASE][PASSED] - Test Cases/Final Aug 2018 - PKS Automation/Registration Module/Workflow/Update Employer Information/Template/Update Employer Information - Special Case (OTC): Test Cases/Final Aug 2018 - PKS Automation/Registration Module/Workflow/Update Employer Information/Template/Update Employer Information - Special Case (OTC)

2018-12-10 15:50:33 - [TEST_STEP][PASSED] - openBrowser: Browser is opened with url: ''

2018-12-10 15:50:33 - [MESSAGE][WARNING] - A browser is already opened. Closing browser and opening a new one

2018-12-10 15:50:36 - [MESSAGE][PASSED] - Browser is opened with url: ''

2018-12-10 15:50:36 - [TEST_STEP][PASSED] - navigateToUrl: Navigate to 'https://assist2-uat.perkeso.gov.my/login' successfully

2018-12-10 15:50:37 - [MESSAGE][PASSED] - Navigate to 'https://assist2-uat.perkeso.gov.my/login' successfully

2018-12-10 15:50:37 - [TEST_STEP][PASSED] - setText: Text 'johorotc1@gmail.com' is set on object 'Object Repository/Final Object Repo/Login Page/Internal User/Email Address'

2018-12-10 15:50:38 - [MESSAGE][PASSED] - Text 'johorotc1@gmail.com' is set on object 'Object Repository/Final Object Repo/Login Page/Internal User/Email Address'

2018-12-10 15:50:38 - [TEST_STEP][PASSED] - click: Object: 'Object Repository/Final Object Repo/Login Page/Internal User/Next Button' is clicked on

2018-12-10 15:50:38 - [MESSAGE][PASSED] - Object: 'Object Repository/Final Object Repo/Login Page/Internal User/Next Button' is clicked on

2018-12-10 15:50:38 - [TEST_STEP][PASSED] - delay: Delayed 1 second(s)

2018-12-10 15:50:39 - [MESSAGE][PASSED] - Delayed 1 second(s)

2018-12-10 15:50:39 - [TEST_STEP][PASSED] - setEncryptedText: Text ****** has been set on object 'Object Repository/Final Object Repo/Login Page/Internal User/Password'

2018-12-10 15:50:39 - [MESSAGE][PASSED] - Text ****** has been set on object 'Object Repository/Final Object Repo/Login Page/Internal User/Password'

2018-12-10 15:50:39 - [TEST_STEP][PASSED] - click: Object: 'Object Repository/Final Object Repo/Login Page/Internal User/Login Button' is clicked on

2018-12-10 15:50:40 - [MESSAGE][PASSED] - Object: 'Object Repository/Final Object Repo/Login Page/Internal User/Login Button' is clicked on

2018-12-10 15:50:40 - [TEST_STEP][PASSED] - Statement - tester = com.kms.katalon.core.testobject.ObjectRepository.findTestObject(Final Object Repo/Landing Page/Select to English): Finding Test Object with id 'Object Repository/Final Object Repo/Landing Page/Select to English'

2018-12-10 15:50:40 - [TEST_STEP][PASSED] - Statement - Try: Delayed 2 second(s)

2018-12-10 15:50:40 - [TEST_STEP][PASSED] - Statement - Checker = com.kms.katalon.core.webui.keyword.WebUiBuiltInKeywords.verifyElementNotPresent(tester, 3): Web element with id: 'Object Repository/Final Object Repo/Landing Page/Select to English' located by 'By.xpath: //a[@class = 'taglib-language-list-text' and @lang = 'en-US' and (contains(text(), 'EN') or contains(., 'EN'))]' is not present after '3' second(s)

2018-12-10 15:50:41 - [MESSAGE][PASSED] - Web element with id: 'Object Repository/Final Object Repo/Landing Page/Select to English' located by 'By.xpath: //a[@class = 'taglib-language-list-text' and @lang = 'en-US' and (contains(text(), 'EN') or contains(., 'EN'))]' is not present after '3' second(s)

2018-12-10 15:50:41 - [TEST_STEP][PASSED] - Statement - If (Checker == false): null

2018-12-10 15:50:41 - [TEST_STEP][PASSED] - delay: Delayed 2 second(s)

2018-12-10 15:50:43 - [MESSAGE][PASSED] - Delayed 2 second(s)

2018-12-10 15:50:43 - [TEST_STEP][PASSED] - delay: Delayed 5 second(s)

2018-12-10 15:50:48 - [MESSAGE][PASSED] - Delayed 5 second(s)

2018-12-10 15:50:48 - [TEST_STEP][PASSED] - navigateToUrl: Navigate to 'https://assist2-uat.perkeso.gov.my/web/registration/update/update-employer-information' successfully

2018-12-10 15:50:49 - [MESSAGE][PASSED] - Navigate to 'https://assist2-uat.perkeso.gov.my/web/registration/update/update-employer-information' successfully

2018-12-10 15:50:49 - [TEST_STEP][PASSED] - setText: Text 'E1102001065V ' is set on object 'Object Repository/Final Object Repo/Page_Update Employer Information/Employer Code'

2018-12-10 15:50:50 - [MESSAGE][PASSED] - Text 'E1102001065V ' is set on object 'Object Repository/Final Object Repo/Page_Update Employer Information/Employer Code'

2018-12-10 15:50:50 - [TEST_STEP][PASSED] - click: Object: 'Object Repository/Final Object Repo/Page_Update Employer Information/Search Button' is clicked on

2018-12-10 15:50:50 - [MESSAGE][PASSED] - Object: 'Object Repository/Final Object Repo/Page_Update Employer Information/Search Button' is clicked on

2018-12-10 15:50:50 - [TEST_STEP][PASSED] - click: Object: 'Object Repository/Final Object Repo/Page_Update Employer Information/Edit Button' is clicked on

2018-12-10 15:50:54 - [MESSAGE][PASSED] - Object: 'Object Repository/Final Object Repo/Page_Update Employer Information/Edit Button' is clicked on

2018-12-10 15:50:54 - [TEST_STEP][PASSED] - click: Object: 'Object Repository/Final Object Repo/Page_Update Employer Information/Business Entity' is clicked on

2018-12-10 15:50:54 - [MESSAGE][PASSED] - Object: 'Object Repository/Final Object Repo/Page_Update Employer Information/Business Entity' is clicked on

2018-12-10 15:50:54 - [TEST_STEP][PASSED] - Statement - CurrentBusinessEntity = "": null

2018-12-10 15:50:54 - [TEST_STEP][PASSED] - Statement - CurrentBusinessEntity = com.kms.katalon.core.webui.keyword.WebUiBuiltInKeywords.getText(com.kms.katalon.core.testobject.ObjectRepository.findTestObject(Final Object Repo/Page_Update Employer Information/Current Business Entity)): Text of object 'Object Repository/Final Object Repo/Page_Update Employer Information/Current Business Entity' is: 'Others'

2018-12-10 15:50:54 - [MESSAGE][PASSED] - Text of object 'Object Repository/Final Object Repo/Page_Update Employer Information/Current Business Entity' is: 'Others'

2018-12-10 15:50:54 - [TEST_STEP][PASSED] - Statement - out.println(CurrentBusinessEntity): null

2018-12-10 15:50:54 - [TEST_STEP][PASSED] - Statement - If (CurrentBusinessEntity == "Corporation"): null

2018-12-10 15:50:54 - [TEST_STEP][PASSED] - Statement - Else If (CurrentBusinessEntity == "Partnership"): null

2018-12-10 15:50:54 - [TEST_STEP][PASSED] - Statement - Else If (CurrentBusinessEntity == "Sole Proprietor / Individual Business"): null

2018-12-10 15:50:54 - [TEST_STEP][PASSED] - Statement - Else If (CurrentBusinessEntity == "Others"): Delayed 3 second(s)

2018-12-10 15:50:54 - [TEST_STEP][PASSED] - Statement - obj = com.kms.katalon.core.webui.keyword.WebUiBuiltInKeywords.modifyObjectProperty(com.kms.katalon.core.testobject.ObjectRepository.findTestObject(Final Object Repo/Page_Update Employer Information/change to this Business Entity), "xpath", "equals", "//ul/li/span[contains(text(),"Partnership")]", true, STOP_ON_FAILURE): Modify property of object successfully

2018-12-10 15:50:54 - [MESSAGE][PASSED] - Modify property of object successfully

2018-12-10 15:50:54 - [TEST_STEP][PASSED] - click: Object: 'Object Repository/Final Object Repo/Page_Update Employer Information/change to this Business Entity' is clicked on

2018-12-10 15:50:54 - [MESSAGE][PASSED] - Object: 'Object Repository/Final Object Repo/Page_Update Employer Information/change to this Business Entity' is clicked on

2018-12-10 15:50:54 - [TEST_STEP][PASSED] - delay: Delayed 1 second(s)

2018-12-10 15:50:55 - [MESSAGE][PASSED] - Delayed 1 second(s)

2018-12-10 15:50:55 - [TEST_STEP][PASSED] - click: Object: 'Object Repository/Final Object Repo/Page_Update Employer Information/Sub Business Entity' is clicked on

2018-12-10 15:50:55 - [MESSAGE][PASSED] - Object: 'Object Repository/Final Object Repo/Page_Update Employer Information/Sub Business Entity' is clicked on

2018-12-10 15:50:55 - [TEST_STEP][PASSED] - click: Object: 'Object Repository/Final Object Repo/Page_Update Employer Information/Sub Business Entity - Partnership - Registered With other Agencies' is clicked on

2018-12-10 15:50:56 - [MESSAGE][PASSED] - Object: 'Object Repository/Final Object Repo/Page_Update Employer Information/Sub Business Entity - Partnership - Registered With other Agencies' is clicked on

2018-12-10 15:50:56 - [TEST_STEP][PASSED] - delay: Delayed 3 second(s)

2018-12-10 15:50:59 - [MESSAGE][PASSED] - Delayed 3 second(s)

2018-12-10 15:50:59 - [TEST_STEP][PASSED] - delay: Delayed 4 second(s)

2018-12-10 15:51:03 - [MESSAGE][PASSED] - Delayed 4 second(s)

2018-12-10 15:51:03 - [TEST_STEP][PASSED] - click: Object: 'Object Repository/Final Object Repo/Page_Update Employer Information/Save  Continue' is clicked on

2018-12-10 15:51:03 - [MESSAGE][PASSED] - Object: 'Object Repository/Final Object Repo/Page_Update Employer Information/Save  Continue' is clicked on

2018-12-10 15:51:03 - [TEST_STEP][PASSED] - delay: Delayed 4 second(s)

2018-12-10 15:51:07 - [MESSAGE][PASSED] - Delayed 4 second(s)

2018-12-10 15:51:07 - [TEST_STEP][PASSED] - click: Object: 'Object Repository/Final Object Repo/Page_Update Employer Information/Save  Continue (1)' is clicked on

2018-12-10 15:51:07 - [MESSAGE][PASSED] - Object: 'Object Repository/Final Object Repo/Page_Update Employer Information/Save  Continue (1)' is clicked on

2018-12-10 15:51:07 - [TEST_STEP][PASSED] - delay: Delayed 4 second(s)

2018-12-10 15:51:11 - [MESSAGE][PASSED] - Delayed 4 second(s)

2018-12-10 15:51:11 - [TEST_STEP][PASSED] - Statement - CaseReferenceNo = com.kms.katalon.core.webui.keyword.WebUiBuiltInKeywords.getText(com.kms.katalon.core.testobject.ObjectRepository.findTestObject(Final Object Repo/Page_Update Employer Information/Reference Number in Update Employee Information Page)): Text of object 'Object Repository/Final Object Repo/Page_Update Employer Information/Reference Number in Update Employee Information Page' is: 'CUN122018C100005952'

2018-12-10 15:51:11 - [MESSAGE][PASSED] - Text of object 'Object Repository/Final Object Repo/Page_Update Employer Information/Reference Number in Update Employee Information Page' is: 'CUN122018C100005952'

2018-12-10 15:51:11 - [TEST_STEP][PASSED] - callTestCase: Call Test Case 'Test Cases/Final Aug 2018 - PKS Automation/Common/Reference Number Setter' successfully

2018-12-10 15:51:11 - [TEST_CASE][PASSED] - Test Cases/Final Aug 2018 - PKS Automation/Common/Reference Number Setter: Test Cases/Final Aug 2018 - PKS Automation/Common/Reference Number Setter

2018-12-10 15:51:11 - [TEST_STEP][PASSED] - Statement - RefNoOldFile = new java.io.File(C://Users//Admin//Desktop//PKS//Automation Reference Point//KatalonReference.txt): null

2018-12-10 15:51:11 - [TEST_STEP][PASSED] - Statement - RefNoOldFile.delete(): null

2018-12-10 15:51:11 - [TEST_STEP][PASSED] - delay: Delayed 5 second(s)

2018-12-10 15:51:16 - [MESSAGE][PASSED] - Delayed 5 second(s)

2018-12-10 15:51:16 - [TEST_STEP][PASSED] - Statement - RefNo = new java.io.File(C://Users//Admin//Desktop//PKS//Automation Reference Point//KatalonReference.txt): null

2018-12-10 15:51:16 - [TEST_STEP][PASSED] - Statement - f2 = new java.io.FileWriter(RefNo, false): null

2018-12-10 15:51:16 - [TEST_STEP][PASSED] - Statement - f2.write(CaseReferenceNo): null

2018-12-10 15:51:16 - [TEST_STEP][PASSED] - Statement - f2.close(): null

2018-12-10 15:51:16 - [TEST_STEP][PASSED] - Statement - out.println("


" + CaseReferenceNo + "


"): null

2018-12-10 15:51:16 - [MESSAGE][PASSED] - Call Test Case 'Test Cases/Final Aug 2018 - PKS Automation/Common/Reference Number Setter' successfully

2018-12-10 15:51:16 - [TEST_STEP][PASSED] - delay: Delayed 4 second(s)

2018-12-10 15:51:20 - [MESSAGE][PASSED] - Delayed 4 second(s)

2018-12-10 15:51:20 - [TEST_STEP][PASSED] - click: Object: 'Object Repository/Final Object Repo/Page_Update Employer Information/Submit - Copy' is clicked on

2018-12-10 15:51:21 - [MESSAGE][PASSED] - Object: 'Object Repository/Final Object Repo/Page_Update Employer Information/Submit - Copy' is clicked on

2018-12-10 15:51:21 - [TEST_STEP][PASSED] - delay: Delayed 2 second(s)

2018-12-10 15:51:23 - [MESSAGE][PASSED] - Delayed 2 second(s)

2018-12-10 15:51:23 - [TEST_STEP][PASSED] - click: Object: 'Object Repository/Final Object Repo/Page_Update Employer Information/Confirm' is clicked on

2018-12-10 15:51:23 - [MESSAGE][PASSED] - Object: 'Object Repository/Final Object Repo/Page_Update Employer Information/Confirm' is clicked on

2018-12-10 15:51:23 - [TEST_STEP][PASSED] - delay: Delayed 2 second(s)

2018-12-10 15:51:25 - [MESSAGE][PASSED] - Delayed 2 second(s)

2018-12-10 15:51:25 - [TEST_STEP][PASSED] - click: Object: 'Object Repository/Final Object Repo/Page_Update Employer Information/Message Your Request will be route' is clicked on

2018-12-10 15:51:27 - [MESSAGE][PASSED] - Object: 'Object Repository/Final Object Repo/Page_Update Employer Information/Message Your Request will be route' is clicked on

2018-12-10 15:51:27 - [MESSAGE][PASSED] - Call Test Case 'Test Cases/Final Aug 2018 - PKS Automation/Registration Module/Workflow/Update Employer Information/Template/Update Employer Information - Special Case (OTC)' successfully

2018-12-10 15:51:27 - [TEST_STEP][PASSED] - callTestCase: Call Test Case 'Test Cases/Final Aug 2018 - PKS Automation/Registration Module/Workflow/Update Employer Information/Template/Update Employer Information - Special Case - UO (Approve)' successfully

2018-12-10 15:51:27 - [TEST_CASE][PASSED] - Test Cases/Final Aug 2018 - PKS Automation/Registration Module/Workflow/Update Employer Information/Template/Update Employer Information - Special Case - UO (Approve): Test Cases/Final Aug 2018 - PKS Automation/Registration Module/Workflow/Update Employer Information/Template/Update Employer Information - Special Case - UO (Approve)

2018-12-10 15:51:27 - [TEST_STEP][NOT_RUN] - callTestCase: NOT_RUN: callTestCase

2018-12-10 15:51:27 - [MESSAGE][NOT_RUN] - NOT_RUN: callTestCase

2018-12-10 15:51:27 - [TEST_STEP][NOT_RUN] - delay: NOT_RUN: delay

2018-12-10 15:51:27 - [MESSAGE][NOT_RUN] - NOT_RUN: delay

2018-12-10 15:51:27 - [TEST_STEP][NOT_RUN] - navigateToUrl: NOT_RUN: navigateToUrl

2018-12-10 15:51:27 - [MESSAGE][NOT_RUN] - NOT_RUN: navigateToUrl

2018-12-10 15:51:27 - [TEST_STEP][PASSED] - delay: Delayed 1 second(s)

2018-12-10 15:51:28 - [MESSAGE][PASSED] - Delayed 1 second(s)

2018-12-10 15:51:28 - [TEST_STEP][PASSED] - callTestCase: Call Test Case 'Test Cases/Final Aug 2018 - PKS Automation/Common/Reference Number Getter' successfully

2018-12-10 15:51:28 - [TEST_CASE][PASSED] - Test Cases/Final Aug 2018 - PKS Automation/Common/Reference Number Getter: Test Cases/Final Aug 2018 - PKS Automation/Common/Reference Number Getter

2018-12-10 15:51:28 - [TEST_STEP][PASSED] - Statement - Try: null

2018-12-10 15:51:28 - [TEST_STEP][PASSED] - Statement - RefNo = new java.io.File(C://Users//Admin//Desktop//PKS//Automation Reference Point//KatalonReference.txt): null

2018-12-10 15:51:28 - [TEST_STEP][PASSED] - Statement - bufferread = new java.io.BufferedReader(new java.io.FileReader(RefNo)): null

2018-12-10 15:51:28 - [TEST_STEP][PASSED] - Statement - readedVal = bufferread.readLine(): null

2018-12-10 15:51:28 - [TEST_STEP][PASSED] - Statement - out.println(CaseReferenceNo): null

2018-12-10 15:51:28 - [TEST_STEP][PASSED] - Statement - out.println(readedVal): null

2018-12-10 15:51:28 - [TEST_STEP][PASSED] - Statement - CaseReferenceNo = "": null

2018-12-10 15:51:28 - [TEST_STEP][PASSED] - Statement - CaseReferenceNo = readedVal: null

2018-12-10 15:51:28 - [MESSAGE][PASSED] - Call Test Case 'Test Cases/Final Aug 2018 - PKS Automation/Common/Reference Number Getter' successfully

2018-12-10 15:51:28 - [TEST_STEP][PASSED] - callTestCase: Call Test Case 'Test Cases/Final Aug 2018 - PKS Automation/Common/Workflow Owner Finder' successfully

2018-12-10 15:51:28 - [TEST_CASE][PASSED] - Test Cases/Final Aug 2018 - PKS Automation/Common/Workflow Owner Finder: Test Cases/Final Aug 2018 - PKS Automation/Common/Workflow Owner Finder

2018-12-10 15:51:28 - [TEST_STEP][PASSED] - openBrowser: Browser is opened with url: ''

2018-12-10 15:51:28 - [MESSAGE][WARNING] - A browser is already opened. Closing browser and opening a new one

2018-12-10 15:51:31 - [MESSAGE][PASSED] - Browser is opened with url: ''

2018-12-10 15:51:31 - [TEST_STEP][PASSED] - navigateToUrl: Navigate to 'https://assist2-uat.perkeso.gov.my/login' successfully

2018-12-10 15:51:32 - [MESSAGE][PASSED] - Navigate to 'https://assist2-uat.perkeso.gov.my/login' successfully

2018-12-10 15:51:32 - [TEST_STEP][PASSED] - delay: Delayed 5 second(s)

2018-12-10 15:51:37 - [MESSAGE][PASSED] - Delayed 5 second(s)

2018-12-10 15:51:37 - [TEST_STEP][PASSED] - setText: Text 'test@liferay.com' is set on object 'Object Repository/Final Object Repo/Login Page/Internal User/Email Address'

2018-12-10 15:51:37 - [MESSAGE][PASSED] - Text 'test@liferay.com' is set on object 'Object Repository/Final Object Repo/Login Page/Internal User/Email Address'

2018-12-10 15:51:37 - [TEST_STEP][PASSED] - click: Object: 'Object Repository/Final Object Repo/Login Page/Internal User/Next Button' is clicked on

2018-12-10 15:51:37 - [MESSAGE][PASSED] - Object: 'Object Repository/Final Object Repo/Login Page/Internal User/Next Button' is clicked on

2018-12-10 15:51:37 - [TEST_STEP][PASSED] - delay: Delayed 2 second(s)

2018-12-10 15:51:39 - [MESSAGE][PASSED] - Delayed 2 second(s)

2018-12-10 15:51:39 - [TEST_STEP][PASSED] - setText: Text 'test' is set on object 'Object Repository/Final Object Repo/Login Page/Internal User/Password'

2018-12-10 15:51:40 - [MESSAGE][PASSED] - Text 'test' is set on object 'Object Repository/Final Object Repo/Login Page/Internal User/Password'

2018-12-10 15:51:40 - [TEST_STEP][PASSED] - delay: Delayed 2 second(s)

2018-12-10 15:51:42 - [MESSAGE][PASSED] - Delayed 2 second(s)

2018-12-10 15:51:42 - [TEST_STEP][PASSED] - click: Object: 'Object Repository/Final Object Repo/Login Page/Internal User/Login Button' is clicked on

2018-12-10 15:51:42 - [MESSAGE][PASSED] - Object: 'Object Repository/Final Object Repo/Login Page/Internal User/Login Button' is clicked on

2018-12-10 15:51:42 - [TEST_STEP][PASSED] - Statement - tester = com.kms.katalon.core.testobject.ObjectRepository.findTestObject(Final Object Repo/Landing Page/Select to English): Finding Test Object with id 'Object Repository/Final Object Repo/Landing Page/Select to English'

2018-12-10 15:51:42 - [TEST_STEP][PASSED] - Statement - Try: Delayed 2 second(s)

2018-12-10 15:51:42 - [TEST_STEP][PASSED] - Statement - Checker = com.kms.katalon.core.webui.keyword.WebUiBuiltInKeywords.verifyElementNotPresent(tester, 3): Web element with id: 'Object Repository/Final Object Repo/Landing Page/Select to English' located by 'By.xpath: //a[@class = 'taglib-language-list-text' and @lang = 'en-US' and (contains(text(), 'EN') or contains(., 'EN'))]' is not present after '3' second(s)

2018-12-10 15:51:44 - [MESSAGE][PASSED] - Web element with id: 'Object Repository/Final Object Repo/Landing Page/Select to English' located by 'By.xpath: //a[@class = 'taglib-language-list-text' and @lang = 'en-US' and (contains(text(), 'EN') or contains(., 'EN'))]' is not present after '3' second(s)

2018-12-10 15:51:44 - [TEST_STEP][PASSED] - Statement - If (Checker == false): null

2018-12-10 15:51:44 - [TEST_STEP][PASSED] - delay: Delayed 2 second(s)

2018-12-10 15:51:46 - [MESSAGE][PASSED] - Delayed 2 second(s)

2018-12-10 15:51:46 - [TEST_STEP][PASSED] - delay: Delayed 5 second(s)

2018-12-10 15:51:51 - [MESSAGE][PASSED] - Delayed 5 second(s)

2018-12-10 15:51:51 - [TEST_STEP][PASSED] - mouseOver: Object: 'Object Repository/Final Object Repo/Landing Page/WorkFlow Menu' is hovered

2018-12-10 15:51:51 - [MESSAGE][PASSED] - Object: 'Object Repository/Final Object Repo/Landing Page/WorkFlow Menu' is hovered

2018-12-10 15:51:51 - [TEST_STEP][PASSED] - delay: Delayed 2 second(s)

2018-12-10 15:51:53 - [MESSAGE][PASSED] - Delayed 2 second(s)

2018-12-10 15:51:53 - [TEST_STEP][PASSED] - click: Object: 'Object Repository/Final Object Repo/Landing Page/Select to Workflow Listing' is clicked on

2018-12-10 15:51:54 - [MESSAGE][PASSED] - Object: 'Object Repository/Final Object Repo/Landing Page/Select to Workflow Listing' is clicked on

2018-12-10 15:51:54 - [TEST_STEP][PASSED] - delay: Delayed 2 second(s)

2018-12-10 15:51:56 - [MESSAGE][PASSED] - Delayed 2 second(s)

2018-12-10 15:51:56 - [TEST_STEP][PASSED] - click: Object: 'Object Repository/Final Object Repo/WorkFlow Listing Page/Search Information - To Put Ref No' is clicked on

2018-12-10 15:51:56 - [MESSAGE][PASSED] - Object: 'Object Repository/Final Object Repo/WorkFlow Listing Page/Search Information - To Put Ref No' is clicked on

2018-12-10 15:51:56 - [TEST_STEP][PASSED] - delay: Delayed 2 second(s)

2018-12-10 15:51:58 - [MESSAGE][PASSED] - Delayed 2 second(s)

2018-12-10 15:51:58 - [TEST_STEP][PASSED] - callTestCase: Call Test Case 'Test Cases/Final Aug 2018 - PKS Automation/Common/Reference Number Getter' successfully

2018-12-10 15:51:58 - [TEST_CASE][PASSED] - Test Cases/Final Aug 2018 - PKS Automation/Common/Reference Number Getter: Test Cases/Final Aug 2018 - PKS Automation/Common/Reference Number Getter

2018-12-10 15:51:58 - [TEST_STEP][PASSED] - Statement - Try: null

2018-12-10 15:51:58 - [TEST_STEP][PASSED] - Statement - RefNo = new java.io.File(C://Users//Admin//Desktop//PKS//Automation Reference Point//KatalonReference.txt): null

2018-12-10 15:51:58 - [TEST_STEP][PASSED] - Statement - bufferread = new java.io.BufferedReader(new java.io.FileReader(RefNo)): null

2018-12-10 15:51:58 - [TEST_STEP][PASSED] - Statement - readedVal = bufferread.readLine(): null

2018-12-10 15:51:58 - [TEST_STEP][PASSED] - Statement - out.println(CaseReferenceNo): null

2018-12-10 15:51:58 - [TEST_STEP][PASSED] - Statement - out.println(readedVal): null

2018-12-10 15:51:58 - [TEST_STEP][PASSED] - Statement - CaseReferenceNo = "": null

2018-12-10 15:51:58 - [TEST_STEP][PASSED] - Statement - CaseReferenceNo = readedVal: null

2018-12-10 15:51:58 - [MESSAGE][PASSED] - Call Test Case 'Test Cases/Final Aug 2018 - PKS Automation/Common/Reference Number Getter' successfully

2018-12-10 15:51:58 - [TEST_STEP][PASSED] - setText: Text 'CUN122018C100005952' is set on object 'Object Repository/Final Object Repo/WorkFlow Listing Page/Ref No Set Text'

2018-12-10 15:51:59 - [MESSAGE][PASSED] - Text 'CUN122018C100005952' is set on object 'Object Repository/Final Object Repo/WorkFlow Listing Page/Ref No Set Text'

2018-12-10 15:51:59 - [TEST_STEP][PASSED] - delay: Delayed 2 second(s)

2018-12-10 15:52:01 - [MESSAGE][PASSED] - Delayed 2 second(s)

2018-12-10 15:52:01 - [TEST_STEP][PASSED] - click: Object: 'Object Repository/Final Object Repo/WorkFlow Listing Page/Search Ref No Search Button' is clicked on

2018-12-10 15:52:01 - [MESSAGE][PASSED] - Object: 'Object Repository/Final Object Repo/WorkFlow Listing Page/Search Ref No Search Button' is clicked on

2018-12-10 15:52:01 - [TEST_STEP][PASSED] - delay: Delayed 6 second(s)

2018-12-10 15:52:07 - [MESSAGE][PASSED] - Delayed 6 second(s)

2018-12-10 15:52:07 - [TEST_STEP][PASSED] - click: Object: 'Object Repository/Final Object Repo/WorkFlow Listing Page/Click Continue Tooltip' is clicked on

2018-12-10 15:52:08 - [MESSAGE][PASSED] - Object: 'Object Repository/Final Object Repo/WorkFlow Listing Page/Click Continue Tooltip' is clicked on

2018-12-10 15:52:08 - [TEST_STEP][PASSED] - delay: Delayed 5 second(s)

2018-12-10 15:52:13 - [MESSAGE][PASSED] - Delayed 5 second(s)

2018-12-10 15:52:13 - [TEST_STEP][PASSED] - doubleClick: Object: 'Object Repository/Final Object Repo/WorkFlow Listing Page/Workflow Found - Listing 1' is double clicked on

2018-12-10 15:52:13 - [MESSAGE][PASSED] - Object: 'Object Repository/Final Object Repo/WorkFlow Listing Page/Workflow Found - Listing 1' is double clicked on

2018-12-10 15:52:13 - [TEST_STEP][PASSED] - Statement - println(OwnerID): null

2018-12-10 15:52:13 - [TEST_STEP][PASSED] - Statement - OwnerID = com.kms.katalon.core.webui.keyword.WebUiBuiltInKeywords.getText(com.kms.katalon.core.testobject.ObjectRepository.findTestObject(Final Object Repo/WorkFlow Listing Page/Workflow Found - Listing 1), STOP_ON_FAILURE): Text of object 'Object Repository/Final Object Repo/WorkFlow Listing Page/Workflow Found - Listing 1' is: 'JOHORuo3'

2018-12-10 15:52:13 - [MESSAGE][PASSED] - Text of object 'Object Repository/Final Object Repo/WorkFlow Listing Page/Workflow Found - Listing 1' is: 'JOHORuo3'

2018-12-10 15:52:13 - [TEST_STEP][PASSED] - Statement - OwnerID = OwnerID.toLowerCase() + "@gmail.com": null

2018-12-10 15:52:13 - [TEST_STEP][PASSED] - Statement - println(OwnerID): null

2018-12-10 15:52:13 - [TEST_STEP][PASSED] - delay: Delayed 2 second(s)

2018-12-10 15:52:15 - [MESSAGE][PASSED] - Delayed 2 second(s)

2018-12-10 15:52:15 - [MESSAGE][PASSED] - Call Test Case 'Test Cases/Final Aug 2018 - PKS Automation/Common/Workflow Owner Finder' successfully

2018-12-10 15:52:15 - [TEST_STEP][PASSED] - delay: Delayed 1 second(s)

2018-12-10 15:52:16 - [MESSAGE][PASSED] - Delayed 1 second(s)

2018-12-10 15:52:16 - [TEST_STEP][PASSED] - navigateToUrl: Navigate to 'https://assist2-uat.perkeso.gov.my/c/portal/logout' successfully

2018-12-10 15:52:17 - [MESSAGE][PASSED] - Navigate to 'https://assist2-uat.perkeso.gov.my/c/portal/logout' successfully

2018-12-10 15:52:17 - [TEST_STEP][PASSED] - callTestCase: Call Test Case 'Test Cases/Final Aug 2018 - PKS Automation/Registration Module/Workflow/Login and Search Case For Workflow' successfully

2018-12-10 15:52:17 - [TEST_CASE][PASSED] - Test Cases/Final Aug 2018 - PKS Automation/Registration Module/Workflow/Login and Search Case For Workflow: Test Cases/Final Aug 2018 - PKS Automation/Registration Module/Workflow/Login and Search Case For Workflow

2018-12-10 15:52:17 - [TEST_STEP][PASSED] - navigateToUrl: Navigate to 'https://assist2-uat.perkeso.gov.my/login' successfully

2018-12-10 15:52:17 - [MESSAGE][PASSED] - Navigate to 'https://assist2-uat.perkeso.gov.my/login' successfully

2018-12-10 15:52:17 - [TEST_STEP][PASSED] - setText: Text 'johoruo3@gmail.com' is set on object 'Object Repository/Final Object Repo/Login Page/Internal User/Email Address'

2018-12-10 15:52:18 - [MESSAGE][PASSED] - Text 'johoruo3@gmail.com' is set on object 'Object Repository/Final Object Repo/Login Page/Internal User/Email Address'

2018-12-10 15:52:18 - [TEST_STEP][PASSED] - click: Object: 'Object Repository/Final Object Repo/Login Page/Internal User/Next Button' is clicked on

2018-12-10 15:52:18 - [MESSAGE][PASSED] - Object: 'Object Repository/Final Object Repo/Login Page/Internal User/Next Button' is clicked on

2018-12-10 15:52:18 - [TEST_STEP][PASSED] - delay: Delayed 1 second(s)

2018-12-10 15:52:19 - [MESSAGE][PASSED] - Delayed 1 second(s)

2018-12-10 15:52:19 - [TEST_STEP][PASSED] - setEncryptedText: Text ****** has been set on object 'Object Repository/Final Object Repo/Login Page/Internal User/Password'

2018-12-10 15:52:19 - [MESSAGE][PASSED] - Text ****** has been set on object 'Object Repository/Final Object Repo/Login Page/Internal User/Password'

2018-12-10 15:52:19 - [TEST_STEP][PASSED] - click: Object: 'Object Repository/Final Object Repo/Login Page/Internal User/Login Button' is clicked on

2018-12-10 15:52:19 - [MESSAGE][PASSED] - Object: 'Object Repository/Final Object Repo/Login Page/Internal User/Login Button' is clicked on

2018-12-10 15:52:19 - [TEST_STEP][PASSED] - delay: Delayed 2 second(s)

2018-12-10 15:52:21 - [MESSAGE][PASSED] - Delayed 2 second(s)

2018-12-10 15:52:21 - [TEST_STEP][PASSED] - Statement - Try: Delayed 2 second(s)

2018-12-10 15:52:21 - [TEST_STEP][PASSED] - Statement - Checker = false: null

2018-12-10 15:52:21 - [TEST_STEP][PASSED] - Statement - Checker = com.kms.katalon.core.webui.keyword.WebUiBuiltInKeywords.verifyElementHasAttribute(com.kms.katalon.core.testobject.ObjectRepository.findTestObject(Final Object Repo/Landing Page/BM Detecting), "href", 20, OPTIONAL): Object 'Object Repository/Final Object Repo/Landing Page/BM Detecting' has attribute 'href'

2018-12-10 15:52:22 - [MESSAGE][PASSED] - Object 'Object Repository/Final Object Repo/Landing Page/BM Detecting' has attribute 'href'

2018-12-10 15:52:22 - [TEST_STEP][PASSED] - Statement - out.println(Checker): null

2018-12-10 15:52:22 - [TEST_STEP][PASSED] - Statement - If (Checker == false): null

2018-12-10 15:52:22 - [TEST_STEP][PASSED] - Statement - Else: null

2018-12-10 15:52:22 - [TEST_STEP][PASSED] - delay: Delayed 2 second(s)

2018-12-10 15:52:24 - [MESSAGE][PASSED] - Delayed 2 second(s)

2018-12-10 15:52:24 - [TEST_STEP][PASSED] - click: Object: 'Object Repository/Final Object Repo/Page_MyASSIST - ASSIST - Search Pending Case For Add Supporting Document/Search Information' is clicked on

2018-12-10 15:52:24 - [MESSAGE][PASSED] - Object: 'Object Repository/Final Object Repo/Page_MyASSIST - ASSIST - Search Pending Case For Add Supporting Document/Search Information' is clicked on

2018-12-10 15:52:24 - [TEST_STEP][PASSED] - delay: Delayed 3 second(s)

2018-12-10 15:52:27 - [MESSAGE][PASSED] - Delayed 3 second(s)

2018-12-10 15:52:27 - [TEST_STEP][PASSED] - sendKeys: Keys 'CUN122018C100005952' sent to object: 'Object Repository/Final Object Repo/Page_MyASSIST - ASSIST - Search Pending Case For Add Supporting Document/Reference No'

2018-12-10 15:52:27 - [MESSAGE][PASSED] - Keys 'CUN122018C100005952' sent to object: 'Object Repository/Final Object Repo/Page_MyASSIST - ASSIST - Search Pending Case For Add Supporting Document/Reference No'

2018-12-10 15:52:27 - [TEST_STEP][PASSED] - click: Object: 'Object Repository/Final Object Repo/Page_MyASSIST - ASSIST - Search Pending Case For Add Supporting Document/Search Reference No' is clicked on

2018-12-10 15:52:27 - [MESSAGE][PASSED] - Object: 'Object Repository/Final Object Repo/Page_MyASSIST - ASSIST - Search Pending Case For Add Supporting Document/Search Reference No' is clicked on

2018-12-10 15:52:27 - [TEST_STEP][PASSED] - delay: Delayed 2 second(s)

2018-12-10 15:52:29 - [MESSAGE][PASSED] - Delayed 2 second(s)

2018-12-10 15:52:29 - [TEST_STEP][PASSED] - click: Object: 'Object Repository/Final Object Repo/Page_MyASSIST - ASSIST - Search Pending Case For Add Supporting Document/Continue' is clicked on

2018-12-10 15:52:33 - [MESSAGE][PASSED] - Object: 'Object Repository/Final Object Repo/Page_MyASSIST - ASSIST - Search Pending Case For Add Supporting Document/Continue' is clicked on

2018-12-10 15:52:33 - [TEST_STEP][PASSED] - delay: Delayed 20 second(s)

2018-12-10 15:52:53 - [MESSAGE][PASSED] - Delayed 20 second(s)

2018-12-10 15:52:53 - [MESSAGE][PASSED] - Call Test Case 'Test Cases/Final Aug 2018 - PKS Automation/Registration Module/Workflow/Login and Search Case For Workflow' successfully

2018-12-10 15:52:53 - [TEST_STEP][PASSED] - delay: Delayed 10 second(s)

2018-12-10 15:53:03 - [MESSAGE][PASSED] - Delayed 10 second(s)

2018-12-10 15:53:03 - [TEST_STEP][PASSED] - click: Object: 'Object Repository/Final Object Repo/Page_Update Employer Information/Page_Update Employer Information UO (Approve)/Continue' is clicked on

2018-12-10 15:53:07 - [MESSAGE][PASSED] - Object: 'Object Repository/Final Object Repo/Page_Update Employer Information/Page_Update Employer Information UO (Approve)/Continue' is clicked on

2018-12-10 15:53:07 - [TEST_STEP][PASSED] - delay: Delayed 10 second(s)

2018-12-10 15:53:17 - [MESSAGE][PASSED] - Delayed 10 second(s)

2018-12-10 15:53:17 - [TEST_STEP][PASSED] - click: Object: 'Object Repository/Final Object Repo/Page_Update Employer Information/Page_Update Employer Information UO (Approve)/Save  Continue in Update Employer Information Page' is clicked on

2018-12-10 15:53:17 - [MESSAGE][PASSED] - Object: 'Object Repository/Final Object Repo/Page_Update Employer Information/Page_Update Employer Information UO (Approve)/Save  Continue in Update Employer Information Page' is clicked on

2018-12-10 15:53:17 - [TEST_STEP][PASSED] - delay: Delayed 3 second(s)

2018-12-10 15:53:20 - [MESSAGE][PASSED] - Delayed 3 second(s)

2018-12-10 15:53:20 - [TEST_STEP][PASSED] - click: Object: 'Object Repository/Final Object Repo/Page_Update Employer Information/Page_Update Employer Information UO (Approve)/Save  Continue in Uploading Supporting Document Page' is clicked on

2018-12-10 15:53:22 - [MESSAGE][PASSED] - Object: 'Object Repository/Final Object Repo/Page_Update Employer Information/Page_Update Employer Information UO (Approve)/Save  Continue in Uploading Supporting Document Page' is clicked on

2018-12-10 15:53:22 - [TEST_STEP][PASSED] - delay: Delayed 3 second(s)

2018-12-10 15:53:25 - [MESSAGE][PASSED] - Delayed 3 second(s)

2018-12-10 15:53:25 - [TEST_STEP][PASSED] - click: Object: 'Object Repository/Final Object Repo/Page_Update Employer Information/Page_Update Employer Information UO (Approve)/Approve' is clicked on

2018-12-10 15:53:26 - [MESSAGE][PASSED] - Object: 'Object Repository/Final Object Repo/Page_Update Employer Information/Page_Update Employer Information UO (Approve)/Approve' is clicked on

2018-12-10 15:53:26 - [TEST_STEP][PASSED] - delay: Delayed 2 second(s)

2018-12-10 15:53:28 - [MESSAGE][PASSED] - Delayed 2 second(s)

2018-12-10 15:53:28 - [TEST_STEP][PASSED] - click: Object: 'Object Repository/Final Object Repo/Page_Update Employer Information/Page_Update Employer Information UO (Approve)/Confirm' is clicked on

2018-12-10 15:53:28 - [MESSAGE][PASSED] - Object: 'Object Repository/Final Object Repo/Page_Update Employer Information/Page_Update Employer Information UO (Approve)/Confirm' is clicked on

2018-12-10 15:53:28 - [TEST_STEP][PASSED] - delay: Delayed 2 second(s)

2018-12-10 15:53:30 - [MESSAGE][PASSED] - Delayed 2 second(s)

2018-12-10 15:53:30 - [TEST_STEP][PASSED] - verifyElementVisible: Object 'Object Repository/Final Object Repo/Page_Update Employer Information/Page_Update Employer Information UO (Approve)/Message Your Request' is visible

2018-12-10 15:53:36 - [MESSAGE][PASSED] - Object 'Object Repository/Final Object Repo/Page_Update Employer Information/Page_Update Employer Information UO (Approve)/Message Your Request' is visible

2018-12-10 15:53:36 - [TEST_STEP][PASSED] - verifyElementVisible: Object 'Object Repository/Final Object Repo/Page_Update Employer Information/Page_Update Employer Information UO (Approve)/Letter of successful update' is visible

2018-12-10 15:53:36 - [MESSAGE][PASSED] - Object 'Object Repository/Final Object Repo/Page_Update Employer Information/Page_Update Employer Information UO (Approve)/Letter of successful update' is visible

2018-12-10 15:53:36 - [MESSAGE][PASSED] - Call Test Case 'Test Cases/Final Aug 2018 - PKS Automation/Registration Module/Workflow/Update Employer Information/Template/Update Employer Information - Special Case - UO (Approve)' successfully]]></system-out>
         <system-err><![CDATA[]]></system-err>
      </testcase>
      <testcase name="Test Cases/Final Aug 2018 - PKS Automation/Registration Module/Workflow/Update Employer Information/OTC - UO (Query)" classname="Test Cases/Final Aug 2018 - PKS Automation/Registration Module/Workflow/Update Employer Information/OTC - UO (Query)" status="PASSED">
         <system-out><![CDATA[2018-12-10 15:53:36 - [TEST_CASE][PASSED] - Test Cases/Final Aug 2018 - PKS Automation/Registration Module/Workflow/Update Employer Information/OTC - UO (Query): Test Cases/Final Aug 2018 - PKS Automation/Registration Module/Workflow/Update Employer Information/OTC - UO (Query)

2018-12-10 15:53:36 - [TEST_STEP][PASSED] - callTestCase: Call Test Case 'Test Cases/Final Aug 2018 - PKS Automation/Registration Module/Workflow/Update Employer Information/Template/Update Employer Information - Special Case (OTC)' successfully

2018-12-10 15:53:37 - [TEST_CASE][PASSED] - Test Cases/Final Aug 2018 - PKS Automation/Registration Module/Workflow/Update Employer Information/Template/Update Employer Information - Special Case (OTC): Test Cases/Final Aug 2018 - PKS Automation/Registration Module/Workflow/Update Employer Information/Template/Update Employer Information - Special Case (OTC)

2018-12-10 15:53:37 - [TEST_STEP][PASSED] - openBrowser: Browser is opened with url: ''

2018-12-10 15:53:37 - [MESSAGE][WARNING] - A browser is already opened. Closing browser and opening a new one

2018-12-10 15:53:39 - [MESSAGE][PASSED] - Browser is opened with url: ''

2018-12-10 15:53:39 - [TEST_STEP][PASSED] - navigateToUrl: Navigate to 'https://assist2-uat.perkeso.gov.my/login' successfully

2018-12-10 15:53:41 - [MESSAGE][PASSED] - Navigate to 'https://assist2-uat.perkeso.gov.my/login' successfully

2018-12-10 15:53:41 - [TEST_STEP][PASSED] - setText: Text 'johorotc1@gmail.com' is set on object 'Object Repository/Final Object Repo/Login Page/Internal User/Email Address'

2018-12-10 15:53:41 - [MESSAGE][PASSED] - Text 'johorotc1@gmail.com' is set on object 'Object Repository/Final Object Repo/Login Page/Internal User/Email Address'

2018-12-10 15:53:41 - [TEST_STEP][PASSED] - click: Object: 'Object Repository/Final Object Repo/Login Page/Internal User/Next Button' is clicked on

2018-12-10 15:53:41 - [MESSAGE][PASSED] - Object: 'Object Repository/Final Object Repo/Login Page/Internal User/Next Button' is clicked on

2018-12-10 15:53:41 - [TEST_STEP][PASSED] - delay: Delayed 1 second(s)

2018-12-10 15:53:42 - [MESSAGE][PASSED] - Delayed 1 second(s)

2018-12-10 15:53:42 - [TEST_STEP][PASSED] - setEncryptedText: Text ****** has been set on object 'Object Repository/Final Object Repo/Login Page/Internal User/Password'

2018-12-10 15:53:43 - [MESSAGE][PASSED] - Text ****** has been set on object 'Object Repository/Final Object Repo/Login Page/Internal User/Password'

2018-12-10 15:53:43 - [TEST_STEP][PASSED] - click: Object: 'Object Repository/Final Object Repo/Login Page/Internal User/Login Button' is clicked on

2018-12-10 15:53:43 - [MESSAGE][PASSED] - Object: 'Object Repository/Final Object Repo/Login Page/Internal User/Login Button' is clicked on

2018-12-10 15:53:43 - [TEST_STEP][PASSED] - Statement - tester = com.kms.katalon.core.testobject.ObjectRepository.findTestObject(Final Object Repo/Landing Page/Select to English): Finding Test Object with id 'Object Repository/Final Object Repo/Landing Page/Select to English'

2018-12-10 15:53:43 - [TEST_STEP][PASSED] - Statement - Try: Delayed 2 second(s)

2018-12-10 15:53:43 - [TEST_STEP][PASSED] - Statement - Checker = com.kms.katalon.core.webui.keyword.WebUiBuiltInKeywords.verifyElementNotPresent(tester, 3): Web element with id: 'Object Repository/Final Object Repo/Landing Page/Select to English' located by 'By.xpath: //a[@class = 'taglib-language-list-text' and @lang = 'en-US' and (contains(text(), 'EN') or contains(., 'EN'))]' is not present after '3' second(s)

2018-12-10 15:53:45 - [MESSAGE][PASSED] - Web element with id: 'Object Repository/Final Object Repo/Landing Page/Select to English' located by 'By.xpath: //a[@class = 'taglib-language-list-text' and @lang = 'en-US' and (contains(text(), 'EN') or contains(., 'EN'))]' is not present after '3' second(s)

2018-12-10 15:53:45 - [TEST_STEP][PASSED] - Statement - If (Checker == false): null

2018-12-10 15:53:45 - [TEST_STEP][PASSED] - delay: Delayed 2 second(s)

2018-12-10 15:53:47 - [MESSAGE][PASSED] - Delayed 2 second(s)

2018-12-10 15:53:47 - [TEST_STEP][PASSED] - delay: Delayed 5 second(s)

2018-12-10 15:53:52 - [MESSAGE][PASSED] - Delayed 5 second(s)

2018-12-10 15:53:52 - [TEST_STEP][PASSED] - navigateToUrl: Navigate to 'https://assist2-uat.perkeso.gov.my/web/registration/update/update-employer-information' successfully

2018-12-10 15:53:53 - [MESSAGE][PASSED] - Navigate to 'https://assist2-uat.perkeso.gov.my/web/registration/update/update-employer-information' successfully

2018-12-10 15:53:53 - [TEST_STEP][PASSED] - setText: Text 'E1102001065V ' is set on object 'Object Repository/Final Object Repo/Page_Update Employer Information/Employer Code'

2018-12-10 15:53:53 - [MESSAGE][PASSED] - Text 'E1102001065V ' is set on object 'Object Repository/Final Object Repo/Page_Update Employer Information/Employer Code'

2018-12-10 15:53:53 - [TEST_STEP][PASSED] - click: Object: 'Object Repository/Final Object Repo/Page_Update Employer Information/Search Button' is clicked on

2018-12-10 15:53:53 - [MESSAGE][PASSED] - Object: 'Object Repository/Final Object Repo/Page_Update Employer Information/Search Button' is clicked on

2018-12-10 15:53:53 - [TEST_STEP][PASSED] - click: Object: 'Object Repository/Final Object Repo/Page_Update Employer Information/Edit Button' is clicked on

2018-12-10 15:53:57 - [MESSAGE][PASSED] - Object: 'Object Repository/Final Object Repo/Page_Update Employer Information/Edit Button' is clicked on

2018-12-10 15:53:57 - [TEST_STEP][PASSED] - click: Object: 'Object Repository/Final Object Repo/Page_Update Employer Information/Business Entity' is clicked on

2018-12-10 15:53:58 - [MESSAGE][PASSED] - Object: 'Object Repository/Final Object Repo/Page_Update Employer Information/Business Entity' is clicked on

2018-12-10 15:53:58 - [TEST_STEP][PASSED] - Statement - CurrentBusinessEntity = "": null

2018-12-10 15:53:58 - [TEST_STEP][PASSED] - Statement - CurrentBusinessEntity = com.kms.katalon.core.webui.keyword.WebUiBuiltInKeywords.getText(com.kms.katalon.core.testobject.ObjectRepository.findTestObject(Final Object Repo/Page_Update Employer Information/Current Business Entity)): Text of object 'Object Repository/Final Object Repo/Page_Update Employer Information/Current Business Entity' is: 'Partnership'

2018-12-10 15:53:58 - [MESSAGE][PASSED] - Text of object 'Object Repository/Final Object Repo/Page_Update Employer Information/Current Business Entity' is: 'Partnership'

2018-12-10 15:53:58 - [TEST_STEP][PASSED] - Statement - out.println(CurrentBusinessEntity): null

2018-12-10 15:53:58 - [TEST_STEP][PASSED] - Statement - If (CurrentBusinessEntity == "Corporation"): null

2018-12-10 15:53:58 - [TEST_STEP][PASSED] - Statement - Else If (CurrentBusinessEntity == "Partnership"): Delayed 3 second(s)

2018-12-10 15:53:58 - [TEST_STEP][PASSED] - Statement - obj = com.kms.katalon.core.webui.keyword.WebUiBuiltInKeywords.modifyObjectProperty(com.kms.katalon.core.testobject.ObjectRepository.findTestObject(Final Object Repo/Page_Update Employer Information/change to this Business Entity), "xpath", "equals", "//ul/li/span[contains(text(),"Sole Proprietor / Individual Business")]", true, STOP_ON_FAILURE): Modify property of object successfully

2018-12-10 15:53:58 - [MESSAGE][PASSED] - Modify property of object successfully

2018-12-10 15:53:58 - [TEST_STEP][PASSED] - click: Object: 'Object Repository/Final Object Repo/Page_Update Employer Information/change to this Business Entity' is clicked on

2018-12-10 15:53:58 - [MESSAGE][PASSED] - Object: 'Object Repository/Final Object Repo/Page_Update Employer Information/change to this Business Entity' is clicked on

2018-12-10 15:53:58 - [TEST_STEP][PASSED] - delay: Delayed 1 second(s)

2018-12-10 15:53:59 - [MESSAGE][PASSED] - Delayed 1 second(s)

2018-12-10 15:53:59 - [TEST_STEP][PASSED] - click: Object: 'Object Repository/Final Object Repo/Page_Update Employer Information/Sub Business Entity' is clicked on

2018-12-10 15:53:59 - [MESSAGE][PASSED] - Object: 'Object Repository/Final Object Repo/Page_Update Employer Information/Sub Business Entity' is clicked on

2018-12-10 15:53:59 - [TEST_STEP][PASSED] - click: Object: 'Object Repository/Final Object Repo/Page_Update Employer Information/Sub Business Entity - Sole Properietor - Registered with other Agencies' is clicked on

2018-12-10 15:53:59 - [MESSAGE][PASSED] - Object: 'Object Repository/Final Object Repo/Page_Update Employer Information/Sub Business Entity - Sole Properietor - Registered with other Agencies' is clicked on

2018-12-10 15:53:59 - [TEST_STEP][PASSED] - delay: Delayed 3 second(s)

2018-12-10 15:54:02 - [MESSAGE][PASSED] - Delayed 3 second(s)

2018-12-10 15:54:02 - [TEST_STEP][PASSED] - delay: Delayed 4 second(s)

2018-12-10 15:54:06 - [MESSAGE][PASSED] - Delayed 4 second(s)

2018-12-10 15:54:06 - [TEST_STEP][PASSED] - click: Object: 'Object Repository/Final Object Repo/Page_Update Employer Information/Save  Continue' is clicked on

2018-12-10 15:54:07 - [MESSAGE][PASSED] - Object: 'Object Repository/Final Object Repo/Page_Update Employer Information/Save  Continue' is clicked on

2018-12-10 15:54:07 - [TEST_STEP][PASSED] - delay: Delayed 4 second(s)

2018-12-10 15:54:11 - [MESSAGE][PASSED] - Delayed 4 second(s)

2018-12-10 15:54:11 - [TEST_STEP][PASSED] - click: Object: 'Object Repository/Final Object Repo/Page_Update Employer Information/Save  Continue (1)' is clicked on

2018-12-10 15:54:11 - [MESSAGE][PASSED] - Object: 'Object Repository/Final Object Repo/Page_Update Employer Information/Save  Continue (1)' is clicked on

2018-12-10 15:54:11 - [TEST_STEP][PASSED] - delay: Delayed 4 second(s)

2018-12-10 15:54:15 - [MESSAGE][PASSED] - Delayed 4 second(s)

2018-12-10 15:54:15 - [TEST_STEP][PASSED] - Statement - CaseReferenceNo = com.kms.katalon.core.webui.keyword.WebUiBuiltInKeywords.getText(com.kms.katalon.core.testobject.ObjectRepository.findTestObject(Final Object Repo/Page_Update Employer Information/Reference Number in Update Employee Information Page)): Text of object 'Object Repository/Final Object Repo/Page_Update Employer Information/Reference Number in Update Employee Information Page' is: 'CUN122018C100005953'

2018-12-10 15:54:15 - [MESSAGE][PASSED] - Text of object 'Object Repository/Final Object Repo/Page_Update Employer Information/Reference Number in Update Employee Information Page' is: 'CUN122018C100005953'

2018-12-10 15:54:15 - [TEST_STEP][PASSED] - callTestCase: Call Test Case 'Test Cases/Final Aug 2018 - PKS Automation/Common/Reference Number Setter' successfully

2018-12-10 15:54:15 - [TEST_CASE][PASSED] - Test Cases/Final Aug 2018 - PKS Automation/Common/Reference Number Setter: Test Cases/Final Aug 2018 - PKS Automation/Common/Reference Number Setter

2018-12-10 15:54:15 - [TEST_STEP][PASSED] - Statement - RefNoOldFile = new java.io.File(C://Users//Admin//Desktop//PKS//Automation Reference Point//KatalonReference.txt): null

2018-12-10 15:54:15 - [TEST_STEP][PASSED] - Statement - RefNoOldFile.delete(): null

2018-12-10 15:54:15 - [TEST_STEP][PASSED] - delay: Delayed 5 second(s)

2018-12-10 15:54:20 - [MESSAGE][PASSED] - Delayed 5 second(s)

2018-12-10 15:54:20 - [TEST_STEP][PASSED] - Statement - RefNo = new java.io.File(C://Users//Admin//Desktop//PKS//Automation Reference Point//KatalonReference.txt): null

2018-12-10 15:54:20 - [TEST_STEP][PASSED] - Statement - f2 = new java.io.FileWriter(RefNo, false): null

2018-12-10 15:54:20 - [TEST_STEP][PASSED] - Statement - f2.write(CaseReferenceNo): null

2018-12-10 15:54:20 - [TEST_STEP][PASSED] - Statement - f2.close(): null

2018-12-10 15:54:20 - [TEST_STEP][PASSED] - Statement - out.println("


" + CaseReferenceNo + "


"): null

2018-12-10 15:54:20 - [MESSAGE][PASSED] - Call Test Case 'Test Cases/Final Aug 2018 - PKS Automation/Common/Reference Number Setter' successfully

2018-12-10 15:54:20 - [TEST_STEP][PASSED] - delay: Delayed 4 second(s)

2018-12-10 15:54:24 - [MESSAGE][PASSED] - Delayed 4 second(s)

2018-12-10 15:54:24 - [TEST_STEP][PASSED] - click: Object: 'Object Repository/Final Object Repo/Page_Update Employer Information/Submit - Copy' is clicked on

2018-12-10 15:54:24 - [MESSAGE][PASSED] - Object: 'Object Repository/Final Object Repo/Page_Update Employer Information/Submit - Copy' is clicked on

2018-12-10 15:54:24 - [TEST_STEP][PASSED] - delay: Delayed 2 second(s)

2018-12-10 15:54:26 - [MESSAGE][PASSED] - Delayed 2 second(s)

2018-12-10 15:54:26 - [TEST_STEP][PASSED] - click: Object: 'Object Repository/Final Object Repo/Page_Update Employer Information/Confirm' is clicked on

2018-12-10 15:54:26 - [MESSAGE][PASSED] - Object: 'Object Repository/Final Object Repo/Page_Update Employer Information/Confirm' is clicked on

2018-12-10 15:54:26 - [TEST_STEP][PASSED] - delay: Delayed 2 second(s)

2018-12-10 15:54:28 - [MESSAGE][PASSED] - Delayed 2 second(s)

2018-12-10 15:54:28 - [TEST_STEP][PASSED] - click: Object: 'Object Repository/Final Object Repo/Page_Update Employer Information/Message Your Request will be route' is clicked on

2018-12-10 15:54:30 - [MESSAGE][PASSED] - Object: 'Object Repository/Final Object Repo/Page_Update Employer Information/Message Your Request will be route' is clicked on

2018-12-10 15:54:30 - [MESSAGE][PASSED] - Call Test Case 'Test Cases/Final Aug 2018 - PKS Automation/Registration Module/Workflow/Update Employer Information/Template/Update Employer Information - Special Case (OTC)' successfully

2018-12-10 15:54:30 - [TEST_STEP][PASSED] - callTestCase: Call Test Case 'Test Cases/Final Aug 2018 - PKS Automation/Registration Module/Workflow/Update Employer Information/Template/Update Employer Information - Special Case - UO (Query)' successfully

2018-12-10 15:54:30 - [TEST_CASE][PASSED] - Test Cases/Final Aug 2018 - PKS Automation/Registration Module/Workflow/Update Employer Information/Template/Update Employer Information - Special Case - UO (Query): Test Cases/Final Aug 2018 - PKS Automation/Registration Module/Workflow/Update Employer Information/Template/Update Employer Information - Special Case - UO (Query)

2018-12-10 15:54:30 - [TEST_STEP][NOT_RUN] - callTestCase: NOT_RUN: callTestCase

2018-12-10 15:54:30 - [MESSAGE][NOT_RUN] - NOT_RUN: callTestCase

2018-12-10 15:54:30 - [TEST_STEP][PASSED] - delay: Delayed 1 second(s)

2018-12-10 15:54:31 - [MESSAGE][PASSED] - Delayed 1 second(s)

2018-12-10 15:54:31 - [TEST_STEP][PASSED] - navigateToUrl: Navigate to 'https://assist2-uat.perkeso.gov.my/c/portal/logout' successfully

2018-12-10 15:54:32 - [MESSAGE][PASSED] - Navigate to 'https://assist2-uat.perkeso.gov.my/c/portal/logout' successfully

2018-12-10 15:54:32 - [TEST_STEP][PASSED] - delay: Delayed 1 second(s)

2018-12-10 15:54:33 - [MESSAGE][PASSED] - Delayed 1 second(s)

2018-12-10 15:54:33 - [TEST_STEP][PASSED] - callTestCase: Call Test Case 'Test Cases/Final Aug 2018 - PKS Automation/Common/Reference Number Getter' successfully

2018-12-10 15:54:33 - [TEST_CASE][PASSED] - Test Cases/Final Aug 2018 - PKS Automation/Common/Reference Number Getter: Test Cases/Final Aug 2018 - PKS Automation/Common/Reference Number Getter

2018-12-10 15:54:33 - [TEST_STEP][PASSED] - Statement - Try: null

2018-12-10 15:54:33 - [TEST_STEP][PASSED] - Statement - RefNo = new java.io.File(C://Users//Admin//Desktop//PKS//Automation Reference Point//KatalonReference.txt): null

2018-12-10 15:54:33 - [TEST_STEP][PASSED] - Statement - bufferread = new java.io.BufferedReader(new java.io.FileReader(RefNo)): null

2018-12-10 15:54:33 - [TEST_STEP][PASSED] - Statement - readedVal = bufferread.readLine(): null

2018-12-10 15:54:33 - [TEST_STEP][PASSED] - Statement - out.println(CaseReferenceNo): null

2018-12-10 15:54:33 - [TEST_STEP][PASSED] - Statement - out.println(readedVal): null

2018-12-10 15:54:33 - [TEST_STEP][PASSED] - Statement - CaseReferenceNo = "": null

2018-12-10 15:54:33 - [TEST_STEP][PASSED] - Statement - CaseReferenceNo = readedVal: null

2018-12-10 15:54:33 - [MESSAGE][PASSED] - Call Test Case 'Test Cases/Final Aug 2018 - PKS Automation/Common/Reference Number Getter' successfully

2018-12-10 15:54:33 - [TEST_STEP][PASSED] - callTestCase: Call Test Case 'Test Cases/Final Aug 2018 - PKS Automation/Common/Workflow Owner Finder' successfully

2018-12-10 15:54:33 - [TEST_CASE][PASSED] - Test Cases/Final Aug 2018 - PKS Automation/Common/Workflow Owner Finder: Test Cases/Final Aug 2018 - PKS Automation/Common/Workflow Owner Finder

2018-12-10 15:54:33 - [TEST_STEP][PASSED] - openBrowser: Browser is opened with url: ''

2018-12-10 15:54:33 - [MESSAGE][WARNING] - A browser is already opened. Closing browser and opening a new one

2018-12-10 15:54:36 - [MESSAGE][PASSED] - Browser is opened with url: ''

2018-12-10 15:54:36 - [TEST_STEP][PASSED] - navigateToUrl: Navigate to 'https://assist2-uat.perkeso.gov.my/login' successfully

2018-12-10 15:54:37 - [MESSAGE][PASSED] - Navigate to 'https://assist2-uat.perkeso.gov.my/login' successfully

2018-12-10 15:54:37 - [TEST_STEP][PASSED] - delay: Delayed 5 second(s)

2018-12-10 15:54:42 - [MESSAGE][PASSED] - Delayed 5 second(s)

2018-12-10 15:54:42 - [TEST_STEP][PASSED] - setText: Text 'test@liferay.com' is set on object 'Object Repository/Final Object Repo/Login Page/Internal User/Email Address'

2018-12-10 15:54:43 - [MESSAGE][PASSED] - Text 'test@liferay.com' is set on object 'Object Repository/Final Object Repo/Login Page/Internal User/Email Address'

2018-12-10 15:54:43 - [TEST_STEP][PASSED] - click: Object: 'Object Repository/Final Object Repo/Login Page/Internal User/Next Button' is clicked on

2018-12-10 15:54:43 - [MESSAGE][PASSED] - Object: 'Object Repository/Final Object Repo/Login Page/Internal User/Next Button' is clicked on

2018-12-10 15:54:43 - [TEST_STEP][PASSED] - delay: Delayed 2 second(s)

2018-12-10 15:54:45 - [MESSAGE][PASSED] - Delayed 2 second(s)

2018-12-10 15:54:45 - [TEST_STEP][PASSED] - setText: Text 'test' is set on object 'Object Repository/Final Object Repo/Login Page/Internal User/Password'

2018-12-10 15:54:45 - [MESSAGE][PASSED] - Text 'test' is set on object 'Object Repository/Final Object Repo/Login Page/Internal User/Password'

2018-12-10 15:54:45 - [TEST_STEP][PASSED] - delay: Delayed 2 second(s)

2018-12-10 15:54:47 - [MESSAGE][PASSED] - Delayed 2 second(s)

2018-12-10 15:54:47 - [TEST_STEP][PASSED] - click: Object: 'Object Repository/Final Object Repo/Login Page/Internal User/Login Button' is clicked on

2018-12-10 15:54:47 - [MESSAGE][PASSED] - Object: 'Object Repository/Final Object Repo/Login Page/Internal User/Login Button' is clicked on

2018-12-10 15:54:47 - [TEST_STEP][PASSED] - Statement - tester = com.kms.katalon.core.testobject.ObjectRepository.findTestObject(Final Object Repo/Landing Page/Select to English): Finding Test Object with id 'Object Repository/Final Object Repo/Landing Page/Select to English'

2018-12-10 15:54:47 - [TEST_STEP][PASSED] - Statement - Try: Delayed 2 second(s)

2018-12-10 15:54:47 - [TEST_STEP][PASSED] - Statement - Checker = com.kms.katalon.core.webui.keyword.WebUiBuiltInKeywords.verifyElementNotPresent(tester, 3): Web element with id: 'Object Repository/Final Object Repo/Landing Page/Select to English' located by 'By.xpath: //a[@class = 'taglib-language-list-text' and @lang = 'en-US' and (contains(text(), 'EN') or contains(., 'EN'))]' is not present after '3' second(s)

2018-12-10 15:54:49 - [MESSAGE][PASSED] - Web element with id: 'Object Repository/Final Object Repo/Landing Page/Select to English' located by 'By.xpath: //a[@class = 'taglib-language-list-text' and @lang = 'en-US' and (contains(text(), 'EN') or contains(., 'EN'))]' is not present after '3' second(s)

2018-12-10 15:54:49 - [TEST_STEP][PASSED] - Statement - If (Checker == false): null

2018-12-10 15:54:49 - [TEST_STEP][PASSED] - delay: Delayed 2 second(s)

2018-12-10 15:54:51 - [MESSAGE][PASSED] - Delayed 2 second(s)

2018-12-10 15:54:51 - [TEST_STEP][PASSED] - delay: Delayed 5 second(s)

2018-12-10 15:54:56 - [MESSAGE][PASSED] - Delayed 5 second(s)

2018-12-10 15:54:56 - [TEST_STEP][PASSED] - mouseOver: Object: 'Object Repository/Final Object Repo/Landing Page/WorkFlow Menu' is hovered

2018-12-10 15:54:57 - [MESSAGE][PASSED] - Object: 'Object Repository/Final Object Repo/Landing Page/WorkFlow Menu' is hovered

2018-12-10 15:54:57 - [TEST_STEP][PASSED] - delay: Delayed 2 second(s)

2018-12-10 15:54:59 - [MESSAGE][PASSED] - Delayed 2 second(s)

2018-12-10 15:54:59 - [TEST_STEP][PASSED] - click: Object: 'Object Repository/Final Object Repo/Landing Page/Select to Workflow Listing' is clicked on

2018-12-10 15:55:00 - [MESSAGE][PASSED] - Object: 'Object Repository/Final Object Repo/Landing Page/Select to Workflow Listing' is clicked on

2018-12-10 15:55:00 - [TEST_STEP][PASSED] - delay: Delayed 2 second(s)

2018-12-10 15:55:02 - [MESSAGE][PASSED] - Delayed 2 second(s)

2018-12-10 15:55:02 - [TEST_STEP][PASSED] - click: Object: 'Object Repository/Final Object Repo/WorkFlow Listing Page/Search Information - To Put Ref No' is clicked on

2018-12-10 15:55:02 - [MESSAGE][PASSED] - Object: 'Object Repository/Final Object Repo/WorkFlow Listing Page/Search Information - To Put Ref No' is clicked on

2018-12-10 15:55:02 - [TEST_STEP][PASSED] - delay: Delayed 2 second(s)

2018-12-10 15:55:04 - [MESSAGE][PASSED] - Delayed 2 second(s)

2018-12-10 15:55:04 - [TEST_STEP][PASSED] - callTestCase: Call Test Case 'Test Cases/Final Aug 2018 - PKS Automation/Common/Reference Number Getter' successfully

2018-12-10 15:55:04 - [TEST_CASE][PASSED] - Test Cases/Final Aug 2018 - PKS Automation/Common/Reference Number Getter: Test Cases/Final Aug 2018 - PKS Automation/Common/Reference Number Getter

2018-12-10 15:55:04 - [TEST_STEP][PASSED] - Statement - Try: null

2018-12-10 15:55:04 - [TEST_STEP][PASSED] - Statement - RefNo = new java.io.File(C://Users//Admin//Desktop//PKS//Automation Reference Point//KatalonReference.txt): null

2018-12-10 15:55:04 - [TEST_STEP][PASSED] - Statement - bufferread = new java.io.BufferedReader(new java.io.FileReader(RefNo)): null

2018-12-10 15:55:04 - [TEST_STEP][PASSED] - Statement - readedVal = bufferread.readLine(): null

2018-12-10 15:55:04 - [TEST_STEP][PASSED] - Statement - out.println(CaseReferenceNo): null

2018-12-10 15:55:04 - [TEST_STEP][PASSED] - Statement - out.println(readedVal): null

2018-12-10 15:55:04 - [TEST_STEP][PASSED] - Statement - CaseReferenceNo = "": null

2018-12-10 15:55:04 - [TEST_STEP][PASSED] - Statement - CaseReferenceNo = readedVal: null

2018-12-10 15:55:04 - [MESSAGE][PASSED] - Call Test Case 'Test Cases/Final Aug 2018 - PKS Automation/Common/Reference Number Getter' successfully

2018-12-10 15:55:04 - [TEST_STEP][PASSED] - setText: Text 'CUN122018C100005953' is set on object 'Object Repository/Final Object Repo/WorkFlow Listing Page/Ref No Set Text'

2018-12-10 15:55:05 - [MESSAGE][PASSED] - Text 'CUN122018C100005953' is set on object 'Object Repository/Final Object Repo/WorkFlow Listing Page/Ref No Set Text'

2018-12-10 15:55:05 - [TEST_STEP][PASSED] - delay: Delayed 2 second(s)

2018-12-10 15:55:07 - [MESSAGE][PASSED] - Delayed 2 second(s)

2018-12-10 15:55:07 - [TEST_STEP][PASSED] - click: Object: 'Object Repository/Final Object Repo/WorkFlow Listing Page/Search Ref No Search Button' is clicked on

2018-12-10 15:55:07 - [MESSAGE][PASSED] - Object: 'Object Repository/Final Object Repo/WorkFlow Listing Page/Search Ref No Search Button' is clicked on

2018-12-10 15:55:07 - [TEST_STEP][PASSED] - delay: Delayed 6 second(s)

2018-12-10 15:55:13 - [MESSAGE][PASSED] - Delayed 6 second(s)

2018-12-10 15:55:13 - [TEST_STEP][PASSED] - click: Object: 'Object Repository/Final Object Repo/WorkFlow Listing Page/Click Continue Tooltip' is clicked on

2018-12-10 15:55:14 - [MESSAGE][PASSED] - Object: 'Object Repository/Final Object Repo/WorkFlow Listing Page/Click Continue Tooltip' is clicked on

2018-12-10 15:55:14 - [TEST_STEP][PASSED] - delay: Delayed 5 second(s)

2018-12-10 15:55:19 - [MESSAGE][PASSED] - Delayed 5 second(s)

2018-12-10 15:55:19 - [TEST_STEP][PASSED] - doubleClick: Object: 'Object Repository/Final Object Repo/WorkFlow Listing Page/Workflow Found - Listing 1' is double clicked on

2018-12-10 15:55:19 - [MESSAGE][PASSED] - Object: 'Object Repository/Final Object Repo/WorkFlow Listing Page/Workflow Found - Listing 1' is double clicked on

2018-12-10 15:55:19 - [TEST_STEP][PASSED] - Statement - println(OwnerID): null

2018-12-10 15:55:19 - [TEST_STEP][PASSED] - Statement - OwnerID = com.kms.katalon.core.webui.keyword.WebUiBuiltInKeywords.getText(com.kms.katalon.core.testobject.ObjectRepository.findTestObject(Final Object Repo/WorkFlow Listing Page/Workflow Found - Listing 1), STOP_ON_FAILURE): Text of object 'Object Repository/Final Object Repo/WorkFlow Listing Page/Workflow Found - Listing 1' is: 'JOHORuo1'

2018-12-10 15:55:19 - [MESSAGE][PASSED] - Text of object 'Object Repository/Final Object Repo/WorkFlow Listing Page/Workflow Found - Listing 1' is: 'JOHORuo1'

2018-12-10 15:55:19 - [TEST_STEP][PASSED] - Statement - OwnerID = OwnerID.toLowerCase() + "@gmail.com": null

2018-12-10 15:55:19 - [TEST_STEP][PASSED] - Statement - println(OwnerID): null

2018-12-10 15:55:19 - [TEST_STEP][PASSED] - delay: Delayed 2 second(s)

2018-12-10 15:55:21 - [MESSAGE][PASSED] - Delayed 2 second(s)

2018-12-10 15:55:21 - [MESSAGE][PASSED] - Call Test Case 'Test Cases/Final Aug 2018 - PKS Automation/Common/Workflow Owner Finder' successfully

2018-12-10 15:55:21 - [TEST_STEP][PASSED] - delay: Delayed 1 second(s)

2018-12-10 15:55:22 - [MESSAGE][PASSED] - Delayed 1 second(s)

2018-12-10 15:55:22 - [TEST_STEP][PASSED] - navigateToUrl: Navigate to 'https://assist2-uat.perkeso.gov.my/c/portal/logout' successfully

2018-12-10 15:55:23 - [MESSAGE][PASSED] - Navigate to 'https://assist2-uat.perkeso.gov.my/c/portal/logout' successfully

2018-12-10 15:55:23 - [TEST_STEP][PASSED] - delay: Delayed 1 second(s)

2018-12-10 15:55:24 - [MESSAGE][PASSED] - Delayed 1 second(s)

2018-12-10 15:55:24 - [TEST_STEP][PASSED] - callTestCase: Call Test Case 'Test Cases/Final Aug 2018 - PKS Automation/Registration Module/Workflow/Login and Search Case For Workflow' successfully

2018-12-10 15:55:24 - [TEST_CASE][PASSED] - Test Cases/Final Aug 2018 - PKS Automation/Registration Module/Workflow/Login and Search Case For Workflow: Test Cases/Final Aug 2018 - PKS Automation/Registration Module/Workflow/Login and Search Case For Workflow

2018-12-10 15:55:24 - [TEST_STEP][PASSED] - navigateToUrl: Navigate to 'https://assist2-uat.perkeso.gov.my/login' successfully

2018-12-10 15:55:25 - [MESSAGE][PASSED] - Navigate to 'https://assist2-uat.perkeso.gov.my/login' successfully

2018-12-10 15:55:25 - [TEST_STEP][PASSED] - setText: Text 'johoruo1@gmail.com' is set on object 'Object Repository/Final Object Repo/Login Page/Internal User/Email Address'

2018-12-10 15:55:25 - [MESSAGE][PASSED] - Text 'johoruo1@gmail.com' is set on object 'Object Repository/Final Object Repo/Login Page/Internal User/Email Address'

2018-12-10 15:55:25 - [TEST_STEP][PASSED] - click: Object: 'Object Repository/Final Object Repo/Login Page/Internal User/Next Button' is clicked on

2018-12-10 15:55:25 - [MESSAGE][PASSED] - Object: 'Object Repository/Final Object Repo/Login Page/Internal User/Next Button' is clicked on

2018-12-10 15:55:25 - [TEST_STEP][PASSED] - delay: Delayed 1 second(s)

2018-12-10 15:55:26 - [MESSAGE][PASSED] - Delayed 1 second(s)

2018-12-10 15:55:26 - [TEST_STEP][PASSED] - setEncryptedText: Text ****** has been set on object 'Object Repository/Final Object Repo/Login Page/Internal User/Password'

2018-12-10 15:55:26 - [MESSAGE][PASSED] - Text ****** has been set on object 'Object Repository/Final Object Repo/Login Page/Internal User/Password'

2018-12-10 15:55:26 - [TEST_STEP][PASSED] - click: Object: 'Object Repository/Final Object Repo/Login Page/Internal User/Login Button' is clicked on

2018-12-10 15:55:26 - [MESSAGE][PASSED] - Object: 'Object Repository/Final Object Repo/Login Page/Internal User/Login Button' is clicked on

2018-12-10 15:55:26 - [TEST_STEP][PASSED] - delay: Delayed 2 second(s)

2018-12-10 15:55:28 - [MESSAGE][PASSED] - Delayed 2 second(s)

2018-12-10 15:55:28 - [TEST_STEP][PASSED] - Statement - Try: Delayed 2 second(s)

2018-12-10 15:55:28 - [TEST_STEP][PASSED] - Statement - Checker = false: null

2018-12-10 15:55:28 - [TEST_STEP][PASSED] - Statement - Checker = com.kms.katalon.core.webui.keyword.WebUiBuiltInKeywords.verifyElementHasAttribute(com.kms.katalon.core.testobject.ObjectRepository.findTestObject(Final Object Repo/Landing Page/BM Detecting), "href", 20, OPTIONAL): Object 'Object Repository/Final Object Repo/Landing Page/BM Detecting' has attribute 'href'

2018-12-10 15:55:29 - [MESSAGE][PASSED] - Object 'Object Repository/Final Object Repo/Landing Page/BM Detecting' has attribute 'href'

2018-12-10 15:55:29 - [TEST_STEP][PASSED] - Statement - out.println(Checker): null

2018-12-10 15:55:29 - [TEST_STEP][PASSED] - Statement - If (Checker == false): null

2018-12-10 15:55:29 - [TEST_STEP][PASSED] - Statement - Else: null

2018-12-10 15:55:29 - [TEST_STEP][PASSED] - delay: Delayed 2 second(s)

2018-12-10 15:55:31 - [MESSAGE][PASSED] - Delayed 2 second(s)

2018-12-10 15:55:31 - [TEST_STEP][PASSED] - click: Object: 'Object Repository/Final Object Repo/Page_MyASSIST - ASSIST - Search Pending Case For Add Supporting Document/Search Information' is clicked on

2018-12-10 15:55:31 - [MESSAGE][PASSED] - Object: 'Object Repository/Final Object Repo/Page_MyASSIST - ASSIST - Search Pending Case For Add Supporting Document/Search Information' is clicked on

2018-12-10 15:55:31 - [TEST_STEP][PASSED] - delay: Delayed 3 second(s)

2018-12-10 15:55:34 - [MESSAGE][PASSED] - Delayed 3 second(s)

2018-12-10 15:55:34 - [TEST_STEP][PASSED] - sendKeys: Keys 'CUN122018C100005953' sent to object: 'Object Repository/Final Object Repo/Page_MyASSIST - ASSIST - Search Pending Case For Add Supporting Document/Reference No'

2018-12-10 15:55:34 - [MESSAGE][PASSED] - Keys 'CUN122018C100005953' sent to object: 'Object Repository/Final Object Repo/Page_MyASSIST - ASSIST - Search Pending Case For Add Supporting Document/Reference No'

2018-12-10 15:55:34 - [TEST_STEP][PASSED] - click: Object: 'Object Repository/Final Object Repo/Page_MyASSIST - ASSIST - Search Pending Case For Add Supporting Document/Search Reference No' is clicked on

2018-12-10 15:55:34 - [MESSAGE][PASSED] - Object: 'Object Repository/Final Object Repo/Page_MyASSIST - ASSIST - Search Pending Case For Add Supporting Document/Search Reference No' is clicked on

2018-12-10 15:55:34 - [TEST_STEP][PASSED] - delay: Delayed 2 second(s)

2018-12-10 15:55:36 - [MESSAGE][PASSED] - Delayed 2 second(s)

2018-12-10 15:55:36 - [TEST_STEP][PASSED] - click: Object: 'Object Repository/Final Object Repo/Page_MyASSIST - ASSIST - Search Pending Case For Add Supporting Document/Continue' is clicked on

2018-12-10 15:55:40 - [MESSAGE][PASSED] - Object: 'Object Repository/Final Object Repo/Page_MyASSIST - ASSIST - Search Pending Case For Add Supporting Document/Continue' is clicked on

2018-12-10 15:55:40 - [TEST_STEP][PASSED] - delay: Delayed 20 second(s)

2018-12-10 15:56:00 - [MESSAGE][PASSED] - Delayed 20 second(s)

2018-12-10 15:56:00 - [MESSAGE][PASSED] - Call Test Case 'Test Cases/Final Aug 2018 - PKS Automation/Registration Module/Workflow/Login and Search Case For Workflow' successfully

2018-12-10 15:56:00 - [TEST_STEP][PASSED] - delay: Delayed 2 second(s)

2018-12-10 15:56:02 - [MESSAGE][PASSED] - Delayed 2 second(s)

2018-12-10 15:56:02 - [TEST_STEP][PASSED] - click: Object: 'Object Repository/Final Object Repo/Page_Update Employer Information/Page_Update Employer Information UO (Approve)/Continue' is clicked on

2018-12-10 15:56:06 - [MESSAGE][PASSED] - Object: 'Object Repository/Final Object Repo/Page_Update Employer Information/Page_Update Employer Information UO (Approve)/Continue' is clicked on

2018-12-10 15:56:06 - [TEST_STEP][PASSED] - delay: Delayed 2 second(s)

2018-12-10 15:56:08 - [MESSAGE][PASSED] - Delayed 2 second(s)

2018-12-10 15:56:08 - [TEST_STEP][PASSED] - click: Object: 'Object Repository/Final Object Repo/Page_Update Employer Information/Page_Update Employer Information UO (Approve)/Save  Continue in Update Employer Information Page' is clicked on

2018-12-10 15:56:08 - [MESSAGE][PASSED] - Object: 'Object Repository/Final Object Repo/Page_Update Employer Information/Page_Update Employer Information UO (Approve)/Save  Continue in Update Employer Information Page' is clicked on

2018-12-10 15:56:08 - [TEST_STEP][PASSED] - delay: Delayed 2 second(s)

2018-12-10 15:56:10 - [MESSAGE][PASSED] - Delayed 2 second(s)

2018-12-10 15:56:10 - [TEST_STEP][PASSED] - setText: Text 'Query' is set on object 'Object Repository/Final Object Repo/Page_Update Employer Information/Page_Update Employer Information UO (Query)/Query - Remark'

2018-12-10 15:56:13 - [MESSAGE][PASSED] - Text 'Query' is set on object 'Object Repository/Final Object Repo/Page_Update Employer Information/Page_Update Employer Information UO (Query)/Query - Remark'

2018-12-10 15:56:13 - [TEST_STEP][PASSED] - delay: Delayed 2 second(s)

2018-12-10 15:56:15 - [MESSAGE][PASSED] - Delayed 2 second(s)

2018-12-10 15:56:15 - [TEST_STEP][PASSED] - click: Object: 'Object Repository/Final Object Repo/Page_Update Employer Information/Page_Update Employer Information UO (Approve)/Save  Continue in Uploading Supporting Document Page' is clicked on

2018-12-10 15:56:15 - [MESSAGE][PASSED] - Object: 'Object Repository/Final Object Repo/Page_Update Employer Information/Page_Update Employer Information UO (Approve)/Save  Continue in Uploading Supporting Document Page' is clicked on

2018-12-10 15:56:15 - [TEST_STEP][PASSED] - delay: Delayed 2 second(s)

2018-12-10 15:56:17 - [MESSAGE][PASSED] - Delayed 2 second(s)

2018-12-10 15:56:17 - [TEST_STEP][PASSED] - click: Object: 'Object Repository/Final Object Repo/Page_Update Employer Information/Page_Update Employer Information UO (Query)/Query' is clicked on

2018-12-10 15:56:18 - [MESSAGE][PASSED] - Object: 'Object Repository/Final Object Repo/Page_Update Employer Information/Page_Update Employer Information UO (Query)/Query' is clicked on

2018-12-10 15:56:18 - [TEST_STEP][PASSED] - delay: Delayed 2 second(s)

2018-12-10 15:56:20 - [MESSAGE][PASSED] - Delayed 2 second(s)

2018-12-10 15:56:20 - [TEST_STEP][PASSED] - click: Object: 'Object Repository/Final Object Repo/Page_Update Employer Information/Page_Update Employer Information UO (Query)/Confirm' is clicked on

2018-12-10 15:56:21 - [MESSAGE][PASSED] - Object: 'Object Repository/Final Object Repo/Page_Update Employer Information/Page_Update Employer Information UO (Query)/Confirm' is clicked on

2018-12-10 15:56:21 - [TEST_STEP][PASSED] - delay: Delayed 2 second(s)

2018-12-10 15:56:23 - [MESSAGE][PASSED] - Delayed 2 second(s)

2018-12-10 15:56:23 - [TEST_STEP][PASSED] - doubleClick: Object: 'Object Repository/Final Object Repo/Page_Update Employer Information/Page_Update Employer Information UO (Query)/Message The Case Is Under Query' is double clicked on

2018-12-10 15:56:27 - [MESSAGE][PASSED] - Object: 'Object Repository/Final Object Repo/Page_Update Employer Information/Page_Update Employer Information UO (Query)/Message The Case Is Under Query' is double clicked on

2018-12-10 15:56:27 - [TEST_STEP][PASSED] - delay: Delayed 2 second(s)

2018-12-10 15:56:29 - [MESSAGE][PASSED] - Delayed 2 second(s)

2018-12-10 15:56:29 - [TEST_STEP][PASSED] - click: Object: 'Object Repository/Final Object Repo/Page_Update Employer Information/Page_Update Employer Information UO (Query)/Letter of inquiry.pdf' is clicked on

2018-12-10 15:56:30 - [MESSAGE][PASSED] - Object: 'Object Repository/Final Object Repo/Page_Update Employer Information/Page_Update Employer Information UO (Query)/Letter of inquiry.pdf' is clicked on

2018-12-10 15:56:30 - [TEST_STEP][PASSED] - delay: Delayed 1 second(s)

2018-12-10 15:56:31 - [MESSAGE][PASSED] - Delayed 1 second(s)

2018-12-10 15:56:31 - [TEST_STEP][PASSED] - callTestCase: Call Test Case 'Test Cases/Final Aug 2018 - PKS Automation/Registration Module/Log Out/log out avoiding katalon tagging' successfully

2018-12-10 15:56:31 - [TEST_CASE][PASSED] - Test Cases/Final Aug 2018 - PKS Automation/Registration Module/Log Out/log out avoiding katalon tagging: Test Cases/Final Aug 2018 - PKS Automation/Registration Module/Log Out/log out avoiding katalon tagging

2018-12-10 15:56:31 - [TEST_STEP][PASSED] - navigateToUrl: Navigate to 'https://assist2-uat.perkeso.gov.my/c/portal/logout' successfully

2018-12-10 15:56:32 - [MESSAGE][PASSED] - Navigate to 'https://assist2-uat.perkeso.gov.my/c/portal/logout' successfully

2018-12-10 15:56:32 - [MESSAGE][PASSED] - Call Test Case 'Test Cases/Final Aug 2018 - PKS Automation/Registration Module/Log Out/log out avoiding katalon tagging' successfully

2018-12-10 15:56:32 - [TEST_STEP][NOT_RUN] - navigateToUrl: NOT_RUN: navigateToUrl

2018-12-10 15:56:32 - [MESSAGE][NOT_RUN] - NOT_RUN: navigateToUrl

2018-12-10 15:56:32 - [TEST_STEP][PASSED] - delay: Delayed 1 second(s)

2018-12-10 15:56:33 - [MESSAGE][PASSED] - Delayed 1 second(s)

2018-12-10 15:56:33 - [TEST_STEP][PASSED] - callTestCase: Call Test Case 'Test Cases/Final Aug 2018 - PKS Automation/Registration Module/Workflow/Search Pending Case For Add Supporting Document (OTC)' successfully

2018-12-10 15:56:33 - [TEST_CASE][PASSED] - Test Cases/Final Aug 2018 - PKS Automation/Registration Module/Workflow/Search Pending Case For Add Supporting Document (OTC): Test Cases/Final Aug 2018 - PKS Automation/Registration Module/Workflow/Search Pending Case For Add Supporting Document (OTC)

2018-12-10 15:56:33 - [TEST_STEP][PASSED] - openBrowser: Browser is opened with url: ''

2018-12-10 15:56:33 - [MESSAGE][WARNING] - A browser is already opened. Closing browser and opening a new one

2018-12-10 15:56:36 - [MESSAGE][PASSED] - Browser is opened with url: ''

2018-12-10 15:56:36 - [TEST_STEP][PASSED] - navigateToUrl: Navigate to 'https://assist2-uat.perkeso.gov.my/login' successfully

2018-12-10 15:56:37 - [MESSAGE][PASSED] - Navigate to 'https://assist2-uat.perkeso.gov.my/login' successfully

2018-12-10 15:56:37 - [TEST_STEP][PASSED] - setText: Text 'johorotc1@gmail.com' is set on object 'Object Repository/Final Object Repo/Login Page/Internal User/Email Address'

2018-12-10 15:56:37 - [MESSAGE][PASSED] - Text 'johorotc1@gmail.com' is set on object 'Object Repository/Final Object Repo/Login Page/Internal User/Email Address'

2018-12-10 15:56:37 - [TEST_STEP][PASSED] - click: Object: 'Object Repository/Final Object Repo/Login Page/Internal User/Next Button' is clicked on

2018-12-10 15:56:37 - [MESSAGE][PASSED] - Object: 'Object Repository/Final Object Repo/Login Page/Internal User/Next Button' is clicked on

2018-12-10 15:56:37 - [TEST_STEP][PASSED] - delay: Delayed 1 second(s)

2018-12-10 15:56:38 - [MESSAGE][PASSED] - Delayed 1 second(s)

2018-12-10 15:56:38 - [TEST_STEP][PASSED] - setEncryptedText: Text ****** has been set on object 'Object Repository/Final Object Repo/Login Page/Internal User/Password'

2018-12-10 15:56:39 - [MESSAGE][PASSED] - Text ****** has been set on object 'Object Repository/Final Object Repo/Login Page/Internal User/Password'

2018-12-10 15:56:39 - [TEST_STEP][PASSED] - click: Object: 'Object Repository/Final Object Repo/Login Page/Internal User/Login Button' is clicked on

2018-12-10 15:56:39 - [MESSAGE][PASSED] - Object: 'Object Repository/Final Object Repo/Login Page/Internal User/Login Button' is clicked on

2018-12-10 15:56:39 - [TEST_STEP][PASSED] - delay: Delayed 1 second(s)

2018-12-10 15:56:40 - [MESSAGE][PASSED] - Delayed 1 second(s)

2018-12-10 15:56:40 - [TEST_STEP][PASSED] - Statement - Try: Delayed 2 second(s)

2018-12-10 15:56:40 - [TEST_STEP][PASSED] - Statement - Checker = false: null

2018-12-10 15:56:40 - [TEST_STEP][PASSED] - Statement - Checker = com.kms.katalon.core.webui.keyword.WebUiBuiltInKeywords.verifyElementHasAttribute(com.kms.katalon.core.testobject.ObjectRepository.findTestObject(Final Object Repo/Landing Page/BM Detecting), "href", 20, OPTIONAL): Object 'Object Repository/Final Object Repo/Landing Page/BM Detecting' has attribute 'href'

2018-12-10 15:56:41 - [MESSAGE][PASSED] - Object 'Object Repository/Final Object Repo/Landing Page/BM Detecting' has attribute 'href'

2018-12-10 15:56:41 - [TEST_STEP][PASSED] - Statement - out.println(Checker): null

2018-12-10 15:56:41 - [TEST_STEP][PASSED] - Statement - If (Checker == false): null

2018-12-10 15:56:41 - [TEST_STEP][PASSED] - Statement - Else: null

2018-12-10 15:56:41 - [TEST_STEP][PASSED] - delay: Delayed 2 second(s)

2018-12-10 15:56:43 - [MESSAGE][PASSED] - Delayed 2 second(s)

2018-12-10 15:56:43 - [TEST_STEP][PASSED] - navigateToUrl: Navigate to 'https://assist2-uat.perkeso.gov.my/web/registration/search/search-pending-case-for-add-supporting-document' successfully

2018-12-10 15:56:43 - [MESSAGE][PASSED] - Navigate to 'https://assist2-uat.perkeso.gov.my/web/registration/search/search-pending-case-for-add-supporting-document' successfully

2018-12-10 15:56:43 - [TEST_STEP][PASSED] - click: Object: 'Object Repository/Final Object Repo/Page_Search Pending Case For Add Suporting Document/Search By' is clicked on

2018-12-10 15:56:44 - [MESSAGE][PASSED] - Object: 'Object Repository/Final Object Repo/Page_Search Pending Case For Add Suporting Document/Search By' is clicked on

2018-12-10 15:56:44 - [TEST_STEP][PASSED] - click: Object: 'Object Repository/Final Object Repo/Page_Search Pending Case For Add Suporting Document/Search By - Reference ID' is clicked on

2018-12-10 15:56:44 - [MESSAGE][PASSED] - Object: 'Object Repository/Final Object Repo/Page_Search Pending Case For Add Suporting Document/Search By - Reference ID' is clicked on

2018-12-10 15:56:44 - [TEST_STEP][PASSED] - delay: Delayed 2 second(s)

2018-12-10 15:56:46 - [MESSAGE][PASSED] - Delayed 2 second(s)

2018-12-10 15:56:46 - [TEST_STEP][PASSED] - setText: Text 'CUN122018C100005953' is set on object 'Object Repository/Final Object Repo/Page_Search Pending Case For Add Suporting Document/Reference ID'

2018-12-10 15:56:46 - [MESSAGE][PASSED] - Text 'CUN122018C100005953' is set on object 'Object Repository/Final Object Repo/Page_Search Pending Case For Add Suporting Document/Reference ID'

2018-12-10 15:56:46 - [TEST_STEP][PASSED] - click: Object: 'Object Repository/Final Object Repo/Page_Search Pending Case For Add Suporting Document/Search' is clicked on

2018-12-10 15:56:46 - [MESSAGE][PASSED] - Object: 'Object Repository/Final Object Repo/Page_Search Pending Case For Add Suporting Document/Search' is clicked on

2018-12-10 15:56:46 - [TEST_STEP][PASSED] - delay: Delayed 2 second(s)

2018-12-10 15:56:48 - [MESSAGE][PASSED] - Delayed 2 second(s)

2018-12-10 15:56:48 - [TEST_STEP][PASSED] - click: Object: 'Object Repository/Final Object Repo/Page_Search Pending Case For Add Suporting Document/Edit' is clicked on

2018-12-10 15:56:52 - [MESSAGE][PASSED] - Object: 'Object Repository/Final Object Repo/Page_Search Pending Case For Add Suporting Document/Edit' is clicked on

2018-12-10 15:56:52 - [MESSAGE][PASSED] - Call Test Case 'Test Cases/Final Aug 2018 - PKS Automation/Registration Module/Workflow/Search Pending Case For Add Supporting Document (OTC)' successfully

2018-12-10 15:56:52 - [TEST_STEP][PASSED] - click: Object: 'Object Repository/Final Object Repo/Page_Update Employer Information/Page_Update Employer Information UO (Query -OTC -UO)/Next' is clicked on

2018-12-10 15:56:55 - [MESSAGE][PASSED] - Object: 'Object Repository/Final Object Repo/Page_Update Employer Information/Page_Update Employer Information UO (Query -OTC -UO)/Next' is clicked on

2018-12-10 15:56:55 - [TEST_STEP][PASSED] - delay: Delayed 2 second(s)

2018-12-10 15:56:57 - [MESSAGE][PASSED] - Delayed 2 second(s)

2018-12-10 15:56:57 - [TEST_STEP][PASSED] - click: Object: 'Object Repository/Final Object Repo/Page_Update Employer Information/Page_Update Employer Information UO (Query -OTC -UO)/Add Document' is clicked on

2018-12-10 15:56:57 - [MESSAGE][PASSED] - Object: 'Object Repository/Final Object Repo/Page_Update Employer Information/Page_Update Employer Information UO (Query -OTC -UO)/Add Document' is clicked on

2018-12-10 15:56:57 - [TEST_STEP][PASSED] - delay: Delayed 2 second(s)

2018-12-10 15:56:59 - [MESSAGE][PASSED] - Delayed 2 second(s)

2018-12-10 15:56:59 - [TEST_STEP][PASSED] - click: Object: 'Object Repository/Final Object Repo/Page_Update Employer Information/Page_Update Employer Information UO (Query -OTC -UO)/Document Type' is clicked on

2018-12-10 15:57:01 - [MESSAGE][PASSED] - Object: 'Object Repository/Final Object Repo/Page_Update Employer Information/Page_Update Employer Information UO (Query -OTC -UO)/Document Type' is clicked on

2018-12-10 15:57:01 - [TEST_STEP][PASSED] - click: Object: 'Object Repository/Final Object Repo/Page_Update Employer Information/Page_Update Employer Information UO (Query -OTC -UO)/Document Type - Other' is clicked on

2018-12-10 15:57:01 - [MESSAGE][PASSED] - Object: 'Object Repository/Final Object Repo/Page_Update Employer Information/Page_Update Employer Information UO (Query -OTC -UO)/Document Type - Other' is clicked on

2018-12-10 15:57:01 - [TEST_STEP][PASSED] - delay: Delayed 2 second(s)

2018-12-10 15:57:03 - [MESSAGE][PASSED] - Delayed 2 second(s)

2018-12-10 15:57:03 - [TEST_STEP][PASSED] - sendKeys: Keys 'C:\Users\Public\Pictures\Sample Pictures\Koala.jpg' sent to object: 'Object Repository/Final Object Repo/Page_Update Employer Information/Page_Update Employer Information UO (Query -OTC -UO)/Uploading File'

2018-12-10 15:57:03 - [MESSAGE][PASSED] - Keys 'C:\Users\Public\Pictures\Sample Pictures\Koala.jpg' sent to object: 'Object Repository/Final Object Repo/Page_Update Employer Information/Page_Update Employer Information UO (Query -OTC -UO)/Uploading File'

2018-12-10 15:57:03 - [TEST_STEP][PASSED] - delay: Delayed 2 second(s)

2018-12-10 15:57:05 - [MESSAGE][PASSED] - Delayed 2 second(s)

2018-12-10 15:57:05 - [TEST_STEP][PASSED] - click: Object: 'Object Repository/Final Object Repo/Page_Update Employer Information/Page_Update Employer Information UO (Query -OTC -UO)/Add Document in Uploading Page' is clicked on

2018-12-10 15:57:05 - [MESSAGE][PASSED] - Object: 'Object Repository/Final Object Repo/Page_Update Employer Information/Page_Update Employer Information UO (Query -OTC -UO)/Add Document in Uploading Page' is clicked on

2018-12-10 15:57:05 - [TEST_STEP][PASSED] - delay: Delayed 2 second(s)

2018-12-10 15:57:07 - [MESSAGE][PASSED] - Delayed 2 second(s)

2018-12-10 15:57:07 - [TEST_STEP][PASSED] - click: Object: 'Object Repository/Final Object Repo/Page_Update Employer Information/Page_Update Employer Information UO (Query -OTC -UO)/Exit' is clicked on

2018-12-10 15:57:10 - [MESSAGE][PASSED] - Object: 'Object Repository/Final Object Repo/Page_Update Employer Information/Page_Update Employer Information UO (Query -OTC -UO)/Exit' is clicked on

2018-12-10 15:57:10 - [TEST_STEP][PASSED] - delay: Delayed 2 second(s)

2018-12-10 15:57:12 - [MESSAGE][PASSED] - Delayed 2 second(s)

2018-12-10 15:57:12 - [TEST_STEP][PASSED] - delay: Delayed 1 second(s)

2018-12-10 15:57:13 - [MESSAGE][PASSED] - Delayed 1 second(s)

2018-12-10 15:57:13 - [TEST_STEP][PASSED] - navigateToUrl: Navigate to 'https://assist2-uat.perkeso.gov.my/c/portal/logout' successfully

2018-12-10 15:57:14 - [MESSAGE][PASSED] - Navigate to 'https://assist2-uat.perkeso.gov.my/c/portal/logout' successfully

2018-12-10 15:57:14 - [TEST_STEP][PASSED] - delay: Delayed 1 second(s)

2018-12-10 15:57:15 - [MESSAGE][PASSED] - Delayed 1 second(s)

2018-12-10 15:57:15 - [TEST_STEP][PASSED] - callTestCase: Call Test Case 'Test Cases/Final Aug 2018 - PKS Automation/Registration Module/Workflow/Login and Search Case For Workflow' successfully

2018-12-10 15:57:15 - [TEST_CASE][PASSED] - Test Cases/Final Aug 2018 - PKS Automation/Registration Module/Workflow/Login and Search Case For Workflow: Test Cases/Final Aug 2018 - PKS Automation/Registration Module/Workflow/Login and Search Case For Workflow

2018-12-10 15:57:15 - [TEST_STEP][PASSED] - navigateToUrl: Navigate to 'https://assist2-uat.perkeso.gov.my/login' successfully

2018-12-10 15:57:16 - [MESSAGE][PASSED] - Navigate to 'https://assist2-uat.perkeso.gov.my/login' successfully

2018-12-10 15:57:16 - [TEST_STEP][PASSED] - setText: Text 'johoruo1@gmail.com' is set on object 'Object Repository/Final Object Repo/Login Page/Internal User/Email Address'

2018-12-10 15:57:16 - [MESSAGE][PASSED] - Text 'johoruo1@gmail.com' is set on object 'Object Repository/Final Object Repo/Login Page/Internal User/Email Address'

2018-12-10 15:57:16 - [TEST_STEP][PASSED] - click: Object: 'Object Repository/Final Object Repo/Login Page/Internal User/Next Button' is clicked on

2018-12-10 15:57:16 - [MESSAGE][PASSED] - Object: 'Object Repository/Final Object Repo/Login Page/Internal User/Next Button' is clicked on

2018-12-10 15:57:16 - [TEST_STEP][PASSED] - delay: Delayed 1 second(s)

2018-12-10 15:57:17 - [MESSAGE][PASSED] - Delayed 1 second(s)

2018-12-10 15:57:17 - [TEST_STEP][PASSED] - setEncryptedText: Text ****** has been set on object 'Object Repository/Final Object Repo/Login Page/Internal User/Password'

2018-12-10 15:57:17 - [MESSAGE][PASSED] - Text ****** has been set on object 'Object Repository/Final Object Repo/Login Page/Internal User/Password'

2018-12-10 15:57:17 - [TEST_STEP][PASSED] - click: Object: 'Object Repository/Final Object Repo/Login Page/Internal User/Login Button' is clicked on

2018-12-10 15:57:18 - [MESSAGE][PASSED] - Object: 'Object Repository/Final Object Repo/Login Page/Internal User/Login Button' is clicked on

2018-12-10 15:57:18 - [TEST_STEP][PASSED] - delay: Delayed 2 second(s)

2018-12-10 15:57:20 - [MESSAGE][PASSED] - Delayed 2 second(s)

2018-12-10 15:57:20 - [TEST_STEP][PASSED] - Statement - Try: Delayed 2 second(s)

2018-12-10 15:57:20 - [TEST_STEP][PASSED] - Statement - Checker = false: null

2018-12-10 15:57:20 - [TEST_STEP][PASSED] - Statement - Checker = com.kms.katalon.core.webui.keyword.WebUiBuiltInKeywords.verifyElementHasAttribute(com.kms.katalon.core.testobject.ObjectRepository.findTestObject(Final Object Repo/Landing Page/BM Detecting), "href", 20, OPTIONAL): Object 'Object Repository/Final Object Repo/Landing Page/BM Detecting' has attribute 'href'

2018-12-10 15:57:20 - [MESSAGE][PASSED] - Object 'Object Repository/Final Object Repo/Landing Page/BM Detecting' has attribute 'href'

2018-12-10 15:57:20 - [TEST_STEP][PASSED] - Statement - out.println(Checker): null

2018-12-10 15:57:20 - [TEST_STEP][PASSED] - Statement - If (Checker == false): null

2018-12-10 15:57:20 - [TEST_STEP][PASSED] - Statement - Else: null

2018-12-10 15:57:20 - [TEST_STEP][PASSED] - delay: Delayed 2 second(s)

2018-12-10 15:57:22 - [MESSAGE][PASSED] - Delayed 2 second(s)

2018-12-10 15:57:22 - [TEST_STEP][PASSED] - click: Object: 'Object Repository/Final Object Repo/Page_MyASSIST - ASSIST - Search Pending Case For Add Supporting Document/Search Information' is clicked on

2018-12-10 15:57:22 - [MESSAGE][PASSED] - Object: 'Object Repository/Final Object Repo/Page_MyASSIST - ASSIST - Search Pending Case For Add Supporting Document/Search Information' is clicked on

2018-12-10 15:57:22 - [TEST_STEP][PASSED] - delay: Delayed 3 second(s)

2018-12-10 15:57:25 - [MESSAGE][PASSED] - Delayed 3 second(s)

2018-12-10 15:57:25 - [TEST_STEP][PASSED] - sendKeys: Keys 'CUN122018C100005953' sent to object: 'Object Repository/Final Object Repo/Page_MyASSIST - ASSIST - Search Pending Case For Add Supporting Document/Reference No'

2018-12-10 15:57:25 - [MESSAGE][PASSED] - Keys 'CUN122018C100005953' sent to object: 'Object Repository/Final Object Repo/Page_MyASSIST - ASSIST - Search Pending Case For Add Supporting Document/Reference No'

2018-12-10 15:57:25 - [TEST_STEP][PASSED] - click: Object: 'Object Repository/Final Object Repo/Page_MyASSIST - ASSIST - Search Pending Case For Add Supporting Document/Search Reference No' is clicked on

2018-12-10 15:57:25 - [MESSAGE][PASSED] - Object: 'Object Repository/Final Object Repo/Page_MyASSIST - ASSIST - Search Pending Case For Add Supporting Document/Search Reference No' is clicked on

2018-12-10 15:57:25 - [TEST_STEP][PASSED] - delay: Delayed 2 second(s)

2018-12-10 15:57:27 - [MESSAGE][PASSED] - Delayed 2 second(s)

2018-12-10 15:57:27 - [TEST_STEP][PASSED] - click: Object: 'Object Repository/Final Object Repo/Page_MyASSIST - ASSIST - Search Pending Case For Add Supporting Document/Continue' is clicked on

2018-12-10 15:57:31 - [MESSAGE][PASSED] - Object: 'Object Repository/Final Object Repo/Page_MyASSIST - ASSIST - Search Pending Case For Add Supporting Document/Continue' is clicked on

2018-12-10 15:57:31 - [TEST_STEP][PASSED] - delay: Delayed 20 second(s)

2018-12-10 15:57:51 - [MESSAGE][PASSED] - Delayed 20 second(s)

2018-12-10 15:57:51 - [MESSAGE][PASSED] - Call Test Case 'Test Cases/Final Aug 2018 - PKS Automation/Registration Module/Workflow/Login and Search Case For Workflow' successfully

2018-12-10 15:57:51 - [TEST_STEP][PASSED] - click: Object: 'Object Repository/Final Object Repo/Page_Update Employer Information/Page_Update Employer Information UO (Approve)/Continue' is clicked on

2018-12-10 15:57:55 - [MESSAGE][PASSED] - Object: 'Object Repository/Final Object Repo/Page_Update Employer Information/Page_Update Employer Information UO (Approve)/Continue' is clicked on

2018-12-10 15:57:55 - [TEST_STEP][PASSED] - delay: Delayed 2 second(s)

2018-12-10 15:57:57 - [MESSAGE][PASSED] - Delayed 2 second(s)

2018-12-10 15:57:57 - [TEST_STEP][PASSED] - click: Object: 'Object Repository/Final Object Repo/Page_Update Employer Information/Page_Update Employer Information UO (Approve)/Save  Continue in Update Employer Information Page' is clicked on

2018-12-10 15:57:57 - [MESSAGE][PASSED] - Object: 'Object Repository/Final Object Repo/Page_Update Employer Information/Page_Update Employer Information UO (Approve)/Save  Continue in Update Employer Information Page' is clicked on

2018-12-10 15:57:57 - [TEST_STEP][PASSED] - delay: Delayed 2 second(s)

2018-12-10 15:57:59 - [MESSAGE][PASSED] - Delayed 2 second(s)

2018-12-10 15:57:59 - [TEST_STEP][PASSED] - click: Object: 'Object Repository/Final Object Repo/Page_Update Employer Information/Page_Update Employer Information UO (Approve)/Save  Continue in Uploading Supporting Document Page' is clicked on

2018-12-10 15:58:01 - [MESSAGE][PASSED] - Object: 'Object Repository/Final Object Repo/Page_Update Employer Information/Page_Update Employer Information UO (Approve)/Save  Continue in Uploading Supporting Document Page' is clicked on

2018-12-10 15:58:01 - [TEST_STEP][PASSED] - delay: Delayed 2 second(s)

2018-12-10 15:58:03 - [MESSAGE][PASSED] - Delayed 2 second(s)

2018-12-10 15:58:03 - [TEST_STEP][PASSED] - click: Object: 'Object Repository/Final Object Repo/Page_Update Employer Information/Page_Update Employer Information UO (Approve)/Approve' is clicked on

2018-12-10 15:58:05 - [MESSAGE][PASSED] - Object: 'Object Repository/Final Object Repo/Page_Update Employer Information/Page_Update Employer Information UO (Approve)/Approve' is clicked on

2018-12-10 15:58:05 - [TEST_STEP][PASSED] - delay: Delayed 2 second(s)

2018-12-10 15:58:07 - [MESSAGE][PASSED] - Delayed 2 second(s)

2018-12-10 15:58:07 - [TEST_STEP][PASSED] - click: Object: 'Object Repository/Final Object Repo/Page_Update Employer Information/Page_Update Employer Information UO (Approve)/Confirm' is clicked on

2018-12-10 15:58:07 - [MESSAGE][PASSED] - Object: 'Object Repository/Final Object Repo/Page_Update Employer Information/Page_Update Employer Information UO (Approve)/Confirm' is clicked on

2018-12-10 15:58:07 - [TEST_STEP][PASSED] - delay: Delayed 2 second(s)

2018-12-10 15:58:09 - [MESSAGE][PASSED] - Delayed 2 second(s)

2018-12-10 15:58:09 - [TEST_STEP][PASSED] - verifyElementVisible: Object 'Object Repository/Final Object Repo/Page_Update Employer Information/Page_Update Employer Information UO (Approve)/Message Your Request' is visible

2018-12-10 15:58:16 - [MESSAGE][PASSED] - Object 'Object Repository/Final Object Repo/Page_Update Employer Information/Page_Update Employer Information UO (Approve)/Message Your Request' is visible

2018-12-10 15:58:16 - [TEST_STEP][PASSED] - verifyElementVisible: Object 'Object Repository/Final Object Repo/Page_Update Employer Information/Page_Update Employer Information UO (Approve)/Letter of successful update' is visible

2018-12-10 15:58:16 - [MESSAGE][PASSED] - Object 'Object Repository/Final Object Repo/Page_Update Employer Information/Page_Update Employer Information UO (Approve)/Letter of successful update' is visible

2018-12-10 15:58:16 - [MESSAGE][PASSED] - Call Test Case 'Test Cases/Final Aug 2018 - PKS Automation/Registration Module/Workflow/Update Employer Information/Template/Update Employer Information - Special Case - UO (Query)' successfully]]></system-out>
         <system-err><![CDATA[]]></system-err>
      </testcase>
      <testcase name="Test Cases/Final Aug 2018 - PKS Automation/Registration Module/Workflow/Update Employer Information/OTC - UO (Reject)" classname="Test Cases/Final Aug 2018 - PKS Automation/Registration Module/Workflow/Update Employer Information/OTC - UO (Reject)" status="PASSED">
         <system-out><![CDATA[2018-12-10 15:58:16 - [TEST_CASE][PASSED] - Test Cases/Final Aug 2018 - PKS Automation/Registration Module/Workflow/Update Employer Information/OTC - UO (Reject): Test Cases/Final Aug 2018 - PKS Automation/Registration Module/Workflow/Update Employer Information/OTC - UO (Reject)

2018-12-10 15:58:16 - [TEST_STEP][PASSED] - callTestCase: Call Test Case 'Test Cases/Final Aug 2018 - PKS Automation/Registration Module/Workflow/Update Employer Information/Template/Update Employer Information - Special Case (OTC)' successfully

2018-12-10 15:58:16 - [TEST_CASE][PASSED] - Test Cases/Final Aug 2018 - PKS Automation/Registration Module/Workflow/Update Employer Information/Template/Update Employer Information - Special Case (OTC): Test Cases/Final Aug 2018 - PKS Automation/Registration Module/Workflow/Update Employer Information/Template/Update Employer Information - Special Case (OTC)

2018-12-10 15:58:16 - [TEST_STEP][PASSED] - openBrowser: Browser is opened with url: ''

2018-12-10 15:58:16 - [MESSAGE][WARNING] - A browser is already opened. Closing browser and opening a new one

2018-12-10 15:58:19 - [MESSAGE][PASSED] - Browser is opened with url: ''

2018-12-10 15:58:19 - [TEST_STEP][PASSED] - navigateToUrl: Navigate to 'https://assist2-uat.perkeso.gov.my/login' successfully

2018-12-10 15:58:20 - [MESSAGE][PASSED] - Navigate to 'https://assist2-uat.perkeso.gov.my/login' successfully

2018-12-10 15:58:20 - [TEST_STEP][PASSED] - setText: Text 'johorotc1@gmail.com' is set on object 'Object Repository/Final Object Repo/Login Page/Internal User/Email Address'

2018-12-10 15:58:20 - [MESSAGE][PASSED] - Text 'johorotc1@gmail.com' is set on object 'Object Repository/Final Object Repo/Login Page/Internal User/Email Address'

2018-12-10 15:58:20 - [TEST_STEP][PASSED] - click: Object: 'Object Repository/Final Object Repo/Login Page/Internal User/Next Button' is clicked on

2018-12-10 15:58:21 - [MESSAGE][PASSED] - Object: 'Object Repository/Final Object Repo/Login Page/Internal User/Next Button' is clicked on

2018-12-10 15:58:21 - [TEST_STEP][PASSED] - delay: Delayed 1 second(s)

2018-12-10 15:58:22 - [MESSAGE][PASSED] - Delayed 1 second(s)

2018-12-10 15:58:22 - [TEST_STEP][PASSED] - setEncryptedText: Text ****** has been set on object 'Object Repository/Final Object Repo/Login Page/Internal User/Password'

2018-12-10 15:58:22 - [MESSAGE][PASSED] - Text ****** has been set on object 'Object Repository/Final Object Repo/Login Page/Internal User/Password'

2018-12-10 15:58:22 - [TEST_STEP][PASSED] - click: Object: 'Object Repository/Final Object Repo/Login Page/Internal User/Login Button' is clicked on

2018-12-10 15:58:22 - [MESSAGE][PASSED] - Object: 'Object Repository/Final Object Repo/Login Page/Internal User/Login Button' is clicked on

2018-12-10 15:58:22 - [TEST_STEP][PASSED] - Statement - tester = com.kms.katalon.core.testobject.ObjectRepository.findTestObject(Final Object Repo/Landing Page/Select to English): Finding Test Object with id 'Object Repository/Final Object Repo/Landing Page/Select to English'

2018-12-10 15:58:22 - [TEST_STEP][PASSED] - Statement - Try: Delayed 2 second(s)

2018-12-10 15:58:22 - [TEST_STEP][PASSED] - Statement - Checker = com.kms.katalon.core.webui.keyword.WebUiBuiltInKeywords.verifyElementNotPresent(tester, 3): Web element with id: 'Object Repository/Final Object Repo/Landing Page/Select to English' located by 'By.xpath: //a[@class = 'taglib-language-list-text' and @lang = 'en-US' and (contains(text(), 'EN') or contains(., 'EN'))]' is not present after '3' second(s)

2018-12-10 15:58:24 - [MESSAGE][PASSED] - Web element with id: 'Object Repository/Final Object Repo/Landing Page/Select to English' located by 'By.xpath: //a[@class = 'taglib-language-list-text' and @lang = 'en-US' and (contains(text(), 'EN') or contains(., 'EN'))]' is not present after '3' second(s)

2018-12-10 15:58:24 - [TEST_STEP][PASSED] - Statement - If (Checker == false): null

2018-12-10 15:58:24 - [TEST_STEP][PASSED] - delay: Delayed 2 second(s)

2018-12-10 15:58:26 - [MESSAGE][PASSED] - Delayed 2 second(s)

2018-12-10 15:58:26 - [TEST_STEP][PASSED] - delay: Delayed 5 second(s)

2018-12-10 15:58:31 - [MESSAGE][PASSED] - Delayed 5 second(s)

2018-12-10 15:58:31 - [TEST_STEP][PASSED] - navigateToUrl: Navigate to 'https://assist2-uat.perkeso.gov.my/web/registration/update/update-employer-information' successfully

2018-12-10 15:58:32 - [MESSAGE][PASSED] - Navigate to 'https://assist2-uat.perkeso.gov.my/web/registration/update/update-employer-information' successfully

2018-12-10 15:58:32 - [TEST_STEP][PASSED] - setText: Text 'E1102001065V ' is set on object 'Object Repository/Final Object Repo/Page_Update Employer Information/Employer Code'

2018-12-10 15:58:33 - [MESSAGE][PASSED] - Text 'E1102001065V ' is set on object 'Object Repository/Final Object Repo/Page_Update Employer Information/Employer Code'

2018-12-10 15:58:33 - [TEST_STEP][PASSED] - click: Object: 'Object Repository/Final Object Repo/Page_Update Employer Information/Search Button' is clicked on

2018-12-10 15:58:33 - [MESSAGE][PASSED] - Object: 'Object Repository/Final Object Repo/Page_Update Employer Information/Search Button' is clicked on

2018-12-10 15:58:33 - [TEST_STEP][PASSED] - click: Object: 'Object Repository/Final Object Repo/Page_Update Employer Information/Edit Button' is clicked on

2018-12-10 15:58:36 - [MESSAGE][PASSED] - Object: 'Object Repository/Final Object Repo/Page_Update Employer Information/Edit Button' is clicked on

2018-12-10 15:58:36 - [TEST_STEP][PASSED] - click: Object: 'Object Repository/Final Object Repo/Page_Update Employer Information/Business Entity' is clicked on

2018-12-10 15:58:37 - [MESSAGE][PASSED] - Object: 'Object Repository/Final Object Repo/Page_Update Employer Information/Business Entity' is clicked on

2018-12-10 15:58:37 - [TEST_STEP][PASSED] - Statement - CurrentBusinessEntity = "": null

2018-12-10 15:58:37 - [TEST_STEP][PASSED] - Statement - CurrentBusinessEntity = com.kms.katalon.core.webui.keyword.WebUiBuiltInKeywords.getText(com.kms.katalon.core.testobject.ObjectRepository.findTestObject(Final Object Repo/Page_Update Employer Information/Current Business Entity)): Text of object 'Object Repository/Final Object Repo/Page_Update Employer Information/Current Business Entity' is: 'Sole Proprietor / Individual Business'

2018-12-10 15:58:37 - [MESSAGE][PASSED] - Text of object 'Object Repository/Final Object Repo/Page_Update Employer Information/Current Business Entity' is: 'Sole Proprietor / Individual Business'

2018-12-10 15:58:37 - [TEST_STEP][PASSED] - Statement - out.println(CurrentBusinessEntity): null

2018-12-10 15:58:37 - [TEST_STEP][PASSED] - Statement - If (CurrentBusinessEntity == "Corporation"): null

2018-12-10 15:58:37 - [TEST_STEP][PASSED] - Statement - Else If (CurrentBusinessEntity == "Partnership"): null

2018-12-10 15:58:37 - [TEST_STEP][PASSED] - Statement - Else If (CurrentBusinessEntity == "Sole Proprietor / Individual Business"): Delayed 3 second(s)

2018-12-10 15:58:37 - [TEST_STEP][PASSED] - Statement - obj = com.kms.katalon.core.webui.keyword.WebUiBuiltInKeywords.modifyObjectProperty(com.kms.katalon.core.testobject.ObjectRepository.findTestObject(Final Object Repo/Page_Update Employer Information/change to this Business Entity), "xpath", "equals", "//ul/li/span[contains(text(),"Others")]", true, STOP_ON_FAILURE): Modify property of object successfully

2018-12-10 15:58:37 - [MESSAGE][PASSED] - Modify property of object successfully

2018-12-10 15:58:37 - [TEST_STEP][PASSED] - click: Object: 'Object Repository/Final Object Repo/Page_Update Employer Information/change to this Business Entity' is clicked on

2018-12-10 15:58:37 - [MESSAGE][PASSED] - Object: 'Object Repository/Final Object Repo/Page_Update Employer Information/change to this Business Entity' is clicked on

2018-12-10 15:58:37 - [TEST_STEP][PASSED] - delay: Delayed 1 second(s)

2018-12-10 15:58:38 - [MESSAGE][PASSED] - Delayed 1 second(s)

2018-12-10 15:58:38 - [TEST_STEP][PASSED] - click: Object: 'Object Repository/Final Object Repo/Page_Update Employer Information/Sub Business Entity' is clicked on

2018-12-10 15:58:38 - [MESSAGE][PASSED] - Object: 'Object Repository/Final Object Repo/Page_Update Employer Information/Sub Business Entity' is clicked on

2018-12-10 15:58:38 - [TEST_STEP][PASSED] - click: Object: 'Object Repository/Final Object Repo/Page_Update Employer Information/Sub Business Entity List - Others - Federal Government Agency' is clicked on

2018-12-10 15:58:39 - [MESSAGE][PASSED] - Object: 'Object Repository/Final Object Repo/Page_Update Employer Information/Sub Business Entity List - Others - Federal Government Agency' is clicked on

2018-12-10 15:58:39 - [TEST_STEP][PASSED] - delay: Delayed 1 second(s)

2018-12-10 15:58:40 - [MESSAGE][PASSED] - Delayed 1 second(s)

2018-12-10 15:58:40 - [TEST_STEP][PASSED] - click: Object: 'Object Repository/Final Object Repo/Page_Update Employer Information/Sub Business Entity List' is clicked on

2018-12-10 15:58:40 - [MESSAGE][PASSED] - Object: 'Object Repository/Final Object Repo/Page_Update Employer Information/Sub Business Entity List' is clicked on

2018-12-10 15:58:40 - [TEST_STEP][PASSED] - click: Object: 'Object Repository/Final Object Repo/Page_Update Employer Information/Sub Business Entity - Others - Federal Government Agency - Kementerian' is clicked on

2018-12-10 15:58:40 - [MESSAGE][PASSED] - Object: 'Object Repository/Final Object Repo/Page_Update Employer Information/Sub Business Entity - Others - Federal Government Agency - Kementerian' is clicked on

2018-12-10 15:58:40 - [TEST_STEP][PASSED] - delay: Delayed 3 second(s)

2018-12-10 15:58:43 - [MESSAGE][PASSED] - Delayed 3 second(s)

2018-12-10 15:58:43 - [TEST_STEP][PASSED] - delay: Delayed 4 second(s)

2018-12-10 15:58:47 - [MESSAGE][PASSED] - Delayed 4 second(s)

2018-12-10 15:58:47 - [TEST_STEP][PASSED] - click: Object: 'Object Repository/Final Object Repo/Page_Update Employer Information/Save  Continue' is clicked on

2018-12-10 15:58:47 - [MESSAGE][PASSED] - Object: 'Object Repository/Final Object Repo/Page_Update Employer Information/Save  Continue' is clicked on

2018-12-10 15:58:47 - [TEST_STEP][PASSED] - delay: Delayed 4 second(s)

2018-12-10 15:58:51 - [MESSAGE][PASSED] - Delayed 4 second(s)

2018-12-10 15:58:51 - [TEST_STEP][PASSED] - click: Object: 'Object Repository/Final Object Repo/Page_Update Employer Information/Save  Continue (1)' is clicked on

2018-12-10 15:58:51 - [MESSAGE][PASSED] - Object: 'Object Repository/Final Object Repo/Page_Update Employer Information/Save  Continue (1)' is clicked on

2018-12-10 15:58:51 - [TEST_STEP][PASSED] - delay: Delayed 4 second(s)

2018-12-10 15:58:55 - [MESSAGE][PASSED] - Delayed 4 second(s)

2018-12-10 15:58:55 - [TEST_STEP][PASSED] - Statement - CaseReferenceNo = com.kms.katalon.core.webui.keyword.WebUiBuiltInKeywords.getText(com.kms.katalon.core.testobject.ObjectRepository.findTestObject(Final Object Repo/Page_Update Employer Information/Reference Number in Update Employee Information Page)): Text of object 'Object Repository/Final Object Repo/Page_Update Employer Information/Reference Number in Update Employee Information Page' is: 'CUN122018C100005954'

2018-12-10 15:58:55 - [MESSAGE][PASSED] - Text of object 'Object Repository/Final Object Repo/Page_Update Employer Information/Reference Number in Update Employee Information Page' is: 'CUN122018C100005954'

2018-12-10 15:58:55 - [TEST_STEP][PASSED] - callTestCase: Call Test Case 'Test Cases/Final Aug 2018 - PKS Automation/Common/Reference Number Setter' successfully

2018-12-10 15:58:56 - [TEST_CASE][PASSED] - Test Cases/Final Aug 2018 - PKS Automation/Common/Reference Number Setter: Test Cases/Final Aug 2018 - PKS Automation/Common/Reference Number Setter

2018-12-10 15:58:56 - [TEST_STEP][PASSED] - Statement - RefNoOldFile = new java.io.File(C://Users//Admin//Desktop//PKS//Automation Reference Point//KatalonReference.txt): null

2018-12-10 15:58:56 - [TEST_STEP][PASSED] - Statement - RefNoOldFile.delete(): null

2018-12-10 15:58:56 - [TEST_STEP][PASSED] - delay: Delayed 5 second(s)

2018-12-10 15:59:01 - [MESSAGE][PASSED] - Delayed 5 second(s)

2018-12-10 15:59:01 - [TEST_STEP][PASSED] - Statement - RefNo = new java.io.File(C://Users//Admin//Desktop//PKS//Automation Reference Point//KatalonReference.txt): null

2018-12-10 15:59:01 - [TEST_STEP][PASSED] - Statement - f2 = new java.io.FileWriter(RefNo, false): null

2018-12-10 15:59:01 - [TEST_STEP][PASSED] - Statement - f2.write(CaseReferenceNo): null

2018-12-10 15:59:01 - [TEST_STEP][PASSED] - Statement - f2.close(): null

2018-12-10 15:59:01 - [TEST_STEP][PASSED] - Statement - out.println("


" + CaseReferenceNo + "


"): null

2018-12-10 15:59:01 - [MESSAGE][PASSED] - Call Test Case 'Test Cases/Final Aug 2018 - PKS Automation/Common/Reference Number Setter' successfully

2018-12-10 15:59:01 - [TEST_STEP][PASSED] - delay: Delayed 4 second(s)

2018-12-10 15:59:05 - [MESSAGE][PASSED] - Delayed 4 second(s)

2018-12-10 15:59:05 - [TEST_STEP][PASSED] - click: Object: 'Object Repository/Final Object Repo/Page_Update Employer Information/Submit - Copy' is clicked on

2018-12-10 15:59:05 - [MESSAGE][PASSED] - Object: 'Object Repository/Final Object Repo/Page_Update Employer Information/Submit - Copy' is clicked on

2018-12-10 15:59:05 - [TEST_STEP][PASSED] - delay: Delayed 2 second(s)

2018-12-10 15:59:07 - [MESSAGE][PASSED] - Delayed 2 second(s)

2018-12-10 15:59:07 - [TEST_STEP][PASSED] - click: Object: 'Object Repository/Final Object Repo/Page_Update Employer Information/Confirm' is clicked on

2018-12-10 15:59:07 - [MESSAGE][PASSED] - Object: 'Object Repository/Final Object Repo/Page_Update Employer Information/Confirm' is clicked on

2018-12-10 15:59:07 - [TEST_STEP][PASSED] - delay: Delayed 2 second(s)

2018-12-10 15:59:09 - [MESSAGE][PASSED] - Delayed 2 second(s)

2018-12-10 15:59:09 - [TEST_STEP][PASSED] - click: Object: 'Object Repository/Final Object Repo/Page_Update Employer Information/Message Your Request will be route' is clicked on

2018-12-10 15:59:11 - [MESSAGE][PASSED] - Object: 'Object Repository/Final Object Repo/Page_Update Employer Information/Message Your Request will be route' is clicked on

2018-12-10 15:59:11 - [MESSAGE][PASSED] - Call Test Case 'Test Cases/Final Aug 2018 - PKS Automation/Registration Module/Workflow/Update Employer Information/Template/Update Employer Information - Special Case (OTC)' successfully

2018-12-10 15:59:11 - [TEST_STEP][PASSED] - callTestCase: Call Test Case 'Test Cases/Final Aug 2018 - PKS Automation/Registration Module/Workflow/Update Employer Information/Template/Update Employer Information - Special Case - UO (Reject)' successfully

2018-12-10 15:59:11 - [TEST_CASE][PASSED] - Test Cases/Final Aug 2018 - PKS Automation/Registration Module/Workflow/Update Employer Information/Template/Update Employer Information - Special Case - UO (Reject): Test Cases/Final Aug 2018 - PKS Automation/Registration Module/Workflow/Update Employer Information/Template/Update Employer Information - Special Case - UO (Reject)

2018-12-10 15:59:11 - [TEST_STEP][NOT_RUN] - callTestCase: NOT_RUN: callTestCase

2018-12-10 15:59:11 - [MESSAGE][NOT_RUN] - NOT_RUN: callTestCase

2018-12-10 15:59:11 - [TEST_STEP][PASSED] - delay: Delayed 1 second(s)

2018-12-10 15:59:12 - [MESSAGE][PASSED] - Delayed 1 second(s)

2018-12-10 15:59:12 - [TEST_STEP][PASSED] - navigateToUrl: Navigate to 'https://assist2-uat.perkeso.gov.my/c/portal/logout' successfully

2018-12-10 15:59:13 - [MESSAGE][PASSED] - Navigate to 'https://assist2-uat.perkeso.gov.my/c/portal/logout' successfully

2018-12-10 15:59:13 - [TEST_STEP][PASSED] - delay: Delayed 1 second(s)

2018-12-10 15:59:14 - [MESSAGE][PASSED] - Delayed 1 second(s)

2018-12-10 15:59:14 - [TEST_STEP][PASSED] - callTestCase: Call Test Case 'Test Cases/Final Aug 2018 - PKS Automation/Common/Reference Number Getter' successfully

2018-12-10 15:59:14 - [TEST_CASE][PASSED] - Test Cases/Final Aug 2018 - PKS Automation/Common/Reference Number Getter: Test Cases/Final Aug 2018 - PKS Automation/Common/Reference Number Getter

2018-12-10 15:59:14 - [TEST_STEP][PASSED] - Statement - Try: null

2018-12-10 15:59:14 - [TEST_STEP][PASSED] - Statement - RefNo = new java.io.File(C://Users//Admin//Desktop//PKS//Automation Reference Point//KatalonReference.txt): null

2018-12-10 15:59:14 - [TEST_STEP][PASSED] - Statement - bufferread = new java.io.BufferedReader(new java.io.FileReader(RefNo)): null

2018-12-10 15:59:14 - [TEST_STEP][PASSED] - Statement - readedVal = bufferread.readLine(): null

2018-12-10 15:59:14 - [TEST_STEP][PASSED] - Statement - out.println(CaseReferenceNo): null

2018-12-10 15:59:14 - [TEST_STEP][PASSED] - Statement - out.println(readedVal): null

2018-12-10 15:59:14 - [TEST_STEP][PASSED] - Statement - CaseReferenceNo = "": null

2018-12-10 15:59:14 - [TEST_STEP][PASSED] - Statement - CaseReferenceNo = readedVal: null

2018-12-10 15:59:14 - [MESSAGE][PASSED] - Call Test Case 'Test Cases/Final Aug 2018 - PKS Automation/Common/Reference Number Getter' successfully

2018-12-10 15:59:14 - [TEST_STEP][PASSED] - callTestCase: Call Test Case 'Test Cases/Final Aug 2018 - PKS Automation/Common/Workflow Owner Finder' successfully

2018-12-10 15:59:14 - [TEST_CASE][PASSED] - Test Cases/Final Aug 2018 - PKS Automation/Common/Workflow Owner Finder: Test Cases/Final Aug 2018 - PKS Automation/Common/Workflow Owner Finder

2018-12-10 15:59:14 - [TEST_STEP][PASSED] - openBrowser: Browser is opened with url: ''

2018-12-10 15:59:14 - [MESSAGE][WARNING] - A browser is already opened. Closing browser and opening a new one

2018-12-10 15:59:17 - [MESSAGE][PASSED] - Browser is opened with url: ''

2018-12-10 15:59:17 - [TEST_STEP][PASSED] - navigateToUrl: Navigate to 'https://assist2-uat.perkeso.gov.my/login' successfully

2018-12-10 15:59:18 - [MESSAGE][PASSED] - Navigate to 'https://assist2-uat.perkeso.gov.my/login' successfully

2018-12-10 15:59:18 - [TEST_STEP][PASSED] - delay: Delayed 5 second(s)

2018-12-10 15:59:23 - [MESSAGE][PASSED] - Delayed 5 second(s)

2018-12-10 15:59:23 - [TEST_STEP][PASSED] - setText: Text 'test@liferay.com' is set on object 'Object Repository/Final Object Repo/Login Page/Internal User/Email Address'

2018-12-10 15:59:23 - [MESSAGE][PASSED] - Text 'test@liferay.com' is set on object 'Object Repository/Final Object Repo/Login Page/Internal User/Email Address'

2018-12-10 15:59:23 - [TEST_STEP][PASSED] - click: Object: 'Object Repository/Final Object Repo/Login Page/Internal User/Next Button' is clicked on

2018-12-10 15:59:24 - [MESSAGE][PASSED] - Object: 'Object Repository/Final Object Repo/Login Page/Internal User/Next Button' is clicked on

2018-12-10 15:59:24 - [TEST_STEP][PASSED] - delay: Delayed 2 second(s)

2018-12-10 15:59:26 - [MESSAGE][PASSED] - Delayed 2 second(s)

2018-12-10 15:59:26 - [TEST_STEP][PASSED] - setText: Text 'test' is set on object 'Object Repository/Final Object Repo/Login Page/Internal User/Password'

2018-12-10 15:59:26 - [MESSAGE][PASSED] - Text 'test' is set on object 'Object Repository/Final Object Repo/Login Page/Internal User/Password'

2018-12-10 15:59:26 - [TEST_STEP][PASSED] - delay: Delayed 2 second(s)

2018-12-10 15:59:28 - [MESSAGE][PASSED] - Delayed 2 second(s)

2018-12-10 15:59:28 - [TEST_STEP][PASSED] - click: Object: 'Object Repository/Final Object Repo/Login Page/Internal User/Login Button' is clicked on

2018-12-10 15:59:28 - [MESSAGE][PASSED] - Object: 'Object Repository/Final Object Repo/Login Page/Internal User/Login Button' is clicked on

2018-12-10 15:59:28 - [TEST_STEP][PASSED] - Statement - tester = com.kms.katalon.core.testobject.ObjectRepository.findTestObject(Final Object Repo/Landing Page/Select to English): Finding Test Object with id 'Object Repository/Final Object Repo/Landing Page/Select to English'

2018-12-10 15:59:28 - [TEST_STEP][PASSED] - Statement - Try: Delayed 2 second(s)

2018-12-10 15:59:28 - [TEST_STEP][PASSED] - Statement - Checker = com.kms.katalon.core.webui.keyword.WebUiBuiltInKeywords.verifyElementNotPresent(tester, 3): Web element with id: 'Object Repository/Final Object Repo/Landing Page/Select to English' located by 'By.xpath: //a[@class = 'taglib-language-list-text' and @lang = 'en-US' and (contains(text(), 'EN') or contains(., 'EN'))]' is not present after '3' second(s)

2018-12-10 15:59:30 - [MESSAGE][PASSED] - Web element with id: 'Object Repository/Final Object Repo/Landing Page/Select to English' located by 'By.xpath: //a[@class = 'taglib-language-list-text' and @lang = 'en-US' and (contains(text(), 'EN') or contains(., 'EN'))]' is not present after '3' second(s)

2018-12-10 15:59:30 - [TEST_STEP][PASSED] - Statement - If (Checker == false): null

2018-12-10 15:59:30 - [TEST_STEP][PASSED] - delay: Delayed 2 second(s)

2018-12-10 15:59:32 - [MESSAGE][PASSED] - Delayed 2 second(s)

2018-12-10 15:59:32 - [TEST_STEP][PASSED] - delay: Delayed 5 second(s)

2018-12-10 15:59:37 - [MESSAGE][PASSED] - Delayed 5 second(s)

2018-12-10 15:59:37 - [TEST_STEP][PASSED] - mouseOver: Object: 'Object Repository/Final Object Repo/Landing Page/WorkFlow Menu' is hovered

2018-12-10 15:59:37 - [MESSAGE][PASSED] - Object: 'Object Repository/Final Object Repo/Landing Page/WorkFlow Menu' is hovered

2018-12-10 15:59:37 - [TEST_STEP][PASSED] - delay: Delayed 2 second(s)

2018-12-10 15:59:39 - [MESSAGE][PASSED] - Delayed 2 second(s)

2018-12-10 15:59:39 - [TEST_STEP][PASSED] - click: Object: 'Object Repository/Final Object Repo/Landing Page/Select to Workflow Listing' is clicked on

2018-12-10 15:59:40 - [MESSAGE][PASSED] - Object: 'Object Repository/Final Object Repo/Landing Page/Select to Workflow Listing' is clicked on

2018-12-10 15:59:40 - [TEST_STEP][PASSED] - delay: Delayed 2 second(s)

2018-12-10 15:59:42 - [MESSAGE][PASSED] - Delayed 2 second(s)

2018-12-10 15:59:42 - [TEST_STEP][PASSED] - click: Object: 'Object Repository/Final Object Repo/WorkFlow Listing Page/Search Information - To Put Ref No' is clicked on

2018-12-10 15:59:43 - [MESSAGE][PASSED] - Object: 'Object Repository/Final Object Repo/WorkFlow Listing Page/Search Information - To Put Ref No' is clicked on

2018-12-10 15:59:43 - [TEST_STEP][PASSED] - delay: Delayed 2 second(s)

2018-12-10 15:59:45 - [MESSAGE][PASSED] - Delayed 2 second(s)

2018-12-10 15:59:45 - [TEST_STEP][PASSED] - callTestCase: Call Test Case 'Test Cases/Final Aug 2018 - PKS Automation/Common/Reference Number Getter' successfully

2018-12-10 15:59:45 - [TEST_CASE][PASSED] - Test Cases/Final Aug 2018 - PKS Automation/Common/Reference Number Getter: Test Cases/Final Aug 2018 - PKS Automation/Common/Reference Number Getter

2018-12-10 15:59:45 - [TEST_STEP][PASSED] - Statement - Try: null

2018-12-10 15:59:45 - [TEST_STEP][PASSED] - Statement - RefNo = new java.io.File(C://Users//Admin//Desktop//PKS//Automation Reference Point//KatalonReference.txt): null

2018-12-10 15:59:45 - [TEST_STEP][PASSED] - Statement - bufferread = new java.io.BufferedReader(new java.io.FileReader(RefNo)): null

2018-12-10 15:59:45 - [TEST_STEP][PASSED] - Statement - readedVal = bufferread.readLine(): null

2018-12-10 15:59:45 - [TEST_STEP][PASSED] - Statement - out.println(CaseReferenceNo): null

2018-12-10 15:59:45 - [TEST_STEP][PASSED] - Statement - out.println(readedVal): null

2018-12-10 15:59:45 - [TEST_STEP][PASSED] - Statement - CaseReferenceNo = "": null

2018-12-10 15:59:45 - [TEST_STEP][PASSED] - Statement - CaseReferenceNo = readedVal: null

2018-12-10 15:59:45 - [MESSAGE][PASSED] - Call Test Case 'Test Cases/Final Aug 2018 - PKS Automation/Common/Reference Number Getter' successfully

2018-12-10 15:59:45 - [TEST_STEP][PASSED] - setText: Text 'CUN122018C100005954' is set on object 'Object Repository/Final Object Repo/WorkFlow Listing Page/Ref No Set Text'

2018-12-10 15:59:45 - [MESSAGE][PASSED] - Text 'CUN122018C100005954' is set on object 'Object Repository/Final Object Repo/WorkFlow Listing Page/Ref No Set Text'

2018-12-10 15:59:45 - [TEST_STEP][PASSED] - delay: Delayed 2 second(s)

2018-12-10 15:59:47 - [MESSAGE][PASSED] - Delayed 2 second(s)

2018-12-10 15:59:47 - [TEST_STEP][PASSED] - click: Object: 'Object Repository/Final Object Repo/WorkFlow Listing Page/Search Ref No Search Button' is clicked on

2018-12-10 15:59:47 - [MESSAGE][PASSED] - Object: 'Object Repository/Final Object Repo/WorkFlow Listing Page/Search Ref No Search Button' is clicked on

2018-12-10 15:59:47 - [TEST_STEP][PASSED] - delay: Delayed 6 second(s)

2018-12-10 15:59:53 - [MESSAGE][PASSED] - Delayed 6 second(s)

2018-12-10 15:59:53 - [TEST_STEP][PASSED] - click: Object: 'Object Repository/Final Object Repo/WorkFlow Listing Page/Click Continue Tooltip' is clicked on

2018-12-10 15:59:55 - [MESSAGE][PASSED] - Object: 'Object Repository/Final Object Repo/WorkFlow Listing Page/Click Continue Tooltip' is clicked on

2018-12-10 15:59:55 - [TEST_STEP][PASSED] - delay: Delayed 5 second(s)

2018-12-10 16:00:00 - [MESSAGE][PASSED] - Delayed 5 second(s)

2018-12-10 16:00:00 - [TEST_STEP][PASSED] - doubleClick: Object: 'Object Repository/Final Object Repo/WorkFlow Listing Page/Workflow Found - Listing 1' is double clicked on

2018-12-10 16:00:00 - [MESSAGE][PASSED] - Object: 'Object Repository/Final Object Repo/WorkFlow Listing Page/Workflow Found - Listing 1' is double clicked on

2018-12-10 16:00:00 - [TEST_STEP][PASSED] - Statement - println(OwnerID): null

2018-12-10 16:00:00 - [TEST_STEP][PASSED] - Statement - OwnerID = com.kms.katalon.core.webui.keyword.WebUiBuiltInKeywords.getText(com.kms.katalon.core.testobject.ObjectRepository.findTestObject(Final Object Repo/WorkFlow Listing Page/Workflow Found - Listing 1), STOP_ON_FAILURE): Text of object 'Object Repository/Final Object Repo/WorkFlow Listing Page/Workflow Found - Listing 1' is: 'JOHORuo2'

2018-12-10 16:00:00 - [MESSAGE][PASSED] - Text of object 'Object Repository/Final Object Repo/WorkFlow Listing Page/Workflow Found - Listing 1' is: 'JOHORuo2'

2018-12-10 16:00:00 - [TEST_STEP][PASSED] - Statement - OwnerID = OwnerID.toLowerCase() + "@gmail.com": null

2018-12-10 16:00:00 - [TEST_STEP][PASSED] - Statement - println(OwnerID): null

2018-12-10 16:00:00 - [TEST_STEP][PASSED] - delay: Delayed 2 second(s)

2018-12-10 16:00:02 - [MESSAGE][PASSED] - Delayed 2 second(s)

2018-12-10 16:00:02 - [MESSAGE][PASSED] - Call Test Case 'Test Cases/Final Aug 2018 - PKS Automation/Common/Workflow Owner Finder' successfully

2018-12-10 16:00:02 - [TEST_STEP][PASSED] - delay: Delayed 1 second(s)

2018-12-10 16:00:03 - [MESSAGE][PASSED] - Delayed 1 second(s)

2018-12-10 16:00:03 - [TEST_STEP][PASSED] - navigateToUrl: Navigate to 'https://assist2-uat.perkeso.gov.my/c/portal/logout' successfully

2018-12-10 16:00:04 - [MESSAGE][PASSED] - Navigate to 'https://assist2-uat.perkeso.gov.my/c/portal/logout' successfully

2018-12-10 16:00:04 - [TEST_STEP][PASSED] - delay: Delayed 1 second(s)

2018-12-10 16:00:05 - [MESSAGE][PASSED] - Delayed 1 second(s)

2018-12-10 16:00:05 - [TEST_STEP][PASSED] - callTestCase: Call Test Case 'Test Cases/Final Aug 2018 - PKS Automation/Registration Module/Workflow/Login and Search Case For Workflow' successfully

2018-12-10 16:00:05 - [TEST_CASE][PASSED] - Test Cases/Final Aug 2018 - PKS Automation/Registration Module/Workflow/Login and Search Case For Workflow: Test Cases/Final Aug 2018 - PKS Automation/Registration Module/Workflow/Login and Search Case For Workflow

2018-12-10 16:00:05 - [TEST_STEP][PASSED] - navigateToUrl: Navigate to 'https://assist2-uat.perkeso.gov.my/login' successfully

2018-12-10 16:00:05 - [MESSAGE][PASSED] - Navigate to 'https://assist2-uat.perkeso.gov.my/login' successfully

2018-12-10 16:00:05 - [TEST_STEP][PASSED] - setText: Text 'johoruo2@gmail.com' is set on object 'Object Repository/Final Object Repo/Login Page/Internal User/Email Address'

2018-12-10 16:00:06 - [MESSAGE][PASSED] - Text 'johoruo2@gmail.com' is set on object 'Object Repository/Final Object Repo/Login Page/Internal User/Email Address'

2018-12-10 16:00:06 - [TEST_STEP][PASSED] - click: Object: 'Object Repository/Final Object Repo/Login Page/Internal User/Next Button' is clicked on

2018-12-10 16:00:06 - [MESSAGE][PASSED] - Object: 'Object Repository/Final Object Repo/Login Page/Internal User/Next Button' is clicked on

2018-12-10 16:00:06 - [TEST_STEP][PASSED] - delay: Delayed 1 second(s)

2018-12-10 16:00:07 - [MESSAGE][PASSED] - Delayed 1 second(s)

2018-12-10 16:00:07 - [TEST_STEP][PASSED] - setEncryptedText: Text ****** has been set on object 'Object Repository/Final Object Repo/Login Page/Internal User/Password'

2018-12-10 16:00:07 - [MESSAGE][PASSED] - Text ****** has been set on object 'Object Repository/Final Object Repo/Login Page/Internal User/Password'

2018-12-10 16:00:07 - [TEST_STEP][PASSED] - click: Object: 'Object Repository/Final Object Repo/Login Page/Internal User/Login Button' is clicked on

2018-12-10 16:00:07 - [MESSAGE][PASSED] - Object: 'Object Repository/Final Object Repo/Login Page/Internal User/Login Button' is clicked on

2018-12-10 16:00:07 - [TEST_STEP][PASSED] - delay: Delayed 2 second(s)

2018-12-10 16:00:09 - [MESSAGE][PASSED] - Delayed 2 second(s)

2018-12-10 16:00:09 - [TEST_STEP][PASSED] - Statement - Try: Delayed 2 second(s)

2018-12-10 16:00:09 - [TEST_STEP][PASSED] - Statement - Checker = false: null

2018-12-10 16:00:09 - [TEST_STEP][PASSED] - Statement - Checker = com.kms.katalon.core.webui.keyword.WebUiBuiltInKeywords.verifyElementHasAttribute(com.kms.katalon.core.testobject.ObjectRepository.findTestObject(Final Object Repo/Landing Page/BM Detecting), "href", 20, OPTIONAL): Object 'Object Repository/Final Object Repo/Landing Page/BM Detecting' has attribute 'href'

2018-12-10 16:00:09 - [MESSAGE][PASSED] - Object 'Object Repository/Final Object Repo/Landing Page/BM Detecting' has attribute 'href'

2018-12-10 16:00:09 - [TEST_STEP][PASSED] - Statement - out.println(Checker): null

2018-12-10 16:00:09 - [TEST_STEP][PASSED] - Statement - If (Checker == false): null

2018-12-10 16:00:09 - [TEST_STEP][PASSED] - Statement - Else: null

2018-12-10 16:00:09 - [TEST_STEP][PASSED] - delay: Delayed 2 second(s)

2018-12-10 16:00:11 - [MESSAGE][PASSED] - Delayed 2 second(s)

2018-12-10 16:00:11 - [TEST_STEP][PASSED] - click: Object: 'Object Repository/Final Object Repo/Page_MyASSIST - ASSIST - Search Pending Case For Add Supporting Document/Search Information' is clicked on

2018-12-10 16:00:11 - [MESSAGE][PASSED] - Object: 'Object Repository/Final Object Repo/Page_MyASSIST - ASSIST - Search Pending Case For Add Supporting Document/Search Information' is clicked on

2018-12-10 16:00:11 - [TEST_STEP][PASSED] - delay: Delayed 3 second(s)

2018-12-10 16:00:14 - [MESSAGE][PASSED] - Delayed 3 second(s)

2018-12-10 16:00:14 - [TEST_STEP][PASSED] - sendKeys: Keys 'CUN122018C100005954' sent to object: 'Object Repository/Final Object Repo/Page_MyASSIST - ASSIST - Search Pending Case For Add Supporting Document/Reference No'

2018-12-10 16:00:15 - [MESSAGE][PASSED] - Keys 'CUN122018C100005954' sent to object: 'Object Repository/Final Object Repo/Page_MyASSIST - ASSIST - Search Pending Case For Add Supporting Document/Reference No'

2018-12-10 16:00:15 - [TEST_STEP][PASSED] - click: Object: 'Object Repository/Final Object Repo/Page_MyASSIST - ASSIST - Search Pending Case For Add Supporting Document/Search Reference No' is clicked on

2018-12-10 16:00:15 - [MESSAGE][PASSED] - Object: 'Object Repository/Final Object Repo/Page_MyASSIST - ASSIST - Search Pending Case For Add Supporting Document/Search Reference No' is clicked on

2018-12-10 16:00:15 - [TEST_STEP][PASSED] - delay: Delayed 2 second(s)

2018-12-10 16:00:17 - [MESSAGE][PASSED] - Delayed 2 second(s)

2018-12-10 16:00:17 - [TEST_STEP][PASSED] - click: Object: 'Object Repository/Final Object Repo/Page_MyASSIST - ASSIST - Search Pending Case For Add Supporting Document/Continue' is clicked on

2018-12-10 16:00:21 - [MESSAGE][PASSED] - Object: 'Object Repository/Final Object Repo/Page_MyASSIST - ASSIST - Search Pending Case For Add Supporting Document/Continue' is clicked on

2018-12-10 16:00:21 - [TEST_STEP][PASSED] - delay: Delayed 20 second(s)

2018-12-10 16:00:41 - [MESSAGE][PASSED] - Delayed 20 second(s)

2018-12-10 16:00:41 - [MESSAGE][PASSED] - Call Test Case 'Test Cases/Final Aug 2018 - PKS Automation/Registration Module/Workflow/Login and Search Case For Workflow' successfully

2018-12-10 16:00:41 - [TEST_STEP][PASSED] - delay: Delayed 2 second(s)

2018-12-10 16:00:43 - [MESSAGE][PASSED] - Delayed 2 second(s)

2018-12-10 16:00:43 - [TEST_STEP][PASSED] - click: Object: 'Object Repository/Final Object Repo/Page_Update Employer Information/Page_Update Employer Information UO (Approve)/Continue' is clicked on

2018-12-10 16:00:46 - [MESSAGE][PASSED] - Object: 'Object Repository/Final Object Repo/Page_Update Employer Information/Page_Update Employer Information UO (Approve)/Continue' is clicked on

2018-12-10 16:00:46 - [TEST_STEP][PASSED] - delay: Delayed 2 second(s)

2018-12-10 16:00:48 - [MESSAGE][PASSED] - Delayed 2 second(s)

2018-12-10 16:00:48 - [TEST_STEP][PASSED] - click: Object: 'Object Repository/Final Object Repo/Page_Update Employer Information/Page_Update Employer Information UO (Approve)/Save  Continue in Update Employer Information Page' is clicked on

2018-12-10 16:00:48 - [MESSAGE][PASSED] - Object: 'Object Repository/Final Object Repo/Page_Update Employer Information/Page_Update Employer Information UO (Approve)/Save  Continue in Update Employer Information Page' is clicked on

2018-12-10 16:00:48 - [TEST_STEP][PASSED] - delay: Delayed 2 second(s)

2018-12-10 16:00:50 - [MESSAGE][PASSED] - Delayed 2 second(s)

2018-12-10 16:00:50 - [TEST_STEP][PASSED] - click: Object: 'Object Repository/Final Object Repo/Page_Update Employer Information/Page_Update Employer Information UO (Approve)/Save  Continue in Uploading Supporting Document Page' is clicked on

2018-12-10 16:00:52 - [MESSAGE][PASSED] - Object: 'Object Repository/Final Object Repo/Page_Update Employer Information/Page_Update Employer Information UO (Approve)/Save  Continue in Uploading Supporting Document Page' is clicked on

2018-12-10 16:00:52 - [TEST_STEP][PASSED] - delay: Delayed 2 second(s)

2018-12-10 16:00:54 - [MESSAGE][PASSED] - Delayed 2 second(s)

2018-12-10 16:00:54 - [TEST_STEP][PASSED] - click: Object: 'Object Repository/Final Object Repo/Page_Update Employer Information/Page_Update Employer Information UO (Reject)/Reject' is clicked on

2018-12-10 16:00:56 - [MESSAGE][PASSED] - Object: 'Object Repository/Final Object Repo/Page_Update Employer Information/Page_Update Employer Information UO (Reject)/Reject' is clicked on

2018-12-10 16:00:56 - [TEST_STEP][PASSED] - delay: Delayed 2 second(s)

2018-12-10 16:00:58 - [MESSAGE][PASSED] - Delayed 2 second(s)

2018-12-10 16:00:58 - [TEST_STEP][PASSED] - click: Object: 'Object Repository/Final Object Repo/Page_Update Employer Information/Page_Update Employer Information UO (Reject)/Confirm' is clicked on

2018-12-10 16:00:59 - [MESSAGE][PASSED] - Object: 'Object Repository/Final Object Repo/Page_Update Employer Information/Page_Update Employer Information UO (Reject)/Confirm' is clicked on

2018-12-10 16:00:59 - [TEST_STEP][PASSED] - delay: Delayed 2 second(s)

2018-12-10 16:01:01 - [MESSAGE][PASSED] - Delayed 2 second(s)

2018-12-10 16:01:01 - [TEST_STEP][PASSED] - click: Object: 'Object Repository/Final Object Repo/Page_Update Employer Information/Page_Update Employer Information UO (Reject)/Message This Case has been Rejected' is clicked on

2018-12-10 16:01:02 - [MESSAGE][PASSED] - Object: 'Object Repository/Final Object Repo/Page_Update Employer Information/Page_Update Employer Information UO (Reject)/Message This Case has been Rejected' is clicked on

2018-12-10 16:01:02 - [MESSAGE][PASSED] - Call Test Case 'Test Cases/Final Aug 2018 - PKS Automation/Registration Module/Workflow/Update Employer Information/Template/Update Employer Information - Special Case - UO (Reject)' successfully]]></system-out>
         <system-err><![CDATA[]]></system-err>
      </testcase>
      <testcase name="Test Cases/Final Aug 2018 - PKS Automation/Registration Module/Workflow/Update Employer Information/OTC - UO (Under enforcement)" classname="Test Cases/Final Aug 2018 - PKS Automation/Registration Module/Workflow/Update Employer Information/OTC - UO (Under enforcement)" status="PASSED">
         <system-out><![CDATA[2018-12-10 16:01:02 - [TEST_CASE][PASSED] - Test Cases/Final Aug 2018 - PKS Automation/Registration Module/Workflow/Update Employer Information/OTC - UO (Under enforcement): Test Cases/Final Aug 2018 - PKS Automation/Registration Module/Workflow/Update Employer Information/OTC - UO (Under enforcement)

2018-12-10 16:01:02 - [TEST_STEP][PASSED] - callTestCase: Call Test Case 'Test Cases/Final Aug 2018 - PKS Automation/Registration Module/Workflow/Update Employer Information/Template/Update Employer Information - Special Case (OTC)' successfully

2018-12-10 16:01:02 - [TEST_CASE][PASSED] - Test Cases/Final Aug 2018 - PKS Automation/Registration Module/Workflow/Update Employer Information/Template/Update Employer Information - Special Case (OTC): Test Cases/Final Aug 2018 - PKS Automation/Registration Module/Workflow/Update Employer Information/Template/Update Employer Information - Special Case (OTC)

2018-12-10 16:01:02 - [TEST_STEP][PASSED] - openBrowser: Browser is opened with url: ''

2018-12-10 16:01:02 - [MESSAGE][WARNING] - A browser is already opened. Closing browser and opening a new one

2018-12-10 16:01:05 - [MESSAGE][PASSED] - Browser is opened with url: ''

2018-12-10 16:01:05 - [TEST_STEP][PASSED] - navigateToUrl: Navigate to 'https://assist2-uat.perkeso.gov.my/login' successfully

2018-12-10 16:01:06 - [MESSAGE][PASSED] - Navigate to 'https://assist2-uat.perkeso.gov.my/login' successfully

2018-12-10 16:01:06 - [TEST_STEP][PASSED] - setText: Text 'johorotc1@gmail.com' is set on object 'Object Repository/Final Object Repo/Login Page/Internal User/Email Address'

2018-12-10 16:01:07 - [MESSAGE][PASSED] - Text 'johorotc1@gmail.com' is set on object 'Object Repository/Final Object Repo/Login Page/Internal User/Email Address'

2018-12-10 16:01:07 - [TEST_STEP][PASSED] - click: Object: 'Object Repository/Final Object Repo/Login Page/Internal User/Next Button' is clicked on

2018-12-10 16:01:07 - [MESSAGE][PASSED] - Object: 'Object Repository/Final Object Repo/Login Page/Internal User/Next Button' is clicked on

2018-12-10 16:01:07 - [TEST_STEP][PASSED] - delay: Delayed 1 second(s)

2018-12-10 16:01:08 - [MESSAGE][PASSED] - Delayed 1 second(s)

2018-12-10 16:01:08 - [TEST_STEP][PASSED] - setEncryptedText: Text ****** has been set on object 'Object Repository/Final Object Repo/Login Page/Internal User/Password'

2018-12-10 16:01:08 - [MESSAGE][PASSED] - Text ****** has been set on object 'Object Repository/Final Object Repo/Login Page/Internal User/Password'

2018-12-10 16:01:08 - [TEST_STEP][PASSED] - click: Object: 'Object Repository/Final Object Repo/Login Page/Internal User/Login Button' is clicked on

2018-12-10 16:01:08 - [MESSAGE][PASSED] - Object: 'Object Repository/Final Object Repo/Login Page/Internal User/Login Button' is clicked on

2018-12-10 16:01:08 - [TEST_STEP][PASSED] - Statement - tester = com.kms.katalon.core.testobject.ObjectRepository.findTestObject(Final Object Repo/Landing Page/Select to English): Finding Test Object with id 'Object Repository/Final Object Repo/Landing Page/Select to English'

2018-12-10 16:01:08 - [TEST_STEP][PASSED] - Statement - Try: Delayed 2 second(s)

2018-12-10 16:01:08 - [TEST_STEP][PASSED] - Statement - Checker = com.kms.katalon.core.webui.keyword.WebUiBuiltInKeywords.verifyElementNotPresent(tester, 3): Web element with id: 'Object Repository/Final Object Repo/Landing Page/Select to English' located by 'By.xpath: //a[@class = 'taglib-language-list-text' and @lang = 'en-US' and (contains(text(), 'EN') or contains(., 'EN'))]' is not present after '3' second(s)

2018-12-10 16:01:10 - [MESSAGE][PASSED] - Web element with id: 'Object Repository/Final Object Repo/Landing Page/Select to English' located by 'By.xpath: //a[@class = 'taglib-language-list-text' and @lang = 'en-US' and (contains(text(), 'EN') or contains(., 'EN'))]' is not present after '3' second(s)

2018-12-10 16:01:10 - [TEST_STEP][PASSED] - Statement - If (Checker == false): null

2018-12-10 16:01:10 - [TEST_STEP][PASSED] - delay: Delayed 2 second(s)

2018-12-10 16:01:12 - [MESSAGE][PASSED] - Delayed 2 second(s)

2018-12-10 16:01:12 - [TEST_STEP][PASSED] - delay: Delayed 5 second(s)

2018-12-10 16:01:17 - [MESSAGE][PASSED] - Delayed 5 second(s)

2018-12-10 16:01:17 - [TEST_STEP][PASSED] - navigateToUrl: Navigate to 'https://assist2-uat.perkeso.gov.my/web/registration/update/update-employer-information' successfully

2018-12-10 16:01:18 - [MESSAGE][PASSED] - Navigate to 'https://assist2-uat.perkeso.gov.my/web/registration/update/update-employer-information' successfully

2018-12-10 16:01:18 - [TEST_STEP][PASSED] - setText: Text 'E1102001065V ' is set on object 'Object Repository/Final Object Repo/Page_Update Employer Information/Employer Code'

2018-12-10 16:01:19 - [MESSAGE][PASSED] - Text 'E1102001065V ' is set on object 'Object Repository/Final Object Repo/Page_Update Employer Information/Employer Code'

2018-12-10 16:01:19 - [TEST_STEP][PASSED] - click: Object: 'Object Repository/Final Object Repo/Page_Update Employer Information/Search Button' is clicked on

2018-12-10 16:01:19 - [MESSAGE][PASSED] - Object: 'Object Repository/Final Object Repo/Page_Update Employer Information/Search Button' is clicked on

2018-12-10 16:01:19 - [TEST_STEP][PASSED] - click: Object: 'Object Repository/Final Object Repo/Page_Update Employer Information/Edit Button' is clicked on

2018-12-10 16:01:23 - [MESSAGE][PASSED] - Object: 'Object Repository/Final Object Repo/Page_Update Employer Information/Edit Button' is clicked on

2018-12-10 16:01:23 - [TEST_STEP][PASSED] - click: Object: 'Object Repository/Final Object Repo/Page_Update Employer Information/Business Entity' is clicked on

2018-12-10 16:01:23 - [MESSAGE][PASSED] - Object: 'Object Repository/Final Object Repo/Page_Update Employer Information/Business Entity' is clicked on

2018-12-10 16:01:23 - [TEST_STEP][PASSED] - Statement - CurrentBusinessEntity = "": null

2018-12-10 16:01:23 - [TEST_STEP][PASSED] - Statement - CurrentBusinessEntity = com.kms.katalon.core.webui.keyword.WebUiBuiltInKeywords.getText(com.kms.katalon.core.testobject.ObjectRepository.findTestObject(Final Object Repo/Page_Update Employer Information/Current Business Entity)): Text of object 'Object Repository/Final Object Repo/Page_Update Employer Information/Current Business Entity' is: 'Sole Proprietor / Individual Business'

2018-12-10 16:01:23 - [MESSAGE][PASSED] - Text of object 'Object Repository/Final Object Repo/Page_Update Employer Information/Current Business Entity' is: 'Sole Proprietor / Individual Business'

2018-12-10 16:01:23 - [TEST_STEP][PASSED] - Statement - out.println(CurrentBusinessEntity): null

2018-12-10 16:01:23 - [TEST_STEP][PASSED] - Statement - If (CurrentBusinessEntity == "Corporation"): null

2018-12-10 16:01:23 - [TEST_STEP][PASSED] - Statement - Else If (CurrentBusinessEntity == "Partnership"): null

2018-12-10 16:01:23 - [TEST_STEP][PASSED] - Statement - Else If (CurrentBusinessEntity == "Sole Proprietor / Individual Business"): Delayed 3 second(s)

2018-12-10 16:01:23 - [TEST_STEP][PASSED] - Statement - obj = com.kms.katalon.core.webui.keyword.WebUiBuiltInKeywords.modifyObjectProperty(com.kms.katalon.core.testobject.ObjectRepository.findTestObject(Final Object Repo/Page_Update Employer Information/change to this Business Entity), "xpath", "equals", "//ul/li/span[contains(text(),"Others")]", true, STOP_ON_FAILURE): Modify property of object successfully

2018-12-10 16:01:23 - [MESSAGE][PASSED] - Modify property of object successfully

2018-12-10 16:01:23 - [TEST_STEP][PASSED] - click: Object: 'Object Repository/Final Object Repo/Page_Update Employer Information/change to this Business Entity' is clicked on

2018-12-10 16:01:23 - [MESSAGE][PASSED] - Object: 'Object Repository/Final Object Repo/Page_Update Employer Information/change to this Business Entity' is clicked on

2018-12-10 16:01:23 - [TEST_STEP][PASSED] - delay: Delayed 1 second(s)

2018-12-10 16:01:24 - [MESSAGE][PASSED] - Delayed 1 second(s)

2018-12-10 16:01:24 - [TEST_STEP][PASSED] - click: Object: 'Object Repository/Final Object Repo/Page_Update Employer Information/Sub Business Entity' is clicked on

2018-12-10 16:01:24 - [MESSAGE][PASSED] - Object: 'Object Repository/Final Object Repo/Page_Update Employer Information/Sub Business Entity' is clicked on

2018-12-10 16:01:24 - [TEST_STEP][PASSED] - click: Object: 'Object Repository/Final Object Repo/Page_Update Employer Information/Sub Business Entity List - Others - Federal Government Agency' is clicked on

2018-12-10 16:01:25 - [MESSAGE][PASSED] - Object: 'Object Repository/Final Object Repo/Page_Update Employer Information/Sub Business Entity List - Others - Federal Government Agency' is clicked on

2018-12-10 16:01:25 - [TEST_STEP][PASSED] - delay: Delayed 1 second(s)

2018-12-10 16:01:26 - [MESSAGE][PASSED] - Delayed 1 second(s)

2018-12-10 16:01:26 - [TEST_STEP][PASSED] - click: Object: 'Object Repository/Final Object Repo/Page_Update Employer Information/Sub Business Entity List' is clicked on

2018-12-10 16:01:26 - [MESSAGE][PASSED] - Object: 'Object Repository/Final Object Repo/Page_Update Employer Information/Sub Business Entity List' is clicked on

2018-12-10 16:01:26 - [TEST_STEP][PASSED] - click: Object: 'Object Repository/Final Object Repo/Page_Update Employer Information/Sub Business Entity - Others - Federal Government Agency - Kementerian' is clicked on

2018-12-10 16:01:26 - [MESSAGE][PASSED] - Object: 'Object Repository/Final Object Repo/Page_Update Employer Information/Sub Business Entity - Others - Federal Government Agency - Kementerian' is clicked on

2018-12-10 16:01:26 - [TEST_STEP][PASSED] - delay: Delayed 3 second(s)

2018-12-10 16:01:29 - [MESSAGE][PASSED] - Delayed 3 second(s)

2018-12-10 16:01:29 - [TEST_STEP][PASSED] - delay: Delayed 4 second(s)

2018-12-10 16:01:33 - [MESSAGE][PASSED] - Delayed 4 second(s)

2018-12-10 16:01:33 - [TEST_STEP][PASSED] - click: Object: 'Object Repository/Final Object Repo/Page_Update Employer Information/Save  Continue' is clicked on

2018-12-10 16:01:33 - [MESSAGE][PASSED] - Object: 'Object Repository/Final Object Repo/Page_Update Employer Information/Save  Continue' is clicked on

2018-12-10 16:01:33 - [TEST_STEP][PASSED] - delay: Delayed 4 second(s)

2018-12-10 16:01:37 - [MESSAGE][PASSED] - Delayed 4 second(s)

2018-12-10 16:01:37 - [TEST_STEP][PASSED] - click: Object: 'Object Repository/Final Object Repo/Page_Update Employer Information/Save  Continue (1)' is clicked on

2018-12-10 16:01:38 - [MESSAGE][PASSED] - Object: 'Object Repository/Final Object Repo/Page_Update Employer Information/Save  Continue (1)' is clicked on

2018-12-10 16:01:38 - [TEST_STEP][PASSED] - delay: Delayed 4 second(s)

2018-12-10 16:01:42 - [MESSAGE][PASSED] - Delayed 4 second(s)

2018-12-10 16:01:42 - [TEST_STEP][PASSED] - Statement - CaseReferenceNo = com.kms.katalon.core.webui.keyword.WebUiBuiltInKeywords.getText(com.kms.katalon.core.testobject.ObjectRepository.findTestObject(Final Object Repo/Page_Update Employer Information/Reference Number in Update Employee Information Page)): Text of object 'Object Repository/Final Object Repo/Page_Update Employer Information/Reference Number in Update Employee Information Page' is: 'CUN122018C100005955'

2018-12-10 16:01:42 - [MESSAGE][PASSED] - Text of object 'Object Repository/Final Object Repo/Page_Update Employer Information/Reference Number in Update Employee Information Page' is: 'CUN122018C100005955'

2018-12-10 16:01:42 - [TEST_STEP][PASSED] - callTestCase: Call Test Case 'Test Cases/Final Aug 2018 - PKS Automation/Common/Reference Number Setter' successfully

2018-12-10 16:01:42 - [TEST_CASE][PASSED] - Test Cases/Final Aug 2018 - PKS Automation/Common/Reference Number Setter: Test Cases/Final Aug 2018 - PKS Automation/Common/Reference Number Setter

2018-12-10 16:01:42 - [TEST_STEP][PASSED] - Statement - RefNoOldFile = new java.io.File(C://Users//Admin//Desktop//PKS//Automation Reference Point//KatalonReference.txt): null

2018-12-10 16:01:42 - [TEST_STEP][PASSED] - Statement - RefNoOldFile.delete(): null

2018-12-10 16:01:42 - [TEST_STEP][PASSED] - delay: Delayed 5 second(s)

2018-12-10 16:01:47 - [MESSAGE][PASSED] - Delayed 5 second(s)

2018-12-10 16:01:47 - [TEST_STEP][PASSED] - Statement - RefNo = new java.io.File(C://Users//Admin//Desktop//PKS//Automation Reference Point//KatalonReference.txt): null

2018-12-10 16:01:47 - [TEST_STEP][PASSED] - Statement - f2 = new java.io.FileWriter(RefNo, false): null

2018-12-10 16:01:47 - [TEST_STEP][PASSED] - Statement - f2.write(CaseReferenceNo): null

2018-12-10 16:01:47 - [TEST_STEP][PASSED] - Statement - f2.close(): null

2018-12-10 16:01:47 - [TEST_STEP][PASSED] - Statement - out.println("


" + CaseReferenceNo + "


"): null

2018-12-10 16:01:47 - [MESSAGE][PASSED] - Call Test Case 'Test Cases/Final Aug 2018 - PKS Automation/Common/Reference Number Setter' successfully

2018-12-10 16:01:47 - [TEST_STEP][PASSED] - delay: Delayed 4 second(s)

2018-12-10 16:01:51 - [MESSAGE][PASSED] - Delayed 4 second(s)

2018-12-10 16:01:51 - [TEST_STEP][PASSED] - click: Object: 'Object Repository/Final Object Repo/Page_Update Employer Information/Submit - Copy' is clicked on

2018-12-10 16:01:51 - [MESSAGE][PASSED] - Object: 'Object Repository/Final Object Repo/Page_Update Employer Information/Submit - Copy' is clicked on

2018-12-10 16:01:51 - [TEST_STEP][PASSED] - delay: Delayed 2 second(s)

2018-12-10 16:01:53 - [MESSAGE][PASSED] - Delayed 2 second(s)

2018-12-10 16:01:53 - [TEST_STEP][PASSED] - click: Object: 'Object Repository/Final Object Repo/Page_Update Employer Information/Confirm' is clicked on

2018-12-10 16:01:53 - [MESSAGE][PASSED] - Object: 'Object Repository/Final Object Repo/Page_Update Employer Information/Confirm' is clicked on

2018-12-10 16:01:53 - [TEST_STEP][PASSED] - delay: Delayed 2 second(s)

2018-12-10 16:01:55 - [MESSAGE][PASSED] - Delayed 2 second(s)

2018-12-10 16:01:55 - [TEST_STEP][PASSED] - click: Object: 'Object Repository/Final Object Repo/Page_Update Employer Information/Message Your Request will be route' is clicked on

2018-12-10 16:01:57 - [MESSAGE][PASSED] - Object: 'Object Repository/Final Object Repo/Page_Update Employer Information/Message Your Request will be route' is clicked on

2018-12-10 16:01:57 - [MESSAGE][PASSED] - Call Test Case 'Test Cases/Final Aug 2018 - PKS Automation/Registration Module/Workflow/Update Employer Information/Template/Update Employer Information - Special Case (OTC)' successfully

2018-12-10 16:01:57 - [TEST_STEP][PASSED] - callTestCase: Call Test Case 'Test Cases/Final Aug 2018 - PKS Automation/Registration Module/Workflow/Update Employer Information/Template/Update Employer Information - Special Case - UO (Under enforcement)' successfully

2018-12-10 16:01:57 - [TEST_CASE][PASSED] - Test Cases/Final Aug 2018 - PKS Automation/Registration Module/Workflow/Update Employer Information/Template/Update Employer Information - Special Case - UO (Under enforcement): Test Cases/Final Aug 2018 - PKS Automation/Registration Module/Workflow/Update Employer Information/Template/Update Employer Information - Special Case - UO (Under enforcement)

2018-12-10 16:01:57 - [TEST_STEP][NOT_RUN] - callTestCase: NOT_RUN: callTestCase

2018-12-10 16:01:57 - [MESSAGE][NOT_RUN] - NOT_RUN: callTestCase

2018-12-10 16:01:57 - [TEST_STEP][PASSED] - delay: Delayed 1 second(s)

2018-12-10 16:01:58 - [MESSAGE][PASSED] - Delayed 1 second(s)

2018-12-10 16:01:58 - [TEST_STEP][PASSED] - navigateToUrl: Navigate to 'https://assist2-uat.perkeso.gov.my/c/portal/logout' successfully

2018-12-10 16:01:59 - [MESSAGE][PASSED] - Navigate to 'https://assist2-uat.perkeso.gov.my/c/portal/logout' successfully

2018-12-10 16:01:59 - [TEST_STEP][PASSED] - delay: Delayed 1 second(s)

2018-12-10 16:02:00 - [MESSAGE][PASSED] - Delayed 1 second(s)

2018-12-10 16:02:00 - [TEST_STEP][PASSED] - callTestCase: Call Test Case 'Test Cases/Final Aug 2018 - PKS Automation/Common/Reference Number Getter' successfully

2018-12-10 16:02:00 - [TEST_CASE][PASSED] - Test Cases/Final Aug 2018 - PKS Automation/Common/Reference Number Getter: Test Cases/Final Aug 2018 - PKS Automation/Common/Reference Number Getter

2018-12-10 16:02:00 - [TEST_STEP][PASSED] - Statement - Try: null

2018-12-10 16:02:00 - [TEST_STEP][PASSED] - Statement - RefNo = new java.io.File(C://Users//Admin//Desktop//PKS//Automation Reference Point//KatalonReference.txt): null

2018-12-10 16:02:00 - [TEST_STEP][PASSED] - Statement - bufferread = new java.io.BufferedReader(new java.io.FileReader(RefNo)): null

2018-12-10 16:02:00 - [TEST_STEP][PASSED] - Statement - readedVal = bufferread.readLine(): null

2018-12-10 16:02:00 - [TEST_STEP][PASSED] - Statement - out.println(CaseReferenceNo): null

2018-12-10 16:02:00 - [TEST_STEP][PASSED] - Statement - out.println(readedVal): null

2018-12-10 16:02:00 - [TEST_STEP][PASSED] - Statement - CaseReferenceNo = "": null

2018-12-10 16:02:00 - [TEST_STEP][PASSED] - Statement - CaseReferenceNo = readedVal: null

2018-12-10 16:02:00 - [MESSAGE][PASSED] - Call Test Case 'Test Cases/Final Aug 2018 - PKS Automation/Common/Reference Number Getter' successfully

2018-12-10 16:02:00 - [TEST_STEP][PASSED] - callTestCase: Call Test Case 'Test Cases/Final Aug 2018 - PKS Automation/Common/Workflow Owner Finder' successfully

2018-12-10 16:02:00 - [TEST_CASE][PASSED] - Test Cases/Final Aug 2018 - PKS Automation/Common/Workflow Owner Finder: Test Cases/Final Aug 2018 - PKS Automation/Common/Workflow Owner Finder

2018-12-10 16:02:00 - [TEST_STEP][PASSED] - openBrowser: Browser is opened with url: ''

2018-12-10 16:02:00 - [MESSAGE][WARNING] - A browser is already opened. Closing browser and opening a new one

2018-12-10 16:02:03 - [MESSAGE][PASSED] - Browser is opened with url: ''

2018-12-10 16:02:03 - [TEST_STEP][PASSED] - navigateToUrl: Navigate to 'https://assist2-uat.perkeso.gov.my/login' successfully

2018-12-10 16:02:04 - [MESSAGE][PASSED] - Navigate to 'https://assist2-uat.perkeso.gov.my/login' successfully

2018-12-10 16:02:04 - [TEST_STEP][PASSED] - delay: Delayed 5 second(s)

2018-12-10 16:02:09 - [MESSAGE][PASSED] - Delayed 5 second(s)

2018-12-10 16:02:09 - [TEST_STEP][PASSED] - setText: Text 'test@liferay.com' is set on object 'Object Repository/Final Object Repo/Login Page/Internal User/Email Address'

2018-12-10 16:02:09 - [MESSAGE][PASSED] - Text 'test@liferay.com' is set on object 'Object Repository/Final Object Repo/Login Page/Internal User/Email Address'

2018-12-10 16:02:09 - [TEST_STEP][PASSED] - click: Object: 'Object Repository/Final Object Repo/Login Page/Internal User/Next Button' is clicked on

2018-12-10 16:02:09 - [MESSAGE][PASSED] - Object: 'Object Repository/Final Object Repo/Login Page/Internal User/Next Button' is clicked on

2018-12-10 16:02:09 - [TEST_STEP][PASSED] - delay: Delayed 2 second(s)

2018-12-10 16:02:11 - [MESSAGE][PASSED] - Delayed 2 second(s)

2018-12-10 16:02:11 - [TEST_STEP][PASSED] - setText: Text 'test' is set on object 'Object Repository/Final Object Repo/Login Page/Internal User/Password'

2018-12-10 16:02:11 - [MESSAGE][PASSED] - Text 'test' is set on object 'Object Repository/Final Object Repo/Login Page/Internal User/Password'

2018-12-10 16:02:11 - [TEST_STEP][PASSED] - delay: Delayed 2 second(s)

2018-12-10 16:02:13 - [MESSAGE][PASSED] - Delayed 2 second(s)

2018-12-10 16:02:13 - [TEST_STEP][PASSED] - click: Object: 'Object Repository/Final Object Repo/Login Page/Internal User/Login Button' is clicked on

2018-12-10 16:02:14 - [MESSAGE][PASSED] - Object: 'Object Repository/Final Object Repo/Login Page/Internal User/Login Button' is clicked on

2018-12-10 16:02:14 - [TEST_STEP][PASSED] - Statement - tester = com.kms.katalon.core.testobject.ObjectRepository.findTestObject(Final Object Repo/Landing Page/Select to English): Finding Test Object with id 'Object Repository/Final Object Repo/Landing Page/Select to English'

2018-12-10 16:02:14 - [TEST_STEP][PASSED] - Statement - Try: Delayed 2 second(s)

2018-12-10 16:02:14 - [TEST_STEP][PASSED] - Statement - Checker = com.kms.katalon.core.webui.keyword.WebUiBuiltInKeywords.verifyElementNotPresent(tester, 3): Web element with id: 'Object Repository/Final Object Repo/Landing Page/Select to English' located by 'By.xpath: //a[@class = 'taglib-language-list-text' and @lang = 'en-US' and (contains(text(), 'EN') or contains(., 'EN'))]' is not present after '3' second(s)

2018-12-10 16:02:15 - [MESSAGE][PASSED] - Web element with id: 'Object Repository/Final Object Repo/Landing Page/Select to English' located by 'By.xpath: //a[@class = 'taglib-language-list-text' and @lang = 'en-US' and (contains(text(), 'EN') or contains(., 'EN'))]' is not present after '3' second(s)

2018-12-10 16:02:15 - [TEST_STEP][PASSED] - Statement - If (Checker == false): null

2018-12-10 16:02:15 - [TEST_STEP][PASSED] - delay: Delayed 2 second(s)

2018-12-10 16:02:17 - [MESSAGE][PASSED] - Delayed 2 second(s)

2018-12-10 16:02:17 - [TEST_STEP][PASSED] - delay: Delayed 5 second(s)

2018-12-10 16:02:22 - [MESSAGE][PASSED] - Delayed 5 second(s)

2018-12-10 16:02:22 - [TEST_STEP][PASSED] - mouseOver: Object: 'Object Repository/Final Object Repo/Landing Page/WorkFlow Menu' is hovered

2018-12-10 16:02:22 - [MESSAGE][PASSED] - Object: 'Object Repository/Final Object Repo/Landing Page/WorkFlow Menu' is hovered

2018-12-10 16:02:22 - [TEST_STEP][PASSED] - delay: Delayed 2 second(s)

2018-12-10 16:02:24 - [MESSAGE][PASSED] - Delayed 2 second(s)

2018-12-10 16:02:24 - [TEST_STEP][PASSED] - click: Object: 'Object Repository/Final Object Repo/Landing Page/Select to Workflow Listing' is clicked on

2018-12-10 16:02:25 - [MESSAGE][PASSED] - Object: 'Object Repository/Final Object Repo/Landing Page/Select to Workflow Listing' is clicked on

2018-12-10 16:02:25 - [TEST_STEP][PASSED] - delay: Delayed 2 second(s)

2018-12-10 16:02:28 - [MESSAGE][PASSED] - Delayed 2 second(s)

2018-12-10 16:02:28 - [TEST_STEP][PASSED] - click: Object: 'Object Repository/Final Object Repo/WorkFlow Listing Page/Search Information - To Put Ref No' is clicked on

2018-12-10 16:02:28 - [MESSAGE][PASSED] - Object: 'Object Repository/Final Object Repo/WorkFlow Listing Page/Search Information - To Put Ref No' is clicked on

2018-12-10 16:02:28 - [TEST_STEP][PASSED] - delay: Delayed 2 second(s)

2018-12-10 16:02:30 - [MESSAGE][PASSED] - Delayed 2 second(s)

2018-12-10 16:02:30 - [TEST_STEP][PASSED] - callTestCase: Call Test Case 'Test Cases/Final Aug 2018 - PKS Automation/Common/Reference Number Getter' successfully

2018-12-10 16:02:30 - [TEST_CASE][PASSED] - Test Cases/Final Aug 2018 - PKS Automation/Common/Reference Number Getter: Test Cases/Final Aug 2018 - PKS Automation/Common/Reference Number Getter

2018-12-10 16:02:30 - [TEST_STEP][PASSED] - Statement - Try: null

2018-12-10 16:02:30 - [TEST_STEP][PASSED] - Statement - RefNo = new java.io.File(C://Users//Admin//Desktop//PKS//Automation Reference Point//KatalonReference.txt): null

2018-12-10 16:02:30 - [TEST_STEP][PASSED] - Statement - bufferread = new java.io.BufferedReader(new java.io.FileReader(RefNo)): null

2018-12-10 16:02:30 - [TEST_STEP][PASSED] - Statement - readedVal = bufferread.readLine(): null

2018-12-10 16:02:30 - [TEST_STEP][PASSED] - Statement - out.println(CaseReferenceNo): null

2018-12-10 16:02:30 - [TEST_STEP][PASSED] - Statement - out.println(readedVal): null

2018-12-10 16:02:30 - [TEST_STEP][PASSED] - Statement - CaseReferenceNo = "": null

2018-12-10 16:02:30 - [TEST_STEP][PASSED] - Statement - CaseReferenceNo = readedVal: null

2018-12-10 16:02:30 - [MESSAGE][PASSED] - Call Test Case 'Test Cases/Final Aug 2018 - PKS Automation/Common/Reference Number Getter' successfully

2018-12-10 16:02:30 - [TEST_STEP][PASSED] - setText: Text 'CUN122018C100005955' is set on object 'Object Repository/Final Object Repo/WorkFlow Listing Page/Ref No Set Text'

2018-12-10 16:02:30 - [MESSAGE][PASSED] - Text 'CUN122018C100005955' is set on object 'Object Repository/Final Object Repo/WorkFlow Listing Page/Ref No Set Text'

2018-12-10 16:02:30 - [TEST_STEP][PASSED] - delay: Delayed 2 second(s)

2018-12-10 16:02:32 - [MESSAGE][PASSED] - Delayed 2 second(s)

2018-12-10 16:02:32 - [TEST_STEP][PASSED] - click: Object: 'Object Repository/Final Object Repo/WorkFlow Listing Page/Search Ref No Search Button' is clicked on

2018-12-10 16:02:32 - [MESSAGE][PASSED] - Object: 'Object Repository/Final Object Repo/WorkFlow Listing Page/Search Ref No Search Button' is clicked on

2018-12-10 16:02:32 - [TEST_STEP][PASSED] - delay: Delayed 6 second(s)

2018-12-10 16:02:38 - [MESSAGE][PASSED] - Delayed 6 second(s)

2018-12-10 16:02:38 - [TEST_STEP][PASSED] - click: Object: 'Object Repository/Final Object Repo/WorkFlow Listing Page/Click Continue Tooltip' is clicked on

2018-12-10 16:02:40 - [MESSAGE][PASSED] - Object: 'Object Repository/Final Object Repo/WorkFlow Listing Page/Click Continue Tooltip' is clicked on

2018-12-10 16:02:40 - [TEST_STEP][PASSED] - delay: Delayed 5 second(s)

2018-12-10 16:02:45 - [MESSAGE][PASSED] - Delayed 5 second(s)

2018-12-10 16:02:45 - [TEST_STEP][PASSED] - doubleClick: Object: 'Object Repository/Final Object Repo/WorkFlow Listing Page/Workflow Found - Listing 1' is double clicked on

2018-12-10 16:02:45 - [MESSAGE][PASSED] - Object: 'Object Repository/Final Object Repo/WorkFlow Listing Page/Workflow Found - Listing 1' is double clicked on

2018-12-10 16:02:45 - [TEST_STEP][PASSED] - Statement - println(OwnerID): null

2018-12-10 16:02:45 - [TEST_STEP][PASSED] - Statement - OwnerID = com.kms.katalon.core.webui.keyword.WebUiBuiltInKeywords.getText(com.kms.katalon.core.testobject.ObjectRepository.findTestObject(Final Object Repo/WorkFlow Listing Page/Workflow Found - Listing 1), STOP_ON_FAILURE): Text of object 'Object Repository/Final Object Repo/WorkFlow Listing Page/Workflow Found - Listing 1' is: 'JOHORuo3'

2018-12-10 16:02:45 - [MESSAGE][PASSED] - Text of object 'Object Repository/Final Object Repo/WorkFlow Listing Page/Workflow Found - Listing 1' is: 'JOHORuo3'

2018-12-10 16:02:45 - [TEST_STEP][PASSED] - Statement - OwnerID = OwnerID.toLowerCase() + "@gmail.com": null

2018-12-10 16:02:45 - [TEST_STEP][PASSED] - Statement - println(OwnerID): null

2018-12-10 16:02:45 - [TEST_STEP][PASSED] - delay: Delayed 2 second(s)

2018-12-10 16:02:47 - [MESSAGE][PASSED] - Delayed 2 second(s)

2018-12-10 16:02:47 - [MESSAGE][PASSED] - Call Test Case 'Test Cases/Final Aug 2018 - PKS Automation/Common/Workflow Owner Finder' successfully

2018-12-10 16:02:47 - [TEST_STEP][PASSED] - delay: Delayed 1 second(s)

2018-12-10 16:02:48 - [MESSAGE][PASSED] - Delayed 1 second(s)

2018-12-10 16:02:48 - [TEST_STEP][PASSED] - navigateToUrl: Navigate to 'https://assist2-uat.perkeso.gov.my/c/portal/logout' successfully

2018-12-10 16:02:49 - [MESSAGE][PASSED] - Navigate to 'https://assist2-uat.perkeso.gov.my/c/portal/logout' successfully

2018-12-10 16:02:49 - [TEST_STEP][PASSED] - delay: Delayed 1 second(s)

2018-12-10 16:02:50 - [MESSAGE][PASSED] - Delayed 1 second(s)

2018-12-10 16:02:50 - [TEST_STEP][PASSED] - callTestCase: Call Test Case 'Test Cases/Final Aug 2018 - PKS Automation/Registration Module/Workflow/Login and Search Case For Workflow' successfully

2018-12-10 16:02:50 - [TEST_CASE][PASSED] - Test Cases/Final Aug 2018 - PKS Automation/Registration Module/Workflow/Login and Search Case For Workflow: Test Cases/Final Aug 2018 - PKS Automation/Registration Module/Workflow/Login and Search Case For Workflow

2018-12-10 16:02:50 - [TEST_STEP][PASSED] - navigateToUrl: Navigate to 'https://assist2-uat.perkeso.gov.my/login' successfully

2018-12-10 16:02:50 - [MESSAGE][PASSED] - Navigate to 'https://assist2-uat.perkeso.gov.my/login' successfully

2018-12-10 16:02:50 - [TEST_STEP][PASSED] - setText: Text 'johoruo3@gmail.com' is set on object 'Object Repository/Final Object Repo/Login Page/Internal User/Email Address'

2018-12-10 16:02:51 - [MESSAGE][PASSED] - Text 'johoruo3@gmail.com' is set on object 'Object Repository/Final Object Repo/Login Page/Internal User/Email Address'

2018-12-10 16:02:51 - [TEST_STEP][PASSED] - click: Object: 'Object Repository/Final Object Repo/Login Page/Internal User/Next Button' is clicked on

2018-12-10 16:02:51 - [MESSAGE][PASSED] - Object: 'Object Repository/Final Object Repo/Login Page/Internal User/Next Button' is clicked on

2018-12-10 16:02:51 - [TEST_STEP][PASSED] - delay: Delayed 1 second(s)

2018-12-10 16:02:52 - [MESSAGE][PASSED] - Delayed 1 second(s)

2018-12-10 16:02:52 - [TEST_STEP][PASSED] - setEncryptedText: Text ****** has been set on object 'Object Repository/Final Object Repo/Login Page/Internal User/Password'

2018-12-10 16:02:52 - [MESSAGE][PASSED] - Text ****** has been set on object 'Object Repository/Final Object Repo/Login Page/Internal User/Password'

2018-12-10 16:02:52 - [TEST_STEP][PASSED] - click: Object: 'Object Repository/Final Object Repo/Login Page/Internal User/Login Button' is clicked on

2018-12-10 16:02:52 - [MESSAGE][PASSED] - Object: 'Object Repository/Final Object Repo/Login Page/Internal User/Login Button' is clicked on

2018-12-10 16:02:52 - [TEST_STEP][PASSED] - delay: Delayed 2 second(s)

2018-12-10 16:02:54 - [MESSAGE][PASSED] - Delayed 2 second(s)

2018-12-10 16:02:54 - [TEST_STEP][PASSED] - Statement - Try: Delayed 2 second(s)

2018-12-10 16:02:54 - [TEST_STEP][PASSED] - Statement - Checker = false: null

2018-12-10 16:02:54 - [TEST_STEP][PASSED] - Statement - Checker = com.kms.katalon.core.webui.keyword.WebUiBuiltInKeywords.verifyElementHasAttribute(com.kms.katalon.core.testobject.ObjectRepository.findTestObject(Final Object Repo/Landing Page/BM Detecting), "href", 20, OPTIONAL): Object 'Object Repository/Final Object Repo/Landing Page/BM Detecting' has attribute 'href'

2018-12-10 16:02:54 - [MESSAGE][PASSED] - Object 'Object Repository/Final Object Repo/Landing Page/BM Detecting' has attribute 'href'

2018-12-10 16:02:54 - [TEST_STEP][PASSED] - Statement - out.println(Checker): null

2018-12-10 16:02:54 - [TEST_STEP][PASSED] - Statement - If (Checker == false): null

2018-12-10 16:02:54 - [TEST_STEP][PASSED] - Statement - Else: null

2018-12-10 16:02:54 - [TEST_STEP][PASSED] - delay: Delayed 2 second(s)

2018-12-10 16:02:56 - [MESSAGE][PASSED] - Delayed 2 second(s)

2018-12-10 16:02:56 - [TEST_STEP][PASSED] - click: Object: 'Object Repository/Final Object Repo/Page_MyASSIST - ASSIST - Search Pending Case For Add Supporting Document/Search Information' is clicked on

2018-12-10 16:02:56 - [MESSAGE][PASSED] - Object: 'Object Repository/Final Object Repo/Page_MyASSIST - ASSIST - Search Pending Case For Add Supporting Document/Search Information' is clicked on

2018-12-10 16:02:56 - [TEST_STEP][PASSED] - delay: Delayed 3 second(s)

2018-12-10 16:02:59 - [MESSAGE][PASSED] - Delayed 3 second(s)

2018-12-10 16:02:59 - [TEST_STEP][PASSED] - sendKeys: Keys 'CUN122018C100005955' sent to object: 'Object Repository/Final Object Repo/Page_MyASSIST - ASSIST - Search Pending Case For Add Supporting Document/Reference No'

2018-12-10 16:03:00 - [MESSAGE][PASSED] - Keys 'CUN122018C100005955' sent to object: 'Object Repository/Final Object Repo/Page_MyASSIST - ASSIST - Search Pending Case For Add Supporting Document/Reference No'

2018-12-10 16:03:00 - [TEST_STEP][PASSED] - click: Object: 'Object Repository/Final Object Repo/Page_MyASSIST - ASSIST - Search Pending Case For Add Supporting Document/Search Reference No' is clicked on

2018-12-10 16:03:00 - [MESSAGE][PASSED] - Object: 'Object Repository/Final Object Repo/Page_MyASSIST - ASSIST - Search Pending Case For Add Supporting Document/Search Reference No' is clicked on

2018-12-10 16:03:00 - [TEST_STEP][PASSED] - delay: Delayed 2 second(s)

2018-12-10 16:03:02 - [MESSAGE][PASSED] - Delayed 2 second(s)

2018-12-10 16:03:02 - [TEST_STEP][PASSED] - click: Object: 'Object Repository/Final Object Repo/Page_MyASSIST - ASSIST - Search Pending Case For Add Supporting Document/Continue' is clicked on

2018-12-10 16:03:06 - [MESSAGE][PASSED] - Object: 'Object Repository/Final Object Repo/Page_MyASSIST - ASSIST - Search Pending Case For Add Supporting Document/Continue' is clicked on

2018-12-10 16:03:06 - [TEST_STEP][PASSED] - delay: Delayed 20 second(s)

2018-12-10 16:03:26 - [MESSAGE][PASSED] - Delayed 20 second(s)

2018-12-10 16:03:26 - [MESSAGE][PASSED] - Call Test Case 'Test Cases/Final Aug 2018 - PKS Automation/Registration Module/Workflow/Login and Search Case For Workflow' successfully

2018-12-10 16:03:26 - [TEST_STEP][PASSED] - delay: Delayed 2 second(s)

2018-12-10 16:03:28 - [MESSAGE][PASSED] - Delayed 2 second(s)

2018-12-10 16:03:28 - [TEST_STEP][PASSED] - click: Object: 'Object Repository/Final Object Repo/Page_Update Employer Information/Page_Update Employer Information UO (Approve)/Continue' is clicked on

2018-12-10 16:03:31 - [MESSAGE][PASSED] - Object: 'Object Repository/Final Object Repo/Page_Update Employer Information/Page_Update Employer Information UO (Approve)/Continue' is clicked on

2018-12-10 16:03:31 - [TEST_STEP][PASSED] - delay: Delayed 2 second(s)

2018-12-10 16:03:33 - [MESSAGE][PASSED] - Delayed 2 second(s)

2018-12-10 16:03:33 - [TEST_STEP][PASSED] - click: Object: 'Object Repository/Final Object Repo/Page_Update Employer Information/Page_Update Employer Information UO (Approve)/Save  Continue in Update Employer Information Page' is clicked on

2018-12-10 16:03:33 - [MESSAGE][PASSED] - Object: 'Object Repository/Final Object Repo/Page_Update Employer Information/Page_Update Employer Information UO (Approve)/Save  Continue in Update Employer Information Page' is clicked on

2018-12-10 16:03:33 - [TEST_STEP][PASSED] - delay: Delayed 2 second(s)

2018-12-10 16:03:35 - [MESSAGE][PASSED] - Delayed 2 second(s)

2018-12-10 16:03:35 - [TEST_STEP][PASSED] - click: Object: 'Object Repository/Final Object Repo/Page_Update Employer Information/Page_Update Employer Information UO (Approve)/Save  Continue in Uploading Supporting Document Page' is clicked on

2018-12-10 16:03:38 - [MESSAGE][PASSED] - Object: 'Object Repository/Final Object Repo/Page_Update Employer Information/Page_Update Employer Information UO (Approve)/Save  Continue in Uploading Supporting Document Page' is clicked on

2018-12-10 16:03:38 - [TEST_STEP][PASSED] - delay: Delayed 2 second(s)

2018-12-10 16:03:40 - [MESSAGE][PASSED] - Delayed 2 second(s)

2018-12-10 16:03:40 - [TEST_STEP][PASSED] - click: Object: 'Object Repository/Final Object Repo/Page_Update Employer Information/Page_Update Employer Information UO (Under enforcement)/Under enforcement' is clicked on

2018-12-10 16:03:42 - [MESSAGE][PASSED] - Object: 'Object Repository/Final Object Repo/Page_Update Employer Information/Page_Update Employer Information UO (Under enforcement)/Under enforcement' is clicked on

2018-12-10 16:03:42 - [TEST_STEP][PASSED] - delay: Delayed 2 second(s)

2018-12-10 16:03:44 - [MESSAGE][PASSED] - Delayed 2 second(s)

2018-12-10 16:03:44 - [TEST_STEP][PASSED] - setText: Text 'remark' is set on object 'Object Repository/Final Object Repo/Page_Update Employer Information/Page_Update Employer Information UO (Under enforcement)/Under enforcement - remark'

2018-12-10 16:03:44 - [MESSAGE][PASSED] - Text 'remark' is set on object 'Object Repository/Final Object Repo/Page_Update Employer Information/Page_Update Employer Information UO (Under enforcement)/Under enforcement - remark'

2018-12-10 16:03:44 - [TEST_STEP][PASSED] - delay: Delayed 2 second(s)

2018-12-10 16:03:46 - [MESSAGE][PASSED] - Delayed 2 second(s)

2018-12-10 16:03:46 - [TEST_STEP][PASSED] - click: Object: 'Object Repository/Final Object Repo/Page_Update Employer Information/Page_Update Employer Information UO (Under enforcement)/Save  Continue in Under enfocement Page' is clicked on

2018-12-10 16:03:46 - [MESSAGE][PASSED] - Object: 'Object Repository/Final Object Repo/Page_Update Employer Information/Page_Update Employer Information UO (Under enforcement)/Save  Continue in Under enfocement Page' is clicked on

2018-12-10 16:03:46 - [TEST_STEP][PASSED] - delay: Delayed 2 second(s)

2018-12-10 16:03:48 - [MESSAGE][PASSED] - Delayed 2 second(s)

2018-12-10 16:03:48 - [TEST_STEP][PASSED] - doubleClick: Object: 'Object Repository/Final Object Repo/Page_Update Employer Information/Page_Update Employer Information UO (Under enforcement)/Message The case is under enforceme' is double clicked on

2018-12-10 16:03:49 - [MESSAGE][PASSED] - Object: 'Object Repository/Final Object Repo/Page_Update Employer Information/Page_Update Employer Information UO (Under enforcement)/Message The case is under enforceme' is double clicked on

2018-12-10 16:03:49 - [MESSAGE][PASSED] - Call Test Case 'Test Cases/Final Aug 2018 - PKS Automation/Registration Module/Workflow/Update Employer Information/Template/Update Employer Information - Special Case - UO (Under enforcement)' successfully]]></system-out>
         <system-err><![CDATA[]]></system-err>
      </testcase>
      <testcase name="Test Cases/Final Aug 2018 - PKS Automation/Registration Module/Workflow/Update Employer Information/PAU - UO (Approve)" classname="Test Cases/Final Aug 2018 - PKS Automation/Registration Module/Workflow/Update Employer Information/PAU - UO (Approve)" status="PASSED">
         <system-out><![CDATA[2018-12-10 16:03:49 - [TEST_CASE][PASSED] - Test Cases/Final Aug 2018 - PKS Automation/Registration Module/Workflow/Update Employer Information/PAU - UO (Approve): Test Cases/Final Aug 2018 - PKS Automation/Registration Module/Workflow/Update Employer Information/PAU - UO (Approve)

2018-12-10 16:03:50 - [TEST_STEP][PASSED] - callTestCase: Call Test Case 'Test Cases/Final Aug 2018 - PKS Automation/Registration Module/Workflow/Update Employer Information/Template/Update Employer Information - Special Case (PAU)' successfully

2018-12-10 16:03:50 - [TEST_CASE][PASSED] - Test Cases/Final Aug 2018 - PKS Automation/Registration Module/Workflow/Update Employer Information/Template/Update Employer Information - Special Case (PAU): Test Cases/Final Aug 2018 - PKS Automation/Registration Module/Workflow/Update Employer Information/Template/Update Employer Information - Special Case (PAU)

2018-12-10 16:03:50 - [TEST_STEP][PASSED] - openBrowser: Browser is opened with url: ''

2018-12-10 16:03:50 - [MESSAGE][WARNING] - A browser is already opened. Closing browser and opening a new one

2018-12-10 16:03:53 - [MESSAGE][PASSED] - Browser is opened with url: ''

2018-12-10 16:03:53 - [TEST_STEP][PASSED] - navigateToUrl: Navigate to 'https://assist2-uat.perkeso.gov.my/login' successfully

2018-12-10 16:03:54 - [MESSAGE][PASSED] - Navigate to 'https://assist2-uat.perkeso.gov.my/login' successfully

2018-12-10 16:03:54 - [TEST_STEP][PASSED] - setText: Text 'johorpau1@gmail.com' is set on object 'Object Repository/Final Object Repo/Login Page/Internal User/Email Address'

2018-12-10 16:03:54 - [MESSAGE][PASSED] - Text 'johorpau1@gmail.com' is set on object 'Object Repository/Final Object Repo/Login Page/Internal User/Email Address'

2018-12-10 16:03:54 - [TEST_STEP][PASSED] - click: Object: 'Object Repository/Final Object Repo/Login Page/Internal User/Next Button' is clicked on

2018-12-10 16:03:55 - [MESSAGE][PASSED] - Object: 'Object Repository/Final Object Repo/Login Page/Internal User/Next Button' is clicked on

2018-12-10 16:03:55 - [TEST_STEP][PASSED] - delay: Delayed 1 second(s)

2018-12-10 16:03:56 - [MESSAGE][PASSED] - Delayed 1 second(s)

2018-12-10 16:03:56 - [TEST_STEP][PASSED] - setEncryptedText: Text ****** has been set on object 'Object Repository/Final Object Repo/Login Page/Internal User/Password'

2018-12-10 16:03:56 - [MESSAGE][PASSED] - Text ****** has been set on object 'Object Repository/Final Object Repo/Login Page/Internal User/Password'

2018-12-10 16:03:56 - [TEST_STEP][PASSED] - click: Object: 'Object Repository/Final Object Repo/Login Page/Internal User/Login Button' is clicked on

2018-12-10 16:03:56 - [MESSAGE][PASSED] - Object: 'Object Repository/Final Object Repo/Login Page/Internal User/Login Button' is clicked on

2018-12-10 16:03:56 - [TEST_STEP][PASSED] - Statement - tester = com.kms.katalon.core.testobject.ObjectRepository.findTestObject(Final Object Repo/Landing Page/Select to English): Finding Test Object with id 'Object Repository/Final Object Repo/Landing Page/Select to English'

2018-12-10 16:03:56 - [TEST_STEP][PASSED] - Statement - Try: Delayed 2 second(s)

2018-12-10 16:03:56 - [TEST_STEP][PASSED] - Statement - Checker = com.kms.katalon.core.webui.keyword.WebUiBuiltInKeywords.verifyElementNotPresent(tester, 3): Web element with id: 'Object Repository/Final Object Repo/Landing Page/Select to English' located by 'By.xpath: //a[@class = 'taglib-language-list-text' and @lang = 'en-US' and (contains(text(), 'EN') or contains(., 'EN'))]' is not present after '3' second(s)

2018-12-10 16:03:58 - [MESSAGE][PASSED] - Web element with id: 'Object Repository/Final Object Repo/Landing Page/Select to English' located by 'By.xpath: //a[@class = 'taglib-language-list-text' and @lang = 'en-US' and (contains(text(), 'EN') or contains(., 'EN'))]' is not present after '3' second(s)

2018-12-10 16:03:58 - [TEST_STEP][PASSED] - Statement - If (Checker == false): null

2018-12-10 16:03:58 - [TEST_STEP][PASSED] - delay: Delayed 2 second(s)

2018-12-10 16:04:00 - [MESSAGE][PASSED] - Delayed 2 second(s)

2018-12-10 16:04:00 - [TEST_STEP][PASSED] - delay: Delayed 5 second(s)

2018-12-10 16:04:05 - [MESSAGE][PASSED] - Delayed 5 second(s)

2018-12-10 16:04:05 - [TEST_STEP][PASSED] - navigateToUrl: Navigate to 'https://assist2-uat.perkeso.gov.my/web/registration/update/update-employer-information' successfully

2018-12-10 16:04:06 - [MESSAGE][PASSED] - Navigate to 'https://assist2-uat.perkeso.gov.my/web/registration/update/update-employer-information' successfully

2018-12-10 16:04:06 - [TEST_STEP][PASSED] - setText: Text 'E1102001065V ' is set on object 'Object Repository/Final Object Repo/Page_Update Employer Information/Employer Code'

2018-12-10 16:04:07 - [MESSAGE][PASSED] - Text 'E1102001065V ' is set on object 'Object Repository/Final Object Repo/Page_Update Employer Information/Employer Code'

2018-12-10 16:04:07 - [TEST_STEP][PASSED] - click: Object: 'Object Repository/Final Object Repo/Page_Update Employer Information/Search Button' is clicked on

2018-12-10 16:04:07 - [MESSAGE][PASSED] - Object: 'Object Repository/Final Object Repo/Page_Update Employer Information/Search Button' is clicked on

2018-12-10 16:04:07 - [TEST_STEP][PASSED] - click: Object: 'Object Repository/Final Object Repo/Page_Update Employer Information/Edit Button' is clicked on

2018-12-10 16:04:11 - [MESSAGE][PASSED] - Object: 'Object Repository/Final Object Repo/Page_Update Employer Information/Edit Button' is clicked on

2018-12-10 16:04:11 - [TEST_STEP][PASSED] - click: Object: 'Object Repository/Final Object Repo/Page_Update Employer Information/Business Entity' is clicked on

2018-12-10 16:04:11 - [MESSAGE][PASSED] - Object: 'Object Repository/Final Object Repo/Page_Update Employer Information/Business Entity' is clicked on

2018-12-10 16:04:11 - [TEST_STEP][PASSED] - Statement - CurrentBusinessEntity = "": null

2018-12-10 16:04:11 - [TEST_STEP][PASSED] - Statement - CurrentBusinessEntity = com.kms.katalon.core.webui.keyword.WebUiBuiltInKeywords.getText(com.kms.katalon.core.testobject.ObjectRepository.findTestObject(Final Object Repo/Page_Update Employer Information/Current Business Entity)): Text of object 'Object Repository/Final Object Repo/Page_Update Employer Information/Current Business Entity' is: 'Sole Proprietor / Individual Business'

2018-12-10 16:04:11 - [MESSAGE][PASSED] - Text of object 'Object Repository/Final Object Repo/Page_Update Employer Information/Current Business Entity' is: 'Sole Proprietor / Individual Business'

2018-12-10 16:04:11 - [TEST_STEP][PASSED] - Statement - out.println(CurrentBusinessEntity): null

2018-12-10 16:04:11 - [TEST_STEP][PASSED] - Statement - If (CurrentBusinessEntity == "Corporation"): null

2018-12-10 16:04:11 - [TEST_STEP][PASSED] - Statement - Else If (CurrentBusinessEntity == "Partnership"): null

2018-12-10 16:04:11 - [TEST_STEP][PASSED] - Statement - Else If (CurrentBusinessEntity == "Sole Proprietor / Individual Business"): Delayed 3 second(s)

2018-12-10 16:04:11 - [TEST_STEP][PASSED] - Statement - obj = com.kms.katalon.core.webui.keyword.WebUiBuiltInKeywords.modifyObjectProperty(com.kms.katalon.core.testobject.ObjectRepository.findTestObject(Final Object Repo/Page_Update Employer Information/change to this Business Entity), "xpath", "equals", "//ul/li/span[contains(text(),"Others")]", true, STOP_ON_FAILURE): Modify property of object successfully

2018-12-10 16:04:11 - [MESSAGE][PASSED] - Modify property of object successfully

2018-12-10 16:04:11 - [TEST_STEP][PASSED] - click: Object: 'Object Repository/Final Object Repo/Page_Update Employer Information/change to this Business Entity' is clicked on

2018-12-10 16:04:11 - [MESSAGE][PASSED] - Object: 'Object Repository/Final Object Repo/Page_Update Employer Information/change to this Business Entity' is clicked on

2018-12-10 16:04:11 - [TEST_STEP][PASSED] - delay: Delayed 1 second(s)

2018-12-10 16:04:12 - [MESSAGE][PASSED] - Delayed 1 second(s)

2018-12-10 16:04:12 - [TEST_STEP][PASSED] - click: Object: 'Object Repository/Final Object Repo/Page_Update Employer Information/Sub Business Entity' is clicked on

2018-12-10 16:04:13 - [MESSAGE][PASSED] - Object: 'Object Repository/Final Object Repo/Page_Update Employer Information/Sub Business Entity' is clicked on

2018-12-10 16:04:13 - [TEST_STEP][PASSED] - click: Object: 'Object Repository/Final Object Repo/Page_Update Employer Information/Sub Business Entity List - Others - Federal Government Agency' is clicked on

2018-12-10 16:04:13 - [MESSAGE][PASSED] - Object: 'Object Repository/Final Object Repo/Page_Update Employer Information/Sub Business Entity List - Others - Federal Government Agency' is clicked on

2018-12-10 16:04:13 - [TEST_STEP][PASSED] - delay: Delayed 1 second(s)

2018-12-10 16:04:14 - [MESSAGE][PASSED] - Delayed 1 second(s)

2018-12-10 16:04:14 - [TEST_STEP][PASSED] - click: Object: 'Object Repository/Final Object Repo/Page_Update Employer Information/Sub Business Entity List' is clicked on

2018-12-10 16:04:14 - [MESSAGE][PASSED] - Object: 'Object Repository/Final Object Repo/Page_Update Employer Information/Sub Business Entity List' is clicked on

2018-12-10 16:04:14 - [TEST_STEP][PASSED] - click: Object: 'Object Repository/Final Object Repo/Page_Update Employer Information/Sub Business Entity - Others - Federal Government Agency - Kementerian' is clicked on

2018-12-10 16:04:14 - [MESSAGE][PASSED] - Object: 'Object Repository/Final Object Repo/Page_Update Employer Information/Sub Business Entity - Others - Federal Government Agency - Kementerian' is clicked on

2018-12-10 16:04:14 - [TEST_STEP][PASSED] - delay: Delayed 3 second(s)

2018-12-10 16:04:17 - [MESSAGE][PASSED] - Delayed 3 second(s)

2018-12-10 16:04:17 - [TEST_STEP][PASSED] - delay: Delayed 4 second(s)

2018-12-10 16:04:21 - [MESSAGE][PASSED] - Delayed 4 second(s)

2018-12-10 16:04:21 - [TEST_STEP][PASSED] - click: Object: 'Object Repository/Final Object Repo/Page_Update Employer Information/Save  Continue' is clicked on

2018-12-10 16:04:21 - [MESSAGE][PASSED] - Object: 'Object Repository/Final Object Repo/Page_Update Employer Information/Save  Continue' is clicked on

2018-12-10 16:04:21 - [TEST_STEP][PASSED] - delay: Delayed 4 second(s)

2018-12-10 16:04:25 - [MESSAGE][PASSED] - Delayed 4 second(s)

2018-12-10 16:04:25 - [TEST_STEP][PASSED] - click: Object: 'Object Repository/Final Object Repo/Page_Update Employer Information/Save  Continue (1)' is clicked on

2018-12-10 16:04:26 - [MESSAGE][PASSED] - Object: 'Object Repository/Final Object Repo/Page_Update Employer Information/Save  Continue (1)' is clicked on

2018-12-10 16:04:26 - [TEST_STEP][PASSED] - delay: Delayed 4 second(s)

2018-12-10 16:04:30 - [MESSAGE][PASSED] - Delayed 4 second(s)

2018-12-10 16:04:30 - [TEST_STEP][PASSED] - Statement - CaseReferenceNo = com.kms.katalon.core.webui.keyword.WebUiBuiltInKeywords.getText(com.kms.katalon.core.testobject.ObjectRepository.findTestObject(Final Object Repo/Page_Update Employer Information/Reference Number in Update Employee Information Page)): Text of object 'Object Repository/Final Object Repo/Page_Update Employer Information/Reference Number in Update Employee Information Page' is: 'CUN122018C100005956'

2018-12-10 16:04:30 - [MESSAGE][PASSED] - Text of object 'Object Repository/Final Object Repo/Page_Update Employer Information/Reference Number in Update Employee Information Page' is: 'CUN122018C100005956'

2018-12-10 16:04:30 - [TEST_STEP][PASSED] - callTestCase: Call Test Case 'Test Cases/Final Aug 2018 - PKS Automation/Common/Reference Number Setter' successfully

2018-12-10 16:04:30 - [TEST_CASE][PASSED] - Test Cases/Final Aug 2018 - PKS Automation/Common/Reference Number Setter: Test Cases/Final Aug 2018 - PKS Automation/Common/Reference Number Setter

2018-12-10 16:04:30 - [TEST_STEP][PASSED] - Statement - RefNoOldFile = new java.io.File(C://Users//Admin//Desktop//PKS//Automation Reference Point//KatalonReference.txt): null

2018-12-10 16:04:30 - [TEST_STEP][PASSED] - Statement - RefNoOldFile.delete(): null

2018-12-10 16:04:30 - [TEST_STEP][PASSED] - delay: Delayed 5 second(s)

2018-12-10 16:04:35 - [MESSAGE][PASSED] - Delayed 5 second(s)

2018-12-10 16:04:35 - [TEST_STEP][PASSED] - Statement - RefNo = new java.io.File(C://Users//Admin//Desktop//PKS//Automation Reference Point//KatalonReference.txt): null

2018-12-10 16:04:35 - [TEST_STEP][PASSED] - Statement - f2 = new java.io.FileWriter(RefNo, false): null

2018-12-10 16:04:35 - [TEST_STEP][PASSED] - Statement - f2.write(CaseReferenceNo): null

2018-12-10 16:04:35 - [TEST_STEP][PASSED] - Statement - f2.close(): null

2018-12-10 16:04:35 - [TEST_STEP][PASSED] - Statement - out.println("


" + CaseReferenceNo + "


"): null

2018-12-10 16:04:35 - [MESSAGE][PASSED] - Call Test Case 'Test Cases/Final Aug 2018 - PKS Automation/Common/Reference Number Setter' successfully

2018-12-10 16:04:35 - [TEST_STEP][PASSED] - delay: Delayed 4 second(s)

2018-12-10 16:04:39 - [MESSAGE][PASSED] - Delayed 4 second(s)

2018-12-10 16:04:39 - [TEST_STEP][PASSED] - click: Object: 'Object Repository/Final Object Repo/Page_Update Employer Information/Submit - Copy' is clicked on

2018-12-10 16:04:39 - [MESSAGE][PASSED] - Object: 'Object Repository/Final Object Repo/Page_Update Employer Information/Submit - Copy' is clicked on

2018-12-10 16:04:39 - [TEST_STEP][PASSED] - delay: Delayed 2 second(s)

2018-12-10 16:04:41 - [MESSAGE][PASSED] - Delayed 2 second(s)

2018-12-10 16:04:41 - [TEST_STEP][PASSED] - click: Object: 'Object Repository/Final Object Repo/Page_Update Employer Information/Confirm' is clicked on

2018-12-10 16:04:41 - [MESSAGE][PASSED] - Object: 'Object Repository/Final Object Repo/Page_Update Employer Information/Confirm' is clicked on

2018-12-10 16:04:41 - [TEST_STEP][PASSED] - delay: Delayed 2 second(s)

2018-12-10 16:04:43 - [MESSAGE][PASSED] - Delayed 2 second(s)

2018-12-10 16:04:43 - [TEST_STEP][PASSED] - click: Object: 'Object Repository/Final Object Repo/Page_Update Employer Information/Message Your Request will be route' is clicked on

2018-12-10 16:04:45 - [MESSAGE][PASSED] - Object: 'Object Repository/Final Object Repo/Page_Update Employer Information/Message Your Request will be route' is clicked on

2018-12-10 16:04:45 - [MESSAGE][PASSED] - Call Test Case 'Test Cases/Final Aug 2018 - PKS Automation/Registration Module/Workflow/Update Employer Information/Template/Update Employer Information - Special Case (PAU)' successfully

2018-12-10 16:04:45 - [TEST_STEP][PASSED] - callTestCase: Call Test Case 'Test Cases/Final Aug 2018 - PKS Automation/Registration Module/Workflow/Update Employer Information/Template/Update Employer Information - Special Case - UO (Approve)' successfully

2018-12-10 16:04:45 - [TEST_CASE][PASSED] - Test Cases/Final Aug 2018 - PKS Automation/Registration Module/Workflow/Update Employer Information/Template/Update Employer Information - Special Case - UO (Approve): Test Cases/Final Aug 2018 - PKS Automation/Registration Module/Workflow/Update Employer Information/Template/Update Employer Information - Special Case - UO (Approve)

2018-12-10 16:04:45 - [TEST_STEP][NOT_RUN] - callTestCase: NOT_RUN: callTestCase

2018-12-10 16:04:45 - [MESSAGE][NOT_RUN] - NOT_RUN: callTestCase

2018-12-10 16:04:45 - [TEST_STEP][NOT_RUN] - delay: NOT_RUN: delay

2018-12-10 16:04:45 - [MESSAGE][NOT_RUN] - NOT_RUN: delay

2018-12-10 16:04:45 - [TEST_STEP][NOT_RUN] - navigateToUrl: NOT_RUN: navigateToUrl

2018-12-10 16:04:45 - [MESSAGE][NOT_RUN] - NOT_RUN: navigateToUrl

2018-12-10 16:04:45 - [TEST_STEP][PASSED] - delay: Delayed 1 second(s)

2018-12-10 16:04:46 - [MESSAGE][PASSED] - Delayed 1 second(s)

2018-12-10 16:04:46 - [TEST_STEP][PASSED] - callTestCase: Call Test Case 'Test Cases/Final Aug 2018 - PKS Automation/Common/Reference Number Getter' successfully

2018-12-10 16:04:46 - [TEST_CASE][PASSED] - Test Cases/Final Aug 2018 - PKS Automation/Common/Reference Number Getter: Test Cases/Final Aug 2018 - PKS Automation/Common/Reference Number Getter

2018-12-10 16:04:46 - [TEST_STEP][PASSED] - Statement - Try: null

2018-12-10 16:04:46 - [TEST_STEP][PASSED] - Statement - RefNo = new java.io.File(C://Users//Admin//Desktop//PKS//Automation Reference Point//KatalonReference.txt): null

2018-12-10 16:04:46 - [TEST_STEP][PASSED] - Statement - bufferread = new java.io.BufferedReader(new java.io.FileReader(RefNo)): null

2018-12-10 16:04:46 - [TEST_STEP][PASSED] - Statement - readedVal = bufferread.readLine(): null

2018-12-10 16:04:46 - [TEST_STEP][PASSED] - Statement - out.println(CaseReferenceNo): null

2018-12-10 16:04:46 - [TEST_STEP][PASSED] - Statement - out.println(readedVal): null

2018-12-10 16:04:46 - [TEST_STEP][PASSED] - Statement - CaseReferenceNo = "": null

2018-12-10 16:04:46 - [TEST_STEP][PASSED] - Statement - CaseReferenceNo = readedVal: null

2018-12-10 16:04:46 - [MESSAGE][PASSED] - Call Test Case 'Test Cases/Final Aug 2018 - PKS Automation/Common/Reference Number Getter' successfully

2018-12-10 16:04:46 - [TEST_STEP][PASSED] - callTestCase: Call Test Case 'Test Cases/Final Aug 2018 - PKS Automation/Common/Workflow Owner Finder' successfully

2018-12-10 16:04:46 - [TEST_CASE][PASSED] - Test Cases/Final Aug 2018 - PKS Automation/Common/Workflow Owner Finder: Test Cases/Final Aug 2018 - PKS Automation/Common/Workflow Owner Finder

2018-12-10 16:04:46 - [TEST_STEP][PASSED] - openBrowser: Browser is opened with url: ''

2018-12-10 16:04:46 - [MESSAGE][WARNING] - A browser is already opened. Closing browser and opening a new one

2018-12-10 16:04:49 - [MESSAGE][PASSED] - Browser is opened with url: ''

2018-12-10 16:04:49 - [TEST_STEP][PASSED] - navigateToUrl: Navigate to 'https://assist2-uat.perkeso.gov.my/login' successfully

2018-12-10 16:04:50 - [MESSAGE][PASSED] - Navigate to 'https://assist2-uat.perkeso.gov.my/login' successfully

2018-12-10 16:04:50 - [TEST_STEP][PASSED] - delay: Delayed 5 second(s)

2018-12-10 16:04:55 - [MESSAGE][PASSED] - Delayed 5 second(s)

2018-12-10 16:04:55 - [TEST_STEP][PASSED] - setText: Text 'test@liferay.com' is set on object 'Object Repository/Final Object Repo/Login Page/Internal User/Email Address'

2018-12-10 16:04:56 - [MESSAGE][PASSED] - Text 'test@liferay.com' is set on object 'Object Repository/Final Object Repo/Login Page/Internal User/Email Address'

2018-12-10 16:04:56 - [TEST_STEP][PASSED] - click: Object: 'Object Repository/Final Object Repo/Login Page/Internal User/Next Button' is clicked on

2018-12-10 16:04:56 - [MESSAGE][PASSED] - Object: 'Object Repository/Final Object Repo/Login Page/Internal User/Next Button' is clicked on

2018-12-10 16:04:56 - [TEST_STEP][PASSED] - delay: Delayed 2 second(s)

2018-12-10 16:04:58 - [MESSAGE][PASSED] - Delayed 2 second(s)

2018-12-10 16:04:58 - [TEST_STEP][PASSED] - setText: Text 'test' is set on object 'Object Repository/Final Object Repo/Login Page/Internal User/Password'

2018-12-10 16:04:58 - [MESSAGE][PASSED] - Text 'test' is set on object 'Object Repository/Final Object Repo/Login Page/Internal User/Password'

2018-12-10 16:04:58 - [TEST_STEP][PASSED] - delay: Delayed 2 second(s)

2018-12-10 16:05:00 - [MESSAGE][PASSED] - Delayed 2 second(s)

2018-12-10 16:05:00 - [TEST_STEP][PASSED] - click: Object: 'Object Repository/Final Object Repo/Login Page/Internal User/Login Button' is clicked on

2018-12-10 16:05:00 - [MESSAGE][PASSED] - Object: 'Object Repository/Final Object Repo/Login Page/Internal User/Login Button' is clicked on

2018-12-10 16:05:00 - [TEST_STEP][PASSED] - Statement - tester = com.kms.katalon.core.testobject.ObjectRepository.findTestObject(Final Object Repo/Landing Page/Select to English): Finding Test Object with id 'Object Repository/Final Object Repo/Landing Page/Select to English'

2018-12-10 16:05:00 - [TEST_STEP][PASSED] - Statement - Try: Delayed 2 second(s)

2018-12-10 16:05:00 - [TEST_STEP][PASSED] - Statement - Checker = com.kms.katalon.core.webui.keyword.WebUiBuiltInKeywords.verifyElementNotPresent(tester, 3): Web element with id: 'Object Repository/Final Object Repo/Landing Page/Select to English' located by 'By.xpath: //a[@class = 'taglib-language-list-text' and @lang = 'en-US' and (contains(text(), 'EN') or contains(., 'EN'))]' is not present after '3' second(s)

2018-12-10 16:05:03 - [MESSAGE][PASSED] - Web element with id: 'Object Repository/Final Object Repo/Landing Page/Select to English' located by 'By.xpath: //a[@class = 'taglib-language-list-text' and @lang = 'en-US' and (contains(text(), 'EN') or contains(., 'EN'))]' is not present after '3' second(s)

2018-12-10 16:05:03 - [TEST_STEP][PASSED] - Statement - If (Checker == false): null

2018-12-10 16:05:03 - [TEST_STEP][PASSED] - delay: Delayed 2 second(s)

2018-12-10 16:05:05 - [MESSAGE][PASSED] - Delayed 2 second(s)

2018-12-10 16:05:05 - [TEST_STEP][PASSED] - delay: Delayed 5 second(s)

2018-12-10 16:05:10 - [MESSAGE][PASSED] - Delayed 5 second(s)

2018-12-10 16:05:10 - [TEST_STEP][PASSED] - mouseOver: Object: 'Object Repository/Final Object Repo/Landing Page/WorkFlow Menu' is hovered

2018-12-10 16:05:10 - [MESSAGE][PASSED] - Object: 'Object Repository/Final Object Repo/Landing Page/WorkFlow Menu' is hovered

2018-12-10 16:05:10 - [TEST_STEP][PASSED] - delay: Delayed 2 second(s)

2018-12-10 16:05:12 - [MESSAGE][PASSED] - Delayed 2 second(s)

2018-12-10 16:05:12 - [TEST_STEP][PASSED] - click: Object: 'Object Repository/Final Object Repo/Landing Page/Select to Workflow Listing' is clicked on

2018-12-10 16:05:13 - [MESSAGE][PASSED] - Object: 'Object Repository/Final Object Repo/Landing Page/Select to Workflow Listing' is clicked on

2018-12-10 16:05:13 - [TEST_STEP][PASSED] - delay: Delayed 2 second(s)

2018-12-10 16:05:15 - [MESSAGE][PASSED] - Delayed 2 second(s)

2018-12-10 16:05:15 - [TEST_STEP][PASSED] - click: Object: 'Object Repository/Final Object Repo/WorkFlow Listing Page/Search Information - To Put Ref No' is clicked on

2018-12-10 16:05:15 - [MESSAGE][PASSED] - Object: 'Object Repository/Final Object Repo/WorkFlow Listing Page/Search Information - To Put Ref No' is clicked on

2018-12-10 16:05:15 - [TEST_STEP][PASSED] - delay: Delayed 2 second(s)

2018-12-10 16:05:17 - [MESSAGE][PASSED] - Delayed 2 second(s)

2018-12-10 16:05:17 - [TEST_STEP][PASSED] - callTestCase: Call Test Case 'Test Cases/Final Aug 2018 - PKS Automation/Common/Reference Number Getter' successfully

2018-12-10 16:05:17 - [TEST_CASE][PASSED] - Test Cases/Final Aug 2018 - PKS Automation/Common/Reference Number Getter: Test Cases/Final Aug 2018 - PKS Automation/Common/Reference Number Getter

2018-12-10 16:05:17 - [TEST_STEP][PASSED] - Statement - Try: null

2018-12-10 16:05:17 - [TEST_STEP][PASSED] - Statement - RefNo = new java.io.File(C://Users//Admin//Desktop//PKS//Automation Reference Point//KatalonReference.txt): null

2018-12-10 16:05:17 - [TEST_STEP][PASSED] - Statement - bufferread = new java.io.BufferedReader(new java.io.FileReader(RefNo)): null

2018-12-10 16:05:17 - [TEST_STEP][PASSED] - Statement - readedVal = bufferread.readLine(): null

2018-12-10 16:05:17 - [TEST_STEP][PASSED] - Statement - out.println(CaseReferenceNo): null

2018-12-10 16:05:17 - [TEST_STEP][PASSED] - Statement - out.println(readedVal): null

2018-12-10 16:05:17 - [TEST_STEP][PASSED] - Statement - CaseReferenceNo = "": null

2018-12-10 16:05:17 - [TEST_STEP][PASSED] - Statement - CaseReferenceNo = readedVal: null

2018-12-10 16:05:17 - [MESSAGE][PASSED] - Call Test Case 'Test Cases/Final Aug 2018 - PKS Automation/Common/Reference Number Getter' successfully

2018-12-10 16:05:17 - [TEST_STEP][PASSED] - setText: Text 'CUN122018C100005956' is set on object 'Object Repository/Final Object Repo/WorkFlow Listing Page/Ref No Set Text'

2018-12-10 16:05:18 - [MESSAGE][PASSED] - Text 'CUN122018C100005956' is set on object 'Object Repository/Final Object Repo/WorkFlow Listing Page/Ref No Set Text'

2018-12-10 16:05:18 - [TEST_STEP][PASSED] - delay: Delayed 2 second(s)

2018-12-10 16:05:20 - [MESSAGE][PASSED] - Delayed 2 second(s)

2018-12-10 16:05:20 - [TEST_STEP][PASSED] - click: Object: 'Object Repository/Final Object Repo/WorkFlow Listing Page/Search Ref No Search Button' is clicked on

2018-12-10 16:05:20 - [MESSAGE][PASSED] - Object: 'Object Repository/Final Object Repo/WorkFlow Listing Page/Search Ref No Search Button' is clicked on

2018-12-10 16:05:20 - [TEST_STEP][PASSED] - delay: Delayed 6 second(s)

2018-12-10 16:05:26 - [MESSAGE][PASSED] - Delayed 6 second(s)

2018-12-10 16:05:26 - [TEST_STEP][PASSED] - click: Object: 'Object Repository/Final Object Repo/WorkFlow Listing Page/Click Continue Tooltip' is clicked on

2018-12-10 16:05:27 - [MESSAGE][PASSED] - Object: 'Object Repository/Final Object Repo/WorkFlow Listing Page/Click Continue Tooltip' is clicked on

2018-12-10 16:05:27 - [TEST_STEP][PASSED] - delay: Delayed 5 second(s)

2018-12-10 16:05:32 - [MESSAGE][PASSED] - Delayed 5 second(s)

2018-12-10 16:05:32 - [TEST_STEP][PASSED] - doubleClick: Object: 'Object Repository/Final Object Repo/WorkFlow Listing Page/Workflow Found - Listing 1' is double clicked on

2018-12-10 16:05:32 - [MESSAGE][PASSED] - Object: 'Object Repository/Final Object Repo/WorkFlow Listing Page/Workflow Found - Listing 1' is double clicked on

2018-12-10 16:05:32 - [TEST_STEP][PASSED] - Statement - println(OwnerID): null

2018-12-10 16:05:32 - [TEST_STEP][PASSED] - Statement - OwnerID = com.kms.katalon.core.webui.keyword.WebUiBuiltInKeywords.getText(com.kms.katalon.core.testobject.ObjectRepository.findTestObject(Final Object Repo/WorkFlow Listing Page/Workflow Found - Listing 1), STOP_ON_FAILURE): Text of object 'Object Repository/Final Object Repo/WorkFlow Listing Page/Workflow Found - Listing 1' is: 'JOHORuo1'

2018-12-10 16:05:32 - [MESSAGE][PASSED] - Text of object 'Object Repository/Final Object Repo/WorkFlow Listing Page/Workflow Found - Listing 1' is: 'JOHORuo1'

2018-12-10 16:05:32 - [TEST_STEP][PASSED] - Statement - OwnerID = OwnerID.toLowerCase() + "@gmail.com": null

2018-12-10 16:05:32 - [TEST_STEP][PASSED] - Statement - println(OwnerID): null

2018-12-10 16:05:32 - [TEST_STEP][PASSED] - delay: Delayed 2 second(s)

2018-12-10 16:05:34 - [MESSAGE][PASSED] - Delayed 2 second(s)

2018-12-10 16:05:34 - [MESSAGE][PASSED] - Call Test Case 'Test Cases/Final Aug 2018 - PKS Automation/Common/Workflow Owner Finder' successfully

2018-12-10 16:05:34 - [TEST_STEP][PASSED] - delay: Delayed 1 second(s)

2018-12-10 16:05:35 - [MESSAGE][PASSED] - Delayed 1 second(s)

2018-12-10 16:05:35 - [TEST_STEP][PASSED] - navigateToUrl: Navigate to 'https://assist2-uat.perkeso.gov.my/c/portal/logout' successfully

2018-12-10 16:05:36 - [MESSAGE][PASSED] - Navigate to 'https://assist2-uat.perkeso.gov.my/c/portal/logout' successfully

2018-12-10 16:05:36 - [TEST_STEP][PASSED] - callTestCase: Call Test Case 'Test Cases/Final Aug 2018 - PKS Automation/Registration Module/Workflow/Login and Search Case For Workflow' successfully

2018-12-10 16:05:36 - [TEST_CASE][PASSED] - Test Cases/Final Aug 2018 - PKS Automation/Registration Module/Workflow/Login and Search Case For Workflow: Test Cases/Final Aug 2018 - PKS Automation/Registration Module/Workflow/Login and Search Case For Workflow

2018-12-10 16:05:36 - [TEST_STEP][PASSED] - navigateToUrl: Navigate to 'https://assist2-uat.perkeso.gov.my/login' successfully

2018-12-10 16:05:37 - [MESSAGE][PASSED] - Navigate to 'https://assist2-uat.perkeso.gov.my/login' successfully

2018-12-10 16:05:37 - [TEST_STEP][PASSED] - setText: Text 'johoruo1@gmail.com' is set on object 'Object Repository/Final Object Repo/Login Page/Internal User/Email Address'

2018-12-10 16:05:37 - [MESSAGE][PASSED] - Text 'johoruo1@gmail.com' is set on object 'Object Repository/Final Object Repo/Login Page/Internal User/Email Address'

2018-12-10 16:05:37 - [TEST_STEP][PASSED] - click: Object: 'Object Repository/Final Object Repo/Login Page/Internal User/Next Button' is clicked on

2018-12-10 16:05:37 - [MESSAGE][PASSED] - Object: 'Object Repository/Final Object Repo/Login Page/Internal User/Next Button' is clicked on

2018-12-10 16:05:37 - [TEST_STEP][PASSED] - delay: Delayed 1 second(s)

2018-12-10 16:05:38 - [MESSAGE][PASSED] - Delayed 1 second(s)

2018-12-10 16:05:38 - [TEST_STEP][PASSED] - setEncryptedText: Text ****** has been set on object 'Object Repository/Final Object Repo/Login Page/Internal User/Password'

2018-12-10 16:05:39 - [MESSAGE][PASSED] - Text ****** has been set on object 'Object Repository/Final Object Repo/Login Page/Internal User/Password'

2018-12-10 16:05:39 - [TEST_STEP][PASSED] - click: Object: 'Object Repository/Final Object Repo/Login Page/Internal User/Login Button' is clicked on

2018-12-10 16:05:39 - [MESSAGE][PASSED] - Object: 'Object Repository/Final Object Repo/Login Page/Internal User/Login Button' is clicked on

2018-12-10 16:05:39 - [TEST_STEP][PASSED] - delay: Delayed 2 second(s)

2018-12-10 16:05:41 - [MESSAGE][PASSED] - Delayed 2 second(s)

2018-12-10 16:05:41 - [TEST_STEP][PASSED] - Statement - Try: Delayed 2 second(s)

2018-12-10 16:05:41 - [TEST_STEP][PASSED] - Statement - Checker = false: null

2018-12-10 16:05:41 - [TEST_STEP][PASSED] - Statement - Checker = com.kms.katalon.core.webui.keyword.WebUiBuiltInKeywords.verifyElementHasAttribute(com.kms.katalon.core.testobject.ObjectRepository.findTestObject(Final Object Repo/Landing Page/BM Detecting), "href", 20, OPTIONAL): Object 'Object Repository/Final Object Repo/Landing Page/BM Detecting' has attribute 'href'

2018-12-10 16:05:41 - [MESSAGE][PASSED] - Object 'Object Repository/Final Object Repo/Landing Page/BM Detecting' has attribute 'href'

2018-12-10 16:05:41 - [TEST_STEP][PASSED] - Statement - out.println(Checker): null

2018-12-10 16:05:41 - [TEST_STEP][PASSED] - Statement - If (Checker == false): null

2018-12-10 16:05:41 - [TEST_STEP][PASSED] - Statement - Else: null

2018-12-10 16:05:41 - [TEST_STEP][PASSED] - delay: Delayed 2 second(s)

2018-12-10 16:05:43 - [MESSAGE][PASSED] - Delayed 2 second(s)

2018-12-10 16:05:43 - [TEST_STEP][PASSED] - click: Object: 'Object Repository/Final Object Repo/Page_MyASSIST - ASSIST - Search Pending Case For Add Supporting Document/Search Information' is clicked on

2018-12-10 16:05:43 - [MESSAGE][PASSED] - Object: 'Object Repository/Final Object Repo/Page_MyASSIST - ASSIST - Search Pending Case For Add Supporting Document/Search Information' is clicked on

2018-12-10 16:05:43 - [TEST_STEP][PASSED] - delay: Delayed 3 second(s)

2018-12-10 16:05:46 - [MESSAGE][PASSED] - Delayed 3 second(s)

2018-12-10 16:05:46 - [TEST_STEP][PASSED] - sendKeys: Keys 'CUN122018C100005956' sent to object: 'Object Repository/Final Object Repo/Page_MyASSIST - ASSIST - Search Pending Case For Add Supporting Document/Reference No'

2018-12-10 16:05:46 - [MESSAGE][PASSED] - Keys 'CUN122018C100005956' sent to object: 'Object Repository/Final Object Repo/Page_MyASSIST - ASSIST - Search Pending Case For Add Supporting Document/Reference No'

2018-12-10 16:05:46 - [TEST_STEP][PASSED] - click: Object: 'Object Repository/Final Object Repo/Page_MyASSIST - ASSIST - Search Pending Case For Add Supporting Document/Search Reference No' is clicked on

2018-12-10 16:05:46 - [MESSAGE][PASSED] - Object: 'Object Repository/Final Object Repo/Page_MyASSIST - ASSIST - Search Pending Case For Add Supporting Document/Search Reference No' is clicked on

2018-12-10 16:05:46 - [TEST_STEP][PASSED] - delay: Delayed 2 second(s)

2018-12-10 16:05:48 - [MESSAGE][PASSED] - Delayed 2 second(s)

2018-12-10 16:05:48 - [TEST_STEP][PASSED] - click: Object: 'Object Repository/Final Object Repo/Page_MyASSIST - ASSIST - Search Pending Case For Add Supporting Document/Continue' is clicked on

2018-12-10 16:05:53 - [MESSAGE][PASSED] - Object: 'Object Repository/Final Object Repo/Page_MyASSIST - ASSIST - Search Pending Case For Add Supporting Document/Continue' is clicked on

2018-12-10 16:05:53 - [TEST_STEP][PASSED] - delay: Delayed 20 second(s)

2018-12-10 16:06:13 - [MESSAGE][PASSED] - Delayed 20 second(s)

2018-12-10 16:06:13 - [MESSAGE][PASSED] - Call Test Case 'Test Cases/Final Aug 2018 - PKS Automation/Registration Module/Workflow/Login and Search Case For Workflow' successfully

2018-12-10 16:06:13 - [TEST_STEP][PASSED] - delay: Delayed 10 second(s)

2018-12-10 16:06:23 - [MESSAGE][PASSED] - Delayed 10 second(s)

2018-12-10 16:06:23 - [TEST_STEP][PASSED] - click: Object: 'Object Repository/Final Object Repo/Page_Update Employer Information/Page_Update Employer Information UO (Approve)/Continue' is clicked on

2018-12-10 16:06:26 - [MESSAGE][PASSED] - Object: 'Object Repository/Final Object Repo/Page_Update Employer Information/Page_Update Employer Information UO (Approve)/Continue' is clicked on

2018-12-10 16:06:26 - [TEST_STEP][PASSED] - delay: Delayed 10 second(s)

2018-12-10 16:06:36 - [MESSAGE][PASSED] - Delayed 10 second(s)

2018-12-10 16:06:36 - [TEST_STEP][PASSED] - click: Object: 'Object Repository/Final Object Repo/Page_Update Employer Information/Page_Update Employer Information UO (Approve)/Save  Continue in Update Employer Information Page' is clicked on

2018-12-10 16:06:36 - [MESSAGE][PASSED] - Object: 'Object Repository/Final Object Repo/Page_Update Employer Information/Page_Update Employer Information UO (Approve)/Save  Continue in Update Employer Information Page' is clicked on

2018-12-10 16:06:36 - [TEST_STEP][PASSED] - delay: Delayed 3 second(s)

2018-12-10 16:06:39 - [MESSAGE][PASSED] - Delayed 3 second(s)

2018-12-10 16:06:39 - [TEST_STEP][PASSED] - click: Object: 'Object Repository/Final Object Repo/Page_Update Employer Information/Page_Update Employer Information UO (Approve)/Save  Continue in Uploading Supporting Document Page' is clicked on

2018-12-10 16:06:41 - [MESSAGE][PASSED] - Object: 'Object Repository/Final Object Repo/Page_Update Employer Information/Page_Update Employer Information UO (Approve)/Save  Continue in Uploading Supporting Document Page' is clicked on

2018-12-10 16:06:41 - [TEST_STEP][PASSED] - delay: Delayed 3 second(s)

2018-12-10 16:06:44 - [MESSAGE][PASSED] - Delayed 3 second(s)

2018-12-10 16:06:44 - [TEST_STEP][PASSED] - click: Object: 'Object Repository/Final Object Repo/Page_Update Employer Information/Page_Update Employer Information UO (Approve)/Approve' is clicked on

2018-12-10 16:06:45 - [MESSAGE][PASSED] - Object: 'Object Repository/Final Object Repo/Page_Update Employer Information/Page_Update Employer Information UO (Approve)/Approve' is clicked on

2018-12-10 16:06:45 - [TEST_STEP][PASSED] - delay: Delayed 2 second(s)

2018-12-10 16:06:47 - [MESSAGE][PASSED] - Delayed 2 second(s)

2018-12-10 16:06:47 - [TEST_STEP][PASSED] - click: Object: 'Object Repository/Final Object Repo/Page_Update Employer Information/Page_Update Employer Information UO (Approve)/Confirm' is clicked on

2018-12-10 16:06:47 - [MESSAGE][PASSED] - Object: 'Object Repository/Final Object Repo/Page_Update Employer Information/Page_Update Employer Information UO (Approve)/Confirm' is clicked on

2018-12-10 16:06:47 - [TEST_STEP][PASSED] - delay: Delayed 2 second(s)

2018-12-10 16:06:49 - [MESSAGE][PASSED] - Delayed 2 second(s)

2018-12-10 16:06:49 - [TEST_STEP][PASSED] - verifyElementVisible: Object 'Object Repository/Final Object Repo/Page_Update Employer Information/Page_Update Employer Information UO (Approve)/Message Your Request' is visible

2018-12-10 16:06:56 - [MESSAGE][PASSED] - Object 'Object Repository/Final Object Repo/Page_Update Employer Information/Page_Update Employer Information UO (Approve)/Message Your Request' is visible

2018-12-10 16:06:56 - [TEST_STEP][PASSED] - verifyElementVisible: Object 'Object Repository/Final Object Repo/Page_Update Employer Information/Page_Update Employer Information UO (Approve)/Letter of successful update' is visible

2018-12-10 16:06:56 - [MESSAGE][PASSED] - Object 'Object Repository/Final Object Repo/Page_Update Employer Information/Page_Update Employer Information UO (Approve)/Letter of successful update' is visible

2018-12-10 16:06:56 - [MESSAGE][PASSED] - Call Test Case 'Test Cases/Final Aug 2018 - PKS Automation/Registration Module/Workflow/Update Employer Information/Template/Update Employer Information - Special Case - UO (Approve)' successfully]]></system-out>
         <system-err><![CDATA[]]></system-err>
      </testcase>
      <testcase name="Test Cases/Final Aug 2018 - PKS Automation/Registration Module/Workflow/Update Employer Information/PAU - UO (Query)" classname="Test Cases/Final Aug 2018 - PKS Automation/Registration Module/Workflow/Update Employer Information/PAU - UO (Query)" status="PASSED">
         <system-out><![CDATA[2018-12-10 16:06:56 - [TEST_CASE][PASSED] - Test Cases/Final Aug 2018 - PKS Automation/Registration Module/Workflow/Update Employer Information/PAU - UO (Query): Test Cases/Final Aug 2018 - PKS Automation/Registration Module/Workflow/Update Employer Information/PAU - UO (Query)

2018-12-10 16:06:56 - [TEST_STEP][PASSED] - callTestCase: Call Test Case 'Test Cases/Final Aug 2018 - PKS Automation/Registration Module/Workflow/Update Employer Information/Template/Update Employer Information - Special Case (PAU)' successfully

2018-12-10 16:06:56 - [TEST_CASE][PASSED] - Test Cases/Final Aug 2018 - PKS Automation/Registration Module/Workflow/Update Employer Information/Template/Update Employer Information - Special Case (PAU): Test Cases/Final Aug 2018 - PKS Automation/Registration Module/Workflow/Update Employer Information/Template/Update Employer Information - Special Case (PAU)

2018-12-10 16:06:56 - [TEST_STEP][PASSED] - openBrowser: Browser is opened with url: ''

2018-12-10 16:06:56 - [MESSAGE][WARNING] - A browser is already opened. Closing browser and opening a new one

2018-12-10 16:06:59 - [MESSAGE][PASSED] - Browser is opened with url: ''

2018-12-10 16:06:59 - [TEST_STEP][PASSED] - navigateToUrl: Navigate to 'https://assist2-uat.perkeso.gov.my/login' successfully

2018-12-10 16:07:00 - [MESSAGE][PASSED] - Navigate to 'https://assist2-uat.perkeso.gov.my/login' successfully

2018-12-10 16:07:00 - [TEST_STEP][PASSED] - setText: Text 'johorpau1@gmail.com' is set on object 'Object Repository/Final Object Repo/Login Page/Internal User/Email Address'

2018-12-10 16:07:01 - [MESSAGE][PASSED] - Text 'johorpau1@gmail.com' is set on object 'Object Repository/Final Object Repo/Login Page/Internal User/Email Address'

2018-12-10 16:07:01 - [TEST_STEP][PASSED] - click: Object: 'Object Repository/Final Object Repo/Login Page/Internal User/Next Button' is clicked on

2018-12-10 16:07:01 - [MESSAGE][PASSED] - Object: 'Object Repository/Final Object Repo/Login Page/Internal User/Next Button' is clicked on

2018-12-10 16:07:01 - [TEST_STEP][PASSED] - delay: Delayed 1 second(s)

2018-12-10 16:07:02 - [MESSAGE][PASSED] - Delayed 1 second(s)

2018-12-10 16:07:02 - [TEST_STEP][PASSED] - setEncryptedText: Text ****** has been set on object 'Object Repository/Final Object Repo/Login Page/Internal User/Password'

2018-12-10 16:07:02 - [MESSAGE][PASSED] - Text ****** has been set on object 'Object Repository/Final Object Repo/Login Page/Internal User/Password'

2018-12-10 16:07:02 - [TEST_STEP][PASSED] - click: Object: 'Object Repository/Final Object Repo/Login Page/Internal User/Login Button' is clicked on

2018-12-10 16:07:02 - [MESSAGE][PASSED] - Object: 'Object Repository/Final Object Repo/Login Page/Internal User/Login Button' is clicked on

2018-12-10 16:07:02 - [TEST_STEP][PASSED] - Statement - tester = com.kms.katalon.core.testobject.ObjectRepository.findTestObject(Final Object Repo/Landing Page/Select to English): Finding Test Object with id 'Object Repository/Final Object Repo/Landing Page/Select to English'

2018-12-10 16:07:02 - [TEST_STEP][PASSED] - Statement - Try: Delayed 2 second(s)

2018-12-10 16:07:02 - [TEST_STEP][PASSED] - Statement - Checker = com.kms.katalon.core.webui.keyword.WebUiBuiltInKeywords.verifyElementNotPresent(tester, 3): Web element with id: 'Object Repository/Final Object Repo/Landing Page/Select to English' located by 'By.xpath: //a[@class = 'taglib-language-list-text' and @lang = 'en-US' and (contains(text(), 'EN') or contains(., 'EN'))]' is not present after '3' second(s)

2018-12-10 16:07:04 - [MESSAGE][PASSED] - Web element with id: 'Object Repository/Final Object Repo/Landing Page/Select to English' located by 'By.xpath: //a[@class = 'taglib-language-list-text' and @lang = 'en-US' and (contains(text(), 'EN') or contains(., 'EN'))]' is not present after '3' second(s)

2018-12-10 16:07:04 - [TEST_STEP][PASSED] - Statement - If (Checker == false): null

2018-12-10 16:07:04 - [TEST_STEP][PASSED] - delay: Delayed 2 second(s)

2018-12-10 16:07:06 - [MESSAGE][PASSED] - Delayed 2 second(s)

2018-12-10 16:07:06 - [TEST_STEP][PASSED] - delay: Delayed 5 second(s)

2018-12-10 16:07:11 - [MESSAGE][PASSED] - Delayed 5 second(s)

2018-12-10 16:07:11 - [TEST_STEP][PASSED] - navigateToUrl: Navigate to 'https://assist2-uat.perkeso.gov.my/web/registration/update/update-employer-information' successfully

2018-12-10 16:07:12 - [MESSAGE][PASSED] - Navigate to 'https://assist2-uat.perkeso.gov.my/web/registration/update/update-employer-information' successfully

2018-12-10 16:07:12 - [TEST_STEP][PASSED] - setText: Text 'E1102001065V ' is set on object 'Object Repository/Final Object Repo/Page_Update Employer Information/Employer Code'

2018-12-10 16:07:12 - [MESSAGE][PASSED] - Text 'E1102001065V ' is set on object 'Object Repository/Final Object Repo/Page_Update Employer Information/Employer Code'

2018-12-10 16:07:12 - [TEST_STEP][PASSED] - click: Object: 'Object Repository/Final Object Repo/Page_Update Employer Information/Search Button' is clicked on

2018-12-10 16:07:13 - [MESSAGE][PASSED] - Object: 'Object Repository/Final Object Repo/Page_Update Employer Information/Search Button' is clicked on

2018-12-10 16:07:13 - [TEST_STEP][PASSED] - click: Object: 'Object Repository/Final Object Repo/Page_Update Employer Information/Edit Button' is clicked on

2018-12-10 16:07:16 - [MESSAGE][PASSED] - Object: 'Object Repository/Final Object Repo/Page_Update Employer Information/Edit Button' is clicked on

2018-12-10 16:07:16 - [TEST_STEP][PASSED] - click: Object: 'Object Repository/Final Object Repo/Page_Update Employer Information/Business Entity' is clicked on

2018-12-10 16:07:17 - [MESSAGE][PASSED] - Object: 'Object Repository/Final Object Repo/Page_Update Employer Information/Business Entity' is clicked on

2018-12-10 16:07:17 - [TEST_STEP][PASSED] - Statement - CurrentBusinessEntity = "": null

2018-12-10 16:07:17 - [TEST_STEP][PASSED] - Statement - CurrentBusinessEntity = com.kms.katalon.core.webui.keyword.WebUiBuiltInKeywords.getText(com.kms.katalon.core.testobject.ObjectRepository.findTestObject(Final Object Repo/Page_Update Employer Information/Current Business Entity)): Text of object 'Object Repository/Final Object Repo/Page_Update Employer Information/Current Business Entity' is: 'Others'

2018-12-10 16:07:17 - [MESSAGE][PASSED] - Text of object 'Object Repository/Final Object Repo/Page_Update Employer Information/Current Business Entity' is: 'Others'

2018-12-10 16:07:17 - [TEST_STEP][PASSED] - Statement - out.println(CurrentBusinessEntity): null

2018-12-10 16:07:17 - [TEST_STEP][PASSED] - Statement - If (CurrentBusinessEntity == "Corporation"): null

2018-12-10 16:07:17 - [TEST_STEP][PASSED] - Statement - Else If (CurrentBusinessEntity == "Partnership"): null

2018-12-10 16:07:17 - [TEST_STEP][PASSED] - Statement - Else If (CurrentBusinessEntity == "Sole Proprietor / Individual Business"): null

2018-12-10 16:07:17 - [TEST_STEP][PASSED] - Statement - Else If (CurrentBusinessEntity == "Others"): Delayed 3 second(s)

2018-12-10 16:07:17 - [TEST_STEP][PASSED] - Statement - obj = com.kms.katalon.core.webui.keyword.WebUiBuiltInKeywords.modifyObjectProperty(com.kms.katalon.core.testobject.ObjectRepository.findTestObject(Final Object Repo/Page_Update Employer Information/change to this Business Entity), "xpath", "equals", "//ul/li/span[contains(text(),"Partnership")]", true, STOP_ON_FAILURE): Modify property of object successfully

2018-12-10 16:07:17 - [MESSAGE][PASSED] - Modify property of object successfully

2018-12-10 16:07:17 - [TEST_STEP][PASSED] - click: Object: 'Object Repository/Final Object Repo/Page_Update Employer Information/change to this Business Entity' is clicked on

2018-12-10 16:07:17 - [MESSAGE][PASSED] - Object: 'Object Repository/Final Object Repo/Page_Update Employer Information/change to this Business Entity' is clicked on

2018-12-10 16:07:17 - [TEST_STEP][PASSED] - delay: Delayed 1 second(s)

2018-12-10 16:07:18 - [MESSAGE][PASSED] - Delayed 1 second(s)

2018-12-10 16:07:18 - [TEST_STEP][PASSED] - click: Object: 'Object Repository/Final Object Repo/Page_Update Employer Information/Sub Business Entity' is clicked on

2018-12-10 16:07:18 - [MESSAGE][PASSED] - Object: 'Object Repository/Final Object Repo/Page_Update Employer Information/Sub Business Entity' is clicked on

2018-12-10 16:07:18 - [TEST_STEP][PASSED] - click: Object: 'Object Repository/Final Object Repo/Page_Update Employer Information/Sub Business Entity - Partnership - Registered With other Agencies' is clicked on

2018-12-10 16:07:18 - [MESSAGE][PASSED] - Object: 'Object Repository/Final Object Repo/Page_Update Employer Information/Sub Business Entity - Partnership - Registered With other Agencies' is clicked on

2018-12-10 16:07:18 - [TEST_STEP][PASSED] - delay: Delayed 3 second(s)

2018-12-10 16:07:21 - [MESSAGE][PASSED] - Delayed 3 second(s)

2018-12-10 16:07:21 - [TEST_STEP][PASSED] - delay: Delayed 4 second(s)

2018-12-10 16:07:25 - [MESSAGE][PASSED] - Delayed 4 second(s)

2018-12-10 16:07:25 - [TEST_STEP][PASSED] - click: Object: 'Object Repository/Final Object Repo/Page_Update Employer Information/Save  Continue' is clicked on

2018-12-10 16:07:26 - [MESSAGE][PASSED] - Object: 'Object Repository/Final Object Repo/Page_Update Employer Information/Save  Continue' is clicked on

2018-12-10 16:07:26 - [TEST_STEP][PASSED] - delay: Delayed 4 second(s)

2018-12-10 16:07:30 - [MESSAGE][PASSED] - Delayed 4 second(s)

2018-12-10 16:07:30 - [TEST_STEP][PASSED] - click: Object: 'Object Repository/Final Object Repo/Page_Update Employer Information/Save  Continue (1)' is clicked on

2018-12-10 16:07:30 - [MESSAGE][PASSED] - Object: 'Object Repository/Final Object Repo/Page_Update Employer Information/Save  Continue (1)' is clicked on

2018-12-10 16:07:30 - [TEST_STEP][PASSED] - delay: Delayed 4 second(s)

2018-12-10 16:07:34 - [MESSAGE][PASSED] - Delayed 4 second(s)

2018-12-10 16:07:34 - [TEST_STEP][PASSED] - Statement - CaseReferenceNo = com.kms.katalon.core.webui.keyword.WebUiBuiltInKeywords.getText(com.kms.katalon.core.testobject.ObjectRepository.findTestObject(Final Object Repo/Page_Update Employer Information/Reference Number in Update Employee Information Page)): Text of object 'Object Repository/Final Object Repo/Page_Update Employer Information/Reference Number in Update Employee Information Page' is: 'CUN122018C100005957'

2018-12-10 16:07:34 - [MESSAGE][PASSED] - Text of object 'Object Repository/Final Object Repo/Page_Update Employer Information/Reference Number in Update Employee Information Page' is: 'CUN122018C100005957'

2018-12-10 16:07:34 - [TEST_STEP][PASSED] - callTestCase: Call Test Case 'Test Cases/Final Aug 2018 - PKS Automation/Common/Reference Number Setter' successfully

2018-12-10 16:07:34 - [TEST_CASE][PASSED] - Test Cases/Final Aug 2018 - PKS Automation/Common/Reference Number Setter: Test Cases/Final Aug 2018 - PKS Automation/Common/Reference Number Setter

2018-12-10 16:07:34 - [TEST_STEP][PASSED] - Statement - RefNoOldFile = new java.io.File(C://Users//Admin//Desktop//PKS//Automation Reference Point//KatalonReference.txt): null

2018-12-10 16:07:34 - [TEST_STEP][PASSED] - Statement - RefNoOldFile.delete(): null

2018-12-10 16:07:34 - [TEST_STEP][PASSED] - delay: Delayed 5 second(s)

2018-12-10 16:07:39 - [MESSAGE][PASSED] - Delayed 5 second(s)

2018-12-10 16:07:39 - [TEST_STEP][PASSED] - Statement - RefNo = new java.io.File(C://Users//Admin//Desktop//PKS//Automation Reference Point//KatalonReference.txt): null

2018-12-10 16:07:39 - [TEST_STEP][PASSED] - Statement - f2 = new java.io.FileWriter(RefNo, false): null

2018-12-10 16:07:39 - [TEST_STEP][PASSED] - Statement - f2.write(CaseReferenceNo): null

2018-12-10 16:07:39 - [TEST_STEP][PASSED] - Statement - f2.close(): null

2018-12-10 16:07:39 - [TEST_STEP][PASSED] - Statement - out.println("


" + CaseReferenceNo + "


"): null

2018-12-10 16:07:39 - [MESSAGE][PASSED] - Call Test Case 'Test Cases/Final Aug 2018 - PKS Automation/Common/Reference Number Setter' successfully

2018-12-10 16:07:39 - [TEST_STEP][PASSED] - delay: Delayed 4 second(s)

2018-12-10 16:07:43 - [MESSAGE][PASSED] - Delayed 4 second(s)

2018-12-10 16:07:43 - [TEST_STEP][PASSED] - click: Object: 'Object Repository/Final Object Repo/Page_Update Employer Information/Submit - Copy' is clicked on

2018-12-10 16:07:43 - [MESSAGE][PASSED] - Object: 'Object Repository/Final Object Repo/Page_Update Employer Information/Submit - Copy' is clicked on

2018-12-10 16:07:43 - [TEST_STEP][PASSED] - delay: Delayed 2 second(s)

2018-12-10 16:07:45 - [MESSAGE][PASSED] - Delayed 2 second(s)

2018-12-10 16:07:45 - [TEST_STEP][PASSED] - click: Object: 'Object Repository/Final Object Repo/Page_Update Employer Information/Confirm' is clicked on

2018-12-10 16:07:45 - [MESSAGE][PASSED] - Object: 'Object Repository/Final Object Repo/Page_Update Employer Information/Confirm' is clicked on

2018-12-10 16:07:45 - [TEST_STEP][PASSED] - delay: Delayed 2 second(s)

2018-12-10 16:07:47 - [MESSAGE][PASSED] - Delayed 2 second(s)

2018-12-10 16:07:47 - [TEST_STEP][PASSED] - click: Object: 'Object Repository/Final Object Repo/Page_Update Employer Information/Message Your Request will be route' is clicked on

2018-12-10 16:07:49 - [MESSAGE][PASSED] - Object: 'Object Repository/Final Object Repo/Page_Update Employer Information/Message Your Request will be route' is clicked on

2018-12-10 16:07:49 - [MESSAGE][PASSED] - Call Test Case 'Test Cases/Final Aug 2018 - PKS Automation/Registration Module/Workflow/Update Employer Information/Template/Update Employer Information - Special Case (PAU)' successfully

2018-12-10 16:07:49 - [TEST_STEP][PASSED] - callTestCase: Call Test Case 'Test Cases/Final Aug 2018 - PKS Automation/Registration Module/Workflow/Update Employer Information/Template/Update Employer Information - Special Case - UO (Query)' successfully

2018-12-10 16:07:49 - [TEST_CASE][PASSED] - Test Cases/Final Aug 2018 - PKS Automation/Registration Module/Workflow/Update Employer Information/Template/Update Employer Information - Special Case - UO (Query): Test Cases/Final Aug 2018 - PKS Automation/Registration Module/Workflow/Update Employer Information/Template/Update Employer Information - Special Case - UO (Query)

2018-12-10 16:07:49 - [TEST_STEP][NOT_RUN] - callTestCase: NOT_RUN: callTestCase

2018-12-10 16:07:49 - [MESSAGE][NOT_RUN] - NOT_RUN: callTestCase

2018-12-10 16:07:49 - [TEST_STEP][PASSED] - delay: Delayed 1 second(s)

2018-12-10 16:07:50 - [MESSAGE][PASSED] - Delayed 1 second(s)

2018-12-10 16:07:50 - [TEST_STEP][PASSED] - navigateToUrl: Navigate to 'https://assist2-uat.perkeso.gov.my/c/portal/logout' successfully

2018-12-10 16:07:51 - [MESSAGE][PASSED] - Navigate to 'https://assist2-uat.perkeso.gov.my/c/portal/logout' successfully

2018-12-10 16:07:51 - [TEST_STEP][PASSED] - delay: Delayed 1 second(s)

2018-12-10 16:07:52 - [MESSAGE][PASSED] - Delayed 1 second(s)

2018-12-10 16:07:52 - [TEST_STEP][PASSED] - callTestCase: Call Test Case 'Test Cases/Final Aug 2018 - PKS Automation/Common/Reference Number Getter' successfully

2018-12-10 16:07:52 - [TEST_CASE][PASSED] - Test Cases/Final Aug 2018 - PKS Automation/Common/Reference Number Getter: Test Cases/Final Aug 2018 - PKS Automation/Common/Reference Number Getter

2018-12-10 16:07:52 - [TEST_STEP][PASSED] - Statement - Try: null

2018-12-10 16:07:52 - [TEST_STEP][PASSED] - Statement - RefNo = new java.io.File(C://Users//Admin//Desktop//PKS//Automation Reference Point//KatalonReference.txt): null

2018-12-10 16:07:52 - [TEST_STEP][PASSED] - Statement - bufferread = new java.io.BufferedReader(new java.io.FileReader(RefNo)): null

2018-12-10 16:07:52 - [TEST_STEP][PASSED] - Statement - readedVal = bufferread.readLine(): null

2018-12-10 16:07:52 - [TEST_STEP][PASSED] - Statement - out.println(CaseReferenceNo): null

2018-12-10 16:07:52 - [TEST_STEP][PASSED] - Statement - out.println(readedVal): null

2018-12-10 16:07:52 - [TEST_STEP][PASSED] - Statement - CaseReferenceNo = "": null

2018-12-10 16:07:52 - [TEST_STEP][PASSED] - Statement - CaseReferenceNo = readedVal: null

2018-12-10 16:07:52 - [MESSAGE][PASSED] - Call Test Case 'Test Cases/Final Aug 2018 - PKS Automation/Common/Reference Number Getter' successfully

2018-12-10 16:07:52 - [TEST_STEP][PASSED] - callTestCase: Call Test Case 'Test Cases/Final Aug 2018 - PKS Automation/Common/Workflow Owner Finder' successfully

2018-12-10 16:07:52 - [TEST_CASE][PASSED] - Test Cases/Final Aug 2018 - PKS Automation/Common/Workflow Owner Finder: Test Cases/Final Aug 2018 - PKS Automation/Common/Workflow Owner Finder

2018-12-10 16:07:52 - [TEST_STEP][PASSED] - openBrowser: Browser is opened with url: ''

2018-12-10 16:07:52 - [MESSAGE][WARNING] - A browser is already opened. Closing browser and opening a new one

2018-12-10 16:07:55 - [MESSAGE][PASSED] - Browser is opened with url: ''

2018-12-10 16:07:55 - [TEST_STEP][PASSED] - navigateToUrl: Navigate to 'https://assist2-uat.perkeso.gov.my/login' successfully

2018-12-10 16:07:56 - [MESSAGE][PASSED] - Navigate to 'https://assist2-uat.perkeso.gov.my/login' successfully

2018-12-10 16:07:56 - [TEST_STEP][PASSED] - delay: Delayed 5 second(s)

2018-12-10 16:08:01 - [MESSAGE][PASSED] - Delayed 5 second(s)

2018-12-10 16:08:01 - [TEST_STEP][PASSED] - setText: Text 'test@liferay.com' is set on object 'Object Repository/Final Object Repo/Login Page/Internal User/Email Address'

2018-12-10 16:08:02 - [MESSAGE][PASSED] - Text 'test@liferay.com' is set on object 'Object Repository/Final Object Repo/Login Page/Internal User/Email Address'

2018-12-10 16:08:02 - [TEST_STEP][PASSED] - click: Object: 'Object Repository/Final Object Repo/Login Page/Internal User/Next Button' is clicked on

2018-12-10 16:08:02 - [MESSAGE][PASSED] - Object: 'Object Repository/Final Object Repo/Login Page/Internal User/Next Button' is clicked on

2018-12-10 16:08:02 - [TEST_STEP][PASSED] - delay: Delayed 2 second(s)

2018-12-10 16:08:04 - [MESSAGE][PASSED] - Delayed 2 second(s)

2018-12-10 16:08:04 - [TEST_STEP][PASSED] - setText: Text 'test' is set on object 'Object Repository/Final Object Repo/Login Page/Internal User/Password'

2018-12-10 16:08:04 - [MESSAGE][PASSED] - Text 'test' is set on object 'Object Repository/Final Object Repo/Login Page/Internal User/Password'

2018-12-10 16:08:04 - [TEST_STEP][PASSED] - delay: Delayed 2 second(s)

2018-12-10 16:08:06 - [MESSAGE][PASSED] - Delayed 2 second(s)

2018-12-10 16:08:06 - [TEST_STEP][PASSED] - click: Object: 'Object Repository/Final Object Repo/Login Page/Internal User/Login Button' is clicked on

2018-12-10 16:08:06 - [MESSAGE][PASSED] - Object: 'Object Repository/Final Object Repo/Login Page/Internal User/Login Button' is clicked on

2018-12-10 16:08:06 - [TEST_STEP][PASSED] - Statement - tester = com.kms.katalon.core.testobject.ObjectRepository.findTestObject(Final Object Repo/Landing Page/Select to English): Finding Test Object with id 'Object Repository/Final Object Repo/Landing Page/Select to English'

2018-12-10 16:08:06 - [TEST_STEP][PASSED] - Statement - Try: Delayed 2 second(s)

2018-12-10 16:08:06 - [TEST_STEP][PASSED] - Statement - Checker = com.kms.katalon.core.webui.keyword.WebUiBuiltInKeywords.verifyElementNotPresent(tester, 3): Web element with id: 'Object Repository/Final Object Repo/Landing Page/Select to English' located by 'By.xpath: //a[@class = 'taglib-language-list-text' and @lang = 'en-US' and (contains(text(), 'EN') or contains(., 'EN'))]' is not present after '3' second(s)

2018-12-10 16:08:08 - [MESSAGE][PASSED] - Web element with id: 'Object Repository/Final Object Repo/Landing Page/Select to English' located by 'By.xpath: //a[@class = 'taglib-language-list-text' and @lang = 'en-US' and (contains(text(), 'EN') or contains(., 'EN'))]' is not present after '3' second(s)

2018-12-10 16:08:08 - [TEST_STEP][PASSED] - Statement - If (Checker == false): null

2018-12-10 16:08:08 - [TEST_STEP][PASSED] - delay: Delayed 2 second(s)

2018-12-10 16:08:10 - [MESSAGE][PASSED] - Delayed 2 second(s)

2018-12-10 16:08:10 - [TEST_STEP][PASSED] - delay: Delayed 5 second(s)

2018-12-10 16:08:15 - [MESSAGE][PASSED] - Delayed 5 second(s)

2018-12-10 16:08:15 - [TEST_STEP][PASSED] - mouseOver: Object: 'Object Repository/Final Object Repo/Landing Page/WorkFlow Menu' is hovered

2018-12-10 16:08:16 - [MESSAGE][PASSED] - Object: 'Object Repository/Final Object Repo/Landing Page/WorkFlow Menu' is hovered

2018-12-10 16:08:16 - [TEST_STEP][PASSED] - delay: Delayed 2 second(s)

2018-12-10 16:08:18 - [MESSAGE][PASSED] - Delayed 2 second(s)

2018-12-10 16:08:18 - [TEST_STEP][PASSED] - click: Object: 'Object Repository/Final Object Repo/Landing Page/Select to Workflow Listing' is clicked on

2018-12-10 16:08:19 - [MESSAGE][PASSED] - Object: 'Object Repository/Final Object Repo/Landing Page/Select to Workflow Listing' is clicked on

2018-12-10 16:08:19 - [TEST_STEP][PASSED] - delay: Delayed 2 second(s)

2018-12-10 16:08:21 - [MESSAGE][PASSED] - Delayed 2 second(s)

2018-12-10 16:08:21 - [TEST_STEP][PASSED] - click: Object: 'Object Repository/Final Object Repo/WorkFlow Listing Page/Search Information - To Put Ref No' is clicked on

2018-12-10 16:08:21 - [MESSAGE][PASSED] - Object: 'Object Repository/Final Object Repo/WorkFlow Listing Page/Search Information - To Put Ref No' is clicked on

2018-12-10 16:08:21 - [TEST_STEP][PASSED] - delay: Delayed 2 second(s)

2018-12-10 16:08:23 - [MESSAGE][PASSED] - Delayed 2 second(s)

2018-12-10 16:08:23 - [TEST_STEP][PASSED] - callTestCase: Call Test Case 'Test Cases/Final Aug 2018 - PKS Automation/Common/Reference Number Getter' successfully

2018-12-10 16:08:23 - [TEST_CASE][PASSED] - Test Cases/Final Aug 2018 - PKS Automation/Common/Reference Number Getter: Test Cases/Final Aug 2018 - PKS Automation/Common/Reference Number Getter

2018-12-10 16:08:23 - [TEST_STEP][PASSED] - Statement - Try: null

2018-12-10 16:08:23 - [TEST_STEP][PASSED] - Statement - RefNo = new java.io.File(C://Users//Admin//Desktop//PKS//Automation Reference Point//KatalonReference.txt): null

2018-12-10 16:08:23 - [TEST_STEP][PASSED] - Statement - bufferread = new java.io.BufferedReader(new java.io.FileReader(RefNo)): null

2018-12-10 16:08:23 - [TEST_STEP][PASSED] - Statement - readedVal = bufferread.readLine(): null

2018-12-10 16:08:23 - [TEST_STEP][PASSED] - Statement - out.println(CaseReferenceNo): null

2018-12-10 16:08:23 - [TEST_STEP][PASSED] - Statement - out.println(readedVal): null

2018-12-10 16:08:23 - [TEST_STEP][PASSED] - Statement - CaseReferenceNo = "": null

2018-12-10 16:08:23 - [TEST_STEP][PASSED] - Statement - CaseReferenceNo = readedVal: null

2018-12-10 16:08:23 - [MESSAGE][PASSED] - Call Test Case 'Test Cases/Final Aug 2018 - PKS Automation/Common/Reference Number Getter' successfully

2018-12-10 16:08:23 - [TEST_STEP][PASSED] - setText: Text 'CUN122018C100005957' is set on object 'Object Repository/Final Object Repo/WorkFlow Listing Page/Ref No Set Text'

2018-12-10 16:08:23 - [MESSAGE][PASSED] - Text 'CUN122018C100005957' is set on object 'Object Repository/Final Object Repo/WorkFlow Listing Page/Ref No Set Text'

2018-12-10 16:08:23 - [TEST_STEP][PASSED] - delay: Delayed 2 second(s)

2018-12-10 16:08:25 - [MESSAGE][PASSED] - Delayed 2 second(s)

2018-12-10 16:08:25 - [TEST_STEP][PASSED] - click: Object: 'Object Repository/Final Object Repo/WorkFlow Listing Page/Search Ref No Search Button' is clicked on

2018-12-10 16:08:26 - [MESSAGE][PASSED] - Object: 'Object Repository/Final Object Repo/WorkFlow Listing Page/Search Ref No Search Button' is clicked on

2018-12-10 16:08:26 - [TEST_STEP][PASSED] - delay: Delayed 6 second(s)

2018-12-10 16:08:32 - [MESSAGE][PASSED] - Delayed 6 second(s)

2018-12-10 16:08:32 - [TEST_STEP][PASSED] - click: Object: 'Object Repository/Final Object Repo/WorkFlow Listing Page/Click Continue Tooltip' is clicked on

2018-12-10 16:08:33 - [MESSAGE][PASSED] - Object: 'Object Repository/Final Object Repo/WorkFlow Listing Page/Click Continue Tooltip' is clicked on

2018-12-10 16:08:33 - [TEST_STEP][PASSED] - delay: Delayed 5 second(s)

2018-12-10 16:08:38 - [MESSAGE][PASSED] - Delayed 5 second(s)

2018-12-10 16:08:38 - [TEST_STEP][PASSED] - doubleClick: Object: 'Object Repository/Final Object Repo/WorkFlow Listing Page/Workflow Found - Listing 1' is double clicked on

2018-12-10 16:08:38 - [MESSAGE][PASSED] - Object: 'Object Repository/Final Object Repo/WorkFlow Listing Page/Workflow Found - Listing 1' is double clicked on

2018-12-10 16:08:38 - [TEST_STEP][PASSED] - Statement - println(OwnerID): null

2018-12-10 16:08:38 - [TEST_STEP][PASSED] - Statement - OwnerID = com.kms.katalon.core.webui.keyword.WebUiBuiltInKeywords.getText(com.kms.katalon.core.testobject.ObjectRepository.findTestObject(Final Object Repo/WorkFlow Listing Page/Workflow Found - Listing 1), STOP_ON_FAILURE): Text of object 'Object Repository/Final Object Repo/WorkFlow Listing Page/Workflow Found - Listing 1' is: 'JOHORuo2'

2018-12-10 16:08:38 - [MESSAGE][PASSED] - Text of object 'Object Repository/Final Object Repo/WorkFlow Listing Page/Workflow Found - Listing 1' is: 'JOHORuo2'

2018-12-10 16:08:38 - [TEST_STEP][PASSED] - Statement - OwnerID = OwnerID.toLowerCase() + "@gmail.com": null

2018-12-10 16:08:38 - [TEST_STEP][PASSED] - Statement - println(OwnerID): null

2018-12-10 16:08:38 - [TEST_STEP][PASSED] - delay: Delayed 2 second(s)

2018-12-10 16:08:40 - [MESSAGE][PASSED] - Delayed 2 second(s)

2018-12-10 16:08:40 - [MESSAGE][PASSED] - Call Test Case 'Test Cases/Final Aug 2018 - PKS Automation/Common/Workflow Owner Finder' successfully

2018-12-10 16:08:40 - [TEST_STEP][PASSED] - delay: Delayed 1 second(s)

2018-12-10 16:08:41 - [MESSAGE][PASSED] - Delayed 1 second(s)

2018-12-10 16:08:41 - [TEST_STEP][PASSED] - navigateToUrl: Navigate to 'https://assist2-uat.perkeso.gov.my/c/portal/logout' successfully

2018-12-10 16:08:42 - [MESSAGE][PASSED] - Navigate to 'https://assist2-uat.perkeso.gov.my/c/portal/logout' successfully

2018-12-10 16:08:42 - [TEST_STEP][PASSED] - delay: Delayed 1 second(s)

2018-12-10 16:08:43 - [MESSAGE][PASSED] - Delayed 1 second(s)

2018-12-10 16:08:43 - [TEST_STEP][PASSED] - callTestCase: Call Test Case 'Test Cases/Final Aug 2018 - PKS Automation/Registration Module/Workflow/Login and Search Case For Workflow' successfully

2018-12-10 16:08:43 - [TEST_CASE][PASSED] - Test Cases/Final Aug 2018 - PKS Automation/Registration Module/Workflow/Login and Search Case For Workflow: Test Cases/Final Aug 2018 - PKS Automation/Registration Module/Workflow/Login and Search Case For Workflow

2018-12-10 16:08:43 - [TEST_STEP][PASSED] - navigateToUrl: Navigate to 'https://assist2-uat.perkeso.gov.my/login' successfully

2018-12-10 16:08:43 - [MESSAGE][PASSED] - Navigate to 'https://assist2-uat.perkeso.gov.my/login' successfully

2018-12-10 16:08:43 - [TEST_STEP][PASSED] - setText: Text 'johoruo2@gmail.com' is set on object 'Object Repository/Final Object Repo/Login Page/Internal User/Email Address'

2018-12-10 16:08:44 - [MESSAGE][PASSED] - Text 'johoruo2@gmail.com' is set on object 'Object Repository/Final Object Repo/Login Page/Internal User/Email Address'

2018-12-10 16:08:44 - [TEST_STEP][PASSED] - click: Object: 'Object Repository/Final Object Repo/Login Page/Internal User/Next Button' is clicked on

2018-12-10 16:08:44 - [MESSAGE][PASSED] - Object: 'Object Repository/Final Object Repo/Login Page/Internal User/Next Button' is clicked on

2018-12-10 16:08:44 - [TEST_STEP][PASSED] - delay: Delayed 1 second(s)

2018-12-10 16:08:45 - [MESSAGE][PASSED] - Delayed 1 second(s)

2018-12-10 16:08:45 - [TEST_STEP][PASSED] - setEncryptedText: Text ****** has been set on object 'Object Repository/Final Object Repo/Login Page/Internal User/Password'

2018-12-10 16:08:45 - [MESSAGE][PASSED] - Text ****** has been set on object 'Object Repository/Final Object Repo/Login Page/Internal User/Password'

2018-12-10 16:08:45 - [TEST_STEP][PASSED] - click: Object: 'Object Repository/Final Object Repo/Login Page/Internal User/Login Button' is clicked on

2018-12-10 16:08:45 - [MESSAGE][PASSED] - Object: 'Object Repository/Final Object Repo/Login Page/Internal User/Login Button' is clicked on

2018-12-10 16:08:45 - [TEST_STEP][PASSED] - delay: Delayed 2 second(s)

2018-12-10 16:08:47 - [MESSAGE][PASSED] - Delayed 2 second(s)

2018-12-10 16:08:47 - [TEST_STEP][PASSED] - Statement - Try: Delayed 2 second(s)

2018-12-10 16:08:47 - [TEST_STEP][PASSED] - Statement - Checker = false: null

2018-12-10 16:08:47 - [TEST_STEP][PASSED] - Statement - Checker = com.kms.katalon.core.webui.keyword.WebUiBuiltInKeywords.verifyElementHasAttribute(com.kms.katalon.core.testobject.ObjectRepository.findTestObject(Final Object Repo/Landing Page/BM Detecting), "href", 20, OPTIONAL): Object 'Object Repository/Final Object Repo/Landing Page/BM Detecting' has attribute 'href'

2018-12-10 16:08:48 - [MESSAGE][PASSED] - Object 'Object Repository/Final Object Repo/Landing Page/BM Detecting' has attribute 'href'

2018-12-10 16:08:48 - [TEST_STEP][PASSED] - Statement - out.println(Checker): null

2018-12-10 16:08:48 - [TEST_STEP][PASSED] - Statement - If (Checker == false): null

2018-12-10 16:08:48 - [TEST_STEP][PASSED] - Statement - Else: null

2018-12-10 16:08:48 - [TEST_STEP][PASSED] - delay: Delayed 2 second(s)

2018-12-10 16:08:50 - [MESSAGE][PASSED] - Delayed 2 second(s)

2018-12-10 16:08:50 - [TEST_STEP][PASSED] - click: Object: 'Object Repository/Final Object Repo/Page_MyASSIST - ASSIST - Search Pending Case For Add Supporting Document/Search Information' is clicked on

2018-12-10 16:08:50 - [MESSAGE][PASSED] - Object: 'Object Repository/Final Object Repo/Page_MyASSIST - ASSIST - Search Pending Case For Add Supporting Document/Search Information' is clicked on

2018-12-10 16:08:50 - [TEST_STEP][PASSED] - delay: Delayed 3 second(s)

2018-12-10 16:08:53 - [MESSAGE][PASSED] - Delayed 3 second(s)

2018-12-10 16:08:53 - [TEST_STEP][PASSED] - sendKeys: Keys 'CUN122018C100005957' sent to object: 'Object Repository/Final Object Repo/Page_MyASSIST - ASSIST - Search Pending Case For Add Supporting Document/Reference No'

2018-12-10 16:08:53 - [MESSAGE][PASSED] - Keys 'CUN122018C100005957' sent to object: 'Object Repository/Final Object Repo/Page_MyASSIST - ASSIST - Search Pending Case For Add Supporting Document/Reference No'

2018-12-10 16:08:53 - [TEST_STEP][PASSED] - click: Object: 'Object Repository/Final Object Repo/Page_MyASSIST - ASSIST - Search Pending Case For Add Supporting Document/Search Reference No' is clicked on

2018-12-10 16:08:53 - [MESSAGE][PASSED] - Object: 'Object Repository/Final Object Repo/Page_MyASSIST - ASSIST - Search Pending Case For Add Supporting Document/Search Reference No' is clicked on

2018-12-10 16:08:53 - [TEST_STEP][PASSED] - delay: Delayed 2 second(s)

2018-12-10 16:08:55 - [MESSAGE][PASSED] - Delayed 2 second(s)

2018-12-10 16:08:55 - [TEST_STEP][PASSED] - click: Object: 'Object Repository/Final Object Repo/Page_MyASSIST - ASSIST - Search Pending Case For Add Supporting Document/Continue' is clicked on

2018-12-10 16:08:59 - [MESSAGE][PASSED] - Object: 'Object Repository/Final Object Repo/Page_MyASSIST - ASSIST - Search Pending Case For Add Supporting Document/Continue' is clicked on

2018-12-10 16:08:59 - [TEST_STEP][PASSED] - delay: Delayed 20 second(s)

2018-12-10 16:09:19 - [MESSAGE][PASSED] - Delayed 20 second(s)

2018-12-10 16:09:19 - [MESSAGE][PASSED] - Call Test Case 'Test Cases/Final Aug 2018 - PKS Automation/Registration Module/Workflow/Login and Search Case For Workflow' successfully

2018-12-10 16:09:19 - [TEST_STEP][PASSED] - delay: Delayed 2 second(s)

2018-12-10 16:09:21 - [MESSAGE][PASSED] - Delayed 2 second(s)

2018-12-10 16:09:21 - [TEST_STEP][PASSED] - click: Object: 'Object Repository/Final Object Repo/Page_Update Employer Information/Page_Update Employer Information UO (Approve)/Continue' is clicked on

2018-12-10 16:09:25 - [MESSAGE][PASSED] - Object: 'Object Repository/Final Object Repo/Page_Update Employer Information/Page_Update Employer Information UO (Approve)/Continue' is clicked on

2018-12-10 16:09:25 - [TEST_STEP][PASSED] - delay: Delayed 2 second(s)

2018-12-10 16:09:27 - [MESSAGE][PASSED] - Delayed 2 second(s)

2018-12-10 16:09:27 - [TEST_STEP][PASSED] - click: Object: 'Object Repository/Final Object Repo/Page_Update Employer Information/Page_Update Employer Information UO (Approve)/Save  Continue in Update Employer Information Page' is clicked on

2018-12-10 16:09:27 - [MESSAGE][PASSED] - Object: 'Object Repository/Final Object Repo/Page_Update Employer Information/Page_Update Employer Information UO (Approve)/Save  Continue in Update Employer Information Page' is clicked on

2018-12-10 16:09:27 - [TEST_STEP][PASSED] - delay: Delayed 2 second(s)

2018-12-10 16:09:29 - [MESSAGE][PASSED] - Delayed 2 second(s)

2018-12-10 16:09:29 - [TEST_STEP][PASSED] - setText: Text 'Query' is set on object 'Object Repository/Final Object Repo/Page_Update Employer Information/Page_Update Employer Information UO (Query)/Query - Remark'

2018-12-10 16:09:32 - [MESSAGE][PASSED] - Text 'Query' is set on object 'Object Repository/Final Object Repo/Page_Update Employer Information/Page_Update Employer Information UO (Query)/Query - Remark'

2018-12-10 16:09:32 - [TEST_STEP][PASSED] - delay: Delayed 2 second(s)

2018-12-10 16:09:34 - [MESSAGE][PASSED] - Delayed 2 second(s)

2018-12-10 16:09:34 - [TEST_STEP][PASSED] - click: Object: 'Object Repository/Final Object Repo/Page_Update Employer Information/Page_Update Employer Information UO (Approve)/Save  Continue in Uploading Supporting Document Page' is clicked on

2018-12-10 16:09:34 - [MESSAGE][PASSED] - Object: 'Object Repository/Final Object Repo/Page_Update Employer Information/Page_Update Employer Information UO (Approve)/Save  Continue in Uploading Supporting Document Page' is clicked on

2018-12-10 16:09:34 - [TEST_STEP][PASSED] - delay: Delayed 2 second(s)

2018-12-10 16:09:36 - [MESSAGE][PASSED] - Delayed 2 second(s)

2018-12-10 16:09:36 - [TEST_STEP][PASSED] - click: Object: 'Object Repository/Final Object Repo/Page_Update Employer Information/Page_Update Employer Information UO (Query)/Query' is clicked on

2018-12-10 16:09:38 - [MESSAGE][PASSED] - Object: 'Object Repository/Final Object Repo/Page_Update Employer Information/Page_Update Employer Information UO (Query)/Query' is clicked on

2018-12-10 16:09:38 - [TEST_STEP][PASSED] - delay: Delayed 2 second(s)

2018-12-10 16:09:40 - [MESSAGE][PASSED] - Delayed 2 second(s)

2018-12-10 16:09:40 - [TEST_STEP][PASSED] - click: Object: 'Object Repository/Final Object Repo/Page_Update Employer Information/Page_Update Employer Information UO (Query)/Confirm' is clicked on

2018-12-10 16:09:40 - [MESSAGE][PASSED] - Object: 'Object Repository/Final Object Repo/Page_Update Employer Information/Page_Update Employer Information UO (Query)/Confirm' is clicked on

2018-12-10 16:09:40 - [TEST_STEP][PASSED] - delay: Delayed 2 second(s)

2018-12-10 16:09:42 - [MESSAGE][PASSED] - Delayed 2 second(s)

2018-12-10 16:09:42 - [TEST_STEP][PASSED] - doubleClick: Object: 'Object Repository/Final Object Repo/Page_Update Employer Information/Page_Update Employer Information UO (Query)/Message The Case Is Under Query' is double clicked on

2018-12-10 16:09:47 - [MESSAGE][PASSED] - Object: 'Object Repository/Final Object Repo/Page_Update Employer Information/Page_Update Employer Information UO (Query)/Message The Case Is Under Query' is double clicked on

2018-12-10 16:09:47 - [TEST_STEP][PASSED] - delay: Delayed 2 second(s)

2018-12-10 16:09:49 - [MESSAGE][PASSED] - Delayed 2 second(s)

2018-12-10 16:09:49 - [TEST_STEP][PASSED] - click: Object: 'Object Repository/Final Object Repo/Page_Update Employer Information/Page_Update Employer Information UO (Query)/Letter of inquiry.pdf' is clicked on

2018-12-10 16:09:49 - [MESSAGE][PASSED] - Object: 'Object Repository/Final Object Repo/Page_Update Employer Information/Page_Update Employer Information UO (Query)/Letter of inquiry.pdf' is clicked on

2018-12-10 16:09:49 - [TEST_STEP][PASSED] - delay: Delayed 1 second(s)

2018-12-10 16:09:50 - [MESSAGE][PASSED] - Delayed 1 second(s)

2018-12-10 16:09:50 - [TEST_STEP][PASSED] - callTestCase: Call Test Case 'Test Cases/Final Aug 2018 - PKS Automation/Registration Module/Log Out/log out avoiding katalon tagging' successfully

2018-12-10 16:09:50 - [TEST_CASE][PASSED] - Test Cases/Final Aug 2018 - PKS Automation/Registration Module/Log Out/log out avoiding katalon tagging: Test Cases/Final Aug 2018 - PKS Automation/Registration Module/Log Out/log out avoiding katalon tagging

2018-12-10 16:09:50 - [TEST_STEP][PASSED] - navigateToUrl: Navigate to 'https://assist2-uat.perkeso.gov.my/c/portal/logout' successfully

2018-12-10 16:09:51 - [MESSAGE][PASSED] - Navigate to 'https://assist2-uat.perkeso.gov.my/c/portal/logout' successfully

2018-12-10 16:09:51 - [MESSAGE][PASSED] - Call Test Case 'Test Cases/Final Aug 2018 - PKS Automation/Registration Module/Log Out/log out avoiding katalon tagging' successfully

2018-12-10 16:09:51 - [TEST_STEP][NOT_RUN] - navigateToUrl: NOT_RUN: navigateToUrl

2018-12-10 16:09:51 - [MESSAGE][NOT_RUN] - NOT_RUN: navigateToUrl

2018-12-10 16:09:51 - [TEST_STEP][PASSED] - delay: Delayed 1 second(s)

2018-12-10 16:09:52 - [MESSAGE][PASSED] - Delayed 1 second(s)

2018-12-10 16:09:52 - [TEST_STEP][PASSED] - callTestCase: Call Test Case 'Test Cases/Final Aug 2018 - PKS Automation/Registration Module/Workflow/Search Pending Case For Add Supporting Document (OTC)' successfully

2018-12-10 16:09:52 - [TEST_CASE][PASSED] - Test Cases/Final Aug 2018 - PKS Automation/Registration Module/Workflow/Search Pending Case For Add Supporting Document (OTC): Test Cases/Final Aug 2018 - PKS Automation/Registration Module/Workflow/Search Pending Case For Add Supporting Document (OTC)

2018-12-10 16:09:52 - [TEST_STEP][PASSED] - openBrowser: Browser is opened with url: ''

2018-12-10 16:09:52 - [MESSAGE][WARNING] - A browser is already opened. Closing browser and opening a new one

2018-12-10 16:09:55 - [MESSAGE][PASSED] - Browser is opened with url: ''

2018-12-10 16:09:55 - [TEST_STEP][PASSED] - navigateToUrl: Navigate to 'https://assist2-uat.perkeso.gov.my/login' successfully

2018-12-10 16:09:56 - [MESSAGE][PASSED] - Navigate to 'https://assist2-uat.perkeso.gov.my/login' successfully

2018-12-10 16:09:56 - [TEST_STEP][PASSED] - setText: Text 'johorotc1@gmail.com' is set on object 'Object Repository/Final Object Repo/Login Page/Internal User/Email Address'

2018-12-10 16:09:57 - [MESSAGE][PASSED] - Text 'johorotc1@gmail.com' is set on object 'Object Repository/Final Object Repo/Login Page/Internal User/Email Address'

2018-12-10 16:09:57 - [TEST_STEP][PASSED] - click: Object: 'Object Repository/Final Object Repo/Login Page/Internal User/Next Button' is clicked on

2018-12-10 16:09:57 - [MESSAGE][PASSED] - Object: 'Object Repository/Final Object Repo/Login Page/Internal User/Next Button' is clicked on

2018-12-10 16:09:57 - [TEST_STEP][PASSED] - delay: Delayed 1 second(s)

2018-12-10 16:09:58 - [MESSAGE][PASSED] - Delayed 1 second(s)

2018-12-10 16:09:58 - [TEST_STEP][PASSED] - setEncryptedText: Text ****** has been set on object 'Object Repository/Final Object Repo/Login Page/Internal User/Password'

2018-12-10 16:09:58 - [MESSAGE][PASSED] - Text ****** has been set on object 'Object Repository/Final Object Repo/Login Page/Internal User/Password'

2018-12-10 16:09:58 - [TEST_STEP][PASSED] - click: Object: 'Object Repository/Final Object Repo/Login Page/Internal User/Login Button' is clicked on

2018-12-10 16:09:58 - [MESSAGE][PASSED] - Object: 'Object Repository/Final Object Repo/Login Page/Internal User/Login Button' is clicked on

2018-12-10 16:09:58 - [TEST_STEP][PASSED] - delay: Delayed 1 second(s)

2018-12-10 16:09:59 - [MESSAGE][PASSED] - Delayed 1 second(s)

2018-12-10 16:09:59 - [TEST_STEP][PASSED] - Statement - Try: Delayed 2 second(s)

2018-12-10 16:09:59 - [TEST_STEP][PASSED] - Statement - Checker = false: null

2018-12-10 16:09:59 - [TEST_STEP][PASSED] - Statement - Checker = com.kms.katalon.core.webui.keyword.WebUiBuiltInKeywords.verifyElementHasAttribute(com.kms.katalon.core.testobject.ObjectRepository.findTestObject(Final Object Repo/Landing Page/BM Detecting), "href", 20, OPTIONAL): Object 'Object Repository/Final Object Repo/Landing Page/BM Detecting' has attribute 'href'

2018-12-10 16:10:00 - [MESSAGE][PASSED] - Object 'Object Repository/Final Object Repo/Landing Page/BM Detecting' has attribute 'href'

2018-12-10 16:10:00 - [TEST_STEP][PASSED] - Statement - out.println(Checker): null

2018-12-10 16:10:00 - [TEST_STEP][PASSED] - Statement - If (Checker == false): null

2018-12-10 16:10:00 - [TEST_STEP][PASSED] - Statement - Else: null

2018-12-10 16:10:00 - [TEST_STEP][PASSED] - delay: Delayed 2 second(s)

2018-12-10 16:10:02 - [MESSAGE][PASSED] - Delayed 2 second(s)

2018-12-10 16:10:02 - [TEST_STEP][PASSED] - navigateToUrl: Navigate to 'https://assist2-uat.perkeso.gov.my/web/registration/search/search-pending-case-for-add-supporting-document' successfully

2018-12-10 16:10:03 - [MESSAGE][PASSED] - Navigate to 'https://assist2-uat.perkeso.gov.my/web/registration/search/search-pending-case-for-add-supporting-document' successfully

2018-12-10 16:10:03 - [TEST_STEP][PASSED] - click: Object: 'Object Repository/Final Object Repo/Page_Search Pending Case For Add Suporting Document/Search By' is clicked on

2018-12-10 16:10:03 - [MESSAGE][PASSED] - Object: 'Object Repository/Final Object Repo/Page_Search Pending Case For Add Suporting Document/Search By' is clicked on

2018-12-10 16:10:03 - [TEST_STEP][PASSED] - click: Object: 'Object Repository/Final Object Repo/Page_Search Pending Case For Add Suporting Document/Search By - Reference ID' is clicked on

2018-12-10 16:10:04 - [MESSAGE][PASSED] - Object: 'Object Repository/Final Object Repo/Page_Search Pending Case For Add Suporting Document/Search By - Reference ID' is clicked on

2018-12-10 16:10:04 - [TEST_STEP][PASSED] - delay: Delayed 2 second(s)

2018-12-10 16:10:06 - [MESSAGE][PASSED] - Delayed 2 second(s)

2018-12-10 16:10:06 - [TEST_STEP][PASSED] - setText: Text 'CUN122018C100005957' is set on object 'Object Repository/Final Object Repo/Page_Search Pending Case For Add Suporting Document/Reference ID'

2018-12-10 16:10:06 - [MESSAGE][PASSED] - Text 'CUN122018C100005957' is set on object 'Object Repository/Final Object Repo/Page_Search Pending Case For Add Suporting Document/Reference ID'

2018-12-10 16:10:06 - [TEST_STEP][PASSED] - click: Object: 'Object Repository/Final Object Repo/Page_Search Pending Case For Add Suporting Document/Search' is clicked on

2018-12-10 16:10:06 - [MESSAGE][PASSED] - Object: 'Object Repository/Final Object Repo/Page_Search Pending Case For Add Suporting Document/Search' is clicked on

2018-12-10 16:10:06 - [TEST_STEP][PASSED] - delay: Delayed 2 second(s)

2018-12-10 16:10:08 - [MESSAGE][PASSED] - Delayed 2 second(s)

2018-12-10 16:10:08 - [TEST_STEP][PASSED] - click: Object: 'Object Repository/Final Object Repo/Page_Search Pending Case For Add Suporting Document/Edit' is clicked on

2018-12-10 16:10:12 - [MESSAGE][PASSED] - Object: 'Object Repository/Final Object Repo/Page_Search Pending Case For Add Suporting Document/Edit' is clicked on

2018-12-10 16:10:12 - [MESSAGE][PASSED] - Call Test Case 'Test Cases/Final Aug 2018 - PKS Automation/Registration Module/Workflow/Search Pending Case For Add Supporting Document (OTC)' successfully

2018-12-10 16:10:12 - [TEST_STEP][PASSED] - click: Object: 'Object Repository/Final Object Repo/Page_Update Employer Information/Page_Update Employer Information UO (Query -OTC -UO)/Next' is clicked on

2018-12-10 16:10:15 - [MESSAGE][PASSED] - Object: 'Object Repository/Final Object Repo/Page_Update Employer Information/Page_Update Employer Information UO (Query -OTC -UO)/Next' is clicked on

2018-12-10 16:10:15 - [TEST_STEP][PASSED] - delay: Delayed 2 second(s)

2018-12-10 16:10:17 - [MESSAGE][PASSED] - Delayed 2 second(s)

2018-12-10 16:10:17 - [TEST_STEP][PASSED] - click: Object: 'Object Repository/Final Object Repo/Page_Update Employer Information/Page_Update Employer Information UO (Query -OTC -UO)/Add Document' is clicked on

2018-12-10 16:10:17 - [MESSAGE][PASSED] - Object: 'Object Repository/Final Object Repo/Page_Update Employer Information/Page_Update Employer Information UO (Query -OTC -UO)/Add Document' is clicked on

2018-12-10 16:10:17 - [TEST_STEP][PASSED] - delay: Delayed 2 second(s)

2018-12-10 16:10:19 - [MESSAGE][PASSED] - Delayed 2 second(s)

2018-12-10 16:10:19 - [TEST_STEP][PASSED] - click: Object: 'Object Repository/Final Object Repo/Page_Update Employer Information/Page_Update Employer Information UO (Query -OTC -UO)/Document Type' is clicked on

2018-12-10 16:10:21 - [MESSAGE][PASSED] - Object: 'Object Repository/Final Object Repo/Page_Update Employer Information/Page_Update Employer Information UO (Query -OTC -UO)/Document Type' is clicked on

2018-12-10 16:10:21 - [TEST_STEP][PASSED] - click: Object: 'Object Repository/Final Object Repo/Page_Update Employer Information/Page_Update Employer Information UO (Query -OTC -UO)/Document Type - Other' is clicked on

2018-12-10 16:10:21 - [MESSAGE][PASSED] - Object: 'Object Repository/Final Object Repo/Page_Update Employer Information/Page_Update Employer Information UO (Query -OTC -UO)/Document Type - Other' is clicked on

2018-12-10 16:10:21 - [TEST_STEP][PASSED] - delay: Delayed 2 second(s)

2018-12-10 16:10:23 - [MESSAGE][PASSED] - Delayed 2 second(s)

2018-12-10 16:10:23 - [TEST_STEP][PASSED] - sendKeys: Keys 'C:\Users\Public\Pictures\Sample Pictures\Koala.jpg' sent to object: 'Object Repository/Final Object Repo/Page_Update Employer Information/Page_Update Employer Information UO (Query -OTC -UO)/Uploading File'

2018-12-10 16:10:23 - [MESSAGE][PASSED] - Keys 'C:\Users\Public\Pictures\Sample Pictures\Koala.jpg' sent to object: 'Object Repository/Final Object Repo/Page_Update Employer Information/Page_Update Employer Information UO (Query -OTC -UO)/Uploading File'

2018-12-10 16:10:23 - [TEST_STEP][PASSED] - delay: Delayed 2 second(s)

2018-12-10 16:10:25 - [MESSAGE][PASSED] - Delayed 2 second(s)

2018-12-10 16:10:25 - [TEST_STEP][PASSED] - click: Object: 'Object Repository/Final Object Repo/Page_Update Employer Information/Page_Update Employer Information UO (Query -OTC -UO)/Add Document in Uploading Page' is clicked on

2018-12-10 16:10:25 - [MESSAGE][PASSED] - Object: 'Object Repository/Final Object Repo/Page_Update Employer Information/Page_Update Employer Information UO (Query -OTC -UO)/Add Document in Uploading Page' is clicked on

2018-12-10 16:10:25 - [TEST_STEP][PASSED] - delay: Delayed 2 second(s)

2018-12-10 16:10:27 - [MESSAGE][PASSED] - Delayed 2 second(s)

2018-12-10 16:10:27 - [TEST_STEP][PASSED] - click: Object: 'Object Repository/Final Object Repo/Page_Update Employer Information/Page_Update Employer Information UO (Query -OTC -UO)/Exit' is clicked on

2018-12-10 16:10:30 - [MESSAGE][PASSED] - Object: 'Object Repository/Final Object Repo/Page_Update Employer Information/Page_Update Employer Information UO (Query -OTC -UO)/Exit' is clicked on

2018-12-10 16:10:30 - [TEST_STEP][PASSED] - delay: Delayed 2 second(s)

2018-12-10 16:10:32 - [MESSAGE][PASSED] - Delayed 2 second(s)

2018-12-10 16:10:32 - [TEST_STEP][PASSED] - delay: Delayed 1 second(s)

2018-12-10 16:10:33 - [MESSAGE][PASSED] - Delayed 1 second(s)

2018-12-10 16:10:33 - [TEST_STEP][PASSED] - navigateToUrl: Navigate to 'https://assist2-uat.perkeso.gov.my/c/portal/logout' successfully

2018-12-10 16:10:34 - [MESSAGE][PASSED] - Navigate to 'https://assist2-uat.perkeso.gov.my/c/portal/logout' successfully

2018-12-10 16:10:34 - [TEST_STEP][PASSED] - delay: Delayed 1 second(s)

2018-12-10 16:10:35 - [MESSAGE][PASSED] - Delayed 1 second(s)

2018-12-10 16:10:35 - [TEST_STEP][PASSED] - callTestCase: Call Test Case 'Test Cases/Final Aug 2018 - PKS Automation/Registration Module/Workflow/Login and Search Case For Workflow' successfully

2018-12-10 16:10:35 - [TEST_CASE][PASSED] - Test Cases/Final Aug 2018 - PKS Automation/Registration Module/Workflow/Login and Search Case For Workflow: Test Cases/Final Aug 2018 - PKS Automation/Registration Module/Workflow/Login and Search Case For Workflow

2018-12-10 16:10:35 - [TEST_STEP][PASSED] - navigateToUrl: Navigate to 'https://assist2-uat.perkeso.gov.my/login' successfully

2018-12-10 16:10:36 - [MESSAGE][PASSED] - Navigate to 'https://assist2-uat.perkeso.gov.my/login' successfully

2018-12-10 16:10:36 - [TEST_STEP][PASSED] - setText: Text 'johoruo2@gmail.com' is set on object 'Object Repository/Final Object Repo/Login Page/Internal User/Email Address'

2018-12-10 16:10:36 - [MESSAGE][PASSED] - Text 'johoruo2@gmail.com' is set on object 'Object Repository/Final Object Repo/Login Page/Internal User/Email Address'

2018-12-10 16:10:36 - [TEST_STEP][PASSED] - click: Object: 'Object Repository/Final Object Repo/Login Page/Internal User/Next Button' is clicked on

2018-12-10 16:10:36 - [MESSAGE][PASSED] - Object: 'Object Repository/Final Object Repo/Login Page/Internal User/Next Button' is clicked on

2018-12-10 16:10:36 - [TEST_STEP][PASSED] - delay: Delayed 1 second(s)

2018-12-10 16:10:37 - [MESSAGE][PASSED] - Delayed 1 second(s)

2018-12-10 16:10:37 - [TEST_STEP][PASSED] - setEncryptedText: Text ****** has been set on object 'Object Repository/Final Object Repo/Login Page/Internal User/Password'

2018-12-10 16:10:38 - [MESSAGE][PASSED] - Text ****** has been set on object 'Object Repository/Final Object Repo/Login Page/Internal User/Password'

2018-12-10 16:10:38 - [TEST_STEP][PASSED] - click: Object: 'Object Repository/Final Object Repo/Login Page/Internal User/Login Button' is clicked on

2018-12-10 16:10:38 - [MESSAGE][PASSED] - Object: 'Object Repository/Final Object Repo/Login Page/Internal User/Login Button' is clicked on

2018-12-10 16:10:38 - [TEST_STEP][PASSED] - delay: Delayed 2 second(s)

2018-12-10 16:10:40 - [MESSAGE][PASSED] - Delayed 2 second(s)

2018-12-10 16:10:40 - [TEST_STEP][PASSED] - Statement - Try: Delayed 2 second(s)

2018-12-10 16:10:40 - [TEST_STEP][PASSED] - Statement - Checker = false: null

2018-12-10 16:10:40 - [TEST_STEP][PASSED] - Statement - Checker = com.kms.katalon.core.webui.keyword.WebUiBuiltInKeywords.verifyElementHasAttribute(com.kms.katalon.core.testobject.ObjectRepository.findTestObject(Final Object Repo/Landing Page/BM Detecting), "href", 20, OPTIONAL): Object 'Object Repository/Final Object Repo/Landing Page/BM Detecting' has attribute 'href'

2018-12-10 16:10:40 - [MESSAGE][PASSED] - Object 'Object Repository/Final Object Repo/Landing Page/BM Detecting' has attribute 'href'

2018-12-10 16:10:40 - [TEST_STEP][PASSED] - Statement - out.println(Checker): null

2018-12-10 16:10:40 - [TEST_STEP][PASSED] - Statement - If (Checker == false): null

2018-12-10 16:10:40 - [TEST_STEP][PASSED] - Statement - Else: null

2018-12-10 16:10:40 - [TEST_STEP][PASSED] - delay: Delayed 2 second(s)

2018-12-10 16:10:42 - [MESSAGE][PASSED] - Delayed 2 second(s)

2018-12-10 16:10:42 - [TEST_STEP][PASSED] - click: Object: 'Object Repository/Final Object Repo/Page_MyASSIST - ASSIST - Search Pending Case For Add Supporting Document/Search Information' is clicked on

2018-12-10 16:10:42 - [MESSAGE][PASSED] - Object: 'Object Repository/Final Object Repo/Page_MyASSIST - ASSIST - Search Pending Case For Add Supporting Document/Search Information' is clicked on

2018-12-10 16:10:42 - [TEST_STEP][PASSED] - delay: Delayed 3 second(s)

2018-12-10 16:10:45 - [MESSAGE][PASSED] - Delayed 3 second(s)

2018-12-10 16:10:45 - [TEST_STEP][PASSED] - sendKeys: Keys 'CUN122018C100005957' sent to object: 'Object Repository/Final Object Repo/Page_MyASSIST - ASSIST - Search Pending Case For Add Supporting Document/Reference No'

2018-12-10 16:10:45 - [MESSAGE][PASSED] - Keys 'CUN122018C100005957' sent to object: 'Object Repository/Final Object Repo/Page_MyASSIST - ASSIST - Search Pending Case For Add Supporting Document/Reference No'

2018-12-10 16:10:45 - [TEST_STEP][PASSED] - click: Object: 'Object Repository/Final Object Repo/Page_MyASSIST - ASSIST - Search Pending Case For Add Supporting Document/Search Reference No' is clicked on

2018-12-10 16:10:45 - [MESSAGE][PASSED] - Object: 'Object Repository/Final Object Repo/Page_MyASSIST - ASSIST - Search Pending Case For Add Supporting Document/Search Reference No' is clicked on

2018-12-10 16:10:45 - [TEST_STEP][PASSED] - delay: Delayed 2 second(s)

2018-12-10 16:10:47 - [MESSAGE][PASSED] - Delayed 2 second(s)

2018-12-10 16:10:47 - [TEST_STEP][PASSED] - click: Object: 'Object Repository/Final Object Repo/Page_MyASSIST - ASSIST - Search Pending Case For Add Supporting Document/Continue' is clicked on

2018-12-10 16:10:51 - [MESSAGE][PASSED] - Object: 'Object Repository/Final Object Repo/Page_MyASSIST - ASSIST - Search Pending Case For Add Supporting Document/Continue' is clicked on

2018-12-10 16:10:51 - [TEST_STEP][PASSED] - delay: Delayed 20 second(s)

2018-12-10 16:11:11 - [MESSAGE][PASSED] - Delayed 20 second(s)

2018-12-10 16:11:11 - [MESSAGE][PASSED] - Call Test Case 'Test Cases/Final Aug 2018 - PKS Automation/Registration Module/Workflow/Login and Search Case For Workflow' successfully

2018-12-10 16:11:11 - [TEST_STEP][PASSED] - click: Object: 'Object Repository/Final Object Repo/Page_Update Employer Information/Page_Update Employer Information UO (Approve)/Continue' is clicked on

2018-12-10 16:11:14 - [MESSAGE][PASSED] - Object: 'Object Repository/Final Object Repo/Page_Update Employer Information/Page_Update Employer Information UO (Approve)/Continue' is clicked on

2018-12-10 16:11:14 - [TEST_STEP][PASSED] - delay: Delayed 2 second(s)

2018-12-10 16:11:16 - [MESSAGE][PASSED] - Delayed 2 second(s)

2018-12-10 16:11:16 - [TEST_STEP][PASSED] - click: Object: 'Object Repository/Final Object Repo/Page_Update Employer Information/Page_Update Employer Information UO (Approve)/Save  Continue in Update Employer Information Page' is clicked on

2018-12-10 16:11:17 - [MESSAGE][PASSED] - Object: 'Object Repository/Final Object Repo/Page_Update Employer Information/Page_Update Employer Information UO (Approve)/Save  Continue in Update Employer Information Page' is clicked on

2018-12-10 16:11:17 - [TEST_STEP][PASSED] - delay: Delayed 2 second(s)

2018-12-10 16:11:19 - [MESSAGE][PASSED] - Delayed 2 second(s)

2018-12-10 16:11:19 - [TEST_STEP][PASSED] - click: Object: 'Object Repository/Final Object Repo/Page_Update Employer Information/Page_Update Employer Information UO (Approve)/Save  Continue in Uploading Supporting Document Page' is clicked on

2018-12-10 16:11:21 - [MESSAGE][PASSED] - Object: 'Object Repository/Final Object Repo/Page_Update Employer Information/Page_Update Employer Information UO (Approve)/Save  Continue in Uploading Supporting Document Page' is clicked on

2018-12-10 16:11:21 - [TEST_STEP][PASSED] - delay: Delayed 2 second(s)

2018-12-10 16:11:23 - [MESSAGE][PASSED] - Delayed 2 second(s)

2018-12-10 16:11:23 - [TEST_STEP][PASSED] - click: Object: 'Object Repository/Final Object Repo/Page_Update Employer Information/Page_Update Employer Information UO (Approve)/Approve' is clicked on

2018-12-10 16:11:25 - [MESSAGE][PASSED] - Object: 'Object Repository/Final Object Repo/Page_Update Employer Information/Page_Update Employer Information UO (Approve)/Approve' is clicked on

2018-12-10 16:11:25 - [TEST_STEP][PASSED] - delay: Delayed 2 second(s)

2018-12-10 16:11:27 - [MESSAGE][PASSED] - Delayed 2 second(s)

2018-12-10 16:11:27 - [TEST_STEP][PASSED] - click: Object: 'Object Repository/Final Object Repo/Page_Update Employer Information/Page_Update Employer Information UO (Approve)/Confirm' is clicked on

2018-12-10 16:11:27 - [MESSAGE][PASSED] - Object: 'Object Repository/Final Object Repo/Page_Update Employer Information/Page_Update Employer Information UO (Approve)/Confirm' is clicked on

2018-12-10 16:11:27 - [TEST_STEP][PASSED] - delay: Delayed 2 second(s)

2018-12-10 16:11:29 - [MESSAGE][PASSED] - Delayed 2 second(s)

2018-12-10 16:11:29 - [TEST_STEP][PASSED] - verifyElementVisible: Object 'Object Repository/Final Object Repo/Page_Update Employer Information/Page_Update Employer Information UO (Approve)/Message Your Request' is visible

2018-12-10 16:11:35 - [MESSAGE][PASSED] - Object 'Object Repository/Final Object Repo/Page_Update Employer Information/Page_Update Employer Information UO (Approve)/Message Your Request' is visible

2018-12-10 16:11:35 - [TEST_STEP][PASSED] - verifyElementVisible: Object 'Object Repository/Final Object Repo/Page_Update Employer Information/Page_Update Employer Information UO (Approve)/Letter of successful update' is visible

2018-12-10 16:11:36 - [MESSAGE][PASSED] - Object 'Object Repository/Final Object Repo/Page_Update Employer Information/Page_Update Employer Information UO (Approve)/Letter of successful update' is visible

2018-12-10 16:11:36 - [MESSAGE][PASSED] - Call Test Case 'Test Cases/Final Aug 2018 - PKS Automation/Registration Module/Workflow/Update Employer Information/Template/Update Employer Information - Special Case - UO (Query)' successfully]]></system-out>
         <system-err><![CDATA[]]></system-err>
      </testcase>
      <testcase name="Test Cases/Final Aug 2018 - PKS Automation/Registration Module/Workflow/Update Employer Information/PAU - UO (Reject)" classname="Test Cases/Final Aug 2018 - PKS Automation/Registration Module/Workflow/Update Employer Information/PAU - UO (Reject)" status="PASSED">
         <system-out><![CDATA[2018-12-10 16:11:36 - [TEST_CASE][PASSED] - Test Cases/Final Aug 2018 - PKS Automation/Registration Module/Workflow/Update Employer Information/PAU - UO (Reject): Test Cases/Final Aug 2018 - PKS Automation/Registration Module/Workflow/Update Employer Information/PAU - UO (Reject)

2018-12-10 16:11:36 - [TEST_STEP][PASSED] - callTestCase: Call Test Case 'Test Cases/Final Aug 2018 - PKS Automation/Registration Module/Workflow/Update Employer Information/Template/Update Employer Information - Special Case (PAU)' successfully

2018-12-10 16:11:36 - [TEST_CASE][PASSED] - Test Cases/Final Aug 2018 - PKS Automation/Registration Module/Workflow/Update Employer Information/Template/Update Employer Information - Special Case (PAU): Test Cases/Final Aug 2018 - PKS Automation/Registration Module/Workflow/Update Employer Information/Template/Update Employer Information - Special Case (PAU)

2018-12-10 16:11:36 - [TEST_STEP][PASSED] - openBrowser: Browser is opened with url: ''

2018-12-10 16:11:36 - [MESSAGE][WARNING] - A browser is already opened. Closing browser and opening a new one

2018-12-10 16:11:39 - [MESSAGE][PASSED] - Browser is opened with url: ''

2018-12-10 16:11:39 - [TEST_STEP][PASSED] - navigateToUrl: Navigate to 'https://assist2-uat.perkeso.gov.my/login' successfully

2018-12-10 16:11:40 - [MESSAGE][PASSED] - Navigate to 'https://assist2-uat.perkeso.gov.my/login' successfully

2018-12-10 16:11:40 - [TEST_STEP][PASSED] - setText: Text 'johorpau1@gmail.com' is set on object 'Object Repository/Final Object Repo/Login Page/Internal User/Email Address'

2018-12-10 16:11:40 - [MESSAGE][PASSED] - Text 'johorpau1@gmail.com' is set on object 'Object Repository/Final Object Repo/Login Page/Internal User/Email Address'

2018-12-10 16:11:40 - [TEST_STEP][PASSED] - click: Object: 'Object Repository/Final Object Repo/Login Page/Internal User/Next Button' is clicked on

2018-12-10 16:11:40 - [MESSAGE][PASSED] - Object: 'Object Repository/Final Object Repo/Login Page/Internal User/Next Button' is clicked on

2018-12-10 16:11:40 - [TEST_STEP][PASSED] - delay: Delayed 1 second(s)

2018-12-10 16:11:41 - [MESSAGE][PASSED] - Delayed 1 second(s)

2018-12-10 16:11:41 - [TEST_STEP][PASSED] - setEncryptedText: Text ****** has been set on object 'Object Repository/Final Object Repo/Login Page/Internal User/Password'

2018-12-10 16:11:42 - [MESSAGE][PASSED] - Text ****** has been set on object 'Object Repository/Final Object Repo/Login Page/Internal User/Password'

2018-12-10 16:11:42 - [TEST_STEP][PASSED] - click: Object: 'Object Repository/Final Object Repo/Login Page/Internal User/Login Button' is clicked on

2018-12-10 16:11:42 - [MESSAGE][PASSED] - Object: 'Object Repository/Final Object Repo/Login Page/Internal User/Login Button' is clicked on

2018-12-10 16:11:42 - [TEST_STEP][PASSED] - Statement - tester = com.kms.katalon.core.testobject.ObjectRepository.findTestObject(Final Object Repo/Landing Page/Select to English): Finding Test Object with id 'Object Repository/Final Object Repo/Landing Page/Select to English'

2018-12-10 16:11:42 - [TEST_STEP][PASSED] - Statement - Try: Delayed 2 second(s)

2018-12-10 16:11:42 - [TEST_STEP][PASSED] - Statement - Checker = com.kms.katalon.core.webui.keyword.WebUiBuiltInKeywords.verifyElementNotPresent(tester, 3): Web element with id: 'Object Repository/Final Object Repo/Landing Page/Select to English' located by 'By.xpath: //a[@class = 'taglib-language-list-text' and @lang = 'en-US' and (contains(text(), 'EN') or contains(., 'EN'))]' is not present after '3' second(s)

2018-12-10 16:11:44 - [MESSAGE][PASSED] - Web element with id: 'Object Repository/Final Object Repo/Landing Page/Select to English' located by 'By.xpath: //a[@class = 'taglib-language-list-text' and @lang = 'en-US' and (contains(text(), 'EN') or contains(., 'EN'))]' is not present after '3' second(s)

2018-12-10 16:11:44 - [TEST_STEP][PASSED] - Statement - If (Checker == false): null

2018-12-10 16:11:44 - [TEST_STEP][PASSED] - delay: Delayed 2 second(s)

2018-12-10 16:11:46 - [MESSAGE][PASSED] - Delayed 2 second(s)

2018-12-10 16:11:46 - [TEST_STEP][PASSED] - delay: Delayed 5 second(s)

2018-12-10 16:11:51 - [MESSAGE][PASSED] - Delayed 5 second(s)

2018-12-10 16:11:51 - [TEST_STEP][PASSED] - navigateToUrl: Navigate to 'https://assist2-uat.perkeso.gov.my/web/registration/update/update-employer-information' successfully

2018-12-10 16:11:52 - [MESSAGE][PASSED] - Navigate to 'https://assist2-uat.perkeso.gov.my/web/registration/update/update-employer-information' successfully

2018-12-10 16:11:52 - [TEST_STEP][PASSED] - setText: Text 'E1102001065V ' is set on object 'Object Repository/Final Object Repo/Page_Update Employer Information/Employer Code'

2018-12-10 16:11:52 - [MESSAGE][PASSED] - Text 'E1102001065V ' is set on object 'Object Repository/Final Object Repo/Page_Update Employer Information/Employer Code'

2018-12-10 16:11:52 - [TEST_STEP][PASSED] - click: Object: 'Object Repository/Final Object Repo/Page_Update Employer Information/Search Button' is clicked on

2018-12-10 16:11:52 - [MESSAGE][PASSED] - Object: 'Object Repository/Final Object Repo/Page_Update Employer Information/Search Button' is clicked on

2018-12-10 16:11:52 - [TEST_STEP][PASSED] - click: Object: 'Object Repository/Final Object Repo/Page_Update Employer Information/Edit Button' is clicked on

2018-12-10 16:11:56 - [MESSAGE][PASSED] - Object: 'Object Repository/Final Object Repo/Page_Update Employer Information/Edit Button' is clicked on

2018-12-10 16:11:56 - [TEST_STEP][PASSED] - click: Object: 'Object Repository/Final Object Repo/Page_Update Employer Information/Business Entity' is clicked on

2018-12-10 16:11:56 - [MESSAGE][PASSED] - Object: 'Object Repository/Final Object Repo/Page_Update Employer Information/Business Entity' is clicked on

2018-12-10 16:11:56 - [TEST_STEP][PASSED] - Statement - CurrentBusinessEntity = "": null

2018-12-10 16:11:56 - [TEST_STEP][PASSED] - Statement - CurrentBusinessEntity = com.kms.katalon.core.webui.keyword.WebUiBuiltInKeywords.getText(com.kms.katalon.core.testobject.ObjectRepository.findTestObject(Final Object Repo/Page_Update Employer Information/Current Business Entity)): Text of object 'Object Repository/Final Object Repo/Page_Update Employer Information/Current Business Entity' is: 'Partnership'

2018-12-10 16:11:56 - [MESSAGE][PASSED] - Text of object 'Object Repository/Final Object Repo/Page_Update Employer Information/Current Business Entity' is: 'Partnership'

2018-12-10 16:11:56 - [TEST_STEP][PASSED] - Statement - out.println(CurrentBusinessEntity): null

2018-12-10 16:11:56 - [TEST_STEP][PASSED] - Statement - If (CurrentBusinessEntity == "Corporation"): null

2018-12-10 16:11:56 - [TEST_STEP][PASSED] - Statement - Else If (CurrentBusinessEntity == "Partnership"): Delayed 3 second(s)

2018-12-10 16:11:56 - [TEST_STEP][PASSED] - Statement - obj = com.kms.katalon.core.webui.keyword.WebUiBuiltInKeywords.modifyObjectProperty(com.kms.katalon.core.testobject.ObjectRepository.findTestObject(Final Object Repo/Page_Update Employer Information/change to this Business Entity), "xpath", "equals", "//ul/li/span[contains(text(),"Sole Proprietor / Individual Business")]", true, STOP_ON_FAILURE): Modify property of object successfully

2018-12-10 16:11:56 - [MESSAGE][PASSED] - Modify property of object successfully

2018-12-10 16:11:56 - [TEST_STEP][PASSED] - click: Object: 'Object Repository/Final Object Repo/Page_Update Employer Information/change to this Business Entity' is clicked on

2018-12-10 16:11:57 - [MESSAGE][PASSED] - Object: 'Object Repository/Final Object Repo/Page_Update Employer Information/change to this Business Entity' is clicked on

2018-12-10 16:11:57 - [TEST_STEP][PASSED] - delay: Delayed 1 second(s)

2018-12-10 16:11:58 - [MESSAGE][PASSED] - Delayed 1 second(s)

2018-12-10 16:11:58 - [TEST_STEP][PASSED] - click: Object: 'Object Repository/Final Object Repo/Page_Update Employer Information/Sub Business Entity' is clicked on

2018-12-10 16:11:58 - [MESSAGE][PASSED] - Object: 'Object Repository/Final Object Repo/Page_Update Employer Information/Sub Business Entity' is clicked on

2018-12-10 16:11:58 - [TEST_STEP][PASSED] - click: Object: 'Object Repository/Final Object Repo/Page_Update Employer Information/Sub Business Entity - Sole Properietor - Registered with other Agencies' is clicked on

2018-12-10 16:11:58 - [MESSAGE][PASSED] - Object: 'Object Repository/Final Object Repo/Page_Update Employer Information/Sub Business Entity - Sole Properietor - Registered with other Agencies' is clicked on

2018-12-10 16:11:58 - [TEST_STEP][PASSED] - delay: Delayed 3 second(s)

2018-12-10 16:12:01 - [MESSAGE][PASSED] - Delayed 3 second(s)

2018-12-10 16:12:01 - [TEST_STEP][PASSED] - delay: Delayed 4 second(s)

2018-12-10 16:12:05 - [MESSAGE][PASSED] - Delayed 4 second(s)

2018-12-10 16:12:05 - [TEST_STEP][PASSED] - click: Object: 'Object Repository/Final Object Repo/Page_Update Employer Information/Save  Continue' is clicked on

2018-12-10 16:12:05 - [MESSAGE][PASSED] - Object: 'Object Repository/Final Object Repo/Page_Update Employer Information/Save  Continue' is clicked on

2018-12-10 16:12:05 - [TEST_STEP][PASSED] - delay: Delayed 4 second(s)

2018-12-10 16:12:09 - [MESSAGE][PASSED] - Delayed 4 second(s)

2018-12-10 16:12:09 - [TEST_STEP][PASSED] - click: Object: 'Object Repository/Final Object Repo/Page_Update Employer Information/Save  Continue (1)' is clicked on

2018-12-10 16:12:10 - [MESSAGE][PASSED] - Object: 'Object Repository/Final Object Repo/Page_Update Employer Information/Save  Continue (1)' is clicked on

2018-12-10 16:12:10 - [TEST_STEP][PASSED] - delay: Delayed 4 second(s)

2018-12-10 16:12:14 - [MESSAGE][PASSED] - Delayed 4 second(s)

2018-12-10 16:12:14 - [TEST_STEP][PASSED] - Statement - CaseReferenceNo = com.kms.katalon.core.webui.keyword.WebUiBuiltInKeywords.getText(com.kms.katalon.core.testobject.ObjectRepository.findTestObject(Final Object Repo/Page_Update Employer Information/Reference Number in Update Employee Information Page)): Text of object 'Object Repository/Final Object Repo/Page_Update Employer Information/Reference Number in Update Employee Information Page' is: 'CUN122018C100005958'

2018-12-10 16:12:14 - [MESSAGE][PASSED] - Text of object 'Object Repository/Final Object Repo/Page_Update Employer Information/Reference Number in Update Employee Information Page' is: 'CUN122018C100005958'

2018-12-10 16:12:14 - [TEST_STEP][PASSED] - callTestCase: Call Test Case 'Test Cases/Final Aug 2018 - PKS Automation/Common/Reference Number Setter' successfully

2018-12-10 16:12:14 - [TEST_CASE][PASSED] - Test Cases/Final Aug 2018 - PKS Automation/Common/Reference Number Setter: Test Cases/Final Aug 2018 - PKS Automation/Common/Reference Number Setter

2018-12-10 16:12:14 - [TEST_STEP][PASSED] - Statement - RefNoOldFile = new java.io.File(C://Users//Admin//Desktop//PKS//Automation Reference Point//KatalonReference.txt): null

2018-12-10 16:12:14 - [TEST_STEP][PASSED] - Statement - RefNoOldFile.delete(): null

2018-12-10 16:12:14 - [TEST_STEP][PASSED] - delay: Delayed 5 second(s)

2018-12-10 16:12:19 - [MESSAGE][PASSED] - Delayed 5 second(s)

2018-12-10 16:12:19 - [TEST_STEP][PASSED] - Statement - RefNo = new java.io.File(C://Users//Admin//Desktop//PKS//Automation Reference Point//KatalonReference.txt): null

2018-12-10 16:12:19 - [TEST_STEP][PASSED] - Statement - f2 = new java.io.FileWriter(RefNo, false): null

2018-12-10 16:12:19 - [TEST_STEP][PASSED] - Statement - f2.write(CaseReferenceNo): null

2018-12-10 16:12:19 - [TEST_STEP][PASSED] - Statement - f2.close(): null

2018-12-10 16:12:19 - [TEST_STEP][PASSED] - Statement - out.println("


" + CaseReferenceNo + "


"): null

2018-12-10 16:12:19 - [MESSAGE][PASSED] - Call Test Case 'Test Cases/Final Aug 2018 - PKS Automation/Common/Reference Number Setter' successfully

2018-12-10 16:12:19 - [TEST_STEP][PASSED] - delay: Delayed 4 second(s)

2018-12-10 16:12:23 - [MESSAGE][PASSED] - Delayed 4 second(s)

2018-12-10 16:12:23 - [TEST_STEP][PASSED] - click: Object: 'Object Repository/Final Object Repo/Page_Update Employer Information/Submit - Copy' is clicked on

2018-12-10 16:12:23 - [MESSAGE][PASSED] - Object: 'Object Repository/Final Object Repo/Page_Update Employer Information/Submit - Copy' is clicked on

2018-12-10 16:12:23 - [TEST_STEP][PASSED] - delay: Delayed 2 second(s)

2018-12-10 16:12:25 - [MESSAGE][PASSED] - Delayed 2 second(s)

2018-12-10 16:12:25 - [TEST_STEP][PASSED] - click: Object: 'Object Repository/Final Object Repo/Page_Update Employer Information/Confirm' is clicked on

2018-12-10 16:12:25 - [MESSAGE][PASSED] - Object: 'Object Repository/Final Object Repo/Page_Update Employer Information/Confirm' is clicked on

2018-12-10 16:12:25 - [TEST_STEP][PASSED] - delay: Delayed 2 second(s)

2018-12-10 16:12:27 - [MESSAGE][PASSED] - Delayed 2 second(s)

2018-12-10 16:12:27 - [TEST_STEP][PASSED] - click: Object: 'Object Repository/Final Object Repo/Page_Update Employer Information/Message Your Request will be route' is clicked on

2018-12-10 16:12:29 - [MESSAGE][PASSED] - Object: 'Object Repository/Final Object Repo/Page_Update Employer Information/Message Your Request will be route' is clicked on

2018-12-10 16:12:29 - [MESSAGE][PASSED] - Call Test Case 'Test Cases/Final Aug 2018 - PKS Automation/Registration Module/Workflow/Update Employer Information/Template/Update Employer Information - Special Case (PAU)' successfully

2018-12-10 16:12:29 - [TEST_STEP][PASSED] - callTestCase: Call Test Case 'Test Cases/Final Aug 2018 - PKS Automation/Registration Module/Workflow/Update Employer Information/Template/Update Employer Information - Special Case - UO (Reject)' successfully

2018-12-10 16:12:29 - [TEST_CASE][PASSED] - Test Cases/Final Aug 2018 - PKS Automation/Registration Module/Workflow/Update Employer Information/Template/Update Employer Information - Special Case - UO (Reject): Test Cases/Final Aug 2018 - PKS Automation/Registration Module/Workflow/Update Employer Information/Template/Update Employer Information - Special Case - UO (Reject)

2018-12-10 16:12:29 - [TEST_STEP][NOT_RUN] - callTestCase: NOT_RUN: callTestCase

2018-12-10 16:12:29 - [MESSAGE][NOT_RUN] - NOT_RUN: callTestCase

2018-12-10 16:12:29 - [TEST_STEP][PASSED] - delay: Delayed 1 second(s)

2018-12-10 16:12:30 - [MESSAGE][PASSED] - Delayed 1 second(s)

2018-12-10 16:12:30 - [TEST_STEP][PASSED] - navigateToUrl: Navigate to 'https://assist2-uat.perkeso.gov.my/c/portal/logout' successfully

2018-12-10 16:12:31 - [MESSAGE][PASSED] - Navigate to 'https://assist2-uat.perkeso.gov.my/c/portal/logout' successfully

2018-12-10 16:12:31 - [TEST_STEP][PASSED] - delay: Delayed 1 second(s)

2018-12-10 16:12:32 - [MESSAGE][PASSED] - Delayed 1 second(s)

2018-12-10 16:12:32 - [TEST_STEP][PASSED] - callTestCase: Call Test Case 'Test Cases/Final Aug 2018 - PKS Automation/Common/Reference Number Getter' successfully

2018-12-10 16:12:32 - [TEST_CASE][PASSED] - Test Cases/Final Aug 2018 - PKS Automation/Common/Reference Number Getter: Test Cases/Final Aug 2018 - PKS Automation/Common/Reference Number Getter

2018-12-10 16:12:32 - [TEST_STEP][PASSED] - Statement - Try: null

2018-12-10 16:12:32 - [TEST_STEP][PASSED] - Statement - RefNo = new java.io.File(C://Users//Admin//Desktop//PKS//Automation Reference Point//KatalonReference.txt): null

2018-12-10 16:12:32 - [TEST_STEP][PASSED] - Statement - bufferread = new java.io.BufferedReader(new java.io.FileReader(RefNo)): null

2018-12-10 16:12:32 - [TEST_STEP][PASSED] - Statement - readedVal = bufferread.readLine(): null

2018-12-10 16:12:32 - [TEST_STEP][PASSED] - Statement - out.println(CaseReferenceNo): null

2018-12-10 16:12:32 - [TEST_STEP][PASSED] - Statement - out.println(readedVal): null

2018-12-10 16:12:32 - [TEST_STEP][PASSED] - Statement - CaseReferenceNo = "": null

2018-12-10 16:12:32 - [TEST_STEP][PASSED] - Statement - CaseReferenceNo = readedVal: null

2018-12-10 16:12:32 - [MESSAGE][PASSED] - Call Test Case 'Test Cases/Final Aug 2018 - PKS Automation/Common/Reference Number Getter' successfully

2018-12-10 16:12:32 - [TEST_STEP][PASSED] - callTestCase: Call Test Case 'Test Cases/Final Aug 2018 - PKS Automation/Common/Workflow Owner Finder' successfully

2018-12-10 16:12:32 - [TEST_CASE][PASSED] - Test Cases/Final Aug 2018 - PKS Automation/Common/Workflow Owner Finder: Test Cases/Final Aug 2018 - PKS Automation/Common/Workflow Owner Finder

2018-12-10 16:12:32 - [TEST_STEP][PASSED] - openBrowser: Browser is opened with url: ''

2018-12-10 16:12:32 - [MESSAGE][WARNING] - A browser is already opened. Closing browser and opening a new one

2018-12-10 16:12:35 - [MESSAGE][PASSED] - Browser is opened with url: ''

2018-12-10 16:12:35 - [TEST_STEP][PASSED] - navigateToUrl: Navigate to 'https://assist2-uat.perkeso.gov.my/login' successfully

2018-12-10 16:12:36 - [MESSAGE][PASSED] - Navigate to 'https://assist2-uat.perkeso.gov.my/login' successfully

2018-12-10 16:12:36 - [TEST_STEP][PASSED] - delay: Delayed 5 second(s)

2018-12-10 16:12:41 - [MESSAGE][PASSED] - Delayed 5 second(s)

2018-12-10 16:12:41 - [TEST_STEP][PASSED] - setText: Text 'test@liferay.com' is set on object 'Object Repository/Final Object Repo/Login Page/Internal User/Email Address'

2018-12-10 16:12:41 - [MESSAGE][PASSED] - Text 'test@liferay.com' is set on object 'Object Repository/Final Object Repo/Login Page/Internal User/Email Address'

2018-12-10 16:12:41 - [TEST_STEP][PASSED] - click: Object: 'Object Repository/Final Object Repo/Login Page/Internal User/Next Button' is clicked on

2018-12-10 16:12:42 - [MESSAGE][PASSED] - Object: 'Object Repository/Final Object Repo/Login Page/Internal User/Next Button' is clicked on

2018-12-10 16:12:42 - [TEST_STEP][PASSED] - delay: Delayed 2 second(s)

2018-12-10 16:12:44 - [MESSAGE][PASSED] - Delayed 2 second(s)

2018-12-10 16:12:44 - [TEST_STEP][PASSED] - setText: Text 'test' is set on object 'Object Repository/Final Object Repo/Login Page/Internal User/Password'

2018-12-10 16:12:44 - [MESSAGE][PASSED] - Text 'test' is set on object 'Object Repository/Final Object Repo/Login Page/Internal User/Password'

2018-12-10 16:12:44 - [TEST_STEP][PASSED] - delay: Delayed 2 second(s)

2018-12-10 16:12:46 - [MESSAGE][PASSED] - Delayed 2 second(s)

2018-12-10 16:12:46 - [TEST_STEP][PASSED] - click: Object: 'Object Repository/Final Object Repo/Login Page/Internal User/Login Button' is clicked on

2018-12-10 16:12:46 - [MESSAGE][PASSED] - Object: 'Object Repository/Final Object Repo/Login Page/Internal User/Login Button' is clicked on

2018-12-10 16:12:46 - [TEST_STEP][PASSED] - Statement - tester = com.kms.katalon.core.testobject.ObjectRepository.findTestObject(Final Object Repo/Landing Page/Select to English): Finding Test Object with id 'Object Repository/Final Object Repo/Landing Page/Select to English'

2018-12-10 16:12:46 - [TEST_STEP][PASSED] - Statement - Try: Delayed 2 second(s)

2018-12-10 16:12:46 - [TEST_STEP][PASSED] - Statement - Checker = com.kms.katalon.core.webui.keyword.WebUiBuiltInKeywords.verifyElementNotPresent(tester, 3): Web element with id: 'Object Repository/Final Object Repo/Landing Page/Select to English' located by 'By.xpath: //a[@class = 'taglib-language-list-text' and @lang = 'en-US' and (contains(text(), 'EN') or contains(., 'EN'))]' is not present after '3' second(s)

2018-12-10 16:12:48 - [MESSAGE][PASSED] - Web element with id: 'Object Repository/Final Object Repo/Landing Page/Select to English' located by 'By.xpath: //a[@class = 'taglib-language-list-text' and @lang = 'en-US' and (contains(text(), 'EN') or contains(., 'EN'))]' is not present after '3' second(s)

2018-12-10 16:12:48 - [TEST_STEP][PASSED] - Statement - If (Checker == false): null

2018-12-10 16:12:48 - [TEST_STEP][PASSED] - delay: Delayed 2 second(s)

2018-12-10 16:12:50 - [MESSAGE][PASSED] - Delayed 2 second(s)

2018-12-10 16:12:50 - [TEST_STEP][PASSED] - delay: Delayed 5 second(s)

2018-12-10 16:12:55 - [MESSAGE][PASSED] - Delayed 5 second(s)

2018-12-10 16:12:55 - [TEST_STEP][PASSED] - mouseOver: Object: 'Object Repository/Final Object Repo/Landing Page/WorkFlow Menu' is hovered

2018-12-10 16:12:55 - [MESSAGE][PASSED] - Object: 'Object Repository/Final Object Repo/Landing Page/WorkFlow Menu' is hovered

2018-12-10 16:12:55 - [TEST_STEP][PASSED] - delay: Delayed 2 second(s)

2018-12-10 16:12:57 - [MESSAGE][PASSED] - Delayed 2 second(s)

2018-12-10 16:12:57 - [TEST_STEP][PASSED] - click: Object: 'Object Repository/Final Object Repo/Landing Page/Select to Workflow Listing' is clicked on

2018-12-10 16:12:59 - [MESSAGE][PASSED] - Object: 'Object Repository/Final Object Repo/Landing Page/Select to Workflow Listing' is clicked on

2018-12-10 16:12:59 - [TEST_STEP][PASSED] - delay: Delayed 2 second(s)

2018-12-10 16:13:01 - [MESSAGE][PASSED] - Delayed 2 second(s)

2018-12-10 16:13:01 - [TEST_STEP][PASSED] - click: Object: 'Object Repository/Final Object Repo/WorkFlow Listing Page/Search Information - To Put Ref No' is clicked on

2018-12-10 16:13:01 - [MESSAGE][PASSED] - Object: 'Object Repository/Final Object Repo/WorkFlow Listing Page/Search Information - To Put Ref No' is clicked on

2018-12-10 16:13:01 - [TEST_STEP][PASSED] - delay: Delayed 2 second(s)

2018-12-10 16:13:03 - [MESSAGE][PASSED] - Delayed 2 second(s)

2018-12-10 16:13:03 - [TEST_STEP][PASSED] - callTestCase: Call Test Case 'Test Cases/Final Aug 2018 - PKS Automation/Common/Reference Number Getter' successfully

2018-12-10 16:13:03 - [TEST_CASE][PASSED] - Test Cases/Final Aug 2018 - PKS Automation/Common/Reference Number Getter: Test Cases/Final Aug 2018 - PKS Automation/Common/Reference Number Getter

2018-12-10 16:13:03 - [TEST_STEP][PASSED] - Statement - Try: null

2018-12-10 16:13:03 - [TEST_STEP][PASSED] - Statement - RefNo = new java.io.File(C://Users//Admin//Desktop//PKS//Automation Reference Point//KatalonReference.txt): null

2018-12-10 16:13:03 - [TEST_STEP][PASSED] - Statement - bufferread = new java.io.BufferedReader(new java.io.FileReader(RefNo)): null

2018-12-10 16:13:03 - [TEST_STEP][PASSED] - Statement - readedVal = bufferread.readLine(): null

2018-12-10 16:13:03 - [TEST_STEP][PASSED] - Statement - out.println(CaseReferenceNo): null

2018-12-10 16:13:03 - [TEST_STEP][PASSED] - Statement - out.println(readedVal): null

2018-12-10 16:13:03 - [TEST_STEP][PASSED] - Statement - CaseReferenceNo = "": null

2018-12-10 16:13:03 - [TEST_STEP][PASSED] - Statement - CaseReferenceNo = readedVal: null

2018-12-10 16:13:03 - [MESSAGE][PASSED] - Call Test Case 'Test Cases/Final Aug 2018 - PKS Automation/Common/Reference Number Getter' successfully

2018-12-10 16:13:03 - [TEST_STEP][PASSED] - setText: Text 'CUN122018C100005958' is set on object 'Object Repository/Final Object Repo/WorkFlow Listing Page/Ref No Set Text'

2018-12-10 16:13:03 - [MESSAGE][PASSED] - Text 'CUN122018C100005958' is set on object 'Object Repository/Final Object Repo/WorkFlow Listing Page/Ref No Set Text'

2018-12-10 16:13:03 - [TEST_STEP][PASSED] - delay: Delayed 2 second(s)

2018-12-10 16:13:05 - [MESSAGE][PASSED] - Delayed 2 second(s)

2018-12-10 16:13:05 - [TEST_STEP][PASSED] - click: Object: 'Object Repository/Final Object Repo/WorkFlow Listing Page/Search Ref No Search Button' is clicked on

2018-12-10 16:13:05 - [MESSAGE][PASSED] - Object: 'Object Repository/Final Object Repo/WorkFlow Listing Page/Search Ref No Search Button' is clicked on

2018-12-10 16:13:05 - [TEST_STEP][PASSED] - delay: Delayed 6 second(s)

2018-12-10 16:13:11 - [MESSAGE][PASSED] - Delayed 6 second(s)

2018-12-10 16:13:11 - [TEST_STEP][PASSED] - click: Object: 'Object Repository/Final Object Repo/WorkFlow Listing Page/Click Continue Tooltip' is clicked on

2018-12-10 16:13:12 - [MESSAGE][PASSED] - Object: 'Object Repository/Final Object Repo/WorkFlow Listing Page/Click Continue Tooltip' is clicked on

2018-12-10 16:13:12 - [TEST_STEP][PASSED] - delay: Delayed 5 second(s)

2018-12-10 16:13:17 - [MESSAGE][PASSED] - Delayed 5 second(s)

2018-12-10 16:13:17 - [TEST_STEP][PASSED] - doubleClick: Object: 'Object Repository/Final Object Repo/WorkFlow Listing Page/Workflow Found - Listing 1' is double clicked on

2018-12-10 16:13:18 - [MESSAGE][PASSED] - Object: 'Object Repository/Final Object Repo/WorkFlow Listing Page/Workflow Found - Listing 1' is double clicked on

2018-12-10 16:13:18 - [TEST_STEP][PASSED] - Statement - println(OwnerID): null

2018-12-10 16:13:18 - [TEST_STEP][PASSED] - Statement - OwnerID = com.kms.katalon.core.webui.keyword.WebUiBuiltInKeywords.getText(com.kms.katalon.core.testobject.ObjectRepository.findTestObject(Final Object Repo/WorkFlow Listing Page/Workflow Found - Listing 1), STOP_ON_FAILURE): Text of object 'Object Repository/Final Object Repo/WorkFlow Listing Page/Workflow Found - Listing 1' is: 'JOHORuo3'

2018-12-10 16:13:18 - [MESSAGE][PASSED] - Text of object 'Object Repository/Final Object Repo/WorkFlow Listing Page/Workflow Found - Listing 1' is: 'JOHORuo3'

2018-12-10 16:13:18 - [TEST_STEP][PASSED] - Statement - OwnerID = OwnerID.toLowerCase() + "@gmail.com": null

2018-12-10 16:13:18 - [TEST_STEP][PASSED] - Statement - println(OwnerID): null

2018-12-10 16:13:18 - [TEST_STEP][PASSED] - delay: Delayed 2 second(s)

2018-12-10 16:13:20 - [MESSAGE][PASSED] - Delayed 2 second(s)

2018-12-10 16:13:20 - [MESSAGE][PASSED] - Call Test Case 'Test Cases/Final Aug 2018 - PKS Automation/Common/Workflow Owner Finder' successfully

2018-12-10 16:13:20 - [TEST_STEP][PASSED] - delay: Delayed 1 second(s)

2018-12-10 16:13:21 - [MESSAGE][PASSED] - Delayed 1 second(s)

2018-12-10 16:13:21 - [TEST_STEP][PASSED] - navigateToUrl: Navigate to 'https://assist2-uat.perkeso.gov.my/c/portal/logout' successfully

2018-12-10 16:13:22 - [MESSAGE][PASSED] - Navigate to 'https://assist2-uat.perkeso.gov.my/c/portal/logout' successfully

2018-12-10 16:13:22 - [TEST_STEP][PASSED] - delay: Delayed 1 second(s)

2018-12-10 16:13:23 - [MESSAGE][PASSED] - Delayed 1 second(s)

2018-12-10 16:13:23 - [TEST_STEP][PASSED] - callTestCase: Call Test Case 'Test Cases/Final Aug 2018 - PKS Automation/Registration Module/Workflow/Login and Search Case For Workflow' successfully

2018-12-10 16:13:23 - [TEST_CASE][PASSED] - Test Cases/Final Aug 2018 - PKS Automation/Registration Module/Workflow/Login and Search Case For Workflow: Test Cases/Final Aug 2018 - PKS Automation/Registration Module/Workflow/Login and Search Case For Workflow

2018-12-10 16:13:23 - [TEST_STEP][PASSED] - navigateToUrl: Navigate to 'https://assist2-uat.perkeso.gov.my/login' successfully

2018-12-10 16:13:23 - [MESSAGE][PASSED] - Navigate to 'https://assist2-uat.perkeso.gov.my/login' successfully

2018-12-10 16:13:23 - [TEST_STEP][PASSED] - setText: Text 'johoruo3@gmail.com' is set on object 'Object Repository/Final Object Repo/Login Page/Internal User/Email Address'

2018-12-10 16:13:24 - [MESSAGE][PASSED] - Text 'johoruo3@gmail.com' is set on object 'Object Repository/Final Object Repo/Login Page/Internal User/Email Address'

2018-12-10 16:13:24 - [TEST_STEP][PASSED] - click: Object: 'Object Repository/Final Object Repo/Login Page/Internal User/Next Button' is clicked on

2018-12-10 16:13:24 - [MESSAGE][PASSED] - Object: 'Object Repository/Final Object Repo/Login Page/Internal User/Next Button' is clicked on

2018-12-10 16:13:24 - [TEST_STEP][PASSED] - delay: Delayed 1 second(s)

2018-12-10 16:13:25 - [MESSAGE][PASSED] - Delayed 1 second(s)

2018-12-10 16:13:25 - [TEST_STEP][PASSED] - setEncryptedText: Text ****** has been set on object 'Object Repository/Final Object Repo/Login Page/Internal User/Password'

2018-12-10 16:13:25 - [MESSAGE][PASSED] - Text ****** has been set on object 'Object Repository/Final Object Repo/Login Page/Internal User/Password'

2018-12-10 16:13:25 - [TEST_STEP][PASSED] - click: Object: 'Object Repository/Final Object Repo/Login Page/Internal User/Login Button' is clicked on

2018-12-10 16:13:25 - [MESSAGE][PASSED] - Object: 'Object Repository/Final Object Repo/Login Page/Internal User/Login Button' is clicked on

2018-12-10 16:13:25 - [TEST_STEP][PASSED] - delay: Delayed 2 second(s)

2018-12-10 16:13:27 - [MESSAGE][PASSED] - Delayed 2 second(s)

2018-12-10 16:13:27 - [TEST_STEP][PASSED] - Statement - Try: Delayed 2 second(s)

2018-12-10 16:13:27 - [TEST_STEP][PASSED] - Statement - Checker = false: null

2018-12-10 16:13:27 - [TEST_STEP][PASSED] - Statement - Checker = com.kms.katalon.core.webui.keyword.WebUiBuiltInKeywords.verifyElementHasAttribute(com.kms.katalon.core.testobject.ObjectRepository.findTestObject(Final Object Repo/Landing Page/BM Detecting), "href", 20, OPTIONAL): Object 'Object Repository/Final Object Repo/Landing Page/BM Detecting' has attribute 'href'

2018-12-10 16:13:27 - [MESSAGE][PASSED] - Object 'Object Repository/Final Object Repo/Landing Page/BM Detecting' has attribute 'href'

2018-12-10 16:13:27 - [TEST_STEP][PASSED] - Statement - out.println(Checker): null

2018-12-10 16:13:27 - [TEST_STEP][PASSED] - Statement - If (Checker == false): null

2018-12-10 16:13:27 - [TEST_STEP][PASSED] - Statement - Else: null

2018-12-10 16:13:27 - [TEST_STEP][PASSED] - delay: Delayed 2 second(s)

2018-12-10 16:13:29 - [MESSAGE][PASSED] - Delayed 2 second(s)

2018-12-10 16:13:29 - [TEST_STEP][PASSED] - click: Object: 'Object Repository/Final Object Repo/Page_MyASSIST - ASSIST - Search Pending Case For Add Supporting Document/Search Information' is clicked on

2018-12-10 16:13:29 - [MESSAGE][PASSED] - Object: 'Object Repository/Final Object Repo/Page_MyASSIST - ASSIST - Search Pending Case For Add Supporting Document/Search Information' is clicked on

2018-12-10 16:13:29 - [TEST_STEP][PASSED] - delay: Delayed 3 second(s)

2018-12-10 16:13:32 - [MESSAGE][PASSED] - Delayed 3 second(s)

2018-12-10 16:13:32 - [TEST_STEP][PASSED] - sendKeys: Keys 'CUN122018C100005958' sent to object: 'Object Repository/Final Object Repo/Page_MyASSIST - ASSIST - Search Pending Case For Add Supporting Document/Reference No'

2018-12-10 16:13:33 - [MESSAGE][PASSED] - Keys 'CUN122018C100005958' sent to object: 'Object Repository/Final Object Repo/Page_MyASSIST - ASSIST - Search Pending Case For Add Supporting Document/Reference No'

2018-12-10 16:13:33 - [TEST_STEP][PASSED] - click: Object: 'Object Repository/Final Object Repo/Page_MyASSIST - ASSIST - Search Pending Case For Add Supporting Document/Search Reference No' is clicked on

2018-12-10 16:13:33 - [MESSAGE][PASSED] - Object: 'Object Repository/Final Object Repo/Page_MyASSIST - ASSIST - Search Pending Case For Add Supporting Document/Search Reference No' is clicked on

2018-12-10 16:13:33 - [TEST_STEP][PASSED] - delay: Delayed 2 second(s)

2018-12-10 16:13:35 - [MESSAGE][PASSED] - Delayed 2 second(s)

2018-12-10 16:13:35 - [TEST_STEP][PASSED] - click: Object: 'Object Repository/Final Object Repo/Page_MyASSIST - ASSIST - Search Pending Case For Add Supporting Document/Continue' is clicked on

2018-12-10 16:13:39 - [MESSAGE][PASSED] - Object: 'Object Repository/Final Object Repo/Page_MyASSIST - ASSIST - Search Pending Case For Add Supporting Document/Continue' is clicked on

2018-12-10 16:13:39 - [TEST_STEP][PASSED] - delay: Delayed 20 second(s)

2018-12-10 16:13:59 - [MESSAGE][PASSED] - Delayed 20 second(s)

2018-12-10 16:13:59 - [MESSAGE][PASSED] - Call Test Case 'Test Cases/Final Aug 2018 - PKS Automation/Registration Module/Workflow/Login and Search Case For Workflow' successfully

2018-12-10 16:13:59 - [TEST_STEP][PASSED] - delay: Delayed 2 second(s)

2018-12-10 16:14:01 - [MESSAGE][PASSED] - Delayed 2 second(s)

2018-12-10 16:14:01 - [TEST_STEP][PASSED] - click: Object: 'Object Repository/Final Object Repo/Page_Update Employer Information/Page_Update Employer Information UO (Approve)/Continue' is clicked on

2018-12-10 16:14:05 - [MESSAGE][PASSED] - Object: 'Object Repository/Final Object Repo/Page_Update Employer Information/Page_Update Employer Information UO (Approve)/Continue' is clicked on

2018-12-10 16:14:05 - [TEST_STEP][PASSED] - delay: Delayed 2 second(s)

2018-12-10 16:14:07 - [MESSAGE][PASSED] - Delayed 2 second(s)

2018-12-10 16:14:07 - [TEST_STEP][PASSED] - click: Object: 'Object Repository/Final Object Repo/Page_Update Employer Information/Page_Update Employer Information UO (Approve)/Save  Continue in Update Employer Information Page' is clicked on

2018-12-10 16:14:07 - [MESSAGE][PASSED] - Object: 'Object Repository/Final Object Repo/Page_Update Employer Information/Page_Update Employer Information UO (Approve)/Save  Continue in Update Employer Information Page' is clicked on

2018-12-10 16:14:07 - [TEST_STEP][PASSED] - delay: Delayed 2 second(s)

2018-12-10 16:14:09 - [MESSAGE][PASSED] - Delayed 2 second(s)

2018-12-10 16:14:09 - [TEST_STEP][PASSED] - click: Object: 'Object Repository/Final Object Repo/Page_Update Employer Information/Page_Update Employer Information UO (Approve)/Save  Continue in Uploading Supporting Document Page' is clicked on

2018-12-10 16:14:12 - [MESSAGE][PASSED] - Object: 'Object Repository/Final Object Repo/Page_Update Employer Information/Page_Update Employer Information UO (Approve)/Save  Continue in Uploading Supporting Document Page' is clicked on

2018-12-10 16:14:12 - [TEST_STEP][PASSED] - delay: Delayed 2 second(s)

2018-12-10 16:14:14 - [MESSAGE][PASSED] - Delayed 2 second(s)

2018-12-10 16:14:14 - [TEST_STEP][PASSED] - click: Object: 'Object Repository/Final Object Repo/Page_Update Employer Information/Page_Update Employer Information UO (Reject)/Reject' is clicked on

2018-12-10 16:14:16 - [MESSAGE][PASSED] - Object: 'Object Repository/Final Object Repo/Page_Update Employer Information/Page_Update Employer Information UO (Reject)/Reject' is clicked on

2018-12-10 16:14:16 - [TEST_STEP][PASSED] - delay: Delayed 2 second(s)

2018-12-10 16:14:18 - [MESSAGE][PASSED] - Delayed 2 second(s)

2018-12-10 16:14:18 - [TEST_STEP][PASSED] - click: Object: 'Object Repository/Final Object Repo/Page_Update Employer Information/Page_Update Employer Information UO (Reject)/Confirm' is clicked on

2018-12-10 16:14:18 - [MESSAGE][PASSED] - Object: 'Object Repository/Final Object Repo/Page_Update Employer Information/Page_Update Employer Information UO (Reject)/Confirm' is clicked on

2018-12-10 16:14:18 - [TEST_STEP][PASSED] - delay: Delayed 2 second(s)

2018-12-10 16:14:20 - [MESSAGE][PASSED] - Delayed 2 second(s)

2018-12-10 16:14:20 - [TEST_STEP][PASSED] - click: Object: 'Object Repository/Final Object Repo/Page_Update Employer Information/Page_Update Employer Information UO (Reject)/Message This Case has been Rejected' is clicked on

2018-12-10 16:14:21 - [MESSAGE][PASSED] - Object: 'Object Repository/Final Object Repo/Page_Update Employer Information/Page_Update Employer Information UO (Reject)/Message This Case has been Rejected' is clicked on

2018-12-10 16:14:21 - [MESSAGE][PASSED] - Call Test Case 'Test Cases/Final Aug 2018 - PKS Automation/Registration Module/Workflow/Update Employer Information/Template/Update Employer Information - Special Case - UO (Reject)' successfully]]></system-out>
         <system-err><![CDATA[]]></system-err>
      </testcase>
      <testcase name="Test Cases/Final Aug 2018 - PKS Automation/Registration Module/Workflow/Update Employer Information/PAU - UO (Under enforcement)" classname="Test Cases/Final Aug 2018 - PKS Automation/Registration Module/Workflow/Update Employer Information/PAU - UO (Under enforcement)" status="PASSED">
         <system-out><![CDATA[2018-12-10 16:14:21 - [TEST_CASE][PASSED] - Test Cases/Final Aug 2018 - PKS Automation/Registration Module/Workflow/Update Employer Information/PAU - UO (Under enforcement): Test Cases/Final Aug 2018 - PKS Automation/Registration Module/Workflow/Update Employer Information/PAU - UO (Under enforcement)

2018-12-10 16:14:22 - [TEST_STEP][PASSED] - callTestCase: Call Test Case 'Test Cases/Final Aug 2018 - PKS Automation/Registration Module/Workflow/Update Employer Information/Template/Update Employer Information - Special Case (PAU)' successfully

2018-12-10 16:14:22 - [TEST_CASE][PASSED] - Test Cases/Final Aug 2018 - PKS Automation/Registration Module/Workflow/Update Employer Information/Template/Update Employer Information - Special Case (PAU): Test Cases/Final Aug 2018 - PKS Automation/Registration Module/Workflow/Update Employer Information/Template/Update Employer Information - Special Case (PAU)

2018-12-10 16:14:22 - [TEST_STEP][PASSED] - openBrowser: Browser is opened with url: ''

2018-12-10 16:14:22 - [MESSAGE][WARNING] - A browser is already opened. Closing browser and opening a new one

2018-12-10 16:14:24 - [MESSAGE][PASSED] - Browser is opened with url: ''

2018-12-10 16:14:24 - [TEST_STEP][PASSED] - navigateToUrl: Navigate to 'https://assist2-uat.perkeso.gov.my/login' successfully

2018-12-10 16:14:25 - [MESSAGE][PASSED] - Navigate to 'https://assist2-uat.perkeso.gov.my/login' successfully

2018-12-10 16:14:25 - [TEST_STEP][PASSED] - setText: Text 'johorpau1@gmail.com' is set on object 'Object Repository/Final Object Repo/Login Page/Internal User/Email Address'

2018-12-10 16:14:26 - [MESSAGE][PASSED] - Text 'johorpau1@gmail.com' is set on object 'Object Repository/Final Object Repo/Login Page/Internal User/Email Address'

2018-12-10 16:14:26 - [TEST_STEP][PASSED] - click: Object: 'Object Repository/Final Object Repo/Login Page/Internal User/Next Button' is clicked on

2018-12-10 16:14:26 - [MESSAGE][PASSED] - Object: 'Object Repository/Final Object Repo/Login Page/Internal User/Next Button' is clicked on

2018-12-10 16:14:26 - [TEST_STEP][PASSED] - delay: Delayed 1 second(s)

2018-12-10 16:14:27 - [MESSAGE][PASSED] - Delayed 1 second(s)

2018-12-10 16:14:27 - [TEST_STEP][PASSED] - setEncryptedText: Text ****** has been set on object 'Object Repository/Final Object Repo/Login Page/Internal User/Password'

2018-12-10 16:14:27 - [MESSAGE][PASSED] - Text ****** has been set on object 'Object Repository/Final Object Repo/Login Page/Internal User/Password'

2018-12-10 16:14:27 - [TEST_STEP][PASSED] - click: Object: 'Object Repository/Final Object Repo/Login Page/Internal User/Login Button' is clicked on

2018-12-10 16:14:27 - [MESSAGE][PASSED] - Object: 'Object Repository/Final Object Repo/Login Page/Internal User/Login Button' is clicked on

2018-12-10 16:14:27 - [TEST_STEP][PASSED] - Statement - tester = com.kms.katalon.core.testobject.ObjectRepository.findTestObject(Final Object Repo/Landing Page/Select to English): Finding Test Object with id 'Object Repository/Final Object Repo/Landing Page/Select to English'

2018-12-10 16:14:27 - [TEST_STEP][PASSED] - Statement - Try: Delayed 2 second(s)

2018-12-10 16:14:27 - [TEST_STEP][PASSED] - Statement - Checker = com.kms.katalon.core.webui.keyword.WebUiBuiltInKeywords.verifyElementNotPresent(tester, 3): Web element with id: 'Object Repository/Final Object Repo/Landing Page/Select to English' located by 'By.xpath: //a[@class = 'taglib-language-list-text' and @lang = 'en-US' and (contains(text(), 'EN') or contains(., 'EN'))]' is not present after '3' second(s)

2018-12-10 16:14:30 - [MESSAGE][PASSED] - Web element with id: 'Object Repository/Final Object Repo/Landing Page/Select to English' located by 'By.xpath: //a[@class = 'taglib-language-list-text' and @lang = 'en-US' and (contains(text(), 'EN') or contains(., 'EN'))]' is not present after '3' second(s)

2018-12-10 16:14:30 - [TEST_STEP][PASSED] - Statement - If (Checker == false): null

2018-12-10 16:14:30 - [TEST_STEP][PASSED] - delay: Delayed 2 second(s)

2018-12-10 16:14:32 - [MESSAGE][PASSED] - Delayed 2 second(s)

2018-12-10 16:14:32 - [TEST_STEP][PASSED] - delay: Delayed 5 second(s)

2018-12-10 16:14:37 - [MESSAGE][PASSED] - Delayed 5 second(s)

2018-12-10 16:14:37 - [TEST_STEP][PASSED] - navigateToUrl: Navigate to 'https://assist2-uat.perkeso.gov.my/web/registration/update/update-employer-information' successfully

2018-12-10 16:14:38 - [MESSAGE][PASSED] - Navigate to 'https://assist2-uat.perkeso.gov.my/web/registration/update/update-employer-information' successfully

2018-12-10 16:14:38 - [TEST_STEP][PASSED] - setText: Text 'E1102001065V ' is set on object 'Object Repository/Final Object Repo/Page_Update Employer Information/Employer Code'

2018-12-10 16:14:38 - [MESSAGE][PASSED] - Text 'E1102001065V ' is set on object 'Object Repository/Final Object Repo/Page_Update Employer Information/Employer Code'

2018-12-10 16:14:38 - [TEST_STEP][PASSED] - click: Object: 'Object Repository/Final Object Repo/Page_Update Employer Information/Search Button' is clicked on

2018-12-10 16:14:38 - [MESSAGE][PASSED] - Object: 'Object Repository/Final Object Repo/Page_Update Employer Information/Search Button' is clicked on

2018-12-10 16:14:38 - [TEST_STEP][PASSED] - click: Object: 'Object Repository/Final Object Repo/Page_Update Employer Information/Edit Button' is clicked on

2018-12-10 16:14:42 - [MESSAGE][PASSED] - Object: 'Object Repository/Final Object Repo/Page_Update Employer Information/Edit Button' is clicked on

2018-12-10 16:14:42 - [TEST_STEP][PASSED] - click: Object: 'Object Repository/Final Object Repo/Page_Update Employer Information/Business Entity' is clicked on

2018-12-10 16:14:42 - [MESSAGE][PASSED] - Object: 'Object Repository/Final Object Repo/Page_Update Employer Information/Business Entity' is clicked on

2018-12-10 16:14:42 - [TEST_STEP][PASSED] - Statement - CurrentBusinessEntity = "": null

2018-12-10 16:14:42 - [TEST_STEP][PASSED] - Statement - CurrentBusinessEntity = com.kms.katalon.core.webui.keyword.WebUiBuiltInKeywords.getText(com.kms.katalon.core.testobject.ObjectRepository.findTestObject(Final Object Repo/Page_Update Employer Information/Current Business Entity)): Text of object 'Object Repository/Final Object Repo/Page_Update Employer Information/Current Business Entity' is: 'Partnership'

2018-12-10 16:14:42 - [MESSAGE][PASSED] - Text of object 'Object Repository/Final Object Repo/Page_Update Employer Information/Current Business Entity' is: 'Partnership'

2018-12-10 16:14:42 - [TEST_STEP][PASSED] - Statement - out.println(CurrentBusinessEntity): null

2018-12-10 16:14:42 - [TEST_STEP][PASSED] - Statement - If (CurrentBusinessEntity == "Corporation"): null

2018-12-10 16:14:42 - [TEST_STEP][PASSED] - Statement - Else If (CurrentBusinessEntity == "Partnership"): Delayed 3 second(s)

2018-12-10 16:14:42 - [TEST_STEP][PASSED] - Statement - obj = com.kms.katalon.core.webui.keyword.WebUiBuiltInKeywords.modifyObjectProperty(com.kms.katalon.core.testobject.ObjectRepository.findTestObject(Final Object Repo/Page_Update Employer Information/change to this Business Entity), "xpath", "equals", "//ul/li/span[contains(text(),"Sole Proprietor / Individual Business")]", true, STOP_ON_FAILURE): Modify property of object successfully

2018-12-10 16:14:42 - [MESSAGE][PASSED] - Modify property of object successfully

2018-12-10 16:14:42 - [TEST_STEP][PASSED] - click: Object: 'Object Repository/Final Object Repo/Page_Update Employer Information/change to this Business Entity' is clicked on

2018-12-10 16:14:42 - [MESSAGE][PASSED] - Object: 'Object Repository/Final Object Repo/Page_Update Employer Information/change to this Business Entity' is clicked on

2018-12-10 16:14:42 - [TEST_STEP][PASSED] - delay: Delayed 1 second(s)

2018-12-10 16:14:43 - [MESSAGE][PASSED] - Delayed 1 second(s)

2018-12-10 16:14:43 - [TEST_STEP][PASSED] - click: Object: 'Object Repository/Final Object Repo/Page_Update Employer Information/Sub Business Entity' is clicked on

2018-12-10 16:14:44 - [MESSAGE][PASSED] - Object: 'Object Repository/Final Object Repo/Page_Update Employer Information/Sub Business Entity' is clicked on

2018-12-10 16:14:44 - [TEST_STEP][PASSED] - click: Object: 'Object Repository/Final Object Repo/Page_Update Employer Information/Sub Business Entity - Sole Properietor - Registered with other Agencies' is clicked on

2018-12-10 16:14:44 - [MESSAGE][PASSED] - Object: 'Object Repository/Final Object Repo/Page_Update Employer Information/Sub Business Entity - Sole Properietor - Registered with other Agencies' is clicked on

2018-12-10 16:14:44 - [TEST_STEP][PASSED] - delay: Delayed 3 second(s)

2018-12-10 16:14:47 - [MESSAGE][PASSED] - Delayed 3 second(s)

2018-12-10 16:14:47 - [TEST_STEP][PASSED] - delay: Delayed 4 second(s)

2018-12-10 16:14:51 - [MESSAGE][PASSED] - Delayed 4 second(s)

2018-12-10 16:14:51 - [TEST_STEP][PASSED] - click: Object: 'Object Repository/Final Object Repo/Page_Update Employer Information/Save  Continue' is clicked on

2018-12-10 16:14:51 - [MESSAGE][PASSED] - Object: 'Object Repository/Final Object Repo/Page_Update Employer Information/Save  Continue' is clicked on

2018-12-10 16:14:51 - [TEST_STEP][PASSED] - delay: Delayed 4 second(s)

2018-12-10 16:14:55 - [MESSAGE][PASSED] - Delayed 4 second(s)

2018-12-10 16:14:55 - [TEST_STEP][PASSED] - click: Object: 'Object Repository/Final Object Repo/Page_Update Employer Information/Save  Continue (1)' is clicked on

2018-12-10 16:14:55 - [MESSAGE][PASSED] - Object: 'Object Repository/Final Object Repo/Page_Update Employer Information/Save  Continue (1)' is clicked on

2018-12-10 16:14:55 - [TEST_STEP][PASSED] - delay: Delayed 4 second(s)

2018-12-10 16:14:59 - [MESSAGE][PASSED] - Delayed 4 second(s)

2018-12-10 16:14:59 - [TEST_STEP][PASSED] - Statement - CaseReferenceNo = com.kms.katalon.core.webui.keyword.WebUiBuiltInKeywords.getText(com.kms.katalon.core.testobject.ObjectRepository.findTestObject(Final Object Repo/Page_Update Employer Information/Reference Number in Update Employee Information Page)): Text of object 'Object Repository/Final Object Repo/Page_Update Employer Information/Reference Number in Update Employee Information Page' is: 'CUN122018C100005959'

2018-12-10 16:14:59 - [MESSAGE][PASSED] - Text of object 'Object Repository/Final Object Repo/Page_Update Employer Information/Reference Number in Update Employee Information Page' is: 'CUN122018C100005959'

2018-12-10 16:14:59 - [TEST_STEP][PASSED] - callTestCase: Call Test Case 'Test Cases/Final Aug 2018 - PKS Automation/Common/Reference Number Setter' successfully

2018-12-10 16:14:59 - [TEST_CASE][PASSED] - Test Cases/Final Aug 2018 - PKS Automation/Common/Reference Number Setter: Test Cases/Final Aug 2018 - PKS Automation/Common/Reference Number Setter

2018-12-10 16:14:59 - [TEST_STEP][PASSED] - Statement - RefNoOldFile = new java.io.File(C://Users//Admin//Desktop//PKS//Automation Reference Point//KatalonReference.txt): null

2018-12-10 16:14:59 - [TEST_STEP][PASSED] - Statement - RefNoOldFile.delete(): null

2018-12-10 16:14:59 - [TEST_STEP][PASSED] - delay: Delayed 5 second(s)

2018-12-10 16:15:04 - [MESSAGE][PASSED] - Delayed 5 second(s)

2018-12-10 16:15:04 - [TEST_STEP][PASSED] - Statement - RefNo = new java.io.File(C://Users//Admin//Desktop//PKS//Automation Reference Point//KatalonReference.txt): null

2018-12-10 16:15:04 - [TEST_STEP][PASSED] - Statement - f2 = new java.io.FileWriter(RefNo, false): null

2018-12-10 16:15:04 - [TEST_STEP][PASSED] - Statement - f2.write(CaseReferenceNo): null

2018-12-10 16:15:04 - [TEST_STEP][PASSED] - Statement - f2.close(): null

2018-12-10 16:15:04 - [TEST_STEP][PASSED] - Statement - out.println("


" + CaseReferenceNo + "


"): null

2018-12-10 16:15:04 - [MESSAGE][PASSED] - Call Test Case 'Test Cases/Final Aug 2018 - PKS Automation/Common/Reference Number Setter' successfully

2018-12-10 16:15:04 - [TEST_STEP][PASSED] - delay: Delayed 4 second(s)

2018-12-10 16:15:08 - [MESSAGE][PASSED] - Delayed 4 second(s)

2018-12-10 16:15:08 - [TEST_STEP][PASSED] - click: Object: 'Object Repository/Final Object Repo/Page_Update Employer Information/Submit - Copy' is clicked on

2018-12-10 16:15:09 - [MESSAGE][PASSED] - Object: 'Object Repository/Final Object Repo/Page_Update Employer Information/Submit - Copy' is clicked on

2018-12-10 16:15:09 - [TEST_STEP][PASSED] - delay: Delayed 2 second(s)

2018-12-10 16:15:11 - [MESSAGE][PASSED] - Delayed 2 second(s)

2018-12-10 16:15:11 - [TEST_STEP][PASSED] - click: Object: 'Object Repository/Final Object Repo/Page_Update Employer Information/Confirm' is clicked on

2018-12-10 16:15:11 - [MESSAGE][PASSED] - Object: 'Object Repository/Final Object Repo/Page_Update Employer Information/Confirm' is clicked on

2018-12-10 16:15:11 - [TEST_STEP][PASSED] - delay: Delayed 2 second(s)

2018-12-10 16:15:13 - [MESSAGE][PASSED] - Delayed 2 second(s)

2018-12-10 16:15:13 - [TEST_STEP][PASSED] - click: Object: 'Object Repository/Final Object Repo/Page_Update Employer Information/Message Your Request will be route' is clicked on

2018-12-10 16:15:15 - [MESSAGE][PASSED] - Object: 'Object Repository/Final Object Repo/Page_Update Employer Information/Message Your Request will be route' is clicked on

2018-12-10 16:15:15 - [MESSAGE][PASSED] - Call Test Case 'Test Cases/Final Aug 2018 - PKS Automation/Registration Module/Workflow/Update Employer Information/Template/Update Employer Information - Special Case (PAU)' successfully

2018-12-10 16:15:15 - [TEST_STEP][PASSED] - callTestCase: Call Test Case 'Test Cases/Final Aug 2018 - PKS Automation/Registration Module/Workflow/Update Employer Information/Template/Update Employer Information - Special Case - UO (Under enforcement)' successfully

2018-12-10 16:15:15 - [TEST_CASE][PASSED] - Test Cases/Final Aug 2018 - PKS Automation/Registration Module/Workflow/Update Employer Information/Template/Update Employer Information - Special Case - UO (Under enforcement): Test Cases/Final Aug 2018 - PKS Automation/Registration Module/Workflow/Update Employer Information/Template/Update Employer Information - Special Case - UO (Under enforcement)

2018-12-10 16:15:15 - [TEST_STEP][NOT_RUN] - callTestCase: NOT_RUN: callTestCase

2018-12-10 16:15:15 - [MESSAGE][NOT_RUN] - NOT_RUN: callTestCase

2018-12-10 16:15:15 - [TEST_STEP][PASSED] - delay: Delayed 1 second(s)

2018-12-10 16:15:16 - [MESSAGE][PASSED] - Delayed 1 second(s)

2018-12-10 16:15:16 - [TEST_STEP][PASSED] - navigateToUrl: Navigate to 'https://assist2-uat.perkeso.gov.my/c/portal/logout' successfully

2018-12-10 16:15:17 - [MESSAGE][PASSED] - Navigate to 'https://assist2-uat.perkeso.gov.my/c/portal/logout' successfully

2018-12-10 16:15:17 - [TEST_STEP][PASSED] - delay: Delayed 1 second(s)

2018-12-10 16:15:18 - [MESSAGE][PASSED] - Delayed 1 second(s)

2018-12-10 16:15:18 - [TEST_STEP][PASSED] - callTestCase: Call Test Case 'Test Cases/Final Aug 2018 - PKS Automation/Common/Reference Number Getter' successfully

2018-12-10 16:15:18 - [TEST_CASE][PASSED] - Test Cases/Final Aug 2018 - PKS Automation/Common/Reference Number Getter: Test Cases/Final Aug 2018 - PKS Automation/Common/Reference Number Getter

2018-12-10 16:15:18 - [TEST_STEP][PASSED] - Statement - Try: null

2018-12-10 16:15:18 - [TEST_STEP][PASSED] - Statement - RefNo = new java.io.File(C://Users//Admin//Desktop//PKS//Automation Reference Point//KatalonReference.txt): null

2018-12-10 16:15:18 - [TEST_STEP][PASSED] - Statement - bufferread = new java.io.BufferedReader(new java.io.FileReader(RefNo)): null

2018-12-10 16:15:18 - [TEST_STEP][PASSED] - Statement - readedVal = bufferread.readLine(): null

2018-12-10 16:15:18 - [TEST_STEP][PASSED] - Statement - out.println(CaseReferenceNo): null

2018-12-10 16:15:18 - [TEST_STEP][PASSED] - Statement - out.println(readedVal): null

2018-12-10 16:15:18 - [TEST_STEP][PASSED] - Statement - CaseReferenceNo = "": null

2018-12-10 16:15:18 - [TEST_STEP][PASSED] - Statement - CaseReferenceNo = readedVal: null

2018-12-10 16:15:18 - [MESSAGE][PASSED] - Call Test Case 'Test Cases/Final Aug 2018 - PKS Automation/Common/Reference Number Getter' successfully

2018-12-10 16:15:18 - [TEST_STEP][PASSED] - callTestCase: Call Test Case 'Test Cases/Final Aug 2018 - PKS Automation/Common/Workflow Owner Finder' successfully

2018-12-10 16:15:18 - [TEST_CASE][PASSED] - Test Cases/Final Aug 2018 - PKS Automation/Common/Workflow Owner Finder: Test Cases/Final Aug 2018 - PKS Automation/Common/Workflow Owner Finder

2018-12-10 16:15:18 - [TEST_STEP][PASSED] - openBrowser: Browser is opened with url: ''

2018-12-10 16:15:18 - [MESSAGE][WARNING] - A browser is already opened. Closing browser and opening a new one

2018-12-10 16:15:21 - [MESSAGE][PASSED] - Browser is opened with url: ''

2018-12-10 16:15:21 - [TEST_STEP][PASSED] - navigateToUrl: Navigate to 'https://assist2-uat.perkeso.gov.my/login' successfully

2018-12-10 16:15:22 - [MESSAGE][PASSED] - Navigate to 'https://assist2-uat.perkeso.gov.my/login' successfully

2018-12-10 16:15:22 - [TEST_STEP][PASSED] - delay: Delayed 5 second(s)

2018-12-10 16:15:27 - [MESSAGE][PASSED] - Delayed 5 second(s)

2018-12-10 16:15:27 - [TEST_STEP][PASSED] - setText: Text 'test@liferay.com' is set on object 'Object Repository/Final Object Repo/Login Page/Internal User/Email Address'

2018-12-10 16:15:27 - [MESSAGE][PASSED] - Text 'test@liferay.com' is set on object 'Object Repository/Final Object Repo/Login Page/Internal User/Email Address'

2018-12-10 16:15:27 - [TEST_STEP][PASSED] - click: Object: 'Object Repository/Final Object Repo/Login Page/Internal User/Next Button' is clicked on

2018-12-10 16:15:27 - [MESSAGE][PASSED] - Object: 'Object Repository/Final Object Repo/Login Page/Internal User/Next Button' is clicked on

2018-12-10 16:15:27 - [TEST_STEP][PASSED] - delay: Delayed 2 second(s)

2018-12-10 16:15:29 - [MESSAGE][PASSED] - Delayed 2 second(s)

2018-12-10 16:15:29 - [TEST_STEP][PASSED] - setText: Text 'test' is set on object 'Object Repository/Final Object Repo/Login Page/Internal User/Password'

2018-12-10 16:15:29 - [MESSAGE][PASSED] - Text 'test' is set on object 'Object Repository/Final Object Repo/Login Page/Internal User/Password'

2018-12-10 16:15:29 - [TEST_STEP][PASSED] - delay: Delayed 2 second(s)

2018-12-10 16:15:31 - [MESSAGE][PASSED] - Delayed 2 second(s)

2018-12-10 16:15:31 - [TEST_STEP][PASSED] - click: Object: 'Object Repository/Final Object Repo/Login Page/Internal User/Login Button' is clicked on

2018-12-10 16:15:32 - [MESSAGE][PASSED] - Object: 'Object Repository/Final Object Repo/Login Page/Internal User/Login Button' is clicked on

2018-12-10 16:15:32 - [TEST_STEP][PASSED] - Statement - tester = com.kms.katalon.core.testobject.ObjectRepository.findTestObject(Final Object Repo/Landing Page/Select to English): Finding Test Object with id 'Object Repository/Final Object Repo/Landing Page/Select to English'

2018-12-10 16:15:32 - [TEST_STEP][PASSED] - Statement - Try: Delayed 2 second(s)

2018-12-10 16:15:32 - [TEST_STEP][PASSED] - Statement - Checker = com.kms.katalon.core.webui.keyword.WebUiBuiltInKeywords.verifyElementNotPresent(tester, 3): Web element with id: 'Object Repository/Final Object Repo/Landing Page/Select to English' located by 'By.xpath: //a[@class = 'taglib-language-list-text' and @lang = 'en-US' and (contains(text(), 'EN') or contains(., 'EN'))]' is not present after '3' second(s)

2018-12-10 16:15:34 - [MESSAGE][PASSED] - Web element with id: 'Object Repository/Final Object Repo/Landing Page/Select to English' located by 'By.xpath: //a[@class = 'taglib-language-list-text' and @lang = 'en-US' and (contains(text(), 'EN') or contains(., 'EN'))]' is not present after '3' second(s)

2018-12-10 16:15:34 - [TEST_STEP][PASSED] - Statement - If (Checker == false): null

2018-12-10 16:15:34 - [TEST_STEP][PASSED] - delay: Delayed 2 second(s)

2018-12-10 16:15:36 - [MESSAGE][PASSED] - Delayed 2 second(s)

2018-12-10 16:15:36 - [TEST_STEP][PASSED] - delay: Delayed 5 second(s)

2018-12-10 16:15:41 - [MESSAGE][PASSED] - Delayed 5 second(s)

2018-12-10 16:15:41 - [TEST_STEP][PASSED] - mouseOver: Object: 'Object Repository/Final Object Repo/Landing Page/WorkFlow Menu' is hovered

2018-12-10 16:15:41 - [MESSAGE][PASSED] - Object: 'Object Repository/Final Object Repo/Landing Page/WorkFlow Menu' is hovered

2018-12-10 16:15:41 - [TEST_STEP][PASSED] - delay: Delayed 2 second(s)

2018-12-10 16:15:43 - [MESSAGE][PASSED] - Delayed 2 second(s)

2018-12-10 16:15:43 - [TEST_STEP][PASSED] - click: Object: 'Object Repository/Final Object Repo/Landing Page/Select to Workflow Listing' is clicked on

2018-12-10 16:15:44 - [MESSAGE][PASSED] - Object: 'Object Repository/Final Object Repo/Landing Page/Select to Workflow Listing' is clicked on

2018-12-10 16:15:44 - [TEST_STEP][PASSED] - delay: Delayed 2 second(s)

2018-12-10 16:15:46 - [MESSAGE][PASSED] - Delayed 2 second(s)

2018-12-10 16:15:46 - [TEST_STEP][PASSED] - click: Object: 'Object Repository/Final Object Repo/WorkFlow Listing Page/Search Information - To Put Ref No' is clicked on

2018-12-10 16:15:46 - [MESSAGE][PASSED] - Object: 'Object Repository/Final Object Repo/WorkFlow Listing Page/Search Information - To Put Ref No' is clicked on

2018-12-10 16:15:46 - [TEST_STEP][PASSED] - delay: Delayed 2 second(s)

2018-12-10 16:15:48 - [MESSAGE][PASSED] - Delayed 2 second(s)

2018-12-10 16:15:48 - [TEST_STEP][PASSED] - callTestCase: Call Test Case 'Test Cases/Final Aug 2018 - PKS Automation/Common/Reference Number Getter' successfully

2018-12-10 16:15:48 - [TEST_CASE][PASSED] - Test Cases/Final Aug 2018 - PKS Automation/Common/Reference Number Getter: Test Cases/Final Aug 2018 - PKS Automation/Common/Reference Number Getter

2018-12-10 16:15:48 - [TEST_STEP][PASSED] - Statement - Try: null

2018-12-10 16:15:48 - [TEST_STEP][PASSED] - Statement - RefNo = new java.io.File(C://Users//Admin//Desktop//PKS//Automation Reference Point//KatalonReference.txt): null

2018-12-10 16:15:48 - [TEST_STEP][PASSED] - Statement - bufferread = new java.io.BufferedReader(new java.io.FileReader(RefNo)): null

2018-12-10 16:15:48 - [TEST_STEP][PASSED] - Statement - readedVal = bufferread.readLine(): null

2018-12-10 16:15:48 - [TEST_STEP][PASSED] - Statement - out.println(CaseReferenceNo): null

2018-12-10 16:15:48 - [TEST_STEP][PASSED] - Statement - out.println(readedVal): null

2018-12-10 16:15:48 - [TEST_STEP][PASSED] - Statement - CaseReferenceNo = "": null

2018-12-10 16:15:48 - [TEST_STEP][PASSED] - Statement - CaseReferenceNo = readedVal: null

2018-12-10 16:15:48 - [MESSAGE][PASSED] - Call Test Case 'Test Cases/Final Aug 2018 - PKS Automation/Common/Reference Number Getter' successfully

2018-12-10 16:15:48 - [TEST_STEP][PASSED] - setText: Text 'CUN122018C100005959' is set on object 'Object Repository/Final Object Repo/WorkFlow Listing Page/Ref No Set Text'

2018-12-10 16:15:49 - [MESSAGE][PASSED] - Text 'CUN122018C100005959' is set on object 'Object Repository/Final Object Repo/WorkFlow Listing Page/Ref No Set Text'

2018-12-10 16:15:49 - [TEST_STEP][PASSED] - delay: Delayed 2 second(s)

2018-12-10 16:15:51 - [MESSAGE][PASSED] - Delayed 2 second(s)

2018-12-10 16:15:51 - [TEST_STEP][PASSED] - click: Object: 'Object Repository/Final Object Repo/WorkFlow Listing Page/Search Ref No Search Button' is clicked on

2018-12-10 16:15:51 - [MESSAGE][PASSED] - Object: 'Object Repository/Final Object Repo/WorkFlow Listing Page/Search Ref No Search Button' is clicked on

2018-12-10 16:15:51 - [TEST_STEP][PASSED] - delay: Delayed 6 second(s)

2018-12-10 16:15:57 - [MESSAGE][PASSED] - Delayed 6 second(s)

2018-12-10 16:15:57 - [TEST_STEP][PASSED] - click: Object: 'Object Repository/Final Object Repo/WorkFlow Listing Page/Click Continue Tooltip' is clicked on

2018-12-10 16:15:58 - [MESSAGE][PASSED] - Object: 'Object Repository/Final Object Repo/WorkFlow Listing Page/Click Continue Tooltip' is clicked on

2018-12-10 16:15:58 - [TEST_STEP][PASSED] - delay: Delayed 5 second(s)

2018-12-10 16:16:03 - [MESSAGE][PASSED] - Delayed 5 second(s)

2018-12-10 16:16:03 - [TEST_STEP][PASSED] - doubleClick: Object: 'Object Repository/Final Object Repo/WorkFlow Listing Page/Workflow Found - Listing 1' is double clicked on

2018-12-10 16:16:03 - [MESSAGE][PASSED] - Object: 'Object Repository/Final Object Repo/WorkFlow Listing Page/Workflow Found - Listing 1' is double clicked on

2018-12-10 16:16:03 - [TEST_STEP][PASSED] - Statement - println(OwnerID): null

2018-12-10 16:16:03 - [TEST_STEP][PASSED] - Statement - OwnerID = com.kms.katalon.core.webui.keyword.WebUiBuiltInKeywords.getText(com.kms.katalon.core.testobject.ObjectRepository.findTestObject(Final Object Repo/WorkFlow Listing Page/Workflow Found - Listing 1), STOP_ON_FAILURE): Text of object 'Object Repository/Final Object Repo/WorkFlow Listing Page/Workflow Found - Listing 1' is: 'JOHORuo1'

2018-12-10 16:16:03 - [MESSAGE][PASSED] - Text of object 'Object Repository/Final Object Repo/WorkFlow Listing Page/Workflow Found - Listing 1' is: 'JOHORuo1'

2018-12-10 16:16:03 - [TEST_STEP][PASSED] - Statement - OwnerID = OwnerID.toLowerCase() + "@gmail.com": null

2018-12-10 16:16:03 - [TEST_STEP][PASSED] - Statement - println(OwnerID): null

2018-12-10 16:16:03 - [TEST_STEP][PASSED] - delay: Delayed 2 second(s)

2018-12-10 16:16:05 - [MESSAGE][PASSED] - Delayed 2 second(s)

2018-12-10 16:16:05 - [MESSAGE][PASSED] - Call Test Case 'Test Cases/Final Aug 2018 - PKS Automation/Common/Workflow Owner Finder' successfully

2018-12-10 16:16:05 - [TEST_STEP][PASSED] - delay: Delayed 1 second(s)

2018-12-10 16:16:06 - [MESSAGE][PASSED] - Delayed 1 second(s)

2018-12-10 16:16:06 - [TEST_STEP][PASSED] - navigateToUrl: Navigate to 'https://assist2-uat.perkeso.gov.my/c/portal/logout' successfully

2018-12-10 16:16:07 - [MESSAGE][PASSED] - Navigate to 'https://assist2-uat.perkeso.gov.my/c/portal/logout' successfully

2018-12-10 16:16:07 - [TEST_STEP][PASSED] - delay: Delayed 1 second(s)

2018-12-10 16:16:08 - [MESSAGE][PASSED] - Delayed 1 second(s)

2018-12-10 16:16:08 - [TEST_STEP][PASSED] - callTestCase: Call Test Case 'Test Cases/Final Aug 2018 - PKS Automation/Registration Module/Workflow/Login and Search Case For Workflow' successfully

2018-12-10 16:16:08 - [TEST_CASE][PASSED] - Test Cases/Final Aug 2018 - PKS Automation/Registration Module/Workflow/Login and Search Case For Workflow: Test Cases/Final Aug 2018 - PKS Automation/Registration Module/Workflow/Login and Search Case For Workflow

2018-12-10 16:16:08 - [TEST_STEP][PASSED] - navigateToUrl: Navigate to 'https://assist2-uat.perkeso.gov.my/login' successfully

2018-12-10 16:16:09 - [MESSAGE][PASSED] - Navigate to 'https://assist2-uat.perkeso.gov.my/login' successfully

2018-12-10 16:16:09 - [TEST_STEP][PASSED] - setText: Text 'johoruo1@gmail.com' is set on object 'Object Repository/Final Object Repo/Login Page/Internal User/Email Address'

2018-12-10 16:16:09 - [MESSAGE][PASSED] - Text 'johoruo1@gmail.com' is set on object 'Object Repository/Final Object Repo/Login Page/Internal User/Email Address'

2018-12-10 16:16:09 - [TEST_STEP][PASSED] - click: Object: 'Object Repository/Final Object Repo/Login Page/Internal User/Next Button' is clicked on

2018-12-10 16:16:09 - [MESSAGE][PASSED] - Object: 'Object Repository/Final Object Repo/Login Page/Internal User/Next Button' is clicked on

2018-12-10 16:16:09 - [TEST_STEP][PASSED] - delay: Delayed 1 second(s)

2018-12-10 16:16:10 - [MESSAGE][PASSED] - Delayed 1 second(s)

2018-12-10 16:16:10 - [TEST_STEP][PASSED] - setEncryptedText: Text ****** has been set on object 'Object Repository/Final Object Repo/Login Page/Internal User/Password'

2018-12-10 16:16:11 - [MESSAGE][PASSED] - Text ****** has been set on object 'Object Repository/Final Object Repo/Login Page/Internal User/Password'

2018-12-10 16:16:11 - [TEST_STEP][PASSED] - click: Object: 'Object Repository/Final Object Repo/Login Page/Internal User/Login Button' is clicked on

2018-12-10 16:16:11 - [MESSAGE][PASSED] - Object: 'Object Repository/Final Object Repo/Login Page/Internal User/Login Button' is clicked on

2018-12-10 16:16:11 - [TEST_STEP][PASSED] - delay: Delayed 2 second(s)

2018-12-10 16:16:13 - [MESSAGE][PASSED] - Delayed 2 second(s)

2018-12-10 16:16:13 - [TEST_STEP][PASSED] - Statement - Try: Delayed 2 second(s)

2018-12-10 16:16:13 - [TEST_STEP][PASSED] - Statement - Checker = false: null

2018-12-10 16:16:13 - [TEST_STEP][PASSED] - Statement - Checker = com.kms.katalon.core.webui.keyword.WebUiBuiltInKeywords.verifyElementHasAttribute(com.kms.katalon.core.testobject.ObjectRepository.findTestObject(Final Object Repo/Landing Page/BM Detecting), "href", 20, OPTIONAL): Object 'Object Repository/Final Object Repo/Landing Page/BM Detecting' has attribute 'href'

2018-12-10 16:16:13 - [MESSAGE][PASSED] - Object 'Object Repository/Final Object Repo/Landing Page/BM Detecting' has attribute 'href'

2018-12-10 16:16:13 - [TEST_STEP][PASSED] - Statement - out.println(Checker): null

2018-12-10 16:16:13 - [TEST_STEP][PASSED] - Statement - If (Checker == false): null

2018-12-10 16:16:13 - [TEST_STEP][PASSED] - Statement - Else: null

2018-12-10 16:16:13 - [TEST_STEP][PASSED] - delay: Delayed 2 second(s)

2018-12-10 16:16:15 - [MESSAGE][PASSED] - Delayed 2 second(s)

2018-12-10 16:16:15 - [TEST_STEP][PASSED] - click: Object: 'Object Repository/Final Object Repo/Page_MyASSIST - ASSIST - Search Pending Case For Add Supporting Document/Search Information' is clicked on

2018-12-10 16:16:15 - [MESSAGE][PASSED] - Object: 'Object Repository/Final Object Repo/Page_MyASSIST - ASSIST - Search Pending Case For Add Supporting Document/Search Information' is clicked on

2018-12-10 16:16:15 - [TEST_STEP][PASSED] - delay: Delayed 3 second(s)

2018-12-10 16:16:18 - [MESSAGE][PASSED] - Delayed 3 second(s)

2018-12-10 16:16:18 - [TEST_STEP][PASSED] - sendKeys: Keys 'CUN122018C100005959' sent to object: 'Object Repository/Final Object Repo/Page_MyASSIST - ASSIST - Search Pending Case For Add Supporting Document/Reference No'

2018-12-10 16:16:18 - [MESSAGE][PASSED] - Keys 'CUN122018C100005959' sent to object: 'Object Repository/Final Object Repo/Page_MyASSIST - ASSIST - Search Pending Case For Add Supporting Document/Reference No'

2018-12-10 16:16:18 - [TEST_STEP][PASSED] - click: Object: 'Object Repository/Final Object Repo/Page_MyASSIST - ASSIST - Search Pending Case For Add Supporting Document/Search Reference No' is clicked on

2018-12-10 16:16:18 - [MESSAGE][PASSED] - Object: 'Object Repository/Final Object Repo/Page_MyASSIST - ASSIST - Search Pending Case For Add Supporting Document/Search Reference No' is clicked on

2018-12-10 16:16:18 - [TEST_STEP][PASSED] - delay: Delayed 2 second(s)

2018-12-10 16:16:20 - [MESSAGE][PASSED] - Delayed 2 second(s)

2018-12-10 16:16:20 - [TEST_STEP][PASSED] - click: Object: 'Object Repository/Final Object Repo/Page_MyASSIST - ASSIST - Search Pending Case For Add Supporting Document/Continue' is clicked on

2018-12-10 16:16:25 - [MESSAGE][PASSED] - Object: 'Object Repository/Final Object Repo/Page_MyASSIST - ASSIST - Search Pending Case For Add Supporting Document/Continue' is clicked on

2018-12-10 16:16:25 - [TEST_STEP][PASSED] - delay: Delayed 20 second(s)

2018-12-10 16:16:45 - [MESSAGE][PASSED] - Delayed 20 second(s)

2018-12-10 16:16:45 - [MESSAGE][PASSED] - Call Test Case 'Test Cases/Final Aug 2018 - PKS Automation/Registration Module/Workflow/Login and Search Case For Workflow' successfully

2018-12-10 16:16:45 - [TEST_STEP][PASSED] - delay: Delayed 2 second(s)

2018-12-10 16:16:47 - [MESSAGE][PASSED] - Delayed 2 second(s)

2018-12-10 16:16:47 - [TEST_STEP][PASSED] - click: Object: 'Object Repository/Final Object Repo/Page_Update Employer Information/Page_Update Employer Information UO (Approve)/Continue' is clicked on

2018-12-10 16:16:51 - [MESSAGE][PASSED] - Object: 'Object Repository/Final Object Repo/Page_Update Employer Information/Page_Update Employer Information UO (Approve)/Continue' is clicked on

2018-12-10 16:16:51 - [TEST_STEP][PASSED] - delay: Delayed 2 second(s)

2018-12-10 16:16:53 - [MESSAGE][PASSED] - Delayed 2 second(s)

2018-12-10 16:16:53 - [TEST_STEP][PASSED] - click: Object: 'Object Repository/Final Object Repo/Page_Update Employer Information/Page_Update Employer Information UO (Approve)/Save  Continue in Update Employer Information Page' is clicked on

2018-12-10 16:16:53 - [MESSAGE][PASSED] - Object: 'Object Repository/Final Object Repo/Page_Update Employer Information/Page_Update Employer Information UO (Approve)/Save  Continue in Update Employer Information Page' is clicked on

2018-12-10 16:16:53 - [TEST_STEP][PASSED] - delay: Delayed 2 second(s)

2018-12-10 16:16:55 - [MESSAGE][PASSED] - Delayed 2 second(s)

2018-12-10 16:16:55 - [TEST_STEP][PASSED] - click: Object: 'Object Repository/Final Object Repo/Page_Update Employer Information/Page_Update Employer Information UO (Approve)/Save  Continue in Uploading Supporting Document Page' is clicked on

2018-12-10 16:16:57 - [MESSAGE][PASSED] - Object: 'Object Repository/Final Object Repo/Page_Update Employer Information/Page_Update Employer Information UO (Approve)/Save  Continue in Uploading Supporting Document Page' is clicked on

2018-12-10 16:16:57 - [TEST_STEP][PASSED] - delay: Delayed 2 second(s)

2018-12-10 16:16:59 - [MESSAGE][PASSED] - Delayed 2 second(s)

2018-12-10 16:16:59 - [TEST_STEP][PASSED] - click: Object: 'Object Repository/Final Object Repo/Page_Update Employer Information/Page_Update Employer Information UO (Under enforcement)/Under enforcement' is clicked on

2018-12-10 16:17:01 - [MESSAGE][PASSED] - Object: 'Object Repository/Final Object Repo/Page_Update Employer Information/Page_Update Employer Information UO (Under enforcement)/Under enforcement' is clicked on

2018-12-10 16:17:01 - [TEST_STEP][PASSED] - delay: Delayed 2 second(s)

2018-12-10 16:17:03 - [MESSAGE][PASSED] - Delayed 2 second(s)

2018-12-10 16:17:03 - [TEST_STEP][PASSED] - setText: Text 'remark' is set on object 'Object Repository/Final Object Repo/Page_Update Employer Information/Page_Update Employer Information UO (Under enforcement)/Under enforcement - remark'

2018-12-10 16:17:03 - [MESSAGE][PASSED] - Text 'remark' is set on object 'Object Repository/Final Object Repo/Page_Update Employer Information/Page_Update Employer Information UO (Under enforcement)/Under enforcement - remark'

2018-12-10 16:17:03 - [TEST_STEP][PASSED] - delay: Delayed 2 second(s)

2018-12-10 16:17:05 - [MESSAGE][PASSED] - Delayed 2 second(s)

2018-12-10 16:17:05 - [TEST_STEP][PASSED] - click: Object: 'Object Repository/Final Object Repo/Page_Update Employer Information/Page_Update Employer Information UO (Under enforcement)/Save  Continue in Under enfocement Page' is clicked on

2018-12-10 16:17:05 - [MESSAGE][PASSED] - Object: 'Object Repository/Final Object Repo/Page_Update Employer Information/Page_Update Employer Information UO (Under enforcement)/Save  Continue in Under enfocement Page' is clicked on

2018-12-10 16:17:05 - [TEST_STEP][PASSED] - delay: Delayed 2 second(s)

2018-12-10 16:17:07 - [MESSAGE][PASSED] - Delayed 2 second(s)

2018-12-10 16:17:07 - [TEST_STEP][PASSED] - doubleClick: Object: 'Object Repository/Final Object Repo/Page_Update Employer Information/Page_Update Employer Information UO (Under enforcement)/Message The case is under enforceme' is double clicked on

2018-12-10 16:17:09 - [MESSAGE][PASSED] - Object: 'Object Repository/Final Object Repo/Page_Update Employer Information/Page_Update Employer Information UO (Under enforcement)/Message The case is under enforceme' is double clicked on

2018-12-10 16:17:09 - [MESSAGE][PASSED] - Call Test Case 'Test Cases/Final Aug 2018 - PKS Automation/Registration Module/Workflow/Update Employer Information/Template/Update Employer Information - Special Case - UO (Under enforcement)' successfully]]></system-out>
         <system-err><![CDATA[]]></system-err>
      </testcase>
      <testcase name="Test Cases/Final Aug 2018 - PKS Automation/Registration Module/Workflow/Update Employer Information/PKRBO - UO (Approve)" classname="Test Cases/Final Aug 2018 - PKS Automation/Registration Module/Workflow/Update Employer Information/PKRBO - UO (Approve)" status="PASSED">
         <system-out><![CDATA[2018-12-10 16:17:09 - [TEST_CASE][PASSED] - Test Cases/Final Aug 2018 - PKS Automation/Registration Module/Workflow/Update Employer Information/PKRBO - UO (Approve): Test Cases/Final Aug 2018 - PKS Automation/Registration Module/Workflow/Update Employer Information/PKRBO - UO (Approve)

2018-12-10 16:17:09 - [TEST_STEP][PASSED] - callTestCase: Call Test Case 'Test Cases/Final Aug 2018 - PKS Automation/Registration Module/Workflow/Update Employer Information/Template/Update Employer Information - Special Case (PKRBO)' successfully

2018-12-10 16:17:09 - [TEST_CASE][PASSED] - Test Cases/Final Aug 2018 - PKS Automation/Registration Module/Workflow/Update Employer Information/Template/Update Employer Information - Special Case (PKRBO): Test Cases/Final Aug 2018 - PKS Automation/Registration Module/Workflow/Update Employer Information/Template/Update Employer Information - Special Case (PKRBO)

2018-12-10 16:17:10 - [TEST_STEP][PASSED] - openBrowser: Browser is opened with url: ''

2018-12-10 16:17:10 - [MESSAGE][WARNING] - A browser is already opened. Closing browser and opening a new one

2018-12-10 16:17:12 - [MESSAGE][PASSED] - Browser is opened with url: ''

2018-12-10 16:17:12 - [TEST_STEP][PASSED] - navigateToUrl: Navigate to 'https://assist2-uat.perkeso.gov.my/login' successfully

2018-12-10 16:17:14 - [MESSAGE][PASSED] - Navigate to 'https://assist2-uat.perkeso.gov.my/login' successfully

2018-12-10 16:17:14 - [TEST_STEP][PASSED] - setText: Text 'johorpkrbo1@gmail.com' is set on object 'Object Repository/Final Object Repo/Login Page/Internal User/Email Address'

2018-12-10 16:17:14 - [MESSAGE][PASSED] - Text 'johorpkrbo1@gmail.com' is set on object 'Object Repository/Final Object Repo/Login Page/Internal User/Email Address'

2018-12-10 16:17:14 - [TEST_STEP][PASSED] - click: Object: 'Object Repository/Final Object Repo/Login Page/Internal User/Next Button' is clicked on

2018-12-10 16:17:14 - [MESSAGE][PASSED] - Object: 'Object Repository/Final Object Repo/Login Page/Internal User/Next Button' is clicked on

2018-12-10 16:17:14 - [TEST_STEP][PASSED] - delay: Delayed 1 second(s)

2018-12-10 16:17:15 - [MESSAGE][PASSED] - Delayed 1 second(s)

2018-12-10 16:17:15 - [TEST_STEP][PASSED] - setEncryptedText: Text ****** has been set on object 'Object Repository/Final Object Repo/Login Page/Internal User/Password'

2018-12-10 16:17:16 - [MESSAGE][PASSED] - Text ****** has been set on object 'Object Repository/Final Object Repo/Login Page/Internal User/Password'

2018-12-10 16:17:16 - [TEST_STEP][PASSED] - click: Object: 'Object Repository/Final Object Repo/Login Page/Internal User/Login Button' is clicked on

2018-12-10 16:17:16 - [MESSAGE][PASSED] - Object: 'Object Repository/Final Object Repo/Login Page/Internal User/Login Button' is clicked on

2018-12-10 16:17:16 - [TEST_STEP][PASSED] - Statement - tester = com.kms.katalon.core.testobject.ObjectRepository.findTestObject(Final Object Repo/Landing Page/Select to English): Finding Test Object with id 'Object Repository/Final Object Repo/Landing Page/Select to English'

2018-12-10 16:17:16 - [TEST_STEP][PASSED] - Statement - Try: Delayed 2 second(s)

2018-12-10 16:17:16 - [TEST_STEP][PASSED] - Statement - Checker = com.kms.katalon.core.webui.keyword.WebUiBuiltInKeywords.verifyElementNotPresent(tester, 3): Web element with id: 'Object Repository/Final Object Repo/Landing Page/Select to English' located by 'By.xpath: //a[@class = 'taglib-language-list-text' and @lang = 'en-US' and (contains(text(), 'EN') or contains(., 'EN'))]' is not present after '3' second(s)

2018-12-10 16:17:18 - [MESSAGE][PASSED] - Web element with id: 'Object Repository/Final Object Repo/Landing Page/Select to English' located by 'By.xpath: //a[@class = 'taglib-language-list-text' and @lang = 'en-US' and (contains(text(), 'EN') or contains(., 'EN'))]' is not present after '3' second(s)

2018-12-10 16:17:18 - [TEST_STEP][PASSED] - Statement - If (Checker == false): null

2018-12-10 16:17:18 - [TEST_STEP][PASSED] - delay: Delayed 2 second(s)

2018-12-10 16:17:20 - [MESSAGE][PASSED] - Delayed 2 second(s)

2018-12-10 16:17:20 - [TEST_STEP][PASSED] - delay: Delayed 5 second(s)

2018-12-10 16:17:25 - [MESSAGE][PASSED] - Delayed 5 second(s)

2018-12-10 16:17:25 - [TEST_STEP][PASSED] - navigateToUrl: Navigate to 'https://assist2-uat.perkeso.gov.my/web/registration/update/update-employer-information' successfully

2018-12-10 16:17:26 - [MESSAGE][PASSED] - Navigate to 'https://assist2-uat.perkeso.gov.my/web/registration/update/update-employer-information' successfully

2018-12-10 16:17:26 - [TEST_STEP][PASSED] - setText: Text 'E1102001065V ' is set on object 'Object Repository/Final Object Repo/Page_Update Employer Information/Employer Code'

2018-12-10 16:17:26 - [MESSAGE][PASSED] - Text 'E1102001065V ' is set on object 'Object Repository/Final Object Repo/Page_Update Employer Information/Employer Code'

2018-12-10 16:17:26 - [TEST_STEP][PASSED] - click: Object: 'Object Repository/Final Object Repo/Page_Update Employer Information/Search Button' is clicked on

2018-12-10 16:17:27 - [MESSAGE][PASSED] - Object: 'Object Repository/Final Object Repo/Page_Update Employer Information/Search Button' is clicked on

2018-12-10 16:17:27 - [TEST_STEP][PASSED] - click: Object: 'Object Repository/Final Object Repo/Page_Update Employer Information/Edit Button' is clicked on

2018-12-10 16:17:31 - [MESSAGE][PASSED] - Object: 'Object Repository/Final Object Repo/Page_Update Employer Information/Edit Button' is clicked on

2018-12-10 16:17:31 - [TEST_STEP][PASSED] - click: Object: 'Object Repository/Final Object Repo/Page_Update Employer Information/Business Entity' is clicked on

2018-12-10 16:17:31 - [MESSAGE][PASSED] - Object: 'Object Repository/Final Object Repo/Page_Update Employer Information/Business Entity' is clicked on

2018-12-10 16:17:31 - [TEST_STEP][PASSED] - Statement - CurrentBusinessEntity = "": null

2018-12-10 16:17:31 - [TEST_STEP][PASSED] - Statement - CurrentBusinessEntity = com.kms.katalon.core.webui.keyword.WebUiBuiltInKeywords.getText(com.kms.katalon.core.testobject.ObjectRepository.findTestObject(Final Object Repo/Page_Update Employer Information/Current Business Entity)): Text of object 'Object Repository/Final Object Repo/Page_Update Employer Information/Current Business Entity' is: 'Partnership'

2018-12-10 16:17:31 - [MESSAGE][PASSED] - Text of object 'Object Repository/Final Object Repo/Page_Update Employer Information/Current Business Entity' is: 'Partnership'

2018-12-10 16:17:31 - [TEST_STEP][PASSED] - Statement - out.println(CurrentBusinessEntity): null

2018-12-10 16:17:31 - [TEST_STEP][PASSED] - Statement - If (CurrentBusinessEntity == "Corporation"): null

2018-12-10 16:17:31 - [TEST_STEP][PASSED] - Statement - Else If (CurrentBusinessEntity == "Partnership"): Delayed 3 second(s)

2018-12-10 16:17:31 - [TEST_STEP][PASSED] - Statement - obj = com.kms.katalon.core.webui.keyword.WebUiBuiltInKeywords.modifyObjectProperty(com.kms.katalon.core.testobject.ObjectRepository.findTestObject(Final Object Repo/Page_Update Employer Information/change to this Business Entity), "xpath", "equals", "//ul/li/span[contains(text(),"Sole Proprietor / Individual Business")]", true, STOP_ON_FAILURE): Modify property of object successfully

2018-12-10 16:17:31 - [MESSAGE][PASSED] - Modify property of object successfully

2018-12-10 16:17:31 - [TEST_STEP][PASSED] - click: Object: 'Object Repository/Final Object Repo/Page_Update Employer Information/change to this Business Entity' is clicked on

2018-12-10 16:17:31 - [MESSAGE][PASSED] - Object: 'Object Repository/Final Object Repo/Page_Update Employer Information/change to this Business Entity' is clicked on

2018-12-10 16:17:31 - [TEST_STEP][PASSED] - delay: Delayed 1 second(s)

2018-12-10 16:17:32 - [MESSAGE][PASSED] - Delayed 1 second(s)

2018-12-10 16:17:32 - [TEST_STEP][PASSED] - click: Object: 'Object Repository/Final Object Repo/Page_Update Employer Information/Sub Business Entity' is clicked on

2018-12-10 16:17:32 - [MESSAGE][PASSED] - Object: 'Object Repository/Final Object Repo/Page_Update Employer Information/Sub Business Entity' is clicked on

2018-12-10 16:17:32 - [TEST_STEP][PASSED] - click: Object: 'Object Repository/Final Object Repo/Page_Update Employer Information/Sub Business Entity - Sole Properietor - Registered with other Agencies' is clicked on

2018-12-10 16:17:33 - [MESSAGE][PASSED] - Object: 'Object Repository/Final Object Repo/Page_Update Employer Information/Sub Business Entity - Sole Properietor - Registered with other Agencies' is clicked on

2018-12-10 16:17:33 - [TEST_STEP][PASSED] - delay: Delayed 3 second(s)

2018-12-10 16:17:36 - [MESSAGE][PASSED] - Delayed 3 second(s)

2018-12-10 16:17:36 - [TEST_STEP][PASSED] - delay: Delayed 4 second(s)

2018-12-10 16:17:40 - [MESSAGE][PASSED] - Delayed 4 second(s)

2018-12-10 16:17:40 - [TEST_STEP][PASSED] - click: Object: 'Object Repository/Final Object Repo/Page_Update Employer Information/Save  Continue' is clicked on

2018-12-10 16:17:40 - [MESSAGE][PASSED] - Object: 'Object Repository/Final Object Repo/Page_Update Employer Information/Save  Continue' is clicked on

2018-12-10 16:17:40 - [TEST_STEP][PASSED] - delay: Delayed 4 second(s)

2018-12-10 16:17:44 - [MESSAGE][PASSED] - Delayed 4 second(s)

2018-12-10 16:17:44 - [TEST_STEP][PASSED] - click: Object: 'Object Repository/Final Object Repo/Page_Update Employer Information/Save  Continue (1)' is clicked on

2018-12-10 16:17:44 - [MESSAGE][PASSED] - Object: 'Object Repository/Final Object Repo/Page_Update Employer Information/Save  Continue (1)' is clicked on

2018-12-10 16:17:44 - [TEST_STEP][PASSED] - delay: Delayed 4 second(s)

2018-12-10 16:17:48 - [MESSAGE][PASSED] - Delayed 4 second(s)

2018-12-10 16:17:48 - [TEST_STEP][PASSED] - Statement - CaseReferenceNo = com.kms.katalon.core.webui.keyword.WebUiBuiltInKeywords.getText(com.kms.katalon.core.testobject.ObjectRepository.findTestObject(Final Object Repo/Page_Update Employer Information/Reference Number in Update Employee Information Page)): Text of object 'Object Repository/Final Object Repo/Page_Update Employer Information/Reference Number in Update Employee Information Page' is: 'CUN122018C100005960'

2018-12-10 16:17:48 - [MESSAGE][PASSED] - Text of object 'Object Repository/Final Object Repo/Page_Update Employer Information/Reference Number in Update Employee Information Page' is: 'CUN122018C100005960'

2018-12-10 16:17:48 - [TEST_STEP][PASSED] - callTestCase: Call Test Case 'Test Cases/Final Aug 2018 - PKS Automation/Common/Reference Number Setter' successfully

2018-12-10 16:17:48 - [TEST_CASE][PASSED] - Test Cases/Final Aug 2018 - PKS Automation/Common/Reference Number Setter: Test Cases/Final Aug 2018 - PKS Automation/Common/Reference Number Setter

2018-12-10 16:17:48 - [TEST_STEP][PASSED] - Statement - RefNoOldFile = new java.io.File(C://Users//Admin//Desktop//PKS//Automation Reference Point//KatalonReference.txt): null

2018-12-10 16:17:48 - [TEST_STEP][PASSED] - Statement - RefNoOldFile.delete(): null

2018-12-10 16:17:48 - [TEST_STEP][PASSED] - delay: Delayed 5 second(s)

2018-12-10 16:17:53 - [MESSAGE][PASSED] - Delayed 5 second(s)

2018-12-10 16:17:53 - [TEST_STEP][PASSED] - Statement - RefNo = new java.io.File(C://Users//Admin//Desktop//PKS//Automation Reference Point//KatalonReference.txt): null

2018-12-10 16:17:53 - [TEST_STEP][PASSED] - Statement - f2 = new java.io.FileWriter(RefNo, false): null

2018-12-10 16:17:53 - [TEST_STEP][PASSED] - Statement - f2.write(CaseReferenceNo): null

2018-12-10 16:17:53 - [TEST_STEP][PASSED] - Statement - f2.close(): null

2018-12-10 16:17:53 - [TEST_STEP][PASSED] - Statement - out.println("


" + CaseReferenceNo + "


"): null

2018-12-10 16:17:53 - [MESSAGE][PASSED] - Call Test Case 'Test Cases/Final Aug 2018 - PKS Automation/Common/Reference Number Setter' successfully

2018-12-10 16:17:53 - [TEST_STEP][PASSED] - delay: Delayed 4 second(s)

2018-12-10 16:17:57 - [MESSAGE][PASSED] - Delayed 4 second(s)

2018-12-10 16:17:57 - [TEST_STEP][PASSED] - click: Object: 'Object Repository/Final Object Repo/Page_Update Employer Information/Submit - Copy' is clicked on

2018-12-10 16:17:57 - [MESSAGE][PASSED] - Object: 'Object Repository/Final Object Repo/Page_Update Employer Information/Submit - Copy' is clicked on

2018-12-10 16:17:57 - [TEST_STEP][PASSED] - delay: Delayed 2 second(s)

2018-12-10 16:17:59 - [MESSAGE][PASSED] - Delayed 2 second(s)

2018-12-10 16:17:59 - [TEST_STEP][PASSED] - click: Object: 'Object Repository/Final Object Repo/Page_Update Employer Information/Confirm' is clicked on

2018-12-10 16:18:00 - [MESSAGE][PASSED] - Object: 'Object Repository/Final Object Repo/Page_Update Employer Information/Confirm' is clicked on

2018-12-10 16:18:00 - [TEST_STEP][PASSED] - delay: Delayed 2 second(s)

2018-12-10 16:18:02 - [MESSAGE][PASSED] - Delayed 2 second(s)

2018-12-10 16:18:02 - [TEST_STEP][PASSED] - click: Object: 'Object Repository/Final Object Repo/Page_Update Employer Information/Message Your Request will be route' is clicked on

2018-12-10 16:18:04 - [MESSAGE][PASSED] - Object: 'Object Repository/Final Object Repo/Page_Update Employer Information/Message Your Request will be route' is clicked on

2018-12-10 16:18:04 - [MESSAGE][PASSED] - Call Test Case 'Test Cases/Final Aug 2018 - PKS Automation/Registration Module/Workflow/Update Employer Information/Template/Update Employer Information - Special Case (PKRBO)' successfully

2018-12-10 16:18:04 - [TEST_STEP][PASSED] - callTestCase: Call Test Case 'Test Cases/Final Aug 2018 - PKS Automation/Registration Module/Workflow/Update Employer Information/Template/Update Employer Information - Special Case - UO (Approve)' successfully

2018-12-10 16:18:04 - [TEST_CASE][PASSED] - Test Cases/Final Aug 2018 - PKS Automation/Registration Module/Workflow/Update Employer Information/Template/Update Employer Information - Special Case - UO (Approve): Test Cases/Final Aug 2018 - PKS Automation/Registration Module/Workflow/Update Employer Information/Template/Update Employer Information - Special Case - UO (Approve)

2018-12-10 16:18:04 - [TEST_STEP][NOT_RUN] - callTestCase: NOT_RUN: callTestCase

2018-12-10 16:18:04 - [MESSAGE][NOT_RUN] - NOT_RUN: callTestCase

2018-12-10 16:18:04 - [TEST_STEP][NOT_RUN] - delay: NOT_RUN: delay

2018-12-10 16:18:04 - [MESSAGE][NOT_RUN] - NOT_RUN: delay

2018-12-10 16:18:04 - [TEST_STEP][NOT_RUN] - navigateToUrl: NOT_RUN: navigateToUrl

2018-12-10 16:18:04 - [MESSAGE][NOT_RUN] - NOT_RUN: navigateToUrl

2018-12-10 16:18:04 - [TEST_STEP][PASSED] - delay: Delayed 1 second(s)

2018-12-10 16:18:05 - [MESSAGE][PASSED] - Delayed 1 second(s)

2018-12-10 16:18:05 - [TEST_STEP][PASSED] - callTestCase: Call Test Case 'Test Cases/Final Aug 2018 - PKS Automation/Common/Reference Number Getter' successfully

2018-12-10 16:18:05 - [TEST_CASE][PASSED] - Test Cases/Final Aug 2018 - PKS Automation/Common/Reference Number Getter: Test Cases/Final Aug 2018 - PKS Automation/Common/Reference Number Getter

2018-12-10 16:18:05 - [TEST_STEP][PASSED] - Statement - Try: null

2018-12-10 16:18:05 - [TEST_STEP][PASSED] - Statement - RefNo = new java.io.File(C://Users//Admin//Desktop//PKS//Automation Reference Point//KatalonReference.txt): null

2018-12-10 16:18:05 - [TEST_STEP][PASSED] - Statement - bufferread = new java.io.BufferedReader(new java.io.FileReader(RefNo)): null

2018-12-10 16:18:05 - [TEST_STEP][PASSED] - Statement - readedVal = bufferread.readLine(): null

2018-12-10 16:18:05 - [TEST_STEP][PASSED] - Statement - out.println(CaseReferenceNo): null

2018-12-10 16:18:05 - [TEST_STEP][PASSED] - Statement - out.println(readedVal): null

2018-12-10 16:18:05 - [TEST_STEP][PASSED] - Statement - CaseReferenceNo = "": null

2018-12-10 16:18:05 - [TEST_STEP][PASSED] - Statement - CaseReferenceNo = readedVal: null

2018-12-10 16:18:05 - [MESSAGE][PASSED] - Call Test Case 'Test Cases/Final Aug 2018 - PKS Automation/Common/Reference Number Getter' successfully

2018-12-10 16:18:05 - [TEST_STEP][PASSED] - callTestCase: Call Test Case 'Test Cases/Final Aug 2018 - PKS Automation/Common/Workflow Owner Finder' successfully

2018-12-10 16:18:05 - [TEST_CASE][PASSED] - Test Cases/Final Aug 2018 - PKS Automation/Common/Workflow Owner Finder: Test Cases/Final Aug 2018 - PKS Automation/Common/Workflow Owner Finder

2018-12-10 16:18:05 - [TEST_STEP][PASSED] - openBrowser: Browser is opened with url: ''

2018-12-10 16:18:05 - [MESSAGE][WARNING] - A browser is already opened. Closing browser and opening a new one

2018-12-10 16:18:08 - [MESSAGE][PASSED] - Browser is opened with url: ''

2018-12-10 16:18:08 - [TEST_STEP][PASSED] - navigateToUrl: Navigate to 'https://assist2-uat.perkeso.gov.my/login' successfully

2018-12-10 16:18:09 - [MESSAGE][PASSED] - Navigate to 'https://assist2-uat.perkeso.gov.my/login' successfully

2018-12-10 16:18:09 - [TEST_STEP][PASSED] - delay: Delayed 5 second(s)

2018-12-10 16:18:14 - [MESSAGE][PASSED] - Delayed 5 second(s)

2018-12-10 16:18:14 - [TEST_STEP][PASSED] - setText: Text 'test@liferay.com' is set on object 'Object Repository/Final Object Repo/Login Page/Internal User/Email Address'

2018-12-10 16:18:14 - [MESSAGE][PASSED] - Text 'test@liferay.com' is set on object 'Object Repository/Final Object Repo/Login Page/Internal User/Email Address'

2018-12-10 16:18:14 - [TEST_STEP][PASSED] - click: Object: 'Object Repository/Final Object Repo/Login Page/Internal User/Next Button' is clicked on

2018-12-10 16:18:14 - [MESSAGE][PASSED] - Object: 'Object Repository/Final Object Repo/Login Page/Internal User/Next Button' is clicked on

2018-12-10 16:18:14 - [TEST_STEP][PASSED] - delay: Delayed 2 second(s)

2018-12-10 16:18:16 - [MESSAGE][PASSED] - Delayed 2 second(s)

2018-12-10 16:18:16 - [TEST_STEP][PASSED] - setText: Text 'test' is set on object 'Object Repository/Final Object Repo/Login Page/Internal User/Password'

2018-12-10 16:18:17 - [MESSAGE][PASSED] - Text 'test' is set on object 'Object Repository/Final Object Repo/Login Page/Internal User/Password'

2018-12-10 16:18:17 - [TEST_STEP][PASSED] - delay: Delayed 2 second(s)

2018-12-10 16:18:19 - [MESSAGE][PASSED] - Delayed 2 second(s)

2018-12-10 16:18:19 - [TEST_STEP][PASSED] - click: Object: 'Object Repository/Final Object Repo/Login Page/Internal User/Login Button' is clicked on

2018-12-10 16:18:19 - [MESSAGE][PASSED] - Object: 'Object Repository/Final Object Repo/Login Page/Internal User/Login Button' is clicked on

2018-12-10 16:18:19 - [TEST_STEP][PASSED] - Statement - tester = com.kms.katalon.core.testobject.ObjectRepository.findTestObject(Final Object Repo/Landing Page/Select to English): Finding Test Object with id 'Object Repository/Final Object Repo/Landing Page/Select to English'

2018-12-10 16:18:19 - [TEST_STEP][PASSED] - Statement - Try: Delayed 2 second(s)

2018-12-10 16:18:19 - [TEST_STEP][PASSED] - Statement - Checker = com.kms.katalon.core.webui.keyword.WebUiBuiltInKeywords.verifyElementNotPresent(tester, 3): Web element with id: 'Object Repository/Final Object Repo/Landing Page/Select to English' located by 'By.xpath: //a[@class = 'taglib-language-list-text' and @lang = 'en-US' and (contains(text(), 'EN') or contains(., 'EN'))]' is not present after '3' second(s)

2018-12-10 16:18:21 - [MESSAGE][PASSED] - Web element with id: 'Object Repository/Final Object Repo/Landing Page/Select to English' located by 'By.xpath: //a[@class = 'taglib-language-list-text' and @lang = 'en-US' and (contains(text(), 'EN') or contains(., 'EN'))]' is not present after '3' second(s)

2018-12-10 16:18:21 - [TEST_STEP][PASSED] - Statement - If (Checker == false): null

2018-12-10 16:18:21 - [TEST_STEP][PASSED] - delay: Delayed 2 second(s)

2018-12-10 16:18:23 - [MESSAGE][PASSED] - Delayed 2 second(s)

2018-12-10 16:18:23 - [TEST_STEP][PASSED] - delay: Delayed 5 second(s)

2018-12-10 16:18:28 - [MESSAGE][PASSED] - Delayed 5 second(s)

2018-12-10 16:18:28 - [TEST_STEP][PASSED] - mouseOver: Object: 'Object Repository/Final Object Repo/Landing Page/WorkFlow Menu' is hovered

2018-12-10 16:18:28 - [MESSAGE][PASSED] - Object: 'Object Repository/Final Object Repo/Landing Page/WorkFlow Menu' is hovered

2018-12-10 16:18:28 - [TEST_STEP][PASSED] - delay: Delayed 2 second(s)

2018-12-10 16:18:30 - [MESSAGE][PASSED] - Delayed 2 second(s)

2018-12-10 16:18:30 - [TEST_STEP][PASSED] - click: Object: 'Object Repository/Final Object Repo/Landing Page/Select to Workflow Listing' is clicked on

2018-12-10 16:18:31 - [MESSAGE][PASSED] - Object: 'Object Repository/Final Object Repo/Landing Page/Select to Workflow Listing' is clicked on

2018-12-10 16:18:31 - [TEST_STEP][PASSED] - delay: Delayed 2 second(s)

2018-12-10 16:18:33 - [MESSAGE][PASSED] - Delayed 2 second(s)

2018-12-10 16:18:33 - [TEST_STEP][PASSED] - click: Object: 'Object Repository/Final Object Repo/WorkFlow Listing Page/Search Information - To Put Ref No' is clicked on

2018-12-10 16:18:33 - [MESSAGE][PASSED] - Object: 'Object Repository/Final Object Repo/WorkFlow Listing Page/Search Information - To Put Ref No' is clicked on

2018-12-10 16:18:33 - [TEST_STEP][PASSED] - delay: Delayed 2 second(s)

2018-12-10 16:18:35 - [MESSAGE][PASSED] - Delayed 2 second(s)

2018-12-10 16:18:35 - [TEST_STEP][PASSED] - callTestCase: Call Test Case 'Test Cases/Final Aug 2018 - PKS Automation/Common/Reference Number Getter' successfully

2018-12-10 16:18:35 - [TEST_CASE][PASSED] - Test Cases/Final Aug 2018 - PKS Automation/Common/Reference Number Getter: Test Cases/Final Aug 2018 - PKS Automation/Common/Reference Number Getter

2018-12-10 16:18:35 - [TEST_STEP][PASSED] - Statement - Try: null

2018-12-10 16:18:35 - [TEST_STEP][PASSED] - Statement - RefNo = new java.io.File(C://Users//Admin//Desktop//PKS//Automation Reference Point//KatalonReference.txt): null

2018-12-10 16:18:35 - [TEST_STEP][PASSED] - Statement - bufferread = new java.io.BufferedReader(new java.io.FileReader(RefNo)): null

2018-12-10 16:18:35 - [TEST_STEP][PASSED] - Statement - readedVal = bufferread.readLine(): null

2018-12-10 16:18:35 - [TEST_STEP][PASSED] - Statement - out.println(CaseReferenceNo): null

2018-12-10 16:18:35 - [TEST_STEP][PASSED] - Statement - out.println(readedVal): null

2018-12-10 16:18:35 - [TEST_STEP][PASSED] - Statement - CaseReferenceNo = "": null

2018-12-10 16:18:35 - [TEST_STEP][PASSED] - Statement - CaseReferenceNo = readedVal: null

2018-12-10 16:18:35 - [MESSAGE][PASSED] - Call Test Case 'Test Cases/Final Aug 2018 - PKS Automation/Common/Reference Number Getter' successfully

2018-12-10 16:18:35 - [TEST_STEP][PASSED] - setText: Text 'CUN122018C100005960' is set on object 'Object Repository/Final Object Repo/WorkFlow Listing Page/Ref No Set Text'

2018-12-10 16:18:36 - [MESSAGE][PASSED] - Text 'CUN122018C100005960' is set on object 'Object Repository/Final Object Repo/WorkFlow Listing Page/Ref No Set Text'

2018-12-10 16:18:36 - [TEST_STEP][PASSED] - delay: Delayed 2 second(s)

2018-12-10 16:18:38 - [MESSAGE][PASSED] - Delayed 2 second(s)

2018-12-10 16:18:38 - [TEST_STEP][PASSED] - click: Object: 'Object Repository/Final Object Repo/WorkFlow Listing Page/Search Ref No Search Button' is clicked on

2018-12-10 16:18:38 - [MESSAGE][PASSED] - Object: 'Object Repository/Final Object Repo/WorkFlow Listing Page/Search Ref No Search Button' is clicked on

2018-12-10 16:18:38 - [TEST_STEP][PASSED] - delay: Delayed 6 second(s)

2018-12-10 16:18:44 - [MESSAGE][PASSED] - Delayed 6 second(s)

2018-12-10 16:18:44 - [TEST_STEP][PASSED] - click: Object: 'Object Repository/Final Object Repo/WorkFlow Listing Page/Click Continue Tooltip' is clicked on

2018-12-10 16:18:45 - [MESSAGE][PASSED] - Object: 'Object Repository/Final Object Repo/WorkFlow Listing Page/Click Continue Tooltip' is clicked on

2018-12-10 16:18:45 - [TEST_STEP][PASSED] - delay: Delayed 5 second(s)

2018-12-10 16:18:50 - [MESSAGE][PASSED] - Delayed 5 second(s)

2018-12-10 16:18:50 - [TEST_STEP][PASSED] - doubleClick: Object: 'Object Repository/Final Object Repo/WorkFlow Listing Page/Workflow Found - Listing 1' is double clicked on

2018-12-10 16:18:50 - [MESSAGE][PASSED] - Object: 'Object Repository/Final Object Repo/WorkFlow Listing Page/Workflow Found - Listing 1' is double clicked on

2018-12-10 16:18:50 - [TEST_STEP][PASSED] - Statement - println(OwnerID): null

2018-12-10 16:18:50 - [TEST_STEP][PASSED] - Statement - OwnerID = com.kms.katalon.core.webui.keyword.WebUiBuiltInKeywords.getText(com.kms.katalon.core.testobject.ObjectRepository.findTestObject(Final Object Repo/WorkFlow Listing Page/Workflow Found - Listing 1), STOP_ON_FAILURE): Text of object 'Object Repository/Final Object Repo/WorkFlow Listing Page/Workflow Found - Listing 1' is: 'JOHORuo2'

2018-12-10 16:18:50 - [MESSAGE][PASSED] - Text of object 'Object Repository/Final Object Repo/WorkFlow Listing Page/Workflow Found - Listing 1' is: 'JOHORuo2'

2018-12-10 16:18:50 - [TEST_STEP][PASSED] - Statement - OwnerID = OwnerID.toLowerCase() + "@gmail.com": null

2018-12-10 16:18:50 - [TEST_STEP][PASSED] - Statement - println(OwnerID): null

2018-12-10 16:18:50 - [TEST_STEP][PASSED] - delay: Delayed 2 second(s)

2018-12-10 16:18:52 - [MESSAGE][PASSED] - Delayed 2 second(s)

2018-12-10 16:18:52 - [MESSAGE][PASSED] - Call Test Case 'Test Cases/Final Aug 2018 - PKS Automation/Common/Workflow Owner Finder' successfully

2018-12-10 16:18:52 - [TEST_STEP][PASSED] - delay: Delayed 1 second(s)

2018-12-10 16:18:53 - [MESSAGE][PASSED] - Delayed 1 second(s)

2018-12-10 16:18:53 - [TEST_STEP][PASSED] - navigateToUrl: Navigate to 'https://assist2-uat.perkeso.gov.my/c/portal/logout' successfully

2018-12-10 16:18:54 - [MESSAGE][PASSED] - Navigate to 'https://assist2-uat.perkeso.gov.my/c/portal/logout' successfully

2018-12-10 16:18:54 - [TEST_STEP][PASSED] - callTestCase: Call Test Case 'Test Cases/Final Aug 2018 - PKS Automation/Registration Module/Workflow/Login and Search Case For Workflow' successfully

2018-12-10 16:18:54 - [TEST_CASE][PASSED] - Test Cases/Final Aug 2018 - PKS Automation/Registration Module/Workflow/Login and Search Case For Workflow: Test Cases/Final Aug 2018 - PKS Automation/Registration Module/Workflow/Login and Search Case For Workflow

2018-12-10 16:18:54 - [TEST_STEP][PASSED] - navigateToUrl: Navigate to 'https://assist2-uat.perkeso.gov.my/login' successfully

2018-12-10 16:18:55 - [MESSAGE][PASSED] - Navigate to 'https://assist2-uat.perkeso.gov.my/login' successfully

2018-12-10 16:18:55 - [TEST_STEP][PASSED] - setText: Text 'johoruo2@gmail.com' is set on object 'Object Repository/Final Object Repo/Login Page/Internal User/Email Address'

2018-12-10 16:18:55 - [MESSAGE][PASSED] - Text 'johoruo2@gmail.com' is set on object 'Object Repository/Final Object Repo/Login Page/Internal User/Email Address'

2018-12-10 16:18:55 - [TEST_STEP][PASSED] - click: Object: 'Object Repository/Final Object Repo/Login Page/Internal User/Next Button' is clicked on

2018-12-10 16:18:55 - [MESSAGE][PASSED] - Object: 'Object Repository/Final Object Repo/Login Page/Internal User/Next Button' is clicked on

2018-12-10 16:18:55 - [TEST_STEP][PASSED] - delay: Delayed 1 second(s)

2018-12-10 16:18:56 - [MESSAGE][PASSED] - Delayed 1 second(s)

2018-12-10 16:18:56 - [TEST_STEP][PASSED] - setEncryptedText: Text ****** has been set on object 'Object Repository/Final Object Repo/Login Page/Internal User/Password'

2018-12-10 16:18:57 - [MESSAGE][PASSED] - Text ****** has been set on object 'Object Repository/Final Object Repo/Login Page/Internal User/Password'

2018-12-10 16:18:57 - [TEST_STEP][PASSED] - click: Object: 'Object Repository/Final Object Repo/Login Page/Internal User/Login Button' is clicked on

2018-12-10 16:18:57 - [MESSAGE][PASSED] - Object: 'Object Repository/Final Object Repo/Login Page/Internal User/Login Button' is clicked on

2018-12-10 16:18:57 - [TEST_STEP][PASSED] - delay: Delayed 2 second(s)

2018-12-10 16:18:59 - [MESSAGE][PASSED] - Delayed 2 second(s)

2018-12-10 16:18:59 - [TEST_STEP][PASSED] - Statement - Try: Delayed 2 second(s)

2018-12-10 16:18:59 - [TEST_STEP][PASSED] - Statement - Checker = false: null

2018-12-10 16:18:59 - [TEST_STEP][PASSED] - Statement - Checker = com.kms.katalon.core.webui.keyword.WebUiBuiltInKeywords.verifyElementHasAttribute(com.kms.katalon.core.testobject.ObjectRepository.findTestObject(Final Object Repo/Landing Page/BM Detecting), "href", 20, OPTIONAL): Object 'Object Repository/Final Object Repo/Landing Page/BM Detecting' has attribute 'href'

2018-12-10 16:18:59 - [MESSAGE][PASSED] - Object 'Object Repository/Final Object Repo/Landing Page/BM Detecting' has attribute 'href'

2018-12-10 16:18:59 - [TEST_STEP][PASSED] - Statement - out.println(Checker): null

2018-12-10 16:18:59 - [TEST_STEP][PASSED] - Statement - If (Checker == false): null

2018-12-10 16:18:59 - [TEST_STEP][PASSED] - Statement - Else: null

2018-12-10 16:18:59 - [TEST_STEP][PASSED] - delay: Delayed 2 second(s)

2018-12-10 16:19:01 - [MESSAGE][PASSED] - Delayed 2 second(s)

2018-12-10 16:19:01 - [TEST_STEP][PASSED] - click: Object: 'Object Repository/Final Object Repo/Page_MyASSIST - ASSIST - Search Pending Case For Add Supporting Document/Search Information' is clicked on

2018-12-10 16:19:01 - [MESSAGE][PASSED] - Object: 'Object Repository/Final Object Repo/Page_MyASSIST - ASSIST - Search Pending Case For Add Supporting Document/Search Information' is clicked on

2018-12-10 16:19:01 - [TEST_STEP][PASSED] - delay: Delayed 3 second(s)

2018-12-10 16:19:04 - [MESSAGE][PASSED] - Delayed 3 second(s)

2018-12-10 16:19:04 - [TEST_STEP][PASSED] - sendKeys: Keys 'CUN122018C100005960' sent to object: 'Object Repository/Final Object Repo/Page_MyASSIST - ASSIST - Search Pending Case For Add Supporting Document/Reference No'

2018-12-10 16:19:04 - [MESSAGE][PASSED] - Keys 'CUN122018C100005960' sent to object: 'Object Repository/Final Object Repo/Page_MyASSIST - ASSIST - Search Pending Case For Add Supporting Document/Reference No'

2018-12-10 16:19:04 - [TEST_STEP][PASSED] - click: Object: 'Object Repository/Final Object Repo/Page_MyASSIST - ASSIST - Search Pending Case For Add Supporting Document/Search Reference No' is clicked on

2018-12-10 16:19:05 - [MESSAGE][PASSED] - Object: 'Object Repository/Final Object Repo/Page_MyASSIST - ASSIST - Search Pending Case For Add Supporting Document/Search Reference No' is clicked on

2018-12-10 16:19:05 - [TEST_STEP][PASSED] - delay: Delayed 2 second(s)

2018-12-10 16:19:07 - [MESSAGE][PASSED] - Delayed 2 second(s)

2018-12-10 16:19:07 - [TEST_STEP][PASSED] - click: Object: 'Object Repository/Final Object Repo/Page_MyASSIST - ASSIST - Search Pending Case For Add Supporting Document/Continue' is clicked on

2018-12-10 16:19:10 - [MESSAGE][PASSED] - Object: 'Object Repository/Final Object Repo/Page_MyASSIST - ASSIST - Search Pending Case For Add Supporting Document/Continue' is clicked on

2018-12-10 16:19:10 - [TEST_STEP][PASSED] - delay: Delayed 20 second(s)

2018-12-10 16:19:30 - [MESSAGE][PASSED] - Delayed 20 second(s)

2018-12-10 16:19:30 - [MESSAGE][PASSED] - Call Test Case 'Test Cases/Final Aug 2018 - PKS Automation/Registration Module/Workflow/Login and Search Case For Workflow' successfully

2018-12-10 16:19:30 - [TEST_STEP][PASSED] - delay: Delayed 10 second(s)

2018-12-10 16:19:40 - [MESSAGE][PASSED] - Delayed 10 second(s)

2018-12-10 16:19:40 - [TEST_STEP][PASSED] - click: Object: 'Object Repository/Final Object Repo/Page_Update Employer Information/Page_Update Employer Information UO (Approve)/Continue' is clicked on

2018-12-10 16:19:44 - [MESSAGE][PASSED] - Object: 'Object Repository/Final Object Repo/Page_Update Employer Information/Page_Update Employer Information UO (Approve)/Continue' is clicked on

2018-12-10 16:19:44 - [TEST_STEP][PASSED] - delay: Delayed 10 second(s)

2018-12-10 16:19:54 - [MESSAGE][PASSED] - Delayed 10 second(s)

2018-12-10 16:19:54 - [TEST_STEP][PASSED] - click: Object: 'Object Repository/Final Object Repo/Page_Update Employer Information/Page_Update Employer Information UO (Approve)/Save  Continue in Update Employer Information Page' is clicked on

2018-12-10 16:19:54 - [MESSAGE][PASSED] - Object: 'Object Repository/Final Object Repo/Page_Update Employer Information/Page_Update Employer Information UO (Approve)/Save  Continue in Update Employer Information Page' is clicked on

2018-12-10 16:19:54 - [TEST_STEP][PASSED] - delay: Delayed 3 second(s)

2018-12-10 16:19:57 - [MESSAGE][PASSED] - Delayed 3 second(s)

2018-12-10 16:19:57 - [TEST_STEP][PASSED] - click: Object: 'Object Repository/Final Object Repo/Page_Update Employer Information/Page_Update Employer Information UO (Approve)/Save  Continue in Uploading Supporting Document Page' is clicked on

2018-12-10 16:19:59 - [MESSAGE][PASSED] - Object: 'Object Repository/Final Object Repo/Page_Update Employer Information/Page_Update Employer Information UO (Approve)/Save  Continue in Uploading Supporting Document Page' is clicked on

2018-12-10 16:19:59 - [TEST_STEP][PASSED] - delay: Delayed 3 second(s)

2018-12-10 16:20:02 - [MESSAGE][PASSED] - Delayed 3 second(s)

2018-12-10 16:20:02 - [TEST_STEP][PASSED] - click: Object: 'Object Repository/Final Object Repo/Page_Update Employer Information/Page_Update Employer Information UO (Approve)/Approve' is clicked on

2018-12-10 16:20:03 - [MESSAGE][PASSED] - Object: 'Object Repository/Final Object Repo/Page_Update Employer Information/Page_Update Employer Information UO (Approve)/Approve' is clicked on

2018-12-10 16:20:03 - [TEST_STEP][PASSED] - delay: Delayed 2 second(s)

2018-12-10 16:20:05 - [MESSAGE][PASSED] - Delayed 2 second(s)

2018-12-10 16:20:05 - [TEST_STEP][PASSED] - click: Object: 'Object Repository/Final Object Repo/Page_Update Employer Information/Page_Update Employer Information UO (Approve)/Confirm' is clicked on

2018-12-10 16:20:05 - [MESSAGE][PASSED] - Object: 'Object Repository/Final Object Repo/Page_Update Employer Information/Page_Update Employer Information UO (Approve)/Confirm' is clicked on

2018-12-10 16:20:05 - [TEST_STEP][PASSED] - delay: Delayed 2 second(s)

2018-12-10 16:20:07 - [MESSAGE][PASSED] - Delayed 2 second(s)

2018-12-10 16:20:07 - [TEST_STEP][PASSED] - verifyElementVisible: Object 'Object Repository/Final Object Repo/Page_Update Employer Information/Page_Update Employer Information UO (Approve)/Message Your Request' is visible

2018-12-10 16:20:14 - [MESSAGE][PASSED] - Object 'Object Repository/Final Object Repo/Page_Update Employer Information/Page_Update Employer Information UO (Approve)/Message Your Request' is visible

2018-12-10 16:20:14 - [TEST_STEP][PASSED] - verifyElementVisible: Object 'Object Repository/Final Object Repo/Page_Update Employer Information/Page_Update Employer Information UO (Approve)/Letter of successful update' is visible

2018-12-10 16:20:14 - [MESSAGE][PASSED] - Object 'Object Repository/Final Object Repo/Page_Update Employer Information/Page_Update Employer Information UO (Approve)/Letter of successful update' is visible

2018-12-10 16:20:14 - [MESSAGE][PASSED] - Call Test Case 'Test Cases/Final Aug 2018 - PKS Automation/Registration Module/Workflow/Update Employer Information/Template/Update Employer Information - Special Case - UO (Approve)' successfully]]></system-out>
         <system-err><![CDATA[]]></system-err>
      </testcase>
      <testcase name="Test Cases/Final Aug 2018 - PKS Automation/Registration Module/Workflow/Update Employer Information/PKRBO - UO (Query)" classname="Test Cases/Final Aug 2018 - PKS Automation/Registration Module/Workflow/Update Employer Information/PKRBO - UO (Query)" status="PASSED">
         <system-out><![CDATA[2018-12-10 16:20:14 - [TEST_CASE][PASSED] - Test Cases/Final Aug 2018 - PKS Automation/Registration Module/Workflow/Update Employer Information/PKRBO - UO (Query): Test Cases/Final Aug 2018 - PKS Automation/Registration Module/Workflow/Update Employer Information/PKRBO - UO (Query)

2018-12-10 16:20:15 - [TEST_STEP][PASSED] - callTestCase: Call Test Case 'Test Cases/Final Aug 2018 - PKS Automation/Registration Module/Workflow/Update Employer Information/Template/Update Employer Information - Special Case (PKRBO)' successfully

2018-12-10 16:20:15 - [TEST_CASE][PASSED] - Test Cases/Final Aug 2018 - PKS Automation/Registration Module/Workflow/Update Employer Information/Template/Update Employer Information - Special Case (PKRBO): Test Cases/Final Aug 2018 - PKS Automation/Registration Module/Workflow/Update Employer Information/Template/Update Employer Information - Special Case (PKRBO)

2018-12-10 16:20:15 - [TEST_STEP][PASSED] - openBrowser: Browser is opened with url: ''

2018-12-10 16:20:15 - [MESSAGE][WARNING] - A browser is already opened. Closing browser and opening a new one

2018-12-10 16:20:18 - [MESSAGE][PASSED] - Browser is opened with url: ''

2018-12-10 16:20:18 - [TEST_STEP][PASSED] - navigateToUrl: Navigate to 'https://assist2-uat.perkeso.gov.my/login' successfully

2018-12-10 16:20:19 - [MESSAGE][PASSED] - Navigate to 'https://assist2-uat.perkeso.gov.my/login' successfully

2018-12-10 16:20:19 - [TEST_STEP][PASSED] - setText: Text 'johorpkrbo1@gmail.com' is set on object 'Object Repository/Final Object Repo/Login Page/Internal User/Email Address'

2018-12-10 16:20:19 - [MESSAGE][PASSED] - Text 'johorpkrbo1@gmail.com' is set on object 'Object Repository/Final Object Repo/Login Page/Internal User/Email Address'

2018-12-10 16:20:19 - [TEST_STEP][PASSED] - click: Object: 'Object Repository/Final Object Repo/Login Page/Internal User/Next Button' is clicked on

2018-12-10 16:20:19 - [MESSAGE][PASSED] - Object: 'Object Repository/Final Object Repo/Login Page/Internal User/Next Button' is clicked on

2018-12-10 16:20:19 - [TEST_STEP][PASSED] - delay: Delayed 1 second(s)

2018-12-10 16:20:20 - [MESSAGE][PASSED] - Delayed 1 second(s)

2018-12-10 16:20:20 - [TEST_STEP][PASSED] - setEncryptedText: Text ****** has been set on object 'Object Repository/Final Object Repo/Login Page/Internal User/Password'

2018-12-10 16:20:21 - [MESSAGE][PASSED] - Text ****** has been set on object 'Object Repository/Final Object Repo/Login Page/Internal User/Password'

2018-12-10 16:20:21 - [TEST_STEP][PASSED] - click: Object: 'Object Repository/Final Object Repo/Login Page/Internal User/Login Button' is clicked on

2018-12-10 16:20:21 - [MESSAGE][PASSED] - Object: 'Object Repository/Final Object Repo/Login Page/Internal User/Login Button' is clicked on

2018-12-10 16:20:21 - [TEST_STEP][PASSED] - Statement - tester = com.kms.katalon.core.testobject.ObjectRepository.findTestObject(Final Object Repo/Landing Page/Select to English): Finding Test Object with id 'Object Repository/Final Object Repo/Landing Page/Select to English'

2018-12-10 16:20:21 - [TEST_STEP][PASSED] - Statement - Try: Delayed 2 second(s)

2018-12-10 16:20:21 - [TEST_STEP][PASSED] - Statement - Checker = com.kms.katalon.core.webui.keyword.WebUiBuiltInKeywords.verifyElementNotPresent(tester, 3): Web element with id: 'Object Repository/Final Object Repo/Landing Page/Select to English' located by 'By.xpath: //a[@class = 'taglib-language-list-text' and @lang = 'en-US' and (contains(text(), 'EN') or contains(., 'EN'))]' is not present after '3' second(s)

2018-12-10 16:20:23 - [MESSAGE][PASSED] - Web element with id: 'Object Repository/Final Object Repo/Landing Page/Select to English' located by 'By.xpath: //a[@class = 'taglib-language-list-text' and @lang = 'en-US' and (contains(text(), 'EN') or contains(., 'EN'))]' is not present after '3' second(s)

2018-12-10 16:20:23 - [TEST_STEP][PASSED] - Statement - If (Checker == false): null

2018-12-10 16:20:23 - [TEST_STEP][PASSED] - delay: Delayed 2 second(s)

2018-12-10 16:20:25 - [MESSAGE][PASSED] - Delayed 2 second(s)

2018-12-10 16:20:25 - [TEST_STEP][PASSED] - delay: Delayed 5 second(s)

2018-12-10 16:20:30 - [MESSAGE][PASSED] - Delayed 5 second(s)

2018-12-10 16:20:30 - [TEST_STEP][PASSED] - navigateToUrl: Navigate to 'https://assist2-uat.perkeso.gov.my/web/registration/update/update-employer-information' successfully

2018-12-10 16:20:31 - [MESSAGE][PASSED] - Navigate to 'https://assist2-uat.perkeso.gov.my/web/registration/update/update-employer-information' successfully

2018-12-10 16:20:31 - [TEST_STEP][PASSED] - setText: Text 'E1102001065V ' is set on object 'Object Repository/Final Object Repo/Page_Update Employer Information/Employer Code'

2018-12-10 16:20:31 - [MESSAGE][PASSED] - Text 'E1102001065V ' is set on object 'Object Repository/Final Object Repo/Page_Update Employer Information/Employer Code'

2018-12-10 16:20:31 - [TEST_STEP][PASSED] - click: Object: 'Object Repository/Final Object Repo/Page_Update Employer Information/Search Button' is clicked on

2018-12-10 16:20:31 - [MESSAGE][PASSED] - Object: 'Object Repository/Final Object Repo/Page_Update Employer Information/Search Button' is clicked on

2018-12-10 16:20:31 - [TEST_STEP][PASSED] - click: Object: 'Object Repository/Final Object Repo/Page_Update Employer Information/Edit Button' is clicked on

2018-12-10 16:20:35 - [MESSAGE][PASSED] - Object: 'Object Repository/Final Object Repo/Page_Update Employer Information/Edit Button' is clicked on

2018-12-10 16:20:35 - [TEST_STEP][PASSED] - click: Object: 'Object Repository/Final Object Repo/Page_Update Employer Information/Business Entity' is clicked on

2018-12-10 16:20:35 - [MESSAGE][PASSED] - Object: 'Object Repository/Final Object Repo/Page_Update Employer Information/Business Entity' is clicked on

2018-12-10 16:20:35 - [TEST_STEP][PASSED] - Statement - CurrentBusinessEntity = "": null

2018-12-10 16:20:35 - [TEST_STEP][PASSED] - Statement - CurrentBusinessEntity = com.kms.katalon.core.webui.keyword.WebUiBuiltInKeywords.getText(com.kms.katalon.core.testobject.ObjectRepository.findTestObject(Final Object Repo/Page_Update Employer Information/Current Business Entity)): Text of object 'Object Repository/Final Object Repo/Page_Update Employer Information/Current Business Entity' is: 'Sole Proprietor / Individual Business'

2018-12-10 16:20:35 - [MESSAGE][PASSED] - Text of object 'Object Repository/Final Object Repo/Page_Update Employer Information/Current Business Entity' is: 'Sole Proprietor / Individual Business'

2018-12-10 16:20:35 - [TEST_STEP][PASSED] - Statement - out.println(CurrentBusinessEntity): null

2018-12-10 16:20:35 - [TEST_STEP][PASSED] - Statement - If (CurrentBusinessEntity == "Corporation"): null

2018-12-10 16:20:35 - [TEST_STEP][PASSED] - Statement - Else If (CurrentBusinessEntity == "Partnership"): null

2018-12-10 16:20:35 - [TEST_STEP][PASSED] - Statement - Else If (CurrentBusinessEntity == "Sole Proprietor / Individual Business"): Delayed 3 second(s)

2018-12-10 16:20:35 - [TEST_STEP][PASSED] - Statement - obj = com.kms.katalon.core.webui.keyword.WebUiBuiltInKeywords.modifyObjectProperty(com.kms.katalon.core.testobject.ObjectRepository.findTestObject(Final Object Repo/Page_Update Employer Information/change to this Business Entity), "xpath", "equals", "//ul/li/span[contains(text(),"Others")]", true, STOP_ON_FAILURE): Modify property of object successfully

2018-12-10 16:20:35 - [MESSAGE][PASSED] - Modify property of object successfully

2018-12-10 16:20:35 - [TEST_STEP][PASSED] - click: Object: 'Object Repository/Final Object Repo/Page_Update Employer Information/change to this Business Entity' is clicked on

2018-12-10 16:20:35 - [MESSAGE][PASSED] - Object: 'Object Repository/Final Object Repo/Page_Update Employer Information/change to this Business Entity' is clicked on

2018-12-10 16:20:35 - [TEST_STEP][PASSED] - delay: Delayed 1 second(s)

2018-12-10 16:20:36 - [MESSAGE][PASSED] - Delayed 1 second(s)

2018-12-10 16:20:36 - [TEST_STEP][PASSED] - click: Object: 'Object Repository/Final Object Repo/Page_Update Employer Information/Sub Business Entity' is clicked on

2018-12-10 16:20:37 - [MESSAGE][PASSED] - Object: 'Object Repository/Final Object Repo/Page_Update Employer Information/Sub Business Entity' is clicked on

2018-12-10 16:20:37 - [TEST_STEP][PASSED] - click: Object: 'Object Repository/Final Object Repo/Page_Update Employer Information/Sub Business Entity List - Others - Federal Government Agency' is clicked on

2018-12-10 16:20:37 - [MESSAGE][PASSED] - Object: 'Object Repository/Final Object Repo/Page_Update Employer Information/Sub Business Entity List - Others - Federal Government Agency' is clicked on

2018-12-10 16:20:37 - [TEST_STEP][PASSED] - delay: Delayed 1 second(s)

2018-12-10 16:20:38 - [MESSAGE][PASSED] - Delayed 1 second(s)

2018-12-10 16:20:38 - [TEST_STEP][PASSED] - click: Object: 'Object Repository/Final Object Repo/Page_Update Employer Information/Sub Business Entity List' is clicked on

2018-12-10 16:20:38 - [MESSAGE][PASSED] - Object: 'Object Repository/Final Object Repo/Page_Update Employer Information/Sub Business Entity List' is clicked on

2018-12-10 16:20:38 - [TEST_STEP][PASSED] - click: Object: 'Object Repository/Final Object Repo/Page_Update Employer Information/Sub Business Entity - Others - Federal Government Agency - Kementerian' is clicked on

2018-12-10 16:20:38 - [MESSAGE][PASSED] - Object: 'Object Repository/Final Object Repo/Page_Update Employer Information/Sub Business Entity - Others - Federal Government Agency - Kementerian' is clicked on

2018-12-10 16:20:38 - [TEST_STEP][PASSED] - delay: Delayed 3 second(s)

2018-12-10 16:20:41 - [MESSAGE][PASSED] - Delayed 3 second(s)

2018-12-10 16:20:41 - [TEST_STEP][PASSED] - delay: Delayed 4 second(s)

2018-12-10 16:20:45 - [MESSAGE][PASSED] - Delayed 4 second(s)

2018-12-10 16:20:45 - [TEST_STEP][PASSED] - click: Object: 'Object Repository/Final Object Repo/Page_Update Employer Information/Save  Continue' is clicked on

2018-12-10 16:20:45 - [MESSAGE][PASSED] - Object: 'Object Repository/Final Object Repo/Page_Update Employer Information/Save  Continue' is clicked on

2018-12-10 16:20:45 - [TEST_STEP][PASSED] - delay: Delayed 4 second(s)

2018-12-10 16:20:49 - [MESSAGE][PASSED] - Delayed 4 second(s)

2018-12-10 16:20:49 - [TEST_STEP][PASSED] - click: Object: 'Object Repository/Final Object Repo/Page_Update Employer Information/Save  Continue (1)' is clicked on

2018-12-10 16:20:50 - [MESSAGE][PASSED] - Object: 'Object Repository/Final Object Repo/Page_Update Employer Information/Save  Continue (1)' is clicked on

2018-12-10 16:20:50 - [TEST_STEP][PASSED] - delay: Delayed 4 second(s)

2018-12-10 16:20:54 - [MESSAGE][PASSED] - Delayed 4 second(s)

2018-12-10 16:20:54 - [TEST_STEP][PASSED] - Statement - CaseReferenceNo = com.kms.katalon.core.webui.keyword.WebUiBuiltInKeywords.getText(com.kms.katalon.core.testobject.ObjectRepository.findTestObject(Final Object Repo/Page_Update Employer Information/Reference Number in Update Employee Information Page)): Text of object 'Object Repository/Final Object Repo/Page_Update Employer Information/Reference Number in Update Employee Information Page' is: 'CUN122018C100005961'

2018-12-10 16:20:54 - [MESSAGE][PASSED] - Text of object 'Object Repository/Final Object Repo/Page_Update Employer Information/Reference Number in Update Employee Information Page' is: 'CUN122018C100005961'

2018-12-10 16:20:54 - [TEST_STEP][PASSED] - callTestCase: Call Test Case 'Test Cases/Final Aug 2018 - PKS Automation/Common/Reference Number Setter' successfully

2018-12-10 16:20:54 - [TEST_CASE][PASSED] - Test Cases/Final Aug 2018 - PKS Automation/Common/Reference Number Setter: Test Cases/Final Aug 2018 - PKS Automation/Common/Reference Number Setter

2018-12-10 16:20:54 - [TEST_STEP][PASSED] - Statement - RefNoOldFile = new java.io.File(C://Users//Admin//Desktop//PKS//Automation Reference Point//KatalonReference.txt): null

2018-12-10 16:20:54 - [TEST_STEP][PASSED] - Statement - RefNoOldFile.delete(): null

2018-12-10 16:20:54 - [TEST_STEP][PASSED] - delay: Delayed 5 second(s)

2018-12-10 16:20:59 - [MESSAGE][PASSED] - Delayed 5 second(s)

2018-12-10 16:20:59 - [TEST_STEP][PASSED] - Statement - RefNo = new java.io.File(C://Users//Admin//Desktop//PKS//Automation Reference Point//KatalonReference.txt): null

2018-12-10 16:20:59 - [TEST_STEP][PASSED] - Statement - f2 = new java.io.FileWriter(RefNo, false): null

2018-12-10 16:20:59 - [TEST_STEP][PASSED] - Statement - f2.write(CaseReferenceNo): null

2018-12-10 16:20:59 - [TEST_STEP][PASSED] - Statement - f2.close(): null

2018-12-10 16:20:59 - [TEST_STEP][PASSED] - Statement - out.println("


" + CaseReferenceNo + "


"): null

2018-12-10 16:20:59 - [MESSAGE][PASSED] - Call Test Case 'Test Cases/Final Aug 2018 - PKS Automation/Common/Reference Number Setter' successfully

2018-12-10 16:20:59 - [TEST_STEP][PASSED] - delay: Delayed 4 second(s)

2018-12-10 16:21:03 - [MESSAGE][PASSED] - Delayed 4 second(s)

2018-12-10 16:21:03 - [TEST_STEP][PASSED] - click: Object: 'Object Repository/Final Object Repo/Page_Update Employer Information/Submit - Copy' is clicked on

2018-12-10 16:21:03 - [MESSAGE][PASSED] - Object: 'Object Repository/Final Object Repo/Page_Update Employer Information/Submit - Copy' is clicked on

2018-12-10 16:21:03 - [TEST_STEP][PASSED] - delay: Delayed 2 second(s)

2018-12-10 16:21:05 - [MESSAGE][PASSED] - Delayed 2 second(s)

2018-12-10 16:21:05 - [TEST_STEP][PASSED] - click: Object: 'Object Repository/Final Object Repo/Page_Update Employer Information/Confirm' is clicked on

2018-12-10 16:21:05 - [MESSAGE][PASSED] - Object: 'Object Repository/Final Object Repo/Page_Update Employer Information/Confirm' is clicked on

2018-12-10 16:21:05 - [TEST_STEP][PASSED] - delay: Delayed 2 second(s)

2018-12-10 16:21:07 - [MESSAGE][PASSED] - Delayed 2 second(s)

2018-12-10 16:21:07 - [TEST_STEP][PASSED] - click: Object: 'Object Repository/Final Object Repo/Page_Update Employer Information/Message Your Request will be route' is clicked on

2018-12-10 16:21:09 - [MESSAGE][PASSED] - Object: 'Object Repository/Final Object Repo/Page_Update Employer Information/Message Your Request will be route' is clicked on

2018-12-10 16:21:09 - [MESSAGE][PASSED] - Call Test Case 'Test Cases/Final Aug 2018 - PKS Automation/Registration Module/Workflow/Update Employer Information/Template/Update Employer Information - Special Case (PKRBO)' successfully

2018-12-10 16:21:09 - [TEST_STEP][PASSED] - callTestCase: Call Test Case 'Test Cases/Final Aug 2018 - PKS Automation/Registration Module/Workflow/Update Employer Information/Template/Update Employer Information - Special Case - UO (Query)' successfully

2018-12-10 16:21:09 - [TEST_CASE][PASSED] - Test Cases/Final Aug 2018 - PKS Automation/Registration Module/Workflow/Update Employer Information/Template/Update Employer Information - Special Case - UO (Query): Test Cases/Final Aug 2018 - PKS Automation/Registration Module/Workflow/Update Employer Information/Template/Update Employer Information - Special Case - UO (Query)

2018-12-10 16:21:09 - [TEST_STEP][NOT_RUN] - callTestCase: NOT_RUN: callTestCase

2018-12-10 16:21:09 - [MESSAGE][NOT_RUN] - NOT_RUN: callTestCase

2018-12-10 16:21:09 - [TEST_STEP][PASSED] - delay: Delayed 1 second(s)

2018-12-10 16:21:10 - [MESSAGE][PASSED] - Delayed 1 second(s)

2018-12-10 16:21:10 - [TEST_STEP][PASSED] - navigateToUrl: Navigate to 'https://assist2-uat.perkeso.gov.my/c/portal/logout' successfully

2018-12-10 16:21:11 - [MESSAGE][PASSED] - Navigate to 'https://assist2-uat.perkeso.gov.my/c/portal/logout' successfully

2018-12-10 16:21:11 - [TEST_STEP][PASSED] - delay: Delayed 1 second(s)

2018-12-10 16:21:12 - [MESSAGE][PASSED] - Delayed 1 second(s)

2018-12-10 16:21:12 - [TEST_STEP][PASSED] - callTestCase: Call Test Case 'Test Cases/Final Aug 2018 - PKS Automation/Common/Reference Number Getter' successfully

2018-12-10 16:21:12 - [TEST_CASE][PASSED] - Test Cases/Final Aug 2018 - PKS Automation/Common/Reference Number Getter: Test Cases/Final Aug 2018 - PKS Automation/Common/Reference Number Getter

2018-12-10 16:21:12 - [TEST_STEP][PASSED] - Statement - Try: null

2018-12-10 16:21:12 - [TEST_STEP][PASSED] - Statement - RefNo = new java.io.File(C://Users//Admin//Desktop//PKS//Automation Reference Point//KatalonReference.txt): null

2018-12-10 16:21:12 - [TEST_STEP][PASSED] - Statement - bufferread = new java.io.BufferedReader(new java.io.FileReader(RefNo)): null

2018-12-10 16:21:12 - [TEST_STEP][PASSED] - Statement - readedVal = bufferread.readLine(): null

2018-12-10 16:21:12 - [TEST_STEP][PASSED] - Statement - out.println(CaseReferenceNo): null

2018-12-10 16:21:12 - [TEST_STEP][PASSED] - Statement - out.println(readedVal): null

2018-12-10 16:21:12 - [TEST_STEP][PASSED] - Statement - CaseReferenceNo = "": null

2018-12-10 16:21:12 - [TEST_STEP][PASSED] - Statement - CaseReferenceNo = readedVal: null

2018-12-10 16:21:12 - [MESSAGE][PASSED] - Call Test Case 'Test Cases/Final Aug 2018 - PKS Automation/Common/Reference Number Getter' successfully

2018-12-10 16:21:12 - [TEST_STEP][PASSED] - callTestCase: Call Test Case 'Test Cases/Final Aug 2018 - PKS Automation/Common/Workflow Owner Finder' successfully

2018-12-10 16:21:12 - [TEST_CASE][PASSED] - Test Cases/Final Aug 2018 - PKS Automation/Common/Workflow Owner Finder: Test Cases/Final Aug 2018 - PKS Automation/Common/Workflow Owner Finder

2018-12-10 16:21:12 - [TEST_STEP][PASSED] - openBrowser: Browser is opened with url: ''

2018-12-10 16:21:12 - [MESSAGE][WARNING] - A browser is already opened. Closing browser and opening a new one

2018-12-10 16:21:15 - [MESSAGE][PASSED] - Browser is opened with url: ''

2018-12-10 16:21:15 - [TEST_STEP][PASSED] - navigateToUrl: Navigate to 'https://assist2-uat.perkeso.gov.my/login' successfully

2018-12-10 16:21:16 - [MESSAGE][PASSED] - Navigate to 'https://assist2-uat.perkeso.gov.my/login' successfully

2018-12-10 16:21:16 - [TEST_STEP][PASSED] - delay: Delayed 5 second(s)

2018-12-10 16:21:21 - [MESSAGE][PASSED] - Delayed 5 second(s)

2018-12-10 16:21:21 - [TEST_STEP][PASSED] - setText: Text 'test@liferay.com' is set on object 'Object Repository/Final Object Repo/Login Page/Internal User/Email Address'

2018-12-10 16:21:22 - [MESSAGE][PASSED] - Text 'test@liferay.com' is set on object 'Object Repository/Final Object Repo/Login Page/Internal User/Email Address'

2018-12-10 16:21:22 - [TEST_STEP][PASSED] - click: Object: 'Object Repository/Final Object Repo/Login Page/Internal User/Next Button' is clicked on

2018-12-10 16:21:22 - [MESSAGE][PASSED] - Object: 'Object Repository/Final Object Repo/Login Page/Internal User/Next Button' is clicked on

2018-12-10 16:21:22 - [TEST_STEP][PASSED] - delay: Delayed 2 second(s)

2018-12-10 16:21:24 - [MESSAGE][PASSED] - Delayed 2 second(s)

2018-12-10 16:21:24 - [TEST_STEP][PASSED] - setText: Text 'test' is set on object 'Object Repository/Final Object Repo/Login Page/Internal User/Password'

2018-12-10 16:21:24 - [MESSAGE][PASSED] - Text 'test' is set on object 'Object Repository/Final Object Repo/Login Page/Internal User/Password'

2018-12-10 16:21:24 - [TEST_STEP][PASSED] - delay: Delayed 2 second(s)

2018-12-10 16:21:26 - [MESSAGE][PASSED] - Delayed 2 second(s)

2018-12-10 16:21:26 - [TEST_STEP][PASSED] - click: Object: 'Object Repository/Final Object Repo/Login Page/Internal User/Login Button' is clicked on

2018-12-10 16:21:26 - [MESSAGE][PASSED] - Object: 'Object Repository/Final Object Repo/Login Page/Internal User/Login Button' is clicked on

2018-12-10 16:21:26 - [TEST_STEP][PASSED] - Statement - tester = com.kms.katalon.core.testobject.ObjectRepository.findTestObject(Final Object Repo/Landing Page/Select to English): Finding Test Object with id 'Object Repository/Final Object Repo/Landing Page/Select to English'

2018-12-10 16:21:26 - [TEST_STEP][PASSED] - Statement - Try: Delayed 2 second(s)

2018-12-10 16:21:26 - [TEST_STEP][PASSED] - Statement - Checker = com.kms.katalon.core.webui.keyword.WebUiBuiltInKeywords.verifyElementNotPresent(tester, 3): Web element with id: 'Object Repository/Final Object Repo/Landing Page/Select to English' located by 'By.xpath: //a[@class = 'taglib-language-list-text' and @lang = 'en-US' and (contains(text(), 'EN') or contains(., 'EN'))]' is not present after '3' second(s)

2018-12-10 16:21:29 - [MESSAGE][PASSED] - Web element with id: 'Object Repository/Final Object Repo/Landing Page/Select to English' located by 'By.xpath: //a[@class = 'taglib-language-list-text' and @lang = 'en-US' and (contains(text(), 'EN') or contains(., 'EN'))]' is not present after '3' second(s)

2018-12-10 16:21:29 - [TEST_STEP][PASSED] - Statement - If (Checker == false): null

2018-12-10 16:21:29 - [TEST_STEP][PASSED] - delay: Delayed 2 second(s)

2018-12-10 16:21:31 - [MESSAGE][PASSED] - Delayed 2 second(s)

2018-12-10 16:21:31 - [TEST_STEP][PASSED] - delay: Delayed 5 second(s)

2018-12-10 16:21:36 - [MESSAGE][PASSED] - Delayed 5 second(s)

2018-12-10 16:21:36 - [TEST_STEP][PASSED] - mouseOver: Object: 'Object Repository/Final Object Repo/Landing Page/WorkFlow Menu' is hovered

2018-12-10 16:21:36 - [MESSAGE][PASSED] - Object: 'Object Repository/Final Object Repo/Landing Page/WorkFlow Menu' is hovered

2018-12-10 16:21:36 - [TEST_STEP][PASSED] - delay: Delayed 2 second(s)

2018-12-10 16:21:38 - [MESSAGE][PASSED] - Delayed 2 second(s)

2018-12-10 16:21:38 - [TEST_STEP][PASSED] - click: Object: 'Object Repository/Final Object Repo/Landing Page/Select to Workflow Listing' is clicked on

2018-12-10 16:21:39 - [MESSAGE][PASSED] - Object: 'Object Repository/Final Object Repo/Landing Page/Select to Workflow Listing' is clicked on

2018-12-10 16:21:39 - [TEST_STEP][PASSED] - delay: Delayed 2 second(s)

2018-12-10 16:21:41 - [MESSAGE][PASSED] - Delayed 2 second(s)

2018-12-10 16:21:41 - [TEST_STEP][PASSED] - click: Object: 'Object Repository/Final Object Repo/WorkFlow Listing Page/Search Information - To Put Ref No' is clicked on

2018-12-10 16:21:41 - [MESSAGE][PASSED] - Object: 'Object Repository/Final Object Repo/WorkFlow Listing Page/Search Information - To Put Ref No' is clicked on

2018-12-10 16:21:41 - [TEST_STEP][PASSED] - delay: Delayed 2 second(s)

2018-12-10 16:21:43 - [MESSAGE][PASSED] - Delayed 2 second(s)

2018-12-10 16:21:43 - [TEST_STEP][PASSED] - callTestCase: Call Test Case 'Test Cases/Final Aug 2018 - PKS Automation/Common/Reference Number Getter' successfully

2018-12-10 16:21:43 - [TEST_CASE][PASSED] - Test Cases/Final Aug 2018 - PKS Automation/Common/Reference Number Getter: Test Cases/Final Aug 2018 - PKS Automation/Common/Reference Number Getter

2018-12-10 16:21:43 - [TEST_STEP][PASSED] - Statement - Try: null

2018-12-10 16:21:43 - [TEST_STEP][PASSED] - Statement - RefNo = new java.io.File(C://Users//Admin//Desktop//PKS//Automation Reference Point//KatalonReference.txt): null

2018-12-10 16:21:43 - [TEST_STEP][PASSED] - Statement - bufferread = new java.io.BufferedReader(new java.io.FileReader(RefNo)): null

2018-12-10 16:21:43 - [TEST_STEP][PASSED] - Statement - readedVal = bufferread.readLine(): null

2018-12-10 16:21:43 - [TEST_STEP][PASSED] - Statement - out.println(CaseReferenceNo): null

2018-12-10 16:21:43 - [TEST_STEP][PASSED] - Statement - out.println(readedVal): null

2018-12-10 16:21:43 - [TEST_STEP][PASSED] - Statement - CaseReferenceNo = "": null

2018-12-10 16:21:43 - [TEST_STEP][PASSED] - Statement - CaseReferenceNo = readedVal: null

2018-12-10 16:21:43 - [MESSAGE][PASSED] - Call Test Case 'Test Cases/Final Aug 2018 - PKS Automation/Common/Reference Number Getter' successfully

2018-12-10 16:21:43 - [TEST_STEP][PASSED] - setText: Text 'CUN122018C100005961' is set on object 'Object Repository/Final Object Repo/WorkFlow Listing Page/Ref No Set Text'

2018-12-10 16:21:44 - [MESSAGE][PASSED] - Text 'CUN122018C100005961' is set on object 'Object Repository/Final Object Repo/WorkFlow Listing Page/Ref No Set Text'

2018-12-10 16:21:44 - [TEST_STEP][PASSED] - delay: Delayed 2 second(s)

2018-12-10 16:21:46 - [MESSAGE][PASSED] - Delayed 2 second(s)

2018-12-10 16:21:46 - [TEST_STEP][PASSED] - click: Object: 'Object Repository/Final Object Repo/WorkFlow Listing Page/Search Ref No Search Button' is clicked on

2018-12-10 16:21:46 - [MESSAGE][PASSED] - Object: 'Object Repository/Final Object Repo/WorkFlow Listing Page/Search Ref No Search Button' is clicked on

2018-12-10 16:21:46 - [TEST_STEP][PASSED] - delay: Delayed 6 second(s)

2018-12-10 16:21:52 - [MESSAGE][PASSED] - Delayed 6 second(s)

2018-12-10 16:21:52 - [TEST_STEP][PASSED] - click: Object: 'Object Repository/Final Object Repo/WorkFlow Listing Page/Click Continue Tooltip' is clicked on

2018-12-10 16:21:53 - [MESSAGE][PASSED] - Object: 'Object Repository/Final Object Repo/WorkFlow Listing Page/Click Continue Tooltip' is clicked on

2018-12-10 16:21:53 - [TEST_STEP][PASSED] - delay: Delayed 5 second(s)

2018-12-10 16:21:58 - [MESSAGE][PASSED] - Delayed 5 second(s)

2018-12-10 16:21:58 - [TEST_STEP][PASSED] - doubleClick: Object: 'Object Repository/Final Object Repo/WorkFlow Listing Page/Workflow Found - Listing 1' is double clicked on

2018-12-10 16:21:58 - [MESSAGE][PASSED] - Object: 'Object Repository/Final Object Repo/WorkFlow Listing Page/Workflow Found - Listing 1' is double clicked on

2018-12-10 16:21:58 - [TEST_STEP][PASSED] - Statement - println(OwnerID): null

2018-12-10 16:21:58 - [TEST_STEP][PASSED] - Statement - OwnerID = com.kms.katalon.core.webui.keyword.WebUiBuiltInKeywords.getText(com.kms.katalon.core.testobject.ObjectRepository.findTestObject(Final Object Repo/WorkFlow Listing Page/Workflow Found - Listing 1), STOP_ON_FAILURE): Text of object 'Object Repository/Final Object Repo/WorkFlow Listing Page/Workflow Found - Listing 1' is: 'JOHORuo3'

2018-12-10 16:21:58 - [MESSAGE][PASSED] - Text of object 'Object Repository/Final Object Repo/WorkFlow Listing Page/Workflow Found - Listing 1' is: 'JOHORuo3'

2018-12-10 16:21:58 - [TEST_STEP][PASSED] - Statement - OwnerID = OwnerID.toLowerCase() + "@gmail.com": null

2018-12-10 16:21:58 - [TEST_STEP][PASSED] - Statement - println(OwnerID): null

2018-12-10 16:21:58 - [TEST_STEP][PASSED] - delay: Delayed 2 second(s)

2018-12-10 16:22:00 - [MESSAGE][PASSED] - Delayed 2 second(s)

2018-12-10 16:22:00 - [MESSAGE][PASSED] - Call Test Case 'Test Cases/Final Aug 2018 - PKS Automation/Common/Workflow Owner Finder' successfully

2018-12-10 16:22:00 - [TEST_STEP][PASSED] - delay: Delayed 1 second(s)

2018-12-10 16:22:01 - [MESSAGE][PASSED] - Delayed 1 second(s)

2018-12-10 16:22:01 - [TEST_STEP][PASSED] - navigateToUrl: Navigate to 'https://assist2-uat.perkeso.gov.my/c/portal/logout' successfully

2018-12-10 16:22:02 - [MESSAGE][PASSED] - Navigate to 'https://assist2-uat.perkeso.gov.my/c/portal/logout' successfully

2018-12-10 16:22:02 - [TEST_STEP][PASSED] - delay: Delayed 1 second(s)

2018-12-10 16:22:03 - [MESSAGE][PASSED] - Delayed 1 second(s)

2018-12-10 16:22:03 - [TEST_STEP][PASSED] - callTestCase: Call Test Case 'Test Cases/Final Aug 2018 - PKS Automation/Registration Module/Workflow/Login and Search Case For Workflow' successfully

2018-12-10 16:22:03 - [TEST_CASE][PASSED] - Test Cases/Final Aug 2018 - PKS Automation/Registration Module/Workflow/Login and Search Case For Workflow: Test Cases/Final Aug 2018 - PKS Automation/Registration Module/Workflow/Login and Search Case For Workflow

2018-12-10 16:22:03 - [TEST_STEP][PASSED] - navigateToUrl: Navigate to 'https://assist2-uat.perkeso.gov.my/login' successfully

2018-12-10 16:22:04 - [MESSAGE][PASSED] - Navigate to 'https://assist2-uat.perkeso.gov.my/login' successfully

2018-12-10 16:22:04 - [TEST_STEP][PASSED] - setText: Text 'johoruo3@gmail.com' is set on object 'Object Repository/Final Object Repo/Login Page/Internal User/Email Address'

2018-12-10 16:22:04 - [MESSAGE][PASSED] - Text 'johoruo3@gmail.com' is set on object 'Object Repository/Final Object Repo/Login Page/Internal User/Email Address'

2018-12-10 16:22:04 - [TEST_STEP][PASSED] - click: Object: 'Object Repository/Final Object Repo/Login Page/Internal User/Next Button' is clicked on

2018-12-10 16:22:04 - [MESSAGE][PASSED] - Object: 'Object Repository/Final Object Repo/Login Page/Internal User/Next Button' is clicked on

2018-12-10 16:22:04 - [TEST_STEP][PASSED] - delay: Delayed 1 second(s)

2018-12-10 16:22:05 - [MESSAGE][PASSED] - Delayed 1 second(s)

2018-12-10 16:22:05 - [TEST_STEP][PASSED] - setEncryptedText: Text ****** has been set on object 'Object Repository/Final Object Repo/Login Page/Internal User/Password'

2018-12-10 16:22:06 - [MESSAGE][PASSED] - Text ****** has been set on object 'Object Repository/Final Object Repo/Login Page/Internal User/Password'

2018-12-10 16:22:06 - [TEST_STEP][PASSED] - click: Object: 'Object Repository/Final Object Repo/Login Page/Internal User/Login Button' is clicked on

2018-12-10 16:22:06 - [MESSAGE][PASSED] - Object: 'Object Repository/Final Object Repo/Login Page/Internal User/Login Button' is clicked on

2018-12-10 16:22:06 - [TEST_STEP][PASSED] - delay: Delayed 2 second(s)

2018-12-10 16:22:08 - [MESSAGE][PASSED] - Delayed 2 second(s)

2018-12-10 16:22:08 - [TEST_STEP][PASSED] - Statement - Try: Delayed 2 second(s)

2018-12-10 16:22:08 - [TEST_STEP][PASSED] - Statement - Checker = false: null

2018-12-10 16:22:08 - [TEST_STEP][PASSED] - Statement - Checker = com.kms.katalon.core.webui.keyword.WebUiBuiltInKeywords.verifyElementHasAttribute(com.kms.katalon.core.testobject.ObjectRepository.findTestObject(Final Object Repo/Landing Page/BM Detecting), "href", 20, OPTIONAL): Object 'Object Repository/Final Object Repo/Landing Page/BM Detecting' has attribute 'href'

2018-12-10 16:22:08 - [MESSAGE][PASSED] - Object 'Object Repository/Final Object Repo/Landing Page/BM Detecting' has attribute 'href'

2018-12-10 16:22:08 - [TEST_STEP][PASSED] - Statement - out.println(Checker): null

2018-12-10 16:22:08 - [TEST_STEP][PASSED] - Statement - If (Checker == false): null

2018-12-10 16:22:08 - [TEST_STEP][PASSED] - Statement - Else: null

2018-12-10 16:22:08 - [TEST_STEP][PASSED] - delay: Delayed 2 second(s)

2018-12-10 16:22:10 - [MESSAGE][PASSED] - Delayed 2 second(s)

2018-12-10 16:22:10 - [TEST_STEP][PASSED] - click: Object: 'Object Repository/Final Object Repo/Page_MyASSIST - ASSIST - Search Pending Case For Add Supporting Document/Search Information' is clicked on

2018-12-10 16:22:10 - [MESSAGE][PASSED] - Object: 'Object Repository/Final Object Repo/Page_MyASSIST - ASSIST - Search Pending Case For Add Supporting Document/Search Information' is clicked on

2018-12-10 16:22:10 - [TEST_STEP][PASSED] - delay: Delayed 3 second(s)

2018-12-10 16:22:13 - [MESSAGE][PASSED] - Delayed 3 second(s)

2018-12-10 16:22:13 - [TEST_STEP][PASSED] - sendKeys: Keys 'CUN122018C100005961' sent to object: 'Object Repository/Final Object Repo/Page_MyASSIST - ASSIST - Search Pending Case For Add Supporting Document/Reference No'

2018-12-10 16:22:13 - [MESSAGE][PASSED] - Keys 'CUN122018C100005961' sent to object: 'Object Repository/Final Object Repo/Page_MyASSIST - ASSIST - Search Pending Case For Add Supporting Document/Reference No'

2018-12-10 16:22:13 - [TEST_STEP][PASSED] - click: Object: 'Object Repository/Final Object Repo/Page_MyASSIST - ASSIST - Search Pending Case For Add Supporting Document/Search Reference No' is clicked on

2018-12-10 16:22:13 - [MESSAGE][PASSED] - Object: 'Object Repository/Final Object Repo/Page_MyASSIST - ASSIST - Search Pending Case For Add Supporting Document/Search Reference No' is clicked on

2018-12-10 16:22:13 - [TEST_STEP][PASSED] - delay: Delayed 2 second(s)

2018-12-10 16:22:15 - [MESSAGE][PASSED] - Delayed 2 second(s)

2018-12-10 16:22:15 - [TEST_STEP][PASSED] - click: Object: 'Object Repository/Final Object Repo/Page_MyASSIST - ASSIST - Search Pending Case For Add Supporting Document/Continue' is clicked on

2018-12-10 16:22:19 - [MESSAGE][PASSED] - Object: 'Object Repository/Final Object Repo/Page_MyASSIST - ASSIST - Search Pending Case For Add Supporting Document/Continue' is clicked on

2018-12-10 16:22:19 - [TEST_STEP][PASSED] - delay: Delayed 20 second(s)

2018-12-10 16:22:39 - [MESSAGE][PASSED] - Delayed 20 second(s)

2018-12-10 16:22:39 - [MESSAGE][PASSED] - Call Test Case 'Test Cases/Final Aug 2018 - PKS Automation/Registration Module/Workflow/Login and Search Case For Workflow' successfully

2018-12-10 16:22:39 - [TEST_STEP][PASSED] - delay: Delayed 2 second(s)

2018-12-10 16:22:41 - [MESSAGE][PASSED] - Delayed 2 second(s)

2018-12-10 16:22:41 - [TEST_STEP][PASSED] - click: Object: 'Object Repository/Final Object Repo/Page_Update Employer Information/Page_Update Employer Information UO (Approve)/Continue' is clicked on

2018-12-10 16:22:45 - [MESSAGE][PASSED] - Object: 'Object Repository/Final Object Repo/Page_Update Employer Information/Page_Update Employer Information UO (Approve)/Continue' is clicked on

2018-12-10 16:22:45 - [TEST_STEP][PASSED] - delay: Delayed 2 second(s)

2018-12-10 16:22:47 - [MESSAGE][PASSED] - Delayed 2 second(s)

2018-12-10 16:22:47 - [TEST_STEP][PASSED] - click: Object: 'Object Repository/Final Object Repo/Page_Update Employer Information/Page_Update Employer Information UO (Approve)/Save  Continue in Update Employer Information Page' is clicked on

2018-12-10 16:22:47 - [MESSAGE][PASSED] - Object: 'Object Repository/Final Object Repo/Page_Update Employer Information/Page_Update Employer Information UO (Approve)/Save  Continue in Update Employer Information Page' is clicked on

2018-12-10 16:22:47 - [TEST_STEP][PASSED] - delay: Delayed 2 second(s)

2018-12-10 16:22:49 - [MESSAGE][PASSED] - Delayed 2 second(s)

2018-12-10 16:22:49 - [TEST_STEP][PASSED] - setText: Text 'Query' is set on object 'Object Repository/Final Object Repo/Page_Update Employer Information/Page_Update Employer Information UO (Query)/Query - Remark'

2018-12-10 16:22:52 - [MESSAGE][PASSED] - Text 'Query' is set on object 'Object Repository/Final Object Repo/Page_Update Employer Information/Page_Update Employer Information UO (Query)/Query - Remark'

2018-12-10 16:22:52 - [TEST_STEP][PASSED] - delay: Delayed 2 second(s)

2018-12-10 16:22:54 - [MESSAGE][PASSED] - Delayed 2 second(s)

2018-12-10 16:22:54 - [TEST_STEP][PASSED] - click: Object: 'Object Repository/Final Object Repo/Page_Update Employer Information/Page_Update Employer Information UO (Approve)/Save  Continue in Uploading Supporting Document Page' is clicked on

2018-12-10 16:22:54 - [MESSAGE][PASSED] - Object: 'Object Repository/Final Object Repo/Page_Update Employer Information/Page_Update Employer Information UO (Approve)/Save  Continue in Uploading Supporting Document Page' is clicked on

2018-12-10 16:22:54 - [TEST_STEP][PASSED] - delay: Delayed 2 second(s)

2018-12-10 16:22:56 - [MESSAGE][PASSED] - Delayed 2 second(s)

2018-12-10 16:22:56 - [TEST_STEP][PASSED] - click: Object: 'Object Repository/Final Object Repo/Page_Update Employer Information/Page_Update Employer Information UO (Query)/Query' is clicked on

2018-12-10 16:22:57 - [MESSAGE][PASSED] - Object: 'Object Repository/Final Object Repo/Page_Update Employer Information/Page_Update Employer Information UO (Query)/Query' is clicked on

2018-12-10 16:22:57 - [TEST_STEP][PASSED] - delay: Delayed 2 second(s)

2018-12-10 16:22:59 - [MESSAGE][PASSED] - Delayed 2 second(s)

2018-12-10 16:22:59 - [TEST_STEP][PASSED] - click: Object: 'Object Repository/Final Object Repo/Page_Update Employer Information/Page_Update Employer Information UO (Query)/Confirm' is clicked on

2018-12-10 16:23:00 - [MESSAGE][PASSED] - Object: 'Object Repository/Final Object Repo/Page_Update Employer Information/Page_Update Employer Information UO (Query)/Confirm' is clicked on

2018-12-10 16:23:00 - [TEST_STEP][PASSED] - delay: Delayed 2 second(s)

2018-12-10 16:23:02 - [MESSAGE][PASSED] - Delayed 2 second(s)

2018-12-10 16:23:02 - [TEST_STEP][PASSED] - doubleClick: Object: 'Object Repository/Final Object Repo/Page_Update Employer Information/Page_Update Employer Information UO (Query)/Message The Case Is Under Query' is double clicked on

2018-12-10 16:23:05 - [MESSAGE][PASSED] - Object: 'Object Repository/Final Object Repo/Page_Update Employer Information/Page_Update Employer Information UO (Query)/Message The Case Is Under Query' is double clicked on

2018-12-10 16:23:05 - [TEST_STEP][PASSED] - delay: Delayed 2 second(s)

2018-12-10 16:23:07 - [MESSAGE][PASSED] - Delayed 2 second(s)

2018-12-10 16:23:07 - [TEST_STEP][PASSED] - click: Object: 'Object Repository/Final Object Repo/Page_Update Employer Information/Page_Update Employer Information UO (Query)/Letter of inquiry.pdf' is clicked on

2018-12-10 16:23:08 - [MESSAGE][PASSED] - Object: 'Object Repository/Final Object Repo/Page_Update Employer Information/Page_Update Employer Information UO (Query)/Letter of inquiry.pdf' is clicked on

2018-12-10 16:23:08 - [TEST_STEP][PASSED] - delay: Delayed 1 second(s)

2018-12-10 16:23:09 - [MESSAGE][PASSED] - Delayed 1 second(s)

2018-12-10 16:23:09 - [TEST_STEP][PASSED] - callTestCase: Call Test Case 'Test Cases/Final Aug 2018 - PKS Automation/Registration Module/Log Out/log out avoiding katalon tagging' successfully

2018-12-10 16:23:09 - [TEST_CASE][PASSED] - Test Cases/Final Aug 2018 - PKS Automation/Registration Module/Log Out/log out avoiding katalon tagging: Test Cases/Final Aug 2018 - PKS Automation/Registration Module/Log Out/log out avoiding katalon tagging

2018-12-10 16:23:09 - [TEST_STEP][PASSED] - navigateToUrl: Navigate to 'https://assist2-uat.perkeso.gov.my/c/portal/logout' successfully

2018-12-10 16:23:10 - [MESSAGE][PASSED] - Navigate to 'https://assist2-uat.perkeso.gov.my/c/portal/logout' successfully

2018-12-10 16:23:10 - [MESSAGE][PASSED] - Call Test Case 'Test Cases/Final Aug 2018 - PKS Automation/Registration Module/Log Out/log out avoiding katalon tagging' successfully

2018-12-10 16:23:10 - [TEST_STEP][NOT_RUN] - navigateToUrl: NOT_RUN: navigateToUrl

2018-12-10 16:23:10 - [MESSAGE][NOT_RUN] - NOT_RUN: navigateToUrl

2018-12-10 16:23:10 - [TEST_STEP][PASSED] - delay: Delayed 1 second(s)

2018-12-10 16:23:11 - [MESSAGE][PASSED] - Delayed 1 second(s)

2018-12-10 16:23:11 - [TEST_STEP][PASSED] - callTestCase: Call Test Case 'Test Cases/Final Aug 2018 - PKS Automation/Registration Module/Workflow/Search Pending Case For Add Supporting Document (OTC)' successfully

2018-12-10 16:23:11 - [TEST_CASE][PASSED] - Test Cases/Final Aug 2018 - PKS Automation/Registration Module/Workflow/Search Pending Case For Add Supporting Document (OTC): Test Cases/Final Aug 2018 - PKS Automation/Registration Module/Workflow/Search Pending Case For Add Supporting Document (OTC)

2018-12-10 16:23:11 - [TEST_STEP][PASSED] - openBrowser: Browser is opened with url: ''

2018-12-10 16:23:11 - [MESSAGE][WARNING] - A browser is already opened. Closing browser and opening a new one

2018-12-10 16:23:14 - [MESSAGE][PASSED] - Browser is opened with url: ''

2018-12-10 16:23:14 - [TEST_STEP][PASSED] - navigateToUrl: Navigate to 'https://assist2-uat.perkeso.gov.my/login' successfully

2018-12-10 16:23:15 - [MESSAGE][PASSED] - Navigate to 'https://assist2-uat.perkeso.gov.my/login' successfully

2018-12-10 16:23:15 - [TEST_STEP][PASSED] - setText: Text 'johorotc1@gmail.com' is set on object 'Object Repository/Final Object Repo/Login Page/Internal User/Email Address'

2018-12-10 16:23:16 - [MESSAGE][PASSED] - Text 'johorotc1@gmail.com' is set on object 'Object Repository/Final Object Repo/Login Page/Internal User/Email Address'

2018-12-10 16:23:16 - [TEST_STEP][PASSED] - click: Object: 'Object Repository/Final Object Repo/Login Page/Internal User/Next Button' is clicked on

2018-12-10 16:23:16 - [MESSAGE][PASSED] - Object: 'Object Repository/Final Object Repo/Login Page/Internal User/Next Button' is clicked on

2018-12-10 16:23:16 - [TEST_STEP][PASSED] - delay: Delayed 1 second(s)

2018-12-10 16:23:17 - [MESSAGE][PASSED] - Delayed 1 second(s)

2018-12-10 16:23:17 - [TEST_STEP][PASSED] - setEncryptedText: Text ****** has been set on object 'Object Repository/Final Object Repo/Login Page/Internal User/Password'

2018-12-10 16:23:17 - [MESSAGE][PASSED] - Text ****** has been set on object 'Object Repository/Final Object Repo/Login Page/Internal User/Password'

2018-12-10 16:23:17 - [TEST_STEP][PASSED] - click: Object: 'Object Repository/Final Object Repo/Login Page/Internal User/Login Button' is clicked on

2018-12-10 16:23:17 - [MESSAGE][PASSED] - Object: 'Object Repository/Final Object Repo/Login Page/Internal User/Login Button' is clicked on

2018-12-10 16:23:17 - [TEST_STEP][PASSED] - delay: Delayed 1 second(s)

2018-12-10 16:23:18 - [MESSAGE][PASSED] - Delayed 1 second(s)

2018-12-10 16:23:18 - [TEST_STEP][PASSED] - Statement - Try: Delayed 2 second(s)

2018-12-10 16:23:18 - [TEST_STEP][PASSED] - Statement - Checker = false: null

2018-12-10 16:23:18 - [TEST_STEP][PASSED] - Statement - Checker = com.kms.katalon.core.webui.keyword.WebUiBuiltInKeywords.verifyElementHasAttribute(com.kms.katalon.core.testobject.ObjectRepository.findTestObject(Final Object Repo/Landing Page/BM Detecting), "href", 20, OPTIONAL): Object 'Object Repository/Final Object Repo/Landing Page/BM Detecting' has attribute 'href'

2018-12-10 16:23:19 - [MESSAGE][PASSED] - Object 'Object Repository/Final Object Repo/Landing Page/BM Detecting' has attribute 'href'

2018-12-10 16:23:19 - [TEST_STEP][PASSED] - Statement - out.println(Checker): null

2018-12-10 16:23:19 - [TEST_STEP][PASSED] - Statement - If (Checker == false): null

2018-12-10 16:23:19 - [TEST_STEP][PASSED] - Statement - Else: null

2018-12-10 16:23:19 - [TEST_STEP][PASSED] - delay: Delayed 2 second(s)

2018-12-10 16:23:21 - [MESSAGE][PASSED] - Delayed 2 second(s)

2018-12-10 16:23:21 - [TEST_STEP][PASSED] - navigateToUrl: Navigate to 'https://assist2-uat.perkeso.gov.my/web/registration/search/search-pending-case-for-add-supporting-document' successfully

2018-12-10 16:23:22 - [MESSAGE][PASSED] - Navigate to 'https://assist2-uat.perkeso.gov.my/web/registration/search/search-pending-case-for-add-supporting-document' successfully

2018-12-10 16:23:22 - [TEST_STEP][PASSED] - click: Object: 'Object Repository/Final Object Repo/Page_Search Pending Case For Add Suporting Document/Search By' is clicked on

2018-12-10 16:23:22 - [MESSAGE][PASSED] - Object: 'Object Repository/Final Object Repo/Page_Search Pending Case For Add Suporting Document/Search By' is clicked on

2018-12-10 16:23:22 - [TEST_STEP][PASSED] - click: Object: 'Object Repository/Final Object Repo/Page_Search Pending Case For Add Suporting Document/Search By - Reference ID' is clicked on

2018-12-10 16:23:23 - [MESSAGE][PASSED] - Object: 'Object Repository/Final Object Repo/Page_Search Pending Case For Add Suporting Document/Search By - Reference ID' is clicked on

2018-12-10 16:23:23 - [TEST_STEP][PASSED] - delay: Delayed 2 second(s)

2018-12-10 16:23:25 - [MESSAGE][PASSED] - Delayed 2 second(s)

2018-12-10 16:23:25 - [TEST_STEP][PASSED] - setText: Text 'CUN122018C100005961' is set on object 'Object Repository/Final Object Repo/Page_Search Pending Case For Add Suporting Document/Reference ID'

2018-12-10 16:23:25 - [MESSAGE][PASSED] - Text 'CUN122018C100005961' is set on object 'Object Repository/Final Object Repo/Page_Search Pending Case For Add Suporting Document/Reference ID'

2018-12-10 16:23:25 - [TEST_STEP][PASSED] - click: Object: 'Object Repository/Final Object Repo/Page_Search Pending Case For Add Suporting Document/Search' is clicked on

2018-12-10 16:23:25 - [MESSAGE][PASSED] - Object: 'Object Repository/Final Object Repo/Page_Search Pending Case For Add Suporting Document/Search' is clicked on

2018-12-10 16:23:25 - [TEST_STEP][PASSED] - delay: Delayed 2 second(s)

2018-12-10 16:23:27 - [MESSAGE][PASSED] - Delayed 2 second(s)

2018-12-10 16:23:27 - [TEST_STEP][PASSED] - click: Object: 'Object Repository/Final Object Repo/Page_Search Pending Case For Add Suporting Document/Edit' is clicked on

2018-12-10 16:23:31 - [MESSAGE][PASSED] - Object: 'Object Repository/Final Object Repo/Page_Search Pending Case For Add Suporting Document/Edit' is clicked on

2018-12-10 16:23:31 - [MESSAGE][PASSED] - Call Test Case 'Test Cases/Final Aug 2018 - PKS Automation/Registration Module/Workflow/Search Pending Case For Add Supporting Document (OTC)' successfully

2018-12-10 16:23:31 - [TEST_STEP][PASSED] - click: Object: 'Object Repository/Final Object Repo/Page_Update Employer Information/Page_Update Employer Information UO (Query -OTC -UO)/Next' is clicked on

2018-12-10 16:23:34 - [MESSAGE][PASSED] - Object: 'Object Repository/Final Object Repo/Page_Update Employer Information/Page_Update Employer Information UO (Query -OTC -UO)/Next' is clicked on

2018-12-10 16:23:34 - [TEST_STEP][PASSED] - delay: Delayed 2 second(s)

2018-12-10 16:23:36 - [MESSAGE][PASSED] - Delayed 2 second(s)

2018-12-10 16:23:36 - [TEST_STEP][PASSED] - click: Object: 'Object Repository/Final Object Repo/Page_Update Employer Information/Page_Update Employer Information UO (Query -OTC -UO)/Add Document' is clicked on

2018-12-10 16:23:36 - [MESSAGE][PASSED] - Object: 'Object Repository/Final Object Repo/Page_Update Employer Information/Page_Update Employer Information UO (Query -OTC -UO)/Add Document' is clicked on

2018-12-10 16:23:36 - [TEST_STEP][PASSED] - delay: Delayed 2 second(s)

2018-12-10 16:23:38 - [MESSAGE][PASSED] - Delayed 2 second(s)

2018-12-10 16:23:38 - [TEST_STEP][PASSED] - click: Object: 'Object Repository/Final Object Repo/Page_Update Employer Information/Page_Update Employer Information UO (Query -OTC -UO)/Document Type' is clicked on

2018-12-10 16:23:39 - [MESSAGE][PASSED] - Object: 'Object Repository/Final Object Repo/Page_Update Employer Information/Page_Update Employer Information UO (Query -OTC -UO)/Document Type' is clicked on

2018-12-10 16:23:39 - [TEST_STEP][PASSED] - click: Object: 'Object Repository/Final Object Repo/Page_Update Employer Information/Page_Update Employer Information UO (Query -OTC -UO)/Document Type - Other' is clicked on

2018-12-10 16:23:39 - [MESSAGE][PASSED] - Object: 'Object Repository/Final Object Repo/Page_Update Employer Information/Page_Update Employer Information UO (Query -OTC -UO)/Document Type - Other' is clicked on

2018-12-10 16:23:39 - [TEST_STEP][PASSED] - delay: Delayed 2 second(s)

2018-12-10 16:23:41 - [MESSAGE][PASSED] - Delayed 2 second(s)

2018-12-10 16:23:41 - [TEST_STEP][PASSED] - sendKeys: Keys 'C:\Users\Public\Pictures\Sample Pictures\Koala.jpg' sent to object: 'Object Repository/Final Object Repo/Page_Update Employer Information/Page_Update Employer Information UO (Query -OTC -UO)/Uploading File'

2018-12-10 16:23:41 - [MESSAGE][PASSED] - Keys 'C:\Users\Public\Pictures\Sample Pictures\Koala.jpg' sent to object: 'Object Repository/Final Object Repo/Page_Update Employer Information/Page_Update Employer Information UO (Query -OTC -UO)/Uploading File'

2018-12-10 16:23:41 - [TEST_STEP][PASSED] - delay: Delayed 2 second(s)

2018-12-10 16:23:43 - [MESSAGE][PASSED] - Delayed 2 second(s)

2018-12-10 16:23:43 - [TEST_STEP][PASSED] - click: Object: 'Object Repository/Final Object Repo/Page_Update Employer Information/Page_Update Employer Information UO (Query -OTC -UO)/Add Document in Uploading Page' is clicked on

2018-12-10 16:23:44 - [MESSAGE][PASSED] - Object: 'Object Repository/Final Object Repo/Page_Update Employer Information/Page_Update Employer Information UO (Query -OTC -UO)/Add Document in Uploading Page' is clicked on

2018-12-10 16:23:44 - [TEST_STEP][PASSED] - delay: Delayed 2 second(s)

2018-12-10 16:23:46 - [MESSAGE][PASSED] - Delayed 2 second(s)

2018-12-10 16:23:46 - [TEST_STEP][PASSED] - click: Object: 'Object Repository/Final Object Repo/Page_Update Employer Information/Page_Update Employer Information UO (Query -OTC -UO)/Exit' is clicked on

2018-12-10 16:23:49 - [MESSAGE][PASSED] - Object: 'Object Repository/Final Object Repo/Page_Update Employer Information/Page_Update Employer Information UO (Query -OTC -UO)/Exit' is clicked on

2018-12-10 16:23:49 - [TEST_STEP][PASSED] - delay: Delayed 2 second(s)

2018-12-10 16:23:51 - [MESSAGE][PASSED] - Delayed 2 second(s)

2018-12-10 16:23:51 - [TEST_STEP][PASSED] - delay: Delayed 1 second(s)

2018-12-10 16:23:52 - [MESSAGE][PASSED] - Delayed 1 second(s)

2018-12-10 16:23:52 - [TEST_STEP][PASSED] - navigateToUrl: Navigate to 'https://assist2-uat.perkeso.gov.my/c/portal/logout' successfully

2018-12-10 16:23:53 - [MESSAGE][PASSED] - Navigate to 'https://assist2-uat.perkeso.gov.my/c/portal/logout' successfully

2018-12-10 16:23:53 - [TEST_STEP][PASSED] - delay: Delayed 1 second(s)

2018-12-10 16:23:54 - [MESSAGE][PASSED] - Delayed 1 second(s)

2018-12-10 16:23:54 - [TEST_STEP][PASSED] - callTestCase: Call Test Case 'Test Cases/Final Aug 2018 - PKS Automation/Registration Module/Workflow/Login and Search Case For Workflow' successfully

2018-12-10 16:23:54 - [TEST_CASE][PASSED] - Test Cases/Final Aug 2018 - PKS Automation/Registration Module/Workflow/Login and Search Case For Workflow: Test Cases/Final Aug 2018 - PKS Automation/Registration Module/Workflow/Login and Search Case For Workflow

2018-12-10 16:23:54 - [TEST_STEP][PASSED] - navigateToUrl: Navigate to 'https://assist2-uat.perkeso.gov.my/login' successfully

2018-12-10 16:23:54 - [MESSAGE][PASSED] - Navigate to 'https://assist2-uat.perkeso.gov.my/login' successfully

2018-12-10 16:23:54 - [TEST_STEP][PASSED] - setText: Text 'johoruo3@gmail.com' is set on object 'Object Repository/Final Object Repo/Login Page/Internal User/Email Address'

2018-12-10 16:23:55 - [MESSAGE][PASSED] - Text 'johoruo3@gmail.com' is set on object 'Object Repository/Final Object Repo/Login Page/Internal User/Email Address'

2018-12-10 16:23:55 - [TEST_STEP][PASSED] - click: Object: 'Object Repository/Final Object Repo/Login Page/Internal User/Next Button' is clicked on

2018-12-10 16:23:55 - [MESSAGE][PASSED] - Object: 'Object Repository/Final Object Repo/Login Page/Internal User/Next Button' is clicked on

2018-12-10 16:23:55 - [TEST_STEP][PASSED] - delay: Delayed 1 second(s)

2018-12-10 16:23:56 - [MESSAGE][PASSED] - Delayed 1 second(s)

2018-12-10 16:23:56 - [TEST_STEP][PASSED] - setEncryptedText: Text ****** has been set on object 'Object Repository/Final Object Repo/Login Page/Internal User/Password'

2018-12-10 16:23:56 - [MESSAGE][PASSED] - Text ****** has been set on object 'Object Repository/Final Object Repo/Login Page/Internal User/Password'

2018-12-10 16:23:56 - [TEST_STEP][PASSED] - click: Object: 'Object Repository/Final Object Repo/Login Page/Internal User/Login Button' is clicked on

2018-12-10 16:23:56 - [MESSAGE][PASSED] - Object: 'Object Repository/Final Object Repo/Login Page/Internal User/Login Button' is clicked on

2018-12-10 16:23:56 - [TEST_STEP][PASSED] - delay: Delayed 2 second(s)

2018-12-10 16:23:58 - [MESSAGE][PASSED] - Delayed 2 second(s)

2018-12-10 16:23:58 - [TEST_STEP][PASSED] - Statement - Try: Delayed 2 second(s)

2018-12-10 16:23:58 - [TEST_STEP][PASSED] - Statement - Checker = false: null

2018-12-10 16:23:58 - [TEST_STEP][PASSED] - Statement - Checker = com.kms.katalon.core.webui.keyword.WebUiBuiltInKeywords.verifyElementHasAttribute(com.kms.katalon.core.testobject.ObjectRepository.findTestObject(Final Object Repo/Landing Page/BM Detecting), "href", 20, OPTIONAL): Object 'Object Repository/Final Object Repo/Landing Page/BM Detecting' has attribute 'href'

2018-12-10 16:23:58 - [MESSAGE][PASSED] - Object 'Object Repository/Final Object Repo/Landing Page/BM Detecting' has attribute 'href'

2018-12-10 16:23:58 - [TEST_STEP][PASSED] - Statement - out.println(Checker): null

2018-12-10 16:23:58 - [TEST_STEP][PASSED] - Statement - If (Checker == false): null

2018-12-10 16:23:58 - [TEST_STEP][PASSED] - Statement - Else: null

2018-12-10 16:23:58 - [TEST_STEP][PASSED] - delay: Delayed 2 second(s)

2018-12-10 16:24:00 - [MESSAGE][PASSED] - Delayed 2 second(s)

2018-12-10 16:24:00 - [TEST_STEP][PASSED] - click: Object: 'Object Repository/Final Object Repo/Page_MyASSIST - ASSIST - Search Pending Case For Add Supporting Document/Search Information' is clicked on

2018-12-10 16:24:01 - [MESSAGE][PASSED] - Object: 'Object Repository/Final Object Repo/Page_MyASSIST - ASSIST - Search Pending Case For Add Supporting Document/Search Information' is clicked on

2018-12-10 16:24:01 - [TEST_STEP][PASSED] - delay: Delayed 3 second(s)

2018-12-10 16:24:04 - [MESSAGE][PASSED] - Delayed 3 second(s)

2018-12-10 16:24:04 - [TEST_STEP][PASSED] - sendKeys: Keys 'CUN122018C100005961' sent to object: 'Object Repository/Final Object Repo/Page_MyASSIST - ASSIST - Search Pending Case For Add Supporting Document/Reference No'

2018-12-10 16:24:04 - [MESSAGE][PASSED] - Keys 'CUN122018C100005961' sent to object: 'Object Repository/Final Object Repo/Page_MyASSIST - ASSIST - Search Pending Case For Add Supporting Document/Reference No'

2018-12-10 16:24:04 - [TEST_STEP][PASSED] - click: Object: 'Object Repository/Final Object Repo/Page_MyASSIST - ASSIST - Search Pending Case For Add Supporting Document/Search Reference No' is clicked on

2018-12-10 16:24:04 - [MESSAGE][PASSED] - Object: 'Object Repository/Final Object Repo/Page_MyASSIST - ASSIST - Search Pending Case For Add Supporting Document/Search Reference No' is clicked on

2018-12-10 16:24:04 - [TEST_STEP][PASSED] - delay: Delayed 2 second(s)

2018-12-10 16:24:06 - [MESSAGE][PASSED] - Delayed 2 second(s)

2018-12-10 16:24:06 - [TEST_STEP][PASSED] - click: Object: 'Object Repository/Final Object Repo/Page_MyASSIST - ASSIST - Search Pending Case For Add Supporting Document/Continue' is clicked on

2018-12-10 16:24:10 - [MESSAGE][PASSED] - Object: 'Object Repository/Final Object Repo/Page_MyASSIST - ASSIST - Search Pending Case For Add Supporting Document/Continue' is clicked on

2018-12-10 16:24:10 - [TEST_STEP][PASSED] - delay: Delayed 20 second(s)

2018-12-10 16:24:30 - [MESSAGE][PASSED] - Delayed 20 second(s)

2018-12-10 16:24:30 - [MESSAGE][PASSED] - Call Test Case 'Test Cases/Final Aug 2018 - PKS Automation/Registration Module/Workflow/Login and Search Case For Workflow' successfully

2018-12-10 16:24:30 - [TEST_STEP][PASSED] - click: Object: 'Object Repository/Final Object Repo/Page_Update Employer Information/Page_Update Employer Information UO (Approve)/Continue' is clicked on

2018-12-10 16:24:34 - [MESSAGE][PASSED] - Object: 'Object Repository/Final Object Repo/Page_Update Employer Information/Page_Update Employer Information UO (Approve)/Continue' is clicked on

2018-12-10 16:24:34 - [TEST_STEP][PASSED] - delay: Delayed 2 second(s)

2018-12-10 16:24:36 - [MESSAGE][PASSED] - Delayed 2 second(s)

2018-12-10 16:24:36 - [TEST_STEP][PASSED] - click: Object: 'Object Repository/Final Object Repo/Page_Update Employer Information/Page_Update Employer Information UO (Approve)/Save  Continue in Update Employer Information Page' is clicked on

2018-12-10 16:24:36 - [MESSAGE][PASSED] - Object: 'Object Repository/Final Object Repo/Page_Update Employer Information/Page_Update Employer Information UO (Approve)/Save  Continue in Update Employer Information Page' is clicked on

2018-12-10 16:24:36 - [TEST_STEP][PASSED] - delay: Delayed 2 second(s)

2018-12-10 16:24:38 - [MESSAGE][PASSED] - Delayed 2 second(s)

2018-12-10 16:24:38 - [TEST_STEP][PASSED] - click: Object: 'Object Repository/Final Object Repo/Page_Update Employer Information/Page_Update Employer Information UO (Approve)/Save  Continue in Uploading Supporting Document Page' is clicked on

2018-12-10 16:24:41 - [MESSAGE][PASSED] - Object: 'Object Repository/Final Object Repo/Page_Update Employer Information/Page_Update Employer Information UO (Approve)/Save  Continue in Uploading Supporting Document Page' is clicked on

2018-12-10 16:24:41 - [TEST_STEP][PASSED] - delay: Delayed 2 second(s)

2018-12-10 16:24:43 - [MESSAGE][PASSED] - Delayed 2 second(s)

2018-12-10 16:24:43 - [TEST_STEP][PASSED] - click: Object: 'Object Repository/Final Object Repo/Page_Update Employer Information/Page_Update Employer Information UO (Approve)/Approve' is clicked on

2018-12-10 16:24:44 - [MESSAGE][PASSED] - Object: 'Object Repository/Final Object Repo/Page_Update Employer Information/Page_Update Employer Information UO (Approve)/Approve' is clicked on

2018-12-10 16:24:44 - [TEST_STEP][PASSED] - delay: Delayed 2 second(s)

2018-12-10 16:24:46 - [MESSAGE][PASSED] - Delayed 2 second(s)

2018-12-10 16:24:46 - [TEST_STEP][PASSED] - click: Object: 'Object Repository/Final Object Repo/Page_Update Employer Information/Page_Update Employer Information UO (Approve)/Confirm' is clicked on

2018-12-10 16:24:47 - [MESSAGE][PASSED] - Object: 'Object Repository/Final Object Repo/Page_Update Employer Information/Page_Update Employer Information UO (Approve)/Confirm' is clicked on

2018-12-10 16:24:47 - [TEST_STEP][PASSED] - delay: Delayed 2 second(s)

2018-12-10 16:24:49 - [MESSAGE][PASSED] - Delayed 2 second(s)

2018-12-10 16:24:49 - [TEST_STEP][PASSED] - verifyElementVisible: Object 'Object Repository/Final Object Repo/Page_Update Employer Information/Page_Update Employer Information UO (Approve)/Message Your Request' is visible

2018-12-10 16:24:57 - [MESSAGE][PASSED] - Object 'Object Repository/Final Object Repo/Page_Update Employer Information/Page_Update Employer Information UO (Approve)/Message Your Request' is visible

2018-12-10 16:24:57 - [TEST_STEP][PASSED] - verifyElementVisible: Object 'Object Repository/Final Object Repo/Page_Update Employer Information/Page_Update Employer Information UO (Approve)/Letter of successful update' is visible

2018-12-10 16:24:57 - [MESSAGE][PASSED] - Object 'Object Repository/Final Object Repo/Page_Update Employer Information/Page_Update Employer Information UO (Approve)/Letter of successful update' is visible

2018-12-10 16:24:57 - [MESSAGE][PASSED] - Call Test Case 'Test Cases/Final Aug 2018 - PKS Automation/Registration Module/Workflow/Update Employer Information/Template/Update Employer Information - Special Case - UO (Query)' successfully]]></system-out>
         <system-err><![CDATA[]]></system-err>
      </testcase>
      <testcase name="Test Cases/Final Aug 2018 - PKS Automation/Registration Module/Workflow/Update Employer Information/PKRBO - UO (Reject)" classname="Test Cases/Final Aug 2018 - PKS Automation/Registration Module/Workflow/Update Employer Information/PKRBO - UO (Reject)" status="PASSED">
         <system-out><![CDATA[2018-12-10 16:24:57 - [TEST_CASE][PASSED] - Test Cases/Final Aug 2018 - PKS Automation/Registration Module/Workflow/Update Employer Information/PKRBO - UO (Reject): Test Cases/Final Aug 2018 - PKS Automation/Registration Module/Workflow/Update Employer Information/PKRBO - UO (Reject)

2018-12-10 16:24:57 - [TEST_STEP][PASSED] - callTestCase: Call Test Case 'Test Cases/Final Aug 2018 - PKS Automation/Registration Module/Workflow/Update Employer Information/Template/Update Employer Information - Special Case (PKRBO)' successfully

2018-12-10 16:24:57 - [TEST_CASE][PASSED] - Test Cases/Final Aug 2018 - PKS Automation/Registration Module/Workflow/Update Employer Information/Template/Update Employer Information - Special Case (PKRBO): Test Cases/Final Aug 2018 - PKS Automation/Registration Module/Workflow/Update Employer Information/Template/Update Employer Information - Special Case (PKRBO)

2018-12-10 16:24:57 - [TEST_STEP][PASSED] - openBrowser: Browser is opened with url: ''

2018-12-10 16:24:57 - [MESSAGE][WARNING] - A browser is already opened. Closing browser and opening a new one

2018-12-10 16:25:00 - [MESSAGE][PASSED] - Browser is opened with url: ''

2018-12-10 16:25:00 - [TEST_STEP][PASSED] - navigateToUrl: Navigate to 'https://assist2-uat.perkeso.gov.my/login' successfully

2018-12-10 16:25:01 - [MESSAGE][PASSED] - Navigate to 'https://assist2-uat.perkeso.gov.my/login' successfully

2018-12-10 16:25:01 - [TEST_STEP][PASSED] - setText: Text 'johorpkrbo1@gmail.com' is set on object 'Object Repository/Final Object Repo/Login Page/Internal User/Email Address'

2018-12-10 16:25:02 - [MESSAGE][PASSED] - Text 'johorpkrbo1@gmail.com' is set on object 'Object Repository/Final Object Repo/Login Page/Internal User/Email Address'

2018-12-10 16:25:02 - [TEST_STEP][PASSED] - click: Object: 'Object Repository/Final Object Repo/Login Page/Internal User/Next Button' is clicked on

2018-12-10 16:25:02 - [MESSAGE][PASSED] - Object: 'Object Repository/Final Object Repo/Login Page/Internal User/Next Button' is clicked on

2018-12-10 16:25:02 - [TEST_STEP][PASSED] - delay: Delayed 1 second(s)

2018-12-10 16:25:03 - [MESSAGE][PASSED] - Delayed 1 second(s)

2018-12-10 16:25:03 - [TEST_STEP][PASSED] - setEncryptedText: Text ****** has been set on object 'Object Repository/Final Object Repo/Login Page/Internal User/Password'

2018-12-10 16:25:03 - [MESSAGE][PASSED] - Text ****** has been set on object 'Object Repository/Final Object Repo/Login Page/Internal User/Password'

2018-12-10 16:25:03 - [TEST_STEP][PASSED] - click: Object: 'Object Repository/Final Object Repo/Login Page/Internal User/Login Button' is clicked on

2018-12-10 16:25:03 - [MESSAGE][PASSED] - Object: 'Object Repository/Final Object Repo/Login Page/Internal User/Login Button' is clicked on

2018-12-10 16:25:03 - [TEST_STEP][PASSED] - Statement - tester = com.kms.katalon.core.testobject.ObjectRepository.findTestObject(Final Object Repo/Landing Page/Select to English): Finding Test Object with id 'Object Repository/Final Object Repo/Landing Page/Select to English'

2018-12-10 16:25:03 - [TEST_STEP][PASSED] - Statement - Try: Delayed 2 second(s)

2018-12-10 16:25:03 - [TEST_STEP][PASSED] - Statement - Checker = com.kms.katalon.core.webui.keyword.WebUiBuiltInKeywords.verifyElementNotPresent(tester, 3): Web element with id: 'Object Repository/Final Object Repo/Landing Page/Select to English' located by 'By.xpath: //a[@class = 'taglib-language-list-text' and @lang = 'en-US' and (contains(text(), 'EN') or contains(., 'EN'))]' is not present after '3' second(s)

2018-12-10 16:25:05 - [MESSAGE][PASSED] - Web element with id: 'Object Repository/Final Object Repo/Landing Page/Select to English' located by 'By.xpath: //a[@class = 'taglib-language-list-text' and @lang = 'en-US' and (contains(text(), 'EN') or contains(., 'EN'))]' is not present after '3' second(s)

2018-12-10 16:25:05 - [TEST_STEP][PASSED] - Statement - If (Checker == false): null

2018-12-10 16:25:05 - [TEST_STEP][PASSED] - delay: Delayed 2 second(s)

2018-12-10 16:25:07 - [MESSAGE][PASSED] - Delayed 2 second(s)

2018-12-10 16:25:07 - [TEST_STEP][PASSED] - delay: Delayed 5 second(s)

2018-12-10 16:25:12 - [MESSAGE][PASSED] - Delayed 5 second(s)

2018-12-10 16:25:12 - [TEST_STEP][PASSED] - navigateToUrl: Navigate to 'https://assist2-uat.perkeso.gov.my/web/registration/update/update-employer-information' successfully

2018-12-10 16:25:13 - [MESSAGE][PASSED] - Navigate to 'https://assist2-uat.perkeso.gov.my/web/registration/update/update-employer-information' successfully

2018-12-10 16:25:13 - [TEST_STEP][PASSED] - setText: Text 'E1102001065V ' is set on object 'Object Repository/Final Object Repo/Page_Update Employer Information/Employer Code'

2018-12-10 16:25:14 - [MESSAGE][PASSED] - Text 'E1102001065V ' is set on object 'Object Repository/Final Object Repo/Page_Update Employer Information/Employer Code'

2018-12-10 16:25:14 - [TEST_STEP][PASSED] - click: Object: 'Object Repository/Final Object Repo/Page_Update Employer Information/Search Button' is clicked on

2018-12-10 16:25:14 - [MESSAGE][PASSED] - Object: 'Object Repository/Final Object Repo/Page_Update Employer Information/Search Button' is clicked on

2018-12-10 16:25:14 - [TEST_STEP][PASSED] - click: Object: 'Object Repository/Final Object Repo/Page_Update Employer Information/Edit Button' is clicked on

2018-12-10 16:25:17 - [MESSAGE][PASSED] - Object: 'Object Repository/Final Object Repo/Page_Update Employer Information/Edit Button' is clicked on

2018-12-10 16:25:17 - [TEST_STEP][PASSED] - click: Object: 'Object Repository/Final Object Repo/Page_Update Employer Information/Business Entity' is clicked on

2018-12-10 16:25:18 - [MESSAGE][PASSED] - Object: 'Object Repository/Final Object Repo/Page_Update Employer Information/Business Entity' is clicked on

2018-12-10 16:25:18 - [TEST_STEP][PASSED] - Statement - CurrentBusinessEntity = "": null

2018-12-10 16:25:18 - [TEST_STEP][PASSED] - Statement - CurrentBusinessEntity = com.kms.katalon.core.webui.keyword.WebUiBuiltInKeywords.getText(com.kms.katalon.core.testobject.ObjectRepository.findTestObject(Final Object Repo/Page_Update Employer Information/Current Business Entity)): Text of object 'Object Repository/Final Object Repo/Page_Update Employer Information/Current Business Entity' is: 'Others'

2018-12-10 16:25:18 - [MESSAGE][PASSED] - Text of object 'Object Repository/Final Object Repo/Page_Update Employer Information/Current Business Entity' is: 'Others'

2018-12-10 16:25:18 - [TEST_STEP][PASSED] - Statement - out.println(CurrentBusinessEntity): null

2018-12-10 16:25:18 - [TEST_STEP][PASSED] - Statement - If (CurrentBusinessEntity == "Corporation"): null

2018-12-10 16:25:18 - [TEST_STEP][PASSED] - Statement - Else If (CurrentBusinessEntity == "Partnership"): null

2018-12-10 16:25:18 - [TEST_STEP][PASSED] - Statement - Else If (CurrentBusinessEntity == "Sole Proprietor / Individual Business"): null

2018-12-10 16:25:18 - [TEST_STEP][PASSED] - Statement - Else If (CurrentBusinessEntity == "Others"): Delayed 3 second(s)

2018-12-10 16:25:18 - [TEST_STEP][PASSED] - Statement - obj = com.kms.katalon.core.webui.keyword.WebUiBuiltInKeywords.modifyObjectProperty(com.kms.katalon.core.testobject.ObjectRepository.findTestObject(Final Object Repo/Page_Update Employer Information/change to this Business Entity), "xpath", "equals", "//ul/li/span[contains(text(),"Partnership")]", true, STOP_ON_FAILURE): Modify property of object successfully

2018-12-10 16:25:18 - [MESSAGE][PASSED] - Modify property of object successfully

2018-12-10 16:25:18 - [TEST_STEP][PASSED] - click: Object: 'Object Repository/Final Object Repo/Page_Update Employer Information/change to this Business Entity' is clicked on

2018-12-10 16:25:18 - [MESSAGE][PASSED] - Object: 'Object Repository/Final Object Repo/Page_Update Employer Information/change to this Business Entity' is clicked on

2018-12-10 16:25:18 - [TEST_STEP][PASSED] - delay: Delayed 1 second(s)

2018-12-10 16:25:19 - [MESSAGE][PASSED] - Delayed 1 second(s)

2018-12-10 16:25:19 - [TEST_STEP][PASSED] - click: Object: 'Object Repository/Final Object Repo/Page_Update Employer Information/Sub Business Entity' is clicked on

2018-12-10 16:25:19 - [MESSAGE][PASSED] - Object: 'Object Repository/Final Object Repo/Page_Update Employer Information/Sub Business Entity' is clicked on

2018-12-10 16:25:19 - [TEST_STEP][PASSED] - click: Object: 'Object Repository/Final Object Repo/Page_Update Employer Information/Sub Business Entity - Partnership - Registered With other Agencies' is clicked on

2018-12-10 16:25:19 - [MESSAGE][PASSED] - Object: 'Object Repository/Final Object Repo/Page_Update Employer Information/Sub Business Entity - Partnership - Registered With other Agencies' is clicked on

2018-12-10 16:25:19 - [TEST_STEP][PASSED] - delay: Delayed 3 second(s)

2018-12-10 16:25:22 - [MESSAGE][PASSED] - Delayed 3 second(s)

2018-12-10 16:25:22 - [TEST_STEP][PASSED] - delay: Delayed 4 second(s)

2018-12-10 16:25:26 - [MESSAGE][PASSED] - Delayed 4 second(s)

2018-12-10 16:25:26 - [TEST_STEP][PASSED] - click: Object: 'Object Repository/Final Object Repo/Page_Update Employer Information/Save  Continue' is clicked on

2018-12-10 16:25:27 - [MESSAGE][PASSED] - Object: 'Object Repository/Final Object Repo/Page_Update Employer Information/Save  Continue' is clicked on

2018-12-10 16:25:27 - [TEST_STEP][PASSED] - delay: Delayed 4 second(s)

2018-12-10 16:25:31 - [MESSAGE][PASSED] - Delayed 4 second(s)

2018-12-10 16:25:31 - [TEST_STEP][PASSED] - click: Object: 'Object Repository/Final Object Repo/Page_Update Employer Information/Save  Continue (1)' is clicked on

2018-12-10 16:25:31 - [MESSAGE][PASSED] - Object: 'Object Repository/Final Object Repo/Page_Update Employer Information/Save  Continue (1)' is clicked on

2018-12-10 16:25:31 - [TEST_STEP][PASSED] - delay: Delayed 4 second(s)

2018-12-10 16:25:35 - [MESSAGE][PASSED] - Delayed 4 second(s)

2018-12-10 16:25:35 - [TEST_STEP][PASSED] - Statement - CaseReferenceNo = com.kms.katalon.core.webui.keyword.WebUiBuiltInKeywords.getText(com.kms.katalon.core.testobject.ObjectRepository.findTestObject(Final Object Repo/Page_Update Employer Information/Reference Number in Update Employee Information Page)): Text of object 'Object Repository/Final Object Repo/Page_Update Employer Information/Reference Number in Update Employee Information Page' is: 'CUN122018C100005962'

2018-12-10 16:25:35 - [MESSAGE][PASSED] - Text of object 'Object Repository/Final Object Repo/Page_Update Employer Information/Reference Number in Update Employee Information Page' is: 'CUN122018C100005962'

2018-12-10 16:25:35 - [TEST_STEP][PASSED] - callTestCase: Call Test Case 'Test Cases/Final Aug 2018 - PKS Automation/Common/Reference Number Setter' successfully

2018-12-10 16:25:35 - [TEST_CASE][PASSED] - Test Cases/Final Aug 2018 - PKS Automation/Common/Reference Number Setter: Test Cases/Final Aug 2018 - PKS Automation/Common/Reference Number Setter

2018-12-10 16:25:35 - [TEST_STEP][PASSED] - Statement - RefNoOldFile = new java.io.File(C://Users//Admin//Desktop//PKS//Automation Reference Point//KatalonReference.txt): null

2018-12-10 16:25:35 - [TEST_STEP][PASSED] - Statement - RefNoOldFile.delete(): null

2018-12-10 16:25:35 - [TEST_STEP][PASSED] - delay: Delayed 5 second(s)

2018-12-10 16:25:40 - [MESSAGE][PASSED] - Delayed 5 second(s)

2018-12-10 16:25:40 - [TEST_STEP][PASSED] - Statement - RefNo = new java.io.File(C://Users//Admin//Desktop//PKS//Automation Reference Point//KatalonReference.txt): null

2018-12-10 16:25:40 - [TEST_STEP][PASSED] - Statement - f2 = new java.io.FileWriter(RefNo, false): null

2018-12-10 16:25:40 - [TEST_STEP][PASSED] - Statement - f2.write(CaseReferenceNo): null

2018-12-10 16:25:40 - [TEST_STEP][PASSED] - Statement - f2.close(): null

2018-12-10 16:25:40 - [TEST_STEP][PASSED] - Statement - out.println("


" + CaseReferenceNo + "


"): null

2018-12-10 16:25:40 - [MESSAGE][PASSED] - Call Test Case 'Test Cases/Final Aug 2018 - PKS Automation/Common/Reference Number Setter' successfully

2018-12-10 16:25:40 - [TEST_STEP][PASSED] - delay: Delayed 4 second(s)

2018-12-10 16:25:44 - [MESSAGE][PASSED] - Delayed 4 second(s)

2018-12-10 16:25:44 - [TEST_STEP][PASSED] - click: Object: 'Object Repository/Final Object Repo/Page_Update Employer Information/Submit - Copy' is clicked on

2018-12-10 16:25:44 - [MESSAGE][PASSED] - Object: 'Object Repository/Final Object Repo/Page_Update Employer Information/Submit - Copy' is clicked on

2018-12-10 16:25:44 - [TEST_STEP][PASSED] - delay: Delayed 2 second(s)

2018-12-10 16:25:46 - [MESSAGE][PASSED] - Delayed 2 second(s)

2018-12-10 16:25:46 - [TEST_STEP][PASSED] - click: Object: 'Object Repository/Final Object Repo/Page_Update Employer Information/Confirm' is clicked on

2018-12-10 16:25:46 - [MESSAGE][PASSED] - Object: 'Object Repository/Final Object Repo/Page_Update Employer Information/Confirm' is clicked on

2018-12-10 16:25:46 - [TEST_STEP][PASSED] - delay: Delayed 2 second(s)

2018-12-10 16:25:48 - [MESSAGE][PASSED] - Delayed 2 second(s)

2018-12-10 16:25:48 - [TEST_STEP][PASSED] - click: Object: 'Object Repository/Final Object Repo/Page_Update Employer Information/Message Your Request will be route' is clicked on

2018-12-10 16:25:50 - [MESSAGE][PASSED] - Object: 'Object Repository/Final Object Repo/Page_Update Employer Information/Message Your Request will be route' is clicked on

2018-12-10 16:25:50 - [MESSAGE][PASSED] - Call Test Case 'Test Cases/Final Aug 2018 - PKS Automation/Registration Module/Workflow/Update Employer Information/Template/Update Employer Information - Special Case (PKRBO)' successfully

2018-12-10 16:25:50 - [TEST_STEP][PASSED] - callTestCase: Call Test Case 'Test Cases/Final Aug 2018 - PKS Automation/Registration Module/Workflow/Update Employer Information/Template/Update Employer Information - Special Case - UO (Reject)' successfully

2018-12-10 16:25:50 - [TEST_CASE][PASSED] - Test Cases/Final Aug 2018 - PKS Automation/Registration Module/Workflow/Update Employer Information/Template/Update Employer Information - Special Case - UO (Reject): Test Cases/Final Aug 2018 - PKS Automation/Registration Module/Workflow/Update Employer Information/Template/Update Employer Information - Special Case - UO (Reject)

2018-12-10 16:25:50 - [TEST_STEP][NOT_RUN] - callTestCase: NOT_RUN: callTestCase

2018-12-10 16:25:50 - [MESSAGE][NOT_RUN] - NOT_RUN: callTestCase

2018-12-10 16:25:50 - [TEST_STEP][PASSED] - delay: Delayed 1 second(s)

2018-12-10 16:25:51 - [MESSAGE][PASSED] - Delayed 1 second(s)

2018-12-10 16:25:51 - [TEST_STEP][PASSED] - navigateToUrl: Navigate to 'https://assist2-uat.perkeso.gov.my/c/portal/logout' successfully

2018-12-10 16:25:52 - [MESSAGE][PASSED] - Navigate to 'https://assist2-uat.perkeso.gov.my/c/portal/logout' successfully

2018-12-10 16:25:52 - [TEST_STEP][PASSED] - delay: Delayed 1 second(s)

2018-12-10 16:25:53 - [MESSAGE][PASSED] - Delayed 1 second(s)

2018-12-10 16:25:53 - [TEST_STEP][PASSED] - callTestCase: Call Test Case 'Test Cases/Final Aug 2018 - PKS Automation/Common/Reference Number Getter' successfully

2018-12-10 16:25:53 - [TEST_CASE][PASSED] - Test Cases/Final Aug 2018 - PKS Automation/Common/Reference Number Getter: Test Cases/Final Aug 2018 - PKS Automation/Common/Reference Number Getter

2018-12-10 16:25:53 - [TEST_STEP][PASSED] - Statement - Try: null

2018-12-10 16:25:53 - [TEST_STEP][PASSED] - Statement - RefNo = new java.io.File(C://Users//Admin//Desktop//PKS//Automation Reference Point//KatalonReference.txt): null

2018-12-10 16:25:53 - [TEST_STEP][PASSED] - Statement - bufferread = new java.io.BufferedReader(new java.io.FileReader(RefNo)): null

2018-12-10 16:25:53 - [TEST_STEP][PASSED] - Statement - readedVal = bufferread.readLine(): null

2018-12-10 16:25:53 - [TEST_STEP][PASSED] - Statement - out.println(CaseReferenceNo): null

2018-12-10 16:25:53 - [TEST_STEP][PASSED] - Statement - out.println(readedVal): null

2018-12-10 16:25:53 - [TEST_STEP][PASSED] - Statement - CaseReferenceNo = "": null

2018-12-10 16:25:53 - [TEST_STEP][PASSED] - Statement - CaseReferenceNo = readedVal: null

2018-12-10 16:25:53 - [MESSAGE][PASSED] - Call Test Case 'Test Cases/Final Aug 2018 - PKS Automation/Common/Reference Number Getter' successfully

2018-12-10 16:25:53 - [TEST_STEP][PASSED] - callTestCase: Call Test Case 'Test Cases/Final Aug 2018 - PKS Automation/Common/Workflow Owner Finder' successfully

2018-12-10 16:25:53 - [TEST_CASE][PASSED] - Test Cases/Final Aug 2018 - PKS Automation/Common/Workflow Owner Finder: Test Cases/Final Aug 2018 - PKS Automation/Common/Workflow Owner Finder

2018-12-10 16:25:53 - [TEST_STEP][PASSED] - openBrowser: Browser is opened with url: ''

2018-12-10 16:25:53 - [MESSAGE][WARNING] - A browser is already opened. Closing browser and opening a new one

2018-12-10 16:25:56 - [MESSAGE][PASSED] - Browser is opened with url: ''

2018-12-10 16:25:56 - [TEST_STEP][PASSED] - navigateToUrl: Navigate to 'https://assist2-uat.perkeso.gov.my/login' successfully

2018-12-10 16:25:57 - [MESSAGE][PASSED] - Navigate to 'https://assist2-uat.perkeso.gov.my/login' successfully

2018-12-10 16:25:57 - [TEST_STEP][PASSED] - delay: Delayed 5 second(s)

2018-12-10 16:26:02 - [MESSAGE][PASSED] - Delayed 5 second(s)

2018-12-10 16:26:02 - [TEST_STEP][PASSED] - setText: Text 'test@liferay.com' is set on object 'Object Repository/Final Object Repo/Login Page/Internal User/Email Address'

2018-12-10 16:26:03 - [MESSAGE][PASSED] - Text 'test@liferay.com' is set on object 'Object Repository/Final Object Repo/Login Page/Internal User/Email Address'

2018-12-10 16:26:03 - [TEST_STEP][PASSED] - click: Object: 'Object Repository/Final Object Repo/Login Page/Internal User/Next Button' is clicked on

2018-12-10 16:26:03 - [MESSAGE][PASSED] - Object: 'Object Repository/Final Object Repo/Login Page/Internal User/Next Button' is clicked on

2018-12-10 16:26:03 - [TEST_STEP][PASSED] - delay: Delayed 2 second(s)

2018-12-10 16:26:05 - [MESSAGE][PASSED] - Delayed 2 second(s)

2018-12-10 16:26:05 - [TEST_STEP][PASSED] - setText: Text 'test' is set on object 'Object Repository/Final Object Repo/Login Page/Internal User/Password'

2018-12-10 16:26:05 - [MESSAGE][PASSED] - Text 'test' is set on object 'Object Repository/Final Object Repo/Login Page/Internal User/Password'

2018-12-10 16:26:05 - [TEST_STEP][PASSED] - delay: Delayed 2 second(s)

2018-12-10 16:26:07 - [MESSAGE][PASSED] - Delayed 2 second(s)

2018-12-10 16:26:07 - [TEST_STEP][PASSED] - click: Object: 'Object Repository/Final Object Repo/Login Page/Internal User/Login Button' is clicked on

2018-12-10 16:26:07 - [MESSAGE][PASSED] - Object: 'Object Repository/Final Object Repo/Login Page/Internal User/Login Button' is clicked on

2018-12-10 16:26:07 - [TEST_STEP][PASSED] - Statement - tester = com.kms.katalon.core.testobject.ObjectRepository.findTestObject(Final Object Repo/Landing Page/Select to English): Finding Test Object with id 'Object Repository/Final Object Repo/Landing Page/Select to English'

2018-12-10 16:26:07 - [TEST_STEP][PASSED] - Statement - Try: Delayed 2 second(s)

2018-12-10 16:26:07 - [TEST_STEP][PASSED] - Statement - Checker = com.kms.katalon.core.webui.keyword.WebUiBuiltInKeywords.verifyElementNotPresent(tester, 3): Web element with id: 'Object Repository/Final Object Repo/Landing Page/Select to English' located by 'By.xpath: //a[@class = 'taglib-language-list-text' and @lang = 'en-US' and (contains(text(), 'EN') or contains(., 'EN'))]' is not present after '3' second(s)

2018-12-10 16:26:10 - [MESSAGE][PASSED] - Web element with id: 'Object Repository/Final Object Repo/Landing Page/Select to English' located by 'By.xpath: //a[@class = 'taglib-language-list-text' and @lang = 'en-US' and (contains(text(), 'EN') or contains(., 'EN'))]' is not present after '3' second(s)

2018-12-10 16:26:10 - [TEST_STEP][PASSED] - Statement - If (Checker == false): null

2018-12-10 16:26:10 - [TEST_STEP][PASSED] - delay: Delayed 2 second(s)

2018-12-10 16:26:12 - [MESSAGE][PASSED] - Delayed 2 second(s)

2018-12-10 16:26:12 - [TEST_STEP][PASSED] - delay: Delayed 5 second(s)

2018-12-10 16:26:17 - [MESSAGE][PASSED] - Delayed 5 second(s)

2018-12-10 16:26:17 - [TEST_STEP][PASSED] - mouseOver: Object: 'Object Repository/Final Object Repo/Landing Page/WorkFlow Menu' is hovered

2018-12-10 16:26:17 - [MESSAGE][PASSED] - Object: 'Object Repository/Final Object Repo/Landing Page/WorkFlow Menu' is hovered

2018-12-10 16:26:17 - [TEST_STEP][PASSED] - delay: Delayed 2 second(s)

2018-12-10 16:26:19 - [MESSAGE][PASSED] - Delayed 2 second(s)

2018-12-10 16:26:19 - [TEST_STEP][PASSED] - click: Object: 'Object Repository/Final Object Repo/Landing Page/Select to Workflow Listing' is clicked on

2018-12-10 16:26:20 - [MESSAGE][PASSED] - Object: 'Object Repository/Final Object Repo/Landing Page/Select to Workflow Listing' is clicked on

2018-12-10 16:26:20 - [TEST_STEP][PASSED] - delay: Delayed 2 second(s)

2018-12-10 16:26:22 - [MESSAGE][PASSED] - Delayed 2 second(s)

2018-12-10 16:26:22 - [TEST_STEP][PASSED] - click: Object: 'Object Repository/Final Object Repo/WorkFlow Listing Page/Search Information - To Put Ref No' is clicked on

2018-12-10 16:26:22 - [MESSAGE][PASSED] - Object: 'Object Repository/Final Object Repo/WorkFlow Listing Page/Search Information - To Put Ref No' is clicked on

2018-12-10 16:26:22 - [TEST_STEP][PASSED] - delay: Delayed 2 second(s)

2018-12-10 16:26:24 - [MESSAGE][PASSED] - Delayed 2 second(s)

2018-12-10 16:26:24 - [TEST_STEP][PASSED] - callTestCase: Call Test Case 'Test Cases/Final Aug 2018 - PKS Automation/Common/Reference Number Getter' successfully

2018-12-10 16:26:24 - [TEST_CASE][PASSED] - Test Cases/Final Aug 2018 - PKS Automation/Common/Reference Number Getter: Test Cases/Final Aug 2018 - PKS Automation/Common/Reference Number Getter

2018-12-10 16:26:24 - [TEST_STEP][PASSED] - Statement - Try: null

2018-12-10 16:26:24 - [TEST_STEP][PASSED] - Statement - RefNo = new java.io.File(C://Users//Admin//Desktop//PKS//Automation Reference Point//KatalonReference.txt): null

2018-12-10 16:26:24 - [TEST_STEP][PASSED] - Statement - bufferread = new java.io.BufferedReader(new java.io.FileReader(RefNo)): null

2018-12-10 16:26:24 - [TEST_STEP][PASSED] - Statement - readedVal = bufferread.readLine(): null

2018-12-10 16:26:24 - [TEST_STEP][PASSED] - Statement - out.println(CaseReferenceNo): null

2018-12-10 16:26:24 - [TEST_STEP][PASSED] - Statement - out.println(readedVal): null

2018-12-10 16:26:24 - [TEST_STEP][PASSED] - Statement - CaseReferenceNo = "": null

2018-12-10 16:26:24 - [TEST_STEP][PASSED] - Statement - CaseReferenceNo = readedVal: null

2018-12-10 16:26:24 - [MESSAGE][PASSED] - Call Test Case 'Test Cases/Final Aug 2018 - PKS Automation/Common/Reference Number Getter' successfully

2018-12-10 16:26:24 - [TEST_STEP][PASSED] - setText: Text 'CUN122018C100005962' is set on object 'Object Repository/Final Object Repo/WorkFlow Listing Page/Ref No Set Text'

2018-12-10 16:26:24 - [MESSAGE][PASSED] - Text 'CUN122018C100005962' is set on object 'Object Repository/Final Object Repo/WorkFlow Listing Page/Ref No Set Text'

2018-12-10 16:26:24 - [TEST_STEP][PASSED] - delay: Delayed 2 second(s)

2018-12-10 16:26:26 - [MESSAGE][PASSED] - Delayed 2 second(s)

2018-12-10 16:26:26 - [TEST_STEP][PASSED] - click: Object: 'Object Repository/Final Object Repo/WorkFlow Listing Page/Search Ref No Search Button' is clicked on

2018-12-10 16:26:27 - [MESSAGE][PASSED] - Object: 'Object Repository/Final Object Repo/WorkFlow Listing Page/Search Ref No Search Button' is clicked on

2018-12-10 16:26:27 - [TEST_STEP][PASSED] - delay: Delayed 6 second(s)

2018-12-10 16:26:33 - [MESSAGE][PASSED] - Delayed 6 second(s)

2018-12-10 16:26:33 - [TEST_STEP][PASSED] - click: Object: 'Object Repository/Final Object Repo/WorkFlow Listing Page/Click Continue Tooltip' is clicked on

2018-12-10 16:26:34 - [MESSAGE][PASSED] - Object: 'Object Repository/Final Object Repo/WorkFlow Listing Page/Click Continue Tooltip' is clicked on

2018-12-10 16:26:34 - [TEST_STEP][PASSED] - delay: Delayed 5 second(s)

2018-12-10 16:26:39 - [MESSAGE][PASSED] - Delayed 5 second(s)

2018-12-10 16:26:39 - [TEST_STEP][PASSED] - doubleClick: Object: 'Object Repository/Final Object Repo/WorkFlow Listing Page/Workflow Found - Listing 1' is double clicked on

2018-12-10 16:26:39 - [MESSAGE][PASSED] - Object: 'Object Repository/Final Object Repo/WorkFlow Listing Page/Workflow Found - Listing 1' is double clicked on

2018-12-10 16:26:39 - [TEST_STEP][PASSED] - Statement - println(OwnerID): null

2018-12-10 16:26:39 - [TEST_STEP][PASSED] - Statement - OwnerID = com.kms.katalon.core.webui.keyword.WebUiBuiltInKeywords.getText(com.kms.katalon.core.testobject.ObjectRepository.findTestObject(Final Object Repo/WorkFlow Listing Page/Workflow Found - Listing 1), STOP_ON_FAILURE): Text of object 'Object Repository/Final Object Repo/WorkFlow Listing Page/Workflow Found - Listing 1' is: 'JOHORuo1'

2018-12-10 16:26:39 - [MESSAGE][PASSED] - Text of object 'Object Repository/Final Object Repo/WorkFlow Listing Page/Workflow Found - Listing 1' is: 'JOHORuo1'

2018-12-10 16:26:39 - [TEST_STEP][PASSED] - Statement - OwnerID = OwnerID.toLowerCase() + "@gmail.com": null

2018-12-10 16:26:39 - [TEST_STEP][PASSED] - Statement - println(OwnerID): null

2018-12-10 16:26:39 - [TEST_STEP][PASSED] - delay: Delayed 2 second(s)

2018-12-10 16:26:41 - [MESSAGE][PASSED] - Delayed 2 second(s)

2018-12-10 16:26:41 - [MESSAGE][PASSED] - Call Test Case 'Test Cases/Final Aug 2018 - PKS Automation/Common/Workflow Owner Finder' successfully

2018-12-10 16:26:41 - [TEST_STEP][PASSED] - delay: Delayed 1 second(s)

2018-12-10 16:26:42 - [MESSAGE][PASSED] - Delayed 1 second(s)

2018-12-10 16:26:42 - [TEST_STEP][PASSED] - navigateToUrl: Navigate to 'https://assist2-uat.perkeso.gov.my/c/portal/logout' successfully

2018-12-10 16:26:43 - [MESSAGE][PASSED] - Navigate to 'https://assist2-uat.perkeso.gov.my/c/portal/logout' successfully

2018-12-10 16:26:43 - [TEST_STEP][PASSED] - delay: Delayed 1 second(s)

2018-12-10 16:26:44 - [MESSAGE][PASSED] - Delayed 1 second(s)

2018-12-10 16:26:44 - [TEST_STEP][PASSED] - callTestCase: Call Test Case 'Test Cases/Final Aug 2018 - PKS Automation/Registration Module/Workflow/Login and Search Case For Workflow' successfully

2018-12-10 16:26:44 - [TEST_CASE][PASSED] - Test Cases/Final Aug 2018 - PKS Automation/Registration Module/Workflow/Login and Search Case For Workflow: Test Cases/Final Aug 2018 - PKS Automation/Registration Module/Workflow/Login and Search Case For Workflow

2018-12-10 16:26:44 - [TEST_STEP][PASSED] - navigateToUrl: Navigate to 'https://assist2-uat.perkeso.gov.my/login' successfully

2018-12-10 16:26:45 - [MESSAGE][PASSED] - Navigate to 'https://assist2-uat.perkeso.gov.my/login' successfully

2018-12-10 16:26:45 - [TEST_STEP][PASSED] - setText: Text 'johoruo1@gmail.com' is set on object 'Object Repository/Final Object Repo/Login Page/Internal User/Email Address'

2018-12-10 16:26:45 - [MESSAGE][PASSED] - Text 'johoruo1@gmail.com' is set on object 'Object Repository/Final Object Repo/Login Page/Internal User/Email Address'

2018-12-10 16:26:45 - [TEST_STEP][PASSED] - click: Object: 'Object Repository/Final Object Repo/Login Page/Internal User/Next Button' is clicked on

2018-12-10 16:26:45 - [MESSAGE][PASSED] - Object: 'Object Repository/Final Object Repo/Login Page/Internal User/Next Button' is clicked on

2018-12-10 16:26:45 - [TEST_STEP][PASSED] - delay: Delayed 1 second(s)

2018-12-10 16:26:46 - [MESSAGE][PASSED] - Delayed 1 second(s)

2018-12-10 16:26:46 - [TEST_STEP][PASSED] - setEncryptedText: Text ****** has been set on object 'Object Repository/Final Object Repo/Login Page/Internal User/Password'

2018-12-10 16:26:46 - [MESSAGE][PASSED] - Text ****** has been set on object 'Object Repository/Final Object Repo/Login Page/Internal User/Password'

2018-12-10 16:26:46 - [TEST_STEP][PASSED] - click: Object: 'Object Repository/Final Object Repo/Login Page/Internal User/Login Button' is clicked on

2018-12-10 16:26:47 - [MESSAGE][PASSED] - Object: 'Object Repository/Final Object Repo/Login Page/Internal User/Login Button' is clicked on

2018-12-10 16:26:47 - [TEST_STEP][PASSED] - delay: Delayed 2 second(s)

2018-12-10 16:26:49 - [MESSAGE][PASSED] - Delayed 2 second(s)

2018-12-10 16:26:49 - [TEST_STEP][PASSED] - Statement - Try: Delayed 2 second(s)

2018-12-10 16:26:49 - [TEST_STEP][PASSED] - Statement - Checker = false: null

2018-12-10 16:26:49 - [TEST_STEP][PASSED] - Statement - Checker = com.kms.katalon.core.webui.keyword.WebUiBuiltInKeywords.verifyElementHasAttribute(com.kms.katalon.core.testobject.ObjectRepository.findTestObject(Final Object Repo/Landing Page/BM Detecting), "href", 20, OPTIONAL): Object 'Object Repository/Final Object Repo/Landing Page/BM Detecting' has attribute 'href'

2018-12-10 16:26:49 - [MESSAGE][PASSED] - Object 'Object Repository/Final Object Repo/Landing Page/BM Detecting' has attribute 'href'

2018-12-10 16:26:49 - [TEST_STEP][PASSED] - Statement - out.println(Checker): null

2018-12-10 16:26:49 - [TEST_STEP][PASSED] - Statement - If (Checker == false): null

2018-12-10 16:26:49 - [TEST_STEP][PASSED] - Statement - Else: null

2018-12-10 16:26:49 - [TEST_STEP][PASSED] - delay: Delayed 2 second(s)

2018-12-10 16:26:51 - [MESSAGE][PASSED] - Delayed 2 second(s)

2018-12-10 16:26:51 - [TEST_STEP][PASSED] - click: Object: 'Object Repository/Final Object Repo/Page_MyASSIST - ASSIST - Search Pending Case For Add Supporting Document/Search Information' is clicked on

2018-12-10 16:26:51 - [MESSAGE][PASSED] - Object: 'Object Repository/Final Object Repo/Page_MyASSIST - ASSIST - Search Pending Case For Add Supporting Document/Search Information' is clicked on

2018-12-10 16:26:51 - [TEST_STEP][PASSED] - delay: Delayed 3 second(s)

2018-12-10 16:26:54 - [MESSAGE][PASSED] - Delayed 3 second(s)

2018-12-10 16:26:54 - [TEST_STEP][PASSED] - sendKeys: Keys 'CUN122018C100005962' sent to object: 'Object Repository/Final Object Repo/Page_MyASSIST - ASSIST - Search Pending Case For Add Supporting Document/Reference No'

2018-12-10 16:26:54 - [MESSAGE][PASSED] - Keys 'CUN122018C100005962' sent to object: 'Object Repository/Final Object Repo/Page_MyASSIST - ASSIST - Search Pending Case For Add Supporting Document/Reference No'

2018-12-10 16:26:54 - [TEST_STEP][PASSED] - click: Object: 'Object Repository/Final Object Repo/Page_MyASSIST - ASSIST - Search Pending Case For Add Supporting Document/Search Reference No' is clicked on

2018-12-10 16:26:54 - [MESSAGE][PASSED] - Object: 'Object Repository/Final Object Repo/Page_MyASSIST - ASSIST - Search Pending Case For Add Supporting Document/Search Reference No' is clicked on

2018-12-10 16:26:54 - [TEST_STEP][PASSED] - delay: Delayed 2 second(s)

2018-12-10 16:26:56 - [MESSAGE][PASSED] - Delayed 2 second(s)

2018-12-10 16:26:56 - [TEST_STEP][PASSED] - click: Object: 'Object Repository/Final Object Repo/Page_MyASSIST - ASSIST - Search Pending Case For Add Supporting Document/Continue' is clicked on

2018-12-10 16:27:00 - [MESSAGE][PASSED] - Object: 'Object Repository/Final Object Repo/Page_MyASSIST - ASSIST - Search Pending Case For Add Supporting Document/Continue' is clicked on

2018-12-10 16:27:00 - [TEST_STEP][PASSED] - delay: Delayed 20 second(s)

2018-12-10 16:27:20 - [MESSAGE][PASSED] - Delayed 20 second(s)

2018-12-10 16:27:20 - [MESSAGE][PASSED] - Call Test Case 'Test Cases/Final Aug 2018 - PKS Automation/Registration Module/Workflow/Login and Search Case For Workflow' successfully

2018-12-10 16:27:20 - [TEST_STEP][PASSED] - delay: Delayed 2 second(s)

2018-12-10 16:27:22 - [MESSAGE][PASSED] - Delayed 2 second(s)

2018-12-10 16:27:22 - [TEST_STEP][PASSED] - click: Object: 'Object Repository/Final Object Repo/Page_Update Employer Information/Page_Update Employer Information UO (Approve)/Continue' is clicked on

2018-12-10 16:27:26 - [MESSAGE][PASSED] - Object: 'Object Repository/Final Object Repo/Page_Update Employer Information/Page_Update Employer Information UO (Approve)/Continue' is clicked on

2018-12-10 16:27:26 - [TEST_STEP][PASSED] - delay: Delayed 2 second(s)

2018-12-10 16:27:28 - [MESSAGE][PASSED] - Delayed 2 second(s)

2018-12-10 16:27:28 - [TEST_STEP][PASSED] - click: Object: 'Object Repository/Final Object Repo/Page_Update Employer Information/Page_Update Employer Information UO (Approve)/Save  Continue in Update Employer Information Page' is clicked on

2018-12-10 16:27:28 - [MESSAGE][PASSED] - Object: 'Object Repository/Final Object Repo/Page_Update Employer Information/Page_Update Employer Information UO (Approve)/Save  Continue in Update Employer Information Page' is clicked on

2018-12-10 16:27:28 - [TEST_STEP][PASSED] - delay: Delayed 2 second(s)

2018-12-10 16:27:30 - [MESSAGE][PASSED] - Delayed 2 second(s)

2018-12-10 16:27:30 - [TEST_STEP][PASSED] - click: Object: 'Object Repository/Final Object Repo/Page_Update Employer Information/Page_Update Employer Information UO (Approve)/Save  Continue in Uploading Supporting Document Page' is clicked on

2018-12-10 16:27:33 - [MESSAGE][PASSED] - Object: 'Object Repository/Final Object Repo/Page_Update Employer Information/Page_Update Employer Information UO (Approve)/Save  Continue in Uploading Supporting Document Page' is clicked on

2018-12-10 16:27:33 - [TEST_STEP][PASSED] - delay: Delayed 2 second(s)

2018-12-10 16:27:35 - [MESSAGE][PASSED] - Delayed 2 second(s)

2018-12-10 16:27:35 - [TEST_STEP][PASSED] - click: Object: 'Object Repository/Final Object Repo/Page_Update Employer Information/Page_Update Employer Information UO (Reject)/Reject' is clicked on

2018-12-10 16:27:36 - [MESSAGE][PASSED] - Object: 'Object Repository/Final Object Repo/Page_Update Employer Information/Page_Update Employer Information UO (Reject)/Reject' is clicked on

2018-12-10 16:27:36 - [TEST_STEP][PASSED] - delay: Delayed 2 second(s)

2018-12-10 16:27:38 - [MESSAGE][PASSED] - Delayed 2 second(s)

2018-12-10 16:27:38 - [TEST_STEP][PASSED] - click: Object: 'Object Repository/Final Object Repo/Page_Update Employer Information/Page_Update Employer Information UO (Reject)/Confirm' is clicked on

2018-12-10 16:27:38 - [MESSAGE][PASSED] - Object: 'Object Repository/Final Object Repo/Page_Update Employer Information/Page_Update Employer Information UO (Reject)/Confirm' is clicked on

2018-12-10 16:27:38 - [TEST_STEP][PASSED] - delay: Delayed 2 second(s)

2018-12-10 16:27:40 - [MESSAGE][PASSED] - Delayed 2 second(s)

2018-12-10 16:27:40 - [TEST_STEP][PASSED] - click: Object: 'Object Repository/Final Object Repo/Page_Update Employer Information/Page_Update Employer Information UO (Reject)/Message This Case has been Rejected' is clicked on

2018-12-10 16:27:43 - [MESSAGE][PASSED] - Object: 'Object Repository/Final Object Repo/Page_Update Employer Information/Page_Update Employer Information UO (Reject)/Message This Case has been Rejected' is clicked on

2018-12-10 16:27:43 - [MESSAGE][PASSED] - Call Test Case 'Test Cases/Final Aug 2018 - PKS Automation/Registration Module/Workflow/Update Employer Information/Template/Update Employer Information - Special Case - UO (Reject)' successfully]]></system-out>
         <system-err><![CDATA[]]></system-err>
      </testcase>
      <testcase name="Test Cases/Final Aug 2018 - PKS Automation/Registration Module/Workflow/Update Employer Information/PKRBO - UO (Under enforcement)" classname="Test Cases/Final Aug 2018 - PKS Automation/Registration Module/Workflow/Update Employer Information/PKRBO - UO (Under enforcement)" status="PASSED">
         <system-out><![CDATA[2018-12-10 16:27:43 - [TEST_CASE][PASSED] - Test Cases/Final Aug 2018 - PKS Automation/Registration Module/Workflow/Update Employer Information/PKRBO - UO (Under enforcement): Test Cases/Final Aug 2018 - PKS Automation/Registration Module/Workflow/Update Employer Information/PKRBO - UO (Under enforcement)

2018-12-10 16:27:43 - [TEST_STEP][PASSED] - callTestCase: Call Test Case 'Test Cases/Final Aug 2018 - PKS Automation/Registration Module/Workflow/Update Employer Information/Template/Update Employer Information - Special Case (PKRBO)' successfully

2018-12-10 16:27:43 - [TEST_CASE][PASSED] - Test Cases/Final Aug 2018 - PKS Automation/Registration Module/Workflow/Update Employer Information/Template/Update Employer Information - Special Case (PKRBO): Test Cases/Final Aug 2018 - PKS Automation/Registration Module/Workflow/Update Employer Information/Template/Update Employer Information - Special Case (PKRBO)

2018-12-10 16:27:43 - [TEST_STEP][PASSED] - openBrowser: Browser is opened with url: ''

2018-12-10 16:27:43 - [MESSAGE][WARNING] - A browser is already opened. Closing browser and opening a new one

2018-12-10 16:27:46 - [MESSAGE][PASSED] - Browser is opened with url: ''

2018-12-10 16:27:46 - [TEST_STEP][PASSED] - navigateToUrl: Navigate to 'https://assist2-uat.perkeso.gov.my/login' successfully

2018-12-10 16:27:47 - [MESSAGE][PASSED] - Navigate to 'https://assist2-uat.perkeso.gov.my/login' successfully

2018-12-10 16:27:47 - [TEST_STEP][PASSED] - setText: Text 'johorpkrbo1@gmail.com' is set on object 'Object Repository/Final Object Repo/Login Page/Internal User/Email Address'

2018-12-10 16:27:47 - [MESSAGE][PASSED] - Text 'johorpkrbo1@gmail.com' is set on object 'Object Repository/Final Object Repo/Login Page/Internal User/Email Address'

2018-12-10 16:27:47 - [TEST_STEP][PASSED] - click: Object: 'Object Repository/Final Object Repo/Login Page/Internal User/Next Button' is clicked on

2018-12-10 16:27:48 - [MESSAGE][PASSED] - Object: 'Object Repository/Final Object Repo/Login Page/Internal User/Next Button' is clicked on

2018-12-10 16:27:48 - [TEST_STEP][PASSED] - delay: Delayed 1 second(s)

2018-12-10 16:27:49 - [MESSAGE][PASSED] - Delayed 1 second(s)

2018-12-10 16:27:49 - [TEST_STEP][PASSED] - setEncryptedText: Text ****** has been set on object 'Object Repository/Final Object Repo/Login Page/Internal User/Password'

2018-12-10 16:27:49 - [MESSAGE][PASSED] - Text ****** has been set on object 'Object Repository/Final Object Repo/Login Page/Internal User/Password'

2018-12-10 16:27:49 - [TEST_STEP][PASSED] - click: Object: 'Object Repository/Final Object Repo/Login Page/Internal User/Login Button' is clicked on

2018-12-10 16:27:49 - [MESSAGE][PASSED] - Object: 'Object Repository/Final Object Repo/Login Page/Internal User/Login Button' is clicked on

2018-12-10 16:27:49 - [TEST_STEP][PASSED] - Statement - tester = com.kms.katalon.core.testobject.ObjectRepository.findTestObject(Final Object Repo/Landing Page/Select to English): Finding Test Object with id 'Object Repository/Final Object Repo/Landing Page/Select to English'

2018-12-10 16:27:49 - [TEST_STEP][PASSED] - Statement - Try: Delayed 2 second(s)

2018-12-10 16:27:49 - [TEST_STEP][PASSED] - Statement - Checker = com.kms.katalon.core.webui.keyword.WebUiBuiltInKeywords.verifyElementNotPresent(tester, 3): Web element with id: 'Object Repository/Final Object Repo/Landing Page/Select to English' located by 'By.xpath: //a[@class = 'taglib-language-list-text' and @lang = 'en-US' and (contains(text(), 'EN') or contains(., 'EN'))]' is not present after '3' second(s)

2018-12-10 16:27:51 - [MESSAGE][PASSED] - Web element with id: 'Object Repository/Final Object Repo/Landing Page/Select to English' located by 'By.xpath: //a[@class = 'taglib-language-list-text' and @lang = 'en-US' and (contains(text(), 'EN') or contains(., 'EN'))]' is not present after '3' second(s)

2018-12-10 16:27:51 - [TEST_STEP][PASSED] - Statement - If (Checker == false): null

2018-12-10 16:27:51 - [TEST_STEP][PASSED] - delay: Delayed 2 second(s)

2018-12-10 16:27:53 - [MESSAGE][PASSED] - Delayed 2 second(s)

2018-12-10 16:27:53 - [TEST_STEP][PASSED] - delay: Delayed 5 second(s)

2018-12-10 16:27:58 - [MESSAGE][PASSED] - Delayed 5 second(s)

2018-12-10 16:27:58 - [TEST_STEP][PASSED] - navigateToUrl: Navigate to 'https://assist2-uat.perkeso.gov.my/web/registration/update/update-employer-information' successfully

2018-12-10 16:27:59 - [MESSAGE][PASSED] - Navigate to 'https://assist2-uat.perkeso.gov.my/web/registration/update/update-employer-information' successfully

2018-12-10 16:27:59 - [TEST_STEP][PASSED] - setText: Text 'E1102001065V ' is set on object 'Object Repository/Final Object Repo/Page_Update Employer Information/Employer Code'

2018-12-10 16:27:59 - [MESSAGE][PASSED] - Text 'E1102001065V ' is set on object 'Object Repository/Final Object Repo/Page_Update Employer Information/Employer Code'

2018-12-10 16:27:59 - [TEST_STEP][PASSED] - click: Object: 'Object Repository/Final Object Repo/Page_Update Employer Information/Search Button' is clicked on

2018-12-10 16:27:59 - [MESSAGE][PASSED] - Object: 'Object Repository/Final Object Repo/Page_Update Employer Information/Search Button' is clicked on

2018-12-10 16:27:59 - [TEST_STEP][PASSED] - click: Object: 'Object Repository/Final Object Repo/Page_Update Employer Information/Edit Button' is clicked on

2018-12-10 16:28:03 - [MESSAGE][PASSED] - Object: 'Object Repository/Final Object Repo/Page_Update Employer Information/Edit Button' is clicked on

2018-12-10 16:28:03 - [TEST_STEP][PASSED] - click: Object: 'Object Repository/Final Object Repo/Page_Update Employer Information/Business Entity' is clicked on

2018-12-10 16:28:03 - [MESSAGE][PASSED] - Object: 'Object Repository/Final Object Repo/Page_Update Employer Information/Business Entity' is clicked on

2018-12-10 16:28:03 - [TEST_STEP][PASSED] - Statement - CurrentBusinessEntity = "": null

2018-12-10 16:28:03 - [TEST_STEP][PASSED] - Statement - CurrentBusinessEntity = com.kms.katalon.core.webui.keyword.WebUiBuiltInKeywords.getText(com.kms.katalon.core.testobject.ObjectRepository.findTestObject(Final Object Repo/Page_Update Employer Information/Current Business Entity)): Text of object 'Object Repository/Final Object Repo/Page_Update Employer Information/Current Business Entity' is: 'Others'

2018-12-10 16:28:03 - [MESSAGE][PASSED] - Text of object 'Object Repository/Final Object Repo/Page_Update Employer Information/Current Business Entity' is: 'Others'

2018-12-10 16:28:03 - [TEST_STEP][PASSED] - Statement - out.println(CurrentBusinessEntity): null

2018-12-10 16:28:03 - [TEST_STEP][PASSED] - Statement - If (CurrentBusinessEntity == "Corporation"): null

2018-12-10 16:28:03 - [TEST_STEP][PASSED] - Statement - Else If (CurrentBusinessEntity == "Partnership"): null

2018-12-10 16:28:03 - [TEST_STEP][PASSED] - Statement - Else If (CurrentBusinessEntity == "Sole Proprietor / Individual Business"): null

2018-12-10 16:28:03 - [TEST_STEP][PASSED] - Statement - Else If (CurrentBusinessEntity == "Others"): Delayed 3 second(s)

2018-12-10 16:28:03 - [TEST_STEP][PASSED] - Statement - obj = com.kms.katalon.core.webui.keyword.WebUiBuiltInKeywords.modifyObjectProperty(com.kms.katalon.core.testobject.ObjectRepository.findTestObject(Final Object Repo/Page_Update Employer Information/change to this Business Entity), "xpath", "equals", "//ul/li/span[contains(text(),"Partnership")]", true, STOP_ON_FAILURE): Modify property of object successfully

2018-12-10 16:28:03 - [MESSAGE][PASSED] - Modify property of object successfully

2018-12-10 16:28:03 - [TEST_STEP][PASSED] - click: Object: 'Object Repository/Final Object Repo/Page_Update Employer Information/change to this Business Entity' is clicked on

2018-12-10 16:28:04 - [MESSAGE][PASSED] - Object: 'Object Repository/Final Object Repo/Page_Update Employer Information/change to this Business Entity' is clicked on

2018-12-10 16:28:04 - [TEST_STEP][PASSED] - delay: Delayed 1 second(s)

2018-12-10 16:28:05 - [MESSAGE][PASSED] - Delayed 1 second(s)

2018-12-10 16:28:05 - [TEST_STEP][PASSED] - click: Object: 'Object Repository/Final Object Repo/Page_Update Employer Information/Sub Business Entity' is clicked on

2018-12-10 16:28:05 - [MESSAGE][PASSED] - Object: 'Object Repository/Final Object Repo/Page_Update Employer Information/Sub Business Entity' is clicked on

2018-12-10 16:28:05 - [TEST_STEP][PASSED] - click: Object: 'Object Repository/Final Object Repo/Page_Update Employer Information/Sub Business Entity - Partnership - Registered With other Agencies' is clicked on

2018-12-10 16:28:05 - [MESSAGE][PASSED] - Object: 'Object Repository/Final Object Repo/Page_Update Employer Information/Sub Business Entity - Partnership - Registered With other Agencies' is clicked on

2018-12-10 16:28:05 - [TEST_STEP][PASSED] - delay: Delayed 3 second(s)

2018-12-10 16:28:08 - [MESSAGE][PASSED] - Delayed 3 second(s)

2018-12-10 16:28:08 - [TEST_STEP][PASSED] - delay: Delayed 4 second(s)

2018-12-10 16:28:12 - [MESSAGE][PASSED] - Delayed 4 second(s)

2018-12-10 16:28:12 - [TEST_STEP][PASSED] - click: Object: 'Object Repository/Final Object Repo/Page_Update Employer Information/Save  Continue' is clicked on

2018-12-10 16:28:12 - [MESSAGE][PASSED] - Object: 'Object Repository/Final Object Repo/Page_Update Employer Information/Save  Continue' is clicked on

2018-12-10 16:28:12 - [TEST_STEP][PASSED] - delay: Delayed 4 second(s)

2018-12-10 16:28:16 - [MESSAGE][PASSED] - Delayed 4 second(s)

2018-12-10 16:28:16 - [TEST_STEP][PASSED] - click: Object: 'Object Repository/Final Object Repo/Page_Update Employer Information/Save  Continue (1)' is clicked on

2018-12-10 16:28:17 - [MESSAGE][PASSED] - Object: 'Object Repository/Final Object Repo/Page_Update Employer Information/Save  Continue (1)' is clicked on

2018-12-10 16:28:17 - [TEST_STEP][PASSED] - delay: Delayed 4 second(s)

2018-12-10 16:28:21 - [MESSAGE][PASSED] - Delayed 4 second(s)

2018-12-10 16:28:21 - [TEST_STEP][PASSED] - Statement - CaseReferenceNo = com.kms.katalon.core.webui.keyword.WebUiBuiltInKeywords.getText(com.kms.katalon.core.testobject.ObjectRepository.findTestObject(Final Object Repo/Page_Update Employer Information/Reference Number in Update Employee Information Page)): Text of object 'Object Repository/Final Object Repo/Page_Update Employer Information/Reference Number in Update Employee Information Page' is: 'CUN122018C100005963'

2018-12-10 16:28:21 - [MESSAGE][PASSED] - Text of object 'Object Repository/Final Object Repo/Page_Update Employer Information/Reference Number in Update Employee Information Page' is: 'CUN122018C100005963'

2018-12-10 16:28:21 - [TEST_STEP][PASSED] - callTestCase: Call Test Case 'Test Cases/Final Aug 2018 - PKS Automation/Common/Reference Number Setter' successfully

2018-12-10 16:28:21 - [TEST_CASE][PASSED] - Test Cases/Final Aug 2018 - PKS Automation/Common/Reference Number Setter: Test Cases/Final Aug 2018 - PKS Automation/Common/Reference Number Setter

2018-12-10 16:28:21 - [TEST_STEP][PASSED] - Statement - RefNoOldFile = new java.io.File(C://Users//Admin//Desktop//PKS//Automation Reference Point//KatalonReference.txt): null

2018-12-10 16:28:21 - [TEST_STEP][PASSED] - Statement - RefNoOldFile.delete(): null

2018-12-10 16:28:21 - [TEST_STEP][PASSED] - delay: Delayed 5 second(s)

2018-12-10 16:28:26 - [MESSAGE][PASSED] - Delayed 5 second(s)

2018-12-10 16:28:26 - [TEST_STEP][PASSED] - Statement - RefNo = new java.io.File(C://Users//Admin//Desktop//PKS//Automation Reference Point//KatalonReference.txt): null

2018-12-10 16:28:26 - [TEST_STEP][PASSED] - Statement - f2 = new java.io.FileWriter(RefNo, false): null

2018-12-10 16:28:26 - [TEST_STEP][PASSED] - Statement - f2.write(CaseReferenceNo): null

2018-12-10 16:28:26 - [TEST_STEP][PASSED] - Statement - f2.close(): null

2018-12-10 16:28:26 - [TEST_STEP][PASSED] - Statement - out.println("


" + CaseReferenceNo + "


"): null

2018-12-10 16:28:26 - [MESSAGE][PASSED] - Call Test Case 'Test Cases/Final Aug 2018 - PKS Automation/Common/Reference Number Setter' successfully

2018-12-10 16:28:26 - [TEST_STEP][PASSED] - delay: Delayed 4 second(s)

2018-12-10 16:28:30 - [MESSAGE][PASSED] - Delayed 4 second(s)

2018-12-10 16:28:30 - [TEST_STEP][PASSED] - click: Object: 'Object Repository/Final Object Repo/Page_Update Employer Information/Submit - Copy' is clicked on

2018-12-10 16:28:30 - [MESSAGE][PASSED] - Object: 'Object Repository/Final Object Repo/Page_Update Employer Information/Submit - Copy' is clicked on

2018-12-10 16:28:30 - [TEST_STEP][PASSED] - delay: Delayed 2 second(s)

2018-12-10 16:28:32 - [MESSAGE][PASSED] - Delayed 2 second(s)

2018-12-10 16:28:32 - [TEST_STEP][PASSED] - click: Object: 'Object Repository/Final Object Repo/Page_Update Employer Information/Confirm' is clicked on

2018-12-10 16:28:32 - [MESSAGE][PASSED] - Object: 'Object Repository/Final Object Repo/Page_Update Employer Information/Confirm' is clicked on

2018-12-10 16:28:32 - [TEST_STEP][PASSED] - delay: Delayed 2 second(s)

2018-12-10 16:28:34 - [MESSAGE][PASSED] - Delayed 2 second(s)

2018-12-10 16:28:34 - [TEST_STEP][PASSED] - click: Object: 'Object Repository/Final Object Repo/Page_Update Employer Information/Message Your Request will be route' is clicked on

2018-12-10 16:28:36 - [MESSAGE][PASSED] - Object: 'Object Repository/Final Object Repo/Page_Update Employer Information/Message Your Request will be route' is clicked on

2018-12-10 16:28:36 - [MESSAGE][PASSED] - Call Test Case 'Test Cases/Final Aug 2018 - PKS Automation/Registration Module/Workflow/Update Employer Information/Template/Update Employer Information - Special Case (PKRBO)' successfully

2018-12-10 16:28:36 - [TEST_STEP][PASSED] - callTestCase: Call Test Case 'Test Cases/Final Aug 2018 - PKS Automation/Registration Module/Workflow/Update Employer Information/Template/Update Employer Information - Special Case - UO (Under enforcement)' successfully

2018-12-10 16:28:36 - [TEST_CASE][PASSED] - Test Cases/Final Aug 2018 - PKS Automation/Registration Module/Workflow/Update Employer Information/Template/Update Employer Information - Special Case - UO (Under enforcement): Test Cases/Final Aug 2018 - PKS Automation/Registration Module/Workflow/Update Employer Information/Template/Update Employer Information - Special Case - UO (Under enforcement)

2018-12-10 16:28:36 - [TEST_STEP][NOT_RUN] - callTestCase: NOT_RUN: callTestCase

2018-12-10 16:28:36 - [MESSAGE][NOT_RUN] - NOT_RUN: callTestCase

2018-12-10 16:28:36 - [TEST_STEP][PASSED] - delay: Delayed 1 second(s)

2018-12-10 16:28:37 - [MESSAGE][PASSED] - Delayed 1 second(s)

2018-12-10 16:28:37 - [TEST_STEP][PASSED] - navigateToUrl: Navigate to 'https://assist2-uat.perkeso.gov.my/c/portal/logout' successfully

2018-12-10 16:28:38 - [MESSAGE][PASSED] - Navigate to 'https://assist2-uat.perkeso.gov.my/c/portal/logout' successfully

2018-12-10 16:28:38 - [TEST_STEP][PASSED] - delay: Delayed 1 second(s)

2018-12-10 16:28:39 - [MESSAGE][PASSED] - Delayed 1 second(s)

2018-12-10 16:28:39 - [TEST_STEP][PASSED] - callTestCase: Call Test Case 'Test Cases/Final Aug 2018 - PKS Automation/Common/Reference Number Getter' successfully

2018-12-10 16:28:39 - [TEST_CASE][PASSED] - Test Cases/Final Aug 2018 - PKS Automation/Common/Reference Number Getter: Test Cases/Final Aug 2018 - PKS Automation/Common/Reference Number Getter

2018-12-10 16:28:39 - [TEST_STEP][PASSED] - Statement - Try: null

2018-12-10 16:28:39 - [TEST_STEP][PASSED] - Statement - RefNo = new java.io.File(C://Users//Admin//Desktop//PKS//Automation Reference Point//KatalonReference.txt): null

2018-12-10 16:28:39 - [TEST_STEP][PASSED] - Statement - bufferread = new java.io.BufferedReader(new java.io.FileReader(RefNo)): null

2018-12-10 16:28:39 - [TEST_STEP][PASSED] - Statement - readedVal = bufferread.readLine(): null

2018-12-10 16:28:39 - [TEST_STEP][PASSED] - Statement - out.println(CaseReferenceNo): null

2018-12-10 16:28:39 - [TEST_STEP][PASSED] - Statement - out.println(readedVal): null

2018-12-10 16:28:39 - [TEST_STEP][PASSED] - Statement - CaseReferenceNo = "": null

2018-12-10 16:28:39 - [TEST_STEP][PASSED] - Statement - CaseReferenceNo = readedVal: null

2018-12-10 16:28:39 - [MESSAGE][PASSED] - Call Test Case 'Test Cases/Final Aug 2018 - PKS Automation/Common/Reference Number Getter' successfully

2018-12-10 16:28:39 - [TEST_STEP][PASSED] - callTestCase: Call Test Case 'Test Cases/Final Aug 2018 - PKS Automation/Common/Workflow Owner Finder' successfully

2018-12-10 16:28:39 - [TEST_CASE][PASSED] - Test Cases/Final Aug 2018 - PKS Automation/Common/Workflow Owner Finder: Test Cases/Final Aug 2018 - PKS Automation/Common/Workflow Owner Finder

2018-12-10 16:28:39 - [TEST_STEP][PASSED] - openBrowser: Browser is opened with url: ''

2018-12-10 16:28:39 - [MESSAGE][WARNING] - A browser is already opened. Closing browser and opening a new one

2018-12-10 16:28:42 - [MESSAGE][PASSED] - Browser is opened with url: ''

2018-12-10 16:28:42 - [TEST_STEP][PASSED] - navigateToUrl: Navigate to 'https://assist2-uat.perkeso.gov.my/login' successfully

2018-12-10 16:28:43 - [MESSAGE][PASSED] - Navigate to 'https://assist2-uat.perkeso.gov.my/login' successfully

2018-12-10 16:28:43 - [TEST_STEP][PASSED] - delay: Delayed 5 second(s)

2018-12-10 16:28:48 - [MESSAGE][PASSED] - Delayed 5 second(s)

2018-12-10 16:28:48 - [TEST_STEP][PASSED] - setText: Text 'test@liferay.com' is set on object 'Object Repository/Final Object Repo/Login Page/Internal User/Email Address'

2018-12-10 16:28:49 - [MESSAGE][PASSED] - Text 'test@liferay.com' is set on object 'Object Repository/Final Object Repo/Login Page/Internal User/Email Address'

2018-12-10 16:28:49 - [TEST_STEP][PASSED] - click: Object: 'Object Repository/Final Object Repo/Login Page/Internal User/Next Button' is clicked on

2018-12-10 16:28:49 - [MESSAGE][PASSED] - Object: 'Object Repository/Final Object Repo/Login Page/Internal User/Next Button' is clicked on

2018-12-10 16:28:49 - [TEST_STEP][PASSED] - delay: Delayed 2 second(s)

2018-12-10 16:28:51 - [MESSAGE][PASSED] - Delayed 2 second(s)

2018-12-10 16:28:51 - [TEST_STEP][PASSED] - setText: Text 'test' is set on object 'Object Repository/Final Object Repo/Login Page/Internal User/Password'

2018-12-10 16:28:51 - [MESSAGE][PASSED] - Text 'test' is set on object 'Object Repository/Final Object Repo/Login Page/Internal User/Password'

2018-12-10 16:28:51 - [TEST_STEP][PASSED] - delay: Delayed 2 second(s)

2018-12-10 16:28:53 - [MESSAGE][PASSED] - Delayed 2 second(s)

2018-12-10 16:28:53 - [TEST_STEP][PASSED] - click: Object: 'Object Repository/Final Object Repo/Login Page/Internal User/Login Button' is clicked on

2018-12-10 16:28:53 - [MESSAGE][PASSED] - Object: 'Object Repository/Final Object Repo/Login Page/Internal User/Login Button' is clicked on

2018-12-10 16:28:53 - [TEST_STEP][PASSED] - Statement - tester = com.kms.katalon.core.testobject.ObjectRepository.findTestObject(Final Object Repo/Landing Page/Select to English): Finding Test Object with id 'Object Repository/Final Object Repo/Landing Page/Select to English'

2018-12-10 16:28:53 - [TEST_STEP][PASSED] - Statement - Try: Delayed 2 second(s)

2018-12-10 16:28:53 - [TEST_STEP][PASSED] - Statement - Checker = com.kms.katalon.core.webui.keyword.WebUiBuiltInKeywords.verifyElementNotPresent(tester, 3): Web element with id: 'Object Repository/Final Object Repo/Landing Page/Select to English' located by 'By.xpath: //a[@class = 'taglib-language-list-text' and @lang = 'en-US' and (contains(text(), 'EN') or contains(., 'EN'))]' is not present after '3' second(s)

2018-12-10 16:28:55 - [MESSAGE][PASSED] - Web element with id: 'Object Repository/Final Object Repo/Landing Page/Select to English' located by 'By.xpath: //a[@class = 'taglib-language-list-text' and @lang = 'en-US' and (contains(text(), 'EN') or contains(., 'EN'))]' is not present after '3' second(s)

2018-12-10 16:28:55 - [TEST_STEP][PASSED] - Statement - If (Checker == false): null

2018-12-10 16:28:55 - [TEST_STEP][PASSED] - delay: Delayed 2 second(s)

2018-12-10 16:28:57 - [MESSAGE][PASSED] - Delayed 2 second(s)

2018-12-10 16:28:57 - [TEST_STEP][PASSED] - delay: Delayed 5 second(s)

2018-12-10 16:29:02 - [MESSAGE][PASSED] - Delayed 5 second(s)

2018-12-10 16:29:02 - [TEST_STEP][PASSED] - mouseOver: Object: 'Object Repository/Final Object Repo/Landing Page/WorkFlow Menu' is hovered

2018-12-10 16:29:02 - [MESSAGE][PASSED] - Object: 'Object Repository/Final Object Repo/Landing Page/WorkFlow Menu' is hovered

2018-12-10 16:29:02 - [TEST_STEP][PASSED] - delay: Delayed 2 second(s)

2018-12-10 16:29:04 - [MESSAGE][PASSED] - Delayed 2 second(s)

2018-12-10 16:29:04 - [TEST_STEP][PASSED] - click: Object: 'Object Repository/Final Object Repo/Landing Page/Select to Workflow Listing' is clicked on

2018-12-10 16:29:06 - [MESSAGE][PASSED] - Object: 'Object Repository/Final Object Repo/Landing Page/Select to Workflow Listing' is clicked on

2018-12-10 16:29:06 - [TEST_STEP][PASSED] - delay: Delayed 2 second(s)

2018-12-10 16:29:08 - [MESSAGE][PASSED] - Delayed 2 second(s)

2018-12-10 16:29:08 - [TEST_STEP][PASSED] - click: Object: 'Object Repository/Final Object Repo/WorkFlow Listing Page/Search Information - To Put Ref No' is clicked on

2018-12-10 16:29:08 - [MESSAGE][PASSED] - Object: 'Object Repository/Final Object Repo/WorkFlow Listing Page/Search Information - To Put Ref No' is clicked on

2018-12-10 16:29:08 - [TEST_STEP][PASSED] - delay: Delayed 2 second(s)

2018-12-10 16:29:10 - [MESSAGE][PASSED] - Delayed 2 second(s)

2018-12-10 16:29:10 - [TEST_STEP][PASSED] - callTestCase: Call Test Case 'Test Cases/Final Aug 2018 - PKS Automation/Common/Reference Number Getter' successfully

2018-12-10 16:29:10 - [TEST_CASE][PASSED] - Test Cases/Final Aug 2018 - PKS Automation/Common/Reference Number Getter: Test Cases/Final Aug 2018 - PKS Automation/Common/Reference Number Getter

2018-12-10 16:29:10 - [TEST_STEP][PASSED] - Statement - Try: null

2018-12-10 16:29:10 - [TEST_STEP][PASSED] - Statement - RefNo = new java.io.File(C://Users//Admin//Desktop//PKS//Automation Reference Point//KatalonReference.txt): null

2018-12-10 16:29:10 - [TEST_STEP][PASSED] - Statement - bufferread = new java.io.BufferedReader(new java.io.FileReader(RefNo)): null

2018-12-10 16:29:10 - [TEST_STEP][PASSED] - Statement - readedVal = bufferread.readLine(): null

2018-12-10 16:29:10 - [TEST_STEP][PASSED] - Statement - out.println(CaseReferenceNo): null

2018-12-10 16:29:10 - [TEST_STEP][PASSED] - Statement - out.println(readedVal): null

2018-12-10 16:29:10 - [TEST_STEP][PASSED] - Statement - CaseReferenceNo = "": null

2018-12-10 16:29:10 - [TEST_STEP][PASSED] - Statement - CaseReferenceNo = readedVal: null

2018-12-10 16:29:10 - [MESSAGE][PASSED] - Call Test Case 'Test Cases/Final Aug 2018 - PKS Automation/Common/Reference Number Getter' successfully

2018-12-10 16:29:10 - [TEST_STEP][PASSED] - setText: Text 'CUN122018C100005963' is set on object 'Object Repository/Final Object Repo/WorkFlow Listing Page/Ref No Set Text'

2018-12-10 16:29:10 - [MESSAGE][PASSED] - Text 'CUN122018C100005963' is set on object 'Object Repository/Final Object Repo/WorkFlow Listing Page/Ref No Set Text'

2018-12-10 16:29:10 - [TEST_STEP][PASSED] - delay: Delayed 2 second(s)

2018-12-10 16:29:12 - [MESSAGE][PASSED] - Delayed 2 second(s)

2018-12-10 16:29:12 - [TEST_STEP][PASSED] - click: Object: 'Object Repository/Final Object Repo/WorkFlow Listing Page/Search Ref No Search Button' is clicked on

2018-12-10 16:29:13 - [MESSAGE][PASSED] - Object: 'Object Repository/Final Object Repo/WorkFlow Listing Page/Search Ref No Search Button' is clicked on

2018-12-10 16:29:13 - [TEST_STEP][PASSED] - delay: Delayed 6 second(s)

2018-12-10 16:29:19 - [MESSAGE][PASSED] - Delayed 6 second(s)

2018-12-10 16:29:19 - [TEST_STEP][PASSED] - click: Object: 'Object Repository/Final Object Repo/WorkFlow Listing Page/Click Continue Tooltip' is clicked on

2018-12-10 16:29:19 - [MESSAGE][PASSED] - Object: 'Object Repository/Final Object Repo/WorkFlow Listing Page/Click Continue Tooltip' is clicked on

2018-12-10 16:29:19 - [TEST_STEP][PASSED] - delay: Delayed 5 second(s)

2018-12-10 16:29:24 - [MESSAGE][PASSED] - Delayed 5 second(s)

2018-12-10 16:29:24 - [TEST_STEP][PASSED] - doubleClick: Object: 'Object Repository/Final Object Repo/WorkFlow Listing Page/Workflow Found - Listing 1' is double clicked on

2018-12-10 16:29:25 - [MESSAGE][PASSED] - Object: 'Object Repository/Final Object Repo/WorkFlow Listing Page/Workflow Found - Listing 1' is double clicked on

2018-12-10 16:29:25 - [TEST_STEP][PASSED] - Statement - println(OwnerID): null

2018-12-10 16:29:25 - [TEST_STEP][PASSED] - Statement - OwnerID = com.kms.katalon.core.webui.keyword.WebUiBuiltInKeywords.getText(com.kms.katalon.core.testobject.ObjectRepository.findTestObject(Final Object Repo/WorkFlow Listing Page/Workflow Found - Listing 1), STOP_ON_FAILURE): Text of object 'Object Repository/Final Object Repo/WorkFlow Listing Page/Workflow Found - Listing 1' is: 'JOHORuo2'

2018-12-10 16:29:25 - [MESSAGE][PASSED] - Text of object 'Object Repository/Final Object Repo/WorkFlow Listing Page/Workflow Found - Listing 1' is: 'JOHORuo2'

2018-12-10 16:29:25 - [TEST_STEP][PASSED] - Statement - OwnerID = OwnerID.toLowerCase() + "@gmail.com": null

2018-12-10 16:29:25 - [TEST_STEP][PASSED] - Statement - println(OwnerID): null

2018-12-10 16:29:25 - [TEST_STEP][PASSED] - delay: Delayed 2 second(s)

2018-12-10 16:29:27 - [MESSAGE][PASSED] - Delayed 2 second(s)

2018-12-10 16:29:27 - [MESSAGE][PASSED] - Call Test Case 'Test Cases/Final Aug 2018 - PKS Automation/Common/Workflow Owner Finder' successfully

2018-12-10 16:29:27 - [TEST_STEP][PASSED] - delay: Delayed 1 second(s)

2018-12-10 16:29:28 - [MESSAGE][PASSED] - Delayed 1 second(s)

2018-12-10 16:29:28 - [TEST_STEP][PASSED] - navigateToUrl: Navigate to 'https://assist2-uat.perkeso.gov.my/c/portal/logout' successfully

2018-12-10 16:29:29 - [MESSAGE][PASSED] - Navigate to 'https://assist2-uat.perkeso.gov.my/c/portal/logout' successfully

2018-12-10 16:29:29 - [TEST_STEP][PASSED] - delay: Delayed 1 second(s)

2018-12-10 16:29:30 - [MESSAGE][PASSED] - Delayed 1 second(s)

2018-12-10 16:29:30 - [TEST_STEP][PASSED] - callTestCase: Call Test Case 'Test Cases/Final Aug 2018 - PKS Automation/Registration Module/Workflow/Login and Search Case For Workflow' successfully

2018-12-10 16:29:30 - [TEST_CASE][PASSED] - Test Cases/Final Aug 2018 - PKS Automation/Registration Module/Workflow/Login and Search Case For Workflow: Test Cases/Final Aug 2018 - PKS Automation/Registration Module/Workflow/Login and Search Case For Workflow

2018-12-10 16:29:30 - [TEST_STEP][PASSED] - navigateToUrl: Navigate to 'https://assist2-uat.perkeso.gov.my/login' successfully

2018-12-10 16:29:30 - [MESSAGE][PASSED] - Navigate to 'https://assist2-uat.perkeso.gov.my/login' successfully

2018-12-10 16:29:30 - [TEST_STEP][PASSED] - setText: Text 'johoruo2@gmail.com' is set on object 'Object Repository/Final Object Repo/Login Page/Internal User/Email Address'

2018-12-10 16:29:31 - [MESSAGE][PASSED] - Text 'johoruo2@gmail.com' is set on object 'Object Repository/Final Object Repo/Login Page/Internal User/Email Address'

2018-12-10 16:29:31 - [TEST_STEP][PASSED] - click: Object: 'Object Repository/Final Object Repo/Login Page/Internal User/Next Button' is clicked on

2018-12-10 16:29:31 - [MESSAGE][PASSED] - Object: 'Object Repository/Final Object Repo/Login Page/Internal User/Next Button' is clicked on

2018-12-10 16:29:31 - [TEST_STEP][PASSED] - delay: Delayed 1 second(s)

2018-12-10 16:29:32 - [MESSAGE][PASSED] - Delayed 1 second(s)

2018-12-10 16:29:32 - [TEST_STEP][PASSED] - setEncryptedText: Text ****** has been set on object 'Object Repository/Final Object Repo/Login Page/Internal User/Password'

2018-12-10 16:29:32 - [MESSAGE][PASSED] - Text ****** has been set on object 'Object Repository/Final Object Repo/Login Page/Internal User/Password'

2018-12-10 16:29:32 - [TEST_STEP][PASSED] - click: Object: 'Object Repository/Final Object Repo/Login Page/Internal User/Login Button' is clicked on

2018-12-10 16:29:32 - [MESSAGE][PASSED] - Object: 'Object Repository/Final Object Repo/Login Page/Internal User/Login Button' is clicked on

2018-12-10 16:29:32 - [TEST_STEP][PASSED] - delay: Delayed 2 second(s)

2018-12-10 16:29:34 - [MESSAGE][PASSED] - Delayed 2 second(s)

2018-12-10 16:29:34 - [TEST_STEP][PASSED] - Statement - Try: Delayed 2 second(s)

2018-12-10 16:29:34 - [TEST_STEP][PASSED] - Statement - Checker = false: null

2018-12-10 16:29:34 - [TEST_STEP][PASSED] - Statement - Checker = com.kms.katalon.core.webui.keyword.WebUiBuiltInKeywords.verifyElementHasAttribute(com.kms.katalon.core.testobject.ObjectRepository.findTestObject(Final Object Repo/Landing Page/BM Detecting), "href", 20, OPTIONAL): Object 'Object Repository/Final Object Repo/Landing Page/BM Detecting' has attribute 'href'

2018-12-10 16:29:34 - [MESSAGE][PASSED] - Object 'Object Repository/Final Object Repo/Landing Page/BM Detecting' has attribute 'href'

2018-12-10 16:29:34 - [TEST_STEP][PASSED] - Statement - out.println(Checker): null

2018-12-10 16:29:34 - [TEST_STEP][PASSED] - Statement - If (Checker == false): null

2018-12-10 16:29:34 - [TEST_STEP][PASSED] - Statement - Else: null

2018-12-10 16:29:34 - [TEST_STEP][PASSED] - delay: Delayed 2 second(s)

2018-12-10 16:29:36 - [MESSAGE][PASSED] - Delayed 2 second(s)

2018-12-10 16:29:36 - [TEST_STEP][PASSED] - click: Object: 'Object Repository/Final Object Repo/Page_MyASSIST - ASSIST - Search Pending Case For Add Supporting Document/Search Information' is clicked on

2018-12-10 16:29:36 - [MESSAGE][PASSED] - Object: 'Object Repository/Final Object Repo/Page_MyASSIST - ASSIST - Search Pending Case For Add Supporting Document/Search Information' is clicked on

2018-12-10 16:29:36 - [TEST_STEP][PASSED] - delay: Delayed 3 second(s)

2018-12-10 16:29:39 - [MESSAGE][PASSED] - Delayed 3 second(s)

2018-12-10 16:29:39 - [TEST_STEP][PASSED] - sendKeys: Keys 'CUN122018C100005963' sent to object: 'Object Repository/Final Object Repo/Page_MyASSIST - ASSIST - Search Pending Case For Add Supporting Document/Reference No'

2018-12-10 16:29:40 - [MESSAGE][PASSED] - Keys 'CUN122018C100005963' sent to object: 'Object Repository/Final Object Repo/Page_MyASSIST - ASSIST - Search Pending Case For Add Supporting Document/Reference No'

2018-12-10 16:29:40 - [TEST_STEP][PASSED] - click: Object: 'Object Repository/Final Object Repo/Page_MyASSIST - ASSIST - Search Pending Case For Add Supporting Document/Search Reference No' is clicked on

2018-12-10 16:29:40 - [MESSAGE][PASSED] - Object: 'Object Repository/Final Object Repo/Page_MyASSIST - ASSIST - Search Pending Case For Add Supporting Document/Search Reference No' is clicked on

2018-12-10 16:29:40 - [TEST_STEP][PASSED] - delay: Delayed 2 second(s)

2018-12-10 16:29:42 - [MESSAGE][PASSED] - Delayed 2 second(s)

2018-12-10 16:29:42 - [TEST_STEP][PASSED] - click: Object: 'Object Repository/Final Object Repo/Page_MyASSIST - ASSIST - Search Pending Case For Add Supporting Document/Continue' is clicked on

2018-12-10 16:29:46 - [MESSAGE][PASSED] - Object: 'Object Repository/Final Object Repo/Page_MyASSIST - ASSIST - Search Pending Case For Add Supporting Document/Continue' is clicked on

2018-12-10 16:29:46 - [TEST_STEP][PASSED] - delay: Delayed 20 second(s)

2018-12-10 16:30:06 - [MESSAGE][PASSED] - Delayed 20 second(s)

2018-12-10 16:30:06 - [MESSAGE][PASSED] - Call Test Case 'Test Cases/Final Aug 2018 - PKS Automation/Registration Module/Workflow/Login and Search Case For Workflow' successfully

2018-12-10 16:30:06 - [TEST_STEP][PASSED] - delay: Delayed 2 second(s)

2018-12-10 16:30:08 - [MESSAGE][PASSED] - Delayed 2 second(s)

2018-12-10 16:30:08 - [TEST_STEP][PASSED] - click: Object: 'Object Repository/Final Object Repo/Page_Update Employer Information/Page_Update Employer Information UO (Approve)/Continue' is clicked on

2018-12-10 16:30:11 - [MESSAGE][PASSED] - Object: 'Object Repository/Final Object Repo/Page_Update Employer Information/Page_Update Employer Information UO (Approve)/Continue' is clicked on

2018-12-10 16:30:11 - [TEST_STEP][PASSED] - delay: Delayed 2 second(s)

2018-12-10 16:30:13 - [MESSAGE][PASSED] - Delayed 2 second(s)

2018-12-10 16:30:13 - [TEST_STEP][PASSED] - click: Object: 'Object Repository/Final Object Repo/Page_Update Employer Information/Page_Update Employer Information UO (Approve)/Save  Continue in Update Employer Information Page' is clicked on

2018-12-10 16:30:14 - [MESSAGE][PASSED] - Object: 'Object Repository/Final Object Repo/Page_Update Employer Information/Page_Update Employer Information UO (Approve)/Save  Continue in Update Employer Information Page' is clicked on

2018-12-10 16:30:14 - [TEST_STEP][PASSED] - delay: Delayed 2 second(s)

2018-12-10 16:30:16 - [MESSAGE][PASSED] - Delayed 2 second(s)

2018-12-10 16:30:16 - [TEST_STEP][PASSED] - click: Object: 'Object Repository/Final Object Repo/Page_Update Employer Information/Page_Update Employer Information UO (Approve)/Save  Continue in Uploading Supporting Document Page' is clicked on

2018-12-10 16:30:18 - [MESSAGE][PASSED] - Object: 'Object Repository/Final Object Repo/Page_Update Employer Information/Page_Update Employer Information UO (Approve)/Save  Continue in Uploading Supporting Document Page' is clicked on

2018-12-10 16:30:18 - [TEST_STEP][PASSED] - delay: Delayed 2 second(s)

2018-12-10 16:30:20 - [MESSAGE][PASSED] - Delayed 2 second(s)

2018-12-10 16:30:20 - [TEST_STEP][PASSED] - click: Object: 'Object Repository/Final Object Repo/Page_Update Employer Information/Page_Update Employer Information UO (Under enforcement)/Under enforcement' is clicked on

2018-12-10 16:30:22 - [MESSAGE][PASSED] - Object: 'Object Repository/Final Object Repo/Page_Update Employer Information/Page_Update Employer Information UO (Under enforcement)/Under enforcement' is clicked on

2018-12-10 16:30:22 - [TEST_STEP][PASSED] - delay: Delayed 2 second(s)

2018-12-10 16:30:24 - [MESSAGE][PASSED] - Delayed 2 second(s)

2018-12-10 16:30:24 - [TEST_STEP][PASSED] - setText: Text 'remark' is set on object 'Object Repository/Final Object Repo/Page_Update Employer Information/Page_Update Employer Information UO (Under enforcement)/Under enforcement - remark'

2018-12-10 16:30:25 - [MESSAGE][PASSED] - Text 'remark' is set on object 'Object Repository/Final Object Repo/Page_Update Employer Information/Page_Update Employer Information UO (Under enforcement)/Under enforcement - remark'

2018-12-10 16:30:25 - [TEST_STEP][PASSED] - delay: Delayed 2 second(s)

2018-12-10 16:30:27 - [MESSAGE][PASSED] - Delayed 2 second(s)

2018-12-10 16:30:27 - [TEST_STEP][PASSED] - click: Object: 'Object Repository/Final Object Repo/Page_Update Employer Information/Page_Update Employer Information UO (Under enforcement)/Save  Continue in Under enfocement Page' is clicked on

2018-12-10 16:30:27 - [MESSAGE][PASSED] - Object: 'Object Repository/Final Object Repo/Page_Update Employer Information/Page_Update Employer Information UO (Under enforcement)/Save  Continue in Under enfocement Page' is clicked on

2018-12-10 16:30:27 - [TEST_STEP][PASSED] - delay: Delayed 2 second(s)

2018-12-10 16:30:29 - [MESSAGE][PASSED] - Delayed 2 second(s)

2018-12-10 16:30:29 - [TEST_STEP][PASSED] - doubleClick: Object: 'Object Repository/Final Object Repo/Page_Update Employer Information/Page_Update Employer Information UO (Under enforcement)/Message The case is under enforceme' is double clicked on

2018-12-10 16:30:30 - [MESSAGE][PASSED] - Object: 'Object Repository/Final Object Repo/Page_Update Employer Information/Page_Update Employer Information UO (Under enforcement)/Message The case is under enforceme' is double clicked on

2018-12-10 16:30:30 - [MESSAGE][PASSED] - Call Test Case 'Test Cases/Final Aug 2018 - PKS Automation/Registration Module/Workflow/Update Employer Information/Template/Update Employer Information - Special Case - UO (Under enforcement)' successfully]]></system-out>
         <system-err><![CDATA[]]></system-err>
      </testcase>
      <system-out><![CDATA[2018-12-10 15:36:30 - [TEST_SUITE][PASSED] - Update Employer Information: Test Cases/Final Aug 2018 - PKS Automation/Registration Module/Workflow/Update Employer Information/PKRBO - UO (Under enforcement)]]></system-out>
      <system-err><![CDATA[]]></system-err>
   </testsuite>
</testsuites>
