<?xml version="1.0" encoding="UTF-8"?>
<testsuites name="Update Add New Employee" time="11191" tests="12" failures="1" errors="0">
   <testsuite name="Update Add New Employee" tests="12" failures="1" errors="0" time="11191" timestamp="2018-12-11 15:17:33" hostname="Admin - Win7Test02" id="Test Suites/Workflow/Update Add New Employee">
      <properties>
         <property name="deviceName" value=""/>
         <property name="devicePlatform" value=""/>
         <property name="logFolder" value="C:\\Users\\Admin\\Desktop\\PKS\\Perkeso Phase A\\Reports\\Workflow\\Update Add New Employee\\20181211_110147"/>
         <property name="logFiles" value="C:\\Users\\Admin\\Desktop\\PKS\\Perkeso Phase A\\Reports\\Workflow\\Update Add New Employee\\20181211_110147\\execution0.log, C:\\Users\\Admin\\Desktop\\PKS\\Perkeso Phase A\\Reports\\Workflow\\Update Add New Employee\\20181211_110147\\execution1.log, C:\\Users\\Admin\\Desktop\\PKS\\Perkeso Phase A\\Reports\\Workflow\\Update Add New Employee\\20181211_110147\\execution2.log"/>
         <property name="attachments" value="C:\\Users\\Admin\\Desktop\\PKS\\Perkeso Phase A\\Reports\\Workflow\\Update Add New Employee\\20181211_110147\\1544512702272.png, C:\\Users\\Admin\\Desktop\\PKS\\Perkeso Phase A\\Reports\\Workflow\\Update Add New Employee\\20181211_110147\\1544512753651.png, C:\\Users\\Admin\\Desktop\\PKS\\Perkeso Phase A\\Reports\\Workflow\\Update Add New Employee\\20181211_110147\\1544512809028.png, C:\\Users\\Admin\\Desktop\\PKS\\Perkeso Phase A\\Reports\\Workflow\\Update Add New Employee\\20181211_110147\\1544512863414.png"/>
         <property name="hostName" value="Admin - Win7Test02"/>
         <property name="os" value="Windows 7 64bit"/>
         <property name="katalonVersion" value="5.8.6.1"/>
         <property name="browser" value="Chrome 70.0.3538.110"/>
         <property name="hostAddress" value="10.20.3.72"/>
         <property name="sessionId" value="8af289f89818a8f41920eca5d48a5974"/>
         <property name="seleniumVersion" value="3.7.1"/>
         <property name="proxyInformation" value="ProxyInformation{proxyOption=NO_PROXY, proxyServerType=HTTP, password=, proxyServerAddress=, proxyServerPort=0}"/>
         <property name="platform" value="Windows 7"/>
      </properties>
      <testcase name="Test Cases/Final Aug 2018 - PKS Automation/Registration Module/Workflow/Update Add New Employee/Add Employee and Set Incomplete ( OTC - PKRBO)" classname="Test Cases/Final Aug 2018 - PKS Automation/Registration Module/Workflow/Update Add New Employee/Add Employee and Set Incomplete ( OTC - PKRBO)" status="PASSED">
         <system-out><![CDATA[2018-12-11 15:17:34 - [TEST_CASE][PASSED] - Test Cases/Final Aug 2018 - PKS Automation/Registration Module/Workflow/Update Add New Employee/Add Employee and Set Incomplete ( OTC - PKRBO): Test Cases/Final Aug 2018 - PKS Automation/Registration Module/Workflow/Update Add New Employee/Add Employee and Set Incomplete ( OTC - PKRBO)

2018-12-11 15:17:34 - [TEST_STEP][PASSED] - openBrowser: Browser is opened with url: ''

2018-12-11 15:17:39 - [MESSAGE][PASSED] - Browser is opened with url: ''

2018-12-11 15:17:39 - [TEST_STEP][PASSED] - navigateToUrl: Navigate to 'https://assist2-uat.perkeso.gov.my/login' successfully

2018-12-11 15:17:40 - [MESSAGE][PASSED] - Navigate to 'https://assist2-uat.perkeso.gov.my/login' successfully

2018-12-11 15:17:40 - [TEST_STEP][PASSED] - callTestCase: Call Test Case 'Test Cases/Final Aug 2018 - PKS Automation/Registration Module/New Registration/Form 2/Date Updater' successfully

2018-12-11 15:17:40 - [TEST_CASE][PASSED] - Test Cases/Final Aug 2018 - PKS Automation/Registration Module/New Registration/Form 2/Date Updater: Test Cases/Final Aug 2018 - PKS Automation/Registration Module/New Registration/Form 2/Date Updater

2018-12-11 15:17:41 - [TEST_STEP][PASSED] - Statement - TodayDate = new java.util.Date(): null

2018-12-11 15:17:41 - [TEST_STEP][PASSED] - Statement - CurrentDateNoFilter = new java.text.SimpleDateFormat(): null

2018-12-11 15:17:41 - [TEST_STEP][PASSED] - Statement - CurrentDateNoFilter.applyPattern("MM"): null

2018-12-11 15:17:41 - [TEST_STEP][PASSED] - Statement - monthContainerMatcher = java.lang.Integer.parseInt(CurrentDateNoFilter.format(TodayDate)): null

2018-12-11 15:17:41 - [TEST_STEP][PASSED] - Statement - monthContainerMatcher = monthContainerMatcher - 1: null

2018-12-11 15:17:41 - [TEST_STEP][PASSED] - Statement - CurrentMonth = monthContainerMatcher.toString(): null

2018-12-11 15:17:41 - [TEST_STEP][PASSED] - Statement - CurrentMonth = CurrentMonth: null

2018-12-11 15:17:41 - [TEST_STEP][PASSED] - Statement - CurrentDateNoFilter.applyPattern("yyyy"): null

2018-12-11 15:17:41 - [TEST_STEP][PASSED] - Statement - CurrentYear = CurrentDateNoFilter.format(TodayDate): null

2018-12-11 15:17:41 - [TEST_STEP][PASSED] - Statement - CurrentYear = CurrentYear: null

2018-12-11 15:17:41 - [TEST_STEP][PASSED] - Statement - intCurrentYear = java.lang.Integer.parseInt(CurrentDateNoFilter.format(TodayDate)): null

2018-12-11 15:17:41 - [TEST_STEP][PASSED] - Statement - eighteenYrsAgo = intCurrentYear - 18: null

2018-12-11 15:17:41 - [TEST_STEP][PASSED] - Statement - eighteenYrsBeforeThisYr = eighteenYrsAgo.toString(): null

2018-12-11 15:17:41 - [TEST_STEP][PASSED] - Statement - EighteenYrsBefore = eighteenYrsBeforeThisYr: null

2018-12-11 15:17:41 - [TEST_STEP][PASSED] - Statement - fiftysevenYrsAgo = intCurrentYear - 57: null

2018-12-11 15:17:41 - [TEST_STEP][PASSED] - Statement - fiftysevenYrsBeforeThisYr = fiftysevenYrsAgo.toString(): null

2018-12-11 15:17:41 - [TEST_STEP][PASSED] - Statement - FiftysevenYrsBefore = fiftysevenYrsBeforeThisYr: null

2018-12-11 15:17:41 - [TEST_STEP][PASSED] - Statement - leapYear = false: null

2018-12-11 15:17:41 - [TEST_STEP][PASSED] - Statement - leapYear = intCurrentYear % 4 == 0: null

2018-12-11 15:17:41 - [TEST_STEP][PASSED] - Statement - CurrentDateNoFilter.applyPattern("dd"): null

2018-12-11 15:17:41 - [TEST_STEP][PASSED] - Statement - CurrentDate = CurrentDateNoFilter.format(TodayDate): null

2018-12-11 15:17:41 - [TEST_STEP][PASSED] - Statement - CurrentDate = java.lang.Integer.parseInt(CurrentDate): null

2018-12-11 15:17:41 - [TEST_STEP][PASSED] - Statement - CurrentDate = CurrentDate: null

2018-12-11 15:17:41 - [TEST_STEP][PASSED] - Statement - CurrentDay = java.lang.Integer.parseInt(CurrentDate): null

2018-12-11 15:17:41 - [TEST_STEP][PASSED] - Statement - ConfAdder = <not implemented yet for class: org.codehaus.groovy.ast.expr.EmptyExpression>: null

2018-12-11 15:17:41 - [TEST_STEP][PASSED] - Statement - out.println(CurrentMonth): null

2018-12-11 15:17:41 - [TEST_STEP][PASSED] - Statement - out.println(CurrentDate): null

2018-12-11 15:17:41 - [TEST_STEP][PASSED] - Statement - switch (CurrentDate): null

2018-12-11 15:17:41 - [TEST_STEP][PASSED] - Statement - Default: null

2018-12-11 15:17:41 - [TEST_STEP][PASSED] - Statement - ConfAdder = true: null

2018-12-11 15:17:41 - [TEST_STEP][PASSED] - Statement - Break: null

2018-12-11 15:17:41 - [TEST_STEP][PASSED] - Statement - aDayBefore = <not implemented yet for class: org.codehaus.groovy.ast.expr.EmptyExpression>: null

2018-12-11 15:17:41 - [TEST_STEP][PASSED] - Statement - out.println(ConfAdder): null

2018-12-11 15:17:41 - [TEST_STEP][PASSED] - Statement - If (ConfAdder == true): null

2018-12-11 15:17:41 - [TEST_STEP][PASSED] - Statement - aDayBefore = CurrentDay + 1: null

2018-12-11 15:17:41 - [TEST_STEP][PASSED] - Statement - out.println(aDayBefore): null

2018-12-11 15:17:41 - [TEST_STEP][PASSED] - Statement - If (aDayBefore == 1 && CurrentMonth == 11): null

2018-12-11 15:17:41 - [TEST_STEP][PASSED] - Statement - DayBefore = aDayBefore.toString(): null

2018-12-11 15:17:41 - [TEST_STEP][PASSED] - Statement - OneDayBefore = DayBefore: null

2018-12-11 15:17:41 - [MESSAGE][PASSED] - Call Test Case 'Test Cases/Final Aug 2018 - PKS Automation/Registration Module/New Registration/Form 2/Date Updater' successfully

2018-12-11 15:17:41 - [TEST_STEP][PASSED] - delay: Delayed 2 second(s)

2018-12-11 15:17:43 - [MESSAGE][PASSED] - Delayed 2 second(s)

2018-12-11 15:17:43 - [TEST_STEP][PASSED] - setText: Text 'klotc2@gmail.com' is set on object 'Object Repository/Final Object Repo/Page_Update Add New Employee - ASSIST/Email TextBox'

2018-12-11 15:17:43 - [MESSAGE][PASSED] - Text 'klotc2@gmail.com' is set on object 'Object Repository/Final Object Repo/Page_Update Add New Employee - ASSIST/Email TextBox'

2018-12-11 15:17:43 - [TEST_STEP][PASSED] - click: Object: 'Object Repository/Final Object Repo/Page_Update Add New Employee - ASSIST/Next Button' is clicked on

2018-12-11 15:17:44 - [MESSAGE][PASSED] - Object: 'Object Repository/Final Object Repo/Page_Update Add New Employee - ASSIST/Next Button' is clicked on

2018-12-11 15:17:44 - [TEST_STEP][PASSED] - delay: Delayed 2 second(s)

2018-12-11 15:17:46 - [MESSAGE][PASSED] - Delayed 2 second(s)

2018-12-11 15:17:46 - [TEST_STEP][PASSED] - setText: Text 'Test1@3456789' is set on object 'Object Repository/Final Object Repo/Page_Update Add New Employee - ASSIST/Password TextBox'

2018-12-11 15:17:46 - [MESSAGE][PASSED] - Text 'Test1@3456789' is set on object 'Object Repository/Final Object Repo/Page_Update Add New Employee - ASSIST/Password TextBox'

2018-12-11 15:17:46 - [TEST_STEP][PASSED] - delay: Delayed 2 second(s)

2018-12-11 15:17:48 - [MESSAGE][PASSED] - Delayed 2 second(s)

2018-12-11 15:17:48 - [TEST_STEP][PASSED] - click: Object: 'Object Repository/Final Object Repo/Page_Update Add New Employee - ASSIST/Login Button' is clicked on

2018-12-11 15:17:48 - [MESSAGE][PASSED] - Object: 'Object Repository/Final Object Repo/Page_Update Add New Employee - ASSIST/Login Button' is clicked on

2018-12-11 15:17:48 - [TEST_STEP][PASSED] - Statement - Try: null

2018-12-11 15:17:48 - [TEST_STEP][PASSED] - Statement - Checker = com.kms.katalon.core.webui.keyword.WebUiBuiltInKeywords.verifyElementNotPresent("Final Object Repo/Landing Page/Select to English", 3): null

2018-12-11 15:17:48 - [TEST_STEP][PASSED] - Statement - Catch (Exception e): null

2018-12-11 15:17:48 - [TEST_STEP][PASSED] - Statement - e.printStackTrace(): null

2018-12-11 15:17:48 - [TEST_STEP][PASSED] - delay: Delayed 5 second(s)

2018-12-11 15:17:53 - [MESSAGE][PASSED] - Delayed 5 second(s)

2018-12-11 15:17:53 - [TEST_STEP][PASSED] - click: Object: 'Object Repository/Final Object Repo/Page_Update Add New Employee - ASSIST/My Sites Drop Down' is clicked on

2018-12-11 15:17:53 - [MESSAGE][PASSED] - Object: 'Object Repository/Final Object Repo/Page_Update Add New Employee - ASSIST/My Sites Drop Down' is clicked on

2018-12-11 15:17:53 - [TEST_STEP][PASSED] - click: Object: 'Object Repository/Final Object Repo/Page_Update Add New Employee - ASSIST/Select to Registration Module' is clicked on

2018-12-11 15:17:54 - [MESSAGE][PASSED] - Object: 'Object Repository/Final Object Repo/Page_Update Add New Employee - ASSIST/Select to Registration Module' is clicked on

2018-12-11 15:17:54 - [TEST_STEP][PASSED] - navigateToUrl: Navigate to 'https://assist2-uat.perkeso.gov.my/web/registration/myassist' successfully

2018-12-11 15:17:55 - [MESSAGE][PASSED] - Navigate to 'https://assist2-uat.perkeso.gov.my/web/registration/myassist' successfully

2018-12-11 15:17:55 - [TEST_STEP][PASSED] - mouseOver: Object: 'Object Repository/Final Object Repo/Page_Update Add New Employee - ASSIST/Select to Update Akta 4 Tab' is hovered

2018-12-11 15:17:55 - [MESSAGE][PASSED] - Object: 'Object Repository/Final Object Repo/Page_Update Add New Employee - ASSIST/Select to Update Akta 4 Tab' is hovered

2018-12-11 15:17:55 - [TEST_STEP][PASSED] - delay: Delayed 2 second(s)

2018-12-11 15:17:57 - [MESSAGE][PASSED] - Delayed 2 second(s)

2018-12-11 15:17:57 - [TEST_STEP][PASSED] - click: Object: 'Object Repository/Final Object Repo/Page_Update Add New Employee - ASSIST/Select to Update Add New Employee' is clicked on

2018-12-11 15:17:58 - [MESSAGE][PASSED] - Object: 'Object Repository/Final Object Repo/Page_Update Add New Employee - ASSIST/Select to Update Add New Employee' is clicked on

2018-12-11 15:17:58 - [TEST_STEP][PASSED] - delay: Delayed 2 second(s)

2018-12-11 15:18:00 - [MESSAGE][PASSED] - Delayed 2 second(s)

2018-12-11 15:18:00 - [TEST_STEP][PASSED] - setText: Text 'E1102069801V' is set on object 'Object Repository/Final Object Repo/Page_Update Add New Employee - ASSIST/Employer Code input textbox'

2018-12-11 15:18:00 - [MESSAGE][PASSED] - Text 'E1102069801V' is set on object 'Object Repository/Final Object Repo/Page_Update Add New Employee - ASSIST/Employer Code input textbox'

2018-12-11 15:18:00 - [TEST_STEP][PASSED] - delay: Delayed 2 second(s)

2018-12-11 15:18:02 - [MESSAGE][PASSED] - Delayed 2 second(s)

2018-12-11 15:18:02 - [TEST_STEP][PASSED] - click: Object: 'Object Repository/Final Object Repo/Page_Update Add New Employee - ASSIST/Search Button for Employer Code' is clicked on

2018-12-11 15:18:02 - [MESSAGE][PASSED] - Object: 'Object Repository/Final Object Repo/Page_Update Add New Employee - ASSIST/Search Button for Employer Code' is clicked on

2018-12-11 15:18:02 - [TEST_STEP][PASSED] - delay: Delayed 4 second(s)

2018-12-11 15:18:06 - [MESSAGE][PASSED] - Delayed 4 second(s)

2018-12-11 15:18:06 - [TEST_STEP][PASSED] - click: Object: 'Object Repository/Final Object Repo/Page_Update Add New Employee - ASSIST/Click to Edit Case' is clicked on

2018-12-11 15:18:09 - [MESSAGE][PASSED] - Object: 'Object Repository/Final Object Repo/Page_Update Add New Employee - ASSIST/Click to Edit Case' is clicked on

2018-12-11 15:18:09 - [TEST_STEP][PASSED] - callTestCase: Call Test Case 'Test Cases/Final Aug 2018 - PKS Automation/Registration Module/Workflow/Update Add New Employee/Template/Employee Adding/Employee Adding Action No Repeat IC' successfully

2018-12-11 15:18:09 - [TEST_CASE][PASSED] - Test Cases/Final Aug 2018 - PKS Automation/Registration Module/Workflow/Update Add New Employee/Template/Employee Adding/Employee Adding Action No Repeat IC: Test Cases/Final Aug 2018 - PKS Automation/Registration Module/Workflow/Update Add New Employee/Template/Employee Adding/Employee Adding Action No Repeat IC

2018-12-11 15:18:09 - [TEST_STEP][PASSED] - delay: Delayed 4 second(s)

2018-12-11 15:18:13 - [MESSAGE][PASSED] - Delayed 4 second(s)

2018-12-11 15:18:13 - [TEST_STEP][PASSED] - click: Object: 'Object Repository/Final Object Repo/Page_Update Add New Employee - ASSIST/Add Employee Button' is clicked on

2018-12-11 15:18:14 - [MESSAGE][PASSED] - Object: 'Object Repository/Final Object Repo/Page_Update Add New Employee - ASSIST/Add Employee Button' is clicked on

2018-12-11 15:18:14 - [TEST_STEP][PASSED] - delay: Delayed 3 second(s)

2018-12-11 15:18:17 - [MESSAGE][PASSED] - Delayed 3 second(s)

2018-12-11 15:18:17 - [TEST_STEP][PASSED] - Statement - While (com.kms.katalon.core.webui.keyword.WebUiBuiltInKeywords.verifyElementNotVisible(com.kms.katalon.core.testobject.ObjectRepository.findTestObject(Final Object Repo/Page_Update Add New Employee - ASSIST/No Duplicate Employee Cross), OPTIONAL)): Object 'Object Repository/Final Object Repo/Page_Update Add New Employee - ASSIST/No Duplicate Employee Cross' is visible

2018-12-11 15:18:17 - [MESSAGE][PASSED] - Object 'Object Repository/Final Object Repo/Page_Update Add New Employee - ASSIST/No Duplicate Employee Cross' is NOT visible

2018-12-11 15:18:17 - [TEST_STEP][PASSED] - callTestCase: Call Test Case 'Test Cases/Final Aug 2018 - PKS Automation/Common/IC Generator' successfully

2018-12-11 15:18:17 - [TEST_CASE][PASSED] - Test Cases/Final Aug 2018 - PKS Automation/Common/IC Generator: Test Cases/Final Aug 2018 - PKS Automation/Common/IC Generator

2018-12-11 15:18:17 - [TEST_STEP][PASSED] - Statement - rnd = new java.util.Random(): null

2018-12-11 15:18:17 - [TEST_STEP][PASSED] - Statement - snum = rnd.nextInt(899999 + 1) + 100000: null

2018-12-11 15:18:17 - [TEST_STEP][PASSED] - Statement - tnum = rnd.nextInt(899999 + 1) + 100000: null

2018-12-11 15:18:17 - [TEST_STEP][PASSED] - Statement - IC = java.lang.Integer.toString(snum) + java.lang.Integer.toString(tnum): null

2018-12-11 15:18:17 - [TEST_STEP][PASSED] - Statement - ICtoAdd = IC: null

2018-12-11 15:18:17 - [TEST_STEP][PASSED] - Statement - out.println(ICtoAdd): null

2018-12-11 15:18:17 - [MESSAGE][PASSED] - Call Test Case 'Test Cases/Final Aug 2018 - PKS Automation/Common/IC Generator' successfully

2018-12-11 15:18:17 - [TEST_STEP][PASSED] - delay: Delayed 1 second(s)

2018-12-11 15:18:18 - [MESSAGE][PASSED] - Delayed 1 second(s)

2018-12-11 15:18:18 - [TEST_STEP][PASSED] - setText: Text '180563873031' is set on object 'Object Repository/Final Object Repo/Page_Update Add New Employee - ASSIST/NRIC Input'

2018-12-11 15:18:19 - [MESSAGE][PASSED] - Text '180563873031' is set on object 'Object Repository/Final Object Repo/Page_Update Add New Employee - ASSIST/NRIC Input'

2018-12-11 15:18:19 - [TEST_STEP][PASSED] - delay: Delayed 2 second(s)

2018-12-11 15:18:21 - [MESSAGE][PASSED] - Delayed 2 second(s)

2018-12-11 15:18:21 - [TEST_STEP][PASSED] - click: Object: 'Object Repository/Final Object Repo/Page_Update Add New Employee - ASSIST/button for search for IC' is clicked on

2018-12-11 15:18:21 - [MESSAGE][PASSED] - Object: 'Object Repository/Final Object Repo/Page_Update Add New Employee - ASSIST/button for search for IC' is clicked on

2018-12-11 15:18:21 - [TEST_STEP][PASSED] - delay: Object 'Object Repository/Final Object Repo/Page_Update Add New Employee - ASSIST/No Duplicate Employee Cross' is visible

2018-12-11 15:18:22 - [MESSAGE][PASSED] - Delayed 1 second(s)

2018-12-11 15:18:22 - [MESSAGE][WARNING] - Object 'Object Repository/Final Object Repo/Page_Update Add New Employee - ASSIST/No Duplicate Employee Cross' is visible
[[ATTACHMENT|C:\\Users\\Admin\\Desktop\\PKS\\Perkeso Phase A\\Reports\\Workflow\\Update Add New Employee\\20181211_110147\\1544512702272.png]]

2018-12-11 15:18:22 - [TEST_STEP][PASSED] - delay: Delayed 2 second(s)

2018-12-11 15:18:24 - [MESSAGE][PASSED] - Delayed 2 second(s)

2018-12-11 15:18:24 - [TEST_STEP][PASSED] - setText: Text 'Automate002 eligible 1' is set on object 'Object Repository/Final Object Repo/Page_Update Add New Employee - ASSIST/Employee Name Input'

2018-12-11 15:18:25 - [MESSAGE][PASSED] - Text 'Automate002 eligible 1' is set on object 'Object Repository/Final Object Repo/Page_Update Add New Employee - ASSIST/Employee Name Input'

2018-12-11 15:18:25 - [TEST_STEP][PASSED] - delay: Delayed 2 second(s)

2018-12-11 15:18:27 - [MESSAGE][PASSED] - Delayed 2 second(s)

2018-12-11 15:18:27 - [TEST_STEP][PASSED] - click: Object: 'Object Repository/Final Object Repo/Page_Update Add New Employee - ASSIST/DatePicker Pop Up' is clicked on

2018-12-11 15:18:27 - [MESSAGE][PASSED] - Object: 'Object Repository/Final Object Repo/Page_Update Add New Employee - ASSIST/DatePicker Pop Up' is clicked on

2018-12-11 15:18:27 - [TEST_STEP][PASSED] - click: Object: 'Object Repository/Final Object Repo/Page_Update Add New Employee - ASSIST/DOB Month' is clicked on

2018-12-11 15:18:27 - [MESSAGE][PASSED] - Object: 'Object Repository/Final Object Repo/Page_Update Add New Employee - ASSIST/DOB Month' is clicked on

2018-12-11 15:18:27 - [TEST_STEP][PASSED] - Statement - CurrentMonth = CurrentMonth: null

2018-12-11 15:18:27 - [TEST_STEP][PASSED] - Statement - selectMonth = new com.kms.katalon.core.testobject.TestObject(): null

2018-12-11 15:18:27 - [TEST_STEP][PASSED] - Statement - selectMonth.addProperty("xpath", EQUALS, "//body/div/div/div/select/option[@value='" + CurrentMonth + "']", true): null

2018-12-11 15:18:27 - [TEST_STEP][PASSED] - click: Object: '' is clicked on

2018-12-11 15:18:27 - [MESSAGE][PASSED] - Object: '' is clicked on

2018-12-11 15:18:27 - [TEST_STEP][PASSED] - click: Object: 'Object Repository/Final Object Repo/Page_Update Add New Employee - ASSIST/DOB Year' is clicked on

2018-12-11 15:18:28 - [MESSAGE][PASSED] - Object: 'Object Repository/Final Object Repo/Page_Update Add New Employee - ASSIST/DOB Year' is clicked on

2018-12-11 15:18:28 - [TEST_STEP][PASSED] - Statement - Eyearsbf = EighteenYrsBefore: null

2018-12-11 15:18:28 - [TEST_STEP][PASSED] - Statement - selectYear = new com.kms.katalon.core.testobject.TestObject(): null

2018-12-11 15:18:28 - [TEST_STEP][PASSED] - Statement - selectYear.addProperty("xpath", EQUALS, "//div/div/div/select/option[@value='" + Eyearsbf + "']", true): null

2018-12-11 15:18:28 - [TEST_STEP][PASSED] - click: Object: '' is clicked on

2018-12-11 15:18:28 - [MESSAGE][PASSED] - Object: '' is clicked on

2018-12-11 15:18:28 - [TEST_STEP][PASSED] - Statement - UpdatedSelectDate = com.kms.katalon.core.webui.keyword.WebUiBuiltInKeywords.modifyObjectProperty(com.kms.katalon.core.testobject.ObjectRepository.findTestObject(Final Object Repo/Page_Update Add New Employee - ASSIST/DOB Date), "xpath", "equals", "//body/div/table/tbody/tr/td/a[text()="" + CurrentDate + ""]", true): Modify property of object successfully

2018-12-11 15:18:28 - [MESSAGE][PASSED] - Modify property of object successfully

2018-12-11 15:18:28 - [TEST_STEP][PASSED] - delay: Delayed 3 second(s)

2018-12-11 15:18:31 - [MESSAGE][PASSED] - Delayed 3 second(s)

2018-12-11 15:18:31 - [TEST_STEP][PASSED] - click: Object: 'Object Repository/Final Object Repo/Page_Update Add New Employee - ASSIST/DOB Date' is clicked on

2018-12-11 15:18:31 - [MESSAGE][PASSED] - Object: 'Object Repository/Final Object Repo/Page_Update Add New Employee - ASSIST/DOB Date' is clicked on

2018-12-11 15:18:31 - [TEST_STEP][PASSED] - delay: Delayed 2 second(s)

2018-12-11 15:18:33 - [MESSAGE][PASSED] - Delayed 2 second(s)

2018-12-11 15:18:33 - [TEST_STEP][PASSED] - click: Object: 'Object Repository/Final Object Repo/Page_Update Add New Employee - ASSIST/EmploymentStartDate Pop Up' is clicked on

2018-12-11 15:18:33 - [MESSAGE][PASSED] - Object: 'Object Repository/Final Object Repo/Page_Update Add New Employee - ASSIST/EmploymentStartDate Pop Up' is clicked on

2018-12-11 15:18:33 - [TEST_STEP][PASSED] - delay: Delayed 2 second(s)

2018-12-11 15:18:35 - [MESSAGE][PASSED] - Delayed 2 second(s)

2018-12-11 15:18:35 - [TEST_STEP][PASSED] - click: Object: 'Object Repository/Final Object Repo/Page_Update Add New Employee - ASSIST/Socso Employment StartDate Month' is clicked on

2018-12-11 15:18:35 - [MESSAGE][PASSED] - Object: 'Object Repository/Final Object Repo/Page_Update Add New Employee - ASSIST/Socso Employment StartDate Month' is clicked on

2018-12-11 15:18:35 - [TEST_STEP][PASSED] - delay: Delayed 1 second(s)

2018-12-11 15:18:36 - [MESSAGE][PASSED] - Delayed 1 second(s)

2018-12-11 15:18:36 - [TEST_STEP][PASSED] - click: Object: 'Object Repository/Final Object Repo/Page_Update Add New Employee - ASSIST/Select Socso Employement Startdate Month' is clicked on

2018-12-11 15:18:36 - [MESSAGE][PASSED] - Object: 'Object Repository/Final Object Repo/Page_Update Add New Employee - ASSIST/Select Socso Employement Startdate Month' is clicked on

2018-12-11 15:18:36 - [TEST_STEP][PASSED] - delay: Delayed 2 second(s)

2018-12-11 15:18:38 - [MESSAGE][PASSED] - Delayed 2 second(s)

2018-12-11 15:18:38 - [TEST_STEP][PASSED] - click: Object: 'Object Repository/Final Object Repo/Page_Update Add New Employee - ASSIST/Socso Employment StartDate Year' is clicked on

2018-12-11 15:18:39 - [MESSAGE][PASSED] - Object: 'Object Repository/Final Object Repo/Page_Update Add New Employee - ASSIST/Socso Employment StartDate Year' is clicked on

2018-12-11 15:18:39 - [TEST_STEP][PASSED] - delay: Delayed 1 second(s)

2018-12-11 15:18:40 - [MESSAGE][PASSED] - Delayed 1 second(s)

2018-12-11 15:18:40 - [TEST_STEP][PASSED] - click: Object: 'Object Repository/Final Object Repo/Page_Update Add New Employee - ASSIST/Select Socso Employment Startdate Year' is clicked on

2018-12-11 15:18:40 - [MESSAGE][PASSED] - Object: 'Object Repository/Final Object Repo/Page_Update Add New Employee - ASSIST/Select Socso Employment Startdate Year' is clicked on

2018-12-11 15:18:40 - [TEST_STEP][PASSED] - delay: Delayed 2 second(s)

2018-12-11 15:18:42 - [MESSAGE][PASSED] - Delayed 2 second(s)

2018-12-11 15:18:42 - [TEST_STEP][PASSED] - click: Object: 'Object Repository/Final Object Repo/Page_Update Add New Employee - ASSIST/Socso Employment Start Date Day' is clicked on

2018-12-11 15:18:42 - [MESSAGE][PASSED] - Object: 'Object Repository/Final Object Repo/Page_Update Add New Employee - ASSIST/Socso Employment Start Date Day' is clicked on

2018-12-11 15:18:42 - [TEST_STEP][PASSED] - delay: Delayed 2 second(s)

2018-12-11 15:18:44 - [MESSAGE][PASSED] - Delayed 2 second(s)

2018-12-11 15:18:44 - [TEST_STEP][PASSED] - click: Object: 'Object Repository/Final Object Repo/Page_Update Add New Employee - ASSIST/Save Button for Add Employee' is clicked on

2018-12-11 15:18:44 - [MESSAGE][PASSED] - Object: 'Object Repository/Final Object Repo/Page_Update Add New Employee - ASSIST/Save Button for Add Employee' is clicked on

2018-12-11 15:18:44 - [TEST_STEP][PASSED] - delay: Delayed 20 second(s)

2018-12-11 15:19:04 - [MESSAGE][PASSED] - Delayed 20 second(s)

2018-12-11 15:19:04 - [TEST_STEP][PASSED] - click: Object: 'Object Repository/Final Object Repo/Page_Update Add New Employee - ASSIST/Add Employee Button' is clicked on

2018-12-11 15:19:04 - [MESSAGE][PASSED] - Object: 'Object Repository/Final Object Repo/Page_Update Add New Employee - ASSIST/Add Employee Button' is clicked on

2018-12-11 15:19:04 - [TEST_STEP][PASSED] - delay: Delayed 4 second(s)

2018-12-11 15:19:08 - [MESSAGE][PASSED] - Delayed 4 second(s)

2018-12-11 15:19:08 - [TEST_STEP][PASSED] - Statement - While (com.kms.katalon.core.webui.keyword.WebUiBuiltInKeywords.verifyElementNotVisible(com.kms.katalon.core.testobject.ObjectRepository.findTestObject(Final Object Repo/Page_Update Add New Employee - ASSIST/No Duplicate Employee Cross), OPTIONAL)): Object 'Object Repository/Final Object Repo/Page_Update Add New Employee - ASSIST/No Duplicate Employee Cross' is visible

2018-12-11 15:19:08 - [MESSAGE][PASSED] - Object 'Object Repository/Final Object Repo/Page_Update Add New Employee - ASSIST/No Duplicate Employee Cross' is NOT visible

2018-12-11 15:19:08 - [TEST_STEP][PASSED] - callTestCase: Call Test Case 'Test Cases/Final Aug 2018 - PKS Automation/Common/IC Generator' successfully

2018-12-11 15:19:09 - [TEST_CASE][PASSED] - Test Cases/Final Aug 2018 - PKS Automation/Common/IC Generator: Test Cases/Final Aug 2018 - PKS Automation/Common/IC Generator

2018-12-11 15:19:09 - [TEST_STEP][PASSED] - Statement - rnd = new java.util.Random(): null

2018-12-11 15:19:09 - [TEST_STEP][PASSED] - Statement - snum = rnd.nextInt(899999 + 1) + 100000: null

2018-12-11 15:19:09 - [TEST_STEP][PASSED] - Statement - tnum = rnd.nextInt(899999 + 1) + 100000: null

2018-12-11 15:19:09 - [TEST_STEP][PASSED] - Statement - IC = java.lang.Integer.toString(snum) + java.lang.Integer.toString(tnum): null

2018-12-11 15:19:09 - [TEST_STEP][PASSED] - Statement - ICtoAdd = IC: null

2018-12-11 15:19:09 - [TEST_STEP][PASSED] - Statement - out.println(ICtoAdd): null

2018-12-11 15:19:09 - [MESSAGE][PASSED] - Call Test Case 'Test Cases/Final Aug 2018 - PKS Automation/Common/IC Generator' successfully

2018-12-11 15:19:09 - [TEST_STEP][PASSED] - delay: Delayed 1 second(s)

2018-12-11 15:19:10 - [MESSAGE][PASSED] - Delayed 1 second(s)

2018-12-11 15:19:10 - [TEST_STEP][PASSED] - setText: Text '675325431234' is set on object 'Object Repository/Final Object Repo/Page_Update Add New Employee - ASSIST/NRIC Input'

2018-12-11 15:19:10 - [MESSAGE][PASSED] - Text '675325431234' is set on object 'Object Repository/Final Object Repo/Page_Update Add New Employee - ASSIST/NRIC Input'

2018-12-11 15:19:10 - [TEST_STEP][PASSED] - delay: Delayed 2 second(s)

2018-12-11 15:19:12 - [MESSAGE][PASSED] - Delayed 2 second(s)

2018-12-11 15:19:12 - [TEST_STEP][PASSED] - click: Object: 'Object Repository/Final Object Repo/Page_Update Add New Employee - ASSIST/button for search for IC' is clicked on

2018-12-11 15:19:12 - [MESSAGE][PASSED] - Object: 'Object Repository/Final Object Repo/Page_Update Add New Employee - ASSIST/button for search for IC' is clicked on

2018-12-11 15:19:12 - [TEST_STEP][PASSED] - delay: Object 'Object Repository/Final Object Repo/Page_Update Add New Employee - ASSIST/No Duplicate Employee Cross' is visible

2018-12-11 15:19:13 - [MESSAGE][PASSED] - Delayed 1 second(s)

2018-12-11 15:19:13 - [MESSAGE][WARNING] - Object 'Object Repository/Final Object Repo/Page_Update Add New Employee - ASSIST/No Duplicate Employee Cross' is visible
[[ATTACHMENT|C:\\Users\\Admin\\Desktop\\PKS\\Perkeso Phase A\\Reports\\Workflow\\Update Add New Employee\\20181211_110147\\1544512753651.png]]

2018-12-11 15:19:13 - [TEST_STEP][PASSED] - delay: Delayed 2 second(s)

2018-12-11 15:19:15 - [MESSAGE][PASSED] - Delayed 2 second(s)

2018-12-11 15:19:15 - [TEST_STEP][PASSED] - setText: Text 'Automate002 eligible 2' is set on object 'Object Repository/Final Object Repo/Page_Update Add New Employee - ASSIST/Employee Name Input'

2018-12-11 15:19:16 - [MESSAGE][PASSED] - Text 'Automate002 eligible 2' is set on object 'Object Repository/Final Object Repo/Page_Update Add New Employee - ASSIST/Employee Name Input'

2018-12-11 15:19:16 - [TEST_STEP][PASSED] - delay: Delayed 3 second(s)

2018-12-11 15:19:19 - [MESSAGE][PASSED] - Delayed 3 second(s)

2018-12-11 15:19:19 - [TEST_STEP][PASSED] - click: Object: 'Object Repository/Final Object Repo/Page_Update Add New Employee - ASSIST/DatePicker Pop Up' is clicked on

2018-12-11 15:19:19 - [MESSAGE][PASSED] - Object: 'Object Repository/Final Object Repo/Page_Update Add New Employee - ASSIST/DatePicker Pop Up' is clicked on

2018-12-11 15:19:19 - [TEST_STEP][PASSED] - delay: Delayed 2 second(s)

2018-12-11 15:19:21 - [MESSAGE][PASSED] - Delayed 2 second(s)

2018-12-11 15:19:21 - [TEST_STEP][PASSED] - click: Object: 'Object Repository/Final Object Repo/Page_Update Add New Employee - ASSIST/DOB Month' is clicked on

2018-12-11 15:19:21 - [MESSAGE][PASSED] - Object: 'Object Repository/Final Object Repo/Page_Update Add New Employee - ASSIST/DOB Month' is clicked on

2018-12-11 15:19:21 - [TEST_STEP][PASSED] - Statement - selectMonth = com.kms.katalon.core.webui.keyword.WebUiBuiltInKeywords.modifyObjectProperty(selectMonth, "xpath", "equals", "//body/div/div/div/select/option[@value="" + CurrentMonth + ""]", true): Modify property of object successfully

2018-12-11 15:19:21 - [MESSAGE][PASSED] - Modify property of object successfully

2018-12-11 15:19:21 - [TEST_STEP][PASSED] - click: Object: '' is clicked on

2018-12-11 15:19:22 - [MESSAGE][PASSED] - Object: '' is clicked on

2018-12-11 15:19:22 - [TEST_STEP][PASSED] - delay: Delayed 2 second(s)

2018-12-11 15:19:24 - [MESSAGE][PASSED] - Delayed 2 second(s)

2018-12-11 15:19:24 - [TEST_STEP][PASSED] - click: Object: 'Object Repository/Final Object Repo/Page_Update Add New Employee - ASSIST/DOB Year' is clicked on

2018-12-11 15:19:24 - [MESSAGE][PASSED] - Object: 'Object Repository/Final Object Repo/Page_Update Add New Employee - ASSIST/DOB Year' is clicked on

2018-12-11 15:19:24 - [TEST_STEP][PASSED] - Statement - selectYear = com.kms.katalon.core.webui.keyword.WebUiBuiltInKeywords.modifyObjectProperty(selectYear, "xpath", "equals", "//div/div/div/select/option[@value="" + FiftysevenYrsBefore + ""]", true): Modify property of object successfully

2018-12-11 15:19:24 - [MESSAGE][PASSED] - Modify property of object successfully

2018-12-11 15:19:24 - [TEST_STEP][PASSED] - click: Object: '' is clicked on

2018-12-11 15:19:24 - [MESSAGE][PASSED] - Object: '' is clicked on

2018-12-11 15:19:24 - [TEST_STEP][PASSED] - delay: Delayed 2 second(s)

2018-12-11 15:19:26 - [MESSAGE][PASSED] - Delayed 2 second(s)

2018-12-11 15:19:26 - [TEST_STEP][PASSED] - Statement - UpdatedSelectDate = com.kms.katalon.core.webui.keyword.WebUiBuiltInKeywords.modifyObjectProperty(com.kms.katalon.core.testobject.ObjectRepository.findTestObject(Final Object Repo/Page_Update Add New Employee - ASSIST/DOB Date), "xpath", "equals", "//body/div/table/tbody/tr/td/a[text()="" + OneDayBefore + ""]", true): Modify property of object successfully

2018-12-11 15:19:26 - [MESSAGE][PASSED] - Modify property of object successfully

2018-12-11 15:19:26 - [TEST_STEP][PASSED] - click: Object: 'Object Repository/Final Object Repo/Page_Update Add New Employee - ASSIST/DOB Date' is clicked on

2018-12-11 15:19:26 - [MESSAGE][PASSED] - Object: 'Object Repository/Final Object Repo/Page_Update Add New Employee - ASSIST/DOB Date' is clicked on

2018-12-11 15:19:26 - [TEST_STEP][PASSED] - delay: Delayed 2 second(s)

2018-12-11 15:19:28 - [MESSAGE][PASSED] - Delayed 2 second(s)

2018-12-11 15:19:28 - [TEST_STEP][PASSED] - click: Object: 'Object Repository/Final Object Repo/Page_Update Add New Employee - ASSIST/EmploymentStartDate Pop Up' is clicked on

2018-12-11 15:19:28 - [MESSAGE][PASSED] - Object: 'Object Repository/Final Object Repo/Page_Update Add New Employee - ASSIST/EmploymentStartDate Pop Up' is clicked on

2018-12-11 15:19:28 - [TEST_STEP][PASSED] - delay: Delayed 2 second(s)

2018-12-11 15:19:30 - [MESSAGE][PASSED] - Delayed 2 second(s)

2018-12-11 15:19:30 - [TEST_STEP][PASSED] - click: Object: 'Object Repository/Final Object Repo/Page_Update Add New Employee - ASSIST/Socso Employment StartDate Month' is clicked on

2018-12-11 15:19:30 - [MESSAGE][PASSED] - Object: 'Object Repository/Final Object Repo/Page_Update Add New Employee - ASSIST/Socso Employment StartDate Month' is clicked on

2018-12-11 15:19:30 - [TEST_STEP][PASSED] - delay: Delayed 1 second(s)

2018-12-11 15:19:31 - [MESSAGE][PASSED] - Delayed 1 second(s)

2018-12-11 15:19:31 - [TEST_STEP][PASSED] - click: Object: 'Object Repository/Final Object Repo/Page_Update Add New Employee - ASSIST/Select Socso Employement Startdate Month' is clicked on

2018-12-11 15:19:32 - [MESSAGE][PASSED] - Object: 'Object Repository/Final Object Repo/Page_Update Add New Employee - ASSIST/Select Socso Employement Startdate Month' is clicked on

2018-12-11 15:19:32 - [TEST_STEP][PASSED] - delay: Delayed 2 second(s)

2018-12-11 15:19:34 - [MESSAGE][PASSED] - Delayed 2 second(s)

2018-12-11 15:19:34 - [TEST_STEP][PASSED] - click: Object: 'Object Repository/Final Object Repo/Page_Update Add New Employee - ASSIST/Socso Employment StartDate Year' is clicked on

2018-12-11 15:19:34 - [MESSAGE][PASSED] - Object: 'Object Repository/Final Object Repo/Page_Update Add New Employee - ASSIST/Socso Employment StartDate Year' is clicked on

2018-12-11 15:19:34 - [TEST_STEP][PASSED] - delay: Delayed 1 second(s)

2018-12-11 15:19:35 - [MESSAGE][PASSED] - Delayed 1 second(s)

2018-12-11 15:19:35 - [TEST_STEP][PASSED] - click: Object: 'Object Repository/Final Object Repo/Page_Update Add New Employee - ASSIST/Select Socso Employment Startdate Year' is clicked on

2018-12-11 15:19:35 - [MESSAGE][PASSED] - Object: 'Object Repository/Final Object Repo/Page_Update Add New Employee - ASSIST/Select Socso Employment Startdate Year' is clicked on

2018-12-11 15:19:35 - [TEST_STEP][PASSED] - delay: Delayed 2 second(s)

2018-12-11 15:19:37 - [MESSAGE][PASSED] - Delayed 2 second(s)

2018-12-11 15:19:37 - [TEST_STEP][PASSED] - click: Object: 'Object Repository/Final Object Repo/Page_Update Add New Employee - ASSIST/Socso Employment Start Date Day' is clicked on

2018-12-11 15:19:37 - [MESSAGE][PASSED] - Object: 'Object Repository/Final Object Repo/Page_Update Add New Employee - ASSIST/Socso Employment Start Date Day' is clicked on

2018-12-11 15:19:37 - [TEST_STEP][PASSED] - delay: Delayed 2 second(s)

2018-12-11 15:19:39 - [MESSAGE][PASSED] - Delayed 2 second(s)

2018-12-11 15:19:39 - [TEST_STEP][PASSED] - click: Object: 'Object Repository/Final Object Repo/Page_Update Add New Employee - ASSIST/Save Button for Add Employee' is clicked on

2018-12-11 15:19:39 - [MESSAGE][PASSED] - Object: 'Object Repository/Final Object Repo/Page_Update Add New Employee - ASSIST/Save Button for Add Employee' is clicked on

2018-12-11 15:19:39 - [TEST_STEP][PASSED] - delay: Delayed 20 second(s)

2018-12-11 15:19:59 - [MESSAGE][PASSED] - Delayed 20 second(s)

2018-12-11 15:19:59 - [TEST_STEP][PASSED] - waitForElementClickable: Object 'Object Repository/Final Object Repo/Page_Update Add New Employee - ASSIST/Add Employee Button' is clickable

2018-12-11 15:20:00 - [MESSAGE][PASSED] - Object 'Object Repository/Final Object Repo/Page_Update Add New Employee - ASSIST/Add Employee Button' is clickable

2018-12-11 15:20:00 - [TEST_STEP][PASSED] - click: Object: 'Object Repository/Final Object Repo/Page_Update Add New Employee - ASSIST/Add Employee Button' is clicked on

2018-12-11 15:20:00 - [MESSAGE][PASSED] - Object: 'Object Repository/Final Object Repo/Page_Update Add New Employee - ASSIST/Add Employee Button' is clicked on

2018-12-11 15:20:00 - [TEST_STEP][PASSED] - delay: Delayed 4 second(s)

2018-12-11 15:20:04 - [MESSAGE][PASSED] - Delayed 4 second(s)

2018-12-11 15:20:04 - [TEST_STEP][PASSED] - Statement - While (com.kms.katalon.core.webui.keyword.WebUiBuiltInKeywords.verifyElementNotVisible(com.kms.katalon.core.testobject.ObjectRepository.findTestObject(Final Object Repo/Page_Update Add New Employee - ASSIST/No Duplicate Employee Cross), OPTIONAL)): Object 'Object Repository/Final Object Repo/Page_Update Add New Employee - ASSIST/No Duplicate Employee Cross' is visible

2018-12-11 15:20:04 - [MESSAGE][PASSED] - Object 'Object Repository/Final Object Repo/Page_Update Add New Employee - ASSIST/No Duplicate Employee Cross' is NOT visible

2018-12-11 15:20:04 - [TEST_STEP][PASSED] - callTestCase: Call Test Case 'Test Cases/Final Aug 2018 - PKS Automation/Common/IC Generator' successfully

2018-12-11 15:20:04 - [TEST_CASE][PASSED] - Test Cases/Final Aug 2018 - PKS Automation/Common/IC Generator: Test Cases/Final Aug 2018 - PKS Automation/Common/IC Generator

2018-12-11 15:20:04 - [TEST_STEP][PASSED] - Statement - rnd = new java.util.Random(): null

2018-12-11 15:20:04 - [TEST_STEP][PASSED] - Statement - snum = rnd.nextInt(899999 + 1) + 100000: null

2018-12-11 15:20:04 - [TEST_STEP][PASSED] - Statement - tnum = rnd.nextInt(899999 + 1) + 100000: null

2018-12-11 15:20:04 - [TEST_STEP][PASSED] - Statement - IC = java.lang.Integer.toString(snum) + java.lang.Integer.toString(tnum): null

2018-12-11 15:20:04 - [TEST_STEP][PASSED] - Statement - ICtoAdd = IC: null

2018-12-11 15:20:04 - [TEST_STEP][PASSED] - Statement - out.println(ICtoAdd): null

2018-12-11 15:20:04 - [MESSAGE][PASSED] - Call Test Case 'Test Cases/Final Aug 2018 - PKS Automation/Common/IC Generator' successfully

2018-12-11 15:20:04 - [TEST_STEP][PASSED] - delay: Delayed 1 second(s)

2018-12-11 15:20:05 - [MESSAGE][PASSED] - Delayed 1 second(s)

2018-12-11 15:20:05 - [TEST_STEP][PASSED] - setText: Text '946734754426' is set on object 'Object Repository/Final Object Repo/Page_Update Add New Employee - ASSIST/NRIC Input'

2018-12-11 15:20:05 - [MESSAGE][PASSED] - Text '946734754426' is set on object 'Object Repository/Final Object Repo/Page_Update Add New Employee - ASSIST/NRIC Input'

2018-12-11 15:20:05 - [TEST_STEP][PASSED] - delay: Delayed 2 second(s)

2018-12-11 15:20:07 - [MESSAGE][PASSED] - Delayed 2 second(s)

2018-12-11 15:20:07 - [TEST_STEP][PASSED] - click: Object: 'Object Repository/Final Object Repo/Page_Update Add New Employee - ASSIST/button for search for IC' is clicked on

2018-12-11 15:20:07 - [MESSAGE][PASSED] - Object: 'Object Repository/Final Object Repo/Page_Update Add New Employee - ASSIST/button for search for IC' is clicked on

2018-12-11 15:20:07 - [TEST_STEP][PASSED] - delay: Object 'Object Repository/Final Object Repo/Page_Update Add New Employee - ASSIST/No Duplicate Employee Cross' is visible

2018-12-11 15:20:08 - [MESSAGE][PASSED] - Delayed 1 second(s)

2018-12-11 15:20:09 - [MESSAGE][WARNING] - Object 'Object Repository/Final Object Repo/Page_Update Add New Employee - ASSIST/No Duplicate Employee Cross' is visible
[[ATTACHMENT|C:\\Users\\Admin\\Desktop\\PKS\\Perkeso Phase A\\Reports\\Workflow\\Update Add New Employee\\20181211_110147\\1544512809028.png]]

2018-12-11 15:20:09 - [TEST_STEP][PASSED] - delay: Delayed 2 second(s)

2018-12-11 15:20:11 - [MESSAGE][PASSED] - Delayed 2 second(s)

2018-12-11 15:20:11 - [TEST_STEP][PASSED] - setText: Text 'Automate002 not eligible 1' is set on object 'Object Repository/Final Object Repo/Page_Update Add New Employee - ASSIST/Employee Name Input'

2018-12-11 15:20:11 - [MESSAGE][PASSED] - Text 'Automate002 not eligible 1' is set on object 'Object Repository/Final Object Repo/Page_Update Add New Employee - ASSIST/Employee Name Input'

2018-12-11 15:20:11 - [TEST_STEP][PASSED] - delay: Delayed 2 second(s)

2018-12-11 15:20:13 - [MESSAGE][PASSED] - Delayed 2 second(s)

2018-12-11 15:20:13 - [TEST_STEP][PASSED] - click: Object: 'Object Repository/Final Object Repo/Page_Update Add New Employee - ASSIST/DatePicker Pop Up' is clicked on

2018-12-11 15:20:14 - [MESSAGE][PASSED] - Object: 'Object Repository/Final Object Repo/Page_Update Add New Employee - ASSIST/DatePicker Pop Up' is clicked on

2018-12-11 15:20:14 - [TEST_STEP][PASSED] - delay: Delayed 2 second(s)

2018-12-11 15:20:16 - [MESSAGE][PASSED] - Delayed 2 second(s)

2018-12-11 15:20:16 - [TEST_STEP][PASSED] - click: Object: 'Object Repository/Final Object Repo/Page_Update Add New Employee - ASSIST/DOB Month' is clicked on

2018-12-11 15:20:16 - [MESSAGE][PASSED] - Object: 'Object Repository/Final Object Repo/Page_Update Add New Employee - ASSIST/DOB Month' is clicked on

2018-12-11 15:20:16 - [TEST_STEP][PASSED] - Statement - selectMonth = com.kms.katalon.core.webui.keyword.WebUiBuiltInKeywords.modifyObjectProperty(selectMonth, "xpath", "equals", "//body/div/div/div/select/option[@value="" + CurrentMonth + ""]", true): Modify property of object successfully

2018-12-11 15:20:16 - [MESSAGE][PASSED] - Modify property of object successfully

2018-12-11 15:20:16 - [TEST_STEP][PASSED] - click: Object: '' is clicked on

2018-12-11 15:20:16 - [MESSAGE][PASSED] - Object: '' is clicked on

2018-12-11 15:20:16 - [TEST_STEP][PASSED] - delay: Delayed 2 second(s)

2018-12-11 15:20:18 - [MESSAGE][PASSED] - Delayed 2 second(s)

2018-12-11 15:20:18 - [TEST_STEP][PASSED] - click: Object: 'Object Repository/Final Object Repo/Page_Update Add New Employee - ASSIST/DOB Year' is clicked on

2018-12-11 15:20:18 - [MESSAGE][PASSED] - Object: 'Object Repository/Final Object Repo/Page_Update Add New Employee - ASSIST/DOB Year' is clicked on

2018-12-11 15:20:18 - [TEST_STEP][PASSED] - Statement - selectYear = com.kms.katalon.core.webui.keyword.WebUiBuiltInKeywords.modifyObjectProperty(selectYear, "xpath", "equals", "//div/div/div/select/option[@value="" + EighteenYrsBefore + ""]", true): Modify property of object successfully

2018-12-11 15:20:18 - [MESSAGE][PASSED] - Modify property of object successfully

2018-12-11 15:20:18 - [TEST_STEP][PASSED] - click: Object: '' is clicked on

2018-12-11 15:20:18 - [MESSAGE][PASSED] - Object: '' is clicked on

2018-12-11 15:20:18 - [TEST_STEP][PASSED] - delay: Delayed 2 second(s)

2018-12-11 15:20:20 - [MESSAGE][PASSED] - Delayed 2 second(s)

2018-12-11 15:20:20 - [TEST_STEP][PASSED] - Statement - UpdatedSelectDate = com.kms.katalon.core.webui.keyword.WebUiBuiltInKeywords.modifyObjectProperty(com.kms.katalon.core.testobject.ObjectRepository.findTestObject(Final Object Repo/Page_Update Add New Employee - ASSIST/DOB Date), "xpath", "equals", "//body/div/table/tbody/tr/td/a[text()="" + OneDayBefore + ""]", true): Modify property of object successfully

2018-12-11 15:20:20 - [MESSAGE][PASSED] - Modify property of object successfully

2018-12-11 15:20:20 - [TEST_STEP][PASSED] - click: Object: 'Object Repository/Final Object Repo/Page_Update Add New Employee - ASSIST/DOB Date' is clicked on

2018-12-11 15:20:21 - [MESSAGE][PASSED] - Object: 'Object Repository/Final Object Repo/Page_Update Add New Employee - ASSIST/DOB Date' is clicked on

2018-12-11 15:20:21 - [TEST_STEP][PASSED] - delay: Delayed 2 second(s)

2018-12-11 15:20:23 - [MESSAGE][PASSED] - Delayed 2 second(s)

2018-12-11 15:20:23 - [TEST_STEP][PASSED] - click: Object: 'Object Repository/Final Object Repo/Page_Update Add New Employee - ASSIST/EmploymentStartDate Pop Up' is clicked on

2018-12-11 15:20:23 - [MESSAGE][PASSED] - Object: 'Object Repository/Final Object Repo/Page_Update Add New Employee - ASSIST/EmploymentStartDate Pop Up' is clicked on

2018-12-11 15:20:23 - [TEST_STEP][PASSED] - delay: Delayed 2 second(s)

2018-12-11 15:20:25 - [MESSAGE][PASSED] - Delayed 2 second(s)

2018-12-11 15:20:25 - [TEST_STEP][PASSED] - click: Object: 'Object Repository/Final Object Repo/Page_Update Add New Employee - ASSIST/Socso Employment StartDate Month' is clicked on

2018-12-11 15:20:25 - [MESSAGE][PASSED] - Object: 'Object Repository/Final Object Repo/Page_Update Add New Employee - ASSIST/Socso Employment StartDate Month' is clicked on

2018-12-11 15:20:25 - [TEST_STEP][PASSED] - delay: Delayed 1 second(s)

2018-12-11 15:20:26 - [MESSAGE][PASSED] - Delayed 1 second(s)

2018-12-11 15:20:26 - [TEST_STEP][PASSED] - click: Object: 'Object Repository/Final Object Repo/Page_Update Add New Employee - ASSIST/Select Socso Employement Startdate Month' is clicked on

2018-12-11 15:20:26 - [MESSAGE][PASSED] - Object: 'Object Repository/Final Object Repo/Page_Update Add New Employee - ASSIST/Select Socso Employement Startdate Month' is clicked on

2018-12-11 15:20:26 - [TEST_STEP][PASSED] - delay: Delayed 2 second(s)

2018-12-11 15:20:28 - [MESSAGE][PASSED] - Delayed 2 second(s)

2018-12-11 15:20:28 - [TEST_STEP][PASSED] - click: Object: 'Object Repository/Final Object Repo/Page_Update Add New Employee - ASSIST/Socso Employment StartDate Year' is clicked on

2018-12-11 15:20:28 - [MESSAGE][PASSED] - Object: 'Object Repository/Final Object Repo/Page_Update Add New Employee - ASSIST/Socso Employment StartDate Year' is clicked on

2018-12-11 15:20:28 - [TEST_STEP][PASSED] - delay: Delayed 1 second(s)

2018-12-11 15:20:29 - [MESSAGE][PASSED] - Delayed 1 second(s)

2018-12-11 15:20:29 - [TEST_STEP][PASSED] - click: Object: 'Object Repository/Final Object Repo/Page_Update Add New Employee - ASSIST/Select Socso Employment Startdate Year' is clicked on

2018-12-11 15:20:29 - [MESSAGE][PASSED] - Object: 'Object Repository/Final Object Repo/Page_Update Add New Employee - ASSIST/Select Socso Employment Startdate Year' is clicked on

2018-12-11 15:20:29 - [TEST_STEP][PASSED] - delay: Delayed 2 second(s)

2018-12-11 15:20:31 - [MESSAGE][PASSED] - Delayed 2 second(s)

2018-12-11 15:20:31 - [TEST_STEP][PASSED] - click: Object: 'Object Repository/Final Object Repo/Page_Update Add New Employee - ASSIST/Socso Employment Start Date Day' is clicked on

2018-12-11 15:20:32 - [MESSAGE][PASSED] - Object: 'Object Repository/Final Object Repo/Page_Update Add New Employee - ASSIST/Socso Employment Start Date Day' is clicked on

2018-12-11 15:20:32 - [TEST_STEP][PASSED] - delay: Delayed 2 second(s)

2018-12-11 15:20:34 - [MESSAGE][PASSED] - Delayed 2 second(s)

2018-12-11 15:20:34 - [TEST_STEP][PASSED] - click: Object: 'Object Repository/Final Object Repo/Page_Update Add New Employee - ASSIST/Save Button for Add Employee' is clicked on

2018-12-11 15:20:34 - [MESSAGE][PASSED] - Object: 'Object Repository/Final Object Repo/Page_Update Add New Employee - ASSIST/Save Button for Add Employee' is clicked on

2018-12-11 15:20:34 - [TEST_STEP][PASSED] - delay: Delayed 20 second(s)

2018-12-11 15:20:54 - [MESSAGE][PASSED] - Delayed 20 second(s)

2018-12-11 15:20:54 - [TEST_STEP][PASSED] - click: Object: 'Object Repository/Final Object Repo/Page_Update Add New Employee - ASSIST/Add Employee Button' is clicked on

2018-12-11 15:20:54 - [MESSAGE][PASSED] - Object: 'Object Repository/Final Object Repo/Page_Update Add New Employee - ASSIST/Add Employee Button' is clicked on

2018-12-11 15:20:54 - [TEST_STEP][PASSED] - delay: Delayed 4 second(s)

2018-12-11 15:20:58 - [MESSAGE][PASSED] - Delayed 4 second(s)

2018-12-11 15:20:58 - [TEST_STEP][PASSED] - Statement - While (com.kms.katalon.core.webui.keyword.WebUiBuiltInKeywords.verifyElementNotVisible(com.kms.katalon.core.testobject.ObjectRepository.findTestObject(Final Object Repo/Page_Update Add New Employee - ASSIST/No Duplicate Employee Cross), OPTIONAL)): Object 'Object Repository/Final Object Repo/Page_Update Add New Employee - ASSIST/No Duplicate Employee Cross' is visible

2018-12-11 15:20:58 - [MESSAGE][PASSED] - Object 'Object Repository/Final Object Repo/Page_Update Add New Employee - ASSIST/No Duplicate Employee Cross' is NOT visible

2018-12-11 15:20:58 - [TEST_STEP][PASSED] - callTestCase: Call Test Case 'Test Cases/Final Aug 2018 - PKS Automation/Common/IC Generator' successfully

2018-12-11 15:20:58 - [TEST_CASE][PASSED] - Test Cases/Final Aug 2018 - PKS Automation/Common/IC Generator: Test Cases/Final Aug 2018 - PKS Automation/Common/IC Generator

2018-12-11 15:20:58 - [TEST_STEP][PASSED] - Statement - rnd = new java.util.Random(): null

2018-12-11 15:20:58 - [TEST_STEP][PASSED] - Statement - snum = rnd.nextInt(899999 + 1) + 100000: null

2018-12-11 15:20:58 - [TEST_STEP][PASSED] - Statement - tnum = rnd.nextInt(899999 + 1) + 100000: null

2018-12-11 15:20:58 - [TEST_STEP][PASSED] - Statement - IC = java.lang.Integer.toString(snum) + java.lang.Integer.toString(tnum): null

2018-12-11 15:20:58 - [TEST_STEP][PASSED] - Statement - ICtoAdd = IC: null

2018-12-11 15:20:58 - [TEST_STEP][PASSED] - Statement - out.println(ICtoAdd): null

2018-12-11 15:20:58 - [MESSAGE][PASSED] - Call Test Case 'Test Cases/Final Aug 2018 - PKS Automation/Common/IC Generator' successfully

2018-12-11 15:20:58 - [TEST_STEP][PASSED] - delay: Delayed 1 second(s)

2018-12-11 15:20:59 - [MESSAGE][PASSED] - Delayed 1 second(s)

2018-12-11 15:20:59 - [TEST_STEP][PASSED] - setText: Text '241789631738' is set on object 'Object Repository/Final Object Repo/Page_Update Add New Employee - ASSIST/NRIC Input'

2018-12-11 15:21:00 - [MESSAGE][PASSED] - Text '241789631738' is set on object 'Object Repository/Final Object Repo/Page_Update Add New Employee - ASSIST/NRIC Input'

2018-12-11 15:21:00 - [TEST_STEP][PASSED] - delay: Delayed 2 second(s)

2018-12-11 15:21:02 - [MESSAGE][PASSED] - Delayed 2 second(s)

2018-12-11 15:21:02 - [TEST_STEP][PASSED] - click: Object: 'Object Repository/Final Object Repo/Page_Update Add New Employee - ASSIST/button for search for IC' is clicked on

2018-12-11 15:21:02 - [MESSAGE][PASSED] - Object: 'Object Repository/Final Object Repo/Page_Update Add New Employee - ASSIST/button for search for IC' is clicked on

2018-12-11 15:21:02 - [TEST_STEP][PASSED] - delay: Object 'Object Repository/Final Object Repo/Page_Update Add New Employee - ASSIST/No Duplicate Employee Cross' is visible

2018-12-11 15:21:03 - [MESSAGE][PASSED] - Delayed 1 second(s)

2018-12-11 15:21:03 - [MESSAGE][WARNING] - Object 'Object Repository/Final Object Repo/Page_Update Add New Employee - ASSIST/No Duplicate Employee Cross' is visible
[[ATTACHMENT|C:\\Users\\Admin\\Desktop\\PKS\\Perkeso Phase A\\Reports\\Workflow\\Update Add New Employee\\20181211_110147\\1544512863414.png]]

2018-12-11 15:21:03 - [TEST_STEP][PASSED] - delay: Delayed 2 second(s)

2018-12-11 15:21:05 - [MESSAGE][PASSED] - Delayed 2 second(s)

2018-12-11 15:21:05 - [TEST_STEP][PASSED] - setText: Text 'Automate002 not eligible 2' is set on object 'Object Repository/Final Object Repo/Page_Update Add New Employee - ASSIST/Employee Name Input'

2018-12-11 15:21:06 - [MESSAGE][PASSED] - Text 'Automate002 not eligible 2' is set on object 'Object Repository/Final Object Repo/Page_Update Add New Employee - ASSIST/Employee Name Input'

2018-12-11 15:21:06 - [TEST_STEP][PASSED] - delay: Delayed 2 second(s)

2018-12-11 15:21:08 - [MESSAGE][PASSED] - Delayed 2 second(s)

2018-12-11 15:21:08 - [TEST_STEP][PASSED] - click: Object: 'Object Repository/Final Object Repo/Page_Update Add New Employee - ASSIST/DatePicker Pop Up' is clicked on

2018-12-11 15:21:08 - [MESSAGE][PASSED] - Object: 'Object Repository/Final Object Repo/Page_Update Add New Employee - ASSIST/DatePicker Pop Up' is clicked on

2018-12-11 15:21:08 - [TEST_STEP][PASSED] - delay: Delayed 2 second(s)

2018-12-11 15:21:10 - [MESSAGE][PASSED] - Delayed 2 second(s)

2018-12-11 15:21:10 - [TEST_STEP][PASSED] - click: Object: 'Object Repository/Final Object Repo/Page_Update Add New Employee - ASSIST/DOB Month' is clicked on

2018-12-11 15:21:10 - [MESSAGE][PASSED] - Object: 'Object Repository/Final Object Repo/Page_Update Add New Employee - ASSIST/DOB Month' is clicked on

2018-12-11 15:21:10 - [TEST_STEP][PASSED] - Statement - selectMonth = com.kms.katalon.core.webui.keyword.WebUiBuiltInKeywords.modifyObjectProperty(selectMonth, "xpath", "equals", "//body/div/div/div/select/option[@value="" + CurrentMonth + ""]", true): Modify property of object successfully

2018-12-11 15:21:10 - [MESSAGE][PASSED] - Modify property of object successfully

2018-12-11 15:21:10 - [TEST_STEP][PASSED] - click: Object: '' is clicked on

2018-12-11 15:21:10 - [MESSAGE][PASSED] - Object: '' is clicked on

2018-12-11 15:21:10 - [TEST_STEP][PASSED] - delay: Delayed 2 second(s)

2018-12-11 15:21:12 - [MESSAGE][PASSED] - Delayed 2 second(s)

2018-12-11 15:21:12 - [TEST_STEP][PASSED] - click: Object: 'Object Repository/Final Object Repo/Page_Update Add New Employee - ASSIST/DOB Year' is clicked on

2018-12-11 15:21:13 - [MESSAGE][PASSED] - Object: 'Object Repository/Final Object Repo/Page_Update Add New Employee - ASSIST/DOB Year' is clicked on

2018-12-11 15:21:13 - [TEST_STEP][PASSED] - Statement - selectYear = com.kms.katalon.core.webui.keyword.WebUiBuiltInKeywords.modifyObjectProperty(selectYear, "xpath", "equals", "//div/div/div/select/option[@value="" + FiftysevenYrsBefore + ""]", true): Modify property of object successfully

2018-12-11 15:21:13 - [MESSAGE][PASSED] - Modify property of object successfully

2018-12-11 15:21:13 - [TEST_STEP][PASSED] - click: Object: '' is clicked on

2018-12-11 15:21:13 - [MESSAGE][PASSED] - Object: '' is clicked on

2018-12-11 15:21:13 - [TEST_STEP][PASSED] - delay: Delayed 2 second(s)

2018-12-11 15:21:15 - [MESSAGE][PASSED] - Delayed 2 second(s)

2018-12-11 15:21:15 - [TEST_STEP][PASSED] - Statement - UpdatedSelectDate = com.kms.katalon.core.webui.keyword.WebUiBuiltInKeywords.modifyObjectProperty(com.kms.katalon.core.testobject.ObjectRepository.findTestObject(Final Object Repo/Page_Update Add New Employee - ASSIST/DOB Date), "xpath", "equals", "//body/div/table/tbody/tr/td/a[text()="" + CurrentDate + ""]", true): Modify property of object successfully

2018-12-11 15:21:15 - [MESSAGE][PASSED] - Modify property of object successfully

2018-12-11 15:21:15 - [TEST_STEP][PASSED] - click: Object: 'Object Repository/Final Object Repo/Page_Update Add New Employee - ASSIST/DOB Date' is clicked on

2018-12-11 15:21:15 - [MESSAGE][PASSED] - Object: 'Object Repository/Final Object Repo/Page_Update Add New Employee - ASSIST/DOB Date' is clicked on

2018-12-11 15:21:15 - [TEST_STEP][PASSED] - click: Object: 'Object Repository/Final Object Repo/Page_Update Add New Employee - ASSIST/EmploymentStartDate Pop Up' is clicked on

2018-12-11 15:21:15 - [MESSAGE][PASSED] - Object: 'Object Repository/Final Object Repo/Page_Update Add New Employee - ASSIST/EmploymentStartDate Pop Up' is clicked on

2018-12-11 15:21:15 - [TEST_STEP][PASSED] - delay: Delayed 2 second(s)

2018-12-11 15:21:17 - [MESSAGE][PASSED] - Delayed 2 second(s)

2018-12-11 15:21:17 - [TEST_STEP][PASSED] - click: Object: 'Object Repository/Final Object Repo/Page_Update Add New Employee - ASSIST/Socso Employment StartDate Month' is clicked on

2018-12-11 15:21:17 - [MESSAGE][PASSED] - Object: 'Object Repository/Final Object Repo/Page_Update Add New Employee - ASSIST/Socso Employment StartDate Month' is clicked on

2018-12-11 15:21:17 - [TEST_STEP][PASSED] - delay: Delayed 1 second(s)

2018-12-11 15:21:18 - [MESSAGE][PASSED] - Delayed 1 second(s)

2018-12-11 15:21:18 - [TEST_STEP][PASSED] - click: Object: 'Object Repository/Final Object Repo/Page_Update Add New Employee - ASSIST/Select Socso Employement Startdate Month' is clicked on

2018-12-11 15:21:19 - [MESSAGE][PASSED] - Object: 'Object Repository/Final Object Repo/Page_Update Add New Employee - ASSIST/Select Socso Employement Startdate Month' is clicked on

2018-12-11 15:21:19 - [TEST_STEP][PASSED] - delay: Delayed 2 second(s)

2018-12-11 15:21:21 - [MESSAGE][PASSED] - Delayed 2 second(s)

2018-12-11 15:21:21 - [TEST_STEP][PASSED] - click: Object: 'Object Repository/Final Object Repo/Page_Update Add New Employee - ASSIST/Socso Employment StartDate Year' is clicked on

2018-12-11 15:21:21 - [MESSAGE][PASSED] - Object: 'Object Repository/Final Object Repo/Page_Update Add New Employee - ASSIST/Socso Employment StartDate Year' is clicked on

2018-12-11 15:21:21 - [TEST_STEP][PASSED] - delay: Delayed 1 second(s)

2018-12-11 15:21:22 - [MESSAGE][PASSED] - Delayed 1 second(s)

2018-12-11 15:21:22 - [TEST_STEP][PASSED] - click: Object: 'Object Repository/Final Object Repo/Page_Update Add New Employee - ASSIST/Select Socso Employment Startdate Year' is clicked on

2018-12-11 15:21:22 - [MESSAGE][PASSED] - Object: 'Object Repository/Final Object Repo/Page_Update Add New Employee - ASSIST/Select Socso Employment Startdate Year' is clicked on

2018-12-11 15:21:22 - [TEST_STEP][PASSED] - delay: Delayed 2 second(s)

2018-12-11 15:21:24 - [MESSAGE][PASSED] - Delayed 2 second(s)

2018-12-11 15:21:24 - [TEST_STEP][PASSED] - click: Object: 'Object Repository/Final Object Repo/Page_Update Add New Employee - ASSIST/Socso Employment Start Date Day' is clicked on

2018-12-11 15:21:24 - [MESSAGE][PASSED] - Object: 'Object Repository/Final Object Repo/Page_Update Add New Employee - ASSIST/Socso Employment Start Date Day' is clicked on

2018-12-11 15:21:24 - [TEST_STEP][PASSED] - delay: Delayed 2 second(s)

2018-12-11 15:21:26 - [MESSAGE][PASSED] - Delayed 2 second(s)

2018-12-11 15:21:26 - [TEST_STEP][PASSED] - click: Object: 'Object Repository/Final Object Repo/Page_Update Add New Employee - ASSIST/Save Button for Add Employee' is clicked on

2018-12-11 15:21:26 - [MESSAGE][PASSED] - Object: 'Object Repository/Final Object Repo/Page_Update Add New Employee - ASSIST/Save Button for Add Employee' is clicked on

2018-12-11 15:21:26 - [MESSAGE][PASSED] - Call Test Case 'Test Cases/Final Aug 2018 - PKS Automation/Registration Module/Workflow/Update Add New Employee/Template/Employee Adding/Employee Adding Action No Repeat IC' successfully

2018-12-11 15:21:26 - [TEST_STEP][PASSED] - delay: Delayed 4 second(s)

2018-12-11 15:21:30 - [MESSAGE][PASSED] - Delayed 4 second(s)

2018-12-11 15:21:30 - [TEST_STEP][PASSED] - Statement - CaseReferenceNo = com.kms.katalon.core.webui.keyword.WebUiBuiltInKeywords.getText(com.kms.katalon.core.testobject.ObjectRepository.findTestObject(Final Object Repo/Page_Update Add New Employee - ASSIST/RefNo)): Text of object 'Object Repository/Final Object Repo/Page_Update Add New Employee - ASSIST/RefNo' is: 'CAN12201800002299'

2018-12-11 15:21:30 - [MESSAGE][PASSED] - Text of object 'Object Repository/Final Object Repo/Page_Update Add New Employee - ASSIST/RefNo' is: 'CAN12201800002299'

2018-12-11 15:21:30 - [TEST_STEP][PASSED] - callTestCase: Call Test Case 'Test Cases/Final Aug 2018 - PKS Automation/Common/Reference Number Setter' successfully

2018-12-11 15:21:30 - [TEST_CASE][PASSED] - Test Cases/Final Aug 2018 - PKS Automation/Common/Reference Number Setter: Test Cases/Final Aug 2018 - PKS Automation/Common/Reference Number Setter

2018-12-11 15:21:31 - [TEST_STEP][PASSED] - Statement - RefNoOldFile = new java.io.File(C://Users//Admin//Desktop//PKS//Automation Reference Point//KatalonReference.txt): null

2018-12-11 15:21:31 - [TEST_STEP][PASSED] - Statement - RefNoOldFile.delete(): null

2018-12-11 15:21:31 - [TEST_STEP][PASSED] - delay: Delayed 5 second(s)

2018-12-11 15:21:36 - [MESSAGE][PASSED] - Delayed 5 second(s)

2018-12-11 15:21:36 - [TEST_STEP][PASSED] - Statement - RefNo = new java.io.File(C://Users//Admin//Desktop//PKS//Automation Reference Point//KatalonReference.txt): null

2018-12-11 15:21:36 - [TEST_STEP][PASSED] - Statement - f2 = new java.io.FileWriter(RefNo, false): null

2018-12-11 15:21:36 - [TEST_STEP][PASSED] - Statement - f2.write(CaseReferenceNo): null

2018-12-11 15:21:36 - [TEST_STEP][PASSED] - Statement - f2.close(): null

2018-12-11 15:21:36 - [TEST_STEP][PASSED] - Statement - out.println("


" + CaseReferenceNo + "


"): null

2018-12-11 15:21:36 - [MESSAGE][PASSED] - Call Test Case 'Test Cases/Final Aug 2018 - PKS Automation/Common/Reference Number Setter' successfully

2018-12-11 15:21:36 - [TEST_STEP][PASSED] - delay: Delayed 5 second(s)

2018-12-11 15:21:41 - [MESSAGE][PASSED] - Delayed 5 second(s)

2018-12-11 15:21:41 - [TEST_STEP][PASSED] - click: Object: 'Object Repository/Final Object Repo/Page_Update Add New Employee - ASSIST/Incomplete Checkbox' is clicked on

2018-12-11 15:21:41 - [MESSAGE][PASSED] - Object: 'Object Repository/Final Object Repo/Page_Update Add New Employee - ASSIST/Incomplete Checkbox' is clicked on

2018-12-11 15:21:41 - [TEST_STEP][PASSED] - delay: Delayed 2 second(s)

2018-12-11 15:21:43 - [MESSAGE][PASSED] - Delayed 2 second(s)

2018-12-11 15:21:43 - [TEST_STEP][PASSED] - click: Object: 'Object Repository/Final Object Repo/Page_Update Add New Employee - ASSIST/Save  Continue Button' is clicked on

2018-12-11 15:21:43 - [MESSAGE][PASSED] - Object: 'Object Repository/Final Object Repo/Page_Update Add New Employee - ASSIST/Save  Continue Button' is clicked on

2018-12-11 15:21:43 - [TEST_STEP][PASSED] - delay: Delayed 4 second(s)

2018-12-11 15:21:47 - [MESSAGE][PASSED] - Delayed 4 second(s)

2018-12-11 15:21:47 - [TEST_STEP][PASSED] - click: Object: 'Object Repository/Final Object Repo/Page_Update Add New Employee - ASSIST/Save  Continue Third Screen' is clicked on

2018-12-11 15:21:50 - [MESSAGE][PASSED] - Object: 'Object Repository/Final Object Repo/Page_Update Add New Employee - ASSIST/Save  Continue Third Screen' is clicked on

2018-12-11 15:21:50 - [TEST_STEP][PASSED] - delay: Delayed 4 second(s)

2018-12-11 15:21:54 - [MESSAGE][PASSED] - Delayed 4 second(s)

2018-12-11 15:21:54 - [TEST_STEP][PASSED] - click: Object: 'Object Repository/Final Object Repo/Page_Update Add New Employee - ASSIST/Save   Continue Supporting Doc Page' is clicked on

2018-12-11 15:21:54 - [MESSAGE][PASSED] - Object: 'Object Repository/Final Object Repo/Page_Update Add New Employee - ASSIST/Save   Continue Supporting Doc Page' is clicked on

2018-12-11 15:21:54 - [TEST_STEP][PASSED] - delay: Delayed 4 second(s)

2018-12-11 15:21:58 - [MESSAGE][PASSED] - Delayed 4 second(s)

2018-12-11 15:21:58 - [TEST_STEP][PASSED] - click: Object: 'Object Repository/Final Object Repo/Page_Update Add New Employee - ASSIST/Submit Button' is clicked on

2018-12-11 15:21:59 - [MESSAGE][PASSED] - Object: 'Object Repository/Final Object Repo/Page_Update Add New Employee - ASSIST/Submit Button' is clicked on

2018-12-11 15:21:59 - [TEST_STEP][PASSED] - delay: Delayed 4 second(s)

2018-12-11 15:22:03 - [MESSAGE][PASSED] - Delayed 4 second(s)

2018-12-11 15:22:03 - [TEST_STEP][PASSED] - click: Object: 'Object Repository/Final Object Repo/Page_Update Add New Employee - ASSIST/Confirm Submit Button' is clicked on

2018-12-11 15:22:03 - [MESSAGE][PASSED] - Object: 'Object Repository/Final Object Repo/Page_Update Add New Employee - ASSIST/Confirm Submit Button' is clicked on

2018-12-11 15:22:03 - [TEST_STEP][PASSED] - delay: Delayed 30 second(s)

2018-12-11 15:22:33 - [MESSAGE][PASSED] - Delayed 30 second(s)

2018-12-11 15:22:33 - [TEST_STEP][PASSED] - callTestCase: Call Test Case 'Test Cases/Final Aug 2018 - PKS Automation/Common/Screenshoting tool' successfully

2018-12-11 15:22:33 - [TEST_CASE][PASSED] - Test Cases/Final Aug 2018 - PKS Automation/Common/Screenshoting tool: Test Cases/Final Aug 2018 - PKS Automation/Common/Screenshoting tool

2018-12-11 15:22:33 - [TEST_STEP][PASSED] - delay: Delayed 15 second(s)

2018-12-11 15:22:48 - [MESSAGE][PASSED] - Delayed 15 second(s)

2018-12-11 15:22:48 - [TEST_STEP][PASSED] - Statement - driver = com.kms.katalon.core.webui.driver.DriverFactory.getWebDriver(): null

2018-12-11 15:22:48 - [TEST_STEP][PASSED] - Statement - driver.manage().timeouts().implicitlyWait(10, SECONDS): null

2018-12-11 15:22:48 - [TEST_STEP][PASSED] - Statement - PresavePath = KatalonScreenshots: null

2018-12-11 15:22:48 - [TEST_STEP][PASSED] - Statement - pathPrefix = "C:\Users\Public\Pictures\Sample Pictures\Katalon Screenshots\Automate Ending Screen": null

2018-12-11 15:22:48 - [TEST_STEP][PASSED] - Statement - finalPath = <not implemented yet for class: org.codehaus.groovy.ast.expr.EmptyExpression>: null

2018-12-11 15:22:48 - [TEST_STEP][PASSED] - Statement - scrFile = driver.getScreenshotAs(FILE): null

2018-12-11 15:22:49 - [TEST_STEP][PASSED] - Statement - PreSaveFile = new java.io.File(PresavePath): null

2018-12-11 15:22:49 - [TEST_STEP][PASSED] - Statement - counter = 0: null

2018-12-11 15:22:49 - [TEST_STEP][PASSED] - Statement - If (PreSaveFile.exists()): null

2018-12-11 15:22:49 - [TEST_STEP][PASSED] - Statement - While (PreSaveFile.exists()): null

2018-12-11 15:22:49 - [TEST_STEP][PASSED] - Statement - counter = counter + 1: null

2018-12-11 15:22:49 - [TEST_STEP][PASSED] - Statement - PreSaveFile = new java.io.File(((pathPrefix + java.lang.Integer.toString(counter)) + .png)): null

2018-12-11 15:22:49 - [TEST_STEP][PASSED] - Statement - counter = counter + 1: null

2018-12-11 15:22:49 - [TEST_STEP][PASSED] - Statement - PreSaveFile = new java.io.File(((pathPrefix + java.lang.Integer.toString(counter)) + .png)): null

2018-12-11 15:22:49 - [TEST_STEP][PASSED] - Statement - counter = counter + 1: null

2018-12-11 15:22:49 - [TEST_STEP][PASSED] - Statement - PreSaveFile = new java.io.File(((pathPrefix + java.lang.Integer.toString(counter)) + .png)): null

2018-12-11 15:22:49 - [TEST_STEP][PASSED] - Statement - counter = counter + 1: null

2018-12-11 15:22:49 - [TEST_STEP][PASSED] - Statement - PreSaveFile = new java.io.File(((pathPrefix + java.lang.Integer.toString(counter)) + .png)): null

2018-12-11 15:22:49 - [TEST_STEP][PASSED] - Statement - counter = counter + 1: null

2018-12-11 15:22:49 - [TEST_STEP][PASSED] - Statement - PreSaveFile = new java.io.File(((pathPrefix + java.lang.Integer.toString(counter)) + .png)): null

2018-12-11 15:22:49 - [TEST_STEP][PASSED] - Statement - counter = counter + 1: null

2018-12-11 15:22:49 - [TEST_STEP][PASSED] - Statement - PreSaveFile = new java.io.File(((pathPrefix + java.lang.Integer.toString(counter)) + .png)): null

2018-12-11 15:22:49 - [TEST_STEP][PASSED] - Statement - counter = counter + 1: null

2018-12-11 15:22:49 - [TEST_STEP][PASSED] - Statement - PreSaveFile = new java.io.File(((pathPrefix + java.lang.Integer.toString(counter)) + .png)): null

2018-12-11 15:22:49 - [TEST_STEP][PASSED] - Statement - counter = counter + 1: null

2018-12-11 15:22:49 - [TEST_STEP][PASSED] - Statement - PreSaveFile = new java.io.File(((pathPrefix + java.lang.Integer.toString(counter)) + .png)): null

2018-12-11 15:22:49 - [TEST_STEP][PASSED] - Statement - counter = counter + 1: null

2018-12-11 15:22:49 - [TEST_STEP][PASSED] - Statement - PreSaveFile = new java.io.File(((pathPrefix + java.lang.Integer.toString(counter)) + .png)): null

2018-12-11 15:22:49 - [TEST_STEP][PASSED] - Statement - counter = counter + 1: null

2018-12-11 15:22:49 - [TEST_STEP][PASSED] - Statement - PreSaveFile = new java.io.File(((pathPrefix + java.lang.Integer.toString(counter)) + .png)): null

2018-12-11 15:22:49 - [TEST_STEP][PASSED] - Statement - counter = counter + 1: null

2018-12-11 15:22:49 - [TEST_STEP][PASSED] - Statement - PreSaveFile = new java.io.File(((pathPrefix + java.lang.Integer.toString(counter)) + .png)): null

2018-12-11 15:22:49 - [TEST_STEP][PASSED] - Statement - counter = counter + 1: null

2018-12-11 15:22:49 - [TEST_STEP][PASSED] - Statement - PreSaveFile = new java.io.File(((pathPrefix + java.lang.Integer.toString(counter)) + .png)): null

2018-12-11 15:22:49 - [TEST_STEP][PASSED] - Statement - counter = counter + 1: null

2018-12-11 15:22:49 - [TEST_STEP][PASSED] - Statement - PreSaveFile = new java.io.File(((pathPrefix + java.lang.Integer.toString(counter)) + .png)): null

2018-12-11 15:22:49 - [TEST_STEP][PASSED] - Statement - counter = counter + 1: null

2018-12-11 15:22:49 - [TEST_STEP][PASSED] - Statement - PreSaveFile = new java.io.File(((pathPrefix + java.lang.Integer.toString(counter)) + .png)): null

2018-12-11 15:22:49 - [TEST_STEP][PASSED] - Statement - counter = counter + 1: null

2018-12-11 15:22:49 - [TEST_STEP][PASSED] - Statement - PreSaveFile = new java.io.File(((pathPrefix + java.lang.Integer.toString(counter)) + .png)): null

2018-12-11 15:22:49 - [TEST_STEP][PASSED] - Statement - counter = counter + 1: null

2018-12-11 15:22:49 - [TEST_STEP][PASSED] - Statement - PreSaveFile = new java.io.File(((pathPrefix + java.lang.Integer.toString(counter)) + .png)): null

2018-12-11 15:22:49 - [TEST_STEP][PASSED] - Statement - counter = counter + 1: null

2018-12-11 15:22:49 - [TEST_STEP][PASSED] - Statement - PreSaveFile = new java.io.File(((pathPrefix + java.lang.Integer.toString(counter)) + .png)): null

2018-12-11 15:22:49 - [TEST_STEP][PASSED] - Statement - counter = counter + 1: null

2018-12-11 15:22:49 - [TEST_STEP][PASSED] - Statement - PreSaveFile = new java.io.File(((pathPrefix + java.lang.Integer.toString(counter)) + .png)): null

2018-12-11 15:22:49 - [TEST_STEP][PASSED] - Statement - counter = counter + 1: null

2018-12-11 15:22:49 - [TEST_STEP][PASSED] - Statement - PreSaveFile = new java.io.File(((pathPrefix + java.lang.Integer.toString(counter)) + .png)): null

2018-12-11 15:22:49 - [TEST_STEP][PASSED] - Statement - counter = counter + 1: null

2018-12-11 15:22:49 - [TEST_STEP][PASSED] - Statement - PreSaveFile = new java.io.File(((pathPrefix + java.lang.Integer.toString(counter)) + .png)): null

2018-12-11 15:22:49 - [TEST_STEP][PASSED] - Statement - counter = counter + 1: null

2018-12-11 15:22:49 - [TEST_STEP][PASSED] - Statement - PreSaveFile = new java.io.File(((pathPrefix + java.lang.Integer.toString(counter)) + .png)): null

2018-12-11 15:22:49 - [TEST_STEP][PASSED] - Statement - counter = counter + 1: null

2018-12-11 15:22:49 - [TEST_STEP][PASSED] - Statement - PreSaveFile = new java.io.File(((pathPrefix + java.lang.Integer.toString(counter)) + .png)): null

2018-12-11 15:22:49 - [TEST_STEP][PASSED] - Statement - counter = counter + 1: null

2018-12-11 15:22:49 - [TEST_STEP][PASSED] - Statement - PreSaveFile = new java.io.File(((pathPrefix + java.lang.Integer.toString(counter)) + .png)): null

2018-12-11 15:22:49 - [TEST_STEP][PASSED] - Statement - counter = counter + 1: null

2018-12-11 15:22:49 - [TEST_STEP][PASSED] - Statement - PreSaveFile = new java.io.File(((pathPrefix + java.lang.Integer.toString(counter)) + .png)): null

2018-12-11 15:22:49 - [TEST_STEP][PASSED] - Statement - counter = counter + 1: null

2018-12-11 15:22:49 - [TEST_STEP][PASSED] - Statement - PreSaveFile = new java.io.File(((pathPrefix + java.lang.Integer.toString(counter)) + .png)): null

2018-12-11 15:22:49 - [TEST_STEP][PASSED] - Statement - counter = counter + 1: null

2018-12-11 15:22:49 - [TEST_STEP][PASSED] - Statement - PreSaveFile = new java.io.File(((pathPrefix + java.lang.Integer.toString(counter)) + .png)): null

2018-12-11 15:22:49 - [TEST_STEP][PASSED] - Statement - counter = counter + 1: null

2018-12-11 15:22:49 - [TEST_STEP][PASSED] - Statement - PreSaveFile = new java.io.File(((pathPrefix + java.lang.Integer.toString(counter)) + .png)): null

2018-12-11 15:22:49 - [TEST_STEP][PASSED] - Statement - counter = counter + 1: null

2018-12-11 15:22:49 - [TEST_STEP][PASSED] - Statement - PreSaveFile = new java.io.File(((pathPrefix + java.lang.Integer.toString(counter)) + .png)): null

2018-12-11 15:22:49 - [TEST_STEP][PASSED] - Statement - counter = counter + 1: null

2018-12-11 15:22:49 - [TEST_STEP][PASSED] - Statement - PreSaveFile = new java.io.File(((pathPrefix + java.lang.Integer.toString(counter)) + .png)): null

2018-12-11 15:22:49 - [TEST_STEP][PASSED] - Statement - counter = counter + 1: null

2018-12-11 15:22:49 - [TEST_STEP][PASSED] - Statement - PreSaveFile = new java.io.File(((pathPrefix + java.lang.Integer.toString(counter)) + .png)): null

2018-12-11 15:22:49 - [TEST_STEP][PASSED] - Statement - counter = counter + 1: null

2018-12-11 15:22:49 - [TEST_STEP][PASSED] - Statement - PreSaveFile = new java.io.File(((pathPrefix + java.lang.Integer.toString(counter)) + .png)): null

2018-12-11 15:22:49 - [TEST_STEP][PASSED] - Statement - counter = counter + 1: null

2018-12-11 15:22:49 - [TEST_STEP][PASSED] - Statement - PreSaveFile = new java.io.File(((pathPrefix + java.lang.Integer.toString(counter)) + .png)): null

2018-12-11 15:22:49 - [TEST_STEP][PASSED] - Statement - counter = counter + 1: null

2018-12-11 15:22:49 - [TEST_STEP][PASSED] - Statement - PreSaveFile = new java.io.File(((pathPrefix + java.lang.Integer.toString(counter)) + .png)): null

2018-12-11 15:22:49 - [TEST_STEP][PASSED] - Statement - counter = counter + 1: null

2018-12-11 15:22:49 - [TEST_STEP][PASSED] - Statement - PreSaveFile = new java.io.File(((pathPrefix + java.lang.Integer.toString(counter)) + .png)): null

2018-12-11 15:22:49 - [TEST_STEP][PASSED] - Statement - counter = counter + 1: null

2018-12-11 15:22:49 - [TEST_STEP][PASSED] - Statement - PreSaveFile = new java.io.File(((pathPrefix + java.lang.Integer.toString(counter)) + .png)): null

2018-12-11 15:22:49 - [TEST_STEP][PASSED] - Statement - counter = counter + 1: null

2018-12-11 15:22:49 - [TEST_STEP][PASSED] - Statement - PreSaveFile = new java.io.File(((pathPrefix + java.lang.Integer.toString(counter)) + .png)): null

2018-12-11 15:22:49 - [TEST_STEP][PASSED] - Statement - counter = counter + 1: null

2018-12-11 15:22:49 - [TEST_STEP][PASSED] - Statement - PreSaveFile = new java.io.File(((pathPrefix + java.lang.Integer.toString(counter)) + .png)): null

2018-12-11 15:22:49 - [TEST_STEP][PASSED] - Statement - counter = counter + 1: null

2018-12-11 15:22:49 - [TEST_STEP][PASSED] - Statement - PreSaveFile = new java.io.File(((pathPrefix + java.lang.Integer.toString(counter)) + .png)): null

2018-12-11 15:22:49 - [TEST_STEP][PASSED] - Statement - counter = counter + 1: null

2018-12-11 15:22:49 - [TEST_STEP][PASSED] - Statement - PreSaveFile = new java.io.File(((pathPrefix + java.lang.Integer.toString(counter)) + .png)): null

2018-12-11 15:22:49 - [TEST_STEP][PASSED] - Statement - counter = counter + 1: null

2018-12-11 15:22:49 - [TEST_STEP][PASSED] - Statement - PreSaveFile = new java.io.File(((pathPrefix + java.lang.Integer.toString(counter)) + .png)): null

2018-12-11 15:22:49 - [TEST_STEP][PASSED] - Statement - counter = counter + 1: null

2018-12-11 15:22:49 - [TEST_STEP][PASSED] - Statement - PreSaveFile = new java.io.File(((pathPrefix + java.lang.Integer.toString(counter)) + .png)): null

2018-12-11 15:22:49 - [TEST_STEP][PASSED] - Statement - counter = counter + 1: null

2018-12-11 15:22:49 - [TEST_STEP][PASSED] - Statement - PreSaveFile = new java.io.File(((pathPrefix + java.lang.Integer.toString(counter)) + .png)): null

2018-12-11 15:22:49 - [TEST_STEP][PASSED] - Statement - counter = counter + 1: null

2018-12-11 15:22:49 - [TEST_STEP][PASSED] - Statement - PreSaveFile = new java.io.File(((pathPrefix + java.lang.Integer.toString(counter)) + .png)): null

2018-12-11 15:22:49 - [TEST_STEP][PASSED] - Statement - counter = counter + 1: null

2018-12-11 15:22:49 - [TEST_STEP][PASSED] - Statement - PreSaveFile = new java.io.File(((pathPrefix + java.lang.Integer.toString(counter)) + .png)): null

2018-12-11 15:22:49 - [TEST_STEP][PASSED] - Statement - counter = counter + 1: null

2018-12-11 15:22:49 - [TEST_STEP][PASSED] - Statement - PreSaveFile = new java.io.File(((pathPrefix + java.lang.Integer.toString(counter)) + .png)): null

2018-12-11 15:22:49 - [TEST_STEP][PASSED] - Statement - counter = counter + 1: null

2018-12-11 15:22:49 - [TEST_STEP][PASSED] - Statement - PreSaveFile = new java.io.File(((pathPrefix + java.lang.Integer.toString(counter)) + .png)): null

2018-12-11 15:22:49 - [TEST_STEP][PASSED] - Statement - counter = counter + 1: null

2018-12-11 15:22:49 - [TEST_STEP][PASSED] - Statement - PreSaveFile = new java.io.File(((pathPrefix + java.lang.Integer.toString(counter)) + .png)): null

2018-12-11 15:22:49 - [TEST_STEP][PASSED] - Statement - counter = counter + 1: null

2018-12-11 15:22:49 - [TEST_STEP][PASSED] - Statement - PreSaveFile = new java.io.File(((pathPrefix + java.lang.Integer.toString(counter)) + .png)): null

2018-12-11 15:22:49 - [TEST_STEP][PASSED] - Statement - counter = counter + 1: null

2018-12-11 15:22:49 - [TEST_STEP][PASSED] - Statement - PreSaveFile = new java.io.File(((pathPrefix + java.lang.Integer.toString(counter)) + .png)): null

2018-12-11 15:22:49 - [TEST_STEP][PASSED] - Statement - counter = counter + 1: null

2018-12-11 15:22:49 - [TEST_STEP][PASSED] - Statement - PreSaveFile = new java.io.File(((pathPrefix + java.lang.Integer.toString(counter)) + .png)): null

2018-12-11 15:22:49 - [TEST_STEP][PASSED] - Statement - counter = counter + 1: null

2018-12-11 15:22:49 - [TEST_STEP][PASSED] - Statement - PreSaveFile = new java.io.File(((pathPrefix + java.lang.Integer.toString(counter)) + .png)): null

2018-12-11 15:22:49 - [TEST_STEP][PASSED] - Statement - counter = counter + 1: null

2018-12-11 15:22:49 - [TEST_STEP][PASSED] - Statement - PreSaveFile = new java.io.File(((pathPrefix + java.lang.Integer.toString(counter)) + .png)): null

2018-12-11 15:22:49 - [TEST_STEP][PASSED] - Statement - counter = counter + 1: null

2018-12-11 15:22:49 - [TEST_STEP][PASSED] - Statement - PreSaveFile = new java.io.File(((pathPrefix + java.lang.Integer.toString(counter)) + .png)): null

2018-12-11 15:22:49 - [TEST_STEP][PASSED] - Statement - counter = counter + 1: null

2018-12-11 15:22:49 - [TEST_STEP][PASSED] - Statement - PreSaveFile = new java.io.File(((pathPrefix + java.lang.Integer.toString(counter)) + .png)): null

2018-12-11 15:22:49 - [TEST_STEP][PASSED] - Statement - counter = counter + 1: null

2018-12-11 15:22:49 - [TEST_STEP][PASSED] - Statement - PreSaveFile = new java.io.File(((pathPrefix + java.lang.Integer.toString(counter)) + .png)): null

2018-12-11 15:22:49 - [TEST_STEP][PASSED] - Statement - counter = counter + 1: null

2018-12-11 15:22:49 - [TEST_STEP][PASSED] - Statement - PreSaveFile = new java.io.File(((pathPrefix + java.lang.Integer.toString(counter)) + .png)): null

2018-12-11 15:22:49 - [TEST_STEP][PASSED] - Statement - counter = counter + 1: null

2018-12-11 15:22:49 - [TEST_STEP][PASSED] - Statement - PreSaveFile = new java.io.File(((pathPrefix + java.lang.Integer.toString(counter)) + .png)): null

2018-12-11 15:22:49 - [TEST_STEP][PASSED] - Statement - counter = counter + 1: null

2018-12-11 15:22:49 - [TEST_STEP][PASSED] - Statement - PreSaveFile = new java.io.File(((pathPrefix + java.lang.Integer.toString(counter)) + .png)): null

2018-12-11 15:22:49 - [TEST_STEP][PASSED] - Statement - counter = counter + 1: null

2018-12-11 15:22:49 - [TEST_STEP][PASSED] - Statement - PreSaveFile = new java.io.File(((pathPrefix + java.lang.Integer.toString(counter)) + .png)): null

2018-12-11 15:22:49 - [TEST_STEP][PASSED] - Statement - counter = counter + 1: null

2018-12-11 15:22:49 - [TEST_STEP][PASSED] - Statement - PreSaveFile = new java.io.File(((pathPrefix + java.lang.Integer.toString(counter)) + .png)): null

2018-12-11 15:22:49 - [TEST_STEP][PASSED] - Statement - counter = counter + 1: null

2018-12-11 15:22:49 - [TEST_STEP][PASSED] - Statement - PreSaveFile = new java.io.File(((pathPrefix + java.lang.Integer.toString(counter)) + .png)): null

2018-12-11 15:22:49 - [TEST_STEP][PASSED] - Statement - counter = counter + 1: null

2018-12-11 15:22:49 - [TEST_STEP][PASSED] - Statement - PreSaveFile = new java.io.File(((pathPrefix + java.lang.Integer.toString(counter)) + .png)): null

2018-12-11 15:22:49 - [TEST_STEP][PASSED] - Statement - counter = counter + 1: null

2018-12-11 15:22:49 - [TEST_STEP][PASSED] - Statement - PreSaveFile = new java.io.File(((pathPrefix + java.lang.Integer.toString(counter)) + .png)): null

2018-12-11 15:22:49 - [TEST_STEP][PASSED] - Statement - counter = counter + 1: null

2018-12-11 15:22:49 - [TEST_STEP][PASSED] - Statement - PreSaveFile = new java.io.File(((pathPrefix + java.lang.Integer.toString(counter)) + .png)): null

2018-12-11 15:22:49 - [TEST_STEP][PASSED] - Statement - counter = counter + 1: null

2018-12-11 15:22:49 - [TEST_STEP][PASSED] - Statement - PreSaveFile = new java.io.File(((pathPrefix + java.lang.Integer.toString(counter)) + .png)): null

2018-12-11 15:22:49 - [TEST_STEP][PASSED] - Statement - counter = counter + 1: null

2018-12-11 15:22:49 - [TEST_STEP][PASSED] - Statement - PreSaveFile = new java.io.File(((pathPrefix + java.lang.Integer.toString(counter)) + .png)): null

2018-12-11 15:22:49 - [TEST_STEP][PASSED] - Statement - counter = counter + 1: null

2018-12-11 15:22:49 - [TEST_STEP][PASSED] - Statement - PreSaveFile = new java.io.File(((pathPrefix + java.lang.Integer.toString(counter)) + .png)): null

2018-12-11 15:22:49 - [TEST_STEP][PASSED] - Statement - counter = counter + 1: null

2018-12-11 15:22:49 - [TEST_STEP][PASSED] - Statement - PreSaveFile = new java.io.File(((pathPrefix + java.lang.Integer.toString(counter)) + .png)): null

2018-12-11 15:22:49 - [TEST_STEP][PASSED] - Statement - finalPath = pathPrefix + java.lang.Integer.toString(counter) + ".png": null

2018-12-11 15:22:49 - [TEST_STEP][PASSED] - Statement - SaveFile = new java.io.File(finalPath): null

2018-12-11 15:22:49 - [TEST_STEP][PASSED] - Statement - Try: null

2018-12-11 15:22:49 - [TEST_STEP][PASSED] - Statement - org.apache.commons.io.FileUtils.copyFile(scrFile, SaveFile): null

2018-12-11 15:22:49 - [TEST_STEP][PASSED] - Statement - out.println("file kept"): null

2018-12-11 15:22:49 - [TEST_STEP][PASSED] - delay: Delayed 10 second(s)

2018-12-11 15:22:59 - [MESSAGE][PASSED] - Delayed 10 second(s)

2018-12-11 15:22:59 - [MESSAGE][PASSED] - Call Test Case 'Test Cases/Final Aug 2018 - PKS Automation/Common/Screenshoting tool' successfully

2018-12-11 15:22:59 - [TEST_STEP][PASSED] - callTestCase: Call Test Case 'Test Cases/Final Aug 2018 - PKS Automation/Registration Module/Log Out/log out avoiding katalon tagging' successfully

2018-12-11 15:22:59 - [TEST_CASE][PASSED] - Test Cases/Final Aug 2018 - PKS Automation/Registration Module/Log Out/log out avoiding katalon tagging: Test Cases/Final Aug 2018 - PKS Automation/Registration Module/Log Out/log out avoiding katalon tagging

2018-12-11 15:22:59 - [TEST_STEP][PASSED] - navigateToUrl: Navigate to 'https://assist2-uat.perkeso.gov.my/c/portal/logout' successfully

2018-12-11 15:23:00 - [MESSAGE][PASSED] - Navigate to 'https://assist2-uat.perkeso.gov.my/c/portal/logout' successfully

2018-12-11 15:23:00 - [MESSAGE][PASSED] - Call Test Case 'Test Cases/Final Aug 2018 - PKS Automation/Registration Module/Log Out/log out avoiding katalon tagging' successfully

2018-12-11 15:23:00 - [TEST_STEP][PASSED] - callTestCase: Call Test Case 'Test Cases/Final Aug 2018 - PKS Automation/Common/Workflow Owner Finder' successfully

2018-12-11 15:23:00 - [TEST_CASE][PASSED] - Test Cases/Final Aug 2018 - PKS Automation/Common/Workflow Owner Finder: Test Cases/Final Aug 2018 - PKS Automation/Common/Workflow Owner Finder

2018-12-11 15:23:01 - [TEST_STEP][PASSED] - openBrowser: Browser is opened with url: ''

2018-12-11 15:23:01 - [MESSAGE][WARNING] - A browser is already opened. Closing browser and opening a new one

2018-12-11 15:23:05 - [MESSAGE][PASSED] - Browser is opened with url: ''

2018-12-11 15:23:05 - [TEST_STEP][PASSED] - navigateToUrl: Navigate to 'https://assist2-uat.perkeso.gov.my/login' successfully

2018-12-11 15:23:07 - [MESSAGE][PASSED] - Navigate to 'https://assist2-uat.perkeso.gov.my/login' successfully

2018-12-11 15:23:07 - [TEST_STEP][PASSED] - delay: Delayed 5 second(s)

2018-12-11 15:23:12 - [MESSAGE][PASSED] - Delayed 5 second(s)

2018-12-11 15:23:12 - [TEST_STEP][PASSED] - setText: Text 'test@liferay.com' is set on object 'Object Repository/Final Object Repo/Login Page/Internal User/Email Address'

2018-12-11 15:23:12 - [MESSAGE][PASSED] - Text 'test@liferay.com' is set on object 'Object Repository/Final Object Repo/Login Page/Internal User/Email Address'

2018-12-11 15:23:12 - [TEST_STEP][PASSED] - click: Object: 'Object Repository/Final Object Repo/Login Page/Internal User/Next Button' is clicked on

2018-12-11 15:23:12 - [MESSAGE][PASSED] - Object: 'Object Repository/Final Object Repo/Login Page/Internal User/Next Button' is clicked on

2018-12-11 15:23:12 - [TEST_STEP][PASSED] - delay: Delayed 2 second(s)

2018-12-11 15:23:14 - [MESSAGE][PASSED] - Delayed 2 second(s)

2018-12-11 15:23:14 - [TEST_STEP][PASSED] - setText: Text 'test' is set on object 'Object Repository/Final Object Repo/Login Page/Internal User/Password'

2018-12-11 15:23:14 - [MESSAGE][PASSED] - Text 'test' is set on object 'Object Repository/Final Object Repo/Login Page/Internal User/Password'

2018-12-11 15:23:14 - [TEST_STEP][PASSED] - delay: Delayed 2 second(s)

2018-12-11 15:23:16 - [MESSAGE][PASSED] - Delayed 2 second(s)

2018-12-11 15:23:16 - [TEST_STEP][PASSED] - click: Object: 'Object Repository/Final Object Repo/Login Page/Internal User/Login Button' is clicked on

2018-12-11 15:23:17 - [MESSAGE][PASSED] - Object: 'Object Repository/Final Object Repo/Login Page/Internal User/Login Button' is clicked on

2018-12-11 15:23:17 - [TEST_STEP][PASSED] - Statement - tester = com.kms.katalon.core.testobject.ObjectRepository.findTestObject(Final Object Repo/Landing Page/Select to English): Finding Test Object with id 'Object Repository/Final Object Repo/Landing Page/Select to English'

2018-12-11 15:23:17 - [TEST_STEP][PASSED] - Statement - Try: Delayed 2 second(s)

2018-12-11 15:23:17 - [TEST_STEP][PASSED] - Statement - Checker = com.kms.katalon.core.webui.keyword.WebUiBuiltInKeywords.verifyElementNotPresent(tester, 3): Web element with id: 'Object Repository/Final Object Repo/Landing Page/Select to English' located by 'By.xpath: //a[@class = 'taglib-language-list-text' and @lang = 'en-US' and (contains(text(), 'EN') or contains(., 'EN'))]' is not present after '3' second(s)

2018-12-11 15:23:19 - [MESSAGE][PASSED] - Web element with id: 'Object Repository/Final Object Repo/Landing Page/Select to English' located by 'By.xpath: //a[@class = 'taglib-language-list-text' and @lang = 'en-US' and (contains(text(), 'EN') or contains(., 'EN'))]' is not present after '3' second(s)

2018-12-11 15:23:19 - [TEST_STEP][PASSED] - Statement - If (Checker == false): null

2018-12-11 15:23:19 - [TEST_STEP][PASSED] - delay: Delayed 2 second(s)

2018-12-11 15:23:21 - [MESSAGE][PASSED] - Delayed 2 second(s)

2018-12-11 15:23:21 - [TEST_STEP][PASSED] - delay: Delayed 5 second(s)

2018-12-11 15:23:26 - [MESSAGE][PASSED] - Delayed 5 second(s)

2018-12-11 15:23:26 - [TEST_STEP][PASSED] - mouseOver: Object: 'Object Repository/Final Object Repo/Landing Page/WorkFlow Menu' is hovered

2018-12-11 15:23:26 - [MESSAGE][PASSED] - Object: 'Object Repository/Final Object Repo/Landing Page/WorkFlow Menu' is hovered

2018-12-11 15:23:26 - [TEST_STEP][PASSED] - delay: Delayed 2 second(s)

2018-12-11 15:23:28 - [MESSAGE][PASSED] - Delayed 2 second(s)

2018-12-11 15:23:28 - [TEST_STEP][PASSED] - click: Object: 'Object Repository/Final Object Repo/Landing Page/Select to Workflow Listing' is clicked on

2018-12-11 15:23:29 - [MESSAGE][PASSED] - Object: 'Object Repository/Final Object Repo/Landing Page/Select to Workflow Listing' is clicked on

2018-12-11 15:23:29 - [TEST_STEP][PASSED] - delay: Delayed 2 second(s)

2018-12-11 15:23:31 - [MESSAGE][PASSED] - Delayed 2 second(s)

2018-12-11 15:23:31 - [TEST_STEP][PASSED] - click: Object: 'Object Repository/Final Object Repo/WorkFlow Listing Page/Search Information - To Put Ref No' is clicked on

2018-12-11 15:23:31 - [MESSAGE][PASSED] - Object: 'Object Repository/Final Object Repo/WorkFlow Listing Page/Search Information - To Put Ref No' is clicked on

2018-12-11 15:23:31 - [TEST_STEP][PASSED] - delay: Delayed 2 second(s)

2018-12-11 15:23:33 - [MESSAGE][PASSED] - Delayed 2 second(s)

2018-12-11 15:23:33 - [TEST_STEP][PASSED] - callTestCase: Call Test Case 'Test Cases/Final Aug 2018 - PKS Automation/Common/Reference Number Getter' successfully

2018-12-11 15:23:33 - [TEST_CASE][PASSED] - Test Cases/Final Aug 2018 - PKS Automation/Common/Reference Number Getter: Test Cases/Final Aug 2018 - PKS Automation/Common/Reference Number Getter

2018-12-11 15:23:34 - [TEST_STEP][PASSED] - Statement - Try: null

2018-12-11 15:23:34 - [TEST_STEP][PASSED] - Statement - RefNo = new java.io.File(C://Users//Admin//Desktop//PKS//Automation Reference Point//KatalonReference.txt): null

2018-12-11 15:23:34 - [TEST_STEP][PASSED] - Statement - bufferread = new java.io.BufferedReader(new java.io.FileReader(RefNo)): null

2018-12-11 15:23:34 - [TEST_STEP][PASSED] - Statement - readedVal = bufferread.readLine(): null

2018-12-11 15:23:34 - [TEST_STEP][PASSED] - Statement - out.println(CaseReferenceNo): null

2018-12-11 15:23:34 - [TEST_STEP][PASSED] - Statement - out.println(readedVal): null

2018-12-11 15:23:34 - [TEST_STEP][PASSED] - Statement - CaseReferenceNo = "": null

2018-12-11 15:23:34 - [TEST_STEP][PASSED] - Statement - CaseReferenceNo = readedVal: null

2018-12-11 15:23:34 - [MESSAGE][PASSED] - Call Test Case 'Test Cases/Final Aug 2018 - PKS Automation/Common/Reference Number Getter' successfully

2018-12-11 15:23:34 - [TEST_STEP][PASSED] - setText: Text 'CAN12201800002299' is set on object 'Object Repository/Final Object Repo/WorkFlow Listing Page/Ref No Set Text'

2018-12-11 15:23:34 - [MESSAGE][PASSED] - Text 'CAN12201800002299' is set on object 'Object Repository/Final Object Repo/WorkFlow Listing Page/Ref No Set Text'

2018-12-11 15:23:34 - [TEST_STEP][PASSED] - delay: Delayed 2 second(s)

2018-12-11 15:23:36 - [MESSAGE][PASSED] - Delayed 2 second(s)

2018-12-11 15:23:36 - [TEST_STEP][PASSED] - click: Object: 'Object Repository/Final Object Repo/WorkFlow Listing Page/Search Ref No Search Button' is clicked on

2018-12-11 15:23:36 - [MESSAGE][PASSED] - Object: 'Object Repository/Final Object Repo/WorkFlow Listing Page/Search Ref No Search Button' is clicked on

2018-12-11 15:23:36 - [TEST_STEP][PASSED] - delay: Delayed 6 second(s)

2018-12-11 15:23:42 - [MESSAGE][PASSED] - Delayed 6 second(s)

2018-12-11 15:23:42 - [TEST_STEP][PASSED] - click: Object: 'Object Repository/Final Object Repo/WorkFlow Listing Page/Click Continue Tooltip' is clicked on

2018-12-11 15:23:43 - [MESSAGE][PASSED] - Object: 'Object Repository/Final Object Repo/WorkFlow Listing Page/Click Continue Tooltip' is clicked on

2018-12-11 15:23:43 - [TEST_STEP][PASSED] - delay: Delayed 5 second(s)

2018-12-11 15:23:48 - [MESSAGE][PASSED] - Delayed 5 second(s)

2018-12-11 15:23:48 - [TEST_STEP][PASSED] - doubleClick: Object: 'Object Repository/Final Object Repo/WorkFlow Listing Page/Workflow Found - Listing 1' is double clicked on

2018-12-11 15:23:48 - [MESSAGE][PASSED] - Object: 'Object Repository/Final Object Repo/WorkFlow Listing Page/Workflow Found - Listing 1' is double clicked on

2018-12-11 15:23:48 - [TEST_STEP][PASSED] - Statement - println(OwnerID): null

2018-12-11 15:23:48 - [TEST_STEP][PASSED] - Statement - OwnerID = com.kms.katalon.core.webui.keyword.WebUiBuiltInKeywords.getText(com.kms.katalon.core.testobject.ObjectRepository.findTestObject(Final Object Repo/WorkFlow Listing Page/Workflow Found - Listing 1), STOP_ON_FAILURE): Text of object 'Object Repository/Final Object Repo/WorkFlow Listing Page/Workflow Found - Listing 1' is: 'KLpkrbo1'

2018-12-11 15:23:48 - [MESSAGE][PASSED] - Text of object 'Object Repository/Final Object Repo/WorkFlow Listing Page/Workflow Found - Listing 1' is: 'KLpkrbo1'

2018-12-11 15:23:48 - [TEST_STEP][PASSED] - Statement - OwnerID = OwnerID.toLowerCase() + "@gmail.com": null

2018-12-11 15:23:48 - [TEST_STEP][PASSED] - Statement - println(OwnerID): null

2018-12-11 15:23:48 - [TEST_STEP][PASSED] - delay: Delayed 2 second(s)

2018-12-11 15:23:50 - [MESSAGE][PASSED] - Delayed 2 second(s)

2018-12-11 15:23:50 - [MESSAGE][PASSED] - Call Test Case 'Test Cases/Final Aug 2018 - PKS Automation/Common/Workflow Owner Finder' successfully

2018-12-11 15:23:50 - [TEST_STEP][PASSED] - callTestCase: Call Test Case 'Test Cases/Final Aug 2018 - PKS Automation/Registration Module/Log Out/log out avoiding katalon tagging' successfully

2018-12-11 15:23:50 - [TEST_CASE][PASSED] - Test Cases/Final Aug 2018 - PKS Automation/Registration Module/Log Out/log out avoiding katalon tagging: Test Cases/Final Aug 2018 - PKS Automation/Registration Module/Log Out/log out avoiding katalon tagging

2018-12-11 15:23:50 - [TEST_STEP][PASSED] - navigateToUrl: Navigate to 'https://assist2-uat.perkeso.gov.my/c/portal/logout' successfully

2018-12-11 15:23:51 - [MESSAGE][PASSED] - Navigate to 'https://assist2-uat.perkeso.gov.my/c/portal/logout' successfully

2018-12-11 15:23:51 - [MESSAGE][PASSED] - Call Test Case 'Test Cases/Final Aug 2018 - PKS Automation/Registration Module/Log Out/log out avoiding katalon tagging' successfully

2018-12-11 15:23:51 - [TEST_STEP][PASSED] - delay: Delayed 2 second(s)

2018-12-11 15:23:53 - [MESSAGE][PASSED] - Delayed 2 second(s)

2018-12-11 15:23:53 - [TEST_STEP][PASSED] - setText: Text 'klpkrbo1@gmail.com' is set on object 'Object Repository/Final Object Repo/Page_Update Add New Employee - ASSIST/Email TextBox'

2018-12-11 15:23:53 - [MESSAGE][PASSED] - Text 'klpkrbo1@gmail.com' is set on object 'Object Repository/Final Object Repo/Page_Update Add New Employee - ASSIST/Email TextBox'

2018-12-11 15:23:53 - [TEST_STEP][PASSED] - click: Object: 'Object Repository/Final Object Repo/Page_Update Add New Employee - ASSIST/Next Button' is clicked on

2018-12-11 15:23:54 - [MESSAGE][PASSED] - Object: 'Object Repository/Final Object Repo/Page_Update Add New Employee - ASSIST/Next Button' is clicked on

2018-12-11 15:23:54 - [TEST_STEP][PASSED] - delay: Delayed 2 second(s)

2018-12-11 15:23:56 - [MESSAGE][PASSED] - Delayed 2 second(s)

2018-12-11 15:23:56 - [TEST_STEP][PASSED] - setText: Text 'Test1@3456789' is set on object 'Object Repository/Final Object Repo/Page_Update Add New Employee - ASSIST/Password TextBox'

2018-12-11 15:23:56 - [MESSAGE][PASSED] - Text 'Test1@3456789' is set on object 'Object Repository/Final Object Repo/Page_Update Add New Employee - ASSIST/Password TextBox'

2018-12-11 15:23:56 - [TEST_STEP][PASSED] - delay: Delayed 2 second(s)

2018-12-11 15:23:58 - [MESSAGE][PASSED] - Delayed 2 second(s)

2018-12-11 15:23:58 - [TEST_STEP][PASSED] - click: Object: 'Object Repository/Final Object Repo/Page_Update Add New Employee - ASSIST/Login Button' is clicked on

2018-12-11 15:23:58 - [MESSAGE][PASSED] - Object: 'Object Repository/Final Object Repo/Page_Update Add New Employee - ASSIST/Login Button' is clicked on

2018-12-11 15:23:58 - [TEST_STEP][PASSED] - Statement - Try: null

2018-12-11 15:23:58 - [TEST_STEP][PASSED] - Statement - Checker = com.kms.katalon.core.webui.keyword.WebUiBuiltInKeywords.verifyElementNotPresent("Final Object Repo/Landing Page/Select to English", 3): null

2018-12-11 15:23:58 - [TEST_STEP][PASSED] - Statement - Catch (Exception e): null

2018-12-11 15:23:58 - [TEST_STEP][PASSED] - Statement - e.printStackTrace(): null

2018-12-11 15:23:58 - [TEST_STEP][PASSED] - delay: Delayed 5 second(s)

2018-12-11 15:24:03 - [MESSAGE][PASSED] - Delayed 5 second(s)

2018-12-11 15:24:03 - [TEST_STEP][PASSED] - click: Object: 'Object Repository/Final Object Repo/New Registration - Registration Module Pages/New Reg - OTC to RO/Special Case - All Related Objects/Expand to Search' is clicked on

2018-12-11 15:24:03 - [MESSAGE][PASSED] - Object: 'Object Repository/Final Object Repo/New Registration - Registration Module Pages/New Reg - OTC to RO/Special Case - All Related Objects/Expand to Search' is clicked on

2018-12-11 15:24:03 - [TEST_STEP][PASSED] - delay: Delayed 2 second(s)

2018-12-11 15:24:05 - [MESSAGE][PASSED] - Delayed 2 second(s)

2018-12-11 15:24:05 - [TEST_STEP][PASSED] - setText: Text 'CAN12201800002299' is set on object 'Object Repository/Final Object Repo/New Registration - Registration Module Pages/New Reg - OTC to RO/Special Case - All Related Objects/TextBox RefNo in Workbasket'

2018-12-11 15:24:06 - [MESSAGE][PASSED] - Text 'CAN12201800002299' is set on object 'Object Repository/Final Object Repo/New Registration - Registration Module Pages/New Reg - OTC to RO/Special Case - All Related Objects/TextBox RefNo in Workbasket'

2018-12-11 15:24:06 - [TEST_STEP][PASSED] - delay: Delayed 2 second(s)

2018-12-11 15:24:08 - [MESSAGE][PASSED] - Delayed 2 second(s)

2018-12-11 15:24:08 - [TEST_STEP][PASSED] - click: Object: 'Object Repository/Final Object Repo/New Registration - Registration Module Pages/New Reg - OTC to RO/Special Case - All Related Objects/Click Search' is clicked on

2018-12-11 15:24:08 - [MESSAGE][PASSED] - Object: 'Object Repository/Final Object Repo/New Registration - Registration Module Pages/New Reg - OTC to RO/Special Case - All Related Objects/Click Search' is clicked on

2018-12-11 15:24:08 - [TEST_STEP][PASSED] - delay: Delayed 2 second(s)

2018-12-11 15:24:10 - [MESSAGE][PASSED] - Delayed 2 second(s)

2018-12-11 15:24:10 - [TEST_STEP][PASSED] - click: Object: 'Object Repository/Final Object Repo/New Registration - Registration Module Pages/New Reg - OTC to RO/Special Case - All Related Objects/Click to Continue Workflow' is clicked on

2018-12-11 15:24:14 - [MESSAGE][PASSED] - Object: 'Object Repository/Final Object Repo/New Registration - Registration Module Pages/New Reg - OTC to RO/Special Case - All Related Objects/Click to Continue Workflow' is clicked on

2018-12-11 15:24:14 - [TEST_STEP][PASSED] - delay: Delayed 2 second(s)

2018-12-11 15:24:16 - [MESSAGE][PASSED] - Delayed 2 second(s)

2018-12-11 15:24:16 - [TEST_STEP][PASSED] - delay: Delayed 2 second(s)

2018-12-11 15:24:18 - [MESSAGE][PASSED] - Delayed 2 second(s)

2018-12-11 15:24:18 - [TEST_STEP][PASSED] - click: Object: 'Object Repository/Final Object Repo/Page_Update Add New Employee - ASSIST/Save  Continue Button' is clicked on

2018-12-11 15:24:18 - [MESSAGE][PASSED] - Object: 'Object Repository/Final Object Repo/Page_Update Add New Employee - ASSIST/Save  Continue Button' is clicked on

2018-12-11 15:24:18 - [TEST_STEP][PASSED] - delay: Delayed 4 second(s)

2018-12-11 15:24:22 - [MESSAGE][PASSED] - Delayed 4 second(s)

2018-12-11 15:24:22 - [TEST_STEP][PASSED] - click: Object: 'Object Repository/Final Object Repo/Page_Update Add New Employee - ASSIST/Save  Continue Third Screen' is clicked on

2018-12-11 15:24:25 - [MESSAGE][PASSED] - Object: 'Object Repository/Final Object Repo/Page_Update Add New Employee - ASSIST/Save  Continue Third Screen' is clicked on

2018-12-11 15:24:25 - [TEST_STEP][PASSED] - delay: Delayed 4 second(s)

2018-12-11 15:24:29 - [MESSAGE][PASSED] - Delayed 4 second(s)

2018-12-11 15:24:29 - [TEST_STEP][PASSED] - click: Object: 'Object Repository/Final Object Repo/Page_Update Add New Employee - ASSIST/Save   Continue Supporting Doc Page' is clicked on

2018-12-11 15:24:29 - [MESSAGE][PASSED] - Object: 'Object Repository/Final Object Repo/Page_Update Add New Employee - ASSIST/Save   Continue Supporting Doc Page' is clicked on

2018-12-11 15:24:29 - [TEST_STEP][PASSED] - delay: Delayed 4 second(s)

2018-12-11 15:24:33 - [MESSAGE][PASSED] - Delayed 4 second(s)

2018-12-11 15:24:33 - [TEST_STEP][PASSED] - click: Object: 'Object Repository/Final Object Repo/Page_Update Add New Employee - ASSIST/Submit Button' is clicked on

2018-12-11 15:24:33 - [MESSAGE][PASSED] - Object: 'Object Repository/Final Object Repo/Page_Update Add New Employee - ASSIST/Submit Button' is clicked on

2018-12-11 15:24:33 - [TEST_STEP][PASSED] - delay: Delayed 4 second(s)

2018-12-11 15:24:37 - [MESSAGE][PASSED] - Delayed 4 second(s)

2018-12-11 15:24:37 - [TEST_STEP][PASSED] - click: Object: 'Object Repository/Final Object Repo/Page_Update Add New Employee - ASSIST/Confirm Submit Button' is clicked on

2018-12-11 15:24:37 - [MESSAGE][PASSED] - Object: 'Object Repository/Final Object Repo/Page_Update Add New Employee - ASSIST/Confirm Submit Button' is clicked on

2018-12-11 15:24:37 - [TEST_STEP][PASSED] - delay: Delayed 30 second(s)

2018-12-11 15:25:07 - [MESSAGE][PASSED] - Delayed 30 second(s)

2018-12-11 15:25:07 - [TEST_STEP][PASSED] - callTestCase: Call Test Case 'Test Cases/Final Aug 2018 - PKS Automation/Common/Screenshoting tool' successfully

2018-12-11 15:25:08 - [TEST_CASE][PASSED] - Test Cases/Final Aug 2018 - PKS Automation/Common/Screenshoting tool: Test Cases/Final Aug 2018 - PKS Automation/Common/Screenshoting tool

2018-12-11 15:25:08 - [TEST_STEP][PASSED] - delay: Delayed 15 second(s)

2018-12-11 15:25:23 - [MESSAGE][PASSED] - Delayed 15 second(s)

2018-12-11 15:25:23 - [TEST_STEP][PASSED] - Statement - driver = com.kms.katalon.core.webui.driver.DriverFactory.getWebDriver(): null

2018-12-11 15:25:23 - [TEST_STEP][PASSED] - Statement - driver.manage().timeouts().implicitlyWait(10, SECONDS): null

2018-12-11 15:25:23 - [TEST_STEP][PASSED] - Statement - PresavePath = KatalonScreenshots: null

2018-12-11 15:25:23 - [TEST_STEP][PASSED] - Statement - pathPrefix = "C:\Users\Public\Pictures\Sample Pictures\Katalon Screenshots\Automate Ending Screen": null

2018-12-11 15:25:23 - [TEST_STEP][PASSED] - Statement - finalPath = <not implemented yet for class: org.codehaus.groovy.ast.expr.EmptyExpression>: null

2018-12-11 15:25:23 - [TEST_STEP][PASSED] - Statement - scrFile = driver.getScreenshotAs(FILE): null

2018-12-11 15:25:23 - [TEST_STEP][PASSED] - Statement - PreSaveFile = new java.io.File(PresavePath): null

2018-12-11 15:25:23 - [TEST_STEP][PASSED] - Statement - counter = 0: null

2018-12-11 15:25:23 - [TEST_STEP][PASSED] - Statement - If (PreSaveFile.exists()): null

2018-12-11 15:25:23 - [TEST_STEP][PASSED] - Statement - While (PreSaveFile.exists()): null

2018-12-11 15:25:23 - [TEST_STEP][PASSED] - Statement - counter = counter + 1: null

2018-12-11 15:25:23 - [TEST_STEP][PASSED] - Statement - PreSaveFile = new java.io.File(((pathPrefix + java.lang.Integer.toString(counter)) + .png)): null

2018-12-11 15:25:23 - [TEST_STEP][PASSED] - Statement - counter = counter + 1: null

2018-12-11 15:25:23 - [TEST_STEP][PASSED] - Statement - PreSaveFile = new java.io.File(((pathPrefix + java.lang.Integer.toString(counter)) + .png)): null

2018-12-11 15:25:23 - [TEST_STEP][PASSED] - Statement - counter = counter + 1: null

2018-12-11 15:25:23 - [TEST_STEP][PASSED] - Statement - PreSaveFile = new java.io.File(((pathPrefix + java.lang.Integer.toString(counter)) + .png)): null

2018-12-11 15:25:23 - [TEST_STEP][PASSED] - Statement - counter = counter + 1: null

2018-12-11 15:25:23 - [TEST_STEP][PASSED] - Statement - PreSaveFile = new java.io.File(((pathPrefix + java.lang.Integer.toString(counter)) + .png)): null

2018-12-11 15:25:23 - [TEST_STEP][PASSED] - Statement - counter = counter + 1: null

2018-12-11 15:25:23 - [TEST_STEP][PASSED] - Statement - PreSaveFile = new java.io.File(((pathPrefix + java.lang.Integer.toString(counter)) + .png)): null

2018-12-11 15:25:23 - [TEST_STEP][PASSED] - Statement - counter = counter + 1: null

2018-12-11 15:25:23 - [TEST_STEP][PASSED] - Statement - PreSaveFile = new java.io.File(((pathPrefix + java.lang.Integer.toString(counter)) + .png)): null

2018-12-11 15:25:23 - [TEST_STEP][PASSED] - Statement - counter = counter + 1: null

2018-12-11 15:25:23 - [TEST_STEP][PASSED] - Statement - PreSaveFile = new java.io.File(((pathPrefix + java.lang.Integer.toString(counter)) + .png)): null

2018-12-11 15:25:23 - [TEST_STEP][PASSED] - Statement - counter = counter + 1: null

2018-12-11 15:25:23 - [TEST_STEP][PASSED] - Statement - PreSaveFile = new java.io.File(((pathPrefix + java.lang.Integer.toString(counter)) + .png)): null

2018-12-11 15:25:23 - [TEST_STEP][PASSED] - Statement - counter = counter + 1: null

2018-12-11 15:25:23 - [TEST_STEP][PASSED] - Statement - PreSaveFile = new java.io.File(((pathPrefix + java.lang.Integer.toString(counter)) + .png)): null

2018-12-11 15:25:23 - [TEST_STEP][PASSED] - Statement - counter = counter + 1: null

2018-12-11 15:25:23 - [TEST_STEP][PASSED] - Statement - PreSaveFile = new java.io.File(((pathPrefix + java.lang.Integer.toString(counter)) + .png)): null

2018-12-11 15:25:23 - [TEST_STEP][PASSED] - Statement - counter = counter + 1: null

2018-12-11 15:25:23 - [TEST_STEP][PASSED] - Statement - PreSaveFile = new java.io.File(((pathPrefix + java.lang.Integer.toString(counter)) + .png)): null

2018-12-11 15:25:23 - [TEST_STEP][PASSED] - Statement - counter = counter + 1: null

2018-12-11 15:25:23 - [TEST_STEP][PASSED] - Statement - PreSaveFile = new java.io.File(((pathPrefix + java.lang.Integer.toString(counter)) + .png)): null

2018-12-11 15:25:23 - [TEST_STEP][PASSED] - Statement - counter = counter + 1: null

2018-12-11 15:25:23 - [TEST_STEP][PASSED] - Statement - PreSaveFile = new java.io.File(((pathPrefix + java.lang.Integer.toString(counter)) + .png)): null

2018-12-11 15:25:23 - [TEST_STEP][PASSED] - Statement - counter = counter + 1: null

2018-12-11 15:25:23 - [TEST_STEP][PASSED] - Statement - PreSaveFile = new java.io.File(((pathPrefix + java.lang.Integer.toString(counter)) + .png)): null

2018-12-11 15:25:23 - [TEST_STEP][PASSED] - Statement - counter = counter + 1: null

2018-12-11 15:25:23 - [TEST_STEP][PASSED] - Statement - PreSaveFile = new java.io.File(((pathPrefix + java.lang.Integer.toString(counter)) + .png)): null

2018-12-11 15:25:23 - [TEST_STEP][PASSED] - Statement - counter = counter + 1: null

2018-12-11 15:25:23 - [TEST_STEP][PASSED] - Statement - PreSaveFile = new java.io.File(((pathPrefix + java.lang.Integer.toString(counter)) + .png)): null

2018-12-11 15:25:23 - [TEST_STEP][PASSED] - Statement - counter = counter + 1: null

2018-12-11 15:25:23 - [TEST_STEP][PASSED] - Statement - PreSaveFile = new java.io.File(((pathPrefix + java.lang.Integer.toString(counter)) + .png)): null

2018-12-11 15:25:23 - [TEST_STEP][PASSED] - Statement - counter = counter + 1: null

2018-12-11 15:25:23 - [TEST_STEP][PASSED] - Statement - PreSaveFile = new java.io.File(((pathPrefix + java.lang.Integer.toString(counter)) + .png)): null

2018-12-11 15:25:23 - [TEST_STEP][PASSED] - Statement - counter = counter + 1: null

2018-12-11 15:25:23 - [TEST_STEP][PASSED] - Statement - PreSaveFile = new java.io.File(((pathPrefix + java.lang.Integer.toString(counter)) + .png)): null

2018-12-11 15:25:23 - [TEST_STEP][PASSED] - Statement - counter = counter + 1: null

2018-12-11 15:25:23 - [TEST_STEP][PASSED] - Statement - PreSaveFile = new java.io.File(((pathPrefix + java.lang.Integer.toString(counter)) + .png)): null

2018-12-11 15:25:23 - [TEST_STEP][PASSED] - Statement - counter = counter + 1: null

2018-12-11 15:25:23 - [TEST_STEP][PASSED] - Statement - PreSaveFile = new java.io.File(((pathPrefix + java.lang.Integer.toString(counter)) + .png)): null

2018-12-11 15:25:23 - [TEST_STEP][PASSED] - Statement - counter = counter + 1: null

2018-12-11 15:25:23 - [TEST_STEP][PASSED] - Statement - PreSaveFile = new java.io.File(((pathPrefix + java.lang.Integer.toString(counter)) + .png)): null

2018-12-11 15:25:23 - [TEST_STEP][PASSED] - Statement - counter = counter + 1: null

2018-12-11 15:25:23 - [TEST_STEP][PASSED] - Statement - PreSaveFile = new java.io.File(((pathPrefix + java.lang.Integer.toString(counter)) + .png)): null

2018-12-11 15:25:23 - [TEST_STEP][PASSED] - Statement - counter = counter + 1: null

2018-12-11 15:25:23 - [TEST_STEP][PASSED] - Statement - PreSaveFile = new java.io.File(((pathPrefix + java.lang.Integer.toString(counter)) + .png)): null

2018-12-11 15:25:23 - [TEST_STEP][PASSED] - Statement - counter = counter + 1: null

2018-12-11 15:25:23 - [TEST_STEP][PASSED] - Statement - PreSaveFile = new java.io.File(((pathPrefix + java.lang.Integer.toString(counter)) + .png)): null

2018-12-11 15:25:23 - [TEST_STEP][PASSED] - Statement - counter = counter + 1: null

2018-12-11 15:25:23 - [TEST_STEP][PASSED] - Statement - PreSaveFile = new java.io.File(((pathPrefix + java.lang.Integer.toString(counter)) + .png)): null

2018-12-11 15:25:23 - [TEST_STEP][PASSED] - Statement - counter = counter + 1: null

2018-12-11 15:25:23 - [TEST_STEP][PASSED] - Statement - PreSaveFile = new java.io.File(((pathPrefix + java.lang.Integer.toString(counter)) + .png)): null

2018-12-11 15:25:23 - [TEST_STEP][PASSED] - Statement - counter = counter + 1: null

2018-12-11 15:25:23 - [TEST_STEP][PASSED] - Statement - PreSaveFile = new java.io.File(((pathPrefix + java.lang.Integer.toString(counter)) + .png)): null

2018-12-11 15:25:23 - [TEST_STEP][PASSED] - Statement - counter = counter + 1: null

2018-12-11 15:25:23 - [TEST_STEP][PASSED] - Statement - PreSaveFile = new java.io.File(((pathPrefix + java.lang.Integer.toString(counter)) + .png)): null

2018-12-11 15:25:23 - [TEST_STEP][PASSED] - Statement - counter = counter + 1: null

2018-12-11 15:25:23 - [TEST_STEP][PASSED] - Statement - PreSaveFile = new java.io.File(((pathPrefix + java.lang.Integer.toString(counter)) + .png)): null

2018-12-11 15:25:23 - [TEST_STEP][PASSED] - Statement - counter = counter + 1: null

2018-12-11 15:25:23 - [TEST_STEP][PASSED] - Statement - PreSaveFile = new java.io.File(((pathPrefix + java.lang.Integer.toString(counter)) + .png)): null

2018-12-11 15:25:23 - [TEST_STEP][PASSED] - Statement - counter = counter + 1: null

2018-12-11 15:25:23 - [TEST_STEP][PASSED] - Statement - PreSaveFile = new java.io.File(((pathPrefix + java.lang.Integer.toString(counter)) + .png)): null

2018-12-11 15:25:23 - [TEST_STEP][PASSED] - Statement - counter = counter + 1: null

2018-12-11 15:25:23 - [TEST_STEP][PASSED] - Statement - PreSaveFile = new java.io.File(((pathPrefix + java.lang.Integer.toString(counter)) + .png)): null

2018-12-11 15:25:23 - [TEST_STEP][PASSED] - Statement - counter = counter + 1: null

2018-12-11 15:25:23 - [TEST_STEP][PASSED] - Statement - PreSaveFile = new java.io.File(((pathPrefix + java.lang.Integer.toString(counter)) + .png)): null

2018-12-11 15:25:23 - [TEST_STEP][PASSED] - Statement - counter = counter + 1: null

2018-12-11 15:25:23 - [TEST_STEP][PASSED] - Statement - PreSaveFile = new java.io.File(((pathPrefix + java.lang.Integer.toString(counter)) + .png)): null

2018-12-11 15:25:23 - [TEST_STEP][PASSED] - Statement - counter = counter + 1: null

2018-12-11 15:25:23 - [TEST_STEP][PASSED] - Statement - PreSaveFile = new java.io.File(((pathPrefix + java.lang.Integer.toString(counter)) + .png)): null

2018-12-11 15:25:23 - [TEST_STEP][PASSED] - Statement - counter = counter + 1: null

2018-12-11 15:25:23 - [TEST_STEP][PASSED] - Statement - PreSaveFile = new java.io.File(((pathPrefix + java.lang.Integer.toString(counter)) + .png)): null

2018-12-11 15:25:23 - [TEST_STEP][PASSED] - Statement - counter = counter + 1: null

2018-12-11 15:25:23 - [TEST_STEP][PASSED] - Statement - PreSaveFile = new java.io.File(((pathPrefix + java.lang.Integer.toString(counter)) + .png)): null

2018-12-11 15:25:23 - [TEST_STEP][PASSED] - Statement - counter = counter + 1: null

2018-12-11 15:25:23 - [TEST_STEP][PASSED] - Statement - PreSaveFile = new java.io.File(((pathPrefix + java.lang.Integer.toString(counter)) + .png)): null

2018-12-11 15:25:23 - [TEST_STEP][PASSED] - Statement - counter = counter + 1: null

2018-12-11 15:25:23 - [TEST_STEP][PASSED] - Statement - PreSaveFile = new java.io.File(((pathPrefix + java.lang.Integer.toString(counter)) + .png)): null

2018-12-11 15:25:23 - [TEST_STEP][PASSED] - Statement - counter = counter + 1: null

2018-12-11 15:25:23 - [TEST_STEP][PASSED] - Statement - PreSaveFile = new java.io.File(((pathPrefix + java.lang.Integer.toString(counter)) + .png)): null

2018-12-11 15:25:23 - [TEST_STEP][PASSED] - Statement - counter = counter + 1: null

2018-12-11 15:25:23 - [TEST_STEP][PASSED] - Statement - PreSaveFile = new java.io.File(((pathPrefix + java.lang.Integer.toString(counter)) + .png)): null

2018-12-11 15:25:23 - [TEST_STEP][PASSED] - Statement - counter = counter + 1: null

2018-12-11 15:25:23 - [TEST_STEP][PASSED] - Statement - PreSaveFile = new java.io.File(((pathPrefix + java.lang.Integer.toString(counter)) + .png)): null

2018-12-11 15:25:23 - [TEST_STEP][PASSED] - Statement - counter = counter + 1: null

2018-12-11 15:25:23 - [TEST_STEP][PASSED] - Statement - PreSaveFile = new java.io.File(((pathPrefix + java.lang.Integer.toString(counter)) + .png)): null

2018-12-11 15:25:23 - [TEST_STEP][PASSED] - Statement - counter = counter + 1: null

2018-12-11 15:25:23 - [TEST_STEP][PASSED] - Statement - PreSaveFile = new java.io.File(((pathPrefix + java.lang.Integer.toString(counter)) + .png)): null

2018-12-11 15:25:23 - [TEST_STEP][PASSED] - Statement - counter = counter + 1: null

2018-12-11 15:25:23 - [TEST_STEP][PASSED] - Statement - PreSaveFile = new java.io.File(((pathPrefix + java.lang.Integer.toString(counter)) + .png)): null

2018-12-11 15:25:23 - [TEST_STEP][PASSED] - Statement - counter = counter + 1: null

2018-12-11 15:25:23 - [TEST_STEP][PASSED] - Statement - PreSaveFile = new java.io.File(((pathPrefix + java.lang.Integer.toString(counter)) + .png)): null

2018-12-11 15:25:23 - [TEST_STEP][PASSED] - Statement - counter = counter + 1: null

2018-12-11 15:25:23 - [TEST_STEP][PASSED] - Statement - PreSaveFile = new java.io.File(((pathPrefix + java.lang.Integer.toString(counter)) + .png)): null

2018-12-11 15:25:23 - [TEST_STEP][PASSED] - Statement - counter = counter + 1: null

2018-12-11 15:25:23 - [TEST_STEP][PASSED] - Statement - PreSaveFile = new java.io.File(((pathPrefix + java.lang.Integer.toString(counter)) + .png)): null

2018-12-11 15:25:23 - [TEST_STEP][PASSED] - Statement - counter = counter + 1: null

2018-12-11 15:25:23 - [TEST_STEP][PASSED] - Statement - PreSaveFile = new java.io.File(((pathPrefix + java.lang.Integer.toString(counter)) + .png)): null

2018-12-11 15:25:23 - [TEST_STEP][PASSED] - Statement - counter = counter + 1: null

2018-12-11 15:25:23 - [TEST_STEP][PASSED] - Statement - PreSaveFile = new java.io.File(((pathPrefix + java.lang.Integer.toString(counter)) + .png)): null

2018-12-11 15:25:23 - [TEST_STEP][PASSED] - Statement - counter = counter + 1: null

2018-12-11 15:25:23 - [TEST_STEP][PASSED] - Statement - PreSaveFile = new java.io.File(((pathPrefix + java.lang.Integer.toString(counter)) + .png)): null

2018-12-11 15:25:23 - [TEST_STEP][PASSED] - Statement - counter = counter + 1: null

2018-12-11 15:25:23 - [TEST_STEP][PASSED] - Statement - PreSaveFile = new java.io.File(((pathPrefix + java.lang.Integer.toString(counter)) + .png)): null

2018-12-11 15:25:23 - [TEST_STEP][PASSED] - Statement - counter = counter + 1: null

2018-12-11 15:25:23 - [TEST_STEP][PASSED] - Statement - PreSaveFile = new java.io.File(((pathPrefix + java.lang.Integer.toString(counter)) + .png)): null

2018-12-11 15:25:23 - [TEST_STEP][PASSED] - Statement - counter = counter + 1: null

2018-12-11 15:25:23 - [TEST_STEP][PASSED] - Statement - PreSaveFile = new java.io.File(((pathPrefix + java.lang.Integer.toString(counter)) + .png)): null

2018-12-11 15:25:23 - [TEST_STEP][PASSED] - Statement - counter = counter + 1: null

2018-12-11 15:25:23 - [TEST_STEP][PASSED] - Statement - PreSaveFile = new java.io.File(((pathPrefix + java.lang.Integer.toString(counter)) + .png)): null

2018-12-11 15:25:23 - [TEST_STEP][PASSED] - Statement - counter = counter + 1: null

2018-12-11 15:25:23 - [TEST_STEP][PASSED] - Statement - PreSaveFile = new java.io.File(((pathPrefix + java.lang.Integer.toString(counter)) + .png)): null

2018-12-11 15:25:23 - [TEST_STEP][PASSED] - Statement - counter = counter + 1: null

2018-12-11 15:25:23 - [TEST_STEP][PASSED] - Statement - PreSaveFile = new java.io.File(((pathPrefix + java.lang.Integer.toString(counter)) + .png)): null

2018-12-11 15:25:23 - [TEST_STEP][PASSED] - Statement - counter = counter + 1: null

2018-12-11 15:25:23 - [TEST_STEP][PASSED] - Statement - PreSaveFile = new java.io.File(((pathPrefix + java.lang.Integer.toString(counter)) + .png)): null

2018-12-11 15:25:23 - [TEST_STEP][PASSED] - Statement - counter = counter + 1: null

2018-12-11 15:25:23 - [TEST_STEP][PASSED] - Statement - PreSaveFile = new java.io.File(((pathPrefix + java.lang.Integer.toString(counter)) + .png)): null

2018-12-11 15:25:23 - [TEST_STEP][PASSED] - Statement - counter = counter + 1: null

2018-12-11 15:25:23 - [TEST_STEP][PASSED] - Statement - PreSaveFile = new java.io.File(((pathPrefix + java.lang.Integer.toString(counter)) + .png)): null

2018-12-11 15:25:23 - [TEST_STEP][PASSED] - Statement - counter = counter + 1: null

2018-12-11 15:25:23 - [TEST_STEP][PASSED] - Statement - PreSaveFile = new java.io.File(((pathPrefix + java.lang.Integer.toString(counter)) + .png)): null

2018-12-11 15:25:23 - [TEST_STEP][PASSED] - Statement - counter = counter + 1: null

2018-12-11 15:25:23 - [TEST_STEP][PASSED] - Statement - PreSaveFile = new java.io.File(((pathPrefix + java.lang.Integer.toString(counter)) + .png)): null

2018-12-11 15:25:23 - [TEST_STEP][PASSED] - Statement - counter = counter + 1: null

2018-12-11 15:25:23 - [TEST_STEP][PASSED] - Statement - PreSaveFile = new java.io.File(((pathPrefix + java.lang.Integer.toString(counter)) + .png)): null

2018-12-11 15:25:23 - [TEST_STEP][PASSED] - Statement - counter = counter + 1: null

2018-12-11 15:25:23 - [TEST_STEP][PASSED] - Statement - PreSaveFile = new java.io.File(((pathPrefix + java.lang.Integer.toString(counter)) + .png)): null

2018-12-11 15:25:23 - [TEST_STEP][PASSED] - Statement - counter = counter + 1: null

2018-12-11 15:25:23 - [TEST_STEP][PASSED] - Statement - PreSaveFile = new java.io.File(((pathPrefix + java.lang.Integer.toString(counter)) + .png)): null

2018-12-11 15:25:23 - [TEST_STEP][PASSED] - Statement - counter = counter + 1: null

2018-12-11 15:25:23 - [TEST_STEP][PASSED] - Statement - PreSaveFile = new java.io.File(((pathPrefix + java.lang.Integer.toString(counter)) + .png)): null

2018-12-11 15:25:23 - [TEST_STEP][PASSED] - Statement - counter = counter + 1: null

2018-12-11 15:25:23 - [TEST_STEP][PASSED] - Statement - PreSaveFile = new java.io.File(((pathPrefix + java.lang.Integer.toString(counter)) + .png)): null

2018-12-11 15:25:23 - [TEST_STEP][PASSED] - Statement - counter = counter + 1: null

2018-12-11 15:25:23 - [TEST_STEP][PASSED] - Statement - PreSaveFile = new java.io.File(((pathPrefix + java.lang.Integer.toString(counter)) + .png)): null

2018-12-11 15:25:23 - [TEST_STEP][PASSED] - Statement - finalPath = pathPrefix + java.lang.Integer.toString(counter) + ".png": null

2018-12-11 15:25:23 - [TEST_STEP][PASSED] - Statement - SaveFile = new java.io.File(finalPath): null

2018-12-11 15:25:23 - [TEST_STEP][PASSED] - Statement - Try: null

2018-12-11 15:25:23 - [TEST_STEP][PASSED] - Statement - org.apache.commons.io.FileUtils.copyFile(scrFile, SaveFile): null

2018-12-11 15:25:23 - [TEST_STEP][PASSED] - Statement - out.println("file kept"): null

2018-12-11 15:25:23 - [TEST_STEP][PASSED] - delay: Delayed 10 second(s)

2018-12-11 15:25:33 - [MESSAGE][PASSED] - Delayed 10 second(s)

2018-12-11 15:25:33 - [MESSAGE][PASSED] - Call Test Case 'Test Cases/Final Aug 2018 - PKS Automation/Common/Screenshoting tool' successfully]]></system-out>
         <system-err><![CDATA[]]></system-err>
      </testcase>
      <testcase name="Test Cases/Final Aug 2018 - PKS Automation/Registration Module/Workflow/Update Add New Employee/Special Case (Employer - RO Approve)" classname="Test Cases/Final Aug 2018 - PKS Automation/Registration Module/Workflow/Update Add New Employee/Special Case (Employer - RO Approve)" status="PASSED">
         <system-out><![CDATA[2018-12-11 15:25:33 - [TEST_CASE][PASSED] - Test Cases/Final Aug 2018 - PKS Automation/Registration Module/Workflow/Update Add New Employee/Special Case (Employer - RO Approve): Test Cases/Final Aug 2018 - PKS Automation/Registration Module/Workflow/Update Add New Employee/Special Case (Employer - RO Approve)

2018-12-11 15:25:33 - [TEST_STEP][PASSED] - callTestCase: Call Test Case 'Test Cases/Final Aug 2018 - PKS Automation/Registration Module/Workflow/Update Add New Employee/Template/New Company for Update Add New - Employer' successfully

2018-12-11 15:25:33 - [TEST_CASE][PASSED] - Test Cases/Final Aug 2018 - PKS Automation/Registration Module/Workflow/Update Add New Employee/Template/New Company for Update Add New - Employer: Test Cases/Final Aug 2018 - PKS Automation/Registration Module/Workflow/Update Add New Employee/Template/New Company for Update Add New - Employer

2018-12-11 15:25:34 - [TEST_STEP][PASSED] - callTestCase: Call Test Case 'Test Cases/Final Aug 2018 - PKS Automation/Create Employer Acc/Create Employer Account' successfully

2018-12-11 15:25:34 - [TEST_CASE][PASSED] - Test Cases/Final Aug 2018 - PKS Automation/Create Employer Acc/Create Employer Account: Test Cases/Final Aug 2018 - PKS Automation/Create Employer Acc/Create Employer Account

2018-12-11 15:25:34 - [TEST_STEP][PASSED] - callTestCase: Call Test Case 'Test Cases/Final Aug 2018 - PKS Automation/Create Employer Acc/Template/Register Employer' successfully

2018-12-11 15:25:34 - [TEST_CASE][PASSED] - Test Cases/Final Aug 2018 - PKS Automation/Create Employer Acc/Template/Register Employer: Test Cases/Final Aug 2018 - PKS Automation/Create Employer Acc/Template/Register Employer

2018-12-11 15:25:34 - [TEST_STEP][PASSED] - openBrowser: Browser is opened with url: ''

2018-12-11 15:25:34 - [MESSAGE][WARNING] - A browser is already opened. Closing browser and opening a new one

2018-12-11 15:25:44 - [MESSAGE][PASSED] - Browser is opened with url: ''

2018-12-11 15:25:44 - [TEST_STEP][PASSED] - navigateToUrl: Navigate to 'https://assist2-uat.perkeso.gov.my/login' successfully

2018-12-11 15:25:46 - [MESSAGE][PASSED] - Navigate to 'https://assist2-uat.perkeso.gov.my/login' successfully

2018-12-11 15:25:46 - [TEST_STEP][PASSED] - setText: Text 'johorotc1@gmail.com' is set on object 'Object Repository/Final Object Repo/Login Page/Internal User/Email Address'

2018-12-11 15:25:47 - [MESSAGE][PASSED] - Text 'johorotc1@gmail.com' is set on object 'Object Repository/Final Object Repo/Login Page/Internal User/Email Address'

2018-12-11 15:25:47 - [TEST_STEP][PASSED] - click: Object: 'Object Repository/Final Object Repo/Login Page/Internal User/Next Button' is clicked on

2018-12-11 15:25:47 - [MESSAGE][PASSED] - Object: 'Object Repository/Final Object Repo/Login Page/Internal User/Next Button' is clicked on

2018-12-11 15:25:47 - [TEST_STEP][PASSED] - delay: Delayed 1 second(s)

2018-12-11 15:25:48 - [MESSAGE][PASSED] - Delayed 1 second(s)

2018-12-11 15:25:48 - [TEST_STEP][PASSED] - setEncryptedText: Text ****** has been set on object 'Object Repository/Final Object Repo/Login Page/Internal User/Password'

2018-12-11 15:25:49 - [MESSAGE][PASSED] - Text ****** has been set on object 'Object Repository/Final Object Repo/Login Page/Internal User/Password'

2018-12-11 15:25:49 - [TEST_STEP][PASSED] - click: Object: 'Object Repository/Final Object Repo/Login Page/Internal User/Login Button' is clicked on

2018-12-11 15:25:49 - [MESSAGE][PASSED] - Object: 'Object Repository/Final Object Repo/Login Page/Internal User/Login Button' is clicked on

2018-12-11 15:25:49 - [TEST_STEP][PASSED] - delay: Delayed 1 second(s)

2018-12-11 15:25:50 - [MESSAGE][PASSED] - Delayed 1 second(s)

2018-12-11 15:25:50 - [TEST_STEP][PASSED] - navigateToUrl: Navigate to 'https://assist2-uat.perkeso.gov.my/web/base/portal-id/registration' successfully

2018-12-11 15:25:53 - [MESSAGE][PASSED] - Navigate to 'https://assist2-uat.perkeso.gov.my/web/base/portal-id/registration' successfully

2018-12-11 15:25:53 - [TEST_STEP][PASSED] - setText: Text 'AUTOMATION EMPLOYER' is set on object 'Object Repository/Final Object Repo/Creating Employer Account/Page_Registration - ASSIST (Base)/Employer Name'

2018-12-11 15:25:53 - [MESSAGE][PASSED] - Text 'AUTOMATION EMPLOYER' is set on object 'Object Repository/Final Object Repo/Creating Employer Account/Page_Registration - ASSIST (Base)/Employer Name'

2018-12-11 15:25:53 - [TEST_STEP][PASSED] - delay: Delayed 2 second(s)

2018-12-11 15:25:55 - [MESSAGE][PASSED] - Delayed 2 second(s)

2018-12-11 15:25:55 - [TEST_STEP][PASSED] - click: Object: 'Object Repository/Final Object Repo/Creating Employer Account/Page_Registration - ASSIST (Base)/Registration Type' is clicked on

2018-12-11 15:25:55 - [MESSAGE][PASSED] - Object: 'Object Repository/Final Object Repo/Creating Employer Account/Page_Registration - ASSIST (Base)/Registration Type' is clicked on

2018-12-11 15:25:55 - [TEST_STEP][PASSED] - delay: Delayed 2 second(s)

2018-12-11 15:25:57 - [MESSAGE][PASSED] - Delayed 2 second(s)

2018-12-11 15:25:57 - [TEST_STEP][PASSED] - click: Object: 'Object Repository/Final Object Repo/Creating Employer Account/Page_Registration - ASSIST (Base)/Registration Type - Registration No' is clicked on

2018-12-11 15:25:58 - [MESSAGE][PASSED] - Object: 'Object Repository/Final Object Repo/Creating Employer Account/Page_Registration - ASSIST (Base)/Registration Type - Registration No' is clicked on

2018-12-11 15:25:58 - [TEST_STEP][PASSED] - delay: Delayed 2 second(s)

2018-12-11 15:26:00 - [MESSAGE][PASSED] - Delayed 2 second(s)

2018-12-11 15:26:00 - [TEST_STEP][PASSED] - setText: Text 'AUTOMATE001' is set on object 'Object Repository/Final Object Repo/Creating Employer Account/Page_Registration - ASSIST (Base)/Registration Number'

2018-12-11 15:26:00 - [MESSAGE][PASSED] - Text 'AUTOMATE001' is set on object 'Object Repository/Final Object Repo/Creating Employer Account/Page_Registration - ASSIST (Base)/Registration Number'

2018-12-11 15:26:00 - [TEST_STEP][PASSED] - delay: Delayed 2 second(s)

2018-12-11 15:26:02 - [MESSAGE][PASSED] - Delayed 2 second(s)

2018-12-11 15:26:02 - [TEST_STEP][PASSED] - setText: Text 'ADDRESS 1' is set on object 'Object Repository/Final Object Repo/Creating Employer Account/Page_Registration - ASSIST (Base)/Postal Address 1'

2018-12-11 15:26:02 - [MESSAGE][PASSED] - Text 'ADDRESS 1' is set on object 'Object Repository/Final Object Repo/Creating Employer Account/Page_Registration - ASSIST (Base)/Postal Address 1'

2018-12-11 15:26:02 - [TEST_STEP][PASSED] - setText: Text 'ADDRESS 2' is set on object 'Object Repository/Final Object Repo/Creating Employer Account/Page_Registration - ASSIST (Base)/Postal Address 2'

2018-12-11 15:26:03 - [MESSAGE][PASSED] - Text 'ADDRESS 2' is set on object 'Object Repository/Final Object Repo/Creating Employer Account/Page_Registration - ASSIST (Base)/Postal Address 2'

2018-12-11 15:26:03 - [TEST_STEP][PASSED] - click: Object: 'Object Repository/Final Object Repo/Creating Employer Account/Page_Registration - ASSIST (Base)/State' is clicked on

2018-12-11 15:26:03 - [MESSAGE][PASSED] - Object: 'Object Repository/Final Object Repo/Creating Employer Account/Page_Registration - ASSIST (Base)/State' is clicked on

2018-12-11 15:26:03 - [TEST_STEP][PASSED] - delay: Delayed 2 second(s)

2018-12-11 15:26:05 - [MESSAGE][PASSED] - Delayed 2 second(s)

2018-12-11 15:26:05 - [TEST_STEP][PASSED] - click: Object: 'Object Repository/Final Object Repo/Creating Employer Account/Page_Registration - ASSIST (Base)/State - Johor' is clicked on

2018-12-11 15:26:05 - [MESSAGE][PASSED] - Object: 'Object Repository/Final Object Repo/Creating Employer Account/Page_Registration - ASSIST (Base)/State - Johor' is clicked on

2018-12-11 15:26:05 - [TEST_STEP][PASSED] - delay: Delayed 2 second(s)

2018-12-11 15:26:07 - [MESSAGE][PASSED] - Delayed 2 second(s)

2018-12-11 15:26:07 - [TEST_STEP][PASSED] - click: Object: 'Object Repository/Final Object Repo/Creating Employer Account/Page_Registration - ASSIST (Base)/City' is clicked on

2018-12-11 15:26:07 - [MESSAGE][PASSED] - Object: 'Object Repository/Final Object Repo/Creating Employer Account/Page_Registration - ASSIST (Base)/City' is clicked on

2018-12-11 15:26:07 - [TEST_STEP][PASSED] - delay: Delayed 2 second(s)

2018-12-11 15:26:09 - [MESSAGE][PASSED] - Delayed 2 second(s)

2018-12-11 15:26:09 - [TEST_STEP][PASSED] - setText: Text 'joh' is set on object 'Object Repository/Final Object Repo/Creating Employer Account/Page_Registration - ASSIST (Base)/City - joh'

2018-12-11 15:26:09 - [MESSAGE][PASSED] - Text 'joh' is set on object 'Object Repository/Final Object Repo/Creating Employer Account/Page_Registration - ASSIST (Base)/City - joh'

2018-12-11 15:26:09 - [TEST_STEP][PASSED] - delay: Delayed 2 second(s)

2018-12-11 15:26:11 - [MESSAGE][PASSED] - Delayed 2 second(s)

2018-12-11 15:26:11 - [TEST_STEP][PASSED] - click: Object: 'Object Repository/Final Object Repo/Creating Employer Account/Page_Registration - ASSIST (Base)/City - Johor Bharu' is clicked on

2018-12-11 15:26:12 - [MESSAGE][PASSED] - Object: 'Object Repository/Final Object Repo/Creating Employer Account/Page_Registration - ASSIST (Base)/City - Johor Bharu' is clicked on

2018-12-11 15:26:12 - [TEST_STEP][PASSED] - delay: Delayed 2 second(s)

2018-12-11 15:26:14 - [MESSAGE][PASSED] - Delayed 2 second(s)

2018-12-11 15:26:14 - [TEST_STEP][PASSED] - click: Object: 'Object Repository/Final Object Repo/Creating Employer Account/Page_Registration - ASSIST (Base)/Post Code' is clicked on

2018-12-11 15:26:14 - [MESSAGE][PASSED] - Object: 'Object Repository/Final Object Repo/Creating Employer Account/Page_Registration - ASSIST (Base)/Post Code' is clicked on

2018-12-11 15:26:14 - [TEST_STEP][PASSED] - delay: Delayed 2 second(s)

2018-12-11 15:26:16 - [MESSAGE][PASSED] - Delayed 2 second(s)

2018-12-11 15:26:16 - [TEST_STEP][PASSED] - setText: Text '810' is set on object 'Object Repository/Final Object Repo/Creating Employer Account/Page_Registration - ASSIST (Base)/Post Code - 810'

2018-12-11 15:26:16 - [MESSAGE][PASSED] - Text '810' is set on object 'Object Repository/Final Object Repo/Creating Employer Account/Page_Registration - ASSIST (Base)/Post Code - 810'

2018-12-11 15:26:16 - [TEST_STEP][PASSED] - delay: Delayed 2 second(s)

2018-12-11 15:26:18 - [MESSAGE][PASSED] - Delayed 2 second(s)

2018-12-11 15:26:18 - [TEST_STEP][PASSED] - click: Object: 'Object Repository/Final Object Repo/Creating Employer Account/Page_Registration - ASSIST (Base)/Post Code - 81000' is clicked on

2018-12-11 15:26:18 - [MESSAGE][PASSED] - Object: 'Object Repository/Final Object Repo/Creating Employer Account/Page_Registration - ASSIST (Base)/Post Code - 81000' is clicked on

2018-12-11 15:26:18 - [TEST_STEP][PASSED] - delay: Delayed 2 second(s)

2018-12-11 15:26:20 - [MESSAGE][PASSED] - Delayed 2 second(s)

2018-12-11 15:26:20 - [TEST_STEP][PASSED] - setText: Text 'PERKESO' is set on object 'Object Repository/Final Object Repo/Creating Employer Account/Page_Registration - ASSIST (Base)/Full Name'

2018-12-11 15:26:21 - [MESSAGE][PASSED] - Text 'PERKESO' is set on object 'Object Repository/Final Object Repo/Creating Employer Account/Page_Registration - ASSIST (Base)/Full Name'

2018-12-11 15:26:21 - [TEST_STEP][PASSED] - Statement - rnd = new java.util.Random(): null

2018-12-11 15:26:21 - [TEST_STEP][PASSED] - Statement - snum = rnd.nextInt(899999 + 1) + 100000: null

2018-12-11 15:26:21 - [TEST_STEP][PASSED] - Statement - tnum = rnd.nextInt(899999 + 1) + 100000: null

2018-12-11 15:26:21 - [TEST_STEP][PASSED] - Statement - IC = java.lang.Integer.toString(snum) + java.lang.Integer.toString(tnum): null

2018-12-11 15:26:21 - [TEST_STEP][PASSED] - Statement - out.println(IC): null

2018-12-11 15:26:21 - [TEST_STEP][PASSED] - setText: Text '878438219087' is set on object 'Object Repository/Final Object Repo/Creating Employer Account/Page_Registration - ASSIST (Base)/Identification Number'

2018-12-11 15:26:21 - [MESSAGE][PASSED] - Text '878438219087' is set on object 'Object Repository/Final Object Repo/Creating Employer Account/Page_Registration - ASSIST (Base)/Identification Number'

2018-12-11 15:26:21 - [TEST_STEP][PASSED] - delay: Delayed 2 second(s)

2018-12-11 15:26:23 - [MESSAGE][PASSED] - Delayed 2 second(s)

2018-12-11 15:26:23 - [TEST_STEP][PASSED] - setText: Text '123456789012' is set on object 'Object Repository/Final Object Repo/Creating Employer Account/Page_Registration - ASSIST (Base)/Contact Number'

2018-12-11 15:26:23 - [MESSAGE][PASSED] - Text '123456789012' is set on object 'Object Repository/Final Object Repo/Creating Employer Account/Page_Registration - ASSIST (Base)/Contact Number'

2018-12-11 15:26:23 - [TEST_STEP][PASSED] - Statement - Email = "perkeso" + IC + "@gmail.com": null

2018-12-11 15:26:23 - [TEST_STEP][PASSED] - delay: Delayed 2 second(s)

2018-12-11 15:26:25 - [MESSAGE][PASSED] - Delayed 2 second(s)

2018-12-11 15:26:25 - [TEST_STEP][PASSED] - callTestCase: Call Test Case 'Test Cases/Final Aug 2018 - PKS Automation/Create Employer Acc/Template/Employer Email Settler' successfully

2018-12-11 15:26:25 - [TEST_CASE][PASSED] - Test Cases/Final Aug 2018 - PKS Automation/Create Employer Acc/Template/Employer Email Settler: Test Cases/Final Aug 2018 - PKS Automation/Create Employer Acc/Template/Employer Email Settler

2018-12-11 15:26:26 - [TEST_STEP][PASSED] - Statement - EmpEmailOld = new java.io.File(C://Users//Admin//Desktop//PKS//Automation Reference Point//EmpEmail.txt): null

2018-12-11 15:26:26 - [TEST_STEP][PASSED] - Statement - EmpEmailOld.delete(): null

2018-12-11 15:26:26 - [TEST_STEP][PASSED] - delay: Delayed 5 second(s)

2018-12-11 15:26:31 - [MESSAGE][PASSED] - Delayed 5 second(s)

2018-12-11 15:26:31 - [TEST_STEP][PASSED] - Statement - EmpEmail = new java.io.File(C://Users//Admin//Desktop//PKS//Automation Reference Point//EmpEmail.txt): null

2018-12-11 15:26:31 - [TEST_STEP][PASSED] - Statement - f2 = new java.io.FileWriter(EmpEmail, false): null

2018-12-11 15:26:31 - [TEST_STEP][PASSED] - Statement - f2.write(Email): null

2018-12-11 15:26:31 - [TEST_STEP][PASSED] - Statement - f2.close(): null

2018-12-11 15:26:31 - [TEST_STEP][PASSED] - Statement - out.println(Email): null

2018-12-11 15:26:31 - [MESSAGE][PASSED] - Call Test Case 'Test Cases/Final Aug 2018 - PKS Automation/Create Employer Acc/Template/Employer Email Settler' successfully

2018-12-11 15:26:31 - [TEST_STEP][PASSED] - delay: Delayed 2 second(s)

2018-12-11 15:26:33 - [MESSAGE][PASSED] - Delayed 2 second(s)

2018-12-11 15:26:33 - [TEST_STEP][PASSED] - setText: Text 'perkeso878438219087@gmail.com' is set on object 'Object Repository/Final Object Repo/Creating Employer Account/Page_Registration - ASSIST (Base)/Email'

2018-12-11 15:26:33 - [MESSAGE][PASSED] - Text 'perkeso878438219087@gmail.com' is set on object 'Object Repository/Final Object Repo/Creating Employer Account/Page_Registration - ASSIST (Base)/Email'

2018-12-11 15:26:33 - [TEST_STEP][PASSED] - setText: Text '123' is set on object 'Object Repository/Final Object Repo/Creating Employer Account/Page_Registration - ASSIST (Base)/Security Phase'

2018-12-11 15:26:34 - [MESSAGE][PASSED] - Text '123' is set on object 'Object Repository/Final Object Repo/Creating Employer Account/Page_Registration - ASSIST (Base)/Security Phase'

2018-12-11 15:26:34 - [TEST_STEP][PASSED] - click: Object: 'Object Repository/Final Object Repo/Creating Employer Account/Page_Registration - ASSIST (Base)/Save  Continue' is clicked on

2018-12-11 15:26:34 - [MESSAGE][PASSED] - Object: 'Object Repository/Final Object Repo/Creating Employer Account/Page_Registration - ASSIST (Base)/Save  Continue' is clicked on

2018-12-11 15:26:34 - [TEST_STEP][PASSED] - delay: Delayed 2 second(s)

2018-12-11 15:26:36 - [MESSAGE][PASSED] - Delayed 2 second(s)

2018-12-11 15:26:36 - [TEST_STEP][PASSED] - click: Object: 'Object Repository/Final Object Repo/Creating Employer Account/Page_Registration - ASSIST (Base)/Add Document' is clicked on

2018-12-11 15:26:37 - [MESSAGE][PASSED] - Object: 'Object Repository/Final Object Repo/Creating Employer Account/Page_Registration - ASSIST (Base)/Add Document' is clicked on

2018-12-11 15:26:37 - [TEST_STEP][PASSED] - delay: Delayed 2 second(s)

2018-12-11 15:26:39 - [MESSAGE][PASSED] - Delayed 2 second(s)

2018-12-11 15:26:39 - [TEST_STEP][PASSED] - click: Object: 'Object Repository/Final Object Repo/Creating Employer Account/Page_Registration - ASSIST (Base)/Document Type' is clicked on

2018-12-11 15:26:39 - [MESSAGE][PASSED] - Object: 'Object Repository/Final Object Repo/Creating Employer Account/Page_Registration - ASSIST (Base)/Document Type' is clicked on

2018-12-11 15:26:39 - [TEST_STEP][PASSED] - delay: Delayed 2 second(s)

2018-12-11 15:26:41 - [MESSAGE][PASSED] - Delayed 2 second(s)

2018-12-11 15:26:41 - [TEST_STEP][PASSED] - click: Object: 'Object Repository/Final Object Repo/Creating Employer Account/Page_Registration - ASSIST (Base)/Document Type - Letter of Authorization' is clicked on

2018-12-11 15:26:41 - [MESSAGE][PASSED] - Object: 'Object Repository/Final Object Repo/Creating Employer Account/Page_Registration - ASSIST (Base)/Document Type - Letter of Authorization' is clicked on

2018-12-11 15:26:41 - [TEST_STEP][PASSED] - delay: Delayed 2 second(s)

2018-12-11 15:26:43 - [MESSAGE][PASSED] - Delayed 2 second(s)

2018-12-11 15:26:43 - [TEST_STEP][PASSED] - sendKeys: Keys 'C:\Users\Public\Pictures\Sample Pictures\Koala.jpg' sent to object: 'Object Repository/Final Object Repo/Creating Employer Account/Page_Registration - ASSIST (Base)/Uploading File'

2018-12-11 15:26:44 - [MESSAGE][PASSED] - Keys 'C:\Users\Public\Pictures\Sample Pictures\Koala.jpg' sent to object: 'Object Repository/Final Object Repo/Creating Employer Account/Page_Registration - ASSIST (Base)/Uploading File'

2018-12-11 15:26:44 - [TEST_STEP][PASSED] - delay: Delayed 2 second(s)

2018-12-11 15:26:46 - [MESSAGE][PASSED] - Delayed 2 second(s)

2018-12-11 15:26:46 - [TEST_STEP][PASSED] - click: Object: 'Object Repository/Final Object Repo/Creating Employer Account/Page_Registration - ASSIST (Base)/Add Document in Uploading File' is clicked on

2018-12-11 15:26:46 - [MESSAGE][PASSED] - Object: 'Object Repository/Final Object Repo/Creating Employer Account/Page_Registration - ASSIST (Base)/Add Document in Uploading File' is clicked on

2018-12-11 15:26:46 - [TEST_STEP][PASSED] - delay: Delayed 2 second(s)

2018-12-11 15:26:48 - [MESSAGE][PASSED] - Delayed 2 second(s)

2018-12-11 15:26:48 - [TEST_STEP][PASSED] - click: Object: 'Object Repository/Final Object Repo/Creating Employer Account/Page_Registration - ASSIST (Base)/Save' is clicked on

2018-12-11 15:26:48 - [MESSAGE][PASSED] - Object: 'Object Repository/Final Object Repo/Creating Employer Account/Page_Registration - ASSIST (Base)/Save' is clicked on

2018-12-11 15:26:48 - [TEST_STEP][PASSED] - delay: Delayed 2 second(s)

2018-12-11 15:26:50 - [MESSAGE][PASSED] - Delayed 2 second(s)

2018-12-11 15:26:50 - [TEST_STEP][PASSED] - click: Object: 'Object Repository/Final Object Repo/Creating Employer Account/Page_Registration - ASSIST (Base)/Submit' is clicked on

2018-12-11 15:26:56 - [MESSAGE][PASSED] - Object: 'Object Repository/Final Object Repo/Creating Employer Account/Page_Registration - ASSIST (Base)/Submit' is clicked on

2018-12-11 15:26:56 - [TEST_STEP][PASSED] - delay: Delayed 2 second(s)

2018-12-11 15:26:58 - [MESSAGE][PASSED] - Delayed 2 second(s)

2018-12-11 15:26:58 - [TEST_STEP][PASSED] - click: Object: 'Object Repository/Final Object Repo/Creating Employer Account/Page_Registration - ASSIST (Base)/Confirm' is clicked on

2018-12-11 15:26:58 - [MESSAGE][PASSED] - Object: 'Object Repository/Final Object Repo/Creating Employer Account/Page_Registration - ASSIST (Base)/Confirm' is clicked on

2018-12-11 15:26:58 - [MESSAGE][PASSED] - Call Test Case 'Test Cases/Final Aug 2018 - PKS Automation/Create Employer Acc/Template/Register Employer' successfully

2018-12-11 15:26:58 - [TEST_STEP][PASSED] - delay: Delayed 1 second(s)

2018-12-11 15:26:59 - [MESSAGE][PASSED] - Delayed 1 second(s)

2018-12-11 15:26:59 - [TEST_STEP][PASSED] - navigateToUrl: Navigate to 'https://assist2-uat.perkeso.gov.my/c/portal/logout' successfully

2018-12-11 15:27:01 - [MESSAGE][PASSED] - Navigate to 'https://assist2-uat.perkeso.gov.my/c/portal/logout' successfully

2018-12-11 15:27:01 - [TEST_STEP][PASSED] - delay: Delayed 1 second(s)

2018-12-11 15:27:02 - [MESSAGE][PASSED] - Delayed 1 second(s)

2018-12-11 15:27:02 - [TEST_STEP][PASSED] - callTestCase: Call Test Case 'Test Cases/Final Aug 2018 - PKS Automation/Create Employer Acc/Template/Change Password of Employer' successfully

2018-12-11 15:27:02 - [TEST_CASE][PASSED] - Test Cases/Final Aug 2018 - PKS Automation/Create Employer Acc/Template/Change Password of Employer: Test Cases/Final Aug 2018 - PKS Automation/Create Employer Acc/Template/Change Password of Employer

2018-12-11 15:27:02 - [TEST_STEP][PASSED] - openBrowser: Browser is opened with url: ''

2018-12-11 15:27:02 - [MESSAGE][WARNING] - A browser is already opened. Closing browser and opening a new one

2018-12-11 15:27:11 - [MESSAGE][PASSED] - Browser is opened with url: ''

2018-12-11 15:27:11 - [TEST_STEP][PASSED] - navigateToUrl: Navigate to 'https://assist2-uat.perkeso.gov.my/login' successfully

2018-12-11 15:27:12 - [MESSAGE][PASSED] - Navigate to 'https://assist2-uat.perkeso.gov.my/login' successfully

2018-12-11 15:27:12 - [TEST_STEP][PASSED] - delay: Delayed 5 second(s)

2018-12-11 15:27:17 - [MESSAGE][PASSED] - Delayed 5 second(s)

2018-12-11 15:27:17 - [TEST_STEP][PASSED] - setText: Text 'test@liferay.com' is set on object 'Object Repository/Final Object Repo/Login Page/Internal User/Email Address'

2018-12-11 15:27:18 - [MESSAGE][PASSED] - Text 'test@liferay.com' is set on object 'Object Repository/Final Object Repo/Login Page/Internal User/Email Address'

2018-12-11 15:27:18 - [TEST_STEP][PASSED] - click: Object: 'Object Repository/Final Object Repo/Login Page/Internal User/Next Button' is clicked on

2018-12-11 15:27:18 - [MESSAGE][PASSED] - Object: 'Object Repository/Final Object Repo/Login Page/Internal User/Next Button' is clicked on

2018-12-11 15:27:18 - [TEST_STEP][PASSED] - delay: Delayed 2 second(s)

2018-12-11 15:27:20 - [MESSAGE][PASSED] - Delayed 2 second(s)

2018-12-11 15:27:20 - [TEST_STEP][PASSED] - setText: Text 'test' is set on object 'Object Repository/Final Object Repo/Login Page/Internal User/Password'

2018-12-11 15:27:20 - [MESSAGE][PASSED] - Text 'test' is set on object 'Object Repository/Final Object Repo/Login Page/Internal User/Password'

2018-12-11 15:27:20 - [TEST_STEP][PASSED] - delay: Delayed 2 second(s)

2018-12-11 15:27:22 - [MESSAGE][PASSED] - Delayed 2 second(s)

2018-12-11 15:27:22 - [TEST_STEP][PASSED] - click: Object: 'Object Repository/Final Object Repo/Login Page/Internal User/Login Button' is clicked on

2018-12-11 15:27:22 - [MESSAGE][PASSED] - Object: 'Object Repository/Final Object Repo/Login Page/Internal User/Login Button' is clicked on

2018-12-11 15:27:22 - [TEST_STEP][PASSED] - delay: Delayed 3 second(s)

2018-12-11 15:27:25 - [MESSAGE][PASSED] - Delayed 3 second(s)

2018-12-11 15:27:25 - [TEST_STEP][PASSED] - navigateToUrl: Navigate to 'https://assist2-uat.perkeso.gov.my/group/control_panel/manage?p_p_id=125&p_p_lifecycle=0&p_p_state=maximized&p_p_mode=view&refererPlid=20455&_125_usersListView=flat-users&_125_toolbarItem=view-all-users&_125_saveUsersListView=true&_125_struts_action=%2Fusers_admin%2Fview' successfully

2018-12-11 15:27:27 - [MESSAGE][PASSED] - Navigate to 'https://assist2-uat.perkeso.gov.my/group/control_panel/manage?p_p_id=125&p_p_lifecycle=0&p_p_state=maximized&p_p_mode=view&refererPlid=20455&_125_usersListView=flat-users&_125_toolbarItem=view-all-users&_125_saveUsersListView=true&_125_struts_action=%2Fusers_admin%2Fview' successfully

2018-12-11 15:27:27 - [TEST_STEP][PASSED] - delay: Delayed 3 second(s)

2018-12-11 15:27:30 - [MESSAGE][PASSED] - Delayed 3 second(s)

2018-12-11 15:27:30 - [TEST_STEP][PASSED] - setText: Text 'perkeso878438219087@gmail.com' is set on object 'Object Repository/Final Object Repo/Creating Employer Account/Page_Users and Organizations - ASSIST/Employer name'

2018-12-11 15:27:31 - [MESSAGE][PASSED] - Text 'perkeso878438219087@gmail.com' is set on object 'Object Repository/Final Object Repo/Creating Employer Account/Page_Users and Organizations - ASSIST/Employer name'

2018-12-11 15:27:31 - [TEST_STEP][PASSED] - delay: Delayed 3 second(s)

2018-12-11 15:27:34 - [MESSAGE][PASSED] - Delayed 3 second(s)

2018-12-11 15:27:34 - [TEST_STEP][PASSED] - click: Object: 'Object Repository/Final Object Repo/Creating Employer Account/Page_Users and Organizations - ASSIST/Search' is clicked on

2018-12-11 15:27:34 - [MESSAGE][PASSED] - Object: 'Object Repository/Final Object Repo/Creating Employer Account/Page_Users and Organizations - ASSIST/Search' is clicked on

2018-12-11 15:27:34 - [TEST_STEP][PASSED] - delay: Delayed 3 second(s)

2018-12-11 15:27:37 - [MESSAGE][PASSED] - Delayed 3 second(s)

2018-12-11 15:27:37 - [TEST_STEP][PASSED] - click: Object: 'Object Repository/Final Object Repo/Creating Employer Account/Page_Users and Organizations - ASSIST/Action' is clicked on

2018-12-11 15:27:37 - [MESSAGE][PASSED] - Object: 'Object Repository/Final Object Repo/Creating Employer Account/Page_Users and Organizations - ASSIST/Action' is clicked on

2018-12-11 15:27:37 - [TEST_STEP][PASSED] - delay: Delayed 3 second(s)

2018-12-11 15:27:40 - [MESSAGE][PASSED] - Delayed 3 second(s)

2018-12-11 15:27:40 - [TEST_STEP][PASSED] - click: Object: 'Object Repository/Final Object Repo/Creating Employer Account/Page_Users and Organizations - ASSIST/Edit' is clicked on

2018-12-11 15:27:41 - [MESSAGE][PASSED] - Object: 'Object Repository/Final Object Repo/Creating Employer Account/Page_Users and Organizations - ASSIST/Edit' is clicked on

2018-12-11 15:27:41 - [TEST_STEP][PASSED] - delay: Delayed 3 second(s)

2018-12-11 15:27:44 - [MESSAGE][PASSED] - Delayed 3 second(s)

2018-12-11 15:27:44 - [TEST_STEP][PASSED] - click: Object: 'Object Repository/Final Object Repo/Creating Employer Account/Page_PERKESO - Users and Organizati/a_Password (Modified)' is clicked on

2018-12-11 15:27:44 - [MESSAGE][PASSED] - Object: 'Object Repository/Final Object Repo/Creating Employer Account/Page_PERKESO - Users and Organizati/a_Password (Modified)' is clicked on

2018-12-11 15:27:44 - [TEST_STEP][PASSED] - delay: Delayed 3 second(s)

2018-12-11 15:27:47 - [MESSAGE][PASSED] - Delayed 3 second(s)

2018-12-11 15:27:47 - [TEST_STEP][PASSED] - setEncryptedText: Text ****** has been set on object 'Object Repository/Final Object Repo/Creating Employer Account/Page_PERKESO - Users and Organizati/input__125_password1'

2018-12-11 15:27:48 - [MESSAGE][PASSED] - Text ****** has been set on object 'Object Repository/Final Object Repo/Creating Employer Account/Page_PERKESO - Users and Organizati/input__125_password1'

2018-12-11 15:27:48 - [TEST_STEP][PASSED] - delay: Delayed 3 second(s)

2018-12-11 15:27:51 - [MESSAGE][PASSED] - Delayed 3 second(s)

2018-12-11 15:27:51 - [TEST_STEP][PASSED] - setEncryptedText: Text ****** has been set on object 'Object Repository/Final Object Repo/Creating Employer Account/Page_PERKESO - Users and Organizati/input__125_password2'

2018-12-11 15:27:51 - [MESSAGE][PASSED] - Text ****** has been set on object 'Object Repository/Final Object Repo/Creating Employer Account/Page_PERKESO - Users and Organizati/input__125_password2'

2018-12-11 15:27:51 - [TEST_STEP][PASSED] - delay: Delayed 3 second(s)

2018-12-11 15:27:54 - [MESSAGE][PASSED] - Delayed 3 second(s)

2018-12-11 15:27:54 - [TEST_STEP][PASSED] - click: Object: 'Object Repository/Final Object Repo/Creating Employer Account/Page_PERKESO - Users and Organizati/Save' is clicked on

2018-12-11 15:27:56 - [MESSAGE][PASSED] - Object: 'Object Repository/Final Object Repo/Creating Employer Account/Page_PERKESO - Users and Organizati/Save' is clicked on

2018-12-11 15:27:56 - [MESSAGE][PASSED] - Call Test Case 'Test Cases/Final Aug 2018 - PKS Automation/Create Employer Acc/Template/Change Password of Employer' successfully

2018-12-11 15:27:56 - [TEST_STEP][PASSED] - delay: Delayed 1 second(s)

2018-12-11 15:27:57 - [MESSAGE][PASSED] - Delayed 1 second(s)

2018-12-11 15:27:57 - [TEST_STEP][PASSED] - navigateToUrl: Navigate to 'https://assist2-uat.perkeso.gov.my/c/portal/logout' successfully

2018-12-11 15:27:58 - [MESSAGE][PASSED] - Navigate to 'https://assist2-uat.perkeso.gov.my/c/portal/logout' successfully

2018-12-11 15:27:58 - [TEST_STEP][PASSED] - delay: Delayed 1 second(s)

2018-12-11 15:27:59 - [MESSAGE][PASSED] - Delayed 1 second(s)

2018-12-11 15:27:59 - [TEST_STEP][PASSED] - callTestCase: Call Test Case 'Test Cases/Final Aug 2018 - PKS Automation/Create Employer Acc/Template/Login to Employer Account (First Time)' successfully

2018-12-11 15:27:59 - [TEST_CASE][PASSED] - Test Cases/Final Aug 2018 - PKS Automation/Create Employer Acc/Template/Login to Employer Account (First Time): Test Cases/Final Aug 2018 - PKS Automation/Create Employer Acc/Template/Login to Employer Account (First Time)

2018-12-11 15:27:59 - [TEST_STEP][PASSED] - openBrowser: Browser is opened with url: ''

2018-12-11 15:27:59 - [MESSAGE][WARNING] - A browser is already opened. Closing browser and opening a new one

2018-12-11 15:28:12 - [MESSAGE][PASSED] - Browser is opened with url: ''

2018-12-11 15:28:12 - [TEST_STEP][PASSED] - navigateToUrl: Navigate to 'https://assist2-uat.perkeso.gov.my/employer/login' successfully

2018-12-11 15:28:13 - [MESSAGE][PASSED] - Navigate to 'https://assist2-uat.perkeso.gov.my/employer/login' successfully

2018-12-11 15:28:13 - [TEST_STEP][PASSED] - delay: Delayed 3 second(s)

2018-12-11 15:28:16 - [MESSAGE][PASSED] - Delayed 3 second(s)

2018-12-11 15:28:16 - [TEST_STEP][PASSED] - callTestCase: Call Test Case 'Test Cases/Final Aug 2018 - PKS Automation/Create Employer Acc/Template/Employer Email Getter' successfully

2018-12-11 15:28:16 - [TEST_CASE][PASSED] - Test Cases/Final Aug 2018 - PKS Automation/Create Employer Acc/Template/Employer Email Getter: Test Cases/Final Aug 2018 - PKS Automation/Create Employer Acc/Template/Employer Email Getter

2018-12-11 15:28:17 - [TEST_STEP][PASSED] - Statement - Try: null

2018-12-11 15:28:17 - [TEST_STEP][PASSED] - Statement - EmpEmail = new java.io.File(C://Users//Admin//Desktop//PKS//Automation Reference Point//EmpEmail.txt): null

2018-12-11 15:28:17 - [TEST_STEP][PASSED] - Statement - bufferread = new java.io.BufferedReader(new java.io.FileReader(EmpEmail)): null

2018-12-11 15:28:17 - [TEST_STEP][PASSED] - Statement - readedVal = bufferread.readLine(): null

2018-12-11 15:28:17 - [TEST_STEP][PASSED] - Statement - out.println(readedVal): null

2018-12-11 15:28:17 - [TEST_STEP][PASSED] - Statement - Email = readedVal: null

2018-12-11 15:28:17 - [MESSAGE][PASSED] - Call Test Case 'Test Cases/Final Aug 2018 - PKS Automation/Create Employer Acc/Template/Employer Email Getter' successfully

2018-12-11 15:28:17 - [TEST_STEP][PASSED] - setText: Text 'perkeso878438219087@gmail.com' is set on object 'Object Repository/Final Object Repo/Login Page/External Login Page/Email'

2018-12-11 15:28:17 - [MESSAGE][PASSED] - Text 'perkeso878438219087@gmail.com' is set on object 'Object Repository/Final Object Repo/Login Page/External Login Page/Email'

2018-12-11 15:28:17 - [TEST_STEP][PASSED] - click: Object: 'Object Repository/Final Object Repo/Login Page/External Login Page/Next' is clicked on

2018-12-11 15:28:17 - [MESSAGE][PASSED] - Object: 'Object Repository/Final Object Repo/Login Page/External Login Page/Next' is clicked on

2018-12-11 15:28:17 - [TEST_STEP][PASSED] - delay: Delayed 3 second(s)

2018-12-11 15:28:20 - [MESSAGE][PASSED] - Delayed 3 second(s)

2018-12-11 15:28:20 - [TEST_STEP][PASSED] - setEncryptedText: Text ****** has been set on object 'Object Repository/Final Object Repo/Login Page/External Login Page/Password'

2018-12-11 15:28:21 - [MESSAGE][PASSED] - Text ****** has been set on object 'Object Repository/Final Object Repo/Login Page/External Login Page/Password'

2018-12-11 15:28:21 - [TEST_STEP][PASSED] - click: Object: 'Object Repository/Final Object Repo/Login Page/External Login Page/Login' is clicked on

2018-12-11 15:28:21 - [MESSAGE][PASSED] - Object: 'Object Repository/Final Object Repo/Login Page/External Login Page/Login' is clicked on

2018-12-11 15:28:21 - [TEST_STEP][PASSED] - delay: Delayed 3 second(s)

2018-12-11 15:28:24 - [MESSAGE][PASSED] - Delayed 3 second(s)

2018-12-11 15:28:24 - [TEST_STEP][PASSED] - click: Object: 'Object Repository/Final Object Repo/Creating Employer Account/Page_Terms of Use - ASSIST/button_I Agree' is clicked on

2018-12-11 15:28:28 - [MESSAGE][PASSED] - Object: 'Object Repository/Final Object Repo/Creating Employer Account/Page_Terms of Use - ASSIST/button_I Agree' is clicked on

2018-12-11 15:28:28 - [TEST_STEP][PASSED] - delay: Delayed 2 second(s)

2018-12-11 15:28:30 - [MESSAGE][PASSED] - Delayed 2 second(s)

2018-12-11 15:28:30 - [TEST_STEP][PASSED] - setEncryptedText: Text ****** has been set on object 'Object Repository/Final Object Repo/Creating Employer Account/Page_New Password - ASSIST/input_password1'

2018-12-11 15:28:30 - [MESSAGE][PASSED] - Text ****** has been set on object 'Object Repository/Final Object Repo/Creating Employer Account/Page_New Password - ASSIST/input_password1'

2018-12-11 15:28:30 - [TEST_STEP][PASSED] - setEncryptedText: Text ****** has been set on object 'Object Repository/Final Object Repo/Creating Employer Account/Page_New Password - ASSIST/input_password2'

2018-12-11 15:28:31 - [MESSAGE][PASSED] - Text ****** has been set on object 'Object Repository/Final Object Repo/Creating Employer Account/Page_New Password - ASSIST/input_password2'

2018-12-11 15:28:31 - [TEST_STEP][PASSED] - delay: Delayed 2 second(s)

2018-12-11 15:28:33 - [MESSAGE][PASSED] - Delayed 2 second(s)

2018-12-11 15:28:33 - [TEST_STEP][PASSED] - click: Object: 'Object Repository/Final Object Repo/Creating Employer Account/Page_New Password - ASSIST/Save' is clicked on

2018-12-11 15:28:33 - [MESSAGE][PASSED] - Object: 'Object Repository/Final Object Repo/Creating Employer Account/Page_New Password - ASSIST/Save' is clicked on

2018-12-11 15:28:33 - [TEST_STEP][PASSED] - delay: Delayed 2 second(s)

2018-12-11 15:28:35 - [MESSAGE][PASSED] - Delayed 2 second(s)

2018-12-11 15:28:35 - [TEST_STEP][PASSED] - setText: Text 'test' is set on object 'Object Repository/Final Object Repo/Creating Employer Account/Page_Password Reminder - ASSIST/Reminder Query Answer'

2018-12-11 15:28:35 - [MESSAGE][PASSED] - Text 'test' is set on object 'Object Repository/Final Object Repo/Creating Employer Account/Page_Password Reminder - ASSIST/Reminder Query Answer'

2018-12-11 15:28:35 - [TEST_STEP][PASSED] - delay: Delayed 2 second(s)

2018-12-11 15:28:37 - [MESSAGE][PASSED] - Delayed 2 second(s)

2018-12-11 15:28:37 - [TEST_STEP][PASSED] - doubleClick: Object: 'Object Repository/Final Object Repo/Creating Employer Account/Page_Password Reminder - ASSIST/Save' is double clicked on

2018-12-11 15:28:40 - [MESSAGE][PASSED] - Object: 'Object Repository/Final Object Repo/Creating Employer Account/Page_Password Reminder - ASSIST/Save' is double clicked on

2018-12-11 15:28:40 - [MESSAGE][PASSED] - Call Test Case 'Test Cases/Final Aug 2018 - PKS Automation/Create Employer Acc/Template/Login to Employer Account (First Time)' successfully

2018-12-11 15:28:40 - [MESSAGE][PASSED] - Call Test Case 'Test Cases/Final Aug 2018 - PKS Automation/Create Employer Acc/Create Employer Account' successfully

2018-12-11 15:28:40 - [TEST_STEP][PASSED] - callTestCase: Call Test Case 'Test Cases/Final Aug 2018 - PKS Automation/Registration Module/Log Out/log out avoiding katalon tagging' successfully

2018-12-11 15:28:40 - [TEST_CASE][PASSED] - Test Cases/Final Aug 2018 - PKS Automation/Registration Module/Log Out/log out avoiding katalon tagging: Test Cases/Final Aug 2018 - PKS Automation/Registration Module/Log Out/log out avoiding katalon tagging

2018-12-11 15:28:40 - [TEST_STEP][PASSED] - navigateToUrl: Navigate to 'https://assist2-uat.perkeso.gov.my/c/portal/logout' successfully

2018-12-11 15:28:41 - [MESSAGE][PASSED] - Navigate to 'https://assist2-uat.perkeso.gov.my/c/portal/logout' successfully

2018-12-11 15:28:41 - [MESSAGE][PASSED] - Call Test Case 'Test Cases/Final Aug 2018 - PKS Automation/Registration Module/Log Out/log out avoiding katalon tagging' successfully

2018-12-11 15:28:41 - [TEST_STEP][PASSED] - callTestCase: Call Test Case 'Test Cases/Final Aug 2018 - PKS Automation/Create Employer Acc/Login to Employer Account (Second time)' successfully

2018-12-11 15:28:41 - [TEST_CASE][PASSED] - Test Cases/Final Aug 2018 - PKS Automation/Create Employer Acc/Login to Employer Account (Second time): Test Cases/Final Aug 2018 - PKS Automation/Create Employer Acc/Login to Employer Account (Second time)

2018-12-11 15:28:41 - [TEST_STEP][PASSED] - openBrowser: Browser is opened with url: ''

2018-12-11 15:28:41 - [MESSAGE][WARNING] - A browser is already opened. Closing browser and opening a new one

2018-12-11 15:28:47 - [MESSAGE][PASSED] - Browser is opened with url: ''

2018-12-11 15:28:47 - [TEST_STEP][PASSED] - navigateToUrl: Navigate to 'https://assist2-uat.perkeso.gov.my/employer/login' successfully

2018-12-11 15:28:49 - [MESSAGE][PASSED] - Navigate to 'https://assist2-uat.perkeso.gov.my/employer/login' successfully

2018-12-11 15:28:49 - [TEST_STEP][PASSED] - delay: Delayed 3 second(s)

2018-12-11 15:28:52 - [MESSAGE][PASSED] - Delayed 3 second(s)

2018-12-11 15:28:52 - [TEST_STEP][PASSED] - callTestCase: Call Test Case 'Test Cases/Final Aug 2018 - PKS Automation/Create Employer Acc/Template/Employer Email Getter' successfully

2018-12-11 15:28:52 - [TEST_CASE][PASSED] - Test Cases/Final Aug 2018 - PKS Automation/Create Employer Acc/Template/Employer Email Getter: Test Cases/Final Aug 2018 - PKS Automation/Create Employer Acc/Template/Employer Email Getter

2018-12-11 15:28:52 - [TEST_STEP][PASSED] - Statement - Try: null

2018-12-11 15:28:52 - [TEST_STEP][PASSED] - Statement - EmpEmail = new java.io.File(C://Users//Admin//Desktop//PKS//Automation Reference Point//EmpEmail.txt): null

2018-12-11 15:28:52 - [TEST_STEP][PASSED] - Statement - bufferread = new java.io.BufferedReader(new java.io.FileReader(EmpEmail)): null

2018-12-11 15:28:52 - [TEST_STEP][PASSED] - Statement - readedVal = bufferread.readLine(): null

2018-12-11 15:28:52 - [TEST_STEP][PASSED] - Statement - out.println(readedVal): null

2018-12-11 15:28:52 - [TEST_STEP][PASSED] - Statement - Email = readedVal: null

2018-12-11 15:28:52 - [MESSAGE][PASSED] - Call Test Case 'Test Cases/Final Aug 2018 - PKS Automation/Create Employer Acc/Template/Employer Email Getter' successfully

2018-12-11 15:28:52 - [TEST_STEP][PASSED] - setText: Text 'perkeso878438219087@gmail.com' is set on object 'Object Repository/Final Object Repo/Login Page/External Login Page/Email'

2018-12-11 15:28:52 - [MESSAGE][PASSED] - Text 'perkeso878438219087@gmail.com' is set on object 'Object Repository/Final Object Repo/Login Page/External Login Page/Email'

2018-12-11 15:28:52 - [TEST_STEP][PASSED] - click: Object: 'Object Repository/Final Object Repo/Login Page/External Login Page/Next' is clicked on

2018-12-11 15:28:52 - [MESSAGE][PASSED] - Object: 'Object Repository/Final Object Repo/Login Page/External Login Page/Next' is clicked on

2018-12-11 15:28:52 - [TEST_STEP][PASSED] - delay: Delayed 3 second(s)

2018-12-11 15:28:55 - [MESSAGE][PASSED] - Delayed 3 second(s)

2018-12-11 15:28:55 - [TEST_STEP][PASSED] - setEncryptedText: Text ****** has been set on object 'Object Repository/Final Object Repo/Login Page/External Login Page/Password'

2018-12-11 15:28:56 - [MESSAGE][PASSED] - Text ****** has been set on object 'Object Repository/Final Object Repo/Login Page/External Login Page/Password'

2018-12-11 15:28:56 - [TEST_STEP][PASSED] - click: Object: 'Object Repository/Final Object Repo/Login Page/External Login Page/Login' is clicked on

2018-12-11 15:28:56 - [MESSAGE][PASSED] - Object: 'Object Repository/Final Object Repo/Login Page/External Login Page/Login' is clicked on

2018-12-11 15:28:56 - [TEST_STEP][PASSED] - delay: Delayed 5 second(s)

2018-12-11 15:29:01 - [MESSAGE][PASSED] - Delayed 5 second(s)

2018-12-11 15:29:01 - [MESSAGE][PASSED] - Call Test Case 'Test Cases/Final Aug 2018 - PKS Automation/Create Employer Acc/Login to Employer Account (Second time)' successfully

2018-12-11 15:29:01 - [TEST_STEP][PASSED] - delay: Delayed 4 second(s)

2018-12-11 15:29:05 - [MESSAGE][PASSED] - Delayed 4 second(s)

2018-12-11 15:29:05 - [TEST_STEP][PASSED] - Statement - Try: Delayed 2 second(s)

2018-12-11 15:29:05 - [TEST_STEP][PASSED] - Statement - Checker = false: null

2018-12-11 15:29:05 - [TEST_STEP][PASSED] - Statement - Checker = com.kms.katalon.core.webui.keyword.WebUiBuiltInKeywords.verifyElementHasAttribute(com.kms.katalon.core.testobject.ObjectRepository.findTestObject(Final Object Repo/Landing Page/BM Detecting), "href", 20, OPTIONAL): Object 'Object Repository/Final Object Repo/Landing Page/BM Detecting' has attribute 'href'

2018-12-11 15:29:05 - [MESSAGE][PASSED] - Object 'Object Repository/Final Object Repo/Landing Page/BM Detecting' has attribute 'href'

2018-12-11 15:29:05 - [TEST_STEP][PASSED] - Statement - out.println(Checker): null

2018-12-11 15:29:05 - [TEST_STEP][PASSED] - Statement - If (Checker == false): null

2018-12-11 15:29:05 - [TEST_STEP][PASSED] - Statement - Else: null

2018-12-11 15:29:05 - [TEST_STEP][PASSED] - delay: Delayed 2 second(s)

2018-12-11 15:29:07 - [MESSAGE][PASSED] - Delayed 2 second(s)

2018-12-11 15:29:07 - [TEST_STEP][PASSED] - delay: Delayed 4 second(s)

2018-12-11 15:29:11 - [MESSAGE][PASSED] - Delayed 4 second(s)

2018-12-11 15:29:11 - [TEST_STEP][PASSED] - click: Object: 'Object Repository/Final Object Repo/Landing Page/My Sites Drop Down' is clicked on

2018-12-11 15:29:11 - [MESSAGE][PASSED] - Object: 'Object Repository/Final Object Repo/Landing Page/My Sites Drop Down' is clicked on

2018-12-11 15:29:11 - [TEST_STEP][PASSED] - click: Object: 'Object Repository/Final Object Repo/Landing Page/Select to Registration Module' is clicked on

2018-12-11 15:29:14 - [MESSAGE][PASSED] - Object: 'Object Repository/Final Object Repo/Landing Page/Select to Registration Module' is clicked on

2018-12-11 15:29:14 - [TEST_STEP][PASSED] - click: Object: 'Object Repository/Final Object Repo/Landing Page/Registration Button' is clicked on

2018-12-11 15:29:16 - [MESSAGE][PASSED] - Object: 'Object Repository/Final Object Repo/Landing Page/Registration Button' is clicked on

2018-12-11 15:29:16 - [TEST_STEP][PASSED] - delay: Delayed 2 second(s)

2018-12-11 15:29:18 - [MESSAGE][PASSED] - Delayed 2 second(s)

2018-12-11 15:29:18 - [TEST_STEP][PASSED] - click: Object: 'Object Repository/Final Object Repo/New Registration - Registration Module Pages/New Reg - OTC to RO/Special Case - OTC - Form 1/AEC NO' is clicked on

2018-12-11 15:29:18 - [MESSAGE][PASSED] - Object: 'Object Repository/Final Object Repo/New Registration - Registration Module Pages/New Reg - OTC to RO/Special Case - OTC - Form 1/AEC NO' is clicked on

2018-12-11 15:29:18 - [TEST_STEP][PASSED] - click: Object: 'Object Repository/Final Object Repo/New Registration - Registration Module Pages/New Reg - OTC to RO/Special Case - OTC - Form 1/Business Entity - Please Select' is clicked on

2018-12-11 15:29:18 - [MESSAGE][PASSED] - Object: 'Object Repository/Final Object Repo/New Registration - Registration Module Pages/New Reg - OTC to RO/Special Case - OTC - Form 1/Business Entity - Please Select' is clicked on

2018-12-11 15:29:18 - [TEST_STEP][PASSED] - click: Object: 'Object Repository/Final Object Repo/New Registration - Registration Module Pages/New Reg - OTC to RO/Special Case - OTC - Form 1/Selected - Corporation' is clicked on

2018-12-11 15:29:18 - [MESSAGE][PASSED] - Object: 'Object Repository/Final Object Repo/New Registration - Registration Module Pages/New Reg - OTC to RO/Special Case - OTC - Form 1/Selected - Corporation' is clicked on

2018-12-11 15:29:18 - [TEST_STEP][PASSED] - delay: Delayed 2 second(s)

2018-12-11 15:29:20 - [MESSAGE][PASSED] - Delayed 2 second(s)

2018-12-11 15:29:20 - [TEST_STEP][PASSED] - click: Object: 'Object Repository/Final Object Repo/New Registration - Registration Module Pages/New Reg - OTC to RO/Special Case - OTC - Form 1/Sub Business Entity - Please Select' is clicked on

2018-12-11 15:29:20 - [MESSAGE][PASSED] - Object: 'Object Repository/Final Object Repo/New Registration - Registration Module Pages/New Reg - OTC to RO/Special Case - OTC - Form 1/Sub Business Entity - Please Select' is clicked on

2018-12-11 15:29:20 - [TEST_STEP][PASSED] - delay: Delayed 2 second(s)

2018-12-11 15:29:22 - [MESSAGE][PASSED] - Delayed 2 second(s)

2018-12-11 15:29:22 - [TEST_STEP][PASSED] - click: Object: 'Object Repository/Final Object Repo/New Registration - Registration Module Pages/New Reg - OTC to RO/Special Case - OTC - Form 1/Selected - Sendirian Berhad' is clicked on

2018-12-11 15:29:23 - [MESSAGE][PASSED] - Object: 'Object Repository/Final Object Repo/New Registration - Registration Module Pages/New Reg - OTC to RO/Special Case - OTC - Form 1/Selected - Sendirian Berhad' is clicked on

2018-12-11 15:29:23 - [TEST_STEP][PASSED] - setText: Text 'AUTOMATE001' is set on object 'Object Repository/Final Object Repo/New Registration - Registration Module Pages/New Reg - OTC to RO/Special Case - OTC - Form 1/Input BRN Number'

2018-12-11 15:29:23 - [MESSAGE][PASSED] - Text 'AUTOMATE001' is set on object 'Object Repository/Final Object Repo/New Registration - Registration Module Pages/New Reg - OTC to RO/Special Case - OTC - Form 1/Input BRN Number'

2018-12-11 15:29:23 - [TEST_STEP][PASSED] - delay: Delayed 2 second(s)

2018-12-11 15:29:25 - [MESSAGE][PASSED] - Delayed 2 second(s)

2018-12-11 15:29:25 - [TEST_STEP][PASSED] - click: Object: 'Object Repository/Final Object Repo/New Registration - Registration Module Pages/New Reg - OTC to RO/Special Case - OTC - Form 1/BRN Search' is clicked on

2018-12-11 15:29:25 - [MESSAGE][PASSED] - Object: 'Object Repository/Final Object Repo/New Registration - Registration Module Pages/New Reg - OTC to RO/Special Case - OTC - Form 1/BRN Search' is clicked on

2018-12-11 15:29:25 - [TEST_STEP][PASSED] - delay: Delayed 4 second(s)

2018-12-11 15:29:29 - [MESSAGE][PASSED] - Delayed 4 second(s)

2018-12-11 15:29:29 - [TEST_STEP][PASSED] - click: Object: 'Object Repository/Final Object Repo/New Registration - Registration Module Pages/New Reg - OTC to RO/Special Case - OTC - Form 1/Registered with SSM - After Feb 2017' is clicked on

2018-12-11 15:29:33 - [MESSAGE][PASSED] - Object: 'Object Repository/Final Object Repo/New Registration - Registration Module Pages/New Reg - OTC to RO/Special Case - OTC - Form 1/Registered with SSM - After Feb 2017' is clicked on

2018-12-11 15:29:33 - [TEST_STEP][PASSED] - delay: Delayed 2 second(s)

2018-12-11 15:29:35 - [MESSAGE][PASSED] - Delayed 2 second(s)

2018-12-11 15:29:35 - [TEST_STEP][PASSED] - click: Object: 'Object Repository/Final Object Repo/New Registration - Registration Module Pages/Form 1/Registered As a Branch - Yes' is clicked on

2018-12-11 15:29:35 - [MESSAGE][PASSED] - Object: 'Object Repository/Final Object Repo/New Registration - Registration Module Pages/Form 1/Registered As a Branch - Yes' is clicked on

2018-12-11 15:29:35 - [TEST_STEP][PASSED] - click: Object: 'Object Repository/Final Object Repo/New Registration - Registration Module Pages/New Reg - OTC to RO/Special Case - OTC - Form 1/Acknowledgement Ticked' is clicked on

2018-12-11 15:29:35 - [MESSAGE][PASSED] - Object: 'Object Repository/Final Object Repo/New Registration - Registration Module Pages/New Reg - OTC to RO/Special Case - OTC - Form 1/Acknowledgement Ticked' is clicked on

2018-12-11 15:29:35 - [TEST_STEP][PASSED] - setText: Text 'perkeso878438219087@gmail.com' is set on object 'Object Repository/Final Object Repo/New Registration - Registration Module Pages/Form 1/Email'

2018-12-11 15:29:36 - [MESSAGE][PASSED] - Text 'perkeso878438219087@gmail.com' is set on object 'Object Repository/Final Object Repo/New Registration - Registration Module Pages/Form 1/Email'

2018-12-11 15:29:36 - [TEST_STEP][PASSED] - click: Object: 'Object Repository/Final Object Repo/New Registration - Registration Module Pages/New Reg - OTC to RO/Special Case - OTC - Form 1/Submit Button' is clicked on

2018-12-11 15:29:36 - [MESSAGE][PASSED] - Object: 'Object Repository/Final Object Repo/New Registration - Registration Module Pages/New Reg - OTC to RO/Special Case - OTC - Form 1/Submit Button' is clicked on

2018-12-11 15:29:36 - [TEST_STEP][PASSED] - callTestCase: Call Test Case 'Test Cases/Final Aug 2018 - PKS Automation/Registration Module/New Registration/Form 2/Add 1 Eligible - Employer Account Use' successfully

2018-12-11 15:29:37 - [TEST_CASE][PASSED] - Test Cases/Final Aug 2018 - PKS Automation/Registration Module/New Registration/Form 2/Add 1 Eligible - Employer Account Use: Test Cases/Final Aug 2018 - PKS Automation/Registration Module/New Registration/Form 2/Add 1 Eligible - Employer Account Use

2018-12-11 15:29:37 - [TEST_STEP][PASSED] - delay: Delayed 2 second(s)

2018-12-11 15:29:39 - [MESSAGE][PASSED] - Delayed 2 second(s)

2018-12-11 15:29:39 - [TEST_STEP][PASSED] - callTestCase: Call Test Case 'Test Cases/Final Aug 2018 - PKS Automation/Registration Module/New Registration/Form 2/Date Updater' successfully

2018-12-11 15:29:39 - [TEST_CASE][PASSED] - Test Cases/Final Aug 2018 - PKS Automation/Registration Module/New Registration/Form 2/Date Updater: Test Cases/Final Aug 2018 - PKS Automation/Registration Module/New Registration/Form 2/Date Updater

2018-12-11 15:29:39 - [TEST_STEP][PASSED] - Statement - TodayDate = new java.util.Date(): null

2018-12-11 15:29:39 - [TEST_STEP][PASSED] - Statement - CurrentDateNoFilter = new java.text.SimpleDateFormat(): null

2018-12-11 15:29:39 - [TEST_STEP][PASSED] - Statement - CurrentDateNoFilter.applyPattern("MM"): null

2018-12-11 15:29:39 - [TEST_STEP][PASSED] - Statement - monthContainerMatcher = java.lang.Integer.parseInt(CurrentDateNoFilter.format(TodayDate)): null

2018-12-11 15:29:39 - [TEST_STEP][PASSED] - Statement - monthContainerMatcher = monthContainerMatcher - 1: null

2018-12-11 15:29:39 - [TEST_STEP][PASSED] - Statement - CurrentMonth = monthContainerMatcher.toString(): null

2018-12-11 15:29:39 - [TEST_STEP][PASSED] - Statement - CurrentMonth = CurrentMonth: null

2018-12-11 15:29:39 - [TEST_STEP][PASSED] - Statement - CurrentDateNoFilter.applyPattern("yyyy"): null

2018-12-11 15:29:39 - [TEST_STEP][PASSED] - Statement - CurrentYear = CurrentDateNoFilter.format(TodayDate): null

2018-12-11 15:29:39 - [TEST_STEP][PASSED] - Statement - CurrentYear = CurrentYear: null

2018-12-11 15:29:39 - [TEST_STEP][PASSED] - Statement - intCurrentYear = java.lang.Integer.parseInt(CurrentDateNoFilter.format(TodayDate)): null

2018-12-11 15:29:39 - [TEST_STEP][PASSED] - Statement - eighteenYrsAgo = intCurrentYear - 18: null

2018-12-11 15:29:39 - [TEST_STEP][PASSED] - Statement - eighteenYrsBeforeThisYr = eighteenYrsAgo.toString(): null

2018-12-11 15:29:39 - [TEST_STEP][PASSED] - Statement - EighteenYrsBefore = eighteenYrsBeforeThisYr: null

2018-12-11 15:29:39 - [TEST_STEP][PASSED] - Statement - fiftysevenYrsAgo = intCurrentYear - 57: null

2018-12-11 15:29:39 - [TEST_STEP][PASSED] - Statement - fiftysevenYrsBeforeThisYr = fiftysevenYrsAgo.toString(): null

2018-12-11 15:29:39 - [TEST_STEP][PASSED] - Statement - FiftysevenYrsBefore = fiftysevenYrsBeforeThisYr: null

2018-12-11 15:29:39 - [TEST_STEP][PASSED] - Statement - leapYear = false: null

2018-12-11 15:29:39 - [TEST_STEP][PASSED] - Statement - leapYear = intCurrentYear % 4 == 0: null

2018-12-11 15:29:39 - [TEST_STEP][PASSED] - Statement - CurrentDateNoFilter.applyPattern("dd"): null

2018-12-11 15:29:39 - [TEST_STEP][PASSED] - Statement - CurrentDate = CurrentDateNoFilter.format(TodayDate): null

2018-12-11 15:29:39 - [TEST_STEP][PASSED] - Statement - CurrentDate = java.lang.Integer.parseInt(CurrentDate): null

2018-12-11 15:29:39 - [TEST_STEP][PASSED] - Statement - CurrentDate = CurrentDate: null

2018-12-11 15:29:39 - [TEST_STEP][PASSED] - Statement - CurrentDay = java.lang.Integer.parseInt(CurrentDate): null

2018-12-11 15:29:39 - [TEST_STEP][PASSED] - Statement - ConfAdder = <not implemented yet for class: org.codehaus.groovy.ast.expr.EmptyExpression>: null

2018-12-11 15:29:39 - [TEST_STEP][PASSED] - Statement - out.println(CurrentMonth): null

2018-12-11 15:29:39 - [TEST_STEP][PASSED] - Statement - out.println(CurrentDate): null

2018-12-11 15:29:39 - [TEST_STEP][PASSED] - Statement - switch (CurrentDate): null

2018-12-11 15:29:39 - [TEST_STEP][PASSED] - Statement - Default: null

2018-12-11 15:29:39 - [TEST_STEP][PASSED] - Statement - ConfAdder = true: null

2018-12-11 15:29:39 - [TEST_STEP][PASSED] - Statement - Break: null

2018-12-11 15:29:39 - [TEST_STEP][PASSED] - Statement - aDayBefore = <not implemented yet for class: org.codehaus.groovy.ast.expr.EmptyExpression>: null

2018-12-11 15:29:39 - [TEST_STEP][PASSED] - Statement - out.println(ConfAdder): null

2018-12-11 15:29:39 - [TEST_STEP][PASSED] - Statement - If (ConfAdder == true): null

2018-12-11 15:29:39 - [TEST_STEP][PASSED] - Statement - aDayBefore = CurrentDay + 1: null

2018-12-11 15:29:39 - [TEST_STEP][PASSED] - Statement - out.println(aDayBefore): null

2018-12-11 15:29:39 - [TEST_STEP][PASSED] - Statement - If (aDayBefore == 1 && CurrentMonth == 11): null

2018-12-11 15:29:39 - [TEST_STEP][PASSED] - Statement - DayBefore = aDayBefore.toString(): null

2018-12-11 15:29:39 - [TEST_STEP][PASSED] - Statement - OneDayBefore = DayBefore: null

2018-12-11 15:29:39 - [MESSAGE][PASSED] - Call Test Case 'Test Cases/Final Aug 2018 - PKS Automation/Registration Module/New Registration/Form 2/Date Updater' successfully

2018-12-11 15:29:39 - [TEST_STEP][PASSED] - delay: Delayed 1 second(s)

2018-12-11 15:29:40 - [MESSAGE][PASSED] - Delayed 1 second(s)

2018-12-11 15:29:40 - [TEST_STEP][PASSED] - Statement - CaseReferenceNo = com.kms.katalon.core.webui.keyword.WebUiBuiltInKeywords.getText(com.kms.katalon.core.testobject.ObjectRepository.findTestObject(Final Object Repo/New Registration - Registration Module Pages/Form 2/RefNo Acquiring)): Text of object 'Object Repository/Final Object Repo/New Registration - Registration Module Pages/Form 2/RefNo Acquiring' is: 'CRN12201800123179'

2018-12-11 15:29:40 - [MESSAGE][PASSED] - Text of object 'Object Repository/Final Object Repo/New Registration - Registration Module Pages/Form 2/RefNo Acquiring' is: 'CRN12201800123179'

2018-12-11 15:29:40 - [TEST_STEP][PASSED] - delay: Delayed 1 second(s)

2018-12-11 15:29:41 - [MESSAGE][PASSED] - Delayed 1 second(s)

2018-12-11 15:29:41 - [TEST_STEP][PASSED] - click: Object: 'Object Repository/Final Object Repo/New Registration - Registration Module Pages/Form 2/Add Employee Button' is clicked on

2018-12-11 15:29:41 - [MESSAGE][PASSED] - Object: 'Object Repository/Final Object Repo/New Registration - Registration Module Pages/Form 2/Add Employee Button' is clicked on

2018-12-11 15:29:41 - [TEST_STEP][PASSED] - delay: Delayed 1 second(s)

2018-12-11 15:29:42 - [MESSAGE][PASSED] - Delayed 1 second(s)

2018-12-11 15:29:42 - [TEST_STEP][PASSED] - setText: Text '010903091948' is set on object 'Object Repository/Final Object Repo/New Registration - Registration Module Pages/Form 2/NRIC Input'

2018-12-11 15:29:44 - [MESSAGE][PASSED] - Text '010903091948' is set on object 'Object Repository/Final Object Repo/New Registration - Registration Module Pages/Form 2/NRIC Input'

2018-12-11 15:29:44 - [TEST_STEP][PASSED] - delay: Delayed 2 second(s)

2018-12-11 15:29:46 - [MESSAGE][PASSED] - Delayed 2 second(s)

2018-12-11 15:29:46 - [TEST_STEP][PASSED] - setText: Text 'Automate001 eligible 1' is set on object 'Object Repository/Final Object Repo/New Registration - Registration Module Pages/Form 2/Employee Name Input'

2018-12-11 15:29:47 - [MESSAGE][PASSED] - Text 'Automate001 eligible 1' is set on object 'Object Repository/Final Object Repo/New Registration - Registration Module Pages/Form 2/Employee Name Input'

2018-12-11 15:29:47 - [TEST_STEP][PASSED] - delay: Delayed 2 second(s)

2018-12-11 15:29:49 - [MESSAGE][PASSED] - Delayed 2 second(s)

2018-12-11 15:29:49 - [TEST_STEP][PASSED] - click: Object: 'Object Repository/Final Object Repo/New Registration - Registration Module Pages/Form 2/DatePicker Pop Up' is clicked on

2018-12-11 15:29:49 - [MESSAGE][PASSED] - Object: 'Object Repository/Final Object Repo/New Registration - Registration Module Pages/Form 2/DatePicker Pop Up' is clicked on

2018-12-11 15:29:49 - [TEST_STEP][PASSED] - click: Object: 'Object Repository/Final Object Repo/New Registration - Registration Module Pages/Form 2/DOB Month' is clicked on

2018-12-11 15:29:49 - [MESSAGE][PASSED] - Object: 'Object Repository/Final Object Repo/New Registration - Registration Module Pages/Form 2/DOB Month' is clicked on

2018-12-11 15:29:49 - [TEST_STEP][PASSED] - Statement - CurrentMonth = CurrentMonth: null

2018-12-11 15:29:49 - [TEST_STEP][PASSED] - Statement - selectMonth = new com.kms.katalon.core.testobject.TestObject(): null

2018-12-11 15:29:49 - [TEST_STEP][PASSED] - Statement - selectMonth.addProperty("xpath", EQUALS, "//body/div/div/div/select/option[@value='" + CurrentMonth + "']", true): null

2018-12-11 15:29:49 - [TEST_STEP][PASSED] - click: Object: '' is clicked on

2018-12-11 15:29:50 - [MESSAGE][PASSED] - Object: '' is clicked on

2018-12-11 15:29:50 - [TEST_STEP][PASSED] - click: Object: 'Object Repository/Final Object Repo/New Registration - Registration Module Pages/Form 2/DOB Year' is clicked on

2018-12-11 15:29:50 - [MESSAGE][PASSED] - Object: 'Object Repository/Final Object Repo/New Registration - Registration Module Pages/Form 2/DOB Year' is clicked on

2018-12-11 15:29:50 - [TEST_STEP][PASSED] - Statement - Eyearsbf = EighteenYrsBefore: null

2018-12-11 15:29:50 - [TEST_STEP][PASSED] - Statement - selectYear = new com.kms.katalon.core.testobject.TestObject(): null

2018-12-11 15:29:50 - [TEST_STEP][PASSED] - Statement - selectYear.addProperty("xpath", EQUALS, "//div/div/div/select/option[@value='" + Eyearsbf + "']", true): null

2018-12-11 15:29:50 - [TEST_STEP][PASSED] - click: Object: '' is clicked on

2018-12-11 15:29:50 - [MESSAGE][PASSED] - Object: '' is clicked on

2018-12-11 15:29:50 - [TEST_STEP][PASSED] - Statement - UpdatedSelectDate = com.kms.katalon.core.webui.keyword.WebUiBuiltInKeywords.modifyObjectProperty(com.kms.katalon.core.testobject.ObjectRepository.findTestObject(Final Object Repo/New Registration - Registration Module Pages/Form 2/DOB Date), "xpath", "equals", "//body/div/table/tbody/tr/td/a[text()="" + CurrentDate + ""]", true): Modify property of object successfully

2018-12-11 15:29:50 - [MESSAGE][PASSED] - Modify property of object successfully

2018-12-11 15:29:50 - [TEST_STEP][PASSED] - delay: Delayed 3 second(s)

2018-12-11 15:29:53 - [MESSAGE][PASSED] - Delayed 3 second(s)

2018-12-11 15:29:53 - [TEST_STEP][PASSED] - click: Object: 'Object Repository/Final Object Repo/New Registration - Registration Module Pages/Form 2/DOB Date' is clicked on

2018-12-11 15:29:53 - [MESSAGE][PASSED] - Object: 'Object Repository/Final Object Repo/New Registration - Registration Module Pages/Form 2/DOB Date' is clicked on

2018-12-11 15:29:53 - [TEST_STEP][PASSED] - delay: Delayed 2 second(s)

2018-12-11 15:29:55 - [MESSAGE][PASSED] - Delayed 2 second(s)

2018-12-11 15:29:55 - [TEST_STEP][PASSED] - click: Object: 'Object Repository/Final Object Repo/New Registration - Registration Module Pages/Form 2/EmploymentStartDate Pop Up' is clicked on

2018-12-11 15:29:55 - [MESSAGE][PASSED] - Object: 'Object Repository/Final Object Repo/New Registration - Registration Module Pages/Form 2/EmploymentStartDate Pop Up' is clicked on

2018-12-11 15:29:55 - [TEST_STEP][PASSED] - delay: Delayed 2 second(s)

2018-12-11 15:29:57 - [MESSAGE][PASSED] - Delayed 2 second(s)

2018-12-11 15:29:57 - [TEST_STEP][PASSED] - click: Object: 'Object Repository/Final Object Repo/New Registration - Registration Module Pages/Form 2/Socso Employment StartDate Month' is clicked on

2018-12-11 15:29:57 - [MESSAGE][PASSED] - Object: 'Object Repository/Final Object Repo/New Registration - Registration Module Pages/Form 2/Socso Employment StartDate Month' is clicked on

2018-12-11 15:29:57 - [TEST_STEP][PASSED] - delay: Delayed 1 second(s)

2018-12-11 15:29:58 - [MESSAGE][PASSED] - Delayed 1 second(s)

2018-12-11 15:29:58 - [TEST_STEP][PASSED] - click: Object: 'Object Repository/Final Object Repo/New Registration - Registration Module Pages/Form 2/Select Socso Employement Startdate Month' is clicked on

2018-12-11 15:29:59 - [MESSAGE][PASSED] - Object: 'Object Repository/Final Object Repo/New Registration - Registration Module Pages/Form 2/Select Socso Employement Startdate Month' is clicked on

2018-12-11 15:29:59 - [TEST_STEP][PASSED] - delay: Delayed 2 second(s)

2018-12-11 15:30:01 - [MESSAGE][PASSED] - Delayed 2 second(s)

2018-12-11 15:30:01 - [TEST_STEP][PASSED] - click: Object: 'Object Repository/Final Object Repo/New Registration - Registration Module Pages/Form 2/Socso Employment StartDate Year' is clicked on

2018-12-11 15:30:01 - [MESSAGE][PASSED] - Object: 'Object Repository/Final Object Repo/New Registration - Registration Module Pages/Form 2/Socso Employment StartDate Year' is clicked on

2018-12-11 15:30:01 - [TEST_STEP][PASSED] - delay: Delayed 1 second(s)

2018-12-11 15:30:02 - [MESSAGE][PASSED] - Delayed 1 second(s)

2018-12-11 15:30:02 - [TEST_STEP][PASSED] - click: Object: 'Object Repository/Final Object Repo/New Registration - Registration Module Pages/Form 2/Select Socso Employment Startdate Year' is clicked on

2018-12-11 15:30:02 - [MESSAGE][PASSED] - Object: 'Object Repository/Final Object Repo/New Registration - Registration Module Pages/Form 2/Select Socso Employment Startdate Year' is clicked on

2018-12-11 15:30:02 - [TEST_STEP][PASSED] - delay: Delayed 2 second(s)

2018-12-11 15:30:04 - [MESSAGE][PASSED] - Delayed 2 second(s)

2018-12-11 15:30:04 - [TEST_STEP][PASSED] - click: Object: 'Object Repository/Final Object Repo/New Registration - Registration Module Pages/Form 2/Socso Employment Start Date Day' is clicked on

2018-12-11 15:30:04 - [MESSAGE][PASSED] - Object: 'Object Repository/Final Object Repo/New Registration - Registration Module Pages/Form 2/Socso Employment Start Date Day' is clicked on

2018-12-11 15:30:04 - [TEST_STEP][PASSED] - delay: Delayed 2 second(s)

2018-12-11 15:30:06 - [MESSAGE][PASSED] - Delayed 2 second(s)

2018-12-11 15:30:06 - [TEST_STEP][PASSED] - click: Object: 'Object Repository/Final Object Repo/New Registration - Registration Module Pages/Form 2/Save Button for Add Employee' is clicked on

2018-12-11 15:30:06 - [MESSAGE][PASSED] - Object: 'Object Repository/Final Object Repo/New Registration - Registration Module Pages/Form 2/Save Button for Add Employee' is clicked on

2018-12-11 15:30:06 - [TEST_STEP][PASSED] - delay: Delayed 6 second(s)

2018-12-11 15:30:12 - [MESSAGE][PASSED] - Delayed 6 second(s)

2018-12-11 15:30:12 - [TEST_STEP][PASSED] - click: Object: 'Object Repository/Final Object Repo/New Registration - Registration Module Pages/Form 2/Save and Continue Form 2' is clicked on

2018-12-11 15:30:13 - [MESSAGE][PASSED] - Object: 'Object Repository/Final Object Repo/New Registration - Registration Module Pages/Form 2/Save and Continue Form 2' is clicked on

2018-12-11 15:30:13 - [MESSAGE][PASSED] - Call Test Case 'Test Cases/Final Aug 2018 - PKS Automation/Registration Module/New Registration/Form 2/Add 1 Eligible - Employer Account Use' successfully

2018-12-11 15:30:13 - [TEST_STEP][PASSED] - callTestCase: Call Test Case 'Test Cases/Final Aug 2018 - PKS Automation/Registration Module/New Registration/Flow of New Registration/Third Screen - Upload Supporting Doc - Preview' successfully

2018-12-11 15:30:13 - [TEST_CASE][PASSED] - Test Cases/Final Aug 2018 - PKS Automation/Registration Module/New Registration/Flow of New Registration/Third Screen - Upload Supporting Doc - Preview: Test Cases/Final Aug 2018 - PKS Automation/Registration Module/New Registration/Flow of New Registration/Third Screen - Upload Supporting Doc - Preview

2018-12-11 15:30:13 - [TEST_STEP][PASSED] - waitForPageLoad: Wait for page load successfully

2018-12-11 15:30:15 - [MESSAGE][PASSED] - Wait for page load successfully

2018-12-11 15:30:15 - [TEST_STEP][PASSED] - Statement - CaseReferenceNo = com.kms.katalon.core.webui.keyword.WebUiBuiltInKeywords.getText(com.kms.katalon.core.testobject.ObjectRepository.findTestObject(Final Object Repo/New Registration - Registration Module Pages/Third Screen - Upload Supporting Doc- Preview/RefNo Acquiring)): Text of object 'Object Repository/Final Object Repo/New Registration - Registration Module Pages/Third Screen - Upload Supporting Doc- Preview/RefNo Acquiring' is: 'CRN12201800123179'

2018-12-11 15:30:17 - [MESSAGE][PASSED] - Text of object 'Object Repository/Final Object Repo/New Registration - Registration Module Pages/Third Screen - Upload Supporting Doc- Preview/RefNo Acquiring' is: 'CRN12201800123179'

2018-12-11 15:30:17 - [TEST_STEP][PASSED] - delay: Delayed 2 second(s)

2018-12-11 15:30:19 - [MESSAGE][PASSED] - Delayed 2 second(s)

2018-12-11 15:30:19 - [TEST_STEP][PASSED] - callTestCase: Call Test Case 'Test Cases/Final Aug 2018 - PKS Automation/Common/Reference Number Setter' successfully

2018-12-11 15:30:19 - [TEST_CASE][PASSED] - Test Cases/Final Aug 2018 - PKS Automation/Common/Reference Number Setter: Test Cases/Final Aug 2018 - PKS Automation/Common/Reference Number Setter

2018-12-11 15:30:19 - [TEST_STEP][PASSED] - Statement - RefNoOldFile = new java.io.File(C://Users//Admin//Desktop//PKS//Automation Reference Point//KatalonReference.txt): null

2018-12-11 15:30:19 - [TEST_STEP][PASSED] - Statement - RefNoOldFile.delete(): null

2018-12-11 15:30:19 - [TEST_STEP][PASSED] - delay: Delayed 5 second(s)

2018-12-11 15:30:24 - [MESSAGE][PASSED] - Delayed 5 second(s)

2018-12-11 15:30:24 - [TEST_STEP][PASSED] - Statement - RefNo = new java.io.File(C://Users//Admin//Desktop//PKS//Automation Reference Point//KatalonReference.txt): null

2018-12-11 15:30:24 - [TEST_STEP][PASSED] - Statement - f2 = new java.io.FileWriter(RefNo, false): null

2018-12-11 15:30:24 - [TEST_STEP][PASSED] - Statement - f2.write(CaseReferenceNo): null

2018-12-11 15:30:24 - [TEST_STEP][PASSED] - Statement - f2.close(): null

2018-12-11 15:30:24 - [TEST_STEP][PASSED] - Statement - out.println("


" + CaseReferenceNo + "


"): null

2018-12-11 15:30:24 - [MESSAGE][PASSED] - Call Test Case 'Test Cases/Final Aug 2018 - PKS Automation/Common/Reference Number Setter' successfully

2018-12-11 15:30:24 - [TEST_STEP][PASSED] - waitForElementClickable: Object 'Object Repository/Final Object Repo/New Registration - Registration Module Pages/Third Screen - Upload Supporting Doc- Preview/Save n Continue in SIP Employee Listing Page' is clickable

2018-12-11 15:30:24 - [MESSAGE][PASSED] - Object 'Object Repository/Final Object Repo/New Registration - Registration Module Pages/Third Screen - Upload Supporting Doc- Preview/Save n Continue in SIP Employee Listing Page' is clickable

2018-12-11 15:30:24 - [TEST_STEP][PASSED] - click: Object: 'Object Repository/Final Object Repo/New Registration - Registration Module Pages/Third Screen - Upload Supporting Doc- Preview/Save n Continue in SIP Employee Listing Page' is clicked on

2018-12-11 15:30:30 - [MESSAGE][PASSED] - Object: 'Object Repository/Final Object Repo/New Registration - Registration Module Pages/Third Screen - Upload Supporting Doc- Preview/Save n Continue in SIP Employee Listing Page' is clicked on

2018-12-11 15:30:30 - [TEST_STEP][PASSED] - delay: Delayed 7 second(s)

2018-12-11 15:30:37 - [MESSAGE][PASSED] - Delayed 7 second(s)

2018-12-11 15:30:37 - [TEST_STEP][PASSED] - click: Object: 'Object Repository/Final Object Repo/New Registration - Registration Module Pages/Third Screen - Upload Supporting Doc- Preview/Add Document Button' is clicked on

2018-12-11 15:30:38 - [MESSAGE][PASSED] - Object: 'Object Repository/Final Object Repo/New Registration - Registration Module Pages/Third Screen - Upload Supporting Doc- Preview/Add Document Button' is clicked on

2018-12-11 15:30:38 - [TEST_STEP][PASSED] - delay: Delayed 30 second(s)

2018-12-11 15:31:08 - [MESSAGE][PASSED] - Delayed 30 second(s)

2018-12-11 15:31:08 - [TEST_STEP][PASSED] - click: Object: 'Object Repository/Final Object Repo/New Registration - Registration Module Pages/Third Screen - Upload Supporting Doc- Preview/Supporting Doc Please Select Drop Down' is clicked on

2018-12-11 15:31:08 - [MESSAGE][PASSED] - Object: 'Object Repository/Final Object Repo/New Registration - Registration Module Pages/Third Screen - Upload Supporting Doc- Preview/Supporting Doc Please Select Drop Down' is clicked on

2018-12-11 15:31:08 - [TEST_STEP][PASSED] - delay: Delayed 2 second(s)

2018-12-11 15:31:10 - [MESSAGE][PASSED] - Delayed 2 second(s)

2018-12-11 15:31:10 - [TEST_STEP][PASSED] - click: Object: 'Object Repository/Final Object Repo/New Registration - Registration Module Pages/Third Screen - Upload Supporting Doc- Preview/Select to Upload Form 1' is clicked on

2018-12-11 15:31:10 - [MESSAGE][PASSED] - Object: 'Object Repository/Final Object Repo/New Registration - Registration Module Pages/Third Screen - Upload Supporting Doc- Preview/Select to Upload Form 1' is clicked on

2018-12-11 15:31:10 - [TEST_STEP][PASSED] - delay: Delayed 2 second(s)

2018-12-11 15:31:12 - [MESSAGE][PASSED] - Delayed 2 second(s)

2018-12-11 15:31:12 - [TEST_STEP][PASSED] - uploadFile: File 'C:\Users\Public\Pictures\Sample Pictures\Koala.jpg' sent to object: 'Object Repository/Final Object Repo/New Registration - Registration Module Pages/Third Screen - Upload Supporting Doc- Preview/Upload File Adding'

2018-12-11 15:31:12 - [MESSAGE][PASSED] - File 'C:\Users\Public\Pictures\Sample Pictures\Koala.jpg' sent to object: 'Object Repository/Final Object Repo/New Registration - Registration Module Pages/Third Screen - Upload Supporting Doc- Preview/Upload File Adding'

2018-12-11 15:31:12 - [TEST_STEP][PASSED] - delay: Delayed 5 second(s)

2018-12-11 15:31:17 - [MESSAGE][PASSED] - Delayed 5 second(s)

2018-12-11 15:31:17 - [TEST_STEP][PASSED] - click: Object: 'Object Repository/Final Object Repo/New Registration - Registration Module Pages/Third Screen - Upload Supporting Doc- Preview/Inner Form Add Document Button' is clicked on

2018-12-11 15:31:17 - [MESSAGE][PASSED] - Object: 'Object Repository/Final Object Repo/New Registration - Registration Module Pages/Third Screen - Upload Supporting Doc- Preview/Inner Form Add Document Button' is clicked on

2018-12-11 15:31:17 - [TEST_STEP][PASSED] - delay: Delayed 3 second(s)

2018-12-11 15:31:20 - [MESSAGE][PASSED] - Delayed 3 second(s)

2018-12-11 15:31:20 - [TEST_STEP][PASSED] - click: Object: 'Object Repository/Final Object Repo/New Registration - Registration Module Pages/Third Screen - Upload Supporting Doc- Preview/Add Document Button' is clicked on

2018-12-11 15:31:22 - [MESSAGE][PASSED] - Object: 'Object Repository/Final Object Repo/New Registration - Registration Module Pages/Third Screen - Upload Supporting Doc- Preview/Add Document Button' is clicked on

2018-12-11 15:31:22 - [TEST_STEP][PASSED] - delay: Delayed 30 second(s)

2018-12-11 15:31:52 - [MESSAGE][PASSED] - Delayed 30 second(s)

2018-12-11 15:31:52 - [TEST_STEP][PASSED] - click: Object: 'Object Repository/Final Object Repo/New Registration - Registration Module Pages/Third Screen - Upload Supporting Doc- Preview/Supporting Doc Please Select Drop Down' is clicked on

2018-12-11 15:31:52 - [MESSAGE][PASSED] - Object: 'Object Repository/Final Object Repo/New Registration - Registration Module Pages/Third Screen - Upload Supporting Doc- Preview/Supporting Doc Please Select Drop Down' is clicked on

2018-12-11 15:31:52 - [TEST_STEP][PASSED] - delay: Delayed 4 second(s)

2018-12-11 15:31:56 - [MESSAGE][PASSED] - Delayed 4 second(s)

2018-12-11 15:31:56 - [TEST_STEP][PASSED] - click: Object: 'Object Repository/Final Object Repo/New Registration - Registration Module Pages/Third Screen - Upload Supporting Doc- Preview/Select to Upload Form 2' is clicked on

2018-12-11 15:31:56 - [MESSAGE][PASSED] - Object: 'Object Repository/Final Object Repo/New Registration - Registration Module Pages/Third Screen - Upload Supporting Doc- Preview/Select to Upload Form 2' is clicked on

2018-12-11 15:31:56 - [TEST_STEP][PASSED] - delay: Delayed 2 second(s)

2018-12-11 15:31:58 - [MESSAGE][PASSED] - Delayed 2 second(s)

2018-12-11 15:31:58 - [TEST_STEP][PASSED] - uploadFile: File 'C:\Users\Public\Pictures\Sample Pictures\Koala.jpg' sent to object: 'Object Repository/Final Object Repo/New Registration - Registration Module Pages/Third Screen - Upload Supporting Doc- Preview/Upload File Adding'

2018-12-11 15:31:58 - [MESSAGE][PASSED] - File 'C:\Users\Public\Pictures\Sample Pictures\Koala.jpg' sent to object: 'Object Repository/Final Object Repo/New Registration - Registration Module Pages/Third Screen - Upload Supporting Doc- Preview/Upload File Adding'

2018-12-11 15:31:58 - [TEST_STEP][PASSED] - click: Object: 'Object Repository/Final Object Repo/New Registration - Registration Module Pages/Third Screen - Upload Supporting Doc- Preview/Inner Form Add Document Button' is clicked on

2018-12-11 15:31:58 - [MESSAGE][PASSED] - Object: 'Object Repository/Final Object Repo/New Registration - Registration Module Pages/Third Screen - Upload Supporting Doc- Preview/Inner Form Add Document Button' is clicked on

2018-12-11 15:31:58 - [TEST_STEP][PASSED] - delay: Delayed 5 second(s)

2018-12-11 15:32:03 - [MESSAGE][PASSED] - Delayed 5 second(s)

2018-12-11 15:32:03 - [TEST_STEP][PASSED] - click: Object: 'Object Repository/Final Object Repo/New Registration - Registration Module Pages/Third Screen - Upload Supporting Doc- Preview/Add Document Button' is clicked on

2018-12-11 15:32:04 - [MESSAGE][PASSED] - Object: 'Object Repository/Final Object Repo/New Registration - Registration Module Pages/Third Screen - Upload Supporting Doc- Preview/Add Document Button' is clicked on

2018-12-11 15:32:04 - [TEST_STEP][PASSED] - delay: Delayed 30 second(s)

2018-12-11 15:32:34 - [MESSAGE][PASSED] - Delayed 30 second(s)

2018-12-11 15:32:34 - [TEST_STEP][PASSED] - click: Object: 'Object Repository/Final Object Repo/New Registration - Registration Module Pages/Third Screen - Upload Supporting Doc- Preview/Supporting Doc Please Select Drop Down' is clicked on

2018-12-11 15:32:34 - [MESSAGE][PASSED] - Object: 'Object Repository/Final Object Repo/New Registration - Registration Module Pages/Third Screen - Upload Supporting Doc- Preview/Supporting Doc Please Select Drop Down' is clicked on

2018-12-11 15:32:34 - [TEST_STEP][PASSED] - click: Object: 'Object Repository/Final Object Repo/New Registration - Registration Module Pages/Third Screen - Upload Supporting Doc- Preview/Select to Upload Borang SIP 1' is clicked on

2018-12-11 15:32:34 - [MESSAGE][PASSED] - Object: 'Object Repository/Final Object Repo/New Registration - Registration Module Pages/Third Screen - Upload Supporting Doc- Preview/Select to Upload Borang SIP 1' is clicked on

2018-12-11 15:32:34 - [TEST_STEP][PASSED] - delay: Delayed 2 second(s)

2018-12-11 15:32:36 - [MESSAGE][PASSED] - Delayed 2 second(s)

2018-12-11 15:32:36 - [TEST_STEP][PASSED] - uploadFile: File 'C:\Users\Public\Pictures\Sample Pictures\Koala.jpg' sent to object: 'Object Repository/Final Object Repo/New Registration - Registration Module Pages/Third Screen - Upload Supporting Doc- Preview/Upload File Adding'

2018-12-11 15:32:36 - [MESSAGE][PASSED] - File 'C:\Users\Public\Pictures\Sample Pictures\Koala.jpg' sent to object: 'Object Repository/Final Object Repo/New Registration - Registration Module Pages/Third Screen - Upload Supporting Doc- Preview/Upload File Adding'

2018-12-11 15:32:36 - [TEST_STEP][PASSED] - click: Object: 'Object Repository/Final Object Repo/New Registration - Registration Module Pages/Third Screen - Upload Supporting Doc- Preview/Inner Form Add Document Button' is clicked on

2018-12-11 15:32:36 - [MESSAGE][PASSED] - Object: 'Object Repository/Final Object Repo/New Registration - Registration Module Pages/Third Screen - Upload Supporting Doc- Preview/Inner Form Add Document Button' is clicked on

2018-12-11 15:32:36 - [TEST_STEP][PASSED] - delay: Delayed 5 second(s)

2018-12-11 15:32:41 - [MESSAGE][PASSED] - Delayed 5 second(s)

2018-12-11 15:32:41 - [TEST_STEP][PASSED] - click: Object: 'Object Repository/Final Object Repo/New Registration - Registration Module Pages/Third Screen - Upload Supporting Doc- Preview/Add Document Button' is clicked on

2018-12-11 15:32:42 - [MESSAGE][PASSED] - Object: 'Object Repository/Final Object Repo/New Registration - Registration Module Pages/Third Screen - Upload Supporting Doc- Preview/Add Document Button' is clicked on

2018-12-11 15:32:42 - [TEST_STEP][PASSED] - delay: Delayed 30 second(s)

2018-12-11 15:33:12 - [MESSAGE][PASSED] - Delayed 30 second(s)

2018-12-11 15:33:12 - [TEST_STEP][PASSED] - click: Object: 'Object Repository/Final Object Repo/New Registration - Registration Module Pages/Third Screen - Upload Supporting Doc- Preview/Supporting Doc Please Select Drop Down' is clicked on

2018-12-11 15:33:12 - [MESSAGE][PASSED] - Object: 'Object Repository/Final Object Repo/New Registration - Registration Module Pages/Third Screen - Upload Supporting Doc- Preview/Supporting Doc Please Select Drop Down' is clicked on

2018-12-11 15:33:12 - [TEST_STEP][PASSED] - delay: Delayed 3 second(s)

2018-12-11 15:33:15 - [MESSAGE][PASSED] - Delayed 3 second(s)

2018-12-11 15:33:15 - [TEST_STEP][PASSED] - click: Object: 'Object Repository/Final Object Repo/New Registration - Registration Module Pages/Third Screen - Upload Supporting Doc- Preview/Select to Upload Borang SIP 2' is clicked on

2018-12-11 15:33:15 - [MESSAGE][PASSED] - Object: 'Object Repository/Final Object Repo/New Registration - Registration Module Pages/Third Screen - Upload Supporting Doc- Preview/Select to Upload Borang SIP 2' is clicked on

2018-12-11 15:33:15 - [TEST_STEP][PASSED] - delay: Delayed 2 second(s)

2018-12-11 15:33:17 - [MESSAGE][PASSED] - Delayed 2 second(s)

2018-12-11 15:33:17 - [TEST_STEP][PASSED] - uploadFile: File 'C:\Users\Public\Pictures\Sample Pictures\Koala.jpg' sent to object: 'Object Repository/Final Object Repo/New Registration - Registration Module Pages/Third Screen - Upload Supporting Doc- Preview/Upload File Adding'

2018-12-11 15:33:17 - [MESSAGE][PASSED] - File 'C:\Users\Public\Pictures\Sample Pictures\Koala.jpg' sent to object: 'Object Repository/Final Object Repo/New Registration - Registration Module Pages/Third Screen - Upload Supporting Doc- Preview/Upload File Adding'

2018-12-11 15:33:17 - [TEST_STEP][PASSED] - delay: Delayed 5 second(s)

2018-12-11 15:33:22 - [MESSAGE][PASSED] - Delayed 5 second(s)

2018-12-11 15:33:22 - [TEST_STEP][PASSED] - click: Object: 'Object Repository/Final Object Repo/New Registration - Registration Module Pages/Third Screen - Upload Supporting Doc- Preview/Inner Form Add Document Button' is clicked on

2018-12-11 15:33:22 - [MESSAGE][PASSED] - Object: 'Object Repository/Final Object Repo/New Registration - Registration Module Pages/Third Screen - Upload Supporting Doc- Preview/Inner Form Add Document Button' is clicked on

2018-12-11 15:33:22 - [TEST_STEP][PASSED] - delay: Delayed 3 second(s)

2018-12-11 15:33:25 - [MESSAGE][PASSED] - Delayed 3 second(s)

2018-12-11 15:33:25 - [TEST_STEP][PASSED] - waitForElementClickable: Object 'Object Repository/Final Object Repo/New Registration - Registration Module Pages/Third Screen - Upload Supporting Doc- Preview/Save n Continue in Uploading Supporting Doc Page' is clickable

2018-12-11 15:33:27 - [MESSAGE][PASSED] - Object 'Object Repository/Final Object Repo/New Registration - Registration Module Pages/Third Screen - Upload Supporting Doc- Preview/Save n Continue in Uploading Supporting Doc Page' is clickable

2018-12-11 15:33:27 - [TEST_STEP][PASSED] - click: Object: 'Object Repository/Final Object Repo/New Registration - Registration Module Pages/Third Screen - Upload Supporting Doc- Preview/Save n Continue in Uploading Supporting Doc Page' is clicked on

2018-12-11 15:33:27 - [MESSAGE][PASSED] - Object: 'Object Repository/Final Object Repo/New Registration - Registration Module Pages/Third Screen - Upload Supporting Doc- Preview/Save n Continue in Uploading Supporting Doc Page' is clicked on

2018-12-11 15:33:27 - [MESSAGE][PASSED] - Call Test Case 'Test Cases/Final Aug 2018 - PKS Automation/Registration Module/New Registration/Flow of New Registration/Third Screen - Upload Supporting Doc - Preview' successfully

2018-12-11 15:33:27 - [TEST_STEP][PASSED] - setText: Text 'Tester' is set on object 'Object Repository/Final Object Repo/New Registration - Registration Module Pages/New Reg - OTC to RO/Special Case - All Related Objects/Employer Preview Name'

2018-12-11 15:33:33 - [MESSAGE][PASSED] - Text 'Tester' is set on object 'Object Repository/Final Object Repo/New Registration - Registration Module Pages/New Reg - OTC to RO/Special Case - All Related Objects/Employer Preview Name'

2018-12-11 15:33:33 - [TEST_STEP][PASSED] - click: Object: 'Object Repository/Final Object Repo/New Registration - Registration Module Pages/New Reg - OTC to RO/Special Case - All Related Objects/IC Type Drop Down' is clicked on

2018-12-11 15:33:34 - [MESSAGE][PASSED] - Object: 'Object Repository/Final Object Repo/New Registration - Registration Module Pages/New Reg - OTC to RO/Special Case - All Related Objects/IC Type Drop Down' is clicked on

2018-12-11 15:33:34 - [TEST_STEP][PASSED] - click: Object: 'Object Repository/Final Object Repo/New Registration - Registration Module Pages/New Reg - OTC to RO/Special Case - All Related Objects/Select to NRIC' is clicked on

2018-12-11 15:33:35 - [MESSAGE][PASSED] - Object: 'Object Repository/Final Object Repo/New Registration - Registration Module Pages/New Reg - OTC to RO/Special Case - All Related Objects/Select to NRIC' is clicked on

2018-12-11 15:33:35 - [TEST_STEP][PASSED] - setText: Text '133245561223' is set on object 'Object Repository/Final Object Repo/New Registration - Registration Module Pages/New Reg - OTC to RO/Special Case - All Related Objects/IC Value'

2018-12-11 15:33:35 - [MESSAGE][PASSED] - Text '133245561223' is set on object 'Object Repository/Final Object Repo/New Registration - Registration Module Pages/New Reg - OTC to RO/Special Case - All Related Objects/IC Value'

2018-12-11 15:33:35 - [TEST_STEP][PASSED] - setText: Text 'Auto' is set on object 'Object Repository/Final Object Repo/New Registration - Registration Module Pages/New Reg - OTC to RO/Special Case - All Related Objects/Designation'

2018-12-11 15:33:35 - [MESSAGE][PASSED] - Text 'Auto' is set on object 'Object Repository/Final Object Repo/New Registration - Registration Module Pages/New Reg - OTC to RO/Special Case - All Related Objects/Designation'

2018-12-11 15:33:35 - [TEST_STEP][PASSED] - callTestCase: Call Test Case 'Test Cases/Final Aug 2018 - PKS Automation/Registration Module/New Registration/Submit and Screenshot/Submit Registration and Screenshot - Copy' successfully

2018-12-11 15:33:35 - [TEST_CASE][PASSED] - Test Cases/Final Aug 2018 - PKS Automation/Registration Module/New Registration/Submit and Screenshot/Submit Registration and Screenshot - Copy: Test Cases/Final Aug 2018 - PKS Automation/Registration Module/New Registration/Submit and Screenshot/Submit Registration and Screenshot - Copy

2018-12-11 15:33:36 - [TEST_STEP][PASSED] - delay: Delayed 6 second(s)

2018-12-11 15:33:42 - [MESSAGE][PASSED] - Delayed 6 second(s)

2018-12-11 15:33:42 - [TEST_STEP][PASSED] - click: Object: 'Object Repository/Final Object Repo/New Registration - Registration Module Pages/Third Screen - Upload Supporting Doc- Preview/Preview Submit Button' is clicked on

2018-12-11 15:33:42 - [MESSAGE][PASSED] - Object: 'Object Repository/Final Object Repo/New Registration - Registration Module Pages/Third Screen - Upload Supporting Doc- Preview/Preview Submit Button' is clicked on

2018-12-11 15:33:42 - [TEST_STEP][PASSED] - delay: Delayed 2 second(s)

2018-12-11 15:33:44 - [MESSAGE][PASSED] - Delayed 2 second(s)

2018-12-11 15:33:44 - [TEST_STEP][PASSED] - click: Object: 'Object Repository/Final Object Repo/New Registration - Registration Module Pages/Third Screen - Upload Supporting Doc- Preview/Preview Submit - Confirm' is clicked on

2018-12-11 15:33:44 - [MESSAGE][PASSED] - Object: 'Object Repository/Final Object Repo/New Registration - Registration Module Pages/Third Screen - Upload Supporting Doc- Preview/Preview Submit - Confirm' is clicked on

2018-12-11 15:33:44 - [TEST_STEP][PASSED] - delay: Delayed 15 second(s)

2018-12-11 15:33:59 - [MESSAGE][PASSED] - Delayed 15 second(s)

2018-12-11 15:33:59 - [TEST_STEP][PASSED] - Statement - driver = com.kms.katalon.core.webui.driver.DriverFactory.getWebDriver(): null

2018-12-11 15:33:59 - [TEST_STEP][PASSED] - Statement - driver.manage().timeouts().implicitlyWait(10, SECONDS): null

2018-12-11 15:33:59 - [TEST_STEP][PASSED] - Statement - PresavePath = KatalonScreenshots: null

2018-12-11 15:33:59 - [TEST_STEP][PASSED] - Statement - pathPrefix = "C:\Users\Public\Pictures\Sample Pictures\Katalon Screenshots\Automate Ending Screen": null

2018-12-11 15:33:59 - [TEST_STEP][PASSED] - Statement - finalPath = <not implemented yet for class: org.codehaus.groovy.ast.expr.EmptyExpression>: null

2018-12-11 15:33:59 - [TEST_STEP][PASSED] - Statement - scrFile = driver.getScreenshotAs(FILE): null

2018-12-11 15:34:00 - [TEST_STEP][PASSED] - Statement - PreSaveFile = new java.io.File(PresavePath): null

2018-12-11 15:34:00 - [TEST_STEP][PASSED] - Statement - counter = 0: null

2018-12-11 15:34:00 - [TEST_STEP][PASSED] - Statement - If (PreSaveFile.exists()): null

2018-12-11 15:34:00 - [TEST_STEP][PASSED] - Statement - While (PreSaveFile.exists()): null

2018-12-11 15:34:00 - [TEST_STEP][PASSED] - Statement - counter = counter + 1: null

2018-12-11 15:34:00 - [TEST_STEP][PASSED] - Statement - PreSaveFile = new java.io.File(((pathPrefix + java.lang.Integer.toString(counter)) + .png)): null

2018-12-11 15:34:00 - [TEST_STEP][PASSED] - Statement - counter = counter + 1: null

2018-12-11 15:34:00 - [TEST_STEP][PASSED] - Statement - PreSaveFile = new java.io.File(((pathPrefix + java.lang.Integer.toString(counter)) + .png)): null

2018-12-11 15:34:00 - [TEST_STEP][PASSED] - Statement - counter = counter + 1: null

2018-12-11 15:34:00 - [TEST_STEP][PASSED] - Statement - PreSaveFile = new java.io.File(((pathPrefix + java.lang.Integer.toString(counter)) + .png)): null

2018-12-11 15:34:00 - [TEST_STEP][PASSED] - Statement - counter = counter + 1: null

2018-12-11 15:34:00 - [TEST_STEP][PASSED] - Statement - PreSaveFile = new java.io.File(((pathPrefix + java.lang.Integer.toString(counter)) + .png)): null

2018-12-11 15:34:00 - [TEST_STEP][PASSED] - Statement - counter = counter + 1: null

2018-12-11 15:34:00 - [TEST_STEP][PASSED] - Statement - PreSaveFile = new java.io.File(((pathPrefix + java.lang.Integer.toString(counter)) + .png)): null

2018-12-11 15:34:00 - [TEST_STEP][PASSED] - Statement - counter = counter + 1: null

2018-12-11 15:34:00 - [TEST_STEP][PASSED] - Statement - PreSaveFile = new java.io.File(((pathPrefix + java.lang.Integer.toString(counter)) + .png)): null

2018-12-11 15:34:00 - [TEST_STEP][PASSED] - Statement - counter = counter + 1: null

2018-12-11 15:34:00 - [TEST_STEP][PASSED] - Statement - PreSaveFile = new java.io.File(((pathPrefix + java.lang.Integer.toString(counter)) + .png)): null

2018-12-11 15:34:00 - [TEST_STEP][PASSED] - Statement - counter = counter + 1: null

2018-12-11 15:34:00 - [TEST_STEP][PASSED] - Statement - PreSaveFile = new java.io.File(((pathPrefix + java.lang.Integer.toString(counter)) + .png)): null

2018-12-11 15:34:00 - [TEST_STEP][PASSED] - Statement - counter = counter + 1: null

2018-12-11 15:34:00 - [TEST_STEP][PASSED] - Statement - PreSaveFile = new java.io.File(((pathPrefix + java.lang.Integer.toString(counter)) + .png)): null

2018-12-11 15:34:00 - [TEST_STEP][PASSED] - Statement - counter = counter + 1: null

2018-12-11 15:34:00 - [TEST_STEP][PASSED] - Statement - PreSaveFile = new java.io.File(((pathPrefix + java.lang.Integer.toString(counter)) + .png)): null

2018-12-11 15:34:00 - [TEST_STEP][PASSED] - Statement - counter = counter + 1: null

2018-12-11 15:34:00 - [TEST_STEP][PASSED] - Statement - PreSaveFile = new java.io.File(((pathPrefix + java.lang.Integer.toString(counter)) + .png)): null

2018-12-11 15:34:00 - [TEST_STEP][PASSED] - Statement - counter = counter + 1: null

2018-12-11 15:34:00 - [TEST_STEP][PASSED] - Statement - PreSaveFile = new java.io.File(((pathPrefix + java.lang.Integer.toString(counter)) + .png)): null

2018-12-11 15:34:00 - [TEST_STEP][PASSED] - Statement - counter = counter + 1: null

2018-12-11 15:34:00 - [TEST_STEP][PASSED] - Statement - PreSaveFile = new java.io.File(((pathPrefix + java.lang.Integer.toString(counter)) + .png)): null

2018-12-11 15:34:00 - [TEST_STEP][PASSED] - Statement - counter = counter + 1: null

2018-12-11 15:34:00 - [TEST_STEP][PASSED] - Statement - PreSaveFile = new java.io.File(((pathPrefix + java.lang.Integer.toString(counter)) + .png)): null

2018-12-11 15:34:00 - [TEST_STEP][PASSED] - Statement - counter = counter + 1: null

2018-12-11 15:34:00 - [TEST_STEP][PASSED] - Statement - PreSaveFile = new java.io.File(((pathPrefix + java.lang.Integer.toString(counter)) + .png)): null

2018-12-11 15:34:00 - [TEST_STEP][PASSED] - Statement - counter = counter + 1: null

2018-12-11 15:34:00 - [TEST_STEP][PASSED] - Statement - PreSaveFile = new java.io.File(((pathPrefix + java.lang.Integer.toString(counter)) + .png)): null

2018-12-11 15:34:00 - [TEST_STEP][PASSED] - Statement - counter = counter + 1: null

2018-12-11 15:34:00 - [TEST_STEP][PASSED] - Statement - PreSaveFile = new java.io.File(((pathPrefix + java.lang.Integer.toString(counter)) + .png)): null

2018-12-11 15:34:00 - [TEST_STEP][PASSED] - Statement - counter = counter + 1: null

2018-12-11 15:34:00 - [TEST_STEP][PASSED] - Statement - PreSaveFile = new java.io.File(((pathPrefix + java.lang.Integer.toString(counter)) + .png)): null

2018-12-11 15:34:00 - [TEST_STEP][PASSED] - Statement - counter = counter + 1: null

2018-12-11 15:34:00 - [TEST_STEP][PASSED] - Statement - PreSaveFile = new java.io.File(((pathPrefix + java.lang.Integer.toString(counter)) + .png)): null

2018-12-11 15:34:00 - [TEST_STEP][PASSED] - Statement - counter = counter + 1: null

2018-12-11 15:34:00 - [TEST_STEP][PASSED] - Statement - PreSaveFile = new java.io.File(((pathPrefix + java.lang.Integer.toString(counter)) + .png)): null

2018-12-11 15:34:00 - [TEST_STEP][PASSED] - Statement - counter = counter + 1: null

2018-12-11 15:34:00 - [TEST_STEP][PASSED] - Statement - PreSaveFile = new java.io.File(((pathPrefix + java.lang.Integer.toString(counter)) + .png)): null

2018-12-11 15:34:00 - [TEST_STEP][PASSED] - Statement - counter = counter + 1: null

2018-12-11 15:34:00 - [TEST_STEP][PASSED] - Statement - PreSaveFile = new java.io.File(((pathPrefix + java.lang.Integer.toString(counter)) + .png)): null

2018-12-11 15:34:00 - [TEST_STEP][PASSED] - Statement - counter = counter + 1: null

2018-12-11 15:34:00 - [TEST_STEP][PASSED] - Statement - PreSaveFile = new java.io.File(((pathPrefix + java.lang.Integer.toString(counter)) + .png)): null

2018-12-11 15:34:00 - [TEST_STEP][PASSED] - Statement - counter = counter + 1: null

2018-12-11 15:34:00 - [TEST_STEP][PASSED] - Statement - PreSaveFile = new java.io.File(((pathPrefix + java.lang.Integer.toString(counter)) + .png)): null

2018-12-11 15:34:00 - [TEST_STEP][PASSED] - Statement - counter = counter + 1: null

2018-12-11 15:34:00 - [TEST_STEP][PASSED] - Statement - PreSaveFile = new java.io.File(((pathPrefix + java.lang.Integer.toString(counter)) + .png)): null

2018-12-11 15:34:00 - [TEST_STEP][PASSED] - Statement - counter = counter + 1: null

2018-12-11 15:34:00 - [TEST_STEP][PASSED] - Statement - PreSaveFile = new java.io.File(((pathPrefix + java.lang.Integer.toString(counter)) + .png)): null

2018-12-11 15:34:00 - [TEST_STEP][PASSED] - Statement - counter = counter + 1: null

2018-12-11 15:34:00 - [TEST_STEP][PASSED] - Statement - PreSaveFile = new java.io.File(((pathPrefix + java.lang.Integer.toString(counter)) + .png)): null

2018-12-11 15:34:00 - [TEST_STEP][PASSED] - Statement - counter = counter + 1: null

2018-12-11 15:34:00 - [TEST_STEP][PASSED] - Statement - PreSaveFile = new java.io.File(((pathPrefix + java.lang.Integer.toString(counter)) + .png)): null

2018-12-11 15:34:00 - [TEST_STEP][PASSED] - Statement - counter = counter + 1: null

2018-12-11 15:34:00 - [TEST_STEP][PASSED] - Statement - PreSaveFile = new java.io.File(((pathPrefix + java.lang.Integer.toString(counter)) + .png)): null

2018-12-11 15:34:00 - [TEST_STEP][PASSED] - Statement - counter = counter + 1: null

2018-12-11 15:34:00 - [TEST_STEP][PASSED] - Statement - PreSaveFile = new java.io.File(((pathPrefix + java.lang.Integer.toString(counter)) + .png)): null

2018-12-11 15:34:00 - [TEST_STEP][PASSED] - Statement - counter = counter + 1: null

2018-12-11 15:34:00 - [TEST_STEP][PASSED] - Statement - PreSaveFile = new java.io.File(((pathPrefix + java.lang.Integer.toString(counter)) + .png)): null

2018-12-11 15:34:00 - [TEST_STEP][PASSED] - Statement - counter = counter + 1: null

2018-12-11 15:34:00 - [TEST_STEP][PASSED] - Statement - PreSaveFile = new java.io.File(((pathPrefix + java.lang.Integer.toString(counter)) + .png)): null

2018-12-11 15:34:00 - [TEST_STEP][PASSED] - Statement - counter = counter + 1: null

2018-12-11 15:34:00 - [TEST_STEP][PASSED] - Statement - PreSaveFile = new java.io.File(((pathPrefix + java.lang.Integer.toString(counter)) + .png)): null

2018-12-11 15:34:00 - [TEST_STEP][PASSED] - Statement - counter = counter + 1: null

2018-12-11 15:34:00 - [TEST_STEP][PASSED] - Statement - PreSaveFile = new java.io.File(((pathPrefix + java.lang.Integer.toString(counter)) + .png)): null

2018-12-11 15:34:00 - [TEST_STEP][PASSED] - Statement - counter = counter + 1: null

2018-12-11 15:34:00 - [TEST_STEP][PASSED] - Statement - PreSaveFile = new java.io.File(((pathPrefix + java.lang.Integer.toString(counter)) + .png)): null

2018-12-11 15:34:00 - [TEST_STEP][PASSED] - Statement - counter = counter + 1: null

2018-12-11 15:34:00 - [TEST_STEP][PASSED] - Statement - PreSaveFile = new java.io.File(((pathPrefix + java.lang.Integer.toString(counter)) + .png)): null

2018-12-11 15:34:00 - [TEST_STEP][PASSED] - Statement - counter = counter + 1: null

2018-12-11 15:34:00 - [TEST_STEP][PASSED] - Statement - PreSaveFile = new java.io.File(((pathPrefix + java.lang.Integer.toString(counter)) + .png)): null

2018-12-11 15:34:00 - [TEST_STEP][PASSED] - Statement - counter = counter + 1: null

2018-12-11 15:34:00 - [TEST_STEP][PASSED] - Statement - PreSaveFile = new java.io.File(((pathPrefix + java.lang.Integer.toString(counter)) + .png)): null

2018-12-11 15:34:00 - [TEST_STEP][PASSED] - Statement - counter = counter + 1: null

2018-12-11 15:34:00 - [TEST_STEP][PASSED] - Statement - PreSaveFile = new java.io.File(((pathPrefix + java.lang.Integer.toString(counter)) + .png)): null

2018-12-11 15:34:00 - [TEST_STEP][PASSED] - Statement - counter = counter + 1: null

2018-12-11 15:34:00 - [TEST_STEP][PASSED] - Statement - PreSaveFile = new java.io.File(((pathPrefix + java.lang.Integer.toString(counter)) + .png)): null

2018-12-11 15:34:00 - [TEST_STEP][PASSED] - Statement - counter = counter + 1: null

2018-12-11 15:34:00 - [TEST_STEP][PASSED] - Statement - PreSaveFile = new java.io.File(((pathPrefix + java.lang.Integer.toString(counter)) + .png)): null

2018-12-11 15:34:00 - [TEST_STEP][PASSED] - Statement - counter = counter + 1: null

2018-12-11 15:34:00 - [TEST_STEP][PASSED] - Statement - PreSaveFile = new java.io.File(((pathPrefix + java.lang.Integer.toString(counter)) + .png)): null

2018-12-11 15:34:00 - [TEST_STEP][PASSED] - Statement - counter = counter + 1: null

2018-12-11 15:34:00 - [TEST_STEP][PASSED] - Statement - PreSaveFile = new java.io.File(((pathPrefix + java.lang.Integer.toString(counter)) + .png)): null

2018-12-11 15:34:00 - [TEST_STEP][PASSED] - Statement - counter = counter + 1: null

2018-12-11 15:34:00 - [TEST_STEP][PASSED] - Statement - PreSaveFile = new java.io.File(((pathPrefix + java.lang.Integer.toString(counter)) + .png)): null

2018-12-11 15:34:00 - [TEST_STEP][PASSED] - Statement - counter = counter + 1: null

2018-12-11 15:34:00 - [TEST_STEP][PASSED] - Statement - PreSaveFile = new java.io.File(((pathPrefix + java.lang.Integer.toString(counter)) + .png)): null

2018-12-11 15:34:00 - [TEST_STEP][PASSED] - Statement - counter = counter + 1: null

2018-12-11 15:34:00 - [TEST_STEP][PASSED] - Statement - PreSaveFile = new java.io.File(((pathPrefix + java.lang.Integer.toString(counter)) + .png)): null

2018-12-11 15:34:00 - [TEST_STEP][PASSED] - Statement - counter = counter + 1: null

2018-12-11 15:34:00 - [TEST_STEP][PASSED] - Statement - PreSaveFile = new java.io.File(((pathPrefix + java.lang.Integer.toString(counter)) + .png)): null

2018-12-11 15:34:00 - [TEST_STEP][PASSED] - Statement - counter = counter + 1: null

2018-12-11 15:34:00 - [TEST_STEP][PASSED] - Statement - PreSaveFile = new java.io.File(((pathPrefix + java.lang.Integer.toString(counter)) + .png)): null

2018-12-11 15:34:00 - [TEST_STEP][PASSED] - Statement - counter = counter + 1: null

2018-12-11 15:34:00 - [TEST_STEP][PASSED] - Statement - PreSaveFile = new java.io.File(((pathPrefix + java.lang.Integer.toString(counter)) + .png)): null

2018-12-11 15:34:00 - [TEST_STEP][PASSED] - Statement - counter = counter + 1: null

2018-12-11 15:34:00 - [TEST_STEP][PASSED] - Statement - PreSaveFile = new java.io.File(((pathPrefix + java.lang.Integer.toString(counter)) + .png)): null

2018-12-11 15:34:00 - [TEST_STEP][PASSED] - Statement - counter = counter + 1: null

2018-12-11 15:34:00 - [TEST_STEP][PASSED] - Statement - PreSaveFile = new java.io.File(((pathPrefix + java.lang.Integer.toString(counter)) + .png)): null

2018-12-11 15:34:00 - [TEST_STEP][PASSED] - Statement - counter = counter + 1: null

2018-12-11 15:34:00 - [TEST_STEP][PASSED] - Statement - PreSaveFile = new java.io.File(((pathPrefix + java.lang.Integer.toString(counter)) + .png)): null

2018-12-11 15:34:00 - [TEST_STEP][PASSED] - Statement - counter = counter + 1: null

2018-12-11 15:34:00 - [TEST_STEP][PASSED] - Statement - PreSaveFile = new java.io.File(((pathPrefix + java.lang.Integer.toString(counter)) + .png)): null

2018-12-11 15:34:00 - [TEST_STEP][PASSED] - Statement - counter = counter + 1: null

2018-12-11 15:34:00 - [TEST_STEP][PASSED] - Statement - PreSaveFile = new java.io.File(((pathPrefix + java.lang.Integer.toString(counter)) + .png)): null

2018-12-11 15:34:00 - [TEST_STEP][PASSED] - Statement - counter = counter + 1: null

2018-12-11 15:34:00 - [TEST_STEP][PASSED] - Statement - PreSaveFile = new java.io.File(((pathPrefix + java.lang.Integer.toString(counter)) + .png)): null

2018-12-11 15:34:00 - [TEST_STEP][PASSED] - Statement - counter = counter + 1: null

2018-12-11 15:34:00 - [TEST_STEP][PASSED] - Statement - PreSaveFile = new java.io.File(((pathPrefix + java.lang.Integer.toString(counter)) + .png)): null

2018-12-11 15:34:00 - [TEST_STEP][PASSED] - Statement - counter = counter + 1: null

2018-12-11 15:34:00 - [TEST_STEP][PASSED] - Statement - PreSaveFile = new java.io.File(((pathPrefix + java.lang.Integer.toString(counter)) + .png)): null

2018-12-11 15:34:00 - [TEST_STEP][PASSED] - Statement - counter = counter + 1: null

2018-12-11 15:34:00 - [TEST_STEP][PASSED] - Statement - PreSaveFile = new java.io.File(((pathPrefix + java.lang.Integer.toString(counter)) + .png)): null

2018-12-11 15:34:00 - [TEST_STEP][PASSED] - Statement - counter = counter + 1: null

2018-12-11 15:34:00 - [TEST_STEP][PASSED] - Statement - PreSaveFile = new java.io.File(((pathPrefix + java.lang.Integer.toString(counter)) + .png)): null

2018-12-11 15:34:00 - [TEST_STEP][PASSED] - Statement - counter = counter + 1: null

2018-12-11 15:34:00 - [TEST_STEP][PASSED] - Statement - PreSaveFile = new java.io.File(((pathPrefix + java.lang.Integer.toString(counter)) + .png)): null

2018-12-11 15:34:00 - [TEST_STEP][PASSED] - Statement - counter = counter + 1: null

2018-12-11 15:34:00 - [TEST_STEP][PASSED] - Statement - PreSaveFile = new java.io.File(((pathPrefix + java.lang.Integer.toString(counter)) + .png)): null

2018-12-11 15:34:00 - [TEST_STEP][PASSED] - Statement - counter = counter + 1: null

2018-12-11 15:34:00 - [TEST_STEP][PASSED] - Statement - PreSaveFile = new java.io.File(((pathPrefix + java.lang.Integer.toString(counter)) + .png)): null

2018-12-11 15:34:00 - [TEST_STEP][PASSED] - Statement - counter = counter + 1: null

2018-12-11 15:34:00 - [TEST_STEP][PASSED] - Statement - PreSaveFile = new java.io.File(((pathPrefix + java.lang.Integer.toString(counter)) + .png)): null

2018-12-11 15:34:00 - [TEST_STEP][PASSED] - Statement - counter = counter + 1: null

2018-12-11 15:34:00 - [TEST_STEP][PASSED] - Statement - PreSaveFile = new java.io.File(((pathPrefix + java.lang.Integer.toString(counter)) + .png)): null

2018-12-11 15:34:00 - [TEST_STEP][PASSED] - Statement - counter = counter + 1: null

2018-12-11 15:34:00 - [TEST_STEP][PASSED] - Statement - PreSaveFile = new java.io.File(((pathPrefix + java.lang.Integer.toString(counter)) + .png)): null

2018-12-11 15:34:00 - [TEST_STEP][PASSED] - Statement - counter = counter + 1: null

2018-12-11 15:34:00 - [TEST_STEP][PASSED] - Statement - PreSaveFile = new java.io.File(((pathPrefix + java.lang.Integer.toString(counter)) + .png)): null

2018-12-11 15:34:00 - [TEST_STEP][PASSED] - Statement - counter = counter + 1: null

2018-12-11 15:34:00 - [TEST_STEP][PASSED] - Statement - PreSaveFile = new java.io.File(((pathPrefix + java.lang.Integer.toString(counter)) + .png)): null

2018-12-11 15:34:00 - [TEST_STEP][PASSED] - Statement - counter = counter + 1: null

2018-12-11 15:34:00 - [TEST_STEP][PASSED] - Statement - PreSaveFile = new java.io.File(((pathPrefix + java.lang.Integer.toString(counter)) + .png)): null

2018-12-11 15:34:00 - [TEST_STEP][PASSED] - Statement - counter = counter + 1: null

2018-12-11 15:34:00 - [TEST_STEP][PASSED] - Statement - PreSaveFile = new java.io.File(((pathPrefix + java.lang.Integer.toString(counter)) + .png)): null

2018-12-11 15:34:00 - [TEST_STEP][PASSED] - Statement - counter = counter + 1: null

2018-12-11 15:34:00 - [TEST_STEP][PASSED] - Statement - PreSaveFile = new java.io.File(((pathPrefix + java.lang.Integer.toString(counter)) + .png)): null

2018-12-11 15:34:00 - [TEST_STEP][PASSED] - Statement - finalPath = pathPrefix + java.lang.Integer.toString(counter) + ".png": null

2018-12-11 15:34:00 - [TEST_STEP][PASSED] - Statement - SaveFile = new java.io.File(finalPath): null

2018-12-11 15:34:00 - [TEST_STEP][PASSED] - Statement - Try: null

2018-12-11 15:34:00 - [TEST_STEP][PASSED] - Statement - org.apache.commons.io.FileUtils.copyFile(scrFile, SaveFile): null

2018-12-11 15:34:00 - [TEST_STEP][PASSED] - Statement - out.println("file kept"): null

2018-12-11 15:34:00 - [TEST_STEP][PASSED] - delay: Delayed 10 second(s)

2018-12-11 15:34:10 - [MESSAGE][PASSED] - Delayed 10 second(s)

2018-12-11 15:34:10 - [MESSAGE][PASSED] - Call Test Case 'Test Cases/Final Aug 2018 - PKS Automation/Registration Module/New Registration/Submit and Screenshot/Submit Registration and Screenshot - Copy' successfully

2018-12-11 15:34:10 - [TEST_STEP][PASSED] - Statement - UpdateAddNewECode = com.kms.katalon.core.webui.keyword.WebUiBuiltInKeywords.getText(com.kms.katalon.core.testobject.ObjectRepository.findTestObject(Object Repository/Final Object Repo/Page_Update Add New Employee - ASSIST/getEmpCode)): Text of object 'Object Repository/Final Object Repo/Page_Update Add New Employee - ASSIST/getEmpCode' is: 'E1102070756X'

2018-12-11 15:34:10 - [MESSAGE][PASSED] - Text of object 'Object Repository/Final Object Repo/Page_Update Add New Employee - ASSIST/getEmpCode' is: 'E1102070756X'

2018-12-11 15:34:10 - [TEST_STEP][PASSED] - callTestCase: Call Test Case 'Test Cases/Final Aug 2018 - PKS Automation/Common/Emp Code Setter' successfully

2018-12-11 15:34:10 - [TEST_CASE][PASSED] - Test Cases/Final Aug 2018 - PKS Automation/Common/Emp Code Setter: Test Cases/Final Aug 2018 - PKS Automation/Common/Emp Code Setter

2018-12-11 15:34:10 - [TEST_STEP][PASSED] - Statement - EmpCodeOld = new java.io.File(C://Users//Admin//Desktop//PKS//Automation Reference Point//EmpCode.txt): null

2018-12-11 15:34:10 - [TEST_STEP][PASSED] - Statement - EmpCodeOld.delete(): null

2018-12-11 15:34:10 - [TEST_STEP][PASSED] - Statement - EmpCode = new java.io.File(C://Users//Admin//Desktop//PKS//Automation Reference Point//EmpCode.txt): null

2018-12-11 15:34:10 - [TEST_STEP][PASSED] - Statement - f2 = new java.io.FileWriter(EmpCode, false): null

2018-12-11 15:34:10 - [TEST_STEP][PASSED] - Statement - f2.write(UpdateAddNewECode): null

2018-12-11 15:34:10 - [TEST_STEP][PASSED] - Statement - f2.close(): null

2018-12-11 15:34:10 - [TEST_STEP][PASSED] - Statement - out.println("


" + UpdateAddNewECode + "


"): null

2018-12-11 15:34:10 - [MESSAGE][PASSED] - Call Test Case 'Test Cases/Final Aug 2018 - PKS Automation/Common/Emp Code Setter' successfully

2018-12-11 15:34:10 - [MESSAGE][PASSED] - Call Test Case 'Test Cases/Final Aug 2018 - PKS Automation/Registration Module/Workflow/Update Add New Employee/Template/New Company for Update Add New - Employer' successfully

2018-12-11 15:34:10 - [TEST_STEP][PASSED] - callTestCase: Call Test Case 'Test Cases/Final Aug 2018 - PKS Automation/Registration Module/Log Out/log out avoiding katalon tagging' successfully

2018-12-11 15:34:10 - [TEST_CASE][PASSED] - Test Cases/Final Aug 2018 - PKS Automation/Registration Module/Log Out/log out avoiding katalon tagging: Test Cases/Final Aug 2018 - PKS Automation/Registration Module/Log Out/log out avoiding katalon tagging

2018-12-11 15:34:10 - [TEST_STEP][PASSED] - navigateToUrl: Navigate to 'https://assist2-uat.perkeso.gov.my/c/portal/logout' successfully

2018-12-11 15:34:11 - [MESSAGE][PASSED] - Navigate to 'https://assist2-uat.perkeso.gov.my/c/portal/logout' successfully

2018-12-11 15:34:11 - [MESSAGE][PASSED] - Call Test Case 'Test Cases/Final Aug 2018 - PKS Automation/Registration Module/Log Out/log out avoiding katalon tagging' successfully

2018-12-11 15:34:11 - [TEST_STEP][PASSED] - callTestCase: Call Test Case 'Test Cases/Final Aug 2018 - PKS Automation/Registration Module/New Registration/Form 2/Date Updater' successfully

2018-12-11 15:34:11 - [TEST_CASE][PASSED] - Test Cases/Final Aug 2018 - PKS Automation/Registration Module/New Registration/Form 2/Date Updater: Test Cases/Final Aug 2018 - PKS Automation/Registration Module/New Registration/Form 2/Date Updater

2018-12-11 15:34:11 - [TEST_STEP][PASSED] - Statement - TodayDate = new java.util.Date(): null

2018-12-11 15:34:11 - [TEST_STEP][PASSED] - Statement - CurrentDateNoFilter = new java.text.SimpleDateFormat(): null

2018-12-11 15:34:11 - [TEST_STEP][PASSED] - Statement - CurrentDateNoFilter.applyPattern("MM"): null

2018-12-11 15:34:11 - [TEST_STEP][PASSED] - Statement - monthContainerMatcher = java.lang.Integer.parseInt(CurrentDateNoFilter.format(TodayDate)): null

2018-12-11 15:34:11 - [TEST_STEP][PASSED] - Statement - monthContainerMatcher = monthContainerMatcher - 1: null

2018-12-11 15:34:11 - [TEST_STEP][PASSED] - Statement - CurrentMonth = monthContainerMatcher.toString(): null

2018-12-11 15:34:11 - [TEST_STEP][PASSED] - Statement - CurrentMonth = CurrentMonth: null

2018-12-11 15:34:11 - [TEST_STEP][PASSED] - Statement - CurrentDateNoFilter.applyPattern("yyyy"): null

2018-12-11 15:34:11 - [TEST_STEP][PASSED] - Statement - CurrentYear = CurrentDateNoFilter.format(TodayDate): null

2018-12-11 15:34:11 - [TEST_STEP][PASSED] - Statement - CurrentYear = CurrentYear: null

2018-12-11 15:34:11 - [TEST_STEP][PASSED] - Statement - intCurrentYear = java.lang.Integer.parseInt(CurrentDateNoFilter.format(TodayDate)): null

2018-12-11 15:34:11 - [TEST_STEP][PASSED] - Statement - eighteenYrsAgo = intCurrentYear - 18: null

2018-12-11 15:34:11 - [TEST_STEP][PASSED] - Statement - eighteenYrsBeforeThisYr = eighteenYrsAgo.toString(): null

2018-12-11 15:34:11 - [TEST_STEP][PASSED] - Statement - EighteenYrsBefore = eighteenYrsBeforeThisYr: null

2018-12-11 15:34:11 - [TEST_STEP][PASSED] - Statement - fiftysevenYrsAgo = intCurrentYear - 57: null

2018-12-11 15:34:11 - [TEST_STEP][PASSED] - Statement - fiftysevenYrsBeforeThisYr = fiftysevenYrsAgo.toString(): null

2018-12-11 15:34:11 - [TEST_STEP][PASSED] - Statement - FiftysevenYrsBefore = fiftysevenYrsBeforeThisYr: null

2018-12-11 15:34:11 - [TEST_STEP][PASSED] - Statement - leapYear = false: null

2018-12-11 15:34:11 - [TEST_STEP][PASSED] - Statement - leapYear = intCurrentYear % 4 == 0: null

2018-12-11 15:34:11 - [TEST_STEP][PASSED] - Statement - CurrentDateNoFilter.applyPattern("dd"): null

2018-12-11 15:34:11 - [TEST_STEP][PASSED] - Statement - CurrentDate = CurrentDateNoFilter.format(TodayDate): null

2018-12-11 15:34:11 - [TEST_STEP][PASSED] - Statement - CurrentDate = java.lang.Integer.parseInt(CurrentDate): null

2018-12-11 15:34:11 - [TEST_STEP][PASSED] - Statement - CurrentDate = CurrentDate: null

2018-12-11 15:34:11 - [TEST_STEP][PASSED] - Statement - CurrentDay = java.lang.Integer.parseInt(CurrentDate): null

2018-12-11 15:34:11 - [TEST_STEP][PASSED] - Statement - ConfAdder = <not implemented yet for class: org.codehaus.groovy.ast.expr.EmptyExpression>: null

2018-12-11 15:34:11 - [TEST_STEP][PASSED] - Statement - out.println(CurrentMonth): null

2018-12-11 15:34:11 - [TEST_STEP][PASSED] - Statement - out.println(CurrentDate): null

2018-12-11 15:34:11 - [TEST_STEP][PASSED] - Statement - switch (CurrentDate): null

2018-12-11 15:34:11 - [TEST_STEP][PASSED] - Statement - Default: null

2018-12-11 15:34:11 - [TEST_STEP][PASSED] - Statement - ConfAdder = true: null

2018-12-11 15:34:11 - [TEST_STEP][PASSED] - Statement - Break: null

2018-12-11 15:34:11 - [TEST_STEP][PASSED] - Statement - aDayBefore = <not implemented yet for class: org.codehaus.groovy.ast.expr.EmptyExpression>: null

2018-12-11 15:34:11 - [TEST_STEP][PASSED] - Statement - out.println(ConfAdder): null

2018-12-11 15:34:11 - [TEST_STEP][PASSED] - Statement - If (ConfAdder == true): null

2018-12-11 15:34:11 - [TEST_STEP][PASSED] - Statement - aDayBefore = CurrentDay + 1: null

2018-12-11 15:34:11 - [TEST_STEP][PASSED] - Statement - out.println(aDayBefore): null

2018-12-11 15:34:11 - [TEST_STEP][PASSED] - Statement - If (aDayBefore == 1 && CurrentMonth == 11): null

2018-12-11 15:34:11 - [TEST_STEP][PASSED] - Statement - DayBefore = aDayBefore.toString(): null

2018-12-11 15:34:11 - [TEST_STEP][PASSED] - Statement - OneDayBefore = DayBefore: null

2018-12-11 15:34:11 - [MESSAGE][PASSED] - Call Test Case 'Test Cases/Final Aug 2018 - PKS Automation/Registration Module/New Registration/Form 2/Date Updater' successfully

2018-12-11 15:34:11 - [TEST_STEP][PASSED] - delay: Delayed 2 second(s)

2018-12-11 15:34:13 - [MESSAGE][PASSED] - Delayed 2 second(s)

2018-12-11 15:34:13 - [TEST_STEP][PASSED] - callTestCase: Call Test Case 'Test Cases/Final Aug 2018 - PKS Automation/Create Employer Acc/Login to Employer Account (Second time)' successfully

2018-12-11 15:34:13 - [TEST_CASE][PASSED] - Test Cases/Final Aug 2018 - PKS Automation/Create Employer Acc/Login to Employer Account (Second time): Test Cases/Final Aug 2018 - PKS Automation/Create Employer Acc/Login to Employer Account (Second time)

2018-12-11 15:34:13 - [TEST_STEP][PASSED] - openBrowser: Browser is opened with url: ''

2018-12-11 15:34:13 - [MESSAGE][WARNING] - A browser is already opened. Closing browser and opening a new one

2018-12-11 15:34:23 - [MESSAGE][PASSED] - Browser is opened with url: ''

2018-12-11 15:34:23 - [TEST_STEP][PASSED] - navigateToUrl: Navigate to 'https://assist2-uat.perkeso.gov.my/employer/login' successfully

2018-12-11 15:34:24 - [MESSAGE][PASSED] - Navigate to 'https://assist2-uat.perkeso.gov.my/employer/login' successfully

2018-12-11 15:34:24 - [TEST_STEP][PASSED] - delay: Delayed 3 second(s)

2018-12-11 15:34:27 - [MESSAGE][PASSED] - Delayed 3 second(s)

2018-12-11 15:34:27 - [TEST_STEP][PASSED] - callTestCase: Call Test Case 'Test Cases/Final Aug 2018 - PKS Automation/Create Employer Acc/Template/Employer Email Getter' successfully

2018-12-11 15:34:27 - [TEST_CASE][PASSED] - Test Cases/Final Aug 2018 - PKS Automation/Create Employer Acc/Template/Employer Email Getter: Test Cases/Final Aug 2018 - PKS Automation/Create Employer Acc/Template/Employer Email Getter

2018-12-11 15:34:27 - [TEST_STEP][PASSED] - Statement - Try: null

2018-12-11 15:34:27 - [TEST_STEP][PASSED] - Statement - EmpEmail = new java.io.File(C://Users//Admin//Desktop//PKS//Automation Reference Point//EmpEmail.txt): null

2018-12-11 15:34:27 - [TEST_STEP][PASSED] - Statement - bufferread = new java.io.BufferedReader(new java.io.FileReader(EmpEmail)): null

2018-12-11 15:34:27 - [TEST_STEP][PASSED] - Statement - readedVal = bufferread.readLine(): null

2018-12-11 15:34:27 - [TEST_STEP][PASSED] - Statement - out.println(readedVal): null

2018-12-11 15:34:27 - [TEST_STEP][PASSED] - Statement - Email = readedVal: null

2018-12-11 15:34:27 - [MESSAGE][PASSED] - Call Test Case 'Test Cases/Final Aug 2018 - PKS Automation/Create Employer Acc/Template/Employer Email Getter' successfully

2018-12-11 15:34:27 - [TEST_STEP][PASSED] - setText: Text 'perkeso878438219087@gmail.com' is set on object 'Object Repository/Final Object Repo/Login Page/External Login Page/Email'

2018-12-11 15:34:28 - [MESSAGE][PASSED] - Text 'perkeso878438219087@gmail.com' is set on object 'Object Repository/Final Object Repo/Login Page/External Login Page/Email'

2018-12-11 15:34:28 - [TEST_STEP][PASSED] - click: Object: 'Object Repository/Final Object Repo/Login Page/External Login Page/Next' is clicked on

2018-12-11 15:34:28 - [MESSAGE][PASSED] - Object: 'Object Repository/Final Object Repo/Login Page/External Login Page/Next' is clicked on

2018-12-11 15:34:28 - [TEST_STEP][PASSED] - delay: Delayed 3 second(s)

2018-12-11 15:34:31 - [MESSAGE][PASSED] - Delayed 3 second(s)

2018-12-11 15:34:31 - [TEST_STEP][PASSED] - setEncryptedText: Text ****** has been set on object 'Object Repository/Final Object Repo/Login Page/External Login Page/Password'

2018-12-11 15:34:33 - [MESSAGE][PASSED] - Text ****** has been set on object 'Object Repository/Final Object Repo/Login Page/External Login Page/Password'

2018-12-11 15:34:33 - [TEST_STEP][PASSED] - click: Object: 'Object Repository/Final Object Repo/Login Page/External Login Page/Login' is clicked on

2018-12-11 15:34:34 - [MESSAGE][PASSED] - Object: 'Object Repository/Final Object Repo/Login Page/External Login Page/Login' is clicked on

2018-12-11 15:34:34 - [TEST_STEP][PASSED] - delay: Delayed 5 second(s)

2018-12-11 15:34:39 - [MESSAGE][PASSED] - Delayed 5 second(s)

2018-12-11 15:34:39 - [MESSAGE][PASSED] - Call Test Case 'Test Cases/Final Aug 2018 - PKS Automation/Create Employer Acc/Login to Employer Account (Second time)' successfully

2018-12-11 15:34:39 - [TEST_STEP][PASSED] - delay: Delayed 4 second(s)

2018-12-11 15:34:43 - [MESSAGE][PASSED] - Delayed 4 second(s)

2018-12-11 15:34:43 - [TEST_STEP][PASSED] - Statement - Try: Delayed 2 second(s)

2018-12-11 15:34:43 - [TEST_STEP][PASSED] - Statement - Checker = false: null

2018-12-11 15:34:43 - [TEST_STEP][PASSED] - Statement - Checker = com.kms.katalon.core.webui.keyword.WebUiBuiltInKeywords.verifyElementHasAttribute(com.kms.katalon.core.testobject.ObjectRepository.findTestObject(Final Object Repo/Landing Page/BM Detecting), "href", 20, OPTIONAL): Object 'Object Repository/Final Object Repo/Landing Page/BM Detecting' has attribute 'href'

2018-12-11 15:34:43 - [MESSAGE][PASSED] - Object 'Object Repository/Final Object Repo/Landing Page/BM Detecting' has attribute 'href'

2018-12-11 15:34:43 - [TEST_STEP][PASSED] - Statement - out.println(Checker): null

2018-12-11 15:34:43 - [TEST_STEP][PASSED] - Statement - If (Checker == false): null

2018-12-11 15:34:43 - [TEST_STEP][PASSED] - Statement - Else: null

2018-12-11 15:34:43 - [TEST_STEP][PASSED] - delay: Delayed 2 second(s)

2018-12-11 15:34:45 - [MESSAGE][PASSED] - Delayed 2 second(s)

2018-12-11 15:34:45 - [TEST_STEP][PASSED] - delay: Delayed 4 second(s)

2018-12-11 15:34:49 - [MESSAGE][PASSED] - Delayed 4 second(s)

2018-12-11 15:34:49 - [TEST_STEP][PASSED] - click: Object: 'Object Repository/Final Object Repo/Page_Update Add New Employee - ASSIST/My Sites Drop Down' is clicked on

2018-12-11 15:34:49 - [MESSAGE][PASSED] - Object: 'Object Repository/Final Object Repo/Page_Update Add New Employee - ASSIST/My Sites Drop Down' is clicked on

2018-12-11 15:34:49 - [TEST_STEP][PASSED] - click: Object: 'Object Repository/Final Object Repo/Page_Update Add New Employee - ASSIST/Select to Registration Module' is clicked on

2018-12-11 15:34:54 - [MESSAGE][PASSED] - Object: 'Object Repository/Final Object Repo/Page_Update Add New Employee - ASSIST/Select to Registration Module' is clicked on

2018-12-11 15:34:54 - [TEST_STEP][NOT_RUN] - navigateToUrl: NOT_RUN: navigateToUrl

2018-12-11 15:34:54 - [MESSAGE][NOT_RUN] - NOT_RUN: navigateToUrl

2018-12-11 15:34:54 - [TEST_STEP][PASSED] - mouseOver: Object: 'Object Repository/Final Object Repo/Page_Update Add New Employee - ASSIST/Select to Update Akta 4 Tab' is hovered

2018-12-11 15:34:54 - [MESSAGE][PASSED] - Object: 'Object Repository/Final Object Repo/Page_Update Add New Employee - ASSIST/Select to Update Akta 4 Tab' is hovered

2018-12-11 15:34:54 - [TEST_STEP][PASSED] - delay: Delayed 2 second(s)

2018-12-11 15:34:56 - [MESSAGE][PASSED] - Delayed 2 second(s)

2018-12-11 15:34:56 - [TEST_STEP][PASSED] - click: Object: 'Object Repository/Final Object Repo/Page_Update Add New Employee - ASSIST/Select to Update Add New Employee' is clicked on

2018-12-11 15:34:57 - [MESSAGE][PASSED] - Object: 'Object Repository/Final Object Repo/Page_Update Add New Employee - ASSIST/Select to Update Add New Employee' is clicked on

2018-12-11 15:34:57 - [TEST_STEP][PASSED] - delay: Delayed 2 second(s)

2018-12-11 15:34:59 - [MESSAGE][PASSED] - Delayed 2 second(s)

2018-12-11 15:34:59 - [TEST_STEP][PASSED] - setText: Text 'E1102070756X' is set on object 'Object Repository/Final Object Repo/Page_Update Add New Employee - ASSIST/Employer Code input textbox'

2018-12-11 15:34:59 - [MESSAGE][PASSED] - Text 'E1102070756X' is set on object 'Object Repository/Final Object Repo/Page_Update Add New Employee - ASSIST/Employer Code input textbox'

2018-12-11 15:34:59 - [TEST_STEP][PASSED] - delay: Delayed 2 second(s)

2018-12-11 15:35:01 - [MESSAGE][PASSED] - Delayed 2 second(s)

2018-12-11 15:35:01 - [TEST_STEP][PASSED] - click: Object: 'Object Repository/Final Object Repo/Page_Update Add New Employee - ASSIST/Search Button for Employer Code' is clicked on

2018-12-11 15:35:02 - [MESSAGE][PASSED] - Object: 'Object Repository/Final Object Repo/Page_Update Add New Employee - ASSIST/Search Button for Employer Code' is clicked on

2018-12-11 15:35:02 - [TEST_STEP][PASSED] - delay: Delayed 4 second(s)

2018-12-11 15:35:06 - [MESSAGE][PASSED] - Delayed 4 second(s)

2018-12-11 15:35:06 - [TEST_STEP][PASSED] - click: Object: 'Object Repository/Final Object Repo/Page_Update Add New Employee - ASSIST/Click to Edit Case' is clicked on

2018-12-11 15:35:08 - [MESSAGE][PASSED] - Object: 'Object Repository/Final Object Repo/Page_Update Add New Employee - ASSIST/Click to Edit Case' is clicked on

2018-12-11 15:35:08 - [TEST_STEP][PASSED] - callTestCase: Call Test Case 'Test Cases/Final Aug 2018 - PKS Automation/Registration Module/Workflow/Update Add New Employee/Template/Employee Adding/Employee Adding Action liability date change - Employer Access' successfully

2018-12-11 15:35:08 - [TEST_CASE][PASSED] - Test Cases/Final Aug 2018 - PKS Automation/Registration Module/Workflow/Update Add New Employee/Template/Employee Adding/Employee Adding Action liability date change - Employer Access: Test Cases/Final Aug 2018 - PKS Automation/Registration Module/Workflow/Update Add New Employee/Template/Employee Adding/Employee Adding Action liability date change - Employer Access

2018-12-11 15:35:08 - [TEST_STEP][PASSED] - delay: Delayed 4 second(s)

2018-12-11 15:35:12 - [MESSAGE][PASSED] - Delayed 4 second(s)

2018-12-11 15:35:12 - [TEST_STEP][PASSED] - click: Object: 'Object Repository/Final Object Repo/Page_Update Add New Employee - ASSIST/Add Employee Button' is clicked on

2018-12-11 15:35:12 - [MESSAGE][PASSED] - Object: 'Object Repository/Final Object Repo/Page_Update Add New Employee - ASSIST/Add Employee Button' is clicked on

2018-12-11 15:35:12 - [TEST_STEP][PASSED] - delay: Delayed 3 second(s)

2018-12-11 15:35:15 - [MESSAGE][PASSED] - Delayed 3 second(s)

2018-12-11 15:35:15 - [TEST_STEP][PASSED] - setText: Text '830081009219' is set on object 'Object Repository/Final Object Repo/Page_Update Add New Employee - ASSIST/NRIC Input'

2018-12-11 15:35:16 - [MESSAGE][PASSED] - Text '830081009219' is set on object 'Object Repository/Final Object Repo/Page_Update Add New Employee - ASSIST/NRIC Input'

2018-12-11 15:35:16 - [TEST_STEP][PASSED] - delay: Delayed 2 second(s)

2018-12-11 15:35:18 - [MESSAGE][PASSED] - Delayed 2 second(s)

2018-12-11 15:35:18 - [TEST_STEP][PASSED] - setText: Text 'Automate002 Employee eligible 1' is set on object 'Object Repository/Final Object Repo/Page_Update Add New Employee - ASSIST/Employee Name Input'

2018-12-11 15:35:18 - [MESSAGE][PASSED] - Text 'Automate002 Employee eligible 1' is set on object 'Object Repository/Final Object Repo/Page_Update Add New Employee - ASSIST/Employee Name Input'

2018-12-11 15:35:18 - [TEST_STEP][PASSED] - delay: Delayed 2 second(s)

2018-12-11 15:35:20 - [MESSAGE][PASSED] - Delayed 2 second(s)

2018-12-11 15:35:20 - [TEST_STEP][PASSED] - click: Object: 'Object Repository/Final Object Repo/Page_Update Add New Employee - ASSIST/DatePicker Pop Up' is clicked on

2018-12-11 15:35:21 - [MESSAGE][PASSED] - Object: 'Object Repository/Final Object Repo/Page_Update Add New Employee - ASSIST/DatePicker Pop Up' is clicked on

2018-12-11 15:35:21 - [TEST_STEP][PASSED] - click: Object: 'Object Repository/Final Object Repo/Page_Update Add New Employee - ASSIST/DOB Month' is clicked on

2018-12-11 15:35:21 - [MESSAGE][PASSED] - Object: 'Object Repository/Final Object Repo/Page_Update Add New Employee - ASSIST/DOB Month' is clicked on

2018-12-11 15:35:21 - [TEST_STEP][PASSED] - Statement - CurrentMonth = CurrentMonth: null

2018-12-11 15:35:21 - [TEST_STEP][PASSED] - Statement - selectMonth = new com.kms.katalon.core.testobject.TestObject(): null

2018-12-11 15:35:21 - [TEST_STEP][PASSED] - Statement - selectMonth.addProperty("xpath", EQUALS, "//body/div/div/div/select/option[@value='" + CurrentMonth + "']", true): null

2018-12-11 15:35:21 - [TEST_STEP][PASSED] - click: Object: '' is clicked on

2018-12-11 15:35:21 - [MESSAGE][PASSED] - Object: '' is clicked on

2018-12-11 15:35:21 - [TEST_STEP][PASSED] - click: Object: 'Object Repository/Final Object Repo/Page_Update Add New Employee - ASSIST/DOB Year' is clicked on

2018-12-11 15:35:21 - [MESSAGE][PASSED] - Object: 'Object Repository/Final Object Repo/Page_Update Add New Employee - ASSIST/DOB Year' is clicked on

2018-12-11 15:35:21 - [TEST_STEP][PASSED] - Statement - Eyearsbf = EighteenYrsBefore: null

2018-12-11 15:35:21 - [TEST_STEP][PASSED] - Statement - selectYear = new com.kms.katalon.core.testobject.TestObject(): null

2018-12-11 15:35:21 - [TEST_STEP][PASSED] - Statement - selectYear.addProperty("xpath", EQUALS, "//div/div/div/select/option[@value='" + Eyearsbf + "']", true): null

2018-12-11 15:35:21 - [TEST_STEP][PASSED] - click: Object: '' is clicked on

2018-12-11 15:35:21 - [MESSAGE][PASSED] - Object: '' is clicked on

2018-12-11 15:35:21 - [TEST_STEP][PASSED] - Statement - UpdatedSelectDate = com.kms.katalon.core.webui.keyword.WebUiBuiltInKeywords.modifyObjectProperty(com.kms.katalon.core.testobject.ObjectRepository.findTestObject(Final Object Repo/Page_Update Add New Employee - ASSIST/DOB Date), "xpath", "equals", "//body/div/table/tbody/tr/td/a[text()="" + CurrentDate + ""]", true): Modify property of object successfully

2018-12-11 15:35:21 - [MESSAGE][PASSED] - Modify property of object successfully

2018-12-11 15:35:21 - [TEST_STEP][PASSED] - delay: Delayed 3 second(s)

2018-12-11 15:35:24 - [MESSAGE][PASSED] - Delayed 3 second(s)

2018-12-11 15:35:24 - [TEST_STEP][PASSED] - click: Object: 'Object Repository/Final Object Repo/Page_Update Add New Employee - ASSIST/DOB Date' is clicked on

2018-12-11 15:35:25 - [MESSAGE][PASSED] - Object: 'Object Repository/Final Object Repo/Page_Update Add New Employee - ASSIST/DOB Date' is clicked on

2018-12-11 15:35:25 - [TEST_STEP][PASSED] - delay: Delayed 2 second(s)

2018-12-11 15:35:27 - [MESSAGE][PASSED] - Delayed 2 second(s)

2018-12-11 15:35:27 - [TEST_STEP][PASSED] - click: Object: 'Object Repository/Final Object Repo/Page_Update Add New Employee - ASSIST/EmploymentStartDate Pop Up' is clicked on

2018-12-11 15:35:27 - [MESSAGE][PASSED] - Object: 'Object Repository/Final Object Repo/Page_Update Add New Employee - ASSIST/EmploymentStartDate Pop Up' is clicked on

2018-12-11 15:35:27 - [TEST_STEP][PASSED] - delay: Delayed 2 second(s)

2018-12-11 15:35:29 - [MESSAGE][PASSED] - Delayed 2 second(s)

2018-12-11 15:35:29 - [TEST_STEP][PASSED] - click: Object: 'Object Repository/Final Object Repo/Page_Update Add New Employee - ASSIST/Socso Employment StartDate Month' is clicked on

2018-12-11 15:35:29 - [MESSAGE][PASSED] - Object: 'Object Repository/Final Object Repo/Page_Update Add New Employee - ASSIST/Socso Employment StartDate Month' is clicked on

2018-12-11 15:35:29 - [TEST_STEP][PASSED] - delay: Delayed 1 second(s)

2018-12-11 15:35:30 - [MESSAGE][PASSED] - Delayed 1 second(s)

2018-12-11 15:35:30 - [TEST_STEP][PASSED] - click: Object: 'Object Repository/Final Object Repo/Page_Update Add New Employee - ASSIST/Select Socso Employement Startdate Month' is clicked on

2018-12-11 15:35:30 - [MESSAGE][PASSED] - Object: 'Object Repository/Final Object Repo/Page_Update Add New Employee - ASSIST/Select Socso Employement Startdate Month' is clicked on

2018-12-11 15:35:30 - [TEST_STEP][PASSED] - delay: Delayed 2 second(s)

2018-12-11 15:35:32 - [MESSAGE][PASSED] - Delayed 2 second(s)

2018-12-11 15:35:32 - [TEST_STEP][PASSED] - click: Object: 'Object Repository/Final Object Repo/Page_Update Add New Employee - ASSIST/Socso Employment StartDate Year' is clicked on

2018-12-11 15:35:32 - [MESSAGE][PASSED] - Object: 'Object Repository/Final Object Repo/Page_Update Add New Employee - ASSIST/Socso Employment StartDate Year' is clicked on

2018-12-11 15:35:32 - [TEST_STEP][PASSED] - delay: Delayed 1 second(s)

2018-12-11 15:35:33 - [MESSAGE][PASSED] - Delayed 1 second(s)

2018-12-11 15:35:33 - [TEST_STEP][PASSED] - click: Object: 'Object Repository/Final Object Repo/Page_Update Add New Employee - ASSIST/Select Socso Employment Startdate Year - Emp Update Add New' is clicked on

2018-12-11 15:35:34 - [MESSAGE][PASSED] - Object: 'Object Repository/Final Object Repo/Page_Update Add New Employee - ASSIST/Select Socso Employment Startdate Year - Emp Update Add New' is clicked on

2018-12-11 15:35:34 - [TEST_STEP][PASSED] - delay: Delayed 2 second(s)

2018-12-11 15:35:36 - [MESSAGE][PASSED] - Delayed 2 second(s)

2018-12-11 15:35:36 - [TEST_STEP][PASSED] - click: Object: 'Object Repository/Final Object Repo/Page_Update Add New Employee - ASSIST/Socso Employment Start Date Day' is clicked on

2018-12-11 15:35:36 - [MESSAGE][PASSED] - Object: 'Object Repository/Final Object Repo/Page_Update Add New Employee - ASSIST/Socso Employment Start Date Day' is clicked on

2018-12-11 15:35:36 - [TEST_STEP][PASSED] - delay: Delayed 2 second(s)

2018-12-11 15:35:38 - [MESSAGE][PASSED] - Delayed 2 second(s)

2018-12-11 15:35:38 - [TEST_STEP][PASSED] - click: Object: 'Object Repository/Final Object Repo/Page_Update Add New Employee - ASSIST/Save Button for Add Employee' is clicked on

2018-12-11 15:35:38 - [MESSAGE][PASSED] - Object: 'Object Repository/Final Object Repo/Page_Update Add New Employee - ASSIST/Save Button for Add Employee' is clicked on

2018-12-11 15:35:38 - [MESSAGE][PASSED] - Call Test Case 'Test Cases/Final Aug 2018 - PKS Automation/Registration Module/Workflow/Update Add New Employee/Template/Employee Adding/Employee Adding Action liability date change - Employer Access' successfully

2018-12-11 15:35:38 - [TEST_STEP][PASSED] - delay: Delayed 4 second(s)

2018-12-11 15:35:42 - [MESSAGE][PASSED] - Delayed 4 second(s)

2018-12-11 15:35:42 - [TEST_STEP][PASSED] - Statement - CaseReferenceNo = com.kms.katalon.core.webui.keyword.WebUiBuiltInKeywords.getText(com.kms.katalon.core.testobject.ObjectRepository.findTestObject(Final Object Repo/Page_Update Add New Employee - ASSIST/RefNo)): Text of object 'Object Repository/Final Object Repo/Page_Update Add New Employee - ASSIST/RefNo' is: 'CAN12201800002300'

2018-12-11 15:35:43 - [MESSAGE][PASSED] - Text of object 'Object Repository/Final Object Repo/Page_Update Add New Employee - ASSIST/RefNo' is: 'CAN12201800002300'

2018-12-11 15:35:43 - [TEST_STEP][PASSED] - callTestCase: Call Test Case 'Test Cases/Final Aug 2018 - PKS Automation/Common/Reference Number Setter' successfully

2018-12-11 15:35:43 - [TEST_CASE][PASSED] - Test Cases/Final Aug 2018 - PKS Automation/Common/Reference Number Setter: Test Cases/Final Aug 2018 - PKS Automation/Common/Reference Number Setter

2018-12-11 15:35:43 - [TEST_STEP][PASSED] - Statement - RefNoOldFile = new java.io.File(C://Users//Admin//Desktop//PKS//Automation Reference Point//KatalonReference.txt): null

2018-12-11 15:35:43 - [TEST_STEP][PASSED] - Statement - RefNoOldFile.delete(): null

2018-12-11 15:35:43 - [TEST_STEP][PASSED] - delay: Delayed 5 second(s)

2018-12-11 15:35:48 - [MESSAGE][PASSED] - Delayed 5 second(s)

2018-12-11 15:35:48 - [TEST_STEP][PASSED] - Statement - RefNo = new java.io.File(C://Users//Admin//Desktop//PKS//Automation Reference Point//KatalonReference.txt): null

2018-12-11 15:35:48 - [TEST_STEP][PASSED] - Statement - f2 = new java.io.FileWriter(RefNo, false): null

2018-12-11 15:35:48 - [TEST_STEP][PASSED] - Statement - f2.write(CaseReferenceNo): null

2018-12-11 15:35:48 - [TEST_STEP][PASSED] - Statement - f2.close(): null

2018-12-11 15:35:48 - [TEST_STEP][PASSED] - Statement - out.println("


" + CaseReferenceNo + "


"): null

2018-12-11 15:35:48 - [MESSAGE][PASSED] - Call Test Case 'Test Cases/Final Aug 2018 - PKS Automation/Common/Reference Number Setter' successfully

2018-12-11 15:35:48 - [TEST_STEP][PASSED] - delay: Delayed 5 second(s)

2018-12-11 15:35:53 - [MESSAGE][PASSED] - Delayed 5 second(s)

2018-12-11 15:35:53 - [TEST_STEP][PASSED] - click: Object: 'Object Repository/Final Object Repo/Page_Update Add New Employee - ASSIST/Save  Continue Button' is clicked on

2018-12-11 15:35:53 - [MESSAGE][PASSED] - Object: 'Object Repository/Final Object Repo/Page_Update Add New Employee - ASSIST/Save  Continue Button' is clicked on

2018-12-11 15:35:53 - [TEST_STEP][PASSED] - delay: Delayed 4 second(s)

2018-12-11 15:35:57 - [MESSAGE][PASSED] - Delayed 4 second(s)

2018-12-11 15:35:57 - [TEST_STEP][PASSED] - click: Object: 'Object Repository/Final Object Repo/Page_Update Add New Employee - ASSIST/Save  Continue Third Screen' is clicked on

2018-12-11 15:36:00 - [MESSAGE][PASSED] - Object: 'Object Repository/Final Object Repo/Page_Update Add New Employee - ASSIST/Save  Continue Third Screen' is clicked on

2018-12-11 15:36:00 - [TEST_STEP][PASSED] - delay: Delayed 4 second(s)

2018-12-11 15:36:04 - [MESSAGE][PASSED] - Delayed 4 second(s)

2018-12-11 15:36:04 - [TEST_STEP][PASSED] - click: Object: 'Object Repository/Final Object Repo/Page_Update Add New Employee - ASSIST/Save   Continue Supporting Doc Page' is clicked on

2018-12-11 15:36:04 - [MESSAGE][PASSED] - Object: 'Object Repository/Final Object Repo/Page_Update Add New Employee - ASSIST/Save   Continue Supporting Doc Page' is clicked on

2018-12-11 15:36:04 - [TEST_STEP][PASSED] - delay: Delayed 4 second(s)

2018-12-11 15:36:08 - [MESSAGE][PASSED] - Delayed 4 second(s)

2018-12-11 15:36:08 - [TEST_STEP][PASSED] - click: Object: 'Object Repository/Final Object Repo/Page_Update Add New Employee - ASSIST/Submit Button' is clicked on

2018-12-11 15:36:08 - [MESSAGE][PASSED] - Object: 'Object Repository/Final Object Repo/Page_Update Add New Employee - ASSIST/Submit Button' is clicked on

2018-12-11 15:36:08 - [TEST_STEP][PASSED] - delay: Delayed 4 second(s)

2018-12-11 15:36:12 - [MESSAGE][PASSED] - Delayed 4 second(s)

2018-12-11 15:36:12 - [TEST_STEP][PASSED] - click: Object: 'Object Repository/Final Object Repo/Page_Update Add New Employee - ASSIST/Confirm Submit Button' is clicked on

2018-12-11 15:36:12 - [MESSAGE][PASSED] - Object: 'Object Repository/Final Object Repo/Page_Update Add New Employee - ASSIST/Confirm Submit Button' is clicked on

2018-12-11 15:36:12 - [TEST_STEP][PASSED] - delay: Delayed 30 second(s)

2018-12-11 15:36:42 - [MESSAGE][PASSED] - Delayed 30 second(s)

2018-12-11 15:36:42 - [TEST_STEP][PASSED] - callTestCase: Call Test Case 'Test Cases/Final Aug 2018 - PKS Automation/Common/Screenshoting tool' successfully

2018-12-11 15:36:42 - [TEST_CASE][PASSED] - Test Cases/Final Aug 2018 - PKS Automation/Common/Screenshoting tool: Test Cases/Final Aug 2018 - PKS Automation/Common/Screenshoting tool

2018-12-11 15:36:42 - [TEST_STEP][PASSED] - delay: Delayed 15 second(s)

2018-12-11 15:36:57 - [MESSAGE][PASSED] - Delayed 15 second(s)

2018-12-11 15:36:57 - [TEST_STEP][PASSED] - Statement - driver = com.kms.katalon.core.webui.driver.DriverFactory.getWebDriver(): null

2018-12-11 15:36:57 - [TEST_STEP][PASSED] - Statement - driver.manage().timeouts().implicitlyWait(10, SECONDS): null

2018-12-11 15:36:57 - [TEST_STEP][PASSED] - Statement - PresavePath = KatalonScreenshots: null

2018-12-11 15:36:57 - [TEST_STEP][PASSED] - Statement - pathPrefix = "C:\Users\Public\Pictures\Sample Pictures\Katalon Screenshots\Automate Ending Screen": null

2018-12-11 15:36:57 - [TEST_STEP][PASSED] - Statement - finalPath = <not implemented yet for class: org.codehaus.groovy.ast.expr.EmptyExpression>: null

2018-12-11 15:36:57 - [TEST_STEP][PASSED] - Statement - scrFile = driver.getScreenshotAs(FILE): null

2018-12-11 15:36:58 - [TEST_STEP][PASSED] - Statement - PreSaveFile = new java.io.File(PresavePath): null

2018-12-11 15:36:58 - [TEST_STEP][PASSED] - Statement - counter = 0: null

2018-12-11 15:36:58 - [TEST_STEP][PASSED] - Statement - If (PreSaveFile.exists()): null

2018-12-11 15:36:58 - [TEST_STEP][PASSED] - Statement - While (PreSaveFile.exists()): null

2018-12-11 15:36:58 - [TEST_STEP][PASSED] - Statement - counter = counter + 1: null

2018-12-11 15:36:58 - [TEST_STEP][PASSED] - Statement - PreSaveFile = new java.io.File(((pathPrefix + java.lang.Integer.toString(counter)) + .png)): null

2018-12-11 15:36:58 - [TEST_STEP][PASSED] - Statement - counter = counter + 1: null

2018-12-11 15:36:58 - [TEST_STEP][PASSED] - Statement - PreSaveFile = new java.io.File(((pathPrefix + java.lang.Integer.toString(counter)) + .png)): null

2018-12-11 15:36:58 - [TEST_STEP][PASSED] - Statement - counter = counter + 1: null

2018-12-11 15:36:58 - [TEST_STEP][PASSED] - Statement - PreSaveFile = new java.io.File(((pathPrefix + java.lang.Integer.toString(counter)) + .png)): null

2018-12-11 15:36:58 - [TEST_STEP][PASSED] - Statement - counter = counter + 1: null

2018-12-11 15:36:58 - [TEST_STEP][PASSED] - Statement - PreSaveFile = new java.io.File(((pathPrefix + java.lang.Integer.toString(counter)) + .png)): null

2018-12-11 15:36:58 - [TEST_STEP][PASSED] - Statement - counter = counter + 1: null

2018-12-11 15:36:58 - [TEST_STEP][PASSED] - Statement - PreSaveFile = new java.io.File(((pathPrefix + java.lang.Integer.toString(counter)) + .png)): null

2018-12-11 15:36:58 - [TEST_STEP][PASSED] - Statement - counter = counter + 1: null

2018-12-11 15:36:58 - [TEST_STEP][PASSED] - Statement - PreSaveFile = new java.io.File(((pathPrefix + java.lang.Integer.toString(counter)) + .png)): null

2018-12-11 15:36:58 - [TEST_STEP][PASSED] - Statement - counter = counter + 1: null

2018-12-11 15:36:58 - [TEST_STEP][PASSED] - Statement - PreSaveFile = new java.io.File(((pathPrefix + java.lang.Integer.toString(counter)) + .png)): null

2018-12-11 15:36:58 - [TEST_STEP][PASSED] - Statement - counter = counter + 1: null

2018-12-11 15:36:58 - [TEST_STEP][PASSED] - Statement - PreSaveFile = new java.io.File(((pathPrefix + java.lang.Integer.toString(counter)) + .png)): null

2018-12-11 15:36:58 - [TEST_STEP][PASSED] - Statement - counter = counter + 1: null

2018-12-11 15:36:58 - [TEST_STEP][PASSED] - Statement - PreSaveFile = new java.io.File(((pathPrefix + java.lang.Integer.toString(counter)) + .png)): null

2018-12-11 15:36:58 - [TEST_STEP][PASSED] - Statement - counter = counter + 1: null

2018-12-11 15:36:58 - [TEST_STEP][PASSED] - Statement - PreSaveFile = new java.io.File(((pathPrefix + java.lang.Integer.toString(counter)) + .png)): null

2018-12-11 15:36:58 - [TEST_STEP][PASSED] - Statement - counter = counter + 1: null

2018-12-11 15:36:58 - [TEST_STEP][PASSED] - Statement - PreSaveFile = new java.io.File(((pathPrefix + java.lang.Integer.toString(counter)) + .png)): null

2018-12-11 15:36:58 - [TEST_STEP][PASSED] - Statement - counter = counter + 1: null

2018-12-11 15:36:58 - [TEST_STEP][PASSED] - Statement - PreSaveFile = new java.io.File(((pathPrefix + java.lang.Integer.toString(counter)) + .png)): null

2018-12-11 15:36:58 - [TEST_STEP][PASSED] - Statement - counter = counter + 1: null

2018-12-11 15:36:58 - [TEST_STEP][PASSED] - Statement - PreSaveFile = new java.io.File(((pathPrefix + java.lang.Integer.toString(counter)) + .png)): null

2018-12-11 15:36:58 - [TEST_STEP][PASSED] - Statement - counter = counter + 1: null

2018-12-11 15:36:58 - [TEST_STEP][PASSED] - Statement - PreSaveFile = new java.io.File(((pathPrefix + java.lang.Integer.toString(counter)) + .png)): null

2018-12-11 15:36:58 - [TEST_STEP][PASSED] - Statement - counter = counter + 1: null

2018-12-11 15:36:58 - [TEST_STEP][PASSED] - Statement - PreSaveFile = new java.io.File(((pathPrefix + java.lang.Integer.toString(counter)) + .png)): null

2018-12-11 15:36:58 - [TEST_STEP][PASSED] - Statement - counter = counter + 1: null

2018-12-11 15:36:58 - [TEST_STEP][PASSED] - Statement - PreSaveFile = new java.io.File(((pathPrefix + java.lang.Integer.toString(counter)) + .png)): null

2018-12-11 15:36:58 - [TEST_STEP][PASSED] - Statement - counter = counter + 1: null

2018-12-11 15:36:58 - [TEST_STEP][PASSED] - Statement - PreSaveFile = new java.io.File(((pathPrefix + java.lang.Integer.toString(counter)) + .png)): null

2018-12-11 15:36:58 - [TEST_STEP][PASSED] - Statement - counter = counter + 1: null

2018-12-11 15:36:58 - [TEST_STEP][PASSED] - Statement - PreSaveFile = new java.io.File(((pathPrefix + java.lang.Integer.toString(counter)) + .png)): null

2018-12-11 15:36:58 - [TEST_STEP][PASSED] - Statement - counter = counter + 1: null

2018-12-11 15:36:58 - [TEST_STEP][PASSED] - Statement - PreSaveFile = new java.io.File(((pathPrefix + java.lang.Integer.toString(counter)) + .png)): null

2018-12-11 15:36:58 - [TEST_STEP][PASSED] - Statement - counter = counter + 1: null

2018-12-11 15:36:58 - [TEST_STEP][PASSED] - Statement - PreSaveFile = new java.io.File(((pathPrefix + java.lang.Integer.toString(counter)) + .png)): null

2018-12-11 15:36:58 - [TEST_STEP][PASSED] - Statement - counter = counter + 1: null

2018-12-11 15:36:58 - [TEST_STEP][PASSED] - Statement - PreSaveFile = new java.io.File(((pathPrefix + java.lang.Integer.toString(counter)) + .png)): null

2018-12-11 15:36:58 - [TEST_STEP][PASSED] - Statement - counter = counter + 1: null

2018-12-11 15:36:58 - [TEST_STEP][PASSED] - Statement - PreSaveFile = new java.io.File(((pathPrefix + java.lang.Integer.toString(counter)) + .png)): null

2018-12-11 15:36:58 - [TEST_STEP][PASSED] - Statement - counter = counter + 1: null

2018-12-11 15:36:58 - [TEST_STEP][PASSED] - Statement - PreSaveFile = new java.io.File(((pathPrefix + java.lang.Integer.toString(counter)) + .png)): null

2018-12-11 15:36:58 - [TEST_STEP][PASSED] - Statement - counter = counter + 1: null

2018-12-11 15:36:58 - [TEST_STEP][PASSED] - Statement - PreSaveFile = new java.io.File(((pathPrefix + java.lang.Integer.toString(counter)) + .png)): null

2018-12-11 15:36:58 - [TEST_STEP][PASSED] - Statement - counter = counter + 1: null

2018-12-11 15:36:58 - [TEST_STEP][PASSED] - Statement - PreSaveFile = new java.io.File(((pathPrefix + java.lang.Integer.toString(counter)) + .png)): null

2018-12-11 15:36:58 - [TEST_STEP][PASSED] - Statement - counter = counter + 1: null

2018-12-11 15:36:58 - [TEST_STEP][PASSED] - Statement - PreSaveFile = new java.io.File(((pathPrefix + java.lang.Integer.toString(counter)) + .png)): null

2018-12-11 15:36:58 - [TEST_STEP][PASSED] - Statement - counter = counter + 1: null

2018-12-11 15:36:58 - [TEST_STEP][PASSED] - Statement - PreSaveFile = new java.io.File(((pathPrefix + java.lang.Integer.toString(counter)) + .png)): null

2018-12-11 15:36:58 - [TEST_STEP][PASSED] - Statement - counter = counter + 1: null

2018-12-11 15:36:58 - [TEST_STEP][PASSED] - Statement - PreSaveFile = new java.io.File(((pathPrefix + java.lang.Integer.toString(counter)) + .png)): null

2018-12-11 15:36:58 - [TEST_STEP][PASSED] - Statement - counter = counter + 1: null

2018-12-11 15:36:58 - [TEST_STEP][PASSED] - Statement - PreSaveFile = new java.io.File(((pathPrefix + java.lang.Integer.toString(counter)) + .png)): null

2018-12-11 15:36:58 - [TEST_STEP][PASSED] - Statement - counter = counter + 1: null

2018-12-11 15:36:58 - [TEST_STEP][PASSED] - Statement - PreSaveFile = new java.io.File(((pathPrefix + java.lang.Integer.toString(counter)) + .png)): null

2018-12-11 15:36:58 - [TEST_STEP][PASSED] - Statement - counter = counter + 1: null

2018-12-11 15:36:58 - [TEST_STEP][PASSED] - Statement - PreSaveFile = new java.io.File(((pathPrefix + java.lang.Integer.toString(counter)) + .png)): null

2018-12-11 15:36:58 - [TEST_STEP][PASSED] - Statement - counter = counter + 1: null

2018-12-11 15:36:58 - [TEST_STEP][PASSED] - Statement - PreSaveFile = new java.io.File(((pathPrefix + java.lang.Integer.toString(counter)) + .png)): null

2018-12-11 15:36:58 - [TEST_STEP][PASSED] - Statement - counter = counter + 1: null

2018-12-11 15:36:58 - [TEST_STEP][PASSED] - Statement - PreSaveFile = new java.io.File(((pathPrefix + java.lang.Integer.toString(counter)) + .png)): null

2018-12-11 15:36:58 - [TEST_STEP][PASSED] - Statement - counter = counter + 1: null

2018-12-11 15:36:58 - [TEST_STEP][PASSED] - Statement - PreSaveFile = new java.io.File(((pathPrefix + java.lang.Integer.toString(counter)) + .png)): null

2018-12-11 15:36:58 - [TEST_STEP][PASSED] - Statement - counter = counter + 1: null

2018-12-11 15:36:58 - [TEST_STEP][PASSED] - Statement - PreSaveFile = new java.io.File(((pathPrefix + java.lang.Integer.toString(counter)) + .png)): null

2018-12-11 15:36:58 - [TEST_STEP][PASSED] - Statement - counter = counter + 1: null

2018-12-11 15:36:58 - [TEST_STEP][PASSED] - Statement - PreSaveFile = new java.io.File(((pathPrefix + java.lang.Integer.toString(counter)) + .png)): null

2018-12-11 15:36:58 - [TEST_STEP][PASSED] - Statement - counter = counter + 1: null

2018-12-11 15:36:58 - [TEST_STEP][PASSED] - Statement - PreSaveFile = new java.io.File(((pathPrefix + java.lang.Integer.toString(counter)) + .png)): null

2018-12-11 15:36:58 - [TEST_STEP][PASSED] - Statement - counter = counter + 1: null

2018-12-11 15:36:58 - [TEST_STEP][PASSED] - Statement - PreSaveFile = new java.io.File(((pathPrefix + java.lang.Integer.toString(counter)) + .png)): null

2018-12-11 15:36:58 - [TEST_STEP][PASSED] - Statement - counter = counter + 1: null

2018-12-11 15:36:58 - [TEST_STEP][PASSED] - Statement - PreSaveFile = new java.io.File(((pathPrefix + java.lang.Integer.toString(counter)) + .png)): null

2018-12-11 15:36:58 - [TEST_STEP][PASSED] - Statement - counter = counter + 1: null

2018-12-11 15:36:58 - [TEST_STEP][PASSED] - Statement - PreSaveFile = new java.io.File(((pathPrefix + java.lang.Integer.toString(counter)) + .png)): null

2018-12-11 15:36:58 - [TEST_STEP][PASSED] - Statement - counter = counter + 1: null

2018-12-11 15:36:58 - [TEST_STEP][PASSED] - Statement - PreSaveFile = new java.io.File(((pathPrefix + java.lang.Integer.toString(counter)) + .png)): null

2018-12-11 15:36:58 - [TEST_STEP][PASSED] - Statement - counter = counter + 1: null

2018-12-11 15:36:58 - [TEST_STEP][PASSED] - Statement - PreSaveFile = new java.io.File(((pathPrefix + java.lang.Integer.toString(counter)) + .png)): null

2018-12-11 15:36:58 - [TEST_STEP][PASSED] - Statement - counter = counter + 1: null

2018-12-11 15:36:58 - [TEST_STEP][PASSED] - Statement - PreSaveFile = new java.io.File(((pathPrefix + java.lang.Integer.toString(counter)) + .png)): null

2018-12-11 15:36:58 - [TEST_STEP][PASSED] - Statement - counter = counter + 1: null

2018-12-11 15:36:58 - [TEST_STEP][PASSED] - Statement - PreSaveFile = new java.io.File(((pathPrefix + java.lang.Integer.toString(counter)) + .png)): null

2018-12-11 15:36:58 - [TEST_STEP][PASSED] - Statement - counter = counter + 1: null

2018-12-11 15:36:58 - [TEST_STEP][PASSED] - Statement - PreSaveFile = new java.io.File(((pathPrefix + java.lang.Integer.toString(counter)) + .png)): null

2018-12-11 15:36:58 - [TEST_STEP][PASSED] - Statement - counter = counter + 1: null

2018-12-11 15:36:58 - [TEST_STEP][PASSED] - Statement - PreSaveFile = new java.io.File(((pathPrefix + java.lang.Integer.toString(counter)) + .png)): null

2018-12-11 15:36:58 - [TEST_STEP][PASSED] - Statement - counter = counter + 1: null

2018-12-11 15:36:58 - [TEST_STEP][PASSED] - Statement - PreSaveFile = new java.io.File(((pathPrefix + java.lang.Integer.toString(counter)) + .png)): null

2018-12-11 15:36:58 - [TEST_STEP][PASSED] - Statement - counter = counter + 1: null

2018-12-11 15:36:58 - [TEST_STEP][PASSED] - Statement - PreSaveFile = new java.io.File(((pathPrefix + java.lang.Integer.toString(counter)) + .png)): null

2018-12-11 15:36:58 - [TEST_STEP][PASSED] - Statement - counter = counter + 1: null

2018-12-11 15:36:58 - [TEST_STEP][PASSED] - Statement - PreSaveFile = new java.io.File(((pathPrefix + java.lang.Integer.toString(counter)) + .png)): null

2018-12-11 15:36:58 - [TEST_STEP][PASSED] - Statement - counter = counter + 1: null

2018-12-11 15:36:58 - [TEST_STEP][PASSED] - Statement - PreSaveFile = new java.io.File(((pathPrefix + java.lang.Integer.toString(counter)) + .png)): null

2018-12-11 15:36:58 - [TEST_STEP][PASSED] - Statement - counter = counter + 1: null

2018-12-11 15:36:58 - [TEST_STEP][PASSED] - Statement - PreSaveFile = new java.io.File(((pathPrefix + java.lang.Integer.toString(counter)) + .png)): null

2018-12-11 15:36:58 - [TEST_STEP][PASSED] - Statement - counter = counter + 1: null

2018-12-11 15:36:58 - [TEST_STEP][PASSED] - Statement - PreSaveFile = new java.io.File(((pathPrefix + java.lang.Integer.toString(counter)) + .png)): null

2018-12-11 15:36:58 - [TEST_STEP][PASSED] - Statement - counter = counter + 1: null

2018-12-11 15:36:58 - [TEST_STEP][PASSED] - Statement - PreSaveFile = new java.io.File(((pathPrefix + java.lang.Integer.toString(counter)) + .png)): null

2018-12-11 15:36:58 - [TEST_STEP][PASSED] - Statement - counter = counter + 1: null

2018-12-11 15:36:58 - [TEST_STEP][PASSED] - Statement - PreSaveFile = new java.io.File(((pathPrefix + java.lang.Integer.toString(counter)) + .png)): null

2018-12-11 15:36:58 - [TEST_STEP][PASSED] - Statement - counter = counter + 1: null

2018-12-11 15:36:58 - [TEST_STEP][PASSED] - Statement - PreSaveFile = new java.io.File(((pathPrefix + java.lang.Integer.toString(counter)) + .png)): null

2018-12-11 15:36:58 - [TEST_STEP][PASSED] - Statement - counter = counter + 1: null

2018-12-11 15:36:58 - [TEST_STEP][PASSED] - Statement - PreSaveFile = new java.io.File(((pathPrefix + java.lang.Integer.toString(counter)) + .png)): null

2018-12-11 15:36:58 - [TEST_STEP][PASSED] - Statement - counter = counter + 1: null

2018-12-11 15:36:58 - [TEST_STEP][PASSED] - Statement - PreSaveFile = new java.io.File(((pathPrefix + java.lang.Integer.toString(counter)) + .png)): null

2018-12-11 15:36:58 - [TEST_STEP][PASSED] - Statement - counter = counter + 1: null

2018-12-11 15:36:58 - [TEST_STEP][PASSED] - Statement - PreSaveFile = new java.io.File(((pathPrefix + java.lang.Integer.toString(counter)) + .png)): null

2018-12-11 15:36:58 - [TEST_STEP][PASSED] - Statement - counter = counter + 1: null

2018-12-11 15:36:58 - [TEST_STEP][PASSED] - Statement - PreSaveFile = new java.io.File(((pathPrefix + java.lang.Integer.toString(counter)) + .png)): null

2018-12-11 15:36:58 - [TEST_STEP][PASSED] - Statement - counter = counter + 1: null

2018-12-11 15:36:58 - [TEST_STEP][PASSED] - Statement - PreSaveFile = new java.io.File(((pathPrefix + java.lang.Integer.toString(counter)) + .png)): null

2018-12-11 15:36:58 - [TEST_STEP][PASSED] - Statement - counter = counter + 1: null

2018-12-11 15:36:58 - [TEST_STEP][PASSED] - Statement - PreSaveFile = new java.io.File(((pathPrefix + java.lang.Integer.toString(counter)) + .png)): null

2018-12-11 15:36:58 - [TEST_STEP][PASSED] - Statement - counter = counter + 1: null

2018-12-11 15:36:58 - [TEST_STEP][PASSED] - Statement - PreSaveFile = new java.io.File(((pathPrefix + java.lang.Integer.toString(counter)) + .png)): null

2018-12-11 15:36:58 - [TEST_STEP][PASSED] - Statement - counter = counter + 1: null

2018-12-11 15:36:58 - [TEST_STEP][PASSED] - Statement - PreSaveFile = new java.io.File(((pathPrefix + java.lang.Integer.toString(counter)) + .png)): null

2018-12-11 15:36:58 - [TEST_STEP][PASSED] - Statement - counter = counter + 1: null

2018-12-11 15:36:58 - [TEST_STEP][PASSED] - Statement - PreSaveFile = new java.io.File(((pathPrefix + java.lang.Integer.toString(counter)) + .png)): null

2018-12-11 15:36:58 - [TEST_STEP][PASSED] - Statement - counter = counter + 1: null

2018-12-11 15:36:58 - [TEST_STEP][PASSED] - Statement - PreSaveFile = new java.io.File(((pathPrefix + java.lang.Integer.toString(counter)) + .png)): null

2018-12-11 15:36:58 - [TEST_STEP][PASSED] - Statement - counter = counter + 1: null

2018-12-11 15:36:58 - [TEST_STEP][PASSED] - Statement - PreSaveFile = new java.io.File(((pathPrefix + java.lang.Integer.toString(counter)) + .png)): null

2018-12-11 15:36:58 - [TEST_STEP][PASSED] - Statement - counter = counter + 1: null

2018-12-11 15:36:58 - [TEST_STEP][PASSED] - Statement - PreSaveFile = new java.io.File(((pathPrefix + java.lang.Integer.toString(counter)) + .png)): null

2018-12-11 15:36:58 - [TEST_STEP][PASSED] - Statement - counter = counter + 1: null

2018-12-11 15:36:58 - [TEST_STEP][PASSED] - Statement - PreSaveFile = new java.io.File(((pathPrefix + java.lang.Integer.toString(counter)) + .png)): null

2018-12-11 15:36:58 - [TEST_STEP][PASSED] - Statement - counter = counter + 1: null

2018-12-11 15:36:58 - [TEST_STEP][PASSED] - Statement - PreSaveFile = new java.io.File(((pathPrefix + java.lang.Integer.toString(counter)) + .png)): null

2018-12-11 15:36:58 - [TEST_STEP][PASSED] - Statement - counter = counter + 1: null

2018-12-11 15:36:58 - [TEST_STEP][PASSED] - Statement - PreSaveFile = new java.io.File(((pathPrefix + java.lang.Integer.toString(counter)) + .png)): null

2018-12-11 15:36:58 - [TEST_STEP][PASSED] - Statement - counter = counter + 1: null

2018-12-11 15:36:58 - [TEST_STEP][PASSED] - Statement - PreSaveFile = new java.io.File(((pathPrefix + java.lang.Integer.toString(counter)) + .png)): null

2018-12-11 15:36:58 - [TEST_STEP][PASSED] - Statement - finalPath = pathPrefix + java.lang.Integer.toString(counter) + ".png": null

2018-12-11 15:36:58 - [TEST_STEP][PASSED] - Statement - SaveFile = new java.io.File(finalPath): null

2018-12-11 15:36:58 - [TEST_STEP][PASSED] - Statement - Try: null

2018-12-11 15:36:58 - [TEST_STEP][PASSED] - Statement - org.apache.commons.io.FileUtils.copyFile(scrFile, SaveFile): null

2018-12-11 15:36:58 - [TEST_STEP][PASSED] - Statement - out.println("file kept"): null

2018-12-11 15:36:58 - [TEST_STEP][PASSED] - delay: Delayed 10 second(s)

2018-12-11 15:37:08 - [MESSAGE][PASSED] - Delayed 10 second(s)

2018-12-11 15:37:08 - [MESSAGE][PASSED] - Call Test Case 'Test Cases/Final Aug 2018 - PKS Automation/Common/Screenshoting tool' successfully

2018-12-11 15:37:08 - [TEST_STEP][PASSED] - callTestCase: Call Test Case 'Test Cases/Final Aug 2018 - PKS Automation/Registration Module/Log Out/log out avoiding katalon tagging' successfully

2018-12-11 15:37:08 - [TEST_CASE][PASSED] - Test Cases/Final Aug 2018 - PKS Automation/Registration Module/Log Out/log out avoiding katalon tagging: Test Cases/Final Aug 2018 - PKS Automation/Registration Module/Log Out/log out avoiding katalon tagging

2018-12-11 15:37:08 - [TEST_STEP][PASSED] - navigateToUrl: Navigate to 'https://assist2-uat.perkeso.gov.my/c/portal/logout' successfully

2018-12-11 15:37:09 - [MESSAGE][PASSED] - Navigate to 'https://assist2-uat.perkeso.gov.my/c/portal/logout' successfully

2018-12-11 15:37:09 - [MESSAGE][PASSED] - Call Test Case 'Test Cases/Final Aug 2018 - PKS Automation/Registration Module/Log Out/log out avoiding katalon tagging' successfully

2018-12-11 15:37:09 - [TEST_STEP][PASSED] - callTestCase: Call Test Case 'Test Cases/Final Aug 2018 - PKS Automation/Common/Workflow Owner Finder' successfully

2018-12-11 15:37:09 - [TEST_CASE][PASSED] - Test Cases/Final Aug 2018 - PKS Automation/Common/Workflow Owner Finder: Test Cases/Final Aug 2018 - PKS Automation/Common/Workflow Owner Finder

2018-12-11 15:37:09 - [TEST_STEP][PASSED] - openBrowser: Browser is opened with url: ''

2018-12-11 15:37:09 - [MESSAGE][WARNING] - A browser is already opened. Closing browser and opening a new one

2018-12-11 15:37:17 - [MESSAGE][PASSED] - Browser is opened with url: ''

2018-12-11 15:37:17 - [TEST_STEP][PASSED] - navigateToUrl: Navigate to 'https://assist2-uat.perkeso.gov.my/login' successfully

2018-12-11 15:37:19 - [MESSAGE][PASSED] - Navigate to 'https://assist2-uat.perkeso.gov.my/login' successfully

2018-12-11 15:37:19 - [TEST_STEP][PASSED] - delay: Delayed 5 second(s)

2018-12-11 15:37:24 - [MESSAGE][PASSED] - Delayed 5 second(s)

2018-12-11 15:37:24 - [TEST_STEP][PASSED] - setText: Text 'test@liferay.com' is set on object 'Object Repository/Final Object Repo/Login Page/Internal User/Email Address'

2018-12-11 15:37:24 - [MESSAGE][PASSED] - Text 'test@liferay.com' is set on object 'Object Repository/Final Object Repo/Login Page/Internal User/Email Address'

2018-12-11 15:37:24 - [TEST_STEP][PASSED] - click: Object: 'Object Repository/Final Object Repo/Login Page/Internal User/Next Button' is clicked on

2018-12-11 15:37:25 - [MESSAGE][PASSED] - Object: 'Object Repository/Final Object Repo/Login Page/Internal User/Next Button' is clicked on

2018-12-11 15:37:25 - [TEST_STEP][PASSED] - delay: Delayed 2 second(s)

2018-12-11 15:37:27 - [MESSAGE][PASSED] - Delayed 2 second(s)

2018-12-11 15:37:27 - [TEST_STEP][PASSED] - setText: Text 'test' is set on object 'Object Repository/Final Object Repo/Login Page/Internal User/Password'

2018-12-11 15:37:29 - [MESSAGE][PASSED] - Text 'test' is set on object 'Object Repository/Final Object Repo/Login Page/Internal User/Password'

2018-12-11 15:37:29 - [TEST_STEP][PASSED] - delay: Delayed 2 second(s)

2018-12-11 15:37:31 - [MESSAGE][PASSED] - Delayed 2 second(s)

2018-12-11 15:37:31 - [TEST_STEP][PASSED] - click: Object: 'Object Repository/Final Object Repo/Login Page/Internal User/Login Button' is clicked on

2018-12-11 15:37:32 - [MESSAGE][PASSED] - Object: 'Object Repository/Final Object Repo/Login Page/Internal User/Login Button' is clicked on

2018-12-11 15:37:32 - [TEST_STEP][PASSED] - Statement - tester = com.kms.katalon.core.testobject.ObjectRepository.findTestObject(Final Object Repo/Landing Page/Select to English): Finding Test Object with id 'Object Repository/Final Object Repo/Landing Page/Select to English'

2018-12-11 15:37:32 - [TEST_STEP][PASSED] - Statement - Try: Delayed 2 second(s)

2018-12-11 15:37:32 - [TEST_STEP][PASSED] - Statement - Checker = com.kms.katalon.core.webui.keyword.WebUiBuiltInKeywords.verifyElementNotPresent(tester, 3): Web element with id: 'Object Repository/Final Object Repo/Landing Page/Select to English' located by 'By.xpath: //a[@class = 'taglib-language-list-text' and @lang = 'en-US' and (contains(text(), 'EN') or contains(., 'EN'))]' is not present after '3' second(s)

2018-12-11 15:37:34 - [MESSAGE][PASSED] - Web element with id: 'Object Repository/Final Object Repo/Landing Page/Select to English' located by 'By.xpath: //a[@class = 'taglib-language-list-text' and @lang = 'en-US' and (contains(text(), 'EN') or contains(., 'EN'))]' is not present after '3' second(s)

2018-12-11 15:37:34 - [TEST_STEP][PASSED] - Statement - If (Checker == false): null

2018-12-11 15:37:34 - [TEST_STEP][PASSED] - delay: Delayed 2 second(s)

2018-12-11 15:37:36 - [MESSAGE][PASSED] - Delayed 2 second(s)

2018-12-11 15:37:36 - [TEST_STEP][PASSED] - delay: Delayed 5 second(s)

2018-12-11 15:37:41 - [MESSAGE][PASSED] - Delayed 5 second(s)

2018-12-11 15:37:41 - [TEST_STEP][PASSED] - mouseOver: Object: 'Object Repository/Final Object Repo/Landing Page/WorkFlow Menu' is hovered

2018-12-11 15:37:41 - [MESSAGE][PASSED] - Object: 'Object Repository/Final Object Repo/Landing Page/WorkFlow Menu' is hovered

2018-12-11 15:37:41 - [TEST_STEP][PASSED] - delay: Delayed 2 second(s)

2018-12-11 15:37:43 - [MESSAGE][PASSED] - Delayed 2 second(s)

2018-12-11 15:37:43 - [TEST_STEP][PASSED] - click: Object: 'Object Repository/Final Object Repo/Landing Page/Select to Workflow Listing' is clicked on

2018-12-11 15:37:44 - [MESSAGE][PASSED] - Object: 'Object Repository/Final Object Repo/Landing Page/Select to Workflow Listing' is clicked on

2018-12-11 15:37:44 - [TEST_STEP][PASSED] - delay: Delayed 2 second(s)

2018-12-11 15:37:46 - [MESSAGE][PASSED] - Delayed 2 second(s)

2018-12-11 15:37:46 - [TEST_STEP][PASSED] - click: Object: 'Object Repository/Final Object Repo/WorkFlow Listing Page/Search Information - To Put Ref No' is clicked on

2018-12-11 15:37:46 - [MESSAGE][PASSED] - Object: 'Object Repository/Final Object Repo/WorkFlow Listing Page/Search Information - To Put Ref No' is clicked on

2018-12-11 15:37:46 - [TEST_STEP][PASSED] - delay: Delayed 2 second(s)

2018-12-11 15:37:48 - [MESSAGE][PASSED] - Delayed 2 second(s)

2018-12-11 15:37:48 - [TEST_STEP][PASSED] - callTestCase: Call Test Case 'Test Cases/Final Aug 2018 - PKS Automation/Common/Reference Number Getter' successfully

2018-12-11 15:37:48 - [TEST_CASE][PASSED] - Test Cases/Final Aug 2018 - PKS Automation/Common/Reference Number Getter: Test Cases/Final Aug 2018 - PKS Automation/Common/Reference Number Getter

2018-12-11 15:37:48 - [TEST_STEP][PASSED] - Statement - Try: null

2018-12-11 15:37:48 - [TEST_STEP][PASSED] - Statement - RefNo = new java.io.File(C://Users//Admin//Desktop//PKS//Automation Reference Point//KatalonReference.txt): null

2018-12-11 15:37:48 - [TEST_STEP][PASSED] - Statement - bufferread = new java.io.BufferedReader(new java.io.FileReader(RefNo)): null

2018-12-11 15:37:48 - [TEST_STEP][PASSED] - Statement - readedVal = bufferread.readLine(): null

2018-12-11 15:37:48 - [TEST_STEP][PASSED] - Statement - out.println(CaseReferenceNo): null

2018-12-11 15:37:48 - [TEST_STEP][PASSED] - Statement - out.println(readedVal): null

2018-12-11 15:37:48 - [TEST_STEP][PASSED] - Statement - CaseReferenceNo = "": null

2018-12-11 15:37:48 - [TEST_STEP][PASSED] - Statement - CaseReferenceNo = readedVal: null

2018-12-11 15:37:48 - [MESSAGE][PASSED] - Call Test Case 'Test Cases/Final Aug 2018 - PKS Automation/Common/Reference Number Getter' successfully

2018-12-11 15:37:48 - [TEST_STEP][PASSED] - setText: Text 'CAN12201800002300' is set on object 'Object Repository/Final Object Repo/WorkFlow Listing Page/Ref No Set Text'

2018-12-11 15:37:49 - [MESSAGE][PASSED] - Text 'CAN12201800002300' is set on object 'Object Repository/Final Object Repo/WorkFlow Listing Page/Ref No Set Text'

2018-12-11 15:37:49 - [TEST_STEP][PASSED] - delay: Delayed 2 second(s)

2018-12-11 15:37:51 - [MESSAGE][PASSED] - Delayed 2 second(s)

2018-12-11 15:37:51 - [TEST_STEP][PASSED] - click: Object: 'Object Repository/Final Object Repo/WorkFlow Listing Page/Search Ref No Search Button' is clicked on

2018-12-11 15:37:51 - [MESSAGE][PASSED] - Object: 'Object Repository/Final Object Repo/WorkFlow Listing Page/Search Ref No Search Button' is clicked on

2018-12-11 15:37:51 - [TEST_STEP][PASSED] - delay: Delayed 6 second(s)

2018-12-11 15:37:57 - [MESSAGE][PASSED] - Delayed 6 second(s)

2018-12-11 15:37:57 - [TEST_STEP][PASSED] - click: Object: 'Object Repository/Final Object Repo/WorkFlow Listing Page/Click Continue Tooltip' is clicked on

2018-12-11 15:37:58 - [MESSAGE][PASSED] - Object: 'Object Repository/Final Object Repo/WorkFlow Listing Page/Click Continue Tooltip' is clicked on

2018-12-11 15:37:58 - [TEST_STEP][PASSED] - delay: Delayed 5 second(s)

2018-12-11 15:38:03 - [MESSAGE][PASSED] - Delayed 5 second(s)

2018-12-11 15:38:03 - [TEST_STEP][PASSED] - doubleClick: Object: 'Object Repository/Final Object Repo/WorkFlow Listing Page/Workflow Found - Listing 1' is double clicked on

2018-12-11 15:38:03 - [MESSAGE][PASSED] - Object: 'Object Repository/Final Object Repo/WorkFlow Listing Page/Workflow Found - Listing 1' is double clicked on

2018-12-11 15:38:03 - [TEST_STEP][PASSED] - Statement - println(OwnerID): null

2018-12-11 15:38:03 - [TEST_STEP][PASSED] - Statement - OwnerID = com.kms.katalon.core.webui.keyword.WebUiBuiltInKeywords.getText(com.kms.katalon.core.testobject.ObjectRepository.findTestObject(Final Object Repo/WorkFlow Listing Page/Workflow Found - Listing 1), STOP_ON_FAILURE): Text of object 'Object Repository/Final Object Repo/WorkFlow Listing Page/Workflow Found - Listing 1' is: 'JOHORro1'

2018-12-11 15:38:04 - [MESSAGE][PASSED] - Text of object 'Object Repository/Final Object Repo/WorkFlow Listing Page/Workflow Found - Listing 1' is: 'JOHORro1'

2018-12-11 15:38:04 - [TEST_STEP][PASSED] - Statement - OwnerID = OwnerID.toLowerCase() + "@gmail.com": null

2018-12-11 15:38:04 - [TEST_STEP][PASSED] - Statement - println(OwnerID): null

2018-12-11 15:38:04 - [TEST_STEP][PASSED] - delay: Delayed 2 second(s)

2018-12-11 15:38:06 - [MESSAGE][PASSED] - Delayed 2 second(s)

2018-12-11 15:38:06 - [MESSAGE][PASSED] - Call Test Case 'Test Cases/Final Aug 2018 - PKS Automation/Common/Workflow Owner Finder' successfully

2018-12-11 15:38:06 - [TEST_STEP][PASSED] - callTestCase: Call Test Case 'Test Cases/Final Aug 2018 - PKS Automation/Registration Module/Log Out/log out avoiding katalon tagging' successfully

2018-12-11 15:38:06 - [TEST_CASE][PASSED] - Test Cases/Final Aug 2018 - PKS Automation/Registration Module/Log Out/log out avoiding katalon tagging: Test Cases/Final Aug 2018 - PKS Automation/Registration Module/Log Out/log out avoiding katalon tagging

2018-12-11 15:38:06 - [TEST_STEP][PASSED] - navigateToUrl: Navigate to 'https://assist2-uat.perkeso.gov.my/c/portal/logout' successfully

2018-12-11 15:38:06 - [MESSAGE][PASSED] - Navigate to 'https://assist2-uat.perkeso.gov.my/c/portal/logout' successfully

2018-12-11 15:38:06 - [MESSAGE][PASSED] - Call Test Case 'Test Cases/Final Aug 2018 - PKS Automation/Registration Module/Log Out/log out avoiding katalon tagging' successfully

2018-12-11 15:38:06 - [TEST_STEP][PASSED] - delay: Delayed 2 second(s)

2018-12-11 15:38:08 - [MESSAGE][PASSED] - Delayed 2 second(s)

2018-12-11 15:38:08 - [TEST_STEP][PASSED] - setText: Text 'johorro1@gmail.com' is set on object 'Object Repository/Final Object Repo/Page_Update Add New Employee - ASSIST/Email TextBox'

2018-12-11 15:38:09 - [MESSAGE][PASSED] - Text 'johorro1@gmail.com' is set on object 'Object Repository/Final Object Repo/Page_Update Add New Employee - ASSIST/Email TextBox'

2018-12-11 15:38:09 - [TEST_STEP][PASSED] - click: Object: 'Object Repository/Final Object Repo/Page_Update Add New Employee - ASSIST/Next Button' is clicked on

2018-12-11 15:38:09 - [MESSAGE][PASSED] - Object: 'Object Repository/Final Object Repo/Page_Update Add New Employee - ASSIST/Next Button' is clicked on

2018-12-11 15:38:09 - [TEST_STEP][PASSED] - delay: Delayed 2 second(s)

2018-12-11 15:38:11 - [MESSAGE][PASSED] - Delayed 2 second(s)

2018-12-11 15:38:11 - [TEST_STEP][PASSED] - setText: Text 'Test1@3456789' is set on object 'Object Repository/Final Object Repo/Page_Update Add New Employee - ASSIST/Password TextBox'

2018-12-11 15:38:11 - [MESSAGE][PASSED] - Text 'Test1@3456789' is set on object 'Object Repository/Final Object Repo/Page_Update Add New Employee - ASSIST/Password TextBox'

2018-12-11 15:38:11 - [TEST_STEP][PASSED] - delay: Delayed 2 second(s)

2018-12-11 15:38:13 - [MESSAGE][PASSED] - Delayed 2 second(s)

2018-12-11 15:38:13 - [TEST_STEP][PASSED] - click: Object: 'Object Repository/Final Object Repo/Page_Update Add New Employee - ASSIST/Login Button' is clicked on

2018-12-11 15:38:13 - [MESSAGE][PASSED] - Object: 'Object Repository/Final Object Repo/Page_Update Add New Employee - ASSIST/Login Button' is clicked on

2018-12-11 15:38:13 - [TEST_STEP][PASSED] - delay: Delayed 4 second(s)

2018-12-11 15:38:17 - [MESSAGE][PASSED] - Delayed 4 second(s)

2018-12-11 15:38:17 - [TEST_STEP][PASSED] - Statement - Try: Delayed 2 second(s)

2018-12-11 15:38:17 - [TEST_STEP][PASSED] - Statement - Checker = false: null

2018-12-11 15:38:17 - [TEST_STEP][PASSED] - Statement - Checker = com.kms.katalon.core.webui.keyword.WebUiBuiltInKeywords.verifyElementHasAttribute(com.kms.katalon.core.testobject.ObjectRepository.findTestObject(Final Object Repo/Landing Page/BM Detecting), "href", 20, OPTIONAL): Object 'Object Repository/Final Object Repo/Landing Page/BM Detecting' has attribute 'href'

2018-12-11 15:38:18 - [MESSAGE][PASSED] - Object 'Object Repository/Final Object Repo/Landing Page/BM Detecting' has attribute 'href'

2018-12-11 15:38:18 - [TEST_STEP][PASSED] - Statement - out.println(Checker): null

2018-12-11 15:38:18 - [TEST_STEP][PASSED] - Statement - If (Checker == false): null

2018-12-11 15:38:18 - [TEST_STEP][PASSED] - Statement - Else: null

2018-12-11 15:38:18 - [TEST_STEP][PASSED] - delay: Delayed 2 second(s)

2018-12-11 15:38:20 - [MESSAGE][PASSED] - Delayed 2 second(s)

2018-12-11 15:38:20 - [TEST_STEP][PASSED] - delay: Delayed 4 second(s)

2018-12-11 15:38:24 - [MESSAGE][PASSED] - Delayed 4 second(s)

2018-12-11 15:38:24 - [TEST_STEP][PASSED] - click: Object: 'Object Repository/Final Object Repo/New Registration - Registration Module Pages/New Reg - OTC to RO/Special Case - All Related Objects/Expand to Search' is clicked on

2018-12-11 15:38:24 - [MESSAGE][PASSED] - Object: 'Object Repository/Final Object Repo/New Registration - Registration Module Pages/New Reg - OTC to RO/Special Case - All Related Objects/Expand to Search' is clicked on

2018-12-11 15:38:24 - [TEST_STEP][PASSED] - delay: Delayed 2 second(s)

2018-12-11 15:38:26 - [MESSAGE][PASSED] - Delayed 2 second(s)

2018-12-11 15:38:26 - [TEST_STEP][PASSED] - setText: Text 'CAN12201800002300' is set on object 'Object Repository/Final Object Repo/New Registration - Registration Module Pages/New Reg - OTC to RO/Special Case - All Related Objects/TextBox RefNo in Workbasket'

2018-12-11 15:38:26 - [MESSAGE][PASSED] - Text 'CAN12201800002300' is set on object 'Object Repository/Final Object Repo/New Registration - Registration Module Pages/New Reg - OTC to RO/Special Case - All Related Objects/TextBox RefNo in Workbasket'

2018-12-11 15:38:26 - [TEST_STEP][PASSED] - delay: Delayed 2 second(s)

2018-12-11 15:38:28 - [MESSAGE][PASSED] - Delayed 2 second(s)

2018-12-11 15:38:28 - [TEST_STEP][PASSED] - click: Object: 'Object Repository/Final Object Repo/New Registration - Registration Module Pages/New Reg - OTC to RO/Special Case - All Related Objects/Click Search' is clicked on

2018-12-11 15:38:28 - [MESSAGE][PASSED] - Object: 'Object Repository/Final Object Repo/New Registration - Registration Module Pages/New Reg - OTC to RO/Special Case - All Related Objects/Click Search' is clicked on

2018-12-11 15:38:28 - [TEST_STEP][PASSED] - delay: Delayed 2 second(s)

2018-12-11 15:38:30 - [MESSAGE][PASSED] - Delayed 2 second(s)

2018-12-11 15:38:30 - [TEST_STEP][PASSED] - click: Object: 'Object Repository/Final Object Repo/New Registration - Registration Module Pages/New Reg - OTC to RO/Special Case - All Related Objects/Click to Continue Workflow' is clicked on

2018-12-11 15:38:37 - [MESSAGE][PASSED] - Object: 'Object Repository/Final Object Repo/New Registration - Registration Module Pages/New Reg - OTC to RO/Special Case - All Related Objects/Click to Continue Workflow' is clicked on

2018-12-11 15:38:37 - [TEST_STEP][PASSED] - delay: Delayed 10 second(s)

2018-12-11 15:38:47 - [MESSAGE][PASSED] - Delayed 10 second(s)

2018-12-11 15:38:47 - [TEST_STEP][PASSED] - click: Object: 'Object Repository/Final Object Repo/New Registration - Registration Module Pages/New Reg - OTC to RO/Special Case - All Related Objects/Continue Button in verifying case' is clicked on

2018-12-11 15:38:50 - [MESSAGE][PASSED] - Object: 'Object Repository/Final Object Repo/New Registration - Registration Module Pages/New Reg - OTC to RO/Special Case - All Related Objects/Continue Button in verifying case' is clicked on

2018-12-11 15:38:50 - [TEST_STEP][PASSED] - delay: Delayed 2 second(s)

2018-12-11 15:38:52 - [MESSAGE][PASSED] - Delayed 2 second(s)

2018-12-11 15:38:52 - [TEST_STEP][PASSED] - click: Object: 'Object Repository/Final Object Repo/Page_Update Add New Employee - ASSIST/Save  Continue Button' is clicked on

2018-12-11 15:38:53 - [MESSAGE][PASSED] - Object: 'Object Repository/Final Object Repo/Page_Update Add New Employee - ASSIST/Save  Continue Button' is clicked on

2018-12-11 15:38:53 - [TEST_STEP][PASSED] - delay: Delayed 4 second(s)

2018-12-11 15:38:57 - [MESSAGE][PASSED] - Delayed 4 second(s)

2018-12-11 15:38:57 - [TEST_STEP][PASSED] - click: Object: 'Object Repository/Final Object Repo/Page_Update Add New Employee - ASSIST/Save  Continue Third Screen' is clicked on

2018-12-11 15:38:59 - [MESSAGE][PASSED] - Object: 'Object Repository/Final Object Repo/Page_Update Add New Employee - ASSIST/Save  Continue Third Screen' is clicked on

2018-12-11 15:38:59 - [TEST_STEP][PASSED] - delay: Delayed 4 second(s)

2018-12-11 15:39:03 - [MESSAGE][PASSED] - Delayed 4 second(s)

2018-12-11 15:39:03 - [TEST_STEP][PASSED] - click: Object: 'Object Repository/Final Object Repo/Page_Update Add New Employee - ASSIST/Save   Continue Supporting Doc Page' is clicked on

2018-12-11 15:39:04 - [MESSAGE][PASSED] - Object: 'Object Repository/Final Object Repo/Page_Update Add New Employee - ASSIST/Save   Continue Supporting Doc Page' is clicked on

2018-12-11 15:39:04 - [TEST_STEP][PASSED] - delay: Delayed 4 second(s)

2018-12-11 15:39:08 - [MESSAGE][PASSED] - Delayed 4 second(s)

2018-12-11 15:39:08 - [TEST_STEP][PASSED] - click: Object: 'Object Repository/Final Object Repo/Page_Update Add New Employee - ASSIST/Submit Button' is clicked on

2018-12-11 15:39:08 - [MESSAGE][PASSED] - Object: 'Object Repository/Final Object Repo/Page_Update Add New Employee - ASSIST/Submit Button' is clicked on

2018-12-11 15:39:08 - [TEST_STEP][PASSED] - delay: Delayed 4 second(s)

2018-12-11 15:39:12 - [MESSAGE][PASSED] - Delayed 4 second(s)

2018-12-11 15:39:12 - [TEST_STEP][PASSED] - click: Object: 'Object Repository/Final Object Repo/Page_Update Add New Employee - ASSIST/Confirm Submit Button' is clicked on

2018-12-11 15:39:12 - [MESSAGE][PASSED] - Object: 'Object Repository/Final Object Repo/Page_Update Add New Employee - ASSIST/Confirm Submit Button' is clicked on

2018-12-11 15:39:12 - [TEST_STEP][PASSED] - delay: Delayed 30 second(s)

2018-12-11 15:39:42 - [MESSAGE][PASSED] - Delayed 30 second(s)

2018-12-11 15:39:42 - [TEST_STEP][PASSED] - callTestCase: Call Test Case 'Test Cases/Final Aug 2018 - PKS Automation/Common/Screenshoting tool' successfully

2018-12-11 15:39:42 - [TEST_CASE][PASSED] - Test Cases/Final Aug 2018 - PKS Automation/Common/Screenshoting tool: Test Cases/Final Aug 2018 - PKS Automation/Common/Screenshoting tool

2018-12-11 15:39:42 - [TEST_STEP][PASSED] - delay: Delayed 15 second(s)

2018-12-11 15:39:57 - [MESSAGE][PASSED] - Delayed 15 second(s)

2018-12-11 15:39:57 - [TEST_STEP][PASSED] - Statement - driver = com.kms.katalon.core.webui.driver.DriverFactory.getWebDriver(): null

2018-12-11 15:39:57 - [TEST_STEP][PASSED] - Statement - driver.manage().timeouts().implicitlyWait(10, SECONDS): null

2018-12-11 15:39:57 - [TEST_STEP][PASSED] - Statement - PresavePath = KatalonScreenshots: null

2018-12-11 15:39:57 - [TEST_STEP][PASSED] - Statement - pathPrefix = "C:\Users\Public\Pictures\Sample Pictures\Katalon Screenshots\Automate Ending Screen": null

2018-12-11 15:39:57 - [TEST_STEP][PASSED] - Statement - finalPath = <not implemented yet for class: org.codehaus.groovy.ast.expr.EmptyExpression>: null

2018-12-11 15:39:57 - [TEST_STEP][PASSED] - Statement - scrFile = driver.getScreenshotAs(FILE): null

2018-12-11 15:39:57 - [TEST_STEP][PASSED] - Statement - PreSaveFile = new java.io.File(PresavePath): null

2018-12-11 15:39:57 - [TEST_STEP][PASSED] - Statement - counter = 0: null

2018-12-11 15:39:57 - [TEST_STEP][PASSED] - Statement - If (PreSaveFile.exists()): null

2018-12-11 15:39:57 - [TEST_STEP][PASSED] - Statement - While (PreSaveFile.exists()): null

2018-12-11 15:39:57 - [TEST_STEP][PASSED] - Statement - counter = counter + 1: null

2018-12-11 15:39:57 - [TEST_STEP][PASSED] - Statement - PreSaveFile = new java.io.File(((pathPrefix + java.lang.Integer.toString(counter)) + .png)): null

2018-12-11 15:39:57 - [TEST_STEP][PASSED] - Statement - counter = counter + 1: null

2018-12-11 15:39:57 - [TEST_STEP][PASSED] - Statement - PreSaveFile = new java.io.File(((pathPrefix + java.lang.Integer.toString(counter)) + .png)): null

2018-12-11 15:39:57 - [TEST_STEP][PASSED] - Statement - counter = counter + 1: null

2018-12-11 15:39:57 - [TEST_STEP][PASSED] - Statement - PreSaveFile = new java.io.File(((pathPrefix + java.lang.Integer.toString(counter)) + .png)): null

2018-12-11 15:39:57 - [TEST_STEP][PASSED] - Statement - counter = counter + 1: null

2018-12-11 15:39:57 - [TEST_STEP][PASSED] - Statement - PreSaveFile = new java.io.File(((pathPrefix + java.lang.Integer.toString(counter)) + .png)): null

2018-12-11 15:39:57 - [TEST_STEP][PASSED] - Statement - counter = counter + 1: null

2018-12-11 15:39:57 - [TEST_STEP][PASSED] - Statement - PreSaveFile = new java.io.File(((pathPrefix + java.lang.Integer.toString(counter)) + .png)): null

2018-12-11 15:39:57 - [TEST_STEP][PASSED] - Statement - counter = counter + 1: null

2018-12-11 15:39:57 - [TEST_STEP][PASSED] - Statement - PreSaveFile = new java.io.File(((pathPrefix + java.lang.Integer.toString(counter)) + .png)): null

2018-12-11 15:39:57 - [TEST_STEP][PASSED] - Statement - counter = counter + 1: null

2018-12-11 15:39:57 - [TEST_STEP][PASSED] - Statement - PreSaveFile = new java.io.File(((pathPrefix + java.lang.Integer.toString(counter)) + .png)): null

2018-12-11 15:39:57 - [TEST_STEP][PASSED] - Statement - counter = counter + 1: null

2018-12-11 15:39:57 - [TEST_STEP][PASSED] - Statement - PreSaveFile = new java.io.File(((pathPrefix + java.lang.Integer.toString(counter)) + .png)): null

2018-12-11 15:39:57 - [TEST_STEP][PASSED] - Statement - counter = counter + 1: null

2018-12-11 15:39:57 - [TEST_STEP][PASSED] - Statement - PreSaveFile = new java.io.File(((pathPrefix + java.lang.Integer.toString(counter)) + .png)): null

2018-12-11 15:39:57 - [TEST_STEP][PASSED] - Statement - counter = counter + 1: null

2018-12-11 15:39:57 - [TEST_STEP][PASSED] - Statement - PreSaveFile = new java.io.File(((pathPrefix + java.lang.Integer.toString(counter)) + .png)): null

2018-12-11 15:39:57 - [TEST_STEP][PASSED] - Statement - counter = counter + 1: null

2018-12-11 15:39:57 - [TEST_STEP][PASSED] - Statement - PreSaveFile = new java.io.File(((pathPrefix + java.lang.Integer.toString(counter)) + .png)): null

2018-12-11 15:39:57 - [TEST_STEP][PASSED] - Statement - counter = counter + 1: null

2018-12-11 15:39:57 - [TEST_STEP][PASSED] - Statement - PreSaveFile = new java.io.File(((pathPrefix + java.lang.Integer.toString(counter)) + .png)): null

2018-12-11 15:39:57 - [TEST_STEP][PASSED] - Statement - counter = counter + 1: null

2018-12-11 15:39:57 - [TEST_STEP][PASSED] - Statement - PreSaveFile = new java.io.File(((pathPrefix + java.lang.Integer.toString(counter)) + .png)): null

2018-12-11 15:39:57 - [TEST_STEP][PASSED] - Statement - counter = counter + 1: null

2018-12-11 15:39:57 - [TEST_STEP][PASSED] - Statement - PreSaveFile = new java.io.File(((pathPrefix + java.lang.Integer.toString(counter)) + .png)): null

2018-12-11 15:39:57 - [TEST_STEP][PASSED] - Statement - counter = counter + 1: null

2018-12-11 15:39:57 - [TEST_STEP][PASSED] - Statement - PreSaveFile = new java.io.File(((pathPrefix + java.lang.Integer.toString(counter)) + .png)): null

2018-12-11 15:39:57 - [TEST_STEP][PASSED] - Statement - counter = counter + 1: null

2018-12-11 15:39:57 - [TEST_STEP][PASSED] - Statement - PreSaveFile = new java.io.File(((pathPrefix + java.lang.Integer.toString(counter)) + .png)): null

2018-12-11 15:39:57 - [TEST_STEP][PASSED] - Statement - counter = counter + 1: null

2018-12-11 15:39:57 - [TEST_STEP][PASSED] - Statement - PreSaveFile = new java.io.File(((pathPrefix + java.lang.Integer.toString(counter)) + .png)): null

2018-12-11 15:39:57 - [TEST_STEP][PASSED] - Statement - counter = counter + 1: null

2018-12-11 15:39:57 - [TEST_STEP][PASSED] - Statement - PreSaveFile = new java.io.File(((pathPrefix + java.lang.Integer.toString(counter)) + .png)): null

2018-12-11 15:39:57 - [TEST_STEP][PASSED] - Statement - counter = counter + 1: null

2018-12-11 15:39:57 - [TEST_STEP][PASSED] - Statement - PreSaveFile = new java.io.File(((pathPrefix + java.lang.Integer.toString(counter)) + .png)): null

2018-12-11 15:39:57 - [TEST_STEP][PASSED] - Statement - counter = counter + 1: null

2018-12-11 15:39:57 - [TEST_STEP][PASSED] - Statement - PreSaveFile = new java.io.File(((pathPrefix + java.lang.Integer.toString(counter)) + .png)): null

2018-12-11 15:39:57 - [TEST_STEP][PASSED] - Statement - counter = counter + 1: null

2018-12-11 15:39:57 - [TEST_STEP][PASSED] - Statement - PreSaveFile = new java.io.File(((pathPrefix + java.lang.Integer.toString(counter)) + .png)): null

2018-12-11 15:39:57 - [TEST_STEP][PASSED] - Statement - counter = counter + 1: null

2018-12-11 15:39:57 - [TEST_STEP][PASSED] - Statement - PreSaveFile = new java.io.File(((pathPrefix + java.lang.Integer.toString(counter)) + .png)): null

2018-12-11 15:39:57 - [TEST_STEP][PASSED] - Statement - counter = counter + 1: null

2018-12-11 15:39:57 - [TEST_STEP][PASSED] - Statement - PreSaveFile = new java.io.File(((pathPrefix + java.lang.Integer.toString(counter)) + .png)): null

2018-12-11 15:39:57 - [TEST_STEP][PASSED] - Statement - counter = counter + 1: null

2018-12-11 15:39:57 - [TEST_STEP][PASSED] - Statement - PreSaveFile = new java.io.File(((pathPrefix + java.lang.Integer.toString(counter)) + .png)): null

2018-12-11 15:39:57 - [TEST_STEP][PASSED] - Statement - counter = counter + 1: null

2018-12-11 15:39:57 - [TEST_STEP][PASSED] - Statement - PreSaveFile = new java.io.File(((pathPrefix + java.lang.Integer.toString(counter)) + .png)): null

2018-12-11 15:39:57 - [TEST_STEP][PASSED] - Statement - counter = counter + 1: null

2018-12-11 15:39:57 - [TEST_STEP][PASSED] - Statement - PreSaveFile = new java.io.File(((pathPrefix + java.lang.Integer.toString(counter)) + .png)): null

2018-12-11 15:39:57 - [TEST_STEP][PASSED] - Statement - counter = counter + 1: null

2018-12-11 15:39:57 - [TEST_STEP][PASSED] - Statement - PreSaveFile = new java.io.File(((pathPrefix + java.lang.Integer.toString(counter)) + .png)): null

2018-12-11 15:39:57 - [TEST_STEP][PASSED] - Statement - counter = counter + 1: null

2018-12-11 15:39:57 - [TEST_STEP][PASSED] - Statement - PreSaveFile = new java.io.File(((pathPrefix + java.lang.Integer.toString(counter)) + .png)): null

2018-12-11 15:39:57 - [TEST_STEP][PASSED] - Statement - counter = counter + 1: null

2018-12-11 15:39:57 - [TEST_STEP][PASSED] - Statement - PreSaveFile = new java.io.File(((pathPrefix + java.lang.Integer.toString(counter)) + .png)): null

2018-12-11 15:39:57 - [TEST_STEP][PASSED] - Statement - counter = counter + 1: null

2018-12-11 15:39:57 - [TEST_STEP][PASSED] - Statement - PreSaveFile = new java.io.File(((pathPrefix + java.lang.Integer.toString(counter)) + .png)): null

2018-12-11 15:39:57 - [TEST_STEP][PASSED] - Statement - counter = counter + 1: null

2018-12-11 15:39:57 - [TEST_STEP][PASSED] - Statement - PreSaveFile = new java.io.File(((pathPrefix + java.lang.Integer.toString(counter)) + .png)): null

2018-12-11 15:39:57 - [TEST_STEP][PASSED] - Statement - counter = counter + 1: null

2018-12-11 15:39:57 - [TEST_STEP][PASSED] - Statement - PreSaveFile = new java.io.File(((pathPrefix + java.lang.Integer.toString(counter)) + .png)): null

2018-12-11 15:39:57 - [TEST_STEP][PASSED] - Statement - counter = counter + 1: null

2018-12-11 15:39:57 - [TEST_STEP][PASSED] - Statement - PreSaveFile = new java.io.File(((pathPrefix + java.lang.Integer.toString(counter)) + .png)): null

2018-12-11 15:39:57 - [TEST_STEP][PASSED] - Statement - counter = counter + 1: null

2018-12-11 15:39:57 - [TEST_STEP][PASSED] - Statement - PreSaveFile = new java.io.File(((pathPrefix + java.lang.Integer.toString(counter)) + .png)): null

2018-12-11 15:39:57 - [TEST_STEP][PASSED] - Statement - counter = counter + 1: null

2018-12-11 15:39:57 - [TEST_STEP][PASSED] - Statement - PreSaveFile = new java.io.File(((pathPrefix + java.lang.Integer.toString(counter)) + .png)): null

2018-12-11 15:39:57 - [TEST_STEP][PASSED] - Statement - counter = counter + 1: null

2018-12-11 15:39:57 - [TEST_STEP][PASSED] - Statement - PreSaveFile = new java.io.File(((pathPrefix + java.lang.Integer.toString(counter)) + .png)): null

2018-12-11 15:39:57 - [TEST_STEP][PASSED] - Statement - counter = counter + 1: null

2018-12-11 15:39:57 - [TEST_STEP][PASSED] - Statement - PreSaveFile = new java.io.File(((pathPrefix + java.lang.Integer.toString(counter)) + .png)): null

2018-12-11 15:39:57 - [TEST_STEP][PASSED] - Statement - counter = counter + 1: null

2018-12-11 15:39:57 - [TEST_STEP][PASSED] - Statement - PreSaveFile = new java.io.File(((pathPrefix + java.lang.Integer.toString(counter)) + .png)): null

2018-12-11 15:39:57 - [TEST_STEP][PASSED] - Statement - counter = counter + 1: null

2018-12-11 15:39:57 - [TEST_STEP][PASSED] - Statement - PreSaveFile = new java.io.File(((pathPrefix + java.lang.Integer.toString(counter)) + .png)): null

2018-12-11 15:39:57 - [TEST_STEP][PASSED] - Statement - counter = counter + 1: null

2018-12-11 15:39:57 - [TEST_STEP][PASSED] - Statement - PreSaveFile = new java.io.File(((pathPrefix + java.lang.Integer.toString(counter)) + .png)): null

2018-12-11 15:39:57 - [TEST_STEP][PASSED] - Statement - counter = counter + 1: null

2018-12-11 15:39:57 - [TEST_STEP][PASSED] - Statement - PreSaveFile = new java.io.File(((pathPrefix + java.lang.Integer.toString(counter)) + .png)): null

2018-12-11 15:39:57 - [TEST_STEP][PASSED] - Statement - counter = counter + 1: null

2018-12-11 15:39:57 - [TEST_STEP][PASSED] - Statement - PreSaveFile = new java.io.File(((pathPrefix + java.lang.Integer.toString(counter)) + .png)): null

2018-12-11 15:39:57 - [TEST_STEP][PASSED] - Statement - counter = counter + 1: null

2018-12-11 15:39:57 - [TEST_STEP][PASSED] - Statement - PreSaveFile = new java.io.File(((pathPrefix + java.lang.Integer.toString(counter)) + .png)): null

2018-12-11 15:39:57 - [TEST_STEP][PASSED] - Statement - counter = counter + 1: null

2018-12-11 15:39:57 - [TEST_STEP][PASSED] - Statement - PreSaveFile = new java.io.File(((pathPrefix + java.lang.Integer.toString(counter)) + .png)): null

2018-12-11 15:39:57 - [TEST_STEP][PASSED] - Statement - counter = counter + 1: null

2018-12-11 15:39:57 - [TEST_STEP][PASSED] - Statement - PreSaveFile = new java.io.File(((pathPrefix + java.lang.Integer.toString(counter)) + .png)): null

2018-12-11 15:39:57 - [TEST_STEP][PASSED] - Statement - counter = counter + 1: null

2018-12-11 15:39:57 - [TEST_STEP][PASSED] - Statement - PreSaveFile = new java.io.File(((pathPrefix + java.lang.Integer.toString(counter)) + .png)): null

2018-12-11 15:39:57 - [TEST_STEP][PASSED] - Statement - counter = counter + 1: null

2018-12-11 15:39:57 - [TEST_STEP][PASSED] - Statement - PreSaveFile = new java.io.File(((pathPrefix + java.lang.Integer.toString(counter)) + .png)): null

2018-12-11 15:39:57 - [TEST_STEP][PASSED] - Statement - counter = counter + 1: null

2018-12-11 15:39:57 - [TEST_STEP][PASSED] - Statement - PreSaveFile = new java.io.File(((pathPrefix + java.lang.Integer.toString(counter)) + .png)): null

2018-12-11 15:39:57 - [TEST_STEP][PASSED] - Statement - counter = counter + 1: null

2018-12-11 15:39:57 - [TEST_STEP][PASSED] - Statement - PreSaveFile = new java.io.File(((pathPrefix + java.lang.Integer.toString(counter)) + .png)): null

2018-12-11 15:39:57 - [TEST_STEP][PASSED] - Statement - counter = counter + 1: null

2018-12-11 15:39:57 - [TEST_STEP][PASSED] - Statement - PreSaveFile = new java.io.File(((pathPrefix + java.lang.Integer.toString(counter)) + .png)): null

2018-12-11 15:39:57 - [TEST_STEP][PASSED] - Statement - counter = counter + 1: null

2018-12-11 15:39:57 - [TEST_STEP][PASSED] - Statement - PreSaveFile = new java.io.File(((pathPrefix + java.lang.Integer.toString(counter)) + .png)): null

2018-12-11 15:39:57 - [TEST_STEP][PASSED] - Statement - counter = counter + 1: null

2018-12-11 15:39:57 - [TEST_STEP][PASSED] - Statement - PreSaveFile = new java.io.File(((pathPrefix + java.lang.Integer.toString(counter)) + .png)): null

2018-12-11 15:39:57 - [TEST_STEP][PASSED] - Statement - counter = counter + 1: null

2018-12-11 15:39:57 - [TEST_STEP][PASSED] - Statement - PreSaveFile = new java.io.File(((pathPrefix + java.lang.Integer.toString(counter)) + .png)): null

2018-12-11 15:39:57 - [TEST_STEP][PASSED] - Statement - counter = counter + 1: null

2018-12-11 15:39:57 - [TEST_STEP][PASSED] - Statement - PreSaveFile = new java.io.File(((pathPrefix + java.lang.Integer.toString(counter)) + .png)): null

2018-12-11 15:39:57 - [TEST_STEP][PASSED] - Statement - counter = counter + 1: null

2018-12-11 15:39:57 - [TEST_STEP][PASSED] - Statement - PreSaveFile = new java.io.File(((pathPrefix + java.lang.Integer.toString(counter)) + .png)): null

2018-12-11 15:39:57 - [TEST_STEP][PASSED] - Statement - counter = counter + 1: null

2018-12-11 15:39:57 - [TEST_STEP][PASSED] - Statement - PreSaveFile = new java.io.File(((pathPrefix + java.lang.Integer.toString(counter)) + .png)): null

2018-12-11 15:39:57 - [TEST_STEP][PASSED] - Statement - counter = counter + 1: null

2018-12-11 15:39:57 - [TEST_STEP][PASSED] - Statement - PreSaveFile = new java.io.File(((pathPrefix + java.lang.Integer.toString(counter)) + .png)): null

2018-12-11 15:39:57 - [TEST_STEP][PASSED] - Statement - counter = counter + 1: null

2018-12-11 15:39:57 - [TEST_STEP][PASSED] - Statement - PreSaveFile = new java.io.File(((pathPrefix + java.lang.Integer.toString(counter)) + .png)): null

2018-12-11 15:39:57 - [TEST_STEP][PASSED] - Statement - counter = counter + 1: null

2018-12-11 15:39:57 - [TEST_STEP][PASSED] - Statement - PreSaveFile = new java.io.File(((pathPrefix + java.lang.Integer.toString(counter)) + .png)): null

2018-12-11 15:39:58 - [TEST_STEP][PASSED] - Statement - counter = counter + 1: null

2018-12-11 15:39:58 - [TEST_STEP][PASSED] - Statement - PreSaveFile = new java.io.File(((pathPrefix + java.lang.Integer.toString(counter)) + .png)): null

2018-12-11 15:39:58 - [TEST_STEP][PASSED] - Statement - counter = counter + 1: null

2018-12-11 15:39:58 - [TEST_STEP][PASSED] - Statement - PreSaveFile = new java.io.File(((pathPrefix + java.lang.Integer.toString(counter)) + .png)): null

2018-12-11 15:39:58 - [TEST_STEP][PASSED] - Statement - counter = counter + 1: null

2018-12-11 15:39:58 - [TEST_STEP][PASSED] - Statement - PreSaveFile = new java.io.File(((pathPrefix + java.lang.Integer.toString(counter)) + .png)): null

2018-12-11 15:39:58 - [TEST_STEP][PASSED] - Statement - counter = counter + 1: null

2018-12-11 15:39:58 - [TEST_STEP][PASSED] - Statement - PreSaveFile = new java.io.File(((pathPrefix + java.lang.Integer.toString(counter)) + .png)): null

2018-12-11 15:39:58 - [TEST_STEP][PASSED] - Statement - counter = counter + 1: null

2018-12-11 15:39:58 - [TEST_STEP][PASSED] - Statement - PreSaveFile = new java.io.File(((pathPrefix + java.lang.Integer.toString(counter)) + .png)): null

2018-12-11 15:39:58 - [TEST_STEP][PASSED] - Statement - counter = counter + 1: null

2018-12-11 15:39:58 - [TEST_STEP][PASSED] - Statement - PreSaveFile = new java.io.File(((pathPrefix + java.lang.Integer.toString(counter)) + .png)): null

2018-12-11 15:39:58 - [TEST_STEP][PASSED] - Statement - counter = counter + 1: null

2018-12-11 15:39:58 - [TEST_STEP][PASSED] - Statement - PreSaveFile = new java.io.File(((pathPrefix + java.lang.Integer.toString(counter)) + .png)): null

2018-12-11 15:39:58 - [TEST_STEP][PASSED] - Statement - counter = counter + 1: null

2018-12-11 15:39:58 - [TEST_STEP][PASSED] - Statement - PreSaveFile = new java.io.File(((pathPrefix + java.lang.Integer.toString(counter)) + .png)): null

2018-12-11 15:39:58 - [TEST_STEP][PASSED] - Statement - counter = counter + 1: null

2018-12-11 15:39:58 - [TEST_STEP][PASSED] - Statement - PreSaveFile = new java.io.File(((pathPrefix + java.lang.Integer.toString(counter)) + .png)): null

2018-12-11 15:39:58 - [TEST_STEP][PASSED] - Statement - counter = counter + 1: null

2018-12-11 15:39:58 - [TEST_STEP][PASSED] - Statement - PreSaveFile = new java.io.File(((pathPrefix + java.lang.Integer.toString(counter)) + .png)): null

2018-12-11 15:39:58 - [TEST_STEP][PASSED] - Statement - counter = counter + 1: null

2018-12-11 15:39:58 - [TEST_STEP][PASSED] - Statement - PreSaveFile = new java.io.File(((pathPrefix + java.lang.Integer.toString(counter)) + .png)): null

2018-12-11 15:39:58 - [TEST_STEP][PASSED] - Statement - counter = counter + 1: null

2018-12-11 15:39:58 - [TEST_STEP][PASSED] - Statement - PreSaveFile = new java.io.File(((pathPrefix + java.lang.Integer.toString(counter)) + .png)): null

2018-12-11 15:39:58 - [TEST_STEP][PASSED] - Statement - counter = counter + 1: null

2018-12-11 15:39:58 - [TEST_STEP][PASSED] - Statement - PreSaveFile = new java.io.File(((pathPrefix + java.lang.Integer.toString(counter)) + .png)): null

2018-12-11 15:39:58 - [TEST_STEP][PASSED] - Statement - finalPath = pathPrefix + java.lang.Integer.toString(counter) + ".png": null

2018-12-11 15:39:58 - [TEST_STEP][PASSED] - Statement - SaveFile = new java.io.File(finalPath): null

2018-12-11 15:39:58 - [TEST_STEP][PASSED] - Statement - Try: null

2018-12-11 15:39:58 - [TEST_STEP][PASSED] - Statement - org.apache.commons.io.FileUtils.copyFile(scrFile, SaveFile): null

2018-12-11 15:39:58 - [TEST_STEP][PASSED] - Statement - out.println("file kept"): null

2018-12-11 15:39:58 - [TEST_STEP][PASSED] - delay: Delayed 10 second(s)

2018-12-11 15:40:08 - [MESSAGE][PASSED] - Delayed 10 second(s)

2018-12-11 15:40:08 - [MESSAGE][PASSED] - Call Test Case 'Test Cases/Final Aug 2018 - PKS Automation/Common/Screenshoting tool' successfully]]></system-out>
         <system-err><![CDATA[]]></system-err>
      </testcase>
      <testcase name="Test Cases/Final Aug 2018 - PKS Automation/Registration Module/Workflow/Update Add New Employee/Special Case (Employer - RO Query - OTC Upload Pending Case - RO Approve)" classname="Test Cases/Final Aug 2018 - PKS Automation/Registration Module/Workflow/Update Add New Employee/Special Case (Employer - RO Query - OTC Upload Pending Case - RO Approve)" status="PASSED">
         <system-out><![CDATA[2018-12-11 15:40:08 - [TEST_CASE][PASSED] - Test Cases/Final Aug 2018 - PKS Automation/Registration Module/Workflow/Update Add New Employee/Special Case (Employer - RO Query - OTC Upload Pending Case - RO Approve): Test Cases/Final Aug 2018 - PKS Automation/Registration Module/Workflow/Update Add New Employee/Special Case (Employer - RO Query - OTC Upload Pending Case - RO Approve)

2018-12-11 15:40:08 - [TEST_STEP][PASSED] - callTestCase: Call Test Case 'Test Cases/Final Aug 2018 - PKS Automation/Registration Module/Workflow/Update Add New Employee/Template/New Company for Update Add New - Employer' successfully

2018-12-11 15:40:08 - [TEST_CASE][PASSED] - Test Cases/Final Aug 2018 - PKS Automation/Registration Module/Workflow/Update Add New Employee/Template/New Company for Update Add New - Employer: Test Cases/Final Aug 2018 - PKS Automation/Registration Module/Workflow/Update Add New Employee/Template/New Company for Update Add New - Employer

2018-12-11 15:40:08 - [TEST_STEP][PASSED] - callTestCase: Call Test Case 'Test Cases/Final Aug 2018 - PKS Automation/Create Employer Acc/Create Employer Account' successfully

2018-12-11 15:40:08 - [TEST_CASE][PASSED] - Test Cases/Final Aug 2018 - PKS Automation/Create Employer Acc/Create Employer Account: Test Cases/Final Aug 2018 - PKS Automation/Create Employer Acc/Create Employer Account

2018-12-11 15:40:08 - [TEST_STEP][PASSED] - callTestCase: Call Test Case 'Test Cases/Final Aug 2018 - PKS Automation/Create Employer Acc/Template/Register Employer' successfully

2018-12-11 15:40:08 - [TEST_CASE][PASSED] - Test Cases/Final Aug 2018 - PKS Automation/Create Employer Acc/Template/Register Employer: Test Cases/Final Aug 2018 - PKS Automation/Create Employer Acc/Template/Register Employer

2018-12-11 15:40:08 - [TEST_STEP][PASSED] - openBrowser: Browser is opened with url: ''

2018-12-11 15:40:08 - [MESSAGE][WARNING] - A browser is already opened. Closing browser and opening a new one

2018-12-11 15:40:13 - [MESSAGE][PASSED] - Browser is opened with url: ''

2018-12-11 15:40:13 - [TEST_STEP][PASSED] - navigateToUrl: Navigate to 'https://assist2-uat.perkeso.gov.my/login' successfully

2018-12-11 15:40:14 - [MESSAGE][PASSED] - Navigate to 'https://assist2-uat.perkeso.gov.my/login' successfully

2018-12-11 15:40:14 - [TEST_STEP][PASSED] - setText: Text 'johorotc1@gmail.com' is set on object 'Object Repository/Final Object Repo/Login Page/Internal User/Email Address'

2018-12-11 15:40:14 - [MESSAGE][PASSED] - Text 'johorotc1@gmail.com' is set on object 'Object Repository/Final Object Repo/Login Page/Internal User/Email Address'

2018-12-11 15:40:14 - [TEST_STEP][PASSED] - click: Object: 'Object Repository/Final Object Repo/Login Page/Internal User/Next Button' is clicked on

2018-12-11 15:40:14 - [MESSAGE][PASSED] - Object: 'Object Repository/Final Object Repo/Login Page/Internal User/Next Button' is clicked on

2018-12-11 15:40:14 - [TEST_STEP][PASSED] - delay: Delayed 1 second(s)

2018-12-11 15:40:15 - [MESSAGE][PASSED] - Delayed 1 second(s)

2018-12-11 15:40:15 - [TEST_STEP][PASSED] - setEncryptedText: Text ****** has been set on object 'Object Repository/Final Object Repo/Login Page/Internal User/Password'

2018-12-11 15:40:16 - [MESSAGE][PASSED] - Text ****** has been set on object 'Object Repository/Final Object Repo/Login Page/Internal User/Password'

2018-12-11 15:40:16 - [TEST_STEP][PASSED] - click: Object: 'Object Repository/Final Object Repo/Login Page/Internal User/Login Button' is clicked on

2018-12-11 15:40:16 - [MESSAGE][PASSED] - Object: 'Object Repository/Final Object Repo/Login Page/Internal User/Login Button' is clicked on

2018-12-11 15:40:16 - [TEST_STEP][PASSED] - delay: Delayed 1 second(s)

2018-12-11 15:40:17 - [MESSAGE][PASSED] - Delayed 1 second(s)

2018-12-11 15:40:17 - [TEST_STEP][PASSED] - navigateToUrl: Navigate to 'https://assist2-uat.perkeso.gov.my/web/base/portal-id/registration' successfully

2018-12-11 15:40:19 - [MESSAGE][PASSED] - Navigate to 'https://assist2-uat.perkeso.gov.my/web/base/portal-id/registration' successfully

2018-12-11 15:40:19 - [TEST_STEP][PASSED] - setText: Text 'AUTOMATION EMPLOYER' is set on object 'Object Repository/Final Object Repo/Creating Employer Account/Page_Registration - ASSIST (Base)/Employer Name'

2018-12-11 15:40:19 - [MESSAGE][PASSED] - Text 'AUTOMATION EMPLOYER' is set on object 'Object Repository/Final Object Repo/Creating Employer Account/Page_Registration - ASSIST (Base)/Employer Name'

2018-12-11 15:40:19 - [TEST_STEP][PASSED] - delay: Delayed 2 second(s)

2018-12-11 15:40:21 - [MESSAGE][PASSED] - Delayed 2 second(s)

2018-12-11 15:40:21 - [TEST_STEP][PASSED] - click: Object: 'Object Repository/Final Object Repo/Creating Employer Account/Page_Registration - ASSIST (Base)/Registration Type' is clicked on

2018-12-11 15:40:21 - [MESSAGE][PASSED] - Object: 'Object Repository/Final Object Repo/Creating Employer Account/Page_Registration - ASSIST (Base)/Registration Type' is clicked on

2018-12-11 15:40:21 - [TEST_STEP][PASSED] - delay: Delayed 2 second(s)

2018-12-11 15:40:23 - [MESSAGE][PASSED] - Delayed 2 second(s)

2018-12-11 15:40:23 - [TEST_STEP][PASSED] - click: Object: 'Object Repository/Final Object Repo/Creating Employer Account/Page_Registration - ASSIST (Base)/Registration Type - Registration No' is clicked on

2018-12-11 15:40:24 - [MESSAGE][PASSED] - Object: 'Object Repository/Final Object Repo/Creating Employer Account/Page_Registration - ASSIST (Base)/Registration Type - Registration No' is clicked on

2018-12-11 15:40:24 - [TEST_STEP][PASSED] - delay: Delayed 2 second(s)

2018-12-11 15:40:26 - [MESSAGE][PASSED] - Delayed 2 second(s)

2018-12-11 15:40:26 - [TEST_STEP][PASSED] - setText: Text 'AUTOMATE001' is set on object 'Object Repository/Final Object Repo/Creating Employer Account/Page_Registration - ASSIST (Base)/Registration Number'

2018-12-11 15:40:26 - [MESSAGE][PASSED] - Text 'AUTOMATE001' is set on object 'Object Repository/Final Object Repo/Creating Employer Account/Page_Registration - ASSIST (Base)/Registration Number'

2018-12-11 15:40:26 - [TEST_STEP][PASSED] - delay: Delayed 2 second(s)

2018-12-11 15:40:28 - [MESSAGE][PASSED] - Delayed 2 second(s)

2018-12-11 15:40:28 - [TEST_STEP][PASSED] - setText: Text 'ADDRESS 1' is set on object 'Object Repository/Final Object Repo/Creating Employer Account/Page_Registration - ASSIST (Base)/Postal Address 1'

2018-12-11 15:40:28 - [MESSAGE][PASSED] - Text 'ADDRESS 1' is set on object 'Object Repository/Final Object Repo/Creating Employer Account/Page_Registration - ASSIST (Base)/Postal Address 1'

2018-12-11 15:40:28 - [TEST_STEP][PASSED] - setText: Text 'ADDRESS 2' is set on object 'Object Repository/Final Object Repo/Creating Employer Account/Page_Registration - ASSIST (Base)/Postal Address 2'

2018-12-11 15:40:29 - [MESSAGE][PASSED] - Text 'ADDRESS 2' is set on object 'Object Repository/Final Object Repo/Creating Employer Account/Page_Registration - ASSIST (Base)/Postal Address 2'

2018-12-11 15:40:29 - [TEST_STEP][PASSED] - click: Object: 'Object Repository/Final Object Repo/Creating Employer Account/Page_Registration - ASSIST (Base)/State' is clicked on

2018-12-11 15:40:29 - [MESSAGE][PASSED] - Object: 'Object Repository/Final Object Repo/Creating Employer Account/Page_Registration - ASSIST (Base)/State' is clicked on

2018-12-11 15:40:29 - [TEST_STEP][PASSED] - delay: Delayed 2 second(s)

2018-12-11 15:40:31 - [MESSAGE][PASSED] - Delayed 2 second(s)

2018-12-11 15:40:31 - [TEST_STEP][PASSED] - click: Object: 'Object Repository/Final Object Repo/Creating Employer Account/Page_Registration - ASSIST (Base)/State - Johor' is clicked on

2018-12-11 15:40:31 - [MESSAGE][PASSED] - Object: 'Object Repository/Final Object Repo/Creating Employer Account/Page_Registration - ASSIST (Base)/State - Johor' is clicked on

2018-12-11 15:40:31 - [TEST_STEP][PASSED] - delay: Delayed 2 second(s)

2018-12-11 15:40:33 - [MESSAGE][PASSED] - Delayed 2 second(s)

2018-12-11 15:40:33 - [TEST_STEP][PASSED] - click: Object: 'Object Repository/Final Object Repo/Creating Employer Account/Page_Registration - ASSIST (Base)/City' is clicked on

2018-12-11 15:40:33 - [MESSAGE][PASSED] - Object: 'Object Repository/Final Object Repo/Creating Employer Account/Page_Registration - ASSIST (Base)/City' is clicked on

2018-12-11 15:40:33 - [TEST_STEP][PASSED] - delay: Delayed 2 second(s)

2018-12-11 15:40:35 - [MESSAGE][PASSED] - Delayed 2 second(s)

2018-12-11 15:40:35 - [TEST_STEP][PASSED] - setText: Text 'joh' is set on object 'Object Repository/Final Object Repo/Creating Employer Account/Page_Registration - ASSIST (Base)/City - joh'

2018-12-11 15:40:36 - [MESSAGE][PASSED] - Text 'joh' is set on object 'Object Repository/Final Object Repo/Creating Employer Account/Page_Registration - ASSIST (Base)/City - joh'

2018-12-11 15:40:36 - [TEST_STEP][PASSED] - delay: Delayed 2 second(s)

2018-12-11 15:40:38 - [MESSAGE][PASSED] - Delayed 2 second(s)

2018-12-11 15:40:38 - [TEST_STEP][PASSED] - click: Object: 'Object Repository/Final Object Repo/Creating Employer Account/Page_Registration - ASSIST (Base)/City - Johor Bharu' is clicked on

2018-12-11 15:40:38 - [MESSAGE][PASSED] - Object: 'Object Repository/Final Object Repo/Creating Employer Account/Page_Registration - ASSIST (Base)/City - Johor Bharu' is clicked on

2018-12-11 15:40:38 - [TEST_STEP][PASSED] - delay: Delayed 2 second(s)

2018-12-11 15:40:40 - [MESSAGE][PASSED] - Delayed 2 second(s)

2018-12-11 15:40:40 - [TEST_STEP][PASSED] - click: Object: 'Object Repository/Final Object Repo/Creating Employer Account/Page_Registration - ASSIST (Base)/Post Code' is clicked on

2018-12-11 15:40:40 - [MESSAGE][PASSED] - Object: 'Object Repository/Final Object Repo/Creating Employer Account/Page_Registration - ASSIST (Base)/Post Code' is clicked on

2018-12-11 15:40:40 - [TEST_STEP][PASSED] - delay: Delayed 2 second(s)

2018-12-11 15:40:42 - [MESSAGE][PASSED] - Delayed 2 second(s)

2018-12-11 15:40:42 - [TEST_STEP][PASSED] - setText: Text '810' is set on object 'Object Repository/Final Object Repo/Creating Employer Account/Page_Registration - ASSIST (Base)/Post Code - 810'

2018-12-11 15:40:42 - [MESSAGE][PASSED] - Text '810' is set on object 'Object Repository/Final Object Repo/Creating Employer Account/Page_Registration - ASSIST (Base)/Post Code - 810'

2018-12-11 15:40:42 - [TEST_STEP][PASSED] - delay: Delayed 2 second(s)

2018-12-11 15:40:44 - [MESSAGE][PASSED] - Delayed 2 second(s)

2018-12-11 15:40:44 - [TEST_STEP][PASSED] - click: Object: 'Object Repository/Final Object Repo/Creating Employer Account/Page_Registration - ASSIST (Base)/Post Code - 81000' is clicked on

2018-12-11 15:40:44 - [MESSAGE][PASSED] - Object: 'Object Repository/Final Object Repo/Creating Employer Account/Page_Registration - ASSIST (Base)/Post Code - 81000' is clicked on

2018-12-11 15:40:44 - [TEST_STEP][PASSED] - delay: Delayed 2 second(s)

2018-12-11 15:40:46 - [MESSAGE][PASSED] - Delayed 2 second(s)

2018-12-11 15:40:46 - [TEST_STEP][PASSED] - setText: Text 'PERKESO' is set on object 'Object Repository/Final Object Repo/Creating Employer Account/Page_Registration - ASSIST (Base)/Full Name'

2018-12-11 15:40:47 - [MESSAGE][PASSED] - Text 'PERKESO' is set on object 'Object Repository/Final Object Repo/Creating Employer Account/Page_Registration - ASSIST (Base)/Full Name'

2018-12-11 15:40:47 - [TEST_STEP][PASSED] - Statement - rnd = new java.util.Random(): null

2018-12-11 15:40:47 - [TEST_STEP][PASSED] - Statement - snum = rnd.nextInt(899999 + 1) + 100000: null

2018-12-11 15:40:47 - [TEST_STEP][PASSED] - Statement - tnum = rnd.nextInt(899999 + 1) + 100000: null

2018-12-11 15:40:47 - [TEST_STEP][PASSED] - Statement - IC = java.lang.Integer.toString(snum) + java.lang.Integer.toString(tnum): null

2018-12-11 15:40:47 - [TEST_STEP][PASSED] - Statement - out.println(IC): null

2018-12-11 15:40:47 - [TEST_STEP][PASSED] - setText: Text '779454589480' is set on object 'Object Repository/Final Object Repo/Creating Employer Account/Page_Registration - ASSIST (Base)/Identification Number'

2018-12-11 15:40:47 - [MESSAGE][PASSED] - Text '779454589480' is set on object 'Object Repository/Final Object Repo/Creating Employer Account/Page_Registration - ASSIST (Base)/Identification Number'

2018-12-11 15:40:47 - [TEST_STEP][PASSED] - delay: Delayed 2 second(s)

2018-12-11 15:40:49 - [MESSAGE][PASSED] - Delayed 2 second(s)

2018-12-11 15:40:49 - [TEST_STEP][PASSED] - setText: Text '123456789012' is set on object 'Object Repository/Final Object Repo/Creating Employer Account/Page_Registration - ASSIST (Base)/Contact Number'

2018-12-11 15:40:49 - [MESSAGE][PASSED] - Text '123456789012' is set on object 'Object Repository/Final Object Repo/Creating Employer Account/Page_Registration - ASSIST (Base)/Contact Number'

2018-12-11 15:40:49 - [TEST_STEP][PASSED] - Statement - Email = "perkeso" + IC + "@gmail.com": null

2018-12-11 15:40:49 - [TEST_STEP][PASSED] - delay: Delayed 2 second(s)

2018-12-11 15:40:51 - [MESSAGE][PASSED] - Delayed 2 second(s)

2018-12-11 15:40:51 - [TEST_STEP][PASSED] - callTestCase: Call Test Case 'Test Cases/Final Aug 2018 - PKS Automation/Create Employer Acc/Template/Employer Email Settler' successfully

2018-12-11 15:40:51 - [TEST_CASE][PASSED] - Test Cases/Final Aug 2018 - PKS Automation/Create Employer Acc/Template/Employer Email Settler: Test Cases/Final Aug 2018 - PKS Automation/Create Employer Acc/Template/Employer Email Settler

2018-12-11 15:40:51 - [TEST_STEP][PASSED] - Statement - EmpEmailOld = new java.io.File(C://Users//Admin//Desktop//PKS//Automation Reference Point//EmpEmail.txt): null

2018-12-11 15:40:51 - [TEST_STEP][PASSED] - Statement - EmpEmailOld.delete(): null

2018-12-11 15:40:51 - [TEST_STEP][PASSED] - delay: Delayed 5 second(s)

2018-12-11 15:40:56 - [MESSAGE][PASSED] - Delayed 5 second(s)

2018-12-11 15:40:56 - [TEST_STEP][PASSED] - Statement - EmpEmail = new java.io.File(C://Users//Admin//Desktop//PKS//Automation Reference Point//EmpEmail.txt): null

2018-12-11 15:40:56 - [TEST_STEP][PASSED] - Statement - f2 = new java.io.FileWriter(EmpEmail, false): null

2018-12-11 15:40:56 - [TEST_STEP][PASSED] - Statement - f2.write(Email): null

2018-12-11 15:40:56 - [TEST_STEP][PASSED] - Statement - f2.close(): null

2018-12-11 15:40:56 - [TEST_STEP][PASSED] - Statement - out.println(Email): null

2018-12-11 15:40:56 - [MESSAGE][PASSED] - Call Test Case 'Test Cases/Final Aug 2018 - PKS Automation/Create Employer Acc/Template/Employer Email Settler' successfully

2018-12-11 15:40:56 - [TEST_STEP][PASSED] - delay: Delayed 2 second(s)

2018-12-11 15:40:58 - [MESSAGE][PASSED] - Delayed 2 second(s)

2018-12-11 15:40:58 - [TEST_STEP][PASSED] - setText: Text 'perkeso779454589480@gmail.com' is set on object 'Object Repository/Final Object Repo/Creating Employer Account/Page_Registration - ASSIST (Base)/Email'

2018-12-11 15:40:59 - [MESSAGE][PASSED] - Text 'perkeso779454589480@gmail.com' is set on object 'Object Repository/Final Object Repo/Creating Employer Account/Page_Registration - ASSIST (Base)/Email'

2018-12-11 15:40:59 - [TEST_STEP][PASSED] - setText: Text '123' is set on object 'Object Repository/Final Object Repo/Creating Employer Account/Page_Registration - ASSIST (Base)/Security Phase'

2018-12-11 15:40:59 - [MESSAGE][PASSED] - Text '123' is set on object 'Object Repository/Final Object Repo/Creating Employer Account/Page_Registration - ASSIST (Base)/Security Phase'

2018-12-11 15:40:59 - [TEST_STEP][PASSED] - click: Object: 'Object Repository/Final Object Repo/Creating Employer Account/Page_Registration - ASSIST (Base)/Save  Continue' is clicked on

2018-12-11 15:40:59 - [MESSAGE][PASSED] - Object: 'Object Repository/Final Object Repo/Creating Employer Account/Page_Registration - ASSIST (Base)/Save  Continue' is clicked on

2018-12-11 15:40:59 - [TEST_STEP][PASSED] - delay: Delayed 2 second(s)

2018-12-11 15:41:01 - [MESSAGE][PASSED] - Delayed 2 second(s)

2018-12-11 15:41:01 - [TEST_STEP][PASSED] - click: Object: 'Object Repository/Final Object Repo/Creating Employer Account/Page_Registration - ASSIST (Base)/Add Document' is clicked on

2018-12-11 15:41:02 - [MESSAGE][PASSED] - Object: 'Object Repository/Final Object Repo/Creating Employer Account/Page_Registration - ASSIST (Base)/Add Document' is clicked on

2018-12-11 15:41:02 - [TEST_STEP][PASSED] - delay: Delayed 2 second(s)

2018-12-11 15:41:04 - [MESSAGE][PASSED] - Delayed 2 second(s)

2018-12-11 15:41:04 - [TEST_STEP][PASSED] - click: Object: 'Object Repository/Final Object Repo/Creating Employer Account/Page_Registration - ASSIST (Base)/Document Type' is clicked on

2018-12-11 15:41:04 - [MESSAGE][PASSED] - Object: 'Object Repository/Final Object Repo/Creating Employer Account/Page_Registration - ASSIST (Base)/Document Type' is clicked on

2018-12-11 15:41:04 - [TEST_STEP][PASSED] - delay: Delayed 2 second(s)

2018-12-11 15:41:06 - [MESSAGE][PASSED] - Delayed 2 second(s)

2018-12-11 15:41:06 - [TEST_STEP][PASSED] - click: Object: 'Object Repository/Final Object Repo/Creating Employer Account/Page_Registration - ASSIST (Base)/Document Type - Letter of Authorization' is clicked on

2018-12-11 15:41:06 - [MESSAGE][PASSED] - Object: 'Object Repository/Final Object Repo/Creating Employer Account/Page_Registration - ASSIST (Base)/Document Type - Letter of Authorization' is clicked on

2018-12-11 15:41:06 - [TEST_STEP][PASSED] - delay: Delayed 2 second(s)

2018-12-11 15:41:08 - [MESSAGE][PASSED] - Delayed 2 second(s)

2018-12-11 15:41:08 - [TEST_STEP][PASSED] - sendKeys: Keys 'C:\Users\Public\Pictures\Sample Pictures\Koala.jpg' sent to object: 'Object Repository/Final Object Repo/Creating Employer Account/Page_Registration - ASSIST (Base)/Uploading File'

2018-12-11 15:41:08 - [MESSAGE][PASSED] - Keys 'C:\Users\Public\Pictures\Sample Pictures\Koala.jpg' sent to object: 'Object Repository/Final Object Repo/Creating Employer Account/Page_Registration - ASSIST (Base)/Uploading File'

2018-12-11 15:41:08 - [TEST_STEP][PASSED] - delay: Delayed 2 second(s)

2018-12-11 15:41:10 - [MESSAGE][PASSED] - Delayed 2 second(s)

2018-12-11 15:41:10 - [TEST_STEP][PASSED] - click: Object: 'Object Repository/Final Object Repo/Creating Employer Account/Page_Registration - ASSIST (Base)/Add Document in Uploading File' is clicked on

2018-12-11 15:41:10 - [MESSAGE][PASSED] - Object: 'Object Repository/Final Object Repo/Creating Employer Account/Page_Registration - ASSIST (Base)/Add Document in Uploading File' is clicked on

2018-12-11 15:41:10 - [TEST_STEP][PASSED] - delay: Delayed 2 second(s)

2018-12-11 15:41:12 - [MESSAGE][PASSED] - Delayed 2 second(s)

2018-12-11 15:41:12 - [TEST_STEP][PASSED] - click: Object: 'Object Repository/Final Object Repo/Creating Employer Account/Page_Registration - ASSIST (Base)/Save' is clicked on

2018-12-11 15:41:12 - [MESSAGE][PASSED] - Object: 'Object Repository/Final Object Repo/Creating Employer Account/Page_Registration - ASSIST (Base)/Save' is clicked on

2018-12-11 15:41:12 - [TEST_STEP][PASSED] - delay: Delayed 2 second(s)

2018-12-11 15:41:14 - [MESSAGE][PASSED] - Delayed 2 second(s)

2018-12-11 15:41:14 - [TEST_STEP][PASSED] - click: Object: 'Object Repository/Final Object Repo/Creating Employer Account/Page_Registration - ASSIST (Base)/Submit' is clicked on

2018-12-11 15:41:15 - [MESSAGE][PASSED] - Object: 'Object Repository/Final Object Repo/Creating Employer Account/Page_Registration - ASSIST (Base)/Submit' is clicked on

2018-12-11 15:41:15 - [TEST_STEP][PASSED] - delay: Delayed 2 second(s)

2018-12-11 15:41:17 - [MESSAGE][PASSED] - Delayed 2 second(s)

2018-12-11 15:41:17 - [TEST_STEP][PASSED] - click: Object: 'Object Repository/Final Object Repo/Creating Employer Account/Page_Registration - ASSIST (Base)/Confirm' is clicked on

2018-12-11 15:41:17 - [MESSAGE][PASSED] - Object: 'Object Repository/Final Object Repo/Creating Employer Account/Page_Registration - ASSIST (Base)/Confirm' is clicked on

2018-12-11 15:41:17 - [MESSAGE][PASSED] - Call Test Case 'Test Cases/Final Aug 2018 - PKS Automation/Create Employer Acc/Template/Register Employer' successfully

2018-12-11 15:41:17 - [TEST_STEP][PASSED] - delay: Delayed 1 second(s)

2018-12-11 15:41:18 - [MESSAGE][PASSED] - Delayed 1 second(s)

2018-12-11 15:41:18 - [TEST_STEP][PASSED] - navigateToUrl: Navigate to 'https://assist2-uat.perkeso.gov.my/c/portal/logout' successfully

2018-12-11 15:41:20 - [MESSAGE][PASSED] - Navigate to 'https://assist2-uat.perkeso.gov.my/c/portal/logout' successfully

2018-12-11 15:41:20 - [TEST_STEP][PASSED] - delay: Delayed 1 second(s)

2018-12-11 15:41:21 - [MESSAGE][PASSED] - Delayed 1 second(s)

2018-12-11 15:41:21 - [TEST_STEP][PASSED] - callTestCase: Call Test Case 'Test Cases/Final Aug 2018 - PKS Automation/Create Employer Acc/Template/Change Password of Employer' successfully

2018-12-11 15:41:21 - [TEST_CASE][PASSED] - Test Cases/Final Aug 2018 - PKS Automation/Create Employer Acc/Template/Change Password of Employer: Test Cases/Final Aug 2018 - PKS Automation/Create Employer Acc/Template/Change Password of Employer

2018-12-11 15:41:21 - [TEST_STEP][PASSED] - openBrowser: Browser is opened with url: ''

2018-12-11 15:41:21 - [MESSAGE][WARNING] - A browser is already opened. Closing browser and opening a new one

2018-12-11 15:41:25 - [MESSAGE][PASSED] - Browser is opened with url: ''

2018-12-11 15:41:25 - [TEST_STEP][PASSED] - navigateToUrl: Navigate to 'https://assist2-uat.perkeso.gov.my/login' successfully

2018-12-11 15:41:26 - [MESSAGE][PASSED] - Navigate to 'https://assist2-uat.perkeso.gov.my/login' successfully

2018-12-11 15:41:26 - [TEST_STEP][PASSED] - delay: Delayed 5 second(s)

2018-12-11 15:41:31 - [MESSAGE][PASSED] - Delayed 5 second(s)

2018-12-11 15:41:31 - [TEST_STEP][PASSED] - setText: Text 'test@liferay.com' is set on object 'Object Repository/Final Object Repo/Login Page/Internal User/Email Address'

2018-12-11 15:41:32 - [MESSAGE][PASSED] - Text 'test@liferay.com' is set on object 'Object Repository/Final Object Repo/Login Page/Internal User/Email Address'

2018-12-11 15:41:32 - [TEST_STEP][PASSED] - click: Object: 'Object Repository/Final Object Repo/Login Page/Internal User/Next Button' is clicked on

2018-12-11 15:41:32 - [MESSAGE][PASSED] - Object: 'Object Repository/Final Object Repo/Login Page/Internal User/Next Button' is clicked on

2018-12-11 15:41:32 - [TEST_STEP][PASSED] - delay: Delayed 2 second(s)

2018-12-11 15:41:34 - [MESSAGE][PASSED] - Delayed 2 second(s)

2018-12-11 15:41:34 - [TEST_STEP][PASSED] - setText: Text 'test' is set on object 'Object Repository/Final Object Repo/Login Page/Internal User/Password'

2018-12-11 15:41:34 - [MESSAGE][PASSED] - Text 'test' is set on object 'Object Repository/Final Object Repo/Login Page/Internal User/Password'

2018-12-11 15:41:34 - [TEST_STEP][PASSED] - delay: Delayed 2 second(s)

2018-12-11 15:41:36 - [MESSAGE][PASSED] - Delayed 2 second(s)

2018-12-11 15:41:36 - [TEST_STEP][PASSED] - click: Object: 'Object Repository/Final Object Repo/Login Page/Internal User/Login Button' is clicked on

2018-12-11 15:41:36 - [MESSAGE][PASSED] - Object: 'Object Repository/Final Object Repo/Login Page/Internal User/Login Button' is clicked on

2018-12-11 15:41:36 - [TEST_STEP][PASSED] - delay: Delayed 3 second(s)

2018-12-11 15:41:39 - [MESSAGE][PASSED] - Delayed 3 second(s)

2018-12-11 15:41:39 - [TEST_STEP][PASSED] - navigateToUrl: Navigate to 'https://assist2-uat.perkeso.gov.my/group/control_panel/manage?p_p_id=125&p_p_lifecycle=0&p_p_state=maximized&p_p_mode=view&refererPlid=20455&_125_usersListView=flat-users&_125_toolbarItem=view-all-users&_125_saveUsersListView=true&_125_struts_action=%2Fusers_admin%2Fview' successfully

2018-12-11 15:41:41 - [MESSAGE][PASSED] - Navigate to 'https://assist2-uat.perkeso.gov.my/group/control_panel/manage?p_p_id=125&p_p_lifecycle=0&p_p_state=maximized&p_p_mode=view&refererPlid=20455&_125_usersListView=flat-users&_125_toolbarItem=view-all-users&_125_saveUsersListView=true&_125_struts_action=%2Fusers_admin%2Fview' successfully

2018-12-11 15:41:41 - [TEST_STEP][PASSED] - delay: Delayed 3 second(s)

2018-12-11 15:41:44 - [MESSAGE][PASSED] - Delayed 3 second(s)

2018-12-11 15:41:44 - [TEST_STEP][PASSED] - setText: Text 'perkeso779454589480@gmail.com' is set on object 'Object Repository/Final Object Repo/Creating Employer Account/Page_Users and Organizations - ASSIST/Employer name'

2018-12-11 15:41:44 - [MESSAGE][PASSED] - Text 'perkeso779454589480@gmail.com' is set on object 'Object Repository/Final Object Repo/Creating Employer Account/Page_Users and Organizations - ASSIST/Employer name'

2018-12-11 15:41:44 - [TEST_STEP][PASSED] - delay: Delayed 3 second(s)

2018-12-11 15:41:47 - [MESSAGE][PASSED] - Delayed 3 second(s)

2018-12-11 15:41:47 - [TEST_STEP][PASSED] - click: Object: 'Object Repository/Final Object Repo/Creating Employer Account/Page_Users and Organizations - ASSIST/Search' is clicked on

2018-12-11 15:41:47 - [MESSAGE][PASSED] - Object: 'Object Repository/Final Object Repo/Creating Employer Account/Page_Users and Organizations - ASSIST/Search' is clicked on

2018-12-11 15:41:47 - [TEST_STEP][PASSED] - delay: Delayed 3 second(s)

2018-12-11 15:41:50 - [MESSAGE][PASSED] - Delayed 3 second(s)

2018-12-11 15:41:50 - [TEST_STEP][PASSED] - click: Object: 'Object Repository/Final Object Repo/Creating Employer Account/Page_Users and Organizations - ASSIST/Action' is clicked on

2018-12-11 15:41:51 - [MESSAGE][PASSED] - Object: 'Object Repository/Final Object Repo/Creating Employer Account/Page_Users and Organizations - ASSIST/Action' is clicked on

2018-12-11 15:41:51 - [TEST_STEP][PASSED] - delay: Delayed 3 second(s)

2018-12-11 15:41:54 - [MESSAGE][PASSED] - Delayed 3 second(s)

2018-12-11 15:41:54 - [TEST_STEP][PASSED] - click: Object: 'Object Repository/Final Object Repo/Creating Employer Account/Page_Users and Organizations - ASSIST/Edit' is clicked on

2018-12-11 15:41:55 - [MESSAGE][PASSED] - Object: 'Object Repository/Final Object Repo/Creating Employer Account/Page_Users and Organizations - ASSIST/Edit' is clicked on

2018-12-11 15:41:55 - [TEST_STEP][PASSED] - delay: Delayed 3 second(s)

2018-12-11 15:41:58 - [MESSAGE][PASSED] - Delayed 3 second(s)

2018-12-11 15:41:58 - [TEST_STEP][PASSED] - click: Object: 'Object Repository/Final Object Repo/Creating Employer Account/Page_PERKESO - Users and Organizati/a_Password (Modified)' is clicked on

2018-12-11 15:41:58 - [MESSAGE][PASSED] - Object: 'Object Repository/Final Object Repo/Creating Employer Account/Page_PERKESO - Users and Organizati/a_Password (Modified)' is clicked on

2018-12-11 15:41:58 - [TEST_STEP][PASSED] - delay: Delayed 3 second(s)

2018-12-11 15:42:01 - [MESSAGE][PASSED] - Delayed 3 second(s)

2018-12-11 15:42:01 - [TEST_STEP][PASSED] - setEncryptedText: Text ****** has been set on object 'Object Repository/Final Object Repo/Creating Employer Account/Page_PERKESO - Users and Organizati/input__125_password1'

2018-12-11 15:42:01 - [MESSAGE][PASSED] - Text ****** has been set on object 'Object Repository/Final Object Repo/Creating Employer Account/Page_PERKESO - Users and Organizati/input__125_password1'

2018-12-11 15:42:01 - [TEST_STEP][PASSED] - delay: Delayed 3 second(s)

2018-12-11 15:42:04 - [MESSAGE][PASSED] - Delayed 3 second(s)

2018-12-11 15:42:04 - [TEST_STEP][PASSED] - setEncryptedText: Text ****** has been set on object 'Object Repository/Final Object Repo/Creating Employer Account/Page_PERKESO - Users and Organizati/input__125_password2'

2018-12-11 15:42:05 - [MESSAGE][PASSED] - Text ****** has been set on object 'Object Repository/Final Object Repo/Creating Employer Account/Page_PERKESO - Users and Organizati/input__125_password2'

2018-12-11 15:42:05 - [TEST_STEP][PASSED] - delay: Delayed 3 second(s)

2018-12-11 15:42:08 - [MESSAGE][PASSED] - Delayed 3 second(s)

2018-12-11 15:42:08 - [TEST_STEP][PASSED] - click: Object: 'Object Repository/Final Object Repo/Creating Employer Account/Page_PERKESO - Users and Organizati/Save' is clicked on

2018-12-11 15:42:09 - [MESSAGE][PASSED] - Object: 'Object Repository/Final Object Repo/Creating Employer Account/Page_PERKESO - Users and Organizati/Save' is clicked on

2018-12-11 15:42:09 - [MESSAGE][PASSED] - Call Test Case 'Test Cases/Final Aug 2018 - PKS Automation/Create Employer Acc/Template/Change Password of Employer' successfully

2018-12-11 15:42:09 - [TEST_STEP][PASSED] - delay: Delayed 1 second(s)

2018-12-11 15:42:10 - [MESSAGE][PASSED] - Delayed 1 second(s)

2018-12-11 15:42:10 - [TEST_STEP][PASSED] - navigateToUrl: Navigate to 'https://assist2-uat.perkeso.gov.my/c/portal/logout' successfully

2018-12-11 15:42:11 - [MESSAGE][PASSED] - Navigate to 'https://assist2-uat.perkeso.gov.my/c/portal/logout' successfully

2018-12-11 15:42:11 - [TEST_STEP][PASSED] - delay: Delayed 1 second(s)

2018-12-11 15:42:12 - [MESSAGE][PASSED] - Delayed 1 second(s)

2018-12-11 15:42:12 - [TEST_STEP][PASSED] - callTestCase: Call Test Case 'Test Cases/Final Aug 2018 - PKS Automation/Create Employer Acc/Template/Login to Employer Account (First Time)' successfully

2018-12-11 15:42:12 - [TEST_CASE][PASSED] - Test Cases/Final Aug 2018 - PKS Automation/Create Employer Acc/Template/Login to Employer Account (First Time): Test Cases/Final Aug 2018 - PKS Automation/Create Employer Acc/Template/Login to Employer Account (First Time)

2018-12-11 15:42:12 - [TEST_STEP][PASSED] - openBrowser: Browser is opened with url: ''

2018-12-11 15:42:12 - [MESSAGE][WARNING] - A browser is already opened. Closing browser and opening a new one

2018-12-11 15:42:18 - [MESSAGE][PASSED] - Browser is opened with url: ''

2018-12-11 15:42:18 - [TEST_STEP][PASSED] - navigateToUrl: Navigate to 'https://assist2-uat.perkeso.gov.my/employer/login' successfully

2018-12-11 15:42:19 - [MESSAGE][PASSED] - Navigate to 'https://assist2-uat.perkeso.gov.my/employer/login' successfully

2018-12-11 15:42:19 - [TEST_STEP][PASSED] - delay: Delayed 3 second(s)

2018-12-11 15:42:22 - [MESSAGE][PASSED] - Delayed 3 second(s)

2018-12-11 15:42:22 - [TEST_STEP][PASSED] - callTestCase: Call Test Case 'Test Cases/Final Aug 2018 - PKS Automation/Create Employer Acc/Template/Employer Email Getter' successfully

2018-12-11 15:42:22 - [TEST_CASE][PASSED] - Test Cases/Final Aug 2018 - PKS Automation/Create Employer Acc/Template/Employer Email Getter: Test Cases/Final Aug 2018 - PKS Automation/Create Employer Acc/Template/Employer Email Getter

2018-12-11 15:42:22 - [TEST_STEP][PASSED] - Statement - Try: null

2018-12-11 15:42:22 - [TEST_STEP][PASSED] - Statement - EmpEmail = new java.io.File(C://Users//Admin//Desktop//PKS//Automation Reference Point//EmpEmail.txt): null

2018-12-11 15:42:22 - [TEST_STEP][PASSED] - Statement - bufferread = new java.io.BufferedReader(new java.io.FileReader(EmpEmail)): null

2018-12-11 15:42:22 - [TEST_STEP][PASSED] - Statement - readedVal = bufferread.readLine(): null

2018-12-11 15:42:22 - [TEST_STEP][PASSED] - Statement - out.println(readedVal): null

2018-12-11 15:42:22 - [TEST_STEP][PASSED] - Statement - Email = readedVal: null

2018-12-11 15:42:22 - [MESSAGE][PASSED] - Call Test Case 'Test Cases/Final Aug 2018 - PKS Automation/Create Employer Acc/Template/Employer Email Getter' successfully

2018-12-11 15:42:22 - [TEST_STEP][PASSED] - setText: Text 'perkeso779454589480@gmail.com' is set on object 'Object Repository/Final Object Repo/Login Page/External Login Page/Email'

2018-12-11 15:42:22 - [MESSAGE][PASSED] - Text 'perkeso779454589480@gmail.com' is set on object 'Object Repository/Final Object Repo/Login Page/External Login Page/Email'

2018-12-11 15:42:22 - [TEST_STEP][PASSED] - click: Object: 'Object Repository/Final Object Repo/Login Page/External Login Page/Next' is clicked on

2018-12-11 15:42:22 - [MESSAGE][PASSED] - Object: 'Object Repository/Final Object Repo/Login Page/External Login Page/Next' is clicked on

2018-12-11 15:42:22 - [TEST_STEP][PASSED] - delay: Delayed 3 second(s)

2018-12-11 15:42:25 - [MESSAGE][PASSED] - Delayed 3 second(s)

2018-12-11 15:42:25 - [TEST_STEP][PASSED] - setEncryptedText: Text ****** has been set on object 'Object Repository/Final Object Repo/Login Page/External Login Page/Password'

2018-12-11 15:42:26 - [MESSAGE][PASSED] - Text ****** has been set on object 'Object Repository/Final Object Repo/Login Page/External Login Page/Password'

2018-12-11 15:42:26 - [TEST_STEP][PASSED] - click: Object: 'Object Repository/Final Object Repo/Login Page/External Login Page/Login' is clicked on

2018-12-11 15:42:26 - [MESSAGE][PASSED] - Object: 'Object Repository/Final Object Repo/Login Page/External Login Page/Login' is clicked on

2018-12-11 15:42:26 - [TEST_STEP][PASSED] - delay: Delayed 3 second(s)

2018-12-11 15:42:29 - [MESSAGE][PASSED] - Delayed 3 second(s)

2018-12-11 15:42:29 - [TEST_STEP][PASSED] - click: Object: 'Object Repository/Final Object Repo/Creating Employer Account/Page_Terms of Use - ASSIST/button_I Agree' is clicked on

2018-12-11 15:42:29 - [MESSAGE][PASSED] - Object: 'Object Repository/Final Object Repo/Creating Employer Account/Page_Terms of Use - ASSIST/button_I Agree' is clicked on

2018-12-11 15:42:29 - [TEST_STEP][PASSED] - delay: Delayed 2 second(s)

2018-12-11 15:42:31 - [MESSAGE][PASSED] - Delayed 2 second(s)

2018-12-11 15:42:31 - [TEST_STEP][PASSED] - setEncryptedText: Text ****** has been set on object 'Object Repository/Final Object Repo/Creating Employer Account/Page_New Password - ASSIST/input_password1'

2018-12-11 15:42:31 - [MESSAGE][PASSED] - Text ****** has been set on object 'Object Repository/Final Object Repo/Creating Employer Account/Page_New Password - ASSIST/input_password1'

2018-12-11 15:42:31 - [TEST_STEP][PASSED] - setEncryptedText: Text ****** has been set on object 'Object Repository/Final Object Repo/Creating Employer Account/Page_New Password - ASSIST/input_password2'

2018-12-11 15:42:32 - [MESSAGE][PASSED] - Text ****** has been set on object 'Object Repository/Final Object Repo/Creating Employer Account/Page_New Password - ASSIST/input_password2'

2018-12-11 15:42:32 - [TEST_STEP][PASSED] - delay: Delayed 2 second(s)

2018-12-11 15:42:34 - [MESSAGE][PASSED] - Delayed 2 second(s)

2018-12-11 15:42:34 - [TEST_STEP][PASSED] - click: Object: 'Object Repository/Final Object Repo/Creating Employer Account/Page_New Password - ASSIST/Save' is clicked on

2018-12-11 15:42:35 - [MESSAGE][PASSED] - Object: 'Object Repository/Final Object Repo/Creating Employer Account/Page_New Password - ASSIST/Save' is clicked on

2018-12-11 15:42:35 - [TEST_STEP][PASSED] - delay: Delayed 2 second(s)

2018-12-11 15:42:37 - [MESSAGE][PASSED] - Delayed 2 second(s)

2018-12-11 15:42:37 - [TEST_STEP][PASSED] - setText: Text 'test' is set on object 'Object Repository/Final Object Repo/Creating Employer Account/Page_Password Reminder - ASSIST/Reminder Query Answer'

2018-12-11 15:42:37 - [MESSAGE][PASSED] - Text 'test' is set on object 'Object Repository/Final Object Repo/Creating Employer Account/Page_Password Reminder - ASSIST/Reminder Query Answer'

2018-12-11 15:42:37 - [TEST_STEP][PASSED] - delay: Delayed 2 second(s)

2018-12-11 15:42:39 - [MESSAGE][PASSED] - Delayed 2 second(s)

2018-12-11 15:42:39 - [TEST_STEP][PASSED] - doubleClick: Object: 'Object Repository/Final Object Repo/Creating Employer Account/Page_Password Reminder - ASSIST/Save' is double clicked on

2018-12-11 15:42:39 - [MESSAGE][PASSED] - Object: 'Object Repository/Final Object Repo/Creating Employer Account/Page_Password Reminder - ASSIST/Save' is double clicked on

2018-12-11 15:42:39 - [MESSAGE][PASSED] - Call Test Case 'Test Cases/Final Aug 2018 - PKS Automation/Create Employer Acc/Template/Login to Employer Account (First Time)' successfully

2018-12-11 15:42:39 - [MESSAGE][PASSED] - Call Test Case 'Test Cases/Final Aug 2018 - PKS Automation/Create Employer Acc/Create Employer Account' successfully

2018-12-11 15:42:39 - [TEST_STEP][PASSED] - callTestCase: Call Test Case 'Test Cases/Final Aug 2018 - PKS Automation/Registration Module/Log Out/log out avoiding katalon tagging' successfully

2018-12-11 15:42:39 - [TEST_CASE][PASSED] - Test Cases/Final Aug 2018 - PKS Automation/Registration Module/Log Out/log out avoiding katalon tagging: Test Cases/Final Aug 2018 - PKS Automation/Registration Module/Log Out/log out avoiding katalon tagging

2018-12-11 15:42:39 - [TEST_STEP][PASSED] - navigateToUrl: Navigate to 'https://assist2-uat.perkeso.gov.my/c/portal/logout' successfully

2018-12-11 15:42:42 - [MESSAGE][PASSED] - Navigate to 'https://assist2-uat.perkeso.gov.my/c/portal/logout' successfully

2018-12-11 15:42:42 - [MESSAGE][PASSED] - Call Test Case 'Test Cases/Final Aug 2018 - PKS Automation/Registration Module/Log Out/log out avoiding katalon tagging' successfully

2018-12-11 15:42:42 - [TEST_STEP][PASSED] - callTestCase: Call Test Case 'Test Cases/Final Aug 2018 - PKS Automation/Create Employer Acc/Login to Employer Account (Second time)' successfully

2018-12-11 15:42:42 - [TEST_CASE][PASSED] - Test Cases/Final Aug 2018 - PKS Automation/Create Employer Acc/Login to Employer Account (Second time): Test Cases/Final Aug 2018 - PKS Automation/Create Employer Acc/Login to Employer Account (Second time)

2018-12-11 15:42:42 - [TEST_STEP][PASSED] - openBrowser: Browser is opened with url: ''

2018-12-11 15:42:42 - [MESSAGE][WARNING] - A browser is already opened. Closing browser and opening a new one

2018-12-11 15:42:47 - [MESSAGE][PASSED] - Browser is opened with url: ''

2018-12-11 15:42:47 - [TEST_STEP][PASSED] - navigateToUrl: Navigate to 'https://assist2-uat.perkeso.gov.my/employer/login' successfully

2018-12-11 15:42:48 - [MESSAGE][PASSED] - Navigate to 'https://assist2-uat.perkeso.gov.my/employer/login' successfully

2018-12-11 15:42:48 - [TEST_STEP][PASSED] - delay: Delayed 3 second(s)

2018-12-11 15:42:51 - [MESSAGE][PASSED] - Delayed 3 second(s)

2018-12-11 15:42:51 - [TEST_STEP][PASSED] - callTestCase: Call Test Case 'Test Cases/Final Aug 2018 - PKS Automation/Create Employer Acc/Template/Employer Email Getter' successfully

2018-12-11 15:42:51 - [TEST_CASE][PASSED] - Test Cases/Final Aug 2018 - PKS Automation/Create Employer Acc/Template/Employer Email Getter: Test Cases/Final Aug 2018 - PKS Automation/Create Employer Acc/Template/Employer Email Getter

2018-12-11 15:42:51 - [TEST_STEP][PASSED] - Statement - Try: null

2018-12-11 15:42:51 - [TEST_STEP][PASSED] - Statement - EmpEmail = new java.io.File(C://Users//Admin//Desktop//PKS//Automation Reference Point//EmpEmail.txt): null

2018-12-11 15:42:51 - [TEST_STEP][PASSED] - Statement - bufferread = new java.io.BufferedReader(new java.io.FileReader(EmpEmail)): null

2018-12-11 15:42:51 - [TEST_STEP][PASSED] - Statement - readedVal = bufferread.readLine(): null

2018-12-11 15:42:51 - [TEST_STEP][PASSED] - Statement - out.println(readedVal): null

2018-12-11 15:42:51 - [TEST_STEP][PASSED] - Statement - Email = readedVal: null

2018-12-11 15:42:51 - [MESSAGE][PASSED] - Call Test Case 'Test Cases/Final Aug 2018 - PKS Automation/Create Employer Acc/Template/Employer Email Getter' successfully

2018-12-11 15:42:51 - [TEST_STEP][PASSED] - setText: Text 'perkeso779454589480@gmail.com' is set on object 'Object Repository/Final Object Repo/Login Page/External Login Page/Email'

2018-12-11 15:42:52 - [MESSAGE][PASSED] - Text 'perkeso779454589480@gmail.com' is set on object 'Object Repository/Final Object Repo/Login Page/External Login Page/Email'

2018-12-11 15:42:52 - [TEST_STEP][PASSED] - click: Object: 'Object Repository/Final Object Repo/Login Page/External Login Page/Next' is clicked on

2018-12-11 15:42:52 - [MESSAGE][PASSED] - Object: 'Object Repository/Final Object Repo/Login Page/External Login Page/Next' is clicked on

2018-12-11 15:42:52 - [TEST_STEP][PASSED] - delay: Delayed 3 second(s)

2018-12-11 15:42:55 - [MESSAGE][PASSED] - Delayed 3 second(s)

2018-12-11 15:42:55 - [TEST_STEP][PASSED] - setEncryptedText: Text ****** has been set on object 'Object Repository/Final Object Repo/Login Page/External Login Page/Password'

2018-12-11 15:42:55 - [MESSAGE][PASSED] - Text ****** has been set on object 'Object Repository/Final Object Repo/Login Page/External Login Page/Password'

2018-12-11 15:42:55 - [TEST_STEP][PASSED] - click: Object: 'Object Repository/Final Object Repo/Login Page/External Login Page/Login' is clicked on

2018-12-11 15:42:55 - [MESSAGE][PASSED] - Object: 'Object Repository/Final Object Repo/Login Page/External Login Page/Login' is clicked on

2018-12-11 15:42:55 - [TEST_STEP][PASSED] - delay: Delayed 5 second(s)

2018-12-11 15:43:00 - [MESSAGE][PASSED] - Delayed 5 second(s)

2018-12-11 15:43:00 - [MESSAGE][PASSED] - Call Test Case 'Test Cases/Final Aug 2018 - PKS Automation/Create Employer Acc/Login to Employer Account (Second time)' successfully

2018-12-11 15:43:00 - [TEST_STEP][PASSED] - delay: Delayed 4 second(s)

2018-12-11 15:43:04 - [MESSAGE][PASSED] - Delayed 4 second(s)

2018-12-11 15:43:04 - [TEST_STEP][PASSED] - Statement - Try: Delayed 2 second(s)

2018-12-11 15:43:04 - [TEST_STEP][PASSED] - Statement - Checker = false: null

2018-12-11 15:43:04 - [TEST_STEP][PASSED] - Statement - Checker = com.kms.katalon.core.webui.keyword.WebUiBuiltInKeywords.verifyElementHasAttribute(com.kms.katalon.core.testobject.ObjectRepository.findTestObject(Final Object Repo/Landing Page/BM Detecting), "href", 20, OPTIONAL): Object 'Object Repository/Final Object Repo/Landing Page/BM Detecting' has attribute 'href'

2018-12-11 15:43:04 - [MESSAGE][PASSED] - Object 'Object Repository/Final Object Repo/Landing Page/BM Detecting' has attribute 'href'

2018-12-11 15:43:04 - [TEST_STEP][PASSED] - Statement - out.println(Checker): null

2018-12-11 15:43:04 - [TEST_STEP][PASSED] - Statement - If (Checker == false): null

2018-12-11 15:43:04 - [TEST_STEP][PASSED] - Statement - Else: null

2018-12-11 15:43:04 - [TEST_STEP][PASSED] - delay: Delayed 2 second(s)

2018-12-11 15:43:06 - [MESSAGE][PASSED] - Delayed 2 second(s)

2018-12-11 15:43:06 - [TEST_STEP][PASSED] - delay: Delayed 4 second(s)

2018-12-11 15:43:10 - [MESSAGE][PASSED] - Delayed 4 second(s)

2018-12-11 15:43:10 - [TEST_STEP][PASSED] - click: Object: 'Object Repository/Final Object Repo/Landing Page/My Sites Drop Down' is clicked on

2018-12-11 15:43:11 - [MESSAGE][PASSED] - Object: 'Object Repository/Final Object Repo/Landing Page/My Sites Drop Down' is clicked on

2018-12-11 15:43:11 - [TEST_STEP][PASSED] - click: Object: 'Object Repository/Final Object Repo/Landing Page/Select to Registration Module' is clicked on

2018-12-11 15:43:13 - [MESSAGE][PASSED] - Object: 'Object Repository/Final Object Repo/Landing Page/Select to Registration Module' is clicked on

2018-12-11 15:43:13 - [TEST_STEP][PASSED] - click: Object: 'Object Repository/Final Object Repo/Landing Page/Registration Button' is clicked on

2018-12-11 15:43:15 - [MESSAGE][PASSED] - Object: 'Object Repository/Final Object Repo/Landing Page/Registration Button' is clicked on

2018-12-11 15:43:15 - [TEST_STEP][PASSED] - delay: Delayed 2 second(s)

2018-12-11 15:43:17 - [MESSAGE][PASSED] - Delayed 2 second(s)

2018-12-11 15:43:17 - [TEST_STEP][PASSED] - click: Object: 'Object Repository/Final Object Repo/New Registration - Registration Module Pages/New Reg - OTC to RO/Special Case - OTC - Form 1/AEC NO' is clicked on

2018-12-11 15:43:17 - [MESSAGE][PASSED] - Object: 'Object Repository/Final Object Repo/New Registration - Registration Module Pages/New Reg - OTC to RO/Special Case - OTC - Form 1/AEC NO' is clicked on

2018-12-11 15:43:17 - [TEST_STEP][PASSED] - click: Object: 'Object Repository/Final Object Repo/New Registration - Registration Module Pages/New Reg - OTC to RO/Special Case - OTC - Form 1/Business Entity - Please Select' is clicked on

2018-12-11 15:43:17 - [MESSAGE][PASSED] - Object: 'Object Repository/Final Object Repo/New Registration - Registration Module Pages/New Reg - OTC to RO/Special Case - OTC - Form 1/Business Entity - Please Select' is clicked on

2018-12-11 15:43:17 - [TEST_STEP][PASSED] - click: Object: 'Object Repository/Final Object Repo/New Registration - Registration Module Pages/New Reg - OTC to RO/Special Case - OTC - Form 1/Selected - Corporation' is clicked on

2018-12-11 15:43:17 - [MESSAGE][PASSED] - Object: 'Object Repository/Final Object Repo/New Registration - Registration Module Pages/New Reg - OTC to RO/Special Case - OTC - Form 1/Selected - Corporation' is clicked on

2018-12-11 15:43:17 - [TEST_STEP][PASSED] - delay: Delayed 2 second(s)

2018-12-11 15:43:19 - [MESSAGE][PASSED] - Delayed 2 second(s)

2018-12-11 15:43:19 - [TEST_STEP][PASSED] - click: Object: 'Object Repository/Final Object Repo/New Registration - Registration Module Pages/New Reg - OTC to RO/Special Case - OTC - Form 1/Sub Business Entity - Please Select' is clicked on

2018-12-11 15:43:20 - [MESSAGE][PASSED] - Object: 'Object Repository/Final Object Repo/New Registration - Registration Module Pages/New Reg - OTC to RO/Special Case - OTC - Form 1/Sub Business Entity - Please Select' is clicked on

2018-12-11 15:43:20 - [TEST_STEP][PASSED] - delay: Delayed 2 second(s)

2018-12-11 15:43:22 - [MESSAGE][PASSED] - Delayed 2 second(s)

2018-12-11 15:43:22 - [TEST_STEP][PASSED] - click: Object: 'Object Repository/Final Object Repo/New Registration - Registration Module Pages/New Reg - OTC to RO/Special Case - OTC - Form 1/Selected - Sendirian Berhad' is clicked on

2018-12-11 15:43:22 - [MESSAGE][PASSED] - Object: 'Object Repository/Final Object Repo/New Registration - Registration Module Pages/New Reg - OTC to RO/Special Case - OTC - Form 1/Selected - Sendirian Berhad' is clicked on

2018-12-11 15:43:22 - [TEST_STEP][PASSED] - setText: Text 'AUTOMATE001' is set on object 'Object Repository/Final Object Repo/New Registration - Registration Module Pages/New Reg - OTC to RO/Special Case - OTC - Form 1/Input BRN Number'

2018-12-11 15:43:22 - [MESSAGE][PASSED] - Text 'AUTOMATE001' is set on object 'Object Repository/Final Object Repo/New Registration - Registration Module Pages/New Reg - OTC to RO/Special Case - OTC - Form 1/Input BRN Number'

2018-12-11 15:43:22 - [TEST_STEP][PASSED] - delay: Delayed 2 second(s)

2018-12-11 15:43:24 - [MESSAGE][PASSED] - Delayed 2 second(s)

2018-12-11 15:43:24 - [TEST_STEP][PASSED] - click: Object: 'Object Repository/Final Object Repo/New Registration - Registration Module Pages/New Reg - OTC to RO/Special Case - OTC - Form 1/BRN Search' is clicked on

2018-12-11 15:43:25 - [MESSAGE][PASSED] - Object: 'Object Repository/Final Object Repo/New Registration - Registration Module Pages/New Reg - OTC to RO/Special Case - OTC - Form 1/BRN Search' is clicked on

2018-12-11 15:43:25 - [TEST_STEP][PASSED] - delay: Delayed 4 second(s)

2018-12-11 15:43:29 - [MESSAGE][PASSED] - Delayed 4 second(s)

2018-12-11 15:43:29 - [TEST_STEP][PASSED] - click: Object: 'Object Repository/Final Object Repo/New Registration - Registration Module Pages/New Reg - OTC to RO/Special Case - OTC - Form 1/Registered with SSM - After Feb 2017' is clicked on

2018-12-11 15:43:29 - [MESSAGE][PASSED] - Object: 'Object Repository/Final Object Repo/New Registration - Registration Module Pages/New Reg - OTC to RO/Special Case - OTC - Form 1/Registered with SSM - After Feb 2017' is clicked on

2018-12-11 15:43:29 - [TEST_STEP][PASSED] - delay: Delayed 2 second(s)

2018-12-11 15:43:31 - [MESSAGE][PASSED] - Delayed 2 second(s)

2018-12-11 15:43:31 - [TEST_STEP][PASSED] - click: Object: 'Object Repository/Final Object Repo/New Registration - Registration Module Pages/Form 1/Registered As a Branch - Yes' is clicked on

2018-12-11 15:43:31 - [MESSAGE][PASSED] - Object: 'Object Repository/Final Object Repo/New Registration - Registration Module Pages/Form 1/Registered As a Branch - Yes' is clicked on

2018-12-11 15:43:31 - [TEST_STEP][PASSED] - click: Object: 'Object Repository/Final Object Repo/New Registration - Registration Module Pages/New Reg - OTC to RO/Special Case - OTC - Form 1/Acknowledgement Ticked' is clicked on

2018-12-11 15:43:31 - [MESSAGE][PASSED] - Object: 'Object Repository/Final Object Repo/New Registration - Registration Module Pages/New Reg - OTC to RO/Special Case - OTC - Form 1/Acknowledgement Ticked' is clicked on

2018-12-11 15:43:31 - [TEST_STEP][PASSED] - setText: Text 'perkeso779454589480@gmail.com' is set on object 'Object Repository/Final Object Repo/New Registration - Registration Module Pages/Form 1/Email'

2018-12-11 15:43:32 - [MESSAGE][PASSED] - Text 'perkeso779454589480@gmail.com' is set on object 'Object Repository/Final Object Repo/New Registration - Registration Module Pages/Form 1/Email'

2018-12-11 15:43:32 - [TEST_STEP][PASSED] - click: Object: 'Object Repository/Final Object Repo/New Registration - Registration Module Pages/New Reg - OTC to RO/Special Case - OTC - Form 1/Submit Button' is clicked on

2018-12-11 15:43:32 - [MESSAGE][PASSED] - Object: 'Object Repository/Final Object Repo/New Registration - Registration Module Pages/New Reg - OTC to RO/Special Case - OTC - Form 1/Submit Button' is clicked on

2018-12-11 15:43:32 - [TEST_STEP][PASSED] - callTestCase: Call Test Case 'Test Cases/Final Aug 2018 - PKS Automation/Registration Module/New Registration/Form 2/Add 1 Eligible - Employer Account Use' successfully

2018-12-11 15:43:32 - [TEST_CASE][PASSED] - Test Cases/Final Aug 2018 - PKS Automation/Registration Module/New Registration/Form 2/Add 1 Eligible - Employer Account Use: Test Cases/Final Aug 2018 - PKS Automation/Registration Module/New Registration/Form 2/Add 1 Eligible - Employer Account Use

2018-12-11 15:43:32 - [TEST_STEP][PASSED] - delay: Delayed 2 second(s)

2018-12-11 15:43:34 - [MESSAGE][PASSED] - Delayed 2 second(s)

2018-12-11 15:43:34 - [TEST_STEP][PASSED] - callTestCase: Call Test Case 'Test Cases/Final Aug 2018 - PKS Automation/Registration Module/New Registration/Form 2/Date Updater' successfully

2018-12-11 15:43:34 - [TEST_CASE][PASSED] - Test Cases/Final Aug 2018 - PKS Automation/Registration Module/New Registration/Form 2/Date Updater: Test Cases/Final Aug 2018 - PKS Automation/Registration Module/New Registration/Form 2/Date Updater

2018-12-11 15:43:34 - [TEST_STEP][PASSED] - Statement - TodayDate = new java.util.Date(): null

2018-12-11 15:43:34 - [TEST_STEP][PASSED] - Statement - CurrentDateNoFilter = new java.text.SimpleDateFormat(): null

2018-12-11 15:43:34 - [TEST_STEP][PASSED] - Statement - CurrentDateNoFilter.applyPattern("MM"): null

2018-12-11 15:43:34 - [TEST_STEP][PASSED] - Statement - monthContainerMatcher = java.lang.Integer.parseInt(CurrentDateNoFilter.format(TodayDate)): null

2018-12-11 15:43:34 - [TEST_STEP][PASSED] - Statement - monthContainerMatcher = monthContainerMatcher - 1: null

2018-12-11 15:43:34 - [TEST_STEP][PASSED] - Statement - CurrentMonth = monthContainerMatcher.toString(): null

2018-12-11 15:43:34 - [TEST_STEP][PASSED] - Statement - CurrentMonth = CurrentMonth: null

2018-12-11 15:43:34 - [TEST_STEP][PASSED] - Statement - CurrentDateNoFilter.applyPattern("yyyy"): null

2018-12-11 15:43:34 - [TEST_STEP][PASSED] - Statement - CurrentYear = CurrentDateNoFilter.format(TodayDate): null

2018-12-11 15:43:34 - [TEST_STEP][PASSED] - Statement - CurrentYear = CurrentYear: null

2018-12-11 15:43:34 - [TEST_STEP][PASSED] - Statement - intCurrentYear = java.lang.Integer.parseInt(CurrentDateNoFilter.format(TodayDate)): null

2018-12-11 15:43:34 - [TEST_STEP][PASSED] - Statement - eighteenYrsAgo = intCurrentYear - 18: null

2018-12-11 15:43:34 - [TEST_STEP][PASSED] - Statement - eighteenYrsBeforeThisYr = eighteenYrsAgo.toString(): null

2018-12-11 15:43:34 - [TEST_STEP][PASSED] - Statement - EighteenYrsBefore = eighteenYrsBeforeThisYr: null

2018-12-11 15:43:34 - [TEST_STEP][PASSED] - Statement - fiftysevenYrsAgo = intCurrentYear - 57: null

2018-12-11 15:43:34 - [TEST_STEP][PASSED] - Statement - fiftysevenYrsBeforeThisYr = fiftysevenYrsAgo.toString(): null

2018-12-11 15:43:34 - [TEST_STEP][PASSED] - Statement - FiftysevenYrsBefore = fiftysevenYrsBeforeThisYr: null

2018-12-11 15:43:34 - [TEST_STEP][PASSED] - Statement - leapYear = false: null

2018-12-11 15:43:34 - [TEST_STEP][PASSED] - Statement - leapYear = intCurrentYear % 4 == 0: null

2018-12-11 15:43:34 - [TEST_STEP][PASSED] - Statement - CurrentDateNoFilter.applyPattern("dd"): null

2018-12-11 15:43:34 - [TEST_STEP][PASSED] - Statement - CurrentDate = CurrentDateNoFilter.format(TodayDate): null

2018-12-11 15:43:34 - [TEST_STEP][PASSED] - Statement - CurrentDate = java.lang.Integer.parseInt(CurrentDate): null

2018-12-11 15:43:34 - [TEST_STEP][PASSED] - Statement - CurrentDate = CurrentDate: null

2018-12-11 15:43:34 - [TEST_STEP][PASSED] - Statement - CurrentDay = java.lang.Integer.parseInt(CurrentDate): null

2018-12-11 15:43:34 - [TEST_STEP][PASSED] - Statement - ConfAdder = <not implemented yet for class: org.codehaus.groovy.ast.expr.EmptyExpression>: null

2018-12-11 15:43:34 - [TEST_STEP][PASSED] - Statement - out.println(CurrentMonth): null

2018-12-11 15:43:34 - [TEST_STEP][PASSED] - Statement - out.println(CurrentDate): null

2018-12-11 15:43:34 - [TEST_STEP][PASSED] - Statement - switch (CurrentDate): null

2018-12-11 15:43:34 - [TEST_STEP][PASSED] - Statement - Default: null

2018-12-11 15:43:34 - [TEST_STEP][PASSED] - Statement - ConfAdder = true: null

2018-12-11 15:43:34 - [TEST_STEP][PASSED] - Statement - Break: null

2018-12-11 15:43:34 - [TEST_STEP][PASSED] - Statement - aDayBefore = <not implemented yet for class: org.codehaus.groovy.ast.expr.EmptyExpression>: null

2018-12-11 15:43:34 - [TEST_STEP][PASSED] - Statement - out.println(ConfAdder): null

2018-12-11 15:43:34 - [TEST_STEP][PASSED] - Statement - If (ConfAdder == true): null

2018-12-11 15:43:34 - [TEST_STEP][PASSED] - Statement - aDayBefore = CurrentDay + 1: null

2018-12-11 15:43:34 - [TEST_STEP][PASSED] - Statement - out.println(aDayBefore): null

2018-12-11 15:43:34 - [TEST_STEP][PASSED] - Statement - If (aDayBefore == 1 && CurrentMonth == 11): null

2018-12-11 15:43:34 - [TEST_STEP][PASSED] - Statement - DayBefore = aDayBefore.toString(): null

2018-12-11 15:43:34 - [TEST_STEP][PASSED] - Statement - OneDayBefore = DayBefore: null

2018-12-11 15:43:34 - [MESSAGE][PASSED] - Call Test Case 'Test Cases/Final Aug 2018 - PKS Automation/Registration Module/New Registration/Form 2/Date Updater' successfully

2018-12-11 15:43:34 - [TEST_STEP][PASSED] - delay: Delayed 1 second(s)

2018-12-11 15:43:35 - [MESSAGE][PASSED] - Delayed 1 second(s)

2018-12-11 15:43:35 - [TEST_STEP][PASSED] - Statement - CaseReferenceNo = com.kms.katalon.core.webui.keyword.WebUiBuiltInKeywords.getText(com.kms.katalon.core.testobject.ObjectRepository.findTestObject(Final Object Repo/New Registration - Registration Module Pages/Form 2/RefNo Acquiring)): Text of object 'Object Repository/Final Object Repo/New Registration - Registration Module Pages/Form 2/RefNo Acquiring' is: 'CRN12201800123180'

2018-12-11 15:43:35 - [MESSAGE][PASSED] - Text of object 'Object Repository/Final Object Repo/New Registration - Registration Module Pages/Form 2/RefNo Acquiring' is: 'CRN12201800123180'

2018-12-11 15:43:35 - [TEST_STEP][PASSED] - delay: Delayed 1 second(s)

2018-12-11 15:43:36 - [MESSAGE][PASSED] - Delayed 1 second(s)

2018-12-11 15:43:36 - [TEST_STEP][PASSED] - click: Object: 'Object Repository/Final Object Repo/New Registration - Registration Module Pages/Form 2/Add Employee Button' is clicked on

2018-12-11 15:43:37 - [MESSAGE][PASSED] - Object: 'Object Repository/Final Object Repo/New Registration - Registration Module Pages/Form 2/Add Employee Button' is clicked on

2018-12-11 15:43:37 - [TEST_STEP][PASSED] - delay: Delayed 1 second(s)

2018-12-11 15:43:38 - [MESSAGE][PASSED] - Delayed 1 second(s)

2018-12-11 15:43:38 - [TEST_STEP][PASSED] - setText: Text '010903091948' is set on object 'Object Repository/Final Object Repo/New Registration - Registration Module Pages/Form 2/NRIC Input'

2018-12-11 15:43:39 - [MESSAGE][PASSED] - Text '010903091948' is set on object 'Object Repository/Final Object Repo/New Registration - Registration Module Pages/Form 2/NRIC Input'

2018-12-11 15:43:39 - [TEST_STEP][PASSED] - delay: Delayed 2 second(s)

2018-12-11 15:43:41 - [MESSAGE][PASSED] - Delayed 2 second(s)

2018-12-11 15:43:41 - [TEST_STEP][PASSED] - setText: Text 'Automate001 eligible 1' is set on object 'Object Repository/Final Object Repo/New Registration - Registration Module Pages/Form 2/Employee Name Input'

2018-12-11 15:43:41 - [MESSAGE][PASSED] - Text 'Automate001 eligible 1' is set on object 'Object Repository/Final Object Repo/New Registration - Registration Module Pages/Form 2/Employee Name Input'

2018-12-11 15:43:41 - [TEST_STEP][PASSED] - delay: Delayed 2 second(s)

2018-12-11 15:43:43 - [MESSAGE][PASSED] - Delayed 2 second(s)

2018-12-11 15:43:43 - [TEST_STEP][PASSED] - click: Object: 'Object Repository/Final Object Repo/New Registration - Registration Module Pages/Form 2/DatePicker Pop Up' is clicked on

2018-12-11 15:43:43 - [MESSAGE][PASSED] - Object: 'Object Repository/Final Object Repo/New Registration - Registration Module Pages/Form 2/DatePicker Pop Up' is clicked on

2018-12-11 15:43:43 - [TEST_STEP][PASSED] - click: Object: 'Object Repository/Final Object Repo/New Registration - Registration Module Pages/Form 2/DOB Month' is clicked on

2018-12-11 15:43:44 - [MESSAGE][PASSED] - Object: 'Object Repository/Final Object Repo/New Registration - Registration Module Pages/Form 2/DOB Month' is clicked on

2018-12-11 15:43:44 - [TEST_STEP][PASSED] - Statement - CurrentMonth = CurrentMonth: null

2018-12-11 15:43:44 - [TEST_STEP][PASSED] - Statement - selectMonth = new com.kms.katalon.core.testobject.TestObject(): null

2018-12-11 15:43:44 - [TEST_STEP][PASSED] - Statement - selectMonth.addProperty("xpath", EQUALS, "//body/div/div/div/select/option[@value='" + CurrentMonth + "']", true): null

2018-12-11 15:43:44 - [TEST_STEP][PASSED] - click: Object: '' is clicked on

2018-12-11 15:43:44 - [MESSAGE][PASSED] - Object: '' is clicked on

2018-12-11 15:43:44 - [TEST_STEP][PASSED] - click: Object: 'Object Repository/Final Object Repo/New Registration - Registration Module Pages/Form 2/DOB Year' is clicked on

2018-12-11 15:43:44 - [MESSAGE][PASSED] - Object: 'Object Repository/Final Object Repo/New Registration - Registration Module Pages/Form 2/DOB Year' is clicked on

2018-12-11 15:43:44 - [TEST_STEP][PASSED] - Statement - Eyearsbf = EighteenYrsBefore: null

2018-12-11 15:43:44 - [TEST_STEP][PASSED] - Statement - selectYear = new com.kms.katalon.core.testobject.TestObject(): null

2018-12-11 15:43:44 - [TEST_STEP][PASSED] - Statement - selectYear.addProperty("xpath", EQUALS, "//div/div/div/select/option[@value='" + Eyearsbf + "']", true): null

2018-12-11 15:43:44 - [TEST_STEP][PASSED] - click: Object: '' is clicked on

2018-12-11 15:43:44 - [MESSAGE][PASSED] - Object: '' is clicked on

2018-12-11 15:43:44 - [TEST_STEP][PASSED] - Statement - UpdatedSelectDate = com.kms.katalon.core.webui.keyword.WebUiBuiltInKeywords.modifyObjectProperty(com.kms.katalon.core.testobject.ObjectRepository.findTestObject(Final Object Repo/New Registration - Registration Module Pages/Form 2/DOB Date), "xpath", "equals", "//body/div/table/tbody/tr/td/a[text()="" + CurrentDate + ""]", true): Modify property of object successfully

2018-12-11 15:43:44 - [MESSAGE][PASSED] - Modify property of object successfully

2018-12-11 15:43:44 - [TEST_STEP][PASSED] - delay: Delayed 3 second(s)

2018-12-11 15:43:47 - [MESSAGE][PASSED] - Delayed 3 second(s)

2018-12-11 15:43:47 - [TEST_STEP][PASSED] - click: Object: 'Object Repository/Final Object Repo/New Registration - Registration Module Pages/Form 2/DOB Date' is clicked on

2018-12-11 15:43:47 - [MESSAGE][PASSED] - Object: 'Object Repository/Final Object Repo/New Registration - Registration Module Pages/Form 2/DOB Date' is clicked on

2018-12-11 15:43:47 - [TEST_STEP][PASSED] - delay: Delayed 2 second(s)

2018-12-11 15:43:49 - [MESSAGE][PASSED] - Delayed 2 second(s)

2018-12-11 15:43:49 - [TEST_STEP][PASSED] - click: Object: 'Object Repository/Final Object Repo/New Registration - Registration Module Pages/Form 2/EmploymentStartDate Pop Up' is clicked on

2018-12-11 15:43:49 - [MESSAGE][PASSED] - Object: 'Object Repository/Final Object Repo/New Registration - Registration Module Pages/Form 2/EmploymentStartDate Pop Up' is clicked on

2018-12-11 15:43:49 - [TEST_STEP][PASSED] - delay: Delayed 2 second(s)

2018-12-11 15:43:51 - [MESSAGE][PASSED] - Delayed 2 second(s)

2018-12-11 15:43:51 - [TEST_STEP][PASSED] - click: Object: 'Object Repository/Final Object Repo/New Registration - Registration Module Pages/Form 2/Socso Employment StartDate Month' is clicked on

2018-12-11 15:43:51 - [MESSAGE][PASSED] - Object: 'Object Repository/Final Object Repo/New Registration - Registration Module Pages/Form 2/Socso Employment StartDate Month' is clicked on

2018-12-11 15:43:51 - [TEST_STEP][PASSED] - delay: Delayed 1 second(s)

2018-12-11 15:43:52 - [MESSAGE][PASSED] - Delayed 1 second(s)

2018-12-11 15:43:52 - [TEST_STEP][PASSED] - click: Object: 'Object Repository/Final Object Repo/New Registration - Registration Module Pages/Form 2/Select Socso Employement Startdate Month' is clicked on

2018-12-11 15:43:53 - [MESSAGE][PASSED] - Object: 'Object Repository/Final Object Repo/New Registration - Registration Module Pages/Form 2/Select Socso Employement Startdate Month' is clicked on

2018-12-11 15:43:53 - [TEST_STEP][PASSED] - delay: Delayed 2 second(s)

2018-12-11 15:43:55 - [MESSAGE][PASSED] - Delayed 2 second(s)

2018-12-11 15:43:55 - [TEST_STEP][PASSED] - click: Object: 'Object Repository/Final Object Repo/New Registration - Registration Module Pages/Form 2/Socso Employment StartDate Year' is clicked on

2018-12-11 15:43:55 - [MESSAGE][PASSED] - Object: 'Object Repository/Final Object Repo/New Registration - Registration Module Pages/Form 2/Socso Employment StartDate Year' is clicked on

2018-12-11 15:43:55 - [TEST_STEP][PASSED] - delay: Delayed 1 second(s)

2018-12-11 15:43:56 - [MESSAGE][PASSED] - Delayed 1 second(s)

2018-12-11 15:43:56 - [TEST_STEP][PASSED] - click: Object: 'Object Repository/Final Object Repo/New Registration - Registration Module Pages/Form 2/Select Socso Employment Startdate Year' is clicked on

2018-12-11 15:43:56 - [MESSAGE][PASSED] - Object: 'Object Repository/Final Object Repo/New Registration - Registration Module Pages/Form 2/Select Socso Employment Startdate Year' is clicked on

2018-12-11 15:43:56 - [TEST_STEP][PASSED] - delay: Delayed 2 second(s)

2018-12-11 15:43:58 - [MESSAGE][PASSED] - Delayed 2 second(s)

2018-12-11 15:43:58 - [TEST_STEP][PASSED] - click: Object: 'Object Repository/Final Object Repo/New Registration - Registration Module Pages/Form 2/Socso Employment Start Date Day' is clicked on

2018-12-11 15:43:58 - [MESSAGE][PASSED] - Object: 'Object Repository/Final Object Repo/New Registration - Registration Module Pages/Form 2/Socso Employment Start Date Day' is clicked on

2018-12-11 15:43:58 - [TEST_STEP][PASSED] - delay: Delayed 2 second(s)

2018-12-11 15:44:00 - [MESSAGE][PASSED] - Delayed 2 second(s)

2018-12-11 15:44:00 - [TEST_STEP][PASSED] - click: Object: 'Object Repository/Final Object Repo/New Registration - Registration Module Pages/Form 2/Save Button for Add Employee' is clicked on

2018-12-11 15:44:00 - [MESSAGE][PASSED] - Object: 'Object Repository/Final Object Repo/New Registration - Registration Module Pages/Form 2/Save Button for Add Employee' is clicked on

2018-12-11 15:44:00 - [TEST_STEP][PASSED] - delay: Delayed 6 second(s)

2018-12-11 15:44:06 - [MESSAGE][PASSED] - Delayed 6 second(s)

2018-12-11 15:44:06 - [TEST_STEP][PASSED] - click: Object: 'Object Repository/Final Object Repo/New Registration - Registration Module Pages/Form 2/Save and Continue Form 2' is clicked on

2018-12-11 15:44:07 - [MESSAGE][PASSED] - Object: 'Object Repository/Final Object Repo/New Registration - Registration Module Pages/Form 2/Save and Continue Form 2' is clicked on

2018-12-11 15:44:07 - [MESSAGE][PASSED] - Call Test Case 'Test Cases/Final Aug 2018 - PKS Automation/Registration Module/New Registration/Form 2/Add 1 Eligible - Employer Account Use' successfully

2018-12-11 15:44:07 - [TEST_STEP][PASSED] - callTestCase: Call Test Case 'Test Cases/Final Aug 2018 - PKS Automation/Registration Module/New Registration/Flow of New Registration/Third Screen - Upload Supporting Doc - Preview' successfully

2018-12-11 15:44:07 - [TEST_CASE][PASSED] - Test Cases/Final Aug 2018 - PKS Automation/Registration Module/New Registration/Flow of New Registration/Third Screen - Upload Supporting Doc - Preview: Test Cases/Final Aug 2018 - PKS Automation/Registration Module/New Registration/Flow of New Registration/Third Screen - Upload Supporting Doc - Preview

2018-12-11 15:44:07 - [TEST_STEP][PASSED] - waitForPageLoad: Wait for page load successfully

2018-12-11 15:44:07 - [MESSAGE][PASSED] - Wait for page load successfully

2018-12-11 15:44:07 - [TEST_STEP][PASSED] - Statement - CaseReferenceNo = com.kms.katalon.core.webui.keyword.WebUiBuiltInKeywords.getText(com.kms.katalon.core.testobject.ObjectRepository.findTestObject(Final Object Repo/New Registration - Registration Module Pages/Third Screen - Upload Supporting Doc- Preview/RefNo Acquiring)): Text of object 'Object Repository/Final Object Repo/New Registration - Registration Module Pages/Third Screen - Upload Supporting Doc- Preview/RefNo Acquiring' is: 'CRN12201800123180'

2018-12-11 15:44:08 - [MESSAGE][PASSED] - Text of object 'Object Repository/Final Object Repo/New Registration - Registration Module Pages/Third Screen - Upload Supporting Doc- Preview/RefNo Acquiring' is: 'CRN12201800123180'

2018-12-11 15:44:08 - [TEST_STEP][PASSED] - delay: Delayed 2 second(s)

2018-12-11 15:44:10 - [MESSAGE][PASSED] - Delayed 2 second(s)

2018-12-11 15:44:10 - [TEST_STEP][PASSED] - callTestCase: Call Test Case 'Test Cases/Final Aug 2018 - PKS Automation/Common/Reference Number Setter' successfully

2018-12-11 15:44:10 - [TEST_CASE][PASSED] - Test Cases/Final Aug 2018 - PKS Automation/Common/Reference Number Setter: Test Cases/Final Aug 2018 - PKS Automation/Common/Reference Number Setter

2018-12-11 15:44:10 - [TEST_STEP][PASSED] - Statement - RefNoOldFile = new java.io.File(C://Users//Admin//Desktop//PKS//Automation Reference Point//KatalonReference.txt): null

2018-12-11 15:44:10 - [TEST_STEP][PASSED] - Statement - RefNoOldFile.delete(): null

2018-12-11 15:44:10 - [TEST_STEP][PASSED] - delay: Delayed 5 second(s)

2018-12-11 15:44:15 - [MESSAGE][PASSED] - Delayed 5 second(s)

2018-12-11 15:44:15 - [TEST_STEP][PASSED] - Statement - RefNo = new java.io.File(C://Users//Admin//Desktop//PKS//Automation Reference Point//KatalonReference.txt): null

2018-12-11 15:44:15 - [TEST_STEP][PASSED] - Statement - f2 = new java.io.FileWriter(RefNo, false): null

2018-12-11 15:44:15 - [TEST_STEP][PASSED] - Statement - f2.write(CaseReferenceNo): null

2018-12-11 15:44:15 - [TEST_STEP][PASSED] - Statement - f2.close(): null

2018-12-11 15:44:15 - [TEST_STEP][PASSED] - Statement - out.println("


" + CaseReferenceNo + "


"): null

2018-12-11 15:44:15 - [MESSAGE][PASSED] - Call Test Case 'Test Cases/Final Aug 2018 - PKS Automation/Common/Reference Number Setter' successfully

2018-12-11 15:44:15 - [TEST_STEP][PASSED] - waitForElementClickable: Object 'Object Repository/Final Object Repo/New Registration - Registration Module Pages/Third Screen - Upload Supporting Doc- Preview/Save n Continue in SIP Employee Listing Page' is clickable

2018-12-11 15:44:15 - [MESSAGE][PASSED] - Object 'Object Repository/Final Object Repo/New Registration - Registration Module Pages/Third Screen - Upload Supporting Doc- Preview/Save n Continue in SIP Employee Listing Page' is clickable

2018-12-11 15:44:15 - [TEST_STEP][PASSED] - click: Object: 'Object Repository/Final Object Repo/New Registration - Registration Module Pages/Third Screen - Upload Supporting Doc- Preview/Save n Continue in SIP Employee Listing Page' is clicked on

2018-12-11 15:44:21 - [MESSAGE][PASSED] - Object: 'Object Repository/Final Object Repo/New Registration - Registration Module Pages/Third Screen - Upload Supporting Doc- Preview/Save n Continue in SIP Employee Listing Page' is clicked on

2018-12-11 15:44:21 - [TEST_STEP][PASSED] - delay: Delayed 7 second(s)

2018-12-11 15:44:28 - [MESSAGE][PASSED] - Delayed 7 second(s)

2018-12-11 15:44:28 - [TEST_STEP][PASSED] - click: Object: 'Object Repository/Final Object Repo/New Registration - Registration Module Pages/Third Screen - Upload Supporting Doc- Preview/Add Document Button' is clicked on

2018-12-11 15:44:28 - [MESSAGE][PASSED] - Object: 'Object Repository/Final Object Repo/New Registration - Registration Module Pages/Third Screen - Upload Supporting Doc- Preview/Add Document Button' is clicked on

2018-12-11 15:44:28 - [TEST_STEP][PASSED] - delay: Delayed 30 second(s)

2018-12-11 15:44:58 - [MESSAGE][PASSED] - Delayed 30 second(s)

2018-12-11 15:44:58 - [TEST_STEP][PASSED] - click: Object: 'Object Repository/Final Object Repo/New Registration - Registration Module Pages/Third Screen - Upload Supporting Doc- Preview/Supporting Doc Please Select Drop Down' is clicked on

2018-12-11 15:44:58 - [MESSAGE][PASSED] - Object: 'Object Repository/Final Object Repo/New Registration - Registration Module Pages/Third Screen - Upload Supporting Doc- Preview/Supporting Doc Please Select Drop Down' is clicked on

2018-12-11 15:44:58 - [TEST_STEP][PASSED] - delay: Delayed 2 second(s)

2018-12-11 15:45:00 - [MESSAGE][PASSED] - Delayed 2 second(s)

2018-12-11 15:45:00 - [TEST_STEP][PASSED] - click: Object: 'Object Repository/Final Object Repo/New Registration - Registration Module Pages/Third Screen - Upload Supporting Doc- Preview/Select to Upload Form 1' is clicked on

2018-12-11 15:45:00 - [MESSAGE][PASSED] - Object: 'Object Repository/Final Object Repo/New Registration - Registration Module Pages/Third Screen - Upload Supporting Doc- Preview/Select to Upload Form 1' is clicked on

2018-12-11 15:45:00 - [TEST_STEP][PASSED] - delay: Delayed 2 second(s)

2018-12-11 15:45:02 - [MESSAGE][PASSED] - Delayed 2 second(s)

2018-12-11 15:45:02 - [TEST_STEP][PASSED] - uploadFile: File 'C:\Users\Public\Pictures\Sample Pictures\Koala.jpg' sent to object: 'Object Repository/Final Object Repo/New Registration - Registration Module Pages/Third Screen - Upload Supporting Doc- Preview/Upload File Adding'

2018-12-11 15:45:02 - [MESSAGE][PASSED] - File 'C:\Users\Public\Pictures\Sample Pictures\Koala.jpg' sent to object: 'Object Repository/Final Object Repo/New Registration - Registration Module Pages/Third Screen - Upload Supporting Doc- Preview/Upload File Adding'

2018-12-11 15:45:02 - [TEST_STEP][PASSED] - delay: Delayed 5 second(s)

2018-12-11 15:45:07 - [MESSAGE][PASSED] - Delayed 5 second(s)

2018-12-11 15:45:07 - [TEST_STEP][PASSED] - click: Object: 'Object Repository/Final Object Repo/New Registration - Registration Module Pages/Third Screen - Upload Supporting Doc- Preview/Inner Form Add Document Button' is clicked on

2018-12-11 15:45:07 - [MESSAGE][PASSED] - Object: 'Object Repository/Final Object Repo/New Registration - Registration Module Pages/Third Screen - Upload Supporting Doc- Preview/Inner Form Add Document Button' is clicked on

2018-12-11 15:45:07 - [TEST_STEP][PASSED] - delay: Delayed 3 second(s)

2018-12-11 15:45:10 - [MESSAGE][PASSED] - Delayed 3 second(s)

2018-12-11 15:45:10 - [TEST_STEP][PASSED] - click: Object: 'Object Repository/Final Object Repo/New Registration - Registration Module Pages/Third Screen - Upload Supporting Doc- Preview/Add Document Button' is clicked on

2018-12-11 15:45:12 - [MESSAGE][PASSED] - Object: 'Object Repository/Final Object Repo/New Registration - Registration Module Pages/Third Screen - Upload Supporting Doc- Preview/Add Document Button' is clicked on

2018-12-11 15:45:12 - [TEST_STEP][PASSED] - delay: Delayed 30 second(s)

2018-12-11 15:45:42 - [MESSAGE][PASSED] - Delayed 30 second(s)

2018-12-11 15:45:42 - [TEST_STEP][PASSED] - click: Object: 'Object Repository/Final Object Repo/New Registration - Registration Module Pages/Third Screen - Upload Supporting Doc- Preview/Supporting Doc Please Select Drop Down' is clicked on

2018-12-11 15:45:42 - [MESSAGE][PASSED] - Object: 'Object Repository/Final Object Repo/New Registration - Registration Module Pages/Third Screen - Upload Supporting Doc- Preview/Supporting Doc Please Select Drop Down' is clicked on

2018-12-11 15:45:42 - [TEST_STEP][PASSED] - delay: Delayed 4 second(s)

2018-12-11 15:45:46 - [MESSAGE][PASSED] - Delayed 4 second(s)

2018-12-11 15:45:46 - [TEST_STEP][PASSED] - click: Object: 'Object Repository/Final Object Repo/New Registration - Registration Module Pages/Third Screen - Upload Supporting Doc- Preview/Select to Upload Form 2' is clicked on

2018-12-11 15:45:46 - [MESSAGE][PASSED] - Object: 'Object Repository/Final Object Repo/New Registration - Registration Module Pages/Third Screen - Upload Supporting Doc- Preview/Select to Upload Form 2' is clicked on

2018-12-11 15:45:46 - [TEST_STEP][PASSED] - delay: Delayed 2 second(s)

2018-12-11 15:45:48 - [MESSAGE][PASSED] - Delayed 2 second(s)

2018-12-11 15:45:48 - [TEST_STEP][PASSED] - uploadFile: File 'C:\Users\Public\Pictures\Sample Pictures\Koala.jpg' sent to object: 'Object Repository/Final Object Repo/New Registration - Registration Module Pages/Third Screen - Upload Supporting Doc- Preview/Upload File Adding'

2018-12-11 15:45:48 - [MESSAGE][PASSED] - File 'C:\Users\Public\Pictures\Sample Pictures\Koala.jpg' sent to object: 'Object Repository/Final Object Repo/New Registration - Registration Module Pages/Third Screen - Upload Supporting Doc- Preview/Upload File Adding'

2018-12-11 15:45:48 - [TEST_STEP][PASSED] - click: Object: 'Object Repository/Final Object Repo/New Registration - Registration Module Pages/Third Screen - Upload Supporting Doc- Preview/Inner Form Add Document Button' is clicked on

2018-12-11 15:45:48 - [MESSAGE][PASSED] - Object: 'Object Repository/Final Object Repo/New Registration - Registration Module Pages/Third Screen - Upload Supporting Doc- Preview/Inner Form Add Document Button' is clicked on

2018-12-11 15:45:48 - [TEST_STEP][PASSED] - delay: Delayed 5 second(s)

2018-12-11 15:45:53 - [MESSAGE][PASSED] - Delayed 5 second(s)

2018-12-11 15:45:53 - [TEST_STEP][PASSED] - click: Object: 'Object Repository/Final Object Repo/New Registration - Registration Module Pages/Third Screen - Upload Supporting Doc- Preview/Add Document Button' is clicked on

2018-12-11 15:45:54 - [MESSAGE][PASSED] - Object: 'Object Repository/Final Object Repo/New Registration - Registration Module Pages/Third Screen - Upload Supporting Doc- Preview/Add Document Button' is clicked on

2018-12-11 15:45:54 - [TEST_STEP][PASSED] - delay: Delayed 30 second(s)

2018-12-11 15:46:24 - [MESSAGE][PASSED] - Delayed 30 second(s)

2018-12-11 15:46:24 - [TEST_STEP][PASSED] - click: Object: 'Object Repository/Final Object Repo/New Registration - Registration Module Pages/Third Screen - Upload Supporting Doc- Preview/Supporting Doc Please Select Drop Down' is clicked on

2018-12-11 15:46:24 - [MESSAGE][PASSED] - Object: 'Object Repository/Final Object Repo/New Registration - Registration Module Pages/Third Screen - Upload Supporting Doc- Preview/Supporting Doc Please Select Drop Down' is clicked on

2018-12-11 15:46:24 - [TEST_STEP][PASSED] - click: Object: 'Object Repository/Final Object Repo/New Registration - Registration Module Pages/Third Screen - Upload Supporting Doc- Preview/Select to Upload Borang SIP 1' is clicked on

2018-12-11 15:46:24 - [MESSAGE][PASSED] - Object: 'Object Repository/Final Object Repo/New Registration - Registration Module Pages/Third Screen - Upload Supporting Doc- Preview/Select to Upload Borang SIP 1' is clicked on

2018-12-11 15:46:24 - [TEST_STEP][PASSED] - delay: Delayed 2 second(s)

2018-12-11 15:46:26 - [MESSAGE][PASSED] - Delayed 2 second(s)

2018-12-11 15:46:26 - [TEST_STEP][PASSED] - uploadFile: File 'C:\Users\Public\Pictures\Sample Pictures\Koala.jpg' sent to object: 'Object Repository/Final Object Repo/New Registration - Registration Module Pages/Third Screen - Upload Supporting Doc- Preview/Upload File Adding'

2018-12-11 15:46:26 - [MESSAGE][PASSED] - File 'C:\Users\Public\Pictures\Sample Pictures\Koala.jpg' sent to object: 'Object Repository/Final Object Repo/New Registration - Registration Module Pages/Third Screen - Upload Supporting Doc- Preview/Upload File Adding'

2018-12-11 15:46:26 - [TEST_STEP][PASSED] - click: Object: 'Object Repository/Final Object Repo/New Registration - Registration Module Pages/Third Screen - Upload Supporting Doc- Preview/Inner Form Add Document Button' is clicked on

2018-12-11 15:46:26 - [MESSAGE][PASSED] - Object: 'Object Repository/Final Object Repo/New Registration - Registration Module Pages/Third Screen - Upload Supporting Doc- Preview/Inner Form Add Document Button' is clicked on

2018-12-11 15:46:26 - [TEST_STEP][PASSED] - delay: Delayed 5 second(s)

2018-12-11 15:46:31 - [MESSAGE][PASSED] - Delayed 5 second(s)

2018-12-11 15:46:31 - [TEST_STEP][PASSED] - click: Object: 'Object Repository/Final Object Repo/New Registration - Registration Module Pages/Third Screen - Upload Supporting Doc- Preview/Add Document Button' is clicked on

2018-12-11 15:46:32 - [MESSAGE][PASSED] - Object: 'Object Repository/Final Object Repo/New Registration - Registration Module Pages/Third Screen - Upload Supporting Doc- Preview/Add Document Button' is clicked on

2018-12-11 15:46:32 - [TEST_STEP][PASSED] - delay: Delayed 30 second(s)

2018-12-11 15:47:02 - [MESSAGE][PASSED] - Delayed 30 second(s)

2018-12-11 15:47:02 - [TEST_STEP][PASSED] - click: Object: 'Object Repository/Final Object Repo/New Registration - Registration Module Pages/Third Screen - Upload Supporting Doc- Preview/Supporting Doc Please Select Drop Down' is clicked on

2018-12-11 15:47:02 - [MESSAGE][PASSED] - Object: 'Object Repository/Final Object Repo/New Registration - Registration Module Pages/Third Screen - Upload Supporting Doc- Preview/Supporting Doc Please Select Drop Down' is clicked on

2018-12-11 15:47:02 - [TEST_STEP][PASSED] - delay: Delayed 3 second(s)

2018-12-11 15:47:05 - [MESSAGE][PASSED] - Delayed 3 second(s)

2018-12-11 15:47:05 - [TEST_STEP][PASSED] - click: Object: 'Object Repository/Final Object Repo/New Registration - Registration Module Pages/Third Screen - Upload Supporting Doc- Preview/Select to Upload Borang SIP 2' is clicked on

2018-12-11 15:47:05 - [MESSAGE][PASSED] - Object: 'Object Repository/Final Object Repo/New Registration - Registration Module Pages/Third Screen - Upload Supporting Doc- Preview/Select to Upload Borang SIP 2' is clicked on

2018-12-11 15:47:05 - [TEST_STEP][PASSED] - delay: Delayed 2 second(s)

2018-12-11 15:47:07 - [MESSAGE][PASSED] - Delayed 2 second(s)

2018-12-11 15:47:07 - [TEST_STEP][PASSED] - uploadFile: File 'C:\Users\Public\Pictures\Sample Pictures\Koala.jpg' sent to object: 'Object Repository/Final Object Repo/New Registration - Registration Module Pages/Third Screen - Upload Supporting Doc- Preview/Upload File Adding'

2018-12-11 15:47:07 - [MESSAGE][PASSED] - File 'C:\Users\Public\Pictures\Sample Pictures\Koala.jpg' sent to object: 'Object Repository/Final Object Repo/New Registration - Registration Module Pages/Third Screen - Upload Supporting Doc- Preview/Upload File Adding'

2018-12-11 15:47:07 - [TEST_STEP][PASSED] - delay: Delayed 5 second(s)

2018-12-11 15:47:12 - [MESSAGE][PASSED] - Delayed 5 second(s)

2018-12-11 15:47:12 - [TEST_STEP][PASSED] - click: Object: 'Object Repository/Final Object Repo/New Registration - Registration Module Pages/Third Screen - Upload Supporting Doc- Preview/Inner Form Add Document Button' is clicked on

2018-12-11 15:47:12 - [MESSAGE][PASSED] - Object: 'Object Repository/Final Object Repo/New Registration - Registration Module Pages/Third Screen - Upload Supporting Doc- Preview/Inner Form Add Document Button' is clicked on

2018-12-11 15:47:12 - [TEST_STEP][PASSED] - delay: Delayed 3 second(s)

2018-12-11 15:47:15 - [MESSAGE][PASSED] - Delayed 3 second(s)

2018-12-11 15:47:15 - [TEST_STEP][PASSED] - waitForElementClickable: Object 'Object Repository/Final Object Repo/New Registration - Registration Module Pages/Third Screen - Upload Supporting Doc- Preview/Save n Continue in Uploading Supporting Doc Page' is clickable

2018-12-11 15:47:17 - [MESSAGE][PASSED] - Object 'Object Repository/Final Object Repo/New Registration - Registration Module Pages/Third Screen - Upload Supporting Doc- Preview/Save n Continue in Uploading Supporting Doc Page' is clickable

2018-12-11 15:47:17 - [TEST_STEP][PASSED] - click: Object: 'Object Repository/Final Object Repo/New Registration - Registration Module Pages/Third Screen - Upload Supporting Doc- Preview/Save n Continue in Uploading Supporting Doc Page' is clicked on

2018-12-11 15:47:17 - [MESSAGE][PASSED] - Object: 'Object Repository/Final Object Repo/New Registration - Registration Module Pages/Third Screen - Upload Supporting Doc- Preview/Save n Continue in Uploading Supporting Doc Page' is clicked on

2018-12-11 15:47:17 - [MESSAGE][PASSED] - Call Test Case 'Test Cases/Final Aug 2018 - PKS Automation/Registration Module/New Registration/Flow of New Registration/Third Screen - Upload Supporting Doc - Preview' successfully

2018-12-11 15:47:17 - [TEST_STEP][PASSED] - setText: Text 'Tester' is set on object 'Object Repository/Final Object Repo/New Registration - Registration Module Pages/New Reg - OTC to RO/Special Case - All Related Objects/Employer Preview Name'

2018-12-11 15:47:22 - [MESSAGE][PASSED] - Text 'Tester' is set on object 'Object Repository/Final Object Repo/New Registration - Registration Module Pages/New Reg - OTC to RO/Special Case - All Related Objects/Employer Preview Name'

2018-12-11 15:47:22 - [TEST_STEP][PASSED] - click: Object: 'Object Repository/Final Object Repo/New Registration - Registration Module Pages/New Reg - OTC to RO/Special Case - All Related Objects/IC Type Drop Down' is clicked on

2018-12-11 15:47:22 - [MESSAGE][PASSED] - Object: 'Object Repository/Final Object Repo/New Registration - Registration Module Pages/New Reg - OTC to RO/Special Case - All Related Objects/IC Type Drop Down' is clicked on

2018-12-11 15:47:22 - [TEST_STEP][PASSED] - click: Object: 'Object Repository/Final Object Repo/New Registration - Registration Module Pages/New Reg - OTC to RO/Special Case - All Related Objects/Select to NRIC' is clicked on

2018-12-11 15:47:22 - [MESSAGE][PASSED] - Object: 'Object Repository/Final Object Repo/New Registration - Registration Module Pages/New Reg - OTC to RO/Special Case - All Related Objects/Select to NRIC' is clicked on

2018-12-11 15:47:22 - [TEST_STEP][PASSED] - setText: Text '133245561223' is set on object 'Object Repository/Final Object Repo/New Registration - Registration Module Pages/New Reg - OTC to RO/Special Case - All Related Objects/IC Value'

2018-12-11 15:47:22 - [MESSAGE][PASSED] - Text '133245561223' is set on object 'Object Repository/Final Object Repo/New Registration - Registration Module Pages/New Reg - OTC to RO/Special Case - All Related Objects/IC Value'

2018-12-11 15:47:22 - [TEST_STEP][PASSED] - setText: Text 'Auto' is set on object 'Object Repository/Final Object Repo/New Registration - Registration Module Pages/New Reg - OTC to RO/Special Case - All Related Objects/Designation'

2018-12-11 15:47:23 - [MESSAGE][PASSED] - Text 'Auto' is set on object 'Object Repository/Final Object Repo/New Registration - Registration Module Pages/New Reg - OTC to RO/Special Case - All Related Objects/Designation'

2018-12-11 15:47:23 - [TEST_STEP][PASSED] - callTestCase: Call Test Case 'Test Cases/Final Aug 2018 - PKS Automation/Registration Module/New Registration/Submit and Screenshot/Submit Registration and Screenshot - Copy' successfully

2018-12-11 15:47:23 - [TEST_CASE][PASSED] - Test Cases/Final Aug 2018 - PKS Automation/Registration Module/New Registration/Submit and Screenshot/Submit Registration and Screenshot - Copy: Test Cases/Final Aug 2018 - PKS Automation/Registration Module/New Registration/Submit and Screenshot/Submit Registration and Screenshot - Copy

2018-12-11 15:47:23 - [TEST_STEP][PASSED] - delay: Delayed 6 second(s)

2018-12-11 15:47:29 - [MESSAGE][PASSED] - Delayed 6 second(s)

2018-12-11 15:47:29 - [TEST_STEP][PASSED] - click: Object: 'Object Repository/Final Object Repo/New Registration - Registration Module Pages/Third Screen - Upload Supporting Doc- Preview/Preview Submit Button' is clicked on

2018-12-11 15:47:29 - [MESSAGE][PASSED] - Object: 'Object Repository/Final Object Repo/New Registration - Registration Module Pages/Third Screen - Upload Supporting Doc- Preview/Preview Submit Button' is clicked on

2018-12-11 15:47:29 - [TEST_STEP][PASSED] - delay: Delayed 2 second(s)

2018-12-11 15:47:31 - [MESSAGE][PASSED] - Delayed 2 second(s)

2018-12-11 15:47:31 - [TEST_STEP][PASSED] - click: Object: 'Object Repository/Final Object Repo/New Registration - Registration Module Pages/Third Screen - Upload Supporting Doc- Preview/Preview Submit - Confirm' is clicked on

2018-12-11 15:47:31 - [MESSAGE][PASSED] - Object: 'Object Repository/Final Object Repo/New Registration - Registration Module Pages/Third Screen - Upload Supporting Doc- Preview/Preview Submit - Confirm' is clicked on

2018-12-11 15:47:31 - [TEST_STEP][PASSED] - delay: Delayed 15 second(s)

2018-12-11 15:47:46 - [MESSAGE][PASSED] - Delayed 15 second(s)

2018-12-11 15:47:46 - [TEST_STEP][PASSED] - Statement - driver = com.kms.katalon.core.webui.driver.DriverFactory.getWebDriver(): null

2018-12-11 15:47:46 - [TEST_STEP][PASSED] - Statement - driver.manage().timeouts().implicitlyWait(10, SECONDS): null

2018-12-11 15:47:46 - [TEST_STEP][PASSED] - Statement - PresavePath = KatalonScreenshots: null

2018-12-11 15:47:46 - [TEST_STEP][PASSED] - Statement - pathPrefix = "C:\Users\Public\Pictures\Sample Pictures\Katalon Screenshots\Automate Ending Screen": null

2018-12-11 15:47:46 - [TEST_STEP][PASSED] - Statement - finalPath = <not implemented yet for class: org.codehaus.groovy.ast.expr.EmptyExpression>: null

2018-12-11 15:47:46 - [TEST_STEP][PASSED] - Statement - scrFile = driver.getScreenshotAs(FILE): null

2018-12-11 15:47:47 - [TEST_STEP][PASSED] - Statement - PreSaveFile = new java.io.File(PresavePath): null

2018-12-11 15:47:47 - [TEST_STEP][PASSED] - Statement - counter = 0: null

2018-12-11 15:47:47 - [TEST_STEP][PASSED] - Statement - If (PreSaveFile.exists()): null

2018-12-11 15:47:47 - [TEST_STEP][PASSED] - Statement - While (PreSaveFile.exists()): null

2018-12-11 15:47:47 - [TEST_STEP][PASSED] - Statement - counter = counter + 1: null

2018-12-11 15:47:47 - [TEST_STEP][PASSED] - Statement - PreSaveFile = new java.io.File(((pathPrefix + java.lang.Integer.toString(counter)) + .png)): null

2018-12-11 15:47:47 - [TEST_STEP][PASSED] - Statement - counter = counter + 1: null

2018-12-11 15:47:47 - [TEST_STEP][PASSED] - Statement - PreSaveFile = new java.io.File(((pathPrefix + java.lang.Integer.toString(counter)) + .png)): null

2018-12-11 15:47:47 - [TEST_STEP][PASSED] - Statement - counter = counter + 1: null

2018-12-11 15:47:47 - [TEST_STEP][PASSED] - Statement - PreSaveFile = new java.io.File(((pathPrefix + java.lang.Integer.toString(counter)) + .png)): null

2018-12-11 15:47:47 - [TEST_STEP][PASSED] - Statement - counter = counter + 1: null

2018-12-11 15:47:47 - [TEST_STEP][PASSED] - Statement - PreSaveFile = new java.io.File(((pathPrefix + java.lang.Integer.toString(counter)) + .png)): null

2018-12-11 15:47:47 - [TEST_STEP][PASSED] - Statement - counter = counter + 1: null

2018-12-11 15:47:47 - [TEST_STEP][PASSED] - Statement - PreSaveFile = new java.io.File(((pathPrefix + java.lang.Integer.toString(counter)) + .png)): null

2018-12-11 15:47:47 - [TEST_STEP][PASSED] - Statement - counter = counter + 1: null

2018-12-11 15:47:47 - [TEST_STEP][PASSED] - Statement - PreSaveFile = new java.io.File(((pathPrefix + java.lang.Integer.toString(counter)) + .png)): null

2018-12-11 15:47:47 - [TEST_STEP][PASSED] - Statement - counter = counter + 1: null

2018-12-11 15:47:47 - [TEST_STEP][PASSED] - Statement - PreSaveFile = new java.io.File(((pathPrefix + java.lang.Integer.toString(counter)) + .png)): null

2018-12-11 15:47:47 - [TEST_STEP][PASSED] - Statement - counter = counter + 1: null

2018-12-11 15:47:47 - [TEST_STEP][PASSED] - Statement - PreSaveFile = new java.io.File(((pathPrefix + java.lang.Integer.toString(counter)) + .png)): null

2018-12-11 15:47:47 - [TEST_STEP][PASSED] - Statement - counter = counter + 1: null

2018-12-11 15:47:47 - [TEST_STEP][PASSED] - Statement - PreSaveFile = new java.io.File(((pathPrefix + java.lang.Integer.toString(counter)) + .png)): null

2018-12-11 15:47:47 - [TEST_STEP][PASSED] - Statement - counter = counter + 1: null

2018-12-11 15:47:47 - [TEST_STEP][PASSED] - Statement - PreSaveFile = new java.io.File(((pathPrefix + java.lang.Integer.toString(counter)) + .png)): null

2018-12-11 15:47:47 - [TEST_STEP][PASSED] - Statement - counter = counter + 1: null

2018-12-11 15:47:47 - [TEST_STEP][PASSED] - Statement - PreSaveFile = new java.io.File(((pathPrefix + java.lang.Integer.toString(counter)) + .png)): null

2018-12-11 15:47:47 - [TEST_STEP][PASSED] - Statement - counter = counter + 1: null

2018-12-11 15:47:47 - [TEST_STEP][PASSED] - Statement - PreSaveFile = new java.io.File(((pathPrefix + java.lang.Integer.toString(counter)) + .png)): null

2018-12-11 15:47:47 - [TEST_STEP][PASSED] - Statement - counter = counter + 1: null

2018-12-11 15:47:47 - [TEST_STEP][PASSED] - Statement - PreSaveFile = new java.io.File(((pathPrefix + java.lang.Integer.toString(counter)) + .png)): null

2018-12-11 15:47:47 - [TEST_STEP][PASSED] - Statement - counter = counter + 1: null

2018-12-11 15:47:47 - [TEST_STEP][PASSED] - Statement - PreSaveFile = new java.io.File(((pathPrefix + java.lang.Integer.toString(counter)) + .png)): null

2018-12-11 15:47:47 - [TEST_STEP][PASSED] - Statement - counter = counter + 1: null

2018-12-11 15:47:47 - [TEST_STEP][PASSED] - Statement - PreSaveFile = new java.io.File(((pathPrefix + java.lang.Integer.toString(counter)) + .png)): null

2018-12-11 15:47:47 - [TEST_STEP][PASSED] - Statement - counter = counter + 1: null

2018-12-11 15:47:47 - [TEST_STEP][PASSED] - Statement - PreSaveFile = new java.io.File(((pathPrefix + java.lang.Integer.toString(counter)) + .png)): null

2018-12-11 15:47:47 - [TEST_STEP][PASSED] - Statement - counter = counter + 1: null

2018-12-11 15:47:47 - [TEST_STEP][PASSED] - Statement - PreSaveFile = new java.io.File(((pathPrefix + java.lang.Integer.toString(counter)) + .png)): null

2018-12-11 15:47:47 - [TEST_STEP][PASSED] - Statement - counter = counter + 1: null

2018-12-11 15:47:47 - [TEST_STEP][PASSED] - Statement - PreSaveFile = new java.io.File(((pathPrefix + java.lang.Integer.toString(counter)) + .png)): null

2018-12-11 15:47:47 - [TEST_STEP][PASSED] - Statement - counter = counter + 1: null

2018-12-11 15:47:47 - [TEST_STEP][PASSED] - Statement - PreSaveFile = new java.io.File(((pathPrefix + java.lang.Integer.toString(counter)) + .png)): null

2018-12-11 15:47:47 - [TEST_STEP][PASSED] - Statement - counter = counter + 1: null

2018-12-11 15:47:47 - [TEST_STEP][PASSED] - Statement - PreSaveFile = new java.io.File(((pathPrefix + java.lang.Integer.toString(counter)) + .png)): null

2018-12-11 15:47:47 - [TEST_STEP][PASSED] - Statement - counter = counter + 1: null

2018-12-11 15:47:47 - [TEST_STEP][PASSED] - Statement - PreSaveFile = new java.io.File(((pathPrefix + java.lang.Integer.toString(counter)) + .png)): null

2018-12-11 15:47:47 - [TEST_STEP][PASSED] - Statement - counter = counter + 1: null

2018-12-11 15:47:47 - [TEST_STEP][PASSED] - Statement - PreSaveFile = new java.io.File(((pathPrefix + java.lang.Integer.toString(counter)) + .png)): null

2018-12-11 15:47:47 - [TEST_STEP][PASSED] - Statement - counter = counter + 1: null

2018-12-11 15:47:47 - [TEST_STEP][PASSED] - Statement - PreSaveFile = new java.io.File(((pathPrefix + java.lang.Integer.toString(counter)) + .png)): null

2018-12-11 15:47:47 - [TEST_STEP][PASSED] - Statement - counter = counter + 1: null

2018-12-11 15:47:47 - [TEST_STEP][PASSED] - Statement - PreSaveFile = new java.io.File(((pathPrefix + java.lang.Integer.toString(counter)) + .png)): null

2018-12-11 15:47:47 - [TEST_STEP][PASSED] - Statement - counter = counter + 1: null

2018-12-11 15:47:47 - [TEST_STEP][PASSED] - Statement - PreSaveFile = new java.io.File(((pathPrefix + java.lang.Integer.toString(counter)) + .png)): null

2018-12-11 15:47:47 - [TEST_STEP][PASSED] - Statement - counter = counter + 1: null

2018-12-11 15:47:47 - [TEST_STEP][PASSED] - Statement - PreSaveFile = new java.io.File(((pathPrefix + java.lang.Integer.toString(counter)) + .png)): null

2018-12-11 15:47:47 - [TEST_STEP][PASSED] - Statement - counter = counter + 1: null

2018-12-11 15:47:47 - [TEST_STEP][PASSED] - Statement - PreSaveFile = new java.io.File(((pathPrefix + java.lang.Integer.toString(counter)) + .png)): null

2018-12-11 15:47:47 - [TEST_STEP][PASSED] - Statement - counter = counter + 1: null

2018-12-11 15:47:47 - [TEST_STEP][PASSED] - Statement - PreSaveFile = new java.io.File(((pathPrefix + java.lang.Integer.toString(counter)) + .png)): null

2018-12-11 15:47:47 - [TEST_STEP][PASSED] - Statement - counter = counter + 1: null

2018-12-11 15:47:47 - [TEST_STEP][PASSED] - Statement - PreSaveFile = new java.io.File(((pathPrefix + java.lang.Integer.toString(counter)) + .png)): null

2018-12-11 15:47:47 - [TEST_STEP][PASSED] - Statement - counter = counter + 1: null

2018-12-11 15:47:47 - [TEST_STEP][PASSED] - Statement - PreSaveFile = new java.io.File(((pathPrefix + java.lang.Integer.toString(counter)) + .png)): null

2018-12-11 15:47:47 - [TEST_STEP][PASSED] - Statement - counter = counter + 1: null

2018-12-11 15:47:47 - [TEST_STEP][PASSED] - Statement - PreSaveFile = new java.io.File(((pathPrefix + java.lang.Integer.toString(counter)) + .png)): null

2018-12-11 15:47:47 - [TEST_STEP][PASSED] - Statement - counter = counter + 1: null

2018-12-11 15:47:47 - [TEST_STEP][PASSED] - Statement - PreSaveFile = new java.io.File(((pathPrefix + java.lang.Integer.toString(counter)) + .png)): null

2018-12-11 15:47:47 - [TEST_STEP][PASSED] - Statement - counter = counter + 1: null

2018-12-11 15:47:47 - [TEST_STEP][PASSED] - Statement - PreSaveFile = new java.io.File(((pathPrefix + java.lang.Integer.toString(counter)) + .png)): null

2018-12-11 15:47:47 - [TEST_STEP][PASSED] - Statement - counter = counter + 1: null

2018-12-11 15:47:47 - [TEST_STEP][PASSED] - Statement - PreSaveFile = new java.io.File(((pathPrefix + java.lang.Integer.toString(counter)) + .png)): null

2018-12-11 15:47:47 - [TEST_STEP][PASSED] - Statement - counter = counter + 1: null

2018-12-11 15:47:47 - [TEST_STEP][PASSED] - Statement - PreSaveFile = new java.io.File(((pathPrefix + java.lang.Integer.toString(counter)) + .png)): null

2018-12-11 15:47:47 - [TEST_STEP][PASSED] - Statement - counter = counter + 1: null

2018-12-11 15:47:47 - [TEST_STEP][PASSED] - Statement - PreSaveFile = new java.io.File(((pathPrefix + java.lang.Integer.toString(counter)) + .png)): null

2018-12-11 15:47:47 - [TEST_STEP][PASSED] - Statement - counter = counter + 1: null

2018-12-11 15:47:47 - [TEST_STEP][PASSED] - Statement - PreSaveFile = new java.io.File(((pathPrefix + java.lang.Integer.toString(counter)) + .png)): null

2018-12-11 15:47:47 - [TEST_STEP][PASSED] - Statement - counter = counter + 1: null

2018-12-11 15:47:47 - [TEST_STEP][PASSED] - Statement - PreSaveFile = new java.io.File(((pathPrefix + java.lang.Integer.toString(counter)) + .png)): null

2018-12-11 15:47:47 - [TEST_STEP][PASSED] - Statement - counter = counter + 1: null

2018-12-11 15:47:47 - [TEST_STEP][PASSED] - Statement - PreSaveFile = new java.io.File(((pathPrefix + java.lang.Integer.toString(counter)) + .png)): null

2018-12-11 15:47:47 - [TEST_STEP][PASSED] - Statement - counter = counter + 1: null

2018-12-11 15:47:47 - [TEST_STEP][PASSED] - Statement - PreSaveFile = new java.io.File(((pathPrefix + java.lang.Integer.toString(counter)) + .png)): null

2018-12-11 15:47:47 - [TEST_STEP][PASSED] - Statement - counter = counter + 1: null

2018-12-11 15:47:47 - [TEST_STEP][PASSED] - Statement - PreSaveFile = new java.io.File(((pathPrefix + java.lang.Integer.toString(counter)) + .png)): null

2018-12-11 15:47:47 - [TEST_STEP][PASSED] - Statement - counter = counter + 1: null

2018-12-11 15:47:47 - [TEST_STEP][PASSED] - Statement - PreSaveFile = new java.io.File(((pathPrefix + java.lang.Integer.toString(counter)) + .png)): null

2018-12-11 15:47:47 - [TEST_STEP][PASSED] - Statement - counter = counter + 1: null

2018-12-11 15:47:47 - [TEST_STEP][PASSED] - Statement - PreSaveFile = new java.io.File(((pathPrefix + java.lang.Integer.toString(counter)) + .png)): null

2018-12-11 15:47:47 - [TEST_STEP][PASSED] - Statement - counter = counter + 1: null

2018-12-11 15:47:47 - [TEST_STEP][PASSED] - Statement - PreSaveFile = new java.io.File(((pathPrefix + java.lang.Integer.toString(counter)) + .png)): null

2018-12-11 15:47:47 - [TEST_STEP][PASSED] - Statement - counter = counter + 1: null

2018-12-11 15:47:47 - [TEST_STEP][PASSED] - Statement - PreSaveFile = new java.io.File(((pathPrefix + java.lang.Integer.toString(counter)) + .png)): null

2018-12-11 15:47:47 - [TEST_STEP][PASSED] - Statement - counter = counter + 1: null

2018-12-11 15:47:47 - [TEST_STEP][PASSED] - Statement - PreSaveFile = new java.io.File(((pathPrefix + java.lang.Integer.toString(counter)) + .png)): null

2018-12-11 15:47:47 - [TEST_STEP][PASSED] - Statement - counter = counter + 1: null

2018-12-11 15:47:47 - [TEST_STEP][PASSED] - Statement - PreSaveFile = new java.io.File(((pathPrefix + java.lang.Integer.toString(counter)) + .png)): null

2018-12-11 15:47:47 - [TEST_STEP][PASSED] - Statement - counter = counter + 1: null

2018-12-11 15:47:47 - [TEST_STEP][PASSED] - Statement - PreSaveFile = new java.io.File(((pathPrefix + java.lang.Integer.toString(counter)) + .png)): null

2018-12-11 15:47:47 - [TEST_STEP][PASSED] - Statement - counter = counter + 1: null

2018-12-11 15:47:47 - [TEST_STEP][PASSED] - Statement - PreSaveFile = new java.io.File(((pathPrefix + java.lang.Integer.toString(counter)) + .png)): null

2018-12-11 15:47:47 - [TEST_STEP][PASSED] - Statement - counter = counter + 1: null

2018-12-11 15:47:47 - [TEST_STEP][PASSED] - Statement - PreSaveFile = new java.io.File(((pathPrefix + java.lang.Integer.toString(counter)) + .png)): null

2018-12-11 15:47:47 - [TEST_STEP][PASSED] - Statement - counter = counter + 1: null

2018-12-11 15:47:47 - [TEST_STEP][PASSED] - Statement - PreSaveFile = new java.io.File(((pathPrefix + java.lang.Integer.toString(counter)) + .png)): null

2018-12-11 15:47:47 - [TEST_STEP][PASSED] - Statement - counter = counter + 1: null

2018-12-11 15:47:47 - [TEST_STEP][PASSED] - Statement - PreSaveFile = new java.io.File(((pathPrefix + java.lang.Integer.toString(counter)) + .png)): null

2018-12-11 15:47:47 - [TEST_STEP][PASSED] - Statement - counter = counter + 1: null

2018-12-11 15:47:47 - [TEST_STEP][PASSED] - Statement - PreSaveFile = new java.io.File(((pathPrefix + java.lang.Integer.toString(counter)) + .png)): null

2018-12-11 15:47:47 - [TEST_STEP][PASSED] - Statement - counter = counter + 1: null

2018-12-11 15:47:47 - [TEST_STEP][PASSED] - Statement - PreSaveFile = new java.io.File(((pathPrefix + java.lang.Integer.toString(counter)) + .png)): null

2018-12-11 15:47:47 - [TEST_STEP][PASSED] - Statement - counter = counter + 1: null

2018-12-11 15:47:47 - [TEST_STEP][PASSED] - Statement - PreSaveFile = new java.io.File(((pathPrefix + java.lang.Integer.toString(counter)) + .png)): null

2018-12-11 15:47:47 - [TEST_STEP][PASSED] - Statement - counter = counter + 1: null

2018-12-11 15:47:47 - [TEST_STEP][PASSED] - Statement - PreSaveFile = new java.io.File(((pathPrefix + java.lang.Integer.toString(counter)) + .png)): null

2018-12-11 15:47:47 - [TEST_STEP][PASSED] - Statement - counter = counter + 1: null

2018-12-11 15:47:47 - [TEST_STEP][PASSED] - Statement - PreSaveFile = new java.io.File(((pathPrefix + java.lang.Integer.toString(counter)) + .png)): null

2018-12-11 15:47:47 - [TEST_STEP][PASSED] - Statement - counter = counter + 1: null

2018-12-11 15:47:47 - [TEST_STEP][PASSED] - Statement - PreSaveFile = new java.io.File(((pathPrefix + java.lang.Integer.toString(counter)) + .png)): null

2018-12-11 15:47:47 - [TEST_STEP][PASSED] - Statement - counter = counter + 1: null

2018-12-11 15:47:47 - [TEST_STEP][PASSED] - Statement - PreSaveFile = new java.io.File(((pathPrefix + java.lang.Integer.toString(counter)) + .png)): null

2018-12-11 15:47:47 - [TEST_STEP][PASSED] - Statement - counter = counter + 1: null

2018-12-11 15:47:47 - [TEST_STEP][PASSED] - Statement - PreSaveFile = new java.io.File(((pathPrefix + java.lang.Integer.toString(counter)) + .png)): null

2018-12-11 15:47:47 - [TEST_STEP][PASSED] - Statement - counter = counter + 1: null

2018-12-11 15:47:47 - [TEST_STEP][PASSED] - Statement - PreSaveFile = new java.io.File(((pathPrefix + java.lang.Integer.toString(counter)) + .png)): null

2018-12-11 15:47:47 - [TEST_STEP][PASSED] - Statement - counter = counter + 1: null

2018-12-11 15:47:47 - [TEST_STEP][PASSED] - Statement - PreSaveFile = new java.io.File(((pathPrefix + java.lang.Integer.toString(counter)) + .png)): null

2018-12-11 15:47:47 - [TEST_STEP][PASSED] - Statement - counter = counter + 1: null

2018-12-11 15:47:47 - [TEST_STEP][PASSED] - Statement - PreSaveFile = new java.io.File(((pathPrefix + java.lang.Integer.toString(counter)) + .png)): null

2018-12-11 15:47:47 - [TEST_STEP][PASSED] - Statement - counter = counter + 1: null

2018-12-11 15:47:47 - [TEST_STEP][PASSED] - Statement - PreSaveFile = new java.io.File(((pathPrefix + java.lang.Integer.toString(counter)) + .png)): null

2018-12-11 15:47:47 - [TEST_STEP][PASSED] - Statement - counter = counter + 1: null

2018-12-11 15:47:47 - [TEST_STEP][PASSED] - Statement - PreSaveFile = new java.io.File(((pathPrefix + java.lang.Integer.toString(counter)) + .png)): null

2018-12-11 15:47:47 - [TEST_STEP][PASSED] - Statement - counter = counter + 1: null

2018-12-11 15:47:47 - [TEST_STEP][PASSED] - Statement - PreSaveFile = new java.io.File(((pathPrefix + java.lang.Integer.toString(counter)) + .png)): null

2018-12-11 15:47:47 - [TEST_STEP][PASSED] - Statement - counter = counter + 1: null

2018-12-11 15:47:47 - [TEST_STEP][PASSED] - Statement - PreSaveFile = new java.io.File(((pathPrefix + java.lang.Integer.toString(counter)) + .png)): null

2018-12-11 15:47:47 - [TEST_STEP][PASSED] - Statement - counter = counter + 1: null

2018-12-11 15:47:47 - [TEST_STEP][PASSED] - Statement - PreSaveFile = new java.io.File(((pathPrefix + java.lang.Integer.toString(counter)) + .png)): null

2018-12-11 15:47:47 - [TEST_STEP][PASSED] - Statement - counter = counter + 1: null

2018-12-11 15:47:47 - [TEST_STEP][PASSED] - Statement - PreSaveFile = new java.io.File(((pathPrefix + java.lang.Integer.toString(counter)) + .png)): null

2018-12-11 15:47:47 - [TEST_STEP][PASSED] - Statement - counter = counter + 1: null

2018-12-11 15:47:47 - [TEST_STEP][PASSED] - Statement - PreSaveFile = new java.io.File(((pathPrefix + java.lang.Integer.toString(counter)) + .png)): null

2018-12-11 15:47:47 - [TEST_STEP][PASSED] - Statement - counter = counter + 1: null

2018-12-11 15:47:47 - [TEST_STEP][PASSED] - Statement - PreSaveFile = new java.io.File(((pathPrefix + java.lang.Integer.toString(counter)) + .png)): null

2018-12-11 15:47:47 - [TEST_STEP][PASSED] - Statement - counter = counter + 1: null

2018-12-11 15:47:47 - [TEST_STEP][PASSED] - Statement - PreSaveFile = new java.io.File(((pathPrefix + java.lang.Integer.toString(counter)) + .png)): null

2018-12-11 15:47:47 - [TEST_STEP][PASSED] - Statement - counter = counter + 1: null

2018-12-11 15:47:47 - [TEST_STEP][PASSED] - Statement - PreSaveFile = new java.io.File(((pathPrefix + java.lang.Integer.toString(counter)) + .png)): null

2018-12-11 15:47:47 - [TEST_STEP][PASSED] - Statement - finalPath = pathPrefix + java.lang.Integer.toString(counter) + ".png": null

2018-12-11 15:47:47 - [TEST_STEP][PASSED] - Statement - SaveFile = new java.io.File(finalPath): null

2018-12-11 15:47:47 - [TEST_STEP][PASSED] - Statement - Try: null

2018-12-11 15:47:47 - [TEST_STEP][PASSED] - Statement - org.apache.commons.io.FileUtils.copyFile(scrFile, SaveFile): null

2018-12-11 15:47:47 - [TEST_STEP][PASSED] - Statement - out.println("file kept"): null

2018-12-11 15:47:47 - [TEST_STEP][PASSED] - delay: Delayed 10 second(s)

2018-12-11 15:47:57 - [MESSAGE][PASSED] - Delayed 10 second(s)

2018-12-11 15:47:57 - [MESSAGE][PASSED] - Call Test Case 'Test Cases/Final Aug 2018 - PKS Automation/Registration Module/New Registration/Submit and Screenshot/Submit Registration and Screenshot - Copy' successfully

2018-12-11 15:47:57 - [TEST_STEP][PASSED] - Statement - UpdateAddNewECode = com.kms.katalon.core.webui.keyword.WebUiBuiltInKeywords.getText(com.kms.katalon.core.testobject.ObjectRepository.findTestObject(Object Repository/Final Object Repo/Page_Update Add New Employee - ASSIST/getEmpCode)): Text of object 'Object Repository/Final Object Repo/Page_Update Add New Employee - ASSIST/getEmpCode' is: 'E1102070757V'

2018-12-11 15:47:57 - [MESSAGE][PASSED] - Text of object 'Object Repository/Final Object Repo/Page_Update Add New Employee - ASSIST/getEmpCode' is: 'E1102070757V'

2018-12-11 15:47:57 - [TEST_STEP][PASSED] - callTestCase: Call Test Case 'Test Cases/Final Aug 2018 - PKS Automation/Common/Emp Code Setter' successfully

2018-12-11 15:47:57 - [TEST_CASE][PASSED] - Test Cases/Final Aug 2018 - PKS Automation/Common/Emp Code Setter: Test Cases/Final Aug 2018 - PKS Automation/Common/Emp Code Setter

2018-12-11 15:47:57 - [TEST_STEP][PASSED] - Statement - EmpCodeOld = new java.io.File(C://Users//Admin//Desktop//PKS//Automation Reference Point//EmpCode.txt): null

2018-12-11 15:47:57 - [TEST_STEP][PASSED] - Statement - EmpCodeOld.delete(): null

2018-12-11 15:47:57 - [TEST_STEP][PASSED] - Statement - EmpCode = new java.io.File(C://Users//Admin//Desktop//PKS//Automation Reference Point//EmpCode.txt): null

2018-12-11 15:47:57 - [TEST_STEP][PASSED] - Statement - f2 = new java.io.FileWriter(EmpCode, false): null

2018-12-11 15:47:57 - [TEST_STEP][PASSED] - Statement - f2.write(UpdateAddNewECode): null

2018-12-11 15:47:57 - [TEST_STEP][PASSED] - Statement - f2.close(): null

2018-12-11 15:47:57 - [TEST_STEP][PASSED] - Statement - out.println("


" + UpdateAddNewECode + "


"): null

2018-12-11 15:47:57 - [MESSAGE][PASSED] - Call Test Case 'Test Cases/Final Aug 2018 - PKS Automation/Common/Emp Code Setter' successfully

2018-12-11 15:47:57 - [MESSAGE][PASSED] - Call Test Case 'Test Cases/Final Aug 2018 - PKS Automation/Registration Module/Workflow/Update Add New Employee/Template/New Company for Update Add New - Employer' successfully

2018-12-11 15:47:57 - [TEST_STEP][PASSED] - callTestCase: Call Test Case 'Test Cases/Final Aug 2018 - PKS Automation/Registration Module/Log Out/log out avoiding katalon tagging' successfully

2018-12-11 15:47:57 - [TEST_CASE][PASSED] - Test Cases/Final Aug 2018 - PKS Automation/Registration Module/Log Out/log out avoiding katalon tagging: Test Cases/Final Aug 2018 - PKS Automation/Registration Module/Log Out/log out avoiding katalon tagging

2018-12-11 15:47:57 - [TEST_STEP][PASSED] - navigateToUrl: Navigate to 'https://assist2-uat.perkeso.gov.my/c/portal/logout' successfully

2018-12-11 15:47:58 - [MESSAGE][PASSED] - Navigate to 'https://assist2-uat.perkeso.gov.my/c/portal/logout' successfully

2018-12-11 15:47:58 - [MESSAGE][PASSED] - Call Test Case 'Test Cases/Final Aug 2018 - PKS Automation/Registration Module/Log Out/log out avoiding katalon tagging' successfully

2018-12-11 15:47:58 - [TEST_STEP][PASSED] - callTestCase: Call Test Case 'Test Cases/Final Aug 2018 - PKS Automation/Registration Module/New Registration/Form 2/Date Updater' successfully

2018-12-11 15:47:58 - [TEST_CASE][PASSED] - Test Cases/Final Aug 2018 - PKS Automation/Registration Module/New Registration/Form 2/Date Updater: Test Cases/Final Aug 2018 - PKS Automation/Registration Module/New Registration/Form 2/Date Updater

2018-12-11 15:47:58 - [TEST_STEP][PASSED] - Statement - TodayDate = new java.util.Date(): null

2018-12-11 15:47:58 - [TEST_STEP][PASSED] - Statement - CurrentDateNoFilter = new java.text.SimpleDateFormat(): null

2018-12-11 15:47:58 - [TEST_STEP][PASSED] - Statement - CurrentDateNoFilter.applyPattern("MM"): null

2018-12-11 15:47:58 - [TEST_STEP][PASSED] - Statement - monthContainerMatcher = java.lang.Integer.parseInt(CurrentDateNoFilter.format(TodayDate)): null

2018-12-11 15:47:58 - [TEST_STEP][PASSED] - Statement - monthContainerMatcher = monthContainerMatcher - 1: null

2018-12-11 15:47:58 - [TEST_STEP][PASSED] - Statement - CurrentMonth = monthContainerMatcher.toString(): null

2018-12-11 15:47:58 - [TEST_STEP][PASSED] - Statement - CurrentMonth = CurrentMonth: null

2018-12-11 15:47:58 - [TEST_STEP][PASSED] - Statement - CurrentDateNoFilter.applyPattern("yyyy"): null

2018-12-11 15:47:58 - [TEST_STEP][PASSED] - Statement - CurrentYear = CurrentDateNoFilter.format(TodayDate): null

2018-12-11 15:47:58 - [TEST_STEP][PASSED] - Statement - CurrentYear = CurrentYear: null

2018-12-11 15:47:58 - [TEST_STEP][PASSED] - Statement - intCurrentYear = java.lang.Integer.parseInt(CurrentDateNoFilter.format(TodayDate)): null

2018-12-11 15:47:58 - [TEST_STEP][PASSED] - Statement - eighteenYrsAgo = intCurrentYear - 18: null

2018-12-11 15:47:58 - [TEST_STEP][PASSED] - Statement - eighteenYrsBeforeThisYr = eighteenYrsAgo.toString(): null

2018-12-11 15:47:58 - [TEST_STEP][PASSED] - Statement - EighteenYrsBefore = eighteenYrsBeforeThisYr: null

2018-12-11 15:47:58 - [TEST_STEP][PASSED] - Statement - fiftysevenYrsAgo = intCurrentYear - 57: null

2018-12-11 15:47:58 - [TEST_STEP][PASSED] - Statement - fiftysevenYrsBeforeThisYr = fiftysevenYrsAgo.toString(): null

2018-12-11 15:47:58 - [TEST_STEP][PASSED] - Statement - FiftysevenYrsBefore = fiftysevenYrsBeforeThisYr: null

2018-12-11 15:47:58 - [TEST_STEP][PASSED] - Statement - leapYear = false: null

2018-12-11 15:47:58 - [TEST_STEP][PASSED] - Statement - leapYear = intCurrentYear % 4 == 0: null

2018-12-11 15:47:58 - [TEST_STEP][PASSED] - Statement - CurrentDateNoFilter.applyPattern("dd"): null

2018-12-11 15:47:58 - [TEST_STEP][PASSED] - Statement - CurrentDate = CurrentDateNoFilter.format(TodayDate): null

2018-12-11 15:47:58 - [TEST_STEP][PASSED] - Statement - CurrentDate = java.lang.Integer.parseInt(CurrentDate): null

2018-12-11 15:47:58 - [TEST_STEP][PASSED] - Statement - CurrentDate = CurrentDate: null

2018-12-11 15:47:58 - [TEST_STEP][PASSED] - Statement - CurrentDay = java.lang.Integer.parseInt(CurrentDate): null

2018-12-11 15:47:58 - [TEST_STEP][PASSED] - Statement - ConfAdder = <not implemented yet for class: org.codehaus.groovy.ast.expr.EmptyExpression>: null

2018-12-11 15:47:58 - [TEST_STEP][PASSED] - Statement - out.println(CurrentMonth): null

2018-12-11 15:47:58 - [TEST_STEP][PASSED] - Statement - out.println(CurrentDate): null

2018-12-11 15:47:58 - [TEST_STEP][PASSED] - Statement - switch (CurrentDate): null

2018-12-11 15:47:58 - [TEST_STEP][PASSED] - Statement - Default: null

2018-12-11 15:47:58 - [TEST_STEP][PASSED] - Statement - ConfAdder = true: null

2018-12-11 15:47:58 - [TEST_STEP][PASSED] - Statement - Break: null

2018-12-11 15:47:58 - [TEST_STEP][PASSED] - Statement - aDayBefore = <not implemented yet for class: org.codehaus.groovy.ast.expr.EmptyExpression>: null

2018-12-11 15:47:58 - [TEST_STEP][PASSED] - Statement - out.println(ConfAdder): null

2018-12-11 15:47:58 - [TEST_STEP][PASSED] - Statement - If (ConfAdder == true): null

2018-12-11 15:47:58 - [TEST_STEP][PASSED] - Statement - aDayBefore = CurrentDay + 1: null

2018-12-11 15:47:58 - [TEST_STEP][PASSED] - Statement - out.println(aDayBefore): null

2018-12-11 15:47:58 - [TEST_STEP][PASSED] - Statement - If (aDayBefore == 1 && CurrentMonth == 11): null

2018-12-11 15:47:58 - [TEST_STEP][PASSED] - Statement - DayBefore = aDayBefore.toString(): null

2018-12-11 15:47:58 - [TEST_STEP][PASSED] - Statement - OneDayBefore = DayBefore: null

2018-12-11 15:47:58 - [MESSAGE][PASSED] - Call Test Case 'Test Cases/Final Aug 2018 - PKS Automation/Registration Module/New Registration/Form 2/Date Updater' successfully

2018-12-11 15:47:58 - [TEST_STEP][PASSED] - delay: Delayed 2 second(s)

2018-12-11 15:48:00 - [MESSAGE][PASSED] - Delayed 2 second(s)

2018-12-11 15:48:00 - [TEST_STEP][PASSED] - callTestCase: Call Test Case 'Test Cases/Final Aug 2018 - PKS Automation/Create Employer Acc/Login to Employer Account (Second time)' successfully

2018-12-11 15:48:00 - [TEST_CASE][PASSED] - Test Cases/Final Aug 2018 - PKS Automation/Create Employer Acc/Login to Employer Account (Second time): Test Cases/Final Aug 2018 - PKS Automation/Create Employer Acc/Login to Employer Account (Second time)

2018-12-11 15:48:00 - [TEST_STEP][PASSED] - openBrowser: Browser is opened with url: ''

2018-12-11 15:48:00 - [MESSAGE][WARNING] - A browser is already opened. Closing browser and opening a new one

2018-12-11 15:48:06 - [MESSAGE][PASSED] - Browser is opened with url: ''

2018-12-11 15:48:06 - [TEST_STEP][PASSED] - navigateToUrl: Navigate to 'https://assist2-uat.perkeso.gov.my/employer/login' successfully

2018-12-11 15:48:07 - [MESSAGE][PASSED] - Navigate to 'https://assist2-uat.perkeso.gov.my/employer/login' successfully

2018-12-11 15:48:07 - [TEST_STEP][PASSED] - delay: Delayed 3 second(s)

2018-12-11 15:48:10 - [MESSAGE][PASSED] - Delayed 3 second(s)

2018-12-11 15:48:10 - [TEST_STEP][PASSED] - callTestCase: Call Test Case 'Test Cases/Final Aug 2018 - PKS Automation/Create Employer Acc/Template/Employer Email Getter' successfully

2018-12-11 15:48:10 - [TEST_CASE][PASSED] - Test Cases/Final Aug 2018 - PKS Automation/Create Employer Acc/Template/Employer Email Getter: Test Cases/Final Aug 2018 - PKS Automation/Create Employer Acc/Template/Employer Email Getter

2018-12-11 15:48:10 - [TEST_STEP][PASSED] - Statement - Try: null

2018-12-11 15:48:10 - [TEST_STEP][PASSED] - Statement - EmpEmail = new java.io.File(C://Users//Admin//Desktop//PKS//Automation Reference Point//EmpEmail.txt): null

2018-12-11 15:48:10 - [TEST_STEP][PASSED] - Statement - bufferread = new java.io.BufferedReader(new java.io.FileReader(EmpEmail)): null

2018-12-11 15:48:10 - [TEST_STEP][PASSED] - Statement - readedVal = bufferread.readLine(): null

2018-12-11 15:48:10 - [TEST_STEP][PASSED] - Statement - out.println(readedVal): null

2018-12-11 15:48:10 - [TEST_STEP][PASSED] - Statement - Email = readedVal: null

2018-12-11 15:48:10 - [MESSAGE][PASSED] - Call Test Case 'Test Cases/Final Aug 2018 - PKS Automation/Create Employer Acc/Template/Employer Email Getter' successfully

2018-12-11 15:48:10 - [TEST_STEP][PASSED] - setText: Text 'perkeso779454589480@gmail.com' is set on object 'Object Repository/Final Object Repo/Login Page/External Login Page/Email'

2018-12-11 15:48:10 - [MESSAGE][PASSED] - Text 'perkeso779454589480@gmail.com' is set on object 'Object Repository/Final Object Repo/Login Page/External Login Page/Email'

2018-12-11 15:48:10 - [TEST_STEP][PASSED] - click: Object: 'Object Repository/Final Object Repo/Login Page/External Login Page/Next' is clicked on

2018-12-11 15:48:11 - [MESSAGE][PASSED] - Object: 'Object Repository/Final Object Repo/Login Page/External Login Page/Next' is clicked on

2018-12-11 15:48:11 - [TEST_STEP][PASSED] - delay: Delayed 3 second(s)

2018-12-11 15:48:14 - [MESSAGE][PASSED] - Delayed 3 second(s)

2018-12-11 15:48:14 - [TEST_STEP][PASSED] - setEncryptedText: Text ****** has been set on object 'Object Repository/Final Object Repo/Login Page/External Login Page/Password'

2018-12-11 15:48:14 - [MESSAGE][PASSED] - Text ****** has been set on object 'Object Repository/Final Object Repo/Login Page/External Login Page/Password'

2018-12-11 15:48:14 - [TEST_STEP][PASSED] - click: Object: 'Object Repository/Final Object Repo/Login Page/External Login Page/Login' is clicked on

2018-12-11 15:48:14 - [MESSAGE][PASSED] - Object: 'Object Repository/Final Object Repo/Login Page/External Login Page/Login' is clicked on

2018-12-11 15:48:14 - [TEST_STEP][PASSED] - delay: Delayed 5 second(s)

2018-12-11 15:48:19 - [MESSAGE][PASSED] - Delayed 5 second(s)

2018-12-11 15:48:19 - [MESSAGE][PASSED] - Call Test Case 'Test Cases/Final Aug 2018 - PKS Automation/Create Employer Acc/Login to Employer Account (Second time)' successfully

2018-12-11 15:48:19 - [TEST_STEP][PASSED] - delay: Delayed 4 second(s)

2018-12-11 15:48:23 - [MESSAGE][PASSED] - Delayed 4 second(s)

2018-12-11 15:48:23 - [TEST_STEP][PASSED] - Statement - Try: Delayed 2 second(s)

2018-12-11 15:48:23 - [TEST_STEP][PASSED] - Statement - Checker = false: null

2018-12-11 15:48:23 - [TEST_STEP][PASSED] - Statement - Checker = com.kms.katalon.core.webui.keyword.WebUiBuiltInKeywords.verifyElementHasAttribute(com.kms.katalon.core.testobject.ObjectRepository.findTestObject(Final Object Repo/Landing Page/BM Detecting), "href", 20, OPTIONAL): Object 'Object Repository/Final Object Repo/Landing Page/BM Detecting' has attribute 'href'

2018-12-11 15:48:23 - [MESSAGE][PASSED] - Object 'Object Repository/Final Object Repo/Landing Page/BM Detecting' has attribute 'href'

2018-12-11 15:48:23 - [TEST_STEP][PASSED] - Statement - out.println(Checker): null

2018-12-11 15:48:23 - [TEST_STEP][PASSED] - Statement - If (Checker == false): null

2018-12-11 15:48:23 - [TEST_STEP][PASSED] - Statement - Else: null

2018-12-11 15:48:23 - [TEST_STEP][PASSED] - delay: Delayed 2 second(s)

2018-12-11 15:48:25 - [MESSAGE][PASSED] - Delayed 2 second(s)

2018-12-11 15:48:25 - [TEST_STEP][PASSED] - delay: Delayed 4 second(s)

2018-12-11 15:48:29 - [MESSAGE][PASSED] - Delayed 4 second(s)

2018-12-11 15:48:29 - [TEST_STEP][PASSED] - click: Object: 'Object Repository/Final Object Repo/Page_Update Add New Employee - ASSIST/My Sites Drop Down' is clicked on

2018-12-11 15:48:29 - [MESSAGE][PASSED] - Object: 'Object Repository/Final Object Repo/Page_Update Add New Employee - ASSIST/My Sites Drop Down' is clicked on

2018-12-11 15:48:29 - [TEST_STEP][PASSED] - click: Object: 'Object Repository/Final Object Repo/Page_Update Add New Employee - ASSIST/Select to Registration Module' is clicked on

2018-12-11 15:48:34 - [MESSAGE][PASSED] - Object: 'Object Repository/Final Object Repo/Page_Update Add New Employee - ASSIST/Select to Registration Module' is clicked on

2018-12-11 15:48:34 - [TEST_STEP][NOT_RUN] - navigateToUrl: NOT_RUN: navigateToUrl

2018-12-11 15:48:34 - [MESSAGE][NOT_RUN] - NOT_RUN: navigateToUrl

2018-12-11 15:48:34 - [TEST_STEP][PASSED] - mouseOver: Object: 'Object Repository/Final Object Repo/Page_Update Add New Employee - ASSIST/Select to Update Akta 4 Tab' is hovered

2018-12-11 15:48:34 - [MESSAGE][PASSED] - Object: 'Object Repository/Final Object Repo/Page_Update Add New Employee - ASSIST/Select to Update Akta 4 Tab' is hovered

2018-12-11 15:48:34 - [TEST_STEP][PASSED] - delay: Delayed 2 second(s)

2018-12-11 15:48:36 - [MESSAGE][PASSED] - Delayed 2 second(s)

2018-12-11 15:48:36 - [TEST_STEP][PASSED] - click: Object: 'Object Repository/Final Object Repo/Page_Update Add New Employee - ASSIST/Select to Update Add New Employee' is clicked on

2018-12-11 15:48:37 - [MESSAGE][PASSED] - Object: 'Object Repository/Final Object Repo/Page_Update Add New Employee - ASSIST/Select to Update Add New Employee' is clicked on

2018-12-11 15:48:37 - [TEST_STEP][PASSED] - delay: Delayed 2 second(s)

2018-12-11 15:48:39 - [MESSAGE][PASSED] - Delayed 2 second(s)

2018-12-11 15:48:39 - [TEST_STEP][PASSED] - setText: Text 'E1102070757V' is set on object 'Object Repository/Final Object Repo/Page_Update Add New Employee - ASSIST/Employer Code input textbox'

2018-12-11 15:48:39 - [MESSAGE][PASSED] - Text 'E1102070757V' is set on object 'Object Repository/Final Object Repo/Page_Update Add New Employee - ASSIST/Employer Code input textbox'

2018-12-11 15:48:39 - [TEST_STEP][PASSED] - delay: Delayed 2 second(s)

2018-12-11 15:48:41 - [MESSAGE][PASSED] - Delayed 2 second(s)

2018-12-11 15:48:41 - [TEST_STEP][PASSED] - click: Object: 'Object Repository/Final Object Repo/Page_Update Add New Employee - ASSIST/Search Button for Employer Code' is clicked on

2018-12-11 15:48:41 - [MESSAGE][PASSED] - Object: 'Object Repository/Final Object Repo/Page_Update Add New Employee - ASSIST/Search Button for Employer Code' is clicked on

2018-12-11 15:48:41 - [TEST_STEP][PASSED] - delay: Delayed 4 second(s)

2018-12-11 15:48:45 - [MESSAGE][PASSED] - Delayed 4 second(s)

2018-12-11 15:48:45 - [TEST_STEP][PASSED] - click: Object: 'Object Repository/Final Object Repo/Page_Update Add New Employee - ASSIST/Click to Edit Case' is clicked on

2018-12-11 15:48:48 - [MESSAGE][PASSED] - Object: 'Object Repository/Final Object Repo/Page_Update Add New Employee - ASSIST/Click to Edit Case' is clicked on

2018-12-11 15:48:48 - [TEST_STEP][PASSED] - callTestCase: Call Test Case 'Test Cases/Final Aug 2018 - PKS Automation/Registration Module/Workflow/Update Add New Employee/Template/Employee Adding/Employee Adding Action liability date change - Employer Access' successfully

2018-12-11 15:48:48 - [TEST_CASE][PASSED] - Test Cases/Final Aug 2018 - PKS Automation/Registration Module/Workflow/Update Add New Employee/Template/Employee Adding/Employee Adding Action liability date change - Employer Access: Test Cases/Final Aug 2018 - PKS Automation/Registration Module/Workflow/Update Add New Employee/Template/Employee Adding/Employee Adding Action liability date change - Employer Access

2018-12-11 15:48:48 - [TEST_STEP][PASSED] - delay: Delayed 4 second(s)

2018-12-11 15:48:52 - [MESSAGE][PASSED] - Delayed 4 second(s)

2018-12-11 15:48:52 - [TEST_STEP][PASSED] - click: Object: 'Object Repository/Final Object Repo/Page_Update Add New Employee - ASSIST/Add Employee Button' is clicked on

2018-12-11 15:48:52 - [MESSAGE][PASSED] - Object: 'Object Repository/Final Object Repo/Page_Update Add New Employee - ASSIST/Add Employee Button' is clicked on

2018-12-11 15:48:52 - [TEST_STEP][PASSED] - delay: Delayed 3 second(s)

2018-12-11 15:48:55 - [MESSAGE][PASSED] - Delayed 3 second(s)

2018-12-11 15:48:55 - [TEST_STEP][PASSED] - setText: Text '830081009219' is set on object 'Object Repository/Final Object Repo/Page_Update Add New Employee - ASSIST/NRIC Input'

2018-12-11 15:48:55 - [MESSAGE][PASSED] - Text '830081009219' is set on object 'Object Repository/Final Object Repo/Page_Update Add New Employee - ASSIST/NRIC Input'

2018-12-11 15:48:55 - [TEST_STEP][PASSED] - delay: Delayed 2 second(s)

2018-12-11 15:48:57 - [MESSAGE][PASSED] - Delayed 2 second(s)

2018-12-11 15:48:57 - [TEST_STEP][PASSED] - setText: Text 'Automate002 Employee eligible 1' is set on object 'Object Repository/Final Object Repo/Page_Update Add New Employee - ASSIST/Employee Name Input'

2018-12-11 15:48:58 - [MESSAGE][PASSED] - Text 'Automate002 Employee eligible 1' is set on object 'Object Repository/Final Object Repo/Page_Update Add New Employee - ASSIST/Employee Name Input'

2018-12-11 15:48:58 - [TEST_STEP][PASSED] - delay: Delayed 2 second(s)

2018-12-11 15:49:00 - [MESSAGE][PASSED] - Delayed 2 second(s)

2018-12-11 15:49:00 - [TEST_STEP][PASSED] - click: Object: 'Object Repository/Final Object Repo/Page_Update Add New Employee - ASSIST/DatePicker Pop Up' is clicked on

2018-12-11 15:49:00 - [MESSAGE][PASSED] - Object: 'Object Repository/Final Object Repo/Page_Update Add New Employee - ASSIST/DatePicker Pop Up' is clicked on

2018-12-11 15:49:00 - [TEST_STEP][PASSED] - click: Object: 'Object Repository/Final Object Repo/Page_Update Add New Employee - ASSIST/DOB Month' is clicked on

2018-12-11 15:49:01 - [MESSAGE][PASSED] - Object: 'Object Repository/Final Object Repo/Page_Update Add New Employee - ASSIST/DOB Month' is clicked on

2018-12-11 15:49:01 - [TEST_STEP][PASSED] - Statement - CurrentMonth = CurrentMonth: null

2018-12-11 15:49:01 - [TEST_STEP][PASSED] - Statement - selectMonth = new com.kms.katalon.core.testobject.TestObject(): null

2018-12-11 15:49:01 - [TEST_STEP][PASSED] - Statement - selectMonth.addProperty("xpath", EQUALS, "//body/div/div/div/select/option[@value='" + CurrentMonth + "']", true): null

2018-12-11 15:49:01 - [TEST_STEP][PASSED] - click: Object: '' is clicked on

2018-12-11 15:49:01 - [MESSAGE][PASSED] - Object: '' is clicked on

2018-12-11 15:49:01 - [TEST_STEP][PASSED] - click: Object: 'Object Repository/Final Object Repo/Page_Update Add New Employee - ASSIST/DOB Year' is clicked on

2018-12-11 15:49:01 - [MESSAGE][PASSED] - Object: 'Object Repository/Final Object Repo/Page_Update Add New Employee - ASSIST/DOB Year' is clicked on

2018-12-11 15:49:01 - [TEST_STEP][PASSED] - Statement - Eyearsbf = EighteenYrsBefore: null

2018-12-11 15:49:01 - [TEST_STEP][PASSED] - Statement - selectYear = new com.kms.katalon.core.testobject.TestObject(): null

2018-12-11 15:49:01 - [TEST_STEP][PASSED] - Statement - selectYear.addProperty("xpath", EQUALS, "//div/div/div/select/option[@value='" + Eyearsbf + "']", true): null

2018-12-11 15:49:01 - [TEST_STEP][PASSED] - click: Object: '' is clicked on

2018-12-11 15:49:01 - [MESSAGE][PASSED] - Object: '' is clicked on

2018-12-11 15:49:01 - [TEST_STEP][PASSED] - Statement - UpdatedSelectDate = com.kms.katalon.core.webui.keyword.WebUiBuiltInKeywords.modifyObjectProperty(com.kms.katalon.core.testobject.ObjectRepository.findTestObject(Final Object Repo/Page_Update Add New Employee - ASSIST/DOB Date), "xpath", "equals", "//body/div/table/tbody/tr/td/a[text()="" + CurrentDate + ""]", true): Modify property of object successfully

2018-12-11 15:49:01 - [MESSAGE][PASSED] - Modify property of object successfully

2018-12-11 15:49:01 - [TEST_STEP][PASSED] - delay: Delayed 3 second(s)

2018-12-11 15:49:04 - [MESSAGE][PASSED] - Delayed 3 second(s)

2018-12-11 15:49:04 - [TEST_STEP][PASSED] - click: Object: 'Object Repository/Final Object Repo/Page_Update Add New Employee - ASSIST/DOB Date' is clicked on

2018-12-11 15:49:04 - [MESSAGE][PASSED] - Object: 'Object Repository/Final Object Repo/Page_Update Add New Employee - ASSIST/DOB Date' is clicked on

2018-12-11 15:49:04 - [TEST_STEP][PASSED] - delay: Delayed 2 second(s)

2018-12-11 15:49:06 - [MESSAGE][PASSED] - Delayed 2 second(s)

2018-12-11 15:49:06 - [TEST_STEP][PASSED] - click: Object: 'Object Repository/Final Object Repo/Page_Update Add New Employee - ASSIST/EmploymentStartDate Pop Up' is clicked on

2018-12-11 15:49:06 - [MESSAGE][PASSED] - Object: 'Object Repository/Final Object Repo/Page_Update Add New Employee - ASSIST/EmploymentStartDate Pop Up' is clicked on

2018-12-11 15:49:06 - [TEST_STEP][PASSED] - delay: Delayed 2 second(s)

2018-12-11 15:49:08 - [MESSAGE][PASSED] - Delayed 2 second(s)

2018-12-11 15:49:08 - [TEST_STEP][PASSED] - click: Object: 'Object Repository/Final Object Repo/Page_Update Add New Employee - ASSIST/Socso Employment StartDate Month' is clicked on

2018-12-11 15:49:09 - [MESSAGE][PASSED] - Object: 'Object Repository/Final Object Repo/Page_Update Add New Employee - ASSIST/Socso Employment StartDate Month' is clicked on

2018-12-11 15:49:09 - [TEST_STEP][PASSED] - delay: Delayed 1 second(s)

2018-12-11 15:49:10 - [MESSAGE][PASSED] - Delayed 1 second(s)

2018-12-11 15:49:10 - [TEST_STEP][PASSED] - click: Object: 'Object Repository/Final Object Repo/Page_Update Add New Employee - ASSIST/Select Socso Employement Startdate Month' is clicked on

2018-12-11 15:49:10 - [MESSAGE][PASSED] - Object: 'Object Repository/Final Object Repo/Page_Update Add New Employee - ASSIST/Select Socso Employement Startdate Month' is clicked on

2018-12-11 15:49:10 - [TEST_STEP][PASSED] - delay: Delayed 2 second(s)

2018-12-11 15:49:12 - [MESSAGE][PASSED] - Delayed 2 second(s)

2018-12-11 15:49:12 - [TEST_STEP][PASSED] - click: Object: 'Object Repository/Final Object Repo/Page_Update Add New Employee - ASSIST/Socso Employment StartDate Year' is clicked on

2018-12-11 15:49:12 - [MESSAGE][PASSED] - Object: 'Object Repository/Final Object Repo/Page_Update Add New Employee - ASSIST/Socso Employment StartDate Year' is clicked on

2018-12-11 15:49:12 - [TEST_STEP][PASSED] - delay: Delayed 1 second(s)

2018-12-11 15:49:13 - [MESSAGE][PASSED] - Delayed 1 second(s)

2018-12-11 15:49:13 - [TEST_STEP][PASSED] - click: Object: 'Object Repository/Final Object Repo/Page_Update Add New Employee - ASSIST/Select Socso Employment Startdate Year - Emp Update Add New' is clicked on

2018-12-11 15:49:13 - [MESSAGE][PASSED] - Object: 'Object Repository/Final Object Repo/Page_Update Add New Employee - ASSIST/Select Socso Employment Startdate Year - Emp Update Add New' is clicked on

2018-12-11 15:49:13 - [TEST_STEP][PASSED] - delay: Delayed 2 second(s)

2018-12-11 15:49:15 - [MESSAGE][PASSED] - Delayed 2 second(s)

2018-12-11 15:49:15 - [TEST_STEP][PASSED] - click: Object: 'Object Repository/Final Object Repo/Page_Update Add New Employee - ASSIST/Socso Employment Start Date Day' is clicked on

2018-12-11 15:49:15 - [MESSAGE][PASSED] - Object: 'Object Repository/Final Object Repo/Page_Update Add New Employee - ASSIST/Socso Employment Start Date Day' is clicked on

2018-12-11 15:49:15 - [TEST_STEP][PASSED] - delay: Delayed 2 second(s)

2018-12-11 15:49:17 - [MESSAGE][PASSED] - Delayed 2 second(s)

2018-12-11 15:49:17 - [TEST_STEP][PASSED] - click: Object: 'Object Repository/Final Object Repo/Page_Update Add New Employee - ASSIST/Save Button for Add Employee' is clicked on

2018-12-11 15:49:17 - [MESSAGE][PASSED] - Object: 'Object Repository/Final Object Repo/Page_Update Add New Employee - ASSIST/Save Button for Add Employee' is clicked on

2018-12-11 15:49:17 - [MESSAGE][PASSED] - Call Test Case 'Test Cases/Final Aug 2018 - PKS Automation/Registration Module/Workflow/Update Add New Employee/Template/Employee Adding/Employee Adding Action liability date change - Employer Access' successfully

2018-12-11 15:49:17 - [TEST_STEP][PASSED] - delay: Delayed 4 second(s)

2018-12-11 15:49:21 - [MESSAGE][PASSED] - Delayed 4 second(s)

2018-12-11 15:49:21 - [TEST_STEP][PASSED] - Statement - CaseReferenceNo = com.kms.katalon.core.webui.keyword.WebUiBuiltInKeywords.getText(com.kms.katalon.core.testobject.ObjectRepository.findTestObject(Final Object Repo/Page_Update Add New Employee - ASSIST/RefNo)): Text of object 'Object Repository/Final Object Repo/Page_Update Add New Employee - ASSIST/RefNo' is: 'CAN12201800002301'

2018-12-11 15:49:22 - [MESSAGE][PASSED] - Text of object 'Object Repository/Final Object Repo/Page_Update Add New Employee - ASSIST/RefNo' is: 'CAN12201800002301'

2018-12-11 15:49:22 - [TEST_STEP][PASSED] - callTestCase: Call Test Case 'Test Cases/Final Aug 2018 - PKS Automation/Common/Reference Number Setter' successfully

2018-12-11 15:49:22 - [TEST_CASE][PASSED] - Test Cases/Final Aug 2018 - PKS Automation/Common/Reference Number Setter: Test Cases/Final Aug 2018 - PKS Automation/Common/Reference Number Setter

2018-12-11 15:49:22 - [TEST_STEP][PASSED] - Statement - RefNoOldFile = new java.io.File(C://Users//Admin//Desktop//PKS//Automation Reference Point//KatalonReference.txt): null

2018-12-11 15:49:22 - [TEST_STEP][PASSED] - Statement - RefNoOldFile.delete(): null

2018-12-11 15:49:22 - [TEST_STEP][PASSED] - delay: Delayed 5 second(s)

2018-12-11 15:49:27 - [MESSAGE][PASSED] - Delayed 5 second(s)

2018-12-11 15:49:27 - [TEST_STEP][PASSED] - Statement - RefNo = new java.io.File(C://Users//Admin//Desktop//PKS//Automation Reference Point//KatalonReference.txt): null

2018-12-11 15:49:27 - [TEST_STEP][PASSED] - Statement - f2 = new java.io.FileWriter(RefNo, false): null

2018-12-11 15:49:27 - [TEST_STEP][PASSED] - Statement - f2.write(CaseReferenceNo): null

2018-12-11 15:49:27 - [TEST_STEP][PASSED] - Statement - f2.close(): null

2018-12-11 15:49:27 - [TEST_STEP][PASSED] - Statement - out.println("


" + CaseReferenceNo + "


"): null

2018-12-11 15:49:27 - [MESSAGE][PASSED] - Call Test Case 'Test Cases/Final Aug 2018 - PKS Automation/Common/Reference Number Setter' successfully

2018-12-11 15:49:27 - [TEST_STEP][PASSED] - delay: Delayed 5 second(s)

2018-12-11 15:49:32 - [MESSAGE][PASSED] - Delayed 5 second(s)

2018-12-11 15:49:32 - [TEST_STEP][PASSED] - click: Object: 'Object Repository/Final Object Repo/Page_Update Add New Employee - ASSIST/Save  Continue Button' is clicked on

2018-12-11 15:49:32 - [MESSAGE][PASSED] - Object: 'Object Repository/Final Object Repo/Page_Update Add New Employee - ASSIST/Save  Continue Button' is clicked on

2018-12-11 15:49:32 - [TEST_STEP][PASSED] - delay: Delayed 4 second(s)

2018-12-11 15:49:36 - [MESSAGE][PASSED] - Delayed 4 second(s)

2018-12-11 15:49:36 - [TEST_STEP][PASSED] - callTestCase: Call Test Case 'Test Cases/Final Aug 2018 - PKS Automation/Common/Reference Number Getter' successfully

2018-12-11 15:49:36 - [TEST_CASE][PASSED] - Test Cases/Final Aug 2018 - PKS Automation/Common/Reference Number Getter: Test Cases/Final Aug 2018 - PKS Automation/Common/Reference Number Getter

2018-12-11 15:49:36 - [TEST_STEP][PASSED] - Statement - Try: null

2018-12-11 15:49:36 - [TEST_STEP][PASSED] - Statement - RefNo = new java.io.File(C://Users//Admin//Desktop//PKS//Automation Reference Point//KatalonReference.txt): null

2018-12-11 15:49:36 - [TEST_STEP][PASSED] - Statement - bufferread = new java.io.BufferedReader(new java.io.FileReader(RefNo)): null

2018-12-11 15:49:36 - [TEST_STEP][PASSED] - Statement - readedVal = bufferread.readLine(): null

2018-12-11 15:49:36 - [TEST_STEP][PASSED] - Statement - out.println(CaseReferenceNo): null

2018-12-11 15:49:36 - [TEST_STEP][PASSED] - Statement - out.println(readedVal): null

2018-12-11 15:49:36 - [TEST_STEP][PASSED] - Statement - CaseReferenceNo = "": null

2018-12-11 15:49:36 - [TEST_STEP][PASSED] - Statement - CaseReferenceNo = readedVal: null

2018-12-11 15:49:36 - [MESSAGE][PASSED] - Call Test Case 'Test Cases/Final Aug 2018 - PKS Automation/Common/Reference Number Getter' successfully

2018-12-11 15:49:36 - [TEST_STEP][PASSED] - click: Object: 'Object Repository/Final Object Repo/Page_Update Add New Employee - ASSIST/Save  Continue Third Screen' is clicked on

2018-12-11 15:49:39 - [MESSAGE][PASSED] - Object: 'Object Repository/Final Object Repo/Page_Update Add New Employee - ASSIST/Save  Continue Third Screen' is clicked on

2018-12-11 15:49:39 - [TEST_STEP][PASSED] - delay: Delayed 4 second(s)

2018-12-11 15:49:43 - [MESSAGE][PASSED] - Delayed 4 second(s)

2018-12-11 15:49:43 - [TEST_STEP][PASSED] - click: Object: 'Object Repository/Final Object Repo/Page_Update Add New Employee - ASSIST/Save   Continue Supporting Doc Page' is clicked on

2018-12-11 15:49:43 - [MESSAGE][PASSED] - Object: 'Object Repository/Final Object Repo/Page_Update Add New Employee - ASSIST/Save   Continue Supporting Doc Page' is clicked on

2018-12-11 15:49:43 - [TEST_STEP][PASSED] - delay: Delayed 4 second(s)

2018-12-11 15:49:47 - [MESSAGE][PASSED] - Delayed 4 second(s)

2018-12-11 15:49:47 - [TEST_STEP][PASSED] - click: Object: 'Object Repository/Final Object Repo/Page_Update Add New Employee - ASSIST/Submit Button' is clicked on

2018-12-11 15:49:47 - [MESSAGE][PASSED] - Object: 'Object Repository/Final Object Repo/Page_Update Add New Employee - ASSIST/Submit Button' is clicked on

2018-12-11 15:49:47 - [TEST_STEP][PASSED] - delay: Delayed 4 second(s)

2018-12-11 15:49:51 - [MESSAGE][PASSED] - Delayed 4 second(s)

2018-12-11 15:49:51 - [TEST_STEP][PASSED] - click: Object: 'Object Repository/Final Object Repo/Page_Update Add New Employee - ASSIST/Confirm Submit Button' is clicked on

2018-12-11 15:49:51 - [MESSAGE][PASSED] - Object: 'Object Repository/Final Object Repo/Page_Update Add New Employee - ASSIST/Confirm Submit Button' is clicked on

2018-12-11 15:49:51 - [TEST_STEP][PASSED] - delay: Delayed 20 second(s)

2018-12-11 15:50:11 - [MESSAGE][PASSED] - Delayed 20 second(s)

2018-12-11 15:50:11 - [TEST_STEP][PASSED] - callTestCase: Call Test Case 'Test Cases/Final Aug 2018 - PKS Automation/Common/Screenshoting tool' successfully

2018-12-11 15:50:11 - [TEST_CASE][PASSED] - Test Cases/Final Aug 2018 - PKS Automation/Common/Screenshoting tool: Test Cases/Final Aug 2018 - PKS Automation/Common/Screenshoting tool

2018-12-11 15:50:11 - [TEST_STEP][PASSED] - delay: Delayed 15 second(s)

2018-12-11 15:50:26 - [MESSAGE][PASSED] - Delayed 15 second(s)

2018-12-11 15:50:26 - [TEST_STEP][PASSED] - Statement - driver = com.kms.katalon.core.webui.driver.DriverFactory.getWebDriver(): null

2018-12-11 15:50:26 - [TEST_STEP][PASSED] - Statement - driver.manage().timeouts().implicitlyWait(10, SECONDS): null

2018-12-11 15:50:26 - [TEST_STEP][PASSED] - Statement - PresavePath = KatalonScreenshots: null

2018-12-11 15:50:26 - [TEST_STEP][PASSED] - Statement - pathPrefix = "C:\Users\Public\Pictures\Sample Pictures\Katalon Screenshots\Automate Ending Screen": null

2018-12-11 15:50:26 - [TEST_STEP][PASSED] - Statement - finalPath = <not implemented yet for class: org.codehaus.groovy.ast.expr.EmptyExpression>: null

2018-12-11 15:50:26 - [TEST_STEP][PASSED] - Statement - scrFile = driver.getScreenshotAs(FILE): null

2018-12-11 15:50:27 - [TEST_STEP][PASSED] - Statement - PreSaveFile = new java.io.File(PresavePath): null

2018-12-11 15:50:27 - [TEST_STEP][PASSED] - Statement - counter = 0: null

2018-12-11 15:50:27 - [TEST_STEP][PASSED] - Statement - If (PreSaveFile.exists()): null

2018-12-11 15:50:27 - [TEST_STEP][PASSED] - Statement - While (PreSaveFile.exists()): null

2018-12-11 15:50:27 - [TEST_STEP][PASSED] - Statement - counter = counter + 1: null

2018-12-11 15:50:27 - [TEST_STEP][PASSED] - Statement - PreSaveFile = new java.io.File(((pathPrefix + java.lang.Integer.toString(counter)) + .png)): null

2018-12-11 15:50:27 - [TEST_STEP][PASSED] - Statement - counter = counter + 1: null

2018-12-11 15:50:27 - [TEST_STEP][PASSED] - Statement - PreSaveFile = new java.io.File(((pathPrefix + java.lang.Integer.toString(counter)) + .png)): null

2018-12-11 15:50:27 - [TEST_STEP][PASSED] - Statement - counter = counter + 1: null

2018-12-11 15:50:27 - [TEST_STEP][PASSED] - Statement - PreSaveFile = new java.io.File(((pathPrefix + java.lang.Integer.toString(counter)) + .png)): null

2018-12-11 15:50:27 - [TEST_STEP][PASSED] - Statement - counter = counter + 1: null

2018-12-11 15:50:27 - [TEST_STEP][PASSED] - Statement - PreSaveFile = new java.io.File(((pathPrefix + java.lang.Integer.toString(counter)) + .png)): null

2018-12-11 15:50:27 - [TEST_STEP][PASSED] - Statement - counter = counter + 1: null

2018-12-11 15:50:27 - [TEST_STEP][PASSED] - Statement - PreSaveFile = new java.io.File(((pathPrefix + java.lang.Integer.toString(counter)) + .png)): null

2018-12-11 15:50:27 - [TEST_STEP][PASSED] - Statement - counter = counter + 1: null

2018-12-11 15:50:27 - [TEST_STEP][PASSED] - Statement - PreSaveFile = new java.io.File(((pathPrefix + java.lang.Integer.toString(counter)) + .png)): null

2018-12-11 15:50:27 - [TEST_STEP][PASSED] - Statement - counter = counter + 1: null

2018-12-11 15:50:27 - [TEST_STEP][PASSED] - Statement - PreSaveFile = new java.io.File(((pathPrefix + java.lang.Integer.toString(counter)) + .png)): null

2018-12-11 15:50:27 - [TEST_STEP][PASSED] - Statement - counter = counter + 1: null

2018-12-11 15:50:27 - [TEST_STEP][PASSED] - Statement - PreSaveFile = new java.io.File(((pathPrefix + java.lang.Integer.toString(counter)) + .png)): null

2018-12-11 15:50:27 - [TEST_STEP][PASSED] - Statement - counter = counter + 1: null

2018-12-11 15:50:27 - [TEST_STEP][PASSED] - Statement - PreSaveFile = new java.io.File(((pathPrefix + java.lang.Integer.toString(counter)) + .png)): null

2018-12-11 15:50:27 - [TEST_STEP][PASSED] - Statement - counter = counter + 1: null

2018-12-11 15:50:27 - [TEST_STEP][PASSED] - Statement - PreSaveFile = new java.io.File(((pathPrefix + java.lang.Integer.toString(counter)) + .png)): null

2018-12-11 15:50:27 - [TEST_STEP][PASSED] - Statement - counter = counter + 1: null

2018-12-11 15:50:27 - [TEST_STEP][PASSED] - Statement - PreSaveFile = new java.io.File(((pathPrefix + java.lang.Integer.toString(counter)) + .png)): null

2018-12-11 15:50:27 - [TEST_STEP][PASSED] - Statement - counter = counter + 1: null

2018-12-11 15:50:27 - [TEST_STEP][PASSED] - Statement - PreSaveFile = new java.io.File(((pathPrefix + java.lang.Integer.toString(counter)) + .png)): null

2018-12-11 15:50:27 - [TEST_STEP][PASSED] - Statement - counter = counter + 1: null

2018-12-11 15:50:27 - [TEST_STEP][PASSED] - Statement - PreSaveFile = new java.io.File(((pathPrefix + java.lang.Integer.toString(counter)) + .png)): null

2018-12-11 15:50:27 - [TEST_STEP][PASSED] - Statement - counter = counter + 1: null

2018-12-11 15:50:27 - [TEST_STEP][PASSED] - Statement - PreSaveFile = new java.io.File(((pathPrefix + java.lang.Integer.toString(counter)) + .png)): null

2018-12-11 15:50:27 - [TEST_STEP][PASSED] - Statement - counter = counter + 1: null

2018-12-11 15:50:27 - [TEST_STEP][PASSED] - Statement - PreSaveFile = new java.io.File(((pathPrefix + java.lang.Integer.toString(counter)) + .png)): null

2018-12-11 15:50:27 - [TEST_STEP][PASSED] - Statement - counter = counter + 1: null

2018-12-11 15:50:27 - [TEST_STEP][PASSED] - Statement - PreSaveFile = new java.io.File(((pathPrefix + java.lang.Integer.toString(counter)) + .png)): null

2018-12-11 15:50:27 - [TEST_STEP][PASSED] - Statement - counter = counter + 1: null

2018-12-11 15:50:27 - [TEST_STEP][PASSED] - Statement - PreSaveFile = new java.io.File(((pathPrefix + java.lang.Integer.toString(counter)) + .png)): null

2018-12-11 15:50:27 - [TEST_STEP][PASSED] - Statement - counter = counter + 1: null

2018-12-11 15:50:27 - [TEST_STEP][PASSED] - Statement - PreSaveFile = new java.io.File(((pathPrefix + java.lang.Integer.toString(counter)) + .png)): null

2018-12-11 15:50:27 - [TEST_STEP][PASSED] - Statement - counter = counter + 1: null

2018-12-11 15:50:27 - [TEST_STEP][PASSED] - Statement - PreSaveFile = new java.io.File(((pathPrefix + java.lang.Integer.toString(counter)) + .png)): null

2018-12-11 15:50:27 - [TEST_STEP][PASSED] - Statement - counter = counter + 1: null

2018-12-11 15:50:27 - [TEST_STEP][PASSED] - Statement - PreSaveFile = new java.io.File(((pathPrefix + java.lang.Integer.toString(counter)) + .png)): null

2018-12-11 15:50:27 - [TEST_STEP][PASSED] - Statement - counter = counter + 1: null

2018-12-11 15:50:27 - [TEST_STEP][PASSED] - Statement - PreSaveFile = new java.io.File(((pathPrefix + java.lang.Integer.toString(counter)) + .png)): null

2018-12-11 15:50:27 - [TEST_STEP][PASSED] - Statement - counter = counter + 1: null

2018-12-11 15:50:27 - [TEST_STEP][PASSED] - Statement - PreSaveFile = new java.io.File(((pathPrefix + java.lang.Integer.toString(counter)) + .png)): null

2018-12-11 15:50:27 - [TEST_STEP][PASSED] - Statement - counter = counter + 1: null

2018-12-11 15:50:27 - [TEST_STEP][PASSED] - Statement - PreSaveFile = new java.io.File(((pathPrefix + java.lang.Integer.toString(counter)) + .png)): null

2018-12-11 15:50:27 - [TEST_STEP][PASSED] - Statement - counter = counter + 1: null

2018-12-11 15:50:27 - [TEST_STEP][PASSED] - Statement - PreSaveFile = new java.io.File(((pathPrefix + java.lang.Integer.toString(counter)) + .png)): null

2018-12-11 15:50:27 - [TEST_STEP][PASSED] - Statement - counter = counter + 1: null

2018-12-11 15:50:27 - [TEST_STEP][PASSED] - Statement - PreSaveFile = new java.io.File(((pathPrefix + java.lang.Integer.toString(counter)) + .png)): null

2018-12-11 15:50:27 - [TEST_STEP][PASSED] - Statement - counter = counter + 1: null

2018-12-11 15:50:27 - [TEST_STEP][PASSED] - Statement - PreSaveFile = new java.io.File(((pathPrefix + java.lang.Integer.toString(counter)) + .png)): null

2018-12-11 15:50:27 - [TEST_STEP][PASSED] - Statement - counter = counter + 1: null

2018-12-11 15:50:27 - [TEST_STEP][PASSED] - Statement - PreSaveFile = new java.io.File(((pathPrefix + java.lang.Integer.toString(counter)) + .png)): null

2018-12-11 15:50:27 - [TEST_STEP][PASSED] - Statement - counter = counter + 1: null

2018-12-11 15:50:27 - [TEST_STEP][PASSED] - Statement - PreSaveFile = new java.io.File(((pathPrefix + java.lang.Integer.toString(counter)) + .png)): null

2018-12-11 15:50:27 - [TEST_STEP][PASSED] - Statement - counter = counter + 1: null

2018-12-11 15:50:27 - [TEST_STEP][PASSED] - Statement - PreSaveFile = new java.io.File(((pathPrefix + java.lang.Integer.toString(counter)) + .png)): null

2018-12-11 15:50:27 - [TEST_STEP][PASSED] - Statement - counter = counter + 1: null

2018-12-11 15:50:27 - [TEST_STEP][PASSED] - Statement - PreSaveFile = new java.io.File(((pathPrefix + java.lang.Integer.toString(counter)) + .png)): null

2018-12-11 15:50:27 - [TEST_STEP][PASSED] - Statement - counter = counter + 1: null

2018-12-11 15:50:27 - [TEST_STEP][PASSED] - Statement - PreSaveFile = new java.io.File(((pathPrefix + java.lang.Integer.toString(counter)) + .png)): null

2018-12-11 15:50:27 - [TEST_STEP][PASSED] - Statement - counter = counter + 1: null

2018-12-11 15:50:27 - [TEST_STEP][PASSED] - Statement - PreSaveFile = new java.io.File(((pathPrefix + java.lang.Integer.toString(counter)) + .png)): null

2018-12-11 15:50:27 - [TEST_STEP][PASSED] - Statement - counter = counter + 1: null

2018-12-11 15:50:27 - [TEST_STEP][PASSED] - Statement - PreSaveFile = new java.io.File(((pathPrefix + java.lang.Integer.toString(counter)) + .png)): null

2018-12-11 15:50:27 - [TEST_STEP][PASSED] - Statement - counter = counter + 1: null

2018-12-11 15:50:27 - [TEST_STEP][PASSED] - Statement - PreSaveFile = new java.io.File(((pathPrefix + java.lang.Integer.toString(counter)) + .png)): null

2018-12-11 15:50:27 - [TEST_STEP][PASSED] - Statement - counter = counter + 1: null

2018-12-11 15:50:27 - [TEST_STEP][PASSED] - Statement - PreSaveFile = new java.io.File(((pathPrefix + java.lang.Integer.toString(counter)) + .png)): null

2018-12-11 15:50:27 - [TEST_STEP][PASSED] - Statement - counter = counter + 1: null

2018-12-11 15:50:27 - [TEST_STEP][PASSED] - Statement - PreSaveFile = new java.io.File(((pathPrefix + java.lang.Integer.toString(counter)) + .png)): null

2018-12-11 15:50:27 - [TEST_STEP][PASSED] - Statement - counter = counter + 1: null

2018-12-11 15:50:27 - [TEST_STEP][PASSED] - Statement - PreSaveFile = new java.io.File(((pathPrefix + java.lang.Integer.toString(counter)) + .png)): null

2018-12-11 15:50:27 - [TEST_STEP][PASSED] - Statement - counter = counter + 1: null

2018-12-11 15:50:27 - [TEST_STEP][PASSED] - Statement - PreSaveFile = new java.io.File(((pathPrefix + java.lang.Integer.toString(counter)) + .png)): null

2018-12-11 15:50:27 - [TEST_STEP][PASSED] - Statement - counter = counter + 1: null

2018-12-11 15:50:27 - [TEST_STEP][PASSED] - Statement - PreSaveFile = new java.io.File(((pathPrefix + java.lang.Integer.toString(counter)) + .png)): null

2018-12-11 15:50:27 - [TEST_STEP][PASSED] - Statement - counter = counter + 1: null

2018-12-11 15:50:27 - [TEST_STEP][PASSED] - Statement - PreSaveFile = new java.io.File(((pathPrefix + java.lang.Integer.toString(counter)) + .png)): null

2018-12-11 15:50:27 - [TEST_STEP][PASSED] - Statement - counter = counter + 1: null

2018-12-11 15:50:27 - [TEST_STEP][PASSED] - Statement - PreSaveFile = new java.io.File(((pathPrefix + java.lang.Integer.toString(counter)) + .png)): null

2018-12-11 15:50:27 - [TEST_STEP][PASSED] - Statement - counter = counter + 1: null

2018-12-11 15:50:27 - [TEST_STEP][PASSED] - Statement - PreSaveFile = new java.io.File(((pathPrefix + java.lang.Integer.toString(counter)) + .png)): null

2018-12-11 15:50:27 - [TEST_STEP][PASSED] - Statement - counter = counter + 1: null

2018-12-11 15:50:27 - [TEST_STEP][PASSED] - Statement - PreSaveFile = new java.io.File(((pathPrefix + java.lang.Integer.toString(counter)) + .png)): null

2018-12-11 15:50:27 - [TEST_STEP][PASSED] - Statement - counter = counter + 1: null

2018-12-11 15:50:27 - [TEST_STEP][PASSED] - Statement - PreSaveFile = new java.io.File(((pathPrefix + java.lang.Integer.toString(counter)) + .png)): null

2018-12-11 15:50:27 - [TEST_STEP][PASSED] - Statement - counter = counter + 1: null

2018-12-11 15:50:27 - [TEST_STEP][PASSED] - Statement - PreSaveFile = new java.io.File(((pathPrefix + java.lang.Integer.toString(counter)) + .png)): null

2018-12-11 15:50:27 - [TEST_STEP][PASSED] - Statement - counter = counter + 1: null

2018-12-11 15:50:27 - [TEST_STEP][PASSED] - Statement - PreSaveFile = new java.io.File(((pathPrefix + java.lang.Integer.toString(counter)) + .png)): null

2018-12-11 15:50:27 - [TEST_STEP][PASSED] - Statement - counter = counter + 1: null

2018-12-11 15:50:27 - [TEST_STEP][PASSED] - Statement - PreSaveFile = new java.io.File(((pathPrefix + java.lang.Integer.toString(counter)) + .png)): null

2018-12-11 15:50:27 - [TEST_STEP][PASSED] - Statement - counter = counter + 1: null

2018-12-11 15:50:27 - [TEST_STEP][PASSED] - Statement - PreSaveFile = new java.io.File(((pathPrefix + java.lang.Integer.toString(counter)) + .png)): null

2018-12-11 15:50:27 - [TEST_STEP][PASSED] - Statement - counter = counter + 1: null

2018-12-11 15:50:27 - [TEST_STEP][PASSED] - Statement - PreSaveFile = new java.io.File(((pathPrefix + java.lang.Integer.toString(counter)) + .png)): null

2018-12-11 15:50:27 - [TEST_STEP][PASSED] - Statement - counter = counter + 1: null

2018-12-11 15:50:27 - [TEST_STEP][PASSED] - Statement - PreSaveFile = new java.io.File(((pathPrefix + java.lang.Integer.toString(counter)) + .png)): null

2018-12-11 15:50:27 - [TEST_STEP][PASSED] - Statement - counter = counter + 1: null

2018-12-11 15:50:27 - [TEST_STEP][PASSED] - Statement - PreSaveFile = new java.io.File(((pathPrefix + java.lang.Integer.toString(counter)) + .png)): null

2018-12-11 15:50:27 - [TEST_STEP][PASSED] - Statement - counter = counter + 1: null

2018-12-11 15:50:27 - [TEST_STEP][PASSED] - Statement - PreSaveFile = new java.io.File(((pathPrefix + java.lang.Integer.toString(counter)) + .png)): null

2018-12-11 15:50:27 - [TEST_STEP][PASSED] - Statement - counter = counter + 1: null

2018-12-11 15:50:27 - [TEST_STEP][PASSED] - Statement - PreSaveFile = new java.io.File(((pathPrefix + java.lang.Integer.toString(counter)) + .png)): null

2018-12-11 15:50:27 - [TEST_STEP][PASSED] - Statement - counter = counter + 1: null

2018-12-11 15:50:27 - [TEST_STEP][PASSED] - Statement - PreSaveFile = new java.io.File(((pathPrefix + java.lang.Integer.toString(counter)) + .png)): null

2018-12-11 15:50:27 - [TEST_STEP][PASSED] - Statement - counter = counter + 1: null

2018-12-11 15:50:27 - [TEST_STEP][PASSED] - Statement - PreSaveFile = new java.io.File(((pathPrefix + java.lang.Integer.toString(counter)) + .png)): null

2018-12-11 15:50:27 - [TEST_STEP][PASSED] - Statement - counter = counter + 1: null

2018-12-11 15:50:27 - [TEST_STEP][PASSED] - Statement - PreSaveFile = new java.io.File(((pathPrefix + java.lang.Integer.toString(counter)) + .png)): null

2018-12-11 15:50:27 - [TEST_STEP][PASSED] - Statement - counter = counter + 1: null

2018-12-11 15:50:27 - [TEST_STEP][PASSED] - Statement - PreSaveFile = new java.io.File(((pathPrefix + java.lang.Integer.toString(counter)) + .png)): null

2018-12-11 15:50:27 - [TEST_STEP][PASSED] - Statement - counter = counter + 1: null

2018-12-11 15:50:27 - [TEST_STEP][PASSED] - Statement - PreSaveFile = new java.io.File(((pathPrefix + java.lang.Integer.toString(counter)) + .png)): null

2018-12-11 15:50:27 - [TEST_STEP][PASSED] - Statement - counter = counter + 1: null

2018-12-11 15:50:27 - [TEST_STEP][PASSED] - Statement - PreSaveFile = new java.io.File(((pathPrefix + java.lang.Integer.toString(counter)) + .png)): null

2018-12-11 15:50:27 - [TEST_STEP][PASSED] - Statement - counter = counter + 1: null

2018-12-11 15:50:27 - [TEST_STEP][PASSED] - Statement - PreSaveFile = new java.io.File(((pathPrefix + java.lang.Integer.toString(counter)) + .png)): null

2018-12-11 15:50:27 - [TEST_STEP][PASSED] - Statement - counter = counter + 1: null

2018-12-11 15:50:27 - [TEST_STEP][PASSED] - Statement - PreSaveFile = new java.io.File(((pathPrefix + java.lang.Integer.toString(counter)) + .png)): null

2018-12-11 15:50:27 - [TEST_STEP][PASSED] - Statement - counter = counter + 1: null

2018-12-11 15:50:27 - [TEST_STEP][PASSED] - Statement - PreSaveFile = new java.io.File(((pathPrefix + java.lang.Integer.toString(counter)) + .png)): null

2018-12-11 15:50:27 - [TEST_STEP][PASSED] - Statement - counter = counter + 1: null

2018-12-11 15:50:27 - [TEST_STEP][PASSED] - Statement - PreSaveFile = new java.io.File(((pathPrefix + java.lang.Integer.toString(counter)) + .png)): null

2018-12-11 15:50:27 - [TEST_STEP][PASSED] - Statement - counter = counter + 1: null

2018-12-11 15:50:27 - [TEST_STEP][PASSED] - Statement - PreSaveFile = new java.io.File(((pathPrefix + java.lang.Integer.toString(counter)) + .png)): null

2018-12-11 15:50:27 - [TEST_STEP][PASSED] - Statement - counter = counter + 1: null

2018-12-11 15:50:27 - [TEST_STEP][PASSED] - Statement - PreSaveFile = new java.io.File(((pathPrefix + java.lang.Integer.toString(counter)) + .png)): null

2018-12-11 15:50:27 - [TEST_STEP][PASSED] - Statement - counter = counter + 1: null

2018-12-11 15:50:27 - [TEST_STEP][PASSED] - Statement - PreSaveFile = new java.io.File(((pathPrefix + java.lang.Integer.toString(counter)) + .png)): null

2018-12-11 15:50:27 - [TEST_STEP][PASSED] - Statement - counter = counter + 1: null

2018-12-11 15:50:27 - [TEST_STEP][PASSED] - Statement - PreSaveFile = new java.io.File(((pathPrefix + java.lang.Integer.toString(counter)) + .png)): null

2018-12-11 15:50:27 - [TEST_STEP][PASSED] - Statement - counter = counter + 1: null

2018-12-11 15:50:27 - [TEST_STEP][PASSED] - Statement - PreSaveFile = new java.io.File(((pathPrefix + java.lang.Integer.toString(counter)) + .png)): null

2018-12-11 15:50:27 - [TEST_STEP][PASSED] - Statement - counter = counter + 1: null

2018-12-11 15:50:27 - [TEST_STEP][PASSED] - Statement - PreSaveFile = new java.io.File(((pathPrefix + java.lang.Integer.toString(counter)) + .png)): null

2018-12-11 15:50:27 - [TEST_STEP][PASSED] - Statement - counter = counter + 1: null

2018-12-11 15:50:27 - [TEST_STEP][PASSED] - Statement - PreSaveFile = new java.io.File(((pathPrefix + java.lang.Integer.toString(counter)) + .png)): null

2018-12-11 15:50:27 - [TEST_STEP][PASSED] - Statement - counter = counter + 1: null

2018-12-11 15:50:27 - [TEST_STEP][PASSED] - Statement - PreSaveFile = new java.io.File(((pathPrefix + java.lang.Integer.toString(counter)) + .png)): null

2018-12-11 15:50:27 - [TEST_STEP][PASSED] - Statement - counter = counter + 1: null

2018-12-11 15:50:27 - [TEST_STEP][PASSED] - Statement - PreSaveFile = new java.io.File(((pathPrefix + java.lang.Integer.toString(counter)) + .png)): null

2018-12-11 15:50:27 - [TEST_STEP][PASSED] - Statement - counter = counter + 1: null

2018-12-11 15:50:27 - [TEST_STEP][PASSED] - Statement - PreSaveFile = new java.io.File(((pathPrefix + java.lang.Integer.toString(counter)) + .png)): null

2018-12-11 15:50:27 - [TEST_STEP][PASSED] - Statement - counter = counter + 1: null

2018-12-11 15:50:27 - [TEST_STEP][PASSED] - Statement - PreSaveFile = new java.io.File(((pathPrefix + java.lang.Integer.toString(counter)) + .png)): null

2018-12-11 15:50:27 - [TEST_STEP][PASSED] - Statement - finalPath = pathPrefix + java.lang.Integer.toString(counter) + ".png": null

2018-12-11 15:50:27 - [TEST_STEP][PASSED] - Statement - SaveFile = new java.io.File(finalPath): null

2018-12-11 15:50:27 - [TEST_STEP][PASSED] - Statement - Try: null

2018-12-11 15:50:27 - [TEST_STEP][PASSED] - Statement - org.apache.commons.io.FileUtils.copyFile(scrFile, SaveFile): null

2018-12-11 15:50:27 - [TEST_STEP][PASSED] - Statement - out.println("file kept"): null

2018-12-11 15:50:27 - [TEST_STEP][PASSED] - delay: Delayed 10 second(s)

2018-12-11 15:50:37 - [MESSAGE][PASSED] - Delayed 10 second(s)

2018-12-11 15:50:37 - [MESSAGE][PASSED] - Call Test Case 'Test Cases/Final Aug 2018 - PKS Automation/Common/Screenshoting tool' successfully

2018-12-11 15:50:37 - [TEST_STEP][PASSED] - callTestCase: Call Test Case 'Test Cases/Final Aug 2018 - PKS Automation/Registration Module/Log Out/log out avoiding katalon tagging' successfully

2018-12-11 15:50:37 - [TEST_CASE][PASSED] - Test Cases/Final Aug 2018 - PKS Automation/Registration Module/Log Out/log out avoiding katalon tagging: Test Cases/Final Aug 2018 - PKS Automation/Registration Module/Log Out/log out avoiding katalon tagging

2018-12-11 15:50:37 - [TEST_STEP][PASSED] - navigateToUrl: Navigate to 'https://assist2-uat.perkeso.gov.my/c/portal/logout' successfully

2018-12-11 15:50:38 - [MESSAGE][PASSED] - Navigate to 'https://assist2-uat.perkeso.gov.my/c/portal/logout' successfully

2018-12-11 15:50:38 - [MESSAGE][PASSED] - Call Test Case 'Test Cases/Final Aug 2018 - PKS Automation/Registration Module/Log Out/log out avoiding katalon tagging' successfully

2018-12-11 15:50:38 - [TEST_STEP][PASSED] - callTestCase: Call Test Case 'Test Cases/Final Aug 2018 - PKS Automation/Common/Workflow Owner Finder' successfully

2018-12-11 15:50:38 - [TEST_CASE][PASSED] - Test Cases/Final Aug 2018 - PKS Automation/Common/Workflow Owner Finder: Test Cases/Final Aug 2018 - PKS Automation/Common/Workflow Owner Finder

2018-12-11 15:50:38 - [TEST_STEP][PASSED] - openBrowser: Browser is opened with url: ''

2018-12-11 15:50:38 - [MESSAGE][WARNING] - A browser is already opened. Closing browser and opening a new one

2018-12-11 15:50:43 - [MESSAGE][PASSED] - Browser is opened with url: ''

2018-12-11 15:50:43 - [TEST_STEP][PASSED] - navigateToUrl: Navigate to 'https://assist2-uat.perkeso.gov.my/login' successfully

2018-12-11 15:50:44 - [MESSAGE][PASSED] - Navigate to 'https://assist2-uat.perkeso.gov.my/login' successfully

2018-12-11 15:50:44 - [TEST_STEP][PASSED] - delay: Delayed 5 second(s)

2018-12-11 15:50:49 - [MESSAGE][PASSED] - Delayed 5 second(s)

2018-12-11 15:50:49 - [TEST_STEP][PASSED] - setText: Text 'test@liferay.com' is set on object 'Object Repository/Final Object Repo/Login Page/Internal User/Email Address'

2018-12-11 15:50:49 - [MESSAGE][PASSED] - Text 'test@liferay.com' is set on object 'Object Repository/Final Object Repo/Login Page/Internal User/Email Address'

2018-12-11 15:50:49 - [TEST_STEP][PASSED] - click: Object: 'Object Repository/Final Object Repo/Login Page/Internal User/Next Button' is clicked on

2018-12-11 15:50:50 - [MESSAGE][PASSED] - Object: 'Object Repository/Final Object Repo/Login Page/Internal User/Next Button' is clicked on

2018-12-11 15:50:50 - [TEST_STEP][PASSED] - delay: Delayed 2 second(s)

2018-12-11 15:50:52 - [MESSAGE][PASSED] - Delayed 2 second(s)

2018-12-11 15:50:52 - [TEST_STEP][PASSED] - setText: Text 'test' is set on object 'Object Repository/Final Object Repo/Login Page/Internal User/Password'

2018-12-11 15:50:52 - [MESSAGE][PASSED] - Text 'test' is set on object 'Object Repository/Final Object Repo/Login Page/Internal User/Password'

2018-12-11 15:50:52 - [TEST_STEP][PASSED] - delay: Delayed 2 second(s)

2018-12-11 15:50:54 - [MESSAGE][PASSED] - Delayed 2 second(s)

2018-12-11 15:50:54 - [TEST_STEP][PASSED] - click: Object: 'Object Repository/Final Object Repo/Login Page/Internal User/Login Button' is clicked on

2018-12-11 15:50:54 - [MESSAGE][PASSED] - Object: 'Object Repository/Final Object Repo/Login Page/Internal User/Login Button' is clicked on

2018-12-11 15:50:54 - [TEST_STEP][PASSED] - Statement - tester = com.kms.katalon.core.testobject.ObjectRepository.findTestObject(Final Object Repo/Landing Page/Select to English): Finding Test Object with id 'Object Repository/Final Object Repo/Landing Page/Select to English'

2018-12-11 15:50:54 - [TEST_STEP][PASSED] - Statement - Try: Delayed 2 second(s)

2018-12-11 15:50:54 - [TEST_STEP][PASSED] - Statement - Checker = com.kms.katalon.core.webui.keyword.WebUiBuiltInKeywords.verifyElementNotPresent(tester, 3): Web element with id: 'Object Repository/Final Object Repo/Landing Page/Select to English' located by 'By.xpath: //a[@class = 'taglib-language-list-text' and @lang = 'en-US' and (contains(text(), 'EN') or contains(., 'EN'))]' is not present after '3' second(s)

2018-12-11 15:50:56 - [MESSAGE][PASSED] - Web element with id: 'Object Repository/Final Object Repo/Landing Page/Select to English' located by 'By.xpath: //a[@class = 'taglib-language-list-text' and @lang = 'en-US' and (contains(text(), 'EN') or contains(., 'EN'))]' is not present after '3' second(s)

2018-12-11 15:50:56 - [TEST_STEP][PASSED] - Statement - If (Checker == false): null

2018-12-11 15:50:56 - [TEST_STEP][PASSED] - delay: Delayed 2 second(s)

2018-12-11 15:50:58 - [MESSAGE][PASSED] - Delayed 2 second(s)

2018-12-11 15:50:58 - [TEST_STEP][PASSED] - delay: Delayed 5 second(s)

2018-12-11 15:51:03 - [MESSAGE][PASSED] - Delayed 5 second(s)

2018-12-11 15:51:03 - [TEST_STEP][PASSED] - mouseOver: Object: 'Object Repository/Final Object Repo/Landing Page/WorkFlow Menu' is hovered

2018-12-11 15:51:03 - [MESSAGE][PASSED] - Object: 'Object Repository/Final Object Repo/Landing Page/WorkFlow Menu' is hovered

2018-12-11 15:51:03 - [TEST_STEP][PASSED] - delay: Delayed 2 second(s)

2018-12-11 15:51:05 - [MESSAGE][PASSED] - Delayed 2 second(s)

2018-12-11 15:51:05 - [TEST_STEP][PASSED] - click: Object: 'Object Repository/Final Object Repo/Landing Page/Select to Workflow Listing' is clicked on

2018-12-11 15:51:06 - [MESSAGE][PASSED] - Object: 'Object Repository/Final Object Repo/Landing Page/Select to Workflow Listing' is clicked on

2018-12-11 15:51:06 - [TEST_STEP][PASSED] - delay: Delayed 2 second(s)

2018-12-11 15:51:08 - [MESSAGE][PASSED] - Delayed 2 second(s)

2018-12-11 15:51:08 - [TEST_STEP][PASSED] - click: Object: 'Object Repository/Final Object Repo/WorkFlow Listing Page/Search Information - To Put Ref No' is clicked on

2018-12-11 15:51:08 - [MESSAGE][PASSED] - Object: 'Object Repository/Final Object Repo/WorkFlow Listing Page/Search Information - To Put Ref No' is clicked on

2018-12-11 15:51:08 - [TEST_STEP][PASSED] - delay: Delayed 2 second(s)

2018-12-11 15:51:10 - [MESSAGE][PASSED] - Delayed 2 second(s)

2018-12-11 15:51:10 - [TEST_STEP][PASSED] - callTestCase: Call Test Case 'Test Cases/Final Aug 2018 - PKS Automation/Common/Reference Number Getter' successfully

2018-12-11 15:51:11 - [TEST_CASE][PASSED] - Test Cases/Final Aug 2018 - PKS Automation/Common/Reference Number Getter: Test Cases/Final Aug 2018 - PKS Automation/Common/Reference Number Getter

2018-12-11 15:51:11 - [TEST_STEP][PASSED] - Statement - Try: null

2018-12-11 15:51:11 - [TEST_STEP][PASSED] - Statement - RefNo = new java.io.File(C://Users//Admin//Desktop//PKS//Automation Reference Point//KatalonReference.txt): null

2018-12-11 15:51:11 - [TEST_STEP][PASSED] - Statement - bufferread = new java.io.BufferedReader(new java.io.FileReader(RefNo)): null

2018-12-11 15:51:11 - [TEST_STEP][PASSED] - Statement - readedVal = bufferread.readLine(): null

2018-12-11 15:51:11 - [TEST_STEP][PASSED] - Statement - out.println(CaseReferenceNo): null

2018-12-11 15:51:11 - [TEST_STEP][PASSED] - Statement - out.println(readedVal): null

2018-12-11 15:51:11 - [TEST_STEP][PASSED] - Statement - CaseReferenceNo = "": null

2018-12-11 15:51:11 - [TEST_STEP][PASSED] - Statement - CaseReferenceNo = readedVal: null

2018-12-11 15:51:11 - [MESSAGE][PASSED] - Call Test Case 'Test Cases/Final Aug 2018 - PKS Automation/Common/Reference Number Getter' successfully

2018-12-11 15:51:11 - [TEST_STEP][PASSED] - setText: Text 'CAN12201800002301' is set on object 'Object Repository/Final Object Repo/WorkFlow Listing Page/Ref No Set Text'

2018-12-11 15:51:11 - [MESSAGE][PASSED] - Text 'CAN12201800002301' is set on object 'Object Repository/Final Object Repo/WorkFlow Listing Page/Ref No Set Text'

2018-12-11 15:51:11 - [TEST_STEP][PASSED] - delay: Delayed 2 second(s)

2018-12-11 15:51:13 - [MESSAGE][PASSED] - Delayed 2 second(s)

2018-12-11 15:51:13 - [TEST_STEP][PASSED] - click: Object: 'Object Repository/Final Object Repo/WorkFlow Listing Page/Search Ref No Search Button' is clicked on

2018-12-11 15:51:13 - [MESSAGE][PASSED] - Object: 'Object Repository/Final Object Repo/WorkFlow Listing Page/Search Ref No Search Button' is clicked on

2018-12-11 15:51:13 - [TEST_STEP][PASSED] - delay: Delayed 6 second(s)

2018-12-11 15:51:19 - [MESSAGE][PASSED] - Delayed 6 second(s)

2018-12-11 15:51:19 - [TEST_STEP][PASSED] - click: Object: 'Object Repository/Final Object Repo/WorkFlow Listing Page/Click Continue Tooltip' is clicked on

2018-12-11 15:51:20 - [MESSAGE][PASSED] - Object: 'Object Repository/Final Object Repo/WorkFlow Listing Page/Click Continue Tooltip' is clicked on

2018-12-11 15:51:20 - [TEST_STEP][PASSED] - delay: Delayed 5 second(s)

2018-12-11 15:51:25 - [MESSAGE][PASSED] - Delayed 5 second(s)

2018-12-11 15:51:25 - [TEST_STEP][PASSED] - doubleClick: Object: 'Object Repository/Final Object Repo/WorkFlow Listing Page/Workflow Found - Listing 1' is double clicked on

2018-12-11 15:51:25 - [MESSAGE][PASSED] - Object: 'Object Repository/Final Object Repo/WorkFlow Listing Page/Workflow Found - Listing 1' is double clicked on

2018-12-11 15:51:25 - [TEST_STEP][PASSED] - Statement - println(OwnerID): null

2018-12-11 15:51:25 - [TEST_STEP][PASSED] - Statement - OwnerID = com.kms.katalon.core.webui.keyword.WebUiBuiltInKeywords.getText(com.kms.katalon.core.testobject.ObjectRepository.findTestObject(Final Object Repo/WorkFlow Listing Page/Workflow Found - Listing 1), STOP_ON_FAILURE): Text of object 'Object Repository/Final Object Repo/WorkFlow Listing Page/Workflow Found - Listing 1' is: 'JOHORro2'

2018-12-11 15:51:25 - [MESSAGE][PASSED] - Text of object 'Object Repository/Final Object Repo/WorkFlow Listing Page/Workflow Found - Listing 1' is: 'JOHORro2'

2018-12-11 15:51:25 - [TEST_STEP][PASSED] - Statement - OwnerID = OwnerID.toLowerCase() + "@gmail.com": null

2018-12-11 15:51:25 - [TEST_STEP][PASSED] - Statement - println(OwnerID): null

2018-12-11 15:51:25 - [TEST_STEP][PASSED] - delay: Delayed 2 second(s)

2018-12-11 15:51:27 - [MESSAGE][PASSED] - Delayed 2 second(s)

2018-12-11 15:51:27 - [MESSAGE][PASSED] - Call Test Case 'Test Cases/Final Aug 2018 - PKS Automation/Common/Workflow Owner Finder' successfully

2018-12-11 15:51:27 - [TEST_STEP][PASSED] - callTestCase: Call Test Case 'Test Cases/Final Aug 2018 - PKS Automation/Registration Module/Log Out/log out avoiding katalon tagging' successfully

2018-12-11 15:51:27 - [TEST_CASE][PASSED] - Test Cases/Final Aug 2018 - PKS Automation/Registration Module/Log Out/log out avoiding katalon tagging: Test Cases/Final Aug 2018 - PKS Automation/Registration Module/Log Out/log out avoiding katalon tagging

2018-12-11 15:51:27 - [TEST_STEP][PASSED] - navigateToUrl: Navigate to 'https://assist2-uat.perkeso.gov.my/c/portal/logout' successfully

2018-12-11 15:51:28 - [MESSAGE][PASSED] - Navigate to 'https://assist2-uat.perkeso.gov.my/c/portal/logout' successfully

2018-12-11 15:51:28 - [MESSAGE][PASSED] - Call Test Case 'Test Cases/Final Aug 2018 - PKS Automation/Registration Module/Log Out/log out avoiding katalon tagging' successfully

2018-12-11 15:51:28 - [TEST_STEP][PASSED] - delay: Delayed 2 second(s)

2018-12-11 15:51:30 - [MESSAGE][PASSED] - Delayed 2 second(s)

2018-12-11 15:51:30 - [TEST_STEP][PASSED] - setText: Text 'johorro2@gmail.com' is set on object 'Object Repository/Final Object Repo/Page_Update Add New Employee - ASSIST/Email TextBox'

2018-12-11 15:51:31 - [MESSAGE][PASSED] - Text 'johorro2@gmail.com' is set on object 'Object Repository/Final Object Repo/Page_Update Add New Employee - ASSIST/Email TextBox'

2018-12-11 15:51:31 - [TEST_STEP][PASSED] - click: Object: 'Object Repository/Final Object Repo/Page_Update Add New Employee - ASSIST/Next Button' is clicked on

2018-12-11 15:51:31 - [MESSAGE][PASSED] - Object: 'Object Repository/Final Object Repo/Page_Update Add New Employee - ASSIST/Next Button' is clicked on

2018-12-11 15:51:31 - [TEST_STEP][PASSED] - delay: Delayed 2 second(s)

2018-12-11 15:51:33 - [MESSAGE][PASSED] - Delayed 2 second(s)

2018-12-11 15:51:33 - [TEST_STEP][PASSED] - setText: Text 'Test1@3456789' is set on object 'Object Repository/Final Object Repo/Page_Update Add New Employee - ASSIST/Password TextBox'

2018-12-11 15:51:33 - [MESSAGE][PASSED] - Text 'Test1@3456789' is set on object 'Object Repository/Final Object Repo/Page_Update Add New Employee - ASSIST/Password TextBox'

2018-12-11 15:51:33 - [TEST_STEP][PASSED] - delay: Delayed 2 second(s)

2018-12-11 15:51:35 - [MESSAGE][PASSED] - Delayed 2 second(s)

2018-12-11 15:51:35 - [TEST_STEP][PASSED] - click: Object: 'Object Repository/Final Object Repo/Page_Update Add New Employee - ASSIST/Login Button' is clicked on

2018-12-11 15:51:35 - [MESSAGE][PASSED] - Object: 'Object Repository/Final Object Repo/Page_Update Add New Employee - ASSIST/Login Button' is clicked on

2018-12-11 15:51:35 - [TEST_STEP][PASSED] - delay: Delayed 4 second(s)

2018-12-11 15:51:39 - [MESSAGE][PASSED] - Delayed 4 second(s)

2018-12-11 15:51:39 - [TEST_STEP][PASSED] - Statement - Try: Delayed 2 second(s)

2018-12-11 15:51:39 - [TEST_STEP][PASSED] - Statement - Checker = false: null

2018-12-11 15:51:39 - [TEST_STEP][PASSED] - Statement - Checker = com.kms.katalon.core.webui.keyword.WebUiBuiltInKeywords.verifyElementHasAttribute(com.kms.katalon.core.testobject.ObjectRepository.findTestObject(Final Object Repo/Landing Page/BM Detecting), "href", 20, OPTIONAL): Object 'Object Repository/Final Object Repo/Landing Page/BM Detecting' has attribute 'href'

2018-12-11 15:51:39 - [MESSAGE][PASSED] - Object 'Object Repository/Final Object Repo/Landing Page/BM Detecting' has attribute 'href'

2018-12-11 15:51:39 - [TEST_STEP][PASSED] - Statement - out.println(Checker): null

2018-12-11 15:51:39 - [TEST_STEP][PASSED] - Statement - If (Checker == false): null

2018-12-11 15:51:39 - [TEST_STEP][PASSED] - Statement - Else: null

2018-12-11 15:51:39 - [TEST_STEP][PASSED] - delay: Delayed 2 second(s)

2018-12-11 15:51:41 - [MESSAGE][PASSED] - Delayed 2 second(s)

2018-12-11 15:51:41 - [TEST_STEP][PASSED] - delay: Delayed 4 second(s)

2018-12-11 15:51:45 - [MESSAGE][PASSED] - Delayed 4 second(s)

2018-12-11 15:51:45 - [TEST_STEP][PASSED] - click: Object: 'Object Repository/Final Object Repo/New Registration - Registration Module Pages/New Reg - OTC to RO/Special Case - All Related Objects/Expand to Search' is clicked on

2018-12-11 15:51:46 - [MESSAGE][PASSED] - Object: 'Object Repository/Final Object Repo/New Registration - Registration Module Pages/New Reg - OTC to RO/Special Case - All Related Objects/Expand to Search' is clicked on

2018-12-11 15:51:46 - [TEST_STEP][PASSED] - delay: Delayed 2 second(s)

2018-12-11 15:51:48 - [MESSAGE][PASSED] - Delayed 2 second(s)

2018-12-11 15:51:48 - [TEST_STEP][PASSED] - setText: Text 'CAN12201800002301' is set on object 'Object Repository/Final Object Repo/New Registration - Registration Module Pages/New Reg - OTC to RO/Special Case - All Related Objects/TextBox RefNo in Workbasket'

2018-12-11 15:51:48 - [MESSAGE][PASSED] - Text 'CAN12201800002301' is set on object 'Object Repository/Final Object Repo/New Registration - Registration Module Pages/New Reg - OTC to RO/Special Case - All Related Objects/TextBox RefNo in Workbasket'

2018-12-11 15:51:48 - [TEST_STEP][PASSED] - delay: Delayed 2 second(s)

2018-12-11 15:51:50 - [MESSAGE][PASSED] - Delayed 2 second(s)

2018-12-11 15:51:50 - [TEST_STEP][PASSED] - click: Object: 'Object Repository/Final Object Repo/New Registration - Registration Module Pages/New Reg - OTC to RO/Special Case - All Related Objects/Click Search' is clicked on

2018-12-11 15:51:50 - [MESSAGE][PASSED] - Object: 'Object Repository/Final Object Repo/New Registration - Registration Module Pages/New Reg - OTC to RO/Special Case - All Related Objects/Click Search' is clicked on

2018-12-11 15:51:50 - [TEST_STEP][PASSED] - delay: Delayed 2 second(s)

2018-12-11 15:51:52 - [MESSAGE][PASSED] - Delayed 2 second(s)

2018-12-11 15:51:52 - [TEST_STEP][PASSED] - click: Object: 'Object Repository/Final Object Repo/New Registration - Registration Module Pages/New Reg - OTC to RO/Special Case - All Related Objects/Click to Continue Workflow' is clicked on

2018-12-11 15:51:56 - [MESSAGE][PASSED] - Object: 'Object Repository/Final Object Repo/New Registration - Registration Module Pages/New Reg - OTC to RO/Special Case - All Related Objects/Click to Continue Workflow' is clicked on

2018-12-11 15:51:56 - [TEST_STEP][PASSED] - delay: Delayed 10 second(s)

2018-12-11 15:52:06 - [MESSAGE][PASSED] - Delayed 10 second(s)

2018-12-11 15:52:06 - [TEST_STEP][PASSED] - click: Object: 'Object Repository/Final Object Repo/New Registration - Registration Module Pages/New Reg - OTC to RO/Special Case - All Related Objects/Continue Button in verifying case' is clicked on

2018-12-11 15:52:10 - [MESSAGE][PASSED] - Object: 'Object Repository/Final Object Repo/New Registration - Registration Module Pages/New Reg - OTC to RO/Special Case - All Related Objects/Continue Button in verifying case' is clicked on

2018-12-11 15:52:10 - [TEST_STEP][PASSED] - delay: Delayed 2 second(s)

2018-12-11 15:52:12 - [MESSAGE][PASSED] - Delayed 2 second(s)

2018-12-11 15:52:12 - [TEST_STEP][PASSED] - click: Object: 'Object Repository/Final Object Repo/Page_Update Add New Employee - ASSIST/Save  Continue Button' is clicked on

2018-12-11 15:52:12 - [MESSAGE][PASSED] - Object: 'Object Repository/Final Object Repo/Page_Update Add New Employee - ASSIST/Save  Continue Button' is clicked on

2018-12-11 15:52:12 - [TEST_STEP][PASSED] - delay: Delayed 4 second(s)

2018-12-11 15:52:16 - [MESSAGE][PASSED] - Delayed 4 second(s)

2018-12-11 15:52:16 - [TEST_STEP][PASSED] - click: Object: 'Object Repository/Final Object Repo/Page_Update Add New Employee - ASSIST/Save  Continue Third Screen' is clicked on

2018-12-11 15:52:19 - [MESSAGE][PASSED] - Object: 'Object Repository/Final Object Repo/Page_Update Add New Employee - ASSIST/Save  Continue Third Screen' is clicked on

2018-12-11 15:52:19 - [TEST_STEP][PASSED] - delay: Delayed 4 second(s)

2018-12-11 15:52:23 - [MESSAGE][PASSED] - Delayed 4 second(s)

2018-12-11 15:52:23 - [TEST_STEP][PASSED] - setText: Text 'Query the Case' is set on object 'Object Repository/Final Object Repo/Page_Update Add New Employee - ASSIST/Query Text Input'

2018-12-11 15:52:23 - [MESSAGE][PASSED] - Text 'Query the Case' is set on object 'Object Repository/Final Object Repo/Page_Update Add New Employee - ASSIST/Query Text Input'

2018-12-11 15:52:23 - [TEST_STEP][PASSED] - delay: Delayed 4 second(s)

2018-12-11 15:52:27 - [MESSAGE][PASSED] - Delayed 4 second(s)

2018-12-11 15:52:27 - [TEST_STEP][PASSED] - click: Object: 'Object Repository/Final Object Repo/Page_Update Add New Employee - ASSIST/Save   Continue Supporting Doc Page' is clicked on

2018-12-11 15:52:28 - [MESSAGE][PASSED] - Object: 'Object Repository/Final Object Repo/Page_Update Add New Employee - ASSIST/Save   Continue Supporting Doc Page' is clicked on

2018-12-11 15:52:28 - [TEST_STEP][PASSED] - delay: Delayed 4 second(s)

2018-12-11 15:52:32 - [MESSAGE][PASSED] - Delayed 4 second(s)

2018-12-11 15:52:32 - [TEST_STEP][PASSED] - click: Object: 'Object Repository/Final Object Repo/Page_Update Add New Employee - ASSIST/Query Button' is clicked on

2018-12-11 15:52:32 - [MESSAGE][PASSED] - Object: 'Object Repository/Final Object Repo/Page_Update Add New Employee - ASSIST/Query Button' is clicked on

2018-12-11 15:52:32 - [TEST_STEP][PASSED] - delay: Delayed 4 second(s)

2018-12-11 15:52:36 - [MESSAGE][PASSED] - Delayed 4 second(s)

2018-12-11 15:52:36 - [TEST_STEP][PASSED] - click: Object: 'Object Repository/Final Object Repo/Page_Update Add New Employee - ASSIST/Confirm to Query' is clicked on

2018-12-11 15:52:36 - [MESSAGE][PASSED] - Object: 'Object Repository/Final Object Repo/Page_Update Add New Employee - ASSIST/Confirm to Query' is clicked on

2018-12-11 15:52:36 - [TEST_STEP][PASSED] - delay: Delayed 20 second(s)

2018-12-11 15:52:56 - [MESSAGE][PASSED] - Delayed 20 second(s)

2018-12-11 15:52:56 - [TEST_STEP][PASSED] - callTestCase: Call Test Case 'Test Cases/Final Aug 2018 - PKS Automation/Common/Screenshoting tool' successfully

2018-12-11 15:52:56 - [TEST_CASE][PASSED] - Test Cases/Final Aug 2018 - PKS Automation/Common/Screenshoting tool: Test Cases/Final Aug 2018 - PKS Automation/Common/Screenshoting tool

2018-12-11 15:52:56 - [TEST_STEP][PASSED] - delay: Delayed 15 second(s)

2018-12-11 15:53:11 - [MESSAGE][PASSED] - Delayed 15 second(s)

2018-12-11 15:53:11 - [TEST_STEP][PASSED] - Statement - driver = com.kms.katalon.core.webui.driver.DriverFactory.getWebDriver(): null

2018-12-11 15:53:11 - [TEST_STEP][PASSED] - Statement - driver.manage().timeouts().implicitlyWait(10, SECONDS): null

2018-12-11 15:53:11 - [TEST_STEP][PASSED] - Statement - PresavePath = KatalonScreenshots: null

2018-12-11 15:53:11 - [TEST_STEP][PASSED] - Statement - pathPrefix = "C:\Users\Public\Pictures\Sample Pictures\Katalon Screenshots\Automate Ending Screen": null

2018-12-11 15:53:11 - [TEST_STEP][PASSED] - Statement - finalPath = <not implemented yet for class: org.codehaus.groovy.ast.expr.EmptyExpression>: null

2018-12-11 15:53:11 - [TEST_STEP][PASSED] - Statement - scrFile = driver.getScreenshotAs(FILE): null

2018-12-11 15:53:11 - [TEST_STEP][PASSED] - Statement - PreSaveFile = new java.io.File(PresavePath): null

2018-12-11 15:53:11 - [TEST_STEP][PASSED] - Statement - counter = 0: null

2018-12-11 15:53:11 - [TEST_STEP][PASSED] - Statement - If (PreSaveFile.exists()): null

2018-12-11 15:53:11 - [TEST_STEP][PASSED] - Statement - While (PreSaveFile.exists()): null

2018-12-11 15:53:11 - [TEST_STEP][PASSED] - Statement - counter = counter + 1: null

2018-12-11 15:53:11 - [TEST_STEP][PASSED] - Statement - PreSaveFile = new java.io.File(((pathPrefix + java.lang.Integer.toString(counter)) + .png)): null

2018-12-11 15:53:11 - [TEST_STEP][PASSED] - Statement - counter = counter + 1: null

2018-12-11 15:53:11 - [TEST_STEP][PASSED] - Statement - PreSaveFile = new java.io.File(((pathPrefix + java.lang.Integer.toString(counter)) + .png)): null

2018-12-11 15:53:11 - [TEST_STEP][PASSED] - Statement - counter = counter + 1: null

2018-12-11 15:53:11 - [TEST_STEP][PASSED] - Statement - PreSaveFile = new java.io.File(((pathPrefix + java.lang.Integer.toString(counter)) + .png)): null

2018-12-11 15:53:11 - [TEST_STEP][PASSED] - Statement - counter = counter + 1: null

2018-12-11 15:53:11 - [TEST_STEP][PASSED] - Statement - PreSaveFile = new java.io.File(((pathPrefix + java.lang.Integer.toString(counter)) + .png)): null

2018-12-11 15:53:11 - [TEST_STEP][PASSED] - Statement - counter = counter + 1: null

2018-12-11 15:53:11 - [TEST_STEP][PASSED] - Statement - PreSaveFile = new java.io.File(((pathPrefix + java.lang.Integer.toString(counter)) + .png)): null

2018-12-11 15:53:11 - [TEST_STEP][PASSED] - Statement - counter = counter + 1: null

2018-12-11 15:53:11 - [TEST_STEP][PASSED] - Statement - PreSaveFile = new java.io.File(((pathPrefix + java.lang.Integer.toString(counter)) + .png)): null

2018-12-11 15:53:11 - [TEST_STEP][PASSED] - Statement - counter = counter + 1: null

2018-12-11 15:53:11 - [TEST_STEP][PASSED] - Statement - PreSaveFile = new java.io.File(((pathPrefix + java.lang.Integer.toString(counter)) + .png)): null

2018-12-11 15:53:11 - [TEST_STEP][PASSED] - Statement - counter = counter + 1: null

2018-12-11 15:53:11 - [TEST_STEP][PASSED] - Statement - PreSaveFile = new java.io.File(((pathPrefix + java.lang.Integer.toString(counter)) + .png)): null

2018-12-11 15:53:11 - [TEST_STEP][PASSED] - Statement - counter = counter + 1: null

2018-12-11 15:53:11 - [TEST_STEP][PASSED] - Statement - PreSaveFile = new java.io.File(((pathPrefix + java.lang.Integer.toString(counter)) + .png)): null

2018-12-11 15:53:11 - [TEST_STEP][PASSED] - Statement - counter = counter + 1: null

2018-12-11 15:53:11 - [TEST_STEP][PASSED] - Statement - PreSaveFile = new java.io.File(((pathPrefix + java.lang.Integer.toString(counter)) + .png)): null

2018-12-11 15:53:11 - [TEST_STEP][PASSED] - Statement - counter = counter + 1: null

2018-12-11 15:53:11 - [TEST_STEP][PASSED] - Statement - PreSaveFile = new java.io.File(((pathPrefix + java.lang.Integer.toString(counter)) + .png)): null

2018-12-11 15:53:11 - [TEST_STEP][PASSED] - Statement - counter = counter + 1: null

2018-12-11 15:53:11 - [TEST_STEP][PASSED] - Statement - PreSaveFile = new java.io.File(((pathPrefix + java.lang.Integer.toString(counter)) + .png)): null

2018-12-11 15:53:11 - [TEST_STEP][PASSED] - Statement - counter = counter + 1: null

2018-12-11 15:53:11 - [TEST_STEP][PASSED] - Statement - PreSaveFile = new java.io.File(((pathPrefix + java.lang.Integer.toString(counter)) + .png)): null

2018-12-11 15:53:11 - [TEST_STEP][PASSED] - Statement - counter = counter + 1: null

2018-12-11 15:53:11 - [TEST_STEP][PASSED] - Statement - PreSaveFile = new java.io.File(((pathPrefix + java.lang.Integer.toString(counter)) + .png)): null

2018-12-11 15:53:11 - [TEST_STEP][PASSED] - Statement - counter = counter + 1: null

2018-12-11 15:53:11 - [TEST_STEP][PASSED] - Statement - PreSaveFile = new java.io.File(((pathPrefix + java.lang.Integer.toString(counter)) + .png)): null

2018-12-11 15:53:11 - [TEST_STEP][PASSED] - Statement - counter = counter + 1: null

2018-12-11 15:53:11 - [TEST_STEP][PASSED] - Statement - PreSaveFile = new java.io.File(((pathPrefix + java.lang.Integer.toString(counter)) + .png)): null

2018-12-11 15:53:11 - [TEST_STEP][PASSED] - Statement - counter = counter + 1: null

2018-12-11 15:53:11 - [TEST_STEP][PASSED] - Statement - PreSaveFile = new java.io.File(((pathPrefix + java.lang.Integer.toString(counter)) + .png)): null

2018-12-11 15:53:11 - [TEST_STEP][PASSED] - Statement - counter = counter + 1: null

2018-12-11 15:53:11 - [TEST_STEP][PASSED] - Statement - PreSaveFile = new java.io.File(((pathPrefix + java.lang.Integer.toString(counter)) + .png)): null

2018-12-11 15:53:11 - [TEST_STEP][PASSED] - Statement - counter = counter + 1: null

2018-12-11 15:53:11 - [TEST_STEP][PASSED] - Statement - PreSaveFile = new java.io.File(((pathPrefix + java.lang.Integer.toString(counter)) + .png)): null

2018-12-11 15:53:11 - [TEST_STEP][PASSED] - Statement - counter = counter + 1: null

2018-12-11 15:53:11 - [TEST_STEP][PASSED] - Statement - PreSaveFile = new java.io.File(((pathPrefix + java.lang.Integer.toString(counter)) + .png)): null

2018-12-11 15:53:11 - [TEST_STEP][PASSED] - Statement - counter = counter + 1: null

2018-12-11 15:53:11 - [TEST_STEP][PASSED] - Statement - PreSaveFile = new java.io.File(((pathPrefix + java.lang.Integer.toString(counter)) + .png)): null

2018-12-11 15:53:11 - [TEST_STEP][PASSED] - Statement - counter = counter + 1: null

2018-12-11 15:53:11 - [TEST_STEP][PASSED] - Statement - PreSaveFile = new java.io.File(((pathPrefix + java.lang.Integer.toString(counter)) + .png)): null

2018-12-11 15:53:11 - [TEST_STEP][PASSED] - Statement - counter = counter + 1: null

2018-12-11 15:53:11 - [TEST_STEP][PASSED] - Statement - PreSaveFile = new java.io.File(((pathPrefix + java.lang.Integer.toString(counter)) + .png)): null

2018-12-11 15:53:11 - [TEST_STEP][PASSED] - Statement - counter = counter + 1: null

2018-12-11 15:53:11 - [TEST_STEP][PASSED] - Statement - PreSaveFile = new java.io.File(((pathPrefix + java.lang.Integer.toString(counter)) + .png)): null

2018-12-11 15:53:11 - [TEST_STEP][PASSED] - Statement - counter = counter + 1: null

2018-12-11 15:53:11 - [TEST_STEP][PASSED] - Statement - PreSaveFile = new java.io.File(((pathPrefix + java.lang.Integer.toString(counter)) + .png)): null

2018-12-11 15:53:11 - [TEST_STEP][PASSED] - Statement - counter = counter + 1: null

2018-12-11 15:53:11 - [TEST_STEP][PASSED] - Statement - PreSaveFile = new java.io.File(((pathPrefix + java.lang.Integer.toString(counter)) + .png)): null

2018-12-11 15:53:11 - [TEST_STEP][PASSED] - Statement - counter = counter + 1: null

2018-12-11 15:53:11 - [TEST_STEP][PASSED] - Statement - PreSaveFile = new java.io.File(((pathPrefix + java.lang.Integer.toString(counter)) + .png)): null

2018-12-11 15:53:11 - [TEST_STEP][PASSED] - Statement - counter = counter + 1: null

2018-12-11 15:53:11 - [TEST_STEP][PASSED] - Statement - PreSaveFile = new java.io.File(((pathPrefix + java.lang.Integer.toString(counter)) + .png)): null

2018-12-11 15:53:11 - [TEST_STEP][PASSED] - Statement - counter = counter + 1: null

2018-12-11 15:53:11 - [TEST_STEP][PASSED] - Statement - PreSaveFile = new java.io.File(((pathPrefix + java.lang.Integer.toString(counter)) + .png)): null

2018-12-11 15:53:11 - [TEST_STEP][PASSED] - Statement - counter = counter + 1: null

2018-12-11 15:53:11 - [TEST_STEP][PASSED] - Statement - PreSaveFile = new java.io.File(((pathPrefix + java.lang.Integer.toString(counter)) + .png)): null

2018-12-11 15:53:11 - [TEST_STEP][PASSED] - Statement - counter = counter + 1: null

2018-12-11 15:53:12 - [TEST_STEP][PASSED] - Statement - PreSaveFile = new java.io.File(((pathPrefix + java.lang.Integer.toString(counter)) + .png)): null

2018-12-11 15:53:12 - [TEST_STEP][PASSED] - Statement - counter = counter + 1: null

2018-12-11 15:53:12 - [TEST_STEP][PASSED] - Statement - PreSaveFile = new java.io.File(((pathPrefix + java.lang.Integer.toString(counter)) + .png)): null

2018-12-11 15:53:12 - [TEST_STEP][PASSED] - Statement - counter = counter + 1: null

2018-12-11 15:53:12 - [TEST_STEP][PASSED] - Statement - PreSaveFile = new java.io.File(((pathPrefix + java.lang.Integer.toString(counter)) + .png)): null

2018-12-11 15:53:12 - [TEST_STEP][PASSED] - Statement - counter = counter + 1: null

2018-12-11 15:53:12 - [TEST_STEP][PASSED] - Statement - PreSaveFile = new java.io.File(((pathPrefix + java.lang.Integer.toString(counter)) + .png)): null

2018-12-11 15:53:12 - [TEST_STEP][PASSED] - Statement - counter = counter + 1: null

2018-12-11 15:53:12 - [TEST_STEP][PASSED] - Statement - PreSaveFile = new java.io.File(((pathPrefix + java.lang.Integer.toString(counter)) + .png)): null

2018-12-11 15:53:12 - [TEST_STEP][PASSED] - Statement - counter = counter + 1: null

2018-12-11 15:53:12 - [TEST_STEP][PASSED] - Statement - PreSaveFile = new java.io.File(((pathPrefix + java.lang.Integer.toString(counter)) + .png)): null

2018-12-11 15:53:12 - [TEST_STEP][PASSED] - Statement - counter = counter + 1: null

2018-12-11 15:53:12 - [TEST_STEP][PASSED] - Statement - PreSaveFile = new java.io.File(((pathPrefix + java.lang.Integer.toString(counter)) + .png)): null

2018-12-11 15:53:12 - [TEST_STEP][PASSED] - Statement - counter = counter + 1: null

2018-12-11 15:53:12 - [TEST_STEP][PASSED] - Statement - PreSaveFile = new java.io.File(((pathPrefix + java.lang.Integer.toString(counter)) + .png)): null

2018-12-11 15:53:12 - [TEST_STEP][PASSED] - Statement - counter = counter + 1: null

2018-12-11 15:53:12 - [TEST_STEP][PASSED] - Statement - PreSaveFile = new java.io.File(((pathPrefix + java.lang.Integer.toString(counter)) + .png)): null

2018-12-11 15:53:12 - [TEST_STEP][PASSED] - Statement - counter = counter + 1: null

2018-12-11 15:53:12 - [TEST_STEP][PASSED] - Statement - PreSaveFile = new java.io.File(((pathPrefix + java.lang.Integer.toString(counter)) + .png)): null

2018-12-11 15:53:12 - [TEST_STEP][PASSED] - Statement - counter = counter + 1: null

2018-12-11 15:53:12 - [TEST_STEP][PASSED] - Statement - PreSaveFile = new java.io.File(((pathPrefix + java.lang.Integer.toString(counter)) + .png)): null

2018-12-11 15:53:12 - [TEST_STEP][PASSED] - Statement - counter = counter + 1: null

2018-12-11 15:53:12 - [TEST_STEP][PASSED] - Statement - PreSaveFile = new java.io.File(((pathPrefix + java.lang.Integer.toString(counter)) + .png)): null

2018-12-11 15:53:12 - [TEST_STEP][PASSED] - Statement - counter = counter + 1: null

2018-12-11 15:53:12 - [TEST_STEP][PASSED] - Statement - PreSaveFile = new java.io.File(((pathPrefix + java.lang.Integer.toString(counter)) + .png)): null

2018-12-11 15:53:12 - [TEST_STEP][PASSED] - Statement - counter = counter + 1: null

2018-12-11 15:53:12 - [TEST_STEP][PASSED] - Statement - PreSaveFile = new java.io.File(((pathPrefix + java.lang.Integer.toString(counter)) + .png)): null

2018-12-11 15:53:12 - [TEST_STEP][PASSED] - Statement - counter = counter + 1: null

2018-12-11 15:53:12 - [TEST_STEP][PASSED] - Statement - PreSaveFile = new java.io.File(((pathPrefix + java.lang.Integer.toString(counter)) + .png)): null

2018-12-11 15:53:12 - [TEST_STEP][PASSED] - Statement - counter = counter + 1: null

2018-12-11 15:53:12 - [TEST_STEP][PASSED] - Statement - PreSaveFile = new java.io.File(((pathPrefix + java.lang.Integer.toString(counter)) + .png)): null

2018-12-11 15:53:12 - [TEST_STEP][PASSED] - Statement - counter = counter + 1: null

2018-12-11 15:53:12 - [TEST_STEP][PASSED] - Statement - PreSaveFile = new java.io.File(((pathPrefix + java.lang.Integer.toString(counter)) + .png)): null

2018-12-11 15:53:12 - [TEST_STEP][PASSED] - Statement - counter = counter + 1: null

2018-12-11 15:53:12 - [TEST_STEP][PASSED] - Statement - PreSaveFile = new java.io.File(((pathPrefix + java.lang.Integer.toString(counter)) + .png)): null

2018-12-11 15:53:12 - [TEST_STEP][PASSED] - Statement - counter = counter + 1: null

2018-12-11 15:53:12 - [TEST_STEP][PASSED] - Statement - PreSaveFile = new java.io.File(((pathPrefix + java.lang.Integer.toString(counter)) + .png)): null

2018-12-11 15:53:12 - [TEST_STEP][PASSED] - Statement - counter = counter + 1: null

2018-12-11 15:53:12 - [TEST_STEP][PASSED] - Statement - PreSaveFile = new java.io.File(((pathPrefix + java.lang.Integer.toString(counter)) + .png)): null

2018-12-11 15:53:12 - [TEST_STEP][PASSED] - Statement - counter = counter + 1: null

2018-12-11 15:53:12 - [TEST_STEP][PASSED] - Statement - PreSaveFile = new java.io.File(((pathPrefix + java.lang.Integer.toString(counter)) + .png)): null

2018-12-11 15:53:12 - [TEST_STEP][PASSED] - Statement - counter = counter + 1: null

2018-12-11 15:53:12 - [TEST_STEP][PASSED] - Statement - PreSaveFile = new java.io.File(((pathPrefix + java.lang.Integer.toString(counter)) + .png)): null

2018-12-11 15:53:12 - [TEST_STEP][PASSED] - Statement - counter = counter + 1: null

2018-12-11 15:53:12 - [TEST_STEP][PASSED] - Statement - PreSaveFile = new java.io.File(((pathPrefix + java.lang.Integer.toString(counter)) + .png)): null

2018-12-11 15:53:12 - [TEST_STEP][PASSED] - Statement - counter = counter + 1: null

2018-12-11 15:53:12 - [TEST_STEP][PASSED] - Statement - PreSaveFile = new java.io.File(((pathPrefix + java.lang.Integer.toString(counter)) + .png)): null

2018-12-11 15:53:12 - [TEST_STEP][PASSED] - Statement - counter = counter + 1: null

2018-12-11 15:53:12 - [TEST_STEP][PASSED] - Statement - PreSaveFile = new java.io.File(((pathPrefix + java.lang.Integer.toString(counter)) + .png)): null

2018-12-11 15:53:12 - [TEST_STEP][PASSED] - Statement - counter = counter + 1: null

2018-12-11 15:53:12 - [TEST_STEP][PASSED] - Statement - PreSaveFile = new java.io.File(((pathPrefix + java.lang.Integer.toString(counter)) + .png)): null

2018-12-11 15:53:12 - [TEST_STEP][PASSED] - Statement - counter = counter + 1: null

2018-12-11 15:53:12 - [TEST_STEP][PASSED] - Statement - PreSaveFile = new java.io.File(((pathPrefix + java.lang.Integer.toString(counter)) + .png)): null

2018-12-11 15:53:12 - [TEST_STEP][PASSED] - Statement - counter = counter + 1: null

2018-12-11 15:53:12 - [TEST_STEP][PASSED] - Statement - PreSaveFile = new java.io.File(((pathPrefix + java.lang.Integer.toString(counter)) + .png)): null

2018-12-11 15:53:12 - [TEST_STEP][PASSED] - Statement - counter = counter + 1: null

2018-12-11 15:53:12 - [TEST_STEP][PASSED] - Statement - PreSaveFile = new java.io.File(((pathPrefix + java.lang.Integer.toString(counter)) + .png)): null

2018-12-11 15:53:12 - [TEST_STEP][PASSED] - Statement - counter = counter + 1: null

2018-12-11 15:53:12 - [TEST_STEP][PASSED] - Statement - PreSaveFile = new java.io.File(((pathPrefix + java.lang.Integer.toString(counter)) + .png)): null

2018-12-11 15:53:12 - [TEST_STEP][PASSED] - Statement - counter = counter + 1: null

2018-12-11 15:53:12 - [TEST_STEP][PASSED] - Statement - PreSaveFile = new java.io.File(((pathPrefix + java.lang.Integer.toString(counter)) + .png)): null

2018-12-11 15:53:12 - [TEST_STEP][PASSED] - Statement - counter = counter + 1: null

2018-12-11 15:53:12 - [TEST_STEP][PASSED] - Statement - PreSaveFile = new java.io.File(((pathPrefix + java.lang.Integer.toString(counter)) + .png)): null

2018-12-11 15:53:12 - [TEST_STEP][PASSED] - Statement - counter = counter + 1: null

2018-12-11 15:53:12 - [TEST_STEP][PASSED] - Statement - PreSaveFile = new java.io.File(((pathPrefix + java.lang.Integer.toString(counter)) + .png)): null

2018-12-11 15:53:12 - [TEST_STEP][PASSED] - Statement - counter = counter + 1: null

2018-12-11 15:53:12 - [TEST_STEP][PASSED] - Statement - PreSaveFile = new java.io.File(((pathPrefix + java.lang.Integer.toString(counter)) + .png)): null

2018-12-11 15:53:12 - [TEST_STEP][PASSED] - Statement - counter = counter + 1: null

2018-12-11 15:53:12 - [TEST_STEP][PASSED] - Statement - PreSaveFile = new java.io.File(((pathPrefix + java.lang.Integer.toString(counter)) + .png)): null

2018-12-11 15:53:12 - [TEST_STEP][PASSED] - Statement - counter = counter + 1: null

2018-12-11 15:53:12 - [TEST_STEP][PASSED] - Statement - PreSaveFile = new java.io.File(((pathPrefix + java.lang.Integer.toString(counter)) + .png)): null

2018-12-11 15:53:12 - [TEST_STEP][PASSED] - Statement - counter = counter + 1: null

2018-12-11 15:53:12 - [TEST_STEP][PASSED] - Statement - PreSaveFile = new java.io.File(((pathPrefix + java.lang.Integer.toString(counter)) + .png)): null

2018-12-11 15:53:12 - [TEST_STEP][PASSED] - Statement - counter = counter + 1: null

2018-12-11 15:53:12 - [TEST_STEP][PASSED] - Statement - PreSaveFile = new java.io.File(((pathPrefix + java.lang.Integer.toString(counter)) + .png)): null

2018-12-11 15:53:12 - [TEST_STEP][PASSED] - Statement - counter = counter + 1: null

2018-12-11 15:53:12 - [TEST_STEP][PASSED] - Statement - PreSaveFile = new java.io.File(((pathPrefix + java.lang.Integer.toString(counter)) + .png)): null

2018-12-11 15:53:12 - [TEST_STEP][PASSED] - Statement - counter = counter + 1: null

2018-12-11 15:53:12 - [TEST_STEP][PASSED] - Statement - PreSaveFile = new java.io.File(((pathPrefix + java.lang.Integer.toString(counter)) + .png)): null

2018-12-11 15:53:12 - [TEST_STEP][PASSED] - Statement - counter = counter + 1: null

2018-12-11 15:53:12 - [TEST_STEP][PASSED] - Statement - PreSaveFile = new java.io.File(((pathPrefix + java.lang.Integer.toString(counter)) + .png)): null

2018-12-11 15:53:12 - [TEST_STEP][PASSED] - Statement - counter = counter + 1: null

2018-12-11 15:53:12 - [TEST_STEP][PASSED] - Statement - PreSaveFile = new java.io.File(((pathPrefix + java.lang.Integer.toString(counter)) + .png)): null

2018-12-11 15:53:12 - [TEST_STEP][PASSED] - Statement - counter = counter + 1: null

2018-12-11 15:53:12 - [TEST_STEP][PASSED] - Statement - PreSaveFile = new java.io.File(((pathPrefix + java.lang.Integer.toString(counter)) + .png)): null

2018-12-11 15:53:12 - [TEST_STEP][PASSED] - Statement - counter = counter + 1: null

2018-12-11 15:53:12 - [TEST_STEP][PASSED] - Statement - PreSaveFile = new java.io.File(((pathPrefix + java.lang.Integer.toString(counter)) + .png)): null

2018-12-11 15:53:12 - [TEST_STEP][PASSED] - Statement - counter = counter + 1: null

2018-12-11 15:53:12 - [TEST_STEP][PASSED] - Statement - PreSaveFile = new java.io.File(((pathPrefix + java.lang.Integer.toString(counter)) + .png)): null

2018-12-11 15:53:12 - [TEST_STEP][PASSED] - Statement - finalPath = pathPrefix + java.lang.Integer.toString(counter) + ".png": null

2018-12-11 15:53:12 - [TEST_STEP][PASSED] - Statement - SaveFile = new java.io.File(finalPath): null

2018-12-11 15:53:12 - [TEST_STEP][PASSED] - Statement - Try: null

2018-12-11 15:53:12 - [TEST_STEP][PASSED] - Statement - org.apache.commons.io.FileUtils.copyFile(scrFile, SaveFile): null

2018-12-11 15:53:12 - [TEST_STEP][PASSED] - Statement - out.println("file kept"): null

2018-12-11 15:53:12 - [TEST_STEP][PASSED] - delay: Delayed 10 second(s)

2018-12-11 15:53:22 - [MESSAGE][PASSED] - Delayed 10 second(s)

2018-12-11 15:53:22 - [MESSAGE][PASSED] - Call Test Case 'Test Cases/Final Aug 2018 - PKS Automation/Common/Screenshoting tool' successfully

2018-12-11 15:53:22 - [TEST_STEP][PASSED] - callTestCase: Call Test Case 'Test Cases/Final Aug 2018 - PKS Automation/Registration Module/Log Out/log out avoiding katalon tagging' successfully

2018-12-11 15:53:22 - [TEST_CASE][PASSED] - Test Cases/Final Aug 2018 - PKS Automation/Registration Module/Log Out/log out avoiding katalon tagging: Test Cases/Final Aug 2018 - PKS Automation/Registration Module/Log Out/log out avoiding katalon tagging

2018-12-11 15:53:22 - [TEST_STEP][PASSED] - navigateToUrl: Navigate to 'https://assist2-uat.perkeso.gov.my/c/portal/logout' successfully

2018-12-11 15:53:22 - [MESSAGE][PASSED] - Navigate to 'https://assist2-uat.perkeso.gov.my/c/portal/logout' successfully

2018-12-11 15:53:22 - [MESSAGE][PASSED] - Call Test Case 'Test Cases/Final Aug 2018 - PKS Automation/Registration Module/Log Out/log out avoiding katalon tagging' successfully

2018-12-11 15:53:22 - [TEST_STEP][PASSED] - delay: Delayed 4 second(s)

2018-12-11 15:53:26 - [MESSAGE][PASSED] - Delayed 4 second(s)

2018-12-11 15:53:26 - [TEST_STEP][PASSED] - setText: Text 'klpkrbo2@gmail.com' is set on object 'Object Repository/Final Object Repo/Login Page/Internal User/Email Address'

2018-12-11 15:53:27 - [MESSAGE][PASSED] - Text 'klpkrbo2@gmail.com' is set on object 'Object Repository/Final Object Repo/Login Page/Internal User/Email Address'

2018-12-11 15:53:27 - [TEST_STEP][PASSED] - click: Object: 'Object Repository/Final Object Repo/Login Page/Internal User/Next Button' is clicked on

2018-12-11 15:53:27 - [MESSAGE][PASSED] - Object: 'Object Repository/Final Object Repo/Login Page/Internal User/Next Button' is clicked on

2018-12-11 15:53:27 - [TEST_STEP][PASSED] - delay: Delayed 2 second(s)

2018-12-11 15:53:29 - [MESSAGE][PASSED] - Delayed 2 second(s)

2018-12-11 15:53:29 - [TEST_STEP][PASSED] - setText: Text 'Test1@3456789' is set on object 'Object Repository/Final Object Repo/Login Page/Internal User/Password'

2018-12-11 15:53:29 - [MESSAGE][PASSED] - Text 'Test1@3456789' is set on object 'Object Repository/Final Object Repo/Login Page/Internal User/Password'

2018-12-11 15:53:29 - [TEST_STEP][PASSED] - delay: Delayed 2 second(s)

2018-12-11 15:53:31 - [MESSAGE][PASSED] - Delayed 2 second(s)

2018-12-11 15:53:31 - [TEST_STEP][PASSED] - click: Object: 'Object Repository/Final Object Repo/Login Page/Internal User/Login Button' is clicked on

2018-12-11 15:53:31 - [MESSAGE][PASSED] - Object: 'Object Repository/Final Object Repo/Login Page/Internal User/Login Button' is clicked on

2018-12-11 15:53:31 - [TEST_STEP][PASSED] - delay: Delayed 4 second(s)

2018-12-11 15:53:35 - [MESSAGE][PASSED] - Delayed 4 second(s)

2018-12-11 15:53:35 - [TEST_STEP][PASSED] - Statement - Try: Delayed 2 second(s)

2018-12-11 15:53:35 - [TEST_STEP][PASSED] - Statement - Checker = false: null

2018-12-11 15:53:35 - [TEST_STEP][PASSED] - Statement - Checker = com.kms.katalon.core.webui.keyword.WebUiBuiltInKeywords.verifyElementHasAttribute(com.kms.katalon.core.testobject.ObjectRepository.findTestObject(Final Object Repo/Landing Page/BM Detecting), "href", 20, OPTIONAL): Object 'Object Repository/Final Object Repo/Landing Page/BM Detecting' has attribute 'href'

2018-12-11 15:53:35 - [MESSAGE][PASSED] - Object 'Object Repository/Final Object Repo/Landing Page/BM Detecting' has attribute 'href'

2018-12-11 15:53:35 - [TEST_STEP][PASSED] - Statement - out.println(Checker): null

2018-12-11 15:53:35 - [TEST_STEP][PASSED] - Statement - If (Checker == false): null

2018-12-11 15:53:35 - [TEST_STEP][PASSED] - Statement - Else: null

2018-12-11 15:53:35 - [TEST_STEP][PASSED] - delay: Delayed 2 second(s)

2018-12-11 15:53:37 - [MESSAGE][PASSED] - Delayed 2 second(s)

2018-12-11 15:53:37 - [TEST_STEP][PASSED] - delay: Delayed 4 second(s)

2018-12-11 15:53:41 - [MESSAGE][PASSED] - Delayed 4 second(s)

2018-12-11 15:53:41 - [TEST_STEP][PASSED] - click: Object: 'Object Repository/Final Object Repo/Landing Page/My Sites Drop Down' is clicked on

2018-12-11 15:53:42 - [MESSAGE][PASSED] - Object: 'Object Repository/Final Object Repo/Landing Page/My Sites Drop Down' is clicked on

2018-12-11 15:53:42 - [TEST_STEP][PASSED] - click: Object: 'Object Repository/Final Object Repo/Landing Page/Select to Registration Module' is clicked on

2018-12-11 15:53:43 - [MESSAGE][PASSED] - Object: 'Object Repository/Final Object Repo/Landing Page/Select to Registration Module' is clicked on

2018-12-11 15:53:43 - [TEST_STEP][PASSED] - delay: Delayed 2 second(s)

2018-12-11 15:53:45 - [MESSAGE][PASSED] - Delayed 2 second(s)

2018-12-11 15:53:45 - [TEST_STEP][PASSED] - mouseOver: Object: 'Object Repository/Final Object Repo/Page_Update Add New Employee - ASSIST/Hover Over Search Drop Down' is hovered

2018-12-11 15:53:45 - [MESSAGE][PASSED] - Object: 'Object Repository/Final Object Repo/Page_Update Add New Employee - ASSIST/Hover Over Search Drop Down' is hovered

2018-12-11 15:53:45 - [TEST_STEP][PASSED] - click: Object: 'Object Repository/Final Object Repo/Page_Update Add New Employee - ASSIST/Select Search Pending Case' is clicked on

2018-12-11 15:53:46 - [MESSAGE][PASSED] - Object: 'Object Repository/Final Object Repo/Page_Update Add New Employee - ASSIST/Select Search Pending Case' is clicked on

2018-12-11 15:53:46 - [TEST_STEP][PASSED] - click: Object: 'Object Repository/Final Object Repo/Page_Update Add New Employee - ASSIST/Select Searching Method (Employer Code)' is clicked on

2018-12-11 15:53:46 - [MESSAGE][PASSED] - Object: 'Object Repository/Final Object Repo/Page_Update Add New Employee - ASSIST/Select Searching Method (Employer Code)' is clicked on

2018-12-11 15:53:46 - [TEST_STEP][PASSED] - click: Object: 'Object Repository/Final Object Repo/Page_Update Add New Employee - ASSIST/Select Searching Method to Reference ID' is clicked on

2018-12-11 15:53:46 - [MESSAGE][PASSED] - Object: 'Object Repository/Final Object Repo/Page_Update Add New Employee - ASSIST/Select Searching Method to Reference ID' is clicked on

2018-12-11 15:53:46 - [TEST_STEP][PASSED] - setText: Text 'CAN12201800002301' is set on object 'Object Repository/Final Object Repo/Page_Update Add New Employee - ASSIST/Pending Case Ref NO'

2018-12-11 15:53:46 - [MESSAGE][PASSED] - Text 'CAN12201800002301' is set on object 'Object Repository/Final Object Repo/Page_Update Add New Employee - ASSIST/Pending Case Ref NO'

2018-12-11 15:53:46 - [TEST_STEP][PASSED] - click: Object: 'Object Repository/Final Object Repo/Page_Update Add New Employee - ASSIST/Search Pending Case Based on Ref No' is clicked on

2018-12-11 15:53:46 - [MESSAGE][PASSED] - Object: 'Object Repository/Final Object Repo/Page_Update Add New Employee - ASSIST/Search Pending Case Based on Ref No' is clicked on

2018-12-11 15:53:46 - [TEST_STEP][PASSED] - click: Object: 'Object Repository/Final Object Repo/Page_Update Add New Employee - ASSIST/Action Button after found case' is clicked on

2018-12-11 15:53:51 - [MESSAGE][PASSED] - Object: 'Object Repository/Final Object Repo/Page_Update Add New Employee - ASSIST/Action Button after found case' is clicked on

2018-12-11 15:53:51 - [TEST_STEP][PASSED] - click: Object: 'Object Repository/Final Object Repo/Page_Update Add New Employee - ASSIST/Next Button in Pending Case First Page' is clicked on

2018-12-11 15:53:52 - [MESSAGE][PASSED] - Object: 'Object Repository/Final Object Repo/Page_Update Add New Employee - ASSIST/Next Button in Pending Case First Page' is clicked on

2018-12-11 15:53:52 - [TEST_STEP][PASSED] - click: Object: 'Object Repository/Final Object Repo/Page_Update Add New Employee - ASSIST/Next Button in Third Screen' is clicked on

2018-12-11 15:53:56 - [MESSAGE][PASSED] - Object: 'Object Repository/Final Object Repo/Page_Update Add New Employee - ASSIST/Next Button in Third Screen' is clicked on

2018-12-11 15:53:56 - [TEST_STEP][PASSED] - click: Object: 'Object Repository/Final Object Repo/Page_Update Add New Employee - ASSIST/Add Document for Pending Case' is clicked on

2018-12-11 15:53:56 - [MESSAGE][PASSED] - Object: 'Object Repository/Final Object Repo/Page_Update Add New Employee - ASSIST/Add Document for Pending Case' is clicked on

2018-12-11 15:53:56 - [TEST_STEP][PASSED] - delay: Delayed 10 second(s)

2018-12-11 15:54:06 - [MESSAGE][PASSED] - Delayed 10 second(s)

2018-12-11 15:54:06 - [TEST_STEP][PASSED] - click: Object: 'Object Repository/Final Object Repo/Page_Update Add New Employee - ASSIST/Upload Pending Doc - Please Select' is clicked on

2018-12-11 15:54:06 - [MESSAGE][PASSED] - Object: 'Object Repository/Final Object Repo/Page_Update Add New Employee - ASSIST/Upload Pending Doc - Please Select' is clicked on

2018-12-11 15:54:06 - [TEST_STEP][PASSED] - click: Object: 'Object Repository/Final Object Repo/Page_Update Add New Employee - ASSIST/Select to Others to Upload' is clicked on

2018-12-11 15:54:06 - [MESSAGE][PASSED] - Object: 'Object Repository/Final Object Repo/Page_Update Add New Employee - ASSIST/Select to Others to Upload' is clicked on

2018-12-11 15:54:06 - [TEST_STEP][PASSED] - uploadFile: File 'C:\Users\Public\Pictures\Sample Pictures\Koala.jpg' sent to object: 'Object Repository/Final Object Repo/Page_Update Add New Employee - ASSIST/Uploading Pending Case Action'

2018-12-11 15:54:06 - [MESSAGE][PASSED] - File 'C:\Users\Public\Pictures\Sample Pictures\Koala.jpg' sent to object: 'Object Repository/Final Object Repo/Page_Update Add New Employee - ASSIST/Uploading Pending Case Action'

2018-12-11 15:54:06 - [TEST_STEP][PASSED] - click: Object: 'Object Repository/Final Object Repo/Page_Update Add New Employee - ASSIST/Inner form Add Document Button Pending Case' is clicked on

2018-12-11 15:54:06 - [MESSAGE][PASSED] - Object: 'Object Repository/Final Object Repo/Page_Update Add New Employee - ASSIST/Inner form Add Document Button Pending Case' is clicked on

2018-12-11 15:54:06 - [TEST_STEP][PASSED] - delay: Delayed 2 second(s)

2018-12-11 15:54:08 - [MESSAGE][PASSED] - Delayed 2 second(s)

2018-12-11 15:54:08 - [TEST_STEP][PASSED] - click: Object: 'Object Repository/Final Object Repo/Page_Update Add New Employee - ASSIST/Pending Case Exit' is clicked on

2018-12-11 15:54:11 - [MESSAGE][PASSED] - Object: 'Object Repository/Final Object Repo/Page_Update Add New Employee - ASSIST/Pending Case Exit' is clicked on

2018-12-11 15:54:11 - [TEST_STEP][PASSED] - callTestCase: Call Test Case 'Test Cases/Final Aug 2018 - PKS Automation/Registration Module/Log Out/log out avoiding katalon tagging' successfully

2018-12-11 15:54:11 - [TEST_CASE][PASSED] - Test Cases/Final Aug 2018 - PKS Automation/Registration Module/Log Out/log out avoiding katalon tagging: Test Cases/Final Aug 2018 - PKS Automation/Registration Module/Log Out/log out avoiding katalon tagging

2018-12-11 15:54:11 - [TEST_STEP][PASSED] - navigateToUrl: Navigate to 'https://assist2-uat.perkeso.gov.my/c/portal/logout' successfully

2018-12-11 15:54:12 - [MESSAGE][PASSED] - Navigate to 'https://assist2-uat.perkeso.gov.my/c/portal/logout' successfully

2018-12-11 15:54:12 - [MESSAGE][PASSED] - Call Test Case 'Test Cases/Final Aug 2018 - PKS Automation/Registration Module/Log Out/log out avoiding katalon tagging' successfully

2018-12-11 15:54:12 - [TEST_STEP][PASSED] - callTestCase: Call Test Case 'Test Cases/Final Aug 2018 - PKS Automation/Common/Workflow Owner Finder' successfully

2018-12-11 15:54:12 - [TEST_CASE][PASSED] - Test Cases/Final Aug 2018 - PKS Automation/Common/Workflow Owner Finder: Test Cases/Final Aug 2018 - PKS Automation/Common/Workflow Owner Finder

2018-12-11 15:54:12 - [TEST_STEP][PASSED] - openBrowser: Browser is opened with url: ''

2018-12-11 15:54:12 - [MESSAGE][WARNING] - A browser is already opened. Closing browser and opening a new one

2018-12-11 15:54:16 - [MESSAGE][PASSED] - Browser is opened with url: ''

2018-12-11 15:54:16 - [TEST_STEP][PASSED] - navigateToUrl: Navigate to 'https://assist2-uat.perkeso.gov.my/login' successfully

2018-12-11 15:54:17 - [MESSAGE][PASSED] - Navigate to 'https://assist2-uat.perkeso.gov.my/login' successfully

2018-12-11 15:54:17 - [TEST_STEP][PASSED] - delay: Delayed 5 second(s)

2018-12-11 15:54:22 - [MESSAGE][PASSED] - Delayed 5 second(s)

2018-12-11 15:54:22 - [TEST_STEP][PASSED] - setText: Text 'test@liferay.com' is set on object 'Object Repository/Final Object Repo/Login Page/Internal User/Email Address'

2018-12-11 15:54:23 - [MESSAGE][PASSED] - Text 'test@liferay.com' is set on object 'Object Repository/Final Object Repo/Login Page/Internal User/Email Address'

2018-12-11 15:54:23 - [TEST_STEP][PASSED] - click: Object: 'Object Repository/Final Object Repo/Login Page/Internal User/Next Button' is clicked on

2018-12-11 15:54:23 - [MESSAGE][PASSED] - Object: 'Object Repository/Final Object Repo/Login Page/Internal User/Next Button' is clicked on

2018-12-11 15:54:23 - [TEST_STEP][PASSED] - delay: Delayed 2 second(s)

2018-12-11 15:54:25 - [MESSAGE][PASSED] - Delayed 2 second(s)

2018-12-11 15:54:25 - [TEST_STEP][PASSED] - setText: Text 'test' is set on object 'Object Repository/Final Object Repo/Login Page/Internal User/Password'

2018-12-11 15:54:25 - [MESSAGE][PASSED] - Text 'test' is set on object 'Object Repository/Final Object Repo/Login Page/Internal User/Password'

2018-12-11 15:54:25 - [TEST_STEP][PASSED] - delay: Delayed 2 second(s)

2018-12-11 15:54:27 - [MESSAGE][PASSED] - Delayed 2 second(s)

2018-12-11 15:54:27 - [TEST_STEP][PASSED] - click: Object: 'Object Repository/Final Object Repo/Login Page/Internal User/Login Button' is clicked on

2018-12-11 15:54:27 - [MESSAGE][PASSED] - Object: 'Object Repository/Final Object Repo/Login Page/Internal User/Login Button' is clicked on

2018-12-11 15:54:27 - [TEST_STEP][PASSED] - Statement - tester = com.kms.katalon.core.testobject.ObjectRepository.findTestObject(Final Object Repo/Landing Page/Select to English): Finding Test Object with id 'Object Repository/Final Object Repo/Landing Page/Select to English'

2018-12-11 15:54:27 - [TEST_STEP][PASSED] - Statement - Try: Delayed 2 second(s)

2018-12-11 15:54:27 - [TEST_STEP][PASSED] - Statement - Checker = com.kms.katalon.core.webui.keyword.WebUiBuiltInKeywords.verifyElementNotPresent(tester, 3): Web element with id: 'Object Repository/Final Object Repo/Landing Page/Select to English' located by 'By.xpath: //a[@class = 'taglib-language-list-text' and @lang = 'en-US' and (contains(text(), 'EN') or contains(., 'EN'))]' is not present after '3' second(s)

2018-12-11 15:54:30 - [MESSAGE][PASSED] - Web element with id: 'Object Repository/Final Object Repo/Landing Page/Select to English' located by 'By.xpath: //a[@class = 'taglib-language-list-text' and @lang = 'en-US' and (contains(text(), 'EN') or contains(., 'EN'))]' is not present after '3' second(s)

2018-12-11 15:54:30 - [TEST_STEP][PASSED] - Statement - If (Checker == false): null

2018-12-11 15:54:30 - [TEST_STEP][PASSED] - delay: Delayed 2 second(s)

2018-12-11 15:54:32 - [MESSAGE][PASSED] - Delayed 2 second(s)

2018-12-11 15:54:32 - [TEST_STEP][PASSED] - delay: Delayed 5 second(s)

2018-12-11 15:54:37 - [MESSAGE][PASSED] - Delayed 5 second(s)

2018-12-11 15:54:37 - [TEST_STEP][PASSED] - mouseOver: Object: 'Object Repository/Final Object Repo/Landing Page/WorkFlow Menu' is hovered

2018-12-11 15:54:37 - [MESSAGE][PASSED] - Object: 'Object Repository/Final Object Repo/Landing Page/WorkFlow Menu' is hovered

2018-12-11 15:54:37 - [TEST_STEP][PASSED] - delay: Delayed 2 second(s)

2018-12-11 15:54:39 - [MESSAGE][PASSED] - Delayed 2 second(s)

2018-12-11 15:54:39 - [TEST_STEP][PASSED] - click: Object: 'Object Repository/Final Object Repo/Landing Page/Select to Workflow Listing' is clicked on

2018-12-11 15:54:40 - [MESSAGE][PASSED] - Object: 'Object Repository/Final Object Repo/Landing Page/Select to Workflow Listing' is clicked on

2018-12-11 15:54:40 - [TEST_STEP][PASSED] - delay: Delayed 2 second(s)

2018-12-11 15:54:42 - [MESSAGE][PASSED] - Delayed 2 second(s)

2018-12-11 15:54:42 - [TEST_STEP][PASSED] - click: Object: 'Object Repository/Final Object Repo/WorkFlow Listing Page/Search Information - To Put Ref No' is clicked on

2018-12-11 15:54:42 - [MESSAGE][PASSED] - Object: 'Object Repository/Final Object Repo/WorkFlow Listing Page/Search Information - To Put Ref No' is clicked on

2018-12-11 15:54:42 - [TEST_STEP][PASSED] - delay: Delayed 2 second(s)

2018-12-11 15:54:44 - [MESSAGE][PASSED] - Delayed 2 second(s)

2018-12-11 15:54:44 - [TEST_STEP][PASSED] - callTestCase: Call Test Case 'Test Cases/Final Aug 2018 - PKS Automation/Common/Reference Number Getter' successfully

2018-12-11 15:54:44 - [TEST_CASE][PASSED] - Test Cases/Final Aug 2018 - PKS Automation/Common/Reference Number Getter: Test Cases/Final Aug 2018 - PKS Automation/Common/Reference Number Getter

2018-12-11 15:54:44 - [TEST_STEP][PASSED] - Statement - Try: null

2018-12-11 15:54:44 - [TEST_STEP][PASSED] - Statement - RefNo = new java.io.File(C://Users//Admin//Desktop//PKS//Automation Reference Point//KatalonReference.txt): null

2018-12-11 15:54:44 - [TEST_STEP][PASSED] - Statement - bufferread = new java.io.BufferedReader(new java.io.FileReader(RefNo)): null

2018-12-11 15:54:44 - [TEST_STEP][PASSED] - Statement - readedVal = bufferread.readLine(): null

2018-12-11 15:54:44 - [TEST_STEP][PASSED] - Statement - out.println(CaseReferenceNo): null

2018-12-11 15:54:44 - [TEST_STEP][PASSED] - Statement - out.println(readedVal): null

2018-12-11 15:54:44 - [TEST_STEP][PASSED] - Statement - CaseReferenceNo = "": null

2018-12-11 15:54:44 - [TEST_STEP][PASSED] - Statement - CaseReferenceNo = readedVal: null

2018-12-11 15:54:44 - [MESSAGE][PASSED] - Call Test Case 'Test Cases/Final Aug 2018 - PKS Automation/Common/Reference Number Getter' successfully

2018-12-11 15:54:44 - [TEST_STEP][PASSED] - setText: Text 'CAN12201800002301' is set on object 'Object Repository/Final Object Repo/WorkFlow Listing Page/Ref No Set Text'

2018-12-11 15:54:44 - [MESSAGE][PASSED] - Text 'CAN12201800002301' is set on object 'Object Repository/Final Object Repo/WorkFlow Listing Page/Ref No Set Text'

2018-12-11 15:54:44 - [TEST_STEP][PASSED] - delay: Delayed 2 second(s)

2018-12-11 15:54:46 - [MESSAGE][PASSED] - Delayed 2 second(s)

2018-12-11 15:54:46 - [TEST_STEP][PASSED] - click: Object: 'Object Repository/Final Object Repo/WorkFlow Listing Page/Search Ref No Search Button' is clicked on

2018-12-11 15:54:46 - [MESSAGE][PASSED] - Object: 'Object Repository/Final Object Repo/WorkFlow Listing Page/Search Ref No Search Button' is clicked on

2018-12-11 15:54:46 - [TEST_STEP][PASSED] - delay: Delayed 6 second(s)

2018-12-11 15:54:52 - [MESSAGE][PASSED] - Delayed 6 second(s)

2018-12-11 15:54:52 - [TEST_STEP][PASSED] - click: Object: 'Object Repository/Final Object Repo/WorkFlow Listing Page/Click Continue Tooltip' is clicked on

2018-12-11 15:54:53 - [MESSAGE][PASSED] - Object: 'Object Repository/Final Object Repo/WorkFlow Listing Page/Click Continue Tooltip' is clicked on

2018-12-11 15:54:53 - [TEST_STEP][PASSED] - delay: Delayed 5 second(s)

2018-12-11 15:54:58 - [MESSAGE][PASSED] - Delayed 5 second(s)

2018-12-11 15:54:58 - [TEST_STEP][PASSED] - doubleClick: Object: 'Object Repository/Final Object Repo/WorkFlow Listing Page/Workflow Found - Listing 1' is double clicked on

2018-12-11 15:54:59 - [MESSAGE][PASSED] - Object: 'Object Repository/Final Object Repo/WorkFlow Listing Page/Workflow Found - Listing 1' is double clicked on

2018-12-11 15:54:59 - [TEST_STEP][PASSED] - Statement - println(OwnerID): null

2018-12-11 15:54:59 - [TEST_STEP][PASSED] - Statement - OwnerID = com.kms.katalon.core.webui.keyword.WebUiBuiltInKeywords.getText(com.kms.katalon.core.testobject.ObjectRepository.findTestObject(Final Object Repo/WorkFlow Listing Page/Workflow Found - Listing 1), STOP_ON_FAILURE): Text of object 'Object Repository/Final Object Repo/WorkFlow Listing Page/Workflow Found - Listing 1' is: 'JOHORro2'

2018-12-11 15:54:59 - [MESSAGE][PASSED] - Text of object 'Object Repository/Final Object Repo/WorkFlow Listing Page/Workflow Found - Listing 1' is: 'JOHORro2'

2018-12-11 15:54:59 - [TEST_STEP][PASSED] - Statement - OwnerID = OwnerID.toLowerCase() + "@gmail.com": null

2018-12-11 15:54:59 - [TEST_STEP][PASSED] - Statement - println(OwnerID): null

2018-12-11 15:54:59 - [TEST_STEP][PASSED] - delay: Delayed 2 second(s)

2018-12-11 15:55:01 - [MESSAGE][PASSED] - Delayed 2 second(s)

2018-12-11 15:55:01 - [MESSAGE][PASSED] - Call Test Case 'Test Cases/Final Aug 2018 - PKS Automation/Common/Workflow Owner Finder' successfully

2018-12-11 15:55:01 - [TEST_STEP][PASSED] - callTestCase: Call Test Case 'Test Cases/Final Aug 2018 - PKS Automation/Registration Module/Log Out/log out avoiding katalon tagging' successfully

2018-12-11 15:55:01 - [TEST_CASE][PASSED] - Test Cases/Final Aug 2018 - PKS Automation/Registration Module/Log Out/log out avoiding katalon tagging: Test Cases/Final Aug 2018 - PKS Automation/Registration Module/Log Out/log out avoiding katalon tagging

2018-12-11 15:55:01 - [TEST_STEP][PASSED] - navigateToUrl: Navigate to 'https://assist2-uat.perkeso.gov.my/c/portal/logout' successfully

2018-12-11 15:55:02 - [MESSAGE][PASSED] - Navigate to 'https://assist2-uat.perkeso.gov.my/c/portal/logout' successfully

2018-12-11 15:55:02 - [MESSAGE][PASSED] - Call Test Case 'Test Cases/Final Aug 2018 - PKS Automation/Registration Module/Log Out/log out avoiding katalon tagging' successfully

2018-12-11 15:55:02 - [TEST_STEP][PASSED] - delay: Delayed 2 second(s)

2018-12-11 15:55:04 - [MESSAGE][PASSED] - Delayed 2 second(s)

2018-12-11 15:55:04 - [TEST_STEP][PASSED] - setText: Text 'johorro2@gmail.com' is set on object 'Object Repository/Final Object Repo/Page_Update Add New Employee - ASSIST/Email TextBox'

2018-12-11 15:55:04 - [MESSAGE][PASSED] - Text 'johorro2@gmail.com' is set on object 'Object Repository/Final Object Repo/Page_Update Add New Employee - ASSIST/Email TextBox'

2018-12-11 15:55:04 - [TEST_STEP][PASSED] - click: Object: 'Object Repository/Final Object Repo/Page_Update Add New Employee - ASSIST/Next Button' is clicked on

2018-12-11 15:55:04 - [MESSAGE][PASSED] - Object: 'Object Repository/Final Object Repo/Page_Update Add New Employee - ASSIST/Next Button' is clicked on

2018-12-11 15:55:04 - [TEST_STEP][PASSED] - delay: Delayed 2 second(s)

2018-12-11 15:55:06 - [MESSAGE][PASSED] - Delayed 2 second(s)

2018-12-11 15:55:06 - [TEST_STEP][PASSED] - setText: Text 'Test1@3456789' is set on object 'Object Repository/Final Object Repo/Page_Update Add New Employee - ASSIST/Password TextBox'

2018-12-11 15:55:06 - [MESSAGE][PASSED] - Text 'Test1@3456789' is set on object 'Object Repository/Final Object Repo/Page_Update Add New Employee - ASSIST/Password TextBox'

2018-12-11 15:55:06 - [TEST_STEP][PASSED] - delay: Delayed 2 second(s)

2018-12-11 15:55:08 - [MESSAGE][PASSED] - Delayed 2 second(s)

2018-12-11 15:55:08 - [TEST_STEP][PASSED] - click: Object: 'Object Repository/Final Object Repo/Page_Update Add New Employee - ASSIST/Login Button' is clicked on

2018-12-11 15:55:09 - [MESSAGE][PASSED] - Object: 'Object Repository/Final Object Repo/Page_Update Add New Employee - ASSIST/Login Button' is clicked on

2018-12-11 15:55:09 - [TEST_STEP][PASSED] - delay: Delayed 4 second(s)

2018-12-11 15:55:13 - [MESSAGE][PASSED] - Delayed 4 second(s)

2018-12-11 15:55:13 - [TEST_STEP][PASSED] - Statement - Try: Delayed 2 second(s)

2018-12-11 15:55:13 - [TEST_STEP][PASSED] - Statement - Checker = false: null

2018-12-11 15:55:13 - [TEST_STEP][PASSED] - Statement - Checker = com.kms.katalon.core.webui.keyword.WebUiBuiltInKeywords.verifyElementHasAttribute(com.kms.katalon.core.testobject.ObjectRepository.findTestObject(Final Object Repo/Landing Page/BM Detecting), "href", 20, OPTIONAL): Object 'Object Repository/Final Object Repo/Landing Page/BM Detecting' has attribute 'href'

2018-12-11 15:55:13 - [MESSAGE][PASSED] - Object 'Object Repository/Final Object Repo/Landing Page/BM Detecting' has attribute 'href'

2018-12-11 15:55:13 - [TEST_STEP][PASSED] - Statement - out.println(Checker): null

2018-12-11 15:55:13 - [TEST_STEP][PASSED] - Statement - If (Checker == false): null

2018-12-11 15:55:13 - [TEST_STEP][PASSED] - Statement - Else: null

2018-12-11 15:55:13 - [TEST_STEP][PASSED] - delay: Delayed 2 second(s)

2018-12-11 15:55:15 - [MESSAGE][PASSED] - Delayed 2 second(s)

2018-12-11 15:55:15 - [TEST_STEP][PASSED] - delay: Delayed 4 second(s)

2018-12-11 15:55:19 - [MESSAGE][PASSED] - Delayed 4 second(s)

2018-12-11 15:55:19 - [TEST_STEP][PASSED] - click: Object: 'Object Repository/Final Object Repo/New Registration - Registration Module Pages/New Reg - OTC to RO/Special Case - All Related Objects/Expand to Search' is clicked on

2018-12-11 15:55:19 - [MESSAGE][PASSED] - Object: 'Object Repository/Final Object Repo/New Registration - Registration Module Pages/New Reg - OTC to RO/Special Case - All Related Objects/Expand to Search' is clicked on

2018-12-11 15:55:19 - [TEST_STEP][PASSED] - setText: Text 'CAN12201800002301' is set on object 'Object Repository/Final Object Repo/New Registration - Registration Module Pages/New Reg - OTC to RO/Special Case - All Related Objects/TextBox RefNo in Workbasket'

2018-12-11 15:55:19 - [MESSAGE][PASSED] - Text 'CAN12201800002301' is set on object 'Object Repository/Final Object Repo/New Registration - Registration Module Pages/New Reg - OTC to RO/Special Case - All Related Objects/TextBox RefNo in Workbasket'

2018-12-11 15:55:19 - [TEST_STEP][PASSED] - delay: Delayed 2 second(s)

2018-12-11 15:55:21 - [MESSAGE][PASSED] - Delayed 2 second(s)

2018-12-11 15:55:21 - [TEST_STEP][PASSED] - click: Object: 'Object Repository/Final Object Repo/New Registration - Registration Module Pages/New Reg - OTC to RO/Special Case - All Related Objects/Click Search' is clicked on

2018-12-11 15:55:22 - [MESSAGE][PASSED] - Object: 'Object Repository/Final Object Repo/New Registration - Registration Module Pages/New Reg - OTC to RO/Special Case - All Related Objects/Click Search' is clicked on

2018-12-11 15:55:22 - [TEST_STEP][PASSED] - delay: Delayed 2 second(s)

2018-12-11 15:55:24 - [MESSAGE][PASSED] - Delayed 2 second(s)

2018-12-11 15:55:24 - [TEST_STEP][PASSED] - click: Object: 'Object Repository/Final Object Repo/New Registration - Registration Module Pages/New Reg - OTC to RO/Special Case - All Related Objects/Click to Continue Workflow' is clicked on

2018-12-11 15:55:28 - [MESSAGE][PASSED] - Object: 'Object Repository/Final Object Repo/New Registration - Registration Module Pages/New Reg - OTC to RO/Special Case - All Related Objects/Click to Continue Workflow' is clicked on

2018-12-11 15:55:28 - [TEST_STEP][PASSED] - delay: Delayed 2 second(s)

2018-12-11 15:55:30 - [MESSAGE][PASSED] - Delayed 2 second(s)

2018-12-11 15:55:30 - [TEST_STEP][PASSED] - click: Object: 'Object Repository/Final Object Repo/New Registration - Registration Module Pages/New Reg - OTC to RO/Special Case - All Related Objects/Continue Button in verifying case' is clicked on

2018-12-11 15:55:33 - [MESSAGE][PASSED] - Object: 'Object Repository/Final Object Repo/New Registration - Registration Module Pages/New Reg - OTC to RO/Special Case - All Related Objects/Continue Button in verifying case' is clicked on

2018-12-11 15:55:33 - [TEST_STEP][PASSED] - delay: Delayed 2 second(s)

2018-12-11 15:55:35 - [MESSAGE][PASSED] - Delayed 2 second(s)

2018-12-11 15:55:35 - [TEST_STEP][PASSED] - click: Object: 'Object Repository/Final Object Repo/Page_Update Add New Employee - ASSIST/Save  Continue Button' is clicked on

2018-12-11 15:55:35 - [MESSAGE][PASSED] - Object: 'Object Repository/Final Object Repo/Page_Update Add New Employee - ASSIST/Save  Continue Button' is clicked on

2018-12-11 15:55:35 - [TEST_STEP][PASSED] - delay: Delayed 4 second(s)

2018-12-11 15:55:39 - [MESSAGE][PASSED] - Delayed 4 second(s)

2018-12-11 15:55:39 - [TEST_STEP][PASSED] - click: Object: 'Object Repository/Final Object Repo/Page_Update Add New Employee - ASSIST/Save  Continue Third Screen' is clicked on

2018-12-11 15:55:42 - [MESSAGE][PASSED] - Object: 'Object Repository/Final Object Repo/Page_Update Add New Employee - ASSIST/Save  Continue Third Screen' is clicked on

2018-12-11 15:55:42 - [TEST_STEP][PASSED] - delay: Delayed 4 second(s)

2018-12-11 15:55:46 - [MESSAGE][PASSED] - Delayed 4 second(s)

2018-12-11 15:55:46 - [TEST_STEP][PASSED] - click: Object: 'Object Repository/Final Object Repo/Page_Update Add New Employee - ASSIST/Save   Continue Supporting Doc Page' is clicked on

2018-12-11 15:55:46 - [MESSAGE][PASSED] - Object: 'Object Repository/Final Object Repo/Page_Update Add New Employee - ASSIST/Save   Continue Supporting Doc Page' is clicked on

2018-12-11 15:55:46 - [TEST_STEP][PASSED] - delay: Delayed 4 second(s)

2018-12-11 15:55:50 - [MESSAGE][PASSED] - Delayed 4 second(s)

2018-12-11 15:55:50 - [TEST_STEP][PASSED] - click: Object: 'Object Repository/Final Object Repo/Page_Update Add New Employee - ASSIST/Submit Button' is clicked on

2018-12-11 15:55:50 - [MESSAGE][PASSED] - Object: 'Object Repository/Final Object Repo/Page_Update Add New Employee - ASSIST/Submit Button' is clicked on

2018-12-11 15:55:50 - [TEST_STEP][PASSED] - delay: Delayed 4 second(s)

2018-12-11 15:55:54 - [MESSAGE][PASSED] - Delayed 4 second(s)

2018-12-11 15:55:54 - [TEST_STEP][PASSED] - click: Object: 'Object Repository/Final Object Repo/Page_Update Add New Employee - ASSIST/Confirm Submit Button' is clicked on

2018-12-11 15:55:54 - [MESSAGE][PASSED] - Object: 'Object Repository/Final Object Repo/Page_Update Add New Employee - ASSIST/Confirm Submit Button' is clicked on

2018-12-11 15:55:54 - [TEST_STEP][PASSED] - delay: Delayed 30 second(s)

2018-12-11 15:56:24 - [MESSAGE][PASSED] - Delayed 30 second(s)

2018-12-11 15:56:24 - [TEST_STEP][PASSED] - callTestCase: Call Test Case 'Test Cases/Final Aug 2018 - PKS Automation/Common/Screenshoting tool' successfully

2018-12-11 15:56:24 - [TEST_CASE][PASSED] - Test Cases/Final Aug 2018 - PKS Automation/Common/Screenshoting tool: Test Cases/Final Aug 2018 - PKS Automation/Common/Screenshoting tool

2018-12-11 15:56:25 - [TEST_STEP][PASSED] - delay: Delayed 15 second(s)

2018-12-11 15:56:40 - [MESSAGE][PASSED] - Delayed 15 second(s)

2018-12-11 15:56:40 - [TEST_STEP][PASSED] - Statement - driver = com.kms.katalon.core.webui.driver.DriverFactory.getWebDriver(): null

2018-12-11 15:56:40 - [TEST_STEP][PASSED] - Statement - driver.manage().timeouts().implicitlyWait(10, SECONDS): null

2018-12-11 15:56:40 - [TEST_STEP][PASSED] - Statement - PresavePath = KatalonScreenshots: null

2018-12-11 15:56:40 - [TEST_STEP][PASSED] - Statement - pathPrefix = "C:\Users\Public\Pictures\Sample Pictures\Katalon Screenshots\Automate Ending Screen": null

2018-12-11 15:56:40 - [TEST_STEP][PASSED] - Statement - finalPath = <not implemented yet for class: org.codehaus.groovy.ast.expr.EmptyExpression>: null

2018-12-11 15:56:40 - [TEST_STEP][PASSED] - Statement - scrFile = driver.getScreenshotAs(FILE): null

2018-12-11 15:56:40 - [TEST_STEP][PASSED] - Statement - PreSaveFile = new java.io.File(PresavePath): null

2018-12-11 15:56:40 - [TEST_STEP][PASSED] - Statement - counter = 0: null

2018-12-11 15:56:40 - [TEST_STEP][PASSED] - Statement - If (PreSaveFile.exists()): null

2018-12-11 15:56:40 - [TEST_STEP][PASSED] - Statement - While (PreSaveFile.exists()): null

2018-12-11 15:56:40 - [TEST_STEP][PASSED] - Statement - counter = counter + 1: null

2018-12-11 15:56:40 - [TEST_STEP][PASSED] - Statement - PreSaveFile = new java.io.File(((pathPrefix + java.lang.Integer.toString(counter)) + .png)): null

2018-12-11 15:56:40 - [TEST_STEP][PASSED] - Statement - counter = counter + 1: null

2018-12-11 15:56:40 - [TEST_STEP][PASSED] - Statement - PreSaveFile = new java.io.File(((pathPrefix + java.lang.Integer.toString(counter)) + .png)): null

2018-12-11 15:56:40 - [TEST_STEP][PASSED] - Statement - counter = counter + 1: null

2018-12-11 15:56:40 - [TEST_STEP][PASSED] - Statement - PreSaveFile = new java.io.File(((pathPrefix + java.lang.Integer.toString(counter)) + .png)): null

2018-12-11 15:56:40 - [TEST_STEP][PASSED] - Statement - counter = counter + 1: null

2018-12-11 15:56:40 - [TEST_STEP][PASSED] - Statement - PreSaveFile = new java.io.File(((pathPrefix + java.lang.Integer.toString(counter)) + .png)): null

2018-12-11 15:56:40 - [TEST_STEP][PASSED] - Statement - counter = counter + 1: null

2018-12-11 15:56:40 - [TEST_STEP][PASSED] - Statement - PreSaveFile = new java.io.File(((pathPrefix + java.lang.Integer.toString(counter)) + .png)): null

2018-12-11 15:56:40 - [TEST_STEP][PASSED] - Statement - counter = counter + 1: null

2018-12-11 15:56:40 - [TEST_STEP][PASSED] - Statement - PreSaveFile = new java.io.File(((pathPrefix + java.lang.Integer.toString(counter)) + .png)): null

2018-12-11 15:56:40 - [TEST_STEP][PASSED] - Statement - counter = counter + 1: null

2018-12-11 15:56:40 - [TEST_STEP][PASSED] - Statement - PreSaveFile = new java.io.File(((pathPrefix + java.lang.Integer.toString(counter)) + .png)): null

2018-12-11 15:56:40 - [TEST_STEP][PASSED] - Statement - counter = counter + 1: null

2018-12-11 15:56:40 - [TEST_STEP][PASSED] - Statement - PreSaveFile = new java.io.File(((pathPrefix + java.lang.Integer.toString(counter)) + .png)): null

2018-12-11 15:56:40 - [TEST_STEP][PASSED] - Statement - counter = counter + 1: null

2018-12-11 15:56:40 - [TEST_STEP][PASSED] - Statement - PreSaveFile = new java.io.File(((pathPrefix + java.lang.Integer.toString(counter)) + .png)): null

2018-12-11 15:56:40 - [TEST_STEP][PASSED] - Statement - counter = counter + 1: null

2018-12-11 15:56:40 - [TEST_STEP][PASSED] - Statement - PreSaveFile = new java.io.File(((pathPrefix + java.lang.Integer.toString(counter)) + .png)): null

2018-12-11 15:56:40 - [TEST_STEP][PASSED] - Statement - counter = counter + 1: null

2018-12-11 15:56:40 - [TEST_STEP][PASSED] - Statement - PreSaveFile = new java.io.File(((pathPrefix + java.lang.Integer.toString(counter)) + .png)): null

2018-12-11 15:56:40 - [TEST_STEP][PASSED] - Statement - counter = counter + 1: null

2018-12-11 15:56:40 - [TEST_STEP][PASSED] - Statement - PreSaveFile = new java.io.File(((pathPrefix + java.lang.Integer.toString(counter)) + .png)): null

2018-12-11 15:56:40 - [TEST_STEP][PASSED] - Statement - counter = counter + 1: null

2018-12-11 15:56:40 - [TEST_STEP][PASSED] - Statement - PreSaveFile = new java.io.File(((pathPrefix + java.lang.Integer.toString(counter)) + .png)): null

2018-12-11 15:56:40 - [TEST_STEP][PASSED] - Statement - counter = counter + 1: null

2018-12-11 15:56:40 - [TEST_STEP][PASSED] - Statement - PreSaveFile = new java.io.File(((pathPrefix + java.lang.Integer.toString(counter)) + .png)): null

2018-12-11 15:56:40 - [TEST_STEP][PASSED] - Statement - counter = counter + 1: null

2018-12-11 15:56:40 - [TEST_STEP][PASSED] - Statement - PreSaveFile = new java.io.File(((pathPrefix + java.lang.Integer.toString(counter)) + .png)): null

2018-12-11 15:56:40 - [TEST_STEP][PASSED] - Statement - counter = counter + 1: null

2018-12-11 15:56:40 - [TEST_STEP][PASSED] - Statement - PreSaveFile = new java.io.File(((pathPrefix + java.lang.Integer.toString(counter)) + .png)): null

2018-12-11 15:56:40 - [TEST_STEP][PASSED] - Statement - counter = counter + 1: null

2018-12-11 15:56:40 - [TEST_STEP][PASSED] - Statement - PreSaveFile = new java.io.File(((pathPrefix + java.lang.Integer.toString(counter)) + .png)): null

2018-12-11 15:56:40 - [TEST_STEP][PASSED] - Statement - counter = counter + 1: null

2018-12-11 15:56:40 - [TEST_STEP][PASSED] - Statement - PreSaveFile = new java.io.File(((pathPrefix + java.lang.Integer.toString(counter)) + .png)): null

2018-12-11 15:56:40 - [TEST_STEP][PASSED] - Statement - counter = counter + 1: null

2018-12-11 15:56:40 - [TEST_STEP][PASSED] - Statement - PreSaveFile = new java.io.File(((pathPrefix + java.lang.Integer.toString(counter)) + .png)): null

2018-12-11 15:56:40 - [TEST_STEP][PASSED] - Statement - counter = counter + 1: null

2018-12-11 15:56:40 - [TEST_STEP][PASSED] - Statement - PreSaveFile = new java.io.File(((pathPrefix + java.lang.Integer.toString(counter)) + .png)): null

2018-12-11 15:56:40 - [TEST_STEP][PASSED] - Statement - counter = counter + 1: null

2018-12-11 15:56:40 - [TEST_STEP][PASSED] - Statement - PreSaveFile = new java.io.File(((pathPrefix + java.lang.Integer.toString(counter)) + .png)): null

2018-12-11 15:56:40 - [TEST_STEP][PASSED] - Statement - counter = counter + 1: null

2018-12-11 15:56:40 - [TEST_STEP][PASSED] - Statement - PreSaveFile = new java.io.File(((pathPrefix + java.lang.Integer.toString(counter)) + .png)): null

2018-12-11 15:56:40 - [TEST_STEP][PASSED] - Statement - counter = counter + 1: null

2018-12-11 15:56:40 - [TEST_STEP][PASSED] - Statement - PreSaveFile = new java.io.File(((pathPrefix + java.lang.Integer.toString(counter)) + .png)): null

2018-12-11 15:56:40 - [TEST_STEP][PASSED] - Statement - counter = counter + 1: null

2018-12-11 15:56:40 - [TEST_STEP][PASSED] - Statement - PreSaveFile = new java.io.File(((pathPrefix + java.lang.Integer.toString(counter)) + .png)): null

2018-12-11 15:56:40 - [TEST_STEP][PASSED] - Statement - counter = counter + 1: null

2018-12-11 15:56:40 - [TEST_STEP][PASSED] - Statement - PreSaveFile = new java.io.File(((pathPrefix + java.lang.Integer.toString(counter)) + .png)): null

2018-12-11 15:56:40 - [TEST_STEP][PASSED] - Statement - counter = counter + 1: null

2018-12-11 15:56:40 - [TEST_STEP][PASSED] - Statement - PreSaveFile = new java.io.File(((pathPrefix + java.lang.Integer.toString(counter)) + .png)): null

2018-12-11 15:56:40 - [TEST_STEP][PASSED] - Statement - counter = counter + 1: null

2018-12-11 15:56:40 - [TEST_STEP][PASSED] - Statement - PreSaveFile = new java.io.File(((pathPrefix + java.lang.Integer.toString(counter)) + .png)): null

2018-12-11 15:56:40 - [TEST_STEP][PASSED] - Statement - counter = counter + 1: null

2018-12-11 15:56:40 - [TEST_STEP][PASSED] - Statement - PreSaveFile = new java.io.File(((pathPrefix + java.lang.Integer.toString(counter)) + .png)): null

2018-12-11 15:56:40 - [TEST_STEP][PASSED] - Statement - counter = counter + 1: null

2018-12-11 15:56:40 - [TEST_STEP][PASSED] - Statement - PreSaveFile = new java.io.File(((pathPrefix + java.lang.Integer.toString(counter)) + .png)): null

2018-12-11 15:56:40 - [TEST_STEP][PASSED] - Statement - counter = counter + 1: null

2018-12-11 15:56:40 - [TEST_STEP][PASSED] - Statement - PreSaveFile = new java.io.File(((pathPrefix + java.lang.Integer.toString(counter)) + .png)): null

2018-12-11 15:56:40 - [TEST_STEP][PASSED] - Statement - counter = counter + 1: null

2018-12-11 15:56:40 - [TEST_STEP][PASSED] - Statement - PreSaveFile = new java.io.File(((pathPrefix + java.lang.Integer.toString(counter)) + .png)): null

2018-12-11 15:56:40 - [TEST_STEP][PASSED] - Statement - counter = counter + 1: null

2018-12-11 15:56:40 - [TEST_STEP][PASSED] - Statement - PreSaveFile = new java.io.File(((pathPrefix + java.lang.Integer.toString(counter)) + .png)): null

2018-12-11 15:56:40 - [TEST_STEP][PASSED] - Statement - counter = counter + 1: null

2018-12-11 15:56:40 - [TEST_STEP][PASSED] - Statement - PreSaveFile = new java.io.File(((pathPrefix + java.lang.Integer.toString(counter)) + .png)): null

2018-12-11 15:56:40 - [TEST_STEP][PASSED] - Statement - counter = counter + 1: null

2018-12-11 15:56:40 - [TEST_STEP][PASSED] - Statement - PreSaveFile = new java.io.File(((pathPrefix + java.lang.Integer.toString(counter)) + .png)): null

2018-12-11 15:56:40 - [TEST_STEP][PASSED] - Statement - counter = counter + 1: null

2018-12-11 15:56:40 - [TEST_STEP][PASSED] - Statement - PreSaveFile = new java.io.File(((pathPrefix + java.lang.Integer.toString(counter)) + .png)): null

2018-12-11 15:56:40 - [TEST_STEP][PASSED] - Statement - counter = counter + 1: null

2018-12-11 15:56:40 - [TEST_STEP][PASSED] - Statement - PreSaveFile = new java.io.File(((pathPrefix + java.lang.Integer.toString(counter)) + .png)): null

2018-12-11 15:56:40 - [TEST_STEP][PASSED] - Statement - counter = counter + 1: null

2018-12-11 15:56:40 - [TEST_STEP][PASSED] - Statement - PreSaveFile = new java.io.File(((pathPrefix + java.lang.Integer.toString(counter)) + .png)): null

2018-12-11 15:56:40 - [TEST_STEP][PASSED] - Statement - counter = counter + 1: null

2018-12-11 15:56:40 - [TEST_STEP][PASSED] - Statement - PreSaveFile = new java.io.File(((pathPrefix + java.lang.Integer.toString(counter)) + .png)): null

2018-12-11 15:56:40 - [TEST_STEP][PASSED] - Statement - counter = counter + 1: null

2018-12-11 15:56:40 - [TEST_STEP][PASSED] - Statement - PreSaveFile = new java.io.File(((pathPrefix + java.lang.Integer.toString(counter)) + .png)): null

2018-12-11 15:56:40 - [TEST_STEP][PASSED] - Statement - counter = counter + 1: null

2018-12-11 15:56:40 - [TEST_STEP][PASSED] - Statement - PreSaveFile = new java.io.File(((pathPrefix + java.lang.Integer.toString(counter)) + .png)): null

2018-12-11 15:56:40 - [TEST_STEP][PASSED] - Statement - counter = counter + 1: null

2018-12-11 15:56:40 - [TEST_STEP][PASSED] - Statement - PreSaveFile = new java.io.File(((pathPrefix + java.lang.Integer.toString(counter)) + .png)): null

2018-12-11 15:56:40 - [TEST_STEP][PASSED] - Statement - counter = counter + 1: null

2018-12-11 15:56:40 - [TEST_STEP][PASSED] - Statement - PreSaveFile = new java.io.File(((pathPrefix + java.lang.Integer.toString(counter)) + .png)): null

2018-12-11 15:56:40 - [TEST_STEP][PASSED] - Statement - counter = counter + 1: null

2018-12-11 15:56:40 - [TEST_STEP][PASSED] - Statement - PreSaveFile = new java.io.File(((pathPrefix + java.lang.Integer.toString(counter)) + .png)): null

2018-12-11 15:56:40 - [TEST_STEP][PASSED] - Statement - counter = counter + 1: null

2018-12-11 15:56:40 - [TEST_STEP][PASSED] - Statement - PreSaveFile = new java.io.File(((pathPrefix + java.lang.Integer.toString(counter)) + .png)): null

2018-12-11 15:56:40 - [TEST_STEP][PASSED] - Statement - counter = counter + 1: null

2018-12-11 15:56:40 - [TEST_STEP][PASSED] - Statement - PreSaveFile = new java.io.File(((pathPrefix + java.lang.Integer.toString(counter)) + .png)): null

2018-12-11 15:56:40 - [TEST_STEP][PASSED] - Statement - counter = counter + 1: null

2018-12-11 15:56:40 - [TEST_STEP][PASSED] - Statement - PreSaveFile = new java.io.File(((pathPrefix + java.lang.Integer.toString(counter)) + .png)): null

2018-12-11 15:56:40 - [TEST_STEP][PASSED] - Statement - counter = counter + 1: null

2018-12-11 15:56:40 - [TEST_STEP][PASSED] - Statement - PreSaveFile = new java.io.File(((pathPrefix + java.lang.Integer.toString(counter)) + .png)): null

2018-12-11 15:56:40 - [TEST_STEP][PASSED] - Statement - counter = counter + 1: null

2018-12-11 15:56:40 - [TEST_STEP][PASSED] - Statement - PreSaveFile = new java.io.File(((pathPrefix + java.lang.Integer.toString(counter)) + .png)): null

2018-12-11 15:56:40 - [TEST_STEP][PASSED] - Statement - counter = counter + 1: null

2018-12-11 15:56:40 - [TEST_STEP][PASSED] - Statement - PreSaveFile = new java.io.File(((pathPrefix + java.lang.Integer.toString(counter)) + .png)): null

2018-12-11 15:56:40 - [TEST_STEP][PASSED] - Statement - counter = counter + 1: null

2018-12-11 15:56:40 - [TEST_STEP][PASSED] - Statement - PreSaveFile = new java.io.File(((pathPrefix + java.lang.Integer.toString(counter)) + .png)): null

2018-12-11 15:56:40 - [TEST_STEP][PASSED] - Statement - counter = counter + 1: null

2018-12-11 15:56:40 - [TEST_STEP][PASSED] - Statement - PreSaveFile = new java.io.File(((pathPrefix + java.lang.Integer.toString(counter)) + .png)): null

2018-12-11 15:56:40 - [TEST_STEP][PASSED] - Statement - counter = counter + 1: null

2018-12-11 15:56:40 - [TEST_STEP][PASSED] - Statement - PreSaveFile = new java.io.File(((pathPrefix + java.lang.Integer.toString(counter)) + .png)): null

2018-12-11 15:56:40 - [TEST_STEP][PASSED] - Statement - counter = counter + 1: null

2018-12-11 15:56:40 - [TEST_STEP][PASSED] - Statement - PreSaveFile = new java.io.File(((pathPrefix + java.lang.Integer.toString(counter)) + .png)): null

2018-12-11 15:56:40 - [TEST_STEP][PASSED] - Statement - counter = counter + 1: null

2018-12-11 15:56:40 - [TEST_STEP][PASSED] - Statement - PreSaveFile = new java.io.File(((pathPrefix + java.lang.Integer.toString(counter)) + .png)): null

2018-12-11 15:56:40 - [TEST_STEP][PASSED] - Statement - counter = counter + 1: null

2018-12-11 15:56:40 - [TEST_STEP][PASSED] - Statement - PreSaveFile = new java.io.File(((pathPrefix + java.lang.Integer.toString(counter)) + .png)): null

2018-12-11 15:56:40 - [TEST_STEP][PASSED] - Statement - counter = counter + 1: null

2018-12-11 15:56:40 - [TEST_STEP][PASSED] - Statement - PreSaveFile = new java.io.File(((pathPrefix + java.lang.Integer.toString(counter)) + .png)): null

2018-12-11 15:56:40 - [TEST_STEP][PASSED] - Statement - counter = counter + 1: null

2018-12-11 15:56:40 - [TEST_STEP][PASSED] - Statement - PreSaveFile = new java.io.File(((pathPrefix + java.lang.Integer.toString(counter)) + .png)): null

2018-12-11 15:56:40 - [TEST_STEP][PASSED] - Statement - counter = counter + 1: null

2018-12-11 15:56:40 - [TEST_STEP][PASSED] - Statement - PreSaveFile = new java.io.File(((pathPrefix + java.lang.Integer.toString(counter)) + .png)): null

2018-12-11 15:56:40 - [TEST_STEP][PASSED] - Statement - counter = counter + 1: null

2018-12-11 15:56:40 - [TEST_STEP][PASSED] - Statement - PreSaveFile = new java.io.File(((pathPrefix + java.lang.Integer.toString(counter)) + .png)): null

2018-12-11 15:56:40 - [TEST_STEP][PASSED] - Statement - counter = counter + 1: null

2018-12-11 15:56:40 - [TEST_STEP][PASSED] - Statement - PreSaveFile = new java.io.File(((pathPrefix + java.lang.Integer.toString(counter)) + .png)): null

2018-12-11 15:56:40 - [TEST_STEP][PASSED] - Statement - counter = counter + 1: null

2018-12-11 15:56:40 - [TEST_STEP][PASSED] - Statement - PreSaveFile = new java.io.File(((pathPrefix + java.lang.Integer.toString(counter)) + .png)): null

2018-12-11 15:56:40 - [TEST_STEP][PASSED] - Statement - counter = counter + 1: null

2018-12-11 15:56:40 - [TEST_STEP][PASSED] - Statement - PreSaveFile = new java.io.File(((pathPrefix + java.lang.Integer.toString(counter)) + .png)): null

2018-12-11 15:56:40 - [TEST_STEP][PASSED] - Statement - counter = counter + 1: null

2018-12-11 15:56:40 - [TEST_STEP][PASSED] - Statement - PreSaveFile = new java.io.File(((pathPrefix + java.lang.Integer.toString(counter)) + .png)): null

2018-12-11 15:56:40 - [TEST_STEP][PASSED] - Statement - counter = counter + 1: null

2018-12-11 15:56:40 - [TEST_STEP][PASSED] - Statement - PreSaveFile = new java.io.File(((pathPrefix + java.lang.Integer.toString(counter)) + .png)): null

2018-12-11 15:56:40 - [TEST_STEP][PASSED] - Statement - counter = counter + 1: null

2018-12-11 15:56:40 - [TEST_STEP][PASSED] - Statement - PreSaveFile = new java.io.File(((pathPrefix + java.lang.Integer.toString(counter)) + .png)): null

2018-12-11 15:56:40 - [TEST_STEP][PASSED] - Statement - counter = counter + 1: null

2018-12-11 15:56:40 - [TEST_STEP][PASSED] - Statement - PreSaveFile = new java.io.File(((pathPrefix + java.lang.Integer.toString(counter)) + .png)): null

2018-12-11 15:56:40 - [TEST_STEP][PASSED] - Statement - counter = counter + 1: null

2018-12-11 15:56:40 - [TEST_STEP][PASSED] - Statement - PreSaveFile = new java.io.File(((pathPrefix + java.lang.Integer.toString(counter)) + .png)): null

2018-12-11 15:56:40 - [TEST_STEP][PASSED] - Statement - counter = counter + 1: null

2018-12-11 15:56:40 - [TEST_STEP][PASSED] - Statement - PreSaveFile = new java.io.File(((pathPrefix + java.lang.Integer.toString(counter)) + .png)): null

2018-12-11 15:56:40 - [TEST_STEP][PASSED] - Statement - counter = counter + 1: null

2018-12-11 15:56:40 - [TEST_STEP][PASSED] - Statement - PreSaveFile = new java.io.File(((pathPrefix + java.lang.Integer.toString(counter)) + .png)): null

2018-12-11 15:56:40 - [TEST_STEP][PASSED] - Statement - counter = counter + 1: null

2018-12-11 15:56:40 - [TEST_STEP][PASSED] - Statement - PreSaveFile = new java.io.File(((pathPrefix + java.lang.Integer.toString(counter)) + .png)): null

2018-12-11 15:56:40 - [TEST_STEP][PASSED] - Statement - counter = counter + 1: null

2018-12-11 15:56:40 - [TEST_STEP][PASSED] - Statement - PreSaveFile = new java.io.File(((pathPrefix + java.lang.Integer.toString(counter)) + .png)): null

2018-12-11 15:56:40 - [TEST_STEP][PASSED] - Statement - counter = counter + 1: null

2018-12-11 15:56:40 - [TEST_STEP][PASSED] - Statement - PreSaveFile = new java.io.File(((pathPrefix + java.lang.Integer.toString(counter)) + .png)): null

2018-12-11 15:56:40 - [TEST_STEP][PASSED] - Statement - counter = counter + 1: null

2018-12-11 15:56:40 - [TEST_STEP][PASSED] - Statement - PreSaveFile = new java.io.File(((pathPrefix + java.lang.Integer.toString(counter)) + .png)): null

2018-12-11 15:56:40 - [TEST_STEP][PASSED] - Statement - counter = counter + 1: null

2018-12-11 15:56:40 - [TEST_STEP][PASSED] - Statement - PreSaveFile = new java.io.File(((pathPrefix + java.lang.Integer.toString(counter)) + .png)): null

2018-12-11 15:56:40 - [TEST_STEP][PASSED] - Statement - counter = counter + 1: null

2018-12-11 15:56:40 - [TEST_STEP][PASSED] - Statement - PreSaveFile = new java.io.File(((pathPrefix + java.lang.Integer.toString(counter)) + .png)): null

2018-12-11 15:56:40 - [TEST_STEP][PASSED] - Statement - counter = counter + 1: null

2018-12-11 15:56:40 - [TEST_STEP][PASSED] - Statement - PreSaveFile = new java.io.File(((pathPrefix + java.lang.Integer.toString(counter)) + .png)): null

2018-12-11 15:56:40 - [TEST_STEP][PASSED] - Statement - finalPath = pathPrefix + java.lang.Integer.toString(counter) + ".png": null

2018-12-11 15:56:40 - [TEST_STEP][PASSED] - Statement - SaveFile = new java.io.File(finalPath): null

2018-12-11 15:56:40 - [TEST_STEP][PASSED] - Statement - Try: null

2018-12-11 15:56:40 - [TEST_STEP][PASSED] - Statement - org.apache.commons.io.FileUtils.copyFile(scrFile, SaveFile): null

2018-12-11 15:56:40 - [TEST_STEP][PASSED] - Statement - out.println("file kept"): null

2018-12-11 15:56:40 - [TEST_STEP][PASSED] - delay: Delayed 10 second(s)

2018-12-11 15:56:50 - [MESSAGE][PASSED] - Delayed 10 second(s)

2018-12-11 15:56:50 - [MESSAGE][PASSED] - Call Test Case 'Test Cases/Final Aug 2018 - PKS Automation/Common/Screenshoting tool' successfully]]></system-out>
         <system-err><![CDATA[]]></system-err>
      </testcase>
      <testcase name="Test Cases/Final Aug 2018 - PKS Automation/Registration Module/Workflow/Update Add New Employee/Special Case (Employer - RO Under Enforcement)" classname="Test Cases/Final Aug 2018 - PKS Automation/Registration Module/Workflow/Update Add New Employee/Special Case (Employer - RO Under Enforcement)" status="PASSED">
         <system-out><![CDATA[2018-12-11 15:56:50 - [TEST_CASE][PASSED] - Test Cases/Final Aug 2018 - PKS Automation/Registration Module/Workflow/Update Add New Employee/Special Case (Employer - RO Under Enforcement): Test Cases/Final Aug 2018 - PKS Automation/Registration Module/Workflow/Update Add New Employee/Special Case (Employer - RO Under Enforcement)

2018-12-11 15:56:50 - [TEST_STEP][PASSED] - callTestCase: Call Test Case 'Test Cases/Final Aug 2018 - PKS Automation/Registration Module/Workflow/Update Add New Employee/Template/New Company for Update Add New - Employer' successfully

2018-12-11 15:56:50 - [TEST_CASE][PASSED] - Test Cases/Final Aug 2018 - PKS Automation/Registration Module/Workflow/Update Add New Employee/Template/New Company for Update Add New - Employer: Test Cases/Final Aug 2018 - PKS Automation/Registration Module/Workflow/Update Add New Employee/Template/New Company for Update Add New - Employer

2018-12-11 15:56:50 - [TEST_STEP][PASSED] - callTestCase: Call Test Case 'Test Cases/Final Aug 2018 - PKS Automation/Create Employer Acc/Create Employer Account' successfully

2018-12-11 15:56:51 - [TEST_CASE][PASSED] - Test Cases/Final Aug 2018 - PKS Automation/Create Employer Acc/Create Employer Account: Test Cases/Final Aug 2018 - PKS Automation/Create Employer Acc/Create Employer Account

2018-12-11 15:56:51 - [TEST_STEP][PASSED] - callTestCase: Call Test Case 'Test Cases/Final Aug 2018 - PKS Automation/Create Employer Acc/Template/Register Employer' successfully

2018-12-11 15:56:51 - [TEST_CASE][PASSED] - Test Cases/Final Aug 2018 - PKS Automation/Create Employer Acc/Template/Register Employer: Test Cases/Final Aug 2018 - PKS Automation/Create Employer Acc/Template/Register Employer

2018-12-11 15:56:51 - [TEST_STEP][PASSED] - openBrowser: Browser is opened with url: ''

2018-12-11 15:56:51 - [MESSAGE][WARNING] - A browser is already opened. Closing browser and opening a new one

2018-12-11 15:56:55 - [MESSAGE][PASSED] - Browser is opened with url: ''

2018-12-11 15:56:55 - [TEST_STEP][PASSED] - navigateToUrl: Navigate to 'https://assist2-uat.perkeso.gov.my/login' successfully

2018-12-11 15:56:56 - [MESSAGE][PASSED] - Navigate to 'https://assist2-uat.perkeso.gov.my/login' successfully

2018-12-11 15:56:56 - [TEST_STEP][PASSED] - setText: Text 'johorotc1@gmail.com' is set on object 'Object Repository/Final Object Repo/Login Page/Internal User/Email Address'

2018-12-11 15:56:57 - [MESSAGE][PASSED] - Text 'johorotc1@gmail.com' is set on object 'Object Repository/Final Object Repo/Login Page/Internal User/Email Address'

2018-12-11 15:56:57 - [TEST_STEP][PASSED] - click: Object: 'Object Repository/Final Object Repo/Login Page/Internal User/Next Button' is clicked on

2018-12-11 15:56:57 - [MESSAGE][PASSED] - Object: 'Object Repository/Final Object Repo/Login Page/Internal User/Next Button' is clicked on

2018-12-11 15:56:57 - [TEST_STEP][PASSED] - delay: Delayed 1 second(s)

2018-12-11 15:56:58 - [MESSAGE][PASSED] - Delayed 1 second(s)

2018-12-11 15:56:58 - [TEST_STEP][PASSED] - setEncryptedText: Text ****** has been set on object 'Object Repository/Final Object Repo/Login Page/Internal User/Password'

2018-12-11 15:56:58 - [MESSAGE][PASSED] - Text ****** has been set on object 'Object Repository/Final Object Repo/Login Page/Internal User/Password'

2018-12-11 15:56:58 - [TEST_STEP][PASSED] - click: Object: 'Object Repository/Final Object Repo/Login Page/Internal User/Login Button' is clicked on

2018-12-11 15:56:58 - [MESSAGE][PASSED] - Object: 'Object Repository/Final Object Repo/Login Page/Internal User/Login Button' is clicked on

2018-12-11 15:56:58 - [TEST_STEP][PASSED] - delay: Delayed 1 second(s)

2018-12-11 15:56:59 - [MESSAGE][PASSED] - Delayed 1 second(s)

2018-12-11 15:56:59 - [TEST_STEP][PASSED] - navigateToUrl: Navigate to 'https://assist2-uat.perkeso.gov.my/web/base/portal-id/registration' successfully

2018-12-11 15:57:01 - [MESSAGE][PASSED] - Navigate to 'https://assist2-uat.perkeso.gov.my/web/base/portal-id/registration' successfully

2018-12-11 15:57:01 - [TEST_STEP][PASSED] - setText: Text 'AUTOMATION EMPLOYER' is set on object 'Object Repository/Final Object Repo/Creating Employer Account/Page_Registration - ASSIST (Base)/Employer Name'

2018-12-11 15:57:02 - [MESSAGE][PASSED] - Text 'AUTOMATION EMPLOYER' is set on object 'Object Repository/Final Object Repo/Creating Employer Account/Page_Registration - ASSIST (Base)/Employer Name'

2018-12-11 15:57:02 - [TEST_STEP][PASSED] - delay: Delayed 2 second(s)

2018-12-11 15:57:04 - [MESSAGE][PASSED] - Delayed 2 second(s)

2018-12-11 15:57:04 - [TEST_STEP][PASSED] - click: Object: 'Object Repository/Final Object Repo/Creating Employer Account/Page_Registration - ASSIST (Base)/Registration Type' is clicked on

2018-12-11 15:57:04 - [MESSAGE][PASSED] - Object: 'Object Repository/Final Object Repo/Creating Employer Account/Page_Registration - ASSIST (Base)/Registration Type' is clicked on

2018-12-11 15:57:04 - [TEST_STEP][PASSED] - delay: Delayed 2 second(s)

2018-12-11 15:57:06 - [MESSAGE][PASSED] - Delayed 2 second(s)

2018-12-11 15:57:06 - [TEST_STEP][PASSED] - click: Object: 'Object Repository/Final Object Repo/Creating Employer Account/Page_Registration - ASSIST (Base)/Registration Type - Registration No' is clicked on

2018-12-11 15:57:06 - [MESSAGE][PASSED] - Object: 'Object Repository/Final Object Repo/Creating Employer Account/Page_Registration - ASSIST (Base)/Registration Type - Registration No' is clicked on

2018-12-11 15:57:06 - [TEST_STEP][PASSED] - delay: Delayed 2 second(s)

2018-12-11 15:57:08 - [MESSAGE][PASSED] - Delayed 2 second(s)

2018-12-11 15:57:08 - [TEST_STEP][PASSED] - setText: Text 'AUTOMATE001' is set on object 'Object Repository/Final Object Repo/Creating Employer Account/Page_Registration - ASSIST (Base)/Registration Number'

2018-12-11 15:57:09 - [MESSAGE][PASSED] - Text 'AUTOMATE001' is set on object 'Object Repository/Final Object Repo/Creating Employer Account/Page_Registration - ASSIST (Base)/Registration Number'

2018-12-11 15:57:09 - [TEST_STEP][PASSED] - delay: Delayed 2 second(s)

2018-12-11 15:57:11 - [MESSAGE][PASSED] - Delayed 2 second(s)

2018-12-11 15:57:11 - [TEST_STEP][PASSED] - setText: Text 'ADDRESS 1' is set on object 'Object Repository/Final Object Repo/Creating Employer Account/Page_Registration - ASSIST (Base)/Postal Address 1'

2018-12-11 15:57:11 - [MESSAGE][PASSED] - Text 'ADDRESS 1' is set on object 'Object Repository/Final Object Repo/Creating Employer Account/Page_Registration - ASSIST (Base)/Postal Address 1'

2018-12-11 15:57:11 - [TEST_STEP][PASSED] - setText: Text 'ADDRESS 2' is set on object 'Object Repository/Final Object Repo/Creating Employer Account/Page_Registration - ASSIST (Base)/Postal Address 2'

2018-12-11 15:57:11 - [MESSAGE][PASSED] - Text 'ADDRESS 2' is set on object 'Object Repository/Final Object Repo/Creating Employer Account/Page_Registration - ASSIST (Base)/Postal Address 2'

2018-12-11 15:57:11 - [TEST_STEP][PASSED] - click: Object: 'Object Repository/Final Object Repo/Creating Employer Account/Page_Registration - ASSIST (Base)/State' is clicked on

2018-12-11 15:57:12 - [MESSAGE][PASSED] - Object: 'Object Repository/Final Object Repo/Creating Employer Account/Page_Registration - ASSIST (Base)/State' is clicked on

2018-12-11 15:57:12 - [TEST_STEP][PASSED] - delay: Delayed 2 second(s)

2018-12-11 15:57:14 - [MESSAGE][PASSED] - Delayed 2 second(s)

2018-12-11 15:57:14 - [TEST_STEP][PASSED] - click: Object: 'Object Repository/Final Object Repo/Creating Employer Account/Page_Registration - ASSIST (Base)/State - Johor' is clicked on

2018-12-11 15:57:14 - [MESSAGE][PASSED] - Object: 'Object Repository/Final Object Repo/Creating Employer Account/Page_Registration - ASSIST (Base)/State - Johor' is clicked on

2018-12-11 15:57:14 - [TEST_STEP][PASSED] - delay: Delayed 2 second(s)

2018-12-11 15:57:16 - [MESSAGE][PASSED] - Delayed 2 second(s)

2018-12-11 15:57:16 - [TEST_STEP][PASSED] - click: Object: 'Object Repository/Final Object Repo/Creating Employer Account/Page_Registration - ASSIST (Base)/City' is clicked on

2018-12-11 15:57:16 - [MESSAGE][PASSED] - Object: 'Object Repository/Final Object Repo/Creating Employer Account/Page_Registration - ASSIST (Base)/City' is clicked on

2018-12-11 15:57:16 - [TEST_STEP][PASSED] - delay: Delayed 2 second(s)

2018-12-11 15:57:18 - [MESSAGE][PASSED] - Delayed 2 second(s)

2018-12-11 15:57:18 - [TEST_STEP][PASSED] - setText: Text 'joh' is set on object 'Object Repository/Final Object Repo/Creating Employer Account/Page_Registration - ASSIST (Base)/City - joh'

2018-12-11 15:57:18 - [MESSAGE][PASSED] - Text 'joh' is set on object 'Object Repository/Final Object Repo/Creating Employer Account/Page_Registration - ASSIST (Base)/City - joh'

2018-12-11 15:57:18 - [TEST_STEP][PASSED] - delay: Delayed 2 second(s)

2018-12-11 15:57:20 - [MESSAGE][PASSED] - Delayed 2 second(s)

2018-12-11 15:57:20 - [TEST_STEP][PASSED] - click: Object: 'Object Repository/Final Object Repo/Creating Employer Account/Page_Registration - ASSIST (Base)/City - Johor Bharu' is clicked on

2018-12-11 15:57:20 - [MESSAGE][PASSED] - Object: 'Object Repository/Final Object Repo/Creating Employer Account/Page_Registration - ASSIST (Base)/City - Johor Bharu' is clicked on

2018-12-11 15:57:20 - [TEST_STEP][PASSED] - delay: Delayed 2 second(s)

2018-12-11 15:57:22 - [MESSAGE][PASSED] - Delayed 2 second(s)

2018-12-11 15:57:22 - [TEST_STEP][PASSED] - click: Object: 'Object Repository/Final Object Repo/Creating Employer Account/Page_Registration - ASSIST (Base)/Post Code' is clicked on

2018-12-11 15:57:23 - [MESSAGE][PASSED] - Object: 'Object Repository/Final Object Repo/Creating Employer Account/Page_Registration - ASSIST (Base)/Post Code' is clicked on

2018-12-11 15:57:23 - [TEST_STEP][PASSED] - delay: Delayed 2 second(s)

2018-12-11 15:57:25 - [MESSAGE][PASSED] - Delayed 2 second(s)

2018-12-11 15:57:25 - [TEST_STEP][PASSED] - setText: Text '810' is set on object 'Object Repository/Final Object Repo/Creating Employer Account/Page_Registration - ASSIST (Base)/Post Code - 810'

2018-12-11 15:57:25 - [MESSAGE][PASSED] - Text '810' is set on object 'Object Repository/Final Object Repo/Creating Employer Account/Page_Registration - ASSIST (Base)/Post Code - 810'

2018-12-11 15:57:25 - [TEST_STEP][PASSED] - delay: Delayed 2 second(s)

2018-12-11 15:57:27 - [MESSAGE][PASSED] - Delayed 2 second(s)

2018-12-11 15:57:27 - [TEST_STEP][PASSED] - click: Object: 'Object Repository/Final Object Repo/Creating Employer Account/Page_Registration - ASSIST (Base)/Post Code - 81000' is clicked on

2018-12-11 15:57:27 - [MESSAGE][PASSED] - Object: 'Object Repository/Final Object Repo/Creating Employer Account/Page_Registration - ASSIST (Base)/Post Code - 81000' is clicked on

2018-12-11 15:57:27 - [TEST_STEP][PASSED] - delay: Delayed 2 second(s)

2018-12-11 15:57:29 - [MESSAGE][PASSED] - Delayed 2 second(s)

2018-12-11 15:57:29 - [TEST_STEP][PASSED] - setText: Text 'PERKESO' is set on object 'Object Repository/Final Object Repo/Creating Employer Account/Page_Registration - ASSIST (Base)/Full Name'

2018-12-11 15:57:29 - [MESSAGE][PASSED] - Text 'PERKESO' is set on object 'Object Repository/Final Object Repo/Creating Employer Account/Page_Registration - ASSIST (Base)/Full Name'

2018-12-11 15:57:29 - [TEST_STEP][PASSED] - Statement - rnd = new java.util.Random(): null

2018-12-11 15:57:29 - [TEST_STEP][PASSED] - Statement - snum = rnd.nextInt(899999 + 1) + 100000: null

2018-12-11 15:57:29 - [TEST_STEP][PASSED] - Statement - tnum = rnd.nextInt(899999 + 1) + 100000: null

2018-12-11 15:57:29 - [TEST_STEP][PASSED] - Statement - IC = java.lang.Integer.toString(snum) + java.lang.Integer.toString(tnum): null

2018-12-11 15:57:29 - [TEST_STEP][PASSED] - Statement - out.println(IC): null

2018-12-11 15:57:29 - [TEST_STEP][PASSED] - setText: Text '443732801332' is set on object 'Object Repository/Final Object Repo/Creating Employer Account/Page_Registration - ASSIST (Base)/Identification Number'

2018-12-11 15:57:30 - [MESSAGE][PASSED] - Text '443732801332' is set on object 'Object Repository/Final Object Repo/Creating Employer Account/Page_Registration - ASSIST (Base)/Identification Number'

2018-12-11 15:57:30 - [TEST_STEP][PASSED] - delay: Delayed 2 second(s)

2018-12-11 15:57:32 - [MESSAGE][PASSED] - Delayed 2 second(s)

2018-12-11 15:57:32 - [TEST_STEP][PASSED] - setText: Text '123456789012' is set on object 'Object Repository/Final Object Repo/Creating Employer Account/Page_Registration - ASSIST (Base)/Contact Number'

2018-12-11 15:57:32 - [MESSAGE][PASSED] - Text '123456789012' is set on object 'Object Repository/Final Object Repo/Creating Employer Account/Page_Registration - ASSIST (Base)/Contact Number'

2018-12-11 15:57:32 - [TEST_STEP][PASSED] - Statement - Email = "perkeso" + IC + "@gmail.com": null

2018-12-11 15:57:32 - [TEST_STEP][PASSED] - delay: Delayed 2 second(s)

2018-12-11 15:57:34 - [MESSAGE][PASSED] - Delayed 2 second(s)

2018-12-11 15:57:34 - [TEST_STEP][PASSED] - callTestCase: Call Test Case 'Test Cases/Final Aug 2018 - PKS Automation/Create Employer Acc/Template/Employer Email Settler' successfully

2018-12-11 15:57:34 - [TEST_CASE][PASSED] - Test Cases/Final Aug 2018 - PKS Automation/Create Employer Acc/Template/Employer Email Settler: Test Cases/Final Aug 2018 - PKS Automation/Create Employer Acc/Template/Employer Email Settler

2018-12-11 15:57:34 - [TEST_STEP][PASSED] - Statement - EmpEmailOld = new java.io.File(C://Users//Admin//Desktop//PKS//Automation Reference Point//EmpEmail.txt): null

2018-12-11 15:57:34 - [TEST_STEP][PASSED] - Statement - EmpEmailOld.delete(): null

2018-12-11 15:57:34 - [TEST_STEP][PASSED] - delay: Delayed 5 second(s)

2018-12-11 15:57:39 - [MESSAGE][PASSED] - Delayed 5 second(s)

2018-12-11 15:57:39 - [TEST_STEP][PASSED] - Statement - EmpEmail = new java.io.File(C://Users//Admin//Desktop//PKS//Automation Reference Point//EmpEmail.txt): null

2018-12-11 15:57:39 - [TEST_STEP][PASSED] - Statement - f2 = new java.io.FileWriter(EmpEmail, false): null

2018-12-11 15:57:39 - [TEST_STEP][PASSED] - Statement - f2.write(Email): null

2018-12-11 15:57:39 - [TEST_STEP][PASSED] - Statement - f2.close(): null

2018-12-11 15:57:39 - [TEST_STEP][PASSED] - Statement - out.println(Email): null

2018-12-11 15:57:39 - [MESSAGE][PASSED] - Call Test Case 'Test Cases/Final Aug 2018 - PKS Automation/Create Employer Acc/Template/Employer Email Settler' successfully

2018-12-11 15:57:39 - [TEST_STEP][PASSED] - delay: Delayed 2 second(s)

2018-12-11 15:57:41 - [MESSAGE][PASSED] - Delayed 2 second(s)

2018-12-11 15:57:41 - [TEST_STEP][PASSED] - setText: Text 'perkeso443732801332@gmail.com' is set on object 'Object Repository/Final Object Repo/Creating Employer Account/Page_Registration - ASSIST (Base)/Email'

2018-12-11 15:57:42 - [MESSAGE][PASSED] - Text 'perkeso443732801332@gmail.com' is set on object 'Object Repository/Final Object Repo/Creating Employer Account/Page_Registration - ASSIST (Base)/Email'

2018-12-11 15:57:42 - [TEST_STEP][PASSED] - setText: Text '123' is set on object 'Object Repository/Final Object Repo/Creating Employer Account/Page_Registration - ASSIST (Base)/Security Phase'

2018-12-11 15:57:42 - [MESSAGE][PASSED] - Text '123' is set on object 'Object Repository/Final Object Repo/Creating Employer Account/Page_Registration - ASSIST (Base)/Security Phase'

2018-12-11 15:57:42 - [TEST_STEP][PASSED] - click: Object: 'Object Repository/Final Object Repo/Creating Employer Account/Page_Registration - ASSIST (Base)/Save  Continue' is clicked on

2018-12-11 15:57:42 - [MESSAGE][PASSED] - Object: 'Object Repository/Final Object Repo/Creating Employer Account/Page_Registration - ASSIST (Base)/Save  Continue' is clicked on

2018-12-11 15:57:42 - [TEST_STEP][PASSED] - delay: Delayed 2 second(s)

2018-12-11 15:57:44 - [MESSAGE][PASSED] - Delayed 2 second(s)

2018-12-11 15:57:44 - [TEST_STEP][PASSED] - click: Object: 'Object Repository/Final Object Repo/Creating Employer Account/Page_Registration - ASSIST (Base)/Add Document' is clicked on

2018-12-11 15:57:44 - [MESSAGE][PASSED] - Object: 'Object Repository/Final Object Repo/Creating Employer Account/Page_Registration - ASSIST (Base)/Add Document' is clicked on

2018-12-11 15:57:44 - [TEST_STEP][PASSED] - delay: Delayed 2 second(s)

2018-12-11 15:57:46 - [MESSAGE][PASSED] - Delayed 2 second(s)

2018-12-11 15:57:46 - [TEST_STEP][PASSED] - click: Object: 'Object Repository/Final Object Repo/Creating Employer Account/Page_Registration - ASSIST (Base)/Document Type' is clicked on

2018-12-11 15:57:46 - [MESSAGE][PASSED] - Object: 'Object Repository/Final Object Repo/Creating Employer Account/Page_Registration - ASSIST (Base)/Document Type' is clicked on

2018-12-11 15:57:46 - [TEST_STEP][PASSED] - delay: Delayed 2 second(s)

2018-12-11 15:57:48 - [MESSAGE][PASSED] - Delayed 2 second(s)

2018-12-11 15:57:48 - [TEST_STEP][PASSED] - click: Object: 'Object Repository/Final Object Repo/Creating Employer Account/Page_Registration - ASSIST (Base)/Document Type - Letter of Authorization' is clicked on

2018-12-11 15:57:49 - [MESSAGE][PASSED] - Object: 'Object Repository/Final Object Repo/Creating Employer Account/Page_Registration - ASSIST (Base)/Document Type - Letter of Authorization' is clicked on

2018-12-11 15:57:49 - [TEST_STEP][PASSED] - delay: Delayed 2 second(s)

2018-12-11 15:57:51 - [MESSAGE][PASSED] - Delayed 2 second(s)

2018-12-11 15:57:51 - [TEST_STEP][PASSED] - sendKeys: Keys 'C:\Users\Public\Pictures\Sample Pictures\Koala.jpg' sent to object: 'Object Repository/Final Object Repo/Creating Employer Account/Page_Registration - ASSIST (Base)/Uploading File'

2018-12-11 15:57:51 - [MESSAGE][PASSED] - Keys 'C:\Users\Public\Pictures\Sample Pictures\Koala.jpg' sent to object: 'Object Repository/Final Object Repo/Creating Employer Account/Page_Registration - ASSIST (Base)/Uploading File'

2018-12-11 15:57:51 - [TEST_STEP][PASSED] - delay: Delayed 2 second(s)

2018-12-11 15:57:53 - [MESSAGE][PASSED] - Delayed 2 second(s)

2018-12-11 15:57:53 - [TEST_STEP][PASSED] - click: Object: 'Object Repository/Final Object Repo/Creating Employer Account/Page_Registration - ASSIST (Base)/Add Document in Uploading File' is clicked on

2018-12-11 15:57:53 - [MESSAGE][PASSED] - Object: 'Object Repository/Final Object Repo/Creating Employer Account/Page_Registration - ASSIST (Base)/Add Document in Uploading File' is clicked on

2018-12-11 15:57:53 - [TEST_STEP][PASSED] - delay: Delayed 2 second(s)

2018-12-11 15:57:55 - [MESSAGE][PASSED] - Delayed 2 second(s)

2018-12-11 15:57:55 - [TEST_STEP][PASSED] - click: Object: 'Object Repository/Final Object Repo/Creating Employer Account/Page_Registration - ASSIST (Base)/Save' is clicked on

2018-12-11 15:57:55 - [MESSAGE][PASSED] - Object: 'Object Repository/Final Object Repo/Creating Employer Account/Page_Registration - ASSIST (Base)/Save' is clicked on

2018-12-11 15:57:55 - [TEST_STEP][PASSED] - delay: Delayed 2 second(s)

2018-12-11 15:57:57 - [MESSAGE][PASSED] - Delayed 2 second(s)

2018-12-11 15:57:57 - [TEST_STEP][PASSED] - click: Object: 'Object Repository/Final Object Repo/Creating Employer Account/Page_Registration - ASSIST (Base)/Submit' is clicked on

2018-12-11 15:57:57 - [MESSAGE][PASSED] - Object: 'Object Repository/Final Object Repo/Creating Employer Account/Page_Registration - ASSIST (Base)/Submit' is clicked on

2018-12-11 15:57:57 - [TEST_STEP][PASSED] - delay: Delayed 2 second(s)

2018-12-11 15:57:59 - [MESSAGE][PASSED] - Delayed 2 second(s)

2018-12-11 15:57:59 - [TEST_STEP][PASSED] - click: Object: 'Object Repository/Final Object Repo/Creating Employer Account/Page_Registration - ASSIST (Base)/Confirm' is clicked on

2018-12-11 15:57:59 - [MESSAGE][PASSED] - Object: 'Object Repository/Final Object Repo/Creating Employer Account/Page_Registration - ASSIST (Base)/Confirm' is clicked on

2018-12-11 15:57:59 - [MESSAGE][PASSED] - Call Test Case 'Test Cases/Final Aug 2018 - PKS Automation/Create Employer Acc/Template/Register Employer' successfully

2018-12-11 15:57:59 - [TEST_STEP][PASSED] - delay: Delayed 1 second(s)

2018-12-11 15:58:00 - [MESSAGE][PASSED] - Delayed 1 second(s)

2018-12-11 15:58:00 - [TEST_STEP][PASSED] - navigateToUrl: Navigate to 'https://assist2-uat.perkeso.gov.my/c/portal/logout' successfully

2018-12-11 15:58:02 - [MESSAGE][PASSED] - Navigate to 'https://assist2-uat.perkeso.gov.my/c/portal/logout' successfully

2018-12-11 15:58:02 - [TEST_STEP][PASSED] - delay: Delayed 1 second(s)

2018-12-11 15:58:03 - [MESSAGE][PASSED] - Delayed 1 second(s)

2018-12-11 15:58:03 - [TEST_STEP][PASSED] - callTestCase: Call Test Case 'Test Cases/Final Aug 2018 - PKS Automation/Create Employer Acc/Template/Change Password of Employer' successfully

2018-12-11 15:58:03 - [TEST_CASE][PASSED] - Test Cases/Final Aug 2018 - PKS Automation/Create Employer Acc/Template/Change Password of Employer: Test Cases/Final Aug 2018 - PKS Automation/Create Employer Acc/Template/Change Password of Employer

2018-12-11 15:58:03 - [TEST_STEP][PASSED] - openBrowser: Browser is opened with url: ''

2018-12-11 15:58:03 - [MESSAGE][WARNING] - A browser is already opened. Closing browser and opening a new one

2018-12-11 15:58:08 - [MESSAGE][PASSED] - Browser is opened with url: ''

2018-12-11 15:58:08 - [TEST_STEP][PASSED] - navigateToUrl: Navigate to 'https://assist2-uat.perkeso.gov.my/login' successfully

2018-12-11 15:58:09 - [MESSAGE][PASSED] - Navigate to 'https://assist2-uat.perkeso.gov.my/login' successfully

2018-12-11 15:58:09 - [TEST_STEP][PASSED] - delay: Delayed 5 second(s)

2018-12-11 15:58:14 - [MESSAGE][PASSED] - Delayed 5 second(s)

2018-12-11 15:58:14 - [TEST_STEP][PASSED] - setText: Text 'test@liferay.com' is set on object 'Object Repository/Final Object Repo/Login Page/Internal User/Email Address'

2018-12-11 15:58:14 - [MESSAGE][PASSED] - Text 'test@liferay.com' is set on object 'Object Repository/Final Object Repo/Login Page/Internal User/Email Address'

2018-12-11 15:58:14 - [TEST_STEP][PASSED] - click: Object: 'Object Repository/Final Object Repo/Login Page/Internal User/Next Button' is clicked on

2018-12-11 15:58:14 - [MESSAGE][PASSED] - Object: 'Object Repository/Final Object Repo/Login Page/Internal User/Next Button' is clicked on

2018-12-11 15:58:14 - [TEST_STEP][PASSED] - delay: Delayed 2 second(s)

2018-12-11 15:58:16 - [MESSAGE][PASSED] - Delayed 2 second(s)

2018-12-11 15:58:16 - [TEST_STEP][PASSED] - setText: Text 'test' is set on object 'Object Repository/Final Object Repo/Login Page/Internal User/Password'

2018-12-11 15:58:16 - [MESSAGE][PASSED] - Text 'test' is set on object 'Object Repository/Final Object Repo/Login Page/Internal User/Password'

2018-12-11 15:58:16 - [TEST_STEP][PASSED] - delay: Delayed 2 second(s)

2018-12-11 15:58:18 - [MESSAGE][PASSED] - Delayed 2 second(s)

2018-12-11 15:58:18 - [TEST_STEP][PASSED] - click: Object: 'Object Repository/Final Object Repo/Login Page/Internal User/Login Button' is clicked on

2018-12-11 15:58:18 - [MESSAGE][PASSED] - Object: 'Object Repository/Final Object Repo/Login Page/Internal User/Login Button' is clicked on

2018-12-11 15:58:18 - [TEST_STEP][PASSED] - delay: Delayed 3 second(s)

2018-12-11 15:58:21 - [MESSAGE][PASSED] - Delayed 3 second(s)

2018-12-11 15:58:21 - [TEST_STEP][PASSED] - navigateToUrl: Navigate to 'https://assist2-uat.perkeso.gov.my/group/control_panel/manage?p_p_id=125&p_p_lifecycle=0&p_p_state=maximized&p_p_mode=view&refererPlid=20455&_125_usersListView=flat-users&_125_toolbarItem=view-all-users&_125_saveUsersListView=true&_125_struts_action=%2Fusers_admin%2Fview' successfully

2018-12-11 15:58:23 - [MESSAGE][PASSED] - Navigate to 'https://assist2-uat.perkeso.gov.my/group/control_panel/manage?p_p_id=125&p_p_lifecycle=0&p_p_state=maximized&p_p_mode=view&refererPlid=20455&_125_usersListView=flat-users&_125_toolbarItem=view-all-users&_125_saveUsersListView=true&_125_struts_action=%2Fusers_admin%2Fview' successfully

2018-12-11 15:58:23 - [TEST_STEP][PASSED] - delay: Delayed 3 second(s)

2018-12-11 15:58:26 - [MESSAGE][PASSED] - Delayed 3 second(s)

2018-12-11 15:58:26 - [TEST_STEP][PASSED] - setText: Text 'perkeso443732801332@gmail.com' is set on object 'Object Repository/Final Object Repo/Creating Employer Account/Page_Users and Organizations - ASSIST/Employer name'

2018-12-11 15:58:27 - [MESSAGE][PASSED] - Text 'perkeso443732801332@gmail.com' is set on object 'Object Repository/Final Object Repo/Creating Employer Account/Page_Users and Organizations - ASSIST/Employer name'

2018-12-11 15:58:27 - [TEST_STEP][PASSED] - delay: Delayed 3 second(s)

2018-12-11 15:58:30 - [MESSAGE][PASSED] - Delayed 3 second(s)

2018-12-11 15:58:30 - [TEST_STEP][PASSED] - click: Object: 'Object Repository/Final Object Repo/Creating Employer Account/Page_Users and Organizations - ASSIST/Search' is clicked on

2018-12-11 15:58:30 - [MESSAGE][PASSED] - Object: 'Object Repository/Final Object Repo/Creating Employer Account/Page_Users and Organizations - ASSIST/Search' is clicked on

2018-12-11 15:58:30 - [TEST_STEP][PASSED] - delay: Delayed 3 second(s)

2018-12-11 15:58:33 - [MESSAGE][PASSED] - Delayed 3 second(s)

2018-12-11 15:58:33 - [TEST_STEP][PASSED] - click: Object: 'Object Repository/Final Object Repo/Creating Employer Account/Page_Users and Organizations - ASSIST/Action' is clicked on

2018-12-11 15:58:33 - [MESSAGE][PASSED] - Object: 'Object Repository/Final Object Repo/Creating Employer Account/Page_Users and Organizations - ASSIST/Action' is clicked on

2018-12-11 15:58:33 - [TEST_STEP][PASSED] - delay: Delayed 3 second(s)

2018-12-11 15:58:36 - [MESSAGE][PASSED] - Delayed 3 second(s)

2018-12-11 15:58:36 - [TEST_STEP][PASSED] - click: Object: 'Object Repository/Final Object Repo/Creating Employer Account/Page_Users and Organizations - ASSIST/Edit' is clicked on

2018-12-11 15:58:37 - [MESSAGE][PASSED] - Object: 'Object Repository/Final Object Repo/Creating Employer Account/Page_Users and Organizations - ASSIST/Edit' is clicked on

2018-12-11 15:58:37 - [TEST_STEP][PASSED] - delay: Delayed 3 second(s)

2018-12-11 15:58:40 - [MESSAGE][PASSED] - Delayed 3 second(s)

2018-12-11 15:58:40 - [TEST_STEP][PASSED] - click: Object: 'Object Repository/Final Object Repo/Creating Employer Account/Page_PERKESO - Users and Organizati/a_Password (Modified)' is clicked on

2018-12-11 15:58:40 - [MESSAGE][PASSED] - Object: 'Object Repository/Final Object Repo/Creating Employer Account/Page_PERKESO - Users and Organizati/a_Password (Modified)' is clicked on

2018-12-11 15:58:40 - [TEST_STEP][PASSED] - delay: Delayed 3 second(s)

2018-12-11 15:58:43 - [MESSAGE][PASSED] - Delayed 3 second(s)

2018-12-11 15:58:43 - [TEST_STEP][PASSED] - setEncryptedText: Text ****** has been set on object 'Object Repository/Final Object Repo/Creating Employer Account/Page_PERKESO - Users and Organizati/input__125_password1'

2018-12-11 15:58:44 - [MESSAGE][PASSED] - Text ****** has been set on object 'Object Repository/Final Object Repo/Creating Employer Account/Page_PERKESO - Users and Organizati/input__125_password1'

2018-12-11 15:58:44 - [TEST_STEP][PASSED] - delay: Delayed 3 second(s)

2018-12-11 15:58:47 - [MESSAGE][PASSED] - Delayed 3 second(s)

2018-12-11 15:58:47 - [TEST_STEP][PASSED] - setEncryptedText: Text ****** has been set on object 'Object Repository/Final Object Repo/Creating Employer Account/Page_PERKESO - Users and Organizati/input__125_password2'

2018-12-11 15:58:47 - [MESSAGE][PASSED] - Text ****** has been set on object 'Object Repository/Final Object Repo/Creating Employer Account/Page_PERKESO - Users and Organizati/input__125_password2'

2018-12-11 15:58:47 - [TEST_STEP][PASSED] - delay: Delayed 3 second(s)

2018-12-11 15:58:50 - [MESSAGE][PASSED] - Delayed 3 second(s)

2018-12-11 15:58:50 - [TEST_STEP][PASSED] - click: Object: 'Object Repository/Final Object Repo/Creating Employer Account/Page_PERKESO - Users and Organizati/Save' is clicked on

2018-12-11 15:58:52 - [MESSAGE][PASSED] - Object: 'Object Repository/Final Object Repo/Creating Employer Account/Page_PERKESO - Users and Organizati/Save' is clicked on

2018-12-11 15:58:52 - [MESSAGE][PASSED] - Call Test Case 'Test Cases/Final Aug 2018 - PKS Automation/Create Employer Acc/Template/Change Password of Employer' successfully

2018-12-11 15:58:52 - [TEST_STEP][PASSED] - delay: Delayed 1 second(s)

2018-12-11 15:58:53 - [MESSAGE][PASSED] - Delayed 1 second(s)

2018-12-11 15:58:53 - [TEST_STEP][PASSED] - navigateToUrl: Navigate to 'https://assist2-uat.perkeso.gov.my/c/portal/logout' successfully

2018-12-11 15:58:53 - [MESSAGE][PASSED] - Navigate to 'https://assist2-uat.perkeso.gov.my/c/portal/logout' successfully

2018-12-11 15:58:53 - [TEST_STEP][PASSED] - delay: Delayed 1 second(s)

2018-12-11 15:58:54 - [MESSAGE][PASSED] - Delayed 1 second(s)

2018-12-11 15:58:54 - [TEST_STEP][PASSED] - callTestCase: Call Test Case 'Test Cases/Final Aug 2018 - PKS Automation/Create Employer Acc/Template/Login to Employer Account (First Time)' successfully

2018-12-11 15:58:54 - [TEST_CASE][PASSED] - Test Cases/Final Aug 2018 - PKS Automation/Create Employer Acc/Template/Login to Employer Account (First Time): Test Cases/Final Aug 2018 - PKS Automation/Create Employer Acc/Template/Login to Employer Account (First Time)

2018-12-11 15:58:54 - [TEST_STEP][PASSED] - openBrowser: Browser is opened with url: ''

2018-12-11 15:58:54 - [MESSAGE][WARNING] - A browser is already opened. Closing browser and opening a new one

2018-12-11 15:58:59 - [MESSAGE][PASSED] - Browser is opened with url: ''

2018-12-11 15:58:59 - [TEST_STEP][PASSED] - navigateToUrl: Navigate to 'https://assist2-uat.perkeso.gov.my/employer/login' successfully

2018-12-11 15:59:00 - [MESSAGE][PASSED] - Navigate to 'https://assist2-uat.perkeso.gov.my/employer/login' successfully

2018-12-11 15:59:00 - [TEST_STEP][PASSED] - delay: Delayed 3 second(s)

2018-12-11 15:59:03 - [MESSAGE][PASSED] - Delayed 3 second(s)

2018-12-11 15:59:03 - [TEST_STEP][PASSED] - callTestCase: Call Test Case 'Test Cases/Final Aug 2018 - PKS Automation/Create Employer Acc/Template/Employer Email Getter' successfully

2018-12-11 15:59:03 - [TEST_CASE][PASSED] - Test Cases/Final Aug 2018 - PKS Automation/Create Employer Acc/Template/Employer Email Getter: Test Cases/Final Aug 2018 - PKS Automation/Create Employer Acc/Template/Employer Email Getter

2018-12-11 15:59:03 - [TEST_STEP][PASSED] - Statement - Try: null

2018-12-11 15:59:03 - [TEST_STEP][PASSED] - Statement - EmpEmail = new java.io.File(C://Users//Admin//Desktop//PKS//Automation Reference Point//EmpEmail.txt): null

2018-12-11 15:59:03 - [TEST_STEP][PASSED] - Statement - bufferread = new java.io.BufferedReader(new java.io.FileReader(EmpEmail)): null

2018-12-11 15:59:03 - [TEST_STEP][PASSED] - Statement - readedVal = bufferread.readLine(): null

2018-12-11 15:59:03 - [TEST_STEP][PASSED] - Statement - out.println(readedVal): null

2018-12-11 15:59:03 - [TEST_STEP][PASSED] - Statement - Email = readedVal: null

2018-12-11 15:59:03 - [MESSAGE][PASSED] - Call Test Case 'Test Cases/Final Aug 2018 - PKS Automation/Create Employer Acc/Template/Employer Email Getter' successfully

2018-12-11 15:59:03 - [TEST_STEP][PASSED] - setText: Text 'perkeso443732801332@gmail.com' is set on object 'Object Repository/Final Object Repo/Login Page/External Login Page/Email'

2018-12-11 15:59:03 - [MESSAGE][PASSED] - Text 'perkeso443732801332@gmail.com' is set on object 'Object Repository/Final Object Repo/Login Page/External Login Page/Email'

2018-12-11 15:59:03 - [TEST_STEP][PASSED] - click: Object: 'Object Repository/Final Object Repo/Login Page/External Login Page/Next' is clicked on

2018-12-11 15:59:04 - [MESSAGE][PASSED] - Object: 'Object Repository/Final Object Repo/Login Page/External Login Page/Next' is clicked on

2018-12-11 15:59:04 - [TEST_STEP][PASSED] - delay: Delayed 3 second(s)

2018-12-11 15:59:07 - [MESSAGE][PASSED] - Delayed 3 second(s)

2018-12-11 15:59:07 - [TEST_STEP][PASSED] - setEncryptedText: Text ****** has been set on object 'Object Repository/Final Object Repo/Login Page/External Login Page/Password'

2018-12-11 15:59:07 - [MESSAGE][PASSED] - Text ****** has been set on object 'Object Repository/Final Object Repo/Login Page/External Login Page/Password'

2018-12-11 15:59:07 - [TEST_STEP][PASSED] - click: Object: 'Object Repository/Final Object Repo/Login Page/External Login Page/Login' is clicked on

2018-12-11 15:59:07 - [MESSAGE][PASSED] - Object: 'Object Repository/Final Object Repo/Login Page/External Login Page/Login' is clicked on

2018-12-11 15:59:07 - [TEST_STEP][PASSED] - delay: Delayed 3 second(s)

2018-12-11 15:59:10 - [MESSAGE][PASSED] - Delayed 3 second(s)

2018-12-11 15:59:10 - [TEST_STEP][PASSED] - click: Object: 'Object Repository/Final Object Repo/Creating Employer Account/Page_Terms of Use - ASSIST/button_I Agree' is clicked on

2018-12-11 15:59:10 - [MESSAGE][PASSED] - Object: 'Object Repository/Final Object Repo/Creating Employer Account/Page_Terms of Use - ASSIST/button_I Agree' is clicked on

2018-12-11 15:59:10 - [TEST_STEP][PASSED] - delay: Delayed 2 second(s)

2018-12-11 15:59:12 - [MESSAGE][PASSED] - Delayed 2 second(s)

2018-12-11 15:59:12 - [TEST_STEP][PASSED] - setEncryptedText: Text ****** has been set on object 'Object Repository/Final Object Repo/Creating Employer Account/Page_New Password - ASSIST/input_password1'

2018-12-11 15:59:12 - [MESSAGE][PASSED] - Text ****** has been set on object 'Object Repository/Final Object Repo/Creating Employer Account/Page_New Password - ASSIST/input_password1'

2018-12-11 15:59:12 - [TEST_STEP][PASSED] - setEncryptedText: Text ****** has been set on object 'Object Repository/Final Object Repo/Creating Employer Account/Page_New Password - ASSIST/input_password2'

2018-12-11 15:59:13 - [MESSAGE][PASSED] - Text ****** has been set on object 'Object Repository/Final Object Repo/Creating Employer Account/Page_New Password - ASSIST/input_password2'

2018-12-11 15:59:13 - [TEST_STEP][PASSED] - delay: Delayed 2 second(s)

2018-12-11 15:59:15 - [MESSAGE][PASSED] - Delayed 2 second(s)

2018-12-11 15:59:15 - [TEST_STEP][PASSED] - click: Object: 'Object Repository/Final Object Repo/Creating Employer Account/Page_New Password - ASSIST/Save' is clicked on

2018-12-11 15:59:15 - [MESSAGE][PASSED] - Object: 'Object Repository/Final Object Repo/Creating Employer Account/Page_New Password - ASSIST/Save' is clicked on

2018-12-11 15:59:15 - [TEST_STEP][PASSED] - delay: Delayed 2 second(s)

2018-12-11 15:59:17 - [MESSAGE][PASSED] - Delayed 2 second(s)

2018-12-11 15:59:17 - [TEST_STEP][PASSED] - setText: Text 'test' is set on object 'Object Repository/Final Object Repo/Creating Employer Account/Page_Password Reminder - ASSIST/Reminder Query Answer'

2018-12-11 15:59:17 - [MESSAGE][PASSED] - Text 'test' is set on object 'Object Repository/Final Object Repo/Creating Employer Account/Page_Password Reminder - ASSIST/Reminder Query Answer'

2018-12-11 15:59:17 - [TEST_STEP][PASSED] - delay: Delayed 2 second(s)

2018-12-11 15:59:19 - [MESSAGE][PASSED] - Delayed 2 second(s)

2018-12-11 15:59:19 - [TEST_STEP][PASSED] - doubleClick: Object: 'Object Repository/Final Object Repo/Creating Employer Account/Page_Password Reminder - ASSIST/Save' is double clicked on

2018-12-11 15:59:22 - [MESSAGE][PASSED] - Object: 'Object Repository/Final Object Repo/Creating Employer Account/Page_Password Reminder - ASSIST/Save' is double clicked on

2018-12-11 15:59:22 - [MESSAGE][PASSED] - Call Test Case 'Test Cases/Final Aug 2018 - PKS Automation/Create Employer Acc/Template/Login to Employer Account (First Time)' successfully

2018-12-11 15:59:22 - [MESSAGE][PASSED] - Call Test Case 'Test Cases/Final Aug 2018 - PKS Automation/Create Employer Acc/Create Employer Account' successfully

2018-12-11 15:59:22 - [TEST_STEP][PASSED] - callTestCase: Call Test Case 'Test Cases/Final Aug 2018 - PKS Automation/Registration Module/Log Out/log out avoiding katalon tagging' successfully

2018-12-11 15:59:22 - [TEST_CASE][PASSED] - Test Cases/Final Aug 2018 - PKS Automation/Registration Module/Log Out/log out avoiding katalon tagging: Test Cases/Final Aug 2018 - PKS Automation/Registration Module/Log Out/log out avoiding katalon tagging

2018-12-11 15:59:22 - [TEST_STEP][PASSED] - navigateToUrl: Navigate to 'https://assist2-uat.perkeso.gov.my/c/portal/logout' successfully

2018-12-11 15:59:23 - [MESSAGE][PASSED] - Navigate to 'https://assist2-uat.perkeso.gov.my/c/portal/logout' successfully

2018-12-11 15:59:23 - [MESSAGE][PASSED] - Call Test Case 'Test Cases/Final Aug 2018 - PKS Automation/Registration Module/Log Out/log out avoiding katalon tagging' successfully

2018-12-11 15:59:23 - [TEST_STEP][PASSED] - callTestCase: Call Test Case 'Test Cases/Final Aug 2018 - PKS Automation/Create Employer Acc/Login to Employer Account (Second time)' successfully

2018-12-11 15:59:23 - [TEST_CASE][PASSED] - Test Cases/Final Aug 2018 - PKS Automation/Create Employer Acc/Login to Employer Account (Second time): Test Cases/Final Aug 2018 - PKS Automation/Create Employer Acc/Login to Employer Account (Second time)

2018-12-11 15:59:23 - [TEST_STEP][PASSED] - openBrowser: Browser is opened with url: ''

2018-12-11 15:59:23 - [MESSAGE][WARNING] - A browser is already opened. Closing browser and opening a new one

2018-12-11 15:59:27 - [MESSAGE][PASSED] - Browser is opened with url: ''

2018-12-11 15:59:27 - [TEST_STEP][PASSED] - navigateToUrl: Navigate to 'https://assist2-uat.perkeso.gov.my/employer/login' successfully

2018-12-11 15:59:28 - [MESSAGE][PASSED] - Navigate to 'https://assist2-uat.perkeso.gov.my/employer/login' successfully

2018-12-11 15:59:28 - [TEST_STEP][PASSED] - delay: Delayed 3 second(s)

2018-12-11 15:59:31 - [MESSAGE][PASSED] - Delayed 3 second(s)

2018-12-11 15:59:31 - [TEST_STEP][PASSED] - callTestCase: Call Test Case 'Test Cases/Final Aug 2018 - PKS Automation/Create Employer Acc/Template/Employer Email Getter' successfully

2018-12-11 15:59:31 - [TEST_CASE][PASSED] - Test Cases/Final Aug 2018 - PKS Automation/Create Employer Acc/Template/Employer Email Getter: Test Cases/Final Aug 2018 - PKS Automation/Create Employer Acc/Template/Employer Email Getter

2018-12-11 15:59:31 - [TEST_STEP][PASSED] - Statement - Try: null

2018-12-11 15:59:31 - [TEST_STEP][PASSED] - Statement - EmpEmail = new java.io.File(C://Users//Admin//Desktop//PKS//Automation Reference Point//EmpEmail.txt): null

2018-12-11 15:59:31 - [TEST_STEP][PASSED] - Statement - bufferread = new java.io.BufferedReader(new java.io.FileReader(EmpEmail)): null

2018-12-11 15:59:31 - [TEST_STEP][PASSED] - Statement - readedVal = bufferread.readLine(): null

2018-12-11 15:59:31 - [TEST_STEP][PASSED] - Statement - out.println(readedVal): null

2018-12-11 15:59:31 - [TEST_STEP][PASSED] - Statement - Email = readedVal: null

2018-12-11 15:59:31 - [MESSAGE][PASSED] - Call Test Case 'Test Cases/Final Aug 2018 - PKS Automation/Create Employer Acc/Template/Employer Email Getter' successfully

2018-12-11 15:59:31 - [TEST_STEP][PASSED] - setText: Text 'perkeso443732801332@gmail.com' is set on object 'Object Repository/Final Object Repo/Login Page/External Login Page/Email'

2018-12-11 15:59:32 - [MESSAGE][PASSED] - Text 'perkeso443732801332@gmail.com' is set on object 'Object Repository/Final Object Repo/Login Page/External Login Page/Email'

2018-12-11 15:59:32 - [TEST_STEP][PASSED] - click: Object: 'Object Repository/Final Object Repo/Login Page/External Login Page/Next' is clicked on

2018-12-11 15:59:32 - [MESSAGE][PASSED] - Object: 'Object Repository/Final Object Repo/Login Page/External Login Page/Next' is clicked on

2018-12-11 15:59:32 - [TEST_STEP][PASSED] - delay: Delayed 3 second(s)

2018-12-11 15:59:35 - [MESSAGE][PASSED] - Delayed 3 second(s)

2018-12-11 15:59:35 - [TEST_STEP][PASSED] - setEncryptedText: Text ****** has been set on object 'Object Repository/Final Object Repo/Login Page/External Login Page/Password'

2018-12-11 15:59:35 - [MESSAGE][PASSED] - Text ****** has been set on object 'Object Repository/Final Object Repo/Login Page/External Login Page/Password'

2018-12-11 15:59:35 - [TEST_STEP][PASSED] - click: Object: 'Object Repository/Final Object Repo/Login Page/External Login Page/Login' is clicked on

2018-12-11 15:59:35 - [MESSAGE][PASSED] - Object: 'Object Repository/Final Object Repo/Login Page/External Login Page/Login' is clicked on

2018-12-11 15:59:35 - [TEST_STEP][PASSED] - delay: Delayed 5 second(s)

2018-12-11 15:59:40 - [MESSAGE][PASSED] - Delayed 5 second(s)

2018-12-11 15:59:40 - [MESSAGE][PASSED] - Call Test Case 'Test Cases/Final Aug 2018 - PKS Automation/Create Employer Acc/Login to Employer Account (Second time)' successfully

2018-12-11 15:59:40 - [TEST_STEP][PASSED] - delay: Delayed 4 second(s)

2018-12-11 15:59:44 - [MESSAGE][PASSED] - Delayed 4 second(s)

2018-12-11 15:59:44 - [TEST_STEP][PASSED] - Statement - Try: Delayed 2 second(s)

2018-12-11 15:59:44 - [TEST_STEP][PASSED] - Statement - Checker = false: null

2018-12-11 15:59:44 - [TEST_STEP][PASSED] - Statement - Checker = com.kms.katalon.core.webui.keyword.WebUiBuiltInKeywords.verifyElementHasAttribute(com.kms.katalon.core.testobject.ObjectRepository.findTestObject(Final Object Repo/Landing Page/BM Detecting), "href", 20, OPTIONAL): Object 'Object Repository/Final Object Repo/Landing Page/BM Detecting' has attribute 'href'

2018-12-11 15:59:44 - [MESSAGE][PASSED] - Object 'Object Repository/Final Object Repo/Landing Page/BM Detecting' has attribute 'href'

2018-12-11 15:59:44 - [TEST_STEP][PASSED] - Statement - out.println(Checker): null

2018-12-11 15:59:44 - [TEST_STEP][PASSED] - Statement - If (Checker == false): null

2018-12-11 15:59:44 - [TEST_STEP][PASSED] - Statement - Else: null

2018-12-11 15:59:44 - [TEST_STEP][PASSED] - delay: Delayed 2 second(s)

2018-12-11 15:59:46 - [MESSAGE][PASSED] - Delayed 2 second(s)

2018-12-11 15:59:46 - [TEST_STEP][PASSED] - delay: Delayed 4 second(s)

2018-12-11 15:59:50 - [MESSAGE][PASSED] - Delayed 4 second(s)

2018-12-11 15:59:50 - [TEST_STEP][PASSED] - click: Object: 'Object Repository/Final Object Repo/Landing Page/My Sites Drop Down' is clicked on

2018-12-11 15:59:51 - [MESSAGE][PASSED] - Object: 'Object Repository/Final Object Repo/Landing Page/My Sites Drop Down' is clicked on

2018-12-11 15:59:51 - [TEST_STEP][PASSED] - click: Object: 'Object Repository/Final Object Repo/Landing Page/Select to Registration Module' is clicked on

2018-12-11 15:59:53 - [MESSAGE][PASSED] - Object: 'Object Repository/Final Object Repo/Landing Page/Select to Registration Module' is clicked on

2018-12-11 15:59:53 - [TEST_STEP][PASSED] - click: Object: 'Object Repository/Final Object Repo/Landing Page/Registration Button' is clicked on

2018-12-11 15:59:55 - [MESSAGE][PASSED] - Object: 'Object Repository/Final Object Repo/Landing Page/Registration Button' is clicked on

2018-12-11 15:59:55 - [TEST_STEP][PASSED] - delay: Delayed 2 second(s)

2018-12-11 15:59:57 - [MESSAGE][PASSED] - Delayed 2 second(s)

2018-12-11 15:59:57 - [TEST_STEP][PASSED] - click: Object: 'Object Repository/Final Object Repo/New Registration - Registration Module Pages/New Reg - OTC to RO/Special Case - OTC - Form 1/AEC NO' is clicked on

2018-12-11 15:59:57 - [MESSAGE][PASSED] - Object: 'Object Repository/Final Object Repo/New Registration - Registration Module Pages/New Reg - OTC to RO/Special Case - OTC - Form 1/AEC NO' is clicked on

2018-12-11 15:59:57 - [TEST_STEP][PASSED] - click: Object: 'Object Repository/Final Object Repo/New Registration - Registration Module Pages/New Reg - OTC to RO/Special Case - OTC - Form 1/Business Entity - Please Select' is clicked on

2018-12-11 15:59:57 - [MESSAGE][PASSED] - Object: 'Object Repository/Final Object Repo/New Registration - Registration Module Pages/New Reg - OTC to RO/Special Case - OTC - Form 1/Business Entity - Please Select' is clicked on

2018-12-11 15:59:57 - [TEST_STEP][PASSED] - click: Object: 'Object Repository/Final Object Repo/New Registration - Registration Module Pages/New Reg - OTC to RO/Special Case - OTC - Form 1/Selected - Corporation' is clicked on

2018-12-11 15:59:57 - [MESSAGE][PASSED] - Object: 'Object Repository/Final Object Repo/New Registration - Registration Module Pages/New Reg - OTC to RO/Special Case - OTC - Form 1/Selected - Corporation' is clicked on

2018-12-11 15:59:57 - [TEST_STEP][PASSED] - delay: Delayed 2 second(s)

2018-12-11 15:59:59 - [MESSAGE][PASSED] - Delayed 2 second(s)

2018-12-11 15:59:59 - [TEST_STEP][PASSED] - click: Object: 'Object Repository/Final Object Repo/New Registration - Registration Module Pages/New Reg - OTC to RO/Special Case - OTC - Form 1/Sub Business Entity - Please Select' is clicked on

2018-12-11 16:00:00 - [MESSAGE][PASSED] - Object: 'Object Repository/Final Object Repo/New Registration - Registration Module Pages/New Reg - OTC to RO/Special Case - OTC - Form 1/Sub Business Entity - Please Select' is clicked on

2018-12-11 16:00:00 - [TEST_STEP][PASSED] - delay: Delayed 2 second(s)

2018-12-11 16:00:02 - [MESSAGE][PASSED] - Delayed 2 second(s)

2018-12-11 16:00:02 - [TEST_STEP][PASSED] - click: Object: 'Object Repository/Final Object Repo/New Registration - Registration Module Pages/New Reg - OTC to RO/Special Case - OTC - Form 1/Selected - Sendirian Berhad' is clicked on

2018-12-11 16:00:02 - [MESSAGE][PASSED] - Object: 'Object Repository/Final Object Repo/New Registration - Registration Module Pages/New Reg - OTC to RO/Special Case - OTC - Form 1/Selected - Sendirian Berhad' is clicked on

2018-12-11 16:00:02 - [TEST_STEP][PASSED] - setText: Text 'AUTOMATE001' is set on object 'Object Repository/Final Object Repo/New Registration - Registration Module Pages/New Reg - OTC to RO/Special Case - OTC - Form 1/Input BRN Number'

2018-12-11 16:00:02 - [MESSAGE][PASSED] - Text 'AUTOMATE001' is set on object 'Object Repository/Final Object Repo/New Registration - Registration Module Pages/New Reg - OTC to RO/Special Case - OTC - Form 1/Input BRN Number'

2018-12-11 16:00:02 - [TEST_STEP][PASSED] - delay: Delayed 2 second(s)

2018-12-11 16:00:04 - [MESSAGE][PASSED] - Delayed 2 second(s)

2018-12-11 16:00:04 - [TEST_STEP][PASSED] - click: Object: 'Object Repository/Final Object Repo/New Registration - Registration Module Pages/New Reg - OTC to RO/Special Case - OTC - Form 1/BRN Search' is clicked on

2018-12-11 16:00:04 - [MESSAGE][PASSED] - Object: 'Object Repository/Final Object Repo/New Registration - Registration Module Pages/New Reg - OTC to RO/Special Case - OTC - Form 1/BRN Search' is clicked on

2018-12-11 16:00:04 - [TEST_STEP][PASSED] - delay: Delayed 4 second(s)

2018-12-11 16:00:08 - [MESSAGE][PASSED] - Delayed 4 second(s)

2018-12-11 16:00:08 - [TEST_STEP][PASSED] - click: Object: 'Object Repository/Final Object Repo/New Registration - Registration Module Pages/New Reg - OTC to RO/Special Case - OTC - Form 1/Registered with SSM - After Feb 2017' is clicked on

2018-12-11 16:00:09 - [MESSAGE][PASSED] - Object: 'Object Repository/Final Object Repo/New Registration - Registration Module Pages/New Reg - OTC to RO/Special Case - OTC - Form 1/Registered with SSM - After Feb 2017' is clicked on

2018-12-11 16:00:09 - [TEST_STEP][PASSED] - delay: Delayed 2 second(s)

2018-12-11 16:00:11 - [MESSAGE][PASSED] - Delayed 2 second(s)

2018-12-11 16:00:11 - [TEST_STEP][PASSED] - click: Object: 'Object Repository/Final Object Repo/New Registration - Registration Module Pages/Form 1/Registered As a Branch - Yes' is clicked on

2018-12-11 16:00:11 - [MESSAGE][PASSED] - Object: 'Object Repository/Final Object Repo/New Registration - Registration Module Pages/Form 1/Registered As a Branch - Yes' is clicked on

2018-12-11 16:00:11 - [TEST_STEP][PASSED] - click: Object: 'Object Repository/Final Object Repo/New Registration - Registration Module Pages/New Reg - OTC to RO/Special Case - OTC - Form 1/Acknowledgement Ticked' is clicked on

2018-12-11 16:00:11 - [MESSAGE][PASSED] - Object: 'Object Repository/Final Object Repo/New Registration - Registration Module Pages/New Reg - OTC to RO/Special Case - OTC - Form 1/Acknowledgement Ticked' is clicked on

2018-12-11 16:00:11 - [TEST_STEP][PASSED] - setText: Text 'perkeso443732801332@gmail.com' is set on object 'Object Repository/Final Object Repo/New Registration - Registration Module Pages/Form 1/Email'

2018-12-11 16:00:12 - [MESSAGE][PASSED] - Text 'perkeso443732801332@gmail.com' is set on object 'Object Repository/Final Object Repo/New Registration - Registration Module Pages/Form 1/Email'

2018-12-11 16:00:12 - [TEST_STEP][PASSED] - click: Object: 'Object Repository/Final Object Repo/New Registration - Registration Module Pages/New Reg - OTC to RO/Special Case - OTC - Form 1/Submit Button' is clicked on

2018-12-11 16:00:12 - [MESSAGE][PASSED] - Object: 'Object Repository/Final Object Repo/New Registration - Registration Module Pages/New Reg - OTC to RO/Special Case - OTC - Form 1/Submit Button' is clicked on

2018-12-11 16:00:12 - [TEST_STEP][PASSED] - callTestCase: Call Test Case 'Test Cases/Final Aug 2018 - PKS Automation/Registration Module/New Registration/Form 2/Add 1 Eligible - Employer Account Use' successfully

2018-12-11 16:00:12 - [TEST_CASE][PASSED] - Test Cases/Final Aug 2018 - PKS Automation/Registration Module/New Registration/Form 2/Add 1 Eligible - Employer Account Use: Test Cases/Final Aug 2018 - PKS Automation/Registration Module/New Registration/Form 2/Add 1 Eligible - Employer Account Use

2018-12-11 16:00:12 - [TEST_STEP][PASSED] - delay: Delayed 2 second(s)

2018-12-11 16:00:14 - [MESSAGE][PASSED] - Delayed 2 second(s)

2018-12-11 16:00:14 - [TEST_STEP][PASSED] - callTestCase: Call Test Case 'Test Cases/Final Aug 2018 - PKS Automation/Registration Module/New Registration/Form 2/Date Updater' successfully

2018-12-11 16:00:14 - [TEST_CASE][PASSED] - Test Cases/Final Aug 2018 - PKS Automation/Registration Module/New Registration/Form 2/Date Updater: Test Cases/Final Aug 2018 - PKS Automation/Registration Module/New Registration/Form 2/Date Updater

2018-12-11 16:00:14 - [TEST_STEP][PASSED] - Statement - TodayDate = new java.util.Date(): null

2018-12-11 16:00:14 - [TEST_STEP][PASSED] - Statement - CurrentDateNoFilter = new java.text.SimpleDateFormat(): null

2018-12-11 16:00:14 - [TEST_STEP][PASSED] - Statement - CurrentDateNoFilter.applyPattern("MM"): null

2018-12-11 16:00:14 - [TEST_STEP][PASSED] - Statement - monthContainerMatcher = java.lang.Integer.parseInt(CurrentDateNoFilter.format(TodayDate)): null

2018-12-11 16:00:14 - [TEST_STEP][PASSED] - Statement - monthContainerMatcher = monthContainerMatcher - 1: null

2018-12-11 16:00:14 - [TEST_STEP][PASSED] - Statement - CurrentMonth = monthContainerMatcher.toString(): null

2018-12-11 16:00:14 - [TEST_STEP][PASSED] - Statement - CurrentMonth = CurrentMonth: null

2018-12-11 16:00:14 - [TEST_STEP][PASSED] - Statement - CurrentDateNoFilter.applyPattern("yyyy"): null

2018-12-11 16:00:14 - [TEST_STEP][PASSED] - Statement - CurrentYear = CurrentDateNoFilter.format(TodayDate): null

2018-12-11 16:00:14 - [TEST_STEP][PASSED] - Statement - CurrentYear = CurrentYear: null

2018-12-11 16:00:14 - [TEST_STEP][PASSED] - Statement - intCurrentYear = java.lang.Integer.parseInt(CurrentDateNoFilter.format(TodayDate)): null

2018-12-11 16:00:14 - [TEST_STEP][PASSED] - Statement - eighteenYrsAgo = intCurrentYear - 18: null

2018-12-11 16:00:14 - [TEST_STEP][PASSED] - Statement - eighteenYrsBeforeThisYr = eighteenYrsAgo.toString(): null

2018-12-11 16:00:14 - [TEST_STEP][PASSED] - Statement - EighteenYrsBefore = eighteenYrsBeforeThisYr: null

2018-12-11 16:00:14 - [TEST_STEP][PASSED] - Statement - fiftysevenYrsAgo = intCurrentYear - 57: null

2018-12-11 16:00:14 - [TEST_STEP][PASSED] - Statement - fiftysevenYrsBeforeThisYr = fiftysevenYrsAgo.toString(): null

2018-12-11 16:00:14 - [TEST_STEP][PASSED] - Statement - FiftysevenYrsBefore = fiftysevenYrsBeforeThisYr: null

2018-12-11 16:00:14 - [TEST_STEP][PASSED] - Statement - leapYear = false: null

2018-12-11 16:00:14 - [TEST_STEP][PASSED] - Statement - leapYear = intCurrentYear % 4 == 0: null

2018-12-11 16:00:14 - [TEST_STEP][PASSED] - Statement - CurrentDateNoFilter.applyPattern("dd"): null

2018-12-11 16:00:14 - [TEST_STEP][PASSED] - Statement - CurrentDate = CurrentDateNoFilter.format(TodayDate): null

2018-12-11 16:00:14 - [TEST_STEP][PASSED] - Statement - CurrentDate = java.lang.Integer.parseInt(CurrentDate): null

2018-12-11 16:00:14 - [TEST_STEP][PASSED] - Statement - CurrentDate = CurrentDate: null

2018-12-11 16:00:14 - [TEST_STEP][PASSED] - Statement - CurrentDay = java.lang.Integer.parseInt(CurrentDate): null

2018-12-11 16:00:14 - [TEST_STEP][PASSED] - Statement - ConfAdder = <not implemented yet for class: org.codehaus.groovy.ast.expr.EmptyExpression>: null

2018-12-11 16:00:14 - [TEST_STEP][PASSED] - Statement - out.println(CurrentMonth): null

2018-12-11 16:00:14 - [TEST_STEP][PASSED] - Statement - out.println(CurrentDate): null

2018-12-11 16:00:14 - [TEST_STEP][PASSED] - Statement - switch (CurrentDate): null

2018-12-11 16:00:14 - [TEST_STEP][PASSED] - Statement - Default: null

2018-12-11 16:00:14 - [TEST_STEP][PASSED] - Statement - ConfAdder = true: null

2018-12-11 16:00:14 - [TEST_STEP][PASSED] - Statement - Break: null

2018-12-11 16:00:14 - [TEST_STEP][PASSED] - Statement - aDayBefore = <not implemented yet for class: org.codehaus.groovy.ast.expr.EmptyExpression>: null

2018-12-11 16:00:14 - [TEST_STEP][PASSED] - Statement - out.println(ConfAdder): null

2018-12-11 16:00:14 - [TEST_STEP][PASSED] - Statement - If (ConfAdder == true): null

2018-12-11 16:00:14 - [TEST_STEP][PASSED] - Statement - aDayBefore = CurrentDay + 1: null

2018-12-11 16:00:14 - [TEST_STEP][PASSED] - Statement - out.println(aDayBefore): null

2018-12-11 16:00:14 - [TEST_STEP][PASSED] - Statement - If (aDayBefore == 1 && CurrentMonth == 11): null

2018-12-11 16:00:14 - [TEST_STEP][PASSED] - Statement - DayBefore = aDayBefore.toString(): null

2018-12-11 16:00:14 - [TEST_STEP][PASSED] - Statement - OneDayBefore = DayBefore: null

2018-12-11 16:00:14 - [MESSAGE][PASSED] - Call Test Case 'Test Cases/Final Aug 2018 - PKS Automation/Registration Module/New Registration/Form 2/Date Updater' successfully

2018-12-11 16:00:14 - [TEST_STEP][PASSED] - delay: Delayed 1 second(s)

2018-12-11 16:00:15 - [MESSAGE][PASSED] - Delayed 1 second(s)

2018-12-11 16:00:15 - [TEST_STEP][PASSED] - Statement - CaseReferenceNo = com.kms.katalon.core.webui.keyword.WebUiBuiltInKeywords.getText(com.kms.katalon.core.testobject.ObjectRepository.findTestObject(Final Object Repo/New Registration - Registration Module Pages/Form 2/RefNo Acquiring)): Text of object 'Object Repository/Final Object Repo/New Registration - Registration Module Pages/Form 2/RefNo Acquiring' is: 'CRN12201800123181'

2018-12-11 16:00:15 - [MESSAGE][PASSED] - Text of object 'Object Repository/Final Object Repo/New Registration - Registration Module Pages/Form 2/RefNo Acquiring' is: 'CRN12201800123181'

2018-12-11 16:00:15 - [TEST_STEP][PASSED] - delay: Delayed 1 second(s)

2018-12-11 16:00:16 - [MESSAGE][PASSED] - Delayed 1 second(s)

2018-12-11 16:00:16 - [TEST_STEP][PASSED] - click: Object: 'Object Repository/Final Object Repo/New Registration - Registration Module Pages/Form 2/Add Employee Button' is clicked on

2018-12-11 16:00:16 - [MESSAGE][PASSED] - Object: 'Object Repository/Final Object Repo/New Registration - Registration Module Pages/Form 2/Add Employee Button' is clicked on

2018-12-11 16:00:16 - [TEST_STEP][PASSED] - delay: Delayed 1 second(s)

2018-12-11 16:00:17 - [MESSAGE][PASSED] - Delayed 1 second(s)

2018-12-11 16:00:17 - [TEST_STEP][PASSED] - setText: Text '010903091948' is set on object 'Object Repository/Final Object Repo/New Registration - Registration Module Pages/Form 2/NRIC Input'

2018-12-11 16:00:18 - [MESSAGE][PASSED] - Text '010903091948' is set on object 'Object Repository/Final Object Repo/New Registration - Registration Module Pages/Form 2/NRIC Input'

2018-12-11 16:00:18 - [TEST_STEP][PASSED] - delay: Delayed 2 second(s)

2018-12-11 16:00:20 - [MESSAGE][PASSED] - Delayed 2 second(s)

2018-12-11 16:00:20 - [TEST_STEP][PASSED] - setText: Text 'Automate001 eligible 1' is set on object 'Object Repository/Final Object Repo/New Registration - Registration Module Pages/Form 2/Employee Name Input'

2018-12-11 16:00:20 - [MESSAGE][PASSED] - Text 'Automate001 eligible 1' is set on object 'Object Repository/Final Object Repo/New Registration - Registration Module Pages/Form 2/Employee Name Input'

2018-12-11 16:00:20 - [TEST_STEP][PASSED] - delay: Delayed 2 second(s)

2018-12-11 16:00:22 - [MESSAGE][PASSED] - Delayed 2 second(s)

2018-12-11 16:00:22 - [TEST_STEP][PASSED] - click: Object: 'Object Repository/Final Object Repo/New Registration - Registration Module Pages/Form 2/DatePicker Pop Up' is clicked on

2018-12-11 16:00:22 - [MESSAGE][PASSED] - Object: 'Object Repository/Final Object Repo/New Registration - Registration Module Pages/Form 2/DatePicker Pop Up' is clicked on

2018-12-11 16:00:22 - [TEST_STEP][PASSED] - click: Object: 'Object Repository/Final Object Repo/New Registration - Registration Module Pages/Form 2/DOB Month' is clicked on

2018-12-11 16:00:23 - [MESSAGE][PASSED] - Object: 'Object Repository/Final Object Repo/New Registration - Registration Module Pages/Form 2/DOB Month' is clicked on

2018-12-11 16:00:23 - [TEST_STEP][PASSED] - Statement - CurrentMonth = CurrentMonth: null

2018-12-11 16:00:23 - [TEST_STEP][PASSED] - Statement - selectMonth = new com.kms.katalon.core.testobject.TestObject(): null

2018-12-11 16:00:23 - [TEST_STEP][PASSED] - Statement - selectMonth.addProperty("xpath", EQUALS, "//body/div/div/div/select/option[@value='" + CurrentMonth + "']", true): null

2018-12-11 16:00:23 - [TEST_STEP][PASSED] - click: Object: '' is clicked on

2018-12-11 16:00:23 - [MESSAGE][PASSED] - Object: '' is clicked on

2018-12-11 16:00:23 - [TEST_STEP][PASSED] - click: Object: 'Object Repository/Final Object Repo/New Registration - Registration Module Pages/Form 2/DOB Year' is clicked on

2018-12-11 16:00:23 - [MESSAGE][PASSED] - Object: 'Object Repository/Final Object Repo/New Registration - Registration Module Pages/Form 2/DOB Year' is clicked on

2018-12-11 16:00:23 - [TEST_STEP][PASSED] - Statement - Eyearsbf = EighteenYrsBefore: null

2018-12-11 16:00:23 - [TEST_STEP][PASSED] - Statement - selectYear = new com.kms.katalon.core.testobject.TestObject(): null

2018-12-11 16:00:23 - [TEST_STEP][PASSED] - Statement - selectYear.addProperty("xpath", EQUALS, "//div/div/div/select/option[@value='" + Eyearsbf + "']", true): null

2018-12-11 16:00:23 - [TEST_STEP][PASSED] - click: Object: '' is clicked on

2018-12-11 16:00:23 - [MESSAGE][PASSED] - Object: '' is clicked on

2018-12-11 16:00:23 - [TEST_STEP][PASSED] - Statement - UpdatedSelectDate = com.kms.katalon.core.webui.keyword.WebUiBuiltInKeywords.modifyObjectProperty(com.kms.katalon.core.testobject.ObjectRepository.findTestObject(Final Object Repo/New Registration - Registration Module Pages/Form 2/DOB Date), "xpath", "equals", "//body/div/table/tbody/tr/td/a[text()="" + CurrentDate + ""]", true): Modify property of object successfully

2018-12-11 16:00:23 - [MESSAGE][PASSED] - Modify property of object successfully

2018-12-11 16:00:23 - [TEST_STEP][PASSED] - delay: Delayed 3 second(s)

2018-12-11 16:00:26 - [MESSAGE][PASSED] - Delayed 3 second(s)

2018-12-11 16:00:26 - [TEST_STEP][PASSED] - click: Object: 'Object Repository/Final Object Repo/New Registration - Registration Module Pages/Form 2/DOB Date' is clicked on

2018-12-11 16:00:26 - [MESSAGE][PASSED] - Object: 'Object Repository/Final Object Repo/New Registration - Registration Module Pages/Form 2/DOB Date' is clicked on

2018-12-11 16:00:26 - [TEST_STEP][PASSED] - delay: Delayed 2 second(s)

2018-12-11 16:00:28 - [MESSAGE][PASSED] - Delayed 2 second(s)

2018-12-11 16:00:28 - [TEST_STEP][PASSED] - click: Object: 'Object Repository/Final Object Repo/New Registration - Registration Module Pages/Form 2/EmploymentStartDate Pop Up' is clicked on

2018-12-11 16:00:29 - [MESSAGE][PASSED] - Object: 'Object Repository/Final Object Repo/New Registration - Registration Module Pages/Form 2/EmploymentStartDate Pop Up' is clicked on

2018-12-11 16:00:29 - [TEST_STEP][PASSED] - delay: Delayed 2 second(s)

2018-12-11 16:00:31 - [MESSAGE][PASSED] - Delayed 2 second(s)

2018-12-11 16:00:31 - [TEST_STEP][PASSED] - click: Object: 'Object Repository/Final Object Repo/New Registration - Registration Module Pages/Form 2/Socso Employment StartDate Month' is clicked on

2018-12-11 16:00:31 - [MESSAGE][PASSED] - Object: 'Object Repository/Final Object Repo/New Registration - Registration Module Pages/Form 2/Socso Employment StartDate Month' is clicked on

2018-12-11 16:00:31 - [TEST_STEP][PASSED] - delay: Delayed 1 second(s)

2018-12-11 16:00:32 - [MESSAGE][PASSED] - Delayed 1 second(s)

2018-12-11 16:00:32 - [TEST_STEP][PASSED] - click: Object: 'Object Repository/Final Object Repo/New Registration - Registration Module Pages/Form 2/Select Socso Employement Startdate Month' is clicked on

2018-12-11 16:00:32 - [MESSAGE][PASSED] - Object: 'Object Repository/Final Object Repo/New Registration - Registration Module Pages/Form 2/Select Socso Employement Startdate Month' is clicked on

2018-12-11 16:00:32 - [TEST_STEP][PASSED] - delay: Delayed 2 second(s)

2018-12-11 16:00:34 - [MESSAGE][PASSED] - Delayed 2 second(s)

2018-12-11 16:00:34 - [TEST_STEP][PASSED] - click: Object: 'Object Repository/Final Object Repo/New Registration - Registration Module Pages/Form 2/Socso Employment StartDate Year' is clicked on

2018-12-11 16:00:34 - [MESSAGE][PASSED] - Object: 'Object Repository/Final Object Repo/New Registration - Registration Module Pages/Form 2/Socso Employment StartDate Year' is clicked on

2018-12-11 16:00:34 - [TEST_STEP][PASSED] - delay: Delayed 1 second(s)

2018-12-11 16:00:35 - [MESSAGE][PASSED] - Delayed 1 second(s)

2018-12-11 16:00:35 - [TEST_STEP][PASSED] - click: Object: 'Object Repository/Final Object Repo/New Registration - Registration Module Pages/Form 2/Select Socso Employment Startdate Year' is clicked on

2018-12-11 16:00:35 - [MESSAGE][PASSED] - Object: 'Object Repository/Final Object Repo/New Registration - Registration Module Pages/Form 2/Select Socso Employment Startdate Year' is clicked on

2018-12-11 16:00:35 - [TEST_STEP][PASSED] - delay: Delayed 2 second(s)

2018-12-11 16:00:37 - [MESSAGE][PASSED] - Delayed 2 second(s)

2018-12-11 16:00:37 - [TEST_STEP][PASSED] - click: Object: 'Object Repository/Final Object Repo/New Registration - Registration Module Pages/Form 2/Socso Employment Start Date Day' is clicked on

2018-12-11 16:00:37 - [MESSAGE][PASSED] - Object: 'Object Repository/Final Object Repo/New Registration - Registration Module Pages/Form 2/Socso Employment Start Date Day' is clicked on

2018-12-11 16:00:37 - [TEST_STEP][PASSED] - delay: Delayed 2 second(s)

2018-12-11 16:00:39 - [MESSAGE][PASSED] - Delayed 2 second(s)

2018-12-11 16:00:39 - [TEST_STEP][PASSED] - click: Object: 'Object Repository/Final Object Repo/New Registration - Registration Module Pages/Form 2/Save Button for Add Employee' is clicked on

2018-12-11 16:00:40 - [MESSAGE][PASSED] - Object: 'Object Repository/Final Object Repo/New Registration - Registration Module Pages/Form 2/Save Button for Add Employee' is clicked on

2018-12-11 16:00:40 - [TEST_STEP][PASSED] - delay: Delayed 6 second(s)

2018-12-11 16:00:46 - [MESSAGE][PASSED] - Delayed 6 second(s)

2018-12-11 16:00:46 - [TEST_STEP][PASSED] - click: Object: 'Object Repository/Final Object Repo/New Registration - Registration Module Pages/Form 2/Save and Continue Form 2' is clicked on

2018-12-11 16:00:46 - [MESSAGE][PASSED] - Object: 'Object Repository/Final Object Repo/New Registration - Registration Module Pages/Form 2/Save and Continue Form 2' is clicked on

2018-12-11 16:00:46 - [MESSAGE][PASSED] - Call Test Case 'Test Cases/Final Aug 2018 - PKS Automation/Registration Module/New Registration/Form 2/Add 1 Eligible - Employer Account Use' successfully

2018-12-11 16:00:46 - [TEST_STEP][PASSED] - callTestCase: Call Test Case 'Test Cases/Final Aug 2018 - PKS Automation/Registration Module/New Registration/Flow of New Registration/Third Screen - Upload Supporting Doc - Preview' successfully

2018-12-11 16:00:46 - [TEST_CASE][PASSED] - Test Cases/Final Aug 2018 - PKS Automation/Registration Module/New Registration/Flow of New Registration/Third Screen - Upload Supporting Doc - Preview: Test Cases/Final Aug 2018 - PKS Automation/Registration Module/New Registration/Flow of New Registration/Third Screen - Upload Supporting Doc - Preview

2018-12-11 16:00:46 - [TEST_STEP][PASSED] - waitForPageLoad: Wait for page load successfully

2018-12-11 16:00:47 - [MESSAGE][PASSED] - Wait for page load successfully

2018-12-11 16:00:47 - [TEST_STEP][PASSED] - Statement - CaseReferenceNo = com.kms.katalon.core.webui.keyword.WebUiBuiltInKeywords.getText(com.kms.katalon.core.testobject.ObjectRepository.findTestObject(Final Object Repo/New Registration - Registration Module Pages/Third Screen - Upload Supporting Doc- Preview/RefNo Acquiring)): Text of object 'Object Repository/Final Object Repo/New Registration - Registration Module Pages/Third Screen - Upload Supporting Doc- Preview/RefNo Acquiring' is: 'CRN12201800123181'

2018-12-11 16:00:47 - [MESSAGE][PASSED] - Text of object 'Object Repository/Final Object Repo/New Registration - Registration Module Pages/Third Screen - Upload Supporting Doc- Preview/RefNo Acquiring' is: 'CRN12201800123181'

2018-12-11 16:00:47 - [TEST_STEP][PASSED] - delay: Delayed 2 second(s)

2018-12-11 16:00:49 - [MESSAGE][PASSED] - Delayed 2 second(s)

2018-12-11 16:00:49 - [TEST_STEP][PASSED] - callTestCase: Call Test Case 'Test Cases/Final Aug 2018 - PKS Automation/Common/Reference Number Setter' successfully

2018-12-11 16:00:49 - [TEST_CASE][PASSED] - Test Cases/Final Aug 2018 - PKS Automation/Common/Reference Number Setter: Test Cases/Final Aug 2018 - PKS Automation/Common/Reference Number Setter

2018-12-11 16:00:49 - [TEST_STEP][PASSED] - Statement - RefNoOldFile = new java.io.File(C://Users//Admin//Desktop//PKS//Automation Reference Point//KatalonReference.txt): null

2018-12-11 16:00:49 - [TEST_STEP][PASSED] - Statement - RefNoOldFile.delete(): null

2018-12-11 16:00:49 - [TEST_STEP][PASSED] - delay: Delayed 5 second(s)

2018-12-11 16:00:54 - [MESSAGE][PASSED] - Delayed 5 second(s)

2018-12-11 16:00:54 - [TEST_STEP][PASSED] - Statement - RefNo = new java.io.File(C://Users//Admin//Desktop//PKS//Automation Reference Point//KatalonReference.txt): null

2018-12-11 16:00:54 - [TEST_STEP][PASSED] - Statement - f2 = new java.io.FileWriter(RefNo, false): null

2018-12-11 16:00:54 - [TEST_STEP][PASSED] - Statement - f2.write(CaseReferenceNo): null

2018-12-11 16:00:54 - [TEST_STEP][PASSED] - Statement - f2.close(): null

2018-12-11 16:00:54 - [TEST_STEP][PASSED] - Statement - out.println("


" + CaseReferenceNo + "


"): null

2018-12-11 16:00:54 - [MESSAGE][PASSED] - Call Test Case 'Test Cases/Final Aug 2018 - PKS Automation/Common/Reference Number Setter' successfully

2018-12-11 16:00:54 - [TEST_STEP][PASSED] - waitForElementClickable: Object 'Object Repository/Final Object Repo/New Registration - Registration Module Pages/Third Screen - Upload Supporting Doc- Preview/Save n Continue in SIP Employee Listing Page' is clickable

2018-12-11 16:00:54 - [MESSAGE][PASSED] - Object 'Object Repository/Final Object Repo/New Registration - Registration Module Pages/Third Screen - Upload Supporting Doc- Preview/Save n Continue in SIP Employee Listing Page' is clickable

2018-12-11 16:00:54 - [TEST_STEP][PASSED] - click: Object: 'Object Repository/Final Object Repo/New Registration - Registration Module Pages/Third Screen - Upload Supporting Doc- Preview/Save n Continue in SIP Employee Listing Page' is clicked on

2018-12-11 16:00:59 - [MESSAGE][PASSED] - Object: 'Object Repository/Final Object Repo/New Registration - Registration Module Pages/Third Screen - Upload Supporting Doc- Preview/Save n Continue in SIP Employee Listing Page' is clicked on

2018-12-11 16:00:59 - [TEST_STEP][PASSED] - delay: Delayed 7 second(s)

2018-12-11 16:01:06 - [MESSAGE][PASSED] - Delayed 7 second(s)

2018-12-11 16:01:06 - [TEST_STEP][PASSED] - click: Object: 'Object Repository/Final Object Repo/New Registration - Registration Module Pages/Third Screen - Upload Supporting Doc- Preview/Add Document Button' is clicked on

2018-12-11 16:01:07 - [MESSAGE][PASSED] - Object: 'Object Repository/Final Object Repo/New Registration - Registration Module Pages/Third Screen - Upload Supporting Doc- Preview/Add Document Button' is clicked on

2018-12-11 16:01:07 - [TEST_STEP][PASSED] - delay: Delayed 30 second(s)

2018-12-11 16:01:37 - [MESSAGE][PASSED] - Delayed 30 second(s)

2018-12-11 16:01:37 - [TEST_STEP][PASSED] - click: Object: 'Object Repository/Final Object Repo/New Registration - Registration Module Pages/Third Screen - Upload Supporting Doc- Preview/Supporting Doc Please Select Drop Down' is clicked on

2018-12-11 16:01:37 - [MESSAGE][PASSED] - Object: 'Object Repository/Final Object Repo/New Registration - Registration Module Pages/Third Screen - Upload Supporting Doc- Preview/Supporting Doc Please Select Drop Down' is clicked on

2018-12-11 16:01:37 - [TEST_STEP][PASSED] - delay: Delayed 2 second(s)

2018-12-11 16:01:39 - [MESSAGE][PASSED] - Delayed 2 second(s)

2018-12-11 16:01:39 - [TEST_STEP][PASSED] - click: Object: 'Object Repository/Final Object Repo/New Registration - Registration Module Pages/Third Screen - Upload Supporting Doc- Preview/Select to Upload Form 1' is clicked on

2018-12-11 16:01:39 - [MESSAGE][PASSED] - Object: 'Object Repository/Final Object Repo/New Registration - Registration Module Pages/Third Screen - Upload Supporting Doc- Preview/Select to Upload Form 1' is clicked on

2018-12-11 16:01:39 - [TEST_STEP][PASSED] - delay: Delayed 2 second(s)

2018-12-11 16:01:41 - [MESSAGE][PASSED] - Delayed 2 second(s)

2018-12-11 16:01:41 - [TEST_STEP][PASSED] - uploadFile: File 'C:\Users\Public\Pictures\Sample Pictures\Koala.jpg' sent to object: 'Object Repository/Final Object Repo/New Registration - Registration Module Pages/Third Screen - Upload Supporting Doc- Preview/Upload File Adding'

2018-12-11 16:01:41 - [MESSAGE][PASSED] - File 'C:\Users\Public\Pictures\Sample Pictures\Koala.jpg' sent to object: 'Object Repository/Final Object Repo/New Registration - Registration Module Pages/Third Screen - Upload Supporting Doc- Preview/Upload File Adding'

2018-12-11 16:01:41 - [TEST_STEP][PASSED] - delay: Delayed 5 second(s)

2018-12-11 16:01:46 - [MESSAGE][PASSED] - Delayed 5 second(s)

2018-12-11 16:01:46 - [TEST_STEP][PASSED] - click: Object: 'Object Repository/Final Object Repo/New Registration - Registration Module Pages/Third Screen - Upload Supporting Doc- Preview/Inner Form Add Document Button' is clicked on

2018-12-11 16:01:46 - [MESSAGE][PASSED] - Object: 'Object Repository/Final Object Repo/New Registration - Registration Module Pages/Third Screen - Upload Supporting Doc- Preview/Inner Form Add Document Button' is clicked on

2018-12-11 16:01:46 - [TEST_STEP][PASSED] - delay: Delayed 3 second(s)

2018-12-11 16:01:49 - [MESSAGE][PASSED] - Delayed 3 second(s)

2018-12-11 16:01:49 - [TEST_STEP][PASSED] - click: Object: 'Object Repository/Final Object Repo/New Registration - Registration Module Pages/Third Screen - Upload Supporting Doc- Preview/Add Document Button' is clicked on

2018-12-11 16:01:50 - [MESSAGE][PASSED] - Object: 'Object Repository/Final Object Repo/New Registration - Registration Module Pages/Third Screen - Upload Supporting Doc- Preview/Add Document Button' is clicked on

2018-12-11 16:01:50 - [TEST_STEP][PASSED] - delay: Delayed 30 second(s)

2018-12-11 16:02:20 - [MESSAGE][PASSED] - Delayed 30 second(s)

2018-12-11 16:02:20 - [TEST_STEP][PASSED] - click: Object: 'Object Repository/Final Object Repo/New Registration - Registration Module Pages/Third Screen - Upload Supporting Doc- Preview/Supporting Doc Please Select Drop Down' is clicked on

2018-12-11 16:02:21 - [MESSAGE][PASSED] - Object: 'Object Repository/Final Object Repo/New Registration - Registration Module Pages/Third Screen - Upload Supporting Doc- Preview/Supporting Doc Please Select Drop Down' is clicked on

2018-12-11 16:02:21 - [TEST_STEP][PASSED] - delay: Delayed 4 second(s)

2018-12-11 16:02:25 - [MESSAGE][PASSED] - Delayed 4 second(s)

2018-12-11 16:02:25 - [TEST_STEP][PASSED] - click: Object: 'Object Repository/Final Object Repo/New Registration - Registration Module Pages/Third Screen - Upload Supporting Doc- Preview/Select to Upload Form 2' is clicked on

2018-12-11 16:02:25 - [MESSAGE][PASSED] - Object: 'Object Repository/Final Object Repo/New Registration - Registration Module Pages/Third Screen - Upload Supporting Doc- Preview/Select to Upload Form 2' is clicked on

2018-12-11 16:02:25 - [TEST_STEP][PASSED] - delay: Delayed 2 second(s)

2018-12-11 16:02:27 - [MESSAGE][PASSED] - Delayed 2 second(s)

2018-12-11 16:02:27 - [TEST_STEP][PASSED] - uploadFile: File 'C:\Users\Public\Pictures\Sample Pictures\Koala.jpg' sent to object: 'Object Repository/Final Object Repo/New Registration - Registration Module Pages/Third Screen - Upload Supporting Doc- Preview/Upload File Adding'

2018-12-11 16:02:27 - [MESSAGE][PASSED] - File 'C:\Users\Public\Pictures\Sample Pictures\Koala.jpg' sent to object: 'Object Repository/Final Object Repo/New Registration - Registration Module Pages/Third Screen - Upload Supporting Doc- Preview/Upload File Adding'

2018-12-11 16:02:27 - [TEST_STEP][PASSED] - click: Object: 'Object Repository/Final Object Repo/New Registration - Registration Module Pages/Third Screen - Upload Supporting Doc- Preview/Inner Form Add Document Button' is clicked on

2018-12-11 16:02:27 - [MESSAGE][PASSED] - Object: 'Object Repository/Final Object Repo/New Registration - Registration Module Pages/Third Screen - Upload Supporting Doc- Preview/Inner Form Add Document Button' is clicked on

2018-12-11 16:02:27 - [TEST_STEP][PASSED] - delay: Delayed 5 second(s)

2018-12-11 16:02:32 - [MESSAGE][PASSED] - Delayed 5 second(s)

2018-12-11 16:02:32 - [TEST_STEP][PASSED] - click: Object: 'Object Repository/Final Object Repo/New Registration - Registration Module Pages/Third Screen - Upload Supporting Doc- Preview/Add Document Button' is clicked on

2018-12-11 16:02:32 - [MESSAGE][PASSED] - Object: 'Object Repository/Final Object Repo/New Registration - Registration Module Pages/Third Screen - Upload Supporting Doc- Preview/Add Document Button' is clicked on

2018-12-11 16:02:32 - [TEST_STEP][PASSED] - delay: Delayed 30 second(s)

2018-12-11 16:03:02 - [MESSAGE][PASSED] - Delayed 30 second(s)

2018-12-11 16:03:02 - [TEST_STEP][PASSED] - click: Object: 'Object Repository/Final Object Repo/New Registration - Registration Module Pages/Third Screen - Upload Supporting Doc- Preview/Supporting Doc Please Select Drop Down' is clicked on

2018-12-11 16:03:03 - [MESSAGE][PASSED] - Object: 'Object Repository/Final Object Repo/New Registration - Registration Module Pages/Third Screen - Upload Supporting Doc- Preview/Supporting Doc Please Select Drop Down' is clicked on

2018-12-11 16:03:03 - [TEST_STEP][PASSED] - click: Object: 'Object Repository/Final Object Repo/New Registration - Registration Module Pages/Third Screen - Upload Supporting Doc- Preview/Select to Upload Borang SIP 1' is clicked on

2018-12-11 16:03:03 - [MESSAGE][PASSED] - Object: 'Object Repository/Final Object Repo/New Registration - Registration Module Pages/Third Screen - Upload Supporting Doc- Preview/Select to Upload Borang SIP 1' is clicked on

2018-12-11 16:03:03 - [TEST_STEP][PASSED] - delay: Delayed 2 second(s)

2018-12-11 16:03:05 - [MESSAGE][PASSED] - Delayed 2 second(s)

2018-12-11 16:03:05 - [TEST_STEP][PASSED] - uploadFile: File 'C:\Users\Public\Pictures\Sample Pictures\Koala.jpg' sent to object: 'Object Repository/Final Object Repo/New Registration - Registration Module Pages/Third Screen - Upload Supporting Doc- Preview/Upload File Adding'

2018-12-11 16:03:05 - [MESSAGE][PASSED] - File 'C:\Users\Public\Pictures\Sample Pictures\Koala.jpg' sent to object: 'Object Repository/Final Object Repo/New Registration - Registration Module Pages/Third Screen - Upload Supporting Doc- Preview/Upload File Adding'

2018-12-11 16:03:05 - [TEST_STEP][PASSED] - click: Object: 'Object Repository/Final Object Repo/New Registration - Registration Module Pages/Third Screen - Upload Supporting Doc- Preview/Inner Form Add Document Button' is clicked on

2018-12-11 16:03:05 - [MESSAGE][PASSED] - Object: 'Object Repository/Final Object Repo/New Registration - Registration Module Pages/Third Screen - Upload Supporting Doc- Preview/Inner Form Add Document Button' is clicked on

2018-12-11 16:03:05 - [TEST_STEP][PASSED] - delay: Delayed 5 second(s)

2018-12-11 16:03:10 - [MESSAGE][PASSED] - Delayed 5 second(s)

2018-12-11 16:03:10 - [TEST_STEP][PASSED] - click: Object: 'Object Repository/Final Object Repo/New Registration - Registration Module Pages/Third Screen - Upload Supporting Doc- Preview/Add Document Button' is clicked on

2018-12-11 16:03:10 - [MESSAGE][PASSED] - Object: 'Object Repository/Final Object Repo/New Registration - Registration Module Pages/Third Screen - Upload Supporting Doc- Preview/Add Document Button' is clicked on

2018-12-11 16:03:10 - [TEST_STEP][PASSED] - delay: Delayed 30 second(s)

2018-12-11 16:03:40 - [MESSAGE][PASSED] - Delayed 30 second(s)

2018-12-11 16:03:40 - [TEST_STEP][PASSED] - click: Object: 'Object Repository/Final Object Repo/New Registration - Registration Module Pages/Third Screen - Upload Supporting Doc- Preview/Supporting Doc Please Select Drop Down' is clicked on

2018-12-11 16:03:40 - [MESSAGE][PASSED] - Object: 'Object Repository/Final Object Repo/New Registration - Registration Module Pages/Third Screen - Upload Supporting Doc- Preview/Supporting Doc Please Select Drop Down' is clicked on

2018-12-11 16:03:40 - [TEST_STEP][PASSED] - delay: Delayed 3 second(s)

2018-12-11 16:03:43 - [MESSAGE][PASSED] - Delayed 3 second(s)

2018-12-11 16:03:43 - [TEST_STEP][PASSED] - click: Object: 'Object Repository/Final Object Repo/New Registration - Registration Module Pages/Third Screen - Upload Supporting Doc- Preview/Select to Upload Borang SIP 2' is clicked on

2018-12-11 16:03:44 - [MESSAGE][PASSED] - Object: 'Object Repository/Final Object Repo/New Registration - Registration Module Pages/Third Screen - Upload Supporting Doc- Preview/Select to Upload Borang SIP 2' is clicked on

2018-12-11 16:03:44 - [TEST_STEP][PASSED] - delay: Delayed 2 second(s)

2018-12-11 16:03:46 - [MESSAGE][PASSED] - Delayed 2 second(s)

2018-12-11 16:03:46 - [TEST_STEP][PASSED] - uploadFile: File 'C:\Users\Public\Pictures\Sample Pictures\Koala.jpg' sent to object: 'Object Repository/Final Object Repo/New Registration - Registration Module Pages/Third Screen - Upload Supporting Doc- Preview/Upload File Adding'

2018-12-11 16:03:46 - [MESSAGE][PASSED] - File 'C:\Users\Public\Pictures\Sample Pictures\Koala.jpg' sent to object: 'Object Repository/Final Object Repo/New Registration - Registration Module Pages/Third Screen - Upload Supporting Doc- Preview/Upload File Adding'

2018-12-11 16:03:46 - [TEST_STEP][PASSED] - delay: Delayed 5 second(s)

2018-12-11 16:03:51 - [MESSAGE][PASSED] - Delayed 5 second(s)

2018-12-11 16:03:51 - [TEST_STEP][PASSED] - click: Object: 'Object Repository/Final Object Repo/New Registration - Registration Module Pages/Third Screen - Upload Supporting Doc- Preview/Inner Form Add Document Button' is clicked on

2018-12-11 16:03:51 - [MESSAGE][PASSED] - Object: 'Object Repository/Final Object Repo/New Registration - Registration Module Pages/Third Screen - Upload Supporting Doc- Preview/Inner Form Add Document Button' is clicked on

2018-12-11 16:03:51 - [TEST_STEP][PASSED] - delay: Delayed 3 second(s)

2018-12-11 16:03:54 - [MESSAGE][PASSED] - Delayed 3 second(s)

2018-12-11 16:03:54 - [TEST_STEP][PASSED] - waitForElementClickable: Object 'Object Repository/Final Object Repo/New Registration - Registration Module Pages/Third Screen - Upload Supporting Doc- Preview/Save n Continue in Uploading Supporting Doc Page' is clickable

2018-12-11 16:03:55 - [MESSAGE][PASSED] - Object 'Object Repository/Final Object Repo/New Registration - Registration Module Pages/Third Screen - Upload Supporting Doc- Preview/Save n Continue in Uploading Supporting Doc Page' is clickable

2018-12-11 16:03:55 - [TEST_STEP][PASSED] - click: Object: 'Object Repository/Final Object Repo/New Registration - Registration Module Pages/Third Screen - Upload Supporting Doc- Preview/Save n Continue in Uploading Supporting Doc Page' is clicked on

2018-12-11 16:03:55 - [MESSAGE][PASSED] - Object: 'Object Repository/Final Object Repo/New Registration - Registration Module Pages/Third Screen - Upload Supporting Doc- Preview/Save n Continue in Uploading Supporting Doc Page' is clicked on

2018-12-11 16:03:55 - [MESSAGE][PASSED] - Call Test Case 'Test Cases/Final Aug 2018 - PKS Automation/Registration Module/New Registration/Flow of New Registration/Third Screen - Upload Supporting Doc - Preview' successfully

2018-12-11 16:03:55 - [TEST_STEP][PASSED] - setText: Text 'Tester' is set on object 'Object Repository/Final Object Repo/New Registration - Registration Module Pages/New Reg - OTC to RO/Special Case - All Related Objects/Employer Preview Name'

2018-12-11 16:04:01 - [MESSAGE][PASSED] - Text 'Tester' is set on object 'Object Repository/Final Object Repo/New Registration - Registration Module Pages/New Reg - OTC to RO/Special Case - All Related Objects/Employer Preview Name'

2018-12-11 16:04:01 - [TEST_STEP][PASSED] - click: Object: 'Object Repository/Final Object Repo/New Registration - Registration Module Pages/New Reg - OTC to RO/Special Case - All Related Objects/IC Type Drop Down' is clicked on

2018-12-11 16:04:01 - [MESSAGE][PASSED] - Object: 'Object Repository/Final Object Repo/New Registration - Registration Module Pages/New Reg - OTC to RO/Special Case - All Related Objects/IC Type Drop Down' is clicked on

2018-12-11 16:04:01 - [TEST_STEP][PASSED] - click: Object: 'Object Repository/Final Object Repo/New Registration - Registration Module Pages/New Reg - OTC to RO/Special Case - All Related Objects/Select to NRIC' is clicked on

2018-12-11 16:04:01 - [MESSAGE][PASSED] - Object: 'Object Repository/Final Object Repo/New Registration - Registration Module Pages/New Reg - OTC to RO/Special Case - All Related Objects/Select to NRIC' is clicked on

2018-12-11 16:04:01 - [TEST_STEP][PASSED] - setText: Text '133245561223' is set on object 'Object Repository/Final Object Repo/New Registration - Registration Module Pages/New Reg - OTC to RO/Special Case - All Related Objects/IC Value'

2018-12-11 16:04:01 - [MESSAGE][PASSED] - Text '133245561223' is set on object 'Object Repository/Final Object Repo/New Registration - Registration Module Pages/New Reg - OTC to RO/Special Case - All Related Objects/IC Value'

2018-12-11 16:04:01 - [TEST_STEP][PASSED] - setText: Text 'Auto' is set on object 'Object Repository/Final Object Repo/New Registration - Registration Module Pages/New Reg - OTC to RO/Special Case - All Related Objects/Designation'

2018-12-11 16:04:02 - [MESSAGE][PASSED] - Text 'Auto' is set on object 'Object Repository/Final Object Repo/New Registration - Registration Module Pages/New Reg - OTC to RO/Special Case - All Related Objects/Designation'

2018-12-11 16:04:02 - [TEST_STEP][PASSED] - callTestCase: Call Test Case 'Test Cases/Final Aug 2018 - PKS Automation/Registration Module/New Registration/Submit and Screenshot/Submit Registration and Screenshot - Copy' successfully

2018-12-11 16:04:02 - [TEST_CASE][PASSED] - Test Cases/Final Aug 2018 - PKS Automation/Registration Module/New Registration/Submit and Screenshot/Submit Registration and Screenshot - Copy: Test Cases/Final Aug 2018 - PKS Automation/Registration Module/New Registration/Submit and Screenshot/Submit Registration and Screenshot - Copy

2018-12-11 16:04:02 - [TEST_STEP][PASSED] - delay: Delayed 6 second(s)

2018-12-11 16:04:08 - [MESSAGE][PASSED] - Delayed 6 second(s)

2018-12-11 16:04:08 - [TEST_STEP][PASSED] - click: Object: 'Object Repository/Final Object Repo/New Registration - Registration Module Pages/Third Screen - Upload Supporting Doc- Preview/Preview Submit Button' is clicked on

2018-12-11 16:04:08 - [MESSAGE][PASSED] - Object: 'Object Repository/Final Object Repo/New Registration - Registration Module Pages/Third Screen - Upload Supporting Doc- Preview/Preview Submit Button' is clicked on

2018-12-11 16:04:08 - [TEST_STEP][PASSED] - delay: Delayed 2 second(s)

2018-12-11 16:04:10 - [MESSAGE][PASSED] - Delayed 2 second(s)

2018-12-11 16:04:10 - [TEST_STEP][PASSED] - click: Object: 'Object Repository/Final Object Repo/New Registration - Registration Module Pages/Third Screen - Upload Supporting Doc- Preview/Preview Submit - Confirm' is clicked on

2018-12-11 16:04:10 - [MESSAGE][PASSED] - Object: 'Object Repository/Final Object Repo/New Registration - Registration Module Pages/Third Screen - Upload Supporting Doc- Preview/Preview Submit - Confirm' is clicked on

2018-12-11 16:04:10 - [TEST_STEP][PASSED] - delay: Delayed 15 second(s)

2018-12-11 16:04:25 - [MESSAGE][PASSED] - Delayed 15 second(s)

2018-12-11 16:04:25 - [TEST_STEP][PASSED] - Statement - driver = com.kms.katalon.core.webui.driver.DriverFactory.getWebDriver(): null

2018-12-11 16:04:25 - [TEST_STEP][PASSED] - Statement - driver.manage().timeouts().implicitlyWait(10, SECONDS): null

2018-12-11 16:04:25 - [TEST_STEP][PASSED] - Statement - PresavePath = KatalonScreenshots: null

2018-12-11 16:04:25 - [TEST_STEP][PASSED] - Statement - pathPrefix = "C:\Users\Public\Pictures\Sample Pictures\Katalon Screenshots\Automate Ending Screen": null

2018-12-11 16:04:25 - [TEST_STEP][PASSED] - Statement - finalPath = <not implemented yet for class: org.codehaus.groovy.ast.expr.EmptyExpression>: null

2018-12-11 16:04:25 - [TEST_STEP][PASSED] - Statement - scrFile = driver.getScreenshotAs(FILE): null

2018-12-11 16:04:26 - [TEST_STEP][PASSED] - Statement - PreSaveFile = new java.io.File(PresavePath): null

2018-12-11 16:04:26 - [TEST_STEP][PASSED] - Statement - counter = 0: null

2018-12-11 16:04:26 - [TEST_STEP][PASSED] - Statement - If (PreSaveFile.exists()): null

2018-12-11 16:04:26 - [TEST_STEP][PASSED] - Statement - While (PreSaveFile.exists()): null

2018-12-11 16:04:26 - [TEST_STEP][PASSED] - Statement - counter = counter + 1: null

2018-12-11 16:04:26 - [TEST_STEP][PASSED] - Statement - PreSaveFile = new java.io.File(((pathPrefix + java.lang.Integer.toString(counter)) + .png)): null

2018-12-11 16:04:26 - [TEST_STEP][PASSED] - Statement - counter = counter + 1: null

2018-12-11 16:04:26 - [TEST_STEP][PASSED] - Statement - PreSaveFile = new java.io.File(((pathPrefix + java.lang.Integer.toString(counter)) + .png)): null

2018-12-11 16:04:26 - [TEST_STEP][PASSED] - Statement - counter = counter + 1: null

2018-12-11 16:04:26 - [TEST_STEP][PASSED] - Statement - PreSaveFile = new java.io.File(((pathPrefix + java.lang.Integer.toString(counter)) + .png)): null

2018-12-11 16:04:26 - [TEST_STEP][PASSED] - Statement - counter = counter + 1: null

2018-12-11 16:04:26 - [TEST_STEP][PASSED] - Statement - PreSaveFile = new java.io.File(((pathPrefix + java.lang.Integer.toString(counter)) + .png)): null

2018-12-11 16:04:26 - [TEST_STEP][PASSED] - Statement - counter = counter + 1: null

2018-12-11 16:04:26 - [TEST_STEP][PASSED] - Statement - PreSaveFile = new java.io.File(((pathPrefix + java.lang.Integer.toString(counter)) + .png)): null

2018-12-11 16:04:26 - [TEST_STEP][PASSED] - Statement - counter = counter + 1: null

2018-12-11 16:04:26 - [TEST_STEP][PASSED] - Statement - PreSaveFile = new java.io.File(((pathPrefix + java.lang.Integer.toString(counter)) + .png)): null

2018-12-11 16:04:26 - [TEST_STEP][PASSED] - Statement - counter = counter + 1: null

2018-12-11 16:04:26 - [TEST_STEP][PASSED] - Statement - PreSaveFile = new java.io.File(((pathPrefix + java.lang.Integer.toString(counter)) + .png)): null

2018-12-11 16:04:26 - [TEST_STEP][PASSED] - Statement - counter = counter + 1: null

2018-12-11 16:04:26 - [TEST_STEP][PASSED] - Statement - PreSaveFile = new java.io.File(((pathPrefix + java.lang.Integer.toString(counter)) + .png)): null

2018-12-11 16:04:26 - [TEST_STEP][PASSED] - Statement - counter = counter + 1: null

2018-12-11 16:04:26 - [TEST_STEP][PASSED] - Statement - PreSaveFile = new java.io.File(((pathPrefix + java.lang.Integer.toString(counter)) + .png)): null

2018-12-11 16:04:26 - [TEST_STEP][PASSED] - Statement - counter = counter + 1: null

2018-12-11 16:04:26 - [TEST_STEP][PASSED] - Statement - PreSaveFile = new java.io.File(((pathPrefix + java.lang.Integer.toString(counter)) + .png)): null

2018-12-11 16:04:26 - [TEST_STEP][PASSED] - Statement - counter = counter + 1: null

2018-12-11 16:04:26 - [TEST_STEP][PASSED] - Statement - PreSaveFile = new java.io.File(((pathPrefix + java.lang.Integer.toString(counter)) + .png)): null

2018-12-11 16:04:26 - [TEST_STEP][PASSED] - Statement - counter = counter + 1: null

2018-12-11 16:04:26 - [TEST_STEP][PASSED] - Statement - PreSaveFile = new java.io.File(((pathPrefix + java.lang.Integer.toString(counter)) + .png)): null

2018-12-11 16:04:26 - [TEST_STEP][PASSED] - Statement - counter = counter + 1: null

2018-12-11 16:04:26 - [TEST_STEP][PASSED] - Statement - PreSaveFile = new java.io.File(((pathPrefix + java.lang.Integer.toString(counter)) + .png)): null

2018-12-11 16:04:26 - [TEST_STEP][PASSED] - Statement - counter = counter + 1: null

2018-12-11 16:04:26 - [TEST_STEP][PASSED] - Statement - PreSaveFile = new java.io.File(((pathPrefix + java.lang.Integer.toString(counter)) + .png)): null

2018-12-11 16:04:26 - [TEST_STEP][PASSED] - Statement - counter = counter + 1: null

2018-12-11 16:04:26 - [TEST_STEP][PASSED] - Statement - PreSaveFile = new java.io.File(((pathPrefix + java.lang.Integer.toString(counter)) + .png)): null

2018-12-11 16:04:26 - [TEST_STEP][PASSED] - Statement - counter = counter + 1: null

2018-12-11 16:04:26 - [TEST_STEP][PASSED] - Statement - PreSaveFile = new java.io.File(((pathPrefix + java.lang.Integer.toString(counter)) + .png)): null

2018-12-11 16:04:26 - [TEST_STEP][PASSED] - Statement - counter = counter + 1: null

2018-12-11 16:04:26 - [TEST_STEP][PASSED] - Statement - PreSaveFile = new java.io.File(((pathPrefix + java.lang.Integer.toString(counter)) + .png)): null

2018-12-11 16:04:26 - [TEST_STEP][PASSED] - Statement - counter = counter + 1: null

2018-12-11 16:04:26 - [TEST_STEP][PASSED] - Statement - PreSaveFile = new java.io.File(((pathPrefix + java.lang.Integer.toString(counter)) + .png)): null

2018-12-11 16:04:26 - [TEST_STEP][PASSED] - Statement - counter = counter + 1: null

2018-12-11 16:04:26 - [TEST_STEP][PASSED] - Statement - PreSaveFile = new java.io.File(((pathPrefix + java.lang.Integer.toString(counter)) + .png)): null

2018-12-11 16:04:26 - [TEST_STEP][PASSED] - Statement - counter = counter + 1: null

2018-12-11 16:04:26 - [TEST_STEP][PASSED] - Statement - PreSaveFile = new java.io.File(((pathPrefix + java.lang.Integer.toString(counter)) + .png)): null

2018-12-11 16:04:26 - [TEST_STEP][PASSED] - Statement - counter = counter + 1: null

2018-12-11 16:04:26 - [TEST_STEP][PASSED] - Statement - PreSaveFile = new java.io.File(((pathPrefix + java.lang.Integer.toString(counter)) + .png)): null

2018-12-11 16:04:26 - [TEST_STEP][PASSED] - Statement - counter = counter + 1: null

2018-12-11 16:04:26 - [TEST_STEP][PASSED] - Statement - PreSaveFile = new java.io.File(((pathPrefix + java.lang.Integer.toString(counter)) + .png)): null

2018-12-11 16:04:26 - [TEST_STEP][PASSED] - Statement - counter = counter + 1: null

2018-12-11 16:04:26 - [TEST_STEP][PASSED] - Statement - PreSaveFile = new java.io.File(((pathPrefix + java.lang.Integer.toString(counter)) + .png)): null

2018-12-11 16:04:26 - [TEST_STEP][PASSED] - Statement - counter = counter + 1: null

2018-12-11 16:04:26 - [TEST_STEP][PASSED] - Statement - PreSaveFile = new java.io.File(((pathPrefix + java.lang.Integer.toString(counter)) + .png)): null

2018-12-11 16:04:26 - [TEST_STEP][PASSED] - Statement - counter = counter + 1: null

2018-12-11 16:04:26 - [TEST_STEP][PASSED] - Statement - PreSaveFile = new java.io.File(((pathPrefix + java.lang.Integer.toString(counter)) + .png)): null

2018-12-11 16:04:26 - [TEST_STEP][PASSED] - Statement - counter = counter + 1: null

2018-12-11 16:04:26 - [TEST_STEP][PASSED] - Statement - PreSaveFile = new java.io.File(((pathPrefix + java.lang.Integer.toString(counter)) + .png)): null

2018-12-11 16:04:26 - [TEST_STEP][PASSED] - Statement - counter = counter + 1: null

2018-12-11 16:04:26 - [TEST_STEP][PASSED] - Statement - PreSaveFile = new java.io.File(((pathPrefix + java.lang.Integer.toString(counter)) + .png)): null

2018-12-11 16:04:26 - [TEST_STEP][PASSED] - Statement - counter = counter + 1: null

2018-12-11 16:04:26 - [TEST_STEP][PASSED] - Statement - PreSaveFile = new java.io.File(((pathPrefix + java.lang.Integer.toString(counter)) + .png)): null

2018-12-11 16:04:26 - [TEST_STEP][PASSED] - Statement - counter = counter + 1: null

2018-12-11 16:04:26 - [TEST_STEP][PASSED] - Statement - PreSaveFile = new java.io.File(((pathPrefix + java.lang.Integer.toString(counter)) + .png)): null

2018-12-11 16:04:26 - [TEST_STEP][PASSED] - Statement - counter = counter + 1: null

2018-12-11 16:04:26 - [TEST_STEP][PASSED] - Statement - PreSaveFile = new java.io.File(((pathPrefix + java.lang.Integer.toString(counter)) + .png)): null

2018-12-11 16:04:26 - [TEST_STEP][PASSED] - Statement - counter = counter + 1: null

2018-12-11 16:04:26 - [TEST_STEP][PASSED] - Statement - PreSaveFile = new java.io.File(((pathPrefix + java.lang.Integer.toString(counter)) + .png)): null

2018-12-11 16:04:26 - [TEST_STEP][PASSED] - Statement - counter = counter + 1: null

2018-12-11 16:04:26 - [TEST_STEP][PASSED] - Statement - PreSaveFile = new java.io.File(((pathPrefix + java.lang.Integer.toString(counter)) + .png)): null

2018-12-11 16:04:26 - [TEST_STEP][PASSED] - Statement - counter = counter + 1: null

2018-12-11 16:04:26 - [TEST_STEP][PASSED] - Statement - PreSaveFile = new java.io.File(((pathPrefix + java.lang.Integer.toString(counter)) + .png)): null

2018-12-11 16:04:26 - [TEST_STEP][PASSED] - Statement - counter = counter + 1: null

2018-12-11 16:04:26 - [TEST_STEP][PASSED] - Statement - PreSaveFile = new java.io.File(((pathPrefix + java.lang.Integer.toString(counter)) + .png)): null

2018-12-11 16:04:26 - [TEST_STEP][PASSED] - Statement - counter = counter + 1: null

2018-12-11 16:04:26 - [TEST_STEP][PASSED] - Statement - PreSaveFile = new java.io.File(((pathPrefix + java.lang.Integer.toString(counter)) + .png)): null

2018-12-11 16:04:26 - [TEST_STEP][PASSED] - Statement - counter = counter + 1: null

2018-12-11 16:04:26 - [TEST_STEP][PASSED] - Statement - PreSaveFile = new java.io.File(((pathPrefix + java.lang.Integer.toString(counter)) + .png)): null

2018-12-11 16:04:26 - [TEST_STEP][PASSED] - Statement - counter = counter + 1: null

2018-12-11 16:04:26 - [TEST_STEP][PASSED] - Statement - PreSaveFile = new java.io.File(((pathPrefix + java.lang.Integer.toString(counter)) + .png)): null

2018-12-11 16:04:26 - [TEST_STEP][PASSED] - Statement - counter = counter + 1: null

2018-12-11 16:04:26 - [TEST_STEP][PASSED] - Statement - PreSaveFile = new java.io.File(((pathPrefix + java.lang.Integer.toString(counter)) + .png)): null

2018-12-11 16:04:26 - [TEST_STEP][PASSED] - Statement - counter = counter + 1: null

2018-12-11 16:04:26 - [TEST_STEP][PASSED] - Statement - PreSaveFile = new java.io.File(((pathPrefix + java.lang.Integer.toString(counter)) + .png)): null

2018-12-11 16:04:26 - [TEST_STEP][PASSED] - Statement - counter = counter + 1: null

2018-12-11 16:04:26 - [TEST_STEP][PASSED] - Statement - PreSaveFile = new java.io.File(((pathPrefix + java.lang.Integer.toString(counter)) + .png)): null

2018-12-11 16:04:26 - [TEST_STEP][PASSED] - Statement - counter = counter + 1: null

2018-12-11 16:04:26 - [TEST_STEP][PASSED] - Statement - PreSaveFile = new java.io.File(((pathPrefix + java.lang.Integer.toString(counter)) + .png)): null

2018-12-11 16:04:26 - [TEST_STEP][PASSED] - Statement - counter = counter + 1: null

2018-12-11 16:04:26 - [TEST_STEP][PASSED] - Statement - PreSaveFile = new java.io.File(((pathPrefix + java.lang.Integer.toString(counter)) + .png)): null

2018-12-11 16:04:26 - [TEST_STEP][PASSED] - Statement - counter = counter + 1: null

2018-12-11 16:04:26 - [TEST_STEP][PASSED] - Statement - PreSaveFile = new java.io.File(((pathPrefix + java.lang.Integer.toString(counter)) + .png)): null

2018-12-11 16:04:26 - [TEST_STEP][PASSED] - Statement - counter = counter + 1: null

2018-12-11 16:04:26 - [TEST_STEP][PASSED] - Statement - PreSaveFile = new java.io.File(((pathPrefix + java.lang.Integer.toString(counter)) + .png)): null

2018-12-11 16:04:26 - [TEST_STEP][PASSED] - Statement - counter = counter + 1: null

2018-12-11 16:04:26 - [TEST_STEP][PASSED] - Statement - PreSaveFile = new java.io.File(((pathPrefix + java.lang.Integer.toString(counter)) + .png)): null

2018-12-11 16:04:26 - [TEST_STEP][PASSED] - Statement - counter = counter + 1: null

2018-12-11 16:04:26 - [TEST_STEP][PASSED] - Statement - PreSaveFile = new java.io.File(((pathPrefix + java.lang.Integer.toString(counter)) + .png)): null

2018-12-11 16:04:26 - [TEST_STEP][PASSED] - Statement - counter = counter + 1: null

2018-12-11 16:04:26 - [TEST_STEP][PASSED] - Statement - PreSaveFile = new java.io.File(((pathPrefix + java.lang.Integer.toString(counter)) + .png)): null

2018-12-11 16:04:26 - [TEST_STEP][PASSED] - Statement - counter = counter + 1: null

2018-12-11 16:04:26 - [TEST_STEP][PASSED] - Statement - PreSaveFile = new java.io.File(((pathPrefix + java.lang.Integer.toString(counter)) + .png)): null

2018-12-11 16:04:26 - [TEST_STEP][PASSED] - Statement - counter = counter + 1: null

2018-12-11 16:04:26 - [TEST_STEP][PASSED] - Statement - PreSaveFile = new java.io.File(((pathPrefix + java.lang.Integer.toString(counter)) + .png)): null

2018-12-11 16:04:26 - [TEST_STEP][PASSED] - Statement - counter = counter + 1: null

2018-12-11 16:04:26 - [TEST_STEP][PASSED] - Statement - PreSaveFile = new java.io.File(((pathPrefix + java.lang.Integer.toString(counter)) + .png)): null

2018-12-11 16:04:26 - [TEST_STEP][PASSED] - Statement - counter = counter + 1: null

2018-12-11 16:04:26 - [TEST_STEP][PASSED] - Statement - PreSaveFile = new java.io.File(((pathPrefix + java.lang.Integer.toString(counter)) + .png)): null

2018-12-11 16:04:26 - [TEST_STEP][PASSED] - Statement - counter = counter + 1: null

2018-12-11 16:04:26 - [TEST_STEP][PASSED] - Statement - PreSaveFile = new java.io.File(((pathPrefix + java.lang.Integer.toString(counter)) + .png)): null

2018-12-11 16:04:26 - [TEST_STEP][PASSED] - Statement - counter = counter + 1: null

2018-12-11 16:04:26 - [TEST_STEP][PASSED] - Statement - PreSaveFile = new java.io.File(((pathPrefix + java.lang.Integer.toString(counter)) + .png)): null

2018-12-11 16:04:26 - [TEST_STEP][PASSED] - Statement - counter = counter + 1: null

2018-12-11 16:04:26 - [TEST_STEP][PASSED] - Statement - PreSaveFile = new java.io.File(((pathPrefix + java.lang.Integer.toString(counter)) + .png)): null

2018-12-11 16:04:26 - [TEST_STEP][PASSED] - Statement - counter = counter + 1: null

2018-12-11 16:04:26 - [TEST_STEP][PASSED] - Statement - PreSaveFile = new java.io.File(((pathPrefix + java.lang.Integer.toString(counter)) + .png)): null

2018-12-11 16:04:26 - [TEST_STEP][PASSED] - Statement - counter = counter + 1: null

2018-12-11 16:04:26 - [TEST_STEP][PASSED] - Statement - PreSaveFile = new java.io.File(((pathPrefix + java.lang.Integer.toString(counter)) + .png)): null

2018-12-11 16:04:26 - [TEST_STEP][PASSED] - Statement - counter = counter + 1: null

2018-12-11 16:04:26 - [TEST_STEP][PASSED] - Statement - PreSaveFile = new java.io.File(((pathPrefix + java.lang.Integer.toString(counter)) + .png)): null

2018-12-11 16:04:26 - [TEST_STEP][PASSED] - Statement - counter = counter + 1: null

2018-12-11 16:04:26 - [TEST_STEP][PASSED] - Statement - PreSaveFile = new java.io.File(((pathPrefix + java.lang.Integer.toString(counter)) + .png)): null

2018-12-11 16:04:26 - [TEST_STEP][PASSED] - Statement - counter = counter + 1: null

2018-12-11 16:04:26 - [TEST_STEP][PASSED] - Statement - PreSaveFile = new java.io.File(((pathPrefix + java.lang.Integer.toString(counter)) + .png)): null

2018-12-11 16:04:26 - [TEST_STEP][PASSED] - Statement - counter = counter + 1: null

2018-12-11 16:04:26 - [TEST_STEP][PASSED] - Statement - PreSaveFile = new java.io.File(((pathPrefix + java.lang.Integer.toString(counter)) + .png)): null

2018-12-11 16:04:26 - [TEST_STEP][PASSED] - Statement - counter = counter + 1: null

2018-12-11 16:04:26 - [TEST_STEP][PASSED] - Statement - PreSaveFile = new java.io.File(((pathPrefix + java.lang.Integer.toString(counter)) + .png)): null

2018-12-11 16:04:26 - [TEST_STEP][PASSED] - Statement - counter = counter + 1: null

2018-12-11 16:04:26 - [TEST_STEP][PASSED] - Statement - PreSaveFile = new java.io.File(((pathPrefix + java.lang.Integer.toString(counter)) + .png)): null

2018-12-11 16:04:26 - [TEST_STEP][PASSED] - Statement - counter = counter + 1: null

2018-12-11 16:04:26 - [TEST_STEP][PASSED] - Statement - PreSaveFile = new java.io.File(((pathPrefix + java.lang.Integer.toString(counter)) + .png)): null

2018-12-11 16:04:26 - [TEST_STEP][PASSED] - Statement - counter = counter + 1: null

2018-12-11 16:04:26 - [TEST_STEP][PASSED] - Statement - PreSaveFile = new java.io.File(((pathPrefix + java.lang.Integer.toString(counter)) + .png)): null

2018-12-11 16:04:26 - [TEST_STEP][PASSED] - Statement - counter = counter + 1: null

2018-12-11 16:04:26 - [TEST_STEP][PASSED] - Statement - PreSaveFile = new java.io.File(((pathPrefix + java.lang.Integer.toString(counter)) + .png)): null

2018-12-11 16:04:26 - [TEST_STEP][PASSED] - Statement - counter = counter + 1: null

2018-12-11 16:04:26 - [TEST_STEP][PASSED] - Statement - PreSaveFile = new java.io.File(((pathPrefix + java.lang.Integer.toString(counter)) + .png)): null

2018-12-11 16:04:26 - [TEST_STEP][PASSED] - Statement - counter = counter + 1: null

2018-12-11 16:04:26 - [TEST_STEP][PASSED] - Statement - PreSaveFile = new java.io.File(((pathPrefix + java.lang.Integer.toString(counter)) + .png)): null

2018-12-11 16:04:26 - [TEST_STEP][PASSED] - Statement - counter = counter + 1: null

2018-12-11 16:04:26 - [TEST_STEP][PASSED] - Statement - PreSaveFile = new java.io.File(((pathPrefix + java.lang.Integer.toString(counter)) + .png)): null

2018-12-11 16:04:26 - [TEST_STEP][PASSED] - Statement - counter = counter + 1: null

2018-12-11 16:04:26 - [TEST_STEP][PASSED] - Statement - PreSaveFile = new java.io.File(((pathPrefix + java.lang.Integer.toString(counter)) + .png)): null

2018-12-11 16:04:26 - [TEST_STEP][PASSED] - Statement - counter = counter + 1: null

2018-12-11 16:04:26 - [TEST_STEP][PASSED] - Statement - PreSaveFile = new java.io.File(((pathPrefix + java.lang.Integer.toString(counter)) + .png)): null

2018-12-11 16:04:26 - [TEST_STEP][PASSED] - Statement - counter = counter + 1: null

2018-12-11 16:04:26 - [TEST_STEP][PASSED] - Statement - PreSaveFile = new java.io.File(((pathPrefix + java.lang.Integer.toString(counter)) + .png)): null

2018-12-11 16:04:26 - [TEST_STEP][PASSED] - Statement - counter = counter + 1: null

2018-12-11 16:04:26 - [TEST_STEP][PASSED] - Statement - PreSaveFile = new java.io.File(((pathPrefix + java.lang.Integer.toString(counter)) + .png)): null

2018-12-11 16:04:26 - [TEST_STEP][PASSED] - Statement - counter = counter + 1: null

2018-12-11 16:04:26 - [TEST_STEP][PASSED] - Statement - PreSaveFile = new java.io.File(((pathPrefix + java.lang.Integer.toString(counter)) + .png)): null

2018-12-11 16:04:26 - [TEST_STEP][PASSED] - Statement - counter = counter + 1: null

2018-12-11 16:04:26 - [TEST_STEP][PASSED] - Statement - PreSaveFile = new java.io.File(((pathPrefix + java.lang.Integer.toString(counter)) + .png)): null

2018-12-11 16:04:26 - [TEST_STEP][PASSED] - Statement - counter = counter + 1: null

2018-12-11 16:04:26 - [TEST_STEP][PASSED] - Statement - PreSaveFile = new java.io.File(((pathPrefix + java.lang.Integer.toString(counter)) + .png)): null

2018-12-11 16:04:26 - [TEST_STEP][PASSED] - Statement - counter = counter + 1: null

2018-12-11 16:04:26 - [TEST_STEP][PASSED] - Statement - PreSaveFile = new java.io.File(((pathPrefix + java.lang.Integer.toString(counter)) + .png)): null

2018-12-11 16:04:26 - [TEST_STEP][PASSED] - Statement - counter = counter + 1: null

2018-12-11 16:04:26 - [TEST_STEP][PASSED] - Statement - PreSaveFile = new java.io.File(((pathPrefix + java.lang.Integer.toString(counter)) + .png)): null

2018-12-11 16:04:26 - [TEST_STEP][PASSED] - Statement - finalPath = pathPrefix + java.lang.Integer.toString(counter) + ".png": null

2018-12-11 16:04:26 - [TEST_STEP][PASSED] - Statement - SaveFile = new java.io.File(finalPath): null

2018-12-11 16:04:26 - [TEST_STEP][PASSED] - Statement - Try: null

2018-12-11 16:04:26 - [TEST_STEP][PASSED] - Statement - org.apache.commons.io.FileUtils.copyFile(scrFile, SaveFile): null

2018-12-11 16:04:26 - [TEST_STEP][PASSED] - Statement - out.println("file kept"): null

2018-12-11 16:04:26 - [TEST_STEP][PASSED] - delay: Delayed 10 second(s)

2018-12-11 16:04:36 - [MESSAGE][PASSED] - Delayed 10 second(s)

2018-12-11 16:04:36 - [MESSAGE][PASSED] - Call Test Case 'Test Cases/Final Aug 2018 - PKS Automation/Registration Module/New Registration/Submit and Screenshot/Submit Registration and Screenshot - Copy' successfully

2018-12-11 16:04:36 - [TEST_STEP][PASSED] - Statement - UpdateAddNewECode = com.kms.katalon.core.webui.keyword.WebUiBuiltInKeywords.getText(com.kms.katalon.core.testobject.ObjectRepository.findTestObject(Object Repository/Final Object Repo/Page_Update Add New Employee - ASSIST/getEmpCode)): Text of object 'Object Repository/Final Object Repo/Page_Update Add New Employee - ASSIST/getEmpCode' is: 'E1102070758M'

2018-12-11 16:04:36 - [MESSAGE][PASSED] - Text of object 'Object Repository/Final Object Repo/Page_Update Add New Employee - ASSIST/getEmpCode' is: 'E1102070758M'

2018-12-11 16:04:36 - [TEST_STEP][PASSED] - callTestCase: Call Test Case 'Test Cases/Final Aug 2018 - PKS Automation/Common/Emp Code Setter' successfully

2018-12-11 16:04:36 - [TEST_CASE][PASSED] - Test Cases/Final Aug 2018 - PKS Automation/Common/Emp Code Setter: Test Cases/Final Aug 2018 - PKS Automation/Common/Emp Code Setter

2018-12-11 16:04:36 - [TEST_STEP][PASSED] - Statement - EmpCodeOld = new java.io.File(C://Users//Admin//Desktop//PKS//Automation Reference Point//EmpCode.txt): null

2018-12-11 16:04:36 - [TEST_STEP][PASSED] - Statement - EmpCodeOld.delete(): null

2018-12-11 16:04:36 - [TEST_STEP][PASSED] - Statement - EmpCode = new java.io.File(C://Users//Admin//Desktop//PKS//Automation Reference Point//EmpCode.txt): null

2018-12-11 16:04:36 - [TEST_STEP][PASSED] - Statement - f2 = new java.io.FileWriter(EmpCode, false): null

2018-12-11 16:04:36 - [TEST_STEP][PASSED] - Statement - f2.write(UpdateAddNewECode): null

2018-12-11 16:04:36 - [TEST_STEP][PASSED] - Statement - f2.close(): null

2018-12-11 16:04:36 - [TEST_STEP][PASSED] - Statement - out.println("


" + UpdateAddNewECode + "


"): null

2018-12-11 16:04:36 - [MESSAGE][PASSED] - Call Test Case 'Test Cases/Final Aug 2018 - PKS Automation/Common/Emp Code Setter' successfully

2018-12-11 16:04:36 - [MESSAGE][PASSED] - Call Test Case 'Test Cases/Final Aug 2018 - PKS Automation/Registration Module/Workflow/Update Add New Employee/Template/New Company for Update Add New - Employer' successfully

2018-12-11 16:04:36 - [TEST_STEP][PASSED] - callTestCase: Call Test Case 'Test Cases/Final Aug 2018 - PKS Automation/Registration Module/Log Out/log out avoiding katalon tagging' successfully

2018-12-11 16:04:36 - [TEST_CASE][PASSED] - Test Cases/Final Aug 2018 - PKS Automation/Registration Module/Log Out/log out avoiding katalon tagging: Test Cases/Final Aug 2018 - PKS Automation/Registration Module/Log Out/log out avoiding katalon tagging

2018-12-11 16:04:36 - [TEST_STEP][PASSED] - navigateToUrl: Navigate to 'https://assist2-uat.perkeso.gov.my/c/portal/logout' successfully

2018-12-11 16:04:37 - [MESSAGE][PASSED] - Navigate to 'https://assist2-uat.perkeso.gov.my/c/portal/logout' successfully

2018-12-11 16:04:37 - [MESSAGE][PASSED] - Call Test Case 'Test Cases/Final Aug 2018 - PKS Automation/Registration Module/Log Out/log out avoiding katalon tagging' successfully

2018-12-11 16:04:37 - [TEST_STEP][PASSED] - callTestCase: Call Test Case 'Test Cases/Final Aug 2018 - PKS Automation/Registration Module/New Registration/Form 2/Date Updater' successfully

2018-12-11 16:04:37 - [TEST_CASE][PASSED] - Test Cases/Final Aug 2018 - PKS Automation/Registration Module/New Registration/Form 2/Date Updater: Test Cases/Final Aug 2018 - PKS Automation/Registration Module/New Registration/Form 2/Date Updater

2018-12-11 16:04:37 - [TEST_STEP][PASSED] - Statement - TodayDate = new java.util.Date(): null

2018-12-11 16:04:37 - [TEST_STEP][PASSED] - Statement - CurrentDateNoFilter = new java.text.SimpleDateFormat(): null

2018-12-11 16:04:37 - [TEST_STEP][PASSED] - Statement - CurrentDateNoFilter.applyPattern("MM"): null

2018-12-11 16:04:37 - [TEST_STEP][PASSED] - Statement - monthContainerMatcher = java.lang.Integer.parseInt(CurrentDateNoFilter.format(TodayDate)): null

2018-12-11 16:04:37 - [TEST_STEP][PASSED] - Statement - monthContainerMatcher = monthContainerMatcher - 1: null

2018-12-11 16:04:37 - [TEST_STEP][PASSED] - Statement - CurrentMonth = monthContainerMatcher.toString(): null

2018-12-11 16:04:37 - [TEST_STEP][PASSED] - Statement - CurrentMonth = CurrentMonth: null

2018-12-11 16:04:37 - [TEST_STEP][PASSED] - Statement - CurrentDateNoFilter.applyPattern("yyyy"): null

2018-12-11 16:04:37 - [TEST_STEP][PASSED] - Statement - CurrentYear = CurrentDateNoFilter.format(TodayDate): null

2018-12-11 16:04:37 - [TEST_STEP][PASSED] - Statement - CurrentYear = CurrentYear: null

2018-12-11 16:04:37 - [TEST_STEP][PASSED] - Statement - intCurrentYear = java.lang.Integer.parseInt(CurrentDateNoFilter.format(TodayDate)): null

2018-12-11 16:04:37 - [TEST_STEP][PASSED] - Statement - eighteenYrsAgo = intCurrentYear - 18: null

2018-12-11 16:04:37 - [TEST_STEP][PASSED] - Statement - eighteenYrsBeforeThisYr = eighteenYrsAgo.toString(): null

2018-12-11 16:04:37 - [TEST_STEP][PASSED] - Statement - EighteenYrsBefore = eighteenYrsBeforeThisYr: null

2018-12-11 16:04:37 - [TEST_STEP][PASSED] - Statement - fiftysevenYrsAgo = intCurrentYear - 57: null

2018-12-11 16:04:37 - [TEST_STEP][PASSED] - Statement - fiftysevenYrsBeforeThisYr = fiftysevenYrsAgo.toString(): null

2018-12-11 16:04:37 - [TEST_STEP][PASSED] - Statement - FiftysevenYrsBefore = fiftysevenYrsBeforeThisYr: null

2018-12-11 16:04:37 - [TEST_STEP][PASSED] - Statement - leapYear = false: null

2018-12-11 16:04:37 - [TEST_STEP][PASSED] - Statement - leapYear = intCurrentYear % 4 == 0: null

2018-12-11 16:04:37 - [TEST_STEP][PASSED] - Statement - CurrentDateNoFilter.applyPattern("dd"): null

2018-12-11 16:04:37 - [TEST_STEP][PASSED] - Statement - CurrentDate = CurrentDateNoFilter.format(TodayDate): null

2018-12-11 16:04:37 - [TEST_STEP][PASSED] - Statement - CurrentDate = java.lang.Integer.parseInt(CurrentDate): null

2018-12-11 16:04:37 - [TEST_STEP][PASSED] - Statement - CurrentDate = CurrentDate: null

2018-12-11 16:04:37 - [TEST_STEP][PASSED] - Statement - CurrentDay = java.lang.Integer.parseInt(CurrentDate): null

2018-12-11 16:04:37 - [TEST_STEP][PASSED] - Statement - ConfAdder = <not implemented yet for class: org.codehaus.groovy.ast.expr.EmptyExpression>: null

2018-12-11 16:04:37 - [TEST_STEP][PASSED] - Statement - out.println(CurrentMonth): null

2018-12-11 16:04:37 - [TEST_STEP][PASSED] - Statement - out.println(CurrentDate): null

2018-12-11 16:04:37 - [TEST_STEP][PASSED] - Statement - switch (CurrentDate): null

2018-12-11 16:04:37 - [TEST_STEP][PASSED] - Statement - Default: null

2018-12-11 16:04:37 - [TEST_STEP][PASSED] - Statement - ConfAdder = true: null

2018-12-11 16:04:37 - [TEST_STEP][PASSED] - Statement - Break: null

2018-12-11 16:04:37 - [TEST_STEP][PASSED] - Statement - aDayBefore = <not implemented yet for class: org.codehaus.groovy.ast.expr.EmptyExpression>: null

2018-12-11 16:04:37 - [TEST_STEP][PASSED] - Statement - out.println(ConfAdder): null

2018-12-11 16:04:37 - [TEST_STEP][PASSED] - Statement - If (ConfAdder == true): null

2018-12-11 16:04:37 - [TEST_STEP][PASSED] - Statement - aDayBefore = CurrentDay + 1: null

2018-12-11 16:04:37 - [TEST_STEP][PASSED] - Statement - out.println(aDayBefore): null

2018-12-11 16:04:37 - [TEST_STEP][PASSED] - Statement - If (aDayBefore == 1 && CurrentMonth == 11): null

2018-12-11 16:04:37 - [TEST_STEP][PASSED] - Statement - DayBefore = aDayBefore.toString(): null

2018-12-11 16:04:37 - [TEST_STEP][PASSED] - Statement - OneDayBefore = DayBefore: null

2018-12-11 16:04:37 - [MESSAGE][PASSED] - Call Test Case 'Test Cases/Final Aug 2018 - PKS Automation/Registration Module/New Registration/Form 2/Date Updater' successfully

2018-12-11 16:04:37 - [TEST_STEP][PASSED] - delay: Delayed 2 second(s)

2018-12-11 16:04:39 - [MESSAGE][PASSED] - Delayed 2 second(s)

2018-12-11 16:04:39 - [TEST_STEP][PASSED] - callTestCase: Call Test Case 'Test Cases/Final Aug 2018 - PKS Automation/Create Employer Acc/Login to Employer Account (Second time)' successfully

2018-12-11 16:04:39 - [TEST_CASE][PASSED] - Test Cases/Final Aug 2018 - PKS Automation/Create Employer Acc/Login to Employer Account (Second time): Test Cases/Final Aug 2018 - PKS Automation/Create Employer Acc/Login to Employer Account (Second time)

2018-12-11 16:04:39 - [TEST_STEP][PASSED] - openBrowser: Browser is opened with url: ''

2018-12-11 16:04:39 - [MESSAGE][WARNING] - A browser is already opened. Closing browser and opening a new one

2018-12-11 16:04:44 - [MESSAGE][PASSED] - Browser is opened with url: ''

2018-12-11 16:04:44 - [TEST_STEP][PASSED] - navigateToUrl: Navigate to 'https://assist2-uat.perkeso.gov.my/employer/login' successfully

2018-12-11 16:04:45 - [MESSAGE][PASSED] - Navigate to 'https://assist2-uat.perkeso.gov.my/employer/login' successfully

2018-12-11 16:04:45 - [TEST_STEP][PASSED] - delay: Delayed 3 second(s)

2018-12-11 16:04:48 - [MESSAGE][PASSED] - Delayed 3 second(s)

2018-12-11 16:04:48 - [TEST_STEP][PASSED] - callTestCase: Call Test Case 'Test Cases/Final Aug 2018 - PKS Automation/Create Employer Acc/Template/Employer Email Getter' successfully

2018-12-11 16:04:48 - [TEST_CASE][PASSED] - Test Cases/Final Aug 2018 - PKS Automation/Create Employer Acc/Template/Employer Email Getter: Test Cases/Final Aug 2018 - PKS Automation/Create Employer Acc/Template/Employer Email Getter

2018-12-11 16:04:48 - [TEST_STEP][PASSED] - Statement - Try: null

2018-12-11 16:04:48 - [TEST_STEP][PASSED] - Statement - EmpEmail = new java.io.File(C://Users//Admin//Desktop//PKS//Automation Reference Point//EmpEmail.txt): null

2018-12-11 16:04:48 - [TEST_STEP][PASSED] - Statement - bufferread = new java.io.BufferedReader(new java.io.FileReader(EmpEmail)): null

2018-12-11 16:04:48 - [TEST_STEP][PASSED] - Statement - readedVal = bufferread.readLine(): null

2018-12-11 16:04:48 - [TEST_STEP][PASSED] - Statement - out.println(readedVal): null

2018-12-11 16:04:48 - [TEST_STEP][PASSED] - Statement - Email = readedVal: null

2018-12-11 16:04:48 - [MESSAGE][PASSED] - Call Test Case 'Test Cases/Final Aug 2018 - PKS Automation/Create Employer Acc/Template/Employer Email Getter' successfully

2018-12-11 16:04:48 - [TEST_STEP][PASSED] - setText: Text 'perkeso443732801332@gmail.com' is set on object 'Object Repository/Final Object Repo/Login Page/External Login Page/Email'

2018-12-11 16:04:48 - [MESSAGE][PASSED] - Text 'perkeso443732801332@gmail.com' is set on object 'Object Repository/Final Object Repo/Login Page/External Login Page/Email'

2018-12-11 16:04:48 - [TEST_STEP][PASSED] - click: Object: 'Object Repository/Final Object Repo/Login Page/External Login Page/Next' is clicked on

2018-12-11 16:04:48 - [MESSAGE][PASSED] - Object: 'Object Repository/Final Object Repo/Login Page/External Login Page/Next' is clicked on

2018-12-11 16:04:48 - [TEST_STEP][PASSED] - delay: Delayed 3 second(s)

2018-12-11 16:04:51 - [MESSAGE][PASSED] - Delayed 3 second(s)

2018-12-11 16:04:51 - [TEST_STEP][PASSED] - setEncryptedText: Text ****** has been set on object 'Object Repository/Final Object Repo/Login Page/External Login Page/Password'

2018-12-11 16:04:52 - [MESSAGE][PASSED] - Text ****** has been set on object 'Object Repository/Final Object Repo/Login Page/External Login Page/Password'

2018-12-11 16:04:52 - [TEST_STEP][PASSED] - click: Object: 'Object Repository/Final Object Repo/Login Page/External Login Page/Login' is clicked on

2018-12-11 16:04:52 - [MESSAGE][PASSED] - Object: 'Object Repository/Final Object Repo/Login Page/External Login Page/Login' is clicked on

2018-12-11 16:04:52 - [TEST_STEP][PASSED] - delay: Delayed 5 second(s)

2018-12-11 16:04:57 - [MESSAGE][PASSED] - Delayed 5 second(s)

2018-12-11 16:04:57 - [MESSAGE][PASSED] - Call Test Case 'Test Cases/Final Aug 2018 - PKS Automation/Create Employer Acc/Login to Employer Account (Second time)' successfully

2018-12-11 16:04:57 - [TEST_STEP][PASSED] - delay: Delayed 4 second(s)

2018-12-11 16:05:01 - [MESSAGE][PASSED] - Delayed 4 second(s)

2018-12-11 16:05:01 - [TEST_STEP][PASSED] - Statement - Try: Delayed 2 second(s)

2018-12-11 16:05:01 - [TEST_STEP][PASSED] - Statement - Checker = false: null

2018-12-11 16:05:01 - [TEST_STEP][PASSED] - Statement - Checker = com.kms.katalon.core.webui.keyword.WebUiBuiltInKeywords.verifyElementHasAttribute(com.kms.katalon.core.testobject.ObjectRepository.findTestObject(Final Object Repo/Landing Page/BM Detecting), "href", 20, OPTIONAL): Object 'Object Repository/Final Object Repo/Landing Page/BM Detecting' has attribute 'href'

2018-12-11 16:05:01 - [MESSAGE][PASSED] - Object 'Object Repository/Final Object Repo/Landing Page/BM Detecting' has attribute 'href'

2018-12-11 16:05:01 - [TEST_STEP][PASSED] - Statement - out.println(Checker): null

2018-12-11 16:05:01 - [TEST_STEP][PASSED] - Statement - If (Checker == false): null

2018-12-11 16:05:01 - [TEST_STEP][PASSED] - Statement - Else: null

2018-12-11 16:05:01 - [TEST_STEP][PASSED] - delay: Delayed 2 second(s)

2018-12-11 16:05:03 - [MESSAGE][PASSED] - Delayed 2 second(s)

2018-12-11 16:05:03 - [TEST_STEP][PASSED] - delay: Delayed 4 second(s)

2018-12-11 16:05:07 - [MESSAGE][PASSED] - Delayed 4 second(s)

2018-12-11 16:05:07 - [TEST_STEP][PASSED] - click: Object: 'Object Repository/Final Object Repo/Page_Update Add New Employee - ASSIST/My Sites Drop Down' is clicked on

2018-12-11 16:05:07 - [MESSAGE][PASSED] - Object: 'Object Repository/Final Object Repo/Page_Update Add New Employee - ASSIST/My Sites Drop Down' is clicked on

2018-12-11 16:05:07 - [TEST_STEP][PASSED] - click: Object: 'Object Repository/Final Object Repo/Page_Update Add New Employee - ASSIST/Select to Registration Module' is clicked on

2018-12-11 16:05:12 - [MESSAGE][PASSED] - Object: 'Object Repository/Final Object Repo/Page_Update Add New Employee - ASSIST/Select to Registration Module' is clicked on

2018-12-11 16:05:12 - [TEST_STEP][PASSED] - navigateToUrl: Navigate to 'https://assist2-uat.perkeso.gov.my/web/registration/myassist' successfully

2018-12-11 16:05:16 - [MESSAGE][PASSED] - Navigate to 'https://assist2-uat.perkeso.gov.my/web/registration/myassist' successfully

2018-12-11 16:05:16 - [TEST_STEP][PASSED] - mouseOver: Object: 'Object Repository/Final Object Repo/Page_Update Add New Employee - ASSIST/Select to Update Akta 4 Tab' is hovered

2018-12-11 16:05:16 - [MESSAGE][PASSED] - Object: 'Object Repository/Final Object Repo/Page_Update Add New Employee - ASSIST/Select to Update Akta 4 Tab' is hovered

2018-12-11 16:05:16 - [TEST_STEP][PASSED] - delay: Delayed 2 second(s)

2018-12-11 16:05:18 - [MESSAGE][PASSED] - Delayed 2 second(s)

2018-12-11 16:05:18 - [TEST_STEP][PASSED] - click: Object: 'Object Repository/Final Object Repo/Page_Update Add New Employee - ASSIST/Select to Update Add New Employee' is clicked on

2018-12-11 16:05:19 - [MESSAGE][PASSED] - Object: 'Object Repository/Final Object Repo/Page_Update Add New Employee - ASSIST/Select to Update Add New Employee' is clicked on

2018-12-11 16:05:19 - [TEST_STEP][PASSED] - delay: Delayed 2 second(s)

2018-12-11 16:05:21 - [MESSAGE][PASSED] - Delayed 2 second(s)

2018-12-11 16:05:21 - [TEST_STEP][PASSED] - setText: Text 'E1102070758M' is set on object 'Object Repository/Final Object Repo/Page_Update Add New Employee - ASSIST/Employer Code input textbox'

2018-12-11 16:05:21 - [MESSAGE][PASSED] - Text 'E1102070758M' is set on object 'Object Repository/Final Object Repo/Page_Update Add New Employee - ASSIST/Employer Code input textbox'

2018-12-11 16:05:21 - [TEST_STEP][PASSED] - delay: Delayed 2 second(s)

2018-12-11 16:05:23 - [MESSAGE][PASSED] - Delayed 2 second(s)

2018-12-11 16:05:23 - [TEST_STEP][PASSED] - click: Object: 'Object Repository/Final Object Repo/Page_Update Add New Employee - ASSIST/Search Button for Employer Code' is clicked on

2018-12-11 16:05:24 - [MESSAGE][PASSED] - Object: 'Object Repository/Final Object Repo/Page_Update Add New Employee - ASSIST/Search Button for Employer Code' is clicked on

2018-12-11 16:05:24 - [TEST_STEP][PASSED] - delay: Delayed 4 second(s)

2018-12-11 16:05:28 - [MESSAGE][PASSED] - Delayed 4 second(s)

2018-12-11 16:05:28 - [TEST_STEP][PASSED] - click: Object: 'Object Repository/Final Object Repo/Page_Update Add New Employee - ASSIST/Click to Edit Case' is clicked on

2018-12-11 16:05:30 - [MESSAGE][PASSED] - Object: 'Object Repository/Final Object Repo/Page_Update Add New Employee - ASSIST/Click to Edit Case' is clicked on

2018-12-11 16:05:30 - [TEST_STEP][PASSED] - callTestCase: Call Test Case 'Test Cases/Final Aug 2018 - PKS Automation/Registration Module/Workflow/Update Add New Employee/Template/Employee Adding/Employee Adding Action liability date change - Employer Access' successfully

2018-12-11 16:05:30 - [TEST_CASE][PASSED] - Test Cases/Final Aug 2018 - PKS Automation/Registration Module/Workflow/Update Add New Employee/Template/Employee Adding/Employee Adding Action liability date change - Employer Access: Test Cases/Final Aug 2018 - PKS Automation/Registration Module/Workflow/Update Add New Employee/Template/Employee Adding/Employee Adding Action liability date change - Employer Access

2018-12-11 16:05:30 - [TEST_STEP][PASSED] - delay: Delayed 4 second(s)

2018-12-11 16:05:34 - [MESSAGE][PASSED] - Delayed 4 second(s)

2018-12-11 16:05:34 - [TEST_STEP][PASSED] - click: Object: 'Object Repository/Final Object Repo/Page_Update Add New Employee - ASSIST/Add Employee Button' is clicked on

2018-12-11 16:05:34 - [MESSAGE][PASSED] - Object: 'Object Repository/Final Object Repo/Page_Update Add New Employee - ASSIST/Add Employee Button' is clicked on

2018-12-11 16:05:34 - [TEST_STEP][PASSED] - delay: Delayed 3 second(s)

2018-12-11 16:05:37 - [MESSAGE][PASSED] - Delayed 3 second(s)

2018-12-11 16:05:37 - [TEST_STEP][PASSED] - setText: Text '830081009219' is set on object 'Object Repository/Final Object Repo/Page_Update Add New Employee - ASSIST/NRIC Input'

2018-12-11 16:05:37 - [MESSAGE][PASSED] - Text '830081009219' is set on object 'Object Repository/Final Object Repo/Page_Update Add New Employee - ASSIST/NRIC Input'

2018-12-11 16:05:37 - [TEST_STEP][PASSED] - delay: Delayed 2 second(s)

2018-12-11 16:05:39 - [MESSAGE][PASSED] - Delayed 2 second(s)

2018-12-11 16:05:39 - [TEST_STEP][PASSED] - setText: Text 'Automate002 Employee eligible 1' is set on object 'Object Repository/Final Object Repo/Page_Update Add New Employee - ASSIST/Employee Name Input'

2018-12-11 16:05:40 - [MESSAGE][PASSED] - Text 'Automate002 Employee eligible 1' is set on object 'Object Repository/Final Object Repo/Page_Update Add New Employee - ASSIST/Employee Name Input'

2018-12-11 16:05:40 - [TEST_STEP][PASSED] - delay: Delayed 2 second(s)

2018-12-11 16:05:42 - [MESSAGE][PASSED] - Delayed 2 second(s)

2018-12-11 16:05:42 - [TEST_STEP][PASSED] - click: Object: 'Object Repository/Final Object Repo/Page_Update Add New Employee - ASSIST/DatePicker Pop Up' is clicked on

2018-12-11 16:05:42 - [MESSAGE][PASSED] - Object: 'Object Repository/Final Object Repo/Page_Update Add New Employee - ASSIST/DatePicker Pop Up' is clicked on

2018-12-11 16:05:42 - [TEST_STEP][PASSED] - click: Object: 'Object Repository/Final Object Repo/Page_Update Add New Employee - ASSIST/DOB Month' is clicked on

2018-12-11 16:05:43 - [MESSAGE][PASSED] - Object: 'Object Repository/Final Object Repo/Page_Update Add New Employee - ASSIST/DOB Month' is clicked on

2018-12-11 16:05:43 - [TEST_STEP][PASSED] - Statement - CurrentMonth = CurrentMonth: null

2018-12-11 16:05:43 - [TEST_STEP][PASSED] - Statement - selectMonth = new com.kms.katalon.core.testobject.TestObject(): null

2018-12-11 16:05:43 - [TEST_STEP][PASSED] - Statement - selectMonth.addProperty("xpath", EQUALS, "//body/div/div/div/select/option[@value='" + CurrentMonth + "']", true): null

2018-12-11 16:05:43 - [TEST_STEP][PASSED] - click: Object: '' is clicked on

2018-12-11 16:05:43 - [MESSAGE][PASSED] - Object: '' is clicked on

2018-12-11 16:05:43 - [TEST_STEP][PASSED] - click: Object: 'Object Repository/Final Object Repo/Page_Update Add New Employee - ASSIST/DOB Year' is clicked on

2018-12-11 16:05:43 - [MESSAGE][PASSED] - Object: 'Object Repository/Final Object Repo/Page_Update Add New Employee - ASSIST/DOB Year' is clicked on

2018-12-11 16:05:43 - [TEST_STEP][PASSED] - Statement - Eyearsbf = EighteenYrsBefore: null

2018-12-11 16:05:43 - [TEST_STEP][PASSED] - Statement - selectYear = new com.kms.katalon.core.testobject.TestObject(): null

2018-12-11 16:05:43 - [TEST_STEP][PASSED] - Statement - selectYear.addProperty("xpath", EQUALS, "//div/div/div/select/option[@value='" + Eyearsbf + "']", true): null

2018-12-11 16:05:43 - [TEST_STEP][PASSED] - click: Object: '' is clicked on

2018-12-11 16:05:43 - [MESSAGE][PASSED] - Object: '' is clicked on

2018-12-11 16:05:43 - [TEST_STEP][PASSED] - Statement - UpdatedSelectDate = com.kms.katalon.core.webui.keyword.WebUiBuiltInKeywords.modifyObjectProperty(com.kms.katalon.core.testobject.ObjectRepository.findTestObject(Final Object Repo/Page_Update Add New Employee - ASSIST/DOB Date), "xpath", "equals", "//body/div/table/tbody/tr/td/a[text()="" + CurrentDate + ""]", true): Modify property of object successfully

2018-12-11 16:05:43 - [MESSAGE][PASSED] - Modify property of object successfully

2018-12-11 16:05:43 - [TEST_STEP][PASSED] - delay: Delayed 3 second(s)

2018-12-11 16:05:46 - [MESSAGE][PASSED] - Delayed 3 second(s)

2018-12-11 16:05:46 - [TEST_STEP][PASSED] - click: Object: 'Object Repository/Final Object Repo/Page_Update Add New Employee - ASSIST/DOB Date' is clicked on

2018-12-11 16:05:46 - [MESSAGE][PASSED] - Object: 'Object Repository/Final Object Repo/Page_Update Add New Employee - ASSIST/DOB Date' is clicked on

2018-12-11 16:05:46 - [TEST_STEP][PASSED] - delay: Delayed 2 second(s)

2018-12-11 16:05:48 - [MESSAGE][PASSED] - Delayed 2 second(s)

2018-12-11 16:05:48 - [TEST_STEP][PASSED] - click: Object: 'Object Repository/Final Object Repo/Page_Update Add New Employee - ASSIST/EmploymentStartDate Pop Up' is clicked on

2018-12-11 16:05:48 - [MESSAGE][PASSED] - Object: 'Object Repository/Final Object Repo/Page_Update Add New Employee - ASSIST/EmploymentStartDate Pop Up' is clicked on

2018-12-11 16:05:48 - [TEST_STEP][PASSED] - delay: Delayed 2 second(s)

2018-12-11 16:05:50 - [MESSAGE][PASSED] - Delayed 2 second(s)

2018-12-11 16:05:50 - [TEST_STEP][PASSED] - click: Object: 'Object Repository/Final Object Repo/Page_Update Add New Employee - ASSIST/Socso Employment StartDate Month' is clicked on

2018-12-11 16:05:52 - [MESSAGE][PASSED] - Object: 'Object Repository/Final Object Repo/Page_Update Add New Employee - ASSIST/Socso Employment StartDate Month' is clicked on

2018-12-11 16:05:52 - [TEST_STEP][PASSED] - delay: Delayed 1 second(s)

2018-12-11 16:05:53 - [MESSAGE][PASSED] - Delayed 1 second(s)

2018-12-11 16:05:53 - [TEST_STEP][PASSED] - click: Object: 'Object Repository/Final Object Repo/Page_Update Add New Employee - ASSIST/Select Socso Employement Startdate Month' is clicked on

2018-12-11 16:05:53 - [MESSAGE][PASSED] - Object: 'Object Repository/Final Object Repo/Page_Update Add New Employee - ASSIST/Select Socso Employement Startdate Month' is clicked on

2018-12-11 16:05:53 - [TEST_STEP][PASSED] - delay: Delayed 2 second(s)

2018-12-11 16:05:55 - [MESSAGE][PASSED] - Delayed 2 second(s)

2018-12-11 16:05:55 - [TEST_STEP][PASSED] - click: Object: 'Object Repository/Final Object Repo/Page_Update Add New Employee - ASSIST/Socso Employment StartDate Year' is clicked on

2018-12-11 16:05:55 - [MESSAGE][PASSED] - Object: 'Object Repository/Final Object Repo/Page_Update Add New Employee - ASSIST/Socso Employment StartDate Year' is clicked on

2018-12-11 16:05:55 - [TEST_STEP][PASSED] - delay: Delayed 1 second(s)

2018-12-11 16:05:56 - [MESSAGE][PASSED] - Delayed 1 second(s)

2018-12-11 16:05:56 - [TEST_STEP][PASSED] - click: Object: 'Object Repository/Final Object Repo/Page_Update Add New Employee - ASSIST/Select Socso Employment Startdate Year - Emp Update Add New' is clicked on

2018-12-11 16:05:56 - [MESSAGE][PASSED] - Object: 'Object Repository/Final Object Repo/Page_Update Add New Employee - ASSIST/Select Socso Employment Startdate Year - Emp Update Add New' is clicked on

2018-12-11 16:05:56 - [TEST_STEP][PASSED] - delay: Delayed 2 second(s)

2018-12-11 16:05:58 - [MESSAGE][PASSED] - Delayed 2 second(s)

2018-12-11 16:05:58 - [TEST_STEP][PASSED] - click: Object: 'Object Repository/Final Object Repo/Page_Update Add New Employee - ASSIST/Socso Employment Start Date Day' is clicked on

2018-12-11 16:05:59 - [MESSAGE][PASSED] - Object: 'Object Repository/Final Object Repo/Page_Update Add New Employee - ASSIST/Socso Employment Start Date Day' is clicked on

2018-12-11 16:05:59 - [TEST_STEP][PASSED] - delay: Delayed 2 second(s)

2018-12-11 16:06:01 - [MESSAGE][PASSED] - Delayed 2 second(s)

2018-12-11 16:06:01 - [TEST_STEP][PASSED] - click: Object: 'Object Repository/Final Object Repo/Page_Update Add New Employee - ASSIST/Save Button for Add Employee' is clicked on

2018-12-11 16:06:01 - [MESSAGE][PASSED] - Object: 'Object Repository/Final Object Repo/Page_Update Add New Employee - ASSIST/Save Button for Add Employee' is clicked on

2018-12-11 16:06:01 - [MESSAGE][PASSED] - Call Test Case 'Test Cases/Final Aug 2018 - PKS Automation/Registration Module/Workflow/Update Add New Employee/Template/Employee Adding/Employee Adding Action liability date change - Employer Access' successfully

2018-12-11 16:06:01 - [TEST_STEP][PASSED] - delay: Delayed 4 second(s)

2018-12-11 16:06:05 - [MESSAGE][PASSED] - Delayed 4 second(s)

2018-12-11 16:06:05 - [TEST_STEP][PASSED] - Statement - CaseReferenceNo = com.kms.katalon.core.webui.keyword.WebUiBuiltInKeywords.getText(com.kms.katalon.core.testobject.ObjectRepository.findTestObject(Final Object Repo/Page_Update Add New Employee - ASSIST/RefNo)): Text of object 'Object Repository/Final Object Repo/Page_Update Add New Employee - ASSIST/RefNo' is: 'CAN12201800002302'

2018-12-11 16:06:08 - [MESSAGE][PASSED] - Text of object 'Object Repository/Final Object Repo/Page_Update Add New Employee - ASSIST/RefNo' is: 'CAN12201800002302'

2018-12-11 16:06:08 - [TEST_STEP][PASSED] - callTestCase: Call Test Case 'Test Cases/Final Aug 2018 - PKS Automation/Common/Reference Number Setter' successfully

2018-12-11 16:06:08 - [TEST_CASE][PASSED] - Test Cases/Final Aug 2018 - PKS Automation/Common/Reference Number Setter: Test Cases/Final Aug 2018 - PKS Automation/Common/Reference Number Setter

2018-12-11 16:06:08 - [TEST_STEP][PASSED] - Statement - RefNoOldFile = new java.io.File(C://Users//Admin//Desktop//PKS//Automation Reference Point//KatalonReference.txt): null

2018-12-11 16:06:08 - [TEST_STEP][PASSED] - Statement - RefNoOldFile.delete(): null

2018-12-11 16:06:08 - [TEST_STEP][PASSED] - delay: Delayed 5 second(s)

2018-12-11 16:06:13 - [MESSAGE][PASSED] - Delayed 5 second(s)

2018-12-11 16:06:13 - [TEST_STEP][PASSED] - Statement - RefNo = new java.io.File(C://Users//Admin//Desktop//PKS//Automation Reference Point//KatalonReference.txt): null

2018-12-11 16:06:13 - [TEST_STEP][PASSED] - Statement - f2 = new java.io.FileWriter(RefNo, false): null

2018-12-11 16:06:13 - [TEST_STEP][PASSED] - Statement - f2.write(CaseReferenceNo): null

2018-12-11 16:06:13 - [TEST_STEP][PASSED] - Statement - f2.close(): null

2018-12-11 16:06:13 - [TEST_STEP][PASSED] - Statement - out.println("


" + CaseReferenceNo + "


"): null

2018-12-11 16:06:13 - [MESSAGE][PASSED] - Call Test Case 'Test Cases/Final Aug 2018 - PKS Automation/Common/Reference Number Setter' successfully

2018-12-11 16:06:13 - [TEST_STEP][PASSED] - delay: Delayed 5 second(s)

2018-12-11 16:06:18 - [MESSAGE][PASSED] - Delayed 5 second(s)

2018-12-11 16:06:18 - [TEST_STEP][PASSED] - click: Object: 'Object Repository/Final Object Repo/Page_Update Add New Employee - ASSIST/Save  Continue Button' is clicked on

2018-12-11 16:06:19 - [MESSAGE][PASSED] - Object: 'Object Repository/Final Object Repo/Page_Update Add New Employee - ASSIST/Save  Continue Button' is clicked on

2018-12-11 16:06:19 - [TEST_STEP][PASSED] - delay: Delayed 5 second(s)

2018-12-11 16:06:24 - [MESSAGE][PASSED] - Delayed 5 second(s)

2018-12-11 16:06:24 - [TEST_STEP][PASSED] - click: Object: 'Object Repository/Final Object Repo/Page_Update Add New Employee - ASSIST/Save  Continue Third Screen' is clicked on

2018-12-11 16:06:29 - [MESSAGE][PASSED] - Object: 'Object Repository/Final Object Repo/Page_Update Add New Employee - ASSIST/Save  Continue Third Screen' is clicked on

2018-12-11 16:06:29 - [TEST_STEP][PASSED] - delay: Delayed 4 second(s)

2018-12-11 16:06:33 - [MESSAGE][PASSED] - Delayed 4 second(s)

2018-12-11 16:06:33 - [TEST_STEP][PASSED] - click: Object: 'Object Repository/Final Object Repo/Page_Update Add New Employee - ASSIST/Save   Continue Supporting Doc Page' is clicked on

2018-12-11 16:06:33 - [MESSAGE][PASSED] - Object: 'Object Repository/Final Object Repo/Page_Update Add New Employee - ASSIST/Save   Continue Supporting Doc Page' is clicked on

2018-12-11 16:06:33 - [TEST_STEP][PASSED] - delay: Delayed 4 second(s)

2018-12-11 16:06:37 - [MESSAGE][PASSED] - Delayed 4 second(s)

2018-12-11 16:06:37 - [TEST_STEP][PASSED] - click: Object: 'Object Repository/Final Object Repo/Page_Update Add New Employee - ASSIST/Submit Button' is clicked on

2018-12-11 16:06:37 - [MESSAGE][PASSED] - Object: 'Object Repository/Final Object Repo/Page_Update Add New Employee - ASSIST/Submit Button' is clicked on

2018-12-11 16:06:37 - [TEST_STEP][PASSED] - delay: Delayed 4 second(s)

2018-12-11 16:06:41 - [MESSAGE][PASSED] - Delayed 4 second(s)

2018-12-11 16:06:41 - [TEST_STEP][PASSED] - click: Object: 'Object Repository/Final Object Repo/Page_Update Add New Employee - ASSIST/Confirm Submit Button' is clicked on

2018-12-11 16:06:41 - [MESSAGE][PASSED] - Object: 'Object Repository/Final Object Repo/Page_Update Add New Employee - ASSIST/Confirm Submit Button' is clicked on

2018-12-11 16:06:41 - [TEST_STEP][PASSED] - delay: Delayed 30 second(s)

2018-12-11 16:07:11 - [MESSAGE][PASSED] - Delayed 30 second(s)

2018-12-11 16:07:11 - [TEST_STEP][PASSED] - callTestCase: Call Test Case 'Test Cases/Final Aug 2018 - PKS Automation/Common/Screenshoting tool' successfully

2018-12-11 16:07:11 - [TEST_CASE][PASSED] - Test Cases/Final Aug 2018 - PKS Automation/Common/Screenshoting tool: Test Cases/Final Aug 2018 - PKS Automation/Common/Screenshoting tool

2018-12-11 16:07:11 - [TEST_STEP][PASSED] - delay: Delayed 15 second(s)

2018-12-11 16:07:26 - [MESSAGE][PASSED] - Delayed 15 second(s)

2018-12-11 16:07:26 - [TEST_STEP][PASSED] - Statement - driver = com.kms.katalon.core.webui.driver.DriverFactory.getWebDriver(): null

2018-12-11 16:07:26 - [TEST_STEP][PASSED] - Statement - driver.manage().timeouts().implicitlyWait(10, SECONDS): null

2018-12-11 16:07:27 - [TEST_STEP][PASSED] - Statement - PresavePath = KatalonScreenshots: null

2018-12-11 16:07:27 - [TEST_STEP][PASSED] - Statement - pathPrefix = "C:\Users\Public\Pictures\Sample Pictures\Katalon Screenshots\Automate Ending Screen": null

2018-12-11 16:07:27 - [TEST_STEP][PASSED] - Statement - finalPath = <not implemented yet for class: org.codehaus.groovy.ast.expr.EmptyExpression>: null

2018-12-11 16:07:27 - [TEST_STEP][PASSED] - Statement - scrFile = driver.getScreenshotAs(FILE): null

2018-12-11 16:07:27 - [TEST_STEP][PASSED] - Statement - PreSaveFile = new java.io.File(PresavePath): null

2018-12-11 16:07:27 - [TEST_STEP][PASSED] - Statement - counter = 0: null

2018-12-11 16:07:27 - [TEST_STEP][PASSED] - Statement - If (PreSaveFile.exists()): null

2018-12-11 16:07:27 - [TEST_STEP][PASSED] - Statement - While (PreSaveFile.exists()): null

2018-12-11 16:07:27 - [TEST_STEP][PASSED] - Statement - counter = counter + 1: null

2018-12-11 16:07:27 - [TEST_STEP][PASSED] - Statement - PreSaveFile = new java.io.File(((pathPrefix + java.lang.Integer.toString(counter)) + .png)): null

2018-12-11 16:07:27 - [TEST_STEP][PASSED] - Statement - counter = counter + 1: null

2018-12-11 16:07:27 - [TEST_STEP][PASSED] - Statement - PreSaveFile = new java.io.File(((pathPrefix + java.lang.Integer.toString(counter)) + .png)): null

2018-12-11 16:07:27 - [TEST_STEP][PASSED] - Statement - counter = counter + 1: null

2018-12-11 16:07:27 - [TEST_STEP][PASSED] - Statement - PreSaveFile = new java.io.File(((pathPrefix + java.lang.Integer.toString(counter)) + .png)): null

2018-12-11 16:07:27 - [TEST_STEP][PASSED] - Statement - counter = counter + 1: null

2018-12-11 16:07:27 - [TEST_STEP][PASSED] - Statement - PreSaveFile = new java.io.File(((pathPrefix + java.lang.Integer.toString(counter)) + .png)): null

2018-12-11 16:07:27 - [TEST_STEP][PASSED] - Statement - counter = counter + 1: null

2018-12-11 16:07:27 - [TEST_STEP][PASSED] - Statement - PreSaveFile = new java.io.File(((pathPrefix + java.lang.Integer.toString(counter)) + .png)): null

2018-12-11 16:07:27 - [TEST_STEP][PASSED] - Statement - counter = counter + 1: null

2018-12-11 16:07:27 - [TEST_STEP][PASSED] - Statement - PreSaveFile = new java.io.File(((pathPrefix + java.lang.Integer.toString(counter)) + .png)): null

2018-12-11 16:07:27 - [TEST_STEP][PASSED] - Statement - counter = counter + 1: null

2018-12-11 16:07:27 - [TEST_STEP][PASSED] - Statement - PreSaveFile = new java.io.File(((pathPrefix + java.lang.Integer.toString(counter)) + .png)): null

2018-12-11 16:07:27 - [TEST_STEP][PASSED] - Statement - counter = counter + 1: null

2018-12-11 16:07:27 - [TEST_STEP][PASSED] - Statement - PreSaveFile = new java.io.File(((pathPrefix + java.lang.Integer.toString(counter)) + .png)): null

2018-12-11 16:07:27 - [TEST_STEP][PASSED] - Statement - counter = counter + 1: null

2018-12-11 16:07:27 - [TEST_STEP][PASSED] - Statement - PreSaveFile = new java.io.File(((pathPrefix + java.lang.Integer.toString(counter)) + .png)): null

2018-12-11 16:07:27 - [TEST_STEP][PASSED] - Statement - counter = counter + 1: null

2018-12-11 16:07:27 - [TEST_STEP][PASSED] - Statement - PreSaveFile = new java.io.File(((pathPrefix + java.lang.Integer.toString(counter)) + .png)): null

2018-12-11 16:07:27 - [TEST_STEP][PASSED] - Statement - counter = counter + 1: null

2018-12-11 16:07:27 - [TEST_STEP][PASSED] - Statement - PreSaveFile = new java.io.File(((pathPrefix + java.lang.Integer.toString(counter)) + .png)): null

2018-12-11 16:07:27 - [TEST_STEP][PASSED] - Statement - counter = counter + 1: null

2018-12-11 16:07:27 - [TEST_STEP][PASSED] - Statement - PreSaveFile = new java.io.File(((pathPrefix + java.lang.Integer.toString(counter)) + .png)): null

2018-12-11 16:07:27 - [TEST_STEP][PASSED] - Statement - counter = counter + 1: null

2018-12-11 16:07:27 - [TEST_STEP][PASSED] - Statement - PreSaveFile = new java.io.File(((pathPrefix + java.lang.Integer.toString(counter)) + .png)): null

2018-12-11 16:07:27 - [TEST_STEP][PASSED] - Statement - counter = counter + 1: null

2018-12-11 16:07:27 - [TEST_STEP][PASSED] - Statement - PreSaveFile = new java.io.File(((pathPrefix + java.lang.Integer.toString(counter)) + .png)): null

2018-12-11 16:07:27 - [TEST_STEP][PASSED] - Statement - counter = counter + 1: null

2018-12-11 16:07:27 - [TEST_STEP][PASSED] - Statement - PreSaveFile = new java.io.File(((pathPrefix + java.lang.Integer.toString(counter)) + .png)): null

2018-12-11 16:07:27 - [TEST_STEP][PASSED] - Statement - counter = counter + 1: null

2018-12-11 16:07:27 - [TEST_STEP][PASSED] - Statement - PreSaveFile = new java.io.File(((pathPrefix + java.lang.Integer.toString(counter)) + .png)): null

2018-12-11 16:07:27 - [TEST_STEP][PASSED] - Statement - counter = counter + 1: null

2018-12-11 16:07:27 - [TEST_STEP][PASSED] - Statement - PreSaveFile = new java.io.File(((pathPrefix + java.lang.Integer.toString(counter)) + .png)): null

2018-12-11 16:07:27 - [TEST_STEP][PASSED] - Statement - counter = counter + 1: null

2018-12-11 16:07:27 - [TEST_STEP][PASSED] - Statement - PreSaveFile = new java.io.File(((pathPrefix + java.lang.Integer.toString(counter)) + .png)): null

2018-12-11 16:07:27 - [TEST_STEP][PASSED] - Statement - counter = counter + 1: null

2018-12-11 16:07:27 - [TEST_STEP][PASSED] - Statement - PreSaveFile = new java.io.File(((pathPrefix + java.lang.Integer.toString(counter)) + .png)): null

2018-12-11 16:07:27 - [TEST_STEP][PASSED] - Statement - counter = counter + 1: null

2018-12-11 16:07:27 - [TEST_STEP][PASSED] - Statement - PreSaveFile = new java.io.File(((pathPrefix + java.lang.Integer.toString(counter)) + .png)): null

2018-12-11 16:07:27 - [TEST_STEP][PASSED] - Statement - counter = counter + 1: null

2018-12-11 16:07:27 - [TEST_STEP][PASSED] - Statement - PreSaveFile = new java.io.File(((pathPrefix + java.lang.Integer.toString(counter)) + .png)): null

2018-12-11 16:07:27 - [TEST_STEP][PASSED] - Statement - counter = counter + 1: null

2018-12-11 16:07:27 - [TEST_STEP][PASSED] - Statement - PreSaveFile = new java.io.File(((pathPrefix + java.lang.Integer.toString(counter)) + .png)): null

2018-12-11 16:07:27 - [TEST_STEP][PASSED] - Statement - counter = counter + 1: null

2018-12-11 16:07:27 - [TEST_STEP][PASSED] - Statement - PreSaveFile = new java.io.File(((pathPrefix + java.lang.Integer.toString(counter)) + .png)): null

2018-12-11 16:07:27 - [TEST_STEP][PASSED] - Statement - counter = counter + 1: null

2018-12-11 16:07:27 - [TEST_STEP][PASSED] - Statement - PreSaveFile = new java.io.File(((pathPrefix + java.lang.Integer.toString(counter)) + .png)): null

2018-12-11 16:07:27 - [TEST_STEP][PASSED] - Statement - counter = counter + 1: null

2018-12-11 16:07:27 - [TEST_STEP][PASSED] - Statement - PreSaveFile = new java.io.File(((pathPrefix + java.lang.Integer.toString(counter)) + .png)): null

2018-12-11 16:07:27 - [TEST_STEP][PASSED] - Statement - counter = counter + 1: null

2018-12-11 16:07:27 - [TEST_STEP][PASSED] - Statement - PreSaveFile = new java.io.File(((pathPrefix + java.lang.Integer.toString(counter)) + .png)): null

2018-12-11 16:07:27 - [TEST_STEP][PASSED] - Statement - counter = counter + 1: null

2018-12-11 16:07:27 - [TEST_STEP][PASSED] - Statement - PreSaveFile = new java.io.File(((pathPrefix + java.lang.Integer.toString(counter)) + .png)): null

2018-12-11 16:07:27 - [TEST_STEP][PASSED] - Statement - counter = counter + 1: null

2018-12-11 16:07:27 - [TEST_STEP][PASSED] - Statement - PreSaveFile = new java.io.File(((pathPrefix + java.lang.Integer.toString(counter)) + .png)): null

2018-12-11 16:07:27 - [TEST_STEP][PASSED] - Statement - counter = counter + 1: null

2018-12-11 16:07:27 - [TEST_STEP][PASSED] - Statement - PreSaveFile = new java.io.File(((pathPrefix + java.lang.Integer.toString(counter)) + .png)): null

2018-12-11 16:07:27 - [TEST_STEP][PASSED] - Statement - counter = counter + 1: null

2018-12-11 16:07:27 - [TEST_STEP][PASSED] - Statement - PreSaveFile = new java.io.File(((pathPrefix + java.lang.Integer.toString(counter)) + .png)): null

2018-12-11 16:07:27 - [TEST_STEP][PASSED] - Statement - counter = counter + 1: null

2018-12-11 16:07:27 - [TEST_STEP][PASSED] - Statement - PreSaveFile = new java.io.File(((pathPrefix + java.lang.Integer.toString(counter)) + .png)): null

2018-12-11 16:07:27 - [TEST_STEP][PASSED] - Statement - counter = counter + 1: null

2018-12-11 16:07:27 - [TEST_STEP][PASSED] - Statement - PreSaveFile = new java.io.File(((pathPrefix + java.lang.Integer.toString(counter)) + .png)): null

2018-12-11 16:07:27 - [TEST_STEP][PASSED] - Statement - counter = counter + 1: null

2018-12-11 16:07:27 - [TEST_STEP][PASSED] - Statement - PreSaveFile = new java.io.File(((pathPrefix + java.lang.Integer.toString(counter)) + .png)): null

2018-12-11 16:07:27 - [TEST_STEP][PASSED] - Statement - counter = counter + 1: null

2018-12-11 16:07:27 - [TEST_STEP][PASSED] - Statement - PreSaveFile = new java.io.File(((pathPrefix + java.lang.Integer.toString(counter)) + .png)): null

2018-12-11 16:07:27 - [TEST_STEP][PASSED] - Statement - counter = counter + 1: null

2018-12-11 16:07:27 - [TEST_STEP][PASSED] - Statement - PreSaveFile = new java.io.File(((pathPrefix + java.lang.Integer.toString(counter)) + .png)): null

2018-12-11 16:07:27 - [TEST_STEP][PASSED] - Statement - counter = counter + 1: null

2018-12-11 16:07:27 - [TEST_STEP][PASSED] - Statement - PreSaveFile = new java.io.File(((pathPrefix + java.lang.Integer.toString(counter)) + .png)): null

2018-12-11 16:07:27 - [TEST_STEP][PASSED] - Statement - counter = counter + 1: null

2018-12-11 16:07:27 - [TEST_STEP][PASSED] - Statement - PreSaveFile = new java.io.File(((pathPrefix + java.lang.Integer.toString(counter)) + .png)): null

2018-12-11 16:07:27 - [TEST_STEP][PASSED] - Statement - counter = counter + 1: null

2018-12-11 16:07:27 - [TEST_STEP][PASSED] - Statement - PreSaveFile = new java.io.File(((pathPrefix + java.lang.Integer.toString(counter)) + .png)): null

2018-12-11 16:07:27 - [TEST_STEP][PASSED] - Statement - counter = counter + 1: null

2018-12-11 16:07:27 - [TEST_STEP][PASSED] - Statement - PreSaveFile = new java.io.File(((pathPrefix + java.lang.Integer.toString(counter)) + .png)): null

2018-12-11 16:07:27 - [TEST_STEP][PASSED] - Statement - counter = counter + 1: null

2018-12-11 16:07:27 - [TEST_STEP][PASSED] - Statement - PreSaveFile = new java.io.File(((pathPrefix + java.lang.Integer.toString(counter)) + .png)): null

2018-12-11 16:07:27 - [TEST_STEP][PASSED] - Statement - counter = counter + 1: null

2018-12-11 16:07:27 - [TEST_STEP][PASSED] - Statement - PreSaveFile = new java.io.File(((pathPrefix + java.lang.Integer.toString(counter)) + .png)): null

2018-12-11 16:07:27 - [TEST_STEP][PASSED] - Statement - counter = counter + 1: null

2018-12-11 16:07:27 - [TEST_STEP][PASSED] - Statement - PreSaveFile = new java.io.File(((pathPrefix + java.lang.Integer.toString(counter)) + .png)): null

2018-12-11 16:07:27 - [TEST_STEP][PASSED] - Statement - counter = counter + 1: null

2018-12-11 16:07:27 - [TEST_STEP][PASSED] - Statement - PreSaveFile = new java.io.File(((pathPrefix + java.lang.Integer.toString(counter)) + .png)): null

2018-12-11 16:07:27 - [TEST_STEP][PASSED] - Statement - counter = counter + 1: null

2018-12-11 16:07:27 - [TEST_STEP][PASSED] - Statement - PreSaveFile = new java.io.File(((pathPrefix + java.lang.Integer.toString(counter)) + .png)): null

2018-12-11 16:07:27 - [TEST_STEP][PASSED] - Statement - counter = counter + 1: null

2018-12-11 16:07:27 - [TEST_STEP][PASSED] - Statement - PreSaveFile = new java.io.File(((pathPrefix + java.lang.Integer.toString(counter)) + .png)): null

2018-12-11 16:07:27 - [TEST_STEP][PASSED] - Statement - counter = counter + 1: null

2018-12-11 16:07:27 - [TEST_STEP][PASSED] - Statement - PreSaveFile = new java.io.File(((pathPrefix + java.lang.Integer.toString(counter)) + .png)): null

2018-12-11 16:07:27 - [TEST_STEP][PASSED] - Statement - counter = counter + 1: null

2018-12-11 16:07:27 - [TEST_STEP][PASSED] - Statement - PreSaveFile = new java.io.File(((pathPrefix + java.lang.Integer.toString(counter)) + .png)): null

2018-12-11 16:07:27 - [TEST_STEP][PASSED] - Statement - counter = counter + 1: null

2018-12-11 16:07:27 - [TEST_STEP][PASSED] - Statement - PreSaveFile = new java.io.File(((pathPrefix + java.lang.Integer.toString(counter)) + .png)): null

2018-12-11 16:07:27 - [TEST_STEP][PASSED] - Statement - counter = counter + 1: null

2018-12-11 16:07:27 - [TEST_STEP][PASSED] - Statement - PreSaveFile = new java.io.File(((pathPrefix + java.lang.Integer.toString(counter)) + .png)): null

2018-12-11 16:07:27 - [TEST_STEP][PASSED] - Statement - counter = counter + 1: null

2018-12-11 16:07:27 - [TEST_STEP][PASSED] - Statement - PreSaveFile = new java.io.File(((pathPrefix + java.lang.Integer.toString(counter)) + .png)): null

2018-12-11 16:07:27 - [TEST_STEP][PASSED] - Statement - counter = counter + 1: null

2018-12-11 16:07:27 - [TEST_STEP][PASSED] - Statement - PreSaveFile = new java.io.File(((pathPrefix + java.lang.Integer.toString(counter)) + .png)): null

2018-12-11 16:07:27 - [TEST_STEP][PASSED] - Statement - counter = counter + 1: null

2018-12-11 16:07:27 - [TEST_STEP][PASSED] - Statement - PreSaveFile = new java.io.File(((pathPrefix + java.lang.Integer.toString(counter)) + .png)): null

2018-12-11 16:07:27 - [TEST_STEP][PASSED] - Statement - counter = counter + 1: null

2018-12-11 16:07:27 - [TEST_STEP][PASSED] - Statement - PreSaveFile = new java.io.File(((pathPrefix + java.lang.Integer.toString(counter)) + .png)): null

2018-12-11 16:07:27 - [TEST_STEP][PASSED] - Statement - counter = counter + 1: null

2018-12-11 16:07:27 - [TEST_STEP][PASSED] - Statement - PreSaveFile = new java.io.File(((pathPrefix + java.lang.Integer.toString(counter)) + .png)): null

2018-12-11 16:07:27 - [TEST_STEP][PASSED] - Statement - counter = counter + 1: null

2018-12-11 16:07:27 - [TEST_STEP][PASSED] - Statement - PreSaveFile = new java.io.File(((pathPrefix + java.lang.Integer.toString(counter)) + .png)): null

2018-12-11 16:07:27 - [TEST_STEP][PASSED] - Statement - counter = counter + 1: null

2018-12-11 16:07:27 - [TEST_STEP][PASSED] - Statement - PreSaveFile = new java.io.File(((pathPrefix + java.lang.Integer.toString(counter)) + .png)): null

2018-12-11 16:07:27 - [TEST_STEP][PASSED] - Statement - counter = counter + 1: null

2018-12-11 16:07:27 - [TEST_STEP][PASSED] - Statement - PreSaveFile = new java.io.File(((pathPrefix + java.lang.Integer.toString(counter)) + .png)): null

2018-12-11 16:07:27 - [TEST_STEP][PASSED] - Statement - counter = counter + 1: null

2018-12-11 16:07:27 - [TEST_STEP][PASSED] - Statement - PreSaveFile = new java.io.File(((pathPrefix + java.lang.Integer.toString(counter)) + .png)): null

2018-12-11 16:07:27 - [TEST_STEP][PASSED] - Statement - counter = counter + 1: null

2018-12-11 16:07:27 - [TEST_STEP][PASSED] - Statement - PreSaveFile = new java.io.File(((pathPrefix + java.lang.Integer.toString(counter)) + .png)): null

2018-12-11 16:07:27 - [TEST_STEP][PASSED] - Statement - counter = counter + 1: null

2018-12-11 16:07:27 - [TEST_STEP][PASSED] - Statement - PreSaveFile = new java.io.File(((pathPrefix + java.lang.Integer.toString(counter)) + .png)): null

2018-12-11 16:07:27 - [TEST_STEP][PASSED] - Statement - counter = counter + 1: null

2018-12-11 16:07:27 - [TEST_STEP][PASSED] - Statement - PreSaveFile = new java.io.File(((pathPrefix + java.lang.Integer.toString(counter)) + .png)): null

2018-12-11 16:07:27 - [TEST_STEP][PASSED] - Statement - counter = counter + 1: null

2018-12-11 16:07:27 - [TEST_STEP][PASSED] - Statement - PreSaveFile = new java.io.File(((pathPrefix + java.lang.Integer.toString(counter)) + .png)): null

2018-12-11 16:07:27 - [TEST_STEP][PASSED] - Statement - counter = counter + 1: null

2018-12-11 16:07:27 - [TEST_STEP][PASSED] - Statement - PreSaveFile = new java.io.File(((pathPrefix + java.lang.Integer.toString(counter)) + .png)): null

2018-12-11 16:07:27 - [TEST_STEP][PASSED] - Statement - counter = counter + 1: null

2018-12-11 16:07:27 - [TEST_STEP][PASSED] - Statement - PreSaveFile = new java.io.File(((pathPrefix + java.lang.Integer.toString(counter)) + .png)): null

2018-12-11 16:07:27 - [TEST_STEP][PASSED] - Statement - counter = counter + 1: null

2018-12-11 16:07:27 - [TEST_STEP][PASSED] - Statement - PreSaveFile = new java.io.File(((pathPrefix + java.lang.Integer.toString(counter)) + .png)): null

2018-12-11 16:07:27 - [TEST_STEP][PASSED] - Statement - counter = counter + 1: null

2018-12-11 16:07:27 - [TEST_STEP][PASSED] - Statement - PreSaveFile = new java.io.File(((pathPrefix + java.lang.Integer.toString(counter)) + .png)): null

2018-12-11 16:07:27 - [TEST_STEP][PASSED] - Statement - counter = counter + 1: null

2018-12-11 16:07:27 - [TEST_STEP][PASSED] - Statement - PreSaveFile = new java.io.File(((pathPrefix + java.lang.Integer.toString(counter)) + .png)): null

2018-12-11 16:07:27 - [TEST_STEP][PASSED] - Statement - counter = counter + 1: null

2018-12-11 16:07:27 - [TEST_STEP][PASSED] - Statement - PreSaveFile = new java.io.File(((pathPrefix + java.lang.Integer.toString(counter)) + .png)): null

2018-12-11 16:07:27 - [TEST_STEP][PASSED] - Statement - counter = counter + 1: null

2018-12-11 16:07:27 - [TEST_STEP][PASSED] - Statement - PreSaveFile = new java.io.File(((pathPrefix + java.lang.Integer.toString(counter)) + .png)): null

2018-12-11 16:07:27 - [TEST_STEP][PASSED] - Statement - counter = counter + 1: null

2018-12-11 16:07:27 - [TEST_STEP][PASSED] - Statement - PreSaveFile = new java.io.File(((pathPrefix + java.lang.Integer.toString(counter)) + .png)): null

2018-12-11 16:07:27 - [TEST_STEP][PASSED] - Statement - counter = counter + 1: null

2018-12-11 16:07:27 - [TEST_STEP][PASSED] - Statement - PreSaveFile = new java.io.File(((pathPrefix + java.lang.Integer.toString(counter)) + .png)): null

2018-12-11 16:07:27 - [TEST_STEP][PASSED] - Statement - counter = counter + 1: null

2018-12-11 16:07:27 - [TEST_STEP][PASSED] - Statement - PreSaveFile = new java.io.File(((pathPrefix + java.lang.Integer.toString(counter)) + .png)): null

2018-12-11 16:07:27 - [TEST_STEP][PASSED] - Statement - counter = counter + 1: null

2018-12-11 16:07:27 - [TEST_STEP][PASSED] - Statement - PreSaveFile = new java.io.File(((pathPrefix + java.lang.Integer.toString(counter)) + .png)): null

2018-12-11 16:07:27 - [TEST_STEP][PASSED] - Statement - counter = counter + 1: null

2018-12-11 16:07:27 - [TEST_STEP][PASSED] - Statement - PreSaveFile = new java.io.File(((pathPrefix + java.lang.Integer.toString(counter)) + .png)): null

2018-12-11 16:07:27 - [TEST_STEP][PASSED] - Statement - counter = counter + 1: null

2018-12-11 16:07:27 - [TEST_STEP][PASSED] - Statement - PreSaveFile = new java.io.File(((pathPrefix + java.lang.Integer.toString(counter)) + .png)): null

2018-12-11 16:07:27 - [TEST_STEP][PASSED] - Statement - counter = counter + 1: null

2018-12-11 16:07:27 - [TEST_STEP][PASSED] - Statement - PreSaveFile = new java.io.File(((pathPrefix + java.lang.Integer.toString(counter)) + .png)): null

2018-12-11 16:07:27 - [TEST_STEP][PASSED] - Statement - counter = counter + 1: null

2018-12-11 16:07:27 - [TEST_STEP][PASSED] - Statement - PreSaveFile = new java.io.File(((pathPrefix + java.lang.Integer.toString(counter)) + .png)): null

2018-12-11 16:07:27 - [TEST_STEP][PASSED] - Statement - counter = counter + 1: null

2018-12-11 16:07:27 - [TEST_STEP][PASSED] - Statement - PreSaveFile = new java.io.File(((pathPrefix + java.lang.Integer.toString(counter)) + .png)): null

2018-12-11 16:07:27 - [TEST_STEP][PASSED] - Statement - finalPath = pathPrefix + java.lang.Integer.toString(counter) + ".png": null

2018-12-11 16:07:27 - [TEST_STEP][PASSED] - Statement - SaveFile = new java.io.File(finalPath): null

2018-12-11 16:07:27 - [TEST_STEP][PASSED] - Statement - Try: null

2018-12-11 16:07:27 - [TEST_STEP][PASSED] - Statement - org.apache.commons.io.FileUtils.copyFile(scrFile, SaveFile): null

2018-12-11 16:07:27 - [TEST_STEP][PASSED] - Statement - out.println("file kept"): null

2018-12-11 16:07:27 - [TEST_STEP][PASSED] - delay: Delayed 10 second(s)

2018-12-11 16:07:37 - [MESSAGE][PASSED] - Delayed 10 second(s)

2018-12-11 16:07:37 - [MESSAGE][PASSED] - Call Test Case 'Test Cases/Final Aug 2018 - PKS Automation/Common/Screenshoting tool' successfully

2018-12-11 16:07:37 - [TEST_STEP][PASSED] - callTestCase: Call Test Case 'Test Cases/Final Aug 2018 - PKS Automation/Registration Module/Log Out/log out avoiding katalon tagging' successfully

2018-12-11 16:07:37 - [TEST_CASE][PASSED] - Test Cases/Final Aug 2018 - PKS Automation/Registration Module/Log Out/log out avoiding katalon tagging: Test Cases/Final Aug 2018 - PKS Automation/Registration Module/Log Out/log out avoiding katalon tagging

2018-12-11 16:07:37 - [TEST_STEP][PASSED] - navigateToUrl: Navigate to 'https://assist2-uat.perkeso.gov.my/c/portal/logout' successfully

2018-12-11 16:07:38 - [MESSAGE][PASSED] - Navigate to 'https://assist2-uat.perkeso.gov.my/c/portal/logout' successfully

2018-12-11 16:07:38 - [MESSAGE][PASSED] - Call Test Case 'Test Cases/Final Aug 2018 - PKS Automation/Registration Module/Log Out/log out avoiding katalon tagging' successfully

2018-12-11 16:07:38 - [TEST_STEP][PASSED] - callTestCase: Call Test Case 'Test Cases/Final Aug 2018 - PKS Automation/Common/Workflow Owner Finder' successfully

2018-12-11 16:07:38 - [TEST_CASE][PASSED] - Test Cases/Final Aug 2018 - PKS Automation/Common/Workflow Owner Finder: Test Cases/Final Aug 2018 - PKS Automation/Common/Workflow Owner Finder

2018-12-11 16:07:38 - [TEST_STEP][PASSED] - openBrowser: Browser is opened with url: ''

2018-12-11 16:07:38 - [MESSAGE][WARNING] - A browser is already opened. Closing browser and opening a new one

2018-12-11 16:07:51 - [MESSAGE][PASSED] - Browser is opened with url: ''

2018-12-11 16:07:51 - [TEST_STEP][PASSED] - navigateToUrl: Navigate to 'https://assist2-uat.perkeso.gov.my/login' successfully

2018-12-11 16:07:52 - [MESSAGE][PASSED] - Navigate to 'https://assist2-uat.perkeso.gov.my/login' successfully

2018-12-11 16:07:52 - [TEST_STEP][PASSED] - delay: Delayed 5 second(s)

2018-12-11 16:07:57 - [MESSAGE][PASSED] - Delayed 5 second(s)

2018-12-11 16:07:57 - [TEST_STEP][PASSED] - setText: Text 'test@liferay.com' is set on object 'Object Repository/Final Object Repo/Login Page/Internal User/Email Address'

2018-12-11 16:07:58 - [MESSAGE][PASSED] - Text 'test@liferay.com' is set on object 'Object Repository/Final Object Repo/Login Page/Internal User/Email Address'

2018-12-11 16:07:58 - [TEST_STEP][PASSED] - click: Object: 'Object Repository/Final Object Repo/Login Page/Internal User/Next Button' is clicked on

2018-12-11 16:07:58 - [MESSAGE][PASSED] - Object: 'Object Repository/Final Object Repo/Login Page/Internal User/Next Button' is clicked on

2018-12-11 16:07:58 - [TEST_STEP][PASSED] - delay: Delayed 2 second(s)

2018-12-11 16:08:00 - [MESSAGE][PASSED] - Delayed 2 second(s)

2018-12-11 16:08:00 - [TEST_STEP][PASSED] - setText: Text 'test' is set on object 'Object Repository/Final Object Repo/Login Page/Internal User/Password'

2018-12-11 16:08:00 - [MESSAGE][PASSED] - Text 'test' is set on object 'Object Repository/Final Object Repo/Login Page/Internal User/Password'

2018-12-11 16:08:00 - [TEST_STEP][PASSED] - delay: Delayed 2 second(s)

2018-12-11 16:08:02 - [MESSAGE][PASSED] - Delayed 2 second(s)

2018-12-11 16:08:02 - [TEST_STEP][PASSED] - click: Object: 'Object Repository/Final Object Repo/Login Page/Internal User/Login Button' is clicked on

2018-12-11 16:08:02 - [MESSAGE][PASSED] - Object: 'Object Repository/Final Object Repo/Login Page/Internal User/Login Button' is clicked on

2018-12-11 16:08:02 - [TEST_STEP][PASSED] - Statement - tester = com.kms.katalon.core.testobject.ObjectRepository.findTestObject(Final Object Repo/Landing Page/Select to English): Finding Test Object with id 'Object Repository/Final Object Repo/Landing Page/Select to English'

2018-12-11 16:08:02 - [TEST_STEP][PASSED] - Statement - Try: Delayed 2 second(s)

2018-12-11 16:08:02 - [TEST_STEP][PASSED] - Statement - Checker = com.kms.katalon.core.webui.keyword.WebUiBuiltInKeywords.verifyElementNotPresent(tester, 3): Web element with id: 'Object Repository/Final Object Repo/Landing Page/Select to English' located by 'By.xpath: //a[@class = 'taglib-language-list-text' and @lang = 'en-US' and (contains(text(), 'EN') or contains(., 'EN'))]' is not present after '3' second(s)

2018-12-11 16:08:06 - [MESSAGE][PASSED] - Web element with id: 'Object Repository/Final Object Repo/Landing Page/Select to English' located by 'By.xpath: //a[@class = 'taglib-language-list-text' and @lang = 'en-US' and (contains(text(), 'EN') or contains(., 'EN'))]' is not present after '3' second(s)

2018-12-11 16:08:06 - [TEST_STEP][PASSED] - Statement - If (Checker == false): null

2018-12-11 16:08:06 - [TEST_STEP][PASSED] - delay: Delayed 2 second(s)

2018-12-11 16:08:08 - [MESSAGE][PASSED] - Delayed 2 second(s)

2018-12-11 16:08:08 - [TEST_STEP][PASSED] - delay: Delayed 5 second(s)

2018-12-11 16:08:13 - [MESSAGE][PASSED] - Delayed 5 second(s)

2018-12-11 16:08:13 - [TEST_STEP][PASSED] - mouseOver: Object: 'Object Repository/Final Object Repo/Landing Page/WorkFlow Menu' is hovered

2018-12-11 16:08:13 - [MESSAGE][PASSED] - Object: 'Object Repository/Final Object Repo/Landing Page/WorkFlow Menu' is hovered

2018-12-11 16:08:13 - [TEST_STEP][PASSED] - delay: Delayed 2 second(s)

2018-12-11 16:08:15 - [MESSAGE][PASSED] - Delayed 2 second(s)

2018-12-11 16:08:15 - [TEST_STEP][PASSED] - click: Object: 'Object Repository/Final Object Repo/Landing Page/Select to Workflow Listing' is clicked on

2018-12-11 16:08:16 - [MESSAGE][PASSED] - Object: 'Object Repository/Final Object Repo/Landing Page/Select to Workflow Listing' is clicked on

2018-12-11 16:08:16 - [TEST_STEP][PASSED] - delay: Delayed 2 second(s)

2018-12-11 16:08:18 - [MESSAGE][PASSED] - Delayed 2 second(s)

2018-12-11 16:08:18 - [TEST_STEP][PASSED] - click: Object: 'Object Repository/Final Object Repo/WorkFlow Listing Page/Search Information - To Put Ref No' is clicked on

2018-12-11 16:08:18 - [MESSAGE][PASSED] - Object: 'Object Repository/Final Object Repo/WorkFlow Listing Page/Search Information - To Put Ref No' is clicked on

2018-12-11 16:08:18 - [TEST_STEP][PASSED] - delay: Delayed 2 second(s)

2018-12-11 16:08:20 - [MESSAGE][PASSED] - Delayed 2 second(s)

2018-12-11 16:08:20 - [TEST_STEP][PASSED] - callTestCase: Call Test Case 'Test Cases/Final Aug 2018 - PKS Automation/Common/Reference Number Getter' successfully

2018-12-11 16:08:20 - [TEST_CASE][PASSED] - Test Cases/Final Aug 2018 - PKS Automation/Common/Reference Number Getter: Test Cases/Final Aug 2018 - PKS Automation/Common/Reference Number Getter

2018-12-11 16:08:20 - [TEST_STEP][PASSED] - Statement - Try: null

2018-12-11 16:08:20 - [TEST_STEP][PASSED] - Statement - RefNo = new java.io.File(C://Users//Admin//Desktop//PKS//Automation Reference Point//KatalonReference.txt): null

2018-12-11 16:08:20 - [TEST_STEP][PASSED] - Statement - bufferread = new java.io.BufferedReader(new java.io.FileReader(RefNo)): null

2018-12-11 16:08:20 - [TEST_STEP][PASSED] - Statement - readedVal = bufferread.readLine(): null

2018-12-11 16:08:20 - [TEST_STEP][PASSED] - Statement - out.println(CaseReferenceNo): null

2018-12-11 16:08:20 - [TEST_STEP][PASSED] - Statement - out.println(readedVal): null

2018-12-11 16:08:20 - [TEST_STEP][PASSED] - Statement - CaseReferenceNo = "": null

2018-12-11 16:08:20 - [TEST_STEP][PASSED] - Statement - CaseReferenceNo = readedVal: null

2018-12-11 16:08:20 - [MESSAGE][PASSED] - Call Test Case 'Test Cases/Final Aug 2018 - PKS Automation/Common/Reference Number Getter' successfully

2018-12-11 16:08:20 - [TEST_STEP][PASSED] - setText: Text 'CAN12201800002302' is set on object 'Object Repository/Final Object Repo/WorkFlow Listing Page/Ref No Set Text'

2018-12-11 16:08:21 - [MESSAGE][PASSED] - Text 'CAN12201800002302' is set on object 'Object Repository/Final Object Repo/WorkFlow Listing Page/Ref No Set Text'

2018-12-11 16:08:21 - [TEST_STEP][PASSED] - delay: Delayed 2 second(s)

2018-12-11 16:08:23 - [MESSAGE][PASSED] - Delayed 2 second(s)

2018-12-11 16:08:23 - [TEST_STEP][PASSED] - click: Object: 'Object Repository/Final Object Repo/WorkFlow Listing Page/Search Ref No Search Button' is clicked on

2018-12-11 16:08:23 - [MESSAGE][PASSED] - Object: 'Object Repository/Final Object Repo/WorkFlow Listing Page/Search Ref No Search Button' is clicked on

2018-12-11 16:08:23 - [TEST_STEP][PASSED] - delay: Delayed 6 second(s)

2018-12-11 16:08:29 - [MESSAGE][PASSED] - Delayed 6 second(s)

2018-12-11 16:08:29 - [TEST_STEP][PASSED] - click: Object: 'Object Repository/Final Object Repo/WorkFlow Listing Page/Click Continue Tooltip' is clicked on

2018-12-11 16:08:33 - [MESSAGE][PASSED] - Object: 'Object Repository/Final Object Repo/WorkFlow Listing Page/Click Continue Tooltip' is clicked on

2018-12-11 16:08:33 - [TEST_STEP][PASSED] - delay: Delayed 5 second(s)

2018-12-11 16:08:38 - [MESSAGE][PASSED] - Delayed 5 second(s)

2018-12-11 16:08:38 - [TEST_STEP][PASSED] - doubleClick: Object: 'Object Repository/Final Object Repo/WorkFlow Listing Page/Workflow Found - Listing 1' is double clicked on

2018-12-11 16:08:38 - [MESSAGE][PASSED] - Object: 'Object Repository/Final Object Repo/WorkFlow Listing Page/Workflow Found - Listing 1' is double clicked on

2018-12-11 16:08:38 - [TEST_STEP][PASSED] - Statement - println(OwnerID): null

2018-12-11 16:08:38 - [TEST_STEP][PASSED] - Statement - OwnerID = com.kms.katalon.core.webui.keyword.WebUiBuiltInKeywords.getText(com.kms.katalon.core.testobject.ObjectRepository.findTestObject(Final Object Repo/WorkFlow Listing Page/Workflow Found - Listing 1), STOP_ON_FAILURE): Text of object 'Object Repository/Final Object Repo/WorkFlow Listing Page/Workflow Found - Listing 1' is: 'JOHORro3'

2018-12-11 16:08:38 - [MESSAGE][PASSED] - Text of object 'Object Repository/Final Object Repo/WorkFlow Listing Page/Workflow Found - Listing 1' is: 'JOHORro3'

2018-12-11 16:08:38 - [TEST_STEP][PASSED] - Statement - OwnerID = OwnerID.toLowerCase() + "@gmail.com": null

2018-12-11 16:08:38 - [TEST_STEP][PASSED] - Statement - println(OwnerID): null

2018-12-11 16:08:38 - [TEST_STEP][PASSED] - delay: Delayed 2 second(s)

2018-12-11 16:08:40 - [MESSAGE][PASSED] - Delayed 2 second(s)

2018-12-11 16:08:40 - [MESSAGE][PASSED] - Call Test Case 'Test Cases/Final Aug 2018 - PKS Automation/Common/Workflow Owner Finder' successfully

2018-12-11 16:08:40 - [TEST_STEP][PASSED] - callTestCase: Call Test Case 'Test Cases/Final Aug 2018 - PKS Automation/Registration Module/Log Out/log out avoiding katalon tagging' successfully

2018-12-11 16:08:40 - [TEST_CASE][PASSED] - Test Cases/Final Aug 2018 - PKS Automation/Registration Module/Log Out/log out avoiding katalon tagging: Test Cases/Final Aug 2018 - PKS Automation/Registration Module/Log Out/log out avoiding katalon tagging

2018-12-11 16:08:40 - [TEST_STEP][PASSED] - navigateToUrl: Navigate to 'https://assist2-uat.perkeso.gov.my/c/portal/logout' successfully

2018-12-11 16:08:41 - [MESSAGE][PASSED] - Navigate to 'https://assist2-uat.perkeso.gov.my/c/portal/logout' successfully

2018-12-11 16:08:41 - [MESSAGE][PASSED] - Call Test Case 'Test Cases/Final Aug 2018 - PKS Automation/Registration Module/Log Out/log out avoiding katalon tagging' successfully

2018-12-11 16:08:41 - [TEST_STEP][PASSED] - delay: Delayed 2 second(s)

2018-12-11 16:08:43 - [MESSAGE][PASSED] - Delayed 2 second(s)

2018-12-11 16:08:43 - [TEST_STEP][PASSED] - setText: Text 'johorro3@gmail.com' is set on object 'Object Repository/Final Object Repo/Page_Update Add New Employee - ASSIST/Email TextBox'

2018-12-11 16:08:43 - [MESSAGE][PASSED] - Text 'johorro3@gmail.com' is set on object 'Object Repository/Final Object Repo/Page_Update Add New Employee - ASSIST/Email TextBox'

2018-12-11 16:08:43 - [TEST_STEP][PASSED] - click: Object: 'Object Repository/Final Object Repo/Page_Update Add New Employee - ASSIST/Next Button' is clicked on

2018-12-11 16:08:43 - [MESSAGE][PASSED] - Object: 'Object Repository/Final Object Repo/Page_Update Add New Employee - ASSIST/Next Button' is clicked on

2018-12-11 16:08:43 - [TEST_STEP][PASSED] - delay: Delayed 2 second(s)

2018-12-11 16:08:45 - [MESSAGE][PASSED] - Delayed 2 second(s)

2018-12-11 16:08:45 - [TEST_STEP][PASSED] - setText: Text 'Test1@3456789' is set on object 'Object Repository/Final Object Repo/Page_Update Add New Employee - ASSIST/Password TextBox'

2018-12-11 16:08:46 - [MESSAGE][PASSED] - Text 'Test1@3456789' is set on object 'Object Repository/Final Object Repo/Page_Update Add New Employee - ASSIST/Password TextBox'

2018-12-11 16:08:46 - [TEST_STEP][PASSED] - delay: Delayed 2 second(s)

2018-12-11 16:08:48 - [MESSAGE][PASSED] - Delayed 2 second(s)

2018-12-11 16:08:48 - [TEST_STEP][PASSED] - click: Object: 'Object Repository/Final Object Repo/Page_Update Add New Employee - ASSIST/Login Button' is clicked on

2018-12-11 16:08:48 - [MESSAGE][PASSED] - Object: 'Object Repository/Final Object Repo/Page_Update Add New Employee - ASSIST/Login Button' is clicked on

2018-12-11 16:08:48 - [TEST_STEP][PASSED] - delay: Delayed 4 second(s)

2018-12-11 16:08:52 - [MESSAGE][PASSED] - Delayed 4 second(s)

2018-12-11 16:08:52 - [TEST_STEP][PASSED] - Statement - Try: Delayed 2 second(s)

2018-12-11 16:08:52 - [TEST_STEP][PASSED] - Statement - Checker = false: null

2018-12-11 16:08:52 - [TEST_STEP][PASSED] - Statement - Checker = com.kms.katalon.core.webui.keyword.WebUiBuiltInKeywords.verifyElementHasAttribute(com.kms.katalon.core.testobject.ObjectRepository.findTestObject(Final Object Repo/Landing Page/BM Detecting), "href", 20, OPTIONAL): Object 'Object Repository/Final Object Repo/Landing Page/BM Detecting' has attribute 'href'

2018-12-11 16:08:53 - [MESSAGE][PASSED] - Object 'Object Repository/Final Object Repo/Landing Page/BM Detecting' has attribute 'href'

2018-12-11 16:08:53 - [TEST_STEP][PASSED] - Statement - out.println(Checker): null

2018-12-11 16:08:53 - [TEST_STEP][PASSED] - Statement - If (Checker == false): null

2018-12-11 16:08:53 - [TEST_STEP][PASSED] - Statement - Else: null

2018-12-11 16:08:53 - [TEST_STEP][PASSED] - delay: Delayed 2 second(s)

2018-12-11 16:08:55 - [MESSAGE][PASSED] - Delayed 2 second(s)

2018-12-11 16:08:55 - [TEST_STEP][PASSED] - delay: Delayed 4 second(s)

2018-12-11 16:08:59 - [MESSAGE][PASSED] - Delayed 4 second(s)

2018-12-11 16:08:59 - [TEST_STEP][PASSED] - click: Object: 'Object Repository/Final Object Repo/New Registration - Registration Module Pages/New Reg - OTC to RO/Special Case - All Related Objects/Expand to Search' is clicked on

2018-12-11 16:08:59 - [MESSAGE][PASSED] - Object: 'Object Repository/Final Object Repo/New Registration - Registration Module Pages/New Reg - OTC to RO/Special Case - All Related Objects/Expand to Search' is clicked on

2018-12-11 16:08:59 - [TEST_STEP][PASSED] - setText: Text 'CAN12201800002302' is set on object 'Object Repository/Final Object Repo/New Registration - Registration Module Pages/New Reg - OTC to RO/Special Case - All Related Objects/TextBox RefNo in Workbasket'

2018-12-11 16:09:00 - [MESSAGE][PASSED] - Text 'CAN12201800002302' is set on object 'Object Repository/Final Object Repo/New Registration - Registration Module Pages/New Reg - OTC to RO/Special Case - All Related Objects/TextBox RefNo in Workbasket'

2018-12-11 16:09:00 - [TEST_STEP][PASSED] - delay: Delayed 2 second(s)

2018-12-11 16:09:02 - [MESSAGE][PASSED] - Delayed 2 second(s)

2018-12-11 16:09:02 - [TEST_STEP][PASSED] - click: Object: 'Object Repository/Final Object Repo/New Registration - Registration Module Pages/New Reg - OTC to RO/Special Case - All Related Objects/Click Search' is clicked on

2018-12-11 16:09:02 - [MESSAGE][PASSED] - Object: 'Object Repository/Final Object Repo/New Registration - Registration Module Pages/New Reg - OTC to RO/Special Case - All Related Objects/Click Search' is clicked on

2018-12-11 16:09:02 - [TEST_STEP][PASSED] - delay: Delayed 10 second(s)

2018-12-11 16:09:12 - [MESSAGE][PASSED] - Delayed 10 second(s)

2018-12-11 16:09:12 - [TEST_STEP][PASSED] - click: Object: 'Object Repository/Final Object Repo/New Registration - Registration Module Pages/New Reg - OTC to RO/Special Case - All Related Objects/Click to Continue Workflow' is clicked on

2018-12-11 16:09:17 - [MESSAGE][PASSED] - Object: 'Object Repository/Final Object Repo/New Registration - Registration Module Pages/New Reg - OTC to RO/Special Case - All Related Objects/Click to Continue Workflow' is clicked on

2018-12-11 16:09:17 - [TEST_STEP][PASSED] - delay: Delayed 10 second(s)

2018-12-11 16:09:27 - [MESSAGE][PASSED] - Delayed 10 second(s)

2018-12-11 16:09:27 - [TEST_STEP][PASSED] - click: Object: 'Object Repository/Final Object Repo/New Registration - Registration Module Pages/New Reg - OTC to RO/Special Case - All Related Objects/Continue Button in verifying case' is clicked on

2018-12-11 16:09:30 - [MESSAGE][PASSED] - Object: 'Object Repository/Final Object Repo/New Registration - Registration Module Pages/New Reg - OTC to RO/Special Case - All Related Objects/Continue Button in verifying case' is clicked on

2018-12-11 16:09:30 - [TEST_STEP][PASSED] - delay: Delayed 2 second(s)

2018-12-11 16:09:32 - [MESSAGE][PASSED] - Delayed 2 second(s)

2018-12-11 16:09:32 - [TEST_STEP][PASSED] - click: Object: 'Object Repository/Final Object Repo/Page_Update Add New Employee - ASSIST/Save  Continue Button' is clicked on

2018-12-11 16:09:32 - [MESSAGE][PASSED] - Object: 'Object Repository/Final Object Repo/Page_Update Add New Employee - ASSIST/Save  Continue Button' is clicked on

2018-12-11 16:09:32 - [TEST_STEP][PASSED] - delay: Delayed 8 second(s)

2018-12-11 16:09:40 - [MESSAGE][PASSED] - Delayed 8 second(s)

2018-12-11 16:09:40 - [TEST_STEP][PASSED] - click: Object: 'Object Repository/Final Object Repo/Page_Update Add New Employee - ASSIST/Save  Continue Third Screen' is clicked on

2018-12-11 16:09:43 - [MESSAGE][PASSED] - Object: 'Object Repository/Final Object Repo/Page_Update Add New Employee - ASSIST/Save  Continue Third Screen' is clicked on

2018-12-11 16:09:43 - [TEST_STEP][PASSED] - delay: Delayed 4 second(s)

2018-12-11 16:09:47 - [MESSAGE][PASSED] - Delayed 4 second(s)

2018-12-11 16:09:47 - [TEST_STEP][PASSED] - click: Object: 'Object Repository/Final Object Repo/Page_Update Add New Employee - ASSIST/Save   Continue Supporting Doc Page' is clicked on

2018-12-11 16:09:47 - [MESSAGE][PASSED] - Object: 'Object Repository/Final Object Repo/Page_Update Add New Employee - ASSIST/Save   Continue Supporting Doc Page' is clicked on

2018-12-11 16:09:47 - [TEST_STEP][PASSED] - delay: Delayed 4 second(s)

2018-12-11 16:09:51 - [MESSAGE][PASSED] - Delayed 4 second(s)

2018-12-11 16:09:51 - [TEST_STEP][PASSED] - click: Object: 'Object Repository/Final Object Repo/Page_Update Add New Employee - ASSIST/Under Enforcement Button at Preview Screen of RO' is clicked on

2018-12-11 16:09:52 - [MESSAGE][PASSED] - Object: 'Object Repository/Final Object Repo/Page_Update Add New Employee - ASSIST/Under Enforcement Button at Preview Screen of RO' is clicked on

2018-12-11 16:09:52 - [TEST_STEP][PASSED] - delay: Delayed 4 second(s)

2018-12-11 16:09:56 - [MESSAGE][PASSED] - Delayed 4 second(s)

2018-12-11 16:09:56 - [TEST_STEP][PASSED] - click: Object: 'Object Repository/Final Object Repo/Page_Update Add New Employee - ASSIST/Under Enforcement - inner form' is clicked on

2018-12-11 16:09:56 - [MESSAGE][PASSED] - Object: 'Object Repository/Final Object Repo/Page_Update Add New Employee - ASSIST/Under Enforcement - inner form' is clicked on

2018-12-11 16:09:56 - [TEST_STEP][PASSED] - delay: Delayed 4 second(s)

2018-12-11 16:10:00 - [MESSAGE][PASSED] - Delayed 4 second(s)

2018-12-11 16:10:00 - [TEST_STEP][PASSED] - callTestCase: Call Test Case 'Test Cases/Final Aug 2018 - PKS Automation/Common/Screenshoting tool' successfully

2018-12-11 16:10:00 - [TEST_CASE][PASSED] - Test Cases/Final Aug 2018 - PKS Automation/Common/Screenshoting tool: Test Cases/Final Aug 2018 - PKS Automation/Common/Screenshoting tool

2018-12-11 16:10:00 - [TEST_STEP][PASSED] - delay: Delayed 15 second(s)

2018-12-11 16:10:15 - [MESSAGE][PASSED] - Delayed 15 second(s)

2018-12-11 16:10:15 - [TEST_STEP][PASSED] - Statement - driver = com.kms.katalon.core.webui.driver.DriverFactory.getWebDriver(): null

2018-12-11 16:10:15 - [TEST_STEP][PASSED] - Statement - driver.manage().timeouts().implicitlyWait(10, SECONDS): null

2018-12-11 16:10:15 - [TEST_STEP][PASSED] - Statement - PresavePath = KatalonScreenshots: null

2018-12-11 16:10:15 - [TEST_STEP][PASSED] - Statement - pathPrefix = "C:\Users\Public\Pictures\Sample Pictures\Katalon Screenshots\Automate Ending Screen": null

2018-12-11 16:10:15 - [TEST_STEP][PASSED] - Statement - finalPath = <not implemented yet for class: org.codehaus.groovy.ast.expr.EmptyExpression>: null

2018-12-11 16:10:15 - [TEST_STEP][PASSED] - Statement - scrFile = driver.getScreenshotAs(FILE): null

2018-12-11 16:10:15 - [TEST_STEP][PASSED] - Statement - PreSaveFile = new java.io.File(PresavePath): null

2018-12-11 16:10:15 - [TEST_STEP][PASSED] - Statement - counter = 0: null

2018-12-11 16:10:15 - [TEST_STEP][PASSED] - Statement - If (PreSaveFile.exists()): null

2018-12-11 16:10:15 - [TEST_STEP][PASSED] - Statement - While (PreSaveFile.exists()): null

2018-12-11 16:10:15 - [TEST_STEP][PASSED] - Statement - counter = counter + 1: null

2018-12-11 16:10:15 - [TEST_STEP][PASSED] - Statement - PreSaveFile = new java.io.File(((pathPrefix + java.lang.Integer.toString(counter)) + .png)): null

2018-12-11 16:10:15 - [TEST_STEP][PASSED] - Statement - counter = counter + 1: null

2018-12-11 16:10:15 - [TEST_STEP][PASSED] - Statement - PreSaveFile = new java.io.File(((pathPrefix + java.lang.Integer.toString(counter)) + .png)): null

2018-12-11 16:10:15 - [TEST_STEP][PASSED] - Statement - counter = counter + 1: null

2018-12-11 16:10:15 - [TEST_STEP][PASSED] - Statement - PreSaveFile = new java.io.File(((pathPrefix + java.lang.Integer.toString(counter)) + .png)): null

2018-12-11 16:10:15 - [TEST_STEP][PASSED] - Statement - counter = counter + 1: null

2018-12-11 16:10:15 - [TEST_STEP][PASSED] - Statement - PreSaveFile = new java.io.File(((pathPrefix + java.lang.Integer.toString(counter)) + .png)): null

2018-12-11 16:10:15 - [TEST_STEP][PASSED] - Statement - counter = counter + 1: null

2018-12-11 16:10:15 - [TEST_STEP][PASSED] - Statement - PreSaveFile = new java.io.File(((pathPrefix + java.lang.Integer.toString(counter)) + .png)): null

2018-12-11 16:10:15 - [TEST_STEP][PASSED] - Statement - counter = counter + 1: null

2018-12-11 16:10:15 - [TEST_STEP][PASSED] - Statement - PreSaveFile = new java.io.File(((pathPrefix + java.lang.Integer.toString(counter)) + .png)): null

2018-12-11 16:10:15 - [TEST_STEP][PASSED] - Statement - counter = counter + 1: null

2018-12-11 16:10:15 - [TEST_STEP][PASSED] - Statement - PreSaveFile = new java.io.File(((pathPrefix + java.lang.Integer.toString(counter)) + .png)): null

2018-12-11 16:10:15 - [TEST_STEP][PASSED] - Statement - counter = counter + 1: null

2018-12-11 16:10:15 - [TEST_STEP][PASSED] - Statement - PreSaveFile = new java.io.File(((pathPrefix + java.lang.Integer.toString(counter)) + .png)): null

2018-12-11 16:10:15 - [TEST_STEP][PASSED] - Statement - counter = counter + 1: null

2018-12-11 16:10:15 - [TEST_STEP][PASSED] - Statement - PreSaveFile = new java.io.File(((pathPrefix + java.lang.Integer.toString(counter)) + .png)): null

2018-12-11 16:10:15 - [TEST_STEP][PASSED] - Statement - counter = counter + 1: null

2018-12-11 16:10:15 - [TEST_STEP][PASSED] - Statement - PreSaveFile = new java.io.File(((pathPrefix + java.lang.Integer.toString(counter)) + .png)): null

2018-12-11 16:10:15 - [TEST_STEP][PASSED] - Statement - counter = counter + 1: null

2018-12-11 16:10:15 - [TEST_STEP][PASSED] - Statement - PreSaveFile = new java.io.File(((pathPrefix + java.lang.Integer.toString(counter)) + .png)): null

2018-12-11 16:10:15 - [TEST_STEP][PASSED] - Statement - counter = counter + 1: null

2018-12-11 16:10:15 - [TEST_STEP][PASSED] - Statement - PreSaveFile = new java.io.File(((pathPrefix + java.lang.Integer.toString(counter)) + .png)): null

2018-12-11 16:10:15 - [TEST_STEP][PASSED] - Statement - counter = counter + 1: null

2018-12-11 16:10:15 - [TEST_STEP][PASSED] - Statement - PreSaveFile = new java.io.File(((pathPrefix + java.lang.Integer.toString(counter)) + .png)): null

2018-12-11 16:10:15 - [TEST_STEP][PASSED] - Statement - counter = counter + 1: null

2018-12-11 16:10:15 - [TEST_STEP][PASSED] - Statement - PreSaveFile = new java.io.File(((pathPrefix + java.lang.Integer.toString(counter)) + .png)): null

2018-12-11 16:10:15 - [TEST_STEP][PASSED] - Statement - counter = counter + 1: null

2018-12-11 16:10:15 - [TEST_STEP][PASSED] - Statement - PreSaveFile = new java.io.File(((pathPrefix + java.lang.Integer.toString(counter)) + .png)): null

2018-12-11 16:10:15 - [TEST_STEP][PASSED] - Statement - counter = counter + 1: null

2018-12-11 16:10:15 - [TEST_STEP][PASSED] - Statement - PreSaveFile = new java.io.File(((pathPrefix + java.lang.Integer.toString(counter)) + .png)): null

2018-12-11 16:10:15 - [TEST_STEP][PASSED] - Statement - counter = counter + 1: null

2018-12-11 16:10:15 - [TEST_STEP][PASSED] - Statement - PreSaveFile = new java.io.File(((pathPrefix + java.lang.Integer.toString(counter)) + .png)): null

2018-12-11 16:10:15 - [TEST_STEP][PASSED] - Statement - counter = counter + 1: null

2018-12-11 16:10:15 - [TEST_STEP][PASSED] - Statement - PreSaveFile = new java.io.File(((pathPrefix + java.lang.Integer.toString(counter)) + .png)): null

2018-12-11 16:10:15 - [TEST_STEP][PASSED] - Statement - counter = counter + 1: null

2018-12-11 16:10:15 - [TEST_STEP][PASSED] - Statement - PreSaveFile = new java.io.File(((pathPrefix + java.lang.Integer.toString(counter)) + .png)): null

2018-12-11 16:10:15 - [TEST_STEP][PASSED] - Statement - counter = counter + 1: null

2018-12-11 16:10:15 - [TEST_STEP][PASSED] - Statement - PreSaveFile = new java.io.File(((pathPrefix + java.lang.Integer.toString(counter)) + .png)): null

2018-12-11 16:10:15 - [TEST_STEP][PASSED] - Statement - counter = counter + 1: null

2018-12-11 16:10:15 - [TEST_STEP][PASSED] - Statement - PreSaveFile = new java.io.File(((pathPrefix + java.lang.Integer.toString(counter)) + .png)): null

2018-12-11 16:10:15 - [TEST_STEP][PASSED] - Statement - counter = counter + 1: null

2018-12-11 16:10:15 - [TEST_STEP][PASSED] - Statement - PreSaveFile = new java.io.File(((pathPrefix + java.lang.Integer.toString(counter)) + .png)): null

2018-12-11 16:10:15 - [TEST_STEP][PASSED] - Statement - counter = counter + 1: null

2018-12-11 16:10:15 - [TEST_STEP][PASSED] - Statement - PreSaveFile = new java.io.File(((pathPrefix + java.lang.Integer.toString(counter)) + .png)): null

2018-12-11 16:10:15 - [TEST_STEP][PASSED] - Statement - counter = counter + 1: null

2018-12-11 16:10:15 - [TEST_STEP][PASSED] - Statement - PreSaveFile = new java.io.File(((pathPrefix + java.lang.Integer.toString(counter)) + .png)): null

2018-12-11 16:10:15 - [TEST_STEP][PASSED] - Statement - counter = counter + 1: null

2018-12-11 16:10:15 - [TEST_STEP][PASSED] - Statement - PreSaveFile = new java.io.File(((pathPrefix + java.lang.Integer.toString(counter)) + .png)): null

2018-12-11 16:10:15 - [TEST_STEP][PASSED] - Statement - counter = counter + 1: null

2018-12-11 16:10:15 - [TEST_STEP][PASSED] - Statement - PreSaveFile = new java.io.File(((pathPrefix + java.lang.Integer.toString(counter)) + .png)): null

2018-12-11 16:10:15 - [TEST_STEP][PASSED] - Statement - counter = counter + 1: null

2018-12-11 16:10:15 - [TEST_STEP][PASSED] - Statement - PreSaveFile = new java.io.File(((pathPrefix + java.lang.Integer.toString(counter)) + .png)): null

2018-12-11 16:10:15 - [TEST_STEP][PASSED] - Statement - counter = counter + 1: null

2018-12-11 16:10:15 - [TEST_STEP][PASSED] - Statement - PreSaveFile = new java.io.File(((pathPrefix + java.lang.Integer.toString(counter)) + .png)): null

2018-12-11 16:10:15 - [TEST_STEP][PASSED] - Statement - counter = counter + 1: null

2018-12-11 16:10:15 - [TEST_STEP][PASSED] - Statement - PreSaveFile = new java.io.File(((pathPrefix + java.lang.Integer.toString(counter)) + .png)): null

2018-12-11 16:10:15 - [TEST_STEP][PASSED] - Statement - counter = counter + 1: null

2018-12-11 16:10:15 - [TEST_STEP][PASSED] - Statement - PreSaveFile = new java.io.File(((pathPrefix + java.lang.Integer.toString(counter)) + .png)): null

2018-12-11 16:10:15 - [TEST_STEP][PASSED] - Statement - counter = counter + 1: null

2018-12-11 16:10:15 - [TEST_STEP][PASSED] - Statement - PreSaveFile = new java.io.File(((pathPrefix + java.lang.Integer.toString(counter)) + .png)): null

2018-12-11 16:10:15 - [TEST_STEP][PASSED] - Statement - counter = counter + 1: null

2018-12-11 16:10:15 - [TEST_STEP][PASSED] - Statement - PreSaveFile = new java.io.File(((pathPrefix + java.lang.Integer.toString(counter)) + .png)): null

2018-12-11 16:10:15 - [TEST_STEP][PASSED] - Statement - counter = counter + 1: null

2018-12-11 16:10:15 - [TEST_STEP][PASSED] - Statement - PreSaveFile = new java.io.File(((pathPrefix + java.lang.Integer.toString(counter)) + .png)): null

2018-12-11 16:10:15 - [TEST_STEP][PASSED] - Statement - counter = counter + 1: null

2018-12-11 16:10:15 - [TEST_STEP][PASSED] - Statement - PreSaveFile = new java.io.File(((pathPrefix + java.lang.Integer.toString(counter)) + .png)): null

2018-12-11 16:10:15 - [TEST_STEP][PASSED] - Statement - counter = counter + 1: null

2018-12-11 16:10:15 - [TEST_STEP][PASSED] - Statement - PreSaveFile = new java.io.File(((pathPrefix + java.lang.Integer.toString(counter)) + .png)): null

2018-12-11 16:10:15 - [TEST_STEP][PASSED] - Statement - counter = counter + 1: null

2018-12-11 16:10:15 - [TEST_STEP][PASSED] - Statement - PreSaveFile = new java.io.File(((pathPrefix + java.lang.Integer.toString(counter)) + .png)): null

2018-12-11 16:10:15 - [TEST_STEP][PASSED] - Statement - counter = counter + 1: null

2018-12-11 16:10:15 - [TEST_STEP][PASSED] - Statement - PreSaveFile = new java.io.File(((pathPrefix + java.lang.Integer.toString(counter)) + .png)): null

2018-12-11 16:10:15 - [TEST_STEP][PASSED] - Statement - counter = counter + 1: null

2018-12-11 16:10:15 - [TEST_STEP][PASSED] - Statement - PreSaveFile = new java.io.File(((pathPrefix + java.lang.Integer.toString(counter)) + .png)): null

2018-12-11 16:10:15 - [TEST_STEP][PASSED] - Statement - counter = counter + 1: null

2018-12-11 16:10:15 - [TEST_STEP][PASSED] - Statement - PreSaveFile = new java.io.File(((pathPrefix + java.lang.Integer.toString(counter)) + .png)): null

2018-12-11 16:10:15 - [TEST_STEP][PASSED] - Statement - counter = counter + 1: null

2018-12-11 16:10:15 - [TEST_STEP][PASSED] - Statement - PreSaveFile = new java.io.File(((pathPrefix + java.lang.Integer.toString(counter)) + .png)): null

2018-12-11 16:10:15 - [TEST_STEP][PASSED] - Statement - counter = counter + 1: null

2018-12-11 16:10:15 - [TEST_STEP][PASSED] - Statement - PreSaveFile = new java.io.File(((pathPrefix + java.lang.Integer.toString(counter)) + .png)): null

2018-12-11 16:10:15 - [TEST_STEP][PASSED] - Statement - counter = counter + 1: null

2018-12-11 16:10:15 - [TEST_STEP][PASSED] - Statement - PreSaveFile = new java.io.File(((pathPrefix + java.lang.Integer.toString(counter)) + .png)): null

2018-12-11 16:10:15 - [TEST_STEP][PASSED] - Statement - counter = counter + 1: null

2018-12-11 16:10:15 - [TEST_STEP][PASSED] - Statement - PreSaveFile = new java.io.File(((pathPrefix + java.lang.Integer.toString(counter)) + .png)): null

2018-12-11 16:10:15 - [TEST_STEP][PASSED] - Statement - counter = counter + 1: null

2018-12-11 16:10:15 - [TEST_STEP][PASSED] - Statement - PreSaveFile = new java.io.File(((pathPrefix + java.lang.Integer.toString(counter)) + .png)): null

2018-12-11 16:10:15 - [TEST_STEP][PASSED] - Statement - counter = counter + 1: null

2018-12-11 16:10:15 - [TEST_STEP][PASSED] - Statement - PreSaveFile = new java.io.File(((pathPrefix + java.lang.Integer.toString(counter)) + .png)): null

2018-12-11 16:10:15 - [TEST_STEP][PASSED] - Statement - counter = counter + 1: null

2018-12-11 16:10:15 - [TEST_STEP][PASSED] - Statement - PreSaveFile = new java.io.File(((pathPrefix + java.lang.Integer.toString(counter)) + .png)): null

2018-12-11 16:10:15 - [TEST_STEP][PASSED] - Statement - counter = counter + 1: null

2018-12-11 16:10:15 - [TEST_STEP][PASSED] - Statement - PreSaveFile = new java.io.File(((pathPrefix + java.lang.Integer.toString(counter)) + .png)): null

2018-12-11 16:10:15 - [TEST_STEP][PASSED] - Statement - counter = counter + 1: null

2018-12-11 16:10:15 - [TEST_STEP][PASSED] - Statement - PreSaveFile = new java.io.File(((pathPrefix + java.lang.Integer.toString(counter)) + .png)): null

2018-12-11 16:10:15 - [TEST_STEP][PASSED] - Statement - counter = counter + 1: null

2018-12-11 16:10:15 - [TEST_STEP][PASSED] - Statement - PreSaveFile = new java.io.File(((pathPrefix + java.lang.Integer.toString(counter)) + .png)): null

2018-12-11 16:10:15 - [TEST_STEP][PASSED] - Statement - counter = counter + 1: null

2018-12-11 16:10:15 - [TEST_STEP][PASSED] - Statement - PreSaveFile = new java.io.File(((pathPrefix + java.lang.Integer.toString(counter)) + .png)): null

2018-12-11 16:10:15 - [TEST_STEP][PASSED] - Statement - counter = counter + 1: null

2018-12-11 16:10:15 - [TEST_STEP][PASSED] - Statement - PreSaveFile = new java.io.File(((pathPrefix + java.lang.Integer.toString(counter)) + .png)): null

2018-12-11 16:10:15 - [TEST_STEP][PASSED] - Statement - counter = counter + 1: null

2018-12-11 16:10:15 - [TEST_STEP][PASSED] - Statement - PreSaveFile = new java.io.File(((pathPrefix + java.lang.Integer.toString(counter)) + .png)): null

2018-12-11 16:10:15 - [TEST_STEP][PASSED] - Statement - counter = counter + 1: null

2018-12-11 16:10:15 - [TEST_STEP][PASSED] - Statement - PreSaveFile = new java.io.File(((pathPrefix + java.lang.Integer.toString(counter)) + .png)): null

2018-12-11 16:10:15 - [TEST_STEP][PASSED] - Statement - counter = counter + 1: null

2018-12-11 16:10:15 - [TEST_STEP][PASSED] - Statement - PreSaveFile = new java.io.File(((pathPrefix + java.lang.Integer.toString(counter)) + .png)): null

2018-12-11 16:10:15 - [TEST_STEP][PASSED] - Statement - counter = counter + 1: null

2018-12-11 16:10:15 - [TEST_STEP][PASSED] - Statement - PreSaveFile = new java.io.File(((pathPrefix + java.lang.Integer.toString(counter)) + .png)): null

2018-12-11 16:10:15 - [TEST_STEP][PASSED] - Statement - counter = counter + 1: null

2018-12-11 16:10:15 - [TEST_STEP][PASSED] - Statement - PreSaveFile = new java.io.File(((pathPrefix + java.lang.Integer.toString(counter)) + .png)): null

2018-12-11 16:10:15 - [TEST_STEP][PASSED] - Statement - counter = counter + 1: null

2018-12-11 16:10:15 - [TEST_STEP][PASSED] - Statement - PreSaveFile = new java.io.File(((pathPrefix + java.lang.Integer.toString(counter)) + .png)): null

2018-12-11 16:10:15 - [TEST_STEP][PASSED] - Statement - counter = counter + 1: null

2018-12-11 16:10:15 - [TEST_STEP][PASSED] - Statement - PreSaveFile = new java.io.File(((pathPrefix + java.lang.Integer.toString(counter)) + .png)): null

2018-12-11 16:10:15 - [TEST_STEP][PASSED] - Statement - counter = counter + 1: null

2018-12-11 16:10:15 - [TEST_STEP][PASSED] - Statement - PreSaveFile = new java.io.File(((pathPrefix + java.lang.Integer.toString(counter)) + .png)): null

2018-12-11 16:10:15 - [TEST_STEP][PASSED] - Statement - counter = counter + 1: null

2018-12-11 16:10:15 - [TEST_STEP][PASSED] - Statement - PreSaveFile = new java.io.File(((pathPrefix + java.lang.Integer.toString(counter)) + .png)): null

2018-12-11 16:10:15 - [TEST_STEP][PASSED] - Statement - counter = counter + 1: null

2018-12-11 16:10:15 - [TEST_STEP][PASSED] - Statement - PreSaveFile = new java.io.File(((pathPrefix + java.lang.Integer.toString(counter)) + .png)): null

2018-12-11 16:10:15 - [TEST_STEP][PASSED] - Statement - counter = counter + 1: null

2018-12-11 16:10:15 - [TEST_STEP][PASSED] - Statement - PreSaveFile = new java.io.File(((pathPrefix + java.lang.Integer.toString(counter)) + .png)): null

2018-12-11 16:10:15 - [TEST_STEP][PASSED] - Statement - counter = counter + 1: null

2018-12-11 16:10:15 - [TEST_STEP][PASSED] - Statement - PreSaveFile = new java.io.File(((pathPrefix + java.lang.Integer.toString(counter)) + .png)): null

2018-12-11 16:10:15 - [TEST_STEP][PASSED] - Statement - counter = counter + 1: null

2018-12-11 16:10:15 - [TEST_STEP][PASSED] - Statement - PreSaveFile = new java.io.File(((pathPrefix + java.lang.Integer.toString(counter)) + .png)): null

2018-12-11 16:10:15 - [TEST_STEP][PASSED] - Statement - counter = counter + 1: null

2018-12-11 16:10:15 - [TEST_STEP][PASSED] - Statement - PreSaveFile = new java.io.File(((pathPrefix + java.lang.Integer.toString(counter)) + .png)): null

2018-12-11 16:10:15 - [TEST_STEP][PASSED] - Statement - counter = counter + 1: null

2018-12-11 16:10:15 - [TEST_STEP][PASSED] - Statement - PreSaveFile = new java.io.File(((pathPrefix + java.lang.Integer.toString(counter)) + .png)): null

2018-12-11 16:10:15 - [TEST_STEP][PASSED] - Statement - counter = counter + 1: null

2018-12-11 16:10:15 - [TEST_STEP][PASSED] - Statement - PreSaveFile = new java.io.File(((pathPrefix + java.lang.Integer.toString(counter)) + .png)): null

2018-12-11 16:10:15 - [TEST_STEP][PASSED] - Statement - counter = counter + 1: null

2018-12-11 16:10:15 - [TEST_STEP][PASSED] - Statement - PreSaveFile = new java.io.File(((pathPrefix + java.lang.Integer.toString(counter)) + .png)): null

2018-12-11 16:10:15 - [TEST_STEP][PASSED] - Statement - counter = counter + 1: null

2018-12-11 16:10:15 - [TEST_STEP][PASSED] - Statement - PreSaveFile = new java.io.File(((pathPrefix + java.lang.Integer.toString(counter)) + .png)): null

2018-12-11 16:10:15 - [TEST_STEP][PASSED] - Statement - counter = counter + 1: null

2018-12-11 16:10:15 - [TEST_STEP][PASSED] - Statement - PreSaveFile = new java.io.File(((pathPrefix + java.lang.Integer.toString(counter)) + .png)): null

2018-12-11 16:10:15 - [TEST_STEP][PASSED] - Statement - counter = counter + 1: null

2018-12-11 16:10:15 - [TEST_STEP][PASSED] - Statement - PreSaveFile = new java.io.File(((pathPrefix + java.lang.Integer.toString(counter)) + .png)): null

2018-12-11 16:10:15 - [TEST_STEP][PASSED] - Statement - counter = counter + 1: null

2018-12-11 16:10:15 - [TEST_STEP][PASSED] - Statement - PreSaveFile = new java.io.File(((pathPrefix + java.lang.Integer.toString(counter)) + .png)): null

2018-12-11 16:10:15 - [TEST_STEP][PASSED] - Statement - counter = counter + 1: null

2018-12-11 16:10:15 - [TEST_STEP][PASSED] - Statement - PreSaveFile = new java.io.File(((pathPrefix + java.lang.Integer.toString(counter)) + .png)): null

2018-12-11 16:10:15 - [TEST_STEP][PASSED] - Statement - counter = counter + 1: null

2018-12-11 16:10:15 - [TEST_STEP][PASSED] - Statement - PreSaveFile = new java.io.File(((pathPrefix + java.lang.Integer.toString(counter)) + .png)): null

2018-12-11 16:10:15 - [TEST_STEP][PASSED] - Statement - counter = counter + 1: null

2018-12-11 16:10:15 - [TEST_STEP][PASSED] - Statement - PreSaveFile = new java.io.File(((pathPrefix + java.lang.Integer.toString(counter)) + .png)): null

2018-12-11 16:10:15 - [TEST_STEP][PASSED] - Statement - counter = counter + 1: null

2018-12-11 16:10:15 - [TEST_STEP][PASSED] - Statement - PreSaveFile = new java.io.File(((pathPrefix + java.lang.Integer.toString(counter)) + .png)): null

2018-12-11 16:10:15 - [TEST_STEP][PASSED] - Statement - counter = counter + 1: null

2018-12-11 16:10:15 - [TEST_STEP][PASSED] - Statement - PreSaveFile = new java.io.File(((pathPrefix + java.lang.Integer.toString(counter)) + .png)): null

2018-12-11 16:10:15 - [TEST_STEP][PASSED] - Statement - counter = counter + 1: null

2018-12-11 16:10:15 - [TEST_STEP][PASSED] - Statement - PreSaveFile = new java.io.File(((pathPrefix + java.lang.Integer.toString(counter)) + .png)): null

2018-12-11 16:10:15 - [TEST_STEP][PASSED] - Statement - counter = counter + 1: null

2018-12-11 16:10:15 - [TEST_STEP][PASSED] - Statement - PreSaveFile = new java.io.File(((pathPrefix + java.lang.Integer.toString(counter)) + .png)): null

2018-12-11 16:10:15 - [TEST_STEP][PASSED] - Statement - finalPath = pathPrefix + java.lang.Integer.toString(counter) + ".png": null

2018-12-11 16:10:15 - [TEST_STEP][PASSED] - Statement - SaveFile = new java.io.File(finalPath): null

2018-12-11 16:10:15 - [TEST_STEP][PASSED] - Statement - Try: null

2018-12-11 16:10:15 - [TEST_STEP][PASSED] - Statement - org.apache.commons.io.FileUtils.copyFile(scrFile, SaveFile): null

2018-12-11 16:10:15 - [TEST_STEP][PASSED] - Statement - out.println("file kept"): null

2018-12-11 16:10:15 - [TEST_STEP][PASSED] - delay: Delayed 10 second(s)

2018-12-11 16:10:25 - [MESSAGE][PASSED] - Delayed 10 second(s)

2018-12-11 16:10:25 - [MESSAGE][PASSED] - Call Test Case 'Test Cases/Final Aug 2018 - PKS Automation/Common/Screenshoting tool' successfully

2018-12-11 16:10:25 - [TEST_STEP][PASSED] - callTestCase: Call Test Case 'Test Cases/Final Aug 2018 - PKS Automation/Registration Module/Log Out/log out avoiding katalon tagging' successfully

2018-12-11 16:10:25 - [TEST_CASE][PASSED] - Test Cases/Final Aug 2018 - PKS Automation/Registration Module/Log Out/log out avoiding katalon tagging: Test Cases/Final Aug 2018 - PKS Automation/Registration Module/Log Out/log out avoiding katalon tagging

2018-12-11 16:10:25 - [TEST_STEP][PASSED] - navigateToUrl: Navigate to 'https://assist2-uat.perkeso.gov.my/c/portal/logout' successfully

2018-12-11 16:10:26 - [MESSAGE][PASSED] - Navigate to 'https://assist2-uat.perkeso.gov.my/c/portal/logout' successfully

2018-12-11 16:10:26 - [MESSAGE][PASSED] - Call Test Case 'Test Cases/Final Aug 2018 - PKS Automation/Registration Module/Log Out/log out avoiding katalon tagging' successfully

2018-12-11 16:10:26 - [TEST_STEP][PASSED] - callTestCase: Call Test Case 'Test Cases/Final Aug 2018 - PKS Automation/Common/Workflow Owner Finder' successfully

2018-12-11 16:10:26 - [TEST_CASE][PASSED] - Test Cases/Final Aug 2018 - PKS Automation/Common/Workflow Owner Finder: Test Cases/Final Aug 2018 - PKS Automation/Common/Workflow Owner Finder

2018-12-11 16:10:26 - [TEST_STEP][PASSED] - openBrowser: Browser is opened with url: ''

2018-12-11 16:10:26 - [MESSAGE][WARNING] - A browser is already opened. Closing browser and opening a new one

2018-12-11 16:10:31 - [MESSAGE][PASSED] - Browser is opened with url: ''

2018-12-11 16:10:31 - [TEST_STEP][PASSED] - navigateToUrl: Navigate to 'https://assist2-uat.perkeso.gov.my/login' successfully

2018-12-11 16:10:32 - [MESSAGE][PASSED] - Navigate to 'https://assist2-uat.perkeso.gov.my/login' successfully

2018-12-11 16:10:32 - [TEST_STEP][PASSED] - delay: Delayed 5 second(s)

2018-12-11 16:10:37 - [MESSAGE][PASSED] - Delayed 5 second(s)

2018-12-11 16:10:37 - [TEST_STEP][PASSED] - setText: Text 'test@liferay.com' is set on object 'Object Repository/Final Object Repo/Login Page/Internal User/Email Address'

2018-12-11 16:10:37 - [MESSAGE][PASSED] - Text 'test@liferay.com' is set on object 'Object Repository/Final Object Repo/Login Page/Internal User/Email Address'

2018-12-11 16:10:37 - [TEST_STEP][PASSED] - click: Object: 'Object Repository/Final Object Repo/Login Page/Internal User/Next Button' is clicked on

2018-12-11 16:10:37 - [MESSAGE][PASSED] - Object: 'Object Repository/Final Object Repo/Login Page/Internal User/Next Button' is clicked on

2018-12-11 16:10:37 - [TEST_STEP][PASSED] - delay: Delayed 2 second(s)

2018-12-11 16:10:39 - [MESSAGE][PASSED] - Delayed 2 second(s)

2018-12-11 16:10:39 - [TEST_STEP][PASSED] - setText: Text 'test' is set on object 'Object Repository/Final Object Repo/Login Page/Internal User/Password'

2018-12-11 16:10:39 - [MESSAGE][PASSED] - Text 'test' is set on object 'Object Repository/Final Object Repo/Login Page/Internal User/Password'

2018-12-11 16:10:39 - [TEST_STEP][PASSED] - delay: Delayed 2 second(s)

2018-12-11 16:10:41 - [MESSAGE][PASSED] - Delayed 2 second(s)

2018-12-11 16:10:41 - [TEST_STEP][PASSED] - click: Object: 'Object Repository/Final Object Repo/Login Page/Internal User/Login Button' is clicked on

2018-12-11 16:10:42 - [MESSAGE][PASSED] - Object: 'Object Repository/Final Object Repo/Login Page/Internal User/Login Button' is clicked on

2018-12-11 16:10:42 - [TEST_STEP][PASSED] - Statement - tester = com.kms.katalon.core.testobject.ObjectRepository.findTestObject(Final Object Repo/Landing Page/Select to English): Finding Test Object with id 'Object Repository/Final Object Repo/Landing Page/Select to English'

2018-12-11 16:10:42 - [TEST_STEP][PASSED] - Statement - Try: Delayed 2 second(s)

2018-12-11 16:10:42 - [TEST_STEP][PASSED] - Statement - Checker = com.kms.katalon.core.webui.keyword.WebUiBuiltInKeywords.verifyElementNotPresent(tester, 3): Web element with id: 'Object Repository/Final Object Repo/Landing Page/Select to English' located by 'By.xpath: //a[@class = 'taglib-language-list-text' and @lang = 'en-US' and (contains(text(), 'EN') or contains(., 'EN'))]' is not present after '3' second(s)

2018-12-11 16:10:45 - [MESSAGE][PASSED] - Web element with id: 'Object Repository/Final Object Repo/Landing Page/Select to English' located by 'By.xpath: //a[@class = 'taglib-language-list-text' and @lang = 'en-US' and (contains(text(), 'EN') or contains(., 'EN'))]' is not present after '3' second(s)

2018-12-11 16:10:45 - [TEST_STEP][PASSED] - Statement - If (Checker == false): null

2018-12-11 16:10:45 - [TEST_STEP][PASSED] - delay: Delayed 2 second(s)

2018-12-11 16:10:47 - [MESSAGE][PASSED] - Delayed 2 second(s)

2018-12-11 16:10:47 - [TEST_STEP][PASSED] - delay: Delayed 5 second(s)

2018-12-11 16:10:52 - [MESSAGE][PASSED] - Delayed 5 second(s)

2018-12-11 16:10:52 - [TEST_STEP][PASSED] - mouseOver: Object: 'Object Repository/Final Object Repo/Landing Page/WorkFlow Menu' is hovered

2018-12-11 16:10:52 - [MESSAGE][PASSED] - Object: 'Object Repository/Final Object Repo/Landing Page/WorkFlow Menu' is hovered

2018-12-11 16:10:52 - [TEST_STEP][PASSED] - delay: Delayed 2 second(s)

2018-12-11 16:10:54 - [MESSAGE][PASSED] - Delayed 2 second(s)

2018-12-11 16:10:54 - [TEST_STEP][PASSED] - click: Object: 'Object Repository/Final Object Repo/Landing Page/Select to Workflow Listing' is clicked on

2018-12-11 16:10:55 - [MESSAGE][PASSED] - Object: 'Object Repository/Final Object Repo/Landing Page/Select to Workflow Listing' is clicked on

2018-12-11 16:10:55 - [TEST_STEP][PASSED] - delay: Delayed 2 second(s)

2018-12-11 16:10:57 - [MESSAGE][PASSED] - Delayed 2 second(s)

2018-12-11 16:10:57 - [TEST_STEP][PASSED] - click: Object: 'Object Repository/Final Object Repo/WorkFlow Listing Page/Search Information - To Put Ref No' is clicked on

2018-12-11 16:10:57 - [MESSAGE][PASSED] - Object: 'Object Repository/Final Object Repo/WorkFlow Listing Page/Search Information - To Put Ref No' is clicked on

2018-12-11 16:10:57 - [TEST_STEP][PASSED] - delay: Delayed 2 second(s)

2018-12-11 16:10:59 - [MESSAGE][PASSED] - Delayed 2 second(s)

2018-12-11 16:10:59 - [TEST_STEP][PASSED] - callTestCase: Call Test Case 'Test Cases/Final Aug 2018 - PKS Automation/Common/Reference Number Getter' successfully

2018-12-11 16:10:59 - [TEST_CASE][PASSED] - Test Cases/Final Aug 2018 - PKS Automation/Common/Reference Number Getter: Test Cases/Final Aug 2018 - PKS Automation/Common/Reference Number Getter

2018-12-11 16:10:59 - [TEST_STEP][PASSED] - Statement - Try: null

2018-12-11 16:10:59 - [TEST_STEP][PASSED] - Statement - RefNo = new java.io.File(C://Users//Admin//Desktop//PKS//Automation Reference Point//KatalonReference.txt): null

2018-12-11 16:10:59 - [TEST_STEP][PASSED] - Statement - bufferread = new java.io.BufferedReader(new java.io.FileReader(RefNo)): null

2018-12-11 16:10:59 - [TEST_STEP][PASSED] - Statement - readedVal = bufferread.readLine(): null

2018-12-11 16:10:59 - [TEST_STEP][PASSED] - Statement - out.println(CaseReferenceNo): null

2018-12-11 16:10:59 - [TEST_STEP][PASSED] - Statement - out.println(readedVal): null

2018-12-11 16:10:59 - [TEST_STEP][PASSED] - Statement - CaseReferenceNo = "": null

2018-12-11 16:10:59 - [TEST_STEP][PASSED] - Statement - CaseReferenceNo = readedVal: null

2018-12-11 16:10:59 - [MESSAGE][PASSED] - Call Test Case 'Test Cases/Final Aug 2018 - PKS Automation/Common/Reference Number Getter' successfully

2018-12-11 16:10:59 - [TEST_STEP][PASSED] - setText: Text 'CAN12201800002302' is set on object 'Object Repository/Final Object Repo/WorkFlow Listing Page/Ref No Set Text'

2018-12-11 16:10:59 - [MESSAGE][PASSED] - Text 'CAN12201800002302' is set on object 'Object Repository/Final Object Repo/WorkFlow Listing Page/Ref No Set Text'

2018-12-11 16:10:59 - [TEST_STEP][PASSED] - delay: Delayed 2 second(s)

2018-12-11 16:11:01 - [MESSAGE][PASSED] - Delayed 2 second(s)

2018-12-11 16:11:01 - [TEST_STEP][PASSED] - click: Object: 'Object Repository/Final Object Repo/WorkFlow Listing Page/Search Ref No Search Button' is clicked on

2018-12-11 16:11:02 - [MESSAGE][PASSED] - Object: 'Object Repository/Final Object Repo/WorkFlow Listing Page/Search Ref No Search Button' is clicked on

2018-12-11 16:11:02 - [TEST_STEP][PASSED] - delay: Delayed 6 second(s)

2018-12-11 16:11:08 - [MESSAGE][PASSED] - Delayed 6 second(s)

2018-12-11 16:11:08 - [TEST_STEP][PASSED] - click: Object: 'Object Repository/Final Object Repo/WorkFlow Listing Page/Click Continue Tooltip' is clicked on

2018-12-11 16:11:09 - [MESSAGE][PASSED] - Object: 'Object Repository/Final Object Repo/WorkFlow Listing Page/Click Continue Tooltip' is clicked on

2018-12-11 16:11:09 - [TEST_STEP][PASSED] - delay: Delayed 5 second(s)

2018-12-11 16:11:14 - [MESSAGE][PASSED] - Delayed 5 second(s)

2018-12-11 16:11:14 - [TEST_STEP][PASSED] - doubleClick: Object: 'Object Repository/Final Object Repo/WorkFlow Listing Page/Workflow Found - Listing 1' is double clicked on

2018-12-11 16:11:14 - [MESSAGE][PASSED] - Object: 'Object Repository/Final Object Repo/WorkFlow Listing Page/Workflow Found - Listing 1' is double clicked on

2018-12-11 16:11:14 - [TEST_STEP][PASSED] - Statement - println(OwnerID): null

2018-12-11 16:11:14 - [TEST_STEP][PASSED] - Statement - OwnerID = com.kms.katalon.core.webui.keyword.WebUiBuiltInKeywords.getText(com.kms.katalon.core.testobject.ObjectRepository.findTestObject(Final Object Repo/WorkFlow Listing Page/Workflow Found - Listing 1), STOP_ON_FAILURE): Text of object 'Object Repository/Final Object Repo/WorkFlow Listing Page/Workflow Found - Listing 1' is: 'JOHORro3'

2018-12-11 16:11:14 - [MESSAGE][PASSED] - Text of object 'Object Repository/Final Object Repo/WorkFlow Listing Page/Workflow Found - Listing 1' is: 'JOHORro3'

2018-12-11 16:11:14 - [TEST_STEP][PASSED] - Statement - OwnerID = OwnerID.toLowerCase() + "@gmail.com": null

2018-12-11 16:11:14 - [TEST_STEP][PASSED] - Statement - println(OwnerID): null

2018-12-11 16:11:14 - [TEST_STEP][PASSED] - delay: Delayed 2 second(s)

2018-12-11 16:11:16 - [MESSAGE][PASSED] - Delayed 2 second(s)

2018-12-11 16:11:16 - [MESSAGE][PASSED] - Call Test Case 'Test Cases/Final Aug 2018 - PKS Automation/Common/Workflow Owner Finder' successfully

2018-12-11 16:11:16 - [TEST_STEP][PASSED] - callTestCase: Call Test Case 'Test Cases/Final Aug 2018 - PKS Automation/Registration Module/Log Out/log out avoiding katalon tagging' successfully

2018-12-11 16:11:16 - [TEST_CASE][PASSED] - Test Cases/Final Aug 2018 - PKS Automation/Registration Module/Log Out/log out avoiding katalon tagging: Test Cases/Final Aug 2018 - PKS Automation/Registration Module/Log Out/log out avoiding katalon tagging

2018-12-11 16:11:16 - [TEST_STEP][PASSED] - navigateToUrl: Navigate to 'https://assist2-uat.perkeso.gov.my/c/portal/logout' successfully

2018-12-11 16:11:17 - [MESSAGE][PASSED] - Navigate to 'https://assist2-uat.perkeso.gov.my/c/portal/logout' successfully

2018-12-11 16:11:17 - [MESSAGE][PASSED] - Call Test Case 'Test Cases/Final Aug 2018 - PKS Automation/Registration Module/Log Out/log out avoiding katalon tagging' successfully

2018-12-11 16:11:17 - [TEST_STEP][PASSED] - delay: Delayed 2 second(s)

2018-12-11 16:11:19 - [MESSAGE][PASSED] - Delayed 2 second(s)

2018-12-11 16:11:19 - [TEST_STEP][PASSED] - setText: Text 'johorro3@gmail.com' is set on object 'Object Repository/Final Object Repo/Page_Update Add New Employee - ASSIST/Email TextBox'

2018-12-11 16:11:19 - [MESSAGE][PASSED] - Text 'johorro3@gmail.com' is set on object 'Object Repository/Final Object Repo/Page_Update Add New Employee - ASSIST/Email TextBox'

2018-12-11 16:11:19 - [TEST_STEP][PASSED] - click: Object: 'Object Repository/Final Object Repo/Page_Update Add New Employee - ASSIST/Next Button' is clicked on

2018-12-11 16:11:19 - [MESSAGE][PASSED] - Object: 'Object Repository/Final Object Repo/Page_Update Add New Employee - ASSIST/Next Button' is clicked on

2018-12-11 16:11:19 - [TEST_STEP][PASSED] - delay: Delayed 2 second(s)

2018-12-11 16:11:21 - [MESSAGE][PASSED] - Delayed 2 second(s)

2018-12-11 16:11:21 - [TEST_STEP][PASSED] - setText: Text 'Test1@3456789' is set on object 'Object Repository/Final Object Repo/Page_Update Add New Employee - ASSIST/Password TextBox'

2018-12-11 16:11:22 - [MESSAGE][PASSED] - Text 'Test1@3456789' is set on object 'Object Repository/Final Object Repo/Page_Update Add New Employee - ASSIST/Password TextBox'

2018-12-11 16:11:22 - [TEST_STEP][PASSED] - delay: Delayed 2 second(s)

2018-12-11 16:11:24 - [MESSAGE][PASSED] - Delayed 2 second(s)

2018-12-11 16:11:24 - [TEST_STEP][PASSED] - click: Object: 'Object Repository/Final Object Repo/Page_Update Add New Employee - ASSIST/Login Button' is clicked on

2018-12-11 16:11:24 - [MESSAGE][PASSED] - Object: 'Object Repository/Final Object Repo/Page_Update Add New Employee - ASSIST/Login Button' is clicked on

2018-12-11 16:11:24 - [TEST_STEP][PASSED] - delay: Delayed 4 second(s)

2018-12-11 16:11:28 - [MESSAGE][PASSED] - Delayed 4 second(s)

2018-12-11 16:11:28 - [TEST_STEP][PASSED] - Statement - Try: Delayed 2 second(s)

2018-12-11 16:11:28 - [TEST_STEP][PASSED] - Statement - Checker = false: null

2018-12-11 16:11:28 - [TEST_STEP][PASSED] - Statement - Checker = com.kms.katalon.core.webui.keyword.WebUiBuiltInKeywords.verifyElementHasAttribute(com.kms.katalon.core.testobject.ObjectRepository.findTestObject(Final Object Repo/Landing Page/BM Detecting), "href", 20, OPTIONAL): Object 'Object Repository/Final Object Repo/Landing Page/BM Detecting' has attribute 'href'

2018-12-11 16:11:28 - [MESSAGE][PASSED] - Object 'Object Repository/Final Object Repo/Landing Page/BM Detecting' has attribute 'href'

2018-12-11 16:11:28 - [TEST_STEP][PASSED] - Statement - out.println(Checker): null

2018-12-11 16:11:28 - [TEST_STEP][PASSED] - Statement - If (Checker == false): null

2018-12-11 16:11:28 - [TEST_STEP][PASSED] - Statement - Else: null

2018-12-11 16:11:28 - [TEST_STEP][PASSED] - delay: Delayed 2 second(s)

2018-12-11 16:11:30 - [MESSAGE][PASSED] - Delayed 2 second(s)

2018-12-11 16:11:30 - [TEST_STEP][PASSED] - delay: Delayed 4 second(s)

2018-12-11 16:11:34 - [MESSAGE][PASSED] - Delayed 4 second(s)

2018-12-11 16:11:34 - [TEST_STEP][PASSED] - click: Object: 'Object Repository/Final Object Repo/New Registration - Registration Module Pages/New Reg - OTC to RO/Special Case - All Related Objects/Expand to Search' is clicked on

2018-12-11 16:11:34 - [MESSAGE][PASSED] - Object: 'Object Repository/Final Object Repo/New Registration - Registration Module Pages/New Reg - OTC to RO/Special Case - All Related Objects/Expand to Search' is clicked on

2018-12-11 16:11:34 - [TEST_STEP][PASSED] - delay: Delayed 2 second(s)

2018-12-11 16:11:36 - [MESSAGE][PASSED] - Delayed 2 second(s)

2018-12-11 16:11:36 - [TEST_STEP][PASSED] - setText: Text 'CAN12201800002302' is set on object 'Object Repository/Final Object Repo/New Registration - Registration Module Pages/New Reg - OTC to RO/Special Case - All Related Objects/TextBox RefNo in Workbasket'

2018-12-11 16:11:36 - [MESSAGE][PASSED] - Text 'CAN12201800002302' is set on object 'Object Repository/Final Object Repo/New Registration - Registration Module Pages/New Reg - OTC to RO/Special Case - All Related Objects/TextBox RefNo in Workbasket'

2018-12-11 16:11:36 - [TEST_STEP][PASSED] - delay: Delayed 2 second(s)

2018-12-11 16:11:38 - [MESSAGE][PASSED] - Delayed 2 second(s)

2018-12-11 16:11:38 - [TEST_STEP][PASSED] - click: Object: 'Object Repository/Final Object Repo/New Registration - Registration Module Pages/New Reg - OTC to RO/Special Case - All Related Objects/Click Search' is clicked on

2018-12-11 16:11:38 - [MESSAGE][PASSED] - Object: 'Object Repository/Final Object Repo/New Registration - Registration Module Pages/New Reg - OTC to RO/Special Case - All Related Objects/Click Search' is clicked on

2018-12-11 16:11:38 - [TEST_STEP][PASSED] - delay: Delayed 2 second(s)

2018-12-11 16:11:40 - [MESSAGE][PASSED] - Delayed 2 second(s)

2018-12-11 16:11:40 - [TEST_STEP][PASSED] - click: Object: 'Object Repository/Final Object Repo/New Registration - Registration Module Pages/New Reg - OTC to RO/Special Case - All Related Objects/Click to Continue Workflow' is clicked on

2018-12-11 16:11:45 - [MESSAGE][PASSED] - Object: 'Object Repository/Final Object Repo/New Registration - Registration Module Pages/New Reg - OTC to RO/Special Case - All Related Objects/Click to Continue Workflow' is clicked on

2018-12-11 16:11:45 - [TEST_STEP][PASSED] - delay: Delayed 10 second(s)

2018-12-11 16:11:55 - [MESSAGE][PASSED] - Delayed 10 second(s)

2018-12-11 16:11:55 - [TEST_STEP][PASSED] - click: Object: 'Object Repository/Final Object Repo/New Registration - Registration Module Pages/New Reg - OTC to RO/Special Case - All Related Objects/Continue Button in verifying case' is clicked on

2018-12-11 16:11:58 - [MESSAGE][PASSED] - Object: 'Object Repository/Final Object Repo/New Registration - Registration Module Pages/New Reg - OTC to RO/Special Case - All Related Objects/Continue Button in verifying case' is clicked on

2018-12-11 16:11:58 - [TEST_STEP][PASSED] - delay: Delayed 2 second(s)

2018-12-11 16:12:00 - [MESSAGE][PASSED] - Delayed 2 second(s)

2018-12-11 16:12:00 - [TEST_STEP][PASSED] - click: Object: 'Object Repository/Final Object Repo/Page_Update Add New Employee - ASSIST/Save  Continue Button' is clicked on

2018-12-11 16:12:00 - [MESSAGE][PASSED] - Object: 'Object Repository/Final Object Repo/Page_Update Add New Employee - ASSIST/Save  Continue Button' is clicked on

2018-12-11 16:12:00 - [TEST_STEP][PASSED] - delay: Delayed 4 second(s)

2018-12-11 16:12:04 - [MESSAGE][PASSED] - Delayed 4 second(s)

2018-12-11 16:12:04 - [TEST_STEP][PASSED] - click: Object: 'Object Repository/Final Object Repo/Page_Update Add New Employee - ASSIST/Save  Continue Third Screen' is clicked on

2018-12-11 16:12:07 - [MESSAGE][PASSED] - Object: 'Object Repository/Final Object Repo/Page_Update Add New Employee - ASSIST/Save  Continue Third Screen' is clicked on

2018-12-11 16:12:07 - [TEST_STEP][PASSED] - delay: Delayed 4 second(s)

2018-12-11 16:12:11 - [MESSAGE][PASSED] - Delayed 4 second(s)

2018-12-11 16:12:11 - [TEST_STEP][PASSED] - click: Object: 'Object Repository/Final Object Repo/Page_Update Add New Employee - ASSIST/Save   Continue Supporting Doc Page' is clicked on

2018-12-11 16:12:11 - [MESSAGE][PASSED] - Object: 'Object Repository/Final Object Repo/Page_Update Add New Employee - ASSIST/Save   Continue Supporting Doc Page' is clicked on

2018-12-11 16:12:11 - [TEST_STEP][PASSED] - delay: Delayed 4 second(s)

2018-12-11 16:12:15 - [MESSAGE][PASSED] - Delayed 4 second(s)

2018-12-11 16:12:15 - [TEST_STEP][PASSED] - click: Object: 'Object Repository/Final Object Repo/Page_Update Add New Employee - ASSIST/Submit Button' is clicked on

2018-12-11 16:12:15 - [MESSAGE][PASSED] - Object: 'Object Repository/Final Object Repo/Page_Update Add New Employee - ASSIST/Submit Button' is clicked on

2018-12-11 16:12:15 - [TEST_STEP][PASSED] - delay: Delayed 4 second(s)

2018-12-11 16:12:19 - [MESSAGE][PASSED] - Delayed 4 second(s)

2018-12-11 16:12:19 - [TEST_STEP][PASSED] - click: Object: 'Object Repository/Final Object Repo/Page_Update Add New Employee - ASSIST/Confirm Submit Button' is clicked on

2018-12-11 16:12:20 - [MESSAGE][PASSED] - Object: 'Object Repository/Final Object Repo/Page_Update Add New Employee - ASSIST/Confirm Submit Button' is clicked on

2018-12-11 16:12:20 - [TEST_STEP][PASSED] - delay: Delayed 30 second(s)

2018-12-11 16:12:50 - [MESSAGE][PASSED] - Delayed 30 second(s)

2018-12-11 16:12:50 - [TEST_STEP][PASSED] - callTestCase: Call Test Case 'Test Cases/Final Aug 2018 - PKS Automation/Common/Screenshoting tool' successfully

2018-12-11 16:12:50 - [TEST_CASE][PASSED] - Test Cases/Final Aug 2018 - PKS Automation/Common/Screenshoting tool: Test Cases/Final Aug 2018 - PKS Automation/Common/Screenshoting tool

2018-12-11 16:12:50 - [TEST_STEP][PASSED] - delay: Delayed 15 second(s)

2018-12-11 16:13:05 - [MESSAGE][PASSED] - Delayed 15 second(s)

2018-12-11 16:13:05 - [TEST_STEP][PASSED] - Statement - driver = com.kms.katalon.core.webui.driver.DriverFactory.getWebDriver(): null

2018-12-11 16:13:05 - [TEST_STEP][PASSED] - Statement - driver.manage().timeouts().implicitlyWait(10, SECONDS): null

2018-12-11 16:13:05 - [TEST_STEP][PASSED] - Statement - PresavePath = KatalonScreenshots: null

2018-12-11 16:13:05 - [TEST_STEP][PASSED] - Statement - pathPrefix = "C:\Users\Public\Pictures\Sample Pictures\Katalon Screenshots\Automate Ending Screen": null

2018-12-11 16:13:05 - [TEST_STEP][PASSED] - Statement - finalPath = <not implemented yet for class: org.codehaus.groovy.ast.expr.EmptyExpression>: null

2018-12-11 16:13:05 - [TEST_STEP][PASSED] - Statement - scrFile = driver.getScreenshotAs(FILE): null

2018-12-11 16:13:05 - [TEST_STEP][PASSED] - Statement - PreSaveFile = new java.io.File(PresavePath): null

2018-12-11 16:13:05 - [TEST_STEP][PASSED] - Statement - counter = 0: null

2018-12-11 16:13:05 - [TEST_STEP][PASSED] - Statement - If (PreSaveFile.exists()): null

2018-12-11 16:13:05 - [TEST_STEP][PASSED] - Statement - While (PreSaveFile.exists()): null

2018-12-11 16:13:05 - [TEST_STEP][PASSED] - Statement - counter = counter + 1: null

2018-12-11 16:13:05 - [TEST_STEP][PASSED] - Statement - PreSaveFile = new java.io.File(((pathPrefix + java.lang.Integer.toString(counter)) + .png)): null

2018-12-11 16:13:05 - [TEST_STEP][PASSED] - Statement - counter = counter + 1: null

2018-12-11 16:13:05 - [TEST_STEP][PASSED] - Statement - PreSaveFile = new java.io.File(((pathPrefix + java.lang.Integer.toString(counter)) + .png)): null

2018-12-11 16:13:05 - [TEST_STEP][PASSED] - Statement - counter = counter + 1: null

2018-12-11 16:13:05 - [TEST_STEP][PASSED] - Statement - PreSaveFile = new java.io.File(((pathPrefix + java.lang.Integer.toString(counter)) + .png)): null

2018-12-11 16:13:05 - [TEST_STEP][PASSED] - Statement - counter = counter + 1: null

2018-12-11 16:13:05 - [TEST_STEP][PASSED] - Statement - PreSaveFile = new java.io.File(((pathPrefix + java.lang.Integer.toString(counter)) + .png)): null

2018-12-11 16:13:05 - [TEST_STEP][PASSED] - Statement - counter = counter + 1: null

2018-12-11 16:13:05 - [TEST_STEP][PASSED] - Statement - PreSaveFile = new java.io.File(((pathPrefix + java.lang.Integer.toString(counter)) + .png)): null

2018-12-11 16:13:05 - [TEST_STEP][PASSED] - Statement - counter = counter + 1: null

2018-12-11 16:13:05 - [TEST_STEP][PASSED] - Statement - PreSaveFile = new java.io.File(((pathPrefix + java.lang.Integer.toString(counter)) + .png)): null

2018-12-11 16:13:05 - [TEST_STEP][PASSED] - Statement - counter = counter + 1: null

2018-12-11 16:13:05 - [TEST_STEP][PASSED] - Statement - PreSaveFile = new java.io.File(((pathPrefix + java.lang.Integer.toString(counter)) + .png)): null

2018-12-11 16:13:05 - [TEST_STEP][PASSED] - Statement - counter = counter + 1: null

2018-12-11 16:13:05 - [TEST_STEP][PASSED] - Statement - PreSaveFile = new java.io.File(((pathPrefix + java.lang.Integer.toString(counter)) + .png)): null

2018-12-11 16:13:05 - [TEST_STEP][PASSED] - Statement - counter = counter + 1: null

2018-12-11 16:13:05 - [TEST_STEP][PASSED] - Statement - PreSaveFile = new java.io.File(((pathPrefix + java.lang.Integer.toString(counter)) + .png)): null

2018-12-11 16:13:05 - [TEST_STEP][PASSED] - Statement - counter = counter + 1: null

2018-12-11 16:13:05 - [TEST_STEP][PASSED] - Statement - PreSaveFile = new java.io.File(((pathPrefix + java.lang.Integer.toString(counter)) + .png)): null

2018-12-11 16:13:05 - [TEST_STEP][PASSED] - Statement - counter = counter + 1: null

2018-12-11 16:13:05 - [TEST_STEP][PASSED] - Statement - PreSaveFile = new java.io.File(((pathPrefix + java.lang.Integer.toString(counter)) + .png)): null

2018-12-11 16:13:05 - [TEST_STEP][PASSED] - Statement - counter = counter + 1: null

2018-12-11 16:13:05 - [TEST_STEP][PASSED] - Statement - PreSaveFile = new java.io.File(((pathPrefix + java.lang.Integer.toString(counter)) + .png)): null

2018-12-11 16:13:05 - [TEST_STEP][PASSED] - Statement - counter = counter + 1: null

2018-12-11 16:13:05 - [TEST_STEP][PASSED] - Statement - PreSaveFile = new java.io.File(((pathPrefix + java.lang.Integer.toString(counter)) + .png)): null

2018-12-11 16:13:05 - [TEST_STEP][PASSED] - Statement - counter = counter + 1: null

2018-12-11 16:13:05 - [TEST_STEP][PASSED] - Statement - PreSaveFile = new java.io.File(((pathPrefix + java.lang.Integer.toString(counter)) + .png)): null

2018-12-11 16:13:05 - [TEST_STEP][PASSED] - Statement - counter = counter + 1: null

2018-12-11 16:13:05 - [TEST_STEP][PASSED] - Statement - PreSaveFile = new java.io.File(((pathPrefix + java.lang.Integer.toString(counter)) + .png)): null

2018-12-11 16:13:05 - [TEST_STEP][PASSED] - Statement - counter = counter + 1: null

2018-12-11 16:13:05 - [TEST_STEP][PASSED] - Statement - PreSaveFile = new java.io.File(((pathPrefix + java.lang.Integer.toString(counter)) + .png)): null

2018-12-11 16:13:05 - [TEST_STEP][PASSED] - Statement - counter = counter + 1: null

2018-12-11 16:13:05 - [TEST_STEP][PASSED] - Statement - PreSaveFile = new java.io.File(((pathPrefix + java.lang.Integer.toString(counter)) + .png)): null

2018-12-11 16:13:05 - [TEST_STEP][PASSED] - Statement - counter = counter + 1: null

2018-12-11 16:13:05 - [TEST_STEP][PASSED] - Statement - PreSaveFile = new java.io.File(((pathPrefix + java.lang.Integer.toString(counter)) + .png)): null

2018-12-11 16:13:05 - [TEST_STEP][PASSED] - Statement - counter = counter + 1: null

2018-12-11 16:13:05 - [TEST_STEP][PASSED] - Statement - PreSaveFile = new java.io.File(((pathPrefix + java.lang.Integer.toString(counter)) + .png)): null

2018-12-11 16:13:05 - [TEST_STEP][PASSED] - Statement - counter = counter + 1: null

2018-12-11 16:13:05 - [TEST_STEP][PASSED] - Statement - PreSaveFile = new java.io.File(((pathPrefix + java.lang.Integer.toString(counter)) + .png)): null

2018-12-11 16:13:05 - [TEST_STEP][PASSED] - Statement - counter = counter + 1: null

2018-12-11 16:13:05 - [TEST_STEP][PASSED] - Statement - PreSaveFile = new java.io.File(((pathPrefix + java.lang.Integer.toString(counter)) + .png)): null

2018-12-11 16:13:05 - [TEST_STEP][PASSED] - Statement - counter = counter + 1: null

2018-12-11 16:13:05 - [TEST_STEP][PASSED] - Statement - PreSaveFile = new java.io.File(((pathPrefix + java.lang.Integer.toString(counter)) + .png)): null

2018-12-11 16:13:05 - [TEST_STEP][PASSED] - Statement - counter = counter + 1: null

2018-12-11 16:13:05 - [TEST_STEP][PASSED] - Statement - PreSaveFile = new java.io.File(((pathPrefix + java.lang.Integer.toString(counter)) + .png)): null

2018-12-11 16:13:05 - [TEST_STEP][PASSED] - Statement - counter = counter + 1: null

2018-12-11 16:13:05 - [TEST_STEP][PASSED] - Statement - PreSaveFile = new java.io.File(((pathPrefix + java.lang.Integer.toString(counter)) + .png)): null

2018-12-11 16:13:05 - [TEST_STEP][PASSED] - Statement - counter = counter + 1: null

2018-12-11 16:13:05 - [TEST_STEP][PASSED] - Statement - PreSaveFile = new java.io.File(((pathPrefix + java.lang.Integer.toString(counter)) + .png)): null

2018-12-11 16:13:05 - [TEST_STEP][PASSED] - Statement - counter = counter + 1: null

2018-12-11 16:13:05 - [TEST_STEP][PASSED] - Statement - PreSaveFile = new java.io.File(((pathPrefix + java.lang.Integer.toString(counter)) + .png)): null

2018-12-11 16:13:05 - [TEST_STEP][PASSED] - Statement - counter = counter + 1: null

2018-12-11 16:13:05 - [TEST_STEP][PASSED] - Statement - PreSaveFile = new java.io.File(((pathPrefix + java.lang.Integer.toString(counter)) + .png)): null

2018-12-11 16:13:05 - [TEST_STEP][PASSED] - Statement - counter = counter + 1: null

2018-12-11 16:13:05 - [TEST_STEP][PASSED] - Statement - PreSaveFile = new java.io.File(((pathPrefix + java.lang.Integer.toString(counter)) + .png)): null

2018-12-11 16:13:05 - [TEST_STEP][PASSED] - Statement - counter = counter + 1: null

2018-12-11 16:13:05 - [TEST_STEP][PASSED] - Statement - PreSaveFile = new java.io.File(((pathPrefix + java.lang.Integer.toString(counter)) + .png)): null

2018-12-11 16:13:05 - [TEST_STEP][PASSED] - Statement - counter = counter + 1: null

2018-12-11 16:13:05 - [TEST_STEP][PASSED] - Statement - PreSaveFile = new java.io.File(((pathPrefix + java.lang.Integer.toString(counter)) + .png)): null

2018-12-11 16:13:05 - [TEST_STEP][PASSED] - Statement - counter = counter + 1: null

2018-12-11 16:13:05 - [TEST_STEP][PASSED] - Statement - PreSaveFile = new java.io.File(((pathPrefix + java.lang.Integer.toString(counter)) + .png)): null

2018-12-11 16:13:05 - [TEST_STEP][PASSED] - Statement - counter = counter + 1: null

2018-12-11 16:13:05 - [TEST_STEP][PASSED] - Statement - PreSaveFile = new java.io.File(((pathPrefix + java.lang.Integer.toString(counter)) + .png)): null

2018-12-11 16:13:05 - [TEST_STEP][PASSED] - Statement - counter = counter + 1: null

2018-12-11 16:13:05 - [TEST_STEP][PASSED] - Statement - PreSaveFile = new java.io.File(((pathPrefix + java.lang.Integer.toString(counter)) + .png)): null

2018-12-11 16:13:05 - [TEST_STEP][PASSED] - Statement - counter = counter + 1: null

2018-12-11 16:13:05 - [TEST_STEP][PASSED] - Statement - PreSaveFile = new java.io.File(((pathPrefix + java.lang.Integer.toString(counter)) + .png)): null

2018-12-11 16:13:05 - [TEST_STEP][PASSED] - Statement - counter = counter + 1: null

2018-12-11 16:13:05 - [TEST_STEP][PASSED] - Statement - PreSaveFile = new java.io.File(((pathPrefix + java.lang.Integer.toString(counter)) + .png)): null

2018-12-11 16:13:05 - [TEST_STEP][PASSED] - Statement - counter = counter + 1: null

2018-12-11 16:13:05 - [TEST_STEP][PASSED] - Statement - PreSaveFile = new java.io.File(((pathPrefix + java.lang.Integer.toString(counter)) + .png)): null

2018-12-11 16:13:05 - [TEST_STEP][PASSED] - Statement - counter = counter + 1: null

2018-12-11 16:13:05 - [TEST_STEP][PASSED] - Statement - PreSaveFile = new java.io.File(((pathPrefix + java.lang.Integer.toString(counter)) + .png)): null

2018-12-11 16:13:05 - [TEST_STEP][PASSED] - Statement - counter = counter + 1: null

2018-12-11 16:13:05 - [TEST_STEP][PASSED] - Statement - PreSaveFile = new java.io.File(((pathPrefix + java.lang.Integer.toString(counter)) + .png)): null

2018-12-11 16:13:05 - [TEST_STEP][PASSED] - Statement - counter = counter + 1: null

2018-12-11 16:13:05 - [TEST_STEP][PASSED] - Statement - PreSaveFile = new java.io.File(((pathPrefix + java.lang.Integer.toString(counter)) + .png)): null

2018-12-11 16:13:05 - [TEST_STEP][PASSED] - Statement - counter = counter + 1: null

2018-12-11 16:13:05 - [TEST_STEP][PASSED] - Statement - PreSaveFile = new java.io.File(((pathPrefix + java.lang.Integer.toString(counter)) + .png)): null

2018-12-11 16:13:05 - [TEST_STEP][PASSED] - Statement - counter = counter + 1: null

2018-12-11 16:13:05 - [TEST_STEP][PASSED] - Statement - PreSaveFile = new java.io.File(((pathPrefix + java.lang.Integer.toString(counter)) + .png)): null

2018-12-11 16:13:05 - [TEST_STEP][PASSED] - Statement - counter = counter + 1: null

2018-12-11 16:13:05 - [TEST_STEP][PASSED] - Statement - PreSaveFile = new java.io.File(((pathPrefix + java.lang.Integer.toString(counter)) + .png)): null

2018-12-11 16:13:05 - [TEST_STEP][PASSED] - Statement - counter = counter + 1: null

2018-12-11 16:13:05 - [TEST_STEP][PASSED] - Statement - PreSaveFile = new java.io.File(((pathPrefix + java.lang.Integer.toString(counter)) + .png)): null

2018-12-11 16:13:05 - [TEST_STEP][PASSED] - Statement - counter = counter + 1: null

2018-12-11 16:13:05 - [TEST_STEP][PASSED] - Statement - PreSaveFile = new java.io.File(((pathPrefix + java.lang.Integer.toString(counter)) + .png)): null

2018-12-11 16:13:05 - [TEST_STEP][PASSED] - Statement - counter = counter + 1: null

2018-12-11 16:13:05 - [TEST_STEP][PASSED] - Statement - PreSaveFile = new java.io.File(((pathPrefix + java.lang.Integer.toString(counter)) + .png)): null

2018-12-11 16:13:05 - [TEST_STEP][PASSED] - Statement - counter = counter + 1: null

2018-12-11 16:13:05 - [TEST_STEP][PASSED] - Statement - PreSaveFile = new java.io.File(((pathPrefix + java.lang.Integer.toString(counter)) + .png)): null

2018-12-11 16:13:05 - [TEST_STEP][PASSED] - Statement - counter = counter + 1: null

2018-12-11 16:13:05 - [TEST_STEP][PASSED] - Statement - PreSaveFile = new java.io.File(((pathPrefix + java.lang.Integer.toString(counter)) + .png)): null

2018-12-11 16:13:05 - [TEST_STEP][PASSED] - Statement - counter = counter + 1: null

2018-12-11 16:13:05 - [TEST_STEP][PASSED] - Statement - PreSaveFile = new java.io.File(((pathPrefix + java.lang.Integer.toString(counter)) + .png)): null

2018-12-11 16:13:05 - [TEST_STEP][PASSED] - Statement - counter = counter + 1: null

2018-12-11 16:13:05 - [TEST_STEP][PASSED] - Statement - PreSaveFile = new java.io.File(((pathPrefix + java.lang.Integer.toString(counter)) + .png)): null

2018-12-11 16:13:05 - [TEST_STEP][PASSED] - Statement - counter = counter + 1: null

2018-12-11 16:13:05 - [TEST_STEP][PASSED] - Statement - PreSaveFile = new java.io.File(((pathPrefix + java.lang.Integer.toString(counter)) + .png)): null

2018-12-11 16:13:05 - [TEST_STEP][PASSED] - Statement - counter = counter + 1: null

2018-12-11 16:13:05 - [TEST_STEP][PASSED] - Statement - PreSaveFile = new java.io.File(((pathPrefix + java.lang.Integer.toString(counter)) + .png)): null

2018-12-11 16:13:05 - [TEST_STEP][PASSED] - Statement - counter = counter + 1: null

2018-12-11 16:13:05 - [TEST_STEP][PASSED] - Statement - PreSaveFile = new java.io.File(((pathPrefix + java.lang.Integer.toString(counter)) + .png)): null

2018-12-11 16:13:05 - [TEST_STEP][PASSED] - Statement - counter = counter + 1: null

2018-12-11 16:13:05 - [TEST_STEP][PASSED] - Statement - PreSaveFile = new java.io.File(((pathPrefix + java.lang.Integer.toString(counter)) + .png)): null

2018-12-11 16:13:05 - [TEST_STEP][PASSED] - Statement - counter = counter + 1: null

2018-12-11 16:13:05 - [TEST_STEP][PASSED] - Statement - PreSaveFile = new java.io.File(((pathPrefix + java.lang.Integer.toString(counter)) + .png)): null

2018-12-11 16:13:05 - [TEST_STEP][PASSED] - Statement - counter = counter + 1: null

2018-12-11 16:13:05 - [TEST_STEP][PASSED] - Statement - PreSaveFile = new java.io.File(((pathPrefix + java.lang.Integer.toString(counter)) + .png)): null

2018-12-11 16:13:05 - [TEST_STEP][PASSED] - Statement - counter = counter + 1: null

2018-12-11 16:13:05 - [TEST_STEP][PASSED] - Statement - PreSaveFile = new java.io.File(((pathPrefix + java.lang.Integer.toString(counter)) + .png)): null

2018-12-11 16:13:05 - [TEST_STEP][PASSED] - Statement - counter = counter + 1: null

2018-12-11 16:13:05 - [TEST_STEP][PASSED] - Statement - PreSaveFile = new java.io.File(((pathPrefix + java.lang.Integer.toString(counter)) + .png)): null

2018-12-11 16:13:05 - [TEST_STEP][PASSED] - Statement - counter = counter + 1: null

2018-12-11 16:13:05 - [TEST_STEP][PASSED] - Statement - PreSaveFile = new java.io.File(((pathPrefix + java.lang.Integer.toString(counter)) + .png)): null

2018-12-11 16:13:05 - [TEST_STEP][PASSED] - Statement - counter = counter + 1: null

2018-12-11 16:13:05 - [TEST_STEP][PASSED] - Statement - PreSaveFile = new java.io.File(((pathPrefix + java.lang.Integer.toString(counter)) + .png)): null

2018-12-11 16:13:05 - [TEST_STEP][PASSED] - Statement - counter = counter + 1: null

2018-12-11 16:13:05 - [TEST_STEP][PASSED] - Statement - PreSaveFile = new java.io.File(((pathPrefix + java.lang.Integer.toString(counter)) + .png)): null

2018-12-11 16:13:05 - [TEST_STEP][PASSED] - Statement - counter = counter + 1: null

2018-12-11 16:13:05 - [TEST_STEP][PASSED] - Statement - PreSaveFile = new java.io.File(((pathPrefix + java.lang.Integer.toString(counter)) + .png)): null

2018-12-11 16:13:05 - [TEST_STEP][PASSED] - Statement - counter = counter + 1: null

2018-12-11 16:13:05 - [TEST_STEP][PASSED] - Statement - PreSaveFile = new java.io.File(((pathPrefix + java.lang.Integer.toString(counter)) + .png)): null

2018-12-11 16:13:05 - [TEST_STEP][PASSED] - Statement - counter = counter + 1: null

2018-12-11 16:13:05 - [TEST_STEP][PASSED] - Statement - PreSaveFile = new java.io.File(((pathPrefix + java.lang.Integer.toString(counter)) + .png)): null

2018-12-11 16:13:05 - [TEST_STEP][PASSED] - Statement - counter = counter + 1: null

2018-12-11 16:13:05 - [TEST_STEP][PASSED] - Statement - PreSaveFile = new java.io.File(((pathPrefix + java.lang.Integer.toString(counter)) + .png)): null

2018-12-11 16:13:05 - [TEST_STEP][PASSED] - Statement - counter = counter + 1: null

2018-12-11 16:13:05 - [TEST_STEP][PASSED] - Statement - PreSaveFile = new java.io.File(((pathPrefix + java.lang.Integer.toString(counter)) + .png)): null

2018-12-11 16:13:05 - [TEST_STEP][PASSED] - Statement - counter = counter + 1: null

2018-12-11 16:13:05 - [TEST_STEP][PASSED] - Statement - PreSaveFile = new java.io.File(((pathPrefix + java.lang.Integer.toString(counter)) + .png)): null

2018-12-11 16:13:05 - [TEST_STEP][PASSED] - Statement - counter = counter + 1: null

2018-12-11 16:13:05 - [TEST_STEP][PASSED] - Statement - PreSaveFile = new java.io.File(((pathPrefix + java.lang.Integer.toString(counter)) + .png)): null

2018-12-11 16:13:05 - [TEST_STEP][PASSED] - Statement - counter = counter + 1: null

2018-12-11 16:13:05 - [TEST_STEP][PASSED] - Statement - PreSaveFile = new java.io.File(((pathPrefix + java.lang.Integer.toString(counter)) + .png)): null

2018-12-11 16:13:05 - [TEST_STEP][PASSED] - Statement - counter = counter + 1: null

2018-12-11 16:13:05 - [TEST_STEP][PASSED] - Statement - PreSaveFile = new java.io.File(((pathPrefix + java.lang.Integer.toString(counter)) + .png)): null

2018-12-11 16:13:05 - [TEST_STEP][PASSED] - Statement - counter = counter + 1: null

2018-12-11 16:13:05 - [TEST_STEP][PASSED] - Statement - PreSaveFile = new java.io.File(((pathPrefix + java.lang.Integer.toString(counter)) + .png)): null

2018-12-11 16:13:05 - [TEST_STEP][PASSED] - Statement - counter = counter + 1: null

2018-12-11 16:13:05 - [TEST_STEP][PASSED] - Statement - PreSaveFile = new java.io.File(((pathPrefix + java.lang.Integer.toString(counter)) + .png)): null

2018-12-11 16:13:05 - [TEST_STEP][PASSED] - Statement - counter = counter + 1: null

2018-12-11 16:13:05 - [TEST_STEP][PASSED] - Statement - PreSaveFile = new java.io.File(((pathPrefix + java.lang.Integer.toString(counter)) + .png)): null

2018-12-11 16:13:05 - [TEST_STEP][PASSED] - Statement - counter = counter + 1: null

2018-12-11 16:13:05 - [TEST_STEP][PASSED] - Statement - PreSaveFile = new java.io.File(((pathPrefix + java.lang.Integer.toString(counter)) + .png)): null

2018-12-11 16:13:05 - [TEST_STEP][PASSED] - Statement - counter = counter + 1: null

2018-12-11 16:13:05 - [TEST_STEP][PASSED] - Statement - PreSaveFile = new java.io.File(((pathPrefix + java.lang.Integer.toString(counter)) + .png)): null

2018-12-11 16:13:05 - [TEST_STEP][PASSED] - Statement - counter = counter + 1: null

2018-12-11 16:13:05 - [TEST_STEP][PASSED] - Statement - PreSaveFile = new java.io.File(((pathPrefix + java.lang.Integer.toString(counter)) + .png)): null

2018-12-11 16:13:05 - [TEST_STEP][PASSED] - Statement - counter = counter + 1: null

2018-12-11 16:13:05 - [TEST_STEP][PASSED] - Statement - PreSaveFile = new java.io.File(((pathPrefix + java.lang.Integer.toString(counter)) + .png)): null

2018-12-11 16:13:05 - [TEST_STEP][PASSED] - Statement - counter = counter + 1: null

2018-12-11 16:13:05 - [TEST_STEP][PASSED] - Statement - PreSaveFile = new java.io.File(((pathPrefix + java.lang.Integer.toString(counter)) + .png)): null

2018-12-11 16:13:05 - [TEST_STEP][PASSED] - Statement - counter = counter + 1: null

2018-12-11 16:13:05 - [TEST_STEP][PASSED] - Statement - PreSaveFile = new java.io.File(((pathPrefix + java.lang.Integer.toString(counter)) + .png)): null

2018-12-11 16:13:05 - [TEST_STEP][PASSED] - Statement - counter = counter + 1: null

2018-12-11 16:13:05 - [TEST_STEP][PASSED] - Statement - PreSaveFile = new java.io.File(((pathPrefix + java.lang.Integer.toString(counter)) + .png)): null

2018-12-11 16:13:05 - [TEST_STEP][PASSED] - Statement - counter = counter + 1: null

2018-12-11 16:13:05 - [TEST_STEP][PASSED] - Statement - PreSaveFile = new java.io.File(((pathPrefix + java.lang.Integer.toString(counter)) + .png)): null

2018-12-11 16:13:05 - [TEST_STEP][PASSED] - Statement - finalPath = pathPrefix + java.lang.Integer.toString(counter) + ".png": null

2018-12-11 16:13:05 - [TEST_STEP][PASSED] - Statement - SaveFile = new java.io.File(finalPath): null

2018-12-11 16:13:05 - [TEST_STEP][PASSED] - Statement - Try: null

2018-12-11 16:13:05 - [TEST_STEP][PASSED] - Statement - org.apache.commons.io.FileUtils.copyFile(scrFile, SaveFile): null

2018-12-11 16:13:05 - [TEST_STEP][PASSED] - Statement - out.println("file kept"): null

2018-12-11 16:13:05 - [TEST_STEP][PASSED] - delay: Delayed 10 second(s)

2018-12-11 16:13:15 - [MESSAGE][PASSED] - Delayed 10 second(s)

2018-12-11 16:13:15 - [MESSAGE][PASSED] - Call Test Case 'Test Cases/Final Aug 2018 - PKS Automation/Common/Screenshoting tool' successfully]]></system-out>
         <system-err><![CDATA[]]></system-err>
      </testcase>
      <testcase name="Test Cases/Final Aug 2018 - PKS Automation/Registration Module/Workflow/Update Add New Employee/Special Case (OTC - PKR BO -  RO Approve)" classname="Test Cases/Final Aug 2018 - PKS Automation/Registration Module/Workflow/Update Add New Employee/Special Case (OTC - PKR BO -  RO Approve)" status="PASSED">
         <system-out><![CDATA[2018-12-11 16:13:15 - [TEST_CASE][PASSED] - Test Cases/Final Aug 2018 - PKS Automation/Registration Module/Workflow/Update Add New Employee/Special Case (OTC - PKR BO -  RO Approve): Test Cases/Final Aug 2018 - PKS Automation/Registration Module/Workflow/Update Add New Employee/Special Case (OTC - PKR BO -  RO Approve)

2018-12-11 16:13:16 - [TEST_STEP][PASSED] - callTestCase: Call Test Case 'Test Cases/Final Aug 2018 - PKS Automation/Registration Module/Workflow/Update Add New Employee/Template/New Company for Update Add New' successfully

2018-12-11 16:13:16 - [TEST_CASE][PASSED] - Test Cases/Final Aug 2018 - PKS Automation/Registration Module/Workflow/Update Add New Employee/Template/New Company for Update Add New: Test Cases/Final Aug 2018 - PKS Automation/Registration Module/Workflow/Update Add New Employee/Template/New Company for Update Add New

2018-12-11 16:13:16 - [TEST_STEP][PASSED] - callTestCase: Call Test Case 'Test Cases/Final Aug 2018 - PKS Automation/Registration Module/New Registration/Form 1/Form 1 - Corporation - BHD' successfully

2018-12-11 16:13:16 - [TEST_CASE][PASSED] - Test Cases/Final Aug 2018 - PKS Automation/Registration Module/New Registration/Form 1/Form 1 - Corporation - BHD: Test Cases/Final Aug 2018 - PKS Automation/Registration Module/New Registration/Form 1/Form 1 - Corporation - BHD

2018-12-11 16:13:16 - [TEST_STEP][PASSED] - openBrowser: Browser is opened with url: ''

2018-12-11 16:13:16 - [MESSAGE][WARNING] - A browser is already opened. Closing browser and opening a new one

2018-12-11 16:13:21 - [MESSAGE][PASSED] - Browser is opened with url: ''

2018-12-11 16:13:21 - [TEST_STEP][PASSED] - navigateToUrl: Navigate to 'https://assist2-uat.perkeso.gov.my/login' successfully

2018-12-11 16:13:22 - [MESSAGE][PASSED] - Navigate to 'https://assist2-uat.perkeso.gov.my/login' successfully

2018-12-11 16:13:22 - [TEST_STEP][PASSED] - setText: Text 'johorotc1@gmail.com' is set on object 'Object Repository/Final Object Repo/Login Page/Internal User/Email Address'

2018-12-11 16:13:22 - [MESSAGE][PASSED] - Text 'johorotc1@gmail.com' is set on object 'Object Repository/Final Object Repo/Login Page/Internal User/Email Address'

2018-12-11 16:13:22 - [TEST_STEP][PASSED] - click: Object: 'Object Repository/Final Object Repo/Login Page/Internal User/Next Button' is clicked on

2018-12-11 16:13:22 - [MESSAGE][PASSED] - Object: 'Object Repository/Final Object Repo/Login Page/Internal User/Next Button' is clicked on

2018-12-11 16:13:22 - [TEST_STEP][PASSED] - delay: Delayed 1 second(s)

2018-12-11 16:13:23 - [MESSAGE][PASSED] - Delayed 1 second(s)

2018-12-11 16:13:23 - [TEST_STEP][PASSED] - setEncryptedText: Text ****** has been set on object 'Object Repository/Final Object Repo/Login Page/Internal User/Password'

2018-12-11 16:13:24 - [MESSAGE][PASSED] - Text ****** has been set on object 'Object Repository/Final Object Repo/Login Page/Internal User/Password'

2018-12-11 16:13:24 - [TEST_STEP][PASSED] - click: Object: 'Object Repository/Final Object Repo/Login Page/Internal User/Login Button' is clicked on

2018-12-11 16:13:24 - [MESSAGE][PASSED] - Object: 'Object Repository/Final Object Repo/Login Page/Internal User/Login Button' is clicked on

2018-12-11 16:13:24 - [TEST_STEP][PASSED] - delay: Delayed 1 second(s)

2018-12-11 16:13:25 - [MESSAGE][PASSED] - Delayed 1 second(s)

2018-12-11 16:13:25 - [TEST_STEP][PASSED] - Statement - Try: Delayed 2 second(s)

2018-12-11 16:13:25 - [TEST_STEP][PASSED] - Statement - Checker = false: null

2018-12-11 16:13:25 - [TEST_STEP][PASSED] - Statement - Checker = com.kms.katalon.core.webui.keyword.WebUiBuiltInKeywords.verifyElementHasAttribute(com.kms.katalon.core.testobject.ObjectRepository.findTestObject(Final Object Repo/Landing Page/BM Detecting), "href", 20, OPTIONAL): Object 'Object Repository/Final Object Repo/Landing Page/BM Detecting' has attribute 'href'

2018-12-11 16:13:26 - [MESSAGE][PASSED] - Object 'Object Repository/Final Object Repo/Landing Page/BM Detecting' has attribute 'href'

2018-12-11 16:13:26 - [TEST_STEP][PASSED] - Statement - out.println(Checker): null

2018-12-11 16:13:26 - [TEST_STEP][PASSED] - Statement - If (Checker == false): null

2018-12-11 16:13:26 - [TEST_STEP][PASSED] - Statement - Else: null

2018-12-11 16:13:26 - [TEST_STEP][PASSED] - delay: Delayed 2 second(s)

2018-12-11 16:13:28 - [MESSAGE][PASSED] - Delayed 2 second(s)

2018-12-11 16:13:28 - [TEST_STEP][PASSED] - navigateToUrl: Navigate to 'https://assist2-uat.perkeso.gov.my/web/registration/registration' successfully

2018-12-11 16:13:30 - [MESSAGE][PASSED] - Navigate to 'https://assist2-uat.perkeso.gov.my/web/registration/registration' successfully

2018-12-11 16:13:30 - [TEST_STEP][PASSED] - click: Object: 'Object Repository/Final Object Repo/New Registration - Registration Module Pages/Form 1/AEC - No' is clicked on

2018-12-11 16:13:30 - [MESSAGE][PASSED] - Object: 'Object Repository/Final Object Repo/New Registration - Registration Module Pages/Form 1/AEC - No' is clicked on

2018-12-11 16:13:30 - [TEST_STEP][PASSED] - click: Object: 'Object Repository/Final Object Repo/New Registration - Registration Module Pages/Form 1/Business Entity' is clicked on

2018-12-11 16:13:30 - [MESSAGE][PASSED] - Object: 'Object Repository/Final Object Repo/New Registration - Registration Module Pages/Form 1/Business Entity' is clicked on

2018-12-11 16:13:30 - [TEST_STEP][PASSED] - click: Object: 'Object Repository/Final Object Repo/New Registration - Registration Module Pages/Form 1/Businees Entity - Corporation' is clicked on

2018-12-11 16:13:30 - [MESSAGE][PASSED] - Object: 'Object Repository/Final Object Repo/New Registration - Registration Module Pages/Form 1/Businees Entity - Corporation' is clicked on

2018-12-11 16:13:30 - [TEST_STEP][PASSED] - delay: Delayed 1 second(s)

2018-12-11 16:13:31 - [MESSAGE][PASSED] - Delayed 1 second(s)

2018-12-11 16:13:31 - [TEST_STEP][PASSED] - click: Object: 'Object Repository/Final Object Repo/New Registration - Registration Module Pages/Form 1/Sub Business Entity' is clicked on

2018-12-11 16:13:32 - [MESSAGE][PASSED] - Object: 'Object Repository/Final Object Repo/New Registration - Registration Module Pages/Form 1/Sub Business Entity' is clicked on

2018-12-11 16:13:32 - [TEST_STEP][PASSED] - click: Object: 'Object Repository/Final Object Repo/New Registration - Registration Module Pages/Form 1/Sub Business Entity - Berhad' is clicked on

2018-12-11 16:13:32 - [MESSAGE][PASSED] - Object: 'Object Repository/Final Object Repo/New Registration - Registration Module Pages/Form 1/Sub Business Entity - Berhad' is clicked on

2018-12-11 16:13:32 - [TEST_STEP][PASSED] - delay: Delayed 1 second(s)

2018-12-11 16:13:33 - [MESSAGE][PASSED] - Delayed 1 second(s)

2018-12-11 16:13:33 - [TEST_STEP][PASSED] - setText: Text '123' is set on object 'Object Repository/Final Object Repo/New Registration - Registration Module Pages/Form 1/Registration Number'

2018-12-11 16:13:33 - [MESSAGE][PASSED] - Text '123' is set on object 'Object Repository/Final Object Repo/New Registration - Registration Module Pages/Form 1/Registration Number'

2018-12-11 16:13:33 - [TEST_STEP][PASSED] - click: Object: 'Object Repository/Final Object Repo/New Registration - Registration Module Pages/Form 1/Registred with SSM - Before Feb' is clicked on

2018-12-11 16:13:33 - [MESSAGE][PASSED] - Object: 'Object Repository/Final Object Repo/New Registration - Registration Module Pages/Form 1/Registred with SSM - Before Feb' is clicked on

2018-12-11 16:13:33 - [TEST_STEP][PASSED] - click: Object: 'Object Repository/Final Object Repo/New Registration - Registration Module Pages/Form 1/Registered As a Branch - Yes' is clicked on

2018-12-11 16:13:33 - [MESSAGE][PASSED] - Object: 'Object Repository/Final Object Repo/New Registration - Registration Module Pages/Form 1/Registered As a Branch - Yes' is clicked on

2018-12-11 16:13:33 - [TEST_STEP][PASSED] - click: Object: 'Object Repository/Final Object Repo/New Registration - Registration Module Pages/Form 1/Acknowledgement' is clicked on

2018-12-11 16:13:34 - [MESSAGE][PASSED] - Object: 'Object Repository/Final Object Repo/New Registration - Registration Module Pages/Form 1/Acknowledgement' is clicked on

2018-12-11 16:13:34 - [TEST_STEP][PASSED] - setText: Text 'perkeso' is set on object 'Object Repository/Final Object Repo/New Registration - Registration Module Pages/Form 1/Industry name'

2018-12-11 16:13:34 - [MESSAGE][PASSED] - Text 'perkeso' is set on object 'Object Repository/Final Object Repo/New Registration - Registration Module Pages/Form 1/Industry name'

2018-12-11 16:13:34 - [TEST_STEP][PASSED] - setText: Text 'perkeso1' is set on object 'Object Repository/Final Object Repo/New Registration - Registration Module Pages/Form 1/Postal Address1'

2018-12-11 16:13:34 - [MESSAGE][PASSED] - Text 'perkeso1' is set on object 'Object Repository/Final Object Repo/New Registration - Registration Module Pages/Form 1/Postal Address1'

2018-12-11 16:13:34 - [TEST_STEP][PASSED] - setText: Text 'perkeso2' is set on object 'Object Repository/Final Object Repo/New Registration - Registration Module Pages/Form 1/Postal Address2'

2018-12-11 16:13:35 - [MESSAGE][PASSED] - Text 'perkeso2' is set on object 'Object Repository/Final Object Repo/New Registration - Registration Module Pages/Form 1/Postal Address2'

2018-12-11 16:13:35 - [TEST_STEP][PASSED] - setText: Text 'perkeso3' is set on object 'Object Repository/Final Object Repo/New Registration - Registration Module Pages/Form 1/Postal Address3'

2018-12-11 16:13:35 - [MESSAGE][PASSED] - Text 'perkeso3' is set on object 'Object Repository/Final Object Repo/New Registration - Registration Module Pages/Form 1/Postal Address3'

2018-12-11 16:13:35 - [TEST_STEP][PASSED] - click: Object: 'Object Repository/Final Object Repo/New Registration - Registration Module Pages/Form 1/State' is clicked on

2018-12-11 16:13:35 - [MESSAGE][PASSED] - Object: 'Object Repository/Final Object Repo/New Registration - Registration Module Pages/Form 1/State' is clicked on

2018-12-11 16:13:35 - [TEST_STEP][PASSED] - click: Object: 'Object Repository/Final Object Repo/New Registration - Registration Module Pages/Form 1/State - Johor' is clicked on

2018-12-11 16:13:36 - [MESSAGE][PASSED] - Object: 'Object Repository/Final Object Repo/New Registration - Registration Module Pages/Form 1/State - Johor' is clicked on

2018-12-11 16:13:36 - [TEST_STEP][PASSED] - delay: Delayed 1 second(s)

2018-12-11 16:13:37 - [MESSAGE][PASSED] - Delayed 1 second(s)

2018-12-11 16:13:37 - [TEST_STEP][PASSED] - click: Object: 'Object Repository/Final Object Repo/New Registration - Registration Module Pages/Form 1/City' is clicked on

2018-12-11 16:13:37 - [MESSAGE][PASSED] - Object: 'Object Repository/Final Object Repo/New Registration - Registration Module Pages/Form 1/City' is clicked on

2018-12-11 16:13:37 - [TEST_STEP][PASSED] - setText: Text 'joh' is set on object 'Object Repository/Final Object Repo/New Registration - Registration Module Pages/Form 1/Postcode - 810'

2018-12-11 16:13:37 - [MESSAGE][PASSED] - Text 'joh' is set on object 'Object Repository/Final Object Repo/New Registration - Registration Module Pages/Form 1/Postcode - 810'

2018-12-11 16:13:37 - [TEST_STEP][PASSED] - delay: Delayed 1 second(s)

2018-12-11 16:13:38 - [MESSAGE][PASSED] - Delayed 1 second(s)

2018-12-11 16:13:38 - [TEST_STEP][PASSED] - click: Object: 'Object Repository/Final Object Repo/New Registration - Registration Module Pages/Form 1/City - Johor Bharu' is clicked on

2018-12-11 16:13:38 - [MESSAGE][PASSED] - Object: 'Object Repository/Final Object Repo/New Registration - Registration Module Pages/Form 1/City - Johor Bharu' is clicked on

2018-12-11 16:13:38 - [TEST_STEP][PASSED] - delay: Delayed 1 second(s)

2018-12-11 16:13:39 - [MESSAGE][PASSED] - Delayed 1 second(s)

2018-12-11 16:13:39 - [TEST_STEP][PASSED] - click: Object: 'Object Repository/Final Object Repo/New Registration - Registration Module Pages/Form 1/Postcode' is clicked on

2018-12-11 16:13:39 - [MESSAGE][PASSED] - Object: 'Object Repository/Final Object Repo/New Registration - Registration Module Pages/Form 1/Postcode' is clicked on

2018-12-11 16:13:39 - [TEST_STEP][PASSED] - delay: Delayed 1 second(s)

2018-12-11 16:13:40 - [MESSAGE][PASSED] - Delayed 1 second(s)

2018-12-11 16:13:40 - [TEST_STEP][PASSED] - setText: Text '810' is set on object 'Object Repository/Final Object Repo/New Registration - Registration Module Pages/Form 1/Postcode - 810'

2018-12-11 16:13:41 - [MESSAGE][PASSED] - Text '810' is set on object 'Object Repository/Final Object Repo/New Registration - Registration Module Pages/Form 1/Postcode - 810'

2018-12-11 16:13:41 - [TEST_STEP][PASSED] - delay: Delayed 3 second(s)

2018-12-11 16:13:44 - [MESSAGE][PASSED] - Delayed 3 second(s)

2018-12-11 16:13:44 - [TEST_STEP][PASSED] - click: Object: 'Object Repository/Final Object Repo/New Registration - Registration Module Pages/Form 1/Postcode - 81000' is clicked on

2018-12-11 16:13:44 - [MESSAGE][PASSED] - Object: 'Object Repository/Final Object Repo/New Registration - Registration Module Pages/Form 1/Postcode - 81000' is clicked on

2018-12-11 16:13:44 - [TEST_STEP][PASSED] - delay: Delayed 1 second(s)

2018-12-11 16:13:45 - [MESSAGE][PASSED] - Delayed 1 second(s)

2018-12-11 16:13:45 - [TEST_STEP][PASSED] - setText: Text '100' is set on object 'Object Repository/Final Object Repo/New Registration - Registration Module Pages/Form 1/P.O.BOX'

2018-12-11 16:13:45 - [MESSAGE][PASSED] - Text '100' is set on object 'Object Repository/Final Object Repo/New Registration - Registration Module Pages/Form 1/P.O.BOX'

2018-12-11 16:13:45 - [TEST_STEP][PASSED] - setText: Text '100' is set on object 'Object Repository/Final Object Repo/New Registration - Registration Module Pages/Form 1/Locked Bag No'

2018-12-11 16:13:45 - [MESSAGE][PASSED] - Text '100' is set on object 'Object Repository/Final Object Repo/New Registration - Registration Module Pages/Form 1/Locked Bag No'

2018-12-11 16:13:45 - [TEST_STEP][PASSED] - click: Object: 'Object Repository/Final Object Repo/New Registration - Registration Module Pages/Form 1/SOCSO Office Location' is clicked on

2018-12-11 16:13:46 - [MESSAGE][PASSED] - Object: 'Object Repository/Final Object Repo/New Registration - Registration Module Pages/Form 1/SOCSO Office Location' is clicked on

2018-12-11 16:13:46 - [TEST_STEP][PASSED] - click: Object: 'Object Repository/Final Object Repo/New Registration - Registration Module Pages/Form 1/SOCSO Office Location - Pejabat PERKESO Negeri Johor' is clicked on

2018-12-11 16:13:46 - [MESSAGE][PASSED] - Object: 'Object Repository/Final Object Repo/New Registration - Registration Module Pages/Form 1/SOCSO Office Location - Pejabat PERKESO Negeri Johor' is clicked on

2018-12-11 16:13:46 - [TEST_STEP][PASSED] - delay: Delayed 1 second(s)

2018-12-11 16:13:47 - [MESSAGE][PASSED] - Delayed 1 second(s)

2018-12-11 16:13:47 - [TEST_STEP][PASSED] - check: Object 'Object Repository/Final Object Repo/New Registration - Registration Module Pages/Form 1/Indusrty Address Same As Postal Address' is checked

2018-12-11 16:13:47 - [MESSAGE][PASSED] - Object 'Object Repository/Final Object Repo/New Registration - Registration Module Pages/Form 1/Indusrty Address Same As Postal Address' is checked

2018-12-11 16:13:47 - [TEST_STEP][PASSED] - delay: Delayed 3 second(s)

2018-12-11 16:13:50 - [MESSAGE][PASSED] - Delayed 3 second(s)

2018-12-11 16:13:50 - [TEST_STEP][PASSED] - click: Object: 'Object Repository/Final Object Repo/New Registration - Registration Module Pages/Form 1/Indusry Address Same As Postal Address False' is clicked on

2018-12-11 16:13:50 - [MESSAGE][PASSED] - Object: 'Object Repository/Final Object Repo/New Registration - Registration Module Pages/Form 1/Indusry Address Same As Postal Address False' is clicked on

2018-12-11 16:13:50 - [TEST_STEP][PASSED] - delay: Delayed 1 second(s)

2018-12-11 16:13:51 - [MESSAGE][PASSED] - Delayed 1 second(s)

2018-12-11 16:13:51 - [TEST_STEP][PASSED] - setText: Text 'perkeso1' is set on object 'Object Repository/Final Object Repo/New Registration - Registration Module Pages/Form 1/Industry Address1'

2018-12-11 16:13:52 - [MESSAGE][PASSED] - Text 'perkeso1' is set on object 'Object Repository/Final Object Repo/New Registration - Registration Module Pages/Form 1/Industry Address1'

2018-12-11 16:13:52 - [TEST_STEP][PASSED] - setText: Text 'perkeso2' is set on object 'Object Repository/Final Object Repo/New Registration - Registration Module Pages/Form 1/Industry Address2'

2018-12-11 16:13:52 - [MESSAGE][PASSED] - Text 'perkeso2' is set on object 'Object Repository/Final Object Repo/New Registration - Registration Module Pages/Form 1/Industry Address2'

2018-12-11 16:13:52 - [TEST_STEP][PASSED] - setText: Text 'perkeso3' is set on object 'Object Repository/Final Object Repo/New Registration - Registration Module Pages/Form 1/Industry Address3'

2018-12-11 16:13:52 - [MESSAGE][PASSED] - Text 'perkeso3' is set on object 'Object Repository/Final Object Repo/New Registration - Registration Module Pages/Form 1/Industry Address3'

2018-12-11 16:13:52 - [TEST_STEP][PASSED] - click: Object: 'Object Repository/Final Object Repo/New Registration - Registration Module Pages/Form 1/Industry State' is clicked on

2018-12-11 16:13:53 - [MESSAGE][PASSED] - Object: 'Object Repository/Final Object Repo/New Registration - Registration Module Pages/Form 1/Industry State' is clicked on

2018-12-11 16:13:53 - [TEST_STEP][PASSED] - delay: Delayed 2 second(s)

2018-12-11 16:13:55 - [MESSAGE][PASSED] - Delayed 2 second(s)

2018-12-11 16:13:55 - [TEST_STEP][PASSED] - click: Object: 'Object Repository/Final Object Repo/New Registration - Registration Module Pages/Form 1/Industry State - Johor' is clicked on

2018-12-11 16:13:55 - [MESSAGE][PASSED] - Object: 'Object Repository/Final Object Repo/New Registration - Registration Module Pages/Form 1/Industry State - Johor' is clicked on

2018-12-11 16:13:55 - [TEST_STEP][PASSED] - delay: Delayed 2 second(s)

2018-12-11 16:13:57 - [MESSAGE][PASSED] - Delayed 2 second(s)

2018-12-11 16:13:57 - [TEST_STEP][PASSED] - click: Object: 'Object Repository/Final Object Repo/New Registration - Registration Module Pages/Form 1/Industry Ciry' is clicked on

2018-12-11 16:13:57 - [MESSAGE][PASSED] - Object: 'Object Repository/Final Object Repo/New Registration - Registration Module Pages/Form 1/Industry Ciry' is clicked on

2018-12-11 16:13:57 - [TEST_STEP][PASSED] - setText: Text 'joh' is set on object 'Object Repository/Final Object Repo/New Registration - Registration Module Pages/Form 1/Industry Ciry - joh'

2018-12-11 16:13:57 - [MESSAGE][PASSED] - Text 'joh' is set on object 'Object Repository/Final Object Repo/New Registration - Registration Module Pages/Form 1/Industry Ciry - joh'

2018-12-11 16:13:57 - [TEST_STEP][PASSED] - delay: Delayed 2 second(s)

2018-12-11 16:13:59 - [MESSAGE][PASSED] - Delayed 2 second(s)

2018-12-11 16:13:59 - [TEST_STEP][PASSED] - click: Object: 'Object Repository/Final Object Repo/New Registration - Registration Module Pages/Form 1/Industy State - Johor Bharu' is clicked on

2018-12-11 16:13:59 - [MESSAGE][PASSED] - Object: 'Object Repository/Final Object Repo/New Registration - Registration Module Pages/Form 1/Industy State - Johor Bharu' is clicked on

2018-12-11 16:13:59 - [TEST_STEP][PASSED] - delay: Delayed 1 second(s)

2018-12-11 16:14:00 - [MESSAGE][PASSED] - Delayed 1 second(s)

2018-12-11 16:14:00 - [TEST_STEP][PASSED] - click: Object: 'Object Repository/Final Object Repo/New Registration - Registration Module Pages/Form 1/Indusry PostCode' is clicked on

2018-12-11 16:14:01 - [MESSAGE][PASSED] - Object: 'Object Repository/Final Object Repo/New Registration - Registration Module Pages/Form 1/Indusry PostCode' is clicked on

2018-12-11 16:14:01 - [TEST_STEP][PASSED] - delay: Delayed 1 second(s)

2018-12-11 16:14:02 - [MESSAGE][PASSED] - Delayed 1 second(s)

2018-12-11 16:14:02 - [TEST_STEP][PASSED] - setText: Text '810' is set on object 'Object Repository/Final Object Repo/New Registration - Registration Module Pages/Form 1/Insutry Post Code - 810'

2018-12-11 16:14:02 - [MESSAGE][PASSED] - Text '810' is set on object 'Object Repository/Final Object Repo/New Registration - Registration Module Pages/Form 1/Insutry Post Code - 810'

2018-12-11 16:14:02 - [TEST_STEP][PASSED] - delay: Delayed 1 second(s)

2018-12-11 16:14:03 - [MESSAGE][PASSED] - Delayed 1 second(s)

2018-12-11 16:14:03 - [TEST_STEP][PASSED] - click: Object: 'Object Repository/Final Object Repo/New Registration - Registration Module Pages/Form 1/Insutry Post Code - 81000' is clicked on

2018-12-11 16:14:03 - [MESSAGE][PASSED] - Object: 'Object Repository/Final Object Repo/New Registration - Registration Module Pages/Form 1/Insutry Post Code - 81000' is clicked on

2018-12-11 16:14:03 - [TEST_STEP][PASSED] - delay: Delayed 1 second(s)

2018-12-11 16:14:04 - [MESSAGE][PASSED] - Delayed 1 second(s)

2018-12-11 16:14:04 - [TEST_STEP][PASSED] - setText: Text '100' is set on object 'Object Repository/Final Object Repo/New Registration - Registration Module Pages/Form 1/Industry P.O.BOX'

2018-12-11 16:14:04 - [MESSAGE][PASSED] - Text '100' is set on object 'Object Repository/Final Object Repo/New Registration - Registration Module Pages/Form 1/Industry P.O.BOX'

2018-12-11 16:14:04 - [TEST_STEP][PASSED] - setText: Text '100' is set on object 'Object Repository/Final Object Repo/New Registration - Registration Module Pages/Form 1/Industry Locked Bag No'

2018-12-11 16:14:05 - [MESSAGE][PASSED] - Text '100' is set on object 'Object Repository/Final Object Repo/New Registration - Registration Module Pages/Form 1/Industry Locked Bag No'

2018-12-11 16:14:05 - [TEST_STEP][PASSED] - setText: Text '123456789' is set on object 'Object Repository/Final Object Repo/New Registration - Registration Module Pages/Form 1/Telephone No'

2018-12-11 16:14:05 - [MESSAGE][PASSED] - Text '123456789' is set on object 'Object Repository/Final Object Repo/New Registration - Registration Module Pages/Form 1/Telephone No'

2018-12-11 16:14:05 - [TEST_STEP][PASSED] - setText: Text '123456789' is set on object 'Object Repository/Final Object Repo/New Registration - Registration Module Pages/Form 1/Mobile No'

2018-12-11 16:14:05 - [MESSAGE][PASSED] - Text '123456789' is set on object 'Object Repository/Final Object Repo/New Registration - Registration Module Pages/Form 1/Mobile No'

2018-12-11 16:14:05 - [TEST_STEP][PASSED] - setText: Text '123456789' is set on object 'Object Repository/Final Object Repo/New Registration - Registration Module Pages/Form 1/Fax No'

2018-12-11 16:14:06 - [MESSAGE][PASSED] - Text '123456789' is set on object 'Object Repository/Final Object Repo/New Registration - Registration Module Pages/Form 1/Fax No'

2018-12-11 16:14:06 - [TEST_STEP][PASSED] - click: Object: 'Object Repository/Final Object Repo/New Registration - Registration Module Pages/Form 1/Industry Code' is clicked on

2018-12-11 16:14:06 - [MESSAGE][PASSED] - Object: 'Object Repository/Final Object Repo/New Registration - Registration Module Pages/Form 1/Industry Code' is clicked on

2018-12-11 16:14:06 - [TEST_STEP][PASSED] - click: Object: 'Object Repository/Final Object Repo/New Registration - Registration Module Pages/Form 1/Indudustry Code - Crops and Animal' is clicked on

2018-12-11 16:14:06 - [MESSAGE][PASSED] - Object: 'Object Repository/Final Object Repo/New Registration - Registration Module Pages/Form 1/Indudustry Code - Crops and Animal' is clicked on

2018-12-11 16:14:06 - [TEST_STEP][PASSED] - delay: Delayed 1 second(s)

2018-12-11 16:14:07 - [MESSAGE][PASSED] - Delayed 1 second(s)

2018-12-11 16:14:07 - [TEST_STEP][PASSED] - click: Object: 'Object Repository/Final Object Repo/New Registration - Registration Module Pages/Form 1/Sub Industry Code List' is clicked on

2018-12-11 16:14:08 - [MESSAGE][PASSED] - Object: 'Object Repository/Final Object Repo/New Registration - Registration Module Pages/Form 1/Sub Industry Code List' is clicked on

2018-12-11 16:14:08 - [TEST_STEP][PASSED] - click: Object: 'Object Repository/Final Object Repo/New Registration - Registration Module Pages/Form 1/Sub Industry Code List - Growing of Maize' is clicked on

2018-12-11 16:14:08 - [MESSAGE][PASSED] - Object: 'Object Repository/Final Object Repo/New Registration - Registration Module Pages/Form 1/Sub Industry Code List - Growing of Maize' is clicked on

2018-12-11 16:14:08 - [TEST_STEP][PASSED] - setText: Text 'perkeso123@gmail.com' is set on object 'Object Repository/Final Object Repo/New Registration - Registration Module Pages/Form 1/Email'

2018-12-11 16:14:09 - [MESSAGE][PASSED] - Text 'perkeso123@gmail.com' is set on object 'Object Repository/Final Object Repo/New Registration - Registration Module Pages/Form 1/Email'

2018-12-11 16:14:09 - [TEST_STEP][PASSED] - click: Object: 'Object Repository/Final Object Repo/New Registration - Registration Module Pages/Form 1/Method of Contribution Payment' is clicked on

2018-12-11 16:14:09 - [MESSAGE][PASSED] - Object: 'Object Repository/Final Object Repo/New Registration - Registration Module Pages/Form 1/Method of Contribution Payment' is clicked on

2018-12-11 16:14:09 - [TEST_STEP][PASSED] - click: Object: 'Object Repository/Final Object Repo/New Registration - Registration Module Pages/Form 1/Method of Contribution Payment - Portal' is clicked on

2018-12-11 16:14:09 - [MESSAGE][PASSED] - Object: 'Object Repository/Final Object Repo/New Registration - Registration Module Pages/Form 1/Method of Contribution Payment - Portal' is clicked on

2018-12-11 16:14:09 - [TEST_STEP][PASSED] - click: Object: 'Object Repository/Final Object Repo/New Registration - Registration Module Pages/Form 1/Servide Type' is clicked on

2018-12-11 16:14:09 - [MESSAGE][PASSED] - Object: 'Object Repository/Final Object Repo/New Registration - Registration Module Pages/Form 1/Servide Type' is clicked on

2018-12-11 16:14:09 - [TEST_STEP][PASSED] - click: Object: 'Object Repository/Final Object Repo/New Registration - Registration Module Pages/Form 1/Servide Type - Professional Bodies' is clicked on

2018-12-11 16:14:09 - [MESSAGE][PASSED] - Object: 'Object Repository/Final Object Repo/New Registration - Registration Module Pages/Form 1/Servide Type - Professional Bodies' is clicked on

2018-12-11 16:14:09 - [TEST_STEP][PASSED] - click: Object: 'Object Repository/Final Object Repo/New Registration - Registration Module Pages/Form 1/Industry Venue' is clicked on

2018-12-11 16:14:10 - [MESSAGE][PASSED] - Object: 'Object Repository/Final Object Repo/New Registration - Registration Module Pages/Form 1/Industry Venue' is clicked on

2018-12-11 16:14:10 - [TEST_STEP][PASSED] - click: Object: 'Object Repository/Final Object Repo/New Registration - Registration Module Pages/Form 1/Industry Venue -  PPN JOHOR' is clicked on

2018-12-11 16:14:10 - [MESSAGE][PASSED] - Object: 'Object Repository/Final Object Repo/New Registration - Registration Module Pages/Form 1/Industry Venue -  PPN JOHOR' is clicked on

2018-12-11 16:14:10 - [TEST_STEP][PASSED] - click: Object: 'Object Repository/Final Object Repo/New Registration - Registration Module Pages/Form 1/Save  Continue' is clicked on

2018-12-11 16:14:10 - [MESSAGE][PASSED] - Object: 'Object Repository/Final Object Repo/New Registration - Registration Module Pages/Form 1/Save  Continue' is clicked on

2018-12-11 16:14:10 - [MESSAGE][PASSED] - Call Test Case 'Test Cases/Final Aug 2018 - PKS Automation/Registration Module/New Registration/Form 1/Form 1 - Corporation - BHD' successfully

2018-12-11 16:14:10 - [TEST_STEP][PASSED] - callTestCase: Call Test Case 'Test Cases/Final Aug 2018 - PKS Automation/Registration Module/New Registration/Form 2/Add 1 Eligible' successfully

2018-12-11 16:14:10 - [TEST_CASE][PASSED] - Test Cases/Final Aug 2018 - PKS Automation/Registration Module/New Registration/Form 2/Add 1 Eligible: Test Cases/Final Aug 2018 - PKS Automation/Registration Module/New Registration/Form 2/Add 1 Eligible

2018-12-11 16:14:10 - [TEST_STEP][PASSED] - delay: Delayed 2 second(s)

2018-12-11 16:14:12 - [MESSAGE][PASSED] - Delayed 2 second(s)

2018-12-11 16:14:12 - [TEST_STEP][PASSED] - callTestCase: Call Test Case 'Test Cases/Final Aug 2018 - PKS Automation/Registration Module/New Registration/Form 2/Date Updater' successfully

2018-12-11 16:14:12 - [TEST_CASE][PASSED] - Test Cases/Final Aug 2018 - PKS Automation/Registration Module/New Registration/Form 2/Date Updater: Test Cases/Final Aug 2018 - PKS Automation/Registration Module/New Registration/Form 2/Date Updater

2018-12-11 16:14:12 - [TEST_STEP][PASSED] - Statement - TodayDate = new java.util.Date(): null

2018-12-11 16:14:12 - [TEST_STEP][PASSED] - Statement - CurrentDateNoFilter = new java.text.SimpleDateFormat(): null

2018-12-11 16:14:12 - [TEST_STEP][PASSED] - Statement - CurrentDateNoFilter.applyPattern("MM"): null

2018-12-11 16:14:12 - [TEST_STEP][PASSED] - Statement - monthContainerMatcher = java.lang.Integer.parseInt(CurrentDateNoFilter.format(TodayDate)): null

2018-12-11 16:14:12 - [TEST_STEP][PASSED] - Statement - monthContainerMatcher = monthContainerMatcher - 1: null

2018-12-11 16:14:12 - [TEST_STEP][PASSED] - Statement - CurrentMonth = monthContainerMatcher.toString(): null

2018-12-11 16:14:12 - [TEST_STEP][PASSED] - Statement - CurrentMonth = CurrentMonth: null

2018-12-11 16:14:12 - [TEST_STEP][PASSED] - Statement - CurrentDateNoFilter.applyPattern("yyyy"): null

2018-12-11 16:14:12 - [TEST_STEP][PASSED] - Statement - CurrentYear = CurrentDateNoFilter.format(TodayDate): null

2018-12-11 16:14:12 - [TEST_STEP][PASSED] - Statement - CurrentYear = CurrentYear: null

2018-12-11 16:14:12 - [TEST_STEP][PASSED] - Statement - intCurrentYear = java.lang.Integer.parseInt(CurrentDateNoFilter.format(TodayDate)): null

2018-12-11 16:14:12 - [TEST_STEP][PASSED] - Statement - eighteenYrsAgo = intCurrentYear - 18: null

2018-12-11 16:14:12 - [TEST_STEP][PASSED] - Statement - eighteenYrsBeforeThisYr = eighteenYrsAgo.toString(): null

2018-12-11 16:14:12 - [TEST_STEP][PASSED] - Statement - EighteenYrsBefore = eighteenYrsBeforeThisYr: null

2018-12-11 16:14:12 - [TEST_STEP][PASSED] - Statement - fiftysevenYrsAgo = intCurrentYear - 57: null

2018-12-11 16:14:12 - [TEST_STEP][PASSED] - Statement - fiftysevenYrsBeforeThisYr = fiftysevenYrsAgo.toString(): null

2018-12-11 16:14:12 - [TEST_STEP][PASSED] - Statement - FiftysevenYrsBefore = fiftysevenYrsBeforeThisYr: null

2018-12-11 16:14:12 - [TEST_STEP][PASSED] - Statement - leapYear = false: null

2018-12-11 16:14:12 - [TEST_STEP][PASSED] - Statement - leapYear = intCurrentYear % 4 == 0: null

2018-12-11 16:14:12 - [TEST_STEP][PASSED] - Statement - CurrentDateNoFilter.applyPattern("dd"): null

2018-12-11 16:14:12 - [TEST_STEP][PASSED] - Statement - CurrentDate = CurrentDateNoFilter.format(TodayDate): null

2018-12-11 16:14:12 - [TEST_STEP][PASSED] - Statement - CurrentDate = java.lang.Integer.parseInt(CurrentDate): null

2018-12-11 16:14:12 - [TEST_STEP][PASSED] - Statement - CurrentDate = CurrentDate: null

2018-12-11 16:14:12 - [TEST_STEP][PASSED] - Statement - CurrentDay = java.lang.Integer.parseInt(CurrentDate): null

2018-12-11 16:14:12 - [TEST_STEP][PASSED] - Statement - ConfAdder = <not implemented yet for class: org.codehaus.groovy.ast.expr.EmptyExpression>: null

2018-12-11 16:14:12 - [TEST_STEP][PASSED] - Statement - out.println(CurrentMonth): null

2018-12-11 16:14:12 - [TEST_STEP][PASSED] - Statement - out.println(CurrentDate): null

2018-12-11 16:14:12 - [TEST_STEP][PASSED] - Statement - switch (CurrentDate): null

2018-12-11 16:14:12 - [TEST_STEP][PASSED] - Statement - Default: null

2018-12-11 16:14:12 - [TEST_STEP][PASSED] - Statement - ConfAdder = true: null

2018-12-11 16:14:12 - [TEST_STEP][PASSED] - Statement - Break: null

2018-12-11 16:14:12 - [TEST_STEP][PASSED] - Statement - aDayBefore = <not implemented yet for class: org.codehaus.groovy.ast.expr.EmptyExpression>: null

2018-12-11 16:14:12 - [TEST_STEP][PASSED] - Statement - out.println(ConfAdder): null

2018-12-11 16:14:12 - [TEST_STEP][PASSED] - Statement - If (ConfAdder == true): null

2018-12-11 16:14:12 - [TEST_STEP][PASSED] - Statement - aDayBefore = CurrentDay + 1: null

2018-12-11 16:14:12 - [TEST_STEP][PASSED] - Statement - out.println(aDayBefore): null

2018-12-11 16:14:12 - [TEST_STEP][PASSED] - Statement - If (aDayBefore == 1 && CurrentMonth == 11): null

2018-12-11 16:14:12 - [TEST_STEP][PASSED] - Statement - DayBefore = aDayBefore.toString(): null

2018-12-11 16:14:12 - [TEST_STEP][PASSED] - Statement - OneDayBefore = DayBefore: null

2018-12-11 16:14:12 - [MESSAGE][PASSED] - Call Test Case 'Test Cases/Final Aug 2018 - PKS Automation/Registration Module/New Registration/Form 2/Date Updater' successfully

2018-12-11 16:14:12 - [TEST_STEP][PASSED] - delay: Delayed 1 second(s)

2018-12-11 16:14:13 - [MESSAGE][PASSED] - Delayed 1 second(s)

2018-12-11 16:14:13 - [TEST_STEP][PASSED] - Statement - CaseReferenceNo = com.kms.katalon.core.webui.keyword.WebUiBuiltInKeywords.getText(com.kms.katalon.core.testobject.ObjectRepository.findTestObject(Final Object Repo/New Registration - Registration Module Pages/Form 2/RefNo Acquiring)): Text of object 'Object Repository/Final Object Repo/New Registration - Registration Module Pages/Form 2/RefNo Acquiring' is: 'CRN12201800123182'

2018-12-11 16:14:14 - [MESSAGE][PASSED] - Text of object 'Object Repository/Final Object Repo/New Registration - Registration Module Pages/Form 2/RefNo Acquiring' is: 'CRN12201800123182'

2018-12-11 16:14:14 - [TEST_STEP][PASSED] - delay: Delayed 1 second(s)

2018-12-11 16:14:15 - [MESSAGE][PASSED] - Delayed 1 second(s)

2018-12-11 16:14:15 - [TEST_STEP][PASSED] - click: Object: 'Object Repository/Final Object Repo/New Registration - Registration Module Pages/Form 2/Add Employee Button' is clicked on

2018-12-11 16:14:15 - [MESSAGE][PASSED] - Object: 'Object Repository/Final Object Repo/New Registration - Registration Module Pages/Form 2/Add Employee Button' is clicked on

2018-12-11 16:14:15 - [TEST_STEP][PASSED] - delay: Delayed 1 second(s)

2018-12-11 16:14:16 - [MESSAGE][PASSED] - Delayed 1 second(s)

2018-12-11 16:14:16 - [TEST_STEP][PASSED] - setText: Text '010903091963' is set on object 'Object Repository/Final Object Repo/New Registration - Registration Module Pages/Form 2/NRIC Input'

2018-12-11 16:14:16 - [MESSAGE][PASSED] - Text '010903091963' is set on object 'Object Repository/Final Object Repo/New Registration - Registration Module Pages/Form 2/NRIC Input'

2018-12-11 16:14:16 - [TEST_STEP][PASSED] - click: Object: 'Object Repository/Final Object Repo/New Registration - Registration Module Pages/Form 2/button for search for IC' is clicked on

2018-12-11 16:14:16 - [MESSAGE][PASSED] - Object: 'Object Repository/Final Object Repo/New Registration - Registration Module Pages/Form 2/button for search for IC' is clicked on

2018-12-11 16:14:16 - [TEST_STEP][PASSED] - delay: Delayed 2 second(s)

2018-12-11 16:14:18 - [MESSAGE][PASSED] - Delayed 2 second(s)

2018-12-11 16:14:18 - [TEST_STEP][PASSED] - setText: Text 'Automate001 eligible 1' is set on object 'Object Repository/Final Object Repo/New Registration - Registration Module Pages/Form 2/Employee Name Input'

2018-12-11 16:14:19 - [MESSAGE][PASSED] - Text 'Automate001 eligible 1' is set on object 'Object Repository/Final Object Repo/New Registration - Registration Module Pages/Form 2/Employee Name Input'

2018-12-11 16:14:19 - [TEST_STEP][PASSED] - delay: Delayed 2 second(s)

2018-12-11 16:14:21 - [MESSAGE][PASSED] - Delayed 2 second(s)

2018-12-11 16:14:21 - [TEST_STEP][PASSED] - click: Object: 'Object Repository/Final Object Repo/New Registration - Registration Module Pages/Form 2/DatePicker Pop Up' is clicked on

2018-12-11 16:14:21 - [MESSAGE][PASSED] - Object: 'Object Repository/Final Object Repo/New Registration - Registration Module Pages/Form 2/DatePicker Pop Up' is clicked on

2018-12-11 16:14:21 - [TEST_STEP][PASSED] - click: Object: 'Object Repository/Final Object Repo/New Registration - Registration Module Pages/Form 2/DOB Month' is clicked on

2018-12-11 16:14:21 - [MESSAGE][PASSED] - Object: 'Object Repository/Final Object Repo/New Registration - Registration Module Pages/Form 2/DOB Month' is clicked on

2018-12-11 16:14:21 - [TEST_STEP][PASSED] - Statement - CurrentMonth = CurrentMonth: null

2018-12-11 16:14:21 - [TEST_STEP][PASSED] - Statement - selectMonth = new com.kms.katalon.core.testobject.TestObject(): null

2018-12-11 16:14:21 - [TEST_STEP][PASSED] - Statement - selectMonth.addProperty("xpath", EQUALS, "//body/div/div/div/select/option[@value='" + CurrentMonth + "']", true): null

2018-12-11 16:14:21 - [TEST_STEP][PASSED] - click: Object: '' is clicked on

2018-12-11 16:14:21 - [MESSAGE][PASSED] - Object: '' is clicked on

2018-12-11 16:14:21 - [TEST_STEP][PASSED] - click: Object: 'Object Repository/Final Object Repo/New Registration - Registration Module Pages/Form 2/DOB Year' is clicked on

2018-12-11 16:14:22 - [MESSAGE][PASSED] - Object: 'Object Repository/Final Object Repo/New Registration - Registration Module Pages/Form 2/DOB Year' is clicked on

2018-12-11 16:14:22 - [TEST_STEP][PASSED] - Statement - Eyearsbf = EighteenYrsBefore: null

2018-12-11 16:14:22 - [TEST_STEP][PASSED] - Statement - selectYear = new com.kms.katalon.core.testobject.TestObject(): null

2018-12-11 16:14:22 - [TEST_STEP][PASSED] - Statement - selectYear.addProperty("xpath", EQUALS, "//div/div/div/select/option[@value='" + Eyearsbf + "']", true): null

2018-12-11 16:14:22 - [TEST_STEP][PASSED] - click: Object: '' is clicked on

2018-12-11 16:14:22 - [MESSAGE][PASSED] - Object: '' is clicked on

2018-12-11 16:14:22 - [TEST_STEP][PASSED] - Statement - UpdatedSelectDate = com.kms.katalon.core.webui.keyword.WebUiBuiltInKeywords.modifyObjectProperty(com.kms.katalon.core.testobject.ObjectRepository.findTestObject(Final Object Repo/New Registration - Registration Module Pages/Form 2/DOB Date), "xpath", "equals", "//body/div/table/tbody/tr/td/a[text()="" + CurrentDate + ""]", true): Modify property of object successfully

2018-12-11 16:14:22 - [MESSAGE][PASSED] - Modify property of object successfully

2018-12-11 16:14:22 - [TEST_STEP][PASSED] - delay: Delayed 3 second(s)

2018-12-11 16:14:25 - [MESSAGE][PASSED] - Delayed 3 second(s)

2018-12-11 16:14:25 - [TEST_STEP][PASSED] - click: Object: 'Object Repository/Final Object Repo/New Registration - Registration Module Pages/Form 2/DOB Date' is clicked on

2018-12-11 16:14:25 - [MESSAGE][PASSED] - Object: 'Object Repository/Final Object Repo/New Registration - Registration Module Pages/Form 2/DOB Date' is clicked on

2018-12-11 16:14:25 - [TEST_STEP][PASSED] - delay: Delayed 2 second(s)

2018-12-11 16:14:27 - [MESSAGE][PASSED] - Delayed 2 second(s)

2018-12-11 16:14:27 - [TEST_STEP][PASSED] - click: Object: 'Object Repository/Final Object Repo/New Registration - Registration Module Pages/Form 2/EmploymentStartDate Pop Up' is clicked on

2018-12-11 16:14:27 - [MESSAGE][PASSED] - Object: 'Object Repository/Final Object Repo/New Registration - Registration Module Pages/Form 2/EmploymentStartDate Pop Up' is clicked on

2018-12-11 16:14:27 - [TEST_STEP][PASSED] - delay: Delayed 2 second(s)

2018-12-11 16:14:29 - [MESSAGE][PASSED] - Delayed 2 second(s)

2018-12-11 16:14:29 - [TEST_STEP][PASSED] - click: Object: 'Object Repository/Final Object Repo/New Registration - Registration Module Pages/Form 2/Socso Employment StartDate Month' is clicked on

2018-12-11 16:14:29 - [MESSAGE][PASSED] - Object: 'Object Repository/Final Object Repo/New Registration - Registration Module Pages/Form 2/Socso Employment StartDate Month' is clicked on

2018-12-11 16:14:29 - [TEST_STEP][PASSED] - delay: Delayed 1 second(s)

2018-12-11 16:14:30 - [MESSAGE][PASSED] - Delayed 1 second(s)

2018-12-11 16:14:30 - [TEST_STEP][PASSED] - click: Object: 'Object Repository/Final Object Repo/New Registration - Registration Module Pages/Form 2/Select Socso Employement Startdate Month' is clicked on

2018-12-11 16:14:30 - [MESSAGE][PASSED] - Object: 'Object Repository/Final Object Repo/New Registration - Registration Module Pages/Form 2/Select Socso Employement Startdate Month' is clicked on

2018-12-11 16:14:30 - [TEST_STEP][PASSED] - delay: Delayed 2 second(s)

2018-12-11 16:14:32 - [MESSAGE][PASSED] - Delayed 2 second(s)

2018-12-11 16:14:32 - [TEST_STEP][PASSED] - click: Object: 'Object Repository/Final Object Repo/New Registration - Registration Module Pages/Form 2/Socso Employment StartDate Year' is clicked on

2018-12-11 16:14:33 - [MESSAGE][PASSED] - Object: 'Object Repository/Final Object Repo/New Registration - Registration Module Pages/Form 2/Socso Employment StartDate Year' is clicked on

2018-12-11 16:14:33 - [TEST_STEP][PASSED] - delay: Delayed 1 second(s)

2018-12-11 16:14:34 - [MESSAGE][PASSED] - Delayed 1 second(s)

2018-12-11 16:14:34 - [TEST_STEP][PASSED] - click: Object: 'Object Repository/Final Object Repo/New Registration - Registration Module Pages/Form 2/Select Socso Employment Startdate Year' is clicked on

2018-12-11 16:14:34 - [MESSAGE][PASSED] - Object: 'Object Repository/Final Object Repo/New Registration - Registration Module Pages/Form 2/Select Socso Employment Startdate Year' is clicked on

2018-12-11 16:14:34 - [TEST_STEP][PASSED] - delay: Delayed 2 second(s)

2018-12-11 16:14:36 - [MESSAGE][PASSED] - Delayed 2 second(s)

2018-12-11 16:14:36 - [TEST_STEP][PASSED] - click: Object: 'Object Repository/Final Object Repo/New Registration - Registration Module Pages/Form 2/Socso Employment Start Date Day' is clicked on

2018-12-11 16:14:36 - [MESSAGE][PASSED] - Object: 'Object Repository/Final Object Repo/New Registration - Registration Module Pages/Form 2/Socso Employment Start Date Day' is clicked on

2018-12-11 16:14:36 - [TEST_STEP][PASSED] - delay: Delayed 2 second(s)

2018-12-11 16:14:38 - [MESSAGE][PASSED] - Delayed 2 second(s)

2018-12-11 16:14:38 - [TEST_STEP][PASSED] - click: Object: 'Object Repository/Final Object Repo/New Registration - Registration Module Pages/Form 2/Save Button for Add Employee' is clicked on

2018-12-11 16:14:38 - [MESSAGE][PASSED] - Object: 'Object Repository/Final Object Repo/New Registration - Registration Module Pages/Form 2/Save Button for Add Employee' is clicked on

2018-12-11 16:14:38 - [TEST_STEP][PASSED] - delay: Delayed 6 second(s)

2018-12-11 16:14:44 - [MESSAGE][PASSED] - Delayed 6 second(s)

2018-12-11 16:14:44 - [TEST_STEP][PASSED] - click: Object: 'Object Repository/Final Object Repo/New Registration - Registration Module Pages/Form 2/Save and Continue Form 2' is clicked on

2018-12-11 16:14:44 - [MESSAGE][PASSED] - Object: 'Object Repository/Final Object Repo/New Registration - Registration Module Pages/Form 2/Save and Continue Form 2' is clicked on

2018-12-11 16:14:44 - [MESSAGE][PASSED] - Call Test Case 'Test Cases/Final Aug 2018 - PKS Automation/Registration Module/New Registration/Form 2/Add 1 Eligible' successfully

2018-12-11 16:14:44 - [TEST_STEP][PASSED] - callTestCase: Call Test Case 'Test Cases/Final Aug 2018 - PKS Automation/Registration Module/New Registration/Flow of New Registration/Third Screen - Upload Supporting Doc - Preview' successfully

2018-12-11 16:14:44 - [TEST_CASE][PASSED] - Test Cases/Final Aug 2018 - PKS Automation/Registration Module/New Registration/Flow of New Registration/Third Screen - Upload Supporting Doc - Preview: Test Cases/Final Aug 2018 - PKS Automation/Registration Module/New Registration/Flow of New Registration/Third Screen - Upload Supporting Doc - Preview

2018-12-11 16:14:44 - [TEST_STEP][PASSED] - waitForPageLoad: Wait for page load successfully

2018-12-11 16:14:45 - [MESSAGE][PASSED] - Wait for page load successfully

2018-12-11 16:14:45 - [TEST_STEP][PASSED] - Statement - CaseReferenceNo = com.kms.katalon.core.webui.keyword.WebUiBuiltInKeywords.getText(com.kms.katalon.core.testobject.ObjectRepository.findTestObject(Final Object Repo/New Registration - Registration Module Pages/Third Screen - Upload Supporting Doc- Preview/RefNo Acquiring)): Text of object 'Object Repository/Final Object Repo/New Registration - Registration Module Pages/Third Screen - Upload Supporting Doc- Preview/RefNo Acquiring' is: 'CRN12201800123182'

2018-12-11 16:14:45 - [MESSAGE][PASSED] - Text of object 'Object Repository/Final Object Repo/New Registration - Registration Module Pages/Third Screen - Upload Supporting Doc- Preview/RefNo Acquiring' is: 'CRN12201800123182'

2018-12-11 16:14:45 - [TEST_STEP][PASSED] - delay: Delayed 2 second(s)

2018-12-11 16:14:47 - [MESSAGE][PASSED] - Delayed 2 second(s)

2018-12-11 16:14:47 - [TEST_STEP][PASSED] - callTestCase: Call Test Case 'Test Cases/Final Aug 2018 - PKS Automation/Common/Reference Number Setter' successfully

2018-12-11 16:14:47 - [TEST_CASE][PASSED] - Test Cases/Final Aug 2018 - PKS Automation/Common/Reference Number Setter: Test Cases/Final Aug 2018 - PKS Automation/Common/Reference Number Setter

2018-12-11 16:14:47 - [TEST_STEP][PASSED] - Statement - RefNoOldFile = new java.io.File(C://Users//Admin//Desktop//PKS//Automation Reference Point//KatalonReference.txt): null

2018-12-11 16:14:47 - [TEST_STEP][PASSED] - Statement - RefNoOldFile.delete(): null

2018-12-11 16:14:47 - [TEST_STEP][PASSED] - delay: Delayed 5 second(s)

2018-12-11 16:14:52 - [MESSAGE][PASSED] - Delayed 5 second(s)

2018-12-11 16:14:52 - [TEST_STEP][PASSED] - Statement - RefNo = new java.io.File(C://Users//Admin//Desktop//PKS//Automation Reference Point//KatalonReference.txt): null

2018-12-11 16:14:52 - [TEST_STEP][PASSED] - Statement - f2 = new java.io.FileWriter(RefNo, false): null

2018-12-11 16:14:52 - [TEST_STEP][PASSED] - Statement - f2.write(CaseReferenceNo): null

2018-12-11 16:14:52 - [TEST_STEP][PASSED] - Statement - f2.close(): null

2018-12-11 16:14:52 - [TEST_STEP][PASSED] - Statement - out.println("


" + CaseReferenceNo + "


"): null

2018-12-11 16:14:52 - [MESSAGE][PASSED] - Call Test Case 'Test Cases/Final Aug 2018 - PKS Automation/Common/Reference Number Setter' successfully

2018-12-11 16:14:52 - [TEST_STEP][PASSED] - waitForElementClickable: Object 'Object Repository/Final Object Repo/New Registration - Registration Module Pages/Third Screen - Upload Supporting Doc- Preview/Save n Continue in SIP Employee Listing Page' is clickable

2018-12-11 16:14:52 - [MESSAGE][PASSED] - Object 'Object Repository/Final Object Repo/New Registration - Registration Module Pages/Third Screen - Upload Supporting Doc- Preview/Save n Continue in SIP Employee Listing Page' is clickable

2018-12-11 16:14:52 - [TEST_STEP][PASSED] - click: Object: 'Object Repository/Final Object Repo/New Registration - Registration Module Pages/Third Screen - Upload Supporting Doc- Preview/Save n Continue in SIP Employee Listing Page' is clicked on

2018-12-11 16:14:58 - [MESSAGE][PASSED] - Object: 'Object Repository/Final Object Repo/New Registration - Registration Module Pages/Third Screen - Upload Supporting Doc- Preview/Save n Continue in SIP Employee Listing Page' is clicked on

2018-12-11 16:14:58 - [TEST_STEP][PASSED] - delay: Delayed 7 second(s)

2018-12-11 16:15:05 - [MESSAGE][PASSED] - Delayed 7 second(s)

2018-12-11 16:15:05 - [TEST_STEP][PASSED] - click: Object: 'Object Repository/Final Object Repo/New Registration - Registration Module Pages/Third Screen - Upload Supporting Doc- Preview/Add Document Button' is clicked on

2018-12-11 16:15:05 - [MESSAGE][PASSED] - Object: 'Object Repository/Final Object Repo/New Registration - Registration Module Pages/Third Screen - Upload Supporting Doc- Preview/Add Document Button' is clicked on

2018-12-11 16:15:05 - [TEST_STEP][PASSED] - delay: Delayed 30 second(s)

2018-12-11 16:15:35 - [MESSAGE][PASSED] - Delayed 30 second(s)

2018-12-11 16:15:35 - [TEST_STEP][PASSED] - click: Object: 'Object Repository/Final Object Repo/New Registration - Registration Module Pages/Third Screen - Upload Supporting Doc- Preview/Supporting Doc Please Select Drop Down' is clicked on

2018-12-11 16:15:35 - [MESSAGE][PASSED] - Object: 'Object Repository/Final Object Repo/New Registration - Registration Module Pages/Third Screen - Upload Supporting Doc- Preview/Supporting Doc Please Select Drop Down' is clicked on

2018-12-11 16:15:35 - [TEST_STEP][PASSED] - delay: Delayed 2 second(s)

2018-12-11 16:15:37 - [MESSAGE][PASSED] - Delayed 2 second(s)

2018-12-11 16:15:37 - [TEST_STEP][PASSED] - click: Object: 'Object Repository/Final Object Repo/New Registration - Registration Module Pages/Third Screen - Upload Supporting Doc- Preview/Select to Upload Form 1' is clicked on

2018-12-11 16:15:37 - [MESSAGE][PASSED] - Object: 'Object Repository/Final Object Repo/New Registration - Registration Module Pages/Third Screen - Upload Supporting Doc- Preview/Select to Upload Form 1' is clicked on

2018-12-11 16:15:37 - [TEST_STEP][PASSED] - delay: Delayed 2 second(s)

2018-12-11 16:15:39 - [MESSAGE][PASSED] - Delayed 2 second(s)

2018-12-11 16:15:39 - [TEST_STEP][PASSED] - uploadFile: File 'C:\Users\Public\Pictures\Sample Pictures\Koala.jpg' sent to object: 'Object Repository/Final Object Repo/New Registration - Registration Module Pages/Third Screen - Upload Supporting Doc- Preview/Upload File Adding'

2018-12-11 16:15:39 - [MESSAGE][PASSED] - File 'C:\Users\Public\Pictures\Sample Pictures\Koala.jpg' sent to object: 'Object Repository/Final Object Repo/New Registration - Registration Module Pages/Third Screen - Upload Supporting Doc- Preview/Upload File Adding'

2018-12-11 16:15:39 - [TEST_STEP][PASSED] - delay: Delayed 5 second(s)

2018-12-11 16:15:44 - [MESSAGE][PASSED] - Delayed 5 second(s)

2018-12-11 16:15:44 - [TEST_STEP][PASSED] - click: Object: 'Object Repository/Final Object Repo/New Registration - Registration Module Pages/Third Screen - Upload Supporting Doc- Preview/Inner Form Add Document Button' is clicked on

2018-12-11 16:15:45 - [MESSAGE][PASSED] - Object: 'Object Repository/Final Object Repo/New Registration - Registration Module Pages/Third Screen - Upload Supporting Doc- Preview/Inner Form Add Document Button' is clicked on

2018-12-11 16:15:45 - [TEST_STEP][PASSED] - delay: Delayed 3 second(s)

2018-12-11 16:15:48 - [MESSAGE][PASSED] - Delayed 3 second(s)

2018-12-11 16:15:48 - [TEST_STEP][PASSED] - click: Object: 'Object Repository/Final Object Repo/New Registration - Registration Module Pages/Third Screen - Upload Supporting Doc- Preview/Add Document Button' is clicked on

2018-12-11 16:15:49 - [MESSAGE][PASSED] - Object: 'Object Repository/Final Object Repo/New Registration - Registration Module Pages/Third Screen - Upload Supporting Doc- Preview/Add Document Button' is clicked on

2018-12-11 16:15:49 - [TEST_STEP][PASSED] - delay: Delayed 30 second(s)

2018-12-11 16:16:19 - [MESSAGE][PASSED] - Delayed 30 second(s)

2018-12-11 16:16:19 - [TEST_STEP][PASSED] - click: Object: 'Object Repository/Final Object Repo/New Registration - Registration Module Pages/Third Screen - Upload Supporting Doc- Preview/Supporting Doc Please Select Drop Down' is clicked on

2018-12-11 16:16:19 - [MESSAGE][PASSED] - Object: 'Object Repository/Final Object Repo/New Registration - Registration Module Pages/Third Screen - Upload Supporting Doc- Preview/Supporting Doc Please Select Drop Down' is clicked on

2018-12-11 16:16:19 - [TEST_STEP][PASSED] - delay: Delayed 4 second(s)

2018-12-11 16:16:23 - [MESSAGE][PASSED] - Delayed 4 second(s)

2018-12-11 16:16:23 - [TEST_STEP][PASSED] - click: Object: 'Object Repository/Final Object Repo/New Registration - Registration Module Pages/Third Screen - Upload Supporting Doc- Preview/Select to Upload Form 2' is clicked on

2018-12-11 16:16:23 - [MESSAGE][PASSED] - Object: 'Object Repository/Final Object Repo/New Registration - Registration Module Pages/Third Screen - Upload Supporting Doc- Preview/Select to Upload Form 2' is clicked on

2018-12-11 16:16:23 - [TEST_STEP][PASSED] - delay: Delayed 2 second(s)

2018-12-11 16:16:25 - [MESSAGE][PASSED] - Delayed 2 second(s)

2018-12-11 16:16:25 - [TEST_STEP][PASSED] - uploadFile: File 'C:\Users\Public\Pictures\Sample Pictures\Koala.jpg' sent to object: 'Object Repository/Final Object Repo/New Registration - Registration Module Pages/Third Screen - Upload Supporting Doc- Preview/Upload File Adding'

2018-12-11 16:16:25 - [MESSAGE][PASSED] - File 'C:\Users\Public\Pictures\Sample Pictures\Koala.jpg' sent to object: 'Object Repository/Final Object Repo/New Registration - Registration Module Pages/Third Screen - Upload Supporting Doc- Preview/Upload File Adding'

2018-12-11 16:16:25 - [TEST_STEP][PASSED] - click: Object: 'Object Repository/Final Object Repo/New Registration - Registration Module Pages/Third Screen - Upload Supporting Doc- Preview/Inner Form Add Document Button' is clicked on

2018-12-11 16:16:26 - [MESSAGE][PASSED] - Object: 'Object Repository/Final Object Repo/New Registration - Registration Module Pages/Third Screen - Upload Supporting Doc- Preview/Inner Form Add Document Button' is clicked on

2018-12-11 16:16:26 - [TEST_STEP][PASSED] - delay: Delayed 5 second(s)

2018-12-11 16:16:31 - [MESSAGE][PASSED] - Delayed 5 second(s)

2018-12-11 16:16:31 - [TEST_STEP][PASSED] - click: Object: 'Object Repository/Final Object Repo/New Registration - Registration Module Pages/Third Screen - Upload Supporting Doc- Preview/Add Document Button' is clicked on

2018-12-11 16:16:31 - [MESSAGE][PASSED] - Object: 'Object Repository/Final Object Repo/New Registration - Registration Module Pages/Third Screen - Upload Supporting Doc- Preview/Add Document Button' is clicked on

2018-12-11 16:16:31 - [TEST_STEP][PASSED] - delay: Delayed 30 second(s)

2018-12-11 16:17:01 - [MESSAGE][PASSED] - Delayed 30 second(s)

2018-12-11 16:17:01 - [TEST_STEP][PASSED] - click: Object: 'Object Repository/Final Object Repo/New Registration - Registration Module Pages/Third Screen - Upload Supporting Doc- Preview/Supporting Doc Please Select Drop Down' is clicked on

2018-12-11 16:17:01 - [MESSAGE][PASSED] - Object: 'Object Repository/Final Object Repo/New Registration - Registration Module Pages/Third Screen - Upload Supporting Doc- Preview/Supporting Doc Please Select Drop Down' is clicked on

2018-12-11 16:17:01 - [TEST_STEP][PASSED] - click: Object: 'Object Repository/Final Object Repo/New Registration - Registration Module Pages/Third Screen - Upload Supporting Doc- Preview/Select to Upload Borang SIP 1' is clicked on

2018-12-11 16:17:01 - [MESSAGE][PASSED] - Object: 'Object Repository/Final Object Repo/New Registration - Registration Module Pages/Third Screen - Upload Supporting Doc- Preview/Select to Upload Borang SIP 1' is clicked on

2018-12-11 16:17:01 - [TEST_STEP][PASSED] - delay: Delayed 2 second(s)

2018-12-11 16:17:03 - [MESSAGE][PASSED] - Delayed 2 second(s)

2018-12-11 16:17:03 - [TEST_STEP][PASSED] - uploadFile: File 'C:\Users\Public\Pictures\Sample Pictures\Koala.jpg' sent to object: 'Object Repository/Final Object Repo/New Registration - Registration Module Pages/Third Screen - Upload Supporting Doc- Preview/Upload File Adding'

2018-12-11 16:17:03 - [MESSAGE][PASSED] - File 'C:\Users\Public\Pictures\Sample Pictures\Koala.jpg' sent to object: 'Object Repository/Final Object Repo/New Registration - Registration Module Pages/Third Screen - Upload Supporting Doc- Preview/Upload File Adding'

2018-12-11 16:17:03 - [TEST_STEP][PASSED] - click: Object: 'Object Repository/Final Object Repo/New Registration - Registration Module Pages/Third Screen - Upload Supporting Doc- Preview/Inner Form Add Document Button' is clicked on

2018-12-11 16:17:03 - [MESSAGE][PASSED] - Object: 'Object Repository/Final Object Repo/New Registration - Registration Module Pages/Third Screen - Upload Supporting Doc- Preview/Inner Form Add Document Button' is clicked on

2018-12-11 16:17:03 - [TEST_STEP][PASSED] - delay: Delayed 5 second(s)

2018-12-11 16:17:08 - [MESSAGE][PASSED] - Delayed 5 second(s)

2018-12-11 16:17:08 - [TEST_STEP][PASSED] - click: Object: 'Object Repository/Final Object Repo/New Registration - Registration Module Pages/Third Screen - Upload Supporting Doc- Preview/Add Document Button' is clicked on

2018-12-11 16:17:09 - [MESSAGE][PASSED] - Object: 'Object Repository/Final Object Repo/New Registration - Registration Module Pages/Third Screen - Upload Supporting Doc- Preview/Add Document Button' is clicked on

2018-12-11 16:17:09 - [TEST_STEP][PASSED] - delay: Delayed 30 second(s)

2018-12-11 16:17:39 - [MESSAGE][PASSED] - Delayed 30 second(s)

2018-12-11 16:17:39 - [TEST_STEP][PASSED] - click: Object: 'Object Repository/Final Object Repo/New Registration - Registration Module Pages/Third Screen - Upload Supporting Doc- Preview/Supporting Doc Please Select Drop Down' is clicked on

2018-12-11 16:17:39 - [MESSAGE][PASSED] - Object: 'Object Repository/Final Object Repo/New Registration - Registration Module Pages/Third Screen - Upload Supporting Doc- Preview/Supporting Doc Please Select Drop Down' is clicked on

2018-12-11 16:17:39 - [TEST_STEP][PASSED] - delay: Delayed 3 second(s)

2018-12-11 16:17:42 - [MESSAGE][PASSED] - Delayed 3 second(s)

2018-12-11 16:17:42 - [TEST_STEP][PASSED] - click: Object: 'Object Repository/Final Object Repo/New Registration - Registration Module Pages/Third Screen - Upload Supporting Doc- Preview/Select to Upload Borang SIP 2' is clicked on

2018-12-11 16:17:42 - [MESSAGE][PASSED] - Object: 'Object Repository/Final Object Repo/New Registration - Registration Module Pages/Third Screen - Upload Supporting Doc- Preview/Select to Upload Borang SIP 2' is clicked on

2018-12-11 16:17:42 - [TEST_STEP][PASSED] - delay: Delayed 2 second(s)

2018-12-11 16:17:44 - [MESSAGE][PASSED] - Delayed 2 second(s)

2018-12-11 16:17:44 - [TEST_STEP][PASSED] - uploadFile: File 'C:\Users\Public\Pictures\Sample Pictures\Koala.jpg' sent to object: 'Object Repository/Final Object Repo/New Registration - Registration Module Pages/Third Screen - Upload Supporting Doc- Preview/Upload File Adding'

2018-12-11 16:17:44 - [MESSAGE][PASSED] - File 'C:\Users\Public\Pictures\Sample Pictures\Koala.jpg' sent to object: 'Object Repository/Final Object Repo/New Registration - Registration Module Pages/Third Screen - Upload Supporting Doc- Preview/Upload File Adding'

2018-12-11 16:17:44 - [TEST_STEP][PASSED] - delay: Delayed 5 second(s)

2018-12-11 16:17:49 - [MESSAGE][PASSED] - Delayed 5 second(s)

2018-12-11 16:17:49 - [TEST_STEP][PASSED] - click: Object: 'Object Repository/Final Object Repo/New Registration - Registration Module Pages/Third Screen - Upload Supporting Doc- Preview/Inner Form Add Document Button' is clicked on

2018-12-11 16:17:49 - [MESSAGE][PASSED] - Object: 'Object Repository/Final Object Repo/New Registration - Registration Module Pages/Third Screen - Upload Supporting Doc- Preview/Inner Form Add Document Button' is clicked on

2018-12-11 16:17:49 - [TEST_STEP][PASSED] - delay: Delayed 3 second(s)

2018-12-11 16:17:52 - [MESSAGE][PASSED] - Delayed 3 second(s)

2018-12-11 16:17:52 - [TEST_STEP][PASSED] - waitForElementClickable: Object 'Object Repository/Final Object Repo/New Registration - Registration Module Pages/Third Screen - Upload Supporting Doc- Preview/Save n Continue in Uploading Supporting Doc Page' is clickable

2018-12-11 16:17:53 - [MESSAGE][PASSED] - Object 'Object Repository/Final Object Repo/New Registration - Registration Module Pages/Third Screen - Upload Supporting Doc- Preview/Save n Continue in Uploading Supporting Doc Page' is clickable

2018-12-11 16:17:53 - [TEST_STEP][PASSED] - click: Object: 'Object Repository/Final Object Repo/New Registration - Registration Module Pages/Third Screen - Upload Supporting Doc- Preview/Save n Continue in Uploading Supporting Doc Page' is clicked on

2018-12-11 16:17:54 - [MESSAGE][PASSED] - Object: 'Object Repository/Final Object Repo/New Registration - Registration Module Pages/Third Screen - Upload Supporting Doc- Preview/Save n Continue in Uploading Supporting Doc Page' is clicked on

2018-12-11 16:17:54 - [MESSAGE][PASSED] - Call Test Case 'Test Cases/Final Aug 2018 - PKS Automation/Registration Module/New Registration/Flow of New Registration/Third Screen - Upload Supporting Doc - Preview' successfully

2018-12-11 16:17:54 - [TEST_STEP][PASSED] - callTestCase: Call Test Case 'Test Cases/Final Aug 2018 - PKS Automation/Registration Module/New Registration/Submit and Screenshot/Submit Registration and Screenshot - Copy' successfully

2018-12-11 16:17:54 - [TEST_CASE][PASSED] - Test Cases/Final Aug 2018 - PKS Automation/Registration Module/New Registration/Submit and Screenshot/Submit Registration and Screenshot - Copy: Test Cases/Final Aug 2018 - PKS Automation/Registration Module/New Registration/Submit and Screenshot/Submit Registration and Screenshot - Copy

2018-12-11 16:17:54 - [TEST_STEP][PASSED] - delay: Delayed 6 second(s)

2018-12-11 16:18:00 - [MESSAGE][PASSED] - Delayed 6 second(s)

2018-12-11 16:18:00 - [TEST_STEP][PASSED] - click: Object: 'Object Repository/Final Object Repo/New Registration - Registration Module Pages/Third Screen - Upload Supporting Doc- Preview/Preview Submit Button' is clicked on

2018-12-11 16:18:00 - [MESSAGE][PASSED] - Object: 'Object Repository/Final Object Repo/New Registration - Registration Module Pages/Third Screen - Upload Supporting Doc- Preview/Preview Submit Button' is clicked on

2018-12-11 16:18:00 - [TEST_STEP][PASSED] - delay: Delayed 2 second(s)

2018-12-11 16:18:02 - [MESSAGE][PASSED] - Delayed 2 second(s)

2018-12-11 16:18:02 - [TEST_STEP][PASSED] - click: Object: 'Object Repository/Final Object Repo/New Registration - Registration Module Pages/Third Screen - Upload Supporting Doc- Preview/Preview Submit - Confirm' is clicked on

2018-12-11 16:18:02 - [MESSAGE][PASSED] - Object: 'Object Repository/Final Object Repo/New Registration - Registration Module Pages/Third Screen - Upload Supporting Doc- Preview/Preview Submit - Confirm' is clicked on

2018-12-11 16:18:02 - [TEST_STEP][PASSED] - delay: Delayed 15 second(s)

2018-12-11 16:18:17 - [MESSAGE][PASSED] - Delayed 15 second(s)

2018-12-11 16:18:17 - [TEST_STEP][PASSED] - Statement - driver = com.kms.katalon.core.webui.driver.DriverFactory.getWebDriver(): null

2018-12-11 16:18:17 - [TEST_STEP][PASSED] - Statement - driver.manage().timeouts().implicitlyWait(10, SECONDS): null

2018-12-11 16:18:17 - [TEST_STEP][PASSED] - Statement - PresavePath = KatalonScreenshots: null

2018-12-11 16:18:17 - [TEST_STEP][PASSED] - Statement - pathPrefix = "C:\Users\Public\Pictures\Sample Pictures\Katalon Screenshots\Automate Ending Screen": null

2018-12-11 16:18:17 - [TEST_STEP][PASSED] - Statement - finalPath = <not implemented yet for class: org.codehaus.groovy.ast.expr.EmptyExpression>: null

2018-12-11 16:18:17 - [TEST_STEP][PASSED] - Statement - scrFile = driver.getScreenshotAs(FILE): null

2018-12-11 16:18:17 - [TEST_STEP][PASSED] - Statement - PreSaveFile = new java.io.File(PresavePath): null

2018-12-11 16:18:17 - [TEST_STEP][PASSED] - Statement - counter = 0: null

2018-12-11 16:18:17 - [TEST_STEP][PASSED] - Statement - If (PreSaveFile.exists()): null

2018-12-11 16:18:17 - [TEST_STEP][PASSED] - Statement - While (PreSaveFile.exists()): null

2018-12-11 16:18:17 - [TEST_STEP][PASSED] - Statement - counter = counter + 1: null

2018-12-11 16:18:17 - [TEST_STEP][PASSED] - Statement - PreSaveFile = new java.io.File(((pathPrefix + java.lang.Integer.toString(counter)) + .png)): null

2018-12-11 16:18:17 - [TEST_STEP][PASSED] - Statement - counter = counter + 1: null

2018-12-11 16:18:17 - [TEST_STEP][PASSED] - Statement - PreSaveFile = new java.io.File(((pathPrefix + java.lang.Integer.toString(counter)) + .png)): null

2018-12-11 16:18:17 - [TEST_STEP][PASSED] - Statement - counter = counter + 1: null

2018-12-11 16:18:17 - [TEST_STEP][PASSED] - Statement - PreSaveFile = new java.io.File(((pathPrefix + java.lang.Integer.toString(counter)) + .png)): null

2018-12-11 16:18:17 - [TEST_STEP][PASSED] - Statement - counter = counter + 1: null

2018-12-11 16:18:17 - [TEST_STEP][PASSED] - Statement - PreSaveFile = new java.io.File(((pathPrefix + java.lang.Integer.toString(counter)) + .png)): null

2018-12-11 16:18:17 - [TEST_STEP][PASSED] - Statement - counter = counter + 1: null

2018-12-11 16:18:17 - [TEST_STEP][PASSED] - Statement - PreSaveFile = new java.io.File(((pathPrefix + java.lang.Integer.toString(counter)) + .png)): null

2018-12-11 16:18:17 - [TEST_STEP][PASSED] - Statement - counter = counter + 1: null

2018-12-11 16:18:17 - [TEST_STEP][PASSED] - Statement - PreSaveFile = new java.io.File(((pathPrefix + java.lang.Integer.toString(counter)) + .png)): null

2018-12-11 16:18:17 - [TEST_STEP][PASSED] - Statement - counter = counter + 1: null

2018-12-11 16:18:17 - [TEST_STEP][PASSED] - Statement - PreSaveFile = new java.io.File(((pathPrefix + java.lang.Integer.toString(counter)) + .png)): null

2018-12-11 16:18:17 - [TEST_STEP][PASSED] - Statement - counter = counter + 1: null

2018-12-11 16:18:17 - [TEST_STEP][PASSED] - Statement - PreSaveFile = new java.io.File(((pathPrefix + java.lang.Integer.toString(counter)) + .png)): null

2018-12-11 16:18:17 - [TEST_STEP][PASSED] - Statement - counter = counter + 1: null

2018-12-11 16:18:17 - [TEST_STEP][PASSED] - Statement - PreSaveFile = new java.io.File(((pathPrefix + java.lang.Integer.toString(counter)) + .png)): null

2018-12-11 16:18:17 - [TEST_STEP][PASSED] - Statement - counter = counter + 1: null

2018-12-11 16:18:17 - [TEST_STEP][PASSED] - Statement - PreSaveFile = new java.io.File(((pathPrefix + java.lang.Integer.toString(counter)) + .png)): null

2018-12-11 16:18:17 - [TEST_STEP][PASSED] - Statement - counter = counter + 1: null

2018-12-11 16:18:17 - [TEST_STEP][PASSED] - Statement - PreSaveFile = new java.io.File(((pathPrefix + java.lang.Integer.toString(counter)) + .png)): null

2018-12-11 16:18:17 - [TEST_STEP][PASSED] - Statement - counter = counter + 1: null

2018-12-11 16:18:17 - [TEST_STEP][PASSED] - Statement - PreSaveFile = new java.io.File(((pathPrefix + java.lang.Integer.toString(counter)) + .png)): null

2018-12-11 16:18:17 - [TEST_STEP][PASSED] - Statement - counter = counter + 1: null

2018-12-11 16:18:17 - [TEST_STEP][PASSED] - Statement - PreSaveFile = new java.io.File(((pathPrefix + java.lang.Integer.toString(counter)) + .png)): null

2018-12-11 16:18:17 - [TEST_STEP][PASSED] - Statement - counter = counter + 1: null

2018-12-11 16:18:17 - [TEST_STEP][PASSED] - Statement - PreSaveFile = new java.io.File(((pathPrefix + java.lang.Integer.toString(counter)) + .png)): null

2018-12-11 16:18:17 - [TEST_STEP][PASSED] - Statement - counter = counter + 1: null

2018-12-11 16:18:17 - [TEST_STEP][PASSED] - Statement - PreSaveFile = new java.io.File(((pathPrefix + java.lang.Integer.toString(counter)) + .png)): null

2018-12-11 16:18:17 - [TEST_STEP][PASSED] - Statement - counter = counter + 1: null

2018-12-11 16:18:17 - [TEST_STEP][PASSED] - Statement - PreSaveFile = new java.io.File(((pathPrefix + java.lang.Integer.toString(counter)) + .png)): null

2018-12-11 16:18:17 - [TEST_STEP][PASSED] - Statement - counter = counter + 1: null

2018-12-11 16:18:17 - [TEST_STEP][PASSED] - Statement - PreSaveFile = new java.io.File(((pathPrefix + java.lang.Integer.toString(counter)) + .png)): null

2018-12-11 16:18:17 - [TEST_STEP][PASSED] - Statement - counter = counter + 1: null

2018-12-11 16:18:17 - [TEST_STEP][PASSED] - Statement - PreSaveFile = new java.io.File(((pathPrefix + java.lang.Integer.toString(counter)) + .png)): null

2018-12-11 16:18:17 - [TEST_STEP][PASSED] - Statement - counter = counter + 1: null

2018-12-11 16:18:17 - [TEST_STEP][PASSED] - Statement - PreSaveFile = new java.io.File(((pathPrefix + java.lang.Integer.toString(counter)) + .png)): null

2018-12-11 16:18:17 - [TEST_STEP][PASSED] - Statement - counter = counter + 1: null

2018-12-11 16:18:17 - [TEST_STEP][PASSED] - Statement - PreSaveFile = new java.io.File(((pathPrefix + java.lang.Integer.toString(counter)) + .png)): null

2018-12-11 16:18:17 - [TEST_STEP][PASSED] - Statement - counter = counter + 1: null

2018-12-11 16:18:17 - [TEST_STEP][PASSED] - Statement - PreSaveFile = new java.io.File(((pathPrefix + java.lang.Integer.toString(counter)) + .png)): null

2018-12-11 16:18:17 - [TEST_STEP][PASSED] - Statement - counter = counter + 1: null

2018-12-11 16:18:18 - [TEST_STEP][PASSED] - Statement - PreSaveFile = new java.io.File(((pathPrefix + java.lang.Integer.toString(counter)) + .png)): null

2018-12-11 16:18:18 - [TEST_STEP][PASSED] - Statement - counter = counter + 1: null

2018-12-11 16:18:18 - [TEST_STEP][PASSED] - Statement - PreSaveFile = new java.io.File(((pathPrefix + java.lang.Integer.toString(counter)) + .png)): null

2018-12-11 16:18:18 - [TEST_STEP][PASSED] - Statement - counter = counter + 1: null

2018-12-11 16:18:18 - [TEST_STEP][PASSED] - Statement - PreSaveFile = new java.io.File(((pathPrefix + java.lang.Integer.toString(counter)) + .png)): null

2018-12-11 16:18:18 - [TEST_STEP][PASSED] - Statement - counter = counter + 1: null

2018-12-11 16:18:18 - [TEST_STEP][PASSED] - Statement - PreSaveFile = new java.io.File(((pathPrefix + java.lang.Integer.toString(counter)) + .png)): null

2018-12-11 16:18:18 - [TEST_STEP][PASSED] - Statement - counter = counter + 1: null

2018-12-11 16:18:18 - [TEST_STEP][PASSED] - Statement - PreSaveFile = new java.io.File(((pathPrefix + java.lang.Integer.toString(counter)) + .png)): null

2018-12-11 16:18:18 - [TEST_STEP][PASSED] - Statement - counter = counter + 1: null

2018-12-11 16:18:18 - [TEST_STEP][PASSED] - Statement - PreSaveFile = new java.io.File(((pathPrefix + java.lang.Integer.toString(counter)) + .png)): null

2018-12-11 16:18:18 - [TEST_STEP][PASSED] - Statement - counter = counter + 1: null

2018-12-11 16:18:18 - [TEST_STEP][PASSED] - Statement - PreSaveFile = new java.io.File(((pathPrefix + java.lang.Integer.toString(counter)) + .png)): null

2018-12-11 16:18:18 - [TEST_STEP][PASSED] - Statement - counter = counter + 1: null

2018-12-11 16:18:18 - [TEST_STEP][PASSED] - Statement - PreSaveFile = new java.io.File(((pathPrefix + java.lang.Integer.toString(counter)) + .png)): null

2018-12-11 16:18:18 - [TEST_STEP][PASSED] - Statement - counter = counter + 1: null

2018-12-11 16:18:18 - [TEST_STEP][PASSED] - Statement - PreSaveFile = new java.io.File(((pathPrefix + java.lang.Integer.toString(counter)) + .png)): null

2018-12-11 16:18:18 - [TEST_STEP][PASSED] - Statement - counter = counter + 1: null

2018-12-11 16:18:18 - [TEST_STEP][PASSED] - Statement - PreSaveFile = new java.io.File(((pathPrefix + java.lang.Integer.toString(counter)) + .png)): null

2018-12-11 16:18:18 - [TEST_STEP][PASSED] - Statement - counter = counter + 1: null

2018-12-11 16:18:18 - [TEST_STEP][PASSED] - Statement - PreSaveFile = new java.io.File(((pathPrefix + java.lang.Integer.toString(counter)) + .png)): null

2018-12-11 16:18:18 - [TEST_STEP][PASSED] - Statement - counter = counter + 1: null

2018-12-11 16:18:18 - [TEST_STEP][PASSED] - Statement - PreSaveFile = new java.io.File(((pathPrefix + java.lang.Integer.toString(counter)) + .png)): null

2018-12-11 16:18:18 - [TEST_STEP][PASSED] - Statement - counter = counter + 1: null

2018-12-11 16:18:18 - [TEST_STEP][PASSED] - Statement - PreSaveFile = new java.io.File(((pathPrefix + java.lang.Integer.toString(counter)) + .png)): null

2018-12-11 16:18:18 - [TEST_STEP][PASSED] - Statement - counter = counter + 1: null

2018-12-11 16:18:18 - [TEST_STEP][PASSED] - Statement - PreSaveFile = new java.io.File(((pathPrefix + java.lang.Integer.toString(counter)) + .png)): null

2018-12-11 16:18:18 - [TEST_STEP][PASSED] - Statement - counter = counter + 1: null

2018-12-11 16:18:18 - [TEST_STEP][PASSED] - Statement - PreSaveFile = new java.io.File(((pathPrefix + java.lang.Integer.toString(counter)) + .png)): null

2018-12-11 16:18:18 - [TEST_STEP][PASSED] - Statement - counter = counter + 1: null

2018-12-11 16:18:18 - [TEST_STEP][PASSED] - Statement - PreSaveFile = new java.io.File(((pathPrefix + java.lang.Integer.toString(counter)) + .png)): null

2018-12-11 16:18:18 - [TEST_STEP][PASSED] - Statement - counter = counter + 1: null

2018-12-11 16:18:18 - [TEST_STEP][PASSED] - Statement - PreSaveFile = new java.io.File(((pathPrefix + java.lang.Integer.toString(counter)) + .png)): null

2018-12-11 16:18:18 - [TEST_STEP][PASSED] - Statement - counter = counter + 1: null

2018-12-11 16:18:18 - [TEST_STEP][PASSED] - Statement - PreSaveFile = new java.io.File(((pathPrefix + java.lang.Integer.toString(counter)) + .png)): null

2018-12-11 16:18:18 - [TEST_STEP][PASSED] - Statement - counter = counter + 1: null

2018-12-11 16:18:18 - [TEST_STEP][PASSED] - Statement - PreSaveFile = new java.io.File(((pathPrefix + java.lang.Integer.toString(counter)) + .png)): null

2018-12-11 16:18:18 - [TEST_STEP][PASSED] - Statement - counter = counter + 1: null

2018-12-11 16:18:18 - [TEST_STEP][PASSED] - Statement - PreSaveFile = new java.io.File(((pathPrefix + java.lang.Integer.toString(counter)) + .png)): null

2018-12-11 16:18:18 - [TEST_STEP][PASSED] - Statement - counter = counter + 1: null

2018-12-11 16:18:18 - [TEST_STEP][PASSED] - Statement - PreSaveFile = new java.io.File(((pathPrefix + java.lang.Integer.toString(counter)) + .png)): null

2018-12-11 16:18:18 - [TEST_STEP][PASSED] - Statement - counter = counter + 1: null

2018-12-11 16:18:18 - [TEST_STEP][PASSED] - Statement - PreSaveFile = new java.io.File(((pathPrefix + java.lang.Integer.toString(counter)) + .png)): null

2018-12-11 16:18:18 - [TEST_STEP][PASSED] - Statement - counter = counter + 1: null

2018-12-11 16:18:18 - [TEST_STEP][PASSED] - Statement - PreSaveFile = new java.io.File(((pathPrefix + java.lang.Integer.toString(counter)) + .png)): null

2018-12-11 16:18:18 - [TEST_STEP][PASSED] - Statement - counter = counter + 1: null

2018-12-11 16:18:18 - [TEST_STEP][PASSED] - Statement - PreSaveFile = new java.io.File(((pathPrefix + java.lang.Integer.toString(counter)) + .png)): null

2018-12-11 16:18:18 - [TEST_STEP][PASSED] - Statement - counter = counter + 1: null

2018-12-11 16:18:18 - [TEST_STEP][PASSED] - Statement - PreSaveFile = new java.io.File(((pathPrefix + java.lang.Integer.toString(counter)) + .png)): null

2018-12-11 16:18:18 - [TEST_STEP][PASSED] - Statement - counter = counter + 1: null

2018-12-11 16:18:18 - [TEST_STEP][PASSED] - Statement - PreSaveFile = new java.io.File(((pathPrefix + java.lang.Integer.toString(counter)) + .png)): null

2018-12-11 16:18:18 - [TEST_STEP][PASSED] - Statement - counter = counter + 1: null

2018-12-11 16:18:18 - [TEST_STEP][PASSED] - Statement - PreSaveFile = new java.io.File(((pathPrefix + java.lang.Integer.toString(counter)) + .png)): null

2018-12-11 16:18:18 - [TEST_STEP][PASSED] - Statement - counter = counter + 1: null

2018-12-11 16:18:18 - [TEST_STEP][PASSED] - Statement - PreSaveFile = new java.io.File(((pathPrefix + java.lang.Integer.toString(counter)) + .png)): null

2018-12-11 16:18:18 - [TEST_STEP][PASSED] - Statement - counter = counter + 1: null

2018-12-11 16:18:18 - [TEST_STEP][PASSED] - Statement - PreSaveFile = new java.io.File(((pathPrefix + java.lang.Integer.toString(counter)) + .png)): null

2018-12-11 16:18:18 - [TEST_STEP][PASSED] - Statement - counter = counter + 1: null

2018-12-11 16:18:18 - [TEST_STEP][PASSED] - Statement - PreSaveFile = new java.io.File(((pathPrefix + java.lang.Integer.toString(counter)) + .png)): null

2018-12-11 16:18:18 - [TEST_STEP][PASSED] - Statement - counter = counter + 1: null

2018-12-11 16:18:18 - [TEST_STEP][PASSED] - Statement - PreSaveFile = new java.io.File(((pathPrefix + java.lang.Integer.toString(counter)) + .png)): null

2018-12-11 16:18:18 - [TEST_STEP][PASSED] - Statement - counter = counter + 1: null

2018-12-11 16:18:18 - [TEST_STEP][PASSED] - Statement - PreSaveFile = new java.io.File(((pathPrefix + java.lang.Integer.toString(counter)) + .png)): null

2018-12-11 16:18:18 - [TEST_STEP][PASSED] - Statement - counter = counter + 1: null

2018-12-11 16:18:18 - [TEST_STEP][PASSED] - Statement - PreSaveFile = new java.io.File(((pathPrefix + java.lang.Integer.toString(counter)) + .png)): null

2018-12-11 16:18:18 - [TEST_STEP][PASSED] - Statement - counter = counter + 1: null

2018-12-11 16:18:18 - [TEST_STEP][PASSED] - Statement - PreSaveFile = new java.io.File(((pathPrefix + java.lang.Integer.toString(counter)) + .png)): null

2018-12-11 16:18:18 - [TEST_STEP][PASSED] - Statement - counter = counter + 1: null

2018-12-11 16:18:18 - [TEST_STEP][PASSED] - Statement - PreSaveFile = new java.io.File(((pathPrefix + java.lang.Integer.toString(counter)) + .png)): null

2018-12-11 16:18:18 - [TEST_STEP][PASSED] - Statement - counter = counter + 1: null

2018-12-11 16:18:18 - [TEST_STEP][PASSED] - Statement - PreSaveFile = new java.io.File(((pathPrefix + java.lang.Integer.toString(counter)) + .png)): null

2018-12-11 16:18:18 - [TEST_STEP][PASSED] - Statement - counter = counter + 1: null

2018-12-11 16:18:18 - [TEST_STEP][PASSED] - Statement - PreSaveFile = new java.io.File(((pathPrefix + java.lang.Integer.toString(counter)) + .png)): null

2018-12-11 16:18:18 - [TEST_STEP][PASSED] - Statement - counter = counter + 1: null

2018-12-11 16:18:18 - [TEST_STEP][PASSED] - Statement - PreSaveFile = new java.io.File(((pathPrefix + java.lang.Integer.toString(counter)) + .png)): null

2018-12-11 16:18:18 - [TEST_STEP][PASSED] - Statement - counter = counter + 1: null

2018-12-11 16:18:18 - [TEST_STEP][PASSED] - Statement - PreSaveFile = new java.io.File(((pathPrefix + java.lang.Integer.toString(counter)) + .png)): null

2018-12-11 16:18:18 - [TEST_STEP][PASSED] - Statement - counter = counter + 1: null

2018-12-11 16:18:18 - [TEST_STEP][PASSED] - Statement - PreSaveFile = new java.io.File(((pathPrefix + java.lang.Integer.toString(counter)) + .png)): null

2018-12-11 16:18:18 - [TEST_STEP][PASSED] - Statement - counter = counter + 1: null

2018-12-11 16:18:18 - [TEST_STEP][PASSED] - Statement - PreSaveFile = new java.io.File(((pathPrefix + java.lang.Integer.toString(counter)) + .png)): null

2018-12-11 16:18:18 - [TEST_STEP][PASSED] - Statement - counter = counter + 1: null

2018-12-11 16:18:18 - [TEST_STEP][PASSED] - Statement - PreSaveFile = new java.io.File(((pathPrefix + java.lang.Integer.toString(counter)) + .png)): null

2018-12-11 16:18:18 - [TEST_STEP][PASSED] - Statement - counter = counter + 1: null

2018-12-11 16:18:18 - [TEST_STEP][PASSED] - Statement - PreSaveFile = new java.io.File(((pathPrefix + java.lang.Integer.toString(counter)) + .png)): null

2018-12-11 16:18:18 - [TEST_STEP][PASSED] - Statement - counter = counter + 1: null

2018-12-11 16:18:18 - [TEST_STEP][PASSED] - Statement - PreSaveFile = new java.io.File(((pathPrefix + java.lang.Integer.toString(counter)) + .png)): null

2018-12-11 16:18:18 - [TEST_STEP][PASSED] - Statement - counter = counter + 1: null

2018-12-11 16:18:18 - [TEST_STEP][PASSED] - Statement - PreSaveFile = new java.io.File(((pathPrefix + java.lang.Integer.toString(counter)) + .png)): null

2018-12-11 16:18:18 - [TEST_STEP][PASSED] - Statement - counter = counter + 1: null

2018-12-11 16:18:18 - [TEST_STEP][PASSED] - Statement - PreSaveFile = new java.io.File(((pathPrefix + java.lang.Integer.toString(counter)) + .png)): null

2018-12-11 16:18:18 - [TEST_STEP][PASSED] - Statement - counter = counter + 1: null

2018-12-11 16:18:18 - [TEST_STEP][PASSED] - Statement - PreSaveFile = new java.io.File(((pathPrefix + java.lang.Integer.toString(counter)) + .png)): null

2018-12-11 16:18:18 - [TEST_STEP][PASSED] - Statement - counter = counter + 1: null

2018-12-11 16:18:18 - [TEST_STEP][PASSED] - Statement - PreSaveFile = new java.io.File(((pathPrefix + java.lang.Integer.toString(counter)) + .png)): null

2018-12-11 16:18:18 - [TEST_STEP][PASSED] - Statement - counter = counter + 1: null

2018-12-11 16:18:18 - [TEST_STEP][PASSED] - Statement - PreSaveFile = new java.io.File(((pathPrefix + java.lang.Integer.toString(counter)) + .png)): null

2018-12-11 16:18:18 - [TEST_STEP][PASSED] - Statement - counter = counter + 1: null

2018-12-11 16:18:18 - [TEST_STEP][PASSED] - Statement - PreSaveFile = new java.io.File(((pathPrefix + java.lang.Integer.toString(counter)) + .png)): null

2018-12-11 16:18:18 - [TEST_STEP][PASSED] - Statement - counter = counter + 1: null

2018-12-11 16:18:18 - [TEST_STEP][PASSED] - Statement - PreSaveFile = new java.io.File(((pathPrefix + java.lang.Integer.toString(counter)) + .png)): null

2018-12-11 16:18:18 - [TEST_STEP][PASSED] - Statement - counter = counter + 1: null

2018-12-11 16:18:18 - [TEST_STEP][PASSED] - Statement - PreSaveFile = new java.io.File(((pathPrefix + java.lang.Integer.toString(counter)) + .png)): null

2018-12-11 16:18:18 - [TEST_STEP][PASSED] - Statement - counter = counter + 1: null

2018-12-11 16:18:18 - [TEST_STEP][PASSED] - Statement - PreSaveFile = new java.io.File(((pathPrefix + java.lang.Integer.toString(counter)) + .png)): null

2018-12-11 16:18:18 - [TEST_STEP][PASSED] - Statement - counter = counter + 1: null

2018-12-11 16:18:18 - [TEST_STEP][PASSED] - Statement - PreSaveFile = new java.io.File(((pathPrefix + java.lang.Integer.toString(counter)) + .png)): null

2018-12-11 16:18:18 - [TEST_STEP][PASSED] - Statement - counter = counter + 1: null

2018-12-11 16:18:18 - [TEST_STEP][PASSED] - Statement - PreSaveFile = new java.io.File(((pathPrefix + java.lang.Integer.toString(counter)) + .png)): null

2018-12-11 16:18:18 - [TEST_STEP][PASSED] - Statement - counter = counter + 1: null

2018-12-11 16:18:18 - [TEST_STEP][PASSED] - Statement - PreSaveFile = new java.io.File(((pathPrefix + java.lang.Integer.toString(counter)) + .png)): null

2018-12-11 16:18:18 - [TEST_STEP][PASSED] - Statement - counter = counter + 1: null

2018-12-11 16:18:18 - [TEST_STEP][PASSED] - Statement - PreSaveFile = new java.io.File(((pathPrefix + java.lang.Integer.toString(counter)) + .png)): null

2018-12-11 16:18:18 - [TEST_STEP][PASSED] - Statement - counter = counter + 1: null

2018-12-11 16:18:18 - [TEST_STEP][PASSED] - Statement - PreSaveFile = new java.io.File(((pathPrefix + java.lang.Integer.toString(counter)) + .png)): null

2018-12-11 16:18:18 - [TEST_STEP][PASSED] - Statement - counter = counter + 1: null

2018-12-11 16:18:18 - [TEST_STEP][PASSED] - Statement - PreSaveFile = new java.io.File(((pathPrefix + java.lang.Integer.toString(counter)) + .png)): null

2018-12-11 16:18:18 - [TEST_STEP][PASSED] - Statement - counter = counter + 1: null

2018-12-11 16:18:18 - [TEST_STEP][PASSED] - Statement - PreSaveFile = new java.io.File(((pathPrefix + java.lang.Integer.toString(counter)) + .png)): null

2018-12-11 16:18:18 - [TEST_STEP][PASSED] - Statement - finalPath = pathPrefix + java.lang.Integer.toString(counter) + ".png": null

2018-12-11 16:18:18 - [TEST_STEP][PASSED] - Statement - SaveFile = new java.io.File(finalPath): null

2018-12-11 16:18:18 - [TEST_STEP][PASSED] - Statement - Try: null

2018-12-11 16:18:18 - [TEST_STEP][PASSED] - Statement - org.apache.commons.io.FileUtils.copyFile(scrFile, SaveFile): null

2018-12-11 16:18:18 - [TEST_STEP][PASSED] - Statement - out.println("file kept"): null

2018-12-11 16:18:18 - [TEST_STEP][PASSED] - delay: Delayed 10 second(s)

2018-12-11 16:18:28 - [MESSAGE][PASSED] - Delayed 10 second(s)

2018-12-11 16:18:28 - [MESSAGE][PASSED] - Call Test Case 'Test Cases/Final Aug 2018 - PKS Automation/Registration Module/New Registration/Submit and Screenshot/Submit Registration and Screenshot - Copy' successfully

2018-12-11 16:18:28 - [TEST_STEP][PASSED] - Statement - UpdateAddNewECode = com.kms.katalon.core.webui.keyword.WebUiBuiltInKeywords.getText(com.kms.katalon.core.testobject.ObjectRepository.findTestObject(Object Repository/Final Object Repo/Page_Update Add New Employee - ASSIST/getEmpCode)): Text of object 'Object Repository/Final Object Repo/Page_Update Add New Employee - ASSIST/getEmpCode' is: 'E1102070759F'

2018-12-11 16:18:28 - [MESSAGE][PASSED] - Text of object 'Object Repository/Final Object Repo/Page_Update Add New Employee - ASSIST/getEmpCode' is: 'E1102070759F'

2018-12-11 16:18:28 - [TEST_STEP][PASSED] - callTestCase: Call Test Case 'Test Cases/Final Aug 2018 - PKS Automation/Common/Emp Code Setter' successfully

2018-12-11 16:18:28 - [TEST_CASE][PASSED] - Test Cases/Final Aug 2018 - PKS Automation/Common/Emp Code Setter: Test Cases/Final Aug 2018 - PKS Automation/Common/Emp Code Setter

2018-12-11 16:18:28 - [TEST_STEP][PASSED] - Statement - EmpCodeOld = new java.io.File(C://Users//Admin//Desktop//PKS//Automation Reference Point//EmpCode.txt): null

2018-12-11 16:18:28 - [TEST_STEP][PASSED] - Statement - EmpCodeOld.delete(): null

2018-12-11 16:18:28 - [TEST_STEP][PASSED] - Statement - EmpCode = new java.io.File(C://Users//Admin//Desktop//PKS//Automation Reference Point//EmpCode.txt): null

2018-12-11 16:18:28 - [TEST_STEP][PASSED] - Statement - f2 = new java.io.FileWriter(EmpCode, false): null

2018-12-11 16:18:28 - [TEST_STEP][PASSED] - Statement - f2.write(UpdateAddNewECode): null

2018-12-11 16:18:28 - [TEST_STEP][PASSED] - Statement - f2.close(): null

2018-12-11 16:18:28 - [TEST_STEP][PASSED] - Statement - out.println("


" + UpdateAddNewECode + "


"): null

2018-12-11 16:18:28 - [MESSAGE][PASSED] - Call Test Case 'Test Cases/Final Aug 2018 - PKS Automation/Common/Emp Code Setter' successfully

2018-12-11 16:18:28 - [MESSAGE][PASSED] - Call Test Case 'Test Cases/Final Aug 2018 - PKS Automation/Registration Module/Workflow/Update Add New Employee/Template/New Company for Update Add New' successfully

2018-12-11 16:18:28 - [TEST_STEP][PASSED] - callTestCase: Call Test Case 'Test Cases/Final Aug 2018 - PKS Automation/Registration Module/Log Out/log out avoiding katalon tagging' successfully

2018-12-11 16:18:28 - [TEST_CASE][PASSED] - Test Cases/Final Aug 2018 - PKS Automation/Registration Module/Log Out/log out avoiding katalon tagging: Test Cases/Final Aug 2018 - PKS Automation/Registration Module/Log Out/log out avoiding katalon tagging

2018-12-11 16:18:28 - [TEST_STEP][PASSED] - navigateToUrl: Navigate to 'https://assist2-uat.perkeso.gov.my/c/portal/logout' successfully

2018-12-11 16:18:29 - [MESSAGE][PASSED] - Navigate to 'https://assist2-uat.perkeso.gov.my/c/portal/logout' successfully

2018-12-11 16:18:29 - [MESSAGE][PASSED] - Call Test Case 'Test Cases/Final Aug 2018 - PKS Automation/Registration Module/Log Out/log out avoiding katalon tagging' successfully

2018-12-11 16:18:29 - [TEST_STEP][PASSED] - callTestCase: Call Test Case 'Test Cases/Final Aug 2018 - PKS Automation/Registration Module/New Registration/Form 2/Date Updater' successfully

2018-12-11 16:18:29 - [TEST_CASE][PASSED] - Test Cases/Final Aug 2018 - PKS Automation/Registration Module/New Registration/Form 2/Date Updater: Test Cases/Final Aug 2018 - PKS Automation/Registration Module/New Registration/Form 2/Date Updater

2018-12-11 16:18:29 - [TEST_STEP][PASSED] - Statement - TodayDate = new java.util.Date(): null

2018-12-11 16:18:29 - [TEST_STEP][PASSED] - Statement - CurrentDateNoFilter = new java.text.SimpleDateFormat(): null

2018-12-11 16:18:29 - [TEST_STEP][PASSED] - Statement - CurrentDateNoFilter.applyPattern("MM"): null

2018-12-11 16:18:29 - [TEST_STEP][PASSED] - Statement - monthContainerMatcher = java.lang.Integer.parseInt(CurrentDateNoFilter.format(TodayDate)): null

2018-12-11 16:18:29 - [TEST_STEP][PASSED] - Statement - monthContainerMatcher = monthContainerMatcher - 1: null

2018-12-11 16:18:29 - [TEST_STEP][PASSED] - Statement - CurrentMonth = monthContainerMatcher.toString(): null

2018-12-11 16:18:29 - [TEST_STEP][PASSED] - Statement - CurrentMonth = CurrentMonth: null

2018-12-11 16:18:29 - [TEST_STEP][PASSED] - Statement - CurrentDateNoFilter.applyPattern("yyyy"): null

2018-12-11 16:18:29 - [TEST_STEP][PASSED] - Statement - CurrentYear = CurrentDateNoFilter.format(TodayDate): null

2018-12-11 16:18:29 - [TEST_STEP][PASSED] - Statement - CurrentYear = CurrentYear: null

2018-12-11 16:18:29 - [TEST_STEP][PASSED] - Statement - intCurrentYear = java.lang.Integer.parseInt(CurrentDateNoFilter.format(TodayDate)): null

2018-12-11 16:18:29 - [TEST_STEP][PASSED] - Statement - eighteenYrsAgo = intCurrentYear - 18: null

2018-12-11 16:18:29 - [TEST_STEP][PASSED] - Statement - eighteenYrsBeforeThisYr = eighteenYrsAgo.toString(): null

2018-12-11 16:18:29 - [TEST_STEP][PASSED] - Statement - EighteenYrsBefore = eighteenYrsBeforeThisYr: null

2018-12-11 16:18:29 - [TEST_STEP][PASSED] - Statement - fiftysevenYrsAgo = intCurrentYear - 57: null

2018-12-11 16:18:29 - [TEST_STEP][PASSED] - Statement - fiftysevenYrsBeforeThisYr = fiftysevenYrsAgo.toString(): null

2018-12-11 16:18:29 - [TEST_STEP][PASSED] - Statement - FiftysevenYrsBefore = fiftysevenYrsBeforeThisYr: null

2018-12-11 16:18:29 - [TEST_STEP][PASSED] - Statement - leapYear = false: null

2018-12-11 16:18:29 - [TEST_STEP][PASSED] - Statement - leapYear = intCurrentYear % 4 == 0: null

2018-12-11 16:18:29 - [TEST_STEP][PASSED] - Statement - CurrentDateNoFilter.applyPattern("dd"): null

2018-12-11 16:18:29 - [TEST_STEP][PASSED] - Statement - CurrentDate = CurrentDateNoFilter.format(TodayDate): null

2018-12-11 16:18:29 - [TEST_STEP][PASSED] - Statement - CurrentDate = java.lang.Integer.parseInt(CurrentDate): null

2018-12-11 16:18:29 - [TEST_STEP][PASSED] - Statement - CurrentDate = CurrentDate: null

2018-12-11 16:18:29 - [TEST_STEP][PASSED] - Statement - CurrentDay = java.lang.Integer.parseInt(CurrentDate): null

2018-12-11 16:18:29 - [TEST_STEP][PASSED] - Statement - ConfAdder = <not implemented yet for class: org.codehaus.groovy.ast.expr.EmptyExpression>: null

2018-12-11 16:18:29 - [TEST_STEP][PASSED] - Statement - out.println(CurrentMonth): null

2018-12-11 16:18:29 - [TEST_STEP][PASSED] - Statement - out.println(CurrentDate): null

2018-12-11 16:18:29 - [TEST_STEP][PASSED] - Statement - switch (CurrentDate): null

2018-12-11 16:18:29 - [TEST_STEP][PASSED] - Statement - Default: null

2018-12-11 16:18:29 - [TEST_STEP][PASSED] - Statement - ConfAdder = true: null

2018-12-11 16:18:29 - [TEST_STEP][PASSED] - Statement - Break: null

2018-12-11 16:18:29 - [TEST_STEP][PASSED] - Statement - aDayBefore = <not implemented yet for class: org.codehaus.groovy.ast.expr.EmptyExpression>: null

2018-12-11 16:18:29 - [TEST_STEP][PASSED] - Statement - out.println(ConfAdder): null

2018-12-11 16:18:29 - [TEST_STEP][PASSED] - Statement - If (ConfAdder == true): null

2018-12-11 16:18:29 - [TEST_STEP][PASSED] - Statement - aDayBefore = CurrentDay + 1: null

2018-12-11 16:18:29 - [TEST_STEP][PASSED] - Statement - out.println(aDayBefore): null

2018-12-11 16:18:29 - [TEST_STEP][PASSED] - Statement - If (aDayBefore == 1 && CurrentMonth == 11): null

2018-12-11 16:18:29 - [TEST_STEP][PASSED] - Statement - DayBefore = aDayBefore.toString(): null

2018-12-11 16:18:29 - [TEST_STEP][PASSED] - Statement - OneDayBefore = DayBefore: null

2018-12-11 16:18:29 - [MESSAGE][PASSED] - Call Test Case 'Test Cases/Final Aug 2018 - PKS Automation/Registration Module/New Registration/Form 2/Date Updater' successfully

2018-12-11 16:18:29 - [TEST_STEP][PASSED] - delay: Delayed 2 second(s)

2018-12-11 16:18:31 - [MESSAGE][PASSED] - Delayed 2 second(s)

2018-12-11 16:18:31 - [TEST_STEP][PASSED] - setText: Text 'klotc2@gmail.com' is set on object 'Object Repository/Final Object Repo/Page_Update Add New Employee - ASSIST/Email TextBox'

2018-12-11 16:18:31 - [MESSAGE][PASSED] - Text 'klotc2@gmail.com' is set on object 'Object Repository/Final Object Repo/Page_Update Add New Employee - ASSIST/Email TextBox'

2018-12-11 16:18:31 - [TEST_STEP][PASSED] - click: Object: 'Object Repository/Final Object Repo/Page_Update Add New Employee - ASSIST/Next Button' is clicked on

2018-12-11 16:18:31 - [MESSAGE][PASSED] - Object: 'Object Repository/Final Object Repo/Page_Update Add New Employee - ASSIST/Next Button' is clicked on

2018-12-11 16:18:31 - [TEST_STEP][PASSED] - delay: Delayed 2 second(s)

2018-12-11 16:18:33 - [MESSAGE][PASSED] - Delayed 2 second(s)

2018-12-11 16:18:33 - [TEST_STEP][PASSED] - setText: Text 'Test1@3456789' is set on object 'Object Repository/Final Object Repo/Page_Update Add New Employee - ASSIST/Password TextBox'

2018-12-11 16:18:34 - [MESSAGE][PASSED] - Text 'Test1@3456789' is set on object 'Object Repository/Final Object Repo/Page_Update Add New Employee - ASSIST/Password TextBox'

2018-12-11 16:18:34 - [TEST_STEP][PASSED] - delay: Delayed 2 second(s)

2018-12-11 16:18:36 - [MESSAGE][PASSED] - Delayed 2 second(s)

2018-12-11 16:18:36 - [TEST_STEP][PASSED] - click: Object: 'Object Repository/Final Object Repo/Page_Update Add New Employee - ASSIST/Login Button' is clicked on

2018-12-11 16:18:36 - [MESSAGE][PASSED] - Object: 'Object Repository/Final Object Repo/Page_Update Add New Employee - ASSIST/Login Button' is clicked on

2018-12-11 16:18:36 - [TEST_STEP][PASSED] - delay: Delayed 4 second(s)

2018-12-11 16:18:40 - [MESSAGE][PASSED] - Delayed 4 second(s)

2018-12-11 16:18:40 - [TEST_STEP][PASSED] - Statement - Try: Delayed 2 second(s)

2018-12-11 16:18:40 - [TEST_STEP][PASSED] - Statement - Checker = false: null

2018-12-11 16:18:40 - [TEST_STEP][PASSED] - Statement - Checker = com.kms.katalon.core.webui.keyword.WebUiBuiltInKeywords.verifyElementHasAttribute(com.kms.katalon.core.testobject.ObjectRepository.findTestObject(Final Object Repo/Landing Page/BM Detecting), "href", 20, OPTIONAL): Object 'Object Repository/Final Object Repo/Landing Page/BM Detecting' has attribute 'href'

2018-12-11 16:18:40 - [MESSAGE][PASSED] - Object 'Object Repository/Final Object Repo/Landing Page/BM Detecting' has attribute 'href'

2018-12-11 16:18:40 - [TEST_STEP][PASSED] - Statement - out.println(Checker): null

2018-12-11 16:18:40 - [TEST_STEP][PASSED] - Statement - If (Checker == false): null

2018-12-11 16:18:40 - [TEST_STEP][PASSED] - Statement - Else: null

2018-12-11 16:18:40 - [TEST_STEP][PASSED] - delay: Delayed 2 second(s)

2018-12-11 16:18:42 - [MESSAGE][PASSED] - Delayed 2 second(s)

2018-12-11 16:18:42 - [TEST_STEP][PASSED] - delay: Delayed 4 second(s)

2018-12-11 16:18:46 - [MESSAGE][PASSED] - Delayed 4 second(s)

2018-12-11 16:18:46 - [TEST_STEP][PASSED] - click: Object: 'Object Repository/Final Object Repo/Page_Update Add New Employee - ASSIST/My Sites Drop Down' is clicked on

2018-12-11 16:18:46 - [MESSAGE][PASSED] - Object: 'Object Repository/Final Object Repo/Page_Update Add New Employee - ASSIST/My Sites Drop Down' is clicked on

2018-12-11 16:18:46 - [TEST_STEP][PASSED] - click: Object: 'Object Repository/Final Object Repo/Page_Update Add New Employee - ASSIST/Select to Registration Module' is clicked on

2018-12-11 16:18:47 - [MESSAGE][PASSED] - Object: 'Object Repository/Final Object Repo/Page_Update Add New Employee - ASSIST/Select to Registration Module' is clicked on

2018-12-11 16:18:47 - [TEST_STEP][PASSED] - navigateToUrl: Navigate to 'https://assist2-uat.perkeso.gov.my/web/registration/myassist' successfully

2018-12-11 16:18:48 - [MESSAGE][PASSED] - Navigate to 'https://assist2-uat.perkeso.gov.my/web/registration/myassist' successfully

2018-12-11 16:18:48 - [TEST_STEP][PASSED] - mouseOver: Object: 'Object Repository/Final Object Repo/Page_Update Add New Employee - ASSIST/Select to Update Akta 4 Tab' is hovered

2018-12-11 16:18:48 - [MESSAGE][PASSED] - Object: 'Object Repository/Final Object Repo/Page_Update Add New Employee - ASSIST/Select to Update Akta 4 Tab' is hovered

2018-12-11 16:18:48 - [TEST_STEP][PASSED] - delay: Delayed 2 second(s)

2018-12-11 16:18:50 - [MESSAGE][PASSED] - Delayed 2 second(s)

2018-12-11 16:18:50 - [TEST_STEP][PASSED] - click: Object: 'Object Repository/Final Object Repo/Page_Update Add New Employee - ASSIST/Select to Update Add New Employee' is clicked on

2018-12-11 16:18:50 - [MESSAGE][PASSED] - Object: 'Object Repository/Final Object Repo/Page_Update Add New Employee - ASSIST/Select to Update Add New Employee' is clicked on

2018-12-11 16:18:50 - [TEST_STEP][PASSED] - delay: Delayed 2 second(s)

2018-12-11 16:18:52 - [MESSAGE][PASSED] - Delayed 2 second(s)

2018-12-11 16:18:52 - [TEST_STEP][PASSED] - setText: Text 'E1102070759F' is set on object 'Object Repository/Final Object Repo/Page_Update Add New Employee - ASSIST/Employer Code input textbox'

2018-12-11 16:18:53 - [MESSAGE][PASSED] - Text 'E1102070759F' is set on object 'Object Repository/Final Object Repo/Page_Update Add New Employee - ASSIST/Employer Code input textbox'

2018-12-11 16:18:53 - [TEST_STEP][PASSED] - delay: Delayed 2 second(s)

2018-12-11 16:18:55 - [MESSAGE][PASSED] - Delayed 2 second(s)

2018-12-11 16:18:55 - [TEST_STEP][PASSED] - click: Object: 'Object Repository/Final Object Repo/Page_Update Add New Employee - ASSIST/Search Button for Employer Code' is clicked on

2018-12-11 16:18:55 - [MESSAGE][PASSED] - Object: 'Object Repository/Final Object Repo/Page_Update Add New Employee - ASSIST/Search Button for Employer Code' is clicked on

2018-12-11 16:18:55 - [TEST_STEP][PASSED] - delay: Delayed 4 second(s)

2018-12-11 16:18:59 - [MESSAGE][PASSED] - Delayed 4 second(s)

2018-12-11 16:18:59 - [TEST_STEP][PASSED] - click: Object: 'Object Repository/Final Object Repo/Page_Update Add New Employee - ASSIST/Click to Edit Case' is clicked on

2018-12-11 16:19:03 - [MESSAGE][PASSED] - Object: 'Object Repository/Final Object Repo/Page_Update Add New Employee - ASSIST/Click to Edit Case' is clicked on

2018-12-11 16:19:03 - [TEST_STEP][PASSED] - callTestCase: Call Test Case 'Test Cases/Final Aug 2018 - PKS Automation/Registration Module/Workflow/Update Add New Employee/Template/Employee Adding/Employee Set Decider' successfully

2018-12-11 16:19:03 - [TEST_CASE][PASSED] - Test Cases/Final Aug 2018 - PKS Automation/Registration Module/Workflow/Update Add New Employee/Template/Employee Adding/Employee Set Decider: Test Cases/Final Aug 2018 - PKS Automation/Registration Module/Workflow/Update Add New Employee/Template/Employee Adding/Employee Set Decider

2018-12-11 16:19:03 - [TEST_STEP][PASSED] - delay: Delayed 4 second(s)

2018-12-11 16:19:07 - [MESSAGE][PASSED] - Delayed 4 second(s)

2018-12-11 16:19:07 - [TEST_STEP][PASSED] - click: Object: 'Object Repository/Final Object Repo/Page_Update Add New Employee - ASSIST/Add Employee Button' is clicked on

2018-12-11 16:19:07 - [MESSAGE][PASSED] - Object: 'Object Repository/Final Object Repo/Page_Update Add New Employee - ASSIST/Add Employee Button' is clicked on

2018-12-11 16:19:07 - [TEST_STEP][PASSED] - delay: Delayed 3 second(s)

2018-12-11 16:19:10 - [MESSAGE][PASSED] - Delayed 3 second(s)

2018-12-11 16:19:10 - [TEST_STEP][PASSED] - setText: Text '010903091920' is set on object 'Object Repository/Final Object Repo/Page_Update Add New Employee - ASSIST/NRIC Input'

2018-12-11 16:19:11 - [MESSAGE][PASSED] - Text '010903091920' is set on object 'Object Repository/Final Object Repo/Page_Update Add New Employee - ASSIST/NRIC Input'

2018-12-11 16:19:11 - [TEST_STEP][PASSED] - click: Object: 'Object Repository/Final Object Repo/Page_Update Add New Employee - ASSIST/button for search for IC' is clicked on

2018-12-11 16:19:11 - [MESSAGE][PASSED] - Object: 'Object Repository/Final Object Repo/Page_Update Add New Employee - ASSIST/button for search for IC' is clicked on

2018-12-11 16:19:11 - [TEST_STEP][PASSED] - delay: Delayed 2 second(s)

2018-12-11 16:19:13 - [MESSAGE][PASSED] - Delayed 2 second(s)

2018-12-11 16:19:13 - [TEST_STEP][PASSED] - sendKeys: Keys 'CONTROL + a' sent to object: 'Object Repository/Final Object Repo/Page_Update Add New Employee - ASSIST/Employee Name Input'

2018-12-11 16:19:13 - [MESSAGE][PASSED] - Keys 'CONTROL + a' sent to object: 'Object Repository/Final Object Repo/Page_Update Add New Employee - ASSIST/Employee Name Input'

2018-12-11 16:19:13 - [TEST_STEP][PASSED] - sendKeys: Keys 'CONTROL + c' sent to object: 'Object Repository/Final Object Repo/Page_Update Add New Employee - ASSIST/Employee Name Input'

2018-12-11 16:19:13 - [MESSAGE][PASSED] - Keys 'CONTROL + c' sent to object: 'Object Repository/Final Object Repo/Page_Update Add New Employee - ASSIST/Employee Name Input'

2018-12-11 16:19:13 - [TEST_STEP][PASSED] - Statement - toolkit = java.awt.Toolkit.getDefaultToolkit(): null

2018-12-11 16:19:13 - [TEST_STEP][PASSED] - Statement - clipboard = toolkit.getSystemClipboard(): null

2018-12-11 16:19:13 - [TEST_STEP][PASSED] - Statement - CurrentName = clipboard.getData(stringFlavor): null

2018-12-11 16:19:13 - [TEST_STEP][PASSED] - Statement - out.println("String from Clipboard:" + CurrentName): null

2018-12-11 16:19:13 - [TEST_STEP][PASSED] - Statement - If (CurrentName == "AUTOMATE002 ELIGIBLE 1"): Call Test Case 'Test Cases/Final Aug 2018 - PKS Automation/Registration Module/Workflow/Update Add New Employee/Template/Employee Adding/Employee Adding Action Repeat IC - set 1' successfully

2018-12-11 16:19:13 - [TEST_STEP][PASSED] - callTestCase: Call Test Case 'Test Cases/Final Aug 2018 - PKS Automation/Registration Module/Workflow/Update Add New Employee/Template/Employee Adding/Employee Adding Action Repeat IC - set 1' successfully

2018-12-11 16:19:13 - [TEST_CASE][PASSED] - Test Cases/Final Aug 2018 - PKS Automation/Registration Module/Workflow/Update Add New Employee/Template/Employee Adding/Employee Adding Action Repeat IC - set 1: Test Cases/Final Aug 2018 - PKS Automation/Registration Module/Workflow/Update Add New Employee/Template/Employee Adding/Employee Adding Action Repeat IC - set 1

2018-12-11 16:19:14 - [TEST_STEP][PASSED] - setText: Text 'Automate003 eligible 1' is set on object 'Object Repository/Final Object Repo/Page_Update Add New Employee - ASSIST/Employee Name Input'

2018-12-11 16:19:14 - [MESSAGE][PASSED] - Text 'Automate003 eligible 1' is set on object 'Object Repository/Final Object Repo/Page_Update Add New Employee - ASSIST/Employee Name Input'

2018-12-11 16:19:14 - [TEST_STEP][PASSED] - delay: Delayed 2 second(s)

2018-12-11 16:19:16 - [MESSAGE][PASSED] - Delayed 2 second(s)

2018-12-11 16:19:16 - [TEST_STEP][PASSED] - click: Object: 'Object Repository/Final Object Repo/Page_Update Add New Employee - ASSIST/DatePicker Pop Up' is clicked on

2018-12-11 16:19:17 - [MESSAGE][PASSED] - Object: 'Object Repository/Final Object Repo/Page_Update Add New Employee - ASSIST/DatePicker Pop Up' is clicked on

2018-12-11 16:19:17 - [TEST_STEP][PASSED] - click: Object: 'Object Repository/Final Object Repo/Page_Update Add New Employee - ASSIST/DOB Month' is clicked on

2018-12-11 16:19:17 - [MESSAGE][PASSED] - Object: 'Object Repository/Final Object Repo/Page_Update Add New Employee - ASSIST/DOB Month' is clicked on

2018-12-11 16:19:17 - [TEST_STEP][PASSED] - Statement - CurrentMonth = CurrentMonth: null

2018-12-11 16:19:17 - [TEST_STEP][PASSED] - Statement - selectMonth = new com.kms.katalon.core.testobject.TestObject(): null

2018-12-11 16:19:17 - [TEST_STEP][PASSED] - Statement - selectMonth.addProperty("xpath", EQUALS, "//body/div/div/div/select/option[@value='" + CurrentMonth + "']", true): null

2018-12-11 16:19:17 - [TEST_STEP][PASSED] - click: Object: '' is clicked on

2018-12-11 16:19:17 - [MESSAGE][PASSED] - Object: '' is clicked on

2018-12-11 16:19:17 - [TEST_STEP][PASSED] - click: Object: 'Object Repository/Final Object Repo/Page_Update Add New Employee - ASSIST/DOB Year' is clicked on

2018-12-11 16:19:17 - [MESSAGE][PASSED] - Object: 'Object Repository/Final Object Repo/Page_Update Add New Employee - ASSIST/DOB Year' is clicked on

2018-12-11 16:19:17 - [TEST_STEP][PASSED] - Statement - Eyearsbf = EighteenYrsBefore: null

2018-12-11 16:19:17 - [TEST_STEP][PASSED] - Statement - selectYear = new com.kms.katalon.core.testobject.TestObject(): null

2018-12-11 16:19:17 - [TEST_STEP][PASSED] - Statement - selectYear.addProperty("xpath", EQUALS, "//div/div/div/select/option[@value='" + Eyearsbf + "']", true): null

2018-12-11 16:19:17 - [TEST_STEP][PASSED] - click: Object: '' is clicked on

2018-12-11 16:19:17 - [MESSAGE][PASSED] - Object: '' is clicked on

2018-12-11 16:19:17 - [TEST_STEP][PASSED] - Statement - UpdatedSelectDate = com.kms.katalon.core.webui.keyword.WebUiBuiltInKeywords.modifyObjectProperty(com.kms.katalon.core.testobject.ObjectRepository.findTestObject(Final Object Repo/Page_Update Add New Employee - ASSIST/DOB Date), "xpath", "equals", "//body/div/table/tbody/tr/td/a[text()="" + CurrentDate + ""]", true): Modify property of object successfully

2018-12-11 16:19:17 - [MESSAGE][PASSED] - Modify property of object successfully

2018-12-11 16:19:17 - [TEST_STEP][PASSED] - delay: Delayed 3 second(s)

2018-12-11 16:19:20 - [MESSAGE][PASSED] - Delayed 3 second(s)

2018-12-11 16:19:20 - [TEST_STEP][PASSED] - click: Object: 'Object Repository/Final Object Repo/Page_Update Add New Employee - ASSIST/DOB Date' is clicked on

2018-12-11 16:19:21 - [MESSAGE][PASSED] - Object: 'Object Repository/Final Object Repo/Page_Update Add New Employee - ASSIST/DOB Date' is clicked on

2018-12-11 16:19:21 - [TEST_STEP][PASSED] - delay: Delayed 2 second(s)

2018-12-11 16:19:23 - [MESSAGE][PASSED] - Delayed 2 second(s)

2018-12-11 16:19:23 - [TEST_STEP][PASSED] - click: Object: 'Object Repository/Final Object Repo/Page_Update Add New Employee - ASSIST/EmploymentStartDate Pop Up' is clicked on

2018-12-11 16:19:23 - [MESSAGE][PASSED] - Object: 'Object Repository/Final Object Repo/Page_Update Add New Employee - ASSIST/EmploymentStartDate Pop Up' is clicked on

2018-12-11 16:19:23 - [TEST_STEP][PASSED] - delay: Delayed 2 second(s)

2018-12-11 16:19:25 - [MESSAGE][PASSED] - Delayed 2 second(s)

2018-12-11 16:19:25 - [TEST_STEP][PASSED] - click: Object: 'Object Repository/Final Object Repo/Page_Update Add New Employee - ASSIST/Socso Employment StartDate Month' is clicked on

2018-12-11 16:19:25 - [MESSAGE][PASSED] - Object: 'Object Repository/Final Object Repo/Page_Update Add New Employee - ASSIST/Socso Employment StartDate Month' is clicked on

2018-12-11 16:19:25 - [TEST_STEP][PASSED] - delay: Delayed 1 second(s)

2018-12-11 16:19:26 - [MESSAGE][PASSED] - Delayed 1 second(s)

2018-12-11 16:19:26 - [TEST_STEP][PASSED] - click: Object: 'Object Repository/Final Object Repo/Page_Update Add New Employee - ASSIST/Select Socso Employement Startdate Month' is clicked on

2018-12-11 16:19:26 - [MESSAGE][PASSED] - Object: 'Object Repository/Final Object Repo/Page_Update Add New Employee - ASSIST/Select Socso Employement Startdate Month' is clicked on

2018-12-11 16:19:26 - [TEST_STEP][PASSED] - delay: Delayed 2 second(s)

2018-12-11 16:19:28 - [MESSAGE][PASSED] - Delayed 2 second(s)

2018-12-11 16:19:28 - [TEST_STEP][PASSED] - click: Object: 'Object Repository/Final Object Repo/Page_Update Add New Employee - ASSIST/Socso Employment StartDate Year' is clicked on

2018-12-11 16:19:28 - [MESSAGE][PASSED] - Object: 'Object Repository/Final Object Repo/Page_Update Add New Employee - ASSIST/Socso Employment StartDate Year' is clicked on

2018-12-11 16:19:28 - [TEST_STEP][PASSED] - delay: Delayed 1 second(s)

2018-12-11 16:19:29 - [MESSAGE][PASSED] - Delayed 1 second(s)

2018-12-11 16:19:29 - [TEST_STEP][PASSED] - click: Object: 'Object Repository/Final Object Repo/Page_Update Add New Employee - ASSIST/Select Socso Employment Startdate Year' is clicked on

2018-12-11 16:19:29 - [MESSAGE][PASSED] - Object: 'Object Repository/Final Object Repo/Page_Update Add New Employee - ASSIST/Select Socso Employment Startdate Year' is clicked on

2018-12-11 16:19:29 - [TEST_STEP][PASSED] - delay: Delayed 2 second(s)

2018-12-11 16:19:31 - [MESSAGE][PASSED] - Delayed 2 second(s)

2018-12-11 16:19:31 - [TEST_STEP][PASSED] - click: Object: 'Object Repository/Final Object Repo/Page_Update Add New Employee - ASSIST/Socso Employment Start Date Day' is clicked on

2018-12-11 16:19:32 - [MESSAGE][PASSED] - Object: 'Object Repository/Final Object Repo/Page_Update Add New Employee - ASSIST/Socso Employment Start Date Day' is clicked on

2018-12-11 16:19:32 - [TEST_STEP][PASSED] - delay: Delayed 2 second(s)

2018-12-11 16:19:34 - [MESSAGE][PASSED] - Delayed 2 second(s)

2018-12-11 16:19:34 - [TEST_STEP][PASSED] - click: Object: 'Object Repository/Final Object Repo/Page_Update Add New Employee - ASSIST/Save Button for Add Employee' is clicked on

2018-12-11 16:19:34 - [MESSAGE][PASSED] - Object: 'Object Repository/Final Object Repo/Page_Update Add New Employee - ASSIST/Save Button for Add Employee' is clicked on

2018-12-11 16:19:34 - [TEST_STEP][PASSED] - delay: Delayed 6 second(s)

2018-12-11 16:19:40 - [MESSAGE][PASSED] - Delayed 6 second(s)

2018-12-11 16:19:40 - [TEST_STEP][PASSED] - click: Object: 'Object Repository/Final Object Repo/Page_Update Add New Employee - ASSIST/Add Employee Button' is clicked on

2018-12-11 16:19:40 - [MESSAGE][PASSED] - Object: 'Object Repository/Final Object Repo/Page_Update Add New Employee - ASSIST/Add Employee Button' is clicked on

2018-12-11 16:19:40 - [TEST_STEP][PASSED] - delay: Delayed 4 second(s)

2018-12-11 16:19:44 - [MESSAGE][PASSED] - Delayed 4 second(s)

2018-12-11 16:19:44 - [TEST_STEP][PASSED] - setText: Text '620904059600' is set on object 'Object Repository/Final Object Repo/Page_Update Add New Employee - ASSIST/NRIC Input'

2018-12-11 16:19:44 - [MESSAGE][PASSED] - Text '620904059600' is set on object 'Object Repository/Final Object Repo/Page_Update Add New Employee - ASSIST/NRIC Input'

2018-12-11 16:19:44 - [TEST_STEP][PASSED] - click: Object: 'Object Repository/Final Object Repo/Page_Update Add New Employee - ASSIST/button for search for IC' is clicked on

2018-12-11 16:19:45 - [MESSAGE][PASSED] - Object: 'Object Repository/Final Object Repo/Page_Update Add New Employee - ASSIST/button for search for IC' is clicked on

2018-12-11 16:19:45 - [TEST_STEP][PASSED] - delay: Delayed 2 second(s)

2018-12-11 16:19:47 - [MESSAGE][PASSED] - Delayed 2 second(s)

2018-12-11 16:19:47 - [TEST_STEP][PASSED] - setText: Text 'Automate003 eligible 2' is set on object 'Object Repository/Final Object Repo/Page_Update Add New Employee - ASSIST/Employee Name Input'

2018-12-11 16:19:47 - [MESSAGE][PASSED] - Text 'Automate003 eligible 2' is set on object 'Object Repository/Final Object Repo/Page_Update Add New Employee - ASSIST/Employee Name Input'

2018-12-11 16:19:47 - [TEST_STEP][PASSED] - delay: Delayed 2 second(s)

2018-12-11 16:19:49 - [MESSAGE][PASSED] - Delayed 2 second(s)

2018-12-11 16:19:49 - [TEST_STEP][PASSED] - click: Object: 'Object Repository/Final Object Repo/Page_Update Add New Employee - ASSIST/DatePicker Pop Up' is clicked on

2018-12-11 16:19:49 - [MESSAGE][PASSED] - Object: 'Object Repository/Final Object Repo/Page_Update Add New Employee - ASSIST/DatePicker Pop Up' is clicked on

2018-12-11 16:19:49 - [TEST_STEP][PASSED] - delay: Delayed 2 second(s)

2018-12-11 16:19:51 - [MESSAGE][PASSED] - Delayed 2 second(s)

2018-12-11 16:19:51 - [TEST_STEP][PASSED] - click: Object: 'Object Repository/Final Object Repo/Page_Update Add New Employee - ASSIST/DOB Month' is clicked on

2018-12-11 16:19:52 - [MESSAGE][PASSED] - Object: 'Object Repository/Final Object Repo/Page_Update Add New Employee - ASSIST/DOB Month' is clicked on

2018-12-11 16:19:52 - [TEST_STEP][PASSED] - Statement - selectMonth = com.kms.katalon.core.webui.keyword.WebUiBuiltInKeywords.modifyObjectProperty(selectMonth, "xpath", "equals", "//body/div/div/div/select/option[@value="" + CurrentMonth + ""]", true): Modify property of object successfully

2018-12-11 16:19:52 - [MESSAGE][PASSED] - Modify property of object successfully

2018-12-11 16:19:52 - [TEST_STEP][PASSED] - click: Object: '' is clicked on

2018-12-11 16:19:52 - [MESSAGE][PASSED] - Object: '' is clicked on

2018-12-11 16:19:52 - [TEST_STEP][PASSED] - click: Object: 'Object Repository/Final Object Repo/Page_Update Add New Employee - ASSIST/DOB Year' is clicked on

2018-12-11 16:19:52 - [MESSAGE][PASSED] - Object: 'Object Repository/Final Object Repo/Page_Update Add New Employee - ASSIST/DOB Year' is clicked on

2018-12-11 16:19:52 - [TEST_STEP][PASSED] - Statement - selectYear = com.kms.katalon.core.webui.keyword.WebUiBuiltInKeywords.modifyObjectProperty(selectYear, "xpath", "equals", "//div/div/div/select/option[@value="" + FiftysevenYrsBefore + ""]", true): Modify property of object successfully

2018-12-11 16:19:52 - [MESSAGE][PASSED] - Modify property of object successfully

2018-12-11 16:19:52 - [TEST_STEP][PASSED] - click: Object: '' is clicked on

2018-12-11 16:19:52 - [MESSAGE][PASSED] - Object: '' is clicked on

2018-12-11 16:19:52 - [TEST_STEP][PASSED] - Statement - UpdatedSelectDate = com.kms.katalon.core.webui.keyword.WebUiBuiltInKeywords.modifyObjectProperty(com.kms.katalon.core.testobject.ObjectRepository.findTestObject(Final Object Repo/Page_Update Add New Employee - ASSIST/DOB Date), "xpath", "equals", "//body/div/table/tbody/tr/td/a[text()="" + OneDayBefore + ""]", true): Modify property of object successfully

2018-12-11 16:19:52 - [MESSAGE][PASSED] - Modify property of object successfully

2018-12-11 16:19:52 - [TEST_STEP][PASSED] - click: Object: 'Object Repository/Final Object Repo/Page_Update Add New Employee - ASSIST/DOB Date' is clicked on

2018-12-11 16:19:52 - [MESSAGE][PASSED] - Object: 'Object Repository/Final Object Repo/Page_Update Add New Employee - ASSIST/DOB Date' is clicked on

2018-12-11 16:19:52 - [TEST_STEP][PASSED] - delay: Delayed 2 second(s)

2018-12-11 16:19:54 - [MESSAGE][PASSED] - Delayed 2 second(s)

2018-12-11 16:19:54 - [TEST_STEP][PASSED] - click: Object: 'Object Repository/Final Object Repo/Page_Update Add New Employee - ASSIST/EmploymentStartDate Pop Up' is clicked on

2018-12-11 16:19:54 - [MESSAGE][PASSED] - Object: 'Object Repository/Final Object Repo/Page_Update Add New Employee - ASSIST/EmploymentStartDate Pop Up' is clicked on

2018-12-11 16:19:54 - [TEST_STEP][PASSED] - delay: Delayed 2 second(s)

2018-12-11 16:19:56 - [MESSAGE][PASSED] - Delayed 2 second(s)

2018-12-11 16:19:56 - [TEST_STEP][PASSED] - click: Object: 'Object Repository/Final Object Repo/Page_Update Add New Employee - ASSIST/Socso Employment StartDate Month' is clicked on

2018-12-11 16:19:57 - [MESSAGE][PASSED] - Object: 'Object Repository/Final Object Repo/Page_Update Add New Employee - ASSIST/Socso Employment StartDate Month' is clicked on

2018-12-11 16:19:57 - [TEST_STEP][PASSED] - delay: Delayed 1 second(s)

2018-12-11 16:19:58 - [MESSAGE][PASSED] - Delayed 1 second(s)

2018-12-11 16:19:58 - [TEST_STEP][PASSED] - click: Object: 'Object Repository/Final Object Repo/Page_Update Add New Employee - ASSIST/Select Socso Employement Startdate Month' is clicked on

2018-12-11 16:19:58 - [MESSAGE][PASSED] - Object: 'Object Repository/Final Object Repo/Page_Update Add New Employee - ASSIST/Select Socso Employement Startdate Month' is clicked on

2018-12-11 16:19:58 - [TEST_STEP][PASSED] - delay: Delayed 2 second(s)

2018-12-11 16:20:00 - [MESSAGE][PASSED] - Delayed 2 second(s)

2018-12-11 16:20:00 - [TEST_STEP][PASSED] - click: Object: 'Object Repository/Final Object Repo/Page_Update Add New Employee - ASSIST/Socso Employment StartDate Year' is clicked on

2018-12-11 16:20:00 - [MESSAGE][PASSED] - Object: 'Object Repository/Final Object Repo/Page_Update Add New Employee - ASSIST/Socso Employment StartDate Year' is clicked on

2018-12-11 16:20:00 - [TEST_STEP][PASSED] - delay: Delayed 1 second(s)

2018-12-11 16:20:01 - [MESSAGE][PASSED] - Delayed 1 second(s)

2018-12-11 16:20:01 - [TEST_STEP][PASSED] - click: Object: 'Object Repository/Final Object Repo/Page_Update Add New Employee - ASSIST/Select Socso Employment Startdate Year' is clicked on

2018-12-11 16:20:01 - [MESSAGE][PASSED] - Object: 'Object Repository/Final Object Repo/Page_Update Add New Employee - ASSIST/Select Socso Employment Startdate Year' is clicked on

2018-12-11 16:20:01 - [TEST_STEP][PASSED] - delay: Delayed 2 second(s)

2018-12-11 16:20:03 - [MESSAGE][PASSED] - Delayed 2 second(s)

2018-12-11 16:20:03 - [TEST_STEP][PASSED] - click: Object: 'Object Repository/Final Object Repo/Page_Update Add New Employee - ASSIST/Socso Employment Start Date Day' is clicked on

2018-12-11 16:20:03 - [MESSAGE][PASSED] - Object: 'Object Repository/Final Object Repo/Page_Update Add New Employee - ASSIST/Socso Employment Start Date Day' is clicked on

2018-12-11 16:20:03 - [TEST_STEP][PASSED] - delay: Delayed 2 second(s)

2018-12-11 16:20:05 - [MESSAGE][PASSED] - Delayed 2 second(s)

2018-12-11 16:20:05 - [TEST_STEP][PASSED] - click: Object: 'Object Repository/Final Object Repo/Page_Update Add New Employee - ASSIST/Save Button for Add Employee' is clicked on

2018-12-11 16:20:05 - [MESSAGE][PASSED] - Object: 'Object Repository/Final Object Repo/Page_Update Add New Employee - ASSIST/Save Button for Add Employee' is clicked on

2018-12-11 16:20:05 - [TEST_STEP][PASSED] - delay: Delayed 10 second(s)

2018-12-11 16:20:15 - [MESSAGE][PASSED] - Delayed 10 second(s)

2018-12-11 16:20:15 - [TEST_STEP][PASSED] - waitForElementClickable: Object 'Object Repository/Final Object Repo/Page_Update Add New Employee - ASSIST/Add Employee Button' is clickable

2018-12-11 16:20:16 - [MESSAGE][PASSED] - Object 'Object Repository/Final Object Repo/Page_Update Add New Employee - ASSIST/Add Employee Button' is clickable

2018-12-11 16:20:16 - [TEST_STEP][PASSED] - click: Object: 'Object Repository/Final Object Repo/Page_Update Add New Employee - ASSIST/Add Employee Button' is clicked on

2018-12-11 16:20:16 - [MESSAGE][PASSED] - Object: 'Object Repository/Final Object Repo/Page_Update Add New Employee - ASSIST/Add Employee Button' is clicked on

2018-12-11 16:20:16 - [TEST_STEP][PASSED] - delay: Delayed 4 second(s)

2018-12-11 16:20:20 - [MESSAGE][PASSED] - Delayed 4 second(s)

2018-12-11 16:20:20 - [TEST_STEP][PASSED] - setText: Text '000209039100' is set on object 'Object Repository/Final Object Repo/Page_Update Add New Employee - ASSIST/NRIC Input'

2018-12-11 16:20:20 - [MESSAGE][PASSED] - Text '000209039100' is set on object 'Object Repository/Final Object Repo/Page_Update Add New Employee - ASSIST/NRIC Input'

2018-12-11 16:20:20 - [TEST_STEP][PASSED] - click: Object: 'Object Repository/Final Object Repo/Page_Update Add New Employee - ASSIST/button for search for IC' is clicked on

2018-12-11 16:20:20 - [MESSAGE][PASSED] - Object: 'Object Repository/Final Object Repo/Page_Update Add New Employee - ASSIST/button for search for IC' is clicked on

2018-12-11 16:20:20 - [TEST_STEP][PASSED] - delay: Delayed 2 second(s)

2018-12-11 16:20:22 - [MESSAGE][PASSED] - Delayed 2 second(s)

2018-12-11 16:20:22 - [TEST_STEP][PASSED] - setText: Text 'Automate003 not eligible 1' is set on object 'Object Repository/Final Object Repo/Page_Update Add New Employee - ASSIST/Employee Name Input'

2018-12-11 16:20:23 - [MESSAGE][PASSED] - Text 'Automate003 not eligible 1' is set on object 'Object Repository/Final Object Repo/Page_Update Add New Employee - ASSIST/Employee Name Input'

2018-12-11 16:20:23 - [TEST_STEP][PASSED] - delay: Delayed 2 second(s)

2018-12-11 16:20:25 - [MESSAGE][PASSED] - Delayed 2 second(s)

2018-12-11 16:20:25 - [TEST_STEP][PASSED] - click: Object: 'Object Repository/Final Object Repo/Page_Update Add New Employee - ASSIST/DatePicker Pop Up' is clicked on

2018-12-11 16:20:25 - [MESSAGE][PASSED] - Object: 'Object Repository/Final Object Repo/Page_Update Add New Employee - ASSIST/DatePicker Pop Up' is clicked on

2018-12-11 16:20:25 - [TEST_STEP][PASSED] - delay: Delayed 2 second(s)

2018-12-11 16:20:27 - [MESSAGE][PASSED] - Delayed 2 second(s)

2018-12-11 16:20:27 - [TEST_STEP][PASSED] - click: Object: 'Object Repository/Final Object Repo/Page_Update Add New Employee - ASSIST/DOB Month' is clicked on

2018-12-11 16:20:27 - [MESSAGE][PASSED] - Object: 'Object Repository/Final Object Repo/Page_Update Add New Employee - ASSIST/DOB Month' is clicked on

2018-12-11 16:20:27 - [TEST_STEP][PASSED] - Statement - selectMonth = com.kms.katalon.core.webui.keyword.WebUiBuiltInKeywords.modifyObjectProperty(selectMonth, "xpath", "equals", "//body/div/div/div/select/option[@value="" + CurrentMonth + ""]", true): Modify property of object successfully

2018-12-11 16:20:27 - [MESSAGE][PASSED] - Modify property of object successfully

2018-12-11 16:20:27 - [TEST_STEP][PASSED] - click: Object: '' is clicked on

2018-12-11 16:20:28 - [MESSAGE][PASSED] - Object: '' is clicked on

2018-12-11 16:20:28 - [TEST_STEP][PASSED] - click: Object: 'Object Repository/Final Object Repo/Page_Update Add New Employee - ASSIST/DOB Year' is clicked on

2018-12-11 16:20:28 - [MESSAGE][PASSED] - Object: 'Object Repository/Final Object Repo/Page_Update Add New Employee - ASSIST/DOB Year' is clicked on

2018-12-11 16:20:28 - [TEST_STEP][PASSED] - Statement - selectYear = com.kms.katalon.core.webui.keyword.WebUiBuiltInKeywords.modifyObjectProperty(selectYear, "xpath", "equals", "//div/div/div/select/option[@value="" + EighteenYrsBefore + ""]", true): Modify property of object successfully

2018-12-11 16:20:28 - [MESSAGE][PASSED] - Modify property of object successfully

2018-12-11 16:20:28 - [TEST_STEP][PASSED] - click: Object: '' is clicked on

2018-12-11 16:20:28 - [MESSAGE][PASSED] - Object: '' is clicked on

2018-12-11 16:20:28 - [TEST_STEP][PASSED] - Statement - UpdatedSelectDate = com.kms.katalon.core.webui.keyword.WebUiBuiltInKeywords.modifyObjectProperty(com.kms.katalon.core.testobject.ObjectRepository.findTestObject(Final Object Repo/Page_Update Add New Employee - ASSIST/DOB Date), "xpath", "equals", "//body/div/table/tbody/tr/td/a[text()="" + OneDayBefore + ""]", true): Modify property of object successfully

2018-12-11 16:20:28 - [MESSAGE][PASSED] - Modify property of object successfully

2018-12-11 16:20:28 - [TEST_STEP][PASSED] - click: Object: 'Object Repository/Final Object Repo/Page_Update Add New Employee - ASSIST/DOB Date' is clicked on

2018-12-11 16:20:28 - [MESSAGE][PASSED] - Object: 'Object Repository/Final Object Repo/Page_Update Add New Employee - ASSIST/DOB Date' is clicked on

2018-12-11 16:20:28 - [TEST_STEP][PASSED] - delay: Delayed 2 second(s)

2018-12-11 16:20:30 - [MESSAGE][PASSED] - Delayed 2 second(s)

2018-12-11 16:20:30 - [TEST_STEP][PASSED] - click: Object: 'Object Repository/Final Object Repo/Page_Update Add New Employee - ASSIST/EmploymentStartDate Pop Up' is clicked on

2018-12-11 16:20:30 - [MESSAGE][PASSED] - Object: 'Object Repository/Final Object Repo/Page_Update Add New Employee - ASSIST/EmploymentStartDate Pop Up' is clicked on

2018-12-11 16:20:30 - [TEST_STEP][PASSED] - delay: Delayed 2 second(s)

2018-12-11 16:20:32 - [MESSAGE][PASSED] - Delayed 2 second(s)

2018-12-11 16:20:32 - [TEST_STEP][PASSED] - click: Object: 'Object Repository/Final Object Repo/Page_Update Add New Employee - ASSIST/Socso Employment StartDate Month' is clicked on

2018-12-11 16:20:32 - [MESSAGE][PASSED] - Object: 'Object Repository/Final Object Repo/Page_Update Add New Employee - ASSIST/Socso Employment StartDate Month' is clicked on

2018-12-11 16:20:32 - [TEST_STEP][PASSED] - delay: Delayed 1 second(s)

2018-12-11 16:20:33 - [MESSAGE][PASSED] - Delayed 1 second(s)

2018-12-11 16:20:33 - [TEST_STEP][PASSED] - click: Object: 'Object Repository/Final Object Repo/Page_Update Add New Employee - ASSIST/Select Socso Employement Startdate Month' is clicked on

2018-12-11 16:20:33 - [MESSAGE][PASSED] - Object: 'Object Repository/Final Object Repo/Page_Update Add New Employee - ASSIST/Select Socso Employement Startdate Month' is clicked on

2018-12-11 16:20:33 - [TEST_STEP][PASSED] - delay: Delayed 2 second(s)

2018-12-11 16:20:35 - [MESSAGE][PASSED] - Delayed 2 second(s)

2018-12-11 16:20:35 - [TEST_STEP][PASSED] - click: Object: 'Object Repository/Final Object Repo/Page_Update Add New Employee - ASSIST/Socso Employment StartDate Year' is clicked on

2018-12-11 16:20:36 - [MESSAGE][PASSED] - Object: 'Object Repository/Final Object Repo/Page_Update Add New Employee - ASSIST/Socso Employment StartDate Year' is clicked on

2018-12-11 16:20:36 - [TEST_STEP][PASSED] - delay: Delayed 1 second(s)

2018-12-11 16:20:37 - [MESSAGE][PASSED] - Delayed 1 second(s)

2018-12-11 16:20:37 - [TEST_STEP][PASSED] - click: Object: 'Object Repository/Final Object Repo/Page_Update Add New Employee - ASSIST/Select Socso Employment Startdate Year' is clicked on

2018-12-11 16:20:37 - [MESSAGE][PASSED] - Object: 'Object Repository/Final Object Repo/Page_Update Add New Employee - ASSIST/Select Socso Employment Startdate Year' is clicked on

2018-12-11 16:20:37 - [TEST_STEP][PASSED] - delay: Delayed 2 second(s)

2018-12-11 16:20:39 - [MESSAGE][PASSED] - Delayed 2 second(s)

2018-12-11 16:20:39 - [TEST_STEP][PASSED] - click: Object: 'Object Repository/Final Object Repo/Page_Update Add New Employee - ASSIST/Socso Employment Start Date Day' is clicked on

2018-12-11 16:20:39 - [MESSAGE][PASSED] - Object: 'Object Repository/Final Object Repo/Page_Update Add New Employee - ASSIST/Socso Employment Start Date Day' is clicked on

2018-12-11 16:20:39 - [TEST_STEP][PASSED] - delay: Delayed 2 second(s)

2018-12-11 16:20:41 - [MESSAGE][PASSED] - Delayed 2 second(s)

2018-12-11 16:20:41 - [TEST_STEP][PASSED] - click: Object: 'Object Repository/Final Object Repo/Page_Update Add New Employee - ASSIST/Save Button for Add Employee' is clicked on

2018-12-11 16:20:41 - [MESSAGE][PASSED] - Object: 'Object Repository/Final Object Repo/Page_Update Add New Employee - ASSIST/Save Button for Add Employee' is clicked on

2018-12-11 16:20:41 - [TEST_STEP][PASSED] - delay: Delayed 20 second(s)

2018-12-11 16:21:01 - [MESSAGE][PASSED] - Delayed 20 second(s)

2018-12-11 16:21:01 - [TEST_STEP][PASSED] - click: Object: 'Object Repository/Final Object Repo/Page_Update Add New Employee - ASSIST/Add Employee Button' is clicked on

2018-12-11 16:21:01 - [MESSAGE][PASSED] - Object: 'Object Repository/Final Object Repo/Page_Update Add New Employee - ASSIST/Add Employee Button' is clicked on

2018-12-11 16:21:01 - [TEST_STEP][PASSED] - delay: Delayed 4 second(s)

2018-12-11 16:21:05 - [MESSAGE][PASSED] - Delayed 4 second(s)

2018-12-11 16:21:05 - [TEST_STEP][PASSED] - setText: Text '600203039104' is set on object 'Object Repository/Final Object Repo/Page_Update Add New Employee - ASSIST/NRIC Input'

2018-12-11 16:21:06 - [MESSAGE][PASSED] - Text '600203039104' is set on object 'Object Repository/Final Object Repo/Page_Update Add New Employee - ASSIST/NRIC Input'

2018-12-11 16:21:06 - [TEST_STEP][PASSED] - click: Object: 'Object Repository/Final Object Repo/Page_Update Add New Employee - ASSIST/button for search for IC' is clicked on

2018-12-11 16:21:06 - [MESSAGE][PASSED] - Object: 'Object Repository/Final Object Repo/Page_Update Add New Employee - ASSIST/button for search for IC' is clicked on

2018-12-11 16:21:06 - [TEST_STEP][PASSED] - delay: Delayed 2 second(s)

2018-12-11 16:21:08 - [MESSAGE][PASSED] - Delayed 2 second(s)

2018-12-11 16:21:08 - [TEST_STEP][PASSED] - setText: Text 'Automate003 not eligible 2' is set on object 'Object Repository/Final Object Repo/Page_Update Add New Employee - ASSIST/Employee Name Input'

2018-12-11 16:21:09 - [MESSAGE][PASSED] - Text 'Automate003 not eligible 2' is set on object 'Object Repository/Final Object Repo/Page_Update Add New Employee - ASSIST/Employee Name Input'

2018-12-11 16:21:09 - [TEST_STEP][PASSED] - delay: Delayed 2 second(s)

2018-12-11 16:21:11 - [MESSAGE][PASSED] - Delayed 2 second(s)

2018-12-11 16:21:11 - [TEST_STEP][PASSED] - click: Object: 'Object Repository/Final Object Repo/Page_Update Add New Employee - ASSIST/DatePicker Pop Up' is clicked on

2018-12-11 16:21:11 - [MESSAGE][PASSED] - Object: 'Object Repository/Final Object Repo/Page_Update Add New Employee - ASSIST/DatePicker Pop Up' is clicked on

2018-12-11 16:21:11 - [TEST_STEP][PASSED] - delay: Delayed 2 second(s)

2018-12-11 16:21:13 - [MESSAGE][PASSED] - Delayed 2 second(s)

2018-12-11 16:21:13 - [TEST_STEP][PASSED] - click: Object: 'Object Repository/Final Object Repo/Page_Update Add New Employee - ASSIST/DOB Month' is clicked on

2018-12-11 16:21:13 - [MESSAGE][PASSED] - Object: 'Object Repository/Final Object Repo/Page_Update Add New Employee - ASSIST/DOB Month' is clicked on

2018-12-11 16:21:13 - [TEST_STEP][PASSED] - Statement - selectMonth = com.kms.katalon.core.webui.keyword.WebUiBuiltInKeywords.modifyObjectProperty(selectMonth, "xpath", "equals", "//body/div/div/div/select/option[@value="" + CurrentMonth + ""]", true): Modify property of object successfully

2018-12-11 16:21:13 - [MESSAGE][PASSED] - Modify property of object successfully

2018-12-11 16:21:13 - [TEST_STEP][PASSED] - click: Object: '' is clicked on

2018-12-11 16:21:13 - [MESSAGE][PASSED] - Object: '' is clicked on

2018-12-11 16:21:13 - [TEST_STEP][PASSED] - click: Object: 'Object Repository/Final Object Repo/Page_Update Add New Employee - ASSIST/DOB Year' is clicked on

2018-12-11 16:21:13 - [MESSAGE][PASSED] - Object: 'Object Repository/Final Object Repo/Page_Update Add New Employee - ASSIST/DOB Year' is clicked on

2018-12-11 16:21:13 - [TEST_STEP][PASSED] - Statement - selectYear = com.kms.katalon.core.webui.keyword.WebUiBuiltInKeywords.modifyObjectProperty(selectYear, "xpath", "equals", "//div/div/div/select/option[@value="" + FiftysevenYrsBefore + ""]", true): Modify property of object successfully

2018-12-11 16:21:13 - [MESSAGE][PASSED] - Modify property of object successfully

2018-12-11 16:21:13 - [TEST_STEP][PASSED] - click: Object: '' is clicked on

2018-12-11 16:21:14 - [MESSAGE][PASSED] - Object: '' is clicked on

2018-12-11 16:21:14 - [TEST_STEP][PASSED] - Statement - UpdatedSelectDate = com.kms.katalon.core.webui.keyword.WebUiBuiltInKeywords.modifyObjectProperty(com.kms.katalon.core.testobject.ObjectRepository.findTestObject(Final Object Repo/Page_Update Add New Employee - ASSIST/DOB Date), "xpath", "equals", "//body/div/table/tbody/tr/td/a[text()="" + CurrentDate + ""]", true): Modify property of object successfully

2018-12-11 16:21:14 - [MESSAGE][PASSED] - Modify property of object successfully

2018-12-11 16:21:14 - [TEST_STEP][PASSED] - click: Object: 'Object Repository/Final Object Repo/Page_Update Add New Employee - ASSIST/DOB Date' is clicked on

2018-12-11 16:21:14 - [MESSAGE][PASSED] - Object: 'Object Repository/Final Object Repo/Page_Update Add New Employee - ASSIST/DOB Date' is clicked on

2018-12-11 16:21:14 - [TEST_STEP][PASSED] - click: Object: 'Object Repository/Final Object Repo/Page_Update Add New Employee - ASSIST/EmploymentStartDate Pop Up' is clicked on

2018-12-11 16:21:14 - [MESSAGE][PASSED] - Object: 'Object Repository/Final Object Repo/Page_Update Add New Employee - ASSIST/EmploymentStartDate Pop Up' is clicked on

2018-12-11 16:21:14 - [TEST_STEP][PASSED] - delay: Delayed 2 second(s)

2018-12-11 16:21:16 - [MESSAGE][PASSED] - Delayed 2 second(s)

2018-12-11 16:21:16 - [TEST_STEP][PASSED] - click: Object: 'Object Repository/Final Object Repo/Page_Update Add New Employee - ASSIST/Socso Employment StartDate Month' is clicked on

2018-12-11 16:21:16 - [MESSAGE][PASSED] - Object: 'Object Repository/Final Object Repo/Page_Update Add New Employee - ASSIST/Socso Employment StartDate Month' is clicked on

2018-12-11 16:21:16 - [TEST_STEP][PASSED] - delay: Delayed 1 second(s)

2018-12-11 16:21:17 - [MESSAGE][PASSED] - Delayed 1 second(s)

2018-12-11 16:21:17 - [TEST_STEP][PASSED] - click: Object: 'Object Repository/Final Object Repo/Page_Update Add New Employee - ASSIST/Select Socso Employement Startdate Month' is clicked on

2018-12-11 16:21:17 - [MESSAGE][PASSED] - Object: 'Object Repository/Final Object Repo/Page_Update Add New Employee - ASSIST/Select Socso Employement Startdate Month' is clicked on

2018-12-11 16:21:17 - [TEST_STEP][PASSED] - delay: Delayed 2 second(s)

2018-12-11 16:21:19 - [MESSAGE][PASSED] - Delayed 2 second(s)

2018-12-11 16:21:19 - [TEST_STEP][PASSED] - click: Object: 'Object Repository/Final Object Repo/Page_Update Add New Employee - ASSIST/Socso Employment StartDate Year' is clicked on

2018-12-11 16:21:20 - [MESSAGE][PASSED] - Object: 'Object Repository/Final Object Repo/Page_Update Add New Employee - ASSIST/Socso Employment StartDate Year' is clicked on

2018-12-11 16:21:20 - [TEST_STEP][PASSED] - delay: Delayed 1 second(s)

2018-12-11 16:21:21 - [MESSAGE][PASSED] - Delayed 1 second(s)

2018-12-11 16:21:21 - [TEST_STEP][PASSED] - click: Object: 'Object Repository/Final Object Repo/Page_Update Add New Employee - ASSIST/Select Socso Employment Startdate Year' is clicked on

2018-12-11 16:21:21 - [MESSAGE][PASSED] - Object: 'Object Repository/Final Object Repo/Page_Update Add New Employee - ASSIST/Select Socso Employment Startdate Year' is clicked on

2018-12-11 16:21:21 - [TEST_STEP][PASSED] - delay: Delayed 2 second(s)

2018-12-11 16:21:23 - [MESSAGE][PASSED] - Delayed 2 second(s)

2018-12-11 16:21:23 - [TEST_STEP][PASSED] - click: Object: 'Object Repository/Final Object Repo/Page_Update Add New Employee - ASSIST/Socso Employment Start Date Day' is clicked on

2018-12-11 16:21:23 - [MESSAGE][PASSED] - Object: 'Object Repository/Final Object Repo/Page_Update Add New Employee - ASSIST/Socso Employment Start Date Day' is clicked on

2018-12-11 16:21:23 - [TEST_STEP][PASSED] - delay: Delayed 2 second(s)

2018-12-11 16:21:25 - [MESSAGE][PASSED] - Delayed 2 second(s)

2018-12-11 16:21:25 - [TEST_STEP][PASSED] - click: Object: 'Object Repository/Final Object Repo/Page_Update Add New Employee - ASSIST/Save Button for Add Employee' is clicked on

2018-12-11 16:21:25 - [MESSAGE][PASSED] - Object: 'Object Repository/Final Object Repo/Page_Update Add New Employee - ASSIST/Save Button for Add Employee' is clicked on

2018-12-11 16:21:25 - [MESSAGE][PASSED] - Call Test Case 'Test Cases/Final Aug 2018 - PKS Automation/Registration Module/Workflow/Update Add New Employee/Template/Employee Adding/Employee Adding Action Repeat IC - set 1' successfully

2018-12-11 16:21:25 - [MESSAGE][PASSED] - Call Test Case 'Test Cases/Final Aug 2018 - PKS Automation/Registration Module/Workflow/Update Add New Employee/Template/Employee Adding/Employee Set Decider' successfully

2018-12-11 16:21:25 - [TEST_STEP][PASSED] - delay: Delayed 4 second(s)

2018-12-11 16:21:29 - [MESSAGE][PASSED] - Delayed 4 second(s)

2018-12-11 16:21:29 - [TEST_STEP][PASSED] - Statement - CaseReferenceNo = com.kms.katalon.core.webui.keyword.WebUiBuiltInKeywords.getText(com.kms.katalon.core.testobject.ObjectRepository.findTestObject(Final Object Repo/Page_Update Add New Employee - ASSIST/RefNo)): Text of object 'Object Repository/Final Object Repo/Page_Update Add New Employee - ASSIST/RefNo' is: 'CAN12201800002303'

2018-12-11 16:21:29 - [MESSAGE][PASSED] - Text of object 'Object Repository/Final Object Repo/Page_Update Add New Employee - ASSIST/RefNo' is: 'CAN12201800002303'

2018-12-11 16:21:29 - [TEST_STEP][PASSED] - callTestCase: Call Test Case 'Test Cases/Final Aug 2018 - PKS Automation/Common/Reference Number Setter' successfully

2018-12-11 16:21:29 - [TEST_CASE][PASSED] - Test Cases/Final Aug 2018 - PKS Automation/Common/Reference Number Setter: Test Cases/Final Aug 2018 - PKS Automation/Common/Reference Number Setter

2018-12-11 16:21:29 - [TEST_STEP][PASSED] - Statement - RefNoOldFile = new java.io.File(C://Users//Admin//Desktop//PKS//Automation Reference Point//KatalonReference.txt): null

2018-12-11 16:21:29 - [TEST_STEP][PASSED] - Statement - RefNoOldFile.delete(): null

2018-12-11 16:21:29 - [TEST_STEP][PASSED] - delay: Delayed 5 second(s)

2018-12-11 16:21:34 - [MESSAGE][PASSED] - Delayed 5 second(s)

2018-12-11 16:21:34 - [TEST_STEP][PASSED] - Statement - RefNo = new java.io.File(C://Users//Admin//Desktop//PKS//Automation Reference Point//KatalonReference.txt): null

2018-12-11 16:21:34 - [TEST_STEP][PASSED] - Statement - f2 = new java.io.FileWriter(RefNo, false): null

2018-12-11 16:21:34 - [TEST_STEP][PASSED] - Statement - f2.write(CaseReferenceNo): null

2018-12-11 16:21:34 - [TEST_STEP][PASSED] - Statement - f2.close(): null

2018-12-11 16:21:34 - [TEST_STEP][PASSED] - Statement - out.println("


" + CaseReferenceNo + "


"): null

2018-12-11 16:21:34 - [MESSAGE][PASSED] - Call Test Case 'Test Cases/Final Aug 2018 - PKS Automation/Common/Reference Number Setter' successfully

2018-12-11 16:21:34 - [TEST_STEP][PASSED] - delay: Delayed 5 second(s)

2018-12-11 16:21:39 - [MESSAGE][PASSED] - Delayed 5 second(s)

2018-12-11 16:21:39 - [TEST_STEP][PASSED] - click: Object: 'Object Repository/Final Object Repo/Page_Update Add New Employee - ASSIST/Incomplete Checkbox' is clicked on

2018-12-11 16:21:39 - [MESSAGE][PASSED] - Object: 'Object Repository/Final Object Repo/Page_Update Add New Employee - ASSIST/Incomplete Checkbox' is clicked on

2018-12-11 16:21:39 - [TEST_STEP][PASSED] - delay: Delayed 5 second(s)

2018-12-11 16:21:44 - [MESSAGE][PASSED] - Delayed 5 second(s)

2018-12-11 16:21:44 - [TEST_STEP][PASSED] - click: Object: 'Object Repository/Final Object Repo/Page_Update Add New Employee - ASSIST/Save  Continue Button' is clicked on

2018-12-11 16:21:45 - [MESSAGE][PASSED] - Object: 'Object Repository/Final Object Repo/Page_Update Add New Employee - ASSIST/Save  Continue Button' is clicked on

2018-12-11 16:21:45 - [TEST_STEP][PASSED] - delay: Delayed 6 second(s)

2018-12-11 16:21:51 - [MESSAGE][PASSED] - Delayed 6 second(s)

2018-12-11 16:21:51 - [TEST_STEP][PASSED] - click: Object: 'Object Repository/Final Object Repo/Page_Update Add New Employee - ASSIST/Save  Continue Third Screen' is clicked on

2018-12-11 16:21:54 - [MESSAGE][PASSED] - Object: 'Object Repository/Final Object Repo/Page_Update Add New Employee - ASSIST/Save  Continue Third Screen' is clicked on

2018-12-11 16:21:54 - [TEST_STEP][PASSED] - delay: Delayed 4 second(s)

2018-12-11 16:21:58 - [MESSAGE][PASSED] - Delayed 4 second(s)

2018-12-11 16:21:58 - [TEST_STEP][PASSED] - click: Object: 'Object Repository/Final Object Repo/Page_Update Add New Employee - ASSIST/Save   Continue Supporting Doc Page' is clicked on

2018-12-11 16:21:58 - [MESSAGE][PASSED] - Object: 'Object Repository/Final Object Repo/Page_Update Add New Employee - ASSIST/Save   Continue Supporting Doc Page' is clicked on

2018-12-11 16:21:58 - [TEST_STEP][PASSED] - delay: Delayed 4 second(s)

2018-12-11 16:22:02 - [MESSAGE][PASSED] - Delayed 4 second(s)

2018-12-11 16:22:02 - [TEST_STEP][PASSED] - click: Object: 'Object Repository/Final Object Repo/Page_Update Add New Employee - ASSIST/Submit Button' is clicked on

2018-12-11 16:22:02 - [MESSAGE][PASSED] - Object: 'Object Repository/Final Object Repo/Page_Update Add New Employee - ASSIST/Submit Button' is clicked on

2018-12-11 16:22:02 - [TEST_STEP][PASSED] - delay: Delayed 4 second(s)

2018-12-11 16:22:06 - [MESSAGE][PASSED] - Delayed 4 second(s)

2018-12-11 16:22:06 - [TEST_STEP][PASSED] - click: Object: 'Object Repository/Final Object Repo/Page_Update Add New Employee - ASSIST/Confirm Submit Button' is clicked on

2018-12-11 16:22:06 - [MESSAGE][PASSED] - Object: 'Object Repository/Final Object Repo/Page_Update Add New Employee - ASSIST/Confirm Submit Button' is clicked on

2018-12-11 16:22:06 - [TEST_STEP][PASSED] - delay: Delayed 30 second(s)

2018-12-11 16:22:36 - [MESSAGE][PASSED] - Delayed 30 second(s)

2018-12-11 16:22:36 - [TEST_STEP][PASSED] - callTestCase: Call Test Case 'Test Cases/Final Aug 2018 - PKS Automation/Common/Screenshoting tool' successfully

2018-12-11 16:22:36 - [TEST_CASE][PASSED] - Test Cases/Final Aug 2018 - PKS Automation/Common/Screenshoting tool: Test Cases/Final Aug 2018 - PKS Automation/Common/Screenshoting tool

2018-12-11 16:22:36 - [TEST_STEP][PASSED] - delay: Delayed 15 second(s)

2018-12-11 16:22:51 - [MESSAGE][PASSED] - Delayed 15 second(s)

2018-12-11 16:22:51 - [TEST_STEP][PASSED] - Statement - driver = com.kms.katalon.core.webui.driver.DriverFactory.getWebDriver(): null

2018-12-11 16:22:51 - [TEST_STEP][PASSED] - Statement - driver.manage().timeouts().implicitlyWait(10, SECONDS): null

2018-12-11 16:22:51 - [TEST_STEP][PASSED] - Statement - PresavePath = KatalonScreenshots: null

2018-12-11 16:22:51 - [TEST_STEP][PASSED] - Statement - pathPrefix = "C:\Users\Public\Pictures\Sample Pictures\Katalon Screenshots\Automate Ending Screen": null

2018-12-11 16:22:51 - [TEST_STEP][PASSED] - Statement - finalPath = <not implemented yet for class: org.codehaus.groovy.ast.expr.EmptyExpression>: null

2018-12-11 16:22:51 - [TEST_STEP][PASSED] - Statement - scrFile = driver.getScreenshotAs(FILE): null

2018-12-11 16:22:52 - [TEST_STEP][PASSED] - Statement - PreSaveFile = new java.io.File(PresavePath): null

2018-12-11 16:22:52 - [TEST_STEP][PASSED] - Statement - counter = 0: null

2018-12-11 16:22:52 - [TEST_STEP][PASSED] - Statement - If (PreSaveFile.exists()): null

2018-12-11 16:22:52 - [TEST_STEP][PASSED] - Statement - While (PreSaveFile.exists()): null

2018-12-11 16:22:52 - [TEST_STEP][PASSED] - Statement - counter = counter + 1: null

2018-12-11 16:22:52 - [TEST_STEP][PASSED] - Statement - PreSaveFile = new java.io.File(((pathPrefix + java.lang.Integer.toString(counter)) + .png)): null

2018-12-11 16:22:52 - [TEST_STEP][PASSED] - Statement - counter = counter + 1: null

2018-12-11 16:22:52 - [TEST_STEP][PASSED] - Statement - PreSaveFile = new java.io.File(((pathPrefix + java.lang.Integer.toString(counter)) + .png)): null

2018-12-11 16:22:52 - [TEST_STEP][PASSED] - Statement - counter = counter + 1: null

2018-12-11 16:22:52 - [TEST_STEP][PASSED] - Statement - PreSaveFile = new java.io.File(((pathPrefix + java.lang.Integer.toString(counter)) + .png)): null

2018-12-11 16:22:52 - [TEST_STEP][PASSED] - Statement - counter = counter + 1: null

2018-12-11 16:22:52 - [TEST_STEP][PASSED] - Statement - PreSaveFile = new java.io.File(((pathPrefix + java.lang.Integer.toString(counter)) + .png)): null

2018-12-11 16:22:52 - [TEST_STEP][PASSED] - Statement - counter = counter + 1: null

2018-12-11 16:22:52 - [TEST_STEP][PASSED] - Statement - PreSaveFile = new java.io.File(((pathPrefix + java.lang.Integer.toString(counter)) + .png)): null

2018-12-11 16:22:52 - [TEST_STEP][PASSED] - Statement - counter = counter + 1: null

2018-12-11 16:22:52 - [TEST_STEP][PASSED] - Statement - PreSaveFile = new java.io.File(((pathPrefix + java.lang.Integer.toString(counter)) + .png)): null

2018-12-11 16:22:52 - [TEST_STEP][PASSED] - Statement - counter = counter + 1: null

2018-12-11 16:22:52 - [TEST_STEP][PASSED] - Statement - PreSaveFile = new java.io.File(((pathPrefix + java.lang.Integer.toString(counter)) + .png)): null

2018-12-11 16:22:52 - [TEST_STEP][PASSED] - Statement - counter = counter + 1: null

2018-12-11 16:22:52 - [TEST_STEP][PASSED] - Statement - PreSaveFile = new java.io.File(((pathPrefix + java.lang.Integer.toString(counter)) + .png)): null

2018-12-11 16:22:52 - [TEST_STEP][PASSED] - Statement - counter = counter + 1: null

2018-12-11 16:22:52 - [TEST_STEP][PASSED] - Statement - PreSaveFile = new java.io.File(((pathPrefix + java.lang.Integer.toString(counter)) + .png)): null

2018-12-11 16:22:52 - [TEST_STEP][PASSED] - Statement - counter = counter + 1: null

2018-12-11 16:22:52 - [TEST_STEP][PASSED] - Statement - PreSaveFile = new java.io.File(((pathPrefix + java.lang.Integer.toString(counter)) + .png)): null

2018-12-11 16:22:52 - [TEST_STEP][PASSED] - Statement - counter = counter + 1: null

2018-12-11 16:22:52 - [TEST_STEP][PASSED] - Statement - PreSaveFile = new java.io.File(((pathPrefix + java.lang.Integer.toString(counter)) + .png)): null

2018-12-11 16:22:52 - [TEST_STEP][PASSED] - Statement - counter = counter + 1: null

2018-12-11 16:22:52 - [TEST_STEP][PASSED] - Statement - PreSaveFile = new java.io.File(((pathPrefix + java.lang.Integer.toString(counter)) + .png)): null

2018-12-11 16:22:52 - [TEST_STEP][PASSED] - Statement - counter = counter + 1: null

2018-12-11 16:22:52 - [TEST_STEP][PASSED] - Statement - PreSaveFile = new java.io.File(((pathPrefix + java.lang.Integer.toString(counter)) + .png)): null

2018-12-11 16:22:52 - [TEST_STEP][PASSED] - Statement - counter = counter + 1: null

2018-12-11 16:22:52 - [TEST_STEP][PASSED] - Statement - PreSaveFile = new java.io.File(((pathPrefix + java.lang.Integer.toString(counter)) + .png)): null

2018-12-11 16:22:52 - [TEST_STEP][PASSED] - Statement - counter = counter + 1: null

2018-12-11 16:22:52 - [TEST_STEP][PASSED] - Statement - PreSaveFile = new java.io.File(((pathPrefix + java.lang.Integer.toString(counter)) + .png)): null

2018-12-11 16:22:52 - [TEST_STEP][PASSED] - Statement - counter = counter + 1: null

2018-12-11 16:22:52 - [TEST_STEP][PASSED] - Statement - PreSaveFile = new java.io.File(((pathPrefix + java.lang.Integer.toString(counter)) + .png)): null

2018-12-11 16:22:52 - [TEST_STEP][PASSED] - Statement - counter = counter + 1: null

2018-12-11 16:22:52 - [TEST_STEP][PASSED] - Statement - PreSaveFile = new java.io.File(((pathPrefix + java.lang.Integer.toString(counter)) + .png)): null

2018-12-11 16:22:52 - [TEST_STEP][PASSED] - Statement - counter = counter + 1: null

2018-12-11 16:22:52 - [TEST_STEP][PASSED] - Statement - PreSaveFile = new java.io.File(((pathPrefix + java.lang.Integer.toString(counter)) + .png)): null

2018-12-11 16:22:52 - [TEST_STEP][PASSED] - Statement - counter = counter + 1: null

2018-12-11 16:22:52 - [TEST_STEP][PASSED] - Statement - PreSaveFile = new java.io.File(((pathPrefix + java.lang.Integer.toString(counter)) + .png)): null

2018-12-11 16:22:52 - [TEST_STEP][PASSED] - Statement - counter = counter + 1: null

2018-12-11 16:22:52 - [TEST_STEP][PASSED] - Statement - PreSaveFile = new java.io.File(((pathPrefix + java.lang.Integer.toString(counter)) + .png)): null

2018-12-11 16:22:52 - [TEST_STEP][PASSED] - Statement - counter = counter + 1: null

2018-12-11 16:22:52 - [TEST_STEP][PASSED] - Statement - PreSaveFile = new java.io.File(((pathPrefix + java.lang.Integer.toString(counter)) + .png)): null

2018-12-11 16:22:52 - [TEST_STEP][PASSED] - Statement - counter = counter + 1: null

2018-12-11 16:22:52 - [TEST_STEP][PASSED] - Statement - PreSaveFile = new java.io.File(((pathPrefix + java.lang.Integer.toString(counter)) + .png)): null

2018-12-11 16:22:52 - [TEST_STEP][PASSED] - Statement - counter = counter + 1: null

2018-12-11 16:22:52 - [TEST_STEP][PASSED] - Statement - PreSaveFile = new java.io.File(((pathPrefix + java.lang.Integer.toString(counter)) + .png)): null

2018-12-11 16:22:52 - [TEST_STEP][PASSED] - Statement - counter = counter + 1: null

2018-12-11 16:22:52 - [TEST_STEP][PASSED] - Statement - PreSaveFile = new java.io.File(((pathPrefix + java.lang.Integer.toString(counter)) + .png)): null

2018-12-11 16:22:52 - [TEST_STEP][PASSED] - Statement - counter = counter + 1: null

2018-12-11 16:22:52 - [TEST_STEP][PASSED] - Statement - PreSaveFile = new java.io.File(((pathPrefix + java.lang.Integer.toString(counter)) + .png)): null

2018-12-11 16:22:52 - [TEST_STEP][PASSED] - Statement - counter = counter + 1: null

2018-12-11 16:22:52 - [TEST_STEP][PASSED] - Statement - PreSaveFile = new java.io.File(((pathPrefix + java.lang.Integer.toString(counter)) + .png)): null

2018-12-11 16:22:52 - [TEST_STEP][PASSED] - Statement - counter = counter + 1: null

2018-12-11 16:22:52 - [TEST_STEP][PASSED] - Statement - PreSaveFile = new java.io.File(((pathPrefix + java.lang.Integer.toString(counter)) + .png)): null

2018-12-11 16:22:52 - [TEST_STEP][PASSED] - Statement - counter = counter + 1: null

2018-12-11 16:22:52 - [TEST_STEP][PASSED] - Statement - PreSaveFile = new java.io.File(((pathPrefix + java.lang.Integer.toString(counter)) + .png)): null

2018-12-11 16:22:52 - [TEST_STEP][PASSED] - Statement - counter = counter + 1: null

2018-12-11 16:22:52 - [TEST_STEP][PASSED] - Statement - PreSaveFile = new java.io.File(((pathPrefix + java.lang.Integer.toString(counter)) + .png)): null

2018-12-11 16:22:52 - [TEST_STEP][PASSED] - Statement - counter = counter + 1: null

2018-12-11 16:22:52 - [TEST_STEP][PASSED] - Statement - PreSaveFile = new java.io.File(((pathPrefix + java.lang.Integer.toString(counter)) + .png)): null

2018-12-11 16:22:52 - [TEST_STEP][PASSED] - Statement - counter = counter + 1: null

2018-12-11 16:22:52 - [TEST_STEP][PASSED] - Statement - PreSaveFile = new java.io.File(((pathPrefix + java.lang.Integer.toString(counter)) + .png)): null

2018-12-11 16:22:52 - [TEST_STEP][PASSED] - Statement - counter = counter + 1: null

2018-12-11 16:22:52 - [TEST_STEP][PASSED] - Statement - PreSaveFile = new java.io.File(((pathPrefix + java.lang.Integer.toString(counter)) + .png)): null

2018-12-11 16:22:52 - [TEST_STEP][PASSED] - Statement - counter = counter + 1: null

2018-12-11 16:22:52 - [TEST_STEP][PASSED] - Statement - PreSaveFile = new java.io.File(((pathPrefix + java.lang.Integer.toString(counter)) + .png)): null

2018-12-11 16:22:52 - [TEST_STEP][PASSED] - Statement - counter = counter + 1: null

2018-12-11 16:22:52 - [TEST_STEP][PASSED] - Statement - PreSaveFile = new java.io.File(((pathPrefix + java.lang.Integer.toString(counter)) + .png)): null

2018-12-11 16:22:52 - [TEST_STEP][PASSED] - Statement - counter = counter + 1: null

2018-12-11 16:22:52 - [TEST_STEP][PASSED] - Statement - PreSaveFile = new java.io.File(((pathPrefix + java.lang.Integer.toString(counter)) + .png)): null

2018-12-11 16:22:52 - [TEST_STEP][PASSED] - Statement - counter = counter + 1: null

2018-12-11 16:22:52 - [TEST_STEP][PASSED] - Statement - PreSaveFile = new java.io.File(((pathPrefix + java.lang.Integer.toString(counter)) + .png)): null

2018-12-11 16:22:52 - [TEST_STEP][PASSED] - Statement - counter = counter + 1: null

2018-12-11 16:22:52 - [TEST_STEP][PASSED] - Statement - PreSaveFile = new java.io.File(((pathPrefix + java.lang.Integer.toString(counter)) + .png)): null

2018-12-11 16:22:52 - [TEST_STEP][PASSED] - Statement - counter = counter + 1: null

2018-12-11 16:22:52 - [TEST_STEP][PASSED] - Statement - PreSaveFile = new java.io.File(((pathPrefix + java.lang.Integer.toString(counter)) + .png)): null

2018-12-11 16:22:52 - [TEST_STEP][PASSED] - Statement - counter = counter + 1: null

2018-12-11 16:22:52 - [TEST_STEP][PASSED] - Statement - PreSaveFile = new java.io.File(((pathPrefix + java.lang.Integer.toString(counter)) + .png)): null

2018-12-11 16:22:52 - [TEST_STEP][PASSED] - Statement - counter = counter + 1: null

2018-12-11 16:22:52 - [TEST_STEP][PASSED] - Statement - PreSaveFile = new java.io.File(((pathPrefix + java.lang.Integer.toString(counter)) + .png)): null

2018-12-11 16:22:52 - [TEST_STEP][PASSED] - Statement - counter = counter + 1: null

2018-12-11 16:22:52 - [TEST_STEP][PASSED] - Statement - PreSaveFile = new java.io.File(((pathPrefix + java.lang.Integer.toString(counter)) + .png)): null

2018-12-11 16:22:52 - [TEST_STEP][PASSED] - Statement - counter = counter + 1: null

2018-12-11 16:22:52 - [TEST_STEP][PASSED] - Statement - PreSaveFile = new java.io.File(((pathPrefix + java.lang.Integer.toString(counter)) + .png)): null

2018-12-11 16:22:52 - [TEST_STEP][PASSED] - Statement - counter = counter + 1: null

2018-12-11 16:22:52 - [TEST_STEP][PASSED] - Statement - PreSaveFile = new java.io.File(((pathPrefix + java.lang.Integer.toString(counter)) + .png)): null

2018-12-11 16:22:52 - [TEST_STEP][PASSED] - Statement - counter = counter + 1: null

2018-12-11 16:22:52 - [TEST_STEP][PASSED] - Statement - PreSaveFile = new java.io.File(((pathPrefix + java.lang.Integer.toString(counter)) + .png)): null

2018-12-11 16:22:52 - [TEST_STEP][PASSED] - Statement - counter = counter + 1: null

2018-12-11 16:22:52 - [TEST_STEP][PASSED] - Statement - PreSaveFile = new java.io.File(((pathPrefix + java.lang.Integer.toString(counter)) + .png)): null

2018-12-11 16:22:52 - [TEST_STEP][PASSED] - Statement - counter = counter + 1: null

2018-12-11 16:22:52 - [TEST_STEP][PASSED] - Statement - PreSaveFile = new java.io.File(((pathPrefix + java.lang.Integer.toString(counter)) + .png)): null

2018-12-11 16:22:52 - [TEST_STEP][PASSED] - Statement - counter = counter + 1: null

2018-12-11 16:22:52 - [TEST_STEP][PASSED] - Statement - PreSaveFile = new java.io.File(((pathPrefix + java.lang.Integer.toString(counter)) + .png)): null

2018-12-11 16:22:52 - [TEST_STEP][PASSED] - Statement - counter = counter + 1: null

2018-12-11 16:22:52 - [TEST_STEP][PASSED] - Statement - PreSaveFile = new java.io.File(((pathPrefix + java.lang.Integer.toString(counter)) + .png)): null

2018-12-11 16:22:52 - [TEST_STEP][PASSED] - Statement - counter = counter + 1: null

2018-12-11 16:22:52 - [TEST_STEP][PASSED] - Statement - PreSaveFile = new java.io.File(((pathPrefix + java.lang.Integer.toString(counter)) + .png)): null

2018-12-11 16:22:52 - [TEST_STEP][PASSED] - Statement - counter = counter + 1: null

2018-12-11 16:22:52 - [TEST_STEP][PASSED] - Statement - PreSaveFile = new java.io.File(((pathPrefix + java.lang.Integer.toString(counter)) + .png)): null

2018-12-11 16:22:52 - [TEST_STEP][PASSED] - Statement - counter = counter + 1: null

2018-12-11 16:22:52 - [TEST_STEP][PASSED] - Statement - PreSaveFile = new java.io.File(((pathPrefix + java.lang.Integer.toString(counter)) + .png)): null

2018-12-11 16:22:52 - [TEST_STEP][PASSED] - Statement - counter = counter + 1: null

2018-12-11 16:22:52 - [TEST_STEP][PASSED] - Statement - PreSaveFile = new java.io.File(((pathPrefix + java.lang.Integer.toString(counter)) + .png)): null

2018-12-11 16:22:52 - [TEST_STEP][PASSED] - Statement - counter = counter + 1: null

2018-12-11 16:22:52 - [TEST_STEP][PASSED] - Statement - PreSaveFile = new java.io.File(((pathPrefix + java.lang.Integer.toString(counter)) + .png)): null

2018-12-11 16:22:52 - [TEST_STEP][PASSED] - Statement - counter = counter + 1: null

2018-12-11 16:22:52 - [TEST_STEP][PASSED] - Statement - PreSaveFile = new java.io.File(((pathPrefix + java.lang.Integer.toString(counter)) + .png)): null

2018-12-11 16:22:52 - [TEST_STEP][PASSED] - Statement - counter = counter + 1: null

2018-12-11 16:22:52 - [TEST_STEP][PASSED] - Statement - PreSaveFile = new java.io.File(((pathPrefix + java.lang.Integer.toString(counter)) + .png)): null

2018-12-11 16:22:52 - [TEST_STEP][PASSED] - Statement - counter = counter + 1: null

2018-12-11 16:22:52 - [TEST_STEP][PASSED] - Statement - PreSaveFile = new java.io.File(((pathPrefix + java.lang.Integer.toString(counter)) + .png)): null

2018-12-11 16:22:52 - [TEST_STEP][PASSED] - Statement - counter = counter + 1: null

2018-12-11 16:22:52 - [TEST_STEP][PASSED] - Statement - PreSaveFile = new java.io.File(((pathPrefix + java.lang.Integer.toString(counter)) + .png)): null

2018-12-11 16:22:52 - [TEST_STEP][PASSED] - Statement - counter = counter + 1: null

2018-12-11 16:22:52 - [TEST_STEP][PASSED] - Statement - PreSaveFile = new java.io.File(((pathPrefix + java.lang.Integer.toString(counter)) + .png)): null

2018-12-11 16:22:52 - [TEST_STEP][PASSED] - Statement - counter = counter + 1: null

2018-12-11 16:22:52 - [TEST_STEP][PASSED] - Statement - PreSaveFile = new java.io.File(((pathPrefix + java.lang.Integer.toString(counter)) + .png)): null

2018-12-11 16:22:52 - [TEST_STEP][PASSED] - Statement - counter = counter + 1: null

2018-12-11 16:22:52 - [TEST_STEP][PASSED] - Statement - PreSaveFile = new java.io.File(((pathPrefix + java.lang.Integer.toString(counter)) + .png)): null

2018-12-11 16:22:52 - [TEST_STEP][PASSED] - Statement - counter = counter + 1: null

2018-12-11 16:22:52 - [TEST_STEP][PASSED] - Statement - PreSaveFile = new java.io.File(((pathPrefix + java.lang.Integer.toString(counter)) + .png)): null

2018-12-11 16:22:52 - [TEST_STEP][PASSED] - Statement - counter = counter + 1: null

2018-12-11 16:22:52 - [TEST_STEP][PASSED] - Statement - PreSaveFile = new java.io.File(((pathPrefix + java.lang.Integer.toString(counter)) + .png)): null

2018-12-11 16:22:52 - [TEST_STEP][PASSED] - Statement - counter = counter + 1: null

2018-12-11 16:22:52 - [TEST_STEP][PASSED] - Statement - PreSaveFile = new java.io.File(((pathPrefix + java.lang.Integer.toString(counter)) + .png)): null

2018-12-11 16:22:52 - [TEST_STEP][PASSED] - Statement - counter = counter + 1: null

2018-12-11 16:22:52 - [TEST_STEP][PASSED] - Statement - PreSaveFile = new java.io.File(((pathPrefix + java.lang.Integer.toString(counter)) + .png)): null

2018-12-11 16:22:52 - [TEST_STEP][PASSED] - Statement - counter = counter + 1: null

2018-12-11 16:22:52 - [TEST_STEP][PASSED] - Statement - PreSaveFile = new java.io.File(((pathPrefix + java.lang.Integer.toString(counter)) + .png)): null

2018-12-11 16:22:52 - [TEST_STEP][PASSED] - Statement - counter = counter + 1: null

2018-12-11 16:22:52 - [TEST_STEP][PASSED] - Statement - PreSaveFile = new java.io.File(((pathPrefix + java.lang.Integer.toString(counter)) + .png)): null

2018-12-11 16:22:52 - [TEST_STEP][PASSED] - Statement - counter = counter + 1: null

2018-12-11 16:22:52 - [TEST_STEP][PASSED] - Statement - PreSaveFile = new java.io.File(((pathPrefix + java.lang.Integer.toString(counter)) + .png)): null

2018-12-11 16:22:52 - [TEST_STEP][PASSED] - Statement - counter = counter + 1: null

2018-12-11 16:22:52 - [TEST_STEP][PASSED] - Statement - PreSaveFile = new java.io.File(((pathPrefix + java.lang.Integer.toString(counter)) + .png)): null

2018-12-11 16:22:52 - [TEST_STEP][PASSED] - Statement - counter = counter + 1: null

2018-12-11 16:22:52 - [TEST_STEP][PASSED] - Statement - PreSaveFile = new java.io.File(((pathPrefix + java.lang.Integer.toString(counter)) + .png)): null

2018-12-11 16:22:52 - [TEST_STEP][PASSED] - Statement - counter = counter + 1: null

2018-12-11 16:22:52 - [TEST_STEP][PASSED] - Statement - PreSaveFile = new java.io.File(((pathPrefix + java.lang.Integer.toString(counter)) + .png)): null

2018-12-11 16:22:52 - [TEST_STEP][PASSED] - Statement - counter = counter + 1: null

2018-12-11 16:22:52 - [TEST_STEP][PASSED] - Statement - PreSaveFile = new java.io.File(((pathPrefix + java.lang.Integer.toString(counter)) + .png)): null

2018-12-11 16:22:52 - [TEST_STEP][PASSED] - Statement - counter = counter + 1: null

2018-12-11 16:22:52 - [TEST_STEP][PASSED] - Statement - PreSaveFile = new java.io.File(((pathPrefix + java.lang.Integer.toString(counter)) + .png)): null

2018-12-11 16:22:52 - [TEST_STEP][PASSED] - Statement - counter = counter + 1: null

2018-12-11 16:22:52 - [TEST_STEP][PASSED] - Statement - PreSaveFile = new java.io.File(((pathPrefix + java.lang.Integer.toString(counter)) + .png)): null

2018-12-11 16:22:52 - [TEST_STEP][PASSED] - Statement - counter = counter + 1: null

2018-12-11 16:22:52 - [TEST_STEP][PASSED] - Statement - PreSaveFile = new java.io.File(((pathPrefix + java.lang.Integer.toString(counter)) + .png)): null

2018-12-11 16:22:52 - [TEST_STEP][PASSED] - Statement - counter = counter + 1: null

2018-12-11 16:22:52 - [TEST_STEP][PASSED] - Statement - PreSaveFile = new java.io.File(((pathPrefix + java.lang.Integer.toString(counter)) + .png)): null

2018-12-11 16:22:52 - [TEST_STEP][PASSED] - Statement - counter = counter + 1: null

2018-12-11 16:22:52 - [TEST_STEP][PASSED] - Statement - PreSaveFile = new java.io.File(((pathPrefix + java.lang.Integer.toString(counter)) + .png)): null

2018-12-11 16:22:52 - [TEST_STEP][PASSED] - Statement - counter = counter + 1: null

2018-12-11 16:22:52 - [TEST_STEP][PASSED] - Statement - PreSaveFile = new java.io.File(((pathPrefix + java.lang.Integer.toString(counter)) + .png)): null

2018-12-11 16:22:52 - [TEST_STEP][PASSED] - Statement - counter = counter + 1: null

2018-12-11 16:22:52 - [TEST_STEP][PASSED] - Statement - PreSaveFile = new java.io.File(((pathPrefix + java.lang.Integer.toString(counter)) + .png)): null

2018-12-11 16:22:52 - [TEST_STEP][PASSED] - Statement - counter = counter + 1: null

2018-12-11 16:22:52 - [TEST_STEP][PASSED] - Statement - PreSaveFile = new java.io.File(((pathPrefix + java.lang.Integer.toString(counter)) + .png)): null

2018-12-11 16:22:52 - [TEST_STEP][PASSED] - Statement - counter = counter + 1: null

2018-12-11 16:22:52 - [TEST_STEP][PASSED] - Statement - PreSaveFile = new java.io.File(((pathPrefix + java.lang.Integer.toString(counter)) + .png)): null

2018-12-11 16:22:52 - [TEST_STEP][PASSED] - Statement - counter = counter + 1: null

2018-12-11 16:22:52 - [TEST_STEP][PASSED] - Statement - PreSaveFile = new java.io.File(((pathPrefix + java.lang.Integer.toString(counter)) + .png)): null

2018-12-11 16:22:52 - [TEST_STEP][PASSED] - Statement - counter = counter + 1: null

2018-12-11 16:22:52 - [TEST_STEP][PASSED] - Statement - PreSaveFile = new java.io.File(((pathPrefix + java.lang.Integer.toString(counter)) + .png)): null

2018-12-11 16:22:52 - [TEST_STEP][PASSED] - Statement - finalPath = pathPrefix + java.lang.Integer.toString(counter) + ".png": null

2018-12-11 16:22:52 - [TEST_STEP][PASSED] - Statement - SaveFile = new java.io.File(finalPath): null

2018-12-11 16:22:52 - [TEST_STEP][PASSED] - Statement - Try: null

2018-12-11 16:22:52 - [TEST_STEP][PASSED] - Statement - org.apache.commons.io.FileUtils.copyFile(scrFile, SaveFile): null

2018-12-11 16:22:52 - [TEST_STEP][PASSED] - Statement - out.println("file kept"): null

2018-12-11 16:22:52 - [TEST_STEP][PASSED] - delay: Delayed 10 second(s)

2018-12-11 16:23:02 - [MESSAGE][PASSED] - Delayed 10 second(s)

2018-12-11 16:23:02 - [MESSAGE][PASSED] - Call Test Case 'Test Cases/Final Aug 2018 - PKS Automation/Common/Screenshoting tool' successfully

2018-12-11 16:23:02 - [TEST_STEP][PASSED] - callTestCase: Call Test Case 'Test Cases/Final Aug 2018 - PKS Automation/Registration Module/Log Out/log out avoiding katalon tagging' successfully

2018-12-11 16:23:02 - [TEST_CASE][PASSED] - Test Cases/Final Aug 2018 - PKS Automation/Registration Module/Log Out/log out avoiding katalon tagging: Test Cases/Final Aug 2018 - PKS Automation/Registration Module/Log Out/log out avoiding katalon tagging

2018-12-11 16:23:02 - [TEST_STEP][PASSED] - navigateToUrl: Navigate to 'https://assist2-uat.perkeso.gov.my/c/portal/logout' successfully

2018-12-11 16:23:03 - [MESSAGE][PASSED] - Navigate to 'https://assist2-uat.perkeso.gov.my/c/portal/logout' successfully

2018-12-11 16:23:03 - [MESSAGE][PASSED] - Call Test Case 'Test Cases/Final Aug 2018 - PKS Automation/Registration Module/Log Out/log out avoiding katalon tagging' successfully

2018-12-11 16:23:03 - [TEST_STEP][PASSED] - callTestCase: Call Test Case 'Test Cases/Final Aug 2018 - PKS Automation/Common/Workflow Owner Finder' successfully

2018-12-11 16:23:03 - [TEST_CASE][PASSED] - Test Cases/Final Aug 2018 - PKS Automation/Common/Workflow Owner Finder: Test Cases/Final Aug 2018 - PKS Automation/Common/Workflow Owner Finder

2018-12-11 16:23:03 - [TEST_STEP][PASSED] - openBrowser: Browser is opened with url: ''

2018-12-11 16:23:03 - [MESSAGE][WARNING] - A browser is already opened. Closing browser and opening a new one

2018-12-11 16:23:07 - [MESSAGE][PASSED] - Browser is opened with url: ''

2018-12-11 16:23:07 - [TEST_STEP][PASSED] - navigateToUrl: Navigate to 'https://assist2-uat.perkeso.gov.my/login' successfully

2018-12-11 16:23:09 - [MESSAGE][PASSED] - Navigate to 'https://assist2-uat.perkeso.gov.my/login' successfully

2018-12-11 16:23:09 - [TEST_STEP][PASSED] - delay: Delayed 5 second(s)

2018-12-11 16:23:14 - [MESSAGE][PASSED] - Delayed 5 second(s)

2018-12-11 16:23:14 - [TEST_STEP][PASSED] - setText: Text 'test@liferay.com' is set on object 'Object Repository/Final Object Repo/Login Page/Internal User/Email Address'

2018-12-11 16:23:14 - [MESSAGE][PASSED] - Text 'test@liferay.com' is set on object 'Object Repository/Final Object Repo/Login Page/Internal User/Email Address'

2018-12-11 16:23:14 - [TEST_STEP][PASSED] - click: Object: 'Object Repository/Final Object Repo/Login Page/Internal User/Next Button' is clicked on

2018-12-11 16:23:14 - [MESSAGE][PASSED] - Object: 'Object Repository/Final Object Repo/Login Page/Internal User/Next Button' is clicked on

2018-12-11 16:23:14 - [TEST_STEP][PASSED] - delay: Delayed 2 second(s)

2018-12-11 16:23:16 - [MESSAGE][PASSED] - Delayed 2 second(s)

2018-12-11 16:23:16 - [TEST_STEP][PASSED] - setText: Text 'test' is set on object 'Object Repository/Final Object Repo/Login Page/Internal User/Password'

2018-12-11 16:23:16 - [MESSAGE][PASSED] - Text 'test' is set on object 'Object Repository/Final Object Repo/Login Page/Internal User/Password'

2018-12-11 16:23:16 - [TEST_STEP][PASSED] - delay: Delayed 2 second(s)

2018-12-11 16:23:18 - [MESSAGE][PASSED] - Delayed 2 second(s)

2018-12-11 16:23:18 - [TEST_STEP][PASSED] - click: Object: 'Object Repository/Final Object Repo/Login Page/Internal User/Login Button' is clicked on

2018-12-11 16:23:19 - [MESSAGE][PASSED] - Object: 'Object Repository/Final Object Repo/Login Page/Internal User/Login Button' is clicked on

2018-12-11 16:23:19 - [TEST_STEP][PASSED] - Statement - tester = com.kms.katalon.core.testobject.ObjectRepository.findTestObject(Final Object Repo/Landing Page/Select to English): Finding Test Object with id 'Object Repository/Final Object Repo/Landing Page/Select to English'

2018-12-11 16:23:19 - [TEST_STEP][PASSED] - Statement - Try: Delayed 2 second(s)

2018-12-11 16:23:19 - [TEST_STEP][PASSED] - Statement - Checker = com.kms.katalon.core.webui.keyword.WebUiBuiltInKeywords.verifyElementNotPresent(tester, 3): Web element with id: 'Object Repository/Final Object Repo/Landing Page/Select to English' located by 'By.xpath: //a[@class = 'taglib-language-list-text' and @lang = 'en-US' and (contains(text(), 'EN') or contains(., 'EN'))]' is not present after '3' second(s)

2018-12-11 16:23:21 - [MESSAGE][PASSED] - Web element with id: 'Object Repository/Final Object Repo/Landing Page/Select to English' located by 'By.xpath: //a[@class = 'taglib-language-list-text' and @lang = 'en-US' and (contains(text(), 'EN') or contains(., 'EN'))]' is not present after '3' second(s)

2018-12-11 16:23:21 - [TEST_STEP][PASSED] - Statement - If (Checker == false): null

2018-12-11 16:23:21 - [TEST_STEP][PASSED] - delay: Delayed 2 second(s)

2018-12-11 16:23:23 - [MESSAGE][PASSED] - Delayed 2 second(s)

2018-12-11 16:23:23 - [TEST_STEP][PASSED] - delay: Delayed 5 second(s)

2018-12-11 16:23:28 - [MESSAGE][PASSED] - Delayed 5 second(s)

2018-12-11 16:23:28 - [TEST_STEP][PASSED] - mouseOver: Object: 'Object Repository/Final Object Repo/Landing Page/WorkFlow Menu' is hovered

2018-12-11 16:23:28 - [MESSAGE][PASSED] - Object: 'Object Repository/Final Object Repo/Landing Page/WorkFlow Menu' is hovered

2018-12-11 16:23:28 - [TEST_STEP][PASSED] - delay: Delayed 2 second(s)

2018-12-11 16:23:30 - [MESSAGE][PASSED] - Delayed 2 second(s)

2018-12-11 16:23:30 - [TEST_STEP][PASSED] - click: Object: 'Object Repository/Final Object Repo/Landing Page/Select to Workflow Listing' is clicked on

2018-12-11 16:23:32 - [MESSAGE][PASSED] - Object: 'Object Repository/Final Object Repo/Landing Page/Select to Workflow Listing' is clicked on

2018-12-11 16:23:32 - [TEST_STEP][PASSED] - delay: Delayed 2 second(s)

2018-12-11 16:23:34 - [MESSAGE][PASSED] - Delayed 2 second(s)

2018-12-11 16:23:34 - [TEST_STEP][PASSED] - click: Object: 'Object Repository/Final Object Repo/WorkFlow Listing Page/Search Information - To Put Ref No' is clicked on

2018-12-11 16:23:34 - [MESSAGE][PASSED] - Object: 'Object Repository/Final Object Repo/WorkFlow Listing Page/Search Information - To Put Ref No' is clicked on

2018-12-11 16:23:34 - [TEST_STEP][PASSED] - delay: Delayed 2 second(s)

2018-12-11 16:23:36 - [MESSAGE][PASSED] - Delayed 2 second(s)

2018-12-11 16:23:36 - [TEST_STEP][PASSED] - callTestCase: Call Test Case 'Test Cases/Final Aug 2018 - PKS Automation/Common/Reference Number Getter' successfully

2018-12-11 16:23:36 - [TEST_CASE][PASSED] - Test Cases/Final Aug 2018 - PKS Automation/Common/Reference Number Getter: Test Cases/Final Aug 2018 - PKS Automation/Common/Reference Number Getter

2018-12-11 16:23:36 - [TEST_STEP][PASSED] - Statement - Try: null

2018-12-11 16:23:36 - [TEST_STEP][PASSED] - Statement - RefNo = new java.io.File(C://Users//Admin//Desktop//PKS//Automation Reference Point//KatalonReference.txt): null

2018-12-11 16:23:36 - [TEST_STEP][PASSED] - Statement - bufferread = new java.io.BufferedReader(new java.io.FileReader(RefNo)): null

2018-12-11 16:23:36 - [TEST_STEP][PASSED] - Statement - readedVal = bufferread.readLine(): null

2018-12-11 16:23:36 - [TEST_STEP][PASSED] - Statement - out.println(CaseReferenceNo): null

2018-12-11 16:23:36 - [TEST_STEP][PASSED] - Statement - out.println(readedVal): null

2018-12-11 16:23:36 - [TEST_STEP][PASSED] - Statement - CaseReferenceNo = "": null

2018-12-11 16:23:36 - [TEST_STEP][PASSED] - Statement - CaseReferenceNo = readedVal: null

2018-12-11 16:23:36 - [MESSAGE][PASSED] - Call Test Case 'Test Cases/Final Aug 2018 - PKS Automation/Common/Reference Number Getter' successfully

2018-12-11 16:23:36 - [TEST_STEP][PASSED] - setText: Text 'CAN12201800002303' is set on object 'Object Repository/Final Object Repo/WorkFlow Listing Page/Ref No Set Text'

2018-12-11 16:23:36 - [MESSAGE][PASSED] - Text 'CAN12201800002303' is set on object 'Object Repository/Final Object Repo/WorkFlow Listing Page/Ref No Set Text'

2018-12-11 16:23:36 - [TEST_STEP][PASSED] - delay: Delayed 2 second(s)

2018-12-11 16:23:38 - [MESSAGE][PASSED] - Delayed 2 second(s)

2018-12-11 16:23:38 - [TEST_STEP][PASSED] - click: Object: 'Object Repository/Final Object Repo/WorkFlow Listing Page/Search Ref No Search Button' is clicked on

2018-12-11 16:23:38 - [MESSAGE][PASSED] - Object: 'Object Repository/Final Object Repo/WorkFlow Listing Page/Search Ref No Search Button' is clicked on

2018-12-11 16:23:38 - [TEST_STEP][PASSED] - delay: Delayed 6 second(s)

2018-12-11 16:23:44 - [MESSAGE][PASSED] - Delayed 6 second(s)

2018-12-11 16:23:44 - [TEST_STEP][PASSED] - click: Object: 'Object Repository/Final Object Repo/WorkFlow Listing Page/Click Continue Tooltip' is clicked on

2018-12-11 16:23:45 - [MESSAGE][PASSED] - Object: 'Object Repository/Final Object Repo/WorkFlow Listing Page/Click Continue Tooltip' is clicked on

2018-12-11 16:23:45 - [TEST_STEP][PASSED] - delay: Delayed 5 second(s)

2018-12-11 16:23:50 - [MESSAGE][PASSED] - Delayed 5 second(s)

2018-12-11 16:23:50 - [TEST_STEP][PASSED] - doubleClick: Object: 'Object Repository/Final Object Repo/WorkFlow Listing Page/Workflow Found - Listing 1' is double clicked on

2018-12-11 16:23:51 - [MESSAGE][PASSED] - Object: 'Object Repository/Final Object Repo/WorkFlow Listing Page/Workflow Found - Listing 1' is double clicked on

2018-12-11 16:23:51 - [TEST_STEP][PASSED] - Statement - println(OwnerID): null

2018-12-11 16:23:51 - [TEST_STEP][PASSED] - Statement - OwnerID = com.kms.katalon.core.webui.keyword.WebUiBuiltInKeywords.getText(com.kms.katalon.core.testobject.ObjectRepository.findTestObject(Final Object Repo/WorkFlow Listing Page/Workflow Found - Listing 1), STOP_ON_FAILURE): Text of object 'Object Repository/Final Object Repo/WorkFlow Listing Page/Workflow Found - Listing 1' is: 'KLpkrbo2'

2018-12-11 16:23:51 - [MESSAGE][PASSED] - Text of object 'Object Repository/Final Object Repo/WorkFlow Listing Page/Workflow Found - Listing 1' is: 'KLpkrbo2'

2018-12-11 16:23:51 - [TEST_STEP][PASSED] - Statement - OwnerID = OwnerID.toLowerCase() + "@gmail.com": null

2018-12-11 16:23:51 - [TEST_STEP][PASSED] - Statement - println(OwnerID): null

2018-12-11 16:23:51 - [TEST_STEP][PASSED] - delay: Delayed 2 second(s)

2018-12-11 16:23:53 - [MESSAGE][PASSED] - Delayed 2 second(s)

2018-12-11 16:23:53 - [MESSAGE][PASSED] - Call Test Case 'Test Cases/Final Aug 2018 - PKS Automation/Common/Workflow Owner Finder' successfully

2018-12-11 16:23:53 - [TEST_STEP][PASSED] - callTestCase: Call Test Case 'Test Cases/Final Aug 2018 - PKS Automation/Registration Module/Log Out/log out avoiding katalon tagging' successfully

2018-12-11 16:23:53 - [TEST_CASE][PASSED] - Test Cases/Final Aug 2018 - PKS Automation/Registration Module/Log Out/log out avoiding katalon tagging: Test Cases/Final Aug 2018 - PKS Automation/Registration Module/Log Out/log out avoiding katalon tagging

2018-12-11 16:23:53 - [TEST_STEP][PASSED] - navigateToUrl: Navigate to 'https://assist2-uat.perkeso.gov.my/c/portal/logout' successfully

2018-12-11 16:23:54 - [MESSAGE][PASSED] - Navigate to 'https://assist2-uat.perkeso.gov.my/c/portal/logout' successfully

2018-12-11 16:23:54 - [MESSAGE][PASSED] - Call Test Case 'Test Cases/Final Aug 2018 - PKS Automation/Registration Module/Log Out/log out avoiding katalon tagging' successfully

2018-12-11 16:23:54 - [TEST_STEP][PASSED] - delay: Delayed 2 second(s)

2018-12-11 16:23:56 - [MESSAGE][PASSED] - Delayed 2 second(s)

2018-12-11 16:23:56 - [TEST_STEP][PASSED] - setText: Text 'klpkrbo2@gmail.com' is set on object 'Object Repository/Final Object Repo/Page_Update Add New Employee - ASSIST/Email TextBox'

2018-12-11 16:23:56 - [MESSAGE][PASSED] - Text 'klpkrbo2@gmail.com' is set on object 'Object Repository/Final Object Repo/Page_Update Add New Employee - ASSIST/Email TextBox'

2018-12-11 16:23:56 - [TEST_STEP][PASSED] - click: Object: 'Object Repository/Final Object Repo/Page_Update Add New Employee - ASSIST/Next Button' is clicked on

2018-12-11 16:23:56 - [MESSAGE][PASSED] - Object: 'Object Repository/Final Object Repo/Page_Update Add New Employee - ASSIST/Next Button' is clicked on

2018-12-11 16:23:56 - [TEST_STEP][PASSED] - delay: Delayed 2 second(s)

2018-12-11 16:23:58 - [MESSAGE][PASSED] - Delayed 2 second(s)

2018-12-11 16:23:58 - [TEST_STEP][PASSED] - setText: Text 'Test1@3456789' is set on object 'Object Repository/Final Object Repo/Page_Update Add New Employee - ASSIST/Password TextBox'

2018-12-11 16:23:59 - [MESSAGE][PASSED] - Text 'Test1@3456789' is set on object 'Object Repository/Final Object Repo/Page_Update Add New Employee - ASSIST/Password TextBox'

2018-12-11 16:23:59 - [TEST_STEP][PASSED] - delay: Delayed 2 second(s)

2018-12-11 16:24:01 - [MESSAGE][PASSED] - Delayed 2 second(s)

2018-12-11 16:24:01 - [TEST_STEP][PASSED] - click: Object: 'Object Repository/Final Object Repo/Page_Update Add New Employee - ASSIST/Login Button' is clicked on

2018-12-11 16:24:01 - [MESSAGE][PASSED] - Object: 'Object Repository/Final Object Repo/Page_Update Add New Employee - ASSIST/Login Button' is clicked on

2018-12-11 16:24:01 - [TEST_STEP][PASSED] - delay: Delayed 4 second(s)

2018-12-11 16:24:05 - [MESSAGE][PASSED] - Delayed 4 second(s)

2018-12-11 16:24:05 - [TEST_STEP][PASSED] - Statement - Try: Delayed 2 second(s)

2018-12-11 16:24:05 - [TEST_STEP][PASSED] - Statement - Checker = false: null

2018-12-11 16:24:05 - [TEST_STEP][PASSED] - Statement - Checker = com.kms.katalon.core.webui.keyword.WebUiBuiltInKeywords.verifyElementHasAttribute(com.kms.katalon.core.testobject.ObjectRepository.findTestObject(Final Object Repo/Landing Page/BM Detecting), "href", 20, OPTIONAL): Object 'Object Repository/Final Object Repo/Landing Page/BM Detecting' has attribute 'href'

2018-12-11 16:24:05 - [MESSAGE][PASSED] - Object 'Object Repository/Final Object Repo/Landing Page/BM Detecting' has attribute 'href'

2018-12-11 16:24:05 - [TEST_STEP][PASSED] - Statement - out.println(Checker): null

2018-12-11 16:24:05 - [TEST_STEP][PASSED] - Statement - If (Checker == false): null

2018-12-11 16:24:05 - [TEST_STEP][PASSED] - Statement - Else: null

2018-12-11 16:24:05 - [TEST_STEP][PASSED] - delay: Delayed 2 second(s)

2018-12-11 16:24:07 - [MESSAGE][PASSED] - Delayed 2 second(s)

2018-12-11 16:24:07 - [TEST_STEP][PASSED] - delay: Delayed 4 second(s)

2018-12-11 16:24:11 - [MESSAGE][PASSED] - Delayed 4 second(s)

2018-12-11 16:24:11 - [TEST_STEP][PASSED] - click: Object: 'Object Repository/Final Object Repo/New Registration - Registration Module Pages/New Reg - OTC to RO/Special Case - All Related Objects/Expand to Search' is clicked on

2018-12-11 16:24:11 - [MESSAGE][PASSED] - Object: 'Object Repository/Final Object Repo/New Registration - Registration Module Pages/New Reg - OTC to RO/Special Case - All Related Objects/Expand to Search' is clicked on

2018-12-11 16:24:11 - [TEST_STEP][PASSED] - delay: Delayed 2 second(s)

2018-12-11 16:24:13 - [MESSAGE][PASSED] - Delayed 2 second(s)

2018-12-11 16:24:13 - [TEST_STEP][PASSED] - setText: Text 'CAN12201800002303' is set on object 'Object Repository/Final Object Repo/New Registration - Registration Module Pages/New Reg - OTC to RO/Special Case - All Related Objects/TextBox RefNo in Workbasket'

2018-12-11 16:24:13 - [MESSAGE][PASSED] - Text 'CAN12201800002303' is set on object 'Object Repository/Final Object Repo/New Registration - Registration Module Pages/New Reg - OTC to RO/Special Case - All Related Objects/TextBox RefNo in Workbasket'

2018-12-11 16:24:13 - [TEST_STEP][PASSED] - delay: Delayed 2 second(s)

2018-12-11 16:24:15 - [MESSAGE][PASSED] - Delayed 2 second(s)

2018-12-11 16:24:15 - [TEST_STEP][PASSED] - click: Object: 'Object Repository/Final Object Repo/New Registration - Registration Module Pages/New Reg - OTC to RO/Special Case - All Related Objects/Click Search' is clicked on

2018-12-11 16:24:16 - [MESSAGE][PASSED] - Object: 'Object Repository/Final Object Repo/New Registration - Registration Module Pages/New Reg - OTC to RO/Special Case - All Related Objects/Click Search' is clicked on

2018-12-11 16:24:16 - [TEST_STEP][PASSED] - delay: Delayed 2 second(s)

2018-12-11 16:24:18 - [MESSAGE][PASSED] - Delayed 2 second(s)

2018-12-11 16:24:18 - [TEST_STEP][PASSED] - click: Object: 'Object Repository/Final Object Repo/New Registration - Registration Module Pages/New Reg - OTC to RO/Special Case - All Related Objects/Click to Continue Workflow' is clicked on

2018-12-11 16:24:21 - [MESSAGE][PASSED] - Object: 'Object Repository/Final Object Repo/New Registration - Registration Module Pages/New Reg - OTC to RO/Special Case - All Related Objects/Click to Continue Workflow' is clicked on

2018-12-11 16:24:21 - [TEST_STEP][PASSED] - delay: Delayed 10 second(s)

2018-12-11 16:24:31 - [MESSAGE][PASSED] - Delayed 10 second(s)

2018-12-11 16:24:31 - [TEST_STEP][PASSED] - click: Object: 'Object Repository/Final Object Repo/Page_Update Add New Employee - ASSIST/Save  Continue Button' is clicked on

2018-12-11 16:24:31 - [MESSAGE][PASSED] - Object: 'Object Repository/Final Object Repo/Page_Update Add New Employee - ASSIST/Save  Continue Button' is clicked on

2018-12-11 16:24:31 - [TEST_STEP][PASSED] - delay: Delayed 4 second(s)

2018-12-11 16:24:35 - [MESSAGE][PASSED] - Delayed 4 second(s)

2018-12-11 16:24:35 - [TEST_STEP][PASSED] - click: Object: 'Object Repository/Final Object Repo/Page_Update Add New Employee - ASSIST/Save  Continue Third Screen' is clicked on

2018-12-11 16:24:38 - [MESSAGE][PASSED] - Object: 'Object Repository/Final Object Repo/Page_Update Add New Employee - ASSIST/Save  Continue Third Screen' is clicked on

2018-12-11 16:24:38 - [TEST_STEP][PASSED] - delay: Delayed 4 second(s)

2018-12-11 16:24:42 - [MESSAGE][PASSED] - Delayed 4 second(s)

2018-12-11 16:24:42 - [TEST_STEP][PASSED] - click: Object: 'Object Repository/Final Object Repo/Page_Update Add New Employee - ASSIST/Save   Continue Supporting Doc Page' is clicked on

2018-12-11 16:24:42 - [MESSAGE][PASSED] - Object: 'Object Repository/Final Object Repo/Page_Update Add New Employee - ASSIST/Save   Continue Supporting Doc Page' is clicked on

2018-12-11 16:24:42 - [TEST_STEP][PASSED] - delay: Delayed 4 second(s)

2018-12-11 16:24:46 - [MESSAGE][PASSED] - Delayed 4 second(s)

2018-12-11 16:24:46 - [TEST_STEP][PASSED] - click: Object: 'Object Repository/Final Object Repo/Page_Update Add New Employee - ASSIST/Submit Button' is clicked on

2018-12-11 16:24:46 - [MESSAGE][PASSED] - Object: 'Object Repository/Final Object Repo/Page_Update Add New Employee - ASSIST/Submit Button' is clicked on

2018-12-11 16:24:46 - [TEST_STEP][PASSED] - delay: Delayed 4 second(s)

2018-12-11 16:24:50 - [MESSAGE][PASSED] - Delayed 4 second(s)

2018-12-11 16:24:50 - [TEST_STEP][PASSED] - click: Object: 'Object Repository/Final Object Repo/Page_Update Add New Employee - ASSIST/Confirm Submit Button' is clicked on

2018-12-11 16:24:50 - [MESSAGE][PASSED] - Object: 'Object Repository/Final Object Repo/Page_Update Add New Employee - ASSIST/Confirm Submit Button' is clicked on

2018-12-11 16:24:50 - [TEST_STEP][PASSED] - delay: Delayed 30 second(s)

2018-12-11 16:25:20 - [MESSAGE][PASSED] - Delayed 30 second(s)

2018-12-11 16:25:21 - [TEST_STEP][PASSED] - callTestCase: Call Test Case 'Test Cases/Final Aug 2018 - PKS Automation/Common/Screenshoting tool' successfully

2018-12-11 16:25:21 - [TEST_CASE][PASSED] - Test Cases/Final Aug 2018 - PKS Automation/Common/Screenshoting tool: Test Cases/Final Aug 2018 - PKS Automation/Common/Screenshoting tool

2018-12-11 16:25:21 - [TEST_STEP][PASSED] - delay: Delayed 15 second(s)

2018-12-11 16:25:36 - [MESSAGE][PASSED] - Delayed 15 second(s)

2018-12-11 16:25:36 - [TEST_STEP][PASSED] - Statement - driver = com.kms.katalon.core.webui.driver.DriverFactory.getWebDriver(): null

2018-12-11 16:25:36 - [TEST_STEP][PASSED] - Statement - driver.manage().timeouts().implicitlyWait(10, SECONDS): null

2018-12-11 16:25:36 - [TEST_STEP][PASSED] - Statement - PresavePath = KatalonScreenshots: null

2018-12-11 16:25:36 - [TEST_STEP][PASSED] - Statement - pathPrefix = "C:\Users\Public\Pictures\Sample Pictures\Katalon Screenshots\Automate Ending Screen": null

2018-12-11 16:25:36 - [TEST_STEP][PASSED] - Statement - finalPath = <not implemented yet for class: org.codehaus.groovy.ast.expr.EmptyExpression>: null

2018-12-11 16:25:36 - [TEST_STEP][PASSED] - Statement - scrFile = driver.getScreenshotAs(FILE): null

2018-12-11 16:25:36 - [TEST_STEP][PASSED] - Statement - PreSaveFile = new java.io.File(PresavePath): null

2018-12-11 16:25:36 - [TEST_STEP][PASSED] - Statement - counter = 0: null

2018-12-11 16:25:36 - [TEST_STEP][PASSED] - Statement - If (PreSaveFile.exists()): null

2018-12-11 16:25:36 - [TEST_STEP][PASSED] - Statement - While (PreSaveFile.exists()): null

2018-12-11 16:25:36 - [TEST_STEP][PASSED] - Statement - counter = counter + 1: null

2018-12-11 16:25:36 - [TEST_STEP][PASSED] - Statement - PreSaveFile = new java.io.File(((pathPrefix + java.lang.Integer.toString(counter)) + .png)): null

2018-12-11 16:25:36 - [TEST_STEP][PASSED] - Statement - counter = counter + 1: null

2018-12-11 16:25:36 - [TEST_STEP][PASSED] - Statement - PreSaveFile = new java.io.File(((pathPrefix + java.lang.Integer.toString(counter)) + .png)): null

2018-12-11 16:25:36 - [TEST_STEP][PASSED] - Statement - counter = counter + 1: null

2018-12-11 16:25:36 - [TEST_STEP][PASSED] - Statement - PreSaveFile = new java.io.File(((pathPrefix + java.lang.Integer.toString(counter)) + .png)): null

2018-12-11 16:25:36 - [TEST_STEP][PASSED] - Statement - counter = counter + 1: null

2018-12-11 16:25:36 - [TEST_STEP][PASSED] - Statement - PreSaveFile = new java.io.File(((pathPrefix + java.lang.Integer.toString(counter)) + .png)): null

2018-12-11 16:25:36 - [TEST_STEP][PASSED] - Statement - counter = counter + 1: null

2018-12-11 16:25:36 - [TEST_STEP][PASSED] - Statement - PreSaveFile = new java.io.File(((pathPrefix + java.lang.Integer.toString(counter)) + .png)): null

2018-12-11 16:25:36 - [TEST_STEP][PASSED] - Statement - counter = counter + 1: null

2018-12-11 16:25:36 - [TEST_STEP][PASSED] - Statement - PreSaveFile = new java.io.File(((pathPrefix + java.lang.Integer.toString(counter)) + .png)): null

2018-12-11 16:25:36 - [TEST_STEP][PASSED] - Statement - counter = counter + 1: null

2018-12-11 16:25:36 - [TEST_STEP][PASSED] - Statement - PreSaveFile = new java.io.File(((pathPrefix + java.lang.Integer.toString(counter)) + .png)): null

2018-12-11 16:25:36 - [TEST_STEP][PASSED] - Statement - counter = counter + 1: null

2018-12-11 16:25:36 - [TEST_STEP][PASSED] - Statement - PreSaveFile = new java.io.File(((pathPrefix + java.lang.Integer.toString(counter)) + .png)): null

2018-12-11 16:25:36 - [TEST_STEP][PASSED] - Statement - counter = counter + 1: null

2018-12-11 16:25:36 - [TEST_STEP][PASSED] - Statement - PreSaveFile = new java.io.File(((pathPrefix + java.lang.Integer.toString(counter)) + .png)): null

2018-12-11 16:25:36 - [TEST_STEP][PASSED] - Statement - counter = counter + 1: null

2018-12-11 16:25:36 - [TEST_STEP][PASSED] - Statement - PreSaveFile = new java.io.File(((pathPrefix + java.lang.Integer.toString(counter)) + .png)): null

2018-12-11 16:25:36 - [TEST_STEP][PASSED] - Statement - counter = counter + 1: null

2018-12-11 16:25:36 - [TEST_STEP][PASSED] - Statement - PreSaveFile = new java.io.File(((pathPrefix + java.lang.Integer.toString(counter)) + .png)): null

2018-12-11 16:25:36 - [TEST_STEP][PASSED] - Statement - counter = counter + 1: null

2018-12-11 16:25:36 - [TEST_STEP][PASSED] - Statement - PreSaveFile = new java.io.File(((pathPrefix + java.lang.Integer.toString(counter)) + .png)): null

2018-12-11 16:25:36 - [TEST_STEP][PASSED] - Statement - counter = counter + 1: null

2018-12-11 16:25:36 - [TEST_STEP][PASSED] - Statement - PreSaveFile = new java.io.File(((pathPrefix + java.lang.Integer.toString(counter)) + .png)): null

2018-12-11 16:25:36 - [TEST_STEP][PASSED] - Statement - counter = counter + 1: null

2018-12-11 16:25:36 - [TEST_STEP][PASSED] - Statement - PreSaveFile = new java.io.File(((pathPrefix + java.lang.Integer.toString(counter)) + .png)): null

2018-12-11 16:25:36 - [TEST_STEP][PASSED] - Statement - counter = counter + 1: null

2018-12-11 16:25:36 - [TEST_STEP][PASSED] - Statement - PreSaveFile = new java.io.File(((pathPrefix + java.lang.Integer.toString(counter)) + .png)): null

2018-12-11 16:25:36 - [TEST_STEP][PASSED] - Statement - counter = counter + 1: null

2018-12-11 16:25:36 - [TEST_STEP][PASSED] - Statement - PreSaveFile = new java.io.File(((pathPrefix + java.lang.Integer.toString(counter)) + .png)): null

2018-12-11 16:25:36 - [TEST_STEP][PASSED] - Statement - counter = counter + 1: null

2018-12-11 16:25:36 - [TEST_STEP][PASSED] - Statement - PreSaveFile = new java.io.File(((pathPrefix + java.lang.Integer.toString(counter)) + .png)): null

2018-12-11 16:25:36 - [TEST_STEP][PASSED] - Statement - counter = counter + 1: null

2018-12-11 16:25:36 - [TEST_STEP][PASSED] - Statement - PreSaveFile = new java.io.File(((pathPrefix + java.lang.Integer.toString(counter)) + .png)): null

2018-12-11 16:25:36 - [TEST_STEP][PASSED] - Statement - counter = counter + 1: null

2018-12-11 16:25:36 - [TEST_STEP][PASSED] - Statement - PreSaveFile = new java.io.File(((pathPrefix + java.lang.Integer.toString(counter)) + .png)): null

2018-12-11 16:25:36 - [TEST_STEP][PASSED] - Statement - counter = counter + 1: null

2018-12-11 16:25:36 - [TEST_STEP][PASSED] - Statement - PreSaveFile = new java.io.File(((pathPrefix + java.lang.Integer.toString(counter)) + .png)): null

2018-12-11 16:25:36 - [TEST_STEP][PASSED] - Statement - counter = counter + 1: null

2018-12-11 16:25:36 - [TEST_STEP][PASSED] - Statement - PreSaveFile = new java.io.File(((pathPrefix + java.lang.Integer.toString(counter)) + .png)): null

2018-12-11 16:25:36 - [TEST_STEP][PASSED] - Statement - counter = counter + 1: null

2018-12-11 16:25:36 - [TEST_STEP][PASSED] - Statement - PreSaveFile = new java.io.File(((pathPrefix + java.lang.Integer.toString(counter)) + .png)): null

2018-12-11 16:25:36 - [TEST_STEP][PASSED] - Statement - counter = counter + 1: null

2018-12-11 16:25:36 - [TEST_STEP][PASSED] - Statement - PreSaveFile = new java.io.File(((pathPrefix + java.lang.Integer.toString(counter)) + .png)): null

2018-12-11 16:25:36 - [TEST_STEP][PASSED] - Statement - counter = counter + 1: null

2018-12-11 16:25:36 - [TEST_STEP][PASSED] - Statement - PreSaveFile = new java.io.File(((pathPrefix + java.lang.Integer.toString(counter)) + .png)): null

2018-12-11 16:25:36 - [TEST_STEP][PASSED] - Statement - counter = counter + 1: null

2018-12-11 16:25:36 - [TEST_STEP][PASSED] - Statement - PreSaveFile = new java.io.File(((pathPrefix + java.lang.Integer.toString(counter)) + .png)): null

2018-12-11 16:25:36 - [TEST_STEP][PASSED] - Statement - counter = counter + 1: null

2018-12-11 16:25:36 - [TEST_STEP][PASSED] - Statement - PreSaveFile = new java.io.File(((pathPrefix + java.lang.Integer.toString(counter)) + .png)): null

2018-12-11 16:25:36 - [TEST_STEP][PASSED] - Statement - counter = counter + 1: null

2018-12-11 16:25:36 - [TEST_STEP][PASSED] - Statement - PreSaveFile = new java.io.File(((pathPrefix + java.lang.Integer.toString(counter)) + .png)): null

2018-12-11 16:25:36 - [TEST_STEP][PASSED] - Statement - counter = counter + 1: null

2018-12-11 16:25:36 - [TEST_STEP][PASSED] - Statement - PreSaveFile = new java.io.File(((pathPrefix + java.lang.Integer.toString(counter)) + .png)): null

2018-12-11 16:25:36 - [TEST_STEP][PASSED] - Statement - counter = counter + 1: null

2018-12-11 16:25:36 - [TEST_STEP][PASSED] - Statement - PreSaveFile = new java.io.File(((pathPrefix + java.lang.Integer.toString(counter)) + .png)): null

2018-12-11 16:25:36 - [TEST_STEP][PASSED] - Statement - counter = counter + 1: null

2018-12-11 16:25:36 - [TEST_STEP][PASSED] - Statement - PreSaveFile = new java.io.File(((pathPrefix + java.lang.Integer.toString(counter)) + .png)): null

2018-12-11 16:25:36 - [TEST_STEP][PASSED] - Statement - counter = counter + 1: null

2018-12-11 16:25:36 - [TEST_STEP][PASSED] - Statement - PreSaveFile = new java.io.File(((pathPrefix + java.lang.Integer.toString(counter)) + .png)): null

2018-12-11 16:25:36 - [TEST_STEP][PASSED] - Statement - counter = counter + 1: null

2018-12-11 16:25:36 - [TEST_STEP][PASSED] - Statement - PreSaveFile = new java.io.File(((pathPrefix + java.lang.Integer.toString(counter)) + .png)): null

2018-12-11 16:25:36 - [TEST_STEP][PASSED] - Statement - counter = counter + 1: null

2018-12-11 16:25:36 - [TEST_STEP][PASSED] - Statement - PreSaveFile = new java.io.File(((pathPrefix + java.lang.Integer.toString(counter)) + .png)): null

2018-12-11 16:25:36 - [TEST_STEP][PASSED] - Statement - counter = counter + 1: null

2018-12-11 16:25:36 - [TEST_STEP][PASSED] - Statement - PreSaveFile = new java.io.File(((pathPrefix + java.lang.Integer.toString(counter)) + .png)): null

2018-12-11 16:25:36 - [TEST_STEP][PASSED] - Statement - counter = counter + 1: null

2018-12-11 16:25:36 - [TEST_STEP][PASSED] - Statement - PreSaveFile = new java.io.File(((pathPrefix + java.lang.Integer.toString(counter)) + .png)): null

2018-12-11 16:25:36 - [TEST_STEP][PASSED] - Statement - counter = counter + 1: null

2018-12-11 16:25:36 - [TEST_STEP][PASSED] - Statement - PreSaveFile = new java.io.File(((pathPrefix + java.lang.Integer.toString(counter)) + .png)): null

2018-12-11 16:25:36 - [TEST_STEP][PASSED] - Statement - counter = counter + 1: null

2018-12-11 16:25:36 - [TEST_STEP][PASSED] - Statement - PreSaveFile = new java.io.File(((pathPrefix + java.lang.Integer.toString(counter)) + .png)): null

2018-12-11 16:25:36 - [TEST_STEP][PASSED] - Statement - counter = counter + 1: null

2018-12-11 16:25:36 - [TEST_STEP][PASSED] - Statement - PreSaveFile = new java.io.File(((pathPrefix + java.lang.Integer.toString(counter)) + .png)): null

2018-12-11 16:25:36 - [TEST_STEP][PASSED] - Statement - counter = counter + 1: null

2018-12-11 16:25:36 - [TEST_STEP][PASSED] - Statement - PreSaveFile = new java.io.File(((pathPrefix + java.lang.Integer.toString(counter)) + .png)): null

2018-12-11 16:25:36 - [TEST_STEP][PASSED] - Statement - counter = counter + 1: null

2018-12-11 16:25:36 - [TEST_STEP][PASSED] - Statement - PreSaveFile = new java.io.File(((pathPrefix + java.lang.Integer.toString(counter)) + .png)): null

2018-12-11 16:25:36 - [TEST_STEP][PASSED] - Statement - counter = counter + 1: null

2018-12-11 16:25:36 - [TEST_STEP][PASSED] - Statement - PreSaveFile = new java.io.File(((pathPrefix + java.lang.Integer.toString(counter)) + .png)): null

2018-12-11 16:25:36 - [TEST_STEP][PASSED] - Statement - counter = counter + 1: null

2018-12-11 16:25:36 - [TEST_STEP][PASSED] - Statement - PreSaveFile = new java.io.File(((pathPrefix + java.lang.Integer.toString(counter)) + .png)): null

2018-12-11 16:25:36 - [TEST_STEP][PASSED] - Statement - counter = counter + 1: null

2018-12-11 16:25:36 - [TEST_STEP][PASSED] - Statement - PreSaveFile = new java.io.File(((pathPrefix + java.lang.Integer.toString(counter)) + .png)): null

2018-12-11 16:25:36 - [TEST_STEP][PASSED] - Statement - counter = counter + 1: null

2018-12-11 16:25:36 - [TEST_STEP][PASSED] - Statement - PreSaveFile = new java.io.File(((pathPrefix + java.lang.Integer.toString(counter)) + .png)): null

2018-12-11 16:25:36 - [TEST_STEP][PASSED] - Statement - counter = counter + 1: null

2018-12-11 16:25:36 - [TEST_STEP][PASSED] - Statement - PreSaveFile = new java.io.File(((pathPrefix + java.lang.Integer.toString(counter)) + .png)): null

2018-12-11 16:25:36 - [TEST_STEP][PASSED] - Statement - counter = counter + 1: null

2018-12-11 16:25:36 - [TEST_STEP][PASSED] - Statement - PreSaveFile = new java.io.File(((pathPrefix + java.lang.Integer.toString(counter)) + .png)): null

2018-12-11 16:25:36 - [TEST_STEP][PASSED] - Statement - counter = counter + 1: null

2018-12-11 16:25:36 - [TEST_STEP][PASSED] - Statement - PreSaveFile = new java.io.File(((pathPrefix + java.lang.Integer.toString(counter)) + .png)): null

2018-12-11 16:25:36 - [TEST_STEP][PASSED] - Statement - counter = counter + 1: null

2018-12-11 16:25:36 - [TEST_STEP][PASSED] - Statement - PreSaveFile = new java.io.File(((pathPrefix + java.lang.Integer.toString(counter)) + .png)): null

2018-12-11 16:25:36 - [TEST_STEP][PASSED] - Statement - counter = counter + 1: null

2018-12-11 16:25:36 - [TEST_STEP][PASSED] - Statement - PreSaveFile = new java.io.File(((pathPrefix + java.lang.Integer.toString(counter)) + .png)): null

2018-12-11 16:25:36 - [TEST_STEP][PASSED] - Statement - counter = counter + 1: null

2018-12-11 16:25:36 - [TEST_STEP][PASSED] - Statement - PreSaveFile = new java.io.File(((pathPrefix + java.lang.Integer.toString(counter)) + .png)): null

2018-12-11 16:25:36 - [TEST_STEP][PASSED] - Statement - counter = counter + 1: null

2018-12-11 16:25:36 - [TEST_STEP][PASSED] - Statement - PreSaveFile = new java.io.File(((pathPrefix + java.lang.Integer.toString(counter)) + .png)): null

2018-12-11 16:25:36 - [TEST_STEP][PASSED] - Statement - counter = counter + 1: null

2018-12-11 16:25:36 - [TEST_STEP][PASSED] - Statement - PreSaveFile = new java.io.File(((pathPrefix + java.lang.Integer.toString(counter)) + .png)): null

2018-12-11 16:25:36 - [TEST_STEP][PASSED] - Statement - counter = counter + 1: null

2018-12-11 16:25:36 - [TEST_STEP][PASSED] - Statement - PreSaveFile = new java.io.File(((pathPrefix + java.lang.Integer.toString(counter)) + .png)): null

2018-12-11 16:25:36 - [TEST_STEP][PASSED] - Statement - counter = counter + 1: null

2018-12-11 16:25:36 - [TEST_STEP][PASSED] - Statement - PreSaveFile = new java.io.File(((pathPrefix + java.lang.Integer.toString(counter)) + .png)): null

2018-12-11 16:25:36 - [TEST_STEP][PASSED] - Statement - counter = counter + 1: null

2018-12-11 16:25:36 - [TEST_STEP][PASSED] - Statement - PreSaveFile = new java.io.File(((pathPrefix + java.lang.Integer.toString(counter)) + .png)): null

2018-12-11 16:25:36 - [TEST_STEP][PASSED] - Statement - counter = counter + 1: null

2018-12-11 16:25:36 - [TEST_STEP][PASSED] - Statement - PreSaveFile = new java.io.File(((pathPrefix + java.lang.Integer.toString(counter)) + .png)): null

2018-12-11 16:25:36 - [TEST_STEP][PASSED] - Statement - counter = counter + 1: null

2018-12-11 16:25:36 - [TEST_STEP][PASSED] - Statement - PreSaveFile = new java.io.File(((pathPrefix + java.lang.Integer.toString(counter)) + .png)): null

2018-12-11 16:25:36 - [TEST_STEP][PASSED] - Statement - counter = counter + 1: null

2018-12-11 16:25:36 - [TEST_STEP][PASSED] - Statement - PreSaveFile = new java.io.File(((pathPrefix + java.lang.Integer.toString(counter)) + .png)): null

2018-12-11 16:25:36 - [TEST_STEP][PASSED] - Statement - counter = counter + 1: null

2018-12-11 16:25:36 - [TEST_STEP][PASSED] - Statement - PreSaveFile = new java.io.File(((pathPrefix + java.lang.Integer.toString(counter)) + .png)): null

2018-12-11 16:25:36 - [TEST_STEP][PASSED] - Statement - counter = counter + 1: null

2018-12-11 16:25:36 - [TEST_STEP][PASSED] - Statement - PreSaveFile = new java.io.File(((pathPrefix + java.lang.Integer.toString(counter)) + .png)): null

2018-12-11 16:25:36 - [TEST_STEP][PASSED] - Statement - counter = counter + 1: null

2018-12-11 16:25:36 - [TEST_STEP][PASSED] - Statement - PreSaveFile = new java.io.File(((pathPrefix + java.lang.Integer.toString(counter)) + .png)): null

2018-12-11 16:25:36 - [TEST_STEP][PASSED] - Statement - counter = counter + 1: null

2018-12-11 16:25:36 - [TEST_STEP][PASSED] - Statement - PreSaveFile = new java.io.File(((pathPrefix + java.lang.Integer.toString(counter)) + .png)): null

2018-12-11 16:25:36 - [TEST_STEP][PASSED] - Statement - counter = counter + 1: null

2018-12-11 16:25:36 - [TEST_STEP][PASSED] - Statement - PreSaveFile = new java.io.File(((pathPrefix + java.lang.Integer.toString(counter)) + .png)): null

2018-12-11 16:25:36 - [TEST_STEP][PASSED] - Statement - counter = counter + 1: null

2018-12-11 16:25:36 - [TEST_STEP][PASSED] - Statement - PreSaveFile = new java.io.File(((pathPrefix + java.lang.Integer.toString(counter)) + .png)): null

2018-12-11 16:25:36 - [TEST_STEP][PASSED] - Statement - counter = counter + 1: null

2018-12-11 16:25:36 - [TEST_STEP][PASSED] - Statement - PreSaveFile = new java.io.File(((pathPrefix + java.lang.Integer.toString(counter)) + .png)): null

2018-12-11 16:25:36 - [TEST_STEP][PASSED] - Statement - counter = counter + 1: null

2018-12-11 16:25:36 - [TEST_STEP][PASSED] - Statement - PreSaveFile = new java.io.File(((pathPrefix + java.lang.Integer.toString(counter)) + .png)): null

2018-12-11 16:25:36 - [TEST_STEP][PASSED] - Statement - counter = counter + 1: null

2018-12-11 16:25:36 - [TEST_STEP][PASSED] - Statement - PreSaveFile = new java.io.File(((pathPrefix + java.lang.Integer.toString(counter)) + .png)): null

2018-12-11 16:25:36 - [TEST_STEP][PASSED] - Statement - counter = counter + 1: null

2018-12-11 16:25:36 - [TEST_STEP][PASSED] - Statement - PreSaveFile = new java.io.File(((pathPrefix + java.lang.Integer.toString(counter)) + .png)): null

2018-12-11 16:25:36 - [TEST_STEP][PASSED] - Statement - counter = counter + 1: null

2018-12-11 16:25:36 - [TEST_STEP][PASSED] - Statement - PreSaveFile = new java.io.File(((pathPrefix + java.lang.Integer.toString(counter)) + .png)): null

2018-12-11 16:25:36 - [TEST_STEP][PASSED] - Statement - counter = counter + 1: null

2018-12-11 16:25:36 - [TEST_STEP][PASSED] - Statement - PreSaveFile = new java.io.File(((pathPrefix + java.lang.Integer.toString(counter)) + .png)): null

2018-12-11 16:25:36 - [TEST_STEP][PASSED] - Statement - counter = counter + 1: null

2018-12-11 16:25:36 - [TEST_STEP][PASSED] - Statement - PreSaveFile = new java.io.File(((pathPrefix + java.lang.Integer.toString(counter)) + .png)): null

2018-12-11 16:25:36 - [TEST_STEP][PASSED] - Statement - counter = counter + 1: null

2018-12-11 16:25:36 - [TEST_STEP][PASSED] - Statement - PreSaveFile = new java.io.File(((pathPrefix + java.lang.Integer.toString(counter)) + .png)): null

2018-12-11 16:25:36 - [TEST_STEP][PASSED] - Statement - counter = counter + 1: null

2018-12-11 16:25:36 - [TEST_STEP][PASSED] - Statement - PreSaveFile = new java.io.File(((pathPrefix + java.lang.Integer.toString(counter)) + .png)): null

2018-12-11 16:25:36 - [TEST_STEP][PASSED] - Statement - counter = counter + 1: null

2018-12-11 16:25:36 - [TEST_STEP][PASSED] - Statement - PreSaveFile = new java.io.File(((pathPrefix + java.lang.Integer.toString(counter)) + .png)): null

2018-12-11 16:25:36 - [TEST_STEP][PASSED] - Statement - counter = counter + 1: null

2018-12-11 16:25:36 - [TEST_STEP][PASSED] - Statement - PreSaveFile = new java.io.File(((pathPrefix + java.lang.Integer.toString(counter)) + .png)): null

2018-12-11 16:25:36 - [TEST_STEP][PASSED] - Statement - counter = counter + 1: null

2018-12-11 16:25:36 - [TEST_STEP][PASSED] - Statement - PreSaveFile = new java.io.File(((pathPrefix + java.lang.Integer.toString(counter)) + .png)): null

2018-12-11 16:25:36 - [TEST_STEP][PASSED] - Statement - counter = counter + 1: null

2018-12-11 16:25:36 - [TEST_STEP][PASSED] - Statement - PreSaveFile = new java.io.File(((pathPrefix + java.lang.Integer.toString(counter)) + .png)): null

2018-12-11 16:25:36 - [TEST_STEP][PASSED] - Statement - counter = counter + 1: null

2018-12-11 16:25:36 - [TEST_STEP][PASSED] - Statement - PreSaveFile = new java.io.File(((pathPrefix + java.lang.Integer.toString(counter)) + .png)): null

2018-12-11 16:25:36 - [TEST_STEP][PASSED] - Statement - counter = counter + 1: null

2018-12-11 16:25:36 - [TEST_STEP][PASSED] - Statement - PreSaveFile = new java.io.File(((pathPrefix + java.lang.Integer.toString(counter)) + .png)): null

2018-12-11 16:25:36 - [TEST_STEP][PASSED] - Statement - counter = counter + 1: null

2018-12-11 16:25:36 - [TEST_STEP][PASSED] - Statement - PreSaveFile = new java.io.File(((pathPrefix + java.lang.Integer.toString(counter)) + .png)): null

2018-12-11 16:25:36 - [TEST_STEP][PASSED] - Statement - counter = counter + 1: null

2018-12-11 16:25:36 - [TEST_STEP][PASSED] - Statement - PreSaveFile = new java.io.File(((pathPrefix + java.lang.Integer.toString(counter)) + .png)): null

2018-12-11 16:25:36 - [TEST_STEP][PASSED] - Statement - counter = counter + 1: null

2018-12-11 16:25:36 - [TEST_STEP][PASSED] - Statement - PreSaveFile = new java.io.File(((pathPrefix + java.lang.Integer.toString(counter)) + .png)): null

2018-12-11 16:25:36 - [TEST_STEP][PASSED] - Statement - counter = counter + 1: null

2018-12-11 16:25:36 - [TEST_STEP][PASSED] - Statement - PreSaveFile = new java.io.File(((pathPrefix + java.lang.Integer.toString(counter)) + .png)): null

2018-12-11 16:25:36 - [TEST_STEP][PASSED] - Statement - finalPath = pathPrefix + java.lang.Integer.toString(counter) + ".png": null

2018-12-11 16:25:36 - [TEST_STEP][PASSED] - Statement - SaveFile = new java.io.File(finalPath): null

2018-12-11 16:25:36 - [TEST_STEP][PASSED] - Statement - Try: null

2018-12-11 16:25:36 - [TEST_STEP][PASSED] - Statement - org.apache.commons.io.FileUtils.copyFile(scrFile, SaveFile): null

2018-12-11 16:25:36 - [TEST_STEP][PASSED] - Statement - out.println("file kept"): null

2018-12-11 16:25:36 - [TEST_STEP][PASSED] - delay: Delayed 10 second(s)

2018-12-11 16:25:46 - [MESSAGE][PASSED] - Delayed 10 second(s)

2018-12-11 16:25:46 - [MESSAGE][PASSED] - Call Test Case 'Test Cases/Final Aug 2018 - PKS Automation/Common/Screenshoting tool' successfully

2018-12-11 16:25:46 - [TEST_STEP][PASSED] - callTestCase: Call Test Case 'Test Cases/Final Aug 2018 - PKS Automation/Registration Module/Log Out/log out avoiding katalon tagging' successfully

2018-12-11 16:25:46 - [TEST_CASE][PASSED] - Test Cases/Final Aug 2018 - PKS Automation/Registration Module/Log Out/log out avoiding katalon tagging: Test Cases/Final Aug 2018 - PKS Automation/Registration Module/Log Out/log out avoiding katalon tagging

2018-12-11 16:25:46 - [TEST_STEP][PASSED] - navigateToUrl: Navigate to 'https://assist2-uat.perkeso.gov.my/c/portal/logout' successfully

2018-12-11 16:25:47 - [MESSAGE][PASSED] - Navigate to 'https://assist2-uat.perkeso.gov.my/c/portal/logout' successfully

2018-12-11 16:25:47 - [MESSAGE][PASSED] - Call Test Case 'Test Cases/Final Aug 2018 - PKS Automation/Registration Module/Log Out/log out avoiding katalon tagging' successfully

2018-12-11 16:25:47 - [TEST_STEP][PASSED] - callTestCase: Call Test Case 'Test Cases/Final Aug 2018 - PKS Automation/Common/Workflow Owner Finder' successfully

2018-12-11 16:25:47 - [TEST_CASE][PASSED] - Test Cases/Final Aug 2018 - PKS Automation/Common/Workflow Owner Finder: Test Cases/Final Aug 2018 - PKS Automation/Common/Workflow Owner Finder

2018-12-11 16:25:47 - [TEST_STEP][PASSED] - openBrowser: Browser is opened with url: ''

2018-12-11 16:25:47 - [MESSAGE][WARNING] - A browser is already opened. Closing browser and opening a new one

2018-12-11 16:25:52 - [MESSAGE][PASSED] - Browser is opened with url: ''

2018-12-11 16:25:52 - [TEST_STEP][PASSED] - navigateToUrl: Navigate to 'https://assist2-uat.perkeso.gov.my/login' successfully

2018-12-11 16:25:53 - [MESSAGE][PASSED] - Navigate to 'https://assist2-uat.perkeso.gov.my/login' successfully

2018-12-11 16:25:53 - [TEST_STEP][PASSED] - delay: Delayed 5 second(s)

2018-12-11 16:25:58 - [MESSAGE][PASSED] - Delayed 5 second(s)

2018-12-11 16:25:58 - [TEST_STEP][PASSED] - setText: Text 'test@liferay.com' is set on object 'Object Repository/Final Object Repo/Login Page/Internal User/Email Address'

2018-12-11 16:25:58 - [MESSAGE][PASSED] - Text 'test@liferay.com' is set on object 'Object Repository/Final Object Repo/Login Page/Internal User/Email Address'

2018-12-11 16:25:58 - [TEST_STEP][PASSED] - click: Object: 'Object Repository/Final Object Repo/Login Page/Internal User/Next Button' is clicked on

2018-12-11 16:25:58 - [MESSAGE][PASSED] - Object: 'Object Repository/Final Object Repo/Login Page/Internal User/Next Button' is clicked on

2018-12-11 16:25:58 - [TEST_STEP][PASSED] - delay: Delayed 2 second(s)

2018-12-11 16:26:00 - [MESSAGE][PASSED] - Delayed 2 second(s)

2018-12-11 16:26:00 - [TEST_STEP][PASSED] - setText: Text 'test' is set on object 'Object Repository/Final Object Repo/Login Page/Internal User/Password'

2018-12-11 16:26:00 - [MESSAGE][PASSED] - Text 'test' is set on object 'Object Repository/Final Object Repo/Login Page/Internal User/Password'

2018-12-11 16:26:00 - [TEST_STEP][PASSED] - delay: Delayed 2 second(s)

2018-12-11 16:26:02 - [MESSAGE][PASSED] - Delayed 2 second(s)

2018-12-11 16:26:02 - [TEST_STEP][PASSED] - click: Object: 'Object Repository/Final Object Repo/Login Page/Internal User/Login Button' is clicked on

2018-12-11 16:26:03 - [MESSAGE][PASSED] - Object: 'Object Repository/Final Object Repo/Login Page/Internal User/Login Button' is clicked on

2018-12-11 16:26:03 - [TEST_STEP][PASSED] - Statement - tester = com.kms.katalon.core.testobject.ObjectRepository.findTestObject(Final Object Repo/Landing Page/Select to English): Finding Test Object with id 'Object Repository/Final Object Repo/Landing Page/Select to English'

2018-12-11 16:26:03 - [TEST_STEP][PASSED] - Statement - Try: Delayed 2 second(s)

2018-12-11 16:26:03 - [TEST_STEP][PASSED] - Statement - Checker = com.kms.katalon.core.webui.keyword.WebUiBuiltInKeywords.verifyElementNotPresent(tester, 3): Web element with id: 'Object Repository/Final Object Repo/Landing Page/Select to English' located by 'By.xpath: //a[@class = 'taglib-language-list-text' and @lang = 'en-US' and (contains(text(), 'EN') or contains(., 'EN'))]' is not present after '3' second(s)

2018-12-11 16:26:05 - [MESSAGE][PASSED] - Web element with id: 'Object Repository/Final Object Repo/Landing Page/Select to English' located by 'By.xpath: //a[@class = 'taglib-language-list-text' and @lang = 'en-US' and (contains(text(), 'EN') or contains(., 'EN'))]' is not present after '3' second(s)

2018-12-11 16:26:05 - [TEST_STEP][PASSED] - Statement - If (Checker == false): null

2018-12-11 16:26:05 - [TEST_STEP][PASSED] - delay: Delayed 2 second(s)

2018-12-11 16:26:07 - [MESSAGE][PASSED] - Delayed 2 second(s)

2018-12-11 16:26:07 - [TEST_STEP][PASSED] - delay: Delayed 5 second(s)

2018-12-11 16:26:12 - [MESSAGE][PASSED] - Delayed 5 second(s)

2018-12-11 16:26:12 - [TEST_STEP][PASSED] - mouseOver: Object: 'Object Repository/Final Object Repo/Landing Page/WorkFlow Menu' is hovered

2018-12-11 16:26:12 - [MESSAGE][PASSED] - Object: 'Object Repository/Final Object Repo/Landing Page/WorkFlow Menu' is hovered

2018-12-11 16:26:12 - [TEST_STEP][PASSED] - delay: Delayed 2 second(s)

2018-12-11 16:26:14 - [MESSAGE][PASSED] - Delayed 2 second(s)

2018-12-11 16:26:14 - [TEST_STEP][PASSED] - click: Object: 'Object Repository/Final Object Repo/Landing Page/Select to Workflow Listing' is clicked on

2018-12-11 16:26:15 - [MESSAGE][PASSED] - Object: 'Object Repository/Final Object Repo/Landing Page/Select to Workflow Listing' is clicked on

2018-12-11 16:26:15 - [TEST_STEP][PASSED] - delay: Delayed 2 second(s)

2018-12-11 16:26:17 - [MESSAGE][PASSED] - Delayed 2 second(s)

2018-12-11 16:26:17 - [TEST_STEP][PASSED] - click: Object: 'Object Repository/Final Object Repo/WorkFlow Listing Page/Search Information - To Put Ref No' is clicked on

2018-12-11 16:26:17 - [MESSAGE][PASSED] - Object: 'Object Repository/Final Object Repo/WorkFlow Listing Page/Search Information - To Put Ref No' is clicked on

2018-12-11 16:26:17 - [TEST_STEP][PASSED] - delay: Delayed 2 second(s)

2018-12-11 16:26:19 - [MESSAGE][PASSED] - Delayed 2 second(s)

2018-12-11 16:26:19 - [TEST_STEP][PASSED] - callTestCase: Call Test Case 'Test Cases/Final Aug 2018 - PKS Automation/Common/Reference Number Getter' successfully

2018-12-11 16:26:19 - [TEST_CASE][PASSED] - Test Cases/Final Aug 2018 - PKS Automation/Common/Reference Number Getter: Test Cases/Final Aug 2018 - PKS Automation/Common/Reference Number Getter

2018-12-11 16:26:19 - [TEST_STEP][PASSED] - Statement - Try: null

2018-12-11 16:26:19 - [TEST_STEP][PASSED] - Statement - RefNo = new java.io.File(C://Users//Admin//Desktop//PKS//Automation Reference Point//KatalonReference.txt): null

2018-12-11 16:26:19 - [TEST_STEP][PASSED] - Statement - bufferread = new java.io.BufferedReader(new java.io.FileReader(RefNo)): null

2018-12-11 16:26:19 - [TEST_STEP][PASSED] - Statement - readedVal = bufferread.readLine(): null

2018-12-11 16:26:19 - [TEST_STEP][PASSED] - Statement - out.println(CaseReferenceNo): null

2018-12-11 16:26:19 - [TEST_STEP][PASSED] - Statement - out.println(readedVal): null

2018-12-11 16:26:19 - [TEST_STEP][PASSED] - Statement - CaseReferenceNo = "": null

2018-12-11 16:26:19 - [TEST_STEP][PASSED] - Statement - CaseReferenceNo = readedVal: null

2018-12-11 16:26:19 - [MESSAGE][PASSED] - Call Test Case 'Test Cases/Final Aug 2018 - PKS Automation/Common/Reference Number Getter' successfully

2018-12-11 16:26:19 - [TEST_STEP][PASSED] - setText: Text 'CAN12201800002303' is set on object 'Object Repository/Final Object Repo/WorkFlow Listing Page/Ref No Set Text'

2018-12-11 16:26:20 - [MESSAGE][PASSED] - Text 'CAN12201800002303' is set on object 'Object Repository/Final Object Repo/WorkFlow Listing Page/Ref No Set Text'

2018-12-11 16:26:20 - [TEST_STEP][PASSED] - delay: Delayed 2 second(s)

2018-12-11 16:26:22 - [MESSAGE][PASSED] - Delayed 2 second(s)

2018-12-11 16:26:22 - [TEST_STEP][PASSED] - click: Object: 'Object Repository/Final Object Repo/WorkFlow Listing Page/Search Ref No Search Button' is clicked on

2018-12-11 16:26:22 - [MESSAGE][PASSED] - Object: 'Object Repository/Final Object Repo/WorkFlow Listing Page/Search Ref No Search Button' is clicked on

2018-12-11 16:26:22 - [TEST_STEP][PASSED] - delay: Delayed 6 second(s)

2018-12-11 16:26:28 - [MESSAGE][PASSED] - Delayed 6 second(s)

2018-12-11 16:26:28 - [TEST_STEP][PASSED] - click: Object: 'Object Repository/Final Object Repo/WorkFlow Listing Page/Click Continue Tooltip' is clicked on

2018-12-11 16:26:29 - [MESSAGE][PASSED] - Object: 'Object Repository/Final Object Repo/WorkFlow Listing Page/Click Continue Tooltip' is clicked on

2018-12-11 16:26:29 - [TEST_STEP][PASSED] - delay: Delayed 5 second(s)

2018-12-11 16:26:34 - [MESSAGE][PASSED] - Delayed 5 second(s)

2018-12-11 16:26:34 - [TEST_STEP][PASSED] - doubleClick: Object: 'Object Repository/Final Object Repo/WorkFlow Listing Page/Workflow Found - Listing 1' is double clicked on

2018-12-11 16:26:34 - [MESSAGE][PASSED] - Object: 'Object Repository/Final Object Repo/WorkFlow Listing Page/Workflow Found - Listing 1' is double clicked on

2018-12-11 16:26:34 - [TEST_STEP][PASSED] - Statement - println(OwnerID): null

2018-12-11 16:26:34 - [TEST_STEP][PASSED] - Statement - OwnerID = com.kms.katalon.core.webui.keyword.WebUiBuiltInKeywords.getText(com.kms.katalon.core.testobject.ObjectRepository.findTestObject(Final Object Repo/WorkFlow Listing Page/Workflow Found - Listing 1), STOP_ON_FAILURE): Text of object 'Object Repository/Final Object Repo/WorkFlow Listing Page/Workflow Found - Listing 1' is: 'JOHORro1'

2018-12-11 16:26:34 - [MESSAGE][PASSED] - Text of object 'Object Repository/Final Object Repo/WorkFlow Listing Page/Workflow Found - Listing 1' is: 'JOHORro1'

2018-12-11 16:26:34 - [TEST_STEP][PASSED] - Statement - OwnerID = OwnerID.toLowerCase() + "@gmail.com": null

2018-12-11 16:26:34 - [TEST_STEP][PASSED] - Statement - println(OwnerID): null

2018-12-11 16:26:34 - [TEST_STEP][PASSED] - delay: Delayed 2 second(s)

2018-12-11 16:26:36 - [MESSAGE][PASSED] - Delayed 2 second(s)

2018-12-11 16:26:36 - [MESSAGE][PASSED] - Call Test Case 'Test Cases/Final Aug 2018 - PKS Automation/Common/Workflow Owner Finder' successfully

2018-12-11 16:26:36 - [TEST_STEP][PASSED] - callTestCase: Call Test Case 'Test Cases/Final Aug 2018 - PKS Automation/Registration Module/Log Out/log out avoiding katalon tagging' successfully

2018-12-11 16:26:36 - [TEST_CASE][PASSED] - Test Cases/Final Aug 2018 - PKS Automation/Registration Module/Log Out/log out avoiding katalon tagging: Test Cases/Final Aug 2018 - PKS Automation/Registration Module/Log Out/log out avoiding katalon tagging

2018-12-11 16:26:36 - [TEST_STEP][PASSED] - navigateToUrl: Navigate to 'https://assist2-uat.perkeso.gov.my/c/portal/logout' successfully

2018-12-11 16:26:37 - [MESSAGE][PASSED] - Navigate to 'https://assist2-uat.perkeso.gov.my/c/portal/logout' successfully

2018-12-11 16:26:37 - [MESSAGE][PASSED] - Call Test Case 'Test Cases/Final Aug 2018 - PKS Automation/Registration Module/Log Out/log out avoiding katalon tagging' successfully

2018-12-11 16:26:37 - [TEST_STEP][PASSED] - delay: Delayed 2 second(s)

2018-12-11 16:26:39 - [MESSAGE][PASSED] - Delayed 2 second(s)

2018-12-11 16:26:39 - [TEST_STEP][PASSED] - setText: Text 'johorro1@gmail.com' is set on object 'Object Repository/Final Object Repo/Page_Update Add New Employee - ASSIST/Email TextBox'

2018-12-11 16:26:39 - [MESSAGE][PASSED] - Text 'johorro1@gmail.com' is set on object 'Object Repository/Final Object Repo/Page_Update Add New Employee - ASSIST/Email TextBox'

2018-12-11 16:26:39 - [TEST_STEP][PASSED] - click: Object: 'Object Repository/Final Object Repo/Page_Update Add New Employee - ASSIST/Next Button' is clicked on

2018-12-11 16:26:40 - [MESSAGE][PASSED] - Object: 'Object Repository/Final Object Repo/Page_Update Add New Employee - ASSIST/Next Button' is clicked on

2018-12-11 16:26:40 - [TEST_STEP][PASSED] - delay: Delayed 2 second(s)

2018-12-11 16:26:42 - [MESSAGE][PASSED] - Delayed 2 second(s)

2018-12-11 16:26:42 - [TEST_STEP][PASSED] - setText: Text 'Test1@3456789' is set on object 'Object Repository/Final Object Repo/Page_Update Add New Employee - ASSIST/Password TextBox'

2018-12-11 16:26:42 - [MESSAGE][PASSED] - Text 'Test1@3456789' is set on object 'Object Repository/Final Object Repo/Page_Update Add New Employee - ASSIST/Password TextBox'

2018-12-11 16:26:42 - [TEST_STEP][PASSED] - delay: Delayed 2 second(s)

2018-12-11 16:26:44 - [MESSAGE][PASSED] - Delayed 2 second(s)

2018-12-11 16:26:44 - [TEST_STEP][PASSED] - click: Object: 'Object Repository/Final Object Repo/Page_Update Add New Employee - ASSIST/Login Button' is clicked on

2018-12-11 16:26:44 - [MESSAGE][PASSED] - Object: 'Object Repository/Final Object Repo/Page_Update Add New Employee - ASSIST/Login Button' is clicked on

2018-12-11 16:26:44 - [TEST_STEP][PASSED] - delay: Delayed 4 second(s)

2018-12-11 16:26:48 - [MESSAGE][PASSED] - Delayed 4 second(s)

2018-12-11 16:26:48 - [TEST_STEP][PASSED] - Statement - Try: Delayed 2 second(s)

2018-12-11 16:26:48 - [TEST_STEP][PASSED] - Statement - Checker = false: null

2018-12-11 16:26:48 - [TEST_STEP][PASSED] - Statement - Checker = com.kms.katalon.core.webui.keyword.WebUiBuiltInKeywords.verifyElementHasAttribute(com.kms.katalon.core.testobject.ObjectRepository.findTestObject(Final Object Repo/Landing Page/BM Detecting), "href", 20, OPTIONAL): Object 'Object Repository/Final Object Repo/Landing Page/BM Detecting' has attribute 'href'

2018-12-11 16:26:48 - [MESSAGE][PASSED] - Object 'Object Repository/Final Object Repo/Landing Page/BM Detecting' has attribute 'href'

2018-12-11 16:26:48 - [TEST_STEP][PASSED] - Statement - out.println(Checker): null

2018-12-11 16:26:48 - [TEST_STEP][PASSED] - Statement - If (Checker == false): null

2018-12-11 16:26:48 - [TEST_STEP][PASSED] - Statement - Else: null

2018-12-11 16:26:48 - [TEST_STEP][PASSED] - delay: Delayed 2 second(s)

2018-12-11 16:26:50 - [MESSAGE][PASSED] - Delayed 2 second(s)

2018-12-11 16:26:50 - [TEST_STEP][PASSED] - delay: Delayed 4 second(s)

2018-12-11 16:26:54 - [MESSAGE][PASSED] - Delayed 4 second(s)

2018-12-11 16:26:54 - [TEST_STEP][PASSED] - click: Object: 'Object Repository/Final Object Repo/New Registration - Registration Module Pages/New Reg - OTC to RO/Special Case - All Related Objects/Expand to Search' is clicked on

2018-12-11 16:26:54 - [MESSAGE][PASSED] - Object: 'Object Repository/Final Object Repo/New Registration - Registration Module Pages/New Reg - OTC to RO/Special Case - All Related Objects/Expand to Search' is clicked on

2018-12-11 16:26:54 - [TEST_STEP][PASSED] - setText: Text 'CAN12201800002303' is set on object 'Object Repository/Final Object Repo/New Registration - Registration Module Pages/New Reg - OTC to RO/Special Case - All Related Objects/TextBox RefNo in Workbasket'

2018-12-11 16:26:55 - [MESSAGE][PASSED] - Text 'CAN12201800002303' is set on object 'Object Repository/Final Object Repo/New Registration - Registration Module Pages/New Reg - OTC to RO/Special Case - All Related Objects/TextBox RefNo in Workbasket'

2018-12-11 16:26:55 - [TEST_STEP][PASSED] - delay: Delayed 2 second(s)

2018-12-11 16:26:57 - [MESSAGE][PASSED] - Delayed 2 second(s)

2018-12-11 16:26:57 - [TEST_STEP][PASSED] - click: Object: 'Object Repository/Final Object Repo/New Registration - Registration Module Pages/New Reg - OTC to RO/Special Case - All Related Objects/Click Search' is clicked on

2018-12-11 16:26:57 - [MESSAGE][PASSED] - Object: 'Object Repository/Final Object Repo/New Registration - Registration Module Pages/New Reg - OTC to RO/Special Case - All Related Objects/Click Search' is clicked on

2018-12-11 16:26:57 - [TEST_STEP][PASSED] - delay: Delayed 2 second(s)

2018-12-11 16:26:59 - [MESSAGE][PASSED] - Delayed 2 second(s)

2018-12-11 16:26:59 - [TEST_STEP][PASSED] - click: Object: 'Object Repository/Final Object Repo/New Registration - Registration Module Pages/New Reg - OTC to RO/Special Case - All Related Objects/Click to Continue Workflow' is clicked on

2018-12-11 16:27:03 - [MESSAGE][PASSED] - Object: 'Object Repository/Final Object Repo/New Registration - Registration Module Pages/New Reg - OTC to RO/Special Case - All Related Objects/Click to Continue Workflow' is clicked on

2018-12-11 16:27:03 - [TEST_STEP][PASSED] - delay: Delayed 10 second(s)

2018-12-11 16:27:13 - [MESSAGE][PASSED] - Delayed 10 second(s)

2018-12-11 16:27:13 - [TEST_STEP][PASSED] - click: Object: 'Object Repository/Final Object Repo/New Registration - Registration Module Pages/New Reg - OTC to RO/Special Case - All Related Objects/Continue Button in verifying case' is clicked on

2018-12-11 16:27:17 - [MESSAGE][PASSED] - Object: 'Object Repository/Final Object Repo/New Registration - Registration Module Pages/New Reg - OTC to RO/Special Case - All Related Objects/Continue Button in verifying case' is clicked on

2018-12-11 16:27:17 - [TEST_STEP][PASSED] - delay: Delayed 2 second(s)

2018-12-11 16:27:19 - [MESSAGE][PASSED] - Delayed 2 second(s)

2018-12-11 16:27:19 - [TEST_STEP][PASSED] - click: Object: 'Object Repository/Final Object Repo/Page_Update Add New Employee - ASSIST/Save  Continue Button' is clicked on

2018-12-11 16:27:19 - [MESSAGE][PASSED] - Object: 'Object Repository/Final Object Repo/Page_Update Add New Employee - ASSIST/Save  Continue Button' is clicked on

2018-12-11 16:27:19 - [TEST_STEP][PASSED] - delay: Delayed 4 second(s)

2018-12-11 16:27:23 - [MESSAGE][PASSED] - Delayed 4 second(s)

2018-12-11 16:27:23 - [TEST_STEP][PASSED] - click: Object: 'Object Repository/Final Object Repo/Page_Update Add New Employee - ASSIST/Save  Continue Third Screen' is clicked on

2018-12-11 16:27:26 - [MESSAGE][PASSED] - Object: 'Object Repository/Final Object Repo/Page_Update Add New Employee - ASSIST/Save  Continue Third Screen' is clicked on

2018-12-11 16:27:26 - [TEST_STEP][PASSED] - delay: Delayed 4 second(s)

2018-12-11 16:27:30 - [MESSAGE][PASSED] - Delayed 4 second(s)

2018-12-11 16:27:30 - [TEST_STEP][PASSED] - click: Object: 'Object Repository/Final Object Repo/Page_Update Add New Employee - ASSIST/Save   Continue Supporting Doc Page' is clicked on

2018-12-11 16:27:30 - [MESSAGE][PASSED] - Object: 'Object Repository/Final Object Repo/Page_Update Add New Employee - ASSIST/Save   Continue Supporting Doc Page' is clicked on

2018-12-11 16:27:30 - [TEST_STEP][PASSED] - delay: Delayed 4 second(s)

2018-12-11 16:27:34 - [MESSAGE][PASSED] - Delayed 4 second(s)

2018-12-11 16:27:34 - [TEST_STEP][PASSED] - click: Object: 'Object Repository/Final Object Repo/Page_Update Add New Employee - ASSIST/Submit Button' is clicked on

2018-12-11 16:27:34 - [MESSAGE][PASSED] - Object: 'Object Repository/Final Object Repo/Page_Update Add New Employee - ASSIST/Submit Button' is clicked on

2018-12-11 16:27:34 - [TEST_STEP][PASSED] - delay: Delayed 4 second(s)

2018-12-11 16:27:38 - [MESSAGE][PASSED] - Delayed 4 second(s)

2018-12-11 16:27:38 - [TEST_STEP][PASSED] - click: Object: 'Object Repository/Final Object Repo/Page_Update Add New Employee - ASSIST/Confirm Submit Button' is clicked on

2018-12-11 16:27:38 - [MESSAGE][PASSED] - Object: 'Object Repository/Final Object Repo/Page_Update Add New Employee - ASSIST/Confirm Submit Button' is clicked on

2018-12-11 16:27:38 - [TEST_STEP][PASSED] - delay: Delayed 30 second(s)

2018-12-11 16:28:08 - [MESSAGE][PASSED] - Delayed 30 second(s)

2018-12-11 16:28:08 - [TEST_STEP][PASSED] - callTestCase: Call Test Case 'Test Cases/Final Aug 2018 - PKS Automation/Common/Screenshoting tool' successfully

2018-12-11 16:28:08 - [TEST_CASE][PASSED] - Test Cases/Final Aug 2018 - PKS Automation/Common/Screenshoting tool: Test Cases/Final Aug 2018 - PKS Automation/Common/Screenshoting tool

2018-12-11 16:28:08 - [TEST_STEP][PASSED] - delay: Delayed 15 second(s)

2018-12-11 16:28:23 - [MESSAGE][PASSED] - Delayed 15 second(s)

2018-12-11 16:28:23 - [TEST_STEP][PASSED] - Statement - driver = com.kms.katalon.core.webui.driver.DriverFactory.getWebDriver(): null

2018-12-11 16:28:23 - [TEST_STEP][PASSED] - Statement - driver.manage().timeouts().implicitlyWait(10, SECONDS): null

2018-12-11 16:28:23 - [TEST_STEP][PASSED] - Statement - PresavePath = KatalonScreenshots: null

2018-12-11 16:28:23 - [TEST_STEP][PASSED] - Statement - pathPrefix = "C:\Users\Public\Pictures\Sample Pictures\Katalon Screenshots\Automate Ending Screen": null

2018-12-11 16:28:23 - [TEST_STEP][PASSED] - Statement - finalPath = <not implemented yet for class: org.codehaus.groovy.ast.expr.EmptyExpression>: null

2018-12-11 16:28:23 - [TEST_STEP][PASSED] - Statement - scrFile = driver.getScreenshotAs(FILE): null

2018-12-11 16:28:24 - [TEST_STEP][PASSED] - Statement - PreSaveFile = new java.io.File(PresavePath): null

2018-12-11 16:28:24 - [TEST_STEP][PASSED] - Statement - counter = 0: null

2018-12-11 16:28:24 - [TEST_STEP][PASSED] - Statement - If (PreSaveFile.exists()): null

2018-12-11 16:28:24 - [TEST_STEP][PASSED] - Statement - While (PreSaveFile.exists()): null

2018-12-11 16:28:24 - [TEST_STEP][PASSED] - Statement - counter = counter + 1: null

2018-12-11 16:28:24 - [TEST_STEP][PASSED] - Statement - PreSaveFile = new java.io.File(((pathPrefix + java.lang.Integer.toString(counter)) + .png)): null

2018-12-11 16:28:24 - [TEST_STEP][PASSED] - Statement - counter = counter + 1: null

2018-12-11 16:28:24 - [TEST_STEP][PASSED] - Statement - PreSaveFile = new java.io.File(((pathPrefix + java.lang.Integer.toString(counter)) + .png)): null

2018-12-11 16:28:24 - [TEST_STEP][PASSED] - Statement - counter = counter + 1: null

2018-12-11 16:28:24 - [TEST_STEP][PASSED] - Statement - PreSaveFile = new java.io.File(((pathPrefix + java.lang.Integer.toString(counter)) + .png)): null

2018-12-11 16:28:24 - [TEST_STEP][PASSED] - Statement - counter = counter + 1: null

2018-12-11 16:28:24 - [TEST_STEP][PASSED] - Statement - PreSaveFile = new java.io.File(((pathPrefix + java.lang.Integer.toString(counter)) + .png)): null

2018-12-11 16:28:24 - [TEST_STEP][PASSED] - Statement - counter = counter + 1: null

2018-12-11 16:28:24 - [TEST_STEP][PASSED] - Statement - PreSaveFile = new java.io.File(((pathPrefix + java.lang.Integer.toString(counter)) + .png)): null

2018-12-11 16:28:24 - [TEST_STEP][PASSED] - Statement - counter = counter + 1: null

2018-12-11 16:28:24 - [TEST_STEP][PASSED] - Statement - PreSaveFile = new java.io.File(((pathPrefix + java.lang.Integer.toString(counter)) + .png)): null

2018-12-11 16:28:24 - [TEST_STEP][PASSED] - Statement - counter = counter + 1: null

2018-12-11 16:28:24 - [TEST_STEP][PASSED] - Statement - PreSaveFile = new java.io.File(((pathPrefix + java.lang.Integer.toString(counter)) + .png)): null

2018-12-11 16:28:24 - [TEST_STEP][PASSED] - Statement - counter = counter + 1: null

2018-12-11 16:28:24 - [TEST_STEP][PASSED] - Statement - PreSaveFile = new java.io.File(((pathPrefix + java.lang.Integer.toString(counter)) + .png)): null

2018-12-11 16:28:24 - [TEST_STEP][PASSED] - Statement - counter = counter + 1: null

2018-12-11 16:28:24 - [TEST_STEP][PASSED] - Statement - PreSaveFile = new java.io.File(((pathPrefix + java.lang.Integer.toString(counter)) + .png)): null

2018-12-11 16:28:24 - [TEST_STEP][PASSED] - Statement - counter = counter + 1: null

2018-12-11 16:28:24 - [TEST_STEP][PASSED] - Statement - PreSaveFile = new java.io.File(((pathPrefix + java.lang.Integer.toString(counter)) + .png)): null

2018-12-11 16:28:24 - [TEST_STEP][PASSED] - Statement - counter = counter + 1: null

2018-12-11 16:28:24 - [TEST_STEP][PASSED] - Statement - PreSaveFile = new java.io.File(((pathPrefix + java.lang.Integer.toString(counter)) + .png)): null

2018-12-11 16:28:24 - [TEST_STEP][PASSED] - Statement - counter = counter + 1: null

2018-12-11 16:28:24 - [TEST_STEP][PASSED] - Statement - PreSaveFile = new java.io.File(((pathPrefix + java.lang.Integer.toString(counter)) + .png)): null

2018-12-11 16:28:24 - [TEST_STEP][PASSED] - Statement - counter = counter + 1: null

2018-12-11 16:28:24 - [TEST_STEP][PASSED] - Statement - PreSaveFile = new java.io.File(((pathPrefix + java.lang.Integer.toString(counter)) + .png)): null

2018-12-11 16:28:24 - [TEST_STEP][PASSED] - Statement - counter = counter + 1: null

2018-12-11 16:28:24 - [TEST_STEP][PASSED] - Statement - PreSaveFile = new java.io.File(((pathPrefix + java.lang.Integer.toString(counter)) + .png)): null

2018-12-11 16:28:24 - [TEST_STEP][PASSED] - Statement - counter = counter + 1: null

2018-12-11 16:28:24 - [TEST_STEP][PASSED] - Statement - PreSaveFile = new java.io.File(((pathPrefix + java.lang.Integer.toString(counter)) + .png)): null

2018-12-11 16:28:24 - [TEST_STEP][PASSED] - Statement - counter = counter + 1: null

2018-12-11 16:28:24 - [TEST_STEP][PASSED] - Statement - PreSaveFile = new java.io.File(((pathPrefix + java.lang.Integer.toString(counter)) + .png)): null

2018-12-11 16:28:24 - [TEST_STEP][PASSED] - Statement - counter = counter + 1: null

2018-12-11 16:28:24 - [TEST_STEP][PASSED] - Statement - PreSaveFile = new java.io.File(((pathPrefix + java.lang.Integer.toString(counter)) + .png)): null

2018-12-11 16:28:24 - [TEST_STEP][PASSED] - Statement - counter = counter + 1: null

2018-12-11 16:28:24 - [TEST_STEP][PASSED] - Statement - PreSaveFile = new java.io.File(((pathPrefix + java.lang.Integer.toString(counter)) + .png)): null

2018-12-11 16:28:24 - [TEST_STEP][PASSED] - Statement - counter = counter + 1: null

2018-12-11 16:28:24 - [TEST_STEP][PASSED] - Statement - PreSaveFile = new java.io.File(((pathPrefix + java.lang.Integer.toString(counter)) + .png)): null

2018-12-11 16:28:24 - [TEST_STEP][PASSED] - Statement - counter = counter + 1: null

2018-12-11 16:28:24 - [TEST_STEP][PASSED] - Statement - PreSaveFile = new java.io.File(((pathPrefix + java.lang.Integer.toString(counter)) + .png)): null

2018-12-11 16:28:24 - [TEST_STEP][PASSED] - Statement - counter = counter + 1: null

2018-12-11 16:28:24 - [TEST_STEP][PASSED] - Statement - PreSaveFile = new java.io.File(((pathPrefix + java.lang.Integer.toString(counter)) + .png)): null

2018-12-11 16:28:24 - [TEST_STEP][PASSED] - Statement - counter = counter + 1: null

2018-12-11 16:28:24 - [TEST_STEP][PASSED] - Statement - PreSaveFile = new java.io.File(((pathPrefix + java.lang.Integer.toString(counter)) + .png)): null

2018-12-11 16:28:24 - [TEST_STEP][PASSED] - Statement - counter = counter + 1: null

2018-12-11 16:28:24 - [TEST_STEP][PASSED] - Statement - PreSaveFile = new java.io.File(((pathPrefix + java.lang.Integer.toString(counter)) + .png)): null

2018-12-11 16:28:24 - [TEST_STEP][PASSED] - Statement - counter = counter + 1: null

2018-12-11 16:28:24 - [TEST_STEP][PASSED] - Statement - PreSaveFile = new java.io.File(((pathPrefix + java.lang.Integer.toString(counter)) + .png)): null

2018-12-11 16:28:24 - [TEST_STEP][PASSED] - Statement - counter = counter + 1: null

2018-12-11 16:28:24 - [TEST_STEP][PASSED] - Statement - PreSaveFile = new java.io.File(((pathPrefix + java.lang.Integer.toString(counter)) + .png)): null

2018-12-11 16:28:24 - [TEST_STEP][PASSED] - Statement - counter = counter + 1: null

2018-12-11 16:28:24 - [TEST_STEP][PASSED] - Statement - PreSaveFile = new java.io.File(((pathPrefix + java.lang.Integer.toString(counter)) + .png)): null

2018-12-11 16:28:24 - [TEST_STEP][PASSED] - Statement - counter = counter + 1: null

2018-12-11 16:28:24 - [TEST_STEP][PASSED] - Statement - PreSaveFile = new java.io.File(((pathPrefix + java.lang.Integer.toString(counter)) + .png)): null

2018-12-11 16:28:24 - [TEST_STEP][PASSED] - Statement - counter = counter + 1: null

2018-12-11 16:28:24 - [TEST_STEP][PASSED] - Statement - PreSaveFile = new java.io.File(((pathPrefix + java.lang.Integer.toString(counter)) + .png)): null

2018-12-11 16:28:24 - [TEST_STEP][PASSED] - Statement - counter = counter + 1: null

2018-12-11 16:28:24 - [TEST_STEP][PASSED] - Statement - PreSaveFile = new java.io.File(((pathPrefix + java.lang.Integer.toString(counter)) + .png)): null

2018-12-11 16:28:24 - [TEST_STEP][PASSED] - Statement - counter = counter + 1: null

2018-12-11 16:28:24 - [TEST_STEP][PASSED] - Statement - PreSaveFile = new java.io.File(((pathPrefix + java.lang.Integer.toString(counter)) + .png)): null

2018-12-11 16:28:24 - [TEST_STEP][PASSED] - Statement - counter = counter + 1: null

2018-12-11 16:28:24 - [TEST_STEP][PASSED] - Statement - PreSaveFile = new java.io.File(((pathPrefix + java.lang.Integer.toString(counter)) + .png)): null

2018-12-11 16:28:24 - [TEST_STEP][PASSED] - Statement - counter = counter + 1: null

2018-12-11 16:28:24 - [TEST_STEP][PASSED] - Statement - PreSaveFile = new java.io.File(((pathPrefix + java.lang.Integer.toString(counter)) + .png)): null

2018-12-11 16:28:24 - [TEST_STEP][PASSED] - Statement - counter = counter + 1: null

2018-12-11 16:28:24 - [TEST_STEP][PASSED] - Statement - PreSaveFile = new java.io.File(((pathPrefix + java.lang.Integer.toString(counter)) + .png)): null

2018-12-11 16:28:24 - [TEST_STEP][PASSED] - Statement - counter = counter + 1: null

2018-12-11 16:28:24 - [TEST_STEP][PASSED] - Statement - PreSaveFile = new java.io.File(((pathPrefix + java.lang.Integer.toString(counter)) + .png)): null

2018-12-11 16:28:24 - [TEST_STEP][PASSED] - Statement - counter = counter + 1: null

2018-12-11 16:28:24 - [TEST_STEP][PASSED] - Statement - PreSaveFile = new java.io.File(((pathPrefix + java.lang.Integer.toString(counter)) + .png)): null

2018-12-11 16:28:24 - [TEST_STEP][PASSED] - Statement - counter = counter + 1: null

2018-12-11 16:28:24 - [TEST_STEP][PASSED] - Statement - PreSaveFile = new java.io.File(((pathPrefix + java.lang.Integer.toString(counter)) + .png)): null

2018-12-11 16:28:24 - [TEST_STEP][PASSED] - Statement - counter = counter + 1: null

2018-12-11 16:28:24 - [TEST_STEP][PASSED] - Statement - PreSaveFile = new java.io.File(((pathPrefix + java.lang.Integer.toString(counter)) + .png)): null

2018-12-11 16:28:24 - [TEST_STEP][PASSED] - Statement - counter = counter + 1: null

2018-12-11 16:28:24 - [TEST_STEP][PASSED] - Statement - PreSaveFile = new java.io.File(((pathPrefix + java.lang.Integer.toString(counter)) + .png)): null

2018-12-11 16:28:24 - [TEST_STEP][PASSED] - Statement - counter = counter + 1: null

2018-12-11 16:28:24 - [TEST_STEP][PASSED] - Statement - PreSaveFile = new java.io.File(((pathPrefix + java.lang.Integer.toString(counter)) + .png)): null

2018-12-11 16:28:24 - [TEST_STEP][PASSED] - Statement - counter = counter + 1: null

2018-12-11 16:28:24 - [TEST_STEP][PASSED] - Statement - PreSaveFile = new java.io.File(((pathPrefix + java.lang.Integer.toString(counter)) + .png)): null

2018-12-11 16:28:24 - [TEST_STEP][PASSED] - Statement - counter = counter + 1: null

2018-12-11 16:28:24 - [TEST_STEP][PASSED] - Statement - PreSaveFile = new java.io.File(((pathPrefix + java.lang.Integer.toString(counter)) + .png)): null

2018-12-11 16:28:24 - [TEST_STEP][PASSED] - Statement - counter = counter + 1: null

2018-12-11 16:28:24 - [TEST_STEP][PASSED] - Statement - PreSaveFile = new java.io.File(((pathPrefix + java.lang.Integer.toString(counter)) + .png)): null

2018-12-11 16:28:24 - [TEST_STEP][PASSED] - Statement - counter = counter + 1: null

2018-12-11 16:28:24 - [TEST_STEP][PASSED] - Statement - PreSaveFile = new java.io.File(((pathPrefix + java.lang.Integer.toString(counter)) + .png)): null

2018-12-11 16:28:24 - [TEST_STEP][PASSED] - Statement - counter = counter + 1: null

2018-12-11 16:28:24 - [TEST_STEP][PASSED] - Statement - PreSaveFile = new java.io.File(((pathPrefix + java.lang.Integer.toString(counter)) + .png)): null

2018-12-11 16:28:24 - [TEST_STEP][PASSED] - Statement - counter = counter + 1: null

2018-12-11 16:28:24 - [TEST_STEP][PASSED] - Statement - PreSaveFile = new java.io.File(((pathPrefix + java.lang.Integer.toString(counter)) + .png)): null

2018-12-11 16:28:24 - [TEST_STEP][PASSED] - Statement - counter = counter + 1: null

2018-12-11 16:28:24 - [TEST_STEP][PASSED] - Statement - PreSaveFile = new java.io.File(((pathPrefix + java.lang.Integer.toString(counter)) + .png)): null

2018-12-11 16:28:24 - [TEST_STEP][PASSED] - Statement - counter = counter + 1: null

2018-12-11 16:28:24 - [TEST_STEP][PASSED] - Statement - PreSaveFile = new java.io.File(((pathPrefix + java.lang.Integer.toString(counter)) + .png)): null

2018-12-11 16:28:24 - [TEST_STEP][PASSED] - Statement - counter = counter + 1: null

2018-12-11 16:28:24 - [TEST_STEP][PASSED] - Statement - PreSaveFile = new java.io.File(((pathPrefix + java.lang.Integer.toString(counter)) + .png)): null

2018-12-11 16:28:24 - [TEST_STEP][PASSED] - Statement - counter = counter + 1: null

2018-12-11 16:28:24 - [TEST_STEP][PASSED] - Statement - PreSaveFile = new java.io.File(((pathPrefix + java.lang.Integer.toString(counter)) + .png)): null

2018-12-11 16:28:24 - [TEST_STEP][PASSED] - Statement - counter = counter + 1: null

2018-12-11 16:28:24 - [TEST_STEP][PASSED] - Statement - PreSaveFile = new java.io.File(((pathPrefix + java.lang.Integer.toString(counter)) + .png)): null

2018-12-11 16:28:24 - [TEST_STEP][PASSED] - Statement - counter = counter + 1: null

2018-12-11 16:28:24 - [TEST_STEP][PASSED] - Statement - PreSaveFile = new java.io.File(((pathPrefix + java.lang.Integer.toString(counter)) + .png)): null

2018-12-11 16:28:24 - [TEST_STEP][PASSED] - Statement - counter = counter + 1: null

2018-12-11 16:28:24 - [TEST_STEP][PASSED] - Statement - PreSaveFile = new java.io.File(((pathPrefix + java.lang.Integer.toString(counter)) + .png)): null

2018-12-11 16:28:24 - [TEST_STEP][PASSED] - Statement - counter = counter + 1: null

2018-12-11 16:28:24 - [TEST_STEP][PASSED] - Statement - PreSaveFile = new java.io.File(((pathPrefix + java.lang.Integer.toString(counter)) + .png)): null

2018-12-11 16:28:24 - [TEST_STEP][PASSED] - Statement - counter = counter + 1: null

2018-12-11 16:28:24 - [TEST_STEP][PASSED] - Statement - PreSaveFile = new java.io.File(((pathPrefix + java.lang.Integer.toString(counter)) + .png)): null

2018-12-11 16:28:24 - [TEST_STEP][PASSED] - Statement - counter = counter + 1: null

2018-12-11 16:28:24 - [TEST_STEP][PASSED] - Statement - PreSaveFile = new java.io.File(((pathPrefix + java.lang.Integer.toString(counter)) + .png)): null

2018-12-11 16:28:24 - [TEST_STEP][PASSED] - Statement - counter = counter + 1: null

2018-12-11 16:28:24 - [TEST_STEP][PASSED] - Statement - PreSaveFile = new java.io.File(((pathPrefix + java.lang.Integer.toString(counter)) + .png)): null

2018-12-11 16:28:24 - [TEST_STEP][PASSED] - Statement - counter = counter + 1: null

2018-12-11 16:28:24 - [TEST_STEP][PASSED] - Statement - PreSaveFile = new java.io.File(((pathPrefix + java.lang.Integer.toString(counter)) + .png)): null

2018-12-11 16:28:24 - [TEST_STEP][PASSED] - Statement - counter = counter + 1: null

2018-12-11 16:28:24 - [TEST_STEP][PASSED] - Statement - PreSaveFile = new java.io.File(((pathPrefix + java.lang.Integer.toString(counter)) + .png)): null

2018-12-11 16:28:24 - [TEST_STEP][PASSED] - Statement - counter = counter + 1: null

2018-12-11 16:28:24 - [TEST_STEP][PASSED] - Statement - PreSaveFile = new java.io.File(((pathPrefix + java.lang.Integer.toString(counter)) + .png)): null

2018-12-11 16:28:24 - [TEST_STEP][PASSED] - Statement - counter = counter + 1: null

2018-12-11 16:28:24 - [TEST_STEP][PASSED] - Statement - PreSaveFile = new java.io.File(((pathPrefix + java.lang.Integer.toString(counter)) + .png)): null

2018-12-11 16:28:24 - [TEST_STEP][PASSED] - Statement - counter = counter + 1: null

2018-12-11 16:28:24 - [TEST_STEP][PASSED] - Statement - PreSaveFile = new java.io.File(((pathPrefix + java.lang.Integer.toString(counter)) + .png)): null

2018-12-11 16:28:24 - [TEST_STEP][PASSED] - Statement - counter = counter + 1: null

2018-12-11 16:28:24 - [TEST_STEP][PASSED] - Statement - PreSaveFile = new java.io.File(((pathPrefix + java.lang.Integer.toString(counter)) + .png)): null

2018-12-11 16:28:24 - [TEST_STEP][PASSED] - Statement - counter = counter + 1: null

2018-12-11 16:28:24 - [TEST_STEP][PASSED] - Statement - PreSaveFile = new java.io.File(((pathPrefix + java.lang.Integer.toString(counter)) + .png)): null

2018-12-11 16:28:24 - [TEST_STEP][PASSED] - Statement - counter = counter + 1: null

2018-12-11 16:28:24 - [TEST_STEP][PASSED] - Statement - PreSaveFile = new java.io.File(((pathPrefix + java.lang.Integer.toString(counter)) + .png)): null

2018-12-11 16:28:24 - [TEST_STEP][PASSED] - Statement - counter = counter + 1: null

2018-12-11 16:28:24 - [TEST_STEP][PASSED] - Statement - PreSaveFile = new java.io.File(((pathPrefix + java.lang.Integer.toString(counter)) + .png)): null

2018-12-11 16:28:24 - [TEST_STEP][PASSED] - Statement - counter = counter + 1: null

2018-12-11 16:28:24 - [TEST_STEP][PASSED] - Statement - PreSaveFile = new java.io.File(((pathPrefix + java.lang.Integer.toString(counter)) + .png)): null

2018-12-11 16:28:24 - [TEST_STEP][PASSED] - Statement - counter = counter + 1: null

2018-12-11 16:28:24 - [TEST_STEP][PASSED] - Statement - PreSaveFile = new java.io.File(((pathPrefix + java.lang.Integer.toString(counter)) + .png)): null

2018-12-11 16:28:24 - [TEST_STEP][PASSED] - Statement - counter = counter + 1: null

2018-12-11 16:28:24 - [TEST_STEP][PASSED] - Statement - PreSaveFile = new java.io.File(((pathPrefix + java.lang.Integer.toString(counter)) + .png)): null

2018-12-11 16:28:24 - [TEST_STEP][PASSED] - Statement - counter = counter + 1: null

2018-12-11 16:28:24 - [TEST_STEP][PASSED] - Statement - PreSaveFile = new java.io.File(((pathPrefix + java.lang.Integer.toString(counter)) + .png)): null

2018-12-11 16:28:24 - [TEST_STEP][PASSED] - Statement - counter = counter + 1: null

2018-12-11 16:28:24 - [TEST_STEP][PASSED] - Statement - PreSaveFile = new java.io.File(((pathPrefix + java.lang.Integer.toString(counter)) + .png)): null

2018-12-11 16:28:24 - [TEST_STEP][PASSED] - Statement - counter = counter + 1: null

2018-12-11 16:28:24 - [TEST_STEP][PASSED] - Statement - PreSaveFile = new java.io.File(((pathPrefix + java.lang.Integer.toString(counter)) + .png)): null

2018-12-11 16:28:24 - [TEST_STEP][PASSED] - Statement - counter = counter + 1: null

2018-12-11 16:28:24 - [TEST_STEP][PASSED] - Statement - PreSaveFile = new java.io.File(((pathPrefix + java.lang.Integer.toString(counter)) + .png)): null

2018-12-11 16:28:24 - [TEST_STEP][PASSED] - Statement - counter = counter + 1: null

2018-12-11 16:28:24 - [TEST_STEP][PASSED] - Statement - PreSaveFile = new java.io.File(((pathPrefix + java.lang.Integer.toString(counter)) + .png)): null

2018-12-11 16:28:24 - [TEST_STEP][PASSED] - Statement - counter = counter + 1: null

2018-12-11 16:28:24 - [TEST_STEP][PASSED] - Statement - PreSaveFile = new java.io.File(((pathPrefix + java.lang.Integer.toString(counter)) + .png)): null

2018-12-11 16:28:24 - [TEST_STEP][PASSED] - Statement - counter = counter + 1: null

2018-12-11 16:28:24 - [TEST_STEP][PASSED] - Statement - PreSaveFile = new java.io.File(((pathPrefix + java.lang.Integer.toString(counter)) + .png)): null

2018-12-11 16:28:24 - [TEST_STEP][PASSED] - Statement - counter = counter + 1: null

2018-12-11 16:28:24 - [TEST_STEP][PASSED] - Statement - PreSaveFile = new java.io.File(((pathPrefix + java.lang.Integer.toString(counter)) + .png)): null

2018-12-11 16:28:24 - [TEST_STEP][PASSED] - Statement - counter = counter + 1: null

2018-12-11 16:28:24 - [TEST_STEP][PASSED] - Statement - PreSaveFile = new java.io.File(((pathPrefix + java.lang.Integer.toString(counter)) + .png)): null

2018-12-11 16:28:24 - [TEST_STEP][PASSED] - Statement - counter = counter + 1: null

2018-12-11 16:28:24 - [TEST_STEP][PASSED] - Statement - PreSaveFile = new java.io.File(((pathPrefix + java.lang.Integer.toString(counter)) + .png)): null

2018-12-11 16:28:24 - [TEST_STEP][PASSED] - Statement - counter = counter + 1: null

2018-12-11 16:28:24 - [TEST_STEP][PASSED] - Statement - PreSaveFile = new java.io.File(((pathPrefix + java.lang.Integer.toString(counter)) + .png)): null

2018-12-11 16:28:24 - [TEST_STEP][PASSED] - Statement - counter = counter + 1: null

2018-12-11 16:28:24 - [TEST_STEP][PASSED] - Statement - PreSaveFile = new java.io.File(((pathPrefix + java.lang.Integer.toString(counter)) + .png)): null

2018-12-11 16:28:24 - [TEST_STEP][PASSED] - Statement - counter = counter + 1: null

2018-12-11 16:28:24 - [TEST_STEP][PASSED] - Statement - PreSaveFile = new java.io.File(((pathPrefix + java.lang.Integer.toString(counter)) + .png)): null

2018-12-11 16:28:24 - [TEST_STEP][PASSED] - Statement - counter = counter + 1: null

2018-12-11 16:28:24 - [TEST_STEP][PASSED] - Statement - PreSaveFile = new java.io.File(((pathPrefix + java.lang.Integer.toString(counter)) + .png)): null

2018-12-11 16:28:24 - [TEST_STEP][PASSED] - Statement - counter = counter + 1: null

2018-12-11 16:28:24 - [TEST_STEP][PASSED] - Statement - PreSaveFile = new java.io.File(((pathPrefix + java.lang.Integer.toString(counter)) + .png)): null

2018-12-11 16:28:24 - [TEST_STEP][PASSED] - Statement - counter = counter + 1: null

2018-12-11 16:28:24 - [TEST_STEP][PASSED] - Statement - PreSaveFile = new java.io.File(((pathPrefix + java.lang.Integer.toString(counter)) + .png)): null

2018-12-11 16:28:24 - [TEST_STEP][PASSED] - Statement - finalPath = pathPrefix + java.lang.Integer.toString(counter) + ".png": null

2018-12-11 16:28:24 - [TEST_STEP][PASSED] - Statement - SaveFile = new java.io.File(finalPath): null

2018-12-11 16:28:24 - [TEST_STEP][PASSED] - Statement - Try: null

2018-12-11 16:28:24 - [TEST_STEP][PASSED] - Statement - org.apache.commons.io.FileUtils.copyFile(scrFile, SaveFile): null

2018-12-11 16:28:24 - [TEST_STEP][PASSED] - Statement - out.println("file kept"): null

2018-12-11 16:28:24 - [TEST_STEP][PASSED] - delay: Delayed 10 second(s)

2018-12-11 16:28:34 - [MESSAGE][PASSED] - Delayed 10 second(s)

2018-12-11 16:28:34 - [MESSAGE][PASSED] - Call Test Case 'Test Cases/Final Aug 2018 - PKS Automation/Common/Screenshoting tool' successfully]]></system-out>
         <system-err><![CDATA[]]></system-err>
      </testcase>
      <testcase name="Test Cases/Final Aug 2018 - PKS Automation/Registration Module/Workflow/Update Add New Employee/Special Case (OTC - PKR BO -  RO Under Enforcement)" classname="Test Cases/Final Aug 2018 - PKS Automation/Registration Module/Workflow/Update Add New Employee/Special Case (OTC - PKR BO -  RO Under Enforcement)" status="PASSED">
         <system-out><![CDATA[2018-12-11 16:28:34 - [TEST_CASE][PASSED] - Test Cases/Final Aug 2018 - PKS Automation/Registration Module/Workflow/Update Add New Employee/Special Case (OTC - PKR BO -  RO Under Enforcement): Test Cases/Final Aug 2018 - PKS Automation/Registration Module/Workflow/Update Add New Employee/Special Case (OTC - PKR BO -  RO Under Enforcement)

2018-12-11 16:28:34 - [TEST_STEP][PASSED] - callTestCase: Call Test Case 'Test Cases/Final Aug 2018 - PKS Automation/Registration Module/Workflow/Update Add New Employee/Template/New Company for Update Add New' successfully

2018-12-11 16:28:34 - [TEST_CASE][PASSED] - Test Cases/Final Aug 2018 - PKS Automation/Registration Module/Workflow/Update Add New Employee/Template/New Company for Update Add New: Test Cases/Final Aug 2018 - PKS Automation/Registration Module/Workflow/Update Add New Employee/Template/New Company for Update Add New

2018-12-11 16:28:34 - [TEST_STEP][PASSED] - callTestCase: Call Test Case 'Test Cases/Final Aug 2018 - PKS Automation/Registration Module/New Registration/Form 1/Form 1 - Corporation - BHD' successfully

2018-12-11 16:28:34 - [TEST_CASE][PASSED] - Test Cases/Final Aug 2018 - PKS Automation/Registration Module/New Registration/Form 1/Form 1 - Corporation - BHD: Test Cases/Final Aug 2018 - PKS Automation/Registration Module/New Registration/Form 1/Form 1 - Corporation - BHD

2018-12-11 16:28:35 - [TEST_STEP][PASSED] - openBrowser: Browser is opened with url: ''

2018-12-11 16:28:35 - [MESSAGE][WARNING] - A browser is already opened. Closing browser and opening a new one

2018-12-11 16:28:41 - [MESSAGE][PASSED] - Browser is opened with url: ''

2018-12-11 16:28:41 - [TEST_STEP][PASSED] - navigateToUrl: Navigate to 'https://assist2-uat.perkeso.gov.my/login' successfully

2018-12-11 16:28:42 - [MESSAGE][PASSED] - Navigate to 'https://assist2-uat.perkeso.gov.my/login' successfully

2018-12-11 16:28:42 - [TEST_STEP][PASSED] - setText: Text 'johorotc1@gmail.com' is set on object 'Object Repository/Final Object Repo/Login Page/Internal User/Email Address'

2018-12-11 16:28:42 - [MESSAGE][PASSED] - Text 'johorotc1@gmail.com' is set on object 'Object Repository/Final Object Repo/Login Page/Internal User/Email Address'

2018-12-11 16:28:42 - [TEST_STEP][PASSED] - click: Object: 'Object Repository/Final Object Repo/Login Page/Internal User/Next Button' is clicked on

2018-12-11 16:28:43 - [MESSAGE][PASSED] - Object: 'Object Repository/Final Object Repo/Login Page/Internal User/Next Button' is clicked on

2018-12-11 16:28:43 - [TEST_STEP][PASSED] - delay: Delayed 1 second(s)

2018-12-11 16:28:44 - [MESSAGE][PASSED] - Delayed 1 second(s)

2018-12-11 16:28:44 - [TEST_STEP][PASSED] - setEncryptedText: Text ****** has been set on object 'Object Repository/Final Object Repo/Login Page/Internal User/Password'

2018-12-11 16:28:44 - [MESSAGE][PASSED] - Text ****** has been set on object 'Object Repository/Final Object Repo/Login Page/Internal User/Password'

2018-12-11 16:28:44 - [TEST_STEP][PASSED] - click: Object: 'Object Repository/Final Object Repo/Login Page/Internal User/Login Button' is clicked on

2018-12-11 16:28:44 - [MESSAGE][PASSED] - Object: 'Object Repository/Final Object Repo/Login Page/Internal User/Login Button' is clicked on

2018-12-11 16:28:44 - [TEST_STEP][PASSED] - delay: Delayed 1 second(s)

2018-12-11 16:28:45 - [MESSAGE][PASSED] - Delayed 1 second(s)

2018-12-11 16:28:45 - [TEST_STEP][PASSED] - Statement - Try: Delayed 2 second(s)

2018-12-11 16:28:45 - [TEST_STEP][PASSED] - Statement - Checker = false: null

2018-12-11 16:28:45 - [TEST_STEP][PASSED] - Statement - Checker = com.kms.katalon.core.webui.keyword.WebUiBuiltInKeywords.verifyElementHasAttribute(com.kms.katalon.core.testobject.ObjectRepository.findTestObject(Final Object Repo/Landing Page/BM Detecting), "href", 20, OPTIONAL): Object 'Object Repository/Final Object Repo/Landing Page/BM Detecting' has attribute 'href'

2018-12-11 16:28:46 - [MESSAGE][PASSED] - Object 'Object Repository/Final Object Repo/Landing Page/BM Detecting' has attribute 'href'

2018-12-11 16:28:46 - [TEST_STEP][PASSED] - Statement - out.println(Checker): null

2018-12-11 16:28:46 - [TEST_STEP][PASSED] - Statement - If (Checker == false): null

2018-12-11 16:28:46 - [TEST_STEP][PASSED] - Statement - Else: null

2018-12-11 16:28:46 - [TEST_STEP][PASSED] - delay: Delayed 2 second(s)

2018-12-11 16:28:48 - [MESSAGE][PASSED] - Delayed 2 second(s)

2018-12-11 16:28:48 - [TEST_STEP][PASSED] - navigateToUrl: Navigate to 'https://assist2-uat.perkeso.gov.my/web/registration/registration' successfully

2018-12-11 16:28:50 - [MESSAGE][PASSED] - Navigate to 'https://assist2-uat.perkeso.gov.my/web/registration/registration' successfully

2018-12-11 16:28:50 - [TEST_STEP][PASSED] - click: Object: 'Object Repository/Final Object Repo/New Registration - Registration Module Pages/Form 1/AEC - No' is clicked on

2018-12-11 16:28:50 - [MESSAGE][PASSED] - Object: 'Object Repository/Final Object Repo/New Registration - Registration Module Pages/Form 1/AEC - No' is clicked on

2018-12-11 16:28:50 - [TEST_STEP][PASSED] - click: Object: 'Object Repository/Final Object Repo/New Registration - Registration Module Pages/Form 1/Business Entity' is clicked on

2018-12-11 16:28:50 - [MESSAGE][PASSED] - Object: 'Object Repository/Final Object Repo/New Registration - Registration Module Pages/Form 1/Business Entity' is clicked on

2018-12-11 16:28:50 - [TEST_STEP][PASSED] - click: Object: 'Object Repository/Final Object Repo/New Registration - Registration Module Pages/Form 1/Businees Entity - Corporation' is clicked on

2018-12-11 16:28:50 - [MESSAGE][PASSED] - Object: 'Object Repository/Final Object Repo/New Registration - Registration Module Pages/Form 1/Businees Entity - Corporation' is clicked on

2018-12-11 16:28:50 - [TEST_STEP][PASSED] - delay: Delayed 1 second(s)

2018-12-11 16:28:51 - [MESSAGE][PASSED] - Delayed 1 second(s)

2018-12-11 16:28:51 - [TEST_STEP][PASSED] - click: Object: 'Object Repository/Final Object Repo/New Registration - Registration Module Pages/Form 1/Sub Business Entity' is clicked on

2018-12-11 16:28:52 - [MESSAGE][PASSED] - Object: 'Object Repository/Final Object Repo/New Registration - Registration Module Pages/Form 1/Sub Business Entity' is clicked on

2018-12-11 16:28:52 - [TEST_STEP][PASSED] - click: Object: 'Object Repository/Final Object Repo/New Registration - Registration Module Pages/Form 1/Sub Business Entity - Berhad' is clicked on

2018-12-11 16:28:52 - [MESSAGE][PASSED] - Object: 'Object Repository/Final Object Repo/New Registration - Registration Module Pages/Form 1/Sub Business Entity - Berhad' is clicked on

2018-12-11 16:28:52 - [TEST_STEP][PASSED] - delay: Delayed 1 second(s)

2018-12-11 16:28:53 - [MESSAGE][PASSED] - Delayed 1 second(s)

2018-12-11 16:28:53 - [TEST_STEP][PASSED] - setText: Text '123' is set on object 'Object Repository/Final Object Repo/New Registration - Registration Module Pages/Form 1/Registration Number'

2018-12-11 16:28:53 - [MESSAGE][PASSED] - Text '123' is set on object 'Object Repository/Final Object Repo/New Registration - Registration Module Pages/Form 1/Registration Number'

2018-12-11 16:28:53 - [TEST_STEP][PASSED] - click: Object: 'Object Repository/Final Object Repo/New Registration - Registration Module Pages/Form 1/Registred with SSM - Before Feb' is clicked on

2018-12-11 16:28:53 - [MESSAGE][PASSED] - Object: 'Object Repository/Final Object Repo/New Registration - Registration Module Pages/Form 1/Registred with SSM - Before Feb' is clicked on

2018-12-11 16:28:53 - [TEST_STEP][PASSED] - click: Object: 'Object Repository/Final Object Repo/New Registration - Registration Module Pages/Form 1/Registered As a Branch - Yes' is clicked on

2018-12-11 16:28:54 - [MESSAGE][PASSED] - Object: 'Object Repository/Final Object Repo/New Registration - Registration Module Pages/Form 1/Registered As a Branch - Yes' is clicked on

2018-12-11 16:28:54 - [TEST_STEP][PASSED] - click: Object: 'Object Repository/Final Object Repo/New Registration - Registration Module Pages/Form 1/Acknowledgement' is clicked on

2018-12-11 16:28:54 - [MESSAGE][PASSED] - Object: 'Object Repository/Final Object Repo/New Registration - Registration Module Pages/Form 1/Acknowledgement' is clicked on

2018-12-11 16:28:54 - [TEST_STEP][PASSED] - setText: Text 'perkeso' is set on object 'Object Repository/Final Object Repo/New Registration - Registration Module Pages/Form 1/Industry name'

2018-12-11 16:28:54 - [MESSAGE][PASSED] - Text 'perkeso' is set on object 'Object Repository/Final Object Repo/New Registration - Registration Module Pages/Form 1/Industry name'

2018-12-11 16:28:54 - [TEST_STEP][PASSED] - setText: Text 'perkeso1' is set on object 'Object Repository/Final Object Repo/New Registration - Registration Module Pages/Form 1/Postal Address1'

2018-12-11 16:28:54 - [MESSAGE][PASSED] - Text 'perkeso1' is set on object 'Object Repository/Final Object Repo/New Registration - Registration Module Pages/Form 1/Postal Address1'

2018-12-11 16:28:54 - [TEST_STEP][PASSED] - setText: Text 'perkeso2' is set on object 'Object Repository/Final Object Repo/New Registration - Registration Module Pages/Form 1/Postal Address2'

2018-12-11 16:28:55 - [MESSAGE][PASSED] - Text 'perkeso2' is set on object 'Object Repository/Final Object Repo/New Registration - Registration Module Pages/Form 1/Postal Address2'

2018-12-11 16:28:55 - [TEST_STEP][PASSED] - setText: Text 'perkeso3' is set on object 'Object Repository/Final Object Repo/New Registration - Registration Module Pages/Form 1/Postal Address3'

2018-12-11 16:28:55 - [MESSAGE][PASSED] - Text 'perkeso3' is set on object 'Object Repository/Final Object Repo/New Registration - Registration Module Pages/Form 1/Postal Address3'

2018-12-11 16:28:55 - [TEST_STEP][PASSED] - click: Object: 'Object Repository/Final Object Repo/New Registration - Registration Module Pages/Form 1/State' is clicked on

2018-12-11 16:28:55 - [MESSAGE][PASSED] - Object: 'Object Repository/Final Object Repo/New Registration - Registration Module Pages/Form 1/State' is clicked on

2018-12-11 16:28:55 - [TEST_STEP][PASSED] - click: Object: 'Object Repository/Final Object Repo/New Registration - Registration Module Pages/Form 1/State - Johor' is clicked on

2018-12-11 16:28:56 - [MESSAGE][PASSED] - Object: 'Object Repository/Final Object Repo/New Registration - Registration Module Pages/Form 1/State - Johor' is clicked on

2018-12-11 16:28:56 - [TEST_STEP][PASSED] - delay: Delayed 1 second(s)

2018-12-11 16:28:57 - [MESSAGE][PASSED] - Delayed 1 second(s)

2018-12-11 16:28:57 - [TEST_STEP][PASSED] - click: Object: 'Object Repository/Final Object Repo/New Registration - Registration Module Pages/Form 1/City' is clicked on

2018-12-11 16:28:57 - [MESSAGE][PASSED] - Object: 'Object Repository/Final Object Repo/New Registration - Registration Module Pages/Form 1/City' is clicked on

2018-12-11 16:28:57 - [TEST_STEP][PASSED] - setText: Text 'joh' is set on object 'Object Repository/Final Object Repo/New Registration - Registration Module Pages/Form 1/Postcode - 810'

2018-12-11 16:28:57 - [MESSAGE][PASSED] - Text 'joh' is set on object 'Object Repository/Final Object Repo/New Registration - Registration Module Pages/Form 1/Postcode - 810'

2018-12-11 16:28:57 - [TEST_STEP][PASSED] - delay: Delayed 1 second(s)

2018-12-11 16:28:58 - [MESSAGE][PASSED] - Delayed 1 second(s)

2018-12-11 16:28:58 - [TEST_STEP][PASSED] - click: Object: 'Object Repository/Final Object Repo/New Registration - Registration Module Pages/Form 1/City - Johor Bharu' is clicked on

2018-12-11 16:28:58 - [MESSAGE][PASSED] - Object: 'Object Repository/Final Object Repo/New Registration - Registration Module Pages/Form 1/City - Johor Bharu' is clicked on

2018-12-11 16:28:58 - [TEST_STEP][PASSED] - delay: Delayed 1 second(s)

2018-12-11 16:28:59 - [MESSAGE][PASSED] - Delayed 1 second(s)

2018-12-11 16:28:59 - [TEST_STEP][PASSED] - click: Object: 'Object Repository/Final Object Repo/New Registration - Registration Module Pages/Form 1/Postcode' is clicked on

2018-12-11 16:28:59 - [MESSAGE][PASSED] - Object: 'Object Repository/Final Object Repo/New Registration - Registration Module Pages/Form 1/Postcode' is clicked on

2018-12-11 16:28:59 - [TEST_STEP][PASSED] - delay: Delayed 1 second(s)

2018-12-11 16:29:00 - [MESSAGE][PASSED] - Delayed 1 second(s)

2018-12-11 16:29:00 - [TEST_STEP][PASSED] - setText: Text '810' is set on object 'Object Repository/Final Object Repo/New Registration - Registration Module Pages/Form 1/Postcode - 810'

2018-12-11 16:29:01 - [MESSAGE][PASSED] - Text '810' is set on object 'Object Repository/Final Object Repo/New Registration - Registration Module Pages/Form 1/Postcode - 810'

2018-12-11 16:29:01 - [TEST_STEP][PASSED] - delay: Delayed 3 second(s)

2018-12-11 16:29:04 - [MESSAGE][PASSED] - Delayed 3 second(s)

2018-12-11 16:29:04 - [TEST_STEP][PASSED] - click: Object: 'Object Repository/Final Object Repo/New Registration - Registration Module Pages/Form 1/Postcode - 81000' is clicked on

2018-12-11 16:29:04 - [MESSAGE][PASSED] - Object: 'Object Repository/Final Object Repo/New Registration - Registration Module Pages/Form 1/Postcode - 81000' is clicked on

2018-12-11 16:29:04 - [TEST_STEP][PASSED] - delay: Delayed 1 second(s)

2018-12-11 16:29:05 - [MESSAGE][PASSED] - Delayed 1 second(s)

2018-12-11 16:29:05 - [TEST_STEP][PASSED] - setText: Text '100' is set on object 'Object Repository/Final Object Repo/New Registration - Registration Module Pages/Form 1/P.O.BOX'

2018-12-11 16:29:05 - [MESSAGE][PASSED] - Text '100' is set on object 'Object Repository/Final Object Repo/New Registration - Registration Module Pages/Form 1/P.O.BOX'

2018-12-11 16:29:05 - [TEST_STEP][PASSED] - setText: Text '100' is set on object 'Object Repository/Final Object Repo/New Registration - Registration Module Pages/Form 1/Locked Bag No'

2018-12-11 16:29:05 - [MESSAGE][PASSED] - Text '100' is set on object 'Object Repository/Final Object Repo/New Registration - Registration Module Pages/Form 1/Locked Bag No'

2018-12-11 16:29:05 - [TEST_STEP][PASSED] - click: Object: 'Object Repository/Final Object Repo/New Registration - Registration Module Pages/Form 1/SOCSO Office Location' is clicked on

2018-12-11 16:29:06 - [MESSAGE][PASSED] - Object: 'Object Repository/Final Object Repo/New Registration - Registration Module Pages/Form 1/SOCSO Office Location' is clicked on

2018-12-11 16:29:06 - [TEST_STEP][PASSED] - click: Object: 'Object Repository/Final Object Repo/New Registration - Registration Module Pages/Form 1/SOCSO Office Location - Pejabat PERKESO Negeri Johor' is clicked on

2018-12-11 16:29:06 - [MESSAGE][PASSED] - Object: 'Object Repository/Final Object Repo/New Registration - Registration Module Pages/Form 1/SOCSO Office Location - Pejabat PERKESO Negeri Johor' is clicked on

2018-12-11 16:29:06 - [TEST_STEP][PASSED] - delay: Delayed 1 second(s)

2018-12-11 16:29:07 - [MESSAGE][PASSED] - Delayed 1 second(s)

2018-12-11 16:29:07 - [TEST_STEP][PASSED] - check: Object 'Object Repository/Final Object Repo/New Registration - Registration Module Pages/Form 1/Indusrty Address Same As Postal Address' is checked

2018-12-11 16:29:07 - [MESSAGE][PASSED] - Object 'Object Repository/Final Object Repo/New Registration - Registration Module Pages/Form 1/Indusrty Address Same As Postal Address' is checked

2018-12-11 16:29:07 - [TEST_STEP][PASSED] - delay: Delayed 3 second(s)

2018-12-11 16:29:10 - [MESSAGE][PASSED] - Delayed 3 second(s)

2018-12-11 16:29:10 - [TEST_STEP][PASSED] - click: Object: 'Object Repository/Final Object Repo/New Registration - Registration Module Pages/Form 1/Indusry Address Same As Postal Address False' is clicked on

2018-12-11 16:29:10 - [MESSAGE][PASSED] - Object: 'Object Repository/Final Object Repo/New Registration - Registration Module Pages/Form 1/Indusry Address Same As Postal Address False' is clicked on

2018-12-11 16:29:10 - [TEST_STEP][PASSED] - delay: Delayed 1 second(s)

2018-12-11 16:29:11 - [MESSAGE][PASSED] - Delayed 1 second(s)

2018-12-11 16:29:11 - [TEST_STEP][PASSED] - setText: Text 'perkeso1' is set on object 'Object Repository/Final Object Repo/New Registration - Registration Module Pages/Form 1/Industry Address1'

2018-12-11 16:29:12 - [MESSAGE][PASSED] - Text 'perkeso1' is set on object 'Object Repository/Final Object Repo/New Registration - Registration Module Pages/Form 1/Industry Address1'

2018-12-11 16:29:12 - [TEST_STEP][PASSED] - setText: Text 'perkeso2' is set on object 'Object Repository/Final Object Repo/New Registration - Registration Module Pages/Form 1/Industry Address2'

2018-12-11 16:29:12 - [MESSAGE][PASSED] - Text 'perkeso2' is set on object 'Object Repository/Final Object Repo/New Registration - Registration Module Pages/Form 1/Industry Address2'

2018-12-11 16:29:12 - [TEST_STEP][PASSED] - setText: Text 'perkeso3' is set on object 'Object Repository/Final Object Repo/New Registration - Registration Module Pages/Form 1/Industry Address3'

2018-12-11 16:29:12 - [MESSAGE][PASSED] - Text 'perkeso3' is set on object 'Object Repository/Final Object Repo/New Registration - Registration Module Pages/Form 1/Industry Address3'

2018-12-11 16:29:12 - [TEST_STEP][PASSED] - click: Object: 'Object Repository/Final Object Repo/New Registration - Registration Module Pages/Form 1/Industry State' is clicked on

2018-12-11 16:29:13 - [MESSAGE][PASSED] - Object: 'Object Repository/Final Object Repo/New Registration - Registration Module Pages/Form 1/Industry State' is clicked on

2018-12-11 16:29:13 - [TEST_STEP][PASSED] - delay: Delayed 2 second(s)

2018-12-11 16:29:15 - [MESSAGE][PASSED] - Delayed 2 second(s)

2018-12-11 16:29:15 - [TEST_STEP][PASSED] - click: Object: 'Object Repository/Final Object Repo/New Registration - Registration Module Pages/Form 1/Industry State - Johor' is clicked on

2018-12-11 16:29:15 - [MESSAGE][PASSED] - Object: 'Object Repository/Final Object Repo/New Registration - Registration Module Pages/Form 1/Industry State - Johor' is clicked on

2018-12-11 16:29:15 - [TEST_STEP][PASSED] - delay: Delayed 2 second(s)

2018-12-11 16:29:17 - [MESSAGE][PASSED] - Delayed 2 second(s)

2018-12-11 16:29:17 - [TEST_STEP][PASSED] - click: Object: 'Object Repository/Final Object Repo/New Registration - Registration Module Pages/Form 1/Industry Ciry' is clicked on

2018-12-11 16:29:17 - [MESSAGE][PASSED] - Object: 'Object Repository/Final Object Repo/New Registration - Registration Module Pages/Form 1/Industry Ciry' is clicked on

2018-12-11 16:29:17 - [TEST_STEP][PASSED] - setText: Text 'joh' is set on object 'Object Repository/Final Object Repo/New Registration - Registration Module Pages/Form 1/Industry Ciry - joh'

2018-12-11 16:29:17 - [MESSAGE][PASSED] - Text 'joh' is set on object 'Object Repository/Final Object Repo/New Registration - Registration Module Pages/Form 1/Industry Ciry - joh'

2018-12-11 16:29:17 - [TEST_STEP][PASSED] - delay: Delayed 2 second(s)

2018-12-11 16:29:19 - [MESSAGE][PASSED] - Delayed 2 second(s)

2018-12-11 16:29:19 - [TEST_STEP][PASSED] - click: Object: 'Object Repository/Final Object Repo/New Registration - Registration Module Pages/Form 1/Industy State - Johor Bharu' is clicked on

2018-12-11 16:29:19 - [MESSAGE][PASSED] - Object: 'Object Repository/Final Object Repo/New Registration - Registration Module Pages/Form 1/Industy State - Johor Bharu' is clicked on

2018-12-11 16:29:19 - [TEST_STEP][PASSED] - delay: Delayed 1 second(s)

2018-12-11 16:29:20 - [MESSAGE][PASSED] - Delayed 1 second(s)

2018-12-11 16:29:20 - [TEST_STEP][PASSED] - click: Object: 'Object Repository/Final Object Repo/New Registration - Registration Module Pages/Form 1/Indusry PostCode' is clicked on

2018-12-11 16:29:21 - [MESSAGE][PASSED] - Object: 'Object Repository/Final Object Repo/New Registration - Registration Module Pages/Form 1/Indusry PostCode' is clicked on

2018-12-11 16:29:21 - [TEST_STEP][PASSED] - delay: Delayed 1 second(s)

2018-12-11 16:29:22 - [MESSAGE][PASSED] - Delayed 1 second(s)

2018-12-11 16:29:22 - [TEST_STEP][PASSED] - setText: Text '810' is set on object 'Object Repository/Final Object Repo/New Registration - Registration Module Pages/Form 1/Insutry Post Code - 810'

2018-12-11 16:29:22 - [MESSAGE][PASSED] - Text '810' is set on object 'Object Repository/Final Object Repo/New Registration - Registration Module Pages/Form 1/Insutry Post Code - 810'

2018-12-11 16:29:22 - [TEST_STEP][PASSED] - delay: Delayed 1 second(s)

2018-12-11 16:29:23 - [MESSAGE][PASSED] - Delayed 1 second(s)

2018-12-11 16:29:23 - [TEST_STEP][PASSED] - click: Object: 'Object Repository/Final Object Repo/New Registration - Registration Module Pages/Form 1/Insutry Post Code - 81000' is clicked on

2018-12-11 16:29:23 - [MESSAGE][PASSED] - Object: 'Object Repository/Final Object Repo/New Registration - Registration Module Pages/Form 1/Insutry Post Code - 81000' is clicked on

2018-12-11 16:29:23 - [TEST_STEP][PASSED] - delay: Delayed 1 second(s)

2018-12-11 16:29:24 - [MESSAGE][PASSED] - Delayed 1 second(s)

2018-12-11 16:29:24 - [TEST_STEP][PASSED] - setText: Text '100' is set on object 'Object Repository/Final Object Repo/New Registration - Registration Module Pages/Form 1/Industry P.O.BOX'

2018-12-11 16:29:24 - [MESSAGE][PASSED] - Text '100' is set on object 'Object Repository/Final Object Repo/New Registration - Registration Module Pages/Form 1/Industry P.O.BOX'

2018-12-11 16:29:24 - [TEST_STEP][PASSED] - setText: Text '100' is set on object 'Object Repository/Final Object Repo/New Registration - Registration Module Pages/Form 1/Industry Locked Bag No'

2018-12-11 16:29:24 - [MESSAGE][PASSED] - Text '100' is set on object 'Object Repository/Final Object Repo/New Registration - Registration Module Pages/Form 1/Industry Locked Bag No'

2018-12-11 16:29:24 - [TEST_STEP][PASSED] - setText: Text '123456789' is set on object 'Object Repository/Final Object Repo/New Registration - Registration Module Pages/Form 1/Telephone No'

2018-12-11 16:29:25 - [MESSAGE][PASSED] - Text '123456789' is set on object 'Object Repository/Final Object Repo/New Registration - Registration Module Pages/Form 1/Telephone No'

2018-12-11 16:29:25 - [TEST_STEP][PASSED] - setText: Text '123456789' is set on object 'Object Repository/Final Object Repo/New Registration - Registration Module Pages/Form 1/Mobile No'

2018-12-11 16:29:25 - [MESSAGE][PASSED] - Text '123456789' is set on object 'Object Repository/Final Object Repo/New Registration - Registration Module Pages/Form 1/Mobile No'

2018-12-11 16:29:25 - [TEST_STEP][PASSED] - setText: Text '123456789' is set on object 'Object Repository/Final Object Repo/New Registration - Registration Module Pages/Form 1/Fax No'

2018-12-11 16:29:26 - [MESSAGE][PASSED] - Text '123456789' is set on object 'Object Repository/Final Object Repo/New Registration - Registration Module Pages/Form 1/Fax No'

2018-12-11 16:29:26 - [TEST_STEP][PASSED] - click: Object: 'Object Repository/Final Object Repo/New Registration - Registration Module Pages/Form 1/Industry Code' is clicked on

2018-12-11 16:29:26 - [MESSAGE][PASSED] - Object: 'Object Repository/Final Object Repo/New Registration - Registration Module Pages/Form 1/Industry Code' is clicked on

2018-12-11 16:29:26 - [TEST_STEP][PASSED] - click: Object: 'Object Repository/Final Object Repo/New Registration - Registration Module Pages/Form 1/Indudustry Code - Crops and Animal' is clicked on

2018-12-11 16:29:26 - [MESSAGE][PASSED] - Object: 'Object Repository/Final Object Repo/New Registration - Registration Module Pages/Form 1/Indudustry Code - Crops and Animal' is clicked on

2018-12-11 16:29:26 - [TEST_STEP][PASSED] - delay: Delayed 1 second(s)

2018-12-11 16:29:27 - [MESSAGE][PASSED] - Delayed 1 second(s)

2018-12-11 16:29:27 - [TEST_STEP][PASSED] - click: Object: 'Object Repository/Final Object Repo/New Registration - Registration Module Pages/Form 1/Sub Industry Code List' is clicked on

2018-12-11 16:29:27 - [MESSAGE][PASSED] - Object: 'Object Repository/Final Object Repo/New Registration - Registration Module Pages/Form 1/Sub Industry Code List' is clicked on

2018-12-11 16:29:27 - [TEST_STEP][PASSED] - click: Object: 'Object Repository/Final Object Repo/New Registration - Registration Module Pages/Form 1/Sub Industry Code List - Growing of Maize' is clicked on

2018-12-11 16:29:28 - [MESSAGE][PASSED] - Object: 'Object Repository/Final Object Repo/New Registration - Registration Module Pages/Form 1/Sub Industry Code List - Growing of Maize' is clicked on

2018-12-11 16:29:28 - [TEST_STEP][PASSED] - setText: Text 'perkeso123@gmail.com' is set on object 'Object Repository/Final Object Repo/New Registration - Registration Module Pages/Form 1/Email'

2018-12-11 16:29:28 - [MESSAGE][PASSED] - Text 'perkeso123@gmail.com' is set on object 'Object Repository/Final Object Repo/New Registration - Registration Module Pages/Form 1/Email'

2018-12-11 16:29:28 - [TEST_STEP][PASSED] - click: Object: 'Object Repository/Final Object Repo/New Registration - Registration Module Pages/Form 1/Method of Contribution Payment' is clicked on

2018-12-11 16:29:29 - [MESSAGE][PASSED] - Object: 'Object Repository/Final Object Repo/New Registration - Registration Module Pages/Form 1/Method of Contribution Payment' is clicked on

2018-12-11 16:29:29 - [TEST_STEP][PASSED] - click: Object: 'Object Repository/Final Object Repo/New Registration - Registration Module Pages/Form 1/Method of Contribution Payment - Portal' is clicked on

2018-12-11 16:29:29 - [MESSAGE][PASSED] - Object: 'Object Repository/Final Object Repo/New Registration - Registration Module Pages/Form 1/Method of Contribution Payment - Portal' is clicked on

2018-12-11 16:29:29 - [TEST_STEP][PASSED] - click: Object: 'Object Repository/Final Object Repo/New Registration - Registration Module Pages/Form 1/Servide Type' is clicked on

2018-12-11 16:29:29 - [MESSAGE][PASSED] - Object: 'Object Repository/Final Object Repo/New Registration - Registration Module Pages/Form 1/Servide Type' is clicked on

2018-12-11 16:29:29 - [TEST_STEP][PASSED] - click: Object: 'Object Repository/Final Object Repo/New Registration - Registration Module Pages/Form 1/Servide Type - Professional Bodies' is clicked on

2018-12-11 16:29:29 - [MESSAGE][PASSED] - Object: 'Object Repository/Final Object Repo/New Registration - Registration Module Pages/Form 1/Servide Type - Professional Bodies' is clicked on

2018-12-11 16:29:29 - [TEST_STEP][PASSED] - click: Object: 'Object Repository/Final Object Repo/New Registration - Registration Module Pages/Form 1/Industry Venue' is clicked on

2018-12-11 16:29:29 - [MESSAGE][PASSED] - Object: 'Object Repository/Final Object Repo/New Registration - Registration Module Pages/Form 1/Industry Venue' is clicked on

2018-12-11 16:29:29 - [TEST_STEP][PASSED] - click: Object: 'Object Repository/Final Object Repo/New Registration - Registration Module Pages/Form 1/Industry Venue -  PPN JOHOR' is clicked on

2018-12-11 16:29:30 - [MESSAGE][PASSED] - Object: 'Object Repository/Final Object Repo/New Registration - Registration Module Pages/Form 1/Industry Venue -  PPN JOHOR' is clicked on

2018-12-11 16:29:30 - [TEST_STEP][PASSED] - click: Object: 'Object Repository/Final Object Repo/New Registration - Registration Module Pages/Form 1/Save  Continue' is clicked on

2018-12-11 16:29:30 - [MESSAGE][PASSED] - Object: 'Object Repository/Final Object Repo/New Registration - Registration Module Pages/Form 1/Save  Continue' is clicked on

2018-12-11 16:29:30 - [MESSAGE][PASSED] - Call Test Case 'Test Cases/Final Aug 2018 - PKS Automation/Registration Module/New Registration/Form 1/Form 1 - Corporation - BHD' successfully

2018-12-11 16:29:30 - [TEST_STEP][PASSED] - callTestCase: Call Test Case 'Test Cases/Final Aug 2018 - PKS Automation/Registration Module/New Registration/Form 2/Add 1 Eligible' successfully

2018-12-11 16:29:30 - [TEST_CASE][PASSED] - Test Cases/Final Aug 2018 - PKS Automation/Registration Module/New Registration/Form 2/Add 1 Eligible: Test Cases/Final Aug 2018 - PKS Automation/Registration Module/New Registration/Form 2/Add 1 Eligible

2018-12-11 16:29:30 - [TEST_STEP][PASSED] - delay: Delayed 2 second(s)

2018-12-11 16:29:32 - [MESSAGE][PASSED] - Delayed 2 second(s)

2018-12-11 16:29:32 - [TEST_STEP][PASSED] - callTestCase: Call Test Case 'Test Cases/Final Aug 2018 - PKS Automation/Registration Module/New Registration/Form 2/Date Updater' successfully

2018-12-11 16:29:32 - [TEST_CASE][PASSED] - Test Cases/Final Aug 2018 - PKS Automation/Registration Module/New Registration/Form 2/Date Updater: Test Cases/Final Aug 2018 - PKS Automation/Registration Module/New Registration/Form 2/Date Updater

2018-12-11 16:29:32 - [TEST_STEP][PASSED] - Statement - TodayDate = new java.util.Date(): null

2018-12-11 16:29:32 - [TEST_STEP][PASSED] - Statement - CurrentDateNoFilter = new java.text.SimpleDateFormat(): null

2018-12-11 16:29:32 - [TEST_STEP][PASSED] - Statement - CurrentDateNoFilter.applyPattern("MM"): null

2018-12-11 16:29:32 - [TEST_STEP][PASSED] - Statement - monthContainerMatcher = java.lang.Integer.parseInt(CurrentDateNoFilter.format(TodayDate)): null

2018-12-11 16:29:32 - [TEST_STEP][PASSED] - Statement - monthContainerMatcher = monthContainerMatcher - 1: null

2018-12-11 16:29:32 - [TEST_STEP][PASSED] - Statement - CurrentMonth = monthContainerMatcher.toString(): null

2018-12-11 16:29:32 - [TEST_STEP][PASSED] - Statement - CurrentMonth = CurrentMonth: null

2018-12-11 16:29:32 - [TEST_STEP][PASSED] - Statement - CurrentDateNoFilter.applyPattern("yyyy"): null

2018-12-11 16:29:32 - [TEST_STEP][PASSED] - Statement - CurrentYear = CurrentDateNoFilter.format(TodayDate): null

2018-12-11 16:29:32 - [TEST_STEP][PASSED] - Statement - CurrentYear = CurrentYear: null

2018-12-11 16:29:32 - [TEST_STEP][PASSED] - Statement - intCurrentYear = java.lang.Integer.parseInt(CurrentDateNoFilter.format(TodayDate)): null

2018-12-11 16:29:32 - [TEST_STEP][PASSED] - Statement - eighteenYrsAgo = intCurrentYear - 18: null

2018-12-11 16:29:32 - [TEST_STEP][PASSED] - Statement - eighteenYrsBeforeThisYr = eighteenYrsAgo.toString(): null

2018-12-11 16:29:32 - [TEST_STEP][PASSED] - Statement - EighteenYrsBefore = eighteenYrsBeforeThisYr: null

2018-12-11 16:29:32 - [TEST_STEP][PASSED] - Statement - fiftysevenYrsAgo = intCurrentYear - 57: null

2018-12-11 16:29:32 - [TEST_STEP][PASSED] - Statement - fiftysevenYrsBeforeThisYr = fiftysevenYrsAgo.toString(): null

2018-12-11 16:29:32 - [TEST_STEP][PASSED] - Statement - FiftysevenYrsBefore = fiftysevenYrsBeforeThisYr: null

2018-12-11 16:29:32 - [TEST_STEP][PASSED] - Statement - leapYear = false: null

2018-12-11 16:29:32 - [TEST_STEP][PASSED] - Statement - leapYear = intCurrentYear % 4 == 0: null

2018-12-11 16:29:32 - [TEST_STEP][PASSED] - Statement - CurrentDateNoFilter.applyPattern("dd"): null

2018-12-11 16:29:32 - [TEST_STEP][PASSED] - Statement - CurrentDate = CurrentDateNoFilter.format(TodayDate): null

2018-12-11 16:29:32 - [TEST_STEP][PASSED] - Statement - CurrentDate = java.lang.Integer.parseInt(CurrentDate): null

2018-12-11 16:29:32 - [TEST_STEP][PASSED] - Statement - CurrentDate = CurrentDate: null

2018-12-11 16:29:32 - [TEST_STEP][PASSED] - Statement - CurrentDay = java.lang.Integer.parseInt(CurrentDate): null

2018-12-11 16:29:32 - [TEST_STEP][PASSED] - Statement - ConfAdder = <not implemented yet for class: org.codehaus.groovy.ast.expr.EmptyExpression>: null

2018-12-11 16:29:32 - [TEST_STEP][PASSED] - Statement - out.println(CurrentMonth): null

2018-12-11 16:29:32 - [TEST_STEP][PASSED] - Statement - out.println(CurrentDate): null

2018-12-11 16:29:32 - [TEST_STEP][PASSED] - Statement - switch (CurrentDate): null

2018-12-11 16:29:32 - [TEST_STEP][PASSED] - Statement - Default: null

2018-12-11 16:29:32 - [TEST_STEP][PASSED] - Statement - ConfAdder = true: null

2018-12-11 16:29:32 - [TEST_STEP][PASSED] - Statement - Break: null

2018-12-11 16:29:32 - [TEST_STEP][PASSED] - Statement - aDayBefore = <not implemented yet for class: org.codehaus.groovy.ast.expr.EmptyExpression>: null

2018-12-11 16:29:32 - [TEST_STEP][PASSED] - Statement - out.println(ConfAdder): null

2018-12-11 16:29:32 - [TEST_STEP][PASSED] - Statement - If (ConfAdder == true): null

2018-12-11 16:29:32 - [TEST_STEP][PASSED] - Statement - aDayBefore = CurrentDay + 1: null

2018-12-11 16:29:32 - [TEST_STEP][PASSED] - Statement - out.println(aDayBefore): null

2018-12-11 16:29:32 - [TEST_STEP][PASSED] - Statement - If (aDayBefore == 1 && CurrentMonth == 11): null

2018-12-11 16:29:32 - [TEST_STEP][PASSED] - Statement - DayBefore = aDayBefore.toString(): null

2018-12-11 16:29:32 - [TEST_STEP][PASSED] - Statement - OneDayBefore = DayBefore: null

2018-12-11 16:29:32 - [MESSAGE][PASSED] - Call Test Case 'Test Cases/Final Aug 2018 - PKS Automation/Registration Module/New Registration/Form 2/Date Updater' successfully

2018-12-11 16:29:32 - [TEST_STEP][PASSED] - delay: Delayed 1 second(s)

2018-12-11 16:29:33 - [MESSAGE][PASSED] - Delayed 1 second(s)

2018-12-11 16:29:33 - [TEST_STEP][PASSED] - Statement - CaseReferenceNo = com.kms.katalon.core.webui.keyword.WebUiBuiltInKeywords.getText(com.kms.katalon.core.testobject.ObjectRepository.findTestObject(Final Object Repo/New Registration - Registration Module Pages/Form 2/RefNo Acquiring)): Text of object 'Object Repository/Final Object Repo/New Registration - Registration Module Pages/Form 2/RefNo Acquiring' is: 'CRN12201800123183'

2018-12-11 16:29:33 - [MESSAGE][PASSED] - Text of object 'Object Repository/Final Object Repo/New Registration - Registration Module Pages/Form 2/RefNo Acquiring' is: 'CRN12201800123183'

2018-12-11 16:29:33 - [TEST_STEP][PASSED] - delay: Delayed 1 second(s)

2018-12-11 16:29:34 - [MESSAGE][PASSED] - Delayed 1 second(s)

2018-12-11 16:29:34 - [TEST_STEP][PASSED] - click: Object: 'Object Repository/Final Object Repo/New Registration - Registration Module Pages/Form 2/Add Employee Button' is clicked on

2018-12-11 16:29:34 - [MESSAGE][PASSED] - Object: 'Object Repository/Final Object Repo/New Registration - Registration Module Pages/Form 2/Add Employee Button' is clicked on

2018-12-11 16:29:34 - [TEST_STEP][PASSED] - delay: Delayed 1 second(s)

2018-12-11 16:29:35 - [MESSAGE][PASSED] - Delayed 1 second(s)

2018-12-11 16:29:35 - [TEST_STEP][PASSED] - setText: Text '010903091963' is set on object 'Object Repository/Final Object Repo/New Registration - Registration Module Pages/Form 2/NRIC Input'

2018-12-11 16:29:36 - [MESSAGE][PASSED] - Text '010903091963' is set on object 'Object Repository/Final Object Repo/New Registration - Registration Module Pages/Form 2/NRIC Input'

2018-12-11 16:29:36 - [TEST_STEP][PASSED] - click: Object: 'Object Repository/Final Object Repo/New Registration - Registration Module Pages/Form 2/button for search for IC' is clicked on

2018-12-11 16:29:36 - [MESSAGE][PASSED] - Object: 'Object Repository/Final Object Repo/New Registration - Registration Module Pages/Form 2/button for search for IC' is clicked on

2018-12-11 16:29:36 - [TEST_STEP][PASSED] - delay: Delayed 2 second(s)

2018-12-11 16:29:38 - [MESSAGE][PASSED] - Delayed 2 second(s)

2018-12-11 16:29:38 - [TEST_STEP][PASSED] - setText: Text 'Automate001 eligible 1' is set on object 'Object Repository/Final Object Repo/New Registration - Registration Module Pages/Form 2/Employee Name Input'

2018-12-11 16:29:38 - [MESSAGE][PASSED] - Text 'Automate001 eligible 1' is set on object 'Object Repository/Final Object Repo/New Registration - Registration Module Pages/Form 2/Employee Name Input'

2018-12-11 16:29:38 - [TEST_STEP][PASSED] - delay: Delayed 2 second(s)

2018-12-11 16:29:40 - [MESSAGE][PASSED] - Delayed 2 second(s)

2018-12-11 16:29:40 - [TEST_STEP][PASSED] - click: Object: 'Object Repository/Final Object Repo/New Registration - Registration Module Pages/Form 2/DatePicker Pop Up' is clicked on

2018-12-11 16:29:40 - [MESSAGE][PASSED] - Object: 'Object Repository/Final Object Repo/New Registration - Registration Module Pages/Form 2/DatePicker Pop Up' is clicked on

2018-12-11 16:29:40 - [TEST_STEP][PASSED] - click: Object: 'Object Repository/Final Object Repo/New Registration - Registration Module Pages/Form 2/DOB Month' is clicked on

2018-12-11 16:29:41 - [MESSAGE][PASSED] - Object: 'Object Repository/Final Object Repo/New Registration - Registration Module Pages/Form 2/DOB Month' is clicked on

2018-12-11 16:29:41 - [TEST_STEP][PASSED] - Statement - CurrentMonth = CurrentMonth: null

2018-12-11 16:29:41 - [TEST_STEP][PASSED] - Statement - selectMonth = new com.kms.katalon.core.testobject.TestObject(): null

2018-12-11 16:29:41 - [TEST_STEP][PASSED] - Statement - selectMonth.addProperty("xpath", EQUALS, "//body/div/div/div/select/option[@value='" + CurrentMonth + "']", true): null

2018-12-11 16:29:41 - [TEST_STEP][PASSED] - click: Object: '' is clicked on

2018-12-11 16:29:41 - [MESSAGE][PASSED] - Object: '' is clicked on

2018-12-11 16:29:41 - [TEST_STEP][PASSED] - click: Object: 'Object Repository/Final Object Repo/New Registration - Registration Module Pages/Form 2/DOB Year' is clicked on

2018-12-11 16:29:41 - [MESSAGE][PASSED] - Object: 'Object Repository/Final Object Repo/New Registration - Registration Module Pages/Form 2/DOB Year' is clicked on

2018-12-11 16:29:41 - [TEST_STEP][PASSED] - Statement - Eyearsbf = EighteenYrsBefore: null

2018-12-11 16:29:41 - [TEST_STEP][PASSED] - Statement - selectYear = new com.kms.katalon.core.testobject.TestObject(): null

2018-12-11 16:29:41 - [TEST_STEP][PASSED] - Statement - selectYear.addProperty("xpath", EQUALS, "//div/div/div/select/option[@value='" + Eyearsbf + "']", true): null

2018-12-11 16:29:41 - [TEST_STEP][PASSED] - click: Object: '' is clicked on

2018-12-11 16:29:41 - [MESSAGE][PASSED] - Object: '' is clicked on

2018-12-11 16:29:41 - [TEST_STEP][PASSED] - Statement - UpdatedSelectDate = com.kms.katalon.core.webui.keyword.WebUiBuiltInKeywords.modifyObjectProperty(com.kms.katalon.core.testobject.ObjectRepository.findTestObject(Final Object Repo/New Registration - Registration Module Pages/Form 2/DOB Date), "xpath", "equals", "//body/div/table/tbody/tr/td/a[text()="" + CurrentDate + ""]", true): Modify property of object successfully

2018-12-11 16:29:41 - [MESSAGE][PASSED] - Modify property of object successfully

2018-12-11 16:29:41 - [TEST_STEP][PASSED] - delay: Delayed 3 second(s)

2018-12-11 16:29:44 - [MESSAGE][PASSED] - Delayed 3 second(s)

2018-12-11 16:29:44 - [TEST_STEP][PASSED] - click: Object: 'Object Repository/Final Object Repo/New Registration - Registration Module Pages/Form 2/DOB Date' is clicked on

2018-12-11 16:29:44 - [MESSAGE][PASSED] - Object: 'Object Repository/Final Object Repo/New Registration - Registration Module Pages/Form 2/DOB Date' is clicked on

2018-12-11 16:29:44 - [TEST_STEP][PASSED] - delay: Delayed 2 second(s)

2018-12-11 16:29:46 - [MESSAGE][PASSED] - Delayed 2 second(s)

2018-12-11 16:29:46 - [TEST_STEP][PASSED] - click: Object: 'Object Repository/Final Object Repo/New Registration - Registration Module Pages/Form 2/EmploymentStartDate Pop Up' is clicked on

2018-12-11 16:29:46 - [MESSAGE][PASSED] - Object: 'Object Repository/Final Object Repo/New Registration - Registration Module Pages/Form 2/EmploymentStartDate Pop Up' is clicked on

2018-12-11 16:29:46 - [TEST_STEP][PASSED] - delay: Delayed 2 second(s)

2018-12-11 16:29:48 - [MESSAGE][PASSED] - Delayed 2 second(s)

2018-12-11 16:29:48 - [TEST_STEP][PASSED] - click: Object: 'Object Repository/Final Object Repo/New Registration - Registration Module Pages/Form 2/Socso Employment StartDate Month' is clicked on

2018-12-11 16:29:49 - [MESSAGE][PASSED] - Object: 'Object Repository/Final Object Repo/New Registration - Registration Module Pages/Form 2/Socso Employment StartDate Month' is clicked on

2018-12-11 16:29:49 - [TEST_STEP][PASSED] - delay: Delayed 1 second(s)

2018-12-11 16:29:50 - [MESSAGE][PASSED] - Delayed 1 second(s)

2018-12-11 16:29:50 - [TEST_STEP][PASSED] - click: Object: 'Object Repository/Final Object Repo/New Registration - Registration Module Pages/Form 2/Select Socso Employement Startdate Month' is clicked on

2018-12-11 16:29:50 - [MESSAGE][PASSED] - Object: 'Object Repository/Final Object Repo/New Registration - Registration Module Pages/Form 2/Select Socso Employement Startdate Month' is clicked on

2018-12-11 16:29:50 - [TEST_STEP][PASSED] - delay: Delayed 2 second(s)

2018-12-11 16:29:52 - [MESSAGE][PASSED] - Delayed 2 second(s)

2018-12-11 16:29:52 - [TEST_STEP][PASSED] - click: Object: 'Object Repository/Final Object Repo/New Registration - Registration Module Pages/Form 2/Socso Employment StartDate Year' is clicked on

2018-12-11 16:29:52 - [MESSAGE][PASSED] - Object: 'Object Repository/Final Object Repo/New Registration - Registration Module Pages/Form 2/Socso Employment StartDate Year' is clicked on

2018-12-11 16:29:52 - [TEST_STEP][PASSED] - delay: Delayed 1 second(s)

2018-12-11 16:29:53 - [MESSAGE][PASSED] - Delayed 1 second(s)

2018-12-11 16:29:53 - [TEST_STEP][PASSED] - click: Object: 'Object Repository/Final Object Repo/New Registration - Registration Module Pages/Form 2/Select Socso Employment Startdate Year' is clicked on

2018-12-11 16:29:53 - [MESSAGE][PASSED] - Object: 'Object Repository/Final Object Repo/New Registration - Registration Module Pages/Form 2/Select Socso Employment Startdate Year' is clicked on

2018-12-11 16:29:53 - [TEST_STEP][PASSED] - delay: Delayed 2 second(s)

2018-12-11 16:29:55 - [MESSAGE][PASSED] - Delayed 2 second(s)

2018-12-11 16:29:55 - [TEST_STEP][PASSED] - click: Object: 'Object Repository/Final Object Repo/New Registration - Registration Module Pages/Form 2/Socso Employment Start Date Day' is clicked on

2018-12-11 16:29:55 - [MESSAGE][PASSED] - Object: 'Object Repository/Final Object Repo/New Registration - Registration Module Pages/Form 2/Socso Employment Start Date Day' is clicked on

2018-12-11 16:29:55 - [TEST_STEP][PASSED] - delay: Delayed 2 second(s)

2018-12-11 16:29:57 - [MESSAGE][PASSED] - Delayed 2 second(s)

2018-12-11 16:29:57 - [TEST_STEP][PASSED] - click: Object: 'Object Repository/Final Object Repo/New Registration - Registration Module Pages/Form 2/Save Button for Add Employee' is clicked on

2018-12-11 16:29:57 - [MESSAGE][PASSED] - Object: 'Object Repository/Final Object Repo/New Registration - Registration Module Pages/Form 2/Save Button for Add Employee' is clicked on

2018-12-11 16:29:57 - [TEST_STEP][PASSED] - delay: Delayed 6 second(s)

2018-12-11 16:30:03 - [MESSAGE][PASSED] - Delayed 6 second(s)

2018-12-11 16:30:03 - [TEST_STEP][PASSED] - click: Object: 'Object Repository/Final Object Repo/New Registration - Registration Module Pages/Form 2/Save and Continue Form 2' is clicked on

2018-12-11 16:30:04 - [MESSAGE][PASSED] - Object: 'Object Repository/Final Object Repo/New Registration - Registration Module Pages/Form 2/Save and Continue Form 2' is clicked on

2018-12-11 16:30:04 - [MESSAGE][PASSED] - Call Test Case 'Test Cases/Final Aug 2018 - PKS Automation/Registration Module/New Registration/Form 2/Add 1 Eligible' successfully

2018-12-11 16:30:04 - [TEST_STEP][PASSED] - callTestCase: Call Test Case 'Test Cases/Final Aug 2018 - PKS Automation/Registration Module/New Registration/Flow of New Registration/Third Screen - Upload Supporting Doc - Preview' successfully

2018-12-11 16:30:04 - [TEST_CASE][PASSED] - Test Cases/Final Aug 2018 - PKS Automation/Registration Module/New Registration/Flow of New Registration/Third Screen - Upload Supporting Doc - Preview: Test Cases/Final Aug 2018 - PKS Automation/Registration Module/New Registration/Flow of New Registration/Third Screen - Upload Supporting Doc - Preview

2018-12-11 16:30:04 - [TEST_STEP][PASSED] - waitForPageLoad: Wait for page load successfully

2018-12-11 16:30:04 - [MESSAGE][PASSED] - Wait for page load successfully

2018-12-11 16:30:04 - [TEST_STEP][PASSED] - Statement - CaseReferenceNo = com.kms.katalon.core.webui.keyword.WebUiBuiltInKeywords.getText(com.kms.katalon.core.testobject.ObjectRepository.findTestObject(Final Object Repo/New Registration - Registration Module Pages/Third Screen - Upload Supporting Doc- Preview/RefNo Acquiring)): Text of object 'Object Repository/Final Object Repo/New Registration - Registration Module Pages/Third Screen - Upload Supporting Doc- Preview/RefNo Acquiring' is: 'CRN12201800123183'

2018-12-11 16:30:05 - [MESSAGE][PASSED] - Text of object 'Object Repository/Final Object Repo/New Registration - Registration Module Pages/Third Screen - Upload Supporting Doc- Preview/RefNo Acquiring' is: 'CRN12201800123183'

2018-12-11 16:30:05 - [TEST_STEP][PASSED] - delay: Delayed 2 second(s)

2018-12-11 16:30:07 - [MESSAGE][PASSED] - Delayed 2 second(s)

2018-12-11 16:30:07 - [TEST_STEP][PASSED] - callTestCase: Call Test Case 'Test Cases/Final Aug 2018 - PKS Automation/Common/Reference Number Setter' successfully

2018-12-11 16:30:07 - [TEST_CASE][PASSED] - Test Cases/Final Aug 2018 - PKS Automation/Common/Reference Number Setter: Test Cases/Final Aug 2018 - PKS Automation/Common/Reference Number Setter

2018-12-11 16:30:07 - [TEST_STEP][PASSED] - Statement - RefNoOldFile = new java.io.File(C://Users//Admin//Desktop//PKS//Automation Reference Point//KatalonReference.txt): null

2018-12-11 16:30:07 - [TEST_STEP][PASSED] - Statement - RefNoOldFile.delete(): null

2018-12-11 16:30:07 - [TEST_STEP][PASSED] - delay: Delayed 5 second(s)

2018-12-11 16:30:12 - [MESSAGE][PASSED] - Delayed 5 second(s)

2018-12-11 16:30:12 - [TEST_STEP][PASSED] - Statement - RefNo = new java.io.File(C://Users//Admin//Desktop//PKS//Automation Reference Point//KatalonReference.txt): null

2018-12-11 16:30:12 - [TEST_STEP][PASSED] - Statement - f2 = new java.io.FileWriter(RefNo, false): null

2018-12-11 16:30:12 - [TEST_STEP][PASSED] - Statement - f2.write(CaseReferenceNo): null

2018-12-11 16:30:12 - [TEST_STEP][PASSED] - Statement - f2.close(): null

2018-12-11 16:30:12 - [TEST_STEP][PASSED] - Statement - out.println("


" + CaseReferenceNo + "


"): null

2018-12-11 16:30:12 - [MESSAGE][PASSED] - Call Test Case 'Test Cases/Final Aug 2018 - PKS Automation/Common/Reference Number Setter' successfully

2018-12-11 16:30:12 - [TEST_STEP][PASSED] - waitForElementClickable: Object 'Object Repository/Final Object Repo/New Registration - Registration Module Pages/Third Screen - Upload Supporting Doc- Preview/Save n Continue in SIP Employee Listing Page' is clickable

2018-12-11 16:30:12 - [MESSAGE][PASSED] - Object 'Object Repository/Final Object Repo/New Registration - Registration Module Pages/Third Screen - Upload Supporting Doc- Preview/Save n Continue in SIP Employee Listing Page' is clickable

2018-12-11 16:30:12 - [TEST_STEP][PASSED] - click: Object: 'Object Repository/Final Object Repo/New Registration - Registration Module Pages/Third Screen - Upload Supporting Doc- Preview/Save n Continue in SIP Employee Listing Page' is clicked on

2018-12-11 16:30:17 - [MESSAGE][PASSED] - Object: 'Object Repository/Final Object Repo/New Registration - Registration Module Pages/Third Screen - Upload Supporting Doc- Preview/Save n Continue in SIP Employee Listing Page' is clicked on

2018-12-11 16:30:17 - [TEST_STEP][PASSED] - delay: Delayed 7 second(s)

2018-12-11 16:30:24 - [MESSAGE][PASSED] - Delayed 7 second(s)

2018-12-11 16:30:24 - [TEST_STEP][PASSED] - click: Object: 'Object Repository/Final Object Repo/New Registration - Registration Module Pages/Third Screen - Upload Supporting Doc- Preview/Add Document Button' is clicked on

2018-12-11 16:30:24 - [MESSAGE][PASSED] - Object: 'Object Repository/Final Object Repo/New Registration - Registration Module Pages/Third Screen - Upload Supporting Doc- Preview/Add Document Button' is clicked on

2018-12-11 16:30:24 - [TEST_STEP][PASSED] - delay: Delayed 30 second(s)

2018-12-11 16:30:54 - [MESSAGE][PASSED] - Delayed 30 second(s)

2018-12-11 16:30:54 - [TEST_STEP][PASSED] - click: Object: 'Object Repository/Final Object Repo/New Registration - Registration Module Pages/Third Screen - Upload Supporting Doc- Preview/Supporting Doc Please Select Drop Down' is clicked on

2018-12-11 16:30:55 - [MESSAGE][PASSED] - Object: 'Object Repository/Final Object Repo/New Registration - Registration Module Pages/Third Screen - Upload Supporting Doc- Preview/Supporting Doc Please Select Drop Down' is clicked on

2018-12-11 16:30:55 - [TEST_STEP][PASSED] - delay: Delayed 2 second(s)

2018-12-11 16:30:57 - [MESSAGE][PASSED] - Delayed 2 second(s)

2018-12-11 16:30:57 - [TEST_STEP][PASSED] - click: Object: 'Object Repository/Final Object Repo/New Registration - Registration Module Pages/Third Screen - Upload Supporting Doc- Preview/Select to Upload Form 1' is clicked on

2018-12-11 16:30:57 - [MESSAGE][PASSED] - Object: 'Object Repository/Final Object Repo/New Registration - Registration Module Pages/Third Screen - Upload Supporting Doc- Preview/Select to Upload Form 1' is clicked on

2018-12-11 16:30:57 - [TEST_STEP][PASSED] - delay: Delayed 2 second(s)

2018-12-11 16:30:59 - [MESSAGE][PASSED] - Delayed 2 second(s)

2018-12-11 16:30:59 - [TEST_STEP][PASSED] - uploadFile: File 'C:\Users\Public\Pictures\Sample Pictures\Koala.jpg' sent to object: 'Object Repository/Final Object Repo/New Registration - Registration Module Pages/Third Screen - Upload Supporting Doc- Preview/Upload File Adding'

2018-12-11 16:30:59 - [MESSAGE][PASSED] - File 'C:\Users\Public\Pictures\Sample Pictures\Koala.jpg' sent to object: 'Object Repository/Final Object Repo/New Registration - Registration Module Pages/Third Screen - Upload Supporting Doc- Preview/Upload File Adding'

2018-12-11 16:30:59 - [TEST_STEP][PASSED] - delay: Delayed 5 second(s)

2018-12-11 16:31:04 - [MESSAGE][PASSED] - Delayed 5 second(s)

2018-12-11 16:31:04 - [TEST_STEP][PASSED] - click: Object: 'Object Repository/Final Object Repo/New Registration - Registration Module Pages/Third Screen - Upload Supporting Doc- Preview/Inner Form Add Document Button' is clicked on

2018-12-11 16:31:04 - [MESSAGE][PASSED] - Object: 'Object Repository/Final Object Repo/New Registration - Registration Module Pages/Third Screen - Upload Supporting Doc- Preview/Inner Form Add Document Button' is clicked on

2018-12-11 16:31:04 - [TEST_STEP][PASSED] - delay: Delayed 3 second(s)

2018-12-11 16:31:07 - [MESSAGE][PASSED] - Delayed 3 second(s)

2018-12-11 16:31:07 - [TEST_STEP][PASSED] - click: Object: 'Object Repository/Final Object Repo/New Registration - Registration Module Pages/Third Screen - Upload Supporting Doc- Preview/Add Document Button' is clicked on

2018-12-11 16:31:08 - [MESSAGE][PASSED] - Object: 'Object Repository/Final Object Repo/New Registration - Registration Module Pages/Third Screen - Upload Supporting Doc- Preview/Add Document Button' is clicked on

2018-12-11 16:31:08 - [TEST_STEP][PASSED] - delay: Delayed 30 second(s)

2018-12-11 16:31:38 - [MESSAGE][PASSED] - Delayed 30 second(s)

2018-12-11 16:31:38 - [TEST_STEP][PASSED] - click: Object: 'Object Repository/Final Object Repo/New Registration - Registration Module Pages/Third Screen - Upload Supporting Doc- Preview/Supporting Doc Please Select Drop Down' is clicked on

2018-12-11 16:31:38 - [MESSAGE][PASSED] - Object: 'Object Repository/Final Object Repo/New Registration - Registration Module Pages/Third Screen - Upload Supporting Doc- Preview/Supporting Doc Please Select Drop Down' is clicked on

2018-12-11 16:31:38 - [TEST_STEP][PASSED] - delay: Delayed 4 second(s)

2018-12-11 16:31:42 - [MESSAGE][PASSED] - Delayed 4 second(s)

2018-12-11 16:31:42 - [TEST_STEP][PASSED] - click: Object: 'Object Repository/Final Object Repo/New Registration - Registration Module Pages/Third Screen - Upload Supporting Doc- Preview/Select to Upload Form 2' is clicked on

2018-12-11 16:31:43 - [MESSAGE][PASSED] - Object: 'Object Repository/Final Object Repo/New Registration - Registration Module Pages/Third Screen - Upload Supporting Doc- Preview/Select to Upload Form 2' is clicked on

2018-12-11 16:31:43 - [TEST_STEP][PASSED] - delay: Delayed 2 second(s)

2018-12-11 16:31:45 - [MESSAGE][PASSED] - Delayed 2 second(s)

2018-12-11 16:31:45 - [TEST_STEP][PASSED] - uploadFile: File 'C:\Users\Public\Pictures\Sample Pictures\Koala.jpg' sent to object: 'Object Repository/Final Object Repo/New Registration - Registration Module Pages/Third Screen - Upload Supporting Doc- Preview/Upload File Adding'

2018-12-11 16:31:45 - [MESSAGE][PASSED] - File 'C:\Users\Public\Pictures\Sample Pictures\Koala.jpg' sent to object: 'Object Repository/Final Object Repo/New Registration - Registration Module Pages/Third Screen - Upload Supporting Doc- Preview/Upload File Adding'

2018-12-11 16:31:45 - [TEST_STEP][PASSED] - click: Object: 'Object Repository/Final Object Repo/New Registration - Registration Module Pages/Third Screen - Upload Supporting Doc- Preview/Inner Form Add Document Button' is clicked on

2018-12-11 16:31:45 - [MESSAGE][PASSED] - Object: 'Object Repository/Final Object Repo/New Registration - Registration Module Pages/Third Screen - Upload Supporting Doc- Preview/Inner Form Add Document Button' is clicked on

2018-12-11 16:31:45 - [TEST_STEP][PASSED] - delay: Delayed 5 second(s)

2018-12-11 16:31:50 - [MESSAGE][PASSED] - Delayed 5 second(s)

2018-12-11 16:31:50 - [TEST_STEP][PASSED] - click: Object: 'Object Repository/Final Object Repo/New Registration - Registration Module Pages/Third Screen - Upload Supporting Doc- Preview/Add Document Button' is clicked on

2018-12-11 16:31:50 - [MESSAGE][PASSED] - Object: 'Object Repository/Final Object Repo/New Registration - Registration Module Pages/Third Screen - Upload Supporting Doc- Preview/Add Document Button' is clicked on

2018-12-11 16:31:50 - [TEST_STEP][PASSED] - delay: Delayed 30 second(s)

2018-12-11 16:32:20 - [MESSAGE][PASSED] - Delayed 30 second(s)

2018-12-11 16:32:20 - [TEST_STEP][PASSED] - click: Object: 'Object Repository/Final Object Repo/New Registration - Registration Module Pages/Third Screen - Upload Supporting Doc- Preview/Supporting Doc Please Select Drop Down' is clicked on

2018-12-11 16:32:20 - [MESSAGE][PASSED] - Object: 'Object Repository/Final Object Repo/New Registration - Registration Module Pages/Third Screen - Upload Supporting Doc- Preview/Supporting Doc Please Select Drop Down' is clicked on

2018-12-11 16:32:20 - [TEST_STEP][PASSED] - click: Object: 'Object Repository/Final Object Repo/New Registration - Registration Module Pages/Third Screen - Upload Supporting Doc- Preview/Select to Upload Borang SIP 1' is clicked on

2018-12-11 16:32:20 - [MESSAGE][PASSED] - Object: 'Object Repository/Final Object Repo/New Registration - Registration Module Pages/Third Screen - Upload Supporting Doc- Preview/Select to Upload Borang SIP 1' is clicked on

2018-12-11 16:32:20 - [TEST_STEP][PASSED] - delay: Delayed 2 second(s)

2018-12-11 16:32:22 - [MESSAGE][PASSED] - Delayed 2 second(s)

2018-12-11 16:32:22 - [TEST_STEP][PASSED] - uploadFile: File 'C:\Users\Public\Pictures\Sample Pictures\Koala.jpg' sent to object: 'Object Repository/Final Object Repo/New Registration - Registration Module Pages/Third Screen - Upload Supporting Doc- Preview/Upload File Adding'

2018-12-11 16:32:23 - [MESSAGE][PASSED] - File 'C:\Users\Public\Pictures\Sample Pictures\Koala.jpg' sent to object: 'Object Repository/Final Object Repo/New Registration - Registration Module Pages/Third Screen - Upload Supporting Doc- Preview/Upload File Adding'

2018-12-11 16:32:23 - [TEST_STEP][PASSED] - click: Object: 'Object Repository/Final Object Repo/New Registration - Registration Module Pages/Third Screen - Upload Supporting Doc- Preview/Inner Form Add Document Button' is clicked on

2018-12-11 16:32:23 - [MESSAGE][PASSED] - Object: 'Object Repository/Final Object Repo/New Registration - Registration Module Pages/Third Screen - Upload Supporting Doc- Preview/Inner Form Add Document Button' is clicked on

2018-12-11 16:32:23 - [TEST_STEP][PASSED] - delay: Delayed 5 second(s)

2018-12-11 16:32:28 - [MESSAGE][PASSED] - Delayed 5 second(s)

2018-12-11 16:32:28 - [TEST_STEP][PASSED] - click: Object: 'Object Repository/Final Object Repo/New Registration - Registration Module Pages/Third Screen - Upload Supporting Doc- Preview/Add Document Button' is clicked on

2018-12-11 16:32:28 - [MESSAGE][PASSED] - Object: 'Object Repository/Final Object Repo/New Registration - Registration Module Pages/Third Screen - Upload Supporting Doc- Preview/Add Document Button' is clicked on

2018-12-11 16:32:28 - [TEST_STEP][PASSED] - delay: Delayed 30 second(s)

2018-12-11 16:32:58 - [MESSAGE][PASSED] - Delayed 30 second(s)

2018-12-11 16:32:58 - [TEST_STEP][PASSED] - click: Object: 'Object Repository/Final Object Repo/New Registration - Registration Module Pages/Third Screen - Upload Supporting Doc- Preview/Supporting Doc Please Select Drop Down' is clicked on

2018-12-11 16:32:58 - [MESSAGE][PASSED] - Object: 'Object Repository/Final Object Repo/New Registration - Registration Module Pages/Third Screen - Upload Supporting Doc- Preview/Supporting Doc Please Select Drop Down' is clicked on

2018-12-11 16:32:58 - [TEST_STEP][PASSED] - delay: Delayed 3 second(s)

2018-12-11 16:33:01 - [MESSAGE][PASSED] - Delayed 3 second(s)

2018-12-11 16:33:01 - [TEST_STEP][PASSED] - click: Object: 'Object Repository/Final Object Repo/New Registration - Registration Module Pages/Third Screen - Upload Supporting Doc- Preview/Select to Upload Borang SIP 2' is clicked on

2018-12-11 16:33:01 - [MESSAGE][PASSED] - Object: 'Object Repository/Final Object Repo/New Registration - Registration Module Pages/Third Screen - Upload Supporting Doc- Preview/Select to Upload Borang SIP 2' is clicked on

2018-12-11 16:33:01 - [TEST_STEP][PASSED] - delay: Delayed 2 second(s)

2018-12-11 16:33:03 - [MESSAGE][PASSED] - Delayed 2 second(s)

2018-12-11 16:33:03 - [TEST_STEP][PASSED] - uploadFile: File 'C:\Users\Public\Pictures\Sample Pictures\Koala.jpg' sent to object: 'Object Repository/Final Object Repo/New Registration - Registration Module Pages/Third Screen - Upload Supporting Doc- Preview/Upload File Adding'

2018-12-11 16:33:03 - [MESSAGE][PASSED] - File 'C:\Users\Public\Pictures\Sample Pictures\Koala.jpg' sent to object: 'Object Repository/Final Object Repo/New Registration - Registration Module Pages/Third Screen - Upload Supporting Doc- Preview/Upload File Adding'

2018-12-11 16:33:03 - [TEST_STEP][PASSED] - delay: Delayed 5 second(s)

2018-12-11 16:33:08 - [MESSAGE][PASSED] - Delayed 5 second(s)

2018-12-11 16:33:08 - [TEST_STEP][PASSED] - click: Object: 'Object Repository/Final Object Repo/New Registration - Registration Module Pages/Third Screen - Upload Supporting Doc- Preview/Inner Form Add Document Button' is clicked on

2018-12-11 16:33:09 - [MESSAGE][PASSED] - Object: 'Object Repository/Final Object Repo/New Registration - Registration Module Pages/Third Screen - Upload Supporting Doc- Preview/Inner Form Add Document Button' is clicked on

2018-12-11 16:33:09 - [TEST_STEP][PASSED] - delay: Delayed 3 second(s)

2018-12-11 16:33:12 - [MESSAGE][PASSED] - Delayed 3 second(s)

2018-12-11 16:33:12 - [TEST_STEP][PASSED] - waitForElementClickable: Object 'Object Repository/Final Object Repo/New Registration - Registration Module Pages/Third Screen - Upload Supporting Doc- Preview/Save n Continue in Uploading Supporting Doc Page' is clickable

2018-12-11 16:33:13 - [MESSAGE][PASSED] - Object 'Object Repository/Final Object Repo/New Registration - Registration Module Pages/Third Screen - Upload Supporting Doc- Preview/Save n Continue in Uploading Supporting Doc Page' is clickable

2018-12-11 16:33:13 - [TEST_STEP][PASSED] - click: Object: 'Object Repository/Final Object Repo/New Registration - Registration Module Pages/Third Screen - Upload Supporting Doc- Preview/Save n Continue in Uploading Supporting Doc Page' is clicked on

2018-12-11 16:33:13 - [MESSAGE][PASSED] - Object: 'Object Repository/Final Object Repo/New Registration - Registration Module Pages/Third Screen - Upload Supporting Doc- Preview/Save n Continue in Uploading Supporting Doc Page' is clicked on

2018-12-11 16:33:13 - [MESSAGE][PASSED] - Call Test Case 'Test Cases/Final Aug 2018 - PKS Automation/Registration Module/New Registration/Flow of New Registration/Third Screen - Upload Supporting Doc - Preview' successfully

2018-12-11 16:33:13 - [TEST_STEP][PASSED] - callTestCase: Call Test Case 'Test Cases/Final Aug 2018 - PKS Automation/Registration Module/New Registration/Submit and Screenshot/Submit Registration and Screenshot - Copy' successfully

2018-12-11 16:33:13 - [TEST_CASE][PASSED] - Test Cases/Final Aug 2018 - PKS Automation/Registration Module/New Registration/Submit and Screenshot/Submit Registration and Screenshot - Copy: Test Cases/Final Aug 2018 - PKS Automation/Registration Module/New Registration/Submit and Screenshot/Submit Registration and Screenshot - Copy

2018-12-11 16:33:13 - [TEST_STEP][PASSED] - delay: Delayed 6 second(s)

2018-12-11 16:33:19 - [MESSAGE][PASSED] - Delayed 6 second(s)

2018-12-11 16:33:19 - [TEST_STEP][PASSED] - click: Object: 'Object Repository/Final Object Repo/New Registration - Registration Module Pages/Third Screen - Upload Supporting Doc- Preview/Preview Submit Button' is clicked on

2018-12-11 16:33:19 - [MESSAGE][PASSED] - Object: 'Object Repository/Final Object Repo/New Registration - Registration Module Pages/Third Screen - Upload Supporting Doc- Preview/Preview Submit Button' is clicked on

2018-12-11 16:33:19 - [TEST_STEP][PASSED] - delay: Delayed 2 second(s)

2018-12-11 16:33:21 - [MESSAGE][PASSED] - Delayed 2 second(s)

2018-12-11 16:33:21 - [TEST_STEP][PASSED] - click: Object: 'Object Repository/Final Object Repo/New Registration - Registration Module Pages/Third Screen - Upload Supporting Doc- Preview/Preview Submit - Confirm' is clicked on

2018-12-11 16:33:22 - [MESSAGE][PASSED] - Object: 'Object Repository/Final Object Repo/New Registration - Registration Module Pages/Third Screen - Upload Supporting Doc- Preview/Preview Submit - Confirm' is clicked on

2018-12-11 16:33:22 - [TEST_STEP][PASSED] - delay: Delayed 15 second(s)

2018-12-11 16:33:37 - [MESSAGE][PASSED] - Delayed 15 second(s)

2018-12-11 16:33:37 - [TEST_STEP][PASSED] - Statement - driver = com.kms.katalon.core.webui.driver.DriverFactory.getWebDriver(): null

2018-12-11 16:33:37 - [TEST_STEP][PASSED] - Statement - driver.manage().timeouts().implicitlyWait(10, SECONDS): null

2018-12-11 16:33:37 - [TEST_STEP][PASSED] - Statement - PresavePath = KatalonScreenshots: null

2018-12-11 16:33:37 - [TEST_STEP][PASSED] - Statement - pathPrefix = "C:\Users\Public\Pictures\Sample Pictures\Katalon Screenshots\Automate Ending Screen": null

2018-12-11 16:33:37 - [TEST_STEP][PASSED] - Statement - finalPath = <not implemented yet for class: org.codehaus.groovy.ast.expr.EmptyExpression>: null

2018-12-11 16:33:37 - [TEST_STEP][PASSED] - Statement - scrFile = driver.getScreenshotAs(FILE): null

2018-12-11 16:33:37 - [TEST_STEP][PASSED] - Statement - PreSaveFile = new java.io.File(PresavePath): null

2018-12-11 16:33:37 - [TEST_STEP][PASSED] - Statement - counter = 0: null

2018-12-11 16:33:37 - [TEST_STEP][PASSED] - Statement - If (PreSaveFile.exists()): null

2018-12-11 16:33:37 - [TEST_STEP][PASSED] - Statement - While (PreSaveFile.exists()): null

2018-12-11 16:33:37 - [TEST_STEP][PASSED] - Statement - counter = counter + 1: null

2018-12-11 16:33:37 - [TEST_STEP][PASSED] - Statement - PreSaveFile = new java.io.File(((pathPrefix + java.lang.Integer.toString(counter)) + .png)): null

2018-12-11 16:33:37 - [TEST_STEP][PASSED] - Statement - counter = counter + 1: null

2018-12-11 16:33:37 - [TEST_STEP][PASSED] - Statement - PreSaveFile = new java.io.File(((pathPrefix + java.lang.Integer.toString(counter)) + .png)): null

2018-12-11 16:33:37 - [TEST_STEP][PASSED] - Statement - counter = counter + 1: null

2018-12-11 16:33:37 - [TEST_STEP][PASSED] - Statement - PreSaveFile = new java.io.File(((pathPrefix + java.lang.Integer.toString(counter)) + .png)): null

2018-12-11 16:33:37 - [TEST_STEP][PASSED] - Statement - counter = counter + 1: null

2018-12-11 16:33:37 - [TEST_STEP][PASSED] - Statement - PreSaveFile = new java.io.File(((pathPrefix + java.lang.Integer.toString(counter)) + .png)): null

2018-12-11 16:33:37 - [TEST_STEP][PASSED] - Statement - counter = counter + 1: null

2018-12-11 16:33:37 - [TEST_STEP][PASSED] - Statement - PreSaveFile = new java.io.File(((pathPrefix + java.lang.Integer.toString(counter)) + .png)): null

2018-12-11 16:33:37 - [TEST_STEP][PASSED] - Statement - counter = counter + 1: null

2018-12-11 16:33:37 - [TEST_STEP][PASSED] - Statement - PreSaveFile = new java.io.File(((pathPrefix + java.lang.Integer.toString(counter)) + .png)): null

2018-12-11 16:33:37 - [TEST_STEP][PASSED] - Statement - counter = counter + 1: null

2018-12-11 16:33:37 - [TEST_STEP][PASSED] - Statement - PreSaveFile = new java.io.File(((pathPrefix + java.lang.Integer.toString(counter)) + .png)): null

2018-12-11 16:33:37 - [TEST_STEP][PASSED] - Statement - counter = counter + 1: null

2018-12-11 16:33:37 - [TEST_STEP][PASSED] - Statement - PreSaveFile = new java.io.File(((pathPrefix + java.lang.Integer.toString(counter)) + .png)): null

2018-12-11 16:33:37 - [TEST_STEP][PASSED] - Statement - counter = counter + 1: null

2018-12-11 16:33:37 - [TEST_STEP][PASSED] - Statement - PreSaveFile = new java.io.File(((pathPrefix + java.lang.Integer.toString(counter)) + .png)): null

2018-12-11 16:33:37 - [TEST_STEP][PASSED] - Statement - counter = counter + 1: null

2018-12-11 16:33:37 - [TEST_STEP][PASSED] - Statement - PreSaveFile = new java.io.File(((pathPrefix + java.lang.Integer.toString(counter)) + .png)): null

2018-12-11 16:33:37 - [TEST_STEP][PASSED] - Statement - counter = counter + 1: null

2018-12-11 16:33:37 - [TEST_STEP][PASSED] - Statement - PreSaveFile = new java.io.File(((pathPrefix + java.lang.Integer.toString(counter)) + .png)): null

2018-12-11 16:33:37 - [TEST_STEP][PASSED] - Statement - counter = counter + 1: null

2018-12-11 16:33:37 - [TEST_STEP][PASSED] - Statement - PreSaveFile = new java.io.File(((pathPrefix + java.lang.Integer.toString(counter)) + .png)): null

2018-12-11 16:33:37 - [TEST_STEP][PASSED] - Statement - counter = counter + 1: null

2018-12-11 16:33:37 - [TEST_STEP][PASSED] - Statement - PreSaveFile = new java.io.File(((pathPrefix + java.lang.Integer.toString(counter)) + .png)): null

2018-12-11 16:33:37 - [TEST_STEP][PASSED] - Statement - counter = counter + 1: null

2018-12-11 16:33:37 - [TEST_STEP][PASSED] - Statement - PreSaveFile = new java.io.File(((pathPrefix + java.lang.Integer.toString(counter)) + .png)): null

2018-12-11 16:33:37 - [TEST_STEP][PASSED] - Statement - counter = counter + 1: null

2018-12-11 16:33:37 - [TEST_STEP][PASSED] - Statement - PreSaveFile = new java.io.File(((pathPrefix + java.lang.Integer.toString(counter)) + .png)): null

2018-12-11 16:33:37 - [TEST_STEP][PASSED] - Statement - counter = counter + 1: null

2018-12-11 16:33:37 - [TEST_STEP][PASSED] - Statement - PreSaveFile = new java.io.File(((pathPrefix + java.lang.Integer.toString(counter)) + .png)): null

2018-12-11 16:33:37 - [TEST_STEP][PASSED] - Statement - counter = counter + 1: null

2018-12-11 16:33:37 - [TEST_STEP][PASSED] - Statement - PreSaveFile = new java.io.File(((pathPrefix + java.lang.Integer.toString(counter)) + .png)): null

2018-12-11 16:33:37 - [TEST_STEP][PASSED] - Statement - counter = counter + 1: null

2018-12-11 16:33:37 - [TEST_STEP][PASSED] - Statement - PreSaveFile = new java.io.File(((pathPrefix + java.lang.Integer.toString(counter)) + .png)): null

2018-12-11 16:33:37 - [TEST_STEP][PASSED] - Statement - counter = counter + 1: null

2018-12-11 16:33:37 - [TEST_STEP][PASSED] - Statement - PreSaveFile = new java.io.File(((pathPrefix + java.lang.Integer.toString(counter)) + .png)): null

2018-12-11 16:33:37 - [TEST_STEP][PASSED] - Statement - counter = counter + 1: null

2018-12-11 16:33:37 - [TEST_STEP][PASSED] - Statement - PreSaveFile = new java.io.File(((pathPrefix + java.lang.Integer.toString(counter)) + .png)): null

2018-12-11 16:33:37 - [TEST_STEP][PASSED] - Statement - counter = counter + 1: null

2018-12-11 16:33:37 - [TEST_STEP][PASSED] - Statement - PreSaveFile = new java.io.File(((pathPrefix + java.lang.Integer.toString(counter)) + .png)): null

2018-12-11 16:33:37 - [TEST_STEP][PASSED] - Statement - counter = counter + 1: null

2018-12-11 16:33:37 - [TEST_STEP][PASSED] - Statement - PreSaveFile = new java.io.File(((pathPrefix + java.lang.Integer.toString(counter)) + .png)): null

2018-12-11 16:33:37 - [TEST_STEP][PASSED] - Statement - counter = counter + 1: null

2018-12-11 16:33:37 - [TEST_STEP][PASSED] - Statement - PreSaveFile = new java.io.File(((pathPrefix + java.lang.Integer.toString(counter)) + .png)): null

2018-12-11 16:33:37 - [TEST_STEP][PASSED] - Statement - counter = counter + 1: null

2018-12-11 16:33:37 - [TEST_STEP][PASSED] - Statement - PreSaveFile = new java.io.File(((pathPrefix + java.lang.Integer.toString(counter)) + .png)): null

2018-12-11 16:33:37 - [TEST_STEP][PASSED] - Statement - counter = counter + 1: null

2018-12-11 16:33:37 - [TEST_STEP][PASSED] - Statement - PreSaveFile = new java.io.File(((pathPrefix + java.lang.Integer.toString(counter)) + .png)): null

2018-12-11 16:33:37 - [TEST_STEP][PASSED] - Statement - counter = counter + 1: null

2018-12-11 16:33:37 - [TEST_STEP][PASSED] - Statement - PreSaveFile = new java.io.File(((pathPrefix + java.lang.Integer.toString(counter)) + .png)): null

2018-12-11 16:33:37 - [TEST_STEP][PASSED] - Statement - counter = counter + 1: null

2018-12-11 16:33:37 - [TEST_STEP][PASSED] - Statement - PreSaveFile = new java.io.File(((pathPrefix + java.lang.Integer.toString(counter)) + .png)): null

2018-12-11 16:33:37 - [TEST_STEP][PASSED] - Statement - counter = counter + 1: null

2018-12-11 16:33:37 - [TEST_STEP][PASSED] - Statement - PreSaveFile = new java.io.File(((pathPrefix + java.lang.Integer.toString(counter)) + .png)): null

2018-12-11 16:33:37 - [TEST_STEP][PASSED] - Statement - counter = counter + 1: null

2018-12-11 16:33:37 - [TEST_STEP][PASSED] - Statement - PreSaveFile = new java.io.File(((pathPrefix + java.lang.Integer.toString(counter)) + .png)): null

2018-12-11 16:33:37 - [TEST_STEP][PASSED] - Statement - counter = counter + 1: null

2018-12-11 16:33:37 - [TEST_STEP][PASSED] - Statement - PreSaveFile = new java.io.File(((pathPrefix + java.lang.Integer.toString(counter)) + .png)): null

2018-12-11 16:33:37 - [TEST_STEP][PASSED] - Statement - counter = counter + 1: null

2018-12-11 16:33:37 - [TEST_STEP][PASSED] - Statement - PreSaveFile = new java.io.File(((pathPrefix + java.lang.Integer.toString(counter)) + .png)): null

2018-12-11 16:33:37 - [TEST_STEP][PASSED] - Statement - counter = counter + 1: null

2018-12-11 16:33:37 - [TEST_STEP][PASSED] - Statement - PreSaveFile = new java.io.File(((pathPrefix + java.lang.Integer.toString(counter)) + .png)): null

2018-12-11 16:33:37 - [TEST_STEP][PASSED] - Statement - counter = counter + 1: null

2018-12-11 16:33:37 - [TEST_STEP][PASSED] - Statement - PreSaveFile = new java.io.File(((pathPrefix + java.lang.Integer.toString(counter)) + .png)): null

2018-12-11 16:33:37 - [TEST_STEP][PASSED] - Statement - counter = counter + 1: null

2018-12-11 16:33:37 - [TEST_STEP][PASSED] - Statement - PreSaveFile = new java.io.File(((pathPrefix + java.lang.Integer.toString(counter)) + .png)): null

2018-12-11 16:33:37 - [TEST_STEP][PASSED] - Statement - counter = counter + 1: null

2018-12-11 16:33:37 - [TEST_STEP][PASSED] - Statement - PreSaveFile = new java.io.File(((pathPrefix + java.lang.Integer.toString(counter)) + .png)): null

2018-12-11 16:33:37 - [TEST_STEP][PASSED] - Statement - counter = counter + 1: null

2018-12-11 16:33:37 - [TEST_STEP][PASSED] - Statement - PreSaveFile = new java.io.File(((pathPrefix + java.lang.Integer.toString(counter)) + .png)): null

2018-12-11 16:33:37 - [TEST_STEP][PASSED] - Statement - counter = counter + 1: null

2018-12-11 16:33:37 - [TEST_STEP][PASSED] - Statement - PreSaveFile = new java.io.File(((pathPrefix + java.lang.Integer.toString(counter)) + .png)): null

2018-12-11 16:33:37 - [TEST_STEP][PASSED] - Statement - counter = counter + 1: null

2018-12-11 16:33:37 - [TEST_STEP][PASSED] - Statement - PreSaveFile = new java.io.File(((pathPrefix + java.lang.Integer.toString(counter)) + .png)): null

2018-12-11 16:33:37 - [TEST_STEP][PASSED] - Statement - counter = counter + 1: null

2018-12-11 16:33:37 - [TEST_STEP][PASSED] - Statement - PreSaveFile = new java.io.File(((pathPrefix + java.lang.Integer.toString(counter)) + .png)): null

2018-12-11 16:33:37 - [TEST_STEP][PASSED] - Statement - counter = counter + 1: null

2018-12-11 16:33:37 - [TEST_STEP][PASSED] - Statement - PreSaveFile = new java.io.File(((pathPrefix + java.lang.Integer.toString(counter)) + .png)): null

2018-12-11 16:33:37 - [TEST_STEP][PASSED] - Statement - counter = counter + 1: null

2018-12-11 16:33:37 - [TEST_STEP][PASSED] - Statement - PreSaveFile = new java.io.File(((pathPrefix + java.lang.Integer.toString(counter)) + .png)): null

2018-12-11 16:33:37 - [TEST_STEP][PASSED] - Statement - counter = counter + 1: null

2018-12-11 16:33:37 - [TEST_STEP][PASSED] - Statement - PreSaveFile = new java.io.File(((pathPrefix + java.lang.Integer.toString(counter)) + .png)): null

2018-12-11 16:33:37 - [TEST_STEP][PASSED] - Statement - counter = counter + 1: null

2018-12-11 16:33:37 - [TEST_STEP][PASSED] - Statement - PreSaveFile = new java.io.File(((pathPrefix + java.lang.Integer.toString(counter)) + .png)): null

2018-12-11 16:33:37 - [TEST_STEP][PASSED] - Statement - counter = counter + 1: null

2018-12-11 16:33:37 - [TEST_STEP][PASSED] - Statement - PreSaveFile = new java.io.File(((pathPrefix + java.lang.Integer.toString(counter)) + .png)): null

2018-12-11 16:33:37 - [TEST_STEP][PASSED] - Statement - counter = counter + 1: null

2018-12-11 16:33:37 - [TEST_STEP][PASSED] - Statement - PreSaveFile = new java.io.File(((pathPrefix + java.lang.Integer.toString(counter)) + .png)): null

2018-12-11 16:33:37 - [TEST_STEP][PASSED] - Statement - counter = counter + 1: null

2018-12-11 16:33:37 - [TEST_STEP][PASSED] - Statement - PreSaveFile = new java.io.File(((pathPrefix + java.lang.Integer.toString(counter)) + .png)): null

2018-12-11 16:33:37 - [TEST_STEP][PASSED] - Statement - counter = counter + 1: null

2018-12-11 16:33:37 - [TEST_STEP][PASSED] - Statement - PreSaveFile = new java.io.File(((pathPrefix + java.lang.Integer.toString(counter)) + .png)): null

2018-12-11 16:33:37 - [TEST_STEP][PASSED] - Statement - counter = counter + 1: null

2018-12-11 16:33:37 - [TEST_STEP][PASSED] - Statement - PreSaveFile = new java.io.File(((pathPrefix + java.lang.Integer.toString(counter)) + .png)): null

2018-12-11 16:33:37 - [TEST_STEP][PASSED] - Statement - counter = counter + 1: null

2018-12-11 16:33:37 - [TEST_STEP][PASSED] - Statement - PreSaveFile = new java.io.File(((pathPrefix + java.lang.Integer.toString(counter)) + .png)): null

2018-12-11 16:33:37 - [TEST_STEP][PASSED] - Statement - counter = counter + 1: null

2018-12-11 16:33:37 - [TEST_STEP][PASSED] - Statement - PreSaveFile = new java.io.File(((pathPrefix + java.lang.Integer.toString(counter)) + .png)): null

2018-12-11 16:33:37 - [TEST_STEP][PASSED] - Statement - counter = counter + 1: null

2018-12-11 16:33:37 - [TEST_STEP][PASSED] - Statement - PreSaveFile = new java.io.File(((pathPrefix + java.lang.Integer.toString(counter)) + .png)): null

2018-12-11 16:33:37 - [TEST_STEP][PASSED] - Statement - counter = counter + 1: null

2018-12-11 16:33:37 - [TEST_STEP][PASSED] - Statement - PreSaveFile = new java.io.File(((pathPrefix + java.lang.Integer.toString(counter)) + .png)): null

2018-12-11 16:33:37 - [TEST_STEP][PASSED] - Statement - counter = counter + 1: null

2018-12-11 16:33:37 - [TEST_STEP][PASSED] - Statement - PreSaveFile = new java.io.File(((pathPrefix + java.lang.Integer.toString(counter)) + .png)): null

2018-12-11 16:33:37 - [TEST_STEP][PASSED] - Statement - counter = counter + 1: null

2018-12-11 16:33:37 - [TEST_STEP][PASSED] - Statement - PreSaveFile = new java.io.File(((pathPrefix + java.lang.Integer.toString(counter)) + .png)): null

2018-12-11 16:33:37 - [TEST_STEP][PASSED] - Statement - counter = counter + 1: null

2018-12-11 16:33:37 - [TEST_STEP][PASSED] - Statement - PreSaveFile = new java.io.File(((pathPrefix + java.lang.Integer.toString(counter)) + .png)): null

2018-12-11 16:33:37 - [TEST_STEP][PASSED] - Statement - counter = counter + 1: null

2018-12-11 16:33:37 - [TEST_STEP][PASSED] - Statement - PreSaveFile = new java.io.File(((pathPrefix + java.lang.Integer.toString(counter)) + .png)): null

2018-12-11 16:33:37 - [TEST_STEP][PASSED] - Statement - counter = counter + 1: null

2018-12-11 16:33:37 - [TEST_STEP][PASSED] - Statement - PreSaveFile = new java.io.File(((pathPrefix + java.lang.Integer.toString(counter)) + .png)): null

2018-12-11 16:33:37 - [TEST_STEP][PASSED] - Statement - counter = counter + 1: null

2018-12-11 16:33:37 - [TEST_STEP][PASSED] - Statement - PreSaveFile = new java.io.File(((pathPrefix + java.lang.Integer.toString(counter)) + .png)): null

2018-12-11 16:33:37 - [TEST_STEP][PASSED] - Statement - counter = counter + 1: null

2018-12-11 16:33:37 - [TEST_STEP][PASSED] - Statement - PreSaveFile = new java.io.File(((pathPrefix + java.lang.Integer.toString(counter)) + .png)): null

2018-12-11 16:33:37 - [TEST_STEP][PASSED] - Statement - counter = counter + 1: null

2018-12-11 16:33:37 - [TEST_STEP][PASSED] - Statement - PreSaveFile = new java.io.File(((pathPrefix + java.lang.Integer.toString(counter)) + .png)): null

2018-12-11 16:33:37 - [TEST_STEP][PASSED] - Statement - counter = counter + 1: null

2018-12-11 16:33:37 - [TEST_STEP][PASSED] - Statement - PreSaveFile = new java.io.File(((pathPrefix + java.lang.Integer.toString(counter)) + .png)): null

2018-12-11 16:33:37 - [TEST_STEP][PASSED] - Statement - counter = counter + 1: null

2018-12-11 16:33:37 - [TEST_STEP][PASSED] - Statement - PreSaveFile = new java.io.File(((pathPrefix + java.lang.Integer.toString(counter)) + .png)): null

2018-12-11 16:33:37 - [TEST_STEP][PASSED] - Statement - counter = counter + 1: null

2018-12-11 16:33:37 - [TEST_STEP][PASSED] - Statement - PreSaveFile = new java.io.File(((pathPrefix + java.lang.Integer.toString(counter)) + .png)): null

2018-12-11 16:33:37 - [TEST_STEP][PASSED] - Statement - counter = counter + 1: null

2018-12-11 16:33:37 - [TEST_STEP][PASSED] - Statement - PreSaveFile = new java.io.File(((pathPrefix + java.lang.Integer.toString(counter)) + .png)): null

2018-12-11 16:33:37 - [TEST_STEP][PASSED] - Statement - counter = counter + 1: null

2018-12-11 16:33:37 - [TEST_STEP][PASSED] - Statement - PreSaveFile = new java.io.File(((pathPrefix + java.lang.Integer.toString(counter)) + .png)): null

2018-12-11 16:33:37 - [TEST_STEP][PASSED] - Statement - counter = counter + 1: null

2018-12-11 16:33:37 - [TEST_STEP][PASSED] - Statement - PreSaveFile = new java.io.File(((pathPrefix + java.lang.Integer.toString(counter)) + .png)): null

2018-12-11 16:33:37 - [TEST_STEP][PASSED] - Statement - counter = counter + 1: null

2018-12-11 16:33:37 - [TEST_STEP][PASSED] - Statement - PreSaveFile = new java.io.File(((pathPrefix + java.lang.Integer.toString(counter)) + .png)): null

2018-12-11 16:33:37 - [TEST_STEP][PASSED] - Statement - counter = counter + 1: null

2018-12-11 16:33:37 - [TEST_STEP][PASSED] - Statement - PreSaveFile = new java.io.File(((pathPrefix + java.lang.Integer.toString(counter)) + .png)): null

2018-12-11 16:33:37 - [TEST_STEP][PASSED] - Statement - counter = counter + 1: null

2018-12-11 16:33:37 - [TEST_STEP][PASSED] - Statement - PreSaveFile = new java.io.File(((pathPrefix + java.lang.Integer.toString(counter)) + .png)): null

2018-12-11 16:33:37 - [TEST_STEP][PASSED] - Statement - counter = counter + 1: null

2018-12-11 16:33:37 - [TEST_STEP][PASSED] - Statement - PreSaveFile = new java.io.File(((pathPrefix + java.lang.Integer.toString(counter)) + .png)): null

2018-12-11 16:33:37 - [TEST_STEP][PASSED] - Statement - counter = counter + 1: null

2018-12-11 16:33:37 - [TEST_STEP][PASSED] - Statement - PreSaveFile = new java.io.File(((pathPrefix + java.lang.Integer.toString(counter)) + .png)): null

2018-12-11 16:33:37 - [TEST_STEP][PASSED] - Statement - counter = counter + 1: null

2018-12-11 16:33:37 - [TEST_STEP][PASSED] - Statement - PreSaveFile = new java.io.File(((pathPrefix + java.lang.Integer.toString(counter)) + .png)): null

2018-12-11 16:33:37 - [TEST_STEP][PASSED] - Statement - counter = counter + 1: null

2018-12-11 16:33:37 - [TEST_STEP][PASSED] - Statement - PreSaveFile = new java.io.File(((pathPrefix + java.lang.Integer.toString(counter)) + .png)): null

2018-12-11 16:33:37 - [TEST_STEP][PASSED] - Statement - counter = counter + 1: null

2018-12-11 16:33:37 - [TEST_STEP][PASSED] - Statement - PreSaveFile = new java.io.File(((pathPrefix + java.lang.Integer.toString(counter)) + .png)): null

2018-12-11 16:33:37 - [TEST_STEP][PASSED] - Statement - counter = counter + 1: null

2018-12-11 16:33:37 - [TEST_STEP][PASSED] - Statement - PreSaveFile = new java.io.File(((pathPrefix + java.lang.Integer.toString(counter)) + .png)): null

2018-12-11 16:33:37 - [TEST_STEP][PASSED] - Statement - counter = counter + 1: null

2018-12-11 16:33:37 - [TEST_STEP][PASSED] - Statement - PreSaveFile = new java.io.File(((pathPrefix + java.lang.Integer.toString(counter)) + .png)): null

2018-12-11 16:33:37 - [TEST_STEP][PASSED] - Statement - counter = counter + 1: null

2018-12-11 16:33:37 - [TEST_STEP][PASSED] - Statement - PreSaveFile = new java.io.File(((pathPrefix + java.lang.Integer.toString(counter)) + .png)): null

2018-12-11 16:33:37 - [TEST_STEP][PASSED] - Statement - counter = counter + 1: null

2018-12-11 16:33:37 - [TEST_STEP][PASSED] - Statement - PreSaveFile = new java.io.File(((pathPrefix + java.lang.Integer.toString(counter)) + .png)): null

2018-12-11 16:33:37 - [TEST_STEP][PASSED] - Statement - counter = counter + 1: null

2018-12-11 16:33:37 - [TEST_STEP][PASSED] - Statement - PreSaveFile = new java.io.File(((pathPrefix + java.lang.Integer.toString(counter)) + .png)): null

2018-12-11 16:33:37 - [TEST_STEP][PASSED] - Statement - counter = counter + 1: null

2018-12-11 16:33:37 - [TEST_STEP][PASSED] - Statement - PreSaveFile = new java.io.File(((pathPrefix + java.lang.Integer.toString(counter)) + .png)): null

2018-12-11 16:33:37 - [TEST_STEP][PASSED] - Statement - counter = counter + 1: null

2018-12-11 16:33:37 - [TEST_STEP][PASSED] - Statement - PreSaveFile = new java.io.File(((pathPrefix + java.lang.Integer.toString(counter)) + .png)): null

2018-12-11 16:33:37 - [TEST_STEP][PASSED] - Statement - counter = counter + 1: null

2018-12-11 16:33:37 - [TEST_STEP][PASSED] - Statement - PreSaveFile = new java.io.File(((pathPrefix + java.lang.Integer.toString(counter)) + .png)): null

2018-12-11 16:33:37 - [TEST_STEP][PASSED] - Statement - counter = counter + 1: null

2018-12-11 16:33:37 - [TEST_STEP][PASSED] - Statement - PreSaveFile = new java.io.File(((pathPrefix + java.lang.Integer.toString(counter)) + .png)): null

2018-12-11 16:33:37 - [TEST_STEP][PASSED] - Statement - counter = counter + 1: null

2018-12-11 16:33:37 - [TEST_STEP][PASSED] - Statement - PreSaveFile = new java.io.File(((pathPrefix + java.lang.Integer.toString(counter)) + .png)): null

2018-12-11 16:33:37 - [TEST_STEP][PASSED] - Statement - counter = counter + 1: null

2018-12-11 16:33:37 - [TEST_STEP][PASSED] - Statement - PreSaveFile = new java.io.File(((pathPrefix + java.lang.Integer.toString(counter)) + .png)): null

2018-12-11 16:33:37 - [TEST_STEP][PASSED] - Statement - finalPath = pathPrefix + java.lang.Integer.toString(counter) + ".png": null

2018-12-11 16:33:37 - [TEST_STEP][PASSED] - Statement - SaveFile = new java.io.File(finalPath): null

2018-12-11 16:33:37 - [TEST_STEP][PASSED] - Statement - Try: null

2018-12-11 16:33:37 - [TEST_STEP][PASSED] - Statement - org.apache.commons.io.FileUtils.copyFile(scrFile, SaveFile): null

2018-12-11 16:33:37 - [TEST_STEP][PASSED] - Statement - out.println("file kept"): null

2018-12-11 16:33:37 - [TEST_STEP][PASSED] - delay: Delayed 10 second(s)

2018-12-11 16:33:47 - [MESSAGE][PASSED] - Delayed 10 second(s)

2018-12-11 16:33:47 - [MESSAGE][PASSED] - Call Test Case 'Test Cases/Final Aug 2018 - PKS Automation/Registration Module/New Registration/Submit and Screenshot/Submit Registration and Screenshot - Copy' successfully

2018-12-11 16:33:47 - [TEST_STEP][PASSED] - Statement - UpdateAddNewECode = com.kms.katalon.core.webui.keyword.WebUiBuiltInKeywords.getText(com.kms.katalon.core.testobject.ObjectRepository.findTestObject(Object Repository/Final Object Repo/Page_Update Add New Employee - ASSIST/getEmpCode)): Text of object 'Object Repository/Final Object Repo/Page_Update Add New Employee - ASSIST/getEmpCode' is: 'E1102070760P'

2018-12-11 16:33:47 - [MESSAGE][PASSED] - Text of object 'Object Repository/Final Object Repo/Page_Update Add New Employee - ASSIST/getEmpCode' is: 'E1102070760P'

2018-12-11 16:33:47 - [TEST_STEP][PASSED] - callTestCase: Call Test Case 'Test Cases/Final Aug 2018 - PKS Automation/Common/Emp Code Setter' successfully

2018-12-11 16:33:47 - [TEST_CASE][PASSED] - Test Cases/Final Aug 2018 - PKS Automation/Common/Emp Code Setter: Test Cases/Final Aug 2018 - PKS Automation/Common/Emp Code Setter

2018-12-11 16:33:47 - [TEST_STEP][PASSED] - Statement - EmpCodeOld = new java.io.File(C://Users//Admin//Desktop//PKS//Automation Reference Point//EmpCode.txt): null

2018-12-11 16:33:47 - [TEST_STEP][PASSED] - Statement - EmpCodeOld.delete(): null

2018-12-11 16:33:47 - [TEST_STEP][PASSED] - Statement - EmpCode = new java.io.File(C://Users//Admin//Desktop//PKS//Automation Reference Point//EmpCode.txt): null

2018-12-11 16:33:47 - [TEST_STEP][PASSED] - Statement - f2 = new java.io.FileWriter(EmpCode, false): null

2018-12-11 16:33:47 - [TEST_STEP][PASSED] - Statement - f2.write(UpdateAddNewECode): null

2018-12-11 16:33:47 - [TEST_STEP][PASSED] - Statement - f2.close(): null

2018-12-11 16:33:47 - [TEST_STEP][PASSED] - Statement - out.println("


" + UpdateAddNewECode + "


"): null

2018-12-11 16:33:47 - [MESSAGE][PASSED] - Call Test Case 'Test Cases/Final Aug 2018 - PKS Automation/Common/Emp Code Setter' successfully

2018-12-11 16:33:47 - [MESSAGE][PASSED] - Call Test Case 'Test Cases/Final Aug 2018 - PKS Automation/Registration Module/Workflow/Update Add New Employee/Template/New Company for Update Add New' successfully

2018-12-11 16:33:47 - [TEST_STEP][PASSED] - callTestCase: Call Test Case 'Test Cases/Final Aug 2018 - PKS Automation/Registration Module/Log Out/log out avoiding katalon tagging' successfully

2018-12-11 16:33:47 - [TEST_CASE][PASSED] - Test Cases/Final Aug 2018 - PKS Automation/Registration Module/Log Out/log out avoiding katalon tagging: Test Cases/Final Aug 2018 - PKS Automation/Registration Module/Log Out/log out avoiding katalon tagging

2018-12-11 16:33:47 - [TEST_STEP][PASSED] - navigateToUrl: Navigate to 'https://assist2-uat.perkeso.gov.my/c/portal/logout' successfully

2018-12-11 16:33:49 - [MESSAGE][PASSED] - Navigate to 'https://assist2-uat.perkeso.gov.my/c/portal/logout' successfully

2018-12-11 16:33:49 - [MESSAGE][PASSED] - Call Test Case 'Test Cases/Final Aug 2018 - PKS Automation/Registration Module/Log Out/log out avoiding katalon tagging' successfully

2018-12-11 16:33:49 - [TEST_STEP][PASSED] - callTestCase: Call Test Case 'Test Cases/Final Aug 2018 - PKS Automation/Registration Module/New Registration/Form 2/Date Updater' successfully

2018-12-11 16:33:49 - [TEST_CASE][PASSED] - Test Cases/Final Aug 2018 - PKS Automation/Registration Module/New Registration/Form 2/Date Updater: Test Cases/Final Aug 2018 - PKS Automation/Registration Module/New Registration/Form 2/Date Updater

2018-12-11 16:33:49 - [TEST_STEP][PASSED] - Statement - TodayDate = new java.util.Date(): null

2018-12-11 16:33:49 - [TEST_STEP][PASSED] - Statement - CurrentDateNoFilter = new java.text.SimpleDateFormat(): null

2018-12-11 16:33:49 - [TEST_STEP][PASSED] - Statement - CurrentDateNoFilter.applyPattern("MM"): null

2018-12-11 16:33:49 - [TEST_STEP][PASSED] - Statement - monthContainerMatcher = java.lang.Integer.parseInt(CurrentDateNoFilter.format(TodayDate)): null

2018-12-11 16:33:49 - [TEST_STEP][PASSED] - Statement - monthContainerMatcher = monthContainerMatcher - 1: null

2018-12-11 16:33:49 - [TEST_STEP][PASSED] - Statement - CurrentMonth = monthContainerMatcher.toString(): null

2018-12-11 16:33:49 - [TEST_STEP][PASSED] - Statement - CurrentMonth = CurrentMonth: null

2018-12-11 16:33:49 - [TEST_STEP][PASSED] - Statement - CurrentDateNoFilter.applyPattern("yyyy"): null

2018-12-11 16:33:49 - [TEST_STEP][PASSED] - Statement - CurrentYear = CurrentDateNoFilter.format(TodayDate): null

2018-12-11 16:33:49 - [TEST_STEP][PASSED] - Statement - CurrentYear = CurrentYear: null

2018-12-11 16:33:49 - [TEST_STEP][PASSED] - Statement - intCurrentYear = java.lang.Integer.parseInt(CurrentDateNoFilter.format(TodayDate)): null

2018-12-11 16:33:49 - [TEST_STEP][PASSED] - Statement - eighteenYrsAgo = intCurrentYear - 18: null

2018-12-11 16:33:49 - [TEST_STEP][PASSED] - Statement - eighteenYrsBeforeThisYr = eighteenYrsAgo.toString(): null

2018-12-11 16:33:49 - [TEST_STEP][PASSED] - Statement - EighteenYrsBefore = eighteenYrsBeforeThisYr: null

2018-12-11 16:33:49 - [TEST_STEP][PASSED] - Statement - fiftysevenYrsAgo = intCurrentYear - 57: null

2018-12-11 16:33:49 - [TEST_STEP][PASSED] - Statement - fiftysevenYrsBeforeThisYr = fiftysevenYrsAgo.toString(): null

2018-12-11 16:33:49 - [TEST_STEP][PASSED] - Statement - FiftysevenYrsBefore = fiftysevenYrsBeforeThisYr: null

2018-12-11 16:33:49 - [TEST_STEP][PASSED] - Statement - leapYear = false: null

2018-12-11 16:33:49 - [TEST_STEP][PASSED] - Statement - leapYear = intCurrentYear % 4 == 0: null

2018-12-11 16:33:49 - [TEST_STEP][PASSED] - Statement - CurrentDateNoFilter.applyPattern("dd"): null

2018-12-11 16:33:49 - [TEST_STEP][PASSED] - Statement - CurrentDate = CurrentDateNoFilter.format(TodayDate): null

2018-12-11 16:33:49 - [TEST_STEP][PASSED] - Statement - CurrentDate = java.lang.Integer.parseInt(CurrentDate): null

2018-12-11 16:33:49 - [TEST_STEP][PASSED] - Statement - CurrentDate = CurrentDate: null

2018-12-11 16:33:49 - [TEST_STEP][PASSED] - Statement - CurrentDay = java.lang.Integer.parseInt(CurrentDate): null

2018-12-11 16:33:49 - [TEST_STEP][PASSED] - Statement - ConfAdder = <not implemented yet for class: org.codehaus.groovy.ast.expr.EmptyExpression>: null

2018-12-11 16:33:49 - [TEST_STEP][PASSED] - Statement - out.println(CurrentMonth): null

2018-12-11 16:33:49 - [TEST_STEP][PASSED] - Statement - out.println(CurrentDate): null

2018-12-11 16:33:49 - [TEST_STEP][PASSED] - Statement - switch (CurrentDate): null

2018-12-11 16:33:49 - [TEST_STEP][PASSED] - Statement - Default: null

2018-12-11 16:33:49 - [TEST_STEP][PASSED] - Statement - ConfAdder = true: null

2018-12-11 16:33:49 - [TEST_STEP][PASSED] - Statement - Break: null

2018-12-11 16:33:49 - [TEST_STEP][PASSED] - Statement - aDayBefore = <not implemented yet for class: org.codehaus.groovy.ast.expr.EmptyExpression>: null

2018-12-11 16:33:49 - [TEST_STEP][PASSED] - Statement - out.println(ConfAdder): null

2018-12-11 16:33:49 - [TEST_STEP][PASSED] - Statement - If (ConfAdder == true): null

2018-12-11 16:33:49 - [TEST_STEP][PASSED] - Statement - aDayBefore = CurrentDay + 1: null

2018-12-11 16:33:49 - [TEST_STEP][PASSED] - Statement - out.println(aDayBefore): null

2018-12-11 16:33:49 - [TEST_STEP][PASSED] - Statement - If (aDayBefore == 1 && CurrentMonth == 11): null

2018-12-11 16:33:49 - [TEST_STEP][PASSED] - Statement - DayBefore = aDayBefore.toString(): null

2018-12-11 16:33:49 - [TEST_STEP][PASSED] - Statement - OneDayBefore = DayBefore: null

2018-12-11 16:33:49 - [MESSAGE][PASSED] - Call Test Case 'Test Cases/Final Aug 2018 - PKS Automation/Registration Module/New Registration/Form 2/Date Updater' successfully

2018-12-11 16:33:49 - [TEST_STEP][PASSED] - delay: Delayed 2 second(s)

2018-12-11 16:33:51 - [MESSAGE][PASSED] - Delayed 2 second(s)

2018-12-11 16:33:51 - [TEST_STEP][PASSED] - setText: Text 'klotc2@gmail.com' is set on object 'Object Repository/Final Object Repo/Page_Update Add New Employee - ASSIST/Email TextBox'

2018-12-11 16:33:51 - [MESSAGE][PASSED] - Text 'klotc2@gmail.com' is set on object 'Object Repository/Final Object Repo/Page_Update Add New Employee - ASSIST/Email TextBox'

2018-12-11 16:33:51 - [TEST_STEP][PASSED] - click: Object: 'Object Repository/Final Object Repo/Page_Update Add New Employee - ASSIST/Next Button' is clicked on

2018-12-11 16:33:51 - [MESSAGE][PASSED] - Object: 'Object Repository/Final Object Repo/Page_Update Add New Employee - ASSIST/Next Button' is clicked on

2018-12-11 16:33:51 - [TEST_STEP][PASSED] - delay: Delayed 2 second(s)

2018-12-11 16:33:53 - [MESSAGE][PASSED] - Delayed 2 second(s)

2018-12-11 16:33:53 - [TEST_STEP][PASSED] - setText: Text 'Test1@3456789' is set on object 'Object Repository/Final Object Repo/Page_Update Add New Employee - ASSIST/Password TextBox'

2018-12-11 16:33:54 - [MESSAGE][PASSED] - Text 'Test1@3456789' is set on object 'Object Repository/Final Object Repo/Page_Update Add New Employee - ASSIST/Password TextBox'

2018-12-11 16:33:54 - [TEST_STEP][PASSED] - delay: Delayed 2 second(s)

2018-12-11 16:33:56 - [MESSAGE][PASSED] - Delayed 2 second(s)

2018-12-11 16:33:56 - [TEST_STEP][PASSED] - click: Object: 'Object Repository/Final Object Repo/Page_Update Add New Employee - ASSIST/Login Button' is clicked on

2018-12-11 16:33:56 - [MESSAGE][PASSED] - Object: 'Object Repository/Final Object Repo/Page_Update Add New Employee - ASSIST/Login Button' is clicked on

2018-12-11 16:33:56 - [TEST_STEP][PASSED] - delay: Delayed 4 second(s)

2018-12-11 16:34:00 - [MESSAGE][PASSED] - Delayed 4 second(s)

2018-12-11 16:34:00 - [TEST_STEP][PASSED] - Statement - Try: Delayed 2 second(s)

2018-12-11 16:34:00 - [TEST_STEP][PASSED] - Statement - Checker = false: null

2018-12-11 16:34:00 - [TEST_STEP][PASSED] - Statement - Checker = com.kms.katalon.core.webui.keyword.WebUiBuiltInKeywords.verifyElementHasAttribute(com.kms.katalon.core.testobject.ObjectRepository.findTestObject(Final Object Repo/Landing Page/BM Detecting), "href", 20, OPTIONAL): Object 'Object Repository/Final Object Repo/Landing Page/BM Detecting' has attribute 'href'

2018-12-11 16:34:00 - [MESSAGE][PASSED] - Object 'Object Repository/Final Object Repo/Landing Page/BM Detecting' has attribute 'href'

2018-12-11 16:34:00 - [TEST_STEP][PASSED] - Statement - out.println(Checker): null

2018-12-11 16:34:00 - [TEST_STEP][PASSED] - Statement - If (Checker == false): null

2018-12-11 16:34:00 - [TEST_STEP][PASSED] - Statement - Else: null

2018-12-11 16:34:00 - [TEST_STEP][PASSED] - delay: Delayed 2 second(s)

2018-12-11 16:34:02 - [MESSAGE][PASSED] - Delayed 2 second(s)

2018-12-11 16:34:02 - [TEST_STEP][PASSED] - delay: Delayed 4 second(s)

2018-12-11 16:34:06 - [MESSAGE][PASSED] - Delayed 4 second(s)

2018-12-11 16:34:06 - [TEST_STEP][PASSED] - click: Object: 'Object Repository/Final Object Repo/Page_Update Add New Employee - ASSIST/My Sites Drop Down' is clicked on

2018-12-11 16:34:06 - [MESSAGE][PASSED] - Object: 'Object Repository/Final Object Repo/Page_Update Add New Employee - ASSIST/My Sites Drop Down' is clicked on

2018-12-11 16:34:06 - [TEST_STEP][PASSED] - click: Object: 'Object Repository/Final Object Repo/Page_Update Add New Employee - ASSIST/Select to Registration Module' is clicked on

2018-12-11 16:34:07 - [MESSAGE][PASSED] - Object: 'Object Repository/Final Object Repo/Page_Update Add New Employee - ASSIST/Select to Registration Module' is clicked on

2018-12-11 16:34:07 - [TEST_STEP][PASSED] - navigateToUrl: Navigate to 'https://assist2-uat.perkeso.gov.my/web/registration/myassist' successfully

2018-12-11 16:34:08 - [MESSAGE][PASSED] - Navigate to 'https://assist2-uat.perkeso.gov.my/web/registration/myassist' successfully

2018-12-11 16:34:08 - [TEST_STEP][PASSED] - mouseOver: Object: 'Object Repository/Final Object Repo/Page_Update Add New Employee - ASSIST/Select to Update Akta 4 Tab' is hovered

2018-12-11 16:34:08 - [MESSAGE][PASSED] - Object: 'Object Repository/Final Object Repo/Page_Update Add New Employee - ASSIST/Select to Update Akta 4 Tab' is hovered

2018-12-11 16:34:08 - [TEST_STEP][PASSED] - delay: Delayed 2 second(s)

2018-12-11 16:34:10 - [MESSAGE][PASSED] - Delayed 2 second(s)

2018-12-11 16:34:10 - [TEST_STEP][PASSED] - click: Object: 'Object Repository/Final Object Repo/Page_Update Add New Employee - ASSIST/Select to Update Add New Employee' is clicked on

2018-12-11 16:34:10 - [MESSAGE][PASSED] - Object: 'Object Repository/Final Object Repo/Page_Update Add New Employee - ASSIST/Select to Update Add New Employee' is clicked on

2018-12-11 16:34:10 - [TEST_STEP][PASSED] - delay: Delayed 2 second(s)

2018-12-11 16:34:12 - [MESSAGE][PASSED] - Delayed 2 second(s)

2018-12-11 16:34:12 - [TEST_STEP][PASSED] - setText: Text 'E1102070760P' is set on object 'Object Repository/Final Object Repo/Page_Update Add New Employee - ASSIST/Employer Code input textbox'

2018-12-11 16:34:13 - [MESSAGE][PASSED] - Text 'E1102070760P' is set on object 'Object Repository/Final Object Repo/Page_Update Add New Employee - ASSIST/Employer Code input textbox'

2018-12-11 16:34:13 - [TEST_STEP][PASSED] - delay: Delayed 2 second(s)

2018-12-11 16:34:15 - [MESSAGE][PASSED] - Delayed 2 second(s)

2018-12-11 16:34:15 - [TEST_STEP][PASSED] - click: Object: 'Object Repository/Final Object Repo/Page_Update Add New Employee - ASSIST/Search Button for Employer Code' is clicked on

2018-12-11 16:34:15 - [MESSAGE][PASSED] - Object: 'Object Repository/Final Object Repo/Page_Update Add New Employee - ASSIST/Search Button for Employer Code' is clicked on

2018-12-11 16:34:15 - [TEST_STEP][PASSED] - delay: Delayed 4 second(s)

2018-12-11 16:34:19 - [MESSAGE][PASSED] - Delayed 4 second(s)

2018-12-11 16:34:19 - [TEST_STEP][PASSED] - click: Object: 'Object Repository/Final Object Repo/Page_Update Add New Employee - ASSIST/Click to Edit Case' is clicked on

2018-12-11 16:34:21 - [MESSAGE][PASSED] - Object: 'Object Repository/Final Object Repo/Page_Update Add New Employee - ASSIST/Click to Edit Case' is clicked on

2018-12-11 16:34:21 - [TEST_STEP][PASSED] - callTestCase: Call Test Case 'Test Cases/Final Aug 2018 - PKS Automation/Registration Module/Workflow/Update Add New Employee/Template/Employee Adding/Employee Set Decider' successfully

2018-12-11 16:34:21 - [TEST_CASE][PASSED] - Test Cases/Final Aug 2018 - PKS Automation/Registration Module/Workflow/Update Add New Employee/Template/Employee Adding/Employee Set Decider: Test Cases/Final Aug 2018 - PKS Automation/Registration Module/Workflow/Update Add New Employee/Template/Employee Adding/Employee Set Decider

2018-12-11 16:34:21 - [TEST_STEP][PASSED] - delay: Delayed 4 second(s)

2018-12-11 16:34:25 - [MESSAGE][PASSED] - Delayed 4 second(s)

2018-12-11 16:34:25 - [TEST_STEP][PASSED] - click: Object: 'Object Repository/Final Object Repo/Page_Update Add New Employee - ASSIST/Add Employee Button' is clicked on

2018-12-11 16:34:26 - [MESSAGE][PASSED] - Object: 'Object Repository/Final Object Repo/Page_Update Add New Employee - ASSIST/Add Employee Button' is clicked on

2018-12-11 16:34:26 - [TEST_STEP][PASSED] - delay: Delayed 3 second(s)

2018-12-11 16:34:29 - [MESSAGE][PASSED] - Delayed 3 second(s)

2018-12-11 16:34:29 - [TEST_STEP][PASSED] - setText: Text '010903091920' is set on object 'Object Repository/Final Object Repo/Page_Update Add New Employee - ASSIST/NRIC Input'

2018-12-11 16:34:29 - [MESSAGE][PASSED] - Text '010903091920' is set on object 'Object Repository/Final Object Repo/Page_Update Add New Employee - ASSIST/NRIC Input'

2018-12-11 16:34:29 - [TEST_STEP][PASSED] - click: Object: 'Object Repository/Final Object Repo/Page_Update Add New Employee - ASSIST/button for search for IC' is clicked on

2018-12-11 16:34:29 - [MESSAGE][PASSED] - Object: 'Object Repository/Final Object Repo/Page_Update Add New Employee - ASSIST/button for search for IC' is clicked on

2018-12-11 16:34:29 - [TEST_STEP][PASSED] - delay: Delayed 2 second(s)

2018-12-11 16:34:31 - [MESSAGE][PASSED] - Delayed 2 second(s)

2018-12-11 16:34:31 - [TEST_STEP][PASSED] - sendKeys: Keys 'CONTROL + a' sent to object: 'Object Repository/Final Object Repo/Page_Update Add New Employee - ASSIST/Employee Name Input'

2018-12-11 16:34:31 - [MESSAGE][PASSED] - Keys 'CONTROL + a' sent to object: 'Object Repository/Final Object Repo/Page_Update Add New Employee - ASSIST/Employee Name Input'

2018-12-11 16:34:31 - [TEST_STEP][PASSED] - sendKeys: Keys 'CONTROL + c' sent to object: 'Object Repository/Final Object Repo/Page_Update Add New Employee - ASSIST/Employee Name Input'

2018-12-11 16:34:31 - [MESSAGE][PASSED] - Keys 'CONTROL + c' sent to object: 'Object Repository/Final Object Repo/Page_Update Add New Employee - ASSIST/Employee Name Input'

2018-12-11 16:34:31 - [TEST_STEP][PASSED] - Statement - toolkit = java.awt.Toolkit.getDefaultToolkit(): null

2018-12-11 16:34:31 - [TEST_STEP][PASSED] - Statement - clipboard = toolkit.getSystemClipboard(): null

2018-12-11 16:34:31 - [TEST_STEP][PASSED] - Statement - CurrentName = clipboard.getData(stringFlavor): null

2018-12-11 16:34:31 - [TEST_STEP][PASSED] - Statement - out.println("String from Clipboard:" + CurrentName): null

2018-12-11 16:34:31 - [TEST_STEP][PASSED] - Statement - If (CurrentName == "AUTOMATE002 ELIGIBLE 1"): null

2018-12-11 16:34:31 - [TEST_STEP][PASSED] - Statement - Else If (CurrentName == "AUTOMATE003 ELIGIBLE 1"): Call Test Case 'Test Cases/Final Aug 2018 - PKS Automation/Registration Module/Workflow/Update Add New Employee/Template/Employee Adding/Employee Adding Action Repeat IC - set 2' successfully

2018-12-11 16:34:31 - [TEST_STEP][PASSED] - callTestCase: Call Test Case 'Test Cases/Final Aug 2018 - PKS Automation/Registration Module/Workflow/Update Add New Employee/Template/Employee Adding/Employee Adding Action Repeat IC - set 2' successfully

2018-12-11 16:34:31 - [TEST_CASE][PASSED] - Test Cases/Final Aug 2018 - PKS Automation/Registration Module/Workflow/Update Add New Employee/Template/Employee Adding/Employee Adding Action Repeat IC - set 2: Test Cases/Final Aug 2018 - PKS Automation/Registration Module/Workflow/Update Add New Employee/Template/Employee Adding/Employee Adding Action Repeat IC - set 2

2018-12-11 16:34:32 - [TEST_STEP][PASSED] - setText: Text 'Automate002 eligible 1' is set on object 'Object Repository/Final Object Repo/Page_Update Add New Employee - ASSIST/Employee Name Input'

2018-12-11 16:34:32 - [MESSAGE][PASSED] - Text 'Automate002 eligible 1' is set on object 'Object Repository/Final Object Repo/Page_Update Add New Employee - ASSIST/Employee Name Input'

2018-12-11 16:34:32 - [TEST_STEP][PASSED] - delay: Delayed 2 second(s)

2018-12-11 16:34:34 - [MESSAGE][PASSED] - Delayed 2 second(s)

2018-12-11 16:34:34 - [TEST_STEP][PASSED] - click: Object: 'Object Repository/Final Object Repo/Page_Update Add New Employee - ASSIST/DatePicker Pop Up' is clicked on

2018-12-11 16:34:34 - [MESSAGE][PASSED] - Object: 'Object Repository/Final Object Repo/Page_Update Add New Employee - ASSIST/DatePicker Pop Up' is clicked on

2018-12-11 16:34:34 - [TEST_STEP][PASSED] - click: Object: 'Object Repository/Final Object Repo/Page_Update Add New Employee - ASSIST/DOB Month' is clicked on

2018-12-11 16:34:35 - [MESSAGE][PASSED] - Object: 'Object Repository/Final Object Repo/Page_Update Add New Employee - ASSIST/DOB Month' is clicked on

2018-12-11 16:34:35 - [TEST_STEP][PASSED] - Statement - CurrentMonth = CurrentMonth: null

2018-12-11 16:34:35 - [TEST_STEP][PASSED] - Statement - selectMonth = new com.kms.katalon.core.testobject.TestObject(): null

2018-12-11 16:34:35 - [TEST_STEP][PASSED] - Statement - selectMonth.addProperty("xpath", EQUALS, "//body/div/div/div/select/option[@value='" + CurrentMonth + "']", true): null

2018-12-11 16:34:35 - [TEST_STEP][PASSED] - click: Object: '' is clicked on

2018-12-11 16:34:35 - [MESSAGE][PASSED] - Object: '' is clicked on

2018-12-11 16:34:35 - [TEST_STEP][PASSED] - click: Object: 'Object Repository/Final Object Repo/Page_Update Add New Employee - ASSIST/DOB Year' is clicked on

2018-12-11 16:34:35 - [MESSAGE][PASSED] - Object: 'Object Repository/Final Object Repo/Page_Update Add New Employee - ASSIST/DOB Year' is clicked on

2018-12-11 16:34:35 - [TEST_STEP][PASSED] - Statement - Eyearsbf = EighteenYrsBefore: null

2018-12-11 16:34:35 - [TEST_STEP][PASSED] - Statement - selectYear = new com.kms.katalon.core.testobject.TestObject(): null

2018-12-11 16:34:35 - [TEST_STEP][PASSED] - Statement - selectYear.addProperty("xpath", EQUALS, "//div/div/div/select/option[@value='" + Eyearsbf + "']", true): null

2018-12-11 16:34:35 - [TEST_STEP][PASSED] - click: Object: '' is clicked on

2018-12-11 16:34:35 - [MESSAGE][PASSED] - Object: '' is clicked on

2018-12-11 16:34:35 - [TEST_STEP][PASSED] - Statement - UpdatedSelectDate = com.kms.katalon.core.webui.keyword.WebUiBuiltInKeywords.modifyObjectProperty(com.kms.katalon.core.testobject.ObjectRepository.findTestObject(Final Object Repo/Page_Update Add New Employee - ASSIST/DOB Date), "xpath", "equals", "//body/div/table/tbody/tr/td/a[text()="" + CurrentDate + ""]", true): Modify property of object successfully

2018-12-11 16:34:35 - [MESSAGE][PASSED] - Modify property of object successfully

2018-12-11 16:34:35 - [TEST_STEP][PASSED] - delay: Delayed 3 second(s)

2018-12-11 16:34:38 - [MESSAGE][PASSED] - Delayed 3 second(s)

2018-12-11 16:34:38 - [TEST_STEP][PASSED] - click: Object: 'Object Repository/Final Object Repo/Page_Update Add New Employee - ASSIST/DOB Date' is clicked on

2018-12-11 16:34:38 - [MESSAGE][PASSED] - Object: 'Object Repository/Final Object Repo/Page_Update Add New Employee - ASSIST/DOB Date' is clicked on

2018-12-11 16:34:38 - [TEST_STEP][PASSED] - delay: Delayed 2 second(s)

2018-12-11 16:34:40 - [MESSAGE][PASSED] - Delayed 2 second(s)

2018-12-11 16:34:40 - [TEST_STEP][PASSED] - click: Object: 'Object Repository/Final Object Repo/Page_Update Add New Employee - ASSIST/EmploymentStartDate Pop Up' is clicked on

2018-12-11 16:34:40 - [MESSAGE][PASSED] - Object: 'Object Repository/Final Object Repo/Page_Update Add New Employee - ASSIST/EmploymentStartDate Pop Up' is clicked on

2018-12-11 16:34:40 - [TEST_STEP][PASSED] - delay: Delayed 2 second(s)

2018-12-11 16:34:42 - [MESSAGE][PASSED] - Delayed 2 second(s)

2018-12-11 16:34:42 - [TEST_STEP][PASSED] - click: Object: 'Object Repository/Final Object Repo/Page_Update Add New Employee - ASSIST/Socso Employment StartDate Month' is clicked on

2018-12-11 16:34:43 - [MESSAGE][PASSED] - Object: 'Object Repository/Final Object Repo/Page_Update Add New Employee - ASSIST/Socso Employment StartDate Month' is clicked on

2018-12-11 16:34:43 - [TEST_STEP][PASSED] - delay: Delayed 1 second(s)

2018-12-11 16:34:44 - [MESSAGE][PASSED] - Delayed 1 second(s)

2018-12-11 16:34:44 - [TEST_STEP][PASSED] - click: Object: 'Object Repository/Final Object Repo/Page_Update Add New Employee - ASSIST/Select Socso Employement Startdate Month' is clicked on

2018-12-11 16:34:44 - [MESSAGE][PASSED] - Object: 'Object Repository/Final Object Repo/Page_Update Add New Employee - ASSIST/Select Socso Employement Startdate Month' is clicked on

2018-12-11 16:34:44 - [TEST_STEP][PASSED] - delay: Delayed 2 second(s)

2018-12-11 16:34:46 - [MESSAGE][PASSED] - Delayed 2 second(s)

2018-12-11 16:34:46 - [TEST_STEP][PASSED] - click: Object: 'Object Repository/Final Object Repo/Page_Update Add New Employee - ASSIST/Socso Employment StartDate Year' is clicked on

2018-12-11 16:34:46 - [MESSAGE][PASSED] - Object: 'Object Repository/Final Object Repo/Page_Update Add New Employee - ASSIST/Socso Employment StartDate Year' is clicked on

2018-12-11 16:34:46 - [TEST_STEP][PASSED] - delay: Delayed 1 second(s)

2018-12-11 16:34:47 - [MESSAGE][PASSED] - Delayed 1 second(s)

2018-12-11 16:34:47 - [TEST_STEP][PASSED] - click: Object: 'Object Repository/Final Object Repo/Page_Update Add New Employee - ASSIST/Select Socso Employment Startdate Year' is clicked on

2018-12-11 16:34:47 - [MESSAGE][PASSED] - Object: 'Object Repository/Final Object Repo/Page_Update Add New Employee - ASSIST/Select Socso Employment Startdate Year' is clicked on

2018-12-11 16:34:47 - [TEST_STEP][PASSED] - delay: Delayed 2 second(s)

2018-12-11 16:34:49 - [MESSAGE][PASSED] - Delayed 2 second(s)

2018-12-11 16:34:49 - [TEST_STEP][PASSED] - click: Object: 'Object Repository/Final Object Repo/Page_Update Add New Employee - ASSIST/Socso Employment Start Date Day' is clicked on

2018-12-11 16:34:49 - [MESSAGE][PASSED] - Object: 'Object Repository/Final Object Repo/Page_Update Add New Employee - ASSIST/Socso Employment Start Date Day' is clicked on

2018-12-11 16:34:49 - [TEST_STEP][PASSED] - delay: Delayed 2 second(s)

2018-12-11 16:34:51 - [MESSAGE][PASSED] - Delayed 2 second(s)

2018-12-11 16:34:51 - [TEST_STEP][PASSED] - click: Object: 'Object Repository/Final Object Repo/Page_Update Add New Employee - ASSIST/Save Button for Add Employee' is clicked on

2018-12-11 16:34:52 - [MESSAGE][PASSED] - Object: 'Object Repository/Final Object Repo/Page_Update Add New Employee - ASSIST/Save Button for Add Employee' is clicked on

2018-12-11 16:34:52 - [TEST_STEP][PASSED] - delay: Delayed 10 second(s)

2018-12-11 16:35:02 - [MESSAGE][PASSED] - Delayed 10 second(s)

2018-12-11 16:35:02 - [TEST_STEP][PASSED] - click: Object: 'Object Repository/Final Object Repo/Page_Update Add New Employee - ASSIST/Add Employee Button' is clicked on

2018-12-11 16:35:02 - [MESSAGE][PASSED] - Object: 'Object Repository/Final Object Repo/Page_Update Add New Employee - ASSIST/Add Employee Button' is clicked on

2018-12-11 16:35:02 - [TEST_STEP][PASSED] - delay: Delayed 6 second(s)

2018-12-11 16:35:08 - [MESSAGE][PASSED] - Delayed 6 second(s)

2018-12-11 16:35:08 - [TEST_STEP][PASSED] - setText: Text '620904059600' is set on object 'Object Repository/Final Object Repo/Page_Update Add New Employee - ASSIST/NRIC Input'

2018-12-11 16:35:08 - [MESSAGE][PASSED] - Text '620904059600' is set on object 'Object Repository/Final Object Repo/Page_Update Add New Employee - ASSIST/NRIC Input'

2018-12-11 16:35:08 - [TEST_STEP][PASSED] - click: Object: 'Object Repository/Final Object Repo/Page_Update Add New Employee - ASSIST/button for search for IC' is clicked on

2018-12-11 16:35:08 - [MESSAGE][PASSED] - Object: 'Object Repository/Final Object Repo/Page_Update Add New Employee - ASSIST/button for search for IC' is clicked on

2018-12-11 16:35:08 - [TEST_STEP][PASSED] - delay: Delayed 2 second(s)

2018-12-11 16:35:10 - [MESSAGE][PASSED] - Delayed 2 second(s)

2018-12-11 16:35:10 - [TEST_STEP][PASSED] - setText: Text 'Automate002 eligible 2' is set on object 'Object Repository/Final Object Repo/Page_Update Add New Employee - ASSIST/Employee Name Input'

2018-12-11 16:35:11 - [MESSAGE][PASSED] - Text 'Automate002 eligible 2' is set on object 'Object Repository/Final Object Repo/Page_Update Add New Employee - ASSIST/Employee Name Input'

2018-12-11 16:35:11 - [TEST_STEP][PASSED] - delay: Delayed 2 second(s)

2018-12-11 16:35:13 - [MESSAGE][PASSED] - Delayed 2 second(s)

2018-12-11 16:35:13 - [TEST_STEP][PASSED] - click: Object: 'Object Repository/Final Object Repo/Page_Update Add New Employee - ASSIST/DatePicker Pop Up' is clicked on

2018-12-11 16:35:13 - [MESSAGE][PASSED] - Object: 'Object Repository/Final Object Repo/Page_Update Add New Employee - ASSIST/DatePicker Pop Up' is clicked on

2018-12-11 16:35:13 - [TEST_STEP][PASSED] - delay: Delayed 2 second(s)

2018-12-11 16:35:15 - [MESSAGE][PASSED] - Delayed 2 second(s)

2018-12-11 16:35:15 - [TEST_STEP][PASSED] - click: Object: 'Object Repository/Final Object Repo/Page_Update Add New Employee - ASSIST/DOB Month' is clicked on

2018-12-11 16:35:15 - [MESSAGE][PASSED] - Object: 'Object Repository/Final Object Repo/Page_Update Add New Employee - ASSIST/DOB Month' is clicked on

2018-12-11 16:35:15 - [TEST_STEP][PASSED] - Statement - selectMonth = com.kms.katalon.core.webui.keyword.WebUiBuiltInKeywords.modifyObjectProperty(selectMonth, "xpath", "equals", "//body/div/div/div/select/option[@value="" + CurrentMonth + ""]", true): Modify property of object successfully

2018-12-11 16:35:15 - [MESSAGE][PASSED] - Modify property of object successfully

2018-12-11 16:35:15 - [TEST_STEP][PASSED] - click: Object: '' is clicked on

2018-12-11 16:35:15 - [MESSAGE][PASSED] - Object: '' is clicked on

2018-12-11 16:35:15 - [TEST_STEP][PASSED] - click: Object: 'Object Repository/Final Object Repo/Page_Update Add New Employee - ASSIST/DOB Year' is clicked on

2018-12-11 16:35:16 - [MESSAGE][PASSED] - Object: 'Object Repository/Final Object Repo/Page_Update Add New Employee - ASSIST/DOB Year' is clicked on

2018-12-11 16:35:16 - [TEST_STEP][PASSED] - Statement - selectYear = com.kms.katalon.core.webui.keyword.WebUiBuiltInKeywords.modifyObjectProperty(selectYear, "xpath", "equals", "//div/div/div/select/option[@value="" + FiftysevenYrsBefore + ""]", true): Modify property of object successfully

2018-12-11 16:35:16 - [MESSAGE][PASSED] - Modify property of object successfully

2018-12-11 16:35:16 - [TEST_STEP][PASSED] - click: Object: '' is clicked on

2018-12-11 16:35:16 - [MESSAGE][PASSED] - Object: '' is clicked on

2018-12-11 16:35:16 - [TEST_STEP][PASSED] - Statement - UpdatedSelectDate = com.kms.katalon.core.webui.keyword.WebUiBuiltInKeywords.modifyObjectProperty(com.kms.katalon.core.testobject.ObjectRepository.findTestObject(Final Object Repo/Page_Update Add New Employee - ASSIST/DOB Date), "xpath", "equals", "//body/div/table/tbody/tr/td/a[text()="" + OneDayBefore + ""]", true): Modify property of object successfully

2018-12-11 16:35:16 - [MESSAGE][PASSED] - Modify property of object successfully

2018-12-11 16:35:16 - [TEST_STEP][PASSED] - click: Object: 'Object Repository/Final Object Repo/Page_Update Add New Employee - ASSIST/DOB Date' is clicked on

2018-12-11 16:35:16 - [MESSAGE][PASSED] - Object: 'Object Repository/Final Object Repo/Page_Update Add New Employee - ASSIST/DOB Date' is clicked on

2018-12-11 16:35:16 - [TEST_STEP][PASSED] - delay: Delayed 2 second(s)

2018-12-11 16:35:18 - [MESSAGE][PASSED] - Delayed 2 second(s)

2018-12-11 16:35:18 - [TEST_STEP][PASSED] - click: Object: 'Object Repository/Final Object Repo/Page_Update Add New Employee - ASSIST/EmploymentStartDate Pop Up' is clicked on

2018-12-11 16:35:18 - [MESSAGE][PASSED] - Object: 'Object Repository/Final Object Repo/Page_Update Add New Employee - ASSIST/EmploymentStartDate Pop Up' is clicked on

2018-12-11 16:35:18 - [TEST_STEP][PASSED] - delay: Delayed 2 second(s)

2018-12-11 16:35:20 - [MESSAGE][PASSED] - Delayed 2 second(s)

2018-12-11 16:35:20 - [TEST_STEP][PASSED] - click: Object: 'Object Repository/Final Object Repo/Page_Update Add New Employee - ASSIST/Socso Employment StartDate Month' is clicked on

2018-12-11 16:35:20 - [MESSAGE][PASSED] - Object: 'Object Repository/Final Object Repo/Page_Update Add New Employee - ASSIST/Socso Employment StartDate Month' is clicked on

2018-12-11 16:35:20 - [TEST_STEP][PASSED] - delay: Delayed 1 second(s)

2018-12-11 16:35:21 - [MESSAGE][PASSED] - Delayed 1 second(s)

2018-12-11 16:35:21 - [TEST_STEP][PASSED] - click: Object: 'Object Repository/Final Object Repo/Page_Update Add New Employee - ASSIST/Select Socso Employement Startdate Month' is clicked on

2018-12-11 16:35:21 - [MESSAGE][PASSED] - Object: 'Object Repository/Final Object Repo/Page_Update Add New Employee - ASSIST/Select Socso Employement Startdate Month' is clicked on

2018-12-11 16:35:21 - [TEST_STEP][PASSED] - delay: Delayed 2 second(s)

2018-12-11 16:35:23 - [MESSAGE][PASSED] - Delayed 2 second(s)

2018-12-11 16:35:23 - [TEST_STEP][PASSED] - click: Object: 'Object Repository/Final Object Repo/Page_Update Add New Employee - ASSIST/Socso Employment StartDate Year' is clicked on

2018-12-11 16:35:24 - [MESSAGE][PASSED] - Object: 'Object Repository/Final Object Repo/Page_Update Add New Employee - ASSIST/Socso Employment StartDate Year' is clicked on

2018-12-11 16:35:24 - [TEST_STEP][PASSED] - delay: Delayed 1 second(s)

2018-12-11 16:35:25 - [MESSAGE][PASSED] - Delayed 1 second(s)

2018-12-11 16:35:25 - [TEST_STEP][PASSED] - click: Object: 'Object Repository/Final Object Repo/Page_Update Add New Employee - ASSIST/Select Socso Employment Startdate Year' is clicked on

2018-12-11 16:35:25 - [MESSAGE][PASSED] - Object: 'Object Repository/Final Object Repo/Page_Update Add New Employee - ASSIST/Select Socso Employment Startdate Year' is clicked on

2018-12-11 16:35:25 - [TEST_STEP][PASSED] - delay: Delayed 2 second(s)

2018-12-11 16:35:27 - [MESSAGE][PASSED] - Delayed 2 second(s)

2018-12-11 16:35:27 - [TEST_STEP][PASSED] - click: Object: 'Object Repository/Final Object Repo/Page_Update Add New Employee - ASSIST/Socso Employment Start Date Day' is clicked on

2018-12-11 16:35:27 - [MESSAGE][PASSED] - Object: 'Object Repository/Final Object Repo/Page_Update Add New Employee - ASSIST/Socso Employment Start Date Day' is clicked on

2018-12-11 16:35:27 - [TEST_STEP][PASSED] - delay: Delayed 2 second(s)

2018-12-11 16:35:29 - [MESSAGE][PASSED] - Delayed 2 second(s)

2018-12-11 16:35:29 - [TEST_STEP][PASSED] - click: Object: 'Object Repository/Final Object Repo/Page_Update Add New Employee - ASSIST/Save Button for Add Employee' is clicked on

2018-12-11 16:35:29 - [MESSAGE][PASSED] - Object: 'Object Repository/Final Object Repo/Page_Update Add New Employee - ASSIST/Save Button for Add Employee' is clicked on

2018-12-11 16:35:29 - [TEST_STEP][PASSED] - delay: Delayed 5 second(s)

2018-12-11 16:35:34 - [MESSAGE][PASSED] - Delayed 5 second(s)

2018-12-11 16:35:34 - [TEST_STEP][PASSED] - waitForElementClickable: Object 'Object Repository/Final Object Repo/Page_Update Add New Employee - ASSIST/Add Employee Button' is clickable

2018-12-11 16:35:34 - [MESSAGE][PASSED] - Object 'Object Repository/Final Object Repo/Page_Update Add New Employee - ASSIST/Add Employee Button' is clickable

2018-12-11 16:35:34 - [TEST_STEP][PASSED] - click: Object: 'Object Repository/Final Object Repo/Page_Update Add New Employee - ASSIST/Add Employee Button' is clicked on

2018-12-11 16:35:34 - [MESSAGE][PASSED] - Object: 'Object Repository/Final Object Repo/Page_Update Add New Employee - ASSIST/Add Employee Button' is clicked on

2018-12-11 16:35:34 - [TEST_STEP][PASSED] - delay: Delayed 4 second(s)

2018-12-11 16:35:38 - [MESSAGE][PASSED] - Delayed 4 second(s)

2018-12-11 16:35:38 - [TEST_STEP][PASSED] - setText: Text '000209039100' is set on object 'Object Repository/Final Object Repo/Page_Update Add New Employee - ASSIST/NRIC Input'

2018-12-11 16:35:39 - [MESSAGE][PASSED] - Text '000209039100' is set on object 'Object Repository/Final Object Repo/Page_Update Add New Employee - ASSIST/NRIC Input'

2018-12-11 16:35:39 - [TEST_STEP][PASSED] - click: Object: 'Object Repository/Final Object Repo/Page_Update Add New Employee - ASSIST/button for search for IC' is clicked on

2018-12-11 16:35:39 - [MESSAGE][PASSED] - Object: 'Object Repository/Final Object Repo/Page_Update Add New Employee - ASSIST/button for search for IC' is clicked on

2018-12-11 16:35:39 - [TEST_STEP][PASSED] - delay: Delayed 2 second(s)

2018-12-11 16:35:41 - [MESSAGE][PASSED] - Delayed 2 second(s)

2018-12-11 16:35:41 - [TEST_STEP][PASSED] - setText: Text 'Automate002 not eligible 1' is set on object 'Object Repository/Final Object Repo/Page_Update Add New Employee - ASSIST/Employee Name Input'

2018-12-11 16:35:41 - [MESSAGE][PASSED] - Text 'Automate002 not eligible 1' is set on object 'Object Repository/Final Object Repo/Page_Update Add New Employee - ASSIST/Employee Name Input'

2018-12-11 16:35:41 - [TEST_STEP][PASSED] - delay: Delayed 2 second(s)

2018-12-11 16:35:43 - [MESSAGE][PASSED] - Delayed 2 second(s)

2018-12-11 16:35:43 - [TEST_STEP][PASSED] - click: Object: 'Object Repository/Final Object Repo/Page_Update Add New Employee - ASSIST/DatePicker Pop Up' is clicked on

2018-12-11 16:35:44 - [MESSAGE][PASSED] - Object: 'Object Repository/Final Object Repo/Page_Update Add New Employee - ASSIST/DatePicker Pop Up' is clicked on

2018-12-11 16:35:44 - [TEST_STEP][PASSED] - delay: Delayed 2 second(s)

2018-12-11 16:35:46 - [MESSAGE][PASSED] - Delayed 2 second(s)

2018-12-11 16:35:46 - [TEST_STEP][PASSED] - click: Object: 'Object Repository/Final Object Repo/Page_Update Add New Employee - ASSIST/DOB Month' is clicked on

2018-12-11 16:35:46 - [MESSAGE][PASSED] - Object: 'Object Repository/Final Object Repo/Page_Update Add New Employee - ASSIST/DOB Month' is clicked on

2018-12-11 16:35:46 - [TEST_STEP][PASSED] - Statement - selectMonth = com.kms.katalon.core.webui.keyword.WebUiBuiltInKeywords.modifyObjectProperty(selectMonth, "xpath", "equals", "//body/div/div/div/select/option[@value="" + CurrentMonth + ""]", true): Modify property of object successfully

2018-12-11 16:35:46 - [MESSAGE][PASSED] - Modify property of object successfully

2018-12-11 16:35:46 - [TEST_STEP][PASSED] - click: Object: '' is clicked on

2018-12-11 16:35:46 - [MESSAGE][PASSED] - Object: '' is clicked on

2018-12-11 16:35:46 - [TEST_STEP][PASSED] - click: Object: 'Object Repository/Final Object Repo/Page_Update Add New Employee - ASSIST/DOB Year' is clicked on

2018-12-11 16:35:46 - [MESSAGE][PASSED] - Object: 'Object Repository/Final Object Repo/Page_Update Add New Employee - ASSIST/DOB Year' is clicked on

2018-12-11 16:35:46 - [TEST_STEP][PASSED] - Statement - selectYear = com.kms.katalon.core.webui.keyword.WebUiBuiltInKeywords.modifyObjectProperty(selectYear, "xpath", "equals", "//div/div/div/select/option[@value="" + EighteenYrsBefore + ""]", true): Modify property of object successfully

2018-12-11 16:35:46 - [MESSAGE][PASSED] - Modify property of object successfully

2018-12-11 16:35:46 - [TEST_STEP][PASSED] - click: Object: '' is clicked on

2018-12-11 16:35:46 - [MESSAGE][PASSED] - Object: '' is clicked on

2018-12-11 16:35:46 - [TEST_STEP][PASSED] - Statement - UpdatedSelectDate = com.kms.katalon.core.webui.keyword.WebUiBuiltInKeywords.modifyObjectProperty(com.kms.katalon.core.testobject.ObjectRepository.findTestObject(Final Object Repo/Page_Update Add New Employee - ASSIST/DOB Date), "xpath", "equals", "//body/div/table/tbody/tr/td/a[text()="" + OneDayBefore + ""]", true): Modify property of object successfully

2018-12-11 16:35:46 - [MESSAGE][PASSED] - Modify property of object successfully

2018-12-11 16:35:46 - [TEST_STEP][PASSED] - click: Object: 'Object Repository/Final Object Repo/Page_Update Add New Employee - ASSIST/DOB Date' is clicked on

2018-12-11 16:35:46 - [MESSAGE][PASSED] - Object: 'Object Repository/Final Object Repo/Page_Update Add New Employee - ASSIST/DOB Date' is clicked on

2018-12-11 16:35:46 - [TEST_STEP][PASSED] - delay: Delayed 2 second(s)

2018-12-11 16:35:48 - [MESSAGE][PASSED] - Delayed 2 second(s)

2018-12-11 16:35:48 - [TEST_STEP][PASSED] - click: Object: 'Object Repository/Final Object Repo/Page_Update Add New Employee - ASSIST/EmploymentStartDate Pop Up' is clicked on

2018-12-11 16:35:49 - [MESSAGE][PASSED] - Object: 'Object Repository/Final Object Repo/Page_Update Add New Employee - ASSIST/EmploymentStartDate Pop Up' is clicked on

2018-12-11 16:35:49 - [TEST_STEP][PASSED] - delay: Delayed 2 second(s)

2018-12-11 16:35:51 - [MESSAGE][PASSED] - Delayed 2 second(s)

2018-12-11 16:35:51 - [TEST_STEP][PASSED] - click: Object: 'Object Repository/Final Object Repo/Page_Update Add New Employee - ASSIST/Socso Employment StartDate Month' is clicked on

2018-12-11 16:35:51 - [MESSAGE][PASSED] - Object: 'Object Repository/Final Object Repo/Page_Update Add New Employee - ASSIST/Socso Employment StartDate Month' is clicked on

2018-12-11 16:35:51 - [TEST_STEP][PASSED] - delay: Delayed 1 second(s)

2018-12-11 16:35:52 - [MESSAGE][PASSED] - Delayed 1 second(s)

2018-12-11 16:35:52 - [TEST_STEP][PASSED] - click: Object: 'Object Repository/Final Object Repo/Page_Update Add New Employee - ASSIST/Select Socso Employement Startdate Month' is clicked on

2018-12-11 16:35:52 - [MESSAGE][PASSED] - Object: 'Object Repository/Final Object Repo/Page_Update Add New Employee - ASSIST/Select Socso Employement Startdate Month' is clicked on

2018-12-11 16:35:52 - [TEST_STEP][PASSED] - delay: Delayed 2 second(s)

2018-12-11 16:35:54 - [MESSAGE][PASSED] - Delayed 2 second(s)

2018-12-11 16:35:54 - [TEST_STEP][PASSED] - click: Object: 'Object Repository/Final Object Repo/Page_Update Add New Employee - ASSIST/Socso Employment StartDate Year' is clicked on

2018-12-11 16:35:54 - [MESSAGE][PASSED] - Object: 'Object Repository/Final Object Repo/Page_Update Add New Employee - ASSIST/Socso Employment StartDate Year' is clicked on

2018-12-11 16:35:54 - [TEST_STEP][PASSED] - delay: Delayed 1 second(s)

2018-12-11 16:35:55 - [MESSAGE][PASSED] - Delayed 1 second(s)

2018-12-11 16:35:55 - [TEST_STEP][PASSED] - click: Object: 'Object Repository/Final Object Repo/Page_Update Add New Employee - ASSIST/Select Socso Employment Startdate Year' is clicked on

2018-12-11 16:35:55 - [MESSAGE][PASSED] - Object: 'Object Repository/Final Object Repo/Page_Update Add New Employee - ASSIST/Select Socso Employment Startdate Year' is clicked on

2018-12-11 16:35:55 - [TEST_STEP][PASSED] - delay: Delayed 2 second(s)

2018-12-11 16:35:57 - [MESSAGE][PASSED] - Delayed 2 second(s)

2018-12-11 16:35:57 - [TEST_STEP][PASSED] - click: Object: 'Object Repository/Final Object Repo/Page_Update Add New Employee - ASSIST/Socso Employment Start Date Day' is clicked on

2018-12-11 16:35:57 - [MESSAGE][PASSED] - Object: 'Object Repository/Final Object Repo/Page_Update Add New Employee - ASSIST/Socso Employment Start Date Day' is clicked on

2018-12-11 16:35:57 - [TEST_STEP][PASSED] - delay: Delayed 2 second(s)

2018-12-11 16:35:59 - [MESSAGE][PASSED] - Delayed 2 second(s)

2018-12-11 16:35:59 - [TEST_STEP][PASSED] - click: Object: 'Object Repository/Final Object Repo/Page_Update Add New Employee - ASSIST/Save Button for Add Employee' is clicked on

2018-12-11 16:36:00 - [MESSAGE][PASSED] - Object: 'Object Repository/Final Object Repo/Page_Update Add New Employee - ASSIST/Save Button for Add Employee' is clicked on

2018-12-11 16:36:00 - [TEST_STEP][PASSED] - delay: Delayed 20 second(s)

2018-12-11 16:36:20 - [MESSAGE][PASSED] - Delayed 20 second(s)

2018-12-11 16:36:20 - [TEST_STEP][PASSED] - click: Object: 'Object Repository/Final Object Repo/Page_Update Add New Employee - ASSIST/Add Employee Button' is clicked on

2018-12-11 16:36:20 - [MESSAGE][PASSED] - Object: 'Object Repository/Final Object Repo/Page_Update Add New Employee - ASSIST/Add Employee Button' is clicked on

2018-12-11 16:36:20 - [TEST_STEP][PASSED] - delay: Delayed 4 second(s)

2018-12-11 16:36:24 - [MESSAGE][PASSED] - Delayed 4 second(s)

2018-12-11 16:36:24 - [TEST_STEP][PASSED] - setText: Text '600203039104' is set on object 'Object Repository/Final Object Repo/Page_Update Add New Employee - ASSIST/NRIC Input'

2018-12-11 16:36:24 - [MESSAGE][PASSED] - Text '600203039104' is set on object 'Object Repository/Final Object Repo/Page_Update Add New Employee - ASSIST/NRIC Input'

2018-12-11 16:36:24 - [TEST_STEP][PASSED] - click: Object: 'Object Repository/Final Object Repo/Page_Update Add New Employee - ASSIST/button for search for IC' is clicked on

2018-12-11 16:36:25 - [MESSAGE][PASSED] - Object: 'Object Repository/Final Object Repo/Page_Update Add New Employee - ASSIST/button for search for IC' is clicked on

2018-12-11 16:36:25 - [TEST_STEP][PASSED] - delay: Delayed 2 second(s)

2018-12-11 16:36:27 - [MESSAGE][PASSED] - Delayed 2 second(s)

2018-12-11 16:36:27 - [TEST_STEP][PASSED] - setText: Text 'Automate002 not eligible 2' is set on object 'Object Repository/Final Object Repo/Page_Update Add New Employee - ASSIST/Employee Name Input'

2018-12-11 16:36:27 - [MESSAGE][PASSED] - Text 'Automate002 not eligible 2' is set on object 'Object Repository/Final Object Repo/Page_Update Add New Employee - ASSIST/Employee Name Input'

2018-12-11 16:36:27 - [TEST_STEP][PASSED] - delay: Delayed 2 second(s)

2018-12-11 16:36:29 - [MESSAGE][PASSED] - Delayed 2 second(s)

2018-12-11 16:36:29 - [TEST_STEP][PASSED] - click: Object: 'Object Repository/Final Object Repo/Page_Update Add New Employee - ASSIST/DatePicker Pop Up' is clicked on

2018-12-11 16:36:29 - [MESSAGE][PASSED] - Object: 'Object Repository/Final Object Repo/Page_Update Add New Employee - ASSIST/DatePicker Pop Up' is clicked on

2018-12-11 16:36:29 - [TEST_STEP][PASSED] - delay: Delayed 2 second(s)

2018-12-11 16:36:31 - [MESSAGE][PASSED] - Delayed 2 second(s)

2018-12-11 16:36:31 - [TEST_STEP][PASSED] - click: Object: 'Object Repository/Final Object Repo/Page_Update Add New Employee - ASSIST/DOB Month' is clicked on

2018-12-11 16:36:32 - [MESSAGE][PASSED] - Object: 'Object Repository/Final Object Repo/Page_Update Add New Employee - ASSIST/DOB Month' is clicked on

2018-12-11 16:36:32 - [TEST_STEP][PASSED] - Statement - selectMonth = com.kms.katalon.core.webui.keyword.WebUiBuiltInKeywords.modifyObjectProperty(selectMonth, "xpath", "equals", "//body/div/div/div/select/option[@value="" + CurrentMonth + ""]", true): Modify property of object successfully

2018-12-11 16:36:32 - [MESSAGE][PASSED] - Modify property of object successfully

2018-12-11 16:36:32 - [TEST_STEP][PASSED] - click: Object: '' is clicked on

2018-12-11 16:36:32 - [MESSAGE][PASSED] - Object: '' is clicked on

2018-12-11 16:36:32 - [TEST_STEP][PASSED] - click: Object: 'Object Repository/Final Object Repo/Page_Update Add New Employee - ASSIST/DOB Year' is clicked on

2018-12-11 16:36:32 - [MESSAGE][PASSED] - Object: 'Object Repository/Final Object Repo/Page_Update Add New Employee - ASSIST/DOB Year' is clicked on

2018-12-11 16:36:32 - [TEST_STEP][PASSED] - Statement - selectYear = com.kms.katalon.core.webui.keyword.WebUiBuiltInKeywords.modifyObjectProperty(selectYear, "xpath", "equals", "//div/div/div/select/option[@value="" + FiftysevenYrsBefore + ""]", true): Modify property of object successfully

2018-12-11 16:36:32 - [MESSAGE][PASSED] - Modify property of object successfully

2018-12-11 16:36:32 - [TEST_STEP][PASSED] - click: Object: '' is clicked on

2018-12-11 16:36:32 - [MESSAGE][PASSED] - Object: '' is clicked on

2018-12-11 16:36:32 - [TEST_STEP][PASSED] - Statement - UpdatedSelectDate = com.kms.katalon.core.webui.keyword.WebUiBuiltInKeywords.modifyObjectProperty(com.kms.katalon.core.testobject.ObjectRepository.findTestObject(Final Object Repo/Page_Update Add New Employee - ASSIST/DOB Date), "xpath", "equals", "//body/div/table/tbody/tr/td/a[text()="" + CurrentDate + ""]", true): Modify property of object successfully

2018-12-11 16:36:32 - [MESSAGE][PASSED] - Modify property of object successfully

2018-12-11 16:36:32 - [TEST_STEP][PASSED] - click: Object: 'Object Repository/Final Object Repo/Page_Update Add New Employee - ASSIST/DOB Date' is clicked on

2018-12-11 16:36:32 - [MESSAGE][PASSED] - Object: 'Object Repository/Final Object Repo/Page_Update Add New Employee - ASSIST/DOB Date' is clicked on

2018-12-11 16:36:32 - [TEST_STEP][PASSED] - click: Object: 'Object Repository/Final Object Repo/Page_Update Add New Employee - ASSIST/EmploymentStartDate Pop Up' is clicked on

2018-12-11 16:36:32 - [MESSAGE][PASSED] - Object: 'Object Repository/Final Object Repo/Page_Update Add New Employee - ASSIST/EmploymentStartDate Pop Up' is clicked on

2018-12-11 16:36:32 - [TEST_STEP][PASSED] - delay: Delayed 2 second(s)

2018-12-11 16:36:34 - [MESSAGE][PASSED] - Delayed 2 second(s)

2018-12-11 16:36:34 - [TEST_STEP][PASSED] - click: Object: 'Object Repository/Final Object Repo/Page_Update Add New Employee - ASSIST/Socso Employment StartDate Month' is clicked on

2018-12-11 16:36:35 - [MESSAGE][PASSED] - Object: 'Object Repository/Final Object Repo/Page_Update Add New Employee - ASSIST/Socso Employment StartDate Month' is clicked on

2018-12-11 16:36:35 - [TEST_STEP][PASSED] - delay: Delayed 1 second(s)

2018-12-11 16:36:36 - [MESSAGE][PASSED] - Delayed 1 second(s)

2018-12-11 16:36:36 - [TEST_STEP][PASSED] - click: Object: 'Object Repository/Final Object Repo/Page_Update Add New Employee - ASSIST/Select Socso Employement Startdate Month' is clicked on

2018-12-11 16:36:36 - [MESSAGE][PASSED] - Object: 'Object Repository/Final Object Repo/Page_Update Add New Employee - ASSIST/Select Socso Employement Startdate Month' is clicked on

2018-12-11 16:36:36 - [TEST_STEP][PASSED] - delay: Delayed 2 second(s)

2018-12-11 16:36:38 - [MESSAGE][PASSED] - Delayed 2 second(s)

2018-12-11 16:36:38 - [TEST_STEP][PASSED] - click: Object: 'Object Repository/Final Object Repo/Page_Update Add New Employee - ASSIST/Socso Employment StartDate Year' is clicked on

2018-12-11 16:36:38 - [MESSAGE][PASSED] - Object: 'Object Repository/Final Object Repo/Page_Update Add New Employee - ASSIST/Socso Employment StartDate Year' is clicked on

2018-12-11 16:36:38 - [TEST_STEP][PASSED] - delay: Delayed 1 second(s)

2018-12-11 16:36:39 - [MESSAGE][PASSED] - Delayed 1 second(s)

2018-12-11 16:36:39 - [TEST_STEP][PASSED] - click: Object: 'Object Repository/Final Object Repo/Page_Update Add New Employee - ASSIST/Select Socso Employment Startdate Year' is clicked on

2018-12-11 16:36:39 - [MESSAGE][PASSED] - Object: 'Object Repository/Final Object Repo/Page_Update Add New Employee - ASSIST/Select Socso Employment Startdate Year' is clicked on

2018-12-11 16:36:39 - [TEST_STEP][PASSED] - delay: Delayed 2 second(s)

2018-12-11 16:36:41 - [MESSAGE][PASSED] - Delayed 2 second(s)

2018-12-11 16:36:41 - [TEST_STEP][PASSED] - click: Object: 'Object Repository/Final Object Repo/Page_Update Add New Employee - ASSIST/Socso Employment Start Date Day' is clicked on

2018-12-11 16:36:41 - [MESSAGE][PASSED] - Object: 'Object Repository/Final Object Repo/Page_Update Add New Employee - ASSIST/Socso Employment Start Date Day' is clicked on

2018-12-11 16:36:41 - [TEST_STEP][PASSED] - delay: Delayed 2 second(s)

2018-12-11 16:36:43 - [MESSAGE][PASSED] - Delayed 2 second(s)

2018-12-11 16:36:43 - [TEST_STEP][PASSED] - click: Object: 'Object Repository/Final Object Repo/Page_Update Add New Employee - ASSIST/Save Button for Add Employee' is clicked on

2018-12-11 16:36:43 - [MESSAGE][PASSED] - Object: 'Object Repository/Final Object Repo/Page_Update Add New Employee - ASSIST/Save Button for Add Employee' is clicked on

2018-12-11 16:36:43 - [MESSAGE][PASSED] - Call Test Case 'Test Cases/Final Aug 2018 - PKS Automation/Registration Module/Workflow/Update Add New Employee/Template/Employee Adding/Employee Adding Action Repeat IC - set 2' successfully

2018-12-11 16:36:43 - [MESSAGE][PASSED] - Call Test Case 'Test Cases/Final Aug 2018 - PKS Automation/Registration Module/Workflow/Update Add New Employee/Template/Employee Adding/Employee Set Decider' successfully

2018-12-11 16:36:43 - [TEST_STEP][PASSED] - delay: Delayed 4 second(s)

2018-12-11 16:36:47 - [MESSAGE][PASSED] - Delayed 4 second(s)

2018-12-11 16:36:47 - [TEST_STEP][PASSED] - Statement - CaseReferenceNo = com.kms.katalon.core.webui.keyword.WebUiBuiltInKeywords.getText(com.kms.katalon.core.testobject.ObjectRepository.findTestObject(Final Object Repo/Page_Update Add New Employee - ASSIST/RefNo)): Text of object 'Object Repository/Final Object Repo/Page_Update Add New Employee - ASSIST/RefNo' is: 'CAN12201800002304'

2018-12-11 16:36:48 - [MESSAGE][PASSED] - Text of object 'Object Repository/Final Object Repo/Page_Update Add New Employee - ASSIST/RefNo' is: 'CAN12201800002304'

2018-12-11 16:36:48 - [TEST_STEP][PASSED] - callTestCase: Call Test Case 'Test Cases/Final Aug 2018 - PKS Automation/Common/Reference Number Setter' successfully

2018-12-11 16:36:48 - [TEST_CASE][PASSED] - Test Cases/Final Aug 2018 - PKS Automation/Common/Reference Number Setter: Test Cases/Final Aug 2018 - PKS Automation/Common/Reference Number Setter

2018-12-11 16:36:48 - [TEST_STEP][PASSED] - Statement - RefNoOldFile = new java.io.File(C://Users//Admin//Desktop//PKS//Automation Reference Point//KatalonReference.txt): null

2018-12-11 16:36:48 - [TEST_STEP][PASSED] - Statement - RefNoOldFile.delete(): null

2018-12-11 16:36:48 - [TEST_STEP][PASSED] - delay: Delayed 5 second(s)

2018-12-11 16:36:53 - [MESSAGE][PASSED] - Delayed 5 second(s)

2018-12-11 16:36:53 - [TEST_STEP][PASSED] - Statement - RefNo = new java.io.File(C://Users//Admin//Desktop//PKS//Automation Reference Point//KatalonReference.txt): null

2018-12-11 16:36:53 - [TEST_STEP][PASSED] - Statement - f2 = new java.io.FileWriter(RefNo, false): null

2018-12-11 16:36:53 - [TEST_STEP][PASSED] - Statement - f2.write(CaseReferenceNo): null

2018-12-11 16:36:53 - [TEST_STEP][PASSED] - Statement - f2.close(): null

2018-12-11 16:36:53 - [TEST_STEP][PASSED] - Statement - out.println("


" + CaseReferenceNo + "


"): null

2018-12-11 16:36:53 - [MESSAGE][PASSED] - Call Test Case 'Test Cases/Final Aug 2018 - PKS Automation/Common/Reference Number Setter' successfully

2018-12-11 16:36:53 - [TEST_STEP][PASSED] - delay: Delayed 5 second(s)

2018-12-11 16:36:58 - [MESSAGE][PASSED] - Delayed 5 second(s)

2018-12-11 16:36:58 - [TEST_STEP][PASSED] - click: Object: 'Object Repository/Final Object Repo/Page_Update Add New Employee - ASSIST/Incomplete Checkbox' is clicked on

2018-12-11 16:36:58 - [MESSAGE][PASSED] - Object: 'Object Repository/Final Object Repo/Page_Update Add New Employee - ASSIST/Incomplete Checkbox' is clicked on

2018-12-11 16:36:58 - [TEST_STEP][PASSED] - delay: Delayed 5 second(s)

2018-12-11 16:37:03 - [MESSAGE][PASSED] - Delayed 5 second(s)

2018-12-11 16:37:03 - [TEST_STEP][PASSED] - click: Object: 'Object Repository/Final Object Repo/Page_Update Add New Employee - ASSIST/Save  Continue Button' is clicked on

2018-12-11 16:37:03 - [MESSAGE][PASSED] - Object: 'Object Repository/Final Object Repo/Page_Update Add New Employee - ASSIST/Save  Continue Button' is clicked on

2018-12-11 16:37:03 - [TEST_STEP][PASSED] - delay: Delayed 6 second(s)

2018-12-11 16:37:09 - [MESSAGE][PASSED] - Delayed 6 second(s)

2018-12-11 16:37:09 - [TEST_STEP][PASSED] - click: Object: 'Object Repository/Final Object Repo/Page_Update Add New Employee - ASSIST/Save  Continue Third Screen' is clicked on

2018-12-11 16:37:12 - [MESSAGE][PASSED] - Object: 'Object Repository/Final Object Repo/Page_Update Add New Employee - ASSIST/Save  Continue Third Screen' is clicked on

2018-12-11 16:37:12 - [TEST_STEP][PASSED] - delay: Delayed 4 second(s)

2018-12-11 16:37:16 - [MESSAGE][PASSED] - Delayed 4 second(s)

2018-12-11 16:37:16 - [TEST_STEP][PASSED] - click: Object: 'Object Repository/Final Object Repo/Page_Update Add New Employee - ASSIST/Save   Continue Supporting Doc Page' is clicked on

2018-12-11 16:37:16 - [MESSAGE][PASSED] - Object: 'Object Repository/Final Object Repo/Page_Update Add New Employee - ASSIST/Save   Continue Supporting Doc Page' is clicked on

2018-12-11 16:37:16 - [TEST_STEP][PASSED] - delay: Delayed 4 second(s)

2018-12-11 16:37:20 - [MESSAGE][PASSED] - Delayed 4 second(s)

2018-12-11 16:37:20 - [TEST_STEP][PASSED] - click: Object: 'Object Repository/Final Object Repo/Page_Update Add New Employee - ASSIST/Submit Button' is clicked on

2018-12-11 16:37:20 - [MESSAGE][PASSED] - Object: 'Object Repository/Final Object Repo/Page_Update Add New Employee - ASSIST/Submit Button' is clicked on

2018-12-11 16:37:20 - [TEST_STEP][PASSED] - delay: Delayed 4 second(s)

2018-12-11 16:37:24 - [MESSAGE][PASSED] - Delayed 4 second(s)

2018-12-11 16:37:24 - [TEST_STEP][PASSED] - click: Object: 'Object Repository/Final Object Repo/Page_Update Add New Employee - ASSIST/Confirm Submit Button' is clicked on

2018-12-11 16:37:24 - [MESSAGE][PASSED] - Object: 'Object Repository/Final Object Repo/Page_Update Add New Employee - ASSIST/Confirm Submit Button' is clicked on

2018-12-11 16:37:24 - [TEST_STEP][PASSED] - delay: Delayed 30 second(s)

2018-12-11 16:37:54 - [MESSAGE][PASSED] - Delayed 30 second(s)

2018-12-11 16:37:54 - [TEST_STEP][PASSED] - callTestCase: Call Test Case 'Test Cases/Final Aug 2018 - PKS Automation/Common/Screenshoting tool' successfully

2018-12-11 16:37:55 - [TEST_CASE][PASSED] - Test Cases/Final Aug 2018 - PKS Automation/Common/Screenshoting tool: Test Cases/Final Aug 2018 - PKS Automation/Common/Screenshoting tool

2018-12-11 16:37:55 - [TEST_STEP][PASSED] - delay: Delayed 15 second(s)

2018-12-11 16:38:10 - [MESSAGE][PASSED] - Delayed 15 second(s)

2018-12-11 16:38:10 - [TEST_STEP][PASSED] - Statement - driver = com.kms.katalon.core.webui.driver.DriverFactory.getWebDriver(): null

2018-12-11 16:38:10 - [TEST_STEP][PASSED] - Statement - driver.manage().timeouts().implicitlyWait(10, SECONDS): null

2018-12-11 16:38:10 - [TEST_STEP][PASSED] - Statement - PresavePath = KatalonScreenshots: null

2018-12-11 16:38:10 - [TEST_STEP][PASSED] - Statement - pathPrefix = "C:\Users\Public\Pictures\Sample Pictures\Katalon Screenshots\Automate Ending Screen": null

2018-12-11 16:38:10 - [TEST_STEP][PASSED] - Statement - finalPath = <not implemented yet for class: org.codehaus.groovy.ast.expr.EmptyExpression>: null

2018-12-11 16:38:10 - [TEST_STEP][PASSED] - Statement - scrFile = driver.getScreenshotAs(FILE): null

2018-12-11 16:38:10 - [TEST_STEP][PASSED] - Statement - PreSaveFile = new java.io.File(PresavePath): null

2018-12-11 16:38:10 - [TEST_STEP][PASSED] - Statement - counter = 0: null

2018-12-11 16:38:10 - [TEST_STEP][PASSED] - Statement - If (PreSaveFile.exists()): null

2018-12-11 16:38:10 - [TEST_STEP][PASSED] - Statement - While (PreSaveFile.exists()): null

2018-12-11 16:38:10 - [TEST_STEP][PASSED] - Statement - counter = counter + 1: null

2018-12-11 16:38:10 - [TEST_STEP][PASSED] - Statement - PreSaveFile = new java.io.File(((pathPrefix + java.lang.Integer.toString(counter)) + .png)): null

2018-12-11 16:38:10 - [TEST_STEP][PASSED] - Statement - counter = counter + 1: null

2018-12-11 16:38:10 - [TEST_STEP][PASSED] - Statement - PreSaveFile = new java.io.File(((pathPrefix + java.lang.Integer.toString(counter)) + .png)): null

2018-12-11 16:38:10 - [TEST_STEP][PASSED] - Statement - counter = counter + 1: null

2018-12-11 16:38:10 - [TEST_STEP][PASSED] - Statement - PreSaveFile = new java.io.File(((pathPrefix + java.lang.Integer.toString(counter)) + .png)): null

2018-12-11 16:38:10 - [TEST_STEP][PASSED] - Statement - counter = counter + 1: null

2018-12-11 16:38:10 - [TEST_STEP][PASSED] - Statement - PreSaveFile = new java.io.File(((pathPrefix + java.lang.Integer.toString(counter)) + .png)): null

2018-12-11 16:38:10 - [TEST_STEP][PASSED] - Statement - counter = counter + 1: null

2018-12-11 16:38:10 - [TEST_STEP][PASSED] - Statement - PreSaveFile = new java.io.File(((pathPrefix + java.lang.Integer.toString(counter)) + .png)): null

2018-12-11 16:38:10 - [TEST_STEP][PASSED] - Statement - counter = counter + 1: null

2018-12-11 16:38:10 - [TEST_STEP][PASSED] - Statement - PreSaveFile = new java.io.File(((pathPrefix + java.lang.Integer.toString(counter)) + .png)): null

2018-12-11 16:38:10 - [TEST_STEP][PASSED] - Statement - counter = counter + 1: null

2018-12-11 16:38:10 - [TEST_STEP][PASSED] - Statement - PreSaveFile = new java.io.File(((pathPrefix + java.lang.Integer.toString(counter)) + .png)): null

2018-12-11 16:38:10 - [TEST_STEP][PASSED] - Statement - counter = counter + 1: null

2018-12-11 16:38:10 - [TEST_STEP][PASSED] - Statement - PreSaveFile = new java.io.File(((pathPrefix + java.lang.Integer.toString(counter)) + .png)): null

2018-12-11 16:38:10 - [TEST_STEP][PASSED] - Statement - counter = counter + 1: null

2018-12-11 16:38:10 - [TEST_STEP][PASSED] - Statement - PreSaveFile = new java.io.File(((pathPrefix + java.lang.Integer.toString(counter)) + .png)): null

2018-12-11 16:38:10 - [TEST_STEP][PASSED] - Statement - counter = counter + 1: null

2018-12-11 16:38:10 - [TEST_STEP][PASSED] - Statement - PreSaveFile = new java.io.File(((pathPrefix + java.lang.Integer.toString(counter)) + .png)): null

2018-12-11 16:38:10 - [TEST_STEP][PASSED] - Statement - counter = counter + 1: null

2018-12-11 16:38:10 - [TEST_STEP][PASSED] - Statement - PreSaveFile = new java.io.File(((pathPrefix + java.lang.Integer.toString(counter)) + .png)): null

2018-12-11 16:38:10 - [TEST_STEP][PASSED] - Statement - counter = counter + 1: null

2018-12-11 16:38:10 - [TEST_STEP][PASSED] - Statement - PreSaveFile = new java.io.File(((pathPrefix + java.lang.Integer.toString(counter)) + .png)): null

2018-12-11 16:38:10 - [TEST_STEP][PASSED] - Statement - counter = counter + 1: null

2018-12-11 16:38:10 - [TEST_STEP][PASSED] - Statement - PreSaveFile = new java.io.File(((pathPrefix + java.lang.Integer.toString(counter)) + .png)): null

2018-12-11 16:38:10 - [TEST_STEP][PASSED] - Statement - counter = counter + 1: null

2018-12-11 16:38:10 - [TEST_STEP][PASSED] - Statement - PreSaveFile = new java.io.File(((pathPrefix + java.lang.Integer.toString(counter)) + .png)): null

2018-12-11 16:38:10 - [TEST_STEP][PASSED] - Statement - counter = counter + 1: null

2018-12-11 16:38:10 - [TEST_STEP][PASSED] - Statement - PreSaveFile = new java.io.File(((pathPrefix + java.lang.Integer.toString(counter)) + .png)): null

2018-12-11 16:38:10 - [TEST_STEP][PASSED] - Statement - counter = counter + 1: null

2018-12-11 16:38:10 - [TEST_STEP][PASSED] - Statement - PreSaveFile = new java.io.File(((pathPrefix + java.lang.Integer.toString(counter)) + .png)): null

2018-12-11 16:38:10 - [TEST_STEP][PASSED] - Statement - counter = counter + 1: null

2018-12-11 16:38:10 - [TEST_STEP][PASSED] - Statement - PreSaveFile = new java.io.File(((pathPrefix + java.lang.Integer.toString(counter)) + .png)): null

2018-12-11 16:38:10 - [TEST_STEP][PASSED] - Statement - counter = counter + 1: null

2018-12-11 16:38:10 - [TEST_STEP][PASSED] - Statement - PreSaveFile = new java.io.File(((pathPrefix + java.lang.Integer.toString(counter)) + .png)): null

2018-12-11 16:38:10 - [TEST_STEP][PASSED] - Statement - counter = counter + 1: null

2018-12-11 16:38:10 - [TEST_STEP][PASSED] - Statement - PreSaveFile = new java.io.File(((pathPrefix + java.lang.Integer.toString(counter)) + .png)): null

2018-12-11 16:38:10 - [TEST_STEP][PASSED] - Statement - counter = counter + 1: null

2018-12-11 16:38:10 - [TEST_STEP][PASSED] - Statement - PreSaveFile = new java.io.File(((pathPrefix + java.lang.Integer.toString(counter)) + .png)): null

2018-12-11 16:38:10 - [TEST_STEP][PASSED] - Statement - counter = counter + 1: null

2018-12-11 16:38:10 - [TEST_STEP][PASSED] - Statement - PreSaveFile = new java.io.File(((pathPrefix + java.lang.Integer.toString(counter)) + .png)): null

2018-12-11 16:38:10 - [TEST_STEP][PASSED] - Statement - counter = counter + 1: null

2018-12-11 16:38:10 - [TEST_STEP][PASSED] - Statement - PreSaveFile = new java.io.File(((pathPrefix + java.lang.Integer.toString(counter)) + .png)): null

2018-12-11 16:38:10 - [TEST_STEP][PASSED] - Statement - counter = counter + 1: null

2018-12-11 16:38:10 - [TEST_STEP][PASSED] - Statement - PreSaveFile = new java.io.File(((pathPrefix + java.lang.Integer.toString(counter)) + .png)): null

2018-12-11 16:38:10 - [TEST_STEP][PASSED] - Statement - counter = counter + 1: null

2018-12-11 16:38:10 - [TEST_STEP][PASSED] - Statement - PreSaveFile = new java.io.File(((pathPrefix + java.lang.Integer.toString(counter)) + .png)): null

2018-12-11 16:38:10 - [TEST_STEP][PASSED] - Statement - counter = counter + 1: null

2018-12-11 16:38:10 - [TEST_STEP][PASSED] - Statement - PreSaveFile = new java.io.File(((pathPrefix + java.lang.Integer.toString(counter)) + .png)): null

2018-12-11 16:38:10 - [TEST_STEP][PASSED] - Statement - counter = counter + 1: null

2018-12-11 16:38:10 - [TEST_STEP][PASSED] - Statement - PreSaveFile = new java.io.File(((pathPrefix + java.lang.Integer.toString(counter)) + .png)): null

2018-12-11 16:38:10 - [TEST_STEP][PASSED] - Statement - counter = counter + 1: null

2018-12-11 16:38:10 - [TEST_STEP][PASSED] - Statement - PreSaveFile = new java.io.File(((pathPrefix + java.lang.Integer.toString(counter)) + .png)): null

2018-12-11 16:38:10 - [TEST_STEP][PASSED] - Statement - counter = counter + 1: null

2018-12-11 16:38:10 - [TEST_STEP][PASSED] - Statement - PreSaveFile = new java.io.File(((pathPrefix + java.lang.Integer.toString(counter)) + .png)): null

2018-12-11 16:38:10 - [TEST_STEP][PASSED] - Statement - counter = counter + 1: null

2018-12-11 16:38:10 - [TEST_STEP][PASSED] - Statement - PreSaveFile = new java.io.File(((pathPrefix + java.lang.Integer.toString(counter)) + .png)): null

2018-12-11 16:38:10 - [TEST_STEP][PASSED] - Statement - counter = counter + 1: null

2018-12-11 16:38:10 - [TEST_STEP][PASSED] - Statement - PreSaveFile = new java.io.File(((pathPrefix + java.lang.Integer.toString(counter)) + .png)): null

2018-12-11 16:38:10 - [TEST_STEP][PASSED] - Statement - counter = counter + 1: null

2018-12-11 16:38:10 - [TEST_STEP][PASSED] - Statement - PreSaveFile = new java.io.File(((pathPrefix + java.lang.Integer.toString(counter)) + .png)): null

2018-12-11 16:38:10 - [TEST_STEP][PASSED] - Statement - counter = counter + 1: null

2018-12-11 16:38:10 - [TEST_STEP][PASSED] - Statement - PreSaveFile = new java.io.File(((pathPrefix + java.lang.Integer.toString(counter)) + .png)): null

2018-12-11 16:38:10 - [TEST_STEP][PASSED] - Statement - counter = counter + 1: null

2018-12-11 16:38:10 - [TEST_STEP][PASSED] - Statement - PreSaveFile = new java.io.File(((pathPrefix + java.lang.Integer.toString(counter)) + .png)): null

2018-12-11 16:38:10 - [TEST_STEP][PASSED] - Statement - counter = counter + 1: null

2018-12-11 16:38:10 - [TEST_STEP][PASSED] - Statement - PreSaveFile = new java.io.File(((pathPrefix + java.lang.Integer.toString(counter)) + .png)): null

2018-12-11 16:38:10 - [TEST_STEP][PASSED] - Statement - counter = counter + 1: null

2018-12-11 16:38:10 - [TEST_STEP][PASSED] - Statement - PreSaveFile = new java.io.File(((pathPrefix + java.lang.Integer.toString(counter)) + .png)): null

2018-12-11 16:38:10 - [TEST_STEP][PASSED] - Statement - counter = counter + 1: null

2018-12-11 16:38:10 - [TEST_STEP][PASSED] - Statement - PreSaveFile = new java.io.File(((pathPrefix + java.lang.Integer.toString(counter)) + .png)): null

2018-12-11 16:38:10 - [TEST_STEP][PASSED] - Statement - counter = counter + 1: null

2018-12-11 16:38:10 - [TEST_STEP][PASSED] - Statement - PreSaveFile = new java.io.File(((pathPrefix + java.lang.Integer.toString(counter)) + .png)): null

2018-12-11 16:38:10 - [TEST_STEP][PASSED] - Statement - counter = counter + 1: null

2018-12-11 16:38:10 - [TEST_STEP][PASSED] - Statement - PreSaveFile = new java.io.File(((pathPrefix + java.lang.Integer.toString(counter)) + .png)): null

2018-12-11 16:38:10 - [TEST_STEP][PASSED] - Statement - counter = counter + 1: null

2018-12-11 16:38:10 - [TEST_STEP][PASSED] - Statement - PreSaveFile = new java.io.File(((pathPrefix + java.lang.Integer.toString(counter)) + .png)): null

2018-12-11 16:38:10 - [TEST_STEP][PASSED] - Statement - counter = counter + 1: null

2018-12-11 16:38:10 - [TEST_STEP][PASSED] - Statement - PreSaveFile = new java.io.File(((pathPrefix + java.lang.Integer.toString(counter)) + .png)): null

2018-12-11 16:38:10 - [TEST_STEP][PASSED] - Statement - counter = counter + 1: null

2018-12-11 16:38:10 - [TEST_STEP][PASSED] - Statement - PreSaveFile = new java.io.File(((pathPrefix + java.lang.Integer.toString(counter)) + .png)): null

2018-12-11 16:38:10 - [TEST_STEP][PASSED] - Statement - counter = counter + 1: null

2018-12-11 16:38:10 - [TEST_STEP][PASSED] - Statement - PreSaveFile = new java.io.File(((pathPrefix + java.lang.Integer.toString(counter)) + .png)): null

2018-12-11 16:38:10 - [TEST_STEP][PASSED] - Statement - counter = counter + 1: null

2018-12-11 16:38:10 - [TEST_STEP][PASSED] - Statement - PreSaveFile = new java.io.File(((pathPrefix + java.lang.Integer.toString(counter)) + .png)): null

2018-12-11 16:38:10 - [TEST_STEP][PASSED] - Statement - counter = counter + 1: null

2018-12-11 16:38:10 - [TEST_STEP][PASSED] - Statement - PreSaveFile = new java.io.File(((pathPrefix + java.lang.Integer.toString(counter)) + .png)): null

2018-12-11 16:38:10 - [TEST_STEP][PASSED] - Statement - counter = counter + 1: null

2018-12-11 16:38:10 - [TEST_STEP][PASSED] - Statement - PreSaveFile = new java.io.File(((pathPrefix + java.lang.Integer.toString(counter)) + .png)): null

2018-12-11 16:38:10 - [TEST_STEP][PASSED] - Statement - counter = counter + 1: null

2018-12-11 16:38:10 - [TEST_STEP][PASSED] - Statement - PreSaveFile = new java.io.File(((pathPrefix + java.lang.Integer.toString(counter)) + .png)): null

2018-12-11 16:38:10 - [TEST_STEP][PASSED] - Statement - counter = counter + 1: null

2018-12-11 16:38:10 - [TEST_STEP][PASSED] - Statement - PreSaveFile = new java.io.File(((pathPrefix + java.lang.Integer.toString(counter)) + .png)): null

2018-12-11 16:38:10 - [TEST_STEP][PASSED] - Statement - counter = counter + 1: null

2018-12-11 16:38:10 - [TEST_STEP][PASSED] - Statement - PreSaveFile = new java.io.File(((pathPrefix + java.lang.Integer.toString(counter)) + .png)): null

2018-12-11 16:38:10 - [TEST_STEP][PASSED] - Statement - counter = counter + 1: null

2018-12-11 16:38:10 - [TEST_STEP][PASSED] - Statement - PreSaveFile = new java.io.File(((pathPrefix + java.lang.Integer.toString(counter)) + .png)): null

2018-12-11 16:38:10 - [TEST_STEP][PASSED] - Statement - counter = counter + 1: null

2018-12-11 16:38:10 - [TEST_STEP][PASSED] - Statement - PreSaveFile = new java.io.File(((pathPrefix + java.lang.Integer.toString(counter)) + .png)): null

2018-12-11 16:38:10 - [TEST_STEP][PASSED] - Statement - counter = counter + 1: null

2018-12-11 16:38:10 - [TEST_STEP][PASSED] - Statement - PreSaveFile = new java.io.File(((pathPrefix + java.lang.Integer.toString(counter)) + .png)): null

2018-12-11 16:38:10 - [TEST_STEP][PASSED] - Statement - counter = counter + 1: null

2018-12-11 16:38:10 - [TEST_STEP][PASSED] - Statement - PreSaveFile = new java.io.File(((pathPrefix + java.lang.Integer.toString(counter)) + .png)): null

2018-12-11 16:38:10 - [TEST_STEP][PASSED] - Statement - counter = counter + 1: null

2018-12-11 16:38:10 - [TEST_STEP][PASSED] - Statement - PreSaveFile = new java.io.File(((pathPrefix + java.lang.Integer.toString(counter)) + .png)): null

2018-12-11 16:38:10 - [TEST_STEP][PASSED] - Statement - counter = counter + 1: null

2018-12-11 16:38:10 - [TEST_STEP][PASSED] - Statement - PreSaveFile = new java.io.File(((pathPrefix + java.lang.Integer.toString(counter)) + .png)): null

2018-12-11 16:38:10 - [TEST_STEP][PASSED] - Statement - counter = counter + 1: null

2018-12-11 16:38:10 - [TEST_STEP][PASSED] - Statement - PreSaveFile = new java.io.File(((pathPrefix + java.lang.Integer.toString(counter)) + .png)): null

2018-12-11 16:38:10 - [TEST_STEP][PASSED] - Statement - counter = counter + 1: null

2018-12-11 16:38:10 - [TEST_STEP][PASSED] - Statement - PreSaveFile = new java.io.File(((pathPrefix + java.lang.Integer.toString(counter)) + .png)): null

2018-12-11 16:38:10 - [TEST_STEP][PASSED] - Statement - counter = counter + 1: null

2018-12-11 16:38:10 - [TEST_STEP][PASSED] - Statement - PreSaveFile = new java.io.File(((pathPrefix + java.lang.Integer.toString(counter)) + .png)): null

2018-12-11 16:38:10 - [TEST_STEP][PASSED] - Statement - counter = counter + 1: null

2018-12-11 16:38:10 - [TEST_STEP][PASSED] - Statement - PreSaveFile = new java.io.File(((pathPrefix + java.lang.Integer.toString(counter)) + .png)): null

2018-12-11 16:38:10 - [TEST_STEP][PASSED] - Statement - counter = counter + 1: null

2018-12-11 16:38:10 - [TEST_STEP][PASSED] - Statement - PreSaveFile = new java.io.File(((pathPrefix + java.lang.Integer.toString(counter)) + .png)): null

2018-12-11 16:38:10 - [TEST_STEP][PASSED] - Statement - counter = counter + 1: null

2018-12-11 16:38:10 - [TEST_STEP][PASSED] - Statement - PreSaveFile = new java.io.File(((pathPrefix + java.lang.Integer.toString(counter)) + .png)): null

2018-12-11 16:38:10 - [TEST_STEP][PASSED] - Statement - counter = counter + 1: null

2018-12-11 16:38:10 - [TEST_STEP][PASSED] - Statement - PreSaveFile = new java.io.File(((pathPrefix + java.lang.Integer.toString(counter)) + .png)): null

2018-12-11 16:38:10 - [TEST_STEP][PASSED] - Statement - counter = counter + 1: null

2018-12-11 16:38:10 - [TEST_STEP][PASSED] - Statement - PreSaveFile = new java.io.File(((pathPrefix + java.lang.Integer.toString(counter)) + .png)): null

2018-12-11 16:38:10 - [TEST_STEP][PASSED] - Statement - counter = counter + 1: null

2018-12-11 16:38:10 - [TEST_STEP][PASSED] - Statement - PreSaveFile = new java.io.File(((pathPrefix + java.lang.Integer.toString(counter)) + .png)): null

2018-12-11 16:38:10 - [TEST_STEP][PASSED] - Statement - counter = counter + 1: null

2018-12-11 16:38:10 - [TEST_STEP][PASSED] - Statement - PreSaveFile = new java.io.File(((pathPrefix + java.lang.Integer.toString(counter)) + .png)): null

2018-12-11 16:38:10 - [TEST_STEP][PASSED] - Statement - counter = counter + 1: null

2018-12-11 16:38:10 - [TEST_STEP][PASSED] - Statement - PreSaveFile = new java.io.File(((pathPrefix + java.lang.Integer.toString(counter)) + .png)): null

2018-12-11 16:38:10 - [TEST_STEP][PASSED] - Statement - counter = counter + 1: null

2018-12-11 16:38:10 - [TEST_STEP][PASSED] - Statement - PreSaveFile = new java.io.File(((pathPrefix + java.lang.Integer.toString(counter)) + .png)): null

2018-12-11 16:38:10 - [TEST_STEP][PASSED] - Statement - counter = counter + 1: null

2018-12-11 16:38:10 - [TEST_STEP][PASSED] - Statement - PreSaveFile = new java.io.File(((pathPrefix + java.lang.Integer.toString(counter)) + .png)): null

2018-12-11 16:38:10 - [TEST_STEP][PASSED] - Statement - counter = counter + 1: null

2018-12-11 16:38:10 - [TEST_STEP][PASSED] - Statement - PreSaveFile = new java.io.File(((pathPrefix + java.lang.Integer.toString(counter)) + .png)): null

2018-12-11 16:38:10 - [TEST_STEP][PASSED] - Statement - counter = counter + 1: null

2018-12-11 16:38:10 - [TEST_STEP][PASSED] - Statement - PreSaveFile = new java.io.File(((pathPrefix + java.lang.Integer.toString(counter)) + .png)): null

2018-12-11 16:38:10 - [TEST_STEP][PASSED] - Statement - counter = counter + 1: null

2018-12-11 16:38:10 - [TEST_STEP][PASSED] - Statement - PreSaveFile = new java.io.File(((pathPrefix + java.lang.Integer.toString(counter)) + .png)): null

2018-12-11 16:38:10 - [TEST_STEP][PASSED] - Statement - counter = counter + 1: null

2018-12-11 16:38:10 - [TEST_STEP][PASSED] - Statement - PreSaveFile = new java.io.File(((pathPrefix + java.lang.Integer.toString(counter)) + .png)): null

2018-12-11 16:38:10 - [TEST_STEP][PASSED] - Statement - counter = counter + 1: null

2018-12-11 16:38:10 - [TEST_STEP][PASSED] - Statement - PreSaveFile = new java.io.File(((pathPrefix + java.lang.Integer.toString(counter)) + .png)): null

2018-12-11 16:38:10 - [TEST_STEP][PASSED] - Statement - counter = counter + 1: null

2018-12-11 16:38:10 - [TEST_STEP][PASSED] - Statement - PreSaveFile = new java.io.File(((pathPrefix + java.lang.Integer.toString(counter)) + .png)): null

2018-12-11 16:38:10 - [TEST_STEP][PASSED] - Statement - counter = counter + 1: null

2018-12-11 16:38:10 - [TEST_STEP][PASSED] - Statement - PreSaveFile = new java.io.File(((pathPrefix + java.lang.Integer.toString(counter)) + .png)): null

2018-12-11 16:38:10 - [TEST_STEP][PASSED] - Statement - counter = counter + 1: null

2018-12-11 16:38:10 - [TEST_STEP][PASSED] - Statement - PreSaveFile = new java.io.File(((pathPrefix + java.lang.Integer.toString(counter)) + .png)): null

2018-12-11 16:38:10 - [TEST_STEP][PASSED] - Statement - counter = counter + 1: null

2018-12-11 16:38:10 - [TEST_STEP][PASSED] - Statement - PreSaveFile = new java.io.File(((pathPrefix + java.lang.Integer.toString(counter)) + .png)): null

2018-12-11 16:38:10 - [TEST_STEP][PASSED] - Statement - counter = counter + 1: null

2018-12-11 16:38:10 - [TEST_STEP][PASSED] - Statement - PreSaveFile = new java.io.File(((pathPrefix + java.lang.Integer.toString(counter)) + .png)): null

2018-12-11 16:38:10 - [TEST_STEP][PASSED] - Statement - counter = counter + 1: null

2018-12-11 16:38:10 - [TEST_STEP][PASSED] - Statement - PreSaveFile = new java.io.File(((pathPrefix + java.lang.Integer.toString(counter)) + .png)): null

2018-12-11 16:38:10 - [TEST_STEP][PASSED] - Statement - counter = counter + 1: null

2018-12-11 16:38:10 - [TEST_STEP][PASSED] - Statement - PreSaveFile = new java.io.File(((pathPrefix + java.lang.Integer.toString(counter)) + .png)): null

2018-12-11 16:38:10 - [TEST_STEP][PASSED] - Statement - counter = counter + 1: null

2018-12-11 16:38:10 - [TEST_STEP][PASSED] - Statement - PreSaveFile = new java.io.File(((pathPrefix + java.lang.Integer.toString(counter)) + .png)): null

2018-12-11 16:38:10 - [TEST_STEP][PASSED] - Statement - counter = counter + 1: null

2018-12-11 16:38:10 - [TEST_STEP][PASSED] - Statement - PreSaveFile = new java.io.File(((pathPrefix + java.lang.Integer.toString(counter)) + .png)): null

2018-12-11 16:38:10 - [TEST_STEP][PASSED] - Statement - counter = counter + 1: null

2018-12-11 16:38:10 - [TEST_STEP][PASSED] - Statement - PreSaveFile = new java.io.File(((pathPrefix + java.lang.Integer.toString(counter)) + .png)): null

2018-12-11 16:38:10 - [TEST_STEP][PASSED] - Statement - counter = counter + 1: null

2018-12-11 16:38:10 - [TEST_STEP][PASSED] - Statement - PreSaveFile = new java.io.File(((pathPrefix + java.lang.Integer.toString(counter)) + .png)): null

2018-12-11 16:38:10 - [TEST_STEP][PASSED] - Statement - counter = counter + 1: null

2018-12-11 16:38:10 - [TEST_STEP][PASSED] - Statement - PreSaveFile = new java.io.File(((pathPrefix + java.lang.Integer.toString(counter)) + .png)): null

2018-12-11 16:38:10 - [TEST_STEP][PASSED] - Statement - counter = counter + 1: null

2018-12-11 16:38:10 - [TEST_STEP][PASSED] - Statement - PreSaveFile = new java.io.File(((pathPrefix + java.lang.Integer.toString(counter)) + .png)): null

2018-12-11 16:38:10 - [TEST_STEP][PASSED] - Statement - counter = counter + 1: null

2018-12-11 16:38:10 - [TEST_STEP][PASSED] - Statement - PreSaveFile = new java.io.File(((pathPrefix + java.lang.Integer.toString(counter)) + .png)): null

2018-12-11 16:38:10 - [TEST_STEP][PASSED] - Statement - finalPath = pathPrefix + java.lang.Integer.toString(counter) + ".png": null

2018-12-11 16:38:10 - [TEST_STEP][PASSED] - Statement - SaveFile = new java.io.File(finalPath): null

2018-12-11 16:38:10 - [TEST_STEP][PASSED] - Statement - Try: null

2018-12-11 16:38:10 - [TEST_STEP][PASSED] - Statement - org.apache.commons.io.FileUtils.copyFile(scrFile, SaveFile): null

2018-12-11 16:38:10 - [TEST_STEP][PASSED] - Statement - out.println("file kept"): null

2018-12-11 16:38:10 - [TEST_STEP][PASSED] - delay: Delayed 10 second(s)

2018-12-11 16:38:20 - [MESSAGE][PASSED] - Delayed 10 second(s)

2018-12-11 16:38:20 - [MESSAGE][PASSED] - Call Test Case 'Test Cases/Final Aug 2018 - PKS Automation/Common/Screenshoting tool' successfully

2018-12-11 16:38:20 - [TEST_STEP][PASSED] - callTestCase: Call Test Case 'Test Cases/Final Aug 2018 - PKS Automation/Registration Module/Log Out/log out avoiding katalon tagging' successfully

2018-12-11 16:38:20 - [TEST_CASE][PASSED] - Test Cases/Final Aug 2018 - PKS Automation/Registration Module/Log Out/log out avoiding katalon tagging: Test Cases/Final Aug 2018 - PKS Automation/Registration Module/Log Out/log out avoiding katalon tagging

2018-12-11 16:38:20 - [TEST_STEP][PASSED] - navigateToUrl: Navigate to 'https://assist2-uat.perkeso.gov.my/c/portal/logout' successfully

2018-12-11 16:38:21 - [MESSAGE][PASSED] - Navigate to 'https://assist2-uat.perkeso.gov.my/c/portal/logout' successfully

2018-12-11 16:38:21 - [MESSAGE][PASSED] - Call Test Case 'Test Cases/Final Aug 2018 - PKS Automation/Registration Module/Log Out/log out avoiding katalon tagging' successfully

2018-12-11 16:38:21 - [TEST_STEP][PASSED] - callTestCase: Call Test Case 'Test Cases/Final Aug 2018 - PKS Automation/Common/Workflow Owner Finder' successfully

2018-12-11 16:38:21 - [TEST_CASE][PASSED] - Test Cases/Final Aug 2018 - PKS Automation/Common/Workflow Owner Finder: Test Cases/Final Aug 2018 - PKS Automation/Common/Workflow Owner Finder

2018-12-11 16:38:21 - [TEST_STEP][PASSED] - openBrowser: Browser is opened with url: ''

2018-12-11 16:38:21 - [MESSAGE][WARNING] - A browser is already opened. Closing browser and opening a new one

2018-12-11 16:38:26 - [MESSAGE][PASSED] - Browser is opened with url: ''

2018-12-11 16:38:26 - [TEST_STEP][PASSED] - navigateToUrl: Navigate to 'https://assist2-uat.perkeso.gov.my/login' successfully

2018-12-11 16:38:27 - [MESSAGE][PASSED] - Navigate to 'https://assist2-uat.perkeso.gov.my/login' successfully

2018-12-11 16:38:27 - [TEST_STEP][PASSED] - delay: Delayed 5 second(s)

2018-12-11 16:38:32 - [MESSAGE][PASSED] - Delayed 5 second(s)

2018-12-11 16:38:32 - [TEST_STEP][PASSED] - setText: Text 'test@liferay.com' is set on object 'Object Repository/Final Object Repo/Login Page/Internal User/Email Address'

2018-12-11 16:38:32 - [MESSAGE][PASSED] - Text 'test@liferay.com' is set on object 'Object Repository/Final Object Repo/Login Page/Internal User/Email Address'

2018-12-11 16:38:32 - [TEST_STEP][PASSED] - click: Object: 'Object Repository/Final Object Repo/Login Page/Internal User/Next Button' is clicked on

2018-12-11 16:38:33 - [MESSAGE][PASSED] - Object: 'Object Repository/Final Object Repo/Login Page/Internal User/Next Button' is clicked on

2018-12-11 16:38:33 - [TEST_STEP][PASSED] - delay: Delayed 2 second(s)

2018-12-11 16:38:35 - [MESSAGE][PASSED] - Delayed 2 second(s)

2018-12-11 16:38:35 - [TEST_STEP][PASSED] - setText: Text 'test' is set on object 'Object Repository/Final Object Repo/Login Page/Internal User/Password'

2018-12-11 16:38:35 - [MESSAGE][PASSED] - Text 'test' is set on object 'Object Repository/Final Object Repo/Login Page/Internal User/Password'

2018-12-11 16:38:35 - [TEST_STEP][PASSED] - delay: Delayed 2 second(s)

2018-12-11 16:38:37 - [MESSAGE][PASSED] - Delayed 2 second(s)

2018-12-11 16:38:37 - [TEST_STEP][PASSED] - click: Object: 'Object Repository/Final Object Repo/Login Page/Internal User/Login Button' is clicked on

2018-12-11 16:38:37 - [MESSAGE][PASSED] - Object: 'Object Repository/Final Object Repo/Login Page/Internal User/Login Button' is clicked on

2018-12-11 16:38:37 - [TEST_STEP][PASSED] - Statement - tester = com.kms.katalon.core.testobject.ObjectRepository.findTestObject(Final Object Repo/Landing Page/Select to English): Finding Test Object with id 'Object Repository/Final Object Repo/Landing Page/Select to English'

2018-12-11 16:38:37 - [TEST_STEP][PASSED] - Statement - Try: Delayed 2 second(s)

2018-12-11 16:38:37 - [TEST_STEP][PASSED] - Statement - Checker = com.kms.katalon.core.webui.keyword.WebUiBuiltInKeywords.verifyElementNotPresent(tester, 3): Web element with id: 'Object Repository/Final Object Repo/Landing Page/Select to English' located by 'By.xpath: //a[@class = 'taglib-language-list-text' and @lang = 'en-US' and (contains(text(), 'EN') or contains(., 'EN'))]' is not present after '3' second(s)

2018-12-11 16:38:39 - [MESSAGE][PASSED] - Web element with id: 'Object Repository/Final Object Repo/Landing Page/Select to English' located by 'By.xpath: //a[@class = 'taglib-language-list-text' and @lang = 'en-US' and (contains(text(), 'EN') or contains(., 'EN'))]' is not present after '3' second(s)

2018-12-11 16:38:39 - [TEST_STEP][PASSED] - Statement - If (Checker == false): null

2018-12-11 16:38:39 - [TEST_STEP][PASSED] - delay: Delayed 2 second(s)

2018-12-11 16:38:41 - [MESSAGE][PASSED] - Delayed 2 second(s)

2018-12-11 16:38:41 - [TEST_STEP][PASSED] - delay: Delayed 5 second(s)

2018-12-11 16:38:46 - [MESSAGE][PASSED] - Delayed 5 second(s)

2018-12-11 16:38:46 - [TEST_STEP][PASSED] - mouseOver: Object: 'Object Repository/Final Object Repo/Landing Page/WorkFlow Menu' is hovered

2018-12-11 16:38:46 - [MESSAGE][PASSED] - Object: 'Object Repository/Final Object Repo/Landing Page/WorkFlow Menu' is hovered

2018-12-11 16:38:46 - [TEST_STEP][PASSED] - delay: Delayed 2 second(s)

2018-12-11 16:38:48 - [MESSAGE][PASSED] - Delayed 2 second(s)

2018-12-11 16:38:48 - [TEST_STEP][PASSED] - click: Object: 'Object Repository/Final Object Repo/Landing Page/Select to Workflow Listing' is clicked on

2018-12-11 16:38:49 - [MESSAGE][PASSED] - Object: 'Object Repository/Final Object Repo/Landing Page/Select to Workflow Listing' is clicked on

2018-12-11 16:38:49 - [TEST_STEP][PASSED] - delay: Delayed 2 second(s)

2018-12-11 16:38:51 - [MESSAGE][PASSED] - Delayed 2 second(s)

2018-12-11 16:38:51 - [TEST_STEP][PASSED] - click: Object: 'Object Repository/Final Object Repo/WorkFlow Listing Page/Search Information - To Put Ref No' is clicked on

2018-12-11 16:38:51 - [MESSAGE][PASSED] - Object: 'Object Repository/Final Object Repo/WorkFlow Listing Page/Search Information - To Put Ref No' is clicked on

2018-12-11 16:38:51 - [TEST_STEP][PASSED] - delay: Delayed 2 second(s)

2018-12-11 16:38:53 - [MESSAGE][PASSED] - Delayed 2 second(s)

2018-12-11 16:38:53 - [TEST_STEP][PASSED] - callTestCase: Call Test Case 'Test Cases/Final Aug 2018 - PKS Automation/Common/Reference Number Getter' successfully

2018-12-11 16:38:54 - [TEST_CASE][PASSED] - Test Cases/Final Aug 2018 - PKS Automation/Common/Reference Number Getter: Test Cases/Final Aug 2018 - PKS Automation/Common/Reference Number Getter

2018-12-11 16:38:54 - [TEST_STEP][PASSED] - Statement - Try: null

2018-12-11 16:38:54 - [TEST_STEP][PASSED] - Statement - RefNo = new java.io.File(C://Users//Admin//Desktop//PKS//Automation Reference Point//KatalonReference.txt): null

2018-12-11 16:38:54 - [TEST_STEP][PASSED] - Statement - bufferread = new java.io.BufferedReader(new java.io.FileReader(RefNo)): null

2018-12-11 16:38:54 - [TEST_STEP][PASSED] - Statement - readedVal = bufferread.readLine(): null

2018-12-11 16:38:54 - [TEST_STEP][PASSED] - Statement - out.println(CaseReferenceNo): null

2018-12-11 16:38:54 - [TEST_STEP][PASSED] - Statement - out.println(readedVal): null

2018-12-11 16:38:54 - [TEST_STEP][PASSED] - Statement - CaseReferenceNo = "": null

2018-12-11 16:38:54 - [TEST_STEP][PASSED] - Statement - CaseReferenceNo = readedVal: null

2018-12-11 16:38:54 - [MESSAGE][PASSED] - Call Test Case 'Test Cases/Final Aug 2018 - PKS Automation/Common/Reference Number Getter' successfully

2018-12-11 16:38:54 - [TEST_STEP][PASSED] - setText: Text 'CAN12201800002304' is set on object 'Object Repository/Final Object Repo/WorkFlow Listing Page/Ref No Set Text'

2018-12-11 16:38:54 - [MESSAGE][PASSED] - Text 'CAN12201800002304' is set on object 'Object Repository/Final Object Repo/WorkFlow Listing Page/Ref No Set Text'

2018-12-11 16:38:54 - [TEST_STEP][PASSED] - delay: Delayed 2 second(s)

2018-12-11 16:38:56 - [MESSAGE][PASSED] - Delayed 2 second(s)

2018-12-11 16:38:56 - [TEST_STEP][PASSED] - click: Object: 'Object Repository/Final Object Repo/WorkFlow Listing Page/Search Ref No Search Button' is clicked on

2018-12-11 16:38:56 - [MESSAGE][PASSED] - Object: 'Object Repository/Final Object Repo/WorkFlow Listing Page/Search Ref No Search Button' is clicked on

2018-12-11 16:38:56 - [TEST_STEP][PASSED] - delay: Delayed 6 second(s)

2018-12-11 16:39:02 - [MESSAGE][PASSED] - Delayed 6 second(s)

2018-12-11 16:39:02 - [TEST_STEP][PASSED] - click: Object: 'Object Repository/Final Object Repo/WorkFlow Listing Page/Click Continue Tooltip' is clicked on

2018-12-11 16:39:03 - [MESSAGE][PASSED] - Object: 'Object Repository/Final Object Repo/WorkFlow Listing Page/Click Continue Tooltip' is clicked on

2018-12-11 16:39:03 - [TEST_STEP][PASSED] - delay: Delayed 5 second(s)

2018-12-11 16:39:08 - [MESSAGE][PASSED] - Delayed 5 second(s)

2018-12-11 16:39:08 - [TEST_STEP][PASSED] - doubleClick: Object: 'Object Repository/Final Object Repo/WorkFlow Listing Page/Workflow Found - Listing 1' is double clicked on

2018-12-11 16:39:08 - [MESSAGE][PASSED] - Object: 'Object Repository/Final Object Repo/WorkFlow Listing Page/Workflow Found - Listing 1' is double clicked on

2018-12-11 16:39:08 - [TEST_STEP][PASSED] - Statement - println(OwnerID): null

2018-12-11 16:39:08 - [TEST_STEP][PASSED] - Statement - OwnerID = com.kms.katalon.core.webui.keyword.WebUiBuiltInKeywords.getText(com.kms.katalon.core.testobject.ObjectRepository.findTestObject(Final Object Repo/WorkFlow Listing Page/Workflow Found - Listing 1), STOP_ON_FAILURE): Text of object 'Object Repository/Final Object Repo/WorkFlow Listing Page/Workflow Found - Listing 1' is: 'KLpkrbo3'

2018-12-11 16:39:08 - [MESSAGE][PASSED] - Text of object 'Object Repository/Final Object Repo/WorkFlow Listing Page/Workflow Found - Listing 1' is: 'KLpkrbo3'

2018-12-11 16:39:08 - [TEST_STEP][PASSED] - Statement - OwnerID = OwnerID.toLowerCase() + "@gmail.com": null

2018-12-11 16:39:08 - [TEST_STEP][PASSED] - Statement - println(OwnerID): null

2018-12-11 16:39:08 - [TEST_STEP][PASSED] - delay: Delayed 2 second(s)

2018-12-11 16:39:10 - [MESSAGE][PASSED] - Delayed 2 second(s)

2018-12-11 16:39:10 - [MESSAGE][PASSED] - Call Test Case 'Test Cases/Final Aug 2018 - PKS Automation/Common/Workflow Owner Finder' successfully

2018-12-11 16:39:10 - [TEST_STEP][PASSED] - callTestCase: Call Test Case 'Test Cases/Final Aug 2018 - PKS Automation/Registration Module/Log Out/log out avoiding katalon tagging' successfully

2018-12-11 16:39:10 - [TEST_CASE][PASSED] - Test Cases/Final Aug 2018 - PKS Automation/Registration Module/Log Out/log out avoiding katalon tagging: Test Cases/Final Aug 2018 - PKS Automation/Registration Module/Log Out/log out avoiding katalon tagging

2018-12-11 16:39:10 - [TEST_STEP][PASSED] - navigateToUrl: Navigate to 'https://assist2-uat.perkeso.gov.my/c/portal/logout' successfully

2018-12-11 16:39:11 - [MESSAGE][PASSED] - Navigate to 'https://assist2-uat.perkeso.gov.my/c/portal/logout' successfully

2018-12-11 16:39:11 - [MESSAGE][PASSED] - Call Test Case 'Test Cases/Final Aug 2018 - PKS Automation/Registration Module/Log Out/log out avoiding katalon tagging' successfully

2018-12-11 16:39:11 - [TEST_STEP][PASSED] - delay: Delayed 2 second(s)

2018-12-11 16:39:13 - [MESSAGE][PASSED] - Delayed 2 second(s)

2018-12-11 16:39:13 - [TEST_STEP][PASSED] - setText: Text 'klpkrbo3@gmail.com' is set on object 'Object Repository/Final Object Repo/Page_Update Add New Employee - ASSIST/Email TextBox'

2018-12-11 16:39:13 - [MESSAGE][PASSED] - Text 'klpkrbo3@gmail.com' is set on object 'Object Repository/Final Object Repo/Page_Update Add New Employee - ASSIST/Email TextBox'

2018-12-11 16:39:13 - [TEST_STEP][PASSED] - click: Object: 'Object Repository/Final Object Repo/Page_Update Add New Employee - ASSIST/Next Button' is clicked on

2018-12-11 16:39:14 - [MESSAGE][PASSED] - Object: 'Object Repository/Final Object Repo/Page_Update Add New Employee - ASSIST/Next Button' is clicked on

2018-12-11 16:39:14 - [TEST_STEP][PASSED] - delay: Delayed 2 second(s)

2018-12-11 16:39:16 - [MESSAGE][PASSED] - Delayed 2 second(s)

2018-12-11 16:39:16 - [TEST_STEP][PASSED] - setText: Text 'Test1@3456789' is set on object 'Object Repository/Final Object Repo/Page_Update Add New Employee - ASSIST/Password TextBox'

2018-12-11 16:39:16 - [MESSAGE][PASSED] - Text 'Test1@3456789' is set on object 'Object Repository/Final Object Repo/Page_Update Add New Employee - ASSIST/Password TextBox'

2018-12-11 16:39:16 - [TEST_STEP][PASSED] - delay: Delayed 2 second(s)

2018-12-11 16:39:18 - [MESSAGE][PASSED] - Delayed 2 second(s)

2018-12-11 16:39:18 - [TEST_STEP][PASSED] - click: Object: 'Object Repository/Final Object Repo/Page_Update Add New Employee - ASSIST/Login Button' is clicked on

2018-12-11 16:39:18 - [MESSAGE][PASSED] - Object: 'Object Repository/Final Object Repo/Page_Update Add New Employee - ASSIST/Login Button' is clicked on

2018-12-11 16:39:18 - [TEST_STEP][PASSED] - delay: Delayed 4 second(s)

2018-12-11 16:39:22 - [MESSAGE][PASSED] - Delayed 4 second(s)

2018-12-11 16:39:22 - [TEST_STEP][PASSED] - Statement - Try: Delayed 2 second(s)

2018-12-11 16:39:22 - [TEST_STEP][PASSED] - Statement - Checker = false: null

2018-12-11 16:39:22 - [TEST_STEP][PASSED] - Statement - Checker = com.kms.katalon.core.webui.keyword.WebUiBuiltInKeywords.verifyElementHasAttribute(com.kms.katalon.core.testobject.ObjectRepository.findTestObject(Final Object Repo/Landing Page/BM Detecting), "href", 20, OPTIONAL): Object 'Object Repository/Final Object Repo/Landing Page/BM Detecting' has attribute 'href'

2018-12-11 16:39:22 - [MESSAGE][PASSED] - Object 'Object Repository/Final Object Repo/Landing Page/BM Detecting' has attribute 'href'

2018-12-11 16:39:22 - [TEST_STEP][PASSED] - Statement - out.println(Checker): null

2018-12-11 16:39:22 - [TEST_STEP][PASSED] - Statement - If (Checker == false): null

2018-12-11 16:39:22 - [TEST_STEP][PASSED] - Statement - Else: null

2018-12-11 16:39:22 - [TEST_STEP][PASSED] - delay: Delayed 2 second(s)

2018-12-11 16:39:24 - [MESSAGE][PASSED] - Delayed 2 second(s)

2018-12-11 16:39:24 - [TEST_STEP][PASSED] - delay: Delayed 4 second(s)

2018-12-11 16:39:28 - [MESSAGE][PASSED] - Delayed 4 second(s)

2018-12-11 16:39:28 - [TEST_STEP][PASSED] - click: Object: 'Object Repository/Final Object Repo/New Registration - Registration Module Pages/New Reg - OTC to RO/Special Case - All Related Objects/Expand to Search' is clicked on

2018-12-11 16:39:28 - [MESSAGE][PASSED] - Object: 'Object Repository/Final Object Repo/New Registration - Registration Module Pages/New Reg - OTC to RO/Special Case - All Related Objects/Expand to Search' is clicked on

2018-12-11 16:39:28 - [TEST_STEP][PASSED] - delay: Delayed 2 second(s)

2018-12-11 16:39:30 - [MESSAGE][PASSED] - Delayed 2 second(s)

2018-12-11 16:39:30 - [TEST_STEP][PASSED] - setText: Text 'CAN12201800002304' is set on object 'Object Repository/Final Object Repo/New Registration - Registration Module Pages/New Reg - OTC to RO/Special Case - All Related Objects/TextBox RefNo in Workbasket'

2018-12-11 16:39:31 - [MESSAGE][PASSED] - Text 'CAN12201800002304' is set on object 'Object Repository/Final Object Repo/New Registration - Registration Module Pages/New Reg - OTC to RO/Special Case - All Related Objects/TextBox RefNo in Workbasket'

2018-12-11 16:39:31 - [TEST_STEP][PASSED] - delay: Delayed 2 second(s)

2018-12-11 16:39:33 - [MESSAGE][PASSED] - Delayed 2 second(s)

2018-12-11 16:39:33 - [TEST_STEP][PASSED] - click: Object: 'Object Repository/Final Object Repo/New Registration - Registration Module Pages/New Reg - OTC to RO/Special Case - All Related Objects/Click Search' is clicked on

2018-12-11 16:39:33 - [MESSAGE][PASSED] - Object: 'Object Repository/Final Object Repo/New Registration - Registration Module Pages/New Reg - OTC to RO/Special Case - All Related Objects/Click Search' is clicked on

2018-12-11 16:39:33 - [TEST_STEP][PASSED] - delay: Delayed 2 second(s)

2018-12-11 16:39:35 - [MESSAGE][PASSED] - Delayed 2 second(s)

2018-12-11 16:39:35 - [TEST_STEP][PASSED] - click: Object: 'Object Repository/Final Object Repo/New Registration - Registration Module Pages/New Reg - OTC to RO/Special Case - All Related Objects/Click to Continue Workflow' is clicked on

2018-12-11 16:39:38 - [MESSAGE][PASSED] - Object: 'Object Repository/Final Object Repo/New Registration - Registration Module Pages/New Reg - OTC to RO/Special Case - All Related Objects/Click to Continue Workflow' is clicked on

2018-12-11 16:39:38 - [TEST_STEP][PASSED] - delay: Delayed 10 second(s)

2018-12-11 16:39:48 - [MESSAGE][PASSED] - Delayed 10 second(s)

2018-12-11 16:39:48 - [TEST_STEP][PASSED] - click: Object: 'Object Repository/Final Object Repo/Page_Update Add New Employee - ASSIST/Save  Continue Button' is clicked on

2018-12-11 16:39:48 - [MESSAGE][PASSED] - Object: 'Object Repository/Final Object Repo/Page_Update Add New Employee - ASSIST/Save  Continue Button' is clicked on

2018-12-11 16:39:48 - [TEST_STEP][PASSED] - delay: Delayed 4 second(s)

2018-12-11 16:39:52 - [MESSAGE][PASSED] - Delayed 4 second(s)

2018-12-11 16:39:52 - [TEST_STEP][PASSED] - click: Object: 'Object Repository/Final Object Repo/Page_Update Add New Employee - ASSIST/Save  Continue Third Screen' is clicked on

2018-12-11 16:39:55 - [MESSAGE][PASSED] - Object: 'Object Repository/Final Object Repo/Page_Update Add New Employee - ASSIST/Save  Continue Third Screen' is clicked on

2018-12-11 16:39:55 - [TEST_STEP][PASSED] - delay: Delayed 4 second(s)

2018-12-11 16:39:59 - [MESSAGE][PASSED] - Delayed 4 second(s)

2018-12-11 16:39:59 - [TEST_STEP][PASSED] - click: Object: 'Object Repository/Final Object Repo/Page_Update Add New Employee - ASSIST/Save   Continue Supporting Doc Page' is clicked on

2018-12-11 16:40:00 - [MESSAGE][PASSED] - Object: 'Object Repository/Final Object Repo/Page_Update Add New Employee - ASSIST/Save   Continue Supporting Doc Page' is clicked on

2018-12-11 16:40:00 - [TEST_STEP][PASSED] - delay: Delayed 4 second(s)

2018-12-11 16:40:04 - [MESSAGE][PASSED] - Delayed 4 second(s)

2018-12-11 16:40:04 - [TEST_STEP][PASSED] - click: Object: 'Object Repository/Final Object Repo/Page_Update Add New Employee - ASSIST/Submit Button' is clicked on

2018-12-11 16:40:04 - [MESSAGE][PASSED] - Object: 'Object Repository/Final Object Repo/Page_Update Add New Employee - ASSIST/Submit Button' is clicked on

2018-12-11 16:40:04 - [TEST_STEP][PASSED] - delay: Delayed 4 second(s)

2018-12-11 16:40:08 - [MESSAGE][PASSED] - Delayed 4 second(s)

2018-12-11 16:40:08 - [TEST_STEP][PASSED] - click: Object: 'Object Repository/Final Object Repo/Page_Update Add New Employee - ASSIST/Confirm Submit Button' is clicked on

2018-12-11 16:40:08 - [MESSAGE][PASSED] - Object: 'Object Repository/Final Object Repo/Page_Update Add New Employee - ASSIST/Confirm Submit Button' is clicked on

2018-12-11 16:40:08 - [TEST_STEP][PASSED] - delay: Delayed 30 second(s)

2018-12-11 16:40:38 - [MESSAGE][PASSED] - Delayed 30 second(s)

2018-12-11 16:40:38 - [TEST_STEP][PASSED] - callTestCase: Call Test Case 'Test Cases/Final Aug 2018 - PKS Automation/Common/Screenshoting tool' successfully

2018-12-11 16:40:38 - [TEST_CASE][PASSED] - Test Cases/Final Aug 2018 - PKS Automation/Common/Screenshoting tool: Test Cases/Final Aug 2018 - PKS Automation/Common/Screenshoting tool

2018-12-11 16:40:38 - [TEST_STEP][PASSED] - delay: Delayed 15 second(s)

2018-12-11 16:40:53 - [MESSAGE][PASSED] - Delayed 15 second(s)

2018-12-11 16:40:53 - [TEST_STEP][PASSED] - Statement - driver = com.kms.katalon.core.webui.driver.DriverFactory.getWebDriver(): null

2018-12-11 16:40:53 - [TEST_STEP][PASSED] - Statement - driver.manage().timeouts().implicitlyWait(10, SECONDS): null

2018-12-11 16:40:53 - [TEST_STEP][PASSED] - Statement - PresavePath = KatalonScreenshots: null

2018-12-11 16:40:53 - [TEST_STEP][PASSED] - Statement - pathPrefix = "C:\Users\Public\Pictures\Sample Pictures\Katalon Screenshots\Automate Ending Screen": null

2018-12-11 16:40:53 - [TEST_STEP][PASSED] - Statement - finalPath = <not implemented yet for class: org.codehaus.groovy.ast.expr.EmptyExpression>: null

2018-12-11 16:40:53 - [TEST_STEP][PASSED] - Statement - scrFile = driver.getScreenshotAs(FILE): null

2018-12-11 16:40:53 - [TEST_STEP][PASSED] - Statement - PreSaveFile = new java.io.File(PresavePath): null

2018-12-11 16:40:53 - [TEST_STEP][PASSED] - Statement - counter = 0: null

2018-12-11 16:40:53 - [TEST_STEP][PASSED] - Statement - If (PreSaveFile.exists()): null

2018-12-11 16:40:53 - [TEST_STEP][PASSED] - Statement - While (PreSaveFile.exists()): null

2018-12-11 16:40:53 - [TEST_STEP][PASSED] - Statement - counter = counter + 1: null

2018-12-11 16:40:53 - [TEST_STEP][PASSED] - Statement - PreSaveFile = new java.io.File(((pathPrefix + java.lang.Integer.toString(counter)) + .png)): null

2018-12-11 16:40:53 - [TEST_STEP][PASSED] - Statement - counter = counter + 1: null

2018-12-11 16:40:53 - [TEST_STEP][PASSED] - Statement - PreSaveFile = new java.io.File(((pathPrefix + java.lang.Integer.toString(counter)) + .png)): null

2018-12-11 16:40:53 - [TEST_STEP][PASSED] - Statement - counter = counter + 1: null

2018-12-11 16:40:53 - [TEST_STEP][PASSED] - Statement - PreSaveFile = new java.io.File(((pathPrefix + java.lang.Integer.toString(counter)) + .png)): null

2018-12-11 16:40:53 - [TEST_STEP][PASSED] - Statement - counter = counter + 1: null

2018-12-11 16:40:53 - [TEST_STEP][PASSED] - Statement - PreSaveFile = new java.io.File(((pathPrefix + java.lang.Integer.toString(counter)) + .png)): null

2018-12-11 16:40:53 - [TEST_STEP][PASSED] - Statement - counter = counter + 1: null

2018-12-11 16:40:53 - [TEST_STEP][PASSED] - Statement - PreSaveFile = new java.io.File(((pathPrefix + java.lang.Integer.toString(counter)) + .png)): null

2018-12-11 16:40:53 - [TEST_STEP][PASSED] - Statement - counter = counter + 1: null

2018-12-11 16:40:53 - [TEST_STEP][PASSED] - Statement - PreSaveFile = new java.io.File(((pathPrefix + java.lang.Integer.toString(counter)) + .png)): null

2018-12-11 16:40:53 - [TEST_STEP][PASSED] - Statement - counter = counter + 1: null

2018-12-11 16:40:53 - [TEST_STEP][PASSED] - Statement - PreSaveFile = new java.io.File(((pathPrefix + java.lang.Integer.toString(counter)) + .png)): null

2018-12-11 16:40:53 - [TEST_STEP][PASSED] - Statement - counter = counter + 1: null

2018-12-11 16:40:53 - [TEST_STEP][PASSED] - Statement - PreSaveFile = new java.io.File(((pathPrefix + java.lang.Integer.toString(counter)) + .png)): null

2018-12-11 16:40:53 - [TEST_STEP][PASSED] - Statement - counter = counter + 1: null

2018-12-11 16:40:53 - [TEST_STEP][PASSED] - Statement - PreSaveFile = new java.io.File(((pathPrefix + java.lang.Integer.toString(counter)) + .png)): null

2018-12-11 16:40:53 - [TEST_STEP][PASSED] - Statement - counter = counter + 1: null

2018-12-11 16:40:53 - [TEST_STEP][PASSED] - Statement - PreSaveFile = new java.io.File(((pathPrefix + java.lang.Integer.toString(counter)) + .png)): null

2018-12-11 16:40:53 - [TEST_STEP][PASSED] - Statement - counter = counter + 1: null

2018-12-11 16:40:53 - [TEST_STEP][PASSED] - Statement - PreSaveFile = new java.io.File(((pathPrefix + java.lang.Integer.toString(counter)) + .png)): null

2018-12-11 16:40:53 - [TEST_STEP][PASSED] - Statement - counter = counter + 1: null

2018-12-11 16:40:53 - [TEST_STEP][PASSED] - Statement - PreSaveFile = new java.io.File(((pathPrefix + java.lang.Integer.toString(counter)) + .png)): null

2018-12-11 16:40:53 - [TEST_STEP][PASSED] - Statement - counter = counter + 1: null

2018-12-11 16:40:53 - [TEST_STEP][PASSED] - Statement - PreSaveFile = new java.io.File(((pathPrefix + java.lang.Integer.toString(counter)) + .png)): null

2018-12-11 16:40:53 - [TEST_STEP][PASSED] - Statement - counter = counter + 1: null

2018-12-11 16:40:53 - [TEST_STEP][PASSED] - Statement - PreSaveFile = new java.io.File(((pathPrefix + java.lang.Integer.toString(counter)) + .png)): null

2018-12-11 16:40:53 - [TEST_STEP][PASSED] - Statement - counter = counter + 1: null

2018-12-11 16:40:53 - [TEST_STEP][PASSED] - Statement - PreSaveFile = new java.io.File(((pathPrefix + java.lang.Integer.toString(counter)) + .png)): null

2018-12-11 16:40:53 - [TEST_STEP][PASSED] - Statement - counter = counter + 1: null

2018-12-11 16:40:53 - [TEST_STEP][PASSED] - Statement - PreSaveFile = new java.io.File(((pathPrefix + java.lang.Integer.toString(counter)) + .png)): null

2018-12-11 16:40:53 - [TEST_STEP][PASSED] - Statement - counter = counter + 1: null

2018-12-11 16:40:53 - [TEST_STEP][PASSED] - Statement - PreSaveFile = new java.io.File(((pathPrefix + java.lang.Integer.toString(counter)) + .png)): null

2018-12-11 16:40:53 - [TEST_STEP][PASSED] - Statement - counter = counter + 1: null

2018-12-11 16:40:53 - [TEST_STEP][PASSED] - Statement - PreSaveFile = new java.io.File(((pathPrefix + java.lang.Integer.toString(counter)) + .png)): null

2018-12-11 16:40:53 - [TEST_STEP][PASSED] - Statement - counter = counter + 1: null

2018-12-11 16:40:53 - [TEST_STEP][PASSED] - Statement - PreSaveFile = new java.io.File(((pathPrefix + java.lang.Integer.toString(counter)) + .png)): null

2018-12-11 16:40:53 - [TEST_STEP][PASSED] - Statement - counter = counter + 1: null

2018-12-11 16:40:53 - [TEST_STEP][PASSED] - Statement - PreSaveFile = new java.io.File(((pathPrefix + java.lang.Integer.toString(counter)) + .png)): null

2018-12-11 16:40:53 - [TEST_STEP][PASSED] - Statement - counter = counter + 1: null

2018-12-11 16:40:53 - [TEST_STEP][PASSED] - Statement - PreSaveFile = new java.io.File(((pathPrefix + java.lang.Integer.toString(counter)) + .png)): null

2018-12-11 16:40:53 - [TEST_STEP][PASSED] - Statement - counter = counter + 1: null

2018-12-11 16:40:53 - [TEST_STEP][PASSED] - Statement - PreSaveFile = new java.io.File(((pathPrefix + java.lang.Integer.toString(counter)) + .png)): null

2018-12-11 16:40:53 - [TEST_STEP][PASSED] - Statement - counter = counter + 1: null

2018-12-11 16:40:53 - [TEST_STEP][PASSED] - Statement - PreSaveFile = new java.io.File(((pathPrefix + java.lang.Integer.toString(counter)) + .png)): null

2018-12-11 16:40:53 - [TEST_STEP][PASSED] - Statement - counter = counter + 1: null

2018-12-11 16:40:53 - [TEST_STEP][PASSED] - Statement - PreSaveFile = new java.io.File(((pathPrefix + java.lang.Integer.toString(counter)) + .png)): null

2018-12-11 16:40:53 - [TEST_STEP][PASSED] - Statement - counter = counter + 1: null

2018-12-11 16:40:53 - [TEST_STEP][PASSED] - Statement - PreSaveFile = new java.io.File(((pathPrefix + java.lang.Integer.toString(counter)) + .png)): null

2018-12-11 16:40:53 - [TEST_STEP][PASSED] - Statement - counter = counter + 1: null

2018-12-11 16:40:53 - [TEST_STEP][PASSED] - Statement - PreSaveFile = new java.io.File(((pathPrefix + java.lang.Integer.toString(counter)) + .png)): null

2018-12-11 16:40:53 - [TEST_STEP][PASSED] - Statement - counter = counter + 1: null

2018-12-11 16:40:54 - [TEST_STEP][PASSED] - Statement - PreSaveFile = new java.io.File(((pathPrefix + java.lang.Integer.toString(counter)) + .png)): null

2018-12-11 16:40:54 - [TEST_STEP][PASSED] - Statement - counter = counter + 1: null

2018-12-11 16:40:54 - [TEST_STEP][PASSED] - Statement - PreSaveFile = new java.io.File(((pathPrefix + java.lang.Integer.toString(counter)) + .png)): null

2018-12-11 16:40:54 - [TEST_STEP][PASSED] - Statement - counter = counter + 1: null

2018-12-11 16:40:54 - [TEST_STEP][PASSED] - Statement - PreSaveFile = new java.io.File(((pathPrefix + java.lang.Integer.toString(counter)) + .png)): null

2018-12-11 16:40:54 - [TEST_STEP][PASSED] - Statement - counter = counter + 1: null

2018-12-11 16:40:54 - [TEST_STEP][PASSED] - Statement - PreSaveFile = new java.io.File(((pathPrefix + java.lang.Integer.toString(counter)) + .png)): null

2018-12-11 16:40:54 - [TEST_STEP][PASSED] - Statement - counter = counter + 1: null

2018-12-11 16:40:54 - [TEST_STEP][PASSED] - Statement - PreSaveFile = new java.io.File(((pathPrefix + java.lang.Integer.toString(counter)) + .png)): null

2018-12-11 16:40:54 - [TEST_STEP][PASSED] - Statement - counter = counter + 1: null

2018-12-11 16:40:54 - [TEST_STEP][PASSED] - Statement - PreSaveFile = new java.io.File(((pathPrefix + java.lang.Integer.toString(counter)) + .png)): null

2018-12-11 16:40:54 - [TEST_STEP][PASSED] - Statement - counter = counter + 1: null

2018-12-11 16:40:54 - [TEST_STEP][PASSED] - Statement - PreSaveFile = new java.io.File(((pathPrefix + java.lang.Integer.toString(counter)) + .png)): null

2018-12-11 16:40:54 - [TEST_STEP][PASSED] - Statement - counter = counter + 1: null

2018-12-11 16:40:54 - [TEST_STEP][PASSED] - Statement - PreSaveFile = new java.io.File(((pathPrefix + java.lang.Integer.toString(counter)) + .png)): null

2018-12-11 16:40:54 - [TEST_STEP][PASSED] - Statement - counter = counter + 1: null

2018-12-11 16:40:54 - [TEST_STEP][PASSED] - Statement - PreSaveFile = new java.io.File(((pathPrefix + java.lang.Integer.toString(counter)) + .png)): null

2018-12-11 16:40:54 - [TEST_STEP][PASSED] - Statement - counter = counter + 1: null

2018-12-11 16:40:54 - [TEST_STEP][PASSED] - Statement - PreSaveFile = new java.io.File(((pathPrefix + java.lang.Integer.toString(counter)) + .png)): null

2018-12-11 16:40:54 - [TEST_STEP][PASSED] - Statement - counter = counter + 1: null

2018-12-11 16:40:54 - [TEST_STEP][PASSED] - Statement - PreSaveFile = new java.io.File(((pathPrefix + java.lang.Integer.toString(counter)) + .png)): null

2018-12-11 16:40:54 - [TEST_STEP][PASSED] - Statement - counter = counter + 1: null

2018-12-11 16:40:54 - [TEST_STEP][PASSED] - Statement - PreSaveFile = new java.io.File(((pathPrefix + java.lang.Integer.toString(counter)) + .png)): null

2018-12-11 16:40:54 - [TEST_STEP][PASSED] - Statement - counter = counter + 1: null

2018-12-11 16:40:54 - [TEST_STEP][PASSED] - Statement - PreSaveFile = new java.io.File(((pathPrefix + java.lang.Integer.toString(counter)) + .png)): null

2018-12-11 16:40:54 - [TEST_STEP][PASSED] - Statement - counter = counter + 1: null

2018-12-11 16:40:54 - [TEST_STEP][PASSED] - Statement - PreSaveFile = new java.io.File(((pathPrefix + java.lang.Integer.toString(counter)) + .png)): null

2018-12-11 16:40:54 - [TEST_STEP][PASSED] - Statement - counter = counter + 1: null

2018-12-11 16:40:54 - [TEST_STEP][PASSED] - Statement - PreSaveFile = new java.io.File(((pathPrefix + java.lang.Integer.toString(counter)) + .png)): null

2018-12-11 16:40:54 - [TEST_STEP][PASSED] - Statement - counter = counter + 1: null

2018-12-11 16:40:54 - [TEST_STEP][PASSED] - Statement - PreSaveFile = new java.io.File(((pathPrefix + java.lang.Integer.toString(counter)) + .png)): null

2018-12-11 16:40:54 - [TEST_STEP][PASSED] - Statement - counter = counter + 1: null

2018-12-11 16:40:54 - [TEST_STEP][PASSED] - Statement - PreSaveFile = new java.io.File(((pathPrefix + java.lang.Integer.toString(counter)) + .png)): null

2018-12-11 16:40:54 - [TEST_STEP][PASSED] - Statement - counter = counter + 1: null

2018-12-11 16:40:54 - [TEST_STEP][PASSED] - Statement - PreSaveFile = new java.io.File(((pathPrefix + java.lang.Integer.toString(counter)) + .png)): null

2018-12-11 16:40:54 - [TEST_STEP][PASSED] - Statement - counter = counter + 1: null

2018-12-11 16:40:54 - [TEST_STEP][PASSED] - Statement - PreSaveFile = new java.io.File(((pathPrefix + java.lang.Integer.toString(counter)) + .png)): null

2018-12-11 16:40:54 - [TEST_STEP][PASSED] - Statement - counter = counter + 1: null

2018-12-11 16:40:54 - [TEST_STEP][PASSED] - Statement - PreSaveFile = new java.io.File(((pathPrefix + java.lang.Integer.toString(counter)) + .png)): null

2018-12-11 16:40:54 - [TEST_STEP][PASSED] - Statement - counter = counter + 1: null

2018-12-11 16:40:54 - [TEST_STEP][PASSED] - Statement - PreSaveFile = new java.io.File(((pathPrefix + java.lang.Integer.toString(counter)) + .png)): null

2018-12-11 16:40:54 - [TEST_STEP][PASSED] - Statement - counter = counter + 1: null

2018-12-11 16:40:54 - [TEST_STEP][PASSED] - Statement - PreSaveFile = new java.io.File(((pathPrefix + java.lang.Integer.toString(counter)) + .png)): null

2018-12-11 16:40:54 - [TEST_STEP][PASSED] - Statement - counter = counter + 1: null

2018-12-11 16:40:54 - [TEST_STEP][PASSED] - Statement - PreSaveFile = new java.io.File(((pathPrefix + java.lang.Integer.toString(counter)) + .png)): null

2018-12-11 16:40:54 - [TEST_STEP][PASSED] - Statement - counter = counter + 1: null

2018-12-11 16:40:54 - [TEST_STEP][PASSED] - Statement - PreSaveFile = new java.io.File(((pathPrefix + java.lang.Integer.toString(counter)) + .png)): null

2018-12-11 16:40:54 - [TEST_STEP][PASSED] - Statement - counter = counter + 1: null

2018-12-11 16:40:54 - [TEST_STEP][PASSED] - Statement - PreSaveFile = new java.io.File(((pathPrefix + java.lang.Integer.toString(counter)) + .png)): null

2018-12-11 16:40:54 - [TEST_STEP][PASSED] - Statement - counter = counter + 1: null

2018-12-11 16:40:54 - [TEST_STEP][PASSED] - Statement - PreSaveFile = new java.io.File(((pathPrefix + java.lang.Integer.toString(counter)) + .png)): null

2018-12-11 16:40:54 - [TEST_STEP][PASSED] - Statement - counter = counter + 1: null

2018-12-11 16:40:54 - [TEST_STEP][PASSED] - Statement - PreSaveFile = new java.io.File(((pathPrefix + java.lang.Integer.toString(counter)) + .png)): null

2018-12-11 16:40:54 - [TEST_STEP][PASSED] - Statement - counter = counter + 1: null

2018-12-11 16:40:54 - [TEST_STEP][PASSED] - Statement - PreSaveFile = new java.io.File(((pathPrefix + java.lang.Integer.toString(counter)) + .png)): null

2018-12-11 16:40:54 - [TEST_STEP][PASSED] - Statement - counter = counter + 1: null

2018-12-11 16:40:54 - [TEST_STEP][PASSED] - Statement - PreSaveFile = new java.io.File(((pathPrefix + java.lang.Integer.toString(counter)) + .png)): null

2018-12-11 16:40:54 - [TEST_STEP][PASSED] - Statement - counter = counter + 1: null

2018-12-11 16:40:54 - [TEST_STEP][PASSED] - Statement - PreSaveFile = new java.io.File(((pathPrefix + java.lang.Integer.toString(counter)) + .png)): null

2018-12-11 16:40:54 - [TEST_STEP][PASSED] - Statement - counter = counter + 1: null

2018-12-11 16:40:54 - [TEST_STEP][PASSED] - Statement - PreSaveFile = new java.io.File(((pathPrefix + java.lang.Integer.toString(counter)) + .png)): null

2018-12-11 16:40:54 - [TEST_STEP][PASSED] - Statement - counter = counter + 1: null

2018-12-11 16:40:54 - [TEST_STEP][PASSED] - Statement - PreSaveFile = new java.io.File(((pathPrefix + java.lang.Integer.toString(counter)) + .png)): null

2018-12-11 16:40:54 - [TEST_STEP][PASSED] - Statement - counter = counter + 1: null

2018-12-11 16:40:54 - [TEST_STEP][PASSED] - Statement - PreSaveFile = new java.io.File(((pathPrefix + java.lang.Integer.toString(counter)) + .png)): null

2018-12-11 16:40:54 - [TEST_STEP][PASSED] - Statement - counter = counter + 1: null

2018-12-11 16:40:54 - [TEST_STEP][PASSED] - Statement - PreSaveFile = new java.io.File(((pathPrefix + java.lang.Integer.toString(counter)) + .png)): null

2018-12-11 16:40:54 - [TEST_STEP][PASSED] - Statement - counter = counter + 1: null

2018-12-11 16:40:54 - [TEST_STEP][PASSED] - Statement - PreSaveFile = new java.io.File(((pathPrefix + java.lang.Integer.toString(counter)) + .png)): null

2018-12-11 16:40:54 - [TEST_STEP][PASSED] - Statement - counter = counter + 1: null

2018-12-11 16:40:54 - [TEST_STEP][PASSED] - Statement - PreSaveFile = new java.io.File(((pathPrefix + java.lang.Integer.toString(counter)) + .png)): null

2018-12-11 16:40:54 - [TEST_STEP][PASSED] - Statement - counter = counter + 1: null

2018-12-11 16:40:54 - [TEST_STEP][PASSED] - Statement - PreSaveFile = new java.io.File(((pathPrefix + java.lang.Integer.toString(counter)) + .png)): null

2018-12-11 16:40:54 - [TEST_STEP][PASSED] - Statement - counter = counter + 1: null

2018-12-11 16:40:54 - [TEST_STEP][PASSED] - Statement - PreSaveFile = new java.io.File(((pathPrefix + java.lang.Integer.toString(counter)) + .png)): null

2018-12-11 16:40:54 - [TEST_STEP][PASSED] - Statement - counter = counter + 1: null

2018-12-11 16:40:54 - [TEST_STEP][PASSED] - Statement - PreSaveFile = new java.io.File(((pathPrefix + java.lang.Integer.toString(counter)) + .png)): null

2018-12-11 16:40:54 - [TEST_STEP][PASSED] - Statement - counter = counter + 1: null

2018-12-11 16:40:54 - [TEST_STEP][PASSED] - Statement - PreSaveFile = new java.io.File(((pathPrefix + java.lang.Integer.toString(counter)) + .png)): null

2018-12-11 16:40:54 - [TEST_STEP][PASSED] - Statement - counter = counter + 1: null

2018-12-11 16:40:54 - [TEST_STEP][PASSED] - Statement - PreSaveFile = new java.io.File(((pathPrefix + java.lang.Integer.toString(counter)) + .png)): null

2018-12-11 16:40:54 - [TEST_STEP][PASSED] - Statement - counter = counter + 1: null

2018-12-11 16:40:54 - [TEST_STEP][PASSED] - Statement - PreSaveFile = new java.io.File(((pathPrefix + java.lang.Integer.toString(counter)) + .png)): null

2018-12-11 16:40:54 - [TEST_STEP][PASSED] - Statement - counter = counter + 1: null

2018-12-11 16:40:54 - [TEST_STEP][PASSED] - Statement - PreSaveFile = new java.io.File(((pathPrefix + java.lang.Integer.toString(counter)) + .png)): null

2018-12-11 16:40:54 - [TEST_STEP][PASSED] - Statement - counter = counter + 1: null

2018-12-11 16:40:54 - [TEST_STEP][PASSED] - Statement - PreSaveFile = new java.io.File(((pathPrefix + java.lang.Integer.toString(counter)) + .png)): null

2018-12-11 16:40:54 - [TEST_STEP][PASSED] - Statement - counter = counter + 1: null

2018-12-11 16:40:54 - [TEST_STEP][PASSED] - Statement - PreSaveFile = new java.io.File(((pathPrefix + java.lang.Integer.toString(counter)) + .png)): null

2018-12-11 16:40:54 - [TEST_STEP][PASSED] - Statement - counter = counter + 1: null

2018-12-11 16:40:54 - [TEST_STEP][PASSED] - Statement - PreSaveFile = new java.io.File(((pathPrefix + java.lang.Integer.toString(counter)) + .png)): null

2018-12-11 16:40:54 - [TEST_STEP][PASSED] - Statement - counter = counter + 1: null

2018-12-11 16:40:54 - [TEST_STEP][PASSED] - Statement - PreSaveFile = new java.io.File(((pathPrefix + java.lang.Integer.toString(counter)) + .png)): null

2018-12-11 16:40:54 - [TEST_STEP][PASSED] - Statement - counter = counter + 1: null

2018-12-11 16:40:54 - [TEST_STEP][PASSED] - Statement - PreSaveFile = new java.io.File(((pathPrefix + java.lang.Integer.toString(counter)) + .png)): null

2018-12-11 16:40:54 - [TEST_STEP][PASSED] - Statement - counter = counter + 1: null

2018-12-11 16:40:54 - [TEST_STEP][PASSED] - Statement - PreSaveFile = new java.io.File(((pathPrefix + java.lang.Integer.toString(counter)) + .png)): null

2018-12-11 16:40:54 - [TEST_STEP][PASSED] - Statement - counter = counter + 1: null

2018-12-11 16:40:54 - [TEST_STEP][PASSED] - Statement - PreSaveFile = new java.io.File(((pathPrefix + java.lang.Integer.toString(counter)) + .png)): null

2018-12-11 16:40:54 - [TEST_STEP][PASSED] - Statement - counter = counter + 1: null

2018-12-11 16:40:54 - [TEST_STEP][PASSED] - Statement - PreSaveFile = new java.io.File(((pathPrefix + java.lang.Integer.toString(counter)) + .png)): null

2018-12-11 16:40:54 - [TEST_STEP][PASSED] - Statement - counter = counter + 1: null

2018-12-11 16:40:54 - [TEST_STEP][PASSED] - Statement - PreSaveFile = new java.io.File(((pathPrefix + java.lang.Integer.toString(counter)) + .png)): null

2018-12-11 16:40:54 - [TEST_STEP][PASSED] - Statement - counter = counter + 1: null

2018-12-11 16:40:54 - [TEST_STEP][PASSED] - Statement - PreSaveFile = new java.io.File(((pathPrefix + java.lang.Integer.toString(counter)) + .png)): null

2018-12-11 16:40:54 - [TEST_STEP][PASSED] - Statement - counter = counter + 1: null

2018-12-11 16:40:54 - [TEST_STEP][PASSED] - Statement - PreSaveFile = new java.io.File(((pathPrefix + java.lang.Integer.toString(counter)) + .png)): null

2018-12-11 16:40:54 - [TEST_STEP][PASSED] - Statement - counter = counter + 1: null

2018-12-11 16:40:54 - [TEST_STEP][PASSED] - Statement - PreSaveFile = new java.io.File(((pathPrefix + java.lang.Integer.toString(counter)) + .png)): null

2018-12-11 16:40:54 - [TEST_STEP][PASSED] - Statement - counter = counter + 1: null

2018-12-11 16:40:54 - [TEST_STEP][PASSED] - Statement - PreSaveFile = new java.io.File(((pathPrefix + java.lang.Integer.toString(counter)) + .png)): null

2018-12-11 16:40:54 - [TEST_STEP][PASSED] - Statement - counter = counter + 1: null

2018-12-11 16:40:54 - [TEST_STEP][PASSED] - Statement - PreSaveFile = new java.io.File(((pathPrefix + java.lang.Integer.toString(counter)) + .png)): null

2018-12-11 16:40:54 - [TEST_STEP][PASSED] - Statement - counter = counter + 1: null

2018-12-11 16:40:54 - [TEST_STEP][PASSED] - Statement - PreSaveFile = new java.io.File(((pathPrefix + java.lang.Integer.toString(counter)) + .png)): null

2018-12-11 16:40:54 - [TEST_STEP][PASSED] - Statement - counter = counter + 1: null

2018-12-11 16:40:54 - [TEST_STEP][PASSED] - Statement - PreSaveFile = new java.io.File(((pathPrefix + java.lang.Integer.toString(counter)) + .png)): null

2018-12-11 16:40:54 - [TEST_STEP][PASSED] - Statement - counter = counter + 1: null

2018-12-11 16:40:54 - [TEST_STEP][PASSED] - Statement - PreSaveFile = new java.io.File(((pathPrefix + java.lang.Integer.toString(counter)) + .png)): null

2018-12-11 16:40:54 - [TEST_STEP][PASSED] - Statement - counter = counter + 1: null

2018-12-11 16:40:54 - [TEST_STEP][PASSED] - Statement - PreSaveFile = new java.io.File(((pathPrefix + java.lang.Integer.toString(counter)) + .png)): null

2018-12-11 16:40:54 - [TEST_STEP][PASSED] - Statement - finalPath = pathPrefix + java.lang.Integer.toString(counter) + ".png": null

2018-12-11 16:40:54 - [TEST_STEP][PASSED] - Statement - SaveFile = new java.io.File(finalPath): null

2018-12-11 16:40:54 - [TEST_STEP][PASSED] - Statement - Try: null

2018-12-11 16:40:54 - [TEST_STEP][PASSED] - Statement - org.apache.commons.io.FileUtils.copyFile(scrFile, SaveFile): null

2018-12-11 16:40:54 - [TEST_STEP][PASSED] - Statement - out.println("file kept"): null

2018-12-11 16:40:54 - [TEST_STEP][PASSED] - delay: Delayed 10 second(s)

2018-12-11 16:41:04 - [MESSAGE][PASSED] - Delayed 10 second(s)

2018-12-11 16:41:04 - [MESSAGE][PASSED] - Call Test Case 'Test Cases/Final Aug 2018 - PKS Automation/Common/Screenshoting tool' successfully

2018-12-11 16:41:04 - [TEST_STEP][PASSED] - callTestCase: Call Test Case 'Test Cases/Final Aug 2018 - PKS Automation/Registration Module/Log Out/log out avoiding katalon tagging' successfully

2018-12-11 16:41:04 - [TEST_CASE][PASSED] - Test Cases/Final Aug 2018 - PKS Automation/Registration Module/Log Out/log out avoiding katalon tagging: Test Cases/Final Aug 2018 - PKS Automation/Registration Module/Log Out/log out avoiding katalon tagging

2018-12-11 16:41:04 - [TEST_STEP][PASSED] - navigateToUrl: Navigate to 'https://assist2-uat.perkeso.gov.my/c/portal/logout' successfully

2018-12-11 16:41:05 - [MESSAGE][PASSED] - Navigate to 'https://assist2-uat.perkeso.gov.my/c/portal/logout' successfully

2018-12-11 16:41:05 - [MESSAGE][PASSED] - Call Test Case 'Test Cases/Final Aug 2018 - PKS Automation/Registration Module/Log Out/log out avoiding katalon tagging' successfully

2018-12-11 16:41:05 - [TEST_STEP][PASSED] - callTestCase: Call Test Case 'Test Cases/Final Aug 2018 - PKS Automation/Common/Workflow Owner Finder' successfully

2018-12-11 16:41:05 - [TEST_CASE][PASSED] - Test Cases/Final Aug 2018 - PKS Automation/Common/Workflow Owner Finder: Test Cases/Final Aug 2018 - PKS Automation/Common/Workflow Owner Finder

2018-12-11 16:41:05 - [TEST_STEP][PASSED] - openBrowser: Browser is opened with url: ''

2018-12-11 16:41:05 - [MESSAGE][WARNING] - A browser is already opened. Closing browser and opening a new one

2018-12-11 16:41:09 - [MESSAGE][PASSED] - Browser is opened with url: ''

2018-12-11 16:41:09 - [TEST_STEP][PASSED] - navigateToUrl: Navigate to 'https://assist2-uat.perkeso.gov.my/login' successfully

2018-12-11 16:41:10 - [MESSAGE][PASSED] - Navigate to 'https://assist2-uat.perkeso.gov.my/login' successfully

2018-12-11 16:41:10 - [TEST_STEP][PASSED] - delay: Delayed 5 second(s)

2018-12-11 16:41:15 - [MESSAGE][PASSED] - Delayed 5 second(s)

2018-12-11 16:41:15 - [TEST_STEP][PASSED] - setText: Text 'test@liferay.com' is set on object 'Object Repository/Final Object Repo/Login Page/Internal User/Email Address'

2018-12-11 16:41:16 - [MESSAGE][PASSED] - Text 'test@liferay.com' is set on object 'Object Repository/Final Object Repo/Login Page/Internal User/Email Address'

2018-12-11 16:41:16 - [TEST_STEP][PASSED] - click: Object: 'Object Repository/Final Object Repo/Login Page/Internal User/Next Button' is clicked on

2018-12-11 16:41:16 - [MESSAGE][PASSED] - Object: 'Object Repository/Final Object Repo/Login Page/Internal User/Next Button' is clicked on

2018-12-11 16:41:16 - [TEST_STEP][PASSED] - delay: Delayed 2 second(s)

2018-12-11 16:41:18 - [MESSAGE][PASSED] - Delayed 2 second(s)

2018-12-11 16:41:18 - [TEST_STEP][PASSED] - setText: Text 'test' is set on object 'Object Repository/Final Object Repo/Login Page/Internal User/Password'

2018-12-11 16:41:18 - [MESSAGE][PASSED] - Text 'test' is set on object 'Object Repository/Final Object Repo/Login Page/Internal User/Password'

2018-12-11 16:41:18 - [TEST_STEP][PASSED] - delay: Delayed 2 second(s)

2018-12-11 16:41:20 - [MESSAGE][PASSED] - Delayed 2 second(s)

2018-12-11 16:41:20 - [TEST_STEP][PASSED] - click: Object: 'Object Repository/Final Object Repo/Login Page/Internal User/Login Button' is clicked on

2018-12-11 16:41:20 - [MESSAGE][PASSED] - Object: 'Object Repository/Final Object Repo/Login Page/Internal User/Login Button' is clicked on

2018-12-11 16:41:20 - [TEST_STEP][PASSED] - Statement - tester = com.kms.katalon.core.testobject.ObjectRepository.findTestObject(Final Object Repo/Landing Page/Select to English): Finding Test Object with id 'Object Repository/Final Object Repo/Landing Page/Select to English'

2018-12-11 16:41:20 - [TEST_STEP][PASSED] - Statement - Try: Delayed 2 second(s)

2018-12-11 16:41:20 - [TEST_STEP][PASSED] - Statement - Checker = com.kms.katalon.core.webui.keyword.WebUiBuiltInKeywords.verifyElementNotPresent(tester, 3): Web element with id: 'Object Repository/Final Object Repo/Landing Page/Select to English' located by 'By.xpath: //a[@class = 'taglib-language-list-text' and @lang = 'en-US' and (contains(text(), 'EN') or contains(., 'EN'))]' is not present after '3' second(s)

2018-12-11 16:41:22 - [MESSAGE][PASSED] - Web element with id: 'Object Repository/Final Object Repo/Landing Page/Select to English' located by 'By.xpath: //a[@class = 'taglib-language-list-text' and @lang = 'en-US' and (contains(text(), 'EN') or contains(., 'EN'))]' is not present after '3' second(s)

2018-12-11 16:41:22 - [TEST_STEP][PASSED] - Statement - If (Checker == false): null

2018-12-11 16:41:22 - [TEST_STEP][PASSED] - delay: Delayed 2 second(s)

2018-12-11 16:41:24 - [MESSAGE][PASSED] - Delayed 2 second(s)

2018-12-11 16:41:24 - [TEST_STEP][PASSED] - delay: Delayed 5 second(s)

2018-12-11 16:41:29 - [MESSAGE][PASSED] - Delayed 5 second(s)

2018-12-11 16:41:29 - [TEST_STEP][PASSED] - mouseOver: Object: 'Object Repository/Final Object Repo/Landing Page/WorkFlow Menu' is hovered

2018-12-11 16:41:29 - [MESSAGE][PASSED] - Object: 'Object Repository/Final Object Repo/Landing Page/WorkFlow Menu' is hovered

2018-12-11 16:41:29 - [TEST_STEP][PASSED] - delay: Delayed 2 second(s)

2018-12-11 16:41:31 - [MESSAGE][PASSED] - Delayed 2 second(s)

2018-12-11 16:41:31 - [TEST_STEP][PASSED] - click: Object: 'Object Repository/Final Object Repo/Landing Page/Select to Workflow Listing' is clicked on

2018-12-11 16:41:32 - [MESSAGE][PASSED] - Object: 'Object Repository/Final Object Repo/Landing Page/Select to Workflow Listing' is clicked on

2018-12-11 16:41:32 - [TEST_STEP][PASSED] - delay: Delayed 2 second(s)

2018-12-11 16:41:34 - [MESSAGE][PASSED] - Delayed 2 second(s)

2018-12-11 16:41:34 - [TEST_STEP][PASSED] - click: Object: 'Object Repository/Final Object Repo/WorkFlow Listing Page/Search Information - To Put Ref No' is clicked on

2018-12-11 16:41:35 - [MESSAGE][PASSED] - Object: 'Object Repository/Final Object Repo/WorkFlow Listing Page/Search Information - To Put Ref No' is clicked on

2018-12-11 16:41:35 - [TEST_STEP][PASSED] - delay: Delayed 2 second(s)

2018-12-11 16:41:37 - [MESSAGE][PASSED] - Delayed 2 second(s)

2018-12-11 16:41:37 - [TEST_STEP][PASSED] - callTestCase: Call Test Case 'Test Cases/Final Aug 2018 - PKS Automation/Common/Reference Number Getter' successfully

2018-12-11 16:41:37 - [TEST_CASE][PASSED] - Test Cases/Final Aug 2018 - PKS Automation/Common/Reference Number Getter: Test Cases/Final Aug 2018 - PKS Automation/Common/Reference Number Getter

2018-12-11 16:41:37 - [TEST_STEP][PASSED] - Statement - Try: null

2018-12-11 16:41:37 - [TEST_STEP][PASSED] - Statement - RefNo = new java.io.File(C://Users//Admin//Desktop//PKS//Automation Reference Point//KatalonReference.txt): null

2018-12-11 16:41:37 - [TEST_STEP][PASSED] - Statement - bufferread = new java.io.BufferedReader(new java.io.FileReader(RefNo)): null

2018-12-11 16:41:37 - [TEST_STEP][PASSED] - Statement - readedVal = bufferread.readLine(): null

2018-12-11 16:41:37 - [TEST_STEP][PASSED] - Statement - out.println(CaseReferenceNo): null

2018-12-11 16:41:37 - [TEST_STEP][PASSED] - Statement - out.println(readedVal): null

2018-12-11 16:41:37 - [TEST_STEP][PASSED] - Statement - CaseReferenceNo = "": null

2018-12-11 16:41:37 - [TEST_STEP][PASSED] - Statement - CaseReferenceNo = readedVal: null

2018-12-11 16:41:37 - [MESSAGE][PASSED] - Call Test Case 'Test Cases/Final Aug 2018 - PKS Automation/Common/Reference Number Getter' successfully

2018-12-11 16:41:37 - [TEST_STEP][PASSED] - setText: Text 'CAN12201800002304' is set on object 'Object Repository/Final Object Repo/WorkFlow Listing Page/Ref No Set Text'

2018-12-11 16:41:37 - [MESSAGE][PASSED] - Text 'CAN12201800002304' is set on object 'Object Repository/Final Object Repo/WorkFlow Listing Page/Ref No Set Text'

2018-12-11 16:41:37 - [TEST_STEP][PASSED] - delay: Delayed 2 second(s)

2018-12-11 16:41:39 - [MESSAGE][PASSED] - Delayed 2 second(s)

2018-12-11 16:41:39 - [TEST_STEP][PASSED] - click: Object: 'Object Repository/Final Object Repo/WorkFlow Listing Page/Search Ref No Search Button' is clicked on

2018-12-11 16:41:39 - [MESSAGE][PASSED] - Object: 'Object Repository/Final Object Repo/WorkFlow Listing Page/Search Ref No Search Button' is clicked on

2018-12-11 16:41:39 - [TEST_STEP][PASSED] - delay: Delayed 6 second(s)

2018-12-11 16:41:45 - [MESSAGE][PASSED] - Delayed 6 second(s)

2018-12-11 16:41:45 - [TEST_STEP][PASSED] - click: Object: 'Object Repository/Final Object Repo/WorkFlow Listing Page/Click Continue Tooltip' is clicked on

2018-12-11 16:41:46 - [MESSAGE][PASSED] - Object: 'Object Repository/Final Object Repo/WorkFlow Listing Page/Click Continue Tooltip' is clicked on

2018-12-11 16:41:46 - [TEST_STEP][PASSED] - delay: Delayed 5 second(s)

2018-12-11 16:41:51 - [MESSAGE][PASSED] - Delayed 5 second(s)

2018-12-11 16:41:51 - [TEST_STEP][PASSED] - doubleClick: Object: 'Object Repository/Final Object Repo/WorkFlow Listing Page/Workflow Found - Listing 1' is double clicked on

2018-12-11 16:41:51 - [MESSAGE][PASSED] - Object: 'Object Repository/Final Object Repo/WorkFlow Listing Page/Workflow Found - Listing 1' is double clicked on

2018-12-11 16:41:51 - [TEST_STEP][PASSED] - Statement - println(OwnerID): null

2018-12-11 16:41:51 - [TEST_STEP][PASSED] - Statement - OwnerID = com.kms.katalon.core.webui.keyword.WebUiBuiltInKeywords.getText(com.kms.katalon.core.testobject.ObjectRepository.findTestObject(Final Object Repo/WorkFlow Listing Page/Workflow Found - Listing 1), STOP_ON_FAILURE): Text of object 'Object Repository/Final Object Repo/WorkFlow Listing Page/Workflow Found - Listing 1' is: 'JOHORro2'

2018-12-11 16:41:52 - [MESSAGE][PASSED] - Text of object 'Object Repository/Final Object Repo/WorkFlow Listing Page/Workflow Found - Listing 1' is: 'JOHORro2'

2018-12-11 16:41:52 - [TEST_STEP][PASSED] - Statement - OwnerID = OwnerID.toLowerCase() + "@gmail.com": null

2018-12-11 16:41:52 - [TEST_STEP][PASSED] - Statement - println(OwnerID): null

2018-12-11 16:41:52 - [TEST_STEP][PASSED] - delay: Delayed 2 second(s)

2018-12-11 16:41:54 - [MESSAGE][PASSED] - Delayed 2 second(s)

2018-12-11 16:41:54 - [MESSAGE][PASSED] - Call Test Case 'Test Cases/Final Aug 2018 - PKS Automation/Common/Workflow Owner Finder' successfully

2018-12-11 16:41:54 - [TEST_STEP][PASSED] - callTestCase: Call Test Case 'Test Cases/Final Aug 2018 - PKS Automation/Registration Module/Log Out/log out avoiding katalon tagging' successfully

2018-12-11 16:41:54 - [TEST_CASE][PASSED] - Test Cases/Final Aug 2018 - PKS Automation/Registration Module/Log Out/log out avoiding katalon tagging: Test Cases/Final Aug 2018 - PKS Automation/Registration Module/Log Out/log out avoiding katalon tagging

2018-12-11 16:41:54 - [TEST_STEP][PASSED] - navigateToUrl: Navigate to 'https://assist2-uat.perkeso.gov.my/c/portal/logout' successfully

2018-12-11 16:41:54 - [MESSAGE][PASSED] - Navigate to 'https://assist2-uat.perkeso.gov.my/c/portal/logout' successfully

2018-12-11 16:41:54 - [MESSAGE][PASSED] - Call Test Case 'Test Cases/Final Aug 2018 - PKS Automation/Registration Module/Log Out/log out avoiding katalon tagging' successfully

2018-12-11 16:41:54 - [TEST_STEP][PASSED] - delay: Delayed 2 second(s)

2018-12-11 16:41:56 - [MESSAGE][PASSED] - Delayed 2 second(s)

2018-12-11 16:41:56 - [TEST_STEP][PASSED] - setText: Text 'johorro2@gmail.com' is set on object 'Object Repository/Final Object Repo/Page_Update Add New Employee - ASSIST/Email TextBox'

2018-12-11 16:41:57 - [MESSAGE][PASSED] - Text 'johorro2@gmail.com' is set on object 'Object Repository/Final Object Repo/Page_Update Add New Employee - ASSIST/Email TextBox'

2018-12-11 16:41:57 - [TEST_STEP][PASSED] - click: Object: 'Object Repository/Final Object Repo/Page_Update Add New Employee - ASSIST/Next Button' is clicked on

2018-12-11 16:41:57 - [MESSAGE][PASSED] - Object: 'Object Repository/Final Object Repo/Page_Update Add New Employee - ASSIST/Next Button' is clicked on

2018-12-11 16:41:57 - [TEST_STEP][PASSED] - delay: Delayed 2 second(s)

2018-12-11 16:41:59 - [MESSAGE][PASSED] - Delayed 2 second(s)

2018-12-11 16:41:59 - [TEST_STEP][PASSED] - setText: Text 'Test1@3456789' is set on object 'Object Repository/Final Object Repo/Page_Update Add New Employee - ASSIST/Password TextBox'

2018-12-11 16:41:59 - [MESSAGE][PASSED] - Text 'Test1@3456789' is set on object 'Object Repository/Final Object Repo/Page_Update Add New Employee - ASSIST/Password TextBox'

2018-12-11 16:41:59 - [TEST_STEP][PASSED] - delay: Delayed 2 second(s)

2018-12-11 16:42:01 - [MESSAGE][PASSED] - Delayed 2 second(s)

2018-12-11 16:42:01 - [TEST_STEP][PASSED] - click: Object: 'Object Repository/Final Object Repo/Page_Update Add New Employee - ASSIST/Login Button' is clicked on

2018-12-11 16:42:01 - [MESSAGE][PASSED] - Object: 'Object Repository/Final Object Repo/Page_Update Add New Employee - ASSIST/Login Button' is clicked on

2018-12-11 16:42:01 - [TEST_STEP][PASSED] - delay: Delayed 4 second(s)

2018-12-11 16:42:05 - [MESSAGE][PASSED] - Delayed 4 second(s)

2018-12-11 16:42:05 - [TEST_STEP][PASSED] - Statement - Try: Delayed 2 second(s)

2018-12-11 16:42:05 - [TEST_STEP][PASSED] - Statement - Checker = false: null

2018-12-11 16:42:05 - [TEST_STEP][PASSED] - Statement - Checker = com.kms.katalon.core.webui.keyword.WebUiBuiltInKeywords.verifyElementHasAttribute(com.kms.katalon.core.testobject.ObjectRepository.findTestObject(Final Object Repo/Landing Page/BM Detecting), "href", 20, OPTIONAL): Object 'Object Repository/Final Object Repo/Landing Page/BM Detecting' has attribute 'href'

2018-12-11 16:42:05 - [MESSAGE][PASSED] - Object 'Object Repository/Final Object Repo/Landing Page/BM Detecting' has attribute 'href'

2018-12-11 16:42:05 - [TEST_STEP][PASSED] - Statement - out.println(Checker): null

2018-12-11 16:42:05 - [TEST_STEP][PASSED] - Statement - If (Checker == false): null

2018-12-11 16:42:05 - [TEST_STEP][PASSED] - Statement - Else: null

2018-12-11 16:42:05 - [TEST_STEP][PASSED] - delay: Delayed 2 second(s)

2018-12-11 16:42:07 - [MESSAGE][PASSED] - Delayed 2 second(s)

2018-12-11 16:42:07 - [TEST_STEP][PASSED] - delay: Delayed 4 second(s)

2018-12-11 16:42:11 - [MESSAGE][PASSED] - Delayed 4 second(s)

2018-12-11 16:42:11 - [TEST_STEP][PASSED] - click: Object: 'Object Repository/Final Object Repo/New Registration - Registration Module Pages/New Reg - OTC to RO/Special Case - All Related Objects/Expand to Search' is clicked on

2018-12-11 16:42:12 - [MESSAGE][PASSED] - Object: 'Object Repository/Final Object Repo/New Registration - Registration Module Pages/New Reg - OTC to RO/Special Case - All Related Objects/Expand to Search' is clicked on

2018-12-11 16:42:12 - [TEST_STEP][PASSED] - setText: Text 'CAN12201800002304' is set on object 'Object Repository/Final Object Repo/New Registration - Registration Module Pages/New Reg - OTC to RO/Special Case - All Related Objects/TextBox RefNo in Workbasket'

2018-12-11 16:42:12 - [MESSAGE][PASSED] - Text 'CAN12201800002304' is set on object 'Object Repository/Final Object Repo/New Registration - Registration Module Pages/New Reg - OTC to RO/Special Case - All Related Objects/TextBox RefNo in Workbasket'

2018-12-11 16:42:12 - [TEST_STEP][PASSED] - delay: Delayed 2 second(s)

2018-12-11 16:42:14 - [MESSAGE][PASSED] - Delayed 2 second(s)

2018-12-11 16:42:14 - [TEST_STEP][PASSED] - click: Object: 'Object Repository/Final Object Repo/New Registration - Registration Module Pages/New Reg - OTC to RO/Special Case - All Related Objects/Click Search' is clicked on

2018-12-11 16:42:14 - [MESSAGE][PASSED] - Object: 'Object Repository/Final Object Repo/New Registration - Registration Module Pages/New Reg - OTC to RO/Special Case - All Related Objects/Click Search' is clicked on

2018-12-11 16:42:14 - [TEST_STEP][PASSED] - delay: Delayed 2 second(s)

2018-12-11 16:42:16 - [MESSAGE][PASSED] - Delayed 2 second(s)

2018-12-11 16:42:16 - [TEST_STEP][PASSED] - click: Object: 'Object Repository/Final Object Repo/New Registration - Registration Module Pages/New Reg - OTC to RO/Special Case - All Related Objects/Click to Continue Workflow' is clicked on

2018-12-11 16:42:20 - [MESSAGE][PASSED] - Object: 'Object Repository/Final Object Repo/New Registration - Registration Module Pages/New Reg - OTC to RO/Special Case - All Related Objects/Click to Continue Workflow' is clicked on

2018-12-11 16:42:20 - [TEST_STEP][PASSED] - delay: Delayed 10 second(s)

2018-12-11 16:42:30 - [MESSAGE][PASSED] - Delayed 10 second(s)

2018-12-11 16:42:30 - [TEST_STEP][PASSED] - click: Object: 'Object Repository/Final Object Repo/New Registration - Registration Module Pages/New Reg - OTC to RO/Special Case - All Related Objects/Continue Button in verifying case' is clicked on

2018-12-11 16:42:33 - [MESSAGE][PASSED] - Object: 'Object Repository/Final Object Repo/New Registration - Registration Module Pages/New Reg - OTC to RO/Special Case - All Related Objects/Continue Button in verifying case' is clicked on

2018-12-11 16:42:33 - [TEST_STEP][PASSED] - delay: Delayed 2 second(s)

2018-12-11 16:42:35 - [MESSAGE][PASSED] - Delayed 2 second(s)

2018-12-11 16:42:35 - [TEST_STEP][PASSED] - click: Object: 'Object Repository/Final Object Repo/Page_Update Add New Employee - ASSIST/Save  Continue Button' is clicked on

2018-12-11 16:42:36 - [MESSAGE][PASSED] - Object: 'Object Repository/Final Object Repo/Page_Update Add New Employee - ASSIST/Save  Continue Button' is clicked on

2018-12-11 16:42:36 - [TEST_STEP][PASSED] - delay: Delayed 4 second(s)

2018-12-11 16:42:40 - [MESSAGE][PASSED] - Delayed 4 second(s)

2018-12-11 16:42:40 - [TEST_STEP][PASSED] - click: Object: 'Object Repository/Final Object Repo/Page_Update Add New Employee - ASSIST/Save  Continue Third Screen' is clicked on

2018-12-11 16:42:43 - [MESSAGE][PASSED] - Object: 'Object Repository/Final Object Repo/Page_Update Add New Employee - ASSIST/Save  Continue Third Screen' is clicked on

2018-12-11 16:42:43 - [TEST_STEP][PASSED] - delay: Delayed 4 second(s)

2018-12-11 16:42:47 - [MESSAGE][PASSED] - Delayed 4 second(s)

2018-12-11 16:42:47 - [TEST_STEP][PASSED] - click: Object: 'Object Repository/Final Object Repo/Page_Update Add New Employee - ASSIST/Save   Continue Supporting Doc Page' is clicked on

2018-12-11 16:42:47 - [MESSAGE][PASSED] - Object: 'Object Repository/Final Object Repo/Page_Update Add New Employee - ASSIST/Save   Continue Supporting Doc Page' is clicked on

2018-12-11 16:42:47 - [TEST_STEP][PASSED] - delay: Delayed 4 second(s)

2018-12-11 16:42:51 - [MESSAGE][PASSED] - Delayed 4 second(s)

2018-12-11 16:42:51 - [TEST_STEP][PASSED] - click: Object: 'Object Repository/Final Object Repo/Page_Update Add New Employee - ASSIST/Under Enforcement Button at Preview Screen of RO' is clicked on

2018-12-11 16:42:51 - [MESSAGE][PASSED] - Object: 'Object Repository/Final Object Repo/Page_Update Add New Employee - ASSIST/Under Enforcement Button at Preview Screen of RO' is clicked on

2018-12-11 16:42:51 - [TEST_STEP][PASSED] - delay: Delayed 4 second(s)

2018-12-11 16:42:55 - [MESSAGE][PASSED] - Delayed 4 second(s)

2018-12-11 16:42:55 - [TEST_STEP][PASSED] - click: Object: 'Object Repository/Final Object Repo/Page_Update Add New Employee - ASSIST/Under Enforcement - inner form' is clicked on

2018-12-11 16:42:55 - [MESSAGE][PASSED] - Object: 'Object Repository/Final Object Repo/Page_Update Add New Employee - ASSIST/Under Enforcement - inner form' is clicked on

2018-12-11 16:42:55 - [TEST_STEP][PASSED] - delay: Delayed 4 second(s)

2018-12-11 16:42:59 - [MESSAGE][PASSED] - Delayed 4 second(s)

2018-12-11 16:42:59 - [TEST_STEP][PASSED] - callTestCase: Call Test Case 'Test Cases/Final Aug 2018 - PKS Automation/Common/Screenshoting tool' successfully

2018-12-11 16:42:59 - [TEST_CASE][PASSED] - Test Cases/Final Aug 2018 - PKS Automation/Common/Screenshoting tool: Test Cases/Final Aug 2018 - PKS Automation/Common/Screenshoting tool

2018-12-11 16:42:59 - [TEST_STEP][PASSED] - delay: Delayed 15 second(s)

2018-12-11 16:43:14 - [MESSAGE][PASSED] - Delayed 15 second(s)

2018-12-11 16:43:14 - [TEST_STEP][PASSED] - Statement - driver = com.kms.katalon.core.webui.driver.DriverFactory.getWebDriver(): null

2018-12-11 16:43:14 - [TEST_STEP][PASSED] - Statement - driver.manage().timeouts().implicitlyWait(10, SECONDS): null

2018-12-11 16:43:14 - [TEST_STEP][PASSED] - Statement - PresavePath = KatalonScreenshots: null

2018-12-11 16:43:14 - [TEST_STEP][PASSED] - Statement - pathPrefix = "C:\Users\Public\Pictures\Sample Pictures\Katalon Screenshots\Automate Ending Screen": null

2018-12-11 16:43:14 - [TEST_STEP][PASSED] - Statement - finalPath = <not implemented yet for class: org.codehaus.groovy.ast.expr.EmptyExpression>: null

2018-12-11 16:43:14 - [TEST_STEP][PASSED] - Statement - scrFile = driver.getScreenshotAs(FILE): null

2018-12-11 16:43:15 - [TEST_STEP][PASSED] - Statement - PreSaveFile = new java.io.File(PresavePath): null

2018-12-11 16:43:15 - [TEST_STEP][PASSED] - Statement - counter = 0: null

2018-12-11 16:43:15 - [TEST_STEP][PASSED] - Statement - If (PreSaveFile.exists()): null

2018-12-11 16:43:15 - [TEST_STEP][PASSED] - Statement - While (PreSaveFile.exists()): null

2018-12-11 16:43:15 - [TEST_STEP][PASSED] - Statement - counter = counter + 1: null

2018-12-11 16:43:15 - [TEST_STEP][PASSED] - Statement - PreSaveFile = new java.io.File(((pathPrefix + java.lang.Integer.toString(counter)) + .png)): null

2018-12-11 16:43:15 - [TEST_STEP][PASSED] - Statement - counter = counter + 1: null

2018-12-11 16:43:15 - [TEST_STEP][PASSED] - Statement - PreSaveFile = new java.io.File(((pathPrefix + java.lang.Integer.toString(counter)) + .png)): null

2018-12-11 16:43:15 - [TEST_STEP][PASSED] - Statement - counter = counter + 1: null

2018-12-11 16:43:15 - [TEST_STEP][PASSED] - Statement - PreSaveFile = new java.io.File(((pathPrefix + java.lang.Integer.toString(counter)) + .png)): null

2018-12-11 16:43:15 - [TEST_STEP][PASSED] - Statement - counter = counter + 1: null

2018-12-11 16:43:15 - [TEST_STEP][PASSED] - Statement - PreSaveFile = new java.io.File(((pathPrefix + java.lang.Integer.toString(counter)) + .png)): null

2018-12-11 16:43:15 - [TEST_STEP][PASSED] - Statement - counter = counter + 1: null

2018-12-11 16:43:15 - [TEST_STEP][PASSED] - Statement - PreSaveFile = new java.io.File(((pathPrefix + java.lang.Integer.toString(counter)) + .png)): null

2018-12-11 16:43:15 - [TEST_STEP][PASSED] - Statement - counter = counter + 1: null

2018-12-11 16:43:15 - [TEST_STEP][PASSED] - Statement - PreSaveFile = new java.io.File(((pathPrefix + java.lang.Integer.toString(counter)) + .png)): null

2018-12-11 16:43:15 - [TEST_STEP][PASSED] - Statement - counter = counter + 1: null

2018-12-11 16:43:15 - [TEST_STEP][PASSED] - Statement - PreSaveFile = new java.io.File(((pathPrefix + java.lang.Integer.toString(counter)) + .png)): null

2018-12-11 16:43:15 - [TEST_STEP][PASSED] - Statement - counter = counter + 1: null

2018-12-11 16:43:15 - [TEST_STEP][PASSED] - Statement - PreSaveFile = new java.io.File(((pathPrefix + java.lang.Integer.toString(counter)) + .png)): null

2018-12-11 16:43:15 - [TEST_STEP][PASSED] - Statement - counter = counter + 1: null

2018-12-11 16:43:15 - [TEST_STEP][PASSED] - Statement - PreSaveFile = new java.io.File(((pathPrefix + java.lang.Integer.toString(counter)) + .png)): null

2018-12-11 16:43:15 - [TEST_STEP][PASSED] - Statement - counter = counter + 1: null

2018-12-11 16:43:15 - [TEST_STEP][PASSED] - Statement - PreSaveFile = new java.io.File(((pathPrefix + java.lang.Integer.toString(counter)) + .png)): null

2018-12-11 16:43:15 - [TEST_STEP][PASSED] - Statement - counter = counter + 1: null

2018-12-11 16:43:15 - [TEST_STEP][PASSED] - Statement - PreSaveFile = new java.io.File(((pathPrefix + java.lang.Integer.toString(counter)) + .png)): null

2018-12-11 16:43:15 - [TEST_STEP][PASSED] - Statement - counter = counter + 1: null

2018-12-11 16:43:15 - [TEST_STEP][PASSED] - Statement - PreSaveFile = new java.io.File(((pathPrefix + java.lang.Integer.toString(counter)) + .png)): null

2018-12-11 16:43:15 - [TEST_STEP][PASSED] - Statement - counter = counter + 1: null

2018-12-11 16:43:15 - [TEST_STEP][PASSED] - Statement - PreSaveFile = new java.io.File(((pathPrefix + java.lang.Integer.toString(counter)) + .png)): null

2018-12-11 16:43:15 - [TEST_STEP][PASSED] - Statement - counter = counter + 1: null

2018-12-11 16:43:15 - [TEST_STEP][PASSED] - Statement - PreSaveFile = new java.io.File(((pathPrefix + java.lang.Integer.toString(counter)) + .png)): null

2018-12-11 16:43:15 - [TEST_STEP][PASSED] - Statement - counter = counter + 1: null

2018-12-11 16:43:15 - [TEST_STEP][PASSED] - Statement - PreSaveFile = new java.io.File(((pathPrefix + java.lang.Integer.toString(counter)) + .png)): null

2018-12-11 16:43:15 - [TEST_STEP][PASSED] - Statement - counter = counter + 1: null

2018-12-11 16:43:15 - [TEST_STEP][PASSED] - Statement - PreSaveFile = new java.io.File(((pathPrefix + java.lang.Integer.toString(counter)) + .png)): null

2018-12-11 16:43:15 - [TEST_STEP][PASSED] - Statement - counter = counter + 1: null

2018-12-11 16:43:15 - [TEST_STEP][PASSED] - Statement - PreSaveFile = new java.io.File(((pathPrefix + java.lang.Integer.toString(counter)) + .png)): null

2018-12-11 16:43:15 - [TEST_STEP][PASSED] - Statement - counter = counter + 1: null

2018-12-11 16:43:15 - [TEST_STEP][PASSED] - Statement - PreSaveFile = new java.io.File(((pathPrefix + java.lang.Integer.toString(counter)) + .png)): null

2018-12-11 16:43:15 - [TEST_STEP][PASSED] - Statement - counter = counter + 1: null

2018-12-11 16:43:15 - [TEST_STEP][PASSED] - Statement - PreSaveFile = new java.io.File(((pathPrefix + java.lang.Integer.toString(counter)) + .png)): null

2018-12-11 16:43:15 - [TEST_STEP][PASSED] - Statement - counter = counter + 1: null

2018-12-11 16:43:15 - [TEST_STEP][PASSED] - Statement - PreSaveFile = new java.io.File(((pathPrefix + java.lang.Integer.toString(counter)) + .png)): null

2018-12-11 16:43:15 - [TEST_STEP][PASSED] - Statement - counter = counter + 1: null

2018-12-11 16:43:15 - [TEST_STEP][PASSED] - Statement - PreSaveFile = new java.io.File(((pathPrefix + java.lang.Integer.toString(counter)) + .png)): null

2018-12-11 16:43:15 - [TEST_STEP][PASSED] - Statement - counter = counter + 1: null

2018-12-11 16:43:15 - [TEST_STEP][PASSED] - Statement - PreSaveFile = new java.io.File(((pathPrefix + java.lang.Integer.toString(counter)) + .png)): null

2018-12-11 16:43:15 - [TEST_STEP][PASSED] - Statement - counter = counter + 1: null

2018-12-11 16:43:15 - [TEST_STEP][PASSED] - Statement - PreSaveFile = new java.io.File(((pathPrefix + java.lang.Integer.toString(counter)) + .png)): null

2018-12-11 16:43:15 - [TEST_STEP][PASSED] - Statement - counter = counter + 1: null

2018-12-11 16:43:15 - [TEST_STEP][PASSED] - Statement - PreSaveFile = new java.io.File(((pathPrefix + java.lang.Integer.toString(counter)) + .png)): null

2018-12-11 16:43:15 - [TEST_STEP][PASSED] - Statement - counter = counter + 1: null

2018-12-11 16:43:15 - [TEST_STEP][PASSED] - Statement - PreSaveFile = new java.io.File(((pathPrefix + java.lang.Integer.toString(counter)) + .png)): null

2018-12-11 16:43:15 - [TEST_STEP][PASSED] - Statement - counter = counter + 1: null

2018-12-11 16:43:15 - [TEST_STEP][PASSED] - Statement - PreSaveFile = new java.io.File(((pathPrefix + java.lang.Integer.toString(counter)) + .png)): null

2018-12-11 16:43:15 - [TEST_STEP][PASSED] - Statement - counter = counter + 1: null

2018-12-11 16:43:15 - [TEST_STEP][PASSED] - Statement - PreSaveFile = new java.io.File(((pathPrefix + java.lang.Integer.toString(counter)) + .png)): null

2018-12-11 16:43:15 - [TEST_STEP][PASSED] - Statement - counter = counter + 1: null

2018-12-11 16:43:15 - [TEST_STEP][PASSED] - Statement - PreSaveFile = new java.io.File(((pathPrefix + java.lang.Integer.toString(counter)) + .png)): null

2018-12-11 16:43:15 - [TEST_STEP][PASSED] - Statement - counter = counter + 1: null

2018-12-11 16:43:15 - [TEST_STEP][PASSED] - Statement - PreSaveFile = new java.io.File(((pathPrefix + java.lang.Integer.toString(counter)) + .png)): null

2018-12-11 16:43:15 - [TEST_STEP][PASSED] - Statement - counter = counter + 1: null

2018-12-11 16:43:15 - [TEST_STEP][PASSED] - Statement - PreSaveFile = new java.io.File(((pathPrefix + java.lang.Integer.toString(counter)) + .png)): null

2018-12-11 16:43:15 - [TEST_STEP][PASSED] - Statement - counter = counter + 1: null

2018-12-11 16:43:15 - [TEST_STEP][PASSED] - Statement - PreSaveFile = new java.io.File(((pathPrefix + java.lang.Integer.toString(counter)) + .png)): null

2018-12-11 16:43:15 - [TEST_STEP][PASSED] - Statement - counter = counter + 1: null

2018-12-11 16:43:15 - [TEST_STEP][PASSED] - Statement - PreSaveFile = new java.io.File(((pathPrefix + java.lang.Integer.toString(counter)) + .png)): null

2018-12-11 16:43:15 - [TEST_STEP][PASSED] - Statement - counter = counter + 1: null

2018-12-11 16:43:15 - [TEST_STEP][PASSED] - Statement - PreSaveFile = new java.io.File(((pathPrefix + java.lang.Integer.toString(counter)) + .png)): null

2018-12-11 16:43:15 - [TEST_STEP][PASSED] - Statement - counter = counter + 1: null

2018-12-11 16:43:15 - [TEST_STEP][PASSED] - Statement - PreSaveFile = new java.io.File(((pathPrefix + java.lang.Integer.toString(counter)) + .png)): null

2018-12-11 16:43:15 - [TEST_STEP][PASSED] - Statement - counter = counter + 1: null

2018-12-11 16:43:15 - [TEST_STEP][PASSED] - Statement - PreSaveFile = new java.io.File(((pathPrefix + java.lang.Integer.toString(counter)) + .png)): null

2018-12-11 16:43:15 - [TEST_STEP][PASSED] - Statement - counter = counter + 1: null

2018-12-11 16:43:15 - [TEST_STEP][PASSED] - Statement - PreSaveFile = new java.io.File(((pathPrefix + java.lang.Integer.toString(counter)) + .png)): null

2018-12-11 16:43:15 - [TEST_STEP][PASSED] - Statement - counter = counter + 1: null

2018-12-11 16:43:15 - [TEST_STEP][PASSED] - Statement - PreSaveFile = new java.io.File(((pathPrefix + java.lang.Integer.toString(counter)) + .png)): null

2018-12-11 16:43:15 - [TEST_STEP][PASSED] - Statement - counter = counter + 1: null

2018-12-11 16:43:15 - [TEST_STEP][PASSED] - Statement - PreSaveFile = new java.io.File(((pathPrefix + java.lang.Integer.toString(counter)) + .png)): null

2018-12-11 16:43:15 - [TEST_STEP][PASSED] - Statement - counter = counter + 1: null

2018-12-11 16:43:15 - [TEST_STEP][PASSED] - Statement - PreSaveFile = new java.io.File(((pathPrefix + java.lang.Integer.toString(counter)) + .png)): null

2018-12-11 16:43:15 - [TEST_STEP][PASSED] - Statement - counter = counter + 1: null

2018-12-11 16:43:15 - [TEST_STEP][PASSED] - Statement - PreSaveFile = new java.io.File(((pathPrefix + java.lang.Integer.toString(counter)) + .png)): null

2018-12-11 16:43:15 - [TEST_STEP][PASSED] - Statement - counter = counter + 1: null

2018-12-11 16:43:15 - [TEST_STEP][PASSED] - Statement - PreSaveFile = new java.io.File(((pathPrefix + java.lang.Integer.toString(counter)) + .png)): null

2018-12-11 16:43:15 - [TEST_STEP][PASSED] - Statement - counter = counter + 1: null

2018-12-11 16:43:15 - [TEST_STEP][PASSED] - Statement - PreSaveFile = new java.io.File(((pathPrefix + java.lang.Integer.toString(counter)) + .png)): null

2018-12-11 16:43:15 - [TEST_STEP][PASSED] - Statement - counter = counter + 1: null

2018-12-11 16:43:15 - [TEST_STEP][PASSED] - Statement - PreSaveFile = new java.io.File(((pathPrefix + java.lang.Integer.toString(counter)) + .png)): null

2018-12-11 16:43:15 - [TEST_STEP][PASSED] - Statement - counter = counter + 1: null

2018-12-11 16:43:15 - [TEST_STEP][PASSED] - Statement - PreSaveFile = new java.io.File(((pathPrefix + java.lang.Integer.toString(counter)) + .png)): null

2018-12-11 16:43:15 - [TEST_STEP][PASSED] - Statement - counter = counter + 1: null

2018-12-11 16:43:15 - [TEST_STEP][PASSED] - Statement - PreSaveFile = new java.io.File(((pathPrefix + java.lang.Integer.toString(counter)) + .png)): null

2018-12-11 16:43:15 - [TEST_STEP][PASSED] - Statement - counter = counter + 1: null

2018-12-11 16:43:15 - [TEST_STEP][PASSED] - Statement - PreSaveFile = new java.io.File(((pathPrefix + java.lang.Integer.toString(counter)) + .png)): null

2018-12-11 16:43:15 - [TEST_STEP][PASSED] - Statement - counter = counter + 1: null

2018-12-11 16:43:15 - [TEST_STEP][PASSED] - Statement - PreSaveFile = new java.io.File(((pathPrefix + java.lang.Integer.toString(counter)) + .png)): null

2018-12-11 16:43:15 - [TEST_STEP][PASSED] - Statement - counter = counter + 1: null

2018-12-11 16:43:15 - [TEST_STEP][PASSED] - Statement - PreSaveFile = new java.io.File(((pathPrefix + java.lang.Integer.toString(counter)) + .png)): null

2018-12-11 16:43:15 - [TEST_STEP][PASSED] - Statement - counter = counter + 1: null

2018-12-11 16:43:15 - [TEST_STEP][PASSED] - Statement - PreSaveFile = new java.io.File(((pathPrefix + java.lang.Integer.toString(counter)) + .png)): null

2018-12-11 16:43:15 - [TEST_STEP][PASSED] - Statement - counter = counter + 1: null

2018-12-11 16:43:15 - [TEST_STEP][PASSED] - Statement - PreSaveFile = new java.io.File(((pathPrefix + java.lang.Integer.toString(counter)) + .png)): null

2018-12-11 16:43:15 - [TEST_STEP][PASSED] - Statement - counter = counter + 1: null

2018-12-11 16:43:15 - [TEST_STEP][PASSED] - Statement - PreSaveFile = new java.io.File(((pathPrefix + java.lang.Integer.toString(counter)) + .png)): null

2018-12-11 16:43:15 - [TEST_STEP][PASSED] - Statement - counter = counter + 1: null

2018-12-11 16:43:15 - [TEST_STEP][PASSED] - Statement - PreSaveFile = new java.io.File(((pathPrefix + java.lang.Integer.toString(counter)) + .png)): null

2018-12-11 16:43:15 - [TEST_STEP][PASSED] - Statement - counter = counter + 1: null

2018-12-11 16:43:15 - [TEST_STEP][PASSED] - Statement - PreSaveFile = new java.io.File(((pathPrefix + java.lang.Integer.toString(counter)) + .png)): null

2018-12-11 16:43:15 - [TEST_STEP][PASSED] - Statement - counter = counter + 1: null

2018-12-11 16:43:15 - [TEST_STEP][PASSED] - Statement - PreSaveFile = new java.io.File(((pathPrefix + java.lang.Integer.toString(counter)) + .png)): null

2018-12-11 16:43:15 - [TEST_STEP][PASSED] - Statement - counter = counter + 1: null

2018-12-11 16:43:15 - [TEST_STEP][PASSED] - Statement - PreSaveFile = new java.io.File(((pathPrefix + java.lang.Integer.toString(counter)) + .png)): null

2018-12-11 16:43:15 - [TEST_STEP][PASSED] - Statement - counter = counter + 1: null

2018-12-11 16:43:15 - [TEST_STEP][PASSED] - Statement - PreSaveFile = new java.io.File(((pathPrefix + java.lang.Integer.toString(counter)) + .png)): null

2018-12-11 16:43:15 - [TEST_STEP][PASSED] - Statement - counter = counter + 1: null

2018-12-11 16:43:15 - [TEST_STEP][PASSED] - Statement - PreSaveFile = new java.io.File(((pathPrefix + java.lang.Integer.toString(counter)) + .png)): null

2018-12-11 16:43:15 - [TEST_STEP][PASSED] - Statement - counter = counter + 1: null

2018-12-11 16:43:15 - [TEST_STEP][PASSED] - Statement - PreSaveFile = new java.io.File(((pathPrefix + java.lang.Integer.toString(counter)) + .png)): null

2018-12-11 16:43:15 - [TEST_STEP][PASSED] - Statement - counter = counter + 1: null

2018-12-11 16:43:15 - [TEST_STEP][PASSED] - Statement - PreSaveFile = new java.io.File(((pathPrefix + java.lang.Integer.toString(counter)) + .png)): null

2018-12-11 16:43:15 - [TEST_STEP][PASSED] - Statement - counter = counter + 1: null

2018-12-11 16:43:15 - [TEST_STEP][PASSED] - Statement - PreSaveFile = new java.io.File(((pathPrefix + java.lang.Integer.toString(counter)) + .png)): null

2018-12-11 16:43:15 - [TEST_STEP][PASSED] - Statement - counter = counter + 1: null

2018-12-11 16:43:15 - [TEST_STEP][PASSED] - Statement - PreSaveFile = new java.io.File(((pathPrefix + java.lang.Integer.toString(counter)) + .png)): null

2018-12-11 16:43:15 - [TEST_STEP][PASSED] - Statement - counter = counter + 1: null

2018-12-11 16:43:15 - [TEST_STEP][PASSED] - Statement - PreSaveFile = new java.io.File(((pathPrefix + java.lang.Integer.toString(counter)) + .png)): null

2018-12-11 16:43:15 - [TEST_STEP][PASSED] - Statement - counter = counter + 1: null

2018-12-11 16:43:15 - [TEST_STEP][PASSED] - Statement - PreSaveFile = new java.io.File(((pathPrefix + java.lang.Integer.toString(counter)) + .png)): null

2018-12-11 16:43:15 - [TEST_STEP][PASSED] - Statement - counter = counter + 1: null

2018-12-11 16:43:15 - [TEST_STEP][PASSED] - Statement - PreSaveFile = new java.io.File(((pathPrefix + java.lang.Integer.toString(counter)) + .png)): null

2018-12-11 16:43:15 - [TEST_STEP][PASSED] - Statement - counter = counter + 1: null

2018-12-11 16:43:15 - [TEST_STEP][PASSED] - Statement - PreSaveFile = new java.io.File(((pathPrefix + java.lang.Integer.toString(counter)) + .png)): null

2018-12-11 16:43:15 - [TEST_STEP][PASSED] - Statement - counter = counter + 1: null

2018-12-11 16:43:15 - [TEST_STEP][PASSED] - Statement - PreSaveFile = new java.io.File(((pathPrefix + java.lang.Integer.toString(counter)) + .png)): null

2018-12-11 16:43:15 - [TEST_STEP][PASSED] - Statement - counter = counter + 1: null

2018-12-11 16:43:15 - [TEST_STEP][PASSED] - Statement - PreSaveFile = new java.io.File(((pathPrefix + java.lang.Integer.toString(counter)) + .png)): null

2018-12-11 16:43:15 - [TEST_STEP][PASSED] - Statement - counter = counter + 1: null

2018-12-11 16:43:15 - [TEST_STEP][PASSED] - Statement - PreSaveFile = new java.io.File(((pathPrefix + java.lang.Integer.toString(counter)) + .png)): null

2018-12-11 16:43:15 - [TEST_STEP][PASSED] - Statement - counter = counter + 1: null

2018-12-11 16:43:15 - [TEST_STEP][PASSED] - Statement - PreSaveFile = new java.io.File(((pathPrefix + java.lang.Integer.toString(counter)) + .png)): null

2018-12-11 16:43:15 - [TEST_STEP][PASSED] - Statement - counter = counter + 1: null

2018-12-11 16:43:15 - [TEST_STEP][PASSED] - Statement - PreSaveFile = new java.io.File(((pathPrefix + java.lang.Integer.toString(counter)) + .png)): null

2018-12-11 16:43:15 - [TEST_STEP][PASSED] - Statement - counter = counter + 1: null

2018-12-11 16:43:15 - [TEST_STEP][PASSED] - Statement - PreSaveFile = new java.io.File(((pathPrefix + java.lang.Integer.toString(counter)) + .png)): null

2018-12-11 16:43:15 - [TEST_STEP][PASSED] - Statement - counter = counter + 1: null

2018-12-11 16:43:15 - [TEST_STEP][PASSED] - Statement - PreSaveFile = new java.io.File(((pathPrefix + java.lang.Integer.toString(counter)) + .png)): null

2018-12-11 16:43:15 - [TEST_STEP][PASSED] - Statement - counter = counter + 1: null

2018-12-11 16:43:15 - [TEST_STEP][PASSED] - Statement - PreSaveFile = new java.io.File(((pathPrefix + java.lang.Integer.toString(counter)) + .png)): null

2018-12-11 16:43:15 - [TEST_STEP][PASSED] - Statement - counter = counter + 1: null

2018-12-11 16:43:15 - [TEST_STEP][PASSED] - Statement - PreSaveFile = new java.io.File(((pathPrefix + java.lang.Integer.toString(counter)) + .png)): null

2018-12-11 16:43:15 - [TEST_STEP][PASSED] - Statement - counter = counter + 1: null

2018-12-11 16:43:15 - [TEST_STEP][PASSED] - Statement - PreSaveFile = new java.io.File(((pathPrefix + java.lang.Integer.toString(counter)) + .png)): null

2018-12-11 16:43:15 - [TEST_STEP][PASSED] - Statement - counter = counter + 1: null

2018-12-11 16:43:15 - [TEST_STEP][PASSED] - Statement - PreSaveFile = new java.io.File(((pathPrefix + java.lang.Integer.toString(counter)) + .png)): null

2018-12-11 16:43:15 - [TEST_STEP][PASSED] - Statement - counter = counter + 1: null

2018-12-11 16:43:15 - [TEST_STEP][PASSED] - Statement - PreSaveFile = new java.io.File(((pathPrefix + java.lang.Integer.toString(counter)) + .png)): null

2018-12-11 16:43:15 - [TEST_STEP][PASSED] - Statement - counter = counter + 1: null

2018-12-11 16:43:15 - [TEST_STEP][PASSED] - Statement - PreSaveFile = new java.io.File(((pathPrefix + java.lang.Integer.toString(counter)) + .png)): null

2018-12-11 16:43:15 - [TEST_STEP][PASSED] - Statement - counter = counter + 1: null

2018-12-11 16:43:15 - [TEST_STEP][PASSED] - Statement - PreSaveFile = new java.io.File(((pathPrefix + java.lang.Integer.toString(counter)) + .png)): null

2018-12-11 16:43:15 - [TEST_STEP][PASSED] - Statement - counter = counter + 1: null

2018-12-11 16:43:15 - [TEST_STEP][PASSED] - Statement - PreSaveFile = new java.io.File(((pathPrefix + java.lang.Integer.toString(counter)) + .png)): null

2018-12-11 16:43:15 - [TEST_STEP][PASSED] - Statement - counter = counter + 1: null

2018-12-11 16:43:15 - [TEST_STEP][PASSED] - Statement - PreSaveFile = new java.io.File(((pathPrefix + java.lang.Integer.toString(counter)) + .png)): null

2018-12-11 16:43:15 - [TEST_STEP][PASSED] - Statement - counter = counter + 1: null

2018-12-11 16:43:15 - [TEST_STEP][PASSED] - Statement - PreSaveFile = new java.io.File(((pathPrefix + java.lang.Integer.toString(counter)) + .png)): null

2018-12-11 16:43:15 - [TEST_STEP][PASSED] - Statement - counter = counter + 1: null

2018-12-11 16:43:15 - [TEST_STEP][PASSED] - Statement - PreSaveFile = new java.io.File(((pathPrefix + java.lang.Integer.toString(counter)) + .png)): null

2018-12-11 16:43:15 - [TEST_STEP][PASSED] - Statement - counter = counter + 1: null

2018-12-11 16:43:15 - [TEST_STEP][PASSED] - Statement - PreSaveFile = new java.io.File(((pathPrefix + java.lang.Integer.toString(counter)) + .png)): null

2018-12-11 16:43:15 - [TEST_STEP][PASSED] - Statement - counter = counter + 1: null

2018-12-11 16:43:15 - [TEST_STEP][PASSED] - Statement - PreSaveFile = new java.io.File(((pathPrefix + java.lang.Integer.toString(counter)) + .png)): null

2018-12-11 16:43:15 - [TEST_STEP][PASSED] - Statement - counter = counter + 1: null

2018-12-11 16:43:15 - [TEST_STEP][PASSED] - Statement - PreSaveFile = new java.io.File(((pathPrefix + java.lang.Integer.toString(counter)) + .png)): null

2018-12-11 16:43:15 - [TEST_STEP][PASSED] - Statement - counter = counter + 1: null

2018-12-11 16:43:15 - [TEST_STEP][PASSED] - Statement - PreSaveFile = new java.io.File(((pathPrefix + java.lang.Integer.toString(counter)) + .png)): null

2018-12-11 16:43:15 - [TEST_STEP][PASSED] - Statement - counter = counter + 1: null

2018-12-11 16:43:15 - [TEST_STEP][PASSED] - Statement - PreSaveFile = new java.io.File(((pathPrefix + java.lang.Integer.toString(counter)) + .png)): null

2018-12-11 16:43:15 - [TEST_STEP][PASSED] - Statement - finalPath = pathPrefix + java.lang.Integer.toString(counter) + ".png": null

2018-12-11 16:43:15 - [TEST_STEP][PASSED] - Statement - SaveFile = new java.io.File(finalPath): null

2018-12-11 16:43:15 - [TEST_STEP][PASSED] - Statement - Try: null

2018-12-11 16:43:15 - [TEST_STEP][PASSED] - Statement - org.apache.commons.io.FileUtils.copyFile(scrFile, SaveFile): null

2018-12-11 16:43:15 - [TEST_STEP][PASSED] - Statement - out.println("file kept"): null

2018-12-11 16:43:15 - [TEST_STEP][PASSED] - delay: Delayed 10 second(s)

2018-12-11 16:43:25 - [MESSAGE][PASSED] - Delayed 10 second(s)

2018-12-11 16:43:25 - [MESSAGE][PASSED] - Call Test Case 'Test Cases/Final Aug 2018 - PKS Automation/Common/Screenshoting tool' successfully

2018-12-11 16:43:25 - [TEST_STEP][PASSED] - callTestCase: Call Test Case 'Test Cases/Final Aug 2018 - PKS Automation/Registration Module/Log Out/log out avoiding katalon tagging' successfully

2018-12-11 16:43:25 - [TEST_CASE][PASSED] - Test Cases/Final Aug 2018 - PKS Automation/Registration Module/Log Out/log out avoiding katalon tagging: Test Cases/Final Aug 2018 - PKS Automation/Registration Module/Log Out/log out avoiding katalon tagging

2018-12-11 16:43:25 - [TEST_STEP][PASSED] - navigateToUrl: Navigate to 'https://assist2-uat.perkeso.gov.my/c/portal/logout' successfully

2018-12-11 16:43:26 - [MESSAGE][PASSED] - Navigate to 'https://assist2-uat.perkeso.gov.my/c/portal/logout' successfully

2018-12-11 16:43:26 - [MESSAGE][PASSED] - Call Test Case 'Test Cases/Final Aug 2018 - PKS Automation/Registration Module/Log Out/log out avoiding katalon tagging' successfully

2018-12-11 16:43:26 - [TEST_STEP][PASSED] - callTestCase: Call Test Case 'Test Cases/Final Aug 2018 - PKS Automation/Common/Workflow Owner Finder' successfully

2018-12-11 16:43:26 - [TEST_CASE][PASSED] - Test Cases/Final Aug 2018 - PKS Automation/Common/Workflow Owner Finder: Test Cases/Final Aug 2018 - PKS Automation/Common/Workflow Owner Finder

2018-12-11 16:43:26 - [TEST_STEP][PASSED] - openBrowser: Browser is opened with url: ''

2018-12-11 16:43:26 - [MESSAGE][WARNING] - A browser is already opened. Closing browser and opening a new one

2018-12-11 16:43:30 - [MESSAGE][PASSED] - Browser is opened with url: ''

2018-12-11 16:43:30 - [TEST_STEP][PASSED] - navigateToUrl: Navigate to 'https://assist2-uat.perkeso.gov.my/login' successfully

2018-12-11 16:43:31 - [MESSAGE][PASSED] - Navigate to 'https://assist2-uat.perkeso.gov.my/login' successfully

2018-12-11 16:43:31 - [TEST_STEP][PASSED] - delay: Delayed 5 second(s)

2018-12-11 16:43:36 - [MESSAGE][PASSED] - Delayed 5 second(s)

2018-12-11 16:43:36 - [TEST_STEP][PASSED] - setText: Text 'test@liferay.com' is set on object 'Object Repository/Final Object Repo/Login Page/Internal User/Email Address'

2018-12-11 16:43:37 - [MESSAGE][PASSED] - Text 'test@liferay.com' is set on object 'Object Repository/Final Object Repo/Login Page/Internal User/Email Address'

2018-12-11 16:43:37 - [TEST_STEP][PASSED] - click: Object: 'Object Repository/Final Object Repo/Login Page/Internal User/Next Button' is clicked on

2018-12-11 16:43:37 - [MESSAGE][PASSED] - Object: 'Object Repository/Final Object Repo/Login Page/Internal User/Next Button' is clicked on

2018-12-11 16:43:37 - [TEST_STEP][PASSED] - delay: Delayed 2 second(s)

2018-12-11 16:43:39 - [MESSAGE][PASSED] - Delayed 2 second(s)

2018-12-11 16:43:39 - [TEST_STEP][PASSED] - setText: Text 'test' is set on object 'Object Repository/Final Object Repo/Login Page/Internal User/Password'

2018-12-11 16:43:39 - [MESSAGE][PASSED] - Text 'test' is set on object 'Object Repository/Final Object Repo/Login Page/Internal User/Password'

2018-12-11 16:43:39 - [TEST_STEP][PASSED] - delay: Delayed 2 second(s)

2018-12-11 16:43:41 - [MESSAGE][PASSED] - Delayed 2 second(s)

2018-12-11 16:43:41 - [TEST_STEP][PASSED] - click: Object: 'Object Repository/Final Object Repo/Login Page/Internal User/Login Button' is clicked on

2018-12-11 16:43:41 - [MESSAGE][PASSED] - Object: 'Object Repository/Final Object Repo/Login Page/Internal User/Login Button' is clicked on

2018-12-11 16:43:41 - [TEST_STEP][PASSED] - Statement - tester = com.kms.katalon.core.testobject.ObjectRepository.findTestObject(Final Object Repo/Landing Page/Select to English): Finding Test Object with id 'Object Repository/Final Object Repo/Landing Page/Select to English'

2018-12-11 16:43:41 - [TEST_STEP][PASSED] - Statement - Try: Delayed 2 second(s)

2018-12-11 16:43:41 - [TEST_STEP][PASSED] - Statement - Checker = com.kms.katalon.core.webui.keyword.WebUiBuiltInKeywords.verifyElementNotPresent(tester, 3): Web element with id: 'Object Repository/Final Object Repo/Landing Page/Select to English' located by 'By.xpath: //a[@class = 'taglib-language-list-text' and @lang = 'en-US' and (contains(text(), 'EN') or contains(., 'EN'))]' is not present after '3' second(s)

2018-12-11 16:43:41 - [MESSAGE][PASSED] - Web element with id: 'Object Repository/Final Object Repo/Landing Page/Select to English' located by 'By.xpath: //a[@class = 'taglib-language-list-text' and @lang = 'en-US' and (contains(text(), 'EN') or contains(., 'EN'))]' is not present after '3' second(s)

2018-12-11 16:43:41 - [TEST_STEP][PASSED] - Statement - If (Checker == false): null

2018-12-11 16:43:41 - [TEST_STEP][PASSED] - delay: Delayed 2 second(s)

2018-12-11 16:43:43 - [MESSAGE][PASSED] - Delayed 2 second(s)

2018-12-11 16:43:43 - [TEST_STEP][PASSED] - delay: Delayed 5 second(s)

2018-12-11 16:43:48 - [MESSAGE][PASSED] - Delayed 5 second(s)

2018-12-11 16:43:48 - [TEST_STEP][PASSED] - mouseOver: Object: 'Object Repository/Final Object Repo/Landing Page/WorkFlow Menu' is hovered

2018-12-11 16:43:48 - [MESSAGE][PASSED] - Object: 'Object Repository/Final Object Repo/Landing Page/WorkFlow Menu' is hovered

2018-12-11 16:43:48 - [TEST_STEP][PASSED] - delay: Delayed 2 second(s)

2018-12-11 16:43:50 - [MESSAGE][PASSED] - Delayed 2 second(s)

2018-12-11 16:43:50 - [TEST_STEP][PASSED] - click: Object: 'Object Repository/Final Object Repo/Landing Page/Select to Workflow Listing' is clicked on

2018-12-11 16:43:52 - [MESSAGE][PASSED] - Object: 'Object Repository/Final Object Repo/Landing Page/Select to Workflow Listing' is clicked on

2018-12-11 16:43:52 - [TEST_STEP][PASSED] - delay: Delayed 2 second(s)

2018-12-11 16:43:54 - [MESSAGE][PASSED] - Delayed 2 second(s)

2018-12-11 16:43:54 - [TEST_STEP][PASSED] - click: Object: 'Object Repository/Final Object Repo/WorkFlow Listing Page/Search Information - To Put Ref No' is clicked on

2018-12-11 16:43:54 - [MESSAGE][PASSED] - Object: 'Object Repository/Final Object Repo/WorkFlow Listing Page/Search Information - To Put Ref No' is clicked on

2018-12-11 16:43:54 - [TEST_STEP][PASSED] - delay: Delayed 2 second(s)

2018-12-11 16:43:56 - [MESSAGE][PASSED] - Delayed 2 second(s)

2018-12-11 16:43:56 - [TEST_STEP][PASSED] - callTestCase: Call Test Case 'Test Cases/Final Aug 2018 - PKS Automation/Common/Reference Number Getter' successfully

2018-12-11 16:43:56 - [TEST_CASE][PASSED] - Test Cases/Final Aug 2018 - PKS Automation/Common/Reference Number Getter: Test Cases/Final Aug 2018 - PKS Automation/Common/Reference Number Getter

2018-12-11 16:43:56 - [TEST_STEP][PASSED] - Statement - Try: null

2018-12-11 16:43:56 - [TEST_STEP][PASSED] - Statement - RefNo = new java.io.File(C://Users//Admin//Desktop//PKS//Automation Reference Point//KatalonReference.txt): null

2018-12-11 16:43:56 - [TEST_STEP][PASSED] - Statement - bufferread = new java.io.BufferedReader(new java.io.FileReader(RefNo)): null

2018-12-11 16:43:56 - [TEST_STEP][PASSED] - Statement - readedVal = bufferread.readLine(): null

2018-12-11 16:43:56 - [TEST_STEP][PASSED] - Statement - out.println(CaseReferenceNo): null

2018-12-11 16:43:56 - [TEST_STEP][PASSED] - Statement - out.println(readedVal): null

2018-12-11 16:43:56 - [TEST_STEP][PASSED] - Statement - CaseReferenceNo = "": null

2018-12-11 16:43:56 - [TEST_STEP][PASSED] - Statement - CaseReferenceNo = readedVal: null

2018-12-11 16:43:56 - [MESSAGE][PASSED] - Call Test Case 'Test Cases/Final Aug 2018 - PKS Automation/Common/Reference Number Getter' successfully

2018-12-11 16:43:56 - [TEST_STEP][PASSED] - setText: Text 'CAN12201800002304' is set on object 'Object Repository/Final Object Repo/WorkFlow Listing Page/Ref No Set Text'

2018-12-11 16:43:56 - [MESSAGE][PASSED] - Text 'CAN12201800002304' is set on object 'Object Repository/Final Object Repo/WorkFlow Listing Page/Ref No Set Text'

2018-12-11 16:43:56 - [TEST_STEP][PASSED] - delay: Delayed 2 second(s)

2018-12-11 16:43:58 - [MESSAGE][PASSED] - Delayed 2 second(s)

2018-12-11 16:43:58 - [TEST_STEP][PASSED] - click: Object: 'Object Repository/Final Object Repo/WorkFlow Listing Page/Search Ref No Search Button' is clicked on

2018-12-11 16:43:58 - [MESSAGE][PASSED] - Object: 'Object Repository/Final Object Repo/WorkFlow Listing Page/Search Ref No Search Button' is clicked on

2018-12-11 16:43:58 - [TEST_STEP][PASSED] - delay: Delayed 6 second(s)

2018-12-11 16:44:04 - [MESSAGE][PASSED] - Delayed 6 second(s)

2018-12-11 16:44:04 - [TEST_STEP][PASSED] - click: Object: 'Object Repository/Final Object Repo/WorkFlow Listing Page/Click Continue Tooltip' is clicked on

2018-12-11 16:44:05 - [MESSAGE][PASSED] - Object: 'Object Repository/Final Object Repo/WorkFlow Listing Page/Click Continue Tooltip' is clicked on

2018-12-11 16:44:05 - [TEST_STEP][PASSED] - delay: Delayed 5 second(s)

2018-12-11 16:44:10 - [MESSAGE][PASSED] - Delayed 5 second(s)

2018-12-11 16:44:10 - [TEST_STEP][PASSED] - doubleClick: Object: 'Object Repository/Final Object Repo/WorkFlow Listing Page/Workflow Found - Listing 1' is double clicked on

2018-12-11 16:44:11 - [MESSAGE][PASSED] - Object: 'Object Repository/Final Object Repo/WorkFlow Listing Page/Workflow Found - Listing 1' is double clicked on

2018-12-11 16:44:11 - [TEST_STEP][PASSED] - Statement - println(OwnerID): null

2018-12-11 16:44:11 - [TEST_STEP][PASSED] - Statement - OwnerID = com.kms.katalon.core.webui.keyword.WebUiBuiltInKeywords.getText(com.kms.katalon.core.testobject.ObjectRepository.findTestObject(Final Object Repo/WorkFlow Listing Page/Workflow Found - Listing 1), STOP_ON_FAILURE): Text of object 'Object Repository/Final Object Repo/WorkFlow Listing Page/Workflow Found - Listing 1' is: 'JOHORro2'

2018-12-11 16:44:11 - [MESSAGE][PASSED] - Text of object 'Object Repository/Final Object Repo/WorkFlow Listing Page/Workflow Found - Listing 1' is: 'JOHORro2'

2018-12-11 16:44:11 - [TEST_STEP][PASSED] - Statement - OwnerID = OwnerID.toLowerCase() + "@gmail.com": null

2018-12-11 16:44:11 - [TEST_STEP][PASSED] - Statement - println(OwnerID): null

2018-12-11 16:44:11 - [TEST_STEP][PASSED] - delay: Delayed 2 second(s)

2018-12-11 16:44:13 - [MESSAGE][PASSED] - Delayed 2 second(s)

2018-12-11 16:44:13 - [MESSAGE][PASSED] - Call Test Case 'Test Cases/Final Aug 2018 - PKS Automation/Common/Workflow Owner Finder' successfully

2018-12-11 16:44:13 - [TEST_STEP][PASSED] - callTestCase: Call Test Case 'Test Cases/Final Aug 2018 - PKS Automation/Registration Module/Log Out/log out avoiding katalon tagging' successfully

2018-12-11 16:44:13 - [TEST_CASE][PASSED] - Test Cases/Final Aug 2018 - PKS Automation/Registration Module/Log Out/log out avoiding katalon tagging: Test Cases/Final Aug 2018 - PKS Automation/Registration Module/Log Out/log out avoiding katalon tagging

2018-12-11 16:44:13 - [TEST_STEP][PASSED] - navigateToUrl: Navigate to 'https://assist2-uat.perkeso.gov.my/c/portal/logout' successfully

2018-12-11 16:44:14 - [MESSAGE][PASSED] - Navigate to 'https://assist2-uat.perkeso.gov.my/c/portal/logout' successfully

2018-12-11 16:44:14 - [MESSAGE][PASSED] - Call Test Case 'Test Cases/Final Aug 2018 - PKS Automation/Registration Module/Log Out/log out avoiding katalon tagging' successfully

2018-12-11 16:44:14 - [TEST_STEP][PASSED] - delay: Delayed 2 second(s)

2018-12-11 16:44:16 - [MESSAGE][PASSED] - Delayed 2 second(s)

2018-12-11 16:44:16 - [TEST_STEP][PASSED] - setText: Text 'johorro2@gmail.com' is set on object 'Object Repository/Final Object Repo/Page_Update Add New Employee - ASSIST/Email TextBox'

2018-12-11 16:44:16 - [MESSAGE][PASSED] - Text 'johorro2@gmail.com' is set on object 'Object Repository/Final Object Repo/Page_Update Add New Employee - ASSIST/Email TextBox'

2018-12-11 16:44:16 - [TEST_STEP][PASSED] - click: Object: 'Object Repository/Final Object Repo/Page_Update Add New Employee - ASSIST/Next Button' is clicked on

2018-12-11 16:44:16 - [MESSAGE][PASSED] - Object: 'Object Repository/Final Object Repo/Page_Update Add New Employee - ASSIST/Next Button' is clicked on

2018-12-11 16:44:16 - [TEST_STEP][PASSED] - delay: Delayed 2 second(s)

2018-12-11 16:44:18 - [MESSAGE][PASSED] - Delayed 2 second(s)

2018-12-11 16:44:18 - [TEST_STEP][PASSED] - setText: Text 'Test1@3456789' is set on object 'Object Repository/Final Object Repo/Page_Update Add New Employee - ASSIST/Password TextBox'

2018-12-11 16:44:18 - [MESSAGE][PASSED] - Text 'Test1@3456789' is set on object 'Object Repository/Final Object Repo/Page_Update Add New Employee - ASSIST/Password TextBox'

2018-12-11 16:44:18 - [TEST_STEP][PASSED] - delay: Delayed 2 second(s)

2018-12-11 16:44:20 - [MESSAGE][PASSED] - Delayed 2 second(s)

2018-12-11 16:44:20 - [TEST_STEP][PASSED] - click: Object: 'Object Repository/Final Object Repo/Page_Update Add New Employee - ASSIST/Login Button' is clicked on

2018-12-11 16:44:21 - [MESSAGE][PASSED] - Object: 'Object Repository/Final Object Repo/Page_Update Add New Employee - ASSIST/Login Button' is clicked on

2018-12-11 16:44:21 - [TEST_STEP][PASSED] - delay: Delayed 4 second(s)

2018-12-11 16:44:25 - [MESSAGE][PASSED] - Delayed 4 second(s)

2018-12-11 16:44:25 - [TEST_STEP][PASSED] - Statement - Try: Delayed 2 second(s)

2018-12-11 16:44:25 - [TEST_STEP][PASSED] - Statement - Checker = false: null

2018-12-11 16:44:25 - [TEST_STEP][PASSED] - Statement - Checker = com.kms.katalon.core.webui.keyword.WebUiBuiltInKeywords.verifyElementHasAttribute(com.kms.katalon.core.testobject.ObjectRepository.findTestObject(Final Object Repo/Landing Page/BM Detecting), "href", 20, OPTIONAL): Object 'Object Repository/Final Object Repo/Landing Page/BM Detecting' has attribute 'href'

2018-12-11 16:44:25 - [MESSAGE][PASSED] - Object 'Object Repository/Final Object Repo/Landing Page/BM Detecting' has attribute 'href'

2018-12-11 16:44:25 - [TEST_STEP][PASSED] - Statement - out.println(Checker): null

2018-12-11 16:44:25 - [TEST_STEP][PASSED] - Statement - If (Checker == false): null

2018-12-11 16:44:25 - [TEST_STEP][PASSED] - Statement - Else: null

2018-12-11 16:44:25 - [TEST_STEP][PASSED] - delay: Delayed 2 second(s)

2018-12-11 16:44:27 - [MESSAGE][PASSED] - Delayed 2 second(s)

2018-12-11 16:44:27 - [TEST_STEP][PASSED] - delay: Delayed 4 second(s)

2018-12-11 16:44:31 - [MESSAGE][PASSED] - Delayed 4 second(s)

2018-12-11 16:44:31 - [TEST_STEP][PASSED] - click: Object: 'Object Repository/Final Object Repo/New Registration - Registration Module Pages/New Reg - OTC to RO/Special Case - All Related Objects/Expand to Search' is clicked on

2018-12-11 16:44:31 - [MESSAGE][PASSED] - Object: 'Object Repository/Final Object Repo/New Registration - Registration Module Pages/New Reg - OTC to RO/Special Case - All Related Objects/Expand to Search' is clicked on

2018-12-11 16:44:31 - [TEST_STEP][PASSED] - setText: Text 'CAN12201800002304' is set on object 'Object Repository/Final Object Repo/New Registration - Registration Module Pages/New Reg - OTC to RO/Special Case - All Related Objects/TextBox RefNo in Workbasket'

2018-12-11 16:44:31 - [MESSAGE][PASSED] - Text 'CAN12201800002304' is set on object 'Object Repository/Final Object Repo/New Registration - Registration Module Pages/New Reg - OTC to RO/Special Case - All Related Objects/TextBox RefNo in Workbasket'

2018-12-11 16:44:31 - [TEST_STEP][PASSED] - delay: Delayed 2 second(s)

2018-12-11 16:44:33 - [MESSAGE][PASSED] - Delayed 2 second(s)

2018-12-11 16:44:33 - [TEST_STEP][PASSED] - click: Object: 'Object Repository/Final Object Repo/New Registration - Registration Module Pages/New Reg - OTC to RO/Special Case - All Related Objects/Click Search' is clicked on

2018-12-11 16:44:34 - [MESSAGE][PASSED] - Object: 'Object Repository/Final Object Repo/New Registration - Registration Module Pages/New Reg - OTC to RO/Special Case - All Related Objects/Click Search' is clicked on

2018-12-11 16:44:34 - [TEST_STEP][PASSED] - delay: Delayed 2 second(s)

2018-12-11 16:44:36 - [MESSAGE][PASSED] - Delayed 2 second(s)

2018-12-11 16:44:36 - [TEST_STEP][PASSED] - click: Object: 'Object Repository/Final Object Repo/New Registration - Registration Module Pages/New Reg - OTC to RO/Special Case - All Related Objects/Click to Continue Workflow' is clicked on

2018-12-11 16:44:40 - [MESSAGE][PASSED] - Object: 'Object Repository/Final Object Repo/New Registration - Registration Module Pages/New Reg - OTC to RO/Special Case - All Related Objects/Click to Continue Workflow' is clicked on

2018-12-11 16:44:40 - [TEST_STEP][PASSED] - delay: Delayed 10 second(s)

2018-12-11 16:44:50 - [MESSAGE][PASSED] - Delayed 10 second(s)

2018-12-11 16:44:50 - [TEST_STEP][PASSED] - click: Object: 'Object Repository/Final Object Repo/New Registration - Registration Module Pages/New Reg - OTC to RO/Special Case - All Related Objects/Continue Button in verifying case' is clicked on

2018-12-11 16:44:53 - [MESSAGE][PASSED] - Object: 'Object Repository/Final Object Repo/New Registration - Registration Module Pages/New Reg - OTC to RO/Special Case - All Related Objects/Continue Button in verifying case' is clicked on

2018-12-11 16:44:53 - [TEST_STEP][PASSED] - delay: Delayed 2 second(s)

2018-12-11 16:44:55 - [MESSAGE][PASSED] - Delayed 2 second(s)

2018-12-11 16:44:55 - [TEST_STEP][PASSED] - click: Object: 'Object Repository/Final Object Repo/Page_Update Add New Employee - ASSIST/Save  Continue Button' is clicked on

2018-12-11 16:44:55 - [MESSAGE][PASSED] - Object: 'Object Repository/Final Object Repo/Page_Update Add New Employee - ASSIST/Save  Continue Button' is clicked on

2018-12-11 16:44:55 - [TEST_STEP][PASSED] - delay: Delayed 4 second(s)

2018-12-11 16:44:59 - [MESSAGE][PASSED] - Delayed 4 second(s)

2018-12-11 16:44:59 - [TEST_STEP][PASSED] - click: Object: 'Object Repository/Final Object Repo/Page_Update Add New Employee - ASSIST/Save  Continue Third Screen' is clicked on

2018-12-11 16:45:02 - [MESSAGE][PASSED] - Object: 'Object Repository/Final Object Repo/Page_Update Add New Employee - ASSIST/Save  Continue Third Screen' is clicked on

2018-12-11 16:45:02 - [TEST_STEP][PASSED] - delay: Delayed 4 second(s)

2018-12-11 16:45:06 - [MESSAGE][PASSED] - Delayed 4 second(s)

2018-12-11 16:45:06 - [TEST_STEP][PASSED] - click: Object: 'Object Repository/Final Object Repo/Page_Update Add New Employee - ASSIST/Save   Continue Supporting Doc Page' is clicked on

2018-12-11 16:45:06 - [MESSAGE][PASSED] - Object: 'Object Repository/Final Object Repo/Page_Update Add New Employee - ASSIST/Save   Continue Supporting Doc Page' is clicked on

2018-12-11 16:45:06 - [TEST_STEP][PASSED] - delay: Delayed 4 second(s)

2018-12-11 16:45:10 - [MESSAGE][PASSED] - Delayed 4 second(s)

2018-12-11 16:45:10 - [TEST_STEP][PASSED] - click: Object: 'Object Repository/Final Object Repo/Page_Update Add New Employee - ASSIST/Submit Button' is clicked on

2018-12-11 16:45:11 - [MESSAGE][PASSED] - Object: 'Object Repository/Final Object Repo/Page_Update Add New Employee - ASSIST/Submit Button' is clicked on

2018-12-11 16:45:11 - [TEST_STEP][PASSED] - delay: Delayed 4 second(s)

2018-12-11 16:45:15 - [MESSAGE][PASSED] - Delayed 4 second(s)

2018-12-11 16:45:15 - [TEST_STEP][PASSED] - click: Object: 'Object Repository/Final Object Repo/Page_Update Add New Employee - ASSIST/Confirm Submit Button' is clicked on

2018-12-11 16:45:15 - [MESSAGE][PASSED] - Object: 'Object Repository/Final Object Repo/Page_Update Add New Employee - ASSIST/Confirm Submit Button' is clicked on

2018-12-11 16:45:15 - [TEST_STEP][PASSED] - delay: Delayed 30 second(s)

2018-12-11 16:45:45 - [MESSAGE][PASSED] - Delayed 30 second(s)

2018-12-11 16:45:45 - [TEST_STEP][PASSED] - callTestCase: Call Test Case 'Test Cases/Final Aug 2018 - PKS Automation/Common/Screenshoting tool' successfully

2018-12-11 16:45:45 - [TEST_CASE][PASSED] - Test Cases/Final Aug 2018 - PKS Automation/Common/Screenshoting tool: Test Cases/Final Aug 2018 - PKS Automation/Common/Screenshoting tool

2018-12-11 16:45:45 - [TEST_STEP][PASSED] - delay: Delayed 15 second(s)

2018-12-11 16:46:00 - [MESSAGE][PASSED] - Delayed 15 second(s)

2018-12-11 16:46:00 - [TEST_STEP][PASSED] - Statement - driver = com.kms.katalon.core.webui.driver.DriverFactory.getWebDriver(): null

2018-12-11 16:46:00 - [TEST_STEP][PASSED] - Statement - driver.manage().timeouts().implicitlyWait(10, SECONDS): null

2018-12-11 16:46:00 - [TEST_STEP][PASSED] - Statement - PresavePath = KatalonScreenshots: null

2018-12-11 16:46:00 - [TEST_STEP][PASSED] - Statement - pathPrefix = "C:\Users\Public\Pictures\Sample Pictures\Katalon Screenshots\Automate Ending Screen": null

2018-12-11 16:46:00 - [TEST_STEP][PASSED] - Statement - finalPath = <not implemented yet for class: org.codehaus.groovy.ast.expr.EmptyExpression>: null

2018-12-11 16:46:00 - [TEST_STEP][PASSED] - Statement - scrFile = driver.getScreenshotAs(FILE): null

2018-12-11 16:46:00 - [TEST_STEP][PASSED] - Statement - PreSaveFile = new java.io.File(PresavePath): null

2018-12-11 16:46:00 - [TEST_STEP][PASSED] - Statement - counter = 0: null

2018-12-11 16:46:00 - [TEST_STEP][PASSED] - Statement - If (PreSaveFile.exists()): null

2018-12-11 16:46:00 - [TEST_STEP][PASSED] - Statement - While (PreSaveFile.exists()): null

2018-12-11 16:46:00 - [TEST_STEP][PASSED] - Statement - counter = counter + 1: null

2018-12-11 16:46:00 - [TEST_STEP][PASSED] - Statement - PreSaveFile = new java.io.File(((pathPrefix + java.lang.Integer.toString(counter)) + .png)): null

2018-12-11 16:46:00 - [TEST_STEP][PASSED] - Statement - counter = counter + 1: null

2018-12-11 16:46:00 - [TEST_STEP][PASSED] - Statement - PreSaveFile = new java.io.File(((pathPrefix + java.lang.Integer.toString(counter)) + .png)): null

2018-12-11 16:46:00 - [TEST_STEP][PASSED] - Statement - counter = counter + 1: null

2018-12-11 16:46:00 - [TEST_STEP][PASSED] - Statement - PreSaveFile = new java.io.File(((pathPrefix + java.lang.Integer.toString(counter)) + .png)): null

2018-12-11 16:46:00 - [TEST_STEP][PASSED] - Statement - counter = counter + 1: null

2018-12-11 16:46:00 - [TEST_STEP][PASSED] - Statement - PreSaveFile = new java.io.File(((pathPrefix + java.lang.Integer.toString(counter)) + .png)): null

2018-12-11 16:46:00 - [TEST_STEP][PASSED] - Statement - counter = counter + 1: null

2018-12-11 16:46:00 - [TEST_STEP][PASSED] - Statement - PreSaveFile = new java.io.File(((pathPrefix + java.lang.Integer.toString(counter)) + .png)): null

2018-12-11 16:46:00 - [TEST_STEP][PASSED] - Statement - counter = counter + 1: null

2018-12-11 16:46:00 - [TEST_STEP][PASSED] - Statement - PreSaveFile = new java.io.File(((pathPrefix + java.lang.Integer.toString(counter)) + .png)): null

2018-12-11 16:46:00 - [TEST_STEP][PASSED] - Statement - counter = counter + 1: null

2018-12-11 16:46:00 - [TEST_STEP][PASSED] - Statement - PreSaveFile = new java.io.File(((pathPrefix + java.lang.Integer.toString(counter)) + .png)): null

2018-12-11 16:46:00 - [TEST_STEP][PASSED] - Statement - counter = counter + 1: null

2018-12-11 16:46:00 - [TEST_STEP][PASSED] - Statement - PreSaveFile = new java.io.File(((pathPrefix + java.lang.Integer.toString(counter)) + .png)): null

2018-12-11 16:46:00 - [TEST_STEP][PASSED] - Statement - counter = counter + 1: null

2018-12-11 16:46:00 - [TEST_STEP][PASSED] - Statement - PreSaveFile = new java.io.File(((pathPrefix + java.lang.Integer.toString(counter)) + .png)): null

2018-12-11 16:46:00 - [TEST_STEP][PASSED] - Statement - counter = counter + 1: null

2018-12-11 16:46:00 - [TEST_STEP][PASSED] - Statement - PreSaveFile = new java.io.File(((pathPrefix + java.lang.Integer.toString(counter)) + .png)): null

2018-12-11 16:46:00 - [TEST_STEP][PASSED] - Statement - counter = counter + 1: null

2018-12-11 16:46:00 - [TEST_STEP][PASSED] - Statement - PreSaveFile = new java.io.File(((pathPrefix + java.lang.Integer.toString(counter)) + .png)): null

2018-12-11 16:46:00 - [TEST_STEP][PASSED] - Statement - counter = counter + 1: null

2018-12-11 16:46:00 - [TEST_STEP][PASSED] - Statement - PreSaveFile = new java.io.File(((pathPrefix + java.lang.Integer.toString(counter)) + .png)): null

2018-12-11 16:46:00 - [TEST_STEP][PASSED] - Statement - counter = counter + 1: null

2018-12-11 16:46:00 - [TEST_STEP][PASSED] - Statement - PreSaveFile = new java.io.File(((pathPrefix + java.lang.Integer.toString(counter)) + .png)): null

2018-12-11 16:46:00 - [TEST_STEP][PASSED] - Statement - counter = counter + 1: null

2018-12-11 16:46:00 - [TEST_STEP][PASSED] - Statement - PreSaveFile = new java.io.File(((pathPrefix + java.lang.Integer.toString(counter)) + .png)): null

2018-12-11 16:46:00 - [TEST_STEP][PASSED] - Statement - counter = counter + 1: null

2018-12-11 16:46:00 - [TEST_STEP][PASSED] - Statement - PreSaveFile = new java.io.File(((pathPrefix + java.lang.Integer.toString(counter)) + .png)): null

2018-12-11 16:46:00 - [TEST_STEP][PASSED] - Statement - counter = counter + 1: null

2018-12-11 16:46:00 - [TEST_STEP][PASSED] - Statement - PreSaveFile = new java.io.File(((pathPrefix + java.lang.Integer.toString(counter)) + .png)): null

2018-12-11 16:46:00 - [TEST_STEP][PASSED] - Statement - counter = counter + 1: null

2018-12-11 16:46:00 - [TEST_STEP][PASSED] - Statement - PreSaveFile = new java.io.File(((pathPrefix + java.lang.Integer.toString(counter)) + .png)): null

2018-12-11 16:46:00 - [TEST_STEP][PASSED] - Statement - counter = counter + 1: null

2018-12-11 16:46:00 - [TEST_STEP][PASSED] - Statement - PreSaveFile = new java.io.File(((pathPrefix + java.lang.Integer.toString(counter)) + .png)): null

2018-12-11 16:46:00 - [TEST_STEP][PASSED] - Statement - counter = counter + 1: null

2018-12-11 16:46:00 - [TEST_STEP][PASSED] - Statement - PreSaveFile = new java.io.File(((pathPrefix + java.lang.Integer.toString(counter)) + .png)): null

2018-12-11 16:46:00 - [TEST_STEP][PASSED] - Statement - counter = counter + 1: null

2018-12-11 16:46:00 - [TEST_STEP][PASSED] - Statement - PreSaveFile = new java.io.File(((pathPrefix + java.lang.Integer.toString(counter)) + .png)): null

2018-12-11 16:46:00 - [TEST_STEP][PASSED] - Statement - counter = counter + 1: null

2018-12-11 16:46:00 - [TEST_STEP][PASSED] - Statement - PreSaveFile = new java.io.File(((pathPrefix + java.lang.Integer.toString(counter)) + .png)): null

2018-12-11 16:46:00 - [TEST_STEP][PASSED] - Statement - counter = counter + 1: null

2018-12-11 16:46:00 - [TEST_STEP][PASSED] - Statement - PreSaveFile = new java.io.File(((pathPrefix + java.lang.Integer.toString(counter)) + .png)): null

2018-12-11 16:46:00 - [TEST_STEP][PASSED] - Statement - counter = counter + 1: null

2018-12-11 16:46:00 - [TEST_STEP][PASSED] - Statement - PreSaveFile = new java.io.File(((pathPrefix + java.lang.Integer.toString(counter)) + .png)): null

2018-12-11 16:46:00 - [TEST_STEP][PASSED] - Statement - counter = counter + 1: null

2018-12-11 16:46:00 - [TEST_STEP][PASSED] - Statement - PreSaveFile = new java.io.File(((pathPrefix + java.lang.Integer.toString(counter)) + .png)): null

2018-12-11 16:46:00 - [TEST_STEP][PASSED] - Statement - counter = counter + 1: null

2018-12-11 16:46:00 - [TEST_STEP][PASSED] - Statement - PreSaveFile = new java.io.File(((pathPrefix + java.lang.Integer.toString(counter)) + .png)): null

2018-12-11 16:46:00 - [TEST_STEP][PASSED] - Statement - counter = counter + 1: null

2018-12-11 16:46:00 - [TEST_STEP][PASSED] - Statement - PreSaveFile = new java.io.File(((pathPrefix + java.lang.Integer.toString(counter)) + .png)): null

2018-12-11 16:46:00 - [TEST_STEP][PASSED] - Statement - counter = counter + 1: null

2018-12-11 16:46:00 - [TEST_STEP][PASSED] - Statement - PreSaveFile = new java.io.File(((pathPrefix + java.lang.Integer.toString(counter)) + .png)): null

2018-12-11 16:46:00 - [TEST_STEP][PASSED] - Statement - counter = counter + 1: null

2018-12-11 16:46:00 - [TEST_STEP][PASSED] - Statement - PreSaveFile = new java.io.File(((pathPrefix + java.lang.Integer.toString(counter)) + .png)): null

2018-12-11 16:46:00 - [TEST_STEP][PASSED] - Statement - counter = counter + 1: null

2018-12-11 16:46:00 - [TEST_STEP][PASSED] - Statement - PreSaveFile = new java.io.File(((pathPrefix + java.lang.Integer.toString(counter)) + .png)): null

2018-12-11 16:46:00 - [TEST_STEP][PASSED] - Statement - counter = counter + 1: null

2018-12-11 16:46:00 - [TEST_STEP][PASSED] - Statement - PreSaveFile = new java.io.File(((pathPrefix + java.lang.Integer.toString(counter)) + .png)): null

2018-12-11 16:46:00 - [TEST_STEP][PASSED] - Statement - counter = counter + 1: null

2018-12-11 16:46:00 - [TEST_STEP][PASSED] - Statement - PreSaveFile = new java.io.File(((pathPrefix + java.lang.Integer.toString(counter)) + .png)): null

2018-12-11 16:46:00 - [TEST_STEP][PASSED] - Statement - counter = counter + 1: null

2018-12-11 16:46:00 - [TEST_STEP][PASSED] - Statement - PreSaveFile = new java.io.File(((pathPrefix + java.lang.Integer.toString(counter)) + .png)): null

2018-12-11 16:46:00 - [TEST_STEP][PASSED] - Statement - counter = counter + 1: null

2018-12-11 16:46:00 - [TEST_STEP][PASSED] - Statement - PreSaveFile = new java.io.File(((pathPrefix + java.lang.Integer.toString(counter)) + .png)): null

2018-12-11 16:46:00 - [TEST_STEP][PASSED] - Statement - counter = counter + 1: null

2018-12-11 16:46:00 - [TEST_STEP][PASSED] - Statement - PreSaveFile = new java.io.File(((pathPrefix + java.lang.Integer.toString(counter)) + .png)): null

2018-12-11 16:46:00 - [TEST_STEP][PASSED] - Statement - counter = counter + 1: null

2018-12-11 16:46:00 - [TEST_STEP][PASSED] - Statement - PreSaveFile = new java.io.File(((pathPrefix + java.lang.Integer.toString(counter)) + .png)): null

2018-12-11 16:46:00 - [TEST_STEP][PASSED] - Statement - counter = counter + 1: null

2018-12-11 16:46:00 - [TEST_STEP][PASSED] - Statement - PreSaveFile = new java.io.File(((pathPrefix + java.lang.Integer.toString(counter)) + .png)): null

2018-12-11 16:46:00 - [TEST_STEP][PASSED] - Statement - counter = counter + 1: null

2018-12-11 16:46:00 - [TEST_STEP][PASSED] - Statement - PreSaveFile = new java.io.File(((pathPrefix + java.lang.Integer.toString(counter)) + .png)): null

2018-12-11 16:46:00 - [TEST_STEP][PASSED] - Statement - counter = counter + 1: null

2018-12-11 16:46:00 - [TEST_STEP][PASSED] - Statement - PreSaveFile = new java.io.File(((pathPrefix + java.lang.Integer.toString(counter)) + .png)): null

2018-12-11 16:46:00 - [TEST_STEP][PASSED] - Statement - counter = counter + 1: null

2018-12-11 16:46:00 - [TEST_STEP][PASSED] - Statement - PreSaveFile = new java.io.File(((pathPrefix + java.lang.Integer.toString(counter)) + .png)): null

2018-12-11 16:46:00 - [TEST_STEP][PASSED] - Statement - counter = counter + 1: null

2018-12-11 16:46:00 - [TEST_STEP][PASSED] - Statement - PreSaveFile = new java.io.File(((pathPrefix + java.lang.Integer.toString(counter)) + .png)): null

2018-12-11 16:46:00 - [TEST_STEP][PASSED] - Statement - counter = counter + 1: null

2018-12-11 16:46:00 - [TEST_STEP][PASSED] - Statement - PreSaveFile = new java.io.File(((pathPrefix + java.lang.Integer.toString(counter)) + .png)): null

2018-12-11 16:46:00 - [TEST_STEP][PASSED] - Statement - counter = counter + 1: null

2018-12-11 16:46:00 - [TEST_STEP][PASSED] - Statement - PreSaveFile = new java.io.File(((pathPrefix + java.lang.Integer.toString(counter)) + .png)): null

2018-12-11 16:46:00 - [TEST_STEP][PASSED] - Statement - counter = counter + 1: null

2018-12-11 16:46:00 - [TEST_STEP][PASSED] - Statement - PreSaveFile = new java.io.File(((pathPrefix + java.lang.Integer.toString(counter)) + .png)): null

2018-12-11 16:46:00 - [TEST_STEP][PASSED] - Statement - counter = counter + 1: null

2018-12-11 16:46:00 - [TEST_STEP][PASSED] - Statement - PreSaveFile = new java.io.File(((pathPrefix + java.lang.Integer.toString(counter)) + .png)): null

2018-12-11 16:46:00 - [TEST_STEP][PASSED] - Statement - counter = counter + 1: null

2018-12-11 16:46:00 - [TEST_STEP][PASSED] - Statement - PreSaveFile = new java.io.File(((pathPrefix + java.lang.Integer.toString(counter)) + .png)): null

2018-12-11 16:46:00 - [TEST_STEP][PASSED] - Statement - counter = counter + 1: null

2018-12-11 16:46:00 - [TEST_STEP][PASSED] - Statement - PreSaveFile = new java.io.File(((pathPrefix + java.lang.Integer.toString(counter)) + .png)): null

2018-12-11 16:46:00 - [TEST_STEP][PASSED] - Statement - counter = counter + 1: null

2018-12-11 16:46:00 - [TEST_STEP][PASSED] - Statement - PreSaveFile = new java.io.File(((pathPrefix + java.lang.Integer.toString(counter)) + .png)): null

2018-12-11 16:46:00 - [TEST_STEP][PASSED] - Statement - counter = counter + 1: null

2018-12-11 16:46:00 - [TEST_STEP][PASSED] - Statement - PreSaveFile = new java.io.File(((pathPrefix + java.lang.Integer.toString(counter)) + .png)): null

2018-12-11 16:46:00 - [TEST_STEP][PASSED] - Statement - counter = counter + 1: null

2018-12-11 16:46:00 - [TEST_STEP][PASSED] - Statement - PreSaveFile = new java.io.File(((pathPrefix + java.lang.Integer.toString(counter)) + .png)): null

2018-12-11 16:46:00 - [TEST_STEP][PASSED] - Statement - counter = counter + 1: null

2018-12-11 16:46:00 - [TEST_STEP][PASSED] - Statement - PreSaveFile = new java.io.File(((pathPrefix + java.lang.Integer.toString(counter)) + .png)): null

2018-12-11 16:46:00 - [TEST_STEP][PASSED] - Statement - counter = counter + 1: null

2018-12-11 16:46:00 - [TEST_STEP][PASSED] - Statement - PreSaveFile = new java.io.File(((pathPrefix + java.lang.Integer.toString(counter)) + .png)): null

2018-12-11 16:46:00 - [TEST_STEP][PASSED] - Statement - counter = counter + 1: null

2018-12-11 16:46:00 - [TEST_STEP][PASSED] - Statement - PreSaveFile = new java.io.File(((pathPrefix + java.lang.Integer.toString(counter)) + .png)): null

2018-12-11 16:46:00 - [TEST_STEP][PASSED] - Statement - counter = counter + 1: null

2018-12-11 16:46:00 - [TEST_STEP][PASSED] - Statement - PreSaveFile = new java.io.File(((pathPrefix + java.lang.Integer.toString(counter)) + .png)): null

2018-12-11 16:46:00 - [TEST_STEP][PASSED] - Statement - counter = counter + 1: null

2018-12-11 16:46:00 - [TEST_STEP][PASSED] - Statement - PreSaveFile = new java.io.File(((pathPrefix + java.lang.Integer.toString(counter)) + .png)): null

2018-12-11 16:46:00 - [TEST_STEP][PASSED] - Statement - counter = counter + 1: null

2018-12-11 16:46:00 - [TEST_STEP][PASSED] - Statement - PreSaveFile = new java.io.File(((pathPrefix + java.lang.Integer.toString(counter)) + .png)): null

2018-12-11 16:46:00 - [TEST_STEP][PASSED] - Statement - counter = counter + 1: null

2018-12-11 16:46:00 - [TEST_STEP][PASSED] - Statement - PreSaveFile = new java.io.File(((pathPrefix + java.lang.Integer.toString(counter)) + .png)): null

2018-12-11 16:46:00 - [TEST_STEP][PASSED] - Statement - counter = counter + 1: null

2018-12-11 16:46:00 - [TEST_STEP][PASSED] - Statement - PreSaveFile = new java.io.File(((pathPrefix + java.lang.Integer.toString(counter)) + .png)): null

2018-12-11 16:46:00 - [TEST_STEP][PASSED] - Statement - counter = counter + 1: null

2018-12-11 16:46:00 - [TEST_STEP][PASSED] - Statement - PreSaveFile = new java.io.File(((pathPrefix + java.lang.Integer.toString(counter)) + .png)): null

2018-12-11 16:46:00 - [TEST_STEP][PASSED] - Statement - counter = counter + 1: null

2018-12-11 16:46:00 - [TEST_STEP][PASSED] - Statement - PreSaveFile = new java.io.File(((pathPrefix + java.lang.Integer.toString(counter)) + .png)): null

2018-12-11 16:46:00 - [TEST_STEP][PASSED] - Statement - counter = counter + 1: null

2018-12-11 16:46:00 - [TEST_STEP][PASSED] - Statement - PreSaveFile = new java.io.File(((pathPrefix + java.lang.Integer.toString(counter)) + .png)): null

2018-12-11 16:46:00 - [TEST_STEP][PASSED] - Statement - counter = counter + 1: null

2018-12-11 16:46:00 - [TEST_STEP][PASSED] - Statement - PreSaveFile = new java.io.File(((pathPrefix + java.lang.Integer.toString(counter)) + .png)): null

2018-12-11 16:46:00 - [TEST_STEP][PASSED] - Statement - counter = counter + 1: null

2018-12-11 16:46:00 - [TEST_STEP][PASSED] - Statement - PreSaveFile = new java.io.File(((pathPrefix + java.lang.Integer.toString(counter)) + .png)): null

2018-12-11 16:46:00 - [TEST_STEP][PASSED] - Statement - counter = counter + 1: null

2018-12-11 16:46:00 - [TEST_STEP][PASSED] - Statement - PreSaveFile = new java.io.File(((pathPrefix + java.lang.Integer.toString(counter)) + .png)): null

2018-12-11 16:46:00 - [TEST_STEP][PASSED] - Statement - counter = counter + 1: null

2018-12-11 16:46:00 - [TEST_STEP][PASSED] - Statement - PreSaveFile = new java.io.File(((pathPrefix + java.lang.Integer.toString(counter)) + .png)): null

2018-12-11 16:46:00 - [TEST_STEP][PASSED] - Statement - counter = counter + 1: null

2018-12-11 16:46:00 - [TEST_STEP][PASSED] - Statement - PreSaveFile = new java.io.File(((pathPrefix + java.lang.Integer.toString(counter)) + .png)): null

2018-12-11 16:46:00 - [TEST_STEP][PASSED] - Statement - counter = counter + 1: null

2018-12-11 16:46:00 - [TEST_STEP][PASSED] - Statement - PreSaveFile = new java.io.File(((pathPrefix + java.lang.Integer.toString(counter)) + .png)): null

2018-12-11 16:46:00 - [TEST_STEP][PASSED] - Statement - counter = counter + 1: null

2018-12-11 16:46:00 - [TEST_STEP][PASSED] - Statement - PreSaveFile = new java.io.File(((pathPrefix + java.lang.Integer.toString(counter)) + .png)): null

2018-12-11 16:46:00 - [TEST_STEP][PASSED] - Statement - counter = counter + 1: null

2018-12-11 16:46:00 - [TEST_STEP][PASSED] - Statement - PreSaveFile = new java.io.File(((pathPrefix + java.lang.Integer.toString(counter)) + .png)): null

2018-12-11 16:46:00 - [TEST_STEP][PASSED] - Statement - counter = counter + 1: null

2018-12-11 16:46:00 - [TEST_STEP][PASSED] - Statement - PreSaveFile = new java.io.File(((pathPrefix + java.lang.Integer.toString(counter)) + .png)): null

2018-12-11 16:46:00 - [TEST_STEP][PASSED] - Statement - counter = counter + 1: null

2018-12-11 16:46:00 - [TEST_STEP][PASSED] - Statement - PreSaveFile = new java.io.File(((pathPrefix + java.lang.Integer.toString(counter)) + .png)): null

2018-12-11 16:46:00 - [TEST_STEP][PASSED] - Statement - counter = counter + 1: null

2018-12-11 16:46:00 - [TEST_STEP][PASSED] - Statement - PreSaveFile = new java.io.File(((pathPrefix + java.lang.Integer.toString(counter)) + .png)): null

2018-12-11 16:46:00 - [TEST_STEP][PASSED] - Statement - counter = counter + 1: null

2018-12-11 16:46:00 - [TEST_STEP][PASSED] - Statement - PreSaveFile = new java.io.File(((pathPrefix + java.lang.Integer.toString(counter)) + .png)): null

2018-12-11 16:46:00 - [TEST_STEP][PASSED] - Statement - counter = counter + 1: null

2018-12-11 16:46:00 - [TEST_STEP][PASSED] - Statement - PreSaveFile = new java.io.File(((pathPrefix + java.lang.Integer.toString(counter)) + .png)): null

2018-12-11 16:46:00 - [TEST_STEP][PASSED] - Statement - counter = counter + 1: null

2018-12-11 16:46:00 - [TEST_STEP][PASSED] - Statement - PreSaveFile = new java.io.File(((pathPrefix + java.lang.Integer.toString(counter)) + .png)): null

2018-12-11 16:46:00 - [TEST_STEP][PASSED] - Statement - counter = counter + 1: null

2018-12-11 16:46:00 - [TEST_STEP][PASSED] - Statement - PreSaveFile = new java.io.File(((pathPrefix + java.lang.Integer.toString(counter)) + .png)): null

2018-12-11 16:46:00 - [TEST_STEP][PASSED] - Statement - counter = counter + 1: null

2018-12-11 16:46:00 - [TEST_STEP][PASSED] - Statement - PreSaveFile = new java.io.File(((pathPrefix + java.lang.Integer.toString(counter)) + .png)): null

2018-12-11 16:46:00 - [TEST_STEP][PASSED] - Statement - counter = counter + 1: null

2018-12-11 16:46:00 - [TEST_STEP][PASSED] - Statement - PreSaveFile = new java.io.File(((pathPrefix + java.lang.Integer.toString(counter)) + .png)): null

2018-12-11 16:46:00 - [TEST_STEP][PASSED] - Statement - counter = counter + 1: null

2018-12-11 16:46:00 - [TEST_STEP][PASSED] - Statement - PreSaveFile = new java.io.File(((pathPrefix + java.lang.Integer.toString(counter)) + .png)): null

2018-12-11 16:46:00 - [TEST_STEP][PASSED] - Statement - counter = counter + 1: null

2018-12-11 16:46:00 - [TEST_STEP][PASSED] - Statement - PreSaveFile = new java.io.File(((pathPrefix + java.lang.Integer.toString(counter)) + .png)): null

2018-12-11 16:46:00 - [TEST_STEP][PASSED] - Statement - counter = counter + 1: null

2018-12-11 16:46:00 - [TEST_STEP][PASSED] - Statement - PreSaveFile = new java.io.File(((pathPrefix + java.lang.Integer.toString(counter)) + .png)): null

2018-12-11 16:46:00 - [TEST_STEP][PASSED] - Statement - counter = counter + 1: null

2018-12-11 16:46:01 - [TEST_STEP][PASSED] - Statement - PreSaveFile = new java.io.File(((pathPrefix + java.lang.Integer.toString(counter)) + .png)): null

2018-12-11 16:46:01 - [TEST_STEP][PASSED] - Statement - counter = counter + 1: null

2018-12-11 16:46:01 - [TEST_STEP][PASSED] - Statement - PreSaveFile = new java.io.File(((pathPrefix + java.lang.Integer.toString(counter)) + .png)): null

2018-12-11 16:46:01 - [TEST_STEP][PASSED] - Statement - counter = counter + 1: null

2018-12-11 16:46:01 - [TEST_STEP][PASSED] - Statement - PreSaveFile = new java.io.File(((pathPrefix + java.lang.Integer.toString(counter)) + .png)): null

2018-12-11 16:46:01 - [TEST_STEP][PASSED] - Statement - counter = counter + 1: null

2018-12-11 16:46:01 - [TEST_STEP][PASSED] - Statement - PreSaveFile = new java.io.File(((pathPrefix + java.lang.Integer.toString(counter)) + .png)): null

2018-12-11 16:46:01 - [TEST_STEP][PASSED] - Statement - counter = counter + 1: null

2018-12-11 16:46:01 - [TEST_STEP][PASSED] - Statement - PreSaveFile = new java.io.File(((pathPrefix + java.lang.Integer.toString(counter)) + .png)): null

2018-12-11 16:46:01 - [TEST_STEP][PASSED] - Statement - counter = counter + 1: null

2018-12-11 16:46:01 - [TEST_STEP][PASSED] - Statement - PreSaveFile = new java.io.File(((pathPrefix + java.lang.Integer.toString(counter)) + .png)): null

2018-12-11 16:46:01 - [TEST_STEP][PASSED] - Statement - counter = counter + 1: null

2018-12-11 16:46:01 - [TEST_STEP][PASSED] - Statement - PreSaveFile = new java.io.File(((pathPrefix + java.lang.Integer.toString(counter)) + .png)): null

2018-12-11 16:46:01 - [TEST_STEP][PASSED] - Statement - counter = counter + 1: null

2018-12-11 16:46:01 - [TEST_STEP][PASSED] - Statement - PreSaveFile = new java.io.File(((pathPrefix + java.lang.Integer.toString(counter)) + .png)): null

2018-12-11 16:46:01 - [TEST_STEP][PASSED] - Statement - counter = counter + 1: null

2018-12-11 16:46:01 - [TEST_STEP][PASSED] - Statement - PreSaveFile = new java.io.File(((pathPrefix + java.lang.Integer.toString(counter)) + .png)): null

2018-12-11 16:46:01 - [TEST_STEP][PASSED] - Statement - finalPath = pathPrefix + java.lang.Integer.toString(counter) + ".png": null

2018-12-11 16:46:01 - [TEST_STEP][PASSED] - Statement - SaveFile = new java.io.File(finalPath): null

2018-12-11 16:46:01 - [TEST_STEP][PASSED] - Statement - Try: null

2018-12-11 16:46:01 - [TEST_STEP][PASSED] - Statement - org.apache.commons.io.FileUtils.copyFile(scrFile, SaveFile): null

2018-12-11 16:46:01 - [TEST_STEP][PASSED] - Statement - out.println("file kept"): null

2018-12-11 16:46:01 - [TEST_STEP][PASSED] - delay: Delayed 10 second(s)

2018-12-11 16:46:11 - [MESSAGE][PASSED] - Delayed 10 second(s)

2018-12-11 16:46:11 - [MESSAGE][PASSED] - Call Test Case 'Test Cases/Final Aug 2018 - PKS Automation/Common/Screenshoting tool' successfully]]></system-out>
         <system-err><![CDATA[]]></system-err>
      </testcase>
      <testcase name="Test Cases/Final Aug 2018 - PKS Automation/Registration Module/Workflow/Update Add New Employee/Special Case (OTC - PKR BO - RO Query - PKR BO Upload Pending Case - RO Approve)" classname="Test Cases/Final Aug 2018 - PKS Automation/Registration Module/Workflow/Update Add New Employee/Special Case (OTC - PKR BO - RO Query - PKR BO Upload Pending Case - RO Approve)" status="PASSED">
         <system-out><![CDATA[2018-12-11 16:46:11 - [TEST_CASE][PASSED] - Test Cases/Final Aug 2018 - PKS Automation/Registration Module/Workflow/Update Add New Employee/Special Case (OTC - PKR BO - RO Query - PKR BO Upload Pending Case - RO Approve): Test Cases/Final Aug 2018 - PKS Automation/Registration Module/Workflow/Update Add New Employee/Special Case (OTC - PKR BO - RO Query - PKR BO Upload Pending Case - RO Approve)

2018-12-11 16:46:11 - [TEST_STEP][PASSED] - callTestCase: Call Test Case 'Test Cases/Final Aug 2018 - PKS Automation/Registration Module/Workflow/Update Add New Employee/Template/New Company for Update Add New' successfully

2018-12-11 16:46:11 - [TEST_CASE][PASSED] - Test Cases/Final Aug 2018 - PKS Automation/Registration Module/Workflow/Update Add New Employee/Template/New Company for Update Add New: Test Cases/Final Aug 2018 - PKS Automation/Registration Module/Workflow/Update Add New Employee/Template/New Company for Update Add New

2018-12-11 16:46:11 - [TEST_STEP][PASSED] - callTestCase: Call Test Case 'Test Cases/Final Aug 2018 - PKS Automation/Registration Module/New Registration/Form 1/Form 1 - Corporation - BHD' successfully

2018-12-11 16:46:11 - [TEST_CASE][PASSED] - Test Cases/Final Aug 2018 - PKS Automation/Registration Module/New Registration/Form 1/Form 1 - Corporation - BHD: Test Cases/Final Aug 2018 - PKS Automation/Registration Module/New Registration/Form 1/Form 1 - Corporation - BHD

2018-12-11 16:46:11 - [TEST_STEP][PASSED] - openBrowser: Browser is opened with url: ''

2018-12-11 16:46:11 - [MESSAGE][WARNING] - A browser is already opened. Closing browser and opening a new one

2018-12-11 16:46:15 - [MESSAGE][PASSED] - Browser is opened with url: ''

2018-12-11 16:46:15 - [TEST_STEP][PASSED] - navigateToUrl: Navigate to 'https://assist2-uat.perkeso.gov.my/login' successfully

2018-12-11 16:46:16 - [MESSAGE][PASSED] - Navigate to 'https://assist2-uat.perkeso.gov.my/login' successfully

2018-12-11 16:46:16 - [TEST_STEP][PASSED] - setText: Text 'johorotc1@gmail.com' is set on object 'Object Repository/Final Object Repo/Login Page/Internal User/Email Address'

2018-12-11 16:46:17 - [MESSAGE][PASSED] - Text 'johorotc1@gmail.com' is set on object 'Object Repository/Final Object Repo/Login Page/Internal User/Email Address'

2018-12-11 16:46:17 - [TEST_STEP][PASSED] - click: Object: 'Object Repository/Final Object Repo/Login Page/Internal User/Next Button' is clicked on

2018-12-11 16:46:17 - [MESSAGE][PASSED] - Object: 'Object Repository/Final Object Repo/Login Page/Internal User/Next Button' is clicked on

2018-12-11 16:46:17 - [TEST_STEP][PASSED] - delay: Delayed 1 second(s)

2018-12-11 16:46:18 - [MESSAGE][PASSED] - Delayed 1 second(s)

2018-12-11 16:46:18 - [TEST_STEP][PASSED] - setEncryptedText: Text ****** has been set on object 'Object Repository/Final Object Repo/Login Page/Internal User/Password'

2018-12-11 16:46:18 - [MESSAGE][PASSED] - Text ****** has been set on object 'Object Repository/Final Object Repo/Login Page/Internal User/Password'

2018-12-11 16:46:18 - [TEST_STEP][PASSED] - click: Object: 'Object Repository/Final Object Repo/Login Page/Internal User/Login Button' is clicked on

2018-12-11 16:46:18 - [MESSAGE][PASSED] - Object: 'Object Repository/Final Object Repo/Login Page/Internal User/Login Button' is clicked on

2018-12-11 16:46:18 - [TEST_STEP][PASSED] - delay: Delayed 1 second(s)

2018-12-11 16:46:19 - [MESSAGE][PASSED] - Delayed 1 second(s)

2018-12-11 16:46:19 - [TEST_STEP][PASSED] - Statement - Try: Delayed 2 second(s)

2018-12-11 16:46:19 - [TEST_STEP][PASSED] - Statement - Checker = false: null

2018-12-11 16:46:19 - [TEST_STEP][PASSED] - Statement - Checker = com.kms.katalon.core.webui.keyword.WebUiBuiltInKeywords.verifyElementHasAttribute(com.kms.katalon.core.testobject.ObjectRepository.findTestObject(Final Object Repo/Landing Page/BM Detecting), "href", 20, OPTIONAL): Object 'Object Repository/Final Object Repo/Landing Page/BM Detecting' has attribute 'href'

2018-12-11 16:46:20 - [MESSAGE][PASSED] - Object 'Object Repository/Final Object Repo/Landing Page/BM Detecting' has attribute 'href'

2018-12-11 16:46:20 - [TEST_STEP][PASSED] - Statement - out.println(Checker): null

2018-12-11 16:46:20 - [TEST_STEP][PASSED] - Statement - If (Checker == false): null

2018-12-11 16:46:20 - [TEST_STEP][PASSED] - Statement - Else: null

2018-12-11 16:46:20 - [TEST_STEP][PASSED] - delay: Delayed 2 second(s)

2018-12-11 16:46:22 - [MESSAGE][PASSED] - Delayed 2 second(s)

2018-12-11 16:46:22 - [TEST_STEP][PASSED] - navigateToUrl: Navigate to 'https://assist2-uat.perkeso.gov.my/web/registration/registration' successfully

2018-12-11 16:46:24 - [MESSAGE][PASSED] - Navigate to 'https://assist2-uat.perkeso.gov.my/web/registration/registration' successfully

2018-12-11 16:46:24 - [TEST_STEP][PASSED] - click: Object: 'Object Repository/Final Object Repo/New Registration - Registration Module Pages/Form 1/AEC - No' is clicked on

2018-12-11 16:46:24 - [MESSAGE][PASSED] - Object: 'Object Repository/Final Object Repo/New Registration - Registration Module Pages/Form 1/AEC - No' is clicked on

2018-12-11 16:46:24 - [TEST_STEP][PASSED] - click: Object: 'Object Repository/Final Object Repo/New Registration - Registration Module Pages/Form 1/Business Entity' is clicked on

2018-12-11 16:46:24 - [MESSAGE][PASSED] - Object: 'Object Repository/Final Object Repo/New Registration - Registration Module Pages/Form 1/Business Entity' is clicked on

2018-12-11 16:46:24 - [TEST_STEP][PASSED] - click: Object: 'Object Repository/Final Object Repo/New Registration - Registration Module Pages/Form 1/Businees Entity - Corporation' is clicked on

2018-12-11 16:46:24 - [MESSAGE][PASSED] - Object: 'Object Repository/Final Object Repo/New Registration - Registration Module Pages/Form 1/Businees Entity - Corporation' is clicked on

2018-12-11 16:46:24 - [TEST_STEP][PASSED] - delay: Delayed 1 second(s)

2018-12-11 16:46:25 - [MESSAGE][PASSED] - Delayed 1 second(s)

2018-12-11 16:46:25 - [TEST_STEP][PASSED] - click: Object: 'Object Repository/Final Object Repo/New Registration - Registration Module Pages/Form 1/Sub Business Entity' is clicked on

2018-12-11 16:46:26 - [MESSAGE][PASSED] - Object: 'Object Repository/Final Object Repo/New Registration - Registration Module Pages/Form 1/Sub Business Entity' is clicked on

2018-12-11 16:46:26 - [TEST_STEP][PASSED] - click: Object: 'Object Repository/Final Object Repo/New Registration - Registration Module Pages/Form 1/Sub Business Entity - Berhad' is clicked on

2018-12-11 16:46:26 - [MESSAGE][PASSED] - Object: 'Object Repository/Final Object Repo/New Registration - Registration Module Pages/Form 1/Sub Business Entity - Berhad' is clicked on

2018-12-11 16:46:26 - [TEST_STEP][PASSED] - delay: Delayed 1 second(s)

2018-12-11 16:46:27 - [MESSAGE][PASSED] - Delayed 1 second(s)

2018-12-11 16:46:27 - [TEST_STEP][PASSED] - setText: Text '123' is set on object 'Object Repository/Final Object Repo/New Registration - Registration Module Pages/Form 1/Registration Number'

2018-12-11 16:46:27 - [MESSAGE][PASSED] - Text '123' is set on object 'Object Repository/Final Object Repo/New Registration - Registration Module Pages/Form 1/Registration Number'

2018-12-11 16:46:27 - [TEST_STEP][PASSED] - click: Object: 'Object Repository/Final Object Repo/New Registration - Registration Module Pages/Form 1/Registred with SSM - Before Feb' is clicked on

2018-12-11 16:46:27 - [MESSAGE][PASSED] - Object: 'Object Repository/Final Object Repo/New Registration - Registration Module Pages/Form 1/Registred with SSM - Before Feb' is clicked on

2018-12-11 16:46:27 - [TEST_STEP][PASSED] - click: Object: 'Object Repository/Final Object Repo/New Registration - Registration Module Pages/Form 1/Registered As a Branch - Yes' is clicked on

2018-12-11 16:46:27 - [MESSAGE][PASSED] - Object: 'Object Repository/Final Object Repo/New Registration - Registration Module Pages/Form 1/Registered As a Branch - Yes' is clicked on

2018-12-11 16:46:27 - [TEST_STEP][PASSED] - click: Object: 'Object Repository/Final Object Repo/New Registration - Registration Module Pages/Form 1/Acknowledgement' is clicked on

2018-12-11 16:46:28 - [MESSAGE][PASSED] - Object: 'Object Repository/Final Object Repo/New Registration - Registration Module Pages/Form 1/Acknowledgement' is clicked on

2018-12-11 16:46:28 - [TEST_STEP][PASSED] - setText: Text 'perkeso' is set on object 'Object Repository/Final Object Repo/New Registration - Registration Module Pages/Form 1/Industry name'

2018-12-11 16:46:28 - [MESSAGE][PASSED] - Text 'perkeso' is set on object 'Object Repository/Final Object Repo/New Registration - Registration Module Pages/Form 1/Industry name'

2018-12-11 16:46:28 - [TEST_STEP][PASSED] - setText: Text 'perkeso1' is set on object 'Object Repository/Final Object Repo/New Registration - Registration Module Pages/Form 1/Postal Address1'

2018-12-11 16:46:28 - [MESSAGE][PASSED] - Text 'perkeso1' is set on object 'Object Repository/Final Object Repo/New Registration - Registration Module Pages/Form 1/Postal Address1'

2018-12-11 16:46:28 - [TEST_STEP][PASSED] - setText: Text 'perkeso2' is set on object 'Object Repository/Final Object Repo/New Registration - Registration Module Pages/Form 1/Postal Address2'

2018-12-11 16:46:29 - [MESSAGE][PASSED] - Text 'perkeso2' is set on object 'Object Repository/Final Object Repo/New Registration - Registration Module Pages/Form 1/Postal Address2'

2018-12-11 16:46:29 - [TEST_STEP][PASSED] - setText: Text 'perkeso3' is set on object 'Object Repository/Final Object Repo/New Registration - Registration Module Pages/Form 1/Postal Address3'

2018-12-11 16:46:29 - [MESSAGE][PASSED] - Text 'perkeso3' is set on object 'Object Repository/Final Object Repo/New Registration - Registration Module Pages/Form 1/Postal Address3'

2018-12-11 16:46:29 - [TEST_STEP][PASSED] - click: Object: 'Object Repository/Final Object Repo/New Registration - Registration Module Pages/Form 1/State' is clicked on

2018-12-11 16:46:29 - [MESSAGE][PASSED] - Object: 'Object Repository/Final Object Repo/New Registration - Registration Module Pages/Form 1/State' is clicked on

2018-12-11 16:46:29 - [TEST_STEP][PASSED] - click: Object: 'Object Repository/Final Object Repo/New Registration - Registration Module Pages/Form 1/State - Johor' is clicked on

2018-12-11 16:46:30 - [MESSAGE][PASSED] - Object: 'Object Repository/Final Object Repo/New Registration - Registration Module Pages/Form 1/State - Johor' is clicked on

2018-12-11 16:46:30 - [TEST_STEP][PASSED] - delay: Delayed 1 second(s)

2018-12-11 16:46:31 - [MESSAGE][PASSED] - Delayed 1 second(s)

2018-12-11 16:46:31 - [TEST_STEP][PASSED] - click: Object: 'Object Repository/Final Object Repo/New Registration - Registration Module Pages/Form 1/City' is clicked on

2018-12-11 16:46:31 - [MESSAGE][PASSED] - Object: 'Object Repository/Final Object Repo/New Registration - Registration Module Pages/Form 1/City' is clicked on

2018-12-11 16:46:31 - [TEST_STEP][PASSED] - setText: Text 'joh' is set on object 'Object Repository/Final Object Repo/New Registration - Registration Module Pages/Form 1/Postcode - 810'

2018-12-11 16:46:31 - [MESSAGE][PASSED] - Text 'joh' is set on object 'Object Repository/Final Object Repo/New Registration - Registration Module Pages/Form 1/Postcode - 810'

2018-12-11 16:46:31 - [TEST_STEP][PASSED] - delay: Delayed 1 second(s)

2018-12-11 16:46:32 - [MESSAGE][PASSED] - Delayed 1 second(s)

2018-12-11 16:46:32 - [TEST_STEP][PASSED] - click: Object: 'Object Repository/Final Object Repo/New Registration - Registration Module Pages/Form 1/City - Johor Bharu' is clicked on

2018-12-11 16:46:32 - [MESSAGE][PASSED] - Object: 'Object Repository/Final Object Repo/New Registration - Registration Module Pages/Form 1/City - Johor Bharu' is clicked on

2018-12-11 16:46:32 - [TEST_STEP][PASSED] - delay: Delayed 1 second(s)

2018-12-11 16:46:33 - [MESSAGE][PASSED] - Delayed 1 second(s)

2018-12-11 16:46:33 - [TEST_STEP][PASSED] - click: Object: 'Object Repository/Final Object Repo/New Registration - Registration Module Pages/Form 1/Postcode' is clicked on

2018-12-11 16:46:33 - [MESSAGE][PASSED] - Object: 'Object Repository/Final Object Repo/New Registration - Registration Module Pages/Form 1/Postcode' is clicked on

2018-12-11 16:46:33 - [TEST_STEP][PASSED] - delay: Delayed 1 second(s)

2018-12-11 16:46:34 - [MESSAGE][PASSED] - Delayed 1 second(s)

2018-12-11 16:46:34 - [TEST_STEP][PASSED] - setText: Text '810' is set on object 'Object Repository/Final Object Repo/New Registration - Registration Module Pages/Form 1/Postcode - 810'

2018-12-11 16:46:35 - [MESSAGE][PASSED] - Text '810' is set on object 'Object Repository/Final Object Repo/New Registration - Registration Module Pages/Form 1/Postcode - 810'

2018-12-11 16:46:35 - [TEST_STEP][PASSED] - delay: Delayed 3 second(s)

2018-12-11 16:46:38 - [MESSAGE][PASSED] - Delayed 3 second(s)

2018-12-11 16:46:38 - [TEST_STEP][PASSED] - click: Object: 'Object Repository/Final Object Repo/New Registration - Registration Module Pages/Form 1/Postcode - 81000' is clicked on

2018-12-11 16:46:38 - [MESSAGE][PASSED] - Object: 'Object Repository/Final Object Repo/New Registration - Registration Module Pages/Form 1/Postcode - 81000' is clicked on

2018-12-11 16:46:38 - [TEST_STEP][PASSED] - delay: Delayed 1 second(s)

2018-12-11 16:46:39 - [MESSAGE][PASSED] - Delayed 1 second(s)

2018-12-11 16:46:39 - [TEST_STEP][PASSED] - setText: Text '100' is set on object 'Object Repository/Final Object Repo/New Registration - Registration Module Pages/Form 1/P.O.BOX'

2018-12-11 16:46:39 - [MESSAGE][PASSED] - Text '100' is set on object 'Object Repository/Final Object Repo/New Registration - Registration Module Pages/Form 1/P.O.BOX'

2018-12-11 16:46:39 - [TEST_STEP][PASSED] - setText: Text '100' is set on object 'Object Repository/Final Object Repo/New Registration - Registration Module Pages/Form 1/Locked Bag No'

2018-12-11 16:46:39 - [MESSAGE][PASSED] - Text '100' is set on object 'Object Repository/Final Object Repo/New Registration - Registration Module Pages/Form 1/Locked Bag No'

2018-12-11 16:46:39 - [TEST_STEP][PASSED] - click: Object: 'Object Repository/Final Object Repo/New Registration - Registration Module Pages/Form 1/SOCSO Office Location' is clicked on

2018-12-11 16:46:40 - [MESSAGE][PASSED] - Object: 'Object Repository/Final Object Repo/New Registration - Registration Module Pages/Form 1/SOCSO Office Location' is clicked on

2018-12-11 16:46:40 - [TEST_STEP][PASSED] - click: Object: 'Object Repository/Final Object Repo/New Registration - Registration Module Pages/Form 1/SOCSO Office Location - Pejabat PERKESO Negeri Johor' is clicked on

2018-12-11 16:46:40 - [MESSAGE][PASSED] - Object: 'Object Repository/Final Object Repo/New Registration - Registration Module Pages/Form 1/SOCSO Office Location - Pejabat PERKESO Negeri Johor' is clicked on

2018-12-11 16:46:40 - [TEST_STEP][PASSED] - delay: Delayed 1 second(s)

2018-12-11 16:46:41 - [MESSAGE][PASSED] - Delayed 1 second(s)

2018-12-11 16:46:41 - [TEST_STEP][PASSED] - check: Object 'Object Repository/Final Object Repo/New Registration - Registration Module Pages/Form 1/Indusrty Address Same As Postal Address' is checked

2018-12-11 16:46:41 - [MESSAGE][PASSED] - Object 'Object Repository/Final Object Repo/New Registration - Registration Module Pages/Form 1/Indusrty Address Same As Postal Address' is checked

2018-12-11 16:46:41 - [TEST_STEP][PASSED] - delay: Delayed 3 second(s)

2018-12-11 16:46:44 - [MESSAGE][PASSED] - Delayed 3 second(s)

2018-12-11 16:46:44 - [TEST_STEP][PASSED] - click: Object: 'Object Repository/Final Object Repo/New Registration - Registration Module Pages/Form 1/Indusry Address Same As Postal Address False' is clicked on

2018-12-11 16:46:44 - [MESSAGE][PASSED] - Object: 'Object Repository/Final Object Repo/New Registration - Registration Module Pages/Form 1/Indusry Address Same As Postal Address False' is clicked on

2018-12-11 16:46:44 - [TEST_STEP][PASSED] - delay: Delayed 1 second(s)

2018-12-11 16:46:45 - [MESSAGE][PASSED] - Delayed 1 second(s)

2018-12-11 16:46:45 - [TEST_STEP][PASSED] - setText: Text 'perkeso1' is set on object 'Object Repository/Final Object Repo/New Registration - Registration Module Pages/Form 1/Industry Address1'

2018-12-11 16:46:46 - [MESSAGE][PASSED] - Text 'perkeso1' is set on object 'Object Repository/Final Object Repo/New Registration - Registration Module Pages/Form 1/Industry Address1'

2018-12-11 16:46:46 - [TEST_STEP][PASSED] - setText: Text 'perkeso2' is set on object 'Object Repository/Final Object Repo/New Registration - Registration Module Pages/Form 1/Industry Address2'

2018-12-11 16:46:46 - [MESSAGE][PASSED] - Text 'perkeso2' is set on object 'Object Repository/Final Object Repo/New Registration - Registration Module Pages/Form 1/Industry Address2'

2018-12-11 16:46:46 - [TEST_STEP][PASSED] - setText: Text 'perkeso3' is set on object 'Object Repository/Final Object Repo/New Registration - Registration Module Pages/Form 1/Industry Address3'

2018-12-11 16:46:46 - [MESSAGE][PASSED] - Text 'perkeso3' is set on object 'Object Repository/Final Object Repo/New Registration - Registration Module Pages/Form 1/Industry Address3'

2018-12-11 16:46:46 - [TEST_STEP][PASSED] - click: Object: 'Object Repository/Final Object Repo/New Registration - Registration Module Pages/Form 1/Industry State' is clicked on

2018-12-11 16:46:47 - [MESSAGE][PASSED] - Object: 'Object Repository/Final Object Repo/New Registration - Registration Module Pages/Form 1/Industry State' is clicked on

2018-12-11 16:46:47 - [TEST_STEP][PASSED] - delay: Delayed 2 second(s)

2018-12-11 16:46:49 - [MESSAGE][PASSED] - Delayed 2 second(s)

2018-12-11 16:46:49 - [TEST_STEP][PASSED] - click: Object: 'Object Repository/Final Object Repo/New Registration - Registration Module Pages/Form 1/Industry State - Johor' is clicked on

2018-12-11 16:46:49 - [MESSAGE][PASSED] - Object: 'Object Repository/Final Object Repo/New Registration - Registration Module Pages/Form 1/Industry State - Johor' is clicked on

2018-12-11 16:46:49 - [TEST_STEP][PASSED] - delay: Delayed 2 second(s)

2018-12-11 16:46:51 - [MESSAGE][PASSED] - Delayed 2 second(s)

2018-12-11 16:46:51 - [TEST_STEP][PASSED] - click: Object: 'Object Repository/Final Object Repo/New Registration - Registration Module Pages/Form 1/Industry Ciry' is clicked on

2018-12-11 16:46:51 - [MESSAGE][PASSED] - Object: 'Object Repository/Final Object Repo/New Registration - Registration Module Pages/Form 1/Industry Ciry' is clicked on

2018-12-11 16:46:51 - [TEST_STEP][PASSED] - setText: Text 'joh' is set on object 'Object Repository/Final Object Repo/New Registration - Registration Module Pages/Form 1/Industry Ciry - joh'

2018-12-11 16:46:51 - [MESSAGE][PASSED] - Text 'joh' is set on object 'Object Repository/Final Object Repo/New Registration - Registration Module Pages/Form 1/Industry Ciry - joh'

2018-12-11 16:46:51 - [TEST_STEP][PASSED] - delay: Delayed 2 second(s)

2018-12-11 16:46:53 - [MESSAGE][PASSED] - Delayed 2 second(s)

2018-12-11 16:46:53 - [TEST_STEP][PASSED] - click: Object: 'Object Repository/Final Object Repo/New Registration - Registration Module Pages/Form 1/Industy State - Johor Bharu' is clicked on

2018-12-11 16:46:53 - [MESSAGE][PASSED] - Object: 'Object Repository/Final Object Repo/New Registration - Registration Module Pages/Form 1/Industy State - Johor Bharu' is clicked on

2018-12-11 16:46:53 - [TEST_STEP][PASSED] - delay: Delayed 1 second(s)

2018-12-11 16:46:54 - [MESSAGE][PASSED] - Delayed 1 second(s)

2018-12-11 16:46:54 - [TEST_STEP][PASSED] - click: Object: 'Object Repository/Final Object Repo/New Registration - Registration Module Pages/Form 1/Indusry PostCode' is clicked on

2018-12-11 16:46:55 - [MESSAGE][PASSED] - Object: 'Object Repository/Final Object Repo/New Registration - Registration Module Pages/Form 1/Indusry PostCode' is clicked on

2018-12-11 16:46:55 - [TEST_STEP][PASSED] - delay: Delayed 1 second(s)

2018-12-11 16:46:56 - [MESSAGE][PASSED] - Delayed 1 second(s)

2018-12-11 16:46:56 - [TEST_STEP][PASSED] - setText: Text '810' is set on object 'Object Repository/Final Object Repo/New Registration - Registration Module Pages/Form 1/Insutry Post Code - 810'

2018-12-11 16:46:56 - [MESSAGE][PASSED] - Text '810' is set on object 'Object Repository/Final Object Repo/New Registration - Registration Module Pages/Form 1/Insutry Post Code - 810'

2018-12-11 16:46:56 - [TEST_STEP][PASSED] - delay: Delayed 1 second(s)

2018-12-11 16:46:57 - [MESSAGE][PASSED] - Delayed 1 second(s)

2018-12-11 16:46:57 - [TEST_STEP][PASSED] - click: Object: 'Object Repository/Final Object Repo/New Registration - Registration Module Pages/Form 1/Insutry Post Code - 81000' is clicked on

2018-12-11 16:46:57 - [MESSAGE][PASSED] - Object: 'Object Repository/Final Object Repo/New Registration - Registration Module Pages/Form 1/Insutry Post Code - 81000' is clicked on

2018-12-11 16:46:57 - [TEST_STEP][PASSED] - delay: Delayed 1 second(s)

2018-12-11 16:46:58 - [MESSAGE][PASSED] - Delayed 1 second(s)

2018-12-11 16:46:58 - [TEST_STEP][PASSED] - setText: Text '100' is set on object 'Object Repository/Final Object Repo/New Registration - Registration Module Pages/Form 1/Industry P.O.BOX'

2018-12-11 16:46:58 - [MESSAGE][PASSED] - Text '100' is set on object 'Object Repository/Final Object Repo/New Registration - Registration Module Pages/Form 1/Industry P.O.BOX'

2018-12-11 16:46:58 - [TEST_STEP][PASSED] - setText: Text '100' is set on object 'Object Repository/Final Object Repo/New Registration - Registration Module Pages/Form 1/Industry Locked Bag No'

2018-12-11 16:46:59 - [MESSAGE][PASSED] - Text '100' is set on object 'Object Repository/Final Object Repo/New Registration - Registration Module Pages/Form 1/Industry Locked Bag No'

2018-12-11 16:46:59 - [TEST_STEP][PASSED] - setText: Text '123456789' is set on object 'Object Repository/Final Object Repo/New Registration - Registration Module Pages/Form 1/Telephone No'

2018-12-11 16:46:59 - [MESSAGE][PASSED] - Text '123456789' is set on object 'Object Repository/Final Object Repo/New Registration - Registration Module Pages/Form 1/Telephone No'

2018-12-11 16:46:59 - [TEST_STEP][PASSED] - setText: Text '123456789' is set on object 'Object Repository/Final Object Repo/New Registration - Registration Module Pages/Form 1/Mobile No'

2018-12-11 16:46:59 - [MESSAGE][PASSED] - Text '123456789' is set on object 'Object Repository/Final Object Repo/New Registration - Registration Module Pages/Form 1/Mobile No'

2018-12-11 16:46:59 - [TEST_STEP][PASSED] - setText: Text '123456789' is set on object 'Object Repository/Final Object Repo/New Registration - Registration Module Pages/Form 1/Fax No'

2018-12-11 16:47:00 - [MESSAGE][PASSED] - Text '123456789' is set on object 'Object Repository/Final Object Repo/New Registration - Registration Module Pages/Form 1/Fax No'

2018-12-11 16:47:00 - [TEST_STEP][PASSED] - click: Object: 'Object Repository/Final Object Repo/New Registration - Registration Module Pages/Form 1/Industry Code' is clicked on

2018-12-11 16:47:00 - [MESSAGE][PASSED] - Object: 'Object Repository/Final Object Repo/New Registration - Registration Module Pages/Form 1/Industry Code' is clicked on

2018-12-11 16:47:00 - [TEST_STEP][PASSED] - click: Object: 'Object Repository/Final Object Repo/New Registration - Registration Module Pages/Form 1/Indudustry Code - Crops and Animal' is clicked on

2018-12-11 16:47:00 - [MESSAGE][PASSED] - Object: 'Object Repository/Final Object Repo/New Registration - Registration Module Pages/Form 1/Indudustry Code - Crops and Animal' is clicked on

2018-12-11 16:47:00 - [TEST_STEP][PASSED] - delay: Delayed 1 second(s)

2018-12-11 16:47:01 - [MESSAGE][PASSED] - Delayed 1 second(s)

2018-12-11 16:47:01 - [TEST_STEP][PASSED] - click: Object: 'Object Repository/Final Object Repo/New Registration - Registration Module Pages/Form 1/Sub Industry Code List' is clicked on

2018-12-11 16:47:01 - [MESSAGE][PASSED] - Object: 'Object Repository/Final Object Repo/New Registration - Registration Module Pages/Form 1/Sub Industry Code List' is clicked on

2018-12-11 16:47:01 - [TEST_STEP][PASSED] - click: Object: 'Object Repository/Final Object Repo/New Registration - Registration Module Pages/Form 1/Sub Industry Code List - Growing of Maize' is clicked on

2018-12-11 16:47:02 - [MESSAGE][PASSED] - Object: 'Object Repository/Final Object Repo/New Registration - Registration Module Pages/Form 1/Sub Industry Code List - Growing of Maize' is clicked on

2018-12-11 16:47:02 - [TEST_STEP][PASSED] - setText: Text 'perkeso123@gmail.com' is set on object 'Object Repository/Final Object Repo/New Registration - Registration Module Pages/Form 1/Email'

2018-12-11 16:47:02 - [MESSAGE][PASSED] - Text 'perkeso123@gmail.com' is set on object 'Object Repository/Final Object Repo/New Registration - Registration Module Pages/Form 1/Email'

2018-12-11 16:47:02 - [TEST_STEP][PASSED] - click: Object: 'Object Repository/Final Object Repo/New Registration - Registration Module Pages/Form 1/Method of Contribution Payment' is clicked on

2018-12-11 16:47:03 - [MESSAGE][PASSED] - Object: 'Object Repository/Final Object Repo/New Registration - Registration Module Pages/Form 1/Method of Contribution Payment' is clicked on

2018-12-11 16:47:03 - [TEST_STEP][PASSED] - click: Object: 'Object Repository/Final Object Repo/New Registration - Registration Module Pages/Form 1/Method of Contribution Payment - Portal' is clicked on

2018-12-11 16:47:03 - [MESSAGE][PASSED] - Object: 'Object Repository/Final Object Repo/New Registration - Registration Module Pages/Form 1/Method of Contribution Payment - Portal' is clicked on

2018-12-11 16:47:03 - [TEST_STEP][PASSED] - click: Object: 'Object Repository/Final Object Repo/New Registration - Registration Module Pages/Form 1/Servide Type' is clicked on

2018-12-11 16:47:03 - [MESSAGE][PASSED] - Object: 'Object Repository/Final Object Repo/New Registration - Registration Module Pages/Form 1/Servide Type' is clicked on

2018-12-11 16:47:03 - [TEST_STEP][PASSED] - click: Object: 'Object Repository/Final Object Repo/New Registration - Registration Module Pages/Form 1/Servide Type - Professional Bodies' is clicked on

2018-12-11 16:47:03 - [MESSAGE][PASSED] - Object: 'Object Repository/Final Object Repo/New Registration - Registration Module Pages/Form 1/Servide Type - Professional Bodies' is clicked on

2018-12-11 16:47:03 - [TEST_STEP][PASSED] - click: Object: 'Object Repository/Final Object Repo/New Registration - Registration Module Pages/Form 1/Industry Venue' is clicked on

2018-12-11 16:47:03 - [MESSAGE][PASSED] - Object: 'Object Repository/Final Object Repo/New Registration - Registration Module Pages/Form 1/Industry Venue' is clicked on

2018-12-11 16:47:03 - [TEST_STEP][PASSED] - click: Object: 'Object Repository/Final Object Repo/New Registration - Registration Module Pages/Form 1/Industry Venue -  PPN JOHOR' is clicked on

2018-12-11 16:47:04 - [MESSAGE][PASSED] - Object: 'Object Repository/Final Object Repo/New Registration - Registration Module Pages/Form 1/Industry Venue -  PPN JOHOR' is clicked on

2018-12-11 16:47:04 - [TEST_STEP][PASSED] - click: Object: 'Object Repository/Final Object Repo/New Registration - Registration Module Pages/Form 1/Save  Continue' is clicked on

2018-12-11 16:47:04 - [MESSAGE][PASSED] - Object: 'Object Repository/Final Object Repo/New Registration - Registration Module Pages/Form 1/Save  Continue' is clicked on

2018-12-11 16:47:04 - [MESSAGE][PASSED] - Call Test Case 'Test Cases/Final Aug 2018 - PKS Automation/Registration Module/New Registration/Form 1/Form 1 - Corporation - BHD' successfully

2018-12-11 16:47:04 - [TEST_STEP][PASSED] - callTestCase: Call Test Case 'Test Cases/Final Aug 2018 - PKS Automation/Registration Module/New Registration/Form 2/Add 1 Eligible' successfully

2018-12-11 16:47:04 - [TEST_CASE][PASSED] - Test Cases/Final Aug 2018 - PKS Automation/Registration Module/New Registration/Form 2/Add 1 Eligible: Test Cases/Final Aug 2018 - PKS Automation/Registration Module/New Registration/Form 2/Add 1 Eligible

2018-12-11 16:47:04 - [TEST_STEP][PASSED] - delay: Delayed 2 second(s)

2018-12-11 16:47:06 - [MESSAGE][PASSED] - Delayed 2 second(s)

2018-12-11 16:47:06 - [TEST_STEP][PASSED] - callTestCase: Call Test Case 'Test Cases/Final Aug 2018 - PKS Automation/Registration Module/New Registration/Form 2/Date Updater' successfully

2018-12-11 16:47:06 - [TEST_CASE][PASSED] - Test Cases/Final Aug 2018 - PKS Automation/Registration Module/New Registration/Form 2/Date Updater: Test Cases/Final Aug 2018 - PKS Automation/Registration Module/New Registration/Form 2/Date Updater

2018-12-11 16:47:06 - [TEST_STEP][PASSED] - Statement - TodayDate = new java.util.Date(): null

2018-12-11 16:47:06 - [TEST_STEP][PASSED] - Statement - CurrentDateNoFilter = new java.text.SimpleDateFormat(): null

2018-12-11 16:47:06 - [TEST_STEP][PASSED] - Statement - CurrentDateNoFilter.applyPattern("MM"): null

2018-12-11 16:47:06 - [TEST_STEP][PASSED] - Statement - monthContainerMatcher = java.lang.Integer.parseInt(CurrentDateNoFilter.format(TodayDate)): null

2018-12-11 16:47:06 - [TEST_STEP][PASSED] - Statement - monthContainerMatcher = monthContainerMatcher - 1: null

2018-12-11 16:47:06 - [TEST_STEP][PASSED] - Statement - CurrentMonth = monthContainerMatcher.toString(): null

2018-12-11 16:47:06 - [TEST_STEP][PASSED] - Statement - CurrentMonth = CurrentMonth: null

2018-12-11 16:47:06 - [TEST_STEP][PASSED] - Statement - CurrentDateNoFilter.applyPattern("yyyy"): null

2018-12-11 16:47:06 - [TEST_STEP][PASSED] - Statement - CurrentYear = CurrentDateNoFilter.format(TodayDate): null

2018-12-11 16:47:06 - [TEST_STEP][PASSED] - Statement - CurrentYear = CurrentYear: null

2018-12-11 16:47:06 - [TEST_STEP][PASSED] - Statement - intCurrentYear = java.lang.Integer.parseInt(CurrentDateNoFilter.format(TodayDate)): null

2018-12-11 16:47:06 - [TEST_STEP][PASSED] - Statement - eighteenYrsAgo = intCurrentYear - 18: null

2018-12-11 16:47:06 - [TEST_STEP][PASSED] - Statement - eighteenYrsBeforeThisYr = eighteenYrsAgo.toString(): null

2018-12-11 16:47:06 - [TEST_STEP][PASSED] - Statement - EighteenYrsBefore = eighteenYrsBeforeThisYr: null

2018-12-11 16:47:06 - [TEST_STEP][PASSED] - Statement - fiftysevenYrsAgo = intCurrentYear - 57: null

2018-12-11 16:47:06 - [TEST_STEP][PASSED] - Statement - fiftysevenYrsBeforeThisYr = fiftysevenYrsAgo.toString(): null

2018-12-11 16:47:06 - [TEST_STEP][PASSED] - Statement - FiftysevenYrsBefore = fiftysevenYrsBeforeThisYr: null

2018-12-11 16:47:06 - [TEST_STEP][PASSED] - Statement - leapYear = false: null

2018-12-11 16:47:06 - [TEST_STEP][PASSED] - Statement - leapYear = intCurrentYear % 4 == 0: null

2018-12-11 16:47:06 - [TEST_STEP][PASSED] - Statement - CurrentDateNoFilter.applyPattern("dd"): null

2018-12-11 16:47:06 - [TEST_STEP][PASSED] - Statement - CurrentDate = CurrentDateNoFilter.format(TodayDate): null

2018-12-11 16:47:06 - [TEST_STEP][PASSED] - Statement - CurrentDate = java.lang.Integer.parseInt(CurrentDate): null

2018-12-11 16:47:06 - [TEST_STEP][PASSED] - Statement - CurrentDate = CurrentDate: null

2018-12-11 16:47:06 - [TEST_STEP][PASSED] - Statement - CurrentDay = java.lang.Integer.parseInt(CurrentDate): null

2018-12-11 16:47:06 - [TEST_STEP][PASSED] - Statement - ConfAdder = <not implemented yet for class: org.codehaus.groovy.ast.expr.EmptyExpression>: null

2018-12-11 16:47:06 - [TEST_STEP][PASSED] - Statement - out.println(CurrentMonth): null

2018-12-11 16:47:06 - [TEST_STEP][PASSED] - Statement - out.println(CurrentDate): null

2018-12-11 16:47:06 - [TEST_STEP][PASSED] - Statement - switch (CurrentDate): null

2018-12-11 16:47:06 - [TEST_STEP][PASSED] - Statement - Default: null

2018-12-11 16:47:06 - [TEST_STEP][PASSED] - Statement - ConfAdder = true: null

2018-12-11 16:47:06 - [TEST_STEP][PASSED] - Statement - Break: null

2018-12-11 16:47:06 - [TEST_STEP][PASSED] - Statement - aDayBefore = <not implemented yet for class: org.codehaus.groovy.ast.expr.EmptyExpression>: null

2018-12-11 16:47:06 - [TEST_STEP][PASSED] - Statement - out.println(ConfAdder): null

2018-12-11 16:47:06 - [TEST_STEP][PASSED] - Statement - If (ConfAdder == true): null

2018-12-11 16:47:06 - [TEST_STEP][PASSED] - Statement - aDayBefore = CurrentDay + 1: null

2018-12-11 16:47:06 - [TEST_STEP][PASSED] - Statement - out.println(aDayBefore): null

2018-12-11 16:47:06 - [TEST_STEP][PASSED] - Statement - If (aDayBefore == 1 && CurrentMonth == 11): null

2018-12-11 16:47:06 - [TEST_STEP][PASSED] - Statement - DayBefore = aDayBefore.toString(): null

2018-12-11 16:47:06 - [TEST_STEP][PASSED] - Statement - OneDayBefore = DayBefore: null

2018-12-11 16:47:06 - [MESSAGE][PASSED] - Call Test Case 'Test Cases/Final Aug 2018 - PKS Automation/Registration Module/New Registration/Form 2/Date Updater' successfully

2018-12-11 16:47:06 - [TEST_STEP][PASSED] - delay: Delayed 1 second(s)

2018-12-11 16:47:07 - [MESSAGE][PASSED] - Delayed 1 second(s)

2018-12-11 16:47:07 - [TEST_STEP][PASSED] - Statement - CaseReferenceNo = com.kms.katalon.core.webui.keyword.WebUiBuiltInKeywords.getText(com.kms.katalon.core.testobject.ObjectRepository.findTestObject(Final Object Repo/New Registration - Registration Module Pages/Form 2/RefNo Acquiring)): Text of object 'Object Repository/Final Object Repo/New Registration - Registration Module Pages/Form 2/RefNo Acquiring' is: 'CRN12201800123185'

2018-12-11 16:47:07 - [MESSAGE][PASSED] - Text of object 'Object Repository/Final Object Repo/New Registration - Registration Module Pages/Form 2/RefNo Acquiring' is: 'CRN12201800123185'

2018-12-11 16:47:07 - [TEST_STEP][PASSED] - delay: Delayed 1 second(s)

2018-12-11 16:47:08 - [MESSAGE][PASSED] - Delayed 1 second(s)

2018-12-11 16:47:08 - [TEST_STEP][PASSED] - click: Object: 'Object Repository/Final Object Repo/New Registration - Registration Module Pages/Form 2/Add Employee Button' is clicked on

2018-12-11 16:47:08 - [MESSAGE][PASSED] - Object: 'Object Repository/Final Object Repo/New Registration - Registration Module Pages/Form 2/Add Employee Button' is clicked on

2018-12-11 16:47:08 - [TEST_STEP][PASSED] - delay: Delayed 1 second(s)

2018-12-11 16:47:09 - [MESSAGE][PASSED] - Delayed 1 second(s)

2018-12-11 16:47:09 - [TEST_STEP][PASSED] - setText: Text '010903091963' is set on object 'Object Repository/Final Object Repo/New Registration - Registration Module Pages/Form 2/NRIC Input'

2018-12-11 16:47:10 - [MESSAGE][PASSED] - Text '010903091963' is set on object 'Object Repository/Final Object Repo/New Registration - Registration Module Pages/Form 2/NRIC Input'

2018-12-11 16:47:10 - [TEST_STEP][PASSED] - click: Object: 'Object Repository/Final Object Repo/New Registration - Registration Module Pages/Form 2/button for search for IC' is clicked on

2018-12-11 16:47:10 - [MESSAGE][PASSED] - Object: 'Object Repository/Final Object Repo/New Registration - Registration Module Pages/Form 2/button for search for IC' is clicked on

2018-12-11 16:47:10 - [TEST_STEP][PASSED] - delay: Delayed 2 second(s)

2018-12-11 16:47:12 - [MESSAGE][PASSED] - Delayed 2 second(s)

2018-12-11 16:47:12 - [TEST_STEP][PASSED] - setText: Text 'Automate001 eligible 1' is set on object 'Object Repository/Final Object Repo/New Registration - Registration Module Pages/Form 2/Employee Name Input'

2018-12-11 16:47:12 - [MESSAGE][PASSED] - Text 'Automate001 eligible 1' is set on object 'Object Repository/Final Object Repo/New Registration - Registration Module Pages/Form 2/Employee Name Input'

2018-12-11 16:47:12 - [TEST_STEP][PASSED] - delay: Delayed 2 second(s)

2018-12-11 16:47:14 - [MESSAGE][PASSED] - Delayed 2 second(s)

2018-12-11 16:47:14 - [TEST_STEP][PASSED] - click: Object: 'Object Repository/Final Object Repo/New Registration - Registration Module Pages/Form 2/DatePicker Pop Up' is clicked on

2018-12-11 16:47:15 - [MESSAGE][PASSED] - Object: 'Object Repository/Final Object Repo/New Registration - Registration Module Pages/Form 2/DatePicker Pop Up' is clicked on

2018-12-11 16:47:15 - [TEST_STEP][PASSED] - click: Object: 'Object Repository/Final Object Repo/New Registration - Registration Module Pages/Form 2/DOB Month' is clicked on

2018-12-11 16:47:15 - [MESSAGE][PASSED] - Object: 'Object Repository/Final Object Repo/New Registration - Registration Module Pages/Form 2/DOB Month' is clicked on

2018-12-11 16:47:15 - [TEST_STEP][PASSED] - Statement - CurrentMonth = CurrentMonth: null

2018-12-11 16:47:15 - [TEST_STEP][PASSED] - Statement - selectMonth = new com.kms.katalon.core.testobject.TestObject(): null

2018-12-11 16:47:15 - [TEST_STEP][PASSED] - Statement - selectMonth.addProperty("xpath", EQUALS, "//body/div/div/div/select/option[@value='" + CurrentMonth + "']", true): null

2018-12-11 16:47:15 - [TEST_STEP][PASSED] - click: Object: '' is clicked on

2018-12-11 16:47:15 - [MESSAGE][PASSED] - Object: '' is clicked on

2018-12-11 16:47:15 - [TEST_STEP][PASSED] - click: Object: 'Object Repository/Final Object Repo/New Registration - Registration Module Pages/Form 2/DOB Year' is clicked on

2018-12-11 16:47:15 - [MESSAGE][PASSED] - Object: 'Object Repository/Final Object Repo/New Registration - Registration Module Pages/Form 2/DOB Year' is clicked on

2018-12-11 16:47:15 - [TEST_STEP][PASSED] - Statement - Eyearsbf = EighteenYrsBefore: null

2018-12-11 16:47:15 - [TEST_STEP][PASSED] - Statement - selectYear = new com.kms.katalon.core.testobject.TestObject(): null

2018-12-11 16:47:15 - [TEST_STEP][PASSED] - Statement - selectYear.addProperty("xpath", EQUALS, "//div/div/div/select/option[@value='" + Eyearsbf + "']", true): null

2018-12-11 16:47:15 - [TEST_STEP][PASSED] - click: Object: '' is clicked on

2018-12-11 16:47:15 - [MESSAGE][PASSED] - Object: '' is clicked on

2018-12-11 16:47:15 - [TEST_STEP][PASSED] - Statement - UpdatedSelectDate = com.kms.katalon.core.webui.keyword.WebUiBuiltInKeywords.modifyObjectProperty(com.kms.katalon.core.testobject.ObjectRepository.findTestObject(Final Object Repo/New Registration - Registration Module Pages/Form 2/DOB Date), "xpath", "equals", "//body/div/table/tbody/tr/td/a[text()="" + CurrentDate + ""]", true): Modify property of object successfully

2018-12-11 16:47:15 - [MESSAGE][PASSED] - Modify property of object successfully

2018-12-11 16:47:15 - [TEST_STEP][PASSED] - delay: Delayed 3 second(s)

2018-12-11 16:47:18 - [MESSAGE][PASSED] - Delayed 3 second(s)

2018-12-11 16:47:18 - [TEST_STEP][PASSED] - click: Object: 'Object Repository/Final Object Repo/New Registration - Registration Module Pages/Form 2/DOB Date' is clicked on

2018-12-11 16:47:18 - [MESSAGE][PASSED] - Object: 'Object Repository/Final Object Repo/New Registration - Registration Module Pages/Form 2/DOB Date' is clicked on

2018-12-11 16:47:18 - [TEST_STEP][PASSED] - delay: Delayed 2 second(s)

2018-12-11 16:47:20 - [MESSAGE][PASSED] - Delayed 2 second(s)

2018-12-11 16:47:20 - [TEST_STEP][PASSED] - click: Object: 'Object Repository/Final Object Repo/New Registration - Registration Module Pages/Form 2/EmploymentStartDate Pop Up' is clicked on

2018-12-11 16:47:20 - [MESSAGE][PASSED] - Object: 'Object Repository/Final Object Repo/New Registration - Registration Module Pages/Form 2/EmploymentStartDate Pop Up' is clicked on

2018-12-11 16:47:20 - [TEST_STEP][PASSED] - delay: Delayed 2 second(s)

2018-12-11 16:47:22 - [MESSAGE][PASSED] - Delayed 2 second(s)

2018-12-11 16:47:22 - [TEST_STEP][PASSED] - click: Object: 'Object Repository/Final Object Repo/New Registration - Registration Module Pages/Form 2/Socso Employment StartDate Month' is clicked on

2018-12-11 16:47:23 - [MESSAGE][PASSED] - Object: 'Object Repository/Final Object Repo/New Registration - Registration Module Pages/Form 2/Socso Employment StartDate Month' is clicked on

2018-12-11 16:47:23 - [TEST_STEP][PASSED] - delay: Delayed 1 second(s)

2018-12-11 16:47:24 - [MESSAGE][PASSED] - Delayed 1 second(s)

2018-12-11 16:47:24 - [TEST_STEP][PASSED] - click: Object: 'Object Repository/Final Object Repo/New Registration - Registration Module Pages/Form 2/Select Socso Employement Startdate Month' is clicked on

2018-12-11 16:47:24 - [MESSAGE][PASSED] - Object: 'Object Repository/Final Object Repo/New Registration - Registration Module Pages/Form 2/Select Socso Employement Startdate Month' is clicked on

2018-12-11 16:47:24 - [TEST_STEP][PASSED] - delay: Delayed 2 second(s)

2018-12-11 16:47:26 - [MESSAGE][PASSED] - Delayed 2 second(s)

2018-12-11 16:47:26 - [TEST_STEP][PASSED] - click: Object: 'Object Repository/Final Object Repo/New Registration - Registration Module Pages/Form 2/Socso Employment StartDate Year' is clicked on

2018-12-11 16:47:26 - [MESSAGE][PASSED] - Object: 'Object Repository/Final Object Repo/New Registration - Registration Module Pages/Form 2/Socso Employment StartDate Year' is clicked on

2018-12-11 16:47:26 - [TEST_STEP][PASSED] - delay: Delayed 1 second(s)

2018-12-11 16:47:27 - [MESSAGE][PASSED] - Delayed 1 second(s)

2018-12-11 16:47:27 - [TEST_STEP][PASSED] - click: Object: 'Object Repository/Final Object Repo/New Registration - Registration Module Pages/Form 2/Select Socso Employment Startdate Year' is clicked on

2018-12-11 16:47:27 - [MESSAGE][PASSED] - Object: 'Object Repository/Final Object Repo/New Registration - Registration Module Pages/Form 2/Select Socso Employment Startdate Year' is clicked on

2018-12-11 16:47:27 - [TEST_STEP][PASSED] - delay: Delayed 2 second(s)

2018-12-11 16:47:29 - [MESSAGE][PASSED] - Delayed 2 second(s)

2018-12-11 16:47:29 - [TEST_STEP][PASSED] - click: Object: 'Object Repository/Final Object Repo/New Registration - Registration Module Pages/Form 2/Socso Employment Start Date Day' is clicked on

2018-12-11 16:47:29 - [MESSAGE][PASSED] - Object: 'Object Repository/Final Object Repo/New Registration - Registration Module Pages/Form 2/Socso Employment Start Date Day' is clicked on

2018-12-11 16:47:29 - [TEST_STEP][PASSED] - delay: Delayed 2 second(s)

2018-12-11 16:47:31 - [MESSAGE][PASSED] - Delayed 2 second(s)

2018-12-11 16:47:31 - [TEST_STEP][PASSED] - click: Object: 'Object Repository/Final Object Repo/New Registration - Registration Module Pages/Form 2/Save Button for Add Employee' is clicked on

2018-12-11 16:47:32 - [MESSAGE][PASSED] - Object: 'Object Repository/Final Object Repo/New Registration - Registration Module Pages/Form 2/Save Button for Add Employee' is clicked on

2018-12-11 16:47:32 - [TEST_STEP][PASSED] - delay: Delayed 6 second(s)

2018-12-11 16:47:38 - [MESSAGE][PASSED] - Delayed 6 second(s)

2018-12-11 16:47:38 - [TEST_STEP][PASSED] - click: Object: 'Object Repository/Final Object Repo/New Registration - Registration Module Pages/Form 2/Save and Continue Form 2' is clicked on

2018-12-11 16:47:38 - [MESSAGE][PASSED] - Object: 'Object Repository/Final Object Repo/New Registration - Registration Module Pages/Form 2/Save and Continue Form 2' is clicked on

2018-12-11 16:47:38 - [MESSAGE][PASSED] - Call Test Case 'Test Cases/Final Aug 2018 - PKS Automation/Registration Module/New Registration/Form 2/Add 1 Eligible' successfully

2018-12-11 16:47:38 - [TEST_STEP][PASSED] - callTestCase: Call Test Case 'Test Cases/Final Aug 2018 - PKS Automation/Registration Module/New Registration/Flow of New Registration/Third Screen - Upload Supporting Doc - Preview' successfully

2018-12-11 16:47:38 - [TEST_CASE][PASSED] - Test Cases/Final Aug 2018 - PKS Automation/Registration Module/New Registration/Flow of New Registration/Third Screen - Upload Supporting Doc - Preview: Test Cases/Final Aug 2018 - PKS Automation/Registration Module/New Registration/Flow of New Registration/Third Screen - Upload Supporting Doc - Preview

2018-12-11 16:47:38 - [TEST_STEP][PASSED] - waitForPageLoad: Wait for page load successfully

2018-12-11 16:47:38 - [MESSAGE][PASSED] - Wait for page load successfully

2018-12-11 16:47:38 - [TEST_STEP][PASSED] - Statement - CaseReferenceNo = com.kms.katalon.core.webui.keyword.WebUiBuiltInKeywords.getText(com.kms.katalon.core.testobject.ObjectRepository.findTestObject(Final Object Repo/New Registration - Registration Module Pages/Third Screen - Upload Supporting Doc- Preview/RefNo Acquiring)): Text of object 'Object Repository/Final Object Repo/New Registration - Registration Module Pages/Third Screen - Upload Supporting Doc- Preview/RefNo Acquiring' is: 'CRN12201800123185'

2018-12-11 16:47:39 - [MESSAGE][PASSED] - Text of object 'Object Repository/Final Object Repo/New Registration - Registration Module Pages/Third Screen - Upload Supporting Doc- Preview/RefNo Acquiring' is: 'CRN12201800123185'

2018-12-11 16:47:39 - [TEST_STEP][PASSED] - delay: Delayed 2 second(s)

2018-12-11 16:47:41 - [MESSAGE][PASSED] - Delayed 2 second(s)

2018-12-11 16:47:41 - [TEST_STEP][PASSED] - callTestCase: Call Test Case 'Test Cases/Final Aug 2018 - PKS Automation/Common/Reference Number Setter' successfully

2018-12-11 16:47:41 - [TEST_CASE][PASSED] - Test Cases/Final Aug 2018 - PKS Automation/Common/Reference Number Setter: Test Cases/Final Aug 2018 - PKS Automation/Common/Reference Number Setter

2018-12-11 16:47:41 - [TEST_STEP][PASSED] - Statement - RefNoOldFile = new java.io.File(C://Users//Admin//Desktop//PKS//Automation Reference Point//KatalonReference.txt): null

2018-12-11 16:47:41 - [TEST_STEP][PASSED] - Statement - RefNoOldFile.delete(): null

2018-12-11 16:47:41 - [TEST_STEP][PASSED] - delay: Delayed 5 second(s)

2018-12-11 16:47:46 - [MESSAGE][PASSED] - Delayed 5 second(s)

2018-12-11 16:47:46 - [TEST_STEP][PASSED] - Statement - RefNo = new java.io.File(C://Users//Admin//Desktop//PKS//Automation Reference Point//KatalonReference.txt): null

2018-12-11 16:47:46 - [TEST_STEP][PASSED] - Statement - f2 = new java.io.FileWriter(RefNo, false): null

2018-12-11 16:47:46 - [TEST_STEP][PASSED] - Statement - f2.write(CaseReferenceNo): null

2018-12-11 16:47:46 - [TEST_STEP][PASSED] - Statement - f2.close(): null

2018-12-11 16:47:46 - [TEST_STEP][PASSED] - Statement - out.println("


" + CaseReferenceNo + "


"): null

2018-12-11 16:47:46 - [MESSAGE][PASSED] - Call Test Case 'Test Cases/Final Aug 2018 - PKS Automation/Common/Reference Number Setter' successfully

2018-12-11 16:47:46 - [TEST_STEP][PASSED] - waitForElementClickable: Object 'Object Repository/Final Object Repo/New Registration - Registration Module Pages/Third Screen - Upload Supporting Doc- Preview/Save n Continue in SIP Employee Listing Page' is clickable

2018-12-11 16:47:46 - [MESSAGE][PASSED] - Object 'Object Repository/Final Object Repo/New Registration - Registration Module Pages/Third Screen - Upload Supporting Doc- Preview/Save n Continue in SIP Employee Listing Page' is clickable

2018-12-11 16:47:46 - [TEST_STEP][PASSED] - click: Object: 'Object Repository/Final Object Repo/New Registration - Registration Module Pages/Third Screen - Upload Supporting Doc- Preview/Save n Continue in SIP Employee Listing Page' is clicked on

2018-12-11 16:47:51 - [MESSAGE][PASSED] - Object: 'Object Repository/Final Object Repo/New Registration - Registration Module Pages/Third Screen - Upload Supporting Doc- Preview/Save n Continue in SIP Employee Listing Page' is clicked on

2018-12-11 16:47:51 - [TEST_STEP][PASSED] - delay: Delayed 7 second(s)

2018-12-11 16:47:58 - [MESSAGE][PASSED] - Delayed 7 second(s)

2018-12-11 16:47:58 - [TEST_STEP][PASSED] - click: Object: 'Object Repository/Final Object Repo/New Registration - Registration Module Pages/Third Screen - Upload Supporting Doc- Preview/Add Document Button' is clicked on

2018-12-11 16:47:58 - [MESSAGE][PASSED] - Object: 'Object Repository/Final Object Repo/New Registration - Registration Module Pages/Third Screen - Upload Supporting Doc- Preview/Add Document Button' is clicked on

2018-12-11 16:47:58 - [TEST_STEP][PASSED] - delay: Delayed 30 second(s)

2018-12-11 16:48:28 - [MESSAGE][PASSED] - Delayed 30 second(s)

2018-12-11 16:48:28 - [TEST_STEP][PASSED] - click: Object: 'Object Repository/Final Object Repo/New Registration - Registration Module Pages/Third Screen - Upload Supporting Doc- Preview/Supporting Doc Please Select Drop Down' is clicked on

2018-12-11 16:48:29 - [MESSAGE][PASSED] - Object: 'Object Repository/Final Object Repo/New Registration - Registration Module Pages/Third Screen - Upload Supporting Doc- Preview/Supporting Doc Please Select Drop Down' is clicked on

2018-12-11 16:48:29 - [TEST_STEP][PASSED] - delay: Delayed 2 second(s)

2018-12-11 16:48:31 - [MESSAGE][PASSED] - Delayed 2 second(s)

2018-12-11 16:48:31 - [TEST_STEP][PASSED] - click: Object: 'Object Repository/Final Object Repo/New Registration - Registration Module Pages/Third Screen - Upload Supporting Doc- Preview/Select to Upload Form 1' is clicked on

2018-12-11 16:48:31 - [MESSAGE][PASSED] - Object: 'Object Repository/Final Object Repo/New Registration - Registration Module Pages/Third Screen - Upload Supporting Doc- Preview/Select to Upload Form 1' is clicked on

2018-12-11 16:48:31 - [TEST_STEP][PASSED] - delay: Delayed 2 second(s)

2018-12-11 16:48:33 - [MESSAGE][PASSED] - Delayed 2 second(s)

2018-12-11 16:48:33 - [TEST_STEP][PASSED] - uploadFile: File 'C:\Users\Public\Pictures\Sample Pictures\Koala.jpg' sent to object: 'Object Repository/Final Object Repo/New Registration - Registration Module Pages/Third Screen - Upload Supporting Doc- Preview/Upload File Adding'

2018-12-11 16:48:33 - [MESSAGE][PASSED] - File 'C:\Users\Public\Pictures\Sample Pictures\Koala.jpg' sent to object: 'Object Repository/Final Object Repo/New Registration - Registration Module Pages/Third Screen - Upload Supporting Doc- Preview/Upload File Adding'

2018-12-11 16:48:33 - [TEST_STEP][PASSED] - delay: Delayed 5 second(s)

2018-12-11 16:48:38 - [MESSAGE][PASSED] - Delayed 5 second(s)

2018-12-11 16:48:38 - [TEST_STEP][PASSED] - click: Object: 'Object Repository/Final Object Repo/New Registration - Registration Module Pages/Third Screen - Upload Supporting Doc- Preview/Inner Form Add Document Button' is clicked on

2018-12-11 16:48:38 - [MESSAGE][PASSED] - Object: 'Object Repository/Final Object Repo/New Registration - Registration Module Pages/Third Screen - Upload Supporting Doc- Preview/Inner Form Add Document Button' is clicked on

2018-12-11 16:48:38 - [TEST_STEP][PASSED] - delay: Delayed 3 second(s)

2018-12-11 16:48:41 - [MESSAGE][PASSED] - Delayed 3 second(s)

2018-12-11 16:48:41 - [TEST_STEP][PASSED] - click: Object: 'Object Repository/Final Object Repo/New Registration - Registration Module Pages/Third Screen - Upload Supporting Doc- Preview/Add Document Button' is clicked on

2018-12-11 16:48:42 - [MESSAGE][PASSED] - Object: 'Object Repository/Final Object Repo/New Registration - Registration Module Pages/Third Screen - Upload Supporting Doc- Preview/Add Document Button' is clicked on

2018-12-11 16:48:42 - [TEST_STEP][PASSED] - delay: Delayed 30 second(s)

2018-12-11 16:49:12 - [MESSAGE][PASSED] - Delayed 30 second(s)

2018-12-11 16:49:12 - [TEST_STEP][PASSED] - click: Object: 'Object Repository/Final Object Repo/New Registration - Registration Module Pages/Third Screen - Upload Supporting Doc- Preview/Supporting Doc Please Select Drop Down' is clicked on

2018-12-11 16:49:13 - [MESSAGE][PASSED] - Object: 'Object Repository/Final Object Repo/New Registration - Registration Module Pages/Third Screen - Upload Supporting Doc- Preview/Supporting Doc Please Select Drop Down' is clicked on

2018-12-11 16:49:13 - [TEST_STEP][PASSED] - delay: Delayed 4 second(s)

2018-12-11 16:49:17 - [MESSAGE][PASSED] - Delayed 4 second(s)

2018-12-11 16:49:17 - [TEST_STEP][PASSED] - click: Object: 'Object Repository/Final Object Repo/New Registration - Registration Module Pages/Third Screen - Upload Supporting Doc- Preview/Select to Upload Form 2' is clicked on

2018-12-11 16:49:17 - [MESSAGE][PASSED] - Object: 'Object Repository/Final Object Repo/New Registration - Registration Module Pages/Third Screen - Upload Supporting Doc- Preview/Select to Upload Form 2' is clicked on

2018-12-11 16:49:17 - [TEST_STEP][PASSED] - delay: Delayed 2 second(s)

2018-12-11 16:49:19 - [MESSAGE][PASSED] - Delayed 2 second(s)

2018-12-11 16:49:19 - [TEST_STEP][PASSED] - uploadFile: File 'C:\Users\Public\Pictures\Sample Pictures\Koala.jpg' sent to object: 'Object Repository/Final Object Repo/New Registration - Registration Module Pages/Third Screen - Upload Supporting Doc- Preview/Upload File Adding'

2018-12-11 16:49:19 - [MESSAGE][PASSED] - File 'C:\Users\Public\Pictures\Sample Pictures\Koala.jpg' sent to object: 'Object Repository/Final Object Repo/New Registration - Registration Module Pages/Third Screen - Upload Supporting Doc- Preview/Upload File Adding'

2018-12-11 16:49:19 - [TEST_STEP][PASSED] - click: Object: 'Object Repository/Final Object Repo/New Registration - Registration Module Pages/Third Screen - Upload Supporting Doc- Preview/Inner Form Add Document Button' is clicked on

2018-12-11 16:49:19 - [MESSAGE][PASSED] - Object: 'Object Repository/Final Object Repo/New Registration - Registration Module Pages/Third Screen - Upload Supporting Doc- Preview/Inner Form Add Document Button' is clicked on

2018-12-11 16:49:19 - [TEST_STEP][PASSED] - delay: Delayed 5 second(s)

2018-12-11 16:49:24 - [MESSAGE][PASSED] - Delayed 5 second(s)

2018-12-11 16:49:24 - [TEST_STEP][PASSED] - click: Object: 'Object Repository/Final Object Repo/New Registration - Registration Module Pages/Third Screen - Upload Supporting Doc- Preview/Add Document Button' is clicked on

2018-12-11 16:49:24 - [MESSAGE][PASSED] - Object: 'Object Repository/Final Object Repo/New Registration - Registration Module Pages/Third Screen - Upload Supporting Doc- Preview/Add Document Button' is clicked on

2018-12-11 16:49:24 - [TEST_STEP][PASSED] - delay: Delayed 30 second(s)

2018-12-11 16:49:54 - [MESSAGE][PASSED] - Delayed 30 second(s)

2018-12-11 16:49:54 - [TEST_STEP][PASSED] - click: Object: 'Object Repository/Final Object Repo/New Registration - Registration Module Pages/Third Screen - Upload Supporting Doc- Preview/Supporting Doc Please Select Drop Down' is clicked on

2018-12-11 16:49:54 - [MESSAGE][PASSED] - Object: 'Object Repository/Final Object Repo/New Registration - Registration Module Pages/Third Screen - Upload Supporting Doc- Preview/Supporting Doc Please Select Drop Down' is clicked on

2018-12-11 16:49:54 - [TEST_STEP][PASSED] - click: Object: 'Object Repository/Final Object Repo/New Registration - Registration Module Pages/Third Screen - Upload Supporting Doc- Preview/Select to Upload Borang SIP 1' is clicked on

2018-12-11 16:49:55 - [MESSAGE][PASSED] - Object: 'Object Repository/Final Object Repo/New Registration - Registration Module Pages/Third Screen - Upload Supporting Doc- Preview/Select to Upload Borang SIP 1' is clicked on

2018-12-11 16:49:55 - [TEST_STEP][PASSED] - delay: Delayed 2 second(s)

2018-12-11 16:49:57 - [MESSAGE][PASSED] - Delayed 2 second(s)

2018-12-11 16:49:57 - [TEST_STEP][PASSED] - uploadFile: File 'C:\Users\Public\Pictures\Sample Pictures\Koala.jpg' sent to object: 'Object Repository/Final Object Repo/New Registration - Registration Module Pages/Third Screen - Upload Supporting Doc- Preview/Upload File Adding'

2018-12-11 16:49:57 - [MESSAGE][PASSED] - File 'C:\Users\Public\Pictures\Sample Pictures\Koala.jpg' sent to object: 'Object Repository/Final Object Repo/New Registration - Registration Module Pages/Third Screen - Upload Supporting Doc- Preview/Upload File Adding'

2018-12-11 16:49:57 - [TEST_STEP][PASSED] - click: Object: 'Object Repository/Final Object Repo/New Registration - Registration Module Pages/Third Screen - Upload Supporting Doc- Preview/Inner Form Add Document Button' is clicked on

2018-12-11 16:49:57 - [MESSAGE][PASSED] - Object: 'Object Repository/Final Object Repo/New Registration - Registration Module Pages/Third Screen - Upload Supporting Doc- Preview/Inner Form Add Document Button' is clicked on

2018-12-11 16:49:57 - [TEST_STEP][PASSED] - delay: Delayed 5 second(s)

2018-12-11 16:50:02 - [MESSAGE][PASSED] - Delayed 5 second(s)

2018-12-11 16:50:02 - [TEST_STEP][PASSED] - click: Object: 'Object Repository/Final Object Repo/New Registration - Registration Module Pages/Third Screen - Upload Supporting Doc- Preview/Add Document Button' is clicked on

2018-12-11 16:50:02 - [MESSAGE][PASSED] - Object: 'Object Repository/Final Object Repo/New Registration - Registration Module Pages/Third Screen - Upload Supporting Doc- Preview/Add Document Button' is clicked on

2018-12-11 16:50:02 - [TEST_STEP][PASSED] - delay: Delayed 30 second(s)

2018-12-11 16:50:32 - [MESSAGE][PASSED] - Delayed 30 second(s)

2018-12-11 16:50:32 - [TEST_STEP][PASSED] - click: Object: 'Object Repository/Final Object Repo/New Registration - Registration Module Pages/Third Screen - Upload Supporting Doc- Preview/Supporting Doc Please Select Drop Down' is clicked on

2018-12-11 16:50:32 - [MESSAGE][PASSED] - Object: 'Object Repository/Final Object Repo/New Registration - Registration Module Pages/Third Screen - Upload Supporting Doc- Preview/Supporting Doc Please Select Drop Down' is clicked on

2018-12-11 16:50:32 - [TEST_STEP][PASSED] - delay: Delayed 3 second(s)

2018-12-11 16:50:35 - [MESSAGE][PASSED] - Delayed 3 second(s)

2018-12-11 16:50:35 - [TEST_STEP][PASSED] - click: Object: 'Object Repository/Final Object Repo/New Registration - Registration Module Pages/Third Screen - Upload Supporting Doc- Preview/Select to Upload Borang SIP 2' is clicked on

2018-12-11 16:50:36 - [MESSAGE][PASSED] - Object: 'Object Repository/Final Object Repo/New Registration - Registration Module Pages/Third Screen - Upload Supporting Doc- Preview/Select to Upload Borang SIP 2' is clicked on

2018-12-11 16:50:36 - [TEST_STEP][PASSED] - delay: Delayed 2 second(s)

2018-12-11 16:50:38 - [MESSAGE][PASSED] - Delayed 2 second(s)

2018-12-11 16:50:38 - [TEST_STEP][PASSED] - uploadFile: File 'C:\Users\Public\Pictures\Sample Pictures\Koala.jpg' sent to object: 'Object Repository/Final Object Repo/New Registration - Registration Module Pages/Third Screen - Upload Supporting Doc- Preview/Upload File Adding'

2018-12-11 16:50:38 - [MESSAGE][PASSED] - File 'C:\Users\Public\Pictures\Sample Pictures\Koala.jpg' sent to object: 'Object Repository/Final Object Repo/New Registration - Registration Module Pages/Third Screen - Upload Supporting Doc- Preview/Upload File Adding'

2018-12-11 16:50:38 - [TEST_STEP][PASSED] - delay: Delayed 5 second(s)

2018-12-11 16:50:43 - [MESSAGE][PASSED] - Delayed 5 second(s)

2018-12-11 16:50:43 - [TEST_STEP][PASSED] - click: Object: 'Object Repository/Final Object Repo/New Registration - Registration Module Pages/Third Screen - Upload Supporting Doc- Preview/Inner Form Add Document Button' is clicked on

2018-12-11 16:50:43 - [MESSAGE][PASSED] - Object: 'Object Repository/Final Object Repo/New Registration - Registration Module Pages/Third Screen - Upload Supporting Doc- Preview/Inner Form Add Document Button' is clicked on

2018-12-11 16:50:43 - [TEST_STEP][PASSED] - delay: Delayed 3 second(s)

2018-12-11 16:50:46 - [MESSAGE][PASSED] - Delayed 3 second(s)

2018-12-11 16:50:46 - [TEST_STEP][PASSED] - waitForElementClickable: Object 'Object Repository/Final Object Repo/New Registration - Registration Module Pages/Third Screen - Upload Supporting Doc- Preview/Save n Continue in Uploading Supporting Doc Page' is clickable

2018-12-11 16:50:47 - [MESSAGE][PASSED] - Object 'Object Repository/Final Object Repo/New Registration - Registration Module Pages/Third Screen - Upload Supporting Doc- Preview/Save n Continue in Uploading Supporting Doc Page' is clickable

2018-12-11 16:50:47 - [TEST_STEP][PASSED] - click: Object: 'Object Repository/Final Object Repo/New Registration - Registration Module Pages/Third Screen - Upload Supporting Doc- Preview/Save n Continue in Uploading Supporting Doc Page' is clicked on

2018-12-11 16:50:47 - [MESSAGE][PASSED] - Object: 'Object Repository/Final Object Repo/New Registration - Registration Module Pages/Third Screen - Upload Supporting Doc- Preview/Save n Continue in Uploading Supporting Doc Page' is clicked on

2018-12-11 16:50:47 - [MESSAGE][PASSED] - Call Test Case 'Test Cases/Final Aug 2018 - PKS Automation/Registration Module/New Registration/Flow of New Registration/Third Screen - Upload Supporting Doc - Preview' successfully

2018-12-11 16:50:47 - [TEST_STEP][PASSED] - callTestCase: Call Test Case 'Test Cases/Final Aug 2018 - PKS Automation/Registration Module/New Registration/Submit and Screenshot/Submit Registration and Screenshot - Copy' successfully

2018-12-11 16:50:47 - [TEST_CASE][PASSED] - Test Cases/Final Aug 2018 - PKS Automation/Registration Module/New Registration/Submit and Screenshot/Submit Registration and Screenshot - Copy: Test Cases/Final Aug 2018 - PKS Automation/Registration Module/New Registration/Submit and Screenshot/Submit Registration and Screenshot - Copy

2018-12-11 16:50:47 - [TEST_STEP][PASSED] - delay: Delayed 6 second(s)

2018-12-11 16:50:53 - [MESSAGE][PASSED] - Delayed 6 second(s)

2018-12-11 16:50:53 - [TEST_STEP][PASSED] - click: Object: 'Object Repository/Final Object Repo/New Registration - Registration Module Pages/Third Screen - Upload Supporting Doc- Preview/Preview Submit Button' is clicked on

2018-12-11 16:50:53 - [MESSAGE][PASSED] - Object: 'Object Repository/Final Object Repo/New Registration - Registration Module Pages/Third Screen - Upload Supporting Doc- Preview/Preview Submit Button' is clicked on

2018-12-11 16:50:53 - [TEST_STEP][PASSED] - delay: Delayed 2 second(s)

2018-12-11 16:50:55 - [MESSAGE][PASSED] - Delayed 2 second(s)

2018-12-11 16:50:55 - [TEST_STEP][PASSED] - click: Object: 'Object Repository/Final Object Repo/New Registration - Registration Module Pages/Third Screen - Upload Supporting Doc- Preview/Preview Submit - Confirm' is clicked on

2018-12-11 16:50:56 - [MESSAGE][PASSED] - Object: 'Object Repository/Final Object Repo/New Registration - Registration Module Pages/Third Screen - Upload Supporting Doc- Preview/Preview Submit - Confirm' is clicked on

2018-12-11 16:50:56 - [TEST_STEP][PASSED] - delay: Delayed 15 second(s)

2018-12-11 16:51:11 - [MESSAGE][PASSED] - Delayed 15 second(s)

2018-12-11 16:51:11 - [TEST_STEP][PASSED] - Statement - driver = com.kms.katalon.core.webui.driver.DriverFactory.getWebDriver(): null

2018-12-11 16:51:11 - [TEST_STEP][PASSED] - Statement - driver.manage().timeouts().implicitlyWait(10, SECONDS): null

2018-12-11 16:51:11 - [TEST_STEP][PASSED] - Statement - PresavePath = KatalonScreenshots: null

2018-12-11 16:51:11 - [TEST_STEP][PASSED] - Statement - pathPrefix = "C:\Users\Public\Pictures\Sample Pictures\Katalon Screenshots\Automate Ending Screen": null

2018-12-11 16:51:11 - [TEST_STEP][PASSED] - Statement - finalPath = <not implemented yet for class: org.codehaus.groovy.ast.expr.EmptyExpression>: null

2018-12-11 16:51:11 - [TEST_STEP][PASSED] - Statement - scrFile = driver.getScreenshotAs(FILE): null

2018-12-11 16:51:11 - [TEST_STEP][PASSED] - Statement - PreSaveFile = new java.io.File(PresavePath): null

2018-12-11 16:51:11 - [TEST_STEP][PASSED] - Statement - counter = 0: null

2018-12-11 16:51:11 - [TEST_STEP][PASSED] - Statement - If (PreSaveFile.exists()): null

2018-12-11 16:51:11 - [TEST_STEP][PASSED] - Statement - While (PreSaveFile.exists()): null

2018-12-11 16:51:11 - [TEST_STEP][PASSED] - Statement - counter = counter + 1: null

2018-12-11 16:51:11 - [TEST_STEP][PASSED] - Statement - PreSaveFile = new java.io.File(((pathPrefix + java.lang.Integer.toString(counter)) + .png)): null

2018-12-11 16:51:11 - [TEST_STEP][PASSED] - Statement - counter = counter + 1: null

2018-12-11 16:51:11 - [TEST_STEP][PASSED] - Statement - PreSaveFile = new java.io.File(((pathPrefix + java.lang.Integer.toString(counter)) + .png)): null

2018-12-11 16:51:11 - [TEST_STEP][PASSED] - Statement - counter = counter + 1: null

2018-12-11 16:51:11 - [TEST_STEP][PASSED] - Statement - PreSaveFile = new java.io.File(((pathPrefix + java.lang.Integer.toString(counter)) + .png)): null

2018-12-11 16:51:11 - [TEST_STEP][PASSED] - Statement - counter = counter + 1: null

2018-12-11 16:51:11 - [TEST_STEP][PASSED] - Statement - PreSaveFile = new java.io.File(((pathPrefix + java.lang.Integer.toString(counter)) + .png)): null

2018-12-11 16:51:11 - [TEST_STEP][PASSED] - Statement - counter = counter + 1: null

2018-12-11 16:51:11 - [TEST_STEP][PASSED] - Statement - PreSaveFile = new java.io.File(((pathPrefix + java.lang.Integer.toString(counter)) + .png)): null

2018-12-11 16:51:11 - [TEST_STEP][PASSED] - Statement - counter = counter + 1: null

2018-12-11 16:51:11 - [TEST_STEP][PASSED] - Statement - PreSaveFile = new java.io.File(((pathPrefix + java.lang.Integer.toString(counter)) + .png)): null

2018-12-11 16:51:11 - [TEST_STEP][PASSED] - Statement - counter = counter + 1: null

2018-12-11 16:51:11 - [TEST_STEP][PASSED] - Statement - PreSaveFile = new java.io.File(((pathPrefix + java.lang.Integer.toString(counter)) + .png)): null

2018-12-11 16:51:11 - [TEST_STEP][PASSED] - Statement - counter = counter + 1: null

2018-12-11 16:51:11 - [TEST_STEP][PASSED] - Statement - PreSaveFile = new java.io.File(((pathPrefix + java.lang.Integer.toString(counter)) + .png)): null

2018-12-11 16:51:11 - [TEST_STEP][PASSED] - Statement - counter = counter + 1: null

2018-12-11 16:51:11 - [TEST_STEP][PASSED] - Statement - PreSaveFile = new java.io.File(((pathPrefix + java.lang.Integer.toString(counter)) + .png)): null

2018-12-11 16:51:11 - [TEST_STEP][PASSED] - Statement - counter = counter + 1: null

2018-12-11 16:51:11 - [TEST_STEP][PASSED] - Statement - PreSaveFile = new java.io.File(((pathPrefix + java.lang.Integer.toString(counter)) + .png)): null

2018-12-11 16:51:11 - [TEST_STEP][PASSED] - Statement - counter = counter + 1: null

2018-12-11 16:51:11 - [TEST_STEP][PASSED] - Statement - PreSaveFile = new java.io.File(((pathPrefix + java.lang.Integer.toString(counter)) + .png)): null

2018-12-11 16:51:11 - [TEST_STEP][PASSED] - Statement - counter = counter + 1: null

2018-12-11 16:51:11 - [TEST_STEP][PASSED] - Statement - PreSaveFile = new java.io.File(((pathPrefix + java.lang.Integer.toString(counter)) + .png)): null

2018-12-11 16:51:11 - [TEST_STEP][PASSED] - Statement - counter = counter + 1: null

2018-12-11 16:51:11 - [TEST_STEP][PASSED] - Statement - PreSaveFile = new java.io.File(((pathPrefix + java.lang.Integer.toString(counter)) + .png)): null

2018-12-11 16:51:11 - [TEST_STEP][PASSED] - Statement - counter = counter + 1: null

2018-12-11 16:51:11 - [TEST_STEP][PASSED] - Statement - PreSaveFile = new java.io.File(((pathPrefix + java.lang.Integer.toString(counter)) + .png)): null

2018-12-11 16:51:11 - [TEST_STEP][PASSED] - Statement - counter = counter + 1: null

2018-12-11 16:51:11 - [TEST_STEP][PASSED] - Statement - PreSaveFile = new java.io.File(((pathPrefix + java.lang.Integer.toString(counter)) + .png)): null

2018-12-11 16:51:11 - [TEST_STEP][PASSED] - Statement - counter = counter + 1: null

2018-12-11 16:51:11 - [TEST_STEP][PASSED] - Statement - PreSaveFile = new java.io.File(((pathPrefix + java.lang.Integer.toString(counter)) + .png)): null

2018-12-11 16:51:11 - [TEST_STEP][PASSED] - Statement - counter = counter + 1: null

2018-12-11 16:51:11 - [TEST_STEP][PASSED] - Statement - PreSaveFile = new java.io.File(((pathPrefix + java.lang.Integer.toString(counter)) + .png)): null

2018-12-11 16:51:11 - [TEST_STEP][PASSED] - Statement - counter = counter + 1: null

2018-12-11 16:51:11 - [TEST_STEP][PASSED] - Statement - PreSaveFile = new java.io.File(((pathPrefix + java.lang.Integer.toString(counter)) + .png)): null

2018-12-11 16:51:11 - [TEST_STEP][PASSED] - Statement - counter = counter + 1: null

2018-12-11 16:51:11 - [TEST_STEP][PASSED] - Statement - PreSaveFile = new java.io.File(((pathPrefix + java.lang.Integer.toString(counter)) + .png)): null

2018-12-11 16:51:11 - [TEST_STEP][PASSED] - Statement - counter = counter + 1: null

2018-12-11 16:51:11 - [TEST_STEP][PASSED] - Statement - PreSaveFile = new java.io.File(((pathPrefix + java.lang.Integer.toString(counter)) + .png)): null

2018-12-11 16:51:11 - [TEST_STEP][PASSED] - Statement - counter = counter + 1: null

2018-12-11 16:51:11 - [TEST_STEP][PASSED] - Statement - PreSaveFile = new java.io.File(((pathPrefix + java.lang.Integer.toString(counter)) + .png)): null

2018-12-11 16:51:11 - [TEST_STEP][PASSED] - Statement - counter = counter + 1: null

2018-12-11 16:51:11 - [TEST_STEP][PASSED] - Statement - PreSaveFile = new java.io.File(((pathPrefix + java.lang.Integer.toString(counter)) + .png)): null

2018-12-11 16:51:11 - [TEST_STEP][PASSED] - Statement - counter = counter + 1: null

2018-12-11 16:51:11 - [TEST_STEP][PASSED] - Statement - PreSaveFile = new java.io.File(((pathPrefix + java.lang.Integer.toString(counter)) + .png)): null

2018-12-11 16:51:11 - [TEST_STEP][PASSED] - Statement - counter = counter + 1: null

2018-12-11 16:51:11 - [TEST_STEP][PASSED] - Statement - PreSaveFile = new java.io.File(((pathPrefix + java.lang.Integer.toString(counter)) + .png)): null

2018-12-11 16:51:11 - [TEST_STEP][PASSED] - Statement - counter = counter + 1: null

2018-12-11 16:51:11 - [TEST_STEP][PASSED] - Statement - PreSaveFile = new java.io.File(((pathPrefix + java.lang.Integer.toString(counter)) + .png)): null

2018-12-11 16:51:11 - [TEST_STEP][PASSED] - Statement - counter = counter + 1: null

2018-12-11 16:51:11 - [TEST_STEP][PASSED] - Statement - PreSaveFile = new java.io.File(((pathPrefix + java.lang.Integer.toString(counter)) + .png)): null

2018-12-11 16:51:11 - [TEST_STEP][PASSED] - Statement - counter = counter + 1: null

2018-12-11 16:51:11 - [TEST_STEP][PASSED] - Statement - PreSaveFile = new java.io.File(((pathPrefix + java.lang.Integer.toString(counter)) + .png)): null

2018-12-11 16:51:11 - [TEST_STEP][PASSED] - Statement - counter = counter + 1: null

2018-12-11 16:51:11 - [TEST_STEP][PASSED] - Statement - PreSaveFile = new java.io.File(((pathPrefix + java.lang.Integer.toString(counter)) + .png)): null

2018-12-11 16:51:11 - [TEST_STEP][PASSED] - Statement - counter = counter + 1: null

2018-12-11 16:51:11 - [TEST_STEP][PASSED] - Statement - PreSaveFile = new java.io.File(((pathPrefix + java.lang.Integer.toString(counter)) + .png)): null

2018-12-11 16:51:11 - [TEST_STEP][PASSED] - Statement - counter = counter + 1: null

2018-12-11 16:51:11 - [TEST_STEP][PASSED] - Statement - PreSaveFile = new java.io.File(((pathPrefix + java.lang.Integer.toString(counter)) + .png)): null

2018-12-11 16:51:11 - [TEST_STEP][PASSED] - Statement - counter = counter + 1: null

2018-12-11 16:51:11 - [TEST_STEP][PASSED] - Statement - PreSaveFile = new java.io.File(((pathPrefix + java.lang.Integer.toString(counter)) + .png)): null

2018-12-11 16:51:11 - [TEST_STEP][PASSED] - Statement - counter = counter + 1: null

2018-12-11 16:51:11 - [TEST_STEP][PASSED] - Statement - PreSaveFile = new java.io.File(((pathPrefix + java.lang.Integer.toString(counter)) + .png)): null

2018-12-11 16:51:11 - [TEST_STEP][PASSED] - Statement - counter = counter + 1: null

2018-12-11 16:51:11 - [TEST_STEP][PASSED] - Statement - PreSaveFile = new java.io.File(((pathPrefix + java.lang.Integer.toString(counter)) + .png)): null

2018-12-11 16:51:11 - [TEST_STEP][PASSED] - Statement - counter = counter + 1: null

2018-12-11 16:51:11 - [TEST_STEP][PASSED] - Statement - PreSaveFile = new java.io.File(((pathPrefix + java.lang.Integer.toString(counter)) + .png)): null

2018-12-11 16:51:11 - [TEST_STEP][PASSED] - Statement - counter = counter + 1: null

2018-12-11 16:51:11 - [TEST_STEP][PASSED] - Statement - PreSaveFile = new java.io.File(((pathPrefix + java.lang.Integer.toString(counter)) + .png)): null

2018-12-11 16:51:11 - [TEST_STEP][PASSED] - Statement - counter = counter + 1: null

2018-12-11 16:51:11 - [TEST_STEP][PASSED] - Statement - PreSaveFile = new java.io.File(((pathPrefix + java.lang.Integer.toString(counter)) + .png)): null

2018-12-11 16:51:11 - [TEST_STEP][PASSED] - Statement - counter = counter + 1: null

2018-12-11 16:51:11 - [TEST_STEP][PASSED] - Statement - PreSaveFile = new java.io.File(((pathPrefix + java.lang.Integer.toString(counter)) + .png)): null

2018-12-11 16:51:11 - [TEST_STEP][PASSED] - Statement - counter = counter + 1: null

2018-12-11 16:51:11 - [TEST_STEP][PASSED] - Statement - PreSaveFile = new java.io.File(((pathPrefix + java.lang.Integer.toString(counter)) + .png)): null

2018-12-11 16:51:11 - [TEST_STEP][PASSED] - Statement - counter = counter + 1: null

2018-12-11 16:51:11 - [TEST_STEP][PASSED] - Statement - PreSaveFile = new java.io.File(((pathPrefix + java.lang.Integer.toString(counter)) + .png)): null

2018-12-11 16:51:11 - [TEST_STEP][PASSED] - Statement - counter = counter + 1: null

2018-12-11 16:51:11 - [TEST_STEP][PASSED] - Statement - PreSaveFile = new java.io.File(((pathPrefix + java.lang.Integer.toString(counter)) + .png)): null

2018-12-11 16:51:11 - [TEST_STEP][PASSED] - Statement - counter = counter + 1: null

2018-12-11 16:51:11 - [TEST_STEP][PASSED] - Statement - PreSaveFile = new java.io.File(((pathPrefix + java.lang.Integer.toString(counter)) + .png)): null

2018-12-11 16:51:11 - [TEST_STEP][PASSED] - Statement - counter = counter + 1: null

2018-12-11 16:51:11 - [TEST_STEP][PASSED] - Statement - PreSaveFile = new java.io.File(((pathPrefix + java.lang.Integer.toString(counter)) + .png)): null

2018-12-11 16:51:11 - [TEST_STEP][PASSED] - Statement - counter = counter + 1: null

2018-12-11 16:51:11 - [TEST_STEP][PASSED] - Statement - PreSaveFile = new java.io.File(((pathPrefix + java.lang.Integer.toString(counter)) + .png)): null

2018-12-11 16:51:11 - [TEST_STEP][PASSED] - Statement - counter = counter + 1: null

2018-12-11 16:51:11 - [TEST_STEP][PASSED] - Statement - PreSaveFile = new java.io.File(((pathPrefix + java.lang.Integer.toString(counter)) + .png)): null

2018-12-11 16:51:11 - [TEST_STEP][PASSED] - Statement - counter = counter + 1: null

2018-12-11 16:51:11 - [TEST_STEP][PASSED] - Statement - PreSaveFile = new java.io.File(((pathPrefix + java.lang.Integer.toString(counter)) + .png)): null

2018-12-11 16:51:11 - [TEST_STEP][PASSED] - Statement - counter = counter + 1: null

2018-12-11 16:51:11 - [TEST_STEP][PASSED] - Statement - PreSaveFile = new java.io.File(((pathPrefix + java.lang.Integer.toString(counter)) + .png)): null

2018-12-11 16:51:11 - [TEST_STEP][PASSED] - Statement - counter = counter + 1: null

2018-12-11 16:51:11 - [TEST_STEP][PASSED] - Statement - PreSaveFile = new java.io.File(((pathPrefix + java.lang.Integer.toString(counter)) + .png)): null

2018-12-11 16:51:11 - [TEST_STEP][PASSED] - Statement - counter = counter + 1: null

2018-12-11 16:51:11 - [TEST_STEP][PASSED] - Statement - PreSaveFile = new java.io.File(((pathPrefix + java.lang.Integer.toString(counter)) + .png)): null

2018-12-11 16:51:11 - [TEST_STEP][PASSED] - Statement - counter = counter + 1: null

2018-12-11 16:51:11 - [TEST_STEP][PASSED] - Statement - PreSaveFile = new java.io.File(((pathPrefix + java.lang.Integer.toString(counter)) + .png)): null

2018-12-11 16:51:11 - [TEST_STEP][PASSED] - Statement - counter = counter + 1: null

2018-12-11 16:51:11 - [TEST_STEP][PASSED] - Statement - PreSaveFile = new java.io.File(((pathPrefix + java.lang.Integer.toString(counter)) + .png)): null

2018-12-11 16:51:11 - [TEST_STEP][PASSED] - Statement - counter = counter + 1: null

2018-12-11 16:51:11 - [TEST_STEP][PASSED] - Statement - PreSaveFile = new java.io.File(((pathPrefix + java.lang.Integer.toString(counter)) + .png)): null

2018-12-11 16:51:11 - [TEST_STEP][PASSED] - Statement - counter = counter + 1: null

2018-12-11 16:51:11 - [TEST_STEP][PASSED] - Statement - PreSaveFile = new java.io.File(((pathPrefix + java.lang.Integer.toString(counter)) + .png)): null

2018-12-11 16:51:11 - [TEST_STEP][PASSED] - Statement - counter = counter + 1: null

2018-12-11 16:51:11 - [TEST_STEP][PASSED] - Statement - PreSaveFile = new java.io.File(((pathPrefix + java.lang.Integer.toString(counter)) + .png)): null

2018-12-11 16:51:11 - [TEST_STEP][PASSED] - Statement - counter = counter + 1: null

2018-12-11 16:51:11 - [TEST_STEP][PASSED] - Statement - PreSaveFile = new java.io.File(((pathPrefix + java.lang.Integer.toString(counter)) + .png)): null

2018-12-11 16:51:11 - [TEST_STEP][PASSED] - Statement - counter = counter + 1: null

2018-12-11 16:51:11 - [TEST_STEP][PASSED] - Statement - PreSaveFile = new java.io.File(((pathPrefix + java.lang.Integer.toString(counter)) + .png)): null

2018-12-11 16:51:11 - [TEST_STEP][PASSED] - Statement - counter = counter + 1: null

2018-12-11 16:51:11 - [TEST_STEP][PASSED] - Statement - PreSaveFile = new java.io.File(((pathPrefix + java.lang.Integer.toString(counter)) + .png)): null

2018-12-11 16:51:11 - [TEST_STEP][PASSED] - Statement - counter = counter + 1: null

2018-12-11 16:51:11 - [TEST_STEP][PASSED] - Statement - PreSaveFile = new java.io.File(((pathPrefix + java.lang.Integer.toString(counter)) + .png)): null

2018-12-11 16:51:11 - [TEST_STEP][PASSED] - Statement - counter = counter + 1: null

2018-12-11 16:51:11 - [TEST_STEP][PASSED] - Statement - PreSaveFile = new java.io.File(((pathPrefix + java.lang.Integer.toString(counter)) + .png)): null

2018-12-11 16:51:11 - [TEST_STEP][PASSED] - Statement - counter = counter + 1: null

2018-12-11 16:51:11 - [TEST_STEP][PASSED] - Statement - PreSaveFile = new java.io.File(((pathPrefix + java.lang.Integer.toString(counter)) + .png)): null

2018-12-11 16:51:11 - [TEST_STEP][PASSED] - Statement - counter = counter + 1: null

2018-12-11 16:51:11 - [TEST_STEP][PASSED] - Statement - PreSaveFile = new java.io.File(((pathPrefix + java.lang.Integer.toString(counter)) + .png)): null

2018-12-11 16:51:11 - [TEST_STEP][PASSED] - Statement - counter = counter + 1: null

2018-12-11 16:51:11 - [TEST_STEP][PASSED] - Statement - PreSaveFile = new java.io.File(((pathPrefix + java.lang.Integer.toString(counter)) + .png)): null

2018-12-11 16:51:11 - [TEST_STEP][PASSED] - Statement - counter = counter + 1: null

2018-12-11 16:51:11 - [TEST_STEP][PASSED] - Statement - PreSaveFile = new java.io.File(((pathPrefix + java.lang.Integer.toString(counter)) + .png)): null

2018-12-11 16:51:11 - [TEST_STEP][PASSED] - Statement - counter = counter + 1: null

2018-12-11 16:51:11 - [TEST_STEP][PASSED] - Statement - PreSaveFile = new java.io.File(((pathPrefix + java.lang.Integer.toString(counter)) + .png)): null

2018-12-11 16:51:11 - [TEST_STEP][PASSED] - Statement - counter = counter + 1: null

2018-12-11 16:51:11 - [TEST_STEP][PASSED] - Statement - PreSaveFile = new java.io.File(((pathPrefix + java.lang.Integer.toString(counter)) + .png)): null

2018-12-11 16:51:11 - [TEST_STEP][PASSED] - Statement - counter = counter + 1: null

2018-12-11 16:51:11 - [TEST_STEP][PASSED] - Statement - PreSaveFile = new java.io.File(((pathPrefix + java.lang.Integer.toString(counter)) + .png)): null

2018-12-11 16:51:11 - [TEST_STEP][PASSED] - Statement - counter = counter + 1: null

2018-12-11 16:51:11 - [TEST_STEP][PASSED] - Statement - PreSaveFile = new java.io.File(((pathPrefix + java.lang.Integer.toString(counter)) + .png)): null

2018-12-11 16:51:11 - [TEST_STEP][PASSED] - Statement - counter = counter + 1: null

2018-12-11 16:51:11 - [TEST_STEP][PASSED] - Statement - PreSaveFile = new java.io.File(((pathPrefix + java.lang.Integer.toString(counter)) + .png)): null

2018-12-11 16:51:11 - [TEST_STEP][PASSED] - Statement - counter = counter + 1: null

2018-12-11 16:51:11 - [TEST_STEP][PASSED] - Statement - PreSaveFile = new java.io.File(((pathPrefix + java.lang.Integer.toString(counter)) + .png)): null

2018-12-11 16:51:11 - [TEST_STEP][PASSED] - Statement - counter = counter + 1: null

2018-12-11 16:51:11 - [TEST_STEP][PASSED] - Statement - PreSaveFile = new java.io.File(((pathPrefix + java.lang.Integer.toString(counter)) + .png)): null

2018-12-11 16:51:11 - [TEST_STEP][PASSED] - Statement - counter = counter + 1: null

2018-12-11 16:51:11 - [TEST_STEP][PASSED] - Statement - PreSaveFile = new java.io.File(((pathPrefix + java.lang.Integer.toString(counter)) + .png)): null

2018-12-11 16:51:11 - [TEST_STEP][PASSED] - Statement - counter = counter + 1: null

2018-12-11 16:51:11 - [TEST_STEP][PASSED] - Statement - PreSaveFile = new java.io.File(((pathPrefix + java.lang.Integer.toString(counter)) + .png)): null

2018-12-11 16:51:11 - [TEST_STEP][PASSED] - Statement - counter = counter + 1: null

2018-12-11 16:51:11 - [TEST_STEP][PASSED] - Statement - PreSaveFile = new java.io.File(((pathPrefix + java.lang.Integer.toString(counter)) + .png)): null

2018-12-11 16:51:11 - [TEST_STEP][PASSED] - Statement - counter = counter + 1: null

2018-12-11 16:51:11 - [TEST_STEP][PASSED] - Statement - PreSaveFile = new java.io.File(((pathPrefix + java.lang.Integer.toString(counter)) + .png)): null

2018-12-11 16:51:11 - [TEST_STEP][PASSED] - Statement - counter = counter + 1: null

2018-12-11 16:51:11 - [TEST_STEP][PASSED] - Statement - PreSaveFile = new java.io.File(((pathPrefix + java.lang.Integer.toString(counter)) + .png)): null

2018-12-11 16:51:11 - [TEST_STEP][PASSED] - Statement - counter = counter + 1: null

2018-12-11 16:51:11 - [TEST_STEP][PASSED] - Statement - PreSaveFile = new java.io.File(((pathPrefix + java.lang.Integer.toString(counter)) + .png)): null

2018-12-11 16:51:11 - [TEST_STEP][PASSED] - Statement - counter = counter + 1: null

2018-12-11 16:51:11 - [TEST_STEP][PASSED] - Statement - PreSaveFile = new java.io.File(((pathPrefix + java.lang.Integer.toString(counter)) + .png)): null

2018-12-11 16:51:11 - [TEST_STEP][PASSED] - Statement - counter = counter + 1: null

2018-12-11 16:51:11 - [TEST_STEP][PASSED] - Statement - PreSaveFile = new java.io.File(((pathPrefix + java.lang.Integer.toString(counter)) + .png)): null

2018-12-11 16:51:11 - [TEST_STEP][PASSED] - Statement - counter = counter + 1: null

2018-12-11 16:51:11 - [TEST_STEP][PASSED] - Statement - PreSaveFile = new java.io.File(((pathPrefix + java.lang.Integer.toString(counter)) + .png)): null

2018-12-11 16:51:11 - [TEST_STEP][PASSED] - Statement - counter = counter + 1: null

2018-12-11 16:51:11 - [TEST_STEP][PASSED] - Statement - PreSaveFile = new java.io.File(((pathPrefix + java.lang.Integer.toString(counter)) + .png)): null

2018-12-11 16:51:11 - [TEST_STEP][PASSED] - Statement - counter = counter + 1: null

2018-12-11 16:51:11 - [TEST_STEP][PASSED] - Statement - PreSaveFile = new java.io.File(((pathPrefix + java.lang.Integer.toString(counter)) + .png)): null

2018-12-11 16:51:11 - [TEST_STEP][PASSED] - Statement - counter = counter + 1: null

2018-12-11 16:51:11 - [TEST_STEP][PASSED] - Statement - PreSaveFile = new java.io.File(((pathPrefix + java.lang.Integer.toString(counter)) + .png)): null

2018-12-11 16:51:11 - [TEST_STEP][PASSED] - Statement - counter = counter + 1: null

2018-12-11 16:51:11 - [TEST_STEP][PASSED] - Statement - PreSaveFile = new java.io.File(((pathPrefix + java.lang.Integer.toString(counter)) + .png)): null

2018-12-11 16:51:11 - [TEST_STEP][PASSED] - Statement - counter = counter + 1: null

2018-12-11 16:51:11 - [TEST_STEP][PASSED] - Statement - PreSaveFile = new java.io.File(((pathPrefix + java.lang.Integer.toString(counter)) + .png)): null

2018-12-11 16:51:11 - [TEST_STEP][PASSED] - Statement - counter = counter + 1: null

2018-12-11 16:51:11 - [TEST_STEP][PASSED] - Statement - PreSaveFile = new java.io.File(((pathPrefix + java.lang.Integer.toString(counter)) + .png)): null

2018-12-11 16:51:11 - [TEST_STEP][PASSED] - Statement - counter = counter + 1: null

2018-12-11 16:51:11 - [TEST_STEP][PASSED] - Statement - PreSaveFile = new java.io.File(((pathPrefix + java.lang.Integer.toString(counter)) + .png)): null

2018-12-11 16:51:11 - [TEST_STEP][PASSED] - Statement - counter = counter + 1: null

2018-12-11 16:51:11 - [TEST_STEP][PASSED] - Statement - PreSaveFile = new java.io.File(((pathPrefix + java.lang.Integer.toString(counter)) + .png)): null

2018-12-11 16:51:11 - [TEST_STEP][PASSED] - Statement - counter = counter + 1: null

2018-12-11 16:51:11 - [TEST_STEP][PASSED] - Statement - PreSaveFile = new java.io.File(((pathPrefix + java.lang.Integer.toString(counter)) + .png)): null

2018-12-11 16:51:11 - [TEST_STEP][PASSED] - Statement - counter = counter + 1: null

2018-12-11 16:51:11 - [TEST_STEP][PASSED] - Statement - PreSaveFile = new java.io.File(((pathPrefix + java.lang.Integer.toString(counter)) + .png)): null

2018-12-11 16:51:11 - [TEST_STEP][PASSED] - Statement - counter = counter + 1: null

2018-12-11 16:51:11 - [TEST_STEP][PASSED] - Statement - PreSaveFile = new java.io.File(((pathPrefix + java.lang.Integer.toString(counter)) + .png)): null

2018-12-11 16:51:11 - [TEST_STEP][PASSED] - Statement - counter = counter + 1: null

2018-12-11 16:51:11 - [TEST_STEP][PASSED] - Statement - PreSaveFile = new java.io.File(((pathPrefix + java.lang.Integer.toString(counter)) + .png)): null

2018-12-11 16:51:11 - [TEST_STEP][PASSED] - Statement - finalPath = pathPrefix + java.lang.Integer.toString(counter) + ".png": null

2018-12-11 16:51:11 - [TEST_STEP][PASSED] - Statement - SaveFile = new java.io.File(finalPath): null

2018-12-11 16:51:11 - [TEST_STEP][PASSED] - Statement - Try: null

2018-12-11 16:51:11 - [TEST_STEP][PASSED] - Statement - org.apache.commons.io.FileUtils.copyFile(scrFile, SaveFile): null

2018-12-11 16:51:11 - [TEST_STEP][PASSED] - Statement - out.println("file kept"): null

2018-12-11 16:51:11 - [TEST_STEP][PASSED] - delay: Delayed 10 second(s)

2018-12-11 16:51:21 - [MESSAGE][PASSED] - Delayed 10 second(s)

2018-12-11 16:51:21 - [MESSAGE][PASSED] - Call Test Case 'Test Cases/Final Aug 2018 - PKS Automation/Registration Module/New Registration/Submit and Screenshot/Submit Registration and Screenshot - Copy' successfully

2018-12-11 16:51:21 - [TEST_STEP][PASSED] - Statement - UpdateAddNewECode = com.kms.katalon.core.webui.keyword.WebUiBuiltInKeywords.getText(com.kms.katalon.core.testobject.ObjectRepository.findTestObject(Object Repository/Final Object Repo/Page_Update Add New Employee - ASSIST/getEmpCode)): Text of object 'Object Repository/Final Object Repo/Page_Update Add New Employee - ASSIST/getEmpCode' is: 'E1102070762B'

2018-12-11 16:51:21 - [MESSAGE][PASSED] - Text of object 'Object Repository/Final Object Repo/Page_Update Add New Employee - ASSIST/getEmpCode' is: 'E1102070762B'

2018-12-11 16:51:21 - [TEST_STEP][PASSED] - callTestCase: Call Test Case 'Test Cases/Final Aug 2018 - PKS Automation/Common/Emp Code Setter' successfully

2018-12-11 16:51:21 - [TEST_CASE][PASSED] - Test Cases/Final Aug 2018 - PKS Automation/Common/Emp Code Setter: Test Cases/Final Aug 2018 - PKS Automation/Common/Emp Code Setter

2018-12-11 16:51:21 - [TEST_STEP][PASSED] - Statement - EmpCodeOld = new java.io.File(C://Users//Admin//Desktop//PKS//Automation Reference Point//EmpCode.txt): null

2018-12-11 16:51:21 - [TEST_STEP][PASSED] - Statement - EmpCodeOld.delete(): null

2018-12-11 16:51:21 - [TEST_STEP][PASSED] - Statement - EmpCode = new java.io.File(C://Users//Admin//Desktop//PKS//Automation Reference Point//EmpCode.txt): null

2018-12-11 16:51:21 - [TEST_STEP][PASSED] - Statement - f2 = new java.io.FileWriter(EmpCode, false): null

2018-12-11 16:51:21 - [TEST_STEP][PASSED] - Statement - f2.write(UpdateAddNewECode): null

2018-12-11 16:51:21 - [TEST_STEP][PASSED] - Statement - f2.close(): null

2018-12-11 16:51:21 - [TEST_STEP][PASSED] - Statement - out.println("


" + UpdateAddNewECode + "


"): null

2018-12-11 16:51:21 - [MESSAGE][PASSED] - Call Test Case 'Test Cases/Final Aug 2018 - PKS Automation/Common/Emp Code Setter' successfully

2018-12-11 16:51:21 - [MESSAGE][PASSED] - Call Test Case 'Test Cases/Final Aug 2018 - PKS Automation/Registration Module/Workflow/Update Add New Employee/Template/New Company for Update Add New' successfully

2018-12-11 16:51:21 - [TEST_STEP][PASSED] - callTestCase: Call Test Case 'Test Cases/Final Aug 2018 - PKS Automation/Registration Module/Log Out/log out avoiding katalon tagging' successfully

2018-12-11 16:51:22 - [TEST_CASE][PASSED] - Test Cases/Final Aug 2018 - PKS Automation/Registration Module/Log Out/log out avoiding katalon tagging: Test Cases/Final Aug 2018 - PKS Automation/Registration Module/Log Out/log out avoiding katalon tagging

2018-12-11 16:51:22 - [TEST_STEP][PASSED] - navigateToUrl: Navigate to 'https://assist2-uat.perkeso.gov.my/c/portal/logout' successfully

2018-12-11 16:51:22 - [MESSAGE][PASSED] - Navigate to 'https://assist2-uat.perkeso.gov.my/c/portal/logout' successfully

2018-12-11 16:51:22 - [MESSAGE][PASSED] - Call Test Case 'Test Cases/Final Aug 2018 - PKS Automation/Registration Module/Log Out/log out avoiding katalon tagging' successfully

2018-12-11 16:51:22 - [TEST_STEP][PASSED] - callTestCase: Call Test Case 'Test Cases/Final Aug 2018 - PKS Automation/Registration Module/New Registration/Form 2/Date Updater' successfully

2018-12-11 16:51:22 - [TEST_CASE][PASSED] - Test Cases/Final Aug 2018 - PKS Automation/Registration Module/New Registration/Form 2/Date Updater: Test Cases/Final Aug 2018 - PKS Automation/Registration Module/New Registration/Form 2/Date Updater

2018-12-11 16:51:22 - [TEST_STEP][PASSED] - Statement - TodayDate = new java.util.Date(): null

2018-12-11 16:51:22 - [TEST_STEP][PASSED] - Statement - CurrentDateNoFilter = new java.text.SimpleDateFormat(): null

2018-12-11 16:51:22 - [TEST_STEP][PASSED] - Statement - CurrentDateNoFilter.applyPattern("MM"): null

2018-12-11 16:51:22 - [TEST_STEP][PASSED] - Statement - monthContainerMatcher = java.lang.Integer.parseInt(CurrentDateNoFilter.format(TodayDate)): null

2018-12-11 16:51:22 - [TEST_STEP][PASSED] - Statement - monthContainerMatcher = monthContainerMatcher - 1: null

2018-12-11 16:51:22 - [TEST_STEP][PASSED] - Statement - CurrentMonth = monthContainerMatcher.toString(): null

2018-12-11 16:51:22 - [TEST_STEP][PASSED] - Statement - CurrentMonth = CurrentMonth: null

2018-12-11 16:51:22 - [TEST_STEP][PASSED] - Statement - CurrentDateNoFilter.applyPattern("yyyy"): null

2018-12-11 16:51:22 - [TEST_STEP][PASSED] - Statement - CurrentYear = CurrentDateNoFilter.format(TodayDate): null

2018-12-11 16:51:22 - [TEST_STEP][PASSED] - Statement - CurrentYear = CurrentYear: null

2018-12-11 16:51:22 - [TEST_STEP][PASSED] - Statement - intCurrentYear = java.lang.Integer.parseInt(CurrentDateNoFilter.format(TodayDate)): null

2018-12-11 16:51:22 - [TEST_STEP][PASSED] - Statement - eighteenYrsAgo = intCurrentYear - 18: null

2018-12-11 16:51:22 - [TEST_STEP][PASSED] - Statement - eighteenYrsBeforeThisYr = eighteenYrsAgo.toString(): null

2018-12-11 16:51:22 - [TEST_STEP][PASSED] - Statement - EighteenYrsBefore = eighteenYrsBeforeThisYr: null

2018-12-11 16:51:22 - [TEST_STEP][PASSED] - Statement - fiftysevenYrsAgo = intCurrentYear - 57: null

2018-12-11 16:51:22 - [TEST_STEP][PASSED] - Statement - fiftysevenYrsBeforeThisYr = fiftysevenYrsAgo.toString(): null

2018-12-11 16:51:22 - [TEST_STEP][PASSED] - Statement - FiftysevenYrsBefore = fiftysevenYrsBeforeThisYr: null

2018-12-11 16:51:22 - [TEST_STEP][PASSED] - Statement - leapYear = false: null

2018-12-11 16:51:22 - [TEST_STEP][PASSED] - Statement - leapYear = intCurrentYear % 4 == 0: null

2018-12-11 16:51:22 - [TEST_STEP][PASSED] - Statement - CurrentDateNoFilter.applyPattern("dd"): null

2018-12-11 16:51:22 - [TEST_STEP][PASSED] - Statement - CurrentDate = CurrentDateNoFilter.format(TodayDate): null

2018-12-11 16:51:22 - [TEST_STEP][PASSED] - Statement - CurrentDate = java.lang.Integer.parseInt(CurrentDate): null

2018-12-11 16:51:22 - [TEST_STEP][PASSED] - Statement - CurrentDate = CurrentDate: null

2018-12-11 16:51:22 - [TEST_STEP][PASSED] - Statement - CurrentDay = java.lang.Integer.parseInt(CurrentDate): null

2018-12-11 16:51:22 - [TEST_STEP][PASSED] - Statement - ConfAdder = <not implemented yet for class: org.codehaus.groovy.ast.expr.EmptyExpression>: null

2018-12-11 16:51:22 - [TEST_STEP][PASSED] - Statement - out.println(CurrentMonth): null

2018-12-11 16:51:22 - [TEST_STEP][PASSED] - Statement - out.println(CurrentDate): null

2018-12-11 16:51:22 - [TEST_STEP][PASSED] - Statement - switch (CurrentDate): null

2018-12-11 16:51:23 - [TEST_STEP][PASSED] - Statement - Default: null

2018-12-11 16:51:23 - [TEST_STEP][PASSED] - Statement - ConfAdder = true: null

2018-12-11 16:51:23 - [TEST_STEP][PASSED] - Statement - Break: null

2018-12-11 16:51:23 - [TEST_STEP][PASSED] - Statement - aDayBefore = <not implemented yet for class: org.codehaus.groovy.ast.expr.EmptyExpression>: null

2018-12-11 16:51:23 - [TEST_STEP][PASSED] - Statement - out.println(ConfAdder): null

2018-12-11 16:51:23 - [TEST_STEP][PASSED] - Statement - If (ConfAdder == true): null

2018-12-11 16:51:23 - [TEST_STEP][PASSED] - Statement - aDayBefore = CurrentDay + 1: null

2018-12-11 16:51:23 - [TEST_STEP][PASSED] - Statement - out.println(aDayBefore): null

2018-12-11 16:51:23 - [TEST_STEP][PASSED] - Statement - If (aDayBefore == 1 && CurrentMonth == 11): null

2018-12-11 16:51:23 - [TEST_STEP][PASSED] - Statement - DayBefore = aDayBefore.toString(): null

2018-12-11 16:51:23 - [TEST_STEP][PASSED] - Statement - OneDayBefore = DayBefore: null

2018-12-11 16:51:23 - [MESSAGE][PASSED] - Call Test Case 'Test Cases/Final Aug 2018 - PKS Automation/Registration Module/New Registration/Form 2/Date Updater' successfully

2018-12-11 16:51:23 - [TEST_STEP][PASSED] - delay: Delayed 2 second(s)

2018-12-11 16:51:25 - [MESSAGE][PASSED] - Delayed 2 second(s)

2018-12-11 16:51:25 - [TEST_STEP][PASSED] - setText: Text 'klotc2@gmail.com' is set on object 'Object Repository/Final Object Repo/Page_Update Add New Employee - ASSIST/Email TextBox'

2018-12-11 16:51:25 - [MESSAGE][PASSED] - Text 'klotc2@gmail.com' is set on object 'Object Repository/Final Object Repo/Page_Update Add New Employee - ASSIST/Email TextBox'

2018-12-11 16:51:25 - [TEST_STEP][PASSED] - click: Object: 'Object Repository/Final Object Repo/Page_Update Add New Employee - ASSIST/Next Button' is clicked on

2018-12-11 16:51:25 - [MESSAGE][PASSED] - Object: 'Object Repository/Final Object Repo/Page_Update Add New Employee - ASSIST/Next Button' is clicked on

2018-12-11 16:51:25 - [TEST_STEP][PASSED] - delay: Delayed 2 second(s)

2018-12-11 16:51:27 - [MESSAGE][PASSED] - Delayed 2 second(s)

2018-12-11 16:51:27 - [TEST_STEP][PASSED] - setText: Text 'Test1@3456789' is set on object 'Object Repository/Final Object Repo/Page_Update Add New Employee - ASSIST/Password TextBox'

2018-12-11 16:51:27 - [MESSAGE][PASSED] - Text 'Test1@3456789' is set on object 'Object Repository/Final Object Repo/Page_Update Add New Employee - ASSIST/Password TextBox'

2018-12-11 16:51:27 - [TEST_STEP][PASSED] - delay: Delayed 2 second(s)

2018-12-11 16:51:29 - [MESSAGE][PASSED] - Delayed 2 second(s)

2018-12-11 16:51:29 - [TEST_STEP][PASSED] - click: Object: 'Object Repository/Final Object Repo/Page_Update Add New Employee - ASSIST/Login Button' is clicked on

2018-12-11 16:51:29 - [MESSAGE][PASSED] - Object: 'Object Repository/Final Object Repo/Page_Update Add New Employee - ASSIST/Login Button' is clicked on

2018-12-11 16:51:29 - [TEST_STEP][PASSED] - delay: Delayed 4 second(s)

2018-12-11 16:51:33 - [MESSAGE][PASSED] - Delayed 4 second(s)

2018-12-11 16:51:33 - [TEST_STEP][PASSED] - Statement - Try: Delayed 2 second(s)

2018-12-11 16:51:33 - [TEST_STEP][PASSED] - Statement - Checker = false: null

2018-12-11 16:51:33 - [TEST_STEP][PASSED] - Statement - Checker = com.kms.katalon.core.webui.keyword.WebUiBuiltInKeywords.verifyElementHasAttribute(com.kms.katalon.core.testobject.ObjectRepository.findTestObject(Final Object Repo/Landing Page/BM Detecting), "href", 20, OPTIONAL): Object 'Object Repository/Final Object Repo/Landing Page/BM Detecting' has attribute 'href'

2018-12-11 16:51:34 - [MESSAGE][PASSED] - Object 'Object Repository/Final Object Repo/Landing Page/BM Detecting' has attribute 'href'

2018-12-11 16:51:34 - [TEST_STEP][PASSED] - Statement - out.println(Checker): null

2018-12-11 16:51:34 - [TEST_STEP][PASSED] - Statement - If (Checker == false): null

2018-12-11 16:51:34 - [TEST_STEP][PASSED] - Statement - Else: null

2018-12-11 16:51:34 - [TEST_STEP][PASSED] - delay: Delayed 2 second(s)

2018-12-11 16:51:36 - [MESSAGE][PASSED] - Delayed 2 second(s)

2018-12-11 16:51:36 - [TEST_STEP][PASSED] - delay: Delayed 4 second(s)

2018-12-11 16:51:40 - [MESSAGE][PASSED] - Delayed 4 second(s)

2018-12-11 16:51:40 - [TEST_STEP][PASSED] - click: Object: 'Object Repository/Final Object Repo/Page_Update Add New Employee - ASSIST/My Sites Drop Down' is clicked on

2018-12-11 16:51:40 - [MESSAGE][PASSED] - Object: 'Object Repository/Final Object Repo/Page_Update Add New Employee - ASSIST/My Sites Drop Down' is clicked on

2018-12-11 16:51:40 - [TEST_STEP][PASSED] - click: Object: 'Object Repository/Final Object Repo/Page_Update Add New Employee - ASSIST/Select to Registration Module' is clicked on

2018-12-11 16:51:41 - [MESSAGE][PASSED] - Object: 'Object Repository/Final Object Repo/Page_Update Add New Employee - ASSIST/Select to Registration Module' is clicked on

2018-12-11 16:51:41 - [TEST_STEP][PASSED] - navigateToUrl: Navigate to 'https://assist2-uat.perkeso.gov.my/web/registration/myassist' successfully

2018-12-11 16:51:41 - [MESSAGE][PASSED] - Navigate to 'https://assist2-uat.perkeso.gov.my/web/registration/myassist' successfully

2018-12-11 16:51:41 - [TEST_STEP][PASSED] - mouseOver: Object: 'Object Repository/Final Object Repo/Page_Update Add New Employee - ASSIST/Select to Update Akta 4 Tab' is hovered

2018-12-11 16:51:41 - [MESSAGE][PASSED] - Object: 'Object Repository/Final Object Repo/Page_Update Add New Employee - ASSIST/Select to Update Akta 4 Tab' is hovered

2018-12-11 16:51:41 - [TEST_STEP][PASSED] - delay: Delayed 2 second(s)

2018-12-11 16:51:43 - [MESSAGE][PASSED] - Delayed 2 second(s)

2018-12-11 16:51:43 - [TEST_STEP][PASSED] - click: Object: 'Object Repository/Final Object Repo/Page_Update Add New Employee - ASSIST/Select to Update Add New Employee' is clicked on

2018-12-11 16:51:44 - [MESSAGE][PASSED] - Object: 'Object Repository/Final Object Repo/Page_Update Add New Employee - ASSIST/Select to Update Add New Employee' is clicked on

2018-12-11 16:51:44 - [TEST_STEP][PASSED] - delay: Delayed 2 second(s)

2018-12-11 16:51:46 - [MESSAGE][PASSED] - Delayed 2 second(s)

2018-12-11 16:51:46 - [TEST_STEP][PASSED] - setText: Text 'E1102070762B' is set on object 'Object Repository/Final Object Repo/Page_Update Add New Employee - ASSIST/Employer Code input textbox'

2018-12-11 16:51:46 - [MESSAGE][PASSED] - Text 'E1102070762B' is set on object 'Object Repository/Final Object Repo/Page_Update Add New Employee - ASSIST/Employer Code input textbox'

2018-12-11 16:51:46 - [TEST_STEP][PASSED] - delay: Delayed 2 second(s)

2018-12-11 16:51:48 - [MESSAGE][PASSED] - Delayed 2 second(s)

2018-12-11 16:51:48 - [TEST_STEP][PASSED] - click: Object: 'Object Repository/Final Object Repo/Page_Update Add New Employee - ASSIST/Search Button for Employer Code' is clicked on

2018-12-11 16:51:49 - [MESSAGE][PASSED] - Object: 'Object Repository/Final Object Repo/Page_Update Add New Employee - ASSIST/Search Button for Employer Code' is clicked on

2018-12-11 16:51:49 - [TEST_STEP][PASSED] - delay: Delayed 4 second(s)

2018-12-11 16:51:53 - [MESSAGE][PASSED] - Delayed 4 second(s)

2018-12-11 16:51:53 - [TEST_STEP][PASSED] - click: Object: 'Object Repository/Final Object Repo/Page_Update Add New Employee - ASSIST/Click to Edit Case' is clicked on

2018-12-11 16:51:55 - [MESSAGE][PASSED] - Object: 'Object Repository/Final Object Repo/Page_Update Add New Employee - ASSIST/Click to Edit Case' is clicked on

2018-12-11 16:51:55 - [TEST_STEP][PASSED] - callTestCase: Call Test Case 'Test Cases/Final Aug 2018 - PKS Automation/Registration Module/Workflow/Update Add New Employee/Template/Employee Adding/Employee Set Decider' successfully

2018-12-11 16:51:55 - [TEST_CASE][PASSED] - Test Cases/Final Aug 2018 - PKS Automation/Registration Module/Workflow/Update Add New Employee/Template/Employee Adding/Employee Set Decider: Test Cases/Final Aug 2018 - PKS Automation/Registration Module/Workflow/Update Add New Employee/Template/Employee Adding/Employee Set Decider

2018-12-11 16:51:55 - [TEST_STEP][PASSED] - delay: Delayed 4 second(s)

2018-12-11 16:51:59 - [MESSAGE][PASSED] - Delayed 4 second(s)

2018-12-11 16:51:59 - [TEST_STEP][PASSED] - click: Object: 'Object Repository/Final Object Repo/Page_Update Add New Employee - ASSIST/Add Employee Button' is clicked on

2018-12-11 16:51:59 - [MESSAGE][PASSED] - Object: 'Object Repository/Final Object Repo/Page_Update Add New Employee - ASSIST/Add Employee Button' is clicked on

2018-12-11 16:51:59 - [TEST_STEP][PASSED] - delay: Delayed 3 second(s)

2018-12-11 16:52:02 - [MESSAGE][PASSED] - Delayed 3 second(s)

2018-12-11 16:52:02 - [TEST_STEP][PASSED] - setText: Text '010903091920' is set on object 'Object Repository/Final Object Repo/Page_Update Add New Employee - ASSIST/NRIC Input'

2018-12-11 16:52:03 - [MESSAGE][PASSED] - Text '010903091920' is set on object 'Object Repository/Final Object Repo/Page_Update Add New Employee - ASSIST/NRIC Input'

2018-12-11 16:52:03 - [TEST_STEP][PASSED] - click: Object: 'Object Repository/Final Object Repo/Page_Update Add New Employee - ASSIST/button for search for IC' is clicked on

2018-12-11 16:52:03 - [MESSAGE][PASSED] - Object: 'Object Repository/Final Object Repo/Page_Update Add New Employee - ASSIST/button for search for IC' is clicked on

2018-12-11 16:52:03 - [TEST_STEP][PASSED] - delay: Delayed 2 second(s)

2018-12-11 16:52:05 - [MESSAGE][PASSED] - Delayed 2 second(s)

2018-12-11 16:52:05 - [TEST_STEP][PASSED] - sendKeys: Keys 'CONTROL + a' sent to object: 'Object Repository/Final Object Repo/Page_Update Add New Employee - ASSIST/Employee Name Input'

2018-12-11 16:52:05 - [MESSAGE][PASSED] - Keys 'CONTROL + a' sent to object: 'Object Repository/Final Object Repo/Page_Update Add New Employee - ASSIST/Employee Name Input'

2018-12-11 16:52:05 - [TEST_STEP][PASSED] - sendKeys: Keys 'CONTROL + c' sent to object: 'Object Repository/Final Object Repo/Page_Update Add New Employee - ASSIST/Employee Name Input'

2018-12-11 16:52:05 - [MESSAGE][PASSED] - Keys 'CONTROL + c' sent to object: 'Object Repository/Final Object Repo/Page_Update Add New Employee - ASSIST/Employee Name Input'

2018-12-11 16:52:05 - [TEST_STEP][PASSED] - Statement - toolkit = java.awt.Toolkit.getDefaultToolkit(): null

2018-12-11 16:52:05 - [TEST_STEP][PASSED] - Statement - clipboard = toolkit.getSystemClipboard(): null

2018-12-11 16:52:05 - [TEST_STEP][PASSED] - Statement - CurrentName = clipboard.getData(stringFlavor): null

2018-12-11 16:52:05 - [TEST_STEP][PASSED] - Statement - out.println("String from Clipboard:" + CurrentName): null

2018-12-11 16:52:05 - [TEST_STEP][PASSED] - Statement - If (CurrentName == "AUTOMATE002 ELIGIBLE 1"): Call Test Case 'Test Cases/Final Aug 2018 - PKS Automation/Registration Module/Workflow/Update Add New Employee/Template/Employee Adding/Employee Adding Action Repeat IC - set 1' successfully

2018-12-11 16:52:05 - [TEST_STEP][PASSED] - callTestCase: Call Test Case 'Test Cases/Final Aug 2018 - PKS Automation/Registration Module/Workflow/Update Add New Employee/Template/Employee Adding/Employee Adding Action Repeat IC - set 1' successfully

2018-12-11 16:52:05 - [TEST_CASE][PASSED] - Test Cases/Final Aug 2018 - PKS Automation/Registration Module/Workflow/Update Add New Employee/Template/Employee Adding/Employee Adding Action Repeat IC - set 1: Test Cases/Final Aug 2018 - PKS Automation/Registration Module/Workflow/Update Add New Employee/Template/Employee Adding/Employee Adding Action Repeat IC - set 1

2018-12-11 16:52:05 - [TEST_STEP][PASSED] - setText: Text 'Automate003 eligible 1' is set on object 'Object Repository/Final Object Repo/Page_Update Add New Employee - ASSIST/Employee Name Input'

2018-12-11 16:52:06 - [MESSAGE][PASSED] - Text 'Automate003 eligible 1' is set on object 'Object Repository/Final Object Repo/Page_Update Add New Employee - ASSIST/Employee Name Input'

2018-12-11 16:52:06 - [TEST_STEP][PASSED] - delay: Delayed 2 second(s)

2018-12-11 16:52:08 - [MESSAGE][PASSED] - Delayed 2 second(s)

2018-12-11 16:52:08 - [TEST_STEP][PASSED] - click: Object: 'Object Repository/Final Object Repo/Page_Update Add New Employee - ASSIST/DatePicker Pop Up' is clicked on

2018-12-11 16:52:08 - [MESSAGE][PASSED] - Object: 'Object Repository/Final Object Repo/Page_Update Add New Employee - ASSIST/DatePicker Pop Up' is clicked on

2018-12-11 16:52:08 - [TEST_STEP][PASSED] - click: Object: 'Object Repository/Final Object Repo/Page_Update Add New Employee - ASSIST/DOB Month' is clicked on

2018-12-11 16:52:08 - [MESSAGE][PASSED] - Object: 'Object Repository/Final Object Repo/Page_Update Add New Employee - ASSIST/DOB Month' is clicked on

2018-12-11 16:52:08 - [TEST_STEP][PASSED] - Statement - CurrentMonth = CurrentMonth: null

2018-12-11 16:52:08 - [TEST_STEP][PASSED] - Statement - selectMonth = new com.kms.katalon.core.testobject.TestObject(): null

2018-12-11 16:52:08 - [TEST_STEP][PASSED] - Statement - selectMonth.addProperty("xpath", EQUALS, "//body/div/div/div/select/option[@value='" + CurrentMonth + "']", true): null

2018-12-11 16:52:08 - [TEST_STEP][PASSED] - click: Object: '' is clicked on

2018-12-11 16:52:08 - [MESSAGE][PASSED] - Object: '' is clicked on

2018-12-11 16:52:08 - [TEST_STEP][PASSED] - click: Object: 'Object Repository/Final Object Repo/Page_Update Add New Employee - ASSIST/DOB Year' is clicked on

2018-12-11 16:52:09 - [MESSAGE][PASSED] - Object: 'Object Repository/Final Object Repo/Page_Update Add New Employee - ASSIST/DOB Year' is clicked on

2018-12-11 16:52:09 - [TEST_STEP][PASSED] - Statement - Eyearsbf = EighteenYrsBefore: null

2018-12-11 16:52:09 - [TEST_STEP][PASSED] - Statement - selectYear = new com.kms.katalon.core.testobject.TestObject(): null

2018-12-11 16:52:09 - [TEST_STEP][PASSED] - Statement - selectYear.addProperty("xpath", EQUALS, "//div/div/div/select/option[@value='" + Eyearsbf + "']", true): null

2018-12-11 16:52:09 - [TEST_STEP][PASSED] - click: Object: '' is clicked on

2018-12-11 16:52:09 - [MESSAGE][PASSED] - Object: '' is clicked on

2018-12-11 16:52:09 - [TEST_STEP][PASSED] - Statement - UpdatedSelectDate = com.kms.katalon.core.webui.keyword.WebUiBuiltInKeywords.modifyObjectProperty(com.kms.katalon.core.testobject.ObjectRepository.findTestObject(Final Object Repo/Page_Update Add New Employee - ASSIST/DOB Date), "xpath", "equals", "//body/div/table/tbody/tr/td/a[text()="" + CurrentDate + ""]", true): Modify property of object successfully

2018-12-11 16:52:09 - [MESSAGE][PASSED] - Modify property of object successfully

2018-12-11 16:52:09 - [TEST_STEP][PASSED] - delay: Delayed 3 second(s)

2018-12-11 16:52:12 - [MESSAGE][PASSED] - Delayed 3 second(s)

2018-12-11 16:52:12 - [TEST_STEP][PASSED] - click: Object: 'Object Repository/Final Object Repo/Page_Update Add New Employee - ASSIST/DOB Date' is clicked on

2018-12-11 16:52:12 - [MESSAGE][PASSED] - Object: 'Object Repository/Final Object Repo/Page_Update Add New Employee - ASSIST/DOB Date' is clicked on

2018-12-11 16:52:12 - [TEST_STEP][PASSED] - delay: Delayed 2 second(s)

2018-12-11 16:52:14 - [MESSAGE][PASSED] - Delayed 2 second(s)

2018-12-11 16:52:14 - [TEST_STEP][PASSED] - click: Object: 'Object Repository/Final Object Repo/Page_Update Add New Employee - ASSIST/EmploymentStartDate Pop Up' is clicked on

2018-12-11 16:52:14 - [MESSAGE][PASSED] - Object: 'Object Repository/Final Object Repo/Page_Update Add New Employee - ASSIST/EmploymentStartDate Pop Up' is clicked on

2018-12-11 16:52:14 - [TEST_STEP][PASSED] - delay: Delayed 2 second(s)

2018-12-11 16:52:16 - [MESSAGE][PASSED] - Delayed 2 second(s)

2018-12-11 16:52:16 - [TEST_STEP][PASSED] - click: Object: 'Object Repository/Final Object Repo/Page_Update Add New Employee - ASSIST/Socso Employment StartDate Month' is clicked on

2018-12-11 16:52:16 - [MESSAGE][PASSED] - Object: 'Object Repository/Final Object Repo/Page_Update Add New Employee - ASSIST/Socso Employment StartDate Month' is clicked on

2018-12-11 16:52:16 - [TEST_STEP][PASSED] - delay: Delayed 1 second(s)

2018-12-11 16:52:17 - [MESSAGE][PASSED] - Delayed 1 second(s)

2018-12-11 16:52:17 - [TEST_STEP][PASSED] - click: Object: 'Object Repository/Final Object Repo/Page_Update Add New Employee - ASSIST/Select Socso Employement Startdate Month' is clicked on

2018-12-11 16:52:17 - [MESSAGE][PASSED] - Object: 'Object Repository/Final Object Repo/Page_Update Add New Employee - ASSIST/Select Socso Employement Startdate Month' is clicked on

2018-12-11 16:52:17 - [TEST_STEP][PASSED] - delay: Delayed 2 second(s)

2018-12-11 16:52:19 - [MESSAGE][PASSED] - Delayed 2 second(s)

2018-12-11 16:52:19 - [TEST_STEP][PASSED] - click: Object: 'Object Repository/Final Object Repo/Page_Update Add New Employee - ASSIST/Socso Employment StartDate Year' is clicked on

2018-12-11 16:52:20 - [MESSAGE][PASSED] - Object: 'Object Repository/Final Object Repo/Page_Update Add New Employee - ASSIST/Socso Employment StartDate Year' is clicked on

2018-12-11 16:52:20 - [TEST_STEP][PASSED] - delay: Delayed 1 second(s)

2018-12-11 16:52:21 - [MESSAGE][PASSED] - Delayed 1 second(s)

2018-12-11 16:52:21 - [TEST_STEP][PASSED] - click: Object: 'Object Repository/Final Object Repo/Page_Update Add New Employee - ASSIST/Select Socso Employment Startdate Year' is clicked on

2018-12-11 16:52:21 - [MESSAGE][PASSED] - Object: 'Object Repository/Final Object Repo/Page_Update Add New Employee - ASSIST/Select Socso Employment Startdate Year' is clicked on

2018-12-11 16:52:21 - [TEST_STEP][PASSED] - delay: Delayed 2 second(s)

2018-12-11 16:52:23 - [MESSAGE][PASSED] - Delayed 2 second(s)

2018-12-11 16:52:23 - [TEST_STEP][PASSED] - click: Object: 'Object Repository/Final Object Repo/Page_Update Add New Employee - ASSIST/Socso Employment Start Date Day' is clicked on

2018-12-11 16:52:23 - [MESSAGE][PASSED] - Object: 'Object Repository/Final Object Repo/Page_Update Add New Employee - ASSIST/Socso Employment Start Date Day' is clicked on

2018-12-11 16:52:23 - [TEST_STEP][PASSED] - delay: Delayed 2 second(s)

2018-12-11 16:52:25 - [MESSAGE][PASSED] - Delayed 2 second(s)

2018-12-11 16:52:25 - [TEST_STEP][PASSED] - click: Object: 'Object Repository/Final Object Repo/Page_Update Add New Employee - ASSIST/Save Button for Add Employee' is clicked on

2018-12-11 16:52:25 - [MESSAGE][PASSED] - Object: 'Object Repository/Final Object Repo/Page_Update Add New Employee - ASSIST/Save Button for Add Employee' is clicked on

2018-12-11 16:52:25 - [TEST_STEP][PASSED] - delay: Delayed 6 second(s)

2018-12-11 16:52:31 - [MESSAGE][PASSED] - Delayed 6 second(s)

2018-12-11 16:52:31 - [TEST_STEP][PASSED] - click: Object: 'Object Repository/Final Object Repo/Page_Update Add New Employee - ASSIST/Add Employee Button' is clicked on

2018-12-11 16:52:31 - [MESSAGE][PASSED] - Object: 'Object Repository/Final Object Repo/Page_Update Add New Employee - ASSIST/Add Employee Button' is clicked on

2018-12-11 16:52:31 - [TEST_STEP][PASSED] - delay: Delayed 4 second(s)

2018-12-11 16:52:35 - [MESSAGE][PASSED] - Delayed 4 second(s)

2018-12-11 16:52:35 - [TEST_STEP][PASSED] - setText: Text '620904059600' is set on object 'Object Repository/Final Object Repo/Page_Update Add New Employee - ASSIST/NRIC Input'

2018-12-11 16:52:36 - [MESSAGE][PASSED] - Text '620904059600' is set on object 'Object Repository/Final Object Repo/Page_Update Add New Employee - ASSIST/NRIC Input'

2018-12-11 16:52:36 - [TEST_STEP][PASSED] - click: Object: 'Object Repository/Final Object Repo/Page_Update Add New Employee - ASSIST/button for search for IC' is clicked on

2018-12-11 16:52:36 - [MESSAGE][PASSED] - Object: 'Object Repository/Final Object Repo/Page_Update Add New Employee - ASSIST/button for search for IC' is clicked on

2018-12-11 16:52:36 - [TEST_STEP][PASSED] - delay: Delayed 2 second(s)

2018-12-11 16:52:38 - [MESSAGE][PASSED] - Delayed 2 second(s)

2018-12-11 16:52:38 - [TEST_STEP][PASSED] - setText: Text 'Automate003 eligible 2' is set on object 'Object Repository/Final Object Repo/Page_Update Add New Employee - ASSIST/Employee Name Input'

2018-12-11 16:52:38 - [MESSAGE][PASSED] - Text 'Automate003 eligible 2' is set on object 'Object Repository/Final Object Repo/Page_Update Add New Employee - ASSIST/Employee Name Input'

2018-12-11 16:52:38 - [TEST_STEP][PASSED] - delay: Delayed 2 second(s)

2018-12-11 16:52:40 - [MESSAGE][PASSED] - Delayed 2 second(s)

2018-12-11 16:52:40 - [TEST_STEP][PASSED] - click: Object: 'Object Repository/Final Object Repo/Page_Update Add New Employee - ASSIST/DatePicker Pop Up' is clicked on

2018-12-11 16:52:41 - [MESSAGE][PASSED] - Object: 'Object Repository/Final Object Repo/Page_Update Add New Employee - ASSIST/DatePicker Pop Up' is clicked on

2018-12-11 16:52:41 - [TEST_STEP][PASSED] - delay: Delayed 2 second(s)

2018-12-11 16:52:43 - [MESSAGE][PASSED] - Delayed 2 second(s)

2018-12-11 16:52:43 - [TEST_STEP][PASSED] - click: Object: 'Object Repository/Final Object Repo/Page_Update Add New Employee - ASSIST/DOB Month' is clicked on

2018-12-11 16:52:43 - [MESSAGE][PASSED] - Object: 'Object Repository/Final Object Repo/Page_Update Add New Employee - ASSIST/DOB Month' is clicked on

2018-12-11 16:52:43 - [TEST_STEP][PASSED] - Statement - selectMonth = com.kms.katalon.core.webui.keyword.WebUiBuiltInKeywords.modifyObjectProperty(selectMonth, "xpath", "equals", "//body/div/div/div/select/option[@value="" + CurrentMonth + ""]", true): Modify property of object successfully

2018-12-11 16:52:43 - [MESSAGE][PASSED] - Modify property of object successfully

2018-12-11 16:52:43 - [TEST_STEP][PASSED] - click: Object: '' is clicked on

2018-12-11 16:52:43 - [MESSAGE][PASSED] - Object: '' is clicked on

2018-12-11 16:52:43 - [TEST_STEP][PASSED] - click: Object: 'Object Repository/Final Object Repo/Page_Update Add New Employee - ASSIST/DOB Year' is clicked on

2018-12-11 16:52:43 - [MESSAGE][PASSED] - Object: 'Object Repository/Final Object Repo/Page_Update Add New Employee - ASSIST/DOB Year' is clicked on

2018-12-11 16:52:43 - [TEST_STEP][PASSED] - Statement - selectYear = com.kms.katalon.core.webui.keyword.WebUiBuiltInKeywords.modifyObjectProperty(selectYear, "xpath", "equals", "//div/div/div/select/option[@value="" + FiftysevenYrsBefore + ""]", true): Modify property of object successfully

2018-12-11 16:52:43 - [MESSAGE][PASSED] - Modify property of object successfully

2018-12-11 16:52:43 - [TEST_STEP][PASSED] - click: Object: '' is clicked on

2018-12-11 16:52:43 - [MESSAGE][PASSED] - Object: '' is clicked on

2018-12-11 16:52:43 - [TEST_STEP][PASSED] - Statement - UpdatedSelectDate = com.kms.katalon.core.webui.keyword.WebUiBuiltInKeywords.modifyObjectProperty(com.kms.katalon.core.testobject.ObjectRepository.findTestObject(Final Object Repo/Page_Update Add New Employee - ASSIST/DOB Date), "xpath", "equals", "//body/div/table/tbody/tr/td/a[text()="" + OneDayBefore + ""]", true): Modify property of object successfully

2018-12-11 16:52:43 - [MESSAGE][PASSED] - Modify property of object successfully

2018-12-11 16:52:43 - [TEST_STEP][PASSED] - click: Object: 'Object Repository/Final Object Repo/Page_Update Add New Employee - ASSIST/DOB Date' is clicked on

2018-12-11 16:52:43 - [MESSAGE][PASSED] - Object: 'Object Repository/Final Object Repo/Page_Update Add New Employee - ASSIST/DOB Date' is clicked on

2018-12-11 16:52:43 - [TEST_STEP][PASSED] - delay: Delayed 2 second(s)

2018-12-11 16:52:45 - [MESSAGE][PASSED] - Delayed 2 second(s)

2018-12-11 16:52:45 - [TEST_STEP][PASSED] - click: Object: 'Object Repository/Final Object Repo/Page_Update Add New Employee - ASSIST/EmploymentStartDate Pop Up' is clicked on

2018-12-11 16:52:46 - [MESSAGE][PASSED] - Object: 'Object Repository/Final Object Repo/Page_Update Add New Employee - ASSIST/EmploymentStartDate Pop Up' is clicked on

2018-12-11 16:52:46 - [TEST_STEP][PASSED] - delay: Delayed 2 second(s)

2018-12-11 16:52:48 - [MESSAGE][PASSED] - Delayed 2 second(s)

2018-12-11 16:52:48 - [TEST_STEP][PASSED] - click: Object: 'Object Repository/Final Object Repo/Page_Update Add New Employee - ASSIST/Socso Employment StartDate Month' is clicked on

2018-12-11 16:52:48 - [MESSAGE][PASSED] - Object: 'Object Repository/Final Object Repo/Page_Update Add New Employee - ASSIST/Socso Employment StartDate Month' is clicked on

2018-12-11 16:52:48 - [TEST_STEP][PASSED] - delay: Delayed 1 second(s)

2018-12-11 16:52:49 - [MESSAGE][PASSED] - Delayed 1 second(s)

2018-12-11 16:52:49 - [TEST_STEP][PASSED] - click: Object: 'Object Repository/Final Object Repo/Page_Update Add New Employee - ASSIST/Select Socso Employement Startdate Month' is clicked on

2018-12-11 16:52:49 - [MESSAGE][PASSED] - Object: 'Object Repository/Final Object Repo/Page_Update Add New Employee - ASSIST/Select Socso Employement Startdate Month' is clicked on

2018-12-11 16:52:49 - [TEST_STEP][PASSED] - delay: Delayed 2 second(s)

2018-12-11 16:52:51 - [MESSAGE][PASSED] - Delayed 2 second(s)

2018-12-11 16:52:51 - [TEST_STEP][PASSED] - click: Object: 'Object Repository/Final Object Repo/Page_Update Add New Employee - ASSIST/Socso Employment StartDate Year' is clicked on

2018-12-11 16:52:51 - [MESSAGE][PASSED] - Object: 'Object Repository/Final Object Repo/Page_Update Add New Employee - ASSIST/Socso Employment StartDate Year' is clicked on

2018-12-11 16:52:51 - [TEST_STEP][PASSED] - delay: Delayed 1 second(s)

2018-12-11 16:52:52 - [MESSAGE][PASSED] - Delayed 1 second(s)

2018-12-11 16:52:52 - [TEST_STEP][PASSED] - click: Object: 'Object Repository/Final Object Repo/Page_Update Add New Employee - ASSIST/Select Socso Employment Startdate Year' is clicked on

2018-12-11 16:52:52 - [MESSAGE][PASSED] - Object: 'Object Repository/Final Object Repo/Page_Update Add New Employee - ASSIST/Select Socso Employment Startdate Year' is clicked on

2018-12-11 16:52:52 - [TEST_STEP][PASSED] - delay: Delayed 2 second(s)

2018-12-11 16:52:54 - [MESSAGE][PASSED] - Delayed 2 second(s)

2018-12-11 16:52:54 - [TEST_STEP][PASSED] - click: Object: 'Object Repository/Final Object Repo/Page_Update Add New Employee - ASSIST/Socso Employment Start Date Day' is clicked on

2018-12-11 16:52:54 - [MESSAGE][PASSED] - Object: 'Object Repository/Final Object Repo/Page_Update Add New Employee - ASSIST/Socso Employment Start Date Day' is clicked on

2018-12-11 16:52:54 - [TEST_STEP][PASSED] - delay: Delayed 2 second(s)

2018-12-11 16:52:56 - [MESSAGE][PASSED] - Delayed 2 second(s)

2018-12-11 16:52:56 - [TEST_STEP][PASSED] - click: Object: 'Object Repository/Final Object Repo/Page_Update Add New Employee - ASSIST/Save Button for Add Employee' is clicked on

2018-12-11 16:52:57 - [MESSAGE][PASSED] - Object: 'Object Repository/Final Object Repo/Page_Update Add New Employee - ASSIST/Save Button for Add Employee' is clicked on

2018-12-11 16:52:57 - [TEST_STEP][PASSED] - delay: Delayed 10 second(s)

2018-12-11 16:53:07 - [MESSAGE][PASSED] - Delayed 10 second(s)

2018-12-11 16:53:07 - [TEST_STEP][PASSED] - waitForElementClickable: Object 'Object Repository/Final Object Repo/Page_Update Add New Employee - ASSIST/Add Employee Button' is clickable

2018-12-11 16:53:07 - [MESSAGE][PASSED] - Object 'Object Repository/Final Object Repo/Page_Update Add New Employee - ASSIST/Add Employee Button' is clickable

2018-12-11 16:53:07 - [TEST_STEP][PASSED] - click: Object: 'Object Repository/Final Object Repo/Page_Update Add New Employee - ASSIST/Add Employee Button' is clicked on

2018-12-11 16:53:07 - [MESSAGE][PASSED] - Object: 'Object Repository/Final Object Repo/Page_Update Add New Employee - ASSIST/Add Employee Button' is clicked on

2018-12-11 16:53:07 - [TEST_STEP][PASSED] - delay: Delayed 4 second(s)

2018-12-11 16:53:11 - [MESSAGE][PASSED] - Delayed 4 second(s)

2018-12-11 16:53:11 - [TEST_STEP][PASSED] - setText: Text '000209039100' is set on object 'Object Repository/Final Object Repo/Page_Update Add New Employee - ASSIST/NRIC Input'

2018-12-11 16:53:11 - [MESSAGE][PASSED] - Text '000209039100' is set on object 'Object Repository/Final Object Repo/Page_Update Add New Employee - ASSIST/NRIC Input'

2018-12-11 16:53:11 - [TEST_STEP][PASSED] - click: Object: 'Object Repository/Final Object Repo/Page_Update Add New Employee - ASSIST/button for search for IC' is clicked on

2018-12-11 16:53:11 - [MESSAGE][PASSED] - Object: 'Object Repository/Final Object Repo/Page_Update Add New Employee - ASSIST/button for search for IC' is clicked on

2018-12-11 16:53:11 - [TEST_STEP][PASSED] - delay: Delayed 2 second(s)

2018-12-11 16:53:13 - [MESSAGE][PASSED] - Delayed 2 second(s)

2018-12-11 16:53:13 - [TEST_STEP][PASSED] - setText: Text 'Automate003 not eligible 1' is set on object 'Object Repository/Final Object Repo/Page_Update Add New Employee - ASSIST/Employee Name Input'

2018-12-11 16:53:14 - [MESSAGE][PASSED] - Text 'Automate003 not eligible 1' is set on object 'Object Repository/Final Object Repo/Page_Update Add New Employee - ASSIST/Employee Name Input'

2018-12-11 16:53:14 - [TEST_STEP][PASSED] - delay: Delayed 2 second(s)

2018-12-11 16:53:16 - [MESSAGE][PASSED] - Delayed 2 second(s)

2018-12-11 16:53:16 - [TEST_STEP][PASSED] - click: Object: 'Object Repository/Final Object Repo/Page_Update Add New Employee - ASSIST/DatePicker Pop Up' is clicked on

2018-12-11 16:53:16 - [MESSAGE][PASSED] - Object: 'Object Repository/Final Object Repo/Page_Update Add New Employee - ASSIST/DatePicker Pop Up' is clicked on

2018-12-11 16:53:16 - [TEST_STEP][PASSED] - delay: Delayed 2 second(s)

2018-12-11 16:53:18 - [MESSAGE][PASSED] - Delayed 2 second(s)

2018-12-11 16:53:18 - [TEST_STEP][PASSED] - click: Object: 'Object Repository/Final Object Repo/Page_Update Add New Employee - ASSIST/DOB Month' is clicked on

2018-12-11 16:53:18 - [MESSAGE][PASSED] - Object: 'Object Repository/Final Object Repo/Page_Update Add New Employee - ASSIST/DOB Month' is clicked on

2018-12-11 16:53:18 - [TEST_STEP][PASSED] - Statement - selectMonth = com.kms.katalon.core.webui.keyword.WebUiBuiltInKeywords.modifyObjectProperty(selectMonth, "xpath", "equals", "//body/div/div/div/select/option[@value="" + CurrentMonth + ""]", true): Modify property of object successfully

2018-12-11 16:53:18 - [MESSAGE][PASSED] - Modify property of object successfully

2018-12-11 16:53:18 - [TEST_STEP][PASSED] - click: Object: '' is clicked on

2018-12-11 16:53:19 - [MESSAGE][PASSED] - Object: '' is clicked on

2018-12-11 16:53:19 - [TEST_STEP][PASSED] - click: Object: 'Object Repository/Final Object Repo/Page_Update Add New Employee - ASSIST/DOB Year' is clicked on

2018-12-11 16:53:19 - [MESSAGE][PASSED] - Object: 'Object Repository/Final Object Repo/Page_Update Add New Employee - ASSIST/DOB Year' is clicked on

2018-12-11 16:53:19 - [TEST_STEP][PASSED] - Statement - selectYear = com.kms.katalon.core.webui.keyword.WebUiBuiltInKeywords.modifyObjectProperty(selectYear, "xpath", "equals", "//div/div/div/select/option[@value="" + EighteenYrsBefore + ""]", true): Modify property of object successfully

2018-12-11 16:53:19 - [MESSAGE][PASSED] - Modify property of object successfully

2018-12-11 16:53:19 - [TEST_STEP][PASSED] - click: Object: '' is clicked on

2018-12-11 16:53:19 - [MESSAGE][PASSED] - Object: '' is clicked on

2018-12-11 16:53:19 - [TEST_STEP][PASSED] - Statement - UpdatedSelectDate = com.kms.katalon.core.webui.keyword.WebUiBuiltInKeywords.modifyObjectProperty(com.kms.katalon.core.testobject.ObjectRepository.findTestObject(Final Object Repo/Page_Update Add New Employee - ASSIST/DOB Date), "xpath", "equals", "//body/div/table/tbody/tr/td/a[text()="" + OneDayBefore + ""]", true): Modify property of object successfully

2018-12-11 16:53:19 - [MESSAGE][PASSED] - Modify property of object successfully

2018-12-11 16:53:19 - [TEST_STEP][PASSED] - click: Object: 'Object Repository/Final Object Repo/Page_Update Add New Employee - ASSIST/DOB Date' is clicked on

2018-12-11 16:53:19 - [MESSAGE][PASSED] - Object: 'Object Repository/Final Object Repo/Page_Update Add New Employee - ASSIST/DOB Date' is clicked on

2018-12-11 16:53:19 - [TEST_STEP][PASSED] - delay: Delayed 2 second(s)

2018-12-11 16:53:21 - [MESSAGE][PASSED] - Delayed 2 second(s)

2018-12-11 16:53:21 - [TEST_STEP][PASSED] - click: Object: 'Object Repository/Final Object Repo/Page_Update Add New Employee - ASSIST/EmploymentStartDate Pop Up' is clicked on

2018-12-11 16:53:21 - [MESSAGE][PASSED] - Object: 'Object Repository/Final Object Repo/Page_Update Add New Employee - ASSIST/EmploymentStartDate Pop Up' is clicked on

2018-12-11 16:53:21 - [TEST_STEP][PASSED] - delay: Delayed 2 second(s)

2018-12-11 16:53:23 - [MESSAGE][PASSED] - Delayed 2 second(s)

2018-12-11 16:53:23 - [TEST_STEP][PASSED] - click: Object: 'Object Repository/Final Object Repo/Page_Update Add New Employee - ASSIST/Socso Employment StartDate Month' is clicked on

2018-12-11 16:53:23 - [MESSAGE][PASSED] - Object: 'Object Repository/Final Object Repo/Page_Update Add New Employee - ASSIST/Socso Employment StartDate Month' is clicked on

2018-12-11 16:53:23 - [TEST_STEP][PASSED] - delay: Delayed 1 second(s)

2018-12-11 16:53:24 - [MESSAGE][PASSED] - Delayed 1 second(s)

2018-12-11 16:53:24 - [TEST_STEP][PASSED] - click: Object: 'Object Repository/Final Object Repo/Page_Update Add New Employee - ASSIST/Select Socso Employement Startdate Month' is clicked on

2018-12-11 16:53:25 - [MESSAGE][PASSED] - Object: 'Object Repository/Final Object Repo/Page_Update Add New Employee - ASSIST/Select Socso Employement Startdate Month' is clicked on

2018-12-11 16:53:25 - [TEST_STEP][PASSED] - delay: Delayed 2 second(s)

2018-12-11 16:53:27 - [MESSAGE][PASSED] - Delayed 2 second(s)

2018-12-11 16:53:27 - [TEST_STEP][PASSED] - click: Object: 'Object Repository/Final Object Repo/Page_Update Add New Employee - ASSIST/Socso Employment StartDate Year' is clicked on

2018-12-11 16:53:27 - [MESSAGE][PASSED] - Object: 'Object Repository/Final Object Repo/Page_Update Add New Employee - ASSIST/Socso Employment StartDate Year' is clicked on

2018-12-11 16:53:27 - [TEST_STEP][PASSED] - delay: Delayed 1 second(s)

2018-12-11 16:53:28 - [MESSAGE][PASSED] - Delayed 1 second(s)

2018-12-11 16:53:28 - [TEST_STEP][PASSED] - click: Object: 'Object Repository/Final Object Repo/Page_Update Add New Employee - ASSIST/Select Socso Employment Startdate Year' is clicked on

2018-12-11 16:53:28 - [MESSAGE][PASSED] - Object: 'Object Repository/Final Object Repo/Page_Update Add New Employee - ASSIST/Select Socso Employment Startdate Year' is clicked on

2018-12-11 16:53:28 - [TEST_STEP][PASSED] - delay: Delayed 2 second(s)

2018-12-11 16:53:30 - [MESSAGE][PASSED] - Delayed 2 second(s)

2018-12-11 16:53:30 - [TEST_STEP][PASSED] - click: Object: 'Object Repository/Final Object Repo/Page_Update Add New Employee - ASSIST/Socso Employment Start Date Day' is clicked on

2018-12-11 16:53:30 - [MESSAGE][PASSED] - Object: 'Object Repository/Final Object Repo/Page_Update Add New Employee - ASSIST/Socso Employment Start Date Day' is clicked on

2018-12-11 16:53:30 - [TEST_STEP][PASSED] - delay: Delayed 2 second(s)

2018-12-11 16:53:32 - [MESSAGE][PASSED] - Delayed 2 second(s)

2018-12-11 16:53:32 - [TEST_STEP][PASSED] - click: Object: 'Object Repository/Final Object Repo/Page_Update Add New Employee - ASSIST/Save Button for Add Employee' is clicked on

2018-12-11 16:53:32 - [MESSAGE][PASSED] - Object: 'Object Repository/Final Object Repo/Page_Update Add New Employee - ASSIST/Save Button for Add Employee' is clicked on

2018-12-11 16:53:32 - [TEST_STEP][PASSED] - delay: Delayed 20 second(s)

2018-12-11 16:53:52 - [MESSAGE][PASSED] - Delayed 20 second(s)

2018-12-11 16:53:52 - [TEST_STEP][PASSED] - click: Object: 'Object Repository/Final Object Repo/Page_Update Add New Employee - ASSIST/Add Employee Button' is clicked on

2018-12-11 16:53:52 - [MESSAGE][PASSED] - Object: 'Object Repository/Final Object Repo/Page_Update Add New Employee - ASSIST/Add Employee Button' is clicked on

2018-12-11 16:53:52 - [TEST_STEP][PASSED] - delay: Delayed 4 second(s)

2018-12-11 16:53:56 - [MESSAGE][PASSED] - Delayed 4 second(s)

2018-12-11 16:53:56 - [TEST_STEP][PASSED] - setText: Text '600203039104' is set on object 'Object Repository/Final Object Repo/Page_Update Add New Employee - ASSIST/NRIC Input'

2018-12-11 16:53:57 - [MESSAGE][PASSED] - Text '600203039104' is set on object 'Object Repository/Final Object Repo/Page_Update Add New Employee - ASSIST/NRIC Input'

2018-12-11 16:53:57 - [TEST_STEP][PASSED] - click: Object: 'Object Repository/Final Object Repo/Page_Update Add New Employee - ASSIST/button for search for IC' is clicked on

2018-12-11 16:53:57 - [MESSAGE][PASSED] - Object: 'Object Repository/Final Object Repo/Page_Update Add New Employee - ASSIST/button for search for IC' is clicked on

2018-12-11 16:53:57 - [TEST_STEP][PASSED] - delay: Delayed 2 second(s)

2018-12-11 16:53:59 - [MESSAGE][PASSED] - Delayed 2 second(s)

2018-12-11 16:53:59 - [TEST_STEP][PASSED] - setText: Text 'Automate003 not eligible 2' is set on object 'Object Repository/Final Object Repo/Page_Update Add New Employee - ASSIST/Employee Name Input'

2018-12-11 16:54:00 - [MESSAGE][PASSED] - Text 'Automate003 not eligible 2' is set on object 'Object Repository/Final Object Repo/Page_Update Add New Employee - ASSIST/Employee Name Input'

2018-12-11 16:54:00 - [TEST_STEP][PASSED] - delay: Delayed 2 second(s)

2018-12-11 16:54:02 - [MESSAGE][PASSED] - Delayed 2 second(s)

2018-12-11 16:54:02 - [TEST_STEP][PASSED] - click: Object: 'Object Repository/Final Object Repo/Page_Update Add New Employee - ASSIST/DatePicker Pop Up' is clicked on

2018-12-11 16:54:02 - [MESSAGE][PASSED] - Object: 'Object Repository/Final Object Repo/Page_Update Add New Employee - ASSIST/DatePicker Pop Up' is clicked on

2018-12-11 16:54:02 - [TEST_STEP][PASSED] - delay: Delayed 2 second(s)

2018-12-11 16:54:04 - [MESSAGE][PASSED] - Delayed 2 second(s)

2018-12-11 16:54:04 - [TEST_STEP][PASSED] - click: Object: 'Object Repository/Final Object Repo/Page_Update Add New Employee - ASSIST/DOB Month' is clicked on

2018-12-11 16:54:04 - [MESSAGE][PASSED] - Object: 'Object Repository/Final Object Repo/Page_Update Add New Employee - ASSIST/DOB Month' is clicked on

2018-12-11 16:54:04 - [TEST_STEP][PASSED] - Statement - selectMonth = com.kms.katalon.core.webui.keyword.WebUiBuiltInKeywords.modifyObjectProperty(selectMonth, "xpath", "equals", "//body/div/div/div/select/option[@value="" + CurrentMonth + ""]", true): Modify property of object successfully

2018-12-11 16:54:04 - [MESSAGE][PASSED] - Modify property of object successfully

2018-12-11 16:54:04 - [TEST_STEP][PASSED] - click: Object: '' is clicked on

2018-12-11 16:54:04 - [MESSAGE][PASSED] - Object: '' is clicked on

2018-12-11 16:54:04 - [TEST_STEP][PASSED] - click: Object: 'Object Repository/Final Object Repo/Page_Update Add New Employee - ASSIST/DOB Year' is clicked on

2018-12-11 16:54:04 - [MESSAGE][PASSED] - Object: 'Object Repository/Final Object Repo/Page_Update Add New Employee - ASSIST/DOB Year' is clicked on

2018-12-11 16:54:04 - [TEST_STEP][PASSED] - Statement - selectYear = com.kms.katalon.core.webui.keyword.WebUiBuiltInKeywords.modifyObjectProperty(selectYear, "xpath", "equals", "//div/div/div/select/option[@value="" + FiftysevenYrsBefore + ""]", true): Modify property of object successfully

2018-12-11 16:54:04 - [MESSAGE][PASSED] - Modify property of object successfully

2018-12-11 16:54:04 - [TEST_STEP][PASSED] - click: Object: '' is clicked on

2018-12-11 16:54:05 - [MESSAGE][PASSED] - Object: '' is clicked on

2018-12-11 16:54:05 - [TEST_STEP][PASSED] - Statement - UpdatedSelectDate = com.kms.katalon.core.webui.keyword.WebUiBuiltInKeywords.modifyObjectProperty(com.kms.katalon.core.testobject.ObjectRepository.findTestObject(Final Object Repo/Page_Update Add New Employee - ASSIST/DOB Date), "xpath", "equals", "//body/div/table/tbody/tr/td/a[text()="" + CurrentDate + ""]", true): Modify property of object successfully

2018-12-11 16:54:05 - [MESSAGE][PASSED] - Modify property of object successfully

2018-12-11 16:54:05 - [TEST_STEP][PASSED] - click: Object: 'Object Repository/Final Object Repo/Page_Update Add New Employee - ASSIST/DOB Date' is clicked on

2018-12-11 16:54:05 - [MESSAGE][PASSED] - Object: 'Object Repository/Final Object Repo/Page_Update Add New Employee - ASSIST/DOB Date' is clicked on

2018-12-11 16:54:05 - [TEST_STEP][PASSED] - click: Object: 'Object Repository/Final Object Repo/Page_Update Add New Employee - ASSIST/EmploymentStartDate Pop Up' is clicked on

2018-12-11 16:54:05 - [MESSAGE][PASSED] - Object: 'Object Repository/Final Object Repo/Page_Update Add New Employee - ASSIST/EmploymentStartDate Pop Up' is clicked on

2018-12-11 16:54:05 - [TEST_STEP][PASSED] - delay: Delayed 2 second(s)

2018-12-11 16:54:07 - [MESSAGE][PASSED] - Delayed 2 second(s)

2018-12-11 16:54:07 - [TEST_STEP][PASSED] - click: Object: 'Object Repository/Final Object Repo/Page_Update Add New Employee - ASSIST/Socso Employment StartDate Month' is clicked on

2018-12-11 16:54:07 - [MESSAGE][PASSED] - Object: 'Object Repository/Final Object Repo/Page_Update Add New Employee - ASSIST/Socso Employment StartDate Month' is clicked on

2018-12-11 16:54:07 - [TEST_STEP][PASSED] - delay: Delayed 1 second(s)

2018-12-11 16:54:08 - [MESSAGE][PASSED] - Delayed 1 second(s)

2018-12-11 16:54:08 - [TEST_STEP][PASSED] - click: Object: 'Object Repository/Final Object Repo/Page_Update Add New Employee - ASSIST/Select Socso Employement Startdate Month' is clicked on

2018-12-11 16:54:08 - [MESSAGE][PASSED] - Object: 'Object Repository/Final Object Repo/Page_Update Add New Employee - ASSIST/Select Socso Employement Startdate Month' is clicked on

2018-12-11 16:54:08 - [TEST_STEP][PASSED] - delay: Delayed 2 second(s)

2018-12-11 16:54:10 - [MESSAGE][PASSED] - Delayed 2 second(s)

2018-12-11 16:54:10 - [TEST_STEP][PASSED] - click: Object: 'Object Repository/Final Object Repo/Page_Update Add New Employee - ASSIST/Socso Employment StartDate Year' is clicked on

2018-12-11 16:54:10 - [MESSAGE][PASSED] - Object: 'Object Repository/Final Object Repo/Page_Update Add New Employee - ASSIST/Socso Employment StartDate Year' is clicked on

2018-12-11 16:54:10 - [TEST_STEP][PASSED] - delay: Delayed 1 second(s)

2018-12-11 16:54:11 - [MESSAGE][PASSED] - Delayed 1 second(s)

2018-12-11 16:54:11 - [TEST_STEP][PASSED] - click: Object: 'Object Repository/Final Object Repo/Page_Update Add New Employee - ASSIST/Select Socso Employment Startdate Year' is clicked on

2018-12-11 16:54:12 - [MESSAGE][PASSED] - Object: 'Object Repository/Final Object Repo/Page_Update Add New Employee - ASSIST/Select Socso Employment Startdate Year' is clicked on

2018-12-11 16:54:12 - [TEST_STEP][PASSED] - delay: Delayed 2 second(s)

2018-12-11 16:54:14 - [MESSAGE][PASSED] - Delayed 2 second(s)

2018-12-11 16:54:14 - [TEST_STEP][PASSED] - click: Object: 'Object Repository/Final Object Repo/Page_Update Add New Employee - ASSIST/Socso Employment Start Date Day' is clicked on

2018-12-11 16:54:14 - [MESSAGE][PASSED] - Object: 'Object Repository/Final Object Repo/Page_Update Add New Employee - ASSIST/Socso Employment Start Date Day' is clicked on

2018-12-11 16:54:14 - [TEST_STEP][PASSED] - delay: Delayed 2 second(s)

2018-12-11 16:54:16 - [MESSAGE][PASSED] - Delayed 2 second(s)

2018-12-11 16:54:16 - [TEST_STEP][PASSED] - click: Object: 'Object Repository/Final Object Repo/Page_Update Add New Employee - ASSIST/Save Button for Add Employee' is clicked on

2018-12-11 16:54:16 - [MESSAGE][PASSED] - Object: 'Object Repository/Final Object Repo/Page_Update Add New Employee - ASSIST/Save Button for Add Employee' is clicked on

2018-12-11 16:54:16 - [MESSAGE][PASSED] - Call Test Case 'Test Cases/Final Aug 2018 - PKS Automation/Registration Module/Workflow/Update Add New Employee/Template/Employee Adding/Employee Adding Action Repeat IC - set 1' successfully

2018-12-11 16:54:16 - [MESSAGE][PASSED] - Call Test Case 'Test Cases/Final Aug 2018 - PKS Automation/Registration Module/Workflow/Update Add New Employee/Template/Employee Adding/Employee Set Decider' successfully

2018-12-11 16:54:16 - [TEST_STEP][PASSED] - delay: Delayed 4 second(s)

2018-12-11 16:54:20 - [MESSAGE][PASSED] - Delayed 4 second(s)

2018-12-11 16:54:20 - [TEST_STEP][PASSED] - Statement - CaseReferenceNo = com.kms.katalon.core.webui.keyword.WebUiBuiltInKeywords.getText(com.kms.katalon.core.testobject.ObjectRepository.findTestObject(Final Object Repo/Page_Update Add New Employee - ASSIST/RefNo)): Text of object 'Object Repository/Final Object Repo/Page_Update Add New Employee - ASSIST/RefNo' is: 'CAN12201800002305'

2018-12-11 16:54:20 - [MESSAGE][PASSED] - Text of object 'Object Repository/Final Object Repo/Page_Update Add New Employee - ASSIST/RefNo' is: 'CAN12201800002305'

2018-12-11 16:54:20 - [TEST_STEP][PASSED] - callTestCase: Call Test Case 'Test Cases/Final Aug 2018 - PKS Automation/Common/Reference Number Setter' successfully

2018-12-11 16:54:20 - [TEST_CASE][PASSED] - Test Cases/Final Aug 2018 - PKS Automation/Common/Reference Number Setter: Test Cases/Final Aug 2018 - PKS Automation/Common/Reference Number Setter

2018-12-11 16:54:20 - [TEST_STEP][PASSED] - Statement - RefNoOldFile = new java.io.File(C://Users//Admin//Desktop//PKS//Automation Reference Point//KatalonReference.txt): null

2018-12-11 16:54:20 - [TEST_STEP][PASSED] - Statement - RefNoOldFile.delete(): null

2018-12-11 16:54:20 - [TEST_STEP][PASSED] - delay: Delayed 5 second(s)

2018-12-11 16:54:25 - [MESSAGE][PASSED] - Delayed 5 second(s)

2018-12-11 16:54:25 - [TEST_STEP][PASSED] - Statement - RefNo = new java.io.File(C://Users//Admin//Desktop//PKS//Automation Reference Point//KatalonReference.txt): null

2018-12-11 16:54:25 - [TEST_STEP][PASSED] - Statement - f2 = new java.io.FileWriter(RefNo, false): null

2018-12-11 16:54:25 - [TEST_STEP][PASSED] - Statement - f2.write(CaseReferenceNo): null

2018-12-11 16:54:25 - [TEST_STEP][PASSED] - Statement - f2.close(): null

2018-12-11 16:54:25 - [TEST_STEP][PASSED] - Statement - out.println("


" + CaseReferenceNo + "


"): null

2018-12-11 16:54:25 - [MESSAGE][PASSED] - Call Test Case 'Test Cases/Final Aug 2018 - PKS Automation/Common/Reference Number Setter' successfully

2018-12-11 16:54:25 - [TEST_STEP][PASSED] - delay: Delayed 5 second(s)

2018-12-11 16:54:30 - [MESSAGE][PASSED] - Delayed 5 second(s)

2018-12-11 16:54:30 - [TEST_STEP][PASSED] - click: Object: 'Object Repository/Final Object Repo/Page_Update Add New Employee - ASSIST/Incomplete Checkbox' is clicked on

2018-12-11 16:54:30 - [MESSAGE][PASSED] - Object: 'Object Repository/Final Object Repo/Page_Update Add New Employee - ASSIST/Incomplete Checkbox' is clicked on

2018-12-11 16:54:30 - [TEST_STEP][PASSED] - delay: Delayed 2 second(s)

2018-12-11 16:54:32 - [MESSAGE][PASSED] - Delayed 2 second(s)

2018-12-11 16:54:32 - [TEST_STEP][PASSED] - click: Object: 'Object Repository/Final Object Repo/Page_Update Add New Employee - ASSIST/Save  Continue Button' is clicked on

2018-12-11 16:54:33 - [MESSAGE][PASSED] - Object: 'Object Repository/Final Object Repo/Page_Update Add New Employee - ASSIST/Save  Continue Button' is clicked on

2018-12-11 16:54:33 - [TEST_STEP][PASSED] - delay: Delayed 4 second(s)

2018-12-11 16:54:37 - [MESSAGE][PASSED] - Delayed 4 second(s)

2018-12-11 16:54:37 - [TEST_STEP][PASSED] - click: Object: 'Object Repository/Final Object Repo/Page_Update Add New Employee - ASSIST/Save  Continue Third Screen' is clicked on

2018-12-11 16:54:40 - [MESSAGE][PASSED] - Object: 'Object Repository/Final Object Repo/Page_Update Add New Employee - ASSIST/Save  Continue Third Screen' is clicked on

2018-12-11 16:54:40 - [TEST_STEP][PASSED] - delay: Delayed 4 second(s)

2018-12-11 16:54:44 - [MESSAGE][PASSED] - Delayed 4 second(s)

2018-12-11 16:54:44 - [TEST_STEP][PASSED] - click: Object: 'Object Repository/Final Object Repo/Page_Update Add New Employee - ASSIST/Save   Continue Supporting Doc Page' is clicked on

2018-12-11 16:54:44 - [MESSAGE][PASSED] - Object: 'Object Repository/Final Object Repo/Page_Update Add New Employee - ASSIST/Save   Continue Supporting Doc Page' is clicked on

2018-12-11 16:54:44 - [TEST_STEP][PASSED] - delay: Delayed 4 second(s)

2018-12-11 16:54:48 - [MESSAGE][PASSED] - Delayed 4 second(s)

2018-12-11 16:54:48 - [TEST_STEP][PASSED] - click: Object: 'Object Repository/Final Object Repo/Page_Update Add New Employee - ASSIST/Submit Button' is clicked on

2018-12-11 16:54:48 - [MESSAGE][PASSED] - Object: 'Object Repository/Final Object Repo/Page_Update Add New Employee - ASSIST/Submit Button' is clicked on

2018-12-11 16:54:48 - [TEST_STEP][PASSED] - delay: Delayed 4 second(s)

2018-12-11 16:54:52 - [MESSAGE][PASSED] - Delayed 4 second(s)

2018-12-11 16:54:52 - [TEST_STEP][PASSED] - click: Object: 'Object Repository/Final Object Repo/Page_Update Add New Employee - ASSIST/Confirm Submit Button' is clicked on

2018-12-11 16:54:52 - [MESSAGE][PASSED] - Object: 'Object Repository/Final Object Repo/Page_Update Add New Employee - ASSIST/Confirm Submit Button' is clicked on

2018-12-11 16:54:52 - [TEST_STEP][PASSED] - delay: Delayed 20 second(s)

2018-12-11 16:55:12 - [MESSAGE][PASSED] - Delayed 20 second(s)

2018-12-11 16:55:12 - [TEST_STEP][PASSED] - callTestCase: Call Test Case 'Test Cases/Final Aug 2018 - PKS Automation/Common/Screenshoting tool' successfully

2018-12-11 16:55:12 - [TEST_CASE][PASSED] - Test Cases/Final Aug 2018 - PKS Automation/Common/Screenshoting tool: Test Cases/Final Aug 2018 - PKS Automation/Common/Screenshoting tool

2018-12-11 16:55:12 - [TEST_STEP][PASSED] - delay: Delayed 15 second(s)

2018-12-11 16:55:27 - [MESSAGE][PASSED] - Delayed 15 second(s)

2018-12-11 16:55:27 - [TEST_STEP][PASSED] - Statement - driver = com.kms.katalon.core.webui.driver.DriverFactory.getWebDriver(): null

2018-12-11 16:55:27 - [TEST_STEP][PASSED] - Statement - driver.manage().timeouts().implicitlyWait(10, SECONDS): null

2018-12-11 16:55:27 - [TEST_STEP][PASSED] - Statement - PresavePath = KatalonScreenshots: null

2018-12-11 16:55:27 - [TEST_STEP][PASSED] - Statement - pathPrefix = "C:\Users\Public\Pictures\Sample Pictures\Katalon Screenshots\Automate Ending Screen": null

2018-12-11 16:55:27 - [TEST_STEP][PASSED] - Statement - finalPath = <not implemented yet for class: org.codehaus.groovy.ast.expr.EmptyExpression>: null

2018-12-11 16:55:27 - [TEST_STEP][PASSED] - Statement - scrFile = driver.getScreenshotAs(FILE): null

2018-12-11 16:55:28 - [TEST_STEP][PASSED] - Statement - PreSaveFile = new java.io.File(PresavePath): null

2018-12-11 16:55:28 - [TEST_STEP][PASSED] - Statement - counter = 0: null

2018-12-11 16:55:28 - [TEST_STEP][PASSED] - Statement - If (PreSaveFile.exists()): null

2018-12-11 16:55:28 - [TEST_STEP][PASSED] - Statement - While (PreSaveFile.exists()): null

2018-12-11 16:55:28 - [TEST_STEP][PASSED] - Statement - counter = counter + 1: null

2018-12-11 16:55:28 - [TEST_STEP][PASSED] - Statement - PreSaveFile = new java.io.File(((pathPrefix + java.lang.Integer.toString(counter)) + .png)): null

2018-12-11 16:55:28 - [TEST_STEP][PASSED] - Statement - counter = counter + 1: null

2018-12-11 16:55:28 - [TEST_STEP][PASSED] - Statement - PreSaveFile = new java.io.File(((pathPrefix + java.lang.Integer.toString(counter)) + .png)): null

2018-12-11 16:55:28 - [TEST_STEP][PASSED] - Statement - counter = counter + 1: null

2018-12-11 16:55:28 - [TEST_STEP][PASSED] - Statement - PreSaveFile = new java.io.File(((pathPrefix + java.lang.Integer.toString(counter)) + .png)): null

2018-12-11 16:55:28 - [TEST_STEP][PASSED] - Statement - counter = counter + 1: null

2018-12-11 16:55:28 - [TEST_STEP][PASSED] - Statement - PreSaveFile = new java.io.File(((pathPrefix + java.lang.Integer.toString(counter)) + .png)): null

2018-12-11 16:55:28 - [TEST_STEP][PASSED] - Statement - counter = counter + 1: null

2018-12-11 16:55:28 - [TEST_STEP][PASSED] - Statement - PreSaveFile = new java.io.File(((pathPrefix + java.lang.Integer.toString(counter)) + .png)): null

2018-12-11 16:55:28 - [TEST_STEP][PASSED] - Statement - counter = counter + 1: null

2018-12-11 16:55:28 - [TEST_STEP][PASSED] - Statement - PreSaveFile = new java.io.File(((pathPrefix + java.lang.Integer.toString(counter)) + .png)): null

2018-12-11 16:55:28 - [TEST_STEP][PASSED] - Statement - counter = counter + 1: null

2018-12-11 16:55:28 - [TEST_STEP][PASSED] - Statement - PreSaveFile = new java.io.File(((pathPrefix + java.lang.Integer.toString(counter)) + .png)): null

2018-12-11 16:55:28 - [TEST_STEP][PASSED] - Statement - counter = counter + 1: null

2018-12-11 16:55:28 - [TEST_STEP][PASSED] - Statement - PreSaveFile = new java.io.File(((pathPrefix + java.lang.Integer.toString(counter)) + .png)): null

2018-12-11 16:55:28 - [TEST_STEP][PASSED] - Statement - counter = counter + 1: null

2018-12-11 16:55:28 - [TEST_STEP][PASSED] - Statement - PreSaveFile = new java.io.File(((pathPrefix + java.lang.Integer.toString(counter)) + .png)): null

2018-12-11 16:55:28 - [TEST_STEP][PASSED] - Statement - counter = counter + 1: null

2018-12-11 16:55:28 - [TEST_STEP][PASSED] - Statement - PreSaveFile = new java.io.File(((pathPrefix + java.lang.Integer.toString(counter)) + .png)): null

2018-12-11 16:55:28 - [TEST_STEP][PASSED] - Statement - counter = counter + 1: null

2018-12-11 16:55:28 - [TEST_STEP][PASSED] - Statement - PreSaveFile = new java.io.File(((pathPrefix + java.lang.Integer.toString(counter)) + .png)): null

2018-12-11 16:55:28 - [TEST_STEP][PASSED] - Statement - counter = counter + 1: null

2018-12-11 16:55:28 - [TEST_STEP][PASSED] - Statement - PreSaveFile = new java.io.File(((pathPrefix + java.lang.Integer.toString(counter)) + .png)): null

2018-12-11 16:55:28 - [TEST_STEP][PASSED] - Statement - counter = counter + 1: null

2018-12-11 16:55:28 - [TEST_STEP][PASSED] - Statement - PreSaveFile = new java.io.File(((pathPrefix + java.lang.Integer.toString(counter)) + .png)): null

2018-12-11 16:55:28 - [TEST_STEP][PASSED] - Statement - counter = counter + 1: null

2018-12-11 16:55:28 - [TEST_STEP][PASSED] - Statement - PreSaveFile = new java.io.File(((pathPrefix + java.lang.Integer.toString(counter)) + .png)): null

2018-12-11 16:55:28 - [TEST_STEP][PASSED] - Statement - counter = counter + 1: null

2018-12-11 16:55:28 - [TEST_STEP][PASSED] - Statement - PreSaveFile = new java.io.File(((pathPrefix + java.lang.Integer.toString(counter)) + .png)): null

2018-12-11 16:55:28 - [TEST_STEP][PASSED] - Statement - counter = counter + 1: null

2018-12-11 16:55:28 - [TEST_STEP][PASSED] - Statement - PreSaveFile = new java.io.File(((pathPrefix + java.lang.Integer.toString(counter)) + .png)): null

2018-12-11 16:55:28 - [TEST_STEP][PASSED] - Statement - counter = counter + 1: null

2018-12-11 16:55:28 - [TEST_STEP][PASSED] - Statement - PreSaveFile = new java.io.File(((pathPrefix + java.lang.Integer.toString(counter)) + .png)): null

2018-12-11 16:55:28 - [TEST_STEP][PASSED] - Statement - counter = counter + 1: null

2018-12-11 16:55:28 - [TEST_STEP][PASSED] - Statement - PreSaveFile = new java.io.File(((pathPrefix + java.lang.Integer.toString(counter)) + .png)): null

2018-12-11 16:55:28 - [TEST_STEP][PASSED] - Statement - counter = counter + 1: null

2018-12-11 16:55:28 - [TEST_STEP][PASSED] - Statement - PreSaveFile = new java.io.File(((pathPrefix + java.lang.Integer.toString(counter)) + .png)): null

2018-12-11 16:55:28 - [TEST_STEP][PASSED] - Statement - counter = counter + 1: null

2018-12-11 16:55:28 - [TEST_STEP][PASSED] - Statement - PreSaveFile = new java.io.File(((pathPrefix + java.lang.Integer.toString(counter)) + .png)): null

2018-12-11 16:55:28 - [TEST_STEP][PASSED] - Statement - counter = counter + 1: null

2018-12-11 16:55:28 - [TEST_STEP][PASSED] - Statement - PreSaveFile = new java.io.File(((pathPrefix + java.lang.Integer.toString(counter)) + .png)): null

2018-12-11 16:55:28 - [TEST_STEP][PASSED] - Statement - counter = counter + 1: null

2018-12-11 16:55:28 - [TEST_STEP][PASSED] - Statement - PreSaveFile = new java.io.File(((pathPrefix + java.lang.Integer.toString(counter)) + .png)): null

2018-12-11 16:55:28 - [TEST_STEP][PASSED] - Statement - counter = counter + 1: null

2018-12-11 16:55:28 - [TEST_STEP][PASSED] - Statement - PreSaveFile = new java.io.File(((pathPrefix + java.lang.Integer.toString(counter)) + .png)): null

2018-12-11 16:55:28 - [TEST_STEP][PASSED] - Statement - counter = counter + 1: null

2018-12-11 16:55:28 - [TEST_STEP][PASSED] - Statement - PreSaveFile = new java.io.File(((pathPrefix + java.lang.Integer.toString(counter)) + .png)): null

2018-12-11 16:55:28 - [TEST_STEP][PASSED] - Statement - counter = counter + 1: null

2018-12-11 16:55:28 - [TEST_STEP][PASSED] - Statement - PreSaveFile = new java.io.File(((pathPrefix + java.lang.Integer.toString(counter)) + .png)): null

2018-12-11 16:55:28 - [TEST_STEP][PASSED] - Statement - counter = counter + 1: null

2018-12-11 16:55:28 - [TEST_STEP][PASSED] - Statement - PreSaveFile = new java.io.File(((pathPrefix + java.lang.Integer.toString(counter)) + .png)): null

2018-12-11 16:55:28 - [TEST_STEP][PASSED] - Statement - counter = counter + 1: null

2018-12-11 16:55:28 - [TEST_STEP][PASSED] - Statement - PreSaveFile = new java.io.File(((pathPrefix + java.lang.Integer.toString(counter)) + .png)): null

2018-12-11 16:55:28 - [TEST_STEP][PASSED] - Statement - counter = counter + 1: null

2018-12-11 16:55:28 - [TEST_STEP][PASSED] - Statement - PreSaveFile = new java.io.File(((pathPrefix + java.lang.Integer.toString(counter)) + .png)): null

2018-12-11 16:55:28 - [TEST_STEP][PASSED] - Statement - counter = counter + 1: null

2018-12-11 16:55:28 - [TEST_STEP][PASSED] - Statement - PreSaveFile = new java.io.File(((pathPrefix + java.lang.Integer.toString(counter)) + .png)): null

2018-12-11 16:55:28 - [TEST_STEP][PASSED] - Statement - counter = counter + 1: null

2018-12-11 16:55:28 - [TEST_STEP][PASSED] - Statement - PreSaveFile = new java.io.File(((pathPrefix + java.lang.Integer.toString(counter)) + .png)): null

2018-12-11 16:55:28 - [TEST_STEP][PASSED] - Statement - counter = counter + 1: null

2018-12-11 16:55:28 - [TEST_STEP][PASSED] - Statement - PreSaveFile = new java.io.File(((pathPrefix + java.lang.Integer.toString(counter)) + .png)): null

2018-12-11 16:55:28 - [TEST_STEP][PASSED] - Statement - counter = counter + 1: null

2018-12-11 16:55:28 - [TEST_STEP][PASSED] - Statement - PreSaveFile = new java.io.File(((pathPrefix + java.lang.Integer.toString(counter)) + .png)): null

2018-12-11 16:55:28 - [TEST_STEP][PASSED] - Statement - counter = counter + 1: null

2018-12-11 16:55:28 - [TEST_STEP][PASSED] - Statement - PreSaveFile = new java.io.File(((pathPrefix + java.lang.Integer.toString(counter)) + .png)): null

2018-12-11 16:55:28 - [TEST_STEP][PASSED] - Statement - counter = counter + 1: null

2018-12-11 16:55:28 - [TEST_STEP][PASSED] - Statement - PreSaveFile = new java.io.File(((pathPrefix + java.lang.Integer.toString(counter)) + .png)): null

2018-12-11 16:55:28 - [TEST_STEP][PASSED] - Statement - counter = counter + 1: null

2018-12-11 16:55:28 - [TEST_STEP][PASSED] - Statement - PreSaveFile = new java.io.File(((pathPrefix + java.lang.Integer.toString(counter)) + .png)): null

2018-12-11 16:55:28 - [TEST_STEP][PASSED] - Statement - counter = counter + 1: null

2018-12-11 16:55:28 - [TEST_STEP][PASSED] - Statement - PreSaveFile = new java.io.File(((pathPrefix + java.lang.Integer.toString(counter)) + .png)): null

2018-12-11 16:55:28 - [TEST_STEP][PASSED] - Statement - counter = counter + 1: null

2018-12-11 16:55:28 - [TEST_STEP][PASSED] - Statement - PreSaveFile = new java.io.File(((pathPrefix + java.lang.Integer.toString(counter)) + .png)): null

2018-12-11 16:55:28 - [TEST_STEP][PASSED] - Statement - counter = counter + 1: null

2018-12-11 16:55:28 - [TEST_STEP][PASSED] - Statement - PreSaveFile = new java.io.File(((pathPrefix + java.lang.Integer.toString(counter)) + .png)): null

2018-12-11 16:55:28 - [TEST_STEP][PASSED] - Statement - counter = counter + 1: null

2018-12-11 16:55:28 - [TEST_STEP][PASSED] - Statement - PreSaveFile = new java.io.File(((pathPrefix + java.lang.Integer.toString(counter)) + .png)): null

2018-12-11 16:55:28 - [TEST_STEP][PASSED] - Statement - counter = counter + 1: null

2018-12-11 16:55:28 - [TEST_STEP][PASSED] - Statement - PreSaveFile = new java.io.File(((pathPrefix + java.lang.Integer.toString(counter)) + .png)): null

2018-12-11 16:55:28 - [TEST_STEP][PASSED] - Statement - counter = counter + 1: null

2018-12-11 16:55:28 - [TEST_STEP][PASSED] - Statement - PreSaveFile = new java.io.File(((pathPrefix + java.lang.Integer.toString(counter)) + .png)): null

2018-12-11 16:55:28 - [TEST_STEP][PASSED] - Statement - counter = counter + 1: null

2018-12-11 16:55:28 - [TEST_STEP][PASSED] - Statement - PreSaveFile = new java.io.File(((pathPrefix + java.lang.Integer.toString(counter)) + .png)): null

2018-12-11 16:55:28 - [TEST_STEP][PASSED] - Statement - counter = counter + 1: null

2018-12-11 16:55:28 - [TEST_STEP][PASSED] - Statement - PreSaveFile = new java.io.File(((pathPrefix + java.lang.Integer.toString(counter)) + .png)): null

2018-12-11 16:55:28 - [TEST_STEP][PASSED] - Statement - counter = counter + 1: null

2018-12-11 16:55:28 - [TEST_STEP][PASSED] - Statement - PreSaveFile = new java.io.File(((pathPrefix + java.lang.Integer.toString(counter)) + .png)): null

2018-12-11 16:55:28 - [TEST_STEP][PASSED] - Statement - counter = counter + 1: null

2018-12-11 16:55:28 - [TEST_STEP][PASSED] - Statement - PreSaveFile = new java.io.File(((pathPrefix + java.lang.Integer.toString(counter)) + .png)): null

2018-12-11 16:55:28 - [TEST_STEP][PASSED] - Statement - counter = counter + 1: null

2018-12-11 16:55:28 - [TEST_STEP][PASSED] - Statement - PreSaveFile = new java.io.File(((pathPrefix + java.lang.Integer.toString(counter)) + .png)): null

2018-12-11 16:55:28 - [TEST_STEP][PASSED] - Statement - counter = counter + 1: null

2018-12-11 16:55:28 - [TEST_STEP][PASSED] - Statement - PreSaveFile = new java.io.File(((pathPrefix + java.lang.Integer.toString(counter)) + .png)): null

2018-12-11 16:55:28 - [TEST_STEP][PASSED] - Statement - counter = counter + 1: null

2018-12-11 16:55:28 - [TEST_STEP][PASSED] - Statement - PreSaveFile = new java.io.File(((pathPrefix + java.lang.Integer.toString(counter)) + .png)): null

2018-12-11 16:55:28 - [TEST_STEP][PASSED] - Statement - counter = counter + 1: null

2018-12-11 16:55:28 - [TEST_STEP][PASSED] - Statement - PreSaveFile = new java.io.File(((pathPrefix + java.lang.Integer.toString(counter)) + .png)): null

2018-12-11 16:55:28 - [TEST_STEP][PASSED] - Statement - counter = counter + 1: null

2018-12-11 16:55:28 - [TEST_STEP][PASSED] - Statement - PreSaveFile = new java.io.File(((pathPrefix + java.lang.Integer.toString(counter)) + .png)): null

2018-12-11 16:55:28 - [TEST_STEP][PASSED] - Statement - counter = counter + 1: null

2018-12-11 16:55:28 - [TEST_STEP][PASSED] - Statement - PreSaveFile = new java.io.File(((pathPrefix + java.lang.Integer.toString(counter)) + .png)): null

2018-12-11 16:55:28 - [TEST_STEP][PASSED] - Statement - counter = counter + 1: null

2018-12-11 16:55:28 - [TEST_STEP][PASSED] - Statement - PreSaveFile = new java.io.File(((pathPrefix + java.lang.Integer.toString(counter)) + .png)): null

2018-12-11 16:55:28 - [TEST_STEP][PASSED] - Statement - counter = counter + 1: null

2018-12-11 16:55:28 - [TEST_STEP][PASSED] - Statement - PreSaveFile = new java.io.File(((pathPrefix + java.lang.Integer.toString(counter)) + .png)): null

2018-12-11 16:55:28 - [TEST_STEP][PASSED] - Statement - counter = counter + 1: null

2018-12-11 16:55:28 - [TEST_STEP][PASSED] - Statement - PreSaveFile = new java.io.File(((pathPrefix + java.lang.Integer.toString(counter)) + .png)): null

2018-12-11 16:55:28 - [TEST_STEP][PASSED] - Statement - counter = counter + 1: null

2018-12-11 16:55:28 - [TEST_STEP][PASSED] - Statement - PreSaveFile = new java.io.File(((pathPrefix + java.lang.Integer.toString(counter)) + .png)): null

2018-12-11 16:55:28 - [TEST_STEP][PASSED] - Statement - counter = counter + 1: null

2018-12-11 16:55:28 - [TEST_STEP][PASSED] - Statement - PreSaveFile = new java.io.File(((pathPrefix + java.lang.Integer.toString(counter)) + .png)): null

2018-12-11 16:55:28 - [TEST_STEP][PASSED] - Statement - counter = counter + 1: null

2018-12-11 16:55:28 - [TEST_STEP][PASSED] - Statement - PreSaveFile = new java.io.File(((pathPrefix + java.lang.Integer.toString(counter)) + .png)): null

2018-12-11 16:55:28 - [TEST_STEP][PASSED] - Statement - counter = counter + 1: null

2018-12-11 16:55:28 - [TEST_STEP][PASSED] - Statement - PreSaveFile = new java.io.File(((pathPrefix + java.lang.Integer.toString(counter)) + .png)): null

2018-12-11 16:55:28 - [TEST_STEP][PASSED] - Statement - counter = counter + 1: null

2018-12-11 16:55:28 - [TEST_STEP][PASSED] - Statement - PreSaveFile = new java.io.File(((pathPrefix + java.lang.Integer.toString(counter)) + .png)): null

2018-12-11 16:55:28 - [TEST_STEP][PASSED] - Statement - counter = counter + 1: null

2018-12-11 16:55:28 - [TEST_STEP][PASSED] - Statement - PreSaveFile = new java.io.File(((pathPrefix + java.lang.Integer.toString(counter)) + .png)): null

2018-12-11 16:55:28 - [TEST_STEP][PASSED] - Statement - counter = counter + 1: null

2018-12-11 16:55:28 - [TEST_STEP][PASSED] - Statement - PreSaveFile = new java.io.File(((pathPrefix + java.lang.Integer.toString(counter)) + .png)): null

2018-12-11 16:55:28 - [TEST_STEP][PASSED] - Statement - counter = counter + 1: null

2018-12-11 16:55:28 - [TEST_STEP][PASSED] - Statement - PreSaveFile = new java.io.File(((pathPrefix + java.lang.Integer.toString(counter)) + .png)): null

2018-12-11 16:55:28 - [TEST_STEP][PASSED] - Statement - counter = counter + 1: null

2018-12-11 16:55:28 - [TEST_STEP][PASSED] - Statement - PreSaveFile = new java.io.File(((pathPrefix + java.lang.Integer.toString(counter)) + .png)): null

2018-12-11 16:55:28 - [TEST_STEP][PASSED] - Statement - counter = counter + 1: null

2018-12-11 16:55:28 - [TEST_STEP][PASSED] - Statement - PreSaveFile = new java.io.File(((pathPrefix + java.lang.Integer.toString(counter)) + .png)): null

2018-12-11 16:55:28 - [TEST_STEP][PASSED] - Statement - counter = counter + 1: null

2018-12-11 16:55:28 - [TEST_STEP][PASSED] - Statement - PreSaveFile = new java.io.File(((pathPrefix + java.lang.Integer.toString(counter)) + .png)): null

2018-12-11 16:55:28 - [TEST_STEP][PASSED] - Statement - counter = counter + 1: null

2018-12-11 16:55:28 - [TEST_STEP][PASSED] - Statement - PreSaveFile = new java.io.File(((pathPrefix + java.lang.Integer.toString(counter)) + .png)): null

2018-12-11 16:55:28 - [TEST_STEP][PASSED] - Statement - counter = counter + 1: null

2018-12-11 16:55:28 - [TEST_STEP][PASSED] - Statement - PreSaveFile = new java.io.File(((pathPrefix + java.lang.Integer.toString(counter)) + .png)): null

2018-12-11 16:55:28 - [TEST_STEP][PASSED] - Statement - counter = counter + 1: null

2018-12-11 16:55:28 - [TEST_STEP][PASSED] - Statement - PreSaveFile = new java.io.File(((pathPrefix + java.lang.Integer.toString(counter)) + .png)): null

2018-12-11 16:55:28 - [TEST_STEP][PASSED] - Statement - counter = counter + 1: null

2018-12-11 16:55:28 - [TEST_STEP][PASSED] - Statement - PreSaveFile = new java.io.File(((pathPrefix + java.lang.Integer.toString(counter)) + .png)): null

2018-12-11 16:55:28 - [TEST_STEP][PASSED] - Statement - counter = counter + 1: null

2018-12-11 16:55:28 - [TEST_STEP][PASSED] - Statement - PreSaveFile = new java.io.File(((pathPrefix + java.lang.Integer.toString(counter)) + .png)): null

2018-12-11 16:55:28 - [TEST_STEP][PASSED] - Statement - counter = counter + 1: null

2018-12-11 16:55:28 - [TEST_STEP][PASSED] - Statement - PreSaveFile = new java.io.File(((pathPrefix + java.lang.Integer.toString(counter)) + .png)): null

2018-12-11 16:55:28 - [TEST_STEP][PASSED] - Statement - counter = counter + 1: null

2018-12-11 16:55:28 - [TEST_STEP][PASSED] - Statement - PreSaveFile = new java.io.File(((pathPrefix + java.lang.Integer.toString(counter)) + .png)): null

2018-12-11 16:55:28 - [TEST_STEP][PASSED] - Statement - counter = counter + 1: null

2018-12-11 16:55:28 - [TEST_STEP][PASSED] - Statement - PreSaveFile = new java.io.File(((pathPrefix + java.lang.Integer.toString(counter)) + .png)): null

2018-12-11 16:55:28 - [TEST_STEP][PASSED] - Statement - counter = counter + 1: null

2018-12-11 16:55:28 - [TEST_STEP][PASSED] - Statement - PreSaveFile = new java.io.File(((pathPrefix + java.lang.Integer.toString(counter)) + .png)): null

2018-12-11 16:55:28 - [TEST_STEP][PASSED] - Statement - counter = counter + 1: null

2018-12-11 16:55:28 - [TEST_STEP][PASSED] - Statement - PreSaveFile = new java.io.File(((pathPrefix + java.lang.Integer.toString(counter)) + .png)): null

2018-12-11 16:55:28 - [TEST_STEP][PASSED] - Statement - counter = counter + 1: null

2018-12-11 16:55:28 - [TEST_STEP][PASSED] - Statement - PreSaveFile = new java.io.File(((pathPrefix + java.lang.Integer.toString(counter)) + .png)): null

2018-12-11 16:55:28 - [TEST_STEP][PASSED] - Statement - counter = counter + 1: null

2018-12-11 16:55:28 - [TEST_STEP][PASSED] - Statement - PreSaveFile = new java.io.File(((pathPrefix + java.lang.Integer.toString(counter)) + .png)): null

2018-12-11 16:55:28 - [TEST_STEP][PASSED] - Statement - counter = counter + 1: null

2018-12-11 16:55:28 - [TEST_STEP][PASSED] - Statement - PreSaveFile = new java.io.File(((pathPrefix + java.lang.Integer.toString(counter)) + .png)): null

2018-12-11 16:55:28 - [TEST_STEP][PASSED] - Statement - counter = counter + 1: null

2018-12-11 16:55:28 - [TEST_STEP][PASSED] - Statement - PreSaveFile = new java.io.File(((pathPrefix + java.lang.Integer.toString(counter)) + .png)): null

2018-12-11 16:55:28 - [TEST_STEP][PASSED] - Statement - counter = counter + 1: null

2018-12-11 16:55:28 - [TEST_STEP][PASSED] - Statement - PreSaveFile = new java.io.File(((pathPrefix + java.lang.Integer.toString(counter)) + .png)): null

2018-12-11 16:55:28 - [TEST_STEP][PASSED] - Statement - counter = counter + 1: null

2018-12-11 16:55:28 - [TEST_STEP][PASSED] - Statement - PreSaveFile = new java.io.File(((pathPrefix + java.lang.Integer.toString(counter)) + .png)): null

2018-12-11 16:55:28 - [TEST_STEP][PASSED] - Statement - counter = counter + 1: null

2018-12-11 16:55:28 - [TEST_STEP][PASSED] - Statement - PreSaveFile = new java.io.File(((pathPrefix + java.lang.Integer.toString(counter)) + .png)): null

2018-12-11 16:55:28 - [TEST_STEP][PASSED] - Statement - counter = counter + 1: null

2018-12-11 16:55:28 - [TEST_STEP][PASSED] - Statement - PreSaveFile = new java.io.File(((pathPrefix + java.lang.Integer.toString(counter)) + .png)): null

2018-12-11 16:55:28 - [TEST_STEP][PASSED] - Statement - counter = counter + 1: null

2018-12-11 16:55:28 - [TEST_STEP][PASSED] - Statement - PreSaveFile = new java.io.File(((pathPrefix + java.lang.Integer.toString(counter)) + .png)): null

2018-12-11 16:55:28 - [TEST_STEP][PASSED] - Statement - counter = counter + 1: null

2018-12-11 16:55:28 - [TEST_STEP][PASSED] - Statement - PreSaveFile = new java.io.File(((pathPrefix + java.lang.Integer.toString(counter)) + .png)): null

2018-12-11 16:55:28 - [TEST_STEP][PASSED] - Statement - counter = counter + 1: null

2018-12-11 16:55:28 - [TEST_STEP][PASSED] - Statement - PreSaveFile = new java.io.File(((pathPrefix + java.lang.Integer.toString(counter)) + .png)): null

2018-12-11 16:55:28 - [TEST_STEP][PASSED] - Statement - counter = counter + 1: null

2018-12-11 16:55:28 - [TEST_STEP][PASSED] - Statement - PreSaveFile = new java.io.File(((pathPrefix + java.lang.Integer.toString(counter)) + .png)): null

2018-12-11 16:55:28 - [TEST_STEP][PASSED] - Statement - counter = counter + 1: null

2018-12-11 16:55:28 - [TEST_STEP][PASSED] - Statement - PreSaveFile = new java.io.File(((pathPrefix + java.lang.Integer.toString(counter)) + .png)): null

2018-12-11 16:55:28 - [TEST_STEP][PASSED] - Statement - counter = counter + 1: null

2018-12-11 16:55:28 - [TEST_STEP][PASSED] - Statement - PreSaveFile = new java.io.File(((pathPrefix + java.lang.Integer.toString(counter)) + .png)): null

2018-12-11 16:55:28 - [TEST_STEP][PASSED] - Statement - counter = counter + 1: null

2018-12-11 16:55:28 - [TEST_STEP][PASSED] - Statement - PreSaveFile = new java.io.File(((pathPrefix + java.lang.Integer.toString(counter)) + .png)): null

2018-12-11 16:55:28 - [TEST_STEP][PASSED] - Statement - counter = counter + 1: null

2018-12-11 16:55:28 - [TEST_STEP][PASSED] - Statement - PreSaveFile = new java.io.File(((pathPrefix + java.lang.Integer.toString(counter)) + .png)): null

2018-12-11 16:55:28 - [TEST_STEP][PASSED] - Statement - finalPath = pathPrefix + java.lang.Integer.toString(counter) + ".png": null

2018-12-11 16:55:28 - [TEST_STEP][PASSED] - Statement - SaveFile = new java.io.File(finalPath): null

2018-12-11 16:55:28 - [TEST_STEP][PASSED] - Statement - Try: null

2018-12-11 16:55:28 - [TEST_STEP][PASSED] - Statement - org.apache.commons.io.FileUtils.copyFile(scrFile, SaveFile): null

2018-12-11 16:55:28 - [TEST_STEP][PASSED] - Statement - out.println("file kept"): null

2018-12-11 16:55:28 - [TEST_STEP][PASSED] - delay: Delayed 10 second(s)

2018-12-11 16:55:38 - [MESSAGE][PASSED] - Delayed 10 second(s)

2018-12-11 16:55:38 - [MESSAGE][PASSED] - Call Test Case 'Test Cases/Final Aug 2018 - PKS Automation/Common/Screenshoting tool' successfully

2018-12-11 16:55:38 - [TEST_STEP][PASSED] - callTestCase: Call Test Case 'Test Cases/Final Aug 2018 - PKS Automation/Registration Module/Log Out/log out avoiding katalon tagging' successfully

2018-12-11 16:55:38 - [TEST_CASE][PASSED] - Test Cases/Final Aug 2018 - PKS Automation/Registration Module/Log Out/log out avoiding katalon tagging: Test Cases/Final Aug 2018 - PKS Automation/Registration Module/Log Out/log out avoiding katalon tagging

2018-12-11 16:55:38 - [TEST_STEP][PASSED] - navigateToUrl: Navigate to 'https://assist2-uat.perkeso.gov.my/c/portal/logout' successfully

2018-12-11 16:55:39 - [MESSAGE][PASSED] - Navigate to 'https://assist2-uat.perkeso.gov.my/c/portal/logout' successfully

2018-12-11 16:55:39 - [MESSAGE][PASSED] - Call Test Case 'Test Cases/Final Aug 2018 - PKS Automation/Registration Module/Log Out/log out avoiding katalon tagging' successfully

2018-12-11 16:55:39 - [TEST_STEP][PASSED] - callTestCase: Call Test Case 'Test Cases/Final Aug 2018 - PKS Automation/Common/Workflow Owner Finder' successfully

2018-12-11 16:55:39 - [TEST_CASE][PASSED] - Test Cases/Final Aug 2018 - PKS Automation/Common/Workflow Owner Finder: Test Cases/Final Aug 2018 - PKS Automation/Common/Workflow Owner Finder

2018-12-11 16:55:39 - [TEST_STEP][PASSED] - openBrowser: Browser is opened with url: ''

2018-12-11 16:55:39 - [MESSAGE][WARNING] - A browser is already opened. Closing browser and opening a new one

2018-12-11 16:55:43 - [MESSAGE][PASSED] - Browser is opened with url: ''

2018-12-11 16:55:43 - [TEST_STEP][PASSED] - navigateToUrl: Navigate to 'https://assist2-uat.perkeso.gov.my/login' successfully

2018-12-11 16:55:44 - [MESSAGE][PASSED] - Navigate to 'https://assist2-uat.perkeso.gov.my/login' successfully

2018-12-11 16:55:44 - [TEST_STEP][PASSED] - delay: Delayed 5 second(s)

2018-12-11 16:55:49 - [MESSAGE][PASSED] - Delayed 5 second(s)

2018-12-11 16:55:49 - [TEST_STEP][PASSED] - setText: Text 'test@liferay.com' is set on object 'Object Repository/Final Object Repo/Login Page/Internal User/Email Address'

2018-12-11 16:55:50 - [MESSAGE][PASSED] - Text 'test@liferay.com' is set on object 'Object Repository/Final Object Repo/Login Page/Internal User/Email Address'

2018-12-11 16:55:50 - [TEST_STEP][PASSED] - click: Object: 'Object Repository/Final Object Repo/Login Page/Internal User/Next Button' is clicked on

2018-12-11 16:55:50 - [MESSAGE][PASSED] - Object: 'Object Repository/Final Object Repo/Login Page/Internal User/Next Button' is clicked on

2018-12-11 16:55:50 - [TEST_STEP][PASSED] - delay: Delayed 2 second(s)

2018-12-11 16:55:52 - [MESSAGE][PASSED] - Delayed 2 second(s)

2018-12-11 16:55:52 - [TEST_STEP][PASSED] - setText: Text 'test' is set on object 'Object Repository/Final Object Repo/Login Page/Internal User/Password'

2018-12-11 16:55:52 - [MESSAGE][PASSED] - Text 'test' is set on object 'Object Repository/Final Object Repo/Login Page/Internal User/Password'

2018-12-11 16:55:52 - [TEST_STEP][PASSED] - delay: Delayed 2 second(s)

2018-12-11 16:55:54 - [MESSAGE][PASSED] - Delayed 2 second(s)

2018-12-11 16:55:54 - [TEST_STEP][PASSED] - click: Object: 'Object Repository/Final Object Repo/Login Page/Internal User/Login Button' is clicked on

2018-12-11 16:55:54 - [MESSAGE][PASSED] - Object: 'Object Repository/Final Object Repo/Login Page/Internal User/Login Button' is clicked on

2018-12-11 16:55:54 - [TEST_STEP][PASSED] - Statement - tester = com.kms.katalon.core.testobject.ObjectRepository.findTestObject(Final Object Repo/Landing Page/Select to English): Finding Test Object with id 'Object Repository/Final Object Repo/Landing Page/Select to English'

2018-12-11 16:55:54 - [TEST_STEP][PASSED] - Statement - Try: Delayed 2 second(s)

2018-12-11 16:55:54 - [TEST_STEP][PASSED] - Statement - Checker = com.kms.katalon.core.webui.keyword.WebUiBuiltInKeywords.verifyElementNotPresent(tester, 3): Web element with id: 'Object Repository/Final Object Repo/Landing Page/Select to English' located by 'By.xpath: //a[@class = 'taglib-language-list-text' and @lang = 'en-US' and (contains(text(), 'EN') or contains(., 'EN'))]' is not present after '3' second(s)

2018-12-11 16:55:56 - [MESSAGE][PASSED] - Web element with id: 'Object Repository/Final Object Repo/Landing Page/Select to English' located by 'By.xpath: //a[@class = 'taglib-language-list-text' and @lang = 'en-US' and (contains(text(), 'EN') or contains(., 'EN'))]' is not present after '3' second(s)

2018-12-11 16:55:56 - [TEST_STEP][PASSED] - Statement - If (Checker == false): null

2018-12-11 16:55:56 - [TEST_STEP][PASSED] - delay: Delayed 2 second(s)

2018-12-11 16:55:58 - [MESSAGE][PASSED] - Delayed 2 second(s)

2018-12-11 16:55:58 - [TEST_STEP][PASSED] - delay: Delayed 5 second(s)

2018-12-11 16:56:03 - [MESSAGE][PASSED] - Delayed 5 second(s)

2018-12-11 16:56:03 - [TEST_STEP][PASSED] - mouseOver: Object: 'Object Repository/Final Object Repo/Landing Page/WorkFlow Menu' is hovered

2018-12-11 16:56:04 - [MESSAGE][PASSED] - Object: 'Object Repository/Final Object Repo/Landing Page/WorkFlow Menu' is hovered

2018-12-11 16:56:04 - [TEST_STEP][PASSED] - delay: Delayed 2 second(s)

2018-12-11 16:56:06 - [MESSAGE][PASSED] - Delayed 2 second(s)

2018-12-11 16:56:06 - [TEST_STEP][PASSED] - click: Object: 'Object Repository/Final Object Repo/Landing Page/Select to Workflow Listing' is clicked on

2018-12-11 16:56:07 - [MESSAGE][PASSED] - Object: 'Object Repository/Final Object Repo/Landing Page/Select to Workflow Listing' is clicked on

2018-12-11 16:56:07 - [TEST_STEP][PASSED] - delay: Delayed 2 second(s)

2018-12-11 16:56:09 - [MESSAGE][PASSED] - Delayed 2 second(s)

2018-12-11 16:56:09 - [TEST_STEP][PASSED] - click: Object: 'Object Repository/Final Object Repo/WorkFlow Listing Page/Search Information - To Put Ref No' is clicked on

2018-12-11 16:56:09 - [MESSAGE][PASSED] - Object: 'Object Repository/Final Object Repo/WorkFlow Listing Page/Search Information - To Put Ref No' is clicked on

2018-12-11 16:56:09 - [TEST_STEP][PASSED] - delay: Delayed 2 second(s)

2018-12-11 16:56:11 - [MESSAGE][PASSED] - Delayed 2 second(s)

2018-12-11 16:56:11 - [TEST_STEP][PASSED] - callTestCase: Call Test Case 'Test Cases/Final Aug 2018 - PKS Automation/Common/Reference Number Getter' successfully

2018-12-11 16:56:11 - [TEST_CASE][PASSED] - Test Cases/Final Aug 2018 - PKS Automation/Common/Reference Number Getter: Test Cases/Final Aug 2018 - PKS Automation/Common/Reference Number Getter

2018-12-11 16:56:11 - [TEST_STEP][PASSED] - Statement - Try: null

2018-12-11 16:56:11 - [TEST_STEP][PASSED] - Statement - RefNo = new java.io.File(C://Users//Admin//Desktop//PKS//Automation Reference Point//KatalonReference.txt): null

2018-12-11 16:56:11 - [TEST_STEP][PASSED] - Statement - bufferread = new java.io.BufferedReader(new java.io.FileReader(RefNo)): null

2018-12-11 16:56:11 - [TEST_STEP][PASSED] - Statement - readedVal = bufferread.readLine(): null

2018-12-11 16:56:11 - [TEST_STEP][PASSED] - Statement - out.println(CaseReferenceNo): null

2018-12-11 16:56:11 - [TEST_STEP][PASSED] - Statement - out.println(readedVal): null

2018-12-11 16:56:11 - [TEST_STEP][PASSED] - Statement - CaseReferenceNo = "": null

2018-12-11 16:56:11 - [TEST_STEP][PASSED] - Statement - CaseReferenceNo = readedVal: null

2018-12-11 16:56:11 - [MESSAGE][PASSED] - Call Test Case 'Test Cases/Final Aug 2018 - PKS Automation/Common/Reference Number Getter' successfully

2018-12-11 16:56:11 - [TEST_STEP][PASSED] - setText: Text 'CAN12201800002305' is set on object 'Object Repository/Final Object Repo/WorkFlow Listing Page/Ref No Set Text'

2018-12-11 16:56:11 - [MESSAGE][PASSED] - Text 'CAN12201800002305' is set on object 'Object Repository/Final Object Repo/WorkFlow Listing Page/Ref No Set Text'

2018-12-11 16:56:11 - [TEST_STEP][PASSED] - delay: Delayed 2 second(s)

2018-12-11 16:56:13 - [MESSAGE][PASSED] - Delayed 2 second(s)

2018-12-11 16:56:13 - [TEST_STEP][PASSED] - click: Object: 'Object Repository/Final Object Repo/WorkFlow Listing Page/Search Ref No Search Button' is clicked on

2018-12-11 16:56:14 - [MESSAGE][PASSED] - Object: 'Object Repository/Final Object Repo/WorkFlow Listing Page/Search Ref No Search Button' is clicked on

2018-12-11 16:56:14 - [TEST_STEP][PASSED] - delay: Delayed 6 second(s)

2018-12-11 16:56:20 - [MESSAGE][PASSED] - Delayed 6 second(s)

2018-12-11 16:56:20 - [TEST_STEP][PASSED] - click: Object: 'Object Repository/Final Object Repo/WorkFlow Listing Page/Click Continue Tooltip' is clicked on

2018-12-11 16:56:21 - [MESSAGE][PASSED] - Object: 'Object Repository/Final Object Repo/WorkFlow Listing Page/Click Continue Tooltip' is clicked on

2018-12-11 16:56:21 - [TEST_STEP][PASSED] - delay: Delayed 5 second(s)

2018-12-11 16:56:26 - [MESSAGE][PASSED] - Delayed 5 second(s)

2018-12-11 16:56:26 - [TEST_STEP][PASSED] - doubleClick: Object: 'Object Repository/Final Object Repo/WorkFlow Listing Page/Workflow Found - Listing 1' is double clicked on

2018-12-11 16:56:26 - [MESSAGE][PASSED] - Object: 'Object Repository/Final Object Repo/WorkFlow Listing Page/Workflow Found - Listing 1' is double clicked on

2018-12-11 16:56:26 - [TEST_STEP][PASSED] - Statement - println(OwnerID): null

2018-12-11 16:56:26 - [TEST_STEP][PASSED] - Statement - OwnerID = com.kms.katalon.core.webui.keyword.WebUiBuiltInKeywords.getText(com.kms.katalon.core.testobject.ObjectRepository.findTestObject(Final Object Repo/WorkFlow Listing Page/Workflow Found - Listing 1), STOP_ON_FAILURE): Text of object 'Object Repository/Final Object Repo/WorkFlow Listing Page/Workflow Found - Listing 1' is: 'KLpkrbo1'

2018-12-11 16:56:26 - [MESSAGE][PASSED] - Text of object 'Object Repository/Final Object Repo/WorkFlow Listing Page/Workflow Found - Listing 1' is: 'KLpkrbo1'

2018-12-11 16:56:26 - [TEST_STEP][PASSED] - Statement - OwnerID = OwnerID.toLowerCase() + "@gmail.com": null

2018-12-11 16:56:26 - [TEST_STEP][PASSED] - Statement - println(OwnerID): null

2018-12-11 16:56:26 - [TEST_STEP][PASSED] - delay: Delayed 2 second(s)

2018-12-11 16:56:28 - [MESSAGE][PASSED] - Delayed 2 second(s)

2018-12-11 16:56:28 - [MESSAGE][PASSED] - Call Test Case 'Test Cases/Final Aug 2018 - PKS Automation/Common/Workflow Owner Finder' successfully

2018-12-11 16:56:28 - [TEST_STEP][PASSED] - callTestCase: Call Test Case 'Test Cases/Final Aug 2018 - PKS Automation/Registration Module/Log Out/log out avoiding katalon tagging' successfully

2018-12-11 16:56:28 - [TEST_CASE][PASSED] - Test Cases/Final Aug 2018 - PKS Automation/Registration Module/Log Out/log out avoiding katalon tagging: Test Cases/Final Aug 2018 - PKS Automation/Registration Module/Log Out/log out avoiding katalon tagging

2018-12-11 16:56:28 - [TEST_STEP][PASSED] - navigateToUrl: Navigate to 'https://assist2-uat.perkeso.gov.my/c/portal/logout' successfully

2018-12-11 16:56:29 - [MESSAGE][PASSED] - Navigate to 'https://assist2-uat.perkeso.gov.my/c/portal/logout' successfully

2018-12-11 16:56:29 - [MESSAGE][PASSED] - Call Test Case 'Test Cases/Final Aug 2018 - PKS Automation/Registration Module/Log Out/log out avoiding katalon tagging' successfully

2018-12-11 16:56:29 - [TEST_STEP][PASSED] - delay: Delayed 2 second(s)

2018-12-11 16:56:31 - [MESSAGE][PASSED] - Delayed 2 second(s)

2018-12-11 16:56:31 - [TEST_STEP][PASSED] - setText: Text 'klpkrbo1@gmail.com' is set on object 'Object Repository/Final Object Repo/Page_Update Add New Employee - ASSIST/Email TextBox'

2018-12-11 16:56:31 - [MESSAGE][PASSED] - Text 'klpkrbo1@gmail.com' is set on object 'Object Repository/Final Object Repo/Page_Update Add New Employee - ASSIST/Email TextBox'

2018-12-11 16:56:31 - [TEST_STEP][PASSED] - click: Object: 'Object Repository/Final Object Repo/Page_Update Add New Employee - ASSIST/Next Button' is clicked on

2018-12-11 16:56:31 - [MESSAGE][PASSED] - Object: 'Object Repository/Final Object Repo/Page_Update Add New Employee - ASSIST/Next Button' is clicked on

2018-12-11 16:56:31 - [TEST_STEP][PASSED] - delay: Delayed 2 second(s)

2018-12-11 16:56:33 - [MESSAGE][PASSED] - Delayed 2 second(s)

2018-12-11 16:56:33 - [TEST_STEP][PASSED] - setText: Text 'Test1@3456789' is set on object 'Object Repository/Final Object Repo/Page_Update Add New Employee - ASSIST/Password TextBox'

2018-12-11 16:56:34 - [MESSAGE][PASSED] - Text 'Test1@3456789' is set on object 'Object Repository/Final Object Repo/Page_Update Add New Employee - ASSIST/Password TextBox'

2018-12-11 16:56:34 - [TEST_STEP][PASSED] - delay: Delayed 2 second(s)

2018-12-11 16:56:36 - [MESSAGE][PASSED] - Delayed 2 second(s)

2018-12-11 16:56:36 - [TEST_STEP][PASSED] - click: Object: 'Object Repository/Final Object Repo/Page_Update Add New Employee - ASSIST/Login Button' is clicked on

2018-12-11 16:56:36 - [MESSAGE][PASSED] - Object: 'Object Repository/Final Object Repo/Page_Update Add New Employee - ASSIST/Login Button' is clicked on

2018-12-11 16:56:36 - [TEST_STEP][PASSED] - delay: Delayed 4 second(s)

2018-12-11 16:56:40 - [MESSAGE][PASSED] - Delayed 4 second(s)

2018-12-11 16:56:40 - [TEST_STEP][PASSED] - Statement - Try: Delayed 2 second(s)

2018-12-11 16:56:40 - [TEST_STEP][PASSED] - Statement - Checker = false: null

2018-12-11 16:56:40 - [TEST_STEP][PASSED] - Statement - Checker = com.kms.katalon.core.webui.keyword.WebUiBuiltInKeywords.verifyElementHasAttribute(com.kms.katalon.core.testobject.ObjectRepository.findTestObject(Final Object Repo/Landing Page/BM Detecting), "href", 20, OPTIONAL): Object 'Object Repository/Final Object Repo/Landing Page/BM Detecting' has attribute 'href'

2018-12-11 16:56:40 - [MESSAGE][PASSED] - Object 'Object Repository/Final Object Repo/Landing Page/BM Detecting' has attribute 'href'

2018-12-11 16:56:40 - [TEST_STEP][PASSED] - Statement - out.println(Checker): null

2018-12-11 16:56:40 - [TEST_STEP][PASSED] - Statement - If (Checker == false): null

2018-12-11 16:56:40 - [TEST_STEP][PASSED] - Statement - Else: null

2018-12-11 16:56:40 - [TEST_STEP][PASSED] - delay: Delayed 2 second(s)

2018-12-11 16:56:42 - [MESSAGE][PASSED] - Delayed 2 second(s)

2018-12-11 16:56:42 - [TEST_STEP][PASSED] - delay: Delayed 4 second(s)

2018-12-11 16:56:46 - [MESSAGE][PASSED] - Delayed 4 second(s)

2018-12-11 16:56:46 - [TEST_STEP][PASSED] - click: Object: 'Object Repository/Final Object Repo/New Registration - Registration Module Pages/New Reg - OTC to RO/Special Case - All Related Objects/Expand to Search' is clicked on

2018-12-11 16:56:46 - [MESSAGE][PASSED] - Object: 'Object Repository/Final Object Repo/New Registration - Registration Module Pages/New Reg - OTC to RO/Special Case - All Related Objects/Expand to Search' is clicked on

2018-12-11 16:56:46 - [TEST_STEP][PASSED] - delay: Delayed 2 second(s)

2018-12-11 16:56:48 - [MESSAGE][PASSED] - Delayed 2 second(s)

2018-12-11 16:56:48 - [TEST_STEP][PASSED] - setText: Text 'CAN12201800002305' is set on object 'Object Repository/Final Object Repo/New Registration - Registration Module Pages/New Reg - OTC to RO/Special Case - All Related Objects/TextBox RefNo in Workbasket'

2018-12-11 16:56:48 - [MESSAGE][PASSED] - Text 'CAN12201800002305' is set on object 'Object Repository/Final Object Repo/New Registration - Registration Module Pages/New Reg - OTC to RO/Special Case - All Related Objects/TextBox RefNo in Workbasket'

2018-12-11 16:56:48 - [TEST_STEP][PASSED] - delay: Delayed 2 second(s)

2018-12-11 16:56:50 - [MESSAGE][PASSED] - Delayed 2 second(s)

2018-12-11 16:56:50 - [TEST_STEP][PASSED] - click: Object: 'Object Repository/Final Object Repo/New Registration - Registration Module Pages/New Reg - OTC to RO/Special Case - All Related Objects/Click Search' is clicked on

2018-12-11 16:56:50 - [MESSAGE][PASSED] - Object: 'Object Repository/Final Object Repo/New Registration - Registration Module Pages/New Reg - OTC to RO/Special Case - All Related Objects/Click Search' is clicked on

2018-12-11 16:56:50 - [TEST_STEP][PASSED] - delay: Delayed 2 second(s)

2018-12-11 16:56:52 - [MESSAGE][PASSED] - Delayed 2 second(s)

2018-12-11 16:56:52 - [TEST_STEP][PASSED] - click: Object: 'Object Repository/Final Object Repo/New Registration - Registration Module Pages/New Reg - OTC to RO/Special Case - All Related Objects/Click to Continue Workflow' is clicked on

2018-12-11 16:56:56 - [MESSAGE][PASSED] - Object: 'Object Repository/Final Object Repo/New Registration - Registration Module Pages/New Reg - OTC to RO/Special Case - All Related Objects/Click to Continue Workflow' is clicked on

2018-12-11 16:56:56 - [TEST_STEP][PASSED] - delay: Delayed 10 second(s)

2018-12-11 16:57:06 - [MESSAGE][PASSED] - Delayed 10 second(s)

2018-12-11 16:57:06 - [TEST_STEP][PASSED] - click: Object: 'Object Repository/Final Object Repo/Page_Update Add New Employee - ASSIST/Save  Continue Button' is clicked on

2018-12-11 16:57:06 - [MESSAGE][PASSED] - Object: 'Object Repository/Final Object Repo/Page_Update Add New Employee - ASSIST/Save  Continue Button' is clicked on

2018-12-11 16:57:06 - [TEST_STEP][PASSED] - delay: Delayed 4 second(s)

2018-12-11 16:57:10 - [MESSAGE][PASSED] - Delayed 4 second(s)

2018-12-11 16:57:10 - [TEST_STEP][PASSED] - click: Object: 'Object Repository/Final Object Repo/Page_Update Add New Employee - ASSIST/Save  Continue Third Screen' is clicked on

2018-12-11 16:57:13 - [MESSAGE][PASSED] - Object: 'Object Repository/Final Object Repo/Page_Update Add New Employee - ASSIST/Save  Continue Third Screen' is clicked on

2018-12-11 16:57:13 - [TEST_STEP][PASSED] - delay: Delayed 4 second(s)

2018-12-11 16:57:17 - [MESSAGE][PASSED] - Delayed 4 second(s)

2018-12-11 16:57:17 - [TEST_STEP][PASSED] - click: Object: 'Object Repository/Final Object Repo/Page_Update Add New Employee - ASSIST/Save   Continue Supporting Doc Page' is clicked on

2018-12-11 16:57:17 - [MESSAGE][PASSED] - Object: 'Object Repository/Final Object Repo/Page_Update Add New Employee - ASSIST/Save   Continue Supporting Doc Page' is clicked on

2018-12-11 16:57:17 - [TEST_STEP][PASSED] - delay: Delayed 4 second(s)

2018-12-11 16:57:21 - [MESSAGE][PASSED] - Delayed 4 second(s)

2018-12-11 16:57:21 - [TEST_STEP][PASSED] - click: Object: 'Object Repository/Final Object Repo/Page_Update Add New Employee - ASSIST/Submit Button' is clicked on

2018-12-11 16:57:22 - [MESSAGE][PASSED] - Object: 'Object Repository/Final Object Repo/Page_Update Add New Employee - ASSIST/Submit Button' is clicked on

2018-12-11 16:57:22 - [TEST_STEP][PASSED] - delay: Delayed 4 second(s)

2018-12-11 16:57:26 - [MESSAGE][PASSED] - Delayed 4 second(s)

2018-12-11 16:57:26 - [TEST_STEP][PASSED] - click: Object: 'Object Repository/Final Object Repo/Page_Update Add New Employee - ASSIST/Confirm Submit Button' is clicked on

2018-12-11 16:57:26 - [MESSAGE][PASSED] - Object: 'Object Repository/Final Object Repo/Page_Update Add New Employee - ASSIST/Confirm Submit Button' is clicked on

2018-12-11 16:57:26 - [TEST_STEP][PASSED] - delay: Delayed 30 second(s)

2018-12-11 16:57:56 - [MESSAGE][PASSED] - Delayed 30 second(s)

2018-12-11 16:57:56 - [TEST_STEP][PASSED] - callTestCase: Call Test Case 'Test Cases/Final Aug 2018 - PKS Automation/Common/Screenshoting tool' successfully

2018-12-11 16:57:56 - [TEST_CASE][PASSED] - Test Cases/Final Aug 2018 - PKS Automation/Common/Screenshoting tool: Test Cases/Final Aug 2018 - PKS Automation/Common/Screenshoting tool

2018-12-11 16:57:56 - [TEST_STEP][PASSED] - delay: Delayed 15 second(s)

2018-12-11 16:58:11 - [MESSAGE][PASSED] - Delayed 15 second(s)

2018-12-11 16:58:11 - [TEST_STEP][PASSED] - Statement - driver = com.kms.katalon.core.webui.driver.DriverFactory.getWebDriver(): null

2018-12-11 16:58:11 - [TEST_STEP][PASSED] - Statement - driver.manage().timeouts().implicitlyWait(10, SECONDS): null

2018-12-11 16:58:11 - [TEST_STEP][PASSED] - Statement - PresavePath = KatalonScreenshots: null

2018-12-11 16:58:11 - [TEST_STEP][PASSED] - Statement - pathPrefix = "C:\Users\Public\Pictures\Sample Pictures\Katalon Screenshots\Automate Ending Screen": null

2018-12-11 16:58:11 - [TEST_STEP][PASSED] - Statement - finalPath = <not implemented yet for class: org.codehaus.groovy.ast.expr.EmptyExpression>: null

2018-12-11 16:58:11 - [TEST_STEP][PASSED] - Statement - scrFile = driver.getScreenshotAs(FILE): null

2018-12-11 16:58:11 - [TEST_STEP][PASSED] - Statement - PreSaveFile = new java.io.File(PresavePath): null

2018-12-11 16:58:11 - [TEST_STEP][PASSED] - Statement - counter = 0: null

2018-12-11 16:58:11 - [TEST_STEP][PASSED] - Statement - If (PreSaveFile.exists()): null

2018-12-11 16:58:11 - [TEST_STEP][PASSED] - Statement - While (PreSaveFile.exists()): null

2018-12-11 16:58:11 - [TEST_STEP][PASSED] - Statement - counter = counter + 1: null

2018-12-11 16:58:11 - [TEST_STEP][PASSED] - Statement - PreSaveFile = new java.io.File(((pathPrefix + java.lang.Integer.toString(counter)) + .png)): null

2018-12-11 16:58:11 - [TEST_STEP][PASSED] - Statement - counter = counter + 1: null

2018-12-11 16:58:11 - [TEST_STEP][PASSED] - Statement - PreSaveFile = new java.io.File(((pathPrefix + java.lang.Integer.toString(counter)) + .png)): null

2018-12-11 16:58:11 - [TEST_STEP][PASSED] - Statement - counter = counter + 1: null

2018-12-11 16:58:11 - [TEST_STEP][PASSED] - Statement - PreSaveFile = new java.io.File(((pathPrefix + java.lang.Integer.toString(counter)) + .png)): null

2018-12-11 16:58:11 - [TEST_STEP][PASSED] - Statement - counter = counter + 1: null

2018-12-11 16:58:11 - [TEST_STEP][PASSED] - Statement - PreSaveFile = new java.io.File(((pathPrefix + java.lang.Integer.toString(counter)) + .png)): null

2018-12-11 16:58:11 - [TEST_STEP][PASSED] - Statement - counter = counter + 1: null

2018-12-11 16:58:11 - [TEST_STEP][PASSED] - Statement - PreSaveFile = new java.io.File(((pathPrefix + java.lang.Integer.toString(counter)) + .png)): null

2018-12-11 16:58:11 - [TEST_STEP][PASSED] - Statement - counter = counter + 1: null

2018-12-11 16:58:11 - [TEST_STEP][PASSED] - Statement - PreSaveFile = new java.io.File(((pathPrefix + java.lang.Integer.toString(counter)) + .png)): null

2018-12-11 16:58:11 - [TEST_STEP][PASSED] - Statement - counter = counter + 1: null

2018-12-11 16:58:11 - [TEST_STEP][PASSED] - Statement - PreSaveFile = new java.io.File(((pathPrefix + java.lang.Integer.toString(counter)) + .png)): null

2018-12-11 16:58:11 - [TEST_STEP][PASSED] - Statement - counter = counter + 1: null

2018-12-11 16:58:11 - [TEST_STEP][PASSED] - Statement - PreSaveFile = new java.io.File(((pathPrefix + java.lang.Integer.toString(counter)) + .png)): null

2018-12-11 16:58:11 - [TEST_STEP][PASSED] - Statement - counter = counter + 1: null

2018-12-11 16:58:11 - [TEST_STEP][PASSED] - Statement - PreSaveFile = new java.io.File(((pathPrefix + java.lang.Integer.toString(counter)) + .png)): null

2018-12-11 16:58:11 - [TEST_STEP][PASSED] - Statement - counter = counter + 1: null

2018-12-11 16:58:11 - [TEST_STEP][PASSED] - Statement - PreSaveFile = new java.io.File(((pathPrefix + java.lang.Integer.toString(counter)) + .png)): null

2018-12-11 16:58:11 - [TEST_STEP][PASSED] - Statement - counter = counter + 1: null

2018-12-11 16:58:11 - [TEST_STEP][PASSED] - Statement - PreSaveFile = new java.io.File(((pathPrefix + java.lang.Integer.toString(counter)) + .png)): null

2018-12-11 16:58:11 - [TEST_STEP][PASSED] - Statement - counter = counter + 1: null

2018-12-11 16:58:11 - [TEST_STEP][PASSED] - Statement - PreSaveFile = new java.io.File(((pathPrefix + java.lang.Integer.toString(counter)) + .png)): null

2018-12-11 16:58:11 - [TEST_STEP][PASSED] - Statement - counter = counter + 1: null

2018-12-11 16:58:11 - [TEST_STEP][PASSED] - Statement - PreSaveFile = new java.io.File(((pathPrefix + java.lang.Integer.toString(counter)) + .png)): null

2018-12-11 16:58:11 - [TEST_STEP][PASSED] - Statement - counter = counter + 1: null

2018-12-11 16:58:11 - [TEST_STEP][PASSED] - Statement - PreSaveFile = new java.io.File(((pathPrefix + java.lang.Integer.toString(counter)) + .png)): null

2018-12-11 16:58:11 - [TEST_STEP][PASSED] - Statement - counter = counter + 1: null

2018-12-11 16:58:11 - [TEST_STEP][PASSED] - Statement - PreSaveFile = new java.io.File(((pathPrefix + java.lang.Integer.toString(counter)) + .png)): null

2018-12-11 16:58:11 - [TEST_STEP][PASSED] - Statement - counter = counter + 1: null

2018-12-11 16:58:11 - [TEST_STEP][PASSED] - Statement - PreSaveFile = new java.io.File(((pathPrefix + java.lang.Integer.toString(counter)) + .png)): null

2018-12-11 16:58:11 - [TEST_STEP][PASSED] - Statement - counter = counter + 1: null

2018-12-11 16:58:11 - [TEST_STEP][PASSED] - Statement - PreSaveFile = new java.io.File(((pathPrefix + java.lang.Integer.toString(counter)) + .png)): null

2018-12-11 16:58:11 - [TEST_STEP][PASSED] - Statement - counter = counter + 1: null

2018-12-11 16:58:11 - [TEST_STEP][PASSED] - Statement - PreSaveFile = new java.io.File(((pathPrefix + java.lang.Integer.toString(counter)) + .png)): null

2018-12-11 16:58:11 - [TEST_STEP][PASSED] - Statement - counter = counter + 1: null

2018-12-11 16:58:11 - [TEST_STEP][PASSED] - Statement - PreSaveFile = new java.io.File(((pathPrefix + java.lang.Integer.toString(counter)) + .png)): null

2018-12-11 16:58:11 - [TEST_STEP][PASSED] - Statement - counter = counter + 1: null

2018-12-11 16:58:11 - [TEST_STEP][PASSED] - Statement - PreSaveFile = new java.io.File(((pathPrefix + java.lang.Integer.toString(counter)) + .png)): null

2018-12-11 16:58:11 - [TEST_STEP][PASSED] - Statement - counter = counter + 1: null

2018-12-11 16:58:11 - [TEST_STEP][PASSED] - Statement - PreSaveFile = new java.io.File(((pathPrefix + java.lang.Integer.toString(counter)) + .png)): null

2018-12-11 16:58:11 - [TEST_STEP][PASSED] - Statement - counter = counter + 1: null

2018-12-11 16:58:11 - [TEST_STEP][PASSED] - Statement - PreSaveFile = new java.io.File(((pathPrefix + java.lang.Integer.toString(counter)) + .png)): null

2018-12-11 16:58:11 - [TEST_STEP][PASSED] - Statement - counter = counter + 1: null

2018-12-11 16:58:11 - [TEST_STEP][PASSED] - Statement - PreSaveFile = new java.io.File(((pathPrefix + java.lang.Integer.toString(counter)) + .png)): null

2018-12-11 16:58:11 - [TEST_STEP][PASSED] - Statement - counter = counter + 1: null

2018-12-11 16:58:11 - [TEST_STEP][PASSED] - Statement - PreSaveFile = new java.io.File(((pathPrefix + java.lang.Integer.toString(counter)) + .png)): null

2018-12-11 16:58:11 - [TEST_STEP][PASSED] - Statement - counter = counter + 1: null

2018-12-11 16:58:11 - [TEST_STEP][PASSED] - Statement - PreSaveFile = new java.io.File(((pathPrefix + java.lang.Integer.toString(counter)) + .png)): null

2018-12-11 16:58:11 - [TEST_STEP][PASSED] - Statement - counter = counter + 1: null

2018-12-11 16:58:11 - [TEST_STEP][PASSED] - Statement - PreSaveFile = new java.io.File(((pathPrefix + java.lang.Integer.toString(counter)) + .png)): null

2018-12-11 16:58:11 - [TEST_STEP][PASSED] - Statement - counter = counter + 1: null

2018-12-11 16:58:11 - [TEST_STEP][PASSED] - Statement - PreSaveFile = new java.io.File(((pathPrefix + java.lang.Integer.toString(counter)) + .png)): null

2018-12-11 16:58:11 - [TEST_STEP][PASSED] - Statement - counter = counter + 1: null

2018-12-11 16:58:11 - [TEST_STEP][PASSED] - Statement - PreSaveFile = new java.io.File(((pathPrefix + java.lang.Integer.toString(counter)) + .png)): null

2018-12-11 16:58:11 - [TEST_STEP][PASSED] - Statement - counter = counter + 1: null

2018-12-11 16:58:11 - [TEST_STEP][PASSED] - Statement - PreSaveFile = new java.io.File(((pathPrefix + java.lang.Integer.toString(counter)) + .png)): null

2018-12-11 16:58:11 - [TEST_STEP][PASSED] - Statement - counter = counter + 1: null

2018-12-11 16:58:11 - [TEST_STEP][PASSED] - Statement - PreSaveFile = new java.io.File(((pathPrefix + java.lang.Integer.toString(counter)) + .png)): null

2018-12-11 16:58:11 - [TEST_STEP][PASSED] - Statement - counter = counter + 1: null

2018-12-11 16:58:11 - [TEST_STEP][PASSED] - Statement - PreSaveFile = new java.io.File(((pathPrefix + java.lang.Integer.toString(counter)) + .png)): null

2018-12-11 16:58:11 - [TEST_STEP][PASSED] - Statement - counter = counter + 1: null

2018-12-11 16:58:11 - [TEST_STEP][PASSED] - Statement - PreSaveFile = new java.io.File(((pathPrefix + java.lang.Integer.toString(counter)) + .png)): null

2018-12-11 16:58:11 - [TEST_STEP][PASSED] - Statement - counter = counter + 1: null

2018-12-11 16:58:11 - [TEST_STEP][PASSED] - Statement - PreSaveFile = new java.io.File(((pathPrefix + java.lang.Integer.toString(counter)) + .png)): null

2018-12-11 16:58:11 - [TEST_STEP][PASSED] - Statement - counter = counter + 1: null

2018-12-11 16:58:11 - [TEST_STEP][PASSED] - Statement - PreSaveFile = new java.io.File(((pathPrefix + java.lang.Integer.toString(counter)) + .png)): null

2018-12-11 16:58:11 - [TEST_STEP][PASSED] - Statement - counter = counter + 1: null

2018-12-11 16:58:11 - [TEST_STEP][PASSED] - Statement - PreSaveFile = new java.io.File(((pathPrefix + java.lang.Integer.toString(counter)) + .png)): null

2018-12-11 16:58:11 - [TEST_STEP][PASSED] - Statement - counter = counter + 1: null

2018-12-11 16:58:11 - [TEST_STEP][PASSED] - Statement - PreSaveFile = new java.io.File(((pathPrefix + java.lang.Integer.toString(counter)) + .png)): null

2018-12-11 16:58:11 - [TEST_STEP][PASSED] - Statement - counter = counter + 1: null

2018-12-11 16:58:11 - [TEST_STEP][PASSED] - Statement - PreSaveFile = new java.io.File(((pathPrefix + java.lang.Integer.toString(counter)) + .png)): null

2018-12-11 16:58:11 - [TEST_STEP][PASSED] - Statement - counter = counter + 1: null

2018-12-11 16:58:11 - [TEST_STEP][PASSED] - Statement - PreSaveFile = new java.io.File(((pathPrefix + java.lang.Integer.toString(counter)) + .png)): null

2018-12-11 16:58:11 - [TEST_STEP][PASSED] - Statement - counter = counter + 1: null

2018-12-11 16:58:11 - [TEST_STEP][PASSED] - Statement - PreSaveFile = new java.io.File(((pathPrefix + java.lang.Integer.toString(counter)) + .png)): null

2018-12-11 16:58:11 - [TEST_STEP][PASSED] - Statement - counter = counter + 1: null

2018-12-11 16:58:11 - [TEST_STEP][PASSED] - Statement - PreSaveFile = new java.io.File(((pathPrefix + java.lang.Integer.toString(counter)) + .png)): null

2018-12-11 16:58:11 - [TEST_STEP][PASSED] - Statement - counter = counter + 1: null

2018-12-11 16:58:11 - [TEST_STEP][PASSED] - Statement - PreSaveFile = new java.io.File(((pathPrefix + java.lang.Integer.toString(counter)) + .png)): null

2018-12-11 16:58:11 - [TEST_STEP][PASSED] - Statement - counter = counter + 1: null

2018-12-11 16:58:11 - [TEST_STEP][PASSED] - Statement - PreSaveFile = new java.io.File(((pathPrefix + java.lang.Integer.toString(counter)) + .png)): null

2018-12-11 16:58:11 - [TEST_STEP][PASSED] - Statement - counter = counter + 1: null

2018-12-11 16:58:11 - [TEST_STEP][PASSED] - Statement - PreSaveFile = new java.io.File(((pathPrefix + java.lang.Integer.toString(counter)) + .png)): null

2018-12-11 16:58:11 - [TEST_STEP][PASSED] - Statement - counter = counter + 1: null

2018-12-11 16:58:11 - [TEST_STEP][PASSED] - Statement - PreSaveFile = new java.io.File(((pathPrefix + java.lang.Integer.toString(counter)) + .png)): null

2018-12-11 16:58:11 - [TEST_STEP][PASSED] - Statement - counter = counter + 1: null

2018-12-11 16:58:11 - [TEST_STEP][PASSED] - Statement - PreSaveFile = new java.io.File(((pathPrefix + java.lang.Integer.toString(counter)) + .png)): null

2018-12-11 16:58:11 - [TEST_STEP][PASSED] - Statement - counter = counter + 1: null

2018-12-11 16:58:11 - [TEST_STEP][PASSED] - Statement - PreSaveFile = new java.io.File(((pathPrefix + java.lang.Integer.toString(counter)) + .png)): null

2018-12-11 16:58:11 - [TEST_STEP][PASSED] - Statement - counter = counter + 1: null

2018-12-11 16:58:11 - [TEST_STEP][PASSED] - Statement - PreSaveFile = new java.io.File(((pathPrefix + java.lang.Integer.toString(counter)) + .png)): null

2018-12-11 16:58:11 - [TEST_STEP][PASSED] - Statement - counter = counter + 1: null

2018-12-11 16:58:11 - [TEST_STEP][PASSED] - Statement - PreSaveFile = new java.io.File(((pathPrefix + java.lang.Integer.toString(counter)) + .png)): null

2018-12-11 16:58:11 - [TEST_STEP][PASSED] - Statement - counter = counter + 1: null

2018-12-11 16:58:11 - [TEST_STEP][PASSED] - Statement - PreSaveFile = new java.io.File(((pathPrefix + java.lang.Integer.toString(counter)) + .png)): null

2018-12-11 16:58:11 - [TEST_STEP][PASSED] - Statement - counter = counter + 1: null

2018-12-11 16:58:11 - [TEST_STEP][PASSED] - Statement - PreSaveFile = new java.io.File(((pathPrefix + java.lang.Integer.toString(counter)) + .png)): null

2018-12-11 16:58:11 - [TEST_STEP][PASSED] - Statement - counter = counter + 1: null

2018-12-11 16:58:11 - [TEST_STEP][PASSED] - Statement - PreSaveFile = new java.io.File(((pathPrefix + java.lang.Integer.toString(counter)) + .png)): null

2018-12-11 16:58:11 - [TEST_STEP][PASSED] - Statement - counter = counter + 1: null

2018-12-11 16:58:11 - [TEST_STEP][PASSED] - Statement - PreSaveFile = new java.io.File(((pathPrefix + java.lang.Integer.toString(counter)) + .png)): null

2018-12-11 16:58:11 - [TEST_STEP][PASSED] - Statement - counter = counter + 1: null

2018-12-11 16:58:11 - [TEST_STEP][PASSED] - Statement - PreSaveFile = new java.io.File(((pathPrefix + java.lang.Integer.toString(counter)) + .png)): null

2018-12-11 16:58:11 - [TEST_STEP][PASSED] - Statement - counter = counter + 1: null

2018-12-11 16:58:11 - [TEST_STEP][PASSED] - Statement - PreSaveFile = new java.io.File(((pathPrefix + java.lang.Integer.toString(counter)) + .png)): null

2018-12-11 16:58:11 - [TEST_STEP][PASSED] - Statement - counter = counter + 1: null

2018-12-11 16:58:11 - [TEST_STEP][PASSED] - Statement - PreSaveFile = new java.io.File(((pathPrefix + java.lang.Integer.toString(counter)) + .png)): null

2018-12-11 16:58:11 - [TEST_STEP][PASSED] - Statement - counter = counter + 1: null

2018-12-11 16:58:11 - [TEST_STEP][PASSED] - Statement - PreSaveFile = new java.io.File(((pathPrefix + java.lang.Integer.toString(counter)) + .png)): null

2018-12-11 16:58:11 - [TEST_STEP][PASSED] - Statement - counter = counter + 1: null

2018-12-11 16:58:11 - [TEST_STEP][PASSED] - Statement - PreSaveFile = new java.io.File(((pathPrefix + java.lang.Integer.toString(counter)) + .png)): null

2018-12-11 16:58:11 - [TEST_STEP][PASSED] - Statement - counter = counter + 1: null

2018-12-11 16:58:11 - [TEST_STEP][PASSED] - Statement - PreSaveFile = new java.io.File(((pathPrefix + java.lang.Integer.toString(counter)) + .png)): null

2018-12-11 16:58:11 - [TEST_STEP][PASSED] - Statement - counter = counter + 1: null

2018-12-11 16:58:11 - [TEST_STEP][PASSED] - Statement - PreSaveFile = new java.io.File(((pathPrefix + java.lang.Integer.toString(counter)) + .png)): null

2018-12-11 16:58:11 - [TEST_STEP][PASSED] - Statement - counter = counter + 1: null

2018-12-11 16:58:11 - [TEST_STEP][PASSED] - Statement - PreSaveFile = new java.io.File(((pathPrefix + java.lang.Integer.toString(counter)) + .png)): null

2018-12-11 16:58:11 - [TEST_STEP][PASSED] - Statement - counter = counter + 1: null

2018-12-11 16:58:11 - [TEST_STEP][PASSED] - Statement - PreSaveFile = new java.io.File(((pathPrefix + java.lang.Integer.toString(counter)) + .png)): null

2018-12-11 16:58:11 - [TEST_STEP][PASSED] - Statement - counter = counter + 1: null

2018-12-11 16:58:11 - [TEST_STEP][PASSED] - Statement - PreSaveFile = new java.io.File(((pathPrefix + java.lang.Integer.toString(counter)) + .png)): null

2018-12-11 16:58:11 - [TEST_STEP][PASSED] - Statement - counter = counter + 1: null

2018-12-11 16:58:11 - [TEST_STEP][PASSED] - Statement - PreSaveFile = new java.io.File(((pathPrefix + java.lang.Integer.toString(counter)) + .png)): null

2018-12-11 16:58:11 - [TEST_STEP][PASSED] - Statement - counter = counter + 1: null

2018-12-11 16:58:11 - [TEST_STEP][PASSED] - Statement - PreSaveFile = new java.io.File(((pathPrefix + java.lang.Integer.toString(counter)) + .png)): null

2018-12-11 16:58:11 - [TEST_STEP][PASSED] - Statement - counter = counter + 1: null

2018-12-11 16:58:11 - [TEST_STEP][PASSED] - Statement - PreSaveFile = new java.io.File(((pathPrefix + java.lang.Integer.toString(counter)) + .png)): null

2018-12-11 16:58:11 - [TEST_STEP][PASSED] - Statement - counter = counter + 1: null

2018-12-11 16:58:11 - [TEST_STEP][PASSED] - Statement - PreSaveFile = new java.io.File(((pathPrefix + java.lang.Integer.toString(counter)) + .png)): null

2018-12-11 16:58:11 - [TEST_STEP][PASSED] - Statement - counter = counter + 1: null

2018-12-11 16:58:11 - [TEST_STEP][PASSED] - Statement - PreSaveFile = new java.io.File(((pathPrefix + java.lang.Integer.toString(counter)) + .png)): null

2018-12-11 16:58:11 - [TEST_STEP][PASSED] - Statement - counter = counter + 1: null

2018-12-11 16:58:11 - [TEST_STEP][PASSED] - Statement - PreSaveFile = new java.io.File(((pathPrefix + java.lang.Integer.toString(counter)) + .png)): null

2018-12-11 16:58:11 - [TEST_STEP][PASSED] - Statement - counter = counter + 1: null

2018-12-11 16:58:11 - [TEST_STEP][PASSED] - Statement - PreSaveFile = new java.io.File(((pathPrefix + java.lang.Integer.toString(counter)) + .png)): null

2018-12-11 16:58:11 - [TEST_STEP][PASSED] - Statement - counter = counter + 1: null

2018-12-11 16:58:11 - [TEST_STEP][PASSED] - Statement - PreSaveFile = new java.io.File(((pathPrefix + java.lang.Integer.toString(counter)) + .png)): null

2018-12-11 16:58:11 - [TEST_STEP][PASSED] - Statement - counter = counter + 1: null

2018-12-11 16:58:11 - [TEST_STEP][PASSED] - Statement - PreSaveFile = new java.io.File(((pathPrefix + java.lang.Integer.toString(counter)) + .png)): null

2018-12-11 16:58:11 - [TEST_STEP][PASSED] - Statement - counter = counter + 1: null

2018-12-11 16:58:11 - [TEST_STEP][PASSED] - Statement - PreSaveFile = new java.io.File(((pathPrefix + java.lang.Integer.toString(counter)) + .png)): null

2018-12-11 16:58:11 - [TEST_STEP][PASSED] - Statement - counter = counter + 1: null

2018-12-11 16:58:11 - [TEST_STEP][PASSED] - Statement - PreSaveFile = new java.io.File(((pathPrefix + java.lang.Integer.toString(counter)) + .png)): null

2018-12-11 16:58:11 - [TEST_STEP][PASSED] - Statement - counter = counter + 1: null

2018-12-11 16:58:11 - [TEST_STEP][PASSED] - Statement - PreSaveFile = new java.io.File(((pathPrefix + java.lang.Integer.toString(counter)) + .png)): null

2018-12-11 16:58:11 - [TEST_STEP][PASSED] - Statement - counter = counter + 1: null

2018-12-11 16:58:11 - [TEST_STEP][PASSED] - Statement - PreSaveFile = new java.io.File(((pathPrefix + java.lang.Integer.toString(counter)) + .png)): null

2018-12-11 16:58:11 - [TEST_STEP][PASSED] - Statement - counter = counter + 1: null

2018-12-11 16:58:11 - [TEST_STEP][PASSED] - Statement - PreSaveFile = new java.io.File(((pathPrefix + java.lang.Integer.toString(counter)) + .png)): null

2018-12-11 16:58:11 - [TEST_STEP][PASSED] - Statement - counter = counter + 1: null

2018-12-11 16:58:11 - [TEST_STEP][PASSED] - Statement - PreSaveFile = new java.io.File(((pathPrefix + java.lang.Integer.toString(counter)) + .png)): null

2018-12-11 16:58:11 - [TEST_STEP][PASSED] - Statement - counter = counter + 1: null

2018-12-11 16:58:11 - [TEST_STEP][PASSED] - Statement - PreSaveFile = new java.io.File(((pathPrefix + java.lang.Integer.toString(counter)) + .png)): null

2018-12-11 16:58:11 - [TEST_STEP][PASSED] - Statement - counter = counter + 1: null

2018-12-11 16:58:11 - [TEST_STEP][PASSED] - Statement - PreSaveFile = new java.io.File(((pathPrefix + java.lang.Integer.toString(counter)) + .png)): null

2018-12-11 16:58:11 - [TEST_STEP][PASSED] - Statement - counter = counter + 1: null

2018-12-11 16:58:11 - [TEST_STEP][PASSED] - Statement - PreSaveFile = new java.io.File(((pathPrefix + java.lang.Integer.toString(counter)) + .png)): null

2018-12-11 16:58:11 - [TEST_STEP][PASSED] - Statement - counter = counter + 1: null

2018-12-11 16:58:11 - [TEST_STEP][PASSED] - Statement - PreSaveFile = new java.io.File(((pathPrefix + java.lang.Integer.toString(counter)) + .png)): null

2018-12-11 16:58:11 - [TEST_STEP][PASSED] - Statement - counter = counter + 1: null

2018-12-11 16:58:11 - [TEST_STEP][PASSED] - Statement - PreSaveFile = new java.io.File(((pathPrefix + java.lang.Integer.toString(counter)) + .png)): null

2018-12-11 16:58:11 - [TEST_STEP][PASSED] - Statement - counter = counter + 1: null

2018-12-11 16:58:11 - [TEST_STEP][PASSED] - Statement - PreSaveFile = new java.io.File(((pathPrefix + java.lang.Integer.toString(counter)) + .png)): null

2018-12-11 16:58:11 - [TEST_STEP][PASSED] - Statement - counter = counter + 1: null

2018-12-11 16:58:11 - [TEST_STEP][PASSED] - Statement - PreSaveFile = new java.io.File(((pathPrefix + java.lang.Integer.toString(counter)) + .png)): null

2018-12-11 16:58:11 - [TEST_STEP][PASSED] - Statement - counter = counter + 1: null

2018-12-11 16:58:11 - [TEST_STEP][PASSED] - Statement - PreSaveFile = new java.io.File(((pathPrefix + java.lang.Integer.toString(counter)) + .png)): null

2018-12-11 16:58:11 - [TEST_STEP][PASSED] - Statement - counter = counter + 1: null

2018-12-11 16:58:11 - [TEST_STEP][PASSED] - Statement - PreSaveFile = new java.io.File(((pathPrefix + java.lang.Integer.toString(counter)) + .png)): null

2018-12-11 16:58:11 - [TEST_STEP][PASSED] - Statement - counter = counter + 1: null

2018-12-11 16:58:11 - [TEST_STEP][PASSED] - Statement - PreSaveFile = new java.io.File(((pathPrefix + java.lang.Integer.toString(counter)) + .png)): null

2018-12-11 16:58:11 - [TEST_STEP][PASSED] - Statement - counter = counter + 1: null

2018-12-11 16:58:11 - [TEST_STEP][PASSED] - Statement - PreSaveFile = new java.io.File(((pathPrefix + java.lang.Integer.toString(counter)) + .png)): null

2018-12-11 16:58:11 - [TEST_STEP][PASSED] - Statement - counter = counter + 1: null

2018-12-11 16:58:11 - [TEST_STEP][PASSED] - Statement - PreSaveFile = new java.io.File(((pathPrefix + java.lang.Integer.toString(counter)) + .png)): null

2018-12-11 16:58:11 - [TEST_STEP][PASSED] - Statement - counter = counter + 1: null

2018-12-11 16:58:11 - [TEST_STEP][PASSED] - Statement - PreSaveFile = new java.io.File(((pathPrefix + java.lang.Integer.toString(counter)) + .png)): null

2018-12-11 16:58:11 - [TEST_STEP][PASSED] - Statement - counter = counter + 1: null

2018-12-11 16:58:11 - [TEST_STEP][PASSED] - Statement - PreSaveFile = new java.io.File(((pathPrefix + java.lang.Integer.toString(counter)) + .png)): null

2018-12-11 16:58:11 - [TEST_STEP][PASSED] - Statement - counter = counter + 1: null

2018-12-11 16:58:11 - [TEST_STEP][PASSED] - Statement - PreSaveFile = new java.io.File(((pathPrefix + java.lang.Integer.toString(counter)) + .png)): null

2018-12-11 16:58:12 - [TEST_STEP][PASSED] - Statement - finalPath = pathPrefix + java.lang.Integer.toString(counter) + ".png": null

2018-12-11 16:58:12 - [TEST_STEP][PASSED] - Statement - SaveFile = new java.io.File(finalPath): null

2018-12-11 16:58:12 - [TEST_STEP][PASSED] - Statement - Try: null

2018-12-11 16:58:12 - [TEST_STEP][PASSED] - Statement - org.apache.commons.io.FileUtils.copyFile(scrFile, SaveFile): null

2018-12-11 16:58:12 - [TEST_STEP][PASSED] - Statement - out.println("file kept"): null

2018-12-11 16:58:12 - [TEST_STEP][PASSED] - delay: Delayed 10 second(s)

2018-12-11 16:58:22 - [MESSAGE][PASSED] - Delayed 10 second(s)

2018-12-11 16:58:22 - [MESSAGE][PASSED] - Call Test Case 'Test Cases/Final Aug 2018 - PKS Automation/Common/Screenshoting tool' successfully

2018-12-11 16:58:22 - [TEST_STEP][PASSED] - callTestCase: Call Test Case 'Test Cases/Final Aug 2018 - PKS Automation/Registration Module/Log Out/log out avoiding katalon tagging' successfully

2018-12-11 16:58:22 - [TEST_CASE][PASSED] - Test Cases/Final Aug 2018 - PKS Automation/Registration Module/Log Out/log out avoiding katalon tagging: Test Cases/Final Aug 2018 - PKS Automation/Registration Module/Log Out/log out avoiding katalon tagging

2018-12-11 16:58:22 - [TEST_STEP][PASSED] - navigateToUrl: Navigate to 'https://assist2-uat.perkeso.gov.my/c/portal/logout' successfully

2018-12-11 16:58:22 - [MESSAGE][PASSED] - Navigate to 'https://assist2-uat.perkeso.gov.my/c/portal/logout' successfully

2018-12-11 16:58:22 - [MESSAGE][PASSED] - Call Test Case 'Test Cases/Final Aug 2018 - PKS Automation/Registration Module/Log Out/log out avoiding katalon tagging' successfully

2018-12-11 16:58:22 - [TEST_STEP][PASSED] - callTestCase: Call Test Case 'Test Cases/Final Aug 2018 - PKS Automation/Common/Workflow Owner Finder' successfully

2018-12-11 16:58:22 - [TEST_CASE][PASSED] - Test Cases/Final Aug 2018 - PKS Automation/Common/Workflow Owner Finder: Test Cases/Final Aug 2018 - PKS Automation/Common/Workflow Owner Finder

2018-12-11 16:58:22 - [TEST_STEP][PASSED] - openBrowser: Browser is opened with url: ''

2018-12-11 16:58:22 - [MESSAGE][WARNING] - A browser is already opened. Closing browser and opening a new one

2018-12-11 16:58:26 - [MESSAGE][PASSED] - Browser is opened with url: ''

2018-12-11 16:58:26 - [TEST_STEP][PASSED] - navigateToUrl: Navigate to 'https://assist2-uat.perkeso.gov.my/login' successfully

2018-12-11 16:58:28 - [MESSAGE][PASSED] - Navigate to 'https://assist2-uat.perkeso.gov.my/login' successfully

2018-12-11 16:58:28 - [TEST_STEP][PASSED] - delay: Delayed 5 second(s)

2018-12-11 16:58:33 - [MESSAGE][PASSED] - Delayed 5 second(s)

2018-12-11 16:58:33 - [TEST_STEP][PASSED] - setText: Text 'test@liferay.com' is set on object 'Object Repository/Final Object Repo/Login Page/Internal User/Email Address'

2018-12-11 16:58:33 - [MESSAGE][PASSED] - Text 'test@liferay.com' is set on object 'Object Repository/Final Object Repo/Login Page/Internal User/Email Address'

2018-12-11 16:58:33 - [TEST_STEP][PASSED] - click: Object: 'Object Repository/Final Object Repo/Login Page/Internal User/Next Button' is clicked on

2018-12-11 16:58:33 - [MESSAGE][PASSED] - Object: 'Object Repository/Final Object Repo/Login Page/Internal User/Next Button' is clicked on

2018-12-11 16:58:33 - [TEST_STEP][PASSED] - delay: Delayed 2 second(s)

2018-12-11 16:58:35 - [MESSAGE][PASSED] - Delayed 2 second(s)

2018-12-11 16:58:35 - [TEST_STEP][PASSED] - setText: Text 'test' is set on object 'Object Repository/Final Object Repo/Login Page/Internal User/Password'

2018-12-11 16:58:35 - [MESSAGE][PASSED] - Text 'test' is set on object 'Object Repository/Final Object Repo/Login Page/Internal User/Password'

2018-12-11 16:58:35 - [TEST_STEP][PASSED] - delay: Delayed 2 second(s)

2018-12-11 16:58:37 - [MESSAGE][PASSED] - Delayed 2 second(s)

2018-12-11 16:58:37 - [TEST_STEP][PASSED] - click: Object: 'Object Repository/Final Object Repo/Login Page/Internal User/Login Button' is clicked on

2018-12-11 16:58:37 - [MESSAGE][PASSED] - Object: 'Object Repository/Final Object Repo/Login Page/Internal User/Login Button' is clicked on

2018-12-11 16:58:37 - [TEST_STEP][PASSED] - Statement - tester = com.kms.katalon.core.testobject.ObjectRepository.findTestObject(Final Object Repo/Landing Page/Select to English): Finding Test Object with id 'Object Repository/Final Object Repo/Landing Page/Select to English'

2018-12-11 16:58:37 - [TEST_STEP][PASSED] - Statement - Try: Delayed 2 second(s)

2018-12-11 16:58:37 - [TEST_STEP][PASSED] - Statement - Checker = com.kms.katalon.core.webui.keyword.WebUiBuiltInKeywords.verifyElementNotPresent(tester, 3): Web element with id: 'Object Repository/Final Object Repo/Landing Page/Select to English' located by 'By.xpath: //a[@class = 'taglib-language-list-text' and @lang = 'en-US' and (contains(text(), 'EN') or contains(., 'EN'))]' is not present after '3' second(s)

2018-12-11 16:58:40 - [MESSAGE][PASSED] - Web element with id: 'Object Repository/Final Object Repo/Landing Page/Select to English' located by 'By.xpath: //a[@class = 'taglib-language-list-text' and @lang = 'en-US' and (contains(text(), 'EN') or contains(., 'EN'))]' is not present after '3' second(s)

2018-12-11 16:58:40 - [TEST_STEP][PASSED] - Statement - If (Checker == false): null

2018-12-11 16:58:40 - [TEST_STEP][PASSED] - delay: Delayed 2 second(s)

2018-12-11 16:58:42 - [MESSAGE][PASSED] - Delayed 2 second(s)

2018-12-11 16:58:42 - [TEST_STEP][PASSED] - delay: Delayed 5 second(s)

2018-12-11 16:58:47 - [MESSAGE][PASSED] - Delayed 5 second(s)

2018-12-11 16:58:47 - [TEST_STEP][PASSED] - mouseOver: Object: 'Object Repository/Final Object Repo/Landing Page/WorkFlow Menu' is hovered

2018-12-11 16:58:47 - [MESSAGE][PASSED] - Object: 'Object Repository/Final Object Repo/Landing Page/WorkFlow Menu' is hovered

2018-12-11 16:58:47 - [TEST_STEP][PASSED] - delay: Delayed 2 second(s)

2018-12-11 16:58:49 - [MESSAGE][PASSED] - Delayed 2 second(s)

2018-12-11 16:58:49 - [TEST_STEP][PASSED] - click: Object: 'Object Repository/Final Object Repo/Landing Page/Select to Workflow Listing' is clicked on

2018-12-11 16:58:50 - [MESSAGE][PASSED] - Object: 'Object Repository/Final Object Repo/Landing Page/Select to Workflow Listing' is clicked on

2018-12-11 16:58:50 - [TEST_STEP][PASSED] - delay: Delayed 2 second(s)

2018-12-11 16:58:52 - [MESSAGE][PASSED] - Delayed 2 second(s)

2018-12-11 16:58:52 - [TEST_STEP][PASSED] - click: Object: 'Object Repository/Final Object Repo/WorkFlow Listing Page/Search Information - To Put Ref No' is clicked on

2018-12-11 16:58:52 - [MESSAGE][PASSED] - Object: 'Object Repository/Final Object Repo/WorkFlow Listing Page/Search Information - To Put Ref No' is clicked on

2018-12-11 16:58:52 - [TEST_STEP][PASSED] - delay: Delayed 2 second(s)

2018-12-11 16:58:54 - [MESSAGE][PASSED] - Delayed 2 second(s)

2018-12-11 16:58:54 - [TEST_STEP][PASSED] - callTestCase: Call Test Case 'Test Cases/Final Aug 2018 - PKS Automation/Common/Reference Number Getter' successfully

2018-12-11 16:58:54 - [TEST_CASE][PASSED] - Test Cases/Final Aug 2018 - PKS Automation/Common/Reference Number Getter: Test Cases/Final Aug 2018 - PKS Automation/Common/Reference Number Getter

2018-12-11 16:58:54 - [TEST_STEP][PASSED] - Statement - Try: null

2018-12-11 16:58:54 - [TEST_STEP][PASSED] - Statement - RefNo = new java.io.File(C://Users//Admin//Desktop//PKS//Automation Reference Point//KatalonReference.txt): null

2018-12-11 16:58:54 - [TEST_STEP][PASSED] - Statement - bufferread = new java.io.BufferedReader(new java.io.FileReader(RefNo)): null

2018-12-11 16:58:54 - [TEST_STEP][PASSED] - Statement - readedVal = bufferread.readLine(): null

2018-12-11 16:58:54 - [TEST_STEP][PASSED] - Statement - out.println(CaseReferenceNo): null

2018-12-11 16:58:54 - [TEST_STEP][PASSED] - Statement - out.println(readedVal): null

2018-12-11 16:58:54 - [TEST_STEP][PASSED] - Statement - CaseReferenceNo = "": null

2018-12-11 16:58:54 - [TEST_STEP][PASSED] - Statement - CaseReferenceNo = readedVal: null

2018-12-11 16:58:54 - [MESSAGE][PASSED] - Call Test Case 'Test Cases/Final Aug 2018 - PKS Automation/Common/Reference Number Getter' successfully

2018-12-11 16:58:54 - [TEST_STEP][PASSED] - setText: Text 'CAN12201800002305' is set on object 'Object Repository/Final Object Repo/WorkFlow Listing Page/Ref No Set Text'

2018-12-11 16:58:54 - [MESSAGE][PASSED] - Text 'CAN12201800002305' is set on object 'Object Repository/Final Object Repo/WorkFlow Listing Page/Ref No Set Text'

2018-12-11 16:58:54 - [TEST_STEP][PASSED] - delay: Delayed 2 second(s)

2018-12-11 16:58:56 - [MESSAGE][PASSED] - Delayed 2 second(s)

2018-12-11 16:58:56 - [TEST_STEP][PASSED] - click: Object: 'Object Repository/Final Object Repo/WorkFlow Listing Page/Search Ref No Search Button' is clicked on

2018-12-11 16:58:56 - [MESSAGE][PASSED] - Object: 'Object Repository/Final Object Repo/WorkFlow Listing Page/Search Ref No Search Button' is clicked on

2018-12-11 16:58:56 - [TEST_STEP][PASSED] - delay: Delayed 6 second(s)

2018-12-11 16:59:02 - [MESSAGE][PASSED] - Delayed 6 second(s)

2018-12-11 16:59:02 - [TEST_STEP][PASSED] - click: Object: 'Object Repository/Final Object Repo/WorkFlow Listing Page/Click Continue Tooltip' is clicked on

2018-12-11 16:59:03 - [MESSAGE][PASSED] - Object: 'Object Repository/Final Object Repo/WorkFlow Listing Page/Click Continue Tooltip' is clicked on

2018-12-11 16:59:03 - [TEST_STEP][PASSED] - delay: Delayed 5 second(s)

2018-12-11 16:59:08 - [MESSAGE][PASSED] - Delayed 5 second(s)

2018-12-11 16:59:08 - [TEST_STEP][PASSED] - doubleClick: Object: 'Object Repository/Final Object Repo/WorkFlow Listing Page/Workflow Found - Listing 1' is double clicked on

2018-12-11 16:59:09 - [MESSAGE][PASSED] - Object: 'Object Repository/Final Object Repo/WorkFlow Listing Page/Workflow Found - Listing 1' is double clicked on

2018-12-11 16:59:09 - [TEST_STEP][PASSED] - Statement - println(OwnerID): null

2018-12-11 16:59:09 - [TEST_STEP][PASSED] - Statement - OwnerID = com.kms.katalon.core.webui.keyword.WebUiBuiltInKeywords.getText(com.kms.katalon.core.testobject.ObjectRepository.findTestObject(Final Object Repo/WorkFlow Listing Page/Workflow Found - Listing 1), STOP_ON_FAILURE): Text of object 'Object Repository/Final Object Repo/WorkFlow Listing Page/Workflow Found - Listing 1' is: 'JOHORro3'

2018-12-11 16:59:09 - [MESSAGE][PASSED] - Text of object 'Object Repository/Final Object Repo/WorkFlow Listing Page/Workflow Found - Listing 1' is: 'JOHORro3'

2018-12-11 16:59:09 - [TEST_STEP][PASSED] - Statement - OwnerID = OwnerID.toLowerCase() + "@gmail.com": null

2018-12-11 16:59:09 - [TEST_STEP][PASSED] - Statement - println(OwnerID): null

2018-12-11 16:59:09 - [TEST_STEP][PASSED] - delay: Delayed 2 second(s)

2018-12-11 16:59:11 - [MESSAGE][PASSED] - Delayed 2 second(s)

2018-12-11 16:59:11 - [MESSAGE][PASSED] - Call Test Case 'Test Cases/Final Aug 2018 - PKS Automation/Common/Workflow Owner Finder' successfully

2018-12-11 16:59:11 - [TEST_STEP][PASSED] - callTestCase: Call Test Case 'Test Cases/Final Aug 2018 - PKS Automation/Registration Module/Log Out/log out avoiding katalon tagging' successfully

2018-12-11 16:59:11 - [TEST_CASE][PASSED] - Test Cases/Final Aug 2018 - PKS Automation/Registration Module/Log Out/log out avoiding katalon tagging: Test Cases/Final Aug 2018 - PKS Automation/Registration Module/Log Out/log out avoiding katalon tagging

2018-12-11 16:59:11 - [TEST_STEP][PASSED] - navigateToUrl: Navigate to 'https://assist2-uat.perkeso.gov.my/c/portal/logout' successfully

2018-12-11 16:59:12 - [MESSAGE][PASSED] - Navigate to 'https://assist2-uat.perkeso.gov.my/c/portal/logout' successfully

2018-12-11 16:59:12 - [MESSAGE][PASSED] - Call Test Case 'Test Cases/Final Aug 2018 - PKS Automation/Registration Module/Log Out/log out avoiding katalon tagging' successfully

2018-12-11 16:59:12 - [TEST_STEP][PASSED] - delay: Delayed 2 second(s)

2018-12-11 16:59:14 - [MESSAGE][PASSED] - Delayed 2 second(s)

2018-12-11 16:59:14 - [TEST_STEP][PASSED] - setText: Text 'johorro3@gmail.com' is set on object 'Object Repository/Final Object Repo/Page_Update Add New Employee - ASSIST/Email TextBox'

2018-12-11 16:59:14 - [MESSAGE][PASSED] - Text 'johorro3@gmail.com' is set on object 'Object Repository/Final Object Repo/Page_Update Add New Employee - ASSIST/Email TextBox'

2018-12-11 16:59:14 - [TEST_STEP][PASSED] - click: Object: 'Object Repository/Final Object Repo/Page_Update Add New Employee - ASSIST/Next Button' is clicked on

2018-12-11 16:59:14 - [MESSAGE][PASSED] - Object: 'Object Repository/Final Object Repo/Page_Update Add New Employee - ASSIST/Next Button' is clicked on

2018-12-11 16:59:14 - [TEST_STEP][PASSED] - delay: Delayed 2 second(s)

2018-12-11 16:59:16 - [MESSAGE][PASSED] - Delayed 2 second(s)

2018-12-11 16:59:16 - [TEST_STEP][PASSED] - setText: Text 'Test1@3456789' is set on object 'Object Repository/Final Object Repo/Page_Update Add New Employee - ASSIST/Password TextBox'

2018-12-11 16:59:16 - [MESSAGE][PASSED] - Text 'Test1@3456789' is set on object 'Object Repository/Final Object Repo/Page_Update Add New Employee - ASSIST/Password TextBox'

2018-12-11 16:59:16 - [TEST_STEP][PASSED] - delay: Delayed 2 second(s)

2018-12-11 16:59:18 - [MESSAGE][PASSED] - Delayed 2 second(s)

2018-12-11 16:59:18 - [TEST_STEP][PASSED] - click: Object: 'Object Repository/Final Object Repo/Page_Update Add New Employee - ASSIST/Login Button' is clicked on

2018-12-11 16:59:18 - [MESSAGE][PASSED] - Object: 'Object Repository/Final Object Repo/Page_Update Add New Employee - ASSIST/Login Button' is clicked on

2018-12-11 16:59:18 - [TEST_STEP][PASSED] - delay: Delayed 4 second(s)

2018-12-11 16:59:22 - [MESSAGE][PASSED] - Delayed 4 second(s)

2018-12-11 16:59:22 - [TEST_STEP][PASSED] - Statement - Try: Delayed 2 second(s)

2018-12-11 16:59:22 - [TEST_STEP][PASSED] - Statement - Checker = false: null

2018-12-11 16:59:22 - [TEST_STEP][PASSED] - Statement - Checker = com.kms.katalon.core.webui.keyword.WebUiBuiltInKeywords.verifyElementHasAttribute(com.kms.katalon.core.testobject.ObjectRepository.findTestObject(Final Object Repo/Landing Page/BM Detecting), "href", 20, OPTIONAL): Object 'Object Repository/Final Object Repo/Landing Page/BM Detecting' has attribute 'href'

2018-12-11 16:59:23 - [MESSAGE][PASSED] - Object 'Object Repository/Final Object Repo/Landing Page/BM Detecting' has attribute 'href'

2018-12-11 16:59:23 - [TEST_STEP][PASSED] - Statement - out.println(Checker): null

2018-12-11 16:59:23 - [TEST_STEP][PASSED] - Statement - If (Checker == false): null

2018-12-11 16:59:23 - [TEST_STEP][PASSED] - Statement - Else: null

2018-12-11 16:59:23 - [TEST_STEP][PASSED] - delay: Delayed 2 second(s)

2018-12-11 16:59:25 - [MESSAGE][PASSED] - Delayed 2 second(s)

2018-12-11 16:59:25 - [TEST_STEP][PASSED] - delay: Delayed 4 second(s)

2018-12-11 16:59:29 - [MESSAGE][PASSED] - Delayed 4 second(s)

2018-12-11 16:59:29 - [TEST_STEP][PASSED] - click: Object: 'Object Repository/Final Object Repo/New Registration - Registration Module Pages/New Reg - OTC to RO/Special Case - All Related Objects/Expand to Search' is clicked on

2018-12-11 16:59:29 - [MESSAGE][PASSED] - Object: 'Object Repository/Final Object Repo/New Registration - Registration Module Pages/New Reg - OTC to RO/Special Case - All Related Objects/Expand to Search' is clicked on

2018-12-11 16:59:29 - [TEST_STEP][PASSED] - setText: Text 'CAN12201800002305' is set on object 'Object Repository/Final Object Repo/New Registration - Registration Module Pages/New Reg - OTC to RO/Special Case - All Related Objects/TextBox RefNo in Workbasket'

2018-12-11 16:59:29 - [MESSAGE][PASSED] - Text 'CAN12201800002305' is set on object 'Object Repository/Final Object Repo/New Registration - Registration Module Pages/New Reg - OTC to RO/Special Case - All Related Objects/TextBox RefNo in Workbasket'

2018-12-11 16:59:29 - [TEST_STEP][PASSED] - delay: Delayed 2 second(s)

2018-12-11 16:59:31 - [MESSAGE][PASSED] - Delayed 2 second(s)

2018-12-11 16:59:31 - [TEST_STEP][PASSED] - click: Object: 'Object Repository/Final Object Repo/New Registration - Registration Module Pages/New Reg - OTC to RO/Special Case - All Related Objects/Click Search' is clicked on

2018-12-11 16:59:31 - [MESSAGE][PASSED] - Object: 'Object Repository/Final Object Repo/New Registration - Registration Module Pages/New Reg - OTC to RO/Special Case - All Related Objects/Click Search' is clicked on

2018-12-11 16:59:31 - [TEST_STEP][PASSED] - delay: Delayed 2 second(s)

2018-12-11 16:59:33 - [MESSAGE][PASSED] - Delayed 2 second(s)

2018-12-11 16:59:33 - [TEST_STEP][PASSED] - click: Object: 'Object Repository/Final Object Repo/New Registration - Registration Module Pages/New Reg - OTC to RO/Special Case - All Related Objects/Click to Continue Workflow' is clicked on

2018-12-11 16:59:38 - [MESSAGE][PASSED] - Object: 'Object Repository/Final Object Repo/New Registration - Registration Module Pages/New Reg - OTC to RO/Special Case - All Related Objects/Click to Continue Workflow' is clicked on

2018-12-11 16:59:38 - [TEST_STEP][PASSED] - delay: Delayed 10 second(s)

2018-12-11 16:59:48 - [MESSAGE][PASSED] - Delayed 10 second(s)

2018-12-11 16:59:48 - [TEST_STEP][PASSED] - click: Object: 'Object Repository/Final Object Repo/New Registration - Registration Module Pages/New Reg - OTC to RO/Special Case - All Related Objects/Continue Button in verifying case' is clicked on

2018-12-11 16:59:51 - [MESSAGE][PASSED] - Object: 'Object Repository/Final Object Repo/New Registration - Registration Module Pages/New Reg - OTC to RO/Special Case - All Related Objects/Continue Button in verifying case' is clicked on

2018-12-11 16:59:51 - [TEST_STEP][PASSED] - delay: Delayed 2 second(s)

2018-12-11 16:59:53 - [MESSAGE][PASSED] - Delayed 2 second(s)

2018-12-11 16:59:53 - [TEST_STEP][PASSED] - click: Object: 'Object Repository/Final Object Repo/Page_Update Add New Employee - ASSIST/Save  Continue Button' is clicked on

2018-12-11 16:59:53 - [MESSAGE][PASSED] - Object: 'Object Repository/Final Object Repo/Page_Update Add New Employee - ASSIST/Save  Continue Button' is clicked on

2018-12-11 16:59:53 - [TEST_STEP][PASSED] - delay: Delayed 6 second(s)

2018-12-11 16:59:59 - [MESSAGE][PASSED] - Delayed 6 second(s)

2018-12-11 16:59:59 - [TEST_STEP][PASSED] - click: Object: 'Object Repository/Final Object Repo/Page_Update Add New Employee - ASSIST/Save  Continue Third Screen' is clicked on

2018-12-11 17:00:02 - [MESSAGE][PASSED] - Object: 'Object Repository/Final Object Repo/Page_Update Add New Employee - ASSIST/Save  Continue Third Screen' is clicked on

2018-12-11 17:00:02 - [TEST_STEP][PASSED] - delay: Delayed 4 second(s)

2018-12-11 17:00:06 - [MESSAGE][PASSED] - Delayed 4 second(s)

2018-12-11 17:00:06 - [TEST_STEP][PASSED] - setText: Text 'Query the Case' is set on object 'Object Repository/Final Object Repo/Page_Update Add New Employee - ASSIST/Query Text Input'

2018-12-11 17:00:07 - [MESSAGE][PASSED] - Text 'Query the Case' is set on object 'Object Repository/Final Object Repo/Page_Update Add New Employee - ASSIST/Query Text Input'

2018-12-11 17:00:07 - [TEST_STEP][PASSED] - delay: Delayed 4 second(s)

2018-12-11 17:00:11 - [MESSAGE][PASSED] - Delayed 4 second(s)

2018-12-11 17:00:11 - [TEST_STEP][PASSED] - click: Object: 'Object Repository/Final Object Repo/Page_Update Add New Employee - ASSIST/Save   Continue Supporting Doc Page' is clicked on

2018-12-11 17:00:11 - [MESSAGE][PASSED] - Object: 'Object Repository/Final Object Repo/Page_Update Add New Employee - ASSIST/Save   Continue Supporting Doc Page' is clicked on

2018-12-11 17:00:11 - [TEST_STEP][PASSED] - delay: Delayed 4 second(s)

2018-12-11 17:00:15 - [MESSAGE][PASSED] - Delayed 4 second(s)

2018-12-11 17:00:15 - [TEST_STEP][PASSED] - click: Object: 'Object Repository/Final Object Repo/Page_Update Add New Employee - ASSIST/Query Button' is clicked on

2018-12-11 17:00:15 - [MESSAGE][PASSED] - Object: 'Object Repository/Final Object Repo/Page_Update Add New Employee - ASSIST/Query Button' is clicked on

2018-12-11 17:00:15 - [TEST_STEP][PASSED] - delay: Delayed 4 second(s)

2018-12-11 17:00:19 - [MESSAGE][PASSED] - Delayed 4 second(s)

2018-12-11 17:00:19 - [TEST_STEP][PASSED] - click: Object: 'Object Repository/Final Object Repo/Page_Update Add New Employee - ASSIST/Confirm to Query' is clicked on

2018-12-11 17:00:19 - [MESSAGE][PASSED] - Object: 'Object Repository/Final Object Repo/Page_Update Add New Employee - ASSIST/Confirm to Query' is clicked on

2018-12-11 17:00:19 - [TEST_STEP][PASSED] - delay: Delayed 20 second(s)

2018-12-11 17:00:39 - [MESSAGE][PASSED] - Delayed 20 second(s)

2018-12-11 17:00:39 - [TEST_STEP][PASSED] - callTestCase: Call Test Case 'Test Cases/Final Aug 2018 - PKS Automation/Common/Screenshoting tool' successfully

2018-12-11 17:00:39 - [TEST_CASE][PASSED] - Test Cases/Final Aug 2018 - PKS Automation/Common/Screenshoting tool: Test Cases/Final Aug 2018 - PKS Automation/Common/Screenshoting tool

2018-12-11 17:00:39 - [TEST_STEP][PASSED] - delay: Delayed 15 second(s)

2018-12-11 17:00:54 - [MESSAGE][PASSED] - Delayed 15 second(s)

2018-12-11 17:00:54 - [TEST_STEP][PASSED] - Statement - driver = com.kms.katalon.core.webui.driver.DriverFactory.getWebDriver(): null

2018-12-11 17:00:54 - [TEST_STEP][PASSED] - Statement - driver.manage().timeouts().implicitlyWait(10, SECONDS): null

2018-12-11 17:00:54 - [TEST_STEP][PASSED] - Statement - PresavePath = KatalonScreenshots: null

2018-12-11 17:00:54 - [TEST_STEP][PASSED] - Statement - pathPrefix = "C:\Users\Public\Pictures\Sample Pictures\Katalon Screenshots\Automate Ending Screen": null

2018-12-11 17:00:54 - [TEST_STEP][PASSED] - Statement - finalPath = <not implemented yet for class: org.codehaus.groovy.ast.expr.EmptyExpression>: null

2018-12-11 17:00:54 - [TEST_STEP][PASSED] - Statement - scrFile = driver.getScreenshotAs(FILE): null

2018-12-11 17:00:55 - [TEST_STEP][PASSED] - Statement - PreSaveFile = new java.io.File(PresavePath): null

2018-12-11 17:00:55 - [TEST_STEP][PASSED] - Statement - counter = 0: null

2018-12-11 17:00:55 - [TEST_STEP][PASSED] - Statement - If (PreSaveFile.exists()): null

2018-12-11 17:00:55 - [TEST_STEP][PASSED] - Statement - While (PreSaveFile.exists()): null

2018-12-11 17:00:55 - [TEST_STEP][PASSED] - Statement - counter = counter + 1: null

2018-12-11 17:00:55 - [TEST_STEP][PASSED] - Statement - PreSaveFile = new java.io.File(((pathPrefix + java.lang.Integer.toString(counter)) + .png)): null

2018-12-11 17:00:55 - [TEST_STEP][PASSED] - Statement - counter = counter + 1: null

2018-12-11 17:00:55 - [TEST_STEP][PASSED] - Statement - PreSaveFile = new java.io.File(((pathPrefix + java.lang.Integer.toString(counter)) + .png)): null

2018-12-11 17:00:55 - [TEST_STEP][PASSED] - Statement - counter = counter + 1: null

2018-12-11 17:00:55 - [TEST_STEP][PASSED] - Statement - PreSaveFile = new java.io.File(((pathPrefix + java.lang.Integer.toString(counter)) + .png)): null

2018-12-11 17:00:55 - [TEST_STEP][PASSED] - Statement - counter = counter + 1: null

2018-12-11 17:00:55 - [TEST_STEP][PASSED] - Statement - PreSaveFile = new java.io.File(((pathPrefix + java.lang.Integer.toString(counter)) + .png)): null

2018-12-11 17:00:55 - [TEST_STEP][PASSED] - Statement - counter = counter + 1: null

2018-12-11 17:00:55 - [TEST_STEP][PASSED] - Statement - PreSaveFile = new java.io.File(((pathPrefix + java.lang.Integer.toString(counter)) + .png)): null

2018-12-11 17:00:55 - [TEST_STEP][PASSED] - Statement - counter = counter + 1: null

2018-12-11 17:00:55 - [TEST_STEP][PASSED] - Statement - PreSaveFile = new java.io.File(((pathPrefix + java.lang.Integer.toString(counter)) + .png)): null

2018-12-11 17:00:55 - [TEST_STEP][PASSED] - Statement - counter = counter + 1: null

2018-12-11 17:00:55 - [TEST_STEP][PASSED] - Statement - PreSaveFile = new java.io.File(((pathPrefix + java.lang.Integer.toString(counter)) + .png)): null

2018-12-11 17:00:55 - [TEST_STEP][PASSED] - Statement - counter = counter + 1: null

2018-12-11 17:00:55 - [TEST_STEP][PASSED] - Statement - PreSaveFile = new java.io.File(((pathPrefix + java.lang.Integer.toString(counter)) + .png)): null

2018-12-11 17:00:55 - [TEST_STEP][PASSED] - Statement - counter = counter + 1: null

2018-12-11 17:00:55 - [TEST_STEP][PASSED] - Statement - PreSaveFile = new java.io.File(((pathPrefix + java.lang.Integer.toString(counter)) + .png)): null

2018-12-11 17:00:55 - [TEST_STEP][PASSED] - Statement - counter = counter + 1: null

2018-12-11 17:00:55 - [TEST_STEP][PASSED] - Statement - PreSaveFile = new java.io.File(((pathPrefix + java.lang.Integer.toString(counter)) + .png)): null

2018-12-11 17:00:55 - [TEST_STEP][PASSED] - Statement - counter = counter + 1: null

2018-12-11 17:00:55 - [TEST_STEP][PASSED] - Statement - PreSaveFile = new java.io.File(((pathPrefix + java.lang.Integer.toString(counter)) + .png)): null

2018-12-11 17:00:55 - [TEST_STEP][PASSED] - Statement - counter = counter + 1: null

2018-12-11 17:00:55 - [TEST_STEP][PASSED] - Statement - PreSaveFile = new java.io.File(((pathPrefix + java.lang.Integer.toString(counter)) + .png)): null

2018-12-11 17:00:55 - [TEST_STEP][PASSED] - Statement - counter = counter + 1: null

2018-12-11 17:00:55 - [TEST_STEP][PASSED] - Statement - PreSaveFile = new java.io.File(((pathPrefix + java.lang.Integer.toString(counter)) + .png)): null

2018-12-11 17:00:55 - [TEST_STEP][PASSED] - Statement - counter = counter + 1: null

2018-12-11 17:00:55 - [TEST_STEP][PASSED] - Statement - PreSaveFile = new java.io.File(((pathPrefix + java.lang.Integer.toString(counter)) + .png)): null

2018-12-11 17:00:55 - [TEST_STEP][PASSED] - Statement - counter = counter + 1: null

2018-12-11 17:00:55 - [TEST_STEP][PASSED] - Statement - PreSaveFile = new java.io.File(((pathPrefix + java.lang.Integer.toString(counter)) + .png)): null

2018-12-11 17:00:55 - [TEST_STEP][PASSED] - Statement - counter = counter + 1: null

2018-12-11 17:00:55 - [TEST_STEP][PASSED] - Statement - PreSaveFile = new java.io.File(((pathPrefix + java.lang.Integer.toString(counter)) + .png)): null

2018-12-11 17:00:55 - [TEST_STEP][PASSED] - Statement - counter = counter + 1: null

2018-12-11 17:00:55 - [TEST_STEP][PASSED] - Statement - PreSaveFile = new java.io.File(((pathPrefix + java.lang.Integer.toString(counter)) + .png)): null

2018-12-11 17:00:55 - [TEST_STEP][PASSED] - Statement - counter = counter + 1: null

2018-12-11 17:00:55 - [TEST_STEP][PASSED] - Statement - PreSaveFile = new java.io.File(((pathPrefix + java.lang.Integer.toString(counter)) + .png)): null

2018-12-11 17:00:55 - [TEST_STEP][PASSED] - Statement - counter = counter + 1: null

2018-12-11 17:00:55 - [TEST_STEP][PASSED] - Statement - PreSaveFile = new java.io.File(((pathPrefix + java.lang.Integer.toString(counter)) + .png)): null

2018-12-11 17:00:55 - [TEST_STEP][PASSED] - Statement - counter = counter + 1: null

2018-12-11 17:00:55 - [TEST_STEP][PASSED] - Statement - PreSaveFile = new java.io.File(((pathPrefix + java.lang.Integer.toString(counter)) + .png)): null

2018-12-11 17:00:55 - [TEST_STEP][PASSED] - Statement - counter = counter + 1: null

2018-12-11 17:00:55 - [TEST_STEP][PASSED] - Statement - PreSaveFile = new java.io.File(((pathPrefix + java.lang.Integer.toString(counter)) + .png)): null

2018-12-11 17:00:55 - [TEST_STEP][PASSED] - Statement - counter = counter + 1: null

2018-12-11 17:00:55 - [TEST_STEP][PASSED] - Statement - PreSaveFile = new java.io.File(((pathPrefix + java.lang.Integer.toString(counter)) + .png)): null

2018-12-11 17:00:55 - [TEST_STEP][PASSED] - Statement - counter = counter + 1: null

2018-12-11 17:00:55 - [TEST_STEP][PASSED] - Statement - PreSaveFile = new java.io.File(((pathPrefix + java.lang.Integer.toString(counter)) + .png)): null

2018-12-11 17:00:55 - [TEST_STEP][PASSED] - Statement - counter = counter + 1: null

2018-12-11 17:00:55 - [TEST_STEP][PASSED] - Statement - PreSaveFile = new java.io.File(((pathPrefix + java.lang.Integer.toString(counter)) + .png)): null

2018-12-11 17:00:55 - [TEST_STEP][PASSED] - Statement - counter = counter + 1: null

2018-12-11 17:00:55 - [TEST_STEP][PASSED] - Statement - PreSaveFile = new java.io.File(((pathPrefix + java.lang.Integer.toString(counter)) + .png)): null

2018-12-11 17:00:55 - [TEST_STEP][PASSED] - Statement - counter = counter + 1: null

2018-12-11 17:00:55 - [TEST_STEP][PASSED] - Statement - PreSaveFile = new java.io.File(((pathPrefix + java.lang.Integer.toString(counter)) + .png)): null

2018-12-11 17:00:55 - [TEST_STEP][PASSED] - Statement - counter = counter + 1: null

2018-12-11 17:00:55 - [TEST_STEP][PASSED] - Statement - PreSaveFile = new java.io.File(((pathPrefix + java.lang.Integer.toString(counter)) + .png)): null

2018-12-11 17:00:55 - [TEST_STEP][PASSED] - Statement - counter = counter + 1: null

2018-12-11 17:00:55 - [TEST_STEP][PASSED] - Statement - PreSaveFile = new java.io.File(((pathPrefix + java.lang.Integer.toString(counter)) + .png)): null

2018-12-11 17:00:55 - [TEST_STEP][PASSED] - Statement - counter = counter + 1: null

2018-12-11 17:00:55 - [TEST_STEP][PASSED] - Statement - PreSaveFile = new java.io.File(((pathPrefix + java.lang.Integer.toString(counter)) + .png)): null

2018-12-11 17:00:55 - [TEST_STEP][PASSED] - Statement - counter = counter + 1: null

2018-12-11 17:00:55 - [TEST_STEP][PASSED] - Statement - PreSaveFile = new java.io.File(((pathPrefix + java.lang.Integer.toString(counter)) + .png)): null

2018-12-11 17:00:55 - [TEST_STEP][PASSED] - Statement - counter = counter + 1: null

2018-12-11 17:00:55 - [TEST_STEP][PASSED] - Statement - PreSaveFile = new java.io.File(((pathPrefix + java.lang.Integer.toString(counter)) + .png)): null

2018-12-11 17:00:55 - [TEST_STEP][PASSED] - Statement - counter = counter + 1: null

2018-12-11 17:00:55 - [TEST_STEP][PASSED] - Statement - PreSaveFile = new java.io.File(((pathPrefix + java.lang.Integer.toString(counter)) + .png)): null

2018-12-11 17:00:55 - [TEST_STEP][PASSED] - Statement - counter = counter + 1: null

2018-12-11 17:00:55 - [TEST_STEP][PASSED] - Statement - PreSaveFile = new java.io.File(((pathPrefix + java.lang.Integer.toString(counter)) + .png)): null

2018-12-11 17:00:55 - [TEST_STEP][PASSED] - Statement - counter = counter + 1: null

2018-12-11 17:00:55 - [TEST_STEP][PASSED] - Statement - PreSaveFile = new java.io.File(((pathPrefix + java.lang.Integer.toString(counter)) + .png)): null

2018-12-11 17:00:55 - [TEST_STEP][PASSED] - Statement - counter = counter + 1: null

2018-12-11 17:00:55 - [TEST_STEP][PASSED] - Statement - PreSaveFile = new java.io.File(((pathPrefix + java.lang.Integer.toString(counter)) + .png)): null

2018-12-11 17:00:55 - [TEST_STEP][PASSED] - Statement - counter = counter + 1: null

2018-12-11 17:00:55 - [TEST_STEP][PASSED] - Statement - PreSaveFile = new java.io.File(((pathPrefix + java.lang.Integer.toString(counter)) + .png)): null

2018-12-11 17:00:55 - [TEST_STEP][PASSED] - Statement - counter = counter + 1: null

2018-12-11 17:00:55 - [TEST_STEP][PASSED] - Statement - PreSaveFile = new java.io.File(((pathPrefix + java.lang.Integer.toString(counter)) + .png)): null

2018-12-11 17:00:55 - [TEST_STEP][PASSED] - Statement - counter = counter + 1: null

2018-12-11 17:00:55 - [TEST_STEP][PASSED] - Statement - PreSaveFile = new java.io.File(((pathPrefix + java.lang.Integer.toString(counter)) + .png)): null

2018-12-11 17:00:55 - [TEST_STEP][PASSED] - Statement - counter = counter + 1: null

2018-12-11 17:00:55 - [TEST_STEP][PASSED] - Statement - PreSaveFile = new java.io.File(((pathPrefix + java.lang.Integer.toString(counter)) + .png)): null

2018-12-11 17:00:55 - [TEST_STEP][PASSED] - Statement - counter = counter + 1: null

2018-12-11 17:00:55 - [TEST_STEP][PASSED] - Statement - PreSaveFile = new java.io.File(((pathPrefix + java.lang.Integer.toString(counter)) + .png)): null

2018-12-11 17:00:55 - [TEST_STEP][PASSED] - Statement - counter = counter + 1: null

2018-12-11 17:00:55 - [TEST_STEP][PASSED] - Statement - PreSaveFile = new java.io.File(((pathPrefix + java.lang.Integer.toString(counter)) + .png)): null

2018-12-11 17:00:55 - [TEST_STEP][PASSED] - Statement - counter = counter + 1: null

2018-12-11 17:00:55 - [TEST_STEP][PASSED] - Statement - PreSaveFile = new java.io.File(((pathPrefix + java.lang.Integer.toString(counter)) + .png)): null

2018-12-11 17:00:55 - [TEST_STEP][PASSED] - Statement - counter = counter + 1: null

2018-12-11 17:00:55 - [TEST_STEP][PASSED] - Statement - PreSaveFile = new java.io.File(((pathPrefix + java.lang.Integer.toString(counter)) + .png)): null

2018-12-11 17:00:55 - [TEST_STEP][PASSED] - Statement - counter = counter + 1: null

2018-12-11 17:00:55 - [TEST_STEP][PASSED] - Statement - PreSaveFile = new java.io.File(((pathPrefix + java.lang.Integer.toString(counter)) + .png)): null

2018-12-11 17:00:55 - [TEST_STEP][PASSED] - Statement - counter = counter + 1: null

2018-12-11 17:00:55 - [TEST_STEP][PASSED] - Statement - PreSaveFile = new java.io.File(((pathPrefix + java.lang.Integer.toString(counter)) + .png)): null

2018-12-11 17:00:55 - [TEST_STEP][PASSED] - Statement - counter = counter + 1: null

2018-12-11 17:00:55 - [TEST_STEP][PASSED] - Statement - PreSaveFile = new java.io.File(((pathPrefix + java.lang.Integer.toString(counter)) + .png)): null

2018-12-11 17:00:55 - [TEST_STEP][PASSED] - Statement - counter = counter + 1: null

2018-12-11 17:00:55 - [TEST_STEP][PASSED] - Statement - PreSaveFile = new java.io.File(((pathPrefix + java.lang.Integer.toString(counter)) + .png)): null

2018-12-11 17:00:55 - [TEST_STEP][PASSED] - Statement - counter = counter + 1: null

2018-12-11 17:00:55 - [TEST_STEP][PASSED] - Statement - PreSaveFile = new java.io.File(((pathPrefix + java.lang.Integer.toString(counter)) + .png)): null

2018-12-11 17:00:55 - [TEST_STEP][PASSED] - Statement - counter = counter + 1: null

2018-12-11 17:00:55 - [TEST_STEP][PASSED] - Statement - PreSaveFile = new java.io.File(((pathPrefix + java.lang.Integer.toString(counter)) + .png)): null

2018-12-11 17:00:55 - [TEST_STEP][PASSED] - Statement - counter = counter + 1: null

2018-12-11 17:00:55 - [TEST_STEP][PASSED] - Statement - PreSaveFile = new java.io.File(((pathPrefix + java.lang.Integer.toString(counter)) + .png)): null

2018-12-11 17:00:55 - [TEST_STEP][PASSED] - Statement - counter = counter + 1: null

2018-12-11 17:00:55 - [TEST_STEP][PASSED] - Statement - PreSaveFile = new java.io.File(((pathPrefix + java.lang.Integer.toString(counter)) + .png)): null

2018-12-11 17:00:55 - [TEST_STEP][PASSED] - Statement - counter = counter + 1: null

2018-12-11 17:00:55 - [TEST_STEP][PASSED] - Statement - PreSaveFile = new java.io.File(((pathPrefix + java.lang.Integer.toString(counter)) + .png)): null

2018-12-11 17:00:55 - [TEST_STEP][PASSED] - Statement - counter = counter + 1: null

2018-12-11 17:00:55 - [TEST_STEP][PASSED] - Statement - PreSaveFile = new java.io.File(((pathPrefix + java.lang.Integer.toString(counter)) + .png)): null

2018-12-11 17:00:55 - [TEST_STEP][PASSED] - Statement - counter = counter + 1: null

2018-12-11 17:00:55 - [TEST_STEP][PASSED] - Statement - PreSaveFile = new java.io.File(((pathPrefix + java.lang.Integer.toString(counter)) + .png)): null

2018-12-11 17:00:55 - [TEST_STEP][PASSED] - Statement - counter = counter + 1: null

2018-12-11 17:00:55 - [TEST_STEP][PASSED] - Statement - PreSaveFile = new java.io.File(((pathPrefix + java.lang.Integer.toString(counter)) + .png)): null

2018-12-11 17:00:55 - [TEST_STEP][PASSED] - Statement - counter = counter + 1: null

2018-12-11 17:00:55 - [TEST_STEP][PASSED] - Statement - PreSaveFile = new java.io.File(((pathPrefix + java.lang.Integer.toString(counter)) + .png)): null

2018-12-11 17:00:55 - [TEST_STEP][PASSED] - Statement - counter = counter + 1: null

2018-12-11 17:00:55 - [TEST_STEP][PASSED] - Statement - PreSaveFile = new java.io.File(((pathPrefix + java.lang.Integer.toString(counter)) + .png)): null

2018-12-11 17:00:55 - [TEST_STEP][PASSED] - Statement - counter = counter + 1: null

2018-12-11 17:00:55 - [TEST_STEP][PASSED] - Statement - PreSaveFile = new java.io.File(((pathPrefix + java.lang.Integer.toString(counter)) + .png)): null

2018-12-11 17:00:55 - [TEST_STEP][PASSED] - Statement - counter = counter + 1: null

2018-12-11 17:00:55 - [TEST_STEP][PASSED] - Statement - PreSaveFile = new java.io.File(((pathPrefix + java.lang.Integer.toString(counter)) + .png)): null

2018-12-11 17:00:55 - [TEST_STEP][PASSED] - Statement - counter = counter + 1: null

2018-12-11 17:00:55 - [TEST_STEP][PASSED] - Statement - PreSaveFile = new java.io.File(((pathPrefix + java.lang.Integer.toString(counter)) + .png)): null

2018-12-11 17:00:55 - [TEST_STEP][PASSED] - Statement - counter = counter + 1: null

2018-12-11 17:00:55 - [TEST_STEP][PASSED] - Statement - PreSaveFile = new java.io.File(((pathPrefix + java.lang.Integer.toString(counter)) + .png)): null

2018-12-11 17:00:55 - [TEST_STEP][PASSED] - Statement - counter = counter + 1: null

2018-12-11 17:00:55 - [TEST_STEP][PASSED] - Statement - PreSaveFile = new java.io.File(((pathPrefix + java.lang.Integer.toString(counter)) + .png)): null

2018-12-11 17:00:55 - [TEST_STEP][PASSED] - Statement - counter = counter + 1: null

2018-12-11 17:00:55 - [TEST_STEP][PASSED] - Statement - PreSaveFile = new java.io.File(((pathPrefix + java.lang.Integer.toString(counter)) + .png)): null

2018-12-11 17:00:55 - [TEST_STEP][PASSED] - Statement - counter = counter + 1: null

2018-12-11 17:00:55 - [TEST_STEP][PASSED] - Statement - PreSaveFile = new java.io.File(((pathPrefix + java.lang.Integer.toString(counter)) + .png)): null

2018-12-11 17:00:55 - [TEST_STEP][PASSED] - Statement - counter = counter + 1: null

2018-12-11 17:00:55 - [TEST_STEP][PASSED] - Statement - PreSaveFile = new java.io.File(((pathPrefix + java.lang.Integer.toString(counter)) + .png)): null

2018-12-11 17:00:55 - [TEST_STEP][PASSED] - Statement - counter = counter + 1: null

2018-12-11 17:00:55 - [TEST_STEP][PASSED] - Statement - PreSaveFile = new java.io.File(((pathPrefix + java.lang.Integer.toString(counter)) + .png)): null

2018-12-11 17:00:55 - [TEST_STEP][PASSED] - Statement - counter = counter + 1: null

2018-12-11 17:00:55 - [TEST_STEP][PASSED] - Statement - PreSaveFile = new java.io.File(((pathPrefix + java.lang.Integer.toString(counter)) + .png)): null

2018-12-11 17:00:55 - [TEST_STEP][PASSED] - Statement - counter = counter + 1: null

2018-12-11 17:00:55 - [TEST_STEP][PASSED] - Statement - PreSaveFile = new java.io.File(((pathPrefix + java.lang.Integer.toString(counter)) + .png)): null

2018-12-11 17:00:55 - [TEST_STEP][PASSED] - Statement - counter = counter + 1: null

2018-12-11 17:00:55 - [TEST_STEP][PASSED] - Statement - PreSaveFile = new java.io.File(((pathPrefix + java.lang.Integer.toString(counter)) + .png)): null

2018-12-11 17:00:55 - [TEST_STEP][PASSED] - Statement - counter = counter + 1: null

2018-12-11 17:00:55 - [TEST_STEP][PASSED] - Statement - PreSaveFile = new java.io.File(((pathPrefix + java.lang.Integer.toString(counter)) + .png)): null

2018-12-11 17:00:55 - [TEST_STEP][PASSED] - Statement - counter = counter + 1: null

2018-12-11 17:00:55 - [TEST_STEP][PASSED] - Statement - PreSaveFile = new java.io.File(((pathPrefix + java.lang.Integer.toString(counter)) + .png)): null

2018-12-11 17:00:55 - [TEST_STEP][PASSED] - Statement - counter = counter + 1: null

2018-12-11 17:00:55 - [TEST_STEP][PASSED] - Statement - PreSaveFile = new java.io.File(((pathPrefix + java.lang.Integer.toString(counter)) + .png)): null

2018-12-11 17:00:55 - [TEST_STEP][PASSED] - Statement - counter = counter + 1: null

2018-12-11 17:00:55 - [TEST_STEP][PASSED] - Statement - PreSaveFile = new java.io.File(((pathPrefix + java.lang.Integer.toString(counter)) + .png)): null

2018-12-11 17:00:55 - [TEST_STEP][PASSED] - Statement - counter = counter + 1: null

2018-12-11 17:00:55 - [TEST_STEP][PASSED] - Statement - PreSaveFile = new java.io.File(((pathPrefix + java.lang.Integer.toString(counter)) + .png)): null

2018-12-11 17:00:55 - [TEST_STEP][PASSED] - Statement - counter = counter + 1: null

2018-12-11 17:00:55 - [TEST_STEP][PASSED] - Statement - PreSaveFile = new java.io.File(((pathPrefix + java.lang.Integer.toString(counter)) + .png)): null

2018-12-11 17:00:55 - [TEST_STEP][PASSED] - Statement - counter = counter + 1: null

2018-12-11 17:00:55 - [TEST_STEP][PASSED] - Statement - PreSaveFile = new java.io.File(((pathPrefix + java.lang.Integer.toString(counter)) + .png)): null

2018-12-11 17:00:55 - [TEST_STEP][PASSED] - Statement - counter = counter + 1: null

2018-12-11 17:00:55 - [TEST_STEP][PASSED] - Statement - PreSaveFile = new java.io.File(((pathPrefix + java.lang.Integer.toString(counter)) + .png)): null

2018-12-11 17:00:55 - [TEST_STEP][PASSED] - Statement - counter = counter + 1: null

2018-12-11 17:00:55 - [TEST_STEP][PASSED] - Statement - PreSaveFile = new java.io.File(((pathPrefix + java.lang.Integer.toString(counter)) + .png)): null

2018-12-11 17:00:55 - [TEST_STEP][PASSED] - Statement - counter = counter + 1: null

2018-12-11 17:00:55 - [TEST_STEP][PASSED] - Statement - PreSaveFile = new java.io.File(((pathPrefix + java.lang.Integer.toString(counter)) + .png)): null

2018-12-11 17:00:55 - [TEST_STEP][PASSED] - Statement - counter = counter + 1: null

2018-12-11 17:00:55 - [TEST_STEP][PASSED] - Statement - PreSaveFile = new java.io.File(((pathPrefix + java.lang.Integer.toString(counter)) + .png)): null

2018-12-11 17:00:55 - [TEST_STEP][PASSED] - Statement - counter = counter + 1: null

2018-12-11 17:00:55 - [TEST_STEP][PASSED] - Statement - PreSaveFile = new java.io.File(((pathPrefix + java.lang.Integer.toString(counter)) + .png)): null

2018-12-11 17:00:55 - [TEST_STEP][PASSED] - Statement - counter = counter + 1: null

2018-12-11 17:00:55 - [TEST_STEP][PASSED] - Statement - PreSaveFile = new java.io.File(((pathPrefix + java.lang.Integer.toString(counter)) + .png)): null

2018-12-11 17:00:55 - [TEST_STEP][PASSED] - Statement - counter = counter + 1: null

2018-12-11 17:00:55 - [TEST_STEP][PASSED] - Statement - PreSaveFile = new java.io.File(((pathPrefix + java.lang.Integer.toString(counter)) + .png)): null

2018-12-11 17:00:55 - [TEST_STEP][PASSED] - Statement - counter = counter + 1: null

2018-12-11 17:00:55 - [TEST_STEP][PASSED] - Statement - PreSaveFile = new java.io.File(((pathPrefix + java.lang.Integer.toString(counter)) + .png)): null

2018-12-11 17:00:55 - [TEST_STEP][PASSED] - Statement - counter = counter + 1: null

2018-12-11 17:00:55 - [TEST_STEP][PASSED] - Statement - PreSaveFile = new java.io.File(((pathPrefix + java.lang.Integer.toString(counter)) + .png)): null

2018-12-11 17:00:55 - [TEST_STEP][PASSED] - Statement - counter = counter + 1: null

2018-12-11 17:00:55 - [TEST_STEP][PASSED] - Statement - PreSaveFile = new java.io.File(((pathPrefix + java.lang.Integer.toString(counter)) + .png)): null

2018-12-11 17:00:55 - [TEST_STEP][PASSED] - Statement - counter = counter + 1: null

2018-12-11 17:00:55 - [TEST_STEP][PASSED] - Statement - PreSaveFile = new java.io.File(((pathPrefix + java.lang.Integer.toString(counter)) + .png)): null

2018-12-11 17:00:55 - [TEST_STEP][PASSED] - Statement - counter = counter + 1: null

2018-12-11 17:00:55 - [TEST_STEP][PASSED] - Statement - PreSaveFile = new java.io.File(((pathPrefix + java.lang.Integer.toString(counter)) + .png)): null

2018-12-11 17:00:55 - [TEST_STEP][PASSED] - Statement - counter = counter + 1: null

2018-12-11 17:00:55 - [TEST_STEP][PASSED] - Statement - PreSaveFile = new java.io.File(((pathPrefix + java.lang.Integer.toString(counter)) + .png)): null

2018-12-11 17:00:55 - [TEST_STEP][PASSED] - Statement - counter = counter + 1: null

2018-12-11 17:00:55 - [TEST_STEP][PASSED] - Statement - PreSaveFile = new java.io.File(((pathPrefix + java.lang.Integer.toString(counter)) + .png)): null

2018-12-11 17:00:55 - [TEST_STEP][PASSED] - Statement - counter = counter + 1: null

2018-12-11 17:00:55 - [TEST_STEP][PASSED] - Statement - PreSaveFile = new java.io.File(((pathPrefix + java.lang.Integer.toString(counter)) + .png)): null

2018-12-11 17:00:55 - [TEST_STEP][PASSED] - Statement - counter = counter + 1: null

2018-12-11 17:00:55 - [TEST_STEP][PASSED] - Statement - PreSaveFile = new java.io.File(((pathPrefix + java.lang.Integer.toString(counter)) + .png)): null

2018-12-11 17:00:55 - [TEST_STEP][PASSED] - Statement - counter = counter + 1: null

2018-12-11 17:00:55 - [TEST_STEP][PASSED] - Statement - PreSaveFile = new java.io.File(((pathPrefix + java.lang.Integer.toString(counter)) + .png)): null

2018-12-11 17:00:55 - [TEST_STEP][PASSED] - Statement - finalPath = pathPrefix + java.lang.Integer.toString(counter) + ".png": null

2018-12-11 17:00:55 - [TEST_STEP][PASSED] - Statement - SaveFile = new java.io.File(finalPath): null

2018-12-11 17:00:55 - [TEST_STEP][PASSED] - Statement - Try: null

2018-12-11 17:00:55 - [TEST_STEP][PASSED] - Statement - org.apache.commons.io.FileUtils.copyFile(scrFile, SaveFile): null

2018-12-11 17:00:55 - [TEST_STEP][PASSED] - Statement - out.println("file kept"): null

2018-12-11 17:00:55 - [TEST_STEP][PASSED] - delay: Delayed 10 second(s)

2018-12-11 17:01:05 - [MESSAGE][PASSED] - Delayed 10 second(s)

2018-12-11 17:01:05 - [MESSAGE][PASSED] - Call Test Case 'Test Cases/Final Aug 2018 - PKS Automation/Common/Screenshoting tool' successfully

2018-12-11 17:01:05 - [TEST_STEP][PASSED] - callTestCase: Call Test Case 'Test Cases/Final Aug 2018 - PKS Automation/Registration Module/Log Out/log out avoiding katalon tagging' successfully

2018-12-11 17:01:05 - [TEST_CASE][PASSED] - Test Cases/Final Aug 2018 - PKS Automation/Registration Module/Log Out/log out avoiding katalon tagging: Test Cases/Final Aug 2018 - PKS Automation/Registration Module/Log Out/log out avoiding katalon tagging

2018-12-11 17:01:05 - [TEST_STEP][PASSED] - navigateToUrl: Navigate to 'https://assist2-uat.perkeso.gov.my/c/portal/logout' successfully

2018-12-11 17:01:06 - [MESSAGE][PASSED] - Navigate to 'https://assist2-uat.perkeso.gov.my/c/portal/logout' successfully

2018-12-11 17:01:06 - [MESSAGE][PASSED] - Call Test Case 'Test Cases/Final Aug 2018 - PKS Automation/Registration Module/Log Out/log out avoiding katalon tagging' successfully

2018-12-11 17:01:06 - [TEST_STEP][PASSED] - delay: Delayed 4 second(s)

2018-12-11 17:01:10 - [MESSAGE][PASSED] - Delayed 4 second(s)

2018-12-11 17:01:10 - [TEST_STEP][PASSED] - setText: Text 'klpkrbo2@gmail.com' is set on object 'Object Repository/Final Object Repo/Login Page/Internal User/Email Address'

2018-12-11 17:01:10 - [MESSAGE][PASSED] - Text 'klpkrbo2@gmail.com' is set on object 'Object Repository/Final Object Repo/Login Page/Internal User/Email Address'

2018-12-11 17:01:10 - [TEST_STEP][PASSED] - click: Object: 'Object Repository/Final Object Repo/Login Page/Internal User/Next Button' is clicked on

2018-12-11 17:01:10 - [MESSAGE][PASSED] - Object: 'Object Repository/Final Object Repo/Login Page/Internal User/Next Button' is clicked on

2018-12-11 17:01:10 - [TEST_STEP][PASSED] - delay: Delayed 2 second(s)

2018-12-11 17:01:12 - [MESSAGE][PASSED] - Delayed 2 second(s)

2018-12-11 17:01:12 - [TEST_STEP][PASSED] - setText: Text 'Test1@3456789' is set on object 'Object Repository/Final Object Repo/Login Page/Internal User/Password'

2018-12-11 17:01:12 - [MESSAGE][PASSED] - Text 'Test1@3456789' is set on object 'Object Repository/Final Object Repo/Login Page/Internal User/Password'

2018-12-11 17:01:12 - [TEST_STEP][PASSED] - delay: Delayed 2 second(s)

2018-12-11 17:01:14 - [MESSAGE][PASSED] - Delayed 2 second(s)

2018-12-11 17:01:14 - [TEST_STEP][PASSED] - click: Object: 'Object Repository/Final Object Repo/Login Page/Internal User/Login Button' is clicked on

2018-12-11 17:01:15 - [MESSAGE][PASSED] - Object: 'Object Repository/Final Object Repo/Login Page/Internal User/Login Button' is clicked on

2018-12-11 17:01:15 - [TEST_STEP][PASSED] - delay: Delayed 4 second(s)

2018-12-11 17:01:19 - [MESSAGE][PASSED] - Delayed 4 second(s)

2018-12-11 17:01:19 - [TEST_STEP][PASSED] - Statement - Try: Delayed 2 second(s)

2018-12-11 17:01:19 - [TEST_STEP][PASSED] - Statement - Checker = false: null

2018-12-11 17:01:19 - [TEST_STEP][PASSED] - Statement - Checker = com.kms.katalon.core.webui.keyword.WebUiBuiltInKeywords.verifyElementHasAttribute(com.kms.katalon.core.testobject.ObjectRepository.findTestObject(Final Object Repo/Landing Page/BM Detecting), "href", 20, OPTIONAL): Object 'Object Repository/Final Object Repo/Landing Page/BM Detecting' has attribute 'href'

2018-12-11 17:01:19 - [MESSAGE][PASSED] - Object 'Object Repository/Final Object Repo/Landing Page/BM Detecting' has attribute 'href'

2018-12-11 17:01:19 - [TEST_STEP][PASSED] - Statement - out.println(Checker): null

2018-12-11 17:01:19 - [TEST_STEP][PASSED] - Statement - If (Checker == false): null

2018-12-11 17:01:19 - [TEST_STEP][PASSED] - Statement - Else: null

2018-12-11 17:01:19 - [TEST_STEP][PASSED] - delay: Delayed 2 second(s)

2018-12-11 17:01:21 - [MESSAGE][PASSED] - Delayed 2 second(s)

2018-12-11 17:01:21 - [TEST_STEP][PASSED] - delay: Delayed 4 second(s)

2018-12-11 17:01:25 - [MESSAGE][PASSED] - Delayed 4 second(s)

2018-12-11 17:01:25 - [TEST_STEP][PASSED] - click: Object: 'Object Repository/Final Object Repo/Landing Page/My Sites Drop Down' is clicked on

2018-12-11 17:01:25 - [MESSAGE][PASSED] - Object: 'Object Repository/Final Object Repo/Landing Page/My Sites Drop Down' is clicked on

2018-12-11 17:01:25 - [TEST_STEP][PASSED] - click: Object: 'Object Repository/Final Object Repo/Landing Page/Select to Registration Module' is clicked on

2018-12-11 17:01:26 - [MESSAGE][PASSED] - Object: 'Object Repository/Final Object Repo/Landing Page/Select to Registration Module' is clicked on

2018-12-11 17:01:26 - [TEST_STEP][PASSED] - delay: Delayed 2 second(s)

2018-12-11 17:01:28 - [MESSAGE][PASSED] - Delayed 2 second(s)

2018-12-11 17:01:28 - [TEST_STEP][PASSED] - mouseOver: Object: 'Object Repository/Final Object Repo/Page_Update Add New Employee - ASSIST/Hover Over Search Drop Down' is hovered

2018-12-11 17:01:28 - [MESSAGE][PASSED] - Object: 'Object Repository/Final Object Repo/Page_Update Add New Employee - ASSIST/Hover Over Search Drop Down' is hovered

2018-12-11 17:01:28 - [TEST_STEP][PASSED] - click: Object: 'Object Repository/Final Object Repo/Page_Update Add New Employee - ASSIST/Select Search Pending Case' is clicked on

2018-12-11 17:01:29 - [MESSAGE][PASSED] - Object: 'Object Repository/Final Object Repo/Page_Update Add New Employee - ASSIST/Select Search Pending Case' is clicked on

2018-12-11 17:01:29 - [TEST_STEP][PASSED] - click: Object: 'Object Repository/Final Object Repo/Page_Update Add New Employee - ASSIST/Select Searching Method (Employer Code)' is clicked on

2018-12-11 17:01:29 - [MESSAGE][PASSED] - Object: 'Object Repository/Final Object Repo/Page_Update Add New Employee - ASSIST/Select Searching Method (Employer Code)' is clicked on

2018-12-11 17:01:29 - [TEST_STEP][PASSED] - click: Object: 'Object Repository/Final Object Repo/Page_Update Add New Employee - ASSIST/Select Searching Method to Reference ID' is clicked on

2018-12-11 17:01:29 - [MESSAGE][PASSED] - Object: 'Object Repository/Final Object Repo/Page_Update Add New Employee - ASSIST/Select Searching Method to Reference ID' is clicked on

2018-12-11 17:01:29 - [TEST_STEP][PASSED] - setText: Text 'CAN12201800002305' is set on object 'Object Repository/Final Object Repo/Page_Update Add New Employee - ASSIST/Pending Case Ref NO'

2018-12-11 17:01:29 - [MESSAGE][PASSED] - Text 'CAN12201800002305' is set on object 'Object Repository/Final Object Repo/Page_Update Add New Employee - ASSIST/Pending Case Ref NO'

2018-12-11 17:01:29 - [TEST_STEP][PASSED] - click: Object: 'Object Repository/Final Object Repo/Page_Update Add New Employee - ASSIST/Search Pending Case Based on Ref No' is clicked on

2018-12-11 17:01:30 - [MESSAGE][PASSED] - Object: 'Object Repository/Final Object Repo/Page_Update Add New Employee - ASSIST/Search Pending Case Based on Ref No' is clicked on

2018-12-11 17:01:30 - [TEST_STEP][PASSED] - click: Object: 'Object Repository/Final Object Repo/Page_Update Add New Employee - ASSIST/Action Button after found case' is clicked on

2018-12-11 17:01:34 - [MESSAGE][PASSED] - Object: 'Object Repository/Final Object Repo/Page_Update Add New Employee - ASSIST/Action Button after found case' is clicked on

2018-12-11 17:01:34 - [TEST_STEP][PASSED] - click: Object: 'Object Repository/Final Object Repo/Page_Update Add New Employee - ASSIST/Next Button in Pending Case First Page' is clicked on

2018-12-11 17:01:35 - [MESSAGE][PASSED] - Object: 'Object Repository/Final Object Repo/Page_Update Add New Employee - ASSIST/Next Button in Pending Case First Page' is clicked on

2018-12-11 17:01:35 - [TEST_STEP][PASSED] - click: Object: 'Object Repository/Final Object Repo/Page_Update Add New Employee - ASSIST/Next Button in Third Screen' is clicked on

2018-12-11 17:01:38 - [MESSAGE][PASSED] - Object: 'Object Repository/Final Object Repo/Page_Update Add New Employee - ASSIST/Next Button in Third Screen' is clicked on

2018-12-11 17:01:38 - [TEST_STEP][PASSED] - click: Object: 'Object Repository/Final Object Repo/Page_Update Add New Employee - ASSIST/Add Document for Pending Case' is clicked on

2018-12-11 17:01:38 - [MESSAGE][PASSED] - Object: 'Object Repository/Final Object Repo/Page_Update Add New Employee - ASSIST/Add Document for Pending Case' is clicked on

2018-12-11 17:01:38 - [TEST_STEP][PASSED] - delay: Delayed 10 second(s)

2018-12-11 17:01:48 - [MESSAGE][PASSED] - Delayed 10 second(s)

2018-12-11 17:01:48 - [TEST_STEP][PASSED] - click: Object: 'Object Repository/Final Object Repo/Page_Update Add New Employee - ASSIST/Upload Pending Doc - Please Select' is clicked on

2018-12-11 17:01:49 - [MESSAGE][PASSED] - Object: 'Object Repository/Final Object Repo/Page_Update Add New Employee - ASSIST/Upload Pending Doc - Please Select' is clicked on

2018-12-11 17:01:49 - [TEST_STEP][PASSED] - click: Object: 'Object Repository/Final Object Repo/Page_Update Add New Employee - ASSIST/Select to Others to Upload' is clicked on

2018-12-11 17:01:49 - [MESSAGE][PASSED] - Object: 'Object Repository/Final Object Repo/Page_Update Add New Employee - ASSIST/Select to Others to Upload' is clicked on

2018-12-11 17:01:49 - [TEST_STEP][PASSED] - uploadFile: File 'C:\Users\Public\Pictures\Sample Pictures\Koala.jpg' sent to object: 'Object Repository/Final Object Repo/Page_Update Add New Employee - ASSIST/Uploading Pending Case Action'

2018-12-11 17:01:49 - [MESSAGE][PASSED] - File 'C:\Users\Public\Pictures\Sample Pictures\Koala.jpg' sent to object: 'Object Repository/Final Object Repo/Page_Update Add New Employee - ASSIST/Uploading Pending Case Action'

2018-12-11 17:01:49 - [TEST_STEP][PASSED] - click: Object: 'Object Repository/Final Object Repo/Page_Update Add New Employee - ASSIST/Inner form Add Document Button Pending Case' is clicked on

2018-12-11 17:01:49 - [MESSAGE][PASSED] - Object: 'Object Repository/Final Object Repo/Page_Update Add New Employee - ASSIST/Inner form Add Document Button Pending Case' is clicked on

2018-12-11 17:01:49 - [TEST_STEP][PASSED] - delay: Delayed 2 second(s)

2018-12-11 17:01:51 - [MESSAGE][PASSED] - Delayed 2 second(s)

2018-12-11 17:01:51 - [TEST_STEP][PASSED] - click: Object: 'Object Repository/Final Object Repo/Page_Update Add New Employee - ASSIST/Pending Case Exit' is clicked on

2018-12-11 17:01:54 - [MESSAGE][PASSED] - Object: 'Object Repository/Final Object Repo/Page_Update Add New Employee - ASSIST/Pending Case Exit' is clicked on

2018-12-11 17:01:54 - [TEST_STEP][PASSED] - callTestCase: Call Test Case 'Test Cases/Final Aug 2018 - PKS Automation/Registration Module/Log Out/log out avoiding katalon tagging' successfully

2018-12-11 17:01:54 - [TEST_CASE][PASSED] - Test Cases/Final Aug 2018 - PKS Automation/Registration Module/Log Out/log out avoiding katalon tagging: Test Cases/Final Aug 2018 - PKS Automation/Registration Module/Log Out/log out avoiding katalon tagging

2018-12-11 17:01:54 - [TEST_STEP][PASSED] - navigateToUrl: Navigate to 'https://assist2-uat.perkeso.gov.my/c/portal/logout' successfully

2018-12-11 17:01:54 - [MESSAGE][PASSED] - Navigate to 'https://assist2-uat.perkeso.gov.my/c/portal/logout' successfully

2018-12-11 17:01:54 - [MESSAGE][PASSED] - Call Test Case 'Test Cases/Final Aug 2018 - PKS Automation/Registration Module/Log Out/log out avoiding katalon tagging' successfully

2018-12-11 17:01:54 - [TEST_STEP][PASSED] - callTestCase: Call Test Case 'Test Cases/Final Aug 2018 - PKS Automation/Common/Workflow Owner Finder' successfully

2018-12-11 17:01:55 - [TEST_CASE][PASSED] - Test Cases/Final Aug 2018 - PKS Automation/Common/Workflow Owner Finder: Test Cases/Final Aug 2018 - PKS Automation/Common/Workflow Owner Finder

2018-12-11 17:01:55 - [TEST_STEP][PASSED] - openBrowser: Browser is opened with url: ''

2018-12-11 17:01:55 - [MESSAGE][WARNING] - A browser is already opened. Closing browser and opening a new one

2018-12-11 17:01:59 - [MESSAGE][PASSED] - Browser is opened with url: ''

2018-12-11 17:01:59 - [TEST_STEP][PASSED] - navigateToUrl: Navigate to 'https://assist2-uat.perkeso.gov.my/login' successfully

2018-12-11 17:02:00 - [MESSAGE][PASSED] - Navigate to 'https://assist2-uat.perkeso.gov.my/login' successfully

2018-12-11 17:02:00 - [TEST_STEP][PASSED] - delay: Delayed 5 second(s)

2018-12-11 17:02:05 - [MESSAGE][PASSED] - Delayed 5 second(s)

2018-12-11 17:02:05 - [TEST_STEP][PASSED] - setText: Text 'test@liferay.com' is set on object 'Object Repository/Final Object Repo/Login Page/Internal User/Email Address'

2018-12-11 17:02:05 - [MESSAGE][PASSED] - Text 'test@liferay.com' is set on object 'Object Repository/Final Object Repo/Login Page/Internal User/Email Address'

2018-12-11 17:02:05 - [TEST_STEP][PASSED] - click: Object: 'Object Repository/Final Object Repo/Login Page/Internal User/Next Button' is clicked on

2018-12-11 17:02:05 - [MESSAGE][PASSED] - Object: 'Object Repository/Final Object Repo/Login Page/Internal User/Next Button' is clicked on

2018-12-11 17:02:05 - [TEST_STEP][PASSED] - delay: Delayed 2 second(s)

2018-12-11 17:02:07 - [MESSAGE][PASSED] - Delayed 2 second(s)

2018-12-11 17:02:07 - [TEST_STEP][PASSED] - setText: Text 'test' is set on object 'Object Repository/Final Object Repo/Login Page/Internal User/Password'

2018-12-11 17:02:08 - [MESSAGE][PASSED] - Text 'test' is set on object 'Object Repository/Final Object Repo/Login Page/Internal User/Password'

2018-12-11 17:02:08 - [TEST_STEP][PASSED] - delay: Delayed 2 second(s)

2018-12-11 17:02:10 - [MESSAGE][PASSED] - Delayed 2 second(s)

2018-12-11 17:02:10 - [TEST_STEP][PASSED] - click: Object: 'Object Repository/Final Object Repo/Login Page/Internal User/Login Button' is clicked on

2018-12-11 17:02:10 - [MESSAGE][PASSED] - Object: 'Object Repository/Final Object Repo/Login Page/Internal User/Login Button' is clicked on

2018-12-11 17:02:10 - [TEST_STEP][PASSED] - Statement - tester = com.kms.katalon.core.testobject.ObjectRepository.findTestObject(Final Object Repo/Landing Page/Select to English): Finding Test Object with id 'Object Repository/Final Object Repo/Landing Page/Select to English'

2018-12-11 17:02:10 - [TEST_STEP][PASSED] - Statement - Try: Delayed 2 second(s)

2018-12-11 17:02:10 - [TEST_STEP][PASSED] - Statement - Checker = com.kms.katalon.core.webui.keyword.WebUiBuiltInKeywords.verifyElementNotPresent(tester, 3): Web element with id: 'Object Repository/Final Object Repo/Landing Page/Select to English' located by 'By.xpath: //a[@class = 'taglib-language-list-text' and @lang = 'en-US' and (contains(text(), 'EN') or contains(., 'EN'))]' is not present after '3' second(s)

2018-12-11 17:02:12 - [MESSAGE][PASSED] - Web element with id: 'Object Repository/Final Object Repo/Landing Page/Select to English' located by 'By.xpath: //a[@class = 'taglib-language-list-text' and @lang = 'en-US' and (contains(text(), 'EN') or contains(., 'EN'))]' is not present after '3' second(s)

2018-12-11 17:02:12 - [TEST_STEP][PASSED] - Statement - If (Checker == false): null

2018-12-11 17:02:12 - [TEST_STEP][PASSED] - delay: Delayed 2 second(s)

2018-12-11 17:02:14 - [MESSAGE][PASSED] - Delayed 2 second(s)

2018-12-11 17:02:14 - [TEST_STEP][PASSED] - delay: Delayed 5 second(s)

2018-12-11 17:02:19 - [MESSAGE][PASSED] - Delayed 5 second(s)

2018-12-11 17:02:19 - [TEST_STEP][PASSED] - mouseOver: Object: 'Object Repository/Final Object Repo/Landing Page/WorkFlow Menu' is hovered

2018-12-11 17:02:19 - [MESSAGE][PASSED] - Object: 'Object Repository/Final Object Repo/Landing Page/WorkFlow Menu' is hovered

2018-12-11 17:02:19 - [TEST_STEP][PASSED] - delay: Delayed 2 second(s)

2018-12-11 17:02:21 - [MESSAGE][PASSED] - Delayed 2 second(s)

2018-12-11 17:02:21 - [TEST_STEP][PASSED] - click: Object: 'Object Repository/Final Object Repo/Landing Page/Select to Workflow Listing' is clicked on

2018-12-11 17:02:22 - [MESSAGE][PASSED] - Object: 'Object Repository/Final Object Repo/Landing Page/Select to Workflow Listing' is clicked on

2018-12-11 17:02:22 - [TEST_STEP][PASSED] - delay: Delayed 2 second(s)

2018-12-11 17:02:24 - [MESSAGE][PASSED] - Delayed 2 second(s)

2018-12-11 17:02:24 - [TEST_STEP][PASSED] - click: Object: 'Object Repository/Final Object Repo/WorkFlow Listing Page/Search Information - To Put Ref No' is clicked on

2018-12-11 17:02:24 - [MESSAGE][PASSED] - Object: 'Object Repository/Final Object Repo/WorkFlow Listing Page/Search Information - To Put Ref No' is clicked on

2018-12-11 17:02:24 - [TEST_STEP][PASSED] - delay: Delayed 2 second(s)

2018-12-11 17:02:26 - [MESSAGE][PASSED] - Delayed 2 second(s)

2018-12-11 17:02:26 - [TEST_STEP][PASSED] - callTestCase: Call Test Case 'Test Cases/Final Aug 2018 - PKS Automation/Common/Reference Number Getter' successfully

2018-12-11 17:02:26 - [TEST_CASE][PASSED] - Test Cases/Final Aug 2018 - PKS Automation/Common/Reference Number Getter: Test Cases/Final Aug 2018 - PKS Automation/Common/Reference Number Getter

2018-12-11 17:02:26 - [TEST_STEP][PASSED] - Statement - Try: null

2018-12-11 17:02:26 - [TEST_STEP][PASSED] - Statement - RefNo = new java.io.File(C://Users//Admin//Desktop//PKS//Automation Reference Point//KatalonReference.txt): null

2018-12-11 17:02:26 - [TEST_STEP][PASSED] - Statement - bufferread = new java.io.BufferedReader(new java.io.FileReader(RefNo)): null

2018-12-11 17:02:26 - [TEST_STEP][PASSED] - Statement - readedVal = bufferread.readLine(): null

2018-12-11 17:02:26 - [TEST_STEP][PASSED] - Statement - out.println(CaseReferenceNo): null

2018-12-11 17:02:26 - [TEST_STEP][PASSED] - Statement - out.println(readedVal): null

2018-12-11 17:02:26 - [TEST_STEP][PASSED] - Statement - CaseReferenceNo = "": null

2018-12-11 17:02:26 - [TEST_STEP][PASSED] - Statement - CaseReferenceNo = readedVal: null

2018-12-11 17:02:26 - [MESSAGE][PASSED] - Call Test Case 'Test Cases/Final Aug 2018 - PKS Automation/Common/Reference Number Getter' successfully

2018-12-11 17:02:26 - [TEST_STEP][PASSED] - setText: Text 'CAN12201800002305' is set on object 'Object Repository/Final Object Repo/WorkFlow Listing Page/Ref No Set Text'

2018-12-11 17:02:27 - [MESSAGE][PASSED] - Text 'CAN12201800002305' is set on object 'Object Repository/Final Object Repo/WorkFlow Listing Page/Ref No Set Text'

2018-12-11 17:02:27 - [TEST_STEP][PASSED] - delay: Delayed 2 second(s)

2018-12-11 17:02:29 - [MESSAGE][PASSED] - Delayed 2 second(s)

2018-12-11 17:02:29 - [TEST_STEP][PASSED] - click: Object: 'Object Repository/Final Object Repo/WorkFlow Listing Page/Search Ref No Search Button' is clicked on

2018-12-11 17:02:29 - [MESSAGE][PASSED] - Object: 'Object Repository/Final Object Repo/WorkFlow Listing Page/Search Ref No Search Button' is clicked on

2018-12-11 17:02:29 - [TEST_STEP][PASSED] - delay: Delayed 6 second(s)

2018-12-11 17:02:35 - [MESSAGE][PASSED] - Delayed 6 second(s)

2018-12-11 17:02:35 - [TEST_STEP][PASSED] - click: Object: 'Object Repository/Final Object Repo/WorkFlow Listing Page/Click Continue Tooltip' is clicked on

2018-12-11 17:02:36 - [MESSAGE][PASSED] - Object: 'Object Repository/Final Object Repo/WorkFlow Listing Page/Click Continue Tooltip' is clicked on

2018-12-11 17:02:36 - [TEST_STEP][PASSED] - delay: Delayed 5 second(s)

2018-12-11 17:02:41 - [MESSAGE][PASSED] - Delayed 5 second(s)

2018-12-11 17:02:41 - [TEST_STEP][PASSED] - doubleClick: Object: 'Object Repository/Final Object Repo/WorkFlow Listing Page/Workflow Found - Listing 1' is double clicked on

2018-12-11 17:02:41 - [MESSAGE][PASSED] - Object: 'Object Repository/Final Object Repo/WorkFlow Listing Page/Workflow Found - Listing 1' is double clicked on

2018-12-11 17:02:41 - [TEST_STEP][PASSED] - Statement - println(OwnerID): null

2018-12-11 17:02:41 - [TEST_STEP][PASSED] - Statement - OwnerID = com.kms.katalon.core.webui.keyword.WebUiBuiltInKeywords.getText(com.kms.katalon.core.testobject.ObjectRepository.findTestObject(Final Object Repo/WorkFlow Listing Page/Workflow Found - Listing 1), STOP_ON_FAILURE): Text of object 'Object Repository/Final Object Repo/WorkFlow Listing Page/Workflow Found - Listing 1' is: 'JOHORro3'

2018-12-11 17:02:41 - [MESSAGE][PASSED] - Text of object 'Object Repository/Final Object Repo/WorkFlow Listing Page/Workflow Found - Listing 1' is: 'JOHORro3'

2018-12-11 17:02:41 - [TEST_STEP][PASSED] - Statement - OwnerID = OwnerID.toLowerCase() + "@gmail.com": null

2018-12-11 17:02:41 - [TEST_STEP][PASSED] - Statement - println(OwnerID): null

2018-12-11 17:02:41 - [TEST_STEP][PASSED] - delay: Delayed 2 second(s)

2018-12-11 17:02:43 - [MESSAGE][PASSED] - Delayed 2 second(s)

2018-12-11 17:02:43 - [MESSAGE][PASSED] - Call Test Case 'Test Cases/Final Aug 2018 - PKS Automation/Common/Workflow Owner Finder' successfully

2018-12-11 17:02:43 - [TEST_STEP][PASSED] - callTestCase: Call Test Case 'Test Cases/Final Aug 2018 - PKS Automation/Registration Module/Log Out/log out avoiding katalon tagging' successfully

2018-12-11 17:02:43 - [TEST_CASE][PASSED] - Test Cases/Final Aug 2018 - PKS Automation/Registration Module/Log Out/log out avoiding katalon tagging: Test Cases/Final Aug 2018 - PKS Automation/Registration Module/Log Out/log out avoiding katalon tagging

2018-12-11 17:02:43 - [TEST_STEP][PASSED] - navigateToUrl: Navigate to 'https://assist2-uat.perkeso.gov.my/c/portal/logout' successfully

2018-12-11 17:02:44 - [MESSAGE][PASSED] - Navigate to 'https://assist2-uat.perkeso.gov.my/c/portal/logout' successfully

2018-12-11 17:02:44 - [MESSAGE][PASSED] - Call Test Case 'Test Cases/Final Aug 2018 - PKS Automation/Registration Module/Log Out/log out avoiding katalon tagging' successfully

2018-12-11 17:02:44 - [TEST_STEP][PASSED] - delay: Delayed 2 second(s)

2018-12-11 17:02:46 - [MESSAGE][PASSED] - Delayed 2 second(s)

2018-12-11 17:02:46 - [TEST_STEP][PASSED] - setText: Text 'johorro3@gmail.com' is set on object 'Object Repository/Final Object Repo/Page_Update Add New Employee - ASSIST/Email TextBox'

2018-12-11 17:02:46 - [MESSAGE][PASSED] - Text 'johorro3@gmail.com' is set on object 'Object Repository/Final Object Repo/Page_Update Add New Employee - ASSIST/Email TextBox'

2018-12-11 17:02:46 - [TEST_STEP][PASSED] - click: Object: 'Object Repository/Final Object Repo/Page_Update Add New Employee - ASSIST/Next Button' is clicked on

2018-12-11 17:02:46 - [MESSAGE][PASSED] - Object: 'Object Repository/Final Object Repo/Page_Update Add New Employee - ASSIST/Next Button' is clicked on

2018-12-11 17:02:46 - [TEST_STEP][PASSED] - delay: Delayed 2 second(s)

2018-12-11 17:02:48 - [MESSAGE][PASSED] - Delayed 2 second(s)

2018-12-11 17:02:48 - [TEST_STEP][PASSED] - setText: Text 'Test1@3456789' is set on object 'Object Repository/Final Object Repo/Page_Update Add New Employee - ASSIST/Password TextBox'

2018-12-11 17:02:49 - [MESSAGE][PASSED] - Text 'Test1@3456789' is set on object 'Object Repository/Final Object Repo/Page_Update Add New Employee - ASSIST/Password TextBox'

2018-12-11 17:02:49 - [TEST_STEP][PASSED] - delay: Delayed 2 second(s)

2018-12-11 17:02:51 - [MESSAGE][PASSED] - Delayed 2 second(s)

2018-12-11 17:02:51 - [TEST_STEP][PASSED] - click: Object: 'Object Repository/Final Object Repo/Page_Update Add New Employee - ASSIST/Login Button' is clicked on

2018-12-11 17:02:51 - [MESSAGE][PASSED] - Object: 'Object Repository/Final Object Repo/Page_Update Add New Employee - ASSIST/Login Button' is clicked on

2018-12-11 17:02:51 - [TEST_STEP][PASSED] - delay: Delayed 4 second(s)

2018-12-11 17:02:55 - [MESSAGE][PASSED] - Delayed 4 second(s)

2018-12-11 17:02:55 - [TEST_STEP][PASSED] - Statement - Try: Delayed 2 second(s)

2018-12-11 17:02:55 - [TEST_STEP][PASSED] - Statement - Checker = false: null

2018-12-11 17:02:55 - [TEST_STEP][PASSED] - Statement - Checker = com.kms.katalon.core.webui.keyword.WebUiBuiltInKeywords.verifyElementHasAttribute(com.kms.katalon.core.testobject.ObjectRepository.findTestObject(Final Object Repo/Landing Page/BM Detecting), "href", 20, OPTIONAL): Object 'Object Repository/Final Object Repo/Landing Page/BM Detecting' has attribute 'href'

2018-12-11 17:02:55 - [MESSAGE][PASSED] - Object 'Object Repository/Final Object Repo/Landing Page/BM Detecting' has attribute 'href'

2018-12-11 17:02:55 - [TEST_STEP][PASSED] - Statement - out.println(Checker): null

2018-12-11 17:02:55 - [TEST_STEP][PASSED] - Statement - If (Checker == false): null

2018-12-11 17:02:55 - [TEST_STEP][PASSED] - Statement - Else: null

2018-12-11 17:02:55 - [TEST_STEP][PASSED] - delay: Delayed 2 second(s)

2018-12-11 17:02:57 - [MESSAGE][PASSED] - Delayed 2 second(s)

2018-12-11 17:02:57 - [TEST_STEP][PASSED] - delay: Delayed 4 second(s)

2018-12-11 17:03:01 - [MESSAGE][PASSED] - Delayed 4 second(s)

2018-12-11 17:03:01 - [TEST_STEP][PASSED] - click: Object: 'Object Repository/Final Object Repo/New Registration - Registration Module Pages/New Reg - OTC to RO/Special Case - All Related Objects/Expand to Search' is clicked on

2018-12-11 17:03:01 - [MESSAGE][PASSED] - Object: 'Object Repository/Final Object Repo/New Registration - Registration Module Pages/New Reg - OTC to RO/Special Case - All Related Objects/Expand to Search' is clicked on

2018-12-11 17:03:01 - [TEST_STEP][PASSED] - setText: Text 'CAN12201800002305' is set on object 'Object Repository/Final Object Repo/New Registration - Registration Module Pages/New Reg - OTC to RO/Special Case - All Related Objects/TextBox RefNo in Workbasket'

2018-12-11 17:03:02 - [MESSAGE][PASSED] - Text 'CAN12201800002305' is set on object 'Object Repository/Final Object Repo/New Registration - Registration Module Pages/New Reg - OTC to RO/Special Case - All Related Objects/TextBox RefNo in Workbasket'

2018-12-11 17:03:02 - [TEST_STEP][PASSED] - delay: Delayed 2 second(s)

2018-12-11 17:03:04 - [MESSAGE][PASSED] - Delayed 2 second(s)

2018-12-11 17:03:04 - [TEST_STEP][PASSED] - click: Object: 'Object Repository/Final Object Repo/New Registration - Registration Module Pages/New Reg - OTC to RO/Special Case - All Related Objects/Click Search' is clicked on

2018-12-11 17:03:04 - [MESSAGE][PASSED] - Object: 'Object Repository/Final Object Repo/New Registration - Registration Module Pages/New Reg - OTC to RO/Special Case - All Related Objects/Click Search' is clicked on

2018-12-11 17:03:04 - [TEST_STEP][PASSED] - delay: Delayed 2 second(s)

2018-12-11 17:03:06 - [MESSAGE][PASSED] - Delayed 2 second(s)

2018-12-11 17:03:06 - [TEST_STEP][PASSED] - click: Object: 'Object Repository/Final Object Repo/New Registration - Registration Module Pages/New Reg - OTC to RO/Special Case - All Related Objects/Click to Continue Workflow' is clicked on

2018-12-11 17:03:10 - [MESSAGE][PASSED] - Object: 'Object Repository/Final Object Repo/New Registration - Registration Module Pages/New Reg - OTC to RO/Special Case - All Related Objects/Click to Continue Workflow' is clicked on

2018-12-11 17:03:10 - [TEST_STEP][PASSED] - delay: Delayed 2 second(s)

2018-12-11 17:03:12 - [MESSAGE][PASSED] - Delayed 2 second(s)

2018-12-11 17:03:12 - [TEST_STEP][PASSED] - click: Object: 'Object Repository/Final Object Repo/New Registration - Registration Module Pages/New Reg - OTC to RO/Special Case - All Related Objects/Continue Button in verifying case' is clicked on

2018-12-11 17:03:16 - [MESSAGE][PASSED] - Object: 'Object Repository/Final Object Repo/New Registration - Registration Module Pages/New Reg - OTC to RO/Special Case - All Related Objects/Continue Button in verifying case' is clicked on

2018-12-11 17:03:16 - [TEST_STEP][PASSED] - delay: Delayed 2 second(s)

2018-12-11 17:03:18 - [MESSAGE][PASSED] - Delayed 2 second(s)

2018-12-11 17:03:18 - [TEST_STEP][PASSED] - click: Object: 'Object Repository/Final Object Repo/Page_Update Add New Employee - ASSIST/Save  Continue Button' is clicked on

2018-12-11 17:03:18 - [MESSAGE][PASSED] - Object: 'Object Repository/Final Object Repo/Page_Update Add New Employee - ASSIST/Save  Continue Button' is clicked on

2018-12-11 17:03:18 - [TEST_STEP][PASSED] - delay: Delayed 6 second(s)

2018-12-11 17:03:24 - [MESSAGE][PASSED] - Delayed 6 second(s)

2018-12-11 17:03:24 - [TEST_STEP][PASSED] - click: Object: 'Object Repository/Final Object Repo/Page_Update Add New Employee - ASSIST/Save  Continue Third Screen' is clicked on

2018-12-11 17:03:27 - [MESSAGE][PASSED] - Object: 'Object Repository/Final Object Repo/Page_Update Add New Employee - ASSIST/Save  Continue Third Screen' is clicked on

2018-12-11 17:03:27 - [TEST_STEP][PASSED] - delay: Delayed 4 second(s)

2018-12-11 17:03:31 - [MESSAGE][PASSED] - Delayed 4 second(s)

2018-12-11 17:03:31 - [TEST_STEP][PASSED] - click: Object: 'Object Repository/Final Object Repo/Page_Update Add New Employee - ASSIST/Save   Continue Supporting Doc Page' is clicked on

2018-12-11 17:03:31 - [MESSAGE][PASSED] - Object: 'Object Repository/Final Object Repo/Page_Update Add New Employee - ASSIST/Save   Continue Supporting Doc Page' is clicked on

2018-12-11 17:03:31 - [TEST_STEP][PASSED] - delay: Delayed 4 second(s)

2018-12-11 17:03:35 - [MESSAGE][PASSED] - Delayed 4 second(s)

2018-12-11 17:03:35 - [TEST_STEP][PASSED] - click: Object: 'Object Repository/Final Object Repo/Page_Update Add New Employee - ASSIST/Submit Button' is clicked on

2018-12-11 17:03:35 - [MESSAGE][PASSED] - Object: 'Object Repository/Final Object Repo/Page_Update Add New Employee - ASSIST/Submit Button' is clicked on

2018-12-11 17:03:35 - [TEST_STEP][PASSED] - delay: Delayed 4 second(s)

2018-12-11 17:03:39 - [MESSAGE][PASSED] - Delayed 4 second(s)

2018-12-11 17:03:39 - [TEST_STEP][PASSED] - click: Object: 'Object Repository/Final Object Repo/Page_Update Add New Employee - ASSIST/Confirm Submit Button' is clicked on

2018-12-11 17:03:40 - [MESSAGE][PASSED] - Object: 'Object Repository/Final Object Repo/Page_Update Add New Employee - ASSIST/Confirm Submit Button' is clicked on

2018-12-11 17:03:40 - [TEST_STEP][PASSED] - delay: Delayed 30 second(s)

2018-12-11 17:04:10 - [MESSAGE][PASSED] - Delayed 30 second(s)

2018-12-11 17:04:10 - [TEST_STEP][PASSED] - callTestCase: Call Test Case 'Test Cases/Final Aug 2018 - PKS Automation/Common/Screenshoting tool' successfully

2018-12-11 17:04:10 - [TEST_CASE][PASSED] - Test Cases/Final Aug 2018 - PKS Automation/Common/Screenshoting tool: Test Cases/Final Aug 2018 - PKS Automation/Common/Screenshoting tool

2018-12-11 17:04:10 - [TEST_STEP][PASSED] - delay: Delayed 15 second(s)

2018-12-11 17:04:25 - [MESSAGE][PASSED] - Delayed 15 second(s)

2018-12-11 17:04:25 - [TEST_STEP][PASSED] - Statement - driver = com.kms.katalon.core.webui.driver.DriverFactory.getWebDriver(): null

2018-12-11 17:04:25 - [TEST_STEP][PASSED] - Statement - driver.manage().timeouts().implicitlyWait(10, SECONDS): null

2018-12-11 17:04:25 - [TEST_STEP][PASSED] - Statement - PresavePath = KatalonScreenshots: null

2018-12-11 17:04:25 - [TEST_STEP][PASSED] - Statement - pathPrefix = "C:\Users\Public\Pictures\Sample Pictures\Katalon Screenshots\Automate Ending Screen": null

2018-12-11 17:04:25 - [TEST_STEP][PASSED] - Statement - finalPath = <not implemented yet for class: org.codehaus.groovy.ast.expr.EmptyExpression>: null

2018-12-11 17:04:25 - [TEST_STEP][PASSED] - Statement - scrFile = driver.getScreenshotAs(FILE): null

2018-12-11 17:04:25 - [TEST_STEP][PASSED] - Statement - PreSaveFile = new java.io.File(PresavePath): null

2018-12-11 17:04:25 - [TEST_STEP][PASSED] - Statement - counter = 0: null

2018-12-11 17:04:25 - [TEST_STEP][PASSED] - Statement - If (PreSaveFile.exists()): null

2018-12-11 17:04:25 - [TEST_STEP][PASSED] - Statement - While (PreSaveFile.exists()): null

2018-12-11 17:04:25 - [TEST_STEP][PASSED] - Statement - counter = counter + 1: null

2018-12-11 17:04:25 - [TEST_STEP][PASSED] - Statement - PreSaveFile = new java.io.File(((pathPrefix + java.lang.Integer.toString(counter)) + .png)): null

2018-12-11 17:04:25 - [TEST_STEP][PASSED] - Statement - counter = counter + 1: null

2018-12-11 17:04:25 - [TEST_STEP][PASSED] - Statement - PreSaveFile = new java.io.File(((pathPrefix + java.lang.Integer.toString(counter)) + .png)): null

2018-12-11 17:04:25 - [TEST_STEP][PASSED] - Statement - counter = counter + 1: null

2018-12-11 17:04:25 - [TEST_STEP][PASSED] - Statement - PreSaveFile = new java.io.File(((pathPrefix + java.lang.Integer.toString(counter)) + .png)): null

2018-12-11 17:04:25 - [TEST_STEP][PASSED] - Statement - counter = counter + 1: null

2018-12-11 17:04:25 - [TEST_STEP][PASSED] - Statement - PreSaveFile = new java.io.File(((pathPrefix + java.lang.Integer.toString(counter)) + .png)): null

2018-12-11 17:04:25 - [TEST_STEP][PASSED] - Statement - counter = counter + 1: null

2018-12-11 17:04:25 - [TEST_STEP][PASSED] - Statement - PreSaveFile = new java.io.File(((pathPrefix + java.lang.Integer.toString(counter)) + .png)): null

2018-12-11 17:04:25 - [TEST_STEP][PASSED] - Statement - counter = counter + 1: null

2018-12-11 17:04:25 - [TEST_STEP][PASSED] - Statement - PreSaveFile = new java.io.File(((pathPrefix + java.lang.Integer.toString(counter)) + .png)): null

2018-12-11 17:04:25 - [TEST_STEP][PASSED] - Statement - counter = counter + 1: null

2018-12-11 17:04:25 - [TEST_STEP][PASSED] - Statement - PreSaveFile = new java.io.File(((pathPrefix + java.lang.Integer.toString(counter)) + .png)): null

2018-12-11 17:04:25 - [TEST_STEP][PASSED] - Statement - counter = counter + 1: null

2018-12-11 17:04:25 - [TEST_STEP][PASSED] - Statement - PreSaveFile = new java.io.File(((pathPrefix + java.lang.Integer.toString(counter)) + .png)): null

2018-12-11 17:04:25 - [TEST_STEP][PASSED] - Statement - counter = counter + 1: null

2018-12-11 17:04:25 - [TEST_STEP][PASSED] - Statement - PreSaveFile = new java.io.File(((pathPrefix + java.lang.Integer.toString(counter)) + .png)): null

2018-12-11 17:04:25 - [TEST_STEP][PASSED] - Statement - counter = counter + 1: null

2018-12-11 17:04:25 - [TEST_STEP][PASSED] - Statement - PreSaveFile = new java.io.File(((pathPrefix + java.lang.Integer.toString(counter)) + .png)): null

2018-12-11 17:04:25 - [TEST_STEP][PASSED] - Statement - counter = counter + 1: null

2018-12-11 17:04:25 - [TEST_STEP][PASSED] - Statement - PreSaveFile = new java.io.File(((pathPrefix + java.lang.Integer.toString(counter)) + .png)): null

2018-12-11 17:04:25 - [TEST_STEP][PASSED] - Statement - counter = counter + 1: null

2018-12-11 17:04:25 - [TEST_STEP][PASSED] - Statement - PreSaveFile = new java.io.File(((pathPrefix + java.lang.Integer.toString(counter)) + .png)): null

2018-12-11 17:04:25 - [TEST_STEP][PASSED] - Statement - counter = counter + 1: null

2018-12-11 17:04:25 - [TEST_STEP][PASSED] - Statement - PreSaveFile = new java.io.File(((pathPrefix + java.lang.Integer.toString(counter)) + .png)): null

2018-12-11 17:04:25 - [TEST_STEP][PASSED] - Statement - counter = counter + 1: null

2018-12-11 17:04:25 - [TEST_STEP][PASSED] - Statement - PreSaveFile = new java.io.File(((pathPrefix + java.lang.Integer.toString(counter)) + .png)): null

2018-12-11 17:04:25 - [TEST_STEP][PASSED] - Statement - counter = counter + 1: null

2018-12-11 17:04:25 - [TEST_STEP][PASSED] - Statement - PreSaveFile = new java.io.File(((pathPrefix + java.lang.Integer.toString(counter)) + .png)): null

2018-12-11 17:04:25 - [TEST_STEP][PASSED] - Statement - counter = counter + 1: null

2018-12-11 17:04:25 - [TEST_STEP][PASSED] - Statement - PreSaveFile = new java.io.File(((pathPrefix + java.lang.Integer.toString(counter)) + .png)): null

2018-12-11 17:04:25 - [TEST_STEP][PASSED] - Statement - counter = counter + 1: null

2018-12-11 17:04:25 - [TEST_STEP][PASSED] - Statement - PreSaveFile = new java.io.File(((pathPrefix + java.lang.Integer.toString(counter)) + .png)): null

2018-12-11 17:04:25 - [TEST_STEP][PASSED] - Statement - counter = counter + 1: null

2018-12-11 17:04:25 - [TEST_STEP][PASSED] - Statement - PreSaveFile = new java.io.File(((pathPrefix + java.lang.Integer.toString(counter)) + .png)): null

2018-12-11 17:04:25 - [TEST_STEP][PASSED] - Statement - counter = counter + 1: null

2018-12-11 17:04:25 - [TEST_STEP][PASSED] - Statement - PreSaveFile = new java.io.File(((pathPrefix + java.lang.Integer.toString(counter)) + .png)): null

2018-12-11 17:04:25 - [TEST_STEP][PASSED] - Statement - counter = counter + 1: null

2018-12-11 17:04:25 - [TEST_STEP][PASSED] - Statement - PreSaveFile = new java.io.File(((pathPrefix + java.lang.Integer.toString(counter)) + .png)): null

2018-12-11 17:04:25 - [TEST_STEP][PASSED] - Statement - counter = counter + 1: null

2018-12-11 17:04:25 - [TEST_STEP][PASSED] - Statement - PreSaveFile = new java.io.File(((pathPrefix + java.lang.Integer.toString(counter)) + .png)): null

2018-12-11 17:04:25 - [TEST_STEP][PASSED] - Statement - counter = counter + 1: null

2018-12-11 17:04:25 - [TEST_STEP][PASSED] - Statement - PreSaveFile = new java.io.File(((pathPrefix + java.lang.Integer.toString(counter)) + .png)): null

2018-12-11 17:04:25 - [TEST_STEP][PASSED] - Statement - counter = counter + 1: null

2018-12-11 17:04:25 - [TEST_STEP][PASSED] - Statement - PreSaveFile = new java.io.File(((pathPrefix + java.lang.Integer.toString(counter)) + .png)): null

2018-12-11 17:04:25 - [TEST_STEP][PASSED] - Statement - counter = counter + 1: null

2018-12-11 17:04:25 - [TEST_STEP][PASSED] - Statement - PreSaveFile = new java.io.File(((pathPrefix + java.lang.Integer.toString(counter)) + .png)): null

2018-12-11 17:04:25 - [TEST_STEP][PASSED] - Statement - counter = counter + 1: null

2018-12-11 17:04:25 - [TEST_STEP][PASSED] - Statement - PreSaveFile = new java.io.File(((pathPrefix + java.lang.Integer.toString(counter)) + .png)): null

2018-12-11 17:04:25 - [TEST_STEP][PASSED] - Statement - counter = counter + 1: null

2018-12-11 17:04:25 - [TEST_STEP][PASSED] - Statement - PreSaveFile = new java.io.File(((pathPrefix + java.lang.Integer.toString(counter)) + .png)): null

2018-12-11 17:04:25 - [TEST_STEP][PASSED] - Statement - counter = counter + 1: null

2018-12-11 17:04:25 - [TEST_STEP][PASSED] - Statement - PreSaveFile = new java.io.File(((pathPrefix + java.lang.Integer.toString(counter)) + .png)): null

2018-12-11 17:04:25 - [TEST_STEP][PASSED] - Statement - counter = counter + 1: null

2018-12-11 17:04:25 - [TEST_STEP][PASSED] - Statement - PreSaveFile = new java.io.File(((pathPrefix + java.lang.Integer.toString(counter)) + .png)): null

2018-12-11 17:04:25 - [TEST_STEP][PASSED] - Statement - counter = counter + 1: null

2018-12-11 17:04:25 - [TEST_STEP][PASSED] - Statement - PreSaveFile = new java.io.File(((pathPrefix + java.lang.Integer.toString(counter)) + .png)): null

2018-12-11 17:04:25 - [TEST_STEP][PASSED] - Statement - counter = counter + 1: null

2018-12-11 17:04:25 - [TEST_STEP][PASSED] - Statement - PreSaveFile = new java.io.File(((pathPrefix + java.lang.Integer.toString(counter)) + .png)): null

2018-12-11 17:04:25 - [TEST_STEP][PASSED] - Statement - counter = counter + 1: null

2018-12-11 17:04:25 - [TEST_STEP][PASSED] - Statement - PreSaveFile = new java.io.File(((pathPrefix + java.lang.Integer.toString(counter)) + .png)): null

2018-12-11 17:04:25 - [TEST_STEP][PASSED] - Statement - counter = counter + 1: null

2018-12-11 17:04:25 - [TEST_STEP][PASSED] - Statement - PreSaveFile = new java.io.File(((pathPrefix + java.lang.Integer.toString(counter)) + .png)): null

2018-12-11 17:04:25 - [TEST_STEP][PASSED] - Statement - counter = counter + 1: null

2018-12-11 17:04:25 - [TEST_STEP][PASSED] - Statement - PreSaveFile = new java.io.File(((pathPrefix + java.lang.Integer.toString(counter)) + .png)): null

2018-12-11 17:04:25 - [TEST_STEP][PASSED] - Statement - counter = counter + 1: null

2018-12-11 17:04:25 - [TEST_STEP][PASSED] - Statement - PreSaveFile = new java.io.File(((pathPrefix + java.lang.Integer.toString(counter)) + .png)): null

2018-12-11 17:04:25 - [TEST_STEP][PASSED] - Statement - counter = counter + 1: null

2018-12-11 17:04:25 - [TEST_STEP][PASSED] - Statement - PreSaveFile = new java.io.File(((pathPrefix + java.lang.Integer.toString(counter)) + .png)): null

2018-12-11 17:04:25 - [TEST_STEP][PASSED] - Statement - counter = counter + 1: null

2018-12-11 17:04:25 - [TEST_STEP][PASSED] - Statement - PreSaveFile = new java.io.File(((pathPrefix + java.lang.Integer.toString(counter)) + .png)): null

2018-12-11 17:04:25 - [TEST_STEP][PASSED] - Statement - counter = counter + 1: null

2018-12-11 17:04:25 - [TEST_STEP][PASSED] - Statement - PreSaveFile = new java.io.File(((pathPrefix + java.lang.Integer.toString(counter)) + .png)): null

2018-12-11 17:04:25 - [TEST_STEP][PASSED] - Statement - counter = counter + 1: null

2018-12-11 17:04:25 - [TEST_STEP][PASSED] - Statement - PreSaveFile = new java.io.File(((pathPrefix + java.lang.Integer.toString(counter)) + .png)): null

2018-12-11 17:04:25 - [TEST_STEP][PASSED] - Statement - counter = counter + 1: null

2018-12-11 17:04:25 - [TEST_STEP][PASSED] - Statement - PreSaveFile = new java.io.File(((pathPrefix + java.lang.Integer.toString(counter)) + .png)): null

2018-12-11 17:04:25 - [TEST_STEP][PASSED] - Statement - counter = counter + 1: null

2018-12-11 17:04:25 - [TEST_STEP][PASSED] - Statement - PreSaveFile = new java.io.File(((pathPrefix + java.lang.Integer.toString(counter)) + .png)): null

2018-12-11 17:04:25 - [TEST_STEP][PASSED] - Statement - counter = counter + 1: null

2018-12-11 17:04:25 - [TEST_STEP][PASSED] - Statement - PreSaveFile = new java.io.File(((pathPrefix + java.lang.Integer.toString(counter)) + .png)): null

2018-12-11 17:04:25 - [TEST_STEP][PASSED] - Statement - counter = counter + 1: null

2018-12-11 17:04:25 - [TEST_STEP][PASSED] - Statement - PreSaveFile = new java.io.File(((pathPrefix + java.lang.Integer.toString(counter)) + .png)): null

2018-12-11 17:04:25 - [TEST_STEP][PASSED] - Statement - counter = counter + 1: null

2018-12-11 17:04:25 - [TEST_STEP][PASSED] - Statement - PreSaveFile = new java.io.File(((pathPrefix + java.lang.Integer.toString(counter)) + .png)): null

2018-12-11 17:04:25 - [TEST_STEP][PASSED] - Statement - counter = counter + 1: null

2018-12-11 17:04:25 - [TEST_STEP][PASSED] - Statement - PreSaveFile = new java.io.File(((pathPrefix + java.lang.Integer.toString(counter)) + .png)): null

2018-12-11 17:04:25 - [TEST_STEP][PASSED] - Statement - counter = counter + 1: null

2018-12-11 17:04:25 - [TEST_STEP][PASSED] - Statement - PreSaveFile = new java.io.File(((pathPrefix + java.lang.Integer.toString(counter)) + .png)): null

2018-12-11 17:04:25 - [TEST_STEP][PASSED] - Statement - counter = counter + 1: null

2018-12-11 17:04:25 - [TEST_STEP][PASSED] - Statement - PreSaveFile = new java.io.File(((pathPrefix + java.lang.Integer.toString(counter)) + .png)): null

2018-12-11 17:04:25 - [TEST_STEP][PASSED] - Statement - counter = counter + 1: null

2018-12-11 17:04:25 - [TEST_STEP][PASSED] - Statement - PreSaveFile = new java.io.File(((pathPrefix + java.lang.Integer.toString(counter)) + .png)): null

2018-12-11 17:04:25 - [TEST_STEP][PASSED] - Statement - counter = counter + 1: null

2018-12-11 17:04:25 - [TEST_STEP][PASSED] - Statement - PreSaveFile = new java.io.File(((pathPrefix + java.lang.Integer.toString(counter)) + .png)): null

2018-12-11 17:04:25 - [TEST_STEP][PASSED] - Statement - counter = counter + 1: null

2018-12-11 17:04:25 - [TEST_STEP][PASSED] - Statement - PreSaveFile = new java.io.File(((pathPrefix + java.lang.Integer.toString(counter)) + .png)): null

2018-12-11 17:04:25 - [TEST_STEP][PASSED] - Statement - counter = counter + 1: null

2018-12-11 17:04:25 - [TEST_STEP][PASSED] - Statement - PreSaveFile = new java.io.File(((pathPrefix + java.lang.Integer.toString(counter)) + .png)): null

2018-12-11 17:04:25 - [TEST_STEP][PASSED] - Statement - counter = counter + 1: null

2018-12-11 17:04:25 - [TEST_STEP][PASSED] - Statement - PreSaveFile = new java.io.File(((pathPrefix + java.lang.Integer.toString(counter)) + .png)): null

2018-12-11 17:04:25 - [TEST_STEP][PASSED] - Statement - counter = counter + 1: null

2018-12-11 17:04:25 - [TEST_STEP][PASSED] - Statement - PreSaveFile = new java.io.File(((pathPrefix + java.lang.Integer.toString(counter)) + .png)): null

2018-12-11 17:04:25 - [TEST_STEP][PASSED] - Statement - counter = counter + 1: null

2018-12-11 17:04:25 - [TEST_STEP][PASSED] - Statement - PreSaveFile = new java.io.File(((pathPrefix + java.lang.Integer.toString(counter)) + .png)): null

2018-12-11 17:04:25 - [TEST_STEP][PASSED] - Statement - counter = counter + 1: null

2018-12-11 17:04:25 - [TEST_STEP][PASSED] - Statement - PreSaveFile = new java.io.File(((pathPrefix + java.lang.Integer.toString(counter)) + .png)): null

2018-12-11 17:04:25 - [TEST_STEP][PASSED] - Statement - counter = counter + 1: null

2018-12-11 17:04:25 - [TEST_STEP][PASSED] - Statement - PreSaveFile = new java.io.File(((pathPrefix + java.lang.Integer.toString(counter)) + .png)): null

2018-12-11 17:04:25 - [TEST_STEP][PASSED] - Statement - counter = counter + 1: null

2018-12-11 17:04:25 - [TEST_STEP][PASSED] - Statement - PreSaveFile = new java.io.File(((pathPrefix + java.lang.Integer.toString(counter)) + .png)): null

2018-12-11 17:04:25 - [TEST_STEP][PASSED] - Statement - counter = counter + 1: null

2018-12-11 17:04:25 - [TEST_STEP][PASSED] - Statement - PreSaveFile = new java.io.File(((pathPrefix + java.lang.Integer.toString(counter)) + .png)): null

2018-12-11 17:04:25 - [TEST_STEP][PASSED] - Statement - counter = counter + 1: null

2018-12-11 17:04:25 - [TEST_STEP][PASSED] - Statement - PreSaveFile = new java.io.File(((pathPrefix + java.lang.Integer.toString(counter)) + .png)): null

2018-12-11 17:04:25 - [TEST_STEP][PASSED] - Statement - counter = counter + 1: null

2018-12-11 17:04:25 - [TEST_STEP][PASSED] - Statement - PreSaveFile = new java.io.File(((pathPrefix + java.lang.Integer.toString(counter)) + .png)): null

2018-12-11 17:04:25 - [TEST_STEP][PASSED] - Statement - counter = counter + 1: null

2018-12-11 17:04:25 - [TEST_STEP][PASSED] - Statement - PreSaveFile = new java.io.File(((pathPrefix + java.lang.Integer.toString(counter)) + .png)): null

2018-12-11 17:04:25 - [TEST_STEP][PASSED] - Statement - counter = counter + 1: null

2018-12-11 17:04:25 - [TEST_STEP][PASSED] - Statement - PreSaveFile = new java.io.File(((pathPrefix + java.lang.Integer.toString(counter)) + .png)): null

2018-12-11 17:04:25 - [TEST_STEP][PASSED] - Statement - counter = counter + 1: null

2018-12-11 17:04:25 - [TEST_STEP][PASSED] - Statement - PreSaveFile = new java.io.File(((pathPrefix + java.lang.Integer.toString(counter)) + .png)): null

2018-12-11 17:04:25 - [TEST_STEP][PASSED] - Statement - counter = counter + 1: null

2018-12-11 17:04:25 - [TEST_STEP][PASSED] - Statement - PreSaveFile = new java.io.File(((pathPrefix + java.lang.Integer.toString(counter)) + .png)): null

2018-12-11 17:04:25 - [TEST_STEP][PASSED] - Statement - counter = counter + 1: null

2018-12-11 17:04:25 - [TEST_STEP][PASSED] - Statement - PreSaveFile = new java.io.File(((pathPrefix + java.lang.Integer.toString(counter)) + .png)): null

2018-12-11 17:04:25 - [TEST_STEP][PASSED] - Statement - counter = counter + 1: null

2018-12-11 17:04:25 - [TEST_STEP][PASSED] - Statement - PreSaveFile = new java.io.File(((pathPrefix + java.lang.Integer.toString(counter)) + .png)): null

2018-12-11 17:04:25 - [TEST_STEP][PASSED] - Statement - counter = counter + 1: null

2018-12-11 17:04:25 - [TEST_STEP][PASSED] - Statement - PreSaveFile = new java.io.File(((pathPrefix + java.lang.Integer.toString(counter)) + .png)): null

2018-12-11 17:04:25 - [TEST_STEP][PASSED] - Statement - counter = counter + 1: null

2018-12-11 17:04:25 - [TEST_STEP][PASSED] - Statement - PreSaveFile = new java.io.File(((pathPrefix + java.lang.Integer.toString(counter)) + .png)): null

2018-12-11 17:04:25 - [TEST_STEP][PASSED] - Statement - counter = counter + 1: null

2018-12-11 17:04:25 - [TEST_STEP][PASSED] - Statement - PreSaveFile = new java.io.File(((pathPrefix + java.lang.Integer.toString(counter)) + .png)): null

2018-12-11 17:04:25 - [TEST_STEP][PASSED] - Statement - counter = counter + 1: null

2018-12-11 17:04:25 - [TEST_STEP][PASSED] - Statement - PreSaveFile = new java.io.File(((pathPrefix + java.lang.Integer.toString(counter)) + .png)): null

2018-12-11 17:04:25 - [TEST_STEP][PASSED] - Statement - counter = counter + 1: null

2018-12-11 17:04:25 - [TEST_STEP][PASSED] - Statement - PreSaveFile = new java.io.File(((pathPrefix + java.lang.Integer.toString(counter)) + .png)): null

2018-12-11 17:04:25 - [TEST_STEP][PASSED] - Statement - counter = counter + 1: null

2018-12-11 17:04:25 - [TEST_STEP][PASSED] - Statement - PreSaveFile = new java.io.File(((pathPrefix + java.lang.Integer.toString(counter)) + .png)): null

2018-12-11 17:04:25 - [TEST_STEP][PASSED] - Statement - counter = counter + 1: null

2018-12-11 17:04:25 - [TEST_STEP][PASSED] - Statement - PreSaveFile = new java.io.File(((pathPrefix + java.lang.Integer.toString(counter)) + .png)): null

2018-12-11 17:04:25 - [TEST_STEP][PASSED] - Statement - counter = counter + 1: null

2018-12-11 17:04:25 - [TEST_STEP][PASSED] - Statement - PreSaveFile = new java.io.File(((pathPrefix + java.lang.Integer.toString(counter)) + .png)): null

2018-12-11 17:04:25 - [TEST_STEP][PASSED] - Statement - counter = counter + 1: null

2018-12-11 17:04:25 - [TEST_STEP][PASSED] - Statement - PreSaveFile = new java.io.File(((pathPrefix + java.lang.Integer.toString(counter)) + .png)): null

2018-12-11 17:04:25 - [TEST_STEP][PASSED] - Statement - counter = counter + 1: null

2018-12-11 17:04:25 - [TEST_STEP][PASSED] - Statement - PreSaveFile = new java.io.File(((pathPrefix + java.lang.Integer.toString(counter)) + .png)): null

2018-12-11 17:04:25 - [TEST_STEP][PASSED] - Statement - counter = counter + 1: null

2018-12-11 17:04:25 - [TEST_STEP][PASSED] - Statement - PreSaveFile = new java.io.File(((pathPrefix + java.lang.Integer.toString(counter)) + .png)): null

2018-12-11 17:04:25 - [TEST_STEP][PASSED] - Statement - counter = counter + 1: null

2018-12-11 17:04:25 - [TEST_STEP][PASSED] - Statement - PreSaveFile = new java.io.File(((pathPrefix + java.lang.Integer.toString(counter)) + .png)): null

2018-12-11 17:04:25 - [TEST_STEP][PASSED] - Statement - counter = counter + 1: null

2018-12-11 17:04:25 - [TEST_STEP][PASSED] - Statement - PreSaveFile = new java.io.File(((pathPrefix + java.lang.Integer.toString(counter)) + .png)): null

2018-12-11 17:04:25 - [TEST_STEP][PASSED] - Statement - counter = counter + 1: null

2018-12-11 17:04:25 - [TEST_STEP][PASSED] - Statement - PreSaveFile = new java.io.File(((pathPrefix + java.lang.Integer.toString(counter)) + .png)): null

2018-12-11 17:04:25 - [TEST_STEP][PASSED] - Statement - counter = counter + 1: null

2018-12-11 17:04:25 - [TEST_STEP][PASSED] - Statement - PreSaveFile = new java.io.File(((pathPrefix + java.lang.Integer.toString(counter)) + .png)): null

2018-12-11 17:04:25 - [TEST_STEP][PASSED] - Statement - counter = counter + 1: null

2018-12-11 17:04:25 - [TEST_STEP][PASSED] - Statement - PreSaveFile = new java.io.File(((pathPrefix + java.lang.Integer.toString(counter)) + .png)): null

2018-12-11 17:04:25 - [TEST_STEP][PASSED] - Statement - counter = counter + 1: null

2018-12-11 17:04:25 - [TEST_STEP][PASSED] - Statement - PreSaveFile = new java.io.File(((pathPrefix + java.lang.Integer.toString(counter)) + .png)): null

2018-12-11 17:04:25 - [TEST_STEP][PASSED] - Statement - counter = counter + 1: null

2018-12-11 17:04:25 - [TEST_STEP][PASSED] - Statement - PreSaveFile = new java.io.File(((pathPrefix + java.lang.Integer.toString(counter)) + .png)): null

2018-12-11 17:04:25 - [TEST_STEP][PASSED] - Statement - counter = counter + 1: null

2018-12-11 17:04:25 - [TEST_STEP][PASSED] - Statement - PreSaveFile = new java.io.File(((pathPrefix + java.lang.Integer.toString(counter)) + .png)): null

2018-12-11 17:04:25 - [TEST_STEP][PASSED] - Statement - counter = counter + 1: null

2018-12-11 17:04:25 - [TEST_STEP][PASSED] - Statement - PreSaveFile = new java.io.File(((pathPrefix + java.lang.Integer.toString(counter)) + .png)): null

2018-12-11 17:04:25 - [TEST_STEP][PASSED] - Statement - counter = counter + 1: null

2018-12-11 17:04:25 - [TEST_STEP][PASSED] - Statement - PreSaveFile = new java.io.File(((pathPrefix + java.lang.Integer.toString(counter)) + .png)): null

2018-12-11 17:04:25 - [TEST_STEP][PASSED] - Statement - counter = counter + 1: null

2018-12-11 17:04:25 - [TEST_STEP][PASSED] - Statement - PreSaveFile = new java.io.File(((pathPrefix + java.lang.Integer.toString(counter)) + .png)): null

2018-12-11 17:04:25 - [TEST_STEP][PASSED] - Statement - counter = counter + 1: null

2018-12-11 17:04:25 - [TEST_STEP][PASSED] - Statement - PreSaveFile = new java.io.File(((pathPrefix + java.lang.Integer.toString(counter)) + .png)): null

2018-12-11 17:04:25 - [TEST_STEP][PASSED] - Statement - counter = counter + 1: null

2018-12-11 17:04:25 - [TEST_STEP][PASSED] - Statement - PreSaveFile = new java.io.File(((pathPrefix + java.lang.Integer.toString(counter)) + .png)): null

2018-12-11 17:04:25 - [TEST_STEP][PASSED] - Statement - counter = counter + 1: null

2018-12-11 17:04:25 - [TEST_STEP][PASSED] - Statement - PreSaveFile = new java.io.File(((pathPrefix + java.lang.Integer.toString(counter)) + .png)): null

2018-12-11 17:04:25 - [TEST_STEP][PASSED] - Statement - counter = counter + 1: null

2018-12-11 17:04:25 - [TEST_STEP][PASSED] - Statement - PreSaveFile = new java.io.File(((pathPrefix + java.lang.Integer.toString(counter)) + .png)): null

2018-12-11 17:04:25 - [TEST_STEP][PASSED] - Statement - counter = counter + 1: null

2018-12-11 17:04:25 - [TEST_STEP][PASSED] - Statement - PreSaveFile = new java.io.File(((pathPrefix + java.lang.Integer.toString(counter)) + .png)): null

2018-12-11 17:04:25 - [TEST_STEP][PASSED] - Statement - counter = counter + 1: null

2018-12-11 17:04:25 - [TEST_STEP][PASSED] - Statement - PreSaveFile = new java.io.File(((pathPrefix + java.lang.Integer.toString(counter)) + .png)): null

2018-12-11 17:04:25 - [TEST_STEP][PASSED] - Statement - counter = counter + 1: null

2018-12-11 17:04:25 - [TEST_STEP][PASSED] - Statement - PreSaveFile = new java.io.File(((pathPrefix + java.lang.Integer.toString(counter)) + .png)): null

2018-12-11 17:04:25 - [TEST_STEP][PASSED] - Statement - finalPath = pathPrefix + java.lang.Integer.toString(counter) + ".png": null

2018-12-11 17:04:25 - [TEST_STEP][PASSED] - Statement - SaveFile = new java.io.File(finalPath): null

2018-12-11 17:04:25 - [TEST_STEP][PASSED] - Statement - Try: null

2018-12-11 17:04:25 - [TEST_STEP][PASSED] - Statement - org.apache.commons.io.FileUtils.copyFile(scrFile, SaveFile): null

2018-12-11 17:04:25 - [TEST_STEP][PASSED] - Statement - out.println("file kept"): null

2018-12-11 17:04:25 - [TEST_STEP][PASSED] - delay: Delayed 10 second(s)

2018-12-11 17:04:35 - [MESSAGE][PASSED] - Delayed 10 second(s)

2018-12-11 17:04:35 - [MESSAGE][PASSED] - Call Test Case 'Test Cases/Final Aug 2018 - PKS Automation/Common/Screenshoting tool' successfully]]></system-out>
         <system-err><![CDATA[]]></system-err>
      </testcase>
      <testcase name="Test Cases/Final Aug 2018 - PKS Automation/Registration Module/Workflow/Update Add New Employee/Special Case (OTC - RO Approve)" classname="Test Cases/Final Aug 2018 - PKS Automation/Registration Module/Workflow/Update Add New Employee/Special Case (OTC - RO Approve)" status="PASSED">
         <system-out><![CDATA[2018-12-11 17:04:35 - [TEST_CASE][PASSED] - Test Cases/Final Aug 2018 - PKS Automation/Registration Module/Workflow/Update Add New Employee/Special Case (OTC - RO Approve): Test Cases/Final Aug 2018 - PKS Automation/Registration Module/Workflow/Update Add New Employee/Special Case (OTC - RO Approve)

2018-12-11 17:04:36 - [TEST_STEP][PASSED] - callTestCase: Call Test Case 'Test Cases/Final Aug 2018 - PKS Automation/Registration Module/Workflow/Update Add New Employee/Template/New Company for Update Add New' successfully

2018-12-11 17:04:36 - [TEST_CASE][PASSED] - Test Cases/Final Aug 2018 - PKS Automation/Registration Module/Workflow/Update Add New Employee/Template/New Company for Update Add New: Test Cases/Final Aug 2018 - PKS Automation/Registration Module/Workflow/Update Add New Employee/Template/New Company for Update Add New

2018-12-11 17:04:36 - [TEST_STEP][PASSED] - callTestCase: Call Test Case 'Test Cases/Final Aug 2018 - PKS Automation/Registration Module/New Registration/Form 1/Form 1 - Corporation - BHD' successfully

2018-12-11 17:04:36 - [TEST_CASE][PASSED] - Test Cases/Final Aug 2018 - PKS Automation/Registration Module/New Registration/Form 1/Form 1 - Corporation - BHD: Test Cases/Final Aug 2018 - PKS Automation/Registration Module/New Registration/Form 1/Form 1 - Corporation - BHD

2018-12-11 17:04:36 - [TEST_STEP][PASSED] - openBrowser: Browser is opened with url: ''

2018-12-11 17:04:36 - [MESSAGE][WARNING] - A browser is already opened. Closing browser and opening a new one

2018-12-11 17:04:40 - [MESSAGE][PASSED] - Browser is opened with url: ''

2018-12-11 17:04:40 - [TEST_STEP][PASSED] - navigateToUrl: Navigate to 'https://assist2-uat.perkeso.gov.my/login' successfully

2018-12-11 17:04:41 - [MESSAGE][PASSED] - Navigate to 'https://assist2-uat.perkeso.gov.my/login' successfully

2018-12-11 17:04:41 - [TEST_STEP][PASSED] - setText: Text 'johorotc1@gmail.com' is set on object 'Object Repository/Final Object Repo/Login Page/Internal User/Email Address'

2018-12-11 17:04:41 - [MESSAGE][PASSED] - Text 'johorotc1@gmail.com' is set on object 'Object Repository/Final Object Repo/Login Page/Internal User/Email Address'

2018-12-11 17:04:41 - [TEST_STEP][PASSED] - click: Object: 'Object Repository/Final Object Repo/Login Page/Internal User/Next Button' is clicked on

2018-12-11 17:04:42 - [MESSAGE][PASSED] - Object: 'Object Repository/Final Object Repo/Login Page/Internal User/Next Button' is clicked on

2018-12-11 17:04:42 - [TEST_STEP][PASSED] - delay: Delayed 1 second(s)

2018-12-11 17:04:43 - [MESSAGE][PASSED] - Delayed 1 second(s)

2018-12-11 17:04:43 - [TEST_STEP][PASSED] - setEncryptedText: Text ****** has been set on object 'Object Repository/Final Object Repo/Login Page/Internal User/Password'

2018-12-11 17:04:43 - [MESSAGE][PASSED] - Text ****** has been set on object 'Object Repository/Final Object Repo/Login Page/Internal User/Password'

2018-12-11 17:04:43 - [TEST_STEP][PASSED] - click: Object: 'Object Repository/Final Object Repo/Login Page/Internal User/Login Button' is clicked on

2018-12-11 17:04:43 - [MESSAGE][PASSED] - Object: 'Object Repository/Final Object Repo/Login Page/Internal User/Login Button' is clicked on

2018-12-11 17:04:43 - [TEST_STEP][PASSED] - delay: Delayed 1 second(s)

2018-12-11 17:04:44 - [MESSAGE][PASSED] - Delayed 1 second(s)

2018-12-11 17:04:44 - [TEST_STEP][PASSED] - Statement - Try: Delayed 2 second(s)

2018-12-11 17:04:44 - [TEST_STEP][PASSED] - Statement - Checker = false: null

2018-12-11 17:04:44 - [TEST_STEP][PASSED] - Statement - Checker = com.kms.katalon.core.webui.keyword.WebUiBuiltInKeywords.verifyElementHasAttribute(com.kms.katalon.core.testobject.ObjectRepository.findTestObject(Final Object Repo/Landing Page/BM Detecting), "href", 20, OPTIONAL): Object 'Object Repository/Final Object Repo/Landing Page/BM Detecting' has attribute 'href'

2018-12-11 17:04:45 - [MESSAGE][PASSED] - Object 'Object Repository/Final Object Repo/Landing Page/BM Detecting' has attribute 'href'

2018-12-11 17:04:45 - [TEST_STEP][PASSED] - Statement - out.println(Checker): null

2018-12-11 17:04:45 - [TEST_STEP][PASSED] - Statement - If (Checker == false): null

2018-12-11 17:04:45 - [TEST_STEP][PASSED] - Statement - Else: null

2018-12-11 17:04:45 - [TEST_STEP][PASSED] - delay: Delayed 2 second(s)

2018-12-11 17:04:47 - [MESSAGE][PASSED] - Delayed 2 second(s)

2018-12-11 17:04:47 - [TEST_STEP][PASSED] - navigateToUrl: Navigate to 'https://assist2-uat.perkeso.gov.my/web/registration/registration' successfully

2018-12-11 17:04:49 - [MESSAGE][PASSED] - Navigate to 'https://assist2-uat.perkeso.gov.my/web/registration/registration' successfully

2018-12-11 17:04:49 - [TEST_STEP][PASSED] - click: Object: 'Object Repository/Final Object Repo/New Registration - Registration Module Pages/Form 1/AEC - No' is clicked on

2018-12-11 17:04:49 - [MESSAGE][PASSED] - Object: 'Object Repository/Final Object Repo/New Registration - Registration Module Pages/Form 1/AEC - No' is clicked on

2018-12-11 17:04:49 - [TEST_STEP][PASSED] - click: Object: 'Object Repository/Final Object Repo/New Registration - Registration Module Pages/Form 1/Business Entity' is clicked on

2018-12-11 17:04:49 - [MESSAGE][PASSED] - Object: 'Object Repository/Final Object Repo/New Registration - Registration Module Pages/Form 1/Business Entity' is clicked on

2018-12-11 17:04:49 - [TEST_STEP][PASSED] - click: Object: 'Object Repository/Final Object Repo/New Registration - Registration Module Pages/Form 1/Businees Entity - Corporation' is clicked on

2018-12-11 17:04:49 - [MESSAGE][PASSED] - Object: 'Object Repository/Final Object Repo/New Registration - Registration Module Pages/Form 1/Businees Entity - Corporation' is clicked on

2018-12-11 17:04:49 - [TEST_STEP][PASSED] - delay: Delayed 1 second(s)

2018-12-11 17:04:50 - [MESSAGE][PASSED] - Delayed 1 second(s)

2018-12-11 17:04:50 - [TEST_STEP][PASSED] - click: Object: 'Object Repository/Final Object Repo/New Registration - Registration Module Pages/Form 1/Sub Business Entity' is clicked on

2018-12-11 17:04:51 - [MESSAGE][PASSED] - Object: 'Object Repository/Final Object Repo/New Registration - Registration Module Pages/Form 1/Sub Business Entity' is clicked on

2018-12-11 17:04:51 - [TEST_STEP][PASSED] - click: Object: 'Object Repository/Final Object Repo/New Registration - Registration Module Pages/Form 1/Sub Business Entity - Berhad' is clicked on

2018-12-11 17:04:51 - [MESSAGE][PASSED] - Object: 'Object Repository/Final Object Repo/New Registration - Registration Module Pages/Form 1/Sub Business Entity - Berhad' is clicked on

2018-12-11 17:04:51 - [TEST_STEP][PASSED] - delay: Delayed 1 second(s)

2018-12-11 17:04:52 - [MESSAGE][PASSED] - Delayed 1 second(s)

2018-12-11 17:04:52 - [TEST_STEP][PASSED] - setText: Text '123' is set on object 'Object Repository/Final Object Repo/New Registration - Registration Module Pages/Form 1/Registration Number'

2018-12-11 17:04:52 - [MESSAGE][PASSED] - Text '123' is set on object 'Object Repository/Final Object Repo/New Registration - Registration Module Pages/Form 1/Registration Number'

2018-12-11 17:04:52 - [TEST_STEP][PASSED] - click: Object: 'Object Repository/Final Object Repo/New Registration - Registration Module Pages/Form 1/Registred with SSM - Before Feb' is clicked on

2018-12-11 17:04:52 - [MESSAGE][PASSED] - Object: 'Object Repository/Final Object Repo/New Registration - Registration Module Pages/Form 1/Registred with SSM - Before Feb' is clicked on

2018-12-11 17:04:52 - [TEST_STEP][PASSED] - click: Object: 'Object Repository/Final Object Repo/New Registration - Registration Module Pages/Form 1/Registered As a Branch - Yes' is clicked on

2018-12-11 17:04:52 - [MESSAGE][PASSED] - Object: 'Object Repository/Final Object Repo/New Registration - Registration Module Pages/Form 1/Registered As a Branch - Yes' is clicked on

2018-12-11 17:04:52 - [TEST_STEP][PASSED] - click: Object: 'Object Repository/Final Object Repo/New Registration - Registration Module Pages/Form 1/Acknowledgement' is clicked on

2018-12-11 17:04:53 - [MESSAGE][PASSED] - Object: 'Object Repository/Final Object Repo/New Registration - Registration Module Pages/Form 1/Acknowledgement' is clicked on

2018-12-11 17:04:53 - [TEST_STEP][PASSED] - setText: Text 'perkeso' is set on object 'Object Repository/Final Object Repo/New Registration - Registration Module Pages/Form 1/Industry name'

2018-12-11 17:04:53 - [MESSAGE][PASSED] - Text 'perkeso' is set on object 'Object Repository/Final Object Repo/New Registration - Registration Module Pages/Form 1/Industry name'

2018-12-11 17:04:53 - [TEST_STEP][PASSED] - setText: Text 'perkeso1' is set on object 'Object Repository/Final Object Repo/New Registration - Registration Module Pages/Form 1/Postal Address1'

2018-12-11 17:04:53 - [MESSAGE][PASSED] - Text 'perkeso1' is set on object 'Object Repository/Final Object Repo/New Registration - Registration Module Pages/Form 1/Postal Address1'

2018-12-11 17:04:53 - [TEST_STEP][PASSED] - setText: Text 'perkeso2' is set on object 'Object Repository/Final Object Repo/New Registration - Registration Module Pages/Form 1/Postal Address2'

2018-12-11 17:04:54 - [MESSAGE][PASSED] - Text 'perkeso2' is set on object 'Object Repository/Final Object Repo/New Registration - Registration Module Pages/Form 1/Postal Address2'

2018-12-11 17:04:54 - [TEST_STEP][PASSED] - setText: Text 'perkeso3' is set on object 'Object Repository/Final Object Repo/New Registration - Registration Module Pages/Form 1/Postal Address3'

2018-12-11 17:04:54 - [MESSAGE][PASSED] - Text 'perkeso3' is set on object 'Object Repository/Final Object Repo/New Registration - Registration Module Pages/Form 1/Postal Address3'

2018-12-11 17:04:54 - [TEST_STEP][PASSED] - click: Object: 'Object Repository/Final Object Repo/New Registration - Registration Module Pages/Form 1/State' is clicked on

2018-12-11 17:04:54 - [MESSAGE][PASSED] - Object: 'Object Repository/Final Object Repo/New Registration - Registration Module Pages/Form 1/State' is clicked on

2018-12-11 17:04:54 - [TEST_STEP][PASSED] - click: Object: 'Object Repository/Final Object Repo/New Registration - Registration Module Pages/Form 1/State - Johor' is clicked on

2018-12-11 17:04:55 - [MESSAGE][PASSED] - Object: 'Object Repository/Final Object Repo/New Registration - Registration Module Pages/Form 1/State - Johor' is clicked on

2018-12-11 17:04:55 - [TEST_STEP][PASSED] - delay: Delayed 1 second(s)

2018-12-11 17:04:56 - [MESSAGE][PASSED] - Delayed 1 second(s)

2018-12-11 17:04:56 - [TEST_STEP][PASSED] - click: Object: 'Object Repository/Final Object Repo/New Registration - Registration Module Pages/Form 1/City' is clicked on

2018-12-11 17:04:56 - [MESSAGE][PASSED] - Object: 'Object Repository/Final Object Repo/New Registration - Registration Module Pages/Form 1/City' is clicked on

2018-12-11 17:04:56 - [TEST_STEP][PASSED] - setText: Text 'joh' is set on object 'Object Repository/Final Object Repo/New Registration - Registration Module Pages/Form 1/Postcode - 810'

2018-12-11 17:04:56 - [MESSAGE][PASSED] - Text 'joh' is set on object 'Object Repository/Final Object Repo/New Registration - Registration Module Pages/Form 1/Postcode - 810'

2018-12-11 17:04:56 - [TEST_STEP][PASSED] - delay: Delayed 1 second(s)

2018-12-11 17:04:57 - [MESSAGE][PASSED] - Delayed 1 second(s)

2018-12-11 17:04:57 - [TEST_STEP][PASSED] - click: Object: 'Object Repository/Final Object Repo/New Registration - Registration Module Pages/Form 1/City - Johor Bharu' is clicked on

2018-12-11 17:04:57 - [MESSAGE][PASSED] - Object: 'Object Repository/Final Object Repo/New Registration - Registration Module Pages/Form 1/City - Johor Bharu' is clicked on

2018-12-11 17:04:57 - [TEST_STEP][PASSED] - delay: Delayed 1 second(s)

2018-12-11 17:04:58 - [MESSAGE][PASSED] - Delayed 1 second(s)

2018-12-11 17:04:58 - [TEST_STEP][PASSED] - click: Object: 'Object Repository/Final Object Repo/New Registration - Registration Module Pages/Form 1/Postcode' is clicked on

2018-12-11 17:04:58 - [MESSAGE][PASSED] - Object: 'Object Repository/Final Object Repo/New Registration - Registration Module Pages/Form 1/Postcode' is clicked on

2018-12-11 17:04:58 - [TEST_STEP][PASSED] - delay: Delayed 1 second(s)

2018-12-11 17:04:59 - [MESSAGE][PASSED] - Delayed 1 second(s)

2018-12-11 17:04:59 - [TEST_STEP][PASSED] - setText: Text '810' is set on object 'Object Repository/Final Object Repo/New Registration - Registration Module Pages/Form 1/Postcode - 810'

2018-12-11 17:05:00 - [MESSAGE][PASSED] - Text '810' is set on object 'Object Repository/Final Object Repo/New Registration - Registration Module Pages/Form 1/Postcode - 810'

2018-12-11 17:05:00 - [TEST_STEP][PASSED] - delay: Delayed 3 second(s)

2018-12-11 17:05:03 - [MESSAGE][PASSED] - Delayed 3 second(s)

2018-12-11 17:05:03 - [TEST_STEP][PASSED] - click: Object: 'Object Repository/Final Object Repo/New Registration - Registration Module Pages/Form 1/Postcode - 81000' is clicked on

2018-12-11 17:05:03 - [MESSAGE][PASSED] - Object: 'Object Repository/Final Object Repo/New Registration - Registration Module Pages/Form 1/Postcode - 81000' is clicked on

2018-12-11 17:05:03 - [TEST_STEP][PASSED] - delay: Delayed 1 second(s)

2018-12-11 17:05:04 - [MESSAGE][PASSED] - Delayed 1 second(s)

2018-12-11 17:05:04 - [TEST_STEP][PASSED] - setText: Text '100' is set on object 'Object Repository/Final Object Repo/New Registration - Registration Module Pages/Form 1/P.O.BOX'

2018-12-11 17:05:04 - [MESSAGE][PASSED] - Text '100' is set on object 'Object Repository/Final Object Repo/New Registration - Registration Module Pages/Form 1/P.O.BOX'

2018-12-11 17:05:04 - [TEST_STEP][PASSED] - setText: Text '100' is set on object 'Object Repository/Final Object Repo/New Registration - Registration Module Pages/Form 1/Locked Bag No'

2018-12-11 17:05:04 - [MESSAGE][PASSED] - Text '100' is set on object 'Object Repository/Final Object Repo/New Registration - Registration Module Pages/Form 1/Locked Bag No'

2018-12-11 17:05:04 - [TEST_STEP][PASSED] - click: Object: 'Object Repository/Final Object Repo/New Registration - Registration Module Pages/Form 1/SOCSO Office Location' is clicked on

2018-12-11 17:05:05 - [MESSAGE][PASSED] - Object: 'Object Repository/Final Object Repo/New Registration - Registration Module Pages/Form 1/SOCSO Office Location' is clicked on

2018-12-11 17:05:05 - [TEST_STEP][PASSED] - click: Object: 'Object Repository/Final Object Repo/New Registration - Registration Module Pages/Form 1/SOCSO Office Location - Pejabat PERKESO Negeri Johor' is clicked on

2018-12-11 17:05:05 - [MESSAGE][PASSED] - Object: 'Object Repository/Final Object Repo/New Registration - Registration Module Pages/Form 1/SOCSO Office Location - Pejabat PERKESO Negeri Johor' is clicked on

2018-12-11 17:05:05 - [TEST_STEP][PASSED] - delay: Delayed 1 second(s)

2018-12-11 17:05:06 - [MESSAGE][PASSED] - Delayed 1 second(s)

2018-12-11 17:05:06 - [TEST_STEP][PASSED] - check: Object 'Object Repository/Final Object Repo/New Registration - Registration Module Pages/Form 1/Indusrty Address Same As Postal Address' is checked

2018-12-11 17:05:06 - [MESSAGE][PASSED] - Object 'Object Repository/Final Object Repo/New Registration - Registration Module Pages/Form 1/Indusrty Address Same As Postal Address' is checked

2018-12-11 17:05:06 - [TEST_STEP][PASSED] - delay: Delayed 3 second(s)

2018-12-11 17:05:09 - [MESSAGE][PASSED] - Delayed 3 second(s)

2018-12-11 17:05:09 - [TEST_STEP][PASSED] - click: Object: 'Object Repository/Final Object Repo/New Registration - Registration Module Pages/Form 1/Indusry Address Same As Postal Address False' is clicked on

2018-12-11 17:05:09 - [MESSAGE][PASSED] - Object: 'Object Repository/Final Object Repo/New Registration - Registration Module Pages/Form 1/Indusry Address Same As Postal Address False' is clicked on

2018-12-11 17:05:09 - [TEST_STEP][PASSED] - delay: Delayed 1 second(s)

2018-12-11 17:05:10 - [MESSAGE][PASSED] - Delayed 1 second(s)

2018-12-11 17:05:10 - [TEST_STEP][PASSED] - setText: Text 'perkeso1' is set on object 'Object Repository/Final Object Repo/New Registration - Registration Module Pages/Form 1/Industry Address1'

2018-12-11 17:05:11 - [MESSAGE][PASSED] - Text 'perkeso1' is set on object 'Object Repository/Final Object Repo/New Registration - Registration Module Pages/Form 1/Industry Address1'

2018-12-11 17:05:11 - [TEST_STEP][PASSED] - setText: Text 'perkeso2' is set on object 'Object Repository/Final Object Repo/New Registration - Registration Module Pages/Form 1/Industry Address2'

2018-12-11 17:05:11 - [MESSAGE][PASSED] - Text 'perkeso2' is set on object 'Object Repository/Final Object Repo/New Registration - Registration Module Pages/Form 1/Industry Address2'

2018-12-11 17:05:11 - [TEST_STEP][PASSED] - setText: Text 'perkeso3' is set on object 'Object Repository/Final Object Repo/New Registration - Registration Module Pages/Form 1/Industry Address3'

2018-12-11 17:05:11 - [MESSAGE][PASSED] - Text 'perkeso3' is set on object 'Object Repository/Final Object Repo/New Registration - Registration Module Pages/Form 1/Industry Address3'

2018-12-11 17:05:11 - [TEST_STEP][PASSED] - click: Object: 'Object Repository/Final Object Repo/New Registration - Registration Module Pages/Form 1/Industry State' is clicked on

2018-12-11 17:05:12 - [MESSAGE][PASSED] - Object: 'Object Repository/Final Object Repo/New Registration - Registration Module Pages/Form 1/Industry State' is clicked on

2018-12-11 17:05:12 - [TEST_STEP][PASSED] - delay: Delayed 2 second(s)

2018-12-11 17:05:14 - [MESSAGE][PASSED] - Delayed 2 second(s)

2018-12-11 17:05:14 - [TEST_STEP][PASSED] - click: Object: 'Object Repository/Final Object Repo/New Registration - Registration Module Pages/Form 1/Industry State - Johor' is clicked on

2018-12-11 17:05:14 - [MESSAGE][PASSED] - Object: 'Object Repository/Final Object Repo/New Registration - Registration Module Pages/Form 1/Industry State - Johor' is clicked on

2018-12-11 17:05:14 - [TEST_STEP][PASSED] - delay: Delayed 2 second(s)

2018-12-11 17:05:16 - [MESSAGE][PASSED] - Delayed 2 second(s)

2018-12-11 17:05:16 - [TEST_STEP][PASSED] - click: Object: 'Object Repository/Final Object Repo/New Registration - Registration Module Pages/Form 1/Industry Ciry' is clicked on

2018-12-11 17:05:16 - [MESSAGE][PASSED] - Object: 'Object Repository/Final Object Repo/New Registration - Registration Module Pages/Form 1/Industry Ciry' is clicked on

2018-12-11 17:05:16 - [TEST_STEP][PASSED] - setText: Text 'joh' is set on object 'Object Repository/Final Object Repo/New Registration - Registration Module Pages/Form 1/Industry Ciry - joh'

2018-12-11 17:05:16 - [MESSAGE][PASSED] - Text 'joh' is set on object 'Object Repository/Final Object Repo/New Registration - Registration Module Pages/Form 1/Industry Ciry - joh'

2018-12-11 17:05:16 - [TEST_STEP][PASSED] - delay: Delayed 2 second(s)

2018-12-11 17:05:18 - [MESSAGE][PASSED] - Delayed 2 second(s)

2018-12-11 17:05:18 - [TEST_STEP][PASSED] - click: Object: 'Object Repository/Final Object Repo/New Registration - Registration Module Pages/Form 1/Industy State - Johor Bharu' is clicked on

2018-12-11 17:05:18 - [MESSAGE][PASSED] - Object: 'Object Repository/Final Object Repo/New Registration - Registration Module Pages/Form 1/Industy State - Johor Bharu' is clicked on

2018-12-11 17:05:18 - [TEST_STEP][PASSED] - delay: Delayed 1 second(s)

2018-12-11 17:05:19 - [MESSAGE][PASSED] - Delayed 1 second(s)

2018-12-11 17:05:19 - [TEST_STEP][PASSED] - click: Object: 'Object Repository/Final Object Repo/New Registration - Registration Module Pages/Form 1/Indusry PostCode' is clicked on

2018-12-11 17:05:20 - [MESSAGE][PASSED] - Object: 'Object Repository/Final Object Repo/New Registration - Registration Module Pages/Form 1/Indusry PostCode' is clicked on

2018-12-11 17:05:20 - [TEST_STEP][PASSED] - delay: Delayed 1 second(s)

2018-12-11 17:05:21 - [MESSAGE][PASSED] - Delayed 1 second(s)

2018-12-11 17:05:21 - [TEST_STEP][PASSED] - setText: Text '810' is set on object 'Object Repository/Final Object Repo/New Registration - Registration Module Pages/Form 1/Insutry Post Code - 810'

2018-12-11 17:05:21 - [MESSAGE][PASSED] - Text '810' is set on object 'Object Repository/Final Object Repo/New Registration - Registration Module Pages/Form 1/Insutry Post Code - 810'

2018-12-11 17:05:21 - [TEST_STEP][PASSED] - delay: Delayed 1 second(s)

2018-12-11 17:05:22 - [MESSAGE][PASSED] - Delayed 1 second(s)

2018-12-11 17:05:22 - [TEST_STEP][PASSED] - click: Object: 'Object Repository/Final Object Repo/New Registration - Registration Module Pages/Form 1/Insutry Post Code - 81000' is clicked on

2018-12-11 17:05:22 - [MESSAGE][PASSED] - Object: 'Object Repository/Final Object Repo/New Registration - Registration Module Pages/Form 1/Insutry Post Code - 81000' is clicked on

2018-12-11 17:05:22 - [TEST_STEP][PASSED] - delay: Delayed 1 second(s)

2018-12-11 17:05:23 - [MESSAGE][PASSED] - Delayed 1 second(s)

2018-12-11 17:05:23 - [TEST_STEP][PASSED] - setText: Text '100' is set on object 'Object Repository/Final Object Repo/New Registration - Registration Module Pages/Form 1/Industry P.O.BOX'

2018-12-11 17:05:23 - [MESSAGE][PASSED] - Text '100' is set on object 'Object Repository/Final Object Repo/New Registration - Registration Module Pages/Form 1/Industry P.O.BOX'

2018-12-11 17:05:23 - [TEST_STEP][PASSED] - setText: Text '100' is set on object 'Object Repository/Final Object Repo/New Registration - Registration Module Pages/Form 1/Industry Locked Bag No'

2018-12-11 17:05:24 - [MESSAGE][PASSED] - Text '100' is set on object 'Object Repository/Final Object Repo/New Registration - Registration Module Pages/Form 1/Industry Locked Bag No'

2018-12-11 17:05:24 - [TEST_STEP][PASSED] - setText: Text '123456789' is set on object 'Object Repository/Final Object Repo/New Registration - Registration Module Pages/Form 1/Telephone No'

2018-12-11 17:05:24 - [MESSAGE][PASSED] - Text '123456789' is set on object 'Object Repository/Final Object Repo/New Registration - Registration Module Pages/Form 1/Telephone No'

2018-12-11 17:05:24 - [TEST_STEP][PASSED] - setText: Text '123456789' is set on object 'Object Repository/Final Object Repo/New Registration - Registration Module Pages/Form 1/Mobile No'

2018-12-11 17:05:24 - [MESSAGE][PASSED] - Text '123456789' is set on object 'Object Repository/Final Object Repo/New Registration - Registration Module Pages/Form 1/Mobile No'

2018-12-11 17:05:24 - [TEST_STEP][PASSED] - setText: Text '123456789' is set on object 'Object Repository/Final Object Repo/New Registration - Registration Module Pages/Form 1/Fax No'

2018-12-11 17:05:25 - [MESSAGE][PASSED] - Text '123456789' is set on object 'Object Repository/Final Object Repo/New Registration - Registration Module Pages/Form 1/Fax No'

2018-12-11 17:05:25 - [TEST_STEP][PASSED] - click: Object: 'Object Repository/Final Object Repo/New Registration - Registration Module Pages/Form 1/Industry Code' is clicked on

2018-12-11 17:05:25 - [MESSAGE][PASSED] - Object: 'Object Repository/Final Object Repo/New Registration - Registration Module Pages/Form 1/Industry Code' is clicked on

2018-12-11 17:05:25 - [TEST_STEP][PASSED] - click: Object: 'Object Repository/Final Object Repo/New Registration - Registration Module Pages/Form 1/Indudustry Code - Crops and Animal' is clicked on

2018-12-11 17:05:25 - [MESSAGE][PASSED] - Object: 'Object Repository/Final Object Repo/New Registration - Registration Module Pages/Form 1/Indudustry Code - Crops and Animal' is clicked on

2018-12-11 17:05:25 - [TEST_STEP][PASSED] - delay: Delayed 1 second(s)

2018-12-11 17:05:26 - [MESSAGE][PASSED] - Delayed 1 second(s)

2018-12-11 17:05:26 - [TEST_STEP][PASSED] - click: Object: 'Object Repository/Final Object Repo/New Registration - Registration Module Pages/Form 1/Sub Industry Code List' is clicked on

2018-12-11 17:05:27 - [MESSAGE][PASSED] - Object: 'Object Repository/Final Object Repo/New Registration - Registration Module Pages/Form 1/Sub Industry Code List' is clicked on

2018-12-11 17:05:27 - [TEST_STEP][PASSED] - click: Object: 'Object Repository/Final Object Repo/New Registration - Registration Module Pages/Form 1/Sub Industry Code List - Growing of Maize' is clicked on

2018-12-11 17:05:27 - [MESSAGE][PASSED] - Object: 'Object Repository/Final Object Repo/New Registration - Registration Module Pages/Form 1/Sub Industry Code List - Growing of Maize' is clicked on

2018-12-11 17:05:27 - [TEST_STEP][PASSED] - setText: Text 'perkeso123@gmail.com' is set on object 'Object Repository/Final Object Repo/New Registration - Registration Module Pages/Form 1/Email'

2018-12-11 17:05:27 - [MESSAGE][PASSED] - Text 'perkeso123@gmail.com' is set on object 'Object Repository/Final Object Repo/New Registration - Registration Module Pages/Form 1/Email'

2018-12-11 17:05:27 - [TEST_STEP][PASSED] - click: Object: 'Object Repository/Final Object Repo/New Registration - Registration Module Pages/Form 1/Method of Contribution Payment' is clicked on

2018-12-11 17:05:28 - [MESSAGE][PASSED] - Object: 'Object Repository/Final Object Repo/New Registration - Registration Module Pages/Form 1/Method of Contribution Payment' is clicked on

2018-12-11 17:05:28 - [TEST_STEP][PASSED] - click: Object: 'Object Repository/Final Object Repo/New Registration - Registration Module Pages/Form 1/Method of Contribution Payment - Portal' is clicked on

2018-12-11 17:05:28 - [MESSAGE][PASSED] - Object: 'Object Repository/Final Object Repo/New Registration - Registration Module Pages/Form 1/Method of Contribution Payment - Portal' is clicked on

2018-12-11 17:05:28 - [TEST_STEP][PASSED] - click: Object: 'Object Repository/Final Object Repo/New Registration - Registration Module Pages/Form 1/Servide Type' is clicked on

2018-12-11 17:05:28 - [MESSAGE][PASSED] - Object: 'Object Repository/Final Object Repo/New Registration - Registration Module Pages/Form 1/Servide Type' is clicked on

2018-12-11 17:05:28 - [TEST_STEP][PASSED] - click: Object: 'Object Repository/Final Object Repo/New Registration - Registration Module Pages/Form 1/Servide Type - Professional Bodies' is clicked on

2018-12-11 17:05:28 - [MESSAGE][PASSED] - Object: 'Object Repository/Final Object Repo/New Registration - Registration Module Pages/Form 1/Servide Type - Professional Bodies' is clicked on

2018-12-11 17:05:28 - [TEST_STEP][PASSED] - click: Object: 'Object Repository/Final Object Repo/New Registration - Registration Module Pages/Form 1/Industry Venue' is clicked on

2018-12-11 17:05:28 - [MESSAGE][PASSED] - Object: 'Object Repository/Final Object Repo/New Registration - Registration Module Pages/Form 1/Industry Venue' is clicked on

2018-12-11 17:05:28 - [TEST_STEP][PASSED] - click: Object: 'Object Repository/Final Object Repo/New Registration - Registration Module Pages/Form 1/Industry Venue -  PPN JOHOR' is clicked on

2018-12-11 17:05:29 - [MESSAGE][PASSED] - Object: 'Object Repository/Final Object Repo/New Registration - Registration Module Pages/Form 1/Industry Venue -  PPN JOHOR' is clicked on

2018-12-11 17:05:29 - [TEST_STEP][PASSED] - click: Object: 'Object Repository/Final Object Repo/New Registration - Registration Module Pages/Form 1/Save  Continue' is clicked on

2018-12-11 17:05:29 - [MESSAGE][PASSED] - Object: 'Object Repository/Final Object Repo/New Registration - Registration Module Pages/Form 1/Save  Continue' is clicked on

2018-12-11 17:05:29 - [MESSAGE][PASSED] - Call Test Case 'Test Cases/Final Aug 2018 - PKS Automation/Registration Module/New Registration/Form 1/Form 1 - Corporation - BHD' successfully

2018-12-11 17:05:29 - [TEST_STEP][PASSED] - callTestCase: Call Test Case 'Test Cases/Final Aug 2018 - PKS Automation/Registration Module/New Registration/Form 2/Add 1 Eligible' successfully

2018-12-11 17:05:29 - [TEST_CASE][PASSED] - Test Cases/Final Aug 2018 - PKS Automation/Registration Module/New Registration/Form 2/Add 1 Eligible: Test Cases/Final Aug 2018 - PKS Automation/Registration Module/New Registration/Form 2/Add 1 Eligible

2018-12-11 17:05:29 - [TEST_STEP][PASSED] - delay: Delayed 2 second(s)

2018-12-11 17:05:31 - [MESSAGE][PASSED] - Delayed 2 second(s)

2018-12-11 17:05:31 - [TEST_STEP][PASSED] - callTestCase: Call Test Case 'Test Cases/Final Aug 2018 - PKS Automation/Registration Module/New Registration/Form 2/Date Updater' successfully

2018-12-11 17:05:31 - [TEST_CASE][PASSED] - Test Cases/Final Aug 2018 - PKS Automation/Registration Module/New Registration/Form 2/Date Updater: Test Cases/Final Aug 2018 - PKS Automation/Registration Module/New Registration/Form 2/Date Updater

2018-12-11 17:05:31 - [TEST_STEP][PASSED] - Statement - TodayDate = new java.util.Date(): null

2018-12-11 17:05:31 - [TEST_STEP][PASSED] - Statement - CurrentDateNoFilter = new java.text.SimpleDateFormat(): null

2018-12-11 17:05:31 - [TEST_STEP][PASSED] - Statement - CurrentDateNoFilter.applyPattern("MM"): null

2018-12-11 17:05:31 - [TEST_STEP][PASSED] - Statement - monthContainerMatcher = java.lang.Integer.parseInt(CurrentDateNoFilter.format(TodayDate)): null

2018-12-11 17:05:31 - [TEST_STEP][PASSED] - Statement - monthContainerMatcher = monthContainerMatcher - 1: null

2018-12-11 17:05:31 - [TEST_STEP][PASSED] - Statement - CurrentMonth = monthContainerMatcher.toString(): null

2018-12-11 17:05:31 - [TEST_STEP][PASSED] - Statement - CurrentMonth = CurrentMonth: null

2018-12-11 17:05:31 - [TEST_STEP][PASSED] - Statement - CurrentDateNoFilter.applyPattern("yyyy"): null

2018-12-11 17:05:31 - [TEST_STEP][PASSED] - Statement - CurrentYear = CurrentDateNoFilter.format(TodayDate): null

2018-12-11 17:05:31 - [TEST_STEP][PASSED] - Statement - CurrentYear = CurrentYear: null

2018-12-11 17:05:31 - [TEST_STEP][PASSED] - Statement - intCurrentYear = java.lang.Integer.parseInt(CurrentDateNoFilter.format(TodayDate)): null

2018-12-11 17:05:31 - [TEST_STEP][PASSED] - Statement - eighteenYrsAgo = intCurrentYear - 18: null

2018-12-11 17:05:31 - [TEST_STEP][PASSED] - Statement - eighteenYrsBeforeThisYr = eighteenYrsAgo.toString(): null

2018-12-11 17:05:31 - [TEST_STEP][PASSED] - Statement - EighteenYrsBefore = eighteenYrsBeforeThisYr: null

2018-12-11 17:05:31 - [TEST_STEP][PASSED] - Statement - fiftysevenYrsAgo = intCurrentYear - 57: null

2018-12-11 17:05:31 - [TEST_STEP][PASSED] - Statement - fiftysevenYrsBeforeThisYr = fiftysevenYrsAgo.toString(): null

2018-12-11 17:05:31 - [TEST_STEP][PASSED] - Statement - FiftysevenYrsBefore = fiftysevenYrsBeforeThisYr: null

2018-12-11 17:05:31 - [TEST_STEP][PASSED] - Statement - leapYear = false: null

2018-12-11 17:05:31 - [TEST_STEP][PASSED] - Statement - leapYear = intCurrentYear % 4 == 0: null

2018-12-11 17:05:31 - [TEST_STEP][PASSED] - Statement - CurrentDateNoFilter.applyPattern("dd"): null

2018-12-11 17:05:31 - [TEST_STEP][PASSED] - Statement - CurrentDate = CurrentDateNoFilter.format(TodayDate): null

2018-12-11 17:05:31 - [TEST_STEP][PASSED] - Statement - CurrentDate = java.lang.Integer.parseInt(CurrentDate): null

2018-12-11 17:05:31 - [TEST_STEP][PASSED] - Statement - CurrentDate = CurrentDate: null

2018-12-11 17:05:31 - [TEST_STEP][PASSED] - Statement - CurrentDay = java.lang.Integer.parseInt(CurrentDate): null

2018-12-11 17:05:31 - [TEST_STEP][PASSED] - Statement - ConfAdder = <not implemented yet for class: org.codehaus.groovy.ast.expr.EmptyExpression>: null

2018-12-11 17:05:31 - [TEST_STEP][PASSED] - Statement - out.println(CurrentMonth): null

2018-12-11 17:05:31 - [TEST_STEP][PASSED] - Statement - out.println(CurrentDate): null

2018-12-11 17:05:31 - [TEST_STEP][PASSED] - Statement - switch (CurrentDate): null

2018-12-11 17:05:31 - [TEST_STEP][PASSED] - Statement - Default: null

2018-12-11 17:05:31 - [TEST_STEP][PASSED] - Statement - ConfAdder = true: null

2018-12-11 17:05:31 - [TEST_STEP][PASSED] - Statement - Break: null

2018-12-11 17:05:31 - [TEST_STEP][PASSED] - Statement - aDayBefore = <not implemented yet for class: org.codehaus.groovy.ast.expr.EmptyExpression>: null

2018-12-11 17:05:31 - [TEST_STEP][PASSED] - Statement - out.println(ConfAdder): null

2018-12-11 17:05:31 - [TEST_STEP][PASSED] - Statement - If (ConfAdder == true): null

2018-12-11 17:05:31 - [TEST_STEP][PASSED] - Statement - aDayBefore = CurrentDay + 1: null

2018-12-11 17:05:31 - [TEST_STEP][PASSED] - Statement - out.println(aDayBefore): null

2018-12-11 17:05:31 - [TEST_STEP][PASSED] - Statement - If (aDayBefore == 1 && CurrentMonth == 11): null

2018-12-11 17:05:31 - [TEST_STEP][PASSED] - Statement - DayBefore = aDayBefore.toString(): null

2018-12-11 17:05:31 - [TEST_STEP][PASSED] - Statement - OneDayBefore = DayBefore: null

2018-12-11 17:05:31 - [MESSAGE][PASSED] - Call Test Case 'Test Cases/Final Aug 2018 - PKS Automation/Registration Module/New Registration/Form 2/Date Updater' successfully

2018-12-11 17:05:31 - [TEST_STEP][PASSED] - delay: Delayed 1 second(s)

2018-12-11 17:05:32 - [MESSAGE][PASSED] - Delayed 1 second(s)

2018-12-11 17:05:32 - [TEST_STEP][PASSED] - Statement - CaseReferenceNo = com.kms.katalon.core.webui.keyword.WebUiBuiltInKeywords.getText(com.kms.katalon.core.testobject.ObjectRepository.findTestObject(Final Object Repo/New Registration - Registration Module Pages/Form 2/RefNo Acquiring)): Text of object 'Object Repository/Final Object Repo/New Registration - Registration Module Pages/Form 2/RefNo Acquiring' is: 'CRN12201800123186'

2018-12-11 17:05:32 - [MESSAGE][PASSED] - Text of object 'Object Repository/Final Object Repo/New Registration - Registration Module Pages/Form 2/RefNo Acquiring' is: 'CRN12201800123186'

2018-12-11 17:05:32 - [TEST_STEP][PASSED] - delay: Delayed 1 second(s)

2018-12-11 17:05:33 - [MESSAGE][PASSED] - Delayed 1 second(s)

2018-12-11 17:05:33 - [TEST_STEP][PASSED] - click: Object: 'Object Repository/Final Object Repo/New Registration - Registration Module Pages/Form 2/Add Employee Button' is clicked on

2018-12-11 17:05:33 - [MESSAGE][PASSED] - Object: 'Object Repository/Final Object Repo/New Registration - Registration Module Pages/Form 2/Add Employee Button' is clicked on

2018-12-11 17:05:33 - [TEST_STEP][PASSED] - delay: Delayed 1 second(s)

2018-12-11 17:05:34 - [MESSAGE][PASSED] - Delayed 1 second(s)

2018-12-11 17:05:34 - [TEST_STEP][PASSED] - setText: Text '010903091963' is set on object 'Object Repository/Final Object Repo/New Registration - Registration Module Pages/Form 2/NRIC Input'

2018-12-11 17:05:35 - [MESSAGE][PASSED] - Text '010903091963' is set on object 'Object Repository/Final Object Repo/New Registration - Registration Module Pages/Form 2/NRIC Input'

2018-12-11 17:05:35 - [TEST_STEP][PASSED] - click: Object: 'Object Repository/Final Object Repo/New Registration - Registration Module Pages/Form 2/button for search for IC' is clicked on

2018-12-11 17:05:35 - [MESSAGE][PASSED] - Object: 'Object Repository/Final Object Repo/New Registration - Registration Module Pages/Form 2/button for search for IC' is clicked on

2018-12-11 17:05:35 - [TEST_STEP][PASSED] - delay: Delayed 2 second(s)

2018-12-11 17:05:37 - [MESSAGE][PASSED] - Delayed 2 second(s)

2018-12-11 17:05:37 - [TEST_STEP][PASSED] - setText: Text 'Automate001 eligible 1' is set on object 'Object Repository/Final Object Repo/New Registration - Registration Module Pages/Form 2/Employee Name Input'

2018-12-11 17:05:37 - [MESSAGE][PASSED] - Text 'Automate001 eligible 1' is set on object 'Object Repository/Final Object Repo/New Registration - Registration Module Pages/Form 2/Employee Name Input'

2018-12-11 17:05:37 - [TEST_STEP][PASSED] - delay: Delayed 2 second(s)

2018-12-11 17:05:39 - [MESSAGE][PASSED] - Delayed 2 second(s)

2018-12-11 17:05:39 - [TEST_STEP][PASSED] - click: Object: 'Object Repository/Final Object Repo/New Registration - Registration Module Pages/Form 2/DatePicker Pop Up' is clicked on

2018-12-11 17:05:40 - [MESSAGE][PASSED] - Object: 'Object Repository/Final Object Repo/New Registration - Registration Module Pages/Form 2/DatePicker Pop Up' is clicked on

2018-12-11 17:05:40 - [TEST_STEP][PASSED] - click: Object: 'Object Repository/Final Object Repo/New Registration - Registration Module Pages/Form 2/DOB Month' is clicked on

2018-12-11 17:05:40 - [MESSAGE][PASSED] - Object: 'Object Repository/Final Object Repo/New Registration - Registration Module Pages/Form 2/DOB Month' is clicked on

2018-12-11 17:05:40 - [TEST_STEP][PASSED] - Statement - CurrentMonth = CurrentMonth: null

2018-12-11 17:05:40 - [TEST_STEP][PASSED] - Statement - selectMonth = new com.kms.katalon.core.testobject.TestObject(): null

2018-12-11 17:05:40 - [TEST_STEP][PASSED] - Statement - selectMonth.addProperty("xpath", EQUALS, "//body/div/div/div/select/option[@value='" + CurrentMonth + "']", true): null

2018-12-11 17:05:40 - [TEST_STEP][PASSED] - click: Object: '' is clicked on

2018-12-11 17:05:40 - [MESSAGE][PASSED] - Object: '' is clicked on

2018-12-11 17:05:40 - [TEST_STEP][PASSED] - click: Object: 'Object Repository/Final Object Repo/New Registration - Registration Module Pages/Form 2/DOB Year' is clicked on

2018-12-11 17:05:40 - [MESSAGE][PASSED] - Object: 'Object Repository/Final Object Repo/New Registration - Registration Module Pages/Form 2/DOB Year' is clicked on

2018-12-11 17:05:40 - [TEST_STEP][PASSED] - Statement - Eyearsbf = EighteenYrsBefore: null

2018-12-11 17:05:40 - [TEST_STEP][PASSED] - Statement - selectYear = new com.kms.katalon.core.testobject.TestObject(): null

2018-12-11 17:05:40 - [TEST_STEP][PASSED] - Statement - selectYear.addProperty("xpath", EQUALS, "//div/div/div/select/option[@value='" + Eyearsbf + "']", true): null

2018-12-11 17:05:40 - [TEST_STEP][PASSED] - click: Object: '' is clicked on

2018-12-11 17:05:40 - [MESSAGE][PASSED] - Object: '' is clicked on

2018-12-11 17:05:40 - [TEST_STEP][PASSED] - Statement - UpdatedSelectDate = com.kms.katalon.core.webui.keyword.WebUiBuiltInKeywords.modifyObjectProperty(com.kms.katalon.core.testobject.ObjectRepository.findTestObject(Final Object Repo/New Registration - Registration Module Pages/Form 2/DOB Date), "xpath", "equals", "//body/div/table/tbody/tr/td/a[text()="" + CurrentDate + ""]", true): Modify property of object successfully

2018-12-11 17:05:40 - [MESSAGE][PASSED] - Modify property of object successfully

2018-12-11 17:05:40 - [TEST_STEP][PASSED] - delay: Delayed 3 second(s)

2018-12-11 17:05:43 - [MESSAGE][PASSED] - Delayed 3 second(s)

2018-12-11 17:05:43 - [TEST_STEP][PASSED] - click: Object: 'Object Repository/Final Object Repo/New Registration - Registration Module Pages/Form 2/DOB Date' is clicked on

2018-12-11 17:05:43 - [MESSAGE][PASSED] - Object: 'Object Repository/Final Object Repo/New Registration - Registration Module Pages/Form 2/DOB Date' is clicked on

2018-12-11 17:05:43 - [TEST_STEP][PASSED] - delay: Delayed 2 second(s)

2018-12-11 17:05:45 - [MESSAGE][PASSED] - Delayed 2 second(s)

2018-12-11 17:05:45 - [TEST_STEP][PASSED] - click: Object: 'Object Repository/Final Object Repo/New Registration - Registration Module Pages/Form 2/EmploymentStartDate Pop Up' is clicked on

2018-12-11 17:05:46 - [MESSAGE][PASSED] - Object: 'Object Repository/Final Object Repo/New Registration - Registration Module Pages/Form 2/EmploymentStartDate Pop Up' is clicked on

2018-12-11 17:05:46 - [TEST_STEP][PASSED] - delay: Delayed 2 second(s)

2018-12-11 17:05:48 - [MESSAGE][PASSED] - Delayed 2 second(s)

2018-12-11 17:05:48 - [TEST_STEP][PASSED] - click: Object: 'Object Repository/Final Object Repo/New Registration - Registration Module Pages/Form 2/Socso Employment StartDate Month' is clicked on

2018-12-11 17:05:48 - [MESSAGE][PASSED] - Object: 'Object Repository/Final Object Repo/New Registration - Registration Module Pages/Form 2/Socso Employment StartDate Month' is clicked on

2018-12-11 17:05:48 - [TEST_STEP][PASSED] - delay: Delayed 1 second(s)

2018-12-11 17:05:49 - [MESSAGE][PASSED] - Delayed 1 second(s)

2018-12-11 17:05:49 - [TEST_STEP][PASSED] - click: Object: 'Object Repository/Final Object Repo/New Registration - Registration Module Pages/Form 2/Select Socso Employement Startdate Month' is clicked on

2018-12-11 17:05:49 - [MESSAGE][PASSED] - Object: 'Object Repository/Final Object Repo/New Registration - Registration Module Pages/Form 2/Select Socso Employement Startdate Month' is clicked on

2018-12-11 17:05:49 - [TEST_STEP][PASSED] - delay: Delayed 2 second(s)

2018-12-11 17:05:51 - [MESSAGE][PASSED] - Delayed 2 second(s)

2018-12-11 17:05:51 - [TEST_STEP][PASSED] - click: Object: 'Object Repository/Final Object Repo/New Registration - Registration Module Pages/Form 2/Socso Employment StartDate Year' is clicked on

2018-12-11 17:05:51 - [MESSAGE][PASSED] - Object: 'Object Repository/Final Object Repo/New Registration - Registration Module Pages/Form 2/Socso Employment StartDate Year' is clicked on

2018-12-11 17:05:51 - [TEST_STEP][PASSED] - delay: Delayed 1 second(s)

2018-12-11 17:05:52 - [MESSAGE][PASSED] - Delayed 1 second(s)

2018-12-11 17:05:52 - [TEST_STEP][PASSED] - click: Object: 'Object Repository/Final Object Repo/New Registration - Registration Module Pages/Form 2/Select Socso Employment Startdate Year' is clicked on

2018-12-11 17:05:52 - [MESSAGE][PASSED] - Object: 'Object Repository/Final Object Repo/New Registration - Registration Module Pages/Form 2/Select Socso Employment Startdate Year' is clicked on

2018-12-11 17:05:52 - [TEST_STEP][PASSED] - delay: Delayed 2 second(s)

2018-12-11 17:05:54 - [MESSAGE][PASSED] - Delayed 2 second(s)

2018-12-11 17:05:54 - [TEST_STEP][PASSED] - click: Object: 'Object Repository/Final Object Repo/New Registration - Registration Module Pages/Form 2/Socso Employment Start Date Day' is clicked on

2018-12-11 17:05:54 - [MESSAGE][PASSED] - Object: 'Object Repository/Final Object Repo/New Registration - Registration Module Pages/Form 2/Socso Employment Start Date Day' is clicked on

2018-12-11 17:05:54 - [TEST_STEP][PASSED] - delay: Delayed 2 second(s)

2018-12-11 17:05:56 - [MESSAGE][PASSED] - Delayed 2 second(s)

2018-12-11 17:05:56 - [TEST_STEP][PASSED] - click: Object: 'Object Repository/Final Object Repo/New Registration - Registration Module Pages/Form 2/Save Button for Add Employee' is clicked on

2018-12-11 17:05:57 - [MESSAGE][PASSED] - Object: 'Object Repository/Final Object Repo/New Registration - Registration Module Pages/Form 2/Save Button for Add Employee' is clicked on

2018-12-11 17:05:57 - [TEST_STEP][PASSED] - delay: Delayed 6 second(s)

2018-12-11 17:06:03 - [MESSAGE][PASSED] - Delayed 6 second(s)

2018-12-11 17:06:03 - [TEST_STEP][PASSED] - click: Object: 'Object Repository/Final Object Repo/New Registration - Registration Module Pages/Form 2/Save and Continue Form 2' is clicked on

2018-12-11 17:06:03 - [MESSAGE][PASSED] - Object: 'Object Repository/Final Object Repo/New Registration - Registration Module Pages/Form 2/Save and Continue Form 2' is clicked on

2018-12-11 17:06:03 - [MESSAGE][PASSED] - Call Test Case 'Test Cases/Final Aug 2018 - PKS Automation/Registration Module/New Registration/Form 2/Add 1 Eligible' successfully

2018-12-11 17:06:03 - [TEST_STEP][PASSED] - callTestCase: Call Test Case 'Test Cases/Final Aug 2018 - PKS Automation/Registration Module/New Registration/Flow of New Registration/Third Screen - Upload Supporting Doc - Preview' successfully

2018-12-11 17:06:03 - [TEST_CASE][PASSED] - Test Cases/Final Aug 2018 - PKS Automation/Registration Module/New Registration/Flow of New Registration/Third Screen - Upload Supporting Doc - Preview: Test Cases/Final Aug 2018 - PKS Automation/Registration Module/New Registration/Flow of New Registration/Third Screen - Upload Supporting Doc - Preview

2018-12-11 17:06:03 - [TEST_STEP][PASSED] - waitForPageLoad: Wait for page load successfully

2018-12-11 17:06:04 - [MESSAGE][PASSED] - Wait for page load successfully

2018-12-11 17:06:04 - [TEST_STEP][PASSED] - Statement - CaseReferenceNo = com.kms.katalon.core.webui.keyword.WebUiBuiltInKeywords.getText(com.kms.katalon.core.testobject.ObjectRepository.findTestObject(Final Object Repo/New Registration - Registration Module Pages/Third Screen - Upload Supporting Doc- Preview/RefNo Acquiring)): Text of object 'Object Repository/Final Object Repo/New Registration - Registration Module Pages/Third Screen - Upload Supporting Doc- Preview/RefNo Acquiring' is: 'CRN12201800123186'

2018-12-11 17:06:04 - [MESSAGE][PASSED] - Text of object 'Object Repository/Final Object Repo/New Registration - Registration Module Pages/Third Screen - Upload Supporting Doc- Preview/RefNo Acquiring' is: 'CRN12201800123186'

2018-12-11 17:06:04 - [TEST_STEP][PASSED] - delay: Delayed 2 second(s)

2018-12-11 17:06:06 - [MESSAGE][PASSED] - Delayed 2 second(s)

2018-12-11 17:06:06 - [TEST_STEP][PASSED] - callTestCase: Call Test Case 'Test Cases/Final Aug 2018 - PKS Automation/Common/Reference Number Setter' successfully

2018-12-11 17:06:06 - [TEST_CASE][PASSED] - Test Cases/Final Aug 2018 - PKS Automation/Common/Reference Number Setter: Test Cases/Final Aug 2018 - PKS Automation/Common/Reference Number Setter

2018-12-11 17:06:06 - [TEST_STEP][PASSED] - Statement - RefNoOldFile = new java.io.File(C://Users//Admin//Desktop//PKS//Automation Reference Point//KatalonReference.txt): null

2018-12-11 17:06:06 - [TEST_STEP][PASSED] - Statement - RefNoOldFile.delete(): null

2018-12-11 17:06:06 - [TEST_STEP][PASSED] - delay: Delayed 5 second(s)

2018-12-11 17:06:11 - [MESSAGE][PASSED] - Delayed 5 second(s)

2018-12-11 17:06:11 - [TEST_STEP][PASSED] - Statement - RefNo = new java.io.File(C://Users//Admin//Desktop//PKS//Automation Reference Point//KatalonReference.txt): null

2018-12-11 17:06:11 - [TEST_STEP][PASSED] - Statement - f2 = new java.io.FileWriter(RefNo, false): null

2018-12-11 17:06:11 - [TEST_STEP][PASSED] - Statement - f2.write(CaseReferenceNo): null

2018-12-11 17:06:11 - [TEST_STEP][PASSED] - Statement - f2.close(): null

2018-12-11 17:06:11 - [TEST_STEP][PASSED] - Statement - out.println("


" + CaseReferenceNo + "


"): null

2018-12-11 17:06:11 - [MESSAGE][PASSED] - Call Test Case 'Test Cases/Final Aug 2018 - PKS Automation/Common/Reference Number Setter' successfully

2018-12-11 17:06:11 - [TEST_STEP][PASSED] - waitForElementClickable: Object 'Object Repository/Final Object Repo/New Registration - Registration Module Pages/Third Screen - Upload Supporting Doc- Preview/Save n Continue in SIP Employee Listing Page' is clickable

2018-12-11 17:06:11 - [MESSAGE][PASSED] - Object 'Object Repository/Final Object Repo/New Registration - Registration Module Pages/Third Screen - Upload Supporting Doc- Preview/Save n Continue in SIP Employee Listing Page' is clickable

2018-12-11 17:06:11 - [TEST_STEP][PASSED] - click: Object: 'Object Repository/Final Object Repo/New Registration - Registration Module Pages/Third Screen - Upload Supporting Doc- Preview/Save n Continue in SIP Employee Listing Page' is clicked on

2018-12-11 17:06:16 - [MESSAGE][PASSED] - Object: 'Object Repository/Final Object Repo/New Registration - Registration Module Pages/Third Screen - Upload Supporting Doc- Preview/Save n Continue in SIP Employee Listing Page' is clicked on

2018-12-11 17:06:16 - [TEST_STEP][PASSED] - delay: Delayed 7 second(s)

2018-12-11 17:06:23 - [MESSAGE][PASSED] - Delayed 7 second(s)

2018-12-11 17:06:23 - [TEST_STEP][PASSED] - click: Object: 'Object Repository/Final Object Repo/New Registration - Registration Module Pages/Third Screen - Upload Supporting Doc- Preview/Add Document Button' is clicked on

2018-12-11 17:06:23 - [MESSAGE][PASSED] - Object: 'Object Repository/Final Object Repo/New Registration - Registration Module Pages/Third Screen - Upload Supporting Doc- Preview/Add Document Button' is clicked on

2018-12-11 17:06:23 - [TEST_STEP][PASSED] - delay: Delayed 30 second(s)

2018-12-11 17:06:53 - [MESSAGE][PASSED] - Delayed 30 second(s)

2018-12-11 17:06:53 - [TEST_STEP][PASSED] - click: Object: 'Object Repository/Final Object Repo/New Registration - Registration Module Pages/Third Screen - Upload Supporting Doc- Preview/Supporting Doc Please Select Drop Down' is clicked on

2018-12-11 17:06:53 - [MESSAGE][PASSED] - Object: 'Object Repository/Final Object Repo/New Registration - Registration Module Pages/Third Screen - Upload Supporting Doc- Preview/Supporting Doc Please Select Drop Down' is clicked on

2018-12-11 17:06:53 - [TEST_STEP][PASSED] - delay: Delayed 2 second(s)

2018-12-11 17:06:55 - [MESSAGE][PASSED] - Delayed 2 second(s)

2018-12-11 17:06:55 - [TEST_STEP][PASSED] - click: Object: 'Object Repository/Final Object Repo/New Registration - Registration Module Pages/Third Screen - Upload Supporting Doc- Preview/Select to Upload Form 1' is clicked on

2018-12-11 17:06:56 - [MESSAGE][PASSED] - Object: 'Object Repository/Final Object Repo/New Registration - Registration Module Pages/Third Screen - Upload Supporting Doc- Preview/Select to Upload Form 1' is clicked on

2018-12-11 17:06:56 - [TEST_STEP][PASSED] - delay: Delayed 2 second(s)

2018-12-11 17:06:58 - [MESSAGE][PASSED] - Delayed 2 second(s)

2018-12-11 17:06:58 - [TEST_STEP][PASSED] - uploadFile: File 'C:\Users\Public\Pictures\Sample Pictures\Koala.jpg' sent to object: 'Object Repository/Final Object Repo/New Registration - Registration Module Pages/Third Screen - Upload Supporting Doc- Preview/Upload File Adding'

2018-12-11 17:06:58 - [MESSAGE][PASSED] - File 'C:\Users\Public\Pictures\Sample Pictures\Koala.jpg' sent to object: 'Object Repository/Final Object Repo/New Registration - Registration Module Pages/Third Screen - Upload Supporting Doc- Preview/Upload File Adding'

2018-12-11 17:06:58 - [TEST_STEP][PASSED] - delay: Delayed 5 second(s)

2018-12-11 17:07:03 - [MESSAGE][PASSED] - Delayed 5 second(s)

2018-12-11 17:07:03 - [TEST_STEP][PASSED] - click: Object: 'Object Repository/Final Object Repo/New Registration - Registration Module Pages/Third Screen - Upload Supporting Doc- Preview/Inner Form Add Document Button' is clicked on

2018-12-11 17:07:03 - [MESSAGE][PASSED] - Object: 'Object Repository/Final Object Repo/New Registration - Registration Module Pages/Third Screen - Upload Supporting Doc- Preview/Inner Form Add Document Button' is clicked on

2018-12-11 17:07:03 - [TEST_STEP][PASSED] - delay: Delayed 3 second(s)

2018-12-11 17:07:06 - [MESSAGE][PASSED] - Delayed 3 second(s)

2018-12-11 17:07:06 - [TEST_STEP][PASSED] - click: Object: 'Object Repository/Final Object Repo/New Registration - Registration Module Pages/Third Screen - Upload Supporting Doc- Preview/Add Document Button' is clicked on

2018-12-11 17:07:08 - [MESSAGE][PASSED] - Object: 'Object Repository/Final Object Repo/New Registration - Registration Module Pages/Third Screen - Upload Supporting Doc- Preview/Add Document Button' is clicked on

2018-12-11 17:07:08 - [TEST_STEP][PASSED] - delay: Delayed 30 second(s)

2018-12-11 17:07:38 - [MESSAGE][PASSED] - Delayed 30 second(s)

2018-12-11 17:07:38 - [TEST_STEP][PASSED] - click: Object: 'Object Repository/Final Object Repo/New Registration - Registration Module Pages/Third Screen - Upload Supporting Doc- Preview/Supporting Doc Please Select Drop Down' is clicked on

2018-12-11 17:07:38 - [MESSAGE][PASSED] - Object: 'Object Repository/Final Object Repo/New Registration - Registration Module Pages/Third Screen - Upload Supporting Doc- Preview/Supporting Doc Please Select Drop Down' is clicked on

2018-12-11 17:07:38 - [TEST_STEP][PASSED] - delay: Delayed 4 second(s)

2018-12-11 17:07:42 - [MESSAGE][PASSED] - Delayed 4 second(s)

2018-12-11 17:07:42 - [TEST_STEP][PASSED] - click: Object: 'Object Repository/Final Object Repo/New Registration - Registration Module Pages/Third Screen - Upload Supporting Doc- Preview/Select to Upload Form 2' is clicked on

2018-12-11 17:07:42 - [MESSAGE][PASSED] - Object: 'Object Repository/Final Object Repo/New Registration - Registration Module Pages/Third Screen - Upload Supporting Doc- Preview/Select to Upload Form 2' is clicked on

2018-12-11 17:07:42 - [TEST_STEP][PASSED] - delay: Delayed 2 second(s)

2018-12-11 17:07:44 - [MESSAGE][PASSED] - Delayed 2 second(s)

2018-12-11 17:07:44 - [TEST_STEP][PASSED] - uploadFile: File 'C:\Users\Public\Pictures\Sample Pictures\Koala.jpg' sent to object: 'Object Repository/Final Object Repo/New Registration - Registration Module Pages/Third Screen - Upload Supporting Doc- Preview/Upload File Adding'

2018-12-11 17:07:44 - [MESSAGE][PASSED] - File 'C:\Users\Public\Pictures\Sample Pictures\Koala.jpg' sent to object: 'Object Repository/Final Object Repo/New Registration - Registration Module Pages/Third Screen - Upload Supporting Doc- Preview/Upload File Adding'

2018-12-11 17:07:44 - [TEST_STEP][PASSED] - click: Object: 'Object Repository/Final Object Repo/New Registration - Registration Module Pages/Third Screen - Upload Supporting Doc- Preview/Inner Form Add Document Button' is clicked on

2018-12-11 17:07:45 - [MESSAGE][PASSED] - Object: 'Object Repository/Final Object Repo/New Registration - Registration Module Pages/Third Screen - Upload Supporting Doc- Preview/Inner Form Add Document Button' is clicked on

2018-12-11 17:07:45 - [TEST_STEP][PASSED] - delay: Delayed 5 second(s)

2018-12-11 17:07:50 - [MESSAGE][PASSED] - Delayed 5 second(s)

2018-12-11 17:07:50 - [TEST_STEP][PASSED] - click: Object: 'Object Repository/Final Object Repo/New Registration - Registration Module Pages/Third Screen - Upload Supporting Doc- Preview/Add Document Button' is clicked on

2018-12-11 17:07:50 - [MESSAGE][PASSED] - Object: 'Object Repository/Final Object Repo/New Registration - Registration Module Pages/Third Screen - Upload Supporting Doc- Preview/Add Document Button' is clicked on

2018-12-11 17:07:50 - [TEST_STEP][PASSED] - delay: Delayed 30 second(s)

2018-12-11 17:08:20 - [MESSAGE][PASSED] - Delayed 30 second(s)

2018-12-11 17:08:20 - [TEST_STEP][PASSED] - click: Object: 'Object Repository/Final Object Repo/New Registration - Registration Module Pages/Third Screen - Upload Supporting Doc- Preview/Supporting Doc Please Select Drop Down' is clicked on

2018-12-11 17:08:20 - [MESSAGE][PASSED] - Object: 'Object Repository/Final Object Repo/New Registration - Registration Module Pages/Third Screen - Upload Supporting Doc- Preview/Supporting Doc Please Select Drop Down' is clicked on

2018-12-11 17:08:20 - [TEST_STEP][PASSED] - click: Object: 'Object Repository/Final Object Repo/New Registration - Registration Module Pages/Third Screen - Upload Supporting Doc- Preview/Select to Upload Borang SIP 1' is clicked on

2018-12-11 17:08:20 - [MESSAGE][PASSED] - Object: 'Object Repository/Final Object Repo/New Registration - Registration Module Pages/Third Screen - Upload Supporting Doc- Preview/Select to Upload Borang SIP 1' is clicked on

2018-12-11 17:08:20 - [TEST_STEP][PASSED] - delay: Delayed 2 second(s)

2018-12-11 17:08:22 - [MESSAGE][PASSED] - Delayed 2 second(s)

2018-12-11 17:08:22 - [TEST_STEP][PASSED] - uploadFile: File 'C:\Users\Public\Pictures\Sample Pictures\Koala.jpg' sent to object: 'Object Repository/Final Object Repo/New Registration - Registration Module Pages/Third Screen - Upload Supporting Doc- Preview/Upload File Adding'

2018-12-11 17:08:22 - [MESSAGE][PASSED] - File 'C:\Users\Public\Pictures\Sample Pictures\Koala.jpg' sent to object: 'Object Repository/Final Object Repo/New Registration - Registration Module Pages/Third Screen - Upload Supporting Doc- Preview/Upload File Adding'

2018-12-11 17:08:22 - [TEST_STEP][PASSED] - click: Object: 'Object Repository/Final Object Repo/New Registration - Registration Module Pages/Third Screen - Upload Supporting Doc- Preview/Inner Form Add Document Button' is clicked on

2018-12-11 17:08:23 - [MESSAGE][PASSED] - Object: 'Object Repository/Final Object Repo/New Registration - Registration Module Pages/Third Screen - Upload Supporting Doc- Preview/Inner Form Add Document Button' is clicked on

2018-12-11 17:08:23 - [TEST_STEP][PASSED] - delay: Delayed 5 second(s)

2018-12-11 17:08:28 - [MESSAGE][PASSED] - Delayed 5 second(s)

2018-12-11 17:08:28 - [TEST_STEP][PASSED] - click: Object: 'Object Repository/Final Object Repo/New Registration - Registration Module Pages/Third Screen - Upload Supporting Doc- Preview/Add Document Button' is clicked on

2018-12-11 17:08:28 - [MESSAGE][PASSED] - Object: 'Object Repository/Final Object Repo/New Registration - Registration Module Pages/Third Screen - Upload Supporting Doc- Preview/Add Document Button' is clicked on

2018-12-11 17:08:28 - [TEST_STEP][PASSED] - delay: Delayed 30 second(s)

2018-12-11 17:08:58 - [MESSAGE][PASSED] - Delayed 30 second(s)

2018-12-11 17:08:58 - [TEST_STEP][PASSED] - click: Object: 'Object Repository/Final Object Repo/New Registration - Registration Module Pages/Third Screen - Upload Supporting Doc- Preview/Supporting Doc Please Select Drop Down' is clicked on

2018-12-11 17:08:58 - [MESSAGE][PASSED] - Object: 'Object Repository/Final Object Repo/New Registration - Registration Module Pages/Third Screen - Upload Supporting Doc- Preview/Supporting Doc Please Select Drop Down' is clicked on

2018-12-11 17:08:58 - [TEST_STEP][PASSED] - delay: Delayed 3 second(s)

2018-12-11 17:09:01 - [MESSAGE][PASSED] - Delayed 3 second(s)

2018-12-11 17:09:01 - [TEST_STEP][PASSED] - click: Object: 'Object Repository/Final Object Repo/New Registration - Registration Module Pages/Third Screen - Upload Supporting Doc- Preview/Select to Upload Borang SIP 2' is clicked on

2018-12-11 17:09:01 - [MESSAGE][PASSED] - Object: 'Object Repository/Final Object Repo/New Registration - Registration Module Pages/Third Screen - Upload Supporting Doc- Preview/Select to Upload Borang SIP 2' is clicked on

2018-12-11 17:09:01 - [TEST_STEP][PASSED] - delay: Delayed 2 second(s)

2018-12-11 17:09:03 - [MESSAGE][PASSED] - Delayed 2 second(s)

2018-12-11 17:09:03 - [TEST_STEP][PASSED] - uploadFile: File 'C:\Users\Public\Pictures\Sample Pictures\Koala.jpg' sent to object: 'Object Repository/Final Object Repo/New Registration - Registration Module Pages/Third Screen - Upload Supporting Doc- Preview/Upload File Adding'

2018-12-11 17:09:03 - [MESSAGE][PASSED] - File 'C:\Users\Public\Pictures\Sample Pictures\Koala.jpg' sent to object: 'Object Repository/Final Object Repo/New Registration - Registration Module Pages/Third Screen - Upload Supporting Doc- Preview/Upload File Adding'

2018-12-11 17:09:03 - [TEST_STEP][PASSED] - delay: Delayed 5 second(s)

2018-12-11 17:09:08 - [MESSAGE][PASSED] - Delayed 5 second(s)

2018-12-11 17:09:08 - [TEST_STEP][PASSED] - click: Object: 'Object Repository/Final Object Repo/New Registration - Registration Module Pages/Third Screen - Upload Supporting Doc- Preview/Inner Form Add Document Button' is clicked on

2018-12-11 17:09:08 - [MESSAGE][PASSED] - Object: 'Object Repository/Final Object Repo/New Registration - Registration Module Pages/Third Screen - Upload Supporting Doc- Preview/Inner Form Add Document Button' is clicked on

2018-12-11 17:09:08 - [TEST_STEP][PASSED] - delay: Delayed 3 second(s)

2018-12-11 17:09:11 - [MESSAGE][PASSED] - Delayed 3 second(s)

2018-12-11 17:09:11 - [TEST_STEP][PASSED] - waitForElementClickable: Object 'Object Repository/Final Object Repo/New Registration - Registration Module Pages/Third Screen - Upload Supporting Doc- Preview/Save n Continue in Uploading Supporting Doc Page' is clickable

2018-12-11 17:09:13 - [MESSAGE][PASSED] - Object 'Object Repository/Final Object Repo/New Registration - Registration Module Pages/Third Screen - Upload Supporting Doc- Preview/Save n Continue in Uploading Supporting Doc Page' is clickable

2018-12-11 17:09:13 - [TEST_STEP][PASSED] - click: Object: 'Object Repository/Final Object Repo/New Registration - Registration Module Pages/Third Screen - Upload Supporting Doc- Preview/Save n Continue in Uploading Supporting Doc Page' is clicked on

2018-12-11 17:09:13 - [MESSAGE][PASSED] - Object: 'Object Repository/Final Object Repo/New Registration - Registration Module Pages/Third Screen - Upload Supporting Doc- Preview/Save n Continue in Uploading Supporting Doc Page' is clicked on

2018-12-11 17:09:13 - [MESSAGE][PASSED] - Call Test Case 'Test Cases/Final Aug 2018 - PKS Automation/Registration Module/New Registration/Flow of New Registration/Third Screen - Upload Supporting Doc - Preview' successfully

2018-12-11 17:09:13 - [TEST_STEP][PASSED] - callTestCase: Call Test Case 'Test Cases/Final Aug 2018 - PKS Automation/Registration Module/New Registration/Submit and Screenshot/Submit Registration and Screenshot - Copy' successfully

2018-12-11 17:09:13 - [TEST_CASE][PASSED] - Test Cases/Final Aug 2018 - PKS Automation/Registration Module/New Registration/Submit and Screenshot/Submit Registration and Screenshot - Copy: Test Cases/Final Aug 2018 - PKS Automation/Registration Module/New Registration/Submit and Screenshot/Submit Registration and Screenshot - Copy

2018-12-11 17:09:13 - [TEST_STEP][PASSED] - delay: Delayed 6 second(s)

2018-12-11 17:09:19 - [MESSAGE][PASSED] - Delayed 6 second(s)

2018-12-11 17:09:19 - [TEST_STEP][PASSED] - click: Object: 'Object Repository/Final Object Repo/New Registration - Registration Module Pages/Third Screen - Upload Supporting Doc- Preview/Preview Submit Button' is clicked on

2018-12-11 17:09:19 - [MESSAGE][PASSED] - Object: 'Object Repository/Final Object Repo/New Registration - Registration Module Pages/Third Screen - Upload Supporting Doc- Preview/Preview Submit Button' is clicked on

2018-12-11 17:09:19 - [TEST_STEP][PASSED] - delay: Delayed 2 second(s)

2018-12-11 17:09:21 - [MESSAGE][PASSED] - Delayed 2 second(s)

2018-12-11 17:09:21 - [TEST_STEP][PASSED] - click: Object: 'Object Repository/Final Object Repo/New Registration - Registration Module Pages/Third Screen - Upload Supporting Doc- Preview/Preview Submit - Confirm' is clicked on

2018-12-11 17:09:21 - [MESSAGE][PASSED] - Object: 'Object Repository/Final Object Repo/New Registration - Registration Module Pages/Third Screen - Upload Supporting Doc- Preview/Preview Submit - Confirm' is clicked on

2018-12-11 17:09:21 - [TEST_STEP][PASSED] - delay: Delayed 15 second(s)

2018-12-11 17:09:36 - [MESSAGE][PASSED] - Delayed 15 second(s)

2018-12-11 17:09:36 - [TEST_STEP][PASSED] - Statement - driver = com.kms.katalon.core.webui.driver.DriverFactory.getWebDriver(): null

2018-12-11 17:09:36 - [TEST_STEP][PASSED] - Statement - driver.manage().timeouts().implicitlyWait(10, SECONDS): null

2018-12-11 17:09:36 - [TEST_STEP][PASSED] - Statement - PresavePath = KatalonScreenshots: null

2018-12-11 17:09:36 - [TEST_STEP][PASSED] - Statement - pathPrefix = "C:\Users\Public\Pictures\Sample Pictures\Katalon Screenshots\Automate Ending Screen": null

2018-12-11 17:09:36 - [TEST_STEP][PASSED] - Statement - finalPath = <not implemented yet for class: org.codehaus.groovy.ast.expr.EmptyExpression>: null

2018-12-11 17:09:36 - [TEST_STEP][PASSED] - Statement - scrFile = driver.getScreenshotAs(FILE): null

2018-12-11 17:09:37 - [TEST_STEP][PASSED] - Statement - PreSaveFile = new java.io.File(PresavePath): null

2018-12-11 17:09:37 - [TEST_STEP][PASSED] - Statement - counter = 0: null

2018-12-11 17:09:37 - [TEST_STEP][PASSED] - Statement - If (PreSaveFile.exists()): null

2018-12-11 17:09:37 - [TEST_STEP][PASSED] - Statement - While (PreSaveFile.exists()): null

2018-12-11 17:09:37 - [TEST_STEP][PASSED] - Statement - counter = counter + 1: null

2018-12-11 17:09:37 - [TEST_STEP][PASSED] - Statement - PreSaveFile = new java.io.File(((pathPrefix + java.lang.Integer.toString(counter)) + .png)): null

2018-12-11 17:09:37 - [TEST_STEP][PASSED] - Statement - counter = counter + 1: null

2018-12-11 17:09:37 - [TEST_STEP][PASSED] - Statement - PreSaveFile = new java.io.File(((pathPrefix + java.lang.Integer.toString(counter)) + .png)): null

2018-12-11 17:09:37 - [TEST_STEP][PASSED] - Statement - counter = counter + 1: null

2018-12-11 17:09:37 - [TEST_STEP][PASSED] - Statement - PreSaveFile = new java.io.File(((pathPrefix + java.lang.Integer.toString(counter)) + .png)): null

2018-12-11 17:09:37 - [TEST_STEP][PASSED] - Statement - counter = counter + 1: null

2018-12-11 17:09:37 - [TEST_STEP][PASSED] - Statement - PreSaveFile = new java.io.File(((pathPrefix + java.lang.Integer.toString(counter)) + .png)): null

2018-12-11 17:09:37 - [TEST_STEP][PASSED] - Statement - counter = counter + 1: null

2018-12-11 17:09:37 - [TEST_STEP][PASSED] - Statement - PreSaveFile = new java.io.File(((pathPrefix + java.lang.Integer.toString(counter)) + .png)): null

2018-12-11 17:09:37 - [TEST_STEP][PASSED] - Statement - counter = counter + 1: null

2018-12-11 17:09:37 - [TEST_STEP][PASSED] - Statement - PreSaveFile = new java.io.File(((pathPrefix + java.lang.Integer.toString(counter)) + .png)): null

2018-12-11 17:09:37 - [TEST_STEP][PASSED] - Statement - counter = counter + 1: null

2018-12-11 17:09:37 - [TEST_STEP][PASSED] - Statement - PreSaveFile = new java.io.File(((pathPrefix + java.lang.Integer.toString(counter)) + .png)): null

2018-12-11 17:09:37 - [TEST_STEP][PASSED] - Statement - counter = counter + 1: null

2018-12-11 17:09:37 - [TEST_STEP][PASSED] - Statement - PreSaveFile = new java.io.File(((pathPrefix + java.lang.Integer.toString(counter)) + .png)): null

2018-12-11 17:09:37 - [TEST_STEP][PASSED] - Statement - counter = counter + 1: null

2018-12-11 17:09:37 - [TEST_STEP][PASSED] - Statement - PreSaveFile = new java.io.File(((pathPrefix + java.lang.Integer.toString(counter)) + .png)): null

2018-12-11 17:09:37 - [TEST_STEP][PASSED] - Statement - counter = counter + 1: null

2018-12-11 17:09:37 - [TEST_STEP][PASSED] - Statement - PreSaveFile = new java.io.File(((pathPrefix + java.lang.Integer.toString(counter)) + .png)): null

2018-12-11 17:09:37 - [TEST_STEP][PASSED] - Statement - counter = counter + 1: null

2018-12-11 17:09:37 - [TEST_STEP][PASSED] - Statement - PreSaveFile = new java.io.File(((pathPrefix + java.lang.Integer.toString(counter)) + .png)): null

2018-12-11 17:09:37 - [TEST_STEP][PASSED] - Statement - counter = counter + 1: null

2018-12-11 17:09:37 - [TEST_STEP][PASSED] - Statement - PreSaveFile = new java.io.File(((pathPrefix + java.lang.Integer.toString(counter)) + .png)): null

2018-12-11 17:09:37 - [TEST_STEP][PASSED] - Statement - counter = counter + 1: null

2018-12-11 17:09:37 - [TEST_STEP][PASSED] - Statement - PreSaveFile = new java.io.File(((pathPrefix + java.lang.Integer.toString(counter)) + .png)): null

2018-12-11 17:09:37 - [TEST_STEP][PASSED] - Statement - counter = counter + 1: null

2018-12-11 17:09:37 - [TEST_STEP][PASSED] - Statement - PreSaveFile = new java.io.File(((pathPrefix + java.lang.Integer.toString(counter)) + .png)): null

2018-12-11 17:09:37 - [TEST_STEP][PASSED] - Statement - counter = counter + 1: null

2018-12-11 17:09:37 - [TEST_STEP][PASSED] - Statement - PreSaveFile = new java.io.File(((pathPrefix + java.lang.Integer.toString(counter)) + .png)): null

2018-12-11 17:09:37 - [TEST_STEP][PASSED] - Statement - counter = counter + 1: null

2018-12-11 17:09:37 - [TEST_STEP][PASSED] - Statement - PreSaveFile = new java.io.File(((pathPrefix + java.lang.Integer.toString(counter)) + .png)): null

2018-12-11 17:09:37 - [TEST_STEP][PASSED] - Statement - counter = counter + 1: null

2018-12-11 17:09:37 - [TEST_STEP][PASSED] - Statement - PreSaveFile = new java.io.File(((pathPrefix + java.lang.Integer.toString(counter)) + .png)): null

2018-12-11 17:09:37 - [TEST_STEP][PASSED] - Statement - counter = counter + 1: null

2018-12-11 17:09:37 - [TEST_STEP][PASSED] - Statement - PreSaveFile = new java.io.File(((pathPrefix + java.lang.Integer.toString(counter)) + .png)): null

2018-12-11 17:09:37 - [TEST_STEP][PASSED] - Statement - counter = counter + 1: null

2018-12-11 17:09:37 - [TEST_STEP][PASSED] - Statement - PreSaveFile = new java.io.File(((pathPrefix + java.lang.Integer.toString(counter)) + .png)): null

2018-12-11 17:09:37 - [TEST_STEP][PASSED] - Statement - counter = counter + 1: null

2018-12-11 17:09:37 - [TEST_STEP][PASSED] - Statement - PreSaveFile = new java.io.File(((pathPrefix + java.lang.Integer.toString(counter)) + .png)): null

2018-12-11 17:09:37 - [TEST_STEP][PASSED] - Statement - counter = counter + 1: null

2018-12-11 17:09:37 - [TEST_STEP][PASSED] - Statement - PreSaveFile = new java.io.File(((pathPrefix + java.lang.Integer.toString(counter)) + .png)): null

2018-12-11 17:09:37 - [TEST_STEP][PASSED] - Statement - counter = counter + 1: null

2018-12-11 17:09:37 - [TEST_STEP][PASSED] - Statement - PreSaveFile = new java.io.File(((pathPrefix + java.lang.Integer.toString(counter)) + .png)): null

2018-12-11 17:09:37 - [TEST_STEP][PASSED] - Statement - counter = counter + 1: null

2018-12-11 17:09:37 - [TEST_STEP][PASSED] - Statement - PreSaveFile = new java.io.File(((pathPrefix + java.lang.Integer.toString(counter)) + .png)): null

2018-12-11 17:09:37 - [TEST_STEP][PASSED] - Statement - counter = counter + 1: null

2018-12-11 17:09:37 - [TEST_STEP][PASSED] - Statement - PreSaveFile = new java.io.File(((pathPrefix + java.lang.Integer.toString(counter)) + .png)): null

2018-12-11 17:09:37 - [TEST_STEP][PASSED] - Statement - counter = counter + 1: null

2018-12-11 17:09:37 - [TEST_STEP][PASSED] - Statement - PreSaveFile = new java.io.File(((pathPrefix + java.lang.Integer.toString(counter)) + .png)): null

2018-12-11 17:09:37 - [TEST_STEP][PASSED] - Statement - counter = counter + 1: null

2018-12-11 17:09:37 - [TEST_STEP][PASSED] - Statement - PreSaveFile = new java.io.File(((pathPrefix + java.lang.Integer.toString(counter)) + .png)): null

2018-12-11 17:09:37 - [TEST_STEP][PASSED] - Statement - counter = counter + 1: null

2018-12-11 17:09:37 - [TEST_STEP][PASSED] - Statement - PreSaveFile = new java.io.File(((pathPrefix + java.lang.Integer.toString(counter)) + .png)): null

2018-12-11 17:09:37 - [TEST_STEP][PASSED] - Statement - counter = counter + 1: null

2018-12-11 17:09:37 - [TEST_STEP][PASSED] - Statement - PreSaveFile = new java.io.File(((pathPrefix + java.lang.Integer.toString(counter)) + .png)): null

2018-12-11 17:09:37 - [TEST_STEP][PASSED] - Statement - counter = counter + 1: null

2018-12-11 17:09:37 - [TEST_STEP][PASSED] - Statement - PreSaveFile = new java.io.File(((pathPrefix + java.lang.Integer.toString(counter)) + .png)): null

2018-12-11 17:09:37 - [TEST_STEP][PASSED] - Statement - counter = counter + 1: null

2018-12-11 17:09:37 - [TEST_STEP][PASSED] - Statement - PreSaveFile = new java.io.File(((pathPrefix + java.lang.Integer.toString(counter)) + .png)): null

2018-12-11 17:09:37 - [TEST_STEP][PASSED] - Statement - counter = counter + 1: null

2018-12-11 17:09:37 - [TEST_STEP][PASSED] - Statement - PreSaveFile = new java.io.File(((pathPrefix + java.lang.Integer.toString(counter)) + .png)): null

2018-12-11 17:09:37 - [TEST_STEP][PASSED] - Statement - counter = counter + 1: null

2018-12-11 17:09:37 - [TEST_STEP][PASSED] - Statement - PreSaveFile = new java.io.File(((pathPrefix + java.lang.Integer.toString(counter)) + .png)): null

2018-12-11 17:09:37 - [TEST_STEP][PASSED] - Statement - counter = counter + 1: null

2018-12-11 17:09:37 - [TEST_STEP][PASSED] - Statement - PreSaveFile = new java.io.File(((pathPrefix + java.lang.Integer.toString(counter)) + .png)): null

2018-12-11 17:09:37 - [TEST_STEP][PASSED] - Statement - counter = counter + 1: null

2018-12-11 17:09:37 - [TEST_STEP][PASSED] - Statement - PreSaveFile = new java.io.File(((pathPrefix + java.lang.Integer.toString(counter)) + .png)): null

2018-12-11 17:09:37 - [TEST_STEP][PASSED] - Statement - counter = counter + 1: null

2018-12-11 17:09:37 - [TEST_STEP][PASSED] - Statement - PreSaveFile = new java.io.File(((pathPrefix + java.lang.Integer.toString(counter)) + .png)): null

2018-12-11 17:09:37 - [TEST_STEP][PASSED] - Statement - counter = counter + 1: null

2018-12-11 17:09:37 - [TEST_STEP][PASSED] - Statement - PreSaveFile = new java.io.File(((pathPrefix + java.lang.Integer.toString(counter)) + .png)): null

2018-12-11 17:09:37 - [TEST_STEP][PASSED] - Statement - counter = counter + 1: null

2018-12-11 17:09:37 - [TEST_STEP][PASSED] - Statement - PreSaveFile = new java.io.File(((pathPrefix + java.lang.Integer.toString(counter)) + .png)): null

2018-12-11 17:09:37 - [TEST_STEP][PASSED] - Statement - counter = counter + 1: null

2018-12-11 17:09:37 - [TEST_STEP][PASSED] - Statement - PreSaveFile = new java.io.File(((pathPrefix + java.lang.Integer.toString(counter)) + .png)): null

2018-12-11 17:09:37 - [TEST_STEP][PASSED] - Statement - counter = counter + 1: null

2018-12-11 17:09:37 - [TEST_STEP][PASSED] - Statement - PreSaveFile = new java.io.File(((pathPrefix + java.lang.Integer.toString(counter)) + .png)): null

2018-12-11 17:09:37 - [TEST_STEP][PASSED] - Statement - counter = counter + 1: null

2018-12-11 17:09:37 - [TEST_STEP][PASSED] - Statement - PreSaveFile = new java.io.File(((pathPrefix + java.lang.Integer.toString(counter)) + .png)): null

2018-12-11 17:09:37 - [TEST_STEP][PASSED] - Statement - counter = counter + 1: null

2018-12-11 17:09:37 - [TEST_STEP][PASSED] - Statement - PreSaveFile = new java.io.File(((pathPrefix + java.lang.Integer.toString(counter)) + .png)): null

2018-12-11 17:09:37 - [TEST_STEP][PASSED] - Statement - counter = counter + 1: null

2018-12-11 17:09:37 - [TEST_STEP][PASSED] - Statement - PreSaveFile = new java.io.File(((pathPrefix + java.lang.Integer.toString(counter)) + .png)): null

2018-12-11 17:09:37 - [TEST_STEP][PASSED] - Statement - counter = counter + 1: null

2018-12-11 17:09:37 - [TEST_STEP][PASSED] - Statement - PreSaveFile = new java.io.File(((pathPrefix + java.lang.Integer.toString(counter)) + .png)): null

2018-12-11 17:09:37 - [TEST_STEP][PASSED] - Statement - counter = counter + 1: null

2018-12-11 17:09:37 - [TEST_STEP][PASSED] - Statement - PreSaveFile = new java.io.File(((pathPrefix + java.lang.Integer.toString(counter)) + .png)): null

2018-12-11 17:09:37 - [TEST_STEP][PASSED] - Statement - counter = counter + 1: null

2018-12-11 17:09:37 - [TEST_STEP][PASSED] - Statement - PreSaveFile = new java.io.File(((pathPrefix + java.lang.Integer.toString(counter)) + .png)): null

2018-12-11 17:09:37 - [TEST_STEP][PASSED] - Statement - counter = counter + 1: null

2018-12-11 17:09:37 - [TEST_STEP][PASSED] - Statement - PreSaveFile = new java.io.File(((pathPrefix + java.lang.Integer.toString(counter)) + .png)): null

2018-12-11 17:09:37 - [TEST_STEP][PASSED] - Statement - counter = counter + 1: null

2018-12-11 17:09:37 - [TEST_STEP][PASSED] - Statement - PreSaveFile = new java.io.File(((pathPrefix + java.lang.Integer.toString(counter)) + .png)): null

2018-12-11 17:09:37 - [TEST_STEP][PASSED] - Statement - counter = counter + 1: null

2018-12-11 17:09:37 - [TEST_STEP][PASSED] - Statement - PreSaveFile = new java.io.File(((pathPrefix + java.lang.Integer.toString(counter)) + .png)): null

2018-12-11 17:09:37 - [TEST_STEP][PASSED] - Statement - counter = counter + 1: null

2018-12-11 17:09:37 - [TEST_STEP][PASSED] - Statement - PreSaveFile = new java.io.File(((pathPrefix + java.lang.Integer.toString(counter)) + .png)): null

2018-12-11 17:09:37 - [TEST_STEP][PASSED] - Statement - counter = counter + 1: null

2018-12-11 17:09:37 - [TEST_STEP][PASSED] - Statement - PreSaveFile = new java.io.File(((pathPrefix + java.lang.Integer.toString(counter)) + .png)): null

2018-12-11 17:09:37 - [TEST_STEP][PASSED] - Statement - counter = counter + 1: null

2018-12-11 17:09:37 - [TEST_STEP][PASSED] - Statement - PreSaveFile = new java.io.File(((pathPrefix + java.lang.Integer.toString(counter)) + .png)): null

2018-12-11 17:09:37 - [TEST_STEP][PASSED] - Statement - counter = counter + 1: null

2018-12-11 17:09:37 - [TEST_STEP][PASSED] - Statement - PreSaveFile = new java.io.File(((pathPrefix + java.lang.Integer.toString(counter)) + .png)): null

2018-12-11 17:09:37 - [TEST_STEP][PASSED] - Statement - counter = counter + 1: null

2018-12-11 17:09:37 - [TEST_STEP][PASSED] - Statement - PreSaveFile = new java.io.File(((pathPrefix + java.lang.Integer.toString(counter)) + .png)): null

2018-12-11 17:09:37 - [TEST_STEP][PASSED] - Statement - counter = counter + 1: null

2018-12-11 17:09:37 - [TEST_STEP][PASSED] - Statement - PreSaveFile = new java.io.File(((pathPrefix + java.lang.Integer.toString(counter)) + .png)): null

2018-12-11 17:09:37 - [TEST_STEP][PASSED] - Statement - counter = counter + 1: null

2018-12-11 17:09:37 - [TEST_STEP][PASSED] - Statement - PreSaveFile = new java.io.File(((pathPrefix + java.lang.Integer.toString(counter)) + .png)): null

2018-12-11 17:09:37 - [TEST_STEP][PASSED] - Statement - counter = counter + 1: null

2018-12-11 17:09:37 - [TEST_STEP][PASSED] - Statement - PreSaveFile = new java.io.File(((pathPrefix + java.lang.Integer.toString(counter)) + .png)): null

2018-12-11 17:09:37 - [TEST_STEP][PASSED] - Statement - counter = counter + 1: null

2018-12-11 17:09:37 - [TEST_STEP][PASSED] - Statement - PreSaveFile = new java.io.File(((pathPrefix + java.lang.Integer.toString(counter)) + .png)): null

2018-12-11 17:09:37 - [TEST_STEP][PASSED] - Statement - counter = counter + 1: null

2018-12-11 17:09:37 - [TEST_STEP][PASSED] - Statement - PreSaveFile = new java.io.File(((pathPrefix + java.lang.Integer.toString(counter)) + .png)): null

2018-12-11 17:09:37 - [TEST_STEP][PASSED] - Statement - counter = counter + 1: null

2018-12-11 17:09:37 - [TEST_STEP][PASSED] - Statement - PreSaveFile = new java.io.File(((pathPrefix + java.lang.Integer.toString(counter)) + .png)): null

2018-12-11 17:09:37 - [TEST_STEP][PASSED] - Statement - counter = counter + 1: null

2018-12-11 17:09:37 - [TEST_STEP][PASSED] - Statement - PreSaveFile = new java.io.File(((pathPrefix + java.lang.Integer.toString(counter)) + .png)): null

2018-12-11 17:09:37 - [TEST_STEP][PASSED] - Statement - counter = counter + 1: null

2018-12-11 17:09:37 - [TEST_STEP][PASSED] - Statement - PreSaveFile = new java.io.File(((pathPrefix + java.lang.Integer.toString(counter)) + .png)): null

2018-12-11 17:09:37 - [TEST_STEP][PASSED] - Statement - counter = counter + 1: null

2018-12-11 17:09:37 - [TEST_STEP][PASSED] - Statement - PreSaveFile = new java.io.File(((pathPrefix + java.lang.Integer.toString(counter)) + .png)): null

2018-12-11 17:09:37 - [TEST_STEP][PASSED] - Statement - counter = counter + 1: null

2018-12-11 17:09:37 - [TEST_STEP][PASSED] - Statement - PreSaveFile = new java.io.File(((pathPrefix + java.lang.Integer.toString(counter)) + .png)): null

2018-12-11 17:09:37 - [TEST_STEP][PASSED] - Statement - counter = counter + 1: null

2018-12-11 17:09:37 - [TEST_STEP][PASSED] - Statement - PreSaveFile = new java.io.File(((pathPrefix + java.lang.Integer.toString(counter)) + .png)): null

2018-12-11 17:09:37 - [TEST_STEP][PASSED] - Statement - counter = counter + 1: null

2018-12-11 17:09:37 - [TEST_STEP][PASSED] - Statement - PreSaveFile = new java.io.File(((pathPrefix + java.lang.Integer.toString(counter)) + .png)): null

2018-12-11 17:09:37 - [TEST_STEP][PASSED] - Statement - counter = counter + 1: null

2018-12-11 17:09:37 - [TEST_STEP][PASSED] - Statement - PreSaveFile = new java.io.File(((pathPrefix + java.lang.Integer.toString(counter)) + .png)): null

2018-12-11 17:09:37 - [TEST_STEP][PASSED] - Statement - counter = counter + 1: null

2018-12-11 17:09:37 - [TEST_STEP][PASSED] - Statement - PreSaveFile = new java.io.File(((pathPrefix + java.lang.Integer.toString(counter)) + .png)): null

2018-12-11 17:09:37 - [TEST_STEP][PASSED] - Statement - counter = counter + 1: null

2018-12-11 17:09:37 - [TEST_STEP][PASSED] - Statement - PreSaveFile = new java.io.File(((pathPrefix + java.lang.Integer.toString(counter)) + .png)): null

2018-12-11 17:09:37 - [TEST_STEP][PASSED] - Statement - counter = counter + 1: null

2018-12-11 17:09:37 - [TEST_STEP][PASSED] - Statement - PreSaveFile = new java.io.File(((pathPrefix + java.lang.Integer.toString(counter)) + .png)): null

2018-12-11 17:09:37 - [TEST_STEP][PASSED] - Statement - counter = counter + 1: null

2018-12-11 17:09:37 - [TEST_STEP][PASSED] - Statement - PreSaveFile = new java.io.File(((pathPrefix + java.lang.Integer.toString(counter)) + .png)): null

2018-12-11 17:09:37 - [TEST_STEP][PASSED] - Statement - counter = counter + 1: null

2018-12-11 17:09:37 - [TEST_STEP][PASSED] - Statement - PreSaveFile = new java.io.File(((pathPrefix + java.lang.Integer.toString(counter)) + .png)): null

2018-12-11 17:09:37 - [TEST_STEP][PASSED] - Statement - counter = counter + 1: null

2018-12-11 17:09:37 - [TEST_STEP][PASSED] - Statement - PreSaveFile = new java.io.File(((pathPrefix + java.lang.Integer.toString(counter)) + .png)): null

2018-12-11 17:09:37 - [TEST_STEP][PASSED] - Statement - counter = counter + 1: null

2018-12-11 17:09:37 - [TEST_STEP][PASSED] - Statement - PreSaveFile = new java.io.File(((pathPrefix + java.lang.Integer.toString(counter)) + .png)): null

2018-12-11 17:09:37 - [TEST_STEP][PASSED] - Statement - counter = counter + 1: null

2018-12-11 17:09:37 - [TEST_STEP][PASSED] - Statement - PreSaveFile = new java.io.File(((pathPrefix + java.lang.Integer.toString(counter)) + .png)): null

2018-12-11 17:09:37 - [TEST_STEP][PASSED] - Statement - counter = counter + 1: null

2018-12-11 17:09:37 - [TEST_STEP][PASSED] - Statement - PreSaveFile = new java.io.File(((pathPrefix + java.lang.Integer.toString(counter)) + .png)): null

2018-12-11 17:09:37 - [TEST_STEP][PASSED] - Statement - counter = counter + 1: null

2018-12-11 17:09:37 - [TEST_STEP][PASSED] - Statement - PreSaveFile = new java.io.File(((pathPrefix + java.lang.Integer.toString(counter)) + .png)): null

2018-12-11 17:09:37 - [TEST_STEP][PASSED] - Statement - counter = counter + 1: null

2018-12-11 17:09:37 - [TEST_STEP][PASSED] - Statement - PreSaveFile = new java.io.File(((pathPrefix + java.lang.Integer.toString(counter)) + .png)): null

2018-12-11 17:09:37 - [TEST_STEP][PASSED] - Statement - counter = counter + 1: null

2018-12-11 17:09:37 - [TEST_STEP][PASSED] - Statement - PreSaveFile = new java.io.File(((pathPrefix + java.lang.Integer.toString(counter)) + .png)): null

2018-12-11 17:09:37 - [TEST_STEP][PASSED] - Statement - counter = counter + 1: null

2018-12-11 17:09:37 - [TEST_STEP][PASSED] - Statement - PreSaveFile = new java.io.File(((pathPrefix + java.lang.Integer.toString(counter)) + .png)): null

2018-12-11 17:09:37 - [TEST_STEP][PASSED] - Statement - counter = counter + 1: null

2018-12-11 17:09:37 - [TEST_STEP][PASSED] - Statement - PreSaveFile = new java.io.File(((pathPrefix + java.lang.Integer.toString(counter)) + .png)): null

2018-12-11 17:09:37 - [TEST_STEP][PASSED] - Statement - counter = counter + 1: null

2018-12-11 17:09:37 - [TEST_STEP][PASSED] - Statement - PreSaveFile = new java.io.File(((pathPrefix + java.lang.Integer.toString(counter)) + .png)): null

2018-12-11 17:09:37 - [TEST_STEP][PASSED] - Statement - counter = counter + 1: null

2018-12-11 17:09:37 - [TEST_STEP][PASSED] - Statement - PreSaveFile = new java.io.File(((pathPrefix + java.lang.Integer.toString(counter)) + .png)): null

2018-12-11 17:09:37 - [TEST_STEP][PASSED] - Statement - counter = counter + 1: null

2018-12-11 17:09:37 - [TEST_STEP][PASSED] - Statement - PreSaveFile = new java.io.File(((pathPrefix + java.lang.Integer.toString(counter)) + .png)): null

2018-12-11 17:09:37 - [TEST_STEP][PASSED] - Statement - counter = counter + 1: null

2018-12-11 17:09:37 - [TEST_STEP][PASSED] - Statement - PreSaveFile = new java.io.File(((pathPrefix + java.lang.Integer.toString(counter)) + .png)): null

2018-12-11 17:09:37 - [TEST_STEP][PASSED] - Statement - counter = counter + 1: null

2018-12-11 17:09:37 - [TEST_STEP][PASSED] - Statement - PreSaveFile = new java.io.File(((pathPrefix + java.lang.Integer.toString(counter)) + .png)): null

2018-12-11 17:09:37 - [TEST_STEP][PASSED] - Statement - counter = counter + 1: null

2018-12-11 17:09:37 - [TEST_STEP][PASSED] - Statement - PreSaveFile = new java.io.File(((pathPrefix + java.lang.Integer.toString(counter)) + .png)): null

2018-12-11 17:09:37 - [TEST_STEP][PASSED] - Statement - counter = counter + 1: null

2018-12-11 17:09:37 - [TEST_STEP][PASSED] - Statement - PreSaveFile = new java.io.File(((pathPrefix + java.lang.Integer.toString(counter)) + .png)): null

2018-12-11 17:09:37 - [TEST_STEP][PASSED] - Statement - counter = counter + 1: null

2018-12-11 17:09:37 - [TEST_STEP][PASSED] - Statement - PreSaveFile = new java.io.File(((pathPrefix + java.lang.Integer.toString(counter)) + .png)): null

2018-12-11 17:09:37 - [TEST_STEP][PASSED] - Statement - counter = counter + 1: null

2018-12-11 17:09:37 - [TEST_STEP][PASSED] - Statement - PreSaveFile = new java.io.File(((pathPrefix + java.lang.Integer.toString(counter)) + .png)): null

2018-12-11 17:09:37 - [TEST_STEP][PASSED] - Statement - counter = counter + 1: null

2018-12-11 17:09:37 - [TEST_STEP][PASSED] - Statement - PreSaveFile = new java.io.File(((pathPrefix + java.lang.Integer.toString(counter)) + .png)): null

2018-12-11 17:09:37 - [TEST_STEP][PASSED] - Statement - counter = counter + 1: null

2018-12-11 17:09:37 - [TEST_STEP][PASSED] - Statement - PreSaveFile = new java.io.File(((pathPrefix + java.lang.Integer.toString(counter)) + .png)): null

2018-12-11 17:09:37 - [TEST_STEP][PASSED] - Statement - counter = counter + 1: null

2018-12-11 17:09:37 - [TEST_STEP][PASSED] - Statement - PreSaveFile = new java.io.File(((pathPrefix + java.lang.Integer.toString(counter)) + .png)): null

2018-12-11 17:09:37 - [TEST_STEP][PASSED] - Statement - counter = counter + 1: null

2018-12-11 17:09:37 - [TEST_STEP][PASSED] - Statement - PreSaveFile = new java.io.File(((pathPrefix + java.lang.Integer.toString(counter)) + .png)): null

2018-12-11 17:09:37 - [TEST_STEP][PASSED] - Statement - counter = counter + 1: null

2018-12-11 17:09:37 - [TEST_STEP][PASSED] - Statement - PreSaveFile = new java.io.File(((pathPrefix + java.lang.Integer.toString(counter)) + .png)): null

2018-12-11 17:09:37 - [TEST_STEP][PASSED] - Statement - counter = counter + 1: null

2018-12-11 17:09:37 - [TEST_STEP][PASSED] - Statement - PreSaveFile = new java.io.File(((pathPrefix + java.lang.Integer.toString(counter)) + .png)): null

2018-12-11 17:09:37 - [TEST_STEP][PASSED] - Statement - finalPath = pathPrefix + java.lang.Integer.toString(counter) + ".png": null

2018-12-11 17:09:37 - [TEST_STEP][PASSED] - Statement - SaveFile = new java.io.File(finalPath): null

2018-12-11 17:09:37 - [TEST_STEP][PASSED] - Statement - Try: null

2018-12-11 17:09:37 - [TEST_STEP][PASSED] - Statement - org.apache.commons.io.FileUtils.copyFile(scrFile, SaveFile): null

2018-12-11 17:09:37 - [TEST_STEP][PASSED] - Statement - out.println("file kept"): null

2018-12-11 17:09:37 - [TEST_STEP][PASSED] - delay: Delayed 10 second(s)

2018-12-11 17:09:47 - [MESSAGE][PASSED] - Delayed 10 second(s)

2018-12-11 17:09:47 - [MESSAGE][PASSED] - Call Test Case 'Test Cases/Final Aug 2018 - PKS Automation/Registration Module/New Registration/Submit and Screenshot/Submit Registration and Screenshot - Copy' successfully

2018-12-11 17:09:47 - [TEST_STEP][PASSED] - Statement - UpdateAddNewECode = com.kms.katalon.core.webui.keyword.WebUiBuiltInKeywords.getText(com.kms.katalon.core.testobject.ObjectRepository.findTestObject(Object Repository/Final Object Repo/Page_Update Add New Employee - ASSIST/getEmpCode)): Text of object 'Object Repository/Final Object Repo/Page_Update Add New Employee - ASSIST/getEmpCode' is: 'E1102070763Z'

2018-12-11 17:09:47 - [MESSAGE][PASSED] - Text of object 'Object Repository/Final Object Repo/Page_Update Add New Employee - ASSIST/getEmpCode' is: 'E1102070763Z'

2018-12-11 17:09:47 - [TEST_STEP][PASSED] - callTestCase: Call Test Case 'Test Cases/Final Aug 2018 - PKS Automation/Common/Emp Code Setter' successfully

2018-12-11 17:09:47 - [TEST_CASE][PASSED] - Test Cases/Final Aug 2018 - PKS Automation/Common/Emp Code Setter: Test Cases/Final Aug 2018 - PKS Automation/Common/Emp Code Setter

2018-12-11 17:09:47 - [TEST_STEP][PASSED] - Statement - EmpCodeOld = new java.io.File(C://Users//Admin//Desktop//PKS//Automation Reference Point//EmpCode.txt): null

2018-12-11 17:09:47 - [TEST_STEP][PASSED] - Statement - EmpCodeOld.delete(): null

2018-12-11 17:09:47 - [TEST_STEP][PASSED] - Statement - EmpCode = new java.io.File(C://Users//Admin//Desktop//PKS//Automation Reference Point//EmpCode.txt): null

2018-12-11 17:09:47 - [TEST_STEP][PASSED] - Statement - f2 = new java.io.FileWriter(EmpCode, false): null

2018-12-11 17:09:47 - [TEST_STEP][PASSED] - Statement - f2.write(UpdateAddNewECode): null

2018-12-11 17:09:47 - [TEST_STEP][PASSED] - Statement - f2.close(): null

2018-12-11 17:09:47 - [TEST_STEP][PASSED] - Statement - out.println("


" + UpdateAddNewECode + "


"): null

2018-12-11 17:09:47 - [MESSAGE][PASSED] - Call Test Case 'Test Cases/Final Aug 2018 - PKS Automation/Common/Emp Code Setter' successfully

2018-12-11 17:09:47 - [MESSAGE][PASSED] - Call Test Case 'Test Cases/Final Aug 2018 - PKS Automation/Registration Module/Workflow/Update Add New Employee/Template/New Company for Update Add New' successfully

2018-12-11 17:09:47 - [TEST_STEP][PASSED] - callTestCase: Call Test Case 'Test Cases/Final Aug 2018 - PKS Automation/Registration Module/Log Out/log out avoiding katalon tagging' successfully

2018-12-11 17:09:47 - [TEST_CASE][PASSED] - Test Cases/Final Aug 2018 - PKS Automation/Registration Module/Log Out/log out avoiding katalon tagging: Test Cases/Final Aug 2018 - PKS Automation/Registration Module/Log Out/log out avoiding katalon tagging

2018-12-11 17:09:47 - [TEST_STEP][PASSED] - navigateToUrl: Navigate to 'https://assist2-uat.perkeso.gov.my/c/portal/logout' successfully

2018-12-11 17:09:48 - [MESSAGE][PASSED] - Navigate to 'https://assist2-uat.perkeso.gov.my/c/portal/logout' successfully

2018-12-11 17:09:48 - [MESSAGE][PASSED] - Call Test Case 'Test Cases/Final Aug 2018 - PKS Automation/Registration Module/Log Out/log out avoiding katalon tagging' successfully

2018-12-11 17:09:48 - [TEST_STEP][PASSED] - callTestCase: Call Test Case 'Test Cases/Final Aug 2018 - PKS Automation/Registration Module/New Registration/Form 2/Date Updater' successfully

2018-12-11 17:09:48 - [TEST_CASE][PASSED] - Test Cases/Final Aug 2018 - PKS Automation/Registration Module/New Registration/Form 2/Date Updater: Test Cases/Final Aug 2018 - PKS Automation/Registration Module/New Registration/Form 2/Date Updater

2018-12-11 17:09:48 - [TEST_STEP][PASSED] - Statement - TodayDate = new java.util.Date(): null

2018-12-11 17:09:48 - [TEST_STEP][PASSED] - Statement - CurrentDateNoFilter = new java.text.SimpleDateFormat(): null

2018-12-11 17:09:48 - [TEST_STEP][PASSED] - Statement - CurrentDateNoFilter.applyPattern("MM"): null

2018-12-11 17:09:48 - [TEST_STEP][PASSED] - Statement - monthContainerMatcher = java.lang.Integer.parseInt(CurrentDateNoFilter.format(TodayDate)): null

2018-12-11 17:09:48 - [TEST_STEP][PASSED] - Statement - monthContainerMatcher = monthContainerMatcher - 1: null

2018-12-11 17:09:48 - [TEST_STEP][PASSED] - Statement - CurrentMonth = monthContainerMatcher.toString(): null

2018-12-11 17:09:48 - [TEST_STEP][PASSED] - Statement - CurrentMonth = CurrentMonth: null

2018-12-11 17:09:48 - [TEST_STEP][PASSED] - Statement - CurrentDateNoFilter.applyPattern("yyyy"): null

2018-12-11 17:09:48 - [TEST_STEP][PASSED] - Statement - CurrentYear = CurrentDateNoFilter.format(TodayDate): null

2018-12-11 17:09:48 - [TEST_STEP][PASSED] - Statement - CurrentYear = CurrentYear: null

2018-12-11 17:09:48 - [TEST_STEP][PASSED] - Statement - intCurrentYear = java.lang.Integer.parseInt(CurrentDateNoFilter.format(TodayDate)): null

2018-12-11 17:09:48 - [TEST_STEP][PASSED] - Statement - eighteenYrsAgo = intCurrentYear - 18: null

2018-12-11 17:09:48 - [TEST_STEP][PASSED] - Statement - eighteenYrsBeforeThisYr = eighteenYrsAgo.toString(): null

2018-12-11 17:09:48 - [TEST_STEP][PASSED] - Statement - EighteenYrsBefore = eighteenYrsBeforeThisYr: null

2018-12-11 17:09:48 - [TEST_STEP][PASSED] - Statement - fiftysevenYrsAgo = intCurrentYear - 57: null

2018-12-11 17:09:48 - [TEST_STEP][PASSED] - Statement - fiftysevenYrsBeforeThisYr = fiftysevenYrsAgo.toString(): null

2018-12-11 17:09:48 - [TEST_STEP][PASSED] - Statement - FiftysevenYrsBefore = fiftysevenYrsBeforeThisYr: null

2018-12-11 17:09:48 - [TEST_STEP][PASSED] - Statement - leapYear = false: null

2018-12-11 17:09:48 - [TEST_STEP][PASSED] - Statement - leapYear = intCurrentYear % 4 == 0: null

2018-12-11 17:09:48 - [TEST_STEP][PASSED] - Statement - CurrentDateNoFilter.applyPattern("dd"): null

2018-12-11 17:09:48 - [TEST_STEP][PASSED] - Statement - CurrentDate = CurrentDateNoFilter.format(TodayDate): null

2018-12-11 17:09:48 - [TEST_STEP][PASSED] - Statement - CurrentDate = java.lang.Integer.parseInt(CurrentDate): null

2018-12-11 17:09:48 - [TEST_STEP][PASSED] - Statement - CurrentDate = CurrentDate: null

2018-12-11 17:09:48 - [TEST_STEP][PASSED] - Statement - CurrentDay = java.lang.Integer.parseInt(CurrentDate): null

2018-12-11 17:09:48 - [TEST_STEP][PASSED] - Statement - ConfAdder = <not implemented yet for class: org.codehaus.groovy.ast.expr.EmptyExpression>: null

2018-12-11 17:09:48 - [TEST_STEP][PASSED] - Statement - out.println(CurrentMonth): null

2018-12-11 17:09:48 - [TEST_STEP][PASSED] - Statement - out.println(CurrentDate): null

2018-12-11 17:09:48 - [TEST_STEP][PASSED] - Statement - switch (CurrentDate): null

2018-12-11 17:09:48 - [TEST_STEP][PASSED] - Statement - Default: null

2018-12-11 17:09:48 - [TEST_STEP][PASSED] - Statement - ConfAdder = true: null

2018-12-11 17:09:48 - [TEST_STEP][PASSED] - Statement - Break: null

2018-12-11 17:09:48 - [TEST_STEP][PASSED] - Statement - aDayBefore = <not implemented yet for class: org.codehaus.groovy.ast.expr.EmptyExpression>: null

2018-12-11 17:09:48 - [TEST_STEP][PASSED] - Statement - out.println(ConfAdder): null

2018-12-11 17:09:48 - [TEST_STEP][PASSED] - Statement - If (ConfAdder == true): null

2018-12-11 17:09:48 - [TEST_STEP][PASSED] - Statement - aDayBefore = CurrentDay + 1: null

2018-12-11 17:09:48 - [TEST_STEP][PASSED] - Statement - out.println(aDayBefore): null

2018-12-11 17:09:48 - [TEST_STEP][PASSED] - Statement - If (aDayBefore == 1 && CurrentMonth == 11): null

2018-12-11 17:09:48 - [TEST_STEP][PASSED] - Statement - DayBefore = aDayBefore.toString(): null

2018-12-11 17:09:48 - [TEST_STEP][PASSED] - Statement - OneDayBefore = DayBefore: null

2018-12-11 17:09:48 - [MESSAGE][PASSED] - Call Test Case 'Test Cases/Final Aug 2018 - PKS Automation/Registration Module/New Registration/Form 2/Date Updater' successfully

2018-12-11 17:09:48 - [TEST_STEP][PASSED] - delay: Delayed 2 second(s)

2018-12-11 17:09:50 - [MESSAGE][PASSED] - Delayed 2 second(s)

2018-12-11 17:09:50 - [TEST_STEP][PASSED] - setText: Text 'klotc2@gmail.com' is set on object 'Object Repository/Final Object Repo/Page_Update Add New Employee - ASSIST/Email TextBox'

2018-12-11 17:09:51 - [MESSAGE][PASSED] - Text 'klotc2@gmail.com' is set on object 'Object Repository/Final Object Repo/Page_Update Add New Employee - ASSIST/Email TextBox'

2018-12-11 17:09:51 - [TEST_STEP][PASSED] - click: Object: 'Object Repository/Final Object Repo/Page_Update Add New Employee - ASSIST/Next Button' is clicked on

2018-12-11 17:09:51 - [MESSAGE][PASSED] - Object: 'Object Repository/Final Object Repo/Page_Update Add New Employee - ASSIST/Next Button' is clicked on

2018-12-11 17:09:51 - [TEST_STEP][PASSED] - delay: Delayed 2 second(s)

2018-12-11 17:09:53 - [MESSAGE][PASSED] - Delayed 2 second(s)

2018-12-11 17:09:53 - [TEST_STEP][PASSED] - setText: Text 'Test1@3456789' is set on object 'Object Repository/Final Object Repo/Page_Update Add New Employee - ASSIST/Password TextBox'

2018-12-11 17:09:56 - [MESSAGE][PASSED] - Text 'Test1@3456789' is set on object 'Object Repository/Final Object Repo/Page_Update Add New Employee - ASSIST/Password TextBox'

2018-12-11 17:09:56 - [TEST_STEP][PASSED] - delay: Delayed 2 second(s)

2018-12-11 17:09:58 - [MESSAGE][PASSED] - Delayed 2 second(s)

2018-12-11 17:09:58 - [TEST_STEP][PASSED] - click: Object: 'Object Repository/Final Object Repo/Page_Update Add New Employee - ASSIST/Login Button' is clicked on

2018-12-11 17:09:58 - [MESSAGE][PASSED] - Object: 'Object Repository/Final Object Repo/Page_Update Add New Employee - ASSIST/Login Button' is clicked on

2018-12-11 17:09:58 - [TEST_STEP][PASSED] - delay: Delayed 4 second(s)

2018-12-11 17:10:02 - [MESSAGE][PASSED] - Delayed 4 second(s)

2018-12-11 17:10:02 - [TEST_STEP][PASSED] - Statement - Try: Delayed 2 second(s)

2018-12-11 17:10:02 - [TEST_STEP][PASSED] - Statement - Checker = false: null

2018-12-11 17:10:02 - [TEST_STEP][PASSED] - Statement - Checker = com.kms.katalon.core.webui.keyword.WebUiBuiltInKeywords.verifyElementHasAttribute(com.kms.katalon.core.testobject.ObjectRepository.findTestObject(Final Object Repo/Landing Page/BM Detecting), "href", 20, OPTIONAL): Object 'Object Repository/Final Object Repo/Landing Page/BM Detecting' has attribute 'href'

2018-12-11 17:10:03 - [MESSAGE][PASSED] - Object 'Object Repository/Final Object Repo/Landing Page/BM Detecting' has attribute 'href'

2018-12-11 17:10:03 - [TEST_STEP][PASSED] - Statement - out.println(Checker): null

2018-12-11 17:10:03 - [TEST_STEP][PASSED] - Statement - If (Checker == false): null

2018-12-11 17:10:03 - [TEST_STEP][PASSED] - Statement - Else: null

2018-12-11 17:10:03 - [TEST_STEP][PASSED] - delay: Delayed 2 second(s)

2018-12-11 17:10:05 - [MESSAGE][PASSED] - Delayed 2 second(s)

2018-12-11 17:10:05 - [TEST_STEP][PASSED] - delay: Delayed 4 second(s)

2018-12-11 17:10:09 - [MESSAGE][PASSED] - Delayed 4 second(s)

2018-12-11 17:10:09 - [TEST_STEP][PASSED] - click: Object: 'Object Repository/Final Object Repo/Page_Update Add New Employee - ASSIST/My Sites Drop Down' is clicked on

2018-12-11 17:10:09 - [MESSAGE][PASSED] - Object: 'Object Repository/Final Object Repo/Page_Update Add New Employee - ASSIST/My Sites Drop Down' is clicked on

2018-12-11 17:10:09 - [TEST_STEP][PASSED] - click: Object: 'Object Repository/Final Object Repo/Page_Update Add New Employee - ASSIST/Select to Registration Module' is clicked on

2018-12-11 17:10:09 - [MESSAGE][PASSED] - Object: 'Object Repository/Final Object Repo/Page_Update Add New Employee - ASSIST/Select to Registration Module' is clicked on

2018-12-11 17:10:09 - [TEST_STEP][PASSED] - navigateToUrl: Navigate to 'https://assist2-uat.perkeso.gov.my/web/registration/myassist' successfully

2018-12-11 17:10:10 - [MESSAGE][PASSED] - Navigate to 'https://assist2-uat.perkeso.gov.my/web/registration/myassist' successfully

2018-12-11 17:10:10 - [TEST_STEP][PASSED] - mouseOver: Object: 'Object Repository/Final Object Repo/Page_Update Add New Employee - ASSIST/Select to Update Akta 4 Tab' is hovered

2018-12-11 17:10:10 - [MESSAGE][PASSED] - Object: 'Object Repository/Final Object Repo/Page_Update Add New Employee - ASSIST/Select to Update Akta 4 Tab' is hovered

2018-12-11 17:10:10 - [TEST_STEP][PASSED] - delay: Delayed 2 second(s)

2018-12-11 17:10:12 - [MESSAGE][PASSED] - Delayed 2 second(s)

2018-12-11 17:10:12 - [TEST_STEP][PASSED] - click: Object: 'Object Repository/Final Object Repo/Page_Update Add New Employee - ASSIST/Select to Update Add New Employee' is clicked on

2018-12-11 17:10:13 - [MESSAGE][PASSED] - Object: 'Object Repository/Final Object Repo/Page_Update Add New Employee - ASSIST/Select to Update Add New Employee' is clicked on

2018-12-11 17:10:13 - [TEST_STEP][PASSED] - delay: Delayed 2 second(s)

2018-12-11 17:10:15 - [MESSAGE][PASSED] - Delayed 2 second(s)

2018-12-11 17:10:15 - [TEST_STEP][PASSED] - setText: Text 'E1102070763Z' is set on object 'Object Repository/Final Object Repo/Page_Update Add New Employee - ASSIST/Employer Code input textbox'

2018-12-11 17:10:15 - [MESSAGE][PASSED] - Text 'E1102070763Z' is set on object 'Object Repository/Final Object Repo/Page_Update Add New Employee - ASSIST/Employer Code input textbox'

2018-12-11 17:10:15 - [TEST_STEP][PASSED] - delay: Delayed 2 second(s)

2018-12-11 17:10:17 - [MESSAGE][PASSED] - Delayed 2 second(s)

2018-12-11 17:10:17 - [TEST_STEP][PASSED] - click: Object: 'Object Repository/Final Object Repo/Page_Update Add New Employee - ASSIST/Search Button for Employer Code' is clicked on

2018-12-11 17:10:17 - [MESSAGE][PASSED] - Object: 'Object Repository/Final Object Repo/Page_Update Add New Employee - ASSIST/Search Button for Employer Code' is clicked on

2018-12-11 17:10:17 - [TEST_STEP][PASSED] - delay: Delayed 4 second(s)

2018-12-11 17:10:21 - [MESSAGE][PASSED] - Delayed 4 second(s)

2018-12-11 17:10:21 - [TEST_STEP][PASSED] - click: Object: 'Object Repository/Final Object Repo/Page_Update Add New Employee - ASSIST/Click to Edit Case' is clicked on

2018-12-11 17:10:24 - [MESSAGE][PASSED] - Object: 'Object Repository/Final Object Repo/Page_Update Add New Employee - ASSIST/Click to Edit Case' is clicked on

2018-12-11 17:10:24 - [TEST_STEP][PASSED] - callTestCase: Call Test Case 'Test Cases/Final Aug 2018 - PKS Automation/Registration Module/Workflow/Update Add New Employee/Template/Employee Adding/Employee Set Decider' successfully

2018-12-11 17:10:24 - [TEST_CASE][PASSED] - Test Cases/Final Aug 2018 - PKS Automation/Registration Module/Workflow/Update Add New Employee/Template/Employee Adding/Employee Set Decider: Test Cases/Final Aug 2018 - PKS Automation/Registration Module/Workflow/Update Add New Employee/Template/Employee Adding/Employee Set Decider

2018-12-11 17:10:24 - [TEST_STEP][PASSED] - delay: Delayed 4 second(s)

2018-12-11 17:10:28 - [MESSAGE][PASSED] - Delayed 4 second(s)

2018-12-11 17:10:28 - [TEST_STEP][PASSED] - click: Object: 'Object Repository/Final Object Repo/Page_Update Add New Employee - ASSIST/Add Employee Button' is clicked on

2018-12-11 17:10:28 - [MESSAGE][PASSED] - Object: 'Object Repository/Final Object Repo/Page_Update Add New Employee - ASSIST/Add Employee Button' is clicked on

2018-12-11 17:10:28 - [TEST_STEP][PASSED] - delay: Delayed 3 second(s)

2018-12-11 17:10:31 - [MESSAGE][PASSED] - Delayed 3 second(s)

2018-12-11 17:10:31 - [TEST_STEP][PASSED] - setText: Text '010903091920' is set on object 'Object Repository/Final Object Repo/Page_Update Add New Employee - ASSIST/NRIC Input'

2018-12-11 17:10:32 - [MESSAGE][PASSED] - Text '010903091920' is set on object 'Object Repository/Final Object Repo/Page_Update Add New Employee - ASSIST/NRIC Input'

2018-12-11 17:10:32 - [TEST_STEP][PASSED] - click: Object: 'Object Repository/Final Object Repo/Page_Update Add New Employee - ASSIST/button for search for IC' is clicked on

2018-12-11 17:10:32 - [MESSAGE][PASSED] - Object: 'Object Repository/Final Object Repo/Page_Update Add New Employee - ASSIST/button for search for IC' is clicked on

2018-12-11 17:10:32 - [TEST_STEP][PASSED] - delay: Delayed 2 second(s)

2018-12-11 17:10:34 - [MESSAGE][PASSED] - Delayed 2 second(s)

2018-12-11 17:10:34 - [TEST_STEP][PASSED] - sendKeys: Keys 'CONTROL + a' sent to object: 'Object Repository/Final Object Repo/Page_Update Add New Employee - ASSIST/Employee Name Input'

2018-12-11 17:10:36 - [MESSAGE][PASSED] - Keys 'CONTROL + a' sent to object: 'Object Repository/Final Object Repo/Page_Update Add New Employee - ASSIST/Employee Name Input'

2018-12-11 17:10:36 - [TEST_STEP][PASSED] - sendKeys: Keys 'CONTROL + c' sent to object: 'Object Repository/Final Object Repo/Page_Update Add New Employee - ASSIST/Employee Name Input'

2018-12-11 17:10:36 - [MESSAGE][PASSED] - Keys 'CONTROL + c' sent to object: 'Object Repository/Final Object Repo/Page_Update Add New Employee - ASSIST/Employee Name Input'

2018-12-11 17:10:36 - [TEST_STEP][PASSED] - Statement - toolkit = java.awt.Toolkit.getDefaultToolkit(): null

2018-12-11 17:10:36 - [TEST_STEP][PASSED] - Statement - clipboard = toolkit.getSystemClipboard(): null

2018-12-11 17:10:36 - [TEST_STEP][PASSED] - Statement - CurrentName = clipboard.getData(stringFlavor): null

2018-12-11 17:10:36 - [TEST_STEP][PASSED] - Statement - out.println("String from Clipboard:" + CurrentName): null

2018-12-11 17:10:36 - [TEST_STEP][PASSED] - Statement - If (CurrentName == "AUTOMATE002 ELIGIBLE 1"): null

2018-12-11 17:10:36 - [TEST_STEP][PASSED] - Statement - Else If (CurrentName == "AUTOMATE003 ELIGIBLE 1"): Call Test Case 'Test Cases/Final Aug 2018 - PKS Automation/Registration Module/Workflow/Update Add New Employee/Template/Employee Adding/Employee Adding Action Repeat IC - set 2' successfully

2018-12-11 17:10:36 - [TEST_STEP][PASSED] - callTestCase: Call Test Case 'Test Cases/Final Aug 2018 - PKS Automation/Registration Module/Workflow/Update Add New Employee/Template/Employee Adding/Employee Adding Action Repeat IC - set 2' successfully

2018-12-11 17:10:36 - [TEST_CASE][PASSED] - Test Cases/Final Aug 2018 - PKS Automation/Registration Module/Workflow/Update Add New Employee/Template/Employee Adding/Employee Adding Action Repeat IC - set 2: Test Cases/Final Aug 2018 - PKS Automation/Registration Module/Workflow/Update Add New Employee/Template/Employee Adding/Employee Adding Action Repeat IC - set 2

2018-12-11 17:10:36 - [TEST_STEP][PASSED] - setText: Text 'Automate002 eligible 1' is set on object 'Object Repository/Final Object Repo/Page_Update Add New Employee - ASSIST/Employee Name Input'

2018-12-11 17:10:37 - [MESSAGE][PASSED] - Text 'Automate002 eligible 1' is set on object 'Object Repository/Final Object Repo/Page_Update Add New Employee - ASSIST/Employee Name Input'

2018-12-11 17:10:37 - [TEST_STEP][PASSED] - delay: Delayed 2 second(s)

2018-12-11 17:10:39 - [MESSAGE][PASSED] - Delayed 2 second(s)

2018-12-11 17:10:39 - [TEST_STEP][PASSED] - click: Object: 'Object Repository/Final Object Repo/Page_Update Add New Employee - ASSIST/DatePicker Pop Up' is clicked on

2018-12-11 17:10:39 - [MESSAGE][PASSED] - Object: 'Object Repository/Final Object Repo/Page_Update Add New Employee - ASSIST/DatePicker Pop Up' is clicked on

2018-12-11 17:10:39 - [TEST_STEP][PASSED] - click: Object: 'Object Repository/Final Object Repo/Page_Update Add New Employee - ASSIST/DOB Month' is clicked on

2018-12-11 17:10:39 - [MESSAGE][PASSED] - Object: 'Object Repository/Final Object Repo/Page_Update Add New Employee - ASSIST/DOB Month' is clicked on

2018-12-11 17:10:39 - [TEST_STEP][PASSED] - Statement - CurrentMonth = CurrentMonth: null

2018-12-11 17:10:39 - [TEST_STEP][PASSED] - Statement - selectMonth = new com.kms.katalon.core.testobject.TestObject(): null

2018-12-11 17:10:39 - [TEST_STEP][PASSED] - Statement - selectMonth.addProperty("xpath", EQUALS, "//body/div/div/div/select/option[@value='" + CurrentMonth + "']", true): null

2018-12-11 17:10:39 - [TEST_STEP][PASSED] - click: Object: '' is clicked on

2018-12-11 17:10:40 - [MESSAGE][PASSED] - Object: '' is clicked on

2018-12-11 17:10:40 - [TEST_STEP][PASSED] - click: Object: 'Object Repository/Final Object Repo/Page_Update Add New Employee - ASSIST/DOB Year' is clicked on

2018-12-11 17:10:40 - [MESSAGE][PASSED] - Object: 'Object Repository/Final Object Repo/Page_Update Add New Employee - ASSIST/DOB Year' is clicked on

2018-12-11 17:10:40 - [TEST_STEP][PASSED] - Statement - Eyearsbf = EighteenYrsBefore: null

2018-12-11 17:10:40 - [TEST_STEP][PASSED] - Statement - selectYear = new com.kms.katalon.core.testobject.TestObject(): null

2018-12-11 17:10:40 - [TEST_STEP][PASSED] - Statement - selectYear.addProperty("xpath", EQUALS, "//div/div/div/select/option[@value='" + Eyearsbf + "']", true): null

2018-12-11 17:10:40 - [TEST_STEP][PASSED] - click: Object: '' is clicked on

2018-12-11 17:10:40 - [MESSAGE][PASSED] - Object: '' is clicked on

2018-12-11 17:10:40 - [TEST_STEP][PASSED] - Statement - UpdatedSelectDate = com.kms.katalon.core.webui.keyword.WebUiBuiltInKeywords.modifyObjectProperty(com.kms.katalon.core.testobject.ObjectRepository.findTestObject(Final Object Repo/Page_Update Add New Employee - ASSIST/DOB Date), "xpath", "equals", "//body/div/table/tbody/tr/td/a[text()="" + CurrentDate + ""]", true): Modify property of object successfully

2018-12-11 17:10:40 - [MESSAGE][PASSED] - Modify property of object successfully

2018-12-11 17:10:40 - [TEST_STEP][PASSED] - delay: Delayed 3 second(s)

2018-12-11 17:10:43 - [MESSAGE][PASSED] - Delayed 3 second(s)

2018-12-11 17:10:43 - [TEST_STEP][PASSED] - click: Object: 'Object Repository/Final Object Repo/Page_Update Add New Employee - ASSIST/DOB Date' is clicked on

2018-12-11 17:10:43 - [MESSAGE][PASSED] - Object: 'Object Repository/Final Object Repo/Page_Update Add New Employee - ASSIST/DOB Date' is clicked on

2018-12-11 17:10:43 - [TEST_STEP][PASSED] - delay: Delayed 2 second(s)

2018-12-11 17:10:45 - [MESSAGE][PASSED] - Delayed 2 second(s)

2018-12-11 17:10:45 - [TEST_STEP][PASSED] - click: Object: 'Object Repository/Final Object Repo/Page_Update Add New Employee - ASSIST/EmploymentStartDate Pop Up' is clicked on

2018-12-11 17:10:45 - [MESSAGE][PASSED] - Object: 'Object Repository/Final Object Repo/Page_Update Add New Employee - ASSIST/EmploymentStartDate Pop Up' is clicked on

2018-12-11 17:10:45 - [TEST_STEP][PASSED] - delay: Delayed 2 second(s)

2018-12-11 17:10:47 - [MESSAGE][PASSED] - Delayed 2 second(s)

2018-12-11 17:10:47 - [TEST_STEP][PASSED] - click: Object: 'Object Repository/Final Object Repo/Page_Update Add New Employee - ASSIST/Socso Employment StartDate Month' is clicked on

2018-12-11 17:10:47 - [MESSAGE][PASSED] - Object: 'Object Repository/Final Object Repo/Page_Update Add New Employee - ASSIST/Socso Employment StartDate Month' is clicked on

2018-12-11 17:10:47 - [TEST_STEP][PASSED] - delay: Delayed 1 second(s)

2018-12-11 17:10:48 - [MESSAGE][PASSED] - Delayed 1 second(s)

2018-12-11 17:10:48 - [TEST_STEP][PASSED] - click: Object: 'Object Repository/Final Object Repo/Page_Update Add New Employee - ASSIST/Select Socso Employement Startdate Month' is clicked on

2018-12-11 17:10:48 - [MESSAGE][PASSED] - Object: 'Object Repository/Final Object Repo/Page_Update Add New Employee - ASSIST/Select Socso Employement Startdate Month' is clicked on

2018-12-11 17:10:48 - [TEST_STEP][PASSED] - delay: Delayed 2 second(s)

2018-12-11 17:10:50 - [MESSAGE][PASSED] - Delayed 2 second(s)

2018-12-11 17:10:50 - [TEST_STEP][PASSED] - click: Object: 'Object Repository/Final Object Repo/Page_Update Add New Employee - ASSIST/Socso Employment StartDate Year' is clicked on

2018-12-11 17:10:51 - [MESSAGE][PASSED] - Object: 'Object Repository/Final Object Repo/Page_Update Add New Employee - ASSIST/Socso Employment StartDate Year' is clicked on

2018-12-11 17:10:51 - [TEST_STEP][PASSED] - delay: Delayed 1 second(s)

2018-12-11 17:10:52 - [MESSAGE][PASSED] - Delayed 1 second(s)

2018-12-11 17:10:52 - [TEST_STEP][PASSED] - click: Object: 'Object Repository/Final Object Repo/Page_Update Add New Employee - ASSIST/Select Socso Employment Startdate Year' is clicked on

2018-12-11 17:10:52 - [MESSAGE][PASSED] - Object: 'Object Repository/Final Object Repo/Page_Update Add New Employee - ASSIST/Select Socso Employment Startdate Year' is clicked on

2018-12-11 17:10:52 - [TEST_STEP][PASSED] - delay: Delayed 2 second(s)

2018-12-11 17:10:54 - [MESSAGE][PASSED] - Delayed 2 second(s)

2018-12-11 17:10:54 - [TEST_STEP][PASSED] - click: Object: 'Object Repository/Final Object Repo/Page_Update Add New Employee - ASSIST/Socso Employment Start Date Day' is clicked on

2018-12-11 17:10:54 - [MESSAGE][PASSED] - Object: 'Object Repository/Final Object Repo/Page_Update Add New Employee - ASSIST/Socso Employment Start Date Day' is clicked on

2018-12-11 17:10:54 - [TEST_STEP][PASSED] - delay: Delayed 2 second(s)

2018-12-11 17:10:56 - [MESSAGE][PASSED] - Delayed 2 second(s)

2018-12-11 17:10:56 - [TEST_STEP][PASSED] - click: Object: 'Object Repository/Final Object Repo/Page_Update Add New Employee - ASSIST/Save Button for Add Employee' is clicked on

2018-12-11 17:10:56 - [MESSAGE][PASSED] - Object: 'Object Repository/Final Object Repo/Page_Update Add New Employee - ASSIST/Save Button for Add Employee' is clicked on

2018-12-11 17:10:56 - [TEST_STEP][PASSED] - delay: Delayed 10 second(s)

2018-12-11 17:11:06 - [MESSAGE][PASSED] - Delayed 10 second(s)

2018-12-11 17:11:06 - [TEST_STEP][PASSED] - click: Object: 'Object Repository/Final Object Repo/Page_Update Add New Employee - ASSIST/Add Employee Button' is clicked on

2018-12-11 17:11:06 - [MESSAGE][PASSED] - Object: 'Object Repository/Final Object Repo/Page_Update Add New Employee - ASSIST/Add Employee Button' is clicked on

2018-12-11 17:11:06 - [TEST_STEP][PASSED] - delay: Delayed 6 second(s)

2018-12-11 17:11:12 - [MESSAGE][PASSED] - Delayed 6 second(s)

2018-12-11 17:11:12 - [TEST_STEP][PASSED] - setText: Text '620904059600' is set on object 'Object Repository/Final Object Repo/Page_Update Add New Employee - ASSIST/NRIC Input'

2018-12-11 17:11:13 - [MESSAGE][PASSED] - Text '620904059600' is set on object 'Object Repository/Final Object Repo/Page_Update Add New Employee - ASSIST/NRIC Input'

2018-12-11 17:11:13 - [TEST_STEP][PASSED] - click: Object: 'Object Repository/Final Object Repo/Page_Update Add New Employee - ASSIST/button for search for IC' is clicked on

2018-12-11 17:11:13 - [MESSAGE][PASSED] - Object: 'Object Repository/Final Object Repo/Page_Update Add New Employee - ASSIST/button for search for IC' is clicked on

2018-12-11 17:11:13 - [TEST_STEP][PASSED] - delay: Delayed 2 second(s)

2018-12-11 17:11:15 - [MESSAGE][PASSED] - Delayed 2 second(s)

2018-12-11 17:11:15 - [TEST_STEP][PASSED] - setText: Text 'Automate002 eligible 2' is set on object 'Object Repository/Final Object Repo/Page_Update Add New Employee - ASSIST/Employee Name Input'

2018-12-11 17:11:16 - [MESSAGE][PASSED] - Text 'Automate002 eligible 2' is set on object 'Object Repository/Final Object Repo/Page_Update Add New Employee - ASSIST/Employee Name Input'

2018-12-11 17:11:16 - [TEST_STEP][PASSED] - delay: Delayed 2 second(s)

2018-12-11 17:11:18 - [MESSAGE][PASSED] - Delayed 2 second(s)

2018-12-11 17:11:18 - [TEST_STEP][PASSED] - click: Object: 'Object Repository/Final Object Repo/Page_Update Add New Employee - ASSIST/DatePicker Pop Up' is clicked on

2018-12-11 17:11:18 - [MESSAGE][PASSED] - Object: 'Object Repository/Final Object Repo/Page_Update Add New Employee - ASSIST/DatePicker Pop Up' is clicked on

2018-12-11 17:11:18 - [TEST_STEP][PASSED] - delay: Delayed 2 second(s)

2018-12-11 17:11:20 - [MESSAGE][PASSED] - Delayed 2 second(s)

2018-12-11 17:11:20 - [TEST_STEP][PASSED] - click: Object: 'Object Repository/Final Object Repo/Page_Update Add New Employee - ASSIST/DOB Month' is clicked on

2018-12-11 17:11:20 - [MESSAGE][PASSED] - Object: 'Object Repository/Final Object Repo/Page_Update Add New Employee - ASSIST/DOB Month' is clicked on

2018-12-11 17:11:20 - [TEST_STEP][PASSED] - Statement - selectMonth = com.kms.katalon.core.webui.keyword.WebUiBuiltInKeywords.modifyObjectProperty(selectMonth, "xpath", "equals", "//body/div/div/div/select/option[@value="" + CurrentMonth + ""]", true): Modify property of object successfully

2018-12-11 17:11:20 - [MESSAGE][PASSED] - Modify property of object successfully

2018-12-11 17:11:20 - [TEST_STEP][PASSED] - click: Object: '' is clicked on

2018-12-11 17:11:20 - [MESSAGE][PASSED] - Object: '' is clicked on

2018-12-11 17:11:20 - [TEST_STEP][PASSED] - click: Object: 'Object Repository/Final Object Repo/Page_Update Add New Employee - ASSIST/DOB Year' is clicked on

2018-12-11 17:11:20 - [MESSAGE][PASSED] - Object: 'Object Repository/Final Object Repo/Page_Update Add New Employee - ASSIST/DOB Year' is clicked on

2018-12-11 17:11:20 - [TEST_STEP][PASSED] - Statement - selectYear = com.kms.katalon.core.webui.keyword.WebUiBuiltInKeywords.modifyObjectProperty(selectYear, "xpath", "equals", "//div/div/div/select/option[@value="" + FiftysevenYrsBefore + ""]", true): Modify property of object successfully

2018-12-11 17:11:20 - [MESSAGE][PASSED] - Modify property of object successfully

2018-12-11 17:11:20 - [TEST_STEP][PASSED] - click: Object: '' is clicked on

2018-12-11 17:11:20 - [MESSAGE][PASSED] - Object: '' is clicked on

2018-12-11 17:11:20 - [TEST_STEP][PASSED] - Statement - UpdatedSelectDate = com.kms.katalon.core.webui.keyword.WebUiBuiltInKeywords.modifyObjectProperty(com.kms.katalon.core.testobject.ObjectRepository.findTestObject(Final Object Repo/Page_Update Add New Employee - ASSIST/DOB Date), "xpath", "equals", "//body/div/table/tbody/tr/td/a[text()="" + OneDayBefore + ""]", true): Modify property of object successfully

2018-12-11 17:11:20 - [MESSAGE][PASSED] - Modify property of object successfully

2018-12-11 17:11:20 - [TEST_STEP][PASSED] - click: Object: 'Object Repository/Final Object Repo/Page_Update Add New Employee - ASSIST/DOB Date' is clicked on

2018-12-11 17:11:21 - [MESSAGE][PASSED] - Object: 'Object Repository/Final Object Repo/Page_Update Add New Employee - ASSIST/DOB Date' is clicked on

2018-12-11 17:11:21 - [TEST_STEP][PASSED] - delay: Delayed 2 second(s)

2018-12-11 17:11:23 - [MESSAGE][PASSED] - Delayed 2 second(s)

2018-12-11 17:11:23 - [TEST_STEP][PASSED] - click: Object: 'Object Repository/Final Object Repo/Page_Update Add New Employee - ASSIST/EmploymentStartDate Pop Up' is clicked on

2018-12-11 17:11:23 - [MESSAGE][PASSED] - Object: 'Object Repository/Final Object Repo/Page_Update Add New Employee - ASSIST/EmploymentStartDate Pop Up' is clicked on

2018-12-11 17:11:23 - [TEST_STEP][PASSED] - delay: Delayed 2 second(s)

2018-12-11 17:11:25 - [MESSAGE][PASSED] - Delayed 2 second(s)

2018-12-11 17:11:25 - [TEST_STEP][PASSED] - click: Object: 'Object Repository/Final Object Repo/Page_Update Add New Employee - ASSIST/Socso Employment StartDate Month' is clicked on

2018-12-11 17:11:25 - [MESSAGE][PASSED] - Object: 'Object Repository/Final Object Repo/Page_Update Add New Employee - ASSIST/Socso Employment StartDate Month' is clicked on

2018-12-11 17:11:25 - [TEST_STEP][PASSED] - delay: Delayed 1 second(s)

2018-12-11 17:11:26 - [MESSAGE][PASSED] - Delayed 1 second(s)

2018-12-11 17:11:26 - [TEST_STEP][PASSED] - click: Object: 'Object Repository/Final Object Repo/Page_Update Add New Employee - ASSIST/Select Socso Employement Startdate Month' is clicked on

2018-12-11 17:11:26 - [MESSAGE][PASSED] - Object: 'Object Repository/Final Object Repo/Page_Update Add New Employee - ASSIST/Select Socso Employement Startdate Month' is clicked on

2018-12-11 17:11:26 - [TEST_STEP][PASSED] - delay: Delayed 2 second(s)

2018-12-11 17:11:28 - [MESSAGE][PASSED] - Delayed 2 second(s)

2018-12-11 17:11:28 - [TEST_STEP][PASSED] - click: Object: 'Object Repository/Final Object Repo/Page_Update Add New Employee - ASSIST/Socso Employment StartDate Year' is clicked on

2018-12-11 17:11:28 - [MESSAGE][PASSED] - Object: 'Object Repository/Final Object Repo/Page_Update Add New Employee - ASSIST/Socso Employment StartDate Year' is clicked on

2018-12-11 17:11:28 - [TEST_STEP][PASSED] - delay: Delayed 1 second(s)

2018-12-11 17:11:29 - [MESSAGE][PASSED] - Delayed 1 second(s)

2018-12-11 17:11:29 - [TEST_STEP][PASSED] - click: Object: 'Object Repository/Final Object Repo/Page_Update Add New Employee - ASSIST/Select Socso Employment Startdate Year' is clicked on

2018-12-11 17:11:29 - [MESSAGE][PASSED] - Object: 'Object Repository/Final Object Repo/Page_Update Add New Employee - ASSIST/Select Socso Employment Startdate Year' is clicked on

2018-12-11 17:11:29 - [TEST_STEP][PASSED] - delay: Delayed 2 second(s)

2018-12-11 17:11:31 - [MESSAGE][PASSED] - Delayed 2 second(s)

2018-12-11 17:11:31 - [TEST_STEP][PASSED] - click: Object: 'Object Repository/Final Object Repo/Page_Update Add New Employee - ASSIST/Socso Employment Start Date Day' is clicked on

2018-12-11 17:11:32 - [MESSAGE][PASSED] - Object: 'Object Repository/Final Object Repo/Page_Update Add New Employee - ASSIST/Socso Employment Start Date Day' is clicked on

2018-12-11 17:11:32 - [TEST_STEP][PASSED] - delay: Delayed 2 second(s)

2018-12-11 17:11:34 - [MESSAGE][PASSED] - Delayed 2 second(s)

2018-12-11 17:11:34 - [TEST_STEP][PASSED] - click: Object: 'Object Repository/Final Object Repo/Page_Update Add New Employee - ASSIST/Save Button for Add Employee' is clicked on

2018-12-11 17:11:34 - [MESSAGE][PASSED] - Object: 'Object Repository/Final Object Repo/Page_Update Add New Employee - ASSIST/Save Button for Add Employee' is clicked on

2018-12-11 17:11:34 - [TEST_STEP][PASSED] - delay: Delayed 5 second(s)

2018-12-11 17:11:39 - [MESSAGE][PASSED] - Delayed 5 second(s)

2018-12-11 17:11:39 - [TEST_STEP][PASSED] - waitForElementClickable: Object 'Object Repository/Final Object Repo/Page_Update Add New Employee - ASSIST/Add Employee Button' is clickable

2018-12-11 17:11:39 - [MESSAGE][PASSED] - Object 'Object Repository/Final Object Repo/Page_Update Add New Employee - ASSIST/Add Employee Button' is clickable

2018-12-11 17:11:39 - [TEST_STEP][PASSED] - click: Object: 'Object Repository/Final Object Repo/Page_Update Add New Employee - ASSIST/Add Employee Button' is clicked on

2018-12-11 17:11:39 - [MESSAGE][PASSED] - Object: 'Object Repository/Final Object Repo/Page_Update Add New Employee - ASSIST/Add Employee Button' is clicked on

2018-12-11 17:11:39 - [TEST_STEP][PASSED] - delay: Delayed 4 second(s)

2018-12-11 17:11:43 - [MESSAGE][PASSED] - Delayed 4 second(s)

2018-12-11 17:11:43 - [TEST_STEP][PASSED] - setText: Text '000209039100' is set on object 'Object Repository/Final Object Repo/Page_Update Add New Employee - ASSIST/NRIC Input'

2018-12-11 17:11:44 - [MESSAGE][PASSED] - Text '000209039100' is set on object 'Object Repository/Final Object Repo/Page_Update Add New Employee - ASSIST/NRIC Input'

2018-12-11 17:11:44 - [TEST_STEP][PASSED] - click: Object: 'Object Repository/Final Object Repo/Page_Update Add New Employee - ASSIST/button for search for IC' is clicked on

2018-12-11 17:11:44 - [MESSAGE][PASSED] - Object: 'Object Repository/Final Object Repo/Page_Update Add New Employee - ASSIST/button for search for IC' is clicked on

2018-12-11 17:11:44 - [TEST_STEP][PASSED] - delay: Delayed 2 second(s)

2018-12-11 17:11:46 - [MESSAGE][PASSED] - Delayed 2 second(s)

2018-12-11 17:11:46 - [TEST_STEP][PASSED] - setText: Text 'Automate002 not eligible 1' is set on object 'Object Repository/Final Object Repo/Page_Update Add New Employee - ASSIST/Employee Name Input'

2018-12-11 17:11:46 - [MESSAGE][PASSED] - Text 'Automate002 not eligible 1' is set on object 'Object Repository/Final Object Repo/Page_Update Add New Employee - ASSIST/Employee Name Input'

2018-12-11 17:11:46 - [TEST_STEP][PASSED] - delay: Delayed 2 second(s)

2018-12-11 17:11:48 - [MESSAGE][PASSED] - Delayed 2 second(s)

2018-12-11 17:11:48 - [TEST_STEP][PASSED] - click: Object: 'Object Repository/Final Object Repo/Page_Update Add New Employee - ASSIST/DatePicker Pop Up' is clicked on

2018-12-11 17:11:49 - [MESSAGE][PASSED] - Object: 'Object Repository/Final Object Repo/Page_Update Add New Employee - ASSIST/DatePicker Pop Up' is clicked on

2018-12-11 17:11:49 - [TEST_STEP][PASSED] - delay: Delayed 2 second(s)

2018-12-11 17:11:51 - [MESSAGE][PASSED] - Delayed 2 second(s)

2018-12-11 17:11:51 - [TEST_STEP][PASSED] - click: Object: 'Object Repository/Final Object Repo/Page_Update Add New Employee - ASSIST/DOB Month' is clicked on

2018-12-11 17:11:51 - [MESSAGE][PASSED] - Object: 'Object Repository/Final Object Repo/Page_Update Add New Employee - ASSIST/DOB Month' is clicked on

2018-12-11 17:11:51 - [TEST_STEP][PASSED] - Statement - selectMonth = com.kms.katalon.core.webui.keyword.WebUiBuiltInKeywords.modifyObjectProperty(selectMonth, "xpath", "equals", "//body/div/div/div/select/option[@value="" + CurrentMonth + ""]", true): Modify property of object successfully

2018-12-11 17:11:51 - [MESSAGE][PASSED] - Modify property of object successfully

2018-12-11 17:11:51 - [TEST_STEP][PASSED] - click: Object: '' is clicked on

2018-12-11 17:11:51 - [MESSAGE][PASSED] - Object: '' is clicked on

2018-12-11 17:11:51 - [TEST_STEP][PASSED] - click: Object: 'Object Repository/Final Object Repo/Page_Update Add New Employee - ASSIST/DOB Year' is clicked on

2018-12-11 17:11:51 - [MESSAGE][PASSED] - Object: 'Object Repository/Final Object Repo/Page_Update Add New Employee - ASSIST/DOB Year' is clicked on

2018-12-11 17:11:51 - [TEST_STEP][PASSED] - Statement - selectYear = com.kms.katalon.core.webui.keyword.WebUiBuiltInKeywords.modifyObjectProperty(selectYear, "xpath", "equals", "//div/div/div/select/option[@value="" + EighteenYrsBefore + ""]", true): Modify property of object successfully

2018-12-11 17:11:51 - [MESSAGE][PASSED] - Modify property of object successfully

2018-12-11 17:11:51 - [TEST_STEP][PASSED] - click: Object: '' is clicked on

2018-12-11 17:11:51 - [MESSAGE][PASSED] - Object: '' is clicked on

2018-12-11 17:11:51 - [TEST_STEP][PASSED] - Statement - UpdatedSelectDate = com.kms.katalon.core.webui.keyword.WebUiBuiltInKeywords.modifyObjectProperty(com.kms.katalon.core.testobject.ObjectRepository.findTestObject(Final Object Repo/Page_Update Add New Employee - ASSIST/DOB Date), "xpath", "equals", "//body/div/table/tbody/tr/td/a[text()="" + OneDayBefore + ""]", true): Modify property of object successfully

2018-12-11 17:11:51 - [MESSAGE][PASSED] - Modify property of object successfully

2018-12-11 17:11:51 - [TEST_STEP][PASSED] - click: Object: 'Object Repository/Final Object Repo/Page_Update Add New Employee - ASSIST/DOB Date' is clicked on

2018-12-11 17:11:51 - [MESSAGE][PASSED] - Object: 'Object Repository/Final Object Repo/Page_Update Add New Employee - ASSIST/DOB Date' is clicked on

2018-12-11 17:11:51 - [TEST_STEP][PASSED] - delay: Delayed 2 second(s)

2018-12-11 17:11:53 - [MESSAGE][PASSED] - Delayed 2 second(s)

2018-12-11 17:11:53 - [TEST_STEP][PASSED] - click: Object: 'Object Repository/Final Object Repo/Page_Update Add New Employee - ASSIST/EmploymentStartDate Pop Up' is clicked on

2018-12-11 17:11:54 - [MESSAGE][PASSED] - Object: 'Object Repository/Final Object Repo/Page_Update Add New Employee - ASSIST/EmploymentStartDate Pop Up' is clicked on

2018-12-11 17:11:54 - [TEST_STEP][PASSED] - delay: Delayed 2 second(s)

2018-12-11 17:11:56 - [MESSAGE][PASSED] - Delayed 2 second(s)

2018-12-11 17:11:56 - [TEST_STEP][PASSED] - click: Object: 'Object Repository/Final Object Repo/Page_Update Add New Employee - ASSIST/Socso Employment StartDate Month' is clicked on

2018-12-11 17:11:56 - [MESSAGE][PASSED] - Object: 'Object Repository/Final Object Repo/Page_Update Add New Employee - ASSIST/Socso Employment StartDate Month' is clicked on

2018-12-11 17:11:56 - [TEST_STEP][PASSED] - delay: Delayed 1 second(s)

2018-12-11 17:11:57 - [MESSAGE][PASSED] - Delayed 1 second(s)

2018-12-11 17:11:57 - [TEST_STEP][PASSED] - click: Object: 'Object Repository/Final Object Repo/Page_Update Add New Employee - ASSIST/Select Socso Employement Startdate Month' is clicked on

2018-12-11 17:11:57 - [MESSAGE][PASSED] - Object: 'Object Repository/Final Object Repo/Page_Update Add New Employee - ASSIST/Select Socso Employement Startdate Month' is clicked on

2018-12-11 17:11:57 - [TEST_STEP][PASSED] - delay: Delayed 2 second(s)

2018-12-11 17:11:59 - [MESSAGE][PASSED] - Delayed 2 second(s)

2018-12-11 17:11:59 - [TEST_STEP][PASSED] - click: Object: 'Object Repository/Final Object Repo/Page_Update Add New Employee - ASSIST/Socso Employment StartDate Year' is clicked on

2018-12-11 17:11:59 - [MESSAGE][PASSED] - Object: 'Object Repository/Final Object Repo/Page_Update Add New Employee - ASSIST/Socso Employment StartDate Year' is clicked on

2018-12-11 17:11:59 - [TEST_STEP][PASSED] - delay: Delayed 1 second(s)

2018-12-11 17:12:00 - [MESSAGE][PASSED] - Delayed 1 second(s)

2018-12-11 17:12:00 - [TEST_STEP][PASSED] - click: Object: 'Object Repository/Final Object Repo/Page_Update Add New Employee - ASSIST/Select Socso Employment Startdate Year' is clicked on

2018-12-11 17:12:00 - [MESSAGE][PASSED] - Object: 'Object Repository/Final Object Repo/Page_Update Add New Employee - ASSIST/Select Socso Employment Startdate Year' is clicked on

2018-12-11 17:12:00 - [TEST_STEP][PASSED] - delay: Delayed 2 second(s)

2018-12-11 17:12:02 - [MESSAGE][PASSED] - Delayed 2 second(s)

2018-12-11 17:12:02 - [TEST_STEP][PASSED] - click: Object: 'Object Repository/Final Object Repo/Page_Update Add New Employee - ASSIST/Socso Employment Start Date Day' is clicked on

2018-12-11 17:12:02 - [MESSAGE][PASSED] - Object: 'Object Repository/Final Object Repo/Page_Update Add New Employee - ASSIST/Socso Employment Start Date Day' is clicked on

2018-12-11 17:12:02 - [TEST_STEP][PASSED] - delay: Delayed 2 second(s)

2018-12-11 17:12:04 - [MESSAGE][PASSED] - Delayed 2 second(s)

2018-12-11 17:12:04 - [TEST_STEP][PASSED] - click: Object: 'Object Repository/Final Object Repo/Page_Update Add New Employee - ASSIST/Save Button for Add Employee' is clicked on

2018-12-11 17:12:05 - [MESSAGE][PASSED] - Object: 'Object Repository/Final Object Repo/Page_Update Add New Employee - ASSIST/Save Button for Add Employee' is clicked on

2018-12-11 17:12:05 - [TEST_STEP][PASSED] - delay: Delayed 20 second(s)

2018-12-11 17:12:25 - [MESSAGE][PASSED] - Delayed 20 second(s)

2018-12-11 17:12:25 - [TEST_STEP][PASSED] - click: Object: 'Object Repository/Final Object Repo/Page_Update Add New Employee - ASSIST/Add Employee Button' is clicked on

2018-12-11 17:12:25 - [MESSAGE][PASSED] - Object: 'Object Repository/Final Object Repo/Page_Update Add New Employee - ASSIST/Add Employee Button' is clicked on

2018-12-11 17:12:25 - [TEST_STEP][PASSED] - delay: Delayed 4 second(s)

2018-12-11 17:12:29 - [MESSAGE][PASSED] - Delayed 4 second(s)

2018-12-11 17:12:29 - [TEST_STEP][PASSED] - setText: Text '600203039104' is set on object 'Object Repository/Final Object Repo/Page_Update Add New Employee - ASSIST/NRIC Input'

2018-12-11 17:12:29 - [MESSAGE][PASSED] - Text '600203039104' is set on object 'Object Repository/Final Object Repo/Page_Update Add New Employee - ASSIST/NRIC Input'

2018-12-11 17:12:29 - [TEST_STEP][PASSED] - click: Object: 'Object Repository/Final Object Repo/Page_Update Add New Employee - ASSIST/button for search for IC' is clicked on

2018-12-11 17:12:30 - [MESSAGE][PASSED] - Object: 'Object Repository/Final Object Repo/Page_Update Add New Employee - ASSIST/button for search for IC' is clicked on

2018-12-11 17:12:30 - [TEST_STEP][PASSED] - delay: Delayed 2 second(s)

2018-12-11 17:12:32 - [MESSAGE][PASSED] - Delayed 2 second(s)

2018-12-11 17:12:32 - [TEST_STEP][PASSED] - setText: Text 'Automate002 not eligible 2' is set on object 'Object Repository/Final Object Repo/Page_Update Add New Employee - ASSIST/Employee Name Input'

2018-12-11 17:12:32 - [MESSAGE][PASSED] - Text 'Automate002 not eligible 2' is set on object 'Object Repository/Final Object Repo/Page_Update Add New Employee - ASSIST/Employee Name Input'

2018-12-11 17:12:32 - [TEST_STEP][PASSED] - delay: Delayed 2 second(s)

2018-12-11 17:12:34 - [MESSAGE][PASSED] - Delayed 2 second(s)

2018-12-11 17:12:34 - [TEST_STEP][PASSED] - click: Object: 'Object Repository/Final Object Repo/Page_Update Add New Employee - ASSIST/DatePicker Pop Up' is clicked on

2018-12-11 17:12:34 - [MESSAGE][PASSED] - Object: 'Object Repository/Final Object Repo/Page_Update Add New Employee - ASSIST/DatePicker Pop Up' is clicked on

2018-12-11 17:12:34 - [TEST_STEP][PASSED] - delay: Delayed 2 second(s)

2018-12-11 17:12:36 - [MESSAGE][PASSED] - Delayed 2 second(s)

2018-12-11 17:12:36 - [TEST_STEP][PASSED] - click: Object: 'Object Repository/Final Object Repo/Page_Update Add New Employee - ASSIST/DOB Month' is clicked on

2018-12-11 17:12:37 - [MESSAGE][PASSED] - Object: 'Object Repository/Final Object Repo/Page_Update Add New Employee - ASSIST/DOB Month' is clicked on

2018-12-11 17:12:37 - [TEST_STEP][PASSED] - Statement - selectMonth = com.kms.katalon.core.webui.keyword.WebUiBuiltInKeywords.modifyObjectProperty(selectMonth, "xpath", "equals", "//body/div/div/div/select/option[@value="" + CurrentMonth + ""]", true): Modify property of object successfully

2018-12-11 17:12:37 - [MESSAGE][PASSED] - Modify property of object successfully

2018-12-11 17:12:37 - [TEST_STEP][PASSED] - click: Object: '' is clicked on

2018-12-11 17:12:37 - [MESSAGE][PASSED] - Object: '' is clicked on

2018-12-11 17:12:37 - [TEST_STEP][PASSED] - click: Object: 'Object Repository/Final Object Repo/Page_Update Add New Employee - ASSIST/DOB Year' is clicked on

2018-12-11 17:12:37 - [MESSAGE][PASSED] - Object: 'Object Repository/Final Object Repo/Page_Update Add New Employee - ASSIST/DOB Year' is clicked on

2018-12-11 17:12:37 - [TEST_STEP][PASSED] - Statement - selectYear = com.kms.katalon.core.webui.keyword.WebUiBuiltInKeywords.modifyObjectProperty(selectYear, "xpath", "equals", "//div/div/div/select/option[@value="" + FiftysevenYrsBefore + ""]", true): Modify property of object successfully

2018-12-11 17:12:37 - [MESSAGE][PASSED] - Modify property of object successfully

2018-12-11 17:12:37 - [TEST_STEP][PASSED] - click: Object: '' is clicked on

2018-12-11 17:12:37 - [MESSAGE][PASSED] - Object: '' is clicked on

2018-12-11 17:12:37 - [TEST_STEP][PASSED] - Statement - UpdatedSelectDate = com.kms.katalon.core.webui.keyword.WebUiBuiltInKeywords.modifyObjectProperty(com.kms.katalon.core.testobject.ObjectRepository.findTestObject(Final Object Repo/Page_Update Add New Employee - ASSIST/DOB Date), "xpath", "equals", "//body/div/table/tbody/tr/td/a[text()="" + CurrentDate + ""]", true): Modify property of object successfully

2018-12-11 17:12:37 - [MESSAGE][PASSED] - Modify property of object successfully

2018-12-11 17:12:37 - [TEST_STEP][PASSED] - click: Object: 'Object Repository/Final Object Repo/Page_Update Add New Employee - ASSIST/DOB Date' is clicked on

2018-12-11 17:12:37 - [MESSAGE][PASSED] - Object: 'Object Repository/Final Object Repo/Page_Update Add New Employee - ASSIST/DOB Date' is clicked on

2018-12-11 17:12:37 - [TEST_STEP][PASSED] - click: Object: 'Object Repository/Final Object Repo/Page_Update Add New Employee - ASSIST/EmploymentStartDate Pop Up' is clicked on

2018-12-11 17:12:38 - [MESSAGE][PASSED] - Object: 'Object Repository/Final Object Repo/Page_Update Add New Employee - ASSIST/EmploymentStartDate Pop Up' is clicked on

2018-12-11 17:12:38 - [TEST_STEP][PASSED] - delay: Delayed 2 second(s)

2018-12-11 17:12:40 - [MESSAGE][PASSED] - Delayed 2 second(s)

2018-12-11 17:12:40 - [TEST_STEP][PASSED] - click: Object: 'Object Repository/Final Object Repo/Page_Update Add New Employee - ASSIST/Socso Employment StartDate Month' is clicked on

2018-12-11 17:12:41 - [MESSAGE][PASSED] - Object: 'Object Repository/Final Object Repo/Page_Update Add New Employee - ASSIST/Socso Employment StartDate Month' is clicked on

2018-12-11 17:12:41 - [TEST_STEP][PASSED] - delay: Delayed 1 second(s)

2018-12-11 17:12:42 - [MESSAGE][PASSED] - Delayed 1 second(s)

2018-12-11 17:12:42 - [TEST_STEP][PASSED] - click: Object: 'Object Repository/Final Object Repo/Page_Update Add New Employee - ASSIST/Select Socso Employement Startdate Month' is clicked on

2018-12-11 17:12:42 - [MESSAGE][PASSED] - Object: 'Object Repository/Final Object Repo/Page_Update Add New Employee - ASSIST/Select Socso Employement Startdate Month' is clicked on

2018-12-11 17:12:42 - [TEST_STEP][PASSED] - delay: Delayed 2 second(s)

2018-12-11 17:12:44 - [MESSAGE][PASSED] - Delayed 2 second(s)

2018-12-11 17:12:44 - [TEST_STEP][PASSED] - click: Object: 'Object Repository/Final Object Repo/Page_Update Add New Employee - ASSIST/Socso Employment StartDate Year' is clicked on

2018-12-11 17:12:44 - [MESSAGE][PASSED] - Object: 'Object Repository/Final Object Repo/Page_Update Add New Employee - ASSIST/Socso Employment StartDate Year' is clicked on

2018-12-11 17:12:44 - [TEST_STEP][PASSED] - delay: Delayed 1 second(s)

2018-12-11 17:12:45 - [MESSAGE][PASSED] - Delayed 1 second(s)

2018-12-11 17:12:45 - [TEST_STEP][PASSED] - click: Object: 'Object Repository/Final Object Repo/Page_Update Add New Employee - ASSIST/Select Socso Employment Startdate Year' is clicked on

2018-12-11 17:12:45 - [MESSAGE][PASSED] - Object: 'Object Repository/Final Object Repo/Page_Update Add New Employee - ASSIST/Select Socso Employment Startdate Year' is clicked on

2018-12-11 17:12:45 - [TEST_STEP][PASSED] - delay: Delayed 2 second(s)

2018-12-11 17:12:47 - [MESSAGE][PASSED] - Delayed 2 second(s)

2018-12-11 17:12:47 - [TEST_STEP][PASSED] - click: Object: 'Object Repository/Final Object Repo/Page_Update Add New Employee - ASSIST/Socso Employment Start Date Day' is clicked on

2018-12-11 17:12:47 - [MESSAGE][PASSED] - Object: 'Object Repository/Final Object Repo/Page_Update Add New Employee - ASSIST/Socso Employment Start Date Day' is clicked on

2018-12-11 17:12:47 - [TEST_STEP][PASSED] - delay: Delayed 2 second(s)

2018-12-11 17:12:49 - [MESSAGE][PASSED] - Delayed 2 second(s)

2018-12-11 17:12:49 - [TEST_STEP][PASSED] - click: Object: 'Object Repository/Final Object Repo/Page_Update Add New Employee - ASSIST/Save Button for Add Employee' is clicked on

2018-12-11 17:12:49 - [MESSAGE][PASSED] - Object: 'Object Repository/Final Object Repo/Page_Update Add New Employee - ASSIST/Save Button for Add Employee' is clicked on

2018-12-11 17:12:49 - [MESSAGE][PASSED] - Call Test Case 'Test Cases/Final Aug 2018 - PKS Automation/Registration Module/Workflow/Update Add New Employee/Template/Employee Adding/Employee Adding Action Repeat IC - set 2' successfully

2018-12-11 17:12:49 - [MESSAGE][PASSED] - Call Test Case 'Test Cases/Final Aug 2018 - PKS Automation/Registration Module/Workflow/Update Add New Employee/Template/Employee Adding/Employee Set Decider' successfully

2018-12-11 17:12:49 - [TEST_STEP][PASSED] - delay: Delayed 4 second(s)

2018-12-11 17:12:53 - [MESSAGE][PASSED] - Delayed 4 second(s)

2018-12-11 17:12:53 - [TEST_STEP][PASSED] - Statement - CaseReferenceNo = com.kms.katalon.core.webui.keyword.WebUiBuiltInKeywords.getText(com.kms.katalon.core.testobject.ObjectRepository.findTestObject(Final Object Repo/Page_Update Add New Employee - ASSIST/RefNo)): Text of object 'Object Repository/Final Object Repo/Page_Update Add New Employee - ASSIST/RefNo' is: 'CAN12201800002306'

2018-12-11 17:12:54 - [MESSAGE][PASSED] - Text of object 'Object Repository/Final Object Repo/Page_Update Add New Employee - ASSIST/RefNo' is: 'CAN12201800002306'

2018-12-11 17:12:54 - [TEST_STEP][PASSED] - callTestCase: Call Test Case 'Test Cases/Final Aug 2018 - PKS Automation/Common/Reference Number Setter' successfully

2018-12-11 17:12:54 - [TEST_CASE][PASSED] - Test Cases/Final Aug 2018 - PKS Automation/Common/Reference Number Setter: Test Cases/Final Aug 2018 - PKS Automation/Common/Reference Number Setter

2018-12-11 17:12:54 - [TEST_STEP][PASSED] - Statement - RefNoOldFile = new java.io.File(C://Users//Admin//Desktop//PKS//Automation Reference Point//KatalonReference.txt): null

2018-12-11 17:12:54 - [TEST_STEP][PASSED] - Statement - RefNoOldFile.delete(): null

2018-12-11 17:12:54 - [TEST_STEP][PASSED] - delay: Delayed 5 second(s)

2018-12-11 17:12:59 - [MESSAGE][PASSED] - Delayed 5 second(s)

2018-12-11 17:12:59 - [TEST_STEP][PASSED] - Statement - RefNo = new java.io.File(C://Users//Admin//Desktop//PKS//Automation Reference Point//KatalonReference.txt): null

2018-12-11 17:12:59 - [TEST_STEP][PASSED] - Statement - f2 = new java.io.FileWriter(RefNo, false): null

2018-12-11 17:12:59 - [TEST_STEP][PASSED] - Statement - f2.write(CaseReferenceNo): null

2018-12-11 17:12:59 - [TEST_STEP][PASSED] - Statement - f2.close(): null

2018-12-11 17:12:59 - [TEST_STEP][PASSED] - Statement - out.println("


" + CaseReferenceNo + "


"): null

2018-12-11 17:12:59 - [MESSAGE][PASSED] - Call Test Case 'Test Cases/Final Aug 2018 - PKS Automation/Common/Reference Number Setter' successfully

2018-12-11 17:12:59 - [TEST_STEP][PASSED] - delay: Delayed 5 second(s)

2018-12-11 17:13:04 - [MESSAGE][PASSED] - Delayed 5 second(s)

2018-12-11 17:13:04 - [TEST_STEP][PASSED] - click: Object: 'Object Repository/Final Object Repo/Page_Update Add New Employee - ASSIST/Save  Continue Button' is clicked on

2018-12-11 17:13:04 - [MESSAGE][PASSED] - Object: 'Object Repository/Final Object Repo/Page_Update Add New Employee - ASSIST/Save  Continue Button' is clicked on

2018-12-11 17:13:04 - [TEST_STEP][PASSED] - delay: Delayed 4 second(s)

2018-12-11 17:13:08 - [MESSAGE][PASSED] - Delayed 4 second(s)

2018-12-11 17:13:08 - [TEST_STEP][PASSED] - click: Object: 'Object Repository/Final Object Repo/Page_Update Add New Employee - ASSIST/Save  Continue Third Screen' is clicked on

2018-12-11 17:13:12 - [MESSAGE][PASSED] - Object: 'Object Repository/Final Object Repo/Page_Update Add New Employee - ASSIST/Save  Continue Third Screen' is clicked on

2018-12-11 17:13:12 - [TEST_STEP][PASSED] - delay: Delayed 4 second(s)

2018-12-11 17:13:16 - [MESSAGE][PASSED] - Delayed 4 second(s)

2018-12-11 17:13:16 - [TEST_STEP][PASSED] - click: Object: 'Object Repository/Final Object Repo/Page_Update Add New Employee - ASSIST/Save   Continue Supporting Doc Page' is clicked on

2018-12-11 17:13:17 - [MESSAGE][PASSED] - Object: 'Object Repository/Final Object Repo/Page_Update Add New Employee - ASSIST/Save   Continue Supporting Doc Page' is clicked on

2018-12-11 17:13:17 - [TEST_STEP][PASSED] - delay: Delayed 4 second(s)

2018-12-11 17:13:21 - [MESSAGE][PASSED] - Delayed 4 second(s)

2018-12-11 17:13:21 - [TEST_STEP][PASSED] - click: Object: 'Object Repository/Final Object Repo/Page_Update Add New Employee - ASSIST/Submit Button' is clicked on

2018-12-11 17:13:21 - [MESSAGE][PASSED] - Object: 'Object Repository/Final Object Repo/Page_Update Add New Employee - ASSIST/Submit Button' is clicked on

2018-12-11 17:13:21 - [TEST_STEP][PASSED] - delay: Delayed 4 second(s)

2018-12-11 17:13:25 - [MESSAGE][PASSED] - Delayed 4 second(s)

2018-12-11 17:13:25 - [TEST_STEP][PASSED] - click: Object: 'Object Repository/Final Object Repo/Page_Update Add New Employee - ASSIST/Confirm Submit Button' is clicked on

2018-12-11 17:13:25 - [MESSAGE][PASSED] - Object: 'Object Repository/Final Object Repo/Page_Update Add New Employee - ASSIST/Confirm Submit Button' is clicked on

2018-12-11 17:13:25 - [TEST_STEP][PASSED] - delay: Delayed 30 second(s)

2018-12-11 17:13:55 - [MESSAGE][PASSED] - Delayed 30 second(s)

2018-12-11 17:13:55 - [TEST_STEP][PASSED] - callTestCase: Call Test Case 'Test Cases/Final Aug 2018 - PKS Automation/Common/Screenshoting tool' successfully

2018-12-11 17:13:55 - [TEST_CASE][PASSED] - Test Cases/Final Aug 2018 - PKS Automation/Common/Screenshoting tool: Test Cases/Final Aug 2018 - PKS Automation/Common/Screenshoting tool

2018-12-11 17:13:55 - [TEST_STEP][PASSED] - delay: Delayed 15 second(s)

2018-12-11 17:14:10 - [MESSAGE][PASSED] - Delayed 15 second(s)

2018-12-11 17:14:10 - [TEST_STEP][PASSED] - Statement - driver = com.kms.katalon.core.webui.driver.DriverFactory.getWebDriver(): null

2018-12-11 17:14:10 - [TEST_STEP][PASSED] - Statement - driver.manage().timeouts().implicitlyWait(10, SECONDS): null

2018-12-11 17:14:10 - [TEST_STEP][PASSED] - Statement - PresavePath = KatalonScreenshots: null

2018-12-11 17:14:10 - [TEST_STEP][PASSED] - Statement - pathPrefix = "C:\Users\Public\Pictures\Sample Pictures\Katalon Screenshots\Automate Ending Screen": null

2018-12-11 17:14:10 - [TEST_STEP][PASSED] - Statement - finalPath = <not implemented yet for class: org.codehaus.groovy.ast.expr.EmptyExpression>: null

2018-12-11 17:14:10 - [TEST_STEP][PASSED] - Statement - scrFile = driver.getScreenshotAs(FILE): null

2018-12-11 17:14:10 - [TEST_STEP][PASSED] - Statement - PreSaveFile = new java.io.File(PresavePath): null

2018-12-11 17:14:10 - [TEST_STEP][PASSED] - Statement - counter = 0: null

2018-12-11 17:14:10 - [TEST_STEP][PASSED] - Statement - If (PreSaveFile.exists()): null

2018-12-11 17:14:10 - [TEST_STEP][PASSED] - Statement - While (PreSaveFile.exists()): null

2018-12-11 17:14:10 - [TEST_STEP][PASSED] - Statement - counter = counter + 1: null

2018-12-11 17:14:10 - [TEST_STEP][PASSED] - Statement - PreSaveFile = new java.io.File(((pathPrefix + java.lang.Integer.toString(counter)) + .png)): null

2018-12-11 17:14:10 - [TEST_STEP][PASSED] - Statement - counter = counter + 1: null

2018-12-11 17:14:10 - [TEST_STEP][PASSED] - Statement - PreSaveFile = new java.io.File(((pathPrefix + java.lang.Integer.toString(counter)) + .png)): null

2018-12-11 17:14:10 - [TEST_STEP][PASSED] - Statement - counter = counter + 1: null

2018-12-11 17:14:10 - [TEST_STEP][PASSED] - Statement - PreSaveFile = new java.io.File(((pathPrefix + java.lang.Integer.toString(counter)) + .png)): null

2018-12-11 17:14:10 - [TEST_STEP][PASSED] - Statement - counter = counter + 1: null

2018-12-11 17:14:10 - [TEST_STEP][PASSED] - Statement - PreSaveFile = new java.io.File(((pathPrefix + java.lang.Integer.toString(counter)) + .png)): null

2018-12-11 17:14:10 - [TEST_STEP][PASSED] - Statement - counter = counter + 1: null

2018-12-11 17:14:10 - [TEST_STEP][PASSED] - Statement - PreSaveFile = new java.io.File(((pathPrefix + java.lang.Integer.toString(counter)) + .png)): null

2018-12-11 17:14:10 - [TEST_STEP][PASSED] - Statement - counter = counter + 1: null

2018-12-11 17:14:10 - [TEST_STEP][PASSED] - Statement - PreSaveFile = new java.io.File(((pathPrefix + java.lang.Integer.toString(counter)) + .png)): null

2018-12-11 17:14:10 - [TEST_STEP][PASSED] - Statement - counter = counter + 1: null

2018-12-11 17:14:10 - [TEST_STEP][PASSED] - Statement - PreSaveFile = new java.io.File(((pathPrefix + java.lang.Integer.toString(counter)) + .png)): null

2018-12-11 17:14:10 - [TEST_STEP][PASSED] - Statement - counter = counter + 1: null

2018-12-11 17:14:10 - [TEST_STEP][PASSED] - Statement - PreSaveFile = new java.io.File(((pathPrefix + java.lang.Integer.toString(counter)) + .png)): null

2018-12-11 17:14:10 - [TEST_STEP][PASSED] - Statement - counter = counter + 1: null

2018-12-11 17:14:10 - [TEST_STEP][PASSED] - Statement - PreSaveFile = new java.io.File(((pathPrefix + java.lang.Integer.toString(counter)) + .png)): null

2018-12-11 17:14:10 - [TEST_STEP][PASSED] - Statement - counter = counter + 1: null

2018-12-11 17:14:10 - [TEST_STEP][PASSED] - Statement - PreSaveFile = new java.io.File(((pathPrefix + java.lang.Integer.toString(counter)) + .png)): null

2018-12-11 17:14:10 - [TEST_STEP][PASSED] - Statement - counter = counter + 1: null

2018-12-11 17:14:10 - [TEST_STEP][PASSED] - Statement - PreSaveFile = new java.io.File(((pathPrefix + java.lang.Integer.toString(counter)) + .png)): null

2018-12-11 17:14:10 - [TEST_STEP][PASSED] - Statement - counter = counter + 1: null

2018-12-11 17:14:10 - [TEST_STEP][PASSED] - Statement - PreSaveFile = new java.io.File(((pathPrefix + java.lang.Integer.toString(counter)) + .png)): null

2018-12-11 17:14:10 - [TEST_STEP][PASSED] - Statement - counter = counter + 1: null

2018-12-11 17:14:10 - [TEST_STEP][PASSED] - Statement - PreSaveFile = new java.io.File(((pathPrefix + java.lang.Integer.toString(counter)) + .png)): null

2018-12-11 17:14:10 - [TEST_STEP][PASSED] - Statement - counter = counter + 1: null

2018-12-11 17:14:10 - [TEST_STEP][PASSED] - Statement - PreSaveFile = new java.io.File(((pathPrefix + java.lang.Integer.toString(counter)) + .png)): null

2018-12-11 17:14:10 - [TEST_STEP][PASSED] - Statement - counter = counter + 1: null

2018-12-11 17:14:10 - [TEST_STEP][PASSED] - Statement - PreSaveFile = new java.io.File(((pathPrefix + java.lang.Integer.toString(counter)) + .png)): null

2018-12-11 17:14:10 - [TEST_STEP][PASSED] - Statement - counter = counter + 1: null

2018-12-11 17:14:10 - [TEST_STEP][PASSED] - Statement - PreSaveFile = new java.io.File(((pathPrefix + java.lang.Integer.toString(counter)) + .png)): null

2018-12-11 17:14:10 - [TEST_STEP][PASSED] - Statement - counter = counter + 1: null

2018-12-11 17:14:10 - [TEST_STEP][PASSED] - Statement - PreSaveFile = new java.io.File(((pathPrefix + java.lang.Integer.toString(counter)) + .png)): null

2018-12-11 17:14:10 - [TEST_STEP][PASSED] - Statement - counter = counter + 1: null

2018-12-11 17:14:10 - [TEST_STEP][PASSED] - Statement - PreSaveFile = new java.io.File(((pathPrefix + java.lang.Integer.toString(counter)) + .png)): null

2018-12-11 17:14:10 - [TEST_STEP][PASSED] - Statement - counter = counter + 1: null

2018-12-11 17:14:10 - [TEST_STEP][PASSED] - Statement - PreSaveFile = new java.io.File(((pathPrefix + java.lang.Integer.toString(counter)) + .png)): null

2018-12-11 17:14:10 - [TEST_STEP][PASSED] - Statement - counter = counter + 1: null

2018-12-11 17:14:10 - [TEST_STEP][PASSED] - Statement - PreSaveFile = new java.io.File(((pathPrefix + java.lang.Integer.toString(counter)) + .png)): null

2018-12-11 17:14:10 - [TEST_STEP][PASSED] - Statement - counter = counter + 1: null

2018-12-11 17:14:10 - [TEST_STEP][PASSED] - Statement - PreSaveFile = new java.io.File(((pathPrefix + java.lang.Integer.toString(counter)) + .png)): null

2018-12-11 17:14:10 - [TEST_STEP][PASSED] - Statement - counter = counter + 1: null

2018-12-11 17:14:10 - [TEST_STEP][PASSED] - Statement - PreSaveFile = new java.io.File(((pathPrefix + java.lang.Integer.toString(counter)) + .png)): null

2018-12-11 17:14:10 - [TEST_STEP][PASSED] - Statement - counter = counter + 1: null

2018-12-11 17:14:10 - [TEST_STEP][PASSED] - Statement - PreSaveFile = new java.io.File(((pathPrefix + java.lang.Integer.toString(counter)) + .png)): null

2018-12-11 17:14:10 - [TEST_STEP][PASSED] - Statement - counter = counter + 1: null

2018-12-11 17:14:10 - [TEST_STEP][PASSED] - Statement - PreSaveFile = new java.io.File(((pathPrefix + java.lang.Integer.toString(counter)) + .png)): null

2018-12-11 17:14:10 - [TEST_STEP][PASSED] - Statement - counter = counter + 1: null

2018-12-11 17:14:10 - [TEST_STEP][PASSED] - Statement - PreSaveFile = new java.io.File(((pathPrefix + java.lang.Integer.toString(counter)) + .png)): null

2018-12-11 17:14:10 - [TEST_STEP][PASSED] - Statement - counter = counter + 1: null

2018-12-11 17:14:10 - [TEST_STEP][PASSED] - Statement - PreSaveFile = new java.io.File(((pathPrefix + java.lang.Integer.toString(counter)) + .png)): null

2018-12-11 17:14:10 - [TEST_STEP][PASSED] - Statement - counter = counter + 1: null

2018-12-11 17:14:10 - [TEST_STEP][PASSED] - Statement - PreSaveFile = new java.io.File(((pathPrefix + java.lang.Integer.toString(counter)) + .png)): null

2018-12-11 17:14:10 - [TEST_STEP][PASSED] - Statement - counter = counter + 1: null

2018-12-11 17:14:10 - [TEST_STEP][PASSED] - Statement - PreSaveFile = new java.io.File(((pathPrefix + java.lang.Integer.toString(counter)) + .png)): null

2018-12-11 17:14:10 - [TEST_STEP][PASSED] - Statement - counter = counter + 1: null

2018-12-11 17:14:10 - [TEST_STEP][PASSED] - Statement - PreSaveFile = new java.io.File(((pathPrefix + java.lang.Integer.toString(counter)) + .png)): null

2018-12-11 17:14:10 - [TEST_STEP][PASSED] - Statement - counter = counter + 1: null

2018-12-11 17:14:10 - [TEST_STEP][PASSED] - Statement - PreSaveFile = new java.io.File(((pathPrefix + java.lang.Integer.toString(counter)) + .png)): null

2018-12-11 17:14:10 - [TEST_STEP][PASSED] - Statement - counter = counter + 1: null

2018-12-11 17:14:10 - [TEST_STEP][PASSED] - Statement - PreSaveFile = new java.io.File(((pathPrefix + java.lang.Integer.toString(counter)) + .png)): null

2018-12-11 17:14:10 - [TEST_STEP][PASSED] - Statement - counter = counter + 1: null

2018-12-11 17:14:10 - [TEST_STEP][PASSED] - Statement - PreSaveFile = new java.io.File(((pathPrefix + java.lang.Integer.toString(counter)) + .png)): null

2018-12-11 17:14:10 - [TEST_STEP][PASSED] - Statement - counter = counter + 1: null

2018-12-11 17:14:10 - [TEST_STEP][PASSED] - Statement - PreSaveFile = new java.io.File(((pathPrefix + java.lang.Integer.toString(counter)) + .png)): null

2018-12-11 17:14:10 - [TEST_STEP][PASSED] - Statement - counter = counter + 1: null

2018-12-11 17:14:10 - [TEST_STEP][PASSED] - Statement - PreSaveFile = new java.io.File(((pathPrefix + java.lang.Integer.toString(counter)) + .png)): null

2018-12-11 17:14:10 - [TEST_STEP][PASSED] - Statement - counter = counter + 1: null

2018-12-11 17:14:10 - [TEST_STEP][PASSED] - Statement - PreSaveFile = new java.io.File(((pathPrefix + java.lang.Integer.toString(counter)) + .png)): null

2018-12-11 17:14:10 - [TEST_STEP][PASSED] - Statement - counter = counter + 1: null

2018-12-11 17:14:10 - [TEST_STEP][PASSED] - Statement - PreSaveFile = new java.io.File(((pathPrefix + java.lang.Integer.toString(counter)) + .png)): null

2018-12-11 17:14:10 - [TEST_STEP][PASSED] - Statement - counter = counter + 1: null

2018-12-11 17:14:10 - [TEST_STEP][PASSED] - Statement - PreSaveFile = new java.io.File(((pathPrefix + java.lang.Integer.toString(counter)) + .png)): null

2018-12-11 17:14:10 - [TEST_STEP][PASSED] - Statement - counter = counter + 1: null

2018-12-11 17:14:10 - [TEST_STEP][PASSED] - Statement - PreSaveFile = new java.io.File(((pathPrefix + java.lang.Integer.toString(counter)) + .png)): null

2018-12-11 17:14:10 - [TEST_STEP][PASSED] - Statement - counter = counter + 1: null

2018-12-11 17:14:10 - [TEST_STEP][PASSED] - Statement - PreSaveFile = new java.io.File(((pathPrefix + java.lang.Integer.toString(counter)) + .png)): null

2018-12-11 17:14:10 - [TEST_STEP][PASSED] - Statement - counter = counter + 1: null

2018-12-11 17:14:10 - [TEST_STEP][PASSED] - Statement - PreSaveFile = new java.io.File(((pathPrefix + java.lang.Integer.toString(counter)) + .png)): null

2018-12-11 17:14:10 - [TEST_STEP][PASSED] - Statement - counter = counter + 1: null

2018-12-11 17:14:10 - [TEST_STEP][PASSED] - Statement - PreSaveFile = new java.io.File(((pathPrefix + java.lang.Integer.toString(counter)) + .png)): null

2018-12-11 17:14:10 - [TEST_STEP][PASSED] - Statement - counter = counter + 1: null

2018-12-11 17:14:10 - [TEST_STEP][PASSED] - Statement - PreSaveFile = new java.io.File(((pathPrefix + java.lang.Integer.toString(counter)) + .png)): null

2018-12-11 17:14:10 - [TEST_STEP][PASSED] - Statement - counter = counter + 1: null

2018-12-11 17:14:10 - [TEST_STEP][PASSED] - Statement - PreSaveFile = new java.io.File(((pathPrefix + java.lang.Integer.toString(counter)) + .png)): null

2018-12-11 17:14:10 - [TEST_STEP][PASSED] - Statement - counter = counter + 1: null

2018-12-11 17:14:10 - [TEST_STEP][PASSED] - Statement - PreSaveFile = new java.io.File(((pathPrefix + java.lang.Integer.toString(counter)) + .png)): null

2018-12-11 17:14:10 - [TEST_STEP][PASSED] - Statement - counter = counter + 1: null

2018-12-11 17:14:10 - [TEST_STEP][PASSED] - Statement - PreSaveFile = new java.io.File(((pathPrefix + java.lang.Integer.toString(counter)) + .png)): null

2018-12-11 17:14:10 - [TEST_STEP][PASSED] - Statement - counter = counter + 1: null

2018-12-11 17:14:10 - [TEST_STEP][PASSED] - Statement - PreSaveFile = new java.io.File(((pathPrefix + java.lang.Integer.toString(counter)) + .png)): null

2018-12-11 17:14:10 - [TEST_STEP][PASSED] - Statement - counter = counter + 1: null

2018-12-11 17:14:10 - [TEST_STEP][PASSED] - Statement - PreSaveFile = new java.io.File(((pathPrefix + java.lang.Integer.toString(counter)) + .png)): null

2018-12-11 17:14:10 - [TEST_STEP][PASSED] - Statement - counter = counter + 1: null

2018-12-11 17:14:10 - [TEST_STEP][PASSED] - Statement - PreSaveFile = new java.io.File(((pathPrefix + java.lang.Integer.toString(counter)) + .png)): null

2018-12-11 17:14:10 - [TEST_STEP][PASSED] - Statement - counter = counter + 1: null

2018-12-11 17:14:10 - [TEST_STEP][PASSED] - Statement - PreSaveFile = new java.io.File(((pathPrefix + java.lang.Integer.toString(counter)) + .png)): null

2018-12-11 17:14:10 - [TEST_STEP][PASSED] - Statement - counter = counter + 1: null

2018-12-11 17:14:10 - [TEST_STEP][PASSED] - Statement - PreSaveFile = new java.io.File(((pathPrefix + java.lang.Integer.toString(counter)) + .png)): null

2018-12-11 17:14:10 - [TEST_STEP][PASSED] - Statement - counter = counter + 1: null

2018-12-11 17:14:10 - [TEST_STEP][PASSED] - Statement - PreSaveFile = new java.io.File(((pathPrefix + java.lang.Integer.toString(counter)) + .png)): null

2018-12-11 17:14:10 - [TEST_STEP][PASSED] - Statement - counter = counter + 1: null

2018-12-11 17:14:10 - [TEST_STEP][PASSED] - Statement - PreSaveFile = new java.io.File(((pathPrefix + java.lang.Integer.toString(counter)) + .png)): null

2018-12-11 17:14:10 - [TEST_STEP][PASSED] - Statement - counter = counter + 1: null

2018-12-11 17:14:10 - [TEST_STEP][PASSED] - Statement - PreSaveFile = new java.io.File(((pathPrefix + java.lang.Integer.toString(counter)) + .png)): null

2018-12-11 17:14:10 - [TEST_STEP][PASSED] - Statement - counter = counter + 1: null

2018-12-11 17:14:10 - [TEST_STEP][PASSED] - Statement - PreSaveFile = new java.io.File(((pathPrefix + java.lang.Integer.toString(counter)) + .png)): null

2018-12-11 17:14:10 - [TEST_STEP][PASSED] - Statement - counter = counter + 1: null

2018-12-11 17:14:10 - [TEST_STEP][PASSED] - Statement - PreSaveFile = new java.io.File(((pathPrefix + java.lang.Integer.toString(counter)) + .png)): null

2018-12-11 17:14:10 - [TEST_STEP][PASSED] - Statement - counter = counter + 1: null

2018-12-11 17:14:10 - [TEST_STEP][PASSED] - Statement - PreSaveFile = new java.io.File(((pathPrefix + java.lang.Integer.toString(counter)) + .png)): null

2018-12-11 17:14:10 - [TEST_STEP][PASSED] - Statement - counter = counter + 1: null

2018-12-11 17:14:10 - [TEST_STEP][PASSED] - Statement - PreSaveFile = new java.io.File(((pathPrefix + java.lang.Integer.toString(counter)) + .png)): null

2018-12-11 17:14:10 - [TEST_STEP][PASSED] - Statement - counter = counter + 1: null

2018-12-11 17:14:10 - [TEST_STEP][PASSED] - Statement - PreSaveFile = new java.io.File(((pathPrefix + java.lang.Integer.toString(counter)) + .png)): null

2018-12-11 17:14:10 - [TEST_STEP][PASSED] - Statement - counter = counter + 1: null

2018-12-11 17:14:10 - [TEST_STEP][PASSED] - Statement - PreSaveFile = new java.io.File(((pathPrefix + java.lang.Integer.toString(counter)) + .png)): null

2018-12-11 17:14:10 - [TEST_STEP][PASSED] - Statement - counter = counter + 1: null

2018-12-11 17:14:10 - [TEST_STEP][PASSED] - Statement - PreSaveFile = new java.io.File(((pathPrefix + java.lang.Integer.toString(counter)) + .png)): null

2018-12-11 17:14:10 - [TEST_STEP][PASSED] - Statement - counter = counter + 1: null

2018-12-11 17:14:10 - [TEST_STEP][PASSED] - Statement - PreSaveFile = new java.io.File(((pathPrefix + java.lang.Integer.toString(counter)) + .png)): null

2018-12-11 17:14:10 - [TEST_STEP][PASSED] - Statement - counter = counter + 1: null

2018-12-11 17:14:10 - [TEST_STEP][PASSED] - Statement - PreSaveFile = new java.io.File(((pathPrefix + java.lang.Integer.toString(counter)) + .png)): null

2018-12-11 17:14:10 - [TEST_STEP][PASSED] - Statement - counter = counter + 1: null

2018-12-11 17:14:10 - [TEST_STEP][PASSED] - Statement - PreSaveFile = new java.io.File(((pathPrefix + java.lang.Integer.toString(counter)) + .png)): null

2018-12-11 17:14:10 - [TEST_STEP][PASSED] - Statement - counter = counter + 1: null

2018-12-11 17:14:10 - [TEST_STEP][PASSED] - Statement - PreSaveFile = new java.io.File(((pathPrefix + java.lang.Integer.toString(counter)) + .png)): null

2018-12-11 17:14:10 - [TEST_STEP][PASSED] - Statement - counter = counter + 1: null

2018-12-11 17:14:10 - [TEST_STEP][PASSED] - Statement - PreSaveFile = new java.io.File(((pathPrefix + java.lang.Integer.toString(counter)) + .png)): null

2018-12-11 17:14:10 - [TEST_STEP][PASSED] - Statement - counter = counter + 1: null

2018-12-11 17:14:10 - [TEST_STEP][PASSED] - Statement - PreSaveFile = new java.io.File(((pathPrefix + java.lang.Integer.toString(counter)) + .png)): null

2018-12-11 17:14:10 - [TEST_STEP][PASSED] - Statement - counter = counter + 1: null

2018-12-11 17:14:10 - [TEST_STEP][PASSED] - Statement - PreSaveFile = new java.io.File(((pathPrefix + java.lang.Integer.toString(counter)) + .png)): null

2018-12-11 17:14:10 - [TEST_STEP][PASSED] - Statement - counter = counter + 1: null

2018-12-11 17:14:10 - [TEST_STEP][PASSED] - Statement - PreSaveFile = new java.io.File(((pathPrefix + java.lang.Integer.toString(counter)) + .png)): null

2018-12-11 17:14:10 - [TEST_STEP][PASSED] - Statement - counter = counter + 1: null

2018-12-11 17:14:10 - [TEST_STEP][PASSED] - Statement - PreSaveFile = new java.io.File(((pathPrefix + java.lang.Integer.toString(counter)) + .png)): null

2018-12-11 17:14:10 - [TEST_STEP][PASSED] - Statement - counter = counter + 1: null

2018-12-11 17:14:10 - [TEST_STEP][PASSED] - Statement - PreSaveFile = new java.io.File(((pathPrefix + java.lang.Integer.toString(counter)) + .png)): null

2018-12-11 17:14:10 - [TEST_STEP][PASSED] - Statement - counter = counter + 1: null

2018-12-11 17:14:10 - [TEST_STEP][PASSED] - Statement - PreSaveFile = new java.io.File(((pathPrefix + java.lang.Integer.toString(counter)) + .png)): null

2018-12-11 17:14:10 - [TEST_STEP][PASSED] - Statement - counter = counter + 1: null

2018-12-11 17:14:10 - [TEST_STEP][PASSED] - Statement - PreSaveFile = new java.io.File(((pathPrefix + java.lang.Integer.toString(counter)) + .png)): null

2018-12-11 17:14:11 - [TEST_STEP][PASSED] - Statement - counter = counter + 1: null

2018-12-11 17:14:11 - [TEST_STEP][PASSED] - Statement - PreSaveFile = new java.io.File(((pathPrefix + java.lang.Integer.toString(counter)) + .png)): null

2018-12-11 17:14:11 - [TEST_STEP][PASSED] - Statement - counter = counter + 1: null

2018-12-11 17:14:11 - [TEST_STEP][PASSED] - Statement - PreSaveFile = new java.io.File(((pathPrefix + java.lang.Integer.toString(counter)) + .png)): null

2018-12-11 17:14:11 - [TEST_STEP][PASSED] - Statement - counter = counter + 1: null

2018-12-11 17:14:11 - [TEST_STEP][PASSED] - Statement - PreSaveFile = new java.io.File(((pathPrefix + java.lang.Integer.toString(counter)) + .png)): null

2018-12-11 17:14:11 - [TEST_STEP][PASSED] - Statement - counter = counter + 1: null

2018-12-11 17:14:11 - [TEST_STEP][PASSED] - Statement - PreSaveFile = new java.io.File(((pathPrefix + java.lang.Integer.toString(counter)) + .png)): null

2018-12-11 17:14:11 - [TEST_STEP][PASSED] - Statement - counter = counter + 1: null

2018-12-11 17:14:11 - [TEST_STEP][PASSED] - Statement - PreSaveFile = new java.io.File(((pathPrefix + java.lang.Integer.toString(counter)) + .png)): null

2018-12-11 17:14:11 - [TEST_STEP][PASSED] - Statement - counter = counter + 1: null

2018-12-11 17:14:11 - [TEST_STEP][PASSED] - Statement - PreSaveFile = new java.io.File(((pathPrefix + java.lang.Integer.toString(counter)) + .png)): null

2018-12-11 17:14:11 - [TEST_STEP][PASSED] - Statement - counter = counter + 1: null

2018-12-11 17:14:11 - [TEST_STEP][PASSED] - Statement - PreSaveFile = new java.io.File(((pathPrefix + java.lang.Integer.toString(counter)) + .png)): null

2018-12-11 17:14:11 - [TEST_STEP][PASSED] - Statement - counter = counter + 1: null

2018-12-11 17:14:11 - [TEST_STEP][PASSED] - Statement - PreSaveFile = new java.io.File(((pathPrefix + java.lang.Integer.toString(counter)) + .png)): null

2018-12-11 17:14:11 - [TEST_STEP][PASSED] - Statement - counter = counter + 1: null

2018-12-11 17:14:11 - [TEST_STEP][PASSED] - Statement - PreSaveFile = new java.io.File(((pathPrefix + java.lang.Integer.toString(counter)) + .png)): null

2018-12-11 17:14:11 - [TEST_STEP][PASSED] - Statement - counter = counter + 1: null

2018-12-11 17:14:11 - [TEST_STEP][PASSED] - Statement - PreSaveFile = new java.io.File(((pathPrefix + java.lang.Integer.toString(counter)) + .png)): null

2018-12-11 17:14:11 - [TEST_STEP][PASSED] - Statement - counter = counter + 1: null

2018-12-11 17:14:11 - [TEST_STEP][PASSED] - Statement - PreSaveFile = new java.io.File(((pathPrefix + java.lang.Integer.toString(counter)) + .png)): null

2018-12-11 17:14:11 - [TEST_STEP][PASSED] - Statement - counter = counter + 1: null

2018-12-11 17:14:11 - [TEST_STEP][PASSED] - Statement - PreSaveFile = new java.io.File(((pathPrefix + java.lang.Integer.toString(counter)) + .png)): null

2018-12-11 17:14:11 - [TEST_STEP][PASSED] - Statement - counter = counter + 1: null

2018-12-11 17:14:11 - [TEST_STEP][PASSED] - Statement - PreSaveFile = new java.io.File(((pathPrefix + java.lang.Integer.toString(counter)) + .png)): null

2018-12-11 17:14:11 - [TEST_STEP][PASSED] - Statement - counter = counter + 1: null

2018-12-11 17:14:11 - [TEST_STEP][PASSED] - Statement - PreSaveFile = new java.io.File(((pathPrefix + java.lang.Integer.toString(counter)) + .png)): null

2018-12-11 17:14:11 - [TEST_STEP][PASSED] - Statement - counter = counter + 1: null

2018-12-11 17:14:11 - [TEST_STEP][PASSED] - Statement - PreSaveFile = new java.io.File(((pathPrefix + java.lang.Integer.toString(counter)) + .png)): null

2018-12-11 17:14:11 - [TEST_STEP][PASSED] - Statement - counter = counter + 1: null

2018-12-11 17:14:11 - [TEST_STEP][PASSED] - Statement - PreSaveFile = new java.io.File(((pathPrefix + java.lang.Integer.toString(counter)) + .png)): null

2018-12-11 17:14:11 - [TEST_STEP][PASSED] - Statement - counter = counter + 1: null

2018-12-11 17:14:11 - [TEST_STEP][PASSED] - Statement - PreSaveFile = new java.io.File(((pathPrefix + java.lang.Integer.toString(counter)) + .png)): null

2018-12-11 17:14:11 - [TEST_STEP][PASSED] - Statement - counter = counter + 1: null

2018-12-11 17:14:11 - [TEST_STEP][PASSED] - Statement - PreSaveFile = new java.io.File(((pathPrefix + java.lang.Integer.toString(counter)) + .png)): null

2018-12-11 17:14:11 - [TEST_STEP][PASSED] - Statement - counter = counter + 1: null

2018-12-11 17:14:11 - [TEST_STEP][PASSED] - Statement - PreSaveFile = new java.io.File(((pathPrefix + java.lang.Integer.toString(counter)) + .png)): null

2018-12-11 17:14:11 - [TEST_STEP][PASSED] - Statement - counter = counter + 1: null

2018-12-11 17:14:11 - [TEST_STEP][PASSED] - Statement - PreSaveFile = new java.io.File(((pathPrefix + java.lang.Integer.toString(counter)) + .png)): null

2018-12-11 17:14:11 - [TEST_STEP][PASSED] - Statement - counter = counter + 1: null

2018-12-11 17:14:11 - [TEST_STEP][PASSED] - Statement - PreSaveFile = new java.io.File(((pathPrefix + java.lang.Integer.toString(counter)) + .png)): null

2018-12-11 17:14:11 - [TEST_STEP][PASSED] - Statement - counter = counter + 1: null

2018-12-11 17:14:11 - [TEST_STEP][PASSED] - Statement - PreSaveFile = new java.io.File(((pathPrefix + java.lang.Integer.toString(counter)) + .png)): null

2018-12-11 17:14:11 - [TEST_STEP][PASSED] - Statement - counter = counter + 1: null

2018-12-11 17:14:11 - [TEST_STEP][PASSED] - Statement - PreSaveFile = new java.io.File(((pathPrefix + java.lang.Integer.toString(counter)) + .png)): null

2018-12-11 17:14:11 - [TEST_STEP][PASSED] - Statement - counter = counter + 1: null

2018-12-11 17:14:11 - [TEST_STEP][PASSED] - Statement - PreSaveFile = new java.io.File(((pathPrefix + java.lang.Integer.toString(counter)) + .png)): null

2018-12-11 17:14:11 - [TEST_STEP][PASSED] - Statement - finalPath = pathPrefix + java.lang.Integer.toString(counter) + ".png": null

2018-12-11 17:14:11 - [TEST_STEP][PASSED] - Statement - SaveFile = new java.io.File(finalPath): null

2018-12-11 17:14:11 - [TEST_STEP][PASSED] - Statement - Try: null

2018-12-11 17:14:11 - [TEST_STEP][PASSED] - Statement - org.apache.commons.io.FileUtils.copyFile(scrFile, SaveFile): null

2018-12-11 17:14:11 - [TEST_STEP][PASSED] - Statement - out.println("file kept"): null

2018-12-11 17:14:11 - [TEST_STEP][PASSED] - delay: Delayed 10 second(s)

2018-12-11 17:14:21 - [MESSAGE][PASSED] - Delayed 10 second(s)

2018-12-11 17:14:21 - [MESSAGE][PASSED] - Call Test Case 'Test Cases/Final Aug 2018 - PKS Automation/Common/Screenshoting tool' successfully

2018-12-11 17:14:21 - [TEST_STEP][PASSED] - callTestCase: Call Test Case 'Test Cases/Final Aug 2018 - PKS Automation/Registration Module/Log Out/log out avoiding katalon tagging' successfully

2018-12-11 17:14:21 - [TEST_CASE][PASSED] - Test Cases/Final Aug 2018 - PKS Automation/Registration Module/Log Out/log out avoiding katalon tagging: Test Cases/Final Aug 2018 - PKS Automation/Registration Module/Log Out/log out avoiding katalon tagging

2018-12-11 17:14:21 - [TEST_STEP][PASSED] - navigateToUrl: Navigate to 'https://assist2-uat.perkeso.gov.my/c/portal/logout' successfully

2018-12-11 17:14:21 - [MESSAGE][PASSED] - Navigate to 'https://assist2-uat.perkeso.gov.my/c/portal/logout' successfully

2018-12-11 17:14:21 - [MESSAGE][PASSED] - Call Test Case 'Test Cases/Final Aug 2018 - PKS Automation/Registration Module/Log Out/log out avoiding katalon tagging' successfully

2018-12-11 17:14:21 - [TEST_STEP][PASSED] - callTestCase: Call Test Case 'Test Cases/Final Aug 2018 - PKS Automation/Common/Workflow Owner Finder' successfully

2018-12-11 17:14:22 - [TEST_CASE][PASSED] - Test Cases/Final Aug 2018 - PKS Automation/Common/Workflow Owner Finder: Test Cases/Final Aug 2018 - PKS Automation/Common/Workflow Owner Finder

2018-12-11 17:14:22 - [TEST_STEP][PASSED] - openBrowser: Browser is opened with url: ''

2018-12-11 17:14:22 - [MESSAGE][WARNING] - A browser is already opened. Closing browser and opening a new one

2018-12-11 17:14:29 - [MESSAGE][PASSED] - Browser is opened with url: ''

2018-12-11 17:14:29 - [TEST_STEP][PASSED] - navigateToUrl: Navigate to 'https://assist2-uat.perkeso.gov.my/login' successfully

2018-12-11 17:14:30 - [MESSAGE][PASSED] - Navigate to 'https://assist2-uat.perkeso.gov.my/login' successfully

2018-12-11 17:14:30 - [TEST_STEP][PASSED] - delay: Delayed 5 second(s)

2018-12-11 17:14:35 - [MESSAGE][PASSED] - Delayed 5 second(s)

2018-12-11 17:14:35 - [TEST_STEP][PASSED] - setText: Text 'test@liferay.com' is set on object 'Object Repository/Final Object Repo/Login Page/Internal User/Email Address'

2018-12-11 17:14:35 - [MESSAGE][PASSED] - Text 'test@liferay.com' is set on object 'Object Repository/Final Object Repo/Login Page/Internal User/Email Address'

2018-12-11 17:14:35 - [TEST_STEP][PASSED] - click: Object: 'Object Repository/Final Object Repo/Login Page/Internal User/Next Button' is clicked on

2018-12-11 17:14:35 - [MESSAGE][PASSED] - Object: 'Object Repository/Final Object Repo/Login Page/Internal User/Next Button' is clicked on

2018-12-11 17:14:35 - [TEST_STEP][PASSED] - delay: Delayed 2 second(s)

2018-12-11 17:14:37 - [MESSAGE][PASSED] - Delayed 2 second(s)

2018-12-11 17:14:37 - [TEST_STEP][PASSED] - setText: Text 'test' is set on object 'Object Repository/Final Object Repo/Login Page/Internal User/Password'

2018-12-11 17:14:41 - [MESSAGE][PASSED] - Text 'test' is set on object 'Object Repository/Final Object Repo/Login Page/Internal User/Password'

2018-12-11 17:14:41 - [TEST_STEP][PASSED] - delay: Delayed 2 second(s)

2018-12-11 17:14:43 - [MESSAGE][PASSED] - Delayed 2 second(s)

2018-12-11 17:14:43 - [TEST_STEP][PASSED] - click: Object: 'Object Repository/Final Object Repo/Login Page/Internal User/Login Button' is clicked on

2018-12-11 17:14:43 - [MESSAGE][PASSED] - Object: 'Object Repository/Final Object Repo/Login Page/Internal User/Login Button' is clicked on

2018-12-11 17:14:43 - [TEST_STEP][PASSED] - Statement - tester = com.kms.katalon.core.testobject.ObjectRepository.findTestObject(Final Object Repo/Landing Page/Select to English): Finding Test Object with id 'Object Repository/Final Object Repo/Landing Page/Select to English'

2018-12-11 17:14:43 - [TEST_STEP][PASSED] - Statement - Try: Delayed 2 second(s)

2018-12-11 17:14:43 - [TEST_STEP][PASSED] - Statement - Checker = com.kms.katalon.core.webui.keyword.WebUiBuiltInKeywords.verifyElementNotPresent(tester, 3): Web element with id: 'Object Repository/Final Object Repo/Landing Page/Select to English' located by 'By.xpath: //a[@class = 'taglib-language-list-text' and @lang = 'en-US' and (contains(text(), 'EN') or contains(., 'EN'))]' is not present after '3' second(s)

2018-12-11 17:14:45 - [MESSAGE][PASSED] - Web element with id: 'Object Repository/Final Object Repo/Landing Page/Select to English' located by 'By.xpath: //a[@class = 'taglib-language-list-text' and @lang = 'en-US' and (contains(text(), 'EN') or contains(., 'EN'))]' is not present after '3' second(s)

2018-12-11 17:14:45 - [TEST_STEP][PASSED] - Statement - If (Checker == false): null

2018-12-11 17:14:45 - [TEST_STEP][PASSED] - delay: Delayed 2 second(s)

2018-12-11 17:14:47 - [MESSAGE][PASSED] - Delayed 2 second(s)

2018-12-11 17:14:47 - [TEST_STEP][PASSED] - delay: Delayed 5 second(s)

2018-12-11 17:14:52 - [MESSAGE][PASSED] - Delayed 5 second(s)

2018-12-11 17:14:52 - [TEST_STEP][PASSED] - mouseOver: Object: 'Object Repository/Final Object Repo/Landing Page/WorkFlow Menu' is hovered

2018-12-11 17:14:52 - [MESSAGE][PASSED] - Object: 'Object Repository/Final Object Repo/Landing Page/WorkFlow Menu' is hovered

2018-12-11 17:14:52 - [TEST_STEP][PASSED] - delay: Delayed 2 second(s)

2018-12-11 17:14:54 - [MESSAGE][PASSED] - Delayed 2 second(s)

2018-12-11 17:14:54 - [TEST_STEP][PASSED] - click: Object: 'Object Repository/Final Object Repo/Landing Page/Select to Workflow Listing' is clicked on

2018-12-11 17:14:56 - [MESSAGE][PASSED] - Object: 'Object Repository/Final Object Repo/Landing Page/Select to Workflow Listing' is clicked on

2018-12-11 17:14:56 - [TEST_STEP][PASSED] - delay: Delayed 2 second(s)

2018-12-11 17:14:58 - [MESSAGE][PASSED] - Delayed 2 second(s)

2018-12-11 17:14:58 - [TEST_STEP][PASSED] - click: Object: 'Object Repository/Final Object Repo/WorkFlow Listing Page/Search Information - To Put Ref No' is clicked on

2018-12-11 17:14:58 - [MESSAGE][PASSED] - Object: 'Object Repository/Final Object Repo/WorkFlow Listing Page/Search Information - To Put Ref No' is clicked on

2018-12-11 17:14:58 - [TEST_STEP][PASSED] - delay: Delayed 2 second(s)

2018-12-11 17:15:00 - [MESSAGE][PASSED] - Delayed 2 second(s)

2018-12-11 17:15:00 - [TEST_STEP][PASSED] - callTestCase: Call Test Case 'Test Cases/Final Aug 2018 - PKS Automation/Common/Reference Number Getter' successfully

2018-12-11 17:15:00 - [TEST_CASE][PASSED] - Test Cases/Final Aug 2018 - PKS Automation/Common/Reference Number Getter: Test Cases/Final Aug 2018 - PKS Automation/Common/Reference Number Getter

2018-12-11 17:15:00 - [TEST_STEP][PASSED] - Statement - Try: null

2018-12-11 17:15:00 - [TEST_STEP][PASSED] - Statement - RefNo = new java.io.File(C://Users//Admin//Desktop//PKS//Automation Reference Point//KatalonReference.txt): null

2018-12-11 17:15:00 - [TEST_STEP][PASSED] - Statement - bufferread = new java.io.BufferedReader(new java.io.FileReader(RefNo)): null

2018-12-11 17:15:00 - [TEST_STEP][PASSED] - Statement - readedVal = bufferread.readLine(): null

2018-12-11 17:15:00 - [TEST_STEP][PASSED] - Statement - out.println(CaseReferenceNo): null

2018-12-11 17:15:00 - [TEST_STEP][PASSED] - Statement - out.println(readedVal): null

2018-12-11 17:15:00 - [TEST_STEP][PASSED] - Statement - CaseReferenceNo = "": null

2018-12-11 17:15:00 - [TEST_STEP][PASSED] - Statement - CaseReferenceNo = readedVal: null

2018-12-11 17:15:00 - [MESSAGE][PASSED] - Call Test Case 'Test Cases/Final Aug 2018 - PKS Automation/Common/Reference Number Getter' successfully

2018-12-11 17:15:00 - [TEST_STEP][PASSED] - setText: Text 'CAN12201800002306' is set on object 'Object Repository/Final Object Repo/WorkFlow Listing Page/Ref No Set Text'

2018-12-11 17:15:00 - [MESSAGE][PASSED] - Text 'CAN12201800002306' is set on object 'Object Repository/Final Object Repo/WorkFlow Listing Page/Ref No Set Text'

2018-12-11 17:15:00 - [TEST_STEP][PASSED] - delay: Delayed 2 second(s)

2018-12-11 17:15:02 - [MESSAGE][PASSED] - Delayed 2 second(s)

2018-12-11 17:15:02 - [TEST_STEP][PASSED] - click: Object: 'Object Repository/Final Object Repo/WorkFlow Listing Page/Search Ref No Search Button' is clicked on

2018-12-11 17:15:02 - [MESSAGE][PASSED] - Object: 'Object Repository/Final Object Repo/WorkFlow Listing Page/Search Ref No Search Button' is clicked on

2018-12-11 17:15:02 - [TEST_STEP][PASSED] - delay: Delayed 6 second(s)

2018-12-11 17:15:08 - [MESSAGE][PASSED] - Delayed 6 second(s)

2018-12-11 17:15:08 - [TEST_STEP][PASSED] - click: Object: 'Object Repository/Final Object Repo/WorkFlow Listing Page/Click Continue Tooltip' is clicked on

2018-12-11 17:15:10 - [MESSAGE][PASSED] - Object: 'Object Repository/Final Object Repo/WorkFlow Listing Page/Click Continue Tooltip' is clicked on

2018-12-11 17:15:10 - [TEST_STEP][PASSED] - delay: Delayed 5 second(s)

2018-12-11 17:15:15 - [MESSAGE][PASSED] - Delayed 5 second(s)

2018-12-11 17:15:15 - [TEST_STEP][PASSED] - doubleClick: Object: 'Object Repository/Final Object Repo/WorkFlow Listing Page/Workflow Found - Listing 1' is double clicked on

2018-12-11 17:15:16 - [MESSAGE][PASSED] - Object: 'Object Repository/Final Object Repo/WorkFlow Listing Page/Workflow Found - Listing 1' is double clicked on

2018-12-11 17:15:16 - [TEST_STEP][PASSED] - Statement - println(OwnerID): null

2018-12-11 17:15:16 - [TEST_STEP][PASSED] - Statement - OwnerID = com.kms.katalon.core.webui.keyword.WebUiBuiltInKeywords.getText(com.kms.katalon.core.testobject.ObjectRepository.findTestObject(Final Object Repo/WorkFlow Listing Page/Workflow Found - Listing 1), STOP_ON_FAILURE): Text of object 'Object Repository/Final Object Repo/WorkFlow Listing Page/Workflow Found - Listing 1' is: 'JOHORro1'

2018-12-11 17:15:16 - [MESSAGE][PASSED] - Text of object 'Object Repository/Final Object Repo/WorkFlow Listing Page/Workflow Found - Listing 1' is: 'JOHORro1'

2018-12-11 17:15:16 - [TEST_STEP][PASSED] - Statement - OwnerID = OwnerID.toLowerCase() + "@gmail.com": null

2018-12-11 17:15:16 - [TEST_STEP][PASSED] - Statement - println(OwnerID): null

2018-12-11 17:15:16 - [TEST_STEP][PASSED] - delay: Delayed 2 second(s)

2018-12-11 17:15:18 - [MESSAGE][PASSED] - Delayed 2 second(s)

2018-12-11 17:15:18 - [MESSAGE][PASSED] - Call Test Case 'Test Cases/Final Aug 2018 - PKS Automation/Common/Workflow Owner Finder' successfully

2018-12-11 17:15:18 - [TEST_STEP][PASSED] - callTestCase: Call Test Case 'Test Cases/Final Aug 2018 - PKS Automation/Registration Module/Log Out/log out avoiding katalon tagging' successfully

2018-12-11 17:15:18 - [TEST_CASE][PASSED] - Test Cases/Final Aug 2018 - PKS Automation/Registration Module/Log Out/log out avoiding katalon tagging: Test Cases/Final Aug 2018 - PKS Automation/Registration Module/Log Out/log out avoiding katalon tagging

2018-12-11 17:15:18 - [TEST_STEP][PASSED] - navigateToUrl: Navigate to 'https://assist2-uat.perkeso.gov.my/c/portal/logout' successfully

2018-12-11 17:15:19 - [MESSAGE][PASSED] - Navigate to 'https://assist2-uat.perkeso.gov.my/c/portal/logout' successfully

2018-12-11 17:15:19 - [MESSAGE][PASSED] - Call Test Case 'Test Cases/Final Aug 2018 - PKS Automation/Registration Module/Log Out/log out avoiding katalon tagging' successfully

2018-12-11 17:15:19 - [TEST_STEP][PASSED] - delay: Delayed 2 second(s)

2018-12-11 17:15:21 - [MESSAGE][PASSED] - Delayed 2 second(s)

2018-12-11 17:15:21 - [TEST_STEP][PASSED] - setText: Text 'johorro1@gmail.com' is set on object 'Object Repository/Final Object Repo/Page_Update Add New Employee - ASSIST/Email TextBox'

2018-12-11 17:15:21 - [MESSAGE][PASSED] - Text 'johorro1@gmail.com' is set on object 'Object Repository/Final Object Repo/Page_Update Add New Employee - ASSIST/Email TextBox'

2018-12-11 17:15:21 - [TEST_STEP][PASSED] - click: Object: 'Object Repository/Final Object Repo/Page_Update Add New Employee - ASSIST/Next Button' is clicked on

2018-12-11 17:15:21 - [MESSAGE][PASSED] - Object: 'Object Repository/Final Object Repo/Page_Update Add New Employee - ASSIST/Next Button' is clicked on

2018-12-11 17:15:21 - [TEST_STEP][PASSED] - delay: Delayed 2 second(s)

2018-12-11 17:15:23 - [MESSAGE][PASSED] - Delayed 2 second(s)

2018-12-11 17:15:23 - [TEST_STEP][PASSED] - setText: Text 'Test1@3456789' is set on object 'Object Repository/Final Object Repo/Page_Update Add New Employee - ASSIST/Password TextBox'

2018-12-11 17:15:24 - [MESSAGE][PASSED] - Text 'Test1@3456789' is set on object 'Object Repository/Final Object Repo/Page_Update Add New Employee - ASSIST/Password TextBox'

2018-12-11 17:15:24 - [TEST_STEP][PASSED] - delay: Delayed 2 second(s)

2018-12-11 17:15:26 - [MESSAGE][PASSED] - Delayed 2 second(s)

2018-12-11 17:15:26 - [TEST_STEP][PASSED] - click: Object: 'Object Repository/Final Object Repo/Page_Update Add New Employee - ASSIST/Login Button' is clicked on

2018-12-11 17:15:26 - [MESSAGE][PASSED] - Object: 'Object Repository/Final Object Repo/Page_Update Add New Employee - ASSIST/Login Button' is clicked on

2018-12-11 17:15:26 - [TEST_STEP][PASSED] - delay: Delayed 4 second(s)

2018-12-11 17:15:30 - [MESSAGE][PASSED] - Delayed 4 second(s)

2018-12-11 17:15:30 - [TEST_STEP][PASSED] - Statement - Try: Delayed 2 second(s)

2018-12-11 17:15:30 - [TEST_STEP][PASSED] - Statement - Checker = false: null

2018-12-11 17:15:30 - [TEST_STEP][PASSED] - Statement - Checker = com.kms.katalon.core.webui.keyword.WebUiBuiltInKeywords.verifyElementHasAttribute(com.kms.katalon.core.testobject.ObjectRepository.findTestObject(Final Object Repo/Landing Page/BM Detecting), "href", 20, OPTIONAL): Object 'Object Repository/Final Object Repo/Landing Page/BM Detecting' has attribute 'href'

2018-12-11 17:15:30 - [MESSAGE][PASSED] - Object 'Object Repository/Final Object Repo/Landing Page/BM Detecting' has attribute 'href'

2018-12-11 17:15:30 - [TEST_STEP][PASSED] - Statement - out.println(Checker): null

2018-12-11 17:15:30 - [TEST_STEP][PASSED] - Statement - If (Checker == false): null

2018-12-11 17:15:30 - [TEST_STEP][PASSED] - Statement - Else: null

2018-12-11 17:15:30 - [TEST_STEP][PASSED] - delay: Delayed 2 second(s)

2018-12-11 17:15:32 - [MESSAGE][PASSED] - Delayed 2 second(s)

2018-12-11 17:15:32 - [TEST_STEP][PASSED] - delay: Delayed 4 second(s)

2018-12-11 17:15:36 - [MESSAGE][PASSED] - Delayed 4 second(s)

2018-12-11 17:15:36 - [TEST_STEP][PASSED] - click: Object: 'Object Repository/Final Object Repo/New Registration - Registration Module Pages/New Reg - OTC to RO/Special Case - All Related Objects/Expand to Search' is clicked on

2018-12-11 17:15:36 - [MESSAGE][PASSED] - Object: 'Object Repository/Final Object Repo/New Registration - Registration Module Pages/New Reg - OTC to RO/Special Case - All Related Objects/Expand to Search' is clicked on

2018-12-11 17:15:36 - [TEST_STEP][PASSED] - delay: Delayed 2 second(s)

2018-12-11 17:15:38 - [MESSAGE][PASSED] - Delayed 2 second(s)

2018-12-11 17:15:38 - [TEST_STEP][PASSED] - setText: Text 'CAN12201800002306' is set on object 'Object Repository/Final Object Repo/New Registration - Registration Module Pages/New Reg - OTC to RO/Special Case - All Related Objects/TextBox RefNo in Workbasket'

2018-12-11 17:15:39 - [MESSAGE][PASSED] - Text 'CAN12201800002306' is set on object 'Object Repository/Final Object Repo/New Registration - Registration Module Pages/New Reg - OTC to RO/Special Case - All Related Objects/TextBox RefNo in Workbasket'

2018-12-11 17:15:39 - [TEST_STEP][PASSED] - delay: Delayed 2 second(s)

2018-12-11 17:15:41 - [MESSAGE][PASSED] - Delayed 2 second(s)

2018-12-11 17:15:41 - [TEST_STEP][PASSED] - click: Object: 'Object Repository/Final Object Repo/New Registration - Registration Module Pages/New Reg - OTC to RO/Special Case - All Related Objects/Click Search' is clicked on

2018-12-11 17:15:41 - [MESSAGE][PASSED] - Object: 'Object Repository/Final Object Repo/New Registration - Registration Module Pages/New Reg - OTC to RO/Special Case - All Related Objects/Click Search' is clicked on

2018-12-11 17:15:41 - [TEST_STEP][PASSED] - delay: Delayed 2 second(s)

2018-12-11 17:15:43 - [MESSAGE][PASSED] - Delayed 2 second(s)

2018-12-11 17:15:43 - [TEST_STEP][PASSED] - click: Object: 'Object Repository/Final Object Repo/New Registration - Registration Module Pages/New Reg - OTC to RO/Special Case - All Related Objects/Click to Continue Workflow' is clicked on

2018-12-11 17:15:47 - [MESSAGE][PASSED] - Object: 'Object Repository/Final Object Repo/New Registration - Registration Module Pages/New Reg - OTC to RO/Special Case - All Related Objects/Click to Continue Workflow' is clicked on

2018-12-11 17:15:47 - [TEST_STEP][PASSED] - delay: Delayed 10 second(s)

2018-12-11 17:15:57 - [MESSAGE][PASSED] - Delayed 10 second(s)

2018-12-11 17:15:57 - [TEST_STEP][PASSED] - click: Object: 'Object Repository/Final Object Repo/New Registration - Registration Module Pages/New Reg - OTC to RO/Special Case - All Related Objects/Continue Button in verifying case' is clicked on

2018-12-11 17:16:01 - [MESSAGE][PASSED] - Object: 'Object Repository/Final Object Repo/New Registration - Registration Module Pages/New Reg - OTC to RO/Special Case - All Related Objects/Continue Button in verifying case' is clicked on

2018-12-11 17:16:01 - [TEST_STEP][PASSED] - delay: Delayed 2 second(s)

2018-12-11 17:16:03 - [MESSAGE][PASSED] - Delayed 2 second(s)

2018-12-11 17:16:03 - [TEST_STEP][PASSED] - click: Object: 'Object Repository/Final Object Repo/Page_Update Add New Employee - ASSIST/Save  Continue Button' is clicked on

2018-12-11 17:16:03 - [MESSAGE][PASSED] - Object: 'Object Repository/Final Object Repo/Page_Update Add New Employee - ASSIST/Save  Continue Button' is clicked on

2018-12-11 17:16:03 - [TEST_STEP][PASSED] - delay: Delayed 4 second(s)

2018-12-11 17:16:07 - [MESSAGE][PASSED] - Delayed 4 second(s)

2018-12-11 17:16:07 - [TEST_STEP][PASSED] - click: Object: 'Object Repository/Final Object Repo/Page_Update Add New Employee - ASSIST/Save  Continue Third Screen' is clicked on

2018-12-11 17:16:10 - [MESSAGE][PASSED] - Object: 'Object Repository/Final Object Repo/Page_Update Add New Employee - ASSIST/Save  Continue Third Screen' is clicked on

2018-12-11 17:16:10 - [TEST_STEP][PASSED] - delay: Delayed 4 second(s)

2018-12-11 17:16:14 - [MESSAGE][PASSED] - Delayed 4 second(s)

2018-12-11 17:16:14 - [TEST_STEP][PASSED] - click: Object: 'Object Repository/Final Object Repo/Page_Update Add New Employee - ASSIST/Save   Continue Supporting Doc Page' is clicked on

2018-12-11 17:16:14 - [MESSAGE][PASSED] - Object: 'Object Repository/Final Object Repo/Page_Update Add New Employee - ASSIST/Save   Continue Supporting Doc Page' is clicked on

2018-12-11 17:16:14 - [TEST_STEP][PASSED] - delay: Delayed 4 second(s)

2018-12-11 17:16:18 - [MESSAGE][PASSED] - Delayed 4 second(s)

2018-12-11 17:16:18 - [TEST_STEP][PASSED] - click: Object: 'Object Repository/Final Object Repo/Page_Update Add New Employee - ASSIST/Submit Button' is clicked on

2018-12-11 17:16:18 - [MESSAGE][PASSED] - Object: 'Object Repository/Final Object Repo/Page_Update Add New Employee - ASSIST/Submit Button' is clicked on

2018-12-11 17:16:18 - [TEST_STEP][PASSED] - delay: Delayed 4 second(s)

2018-12-11 17:16:22 - [MESSAGE][PASSED] - Delayed 4 second(s)

2018-12-11 17:16:22 - [TEST_STEP][PASSED] - click: Object: 'Object Repository/Final Object Repo/Page_Update Add New Employee - ASSIST/Confirm Submit Button' is clicked on

2018-12-11 17:16:22 - [MESSAGE][PASSED] - Object: 'Object Repository/Final Object Repo/Page_Update Add New Employee - ASSIST/Confirm Submit Button' is clicked on

2018-12-11 17:16:22 - [TEST_STEP][PASSED] - delay: Delayed 30 second(s)

2018-12-11 17:16:52 - [MESSAGE][PASSED] - Delayed 30 second(s)

2018-12-11 17:16:52 - [TEST_STEP][PASSED] - callTestCase: Call Test Case 'Test Cases/Final Aug 2018 - PKS Automation/Common/Screenshoting tool' successfully

2018-12-11 17:16:52 - [TEST_CASE][PASSED] - Test Cases/Final Aug 2018 - PKS Automation/Common/Screenshoting tool: Test Cases/Final Aug 2018 - PKS Automation/Common/Screenshoting tool

2018-12-11 17:16:52 - [TEST_STEP][PASSED] - delay: Delayed 15 second(s)

2018-12-11 17:17:07 - [MESSAGE][PASSED] - Delayed 15 second(s)

2018-12-11 17:17:07 - [TEST_STEP][PASSED] - Statement - driver = com.kms.katalon.core.webui.driver.DriverFactory.getWebDriver(): null

2018-12-11 17:17:07 - [TEST_STEP][PASSED] - Statement - driver.manage().timeouts().implicitlyWait(10, SECONDS): null

2018-12-11 17:17:07 - [TEST_STEP][PASSED] - Statement - PresavePath = KatalonScreenshots: null

2018-12-11 17:17:07 - [TEST_STEP][PASSED] - Statement - pathPrefix = "C:\Users\Public\Pictures\Sample Pictures\Katalon Screenshots\Automate Ending Screen": null

2018-12-11 17:17:07 - [TEST_STEP][PASSED] - Statement - finalPath = <not implemented yet for class: org.codehaus.groovy.ast.expr.EmptyExpression>: null

2018-12-11 17:17:07 - [TEST_STEP][PASSED] - Statement - scrFile = driver.getScreenshotAs(FILE): null

2018-12-11 17:17:08 - [TEST_STEP][PASSED] - Statement - PreSaveFile = new java.io.File(PresavePath): null

2018-12-11 17:17:08 - [TEST_STEP][PASSED] - Statement - counter = 0: null

2018-12-11 17:17:08 - [TEST_STEP][PASSED] - Statement - If (PreSaveFile.exists()): null

2018-12-11 17:17:08 - [TEST_STEP][PASSED] - Statement - While (PreSaveFile.exists()): null

2018-12-11 17:17:08 - [TEST_STEP][PASSED] - Statement - counter = counter + 1: null

2018-12-11 17:17:08 - [TEST_STEP][PASSED] - Statement - PreSaveFile = new java.io.File(((pathPrefix + java.lang.Integer.toString(counter)) + .png)): null

2018-12-11 17:17:08 - [TEST_STEP][PASSED] - Statement - counter = counter + 1: null

2018-12-11 17:17:08 - [TEST_STEP][PASSED] - Statement - PreSaveFile = new java.io.File(((pathPrefix + java.lang.Integer.toString(counter)) + .png)): null

2018-12-11 17:17:08 - [TEST_STEP][PASSED] - Statement - counter = counter + 1: null

2018-12-11 17:17:08 - [TEST_STEP][PASSED] - Statement - PreSaveFile = new java.io.File(((pathPrefix + java.lang.Integer.toString(counter)) + .png)): null

2018-12-11 17:17:08 - [TEST_STEP][PASSED] - Statement - counter = counter + 1: null

2018-12-11 17:17:08 - [TEST_STEP][PASSED] - Statement - PreSaveFile = new java.io.File(((pathPrefix + java.lang.Integer.toString(counter)) + .png)): null

2018-12-11 17:17:08 - [TEST_STEP][PASSED] - Statement - counter = counter + 1: null

2018-12-11 17:17:08 - [TEST_STEP][PASSED] - Statement - PreSaveFile = new java.io.File(((pathPrefix + java.lang.Integer.toString(counter)) + .png)): null

2018-12-11 17:17:08 - [TEST_STEP][PASSED] - Statement - counter = counter + 1: null

2018-12-11 17:17:08 - [TEST_STEP][PASSED] - Statement - PreSaveFile = new java.io.File(((pathPrefix + java.lang.Integer.toString(counter)) + .png)): null

2018-12-11 17:17:08 - [TEST_STEP][PASSED] - Statement - counter = counter + 1: null

2018-12-11 17:17:08 - [TEST_STEP][PASSED] - Statement - PreSaveFile = new java.io.File(((pathPrefix + java.lang.Integer.toString(counter)) + .png)): null

2018-12-11 17:17:08 - [TEST_STEP][PASSED] - Statement - counter = counter + 1: null

2018-12-11 17:17:08 - [TEST_STEP][PASSED] - Statement - PreSaveFile = new java.io.File(((pathPrefix + java.lang.Integer.toString(counter)) + .png)): null

2018-12-11 17:17:08 - [TEST_STEP][PASSED] - Statement - counter = counter + 1: null

2018-12-11 17:17:08 - [TEST_STEP][PASSED] - Statement - PreSaveFile = new java.io.File(((pathPrefix + java.lang.Integer.toString(counter)) + .png)): null

2018-12-11 17:17:08 - [TEST_STEP][PASSED] - Statement - counter = counter + 1: null

2018-12-11 17:17:08 - [TEST_STEP][PASSED] - Statement - PreSaveFile = new java.io.File(((pathPrefix + java.lang.Integer.toString(counter)) + .png)): null

2018-12-11 17:17:08 - [TEST_STEP][PASSED] - Statement - counter = counter + 1: null

2018-12-11 17:17:08 - [TEST_STEP][PASSED] - Statement - PreSaveFile = new java.io.File(((pathPrefix + java.lang.Integer.toString(counter)) + .png)): null

2018-12-11 17:17:08 - [TEST_STEP][PASSED] - Statement - counter = counter + 1: null

2018-12-11 17:17:08 - [TEST_STEP][PASSED] - Statement - PreSaveFile = new java.io.File(((pathPrefix + java.lang.Integer.toString(counter)) + .png)): null

2018-12-11 17:17:08 - [TEST_STEP][PASSED] - Statement - counter = counter + 1: null

2018-12-11 17:17:08 - [TEST_STEP][PASSED] - Statement - PreSaveFile = new java.io.File(((pathPrefix + java.lang.Integer.toString(counter)) + .png)): null

2018-12-11 17:17:08 - [TEST_STEP][PASSED] - Statement - counter = counter + 1: null

2018-12-11 17:17:08 - [TEST_STEP][PASSED] - Statement - PreSaveFile = new java.io.File(((pathPrefix + java.lang.Integer.toString(counter)) + .png)): null

2018-12-11 17:17:08 - [TEST_STEP][PASSED] - Statement - counter = counter + 1: null

2018-12-11 17:17:08 - [TEST_STEP][PASSED] - Statement - PreSaveFile = new java.io.File(((pathPrefix + java.lang.Integer.toString(counter)) + .png)): null

2018-12-11 17:17:08 - [TEST_STEP][PASSED] - Statement - counter = counter + 1: null

2018-12-11 17:17:08 - [TEST_STEP][PASSED] - Statement - PreSaveFile = new java.io.File(((pathPrefix + java.lang.Integer.toString(counter)) + .png)): null

2018-12-11 17:17:08 - [TEST_STEP][PASSED] - Statement - counter = counter + 1: null

2018-12-11 17:17:08 - [TEST_STEP][PASSED] - Statement - PreSaveFile = new java.io.File(((pathPrefix + java.lang.Integer.toString(counter)) + .png)): null

2018-12-11 17:17:08 - [TEST_STEP][PASSED] - Statement - counter = counter + 1: null

2018-12-11 17:17:08 - [TEST_STEP][PASSED] - Statement - PreSaveFile = new java.io.File(((pathPrefix + java.lang.Integer.toString(counter)) + .png)): null

2018-12-11 17:17:08 - [TEST_STEP][PASSED] - Statement - counter = counter + 1: null

2018-12-11 17:17:08 - [TEST_STEP][PASSED] - Statement - PreSaveFile = new java.io.File(((pathPrefix + java.lang.Integer.toString(counter)) + .png)): null

2018-12-11 17:17:08 - [TEST_STEP][PASSED] - Statement - counter = counter + 1: null

2018-12-11 17:17:08 - [TEST_STEP][PASSED] - Statement - PreSaveFile = new java.io.File(((pathPrefix + java.lang.Integer.toString(counter)) + .png)): null

2018-12-11 17:17:08 - [TEST_STEP][PASSED] - Statement - counter = counter + 1: null

2018-12-11 17:17:08 - [TEST_STEP][PASSED] - Statement - PreSaveFile = new java.io.File(((pathPrefix + java.lang.Integer.toString(counter)) + .png)): null

2018-12-11 17:17:08 - [TEST_STEP][PASSED] - Statement - counter = counter + 1: null

2018-12-11 17:17:08 - [TEST_STEP][PASSED] - Statement - PreSaveFile = new java.io.File(((pathPrefix + java.lang.Integer.toString(counter)) + .png)): null

2018-12-11 17:17:08 - [TEST_STEP][PASSED] - Statement - counter = counter + 1: null

2018-12-11 17:17:08 - [TEST_STEP][PASSED] - Statement - PreSaveFile = new java.io.File(((pathPrefix + java.lang.Integer.toString(counter)) + .png)): null

2018-12-11 17:17:08 - [TEST_STEP][PASSED] - Statement - counter = counter + 1: null

2018-12-11 17:17:08 - [TEST_STEP][PASSED] - Statement - PreSaveFile = new java.io.File(((pathPrefix + java.lang.Integer.toString(counter)) + .png)): null

2018-12-11 17:17:08 - [TEST_STEP][PASSED] - Statement - counter = counter + 1: null

2018-12-11 17:17:08 - [TEST_STEP][PASSED] - Statement - PreSaveFile = new java.io.File(((pathPrefix + java.lang.Integer.toString(counter)) + .png)): null

2018-12-11 17:17:08 - [TEST_STEP][PASSED] - Statement - counter = counter + 1: null

2018-12-11 17:17:08 - [TEST_STEP][PASSED] - Statement - PreSaveFile = new java.io.File(((pathPrefix + java.lang.Integer.toString(counter)) + .png)): null

2018-12-11 17:17:08 - [TEST_STEP][PASSED] - Statement - counter = counter + 1: null

2018-12-11 17:17:08 - [TEST_STEP][PASSED] - Statement - PreSaveFile = new java.io.File(((pathPrefix + java.lang.Integer.toString(counter)) + .png)): null

2018-12-11 17:17:08 - [TEST_STEP][PASSED] - Statement - counter = counter + 1: null

2018-12-11 17:17:08 - [TEST_STEP][PASSED] - Statement - PreSaveFile = new java.io.File(((pathPrefix + java.lang.Integer.toString(counter)) + .png)): null

2018-12-11 17:17:08 - [TEST_STEP][PASSED] - Statement - counter = counter + 1: null

2018-12-11 17:17:08 - [TEST_STEP][PASSED] - Statement - PreSaveFile = new java.io.File(((pathPrefix + java.lang.Integer.toString(counter)) + .png)): null

2018-12-11 17:17:08 - [TEST_STEP][PASSED] - Statement - counter = counter + 1: null

2018-12-11 17:17:08 - [TEST_STEP][PASSED] - Statement - PreSaveFile = new java.io.File(((pathPrefix + java.lang.Integer.toString(counter)) + .png)): null

2018-12-11 17:17:08 - [TEST_STEP][PASSED] - Statement - counter = counter + 1: null

2018-12-11 17:17:08 - [TEST_STEP][PASSED] - Statement - PreSaveFile = new java.io.File(((pathPrefix + java.lang.Integer.toString(counter)) + .png)): null

2018-12-11 17:17:08 - [TEST_STEP][PASSED] - Statement - counter = counter + 1: null

2018-12-11 17:17:08 - [TEST_STEP][PASSED] - Statement - PreSaveFile = new java.io.File(((pathPrefix + java.lang.Integer.toString(counter)) + .png)): null

2018-12-11 17:17:08 - [TEST_STEP][PASSED] - Statement - counter = counter + 1: null

2018-12-11 17:17:08 - [TEST_STEP][PASSED] - Statement - PreSaveFile = new java.io.File(((pathPrefix + java.lang.Integer.toString(counter)) + .png)): null

2018-12-11 17:17:08 - [TEST_STEP][PASSED] - Statement - counter = counter + 1: null

2018-12-11 17:17:08 - [TEST_STEP][PASSED] - Statement - PreSaveFile = new java.io.File(((pathPrefix + java.lang.Integer.toString(counter)) + .png)): null

2018-12-11 17:17:08 - [TEST_STEP][PASSED] - Statement - counter = counter + 1: null

2018-12-11 17:17:08 - [TEST_STEP][PASSED] - Statement - PreSaveFile = new java.io.File(((pathPrefix + java.lang.Integer.toString(counter)) + .png)): null

2018-12-11 17:17:08 - [TEST_STEP][PASSED] - Statement - counter = counter + 1: null

2018-12-11 17:17:08 - [TEST_STEP][PASSED] - Statement - PreSaveFile = new java.io.File(((pathPrefix + java.lang.Integer.toString(counter)) + .png)): null

2018-12-11 17:17:08 - [TEST_STEP][PASSED] - Statement - counter = counter + 1: null

2018-12-11 17:17:08 - [TEST_STEP][PASSED] - Statement - PreSaveFile = new java.io.File(((pathPrefix + java.lang.Integer.toString(counter)) + .png)): null

2018-12-11 17:17:08 - [TEST_STEP][PASSED] - Statement - counter = counter + 1: null

2018-12-11 17:17:08 - [TEST_STEP][PASSED] - Statement - PreSaveFile = new java.io.File(((pathPrefix + java.lang.Integer.toString(counter)) + .png)): null

2018-12-11 17:17:08 - [TEST_STEP][PASSED] - Statement - counter = counter + 1: null

2018-12-11 17:17:08 - [TEST_STEP][PASSED] - Statement - PreSaveFile = new java.io.File(((pathPrefix + java.lang.Integer.toString(counter)) + .png)): null

2018-12-11 17:17:08 - [TEST_STEP][PASSED] - Statement - counter = counter + 1: null

2018-12-11 17:17:08 - [TEST_STEP][PASSED] - Statement - PreSaveFile = new java.io.File(((pathPrefix + java.lang.Integer.toString(counter)) + .png)): null

2018-12-11 17:17:08 - [TEST_STEP][PASSED] - Statement - counter = counter + 1: null

2018-12-11 17:17:08 - [TEST_STEP][PASSED] - Statement - PreSaveFile = new java.io.File(((pathPrefix + java.lang.Integer.toString(counter)) + .png)): null

2018-12-11 17:17:08 - [TEST_STEP][PASSED] - Statement - counter = counter + 1: null

2018-12-11 17:17:08 - [TEST_STEP][PASSED] - Statement - PreSaveFile = new java.io.File(((pathPrefix + java.lang.Integer.toString(counter)) + .png)): null

2018-12-11 17:17:08 - [TEST_STEP][PASSED] - Statement - counter = counter + 1: null

2018-12-11 17:17:08 - [TEST_STEP][PASSED] - Statement - PreSaveFile = new java.io.File(((pathPrefix + java.lang.Integer.toString(counter)) + .png)): null

2018-12-11 17:17:08 - [TEST_STEP][PASSED] - Statement - counter = counter + 1: null

2018-12-11 17:17:08 - [TEST_STEP][PASSED] - Statement - PreSaveFile = new java.io.File(((pathPrefix + java.lang.Integer.toString(counter)) + .png)): null

2018-12-11 17:17:08 - [TEST_STEP][PASSED] - Statement - counter = counter + 1: null

2018-12-11 17:17:08 - [TEST_STEP][PASSED] - Statement - PreSaveFile = new java.io.File(((pathPrefix + java.lang.Integer.toString(counter)) + .png)): null

2018-12-11 17:17:08 - [TEST_STEP][PASSED] - Statement - counter = counter + 1: null

2018-12-11 17:17:08 - [TEST_STEP][PASSED] - Statement - PreSaveFile = new java.io.File(((pathPrefix + java.lang.Integer.toString(counter)) + .png)): null

2018-12-11 17:17:08 - [TEST_STEP][PASSED] - Statement - counter = counter + 1: null

2018-12-11 17:17:08 - [TEST_STEP][PASSED] - Statement - PreSaveFile = new java.io.File(((pathPrefix + java.lang.Integer.toString(counter)) + .png)): null

2018-12-11 17:17:08 - [TEST_STEP][PASSED] - Statement - counter = counter + 1: null

2018-12-11 17:17:08 - [TEST_STEP][PASSED] - Statement - PreSaveFile = new java.io.File(((pathPrefix + java.lang.Integer.toString(counter)) + .png)): null

2018-12-11 17:17:08 - [TEST_STEP][PASSED] - Statement - counter = counter + 1: null

2018-12-11 17:17:08 - [TEST_STEP][PASSED] - Statement - PreSaveFile = new java.io.File(((pathPrefix + java.lang.Integer.toString(counter)) + .png)): null

2018-12-11 17:17:08 - [TEST_STEP][PASSED] - Statement - counter = counter + 1: null

2018-12-11 17:17:08 - [TEST_STEP][PASSED] - Statement - PreSaveFile = new java.io.File(((pathPrefix + java.lang.Integer.toString(counter)) + .png)): null

2018-12-11 17:17:08 - [TEST_STEP][PASSED] - Statement - counter = counter + 1: null

2018-12-11 17:17:08 - [TEST_STEP][PASSED] - Statement - PreSaveFile = new java.io.File(((pathPrefix + java.lang.Integer.toString(counter)) + .png)): null

2018-12-11 17:17:08 - [TEST_STEP][PASSED] - Statement - counter = counter + 1: null

2018-12-11 17:17:08 - [TEST_STEP][PASSED] - Statement - PreSaveFile = new java.io.File(((pathPrefix + java.lang.Integer.toString(counter)) + .png)): null

2018-12-11 17:17:08 - [TEST_STEP][PASSED] - Statement - counter = counter + 1: null

2018-12-11 17:17:08 - [TEST_STEP][PASSED] - Statement - PreSaveFile = new java.io.File(((pathPrefix + java.lang.Integer.toString(counter)) + .png)): null

2018-12-11 17:17:08 - [TEST_STEP][PASSED] - Statement - counter = counter + 1: null

2018-12-11 17:17:08 - [TEST_STEP][PASSED] - Statement - PreSaveFile = new java.io.File(((pathPrefix + java.lang.Integer.toString(counter)) + .png)): null

2018-12-11 17:17:08 - [TEST_STEP][PASSED] - Statement - counter = counter + 1: null

2018-12-11 17:17:08 - [TEST_STEP][PASSED] - Statement - PreSaveFile = new java.io.File(((pathPrefix + java.lang.Integer.toString(counter)) + .png)): null

2018-12-11 17:17:08 - [TEST_STEP][PASSED] - Statement - counter = counter + 1: null

2018-12-11 17:17:08 - [TEST_STEP][PASSED] - Statement - PreSaveFile = new java.io.File(((pathPrefix + java.lang.Integer.toString(counter)) + .png)): null

2018-12-11 17:17:08 - [TEST_STEP][PASSED] - Statement - counter = counter + 1: null

2018-12-11 17:17:08 - [TEST_STEP][PASSED] - Statement - PreSaveFile = new java.io.File(((pathPrefix + java.lang.Integer.toString(counter)) + .png)): null

2018-12-11 17:17:08 - [TEST_STEP][PASSED] - Statement - counter = counter + 1: null

2018-12-11 17:17:08 - [TEST_STEP][PASSED] - Statement - PreSaveFile = new java.io.File(((pathPrefix + java.lang.Integer.toString(counter)) + .png)): null

2018-12-11 17:17:08 - [TEST_STEP][PASSED] - Statement - counter = counter + 1: null

2018-12-11 17:17:08 - [TEST_STEP][PASSED] - Statement - PreSaveFile = new java.io.File(((pathPrefix + java.lang.Integer.toString(counter)) + .png)): null

2018-12-11 17:17:08 - [TEST_STEP][PASSED] - Statement - counter = counter + 1: null

2018-12-11 17:17:08 - [TEST_STEP][PASSED] - Statement - PreSaveFile = new java.io.File(((pathPrefix + java.lang.Integer.toString(counter)) + .png)): null

2018-12-11 17:17:08 - [TEST_STEP][PASSED] - Statement - counter = counter + 1: null

2018-12-11 17:17:08 - [TEST_STEP][PASSED] - Statement - PreSaveFile = new java.io.File(((pathPrefix + java.lang.Integer.toString(counter)) + .png)): null

2018-12-11 17:17:08 - [TEST_STEP][PASSED] - Statement - counter = counter + 1: null

2018-12-11 17:17:08 - [TEST_STEP][PASSED] - Statement - PreSaveFile = new java.io.File(((pathPrefix + java.lang.Integer.toString(counter)) + .png)): null

2018-12-11 17:17:08 - [TEST_STEP][PASSED] - Statement - counter = counter + 1: null

2018-12-11 17:17:08 - [TEST_STEP][PASSED] - Statement - PreSaveFile = new java.io.File(((pathPrefix + java.lang.Integer.toString(counter)) + .png)): null

2018-12-11 17:17:08 - [TEST_STEP][PASSED] - Statement - counter = counter + 1: null

2018-12-11 17:17:08 - [TEST_STEP][PASSED] - Statement - PreSaveFile = new java.io.File(((pathPrefix + java.lang.Integer.toString(counter)) + .png)): null

2018-12-11 17:17:08 - [TEST_STEP][PASSED] - Statement - counter = counter + 1: null

2018-12-11 17:17:08 - [TEST_STEP][PASSED] - Statement - PreSaveFile = new java.io.File(((pathPrefix + java.lang.Integer.toString(counter)) + .png)): null

2018-12-11 17:17:08 - [TEST_STEP][PASSED] - Statement - counter = counter + 1: null

2018-12-11 17:17:08 - [TEST_STEP][PASSED] - Statement - PreSaveFile = new java.io.File(((pathPrefix + java.lang.Integer.toString(counter)) + .png)): null

2018-12-11 17:17:08 - [TEST_STEP][PASSED] - Statement - counter = counter + 1: null

2018-12-11 17:17:08 - [TEST_STEP][PASSED] - Statement - PreSaveFile = new java.io.File(((pathPrefix + java.lang.Integer.toString(counter)) + .png)): null

2018-12-11 17:17:08 - [TEST_STEP][PASSED] - Statement - counter = counter + 1: null

2018-12-11 17:17:08 - [TEST_STEP][PASSED] - Statement - PreSaveFile = new java.io.File(((pathPrefix + java.lang.Integer.toString(counter)) + .png)): null

2018-12-11 17:17:08 - [TEST_STEP][PASSED] - Statement - counter = counter + 1: null

2018-12-11 17:17:08 - [TEST_STEP][PASSED] - Statement - PreSaveFile = new java.io.File(((pathPrefix + java.lang.Integer.toString(counter)) + .png)): null

2018-12-11 17:17:08 - [TEST_STEP][PASSED] - Statement - counter = counter + 1: null

2018-12-11 17:17:08 - [TEST_STEP][PASSED] - Statement - PreSaveFile = new java.io.File(((pathPrefix + java.lang.Integer.toString(counter)) + .png)): null

2018-12-11 17:17:08 - [TEST_STEP][PASSED] - Statement - counter = counter + 1: null

2018-12-11 17:17:08 - [TEST_STEP][PASSED] - Statement - PreSaveFile = new java.io.File(((pathPrefix + java.lang.Integer.toString(counter)) + .png)): null

2018-12-11 17:17:08 - [TEST_STEP][PASSED] - Statement - counter = counter + 1: null

2018-12-11 17:17:08 - [TEST_STEP][PASSED] - Statement - PreSaveFile = new java.io.File(((pathPrefix + java.lang.Integer.toString(counter)) + .png)): null

2018-12-11 17:17:08 - [TEST_STEP][PASSED] - Statement - counter = counter + 1: null

2018-12-11 17:17:08 - [TEST_STEP][PASSED] - Statement - PreSaveFile = new java.io.File(((pathPrefix + java.lang.Integer.toString(counter)) + .png)): null

2018-12-11 17:17:08 - [TEST_STEP][PASSED] - Statement - counter = counter + 1: null

2018-12-11 17:17:08 - [TEST_STEP][PASSED] - Statement - PreSaveFile = new java.io.File(((pathPrefix + java.lang.Integer.toString(counter)) + .png)): null

2018-12-11 17:17:08 - [TEST_STEP][PASSED] - Statement - counter = counter + 1: null

2018-12-11 17:17:08 - [TEST_STEP][PASSED] - Statement - PreSaveFile = new java.io.File(((pathPrefix + java.lang.Integer.toString(counter)) + .png)): null

2018-12-11 17:17:08 - [TEST_STEP][PASSED] - Statement - counter = counter + 1: null

2018-12-11 17:17:08 - [TEST_STEP][PASSED] - Statement - PreSaveFile = new java.io.File(((pathPrefix + java.lang.Integer.toString(counter)) + .png)): null

2018-12-11 17:17:08 - [TEST_STEP][PASSED] - Statement - counter = counter + 1: null

2018-12-11 17:17:08 - [TEST_STEP][PASSED] - Statement - PreSaveFile = new java.io.File(((pathPrefix + java.lang.Integer.toString(counter)) + .png)): null

2018-12-11 17:17:08 - [TEST_STEP][PASSED] - Statement - counter = counter + 1: null

2018-12-11 17:17:08 - [TEST_STEP][PASSED] - Statement - PreSaveFile = new java.io.File(((pathPrefix + java.lang.Integer.toString(counter)) + .png)): null

2018-12-11 17:17:08 - [TEST_STEP][PASSED] - Statement - counter = counter + 1: null

2018-12-11 17:17:08 - [TEST_STEP][PASSED] - Statement - PreSaveFile = new java.io.File(((pathPrefix + java.lang.Integer.toString(counter)) + .png)): null

2018-12-11 17:17:08 - [TEST_STEP][PASSED] - Statement - counter = counter + 1: null

2018-12-11 17:17:08 - [TEST_STEP][PASSED] - Statement - PreSaveFile = new java.io.File(((pathPrefix + java.lang.Integer.toString(counter)) + .png)): null

2018-12-11 17:17:08 - [TEST_STEP][PASSED] - Statement - counter = counter + 1: null

2018-12-11 17:17:08 - [TEST_STEP][PASSED] - Statement - PreSaveFile = new java.io.File(((pathPrefix + java.lang.Integer.toString(counter)) + .png)): null

2018-12-11 17:17:08 - [TEST_STEP][PASSED] - Statement - counter = counter + 1: null

2018-12-11 17:17:08 - [TEST_STEP][PASSED] - Statement - PreSaveFile = new java.io.File(((pathPrefix + java.lang.Integer.toString(counter)) + .png)): null

2018-12-11 17:17:08 - [TEST_STEP][PASSED] - Statement - counter = counter + 1: null

2018-12-11 17:17:08 - [TEST_STEP][PASSED] - Statement - PreSaveFile = new java.io.File(((pathPrefix + java.lang.Integer.toString(counter)) + .png)): null

2018-12-11 17:17:08 - [TEST_STEP][PASSED] - Statement - counter = counter + 1: null

2018-12-11 17:17:08 - [TEST_STEP][PASSED] - Statement - PreSaveFile = new java.io.File(((pathPrefix + java.lang.Integer.toString(counter)) + .png)): null

2018-12-11 17:17:08 - [TEST_STEP][PASSED] - Statement - counter = counter + 1: null

2018-12-11 17:17:08 - [TEST_STEP][PASSED] - Statement - PreSaveFile = new java.io.File(((pathPrefix + java.lang.Integer.toString(counter)) + .png)): null

2018-12-11 17:17:08 - [TEST_STEP][PASSED] - Statement - counter = counter + 1: null

2018-12-11 17:17:08 - [TEST_STEP][PASSED] - Statement - PreSaveFile = new java.io.File(((pathPrefix + java.lang.Integer.toString(counter)) + .png)): null

2018-12-11 17:17:08 - [TEST_STEP][PASSED] - Statement - counter = counter + 1: null

2018-12-11 17:17:08 - [TEST_STEP][PASSED] - Statement - PreSaveFile = new java.io.File(((pathPrefix + java.lang.Integer.toString(counter)) + .png)): null

2018-12-11 17:17:08 - [TEST_STEP][PASSED] - Statement - counter = counter + 1: null

2018-12-11 17:17:08 - [TEST_STEP][PASSED] - Statement - PreSaveFile = new java.io.File(((pathPrefix + java.lang.Integer.toString(counter)) + .png)): null

2018-12-11 17:17:08 - [TEST_STEP][PASSED] - Statement - counter = counter + 1: null

2018-12-11 17:17:08 - [TEST_STEP][PASSED] - Statement - PreSaveFile = new java.io.File(((pathPrefix + java.lang.Integer.toString(counter)) + .png)): null

2018-12-11 17:17:08 - [TEST_STEP][PASSED] - Statement - counter = counter + 1: null

2018-12-11 17:17:08 - [TEST_STEP][PASSED] - Statement - PreSaveFile = new java.io.File(((pathPrefix + java.lang.Integer.toString(counter)) + .png)): null

2018-12-11 17:17:08 - [TEST_STEP][PASSED] - Statement - counter = counter + 1: null

2018-12-11 17:17:08 - [TEST_STEP][PASSED] - Statement - PreSaveFile = new java.io.File(((pathPrefix + java.lang.Integer.toString(counter)) + .png)): null

2018-12-11 17:17:08 - [TEST_STEP][PASSED] - Statement - counter = counter + 1: null

2018-12-11 17:17:08 - [TEST_STEP][PASSED] - Statement - PreSaveFile = new java.io.File(((pathPrefix + java.lang.Integer.toString(counter)) + .png)): null

2018-12-11 17:17:08 - [TEST_STEP][PASSED] - Statement - counter = counter + 1: null

2018-12-11 17:17:08 - [TEST_STEP][PASSED] - Statement - PreSaveFile = new java.io.File(((pathPrefix + java.lang.Integer.toString(counter)) + .png)): null

2018-12-11 17:17:08 - [TEST_STEP][PASSED] - Statement - counter = counter + 1: null

2018-12-11 17:17:08 - [TEST_STEP][PASSED] - Statement - PreSaveFile = new java.io.File(((pathPrefix + java.lang.Integer.toString(counter)) + .png)): null

2018-12-11 17:17:08 - [TEST_STEP][PASSED] - Statement - counter = counter + 1: null

2018-12-11 17:17:08 - [TEST_STEP][PASSED] - Statement - PreSaveFile = new java.io.File(((pathPrefix + java.lang.Integer.toString(counter)) + .png)): null

2018-12-11 17:17:08 - [TEST_STEP][PASSED] - Statement - counter = counter + 1: null

2018-12-11 17:17:08 - [TEST_STEP][PASSED] - Statement - PreSaveFile = new java.io.File(((pathPrefix + java.lang.Integer.toString(counter)) + .png)): null

2018-12-11 17:17:08 - [TEST_STEP][PASSED] - Statement - counter = counter + 1: null

2018-12-11 17:17:08 - [TEST_STEP][PASSED] - Statement - PreSaveFile = new java.io.File(((pathPrefix + java.lang.Integer.toString(counter)) + .png)): null

2018-12-11 17:17:08 - [TEST_STEP][PASSED] - Statement - finalPath = pathPrefix + java.lang.Integer.toString(counter) + ".png": null

2018-12-11 17:17:08 - [TEST_STEP][PASSED] - Statement - SaveFile = new java.io.File(finalPath): null

2018-12-11 17:17:08 - [TEST_STEP][PASSED] - Statement - Try: null

2018-12-11 17:17:08 - [TEST_STEP][PASSED] - Statement - org.apache.commons.io.FileUtils.copyFile(scrFile, SaveFile): null

2018-12-11 17:17:08 - [TEST_STEP][PASSED] - Statement - out.println("file kept"): null

2018-12-11 17:17:08 - [TEST_STEP][PASSED] - delay: Delayed 10 second(s)

2018-12-11 17:17:18 - [MESSAGE][PASSED] - Delayed 10 second(s)

2018-12-11 17:17:18 - [MESSAGE][PASSED] - Call Test Case 'Test Cases/Final Aug 2018 - PKS Automation/Common/Screenshoting tool' successfully]]></system-out>
         <system-err><![CDATA[]]></system-err>
      </testcase>
      <testcase name="Test Cases/Final Aug 2018 - PKS Automation/Registration Module/Workflow/Update Add New Employee/Special Case (OTC - RO Query - OTC Upload Pending Case - RO Approve)" classname="Test Cases/Final Aug 2018 - PKS Automation/Registration Module/Workflow/Update Add New Employee/Special Case (OTC - RO Query - OTC Upload Pending Case - RO Approve)" status="FAILED">
         <failure type="FAILED" message="(Stack trace: com.kms.katalon.core.exception.StepFailedException: Unable to wait for object 'Object Repository/Final Object Repo/New Registration - Registration Module Pages/Third Screen - Upload Supporting Doc- Preview/Save n Continue in SIP Employee Listing Page' to be clickable (Root cause: org.openqa.selenium.WebDriverException: chrome not reachable
  (Session info: chrome=70.0.3538.110)
  (Driver info: chromedriver=2.43.600210 (68dcf5eebde37173d4027fa8635e332711d2874a),platform=Windows NT 6.1.7601 SP1 x86_64) (WARNING: The server did not provide any stacktrace information)
Command duration or timeout: 0 milliseconds
Build info: version: '3.7.1', revision: '8a0099a', time: '2017-11-06T21:07:36.161Z'
System info: host: 'WIN7TEST02', ip: '10.20.3.72', os.name: 'Windows 7', os.arch: 'amd64', os.version: '6.1', java.version: '1.8.0_181'
Driver info: com.kms.katalon.selenium.driver.CChromeDriver
Capabilities {acceptInsecureCerts: false, acceptSslCerts: false, applicationCacheEnabled: false, browserConnectionEnabled: false, browserName: chrome, chrome: {chromedriverVersion: 2.43.600210 (68dcf5eebde371..., userDataDir: C:\Users\Admin\AppData\Loca...}, cssSelectorsEnabled: true, databaseEnabled: false, goog:chromeOptions: {debuggerAddress: localhost:60252}, handlesAlerts: true, hasTouchScreen: false, javascriptEnabled: true, locationContextEnabled: true, mobileEmulationEnabled: false, nativeEvents: true, networkConnectionEnabled: false, pageLoadStrategy: normal, platform: XP, platformName: XP, rotatable: false, setWindowRect: true, takesHeapSnapshot: true, takesScreenshot: true, unexpectedAlertBehaviour: , unhandledPromptBehavior: , version: 70.0.3538.110, webStorageEnabled: true}
Session ID: 3e94187ca70da5961da6eaab4237bd89
*** Element info: {Using=xpath, value=//a[@targets = 'baseMsgDivId' and @class = 'btn btn-lg blueBtn col-md-2 pull-right m-r-0 browserIdBtn' and (text() = ' SAVE &amp; CONTINUE	
				' or . = ' SAVE &amp; CONTINUE	
				')]})
	at com.kms.katalon.core.keyword.internal.KeywordMain.stepFailed(KeywordMain.groovy:32)
	at com.kms.katalon.core.webui.keyword.internal.WebUIKeywordMain.stepFailed(WebUIKeywordMain.groovy:65)
	at com.kms.katalon.core.webui.keyword.internal.WebUIKeywordMain.runKeyword(WebUIKeywordMain.groovy:27)
	at com.kms.katalon.core.webui.keyword.builtin.WaitForElementClickableKeyword.waitForElementClickable(WaitForElementClickableKeyword.groovy:108)
	at com.kms.katalon.core.webui.keyword.builtin.WaitForElementClickableKeyword.execute(WaitForElementClickableKeyword.groovy:68)
	at com.kms.katalon.core.keyword.internal.KeywordExecutor.executeKeywordForPlatform(KeywordExecutor.groovy:53)
	at com.kms.katalon.core.webui.keyword.WebUiBuiltInKeywords.waitForElementClickable(WebUiBuiltInKeywords.groovy:500)
	at com.kms.katalon.core.webui.keyword.WebUiBuiltInKeywords$waitForElementClickable$7.call(Unknown Source)
	at Script1534409664094.run(Script1534409664094.groovy:32)
	at com.kms.katalon.core.main.ScriptEngine.run(ScriptEngine.java:183)
	at com.kms.katalon.core.main.ScriptEngine.runScriptAsRawText(ScriptEngine.java:108)
	at com.kms.katalon.core.main.TestCaseExecutor.runScript(TestCaseExecutor.java:294)
	at com.kms.katalon.core.main.TestCaseExecutor.doExecute(TestCaseExecutor.java:285)
	at com.kms.katalon.core.main.TestCaseExecutor.processExecutionPhase(TestCaseExecutor.java:264)
	at com.kms.katalon.core.main.TestCaseExecutor.accessMainPhase(TestCaseExecutor.java:256)
	at com.kms.katalon.core.main.TestCaseExecutor.execute(TestCaseExecutor.java:200)
	at com.kms.katalon.core.main.TestCaseMain.runTestCase(TestCaseMain.java:99)
	at com.kms.katalon.core.keyword.builtin.CallTestCaseKeyword$_callTestCase_closure1.doCall(CallTestCaseKeyword.groovy:60)
	at com.kms.katalon.core.keyword.builtin.CallTestCaseKeyword$_callTestCase_closure1.call(CallTestCaseKeyword.groovy)
	at com.kms.katalon.core.keyword.internal.KeywordMain.runKeyword(KeywordMain.groovy:54)
	at com.kms.katalon.core.keyword.builtin.CallTestCaseKeyword.callTestCase(CallTestCaseKeyword.groovy:81)
	at com.kms.katalon.core.keyword.builtin.CallTestCaseKeyword.execute(CallTestCaseKeyword.groovy:45)
	at com.kms.katalon.core.keyword.internal.KeywordExecutor.executeKeywordForPlatform(KeywordExecutor.groovy:53)
	at com.kms.katalon.core.keyword.BuiltinKeywords.callTestCase(BuiltinKeywords.groovy:334)
	at sun.reflect.GeneratedMethodAccessor13.invoke(Unknown Source)
	at sun.reflect.DelegatingMethodAccessorImpl.invoke(DelegatingMethodAccessorImpl.java:43)
	at java.lang.reflect.Method.invoke(Method.java:498)
	at org.codehaus.groovy.reflection.CachedMethod.invoke(CachedMethod.java:93)
	at groovy.lang.MetaMethod.doMethodInvoke(MetaMethod.java:325)
	at groovy.lang.MetaClassImpl.invokeStaticMethod(MetaClassImpl.java:1469)
	at org.codehaus.groovy.runtime.callsite.StaticMetaClassSite.call(StaticMetaClassSite.java:53)
	at org.codehaus.groovy.runtime.callsite.AbstractCallSite.call(AbstractCallSite.java:141)
	at Script1536051799273.run(Script1536051799273.groovy:28)
	at com.kms.katalon.core.main.ScriptEngine.run(ScriptEngine.java:183)
	at com.kms.katalon.core.main.ScriptEngine.runScriptAsRawText(ScriptEngine.java:108)
	at com.kms.katalon.core.main.TestCaseExecutor.runScript(TestCaseExecutor.java:294)
	at com.kms.katalon.core.main.TestCaseExecutor.doExecute(TestCaseExecutor.java:285)
	at com.kms.katalon.core.main.TestCaseExecutor.processExecutionPhase(TestCaseExecutor.java:264)
	at com.kms.katalon.core.main.TestCaseExecutor.accessMainPhase(TestCaseExecutor.java:256)
	at com.kms.katalon.core.main.TestCaseExecutor.execute(TestCaseExecutor.java:200)
	at com.kms.katalon.core.main.TestCaseMain.runTestCase(TestCaseMain.java:99)
	at com.kms.katalon.core.keyword.builtin.CallTestCaseKeyword$_callTestCase_closure1.doCall(CallTestCaseKeyword.groovy:60)
	at com.kms.katalon.core.keyword.builtin.CallTestCaseKeyword$_callTestCase_closure1.call(CallTestCaseKeyword.groovy)
	at com.kms.katalon.core.keyword.internal.KeywordMain.runKeyword(KeywordMain.groovy:54)
	at com.kms.katalon.core.keyword.builtin.CallTestCaseKeyword.callTestCase(CallTestCaseKeyword.groovy:81)
	at com.kms.katalon.core.keyword.builtin.CallTestCaseKeyword.execute(CallTestCaseKeyword.groovy:45)
	at com.kms.katalon.core.keyword.internal.KeywordExecutor.executeKeywordForPlatform(KeywordExecutor.groovy:53)
	at com.kms.katalon.core.keyword.BuiltinKeywords.callTestCase(BuiltinKeywords.groovy:334)
	at sun.reflect.GeneratedMethodAccessor13.invoke(Unknown Source)
	at sun.reflect.DelegatingMethodAccessorImpl.invoke(DelegatingMethodAccessorImpl.java:43)
	at java.lang.reflect.Method.invoke(Method.java:498)
	at org.codehaus.groovy.reflection.CachedMethod.invoke(CachedMethod.java:93)
	at groovy.lang.MetaMethod.doMethodInvoke(MetaMethod.java:325)
	at groovy.lang.MetaClassImpl.invokeStaticMethod(MetaClassImpl.java:1469)
	at org.codehaus.groovy.runtime.callsite.StaticMetaClassSite.call(StaticMetaClassSite.java:53)
	at org.codehaus.groovy.runtime.callsite.CallSiteArray.defaultCall(CallSiteArray.java:48)
	at org.codehaus.groovy.runtime.callsite.AbstractCallSite.call(AbstractCallSite.java:113)
	at org.codehaus.groovy.runtime.callsite.AbstractCallSite.call(AbstractCallSite.java:141)
	at Script1536201277272.run(Script1536201277272.groovy:15)
	at com.kms.katalon.core.main.ScriptEngine.run(ScriptEngine.java:183)
	at com.kms.katalon.core.main.ScriptEngine.runScriptAsRawText(ScriptEngine.java:108)
	at com.kms.katalon.core.main.TestCaseExecutor.runScript(TestCaseExecutor.java:294)
	at com.kms.katalon.core.main.TestCaseExecutor.doExecute(TestCaseExecutor.java:285)
	at com.kms.katalon.core.main.TestCaseExecutor.processExecutionPhase(TestCaseExecutor.java:264)
	at com.kms.katalon.core.main.TestCaseExecutor.accessMainPhase(TestCaseExecutor.java:256)
	at com.kms.katalon.core.main.TestCaseExecutor.execute(TestCaseExecutor.java:200)
	at com.kms.katalon.core.main.TestSuiteExecutor.accessTestCaseMainPhase(TestSuiteExecutor.java:129)
	at com.kms.katalon.core.main.TestSuiteExecutor.accessTestSuiteMainPhase(TestSuiteExecutor.java:112)
	at com.kms.katalon.core.main.TestSuiteExecutor.execute(TestSuiteExecutor.java:81)
	at com.kms.katalon.core.main.TestCaseMain.startTestSuite(TestCaseMain.java:142)
	at com.kms.katalon.core.main.TestCaseMain$startTestSuite$0.call(Unknown Source)
	at org.codehaus.groovy.runtime.callsite.CallSiteArray.defaultCall(CallSiteArray.java:48)
	at org.codehaus.groovy.runtime.callsite.AbstractCallSite.call(AbstractCallSite.java:113)
	at org.codehaus.groovy.runtime.callsite.AbstractCallSite.call(AbstractCallSite.java:141)
	at TempTestSuite1544497307655.run(TempTestSuite1544497307655.groovy:36)
	at groovy.lang.GroovyShell.runScriptOrMainOrTestOrRunnable(GroovyShell.java:263)
	at groovy.lang.GroovyShell.run(GroovyShell.java:518)
	at groovy.lang.GroovyShell.run(GroovyShell.java:507)
	at groovy.ui.GroovyMain.processOnce(GroovyMain.java:653)
	at groovy.ui.GroovyMain.run(GroovyMain.java:384)
	at groovy.ui.GroovyMain.process(GroovyMain.java:370)
	at groovy.ui.GroovyMain.processArgs(GroovyMain.java:129)
	at groovy.ui.GroovyMain.main(GroovyMain.java:109)
	at sun.reflect.NativeMethodAccessorImpl.invoke0(Native Method)
	at sun.reflect.NativeMethodAccessorImpl.invoke(NativeMethodAccessorImpl.java:62)
	at sun.reflect.DelegatingMethodAccessorImpl.invoke(DelegatingMethodAccessorImpl.java:43)
	at java.lang.reflect.Method.invoke(Method.java:498)
	at org.codehaus.groovy.tools.GroovyStarter.rootLoader(GroovyStarter.java:109)
	at org.codehaus.groovy.tools.GroovyStarter.main(GroovyStarter.java:131)
)"/>
         <system-out><![CDATA[2018-12-11 17:17:18 - [TEST_CASE][FAILED] - Test Cases/Final Aug 2018 - PKS Automation/Registration Module/Workflow/Update Add New Employee/Special Case (OTC - RO Query - OTC Upload Pending Case - RO Approve): Test Cases/Final Aug 2018 - PKS Automation/Registration Module/Workflow/Update Add New Employee/Special Case (OTC - RO Query - OTC Upload Pending Case - RO Approve) FAILED because (of) (Stack trace: com.kms.katalon.core.exception.StepFailedException: Unable to wait for object 'Object Repository/Final Object Repo/New Registration - Registration Module Pages/Third Screen - Upload Supporting Doc- Preview/Save n Continue in SIP Employee Listing Page' to be clickable (Root cause: org.openqa.selenium.WebDriverException: chrome not reachable
  (Session info: chrome=70.0.3538.110)
  (Driver info: chromedriver=2.43.600210 (68dcf5eebde37173d4027fa8635e332711d2874a),platform=Windows NT 6.1.7601 SP1 x86_64) (WARNING: The server did not provide any stacktrace information)
Command duration or timeout: 0 milliseconds
Build info: version: '3.7.1', revision: '8a0099a', time: '2017-11-06T21:07:36.161Z'
System info: host: 'WIN7TEST02', ip: '10.20.3.72', os.name: 'Windows 7', os.arch: 'amd64', os.version: '6.1', java.version: '1.8.0_181'
Driver info: com.kms.katalon.selenium.driver.CChromeDriver
Capabilities {acceptInsecureCerts: false, acceptSslCerts: false, applicationCacheEnabled: false, browserConnectionEnabled: false, browserName: chrome, chrome: {chromedriverVersion: 2.43.600210 (68dcf5eebde371..., userDataDir: C:\Users\Admin\AppData\Loca...}, cssSelectorsEnabled: true, databaseEnabled: false, goog:chromeOptions: {debuggerAddress: localhost:60252}, handlesAlerts: true, hasTouchScreen: false, javascriptEnabled: true, locationContextEnabled: true, mobileEmulationEnabled: false, nativeEvents: true, networkConnectionEnabled: false, pageLoadStrategy: normal, platform: XP, platformName: XP, rotatable: false, setWindowRect: true, takesHeapSnapshot: true, takesScreenshot: true, unexpectedAlertBehaviour: , unhandledPromptBehavior: , version: 70.0.3538.110, webStorageEnabled: true}
Session ID: 3e94187ca70da5961da6eaab4237bd89
*** Element info: {Using=xpath, value=//a[@targets = 'baseMsgDivId' and @class = 'btn btn-lg blueBtn col-md-2 pull-right m-r-0 browserIdBtn' and (text() = ' SAVE & CONTINUE	
				' or . = ' SAVE & CONTINUE	
				')]})
	at com.kms.katalon.core.keyword.internal.KeywordMain.stepFailed(KeywordMain.groovy:32)
	at com.kms.katalon.core.webui.keyword.internal.WebUIKeywordMain.stepFailed(WebUIKeywordMain.groovy:65)
	at com.kms.katalon.core.webui.keyword.internal.WebUIKeywordMain.runKeyword(WebUIKeywordMain.groovy:27)
	at com.kms.katalon.core.webui.keyword.builtin.WaitForElementClickableKeyword.waitForElementClickable(WaitForElementClickableKeyword.groovy:108)
	at com.kms.katalon.core.webui.keyword.builtin.WaitForElementClickableKeyword.execute(WaitForElementClickableKeyword.groovy:68)
	at com.kms.katalon.core.keyword.internal.KeywordExecutor.executeKeywordForPlatform(KeywordExecutor.groovy:53)
	at com.kms.katalon.core.webui.keyword.WebUiBuiltInKeywords.waitForElementClickable(WebUiBuiltInKeywords.groovy:500)
	at com.kms.katalon.core.webui.keyword.WebUiBuiltInKeywords$waitForElementClickable$7.call(Unknown Source)
	at Script1534409664094.run(Script1534409664094.groovy:32)
	at com.kms.katalon.core.main.ScriptEngine.run(ScriptEngine.java:183)
	at com.kms.katalon.core.main.ScriptEngine.runScriptAsRawText(ScriptEngine.java:108)
	at com.kms.katalon.core.main.TestCaseExecutor.runScript(TestCaseExecutor.java:294)
	at com.kms.katalon.core.main.TestCaseExecutor.doExecute(TestCaseExecutor.java:285)
	at com.kms.katalon.core.main.TestCaseExecutor.processExecutionPhase(TestCaseExecutor.java:264)
	at com.kms.katalon.core.main.TestCaseExecutor.accessMainPhase(TestCaseExecutor.java:256)
	at com.kms.katalon.core.main.TestCaseExecutor.execute(TestCaseExecutor.java:200)
	at com.kms.katalon.core.main.TestCaseMain.runTestCase(TestCaseMain.java:99)
	at com.kms.katalon.core.keyword.builtin.CallTestCaseKeyword$_callTestCase_closure1.doCall(CallTestCaseKeyword.groovy:60)
	at com.kms.katalon.core.keyword.builtin.CallTestCaseKeyword$_callTestCase_closure1.call(CallTestCaseKeyword.groovy)
	at com.kms.katalon.core.keyword.internal.KeywordMain.runKeyword(KeywordMain.groovy:54)
	at com.kms.katalon.core.keyword.builtin.CallTestCaseKeyword.callTestCase(CallTestCaseKeyword.groovy:81)
	at com.kms.katalon.core.keyword.builtin.CallTestCaseKeyword.execute(CallTestCaseKeyword.groovy:45)
	at com.kms.katalon.core.keyword.internal.KeywordExecutor.executeKeywordForPlatform(KeywordExecutor.groovy:53)
	at com.kms.katalon.core.keyword.BuiltinKeywords.callTestCase(BuiltinKeywords.groovy:334)
	at sun.reflect.GeneratedMethodAccessor13.invoke(Unknown Source)
	at sun.reflect.DelegatingMethodAccessorImpl.invoke(DelegatingMethodAccessorImpl.java:43)
	at java.lang.reflect.Method.invoke(Method.java:498)
	at org.codehaus.groovy.reflection.CachedMethod.invoke(CachedMethod.java:93)
	at groovy.lang.MetaMethod.doMethodInvoke(MetaMethod.java:325)
	at groovy.lang.MetaClassImpl.invokeStaticMethod(MetaClassImpl.java:1469)
	at org.codehaus.groovy.runtime.callsite.StaticMetaClassSite.call(StaticMetaClassSite.java:53)
	at org.codehaus.groovy.runtime.callsite.AbstractCallSite.call(AbstractCallSite.java:141)
	at Script1536051799273.run(Script1536051799273.groovy:28)
	at com.kms.katalon.core.main.ScriptEngine.run(ScriptEngine.java:183)
	at com.kms.katalon.core.main.ScriptEngine.runScriptAsRawText(ScriptEngine.java:108)
	at com.kms.katalon.core.main.TestCaseExecutor.runScript(TestCaseExecutor.java:294)
	at com.kms.katalon.core.main.TestCaseExecutor.doExecute(TestCaseExecutor.java:285)
	at com.kms.katalon.core.main.TestCaseExecutor.processExecutionPhase(TestCaseExecutor.java:264)
	at com.kms.katalon.core.main.TestCaseExecutor.accessMainPhase(TestCaseExecutor.java:256)
	at com.kms.katalon.core.main.TestCaseExecutor.execute(TestCaseExecutor.java:200)
	at com.kms.katalon.core.main.TestCaseMain.runTestCase(TestCaseMain.java:99)
	at com.kms.katalon.core.keyword.builtin.CallTestCaseKeyword$_callTestCase_closure1.doCall(CallTestCaseKeyword.groovy:60)
	at com.kms.katalon.core.keyword.builtin.CallTestCaseKeyword$_callTestCase_closure1.call(CallTestCaseKeyword.groovy)
	at com.kms.katalon.core.keyword.internal.KeywordMain.runKeyword(KeywordMain.groovy:54)
	at com.kms.katalon.core.keyword.builtin.CallTestCaseKeyword.callTestCase(CallTestCaseKeyword.groovy:81)
	at com.kms.katalon.core.keyword.builtin.CallTestCaseKeyword.execute(CallTestCaseKeyword.groovy:45)
	at com.kms.katalon.core.keyword.internal.KeywordExecutor.executeKeywordForPlatform(KeywordExecutor.groovy:53)
	at com.kms.katalon.core.keyword.BuiltinKeywords.callTestCase(BuiltinKeywords.groovy:334)
	at sun.reflect.GeneratedMethodAccessor13.invoke(Unknown Source)
	at sun.reflect.DelegatingMethodAccessorImpl.invoke(DelegatingMethodAccessorImpl.java:43)
	at java.lang.reflect.Method.invoke(Method.java:498)
	at org.codehaus.groovy.reflection.CachedMethod.invoke(CachedMethod.java:93)
	at groovy.lang.MetaMethod.doMethodInvoke(MetaMethod.java:325)
	at groovy.lang.MetaClassImpl.invokeStaticMethod(MetaClassImpl.java:1469)
	at org.codehaus.groovy.runtime.callsite.StaticMetaClassSite.call(StaticMetaClassSite.java:53)
	at org.codehaus.groovy.runtime.callsite.CallSiteArray.defaultCall(CallSiteArray.java:48)
	at org.codehaus.groovy.runtime.callsite.AbstractCallSite.call(AbstractCallSite.java:113)
	at org.codehaus.groovy.runtime.callsite.AbstractCallSite.call(AbstractCallSite.java:141)
	at Script1536201277272.run(Script1536201277272.groovy:15)
	at com.kms.katalon.core.main.ScriptEngine.run(ScriptEngine.java:183)
	at com.kms.katalon.core.main.ScriptEngine.runScriptAsRawText(ScriptEngine.java:108)
	at com.kms.katalon.core.main.TestCaseExecutor.runScript(TestCaseExecutor.java:294)
	at com.kms.katalon.core.main.TestCaseExecutor.doExecute(TestCaseExecutor.java:285)
	at com.kms.katalon.core.main.TestCaseExecutor.processExecutionPhase(TestCaseExecutor.java:264)
	at com.kms.katalon.core.main.TestCaseExecutor.accessMainPhase(TestCaseExecutor.java:256)
	at com.kms.katalon.core.main.TestCaseExecutor.execute(TestCaseExecutor.java:200)
	at com.kms.katalon.core.main.TestSuiteExecutor.accessTestCaseMainPhase(TestSuiteExecutor.java:129)
	at com.kms.katalon.core.main.TestSuiteExecutor.accessTestSuiteMainPhase(TestSuiteExecutor.java:112)
	at com.kms.katalon.core.main.TestSuiteExecutor.execute(TestSuiteExecutor.java:81)
	at com.kms.katalon.core.main.TestCaseMain.startTestSuite(TestCaseMain.java:142)
	at com.kms.katalon.core.main.TestCaseMain$startTestSuite$0.call(Unknown Source)
	at org.codehaus.groovy.runtime.callsite.CallSiteArray.defaultCall(CallSiteArray.java:48)
	at org.codehaus.groovy.runtime.callsite.AbstractCallSite.call(AbstractCallSite.java:113)
	at org.codehaus.groovy.runtime.callsite.AbstractCallSite.call(AbstractCallSite.java:141)
	at TempTestSuite1544497307655.run(TempTestSuite1544497307655.groovy:36)
	at groovy.lang.GroovyShell.runScriptOrMainOrTestOrRunnable(GroovyShell.java:263)
	at groovy.lang.GroovyShell.run(GroovyShell.java:518)
	at groovy.lang.GroovyShell.run(GroovyShell.java:507)
	at groovy.ui.GroovyMain.processOnce(GroovyMain.java:653)
	at groovy.ui.GroovyMain.run(GroovyMain.java:384)
	at groovy.ui.GroovyMain.process(GroovyMain.java:370)
	at groovy.ui.GroovyMain.processArgs(GroovyMain.java:129)
	at groovy.ui.GroovyMain.main(GroovyMain.java:109)
	at sun.reflect.NativeMethodAccessorImpl.invoke0(Native Method)
	at sun.reflect.NativeMethodAccessorImpl.invoke(NativeMethodAccessorImpl.java:62)
	at sun.reflect.DelegatingMethodAccessorImpl.invoke(DelegatingMethodAccessorImpl.java:43)
	at java.lang.reflect.Method.invoke(Method.java:498)
	at org.codehaus.groovy.tools.GroovyStarter.rootLoader(GroovyStarter.java:109)
	at org.codehaus.groovy.tools.GroovyStarter.main(GroovyStarter.java:131)
)

2018-12-11 17:17:18 - [TEST_STEP][FAILED] - callTestCase: Unable to call Test Case with id 'Test Cases/Final Aug 2018 - PKS Automation/Registration Module/Workflow/Update Add New Employee/Template/New Company for Update Add New' (Root cause: Call Test Case 'Test Cases/Final Aug 2018 - PKS Automation/Registration Module/Workflow/Update Add New Employee/Template/New Company for Update Add New' failed)

2018-12-11 17:17:19 - [TEST_CASE][FAILED] - Test Cases/Final Aug 2018 - PKS Automation/Registration Module/Workflow/Update Add New Employee/Template/New Company for Update Add New: Test Cases/Final Aug 2018 - PKS Automation/Registration Module/Workflow/Update Add New Employee/Template/New Company for Update Add New FAILED because (of) (Stack trace: com.kms.katalon.core.exception.StepFailedException: Unable to wait for object 'Object Repository/Final Object Repo/New Registration - Registration Module Pages/Third Screen - Upload Supporting Doc- Preview/Save n Continue in SIP Employee Listing Page' to be clickable (Root cause: org.openqa.selenium.WebDriverException: chrome not reachable
  (Session info: chrome=70.0.3538.110)
  (Driver info: chromedriver=2.43.600210 (68dcf5eebde37173d4027fa8635e332711d2874a),platform=Windows NT 6.1.7601 SP1 x86_64) (WARNING: The server did not provide any stacktrace information)
Command duration or timeout: 0 milliseconds
Build info: version: '3.7.1', revision: '8a0099a', time: '2017-11-06T21:07:36.161Z'
System info: host: 'WIN7TEST02', ip: '10.20.3.72', os.name: 'Windows 7', os.arch: 'amd64', os.version: '6.1', java.version: '1.8.0_181'
Driver info: com.kms.katalon.selenium.driver.CChromeDriver
Capabilities {acceptInsecureCerts: false, acceptSslCerts: false, applicationCacheEnabled: false, browserConnectionEnabled: false, browserName: chrome, chrome: {chromedriverVersion: 2.43.600210 (68dcf5eebde371..., userDataDir: C:\Users\Admin\AppData\Loca...}, cssSelectorsEnabled: true, databaseEnabled: false, goog:chromeOptions: {debuggerAddress: localhost:60252}, handlesAlerts: true, hasTouchScreen: false, javascriptEnabled: true, locationContextEnabled: true, mobileEmulationEnabled: false, nativeEvents: true, networkConnectionEnabled: false, pageLoadStrategy: normal, platform: XP, platformName: XP, rotatable: false, setWindowRect: true, takesHeapSnapshot: true, takesScreenshot: true, unexpectedAlertBehaviour: , unhandledPromptBehavior: , version: 70.0.3538.110, webStorageEnabled: true}
Session ID: 3e94187ca70da5961da6eaab4237bd89
*** Element info: {Using=xpath, value=//a[@targets = 'baseMsgDivId' and @class = 'btn btn-lg blueBtn col-md-2 pull-right m-r-0 browserIdBtn' and (text() = ' SAVE & CONTINUE	
				' or . = ' SAVE & CONTINUE	
				')]})
	at com.kms.katalon.core.keyword.internal.KeywordMain.stepFailed(KeywordMain.groovy:32)
	at com.kms.katalon.core.webui.keyword.internal.WebUIKeywordMain.stepFailed(WebUIKeywordMain.groovy:65)
	at com.kms.katalon.core.webui.keyword.internal.WebUIKeywordMain.runKeyword(WebUIKeywordMain.groovy:27)
	at com.kms.katalon.core.webui.keyword.builtin.WaitForElementClickableKeyword.waitForElementClickable(WaitForElementClickableKeyword.groovy:108)
	at com.kms.katalon.core.webui.keyword.builtin.WaitForElementClickableKeyword.execute(WaitForElementClickableKeyword.groovy:68)
	at com.kms.katalon.core.keyword.internal.KeywordExecutor.executeKeywordForPlatform(KeywordExecutor.groovy:53)
	at com.kms.katalon.core.webui.keyword.WebUiBuiltInKeywords.waitForElementClickable(WebUiBuiltInKeywords.groovy:500)
	at com.kms.katalon.core.webui.keyword.WebUiBuiltInKeywords$waitForElementClickable$7.call(Unknown Source)
	at Script1534409664094.run(Script1534409664094.groovy:32)
	at com.kms.katalon.core.main.ScriptEngine.run(ScriptEngine.java:183)
	at com.kms.katalon.core.main.ScriptEngine.runScriptAsRawText(ScriptEngine.java:108)
	at com.kms.katalon.core.main.TestCaseExecutor.runScript(TestCaseExecutor.java:294)
	at com.kms.katalon.core.main.TestCaseExecutor.doExecute(TestCaseExecutor.java:285)
	at com.kms.katalon.core.main.TestCaseExecutor.processExecutionPhase(TestCaseExecutor.java:264)
	at com.kms.katalon.core.main.TestCaseExecutor.accessMainPhase(TestCaseExecutor.java:256)
	at com.kms.katalon.core.main.TestCaseExecutor.execute(TestCaseExecutor.java:200)
	at com.kms.katalon.core.main.TestCaseMain.runTestCase(TestCaseMain.java:99)
	at com.kms.katalon.core.keyword.builtin.CallTestCaseKeyword$_callTestCase_closure1.doCall(CallTestCaseKeyword.groovy:60)
	at com.kms.katalon.core.keyword.builtin.CallTestCaseKeyword$_callTestCase_closure1.call(CallTestCaseKeyword.groovy)
	at com.kms.katalon.core.keyword.internal.KeywordMain.runKeyword(KeywordMain.groovy:54)
	at com.kms.katalon.core.keyword.builtin.CallTestCaseKeyword.callTestCase(CallTestCaseKeyword.groovy:81)
	at com.kms.katalon.core.keyword.builtin.CallTestCaseKeyword.execute(CallTestCaseKeyword.groovy:45)
	at com.kms.katalon.core.keyword.internal.KeywordExecutor.executeKeywordForPlatform(KeywordExecutor.groovy:53)
	at com.kms.katalon.core.keyword.BuiltinKeywords.callTestCase(BuiltinKeywords.groovy:334)
	at sun.reflect.GeneratedMethodAccessor13.invoke(Unknown Source)
	at sun.reflect.DelegatingMethodAccessorImpl.invoke(DelegatingMethodAccessorImpl.java:43)
	at java.lang.reflect.Method.invoke(Method.java:498)
	at org.codehaus.groovy.reflection.CachedMethod.invoke(CachedMethod.java:93)
	at groovy.lang.MetaMethod.doMethodInvoke(MetaMethod.java:325)
	at groovy.lang.MetaClassImpl.invokeStaticMethod(MetaClassImpl.java:1469)
	at org.codehaus.groovy.runtime.callsite.StaticMetaClassSite.call(StaticMetaClassSite.java:53)
	at org.codehaus.groovy.runtime.callsite.AbstractCallSite.call(AbstractCallSite.java:141)
	at Script1536051799273.run(Script1536051799273.groovy:28)
	at com.kms.katalon.core.main.ScriptEngine.run(ScriptEngine.java:183)
	at com.kms.katalon.core.main.ScriptEngine.runScriptAsRawText(ScriptEngine.java:108)
	at com.kms.katalon.core.main.TestCaseExecutor.runScript(TestCaseExecutor.java:294)
	at com.kms.katalon.core.main.TestCaseExecutor.doExecute(TestCaseExecutor.java:285)
	at com.kms.katalon.core.main.TestCaseExecutor.processExecutionPhase(TestCaseExecutor.java:264)
	at com.kms.katalon.core.main.TestCaseExecutor.accessMainPhase(TestCaseExecutor.java:256)
	at com.kms.katalon.core.main.TestCaseExecutor.execute(TestCaseExecutor.java:200)
	at com.kms.katalon.core.main.TestCaseMain.runTestCase(TestCaseMain.java:99)
	at com.kms.katalon.core.keyword.builtin.CallTestCaseKeyword$_callTestCase_closure1.doCall(CallTestCaseKeyword.groovy:60)
	at com.kms.katalon.core.keyword.builtin.CallTestCaseKeyword$_callTestCase_closure1.call(CallTestCaseKeyword.groovy)
	at com.kms.katalon.core.keyword.internal.KeywordMain.runKeyword(KeywordMain.groovy:54)
	at com.kms.katalon.core.keyword.builtin.CallTestCaseKeyword.callTestCase(CallTestCaseKeyword.groovy:81)
	at com.kms.katalon.core.keyword.builtin.CallTestCaseKeyword.execute(CallTestCaseKeyword.groovy:45)
	at com.kms.katalon.core.keyword.internal.KeywordExecutor.executeKeywordForPlatform(KeywordExecutor.groovy:53)
	at com.kms.katalon.core.keyword.BuiltinKeywords.callTestCase(BuiltinKeywords.groovy:334)
	at sun.reflect.GeneratedMethodAccessor13.invoke(Unknown Source)
	at sun.reflect.DelegatingMethodAccessorImpl.invoke(DelegatingMethodAccessorImpl.java:43)
	at java.lang.reflect.Method.invoke(Method.java:498)
	at org.codehaus.groovy.reflection.CachedMethod.invoke(CachedMethod.java:93)
	at groovy.lang.MetaMethod.doMethodInvoke(MetaMethod.java:325)
	at groovy.lang.MetaClassImpl.invokeStaticMethod(MetaClassImpl.java:1469)
	at org.codehaus.groovy.runtime.callsite.StaticMetaClassSite.call(StaticMetaClassSite.java:53)
	at org.codehaus.groovy.runtime.callsite.CallSiteArray.defaultCall(CallSiteArray.java:48)
	at org.codehaus.groovy.runtime.callsite.AbstractCallSite.call(AbstractCallSite.java:113)
	at org.codehaus.groovy.runtime.callsite.AbstractCallSite.call(AbstractCallSite.java:141)
	at Script1536201277272.run(Script1536201277272.groovy:15)
	at com.kms.katalon.core.main.ScriptEngine.run(ScriptEngine.java:183)
	at com.kms.katalon.core.main.ScriptEngine.runScriptAsRawText(ScriptEngine.java:108)
	at com.kms.katalon.core.main.TestCaseExecutor.runScript(TestCaseExecutor.java:294)
	at com.kms.katalon.core.main.TestCaseExecutor.doExecute(TestCaseExecutor.java:285)
	at com.kms.katalon.core.main.TestCaseExecutor.processExecutionPhase(TestCaseExecutor.java:264)
	at com.kms.katalon.core.main.TestCaseExecutor.accessMainPhase(TestCaseExecutor.java:256)
	at com.kms.katalon.core.main.TestCaseExecutor.execute(TestCaseExecutor.java:200)
	at com.kms.katalon.core.main.TestSuiteExecutor.accessTestCaseMainPhase(TestSuiteExecutor.java:129)
	at com.kms.katalon.core.main.TestSuiteExecutor.accessTestSuiteMainPhase(TestSuiteExecutor.java:112)
	at com.kms.katalon.core.main.TestSuiteExecutor.execute(TestSuiteExecutor.java:81)
	at com.kms.katalon.core.main.TestCaseMain.startTestSuite(TestCaseMain.java:142)
	at com.kms.katalon.core.main.TestCaseMain$startTestSuite$0.call(Unknown Source)
	at org.codehaus.groovy.runtime.callsite.CallSiteArray.defaultCall(CallSiteArray.java:48)
	at org.codehaus.groovy.runtime.callsite.AbstractCallSite.call(AbstractCallSite.java:113)
	at org.codehaus.groovy.runtime.callsite.AbstractCallSite.call(AbstractCallSite.java:141)
	at TempTestSuite1544497307655.run(TempTestSuite1544497307655.groovy:36)
	at groovy.lang.GroovyShell.runScriptOrMainOrTestOrRunnable(GroovyShell.java:263)
	at groovy.lang.GroovyShell.run(GroovyShell.java:518)
	at groovy.lang.GroovyShell.run(GroovyShell.java:507)
	at groovy.ui.GroovyMain.processOnce(GroovyMain.java:653)
	at groovy.ui.GroovyMain.run(GroovyMain.java:384)
	at groovy.ui.GroovyMain.process(GroovyMain.java:370)
	at groovy.ui.GroovyMain.processArgs(GroovyMain.java:129)
	at groovy.ui.GroovyMain.main(GroovyMain.java:109)
	at sun.reflect.NativeMethodAccessorImpl.invoke0(Native Method)
	at sun.reflect.NativeMethodAccessorImpl.invoke(NativeMethodAccessorImpl.java:62)
	at sun.reflect.DelegatingMethodAccessorImpl.invoke(DelegatingMethodAccessorImpl.java:43)
	at java.lang.reflect.Method.invoke(Method.java:498)
	at org.codehaus.groovy.tools.GroovyStarter.rootLoader(GroovyStarter.java:109)
	at org.codehaus.groovy.tools.GroovyStarter.main(GroovyStarter.java:131)
)

2018-12-11 17:17:19 - [TEST_STEP][PASSED] - callTestCase: Call Test Case 'Test Cases/Final Aug 2018 - PKS Automation/Registration Module/New Registration/Form 1/Form 1 - Corporation - BHD' successfully

2018-12-11 17:17:19 - [TEST_CASE][PASSED] - Test Cases/Final Aug 2018 - PKS Automation/Registration Module/New Registration/Form 1/Form 1 - Corporation - BHD: Test Cases/Final Aug 2018 - PKS Automation/Registration Module/New Registration/Form 1/Form 1 - Corporation - BHD

2018-12-11 17:17:19 - [TEST_STEP][PASSED] - openBrowser: Browser is opened with url: ''

2018-12-11 17:17:19 - [MESSAGE][WARNING] - A browser is already opened. Closing browser and opening a new one

2018-12-11 17:17:23 - [MESSAGE][PASSED] - Browser is opened with url: ''

2018-12-11 17:17:23 - [TEST_STEP][PASSED] - navigateToUrl: Navigate to 'https://assist2-uat.perkeso.gov.my/login' successfully

2018-12-11 17:17:24 - [MESSAGE][PASSED] - Navigate to 'https://assist2-uat.perkeso.gov.my/login' successfully

2018-12-11 17:17:24 - [TEST_STEP][PASSED] - setText: Text 'johorotc1@gmail.com' is set on object 'Object Repository/Final Object Repo/Login Page/Internal User/Email Address'

2018-12-11 17:17:24 - [MESSAGE][PASSED] - Text 'johorotc1@gmail.com' is set on object 'Object Repository/Final Object Repo/Login Page/Internal User/Email Address'

2018-12-11 17:17:24 - [TEST_STEP][PASSED] - click: Object: 'Object Repository/Final Object Repo/Login Page/Internal User/Next Button' is clicked on

2018-12-11 17:17:25 - [MESSAGE][PASSED] - Object: 'Object Repository/Final Object Repo/Login Page/Internal User/Next Button' is clicked on

2018-12-11 17:17:25 - [TEST_STEP][PASSED] - delay: Delayed 1 second(s)

2018-12-11 17:17:26 - [MESSAGE][PASSED] - Delayed 1 second(s)

2018-12-11 17:17:26 - [TEST_STEP][PASSED] - setEncryptedText: Text ****** has been set on object 'Object Repository/Final Object Repo/Login Page/Internal User/Password'

2018-12-11 17:17:26 - [MESSAGE][PASSED] - Text ****** has been set on object 'Object Repository/Final Object Repo/Login Page/Internal User/Password'

2018-12-11 17:17:26 - [TEST_STEP][PASSED] - click: Object: 'Object Repository/Final Object Repo/Login Page/Internal User/Login Button' is clicked on

2018-12-11 17:17:26 - [MESSAGE][PASSED] - Object: 'Object Repository/Final Object Repo/Login Page/Internal User/Login Button' is clicked on

2018-12-11 17:17:26 - [TEST_STEP][PASSED] - delay: Delayed 1 second(s)

2018-12-11 17:17:27 - [MESSAGE][PASSED] - Delayed 1 second(s)

2018-12-11 17:17:27 - [TEST_STEP][PASSED] - Statement - Try: Delayed 2 second(s)

2018-12-11 17:17:27 - [TEST_STEP][PASSED] - Statement - Checker = false: null

2018-12-11 17:17:27 - [TEST_STEP][PASSED] - Statement - Checker = com.kms.katalon.core.webui.keyword.WebUiBuiltInKeywords.verifyElementHasAttribute(com.kms.katalon.core.testobject.ObjectRepository.findTestObject(Final Object Repo/Landing Page/BM Detecting), "href", 20, OPTIONAL): Object 'Object Repository/Final Object Repo/Landing Page/BM Detecting' has attribute 'href'

2018-12-11 17:17:28 - [MESSAGE][PASSED] - Object 'Object Repository/Final Object Repo/Landing Page/BM Detecting' has attribute 'href'

2018-12-11 17:17:28 - [TEST_STEP][PASSED] - Statement - out.println(Checker): null

2018-12-11 17:17:28 - [TEST_STEP][PASSED] - Statement - If (Checker == false): null

2018-12-11 17:17:28 - [TEST_STEP][PASSED] - Statement - Else: null

2018-12-11 17:17:28 - [TEST_STEP][PASSED] - delay: Delayed 2 second(s)

2018-12-11 17:17:30 - [MESSAGE][PASSED] - Delayed 2 second(s)

2018-12-11 17:17:30 - [TEST_STEP][PASSED] - navigateToUrl: Navigate to 'https://assist2-uat.perkeso.gov.my/web/registration/registration' successfully

2018-12-11 17:17:31 - [MESSAGE][PASSED] - Navigate to 'https://assist2-uat.perkeso.gov.my/web/registration/registration' successfully

2018-12-11 17:17:31 - [TEST_STEP][PASSED] - click: Object: 'Object Repository/Final Object Repo/New Registration - Registration Module Pages/Form 1/AEC - No' is clicked on

2018-12-11 17:17:31 - [MESSAGE][PASSED] - Object: 'Object Repository/Final Object Repo/New Registration - Registration Module Pages/Form 1/AEC - No' is clicked on

2018-12-11 17:17:31 - [TEST_STEP][PASSED] - click: Object: 'Object Repository/Final Object Repo/New Registration - Registration Module Pages/Form 1/Business Entity' is clicked on

2018-12-11 17:17:32 - [MESSAGE][PASSED] - Object: 'Object Repository/Final Object Repo/New Registration - Registration Module Pages/Form 1/Business Entity' is clicked on

2018-12-11 17:17:32 - [TEST_STEP][PASSED] - click: Object: 'Object Repository/Final Object Repo/New Registration - Registration Module Pages/Form 1/Businees Entity - Corporation' is clicked on

2018-12-11 17:17:32 - [MESSAGE][PASSED] - Object: 'Object Repository/Final Object Repo/New Registration - Registration Module Pages/Form 1/Businees Entity - Corporation' is clicked on

2018-12-11 17:17:32 - [TEST_STEP][PASSED] - delay: Delayed 1 second(s)

2018-12-11 17:17:33 - [MESSAGE][PASSED] - Delayed 1 second(s)

2018-12-11 17:17:33 - [TEST_STEP][PASSED] - click: Object: 'Object Repository/Final Object Repo/New Registration - Registration Module Pages/Form 1/Sub Business Entity' is clicked on

2018-12-11 17:17:33 - [MESSAGE][PASSED] - Object: 'Object Repository/Final Object Repo/New Registration - Registration Module Pages/Form 1/Sub Business Entity' is clicked on

2018-12-11 17:17:33 - [TEST_STEP][PASSED] - click: Object: 'Object Repository/Final Object Repo/New Registration - Registration Module Pages/Form 1/Sub Business Entity - Berhad' is clicked on

2018-12-11 17:17:33 - [MESSAGE][PASSED] - Object: 'Object Repository/Final Object Repo/New Registration - Registration Module Pages/Form 1/Sub Business Entity - Berhad' is clicked on

2018-12-11 17:17:33 - [TEST_STEP][PASSED] - delay: Delayed 1 second(s)

2018-12-11 17:17:34 - [MESSAGE][PASSED] - Delayed 1 second(s)

2018-12-11 17:17:34 - [TEST_STEP][PASSED] - setText: Text '123' is set on object 'Object Repository/Final Object Repo/New Registration - Registration Module Pages/Form 1/Registration Number'

2018-12-11 17:17:35 - [MESSAGE][PASSED] - Text '123' is set on object 'Object Repository/Final Object Repo/New Registration - Registration Module Pages/Form 1/Registration Number'

2018-12-11 17:17:35 - [TEST_STEP][PASSED] - click: Object: 'Object Repository/Final Object Repo/New Registration - Registration Module Pages/Form 1/Registred with SSM - Before Feb' is clicked on

2018-12-11 17:17:35 - [MESSAGE][PASSED] - Object: 'Object Repository/Final Object Repo/New Registration - Registration Module Pages/Form 1/Registred with SSM - Before Feb' is clicked on

2018-12-11 17:17:35 - [TEST_STEP][PASSED] - click: Object: 'Object Repository/Final Object Repo/New Registration - Registration Module Pages/Form 1/Registered As a Branch - Yes' is clicked on

2018-12-11 17:17:35 - [MESSAGE][PASSED] - Object: 'Object Repository/Final Object Repo/New Registration - Registration Module Pages/Form 1/Registered As a Branch - Yes' is clicked on

2018-12-11 17:17:35 - [TEST_STEP][PASSED] - click: Object: 'Object Repository/Final Object Repo/New Registration - Registration Module Pages/Form 1/Acknowledgement' is clicked on

2018-12-11 17:17:35 - [MESSAGE][PASSED] - Object: 'Object Repository/Final Object Repo/New Registration - Registration Module Pages/Form 1/Acknowledgement' is clicked on

2018-12-11 17:17:35 - [TEST_STEP][PASSED] - setText: Text 'perkeso' is set on object 'Object Repository/Final Object Repo/New Registration - Registration Module Pages/Form 1/Industry name'

2018-12-11 17:17:36 - [MESSAGE][PASSED] - Text 'perkeso' is set on object 'Object Repository/Final Object Repo/New Registration - Registration Module Pages/Form 1/Industry name'

2018-12-11 17:17:36 - [TEST_STEP][PASSED] - setText: Text 'perkeso1' is set on object 'Object Repository/Final Object Repo/New Registration - Registration Module Pages/Form 1/Postal Address1'

2018-12-11 17:17:36 - [MESSAGE][PASSED] - Text 'perkeso1' is set on object 'Object Repository/Final Object Repo/New Registration - Registration Module Pages/Form 1/Postal Address1'

2018-12-11 17:17:36 - [TEST_STEP][PASSED] - setText: Text 'perkeso2' is set on object 'Object Repository/Final Object Repo/New Registration - Registration Module Pages/Form 1/Postal Address2'

2018-12-11 17:17:36 - [MESSAGE][PASSED] - Text 'perkeso2' is set on object 'Object Repository/Final Object Repo/New Registration - Registration Module Pages/Form 1/Postal Address2'

2018-12-11 17:17:36 - [TEST_STEP][PASSED] - setText: Text 'perkeso3' is set on object 'Object Repository/Final Object Repo/New Registration - Registration Module Pages/Form 1/Postal Address3'

2018-12-11 17:17:37 - [MESSAGE][PASSED] - Text 'perkeso3' is set on object 'Object Repository/Final Object Repo/New Registration - Registration Module Pages/Form 1/Postal Address3'

2018-12-11 17:17:37 - [TEST_STEP][PASSED] - click: Object: 'Object Repository/Final Object Repo/New Registration - Registration Module Pages/Form 1/State' is clicked on

2018-12-11 17:17:37 - [MESSAGE][PASSED] - Object: 'Object Repository/Final Object Repo/New Registration - Registration Module Pages/Form 1/State' is clicked on

2018-12-11 17:17:37 - [TEST_STEP][PASSED] - click: Object: 'Object Repository/Final Object Repo/New Registration - Registration Module Pages/Form 1/State - Johor' is clicked on

2018-12-11 17:17:37 - [MESSAGE][PASSED] - Object: 'Object Repository/Final Object Repo/New Registration - Registration Module Pages/Form 1/State - Johor' is clicked on

2018-12-11 17:17:37 - [TEST_STEP][PASSED] - delay: Delayed 1 second(s)

2018-12-11 17:17:38 - [MESSAGE][PASSED] - Delayed 1 second(s)

2018-12-11 17:17:38 - [TEST_STEP][PASSED] - click: Object: 'Object Repository/Final Object Repo/New Registration - Registration Module Pages/Form 1/City' is clicked on

2018-12-11 17:17:38 - [MESSAGE][PASSED] - Object: 'Object Repository/Final Object Repo/New Registration - Registration Module Pages/Form 1/City' is clicked on

2018-12-11 17:17:38 - [TEST_STEP][PASSED] - setText: Text 'joh' is set on object 'Object Repository/Final Object Repo/New Registration - Registration Module Pages/Form 1/Postcode - 810'

2018-12-11 17:17:39 - [MESSAGE][PASSED] - Text 'joh' is set on object 'Object Repository/Final Object Repo/New Registration - Registration Module Pages/Form 1/Postcode - 810'

2018-12-11 17:17:39 - [TEST_STEP][PASSED] - delay: Delayed 1 second(s)

2018-12-11 17:17:40 - [MESSAGE][PASSED] - Delayed 1 second(s)

2018-12-11 17:17:40 - [TEST_STEP][PASSED] - click: Object: 'Object Repository/Final Object Repo/New Registration - Registration Module Pages/Form 1/City - Johor Bharu' is clicked on

2018-12-11 17:17:40 - [MESSAGE][PASSED] - Object: 'Object Repository/Final Object Repo/New Registration - Registration Module Pages/Form 1/City - Johor Bharu' is clicked on

2018-12-11 17:17:40 - [TEST_STEP][PASSED] - delay: Delayed 1 second(s)

2018-12-11 17:17:41 - [MESSAGE][PASSED] - Delayed 1 second(s)

2018-12-11 17:17:41 - [TEST_STEP][PASSED] - click: Object: 'Object Repository/Final Object Repo/New Registration - Registration Module Pages/Form 1/Postcode' is clicked on

2018-12-11 17:17:41 - [MESSAGE][PASSED] - Object: 'Object Repository/Final Object Repo/New Registration - Registration Module Pages/Form 1/Postcode' is clicked on

2018-12-11 17:17:41 - [TEST_STEP][PASSED] - delay: Delayed 1 second(s)

2018-12-11 17:17:42 - [MESSAGE][PASSED] - Delayed 1 second(s)

2018-12-11 17:17:42 - [TEST_STEP][PASSED] - setText: Text '810' is set on object 'Object Repository/Final Object Repo/New Registration - Registration Module Pages/Form 1/Postcode - 810'

2018-12-11 17:17:42 - [MESSAGE][PASSED] - Text '810' is set on object 'Object Repository/Final Object Repo/New Registration - Registration Module Pages/Form 1/Postcode - 810'

2018-12-11 17:17:42 - [TEST_STEP][PASSED] - delay: Delayed 3 second(s)

2018-12-11 17:17:45 - [MESSAGE][PASSED] - Delayed 3 second(s)

2018-12-11 17:17:45 - [TEST_STEP][PASSED] - click: Object: 'Object Repository/Final Object Repo/New Registration - Registration Module Pages/Form 1/Postcode - 81000' is clicked on

2018-12-11 17:17:45 - [MESSAGE][PASSED] - Object: 'Object Repository/Final Object Repo/New Registration - Registration Module Pages/Form 1/Postcode - 81000' is clicked on

2018-12-11 17:17:45 - [TEST_STEP][PASSED] - delay: Delayed 1 second(s)

2018-12-11 17:17:46 - [MESSAGE][PASSED] - Delayed 1 second(s)

2018-12-11 17:17:46 - [TEST_STEP][PASSED] - setText: Text '100' is set on object 'Object Repository/Final Object Repo/New Registration - Registration Module Pages/Form 1/P.O.BOX'

2018-12-11 17:17:47 - [MESSAGE][PASSED] - Text '100' is set on object 'Object Repository/Final Object Repo/New Registration - Registration Module Pages/Form 1/P.O.BOX'

2018-12-11 17:17:47 - [TEST_STEP][PASSED] - setText: Text '100' is set on object 'Object Repository/Final Object Repo/New Registration - Registration Module Pages/Form 1/Locked Bag No'

2018-12-11 17:17:47 - [MESSAGE][PASSED] - Text '100' is set on object 'Object Repository/Final Object Repo/New Registration - Registration Module Pages/Form 1/Locked Bag No'

2018-12-11 17:17:47 - [TEST_STEP][PASSED] - click: Object: 'Object Repository/Final Object Repo/New Registration - Registration Module Pages/Form 1/SOCSO Office Location' is clicked on

2018-12-11 17:17:47 - [MESSAGE][PASSED] - Object: 'Object Repository/Final Object Repo/New Registration - Registration Module Pages/Form 1/SOCSO Office Location' is clicked on

2018-12-11 17:17:47 - [TEST_STEP][PASSED] - click: Object: 'Object Repository/Final Object Repo/New Registration - Registration Module Pages/Form 1/SOCSO Office Location - Pejabat PERKESO Negeri Johor' is clicked on

2018-12-11 17:17:47 - [MESSAGE][PASSED] - Object: 'Object Repository/Final Object Repo/New Registration - Registration Module Pages/Form 1/SOCSO Office Location - Pejabat PERKESO Negeri Johor' is clicked on

2018-12-11 17:17:47 - [TEST_STEP][PASSED] - delay: Delayed 1 second(s)

2018-12-11 17:17:48 - [MESSAGE][PASSED] - Delayed 1 second(s)

2018-12-11 17:17:48 - [TEST_STEP][PASSED] - check: Object 'Object Repository/Final Object Repo/New Registration - Registration Module Pages/Form 1/Indusrty Address Same As Postal Address' is checked

2018-12-11 17:17:49 - [MESSAGE][PASSED] - Object 'Object Repository/Final Object Repo/New Registration - Registration Module Pages/Form 1/Indusrty Address Same As Postal Address' is checked

2018-12-11 17:17:49 - [TEST_STEP][PASSED] - delay: Delayed 3 second(s)

2018-12-11 17:17:52 - [MESSAGE][PASSED] - Delayed 3 second(s)

2018-12-11 17:17:52 - [TEST_STEP][PASSED] - click: Object: 'Object Repository/Final Object Repo/New Registration - Registration Module Pages/Form 1/Indusry Address Same As Postal Address False' is clicked on

2018-12-11 17:17:52 - [MESSAGE][PASSED] - Object: 'Object Repository/Final Object Repo/New Registration - Registration Module Pages/Form 1/Indusry Address Same As Postal Address False' is clicked on

2018-12-11 17:17:52 - [TEST_STEP][PASSED] - delay: Delayed 1 second(s)

2018-12-11 17:17:53 - [MESSAGE][PASSED] - Delayed 1 second(s)

2018-12-11 17:17:53 - [TEST_STEP][PASSED] - setText: Text 'perkeso1' is set on object 'Object Repository/Final Object Repo/New Registration - Registration Module Pages/Form 1/Industry Address1'

2018-12-11 17:17:53 - [MESSAGE][PASSED] - Text 'perkeso1' is set on object 'Object Repository/Final Object Repo/New Registration - Registration Module Pages/Form 1/Industry Address1'

2018-12-11 17:17:53 - [TEST_STEP][PASSED] - setText: Text 'perkeso2' is set on object 'Object Repository/Final Object Repo/New Registration - Registration Module Pages/Form 1/Industry Address2'

2018-12-11 17:17:54 - [MESSAGE][PASSED] - Text 'perkeso2' is set on object 'Object Repository/Final Object Repo/New Registration - Registration Module Pages/Form 1/Industry Address2'

2018-12-11 17:17:54 - [TEST_STEP][PASSED] - setText: Text 'perkeso3' is set on object 'Object Repository/Final Object Repo/New Registration - Registration Module Pages/Form 1/Industry Address3'

2018-12-11 17:17:54 - [MESSAGE][PASSED] - Text 'perkeso3' is set on object 'Object Repository/Final Object Repo/New Registration - Registration Module Pages/Form 1/Industry Address3'

2018-12-11 17:17:54 - [TEST_STEP][PASSED] - click: Object: 'Object Repository/Final Object Repo/New Registration - Registration Module Pages/Form 1/Industry State' is clicked on

2018-12-11 17:17:54 - [MESSAGE][PASSED] - Object: 'Object Repository/Final Object Repo/New Registration - Registration Module Pages/Form 1/Industry State' is clicked on

2018-12-11 17:17:54 - [TEST_STEP][PASSED] - delay: Delayed 2 second(s)

2018-12-11 17:17:56 - [MESSAGE][PASSED] - Delayed 2 second(s)

2018-12-11 17:17:56 - [TEST_STEP][PASSED] - click: Object: 'Object Repository/Final Object Repo/New Registration - Registration Module Pages/Form 1/Industry State - Johor' is clicked on

2018-12-11 17:17:56 - [MESSAGE][PASSED] - Object: 'Object Repository/Final Object Repo/New Registration - Registration Module Pages/Form 1/Industry State - Johor' is clicked on

2018-12-11 17:17:56 - [TEST_STEP][PASSED] - delay: Delayed 2 second(s)

2018-12-11 17:17:58 - [MESSAGE][PASSED] - Delayed 2 second(s)

2018-12-11 17:17:58 - [TEST_STEP][PASSED] - click: Object: 'Object Repository/Final Object Repo/New Registration - Registration Module Pages/Form 1/Industry Ciry' is clicked on

2018-12-11 17:17:59 - [MESSAGE][PASSED] - Object: 'Object Repository/Final Object Repo/New Registration - Registration Module Pages/Form 1/Industry Ciry' is clicked on

2018-12-11 17:17:59 - [TEST_STEP][PASSED] - setText: Text 'joh' is set on object 'Object Repository/Final Object Repo/New Registration - Registration Module Pages/Form 1/Industry Ciry - joh'

2018-12-11 17:17:59 - [MESSAGE][PASSED] - Text 'joh' is set on object 'Object Repository/Final Object Repo/New Registration - Registration Module Pages/Form 1/Industry Ciry - joh'

2018-12-11 17:17:59 - [TEST_STEP][PASSED] - delay: Delayed 2 second(s)

2018-12-11 17:18:01 - [MESSAGE][PASSED] - Delayed 2 second(s)

2018-12-11 17:18:01 - [TEST_STEP][PASSED] - click: Object: 'Object Repository/Final Object Repo/New Registration - Registration Module Pages/Form 1/Industy State - Johor Bharu' is clicked on

2018-12-11 17:18:01 - [MESSAGE][PASSED] - Object: 'Object Repository/Final Object Repo/New Registration - Registration Module Pages/Form 1/Industy State - Johor Bharu' is clicked on

2018-12-11 17:18:01 - [TEST_STEP][PASSED] - delay: Delayed 1 second(s)

2018-12-11 17:18:02 - [MESSAGE][PASSED] - Delayed 1 second(s)

2018-12-11 17:18:02 - [TEST_STEP][PASSED] - click: Object: 'Object Repository/Final Object Repo/New Registration - Registration Module Pages/Form 1/Indusry PostCode' is clicked on

2018-12-11 17:18:02 - [MESSAGE][PASSED] - Object: 'Object Repository/Final Object Repo/New Registration - Registration Module Pages/Form 1/Indusry PostCode' is clicked on

2018-12-11 17:18:02 - [TEST_STEP][PASSED] - delay: Delayed 1 second(s)

2018-12-11 17:18:03 - [MESSAGE][PASSED] - Delayed 1 second(s)

2018-12-11 17:18:03 - [TEST_STEP][PASSED] - setText: Text '810' is set on object 'Object Repository/Final Object Repo/New Registration - Registration Module Pages/Form 1/Insutry Post Code - 810'

2018-12-11 17:18:03 - [MESSAGE][PASSED] - Text '810' is set on object 'Object Repository/Final Object Repo/New Registration - Registration Module Pages/Form 1/Insutry Post Code - 810'

2018-12-11 17:18:03 - [TEST_STEP][PASSED] - delay: Delayed 1 second(s)

2018-12-11 17:18:04 - [MESSAGE][PASSED] - Delayed 1 second(s)

2018-12-11 17:18:04 - [TEST_STEP][PASSED] - click: Object: 'Object Repository/Final Object Repo/New Registration - Registration Module Pages/Form 1/Insutry Post Code - 81000' is clicked on

2018-12-11 17:18:05 - [MESSAGE][PASSED] - Object: 'Object Repository/Final Object Repo/New Registration - Registration Module Pages/Form 1/Insutry Post Code - 81000' is clicked on

2018-12-11 17:18:05 - [TEST_STEP][PASSED] - delay: Delayed 1 second(s)

2018-12-11 17:18:06 - [MESSAGE][PASSED] - Delayed 1 second(s)

2018-12-11 17:18:06 - [TEST_STEP][PASSED] - setText: Text '100' is set on object 'Object Repository/Final Object Repo/New Registration - Registration Module Pages/Form 1/Industry P.O.BOX'

2018-12-11 17:18:06 - [MESSAGE][PASSED] - Text '100' is set on object 'Object Repository/Final Object Repo/New Registration - Registration Module Pages/Form 1/Industry P.O.BOX'

2018-12-11 17:18:06 - [TEST_STEP][PASSED] - setText: Text '100' is set on object 'Object Repository/Final Object Repo/New Registration - Registration Module Pages/Form 1/Industry Locked Bag No'

2018-12-11 17:18:06 - [MESSAGE][PASSED] - Text '100' is set on object 'Object Repository/Final Object Repo/New Registration - Registration Module Pages/Form 1/Industry Locked Bag No'

2018-12-11 17:18:06 - [TEST_STEP][PASSED] - setText: Text '123456789' is set on object 'Object Repository/Final Object Repo/New Registration - Registration Module Pages/Form 1/Telephone No'

2018-12-11 17:18:07 - [MESSAGE][PASSED] - Text '123456789' is set on object 'Object Repository/Final Object Repo/New Registration - Registration Module Pages/Form 1/Telephone No'

2018-12-11 17:18:07 - [TEST_STEP][PASSED] - setText: Text '123456789' is set on object 'Object Repository/Final Object Repo/New Registration - Registration Module Pages/Form 1/Mobile No'

2018-12-11 17:18:07 - [MESSAGE][PASSED] - Text '123456789' is set on object 'Object Repository/Final Object Repo/New Registration - Registration Module Pages/Form 1/Mobile No'

2018-12-11 17:18:07 - [TEST_STEP][PASSED] - setText: Text '123456789' is set on object 'Object Repository/Final Object Repo/New Registration - Registration Module Pages/Form 1/Fax No'

2018-12-11 17:18:07 - [MESSAGE][PASSED] - Text '123456789' is set on object 'Object Repository/Final Object Repo/New Registration - Registration Module Pages/Form 1/Fax No'

2018-12-11 17:18:07 - [TEST_STEP][PASSED] - click: Object: 'Object Repository/Final Object Repo/New Registration - Registration Module Pages/Form 1/Industry Code' is clicked on

2018-12-11 17:18:08 - [MESSAGE][PASSED] - Object: 'Object Repository/Final Object Repo/New Registration - Registration Module Pages/Form 1/Industry Code' is clicked on

2018-12-11 17:18:08 - [TEST_STEP][PASSED] - click: Object: 'Object Repository/Final Object Repo/New Registration - Registration Module Pages/Form 1/Indudustry Code - Crops and Animal' is clicked on

2018-12-11 17:18:08 - [MESSAGE][PASSED] - Object: 'Object Repository/Final Object Repo/New Registration - Registration Module Pages/Form 1/Indudustry Code - Crops and Animal' is clicked on

2018-12-11 17:18:08 - [TEST_STEP][PASSED] - delay: Delayed 1 second(s)

2018-12-11 17:18:09 - [MESSAGE][PASSED] - Delayed 1 second(s)

2018-12-11 17:18:09 - [TEST_STEP][PASSED] - click: Object: 'Object Repository/Final Object Repo/New Registration - Registration Module Pages/Form 1/Sub Industry Code List' is clicked on

2018-12-11 17:18:09 - [MESSAGE][PASSED] - Object: 'Object Repository/Final Object Repo/New Registration - Registration Module Pages/Form 1/Sub Industry Code List' is clicked on

2018-12-11 17:18:09 - [TEST_STEP][PASSED] - click: Object: 'Object Repository/Final Object Repo/New Registration - Registration Module Pages/Form 1/Sub Industry Code List - Growing of Maize' is clicked on

2018-12-11 17:18:09 - [MESSAGE][PASSED] - Object: 'Object Repository/Final Object Repo/New Registration - Registration Module Pages/Form 1/Sub Industry Code List - Growing of Maize' is clicked on

2018-12-11 17:18:09 - [TEST_STEP][PASSED] - setText: Text 'perkeso123@gmail.com' is set on object 'Object Repository/Final Object Repo/New Registration - Registration Module Pages/Form 1/Email'

2018-12-11 17:18:10 - [MESSAGE][PASSED] - Text 'perkeso123@gmail.com' is set on object 'Object Repository/Final Object Repo/New Registration - Registration Module Pages/Form 1/Email'

2018-12-11 17:18:10 - [TEST_STEP][PASSED] - click: Object: 'Object Repository/Final Object Repo/New Registration - Registration Module Pages/Form 1/Method of Contribution Payment' is clicked on

2018-12-11 17:18:10 - [MESSAGE][PASSED] - Object: 'Object Repository/Final Object Repo/New Registration - Registration Module Pages/Form 1/Method of Contribution Payment' is clicked on

2018-12-11 17:18:10 - [TEST_STEP][PASSED] - click: Object: 'Object Repository/Final Object Repo/New Registration - Registration Module Pages/Form 1/Method of Contribution Payment - Portal' is clicked on

2018-12-11 17:18:11 - [MESSAGE][PASSED] - Object: 'Object Repository/Final Object Repo/New Registration - Registration Module Pages/Form 1/Method of Contribution Payment - Portal' is clicked on

2018-12-11 17:18:11 - [TEST_STEP][PASSED] - click: Object: 'Object Repository/Final Object Repo/New Registration - Registration Module Pages/Form 1/Servide Type' is clicked on

2018-12-11 17:18:11 - [MESSAGE][PASSED] - Object: 'Object Repository/Final Object Repo/New Registration - Registration Module Pages/Form 1/Servide Type' is clicked on

2018-12-11 17:18:11 - [TEST_STEP][PASSED] - click: Object: 'Object Repository/Final Object Repo/New Registration - Registration Module Pages/Form 1/Servide Type - Professional Bodies' is clicked on

2018-12-11 17:18:11 - [MESSAGE][PASSED] - Object: 'Object Repository/Final Object Repo/New Registration - Registration Module Pages/Form 1/Servide Type - Professional Bodies' is clicked on

2018-12-11 17:18:11 - [TEST_STEP][PASSED] - click: Object: 'Object Repository/Final Object Repo/New Registration - Registration Module Pages/Form 1/Industry Venue' is clicked on

2018-12-11 17:18:11 - [MESSAGE][PASSED] - Object: 'Object Repository/Final Object Repo/New Registration - Registration Module Pages/Form 1/Industry Venue' is clicked on

2018-12-11 17:18:11 - [TEST_STEP][PASSED] - click: Object: 'Object Repository/Final Object Repo/New Registration - Registration Module Pages/Form 1/Industry Venue -  PPN JOHOR' is clicked on

2018-12-11 17:18:11 - [MESSAGE][PASSED] - Object: 'Object Repository/Final Object Repo/New Registration - Registration Module Pages/Form 1/Industry Venue -  PPN JOHOR' is clicked on

2018-12-11 17:18:11 - [TEST_STEP][PASSED] - click: Object: 'Object Repository/Final Object Repo/New Registration - Registration Module Pages/Form 1/Save  Continue' is clicked on

2018-12-11 17:18:12 - [MESSAGE][PASSED] - Object: 'Object Repository/Final Object Repo/New Registration - Registration Module Pages/Form 1/Save  Continue' is clicked on

2018-12-11 17:18:12 - [MESSAGE][PASSED] - Call Test Case 'Test Cases/Final Aug 2018 - PKS Automation/Registration Module/New Registration/Form 1/Form 1 - Corporation - BHD' successfully

2018-12-11 17:18:12 - [TEST_STEP][PASSED] - callTestCase: Call Test Case 'Test Cases/Final Aug 2018 - PKS Automation/Registration Module/New Registration/Form 2/Add 1 Eligible' successfully

2018-12-11 17:18:12 - [TEST_CASE][PASSED] - Test Cases/Final Aug 2018 - PKS Automation/Registration Module/New Registration/Form 2/Add 1 Eligible: Test Cases/Final Aug 2018 - PKS Automation/Registration Module/New Registration/Form 2/Add 1 Eligible

2018-12-11 17:18:12 - [TEST_STEP][PASSED] - delay: Delayed 2 second(s)

2018-12-11 17:18:14 - [MESSAGE][PASSED] - Delayed 2 second(s)

2018-12-11 17:18:14 - [TEST_STEP][PASSED] - callTestCase: Call Test Case 'Test Cases/Final Aug 2018 - PKS Automation/Registration Module/New Registration/Form 2/Date Updater' successfully

2018-12-11 17:18:14 - [TEST_CASE][PASSED] - Test Cases/Final Aug 2018 - PKS Automation/Registration Module/New Registration/Form 2/Date Updater: Test Cases/Final Aug 2018 - PKS Automation/Registration Module/New Registration/Form 2/Date Updater

2018-12-11 17:18:14 - [TEST_STEP][PASSED] - Statement - TodayDate = new java.util.Date(): null

2018-12-11 17:18:14 - [TEST_STEP][PASSED] - Statement - CurrentDateNoFilter = new java.text.SimpleDateFormat(): null

2018-12-11 17:18:14 - [TEST_STEP][PASSED] - Statement - CurrentDateNoFilter.applyPattern("MM"): null

2018-12-11 17:18:14 - [TEST_STEP][PASSED] - Statement - monthContainerMatcher = java.lang.Integer.parseInt(CurrentDateNoFilter.format(TodayDate)): null

2018-12-11 17:18:14 - [TEST_STEP][PASSED] - Statement - monthContainerMatcher = monthContainerMatcher - 1: null

2018-12-11 17:18:14 - [TEST_STEP][PASSED] - Statement - CurrentMonth = monthContainerMatcher.toString(): null

2018-12-11 17:18:14 - [TEST_STEP][PASSED] - Statement - CurrentMonth = CurrentMonth: null

2018-12-11 17:18:14 - [TEST_STEP][PASSED] - Statement - CurrentDateNoFilter.applyPattern("yyyy"): null

2018-12-11 17:18:14 - [TEST_STEP][PASSED] - Statement - CurrentYear = CurrentDateNoFilter.format(TodayDate): null

2018-12-11 17:18:14 - [TEST_STEP][PASSED] - Statement - CurrentYear = CurrentYear: null

2018-12-11 17:18:14 - [TEST_STEP][PASSED] - Statement - intCurrentYear = java.lang.Integer.parseInt(CurrentDateNoFilter.format(TodayDate)): null

2018-12-11 17:18:14 - [TEST_STEP][PASSED] - Statement - eighteenYrsAgo = intCurrentYear - 18: null

2018-12-11 17:18:14 - [TEST_STEP][PASSED] - Statement - eighteenYrsBeforeThisYr = eighteenYrsAgo.toString(): null

2018-12-11 17:18:14 - [TEST_STEP][PASSED] - Statement - EighteenYrsBefore = eighteenYrsBeforeThisYr: null

2018-12-11 17:18:14 - [TEST_STEP][PASSED] - Statement - fiftysevenYrsAgo = intCurrentYear - 57: null

2018-12-11 17:18:14 - [TEST_STEP][PASSED] - Statement - fiftysevenYrsBeforeThisYr = fiftysevenYrsAgo.toString(): null

2018-12-11 17:18:14 - [TEST_STEP][PASSED] - Statement - FiftysevenYrsBefore = fiftysevenYrsBeforeThisYr: null

2018-12-11 17:18:14 - [TEST_STEP][PASSED] - Statement - leapYear = false: null

2018-12-11 17:18:14 - [TEST_STEP][PASSED] - Statement - leapYear = intCurrentYear % 4 == 0: null

2018-12-11 17:18:14 - [TEST_STEP][PASSED] - Statement - CurrentDateNoFilter.applyPattern("dd"): null

2018-12-11 17:18:14 - [TEST_STEP][PASSED] - Statement - CurrentDate = CurrentDateNoFilter.format(TodayDate): null

2018-12-11 17:18:14 - [TEST_STEP][PASSED] - Statement - CurrentDate = java.lang.Integer.parseInt(CurrentDate): null

2018-12-11 17:18:14 - [TEST_STEP][PASSED] - Statement - CurrentDate = CurrentDate: null

2018-12-11 17:18:14 - [TEST_STEP][PASSED] - Statement - CurrentDay = java.lang.Integer.parseInt(CurrentDate): null

2018-12-11 17:18:14 - [TEST_STEP][PASSED] - Statement - ConfAdder = <not implemented yet for class: org.codehaus.groovy.ast.expr.EmptyExpression>: null

2018-12-11 17:18:14 - [TEST_STEP][PASSED] - Statement - out.println(CurrentMonth): null

2018-12-11 17:18:14 - [TEST_STEP][PASSED] - Statement - out.println(CurrentDate): null

2018-12-11 17:18:14 - [TEST_STEP][PASSED] - Statement - switch (CurrentDate): null

2018-12-11 17:18:14 - [TEST_STEP][PASSED] - Statement - Default: null

2018-12-11 17:18:14 - [TEST_STEP][PASSED] - Statement - ConfAdder = true: null

2018-12-11 17:18:14 - [TEST_STEP][PASSED] - Statement - Break: null

2018-12-11 17:18:14 - [TEST_STEP][PASSED] - Statement - aDayBefore = <not implemented yet for class: org.codehaus.groovy.ast.expr.EmptyExpression>: null

2018-12-11 17:18:14 - [TEST_STEP][PASSED] - Statement - out.println(ConfAdder): null

2018-12-11 17:18:14 - [TEST_STEP][PASSED] - Statement - If (ConfAdder == true): null

2018-12-11 17:18:14 - [TEST_STEP][PASSED] - Statement - aDayBefore = CurrentDay + 1: null

2018-12-11 17:18:14 - [TEST_STEP][PASSED] - Statement - out.println(aDayBefore): null

2018-12-11 17:18:14 - [TEST_STEP][PASSED] - Statement - If (aDayBefore == 1 && CurrentMonth == 11): null

2018-12-11 17:18:14 - [TEST_STEP][PASSED] - Statement - DayBefore = aDayBefore.toString(): null

2018-12-11 17:18:14 - [TEST_STEP][PASSED] - Statement - OneDayBefore = DayBefore: null

2018-12-11 17:18:14 - [MESSAGE][PASSED] - Call Test Case 'Test Cases/Final Aug 2018 - PKS Automation/Registration Module/New Registration/Form 2/Date Updater' successfully

2018-12-11 17:18:14 - [TEST_STEP][PASSED] - delay: Delayed 1 second(s)

2018-12-11 17:18:15 - [MESSAGE][PASSED] - Delayed 1 second(s)

2018-12-11 17:18:15 - [TEST_STEP][PASSED] - Statement - CaseReferenceNo = com.kms.katalon.core.webui.keyword.WebUiBuiltInKeywords.getText(com.kms.katalon.core.testobject.ObjectRepository.findTestObject(Final Object Repo/New Registration - Registration Module Pages/Form 2/RefNo Acquiring)): Text of object 'Object Repository/Final Object Repo/New Registration - Registration Module Pages/Form 2/RefNo Acquiring' is: 'CRN12201800123187'

2018-12-11 17:18:15 - [MESSAGE][PASSED] - Text of object 'Object Repository/Final Object Repo/New Registration - Registration Module Pages/Form 2/RefNo Acquiring' is: 'CRN12201800123187'

2018-12-11 17:18:15 - [TEST_STEP][PASSED] - delay: Delayed 1 second(s)

2018-12-11 17:18:16 - [MESSAGE][PASSED] - Delayed 1 second(s)

2018-12-11 17:18:16 - [TEST_STEP][PASSED] - click: Object: 'Object Repository/Final Object Repo/New Registration - Registration Module Pages/Form 2/Add Employee Button' is clicked on

2018-12-11 17:18:16 - [MESSAGE][PASSED] - Object: 'Object Repository/Final Object Repo/New Registration - Registration Module Pages/Form 2/Add Employee Button' is clicked on

2018-12-11 17:18:16 - [TEST_STEP][PASSED] - delay: Delayed 1 second(s)

2018-12-11 17:18:17 - [MESSAGE][PASSED] - Delayed 1 second(s)

2018-12-11 17:18:17 - [TEST_STEP][PASSED] - setText: Text '010903091963' is set on object 'Object Repository/Final Object Repo/New Registration - Registration Module Pages/Form 2/NRIC Input'

2018-12-11 17:18:17 - [MESSAGE][PASSED] - Text '010903091963' is set on object 'Object Repository/Final Object Repo/New Registration - Registration Module Pages/Form 2/NRIC Input'

2018-12-11 17:18:17 - [TEST_STEP][PASSED] - click: Object: 'Object Repository/Final Object Repo/New Registration - Registration Module Pages/Form 2/button for search for IC' is clicked on

2018-12-11 17:18:18 - [MESSAGE][PASSED] - Object: 'Object Repository/Final Object Repo/New Registration - Registration Module Pages/Form 2/button for search for IC' is clicked on

2018-12-11 17:18:18 - [TEST_STEP][PASSED] - delay: Delayed 2 second(s)

2018-12-11 17:18:20 - [MESSAGE][PASSED] - Delayed 2 second(s)

2018-12-11 17:18:20 - [TEST_STEP][PASSED] - setText: Text 'Automate001 eligible 1' is set on object 'Object Repository/Final Object Repo/New Registration - Registration Module Pages/Form 2/Employee Name Input'

2018-12-11 17:18:20 - [MESSAGE][PASSED] - Text 'Automate001 eligible 1' is set on object 'Object Repository/Final Object Repo/New Registration - Registration Module Pages/Form 2/Employee Name Input'

2018-12-11 17:18:20 - [TEST_STEP][PASSED] - delay: Delayed 2 second(s)

2018-12-11 17:18:22 - [MESSAGE][PASSED] - Delayed 2 second(s)

2018-12-11 17:18:22 - [TEST_STEP][PASSED] - click: Object: 'Object Repository/Final Object Repo/New Registration - Registration Module Pages/Form 2/DatePicker Pop Up' is clicked on

2018-12-11 17:18:22 - [MESSAGE][PASSED] - Object: 'Object Repository/Final Object Repo/New Registration - Registration Module Pages/Form 2/DatePicker Pop Up' is clicked on

2018-12-11 17:18:22 - [TEST_STEP][PASSED] - click: Object: 'Object Repository/Final Object Repo/New Registration - Registration Module Pages/Form 2/DOB Month' is clicked on

2018-12-11 17:18:23 - [MESSAGE][PASSED] - Object: 'Object Repository/Final Object Repo/New Registration - Registration Module Pages/Form 2/DOB Month' is clicked on

2018-12-11 17:18:23 - [TEST_STEP][PASSED] - Statement - CurrentMonth = CurrentMonth: null

2018-12-11 17:18:23 - [TEST_STEP][PASSED] - Statement - selectMonth = new com.kms.katalon.core.testobject.TestObject(): null

2018-12-11 17:18:23 - [TEST_STEP][PASSED] - Statement - selectMonth.addProperty("xpath", EQUALS, "//body/div/div/div/select/option[@value='" + CurrentMonth + "']", true): null

2018-12-11 17:18:23 - [TEST_STEP][PASSED] - click: Object: '' is clicked on

2018-12-11 17:18:23 - [MESSAGE][PASSED] - Object: '' is clicked on

2018-12-11 17:18:23 - [TEST_STEP][PASSED] - click: Object: 'Object Repository/Final Object Repo/New Registration - Registration Module Pages/Form 2/DOB Year' is clicked on

2018-12-11 17:18:23 - [MESSAGE][PASSED] - Object: 'Object Repository/Final Object Repo/New Registration - Registration Module Pages/Form 2/DOB Year' is clicked on

2018-12-11 17:18:23 - [TEST_STEP][PASSED] - Statement - Eyearsbf = EighteenYrsBefore: null

2018-12-11 17:18:23 - [TEST_STEP][PASSED] - Statement - selectYear = new com.kms.katalon.core.testobject.TestObject(): null

2018-12-11 17:18:23 - [TEST_STEP][PASSED] - Statement - selectYear.addProperty("xpath", EQUALS, "//div/div/div/select/option[@value='" + Eyearsbf + "']", true): null

2018-12-11 17:18:23 - [TEST_STEP][PASSED] - click: Object: '' is clicked on

2018-12-11 17:18:23 - [MESSAGE][PASSED] - Object: '' is clicked on

2018-12-11 17:18:23 - [TEST_STEP][PASSED] - Statement - UpdatedSelectDate = com.kms.katalon.core.webui.keyword.WebUiBuiltInKeywords.modifyObjectProperty(com.kms.katalon.core.testobject.ObjectRepository.findTestObject(Final Object Repo/New Registration - Registration Module Pages/Form 2/DOB Date), "xpath", "equals", "//body/div/table/tbody/tr/td/a[text()="" + CurrentDate + ""]", true): Modify property of object successfully

2018-12-11 17:18:23 - [MESSAGE][PASSED] - Modify property of object successfully

2018-12-11 17:18:23 - [TEST_STEP][PASSED] - delay: Delayed 3 second(s)

2018-12-11 17:18:26 - [MESSAGE][PASSED] - Delayed 3 second(s)

2018-12-11 17:18:26 - [TEST_STEP][PASSED] - click: Object: 'Object Repository/Final Object Repo/New Registration - Registration Module Pages/Form 2/DOB Date' is clicked on

2018-12-11 17:18:26 - [MESSAGE][PASSED] - Object: 'Object Repository/Final Object Repo/New Registration - Registration Module Pages/Form 2/DOB Date' is clicked on

2018-12-11 17:18:26 - [TEST_STEP][PASSED] - delay: Delayed 2 second(s)

2018-12-11 17:18:28 - [MESSAGE][PASSED] - Delayed 2 second(s)

2018-12-11 17:18:28 - [TEST_STEP][PASSED] - click: Object: 'Object Repository/Final Object Repo/New Registration - Registration Module Pages/Form 2/EmploymentStartDate Pop Up' is clicked on

2018-12-11 17:18:28 - [MESSAGE][PASSED] - Object: 'Object Repository/Final Object Repo/New Registration - Registration Module Pages/Form 2/EmploymentStartDate Pop Up' is clicked on

2018-12-11 17:18:28 - [TEST_STEP][PASSED] - delay: Delayed 2 second(s)

2018-12-11 17:18:30 - [MESSAGE][PASSED] - Delayed 2 second(s)

2018-12-11 17:18:30 - [TEST_STEP][PASSED] - click: Object: 'Object Repository/Final Object Repo/New Registration - Registration Module Pages/Form 2/Socso Employment StartDate Month' is clicked on

2018-12-11 17:18:31 - [MESSAGE][PASSED] - Object: 'Object Repository/Final Object Repo/New Registration - Registration Module Pages/Form 2/Socso Employment StartDate Month' is clicked on

2018-12-11 17:18:31 - [TEST_STEP][PASSED] - delay: Delayed 1 second(s)

2018-12-11 17:18:32 - [MESSAGE][PASSED] - Delayed 1 second(s)

2018-12-11 17:18:32 - [TEST_STEP][PASSED] - click: Object: 'Object Repository/Final Object Repo/New Registration - Registration Module Pages/Form 2/Select Socso Employement Startdate Month' is clicked on

2018-12-11 17:18:32 - [MESSAGE][PASSED] - Object: 'Object Repository/Final Object Repo/New Registration - Registration Module Pages/Form 2/Select Socso Employement Startdate Month' is clicked on

2018-12-11 17:18:32 - [TEST_STEP][PASSED] - delay: Delayed 2 second(s)

2018-12-11 17:18:34 - [MESSAGE][PASSED] - Delayed 2 second(s)

2018-12-11 17:18:34 - [TEST_STEP][PASSED] - click: Object: 'Object Repository/Final Object Repo/New Registration - Registration Module Pages/Form 2/Socso Employment StartDate Year' is clicked on

2018-12-11 17:18:34 - [MESSAGE][PASSED] - Object: 'Object Repository/Final Object Repo/New Registration - Registration Module Pages/Form 2/Socso Employment StartDate Year' is clicked on

2018-12-11 17:18:34 - [TEST_STEP][PASSED] - delay: Delayed 1 second(s)

2018-12-11 17:18:35 - [MESSAGE][PASSED] - Delayed 1 second(s)

2018-12-11 17:18:35 - [TEST_STEP][PASSED] - click: Object: 'Object Repository/Final Object Repo/New Registration - Registration Module Pages/Form 2/Select Socso Employment Startdate Year' is clicked on

2018-12-11 17:18:35 - [MESSAGE][PASSED] - Object: 'Object Repository/Final Object Repo/New Registration - Registration Module Pages/Form 2/Select Socso Employment Startdate Year' is clicked on

2018-12-11 17:18:35 - [TEST_STEP][PASSED] - delay: Delayed 2 second(s)

2018-12-11 17:18:37 - [MESSAGE][PASSED] - Delayed 2 second(s)

2018-12-11 17:18:37 - [TEST_STEP][PASSED] - click: Object: 'Object Repository/Final Object Repo/New Registration - Registration Module Pages/Form 2/Socso Employment Start Date Day' is clicked on

2018-12-11 17:18:37 - [MESSAGE][PASSED] - Object: 'Object Repository/Final Object Repo/New Registration - Registration Module Pages/Form 2/Socso Employment Start Date Day' is clicked on

2018-12-11 17:18:37 - [TEST_STEP][PASSED] - delay: Delayed 2 second(s)

2018-12-11 17:18:39 - [MESSAGE][PASSED] - Delayed 2 second(s)

2018-12-11 17:18:39 - [TEST_STEP][PASSED] - click: Object: 'Object Repository/Final Object Repo/New Registration - Registration Module Pages/Form 2/Save Button for Add Employee' is clicked on

2018-12-11 17:18:39 - [MESSAGE][PASSED] - Object: 'Object Repository/Final Object Repo/New Registration - Registration Module Pages/Form 2/Save Button for Add Employee' is clicked on

2018-12-11 17:18:39 - [TEST_STEP][PASSED] - delay: Delayed 6 second(s)

2018-12-11 17:18:45 - [MESSAGE][PASSED] - Delayed 6 second(s)

2018-12-11 17:18:45 - [TEST_STEP][PASSED] - click: Object: 'Object Repository/Final Object Repo/New Registration - Registration Module Pages/Form 2/Save and Continue Form 2' is clicked on

2018-12-11 17:18:46 - [MESSAGE][PASSED] - Object: 'Object Repository/Final Object Repo/New Registration - Registration Module Pages/Form 2/Save and Continue Form 2' is clicked on

2018-12-11 17:18:46 - [MESSAGE][PASSED] - Call Test Case 'Test Cases/Final Aug 2018 - PKS Automation/Registration Module/New Registration/Form 2/Add 1 Eligible' successfully

2018-12-11 17:18:46 - [TEST_STEP][FAILED] - callTestCase: Unable to call Test Case with id 'Test Cases/Final Aug 2018 - PKS Automation/Registration Module/New Registration/Flow of New Registration/Third Screen - Upload Supporting Doc - Preview' (Root cause: Call Test Case 'Test Cases/Final Aug 2018 - PKS Automation/Registration Module/New Registration/Flow of New Registration/Third Screen - Upload Supporting Doc - Preview' failed)

2018-12-11 17:18:46 - [TEST_CASE][FAILED] - Test Cases/Final Aug 2018 - PKS Automation/Registration Module/New Registration/Flow of New Registration/Third Screen - Upload Supporting Doc - Preview: Test Cases/Final Aug 2018 - PKS Automation/Registration Module/New Registration/Flow of New Registration/Third Screen - Upload Supporting Doc - Preview FAILED because (of) (Stack trace: com.kms.katalon.core.exception.StepFailedException: Unable to wait for object 'Object Repository/Final Object Repo/New Registration - Registration Module Pages/Third Screen - Upload Supporting Doc- Preview/Save n Continue in SIP Employee Listing Page' to be clickable (Root cause: org.openqa.selenium.WebDriverException: chrome not reachable
  (Session info: chrome=70.0.3538.110)
  (Driver info: chromedriver=2.43.600210 (68dcf5eebde37173d4027fa8635e332711d2874a),platform=Windows NT 6.1.7601 SP1 x86_64) (WARNING: The server did not provide any stacktrace information)
Command duration or timeout: 0 milliseconds
Build info: version: '3.7.1', revision: '8a0099a', time: '2017-11-06T21:07:36.161Z'
System info: host: 'WIN7TEST02', ip: '10.20.3.72', os.name: 'Windows 7', os.arch: 'amd64', os.version: '6.1', java.version: '1.8.0_181'
Driver info: com.kms.katalon.selenium.driver.CChromeDriver
Capabilities {acceptInsecureCerts: false, acceptSslCerts: false, applicationCacheEnabled: false, browserConnectionEnabled: false, browserName: chrome, chrome: {chromedriverVersion: 2.43.600210 (68dcf5eebde371..., userDataDir: C:\Users\Admin\AppData\Loca...}, cssSelectorsEnabled: true, databaseEnabled: false, goog:chromeOptions: {debuggerAddress: localhost:60252}, handlesAlerts: true, hasTouchScreen: false, javascriptEnabled: true, locationContextEnabled: true, mobileEmulationEnabled: false, nativeEvents: true, networkConnectionEnabled: false, pageLoadStrategy: normal, platform: XP, platformName: XP, rotatable: false, setWindowRect: true, takesHeapSnapshot: true, takesScreenshot: true, unexpectedAlertBehaviour: , unhandledPromptBehavior: , version: 70.0.3538.110, webStorageEnabled: true}
Session ID: 3e94187ca70da5961da6eaab4237bd89
*** Element info: {Using=xpath, value=//a[@targets = 'baseMsgDivId' and @class = 'btn btn-lg blueBtn col-md-2 pull-right m-r-0 browserIdBtn' and (text() = ' SAVE & CONTINUE	
				' or . = ' SAVE & CONTINUE	
				')]})
	at com.kms.katalon.core.keyword.internal.KeywordMain.stepFailed(KeywordMain.groovy:32)
	at com.kms.katalon.core.webui.keyword.internal.WebUIKeywordMain.stepFailed(WebUIKeywordMain.groovy:65)
	at com.kms.katalon.core.webui.keyword.internal.WebUIKeywordMain.runKeyword(WebUIKeywordMain.groovy:27)
	at com.kms.katalon.core.webui.keyword.builtin.WaitForElementClickableKeyword.waitForElementClickable(WaitForElementClickableKeyword.groovy:108)
	at com.kms.katalon.core.webui.keyword.builtin.WaitForElementClickableKeyword.execute(WaitForElementClickableKeyword.groovy:68)
	at com.kms.katalon.core.keyword.internal.KeywordExecutor.executeKeywordForPlatform(KeywordExecutor.groovy:53)
	at com.kms.katalon.core.webui.keyword.WebUiBuiltInKeywords.waitForElementClickable(WebUiBuiltInKeywords.groovy:500)
	at com.kms.katalon.core.webui.keyword.WebUiBuiltInKeywords$waitForElementClickable$7.call(Unknown Source)
	at Script1534409664094.run(Script1534409664094.groovy:32)
	at com.kms.katalon.core.main.ScriptEngine.run(ScriptEngine.java:183)
	at com.kms.katalon.core.main.ScriptEngine.runScriptAsRawText(ScriptEngine.java:108)
	at com.kms.katalon.core.main.TestCaseExecutor.runScript(TestCaseExecutor.java:294)
	at com.kms.katalon.core.main.TestCaseExecutor.doExecute(TestCaseExecutor.java:285)
	at com.kms.katalon.core.main.TestCaseExecutor.processExecutionPhase(TestCaseExecutor.java:264)
	at com.kms.katalon.core.main.TestCaseExecutor.accessMainPhase(TestCaseExecutor.java:256)
	at com.kms.katalon.core.main.TestCaseExecutor.execute(TestCaseExecutor.java:200)
	at com.kms.katalon.core.main.TestCaseMain.runTestCase(TestCaseMain.java:99)
	at com.kms.katalon.core.keyword.builtin.CallTestCaseKeyword$_callTestCase_closure1.doCall(CallTestCaseKeyword.groovy:60)
	at com.kms.katalon.core.keyword.builtin.CallTestCaseKeyword$_callTestCase_closure1.call(CallTestCaseKeyword.groovy)
	at com.kms.katalon.core.keyword.internal.KeywordMain.runKeyword(KeywordMain.groovy:54)
	at com.kms.katalon.core.keyword.builtin.CallTestCaseKeyword.callTestCase(CallTestCaseKeyword.groovy:81)
	at com.kms.katalon.core.keyword.builtin.CallTestCaseKeyword.execute(CallTestCaseKeyword.groovy:45)
	at com.kms.katalon.core.keyword.internal.KeywordExecutor.executeKeywordForPlatform(KeywordExecutor.groovy:53)
	at com.kms.katalon.core.keyword.BuiltinKeywords.callTestCase(BuiltinKeywords.groovy:334)
	at sun.reflect.GeneratedMethodAccessor13.invoke(Unknown Source)
	at sun.reflect.DelegatingMethodAccessorImpl.invoke(DelegatingMethodAccessorImpl.java:43)
	at java.lang.reflect.Method.invoke(Method.java:498)
	at org.codehaus.groovy.reflection.CachedMethod.invoke(CachedMethod.java:93)
	at groovy.lang.MetaMethod.doMethodInvoke(MetaMethod.java:325)
	at groovy.lang.MetaClassImpl.invokeStaticMethod(MetaClassImpl.java:1469)
	at org.codehaus.groovy.runtime.callsite.StaticMetaClassSite.call(StaticMetaClassSite.java:53)
	at org.codehaus.groovy.runtime.callsite.AbstractCallSite.call(AbstractCallSite.java:141)
	at Script1536051799273.run(Script1536051799273.groovy:28)
	at com.kms.katalon.core.main.ScriptEngine.run(ScriptEngine.java:183)
	at com.kms.katalon.core.main.ScriptEngine.runScriptAsRawText(ScriptEngine.java:108)
	at com.kms.katalon.core.main.TestCaseExecutor.runScript(TestCaseExecutor.java:294)
	at com.kms.katalon.core.main.TestCaseExecutor.doExecute(TestCaseExecutor.java:285)
	at com.kms.katalon.core.main.TestCaseExecutor.processExecutionPhase(TestCaseExecutor.java:264)
	at com.kms.katalon.core.main.TestCaseExecutor.accessMainPhase(TestCaseExecutor.java:256)
	at com.kms.katalon.core.main.TestCaseExecutor.execute(TestCaseExecutor.java:200)
	at com.kms.katalon.core.main.TestCaseMain.runTestCase(TestCaseMain.java:99)
	at com.kms.katalon.core.keyword.builtin.CallTestCaseKeyword$_callTestCase_closure1.doCall(CallTestCaseKeyword.groovy:60)
	at com.kms.katalon.core.keyword.builtin.CallTestCaseKeyword$_callTestCase_closure1.call(CallTestCaseKeyword.groovy)
	at com.kms.katalon.core.keyword.internal.KeywordMain.runKeyword(KeywordMain.groovy:54)
	at com.kms.katalon.core.keyword.builtin.CallTestCaseKeyword.callTestCase(CallTestCaseKeyword.groovy:81)
	at com.kms.katalon.core.keyword.builtin.CallTestCaseKeyword.execute(CallTestCaseKeyword.groovy:45)
	at com.kms.katalon.core.keyword.internal.KeywordExecutor.executeKeywordForPlatform(KeywordExecutor.groovy:53)
	at com.kms.katalon.core.keyword.BuiltinKeywords.callTestCase(BuiltinKeywords.groovy:334)
	at sun.reflect.GeneratedMethodAccessor13.invoke(Unknown Source)
	at sun.reflect.DelegatingMethodAccessorImpl.invoke(DelegatingMethodAccessorImpl.java:43)
	at java.lang.reflect.Method.invoke(Method.java:498)
	at org.codehaus.groovy.reflection.CachedMethod.invoke(CachedMethod.java:93)
	at groovy.lang.MetaMethod.doMethodInvoke(MetaMethod.java:325)
	at groovy.lang.MetaClassImpl.invokeStaticMethod(MetaClassImpl.java:1469)
	at org.codehaus.groovy.runtime.callsite.StaticMetaClassSite.call(StaticMetaClassSite.java:53)
	at org.codehaus.groovy.runtime.callsite.CallSiteArray.defaultCall(CallSiteArray.java:48)
	at org.codehaus.groovy.runtime.callsite.AbstractCallSite.call(AbstractCallSite.java:113)
	at org.codehaus.groovy.runtime.callsite.AbstractCallSite.call(AbstractCallSite.java:141)
	at Script1536201277272.run(Script1536201277272.groovy:15)
	at com.kms.katalon.core.main.ScriptEngine.run(ScriptEngine.java:183)
	at com.kms.katalon.core.main.ScriptEngine.runScriptAsRawText(ScriptEngine.java:108)
	at com.kms.katalon.core.main.TestCaseExecutor.runScript(TestCaseExecutor.java:294)
	at com.kms.katalon.core.main.TestCaseExecutor.doExecute(TestCaseExecutor.java:285)
	at com.kms.katalon.core.main.TestCaseExecutor.processExecutionPhase(TestCaseExecutor.java:264)
	at com.kms.katalon.core.main.TestCaseExecutor.accessMainPhase(TestCaseExecutor.java:256)
	at com.kms.katalon.core.main.TestCaseExecutor.execute(TestCaseExecutor.java:200)
	at com.kms.katalon.core.main.TestSuiteExecutor.accessTestCaseMainPhase(TestSuiteExecutor.java:129)
	at com.kms.katalon.core.main.TestSuiteExecutor.accessTestSuiteMainPhase(TestSuiteExecutor.java:112)
	at com.kms.katalon.core.main.TestSuiteExecutor.execute(TestSuiteExecutor.java:81)
	at com.kms.katalon.core.main.TestCaseMain.startTestSuite(TestCaseMain.java:142)
	at com.kms.katalon.core.main.TestCaseMain$startTestSuite$0.call(Unknown Source)
	at org.codehaus.groovy.runtime.callsite.CallSiteArray.defaultCall(CallSiteArray.java:48)
	at org.codehaus.groovy.runtime.callsite.AbstractCallSite.call(AbstractCallSite.java:113)
	at org.codehaus.groovy.runtime.callsite.AbstractCallSite.call(AbstractCallSite.java:141)
	at TempTestSuite1544497307655.run(TempTestSuite1544497307655.groovy:36)
	at groovy.lang.GroovyShell.runScriptOrMainOrTestOrRunnable(GroovyShell.java:263)
	at groovy.lang.GroovyShell.run(GroovyShell.java:518)
	at groovy.lang.GroovyShell.run(GroovyShell.java:507)
	at groovy.ui.GroovyMain.processOnce(GroovyMain.java:653)
	at groovy.ui.GroovyMain.run(GroovyMain.java:384)
	at groovy.ui.GroovyMain.process(GroovyMain.java:370)
	at groovy.ui.GroovyMain.processArgs(GroovyMain.java:129)
	at groovy.ui.GroovyMain.main(GroovyMain.java:109)
	at sun.reflect.NativeMethodAccessorImpl.invoke0(Native Method)
	at sun.reflect.NativeMethodAccessorImpl.invoke(NativeMethodAccessorImpl.java:62)
	at sun.reflect.DelegatingMethodAccessorImpl.invoke(DelegatingMethodAccessorImpl.java:43)
	at java.lang.reflect.Method.invoke(Method.java:498)
	at org.codehaus.groovy.tools.GroovyStarter.rootLoader(GroovyStarter.java:109)
	at org.codehaus.groovy.tools.GroovyStarter.main(GroovyStarter.java:131)
)

2018-12-11 17:18:46 - [TEST_STEP][PASSED] - waitForPageLoad: Wait for page load successfully

2018-12-11 17:18:46 - [MESSAGE][PASSED] - Wait for page load successfully

2018-12-11 17:18:46 - [TEST_STEP][PASSED] - Statement - CaseReferenceNo = com.kms.katalon.core.webui.keyword.WebUiBuiltInKeywords.getText(com.kms.katalon.core.testobject.ObjectRepository.findTestObject(Final Object Repo/New Registration - Registration Module Pages/Third Screen - Upload Supporting Doc- Preview/RefNo Acquiring)): Text of object 'Object Repository/Final Object Repo/New Registration - Registration Module Pages/Third Screen - Upload Supporting Doc- Preview/RefNo Acquiring' is: 'CRN12201800123187'

2018-12-11 17:18:46 - [MESSAGE][PASSED] - Text of object 'Object Repository/Final Object Repo/New Registration - Registration Module Pages/Third Screen - Upload Supporting Doc- Preview/RefNo Acquiring' is: 'CRN12201800123187'

2018-12-11 17:18:46 - [TEST_STEP][PASSED] - delay: Delayed 2 second(s)

2018-12-11 17:18:48 - [MESSAGE][PASSED] - Delayed 2 second(s)

2018-12-11 17:18:48 - [TEST_STEP][PASSED] - callTestCase: Call Test Case 'Test Cases/Final Aug 2018 - PKS Automation/Common/Reference Number Setter' successfully

2018-12-11 17:18:48 - [TEST_CASE][PASSED] - Test Cases/Final Aug 2018 - PKS Automation/Common/Reference Number Setter: Test Cases/Final Aug 2018 - PKS Automation/Common/Reference Number Setter

2018-12-11 17:18:48 - [TEST_STEP][PASSED] - Statement - RefNoOldFile = new java.io.File(C://Users//Admin//Desktop//PKS//Automation Reference Point//KatalonReference.txt): null

2018-12-11 17:18:48 - [TEST_STEP][PASSED] - Statement - RefNoOldFile.delete(): null

2018-12-11 17:18:48 - [TEST_STEP][PASSED] - delay: Delayed 5 second(s)

2018-12-11 17:18:53 - [MESSAGE][PASSED] - Delayed 5 second(s)

2018-12-11 17:18:53 - [TEST_STEP][PASSED] - Statement - RefNo = new java.io.File(C://Users//Admin//Desktop//PKS//Automation Reference Point//KatalonReference.txt): null

2018-12-11 17:18:54 - [TEST_STEP][PASSED] - Statement - f2 = new java.io.FileWriter(RefNo, false): null

2018-12-11 17:18:54 - [TEST_STEP][PASSED] - Statement - f2.write(CaseReferenceNo): null

2018-12-11 17:18:54 - [TEST_STEP][PASSED] - Statement - f2.close(): null

2018-12-11 17:18:54 - [TEST_STEP][PASSED] - Statement - out.println("


" + CaseReferenceNo + "


"): null

2018-12-11 17:18:54 - [MESSAGE][PASSED] - Call Test Case 'Test Cases/Final Aug 2018 - PKS Automation/Common/Reference Number Setter' successfully

2018-12-11 17:18:54 - [TEST_STEP][FAILED] - waitForElementClickable: Unable to wait for object 'Object Repository/Final Object Repo/New Registration - Registration Module Pages/Third Screen - Upload Supporting Doc- Preview/Save n Continue in SIP Employee Listing Page' to be clickable (Root cause: org.openqa.selenium.WebDriverException: chrome not reachable
  (Session info: chrome=70.0.3538.110)
  (Driver info: chromedriver=2.43.600210 (68dcf5eebde37173d4027fa8635e332711d2874a),platform=Windows NT 6.1.7601 SP1 x86_64) (WARNING: The server did not provide any stacktrace information)
Command duration or timeout: 0 milliseconds
Build info: version: '3.7.1', revision: '8a0099a', time: '2017-11-06T21:07:36.161Z'
System info: host: 'WIN7TEST02', ip: '10.20.3.72', os.name: 'Windows 7', os.arch: 'amd64', os.version: '6.1', java.version: '1.8.0_181'
Driver info: com.kms.katalon.selenium.driver.CChromeDriver
Capabilities {acceptInsecureCerts: false, acceptSslCerts: false, applicationCacheEnabled: false, browserConnectionEnabled: false, browserName: chrome, chrome: {chromedriverVersion: 2.43.600210 (68dcf5eebde371..., userDataDir: C:\Users\Admin\AppData\Loca...}, cssSelectorsEnabled: true, databaseEnabled: false, goog:chromeOptions: {debuggerAddress: localhost:60252}, handlesAlerts: true, hasTouchScreen: false, javascriptEnabled: true, locationContextEnabled: true, mobileEmulationEnabled: false, nativeEvents: true, networkConnectionEnabled: false, pageLoadStrategy: normal, platform: XP, platformName: XP, rotatable: false, setWindowRect: true, takesHeapSnapshot: true, takesScreenshot: true, unexpectedAlertBehaviour: , unhandledPromptBehavior: , version: 70.0.3538.110, webStorageEnabled: true}
Session ID: 3e94187ca70da5961da6eaab4237bd89
*** Element info: {Using=xpath, value=//a[@targets = 'baseMsgDivId' and @class = 'btn btn-lg blueBtn col-md-2 pull-right m-r-0 browserIdBtn' and (text() = ' SAVE & CONTINUE	
				' or . = ' SAVE & CONTINUE	
				')]})

2018-12-11 17:19:06 - [MESSAGE][WARNING] - Cannot take screenshot

2018-12-11 17:19:06 - [MESSAGE][FAILED] - Unable to wait for object 'Object Repository/Final Object Repo/New Registration - Registration Module Pages/Third Screen - Upload Supporting Doc- Preview/Save n Continue in SIP Employee Listing Page' to be clickable (Root cause: org.openqa.selenium.WebDriverException: chrome not reachable
  (Session info: chrome=70.0.3538.110)
  (Driver info: chromedriver=2.43.600210 (68dcf5eebde37173d4027fa8635e332711d2874a),platform=Windows NT 6.1.7601 SP1 x86_64) (WARNING: The server did not provide any stacktrace information)
Command duration or timeout: 0 milliseconds
Build info: version: '3.7.1', revision: '8a0099a', time: '2017-11-06T21:07:36.161Z'
System info: host: 'WIN7TEST02', ip: '10.20.3.72', os.name: 'Windows 7', os.arch: 'amd64', os.version: '6.1', java.version: '1.8.0_181'
Driver info: com.kms.katalon.selenium.driver.CChromeDriver
Capabilities {acceptInsecureCerts: false, acceptSslCerts: false, applicationCacheEnabled: false, browserConnectionEnabled: false, browserName: chrome, chrome: {chromedriverVersion: 2.43.600210 (68dcf5eebde371..., userDataDir: C:\Users\Admin\AppData\Loca...}, cssSelectorsEnabled: true, databaseEnabled: false, goog:chromeOptions: {debuggerAddress: localhost:60252}, handlesAlerts: true, hasTouchScreen: false, javascriptEnabled: true, locationContextEnabled: true, mobileEmulationEnabled: false, nativeEvents: true, networkConnectionEnabled: false, pageLoadStrategy: normal, platform: XP, platformName: XP, rotatable: false, setWindowRect: true, takesHeapSnapshot: true, takesScreenshot: true, unexpectedAlertBehaviour: , unhandledPromptBehavior: , version: 70.0.3538.110, webStorageEnabled: true}
Session ID: 3e94187ca70da5961da6eaab4237bd89
*** Element info: {Using=xpath, value=//a[@targets = 'baseMsgDivId' and @class = 'btn btn-lg blueBtn col-md-2 pull-right m-r-0 browserIdBtn' and (text() = ' SAVE & CONTINUE	
				' or . = ' SAVE & CONTINUE	
				')]})

2018-12-11 17:19:06 - [TEST_STEP][FAILED] - click: Unable to click on object 'Object Repository/Final Object Repo/New Registration - Registration Module Pages/Third Screen - Upload Supporting Doc- Preview/Save n Continue in SIP Employee Listing Page' (Root cause: org.openqa.selenium.WebDriverException: chrome not reachable
  (Session info: chrome=70.0.3538.110)
  (Driver info: chromedriver=2.43.600210 (68dcf5eebde37173d4027fa8635e332711d2874a),platform=Windows NT 6.1.7601 SP1 x86_64) (WARNING: The server did not provide any stacktrace information)
Command duration or timeout: 0 milliseconds
Build info: version: '3.7.1', revision: '8a0099a', time: '2017-11-06T21:07:36.161Z'
System info: host: 'WIN7TEST02', ip: '10.20.3.72', os.name: 'Windows 7', os.arch: 'amd64', os.version: '6.1', java.version: '1.8.0_181'
Driver info: com.kms.katalon.selenium.driver.CChromeDriver
Capabilities {acceptInsecureCerts: false, acceptSslCerts: false, applicationCacheEnabled: false, browserConnectionEnabled: false, browserName: chrome, chrome: {chromedriverVersion: 2.43.600210 (68dcf5eebde371..., userDataDir: C:\Users\Admin\AppData\Loca...}, cssSelectorsEnabled: true, databaseEnabled: false, goog:chromeOptions: {debuggerAddress: localhost:60252}, handlesAlerts: true, hasTouchScreen: false, javascriptEnabled: true, locationContextEnabled: true, mobileEmulationEnabled: false, nativeEvents: true, networkConnectionEnabled: false, pageLoadStrategy: normal, platform: XP, platformName: XP, rotatable: false, setWindowRect: true, takesHeapSnapshot: true, takesScreenshot: true, unexpectedAlertBehaviour: , unhandledPromptBehavior: , version: 70.0.3538.110, webStorageEnabled: true}
Session ID: 3e94187ca70da5961da6eaab4237bd89
*** Element info: {Using=xpath, value=//a[@targets = 'baseMsgDivId' and @class = 'btn btn-lg blueBtn col-md-2 pull-right m-r-0 browserIdBtn' and (text() = ' SAVE & CONTINUE	
				' or . = ' SAVE & CONTINUE	
				')]})

2018-12-11 17:19:16 - [MESSAGE][WARNING] - Cannot take screenshot

2018-12-11 17:19:16 - [MESSAGE][FAILED] - Unable to click on object 'Object Repository/Final Object Repo/New Registration - Registration Module Pages/Third Screen - Upload Supporting Doc- Preview/Save n Continue in SIP Employee Listing Page' (Root cause: org.openqa.selenium.WebDriverException: chrome not reachable
  (Session info: chrome=70.0.3538.110)
  (Driver info: chromedriver=2.43.600210 (68dcf5eebde37173d4027fa8635e332711d2874a),platform=Windows NT 6.1.7601 SP1 x86_64) (WARNING: The server did not provide any stacktrace information)
Command duration or timeout: 0 milliseconds
Build info: version: '3.7.1', revision: '8a0099a', time: '2017-11-06T21:07:36.161Z'
System info: host: 'WIN7TEST02', ip: '10.20.3.72', os.name: 'Windows 7', os.arch: 'amd64', os.version: '6.1', java.version: '1.8.0_181'
Driver info: com.kms.katalon.selenium.driver.CChromeDriver
Capabilities {acceptInsecureCerts: false, acceptSslCerts: false, applicationCacheEnabled: false, browserConnectionEnabled: false, browserName: chrome, chrome: {chromedriverVersion: 2.43.600210 (68dcf5eebde371..., userDataDir: C:\Users\Admin\AppData\Loca...}, cssSelectorsEnabled: true, databaseEnabled: false, goog:chromeOptions: {debuggerAddress: localhost:60252}, handlesAlerts: true, hasTouchScreen: false, javascriptEnabled: true, locationContextEnabled: true, mobileEmulationEnabled: false, nativeEvents: true, networkConnectionEnabled: false, pageLoadStrategy: normal, platform: XP, platformName: XP, rotatable: false, setWindowRect: true, takesHeapSnapshot: true, takesScreenshot: true, unexpectedAlertBehaviour: , unhandledPromptBehavior: , version: 70.0.3538.110, webStorageEnabled: true}
Session ID: 3e94187ca70da5961da6eaab4237bd89
*** Element info: {Using=xpath, value=//a[@targets = 'baseMsgDivId' and @class = 'btn btn-lg blueBtn col-md-2 pull-right m-r-0 browserIdBtn' and (text() = ' SAVE & CONTINUE	
				' or . = ' SAVE & CONTINUE	
				')]})

2018-12-11 17:19:16 - [TEST_STEP][PASSED] - delay: Delayed 7 second(s)

2018-12-11 17:19:23 - [MESSAGE][PASSED] - Delayed 7 second(s)

2018-12-11 17:19:23 - [TEST_STEP][FAILED] - click: Unable to click on object 'Object Repository/Final Object Repo/New Registration - Registration Module Pages/Third Screen - Upload Supporting Doc- Preview/Add Document Button' (Root cause: org.openqa.selenium.WebDriverException: chrome not reachable
  (Session info: chrome=70.0.3538.110)
  (Driver info: chromedriver=2.43.600210 (68dcf5eebde37173d4027fa8635e332711d2874a),platform=Windows NT 6.1.7601 SP1 x86_64) (WARNING: The server did not provide any stacktrace information)
Command duration or timeout: 0 milliseconds
Build info: version: '3.7.1', revision: '8a0099a', time: '2017-11-06T21:07:36.161Z'
System info: host: 'WIN7TEST02', ip: '10.20.3.72', os.name: 'Windows 7', os.arch: 'amd64', os.version: '6.1', java.version: '1.8.0_181'
Driver info: com.kms.katalon.selenium.driver.CChromeDriver
Capabilities {acceptInsecureCerts: false, acceptSslCerts: false, applicationCacheEnabled: false, browserConnectionEnabled: false, browserName: chrome, chrome: {chromedriverVersion: 2.43.600210 (68dcf5eebde371..., userDataDir: C:\Users\Admin\AppData\Loca...}, cssSelectorsEnabled: true, databaseEnabled: false, goog:chromeOptions: {debuggerAddress: localhost:60252}, handlesAlerts: true, hasTouchScreen: false, javascriptEnabled: true, locationContextEnabled: true, mobileEmulationEnabled: false, nativeEvents: true, networkConnectionEnabled: false, pageLoadStrategy: normal, platform: XP, platformName: XP, rotatable: false, setWindowRect: true, takesHeapSnapshot: true, takesScreenshot: true, unexpectedAlertBehaviour: , unhandledPromptBehavior: , version: 70.0.3538.110, webStorageEnabled: true}
Session ID: 3e94187ca70da5961da6eaab4237bd89
*** Element info: {Using=xpath, value=//a[@class = 'btn btn-lg blueBtn col-md-2 pull-right popup-trigger' and (text() = '
					ADD DOCUMENT
	             ' or . = '
					ADD DOCUMENT
	             ')]})

2018-12-11 17:19:35 - [MESSAGE][WARNING] - Cannot take screenshot

2018-12-11 17:19:35 - [MESSAGE][FAILED] - Unable to click on object 'Object Repository/Final Object Repo/New Registration - Registration Module Pages/Third Screen - Upload Supporting Doc- Preview/Add Document Button' (Root cause: org.openqa.selenium.WebDriverException: chrome not reachable
  (Session info: chrome=70.0.3538.110)
  (Driver info: chromedriver=2.43.600210 (68dcf5eebde37173d4027fa8635e332711d2874a),platform=Windows NT 6.1.7601 SP1 x86_64) (WARNING: The server did not provide any stacktrace information)
Command duration or timeout: 0 milliseconds
Build info: version: '3.7.1', revision: '8a0099a', time: '2017-11-06T21:07:36.161Z'
System info: host: 'WIN7TEST02', ip: '10.20.3.72', os.name: 'Windows 7', os.arch: 'amd64', os.version: '6.1', java.version: '1.8.0_181'
Driver info: com.kms.katalon.selenium.driver.CChromeDriver
Capabilities {acceptInsecureCerts: false, acceptSslCerts: false, applicationCacheEnabled: false, browserConnectionEnabled: false, browserName: chrome, chrome: {chromedriverVersion: 2.43.600210 (68dcf5eebde371..., userDataDir: C:\Users\Admin\AppData\Loca...}, cssSelectorsEnabled: true, databaseEnabled: false, goog:chromeOptions: {debuggerAddress: localhost:60252}, handlesAlerts: true, hasTouchScreen: false, javascriptEnabled: true, locationContextEnabled: true, mobileEmulationEnabled: false, nativeEvents: true, networkConnectionEnabled: false, pageLoadStrategy: normal, platform: XP, platformName: XP, rotatable: false, setWindowRect: true, takesHeapSnapshot: true, takesScreenshot: true, unexpectedAlertBehaviour: , unhandledPromptBehavior: , version: 70.0.3538.110, webStorageEnabled: true}
Session ID: 3e94187ca70da5961da6eaab4237bd89
*** Element info: {Using=xpath, value=//a[@class = 'btn btn-lg blueBtn col-md-2 pull-right popup-trigger' and (text() = '
					ADD DOCUMENT
	             ' or . = '
					ADD DOCUMENT
	             ')]})

2018-12-11 17:19:35 - [TEST_STEP][PASSED] - delay: Delayed 30 second(s)

2018-12-11 17:20:05 - [MESSAGE][PASSED] - Delayed 30 second(s)

2018-12-11 17:20:05 - [TEST_STEP][FAILED] - click: Unable to click on object 'Object Repository/Final Object Repo/New Registration - Registration Module Pages/Third Screen - Upload Supporting Doc- Preview/Supporting Doc Please Select Drop Down' (Root cause: org.openqa.selenium.WebDriverException: chrome not reachable
  (Session info: chrome=70.0.3538.110)
  (Driver info: chromedriver=2.43.600210 (68dcf5eebde37173d4027fa8635e332711d2874a),platform=Windows NT 6.1.7601 SP1 x86_64) (WARNING: The server did not provide any stacktrace information)
Command duration or timeout: 0 milliseconds
Build info: version: '3.7.1', revision: '8a0099a', time: '2017-11-06T21:07:36.161Z'
System info: host: 'WIN7TEST02', ip: '10.20.3.72', os.name: 'Windows 7', os.arch: 'amd64', os.version: '6.1', java.version: '1.8.0_181'
Driver info: com.kms.katalon.selenium.driver.CChromeDriver
Capabilities {acceptInsecureCerts: false, acceptSslCerts: false, applicationCacheEnabled: false, browserConnectionEnabled: false, browserName: chrome, chrome: {chromedriverVersion: 2.43.600210 (68dcf5eebde371..., userDataDir: C:\Users\Admin\AppData\Loca...}, cssSelectorsEnabled: true, databaseEnabled: false, goog:chromeOptions: {debuggerAddress: localhost:60252}, handlesAlerts: true, hasTouchScreen: false, javascriptEnabled: true, locationContextEnabled: true, mobileEmulationEnabled: false, nativeEvents: true, networkConnectionEnabled: false, pageLoadStrategy: normal, platform: XP, platformName: XP, rotatable: false, setWindowRect: true, takesHeapSnapshot: true, takesScreenshot: true, unexpectedAlertBehaviour: , unhandledPromptBehavior: , version: 70.0.3538.110, webStorageEnabled: true}
Session ID: 3e94187ca70da5961da6eaab4237bd89
*** Element info: {Using=xpath, value=//span[@id = 'select2-_newreg_WAR_registrationportlet_objdocTypeId-container' and contains(@title, 'Please Select')]})

2018-12-11 17:20:17 - [MESSAGE][WARNING] - Cannot take screenshot

2018-12-11 17:20:17 - [MESSAGE][FAILED] - Unable to click on object 'Object Repository/Final Object Repo/New Registration - Registration Module Pages/Third Screen - Upload Supporting Doc- Preview/Supporting Doc Please Select Drop Down' (Root cause: org.openqa.selenium.WebDriverException: chrome not reachable
  (Session info: chrome=70.0.3538.110)
  (Driver info: chromedriver=2.43.600210 (68dcf5eebde37173d4027fa8635e332711d2874a),platform=Windows NT 6.1.7601 SP1 x86_64) (WARNING: The server did not provide any stacktrace information)
Command duration or timeout: 0 milliseconds
Build info: version: '3.7.1', revision: '8a0099a', time: '2017-11-06T21:07:36.161Z'
System info: host: 'WIN7TEST02', ip: '10.20.3.72', os.name: 'Windows 7', os.arch: 'amd64', os.version: '6.1', java.version: '1.8.0_181'
Driver info: com.kms.katalon.selenium.driver.CChromeDriver
Capabilities {acceptInsecureCerts: false, acceptSslCerts: false, applicationCacheEnabled: false, browserConnectionEnabled: false, browserName: chrome, chrome: {chromedriverVersion: 2.43.600210 (68dcf5eebde371..., userDataDir: C:\Users\Admin\AppData\Loca...}, cssSelectorsEnabled: true, databaseEnabled: false, goog:chromeOptions: {debuggerAddress: localhost:60252}, handlesAlerts: true, hasTouchScreen: false, javascriptEnabled: true, locationContextEnabled: true, mobileEmulationEnabled: false, nativeEvents: true, networkConnectionEnabled: false, pageLoadStrategy: normal, platform: XP, platformName: XP, rotatable: false, setWindowRect: true, takesHeapSnapshot: true, takesScreenshot: true, unexpectedAlertBehaviour: , unhandledPromptBehavior: , version: 70.0.3538.110, webStorageEnabled: true}
Session ID: 3e94187ca70da5961da6eaab4237bd89
*** Element info: {Using=xpath, value=//span[@id = 'select2-_newreg_WAR_registrationportlet_objdocTypeId-container' and contains(@title, 'Please Select')]})

2018-12-11 17:20:17 - [TEST_STEP][PASSED] - delay: Delayed 2 second(s)

2018-12-11 17:20:19 - [MESSAGE][PASSED] - Delayed 2 second(s)

2018-12-11 17:20:19 - [TEST_STEP][FAILED] - click: Unable to click on object 'Object Repository/Final Object Repo/New Registration - Registration Module Pages/Third Screen - Upload Supporting Doc- Preview/Select to Upload Form 1' (Root cause: org.openqa.selenium.WebDriverException: chrome not reachable
  (Session info: chrome=70.0.3538.110)
  (Driver info: chromedriver=2.43.600210 (68dcf5eebde37173d4027fa8635e332711d2874a),platform=Windows NT 6.1.7601 SP1 x86_64) (WARNING: The server did not provide any stacktrace information)
Command duration or timeout: 0 milliseconds
Build info: version: '3.7.1', revision: '8a0099a', time: '2017-11-06T21:07:36.161Z'
System info: host: 'WIN7TEST02', ip: '10.20.3.72', os.name: 'Windows 7', os.arch: 'amd64', os.version: '6.1', java.version: '1.8.0_181'
Driver info: com.kms.katalon.selenium.driver.CChromeDriver
Capabilities {acceptInsecureCerts: false, acceptSslCerts: false, applicationCacheEnabled: false, browserConnectionEnabled: false, browserName: chrome, chrome: {chromedriverVersion: 2.43.600210 (68dcf5eebde371..., userDataDir: C:\Users\Admin\AppData\Loca...}, cssSelectorsEnabled: true, databaseEnabled: false, goog:chromeOptions: {debuggerAddress: localhost:60252}, handlesAlerts: true, hasTouchScreen: false, javascriptEnabled: true, locationContextEnabled: true, mobileEmulationEnabled: false, nativeEvents: true, networkConnectionEnabled: false, pageLoadStrategy: normal, platform: XP, platformName: XP, rotatable: false, setWindowRect: true, takesHeapSnapshot: true, takesScreenshot: true, unexpectedAlertBehaviour: , unhandledPromptBehavior: , version: 70.0.3538.110, webStorageEnabled: true}
Session ID: 3e94187ca70da5961da6eaab4237bd89
*** Element info: {Using=xpath, value=//span[(text() = '


	Form 1 - Employer Registered
' or . = '


	Form 1 - Employer Registered
')]})

2018-12-11 17:20:27 - [MESSAGE][WARNING] - Cannot take screenshot

2018-12-11 17:20:27 - [MESSAGE][FAILED] - Unable to click on object 'Object Repository/Final Object Repo/New Registration - Registration Module Pages/Third Screen - Upload Supporting Doc- Preview/Select to Upload Form 1' (Root cause: org.openqa.selenium.WebDriverException: chrome not reachable
  (Session info: chrome=70.0.3538.110)
  (Driver info: chromedriver=2.43.600210 (68dcf5eebde37173d4027fa8635e332711d2874a),platform=Windows NT 6.1.7601 SP1 x86_64) (WARNING: The server did not provide any stacktrace information)
Command duration or timeout: 0 milliseconds
Build info: version: '3.7.1', revision: '8a0099a', time: '2017-11-06T21:07:36.161Z'
System info: host: 'WIN7TEST02', ip: '10.20.3.72', os.name: 'Windows 7', os.arch: 'amd64', os.version: '6.1', java.version: '1.8.0_181'
Driver info: com.kms.katalon.selenium.driver.CChromeDriver
Capabilities {acceptInsecureCerts: false, acceptSslCerts: false, applicationCacheEnabled: false, browserConnectionEnabled: false, browserName: chrome, chrome: {chromedriverVersion: 2.43.600210 (68dcf5eebde371..., userDataDir: C:\Users\Admin\AppData\Loca...}, cssSelectorsEnabled: true, databaseEnabled: false, goog:chromeOptions: {debuggerAddress: localhost:60252}, handlesAlerts: true, hasTouchScreen: false, javascriptEnabled: true, locationContextEnabled: true, mobileEmulationEnabled: false, nativeEvents: true, networkConnectionEnabled: false, pageLoadStrategy: normal, platform: XP, platformName: XP, rotatable: false, setWindowRect: true, takesHeapSnapshot: true, takesScreenshot: true, unexpectedAlertBehaviour: , unhandledPromptBehavior: , version: 70.0.3538.110, webStorageEnabled: true}
Session ID: 3e94187ca70da5961da6eaab4237bd89
*** Element info: {Using=xpath, value=//span[(text() = '


	Form 1 - Employer Registered
' or . = '


	Form 1 - Employer Registered
')]})

2018-12-11 17:20:27 - [TEST_STEP][PASSED] - delay: Delayed 2 second(s)

2018-12-11 17:20:29 - [MESSAGE][PASSED] - Delayed 2 second(s)

2018-12-11 17:20:29 - [TEST_STEP][FAILED] - uploadFile: Unable to upload file 'C:\Users\Public\Pictures\Sample Pictures\Koala.jpg' to object 'Object Repository/Final Object Repo/New Registration - Registration Module Pages/Third Screen - Upload Supporting Doc- Preview/Upload File Adding' (Root cause: org.openqa.selenium.WebDriverException: chrome not reachable
  (Session info: chrome=70.0.3538.110)
  (Driver info: chromedriver=2.43.600210 (68dcf5eebde37173d4027fa8635e332711d2874a),platform=Windows NT 6.1.7601 SP1 x86_64) (WARNING: The server did not provide any stacktrace information)
Command duration or timeout: 0 milliseconds
Build info: version: '3.7.1', revision: '8a0099a', time: '2017-11-06T21:07:36.161Z'
System info: host: 'WIN7TEST02', ip: '10.20.3.72', os.name: 'Windows 7', os.arch: 'amd64', os.version: '6.1', java.version: '1.8.0_181'
Driver info: com.kms.katalon.selenium.driver.CChromeDriver
Capabilities {acceptInsecureCerts: false, acceptSslCerts: false, applicationCacheEnabled: false, browserConnectionEnabled: false, browserName: chrome, chrome: {chromedriverVersion: 2.43.600210 (68dcf5eebde371..., userDataDir: C:\Users\Admin\AppData\Loca...}, cssSelectorsEnabled: true, databaseEnabled: false, goog:chromeOptions: {debuggerAddress: localhost:60252}, handlesAlerts: true, hasTouchScreen: false, javascriptEnabled: true, locationContextEnabled: true, mobileEmulationEnabled: false, nativeEvents: true, networkConnectionEnabled: false, pageLoadStrategy: normal, platform: XP, platformName: XP, rotatable: false, setWindowRect: true, takesHeapSnapshot: true, takesScreenshot: true, unexpectedAlertBehaviour: , unhandledPromptBehavior: , version: 70.0.3538.110, webStorageEnabled: true}
Session ID: 3e94187ca70da5961da6eaab4237bd89
*** Element info: {Using=xpath, value=//input[@id = '_newreg_WAR_registrationportlet_uploadFile' and @name = '_newreg_WAR_registrationportlet_uploadFile' and @type = 'file']})

2018-12-11 17:20:39 - [MESSAGE][WARNING] - Cannot take screenshot

2018-12-11 17:20:39 - [MESSAGE][FAILED] - Unable to upload file 'C:\Users\Public\Pictures\Sample Pictures\Koala.jpg' to object 'Object Repository/Final Object Repo/New Registration - Registration Module Pages/Third Screen - Upload Supporting Doc- Preview/Upload File Adding' (Root cause: org.openqa.selenium.WebDriverException: chrome not reachable
  (Session info: chrome=70.0.3538.110)
  (Driver info: chromedriver=2.43.600210 (68dcf5eebde37173d4027fa8635e332711d2874a),platform=Windows NT 6.1.7601 SP1 x86_64) (WARNING: The server did not provide any stacktrace information)
Command duration or timeout: 0 milliseconds
Build info: version: '3.7.1', revision: '8a0099a', time: '2017-11-06T21:07:36.161Z'
System info: host: 'WIN7TEST02', ip: '10.20.3.72', os.name: 'Windows 7', os.arch: 'amd64', os.version: '6.1', java.version: '1.8.0_181'
Driver info: com.kms.katalon.selenium.driver.CChromeDriver
Capabilities {acceptInsecureCerts: false, acceptSslCerts: false, applicationCacheEnabled: false, browserConnectionEnabled: false, browserName: chrome, chrome: {chromedriverVersion: 2.43.600210 (68dcf5eebde371..., userDataDir: C:\Users\Admin\AppData\Loca...}, cssSelectorsEnabled: true, databaseEnabled: false, goog:chromeOptions: {debuggerAddress: localhost:60252}, handlesAlerts: true, hasTouchScreen: false, javascriptEnabled: true, locationContextEnabled: true, mobileEmulationEnabled: false, nativeEvents: true, networkConnectionEnabled: false, pageLoadStrategy: normal, platform: XP, platformName: XP, rotatable: false, setWindowRect: true, takesHeapSnapshot: true, takesScreenshot: true, unexpectedAlertBehaviour: , unhandledPromptBehavior: , version: 70.0.3538.110, webStorageEnabled: true}
Session ID: 3e94187ca70da5961da6eaab4237bd89
*** Element info: {Using=xpath, value=//input[@id = '_newreg_WAR_registrationportlet_uploadFile' and @name = '_newreg_WAR_registrationportlet_uploadFile' and @type = 'file']})

2018-12-11 17:20:39 - [TEST_STEP][PASSED] - delay: Delayed 5 second(s)

2018-12-11 17:20:44 - [MESSAGE][PASSED] - Delayed 5 second(s)

2018-12-11 17:20:44 - [TEST_STEP][FAILED] - click: Unable to click on object 'Object Repository/Final Object Repo/New Registration - Registration Module Pages/Third Screen - Upload Supporting Doc- Preview/Inner Form Add Document Button' (Root cause: org.openqa.selenium.WebDriverException: chrome not reachable
  (Session info: chrome=70.0.3538.110)
  (Driver info: chromedriver=2.43.600210 (68dcf5eebde37173d4027fa8635e332711d2874a),platform=Windows NT 6.1.7601 SP1 x86_64) (WARNING: The server did not provide any stacktrace information)
Command duration or timeout: 0 milliseconds
Build info: version: '3.7.1', revision: '8a0099a', time: '2017-11-06T21:07:36.161Z'
System info: host: 'WIN7TEST02', ip: '10.20.3.72', os.name: 'Windows 7', os.arch: 'amd64', os.version: '6.1', java.version: '1.8.0_181'
Driver info: com.kms.katalon.selenium.driver.CChromeDriver
Capabilities {acceptInsecureCerts: false, acceptSslCerts: false, applicationCacheEnabled: false, browserConnectionEnabled: false, browserName: chrome, chrome: {chromedriverVersion: 2.43.600210 (68dcf5eebde371..., userDataDir: C:\Users\Admin\AppData\Loca...}, cssSelectorsEnabled: true, databaseEnabled: false, goog:chromeOptions: {debuggerAddress: localhost:60252}, handlesAlerts: true, hasTouchScreen: false, javascriptEnabled: true, locationContextEnabled: true, mobileEmulationEnabled: false, nativeEvents: true, networkConnectionEnabled: false, pageLoadStrategy: normal, platform: XP, platformName: XP, rotatable: false, setWindowRect: true, takesHeapSnapshot: true, takesScreenshot: true, unexpectedAlertBehaviour: , unhandledPromptBehavior: , version: 70.0.3538.110, webStorageEnabled: true}
Session ID: 3e94187ca70da5961da6eaab4237bd89
*** Element info: {Using=xpath, value=//a[@class = 'btn btn-lg blueBtn col-md-2 pull-right' and (text() = '
										ADD DOCUMENT
								     ' or . = '
										ADD DOCUMENT
								     ')]})

2018-12-11 17:20:54 - [MESSAGE][WARNING] - Cannot take screenshot

2018-12-11 17:20:54 - [MESSAGE][FAILED] - Unable to click on object 'Object Repository/Final Object Repo/New Registration - Registration Module Pages/Third Screen - Upload Supporting Doc- Preview/Inner Form Add Document Button' (Root cause: org.openqa.selenium.WebDriverException: chrome not reachable
  (Session info: chrome=70.0.3538.110)
  (Driver info: chromedriver=2.43.600210 (68dcf5eebde37173d4027fa8635e332711d2874a),platform=Windows NT 6.1.7601 SP1 x86_64) (WARNING: The server did not provide any stacktrace information)
Command duration or timeout: 0 milliseconds
Build info: version: '3.7.1', revision: '8a0099a', time: '2017-11-06T21:07:36.161Z'
System info: host: 'WIN7TEST02', ip: '10.20.3.72', os.name: 'Windows 7', os.arch: 'amd64', os.version: '6.1', java.version: '1.8.0_181'
Driver info: com.kms.katalon.selenium.driver.CChromeDriver
Capabilities {acceptInsecureCerts: false, acceptSslCerts: false, applicationCacheEnabled: false, browserConnectionEnabled: false, browserName: chrome, chrome: {chromedriverVersion: 2.43.600210 (68dcf5eebde371..., userDataDir: C:\Users\Admin\AppData\Loca...}, cssSelectorsEnabled: true, databaseEnabled: false, goog:chromeOptions: {debuggerAddress: localhost:60252}, handlesAlerts: true, hasTouchScreen: false, javascriptEnabled: true, locationContextEnabled: true, mobileEmulationEnabled: false, nativeEvents: true, networkConnectionEnabled: false, pageLoadStrategy: normal, platform: XP, platformName: XP, rotatable: false, setWindowRect: true, takesHeapSnapshot: true, takesScreenshot: true, unexpectedAlertBehaviour: , unhandledPromptBehavior: , version: 70.0.3538.110, webStorageEnabled: true}
Session ID: 3e94187ca70da5961da6eaab4237bd89
*** Element info: {Using=xpath, value=//a[@class = 'btn btn-lg blueBtn col-md-2 pull-right' and (text() = '
										ADD DOCUMENT
								     ' or . = '
										ADD DOCUMENT
								     ')]})

2018-12-11 17:20:54 - [TEST_STEP][PASSED] - delay: Delayed 3 second(s)

2018-12-11 17:20:57 - [MESSAGE][PASSED] - Delayed 3 second(s)

2018-12-11 17:20:57 - [TEST_STEP][FAILED] - click: Unable to click on object 'Object Repository/Final Object Repo/New Registration - Registration Module Pages/Third Screen - Upload Supporting Doc- Preview/Add Document Button' (Root cause: org.openqa.selenium.WebDriverException: chrome not reachable
  (Session info: chrome=70.0.3538.110)
  (Driver info: chromedriver=2.43.600210 (68dcf5eebde37173d4027fa8635e332711d2874a),platform=Windows NT 6.1.7601 SP1 x86_64) (WARNING: The server did not provide any stacktrace information)
Command duration or timeout: 0 milliseconds
Build info: version: '3.7.1', revision: '8a0099a', time: '2017-11-06T21:07:36.161Z'
System info: host: 'WIN7TEST02', ip: '10.20.3.72', os.name: 'Windows 7', os.arch: 'amd64', os.version: '6.1', java.version: '1.8.0_181'
Driver info: com.kms.katalon.selenium.driver.CChromeDriver
Capabilities {acceptInsecureCerts: false, acceptSslCerts: false, applicationCacheEnabled: false, browserConnectionEnabled: false, browserName: chrome, chrome: {chromedriverVersion: 2.43.600210 (68dcf5eebde371..., userDataDir: C:\Users\Admin\AppData\Loca...}, cssSelectorsEnabled: true, databaseEnabled: false, goog:chromeOptions: {debuggerAddress: localhost:60252}, handlesAlerts: true, hasTouchScreen: false, javascriptEnabled: true, locationContextEnabled: true, mobileEmulationEnabled: false, nativeEvents: true, networkConnectionEnabled: false, pageLoadStrategy: normal, platform: XP, platformName: XP, rotatable: false, setWindowRect: true, takesHeapSnapshot: true, takesScreenshot: true, unexpectedAlertBehaviour: , unhandledPromptBehavior: , version: 70.0.3538.110, webStorageEnabled: true}
Session ID: 3e94187ca70da5961da6eaab4237bd89
*** Element info: {Using=xpath, value=//a[@class = 'btn btn-lg blueBtn col-md-2 pull-right popup-trigger' and (text() = '
					ADD DOCUMENT
	             ' or . = '
					ADD DOCUMENT
	             ')]})

2018-12-11 17:21:09 - [MESSAGE][WARNING] - Cannot take screenshot

2018-12-11 17:21:09 - [MESSAGE][FAILED] - Unable to click on object 'Object Repository/Final Object Repo/New Registration - Registration Module Pages/Third Screen - Upload Supporting Doc- Preview/Add Document Button' (Root cause: org.openqa.selenium.WebDriverException: chrome not reachable
  (Session info: chrome=70.0.3538.110)
  (Driver info: chromedriver=2.43.600210 (68dcf5eebde37173d4027fa8635e332711d2874a),platform=Windows NT 6.1.7601 SP1 x86_64) (WARNING: The server did not provide any stacktrace information)
Command duration or timeout: 0 milliseconds
Build info: version: '3.7.1', revision: '8a0099a', time: '2017-11-06T21:07:36.161Z'
System info: host: 'WIN7TEST02', ip: '10.20.3.72', os.name: 'Windows 7', os.arch: 'amd64', os.version: '6.1', java.version: '1.8.0_181'
Driver info: com.kms.katalon.selenium.driver.CChromeDriver
Capabilities {acceptInsecureCerts: false, acceptSslCerts: false, applicationCacheEnabled: false, browserConnectionEnabled: false, browserName: chrome, chrome: {chromedriverVersion: 2.43.600210 (68dcf5eebde371..., userDataDir: C:\Users\Admin\AppData\Loca...}, cssSelectorsEnabled: true, databaseEnabled: false, goog:chromeOptions: {debuggerAddress: localhost:60252}, handlesAlerts: true, hasTouchScreen: false, javascriptEnabled: true, locationContextEnabled: true, mobileEmulationEnabled: false, nativeEvents: true, networkConnectionEnabled: false, pageLoadStrategy: normal, platform: XP, platformName: XP, rotatable: false, setWindowRect: true, takesHeapSnapshot: true, takesScreenshot: true, unexpectedAlertBehaviour: , unhandledPromptBehavior: , version: 70.0.3538.110, webStorageEnabled: true}
Session ID: 3e94187ca70da5961da6eaab4237bd89
*** Element info: {Using=xpath, value=//a[@class = 'btn btn-lg blueBtn col-md-2 pull-right popup-trigger' and (text() = '
					ADD DOCUMENT
	             ' or . = '
					ADD DOCUMENT
	             ')]})

2018-12-11 17:21:09 - [TEST_STEP][PASSED] - delay: Delayed 30 second(s)

2018-12-11 17:21:39 - [MESSAGE][PASSED] - Delayed 30 second(s)

2018-12-11 17:21:39 - [TEST_STEP][FAILED] - click: Unable to click on object 'Object Repository/Final Object Repo/New Registration - Registration Module Pages/Third Screen - Upload Supporting Doc- Preview/Supporting Doc Please Select Drop Down' (Root cause: org.openqa.selenium.WebDriverException: chrome not reachable
  (Session info: chrome=70.0.3538.110)
  (Driver info: chromedriver=2.43.600210 (68dcf5eebde37173d4027fa8635e332711d2874a),platform=Windows NT 6.1.7601 SP1 x86_64) (WARNING: The server did not provide any stacktrace information)
Command duration or timeout: 0 milliseconds
Build info: version: '3.7.1', revision: '8a0099a', time: '2017-11-06T21:07:36.161Z'
System info: host: 'WIN7TEST02', ip: '10.20.3.72', os.name: 'Windows 7', os.arch: 'amd64', os.version: '6.1', java.version: '1.8.0_181'
Driver info: com.kms.katalon.selenium.driver.CChromeDriver
Capabilities {acceptInsecureCerts: false, acceptSslCerts: false, applicationCacheEnabled: false, browserConnectionEnabled: false, browserName: chrome, chrome: {chromedriverVersion: 2.43.600210 (68dcf5eebde371..., userDataDir: C:\Users\Admin\AppData\Loca...}, cssSelectorsEnabled: true, databaseEnabled: false, goog:chromeOptions: {debuggerAddress: localhost:60252}, handlesAlerts: true, hasTouchScreen: false, javascriptEnabled: true, locationContextEnabled: true, mobileEmulationEnabled: false, nativeEvents: true, networkConnectionEnabled: false, pageLoadStrategy: normal, platform: XP, platformName: XP, rotatable: false, setWindowRect: true, takesHeapSnapshot: true, takesScreenshot: true, unexpectedAlertBehaviour: , unhandledPromptBehavior: , version: 70.0.3538.110, webStorageEnabled: true}
Session ID: 3e94187ca70da5961da6eaab4237bd89
*** Element info: {Using=xpath, value=//span[@id = 'select2-_newreg_WAR_registrationportlet_objdocTypeId-container' and contains(@title, 'Please Select')]})

2018-12-11 17:21:51 - [MESSAGE][WARNING] - Cannot take screenshot

2018-12-11 17:21:51 - [MESSAGE][FAILED] - Unable to click on object 'Object Repository/Final Object Repo/New Registration - Registration Module Pages/Third Screen - Upload Supporting Doc- Preview/Supporting Doc Please Select Drop Down' (Root cause: org.openqa.selenium.WebDriverException: chrome not reachable
  (Session info: chrome=70.0.3538.110)
  (Driver info: chromedriver=2.43.600210 (68dcf5eebde37173d4027fa8635e332711d2874a),platform=Windows NT 6.1.7601 SP1 x86_64) (WARNING: The server did not provide any stacktrace information)
Command duration or timeout: 0 milliseconds
Build info: version: '3.7.1', revision: '8a0099a', time: '2017-11-06T21:07:36.161Z'
System info: host: 'WIN7TEST02', ip: '10.20.3.72', os.name: 'Windows 7', os.arch: 'amd64', os.version: '6.1', java.version: '1.8.0_181'
Driver info: com.kms.katalon.selenium.driver.CChromeDriver
Capabilities {acceptInsecureCerts: false, acceptSslCerts: false, applicationCacheEnabled: false, browserConnectionEnabled: false, browserName: chrome, chrome: {chromedriverVersion: 2.43.600210 (68dcf5eebde371..., userDataDir: C:\Users\Admin\AppData\Loca...}, cssSelectorsEnabled: true, databaseEnabled: false, goog:chromeOptions: {debuggerAddress: localhost:60252}, handlesAlerts: true, hasTouchScreen: false, javascriptEnabled: true, locationContextEnabled: true, mobileEmulationEnabled: false, nativeEvents: true, networkConnectionEnabled: false, pageLoadStrategy: normal, platform: XP, platformName: XP, rotatable: false, setWindowRect: true, takesHeapSnapshot: true, takesScreenshot: true, unexpectedAlertBehaviour: , unhandledPromptBehavior: , version: 70.0.3538.110, webStorageEnabled: true}
Session ID: 3e94187ca70da5961da6eaab4237bd89
*** Element info: {Using=xpath, value=//span[@id = 'select2-_newreg_WAR_registrationportlet_objdocTypeId-container' and contains(@title, 'Please Select')]})

2018-12-11 17:21:51 - [TEST_STEP][PASSED] - delay: Delayed 4 second(s)

2018-12-11 17:21:55 - [MESSAGE][PASSED] - Delayed 4 second(s)

2018-12-11 17:21:55 - [TEST_STEP][FAILED] - click: Unable to click on object 'Object Repository/Final Object Repo/New Registration - Registration Module Pages/Third Screen - Upload Supporting Doc- Preview/Select to Upload Form 2' (Root cause: org.openqa.selenium.WebDriverException: chrome not reachable
  (Session info: chrome=70.0.3538.110)
  (Driver info: chromedriver=2.43.600210 (68dcf5eebde37173d4027fa8635e332711d2874a),platform=Windows NT 6.1.7601 SP1 x86_64) (WARNING: The server did not provide any stacktrace information)
Command duration or timeout: 0 milliseconds
Build info: version: '3.7.1', revision: '8a0099a', time: '2017-11-06T21:07:36.161Z'
System info: host: 'WIN7TEST02', ip: '10.20.3.72', os.name: 'Windows 7', os.arch: 'amd64', os.version: '6.1', java.version: '1.8.0_181'
Driver info: com.kms.katalon.selenium.driver.CChromeDriver
Capabilities {acceptInsecureCerts: false, acceptSslCerts: false, applicationCacheEnabled: false, browserConnectionEnabled: false, browserName: chrome, chrome: {chromedriverVersion: 2.43.600210 (68dcf5eebde371..., userDataDir: C:\Users\Admin\AppData\Loca...}, cssSelectorsEnabled: true, databaseEnabled: false, goog:chromeOptions: {debuggerAddress: localhost:60252}, handlesAlerts: true, hasTouchScreen: false, javascriptEnabled: true, locationContextEnabled: true, mobileEmulationEnabled: false, nativeEvents: true, networkConnectionEnabled: false, pageLoadStrategy: normal, platform: XP, platformName: XP, rotatable: false, setWindowRect: true, takesHeapSnapshot: true, takesScreenshot: true, unexpectedAlertBehaviour: , unhandledPromptBehavior: , version: 70.0.3538.110, webStorageEnabled: true}
Session ID: 3e94187ca70da5961da6eaab4237bd89
*** Element info: {Using=xpath, value=//li/span[contains(text(),'Form 2 - Employee Registered')]})

2018-12-11 17:22:07 - [MESSAGE][WARNING] - Cannot take screenshot

2018-12-11 17:22:07 - [MESSAGE][FAILED] - Unable to click on object 'Object Repository/Final Object Repo/New Registration - Registration Module Pages/Third Screen - Upload Supporting Doc- Preview/Select to Upload Form 2' (Root cause: org.openqa.selenium.WebDriverException: chrome not reachable
  (Session info: chrome=70.0.3538.110)
  (Driver info: chromedriver=2.43.600210 (68dcf5eebde37173d4027fa8635e332711d2874a),platform=Windows NT 6.1.7601 SP1 x86_64) (WARNING: The server did not provide any stacktrace information)
Command duration or timeout: 0 milliseconds
Build info: version: '3.7.1', revision: '8a0099a', time: '2017-11-06T21:07:36.161Z'
System info: host: 'WIN7TEST02', ip: '10.20.3.72', os.name: 'Windows 7', os.arch: 'amd64', os.version: '6.1', java.version: '1.8.0_181'
Driver info: com.kms.katalon.selenium.driver.CChromeDriver
Capabilities {acceptInsecureCerts: false, acceptSslCerts: false, applicationCacheEnabled: false, browserConnectionEnabled: false, browserName: chrome, chrome: {chromedriverVersion: 2.43.600210 (68dcf5eebde371..., userDataDir: C:\Users\Admin\AppData\Loca...}, cssSelectorsEnabled: true, databaseEnabled: false, goog:chromeOptions: {debuggerAddress: localhost:60252}, handlesAlerts: true, hasTouchScreen: false, javascriptEnabled: true, locationContextEnabled: true, mobileEmulationEnabled: false, nativeEvents: true, networkConnectionEnabled: false, pageLoadStrategy: normal, platform: XP, platformName: XP, rotatable: false, setWindowRect: true, takesHeapSnapshot: true, takesScreenshot: true, unexpectedAlertBehaviour: , unhandledPromptBehavior: , version: 70.0.3538.110, webStorageEnabled: true}
Session ID: 3e94187ca70da5961da6eaab4237bd89
*** Element info: {Using=xpath, value=//li/span[contains(text(),'Form 2 - Employee Registered')]})

2018-12-11 17:22:07 - [TEST_STEP][PASSED] - delay: Delayed 2 second(s)

2018-12-11 17:22:09 - [MESSAGE][PASSED] - Delayed 2 second(s)

2018-12-11 17:22:09 - [TEST_STEP][FAILED] - uploadFile: Unable to upload file 'C:\Users\Public\Pictures\Sample Pictures\Koala.jpg' to object 'Object Repository/Final Object Repo/New Registration - Registration Module Pages/Third Screen - Upload Supporting Doc- Preview/Upload File Adding' (Root cause: org.openqa.selenium.WebDriverException: chrome not reachable
  (Session info: chrome=70.0.3538.110)
  (Driver info: chromedriver=2.43.600210 (68dcf5eebde37173d4027fa8635e332711d2874a),platform=Windows NT 6.1.7601 SP1 x86_64) (WARNING: The server did not provide any stacktrace information)
Command duration or timeout: 0 milliseconds
Build info: version: '3.7.1', revision: '8a0099a', time: '2017-11-06T21:07:36.161Z'
System info: host: 'WIN7TEST02', ip: '10.20.3.72', os.name: 'Windows 7', os.arch: 'amd64', os.version: '6.1', java.version: '1.8.0_181'
Driver info: com.kms.katalon.selenium.driver.CChromeDriver
Capabilities {acceptInsecureCerts: false, acceptSslCerts: false, applicationCacheEnabled: false, browserConnectionEnabled: false, browserName: chrome, chrome: {chromedriverVersion: 2.43.600210 (68dcf5eebde371..., userDataDir: C:\Users\Admin\AppData\Loca...}, cssSelectorsEnabled: true, databaseEnabled: false, goog:chromeOptions: {debuggerAddress: localhost:60252}, handlesAlerts: true, hasTouchScreen: false, javascriptEnabled: true, locationContextEnabled: true, mobileEmulationEnabled: false, nativeEvents: true, networkConnectionEnabled: false, pageLoadStrategy: normal, platform: XP, platformName: XP, rotatable: false, setWindowRect: true, takesHeapSnapshot: true, takesScreenshot: true, unexpectedAlertBehaviour: , unhandledPromptBehavior: , version: 70.0.3538.110, webStorageEnabled: true}
Session ID: 3e94187ca70da5961da6eaab4237bd89
*** Element info: {Using=xpath, value=//input[@id = '_newreg_WAR_registrationportlet_uploadFile' and @name = '_newreg_WAR_registrationportlet_uploadFile' and @type = 'file']})

2018-12-11 17:22:21 - [MESSAGE][WARNING] - Cannot take screenshot

2018-12-11 17:22:21 - [MESSAGE][FAILED] - Unable to upload file 'C:\Users\Public\Pictures\Sample Pictures\Koala.jpg' to object 'Object Repository/Final Object Repo/New Registration - Registration Module Pages/Third Screen - Upload Supporting Doc- Preview/Upload File Adding' (Root cause: org.openqa.selenium.WebDriverException: chrome not reachable
  (Session info: chrome=70.0.3538.110)
  (Driver info: chromedriver=2.43.600210 (68dcf5eebde37173d4027fa8635e332711d2874a),platform=Windows NT 6.1.7601 SP1 x86_64) (WARNING: The server did not provide any stacktrace information)
Command duration or timeout: 0 milliseconds
Build info: version: '3.7.1', revision: '8a0099a', time: '2017-11-06T21:07:36.161Z'
System info: host: 'WIN7TEST02', ip: '10.20.3.72', os.name: 'Windows 7', os.arch: 'amd64', os.version: '6.1', java.version: '1.8.0_181'
Driver info: com.kms.katalon.selenium.driver.CChromeDriver
Capabilities {acceptInsecureCerts: false, acceptSslCerts: false, applicationCacheEnabled: false, browserConnectionEnabled: false, browserName: chrome, chrome: {chromedriverVersion: 2.43.600210 (68dcf5eebde371..., userDataDir: C:\Users\Admin\AppData\Loca...}, cssSelectorsEnabled: true, databaseEnabled: false, goog:chromeOptions: {debuggerAddress: localhost:60252}, handlesAlerts: true, hasTouchScreen: false, javascriptEnabled: true, locationContextEnabled: true, mobileEmulationEnabled: false, nativeEvents: true, networkConnectionEnabled: false, pageLoadStrategy: normal, platform: XP, platformName: XP, rotatable: false, setWindowRect: true, takesHeapSnapshot: true, takesScreenshot: true, unexpectedAlertBehaviour: , unhandledPromptBehavior: , version: 70.0.3538.110, webStorageEnabled: true}
Session ID: 3e94187ca70da5961da6eaab4237bd89
*** Element info: {Using=xpath, value=//input[@id = '_newreg_WAR_registrationportlet_uploadFile' and @name = '_newreg_WAR_registrationportlet_uploadFile' and @type = 'file']})

2018-12-11 17:22:21 - [TEST_STEP][FAILED] - click: Unable to click on object 'Object Repository/Final Object Repo/New Registration - Registration Module Pages/Third Screen - Upload Supporting Doc- Preview/Inner Form Add Document Button' (Root cause: org.openqa.selenium.WebDriverException: chrome not reachable
  (Session info: chrome=70.0.3538.110)
  (Driver info: chromedriver=2.43.600210 (68dcf5eebde37173d4027fa8635e332711d2874a),platform=Windows NT 6.1.7601 SP1 x86_64) (WARNING: The server did not provide any stacktrace information)
Command duration or timeout: 0 milliseconds
Build info: version: '3.7.1', revision: '8a0099a', time: '2017-11-06T21:07:36.161Z'
System info: host: 'WIN7TEST02', ip: '10.20.3.72', os.name: 'Windows 7', os.arch: 'amd64', os.version: '6.1', java.version: '1.8.0_181'
Driver info: com.kms.katalon.selenium.driver.CChromeDriver
Capabilities {acceptInsecureCerts: false, acceptSslCerts: false, applicationCacheEnabled: false, browserConnectionEnabled: false, browserName: chrome, chrome: {chromedriverVersion: 2.43.600210 (68dcf5eebde371..., userDataDir: C:\Users\Admin\AppData\Loca...}, cssSelectorsEnabled: true, databaseEnabled: false, goog:chromeOptions: {debuggerAddress: localhost:60252}, handlesAlerts: true, hasTouchScreen: false, javascriptEnabled: true, locationContextEnabled: true, mobileEmulationEnabled: false, nativeEvents: true, networkConnectionEnabled: false, pageLoadStrategy: normal, platform: XP, platformName: XP, rotatable: false, setWindowRect: true, takesHeapSnapshot: true, takesScreenshot: true, unexpectedAlertBehaviour: , unhandledPromptBehavior: , version: 70.0.3538.110, webStorageEnabled: true}
Session ID: 3e94187ca70da5961da6eaab4237bd89
*** Element info: {Using=xpath, value=//a[@class = 'btn btn-lg blueBtn col-md-2 pull-right' and (text() = '
										ADD DOCUMENT
								     ' or . = '
										ADD DOCUMENT
								     ')]})

2018-12-11 17:22:33 - [MESSAGE][WARNING] - Cannot take screenshot

2018-12-11 17:22:33 - [MESSAGE][FAILED] - Unable to click on object 'Object Repository/Final Object Repo/New Registration - Registration Module Pages/Third Screen - Upload Supporting Doc- Preview/Inner Form Add Document Button' (Root cause: org.openqa.selenium.WebDriverException: chrome not reachable
  (Session info: chrome=70.0.3538.110)
  (Driver info: chromedriver=2.43.600210 (68dcf5eebde37173d4027fa8635e332711d2874a),platform=Windows NT 6.1.7601 SP1 x86_64) (WARNING: The server did not provide any stacktrace information)
Command duration or timeout: 0 milliseconds
Build info: version: '3.7.1', revision: '8a0099a', time: '2017-11-06T21:07:36.161Z'
System info: host: 'WIN7TEST02', ip: '10.20.3.72', os.name: 'Windows 7', os.arch: 'amd64', os.version: '6.1', java.version: '1.8.0_181'
Driver info: com.kms.katalon.selenium.driver.CChromeDriver
Capabilities {acceptInsecureCerts: false, acceptSslCerts: false, applicationCacheEnabled: false, browserConnectionEnabled: false, browserName: chrome, chrome: {chromedriverVersion: 2.43.600210 (68dcf5eebde371..., userDataDir: C:\Users\Admin\AppData\Loca...}, cssSelectorsEnabled: true, databaseEnabled: false, goog:chromeOptions: {debuggerAddress: localhost:60252}, handlesAlerts: true, hasTouchScreen: false, javascriptEnabled: true, locationContextEnabled: true, mobileEmulationEnabled: false, nativeEvents: true, networkConnectionEnabled: false, pageLoadStrategy: normal, platform: XP, platformName: XP, rotatable: false, setWindowRect: true, takesHeapSnapshot: true, takesScreenshot: true, unexpectedAlertBehaviour: , unhandledPromptBehavior: , version: 70.0.3538.110, webStorageEnabled: true}
Session ID: 3e94187ca70da5961da6eaab4237bd89
*** Element info: {Using=xpath, value=//a[@class = 'btn btn-lg blueBtn col-md-2 pull-right' and (text() = '
										ADD DOCUMENT
								     ' or . = '
										ADD DOCUMENT
								     ')]})

2018-12-11 17:22:33 - [TEST_STEP][PASSED] - delay: Delayed 5 second(s)

2018-12-11 17:22:38 - [MESSAGE][PASSED] - Delayed 5 second(s)

2018-12-11 17:22:38 - [TEST_STEP][FAILED] - click: Unable to click on object 'Object Repository/Final Object Repo/New Registration - Registration Module Pages/Third Screen - Upload Supporting Doc- Preview/Add Document Button' (Root cause: org.openqa.selenium.WebDriverException: chrome not reachable
  (Session info: chrome=70.0.3538.110)
  (Driver info: chromedriver=2.43.600210 (68dcf5eebde37173d4027fa8635e332711d2874a),platform=Windows NT 6.1.7601 SP1 x86_64) (WARNING: The server did not provide any stacktrace information)
Command duration or timeout: 0 milliseconds
Build info: version: '3.7.1', revision: '8a0099a', time: '2017-11-06T21:07:36.161Z'
System info: host: 'WIN7TEST02', ip: '10.20.3.72', os.name: 'Windows 7', os.arch: 'amd64', os.version: '6.1', java.version: '1.8.0_181'
Driver info: com.kms.katalon.selenium.driver.CChromeDriver
Capabilities {acceptInsecureCerts: false, acceptSslCerts: false, applicationCacheEnabled: false, browserConnectionEnabled: false, browserName: chrome, chrome: {chromedriverVersion: 2.43.600210 (68dcf5eebde371..., userDataDir: C:\Users\Admin\AppData\Loca...}, cssSelectorsEnabled: true, databaseEnabled: false, goog:chromeOptions: {debuggerAddress: localhost:60252}, handlesAlerts: true, hasTouchScreen: false, javascriptEnabled: true, locationContextEnabled: true, mobileEmulationEnabled: false, nativeEvents: true, networkConnectionEnabled: false, pageLoadStrategy: normal, platform: XP, platformName: XP, rotatable: false, setWindowRect: true, takesHeapSnapshot: true, takesScreenshot: true, unexpectedAlertBehaviour: , unhandledPromptBehavior: , version: 70.0.3538.110, webStorageEnabled: true}
Session ID: 3e94187ca70da5961da6eaab4237bd89
*** Element info: {Using=xpath, value=//a[@class = 'btn btn-lg blueBtn col-md-2 pull-right popup-trigger' and (text() = '
					ADD DOCUMENT
	             ' or . = '
					ADD DOCUMENT
	             ')]})

2018-12-11 17:22:48 - [MESSAGE][WARNING] - Cannot take screenshot

2018-12-11 17:22:48 - [MESSAGE][FAILED] - Unable to click on object 'Object Repository/Final Object Repo/New Registration - Registration Module Pages/Third Screen - Upload Supporting Doc- Preview/Add Document Button' (Root cause: org.openqa.selenium.WebDriverException: chrome not reachable
  (Session info: chrome=70.0.3538.110)
  (Driver info: chromedriver=2.43.600210 (68dcf5eebde37173d4027fa8635e332711d2874a),platform=Windows NT 6.1.7601 SP1 x86_64) (WARNING: The server did not provide any stacktrace information)
Command duration or timeout: 0 milliseconds
Build info: version: '3.7.1', revision: '8a0099a', time: '2017-11-06T21:07:36.161Z'
System info: host: 'WIN7TEST02', ip: '10.20.3.72', os.name: 'Windows 7', os.arch: 'amd64', os.version: '6.1', java.version: '1.8.0_181'
Driver info: com.kms.katalon.selenium.driver.CChromeDriver
Capabilities {acceptInsecureCerts: false, acceptSslCerts: false, applicationCacheEnabled: false, browserConnectionEnabled: false, browserName: chrome, chrome: {chromedriverVersion: 2.43.600210 (68dcf5eebde371..., userDataDir: C:\Users\Admin\AppData\Loca...}, cssSelectorsEnabled: true, databaseEnabled: false, goog:chromeOptions: {debuggerAddress: localhost:60252}, handlesAlerts: true, hasTouchScreen: false, javascriptEnabled: true, locationContextEnabled: true, mobileEmulationEnabled: false, nativeEvents: true, networkConnectionEnabled: false, pageLoadStrategy: normal, platform: XP, platformName: XP, rotatable: false, setWindowRect: true, takesHeapSnapshot: true, takesScreenshot: true, unexpectedAlertBehaviour: , unhandledPromptBehavior: , version: 70.0.3538.110, webStorageEnabled: true}
Session ID: 3e94187ca70da5961da6eaab4237bd89
*** Element info: {Using=xpath, value=//a[@class = 'btn btn-lg blueBtn col-md-2 pull-right popup-trigger' and (text() = '
					ADD DOCUMENT
	             ' or . = '
					ADD DOCUMENT
	             ')]})

2018-12-11 17:22:48 - [TEST_STEP][PASSED] - delay: Delayed 30 second(s)

2018-12-11 17:23:18 - [MESSAGE][PASSED] - Delayed 30 second(s)

2018-12-11 17:23:18 - [TEST_STEP][FAILED] - click: Unable to click on object 'Object Repository/Final Object Repo/New Registration - Registration Module Pages/Third Screen - Upload Supporting Doc- Preview/Supporting Doc Please Select Drop Down' (Root cause: org.openqa.selenium.WebDriverException: chrome not reachable
  (Session info: chrome=70.0.3538.110)
  (Driver info: chromedriver=2.43.600210 (68dcf5eebde37173d4027fa8635e332711d2874a),platform=Windows NT 6.1.7601 SP1 x86_64) (WARNING: The server did not provide any stacktrace information)
Command duration or timeout: 0 milliseconds
Build info: version: '3.7.1', revision: '8a0099a', time: '2017-11-06T21:07:36.161Z'
System info: host: 'WIN7TEST02', ip: '10.20.3.72', os.name: 'Windows 7', os.arch: 'amd64', os.version: '6.1', java.version: '1.8.0_181'
Driver info: com.kms.katalon.selenium.driver.CChromeDriver
Capabilities {acceptInsecureCerts: false, acceptSslCerts: false, applicationCacheEnabled: false, browserConnectionEnabled: false, browserName: chrome, chrome: {chromedriverVersion: 2.43.600210 (68dcf5eebde371..., userDataDir: C:\Users\Admin\AppData\Loca...}, cssSelectorsEnabled: true, databaseEnabled: false, goog:chromeOptions: {debuggerAddress: localhost:60252}, handlesAlerts: true, hasTouchScreen: false, javascriptEnabled: true, locationContextEnabled: true, mobileEmulationEnabled: false, nativeEvents: true, networkConnectionEnabled: false, pageLoadStrategy: normal, platform: XP, platformName: XP, rotatable: false, setWindowRect: true, takesHeapSnapshot: true, takesScreenshot: true, unexpectedAlertBehaviour: , unhandledPromptBehavior: , version: 70.0.3538.110, webStorageEnabled: true}
Session ID: 3e94187ca70da5961da6eaab4237bd89
*** Element info: {Using=xpath, value=//span[@id = 'select2-_newreg_WAR_registrationportlet_objdocTypeId-container' and contains(@title, 'Please Select')]})

2018-12-11 17:23:30 - [MESSAGE][WARNING] - Cannot take screenshot

2018-12-11 17:23:30 - [MESSAGE][FAILED] - Unable to click on object 'Object Repository/Final Object Repo/New Registration - Registration Module Pages/Third Screen - Upload Supporting Doc- Preview/Supporting Doc Please Select Drop Down' (Root cause: org.openqa.selenium.WebDriverException: chrome not reachable
  (Session info: chrome=70.0.3538.110)
  (Driver info: chromedriver=2.43.600210 (68dcf5eebde37173d4027fa8635e332711d2874a),platform=Windows NT 6.1.7601 SP1 x86_64) (WARNING: The server did not provide any stacktrace information)
Command duration or timeout: 0 milliseconds
Build info: version: '3.7.1', revision: '8a0099a', time: '2017-11-06T21:07:36.161Z'
System info: host: 'WIN7TEST02', ip: '10.20.3.72', os.name: 'Windows 7', os.arch: 'amd64', os.version: '6.1', java.version: '1.8.0_181'
Driver info: com.kms.katalon.selenium.driver.CChromeDriver
Capabilities {acceptInsecureCerts: false, acceptSslCerts: false, applicationCacheEnabled: false, browserConnectionEnabled: false, browserName: chrome, chrome: {chromedriverVersion: 2.43.600210 (68dcf5eebde371..., userDataDir: C:\Users\Admin\AppData\Loca...}, cssSelectorsEnabled: true, databaseEnabled: false, goog:chromeOptions: {debuggerAddress: localhost:60252}, handlesAlerts: true, hasTouchScreen: false, javascriptEnabled: true, locationContextEnabled: true, mobileEmulationEnabled: false, nativeEvents: true, networkConnectionEnabled: false, pageLoadStrategy: normal, platform: XP, platformName: XP, rotatable: false, setWindowRect: true, takesHeapSnapshot: true, takesScreenshot: true, unexpectedAlertBehaviour: , unhandledPromptBehavior: , version: 70.0.3538.110, webStorageEnabled: true}
Session ID: 3e94187ca70da5961da6eaab4237bd89
*** Element info: {Using=xpath, value=//span[@id = 'select2-_newreg_WAR_registrationportlet_objdocTypeId-container' and contains(@title, 'Please Select')]})

2018-12-11 17:23:30 - [TEST_STEP][FAILED] - click: Unable to click on object 'Object Repository/Final Object Repo/New Registration - Registration Module Pages/Third Screen - Upload Supporting Doc- Preview/Select to Upload Borang SIP 1' (Root cause: org.openqa.selenium.WebDriverException: chrome not reachable
  (Session info: chrome=70.0.3538.110)
  (Driver info: chromedriver=2.43.600210 (68dcf5eebde37173d4027fa8635e332711d2874a),platform=Windows NT 6.1.7601 SP1 x86_64) (WARNING: The server did not provide any stacktrace information)
Command duration or timeout: 0 milliseconds
Build info: version: '3.7.1', revision: '8a0099a', time: '2017-11-06T21:07:36.161Z'
System info: host: 'WIN7TEST02', ip: '10.20.3.72', os.name: 'Windows 7', os.arch: 'amd64', os.version: '6.1', java.version: '1.8.0_181'
Driver info: com.kms.katalon.selenium.driver.CChromeDriver
Capabilities {acceptInsecureCerts: false, acceptSslCerts: false, applicationCacheEnabled: false, browserConnectionEnabled: false, browserName: chrome, chrome: {chromedriverVersion: 2.43.600210 (68dcf5eebde371..., userDataDir: C:\Users\Admin\AppData\Loca...}, cssSelectorsEnabled: true, databaseEnabled: false, goog:chromeOptions: {debuggerAddress: localhost:60252}, handlesAlerts: true, hasTouchScreen: false, javascriptEnabled: true, locationContextEnabled: true, mobileEmulationEnabled: false, nativeEvents: true, networkConnectionEnabled: false, pageLoadStrategy: normal, platform: XP, platformName: XP, rotatable: false, setWindowRect: true, takesHeapSnapshot: true, takesScreenshot: true, unexpectedAlertBehaviour: , unhandledPromptBehavior: , version: 70.0.3538.110, webStorageEnabled: true}
Session ID: 3e94187ca70da5961da6eaab4237bd89
*** Element info: {Using=xpath, value=//li/span[contains(text(),'Borang SIP 1')]})

2018-12-11 17:23:42 - [MESSAGE][WARNING] - Cannot take screenshot

2018-12-11 17:23:42 - [MESSAGE][FAILED] - Unable to click on object 'Object Repository/Final Object Repo/New Registration - Registration Module Pages/Third Screen - Upload Supporting Doc- Preview/Select to Upload Borang SIP 1' (Root cause: org.openqa.selenium.WebDriverException: chrome not reachable
  (Session info: chrome=70.0.3538.110)
  (Driver info: chromedriver=2.43.600210 (68dcf5eebde37173d4027fa8635e332711d2874a),platform=Windows NT 6.1.7601 SP1 x86_64) (WARNING: The server did not provide any stacktrace information)
Command duration or timeout: 0 milliseconds
Build info: version: '3.7.1', revision: '8a0099a', time: '2017-11-06T21:07:36.161Z'
System info: host: 'WIN7TEST02', ip: '10.20.3.72', os.name: 'Windows 7', os.arch: 'amd64', os.version: '6.1', java.version: '1.8.0_181'
Driver info: com.kms.katalon.selenium.driver.CChromeDriver
Capabilities {acceptInsecureCerts: false, acceptSslCerts: false, applicationCacheEnabled: false, browserConnectionEnabled: false, browserName: chrome, chrome: {chromedriverVersion: 2.43.600210 (68dcf5eebde371..., userDataDir: C:\Users\Admin\AppData\Loca...}, cssSelectorsEnabled: true, databaseEnabled: false, goog:chromeOptions: {debuggerAddress: localhost:60252}, handlesAlerts: true, hasTouchScreen: false, javascriptEnabled: true, locationContextEnabled: true, mobileEmulationEnabled: false, nativeEvents: true, networkConnectionEnabled: false, pageLoadStrategy: normal, platform: XP, platformName: XP, rotatable: false, setWindowRect: true, takesHeapSnapshot: true, takesScreenshot: true, unexpectedAlertBehaviour: , unhandledPromptBehavior: , version: 70.0.3538.110, webStorageEnabled: true}
Session ID: 3e94187ca70da5961da6eaab4237bd89
*** Element info: {Using=xpath, value=//li/span[contains(text(),'Borang SIP 1')]})

2018-12-11 17:23:42 - [TEST_STEP][PASSED] - delay: Delayed 2 second(s)

2018-12-11 17:23:44 - [MESSAGE][PASSED] - Delayed 2 second(s)

2018-12-11 17:23:44 - [TEST_STEP][FAILED] - uploadFile: Unable to upload file 'C:\Users\Public\Pictures\Sample Pictures\Koala.jpg' to object 'Object Repository/Final Object Repo/New Registration - Registration Module Pages/Third Screen - Upload Supporting Doc- Preview/Upload File Adding' (Root cause: org.openqa.selenium.WebDriverException: chrome not reachable
  (Session info: chrome=70.0.3538.110)
  (Driver info: chromedriver=2.43.600210 (68dcf5eebde37173d4027fa8635e332711d2874a),platform=Windows NT 6.1.7601 SP1 x86_64) (WARNING: The server did not provide any stacktrace information)
Command duration or timeout: 0 milliseconds
Build info: version: '3.7.1', revision: '8a0099a', time: '2017-11-06T21:07:36.161Z'
System info: host: 'WIN7TEST02', ip: '10.20.3.72', os.name: 'Windows 7', os.arch: 'amd64', os.version: '6.1', java.version: '1.8.0_181'
Driver info: com.kms.katalon.selenium.driver.CChromeDriver
Capabilities {acceptInsecureCerts: false, acceptSslCerts: false, applicationCacheEnabled: false, browserConnectionEnabled: false, browserName: chrome, chrome: {chromedriverVersion: 2.43.600210 (68dcf5eebde371..., userDataDir: C:\Users\Admin\AppData\Loca...}, cssSelectorsEnabled: true, databaseEnabled: false, goog:chromeOptions: {debuggerAddress: localhost:60252}, handlesAlerts: true, hasTouchScreen: false, javascriptEnabled: true, locationContextEnabled: true, mobileEmulationEnabled: false, nativeEvents: true, networkConnectionEnabled: false, pageLoadStrategy: normal, platform: XP, platformName: XP, rotatable: false, setWindowRect: true, takesHeapSnapshot: true, takesScreenshot: true, unexpectedAlertBehaviour: , unhandledPromptBehavior: , version: 70.0.3538.110, webStorageEnabled: true}
Session ID: 3e94187ca70da5961da6eaab4237bd89
*** Element info: {Using=xpath, value=//input[@id = '_newreg_WAR_registrationportlet_uploadFile' and @name = '_newreg_WAR_registrationportlet_uploadFile' and @type = 'file']})

2018-12-11 17:23:56 - [MESSAGE][WARNING] - Cannot take screenshot

2018-12-11 17:23:56 - [MESSAGE][FAILED] - Unable to upload file 'C:\Users\Public\Pictures\Sample Pictures\Koala.jpg' to object 'Object Repository/Final Object Repo/New Registration - Registration Module Pages/Third Screen - Upload Supporting Doc- Preview/Upload File Adding' (Root cause: org.openqa.selenium.WebDriverException: chrome not reachable
  (Session info: chrome=70.0.3538.110)
  (Driver info: chromedriver=2.43.600210 (68dcf5eebde37173d4027fa8635e332711d2874a),platform=Windows NT 6.1.7601 SP1 x86_64) (WARNING: The server did not provide any stacktrace information)
Command duration or timeout: 0 milliseconds
Build info: version: '3.7.1', revision: '8a0099a', time: '2017-11-06T21:07:36.161Z'
System info: host: 'WIN7TEST02', ip: '10.20.3.72', os.name: 'Windows 7', os.arch: 'amd64', os.version: '6.1', java.version: '1.8.0_181'
Driver info: com.kms.katalon.selenium.driver.CChromeDriver
Capabilities {acceptInsecureCerts: false, acceptSslCerts: false, applicationCacheEnabled: false, browserConnectionEnabled: false, browserName: chrome, chrome: {chromedriverVersion: 2.43.600210 (68dcf5eebde371..., userDataDir: C:\Users\Admin\AppData\Loca...}, cssSelectorsEnabled: true, databaseEnabled: false, goog:chromeOptions: {debuggerAddress: localhost:60252}, handlesAlerts: true, hasTouchScreen: false, javascriptEnabled: true, locationContextEnabled: true, mobileEmulationEnabled: false, nativeEvents: true, networkConnectionEnabled: false, pageLoadStrategy: normal, platform: XP, platformName: XP, rotatable: false, setWindowRect: true, takesHeapSnapshot: true, takesScreenshot: true, unexpectedAlertBehaviour: , unhandledPromptBehavior: , version: 70.0.3538.110, webStorageEnabled: true}
Session ID: 3e94187ca70da5961da6eaab4237bd89
*** Element info: {Using=xpath, value=//input[@id = '_newreg_WAR_registrationportlet_uploadFile' and @name = '_newreg_WAR_registrationportlet_uploadFile' and @type = 'file']})

2018-12-11 17:23:56 - [TEST_STEP][FAILED] - click: Unable to click on object 'Object Repository/Final Object Repo/New Registration - Registration Module Pages/Third Screen - Upload Supporting Doc- Preview/Inner Form Add Document Button' (Root cause: org.openqa.selenium.WebDriverException: chrome not reachable
  (Session info: chrome=70.0.3538.110)
  (Driver info: chromedriver=2.43.600210 (68dcf5eebde37173d4027fa8635e332711d2874a),platform=Windows NT 6.1.7601 SP1 x86_64) (WARNING: The server did not provide any stacktrace information)
Command duration or timeout: 0 milliseconds
Build info: version: '3.7.1', revision: '8a0099a', time: '2017-11-06T21:07:36.161Z'
System info: host: 'WIN7TEST02', ip: '10.20.3.72', os.name: 'Windows 7', os.arch: 'amd64', os.version: '6.1', java.version: '1.8.0_181'
Driver info: com.kms.katalon.selenium.driver.CChromeDriver
Capabilities {acceptInsecureCerts: false, acceptSslCerts: false, applicationCacheEnabled: false, browserConnectionEnabled: false, browserName: chrome, chrome: {chromedriverVersion: 2.43.600210 (68dcf5eebde371..., userDataDir: C:\Users\Admin\AppData\Loca...}, cssSelectorsEnabled: true, databaseEnabled: false, goog:chromeOptions: {debuggerAddress: localhost:60252}, handlesAlerts: true, hasTouchScreen: false, javascriptEnabled: true, locationContextEnabled: true, mobileEmulationEnabled: false, nativeEvents: true, networkConnectionEnabled: false, pageLoadStrategy: normal, platform: XP, platformName: XP, rotatable: false, setWindowRect: true, takesHeapSnapshot: true, takesScreenshot: true, unexpectedAlertBehaviour: , unhandledPromptBehavior: , version: 70.0.3538.110, webStorageEnabled: true}
Session ID: 3e94187ca70da5961da6eaab4237bd89
*** Element info: {Using=xpath, value=//a[@class = 'btn btn-lg blueBtn col-md-2 pull-right' and (text() = '
										ADD DOCUMENT
								     ' or . = '
										ADD DOCUMENT
								     ')]})

2018-12-11 17:24:08 - [MESSAGE][WARNING] - Cannot take screenshot

2018-12-11 17:24:08 - [MESSAGE][FAILED] - Unable to click on object 'Object Repository/Final Object Repo/New Registration - Registration Module Pages/Third Screen - Upload Supporting Doc- Preview/Inner Form Add Document Button' (Root cause: org.openqa.selenium.WebDriverException: chrome not reachable
  (Session info: chrome=70.0.3538.110)
  (Driver info: chromedriver=2.43.600210 (68dcf5eebde37173d4027fa8635e332711d2874a),platform=Windows NT 6.1.7601 SP1 x86_64) (WARNING: The server did not provide any stacktrace information)
Command duration or timeout: 0 milliseconds
Build info: version: '3.7.1', revision: '8a0099a', time: '2017-11-06T21:07:36.161Z'
System info: host: 'WIN7TEST02', ip: '10.20.3.72', os.name: 'Windows 7', os.arch: 'amd64', os.version: '6.1', java.version: '1.8.0_181'
Driver info: com.kms.katalon.selenium.driver.CChromeDriver
Capabilities {acceptInsecureCerts: false, acceptSslCerts: false, applicationCacheEnabled: false, browserConnectionEnabled: false, browserName: chrome, chrome: {chromedriverVersion: 2.43.600210 (68dcf5eebde371..., userDataDir: C:\Users\Admin\AppData\Loca...}, cssSelectorsEnabled: true, databaseEnabled: false, goog:chromeOptions: {debuggerAddress: localhost:60252}, handlesAlerts: true, hasTouchScreen: false, javascriptEnabled: true, locationContextEnabled: true, mobileEmulationEnabled: false, nativeEvents: true, networkConnectionEnabled: false, pageLoadStrategy: normal, platform: XP, platformName: XP, rotatable: false, setWindowRect: true, takesHeapSnapshot: true, takesScreenshot: true, unexpectedAlertBehaviour: , unhandledPromptBehavior: , version: 70.0.3538.110, webStorageEnabled: true}
Session ID: 3e94187ca70da5961da6eaab4237bd89
*** Element info: {Using=xpath, value=//a[@class = 'btn btn-lg blueBtn col-md-2 pull-right' and (text() = '
										ADD DOCUMENT
								     ' or . = '
										ADD DOCUMENT
								     ')]})

2018-12-11 17:24:08 - [TEST_STEP][PASSED] - delay: Delayed 5 second(s)

2018-12-11 17:24:13 - [MESSAGE][PASSED] - Delayed 5 second(s)

2018-12-11 17:24:13 - [TEST_STEP][FAILED] - click: Unable to click on object 'Object Repository/Final Object Repo/New Registration - Registration Module Pages/Third Screen - Upload Supporting Doc- Preview/Add Document Button' (Root cause: org.openqa.selenium.WebDriverException: chrome not reachable
  (Session info: chrome=70.0.3538.110)
  (Driver info: chromedriver=2.43.600210 (68dcf5eebde37173d4027fa8635e332711d2874a),platform=Windows NT 6.1.7601 SP1 x86_64) (WARNING: The server did not provide any stacktrace information)
Command duration or timeout: 0 milliseconds
Build info: version: '3.7.1', revision: '8a0099a', time: '2017-11-06T21:07:36.161Z'
System info: host: 'WIN7TEST02', ip: '10.20.3.72', os.name: 'Windows 7', os.arch: 'amd64', os.version: '6.1', java.version: '1.8.0_181'
Driver info: com.kms.katalon.selenium.driver.CChromeDriver
Capabilities {acceptInsecureCerts: false, acceptSslCerts: false, applicationCacheEnabled: false, browserConnectionEnabled: false, browserName: chrome, chrome: {chromedriverVersion: 2.43.600210 (68dcf5eebde371..., userDataDir: C:\Users\Admin\AppData\Loca...}, cssSelectorsEnabled: true, databaseEnabled: false, goog:chromeOptions: {debuggerAddress: localhost:60252}, handlesAlerts: true, hasTouchScreen: false, javascriptEnabled: true, locationContextEnabled: true, mobileEmulationEnabled: false, nativeEvents: true, networkConnectionEnabled: false, pageLoadStrategy: normal, platform: XP, platformName: XP, rotatable: false, setWindowRect: true, takesHeapSnapshot: true, takesScreenshot: true, unexpectedAlertBehaviour: , unhandledPromptBehavior: , version: 70.0.3538.110, webStorageEnabled: true}
Session ID: 3e94187ca70da5961da6eaab4237bd89
*** Element info: {Using=xpath, value=//a[@class = 'btn btn-lg blueBtn col-md-2 pull-right popup-trigger' and (text() = '
					ADD DOCUMENT
	             ' or . = '
					ADD DOCUMENT
	             ')]})

2018-12-11 17:24:25 - [MESSAGE][WARNING] - Cannot take screenshot

2018-12-11 17:24:25 - [MESSAGE][FAILED] - Unable to click on object 'Object Repository/Final Object Repo/New Registration - Registration Module Pages/Third Screen - Upload Supporting Doc- Preview/Add Document Button' (Root cause: org.openqa.selenium.WebDriverException: chrome not reachable
  (Session info: chrome=70.0.3538.110)
  (Driver info: chromedriver=2.43.600210 (68dcf5eebde37173d4027fa8635e332711d2874a),platform=Windows NT 6.1.7601 SP1 x86_64) (WARNING: The server did not provide any stacktrace information)
Command duration or timeout: 0 milliseconds
Build info: version: '3.7.1', revision: '8a0099a', time: '2017-11-06T21:07:36.161Z'
System info: host: 'WIN7TEST02', ip: '10.20.3.72', os.name: 'Windows 7', os.arch: 'amd64', os.version: '6.1', java.version: '1.8.0_181'
Driver info: com.kms.katalon.selenium.driver.CChromeDriver
Capabilities {acceptInsecureCerts: false, acceptSslCerts: false, applicationCacheEnabled: false, browserConnectionEnabled: false, browserName: chrome, chrome: {chromedriverVersion: 2.43.600210 (68dcf5eebde371..., userDataDir: C:\Users\Admin\AppData\Loca...}, cssSelectorsEnabled: true, databaseEnabled: false, goog:chromeOptions: {debuggerAddress: localhost:60252}, handlesAlerts: true, hasTouchScreen: false, javascriptEnabled: true, locationContextEnabled: true, mobileEmulationEnabled: false, nativeEvents: true, networkConnectionEnabled: false, pageLoadStrategy: normal, platform: XP, platformName: XP, rotatable: false, setWindowRect: true, takesHeapSnapshot: true, takesScreenshot: true, unexpectedAlertBehaviour: , unhandledPromptBehavior: , version: 70.0.3538.110, webStorageEnabled: true}
Session ID: 3e94187ca70da5961da6eaab4237bd89
*** Element info: {Using=xpath, value=//a[@class = 'btn btn-lg blueBtn col-md-2 pull-right popup-trigger' and (text() = '
					ADD DOCUMENT
	             ' or . = '
					ADD DOCUMENT
	             ')]})

2018-12-11 17:24:25 - [TEST_STEP][PASSED] - delay: Delayed 30 second(s)

2018-12-11 17:24:55 - [MESSAGE][PASSED] - Delayed 30 second(s)

2018-12-11 17:24:55 - [TEST_STEP][FAILED] - click: Unable to click on object 'Object Repository/Final Object Repo/New Registration - Registration Module Pages/Third Screen - Upload Supporting Doc- Preview/Supporting Doc Please Select Drop Down' (Root cause: org.openqa.selenium.WebDriverException: chrome not reachable
  (Session info: chrome=70.0.3538.110)
  (Driver info: chromedriver=2.43.600210 (68dcf5eebde37173d4027fa8635e332711d2874a),platform=Windows NT 6.1.7601 SP1 x86_64) (WARNING: The server did not provide any stacktrace information)
Command duration or timeout: 0 milliseconds
Build info: version: '3.7.1', revision: '8a0099a', time: '2017-11-06T21:07:36.161Z'
System info: host: 'WIN7TEST02', ip: '10.20.3.72', os.name: 'Windows 7', os.arch: 'amd64', os.version: '6.1', java.version: '1.8.0_181'
Driver info: com.kms.katalon.selenium.driver.CChromeDriver
Capabilities {acceptInsecureCerts: false, acceptSslCerts: false, applicationCacheEnabled: false, browserConnectionEnabled: false, browserName: chrome, chrome: {chromedriverVersion: 2.43.600210 (68dcf5eebde371..., userDataDir: C:\Users\Admin\AppData\Loca...}, cssSelectorsEnabled: true, databaseEnabled: false, goog:chromeOptions: {debuggerAddress: localhost:60252}, handlesAlerts: true, hasTouchScreen: false, javascriptEnabled: true, locationContextEnabled: true, mobileEmulationEnabled: false, nativeEvents: true, networkConnectionEnabled: false, pageLoadStrategy: normal, platform: XP, platformName: XP, rotatable: false, setWindowRect: true, takesHeapSnapshot: true, takesScreenshot: true, unexpectedAlertBehaviour: , unhandledPromptBehavior: , version: 70.0.3538.110, webStorageEnabled: true}
Session ID: 3e94187ca70da5961da6eaab4237bd89
*** Element info: {Using=xpath, value=//span[@id = 'select2-_newreg_WAR_registrationportlet_objdocTypeId-container' and contains(@title, 'Please Select')]})

2018-12-11 17:25:07 - [MESSAGE][WARNING] - Cannot take screenshot

2018-12-11 17:25:07 - [MESSAGE][FAILED] - Unable to click on object 'Object Repository/Final Object Repo/New Registration - Registration Module Pages/Third Screen - Upload Supporting Doc- Preview/Supporting Doc Please Select Drop Down' (Root cause: org.openqa.selenium.WebDriverException: chrome not reachable
  (Session info: chrome=70.0.3538.110)
  (Driver info: chromedriver=2.43.600210 (68dcf5eebde37173d4027fa8635e332711d2874a),platform=Windows NT 6.1.7601 SP1 x86_64) (WARNING: The server did not provide any stacktrace information)
Command duration or timeout: 0 milliseconds
Build info: version: '3.7.1', revision: '8a0099a', time: '2017-11-06T21:07:36.161Z'
System info: host: 'WIN7TEST02', ip: '10.20.3.72', os.name: 'Windows 7', os.arch: 'amd64', os.version: '6.1', java.version: '1.8.0_181'
Driver info: com.kms.katalon.selenium.driver.CChromeDriver
Capabilities {acceptInsecureCerts: false, acceptSslCerts: false, applicationCacheEnabled: false, browserConnectionEnabled: false, browserName: chrome, chrome: {chromedriverVersion: 2.43.600210 (68dcf5eebde371..., userDataDir: C:\Users\Admin\AppData\Loca...}, cssSelectorsEnabled: true, databaseEnabled: false, goog:chromeOptions: {debuggerAddress: localhost:60252}, handlesAlerts: true, hasTouchScreen: false, javascriptEnabled: true, locationContextEnabled: true, mobileEmulationEnabled: false, nativeEvents: true, networkConnectionEnabled: false, pageLoadStrategy: normal, platform: XP, platformName: XP, rotatable: false, setWindowRect: true, takesHeapSnapshot: true, takesScreenshot: true, unexpectedAlertBehaviour: , unhandledPromptBehavior: , version: 70.0.3538.110, webStorageEnabled: true}
Session ID: 3e94187ca70da5961da6eaab4237bd89
*** Element info: {Using=xpath, value=//span[@id = 'select2-_newreg_WAR_registrationportlet_objdocTypeId-container' and contains(@title, 'Please Select')]})

2018-12-11 17:25:07 - [TEST_STEP][PASSED] - delay: Delayed 3 second(s)

2018-12-11 17:25:10 - [MESSAGE][PASSED] - Delayed 3 second(s)

2018-12-11 17:25:10 - [TEST_STEP][FAILED] - click: Unable to click on object 'Object Repository/Final Object Repo/New Registration - Registration Module Pages/Third Screen - Upload Supporting Doc- Preview/Select to Upload Borang SIP 2' (Root cause: org.openqa.selenium.WebDriverException: chrome not reachable
  (Session info: chrome=70.0.3538.110)
  (Driver info: chromedriver=2.43.600210 (68dcf5eebde37173d4027fa8635e332711d2874a),platform=Windows NT 6.1.7601 SP1 x86_64) (WARNING: The server did not provide any stacktrace information)
Command duration or timeout: 0 milliseconds
Build info: version: '3.7.1', revision: '8a0099a', time: '2017-11-06T21:07:36.161Z'
System info: host: 'WIN7TEST02', ip: '10.20.3.72', os.name: 'Windows 7', os.arch: 'amd64', os.version: '6.1', java.version: '1.8.0_181'
Driver info: com.kms.katalon.selenium.driver.CChromeDriver
Capabilities {acceptInsecureCerts: false, acceptSslCerts: false, applicationCacheEnabled: false, browserConnectionEnabled: false, browserName: chrome, chrome: {chromedriverVersion: 2.43.600210 (68dcf5eebde371..., userDataDir: C:\Users\Admin\AppData\Loca...}, cssSelectorsEnabled: true, databaseEnabled: false, goog:chromeOptions: {debuggerAddress: localhost:60252}, handlesAlerts: true, hasTouchScreen: false, javascriptEnabled: true, locationContextEnabled: true, mobileEmulationEnabled: false, nativeEvents: true, networkConnectionEnabled: false, pageLoadStrategy: normal, platform: XP, platformName: XP, rotatable: false, setWindowRect: true, takesHeapSnapshot: true, takesScreenshot: true, unexpectedAlertBehaviour: , unhandledPromptBehavior: , version: 70.0.3538.110, webStorageEnabled: true}
Session ID: 3e94187ca70da5961da6eaab4237bd89
*** Element info: {Using=xpath, value=//li/span[contains(text(),'Borang SIP 2')]})

2018-12-11 17:25:22 - [MESSAGE][WARNING] - Cannot take screenshot

2018-12-11 17:25:22 - [MESSAGE][FAILED] - Unable to click on object 'Object Repository/Final Object Repo/New Registration - Registration Module Pages/Third Screen - Upload Supporting Doc- Preview/Select to Upload Borang SIP 2' (Root cause: org.openqa.selenium.WebDriverException: chrome not reachable
  (Session info: chrome=70.0.3538.110)
  (Driver info: chromedriver=2.43.600210 (68dcf5eebde37173d4027fa8635e332711d2874a),platform=Windows NT 6.1.7601 SP1 x86_64) (WARNING: The server did not provide any stacktrace information)
Command duration or timeout: 0 milliseconds
Build info: version: '3.7.1', revision: '8a0099a', time: '2017-11-06T21:07:36.161Z'
System info: host: 'WIN7TEST02', ip: '10.20.3.72', os.name: 'Windows 7', os.arch: 'amd64', os.version: '6.1', java.version: '1.8.0_181'
Driver info: com.kms.katalon.selenium.driver.CChromeDriver
Capabilities {acceptInsecureCerts: false, acceptSslCerts: false, applicationCacheEnabled: false, browserConnectionEnabled: false, browserName: chrome, chrome: {chromedriverVersion: 2.43.600210 (68dcf5eebde371..., userDataDir: C:\Users\Admin\AppData\Loca...}, cssSelectorsEnabled: true, databaseEnabled: false, goog:chromeOptions: {debuggerAddress: localhost:60252}, handlesAlerts: true, hasTouchScreen: false, javascriptEnabled: true, locationContextEnabled: true, mobileEmulationEnabled: false, nativeEvents: true, networkConnectionEnabled: false, pageLoadStrategy: normal, platform: XP, platformName: XP, rotatable: false, setWindowRect: true, takesHeapSnapshot: true, takesScreenshot: true, unexpectedAlertBehaviour: , unhandledPromptBehavior: , version: 70.0.3538.110, webStorageEnabled: true}
Session ID: 3e94187ca70da5961da6eaab4237bd89
*** Element info: {Using=xpath, value=//li/span[contains(text(),'Borang SIP 2')]})

2018-12-11 17:25:22 - [TEST_STEP][PASSED] - delay: Delayed 2 second(s)

2018-12-11 17:25:24 - [MESSAGE][PASSED] - Delayed 2 second(s)

2018-12-11 17:25:24 - [TEST_STEP][FAILED] - uploadFile: Unable to upload file 'C:\Users\Public\Pictures\Sample Pictures\Koala.jpg' to object 'Object Repository/Final Object Repo/New Registration - Registration Module Pages/Third Screen - Upload Supporting Doc- Preview/Upload File Adding' (Root cause: org.openqa.selenium.WebDriverException: chrome not reachable
  (Session info: chrome=70.0.3538.110)
  (Driver info: chromedriver=2.43.600210 (68dcf5eebde37173d4027fa8635e332711d2874a),platform=Windows NT 6.1.7601 SP1 x86_64) (WARNING: The server did not provide any stacktrace information)
Command duration or timeout: 0 milliseconds
Build info: version: '3.7.1', revision: '8a0099a', time: '2017-11-06T21:07:36.161Z'
System info: host: 'WIN7TEST02', ip: '10.20.3.72', os.name: 'Windows 7', os.arch: 'amd64', os.version: '6.1', java.version: '1.8.0_181'
Driver info: com.kms.katalon.selenium.driver.CChromeDriver
Capabilities {acceptInsecureCerts: false, acceptSslCerts: false, applicationCacheEnabled: false, browserConnectionEnabled: false, browserName: chrome, chrome: {chromedriverVersion: 2.43.600210 (68dcf5eebde371..., userDataDir: C:\Users\Admin\AppData\Loca...}, cssSelectorsEnabled: true, databaseEnabled: false, goog:chromeOptions: {debuggerAddress: localhost:60252}, handlesAlerts: true, hasTouchScreen: false, javascriptEnabled: true, locationContextEnabled: true, mobileEmulationEnabled: false, nativeEvents: true, networkConnectionEnabled: false, pageLoadStrategy: normal, platform: XP, platformName: XP, rotatable: false, setWindowRect: true, takesHeapSnapshot: true, takesScreenshot: true, unexpectedAlertBehaviour: , unhandledPromptBehavior: , version: 70.0.3538.110, webStorageEnabled: true}
Session ID: 3e94187ca70da5961da6eaab4237bd89
*** Element info: {Using=xpath, value=//input[@id = '_newreg_WAR_registrationportlet_uploadFile' and @name = '_newreg_WAR_registrationportlet_uploadFile' and @type = 'file']})

2018-12-11 17:25:36 - [MESSAGE][WARNING] - Cannot take screenshot

2018-12-11 17:25:36 - [MESSAGE][FAILED] - Unable to upload file 'C:\Users\Public\Pictures\Sample Pictures\Koala.jpg' to object 'Object Repository/Final Object Repo/New Registration - Registration Module Pages/Third Screen - Upload Supporting Doc- Preview/Upload File Adding' (Root cause: org.openqa.selenium.WebDriverException: chrome not reachable
  (Session info: chrome=70.0.3538.110)
  (Driver info: chromedriver=2.43.600210 (68dcf5eebde37173d4027fa8635e332711d2874a),platform=Windows NT 6.1.7601 SP1 x86_64) (WARNING: The server did not provide any stacktrace information)
Command duration or timeout: 0 milliseconds
Build info: version: '3.7.1', revision: '8a0099a', time: '2017-11-06T21:07:36.161Z'
System info: host: 'WIN7TEST02', ip: '10.20.3.72', os.name: 'Windows 7', os.arch: 'amd64', os.version: '6.1', java.version: '1.8.0_181'
Driver info: com.kms.katalon.selenium.driver.CChromeDriver
Capabilities {acceptInsecureCerts: false, acceptSslCerts: false, applicationCacheEnabled: false, browserConnectionEnabled: false, browserName: chrome, chrome: {chromedriverVersion: 2.43.600210 (68dcf5eebde371..., userDataDir: C:\Users\Admin\AppData\Loca...}, cssSelectorsEnabled: true, databaseEnabled: false, goog:chromeOptions: {debuggerAddress: localhost:60252}, handlesAlerts: true, hasTouchScreen: false, javascriptEnabled: true, locationContextEnabled: true, mobileEmulationEnabled: false, nativeEvents: true, networkConnectionEnabled: false, pageLoadStrategy: normal, platform: XP, platformName: XP, rotatable: false, setWindowRect: true, takesHeapSnapshot: true, takesScreenshot: true, unexpectedAlertBehaviour: , unhandledPromptBehavior: , version: 70.0.3538.110, webStorageEnabled: true}
Session ID: 3e94187ca70da5961da6eaab4237bd89
*** Element info: {Using=xpath, value=//input[@id = '_newreg_WAR_registrationportlet_uploadFile' and @name = '_newreg_WAR_registrationportlet_uploadFile' and @type = 'file']})

2018-12-11 17:25:36 - [TEST_STEP][PASSED] - delay: Delayed 5 second(s)

2018-12-11 17:25:41 - [MESSAGE][PASSED] - Delayed 5 second(s)

2018-12-11 17:25:41 - [TEST_STEP][FAILED] - click: Unable to click on object 'Object Repository/Final Object Repo/New Registration - Registration Module Pages/Third Screen - Upload Supporting Doc- Preview/Inner Form Add Document Button' (Root cause: org.openqa.selenium.WebDriverException: chrome not reachable
  (Session info: chrome=70.0.3538.110)
  (Driver info: chromedriver=2.43.600210 (68dcf5eebde37173d4027fa8635e332711d2874a),platform=Windows NT 6.1.7601 SP1 x86_64) (WARNING: The server did not provide any stacktrace information)
Command duration or timeout: 0 milliseconds
Build info: version: '3.7.1', revision: '8a0099a', time: '2017-11-06T21:07:36.161Z'
System info: host: 'WIN7TEST02', ip: '10.20.3.72', os.name: 'Windows 7', os.arch: 'amd64', os.version: '6.1', java.version: '1.8.0_181'
Driver info: com.kms.katalon.selenium.driver.CChromeDriver
Capabilities {acceptInsecureCerts: false, acceptSslCerts: false, applicationCacheEnabled: false, browserConnectionEnabled: false, browserName: chrome, chrome: {chromedriverVersion: 2.43.600210 (68dcf5eebde371..., userDataDir: C:\Users\Admin\AppData\Loca...}, cssSelectorsEnabled: true, databaseEnabled: false, goog:chromeOptions: {debuggerAddress: localhost:60252}, handlesAlerts: true, hasTouchScreen: false, javascriptEnabled: true, locationContextEnabled: true, mobileEmulationEnabled: false, nativeEvents: true, networkConnectionEnabled: false, pageLoadStrategy: normal, platform: XP, platformName: XP, rotatable: false, setWindowRect: true, takesHeapSnapshot: true, takesScreenshot: true, unexpectedAlertBehaviour: , unhandledPromptBehavior: , version: 70.0.3538.110, webStorageEnabled: true}
Session ID: 3e94187ca70da5961da6eaab4237bd89
*** Element info: {Using=xpath, value=//a[@class = 'btn btn-lg blueBtn col-md-2 pull-right' and (text() = '
										ADD DOCUMENT
								     ' or . = '
										ADD DOCUMENT
								     ')]})

2018-12-11 17:25:53 - [MESSAGE][WARNING] - Cannot take screenshot

2018-12-11 17:25:53 - [MESSAGE][FAILED] - Unable to click on object 'Object Repository/Final Object Repo/New Registration - Registration Module Pages/Third Screen - Upload Supporting Doc- Preview/Inner Form Add Document Button' (Root cause: org.openqa.selenium.WebDriverException: chrome not reachable
  (Session info: chrome=70.0.3538.110)
  (Driver info: chromedriver=2.43.600210 (68dcf5eebde37173d4027fa8635e332711d2874a),platform=Windows NT 6.1.7601 SP1 x86_64) (WARNING: The server did not provide any stacktrace information)
Command duration or timeout: 0 milliseconds
Build info: version: '3.7.1', revision: '8a0099a', time: '2017-11-06T21:07:36.161Z'
System info: host: 'WIN7TEST02', ip: '10.20.3.72', os.name: 'Windows 7', os.arch: 'amd64', os.version: '6.1', java.version: '1.8.0_181'
Driver info: com.kms.katalon.selenium.driver.CChromeDriver
Capabilities {acceptInsecureCerts: false, acceptSslCerts: false, applicationCacheEnabled: false, browserConnectionEnabled: false, browserName: chrome, chrome: {chromedriverVersion: 2.43.600210 (68dcf5eebde371..., userDataDir: C:\Users\Admin\AppData\Loca...}, cssSelectorsEnabled: true, databaseEnabled: false, goog:chromeOptions: {debuggerAddress: localhost:60252}, handlesAlerts: true, hasTouchScreen: false, javascriptEnabled: true, locationContextEnabled: true, mobileEmulationEnabled: false, nativeEvents: true, networkConnectionEnabled: false, pageLoadStrategy: normal, platform: XP, platformName: XP, rotatable: false, setWindowRect: true, takesHeapSnapshot: true, takesScreenshot: true, unexpectedAlertBehaviour: , unhandledPromptBehavior: , version: 70.0.3538.110, webStorageEnabled: true}
Session ID: 3e94187ca70da5961da6eaab4237bd89
*** Element info: {Using=xpath, value=//a[@class = 'btn btn-lg blueBtn col-md-2 pull-right' and (text() = '
										ADD DOCUMENT
								     ' or . = '
										ADD DOCUMENT
								     ')]})

2018-12-11 17:25:53 - [TEST_STEP][PASSED] - delay: Delayed 3 second(s)

2018-12-11 17:25:56 - [MESSAGE][PASSED] - Delayed 3 second(s)

2018-12-11 17:25:56 - [TEST_STEP][FAILED] - waitForElementClickable: Unable to wait for object 'Object Repository/Final Object Repo/New Registration - Registration Module Pages/Third Screen - Upload Supporting Doc- Preview/Save n Continue in Uploading Supporting Doc Page' to be clickable (Root cause: org.openqa.selenium.WebDriverException: chrome not reachable
  (Session info: chrome=70.0.3538.110)
  (Driver info: chromedriver=2.43.600210 (68dcf5eebde37173d4027fa8635e332711d2874a),platform=Windows NT 6.1.7601 SP1 x86_64) (WARNING: The server did not provide any stacktrace information)
Command duration or timeout: 0 milliseconds
Build info: version: '3.7.1', revision: '8a0099a', time: '2017-11-06T21:07:36.161Z'
System info: host: 'WIN7TEST02', ip: '10.20.3.72', os.name: 'Windows 7', os.arch: 'amd64', os.version: '6.1', java.version: '1.8.0_181'
Driver info: com.kms.katalon.selenium.driver.CChromeDriver
Capabilities {acceptInsecureCerts: false, acceptSslCerts: false, applicationCacheEnabled: false, browserConnectionEnabled: false, browserName: chrome, chrome: {chromedriverVersion: 2.43.600210 (68dcf5eebde371..., userDataDir: C:\Users\Admin\AppData\Loca...}, cssSelectorsEnabled: true, databaseEnabled: false, goog:chromeOptions: {debuggerAddress: localhost:60252}, handlesAlerts: true, hasTouchScreen: false, javascriptEnabled: true, locationContextEnabled: true, mobileEmulationEnabled: false, nativeEvents: true, networkConnectionEnabled: false, pageLoadStrategy: normal, platform: XP, platformName: XP, rotatable: false, setWindowRect: true, takesHeapSnapshot: true, takesScreenshot: true, unexpectedAlertBehaviour: , unhandledPromptBehavior: , version: 70.0.3538.110, webStorageEnabled: true}
Session ID: 3e94187ca70da5961da6eaab4237bd89
*** Element info: {Using=xpath, value=//a[@id = '_newreg_WAR_registrationportlet_saveNContinueFormBtnId' and @targets = 'collMsgDivId' and @class = 'btn btn-lg blueBtn col-md-2 pull-right' and (text() = '
									SAVE & CONTINUE	
				                ' or . = '
									SAVE & CONTINUE	
				                ')]})

2018-12-11 17:26:08 - [MESSAGE][WARNING] - Cannot take screenshot

2018-12-11 17:26:08 - [MESSAGE][FAILED] - Unable to wait for object 'Object Repository/Final Object Repo/New Registration - Registration Module Pages/Third Screen - Upload Supporting Doc- Preview/Save n Continue in Uploading Supporting Doc Page' to be clickable (Root cause: org.openqa.selenium.WebDriverException: chrome not reachable
  (Session info: chrome=70.0.3538.110)
  (Driver info: chromedriver=2.43.600210 (68dcf5eebde37173d4027fa8635e332711d2874a),platform=Windows NT 6.1.7601 SP1 x86_64) (WARNING: The server did not provide any stacktrace information)
Command duration or timeout: 0 milliseconds
Build info: version: '3.7.1', revision: '8a0099a', time: '2017-11-06T21:07:36.161Z'
System info: host: 'WIN7TEST02', ip: '10.20.3.72', os.name: 'Windows 7', os.arch: 'amd64', os.version: '6.1', java.version: '1.8.0_181'
Driver info: com.kms.katalon.selenium.driver.CChromeDriver
Capabilities {acceptInsecureCerts: false, acceptSslCerts: false, applicationCacheEnabled: false, browserConnectionEnabled: false, browserName: chrome, chrome: {chromedriverVersion: 2.43.600210 (68dcf5eebde371..., userDataDir: C:\Users\Admin\AppData\Loca...}, cssSelectorsEnabled: true, databaseEnabled: false, goog:chromeOptions: {debuggerAddress: localhost:60252}, handlesAlerts: true, hasTouchScreen: false, javascriptEnabled: true, locationContextEnabled: true, mobileEmulationEnabled: false, nativeEvents: true, networkConnectionEnabled: false, pageLoadStrategy: normal, platform: XP, platformName: XP, rotatable: false, setWindowRect: true, takesHeapSnapshot: true, takesScreenshot: true, unexpectedAlertBehaviour: , unhandledPromptBehavior: , version: 70.0.3538.110, webStorageEnabled: true}
Session ID: 3e94187ca70da5961da6eaab4237bd89
*** Element info: {Using=xpath, value=//a[@id = '_newreg_WAR_registrationportlet_saveNContinueFormBtnId' and @targets = 'collMsgDivId' and @class = 'btn btn-lg blueBtn col-md-2 pull-right' and (text() = '
									SAVE & CONTINUE	
				                ' or . = '
									SAVE & CONTINUE	
				                ')]})

2018-12-11 17:26:08 - [TEST_STEP][FAILED] - click: Unable to click on object 'Object Repository/Final Object Repo/New Registration - Registration Module Pages/Third Screen - Upload Supporting Doc- Preview/Save n Continue in Uploading Supporting Doc Page' (Root cause: org.openqa.selenium.WebDriverException: chrome not reachable
  (Session info: chrome=70.0.3538.110)
  (Driver info: chromedriver=2.43.600210 (68dcf5eebde37173d4027fa8635e332711d2874a),platform=Windows NT 6.1.7601 SP1 x86_64) (WARNING: The server did not provide any stacktrace information)
Command duration or timeout: 0 milliseconds
Build info: version: '3.7.1', revision: '8a0099a', time: '2017-11-06T21:07:36.161Z'
System info: host: 'WIN7TEST02', ip: '10.20.3.72', os.name: 'Windows 7', os.arch: 'amd64', os.version: '6.1', java.version: '1.8.0_181'
Driver info: com.kms.katalon.selenium.driver.CChromeDriver
Capabilities {acceptInsecureCerts: false, acceptSslCerts: false, applicationCacheEnabled: false, browserConnectionEnabled: false, browserName: chrome, chrome: {chromedriverVersion: 2.43.600210 (68dcf5eebde371..., userDataDir: C:\Users\Admin\AppData\Loca...}, cssSelectorsEnabled: true, databaseEnabled: false, goog:chromeOptions: {debuggerAddress: localhost:60252}, handlesAlerts: true, hasTouchScreen: false, javascriptEnabled: true, locationContextEnabled: true, mobileEmulationEnabled: false, nativeEvents: true, networkConnectionEnabled: false, pageLoadStrategy: normal, platform: XP, platformName: XP, rotatable: false, setWindowRect: true, takesHeapSnapshot: true, takesScreenshot: true, unexpectedAlertBehaviour: , unhandledPromptBehavior: , version: 70.0.3538.110, webStorageEnabled: true}
Session ID: 3e94187ca70da5961da6eaab4237bd89
*** Element info: {Using=xpath, value=//a[@id = '_newreg_WAR_registrationportlet_saveNContinueFormBtnId' and @targets = 'collMsgDivId' and @class = 'btn btn-lg blueBtn col-md-2 pull-right' and (text() = '
									SAVE & CONTINUE	
				                ' or . = '
									SAVE & CONTINUE	
				                ')]})

2018-12-11 17:26:20 - [MESSAGE][WARNING] - Cannot take screenshot

2018-12-11 17:26:20 - [MESSAGE][FAILED] - Unable to click on object 'Object Repository/Final Object Repo/New Registration - Registration Module Pages/Third Screen - Upload Supporting Doc- Preview/Save n Continue in Uploading Supporting Doc Page' (Root cause: org.openqa.selenium.WebDriverException: chrome not reachable
  (Session info: chrome=70.0.3538.110)
  (Driver info: chromedriver=2.43.600210 (68dcf5eebde37173d4027fa8635e332711d2874a),platform=Windows NT 6.1.7601 SP1 x86_64) (WARNING: The server did not provide any stacktrace information)
Command duration or timeout: 0 milliseconds
Build info: version: '3.7.1', revision: '8a0099a', time: '2017-11-06T21:07:36.161Z'
System info: host: 'WIN7TEST02', ip: '10.20.3.72', os.name: 'Windows 7', os.arch: 'amd64', os.version: '6.1', java.version: '1.8.0_181'
Driver info: com.kms.katalon.selenium.driver.CChromeDriver
Capabilities {acceptInsecureCerts: false, acceptSslCerts: false, applicationCacheEnabled: false, browserConnectionEnabled: false, browserName: chrome, chrome: {chromedriverVersion: 2.43.600210 (68dcf5eebde371..., userDataDir: C:\Users\Admin\AppData\Loca...}, cssSelectorsEnabled: true, databaseEnabled: false, goog:chromeOptions: {debuggerAddress: localhost:60252}, handlesAlerts: true, hasTouchScreen: false, javascriptEnabled: true, locationContextEnabled: true, mobileEmulationEnabled: false, nativeEvents: true, networkConnectionEnabled: false, pageLoadStrategy: normal, platform: XP, platformName: XP, rotatable: false, setWindowRect: true, takesHeapSnapshot: true, takesScreenshot: true, unexpectedAlertBehaviour: , unhandledPromptBehavior: , version: 70.0.3538.110, webStorageEnabled: true}
Session ID: 3e94187ca70da5961da6eaab4237bd89
*** Element info: {Using=xpath, value=//a[@id = '_newreg_WAR_registrationportlet_saveNContinueFormBtnId' and @targets = 'collMsgDivId' and @class = 'btn btn-lg blueBtn col-md-2 pull-right' and (text() = '
									SAVE & CONTINUE	
				                ' or . = '
									SAVE & CONTINUE	
				                ')]})

2018-12-11 17:26:20 - [MESSAGE][FAILED] - Unable to call Test Case with id 'Test Cases/Final Aug 2018 - PKS Automation/Registration Module/New Registration/Flow of New Registration/Third Screen - Upload Supporting Doc - Preview' (Root cause: Call Test Case 'Test Cases/Final Aug 2018 - PKS Automation/Registration Module/New Registration/Flow of New Registration/Third Screen - Upload Supporting Doc - Preview' failed)

2018-12-11 17:26:20 - [MESSAGE][FAILED] - Unable to call Test Case with id 'Test Cases/Final Aug 2018 - PKS Automation/Registration Module/Workflow/Update Add New Employee/Template/New Company for Update Add New' (Root cause: Call Test Case 'Test Cases/Final Aug 2018 - PKS Automation/Registration Module/Workflow/Update Add New Employee/Template/New Company for Update Add New' failed)]]></system-out>
         <system-err><![CDATA[2018-12-11 17:17:18 - [TEST_CASE][FAILED] - Test Cases/Final Aug 2018 - PKS Automation/Registration Module/Workflow/Update Add New Employee/Special Case (OTC - RO Query - OTC Upload Pending Case - RO Approve): Test Cases/Final Aug 2018 - PKS Automation/Registration Module/Workflow/Update Add New Employee/Special Case (OTC - RO Query - OTC Upload Pending Case - RO Approve) FAILED because (of) (Stack trace: com.kms.katalon.core.exception.StepFailedException: Unable to wait for object 'Object Repository/Final Object Repo/New Registration - Registration Module Pages/Third Screen - Upload Supporting Doc- Preview/Save n Continue in SIP Employee Listing Page' to be clickable (Root cause: org.openqa.selenium.WebDriverException: chrome not reachable
  (Session info: chrome=70.0.3538.110)
  (Driver info: chromedriver=2.43.600210 (68dcf5eebde37173d4027fa8635e332711d2874a),platform=Windows NT 6.1.7601 SP1 x86_64) (WARNING: The server did not provide any stacktrace information)
Command duration or timeout: 0 milliseconds
Build info: version: '3.7.1', revision: '8a0099a', time: '2017-11-06T21:07:36.161Z'
System info: host: 'WIN7TEST02', ip: '10.20.3.72', os.name: 'Windows 7', os.arch: 'amd64', os.version: '6.1', java.version: '1.8.0_181'
Driver info: com.kms.katalon.selenium.driver.CChromeDriver
Capabilities {acceptInsecureCerts: false, acceptSslCerts: false, applicationCacheEnabled: false, browserConnectionEnabled: false, browserName: chrome, chrome: {chromedriverVersion: 2.43.600210 (68dcf5eebde371..., userDataDir: C:\Users\Admin\AppData\Loca...}, cssSelectorsEnabled: true, databaseEnabled: false, goog:chromeOptions: {debuggerAddress: localhost:60252}, handlesAlerts: true, hasTouchScreen: false, javascriptEnabled: true, locationContextEnabled: true, mobileEmulationEnabled: false, nativeEvents: true, networkConnectionEnabled: false, pageLoadStrategy: normal, platform: XP, platformName: XP, rotatable: false, setWindowRect: true, takesHeapSnapshot: true, takesScreenshot: true, unexpectedAlertBehaviour: , unhandledPromptBehavior: , version: 70.0.3538.110, webStorageEnabled: true}
Session ID: 3e94187ca70da5961da6eaab4237bd89
*** Element info: {Using=xpath, value=//a[@targets = 'baseMsgDivId' and @class = 'btn btn-lg blueBtn col-md-2 pull-right m-r-0 browserIdBtn' and (text() = ' SAVE & CONTINUE	
				' or . = ' SAVE & CONTINUE	
				')]})
	at com.kms.katalon.core.keyword.internal.KeywordMain.stepFailed(KeywordMain.groovy:32)
	at com.kms.katalon.core.webui.keyword.internal.WebUIKeywordMain.stepFailed(WebUIKeywordMain.groovy:65)
	at com.kms.katalon.core.webui.keyword.internal.WebUIKeywordMain.runKeyword(WebUIKeywordMain.groovy:27)
	at com.kms.katalon.core.webui.keyword.builtin.WaitForElementClickableKeyword.waitForElementClickable(WaitForElementClickableKeyword.groovy:108)
	at com.kms.katalon.core.webui.keyword.builtin.WaitForElementClickableKeyword.execute(WaitForElementClickableKeyword.groovy:68)
	at com.kms.katalon.core.keyword.internal.KeywordExecutor.executeKeywordForPlatform(KeywordExecutor.groovy:53)
	at com.kms.katalon.core.webui.keyword.WebUiBuiltInKeywords.waitForElementClickable(WebUiBuiltInKeywords.groovy:500)
	at com.kms.katalon.core.webui.keyword.WebUiBuiltInKeywords$waitForElementClickable$7.call(Unknown Source)
	at Script1534409664094.run(Script1534409664094.groovy:32)
	at com.kms.katalon.core.main.ScriptEngine.run(ScriptEngine.java:183)
	at com.kms.katalon.core.main.ScriptEngine.runScriptAsRawText(ScriptEngine.java:108)
	at com.kms.katalon.core.main.TestCaseExecutor.runScript(TestCaseExecutor.java:294)
	at com.kms.katalon.core.main.TestCaseExecutor.doExecute(TestCaseExecutor.java:285)
	at com.kms.katalon.core.main.TestCaseExecutor.processExecutionPhase(TestCaseExecutor.java:264)
	at com.kms.katalon.core.main.TestCaseExecutor.accessMainPhase(TestCaseExecutor.java:256)
	at com.kms.katalon.core.main.TestCaseExecutor.execute(TestCaseExecutor.java:200)
	at com.kms.katalon.core.main.TestCaseMain.runTestCase(TestCaseMain.java:99)
	at com.kms.katalon.core.keyword.builtin.CallTestCaseKeyword$_callTestCase_closure1.doCall(CallTestCaseKeyword.groovy:60)
	at com.kms.katalon.core.keyword.builtin.CallTestCaseKeyword$_callTestCase_closure1.call(CallTestCaseKeyword.groovy)
	at com.kms.katalon.core.keyword.internal.KeywordMain.runKeyword(KeywordMain.groovy:54)
	at com.kms.katalon.core.keyword.builtin.CallTestCaseKeyword.callTestCase(CallTestCaseKeyword.groovy:81)
	at com.kms.katalon.core.keyword.builtin.CallTestCaseKeyword.execute(CallTestCaseKeyword.groovy:45)
	at com.kms.katalon.core.keyword.internal.KeywordExecutor.executeKeywordForPlatform(KeywordExecutor.groovy:53)
	at com.kms.katalon.core.keyword.BuiltinKeywords.callTestCase(BuiltinKeywords.groovy:334)
	at sun.reflect.GeneratedMethodAccessor13.invoke(Unknown Source)
	at sun.reflect.DelegatingMethodAccessorImpl.invoke(DelegatingMethodAccessorImpl.java:43)
	at java.lang.reflect.Method.invoke(Method.java:498)
	at org.codehaus.groovy.reflection.CachedMethod.invoke(CachedMethod.java:93)
	at groovy.lang.MetaMethod.doMethodInvoke(MetaMethod.java:325)
	at groovy.lang.MetaClassImpl.invokeStaticMethod(MetaClassImpl.java:1469)
	at org.codehaus.groovy.runtime.callsite.StaticMetaClassSite.call(StaticMetaClassSite.java:53)
	at org.codehaus.groovy.runtime.callsite.AbstractCallSite.call(AbstractCallSite.java:141)
	at Script1536051799273.run(Script1536051799273.groovy:28)
	at com.kms.katalon.core.main.ScriptEngine.run(ScriptEngine.java:183)
	at com.kms.katalon.core.main.ScriptEngine.runScriptAsRawText(ScriptEngine.java:108)
	at com.kms.katalon.core.main.TestCaseExecutor.runScript(TestCaseExecutor.java:294)
	at com.kms.katalon.core.main.TestCaseExecutor.doExecute(TestCaseExecutor.java:285)
	at com.kms.katalon.core.main.TestCaseExecutor.processExecutionPhase(TestCaseExecutor.java:264)
	at com.kms.katalon.core.main.TestCaseExecutor.accessMainPhase(TestCaseExecutor.java:256)
	at com.kms.katalon.core.main.TestCaseExecutor.execute(TestCaseExecutor.java:200)
	at com.kms.katalon.core.main.TestCaseMain.runTestCase(TestCaseMain.java:99)
	at com.kms.katalon.core.keyword.builtin.CallTestCaseKeyword$_callTestCase_closure1.doCall(CallTestCaseKeyword.groovy:60)
	at com.kms.katalon.core.keyword.builtin.CallTestCaseKeyword$_callTestCase_closure1.call(CallTestCaseKeyword.groovy)
	at com.kms.katalon.core.keyword.internal.KeywordMain.runKeyword(KeywordMain.groovy:54)
	at com.kms.katalon.core.keyword.builtin.CallTestCaseKeyword.callTestCase(CallTestCaseKeyword.groovy:81)
	at com.kms.katalon.core.keyword.builtin.CallTestCaseKeyword.execute(CallTestCaseKeyword.groovy:45)
	at com.kms.katalon.core.keyword.internal.KeywordExecutor.executeKeywordForPlatform(KeywordExecutor.groovy:53)
	at com.kms.katalon.core.keyword.BuiltinKeywords.callTestCase(BuiltinKeywords.groovy:334)
	at sun.reflect.GeneratedMethodAccessor13.invoke(Unknown Source)
	at sun.reflect.DelegatingMethodAccessorImpl.invoke(DelegatingMethodAccessorImpl.java:43)
	at java.lang.reflect.Method.invoke(Method.java:498)
	at org.codehaus.groovy.reflection.CachedMethod.invoke(CachedMethod.java:93)
	at groovy.lang.MetaMethod.doMethodInvoke(MetaMethod.java:325)
	at groovy.lang.MetaClassImpl.invokeStaticMethod(MetaClassImpl.java:1469)
	at org.codehaus.groovy.runtime.callsite.StaticMetaClassSite.call(StaticMetaClassSite.java:53)
	at org.codehaus.groovy.runtime.callsite.CallSiteArray.defaultCall(CallSiteArray.java:48)
	at org.codehaus.groovy.runtime.callsite.AbstractCallSite.call(AbstractCallSite.java:113)
	at org.codehaus.groovy.runtime.callsite.AbstractCallSite.call(AbstractCallSite.java:141)
	at Script1536201277272.run(Script1536201277272.groovy:15)
	at com.kms.katalon.core.main.ScriptEngine.run(ScriptEngine.java:183)
	at com.kms.katalon.core.main.ScriptEngine.runScriptAsRawText(ScriptEngine.java:108)
	at com.kms.katalon.core.main.TestCaseExecutor.runScript(TestCaseExecutor.java:294)
	at com.kms.katalon.core.main.TestCaseExecutor.doExecute(TestCaseExecutor.java:285)
	at com.kms.katalon.core.main.TestCaseExecutor.processExecutionPhase(TestCaseExecutor.java:264)
	at com.kms.katalon.core.main.TestCaseExecutor.accessMainPhase(TestCaseExecutor.java:256)
	at com.kms.katalon.core.main.TestCaseExecutor.execute(TestCaseExecutor.java:200)
	at com.kms.katalon.core.main.TestSuiteExecutor.accessTestCaseMainPhase(TestSuiteExecutor.java:129)
	at com.kms.katalon.core.main.TestSuiteExecutor.accessTestSuiteMainPhase(TestSuiteExecutor.java:112)
	at com.kms.katalon.core.main.TestSuiteExecutor.execute(TestSuiteExecutor.java:81)
	at com.kms.katalon.core.main.TestCaseMain.startTestSuite(TestCaseMain.java:142)
	at com.kms.katalon.core.main.TestCaseMain$startTestSuite$0.call(Unknown Source)
	at org.codehaus.groovy.runtime.callsite.CallSiteArray.defaultCall(CallSiteArray.java:48)
	at org.codehaus.groovy.runtime.callsite.AbstractCallSite.call(AbstractCallSite.java:113)
	at org.codehaus.groovy.runtime.callsite.AbstractCallSite.call(AbstractCallSite.java:141)
	at TempTestSuite1544497307655.run(TempTestSuite1544497307655.groovy:36)
	at groovy.lang.GroovyShell.runScriptOrMainOrTestOrRunnable(GroovyShell.java:263)
	at groovy.lang.GroovyShell.run(GroovyShell.java:518)
	at groovy.lang.GroovyShell.run(GroovyShell.java:507)
	at groovy.ui.GroovyMain.processOnce(GroovyMain.java:653)
	at groovy.ui.GroovyMain.run(GroovyMain.java:384)
	at groovy.ui.GroovyMain.process(GroovyMain.java:370)
	at groovy.ui.GroovyMain.processArgs(GroovyMain.java:129)
	at groovy.ui.GroovyMain.main(GroovyMain.java:109)
	at sun.reflect.NativeMethodAccessorImpl.invoke0(Native Method)
	at sun.reflect.NativeMethodAccessorImpl.invoke(NativeMethodAccessorImpl.java:62)
	at sun.reflect.DelegatingMethodAccessorImpl.invoke(DelegatingMethodAccessorImpl.java:43)
	at java.lang.reflect.Method.invoke(Method.java:498)
	at org.codehaus.groovy.tools.GroovyStarter.rootLoader(GroovyStarter.java:109)
	at org.codehaus.groovy.tools.GroovyStarter.main(GroovyStarter.java:131)
)]]></system-err>
      </testcase>
      <testcase name="Test Cases/Final Aug 2018 - PKS Automation/Registration Module/Workflow/Update Add New Employee/Special Case (OTC - RO Under Enforcement)" classname="Test Cases/Final Aug 2018 - PKS Automation/Registration Module/Workflow/Update Add New Employee/Special Case (OTC - RO Under Enforcement)" status="PASSED">
         <system-out><![CDATA[2018-12-11 17:26:20 - [TEST_CASE][PASSED] - Test Cases/Final Aug 2018 - PKS Automation/Registration Module/Workflow/Update Add New Employee/Special Case (OTC - RO Under Enforcement): Test Cases/Final Aug 2018 - PKS Automation/Registration Module/Workflow/Update Add New Employee/Special Case (OTC - RO Under Enforcement)

2018-12-11 17:26:21 - [TEST_STEP][PASSED] - callTestCase: Call Test Case 'Test Cases/Final Aug 2018 - PKS Automation/Registration Module/Workflow/Update Add New Employee/Template/New Company for Update Add New' successfully

2018-12-11 17:26:21 - [TEST_CASE][PASSED] - Test Cases/Final Aug 2018 - PKS Automation/Registration Module/Workflow/Update Add New Employee/Template/New Company for Update Add New: Test Cases/Final Aug 2018 - PKS Automation/Registration Module/Workflow/Update Add New Employee/Template/New Company for Update Add New

2018-12-11 17:26:21 - [TEST_STEP][PASSED] - callTestCase: Call Test Case 'Test Cases/Final Aug 2018 - PKS Automation/Registration Module/New Registration/Form 1/Form 1 - Corporation - BHD' successfully

2018-12-11 17:26:21 - [TEST_CASE][PASSED] - Test Cases/Final Aug 2018 - PKS Automation/Registration Module/New Registration/Form 1/Form 1 - Corporation - BHD: Test Cases/Final Aug 2018 - PKS Automation/Registration Module/New Registration/Form 1/Form 1 - Corporation - BHD

2018-12-11 17:26:21 - [TEST_STEP][PASSED] - openBrowser: Browser is opened with url: ''

2018-12-11 17:26:21 - [MESSAGE][WARNING] - A browser is already opened. Closing browser and opening a new one

2018-12-11 17:26:25 - [MESSAGE][PASSED] - Browser is opened with url: ''

2018-12-11 17:26:25 - [TEST_STEP][PASSED] - navigateToUrl: Navigate to 'https://assist2-uat.perkeso.gov.my/login' successfully

2018-12-11 17:26:26 - [MESSAGE][PASSED] - Navigate to 'https://assist2-uat.perkeso.gov.my/login' successfully

2018-12-11 17:26:26 - [TEST_STEP][PASSED] - setText: Text 'johorotc1@gmail.com' is set on object 'Object Repository/Final Object Repo/Login Page/Internal User/Email Address'

2018-12-11 17:26:26 - [MESSAGE][PASSED] - Text 'johorotc1@gmail.com' is set on object 'Object Repository/Final Object Repo/Login Page/Internal User/Email Address'

2018-12-11 17:26:26 - [TEST_STEP][PASSED] - click: Object: 'Object Repository/Final Object Repo/Login Page/Internal User/Next Button' is clicked on

2018-12-11 17:26:26 - [MESSAGE][PASSED] - Object: 'Object Repository/Final Object Repo/Login Page/Internal User/Next Button' is clicked on

2018-12-11 17:26:26 - [TEST_STEP][PASSED] - delay: Delayed 1 second(s)

2018-12-11 17:26:27 - [MESSAGE][PASSED] - Delayed 1 second(s)

2018-12-11 17:26:27 - [TEST_STEP][PASSED] - setEncryptedText: Text ****** has been set on object 'Object Repository/Final Object Repo/Login Page/Internal User/Password'

2018-12-11 17:26:27 - [MESSAGE][PASSED] - Text ****** has been set on object 'Object Repository/Final Object Repo/Login Page/Internal User/Password'

2018-12-11 17:26:27 - [TEST_STEP][PASSED] - click: Object: 'Object Repository/Final Object Repo/Login Page/Internal User/Login Button' is clicked on

2018-12-11 17:26:28 - [MESSAGE][PASSED] - Object: 'Object Repository/Final Object Repo/Login Page/Internal User/Login Button' is clicked on

2018-12-11 17:26:28 - [TEST_STEP][PASSED] - delay: Delayed 1 second(s)

2018-12-11 17:26:29 - [MESSAGE][PASSED] - Delayed 1 second(s)

2018-12-11 17:26:29 - [TEST_STEP][PASSED] - Statement - Try: Delayed 2 second(s)

2018-12-11 17:26:29 - [TEST_STEP][PASSED] - Statement - Checker = false: null

2018-12-11 17:26:29 - [TEST_STEP][PASSED] - Statement - Checker = com.kms.katalon.core.webui.keyword.WebUiBuiltInKeywords.verifyElementHasAttribute(com.kms.katalon.core.testobject.ObjectRepository.findTestObject(Final Object Repo/Landing Page/BM Detecting), "href", 20, OPTIONAL): Object 'Object Repository/Final Object Repo/Landing Page/BM Detecting' has attribute 'href'

2018-12-11 17:26:29 - [MESSAGE][PASSED] - Object 'Object Repository/Final Object Repo/Landing Page/BM Detecting' has attribute 'href'

2018-12-11 17:26:29 - [TEST_STEP][PASSED] - Statement - out.println(Checker): null

2018-12-11 17:26:29 - [TEST_STEP][PASSED] - Statement - If (Checker == false): null

2018-12-11 17:26:29 - [TEST_STEP][PASSED] - Statement - Else: null

2018-12-11 17:26:29 - [TEST_STEP][PASSED] - delay: Delayed 2 second(s)

2018-12-11 17:26:31 - [MESSAGE][PASSED] - Delayed 2 second(s)

2018-12-11 17:26:31 - [TEST_STEP][PASSED] - navigateToUrl: Navigate to 'https://assist2-uat.perkeso.gov.my/web/registration/registration' successfully

2018-12-11 17:26:33 - [MESSAGE][PASSED] - Navigate to 'https://assist2-uat.perkeso.gov.my/web/registration/registration' successfully

2018-12-11 17:26:33 - [TEST_STEP][PASSED] - click: Object: 'Object Repository/Final Object Repo/New Registration - Registration Module Pages/Form 1/AEC - No' is clicked on

2018-12-11 17:26:33 - [MESSAGE][PASSED] - Object: 'Object Repository/Final Object Repo/New Registration - Registration Module Pages/Form 1/AEC - No' is clicked on

2018-12-11 17:26:33 - [TEST_STEP][PASSED] - click: Object: 'Object Repository/Final Object Repo/New Registration - Registration Module Pages/Form 1/Business Entity' is clicked on

2018-12-11 17:26:33 - [MESSAGE][PASSED] - Object: 'Object Repository/Final Object Repo/New Registration - Registration Module Pages/Form 1/Business Entity' is clicked on

2018-12-11 17:26:33 - [TEST_STEP][PASSED] - click: Object: 'Object Repository/Final Object Repo/New Registration - Registration Module Pages/Form 1/Businees Entity - Corporation' is clicked on

2018-12-11 17:26:33 - [MESSAGE][PASSED] - Object: 'Object Repository/Final Object Repo/New Registration - Registration Module Pages/Form 1/Businees Entity - Corporation' is clicked on

2018-12-11 17:26:33 - [TEST_STEP][PASSED] - delay: Delayed 1 second(s)

2018-12-11 17:26:34 - [MESSAGE][PASSED] - Delayed 1 second(s)

2018-12-11 17:26:34 - [TEST_STEP][PASSED] - click: Object: 'Object Repository/Final Object Repo/New Registration - Registration Module Pages/Form 1/Sub Business Entity' is clicked on

2018-12-11 17:26:35 - [MESSAGE][PASSED] - Object: 'Object Repository/Final Object Repo/New Registration - Registration Module Pages/Form 1/Sub Business Entity' is clicked on

2018-12-11 17:26:35 - [TEST_STEP][PASSED] - click: Object: 'Object Repository/Final Object Repo/New Registration - Registration Module Pages/Form 1/Sub Business Entity - Berhad' is clicked on

2018-12-11 17:26:35 - [MESSAGE][PASSED] - Object: 'Object Repository/Final Object Repo/New Registration - Registration Module Pages/Form 1/Sub Business Entity - Berhad' is clicked on

2018-12-11 17:26:35 - [TEST_STEP][PASSED] - delay: Delayed 1 second(s)

2018-12-11 17:26:36 - [MESSAGE][PASSED] - Delayed 1 second(s)

2018-12-11 17:26:36 - [TEST_STEP][PASSED] - setText: Text '123' is set on object 'Object Repository/Final Object Repo/New Registration - Registration Module Pages/Form 1/Registration Number'

2018-12-11 17:26:36 - [MESSAGE][PASSED] - Text '123' is set on object 'Object Repository/Final Object Repo/New Registration - Registration Module Pages/Form 1/Registration Number'

2018-12-11 17:26:36 - [TEST_STEP][PASSED] - click: Object: 'Object Repository/Final Object Repo/New Registration - Registration Module Pages/Form 1/Registred with SSM - Before Feb' is clicked on

2018-12-11 17:26:36 - [MESSAGE][PASSED] - Object: 'Object Repository/Final Object Repo/New Registration - Registration Module Pages/Form 1/Registred with SSM - Before Feb' is clicked on

2018-12-11 17:26:36 - [TEST_STEP][PASSED] - click: Object: 'Object Repository/Final Object Repo/New Registration - Registration Module Pages/Form 1/Registered As a Branch - Yes' is clicked on

2018-12-11 17:26:36 - [MESSAGE][PASSED] - Object: 'Object Repository/Final Object Repo/New Registration - Registration Module Pages/Form 1/Registered As a Branch - Yes' is clicked on

2018-12-11 17:26:36 - [TEST_STEP][PASSED] - click: Object: 'Object Repository/Final Object Repo/New Registration - Registration Module Pages/Form 1/Acknowledgement' is clicked on

2018-12-11 17:26:37 - [MESSAGE][PASSED] - Object: 'Object Repository/Final Object Repo/New Registration - Registration Module Pages/Form 1/Acknowledgement' is clicked on

2018-12-11 17:26:37 - [TEST_STEP][PASSED] - setText: Text 'perkeso' is set on object 'Object Repository/Final Object Repo/New Registration - Registration Module Pages/Form 1/Industry name'

2018-12-11 17:26:37 - [MESSAGE][PASSED] - Text 'perkeso' is set on object 'Object Repository/Final Object Repo/New Registration - Registration Module Pages/Form 1/Industry name'

2018-12-11 17:26:37 - [TEST_STEP][PASSED] - setText: Text 'perkeso1' is set on object 'Object Repository/Final Object Repo/New Registration - Registration Module Pages/Form 1/Postal Address1'

2018-12-11 17:26:37 - [MESSAGE][PASSED] - Text 'perkeso1' is set on object 'Object Repository/Final Object Repo/New Registration - Registration Module Pages/Form 1/Postal Address1'

2018-12-11 17:26:37 - [TEST_STEP][PASSED] - setText: Text 'perkeso2' is set on object 'Object Repository/Final Object Repo/New Registration - Registration Module Pages/Form 1/Postal Address2'

2018-12-11 17:26:38 - [MESSAGE][PASSED] - Text 'perkeso2' is set on object 'Object Repository/Final Object Repo/New Registration - Registration Module Pages/Form 1/Postal Address2'

2018-12-11 17:26:38 - [TEST_STEP][PASSED] - setText: Text 'perkeso3' is set on object 'Object Repository/Final Object Repo/New Registration - Registration Module Pages/Form 1/Postal Address3'

2018-12-11 17:26:38 - [MESSAGE][PASSED] - Text 'perkeso3' is set on object 'Object Repository/Final Object Repo/New Registration - Registration Module Pages/Form 1/Postal Address3'

2018-12-11 17:26:38 - [TEST_STEP][PASSED] - click: Object: 'Object Repository/Final Object Repo/New Registration - Registration Module Pages/Form 1/State' is clicked on

2018-12-11 17:26:38 - [MESSAGE][PASSED] - Object: 'Object Repository/Final Object Repo/New Registration - Registration Module Pages/Form 1/State' is clicked on

2018-12-11 17:26:38 - [TEST_STEP][PASSED] - click: Object: 'Object Repository/Final Object Repo/New Registration - Registration Module Pages/Form 1/State - Johor' is clicked on

2018-12-11 17:26:38 - [MESSAGE][PASSED] - Object: 'Object Repository/Final Object Repo/New Registration - Registration Module Pages/Form 1/State - Johor' is clicked on

2018-12-11 17:26:38 - [TEST_STEP][PASSED] - delay: Delayed 1 second(s)

2018-12-11 17:26:39 - [MESSAGE][PASSED] - Delayed 1 second(s)

2018-12-11 17:26:39 - [TEST_STEP][PASSED] - click: Object: 'Object Repository/Final Object Repo/New Registration - Registration Module Pages/Form 1/City' is clicked on

2018-12-11 17:26:40 - [MESSAGE][PASSED] - Object: 'Object Repository/Final Object Repo/New Registration - Registration Module Pages/Form 1/City' is clicked on

2018-12-11 17:26:40 - [TEST_STEP][PASSED] - setText: Text 'joh' is set on object 'Object Repository/Final Object Repo/New Registration - Registration Module Pages/Form 1/Postcode - 810'

2018-12-11 17:26:40 - [MESSAGE][PASSED] - Text 'joh' is set on object 'Object Repository/Final Object Repo/New Registration - Registration Module Pages/Form 1/Postcode - 810'

2018-12-11 17:26:40 - [TEST_STEP][PASSED] - delay: Delayed 1 second(s)

2018-12-11 17:26:41 - [MESSAGE][PASSED] - Delayed 1 second(s)

2018-12-11 17:26:41 - [TEST_STEP][PASSED] - click: Object: 'Object Repository/Final Object Repo/New Registration - Registration Module Pages/Form 1/City - Johor Bharu' is clicked on

2018-12-11 17:26:41 - [MESSAGE][PASSED] - Object: 'Object Repository/Final Object Repo/New Registration - Registration Module Pages/Form 1/City - Johor Bharu' is clicked on

2018-12-11 17:26:41 - [TEST_STEP][PASSED] - delay: Delayed 1 second(s)

2018-12-11 17:26:42 - [MESSAGE][PASSED] - Delayed 1 second(s)

2018-12-11 17:26:42 - [TEST_STEP][PASSED] - click: Object: 'Object Repository/Final Object Repo/New Registration - Registration Module Pages/Form 1/Postcode' is clicked on

2018-12-11 17:26:42 - [MESSAGE][PASSED] - Object: 'Object Repository/Final Object Repo/New Registration - Registration Module Pages/Form 1/Postcode' is clicked on

2018-12-11 17:26:42 - [TEST_STEP][PASSED] - delay: Delayed 1 second(s)

2018-12-11 17:26:43 - [MESSAGE][PASSED] - Delayed 1 second(s)

2018-12-11 17:26:43 - [TEST_STEP][PASSED] - setText: Text '810' is set on object 'Object Repository/Final Object Repo/New Registration - Registration Module Pages/Form 1/Postcode - 810'

2018-12-11 17:26:43 - [MESSAGE][PASSED] - Text '810' is set on object 'Object Repository/Final Object Repo/New Registration - Registration Module Pages/Form 1/Postcode - 810'

2018-12-11 17:26:43 - [TEST_STEP][PASSED] - delay: Delayed 3 second(s)

2018-12-11 17:26:46 - [MESSAGE][PASSED] - Delayed 3 second(s)

2018-12-11 17:26:46 - [TEST_STEP][PASSED] - click: Object: 'Object Repository/Final Object Repo/New Registration - Registration Module Pages/Form 1/Postcode - 81000' is clicked on

2018-12-11 17:26:47 - [MESSAGE][PASSED] - Object: 'Object Repository/Final Object Repo/New Registration - Registration Module Pages/Form 1/Postcode - 81000' is clicked on

2018-12-11 17:26:47 - [TEST_STEP][PASSED] - delay: Delayed 1 second(s)

2018-12-11 17:26:48 - [MESSAGE][PASSED] - Delayed 1 second(s)

2018-12-11 17:26:48 - [TEST_STEP][PASSED] - setText: Text '100' is set on object 'Object Repository/Final Object Repo/New Registration - Registration Module Pages/Form 1/P.O.BOX'

2018-12-11 17:26:48 - [MESSAGE][PASSED] - Text '100' is set on object 'Object Repository/Final Object Repo/New Registration - Registration Module Pages/Form 1/P.O.BOX'

2018-12-11 17:26:48 - [TEST_STEP][PASSED] - setText: Text '100' is set on object 'Object Repository/Final Object Repo/New Registration - Registration Module Pages/Form 1/Locked Bag No'

2018-12-11 17:26:48 - [MESSAGE][PASSED] - Text '100' is set on object 'Object Repository/Final Object Repo/New Registration - Registration Module Pages/Form 1/Locked Bag No'

2018-12-11 17:26:48 - [TEST_STEP][PASSED] - click: Object: 'Object Repository/Final Object Repo/New Registration - Registration Module Pages/Form 1/SOCSO Office Location' is clicked on

2018-12-11 17:26:48 - [MESSAGE][PASSED] - Object: 'Object Repository/Final Object Repo/New Registration - Registration Module Pages/Form 1/SOCSO Office Location' is clicked on

2018-12-11 17:26:48 - [TEST_STEP][PASSED] - click: Object: 'Object Repository/Final Object Repo/New Registration - Registration Module Pages/Form 1/SOCSO Office Location - Pejabat PERKESO Negeri Johor' is clicked on

2018-12-11 17:26:49 - [MESSAGE][PASSED] - Object: 'Object Repository/Final Object Repo/New Registration - Registration Module Pages/Form 1/SOCSO Office Location - Pejabat PERKESO Negeri Johor' is clicked on

2018-12-11 17:26:49 - [TEST_STEP][PASSED] - delay: Delayed 1 second(s)

2018-12-11 17:26:50 - [MESSAGE][PASSED] - Delayed 1 second(s)

2018-12-11 17:26:50 - [TEST_STEP][PASSED] - check: Object 'Object Repository/Final Object Repo/New Registration - Registration Module Pages/Form 1/Indusrty Address Same As Postal Address' is checked

2018-12-11 17:26:50 - [MESSAGE][PASSED] - Object 'Object Repository/Final Object Repo/New Registration - Registration Module Pages/Form 1/Indusrty Address Same As Postal Address' is checked

2018-12-11 17:26:50 - [TEST_STEP][PASSED] - delay: Delayed 3 second(s)

2018-12-11 17:26:53 - [MESSAGE][PASSED] - Delayed 3 second(s)

2018-12-11 17:26:53 - [TEST_STEP][PASSED] - click: Object: 'Object Repository/Final Object Repo/New Registration - Registration Module Pages/Form 1/Indusry Address Same As Postal Address False' is clicked on

2018-12-11 17:26:53 - [MESSAGE][PASSED] - Object: 'Object Repository/Final Object Repo/New Registration - Registration Module Pages/Form 1/Indusry Address Same As Postal Address False' is clicked on

2018-12-11 17:26:53 - [TEST_STEP][PASSED] - delay: Delayed 1 second(s)

2018-12-11 17:26:54 - [MESSAGE][PASSED] - Delayed 1 second(s)

2018-12-11 17:26:54 - [TEST_STEP][PASSED] - setText: Text 'perkeso1' is set on object 'Object Repository/Final Object Repo/New Registration - Registration Module Pages/Form 1/Industry Address1'

2018-12-11 17:26:54 - [MESSAGE][PASSED] - Text 'perkeso1' is set on object 'Object Repository/Final Object Repo/New Registration - Registration Module Pages/Form 1/Industry Address1'

2018-12-11 17:26:54 - [TEST_STEP][PASSED] - setText: Text 'perkeso2' is set on object 'Object Repository/Final Object Repo/New Registration - Registration Module Pages/Form 1/Industry Address2'

2018-12-11 17:26:55 - [MESSAGE][PASSED] - Text 'perkeso2' is set on object 'Object Repository/Final Object Repo/New Registration - Registration Module Pages/Form 1/Industry Address2'

2018-12-11 17:26:55 - [TEST_STEP][PASSED] - setText: Text 'perkeso3' is set on object 'Object Repository/Final Object Repo/New Registration - Registration Module Pages/Form 1/Industry Address3'

2018-12-11 17:26:55 - [MESSAGE][PASSED] - Text 'perkeso3' is set on object 'Object Repository/Final Object Repo/New Registration - Registration Module Pages/Form 1/Industry Address3'

2018-12-11 17:26:55 - [TEST_STEP][PASSED] - click: Object: 'Object Repository/Final Object Repo/New Registration - Registration Module Pages/Form 1/Industry State' is clicked on

2018-12-11 17:26:55 - [MESSAGE][PASSED] - Object: 'Object Repository/Final Object Repo/New Registration - Registration Module Pages/Form 1/Industry State' is clicked on

2018-12-11 17:26:55 - [TEST_STEP][PASSED] - delay: Delayed 2 second(s)

2018-12-11 17:26:57 - [MESSAGE][PASSED] - Delayed 2 second(s)

2018-12-11 17:26:57 - [TEST_STEP][PASSED] - click: Object: 'Object Repository/Final Object Repo/New Registration - Registration Module Pages/Form 1/Industry State - Johor' is clicked on

2018-12-11 17:26:57 - [MESSAGE][PASSED] - Object: 'Object Repository/Final Object Repo/New Registration - Registration Module Pages/Form 1/Industry State - Johor' is clicked on

2018-12-11 17:26:57 - [TEST_STEP][PASSED] - delay: Delayed 2 second(s)

2018-12-11 17:26:59 - [MESSAGE][PASSED] - Delayed 2 second(s)

2018-12-11 17:26:59 - [TEST_STEP][PASSED] - click: Object: 'Object Repository/Final Object Repo/New Registration - Registration Module Pages/Form 1/Industry Ciry' is clicked on

2018-12-11 17:27:00 - [MESSAGE][PASSED] - Object: 'Object Repository/Final Object Repo/New Registration - Registration Module Pages/Form 1/Industry Ciry' is clicked on

2018-12-11 17:27:00 - [TEST_STEP][PASSED] - setText: Text 'joh' is set on object 'Object Repository/Final Object Repo/New Registration - Registration Module Pages/Form 1/Industry Ciry - joh'

2018-12-11 17:27:00 - [MESSAGE][PASSED] - Text 'joh' is set on object 'Object Repository/Final Object Repo/New Registration - Registration Module Pages/Form 1/Industry Ciry - joh'

2018-12-11 17:27:00 - [TEST_STEP][PASSED] - delay: Delayed 2 second(s)

2018-12-11 17:27:02 - [MESSAGE][PASSED] - Delayed 2 second(s)

2018-12-11 17:27:02 - [TEST_STEP][PASSED] - click: Object: 'Object Repository/Final Object Repo/New Registration - Registration Module Pages/Form 1/Industy State - Johor Bharu' is clicked on

2018-12-11 17:27:02 - [MESSAGE][PASSED] - Object: 'Object Repository/Final Object Repo/New Registration - Registration Module Pages/Form 1/Industy State - Johor Bharu' is clicked on

2018-12-11 17:27:02 - [TEST_STEP][PASSED] - delay: Delayed 1 second(s)

2018-12-11 17:27:03 - [MESSAGE][PASSED] - Delayed 1 second(s)

2018-12-11 17:27:03 - [TEST_STEP][PASSED] - click: Object: 'Object Repository/Final Object Repo/New Registration - Registration Module Pages/Form 1/Indusry PostCode' is clicked on

2018-12-11 17:27:03 - [MESSAGE][PASSED] - Object: 'Object Repository/Final Object Repo/New Registration - Registration Module Pages/Form 1/Indusry PostCode' is clicked on

2018-12-11 17:27:03 - [TEST_STEP][PASSED] - delay: Delayed 1 second(s)

2018-12-11 17:27:04 - [MESSAGE][PASSED] - Delayed 1 second(s)

2018-12-11 17:27:04 - [TEST_STEP][PASSED] - setText: Text '810' is set on object 'Object Repository/Final Object Repo/New Registration - Registration Module Pages/Form 1/Insutry Post Code - 810'

2018-12-11 17:27:04 - [MESSAGE][PASSED] - Text '810' is set on object 'Object Repository/Final Object Repo/New Registration - Registration Module Pages/Form 1/Insutry Post Code - 810'

2018-12-11 17:27:04 - [TEST_STEP][PASSED] - delay: Delayed 1 second(s)

2018-12-11 17:27:05 - [MESSAGE][PASSED] - Delayed 1 second(s)

2018-12-11 17:27:05 - [TEST_STEP][PASSED] - click: Object: 'Object Repository/Final Object Repo/New Registration - Registration Module Pages/Form 1/Insutry Post Code - 81000' is clicked on

2018-12-11 17:27:06 - [MESSAGE][PASSED] - Object: 'Object Repository/Final Object Repo/New Registration - Registration Module Pages/Form 1/Insutry Post Code - 81000' is clicked on

2018-12-11 17:27:06 - [TEST_STEP][PASSED] - delay: Delayed 1 second(s)

2018-12-11 17:27:07 - [MESSAGE][PASSED] - Delayed 1 second(s)

2018-12-11 17:27:07 - [TEST_STEP][PASSED] - setText: Text '100' is set on object 'Object Repository/Final Object Repo/New Registration - Registration Module Pages/Form 1/Industry P.O.BOX'

2018-12-11 17:27:07 - [MESSAGE][PASSED] - Text '100' is set on object 'Object Repository/Final Object Repo/New Registration - Registration Module Pages/Form 1/Industry P.O.BOX'

2018-12-11 17:27:07 - [TEST_STEP][PASSED] - setText: Text '100' is set on object 'Object Repository/Final Object Repo/New Registration - Registration Module Pages/Form 1/Industry Locked Bag No'

2018-12-11 17:27:07 - [MESSAGE][PASSED] - Text '100' is set on object 'Object Repository/Final Object Repo/New Registration - Registration Module Pages/Form 1/Industry Locked Bag No'

2018-12-11 17:27:07 - [TEST_STEP][PASSED] - setText: Text '123456789' is set on object 'Object Repository/Final Object Repo/New Registration - Registration Module Pages/Form 1/Telephone No'

2018-12-11 17:27:07 - [MESSAGE][PASSED] - Text '123456789' is set on object 'Object Repository/Final Object Repo/New Registration - Registration Module Pages/Form 1/Telephone No'

2018-12-11 17:27:07 - [TEST_STEP][PASSED] - setText: Text '123456789' is set on object 'Object Repository/Final Object Repo/New Registration - Registration Module Pages/Form 1/Mobile No'

2018-12-11 17:27:08 - [MESSAGE][PASSED] - Text '123456789' is set on object 'Object Repository/Final Object Repo/New Registration - Registration Module Pages/Form 1/Mobile No'

2018-12-11 17:27:08 - [TEST_STEP][PASSED] - setText: Text '123456789' is set on object 'Object Repository/Final Object Repo/New Registration - Registration Module Pages/Form 1/Fax No'

2018-12-11 17:27:08 - [MESSAGE][PASSED] - Text '123456789' is set on object 'Object Repository/Final Object Repo/New Registration - Registration Module Pages/Form 1/Fax No'

2018-12-11 17:27:08 - [TEST_STEP][PASSED] - click: Object: 'Object Repository/Final Object Repo/New Registration - Registration Module Pages/Form 1/Industry Code' is clicked on

2018-12-11 17:27:08 - [MESSAGE][PASSED] - Object: 'Object Repository/Final Object Repo/New Registration - Registration Module Pages/Form 1/Industry Code' is clicked on

2018-12-11 17:27:08 - [TEST_STEP][PASSED] - click: Object: 'Object Repository/Final Object Repo/New Registration - Registration Module Pages/Form 1/Indudustry Code - Crops and Animal' is clicked on

2018-12-11 17:27:09 - [MESSAGE][PASSED] - Object: 'Object Repository/Final Object Repo/New Registration - Registration Module Pages/Form 1/Indudustry Code - Crops and Animal' is clicked on

2018-12-11 17:27:09 - [TEST_STEP][PASSED] - delay: Delayed 1 second(s)

2018-12-11 17:27:10 - [MESSAGE][PASSED] - Delayed 1 second(s)

2018-12-11 17:27:10 - [TEST_STEP][PASSED] - click: Object: 'Object Repository/Final Object Repo/New Registration - Registration Module Pages/Form 1/Sub Industry Code List' is clicked on

2018-12-11 17:27:10 - [MESSAGE][PASSED] - Object: 'Object Repository/Final Object Repo/New Registration - Registration Module Pages/Form 1/Sub Industry Code List' is clicked on

2018-12-11 17:27:10 - [TEST_STEP][PASSED] - click: Object: 'Object Repository/Final Object Repo/New Registration - Registration Module Pages/Form 1/Sub Industry Code List - Growing of Maize' is clicked on

2018-12-11 17:27:10 - [MESSAGE][PASSED] - Object: 'Object Repository/Final Object Repo/New Registration - Registration Module Pages/Form 1/Sub Industry Code List - Growing of Maize' is clicked on

2018-12-11 17:27:10 - [TEST_STEP][PASSED] - setText: Text 'perkeso123@gmail.com' is set on object 'Object Repository/Final Object Repo/New Registration - Registration Module Pages/Form 1/Email'

2018-12-11 17:27:11 - [MESSAGE][PASSED] - Text 'perkeso123@gmail.com' is set on object 'Object Repository/Final Object Repo/New Registration - Registration Module Pages/Form 1/Email'

2018-12-11 17:27:11 - [TEST_STEP][PASSED] - click: Object: 'Object Repository/Final Object Repo/New Registration - Registration Module Pages/Form 1/Method of Contribution Payment' is clicked on

2018-12-11 17:27:11 - [MESSAGE][PASSED] - Object: 'Object Repository/Final Object Repo/New Registration - Registration Module Pages/Form 1/Method of Contribution Payment' is clicked on

2018-12-11 17:27:11 - [TEST_STEP][PASSED] - click: Object: 'Object Repository/Final Object Repo/New Registration - Registration Module Pages/Form 1/Method of Contribution Payment - Portal' is clicked on

2018-12-11 17:27:11 - [MESSAGE][PASSED] - Object: 'Object Repository/Final Object Repo/New Registration - Registration Module Pages/Form 1/Method of Contribution Payment - Portal' is clicked on

2018-12-11 17:27:11 - [TEST_STEP][PASSED] - click: Object: 'Object Repository/Final Object Repo/New Registration - Registration Module Pages/Form 1/Servide Type' is clicked on

2018-12-11 17:27:11 - [MESSAGE][PASSED] - Object: 'Object Repository/Final Object Repo/New Registration - Registration Module Pages/Form 1/Servide Type' is clicked on

2018-12-11 17:27:11 - [TEST_STEP][PASSED] - click: Object: 'Object Repository/Final Object Repo/New Registration - Registration Module Pages/Form 1/Servide Type - Professional Bodies' is clicked on

2018-12-11 17:27:12 - [MESSAGE][PASSED] - Object: 'Object Repository/Final Object Repo/New Registration - Registration Module Pages/Form 1/Servide Type - Professional Bodies' is clicked on

2018-12-11 17:27:12 - [TEST_STEP][PASSED] - click: Object: 'Object Repository/Final Object Repo/New Registration - Registration Module Pages/Form 1/Industry Venue' is clicked on

2018-12-11 17:27:12 - [MESSAGE][PASSED] - Object: 'Object Repository/Final Object Repo/New Registration - Registration Module Pages/Form 1/Industry Venue' is clicked on

2018-12-11 17:27:12 - [TEST_STEP][PASSED] - click: Object: 'Object Repository/Final Object Repo/New Registration - Registration Module Pages/Form 1/Industry Venue -  PPN JOHOR' is clicked on

2018-12-11 17:27:12 - [MESSAGE][PASSED] - Object: 'Object Repository/Final Object Repo/New Registration - Registration Module Pages/Form 1/Industry Venue -  PPN JOHOR' is clicked on

2018-12-11 17:27:12 - [TEST_STEP][PASSED] - click: Object: 'Object Repository/Final Object Repo/New Registration - Registration Module Pages/Form 1/Save  Continue' is clicked on

2018-12-11 17:27:12 - [MESSAGE][PASSED] - Object: 'Object Repository/Final Object Repo/New Registration - Registration Module Pages/Form 1/Save  Continue' is clicked on

2018-12-11 17:27:12 - [MESSAGE][PASSED] - Call Test Case 'Test Cases/Final Aug 2018 - PKS Automation/Registration Module/New Registration/Form 1/Form 1 - Corporation - BHD' successfully

2018-12-11 17:27:12 - [TEST_STEP][PASSED] - callTestCase: Call Test Case 'Test Cases/Final Aug 2018 - PKS Automation/Registration Module/New Registration/Form 2/Add 1 Eligible' successfully

2018-12-11 17:27:12 - [TEST_CASE][PASSED] - Test Cases/Final Aug 2018 - PKS Automation/Registration Module/New Registration/Form 2/Add 1 Eligible: Test Cases/Final Aug 2018 - PKS Automation/Registration Module/New Registration/Form 2/Add 1 Eligible

2018-12-11 17:27:12 - [TEST_STEP][PASSED] - delay: Delayed 2 second(s)

2018-12-11 17:27:14 - [MESSAGE][PASSED] - Delayed 2 second(s)

2018-12-11 17:27:14 - [TEST_STEP][PASSED] - callTestCase: Call Test Case 'Test Cases/Final Aug 2018 - PKS Automation/Registration Module/New Registration/Form 2/Date Updater' successfully

2018-12-11 17:27:14 - [TEST_CASE][PASSED] - Test Cases/Final Aug 2018 - PKS Automation/Registration Module/New Registration/Form 2/Date Updater: Test Cases/Final Aug 2018 - PKS Automation/Registration Module/New Registration/Form 2/Date Updater

2018-12-11 17:27:14 - [TEST_STEP][PASSED] - Statement - TodayDate = new java.util.Date(): null

2018-12-11 17:27:14 - [TEST_STEP][PASSED] - Statement - CurrentDateNoFilter = new java.text.SimpleDateFormat(): null

2018-12-11 17:27:14 - [TEST_STEP][PASSED] - Statement - CurrentDateNoFilter.applyPattern("MM"): null

2018-12-11 17:27:14 - [TEST_STEP][PASSED] - Statement - monthContainerMatcher = java.lang.Integer.parseInt(CurrentDateNoFilter.format(TodayDate)): null

2018-12-11 17:27:14 - [TEST_STEP][PASSED] - Statement - monthContainerMatcher = monthContainerMatcher - 1: null

2018-12-11 17:27:14 - [TEST_STEP][PASSED] - Statement - CurrentMonth = monthContainerMatcher.toString(): null

2018-12-11 17:27:14 - [TEST_STEP][PASSED] - Statement - CurrentMonth = CurrentMonth: null

2018-12-11 17:27:14 - [TEST_STEP][PASSED] - Statement - CurrentDateNoFilter.applyPattern("yyyy"): null

2018-12-11 17:27:14 - [TEST_STEP][PASSED] - Statement - CurrentYear = CurrentDateNoFilter.format(TodayDate): null

2018-12-11 17:27:14 - [TEST_STEP][PASSED] - Statement - CurrentYear = CurrentYear: null

2018-12-11 17:27:14 - [TEST_STEP][PASSED] - Statement - intCurrentYear = java.lang.Integer.parseInt(CurrentDateNoFilter.format(TodayDate)): null

2018-12-11 17:27:14 - [TEST_STEP][PASSED] - Statement - eighteenYrsAgo = intCurrentYear - 18: null

2018-12-11 17:27:14 - [TEST_STEP][PASSED] - Statement - eighteenYrsBeforeThisYr = eighteenYrsAgo.toString(): null

2018-12-11 17:27:14 - [TEST_STEP][PASSED] - Statement - EighteenYrsBefore = eighteenYrsBeforeThisYr: null

2018-12-11 17:27:14 - [TEST_STEP][PASSED] - Statement - fiftysevenYrsAgo = intCurrentYear - 57: null

2018-12-11 17:27:14 - [TEST_STEP][PASSED] - Statement - fiftysevenYrsBeforeThisYr = fiftysevenYrsAgo.toString(): null

2018-12-11 17:27:14 - [TEST_STEP][PASSED] - Statement - FiftysevenYrsBefore = fiftysevenYrsBeforeThisYr: null

2018-12-11 17:27:14 - [TEST_STEP][PASSED] - Statement - leapYear = false: null

2018-12-11 17:27:14 - [TEST_STEP][PASSED] - Statement - leapYear = intCurrentYear % 4 == 0: null

2018-12-11 17:27:14 - [TEST_STEP][PASSED] - Statement - CurrentDateNoFilter.applyPattern("dd"): null

2018-12-11 17:27:14 - [TEST_STEP][PASSED] - Statement - CurrentDate = CurrentDateNoFilter.format(TodayDate): null

2018-12-11 17:27:14 - [TEST_STEP][PASSED] - Statement - CurrentDate = java.lang.Integer.parseInt(CurrentDate): null

2018-12-11 17:27:14 - [TEST_STEP][PASSED] - Statement - CurrentDate = CurrentDate: null

2018-12-11 17:27:14 - [TEST_STEP][PASSED] - Statement - CurrentDay = java.lang.Integer.parseInt(CurrentDate): null

2018-12-11 17:27:14 - [TEST_STEP][PASSED] - Statement - ConfAdder = <not implemented yet for class: org.codehaus.groovy.ast.expr.EmptyExpression>: null

2018-12-11 17:27:14 - [TEST_STEP][PASSED] - Statement - out.println(CurrentMonth): null

2018-12-11 17:27:14 - [TEST_STEP][PASSED] - Statement - out.println(CurrentDate): null

2018-12-11 17:27:14 - [TEST_STEP][PASSED] - Statement - switch (CurrentDate): null

2018-12-11 17:27:14 - [TEST_STEP][PASSED] - Statement - Default: null

2018-12-11 17:27:14 - [TEST_STEP][PASSED] - Statement - ConfAdder = true: null

2018-12-11 17:27:14 - [TEST_STEP][PASSED] - Statement - Break: null

2018-12-11 17:27:14 - [TEST_STEP][PASSED] - Statement - aDayBefore = <not implemented yet for class: org.codehaus.groovy.ast.expr.EmptyExpression>: null

2018-12-11 17:27:14 - [TEST_STEP][PASSED] - Statement - out.println(ConfAdder): null

2018-12-11 17:27:14 - [TEST_STEP][PASSED] - Statement - If (ConfAdder == true): null

2018-12-11 17:27:14 - [TEST_STEP][PASSED] - Statement - aDayBefore = CurrentDay + 1: null

2018-12-11 17:27:14 - [TEST_STEP][PASSED] - Statement - out.println(aDayBefore): null

2018-12-11 17:27:14 - [TEST_STEP][PASSED] - Statement - If (aDayBefore == 1 && CurrentMonth == 11): null

2018-12-11 17:27:14 - [TEST_STEP][PASSED] - Statement - DayBefore = aDayBefore.toString(): null

2018-12-11 17:27:14 - [TEST_STEP][PASSED] - Statement - OneDayBefore = DayBefore: null

2018-12-11 17:27:14 - [MESSAGE][PASSED] - Call Test Case 'Test Cases/Final Aug 2018 - PKS Automation/Registration Module/New Registration/Form 2/Date Updater' successfully

2018-12-11 17:27:14 - [TEST_STEP][PASSED] - delay: Delayed 1 second(s)

2018-12-11 17:27:15 - [MESSAGE][PASSED] - Delayed 1 second(s)

2018-12-11 17:27:15 - [TEST_STEP][PASSED] - Statement - CaseReferenceNo = com.kms.katalon.core.webui.keyword.WebUiBuiltInKeywords.getText(com.kms.katalon.core.testobject.ObjectRepository.findTestObject(Final Object Repo/New Registration - Registration Module Pages/Form 2/RefNo Acquiring)): Text of object 'Object Repository/Final Object Repo/New Registration - Registration Module Pages/Form 2/RefNo Acquiring' is: 'CRN12201800123188'

2018-12-11 17:27:15 - [MESSAGE][PASSED] - Text of object 'Object Repository/Final Object Repo/New Registration - Registration Module Pages/Form 2/RefNo Acquiring' is: 'CRN12201800123188'

2018-12-11 17:27:15 - [TEST_STEP][PASSED] - delay: Delayed 1 second(s)

2018-12-11 17:27:16 - [MESSAGE][PASSED] - Delayed 1 second(s)

2018-12-11 17:27:16 - [TEST_STEP][PASSED] - click: Object: 'Object Repository/Final Object Repo/New Registration - Registration Module Pages/Form 2/Add Employee Button' is clicked on

2018-12-11 17:27:17 - [MESSAGE][PASSED] - Object: 'Object Repository/Final Object Repo/New Registration - Registration Module Pages/Form 2/Add Employee Button' is clicked on

2018-12-11 17:27:17 - [TEST_STEP][PASSED] - delay: Delayed 1 second(s)

2018-12-11 17:27:18 - [MESSAGE][PASSED] - Delayed 1 second(s)

2018-12-11 17:27:18 - [TEST_STEP][PASSED] - setText: Text '010903091963' is set on object 'Object Repository/Final Object Repo/New Registration - Registration Module Pages/Form 2/NRIC Input'

2018-12-11 17:27:18 - [MESSAGE][PASSED] - Text '010903091963' is set on object 'Object Repository/Final Object Repo/New Registration - Registration Module Pages/Form 2/NRIC Input'

2018-12-11 17:27:18 - [TEST_STEP][PASSED] - click: Object: 'Object Repository/Final Object Repo/New Registration - Registration Module Pages/Form 2/button for search for IC' is clicked on

2018-12-11 17:27:18 - [MESSAGE][PASSED] - Object: 'Object Repository/Final Object Repo/New Registration - Registration Module Pages/Form 2/button for search for IC' is clicked on

2018-12-11 17:27:18 - [TEST_STEP][PASSED] - delay: Delayed 2 second(s)

2018-12-11 17:27:20 - [MESSAGE][PASSED] - Delayed 2 second(s)

2018-12-11 17:27:20 - [TEST_STEP][PASSED] - setText: Text 'Automate001 eligible 1' is set on object 'Object Repository/Final Object Repo/New Registration - Registration Module Pages/Form 2/Employee Name Input'

2018-12-11 17:27:21 - [MESSAGE][PASSED] - Text 'Automate001 eligible 1' is set on object 'Object Repository/Final Object Repo/New Registration - Registration Module Pages/Form 2/Employee Name Input'

2018-12-11 17:27:21 - [TEST_STEP][PASSED] - delay: Delayed 2 second(s)

2018-12-11 17:27:23 - [MESSAGE][PASSED] - Delayed 2 second(s)

2018-12-11 17:27:23 - [TEST_STEP][PASSED] - click: Object: 'Object Repository/Final Object Repo/New Registration - Registration Module Pages/Form 2/DatePicker Pop Up' is clicked on

2018-12-11 17:27:23 - [MESSAGE][PASSED] - Object: 'Object Repository/Final Object Repo/New Registration - Registration Module Pages/Form 2/DatePicker Pop Up' is clicked on

2018-12-11 17:27:23 - [TEST_STEP][PASSED] - click: Object: 'Object Repository/Final Object Repo/New Registration - Registration Module Pages/Form 2/DOB Month' is clicked on

2018-12-11 17:27:23 - [MESSAGE][PASSED] - Object: 'Object Repository/Final Object Repo/New Registration - Registration Module Pages/Form 2/DOB Month' is clicked on

2018-12-11 17:27:23 - [TEST_STEP][PASSED] - Statement - CurrentMonth = CurrentMonth: null

2018-12-11 17:27:23 - [TEST_STEP][PASSED] - Statement - selectMonth = new com.kms.katalon.core.testobject.TestObject(): null

2018-12-11 17:27:23 - [TEST_STEP][PASSED] - Statement - selectMonth.addProperty("xpath", EQUALS, "//body/div/div/div/select/option[@value='" + CurrentMonth + "']", true): null

2018-12-11 17:27:23 - [TEST_STEP][PASSED] - click: Object: '' is clicked on

2018-12-11 17:27:23 - [MESSAGE][PASSED] - Object: '' is clicked on

2018-12-11 17:27:23 - [TEST_STEP][PASSED] - click: Object: 'Object Repository/Final Object Repo/New Registration - Registration Module Pages/Form 2/DOB Year' is clicked on

2018-12-11 17:27:23 - [MESSAGE][PASSED] - Object: 'Object Repository/Final Object Repo/New Registration - Registration Module Pages/Form 2/DOB Year' is clicked on

2018-12-11 17:27:23 - [TEST_STEP][PASSED] - Statement - Eyearsbf = EighteenYrsBefore: null

2018-12-11 17:27:23 - [TEST_STEP][PASSED] - Statement - selectYear = new com.kms.katalon.core.testobject.TestObject(): null

2018-12-11 17:27:23 - [TEST_STEP][PASSED] - Statement - selectYear.addProperty("xpath", EQUALS, "//div/div/div/select/option[@value='" + Eyearsbf + "']", true): null

2018-12-11 17:27:23 - [TEST_STEP][PASSED] - click: Object: '' is clicked on

2018-12-11 17:27:23 - [MESSAGE][PASSED] - Object: '' is clicked on

2018-12-11 17:27:23 - [TEST_STEP][PASSED] - Statement - UpdatedSelectDate = com.kms.katalon.core.webui.keyword.WebUiBuiltInKeywords.modifyObjectProperty(com.kms.katalon.core.testobject.ObjectRepository.findTestObject(Final Object Repo/New Registration - Registration Module Pages/Form 2/DOB Date), "xpath", "equals", "//body/div/table/tbody/tr/td/a[text()="" + CurrentDate + ""]", true): Modify property of object successfully

2018-12-11 17:27:23 - [MESSAGE][PASSED] - Modify property of object successfully

2018-12-11 17:27:23 - [TEST_STEP][PASSED] - delay: Delayed 3 second(s)

2018-12-11 17:27:26 - [MESSAGE][PASSED] - Delayed 3 second(s)

2018-12-11 17:27:26 - [TEST_STEP][PASSED] - click: Object: 'Object Repository/Final Object Repo/New Registration - Registration Module Pages/Form 2/DOB Date' is clicked on

2018-12-11 17:27:26 - [MESSAGE][PASSED] - Object: 'Object Repository/Final Object Repo/New Registration - Registration Module Pages/Form 2/DOB Date' is clicked on

2018-12-11 17:27:26 - [TEST_STEP][PASSED] - delay: Delayed 2 second(s)

2018-12-11 17:27:28 - [MESSAGE][PASSED] - Delayed 2 second(s)

2018-12-11 17:27:28 - [TEST_STEP][PASSED] - click: Object: 'Object Repository/Final Object Repo/New Registration - Registration Module Pages/Form 2/EmploymentStartDate Pop Up' is clicked on

2018-12-11 17:27:29 - [MESSAGE][PASSED] - Object: 'Object Repository/Final Object Repo/New Registration - Registration Module Pages/Form 2/EmploymentStartDate Pop Up' is clicked on

2018-12-11 17:27:29 - [TEST_STEP][PASSED] - delay: Delayed 2 second(s)

2018-12-11 17:27:31 - [MESSAGE][PASSED] - Delayed 2 second(s)

2018-12-11 17:27:31 - [TEST_STEP][PASSED] - click: Object: 'Object Repository/Final Object Repo/New Registration - Registration Module Pages/Form 2/Socso Employment StartDate Month' is clicked on

2018-12-11 17:27:31 - [MESSAGE][PASSED] - Object: 'Object Repository/Final Object Repo/New Registration - Registration Module Pages/Form 2/Socso Employment StartDate Month' is clicked on

2018-12-11 17:27:31 - [TEST_STEP][PASSED] - delay: Delayed 1 second(s)

2018-12-11 17:27:32 - [MESSAGE][PASSED] - Delayed 1 second(s)

2018-12-11 17:27:32 - [TEST_STEP][PASSED] - click: Object: 'Object Repository/Final Object Repo/New Registration - Registration Module Pages/Form 2/Select Socso Employement Startdate Month' is clicked on

2018-12-11 17:27:32 - [MESSAGE][PASSED] - Object: 'Object Repository/Final Object Repo/New Registration - Registration Module Pages/Form 2/Select Socso Employement Startdate Month' is clicked on

2018-12-11 17:27:32 - [TEST_STEP][PASSED] - delay: Delayed 2 second(s)

2018-12-11 17:27:34 - [MESSAGE][PASSED] - Delayed 2 second(s)

2018-12-11 17:27:34 - [TEST_STEP][PASSED] - click: Object: 'Object Repository/Final Object Repo/New Registration - Registration Module Pages/Form 2/Socso Employment StartDate Year' is clicked on

2018-12-11 17:27:34 - [MESSAGE][PASSED] - Object: 'Object Repository/Final Object Repo/New Registration - Registration Module Pages/Form 2/Socso Employment StartDate Year' is clicked on

2018-12-11 17:27:34 - [TEST_STEP][PASSED] - delay: Delayed 1 second(s)

2018-12-11 17:27:35 - [MESSAGE][PASSED] - Delayed 1 second(s)

2018-12-11 17:27:35 - [TEST_STEP][PASSED] - click: Object: 'Object Repository/Final Object Repo/New Registration - Registration Module Pages/Form 2/Select Socso Employment Startdate Year' is clicked on

2018-12-11 17:27:35 - [MESSAGE][PASSED] - Object: 'Object Repository/Final Object Repo/New Registration - Registration Module Pages/Form 2/Select Socso Employment Startdate Year' is clicked on

2018-12-11 17:27:35 - [TEST_STEP][PASSED] - delay: Delayed 2 second(s)

2018-12-11 17:27:37 - [MESSAGE][PASSED] - Delayed 2 second(s)

2018-12-11 17:27:37 - [TEST_STEP][PASSED] - click: Object: 'Object Repository/Final Object Repo/New Registration - Registration Module Pages/Form 2/Socso Employment Start Date Day' is clicked on

2018-12-11 17:27:38 - [MESSAGE][PASSED] - Object: 'Object Repository/Final Object Repo/New Registration - Registration Module Pages/Form 2/Socso Employment Start Date Day' is clicked on

2018-12-11 17:27:38 - [TEST_STEP][PASSED] - delay: Delayed 2 second(s)

2018-12-11 17:27:40 - [MESSAGE][PASSED] - Delayed 2 second(s)

2018-12-11 17:27:40 - [TEST_STEP][PASSED] - click: Object: 'Object Repository/Final Object Repo/New Registration - Registration Module Pages/Form 2/Save Button for Add Employee' is clicked on

2018-12-11 17:27:40 - [MESSAGE][PASSED] - Object: 'Object Repository/Final Object Repo/New Registration - Registration Module Pages/Form 2/Save Button for Add Employee' is clicked on

2018-12-11 17:27:40 - [TEST_STEP][PASSED] - delay: Delayed 6 second(s)

2018-12-11 17:27:46 - [MESSAGE][PASSED] - Delayed 6 second(s)

2018-12-11 17:27:46 - [TEST_STEP][PASSED] - click: Object: 'Object Repository/Final Object Repo/New Registration - Registration Module Pages/Form 2/Save and Continue Form 2' is clicked on

2018-12-11 17:27:46 - [MESSAGE][PASSED] - Object: 'Object Repository/Final Object Repo/New Registration - Registration Module Pages/Form 2/Save and Continue Form 2' is clicked on

2018-12-11 17:27:46 - [MESSAGE][PASSED] - Call Test Case 'Test Cases/Final Aug 2018 - PKS Automation/Registration Module/New Registration/Form 2/Add 1 Eligible' successfully

2018-12-11 17:27:46 - [TEST_STEP][PASSED] - callTestCase: Call Test Case 'Test Cases/Final Aug 2018 - PKS Automation/Registration Module/New Registration/Flow of New Registration/Third Screen - Upload Supporting Doc - Preview' successfully

2018-12-11 17:27:46 - [TEST_CASE][PASSED] - Test Cases/Final Aug 2018 - PKS Automation/Registration Module/New Registration/Flow of New Registration/Third Screen - Upload Supporting Doc - Preview: Test Cases/Final Aug 2018 - PKS Automation/Registration Module/New Registration/Flow of New Registration/Third Screen - Upload Supporting Doc - Preview

2018-12-11 17:27:46 - [TEST_STEP][PASSED] - waitForPageLoad: Wait for page load successfully

2018-12-11 17:27:47 - [MESSAGE][PASSED] - Wait for page load successfully

2018-12-11 17:27:47 - [TEST_STEP][PASSED] - Statement - CaseReferenceNo = com.kms.katalon.core.webui.keyword.WebUiBuiltInKeywords.getText(com.kms.katalon.core.testobject.ObjectRepository.findTestObject(Final Object Repo/New Registration - Registration Module Pages/Third Screen - Upload Supporting Doc- Preview/RefNo Acquiring)): Text of object 'Object Repository/Final Object Repo/New Registration - Registration Module Pages/Third Screen - Upload Supporting Doc- Preview/RefNo Acquiring' is: 'CRN12201800123188'

2018-12-11 17:27:47 - [MESSAGE][PASSED] - Text of object 'Object Repository/Final Object Repo/New Registration - Registration Module Pages/Third Screen - Upload Supporting Doc- Preview/RefNo Acquiring' is: 'CRN12201800123188'

2018-12-11 17:27:47 - [TEST_STEP][PASSED] - delay: Delayed 2 second(s)

2018-12-11 17:27:49 - [MESSAGE][PASSED] - Delayed 2 second(s)

2018-12-11 17:27:49 - [TEST_STEP][PASSED] - callTestCase: Call Test Case 'Test Cases/Final Aug 2018 - PKS Automation/Common/Reference Number Setter' successfully

2018-12-11 17:27:49 - [TEST_CASE][PASSED] - Test Cases/Final Aug 2018 - PKS Automation/Common/Reference Number Setter: Test Cases/Final Aug 2018 - PKS Automation/Common/Reference Number Setter

2018-12-11 17:27:49 - [TEST_STEP][PASSED] - Statement - RefNoOldFile = new java.io.File(C://Users//Admin//Desktop//PKS//Automation Reference Point//KatalonReference.txt): null

2018-12-11 17:27:49 - [TEST_STEP][PASSED] - Statement - RefNoOldFile.delete(): null

2018-12-11 17:27:49 - [TEST_STEP][PASSED] - delay: Delayed 5 second(s)

2018-12-11 17:27:54 - [MESSAGE][PASSED] - Delayed 5 second(s)

2018-12-11 17:27:54 - [TEST_STEP][PASSED] - Statement - RefNo = new java.io.File(C://Users//Admin//Desktop//PKS//Automation Reference Point//KatalonReference.txt): null

2018-12-11 17:27:54 - [TEST_STEP][PASSED] - Statement - f2 = new java.io.FileWriter(RefNo, false): null

2018-12-11 17:27:54 - [TEST_STEP][PASSED] - Statement - f2.write(CaseReferenceNo): null

2018-12-11 17:27:54 - [TEST_STEP][PASSED] - Statement - f2.close(): null

2018-12-11 17:27:54 - [TEST_STEP][PASSED] - Statement - out.println("


" + CaseReferenceNo + "


"): null

2018-12-11 17:27:54 - [MESSAGE][PASSED] - Call Test Case 'Test Cases/Final Aug 2018 - PKS Automation/Common/Reference Number Setter' successfully

2018-12-11 17:27:54 - [TEST_STEP][PASSED] - waitForElementClickable: Object 'Object Repository/Final Object Repo/New Registration - Registration Module Pages/Third Screen - Upload Supporting Doc- Preview/Save n Continue in SIP Employee Listing Page' is clickable

2018-12-11 17:27:54 - [MESSAGE][PASSED] - Object 'Object Repository/Final Object Repo/New Registration - Registration Module Pages/Third Screen - Upload Supporting Doc- Preview/Save n Continue in SIP Employee Listing Page' is clickable

2018-12-11 17:27:54 - [TEST_STEP][PASSED] - click: Object: 'Object Repository/Final Object Repo/New Registration - Registration Module Pages/Third Screen - Upload Supporting Doc- Preview/Save n Continue in SIP Employee Listing Page' is clicked on

2018-12-11 17:28:00 - [MESSAGE][PASSED] - Object: 'Object Repository/Final Object Repo/New Registration - Registration Module Pages/Third Screen - Upload Supporting Doc- Preview/Save n Continue in SIP Employee Listing Page' is clicked on

2018-12-11 17:28:00 - [TEST_STEP][PASSED] - delay: Delayed 7 second(s)

2018-12-11 17:28:07 - [MESSAGE][PASSED] - Delayed 7 second(s)

2018-12-11 17:28:07 - [TEST_STEP][PASSED] - click: Object: 'Object Repository/Final Object Repo/New Registration - Registration Module Pages/Third Screen - Upload Supporting Doc- Preview/Add Document Button' is clicked on

2018-12-11 17:28:07 - [MESSAGE][PASSED] - Object: 'Object Repository/Final Object Repo/New Registration - Registration Module Pages/Third Screen - Upload Supporting Doc- Preview/Add Document Button' is clicked on

2018-12-11 17:28:07 - [TEST_STEP][PASSED] - delay: Delayed 30 second(s)

2018-12-11 17:28:37 - [MESSAGE][PASSED] - Delayed 30 second(s)

2018-12-11 17:28:37 - [TEST_STEP][PASSED] - click: Object: 'Object Repository/Final Object Repo/New Registration - Registration Module Pages/Third Screen - Upload Supporting Doc- Preview/Supporting Doc Please Select Drop Down' is clicked on

2018-12-11 17:28:37 - [MESSAGE][PASSED] - Object: 'Object Repository/Final Object Repo/New Registration - Registration Module Pages/Third Screen - Upload Supporting Doc- Preview/Supporting Doc Please Select Drop Down' is clicked on

2018-12-11 17:28:37 - [TEST_STEP][PASSED] - delay: Delayed 2 second(s)

2018-12-11 17:28:39 - [MESSAGE][PASSED] - Delayed 2 second(s)

2018-12-11 17:28:39 - [TEST_STEP][PASSED] - click: Object: 'Object Repository/Final Object Repo/New Registration - Registration Module Pages/Third Screen - Upload Supporting Doc- Preview/Select to Upload Form 1' is clicked on

2018-12-11 17:28:39 - [MESSAGE][PASSED] - Object: 'Object Repository/Final Object Repo/New Registration - Registration Module Pages/Third Screen - Upload Supporting Doc- Preview/Select to Upload Form 1' is clicked on

2018-12-11 17:28:39 - [TEST_STEP][PASSED] - delay: Delayed 2 second(s)

2018-12-11 17:28:42 - [MESSAGE][PASSED] - Delayed 2 second(s)

2018-12-11 17:28:42 - [TEST_STEP][PASSED] - uploadFile: File 'C:\Users\Public\Pictures\Sample Pictures\Koala.jpg' sent to object: 'Object Repository/Final Object Repo/New Registration - Registration Module Pages/Third Screen - Upload Supporting Doc- Preview/Upload File Adding'

2018-12-11 17:28:42 - [MESSAGE][PASSED] - File 'C:\Users\Public\Pictures\Sample Pictures\Koala.jpg' sent to object: 'Object Repository/Final Object Repo/New Registration - Registration Module Pages/Third Screen - Upload Supporting Doc- Preview/Upload File Adding'

2018-12-11 17:28:42 - [TEST_STEP][PASSED] - delay: Delayed 5 second(s)

2018-12-11 17:28:47 - [MESSAGE][PASSED] - Delayed 5 second(s)

2018-12-11 17:28:47 - [TEST_STEP][PASSED] - click: Object: 'Object Repository/Final Object Repo/New Registration - Registration Module Pages/Third Screen - Upload Supporting Doc- Preview/Inner Form Add Document Button' is clicked on

2018-12-11 17:28:47 - [MESSAGE][PASSED] - Object: 'Object Repository/Final Object Repo/New Registration - Registration Module Pages/Third Screen - Upload Supporting Doc- Preview/Inner Form Add Document Button' is clicked on

2018-12-11 17:28:47 - [TEST_STEP][PASSED] - delay: Delayed 3 second(s)

2018-12-11 17:28:50 - [MESSAGE][PASSED] - Delayed 3 second(s)

2018-12-11 17:28:50 - [TEST_STEP][PASSED] - click: Object: 'Object Repository/Final Object Repo/New Registration - Registration Module Pages/Third Screen - Upload Supporting Doc- Preview/Add Document Button' is clicked on

2018-12-11 17:28:51 - [MESSAGE][PASSED] - Object: 'Object Repository/Final Object Repo/New Registration - Registration Module Pages/Third Screen - Upload Supporting Doc- Preview/Add Document Button' is clicked on

2018-12-11 17:28:51 - [TEST_STEP][PASSED] - delay: Delayed 30 second(s)

2018-12-11 17:29:21 - [MESSAGE][PASSED] - Delayed 30 second(s)

2018-12-11 17:29:21 - [TEST_STEP][PASSED] - click: Object: 'Object Repository/Final Object Repo/New Registration - Registration Module Pages/Third Screen - Upload Supporting Doc- Preview/Supporting Doc Please Select Drop Down' is clicked on

2018-12-11 17:29:21 - [MESSAGE][PASSED] - Object: 'Object Repository/Final Object Repo/New Registration - Registration Module Pages/Third Screen - Upload Supporting Doc- Preview/Supporting Doc Please Select Drop Down' is clicked on

2018-12-11 17:29:21 - [TEST_STEP][PASSED] - delay: Delayed 4 second(s)

2018-12-11 17:29:25 - [MESSAGE][PASSED] - Delayed 4 second(s)

2018-12-11 17:29:25 - [TEST_STEP][PASSED] - click: Object: 'Object Repository/Final Object Repo/New Registration - Registration Module Pages/Third Screen - Upload Supporting Doc- Preview/Select to Upload Form 2' is clicked on

2018-12-11 17:29:26 - [MESSAGE][PASSED] - Object: 'Object Repository/Final Object Repo/New Registration - Registration Module Pages/Third Screen - Upload Supporting Doc- Preview/Select to Upload Form 2' is clicked on

2018-12-11 17:29:26 - [TEST_STEP][PASSED] - delay: Delayed 2 second(s)

2018-12-11 17:29:28 - [MESSAGE][PASSED] - Delayed 2 second(s)

2018-12-11 17:29:28 - [TEST_STEP][PASSED] - uploadFile: File 'C:\Users\Public\Pictures\Sample Pictures\Koala.jpg' sent to object: 'Object Repository/Final Object Repo/New Registration - Registration Module Pages/Third Screen - Upload Supporting Doc- Preview/Upload File Adding'

2018-12-11 17:29:28 - [MESSAGE][PASSED] - File 'C:\Users\Public\Pictures\Sample Pictures\Koala.jpg' sent to object: 'Object Repository/Final Object Repo/New Registration - Registration Module Pages/Third Screen - Upload Supporting Doc- Preview/Upload File Adding'

2018-12-11 17:29:28 - [TEST_STEP][PASSED] - click: Object: 'Object Repository/Final Object Repo/New Registration - Registration Module Pages/Third Screen - Upload Supporting Doc- Preview/Inner Form Add Document Button' is clicked on

2018-12-11 17:29:28 - [MESSAGE][PASSED] - Object: 'Object Repository/Final Object Repo/New Registration - Registration Module Pages/Third Screen - Upload Supporting Doc- Preview/Inner Form Add Document Button' is clicked on

2018-12-11 17:29:28 - [TEST_STEP][PASSED] - delay: Delayed 5 second(s)

2018-12-11 17:29:33 - [MESSAGE][PASSED] - Delayed 5 second(s)

2018-12-11 17:29:33 - [TEST_STEP][PASSED] - click: Object: 'Object Repository/Final Object Repo/New Registration - Registration Module Pages/Third Screen - Upload Supporting Doc- Preview/Add Document Button' is clicked on

2018-12-11 17:29:33 - [MESSAGE][PASSED] - Object: 'Object Repository/Final Object Repo/New Registration - Registration Module Pages/Third Screen - Upload Supporting Doc- Preview/Add Document Button' is clicked on

2018-12-11 17:29:33 - [TEST_STEP][PASSED] - delay: Delayed 30 second(s)

2018-12-11 17:30:03 - [MESSAGE][PASSED] - Delayed 30 second(s)

2018-12-11 17:30:03 - [TEST_STEP][PASSED] - click: Object: 'Object Repository/Final Object Repo/New Registration - Registration Module Pages/Third Screen - Upload Supporting Doc- Preview/Supporting Doc Please Select Drop Down' is clicked on

2018-12-11 17:30:03 - [MESSAGE][PASSED] - Object: 'Object Repository/Final Object Repo/New Registration - Registration Module Pages/Third Screen - Upload Supporting Doc- Preview/Supporting Doc Please Select Drop Down' is clicked on

2018-12-11 17:30:03 - [TEST_STEP][PASSED] - click: Object: 'Object Repository/Final Object Repo/New Registration - Registration Module Pages/Third Screen - Upload Supporting Doc- Preview/Select to Upload Borang SIP 1' is clicked on

2018-12-11 17:30:03 - [MESSAGE][PASSED] - Object: 'Object Repository/Final Object Repo/New Registration - Registration Module Pages/Third Screen - Upload Supporting Doc- Preview/Select to Upload Borang SIP 1' is clicked on

2018-12-11 17:30:03 - [TEST_STEP][PASSED] - delay: Delayed 2 second(s)

2018-12-11 17:30:05 - [MESSAGE][PASSED] - Delayed 2 second(s)

2018-12-11 17:30:05 - [TEST_STEP][PASSED] - uploadFile: File 'C:\Users\Public\Pictures\Sample Pictures\Koala.jpg' sent to object: 'Object Repository/Final Object Repo/New Registration - Registration Module Pages/Third Screen - Upload Supporting Doc- Preview/Upload File Adding'

2018-12-11 17:30:05 - [MESSAGE][PASSED] - File 'C:\Users\Public\Pictures\Sample Pictures\Koala.jpg' sent to object: 'Object Repository/Final Object Repo/New Registration - Registration Module Pages/Third Screen - Upload Supporting Doc- Preview/Upload File Adding'

2018-12-11 17:30:05 - [TEST_STEP][PASSED] - click: Object: 'Object Repository/Final Object Repo/New Registration - Registration Module Pages/Third Screen - Upload Supporting Doc- Preview/Inner Form Add Document Button' is clicked on

2018-12-11 17:30:06 - [MESSAGE][PASSED] - Object: 'Object Repository/Final Object Repo/New Registration - Registration Module Pages/Third Screen - Upload Supporting Doc- Preview/Inner Form Add Document Button' is clicked on

2018-12-11 17:30:06 - [TEST_STEP][PASSED] - delay: Delayed 5 second(s)

2018-12-11 17:30:11 - [MESSAGE][PASSED] - Delayed 5 second(s)

2018-12-11 17:30:11 - [TEST_STEP][PASSED] - click: Object: 'Object Repository/Final Object Repo/New Registration - Registration Module Pages/Third Screen - Upload Supporting Doc- Preview/Add Document Button' is clicked on

2018-12-11 17:30:11 - [MESSAGE][PASSED] - Object: 'Object Repository/Final Object Repo/New Registration - Registration Module Pages/Third Screen - Upload Supporting Doc- Preview/Add Document Button' is clicked on

2018-12-11 17:30:11 - [TEST_STEP][PASSED] - delay: Delayed 30 second(s)

2018-12-11 17:30:41 - [MESSAGE][PASSED] - Delayed 30 second(s)

2018-12-11 17:30:41 - [TEST_STEP][PASSED] - click: Object: 'Object Repository/Final Object Repo/New Registration - Registration Module Pages/Third Screen - Upload Supporting Doc- Preview/Supporting Doc Please Select Drop Down' is clicked on

2018-12-11 17:30:41 - [MESSAGE][PASSED] - Object: 'Object Repository/Final Object Repo/New Registration - Registration Module Pages/Third Screen - Upload Supporting Doc- Preview/Supporting Doc Please Select Drop Down' is clicked on

2018-12-11 17:30:41 - [TEST_STEP][PASSED] - delay: Delayed 3 second(s)

2018-12-11 17:30:44 - [MESSAGE][PASSED] - Delayed 3 second(s)

2018-12-11 17:30:44 - [TEST_STEP][PASSED] - click: Object: 'Object Repository/Final Object Repo/New Registration - Registration Module Pages/Third Screen - Upload Supporting Doc- Preview/Select to Upload Borang SIP 2' is clicked on

2018-12-11 17:30:44 - [MESSAGE][PASSED] - Object: 'Object Repository/Final Object Repo/New Registration - Registration Module Pages/Third Screen - Upload Supporting Doc- Preview/Select to Upload Borang SIP 2' is clicked on

2018-12-11 17:30:44 - [TEST_STEP][PASSED] - delay: Delayed 2 second(s)

2018-12-11 17:30:46 - [MESSAGE][PASSED] - Delayed 2 second(s)

2018-12-11 17:30:46 - [TEST_STEP][PASSED] - uploadFile: File 'C:\Users\Public\Pictures\Sample Pictures\Koala.jpg' sent to object: 'Object Repository/Final Object Repo/New Registration - Registration Module Pages/Third Screen - Upload Supporting Doc- Preview/Upload File Adding'

2018-12-11 17:30:46 - [MESSAGE][PASSED] - File 'C:\Users\Public\Pictures\Sample Pictures\Koala.jpg' sent to object: 'Object Repository/Final Object Repo/New Registration - Registration Module Pages/Third Screen - Upload Supporting Doc- Preview/Upload File Adding'

2018-12-11 17:30:46 - [TEST_STEP][PASSED] - delay: Delayed 5 second(s)

2018-12-11 17:30:51 - [MESSAGE][PASSED] - Delayed 5 second(s)

2018-12-11 17:30:51 - [TEST_STEP][PASSED] - click: Object: 'Object Repository/Final Object Repo/New Registration - Registration Module Pages/Third Screen - Upload Supporting Doc- Preview/Inner Form Add Document Button' is clicked on

2018-12-11 17:30:51 - [MESSAGE][PASSED] - Object: 'Object Repository/Final Object Repo/New Registration - Registration Module Pages/Third Screen - Upload Supporting Doc- Preview/Inner Form Add Document Button' is clicked on

2018-12-11 17:30:51 - [TEST_STEP][PASSED] - delay: Delayed 3 second(s)

2018-12-11 17:30:54 - [MESSAGE][PASSED] - Delayed 3 second(s)

2018-12-11 17:30:54 - [TEST_STEP][PASSED] - waitForElementClickable: Object 'Object Repository/Final Object Repo/New Registration - Registration Module Pages/Third Screen - Upload Supporting Doc- Preview/Save n Continue in Uploading Supporting Doc Page' is clickable

2018-12-11 17:30:56 - [MESSAGE][PASSED] - Object 'Object Repository/Final Object Repo/New Registration - Registration Module Pages/Third Screen - Upload Supporting Doc- Preview/Save n Continue in Uploading Supporting Doc Page' is clickable

2018-12-11 17:30:56 - [TEST_STEP][PASSED] - click: Object: 'Object Repository/Final Object Repo/New Registration - Registration Module Pages/Third Screen - Upload Supporting Doc- Preview/Save n Continue in Uploading Supporting Doc Page' is clicked on

2018-12-11 17:30:56 - [MESSAGE][PASSED] - Object: 'Object Repository/Final Object Repo/New Registration - Registration Module Pages/Third Screen - Upload Supporting Doc- Preview/Save n Continue in Uploading Supporting Doc Page' is clicked on

2018-12-11 17:30:56 - [MESSAGE][PASSED] - Call Test Case 'Test Cases/Final Aug 2018 - PKS Automation/Registration Module/New Registration/Flow of New Registration/Third Screen - Upload Supporting Doc - Preview' successfully

2018-12-11 17:30:56 - [TEST_STEP][PASSED] - callTestCase: Call Test Case 'Test Cases/Final Aug 2018 - PKS Automation/Registration Module/New Registration/Submit and Screenshot/Submit Registration and Screenshot - Copy' successfully

2018-12-11 17:30:56 - [TEST_CASE][PASSED] - Test Cases/Final Aug 2018 - PKS Automation/Registration Module/New Registration/Submit and Screenshot/Submit Registration and Screenshot - Copy: Test Cases/Final Aug 2018 - PKS Automation/Registration Module/New Registration/Submit and Screenshot/Submit Registration and Screenshot - Copy

2018-12-11 17:30:56 - [TEST_STEP][PASSED] - delay: Delayed 6 second(s)

2018-12-11 17:31:02 - [MESSAGE][PASSED] - Delayed 6 second(s)

2018-12-11 17:31:02 - [TEST_STEP][PASSED] - click: Object: 'Object Repository/Final Object Repo/New Registration - Registration Module Pages/Third Screen - Upload Supporting Doc- Preview/Preview Submit Button' is clicked on

2018-12-11 17:31:02 - [MESSAGE][PASSED] - Object: 'Object Repository/Final Object Repo/New Registration - Registration Module Pages/Third Screen - Upload Supporting Doc- Preview/Preview Submit Button' is clicked on

2018-12-11 17:31:02 - [TEST_STEP][PASSED] - delay: Delayed 2 second(s)

2018-12-11 17:31:04 - [MESSAGE][PASSED] - Delayed 2 second(s)

2018-12-11 17:31:04 - [TEST_STEP][PASSED] - click: Object: 'Object Repository/Final Object Repo/New Registration - Registration Module Pages/Third Screen - Upload Supporting Doc- Preview/Preview Submit - Confirm' is clicked on

2018-12-11 17:31:04 - [MESSAGE][PASSED] - Object: 'Object Repository/Final Object Repo/New Registration - Registration Module Pages/Third Screen - Upload Supporting Doc- Preview/Preview Submit - Confirm' is clicked on

2018-12-11 17:31:04 - [TEST_STEP][PASSED] - delay: Delayed 15 second(s)

2018-12-11 17:31:19 - [MESSAGE][PASSED] - Delayed 15 second(s)

2018-12-11 17:31:19 - [TEST_STEP][PASSED] - Statement - driver = com.kms.katalon.core.webui.driver.DriverFactory.getWebDriver(): null

2018-12-11 17:31:19 - [TEST_STEP][PASSED] - Statement - driver.manage().timeouts().implicitlyWait(10, SECONDS): null

2018-12-11 17:31:19 - [TEST_STEP][PASSED] - Statement - PresavePath = KatalonScreenshots: null

2018-12-11 17:31:19 - [TEST_STEP][PASSED] - Statement - pathPrefix = "C:\Users\Public\Pictures\Sample Pictures\Katalon Screenshots\Automate Ending Screen": null

2018-12-11 17:31:19 - [TEST_STEP][PASSED] - Statement - finalPath = <not implemented yet for class: org.codehaus.groovy.ast.expr.EmptyExpression>: null

2018-12-11 17:31:19 - [TEST_STEP][PASSED] - Statement - scrFile = driver.getScreenshotAs(FILE): null

2018-12-11 17:31:20 - [TEST_STEP][PASSED] - Statement - PreSaveFile = new java.io.File(PresavePath): null

2018-12-11 17:31:20 - [TEST_STEP][PASSED] - Statement - counter = 0: null

2018-12-11 17:31:20 - [TEST_STEP][PASSED] - Statement - If (PreSaveFile.exists()): null

2018-12-11 17:31:20 - [TEST_STEP][PASSED] - Statement - While (PreSaveFile.exists()): null

2018-12-11 17:31:20 - [TEST_STEP][PASSED] - Statement - counter = counter + 1: null

2018-12-11 17:31:20 - [TEST_STEP][PASSED] - Statement - PreSaveFile = new java.io.File(((pathPrefix + java.lang.Integer.toString(counter)) + .png)): null

2018-12-11 17:31:20 - [TEST_STEP][PASSED] - Statement - counter = counter + 1: null

2018-12-11 17:31:20 - [TEST_STEP][PASSED] - Statement - PreSaveFile = new java.io.File(((pathPrefix + java.lang.Integer.toString(counter)) + .png)): null

2018-12-11 17:31:20 - [TEST_STEP][PASSED] - Statement - counter = counter + 1: null

2018-12-11 17:31:20 - [TEST_STEP][PASSED] - Statement - PreSaveFile = new java.io.File(((pathPrefix + java.lang.Integer.toString(counter)) + .png)): null

2018-12-11 17:31:20 - [TEST_STEP][PASSED] - Statement - counter = counter + 1: null

2018-12-11 17:31:20 - [TEST_STEP][PASSED] - Statement - PreSaveFile = new java.io.File(((pathPrefix + java.lang.Integer.toString(counter)) + .png)): null

2018-12-11 17:31:20 - [TEST_STEP][PASSED] - Statement - counter = counter + 1: null

2018-12-11 17:31:20 - [TEST_STEP][PASSED] - Statement - PreSaveFile = new java.io.File(((pathPrefix + java.lang.Integer.toString(counter)) + .png)): null

2018-12-11 17:31:20 - [TEST_STEP][PASSED] - Statement - counter = counter + 1: null

2018-12-11 17:31:20 - [TEST_STEP][PASSED] - Statement - PreSaveFile = new java.io.File(((pathPrefix + java.lang.Integer.toString(counter)) + .png)): null

2018-12-11 17:31:20 - [TEST_STEP][PASSED] - Statement - counter = counter + 1: null

2018-12-11 17:31:20 - [TEST_STEP][PASSED] - Statement - PreSaveFile = new java.io.File(((pathPrefix + java.lang.Integer.toString(counter)) + .png)): null

2018-12-11 17:31:20 - [TEST_STEP][PASSED] - Statement - counter = counter + 1: null

2018-12-11 17:31:20 - [TEST_STEP][PASSED] - Statement - PreSaveFile = new java.io.File(((pathPrefix + java.lang.Integer.toString(counter)) + .png)): null

2018-12-11 17:31:20 - [TEST_STEP][PASSED] - Statement - counter = counter + 1: null

2018-12-11 17:31:20 - [TEST_STEP][PASSED] - Statement - PreSaveFile = new java.io.File(((pathPrefix + java.lang.Integer.toString(counter)) + .png)): null

2018-12-11 17:31:20 - [TEST_STEP][PASSED] - Statement - counter = counter + 1: null

2018-12-11 17:31:20 - [TEST_STEP][PASSED] - Statement - PreSaveFile = new java.io.File(((pathPrefix + java.lang.Integer.toString(counter)) + .png)): null

2018-12-11 17:31:20 - [TEST_STEP][PASSED] - Statement - counter = counter + 1: null

2018-12-11 17:31:20 - [TEST_STEP][PASSED] - Statement - PreSaveFile = new java.io.File(((pathPrefix + java.lang.Integer.toString(counter)) + .png)): null

2018-12-11 17:31:20 - [TEST_STEP][PASSED] - Statement - counter = counter + 1: null

2018-12-11 17:31:20 - [TEST_STEP][PASSED] - Statement - PreSaveFile = new java.io.File(((pathPrefix + java.lang.Integer.toString(counter)) + .png)): null

2018-12-11 17:31:20 - [TEST_STEP][PASSED] - Statement - counter = counter + 1: null

2018-12-11 17:31:20 - [TEST_STEP][PASSED] - Statement - PreSaveFile = new java.io.File(((pathPrefix + java.lang.Integer.toString(counter)) + .png)): null

2018-12-11 17:31:20 - [TEST_STEP][PASSED] - Statement - counter = counter + 1: null

2018-12-11 17:31:20 - [TEST_STEP][PASSED] - Statement - PreSaveFile = new java.io.File(((pathPrefix + java.lang.Integer.toString(counter)) + .png)): null

2018-12-11 17:31:20 - [TEST_STEP][PASSED] - Statement - counter = counter + 1: null

2018-12-11 17:31:20 - [TEST_STEP][PASSED] - Statement - PreSaveFile = new java.io.File(((pathPrefix + java.lang.Integer.toString(counter)) + .png)): null

2018-12-11 17:31:20 - [TEST_STEP][PASSED] - Statement - counter = counter + 1: null

2018-12-11 17:31:20 - [TEST_STEP][PASSED] - Statement - PreSaveFile = new java.io.File(((pathPrefix + java.lang.Integer.toString(counter)) + .png)): null

2018-12-11 17:31:20 - [TEST_STEP][PASSED] - Statement - counter = counter + 1: null

2018-12-11 17:31:20 - [TEST_STEP][PASSED] - Statement - PreSaveFile = new java.io.File(((pathPrefix + java.lang.Integer.toString(counter)) + .png)): null

2018-12-11 17:31:20 - [TEST_STEP][PASSED] - Statement - counter = counter + 1: null

2018-12-11 17:31:20 - [TEST_STEP][PASSED] - Statement - PreSaveFile = new java.io.File(((pathPrefix + java.lang.Integer.toString(counter)) + .png)): null

2018-12-11 17:31:20 - [TEST_STEP][PASSED] - Statement - counter = counter + 1: null

2018-12-11 17:31:20 - [TEST_STEP][PASSED] - Statement - PreSaveFile = new java.io.File(((pathPrefix + java.lang.Integer.toString(counter)) + .png)): null

2018-12-11 17:31:20 - [TEST_STEP][PASSED] - Statement - counter = counter + 1: null

2018-12-11 17:31:20 - [TEST_STEP][PASSED] - Statement - PreSaveFile = new java.io.File(((pathPrefix + java.lang.Integer.toString(counter)) + .png)): null

2018-12-11 17:31:20 - [TEST_STEP][PASSED] - Statement - counter = counter + 1: null

2018-12-11 17:31:20 - [TEST_STEP][PASSED] - Statement - PreSaveFile = new java.io.File(((pathPrefix + java.lang.Integer.toString(counter)) + .png)): null

2018-12-11 17:31:20 - [TEST_STEP][PASSED] - Statement - counter = counter + 1: null

2018-12-11 17:31:20 - [TEST_STEP][PASSED] - Statement - PreSaveFile = new java.io.File(((pathPrefix + java.lang.Integer.toString(counter)) + .png)): null

2018-12-11 17:31:20 - [TEST_STEP][PASSED] - Statement - counter = counter + 1: null

2018-12-11 17:31:20 - [TEST_STEP][PASSED] - Statement - PreSaveFile = new java.io.File(((pathPrefix + java.lang.Integer.toString(counter)) + .png)): null

2018-12-11 17:31:20 - [TEST_STEP][PASSED] - Statement - counter = counter + 1: null

2018-12-11 17:31:20 - [TEST_STEP][PASSED] - Statement - PreSaveFile = new java.io.File(((pathPrefix + java.lang.Integer.toString(counter)) + .png)): null

2018-12-11 17:31:20 - [TEST_STEP][PASSED] - Statement - counter = counter + 1: null

2018-12-11 17:31:20 - [TEST_STEP][PASSED] - Statement - PreSaveFile = new java.io.File(((pathPrefix + java.lang.Integer.toString(counter)) + .png)): null

2018-12-11 17:31:20 - [TEST_STEP][PASSED] - Statement - counter = counter + 1: null

2018-12-11 17:31:20 - [TEST_STEP][PASSED] - Statement - PreSaveFile = new java.io.File(((pathPrefix + java.lang.Integer.toString(counter)) + .png)): null

2018-12-11 17:31:20 - [TEST_STEP][PASSED] - Statement - counter = counter + 1: null

2018-12-11 17:31:20 - [TEST_STEP][PASSED] - Statement - PreSaveFile = new java.io.File(((pathPrefix + java.lang.Integer.toString(counter)) + .png)): null

2018-12-11 17:31:20 - [TEST_STEP][PASSED] - Statement - counter = counter + 1: null

2018-12-11 17:31:20 - [TEST_STEP][PASSED] - Statement - PreSaveFile = new java.io.File(((pathPrefix + java.lang.Integer.toString(counter)) + .png)): null

2018-12-11 17:31:20 - [TEST_STEP][PASSED] - Statement - counter = counter + 1: null

2018-12-11 17:31:20 - [TEST_STEP][PASSED] - Statement - PreSaveFile = new java.io.File(((pathPrefix + java.lang.Integer.toString(counter)) + .png)): null

2018-12-11 17:31:20 - [TEST_STEP][PASSED] - Statement - counter = counter + 1: null

2018-12-11 17:31:20 - [TEST_STEP][PASSED] - Statement - PreSaveFile = new java.io.File(((pathPrefix + java.lang.Integer.toString(counter)) + .png)): null

2018-12-11 17:31:20 - [TEST_STEP][PASSED] - Statement - counter = counter + 1: null

2018-12-11 17:31:20 - [TEST_STEP][PASSED] - Statement - PreSaveFile = new java.io.File(((pathPrefix + java.lang.Integer.toString(counter)) + .png)): null

2018-12-11 17:31:20 - [TEST_STEP][PASSED] - Statement - counter = counter + 1: null

2018-12-11 17:31:20 - [TEST_STEP][PASSED] - Statement - PreSaveFile = new java.io.File(((pathPrefix + java.lang.Integer.toString(counter)) + .png)): null

2018-12-11 17:31:20 - [TEST_STEP][PASSED] - Statement - counter = counter + 1: null

2018-12-11 17:31:20 - [TEST_STEP][PASSED] - Statement - PreSaveFile = new java.io.File(((pathPrefix + java.lang.Integer.toString(counter)) + .png)): null

2018-12-11 17:31:20 - [TEST_STEP][PASSED] - Statement - counter = counter + 1: null

2018-12-11 17:31:20 - [TEST_STEP][PASSED] - Statement - PreSaveFile = new java.io.File(((pathPrefix + java.lang.Integer.toString(counter)) + .png)): null

2018-12-11 17:31:20 - [TEST_STEP][PASSED] - Statement - counter = counter + 1: null

2018-12-11 17:31:20 - [TEST_STEP][PASSED] - Statement - PreSaveFile = new java.io.File(((pathPrefix + java.lang.Integer.toString(counter)) + .png)): null

2018-12-11 17:31:20 - [TEST_STEP][PASSED] - Statement - counter = counter + 1: null

2018-12-11 17:31:20 - [TEST_STEP][PASSED] - Statement - PreSaveFile = new java.io.File(((pathPrefix + java.lang.Integer.toString(counter)) + .png)): null

2018-12-11 17:31:20 - [TEST_STEP][PASSED] - Statement - counter = counter + 1: null

2018-12-11 17:31:20 - [TEST_STEP][PASSED] - Statement - PreSaveFile = new java.io.File(((pathPrefix + java.lang.Integer.toString(counter)) + .png)): null

2018-12-11 17:31:20 - [TEST_STEP][PASSED] - Statement - counter = counter + 1: null

2018-12-11 17:31:20 - [TEST_STEP][PASSED] - Statement - PreSaveFile = new java.io.File(((pathPrefix + java.lang.Integer.toString(counter)) + .png)): null

2018-12-11 17:31:20 - [TEST_STEP][PASSED] - Statement - counter = counter + 1: null

2018-12-11 17:31:20 - [TEST_STEP][PASSED] - Statement - PreSaveFile = new java.io.File(((pathPrefix + java.lang.Integer.toString(counter)) + .png)): null

2018-12-11 17:31:20 - [TEST_STEP][PASSED] - Statement - counter = counter + 1: null

2018-12-11 17:31:20 - [TEST_STEP][PASSED] - Statement - PreSaveFile = new java.io.File(((pathPrefix + java.lang.Integer.toString(counter)) + .png)): null

2018-12-11 17:31:20 - [TEST_STEP][PASSED] - Statement - counter = counter + 1: null

2018-12-11 17:31:20 - [TEST_STEP][PASSED] - Statement - PreSaveFile = new java.io.File(((pathPrefix + java.lang.Integer.toString(counter)) + .png)): null

2018-12-11 17:31:20 - [TEST_STEP][PASSED] - Statement - counter = counter + 1: null

2018-12-11 17:31:20 - [TEST_STEP][PASSED] - Statement - PreSaveFile = new java.io.File(((pathPrefix + java.lang.Integer.toString(counter)) + .png)): null

2018-12-11 17:31:20 - [TEST_STEP][PASSED] - Statement - counter = counter + 1: null

2018-12-11 17:31:20 - [TEST_STEP][PASSED] - Statement - PreSaveFile = new java.io.File(((pathPrefix + java.lang.Integer.toString(counter)) + .png)): null

2018-12-11 17:31:20 - [TEST_STEP][PASSED] - Statement - counter = counter + 1: null

2018-12-11 17:31:20 - [TEST_STEP][PASSED] - Statement - PreSaveFile = new java.io.File(((pathPrefix + java.lang.Integer.toString(counter)) + .png)): null

2018-12-11 17:31:20 - [TEST_STEP][PASSED] - Statement - counter = counter + 1: null

2018-12-11 17:31:20 - [TEST_STEP][PASSED] - Statement - PreSaveFile = new java.io.File(((pathPrefix + java.lang.Integer.toString(counter)) + .png)): null

2018-12-11 17:31:20 - [TEST_STEP][PASSED] - Statement - counter = counter + 1: null

2018-12-11 17:31:20 - [TEST_STEP][PASSED] - Statement - PreSaveFile = new java.io.File(((pathPrefix + java.lang.Integer.toString(counter)) + .png)): null

2018-12-11 17:31:20 - [TEST_STEP][PASSED] - Statement - counter = counter + 1: null

2018-12-11 17:31:20 - [TEST_STEP][PASSED] - Statement - PreSaveFile = new java.io.File(((pathPrefix + java.lang.Integer.toString(counter)) + .png)): null

2018-12-11 17:31:20 - [TEST_STEP][PASSED] - Statement - counter = counter + 1: null

2018-12-11 17:31:20 - [TEST_STEP][PASSED] - Statement - PreSaveFile = new java.io.File(((pathPrefix + java.lang.Integer.toString(counter)) + .png)): null

2018-12-11 17:31:20 - [TEST_STEP][PASSED] - Statement - counter = counter + 1: null

2018-12-11 17:31:20 - [TEST_STEP][PASSED] - Statement - PreSaveFile = new java.io.File(((pathPrefix + java.lang.Integer.toString(counter)) + .png)): null

2018-12-11 17:31:20 - [TEST_STEP][PASSED] - Statement - counter = counter + 1: null

2018-12-11 17:31:20 - [TEST_STEP][PASSED] - Statement - PreSaveFile = new java.io.File(((pathPrefix + java.lang.Integer.toString(counter)) + .png)): null

2018-12-11 17:31:20 - [TEST_STEP][PASSED] - Statement - counter = counter + 1: null

2018-12-11 17:31:20 - [TEST_STEP][PASSED] - Statement - PreSaveFile = new java.io.File(((pathPrefix + java.lang.Integer.toString(counter)) + .png)): null

2018-12-11 17:31:20 - [TEST_STEP][PASSED] - Statement - counter = counter + 1: null

2018-12-11 17:31:20 - [TEST_STEP][PASSED] - Statement - PreSaveFile = new java.io.File(((pathPrefix + java.lang.Integer.toString(counter)) + .png)): null

2018-12-11 17:31:20 - [TEST_STEP][PASSED] - Statement - counter = counter + 1: null

2018-12-11 17:31:20 - [TEST_STEP][PASSED] - Statement - PreSaveFile = new java.io.File(((pathPrefix + java.lang.Integer.toString(counter)) + .png)): null

2018-12-11 17:31:20 - [TEST_STEP][PASSED] - Statement - counter = counter + 1: null

2018-12-11 17:31:20 - [TEST_STEP][PASSED] - Statement - PreSaveFile = new java.io.File(((pathPrefix + java.lang.Integer.toString(counter)) + .png)): null

2018-12-11 17:31:20 - [TEST_STEP][PASSED] - Statement - counter = counter + 1: null

2018-12-11 17:31:20 - [TEST_STEP][PASSED] - Statement - PreSaveFile = new java.io.File(((pathPrefix + java.lang.Integer.toString(counter)) + .png)): null

2018-12-11 17:31:20 - [TEST_STEP][PASSED] - Statement - counter = counter + 1: null

2018-12-11 17:31:20 - [TEST_STEP][PASSED] - Statement - PreSaveFile = new java.io.File(((pathPrefix + java.lang.Integer.toString(counter)) + .png)): null

2018-12-11 17:31:20 - [TEST_STEP][PASSED] - Statement - counter = counter + 1: null

2018-12-11 17:31:20 - [TEST_STEP][PASSED] - Statement - PreSaveFile = new java.io.File(((pathPrefix + java.lang.Integer.toString(counter)) + .png)): null

2018-12-11 17:31:20 - [TEST_STEP][PASSED] - Statement - counter = counter + 1: null

2018-12-11 17:31:20 - [TEST_STEP][PASSED] - Statement - PreSaveFile = new java.io.File(((pathPrefix + java.lang.Integer.toString(counter)) + .png)): null

2018-12-11 17:31:20 - [TEST_STEP][PASSED] - Statement - counter = counter + 1: null

2018-12-11 17:31:20 - [TEST_STEP][PASSED] - Statement - PreSaveFile = new java.io.File(((pathPrefix + java.lang.Integer.toString(counter)) + .png)): null

2018-12-11 17:31:20 - [TEST_STEP][PASSED] - Statement - counter = counter + 1: null

2018-12-11 17:31:20 - [TEST_STEP][PASSED] - Statement - PreSaveFile = new java.io.File(((pathPrefix + java.lang.Integer.toString(counter)) + .png)): null

2018-12-11 17:31:20 - [TEST_STEP][PASSED] - Statement - counter = counter + 1: null

2018-12-11 17:31:20 - [TEST_STEP][PASSED] - Statement - PreSaveFile = new java.io.File(((pathPrefix + java.lang.Integer.toString(counter)) + .png)): null

2018-12-11 17:31:20 - [TEST_STEP][PASSED] - Statement - counter = counter + 1: null

2018-12-11 17:31:20 - [TEST_STEP][PASSED] - Statement - PreSaveFile = new java.io.File(((pathPrefix + java.lang.Integer.toString(counter)) + .png)): null

2018-12-11 17:31:20 - [TEST_STEP][PASSED] - Statement - counter = counter + 1: null

2018-12-11 17:31:20 - [TEST_STEP][PASSED] - Statement - PreSaveFile = new java.io.File(((pathPrefix + java.lang.Integer.toString(counter)) + .png)): null

2018-12-11 17:31:20 - [TEST_STEP][PASSED] - Statement - counter = counter + 1: null

2018-12-11 17:31:20 - [TEST_STEP][PASSED] - Statement - PreSaveFile = new java.io.File(((pathPrefix + java.lang.Integer.toString(counter)) + .png)): null

2018-12-11 17:31:20 - [TEST_STEP][PASSED] - Statement - counter = counter + 1: null

2018-12-11 17:31:20 - [TEST_STEP][PASSED] - Statement - PreSaveFile = new java.io.File(((pathPrefix + java.lang.Integer.toString(counter)) + .png)): null

2018-12-11 17:31:20 - [TEST_STEP][PASSED] - Statement - counter = counter + 1: null

2018-12-11 17:31:20 - [TEST_STEP][PASSED] - Statement - PreSaveFile = new java.io.File(((pathPrefix + java.lang.Integer.toString(counter)) + .png)): null

2018-12-11 17:31:20 - [TEST_STEP][PASSED] - Statement - counter = counter + 1: null

2018-12-11 17:31:20 - [TEST_STEP][PASSED] - Statement - PreSaveFile = new java.io.File(((pathPrefix + java.lang.Integer.toString(counter)) + .png)): null

2018-12-11 17:31:20 - [TEST_STEP][PASSED] - Statement - counter = counter + 1: null

2018-12-11 17:31:20 - [TEST_STEP][PASSED] - Statement - PreSaveFile = new java.io.File(((pathPrefix + java.lang.Integer.toString(counter)) + .png)): null

2018-12-11 17:31:20 - [TEST_STEP][PASSED] - Statement - counter = counter + 1: null

2018-12-11 17:31:20 - [TEST_STEP][PASSED] - Statement - PreSaveFile = new java.io.File(((pathPrefix + java.lang.Integer.toString(counter)) + .png)): null

2018-12-11 17:31:20 - [TEST_STEP][PASSED] - Statement - counter = counter + 1: null

2018-12-11 17:31:20 - [TEST_STEP][PASSED] - Statement - PreSaveFile = new java.io.File(((pathPrefix + java.lang.Integer.toString(counter)) + .png)): null

2018-12-11 17:31:20 - [TEST_STEP][PASSED] - Statement - counter = counter + 1: null

2018-12-11 17:31:20 - [TEST_STEP][PASSED] - Statement - PreSaveFile = new java.io.File(((pathPrefix + java.lang.Integer.toString(counter)) + .png)): null

2018-12-11 17:31:20 - [TEST_STEP][PASSED] - Statement - counter = counter + 1: null

2018-12-11 17:31:20 - [TEST_STEP][PASSED] - Statement - PreSaveFile = new java.io.File(((pathPrefix + java.lang.Integer.toString(counter)) + .png)): null

2018-12-11 17:31:20 - [TEST_STEP][PASSED] - Statement - counter = counter + 1: null

2018-12-11 17:31:20 - [TEST_STEP][PASSED] - Statement - PreSaveFile = new java.io.File(((pathPrefix + java.lang.Integer.toString(counter)) + .png)): null

2018-12-11 17:31:20 - [TEST_STEP][PASSED] - Statement - counter = counter + 1: null

2018-12-11 17:31:20 - [TEST_STEP][PASSED] - Statement - PreSaveFile = new java.io.File(((pathPrefix + java.lang.Integer.toString(counter)) + .png)): null

2018-12-11 17:31:20 - [TEST_STEP][PASSED] - Statement - counter = counter + 1: null

2018-12-11 17:31:20 - [TEST_STEP][PASSED] - Statement - PreSaveFile = new java.io.File(((pathPrefix + java.lang.Integer.toString(counter)) + .png)): null

2018-12-11 17:31:20 - [TEST_STEP][PASSED] - Statement - counter = counter + 1: null

2018-12-11 17:31:20 - [TEST_STEP][PASSED] - Statement - PreSaveFile = new java.io.File(((pathPrefix + java.lang.Integer.toString(counter)) + .png)): null

2018-12-11 17:31:20 - [TEST_STEP][PASSED] - Statement - counter = counter + 1: null

2018-12-11 17:31:20 - [TEST_STEP][PASSED] - Statement - PreSaveFile = new java.io.File(((pathPrefix + java.lang.Integer.toString(counter)) + .png)): null

2018-12-11 17:31:20 - [TEST_STEP][PASSED] - Statement - counter = counter + 1: null

2018-12-11 17:31:20 - [TEST_STEP][PASSED] - Statement - PreSaveFile = new java.io.File(((pathPrefix + java.lang.Integer.toString(counter)) + .png)): null

2018-12-11 17:31:20 - [TEST_STEP][PASSED] - Statement - counter = counter + 1: null

2018-12-11 17:31:20 - [TEST_STEP][PASSED] - Statement - PreSaveFile = new java.io.File(((pathPrefix + java.lang.Integer.toString(counter)) + .png)): null

2018-12-11 17:31:20 - [TEST_STEP][PASSED] - Statement - counter = counter + 1: null

2018-12-11 17:31:20 - [TEST_STEP][PASSED] - Statement - PreSaveFile = new java.io.File(((pathPrefix + java.lang.Integer.toString(counter)) + .png)): null

2018-12-11 17:31:20 - [TEST_STEP][PASSED] - Statement - counter = counter + 1: null

2018-12-11 17:31:20 - [TEST_STEP][PASSED] - Statement - PreSaveFile = new java.io.File(((pathPrefix + java.lang.Integer.toString(counter)) + .png)): null

2018-12-11 17:31:20 - [TEST_STEP][PASSED] - Statement - counter = counter + 1: null

2018-12-11 17:31:20 - [TEST_STEP][PASSED] - Statement - PreSaveFile = new java.io.File(((pathPrefix + java.lang.Integer.toString(counter)) + .png)): null

2018-12-11 17:31:20 - [TEST_STEP][PASSED] - Statement - counter = counter + 1: null

2018-12-11 17:31:20 - [TEST_STEP][PASSED] - Statement - PreSaveFile = new java.io.File(((pathPrefix + java.lang.Integer.toString(counter)) + .png)): null

2018-12-11 17:31:20 - [TEST_STEP][PASSED] - Statement - counter = counter + 1: null

2018-12-11 17:31:20 - [TEST_STEP][PASSED] - Statement - PreSaveFile = new java.io.File(((pathPrefix + java.lang.Integer.toString(counter)) + .png)): null

2018-12-11 17:31:20 - [TEST_STEP][PASSED] - Statement - counter = counter + 1: null

2018-12-11 17:31:20 - [TEST_STEP][PASSED] - Statement - PreSaveFile = new java.io.File(((pathPrefix + java.lang.Integer.toString(counter)) + .png)): null

2018-12-11 17:31:20 - [TEST_STEP][PASSED] - Statement - counter = counter + 1: null

2018-12-11 17:31:20 - [TEST_STEP][PASSED] - Statement - PreSaveFile = new java.io.File(((pathPrefix + java.lang.Integer.toString(counter)) + .png)): null

2018-12-11 17:31:20 - [TEST_STEP][PASSED] - Statement - counter = counter + 1: null

2018-12-11 17:31:20 - [TEST_STEP][PASSED] - Statement - PreSaveFile = new java.io.File(((pathPrefix + java.lang.Integer.toString(counter)) + .png)): null

2018-12-11 17:31:20 - [TEST_STEP][PASSED] - Statement - counter = counter + 1: null

2018-12-11 17:31:20 - [TEST_STEP][PASSED] - Statement - PreSaveFile = new java.io.File(((pathPrefix + java.lang.Integer.toString(counter)) + .png)): null

2018-12-11 17:31:20 - [TEST_STEP][PASSED] - Statement - counter = counter + 1: null

2018-12-11 17:31:20 - [TEST_STEP][PASSED] - Statement - PreSaveFile = new java.io.File(((pathPrefix + java.lang.Integer.toString(counter)) + .png)): null

2018-12-11 17:31:20 - [TEST_STEP][PASSED] - Statement - counter = counter + 1: null

2018-12-11 17:31:20 - [TEST_STEP][PASSED] - Statement - PreSaveFile = new java.io.File(((pathPrefix + java.lang.Integer.toString(counter)) + .png)): null

2018-12-11 17:31:20 - [TEST_STEP][PASSED] - Statement - counter = counter + 1: null

2018-12-11 17:31:20 - [TEST_STEP][PASSED] - Statement - PreSaveFile = new java.io.File(((pathPrefix + java.lang.Integer.toString(counter)) + .png)): null

2018-12-11 17:31:20 - [TEST_STEP][PASSED] - Statement - counter = counter + 1: null

2018-12-11 17:31:20 - [TEST_STEP][PASSED] - Statement - PreSaveFile = new java.io.File(((pathPrefix + java.lang.Integer.toString(counter)) + .png)): null

2018-12-11 17:31:20 - [TEST_STEP][PASSED] - Statement - counter = counter + 1: null

2018-12-11 17:31:20 - [TEST_STEP][PASSED] - Statement - PreSaveFile = new java.io.File(((pathPrefix + java.lang.Integer.toString(counter)) + .png)): null

2018-12-11 17:31:20 - [TEST_STEP][PASSED] - Statement - counter = counter + 1: null

2018-12-11 17:31:20 - [TEST_STEP][PASSED] - Statement - PreSaveFile = new java.io.File(((pathPrefix + java.lang.Integer.toString(counter)) + .png)): null

2018-12-11 17:31:20 - [TEST_STEP][PASSED] - Statement - counter = counter + 1: null

2018-12-11 17:31:20 - [TEST_STEP][PASSED] - Statement - PreSaveFile = new java.io.File(((pathPrefix + java.lang.Integer.toString(counter)) + .png)): null

2018-12-11 17:31:20 - [TEST_STEP][PASSED] - Statement - counter = counter + 1: null

2018-12-11 17:31:20 - [TEST_STEP][PASSED] - Statement - PreSaveFile = new java.io.File(((pathPrefix + java.lang.Integer.toString(counter)) + .png)): null

2018-12-11 17:31:20 - [TEST_STEP][PASSED] - Statement - counter = counter + 1: null

2018-12-11 17:31:20 - [TEST_STEP][PASSED] - Statement - PreSaveFile = new java.io.File(((pathPrefix + java.lang.Integer.toString(counter)) + .png)): null

2018-12-11 17:31:20 - [TEST_STEP][PASSED] - Statement - counter = counter + 1: null

2018-12-11 17:31:20 - [TEST_STEP][PASSED] - Statement - PreSaveFile = new java.io.File(((pathPrefix + java.lang.Integer.toString(counter)) + .png)): null

2018-12-11 17:31:20 - [TEST_STEP][PASSED] - Statement - finalPath = pathPrefix + java.lang.Integer.toString(counter) + ".png": null

2018-12-11 17:31:20 - [TEST_STEP][PASSED] - Statement - SaveFile = new java.io.File(finalPath): null

2018-12-11 17:31:20 - [TEST_STEP][PASSED] - Statement - Try: null

2018-12-11 17:31:20 - [TEST_STEP][PASSED] - Statement - org.apache.commons.io.FileUtils.copyFile(scrFile, SaveFile): null

2018-12-11 17:31:20 - [TEST_STEP][PASSED] - Statement - out.println("file kept"): null

2018-12-11 17:31:20 - [TEST_STEP][PASSED] - delay: Delayed 10 second(s)

2018-12-11 17:31:30 - [MESSAGE][PASSED] - Delayed 10 second(s)

2018-12-11 17:31:30 - [MESSAGE][PASSED] - Call Test Case 'Test Cases/Final Aug 2018 - PKS Automation/Registration Module/New Registration/Submit and Screenshot/Submit Registration and Screenshot - Copy' successfully

2018-12-11 17:31:30 - [TEST_STEP][PASSED] - Statement - UpdateAddNewECode = com.kms.katalon.core.webui.keyword.WebUiBuiltInKeywords.getText(com.kms.katalon.core.testobject.ObjectRepository.findTestObject(Object Repository/Final Object Repo/Page_Update Add New Employee - ASSIST/getEmpCode)): Text of object 'Object Repository/Final Object Repo/Page_Update Add New Employee - ASSIST/getEmpCode' is: 'E1102070764X'

2018-12-11 17:31:30 - [MESSAGE][PASSED] - Text of object 'Object Repository/Final Object Repo/Page_Update Add New Employee - ASSIST/getEmpCode' is: 'E1102070764X'

2018-12-11 17:31:30 - [TEST_STEP][PASSED] - callTestCase: Call Test Case 'Test Cases/Final Aug 2018 - PKS Automation/Common/Emp Code Setter' successfully

2018-12-11 17:31:30 - [TEST_CASE][PASSED] - Test Cases/Final Aug 2018 - PKS Automation/Common/Emp Code Setter: Test Cases/Final Aug 2018 - PKS Automation/Common/Emp Code Setter

2018-12-11 17:31:30 - [TEST_STEP][PASSED] - Statement - EmpCodeOld = new java.io.File(C://Users//Admin//Desktop//PKS//Automation Reference Point//EmpCode.txt): null

2018-12-11 17:31:30 - [TEST_STEP][PASSED] - Statement - EmpCodeOld.delete(): null

2018-12-11 17:31:30 - [TEST_STEP][PASSED] - Statement - EmpCode = new java.io.File(C://Users//Admin//Desktop//PKS//Automation Reference Point//EmpCode.txt): null

2018-12-11 17:31:30 - [TEST_STEP][PASSED] - Statement - f2 = new java.io.FileWriter(EmpCode, false): null

2018-12-11 17:31:30 - [TEST_STEP][PASSED] - Statement - f2.write(UpdateAddNewECode): null

2018-12-11 17:31:30 - [TEST_STEP][PASSED] - Statement - f2.close(): null

2018-12-11 17:31:30 - [TEST_STEP][PASSED] - Statement - out.println("


" + UpdateAddNewECode + "


"): null

2018-12-11 17:31:30 - [MESSAGE][PASSED] - Call Test Case 'Test Cases/Final Aug 2018 - PKS Automation/Common/Emp Code Setter' successfully

2018-12-11 17:31:30 - [MESSAGE][PASSED] - Call Test Case 'Test Cases/Final Aug 2018 - PKS Automation/Registration Module/Workflow/Update Add New Employee/Template/New Company for Update Add New' successfully

2018-12-11 17:31:30 - [TEST_STEP][PASSED] - callTestCase: Call Test Case 'Test Cases/Final Aug 2018 - PKS Automation/Registration Module/Log Out/log out avoiding katalon tagging' successfully

2018-12-11 17:31:30 - [TEST_CASE][PASSED] - Test Cases/Final Aug 2018 - PKS Automation/Registration Module/Log Out/log out avoiding katalon tagging: Test Cases/Final Aug 2018 - PKS Automation/Registration Module/Log Out/log out avoiding katalon tagging

2018-12-11 17:31:30 - [TEST_STEP][PASSED] - navigateToUrl: Navigate to 'https://assist2-uat.perkeso.gov.my/c/portal/logout' successfully

2018-12-11 17:31:31 - [MESSAGE][PASSED] - Navigate to 'https://assist2-uat.perkeso.gov.my/c/portal/logout' successfully

2018-12-11 17:31:31 - [MESSAGE][PASSED] - Call Test Case 'Test Cases/Final Aug 2018 - PKS Automation/Registration Module/Log Out/log out avoiding katalon tagging' successfully

2018-12-11 17:31:31 - [TEST_STEP][PASSED] - callTestCase: Call Test Case 'Test Cases/Final Aug 2018 - PKS Automation/Registration Module/New Registration/Form 2/Date Updater' successfully

2018-12-11 17:31:31 - [TEST_CASE][PASSED] - Test Cases/Final Aug 2018 - PKS Automation/Registration Module/New Registration/Form 2/Date Updater: Test Cases/Final Aug 2018 - PKS Automation/Registration Module/New Registration/Form 2/Date Updater

2018-12-11 17:31:31 - [TEST_STEP][PASSED] - Statement - TodayDate = new java.util.Date(): null

2018-12-11 17:31:31 - [TEST_STEP][PASSED] - Statement - CurrentDateNoFilter = new java.text.SimpleDateFormat(): null

2018-12-11 17:31:31 - [TEST_STEP][PASSED] - Statement - CurrentDateNoFilter.applyPattern("MM"): null

2018-12-11 17:31:31 - [TEST_STEP][PASSED] - Statement - monthContainerMatcher = java.lang.Integer.parseInt(CurrentDateNoFilter.format(TodayDate)): null

2018-12-11 17:31:31 - [TEST_STEP][PASSED] - Statement - monthContainerMatcher = monthContainerMatcher - 1: null

2018-12-11 17:31:31 - [TEST_STEP][PASSED] - Statement - CurrentMonth = monthContainerMatcher.toString(): null

2018-12-11 17:31:31 - [TEST_STEP][PASSED] - Statement - CurrentMonth = CurrentMonth: null

2018-12-11 17:31:31 - [TEST_STEP][PASSED] - Statement - CurrentDateNoFilter.applyPattern("yyyy"): null

2018-12-11 17:31:31 - [TEST_STEP][PASSED] - Statement - CurrentYear = CurrentDateNoFilter.format(TodayDate): null

2018-12-11 17:31:31 - [TEST_STEP][PASSED] - Statement - CurrentYear = CurrentYear: null

2018-12-11 17:31:31 - [TEST_STEP][PASSED] - Statement - intCurrentYear = java.lang.Integer.parseInt(CurrentDateNoFilter.format(TodayDate)): null

2018-12-11 17:31:31 - [TEST_STEP][PASSED] - Statement - eighteenYrsAgo = intCurrentYear - 18: null

2018-12-11 17:31:31 - [TEST_STEP][PASSED] - Statement - eighteenYrsBeforeThisYr = eighteenYrsAgo.toString(): null

2018-12-11 17:31:31 - [TEST_STEP][PASSED] - Statement - EighteenYrsBefore = eighteenYrsBeforeThisYr: null

2018-12-11 17:31:31 - [TEST_STEP][PASSED] - Statement - fiftysevenYrsAgo = intCurrentYear - 57: null

2018-12-11 17:31:31 - [TEST_STEP][PASSED] - Statement - fiftysevenYrsBeforeThisYr = fiftysevenYrsAgo.toString(): null

2018-12-11 17:31:31 - [TEST_STEP][PASSED] - Statement - FiftysevenYrsBefore = fiftysevenYrsBeforeThisYr: null

2018-12-11 17:31:31 - [TEST_STEP][PASSED] - Statement - leapYear = false: null

2018-12-11 17:31:31 - [TEST_STEP][PASSED] - Statement - leapYear = intCurrentYear % 4 == 0: null

2018-12-11 17:31:31 - [TEST_STEP][PASSED] - Statement - CurrentDateNoFilter.applyPattern("dd"): null

2018-12-11 17:31:31 - [TEST_STEP][PASSED] - Statement - CurrentDate = CurrentDateNoFilter.format(TodayDate): null

2018-12-11 17:31:31 - [TEST_STEP][PASSED] - Statement - CurrentDate = java.lang.Integer.parseInt(CurrentDate): null

2018-12-11 17:31:31 - [TEST_STEP][PASSED] - Statement - CurrentDate = CurrentDate: null

2018-12-11 17:31:31 - [TEST_STEP][PASSED] - Statement - CurrentDay = java.lang.Integer.parseInt(CurrentDate): null

2018-12-11 17:31:31 - [TEST_STEP][PASSED] - Statement - ConfAdder = <not implemented yet for class: org.codehaus.groovy.ast.expr.EmptyExpression>: null

2018-12-11 17:31:31 - [TEST_STEP][PASSED] - Statement - out.println(CurrentMonth): null

2018-12-11 17:31:31 - [TEST_STEP][PASSED] - Statement - out.println(CurrentDate): null

2018-12-11 17:31:31 - [TEST_STEP][PASSED] - Statement - switch (CurrentDate): null

2018-12-11 17:31:31 - [TEST_STEP][PASSED] - Statement - Default: null

2018-12-11 17:31:31 - [TEST_STEP][PASSED] - Statement - ConfAdder = true: null

2018-12-11 17:31:31 - [TEST_STEP][PASSED] - Statement - Break: null

2018-12-11 17:31:31 - [TEST_STEP][PASSED] - Statement - aDayBefore = <not implemented yet for class: org.codehaus.groovy.ast.expr.EmptyExpression>: null

2018-12-11 17:31:31 - [TEST_STEP][PASSED] - Statement - out.println(ConfAdder): null

2018-12-11 17:31:31 - [TEST_STEP][PASSED] - Statement - If (ConfAdder == true): null

2018-12-11 17:31:31 - [TEST_STEP][PASSED] - Statement - aDayBefore = CurrentDay + 1: null

2018-12-11 17:31:31 - [TEST_STEP][PASSED] - Statement - out.println(aDayBefore): null

2018-12-11 17:31:31 - [TEST_STEP][PASSED] - Statement - If (aDayBefore == 1 && CurrentMonth == 11): null

2018-12-11 17:31:31 - [TEST_STEP][PASSED] - Statement - DayBefore = aDayBefore.toString(): null

2018-12-11 17:31:31 - [TEST_STEP][PASSED] - Statement - OneDayBefore = DayBefore: null

2018-12-11 17:31:31 - [MESSAGE][PASSED] - Call Test Case 'Test Cases/Final Aug 2018 - PKS Automation/Registration Module/New Registration/Form 2/Date Updater' successfully

2018-12-11 17:31:31 - [TEST_STEP][PASSED] - delay: Delayed 2 second(s)

2018-12-11 17:31:33 - [MESSAGE][PASSED] - Delayed 2 second(s)

2018-12-11 17:31:33 - [TEST_STEP][PASSED] - setText: Text 'klotc2@gmail.com' is set on object 'Object Repository/Final Object Repo/Page_Update Add New Employee - ASSIST/Email TextBox'

2018-12-11 17:31:33 - [MESSAGE][PASSED] - Text 'klotc2@gmail.com' is set on object 'Object Repository/Final Object Repo/Page_Update Add New Employee - ASSIST/Email TextBox'

2018-12-11 17:31:33 - [TEST_STEP][PASSED] - click: Object: 'Object Repository/Final Object Repo/Page_Update Add New Employee - ASSIST/Next Button' is clicked on

2018-12-11 17:31:34 - [MESSAGE][PASSED] - Object: 'Object Repository/Final Object Repo/Page_Update Add New Employee - ASSIST/Next Button' is clicked on

2018-12-11 17:31:34 - [TEST_STEP][PASSED] - delay: Delayed 2 second(s)

2018-12-11 17:31:36 - [MESSAGE][PASSED] - Delayed 2 second(s)

2018-12-11 17:31:36 - [TEST_STEP][PASSED] - setText: Text 'Test1@3456789' is set on object 'Object Repository/Final Object Repo/Page_Update Add New Employee - ASSIST/Password TextBox'

2018-12-11 17:31:36 - [MESSAGE][PASSED] - Text 'Test1@3456789' is set on object 'Object Repository/Final Object Repo/Page_Update Add New Employee - ASSIST/Password TextBox'

2018-12-11 17:31:36 - [TEST_STEP][PASSED] - delay: Delayed 2 second(s)

2018-12-11 17:31:38 - [MESSAGE][PASSED] - Delayed 2 second(s)

2018-12-11 17:31:38 - [TEST_STEP][PASSED] - click: Object: 'Object Repository/Final Object Repo/Page_Update Add New Employee - ASSIST/Login Button' is clicked on

2018-12-11 17:31:38 - [MESSAGE][PASSED] - Object: 'Object Repository/Final Object Repo/Page_Update Add New Employee - ASSIST/Login Button' is clicked on

2018-12-11 17:31:38 - [TEST_STEP][PASSED] - delay: Delayed 4 second(s)

2018-12-11 17:31:42 - [MESSAGE][PASSED] - Delayed 4 second(s)

2018-12-11 17:31:42 - [TEST_STEP][PASSED] - Statement - Try: Delayed 2 second(s)

2018-12-11 17:31:42 - [TEST_STEP][PASSED] - Statement - Checker = false: null

2018-12-11 17:31:42 - [TEST_STEP][PASSED] - Statement - Checker = com.kms.katalon.core.webui.keyword.WebUiBuiltInKeywords.verifyElementHasAttribute(com.kms.katalon.core.testobject.ObjectRepository.findTestObject(Final Object Repo/Landing Page/BM Detecting), "href", 20, OPTIONAL): Object 'Object Repository/Final Object Repo/Landing Page/BM Detecting' has attribute 'href'

2018-12-11 17:31:42 - [MESSAGE][PASSED] - Object 'Object Repository/Final Object Repo/Landing Page/BM Detecting' has attribute 'href'

2018-12-11 17:31:42 - [TEST_STEP][PASSED] - Statement - out.println(Checker): null

2018-12-11 17:31:42 - [TEST_STEP][PASSED] - Statement - If (Checker == false): null

2018-12-11 17:31:42 - [TEST_STEP][PASSED] - Statement - Else: null

2018-12-11 17:31:42 - [TEST_STEP][PASSED] - delay: Delayed 2 second(s)

2018-12-11 17:31:44 - [MESSAGE][PASSED] - Delayed 2 second(s)

2018-12-11 17:31:44 - [TEST_STEP][PASSED] - delay: Delayed 4 second(s)

2018-12-11 17:31:48 - [MESSAGE][PASSED] - Delayed 4 second(s)

2018-12-11 17:31:48 - [TEST_STEP][PASSED] - click: Object: 'Object Repository/Final Object Repo/Page_Update Add New Employee - ASSIST/My Sites Drop Down' is clicked on

2018-12-11 17:31:48 - [MESSAGE][PASSED] - Object: 'Object Repository/Final Object Repo/Page_Update Add New Employee - ASSIST/My Sites Drop Down' is clicked on

2018-12-11 17:31:48 - [TEST_STEP][PASSED] - click: Object: 'Object Repository/Final Object Repo/Page_Update Add New Employee - ASSIST/Select to Registration Module' is clicked on

2018-12-11 17:31:49 - [MESSAGE][PASSED] - Object: 'Object Repository/Final Object Repo/Page_Update Add New Employee - ASSIST/Select to Registration Module' is clicked on

2018-12-11 17:31:49 - [TEST_STEP][PASSED] - navigateToUrl: Navigate to 'https://assist2-uat.perkeso.gov.my/web/registration/myassist' successfully

2018-12-11 17:31:50 - [MESSAGE][PASSED] - Navigate to 'https://assist2-uat.perkeso.gov.my/web/registration/myassist' successfully

2018-12-11 17:31:50 - [TEST_STEP][PASSED] - mouseOver: Object: 'Object Repository/Final Object Repo/Page_Update Add New Employee - ASSIST/Select to Update Akta 4 Tab' is hovered

2018-12-11 17:31:50 - [MESSAGE][PASSED] - Object: 'Object Repository/Final Object Repo/Page_Update Add New Employee - ASSIST/Select to Update Akta 4 Tab' is hovered

2018-12-11 17:31:50 - [TEST_STEP][PASSED] - delay: Delayed 2 second(s)

2018-12-11 17:31:52 - [MESSAGE][PASSED] - Delayed 2 second(s)

2018-12-11 17:31:52 - [TEST_STEP][PASSED] - click: Object: 'Object Repository/Final Object Repo/Page_Update Add New Employee - ASSIST/Select to Update Add New Employee' is clicked on

2018-12-11 17:31:53 - [MESSAGE][PASSED] - Object: 'Object Repository/Final Object Repo/Page_Update Add New Employee - ASSIST/Select to Update Add New Employee' is clicked on

2018-12-11 17:31:53 - [TEST_STEP][PASSED] - delay: Delayed 2 second(s)

2018-12-11 17:31:55 - [MESSAGE][PASSED] - Delayed 2 second(s)

2018-12-11 17:31:55 - [TEST_STEP][PASSED] - setText: Text 'E1102070764X' is set on object 'Object Repository/Final Object Repo/Page_Update Add New Employee - ASSIST/Employer Code input textbox'

2018-12-11 17:31:55 - [MESSAGE][PASSED] - Text 'E1102070764X' is set on object 'Object Repository/Final Object Repo/Page_Update Add New Employee - ASSIST/Employer Code input textbox'

2018-12-11 17:31:55 - [TEST_STEP][PASSED] - delay: Delayed 2 second(s)

2018-12-11 17:31:57 - [MESSAGE][PASSED] - Delayed 2 second(s)

2018-12-11 17:31:57 - [TEST_STEP][PASSED] - click: Object: 'Object Repository/Final Object Repo/Page_Update Add New Employee - ASSIST/Search Button for Employer Code' is clicked on

2018-12-11 17:31:57 - [MESSAGE][PASSED] - Object: 'Object Repository/Final Object Repo/Page_Update Add New Employee - ASSIST/Search Button for Employer Code' is clicked on

2018-12-11 17:31:57 - [TEST_STEP][PASSED] - delay: Delayed 4 second(s)

2018-12-11 17:32:01 - [MESSAGE][PASSED] - Delayed 4 second(s)

2018-12-11 17:32:01 - [TEST_STEP][PASSED] - click: Object: 'Object Repository/Final Object Repo/Page_Update Add New Employee - ASSIST/Click to Edit Case' is clicked on

2018-12-11 17:32:04 - [MESSAGE][PASSED] - Object: 'Object Repository/Final Object Repo/Page_Update Add New Employee - ASSIST/Click to Edit Case' is clicked on

2018-12-11 17:32:04 - [TEST_STEP][PASSED] - callTestCase: Call Test Case 'Test Cases/Final Aug 2018 - PKS Automation/Registration Module/Workflow/Update Add New Employee/Template/Employee Adding/Employee Set Decider' successfully

2018-12-11 17:32:04 - [TEST_CASE][PASSED] - Test Cases/Final Aug 2018 - PKS Automation/Registration Module/Workflow/Update Add New Employee/Template/Employee Adding/Employee Set Decider: Test Cases/Final Aug 2018 - PKS Automation/Registration Module/Workflow/Update Add New Employee/Template/Employee Adding/Employee Set Decider

2018-12-11 17:32:04 - [TEST_STEP][PASSED] - delay: Delayed 4 second(s)

2018-12-11 17:32:08 - [MESSAGE][PASSED] - Delayed 4 second(s)

2018-12-11 17:32:08 - [TEST_STEP][PASSED] - click: Object: 'Object Repository/Final Object Repo/Page_Update Add New Employee - ASSIST/Add Employee Button' is clicked on

2018-12-11 17:32:08 - [MESSAGE][PASSED] - Object: 'Object Repository/Final Object Repo/Page_Update Add New Employee - ASSIST/Add Employee Button' is clicked on

2018-12-11 17:32:08 - [TEST_STEP][PASSED] - delay: Delayed 3 second(s)

2018-12-11 17:32:11 - [MESSAGE][PASSED] - Delayed 3 second(s)

2018-12-11 17:32:11 - [TEST_STEP][PASSED] - setText: Text '010903091920' is set on object 'Object Repository/Final Object Repo/Page_Update Add New Employee - ASSIST/NRIC Input'

2018-12-11 17:32:12 - [MESSAGE][PASSED] - Text '010903091920' is set on object 'Object Repository/Final Object Repo/Page_Update Add New Employee - ASSIST/NRIC Input'

2018-12-11 17:32:12 - [TEST_STEP][PASSED] - click: Object: 'Object Repository/Final Object Repo/Page_Update Add New Employee - ASSIST/button for search for IC' is clicked on

2018-12-11 17:32:12 - [MESSAGE][PASSED] - Object: 'Object Repository/Final Object Repo/Page_Update Add New Employee - ASSIST/button for search for IC' is clicked on

2018-12-11 17:32:12 - [TEST_STEP][PASSED] - delay: Delayed 2 second(s)

2018-12-11 17:32:14 - [MESSAGE][PASSED] - Delayed 2 second(s)

2018-12-11 17:32:14 - [TEST_STEP][PASSED] - sendKeys: Keys 'CONTROL + a' sent to object: 'Object Repository/Final Object Repo/Page_Update Add New Employee - ASSIST/Employee Name Input'

2018-12-11 17:32:14 - [MESSAGE][PASSED] - Keys 'CONTROL + a' sent to object: 'Object Repository/Final Object Repo/Page_Update Add New Employee - ASSIST/Employee Name Input'

2018-12-11 17:32:14 - [TEST_STEP][PASSED] - sendKeys: Keys 'CONTROL + c' sent to object: 'Object Repository/Final Object Repo/Page_Update Add New Employee - ASSIST/Employee Name Input'

2018-12-11 17:32:14 - [MESSAGE][PASSED] - Keys 'CONTROL + c' sent to object: 'Object Repository/Final Object Repo/Page_Update Add New Employee - ASSIST/Employee Name Input'

2018-12-11 17:32:14 - [TEST_STEP][PASSED] - Statement - toolkit = java.awt.Toolkit.getDefaultToolkit(): null

2018-12-11 17:32:14 - [TEST_STEP][PASSED] - Statement - clipboard = toolkit.getSystemClipboard(): null

2018-12-11 17:32:14 - [TEST_STEP][PASSED] - Statement - CurrentName = clipboard.getData(stringFlavor): null

2018-12-11 17:32:14 - [TEST_STEP][PASSED] - Statement - out.println("String from Clipboard:" + CurrentName): null

2018-12-11 17:32:14 - [TEST_STEP][PASSED] - Statement - If (CurrentName == "AUTOMATE002 ELIGIBLE 1"): Call Test Case 'Test Cases/Final Aug 2018 - PKS Automation/Registration Module/Workflow/Update Add New Employee/Template/Employee Adding/Employee Adding Action Repeat IC - set 1' successfully

2018-12-11 17:32:14 - [TEST_STEP][PASSED] - callTestCase: Call Test Case 'Test Cases/Final Aug 2018 - PKS Automation/Registration Module/Workflow/Update Add New Employee/Template/Employee Adding/Employee Adding Action Repeat IC - set 1' successfully

2018-12-11 17:32:14 - [TEST_CASE][PASSED] - Test Cases/Final Aug 2018 - PKS Automation/Registration Module/Workflow/Update Add New Employee/Template/Employee Adding/Employee Adding Action Repeat IC - set 1: Test Cases/Final Aug 2018 - PKS Automation/Registration Module/Workflow/Update Add New Employee/Template/Employee Adding/Employee Adding Action Repeat IC - set 1

2018-12-11 17:32:14 - [TEST_STEP][PASSED] - setText: Text 'Automate003 eligible 1' is set on object 'Object Repository/Final Object Repo/Page_Update Add New Employee - ASSIST/Employee Name Input'

2018-12-11 17:32:15 - [MESSAGE][PASSED] - Text 'Automate003 eligible 1' is set on object 'Object Repository/Final Object Repo/Page_Update Add New Employee - ASSIST/Employee Name Input'

2018-12-11 17:32:15 - [TEST_STEP][PASSED] - delay: Delayed 2 second(s)

2018-12-11 17:32:17 - [MESSAGE][PASSED] - Delayed 2 second(s)

2018-12-11 17:32:17 - [TEST_STEP][PASSED] - click: Object: 'Object Repository/Final Object Repo/Page_Update Add New Employee - ASSIST/DatePicker Pop Up' is clicked on

2018-12-11 17:32:17 - [MESSAGE][PASSED] - Object: 'Object Repository/Final Object Repo/Page_Update Add New Employee - ASSIST/DatePicker Pop Up' is clicked on

2018-12-11 17:32:17 - [TEST_STEP][PASSED] - click: Object: 'Object Repository/Final Object Repo/Page_Update Add New Employee - ASSIST/DOB Month' is clicked on

2018-12-11 17:32:17 - [MESSAGE][PASSED] - Object: 'Object Repository/Final Object Repo/Page_Update Add New Employee - ASSIST/DOB Month' is clicked on

2018-12-11 17:32:17 - [TEST_STEP][PASSED] - Statement - CurrentMonth = CurrentMonth: null

2018-12-11 17:32:17 - [TEST_STEP][PASSED] - Statement - selectMonth = new com.kms.katalon.core.testobject.TestObject(): null

2018-12-11 17:32:17 - [TEST_STEP][PASSED] - Statement - selectMonth.addProperty("xpath", EQUALS, "//body/div/div/div/select/option[@value='" + CurrentMonth + "']", true): null

2018-12-11 17:32:17 - [TEST_STEP][PASSED] - click: Object: '' is clicked on

2018-12-11 17:32:17 - [MESSAGE][PASSED] - Object: '' is clicked on

2018-12-11 17:32:17 - [TEST_STEP][PASSED] - click: Object: 'Object Repository/Final Object Repo/Page_Update Add New Employee - ASSIST/DOB Year' is clicked on

2018-12-11 17:32:17 - [MESSAGE][PASSED] - Object: 'Object Repository/Final Object Repo/Page_Update Add New Employee - ASSIST/DOB Year' is clicked on

2018-12-11 17:32:17 - [TEST_STEP][PASSED] - Statement - Eyearsbf = EighteenYrsBefore: null

2018-12-11 17:32:17 - [TEST_STEP][PASSED] - Statement - selectYear = new com.kms.katalon.core.testobject.TestObject(): null

2018-12-11 17:32:17 - [TEST_STEP][PASSED] - Statement - selectYear.addProperty("xpath", EQUALS, "//div/div/div/select/option[@value='" + Eyearsbf + "']", true): null

2018-12-11 17:32:17 - [TEST_STEP][PASSED] - click: Object: '' is clicked on

2018-12-11 17:32:17 - [MESSAGE][PASSED] - Object: '' is clicked on

2018-12-11 17:32:17 - [TEST_STEP][PASSED] - Statement - UpdatedSelectDate = com.kms.katalon.core.webui.keyword.WebUiBuiltInKeywords.modifyObjectProperty(com.kms.katalon.core.testobject.ObjectRepository.findTestObject(Final Object Repo/Page_Update Add New Employee - ASSIST/DOB Date), "xpath", "equals", "//body/div/table/tbody/tr/td/a[text()="" + CurrentDate + ""]", true): Modify property of object successfully

2018-12-11 17:32:17 - [MESSAGE][PASSED] - Modify property of object successfully

2018-12-11 17:32:17 - [TEST_STEP][PASSED] - delay: Delayed 3 second(s)

2018-12-11 17:32:20 - [MESSAGE][PASSED] - Delayed 3 second(s)

2018-12-11 17:32:20 - [TEST_STEP][PASSED] - click: Object: 'Object Repository/Final Object Repo/Page_Update Add New Employee - ASSIST/DOB Date' is clicked on

2018-12-11 17:32:21 - [MESSAGE][PASSED] - Object: 'Object Repository/Final Object Repo/Page_Update Add New Employee - ASSIST/DOB Date' is clicked on

2018-12-11 17:32:21 - [TEST_STEP][PASSED] - delay: Delayed 2 second(s)

2018-12-11 17:32:23 - [MESSAGE][PASSED] - Delayed 2 second(s)

2018-12-11 17:32:23 - [TEST_STEP][PASSED] - click: Object: 'Object Repository/Final Object Repo/Page_Update Add New Employee - ASSIST/EmploymentStartDate Pop Up' is clicked on

2018-12-11 17:32:23 - [MESSAGE][PASSED] - Object: 'Object Repository/Final Object Repo/Page_Update Add New Employee - ASSIST/EmploymentStartDate Pop Up' is clicked on

2018-12-11 17:32:23 - [TEST_STEP][PASSED] - delay: Delayed 2 second(s)

2018-12-11 17:32:25 - [MESSAGE][PASSED] - Delayed 2 second(s)

2018-12-11 17:32:25 - [TEST_STEP][PASSED] - click: Object: 'Object Repository/Final Object Repo/Page_Update Add New Employee - ASSIST/Socso Employment StartDate Month' is clicked on

2018-12-11 17:32:25 - [MESSAGE][PASSED] - Object: 'Object Repository/Final Object Repo/Page_Update Add New Employee - ASSIST/Socso Employment StartDate Month' is clicked on

2018-12-11 17:32:25 - [TEST_STEP][PASSED] - delay: Delayed 1 second(s)

2018-12-11 17:32:26 - [MESSAGE][PASSED] - Delayed 1 second(s)

2018-12-11 17:32:26 - [TEST_STEP][PASSED] - click: Object: 'Object Repository/Final Object Repo/Page_Update Add New Employee - ASSIST/Select Socso Employement Startdate Month' is clicked on

2018-12-11 17:32:26 - [MESSAGE][PASSED] - Object: 'Object Repository/Final Object Repo/Page_Update Add New Employee - ASSIST/Select Socso Employement Startdate Month' is clicked on

2018-12-11 17:32:26 - [TEST_STEP][PASSED] - delay: Delayed 2 second(s)

2018-12-11 17:32:28 - [MESSAGE][PASSED] - Delayed 2 second(s)

2018-12-11 17:32:28 - [TEST_STEP][PASSED] - click: Object: 'Object Repository/Final Object Repo/Page_Update Add New Employee - ASSIST/Socso Employment StartDate Year' is clicked on

2018-12-11 17:32:28 - [MESSAGE][PASSED] - Object: 'Object Repository/Final Object Repo/Page_Update Add New Employee - ASSIST/Socso Employment StartDate Year' is clicked on

2018-12-11 17:32:28 - [TEST_STEP][PASSED] - delay: Delayed 1 second(s)

2018-12-11 17:32:29 - [MESSAGE][PASSED] - Delayed 1 second(s)

2018-12-11 17:32:29 - [TEST_STEP][PASSED] - click: Object: 'Object Repository/Final Object Repo/Page_Update Add New Employee - ASSIST/Select Socso Employment Startdate Year' is clicked on

2018-12-11 17:32:29 - [MESSAGE][PASSED] - Object: 'Object Repository/Final Object Repo/Page_Update Add New Employee - ASSIST/Select Socso Employment Startdate Year' is clicked on

2018-12-11 17:32:29 - [TEST_STEP][PASSED] - delay: Delayed 2 second(s)

2018-12-11 17:32:31 - [MESSAGE][PASSED] - Delayed 2 second(s)

2018-12-11 17:32:31 - [TEST_STEP][PASSED] - click: Object: 'Object Repository/Final Object Repo/Page_Update Add New Employee - ASSIST/Socso Employment Start Date Day' is clicked on

2018-12-11 17:32:32 - [MESSAGE][PASSED] - Object: 'Object Repository/Final Object Repo/Page_Update Add New Employee - ASSIST/Socso Employment Start Date Day' is clicked on

2018-12-11 17:32:32 - [TEST_STEP][PASSED] - delay: Delayed 2 second(s)

2018-12-11 17:32:34 - [MESSAGE][PASSED] - Delayed 2 second(s)

2018-12-11 17:32:34 - [TEST_STEP][PASSED] - click: Object: 'Object Repository/Final Object Repo/Page_Update Add New Employee - ASSIST/Save Button for Add Employee' is clicked on

2018-12-11 17:32:34 - [MESSAGE][PASSED] - Object: 'Object Repository/Final Object Repo/Page_Update Add New Employee - ASSIST/Save Button for Add Employee' is clicked on

2018-12-11 17:32:34 - [TEST_STEP][PASSED] - delay: Delayed 6 second(s)

2018-12-11 17:32:40 - [MESSAGE][PASSED] - Delayed 6 second(s)

2018-12-11 17:32:40 - [TEST_STEP][PASSED] - click: Object: 'Object Repository/Final Object Repo/Page_Update Add New Employee - ASSIST/Add Employee Button' is clicked on

2018-12-11 17:32:40 - [MESSAGE][PASSED] - Object: 'Object Repository/Final Object Repo/Page_Update Add New Employee - ASSIST/Add Employee Button' is clicked on

2018-12-11 17:32:40 - [TEST_STEP][PASSED] - delay: Delayed 4 second(s)

2018-12-11 17:32:44 - [MESSAGE][PASSED] - Delayed 4 second(s)

2018-12-11 17:32:44 - [TEST_STEP][PASSED] - setText: Text '620904059600' is set on object 'Object Repository/Final Object Repo/Page_Update Add New Employee - ASSIST/NRIC Input'

2018-12-11 17:32:44 - [MESSAGE][PASSED] - Text '620904059600' is set on object 'Object Repository/Final Object Repo/Page_Update Add New Employee - ASSIST/NRIC Input'

2018-12-11 17:32:44 - [TEST_STEP][PASSED] - click: Object: 'Object Repository/Final Object Repo/Page_Update Add New Employee - ASSIST/button for search for IC' is clicked on

2018-12-11 17:32:44 - [MESSAGE][PASSED] - Object: 'Object Repository/Final Object Repo/Page_Update Add New Employee - ASSIST/button for search for IC' is clicked on

2018-12-11 17:32:44 - [TEST_STEP][PASSED] - delay: Delayed 2 second(s)

2018-12-11 17:32:46 - [MESSAGE][PASSED] - Delayed 2 second(s)

2018-12-11 17:32:46 - [TEST_STEP][PASSED] - setText: Text 'Automate003 eligible 2' is set on object 'Object Repository/Final Object Repo/Page_Update Add New Employee - ASSIST/Employee Name Input'

2018-12-11 17:32:47 - [MESSAGE][PASSED] - Text 'Automate003 eligible 2' is set on object 'Object Repository/Final Object Repo/Page_Update Add New Employee - ASSIST/Employee Name Input'

2018-12-11 17:32:47 - [TEST_STEP][PASSED] - delay: Delayed 2 second(s)

2018-12-11 17:32:49 - [MESSAGE][PASSED] - Delayed 2 second(s)

2018-12-11 17:32:49 - [TEST_STEP][PASSED] - click: Object: 'Object Repository/Final Object Repo/Page_Update Add New Employee - ASSIST/DatePicker Pop Up' is clicked on

2018-12-11 17:32:49 - [MESSAGE][PASSED] - Object: 'Object Repository/Final Object Repo/Page_Update Add New Employee - ASSIST/DatePicker Pop Up' is clicked on

2018-12-11 17:32:49 - [TEST_STEP][PASSED] - delay: Delayed 2 second(s)

2018-12-11 17:32:51 - [MESSAGE][PASSED] - Delayed 2 second(s)

2018-12-11 17:32:51 - [TEST_STEP][PASSED] - click: Object: 'Object Repository/Final Object Repo/Page_Update Add New Employee - ASSIST/DOB Month' is clicked on

2018-12-11 17:32:51 - [MESSAGE][PASSED] - Object: 'Object Repository/Final Object Repo/Page_Update Add New Employee - ASSIST/DOB Month' is clicked on

2018-12-11 17:32:51 - [TEST_STEP][PASSED] - Statement - selectMonth = com.kms.katalon.core.webui.keyword.WebUiBuiltInKeywords.modifyObjectProperty(selectMonth, "xpath", "equals", "//body/div/div/div/select/option[@value="" + CurrentMonth + ""]", true): Modify property of object successfully

2018-12-11 17:32:51 - [MESSAGE][PASSED] - Modify property of object successfully

2018-12-11 17:32:51 - [TEST_STEP][PASSED] - click: Object: '' is clicked on

2018-12-11 17:32:51 - [MESSAGE][PASSED] - Object: '' is clicked on

2018-12-11 17:32:51 - [TEST_STEP][PASSED] - click: Object: 'Object Repository/Final Object Repo/Page_Update Add New Employee - ASSIST/DOB Year' is clicked on

2018-12-11 17:32:52 - [MESSAGE][PASSED] - Object: 'Object Repository/Final Object Repo/Page_Update Add New Employee - ASSIST/DOB Year' is clicked on

2018-12-11 17:32:52 - [TEST_STEP][PASSED] - Statement - selectYear = com.kms.katalon.core.webui.keyword.WebUiBuiltInKeywords.modifyObjectProperty(selectYear, "xpath", "equals", "//div/div/div/select/option[@value="" + FiftysevenYrsBefore + ""]", true): Modify property of object successfully

2018-12-11 17:32:52 - [MESSAGE][PASSED] - Modify property of object successfully

2018-12-11 17:32:52 - [TEST_STEP][PASSED] - click: Object: '' is clicked on

2018-12-11 17:32:52 - [MESSAGE][PASSED] - Object: '' is clicked on

2018-12-11 17:32:52 - [TEST_STEP][PASSED] - Statement - UpdatedSelectDate = com.kms.katalon.core.webui.keyword.WebUiBuiltInKeywords.modifyObjectProperty(com.kms.katalon.core.testobject.ObjectRepository.findTestObject(Final Object Repo/Page_Update Add New Employee - ASSIST/DOB Date), "xpath", "equals", "//body/div/table/tbody/tr/td/a[text()="" + OneDayBefore + ""]", true): Modify property of object successfully

2018-12-11 17:32:52 - [MESSAGE][PASSED] - Modify property of object successfully

2018-12-11 17:32:52 - [TEST_STEP][PASSED] - click: Object: 'Object Repository/Final Object Repo/Page_Update Add New Employee - ASSIST/DOB Date' is clicked on

2018-12-11 17:32:52 - [MESSAGE][PASSED] - Object: 'Object Repository/Final Object Repo/Page_Update Add New Employee - ASSIST/DOB Date' is clicked on

2018-12-11 17:32:52 - [TEST_STEP][PASSED] - delay: Delayed 2 second(s)

2018-12-11 17:32:54 - [MESSAGE][PASSED] - Delayed 2 second(s)

2018-12-11 17:32:54 - [TEST_STEP][PASSED] - click: Object: 'Object Repository/Final Object Repo/Page_Update Add New Employee - ASSIST/EmploymentStartDate Pop Up' is clicked on

2018-12-11 17:32:54 - [MESSAGE][PASSED] - Object: 'Object Repository/Final Object Repo/Page_Update Add New Employee - ASSIST/EmploymentStartDate Pop Up' is clicked on

2018-12-11 17:32:54 - [TEST_STEP][PASSED] - delay: Delayed 2 second(s)

2018-12-11 17:32:56 - [MESSAGE][PASSED] - Delayed 2 second(s)

2018-12-11 17:32:56 - [TEST_STEP][PASSED] - click: Object: 'Object Repository/Final Object Repo/Page_Update Add New Employee - ASSIST/Socso Employment StartDate Month' is clicked on

2018-12-11 17:32:56 - [MESSAGE][PASSED] - Object: 'Object Repository/Final Object Repo/Page_Update Add New Employee - ASSIST/Socso Employment StartDate Month' is clicked on

2018-12-11 17:32:56 - [TEST_STEP][PASSED] - delay: Delayed 1 second(s)

2018-12-11 17:32:57 - [MESSAGE][PASSED] - Delayed 1 second(s)

2018-12-11 17:32:57 - [TEST_STEP][PASSED] - click: Object: 'Object Repository/Final Object Repo/Page_Update Add New Employee - ASSIST/Select Socso Employement Startdate Month' is clicked on

2018-12-11 17:32:57 - [MESSAGE][PASSED] - Object: 'Object Repository/Final Object Repo/Page_Update Add New Employee - ASSIST/Select Socso Employement Startdate Month' is clicked on

2018-12-11 17:32:57 - [TEST_STEP][PASSED] - delay: Delayed 2 second(s)

2018-12-11 17:32:59 - [MESSAGE][PASSED] - Delayed 2 second(s)

2018-12-11 17:32:59 - [TEST_STEP][PASSED] - click: Object: 'Object Repository/Final Object Repo/Page_Update Add New Employee - ASSIST/Socso Employment StartDate Year' is clicked on

2018-12-11 17:33:00 - [MESSAGE][PASSED] - Object: 'Object Repository/Final Object Repo/Page_Update Add New Employee - ASSIST/Socso Employment StartDate Year' is clicked on

2018-12-11 17:33:00 - [TEST_STEP][PASSED] - delay: Delayed 1 second(s)

2018-12-11 17:33:01 - [MESSAGE][PASSED] - Delayed 1 second(s)

2018-12-11 17:33:01 - [TEST_STEP][PASSED] - click: Object: 'Object Repository/Final Object Repo/Page_Update Add New Employee - ASSIST/Select Socso Employment Startdate Year' is clicked on

2018-12-11 17:33:01 - [MESSAGE][PASSED] - Object: 'Object Repository/Final Object Repo/Page_Update Add New Employee - ASSIST/Select Socso Employment Startdate Year' is clicked on

2018-12-11 17:33:01 - [TEST_STEP][PASSED] - delay: Delayed 2 second(s)

2018-12-11 17:33:03 - [MESSAGE][PASSED] - Delayed 2 second(s)

2018-12-11 17:33:03 - [TEST_STEP][PASSED] - click: Object: 'Object Repository/Final Object Repo/Page_Update Add New Employee - ASSIST/Socso Employment Start Date Day' is clicked on

2018-12-11 17:33:03 - [MESSAGE][PASSED] - Object: 'Object Repository/Final Object Repo/Page_Update Add New Employee - ASSIST/Socso Employment Start Date Day' is clicked on

2018-12-11 17:33:03 - [TEST_STEP][PASSED] - delay: Delayed 2 second(s)

2018-12-11 17:33:05 - [MESSAGE][PASSED] - Delayed 2 second(s)

2018-12-11 17:33:05 - [TEST_STEP][PASSED] - click: Object: 'Object Repository/Final Object Repo/Page_Update Add New Employee - ASSIST/Save Button for Add Employee' is clicked on

2018-12-11 17:33:05 - [MESSAGE][PASSED] - Object: 'Object Repository/Final Object Repo/Page_Update Add New Employee - ASSIST/Save Button for Add Employee' is clicked on

2018-12-11 17:33:05 - [TEST_STEP][PASSED] - delay: Delayed 10 second(s)

2018-12-11 17:33:15 - [MESSAGE][PASSED] - Delayed 10 second(s)

2018-12-11 17:33:15 - [TEST_STEP][PASSED] - waitForElementClickable: Object 'Object Repository/Final Object Repo/Page_Update Add New Employee - ASSIST/Add Employee Button' is clickable

2018-12-11 17:33:15 - [MESSAGE][PASSED] - Object 'Object Repository/Final Object Repo/Page_Update Add New Employee - ASSIST/Add Employee Button' is clickable

2018-12-11 17:33:15 - [TEST_STEP][PASSED] - click: Object: 'Object Repository/Final Object Repo/Page_Update Add New Employee - ASSIST/Add Employee Button' is clicked on

2018-12-11 17:33:15 - [MESSAGE][PASSED] - Object: 'Object Repository/Final Object Repo/Page_Update Add New Employee - ASSIST/Add Employee Button' is clicked on

2018-12-11 17:33:15 - [TEST_STEP][PASSED] - delay: Delayed 4 second(s)

2018-12-11 17:33:19 - [MESSAGE][PASSED] - Delayed 4 second(s)

2018-12-11 17:33:19 - [TEST_STEP][PASSED] - setText: Text '000209039100' is set on object 'Object Repository/Final Object Repo/Page_Update Add New Employee - ASSIST/NRIC Input'

2018-12-11 17:33:20 - [MESSAGE][PASSED] - Text '000209039100' is set on object 'Object Repository/Final Object Repo/Page_Update Add New Employee - ASSIST/NRIC Input'

2018-12-11 17:33:20 - [TEST_STEP][PASSED] - click: Object: 'Object Repository/Final Object Repo/Page_Update Add New Employee - ASSIST/button for search for IC' is clicked on

2018-12-11 17:33:20 - [MESSAGE][PASSED] - Object: 'Object Repository/Final Object Repo/Page_Update Add New Employee - ASSIST/button for search for IC' is clicked on

2018-12-11 17:33:20 - [TEST_STEP][PASSED] - delay: Delayed 2 second(s)

2018-12-11 17:33:22 - [MESSAGE][PASSED] - Delayed 2 second(s)

2018-12-11 17:33:22 - [TEST_STEP][PASSED] - setText: Text 'Automate003 not eligible 1' is set on object 'Object Repository/Final Object Repo/Page_Update Add New Employee - ASSIST/Employee Name Input'

2018-12-11 17:33:23 - [MESSAGE][PASSED] - Text 'Automate003 not eligible 1' is set on object 'Object Repository/Final Object Repo/Page_Update Add New Employee - ASSIST/Employee Name Input'

2018-12-11 17:33:23 - [TEST_STEP][PASSED] - delay: Delayed 2 second(s)

2018-12-11 17:33:25 - [MESSAGE][PASSED] - Delayed 2 second(s)

2018-12-11 17:33:25 - [TEST_STEP][PASSED] - click: Object: 'Object Repository/Final Object Repo/Page_Update Add New Employee - ASSIST/DatePicker Pop Up' is clicked on

2018-12-11 17:33:25 - [MESSAGE][PASSED] - Object: 'Object Repository/Final Object Repo/Page_Update Add New Employee - ASSIST/DatePicker Pop Up' is clicked on

2018-12-11 17:33:25 - [TEST_STEP][PASSED] - delay: Delayed 2 second(s)

2018-12-11 17:33:27 - [MESSAGE][PASSED] - Delayed 2 second(s)

2018-12-11 17:33:27 - [TEST_STEP][PASSED] - click: Object: 'Object Repository/Final Object Repo/Page_Update Add New Employee - ASSIST/DOB Month' is clicked on

2018-12-11 17:33:27 - [MESSAGE][PASSED] - Object: 'Object Repository/Final Object Repo/Page_Update Add New Employee - ASSIST/DOB Month' is clicked on

2018-12-11 17:33:27 - [TEST_STEP][PASSED] - Statement - selectMonth = com.kms.katalon.core.webui.keyword.WebUiBuiltInKeywords.modifyObjectProperty(selectMonth, "xpath", "equals", "//body/div/div/div/select/option[@value="" + CurrentMonth + ""]", true): Modify property of object successfully

2018-12-11 17:33:27 - [MESSAGE][PASSED] - Modify property of object successfully

2018-12-11 17:33:27 - [TEST_STEP][PASSED] - click: Object: '' is clicked on

2018-12-11 17:33:27 - [MESSAGE][PASSED] - Object: '' is clicked on

2018-12-11 17:33:27 - [TEST_STEP][PASSED] - click: Object: 'Object Repository/Final Object Repo/Page_Update Add New Employee - ASSIST/DOB Year' is clicked on

2018-12-11 17:33:27 - [MESSAGE][PASSED] - Object: 'Object Repository/Final Object Repo/Page_Update Add New Employee - ASSIST/DOB Year' is clicked on

2018-12-11 17:33:27 - [TEST_STEP][PASSED] - Statement - selectYear = com.kms.katalon.core.webui.keyword.WebUiBuiltInKeywords.modifyObjectProperty(selectYear, "xpath", "equals", "//div/div/div/select/option[@value="" + EighteenYrsBefore + ""]", true): Modify property of object successfully

2018-12-11 17:33:27 - [MESSAGE][PASSED] - Modify property of object successfully

2018-12-11 17:33:27 - [TEST_STEP][PASSED] - click: Object: '' is clicked on

2018-12-11 17:33:27 - [MESSAGE][PASSED] - Object: '' is clicked on

2018-12-11 17:33:27 - [TEST_STEP][PASSED] - Statement - UpdatedSelectDate = com.kms.katalon.core.webui.keyword.WebUiBuiltInKeywords.modifyObjectProperty(com.kms.katalon.core.testobject.ObjectRepository.findTestObject(Final Object Repo/Page_Update Add New Employee - ASSIST/DOB Date), "xpath", "equals", "//body/div/table/tbody/tr/td/a[text()="" + OneDayBefore + ""]", true): Modify property of object successfully

2018-12-11 17:33:27 - [MESSAGE][PASSED] - Modify property of object successfully

2018-12-11 17:33:27 - [TEST_STEP][PASSED] - click: Object: 'Object Repository/Final Object Repo/Page_Update Add New Employee - ASSIST/DOB Date' is clicked on

2018-12-11 17:33:27 - [MESSAGE][PASSED] - Object: 'Object Repository/Final Object Repo/Page_Update Add New Employee - ASSIST/DOB Date' is clicked on

2018-12-11 17:33:27 - [TEST_STEP][PASSED] - delay: Delayed 2 second(s)

2018-12-11 17:33:29 - [MESSAGE][PASSED] - Delayed 2 second(s)

2018-12-11 17:33:29 - [TEST_STEP][PASSED] - click: Object: 'Object Repository/Final Object Repo/Page_Update Add New Employee - ASSIST/EmploymentStartDate Pop Up' is clicked on

2018-12-11 17:33:30 - [MESSAGE][PASSED] - Object: 'Object Repository/Final Object Repo/Page_Update Add New Employee - ASSIST/EmploymentStartDate Pop Up' is clicked on

2018-12-11 17:33:30 - [TEST_STEP][PASSED] - delay: Delayed 2 second(s)

2018-12-11 17:33:32 - [MESSAGE][PASSED] - Delayed 2 second(s)

2018-12-11 17:33:32 - [TEST_STEP][PASSED] - click: Object: 'Object Repository/Final Object Repo/Page_Update Add New Employee - ASSIST/Socso Employment StartDate Month' is clicked on

2018-12-11 17:33:32 - [MESSAGE][PASSED] - Object: 'Object Repository/Final Object Repo/Page_Update Add New Employee - ASSIST/Socso Employment StartDate Month' is clicked on

2018-12-11 17:33:32 - [TEST_STEP][PASSED] - delay: Delayed 1 second(s)

2018-12-11 17:33:33 - [MESSAGE][PASSED] - Delayed 1 second(s)

2018-12-11 17:33:33 - [TEST_STEP][PASSED] - click: Object: 'Object Repository/Final Object Repo/Page_Update Add New Employee - ASSIST/Select Socso Employement Startdate Month' is clicked on

2018-12-11 17:33:33 - [MESSAGE][PASSED] - Object: 'Object Repository/Final Object Repo/Page_Update Add New Employee - ASSIST/Select Socso Employement Startdate Month' is clicked on

2018-12-11 17:33:33 - [TEST_STEP][PASSED] - delay: Delayed 2 second(s)

2018-12-11 17:33:35 - [MESSAGE][PASSED] - Delayed 2 second(s)

2018-12-11 17:33:35 - [TEST_STEP][PASSED] - click: Object: 'Object Repository/Final Object Repo/Page_Update Add New Employee - ASSIST/Socso Employment StartDate Year' is clicked on

2018-12-11 17:33:35 - [MESSAGE][PASSED] - Object: 'Object Repository/Final Object Repo/Page_Update Add New Employee - ASSIST/Socso Employment StartDate Year' is clicked on

2018-12-11 17:33:35 - [TEST_STEP][PASSED] - delay: Delayed 1 second(s)

2018-12-11 17:33:36 - [MESSAGE][PASSED] - Delayed 1 second(s)

2018-12-11 17:33:36 - [TEST_STEP][PASSED] - click: Object: 'Object Repository/Final Object Repo/Page_Update Add New Employee - ASSIST/Select Socso Employment Startdate Year' is clicked on

2018-12-11 17:33:36 - [MESSAGE][PASSED] - Object: 'Object Repository/Final Object Repo/Page_Update Add New Employee - ASSIST/Select Socso Employment Startdate Year' is clicked on

2018-12-11 17:33:36 - [TEST_STEP][PASSED] - delay: Delayed 2 second(s)

2018-12-11 17:33:38 - [MESSAGE][PASSED] - Delayed 2 second(s)

2018-12-11 17:33:38 - [TEST_STEP][PASSED] - click: Object: 'Object Repository/Final Object Repo/Page_Update Add New Employee - ASSIST/Socso Employment Start Date Day' is clicked on

2018-12-11 17:33:39 - [MESSAGE][PASSED] - Object: 'Object Repository/Final Object Repo/Page_Update Add New Employee - ASSIST/Socso Employment Start Date Day' is clicked on

2018-12-11 17:33:39 - [TEST_STEP][PASSED] - delay: Delayed 2 second(s)

2018-12-11 17:33:41 - [MESSAGE][PASSED] - Delayed 2 second(s)

2018-12-11 17:33:41 - [TEST_STEP][PASSED] - click: Object: 'Object Repository/Final Object Repo/Page_Update Add New Employee - ASSIST/Save Button for Add Employee' is clicked on

2018-12-11 17:33:41 - [MESSAGE][PASSED] - Object: 'Object Repository/Final Object Repo/Page_Update Add New Employee - ASSIST/Save Button for Add Employee' is clicked on

2018-12-11 17:33:41 - [TEST_STEP][PASSED] - delay: Delayed 20 second(s)

2018-12-11 17:34:01 - [MESSAGE][PASSED] - Delayed 20 second(s)

2018-12-11 17:34:01 - [TEST_STEP][PASSED] - click: Object: 'Object Repository/Final Object Repo/Page_Update Add New Employee - ASSIST/Add Employee Button' is clicked on

2018-12-11 17:34:01 - [MESSAGE][PASSED] - Object: 'Object Repository/Final Object Repo/Page_Update Add New Employee - ASSIST/Add Employee Button' is clicked on

2018-12-11 17:34:01 - [TEST_STEP][PASSED] - delay: Delayed 4 second(s)

2018-12-11 17:34:05 - [MESSAGE][PASSED] - Delayed 4 second(s)

2018-12-11 17:34:05 - [TEST_STEP][PASSED] - setText: Text '600203039104' is set on object 'Object Repository/Final Object Repo/Page_Update Add New Employee - ASSIST/NRIC Input'

2018-12-11 17:34:05 - [MESSAGE][PASSED] - Text '600203039104' is set on object 'Object Repository/Final Object Repo/Page_Update Add New Employee - ASSIST/NRIC Input'

2018-12-11 17:34:05 - [TEST_STEP][PASSED] - click: Object: 'Object Repository/Final Object Repo/Page_Update Add New Employee - ASSIST/button for search for IC' is clicked on

2018-12-11 17:34:05 - [MESSAGE][PASSED] - Object: 'Object Repository/Final Object Repo/Page_Update Add New Employee - ASSIST/button for search for IC' is clicked on

2018-12-11 17:34:05 - [TEST_STEP][PASSED] - delay: Delayed 2 second(s)

2018-12-11 17:34:07 - [MESSAGE][PASSED] - Delayed 2 second(s)

2018-12-11 17:34:07 - [TEST_STEP][PASSED] - setText: Text 'Automate003 not eligible 2' is set on object 'Object Repository/Final Object Repo/Page_Update Add New Employee - ASSIST/Employee Name Input'

2018-12-11 17:34:08 - [MESSAGE][PASSED] - Text 'Automate003 not eligible 2' is set on object 'Object Repository/Final Object Repo/Page_Update Add New Employee - ASSIST/Employee Name Input'

2018-12-11 17:34:08 - [TEST_STEP][PASSED] - delay: Delayed 2 second(s)

2018-12-11 17:34:10 - [MESSAGE][PASSED] - Delayed 2 second(s)

2018-12-11 17:34:10 - [TEST_STEP][PASSED] - click: Object: 'Object Repository/Final Object Repo/Page_Update Add New Employee - ASSIST/DatePicker Pop Up' is clicked on

2018-12-11 17:34:10 - [MESSAGE][PASSED] - Object: 'Object Repository/Final Object Repo/Page_Update Add New Employee - ASSIST/DatePicker Pop Up' is clicked on

2018-12-11 17:34:10 - [TEST_STEP][PASSED] - delay: Delayed 2 second(s)

2018-12-11 17:34:12 - [MESSAGE][PASSED] - Delayed 2 second(s)

2018-12-11 17:34:12 - [TEST_STEP][PASSED] - click: Object: 'Object Repository/Final Object Repo/Page_Update Add New Employee - ASSIST/DOB Month' is clicked on

2018-12-11 17:34:12 - [MESSAGE][PASSED] - Object: 'Object Repository/Final Object Repo/Page_Update Add New Employee - ASSIST/DOB Month' is clicked on

2018-12-11 17:34:12 - [TEST_STEP][PASSED] - Statement - selectMonth = com.kms.katalon.core.webui.keyword.WebUiBuiltInKeywords.modifyObjectProperty(selectMonth, "xpath", "equals", "//body/div/div/div/select/option[@value="" + CurrentMonth + ""]", true): Modify property of object successfully

2018-12-11 17:34:12 - [MESSAGE][PASSED] - Modify property of object successfully

2018-12-11 17:34:12 - [TEST_STEP][PASSED] - click: Object: '' is clicked on

2018-12-11 17:34:13 - [MESSAGE][PASSED] - Object: '' is clicked on

2018-12-11 17:34:13 - [TEST_STEP][PASSED] - click: Object: 'Object Repository/Final Object Repo/Page_Update Add New Employee - ASSIST/DOB Year' is clicked on

2018-12-11 17:34:13 - [MESSAGE][PASSED] - Object: 'Object Repository/Final Object Repo/Page_Update Add New Employee - ASSIST/DOB Year' is clicked on

2018-12-11 17:34:13 - [TEST_STEP][PASSED] - Statement - selectYear = com.kms.katalon.core.webui.keyword.WebUiBuiltInKeywords.modifyObjectProperty(selectYear, "xpath", "equals", "//div/div/div/select/option[@value="" + FiftysevenYrsBefore + ""]", true): Modify property of object successfully

2018-12-11 17:34:13 - [MESSAGE][PASSED] - Modify property of object successfully

2018-12-11 17:34:13 - [TEST_STEP][PASSED] - click: Object: '' is clicked on

2018-12-11 17:34:13 - [MESSAGE][PASSED] - Object: '' is clicked on

2018-12-11 17:34:13 - [TEST_STEP][PASSED] - Statement - UpdatedSelectDate = com.kms.katalon.core.webui.keyword.WebUiBuiltInKeywords.modifyObjectProperty(com.kms.katalon.core.testobject.ObjectRepository.findTestObject(Final Object Repo/Page_Update Add New Employee - ASSIST/DOB Date), "xpath", "equals", "//body/div/table/tbody/tr/td/a[text()="" + CurrentDate + ""]", true): Modify property of object successfully

2018-12-11 17:34:13 - [MESSAGE][PASSED] - Modify property of object successfully

2018-12-11 17:34:13 - [TEST_STEP][PASSED] - click: Object: 'Object Repository/Final Object Repo/Page_Update Add New Employee - ASSIST/DOB Date' is clicked on

2018-12-11 17:34:13 - [MESSAGE][PASSED] - Object: 'Object Repository/Final Object Repo/Page_Update Add New Employee - ASSIST/DOB Date' is clicked on

2018-12-11 17:34:13 - [TEST_STEP][PASSED] - click: Object: 'Object Repository/Final Object Repo/Page_Update Add New Employee - ASSIST/EmploymentStartDate Pop Up' is clicked on

2018-12-11 17:34:13 - [MESSAGE][PASSED] - Object: 'Object Repository/Final Object Repo/Page_Update Add New Employee - ASSIST/EmploymentStartDate Pop Up' is clicked on

2018-12-11 17:34:13 - [TEST_STEP][PASSED] - delay: Delayed 2 second(s)

2018-12-11 17:34:15 - [MESSAGE][PASSED] - Delayed 2 second(s)

2018-12-11 17:34:15 - [TEST_STEP][PASSED] - click: Object: 'Object Repository/Final Object Repo/Page_Update Add New Employee - ASSIST/Socso Employment StartDate Month' is clicked on

2018-12-11 17:34:15 - [MESSAGE][PASSED] - Object: 'Object Repository/Final Object Repo/Page_Update Add New Employee - ASSIST/Socso Employment StartDate Month' is clicked on

2018-12-11 17:34:15 - [TEST_STEP][PASSED] - delay: Delayed 1 second(s)

2018-12-11 17:34:16 - [MESSAGE][PASSED] - Delayed 1 second(s)

2018-12-11 17:34:16 - [TEST_STEP][PASSED] - click: Object: 'Object Repository/Final Object Repo/Page_Update Add New Employee - ASSIST/Select Socso Employement Startdate Month' is clicked on

2018-12-11 17:34:17 - [MESSAGE][PASSED] - Object: 'Object Repository/Final Object Repo/Page_Update Add New Employee - ASSIST/Select Socso Employement Startdate Month' is clicked on

2018-12-11 17:34:17 - [TEST_STEP][PASSED] - delay: Delayed 2 second(s)

2018-12-11 17:34:19 - [MESSAGE][PASSED] - Delayed 2 second(s)

2018-12-11 17:34:19 - [TEST_STEP][PASSED] - click: Object: 'Object Repository/Final Object Repo/Page_Update Add New Employee - ASSIST/Socso Employment StartDate Year' is clicked on

2018-12-11 17:34:19 - [MESSAGE][PASSED] - Object: 'Object Repository/Final Object Repo/Page_Update Add New Employee - ASSIST/Socso Employment StartDate Year' is clicked on

2018-12-11 17:34:19 - [TEST_STEP][PASSED] - delay: Delayed 1 second(s)

2018-12-11 17:34:20 - [MESSAGE][PASSED] - Delayed 1 second(s)

2018-12-11 17:34:20 - [TEST_STEP][PASSED] - click: Object: 'Object Repository/Final Object Repo/Page_Update Add New Employee - ASSIST/Select Socso Employment Startdate Year' is clicked on

2018-12-11 17:34:20 - [MESSAGE][PASSED] - Object: 'Object Repository/Final Object Repo/Page_Update Add New Employee - ASSIST/Select Socso Employment Startdate Year' is clicked on

2018-12-11 17:34:20 - [TEST_STEP][PASSED] - delay: Delayed 2 second(s)

2018-12-11 17:34:22 - [MESSAGE][PASSED] - Delayed 2 second(s)

2018-12-11 17:34:22 - [TEST_STEP][PASSED] - click: Object: 'Object Repository/Final Object Repo/Page_Update Add New Employee - ASSIST/Socso Employment Start Date Day' is clicked on

2018-12-11 17:34:22 - [MESSAGE][PASSED] - Object: 'Object Repository/Final Object Repo/Page_Update Add New Employee - ASSIST/Socso Employment Start Date Day' is clicked on

2018-12-11 17:34:22 - [TEST_STEP][PASSED] - delay: Delayed 2 second(s)

2018-12-11 17:34:24 - [MESSAGE][PASSED] - Delayed 2 second(s)

2018-12-11 17:34:24 - [TEST_STEP][PASSED] - click: Object: 'Object Repository/Final Object Repo/Page_Update Add New Employee - ASSIST/Save Button for Add Employee' is clicked on

2018-12-11 17:34:24 - [MESSAGE][PASSED] - Object: 'Object Repository/Final Object Repo/Page_Update Add New Employee - ASSIST/Save Button for Add Employee' is clicked on

2018-12-11 17:34:24 - [MESSAGE][PASSED] - Call Test Case 'Test Cases/Final Aug 2018 - PKS Automation/Registration Module/Workflow/Update Add New Employee/Template/Employee Adding/Employee Adding Action Repeat IC - set 1' successfully

2018-12-11 17:34:24 - [MESSAGE][PASSED] - Call Test Case 'Test Cases/Final Aug 2018 - PKS Automation/Registration Module/Workflow/Update Add New Employee/Template/Employee Adding/Employee Set Decider' successfully

2018-12-11 17:34:24 - [TEST_STEP][PASSED] - delay: Delayed 4 second(s)

2018-12-11 17:34:28 - [MESSAGE][PASSED] - Delayed 4 second(s)

2018-12-11 17:34:28 - [TEST_STEP][PASSED] - Statement - CaseReferenceNo = com.kms.katalon.core.webui.keyword.WebUiBuiltInKeywords.getText(com.kms.katalon.core.testobject.ObjectRepository.findTestObject(Final Object Repo/Page_Update Add New Employee - ASSIST/RefNo)): Text of object 'Object Repository/Final Object Repo/Page_Update Add New Employee - ASSIST/RefNo' is: 'CAN12201800002307'

2018-12-11 17:34:28 - [MESSAGE][PASSED] - Text of object 'Object Repository/Final Object Repo/Page_Update Add New Employee - ASSIST/RefNo' is: 'CAN12201800002307'

2018-12-11 17:34:28 - [TEST_STEP][PASSED] - callTestCase: Call Test Case 'Test Cases/Final Aug 2018 - PKS Automation/Common/Reference Number Setter' successfully

2018-12-11 17:34:28 - [TEST_CASE][PASSED] - Test Cases/Final Aug 2018 - PKS Automation/Common/Reference Number Setter: Test Cases/Final Aug 2018 - PKS Automation/Common/Reference Number Setter

2018-12-11 17:34:28 - [TEST_STEP][PASSED] - Statement - RefNoOldFile = new java.io.File(C://Users//Admin//Desktop//PKS//Automation Reference Point//KatalonReference.txt): null

2018-12-11 17:34:28 - [TEST_STEP][PASSED] - Statement - RefNoOldFile.delete(): null

2018-12-11 17:34:28 - [TEST_STEP][PASSED] - delay: Delayed 5 second(s)

2018-12-11 17:34:33 - [MESSAGE][PASSED] - Delayed 5 second(s)

2018-12-11 17:34:33 - [TEST_STEP][PASSED] - Statement - RefNo = new java.io.File(C://Users//Admin//Desktop//PKS//Automation Reference Point//KatalonReference.txt): null

2018-12-11 17:34:33 - [TEST_STEP][PASSED] - Statement - f2 = new java.io.FileWriter(RefNo, false): null

2018-12-11 17:34:33 - [TEST_STEP][PASSED] - Statement - f2.write(CaseReferenceNo): null

2018-12-11 17:34:33 - [TEST_STEP][PASSED] - Statement - f2.close(): null

2018-12-11 17:34:33 - [TEST_STEP][PASSED] - Statement - out.println("


" + CaseReferenceNo + "


"): null

2018-12-11 17:34:33 - [MESSAGE][PASSED] - Call Test Case 'Test Cases/Final Aug 2018 - PKS Automation/Common/Reference Number Setter' successfully

2018-12-11 17:34:33 - [TEST_STEP][PASSED] - delay: Delayed 5 second(s)

2018-12-11 17:34:38 - [MESSAGE][PASSED] - Delayed 5 second(s)

2018-12-11 17:34:38 - [TEST_STEP][PASSED] - click: Object: 'Object Repository/Final Object Repo/Page_Update Add New Employee - ASSIST/Save  Continue Button' is clicked on

2018-12-11 17:34:39 - [MESSAGE][PASSED] - Object: 'Object Repository/Final Object Repo/Page_Update Add New Employee - ASSIST/Save  Continue Button' is clicked on

2018-12-11 17:34:39 - [TEST_STEP][PASSED] - delay: Delayed 5 second(s)

2018-12-11 17:34:44 - [MESSAGE][PASSED] - Delayed 5 second(s)

2018-12-11 17:34:44 - [TEST_STEP][PASSED] - click: Object: 'Object Repository/Final Object Repo/Page_Update Add New Employee - ASSIST/Save  Continue Third Screen' is clicked on

2018-12-11 17:34:46 - [MESSAGE][PASSED] - Object: 'Object Repository/Final Object Repo/Page_Update Add New Employee - ASSIST/Save  Continue Third Screen' is clicked on

2018-12-11 17:34:46 - [TEST_STEP][PASSED] - delay: Delayed 4 second(s)

2018-12-11 17:34:50 - [MESSAGE][PASSED] - Delayed 4 second(s)

2018-12-11 17:34:50 - [TEST_STEP][PASSED] - click: Object: 'Object Repository/Final Object Repo/Page_Update Add New Employee - ASSIST/Save   Continue Supporting Doc Page' is clicked on

2018-12-11 17:34:51 - [MESSAGE][PASSED] - Object: 'Object Repository/Final Object Repo/Page_Update Add New Employee - ASSIST/Save   Continue Supporting Doc Page' is clicked on

2018-12-11 17:34:51 - [TEST_STEP][PASSED] - delay: Delayed 4 second(s)

2018-12-11 17:34:55 - [MESSAGE][PASSED] - Delayed 4 second(s)

2018-12-11 17:34:55 - [TEST_STEP][PASSED] - click: Object: 'Object Repository/Final Object Repo/Page_Update Add New Employee - ASSIST/Submit Button' is clicked on

2018-12-11 17:34:55 - [MESSAGE][PASSED] - Object: 'Object Repository/Final Object Repo/Page_Update Add New Employee - ASSIST/Submit Button' is clicked on

2018-12-11 17:34:55 - [TEST_STEP][PASSED] - delay: Delayed 4 second(s)

2018-12-11 17:34:59 - [MESSAGE][PASSED] - Delayed 4 second(s)

2018-12-11 17:34:59 - [TEST_STEP][PASSED] - click: Object: 'Object Repository/Final Object Repo/Page_Update Add New Employee - ASSIST/Confirm Submit Button' is clicked on

2018-12-11 17:34:59 - [MESSAGE][PASSED] - Object: 'Object Repository/Final Object Repo/Page_Update Add New Employee - ASSIST/Confirm Submit Button' is clicked on

2018-12-11 17:34:59 - [TEST_STEP][PASSED] - delay: Delayed 30 second(s)

2018-12-11 17:35:29 - [MESSAGE][PASSED] - Delayed 30 second(s)

2018-12-11 17:35:29 - [TEST_STEP][PASSED] - callTestCase: Call Test Case 'Test Cases/Final Aug 2018 - PKS Automation/Common/Screenshoting tool' successfully

2018-12-11 17:35:29 - [TEST_CASE][PASSED] - Test Cases/Final Aug 2018 - PKS Automation/Common/Screenshoting tool: Test Cases/Final Aug 2018 - PKS Automation/Common/Screenshoting tool

2018-12-11 17:35:29 - [TEST_STEP][PASSED] - delay: Delayed 15 second(s)

2018-12-11 17:35:44 - [MESSAGE][PASSED] - Delayed 15 second(s)

2018-12-11 17:35:44 - [TEST_STEP][PASSED] - Statement - driver = com.kms.katalon.core.webui.driver.DriverFactory.getWebDriver(): null

2018-12-11 17:35:44 - [TEST_STEP][PASSED] - Statement - driver.manage().timeouts().implicitlyWait(10, SECONDS): null

2018-12-11 17:35:44 - [TEST_STEP][PASSED] - Statement - PresavePath = KatalonScreenshots: null

2018-12-11 17:35:44 - [TEST_STEP][PASSED] - Statement - pathPrefix = "C:\Users\Public\Pictures\Sample Pictures\Katalon Screenshots\Automate Ending Screen": null

2018-12-11 17:35:44 - [TEST_STEP][PASSED] - Statement - finalPath = <not implemented yet for class: org.codehaus.groovy.ast.expr.EmptyExpression>: null

2018-12-11 17:35:44 - [TEST_STEP][PASSED] - Statement - scrFile = driver.getScreenshotAs(FILE): null

2018-12-11 17:35:44 - [TEST_STEP][PASSED] - Statement - PreSaveFile = new java.io.File(PresavePath): null

2018-12-11 17:35:44 - [TEST_STEP][PASSED] - Statement - counter = 0: null

2018-12-11 17:35:44 - [TEST_STEP][PASSED] - Statement - If (PreSaveFile.exists()): null

2018-12-11 17:35:44 - [TEST_STEP][PASSED] - Statement - While (PreSaveFile.exists()): null

2018-12-11 17:35:44 - [TEST_STEP][PASSED] - Statement - counter = counter + 1: null

2018-12-11 17:35:44 - [TEST_STEP][PASSED] - Statement - PreSaveFile = new java.io.File(((pathPrefix + java.lang.Integer.toString(counter)) + .png)): null

2018-12-11 17:35:44 - [TEST_STEP][PASSED] - Statement - counter = counter + 1: null

2018-12-11 17:35:44 - [TEST_STEP][PASSED] - Statement - PreSaveFile = new java.io.File(((pathPrefix + java.lang.Integer.toString(counter)) + .png)): null

2018-12-11 17:35:44 - [TEST_STEP][PASSED] - Statement - counter = counter + 1: null

2018-12-11 17:35:44 - [TEST_STEP][PASSED] - Statement - PreSaveFile = new java.io.File(((pathPrefix + java.lang.Integer.toString(counter)) + .png)): null

2018-12-11 17:35:44 - [TEST_STEP][PASSED] - Statement - counter = counter + 1: null

2018-12-11 17:35:44 - [TEST_STEP][PASSED] - Statement - PreSaveFile = new java.io.File(((pathPrefix + java.lang.Integer.toString(counter)) + .png)): null

2018-12-11 17:35:44 - [TEST_STEP][PASSED] - Statement - counter = counter + 1: null

2018-12-11 17:35:44 - [TEST_STEP][PASSED] - Statement - PreSaveFile = new java.io.File(((pathPrefix + java.lang.Integer.toString(counter)) + .png)): null

2018-12-11 17:35:44 - [TEST_STEP][PASSED] - Statement - counter = counter + 1: null

2018-12-11 17:35:44 - [TEST_STEP][PASSED] - Statement - PreSaveFile = new java.io.File(((pathPrefix + java.lang.Integer.toString(counter)) + .png)): null

2018-12-11 17:35:44 - [TEST_STEP][PASSED] - Statement - counter = counter + 1: null

2018-12-11 17:35:44 - [TEST_STEP][PASSED] - Statement - PreSaveFile = new java.io.File(((pathPrefix + java.lang.Integer.toString(counter)) + .png)): null

2018-12-11 17:35:44 - [TEST_STEP][PASSED] - Statement - counter = counter + 1: null

2018-12-11 17:35:44 - [TEST_STEP][PASSED] - Statement - PreSaveFile = new java.io.File(((pathPrefix + java.lang.Integer.toString(counter)) + .png)): null

2018-12-11 17:35:44 - [TEST_STEP][PASSED] - Statement - counter = counter + 1: null

2018-12-11 17:35:44 - [TEST_STEP][PASSED] - Statement - PreSaveFile = new java.io.File(((pathPrefix + java.lang.Integer.toString(counter)) + .png)): null

2018-12-11 17:35:44 - [TEST_STEP][PASSED] - Statement - counter = counter + 1: null

2018-12-11 17:35:44 - [TEST_STEP][PASSED] - Statement - PreSaveFile = new java.io.File(((pathPrefix + java.lang.Integer.toString(counter)) + .png)): null

2018-12-11 17:35:44 - [TEST_STEP][PASSED] - Statement - counter = counter + 1: null

2018-12-11 17:35:44 - [TEST_STEP][PASSED] - Statement - PreSaveFile = new java.io.File(((pathPrefix + java.lang.Integer.toString(counter)) + .png)): null

2018-12-11 17:35:44 - [TEST_STEP][PASSED] - Statement - counter = counter + 1: null

2018-12-11 17:35:44 - [TEST_STEP][PASSED] - Statement - PreSaveFile = new java.io.File(((pathPrefix + java.lang.Integer.toString(counter)) + .png)): null

2018-12-11 17:35:44 - [TEST_STEP][PASSED] - Statement - counter = counter + 1: null

2018-12-11 17:35:44 - [TEST_STEP][PASSED] - Statement - PreSaveFile = new java.io.File(((pathPrefix + java.lang.Integer.toString(counter)) + .png)): null

2018-12-11 17:35:44 - [TEST_STEP][PASSED] - Statement - counter = counter + 1: null

2018-12-11 17:35:44 - [TEST_STEP][PASSED] - Statement - PreSaveFile = new java.io.File(((pathPrefix + java.lang.Integer.toString(counter)) + .png)): null

2018-12-11 17:35:44 - [TEST_STEP][PASSED] - Statement - counter = counter + 1: null

2018-12-11 17:35:44 - [TEST_STEP][PASSED] - Statement - PreSaveFile = new java.io.File(((pathPrefix + java.lang.Integer.toString(counter)) + .png)): null

2018-12-11 17:35:44 - [TEST_STEP][PASSED] - Statement - counter = counter + 1: null

2018-12-11 17:35:44 - [TEST_STEP][PASSED] - Statement - PreSaveFile = new java.io.File(((pathPrefix + java.lang.Integer.toString(counter)) + .png)): null

2018-12-11 17:35:44 - [TEST_STEP][PASSED] - Statement - counter = counter + 1: null

2018-12-11 17:35:44 - [TEST_STEP][PASSED] - Statement - PreSaveFile = new java.io.File(((pathPrefix + java.lang.Integer.toString(counter)) + .png)): null

2018-12-11 17:35:44 - [TEST_STEP][PASSED] - Statement - counter = counter + 1: null

2018-12-11 17:35:44 - [TEST_STEP][PASSED] - Statement - PreSaveFile = new java.io.File(((pathPrefix + java.lang.Integer.toString(counter)) + .png)): null

2018-12-11 17:35:44 - [TEST_STEP][PASSED] - Statement - counter = counter + 1: null

2018-12-11 17:35:44 - [TEST_STEP][PASSED] - Statement - PreSaveFile = new java.io.File(((pathPrefix + java.lang.Integer.toString(counter)) + .png)): null

2018-12-11 17:35:44 - [TEST_STEP][PASSED] - Statement - counter = counter + 1: null

2018-12-11 17:35:44 - [TEST_STEP][PASSED] - Statement - PreSaveFile = new java.io.File(((pathPrefix + java.lang.Integer.toString(counter)) + .png)): null

2018-12-11 17:35:44 - [TEST_STEP][PASSED] - Statement - counter = counter + 1: null

2018-12-11 17:35:44 - [TEST_STEP][PASSED] - Statement - PreSaveFile = new java.io.File(((pathPrefix + java.lang.Integer.toString(counter)) + .png)): null

2018-12-11 17:35:44 - [TEST_STEP][PASSED] - Statement - counter = counter + 1: null

2018-12-11 17:35:44 - [TEST_STEP][PASSED] - Statement - PreSaveFile = new java.io.File(((pathPrefix + java.lang.Integer.toString(counter)) + .png)): null

2018-12-11 17:35:44 - [TEST_STEP][PASSED] - Statement - counter = counter + 1: null

2018-12-11 17:35:44 - [TEST_STEP][PASSED] - Statement - PreSaveFile = new java.io.File(((pathPrefix + java.lang.Integer.toString(counter)) + .png)): null

2018-12-11 17:35:44 - [TEST_STEP][PASSED] - Statement - counter = counter + 1: null

2018-12-11 17:35:44 - [TEST_STEP][PASSED] - Statement - PreSaveFile = new java.io.File(((pathPrefix + java.lang.Integer.toString(counter)) + .png)): null

2018-12-11 17:35:44 - [TEST_STEP][PASSED] - Statement - counter = counter + 1: null

2018-12-11 17:35:44 - [TEST_STEP][PASSED] - Statement - PreSaveFile = new java.io.File(((pathPrefix + java.lang.Integer.toString(counter)) + .png)): null

2018-12-11 17:35:44 - [TEST_STEP][PASSED] - Statement - counter = counter + 1: null

2018-12-11 17:35:44 - [TEST_STEP][PASSED] - Statement - PreSaveFile = new java.io.File(((pathPrefix + java.lang.Integer.toString(counter)) + .png)): null

2018-12-11 17:35:44 - [TEST_STEP][PASSED] - Statement - counter = counter + 1: null

2018-12-11 17:35:44 - [TEST_STEP][PASSED] - Statement - PreSaveFile = new java.io.File(((pathPrefix + java.lang.Integer.toString(counter)) + .png)): null

2018-12-11 17:35:44 - [TEST_STEP][PASSED] - Statement - counter = counter + 1: null

2018-12-11 17:35:44 - [TEST_STEP][PASSED] - Statement - PreSaveFile = new java.io.File(((pathPrefix + java.lang.Integer.toString(counter)) + .png)): null

2018-12-11 17:35:44 - [TEST_STEP][PASSED] - Statement - counter = counter + 1: null

2018-12-11 17:35:44 - [TEST_STEP][PASSED] - Statement - PreSaveFile = new java.io.File(((pathPrefix + java.lang.Integer.toString(counter)) + .png)): null

2018-12-11 17:35:44 - [TEST_STEP][PASSED] - Statement - counter = counter + 1: null

2018-12-11 17:35:44 - [TEST_STEP][PASSED] - Statement - PreSaveFile = new java.io.File(((pathPrefix + java.lang.Integer.toString(counter)) + .png)): null

2018-12-11 17:35:44 - [TEST_STEP][PASSED] - Statement - counter = counter + 1: null

2018-12-11 17:35:44 - [TEST_STEP][PASSED] - Statement - PreSaveFile = new java.io.File(((pathPrefix + java.lang.Integer.toString(counter)) + .png)): null

2018-12-11 17:35:44 - [TEST_STEP][PASSED] - Statement - counter = counter + 1: null

2018-12-11 17:35:44 - [TEST_STEP][PASSED] - Statement - PreSaveFile = new java.io.File(((pathPrefix + java.lang.Integer.toString(counter)) + .png)): null

2018-12-11 17:35:44 - [TEST_STEP][PASSED] - Statement - counter = counter + 1: null

2018-12-11 17:35:44 - [TEST_STEP][PASSED] - Statement - PreSaveFile = new java.io.File(((pathPrefix + java.lang.Integer.toString(counter)) + .png)): null

2018-12-11 17:35:44 - [TEST_STEP][PASSED] - Statement - counter = counter + 1: null

2018-12-11 17:35:44 - [TEST_STEP][PASSED] - Statement - PreSaveFile = new java.io.File(((pathPrefix + java.lang.Integer.toString(counter)) + .png)): null

2018-12-11 17:35:44 - [TEST_STEP][PASSED] - Statement - counter = counter + 1: null

2018-12-11 17:35:44 - [TEST_STEP][PASSED] - Statement - PreSaveFile = new java.io.File(((pathPrefix + java.lang.Integer.toString(counter)) + .png)): null

2018-12-11 17:35:44 - [TEST_STEP][PASSED] - Statement - counter = counter + 1: null

2018-12-11 17:35:44 - [TEST_STEP][PASSED] - Statement - PreSaveFile = new java.io.File(((pathPrefix + java.lang.Integer.toString(counter)) + .png)): null

2018-12-11 17:35:44 - [TEST_STEP][PASSED] - Statement - counter = counter + 1: null

2018-12-11 17:35:44 - [TEST_STEP][PASSED] - Statement - PreSaveFile = new java.io.File(((pathPrefix + java.lang.Integer.toString(counter)) + .png)): null

2018-12-11 17:35:44 - [TEST_STEP][PASSED] - Statement - counter = counter + 1: null

2018-12-11 17:35:44 - [TEST_STEP][PASSED] - Statement - PreSaveFile = new java.io.File(((pathPrefix + java.lang.Integer.toString(counter)) + .png)): null

2018-12-11 17:35:44 - [TEST_STEP][PASSED] - Statement - counter = counter + 1: null

2018-12-11 17:35:44 - [TEST_STEP][PASSED] - Statement - PreSaveFile = new java.io.File(((pathPrefix + java.lang.Integer.toString(counter)) + .png)): null

2018-12-11 17:35:44 - [TEST_STEP][PASSED] - Statement - counter = counter + 1: null

2018-12-11 17:35:44 - [TEST_STEP][PASSED] - Statement - PreSaveFile = new java.io.File(((pathPrefix + java.lang.Integer.toString(counter)) + .png)): null

2018-12-11 17:35:44 - [TEST_STEP][PASSED] - Statement - counter = counter + 1: null

2018-12-11 17:35:44 - [TEST_STEP][PASSED] - Statement - PreSaveFile = new java.io.File(((pathPrefix + java.lang.Integer.toString(counter)) + .png)): null

2018-12-11 17:35:44 - [TEST_STEP][PASSED] - Statement - counter = counter + 1: null

2018-12-11 17:35:44 - [TEST_STEP][PASSED] - Statement - PreSaveFile = new java.io.File(((pathPrefix + java.lang.Integer.toString(counter)) + .png)): null

2018-12-11 17:35:44 - [TEST_STEP][PASSED] - Statement - counter = counter + 1: null

2018-12-11 17:35:44 - [TEST_STEP][PASSED] - Statement - PreSaveFile = new java.io.File(((pathPrefix + java.lang.Integer.toString(counter)) + .png)): null

2018-12-11 17:35:44 - [TEST_STEP][PASSED] - Statement - counter = counter + 1: null

2018-12-11 17:35:44 - [TEST_STEP][PASSED] - Statement - PreSaveFile = new java.io.File(((pathPrefix + java.lang.Integer.toString(counter)) + .png)): null

2018-12-11 17:35:44 - [TEST_STEP][PASSED] - Statement - counter = counter + 1: null

2018-12-11 17:35:44 - [TEST_STEP][PASSED] - Statement - PreSaveFile = new java.io.File(((pathPrefix + java.lang.Integer.toString(counter)) + .png)): null

2018-12-11 17:35:44 - [TEST_STEP][PASSED] - Statement - counter = counter + 1: null

2018-12-11 17:35:44 - [TEST_STEP][PASSED] - Statement - PreSaveFile = new java.io.File(((pathPrefix + java.lang.Integer.toString(counter)) + .png)): null

2018-12-11 17:35:44 - [TEST_STEP][PASSED] - Statement - counter = counter + 1: null

2018-12-11 17:35:44 - [TEST_STEP][PASSED] - Statement - PreSaveFile = new java.io.File(((pathPrefix + java.lang.Integer.toString(counter)) + .png)): null

2018-12-11 17:35:44 - [TEST_STEP][PASSED] - Statement - counter = counter + 1: null

2018-12-11 17:35:44 - [TEST_STEP][PASSED] - Statement - PreSaveFile = new java.io.File(((pathPrefix + java.lang.Integer.toString(counter)) + .png)): null

2018-12-11 17:35:44 - [TEST_STEP][PASSED] - Statement - counter = counter + 1: null

2018-12-11 17:35:44 - [TEST_STEP][PASSED] - Statement - PreSaveFile = new java.io.File(((pathPrefix + java.lang.Integer.toString(counter)) + .png)): null

2018-12-11 17:35:44 - [TEST_STEP][PASSED] - Statement - counter = counter + 1: null

2018-12-11 17:35:44 - [TEST_STEP][PASSED] - Statement - PreSaveFile = new java.io.File(((pathPrefix + java.lang.Integer.toString(counter)) + .png)): null

2018-12-11 17:35:44 - [TEST_STEP][PASSED] - Statement - counter = counter + 1: null

2018-12-11 17:35:44 - [TEST_STEP][PASSED] - Statement - PreSaveFile = new java.io.File(((pathPrefix + java.lang.Integer.toString(counter)) + .png)): null

2018-12-11 17:35:44 - [TEST_STEP][PASSED] - Statement - counter = counter + 1: null

2018-12-11 17:35:44 - [TEST_STEP][PASSED] - Statement - PreSaveFile = new java.io.File(((pathPrefix + java.lang.Integer.toString(counter)) + .png)): null

2018-12-11 17:35:44 - [TEST_STEP][PASSED] - Statement - counter = counter + 1: null

2018-12-11 17:35:44 - [TEST_STEP][PASSED] - Statement - PreSaveFile = new java.io.File(((pathPrefix + java.lang.Integer.toString(counter)) + .png)): null

2018-12-11 17:35:44 - [TEST_STEP][PASSED] - Statement - counter = counter + 1: null

2018-12-11 17:35:44 - [TEST_STEP][PASSED] - Statement - PreSaveFile = new java.io.File(((pathPrefix + java.lang.Integer.toString(counter)) + .png)): null

2018-12-11 17:35:44 - [TEST_STEP][PASSED] - Statement - counter = counter + 1: null

2018-12-11 17:35:44 - [TEST_STEP][PASSED] - Statement - PreSaveFile = new java.io.File(((pathPrefix + java.lang.Integer.toString(counter)) + .png)): null

2018-12-11 17:35:44 - [TEST_STEP][PASSED] - Statement - counter = counter + 1: null

2018-12-11 17:35:44 - [TEST_STEP][PASSED] - Statement - PreSaveFile = new java.io.File(((pathPrefix + java.lang.Integer.toString(counter)) + .png)): null

2018-12-11 17:35:44 - [TEST_STEP][PASSED] - Statement - counter = counter + 1: null

2018-12-11 17:35:44 - [TEST_STEP][PASSED] - Statement - PreSaveFile = new java.io.File(((pathPrefix + java.lang.Integer.toString(counter)) + .png)): null

2018-12-11 17:35:44 - [TEST_STEP][PASSED] - Statement - counter = counter + 1: null

2018-12-11 17:35:44 - [TEST_STEP][PASSED] - Statement - PreSaveFile = new java.io.File(((pathPrefix + java.lang.Integer.toString(counter)) + .png)): null

2018-12-11 17:35:44 - [TEST_STEP][PASSED] - Statement - counter = counter + 1: null

2018-12-11 17:35:44 - [TEST_STEP][PASSED] - Statement - PreSaveFile = new java.io.File(((pathPrefix + java.lang.Integer.toString(counter)) + .png)): null

2018-12-11 17:35:44 - [TEST_STEP][PASSED] - Statement - counter = counter + 1: null

2018-12-11 17:35:44 - [TEST_STEP][PASSED] - Statement - PreSaveFile = new java.io.File(((pathPrefix + java.lang.Integer.toString(counter)) + .png)): null

2018-12-11 17:35:44 - [TEST_STEP][PASSED] - Statement - counter = counter + 1: null

2018-12-11 17:35:44 - [TEST_STEP][PASSED] - Statement - PreSaveFile = new java.io.File(((pathPrefix + java.lang.Integer.toString(counter)) + .png)): null

2018-12-11 17:35:44 - [TEST_STEP][PASSED] - Statement - counter = counter + 1: null

2018-12-11 17:35:44 - [TEST_STEP][PASSED] - Statement - PreSaveFile = new java.io.File(((pathPrefix + java.lang.Integer.toString(counter)) + .png)): null

2018-12-11 17:35:44 - [TEST_STEP][PASSED] - Statement - counter = counter + 1: null

2018-12-11 17:35:45 - [TEST_STEP][PASSED] - Statement - PreSaveFile = new java.io.File(((pathPrefix + java.lang.Integer.toString(counter)) + .png)): null

2018-12-11 17:35:45 - [TEST_STEP][PASSED] - Statement - counter = counter + 1: null

2018-12-11 17:35:45 - [TEST_STEP][PASSED] - Statement - PreSaveFile = new java.io.File(((pathPrefix + java.lang.Integer.toString(counter)) + .png)): null

2018-12-11 17:35:45 - [TEST_STEP][PASSED] - Statement - counter = counter + 1: null

2018-12-11 17:35:45 - [TEST_STEP][PASSED] - Statement - PreSaveFile = new java.io.File(((pathPrefix + java.lang.Integer.toString(counter)) + .png)): null

2018-12-11 17:35:45 - [TEST_STEP][PASSED] - Statement - counter = counter + 1: null

2018-12-11 17:35:45 - [TEST_STEP][PASSED] - Statement - PreSaveFile = new java.io.File(((pathPrefix + java.lang.Integer.toString(counter)) + .png)): null

2018-12-11 17:35:45 - [TEST_STEP][PASSED] - Statement - counter = counter + 1: null

2018-12-11 17:35:45 - [TEST_STEP][PASSED] - Statement - PreSaveFile = new java.io.File(((pathPrefix + java.lang.Integer.toString(counter)) + .png)): null

2018-12-11 17:35:45 - [TEST_STEP][PASSED] - Statement - counter = counter + 1: null

2018-12-11 17:35:45 - [TEST_STEP][PASSED] - Statement - PreSaveFile = new java.io.File(((pathPrefix + java.lang.Integer.toString(counter)) + .png)): null

2018-12-11 17:35:45 - [TEST_STEP][PASSED] - Statement - counter = counter + 1: null

2018-12-11 17:35:45 - [TEST_STEP][PASSED] - Statement - PreSaveFile = new java.io.File(((pathPrefix + java.lang.Integer.toString(counter)) + .png)): null

2018-12-11 17:35:45 - [TEST_STEP][PASSED] - Statement - counter = counter + 1: null

2018-12-11 17:35:45 - [TEST_STEP][PASSED] - Statement - PreSaveFile = new java.io.File(((pathPrefix + java.lang.Integer.toString(counter)) + .png)): null

2018-12-11 17:35:45 - [TEST_STEP][PASSED] - Statement - counter = counter + 1: null

2018-12-11 17:35:45 - [TEST_STEP][PASSED] - Statement - PreSaveFile = new java.io.File(((pathPrefix + java.lang.Integer.toString(counter)) + .png)): null

2018-12-11 17:35:45 - [TEST_STEP][PASSED] - Statement - counter = counter + 1: null

2018-12-11 17:35:45 - [TEST_STEP][PASSED] - Statement - PreSaveFile = new java.io.File(((pathPrefix + java.lang.Integer.toString(counter)) + .png)): null

2018-12-11 17:35:45 - [TEST_STEP][PASSED] - Statement - counter = counter + 1: null

2018-12-11 17:35:45 - [TEST_STEP][PASSED] - Statement - PreSaveFile = new java.io.File(((pathPrefix + java.lang.Integer.toString(counter)) + .png)): null

2018-12-11 17:35:45 - [TEST_STEP][PASSED] - Statement - counter = counter + 1: null

2018-12-11 17:35:45 - [TEST_STEP][PASSED] - Statement - PreSaveFile = new java.io.File(((pathPrefix + java.lang.Integer.toString(counter)) + .png)): null

2018-12-11 17:35:45 - [TEST_STEP][PASSED] - Statement - counter = counter + 1: null

2018-12-11 17:35:45 - [TEST_STEP][PASSED] - Statement - PreSaveFile = new java.io.File(((pathPrefix + java.lang.Integer.toString(counter)) + .png)): null

2018-12-11 17:35:45 - [TEST_STEP][PASSED] - Statement - counter = counter + 1: null

2018-12-11 17:35:45 - [TEST_STEP][PASSED] - Statement - PreSaveFile = new java.io.File(((pathPrefix + java.lang.Integer.toString(counter)) + .png)): null

2018-12-11 17:35:45 - [TEST_STEP][PASSED] - Statement - counter = counter + 1: null

2018-12-11 17:35:45 - [TEST_STEP][PASSED] - Statement - PreSaveFile = new java.io.File(((pathPrefix + java.lang.Integer.toString(counter)) + .png)): null

2018-12-11 17:35:45 - [TEST_STEP][PASSED] - Statement - counter = counter + 1: null

2018-12-11 17:35:45 - [TEST_STEP][PASSED] - Statement - PreSaveFile = new java.io.File(((pathPrefix + java.lang.Integer.toString(counter)) + .png)): null

2018-12-11 17:35:45 - [TEST_STEP][PASSED] - Statement - counter = counter + 1: null

2018-12-11 17:35:45 - [TEST_STEP][PASSED] - Statement - PreSaveFile = new java.io.File(((pathPrefix + java.lang.Integer.toString(counter)) + .png)): null

2018-12-11 17:35:45 - [TEST_STEP][PASSED] - Statement - counter = counter + 1: null

2018-12-11 17:35:45 - [TEST_STEP][PASSED] - Statement - PreSaveFile = new java.io.File(((pathPrefix + java.lang.Integer.toString(counter)) + .png)): null

2018-12-11 17:35:45 - [TEST_STEP][PASSED] - Statement - counter = counter + 1: null

2018-12-11 17:35:45 - [TEST_STEP][PASSED] - Statement - PreSaveFile = new java.io.File(((pathPrefix + java.lang.Integer.toString(counter)) + .png)): null

2018-12-11 17:35:45 - [TEST_STEP][PASSED] - Statement - counter = counter + 1: null

2018-12-11 17:35:45 - [TEST_STEP][PASSED] - Statement - PreSaveFile = new java.io.File(((pathPrefix + java.lang.Integer.toString(counter)) + .png)): null

2018-12-11 17:35:45 - [TEST_STEP][PASSED] - Statement - counter = counter + 1: null

2018-12-11 17:35:45 - [TEST_STEP][PASSED] - Statement - PreSaveFile = new java.io.File(((pathPrefix + java.lang.Integer.toString(counter)) + .png)): null

2018-12-11 17:35:45 - [TEST_STEP][PASSED] - Statement - counter = counter + 1: null

2018-12-11 17:35:45 - [TEST_STEP][PASSED] - Statement - PreSaveFile = new java.io.File(((pathPrefix + java.lang.Integer.toString(counter)) + .png)): null

2018-12-11 17:35:45 - [TEST_STEP][PASSED] - Statement - counter = counter + 1: null

2018-12-11 17:35:45 - [TEST_STEP][PASSED] - Statement - PreSaveFile = new java.io.File(((pathPrefix + java.lang.Integer.toString(counter)) + .png)): null

2018-12-11 17:35:45 - [TEST_STEP][PASSED] - Statement - counter = counter + 1: null

2018-12-11 17:35:45 - [TEST_STEP][PASSED] - Statement - PreSaveFile = new java.io.File(((pathPrefix + java.lang.Integer.toString(counter)) + .png)): null

2018-12-11 17:35:45 - [TEST_STEP][PASSED] - Statement - counter = counter + 1: null

2018-12-11 17:35:45 - [TEST_STEP][PASSED] - Statement - PreSaveFile = new java.io.File(((pathPrefix + java.lang.Integer.toString(counter)) + .png)): null

2018-12-11 17:35:45 - [TEST_STEP][PASSED] - Statement - counter = counter + 1: null

2018-12-11 17:35:45 - [TEST_STEP][PASSED] - Statement - PreSaveFile = new java.io.File(((pathPrefix + java.lang.Integer.toString(counter)) + .png)): null

2018-12-11 17:35:45 - [TEST_STEP][PASSED] - Statement - counter = counter + 1: null

2018-12-11 17:35:45 - [TEST_STEP][PASSED] - Statement - PreSaveFile = new java.io.File(((pathPrefix + java.lang.Integer.toString(counter)) + .png)): null

2018-12-11 17:35:45 - [TEST_STEP][PASSED] - Statement - counter = counter + 1: null

2018-12-11 17:35:45 - [TEST_STEP][PASSED] - Statement - PreSaveFile = new java.io.File(((pathPrefix + java.lang.Integer.toString(counter)) + .png)): null

2018-12-11 17:35:45 - [TEST_STEP][PASSED] - Statement - counter = counter + 1: null

2018-12-11 17:35:45 - [TEST_STEP][PASSED] - Statement - PreSaveFile = new java.io.File(((pathPrefix + java.lang.Integer.toString(counter)) + .png)): null

2018-12-11 17:35:45 - [TEST_STEP][PASSED] - Statement - counter = counter + 1: null

2018-12-11 17:35:45 - [TEST_STEP][PASSED] - Statement - PreSaveFile = new java.io.File(((pathPrefix + java.lang.Integer.toString(counter)) + .png)): null

2018-12-11 17:35:45 - [TEST_STEP][PASSED] - Statement - counter = counter + 1: null

2018-12-11 17:35:45 - [TEST_STEP][PASSED] - Statement - PreSaveFile = new java.io.File(((pathPrefix + java.lang.Integer.toString(counter)) + .png)): null

2018-12-11 17:35:45 - [TEST_STEP][PASSED] - Statement - counter = counter + 1: null

2018-12-11 17:35:45 - [TEST_STEP][PASSED] - Statement - PreSaveFile = new java.io.File(((pathPrefix + java.lang.Integer.toString(counter)) + .png)): null

2018-12-11 17:35:45 - [TEST_STEP][PASSED] - Statement - counter = counter + 1: null

2018-12-11 17:35:45 - [TEST_STEP][PASSED] - Statement - PreSaveFile = new java.io.File(((pathPrefix + java.lang.Integer.toString(counter)) + .png)): null

2018-12-11 17:35:45 - [TEST_STEP][PASSED] - Statement - counter = counter + 1: null

2018-12-11 17:35:45 - [TEST_STEP][PASSED] - Statement - PreSaveFile = new java.io.File(((pathPrefix + java.lang.Integer.toString(counter)) + .png)): null

2018-12-11 17:35:45 - [TEST_STEP][PASSED] - Statement - counter = counter + 1: null

2018-12-11 17:35:45 - [TEST_STEP][PASSED] - Statement - PreSaveFile = new java.io.File(((pathPrefix + java.lang.Integer.toString(counter)) + .png)): null

2018-12-11 17:35:45 - [TEST_STEP][PASSED] - Statement - counter = counter + 1: null

2018-12-11 17:35:45 - [TEST_STEP][PASSED] - Statement - PreSaveFile = new java.io.File(((pathPrefix + java.lang.Integer.toString(counter)) + .png)): null

2018-12-11 17:35:45 - [TEST_STEP][PASSED] - Statement - counter = counter + 1: null

2018-12-11 17:35:45 - [TEST_STEP][PASSED] - Statement - PreSaveFile = new java.io.File(((pathPrefix + java.lang.Integer.toString(counter)) + .png)): null

2018-12-11 17:35:45 - [TEST_STEP][PASSED] - Statement - finalPath = pathPrefix + java.lang.Integer.toString(counter) + ".png": null

2018-12-11 17:35:45 - [TEST_STEP][PASSED] - Statement - SaveFile = new java.io.File(finalPath): null

2018-12-11 17:35:45 - [TEST_STEP][PASSED] - Statement - Try: null

2018-12-11 17:35:45 - [TEST_STEP][PASSED] - Statement - org.apache.commons.io.FileUtils.copyFile(scrFile, SaveFile): null

2018-12-11 17:35:45 - [TEST_STEP][PASSED] - Statement - out.println("file kept"): null

2018-12-11 17:35:45 - [TEST_STEP][PASSED] - delay: Delayed 10 second(s)

2018-12-11 17:35:55 - [MESSAGE][PASSED] - Delayed 10 second(s)

2018-12-11 17:35:55 - [MESSAGE][PASSED] - Call Test Case 'Test Cases/Final Aug 2018 - PKS Automation/Common/Screenshoting tool' successfully

2018-12-11 17:35:55 - [TEST_STEP][PASSED] - callTestCase: Call Test Case 'Test Cases/Final Aug 2018 - PKS Automation/Registration Module/Log Out/log out avoiding katalon tagging' successfully

2018-12-11 17:35:55 - [TEST_CASE][PASSED] - Test Cases/Final Aug 2018 - PKS Automation/Registration Module/Log Out/log out avoiding katalon tagging: Test Cases/Final Aug 2018 - PKS Automation/Registration Module/Log Out/log out avoiding katalon tagging

2018-12-11 17:35:55 - [TEST_STEP][PASSED] - navigateToUrl: Navigate to 'https://assist2-uat.perkeso.gov.my/c/portal/logout' successfully

2018-12-11 17:35:55 - [MESSAGE][PASSED] - Navigate to 'https://assist2-uat.perkeso.gov.my/c/portal/logout' successfully

2018-12-11 17:35:55 - [MESSAGE][PASSED] - Call Test Case 'Test Cases/Final Aug 2018 - PKS Automation/Registration Module/Log Out/log out avoiding katalon tagging' successfully

2018-12-11 17:35:55 - [TEST_STEP][PASSED] - callTestCase: Call Test Case 'Test Cases/Final Aug 2018 - PKS Automation/Common/Workflow Owner Finder' successfully

2018-12-11 17:35:56 - [TEST_CASE][PASSED] - Test Cases/Final Aug 2018 - PKS Automation/Common/Workflow Owner Finder: Test Cases/Final Aug 2018 - PKS Automation/Common/Workflow Owner Finder

2018-12-11 17:35:56 - [TEST_STEP][PASSED] - openBrowser: Browser is opened with url: ''

2018-12-11 17:35:56 - [MESSAGE][WARNING] - A browser is already opened. Closing browser and opening a new one

2018-12-11 17:35:59 - [MESSAGE][PASSED] - Browser is opened with url: ''

2018-12-11 17:35:59 - [TEST_STEP][PASSED] - navigateToUrl: Navigate to 'https://assist2-uat.perkeso.gov.my/login' successfully

2018-12-11 17:36:00 - [MESSAGE][PASSED] - Navigate to 'https://assist2-uat.perkeso.gov.my/login' successfully

2018-12-11 17:36:00 - [TEST_STEP][PASSED] - delay: Delayed 5 second(s)

2018-12-11 17:36:05 - [MESSAGE][PASSED] - Delayed 5 second(s)

2018-12-11 17:36:05 - [TEST_STEP][PASSED] - setText: Text 'test@liferay.com' is set on object 'Object Repository/Final Object Repo/Login Page/Internal User/Email Address'

2018-12-11 17:36:06 - [MESSAGE][PASSED] - Text 'test@liferay.com' is set on object 'Object Repository/Final Object Repo/Login Page/Internal User/Email Address'

2018-12-11 17:36:06 - [TEST_STEP][PASSED] - click: Object: 'Object Repository/Final Object Repo/Login Page/Internal User/Next Button' is clicked on

2018-12-11 17:36:06 - [MESSAGE][PASSED] - Object: 'Object Repository/Final Object Repo/Login Page/Internal User/Next Button' is clicked on

2018-12-11 17:36:06 - [TEST_STEP][PASSED] - delay: Delayed 2 second(s)

2018-12-11 17:36:08 - [MESSAGE][PASSED] - Delayed 2 second(s)

2018-12-11 17:36:08 - [TEST_STEP][PASSED] - setText: Text 'test' is set on object 'Object Repository/Final Object Repo/Login Page/Internal User/Password'

2018-12-11 17:36:08 - [MESSAGE][PASSED] - Text 'test' is set on object 'Object Repository/Final Object Repo/Login Page/Internal User/Password'

2018-12-11 17:36:08 - [TEST_STEP][PASSED] - delay: Delayed 2 second(s)

2018-12-11 17:36:10 - [MESSAGE][PASSED] - Delayed 2 second(s)

2018-12-11 17:36:10 - [TEST_STEP][PASSED] - click: Object: 'Object Repository/Final Object Repo/Login Page/Internal User/Login Button' is clicked on

2018-12-11 17:36:10 - [MESSAGE][PASSED] - Object: 'Object Repository/Final Object Repo/Login Page/Internal User/Login Button' is clicked on

2018-12-11 17:36:10 - [TEST_STEP][PASSED] - Statement - tester = com.kms.katalon.core.testobject.ObjectRepository.findTestObject(Final Object Repo/Landing Page/Select to English): Finding Test Object with id 'Object Repository/Final Object Repo/Landing Page/Select to English'

2018-12-11 17:36:10 - [TEST_STEP][PASSED] - Statement - Try: Delayed 2 second(s)

2018-12-11 17:36:10 - [TEST_STEP][PASSED] - Statement - Checker = com.kms.katalon.core.webui.keyword.WebUiBuiltInKeywords.verifyElementNotPresent(tester, 3): Web element with id: 'Object Repository/Final Object Repo/Landing Page/Select to English' located by 'By.xpath: //a[@class = 'taglib-language-list-text' and @lang = 'en-US' and (contains(text(), 'EN') or contains(., 'EN'))]' is not present after '3' second(s)

2018-12-11 17:36:12 - [MESSAGE][PASSED] - Web element with id: 'Object Repository/Final Object Repo/Landing Page/Select to English' located by 'By.xpath: //a[@class = 'taglib-language-list-text' and @lang = 'en-US' and (contains(text(), 'EN') or contains(., 'EN'))]' is not present after '3' second(s)

2018-12-11 17:36:12 - [TEST_STEP][PASSED] - Statement - If (Checker == false): null

2018-12-11 17:36:12 - [TEST_STEP][PASSED] - delay: Delayed 2 second(s)

2018-12-11 17:36:14 - [MESSAGE][PASSED] - Delayed 2 second(s)

2018-12-11 17:36:14 - [TEST_STEP][PASSED] - delay: Delayed 5 second(s)

2018-12-11 17:36:19 - [MESSAGE][PASSED] - Delayed 5 second(s)

2018-12-11 17:36:19 - [TEST_STEP][PASSED] - mouseOver: Object: 'Object Repository/Final Object Repo/Landing Page/WorkFlow Menu' is hovered

2018-12-11 17:36:20 - [MESSAGE][PASSED] - Object: 'Object Repository/Final Object Repo/Landing Page/WorkFlow Menu' is hovered

2018-12-11 17:36:20 - [TEST_STEP][PASSED] - delay: Delayed 2 second(s)

2018-12-11 17:36:22 - [MESSAGE][PASSED] - Delayed 2 second(s)

2018-12-11 17:36:22 - [TEST_STEP][PASSED] - click: Object: 'Object Repository/Final Object Repo/Landing Page/Select to Workflow Listing' is clicked on

2018-12-11 17:36:23 - [MESSAGE][PASSED] - Object: 'Object Repository/Final Object Repo/Landing Page/Select to Workflow Listing' is clicked on

2018-12-11 17:36:23 - [TEST_STEP][PASSED] - delay: Delayed 2 second(s)

2018-12-11 17:36:25 - [MESSAGE][PASSED] - Delayed 2 second(s)

2018-12-11 17:36:25 - [TEST_STEP][PASSED] - click: Object: 'Object Repository/Final Object Repo/WorkFlow Listing Page/Search Information - To Put Ref No' is clicked on

2018-12-11 17:36:25 - [MESSAGE][PASSED] - Object: 'Object Repository/Final Object Repo/WorkFlow Listing Page/Search Information - To Put Ref No' is clicked on

2018-12-11 17:36:25 - [TEST_STEP][PASSED] - delay: Delayed 2 second(s)

2018-12-11 17:36:27 - [MESSAGE][PASSED] - Delayed 2 second(s)

2018-12-11 17:36:27 - [TEST_STEP][PASSED] - callTestCase: Call Test Case 'Test Cases/Final Aug 2018 - PKS Automation/Common/Reference Number Getter' successfully

2018-12-11 17:36:27 - [TEST_CASE][PASSED] - Test Cases/Final Aug 2018 - PKS Automation/Common/Reference Number Getter: Test Cases/Final Aug 2018 - PKS Automation/Common/Reference Number Getter

2018-12-11 17:36:27 - [TEST_STEP][PASSED] - Statement - Try: null

2018-12-11 17:36:27 - [TEST_STEP][PASSED] - Statement - RefNo = new java.io.File(C://Users//Admin//Desktop//PKS//Automation Reference Point//KatalonReference.txt): null

2018-12-11 17:36:27 - [TEST_STEP][PASSED] - Statement - bufferread = new java.io.BufferedReader(new java.io.FileReader(RefNo)): null

2018-12-11 17:36:27 - [TEST_STEP][PASSED] - Statement - readedVal = bufferread.readLine(): null

2018-12-11 17:36:27 - [TEST_STEP][PASSED] - Statement - out.println(CaseReferenceNo): null

2018-12-11 17:36:27 - [TEST_STEP][PASSED] - Statement - out.println(readedVal): null

2018-12-11 17:36:27 - [TEST_STEP][PASSED] - Statement - CaseReferenceNo = "": null

2018-12-11 17:36:27 - [TEST_STEP][PASSED] - Statement - CaseReferenceNo = readedVal: null

2018-12-11 17:36:27 - [MESSAGE][PASSED] - Call Test Case 'Test Cases/Final Aug 2018 - PKS Automation/Common/Reference Number Getter' successfully

2018-12-11 17:36:27 - [TEST_STEP][PASSED] - setText: Text 'CAN12201800002307' is set on object 'Object Repository/Final Object Repo/WorkFlow Listing Page/Ref No Set Text'

2018-12-11 17:36:27 - [MESSAGE][PASSED] - Text 'CAN12201800002307' is set on object 'Object Repository/Final Object Repo/WorkFlow Listing Page/Ref No Set Text'

2018-12-11 17:36:27 - [TEST_STEP][PASSED] - delay: Delayed 2 second(s)

2018-12-11 17:36:29 - [MESSAGE][PASSED] - Delayed 2 second(s)

2018-12-11 17:36:29 - [TEST_STEP][PASSED] - click: Object: 'Object Repository/Final Object Repo/WorkFlow Listing Page/Search Ref No Search Button' is clicked on

2018-12-11 17:36:30 - [MESSAGE][PASSED] - Object: 'Object Repository/Final Object Repo/WorkFlow Listing Page/Search Ref No Search Button' is clicked on

2018-12-11 17:36:30 - [TEST_STEP][PASSED] - delay: Delayed 6 second(s)

2018-12-11 17:36:36 - [MESSAGE][PASSED] - Delayed 6 second(s)

2018-12-11 17:36:36 - [TEST_STEP][PASSED] - click: Object: 'Object Repository/Final Object Repo/WorkFlow Listing Page/Click Continue Tooltip' is clicked on

2018-12-11 17:36:36 - [MESSAGE][PASSED] - Object: 'Object Repository/Final Object Repo/WorkFlow Listing Page/Click Continue Tooltip' is clicked on

2018-12-11 17:36:36 - [TEST_STEP][PASSED] - delay: Delayed 5 second(s)

2018-12-11 17:36:41 - [MESSAGE][PASSED] - Delayed 5 second(s)

2018-12-11 17:36:41 - [TEST_STEP][PASSED] - doubleClick: Object: 'Object Repository/Final Object Repo/WorkFlow Listing Page/Workflow Found - Listing 1' is double clicked on

2018-12-11 17:36:42 - [MESSAGE][PASSED] - Object: 'Object Repository/Final Object Repo/WorkFlow Listing Page/Workflow Found - Listing 1' is double clicked on

2018-12-11 17:36:42 - [TEST_STEP][PASSED] - Statement - println(OwnerID): null

2018-12-11 17:36:42 - [TEST_STEP][PASSED] - Statement - OwnerID = com.kms.katalon.core.webui.keyword.WebUiBuiltInKeywords.getText(com.kms.katalon.core.testobject.ObjectRepository.findTestObject(Final Object Repo/WorkFlow Listing Page/Workflow Found - Listing 1), STOP_ON_FAILURE): Text of object 'Object Repository/Final Object Repo/WorkFlow Listing Page/Workflow Found - Listing 1' is: 'JOHORro2'

2018-12-11 17:36:42 - [MESSAGE][PASSED] - Text of object 'Object Repository/Final Object Repo/WorkFlow Listing Page/Workflow Found - Listing 1' is: 'JOHORro2'

2018-12-11 17:36:42 - [TEST_STEP][PASSED] - Statement - OwnerID = OwnerID.toLowerCase() + "@gmail.com": null

2018-12-11 17:36:42 - [TEST_STEP][PASSED] - Statement - println(OwnerID): null

2018-12-11 17:36:42 - [TEST_STEP][PASSED] - delay: Delayed 2 second(s)

2018-12-11 17:36:44 - [MESSAGE][PASSED] - Delayed 2 second(s)

2018-12-11 17:36:44 - [MESSAGE][PASSED] - Call Test Case 'Test Cases/Final Aug 2018 - PKS Automation/Common/Workflow Owner Finder' successfully

2018-12-11 17:36:44 - [TEST_STEP][PASSED] - callTestCase: Call Test Case 'Test Cases/Final Aug 2018 - PKS Automation/Registration Module/Log Out/log out avoiding katalon tagging' successfully

2018-12-11 17:36:44 - [TEST_CASE][PASSED] - Test Cases/Final Aug 2018 - PKS Automation/Registration Module/Log Out/log out avoiding katalon tagging: Test Cases/Final Aug 2018 - PKS Automation/Registration Module/Log Out/log out avoiding katalon tagging

2018-12-11 17:36:44 - [TEST_STEP][PASSED] - navigateToUrl: Navigate to 'https://assist2-uat.perkeso.gov.my/c/portal/logout' successfully

2018-12-11 17:36:45 - [MESSAGE][PASSED] - Navigate to 'https://assist2-uat.perkeso.gov.my/c/portal/logout' successfully

2018-12-11 17:36:45 - [MESSAGE][PASSED] - Call Test Case 'Test Cases/Final Aug 2018 - PKS Automation/Registration Module/Log Out/log out avoiding katalon tagging' successfully

2018-12-11 17:36:45 - [TEST_STEP][PASSED] - delay: Delayed 2 second(s)

2018-12-11 17:36:47 - [MESSAGE][PASSED] - Delayed 2 second(s)

2018-12-11 17:36:47 - [TEST_STEP][PASSED] - setText: Text 'johorro2@gmail.com' is set on object 'Object Repository/Final Object Repo/Page_Update Add New Employee - ASSIST/Email TextBox'

2018-12-11 17:36:47 - [MESSAGE][PASSED] - Text 'johorro2@gmail.com' is set on object 'Object Repository/Final Object Repo/Page_Update Add New Employee - ASSIST/Email TextBox'

2018-12-11 17:36:47 - [TEST_STEP][PASSED] - click: Object: 'Object Repository/Final Object Repo/Page_Update Add New Employee - ASSIST/Next Button' is clicked on

2018-12-11 17:36:47 - [MESSAGE][PASSED] - Object: 'Object Repository/Final Object Repo/Page_Update Add New Employee - ASSIST/Next Button' is clicked on

2018-12-11 17:36:47 - [TEST_STEP][PASSED] - delay: Delayed 2 second(s)

2018-12-11 17:36:49 - [MESSAGE][PASSED] - Delayed 2 second(s)

2018-12-11 17:36:49 - [TEST_STEP][PASSED] - setText: Text 'Test1@3456789' is set on object 'Object Repository/Final Object Repo/Page_Update Add New Employee - ASSIST/Password TextBox'

2018-12-11 17:36:49 - [MESSAGE][PASSED] - Text 'Test1@3456789' is set on object 'Object Repository/Final Object Repo/Page_Update Add New Employee - ASSIST/Password TextBox'

2018-12-11 17:36:49 - [TEST_STEP][PASSED] - delay: Delayed 2 second(s)

2018-12-11 17:36:51 - [MESSAGE][PASSED] - Delayed 2 second(s)

2018-12-11 17:36:51 - [TEST_STEP][PASSED] - click: Object: 'Object Repository/Final Object Repo/Page_Update Add New Employee - ASSIST/Login Button' is clicked on

2018-12-11 17:36:51 - [MESSAGE][PASSED] - Object: 'Object Repository/Final Object Repo/Page_Update Add New Employee - ASSIST/Login Button' is clicked on

2018-12-11 17:36:52 - [TEST_STEP][PASSED] - delay: Delayed 4 second(s)

2018-12-11 17:36:56 - [MESSAGE][PASSED] - Delayed 4 second(s)

2018-12-11 17:36:56 - [TEST_STEP][PASSED] - Statement - Try: Delayed 2 second(s)

2018-12-11 17:36:56 - [TEST_STEP][PASSED] - Statement - Checker = false: null

2018-12-11 17:36:56 - [TEST_STEP][PASSED] - Statement - Checker = com.kms.katalon.core.webui.keyword.WebUiBuiltInKeywords.verifyElementHasAttribute(com.kms.katalon.core.testobject.ObjectRepository.findTestObject(Final Object Repo/Landing Page/BM Detecting), "href", 20, OPTIONAL): Object 'Object Repository/Final Object Repo/Landing Page/BM Detecting' has attribute 'href'

2018-12-11 17:36:56 - [MESSAGE][PASSED] - Object 'Object Repository/Final Object Repo/Landing Page/BM Detecting' has attribute 'href'

2018-12-11 17:36:56 - [TEST_STEP][PASSED] - Statement - out.println(Checker): null

2018-12-11 17:36:56 - [TEST_STEP][PASSED] - Statement - If (Checker == false): null

2018-12-11 17:36:56 - [TEST_STEP][PASSED] - Statement - Else: null

2018-12-11 17:36:56 - [TEST_STEP][PASSED] - delay: Delayed 2 second(s)

2018-12-11 17:36:58 - [MESSAGE][PASSED] - Delayed 2 second(s)

2018-12-11 17:36:58 - [TEST_STEP][PASSED] - delay: Delayed 4 second(s)

2018-12-11 17:37:02 - [MESSAGE][PASSED] - Delayed 4 second(s)

2018-12-11 17:37:02 - [TEST_STEP][PASSED] - click: Object: 'Object Repository/Final Object Repo/New Registration - Registration Module Pages/New Reg - OTC to RO/Special Case - All Related Objects/Expand to Search' is clicked on

2018-12-11 17:37:02 - [MESSAGE][PASSED] - Object: 'Object Repository/Final Object Repo/New Registration - Registration Module Pages/New Reg - OTC to RO/Special Case - All Related Objects/Expand to Search' is clicked on

2018-12-11 17:37:02 - [TEST_STEP][PASSED] - delay: Delayed 2 second(s)

2018-12-11 17:37:04 - [MESSAGE][PASSED] - Delayed 2 second(s)

2018-12-11 17:37:04 - [TEST_STEP][PASSED] - setText: Text 'CAN12201800002307' is set on object 'Object Repository/Final Object Repo/New Registration - Registration Module Pages/New Reg - OTC to RO/Special Case - All Related Objects/TextBox RefNo in Workbasket'

2018-12-11 17:37:04 - [MESSAGE][PASSED] - Text 'CAN12201800002307' is set on object 'Object Repository/Final Object Repo/New Registration - Registration Module Pages/New Reg - OTC to RO/Special Case - All Related Objects/TextBox RefNo in Workbasket'

2018-12-11 17:37:04 - [TEST_STEP][PASSED] - delay: Delayed 2 second(s)

2018-12-11 17:37:06 - [MESSAGE][PASSED] - Delayed 2 second(s)

2018-12-11 17:37:06 - [TEST_STEP][PASSED] - click: Object: 'Object Repository/Final Object Repo/New Registration - Registration Module Pages/New Reg - OTC to RO/Special Case - All Related Objects/Click Search' is clicked on

2018-12-11 17:37:06 - [MESSAGE][PASSED] - Object: 'Object Repository/Final Object Repo/New Registration - Registration Module Pages/New Reg - OTC to RO/Special Case - All Related Objects/Click Search' is clicked on

2018-12-11 17:37:06 - [TEST_STEP][PASSED] - delay: Delayed 10 second(s)

2018-12-11 17:37:16 - [MESSAGE][PASSED] - Delayed 10 second(s)

2018-12-11 17:37:16 - [TEST_STEP][PASSED] - click: Object: 'Object Repository/Final Object Repo/New Registration - Registration Module Pages/New Reg - OTC to RO/Special Case - All Related Objects/Click to Continue Workflow' is clicked on

2018-12-11 17:37:20 - [MESSAGE][PASSED] - Object: 'Object Repository/Final Object Repo/New Registration - Registration Module Pages/New Reg - OTC to RO/Special Case - All Related Objects/Click to Continue Workflow' is clicked on

2018-12-11 17:37:20 - [TEST_STEP][PASSED] - delay: Delayed 10 second(s)

2018-12-11 17:37:30 - [MESSAGE][PASSED] - Delayed 10 second(s)

2018-12-11 17:37:30 - [TEST_STEP][PASSED] - click: Object: 'Object Repository/Final Object Repo/New Registration - Registration Module Pages/New Reg - OTC to RO/Special Case - All Related Objects/Continue Button in verifying case' is clicked on

2018-12-11 17:37:33 - [MESSAGE][PASSED] - Object: 'Object Repository/Final Object Repo/New Registration - Registration Module Pages/New Reg - OTC to RO/Special Case - All Related Objects/Continue Button in verifying case' is clicked on

2018-12-11 17:37:33 - [TEST_STEP][PASSED] - delay: Delayed 2 second(s)

2018-12-11 17:37:35 - [MESSAGE][PASSED] - Delayed 2 second(s)

2018-12-11 17:37:35 - [TEST_STEP][PASSED] - click: Object: 'Object Repository/Final Object Repo/Page_Update Add New Employee - ASSIST/Save  Continue Button' is clicked on

2018-12-11 17:37:36 - [MESSAGE][PASSED] - Object: 'Object Repository/Final Object Repo/Page_Update Add New Employee - ASSIST/Save  Continue Button' is clicked on

2018-12-11 17:37:36 - [TEST_STEP][PASSED] - delay: Delayed 8 second(s)

2018-12-11 17:37:44 - [MESSAGE][PASSED] - Delayed 8 second(s)

2018-12-11 17:37:44 - [TEST_STEP][PASSED] - click: Object: 'Object Repository/Final Object Repo/Page_Update Add New Employee - ASSIST/Save  Continue Third Screen' is clicked on

2018-12-11 17:37:47 - [MESSAGE][PASSED] - Object: 'Object Repository/Final Object Repo/Page_Update Add New Employee - ASSIST/Save  Continue Third Screen' is clicked on

2018-12-11 17:37:47 - [TEST_STEP][PASSED] - delay: Delayed 4 second(s)

2018-12-11 17:37:51 - [MESSAGE][PASSED] - Delayed 4 second(s)

2018-12-11 17:37:51 - [TEST_STEP][PASSED] - click: Object: 'Object Repository/Final Object Repo/Page_Update Add New Employee - ASSIST/Save   Continue Supporting Doc Page' is clicked on

2018-12-11 17:37:51 - [MESSAGE][PASSED] - Object: 'Object Repository/Final Object Repo/Page_Update Add New Employee - ASSIST/Save   Continue Supporting Doc Page' is clicked on

2018-12-11 17:37:51 - [TEST_STEP][PASSED] - delay: Delayed 4 second(s)

2018-12-11 17:37:55 - [MESSAGE][PASSED] - Delayed 4 second(s)

2018-12-11 17:37:55 - [TEST_STEP][PASSED] - click: Object: 'Object Repository/Final Object Repo/Page_Update Add New Employee - ASSIST/Under Enforcement Button at Preview Screen of RO' is clicked on

2018-12-11 17:37:55 - [MESSAGE][PASSED] - Object: 'Object Repository/Final Object Repo/Page_Update Add New Employee - ASSIST/Under Enforcement Button at Preview Screen of RO' is clicked on

2018-12-11 17:37:55 - [TEST_STEP][PASSED] - delay: Delayed 4 second(s)

2018-12-11 17:37:59 - [MESSAGE][PASSED] - Delayed 4 second(s)

2018-12-11 17:37:59 - [TEST_STEP][PASSED] - click: Object: 'Object Repository/Final Object Repo/Page_Update Add New Employee - ASSIST/Under Enforcement - inner form' is clicked on

2018-12-11 17:37:59 - [MESSAGE][PASSED] - Object: 'Object Repository/Final Object Repo/Page_Update Add New Employee - ASSIST/Under Enforcement - inner form' is clicked on

2018-12-11 17:37:59 - [TEST_STEP][PASSED] - delay: Delayed 4 second(s)

2018-12-11 17:38:03 - [MESSAGE][PASSED] - Delayed 4 second(s)

2018-12-11 17:38:03 - [TEST_STEP][PASSED] - callTestCase: Call Test Case 'Test Cases/Final Aug 2018 - PKS Automation/Common/Screenshoting tool' successfully

2018-12-11 17:38:03 - [TEST_CASE][PASSED] - Test Cases/Final Aug 2018 - PKS Automation/Common/Screenshoting tool: Test Cases/Final Aug 2018 - PKS Automation/Common/Screenshoting tool

2018-12-11 17:38:03 - [TEST_STEP][PASSED] - delay: Delayed 15 second(s)

2018-12-11 17:38:18 - [MESSAGE][PASSED] - Delayed 15 second(s)

2018-12-11 17:38:18 - [TEST_STEP][PASSED] - Statement - driver = com.kms.katalon.core.webui.driver.DriverFactory.getWebDriver(): null

2018-12-11 17:38:18 - [TEST_STEP][PASSED] - Statement - driver.manage().timeouts().implicitlyWait(10, SECONDS): null

2018-12-11 17:38:18 - [TEST_STEP][PASSED] - Statement - PresavePath = KatalonScreenshots: null

2018-12-11 17:38:18 - [TEST_STEP][PASSED] - Statement - pathPrefix = "C:\Users\Public\Pictures\Sample Pictures\Katalon Screenshots\Automate Ending Screen": null

2018-12-11 17:38:18 - [TEST_STEP][PASSED] - Statement - finalPath = <not implemented yet for class: org.codehaus.groovy.ast.expr.EmptyExpression>: null

2018-12-11 17:38:18 - [TEST_STEP][PASSED] - Statement - scrFile = driver.getScreenshotAs(FILE): null

2018-12-11 17:38:19 - [TEST_STEP][PASSED] - Statement - PreSaveFile = new java.io.File(PresavePath): null

2018-12-11 17:38:19 - [TEST_STEP][PASSED] - Statement - counter = 0: null

2018-12-11 17:38:19 - [TEST_STEP][PASSED] - Statement - If (PreSaveFile.exists()): null

2018-12-11 17:38:19 - [TEST_STEP][PASSED] - Statement - While (PreSaveFile.exists()): null

2018-12-11 17:38:19 - [TEST_STEP][PASSED] - Statement - counter = counter + 1: null

2018-12-11 17:38:19 - [TEST_STEP][PASSED] - Statement - PreSaveFile = new java.io.File(((pathPrefix + java.lang.Integer.toString(counter)) + .png)): null

2018-12-11 17:38:19 - [TEST_STEP][PASSED] - Statement - counter = counter + 1: null

2018-12-11 17:38:19 - [TEST_STEP][PASSED] - Statement - PreSaveFile = new java.io.File(((pathPrefix + java.lang.Integer.toString(counter)) + .png)): null

2018-12-11 17:38:19 - [TEST_STEP][PASSED] - Statement - counter = counter + 1: null

2018-12-11 17:38:19 - [TEST_STEP][PASSED] - Statement - PreSaveFile = new java.io.File(((pathPrefix + java.lang.Integer.toString(counter)) + .png)): null

2018-12-11 17:38:19 - [TEST_STEP][PASSED] - Statement - counter = counter + 1: null

2018-12-11 17:38:19 - [TEST_STEP][PASSED] - Statement - PreSaveFile = new java.io.File(((pathPrefix + java.lang.Integer.toString(counter)) + .png)): null

2018-12-11 17:38:19 - [TEST_STEP][PASSED] - Statement - counter = counter + 1: null

2018-12-11 17:38:19 - [TEST_STEP][PASSED] - Statement - PreSaveFile = new java.io.File(((pathPrefix + java.lang.Integer.toString(counter)) + .png)): null

2018-12-11 17:38:19 - [TEST_STEP][PASSED] - Statement - counter = counter + 1: null

2018-12-11 17:38:19 - [TEST_STEP][PASSED] - Statement - PreSaveFile = new java.io.File(((pathPrefix + java.lang.Integer.toString(counter)) + .png)): null

2018-12-11 17:38:19 - [TEST_STEP][PASSED] - Statement - counter = counter + 1: null

2018-12-11 17:38:19 - [TEST_STEP][PASSED] - Statement - PreSaveFile = new java.io.File(((pathPrefix + java.lang.Integer.toString(counter)) + .png)): null

2018-12-11 17:38:19 - [TEST_STEP][PASSED] - Statement - counter = counter + 1: null

2018-12-11 17:38:19 - [TEST_STEP][PASSED] - Statement - PreSaveFile = new java.io.File(((pathPrefix + java.lang.Integer.toString(counter)) + .png)): null

2018-12-11 17:38:19 - [TEST_STEP][PASSED] - Statement - counter = counter + 1: null

2018-12-11 17:38:19 - [TEST_STEP][PASSED] - Statement - PreSaveFile = new java.io.File(((pathPrefix + java.lang.Integer.toString(counter)) + .png)): null

2018-12-11 17:38:19 - [TEST_STEP][PASSED] - Statement - counter = counter + 1: null

2018-12-11 17:38:19 - [TEST_STEP][PASSED] - Statement - PreSaveFile = new java.io.File(((pathPrefix + java.lang.Integer.toString(counter)) + .png)): null

2018-12-11 17:38:19 - [TEST_STEP][PASSED] - Statement - counter = counter + 1: null

2018-12-11 17:38:19 - [TEST_STEP][PASSED] - Statement - PreSaveFile = new java.io.File(((pathPrefix + java.lang.Integer.toString(counter)) + .png)): null

2018-12-11 17:38:19 - [TEST_STEP][PASSED] - Statement - counter = counter + 1: null

2018-12-11 17:38:19 - [TEST_STEP][PASSED] - Statement - PreSaveFile = new java.io.File(((pathPrefix + java.lang.Integer.toString(counter)) + .png)): null

2018-12-11 17:38:19 - [TEST_STEP][PASSED] - Statement - counter = counter + 1: null

2018-12-11 17:38:19 - [TEST_STEP][PASSED] - Statement - PreSaveFile = new java.io.File(((pathPrefix + java.lang.Integer.toString(counter)) + .png)): null

2018-12-11 17:38:19 - [TEST_STEP][PASSED] - Statement - counter = counter + 1: null

2018-12-11 17:38:19 - [TEST_STEP][PASSED] - Statement - PreSaveFile = new java.io.File(((pathPrefix + java.lang.Integer.toString(counter)) + .png)): null

2018-12-11 17:38:19 - [TEST_STEP][PASSED] - Statement - counter = counter + 1: null

2018-12-11 17:38:19 - [TEST_STEP][PASSED] - Statement - PreSaveFile = new java.io.File(((pathPrefix + java.lang.Integer.toString(counter)) + .png)): null

2018-12-11 17:38:19 - [TEST_STEP][PASSED] - Statement - counter = counter + 1: null

2018-12-11 17:38:19 - [TEST_STEP][PASSED] - Statement - PreSaveFile = new java.io.File(((pathPrefix + java.lang.Integer.toString(counter)) + .png)): null

2018-12-11 17:38:19 - [TEST_STEP][PASSED] - Statement - counter = counter + 1: null

2018-12-11 17:38:19 - [TEST_STEP][PASSED] - Statement - PreSaveFile = new java.io.File(((pathPrefix + java.lang.Integer.toString(counter)) + .png)): null

2018-12-11 17:38:19 - [TEST_STEP][PASSED] - Statement - counter = counter + 1: null

2018-12-11 17:38:19 - [TEST_STEP][PASSED] - Statement - PreSaveFile = new java.io.File(((pathPrefix + java.lang.Integer.toString(counter)) + .png)): null

2018-12-11 17:38:19 - [TEST_STEP][PASSED] - Statement - counter = counter + 1: null

2018-12-11 17:38:19 - [TEST_STEP][PASSED] - Statement - PreSaveFile = new java.io.File(((pathPrefix + java.lang.Integer.toString(counter)) + .png)): null

2018-12-11 17:38:19 - [TEST_STEP][PASSED] - Statement - counter = counter + 1: null

2018-12-11 17:38:19 - [TEST_STEP][PASSED] - Statement - PreSaveFile = new java.io.File(((pathPrefix + java.lang.Integer.toString(counter)) + .png)): null

2018-12-11 17:38:19 - [TEST_STEP][PASSED] - Statement - counter = counter + 1: null

2018-12-11 17:38:19 - [TEST_STEP][PASSED] - Statement - PreSaveFile = new java.io.File(((pathPrefix + java.lang.Integer.toString(counter)) + .png)): null

2018-12-11 17:38:19 - [TEST_STEP][PASSED] - Statement - counter = counter + 1: null

2018-12-11 17:38:19 - [TEST_STEP][PASSED] - Statement - PreSaveFile = new java.io.File(((pathPrefix + java.lang.Integer.toString(counter)) + .png)): null

2018-12-11 17:38:19 - [TEST_STEP][PASSED] - Statement - counter = counter + 1: null

2018-12-11 17:38:19 - [TEST_STEP][PASSED] - Statement - PreSaveFile = new java.io.File(((pathPrefix + java.lang.Integer.toString(counter)) + .png)): null

2018-12-11 17:38:19 - [TEST_STEP][PASSED] - Statement - counter = counter + 1: null

2018-12-11 17:38:19 - [TEST_STEP][PASSED] - Statement - PreSaveFile = new java.io.File(((pathPrefix + java.lang.Integer.toString(counter)) + .png)): null

2018-12-11 17:38:19 - [TEST_STEP][PASSED] - Statement - counter = counter + 1: null

2018-12-11 17:38:19 - [TEST_STEP][PASSED] - Statement - PreSaveFile = new java.io.File(((pathPrefix + java.lang.Integer.toString(counter)) + .png)): null

2018-12-11 17:38:19 - [TEST_STEP][PASSED] - Statement - counter = counter + 1: null

2018-12-11 17:38:19 - [TEST_STEP][PASSED] - Statement - PreSaveFile = new java.io.File(((pathPrefix + java.lang.Integer.toString(counter)) + .png)): null

2018-12-11 17:38:19 - [TEST_STEP][PASSED] - Statement - counter = counter + 1: null

2018-12-11 17:38:19 - [TEST_STEP][PASSED] - Statement - PreSaveFile = new java.io.File(((pathPrefix + java.lang.Integer.toString(counter)) + .png)): null

2018-12-11 17:38:19 - [TEST_STEP][PASSED] - Statement - counter = counter + 1: null

2018-12-11 17:38:19 - [TEST_STEP][PASSED] - Statement - PreSaveFile = new java.io.File(((pathPrefix + java.lang.Integer.toString(counter)) + .png)): null

2018-12-11 17:38:19 - [TEST_STEP][PASSED] - Statement - counter = counter + 1: null

2018-12-11 17:38:19 - [TEST_STEP][PASSED] - Statement - PreSaveFile = new java.io.File(((pathPrefix + java.lang.Integer.toString(counter)) + .png)): null

2018-12-11 17:38:19 - [TEST_STEP][PASSED] - Statement - counter = counter + 1: null

2018-12-11 17:38:19 - [TEST_STEP][PASSED] - Statement - PreSaveFile = new java.io.File(((pathPrefix + java.lang.Integer.toString(counter)) + .png)): null

2018-12-11 17:38:19 - [TEST_STEP][PASSED] - Statement - counter = counter + 1: null

2018-12-11 17:38:19 - [TEST_STEP][PASSED] - Statement - PreSaveFile = new java.io.File(((pathPrefix + java.lang.Integer.toString(counter)) + .png)): null

2018-12-11 17:38:19 - [TEST_STEP][PASSED] - Statement - counter = counter + 1: null

2018-12-11 17:38:19 - [TEST_STEP][PASSED] - Statement - PreSaveFile = new java.io.File(((pathPrefix + java.lang.Integer.toString(counter)) + .png)): null

2018-12-11 17:38:19 - [TEST_STEP][PASSED] - Statement - counter = counter + 1: null

2018-12-11 17:38:19 - [TEST_STEP][PASSED] - Statement - PreSaveFile = new java.io.File(((pathPrefix + java.lang.Integer.toString(counter)) + .png)): null

2018-12-11 17:38:19 - [TEST_STEP][PASSED] - Statement - counter = counter + 1: null

2018-12-11 17:38:19 - [TEST_STEP][PASSED] - Statement - PreSaveFile = new java.io.File(((pathPrefix + java.lang.Integer.toString(counter)) + .png)): null

2018-12-11 17:38:19 - [TEST_STEP][PASSED] - Statement - counter = counter + 1: null

2018-12-11 17:38:19 - [TEST_STEP][PASSED] - Statement - PreSaveFile = new java.io.File(((pathPrefix + java.lang.Integer.toString(counter)) + .png)): null

2018-12-11 17:38:19 - [TEST_STEP][PASSED] - Statement - counter = counter + 1: null

2018-12-11 17:38:19 - [TEST_STEP][PASSED] - Statement - PreSaveFile = new java.io.File(((pathPrefix + java.lang.Integer.toString(counter)) + .png)): null

2018-12-11 17:38:19 - [TEST_STEP][PASSED] - Statement - counter = counter + 1: null

2018-12-11 17:38:19 - [TEST_STEP][PASSED] - Statement - PreSaveFile = new java.io.File(((pathPrefix + java.lang.Integer.toString(counter)) + .png)): null

2018-12-11 17:38:19 - [TEST_STEP][PASSED] - Statement - counter = counter + 1: null

2018-12-11 17:38:19 - [TEST_STEP][PASSED] - Statement - PreSaveFile = new java.io.File(((pathPrefix + java.lang.Integer.toString(counter)) + .png)): null

2018-12-11 17:38:19 - [TEST_STEP][PASSED] - Statement - counter = counter + 1: null

2018-12-11 17:38:19 - [TEST_STEP][PASSED] - Statement - PreSaveFile = new java.io.File(((pathPrefix + java.lang.Integer.toString(counter)) + .png)): null

2018-12-11 17:38:19 - [TEST_STEP][PASSED] - Statement - counter = counter + 1: null

2018-12-11 17:38:19 - [TEST_STEP][PASSED] - Statement - PreSaveFile = new java.io.File(((pathPrefix + java.lang.Integer.toString(counter)) + .png)): null

2018-12-11 17:38:19 - [TEST_STEP][PASSED] - Statement - counter = counter + 1: null

2018-12-11 17:38:19 - [TEST_STEP][PASSED] - Statement - PreSaveFile = new java.io.File(((pathPrefix + java.lang.Integer.toString(counter)) + .png)): null

2018-12-11 17:38:19 - [TEST_STEP][PASSED] - Statement - counter = counter + 1: null

2018-12-11 17:38:19 - [TEST_STEP][PASSED] - Statement - PreSaveFile = new java.io.File(((pathPrefix + java.lang.Integer.toString(counter)) + .png)): null

2018-12-11 17:38:19 - [TEST_STEP][PASSED] - Statement - counter = counter + 1: null

2018-12-11 17:38:19 - [TEST_STEP][PASSED] - Statement - PreSaveFile = new java.io.File(((pathPrefix + java.lang.Integer.toString(counter)) + .png)): null

2018-12-11 17:38:19 - [TEST_STEP][PASSED] - Statement - counter = counter + 1: null

2018-12-11 17:38:19 - [TEST_STEP][PASSED] - Statement - PreSaveFile = new java.io.File(((pathPrefix + java.lang.Integer.toString(counter)) + .png)): null

2018-12-11 17:38:19 - [TEST_STEP][PASSED] - Statement - counter = counter + 1: null

2018-12-11 17:38:19 - [TEST_STEP][PASSED] - Statement - PreSaveFile = new java.io.File(((pathPrefix + java.lang.Integer.toString(counter)) + .png)): null

2018-12-11 17:38:19 - [TEST_STEP][PASSED] - Statement - counter = counter + 1: null

2018-12-11 17:38:19 - [TEST_STEP][PASSED] - Statement - PreSaveFile = new java.io.File(((pathPrefix + java.lang.Integer.toString(counter)) + .png)): null

2018-12-11 17:38:19 - [TEST_STEP][PASSED] - Statement - counter = counter + 1: null

2018-12-11 17:38:19 - [TEST_STEP][PASSED] - Statement - PreSaveFile = new java.io.File(((pathPrefix + java.lang.Integer.toString(counter)) + .png)): null

2018-12-11 17:38:19 - [TEST_STEP][PASSED] - Statement - counter = counter + 1: null

2018-12-11 17:38:19 - [TEST_STEP][PASSED] - Statement - PreSaveFile = new java.io.File(((pathPrefix + java.lang.Integer.toString(counter)) + .png)): null

2018-12-11 17:38:19 - [TEST_STEP][PASSED] - Statement - counter = counter + 1: null

2018-12-11 17:38:19 - [TEST_STEP][PASSED] - Statement - PreSaveFile = new java.io.File(((pathPrefix + java.lang.Integer.toString(counter)) + .png)): null

2018-12-11 17:38:19 - [TEST_STEP][PASSED] - Statement - counter = counter + 1: null

2018-12-11 17:38:19 - [TEST_STEP][PASSED] - Statement - PreSaveFile = new java.io.File(((pathPrefix + java.lang.Integer.toString(counter)) + .png)): null

2018-12-11 17:38:19 - [TEST_STEP][PASSED] - Statement - counter = counter + 1: null

2018-12-11 17:38:19 - [TEST_STEP][PASSED] - Statement - PreSaveFile = new java.io.File(((pathPrefix + java.lang.Integer.toString(counter)) + .png)): null

2018-12-11 17:38:19 - [TEST_STEP][PASSED] - Statement - counter = counter + 1: null

2018-12-11 17:38:19 - [TEST_STEP][PASSED] - Statement - PreSaveFile = new java.io.File(((pathPrefix + java.lang.Integer.toString(counter)) + .png)): null

2018-12-11 17:38:19 - [TEST_STEP][PASSED] - Statement - counter = counter + 1: null

2018-12-11 17:38:19 - [TEST_STEP][PASSED] - Statement - PreSaveFile = new java.io.File(((pathPrefix + java.lang.Integer.toString(counter)) + .png)): null

2018-12-11 17:38:19 - [TEST_STEP][PASSED] - Statement - counter = counter + 1: null

2018-12-11 17:38:19 - [TEST_STEP][PASSED] - Statement - PreSaveFile = new java.io.File(((pathPrefix + java.lang.Integer.toString(counter)) + .png)): null

2018-12-11 17:38:19 - [TEST_STEP][PASSED] - Statement - counter = counter + 1: null

2018-12-11 17:38:19 - [TEST_STEP][PASSED] - Statement - PreSaveFile = new java.io.File(((pathPrefix + java.lang.Integer.toString(counter)) + .png)): null

2018-12-11 17:38:19 - [TEST_STEP][PASSED] - Statement - counter = counter + 1: null

2018-12-11 17:38:19 - [TEST_STEP][PASSED] - Statement - PreSaveFile = new java.io.File(((pathPrefix + java.lang.Integer.toString(counter)) + .png)): null

2018-12-11 17:38:19 - [TEST_STEP][PASSED] - Statement - counter = counter + 1: null

2018-12-11 17:38:19 - [TEST_STEP][PASSED] - Statement - PreSaveFile = new java.io.File(((pathPrefix + java.lang.Integer.toString(counter)) + .png)): null

2018-12-11 17:38:19 - [TEST_STEP][PASSED] - Statement - counter = counter + 1: null

2018-12-11 17:38:19 - [TEST_STEP][PASSED] - Statement - PreSaveFile = new java.io.File(((pathPrefix + java.lang.Integer.toString(counter)) + .png)): null

2018-12-11 17:38:19 - [TEST_STEP][PASSED] - Statement - counter = counter + 1: null

2018-12-11 17:38:19 - [TEST_STEP][PASSED] - Statement - PreSaveFile = new java.io.File(((pathPrefix + java.lang.Integer.toString(counter)) + .png)): null

2018-12-11 17:38:19 - [TEST_STEP][PASSED] - Statement - counter = counter + 1: null

2018-12-11 17:38:19 - [TEST_STEP][PASSED] - Statement - PreSaveFile = new java.io.File(((pathPrefix + java.lang.Integer.toString(counter)) + .png)): null

2018-12-11 17:38:19 - [TEST_STEP][PASSED] - Statement - counter = counter + 1: null

2018-12-11 17:38:19 - [TEST_STEP][PASSED] - Statement - PreSaveFile = new java.io.File(((pathPrefix + java.lang.Integer.toString(counter)) + .png)): null

2018-12-11 17:38:19 - [TEST_STEP][PASSED] - Statement - counter = counter + 1: null

2018-12-11 17:38:19 - [TEST_STEP][PASSED] - Statement - PreSaveFile = new java.io.File(((pathPrefix + java.lang.Integer.toString(counter)) + .png)): null

2018-12-11 17:38:19 - [TEST_STEP][PASSED] - Statement - counter = counter + 1: null

2018-12-11 17:38:19 - [TEST_STEP][PASSED] - Statement - PreSaveFile = new java.io.File(((pathPrefix + java.lang.Integer.toString(counter)) + .png)): null

2018-12-11 17:38:19 - [TEST_STEP][PASSED] - Statement - counter = counter + 1: null

2018-12-11 17:38:19 - [TEST_STEP][PASSED] - Statement - PreSaveFile = new java.io.File(((pathPrefix + java.lang.Integer.toString(counter)) + .png)): null

2018-12-11 17:38:19 - [TEST_STEP][PASSED] - Statement - counter = counter + 1: null

2018-12-11 17:38:19 - [TEST_STEP][PASSED] - Statement - PreSaveFile = new java.io.File(((pathPrefix + java.lang.Integer.toString(counter)) + .png)): null

2018-12-11 17:38:19 - [TEST_STEP][PASSED] - Statement - counter = counter + 1: null

2018-12-11 17:38:19 - [TEST_STEP][PASSED] - Statement - PreSaveFile = new java.io.File(((pathPrefix + java.lang.Integer.toString(counter)) + .png)): null

2018-12-11 17:38:19 - [TEST_STEP][PASSED] - Statement - counter = counter + 1: null

2018-12-11 17:38:19 - [TEST_STEP][PASSED] - Statement - PreSaveFile = new java.io.File(((pathPrefix + java.lang.Integer.toString(counter)) + .png)): null

2018-12-11 17:38:19 - [TEST_STEP][PASSED] - Statement - counter = counter + 1: null

2018-12-11 17:38:19 - [TEST_STEP][PASSED] - Statement - PreSaveFile = new java.io.File(((pathPrefix + java.lang.Integer.toString(counter)) + .png)): null

2018-12-11 17:38:19 - [TEST_STEP][PASSED] - Statement - counter = counter + 1: null

2018-12-11 17:38:19 - [TEST_STEP][PASSED] - Statement - PreSaveFile = new java.io.File(((pathPrefix + java.lang.Integer.toString(counter)) + .png)): null

2018-12-11 17:38:19 - [TEST_STEP][PASSED] - Statement - counter = counter + 1: null

2018-12-11 17:38:19 - [TEST_STEP][PASSED] - Statement - PreSaveFile = new java.io.File(((pathPrefix + java.lang.Integer.toString(counter)) + .png)): null

2018-12-11 17:38:19 - [TEST_STEP][PASSED] - Statement - counter = counter + 1: null

2018-12-11 17:38:19 - [TEST_STEP][PASSED] - Statement - PreSaveFile = new java.io.File(((pathPrefix + java.lang.Integer.toString(counter)) + .png)): null

2018-12-11 17:38:19 - [TEST_STEP][PASSED] - Statement - counter = counter + 1: null

2018-12-11 17:38:19 - [TEST_STEP][PASSED] - Statement - PreSaveFile = new java.io.File(((pathPrefix + java.lang.Integer.toString(counter)) + .png)): null

2018-12-11 17:38:19 - [TEST_STEP][PASSED] - Statement - counter = counter + 1: null

2018-12-11 17:38:19 - [TEST_STEP][PASSED] - Statement - PreSaveFile = new java.io.File(((pathPrefix + java.lang.Integer.toString(counter)) + .png)): null

2018-12-11 17:38:19 - [TEST_STEP][PASSED] - Statement - counter = counter + 1: null

2018-12-11 17:38:19 - [TEST_STEP][PASSED] - Statement - PreSaveFile = new java.io.File(((pathPrefix + java.lang.Integer.toString(counter)) + .png)): null

2018-12-11 17:38:19 - [TEST_STEP][PASSED] - Statement - counter = counter + 1: null

2018-12-11 17:38:19 - [TEST_STEP][PASSED] - Statement - PreSaveFile = new java.io.File(((pathPrefix + java.lang.Integer.toString(counter)) + .png)): null

2018-12-11 17:38:19 - [TEST_STEP][PASSED] - Statement - counter = counter + 1: null

2018-12-11 17:38:19 - [TEST_STEP][PASSED] - Statement - PreSaveFile = new java.io.File(((pathPrefix + java.lang.Integer.toString(counter)) + .png)): null

2018-12-11 17:38:19 - [TEST_STEP][PASSED] - Statement - counter = counter + 1: null

2018-12-11 17:38:19 - [TEST_STEP][PASSED] - Statement - PreSaveFile = new java.io.File(((pathPrefix + java.lang.Integer.toString(counter)) + .png)): null

2018-12-11 17:38:19 - [TEST_STEP][PASSED] - Statement - counter = counter + 1: null

2018-12-11 17:38:19 - [TEST_STEP][PASSED] - Statement - PreSaveFile = new java.io.File(((pathPrefix + java.lang.Integer.toString(counter)) + .png)): null

2018-12-11 17:38:19 - [TEST_STEP][PASSED] - Statement - counter = counter + 1: null

2018-12-11 17:38:19 - [TEST_STEP][PASSED] - Statement - PreSaveFile = new java.io.File(((pathPrefix + java.lang.Integer.toString(counter)) + .png)): null

2018-12-11 17:38:19 - [TEST_STEP][PASSED] - Statement - counter = counter + 1: null

2018-12-11 17:38:19 - [TEST_STEP][PASSED] - Statement - PreSaveFile = new java.io.File(((pathPrefix + java.lang.Integer.toString(counter)) + .png)): null

2018-12-11 17:38:19 - [TEST_STEP][PASSED] - Statement - counter = counter + 1: null

2018-12-11 17:38:19 - [TEST_STEP][PASSED] - Statement - PreSaveFile = new java.io.File(((pathPrefix + java.lang.Integer.toString(counter)) + .png)): null

2018-12-11 17:38:19 - [TEST_STEP][PASSED] - Statement - counter = counter + 1: null

2018-12-11 17:38:19 - [TEST_STEP][PASSED] - Statement - PreSaveFile = new java.io.File(((pathPrefix + java.lang.Integer.toString(counter)) + .png)): null

2018-12-11 17:38:19 - [TEST_STEP][PASSED] - Statement - counter = counter + 1: null

2018-12-11 17:38:19 - [TEST_STEP][PASSED] - Statement - PreSaveFile = new java.io.File(((pathPrefix + java.lang.Integer.toString(counter)) + .png)): null

2018-12-11 17:38:19 - [TEST_STEP][PASSED] - Statement - counter = counter + 1: null

2018-12-11 17:38:19 - [TEST_STEP][PASSED] - Statement - PreSaveFile = new java.io.File(((pathPrefix + java.lang.Integer.toString(counter)) + .png)): null

2018-12-11 17:38:19 - [TEST_STEP][PASSED] - Statement - counter = counter + 1: null

2018-12-11 17:38:19 - [TEST_STEP][PASSED] - Statement - PreSaveFile = new java.io.File(((pathPrefix + java.lang.Integer.toString(counter)) + .png)): null

2018-12-11 17:38:19 - [TEST_STEP][PASSED] - Statement - counter = counter + 1: null

2018-12-11 17:38:19 - [TEST_STEP][PASSED] - Statement - PreSaveFile = new java.io.File(((pathPrefix + java.lang.Integer.toString(counter)) + .png)): null

2018-12-11 17:38:19 - [TEST_STEP][PASSED] - Statement - counter = counter + 1: null

2018-12-11 17:38:19 - [TEST_STEP][PASSED] - Statement - PreSaveFile = new java.io.File(((pathPrefix + java.lang.Integer.toString(counter)) + .png)): null

2018-12-11 17:38:19 - [TEST_STEP][PASSED] - Statement - counter = counter + 1: null

2018-12-11 17:38:19 - [TEST_STEP][PASSED] - Statement - PreSaveFile = new java.io.File(((pathPrefix + java.lang.Integer.toString(counter)) + .png)): null

2018-12-11 17:38:19 - [TEST_STEP][PASSED] - Statement - counter = counter + 1: null

2018-12-11 17:38:19 - [TEST_STEP][PASSED] - Statement - PreSaveFile = new java.io.File(((pathPrefix + java.lang.Integer.toString(counter)) + .png)): null

2018-12-11 17:38:19 - [TEST_STEP][PASSED] - Statement - counter = counter + 1: null

2018-12-11 17:38:19 - [TEST_STEP][PASSED] - Statement - PreSaveFile = new java.io.File(((pathPrefix + java.lang.Integer.toString(counter)) + .png)): null

2018-12-11 17:38:19 - [TEST_STEP][PASSED] - Statement - counter = counter + 1: null

2018-12-11 17:38:19 - [TEST_STEP][PASSED] - Statement - PreSaveFile = new java.io.File(((pathPrefix + java.lang.Integer.toString(counter)) + .png)): null

2018-12-11 17:38:19 - [TEST_STEP][PASSED] - Statement - counter = counter + 1: null

2018-12-11 17:38:19 - [TEST_STEP][PASSED] - Statement - PreSaveFile = new java.io.File(((pathPrefix + java.lang.Integer.toString(counter)) + .png)): null

2018-12-11 17:38:19 - [TEST_STEP][PASSED] - Statement - counter = counter + 1: null

2018-12-11 17:38:19 - [TEST_STEP][PASSED] - Statement - PreSaveFile = new java.io.File(((pathPrefix + java.lang.Integer.toString(counter)) + .png)): null

2018-12-11 17:38:19 - [TEST_STEP][PASSED] - Statement - counter = counter + 1: null

2018-12-11 17:38:19 - [TEST_STEP][PASSED] - Statement - PreSaveFile = new java.io.File(((pathPrefix + java.lang.Integer.toString(counter)) + .png)): null

2018-12-11 17:38:19 - [TEST_STEP][PASSED] - Statement - counter = counter + 1: null

2018-12-11 17:38:19 - [TEST_STEP][PASSED] - Statement - PreSaveFile = new java.io.File(((pathPrefix + java.lang.Integer.toString(counter)) + .png)): null

2018-12-11 17:38:19 - [TEST_STEP][PASSED] - Statement - counter = counter + 1: null

2018-12-11 17:38:19 - [TEST_STEP][PASSED] - Statement - PreSaveFile = new java.io.File(((pathPrefix + java.lang.Integer.toString(counter)) + .png)): null

2018-12-11 17:38:19 - [TEST_STEP][PASSED] - Statement - counter = counter + 1: null

2018-12-11 17:38:19 - [TEST_STEP][PASSED] - Statement - PreSaveFile = new java.io.File(((pathPrefix + java.lang.Integer.toString(counter)) + .png)): null

2018-12-11 17:38:19 - [TEST_STEP][PASSED] - Statement - counter = counter + 1: null

2018-12-11 17:38:19 - [TEST_STEP][PASSED] - Statement - PreSaveFile = new java.io.File(((pathPrefix + java.lang.Integer.toString(counter)) + .png)): null

2018-12-11 17:38:19 - [TEST_STEP][PASSED] - Statement - counter = counter + 1: null

2018-12-11 17:38:19 - [TEST_STEP][PASSED] - Statement - PreSaveFile = new java.io.File(((pathPrefix + java.lang.Integer.toString(counter)) + .png)): null

2018-12-11 17:38:19 - [TEST_STEP][PASSED] - Statement - counter = counter + 1: null

2018-12-11 17:38:19 - [TEST_STEP][PASSED] - Statement - PreSaveFile = new java.io.File(((pathPrefix + java.lang.Integer.toString(counter)) + .png)): null

2018-12-11 17:38:19 - [TEST_STEP][PASSED] - Statement - finalPath = pathPrefix + java.lang.Integer.toString(counter) + ".png": null

2018-12-11 17:38:19 - [TEST_STEP][PASSED] - Statement - SaveFile = new java.io.File(finalPath): null

2018-12-11 17:38:19 - [TEST_STEP][PASSED] - Statement - Try: null

2018-12-11 17:38:19 - [TEST_STEP][PASSED] - Statement - org.apache.commons.io.FileUtils.copyFile(scrFile, SaveFile): null

2018-12-11 17:38:19 - [TEST_STEP][PASSED] - Statement - out.println("file kept"): null

2018-12-11 17:38:19 - [TEST_STEP][PASSED] - delay: Delayed 10 second(s)

2018-12-11 17:38:29 - [MESSAGE][PASSED] - Delayed 10 second(s)

2018-12-11 17:38:29 - [MESSAGE][PASSED] - Call Test Case 'Test Cases/Final Aug 2018 - PKS Automation/Common/Screenshoting tool' successfully

2018-12-11 17:38:29 - [TEST_STEP][PASSED] - callTestCase: Call Test Case 'Test Cases/Final Aug 2018 - PKS Automation/Registration Module/Log Out/log out avoiding katalon tagging' successfully

2018-12-11 17:38:29 - [TEST_CASE][PASSED] - Test Cases/Final Aug 2018 - PKS Automation/Registration Module/Log Out/log out avoiding katalon tagging: Test Cases/Final Aug 2018 - PKS Automation/Registration Module/Log Out/log out avoiding katalon tagging

2018-12-11 17:38:29 - [TEST_STEP][PASSED] - navigateToUrl: Navigate to 'https://assist2-uat.perkeso.gov.my/c/portal/logout' successfully

2018-12-11 17:38:30 - [MESSAGE][PASSED] - Navigate to 'https://assist2-uat.perkeso.gov.my/c/portal/logout' successfully

2018-12-11 17:38:30 - [MESSAGE][PASSED] - Call Test Case 'Test Cases/Final Aug 2018 - PKS Automation/Registration Module/Log Out/log out avoiding katalon tagging' successfully

2018-12-11 17:38:30 - [TEST_STEP][PASSED] - callTestCase: Call Test Case 'Test Cases/Final Aug 2018 - PKS Automation/Common/Workflow Owner Finder' successfully

2018-12-11 17:38:30 - [TEST_CASE][PASSED] - Test Cases/Final Aug 2018 - PKS Automation/Common/Workflow Owner Finder: Test Cases/Final Aug 2018 - PKS Automation/Common/Workflow Owner Finder

2018-12-11 17:38:30 - [TEST_STEP][PASSED] - openBrowser: Browser is opened with url: ''

2018-12-11 17:38:30 - [MESSAGE][WARNING] - A browser is already opened. Closing browser and opening a new one

2018-12-11 17:38:34 - [MESSAGE][PASSED] - Browser is opened with url: ''

2018-12-11 17:38:34 - [TEST_STEP][PASSED] - navigateToUrl: Navigate to 'https://assist2-uat.perkeso.gov.my/login' successfully

2018-12-11 17:38:35 - [MESSAGE][PASSED] - Navigate to 'https://assist2-uat.perkeso.gov.my/login' successfully

2018-12-11 17:38:35 - [TEST_STEP][PASSED] - delay: Delayed 5 second(s)

2018-12-11 17:38:40 - [MESSAGE][PASSED] - Delayed 5 second(s)

2018-12-11 17:38:40 - [TEST_STEP][PASSED] - setText: Text 'test@liferay.com' is set on object 'Object Repository/Final Object Repo/Login Page/Internal User/Email Address'

2018-12-11 17:38:40 - [MESSAGE][PASSED] - Text 'test@liferay.com' is set on object 'Object Repository/Final Object Repo/Login Page/Internal User/Email Address'

2018-12-11 17:38:40 - [TEST_STEP][PASSED] - click: Object: 'Object Repository/Final Object Repo/Login Page/Internal User/Next Button' is clicked on

2018-12-11 17:38:40 - [MESSAGE][PASSED] - Object: 'Object Repository/Final Object Repo/Login Page/Internal User/Next Button' is clicked on

2018-12-11 17:38:40 - [TEST_STEP][PASSED] - delay: Delayed 2 second(s)

2018-12-11 17:38:42 - [MESSAGE][PASSED] - Delayed 2 second(s)

2018-12-11 17:38:42 - [TEST_STEP][PASSED] - setText: Text 'test' is set on object 'Object Repository/Final Object Repo/Login Page/Internal User/Password'

2018-12-11 17:38:42 - [MESSAGE][PASSED] - Text 'test' is set on object 'Object Repository/Final Object Repo/Login Page/Internal User/Password'

2018-12-11 17:38:42 - [TEST_STEP][PASSED] - delay: Delayed 2 second(s)

2018-12-11 17:38:45 - [MESSAGE][PASSED] - Delayed 2 second(s)

2018-12-11 17:38:45 - [TEST_STEP][PASSED] - click: Object: 'Object Repository/Final Object Repo/Login Page/Internal User/Login Button' is clicked on

2018-12-11 17:38:45 - [MESSAGE][PASSED] - Object: 'Object Repository/Final Object Repo/Login Page/Internal User/Login Button' is clicked on

2018-12-11 17:38:45 - [TEST_STEP][PASSED] - Statement - tester = com.kms.katalon.core.testobject.ObjectRepository.findTestObject(Final Object Repo/Landing Page/Select to English): Finding Test Object with id 'Object Repository/Final Object Repo/Landing Page/Select to English'

2018-12-11 17:38:45 - [TEST_STEP][PASSED] - Statement - Try: Delayed 2 second(s)

2018-12-11 17:38:45 - [TEST_STEP][PASSED] - Statement - Checker = com.kms.katalon.core.webui.keyword.WebUiBuiltInKeywords.verifyElementNotPresent(tester, 3): Web element with id: 'Object Repository/Final Object Repo/Landing Page/Select to English' located by 'By.xpath: //a[@class = 'taglib-language-list-text' and @lang = 'en-US' and (contains(text(), 'EN') or contains(., 'EN'))]' is not present after '3' second(s)

2018-12-11 17:38:47 - [MESSAGE][PASSED] - Web element with id: 'Object Repository/Final Object Repo/Landing Page/Select to English' located by 'By.xpath: //a[@class = 'taglib-language-list-text' and @lang = 'en-US' and (contains(text(), 'EN') or contains(., 'EN'))]' is not present after '3' second(s)

2018-12-11 17:38:47 - [TEST_STEP][PASSED] - Statement - If (Checker == false): null

2018-12-11 17:38:47 - [TEST_STEP][PASSED] - delay: Delayed 2 second(s)

2018-12-11 17:38:49 - [MESSAGE][PASSED] - Delayed 2 second(s)

2018-12-11 17:38:49 - [TEST_STEP][PASSED] - delay: Delayed 5 second(s)

2018-12-11 17:38:54 - [MESSAGE][PASSED] - Delayed 5 second(s)

2018-12-11 17:38:54 - [TEST_STEP][PASSED] - mouseOver: Object: 'Object Repository/Final Object Repo/Landing Page/WorkFlow Menu' is hovered

2018-12-11 17:38:54 - [MESSAGE][PASSED] - Object: 'Object Repository/Final Object Repo/Landing Page/WorkFlow Menu' is hovered

2018-12-11 17:38:54 - [TEST_STEP][PASSED] - delay: Delayed 2 second(s)

2018-12-11 17:38:56 - [MESSAGE][PASSED] - Delayed 2 second(s)

2018-12-11 17:38:56 - [TEST_STEP][PASSED] - click: Object: 'Object Repository/Final Object Repo/Landing Page/Select to Workflow Listing' is clicked on

2018-12-11 17:38:57 - [MESSAGE][PASSED] - Object: 'Object Repository/Final Object Repo/Landing Page/Select to Workflow Listing' is clicked on

2018-12-11 17:38:57 - [TEST_STEP][PASSED] - delay: Delayed 2 second(s)

2018-12-11 17:38:59 - [MESSAGE][PASSED] - Delayed 2 second(s)

2018-12-11 17:38:59 - [TEST_STEP][PASSED] - click: Object: 'Object Repository/Final Object Repo/WorkFlow Listing Page/Search Information - To Put Ref No' is clicked on

2018-12-11 17:38:59 - [MESSAGE][PASSED] - Object: 'Object Repository/Final Object Repo/WorkFlow Listing Page/Search Information - To Put Ref No' is clicked on

2018-12-11 17:38:59 - [TEST_STEP][PASSED] - delay: Delayed 2 second(s)

2018-12-11 17:39:01 - [MESSAGE][PASSED] - Delayed 2 second(s)

2018-12-11 17:39:01 - [TEST_STEP][PASSED] - callTestCase: Call Test Case 'Test Cases/Final Aug 2018 - PKS Automation/Common/Reference Number Getter' successfully

2018-12-11 17:39:01 - [TEST_CASE][PASSED] - Test Cases/Final Aug 2018 - PKS Automation/Common/Reference Number Getter: Test Cases/Final Aug 2018 - PKS Automation/Common/Reference Number Getter

2018-12-11 17:39:01 - [TEST_STEP][PASSED] - Statement - Try: null

2018-12-11 17:39:01 - [TEST_STEP][PASSED] - Statement - RefNo = new java.io.File(C://Users//Admin//Desktop//PKS//Automation Reference Point//KatalonReference.txt): null

2018-12-11 17:39:01 - [TEST_STEP][PASSED] - Statement - bufferread = new java.io.BufferedReader(new java.io.FileReader(RefNo)): null

2018-12-11 17:39:01 - [TEST_STEP][PASSED] - Statement - readedVal = bufferread.readLine(): null

2018-12-11 17:39:01 - [TEST_STEP][PASSED] - Statement - out.println(CaseReferenceNo): null

2018-12-11 17:39:01 - [TEST_STEP][PASSED] - Statement - out.println(readedVal): null

2018-12-11 17:39:01 - [TEST_STEP][PASSED] - Statement - CaseReferenceNo = "": null

2018-12-11 17:39:01 - [TEST_STEP][PASSED] - Statement - CaseReferenceNo = readedVal: null

2018-12-11 17:39:01 - [MESSAGE][PASSED] - Call Test Case 'Test Cases/Final Aug 2018 - PKS Automation/Common/Reference Number Getter' successfully

2018-12-11 17:39:01 - [TEST_STEP][PASSED] - setText: Text 'CAN12201800002307' is set on object 'Object Repository/Final Object Repo/WorkFlow Listing Page/Ref No Set Text'

2018-12-11 17:39:01 - [MESSAGE][PASSED] - Text 'CAN12201800002307' is set on object 'Object Repository/Final Object Repo/WorkFlow Listing Page/Ref No Set Text'

2018-12-11 17:39:01 - [TEST_STEP][PASSED] - delay: Delayed 2 second(s)

2018-12-11 17:39:03 - [MESSAGE][PASSED] - Delayed 2 second(s)

2018-12-11 17:39:03 - [TEST_STEP][PASSED] - click: Object: 'Object Repository/Final Object Repo/WorkFlow Listing Page/Search Ref No Search Button' is clicked on

2018-12-11 17:39:04 - [MESSAGE][PASSED] - Object: 'Object Repository/Final Object Repo/WorkFlow Listing Page/Search Ref No Search Button' is clicked on

2018-12-11 17:39:04 - [TEST_STEP][PASSED] - delay: Delayed 6 second(s)

2018-12-11 17:39:10 - [MESSAGE][PASSED] - Delayed 6 second(s)

2018-12-11 17:39:10 - [TEST_STEP][PASSED] - click: Object: 'Object Repository/Final Object Repo/WorkFlow Listing Page/Click Continue Tooltip' is clicked on

2018-12-11 17:39:10 - [MESSAGE][PASSED] - Object: 'Object Repository/Final Object Repo/WorkFlow Listing Page/Click Continue Tooltip' is clicked on

2018-12-11 17:39:10 - [TEST_STEP][PASSED] - delay: Delayed 5 second(s)

2018-12-11 17:39:15 - [MESSAGE][PASSED] - Delayed 5 second(s)

2018-12-11 17:39:15 - [TEST_STEP][PASSED] - doubleClick: Object: 'Object Repository/Final Object Repo/WorkFlow Listing Page/Workflow Found - Listing 1' is double clicked on

2018-12-11 17:39:16 - [MESSAGE][PASSED] - Object: 'Object Repository/Final Object Repo/WorkFlow Listing Page/Workflow Found - Listing 1' is double clicked on

2018-12-11 17:39:16 - [TEST_STEP][PASSED] - Statement - println(OwnerID): null

2018-12-11 17:39:16 - [TEST_STEP][PASSED] - Statement - OwnerID = com.kms.katalon.core.webui.keyword.WebUiBuiltInKeywords.getText(com.kms.katalon.core.testobject.ObjectRepository.findTestObject(Final Object Repo/WorkFlow Listing Page/Workflow Found - Listing 1), STOP_ON_FAILURE): Text of object 'Object Repository/Final Object Repo/WorkFlow Listing Page/Workflow Found - Listing 1' is: 'JOHORro2'

2018-12-11 17:39:16 - [MESSAGE][PASSED] - Text of object 'Object Repository/Final Object Repo/WorkFlow Listing Page/Workflow Found - Listing 1' is: 'JOHORro2'

2018-12-11 17:39:16 - [TEST_STEP][PASSED] - Statement - OwnerID = OwnerID.toLowerCase() + "@gmail.com": null

2018-12-11 17:39:16 - [TEST_STEP][PASSED] - Statement - println(OwnerID): null

2018-12-11 17:39:16 - [TEST_STEP][PASSED] - delay: Delayed 2 second(s)

2018-12-11 17:39:18 - [MESSAGE][PASSED] - Delayed 2 second(s)

2018-12-11 17:39:18 - [MESSAGE][PASSED] - Call Test Case 'Test Cases/Final Aug 2018 - PKS Automation/Common/Workflow Owner Finder' successfully

2018-12-11 17:39:18 - [TEST_STEP][PASSED] - callTestCase: Call Test Case 'Test Cases/Final Aug 2018 - PKS Automation/Registration Module/Log Out/log out avoiding katalon tagging' successfully

2018-12-11 17:39:18 - [TEST_CASE][PASSED] - Test Cases/Final Aug 2018 - PKS Automation/Registration Module/Log Out/log out avoiding katalon tagging: Test Cases/Final Aug 2018 - PKS Automation/Registration Module/Log Out/log out avoiding katalon tagging

2018-12-11 17:39:18 - [TEST_STEP][PASSED] - navigateToUrl: Navigate to 'https://assist2-uat.perkeso.gov.my/c/portal/logout' successfully

2018-12-11 17:39:18 - [MESSAGE][PASSED] - Navigate to 'https://assist2-uat.perkeso.gov.my/c/portal/logout' successfully

2018-12-11 17:39:18 - [MESSAGE][PASSED] - Call Test Case 'Test Cases/Final Aug 2018 - PKS Automation/Registration Module/Log Out/log out avoiding katalon tagging' successfully

2018-12-11 17:39:18 - [TEST_STEP][PASSED] - delay: Delayed 2 second(s)

2018-12-11 17:39:20 - [MESSAGE][PASSED] - Delayed 2 second(s)

2018-12-11 17:39:20 - [TEST_STEP][PASSED] - setText: Text 'johorro2@gmail.com' is set on object 'Object Repository/Final Object Repo/Page_Update Add New Employee - ASSIST/Email TextBox'

2018-12-11 17:39:21 - [MESSAGE][PASSED] - Text 'johorro2@gmail.com' is set on object 'Object Repository/Final Object Repo/Page_Update Add New Employee - ASSIST/Email TextBox'

2018-12-11 17:39:21 - [TEST_STEP][PASSED] - click: Object: 'Object Repository/Final Object Repo/Page_Update Add New Employee - ASSIST/Next Button' is clicked on

2018-12-11 17:39:21 - [MESSAGE][PASSED] - Object: 'Object Repository/Final Object Repo/Page_Update Add New Employee - ASSIST/Next Button' is clicked on

2018-12-11 17:39:21 - [TEST_STEP][PASSED] - delay: Delayed 2 second(s)

2018-12-11 17:39:23 - [MESSAGE][PASSED] - Delayed 2 second(s)

2018-12-11 17:39:23 - [TEST_STEP][PASSED] - setText: Text 'Test1@3456789' is set on object 'Object Repository/Final Object Repo/Page_Update Add New Employee - ASSIST/Password TextBox'

2018-12-11 17:39:23 - [MESSAGE][PASSED] - Text 'Test1@3456789' is set on object 'Object Repository/Final Object Repo/Page_Update Add New Employee - ASSIST/Password TextBox'

2018-12-11 17:39:23 - [TEST_STEP][PASSED] - delay: Delayed 2 second(s)

2018-12-11 17:39:25 - [MESSAGE][PASSED] - Delayed 2 second(s)

2018-12-11 17:39:25 - [TEST_STEP][PASSED] - click: Object: 'Object Repository/Final Object Repo/Page_Update Add New Employee - ASSIST/Login Button' is clicked on

2018-12-11 17:39:25 - [MESSAGE][PASSED] - Object: 'Object Repository/Final Object Repo/Page_Update Add New Employee - ASSIST/Login Button' is clicked on

2018-12-11 17:39:25 - [TEST_STEP][PASSED] - delay: Delayed 4 second(s)

2018-12-11 17:39:29 - [MESSAGE][PASSED] - Delayed 4 second(s)

2018-12-11 17:39:29 - [TEST_STEP][PASSED] - Statement - Try: Delayed 2 second(s)

2018-12-11 17:39:29 - [TEST_STEP][PASSED] - Statement - Checker = false: null

2018-12-11 17:39:29 - [TEST_STEP][PASSED] - Statement - Checker = com.kms.katalon.core.webui.keyword.WebUiBuiltInKeywords.verifyElementHasAttribute(com.kms.katalon.core.testobject.ObjectRepository.findTestObject(Final Object Repo/Landing Page/BM Detecting), "href", 20, OPTIONAL): Object 'Object Repository/Final Object Repo/Landing Page/BM Detecting' has attribute 'href'

2018-12-11 17:39:29 - [MESSAGE][PASSED] - Object 'Object Repository/Final Object Repo/Landing Page/BM Detecting' has attribute 'href'

2018-12-11 17:39:29 - [TEST_STEP][PASSED] - Statement - out.println(Checker): null

2018-12-11 17:39:29 - [TEST_STEP][PASSED] - Statement - If (Checker == false): null

2018-12-11 17:39:29 - [TEST_STEP][PASSED] - Statement - Else: null

2018-12-11 17:39:29 - [TEST_STEP][PASSED] - delay: Delayed 2 second(s)

2018-12-11 17:39:31 - [MESSAGE][PASSED] - Delayed 2 second(s)

2018-12-11 17:39:31 - [TEST_STEP][PASSED] - delay: Delayed 4 second(s)

2018-12-11 17:39:35 - [MESSAGE][PASSED] - Delayed 4 second(s)

2018-12-11 17:39:35 - [TEST_STEP][PASSED] - click: Object: 'Object Repository/Final Object Repo/New Registration - Registration Module Pages/New Reg - OTC to RO/Special Case - All Related Objects/Expand to Search' is clicked on

2018-12-11 17:39:36 - [MESSAGE][PASSED] - Object: 'Object Repository/Final Object Repo/New Registration - Registration Module Pages/New Reg - OTC to RO/Special Case - All Related Objects/Expand to Search' is clicked on

2018-12-11 17:39:36 - [TEST_STEP][PASSED] - delay: Delayed 2 second(s)

2018-12-11 17:39:38 - [MESSAGE][PASSED] - Delayed 2 second(s)

2018-12-11 17:39:38 - [TEST_STEP][PASSED] - setText: Text 'CAN12201800002307' is set on object 'Object Repository/Final Object Repo/New Registration - Registration Module Pages/New Reg - OTC to RO/Special Case - All Related Objects/TextBox RefNo in Workbasket'

2018-12-11 17:39:38 - [MESSAGE][PASSED] - Text 'CAN12201800002307' is set on object 'Object Repository/Final Object Repo/New Registration - Registration Module Pages/New Reg - OTC to RO/Special Case - All Related Objects/TextBox RefNo in Workbasket'

2018-12-11 17:39:38 - [TEST_STEP][PASSED] - delay: Delayed 2 second(s)

2018-12-11 17:39:40 - [MESSAGE][PASSED] - Delayed 2 second(s)

2018-12-11 17:39:40 - [TEST_STEP][PASSED] - click: Object: 'Object Repository/Final Object Repo/New Registration - Registration Module Pages/New Reg - OTC to RO/Special Case - All Related Objects/Click Search' is clicked on

2018-12-11 17:39:40 - [MESSAGE][PASSED] - Object: 'Object Repository/Final Object Repo/New Registration - Registration Module Pages/New Reg - OTC to RO/Special Case - All Related Objects/Click Search' is clicked on

2018-12-11 17:39:40 - [TEST_STEP][PASSED] - delay: Delayed 2 second(s)

2018-12-11 17:39:42 - [MESSAGE][PASSED] - Delayed 2 second(s)

2018-12-11 17:39:42 - [TEST_STEP][PASSED] - click: Object: 'Object Repository/Final Object Repo/New Registration - Registration Module Pages/New Reg - OTC to RO/Special Case - All Related Objects/Click to Continue Workflow' is clicked on

2018-12-11 17:39:46 - [MESSAGE][PASSED] - Object: 'Object Repository/Final Object Repo/New Registration - Registration Module Pages/New Reg - OTC to RO/Special Case - All Related Objects/Click to Continue Workflow' is clicked on

2018-12-11 17:39:46 - [TEST_STEP][PASSED] - delay: Delayed 10 second(s)

2018-12-11 17:39:56 - [MESSAGE][PASSED] - Delayed 10 second(s)

2018-12-11 17:39:56 - [TEST_STEP][PASSED] - click: Object: 'Object Repository/Final Object Repo/New Registration - Registration Module Pages/New Reg - OTC to RO/Special Case - All Related Objects/Continue Button in verifying case' is clicked on

2018-12-11 17:39:59 - [MESSAGE][PASSED] - Object: 'Object Repository/Final Object Repo/New Registration - Registration Module Pages/New Reg - OTC to RO/Special Case - All Related Objects/Continue Button in verifying case' is clicked on

2018-12-11 17:39:59 - [TEST_STEP][PASSED] - delay: Delayed 2 second(s)

2018-12-11 17:40:01 - [MESSAGE][PASSED] - Delayed 2 second(s)

2018-12-11 17:40:01 - [TEST_STEP][PASSED] - click: Object: 'Object Repository/Final Object Repo/Page_Update Add New Employee - ASSIST/Save  Continue Button' is clicked on

2018-12-11 17:40:02 - [MESSAGE][PASSED] - Object: 'Object Repository/Final Object Repo/Page_Update Add New Employee - ASSIST/Save  Continue Button' is clicked on

2018-12-11 17:40:02 - [TEST_STEP][PASSED] - delay: Delayed 4 second(s)

2018-12-11 17:40:06 - [MESSAGE][PASSED] - Delayed 4 second(s)

2018-12-11 17:40:06 - [TEST_STEP][PASSED] - click: Object: 'Object Repository/Final Object Repo/Page_Update Add New Employee - ASSIST/Save  Continue Third Screen' is clicked on

2018-12-11 17:40:08 - [MESSAGE][PASSED] - Object: 'Object Repository/Final Object Repo/Page_Update Add New Employee - ASSIST/Save  Continue Third Screen' is clicked on

2018-12-11 17:40:08 - [TEST_STEP][PASSED] - delay: Delayed 4 second(s)

2018-12-11 17:40:12 - [MESSAGE][PASSED] - Delayed 4 second(s)

2018-12-11 17:40:12 - [TEST_STEP][PASSED] - click: Object: 'Object Repository/Final Object Repo/Page_Update Add New Employee - ASSIST/Save   Continue Supporting Doc Page' is clicked on

2018-12-11 17:40:12 - [MESSAGE][PASSED] - Object: 'Object Repository/Final Object Repo/Page_Update Add New Employee - ASSIST/Save   Continue Supporting Doc Page' is clicked on

2018-12-11 17:40:12 - [TEST_STEP][PASSED] - delay: Delayed 4 second(s)

2018-12-11 17:40:16 - [MESSAGE][PASSED] - Delayed 4 second(s)

2018-12-11 17:40:16 - [TEST_STEP][PASSED] - click: Object: 'Object Repository/Final Object Repo/Page_Update Add New Employee - ASSIST/Submit Button' is clicked on

2018-12-11 17:40:17 - [MESSAGE][PASSED] - Object: 'Object Repository/Final Object Repo/Page_Update Add New Employee - ASSIST/Submit Button' is clicked on

2018-12-11 17:40:17 - [TEST_STEP][PASSED] - delay: Delayed 4 second(s)

2018-12-11 17:40:21 - [MESSAGE][PASSED] - Delayed 4 second(s)

2018-12-11 17:40:21 - [TEST_STEP][PASSED] - click: Object: 'Object Repository/Final Object Repo/Page_Update Add New Employee - ASSIST/Confirm Submit Button' is clicked on

2018-12-11 17:40:21 - [MESSAGE][PASSED] - Object: 'Object Repository/Final Object Repo/Page_Update Add New Employee - ASSIST/Confirm Submit Button' is clicked on

2018-12-11 17:40:21 - [TEST_STEP][PASSED] - delay: Delayed 30 second(s)

2018-12-11 17:40:51 - [MESSAGE][PASSED] - Delayed 30 second(s)

2018-12-11 17:40:51 - [TEST_STEP][PASSED] - callTestCase: Call Test Case 'Test Cases/Final Aug 2018 - PKS Automation/Common/Screenshoting tool' successfully

2018-12-11 17:40:51 - [TEST_CASE][PASSED] - Test Cases/Final Aug 2018 - PKS Automation/Common/Screenshoting tool: Test Cases/Final Aug 2018 - PKS Automation/Common/Screenshoting tool

2018-12-11 17:40:51 - [TEST_STEP][PASSED] - delay: Delayed 15 second(s)

2018-12-11 17:41:06 - [MESSAGE][PASSED] - Delayed 15 second(s)

2018-12-11 17:41:06 - [TEST_STEP][PASSED] - Statement - driver = com.kms.katalon.core.webui.driver.DriverFactory.getWebDriver(): null

2018-12-11 17:41:06 - [TEST_STEP][PASSED] - Statement - driver.manage().timeouts().implicitlyWait(10, SECONDS): null

2018-12-11 17:41:06 - [TEST_STEP][PASSED] - Statement - PresavePath = KatalonScreenshots: null

2018-12-11 17:41:06 - [TEST_STEP][PASSED] - Statement - pathPrefix = "C:\Users\Public\Pictures\Sample Pictures\Katalon Screenshots\Automate Ending Screen": null

2018-12-11 17:41:06 - [TEST_STEP][PASSED] - Statement - finalPath = <not implemented yet for class: org.codehaus.groovy.ast.expr.EmptyExpression>: null

2018-12-11 17:41:06 - [TEST_STEP][PASSED] - Statement - scrFile = driver.getScreenshotAs(FILE): null

2018-12-11 17:41:06 - [TEST_STEP][PASSED] - Statement - PreSaveFile = new java.io.File(PresavePath): null

2018-12-11 17:41:06 - [TEST_STEP][PASSED] - Statement - counter = 0: null

2018-12-11 17:41:06 - [TEST_STEP][PASSED] - Statement - If (PreSaveFile.exists()): null

2018-12-11 17:41:06 - [TEST_STEP][PASSED] - Statement - While (PreSaveFile.exists()): null

2018-12-11 17:41:06 - [TEST_STEP][PASSED] - Statement - counter = counter + 1: null

2018-12-11 17:41:06 - [TEST_STEP][PASSED] - Statement - PreSaveFile = new java.io.File(((pathPrefix + java.lang.Integer.toString(counter)) + .png)): null

2018-12-11 17:41:06 - [TEST_STEP][PASSED] - Statement - counter = counter + 1: null

2018-12-11 17:41:06 - [TEST_STEP][PASSED] - Statement - PreSaveFile = new java.io.File(((pathPrefix + java.lang.Integer.toString(counter)) + .png)): null

2018-12-11 17:41:06 - [TEST_STEP][PASSED] - Statement - counter = counter + 1: null

2018-12-11 17:41:06 - [TEST_STEP][PASSED] - Statement - PreSaveFile = new java.io.File(((pathPrefix + java.lang.Integer.toString(counter)) + .png)): null

2018-12-11 17:41:06 - [TEST_STEP][PASSED] - Statement - counter = counter + 1: null

2018-12-11 17:41:06 - [TEST_STEP][PASSED] - Statement - PreSaveFile = new java.io.File(((pathPrefix + java.lang.Integer.toString(counter)) + .png)): null

2018-12-11 17:41:06 - [TEST_STEP][PASSED] - Statement - counter = counter + 1: null

2018-12-11 17:41:06 - [TEST_STEP][PASSED] - Statement - PreSaveFile = new java.io.File(((pathPrefix + java.lang.Integer.toString(counter)) + .png)): null

2018-12-11 17:41:06 - [TEST_STEP][PASSED] - Statement - counter = counter + 1: null

2018-12-11 17:41:06 - [TEST_STEP][PASSED] - Statement - PreSaveFile = new java.io.File(((pathPrefix + java.lang.Integer.toString(counter)) + .png)): null

2018-12-11 17:41:06 - [TEST_STEP][PASSED] - Statement - counter = counter + 1: null

2018-12-11 17:41:06 - [TEST_STEP][PASSED] - Statement - PreSaveFile = new java.io.File(((pathPrefix + java.lang.Integer.toString(counter)) + .png)): null

2018-12-11 17:41:06 - [TEST_STEP][PASSED] - Statement - counter = counter + 1: null

2018-12-11 17:41:06 - [TEST_STEP][PASSED] - Statement - PreSaveFile = new java.io.File(((pathPrefix + java.lang.Integer.toString(counter)) + .png)): null

2018-12-11 17:41:06 - [TEST_STEP][PASSED] - Statement - counter = counter + 1: null

2018-12-11 17:41:06 - [TEST_STEP][PASSED] - Statement - PreSaveFile = new java.io.File(((pathPrefix + java.lang.Integer.toString(counter)) + .png)): null

2018-12-11 17:41:06 - [TEST_STEP][PASSED] - Statement - counter = counter + 1: null

2018-12-11 17:41:06 - [TEST_STEP][PASSED] - Statement - PreSaveFile = new java.io.File(((pathPrefix + java.lang.Integer.toString(counter)) + .png)): null

2018-12-11 17:41:06 - [TEST_STEP][PASSED] - Statement - counter = counter + 1: null

2018-12-11 17:41:06 - [TEST_STEP][PASSED] - Statement - PreSaveFile = new java.io.File(((pathPrefix + java.lang.Integer.toString(counter)) + .png)): null

2018-12-11 17:41:06 - [TEST_STEP][PASSED] - Statement - counter = counter + 1: null

2018-12-11 17:41:06 - [TEST_STEP][PASSED] - Statement - PreSaveFile = new java.io.File(((pathPrefix + java.lang.Integer.toString(counter)) + .png)): null

2018-12-11 17:41:06 - [TEST_STEP][PASSED] - Statement - counter = counter + 1: null

2018-12-11 17:41:06 - [TEST_STEP][PASSED] - Statement - PreSaveFile = new java.io.File(((pathPrefix + java.lang.Integer.toString(counter)) + .png)): null

2018-12-11 17:41:06 - [TEST_STEP][PASSED] - Statement - counter = counter + 1: null

2018-12-11 17:41:06 - [TEST_STEP][PASSED] - Statement - PreSaveFile = new java.io.File(((pathPrefix + java.lang.Integer.toString(counter)) + .png)): null

2018-12-11 17:41:06 - [TEST_STEP][PASSED] - Statement - counter = counter + 1: null

2018-12-11 17:41:06 - [TEST_STEP][PASSED] - Statement - PreSaveFile = new java.io.File(((pathPrefix + java.lang.Integer.toString(counter)) + .png)): null

2018-12-11 17:41:06 - [TEST_STEP][PASSED] - Statement - counter = counter + 1: null

2018-12-11 17:41:06 - [TEST_STEP][PASSED] - Statement - PreSaveFile = new java.io.File(((pathPrefix + java.lang.Integer.toString(counter)) + .png)): null

2018-12-11 17:41:06 - [TEST_STEP][PASSED] - Statement - counter = counter + 1: null

2018-12-11 17:41:06 - [TEST_STEP][PASSED] - Statement - PreSaveFile = new java.io.File(((pathPrefix + java.lang.Integer.toString(counter)) + .png)): null

2018-12-11 17:41:06 - [TEST_STEP][PASSED] - Statement - counter = counter + 1: null

2018-12-11 17:41:06 - [TEST_STEP][PASSED] - Statement - PreSaveFile = new java.io.File(((pathPrefix + java.lang.Integer.toString(counter)) + .png)): null

2018-12-11 17:41:06 - [TEST_STEP][PASSED] - Statement - counter = counter + 1: null

2018-12-11 17:41:06 - [TEST_STEP][PASSED] - Statement - PreSaveFile = new java.io.File(((pathPrefix + java.lang.Integer.toString(counter)) + .png)): null

2018-12-11 17:41:06 - [TEST_STEP][PASSED] - Statement - counter = counter + 1: null

2018-12-11 17:41:06 - [TEST_STEP][PASSED] - Statement - PreSaveFile = new java.io.File(((pathPrefix + java.lang.Integer.toString(counter)) + .png)): null

2018-12-11 17:41:06 - [TEST_STEP][PASSED] - Statement - counter = counter + 1: null

2018-12-11 17:41:06 - [TEST_STEP][PASSED] - Statement - PreSaveFile = new java.io.File(((pathPrefix + java.lang.Integer.toString(counter)) + .png)): null

2018-12-11 17:41:06 - [TEST_STEP][PASSED] - Statement - counter = counter + 1: null

2018-12-11 17:41:06 - [TEST_STEP][PASSED] - Statement - PreSaveFile = new java.io.File(((pathPrefix + java.lang.Integer.toString(counter)) + .png)): null

2018-12-11 17:41:06 - [TEST_STEP][PASSED] - Statement - counter = counter + 1: null

2018-12-11 17:41:06 - [TEST_STEP][PASSED] - Statement - PreSaveFile = new java.io.File(((pathPrefix + java.lang.Integer.toString(counter)) + .png)): null

2018-12-11 17:41:06 - [TEST_STEP][PASSED] - Statement - counter = counter + 1: null

2018-12-11 17:41:06 - [TEST_STEP][PASSED] - Statement - PreSaveFile = new java.io.File(((pathPrefix + java.lang.Integer.toString(counter)) + .png)): null

2018-12-11 17:41:06 - [TEST_STEP][PASSED] - Statement - counter = counter + 1: null

2018-12-11 17:41:06 - [TEST_STEP][PASSED] - Statement - PreSaveFile = new java.io.File(((pathPrefix + java.lang.Integer.toString(counter)) + .png)): null

2018-12-11 17:41:06 - [TEST_STEP][PASSED] - Statement - counter = counter + 1: null

2018-12-11 17:41:06 - [TEST_STEP][PASSED] - Statement - PreSaveFile = new java.io.File(((pathPrefix + java.lang.Integer.toString(counter)) + .png)): null

2018-12-11 17:41:06 - [TEST_STEP][PASSED] - Statement - counter = counter + 1: null

2018-12-11 17:41:06 - [TEST_STEP][PASSED] - Statement - PreSaveFile = new java.io.File(((pathPrefix + java.lang.Integer.toString(counter)) + .png)): null

2018-12-11 17:41:06 - [TEST_STEP][PASSED] - Statement - counter = counter + 1: null

2018-12-11 17:41:06 - [TEST_STEP][PASSED] - Statement - PreSaveFile = new java.io.File(((pathPrefix + java.lang.Integer.toString(counter)) + .png)): null

2018-12-11 17:41:06 - [TEST_STEP][PASSED] - Statement - counter = counter + 1: null

2018-12-11 17:41:06 - [TEST_STEP][PASSED] - Statement - PreSaveFile = new java.io.File(((pathPrefix + java.lang.Integer.toString(counter)) + .png)): null

2018-12-11 17:41:06 - [TEST_STEP][PASSED] - Statement - counter = counter + 1: null

2018-12-11 17:41:06 - [TEST_STEP][PASSED] - Statement - PreSaveFile = new java.io.File(((pathPrefix + java.lang.Integer.toString(counter)) + .png)): null

2018-12-11 17:41:06 - [TEST_STEP][PASSED] - Statement - counter = counter + 1: null

2018-12-11 17:41:06 - [TEST_STEP][PASSED] - Statement - PreSaveFile = new java.io.File(((pathPrefix + java.lang.Integer.toString(counter)) + .png)): null

2018-12-11 17:41:06 - [TEST_STEP][PASSED] - Statement - counter = counter + 1: null

2018-12-11 17:41:06 - [TEST_STEP][PASSED] - Statement - PreSaveFile = new java.io.File(((pathPrefix + java.lang.Integer.toString(counter)) + .png)): null

2018-12-11 17:41:06 - [TEST_STEP][PASSED] - Statement - counter = counter + 1: null

2018-12-11 17:41:06 - [TEST_STEP][PASSED] - Statement - PreSaveFile = new java.io.File(((pathPrefix + java.lang.Integer.toString(counter)) + .png)): null

2018-12-11 17:41:06 - [TEST_STEP][PASSED] - Statement - counter = counter + 1: null

2018-12-11 17:41:06 - [TEST_STEP][PASSED] - Statement - PreSaveFile = new java.io.File(((pathPrefix + java.lang.Integer.toString(counter)) + .png)): null

2018-12-11 17:41:06 - [TEST_STEP][PASSED] - Statement - counter = counter + 1: null

2018-12-11 17:41:06 - [TEST_STEP][PASSED] - Statement - PreSaveFile = new java.io.File(((pathPrefix + java.lang.Integer.toString(counter)) + .png)): null

2018-12-11 17:41:06 - [TEST_STEP][PASSED] - Statement - counter = counter + 1: null

2018-12-11 17:41:06 - [TEST_STEP][PASSED] - Statement - PreSaveFile = new java.io.File(((pathPrefix + java.lang.Integer.toString(counter)) + .png)): null

2018-12-11 17:41:06 - [TEST_STEP][PASSED] - Statement - counter = counter + 1: null

2018-12-11 17:41:06 - [TEST_STEP][PASSED] - Statement - PreSaveFile = new java.io.File(((pathPrefix + java.lang.Integer.toString(counter)) + .png)): null

2018-12-11 17:41:06 - [TEST_STEP][PASSED] - Statement - counter = counter + 1: null

2018-12-11 17:41:06 - [TEST_STEP][PASSED] - Statement - PreSaveFile = new java.io.File(((pathPrefix + java.lang.Integer.toString(counter)) + .png)): null

2018-12-11 17:41:06 - [TEST_STEP][PASSED] - Statement - counter = counter + 1: null

2018-12-11 17:41:06 - [TEST_STEP][PASSED] - Statement - PreSaveFile = new java.io.File(((pathPrefix + java.lang.Integer.toString(counter)) + .png)): null

2018-12-11 17:41:06 - [TEST_STEP][PASSED] - Statement - counter = counter + 1: null

2018-12-11 17:41:06 - [TEST_STEP][PASSED] - Statement - PreSaveFile = new java.io.File(((pathPrefix + java.lang.Integer.toString(counter)) + .png)): null

2018-12-11 17:41:06 - [TEST_STEP][PASSED] - Statement - counter = counter + 1: null

2018-12-11 17:41:06 - [TEST_STEP][PASSED] - Statement - PreSaveFile = new java.io.File(((pathPrefix + java.lang.Integer.toString(counter)) + .png)): null

2018-12-11 17:41:06 - [TEST_STEP][PASSED] - Statement - counter = counter + 1: null

2018-12-11 17:41:06 - [TEST_STEP][PASSED] - Statement - PreSaveFile = new java.io.File(((pathPrefix + java.lang.Integer.toString(counter)) + .png)): null

2018-12-11 17:41:06 - [TEST_STEP][PASSED] - Statement - counter = counter + 1: null

2018-12-11 17:41:06 - [TEST_STEP][PASSED] - Statement - PreSaveFile = new java.io.File(((pathPrefix + java.lang.Integer.toString(counter)) + .png)): null

2018-12-11 17:41:06 - [TEST_STEP][PASSED] - Statement - counter = counter + 1: null

2018-12-11 17:41:06 - [TEST_STEP][PASSED] - Statement - PreSaveFile = new java.io.File(((pathPrefix + java.lang.Integer.toString(counter)) + .png)): null

2018-12-11 17:41:06 - [TEST_STEP][PASSED] - Statement - counter = counter + 1: null

2018-12-11 17:41:06 - [TEST_STEP][PASSED] - Statement - PreSaveFile = new java.io.File(((pathPrefix + java.lang.Integer.toString(counter)) + .png)): null

2018-12-11 17:41:06 - [TEST_STEP][PASSED] - Statement - counter = counter + 1: null

2018-12-11 17:41:06 - [TEST_STEP][PASSED] - Statement - PreSaveFile = new java.io.File(((pathPrefix + java.lang.Integer.toString(counter)) + .png)): null

2018-12-11 17:41:06 - [TEST_STEP][PASSED] - Statement - counter = counter + 1: null

2018-12-11 17:41:06 - [TEST_STEP][PASSED] - Statement - PreSaveFile = new java.io.File(((pathPrefix + java.lang.Integer.toString(counter)) + .png)): null

2018-12-11 17:41:06 - [TEST_STEP][PASSED] - Statement - counter = counter + 1: null

2018-12-11 17:41:06 - [TEST_STEP][PASSED] - Statement - PreSaveFile = new java.io.File(((pathPrefix + java.lang.Integer.toString(counter)) + .png)): null

2018-12-11 17:41:06 - [TEST_STEP][PASSED] - Statement - counter = counter + 1: null

2018-12-11 17:41:06 - [TEST_STEP][PASSED] - Statement - PreSaveFile = new java.io.File(((pathPrefix + java.lang.Integer.toString(counter)) + .png)): null

2018-12-11 17:41:06 - [TEST_STEP][PASSED] - Statement - counter = counter + 1: null

2018-12-11 17:41:06 - [TEST_STEP][PASSED] - Statement - PreSaveFile = new java.io.File(((pathPrefix + java.lang.Integer.toString(counter)) + .png)): null

2018-12-11 17:41:06 - [TEST_STEP][PASSED] - Statement - counter = counter + 1: null

2018-12-11 17:41:06 - [TEST_STEP][PASSED] - Statement - PreSaveFile = new java.io.File(((pathPrefix + java.lang.Integer.toString(counter)) + .png)): null

2018-12-11 17:41:06 - [TEST_STEP][PASSED] - Statement - counter = counter + 1: null

2018-12-11 17:41:06 - [TEST_STEP][PASSED] - Statement - PreSaveFile = new java.io.File(((pathPrefix + java.lang.Integer.toString(counter)) + .png)): null

2018-12-11 17:41:06 - [TEST_STEP][PASSED] - Statement - counter = counter + 1: null

2018-12-11 17:41:06 - [TEST_STEP][PASSED] - Statement - PreSaveFile = new java.io.File(((pathPrefix + java.lang.Integer.toString(counter)) + .png)): null

2018-12-11 17:41:06 - [TEST_STEP][PASSED] - Statement - counter = counter + 1: null

2018-12-11 17:41:06 - [TEST_STEP][PASSED] - Statement - PreSaveFile = new java.io.File(((pathPrefix + java.lang.Integer.toString(counter)) + .png)): null

2018-12-11 17:41:06 - [TEST_STEP][PASSED] - Statement - counter = counter + 1: null

2018-12-11 17:41:06 - [TEST_STEP][PASSED] - Statement - PreSaveFile = new java.io.File(((pathPrefix + java.lang.Integer.toString(counter)) + .png)): null

2018-12-11 17:41:06 - [TEST_STEP][PASSED] - Statement - counter = counter + 1: null

2018-12-11 17:41:06 - [TEST_STEP][PASSED] - Statement - PreSaveFile = new java.io.File(((pathPrefix + java.lang.Integer.toString(counter)) + .png)): null

2018-12-11 17:41:06 - [TEST_STEP][PASSED] - Statement - counter = counter + 1: null

2018-12-11 17:41:06 - [TEST_STEP][PASSED] - Statement - PreSaveFile = new java.io.File(((pathPrefix + java.lang.Integer.toString(counter)) + .png)): null

2018-12-11 17:41:06 - [TEST_STEP][PASSED] - Statement - counter = counter + 1: null

2018-12-11 17:41:06 - [TEST_STEP][PASSED] - Statement - PreSaveFile = new java.io.File(((pathPrefix + java.lang.Integer.toString(counter)) + .png)): null

2018-12-11 17:41:06 - [TEST_STEP][PASSED] - Statement - counter = counter + 1: null

2018-12-11 17:41:06 - [TEST_STEP][PASSED] - Statement - PreSaveFile = new java.io.File(((pathPrefix + java.lang.Integer.toString(counter)) + .png)): null

2018-12-11 17:41:06 - [TEST_STEP][PASSED] - Statement - counter = counter + 1: null

2018-12-11 17:41:06 - [TEST_STEP][PASSED] - Statement - PreSaveFile = new java.io.File(((pathPrefix + java.lang.Integer.toString(counter)) + .png)): null

2018-12-11 17:41:06 - [TEST_STEP][PASSED] - Statement - counter = counter + 1: null

2018-12-11 17:41:06 - [TEST_STEP][PASSED] - Statement - PreSaveFile = new java.io.File(((pathPrefix + java.lang.Integer.toString(counter)) + .png)): null

2018-12-11 17:41:06 - [TEST_STEP][PASSED] - Statement - counter = counter + 1: null

2018-12-11 17:41:06 - [TEST_STEP][PASSED] - Statement - PreSaveFile = new java.io.File(((pathPrefix + java.lang.Integer.toString(counter)) + .png)): null

2018-12-11 17:41:06 - [TEST_STEP][PASSED] - Statement - counter = counter + 1: null

2018-12-11 17:41:06 - [TEST_STEP][PASSED] - Statement - PreSaveFile = new java.io.File(((pathPrefix + java.lang.Integer.toString(counter)) + .png)): null

2018-12-11 17:41:06 - [TEST_STEP][PASSED] - Statement - counter = counter + 1: null

2018-12-11 17:41:06 - [TEST_STEP][PASSED] - Statement - PreSaveFile = new java.io.File(((pathPrefix + java.lang.Integer.toString(counter)) + .png)): null

2018-12-11 17:41:06 - [TEST_STEP][PASSED] - Statement - counter = counter + 1: null

2018-12-11 17:41:06 - [TEST_STEP][PASSED] - Statement - PreSaveFile = new java.io.File(((pathPrefix + java.lang.Integer.toString(counter)) + .png)): null

2018-12-11 17:41:06 - [TEST_STEP][PASSED] - Statement - counter = counter + 1: null

2018-12-11 17:41:06 - [TEST_STEP][PASSED] - Statement - PreSaveFile = new java.io.File(((pathPrefix + java.lang.Integer.toString(counter)) + .png)): null

2018-12-11 17:41:06 - [TEST_STEP][PASSED] - Statement - counter = counter + 1: null

2018-12-11 17:41:06 - [TEST_STEP][PASSED] - Statement - PreSaveFile = new java.io.File(((pathPrefix + java.lang.Integer.toString(counter)) + .png)): null

2018-12-11 17:41:06 - [TEST_STEP][PASSED] - Statement - counter = counter + 1: null

2018-12-11 17:41:06 - [TEST_STEP][PASSED] - Statement - PreSaveFile = new java.io.File(((pathPrefix + java.lang.Integer.toString(counter)) + .png)): null

2018-12-11 17:41:06 - [TEST_STEP][PASSED] - Statement - counter = counter + 1: null

2018-12-11 17:41:06 - [TEST_STEP][PASSED] - Statement - PreSaveFile = new java.io.File(((pathPrefix + java.lang.Integer.toString(counter)) + .png)): null

2018-12-11 17:41:06 - [TEST_STEP][PASSED] - Statement - counter = counter + 1: null

2018-12-11 17:41:06 - [TEST_STEP][PASSED] - Statement - PreSaveFile = new java.io.File(((pathPrefix + java.lang.Integer.toString(counter)) + .png)): null

2018-12-11 17:41:06 - [TEST_STEP][PASSED] - Statement - counter = counter + 1: null

2018-12-11 17:41:06 - [TEST_STEP][PASSED] - Statement - PreSaveFile = new java.io.File(((pathPrefix + java.lang.Integer.toString(counter)) + .png)): null

2018-12-11 17:41:06 - [TEST_STEP][PASSED] - Statement - counter = counter + 1: null

2018-12-11 17:41:06 - [TEST_STEP][PASSED] - Statement - PreSaveFile = new java.io.File(((pathPrefix + java.lang.Integer.toString(counter)) + .png)): null

2018-12-11 17:41:06 - [TEST_STEP][PASSED] - Statement - counter = counter + 1: null

2018-12-11 17:41:06 - [TEST_STEP][PASSED] - Statement - PreSaveFile = new java.io.File(((pathPrefix + java.lang.Integer.toString(counter)) + .png)): null

2018-12-11 17:41:06 - [TEST_STEP][PASSED] - Statement - counter = counter + 1: null

2018-12-11 17:41:06 - [TEST_STEP][PASSED] - Statement - PreSaveFile = new java.io.File(((pathPrefix + java.lang.Integer.toString(counter)) + .png)): null

2018-12-11 17:41:06 - [TEST_STEP][PASSED] - Statement - counter = counter + 1: null

2018-12-11 17:41:06 - [TEST_STEP][PASSED] - Statement - PreSaveFile = new java.io.File(((pathPrefix + java.lang.Integer.toString(counter)) + .png)): null

2018-12-11 17:41:06 - [TEST_STEP][PASSED] - Statement - counter = counter + 1: null

2018-12-11 17:41:06 - [TEST_STEP][PASSED] - Statement - PreSaveFile = new java.io.File(((pathPrefix + java.lang.Integer.toString(counter)) + .png)): null

2018-12-11 17:41:06 - [TEST_STEP][PASSED] - Statement - counter = counter + 1: null

2018-12-11 17:41:06 - [TEST_STEP][PASSED] - Statement - PreSaveFile = new java.io.File(((pathPrefix + java.lang.Integer.toString(counter)) + .png)): null

2018-12-11 17:41:06 - [TEST_STEP][PASSED] - Statement - counter = counter + 1: null

2018-12-11 17:41:06 - [TEST_STEP][PASSED] - Statement - PreSaveFile = new java.io.File(((pathPrefix + java.lang.Integer.toString(counter)) + .png)): null

2018-12-11 17:41:06 - [TEST_STEP][PASSED] - Statement - counter = counter + 1: null

2018-12-11 17:41:06 - [TEST_STEP][PASSED] - Statement - PreSaveFile = new java.io.File(((pathPrefix + java.lang.Integer.toString(counter)) + .png)): null

2018-12-11 17:41:06 - [TEST_STEP][PASSED] - Statement - counter = counter + 1: null

2018-12-11 17:41:06 - [TEST_STEP][PASSED] - Statement - PreSaveFile = new java.io.File(((pathPrefix + java.lang.Integer.toString(counter)) + .png)): null

2018-12-11 17:41:06 - [TEST_STEP][PASSED] - Statement - counter = counter + 1: null

2018-12-11 17:41:06 - [TEST_STEP][PASSED] - Statement - PreSaveFile = new java.io.File(((pathPrefix + java.lang.Integer.toString(counter)) + .png)): null

2018-12-11 17:41:06 - [TEST_STEP][PASSED] - Statement - counter = counter + 1: null

2018-12-11 17:41:06 - [TEST_STEP][PASSED] - Statement - PreSaveFile = new java.io.File(((pathPrefix + java.lang.Integer.toString(counter)) + .png)): null

2018-12-11 17:41:06 - [TEST_STEP][PASSED] - Statement - counter = counter + 1: null

2018-12-11 17:41:06 - [TEST_STEP][PASSED] - Statement - PreSaveFile = new java.io.File(((pathPrefix + java.lang.Integer.toString(counter)) + .png)): null

2018-12-11 17:41:06 - [TEST_STEP][PASSED] - Statement - counter = counter + 1: null

2018-12-11 17:41:06 - [TEST_STEP][PASSED] - Statement - PreSaveFile = new java.io.File(((pathPrefix + java.lang.Integer.toString(counter)) + .png)): null

2018-12-11 17:41:06 - [TEST_STEP][PASSED] - Statement - counter = counter + 1: null

2018-12-11 17:41:06 - [TEST_STEP][PASSED] - Statement - PreSaveFile = new java.io.File(((pathPrefix + java.lang.Integer.toString(counter)) + .png)): null

2018-12-11 17:41:06 - [TEST_STEP][PASSED] - Statement - counter = counter + 1: null

2018-12-11 17:41:06 - [TEST_STEP][PASSED] - Statement - PreSaveFile = new java.io.File(((pathPrefix + java.lang.Integer.toString(counter)) + .png)): null

2018-12-11 17:41:06 - [TEST_STEP][PASSED] - Statement - counter = counter + 1: null

2018-12-11 17:41:06 - [TEST_STEP][PASSED] - Statement - PreSaveFile = new java.io.File(((pathPrefix + java.lang.Integer.toString(counter)) + .png)): null

2018-12-11 17:41:06 - [TEST_STEP][PASSED] - Statement - counter = counter + 1: null

2018-12-11 17:41:06 - [TEST_STEP][PASSED] - Statement - PreSaveFile = new java.io.File(((pathPrefix + java.lang.Integer.toString(counter)) + .png)): null

2018-12-11 17:41:06 - [TEST_STEP][PASSED] - Statement - counter = counter + 1: null

2018-12-11 17:41:06 - [TEST_STEP][PASSED] - Statement - PreSaveFile = new java.io.File(((pathPrefix + java.lang.Integer.toString(counter)) + .png)): null

2018-12-11 17:41:06 - [TEST_STEP][PASSED] - Statement - counter = counter + 1: null

2018-12-11 17:41:06 - [TEST_STEP][PASSED] - Statement - PreSaveFile = new java.io.File(((pathPrefix + java.lang.Integer.toString(counter)) + .png)): null

2018-12-11 17:41:06 - [TEST_STEP][PASSED] - Statement - counter = counter + 1: null

2018-12-11 17:41:06 - [TEST_STEP][PASSED] - Statement - PreSaveFile = new java.io.File(((pathPrefix + java.lang.Integer.toString(counter)) + .png)): null

2018-12-11 17:41:06 - [TEST_STEP][PASSED] - Statement - counter = counter + 1: null

2018-12-11 17:41:06 - [TEST_STEP][PASSED] - Statement - PreSaveFile = new java.io.File(((pathPrefix + java.lang.Integer.toString(counter)) + .png)): null

2018-12-11 17:41:06 - [TEST_STEP][PASSED] - Statement - counter = counter + 1: null

2018-12-11 17:41:06 - [TEST_STEP][PASSED] - Statement - PreSaveFile = new java.io.File(((pathPrefix + java.lang.Integer.toString(counter)) + .png)): null

2018-12-11 17:41:06 - [TEST_STEP][PASSED] - Statement - counter = counter + 1: null

2018-12-11 17:41:06 - [TEST_STEP][PASSED] - Statement - PreSaveFile = new java.io.File(((pathPrefix + java.lang.Integer.toString(counter)) + .png)): null

2018-12-11 17:41:06 - [TEST_STEP][PASSED] - Statement - counter = counter + 1: null

2018-12-11 17:41:06 - [TEST_STEP][PASSED] - Statement - PreSaveFile = new java.io.File(((pathPrefix + java.lang.Integer.toString(counter)) + .png)): null

2018-12-11 17:41:06 - [TEST_STEP][PASSED] - Statement - counter = counter + 1: null

2018-12-11 17:41:06 - [TEST_STEP][PASSED] - Statement - PreSaveFile = new java.io.File(((pathPrefix + java.lang.Integer.toString(counter)) + .png)): null

2018-12-11 17:41:06 - [TEST_STEP][PASSED] - Statement - counter = counter + 1: null

2018-12-11 17:41:06 - [TEST_STEP][PASSED] - Statement - PreSaveFile = new java.io.File(((pathPrefix + java.lang.Integer.toString(counter)) + .png)): null

2018-12-11 17:41:06 - [TEST_STEP][PASSED] - Statement - counter = counter + 1: null

2018-12-11 17:41:06 - [TEST_STEP][PASSED] - Statement - PreSaveFile = new java.io.File(((pathPrefix + java.lang.Integer.toString(counter)) + .png)): null

2018-12-11 17:41:06 - [TEST_STEP][PASSED] - Statement - counter = counter + 1: null

2018-12-11 17:41:06 - [TEST_STEP][PASSED] - Statement - PreSaveFile = new java.io.File(((pathPrefix + java.lang.Integer.toString(counter)) + .png)): null

2018-12-11 17:41:06 - [TEST_STEP][PASSED] - Statement - counter = counter + 1: null

2018-12-11 17:41:06 - [TEST_STEP][PASSED] - Statement - PreSaveFile = new java.io.File(((pathPrefix + java.lang.Integer.toString(counter)) + .png)): null

2018-12-11 17:41:06 - [TEST_STEP][PASSED] - Statement - counter = counter + 1: null

2018-12-11 17:41:06 - [TEST_STEP][PASSED] - Statement - PreSaveFile = new java.io.File(((pathPrefix + java.lang.Integer.toString(counter)) + .png)): null

2018-12-11 17:41:06 - [TEST_STEP][PASSED] - Statement - finalPath = pathPrefix + java.lang.Integer.toString(counter) + ".png": null

2018-12-11 17:41:07 - [TEST_STEP][PASSED] - Statement - SaveFile = new java.io.File(finalPath): null

2018-12-11 17:41:07 - [TEST_STEP][PASSED] - Statement - Try: null

2018-12-11 17:41:07 - [TEST_STEP][PASSED] - Statement - org.apache.commons.io.FileUtils.copyFile(scrFile, SaveFile): null

2018-12-11 17:41:07 - [TEST_STEP][PASSED] - Statement - out.println("file kept"): null

2018-12-11 17:41:07 - [TEST_STEP][PASSED] - delay: Delayed 10 second(s)

2018-12-11 17:41:17 - [MESSAGE][PASSED] - Delayed 10 second(s)

2018-12-11 17:41:17 - [MESSAGE][PASSED] - Call Test Case 'Test Cases/Final Aug 2018 - PKS Automation/Common/Screenshoting tool' successfully]]></system-out>
         <system-err><![CDATA[]]></system-err>
      </testcase>
      <testcase name="Test Cases/Final Aug 2018 - PKS Automation/Registration Module/Workflow/Update Add New Employee/Special Case (PKR BO - RO Approve)" classname="Test Cases/Final Aug 2018 - PKS Automation/Registration Module/Workflow/Update Add New Employee/Special Case (PKR BO - RO Approve)" status="PASSED">
         <system-out><![CDATA[2018-12-11 17:41:17 - [TEST_CASE][PASSED] - Test Cases/Final Aug 2018 - PKS Automation/Registration Module/Workflow/Update Add New Employee/Special Case (PKR BO - RO Approve): Test Cases/Final Aug 2018 - PKS Automation/Registration Module/Workflow/Update Add New Employee/Special Case (PKR BO - RO Approve)

2018-12-11 17:41:17 - [TEST_STEP][PASSED] - callTestCase: Call Test Case 'Test Cases/Final Aug 2018 - PKS Automation/Registration Module/Workflow/Update Add New Employee/Template/New Company for Update Add New' successfully

2018-12-11 17:41:17 - [TEST_CASE][PASSED] - Test Cases/Final Aug 2018 - PKS Automation/Registration Module/Workflow/Update Add New Employee/Template/New Company for Update Add New: Test Cases/Final Aug 2018 - PKS Automation/Registration Module/Workflow/Update Add New Employee/Template/New Company for Update Add New

2018-12-11 17:41:17 - [TEST_STEP][PASSED] - callTestCase: Call Test Case 'Test Cases/Final Aug 2018 - PKS Automation/Registration Module/New Registration/Form 1/Form 1 - Corporation - BHD' successfully

2018-12-11 17:41:17 - [TEST_CASE][PASSED] - Test Cases/Final Aug 2018 - PKS Automation/Registration Module/New Registration/Form 1/Form 1 - Corporation - BHD: Test Cases/Final Aug 2018 - PKS Automation/Registration Module/New Registration/Form 1/Form 1 - Corporation - BHD

2018-12-11 17:41:17 - [TEST_STEP][PASSED] - openBrowser: Browser is opened with url: ''

2018-12-11 17:41:17 - [MESSAGE][WARNING] - A browser is already opened. Closing browser and opening a new one

2018-12-11 17:41:21 - [MESSAGE][PASSED] - Browser is opened with url: ''

2018-12-11 17:41:21 - [TEST_STEP][PASSED] - navigateToUrl: Navigate to 'https://assist2-uat.perkeso.gov.my/login' successfully

2018-12-11 17:41:22 - [MESSAGE][PASSED] - Navigate to 'https://assist2-uat.perkeso.gov.my/login' successfully

2018-12-11 17:41:22 - [TEST_STEP][PASSED] - setText: Text 'johorotc1@gmail.com' is set on object 'Object Repository/Final Object Repo/Login Page/Internal User/Email Address'

2018-12-11 17:41:22 - [MESSAGE][PASSED] - Text 'johorotc1@gmail.com' is set on object 'Object Repository/Final Object Repo/Login Page/Internal User/Email Address'

2018-12-11 17:41:22 - [TEST_STEP][PASSED] - click: Object: 'Object Repository/Final Object Repo/Login Page/Internal User/Next Button' is clicked on

2018-12-11 17:41:22 - [MESSAGE][PASSED] - Object: 'Object Repository/Final Object Repo/Login Page/Internal User/Next Button' is clicked on

2018-12-11 17:41:22 - [TEST_STEP][PASSED] - delay: Delayed 1 second(s)

2018-12-11 17:41:23 - [MESSAGE][PASSED] - Delayed 1 second(s)

2018-12-11 17:41:23 - [TEST_STEP][PASSED] - setEncryptedText: Text ****** has been set on object 'Object Repository/Final Object Repo/Login Page/Internal User/Password'

2018-12-11 17:41:24 - [MESSAGE][PASSED] - Text ****** has been set on object 'Object Repository/Final Object Repo/Login Page/Internal User/Password'

2018-12-11 17:41:24 - [TEST_STEP][PASSED] - click: Object: 'Object Repository/Final Object Repo/Login Page/Internal User/Login Button' is clicked on

2018-12-11 17:41:24 - [MESSAGE][PASSED] - Object: 'Object Repository/Final Object Repo/Login Page/Internal User/Login Button' is clicked on

2018-12-11 17:41:24 - [TEST_STEP][PASSED] - delay: Delayed 1 second(s)

2018-12-11 17:41:25 - [MESSAGE][PASSED] - Delayed 1 second(s)

2018-12-11 17:41:25 - [TEST_STEP][PASSED] - Statement - Try: Delayed 2 second(s)

2018-12-11 17:41:25 - [TEST_STEP][PASSED] - Statement - Checker = false: null

2018-12-11 17:41:25 - [TEST_STEP][PASSED] - Statement - Checker = com.kms.katalon.core.webui.keyword.WebUiBuiltInKeywords.verifyElementHasAttribute(com.kms.katalon.core.testobject.ObjectRepository.findTestObject(Final Object Repo/Landing Page/BM Detecting), "href", 20, OPTIONAL): Object 'Object Repository/Final Object Repo/Landing Page/BM Detecting' has attribute 'href'

2018-12-11 17:41:26 - [MESSAGE][PASSED] - Object 'Object Repository/Final Object Repo/Landing Page/BM Detecting' has attribute 'href'

2018-12-11 17:41:26 - [TEST_STEP][PASSED] - Statement - out.println(Checker): null

2018-12-11 17:41:26 - [TEST_STEP][PASSED] - Statement - If (Checker == false): null

2018-12-11 17:41:26 - [TEST_STEP][PASSED] - Statement - Else: null

2018-12-11 17:41:26 - [TEST_STEP][PASSED] - delay: Delayed 2 second(s)

2018-12-11 17:41:28 - [MESSAGE][PASSED] - Delayed 2 second(s)

2018-12-11 17:41:28 - [TEST_STEP][PASSED] - navigateToUrl: Navigate to 'https://assist2-uat.perkeso.gov.my/web/registration/registration' successfully

2018-12-11 17:41:29 - [MESSAGE][PASSED] - Navigate to 'https://assist2-uat.perkeso.gov.my/web/registration/registration' successfully

2018-12-11 17:41:29 - [TEST_STEP][PASSED] - click: Object: 'Object Repository/Final Object Repo/New Registration - Registration Module Pages/Form 1/AEC - No' is clicked on

2018-12-11 17:41:30 - [MESSAGE][PASSED] - Object: 'Object Repository/Final Object Repo/New Registration - Registration Module Pages/Form 1/AEC - No' is clicked on

2018-12-11 17:41:30 - [TEST_STEP][PASSED] - click: Object: 'Object Repository/Final Object Repo/New Registration - Registration Module Pages/Form 1/Business Entity' is clicked on

2018-12-11 17:41:30 - [MESSAGE][PASSED] - Object: 'Object Repository/Final Object Repo/New Registration - Registration Module Pages/Form 1/Business Entity' is clicked on

2018-12-11 17:41:30 - [TEST_STEP][PASSED] - click: Object: 'Object Repository/Final Object Repo/New Registration - Registration Module Pages/Form 1/Businees Entity - Corporation' is clicked on

2018-12-11 17:41:30 - [MESSAGE][PASSED] - Object: 'Object Repository/Final Object Repo/New Registration - Registration Module Pages/Form 1/Businees Entity - Corporation' is clicked on

2018-12-11 17:41:30 - [TEST_STEP][PASSED] - delay: Delayed 1 second(s)

2018-12-11 17:41:31 - [MESSAGE][PASSED] - Delayed 1 second(s)

2018-12-11 17:41:31 - [TEST_STEP][PASSED] - click: Object: 'Object Repository/Final Object Repo/New Registration - Registration Module Pages/Form 1/Sub Business Entity' is clicked on

2018-12-11 17:41:31 - [MESSAGE][PASSED] - Object: 'Object Repository/Final Object Repo/New Registration - Registration Module Pages/Form 1/Sub Business Entity' is clicked on

2018-12-11 17:41:31 - [TEST_STEP][PASSED] - click: Object: 'Object Repository/Final Object Repo/New Registration - Registration Module Pages/Form 1/Sub Business Entity - Berhad' is clicked on

2018-12-11 17:41:31 - [MESSAGE][PASSED] - Object: 'Object Repository/Final Object Repo/New Registration - Registration Module Pages/Form 1/Sub Business Entity - Berhad' is clicked on

2018-12-11 17:41:31 - [TEST_STEP][PASSED] - delay: Delayed 1 second(s)

2018-12-11 17:41:32 - [MESSAGE][PASSED] - Delayed 1 second(s)

2018-12-11 17:41:32 - [TEST_STEP][PASSED] - setText: Text '123' is set on object 'Object Repository/Final Object Repo/New Registration - Registration Module Pages/Form 1/Registration Number'

2018-12-11 17:41:33 - [MESSAGE][PASSED] - Text '123' is set on object 'Object Repository/Final Object Repo/New Registration - Registration Module Pages/Form 1/Registration Number'

2018-12-11 17:41:33 - [TEST_STEP][PASSED] - click: Object: 'Object Repository/Final Object Repo/New Registration - Registration Module Pages/Form 1/Registred with SSM - Before Feb' is clicked on

2018-12-11 17:41:33 - [MESSAGE][PASSED] - Object: 'Object Repository/Final Object Repo/New Registration - Registration Module Pages/Form 1/Registred with SSM - Before Feb' is clicked on

2018-12-11 17:41:33 - [TEST_STEP][PASSED] - click: Object: 'Object Repository/Final Object Repo/New Registration - Registration Module Pages/Form 1/Registered As a Branch - Yes' is clicked on

2018-12-11 17:41:33 - [MESSAGE][PASSED] - Object: 'Object Repository/Final Object Repo/New Registration - Registration Module Pages/Form 1/Registered As a Branch - Yes' is clicked on

2018-12-11 17:41:33 - [TEST_STEP][PASSED] - click: Object: 'Object Repository/Final Object Repo/New Registration - Registration Module Pages/Form 1/Acknowledgement' is clicked on

2018-12-11 17:41:33 - [MESSAGE][PASSED] - Object: 'Object Repository/Final Object Repo/New Registration - Registration Module Pages/Form 1/Acknowledgement' is clicked on

2018-12-11 17:41:33 - [TEST_STEP][PASSED] - setText: Text 'perkeso' is set on object 'Object Repository/Final Object Repo/New Registration - Registration Module Pages/Form 1/Industry name'

2018-12-11 17:41:34 - [MESSAGE][PASSED] - Text 'perkeso' is set on object 'Object Repository/Final Object Repo/New Registration - Registration Module Pages/Form 1/Industry name'

2018-12-11 17:41:34 - [TEST_STEP][PASSED] - setText: Text 'perkeso1' is set on object 'Object Repository/Final Object Repo/New Registration - Registration Module Pages/Form 1/Postal Address1'

2018-12-11 17:41:34 - [MESSAGE][PASSED] - Text 'perkeso1' is set on object 'Object Repository/Final Object Repo/New Registration - Registration Module Pages/Form 1/Postal Address1'

2018-12-11 17:41:34 - [TEST_STEP][PASSED] - setText: Text 'perkeso2' is set on object 'Object Repository/Final Object Repo/New Registration - Registration Module Pages/Form 1/Postal Address2'

2018-12-11 17:41:34 - [MESSAGE][PASSED] - Text 'perkeso2' is set on object 'Object Repository/Final Object Repo/New Registration - Registration Module Pages/Form 1/Postal Address2'

2018-12-11 17:41:34 - [TEST_STEP][PASSED] - setText: Text 'perkeso3' is set on object 'Object Repository/Final Object Repo/New Registration - Registration Module Pages/Form 1/Postal Address3'

2018-12-11 17:41:35 - [MESSAGE][PASSED] - Text 'perkeso3' is set on object 'Object Repository/Final Object Repo/New Registration - Registration Module Pages/Form 1/Postal Address3'

2018-12-11 17:41:35 - [TEST_STEP][PASSED] - click: Object: 'Object Repository/Final Object Repo/New Registration - Registration Module Pages/Form 1/State' is clicked on

2018-12-11 17:41:35 - [MESSAGE][PASSED] - Object: 'Object Repository/Final Object Repo/New Registration - Registration Module Pages/Form 1/State' is clicked on

2018-12-11 17:41:35 - [TEST_STEP][PASSED] - click: Object: 'Object Repository/Final Object Repo/New Registration - Registration Module Pages/Form 1/State - Johor' is clicked on

2018-12-11 17:41:35 - [MESSAGE][PASSED] - Object: 'Object Repository/Final Object Repo/New Registration - Registration Module Pages/Form 1/State - Johor' is clicked on

2018-12-11 17:41:35 - [TEST_STEP][PASSED] - delay: Delayed 1 second(s)

2018-12-11 17:41:36 - [MESSAGE][PASSED] - Delayed 1 second(s)

2018-12-11 17:41:36 - [TEST_STEP][PASSED] - click: Object: 'Object Repository/Final Object Repo/New Registration - Registration Module Pages/Form 1/City' is clicked on

2018-12-11 17:41:36 - [MESSAGE][PASSED] - Object: 'Object Repository/Final Object Repo/New Registration - Registration Module Pages/Form 1/City' is clicked on

2018-12-11 17:41:36 - [TEST_STEP][PASSED] - setText: Text 'joh' is set on object 'Object Repository/Final Object Repo/New Registration - Registration Module Pages/Form 1/Postcode - 810'

2018-12-11 17:41:36 - [MESSAGE][PASSED] - Text 'joh' is set on object 'Object Repository/Final Object Repo/New Registration - Registration Module Pages/Form 1/Postcode - 810'

2018-12-11 17:41:36 - [TEST_STEP][PASSED] - delay: Delayed 1 second(s)

2018-12-11 17:41:37 - [MESSAGE][PASSED] - Delayed 1 second(s)

2018-12-11 17:41:37 - [TEST_STEP][PASSED] - click: Object: 'Object Repository/Final Object Repo/New Registration - Registration Module Pages/Form 1/City - Johor Bharu' is clicked on

2018-12-11 17:41:38 - [MESSAGE][PASSED] - Object: 'Object Repository/Final Object Repo/New Registration - Registration Module Pages/Form 1/City - Johor Bharu' is clicked on

2018-12-11 17:41:38 - [TEST_STEP][PASSED] - delay: Delayed 1 second(s)

2018-12-11 17:41:39 - [MESSAGE][PASSED] - Delayed 1 second(s)

2018-12-11 17:41:39 - [TEST_STEP][PASSED] - click: Object: 'Object Repository/Final Object Repo/New Registration - Registration Module Pages/Form 1/Postcode' is clicked on

2018-12-11 17:41:39 - [MESSAGE][PASSED] - Object: 'Object Repository/Final Object Repo/New Registration - Registration Module Pages/Form 1/Postcode' is clicked on

2018-12-11 17:41:39 - [TEST_STEP][PASSED] - delay: Delayed 1 second(s)

2018-12-11 17:41:40 - [MESSAGE][PASSED] - Delayed 1 second(s)

2018-12-11 17:41:40 - [TEST_STEP][PASSED] - setText: Text '810' is set on object 'Object Repository/Final Object Repo/New Registration - Registration Module Pages/Form 1/Postcode - 810'

2018-12-11 17:41:40 - [MESSAGE][PASSED] - Text '810' is set on object 'Object Repository/Final Object Repo/New Registration - Registration Module Pages/Form 1/Postcode - 810'

2018-12-11 17:41:40 - [TEST_STEP][PASSED] - delay: Delayed 3 second(s)

2018-12-11 17:41:43 - [MESSAGE][PASSED] - Delayed 3 second(s)

2018-12-11 17:41:43 - [TEST_STEP][PASSED] - click: Object: 'Object Repository/Final Object Repo/New Registration - Registration Module Pages/Form 1/Postcode - 81000' is clicked on

2018-12-11 17:41:43 - [MESSAGE][PASSED] - Object: 'Object Repository/Final Object Repo/New Registration - Registration Module Pages/Form 1/Postcode - 81000' is clicked on

2018-12-11 17:41:43 - [TEST_STEP][PASSED] - delay: Delayed 1 second(s)

2018-12-11 17:41:44 - [MESSAGE][PASSED] - Delayed 1 second(s)

2018-12-11 17:41:44 - [TEST_STEP][PASSED] - setText: Text '100' is set on object 'Object Repository/Final Object Repo/New Registration - Registration Module Pages/Form 1/P.O.BOX'

2018-12-11 17:41:44 - [MESSAGE][PASSED] - Text '100' is set on object 'Object Repository/Final Object Repo/New Registration - Registration Module Pages/Form 1/P.O.BOX'

2018-12-11 17:41:44 - [TEST_STEP][PASSED] - setText: Text '100' is set on object 'Object Repository/Final Object Repo/New Registration - Registration Module Pages/Form 1/Locked Bag No'

2018-12-11 17:41:45 - [MESSAGE][PASSED] - Text '100' is set on object 'Object Repository/Final Object Repo/New Registration - Registration Module Pages/Form 1/Locked Bag No'

2018-12-11 17:41:45 - [TEST_STEP][PASSED] - click: Object: 'Object Repository/Final Object Repo/New Registration - Registration Module Pages/Form 1/SOCSO Office Location' is clicked on

2018-12-11 17:41:45 - [MESSAGE][PASSED] - Object: 'Object Repository/Final Object Repo/New Registration - Registration Module Pages/Form 1/SOCSO Office Location' is clicked on

2018-12-11 17:41:45 - [TEST_STEP][PASSED] - click: Object: 'Object Repository/Final Object Repo/New Registration - Registration Module Pages/Form 1/SOCSO Office Location - Pejabat PERKESO Negeri Johor' is clicked on

2018-12-11 17:41:45 - [MESSAGE][PASSED] - Object: 'Object Repository/Final Object Repo/New Registration - Registration Module Pages/Form 1/SOCSO Office Location - Pejabat PERKESO Negeri Johor' is clicked on

2018-12-11 17:41:45 - [TEST_STEP][PASSED] - delay: Delayed 1 second(s)

2018-12-11 17:41:46 - [MESSAGE][PASSED] - Delayed 1 second(s)

2018-12-11 17:41:46 - [TEST_STEP][PASSED] - check: Object 'Object Repository/Final Object Repo/New Registration - Registration Module Pages/Form 1/Indusrty Address Same As Postal Address' is checked

2018-12-11 17:41:46 - [MESSAGE][PASSED] - Object 'Object Repository/Final Object Repo/New Registration - Registration Module Pages/Form 1/Indusrty Address Same As Postal Address' is checked

2018-12-11 17:41:46 - [TEST_STEP][PASSED] - delay: Delayed 3 second(s)

2018-12-11 17:41:49 - [MESSAGE][PASSED] - Delayed 3 second(s)

2018-12-11 17:41:49 - [TEST_STEP][PASSED] - click: Object: 'Object Repository/Final Object Repo/New Registration - Registration Module Pages/Form 1/Indusry Address Same As Postal Address False' is clicked on

2018-12-11 17:41:50 - [MESSAGE][PASSED] - Object: 'Object Repository/Final Object Repo/New Registration - Registration Module Pages/Form 1/Indusry Address Same As Postal Address False' is clicked on

2018-12-11 17:41:50 - [TEST_STEP][PASSED] - delay: Delayed 1 second(s)

2018-12-11 17:41:51 - [MESSAGE][PASSED] - Delayed 1 second(s)

2018-12-11 17:41:51 - [TEST_STEP][PASSED] - setText: Text 'perkeso1' is set on object 'Object Repository/Final Object Repo/New Registration - Registration Module Pages/Form 1/Industry Address1'

2018-12-11 17:41:51 - [MESSAGE][PASSED] - Text 'perkeso1' is set on object 'Object Repository/Final Object Repo/New Registration - Registration Module Pages/Form 1/Industry Address1'

2018-12-11 17:41:51 - [TEST_STEP][PASSED] - setText: Text 'perkeso2' is set on object 'Object Repository/Final Object Repo/New Registration - Registration Module Pages/Form 1/Industry Address2'

2018-12-11 17:41:51 - [MESSAGE][PASSED] - Text 'perkeso2' is set on object 'Object Repository/Final Object Repo/New Registration - Registration Module Pages/Form 1/Industry Address2'

2018-12-11 17:41:51 - [TEST_STEP][PASSED] - setText: Text 'perkeso3' is set on object 'Object Repository/Final Object Repo/New Registration - Registration Module Pages/Form 1/Industry Address3'

2018-12-11 17:41:52 - [MESSAGE][PASSED] - Text 'perkeso3' is set on object 'Object Repository/Final Object Repo/New Registration - Registration Module Pages/Form 1/Industry Address3'

2018-12-11 17:41:52 - [TEST_STEP][PASSED] - click: Object: 'Object Repository/Final Object Repo/New Registration - Registration Module Pages/Form 1/Industry State' is clicked on

2018-12-11 17:41:52 - [MESSAGE][PASSED] - Object: 'Object Repository/Final Object Repo/New Registration - Registration Module Pages/Form 1/Industry State' is clicked on

2018-12-11 17:41:52 - [TEST_STEP][PASSED] - delay: Delayed 2 second(s)

2018-12-11 17:41:54 - [MESSAGE][PASSED] - Delayed 2 second(s)

2018-12-11 17:41:54 - [TEST_STEP][PASSED] - click: Object: 'Object Repository/Final Object Repo/New Registration - Registration Module Pages/Form 1/Industry State - Johor' is clicked on

2018-12-11 17:41:54 - [MESSAGE][PASSED] - Object: 'Object Repository/Final Object Repo/New Registration - Registration Module Pages/Form 1/Industry State - Johor' is clicked on

2018-12-11 17:41:54 - [TEST_STEP][PASSED] - delay: Delayed 2 second(s)

2018-12-11 17:41:56 - [MESSAGE][PASSED] - Delayed 2 second(s)

2018-12-11 17:41:56 - [TEST_STEP][PASSED] - click: Object: 'Object Repository/Final Object Repo/New Registration - Registration Module Pages/Form 1/Industry Ciry' is clicked on

2018-12-11 17:41:56 - [MESSAGE][PASSED] - Object: 'Object Repository/Final Object Repo/New Registration - Registration Module Pages/Form 1/Industry Ciry' is clicked on

2018-12-11 17:41:56 - [TEST_STEP][PASSED] - setText: Text 'joh' is set on object 'Object Repository/Final Object Repo/New Registration - Registration Module Pages/Form 1/Industry Ciry - joh'

2018-12-11 17:41:56 - [MESSAGE][PASSED] - Text 'joh' is set on object 'Object Repository/Final Object Repo/New Registration - Registration Module Pages/Form 1/Industry Ciry - joh'

2018-12-11 17:41:56 - [TEST_STEP][PASSED] - delay: Delayed 2 second(s)

2018-12-11 17:41:58 - [MESSAGE][PASSED] - Delayed 2 second(s)

2018-12-11 17:41:58 - [TEST_STEP][PASSED] - click: Object: 'Object Repository/Final Object Repo/New Registration - Registration Module Pages/Form 1/Industy State - Johor Bharu' is clicked on

2018-12-11 17:41:59 - [MESSAGE][PASSED] - Object: 'Object Repository/Final Object Repo/New Registration - Registration Module Pages/Form 1/Industy State - Johor Bharu' is clicked on

2018-12-11 17:41:59 - [TEST_STEP][PASSED] - delay: Delayed 1 second(s)

2018-12-11 17:42:00 - [MESSAGE][PASSED] - Delayed 1 second(s)

2018-12-11 17:42:00 - [TEST_STEP][PASSED] - click: Object: 'Object Repository/Final Object Repo/New Registration - Registration Module Pages/Form 1/Indusry PostCode' is clicked on

2018-12-11 17:42:00 - [MESSAGE][PASSED] - Object: 'Object Repository/Final Object Repo/New Registration - Registration Module Pages/Form 1/Indusry PostCode' is clicked on

2018-12-11 17:42:00 - [TEST_STEP][PASSED] - delay: Delayed 1 second(s)

2018-12-11 17:42:01 - [MESSAGE][PASSED] - Delayed 1 second(s)

2018-12-11 17:42:01 - [TEST_STEP][PASSED] - setText: Text '810' is set on object 'Object Repository/Final Object Repo/New Registration - Registration Module Pages/Form 1/Insutry Post Code - 810'

2018-12-11 17:42:01 - [MESSAGE][PASSED] - Text '810' is set on object 'Object Repository/Final Object Repo/New Registration - Registration Module Pages/Form 1/Insutry Post Code - 810'

2018-12-11 17:42:01 - [TEST_STEP][PASSED] - delay: Delayed 1 second(s)

2018-12-11 17:42:02 - [MESSAGE][PASSED] - Delayed 1 second(s)

2018-12-11 17:42:02 - [TEST_STEP][PASSED] - click: Object: 'Object Repository/Final Object Repo/New Registration - Registration Module Pages/Form 1/Insutry Post Code - 81000' is clicked on

2018-12-11 17:42:02 - [MESSAGE][PASSED] - Object: 'Object Repository/Final Object Repo/New Registration - Registration Module Pages/Form 1/Insutry Post Code - 81000' is clicked on

2018-12-11 17:42:02 - [TEST_STEP][PASSED] - delay: Delayed 1 second(s)

2018-12-11 17:42:03 - [MESSAGE][PASSED] - Delayed 1 second(s)

2018-12-11 17:42:03 - [TEST_STEP][PASSED] - setText: Text '100' is set on object 'Object Repository/Final Object Repo/New Registration - Registration Module Pages/Form 1/Industry P.O.BOX'

2018-12-11 17:42:03 - [MESSAGE][PASSED] - Text '100' is set on object 'Object Repository/Final Object Repo/New Registration - Registration Module Pages/Form 1/Industry P.O.BOX'

2018-12-11 17:42:03 - [TEST_STEP][PASSED] - setText: Text '100' is set on object 'Object Repository/Final Object Repo/New Registration - Registration Module Pages/Form 1/Industry Locked Bag No'

2018-12-11 17:42:04 - [MESSAGE][PASSED] - Text '100' is set on object 'Object Repository/Final Object Repo/New Registration - Registration Module Pages/Form 1/Industry Locked Bag No'

2018-12-11 17:42:04 - [TEST_STEP][PASSED] - setText: Text '123456789' is set on object 'Object Repository/Final Object Repo/New Registration - Registration Module Pages/Form 1/Telephone No'

2018-12-11 17:42:04 - [MESSAGE][PASSED] - Text '123456789' is set on object 'Object Repository/Final Object Repo/New Registration - Registration Module Pages/Form 1/Telephone No'

2018-12-11 17:42:04 - [TEST_STEP][PASSED] - setText: Text '123456789' is set on object 'Object Repository/Final Object Repo/New Registration - Registration Module Pages/Form 1/Mobile No'

2018-12-11 17:42:05 - [MESSAGE][PASSED] - Text '123456789' is set on object 'Object Repository/Final Object Repo/New Registration - Registration Module Pages/Form 1/Mobile No'

2018-12-11 17:42:05 - [TEST_STEP][PASSED] - setText: Text '123456789' is set on object 'Object Repository/Final Object Repo/New Registration - Registration Module Pages/Form 1/Fax No'

2018-12-11 17:42:05 - [MESSAGE][PASSED] - Text '123456789' is set on object 'Object Repository/Final Object Repo/New Registration - Registration Module Pages/Form 1/Fax No'

2018-12-11 17:42:05 - [TEST_STEP][PASSED] - click: Object: 'Object Repository/Final Object Repo/New Registration - Registration Module Pages/Form 1/Industry Code' is clicked on

2018-12-11 17:42:05 - [MESSAGE][PASSED] - Object: 'Object Repository/Final Object Repo/New Registration - Registration Module Pages/Form 1/Industry Code' is clicked on

2018-12-11 17:42:05 - [TEST_STEP][PASSED] - click: Object: 'Object Repository/Final Object Repo/New Registration - Registration Module Pages/Form 1/Indudustry Code - Crops and Animal' is clicked on

2018-12-11 17:42:05 - [MESSAGE][PASSED] - Object: 'Object Repository/Final Object Repo/New Registration - Registration Module Pages/Form 1/Indudustry Code - Crops and Animal' is clicked on

2018-12-11 17:42:05 - [TEST_STEP][PASSED] - delay: Delayed 1 second(s)

2018-12-11 17:42:06 - [MESSAGE][PASSED] - Delayed 1 second(s)

2018-12-11 17:42:06 - [TEST_STEP][PASSED] - click: Object: 'Object Repository/Final Object Repo/New Registration - Registration Module Pages/Form 1/Sub Industry Code List' is clicked on

2018-12-11 17:42:07 - [MESSAGE][PASSED] - Object: 'Object Repository/Final Object Repo/New Registration - Registration Module Pages/Form 1/Sub Industry Code List' is clicked on

2018-12-11 17:42:07 - [TEST_STEP][PASSED] - click: Object: 'Object Repository/Final Object Repo/New Registration - Registration Module Pages/Form 1/Sub Industry Code List - Growing of Maize' is clicked on

2018-12-11 17:42:07 - [MESSAGE][PASSED] - Object: 'Object Repository/Final Object Repo/New Registration - Registration Module Pages/Form 1/Sub Industry Code List - Growing of Maize' is clicked on

2018-12-11 17:42:07 - [TEST_STEP][PASSED] - setText: Text 'perkeso123@gmail.com' is set on object 'Object Repository/Final Object Repo/New Registration - Registration Module Pages/Form 1/Email'

2018-12-11 17:42:07 - [MESSAGE][PASSED] - Text 'perkeso123@gmail.com' is set on object 'Object Repository/Final Object Repo/New Registration - Registration Module Pages/Form 1/Email'

2018-12-11 17:42:07 - [TEST_STEP][PASSED] - click: Object: 'Object Repository/Final Object Repo/New Registration - Registration Module Pages/Form 1/Method of Contribution Payment' is clicked on

2018-12-11 17:42:08 - [MESSAGE][PASSED] - Object: 'Object Repository/Final Object Repo/New Registration - Registration Module Pages/Form 1/Method of Contribution Payment' is clicked on

2018-12-11 17:42:08 - [TEST_STEP][PASSED] - click: Object: 'Object Repository/Final Object Repo/New Registration - Registration Module Pages/Form 1/Method of Contribution Payment - Portal' is clicked on

2018-12-11 17:42:08 - [MESSAGE][PASSED] - Object: 'Object Repository/Final Object Repo/New Registration - Registration Module Pages/Form 1/Method of Contribution Payment - Portal' is clicked on

2018-12-11 17:42:08 - [TEST_STEP][PASSED] - click: Object: 'Object Repository/Final Object Repo/New Registration - Registration Module Pages/Form 1/Servide Type' is clicked on

2018-12-11 17:42:08 - [MESSAGE][PASSED] - Object: 'Object Repository/Final Object Repo/New Registration - Registration Module Pages/Form 1/Servide Type' is clicked on

2018-12-11 17:42:08 - [TEST_STEP][PASSED] - click: Object: 'Object Repository/Final Object Repo/New Registration - Registration Module Pages/Form 1/Servide Type - Professional Bodies' is clicked on

2018-12-11 17:42:08 - [MESSAGE][PASSED] - Object: 'Object Repository/Final Object Repo/New Registration - Registration Module Pages/Form 1/Servide Type - Professional Bodies' is clicked on

2018-12-11 17:42:08 - [TEST_STEP][PASSED] - click: Object: 'Object Repository/Final Object Repo/New Registration - Registration Module Pages/Form 1/Industry Venue' is clicked on

2018-12-11 17:42:08 - [MESSAGE][PASSED] - Object: 'Object Repository/Final Object Repo/New Registration - Registration Module Pages/Form 1/Industry Venue' is clicked on

2018-12-11 17:42:08 - [TEST_STEP][PASSED] - click: Object: 'Object Repository/Final Object Repo/New Registration - Registration Module Pages/Form 1/Industry Venue -  PPN JOHOR' is clicked on

2018-12-11 17:42:09 - [MESSAGE][PASSED] - Object: 'Object Repository/Final Object Repo/New Registration - Registration Module Pages/Form 1/Industry Venue -  PPN JOHOR' is clicked on

2018-12-11 17:42:09 - [TEST_STEP][PASSED] - click: Object: 'Object Repository/Final Object Repo/New Registration - Registration Module Pages/Form 1/Save  Continue' is clicked on

2018-12-11 17:42:09 - [MESSAGE][PASSED] - Object: 'Object Repository/Final Object Repo/New Registration - Registration Module Pages/Form 1/Save  Continue' is clicked on

2018-12-11 17:42:09 - [MESSAGE][PASSED] - Call Test Case 'Test Cases/Final Aug 2018 - PKS Automation/Registration Module/New Registration/Form 1/Form 1 - Corporation - BHD' successfully

2018-12-11 17:42:09 - [TEST_STEP][PASSED] - callTestCase: Call Test Case 'Test Cases/Final Aug 2018 - PKS Automation/Registration Module/New Registration/Form 2/Add 1 Eligible' successfully

2018-12-11 17:42:09 - [TEST_CASE][PASSED] - Test Cases/Final Aug 2018 - PKS Automation/Registration Module/New Registration/Form 2/Add 1 Eligible: Test Cases/Final Aug 2018 - PKS Automation/Registration Module/New Registration/Form 2/Add 1 Eligible

2018-12-11 17:42:09 - [TEST_STEP][PASSED] - delay: Delayed 2 second(s)

2018-12-11 17:42:11 - [MESSAGE][PASSED] - Delayed 2 second(s)

2018-12-11 17:42:11 - [TEST_STEP][PASSED] - callTestCase: Call Test Case 'Test Cases/Final Aug 2018 - PKS Automation/Registration Module/New Registration/Form 2/Date Updater' successfully

2018-12-11 17:42:11 - [TEST_CASE][PASSED] - Test Cases/Final Aug 2018 - PKS Automation/Registration Module/New Registration/Form 2/Date Updater: Test Cases/Final Aug 2018 - PKS Automation/Registration Module/New Registration/Form 2/Date Updater

2018-12-11 17:42:11 - [TEST_STEP][PASSED] - Statement - TodayDate = new java.util.Date(): null

2018-12-11 17:42:11 - [TEST_STEP][PASSED] - Statement - CurrentDateNoFilter = new java.text.SimpleDateFormat(): null

2018-12-11 17:42:11 - [TEST_STEP][PASSED] - Statement - CurrentDateNoFilter.applyPattern("MM"): null

2018-12-11 17:42:11 - [TEST_STEP][PASSED] - Statement - monthContainerMatcher = java.lang.Integer.parseInt(CurrentDateNoFilter.format(TodayDate)): null

2018-12-11 17:42:11 - [TEST_STEP][PASSED] - Statement - monthContainerMatcher = monthContainerMatcher - 1: null

2018-12-11 17:42:11 - [TEST_STEP][PASSED] - Statement - CurrentMonth = monthContainerMatcher.toString(): null

2018-12-11 17:42:11 - [TEST_STEP][PASSED] - Statement - CurrentMonth = CurrentMonth: null

2018-12-11 17:42:11 - [TEST_STEP][PASSED] - Statement - CurrentDateNoFilter.applyPattern("yyyy"): null

2018-12-11 17:42:11 - [TEST_STEP][PASSED] - Statement - CurrentYear = CurrentDateNoFilter.format(TodayDate): null

2018-12-11 17:42:11 - [TEST_STEP][PASSED] - Statement - CurrentYear = CurrentYear: null

2018-12-11 17:42:11 - [TEST_STEP][PASSED] - Statement - intCurrentYear = java.lang.Integer.parseInt(CurrentDateNoFilter.format(TodayDate)): null

2018-12-11 17:42:11 - [TEST_STEP][PASSED] - Statement - eighteenYrsAgo = intCurrentYear - 18: null

2018-12-11 17:42:11 - [TEST_STEP][PASSED] - Statement - eighteenYrsBeforeThisYr = eighteenYrsAgo.toString(): null

2018-12-11 17:42:11 - [TEST_STEP][PASSED] - Statement - EighteenYrsBefore = eighteenYrsBeforeThisYr: null

2018-12-11 17:42:11 - [TEST_STEP][PASSED] - Statement - fiftysevenYrsAgo = intCurrentYear - 57: null

2018-12-11 17:42:11 - [TEST_STEP][PASSED] - Statement - fiftysevenYrsBeforeThisYr = fiftysevenYrsAgo.toString(): null

2018-12-11 17:42:11 - [TEST_STEP][PASSED] - Statement - FiftysevenYrsBefore = fiftysevenYrsBeforeThisYr: null

2018-12-11 17:42:11 - [TEST_STEP][PASSED] - Statement - leapYear = false: null

2018-12-11 17:42:11 - [TEST_STEP][PASSED] - Statement - leapYear = intCurrentYear % 4 == 0: null

2018-12-11 17:42:11 - [TEST_STEP][PASSED] - Statement - CurrentDateNoFilter.applyPattern("dd"): null

2018-12-11 17:42:11 - [TEST_STEP][PASSED] - Statement - CurrentDate = CurrentDateNoFilter.format(TodayDate): null

2018-12-11 17:42:11 - [TEST_STEP][PASSED] - Statement - CurrentDate = java.lang.Integer.parseInt(CurrentDate): null

2018-12-11 17:42:11 - [TEST_STEP][PASSED] - Statement - CurrentDate = CurrentDate: null

2018-12-11 17:42:11 - [TEST_STEP][PASSED] - Statement - CurrentDay = java.lang.Integer.parseInt(CurrentDate): null

2018-12-11 17:42:11 - [TEST_STEP][PASSED] - Statement - ConfAdder = <not implemented yet for class: org.codehaus.groovy.ast.expr.EmptyExpression>: null

2018-12-11 17:42:11 - [TEST_STEP][PASSED] - Statement - out.println(CurrentMonth): null

2018-12-11 17:42:11 - [TEST_STEP][PASSED] - Statement - out.println(CurrentDate): null

2018-12-11 17:42:11 - [TEST_STEP][PASSED] - Statement - switch (CurrentDate): null

2018-12-11 17:42:11 - [TEST_STEP][PASSED] - Statement - Default: null

2018-12-11 17:42:11 - [TEST_STEP][PASSED] - Statement - ConfAdder = true: null

2018-12-11 17:42:11 - [TEST_STEP][PASSED] - Statement - Break: null

2018-12-11 17:42:11 - [TEST_STEP][PASSED] - Statement - aDayBefore = <not implemented yet for class: org.codehaus.groovy.ast.expr.EmptyExpression>: null

2018-12-11 17:42:11 - [TEST_STEP][PASSED] - Statement - out.println(ConfAdder): null

2018-12-11 17:42:11 - [TEST_STEP][PASSED] - Statement - If (ConfAdder == true): null

2018-12-11 17:42:11 - [TEST_STEP][PASSED] - Statement - aDayBefore = CurrentDay + 1: null

2018-12-11 17:42:11 - [TEST_STEP][PASSED] - Statement - out.println(aDayBefore): null

2018-12-11 17:42:11 - [TEST_STEP][PASSED] - Statement - If (aDayBefore == 1 && CurrentMonth == 11): null

2018-12-11 17:42:11 - [TEST_STEP][PASSED] - Statement - DayBefore = aDayBefore.toString(): null

2018-12-11 17:42:11 - [TEST_STEP][PASSED] - Statement - OneDayBefore = DayBefore: null

2018-12-11 17:42:11 - [MESSAGE][PASSED] - Call Test Case 'Test Cases/Final Aug 2018 - PKS Automation/Registration Module/New Registration/Form 2/Date Updater' successfully

2018-12-11 17:42:11 - [TEST_STEP][PASSED] - delay: Delayed 1 second(s)

2018-12-11 17:42:12 - [MESSAGE][PASSED] - Delayed 1 second(s)

2018-12-11 17:42:12 - [TEST_STEP][PASSED] - Statement - CaseReferenceNo = com.kms.katalon.core.webui.keyword.WebUiBuiltInKeywords.getText(com.kms.katalon.core.testobject.ObjectRepository.findTestObject(Final Object Repo/New Registration - Registration Module Pages/Form 2/RefNo Acquiring)): Text of object 'Object Repository/Final Object Repo/New Registration - Registration Module Pages/Form 2/RefNo Acquiring' is: 'CRN12201800123189'

2018-12-11 17:42:12 - [MESSAGE][PASSED] - Text of object 'Object Repository/Final Object Repo/New Registration - Registration Module Pages/Form 2/RefNo Acquiring' is: 'CRN12201800123189'

2018-12-11 17:42:12 - [TEST_STEP][PASSED] - delay: Delayed 1 second(s)

2018-12-11 17:42:13 - [MESSAGE][PASSED] - Delayed 1 second(s)

2018-12-11 17:42:13 - [TEST_STEP][PASSED] - click: Object: 'Object Repository/Final Object Repo/New Registration - Registration Module Pages/Form 2/Add Employee Button' is clicked on

2018-12-11 17:42:13 - [MESSAGE][PASSED] - Object: 'Object Repository/Final Object Repo/New Registration - Registration Module Pages/Form 2/Add Employee Button' is clicked on

2018-12-11 17:42:13 - [TEST_STEP][PASSED] - delay: Delayed 1 second(s)

2018-12-11 17:42:14 - [MESSAGE][PASSED] - Delayed 1 second(s)

2018-12-11 17:42:14 - [TEST_STEP][PASSED] - setText: Text '010903091963' is set on object 'Object Repository/Final Object Repo/New Registration - Registration Module Pages/Form 2/NRIC Input'

2018-12-11 17:42:15 - [MESSAGE][PASSED] - Text '010903091963' is set on object 'Object Repository/Final Object Repo/New Registration - Registration Module Pages/Form 2/NRIC Input'

2018-12-11 17:42:15 - [TEST_STEP][PASSED] - click: Object: 'Object Repository/Final Object Repo/New Registration - Registration Module Pages/Form 2/button for search for IC' is clicked on

2018-12-11 17:42:15 - [MESSAGE][PASSED] - Object: 'Object Repository/Final Object Repo/New Registration - Registration Module Pages/Form 2/button for search for IC' is clicked on

2018-12-11 17:42:15 - [TEST_STEP][PASSED] - delay: Delayed 2 second(s)

2018-12-11 17:42:17 - [MESSAGE][PASSED] - Delayed 2 second(s)

2018-12-11 17:42:17 - [TEST_STEP][PASSED] - setText: Text 'Automate001 eligible 1' is set on object 'Object Repository/Final Object Repo/New Registration - Registration Module Pages/Form 2/Employee Name Input'

2018-12-11 17:42:17 - [MESSAGE][PASSED] - Text 'Automate001 eligible 1' is set on object 'Object Repository/Final Object Repo/New Registration - Registration Module Pages/Form 2/Employee Name Input'

2018-12-11 17:42:17 - [TEST_STEP][PASSED] - delay: Delayed 2 second(s)

2018-12-11 17:42:19 - [MESSAGE][PASSED] - Delayed 2 second(s)

2018-12-11 17:42:19 - [TEST_STEP][PASSED] - click: Object: 'Object Repository/Final Object Repo/New Registration - Registration Module Pages/Form 2/DatePicker Pop Up' is clicked on

2018-12-11 17:42:19 - [MESSAGE][PASSED] - Object: 'Object Repository/Final Object Repo/New Registration - Registration Module Pages/Form 2/DatePicker Pop Up' is clicked on

2018-12-11 17:42:19 - [TEST_STEP][PASSED] - click: Object: 'Object Repository/Final Object Repo/New Registration - Registration Module Pages/Form 2/DOB Month' is clicked on

2018-12-11 17:42:20 - [MESSAGE][PASSED] - Object: 'Object Repository/Final Object Repo/New Registration - Registration Module Pages/Form 2/DOB Month' is clicked on

2018-12-11 17:42:20 - [TEST_STEP][PASSED] - Statement - CurrentMonth = CurrentMonth: null

2018-12-11 17:42:20 - [TEST_STEP][PASSED] - Statement - selectMonth = new com.kms.katalon.core.testobject.TestObject(): null

2018-12-11 17:42:20 - [TEST_STEP][PASSED] - Statement - selectMonth.addProperty("xpath", EQUALS, "//body/div/div/div/select/option[@value='" + CurrentMonth + "']", true): null

2018-12-11 17:42:20 - [TEST_STEP][PASSED] - click: Object: '' is clicked on

2018-12-11 17:42:20 - [MESSAGE][PASSED] - Object: '' is clicked on

2018-12-11 17:42:20 - [TEST_STEP][PASSED] - click: Object: 'Object Repository/Final Object Repo/New Registration - Registration Module Pages/Form 2/DOB Year' is clicked on

2018-12-11 17:42:20 - [MESSAGE][PASSED] - Object: 'Object Repository/Final Object Repo/New Registration - Registration Module Pages/Form 2/DOB Year' is clicked on

2018-12-11 17:42:20 - [TEST_STEP][PASSED] - Statement - Eyearsbf = EighteenYrsBefore: null

2018-12-11 17:42:20 - [TEST_STEP][PASSED] - Statement - selectYear = new com.kms.katalon.core.testobject.TestObject(): null

2018-12-11 17:42:20 - [TEST_STEP][PASSED] - Statement - selectYear.addProperty("xpath", EQUALS, "//div/div/div/select/option[@value='" + Eyearsbf + "']", true): null

2018-12-11 17:42:20 - [TEST_STEP][PASSED] - click: Object: '' is clicked on

2018-12-11 17:42:20 - [MESSAGE][PASSED] - Object: '' is clicked on

2018-12-11 17:42:20 - [TEST_STEP][PASSED] - Statement - UpdatedSelectDate = com.kms.katalon.core.webui.keyword.WebUiBuiltInKeywords.modifyObjectProperty(com.kms.katalon.core.testobject.ObjectRepository.findTestObject(Final Object Repo/New Registration - Registration Module Pages/Form 2/DOB Date), "xpath", "equals", "//body/div/table/tbody/tr/td/a[text()="" + CurrentDate + ""]", true): Modify property of object successfully

2018-12-11 17:42:20 - [MESSAGE][PASSED] - Modify property of object successfully

2018-12-11 17:42:20 - [TEST_STEP][PASSED] - delay: Delayed 3 second(s)

2018-12-11 17:42:23 - [MESSAGE][PASSED] - Delayed 3 second(s)

2018-12-11 17:42:23 - [TEST_STEP][PASSED] - click: Object: 'Object Repository/Final Object Repo/New Registration - Registration Module Pages/Form 2/DOB Date' is clicked on

2018-12-11 17:42:23 - [MESSAGE][PASSED] - Object: 'Object Repository/Final Object Repo/New Registration - Registration Module Pages/Form 2/DOB Date' is clicked on

2018-12-11 17:42:23 - [TEST_STEP][PASSED] - delay: Delayed 2 second(s)

2018-12-11 17:42:25 - [MESSAGE][PASSED] - Delayed 2 second(s)

2018-12-11 17:42:25 - [TEST_STEP][PASSED] - click: Object: 'Object Repository/Final Object Repo/New Registration - Registration Module Pages/Form 2/EmploymentStartDate Pop Up' is clicked on

2018-12-11 17:42:25 - [MESSAGE][PASSED] - Object: 'Object Repository/Final Object Repo/New Registration - Registration Module Pages/Form 2/EmploymentStartDate Pop Up' is clicked on

2018-12-11 17:42:25 - [TEST_STEP][PASSED] - delay: Delayed 2 second(s)

2018-12-11 17:42:27 - [MESSAGE][PASSED] - Delayed 2 second(s)

2018-12-11 17:42:27 - [TEST_STEP][PASSED] - click: Object: 'Object Repository/Final Object Repo/New Registration - Registration Module Pages/Form 2/Socso Employment StartDate Month' is clicked on

2018-12-11 17:42:28 - [MESSAGE][PASSED] - Object: 'Object Repository/Final Object Repo/New Registration - Registration Module Pages/Form 2/Socso Employment StartDate Month' is clicked on

2018-12-11 17:42:28 - [TEST_STEP][PASSED] - delay: Delayed 1 second(s)

2018-12-11 17:42:29 - [MESSAGE][PASSED] - Delayed 1 second(s)

2018-12-11 17:42:29 - [TEST_STEP][PASSED] - click: Object: 'Object Repository/Final Object Repo/New Registration - Registration Module Pages/Form 2/Select Socso Employement Startdate Month' is clicked on

2018-12-11 17:42:29 - [MESSAGE][PASSED] - Object: 'Object Repository/Final Object Repo/New Registration - Registration Module Pages/Form 2/Select Socso Employement Startdate Month' is clicked on

2018-12-11 17:42:29 - [TEST_STEP][PASSED] - delay: Delayed 2 second(s)

2018-12-11 17:42:31 - [MESSAGE][PASSED] - Delayed 2 second(s)

2018-12-11 17:42:31 - [TEST_STEP][PASSED] - click: Object: 'Object Repository/Final Object Repo/New Registration - Registration Module Pages/Form 2/Socso Employment StartDate Year' is clicked on

2018-12-11 17:42:31 - [MESSAGE][PASSED] - Object: 'Object Repository/Final Object Repo/New Registration - Registration Module Pages/Form 2/Socso Employment StartDate Year' is clicked on

2018-12-11 17:42:31 - [TEST_STEP][PASSED] - delay: Delayed 1 second(s)

2018-12-11 17:42:32 - [MESSAGE][PASSED] - Delayed 1 second(s)

2018-12-11 17:42:32 - [TEST_STEP][PASSED] - click: Object: 'Object Repository/Final Object Repo/New Registration - Registration Module Pages/Form 2/Select Socso Employment Startdate Year' is clicked on

2018-12-11 17:42:32 - [MESSAGE][PASSED] - Object: 'Object Repository/Final Object Repo/New Registration - Registration Module Pages/Form 2/Select Socso Employment Startdate Year' is clicked on

2018-12-11 17:42:32 - [TEST_STEP][PASSED] - delay: Delayed 2 second(s)

2018-12-11 17:42:34 - [MESSAGE][PASSED] - Delayed 2 second(s)

2018-12-11 17:42:34 - [TEST_STEP][PASSED] - click: Object: 'Object Repository/Final Object Repo/New Registration - Registration Module Pages/Form 2/Socso Employment Start Date Day' is clicked on

2018-12-11 17:42:34 - [MESSAGE][PASSED] - Object: 'Object Repository/Final Object Repo/New Registration - Registration Module Pages/Form 2/Socso Employment Start Date Day' is clicked on

2018-12-11 17:42:34 - [TEST_STEP][PASSED] - delay: Delayed 2 second(s)

2018-12-11 17:42:36 - [MESSAGE][PASSED] - Delayed 2 second(s)

2018-12-11 17:42:36 - [TEST_STEP][PASSED] - click: Object: 'Object Repository/Final Object Repo/New Registration - Registration Module Pages/Form 2/Save Button for Add Employee' is clicked on

2018-12-11 17:42:37 - [MESSAGE][PASSED] - Object: 'Object Repository/Final Object Repo/New Registration - Registration Module Pages/Form 2/Save Button for Add Employee' is clicked on

2018-12-11 17:42:37 - [TEST_STEP][PASSED] - delay: Delayed 6 second(s)

2018-12-11 17:42:43 - [MESSAGE][PASSED] - Delayed 6 second(s)

2018-12-11 17:42:43 - [TEST_STEP][PASSED] - click: Object: 'Object Repository/Final Object Repo/New Registration - Registration Module Pages/Form 2/Save and Continue Form 2' is clicked on

2018-12-11 17:42:43 - [MESSAGE][PASSED] - Object: 'Object Repository/Final Object Repo/New Registration - Registration Module Pages/Form 2/Save and Continue Form 2' is clicked on

2018-12-11 17:42:43 - [MESSAGE][PASSED] - Call Test Case 'Test Cases/Final Aug 2018 - PKS Automation/Registration Module/New Registration/Form 2/Add 1 Eligible' successfully

2018-12-11 17:42:43 - [TEST_STEP][PASSED] - callTestCase: Call Test Case 'Test Cases/Final Aug 2018 - PKS Automation/Registration Module/New Registration/Flow of New Registration/Third Screen - Upload Supporting Doc - Preview' successfully

2018-12-11 17:42:43 - [TEST_CASE][PASSED] - Test Cases/Final Aug 2018 - PKS Automation/Registration Module/New Registration/Flow of New Registration/Third Screen - Upload Supporting Doc - Preview: Test Cases/Final Aug 2018 - PKS Automation/Registration Module/New Registration/Flow of New Registration/Third Screen - Upload Supporting Doc - Preview

2018-12-11 17:42:43 - [TEST_STEP][PASSED] - waitForPageLoad: Wait for page load successfully

2018-12-11 17:42:43 - [MESSAGE][PASSED] - Wait for page load successfully

2018-12-11 17:42:43 - [TEST_STEP][PASSED] - Statement - CaseReferenceNo = com.kms.katalon.core.webui.keyword.WebUiBuiltInKeywords.getText(com.kms.katalon.core.testobject.ObjectRepository.findTestObject(Final Object Repo/New Registration - Registration Module Pages/Third Screen - Upload Supporting Doc- Preview/RefNo Acquiring)): Text of object 'Object Repository/Final Object Repo/New Registration - Registration Module Pages/Third Screen - Upload Supporting Doc- Preview/RefNo Acquiring' is: 'CRN12201800123189'

2018-12-11 17:42:44 - [MESSAGE][PASSED] - Text of object 'Object Repository/Final Object Repo/New Registration - Registration Module Pages/Third Screen - Upload Supporting Doc- Preview/RefNo Acquiring' is: 'CRN12201800123189'

2018-12-11 17:42:44 - [TEST_STEP][PASSED] - delay: Delayed 2 second(s)

2018-12-11 17:42:46 - [MESSAGE][PASSED] - Delayed 2 second(s)

2018-12-11 17:42:46 - [TEST_STEP][PASSED] - callTestCase: Call Test Case 'Test Cases/Final Aug 2018 - PKS Automation/Common/Reference Number Setter' successfully

2018-12-11 17:42:46 - [TEST_CASE][PASSED] - Test Cases/Final Aug 2018 - PKS Automation/Common/Reference Number Setter: Test Cases/Final Aug 2018 - PKS Automation/Common/Reference Number Setter

2018-12-11 17:42:46 - [TEST_STEP][PASSED] - Statement - RefNoOldFile = new java.io.File(C://Users//Admin//Desktop//PKS//Automation Reference Point//KatalonReference.txt): null

2018-12-11 17:42:46 - [TEST_STEP][PASSED] - Statement - RefNoOldFile.delete(): null

2018-12-11 17:42:46 - [TEST_STEP][PASSED] - delay: Delayed 5 second(s)

2018-12-11 17:42:51 - [MESSAGE][PASSED] - Delayed 5 second(s)

2018-12-11 17:42:51 - [TEST_STEP][PASSED] - Statement - RefNo = new java.io.File(C://Users//Admin//Desktop//PKS//Automation Reference Point//KatalonReference.txt): null

2018-12-11 17:42:51 - [TEST_STEP][PASSED] - Statement - f2 = new java.io.FileWriter(RefNo, false): null

2018-12-11 17:42:51 - [TEST_STEP][PASSED] - Statement - f2.write(CaseReferenceNo): null

2018-12-11 17:42:51 - [TEST_STEP][PASSED] - Statement - f2.close(): null

2018-12-11 17:42:51 - [TEST_STEP][PASSED] - Statement - out.println("


" + CaseReferenceNo + "


"): null

2018-12-11 17:42:51 - [MESSAGE][PASSED] - Call Test Case 'Test Cases/Final Aug 2018 - PKS Automation/Common/Reference Number Setter' successfully

2018-12-11 17:42:51 - [TEST_STEP][PASSED] - waitForElementClickable: Object 'Object Repository/Final Object Repo/New Registration - Registration Module Pages/Third Screen - Upload Supporting Doc- Preview/Save n Continue in SIP Employee Listing Page' is clickable

2018-12-11 17:42:51 - [MESSAGE][PASSED] - Object 'Object Repository/Final Object Repo/New Registration - Registration Module Pages/Third Screen - Upload Supporting Doc- Preview/Save n Continue in SIP Employee Listing Page' is clickable

2018-12-11 17:42:51 - [TEST_STEP][PASSED] - click: Object: 'Object Repository/Final Object Repo/New Registration - Registration Module Pages/Third Screen - Upload Supporting Doc- Preview/Save n Continue in SIP Employee Listing Page' is clicked on

2018-12-11 17:42:56 - [MESSAGE][PASSED] - Object: 'Object Repository/Final Object Repo/New Registration - Registration Module Pages/Third Screen - Upload Supporting Doc- Preview/Save n Continue in SIP Employee Listing Page' is clicked on

2018-12-11 17:42:56 - [TEST_STEP][PASSED] - delay: Delayed 7 second(s)

2018-12-11 17:43:03 - [MESSAGE][PASSED] - Delayed 7 second(s)

2018-12-11 17:43:03 - [TEST_STEP][PASSED] - click: Object: 'Object Repository/Final Object Repo/New Registration - Registration Module Pages/Third Screen - Upload Supporting Doc- Preview/Add Document Button' is clicked on

2018-12-11 17:43:03 - [MESSAGE][PASSED] - Object: 'Object Repository/Final Object Repo/New Registration - Registration Module Pages/Third Screen - Upload Supporting Doc- Preview/Add Document Button' is clicked on

2018-12-11 17:43:03 - [TEST_STEP][PASSED] - delay: Delayed 30 second(s)

2018-12-11 17:43:33 - [MESSAGE][PASSED] - Delayed 30 second(s)

2018-12-11 17:43:33 - [TEST_STEP][PASSED] - click: Object: 'Object Repository/Final Object Repo/New Registration - Registration Module Pages/Third Screen - Upload Supporting Doc- Preview/Supporting Doc Please Select Drop Down' is clicked on

2018-12-11 17:43:33 - [MESSAGE][PASSED] - Object: 'Object Repository/Final Object Repo/New Registration - Registration Module Pages/Third Screen - Upload Supporting Doc- Preview/Supporting Doc Please Select Drop Down' is clicked on

2018-12-11 17:43:33 - [TEST_STEP][PASSED] - delay: Delayed 2 second(s)

2018-12-11 17:43:35 - [MESSAGE][PASSED] - Delayed 2 second(s)

2018-12-11 17:43:35 - [TEST_STEP][PASSED] - click: Object: 'Object Repository/Final Object Repo/New Registration - Registration Module Pages/Third Screen - Upload Supporting Doc- Preview/Select to Upload Form 1' is clicked on

2018-12-11 17:43:35 - [MESSAGE][PASSED] - Object: 'Object Repository/Final Object Repo/New Registration - Registration Module Pages/Third Screen - Upload Supporting Doc- Preview/Select to Upload Form 1' is clicked on

2018-12-11 17:43:35 - [TEST_STEP][PASSED] - delay: Delayed 2 second(s)

2018-12-11 17:43:37 - [MESSAGE][PASSED] - Delayed 2 second(s)

2018-12-11 17:43:37 - [TEST_STEP][PASSED] - uploadFile: File 'C:\Users\Public\Pictures\Sample Pictures\Koala.jpg' sent to object: 'Object Repository/Final Object Repo/New Registration - Registration Module Pages/Third Screen - Upload Supporting Doc- Preview/Upload File Adding'

2018-12-11 17:43:38 - [MESSAGE][PASSED] - File 'C:\Users\Public\Pictures\Sample Pictures\Koala.jpg' sent to object: 'Object Repository/Final Object Repo/New Registration - Registration Module Pages/Third Screen - Upload Supporting Doc- Preview/Upload File Adding'

2018-12-11 17:43:38 - [TEST_STEP][PASSED] - delay: Delayed 5 second(s)

2018-12-11 17:43:43 - [MESSAGE][PASSED] - Delayed 5 second(s)

2018-12-11 17:43:43 - [TEST_STEP][PASSED] - click: Object: 'Object Repository/Final Object Repo/New Registration - Registration Module Pages/Third Screen - Upload Supporting Doc- Preview/Inner Form Add Document Button' is clicked on

2018-12-11 17:43:43 - [MESSAGE][PASSED] - Object: 'Object Repository/Final Object Repo/New Registration - Registration Module Pages/Third Screen - Upload Supporting Doc- Preview/Inner Form Add Document Button' is clicked on

2018-12-11 17:43:43 - [TEST_STEP][PASSED] - delay: Delayed 3 second(s)

2018-12-11 17:43:46 - [MESSAGE][PASSED] - Delayed 3 second(s)

2018-12-11 17:43:46 - [TEST_STEP][PASSED] - click: Object: 'Object Repository/Final Object Repo/New Registration - Registration Module Pages/Third Screen - Upload Supporting Doc- Preview/Add Document Button' is clicked on

2018-12-11 17:43:47 - [MESSAGE][PASSED] - Object: 'Object Repository/Final Object Repo/New Registration - Registration Module Pages/Third Screen - Upload Supporting Doc- Preview/Add Document Button' is clicked on

2018-12-11 17:43:47 - [TEST_STEP][PASSED] - delay: Delayed 30 second(s)

2018-12-11 17:44:17 - [MESSAGE][PASSED] - Delayed 30 second(s)

2018-12-11 17:44:17 - [TEST_STEP][PASSED] - click: Object: 'Object Repository/Final Object Repo/New Registration - Registration Module Pages/Third Screen - Upload Supporting Doc- Preview/Supporting Doc Please Select Drop Down' is clicked on

2018-12-11 17:44:17 - [MESSAGE][PASSED] - Object: 'Object Repository/Final Object Repo/New Registration - Registration Module Pages/Third Screen - Upload Supporting Doc- Preview/Supporting Doc Please Select Drop Down' is clicked on

2018-12-11 17:44:17 - [TEST_STEP][PASSED] - delay: Delayed 4 second(s)

2018-12-11 17:44:21 - [MESSAGE][PASSED] - Delayed 4 second(s)

2018-12-11 17:44:21 - [TEST_STEP][PASSED] - click: Object: 'Object Repository/Final Object Repo/New Registration - Registration Module Pages/Third Screen - Upload Supporting Doc- Preview/Select to Upload Form 2' is clicked on

2018-12-11 17:44:22 - [MESSAGE][PASSED] - Object: 'Object Repository/Final Object Repo/New Registration - Registration Module Pages/Third Screen - Upload Supporting Doc- Preview/Select to Upload Form 2' is clicked on

2018-12-11 17:44:22 - [TEST_STEP][PASSED] - delay: Delayed 2 second(s)

2018-12-11 17:44:24 - [MESSAGE][PASSED] - Delayed 2 second(s)

2018-12-11 17:44:24 - [TEST_STEP][PASSED] - uploadFile: File 'C:\Users\Public\Pictures\Sample Pictures\Koala.jpg' sent to object: 'Object Repository/Final Object Repo/New Registration - Registration Module Pages/Third Screen - Upload Supporting Doc- Preview/Upload File Adding'

2018-12-11 17:44:24 - [MESSAGE][PASSED] - File 'C:\Users\Public\Pictures\Sample Pictures\Koala.jpg' sent to object: 'Object Repository/Final Object Repo/New Registration - Registration Module Pages/Third Screen - Upload Supporting Doc- Preview/Upload File Adding'

2018-12-11 17:44:24 - [TEST_STEP][PASSED] - click: Object: 'Object Repository/Final Object Repo/New Registration - Registration Module Pages/Third Screen - Upload Supporting Doc- Preview/Inner Form Add Document Button' is clicked on

2018-12-11 17:44:24 - [MESSAGE][PASSED] - Object: 'Object Repository/Final Object Repo/New Registration - Registration Module Pages/Third Screen - Upload Supporting Doc- Preview/Inner Form Add Document Button' is clicked on

2018-12-11 17:44:24 - [TEST_STEP][PASSED] - delay: Delayed 5 second(s)

2018-12-11 17:44:29 - [MESSAGE][PASSED] - Delayed 5 second(s)

2018-12-11 17:44:29 - [TEST_STEP][PASSED] - click: Object: 'Object Repository/Final Object Repo/New Registration - Registration Module Pages/Third Screen - Upload Supporting Doc- Preview/Add Document Button' is clicked on

2018-12-11 17:44:29 - [MESSAGE][PASSED] - Object: 'Object Repository/Final Object Repo/New Registration - Registration Module Pages/Third Screen - Upload Supporting Doc- Preview/Add Document Button' is clicked on

2018-12-11 17:44:29 - [TEST_STEP][PASSED] - delay: Delayed 30 second(s)

2018-12-11 17:44:59 - [MESSAGE][PASSED] - Delayed 30 second(s)

2018-12-11 17:44:59 - [TEST_STEP][PASSED] - click: Object: 'Object Repository/Final Object Repo/New Registration - Registration Module Pages/Third Screen - Upload Supporting Doc- Preview/Supporting Doc Please Select Drop Down' is clicked on

2018-12-11 17:44:59 - [MESSAGE][PASSED] - Object: 'Object Repository/Final Object Repo/New Registration - Registration Module Pages/Third Screen - Upload Supporting Doc- Preview/Supporting Doc Please Select Drop Down' is clicked on

2018-12-11 17:44:59 - [TEST_STEP][PASSED] - click: Object: 'Object Repository/Final Object Repo/New Registration - Registration Module Pages/Third Screen - Upload Supporting Doc- Preview/Select to Upload Borang SIP 1' is clicked on

2018-12-11 17:44:59 - [MESSAGE][PASSED] - Object: 'Object Repository/Final Object Repo/New Registration - Registration Module Pages/Third Screen - Upload Supporting Doc- Preview/Select to Upload Borang SIP 1' is clicked on

2018-12-11 17:44:59 - [TEST_STEP][PASSED] - delay: Delayed 2 second(s)

2018-12-11 17:45:01 - [MESSAGE][PASSED] - Delayed 2 second(s)

2018-12-11 17:45:01 - [TEST_STEP][PASSED] - uploadFile: File 'C:\Users\Public\Pictures\Sample Pictures\Koala.jpg' sent to object: 'Object Repository/Final Object Repo/New Registration - Registration Module Pages/Third Screen - Upload Supporting Doc- Preview/Upload File Adding'

2018-12-11 17:45:01 - [MESSAGE][PASSED] - File 'C:\Users\Public\Pictures\Sample Pictures\Koala.jpg' sent to object: 'Object Repository/Final Object Repo/New Registration - Registration Module Pages/Third Screen - Upload Supporting Doc- Preview/Upload File Adding'

2018-12-11 17:45:01 - [TEST_STEP][PASSED] - click: Object: 'Object Repository/Final Object Repo/New Registration - Registration Module Pages/Third Screen - Upload Supporting Doc- Preview/Inner Form Add Document Button' is clicked on

2018-12-11 17:45:02 - [MESSAGE][PASSED] - Object: 'Object Repository/Final Object Repo/New Registration - Registration Module Pages/Third Screen - Upload Supporting Doc- Preview/Inner Form Add Document Button' is clicked on

2018-12-11 17:45:02 - [TEST_STEP][PASSED] - delay: Delayed 5 second(s)

2018-12-11 17:45:07 - [MESSAGE][PASSED] - Delayed 5 second(s)

2018-12-11 17:45:07 - [TEST_STEP][PASSED] - click: Object: 'Object Repository/Final Object Repo/New Registration - Registration Module Pages/Third Screen - Upload Supporting Doc- Preview/Add Document Button' is clicked on

2018-12-11 17:45:07 - [MESSAGE][PASSED] - Object: 'Object Repository/Final Object Repo/New Registration - Registration Module Pages/Third Screen - Upload Supporting Doc- Preview/Add Document Button' is clicked on

2018-12-11 17:45:07 - [TEST_STEP][PASSED] - delay: Delayed 30 second(s)

2018-12-11 17:45:37 - [MESSAGE][PASSED] - Delayed 30 second(s)

2018-12-11 17:45:37 - [TEST_STEP][PASSED] - click: Object: 'Object Repository/Final Object Repo/New Registration - Registration Module Pages/Third Screen - Upload Supporting Doc- Preview/Supporting Doc Please Select Drop Down' is clicked on

2018-12-11 17:45:37 - [MESSAGE][PASSED] - Object: 'Object Repository/Final Object Repo/New Registration - Registration Module Pages/Third Screen - Upload Supporting Doc- Preview/Supporting Doc Please Select Drop Down' is clicked on

2018-12-11 17:45:37 - [TEST_STEP][PASSED] - delay: Delayed 3 second(s)

2018-12-11 17:45:40 - [MESSAGE][PASSED] - Delayed 3 second(s)

2018-12-11 17:45:40 - [TEST_STEP][PASSED] - click: Object: 'Object Repository/Final Object Repo/New Registration - Registration Module Pages/Third Screen - Upload Supporting Doc- Preview/Select to Upload Borang SIP 2' is clicked on

2018-12-11 17:45:40 - [MESSAGE][PASSED] - Object: 'Object Repository/Final Object Repo/New Registration - Registration Module Pages/Third Screen - Upload Supporting Doc- Preview/Select to Upload Borang SIP 2' is clicked on

2018-12-11 17:45:40 - [TEST_STEP][PASSED] - delay: Delayed 2 second(s)

2018-12-11 17:45:42 - [MESSAGE][PASSED] - Delayed 2 second(s)

2018-12-11 17:45:42 - [TEST_STEP][PASSED] - uploadFile: File 'C:\Users\Public\Pictures\Sample Pictures\Koala.jpg' sent to object: 'Object Repository/Final Object Repo/New Registration - Registration Module Pages/Third Screen - Upload Supporting Doc- Preview/Upload File Adding'

2018-12-11 17:45:42 - [MESSAGE][PASSED] - File 'C:\Users\Public\Pictures\Sample Pictures\Koala.jpg' sent to object: 'Object Repository/Final Object Repo/New Registration - Registration Module Pages/Third Screen - Upload Supporting Doc- Preview/Upload File Adding'

2018-12-11 17:45:42 - [TEST_STEP][PASSED] - delay: Delayed 5 second(s)

2018-12-11 17:45:47 - [MESSAGE][PASSED] - Delayed 5 second(s)

2018-12-11 17:45:47 - [TEST_STEP][PASSED] - click: Object: 'Object Repository/Final Object Repo/New Registration - Registration Module Pages/Third Screen - Upload Supporting Doc- Preview/Inner Form Add Document Button' is clicked on

2018-12-11 17:45:47 - [MESSAGE][PASSED] - Object: 'Object Repository/Final Object Repo/New Registration - Registration Module Pages/Third Screen - Upload Supporting Doc- Preview/Inner Form Add Document Button' is clicked on

2018-12-11 17:45:47 - [TEST_STEP][PASSED] - delay: Delayed 3 second(s)

2018-12-11 17:45:50 - [MESSAGE][PASSED] - Delayed 3 second(s)

2018-12-11 17:45:50 - [TEST_STEP][PASSED] - waitForElementClickable: Object 'Object Repository/Final Object Repo/New Registration - Registration Module Pages/Third Screen - Upload Supporting Doc- Preview/Save n Continue in Uploading Supporting Doc Page' is clickable

2018-12-11 17:45:52 - [MESSAGE][PASSED] - Object 'Object Repository/Final Object Repo/New Registration - Registration Module Pages/Third Screen - Upload Supporting Doc- Preview/Save n Continue in Uploading Supporting Doc Page' is clickable

2018-12-11 17:45:52 - [TEST_STEP][PASSED] - click: Object: 'Object Repository/Final Object Repo/New Registration - Registration Module Pages/Third Screen - Upload Supporting Doc- Preview/Save n Continue in Uploading Supporting Doc Page' is clicked on

2018-12-11 17:45:52 - [MESSAGE][PASSED] - Object: 'Object Repository/Final Object Repo/New Registration - Registration Module Pages/Third Screen - Upload Supporting Doc- Preview/Save n Continue in Uploading Supporting Doc Page' is clicked on

2018-12-11 17:45:52 - [MESSAGE][PASSED] - Call Test Case 'Test Cases/Final Aug 2018 - PKS Automation/Registration Module/New Registration/Flow of New Registration/Third Screen - Upload Supporting Doc - Preview' successfully

2018-12-11 17:45:52 - [TEST_STEP][PASSED] - callTestCase: Call Test Case 'Test Cases/Final Aug 2018 - PKS Automation/Registration Module/New Registration/Submit and Screenshot/Submit Registration and Screenshot - Copy' successfully

2018-12-11 17:45:52 - [TEST_CASE][PASSED] - Test Cases/Final Aug 2018 - PKS Automation/Registration Module/New Registration/Submit and Screenshot/Submit Registration and Screenshot - Copy: Test Cases/Final Aug 2018 - PKS Automation/Registration Module/New Registration/Submit and Screenshot/Submit Registration and Screenshot - Copy

2018-12-11 17:45:52 - [TEST_STEP][PASSED] - delay: Delayed 6 second(s)

2018-12-11 17:45:58 - [MESSAGE][PASSED] - Delayed 6 second(s)

2018-12-11 17:45:58 - [TEST_STEP][PASSED] - click: Object: 'Object Repository/Final Object Repo/New Registration - Registration Module Pages/Third Screen - Upload Supporting Doc- Preview/Preview Submit Button' is clicked on

2018-12-11 17:45:58 - [MESSAGE][PASSED] - Object: 'Object Repository/Final Object Repo/New Registration - Registration Module Pages/Third Screen - Upload Supporting Doc- Preview/Preview Submit Button' is clicked on

2018-12-11 17:45:58 - [TEST_STEP][PASSED] - delay: Delayed 2 second(s)

2018-12-11 17:46:00 - [MESSAGE][PASSED] - Delayed 2 second(s)

2018-12-11 17:46:00 - [TEST_STEP][PASSED] - click: Object: 'Object Repository/Final Object Repo/New Registration - Registration Module Pages/Third Screen - Upload Supporting Doc- Preview/Preview Submit - Confirm' is clicked on

2018-12-11 17:46:00 - [MESSAGE][PASSED] - Object: 'Object Repository/Final Object Repo/New Registration - Registration Module Pages/Third Screen - Upload Supporting Doc- Preview/Preview Submit - Confirm' is clicked on

2018-12-11 17:46:00 - [TEST_STEP][PASSED] - delay: Delayed 15 second(s)

2018-12-11 17:46:15 - [MESSAGE][PASSED] - Delayed 15 second(s)

2018-12-11 17:46:15 - [TEST_STEP][PASSED] - Statement - driver = com.kms.katalon.core.webui.driver.DriverFactory.getWebDriver(): null

2018-12-11 17:46:15 - [TEST_STEP][PASSED] - Statement - driver.manage().timeouts().implicitlyWait(10, SECONDS): null

2018-12-11 17:46:15 - [TEST_STEP][PASSED] - Statement - PresavePath = KatalonScreenshots: null

2018-12-11 17:46:15 - [TEST_STEP][PASSED] - Statement - pathPrefix = "C:\Users\Public\Pictures\Sample Pictures\Katalon Screenshots\Automate Ending Screen": null

2018-12-11 17:46:15 - [TEST_STEP][PASSED] - Statement - finalPath = <not implemented yet for class: org.codehaus.groovy.ast.expr.EmptyExpression>: null

2018-12-11 17:46:15 - [TEST_STEP][PASSED] - Statement - scrFile = driver.getScreenshotAs(FILE): null

2018-12-11 17:46:16 - [TEST_STEP][PASSED] - Statement - PreSaveFile = new java.io.File(PresavePath): null

2018-12-11 17:46:16 - [TEST_STEP][PASSED] - Statement - counter = 0: null

2018-12-11 17:46:16 - [TEST_STEP][PASSED] - Statement - If (PreSaveFile.exists()): null

2018-12-11 17:46:16 - [TEST_STEP][PASSED] - Statement - While (PreSaveFile.exists()): null

2018-12-11 17:46:16 - [TEST_STEP][PASSED] - Statement - counter = counter + 1: null

2018-12-11 17:46:16 - [TEST_STEP][PASSED] - Statement - PreSaveFile = new java.io.File(((pathPrefix + java.lang.Integer.toString(counter)) + .png)): null

2018-12-11 17:46:16 - [TEST_STEP][PASSED] - Statement - counter = counter + 1: null

2018-12-11 17:46:16 - [TEST_STEP][PASSED] - Statement - PreSaveFile = new java.io.File(((pathPrefix + java.lang.Integer.toString(counter)) + .png)): null

2018-12-11 17:46:16 - [TEST_STEP][PASSED] - Statement - counter = counter + 1: null

2018-12-11 17:46:16 - [TEST_STEP][PASSED] - Statement - PreSaveFile = new java.io.File(((pathPrefix + java.lang.Integer.toString(counter)) + .png)): null

2018-12-11 17:46:16 - [TEST_STEP][PASSED] - Statement - counter = counter + 1: null

2018-12-11 17:46:16 - [TEST_STEP][PASSED] - Statement - PreSaveFile = new java.io.File(((pathPrefix + java.lang.Integer.toString(counter)) + .png)): null

2018-12-11 17:46:16 - [TEST_STEP][PASSED] - Statement - counter = counter + 1: null

2018-12-11 17:46:16 - [TEST_STEP][PASSED] - Statement - PreSaveFile = new java.io.File(((pathPrefix + java.lang.Integer.toString(counter)) + .png)): null

2018-12-11 17:46:16 - [TEST_STEP][PASSED] - Statement - counter = counter + 1: null

2018-12-11 17:46:16 - [TEST_STEP][PASSED] - Statement - PreSaveFile = new java.io.File(((pathPrefix + java.lang.Integer.toString(counter)) + .png)): null

2018-12-11 17:46:16 - [TEST_STEP][PASSED] - Statement - counter = counter + 1: null

2018-12-11 17:46:16 - [TEST_STEP][PASSED] - Statement - PreSaveFile = new java.io.File(((pathPrefix + java.lang.Integer.toString(counter)) + .png)): null

2018-12-11 17:46:16 - [TEST_STEP][PASSED] - Statement - counter = counter + 1: null

2018-12-11 17:46:16 - [TEST_STEP][PASSED] - Statement - PreSaveFile = new java.io.File(((pathPrefix + java.lang.Integer.toString(counter)) + .png)): null

2018-12-11 17:46:16 - [TEST_STEP][PASSED] - Statement - counter = counter + 1: null

2018-12-11 17:46:16 - [TEST_STEP][PASSED] - Statement - PreSaveFile = new java.io.File(((pathPrefix + java.lang.Integer.toString(counter)) + .png)): null

2018-12-11 17:46:16 - [TEST_STEP][PASSED] - Statement - counter = counter + 1: null

2018-12-11 17:46:16 - [TEST_STEP][PASSED] - Statement - PreSaveFile = new java.io.File(((pathPrefix + java.lang.Integer.toString(counter)) + .png)): null

2018-12-11 17:46:16 - [TEST_STEP][PASSED] - Statement - counter = counter + 1: null

2018-12-11 17:46:16 - [TEST_STEP][PASSED] - Statement - PreSaveFile = new java.io.File(((pathPrefix + java.lang.Integer.toString(counter)) + .png)): null

2018-12-11 17:46:16 - [TEST_STEP][PASSED] - Statement - counter = counter + 1: null

2018-12-11 17:46:16 - [TEST_STEP][PASSED] - Statement - PreSaveFile = new java.io.File(((pathPrefix + java.lang.Integer.toString(counter)) + .png)): null

2018-12-11 17:46:16 - [TEST_STEP][PASSED] - Statement - counter = counter + 1: null

2018-12-11 17:46:16 - [TEST_STEP][PASSED] - Statement - PreSaveFile = new java.io.File(((pathPrefix + java.lang.Integer.toString(counter)) + .png)): null

2018-12-11 17:46:16 - [TEST_STEP][PASSED] - Statement - counter = counter + 1: null

2018-12-11 17:46:16 - [TEST_STEP][PASSED] - Statement - PreSaveFile = new java.io.File(((pathPrefix + java.lang.Integer.toString(counter)) + .png)): null

2018-12-11 17:46:16 - [TEST_STEP][PASSED] - Statement - counter = counter + 1: null

2018-12-11 17:46:16 - [TEST_STEP][PASSED] - Statement - PreSaveFile = new java.io.File(((pathPrefix + java.lang.Integer.toString(counter)) + .png)): null

2018-12-11 17:46:16 - [TEST_STEP][PASSED] - Statement - counter = counter + 1: null

2018-12-11 17:46:16 - [TEST_STEP][PASSED] - Statement - PreSaveFile = new java.io.File(((pathPrefix + java.lang.Integer.toString(counter)) + .png)): null

2018-12-11 17:46:16 - [TEST_STEP][PASSED] - Statement - counter = counter + 1: null

2018-12-11 17:46:16 - [TEST_STEP][PASSED] - Statement - PreSaveFile = new java.io.File(((pathPrefix + java.lang.Integer.toString(counter)) + .png)): null

2018-12-11 17:46:16 - [TEST_STEP][PASSED] - Statement - counter = counter + 1: null

2018-12-11 17:46:16 - [TEST_STEP][PASSED] - Statement - PreSaveFile = new java.io.File(((pathPrefix + java.lang.Integer.toString(counter)) + .png)): null

2018-12-11 17:46:16 - [TEST_STEP][PASSED] - Statement - counter = counter + 1: null

2018-12-11 17:46:16 - [TEST_STEP][PASSED] - Statement - PreSaveFile = new java.io.File(((pathPrefix + java.lang.Integer.toString(counter)) + .png)): null

2018-12-11 17:46:16 - [TEST_STEP][PASSED] - Statement - counter = counter + 1: null

2018-12-11 17:46:16 - [TEST_STEP][PASSED] - Statement - PreSaveFile = new java.io.File(((pathPrefix + java.lang.Integer.toString(counter)) + .png)): null

2018-12-11 17:46:16 - [TEST_STEP][PASSED] - Statement - counter = counter + 1: null

2018-12-11 17:46:16 - [TEST_STEP][PASSED] - Statement - PreSaveFile = new java.io.File(((pathPrefix + java.lang.Integer.toString(counter)) + .png)): null

2018-12-11 17:46:16 - [TEST_STEP][PASSED] - Statement - counter = counter + 1: null

2018-12-11 17:46:16 - [TEST_STEP][PASSED] - Statement - PreSaveFile = new java.io.File(((pathPrefix + java.lang.Integer.toString(counter)) + .png)): null

2018-12-11 17:46:16 - [TEST_STEP][PASSED] - Statement - counter = counter + 1: null

2018-12-11 17:46:16 - [TEST_STEP][PASSED] - Statement - PreSaveFile = new java.io.File(((pathPrefix + java.lang.Integer.toString(counter)) + .png)): null

2018-12-11 17:46:16 - [TEST_STEP][PASSED] - Statement - counter = counter + 1: null

2018-12-11 17:46:16 - [TEST_STEP][PASSED] - Statement - PreSaveFile = new java.io.File(((pathPrefix + java.lang.Integer.toString(counter)) + .png)): null

2018-12-11 17:46:16 - [TEST_STEP][PASSED] - Statement - counter = counter + 1: null

2018-12-11 17:46:16 - [TEST_STEP][PASSED] - Statement - PreSaveFile = new java.io.File(((pathPrefix + java.lang.Integer.toString(counter)) + .png)): null

2018-12-11 17:46:16 - [TEST_STEP][PASSED] - Statement - counter = counter + 1: null

2018-12-11 17:46:16 - [TEST_STEP][PASSED] - Statement - PreSaveFile = new java.io.File(((pathPrefix + java.lang.Integer.toString(counter)) + .png)): null

2018-12-11 17:46:16 - [TEST_STEP][PASSED] - Statement - counter = counter + 1: null

2018-12-11 17:46:16 - [TEST_STEP][PASSED] - Statement - PreSaveFile = new java.io.File(((pathPrefix + java.lang.Integer.toString(counter)) + .png)): null

2018-12-11 17:46:16 - [TEST_STEP][PASSED] - Statement - counter = counter + 1: null

2018-12-11 17:46:16 - [TEST_STEP][PASSED] - Statement - PreSaveFile = new java.io.File(((pathPrefix + java.lang.Integer.toString(counter)) + .png)): null

2018-12-11 17:46:16 - [TEST_STEP][PASSED] - Statement - counter = counter + 1: null

2018-12-11 17:46:16 - [TEST_STEP][PASSED] - Statement - PreSaveFile = new java.io.File(((pathPrefix + java.lang.Integer.toString(counter)) + .png)): null

2018-12-11 17:46:16 - [TEST_STEP][PASSED] - Statement - counter = counter + 1: null

2018-12-11 17:46:16 - [TEST_STEP][PASSED] - Statement - PreSaveFile = new java.io.File(((pathPrefix + java.lang.Integer.toString(counter)) + .png)): null

2018-12-11 17:46:16 - [TEST_STEP][PASSED] - Statement - counter = counter + 1: null

2018-12-11 17:46:16 - [TEST_STEP][PASSED] - Statement - PreSaveFile = new java.io.File(((pathPrefix + java.lang.Integer.toString(counter)) + .png)): null

2018-12-11 17:46:16 - [TEST_STEP][PASSED] - Statement - counter = counter + 1: null

2018-12-11 17:46:16 - [TEST_STEP][PASSED] - Statement - PreSaveFile = new java.io.File(((pathPrefix + java.lang.Integer.toString(counter)) + .png)): null

2018-12-11 17:46:16 - [TEST_STEP][PASSED] - Statement - counter = counter + 1: null

2018-12-11 17:46:16 - [TEST_STEP][PASSED] - Statement - PreSaveFile = new java.io.File(((pathPrefix + java.lang.Integer.toString(counter)) + .png)): null

2018-12-11 17:46:16 - [TEST_STEP][PASSED] - Statement - counter = counter + 1: null

2018-12-11 17:46:16 - [TEST_STEP][PASSED] - Statement - PreSaveFile = new java.io.File(((pathPrefix + java.lang.Integer.toString(counter)) + .png)): null

2018-12-11 17:46:16 - [TEST_STEP][PASSED] - Statement - counter = counter + 1: null

2018-12-11 17:46:16 - [TEST_STEP][PASSED] - Statement - PreSaveFile = new java.io.File(((pathPrefix + java.lang.Integer.toString(counter)) + .png)): null

2018-12-11 17:46:16 - [TEST_STEP][PASSED] - Statement - counter = counter + 1: null

2018-12-11 17:46:16 - [TEST_STEP][PASSED] - Statement - PreSaveFile = new java.io.File(((pathPrefix + java.lang.Integer.toString(counter)) + .png)): null

2018-12-11 17:46:16 - [TEST_STEP][PASSED] - Statement - counter = counter + 1: null

2018-12-11 17:46:16 - [TEST_STEP][PASSED] - Statement - PreSaveFile = new java.io.File(((pathPrefix + java.lang.Integer.toString(counter)) + .png)): null

2018-12-11 17:46:16 - [TEST_STEP][PASSED] - Statement - counter = counter + 1: null

2018-12-11 17:46:16 - [TEST_STEP][PASSED] - Statement - PreSaveFile = new java.io.File(((pathPrefix + java.lang.Integer.toString(counter)) + .png)): null

2018-12-11 17:46:16 - [TEST_STEP][PASSED] - Statement - counter = counter + 1: null

2018-12-11 17:46:16 - [TEST_STEP][PASSED] - Statement - PreSaveFile = new java.io.File(((pathPrefix + java.lang.Integer.toString(counter)) + .png)): null

2018-12-11 17:46:16 - [TEST_STEP][PASSED] - Statement - counter = counter + 1: null

2018-12-11 17:46:16 - [TEST_STEP][PASSED] - Statement - PreSaveFile = new java.io.File(((pathPrefix + java.lang.Integer.toString(counter)) + .png)): null

2018-12-11 17:46:16 - [TEST_STEP][PASSED] - Statement - counter = counter + 1: null

2018-12-11 17:46:16 - [TEST_STEP][PASSED] - Statement - PreSaveFile = new java.io.File(((pathPrefix + java.lang.Integer.toString(counter)) + .png)): null

2018-12-11 17:46:16 - [TEST_STEP][PASSED] - Statement - counter = counter + 1: null

2018-12-11 17:46:16 - [TEST_STEP][PASSED] - Statement - PreSaveFile = new java.io.File(((pathPrefix + java.lang.Integer.toString(counter)) + .png)): null

2018-12-11 17:46:16 - [TEST_STEP][PASSED] - Statement - counter = counter + 1: null

2018-12-11 17:46:16 - [TEST_STEP][PASSED] - Statement - PreSaveFile = new java.io.File(((pathPrefix + java.lang.Integer.toString(counter)) + .png)): null

2018-12-11 17:46:16 - [TEST_STEP][PASSED] - Statement - counter = counter + 1: null

2018-12-11 17:46:16 - [TEST_STEP][PASSED] - Statement - PreSaveFile = new java.io.File(((pathPrefix + java.lang.Integer.toString(counter)) + .png)): null

2018-12-11 17:46:16 - [TEST_STEP][PASSED] - Statement - counter = counter + 1: null

2018-12-11 17:46:16 - [TEST_STEP][PASSED] - Statement - PreSaveFile = new java.io.File(((pathPrefix + java.lang.Integer.toString(counter)) + .png)): null

2018-12-11 17:46:16 - [TEST_STEP][PASSED] - Statement - counter = counter + 1: null

2018-12-11 17:46:16 - [TEST_STEP][PASSED] - Statement - PreSaveFile = new java.io.File(((pathPrefix + java.lang.Integer.toString(counter)) + .png)): null

2018-12-11 17:46:16 - [TEST_STEP][PASSED] - Statement - counter = counter + 1: null

2018-12-11 17:46:16 - [TEST_STEP][PASSED] - Statement - PreSaveFile = new java.io.File(((pathPrefix + java.lang.Integer.toString(counter)) + .png)): null

2018-12-11 17:46:16 - [TEST_STEP][PASSED] - Statement - counter = counter + 1: null

2018-12-11 17:46:16 - [TEST_STEP][PASSED] - Statement - PreSaveFile = new java.io.File(((pathPrefix + java.lang.Integer.toString(counter)) + .png)): null

2018-12-11 17:46:16 - [TEST_STEP][PASSED] - Statement - counter = counter + 1: null

2018-12-11 17:46:16 - [TEST_STEP][PASSED] - Statement - PreSaveFile = new java.io.File(((pathPrefix + java.lang.Integer.toString(counter)) + .png)): null

2018-12-11 17:46:16 - [TEST_STEP][PASSED] - Statement - counter = counter + 1: null

2018-12-11 17:46:16 - [TEST_STEP][PASSED] - Statement - PreSaveFile = new java.io.File(((pathPrefix + java.lang.Integer.toString(counter)) + .png)): null

2018-12-11 17:46:16 - [TEST_STEP][PASSED] - Statement - counter = counter + 1: null

2018-12-11 17:46:16 - [TEST_STEP][PASSED] - Statement - PreSaveFile = new java.io.File(((pathPrefix + java.lang.Integer.toString(counter)) + .png)): null

2018-12-11 17:46:16 - [TEST_STEP][PASSED] - Statement - counter = counter + 1: null

2018-12-11 17:46:16 - [TEST_STEP][PASSED] - Statement - PreSaveFile = new java.io.File(((pathPrefix + java.lang.Integer.toString(counter)) + .png)): null

2018-12-11 17:46:16 - [TEST_STEP][PASSED] - Statement - counter = counter + 1: null

2018-12-11 17:46:16 - [TEST_STEP][PASSED] - Statement - PreSaveFile = new java.io.File(((pathPrefix + java.lang.Integer.toString(counter)) + .png)): null

2018-12-11 17:46:16 - [TEST_STEP][PASSED] - Statement - counter = counter + 1: null

2018-12-11 17:46:16 - [TEST_STEP][PASSED] - Statement - PreSaveFile = new java.io.File(((pathPrefix + java.lang.Integer.toString(counter)) + .png)): null

2018-12-11 17:46:16 - [TEST_STEP][PASSED] - Statement - counter = counter + 1: null

2018-12-11 17:46:16 - [TEST_STEP][PASSED] - Statement - PreSaveFile = new java.io.File(((pathPrefix + java.lang.Integer.toString(counter)) + .png)): null

2018-12-11 17:46:16 - [TEST_STEP][PASSED] - Statement - counter = counter + 1: null

2018-12-11 17:46:16 - [TEST_STEP][PASSED] - Statement - PreSaveFile = new java.io.File(((pathPrefix + java.lang.Integer.toString(counter)) + .png)): null

2018-12-11 17:46:16 - [TEST_STEP][PASSED] - Statement - counter = counter + 1: null

2018-12-11 17:46:16 - [TEST_STEP][PASSED] - Statement - PreSaveFile = new java.io.File(((pathPrefix + java.lang.Integer.toString(counter)) + .png)): null

2018-12-11 17:46:16 - [TEST_STEP][PASSED] - Statement - counter = counter + 1: null

2018-12-11 17:46:16 - [TEST_STEP][PASSED] - Statement - PreSaveFile = new java.io.File(((pathPrefix + java.lang.Integer.toString(counter)) + .png)): null

2018-12-11 17:46:16 - [TEST_STEP][PASSED] - Statement - counter = counter + 1: null

2018-12-11 17:46:16 - [TEST_STEP][PASSED] - Statement - PreSaveFile = new java.io.File(((pathPrefix + java.lang.Integer.toString(counter)) + .png)): null

2018-12-11 17:46:16 - [TEST_STEP][PASSED] - Statement - counter = counter + 1: null

2018-12-11 17:46:16 - [TEST_STEP][PASSED] - Statement - PreSaveFile = new java.io.File(((pathPrefix + java.lang.Integer.toString(counter)) + .png)): null

2018-12-11 17:46:16 - [TEST_STEP][PASSED] - Statement - counter = counter + 1: null

2018-12-11 17:46:16 - [TEST_STEP][PASSED] - Statement - PreSaveFile = new java.io.File(((pathPrefix + java.lang.Integer.toString(counter)) + .png)): null

2018-12-11 17:46:16 - [TEST_STEP][PASSED] - Statement - counter = counter + 1: null

2018-12-11 17:46:16 - [TEST_STEP][PASSED] - Statement - PreSaveFile = new java.io.File(((pathPrefix + java.lang.Integer.toString(counter)) + .png)): null

2018-12-11 17:46:16 - [TEST_STEP][PASSED] - Statement - counter = counter + 1: null

2018-12-11 17:46:16 - [TEST_STEP][PASSED] - Statement - PreSaveFile = new java.io.File(((pathPrefix + java.lang.Integer.toString(counter)) + .png)): null

2018-12-11 17:46:16 - [TEST_STEP][PASSED] - Statement - counter = counter + 1: null

2018-12-11 17:46:16 - [TEST_STEP][PASSED] - Statement - PreSaveFile = new java.io.File(((pathPrefix + java.lang.Integer.toString(counter)) + .png)): null

2018-12-11 17:46:16 - [TEST_STEP][PASSED] - Statement - counter = counter + 1: null

2018-12-11 17:46:16 - [TEST_STEP][PASSED] - Statement - PreSaveFile = new java.io.File(((pathPrefix + java.lang.Integer.toString(counter)) + .png)): null

2018-12-11 17:46:16 - [TEST_STEP][PASSED] - Statement - counter = counter + 1: null

2018-12-11 17:46:16 - [TEST_STEP][PASSED] - Statement - PreSaveFile = new java.io.File(((pathPrefix + java.lang.Integer.toString(counter)) + .png)): null

2018-12-11 17:46:16 - [TEST_STEP][PASSED] - Statement - counter = counter + 1: null

2018-12-11 17:46:16 - [TEST_STEP][PASSED] - Statement - PreSaveFile = new java.io.File(((pathPrefix + java.lang.Integer.toString(counter)) + .png)): null

2018-12-11 17:46:16 - [TEST_STEP][PASSED] - Statement - counter = counter + 1: null

2018-12-11 17:46:16 - [TEST_STEP][PASSED] - Statement - PreSaveFile = new java.io.File(((pathPrefix + java.lang.Integer.toString(counter)) + .png)): null

2018-12-11 17:46:16 - [TEST_STEP][PASSED] - Statement - counter = counter + 1: null

2018-12-11 17:46:16 - [TEST_STEP][PASSED] - Statement - PreSaveFile = new java.io.File(((pathPrefix + java.lang.Integer.toString(counter)) + .png)): null

2018-12-11 17:46:16 - [TEST_STEP][PASSED] - Statement - counter = counter + 1: null

2018-12-11 17:46:16 - [TEST_STEP][PASSED] - Statement - PreSaveFile = new java.io.File(((pathPrefix + java.lang.Integer.toString(counter)) + .png)): null

2018-12-11 17:46:16 - [TEST_STEP][PASSED] - Statement - counter = counter + 1: null

2018-12-11 17:46:16 - [TEST_STEP][PASSED] - Statement - PreSaveFile = new java.io.File(((pathPrefix + java.lang.Integer.toString(counter)) + .png)): null

2018-12-11 17:46:16 - [TEST_STEP][PASSED] - Statement - counter = counter + 1: null

2018-12-11 17:46:16 - [TEST_STEP][PASSED] - Statement - PreSaveFile = new java.io.File(((pathPrefix + java.lang.Integer.toString(counter)) + .png)): null

2018-12-11 17:46:16 - [TEST_STEP][PASSED] - Statement - counter = counter + 1: null

2018-12-11 17:46:16 - [TEST_STEP][PASSED] - Statement - PreSaveFile = new java.io.File(((pathPrefix + java.lang.Integer.toString(counter)) + .png)): null

2018-12-11 17:46:16 - [TEST_STEP][PASSED] - Statement - counter = counter + 1: null

2018-12-11 17:46:16 - [TEST_STEP][PASSED] - Statement - PreSaveFile = new java.io.File(((pathPrefix + java.lang.Integer.toString(counter)) + .png)): null

2018-12-11 17:46:16 - [TEST_STEP][PASSED] - Statement - counter = counter + 1: null

2018-12-11 17:46:16 - [TEST_STEP][PASSED] - Statement - PreSaveFile = new java.io.File(((pathPrefix + java.lang.Integer.toString(counter)) + .png)): null

2018-12-11 17:46:16 - [TEST_STEP][PASSED] - Statement - counter = counter + 1: null

2018-12-11 17:46:16 - [TEST_STEP][PASSED] - Statement - PreSaveFile = new java.io.File(((pathPrefix + java.lang.Integer.toString(counter)) + .png)): null

2018-12-11 17:46:16 - [TEST_STEP][PASSED] - Statement - counter = counter + 1: null

2018-12-11 17:46:16 - [TEST_STEP][PASSED] - Statement - PreSaveFile = new java.io.File(((pathPrefix + java.lang.Integer.toString(counter)) + .png)): null

2018-12-11 17:46:16 - [TEST_STEP][PASSED] - Statement - counter = counter + 1: null

2018-12-11 17:46:16 - [TEST_STEP][PASSED] - Statement - PreSaveFile = new java.io.File(((pathPrefix + java.lang.Integer.toString(counter)) + .png)): null

2018-12-11 17:46:16 - [TEST_STEP][PASSED] - Statement - counter = counter + 1: null

2018-12-11 17:46:16 - [TEST_STEP][PASSED] - Statement - PreSaveFile = new java.io.File(((pathPrefix + java.lang.Integer.toString(counter)) + .png)): null

2018-12-11 17:46:16 - [TEST_STEP][PASSED] - Statement - counter = counter + 1: null

2018-12-11 17:46:16 - [TEST_STEP][PASSED] - Statement - PreSaveFile = new java.io.File(((pathPrefix + java.lang.Integer.toString(counter)) + .png)): null

2018-12-11 17:46:16 - [TEST_STEP][PASSED] - Statement - counter = counter + 1: null

2018-12-11 17:46:16 - [TEST_STEP][PASSED] - Statement - PreSaveFile = new java.io.File(((pathPrefix + java.lang.Integer.toString(counter)) + .png)): null

2018-12-11 17:46:16 - [TEST_STEP][PASSED] - Statement - counter = counter + 1: null

2018-12-11 17:46:16 - [TEST_STEP][PASSED] - Statement - PreSaveFile = new java.io.File(((pathPrefix + java.lang.Integer.toString(counter)) + .png)): null

2018-12-11 17:46:16 - [TEST_STEP][PASSED] - Statement - counter = counter + 1: null

2018-12-11 17:46:16 - [TEST_STEP][PASSED] - Statement - PreSaveFile = new java.io.File(((pathPrefix + java.lang.Integer.toString(counter)) + .png)): null

2018-12-11 17:46:16 - [TEST_STEP][PASSED] - Statement - counter = counter + 1: null

2018-12-11 17:46:16 - [TEST_STEP][PASSED] - Statement - PreSaveFile = new java.io.File(((pathPrefix + java.lang.Integer.toString(counter)) + .png)): null

2018-12-11 17:46:16 - [TEST_STEP][PASSED] - Statement - counter = counter + 1: null

2018-12-11 17:46:16 - [TEST_STEP][PASSED] - Statement - PreSaveFile = new java.io.File(((pathPrefix + java.lang.Integer.toString(counter)) + .png)): null

2018-12-11 17:46:16 - [TEST_STEP][PASSED] - Statement - counter = counter + 1: null

2018-12-11 17:46:16 - [TEST_STEP][PASSED] - Statement - PreSaveFile = new java.io.File(((pathPrefix + java.lang.Integer.toString(counter)) + .png)): null

2018-12-11 17:46:16 - [TEST_STEP][PASSED] - Statement - counter = counter + 1: null

2018-12-11 17:46:16 - [TEST_STEP][PASSED] - Statement - PreSaveFile = new java.io.File(((pathPrefix + java.lang.Integer.toString(counter)) + .png)): null

2018-12-11 17:46:16 - [TEST_STEP][PASSED] - Statement - counter = counter + 1: null

2018-12-11 17:46:16 - [TEST_STEP][PASSED] - Statement - PreSaveFile = new java.io.File(((pathPrefix + java.lang.Integer.toString(counter)) + .png)): null

2018-12-11 17:46:16 - [TEST_STEP][PASSED] - Statement - counter = counter + 1: null

2018-12-11 17:46:16 - [TEST_STEP][PASSED] - Statement - PreSaveFile = new java.io.File(((pathPrefix + java.lang.Integer.toString(counter)) + .png)): null

2018-12-11 17:46:16 - [TEST_STEP][PASSED] - Statement - counter = counter + 1: null

2018-12-11 17:46:16 - [TEST_STEP][PASSED] - Statement - PreSaveFile = new java.io.File(((pathPrefix + java.lang.Integer.toString(counter)) + .png)): null

2018-12-11 17:46:16 - [TEST_STEP][PASSED] - Statement - counter = counter + 1: null

2018-12-11 17:46:16 - [TEST_STEP][PASSED] - Statement - PreSaveFile = new java.io.File(((pathPrefix + java.lang.Integer.toString(counter)) + .png)): null

2018-12-11 17:46:16 - [TEST_STEP][PASSED] - Statement - counter = counter + 1: null

2018-12-11 17:46:16 - [TEST_STEP][PASSED] - Statement - PreSaveFile = new java.io.File(((pathPrefix + java.lang.Integer.toString(counter)) + .png)): null

2018-12-11 17:46:16 - [TEST_STEP][PASSED] - Statement - counter = counter + 1: null

2018-12-11 17:46:16 - [TEST_STEP][PASSED] - Statement - PreSaveFile = new java.io.File(((pathPrefix + java.lang.Integer.toString(counter)) + .png)): null

2018-12-11 17:46:16 - [TEST_STEP][PASSED] - Statement - counter = counter + 1: null

2018-12-11 17:46:16 - [TEST_STEP][PASSED] - Statement - PreSaveFile = new java.io.File(((pathPrefix + java.lang.Integer.toString(counter)) + .png)): null

2018-12-11 17:46:16 - [TEST_STEP][PASSED] - Statement - counter = counter + 1: null

2018-12-11 17:46:16 - [TEST_STEP][PASSED] - Statement - PreSaveFile = new java.io.File(((pathPrefix + java.lang.Integer.toString(counter)) + .png)): null

2018-12-11 17:46:16 - [TEST_STEP][PASSED] - Statement - counter = counter + 1: null

2018-12-11 17:46:16 - [TEST_STEP][PASSED] - Statement - PreSaveFile = new java.io.File(((pathPrefix + java.lang.Integer.toString(counter)) + .png)): null

2018-12-11 17:46:16 - [TEST_STEP][PASSED] - Statement - counter = counter + 1: null

2018-12-11 17:46:16 - [TEST_STEP][PASSED] - Statement - PreSaveFile = new java.io.File(((pathPrefix + java.lang.Integer.toString(counter)) + .png)): null

2018-12-11 17:46:16 - [TEST_STEP][PASSED] - Statement - counter = counter + 1: null

2018-12-11 17:46:16 - [TEST_STEP][PASSED] - Statement - PreSaveFile = new java.io.File(((pathPrefix + java.lang.Integer.toString(counter)) + .png)): null

2018-12-11 17:46:16 - [TEST_STEP][PASSED] - Statement - counter = counter + 1: null

2018-12-11 17:46:16 - [TEST_STEP][PASSED] - Statement - PreSaveFile = new java.io.File(((pathPrefix + java.lang.Integer.toString(counter)) + .png)): null

2018-12-11 17:46:16 - [TEST_STEP][PASSED] - Statement - counter = counter + 1: null

2018-12-11 17:46:16 - [TEST_STEP][PASSED] - Statement - PreSaveFile = new java.io.File(((pathPrefix + java.lang.Integer.toString(counter)) + .png)): null

2018-12-11 17:46:16 - [TEST_STEP][PASSED] - Statement - counter = counter + 1: null

2018-12-11 17:46:16 - [TEST_STEP][PASSED] - Statement - PreSaveFile = new java.io.File(((pathPrefix + java.lang.Integer.toString(counter)) + .png)): null

2018-12-11 17:46:16 - [TEST_STEP][PASSED] - Statement - counter = counter + 1: null

2018-12-11 17:46:16 - [TEST_STEP][PASSED] - Statement - PreSaveFile = new java.io.File(((pathPrefix + java.lang.Integer.toString(counter)) + .png)): null

2018-12-11 17:46:16 - [TEST_STEP][PASSED] - Statement - finalPath = pathPrefix + java.lang.Integer.toString(counter) + ".png": null

2018-12-11 17:46:16 - [TEST_STEP][PASSED] - Statement - SaveFile = new java.io.File(finalPath): null

2018-12-11 17:46:16 - [TEST_STEP][PASSED] - Statement - Try: null

2018-12-11 17:46:16 - [TEST_STEP][PASSED] - Statement - org.apache.commons.io.FileUtils.copyFile(scrFile, SaveFile): null

2018-12-11 17:46:16 - [TEST_STEP][PASSED] - Statement - out.println("file kept"): null

2018-12-11 17:46:16 - [TEST_STEP][PASSED] - delay: Delayed 10 second(s)

2018-12-11 17:46:26 - [MESSAGE][PASSED] - Delayed 10 second(s)

2018-12-11 17:46:26 - [MESSAGE][PASSED] - Call Test Case 'Test Cases/Final Aug 2018 - PKS Automation/Registration Module/New Registration/Submit and Screenshot/Submit Registration and Screenshot - Copy' successfully

2018-12-11 17:46:26 - [TEST_STEP][PASSED] - Statement - UpdateAddNewECode = com.kms.katalon.core.webui.keyword.WebUiBuiltInKeywords.getText(com.kms.katalon.core.testobject.ObjectRepository.findTestObject(Object Repository/Final Object Repo/Page_Update Add New Employee - ASSIST/getEmpCode)): Text of object 'Object Repository/Final Object Repo/Page_Update Add New Employee - ASSIST/getEmpCode' is: 'E1102070765V'

2018-12-11 17:46:26 - [MESSAGE][PASSED] - Text of object 'Object Repository/Final Object Repo/Page_Update Add New Employee - ASSIST/getEmpCode' is: 'E1102070765V'

2018-12-11 17:46:26 - [TEST_STEP][PASSED] - callTestCase: Call Test Case 'Test Cases/Final Aug 2018 - PKS Automation/Common/Emp Code Setter' successfully

2018-12-11 17:46:26 - [TEST_CASE][PASSED] - Test Cases/Final Aug 2018 - PKS Automation/Common/Emp Code Setter: Test Cases/Final Aug 2018 - PKS Automation/Common/Emp Code Setter

2018-12-11 17:46:26 - [TEST_STEP][PASSED] - Statement - EmpCodeOld = new java.io.File(C://Users//Admin//Desktop//PKS//Automation Reference Point//EmpCode.txt): null

2018-12-11 17:46:26 - [TEST_STEP][PASSED] - Statement - EmpCodeOld.delete(): null

2018-12-11 17:46:26 - [TEST_STEP][PASSED] - Statement - EmpCode = new java.io.File(C://Users//Admin//Desktop//PKS//Automation Reference Point//EmpCode.txt): null

2018-12-11 17:46:26 - [TEST_STEP][PASSED] - Statement - f2 = new java.io.FileWriter(EmpCode, false): null

2018-12-11 17:46:26 - [TEST_STEP][PASSED] - Statement - f2.write(UpdateAddNewECode): null

2018-12-11 17:46:26 - [TEST_STEP][PASSED] - Statement - f2.close(): null

2018-12-11 17:46:26 - [TEST_STEP][PASSED] - Statement - out.println("


" + UpdateAddNewECode + "


"): null

2018-12-11 17:46:26 - [MESSAGE][PASSED] - Call Test Case 'Test Cases/Final Aug 2018 - PKS Automation/Common/Emp Code Setter' successfully

2018-12-11 17:46:26 - [MESSAGE][PASSED] - Call Test Case 'Test Cases/Final Aug 2018 - PKS Automation/Registration Module/Workflow/Update Add New Employee/Template/New Company for Update Add New' successfully

2018-12-11 17:46:26 - [TEST_STEP][PASSED] - callTestCase: Call Test Case 'Test Cases/Final Aug 2018 - PKS Automation/Registration Module/Log Out/log out avoiding katalon tagging' successfully

2018-12-11 17:46:26 - [TEST_CASE][PASSED] - Test Cases/Final Aug 2018 - PKS Automation/Registration Module/Log Out/log out avoiding katalon tagging: Test Cases/Final Aug 2018 - PKS Automation/Registration Module/Log Out/log out avoiding katalon tagging

2018-12-11 17:46:26 - [TEST_STEP][PASSED] - navigateToUrl: Navigate to 'https://assist2-uat.perkeso.gov.my/c/portal/logout' successfully

2018-12-11 17:46:27 - [MESSAGE][PASSED] - Navigate to 'https://assist2-uat.perkeso.gov.my/c/portal/logout' successfully

2018-12-11 17:46:27 - [MESSAGE][PASSED] - Call Test Case 'Test Cases/Final Aug 2018 - PKS Automation/Registration Module/Log Out/log out avoiding katalon tagging' successfully

2018-12-11 17:46:27 - [TEST_STEP][PASSED] - callTestCase: Call Test Case 'Test Cases/Final Aug 2018 - PKS Automation/Registration Module/New Registration/Form 2/Date Updater' successfully

2018-12-11 17:46:27 - [TEST_CASE][PASSED] - Test Cases/Final Aug 2018 - PKS Automation/Registration Module/New Registration/Form 2/Date Updater: Test Cases/Final Aug 2018 - PKS Automation/Registration Module/New Registration/Form 2/Date Updater

2018-12-11 17:46:27 - [TEST_STEP][PASSED] - Statement - TodayDate = new java.util.Date(): null

2018-12-11 17:46:27 - [TEST_STEP][PASSED] - Statement - CurrentDateNoFilter = new java.text.SimpleDateFormat(): null

2018-12-11 17:46:27 - [TEST_STEP][PASSED] - Statement - CurrentDateNoFilter.applyPattern("MM"): null

2018-12-11 17:46:27 - [TEST_STEP][PASSED] - Statement - monthContainerMatcher = java.lang.Integer.parseInt(CurrentDateNoFilter.format(TodayDate)): null

2018-12-11 17:46:27 - [TEST_STEP][PASSED] - Statement - monthContainerMatcher = monthContainerMatcher - 1: null

2018-12-11 17:46:27 - [TEST_STEP][PASSED] - Statement - CurrentMonth = monthContainerMatcher.toString(): null

2018-12-11 17:46:27 - [TEST_STEP][PASSED] - Statement - CurrentMonth = CurrentMonth: null

2018-12-11 17:46:27 - [TEST_STEP][PASSED] - Statement - CurrentDateNoFilter.applyPattern("yyyy"): null

2018-12-11 17:46:27 - [TEST_STEP][PASSED] - Statement - CurrentYear = CurrentDateNoFilter.format(TodayDate): null

2018-12-11 17:46:27 - [TEST_STEP][PASSED] - Statement - CurrentYear = CurrentYear: null

2018-12-11 17:46:27 - [TEST_STEP][PASSED] - Statement - intCurrentYear = java.lang.Integer.parseInt(CurrentDateNoFilter.format(TodayDate)): null

2018-12-11 17:46:27 - [TEST_STEP][PASSED] - Statement - eighteenYrsAgo = intCurrentYear - 18: null

2018-12-11 17:46:27 - [TEST_STEP][PASSED] - Statement - eighteenYrsBeforeThisYr = eighteenYrsAgo.toString(): null

2018-12-11 17:46:27 - [TEST_STEP][PASSED] - Statement - EighteenYrsBefore = eighteenYrsBeforeThisYr: null

2018-12-11 17:46:27 - [TEST_STEP][PASSED] - Statement - fiftysevenYrsAgo = intCurrentYear - 57: null

2018-12-11 17:46:27 - [TEST_STEP][PASSED] - Statement - fiftysevenYrsBeforeThisYr = fiftysevenYrsAgo.toString(): null

2018-12-11 17:46:27 - [TEST_STEP][PASSED] - Statement - FiftysevenYrsBefore = fiftysevenYrsBeforeThisYr: null

2018-12-11 17:46:27 - [TEST_STEP][PASSED] - Statement - leapYear = false: null

2018-12-11 17:46:27 - [TEST_STEP][PASSED] - Statement - leapYear = intCurrentYear % 4 == 0: null

2018-12-11 17:46:27 - [TEST_STEP][PASSED] - Statement - CurrentDateNoFilter.applyPattern("dd"): null

2018-12-11 17:46:27 - [TEST_STEP][PASSED] - Statement - CurrentDate = CurrentDateNoFilter.format(TodayDate): null

2018-12-11 17:46:27 - [TEST_STEP][PASSED] - Statement - CurrentDate = java.lang.Integer.parseInt(CurrentDate): null

2018-12-11 17:46:27 - [TEST_STEP][PASSED] - Statement - CurrentDate = CurrentDate: null

2018-12-11 17:46:27 - [TEST_STEP][PASSED] - Statement - CurrentDay = java.lang.Integer.parseInt(CurrentDate): null

2018-12-11 17:46:27 - [TEST_STEP][PASSED] - Statement - ConfAdder = <not implemented yet for class: org.codehaus.groovy.ast.expr.EmptyExpression>: null

2018-12-11 17:46:27 - [TEST_STEP][PASSED] - Statement - out.println(CurrentMonth): null

2018-12-11 17:46:27 - [TEST_STEP][PASSED] - Statement - out.println(CurrentDate): null

2018-12-11 17:46:27 - [TEST_STEP][PASSED] - Statement - switch (CurrentDate): null

2018-12-11 17:46:27 - [TEST_STEP][PASSED] - Statement - Default: null

2018-12-11 17:46:27 - [TEST_STEP][PASSED] - Statement - ConfAdder = true: null

2018-12-11 17:46:27 - [TEST_STEP][PASSED] - Statement - Break: null

2018-12-11 17:46:27 - [TEST_STEP][PASSED] - Statement - aDayBefore = <not implemented yet for class: org.codehaus.groovy.ast.expr.EmptyExpression>: null

2018-12-11 17:46:27 - [TEST_STEP][PASSED] - Statement - out.println(ConfAdder): null

2018-12-11 17:46:27 - [TEST_STEP][PASSED] - Statement - If (ConfAdder == true): null

2018-12-11 17:46:27 - [TEST_STEP][PASSED] - Statement - aDayBefore = CurrentDay + 1: null

2018-12-11 17:46:27 - [TEST_STEP][PASSED] - Statement - out.println(aDayBefore): null

2018-12-11 17:46:27 - [TEST_STEP][PASSED] - Statement - If (aDayBefore == 1 && CurrentMonth == 11): null

2018-12-11 17:46:27 - [TEST_STEP][PASSED] - Statement - DayBefore = aDayBefore.toString(): null

2018-12-11 17:46:27 - [TEST_STEP][PASSED] - Statement - OneDayBefore = DayBefore: null

2018-12-11 17:46:27 - [MESSAGE][PASSED] - Call Test Case 'Test Cases/Final Aug 2018 - PKS Automation/Registration Module/New Registration/Form 2/Date Updater' successfully

2018-12-11 17:46:27 - [TEST_STEP][PASSED] - delay: Delayed 2 second(s)

2018-12-11 17:46:29 - [MESSAGE][PASSED] - Delayed 2 second(s)

2018-12-11 17:46:29 - [TEST_STEP][PASSED] - setText: Text 'klpkrbo2@gmail.com' is set on object 'Object Repository/Final Object Repo/Page_Update Add New Employee - ASSIST/Email TextBox'

2018-12-11 17:46:30 - [MESSAGE][PASSED] - Text 'klpkrbo2@gmail.com' is set on object 'Object Repository/Final Object Repo/Page_Update Add New Employee - ASSIST/Email TextBox'

2018-12-11 17:46:30 - [TEST_STEP][PASSED] - click: Object: 'Object Repository/Final Object Repo/Page_Update Add New Employee - ASSIST/Next Button' is clicked on

2018-12-11 17:46:30 - [MESSAGE][PASSED] - Object: 'Object Repository/Final Object Repo/Page_Update Add New Employee - ASSIST/Next Button' is clicked on

2018-12-11 17:46:30 - [TEST_STEP][PASSED] - delay: Delayed 2 second(s)

2018-12-11 17:46:32 - [MESSAGE][PASSED] - Delayed 2 second(s)

2018-12-11 17:46:32 - [TEST_STEP][PASSED] - setText: Text 'Test1@3456789' is set on object 'Object Repository/Final Object Repo/Page_Update Add New Employee - ASSIST/Password TextBox'

2018-12-11 17:46:32 - [MESSAGE][PASSED] - Text 'Test1@3456789' is set on object 'Object Repository/Final Object Repo/Page_Update Add New Employee - ASSIST/Password TextBox'

2018-12-11 17:46:32 - [TEST_STEP][PASSED] - delay: Delayed 2 second(s)

2018-12-11 17:46:34 - [MESSAGE][PASSED] - Delayed 2 second(s)

2018-12-11 17:46:34 - [TEST_STEP][PASSED] - click: Object: 'Object Repository/Final Object Repo/Page_Update Add New Employee - ASSIST/Login Button' is clicked on

2018-12-11 17:46:34 - [MESSAGE][PASSED] - Object: 'Object Repository/Final Object Repo/Page_Update Add New Employee - ASSIST/Login Button' is clicked on

2018-12-11 17:46:34 - [TEST_STEP][PASSED] - delay: Delayed 4 second(s)

2018-12-11 17:46:38 - [MESSAGE][PASSED] - Delayed 4 second(s)

2018-12-11 17:46:38 - [TEST_STEP][PASSED] - Statement - Try: Delayed 2 second(s)

2018-12-11 17:46:38 - [TEST_STEP][PASSED] - Statement - Checker = false: null

2018-12-11 17:46:38 - [TEST_STEP][PASSED] - Statement - Checker = com.kms.katalon.core.webui.keyword.WebUiBuiltInKeywords.verifyElementHasAttribute(com.kms.katalon.core.testobject.ObjectRepository.findTestObject(Final Object Repo/Landing Page/BM Detecting), "href", 20, OPTIONAL): Object 'Object Repository/Final Object Repo/Landing Page/BM Detecting' has attribute 'href'

2018-12-11 17:46:38 - [MESSAGE][PASSED] - Object 'Object Repository/Final Object Repo/Landing Page/BM Detecting' has attribute 'href'

2018-12-11 17:46:38 - [TEST_STEP][PASSED] - Statement - out.println(Checker): null

2018-12-11 17:46:38 - [TEST_STEP][PASSED] - Statement - If (Checker == false): null

2018-12-11 17:46:38 - [TEST_STEP][PASSED] - Statement - Else: null

2018-12-11 17:46:38 - [TEST_STEP][PASSED] - delay: Delayed 2 second(s)

2018-12-11 17:46:40 - [MESSAGE][PASSED] - Delayed 2 second(s)

2018-12-11 17:46:40 - [TEST_STEP][PASSED] - delay: Delayed 4 second(s)

2018-12-11 17:46:44 - [MESSAGE][PASSED] - Delayed 4 second(s)

2018-12-11 17:46:44 - [TEST_STEP][PASSED] - click: Object: 'Object Repository/Final Object Repo/Page_Update Add New Employee - ASSIST/My Sites Drop Down' is clicked on

2018-12-11 17:46:45 - [MESSAGE][PASSED] - Object: 'Object Repository/Final Object Repo/Page_Update Add New Employee - ASSIST/My Sites Drop Down' is clicked on

2018-12-11 17:46:45 - [TEST_STEP][PASSED] - click: Object: 'Object Repository/Final Object Repo/Page_Update Add New Employee - ASSIST/Select to Registration Module' is clicked on

2018-12-11 17:46:46 - [MESSAGE][PASSED] - Object: 'Object Repository/Final Object Repo/Page_Update Add New Employee - ASSIST/Select to Registration Module' is clicked on

2018-12-11 17:46:46 - [TEST_STEP][PASSED] - navigateToUrl: Navigate to 'https://assist2-uat.perkeso.gov.my/web/registration/myassist' successfully

2018-12-11 17:46:46 - [MESSAGE][PASSED] - Navigate to 'https://assist2-uat.perkeso.gov.my/web/registration/myassist' successfully

2018-12-11 17:46:46 - [TEST_STEP][PASSED] - mouseOver: Object: 'Object Repository/Final Object Repo/Page_Update Add New Employee - ASSIST/Select to Update Akta 4 Tab' is hovered

2018-12-11 17:46:46 - [MESSAGE][PASSED] - Object: 'Object Repository/Final Object Repo/Page_Update Add New Employee - ASSIST/Select to Update Akta 4 Tab' is hovered

2018-12-11 17:46:46 - [TEST_STEP][PASSED] - delay: Delayed 2 second(s)

2018-12-11 17:46:48 - [MESSAGE][PASSED] - Delayed 2 second(s)

2018-12-11 17:46:48 - [TEST_STEP][PASSED] - click: Object: 'Object Repository/Final Object Repo/Page_Update Add New Employee - ASSIST/Select to Update Add New Employee' is clicked on

2018-12-11 17:46:49 - [MESSAGE][PASSED] - Object: 'Object Repository/Final Object Repo/Page_Update Add New Employee - ASSIST/Select to Update Add New Employee' is clicked on

2018-12-11 17:46:49 - [TEST_STEP][PASSED] - delay: Delayed 2 second(s)

2018-12-11 17:46:51 - [MESSAGE][PASSED] - Delayed 2 second(s)

2018-12-11 17:46:51 - [TEST_STEP][PASSED] - setText: Text 'E1102070765V' is set on object 'Object Repository/Final Object Repo/Page_Update Add New Employee - ASSIST/Employer Code input textbox'

2018-12-11 17:46:51 - [MESSAGE][PASSED] - Text 'E1102070765V' is set on object 'Object Repository/Final Object Repo/Page_Update Add New Employee - ASSIST/Employer Code input textbox'

2018-12-11 17:46:51 - [TEST_STEP][PASSED] - delay: Delayed 2 second(s)

2018-12-11 17:46:53 - [MESSAGE][PASSED] - Delayed 2 second(s)

2018-12-11 17:46:53 - [TEST_STEP][PASSED] - click: Object: 'Object Repository/Final Object Repo/Page_Update Add New Employee - ASSIST/Search Button for Employer Code' is clicked on

2018-12-11 17:46:54 - [MESSAGE][PASSED] - Object: 'Object Repository/Final Object Repo/Page_Update Add New Employee - ASSIST/Search Button for Employer Code' is clicked on

2018-12-11 17:46:54 - [TEST_STEP][PASSED] - delay: Delayed 4 second(s)

2018-12-11 17:46:58 - [MESSAGE][PASSED] - Delayed 4 second(s)

2018-12-11 17:46:58 - [TEST_STEP][PASSED] - click: Object: 'Object Repository/Final Object Repo/Page_Update Add New Employee - ASSIST/Click to Edit Case' is clicked on

2018-12-11 17:47:00 - [MESSAGE][PASSED] - Object: 'Object Repository/Final Object Repo/Page_Update Add New Employee - ASSIST/Click to Edit Case' is clicked on

2018-12-11 17:47:00 - [TEST_STEP][PASSED] - callTestCase: Call Test Case 'Test Cases/Final Aug 2018 - PKS Automation/Registration Module/Workflow/Update Add New Employee/Template/Employee Adding/Employee Set Decider' successfully

2018-12-11 17:47:00 - [TEST_CASE][PASSED] - Test Cases/Final Aug 2018 - PKS Automation/Registration Module/Workflow/Update Add New Employee/Template/Employee Adding/Employee Set Decider: Test Cases/Final Aug 2018 - PKS Automation/Registration Module/Workflow/Update Add New Employee/Template/Employee Adding/Employee Set Decider

2018-12-11 17:47:00 - [TEST_STEP][PASSED] - delay: Delayed 4 second(s)

2018-12-11 17:47:04 - [MESSAGE][PASSED] - Delayed 4 second(s)

2018-12-11 17:47:04 - [TEST_STEP][PASSED] - click: Object: 'Object Repository/Final Object Repo/Page_Update Add New Employee - ASSIST/Add Employee Button' is clicked on

2018-12-11 17:47:04 - [MESSAGE][PASSED] - Object: 'Object Repository/Final Object Repo/Page_Update Add New Employee - ASSIST/Add Employee Button' is clicked on

2018-12-11 17:47:04 - [TEST_STEP][PASSED] - delay: Delayed 3 second(s)

2018-12-11 17:47:07 - [MESSAGE][PASSED] - Delayed 3 second(s)

2018-12-11 17:47:07 - [TEST_STEP][PASSED] - setText: Text '010903091920' is set on object 'Object Repository/Final Object Repo/Page_Update Add New Employee - ASSIST/NRIC Input'

2018-12-11 17:47:07 - [MESSAGE][PASSED] - Text '010903091920' is set on object 'Object Repository/Final Object Repo/Page_Update Add New Employee - ASSIST/NRIC Input'

2018-12-11 17:47:07 - [TEST_STEP][PASSED] - click: Object: 'Object Repository/Final Object Repo/Page_Update Add New Employee - ASSIST/button for search for IC' is clicked on

2018-12-11 17:47:07 - [MESSAGE][PASSED] - Object: 'Object Repository/Final Object Repo/Page_Update Add New Employee - ASSIST/button for search for IC' is clicked on

2018-12-11 17:47:07 - [TEST_STEP][PASSED] - delay: Delayed 2 second(s)

2018-12-11 17:47:09 - [MESSAGE][PASSED] - Delayed 2 second(s)

2018-12-11 17:47:09 - [TEST_STEP][PASSED] - sendKeys: Keys 'CONTROL + a' sent to object: 'Object Repository/Final Object Repo/Page_Update Add New Employee - ASSIST/Employee Name Input'

2018-12-11 17:47:10 - [MESSAGE][PASSED] - Keys 'CONTROL + a' sent to object: 'Object Repository/Final Object Repo/Page_Update Add New Employee - ASSIST/Employee Name Input'

2018-12-11 17:47:10 - [TEST_STEP][PASSED] - sendKeys: Keys 'CONTROL + c' sent to object: 'Object Repository/Final Object Repo/Page_Update Add New Employee - ASSIST/Employee Name Input'

2018-12-11 17:47:10 - [MESSAGE][PASSED] - Keys 'CONTROL + c' sent to object: 'Object Repository/Final Object Repo/Page_Update Add New Employee - ASSIST/Employee Name Input'

2018-12-11 17:47:10 - [TEST_STEP][PASSED] - Statement - toolkit = java.awt.Toolkit.getDefaultToolkit(): null

2018-12-11 17:47:10 - [TEST_STEP][PASSED] - Statement - clipboard = toolkit.getSystemClipboard(): null

2018-12-11 17:47:10 - [TEST_STEP][PASSED] - Statement - CurrentName = clipboard.getData(stringFlavor): null

2018-12-11 17:47:10 - [TEST_STEP][PASSED] - Statement - out.println("String from Clipboard:" + CurrentName): null

2018-12-11 17:47:10 - [TEST_STEP][PASSED] - Statement - If (CurrentName == "AUTOMATE002 ELIGIBLE 1"): null

2018-12-11 17:47:10 - [TEST_STEP][PASSED] - Statement - Else If (CurrentName == "AUTOMATE003 ELIGIBLE 1"): Call Test Case 'Test Cases/Final Aug 2018 - PKS Automation/Registration Module/Workflow/Update Add New Employee/Template/Employee Adding/Employee Adding Action Repeat IC - set 2' successfully

2018-12-11 17:47:10 - [TEST_STEP][PASSED] - callTestCase: Call Test Case 'Test Cases/Final Aug 2018 - PKS Automation/Registration Module/Workflow/Update Add New Employee/Template/Employee Adding/Employee Adding Action Repeat IC - set 2' successfully

2018-12-11 17:47:10 - [TEST_CASE][PASSED] - Test Cases/Final Aug 2018 - PKS Automation/Registration Module/Workflow/Update Add New Employee/Template/Employee Adding/Employee Adding Action Repeat IC - set 2: Test Cases/Final Aug 2018 - PKS Automation/Registration Module/Workflow/Update Add New Employee/Template/Employee Adding/Employee Adding Action Repeat IC - set 2

2018-12-11 17:47:10 - [TEST_STEP][PASSED] - setText: Text 'Automate002 eligible 1' is set on object 'Object Repository/Final Object Repo/Page_Update Add New Employee - ASSIST/Employee Name Input'

2018-12-11 17:47:10 - [MESSAGE][PASSED] - Text 'Automate002 eligible 1' is set on object 'Object Repository/Final Object Repo/Page_Update Add New Employee - ASSIST/Employee Name Input'

2018-12-11 17:47:10 - [TEST_STEP][PASSED] - delay: Delayed 2 second(s)

2018-12-11 17:47:12 - [MESSAGE][PASSED] - Delayed 2 second(s)

2018-12-11 17:47:12 - [TEST_STEP][PASSED] - click: Object: 'Object Repository/Final Object Repo/Page_Update Add New Employee - ASSIST/DatePicker Pop Up' is clicked on

2018-12-11 17:47:12 - [MESSAGE][PASSED] - Object: 'Object Repository/Final Object Repo/Page_Update Add New Employee - ASSIST/DatePicker Pop Up' is clicked on

2018-12-11 17:47:12 - [TEST_STEP][PASSED] - click: Object: 'Object Repository/Final Object Repo/Page_Update Add New Employee - ASSIST/DOB Month' is clicked on

2018-12-11 17:47:13 - [MESSAGE][PASSED] - Object: 'Object Repository/Final Object Repo/Page_Update Add New Employee - ASSIST/DOB Month' is clicked on

2018-12-11 17:47:13 - [TEST_STEP][PASSED] - Statement - CurrentMonth = CurrentMonth: null

2018-12-11 17:47:13 - [TEST_STEP][PASSED] - Statement - selectMonth = new com.kms.katalon.core.testobject.TestObject(): null

2018-12-11 17:47:13 - [TEST_STEP][PASSED] - Statement - selectMonth.addProperty("xpath", EQUALS, "//body/div/div/div/select/option[@value='" + CurrentMonth + "']", true): null

2018-12-11 17:47:13 - [TEST_STEP][PASSED] - click: Object: '' is clicked on

2018-12-11 17:47:13 - [MESSAGE][PASSED] - Object: '' is clicked on

2018-12-11 17:47:13 - [TEST_STEP][PASSED] - click: Object: 'Object Repository/Final Object Repo/Page_Update Add New Employee - ASSIST/DOB Year' is clicked on

2018-12-11 17:47:13 - [MESSAGE][PASSED] - Object: 'Object Repository/Final Object Repo/Page_Update Add New Employee - ASSIST/DOB Year' is clicked on

2018-12-11 17:47:13 - [TEST_STEP][PASSED] - Statement - Eyearsbf = EighteenYrsBefore: null

2018-12-11 17:47:13 - [TEST_STEP][PASSED] - Statement - selectYear = new com.kms.katalon.core.testobject.TestObject(): null

2018-12-11 17:47:13 - [TEST_STEP][PASSED] - Statement - selectYear.addProperty("xpath", EQUALS, "//div/div/div/select/option[@value='" + Eyearsbf + "']", true): null

2018-12-11 17:47:13 - [TEST_STEP][PASSED] - click: Object: '' is clicked on

2018-12-11 17:47:13 - [MESSAGE][PASSED] - Object: '' is clicked on

2018-12-11 17:47:13 - [TEST_STEP][PASSED] - Statement - UpdatedSelectDate = com.kms.katalon.core.webui.keyword.WebUiBuiltInKeywords.modifyObjectProperty(com.kms.katalon.core.testobject.ObjectRepository.findTestObject(Final Object Repo/Page_Update Add New Employee - ASSIST/DOB Date), "xpath", "equals", "//body/div/table/tbody/tr/td/a[text()="" + CurrentDate + ""]", true): Modify property of object successfully

2018-12-11 17:47:13 - [MESSAGE][PASSED] - Modify property of object successfully

2018-12-11 17:47:13 - [TEST_STEP][PASSED] - delay: Delayed 3 second(s)

2018-12-11 17:47:16 - [MESSAGE][PASSED] - Delayed 3 second(s)

2018-12-11 17:47:16 - [TEST_STEP][PASSED] - click: Object: 'Object Repository/Final Object Repo/Page_Update Add New Employee - ASSIST/DOB Date' is clicked on

2018-12-11 17:47:16 - [MESSAGE][PASSED] - Object: 'Object Repository/Final Object Repo/Page_Update Add New Employee - ASSIST/DOB Date' is clicked on

2018-12-11 17:47:16 - [TEST_STEP][PASSED] - delay: Delayed 2 second(s)

2018-12-11 17:47:18 - [MESSAGE][PASSED] - Delayed 2 second(s)

2018-12-11 17:47:18 - [TEST_STEP][PASSED] - click: Object: 'Object Repository/Final Object Repo/Page_Update Add New Employee - ASSIST/EmploymentStartDate Pop Up' is clicked on

2018-12-11 17:47:18 - [MESSAGE][PASSED] - Object: 'Object Repository/Final Object Repo/Page_Update Add New Employee - ASSIST/EmploymentStartDate Pop Up' is clicked on

2018-12-11 17:47:18 - [TEST_STEP][PASSED] - delay: Delayed 2 second(s)

2018-12-11 17:47:20 - [MESSAGE][PASSED] - Delayed 2 second(s)

2018-12-11 17:47:20 - [TEST_STEP][PASSED] - click: Object: 'Object Repository/Final Object Repo/Page_Update Add New Employee - ASSIST/Socso Employment StartDate Month' is clicked on

2018-12-11 17:47:21 - [MESSAGE][PASSED] - Object: 'Object Repository/Final Object Repo/Page_Update Add New Employee - ASSIST/Socso Employment StartDate Month' is clicked on

2018-12-11 17:47:21 - [TEST_STEP][PASSED] - delay: Delayed 1 second(s)

2018-12-11 17:47:22 - [MESSAGE][PASSED] - Delayed 1 second(s)

2018-12-11 17:47:22 - [TEST_STEP][PASSED] - click: Object: 'Object Repository/Final Object Repo/Page_Update Add New Employee - ASSIST/Select Socso Employement Startdate Month' is clicked on

2018-12-11 17:47:22 - [MESSAGE][PASSED] - Object: 'Object Repository/Final Object Repo/Page_Update Add New Employee - ASSIST/Select Socso Employement Startdate Month' is clicked on

2018-12-11 17:47:22 - [TEST_STEP][PASSED] - delay: Delayed 2 second(s)

2018-12-11 17:47:24 - [MESSAGE][PASSED] - Delayed 2 second(s)

2018-12-11 17:47:24 - [TEST_STEP][PASSED] - click: Object: 'Object Repository/Final Object Repo/Page_Update Add New Employee - ASSIST/Socso Employment StartDate Year' is clicked on

2018-12-11 17:47:24 - [MESSAGE][PASSED] - Object: 'Object Repository/Final Object Repo/Page_Update Add New Employee - ASSIST/Socso Employment StartDate Year' is clicked on

2018-12-11 17:47:24 - [TEST_STEP][PASSED] - delay: Delayed 1 second(s)

2018-12-11 17:47:25 - [MESSAGE][PASSED] - Delayed 1 second(s)

2018-12-11 17:47:25 - [TEST_STEP][PASSED] - click: Object: 'Object Repository/Final Object Repo/Page_Update Add New Employee - ASSIST/Select Socso Employment Startdate Year' is clicked on

2018-12-11 17:47:25 - [MESSAGE][PASSED] - Object: 'Object Repository/Final Object Repo/Page_Update Add New Employee - ASSIST/Select Socso Employment Startdate Year' is clicked on

2018-12-11 17:47:25 - [TEST_STEP][PASSED] - delay: Delayed 2 second(s)

2018-12-11 17:47:27 - [MESSAGE][PASSED] - Delayed 2 second(s)

2018-12-11 17:47:27 - [TEST_STEP][PASSED] - click: Object: 'Object Repository/Final Object Repo/Page_Update Add New Employee - ASSIST/Socso Employment Start Date Day' is clicked on

2018-12-11 17:47:27 - [MESSAGE][PASSED] - Object: 'Object Repository/Final Object Repo/Page_Update Add New Employee - ASSIST/Socso Employment Start Date Day' is clicked on

2018-12-11 17:47:27 - [TEST_STEP][PASSED] - delay: Delayed 2 second(s)

2018-12-11 17:47:29 - [MESSAGE][PASSED] - Delayed 2 second(s)

2018-12-11 17:47:29 - [TEST_STEP][PASSED] - click: Object: 'Object Repository/Final Object Repo/Page_Update Add New Employee - ASSIST/Save Button for Add Employee' is clicked on

2018-12-11 17:47:29 - [MESSAGE][PASSED] - Object: 'Object Repository/Final Object Repo/Page_Update Add New Employee - ASSIST/Save Button for Add Employee' is clicked on

2018-12-11 17:47:29 - [TEST_STEP][PASSED] - delay: Delayed 10 second(s)

2018-12-11 17:47:39 - [MESSAGE][PASSED] - Delayed 10 second(s)

2018-12-11 17:47:39 - [TEST_STEP][PASSED] - click: Object: 'Object Repository/Final Object Repo/Page_Update Add New Employee - ASSIST/Add Employee Button' is clicked on

2018-12-11 17:47:40 - [MESSAGE][PASSED] - Object: 'Object Repository/Final Object Repo/Page_Update Add New Employee - ASSIST/Add Employee Button' is clicked on

2018-12-11 17:47:40 - [TEST_STEP][PASSED] - delay: Delayed 6 second(s)

2018-12-11 17:47:46 - [MESSAGE][PASSED] - Delayed 6 second(s)

2018-12-11 17:47:46 - [TEST_STEP][PASSED] - setText: Text '620904059600' is set on object 'Object Repository/Final Object Repo/Page_Update Add New Employee - ASSIST/NRIC Input'

2018-12-11 17:47:46 - [MESSAGE][PASSED] - Text '620904059600' is set on object 'Object Repository/Final Object Repo/Page_Update Add New Employee - ASSIST/NRIC Input'

2018-12-11 17:47:46 - [TEST_STEP][PASSED] - click: Object: 'Object Repository/Final Object Repo/Page_Update Add New Employee - ASSIST/button for search for IC' is clicked on

2018-12-11 17:47:46 - [MESSAGE][PASSED] - Object: 'Object Repository/Final Object Repo/Page_Update Add New Employee - ASSIST/button for search for IC' is clicked on

2018-12-11 17:47:46 - [TEST_STEP][PASSED] - delay: Delayed 2 second(s)

2018-12-11 17:47:48 - [MESSAGE][PASSED] - Delayed 2 second(s)

2018-12-11 17:47:48 - [TEST_STEP][PASSED] - setText: Text 'Automate002 eligible 2' is set on object 'Object Repository/Final Object Repo/Page_Update Add New Employee - ASSIST/Employee Name Input'

2018-12-11 17:47:49 - [MESSAGE][PASSED] - Text 'Automate002 eligible 2' is set on object 'Object Repository/Final Object Repo/Page_Update Add New Employee - ASSIST/Employee Name Input'

2018-12-11 17:47:49 - [TEST_STEP][PASSED] - delay: Delayed 2 second(s)

2018-12-11 17:47:51 - [MESSAGE][PASSED] - Delayed 2 second(s)

2018-12-11 17:47:51 - [TEST_STEP][PASSED] - click: Object: 'Object Repository/Final Object Repo/Page_Update Add New Employee - ASSIST/DatePicker Pop Up' is clicked on

2018-12-11 17:47:51 - [MESSAGE][PASSED] - Object: 'Object Repository/Final Object Repo/Page_Update Add New Employee - ASSIST/DatePicker Pop Up' is clicked on

2018-12-11 17:47:51 - [TEST_STEP][PASSED] - delay: Delayed 2 second(s)

2018-12-11 17:47:53 - [MESSAGE][PASSED] - Delayed 2 second(s)

2018-12-11 17:47:53 - [TEST_STEP][PASSED] - click: Object: 'Object Repository/Final Object Repo/Page_Update Add New Employee - ASSIST/DOB Month' is clicked on

2018-12-11 17:47:53 - [MESSAGE][PASSED] - Object: 'Object Repository/Final Object Repo/Page_Update Add New Employee - ASSIST/DOB Month' is clicked on

2018-12-11 17:47:53 - [TEST_STEP][PASSED] - Statement - selectMonth = com.kms.katalon.core.webui.keyword.WebUiBuiltInKeywords.modifyObjectProperty(selectMonth, "xpath", "equals", "//body/div/div/div/select/option[@value="" + CurrentMonth + ""]", true): Modify property of object successfully

2018-12-11 17:47:53 - [MESSAGE][PASSED] - Modify property of object successfully

2018-12-11 17:47:53 - [TEST_STEP][PASSED] - click: Object: '' is clicked on

2018-12-11 17:47:53 - [MESSAGE][PASSED] - Object: '' is clicked on

2018-12-11 17:47:53 - [TEST_STEP][PASSED] - click: Object: 'Object Repository/Final Object Repo/Page_Update Add New Employee - ASSIST/DOB Year' is clicked on

2018-12-11 17:47:53 - [MESSAGE][PASSED] - Object: 'Object Repository/Final Object Repo/Page_Update Add New Employee - ASSIST/DOB Year' is clicked on

2018-12-11 17:47:53 - [TEST_STEP][PASSED] - Statement - selectYear = com.kms.katalon.core.webui.keyword.WebUiBuiltInKeywords.modifyObjectProperty(selectYear, "xpath", "equals", "//div/div/div/select/option[@value="" + FiftysevenYrsBefore + ""]", true): Modify property of object successfully

2018-12-11 17:47:53 - [MESSAGE][PASSED] - Modify property of object successfully

2018-12-11 17:47:53 - [TEST_STEP][PASSED] - click: Object: '' is clicked on

2018-12-11 17:47:53 - [MESSAGE][PASSED] - Object: '' is clicked on

2018-12-11 17:47:53 - [TEST_STEP][PASSED] - Statement - UpdatedSelectDate = com.kms.katalon.core.webui.keyword.WebUiBuiltInKeywords.modifyObjectProperty(com.kms.katalon.core.testobject.ObjectRepository.findTestObject(Final Object Repo/Page_Update Add New Employee - ASSIST/DOB Date), "xpath", "equals", "//body/div/table/tbody/tr/td/a[text()="" + OneDayBefore + ""]", true): Modify property of object successfully

2018-12-11 17:47:53 - [MESSAGE][PASSED] - Modify property of object successfully

2018-12-11 17:47:53 - [TEST_STEP][PASSED] - click: Object: 'Object Repository/Final Object Repo/Page_Update Add New Employee - ASSIST/DOB Date' is clicked on

2018-12-11 17:47:54 - [MESSAGE][PASSED] - Object: 'Object Repository/Final Object Repo/Page_Update Add New Employee - ASSIST/DOB Date' is clicked on

2018-12-11 17:47:54 - [TEST_STEP][PASSED] - delay: Delayed 2 second(s)

2018-12-11 17:47:56 - [MESSAGE][PASSED] - Delayed 2 second(s)

2018-12-11 17:47:56 - [TEST_STEP][PASSED] - click: Object: 'Object Repository/Final Object Repo/Page_Update Add New Employee - ASSIST/EmploymentStartDate Pop Up' is clicked on

2018-12-11 17:47:56 - [MESSAGE][PASSED] - Object: 'Object Repository/Final Object Repo/Page_Update Add New Employee - ASSIST/EmploymentStartDate Pop Up' is clicked on

2018-12-11 17:47:56 - [TEST_STEP][PASSED] - delay: Delayed 2 second(s)

2018-12-11 17:47:58 - [MESSAGE][PASSED] - Delayed 2 second(s)

2018-12-11 17:47:58 - [TEST_STEP][PASSED] - click: Object: 'Object Repository/Final Object Repo/Page_Update Add New Employee - ASSIST/Socso Employment StartDate Month' is clicked on

2018-12-11 17:47:58 - [MESSAGE][PASSED] - Object: 'Object Repository/Final Object Repo/Page_Update Add New Employee - ASSIST/Socso Employment StartDate Month' is clicked on

2018-12-11 17:47:58 - [TEST_STEP][PASSED] - delay: Delayed 1 second(s)

2018-12-11 17:47:59 - [MESSAGE][PASSED] - Delayed 1 second(s)

2018-12-11 17:47:59 - [TEST_STEP][PASSED] - click: Object: 'Object Repository/Final Object Repo/Page_Update Add New Employee - ASSIST/Select Socso Employement Startdate Month' is clicked on

2018-12-11 17:47:59 - [MESSAGE][PASSED] - Object: 'Object Repository/Final Object Repo/Page_Update Add New Employee - ASSIST/Select Socso Employement Startdate Month' is clicked on

2018-12-11 17:47:59 - [TEST_STEP][PASSED] - delay: Delayed 2 second(s)

2018-12-11 17:48:01 - [MESSAGE][PASSED] - Delayed 2 second(s)

2018-12-11 17:48:01 - [TEST_STEP][PASSED] - click: Object: 'Object Repository/Final Object Repo/Page_Update Add New Employee - ASSIST/Socso Employment StartDate Year' is clicked on

2018-12-11 17:48:01 - [MESSAGE][PASSED] - Object: 'Object Repository/Final Object Repo/Page_Update Add New Employee - ASSIST/Socso Employment StartDate Year' is clicked on

2018-12-11 17:48:01 - [TEST_STEP][PASSED] - delay: Delayed 1 second(s)

2018-12-11 17:48:02 - [MESSAGE][PASSED] - Delayed 1 second(s)

2018-12-11 17:48:02 - [TEST_STEP][PASSED] - click: Object: 'Object Repository/Final Object Repo/Page_Update Add New Employee - ASSIST/Select Socso Employment Startdate Year' is clicked on

2018-12-11 17:48:02 - [MESSAGE][PASSED] - Object: 'Object Repository/Final Object Repo/Page_Update Add New Employee - ASSIST/Select Socso Employment Startdate Year' is clicked on

2018-12-11 17:48:02 - [TEST_STEP][PASSED] - delay: Delayed 2 second(s)

2018-12-11 17:48:04 - [MESSAGE][PASSED] - Delayed 2 second(s)

2018-12-11 17:48:04 - [TEST_STEP][PASSED] - click: Object: 'Object Repository/Final Object Repo/Page_Update Add New Employee - ASSIST/Socso Employment Start Date Day' is clicked on

2018-12-11 17:48:05 - [MESSAGE][PASSED] - Object: 'Object Repository/Final Object Repo/Page_Update Add New Employee - ASSIST/Socso Employment Start Date Day' is clicked on

2018-12-11 17:48:05 - [TEST_STEP][PASSED] - delay: Delayed 2 second(s)

2018-12-11 17:48:07 - [MESSAGE][PASSED] - Delayed 2 second(s)

2018-12-11 17:48:07 - [TEST_STEP][PASSED] - click: Object: 'Object Repository/Final Object Repo/Page_Update Add New Employee - ASSIST/Save Button for Add Employee' is clicked on

2018-12-11 17:48:07 - [MESSAGE][PASSED] - Object: 'Object Repository/Final Object Repo/Page_Update Add New Employee - ASSIST/Save Button for Add Employee' is clicked on

2018-12-11 17:48:07 - [TEST_STEP][PASSED] - delay: Delayed 5 second(s)

2018-12-11 17:48:12 - [MESSAGE][PASSED] - Delayed 5 second(s)

2018-12-11 17:48:12 - [TEST_STEP][PASSED] - waitForElementClickable: Object 'Object Repository/Final Object Repo/Page_Update Add New Employee - ASSIST/Add Employee Button' is clickable

2018-12-11 17:48:12 - [MESSAGE][PASSED] - Object 'Object Repository/Final Object Repo/Page_Update Add New Employee - ASSIST/Add Employee Button' is clickable

2018-12-11 17:48:12 - [TEST_STEP][PASSED] - click: Object: 'Object Repository/Final Object Repo/Page_Update Add New Employee - ASSIST/Add Employee Button' is clicked on

2018-12-11 17:48:12 - [MESSAGE][PASSED] - Object: 'Object Repository/Final Object Repo/Page_Update Add New Employee - ASSIST/Add Employee Button' is clicked on

2018-12-11 17:48:12 - [TEST_STEP][PASSED] - delay: Delayed 4 second(s)

2018-12-11 17:48:16 - [MESSAGE][PASSED] - Delayed 4 second(s)

2018-12-11 17:48:16 - [TEST_STEP][PASSED] - setText: Text '000209039100' is set on object 'Object Repository/Final Object Repo/Page_Update Add New Employee - ASSIST/NRIC Input'

2018-12-11 17:48:16 - [MESSAGE][PASSED] - Text '000209039100' is set on object 'Object Repository/Final Object Repo/Page_Update Add New Employee - ASSIST/NRIC Input'

2018-12-11 17:48:16 - [TEST_STEP][PASSED] - click: Object: 'Object Repository/Final Object Repo/Page_Update Add New Employee - ASSIST/button for search for IC' is clicked on

2018-12-11 17:48:17 - [MESSAGE][PASSED] - Object: 'Object Repository/Final Object Repo/Page_Update Add New Employee - ASSIST/button for search for IC' is clicked on

2018-12-11 17:48:17 - [TEST_STEP][PASSED] - delay: Delayed 2 second(s)

2018-12-11 17:48:19 - [MESSAGE][PASSED] - Delayed 2 second(s)

2018-12-11 17:48:19 - [TEST_STEP][PASSED] - setText: Text 'Automate002 not eligible 1' is set on object 'Object Repository/Final Object Repo/Page_Update Add New Employee - ASSIST/Employee Name Input'

2018-12-11 17:48:19 - [MESSAGE][PASSED] - Text 'Automate002 not eligible 1' is set on object 'Object Repository/Final Object Repo/Page_Update Add New Employee - ASSIST/Employee Name Input'

2018-12-11 17:48:19 - [TEST_STEP][PASSED] - delay: Delayed 2 second(s)

2018-12-11 17:48:21 - [MESSAGE][PASSED] - Delayed 2 second(s)

2018-12-11 17:48:21 - [TEST_STEP][PASSED] - click: Object: 'Object Repository/Final Object Repo/Page_Update Add New Employee - ASSIST/DatePicker Pop Up' is clicked on

2018-12-11 17:48:21 - [MESSAGE][PASSED] - Object: 'Object Repository/Final Object Repo/Page_Update Add New Employee - ASSIST/DatePicker Pop Up' is clicked on

2018-12-11 17:48:21 - [TEST_STEP][PASSED] - delay: Delayed 2 second(s)

2018-12-11 17:48:23 - [MESSAGE][PASSED] - Delayed 2 second(s)

2018-12-11 17:48:23 - [TEST_STEP][PASSED] - click: Object: 'Object Repository/Final Object Repo/Page_Update Add New Employee - ASSIST/DOB Month' is clicked on

2018-12-11 17:48:24 - [MESSAGE][PASSED] - Object: 'Object Repository/Final Object Repo/Page_Update Add New Employee - ASSIST/DOB Month' is clicked on

2018-12-11 17:48:24 - [TEST_STEP][PASSED] - Statement - selectMonth = com.kms.katalon.core.webui.keyword.WebUiBuiltInKeywords.modifyObjectProperty(selectMonth, "xpath", "equals", "//body/div/div/div/select/option[@value="" + CurrentMonth + ""]", true): Modify property of object successfully

2018-12-11 17:48:24 - [MESSAGE][PASSED] - Modify property of object successfully

2018-12-11 17:48:24 - [TEST_STEP][PASSED] - click: Object: '' is clicked on

2018-12-11 17:48:24 - [MESSAGE][PASSED] - Object: '' is clicked on

2018-12-11 17:48:24 - [TEST_STEP][PASSED] - click: Object: 'Object Repository/Final Object Repo/Page_Update Add New Employee - ASSIST/DOB Year' is clicked on

2018-12-11 17:48:24 - [MESSAGE][PASSED] - Object: 'Object Repository/Final Object Repo/Page_Update Add New Employee - ASSIST/DOB Year' is clicked on

2018-12-11 17:48:24 - [TEST_STEP][PASSED] - Statement - selectYear = com.kms.katalon.core.webui.keyword.WebUiBuiltInKeywords.modifyObjectProperty(selectYear, "xpath", "equals", "//div/div/div/select/option[@value="" + EighteenYrsBefore + ""]", true): Modify property of object successfully

2018-12-11 17:48:24 - [MESSAGE][PASSED] - Modify property of object successfully

2018-12-11 17:48:24 - [TEST_STEP][PASSED] - click: Object: '' is clicked on

2018-12-11 17:48:24 - [MESSAGE][PASSED] - Object: '' is clicked on

2018-12-11 17:48:24 - [TEST_STEP][PASSED] - Statement - UpdatedSelectDate = com.kms.katalon.core.webui.keyword.WebUiBuiltInKeywords.modifyObjectProperty(com.kms.katalon.core.testobject.ObjectRepository.findTestObject(Final Object Repo/Page_Update Add New Employee - ASSIST/DOB Date), "xpath", "equals", "//body/div/table/tbody/tr/td/a[text()="" + OneDayBefore + ""]", true): Modify property of object successfully

2018-12-11 17:48:24 - [MESSAGE][PASSED] - Modify property of object successfully

2018-12-11 17:48:24 - [TEST_STEP][PASSED] - click: Object: 'Object Repository/Final Object Repo/Page_Update Add New Employee - ASSIST/DOB Date' is clicked on

2018-12-11 17:48:24 - [MESSAGE][PASSED] - Object: 'Object Repository/Final Object Repo/Page_Update Add New Employee - ASSIST/DOB Date' is clicked on

2018-12-11 17:48:24 - [TEST_STEP][PASSED] - delay: Delayed 2 second(s)

2018-12-11 17:48:26 - [MESSAGE][PASSED] - Delayed 2 second(s)

2018-12-11 17:48:26 - [TEST_STEP][PASSED] - click: Object: 'Object Repository/Final Object Repo/Page_Update Add New Employee - ASSIST/EmploymentStartDate Pop Up' is clicked on

2018-12-11 17:48:26 - [MESSAGE][PASSED] - Object: 'Object Repository/Final Object Repo/Page_Update Add New Employee - ASSIST/EmploymentStartDate Pop Up' is clicked on

2018-12-11 17:48:26 - [TEST_STEP][PASSED] - delay: Delayed 2 second(s)

2018-12-11 17:48:28 - [MESSAGE][PASSED] - Delayed 2 second(s)

2018-12-11 17:48:28 - [TEST_STEP][PASSED] - click: Object: 'Object Repository/Final Object Repo/Page_Update Add New Employee - ASSIST/Socso Employment StartDate Month' is clicked on

2018-12-11 17:48:29 - [MESSAGE][PASSED] - Object: 'Object Repository/Final Object Repo/Page_Update Add New Employee - ASSIST/Socso Employment StartDate Month' is clicked on

2018-12-11 17:48:29 - [TEST_STEP][PASSED] - delay: Delayed 1 second(s)

2018-12-11 17:48:30 - [MESSAGE][PASSED] - Delayed 1 second(s)

2018-12-11 17:48:30 - [TEST_STEP][PASSED] - click: Object: 'Object Repository/Final Object Repo/Page_Update Add New Employee - ASSIST/Select Socso Employement Startdate Month' is clicked on

2018-12-11 17:48:30 - [MESSAGE][PASSED] - Object: 'Object Repository/Final Object Repo/Page_Update Add New Employee - ASSIST/Select Socso Employement Startdate Month' is clicked on

2018-12-11 17:48:30 - [TEST_STEP][PASSED] - delay: Delayed 2 second(s)

2018-12-11 17:48:32 - [MESSAGE][PASSED] - Delayed 2 second(s)

2018-12-11 17:48:32 - [TEST_STEP][PASSED] - click: Object: 'Object Repository/Final Object Repo/Page_Update Add New Employee - ASSIST/Socso Employment StartDate Year' is clicked on

2018-12-11 17:48:32 - [MESSAGE][PASSED] - Object: 'Object Repository/Final Object Repo/Page_Update Add New Employee - ASSIST/Socso Employment StartDate Year' is clicked on

2018-12-11 17:48:32 - [TEST_STEP][PASSED] - delay: Delayed 1 second(s)

2018-12-11 17:48:33 - [MESSAGE][PASSED] - Delayed 1 second(s)

2018-12-11 17:48:33 - [TEST_STEP][PASSED] - click: Object: 'Object Repository/Final Object Repo/Page_Update Add New Employee - ASSIST/Select Socso Employment Startdate Year' is clicked on

2018-12-11 17:48:33 - [MESSAGE][PASSED] - Object: 'Object Repository/Final Object Repo/Page_Update Add New Employee - ASSIST/Select Socso Employment Startdate Year' is clicked on

2018-12-11 17:48:33 - [TEST_STEP][PASSED] - delay: Delayed 2 second(s)

2018-12-11 17:48:35 - [MESSAGE][PASSED] - Delayed 2 second(s)

2018-12-11 17:48:35 - [TEST_STEP][PASSED] - click: Object: 'Object Repository/Final Object Repo/Page_Update Add New Employee - ASSIST/Socso Employment Start Date Day' is clicked on

2018-12-11 17:48:35 - [MESSAGE][PASSED] - Object: 'Object Repository/Final Object Repo/Page_Update Add New Employee - ASSIST/Socso Employment Start Date Day' is clicked on

2018-12-11 17:48:35 - [TEST_STEP][PASSED] - delay: Delayed 2 second(s)

2018-12-11 17:48:37 - [MESSAGE][PASSED] - Delayed 2 second(s)

2018-12-11 17:48:37 - [TEST_STEP][PASSED] - click: Object: 'Object Repository/Final Object Repo/Page_Update Add New Employee - ASSIST/Save Button for Add Employee' is clicked on

2018-12-11 17:48:37 - [MESSAGE][PASSED] - Object: 'Object Repository/Final Object Repo/Page_Update Add New Employee - ASSIST/Save Button for Add Employee' is clicked on

2018-12-11 17:48:37 - [TEST_STEP][PASSED] - delay: Delayed 20 second(s)

2018-12-11 17:48:57 - [MESSAGE][PASSED] - Delayed 20 second(s)

2018-12-11 17:48:57 - [TEST_STEP][PASSED] - click: Object: 'Object Repository/Final Object Repo/Page_Update Add New Employee - ASSIST/Add Employee Button' is clicked on

2018-12-11 17:48:58 - [MESSAGE][PASSED] - Object: 'Object Repository/Final Object Repo/Page_Update Add New Employee - ASSIST/Add Employee Button' is clicked on

2018-12-11 17:48:58 - [TEST_STEP][PASSED] - delay: Delayed 4 second(s)

2018-12-11 17:49:02 - [MESSAGE][PASSED] - Delayed 4 second(s)

2018-12-11 17:49:02 - [TEST_STEP][PASSED] - setText: Text '600203039104' is set on object 'Object Repository/Final Object Repo/Page_Update Add New Employee - ASSIST/NRIC Input'

2018-12-11 17:49:02 - [MESSAGE][PASSED] - Text '600203039104' is set on object 'Object Repository/Final Object Repo/Page_Update Add New Employee - ASSIST/NRIC Input'

2018-12-11 17:49:02 - [TEST_STEP][PASSED] - click: Object: 'Object Repository/Final Object Repo/Page_Update Add New Employee - ASSIST/button for search for IC' is clicked on

2018-12-11 17:49:02 - [MESSAGE][PASSED] - Object: 'Object Repository/Final Object Repo/Page_Update Add New Employee - ASSIST/button for search for IC' is clicked on

2018-12-11 17:49:02 - [TEST_STEP][PASSED] - delay: Delayed 2 second(s)

2018-12-11 17:49:04 - [MESSAGE][PASSED] - Delayed 2 second(s)

2018-12-11 17:49:04 - [TEST_STEP][PASSED] - setText: Text 'Automate002 not eligible 2' is set on object 'Object Repository/Final Object Repo/Page_Update Add New Employee - ASSIST/Employee Name Input'

2018-12-11 17:49:05 - [MESSAGE][PASSED] - Text 'Automate002 not eligible 2' is set on object 'Object Repository/Final Object Repo/Page_Update Add New Employee - ASSIST/Employee Name Input'

2018-12-11 17:49:05 - [TEST_STEP][PASSED] - delay: Delayed 2 second(s)

2018-12-11 17:49:07 - [MESSAGE][PASSED] - Delayed 2 second(s)

2018-12-11 17:49:07 - [TEST_STEP][PASSED] - click: Object: 'Object Repository/Final Object Repo/Page_Update Add New Employee - ASSIST/DatePicker Pop Up' is clicked on

2018-12-11 17:49:07 - [MESSAGE][PASSED] - Object: 'Object Repository/Final Object Repo/Page_Update Add New Employee - ASSIST/DatePicker Pop Up' is clicked on

2018-12-11 17:49:07 - [TEST_STEP][PASSED] - delay: Delayed 2 second(s)

2018-12-11 17:49:09 - [MESSAGE][PASSED] - Delayed 2 second(s)

2018-12-11 17:49:09 - [TEST_STEP][PASSED] - click: Object: 'Object Repository/Final Object Repo/Page_Update Add New Employee - ASSIST/DOB Month' is clicked on

2018-12-11 17:49:09 - [MESSAGE][PASSED] - Object: 'Object Repository/Final Object Repo/Page_Update Add New Employee - ASSIST/DOB Month' is clicked on

2018-12-11 17:49:09 - [TEST_STEP][PASSED] - Statement - selectMonth = com.kms.katalon.core.webui.keyword.WebUiBuiltInKeywords.modifyObjectProperty(selectMonth, "xpath", "equals", "//body/div/div/div/select/option[@value="" + CurrentMonth + ""]", true): Modify property of object successfully

2018-12-11 17:49:09 - [MESSAGE][PASSED] - Modify property of object successfully

2018-12-11 17:49:09 - [TEST_STEP][PASSED] - click: Object: '' is clicked on

2018-12-11 17:49:09 - [MESSAGE][PASSED] - Object: '' is clicked on

2018-12-11 17:49:09 - [TEST_STEP][PASSED] - click: Object: 'Object Repository/Final Object Repo/Page_Update Add New Employee - ASSIST/DOB Year' is clicked on

2018-12-11 17:49:09 - [MESSAGE][PASSED] - Object: 'Object Repository/Final Object Repo/Page_Update Add New Employee - ASSIST/DOB Year' is clicked on

2018-12-11 17:49:09 - [TEST_STEP][PASSED] - Statement - selectYear = com.kms.katalon.core.webui.keyword.WebUiBuiltInKeywords.modifyObjectProperty(selectYear, "xpath", "equals", "//div/div/div/select/option[@value="" + FiftysevenYrsBefore + ""]", true): Modify property of object successfully

2018-12-11 17:49:09 - [MESSAGE][PASSED] - Modify property of object successfully

2018-12-11 17:49:09 - [TEST_STEP][PASSED] - click: Object: '' is clicked on

2018-12-11 17:49:10 - [MESSAGE][PASSED] - Object: '' is clicked on

2018-12-11 17:49:10 - [TEST_STEP][PASSED] - Statement - UpdatedSelectDate = com.kms.katalon.core.webui.keyword.WebUiBuiltInKeywords.modifyObjectProperty(com.kms.katalon.core.testobject.ObjectRepository.findTestObject(Final Object Repo/Page_Update Add New Employee - ASSIST/DOB Date), "xpath", "equals", "//body/div/table/tbody/tr/td/a[text()="" + CurrentDate + ""]", true): Modify property of object successfully

2018-12-11 17:49:10 - [MESSAGE][PASSED] - Modify property of object successfully

2018-12-11 17:49:10 - [TEST_STEP][PASSED] - click: Object: 'Object Repository/Final Object Repo/Page_Update Add New Employee - ASSIST/DOB Date' is clicked on

2018-12-11 17:49:10 - [MESSAGE][PASSED] - Object: 'Object Repository/Final Object Repo/Page_Update Add New Employee - ASSIST/DOB Date' is clicked on

2018-12-11 17:49:10 - [TEST_STEP][PASSED] - click: Object: 'Object Repository/Final Object Repo/Page_Update Add New Employee - ASSIST/EmploymentStartDate Pop Up' is clicked on

2018-12-11 17:49:10 - [MESSAGE][PASSED] - Object: 'Object Repository/Final Object Repo/Page_Update Add New Employee - ASSIST/EmploymentStartDate Pop Up' is clicked on

2018-12-11 17:49:10 - [TEST_STEP][PASSED] - delay: Delayed 2 second(s)

2018-12-11 17:49:12 - [MESSAGE][PASSED] - Delayed 2 second(s)

2018-12-11 17:49:12 - [TEST_STEP][PASSED] - click: Object: 'Object Repository/Final Object Repo/Page_Update Add New Employee - ASSIST/Socso Employment StartDate Month' is clicked on

2018-12-11 17:49:12 - [MESSAGE][PASSED] - Object: 'Object Repository/Final Object Repo/Page_Update Add New Employee - ASSIST/Socso Employment StartDate Month' is clicked on

2018-12-11 17:49:12 - [TEST_STEP][PASSED] - delay: Delayed 1 second(s)

2018-12-11 17:49:13 - [MESSAGE][PASSED] - Delayed 1 second(s)

2018-12-11 17:49:13 - [TEST_STEP][PASSED] - click: Object: 'Object Repository/Final Object Repo/Page_Update Add New Employee - ASSIST/Select Socso Employement Startdate Month' is clicked on

2018-12-11 17:49:13 - [MESSAGE][PASSED] - Object: 'Object Repository/Final Object Repo/Page_Update Add New Employee - ASSIST/Select Socso Employement Startdate Month' is clicked on

2018-12-11 17:49:13 - [TEST_STEP][PASSED] - delay: Delayed 2 second(s)

2018-12-11 17:49:15 - [MESSAGE][PASSED] - Delayed 2 second(s)

2018-12-11 17:49:15 - [TEST_STEP][PASSED] - click: Object: 'Object Repository/Final Object Repo/Page_Update Add New Employee - ASSIST/Socso Employment StartDate Year' is clicked on

2018-12-11 17:49:15 - [MESSAGE][PASSED] - Object: 'Object Repository/Final Object Repo/Page_Update Add New Employee - ASSIST/Socso Employment StartDate Year' is clicked on

2018-12-11 17:49:15 - [TEST_STEP][PASSED] - delay: Delayed 1 second(s)

2018-12-11 17:49:16 - [MESSAGE][PASSED] - Delayed 1 second(s)

2018-12-11 17:49:16 - [TEST_STEP][PASSED] - click: Object: 'Object Repository/Final Object Repo/Page_Update Add New Employee - ASSIST/Select Socso Employment Startdate Year' is clicked on

2018-12-11 17:49:17 - [MESSAGE][PASSED] - Object: 'Object Repository/Final Object Repo/Page_Update Add New Employee - ASSIST/Select Socso Employment Startdate Year' is clicked on

2018-12-11 17:49:17 - [TEST_STEP][PASSED] - delay: Delayed 2 second(s)

2018-12-11 17:49:19 - [MESSAGE][PASSED] - Delayed 2 second(s)

2018-12-11 17:49:19 - [TEST_STEP][PASSED] - click: Object: 'Object Repository/Final Object Repo/Page_Update Add New Employee - ASSIST/Socso Employment Start Date Day' is clicked on

2018-12-11 17:49:19 - [MESSAGE][PASSED] - Object: 'Object Repository/Final Object Repo/Page_Update Add New Employee - ASSIST/Socso Employment Start Date Day' is clicked on

2018-12-11 17:49:19 - [TEST_STEP][PASSED] - delay: Delayed 2 second(s)

2018-12-11 17:49:21 - [MESSAGE][PASSED] - Delayed 2 second(s)

2018-12-11 17:49:21 - [TEST_STEP][PASSED] - click: Object: 'Object Repository/Final Object Repo/Page_Update Add New Employee - ASSIST/Save Button for Add Employee' is clicked on

2018-12-11 17:49:21 - [MESSAGE][PASSED] - Object: 'Object Repository/Final Object Repo/Page_Update Add New Employee - ASSIST/Save Button for Add Employee' is clicked on

2018-12-11 17:49:21 - [MESSAGE][PASSED] - Call Test Case 'Test Cases/Final Aug 2018 - PKS Automation/Registration Module/Workflow/Update Add New Employee/Template/Employee Adding/Employee Adding Action Repeat IC - set 2' successfully

2018-12-11 17:49:21 - [MESSAGE][PASSED] - Call Test Case 'Test Cases/Final Aug 2018 - PKS Automation/Registration Module/Workflow/Update Add New Employee/Template/Employee Adding/Employee Set Decider' successfully

2018-12-11 17:49:21 - [TEST_STEP][PASSED] - delay: Delayed 4 second(s)

2018-12-11 17:49:25 - [MESSAGE][PASSED] - Delayed 4 second(s)

2018-12-11 17:49:25 - [TEST_STEP][PASSED] - Statement - CaseReferenceNo = com.kms.katalon.core.webui.keyword.WebUiBuiltInKeywords.getText(com.kms.katalon.core.testobject.ObjectRepository.findTestObject(Final Object Repo/Page_Update Add New Employee - ASSIST/RefNo)): Text of object 'Object Repository/Final Object Repo/Page_Update Add New Employee - ASSIST/RefNo' is: 'CAN12201800002308'

2018-12-11 17:49:25 - [MESSAGE][PASSED] - Text of object 'Object Repository/Final Object Repo/Page_Update Add New Employee - ASSIST/RefNo' is: 'CAN12201800002308'

2018-12-11 17:49:25 - [TEST_STEP][PASSED] - callTestCase: Call Test Case 'Test Cases/Final Aug 2018 - PKS Automation/Common/Reference Number Setter' successfully

2018-12-11 17:49:25 - [TEST_CASE][PASSED] - Test Cases/Final Aug 2018 - PKS Automation/Common/Reference Number Setter: Test Cases/Final Aug 2018 - PKS Automation/Common/Reference Number Setter

2018-12-11 17:49:25 - [TEST_STEP][PASSED] - Statement - RefNoOldFile = new java.io.File(C://Users//Admin//Desktop//PKS//Automation Reference Point//KatalonReference.txt): null

2018-12-11 17:49:25 - [TEST_STEP][PASSED] - Statement - RefNoOldFile.delete(): null

2018-12-11 17:49:25 - [TEST_STEP][PASSED] - delay: Delayed 5 second(s)

2018-12-11 17:49:30 - [MESSAGE][PASSED] - Delayed 5 second(s)

2018-12-11 17:49:30 - [TEST_STEP][PASSED] - Statement - RefNo = new java.io.File(C://Users//Admin//Desktop//PKS//Automation Reference Point//KatalonReference.txt): null

2018-12-11 17:49:30 - [TEST_STEP][PASSED] - Statement - f2 = new java.io.FileWriter(RefNo, false): null

2018-12-11 17:49:30 - [TEST_STEP][PASSED] - Statement - f2.write(CaseReferenceNo): null

2018-12-11 17:49:30 - [TEST_STEP][PASSED] - Statement - f2.close(): null

2018-12-11 17:49:30 - [TEST_STEP][PASSED] - Statement - out.println("


" + CaseReferenceNo + "


"): null

2018-12-11 17:49:30 - [MESSAGE][PASSED] - Call Test Case 'Test Cases/Final Aug 2018 - PKS Automation/Common/Reference Number Setter' successfully

2018-12-11 17:49:30 - [TEST_STEP][PASSED] - delay: Delayed 5 second(s)

2018-12-11 17:49:35 - [MESSAGE][PASSED] - Delayed 5 second(s)

2018-12-11 17:49:35 - [TEST_STEP][PASSED] - click: Object: 'Object Repository/Final Object Repo/Page_Update Add New Employee - ASSIST/Save  Continue Button' is clicked on

2018-12-11 17:49:35 - [MESSAGE][PASSED] - Object: 'Object Repository/Final Object Repo/Page_Update Add New Employee - ASSIST/Save  Continue Button' is clicked on

2018-12-11 17:49:35 - [TEST_STEP][PASSED] - delay: Delayed 4 second(s)

2018-12-11 17:49:39 - [MESSAGE][PASSED] - Delayed 4 second(s)

2018-12-11 17:49:39 - [TEST_STEP][PASSED] - click: Object: 'Object Repository/Final Object Repo/Page_Update Add New Employee - ASSIST/Save  Continue Third Screen' is clicked on

2018-12-11 17:49:42 - [MESSAGE][PASSED] - Object: 'Object Repository/Final Object Repo/Page_Update Add New Employee - ASSIST/Save  Continue Third Screen' is clicked on

2018-12-11 17:49:42 - [TEST_STEP][PASSED] - delay: Delayed 4 second(s)

2018-12-11 17:49:46 - [MESSAGE][PASSED] - Delayed 4 second(s)

2018-12-11 17:49:46 - [TEST_STEP][PASSED] - click: Object: 'Object Repository/Final Object Repo/Page_Update Add New Employee - ASSIST/Save   Continue Supporting Doc Page' is clicked on

2018-12-11 17:49:46 - [MESSAGE][PASSED] - Object: 'Object Repository/Final Object Repo/Page_Update Add New Employee - ASSIST/Save   Continue Supporting Doc Page' is clicked on

2018-12-11 17:49:46 - [TEST_STEP][PASSED] - delay: Delayed 4 second(s)

2018-12-11 17:49:50 - [MESSAGE][PASSED] - Delayed 4 second(s)

2018-12-11 17:49:50 - [TEST_STEP][PASSED] - click: Object: 'Object Repository/Final Object Repo/Page_Update Add New Employee - ASSIST/Submit Button' is clicked on

2018-12-11 17:49:51 - [MESSAGE][PASSED] - Object: 'Object Repository/Final Object Repo/Page_Update Add New Employee - ASSIST/Submit Button' is clicked on

2018-12-11 17:49:51 - [TEST_STEP][PASSED] - delay: Delayed 4 second(s)

2018-12-11 17:49:55 - [MESSAGE][PASSED] - Delayed 4 second(s)

2018-12-11 17:49:55 - [TEST_STEP][PASSED] - click: Object: 'Object Repository/Final Object Repo/Page_Update Add New Employee - ASSIST/Confirm Submit Button' is clicked on

2018-12-11 17:49:55 - [MESSAGE][PASSED] - Object: 'Object Repository/Final Object Repo/Page_Update Add New Employee - ASSIST/Confirm Submit Button' is clicked on

2018-12-11 17:49:55 - [TEST_STEP][PASSED] - delay: Delayed 30 second(s)

2018-12-11 17:50:25 - [MESSAGE][PASSED] - Delayed 30 second(s)

2018-12-11 17:50:25 - [TEST_STEP][PASSED] - callTestCase: Call Test Case 'Test Cases/Final Aug 2018 - PKS Automation/Common/Screenshoting tool' successfully

2018-12-11 17:50:25 - [TEST_CASE][PASSED] - Test Cases/Final Aug 2018 - PKS Automation/Common/Screenshoting tool: Test Cases/Final Aug 2018 - PKS Automation/Common/Screenshoting tool

2018-12-11 17:50:25 - [TEST_STEP][PASSED] - delay: Delayed 15 second(s)

2018-12-11 17:50:40 - [MESSAGE][PASSED] - Delayed 15 second(s)

2018-12-11 17:50:40 - [TEST_STEP][PASSED] - Statement - driver = com.kms.katalon.core.webui.driver.DriverFactory.getWebDriver(): null

2018-12-11 17:50:40 - [TEST_STEP][PASSED] - Statement - driver.manage().timeouts().implicitlyWait(10, SECONDS): null

2018-12-11 17:50:40 - [TEST_STEP][PASSED] - Statement - PresavePath = KatalonScreenshots: null

2018-12-11 17:50:40 - [TEST_STEP][PASSED] - Statement - pathPrefix = "C:\Users\Public\Pictures\Sample Pictures\Katalon Screenshots\Automate Ending Screen": null

2018-12-11 17:50:40 - [TEST_STEP][PASSED] - Statement - finalPath = <not implemented yet for class: org.codehaus.groovy.ast.expr.EmptyExpression>: null

2018-12-11 17:50:40 - [TEST_STEP][PASSED] - Statement - scrFile = driver.getScreenshotAs(FILE): null

2018-12-11 17:50:40 - [TEST_STEP][PASSED] - Statement - PreSaveFile = new java.io.File(PresavePath): null

2018-12-11 17:50:40 - [TEST_STEP][PASSED] - Statement - counter = 0: null

2018-12-11 17:50:40 - [TEST_STEP][PASSED] - Statement - If (PreSaveFile.exists()): null

2018-12-11 17:50:40 - [TEST_STEP][PASSED] - Statement - While (PreSaveFile.exists()): null

2018-12-11 17:50:40 - [TEST_STEP][PASSED] - Statement - counter = counter + 1: null

2018-12-11 17:50:40 - [TEST_STEP][PASSED] - Statement - PreSaveFile = new java.io.File(((pathPrefix + java.lang.Integer.toString(counter)) + .png)): null

2018-12-11 17:50:40 - [TEST_STEP][PASSED] - Statement - counter = counter + 1: null

2018-12-11 17:50:40 - [TEST_STEP][PASSED] - Statement - PreSaveFile = new java.io.File(((pathPrefix + java.lang.Integer.toString(counter)) + .png)): null

2018-12-11 17:50:40 - [TEST_STEP][PASSED] - Statement - counter = counter + 1: null

2018-12-11 17:50:40 - [TEST_STEP][PASSED] - Statement - PreSaveFile = new java.io.File(((pathPrefix + java.lang.Integer.toString(counter)) + .png)): null

2018-12-11 17:50:40 - [TEST_STEP][PASSED] - Statement - counter = counter + 1: null

2018-12-11 17:50:40 - [TEST_STEP][PASSED] - Statement - PreSaveFile = new java.io.File(((pathPrefix + java.lang.Integer.toString(counter)) + .png)): null

2018-12-11 17:50:40 - [TEST_STEP][PASSED] - Statement - counter = counter + 1: null

2018-12-11 17:50:40 - [TEST_STEP][PASSED] - Statement - PreSaveFile = new java.io.File(((pathPrefix + java.lang.Integer.toString(counter)) + .png)): null

2018-12-11 17:50:40 - [TEST_STEP][PASSED] - Statement - counter = counter + 1: null

2018-12-11 17:50:40 - [TEST_STEP][PASSED] - Statement - PreSaveFile = new java.io.File(((pathPrefix + java.lang.Integer.toString(counter)) + .png)): null

2018-12-11 17:50:40 - [TEST_STEP][PASSED] - Statement - counter = counter + 1: null

2018-12-11 17:50:40 - [TEST_STEP][PASSED] - Statement - PreSaveFile = new java.io.File(((pathPrefix + java.lang.Integer.toString(counter)) + .png)): null

2018-12-11 17:50:40 - [TEST_STEP][PASSED] - Statement - counter = counter + 1: null

2018-12-11 17:50:40 - [TEST_STEP][PASSED] - Statement - PreSaveFile = new java.io.File(((pathPrefix + java.lang.Integer.toString(counter)) + .png)): null

2018-12-11 17:50:40 - [TEST_STEP][PASSED] - Statement - counter = counter + 1: null

2018-12-11 17:50:40 - [TEST_STEP][PASSED] - Statement - PreSaveFile = new java.io.File(((pathPrefix + java.lang.Integer.toString(counter)) + .png)): null

2018-12-11 17:50:40 - [TEST_STEP][PASSED] - Statement - counter = counter + 1: null

2018-12-11 17:50:40 - [TEST_STEP][PASSED] - Statement - PreSaveFile = new java.io.File(((pathPrefix + java.lang.Integer.toString(counter)) + .png)): null

2018-12-11 17:50:40 - [TEST_STEP][PASSED] - Statement - counter = counter + 1: null

2018-12-11 17:50:40 - [TEST_STEP][PASSED] - Statement - PreSaveFile = new java.io.File(((pathPrefix + java.lang.Integer.toString(counter)) + .png)): null

2018-12-11 17:50:40 - [TEST_STEP][PASSED] - Statement - counter = counter + 1: null

2018-12-11 17:50:40 - [TEST_STEP][PASSED] - Statement - PreSaveFile = new java.io.File(((pathPrefix + java.lang.Integer.toString(counter)) + .png)): null

2018-12-11 17:50:40 - [TEST_STEP][PASSED] - Statement - counter = counter + 1: null

2018-12-11 17:50:40 - [TEST_STEP][PASSED] - Statement - PreSaveFile = new java.io.File(((pathPrefix + java.lang.Integer.toString(counter)) + .png)): null

2018-12-11 17:50:40 - [TEST_STEP][PASSED] - Statement - counter = counter + 1: null

2018-12-11 17:50:40 - [TEST_STEP][PASSED] - Statement - PreSaveFile = new java.io.File(((pathPrefix + java.lang.Integer.toString(counter)) + .png)): null

2018-12-11 17:50:40 - [TEST_STEP][PASSED] - Statement - counter = counter + 1: null

2018-12-11 17:50:40 - [TEST_STEP][PASSED] - Statement - PreSaveFile = new java.io.File(((pathPrefix + java.lang.Integer.toString(counter)) + .png)): null

2018-12-11 17:50:40 - [TEST_STEP][PASSED] - Statement - counter = counter + 1: null

2018-12-11 17:50:40 - [TEST_STEP][PASSED] - Statement - PreSaveFile = new java.io.File(((pathPrefix + java.lang.Integer.toString(counter)) + .png)): null

2018-12-11 17:50:40 - [TEST_STEP][PASSED] - Statement - counter = counter + 1: null

2018-12-11 17:50:40 - [TEST_STEP][PASSED] - Statement - PreSaveFile = new java.io.File(((pathPrefix + java.lang.Integer.toString(counter)) + .png)): null

2018-12-11 17:50:40 - [TEST_STEP][PASSED] - Statement - counter = counter + 1: null

2018-12-11 17:50:40 - [TEST_STEP][PASSED] - Statement - PreSaveFile = new java.io.File(((pathPrefix + java.lang.Integer.toString(counter)) + .png)): null

2018-12-11 17:50:40 - [TEST_STEP][PASSED] - Statement - counter = counter + 1: null

2018-12-11 17:50:40 - [TEST_STEP][PASSED] - Statement - PreSaveFile = new java.io.File(((pathPrefix + java.lang.Integer.toString(counter)) + .png)): null

2018-12-11 17:50:40 - [TEST_STEP][PASSED] - Statement - counter = counter + 1: null

2018-12-11 17:50:40 - [TEST_STEP][PASSED] - Statement - PreSaveFile = new java.io.File(((pathPrefix + java.lang.Integer.toString(counter)) + .png)): null

2018-12-11 17:50:40 - [TEST_STEP][PASSED] - Statement - counter = counter + 1: null

2018-12-11 17:50:40 - [TEST_STEP][PASSED] - Statement - PreSaveFile = new java.io.File(((pathPrefix + java.lang.Integer.toString(counter)) + .png)): null

2018-12-11 17:50:40 - [TEST_STEP][PASSED] - Statement - counter = counter + 1: null

2018-12-11 17:50:40 - [TEST_STEP][PASSED] - Statement - PreSaveFile = new java.io.File(((pathPrefix + java.lang.Integer.toString(counter)) + .png)): null

2018-12-11 17:50:40 - [TEST_STEP][PASSED] - Statement - counter = counter + 1: null

2018-12-11 17:50:40 - [TEST_STEP][PASSED] - Statement - PreSaveFile = new java.io.File(((pathPrefix + java.lang.Integer.toString(counter)) + .png)): null

2018-12-11 17:50:40 - [TEST_STEP][PASSED] - Statement - counter = counter + 1: null

2018-12-11 17:50:40 - [TEST_STEP][PASSED] - Statement - PreSaveFile = new java.io.File(((pathPrefix + java.lang.Integer.toString(counter)) + .png)): null

2018-12-11 17:50:40 - [TEST_STEP][PASSED] - Statement - counter = counter + 1: null

2018-12-11 17:50:40 - [TEST_STEP][PASSED] - Statement - PreSaveFile = new java.io.File(((pathPrefix + java.lang.Integer.toString(counter)) + .png)): null

2018-12-11 17:50:40 - [TEST_STEP][PASSED] - Statement - counter = counter + 1: null

2018-12-11 17:50:40 - [TEST_STEP][PASSED] - Statement - PreSaveFile = new java.io.File(((pathPrefix + java.lang.Integer.toString(counter)) + .png)): null

2018-12-11 17:50:40 - [TEST_STEP][PASSED] - Statement - counter = counter + 1: null

2018-12-11 17:50:40 - [TEST_STEP][PASSED] - Statement - PreSaveFile = new java.io.File(((pathPrefix + java.lang.Integer.toString(counter)) + .png)): null

2018-12-11 17:50:40 - [TEST_STEP][PASSED] - Statement - counter = counter + 1: null

2018-12-11 17:50:40 - [TEST_STEP][PASSED] - Statement - PreSaveFile = new java.io.File(((pathPrefix + java.lang.Integer.toString(counter)) + .png)): null

2018-12-11 17:50:40 - [TEST_STEP][PASSED] - Statement - counter = counter + 1: null

2018-12-11 17:50:40 - [TEST_STEP][PASSED] - Statement - PreSaveFile = new java.io.File(((pathPrefix + java.lang.Integer.toString(counter)) + .png)): null

2018-12-11 17:50:40 - [TEST_STEP][PASSED] - Statement - counter = counter + 1: null

2018-12-11 17:50:40 - [TEST_STEP][PASSED] - Statement - PreSaveFile = new java.io.File(((pathPrefix + java.lang.Integer.toString(counter)) + .png)): null

2018-12-11 17:50:40 - [TEST_STEP][PASSED] - Statement - counter = counter + 1: null

2018-12-11 17:50:40 - [TEST_STEP][PASSED] - Statement - PreSaveFile = new java.io.File(((pathPrefix + java.lang.Integer.toString(counter)) + .png)): null

2018-12-11 17:50:40 - [TEST_STEP][PASSED] - Statement - counter = counter + 1: null

2018-12-11 17:50:40 - [TEST_STEP][PASSED] - Statement - PreSaveFile = new java.io.File(((pathPrefix + java.lang.Integer.toString(counter)) + .png)): null

2018-12-11 17:50:40 - [TEST_STEP][PASSED] - Statement - counter = counter + 1: null

2018-12-11 17:50:40 - [TEST_STEP][PASSED] - Statement - PreSaveFile = new java.io.File(((pathPrefix + java.lang.Integer.toString(counter)) + .png)): null

2018-12-11 17:50:40 - [TEST_STEP][PASSED] - Statement - counter = counter + 1: null

2018-12-11 17:50:40 - [TEST_STEP][PASSED] - Statement - PreSaveFile = new java.io.File(((pathPrefix + java.lang.Integer.toString(counter)) + .png)): null

2018-12-11 17:50:40 - [TEST_STEP][PASSED] - Statement - counter = counter + 1: null

2018-12-11 17:50:40 - [TEST_STEP][PASSED] - Statement - PreSaveFile = new java.io.File(((pathPrefix + java.lang.Integer.toString(counter)) + .png)): null

2018-12-11 17:50:40 - [TEST_STEP][PASSED] - Statement - counter = counter + 1: null

2018-12-11 17:50:40 - [TEST_STEP][PASSED] - Statement - PreSaveFile = new java.io.File(((pathPrefix + java.lang.Integer.toString(counter)) + .png)): null

2018-12-11 17:50:40 - [TEST_STEP][PASSED] - Statement - counter = counter + 1: null

2018-12-11 17:50:40 - [TEST_STEP][PASSED] - Statement - PreSaveFile = new java.io.File(((pathPrefix + java.lang.Integer.toString(counter)) + .png)): null

2018-12-11 17:50:40 - [TEST_STEP][PASSED] - Statement - counter = counter + 1: null

2018-12-11 17:50:40 - [TEST_STEP][PASSED] - Statement - PreSaveFile = new java.io.File(((pathPrefix + java.lang.Integer.toString(counter)) + .png)): null

2018-12-11 17:50:40 - [TEST_STEP][PASSED] - Statement - counter = counter + 1: null

2018-12-11 17:50:40 - [TEST_STEP][PASSED] - Statement - PreSaveFile = new java.io.File(((pathPrefix + java.lang.Integer.toString(counter)) + .png)): null

2018-12-11 17:50:40 - [TEST_STEP][PASSED] - Statement - counter = counter + 1: null

2018-12-11 17:50:40 - [TEST_STEP][PASSED] - Statement - PreSaveFile = new java.io.File(((pathPrefix + java.lang.Integer.toString(counter)) + .png)): null

2018-12-11 17:50:40 - [TEST_STEP][PASSED] - Statement - counter = counter + 1: null

2018-12-11 17:50:40 - [TEST_STEP][PASSED] - Statement - PreSaveFile = new java.io.File(((pathPrefix + java.lang.Integer.toString(counter)) + .png)): null

2018-12-11 17:50:40 - [TEST_STEP][PASSED] - Statement - counter = counter + 1: null

2018-12-11 17:50:40 - [TEST_STEP][PASSED] - Statement - PreSaveFile = new java.io.File(((pathPrefix + java.lang.Integer.toString(counter)) + .png)): null

2018-12-11 17:50:40 - [TEST_STEP][PASSED] - Statement - counter = counter + 1: null

2018-12-11 17:50:40 - [TEST_STEP][PASSED] - Statement - PreSaveFile = new java.io.File(((pathPrefix + java.lang.Integer.toString(counter)) + .png)): null

2018-12-11 17:50:40 - [TEST_STEP][PASSED] - Statement - counter = counter + 1: null

2018-12-11 17:50:40 - [TEST_STEP][PASSED] - Statement - PreSaveFile = new java.io.File(((pathPrefix + java.lang.Integer.toString(counter)) + .png)): null

2018-12-11 17:50:40 - [TEST_STEP][PASSED] - Statement - counter = counter + 1: null

2018-12-11 17:50:40 - [TEST_STEP][PASSED] - Statement - PreSaveFile = new java.io.File(((pathPrefix + java.lang.Integer.toString(counter)) + .png)): null

2018-12-11 17:50:40 - [TEST_STEP][PASSED] - Statement - counter = counter + 1: null

2018-12-11 17:50:40 - [TEST_STEP][PASSED] - Statement - PreSaveFile = new java.io.File(((pathPrefix + java.lang.Integer.toString(counter)) + .png)): null

2018-12-11 17:50:40 - [TEST_STEP][PASSED] - Statement - counter = counter + 1: null

2018-12-11 17:50:40 - [TEST_STEP][PASSED] - Statement - PreSaveFile = new java.io.File(((pathPrefix + java.lang.Integer.toString(counter)) + .png)): null

2018-12-11 17:50:40 - [TEST_STEP][PASSED] - Statement - counter = counter + 1: null

2018-12-11 17:50:40 - [TEST_STEP][PASSED] - Statement - PreSaveFile = new java.io.File(((pathPrefix + java.lang.Integer.toString(counter)) + .png)): null

2018-12-11 17:50:40 - [TEST_STEP][PASSED] - Statement - counter = counter + 1: null

2018-12-11 17:50:40 - [TEST_STEP][PASSED] - Statement - PreSaveFile = new java.io.File(((pathPrefix + java.lang.Integer.toString(counter)) + .png)): null

2018-12-11 17:50:40 - [TEST_STEP][PASSED] - Statement - counter = counter + 1: null

2018-12-11 17:50:40 - [TEST_STEP][PASSED] - Statement - PreSaveFile = new java.io.File(((pathPrefix + java.lang.Integer.toString(counter)) + .png)): null

2018-12-11 17:50:40 - [TEST_STEP][PASSED] - Statement - counter = counter + 1: null

2018-12-11 17:50:40 - [TEST_STEP][PASSED] - Statement - PreSaveFile = new java.io.File(((pathPrefix + java.lang.Integer.toString(counter)) + .png)): null

2018-12-11 17:50:40 - [TEST_STEP][PASSED] - Statement - counter = counter + 1: null

2018-12-11 17:50:40 - [TEST_STEP][PASSED] - Statement - PreSaveFile = new java.io.File(((pathPrefix + java.lang.Integer.toString(counter)) + .png)): null

2018-12-11 17:50:40 - [TEST_STEP][PASSED] - Statement - counter = counter + 1: null

2018-12-11 17:50:40 - [TEST_STEP][PASSED] - Statement - PreSaveFile = new java.io.File(((pathPrefix + java.lang.Integer.toString(counter)) + .png)): null

2018-12-11 17:50:40 - [TEST_STEP][PASSED] - Statement - counter = counter + 1: null

2018-12-11 17:50:40 - [TEST_STEP][PASSED] - Statement - PreSaveFile = new java.io.File(((pathPrefix + java.lang.Integer.toString(counter)) + .png)): null

2018-12-11 17:50:40 - [TEST_STEP][PASSED] - Statement - counter = counter + 1: null

2018-12-11 17:50:40 - [TEST_STEP][PASSED] - Statement - PreSaveFile = new java.io.File(((pathPrefix + java.lang.Integer.toString(counter)) + .png)): null

2018-12-11 17:50:40 - [TEST_STEP][PASSED] - Statement - counter = counter + 1: null

2018-12-11 17:50:40 - [TEST_STEP][PASSED] - Statement - PreSaveFile = new java.io.File(((pathPrefix + java.lang.Integer.toString(counter)) + .png)): null

2018-12-11 17:50:40 - [TEST_STEP][PASSED] - Statement - counter = counter + 1: null

2018-12-11 17:50:40 - [TEST_STEP][PASSED] - Statement - PreSaveFile = new java.io.File(((pathPrefix + java.lang.Integer.toString(counter)) + .png)): null

2018-12-11 17:50:40 - [TEST_STEP][PASSED] - Statement - counter = counter + 1: null

2018-12-11 17:50:40 - [TEST_STEP][PASSED] - Statement - PreSaveFile = new java.io.File(((pathPrefix + java.lang.Integer.toString(counter)) + .png)): null

2018-12-11 17:50:40 - [TEST_STEP][PASSED] - Statement - counter = counter + 1: null

2018-12-11 17:50:40 - [TEST_STEP][PASSED] - Statement - PreSaveFile = new java.io.File(((pathPrefix + java.lang.Integer.toString(counter)) + .png)): null

2018-12-11 17:50:40 - [TEST_STEP][PASSED] - Statement - counter = counter + 1: null

2018-12-11 17:50:40 - [TEST_STEP][PASSED] - Statement - PreSaveFile = new java.io.File(((pathPrefix + java.lang.Integer.toString(counter)) + .png)): null

2018-12-11 17:50:40 - [TEST_STEP][PASSED] - Statement - counter = counter + 1: null

2018-12-11 17:50:40 - [TEST_STEP][PASSED] - Statement - PreSaveFile = new java.io.File(((pathPrefix + java.lang.Integer.toString(counter)) + .png)): null

2018-12-11 17:50:40 - [TEST_STEP][PASSED] - Statement - counter = counter + 1: null

2018-12-11 17:50:40 - [TEST_STEP][PASSED] - Statement - PreSaveFile = new java.io.File(((pathPrefix + java.lang.Integer.toString(counter)) + .png)): null

2018-12-11 17:50:40 - [TEST_STEP][PASSED] - Statement - counter = counter + 1: null

2018-12-11 17:50:40 - [TEST_STEP][PASSED] - Statement - PreSaveFile = new java.io.File(((pathPrefix + java.lang.Integer.toString(counter)) + .png)): null

2018-12-11 17:50:40 - [TEST_STEP][PASSED] - Statement - counter = counter + 1: null

2018-12-11 17:50:40 - [TEST_STEP][PASSED] - Statement - PreSaveFile = new java.io.File(((pathPrefix + java.lang.Integer.toString(counter)) + .png)): null

2018-12-11 17:50:40 - [TEST_STEP][PASSED] - Statement - counter = counter + 1: null

2018-12-11 17:50:40 - [TEST_STEP][PASSED] - Statement - PreSaveFile = new java.io.File(((pathPrefix + java.lang.Integer.toString(counter)) + .png)): null

2018-12-11 17:50:40 - [TEST_STEP][PASSED] - Statement - counter = counter + 1: null

2018-12-11 17:50:40 - [TEST_STEP][PASSED] - Statement - PreSaveFile = new java.io.File(((pathPrefix + java.lang.Integer.toString(counter)) + .png)): null

2018-12-11 17:50:40 - [TEST_STEP][PASSED] - Statement - counter = counter + 1: null

2018-12-11 17:50:40 - [TEST_STEP][PASSED] - Statement - PreSaveFile = new java.io.File(((pathPrefix + java.lang.Integer.toString(counter)) + .png)): null

2018-12-11 17:50:40 - [TEST_STEP][PASSED] - Statement - counter = counter + 1: null

2018-12-11 17:50:40 - [TEST_STEP][PASSED] - Statement - PreSaveFile = new java.io.File(((pathPrefix + java.lang.Integer.toString(counter)) + .png)): null

2018-12-11 17:50:40 - [TEST_STEP][PASSED] - Statement - counter = counter + 1: null

2018-12-11 17:50:40 - [TEST_STEP][PASSED] - Statement - PreSaveFile = new java.io.File(((pathPrefix + java.lang.Integer.toString(counter)) + .png)): null

2018-12-11 17:50:40 - [TEST_STEP][PASSED] - Statement - counter = counter + 1: null

2018-12-11 17:50:40 - [TEST_STEP][PASSED] - Statement - PreSaveFile = new java.io.File(((pathPrefix + java.lang.Integer.toString(counter)) + .png)): null

2018-12-11 17:50:40 - [TEST_STEP][PASSED] - Statement - counter = counter + 1: null

2018-12-11 17:50:40 - [TEST_STEP][PASSED] - Statement - PreSaveFile = new java.io.File(((pathPrefix + java.lang.Integer.toString(counter)) + .png)): null

2018-12-11 17:50:40 - [TEST_STEP][PASSED] - Statement - counter = counter + 1: null

2018-12-11 17:50:40 - [TEST_STEP][PASSED] - Statement - PreSaveFile = new java.io.File(((pathPrefix + java.lang.Integer.toString(counter)) + .png)): null

2018-12-11 17:50:40 - [TEST_STEP][PASSED] - Statement - counter = counter + 1: null

2018-12-11 17:50:40 - [TEST_STEP][PASSED] - Statement - PreSaveFile = new java.io.File(((pathPrefix + java.lang.Integer.toString(counter)) + .png)): null

2018-12-11 17:50:40 - [TEST_STEP][PASSED] - Statement - counter = counter + 1: null

2018-12-11 17:50:40 - [TEST_STEP][PASSED] - Statement - PreSaveFile = new java.io.File(((pathPrefix + java.lang.Integer.toString(counter)) + .png)): null

2018-12-11 17:50:40 - [TEST_STEP][PASSED] - Statement - counter = counter + 1: null

2018-12-11 17:50:40 - [TEST_STEP][PASSED] - Statement - PreSaveFile = new java.io.File(((pathPrefix + java.lang.Integer.toString(counter)) + .png)): null

2018-12-11 17:50:40 - [TEST_STEP][PASSED] - Statement - counter = counter + 1: null

2018-12-11 17:50:40 - [TEST_STEP][PASSED] - Statement - PreSaveFile = new java.io.File(((pathPrefix + java.lang.Integer.toString(counter)) + .png)): null

2018-12-11 17:50:40 - [TEST_STEP][PASSED] - Statement - counter = counter + 1: null

2018-12-11 17:50:40 - [TEST_STEP][PASSED] - Statement - PreSaveFile = new java.io.File(((pathPrefix + java.lang.Integer.toString(counter)) + .png)): null

2018-12-11 17:50:40 - [TEST_STEP][PASSED] - Statement - counter = counter + 1: null

2018-12-11 17:50:40 - [TEST_STEP][PASSED] - Statement - PreSaveFile = new java.io.File(((pathPrefix + java.lang.Integer.toString(counter)) + .png)): null

2018-12-11 17:50:40 - [TEST_STEP][PASSED] - Statement - counter = counter + 1: null

2018-12-11 17:50:40 - [TEST_STEP][PASSED] - Statement - PreSaveFile = new java.io.File(((pathPrefix + java.lang.Integer.toString(counter)) + .png)): null

2018-12-11 17:50:40 - [TEST_STEP][PASSED] - Statement - counter = counter + 1: null

2018-12-11 17:50:40 - [TEST_STEP][PASSED] - Statement - PreSaveFile = new java.io.File(((pathPrefix + java.lang.Integer.toString(counter)) + .png)): null

2018-12-11 17:50:40 - [TEST_STEP][PASSED] - Statement - counter = counter + 1: null

2018-12-11 17:50:40 - [TEST_STEP][PASSED] - Statement - PreSaveFile = new java.io.File(((pathPrefix + java.lang.Integer.toString(counter)) + .png)): null

2018-12-11 17:50:40 - [TEST_STEP][PASSED] - Statement - counter = counter + 1: null

2018-12-11 17:50:40 - [TEST_STEP][PASSED] - Statement - PreSaveFile = new java.io.File(((pathPrefix + java.lang.Integer.toString(counter)) + .png)): null

2018-12-11 17:50:40 - [TEST_STEP][PASSED] - Statement - counter = counter + 1: null

2018-12-11 17:50:40 - [TEST_STEP][PASSED] - Statement - PreSaveFile = new java.io.File(((pathPrefix + java.lang.Integer.toString(counter)) + .png)): null

2018-12-11 17:50:40 - [TEST_STEP][PASSED] - Statement - counter = counter + 1: null

2018-12-11 17:50:40 - [TEST_STEP][PASSED] - Statement - PreSaveFile = new java.io.File(((pathPrefix + java.lang.Integer.toString(counter)) + .png)): null

2018-12-11 17:50:40 - [TEST_STEP][PASSED] - Statement - counter = counter + 1: null

2018-12-11 17:50:40 - [TEST_STEP][PASSED] - Statement - PreSaveFile = new java.io.File(((pathPrefix + java.lang.Integer.toString(counter)) + .png)): null

2018-12-11 17:50:41 - [TEST_STEP][PASSED] - Statement - counter = counter + 1: null

2018-12-11 17:50:41 - [TEST_STEP][PASSED] - Statement - PreSaveFile = new java.io.File(((pathPrefix + java.lang.Integer.toString(counter)) + .png)): null

2018-12-11 17:50:41 - [TEST_STEP][PASSED] - Statement - counter = counter + 1: null

2018-12-11 17:50:41 - [TEST_STEP][PASSED] - Statement - PreSaveFile = new java.io.File(((pathPrefix + java.lang.Integer.toString(counter)) + .png)): null

2018-12-11 17:50:41 - [TEST_STEP][PASSED] - Statement - counter = counter + 1: null

2018-12-11 17:50:41 - [TEST_STEP][PASSED] - Statement - PreSaveFile = new java.io.File(((pathPrefix + java.lang.Integer.toString(counter)) + .png)): null

2018-12-11 17:50:41 - [TEST_STEP][PASSED] - Statement - counter = counter + 1: null

2018-12-11 17:50:41 - [TEST_STEP][PASSED] - Statement - PreSaveFile = new java.io.File(((pathPrefix + java.lang.Integer.toString(counter)) + .png)): null

2018-12-11 17:50:41 - [TEST_STEP][PASSED] - Statement - counter = counter + 1: null

2018-12-11 17:50:41 - [TEST_STEP][PASSED] - Statement - PreSaveFile = new java.io.File(((pathPrefix + java.lang.Integer.toString(counter)) + .png)): null

2018-12-11 17:50:41 - [TEST_STEP][PASSED] - Statement - counter = counter + 1: null

2018-12-11 17:50:41 - [TEST_STEP][PASSED] - Statement - PreSaveFile = new java.io.File(((pathPrefix + java.lang.Integer.toString(counter)) + .png)): null

2018-12-11 17:50:41 - [TEST_STEP][PASSED] - Statement - counter = counter + 1: null

2018-12-11 17:50:41 - [TEST_STEP][PASSED] - Statement - PreSaveFile = new java.io.File(((pathPrefix + java.lang.Integer.toString(counter)) + .png)): null

2018-12-11 17:50:41 - [TEST_STEP][PASSED] - Statement - counter = counter + 1: null

2018-12-11 17:50:41 - [TEST_STEP][PASSED] - Statement - PreSaveFile = new java.io.File(((pathPrefix + java.lang.Integer.toString(counter)) + .png)): null

2018-12-11 17:50:41 - [TEST_STEP][PASSED] - Statement - counter = counter + 1: null

2018-12-11 17:50:41 - [TEST_STEP][PASSED] - Statement - PreSaveFile = new java.io.File(((pathPrefix + java.lang.Integer.toString(counter)) + .png)): null

2018-12-11 17:50:41 - [TEST_STEP][PASSED] - Statement - counter = counter + 1: null

2018-12-11 17:50:41 - [TEST_STEP][PASSED] - Statement - PreSaveFile = new java.io.File(((pathPrefix + java.lang.Integer.toString(counter)) + .png)): null

2018-12-11 17:50:41 - [TEST_STEP][PASSED] - Statement - counter = counter + 1: null

2018-12-11 17:50:41 - [TEST_STEP][PASSED] - Statement - PreSaveFile = new java.io.File(((pathPrefix + java.lang.Integer.toString(counter)) + .png)): null

2018-12-11 17:50:41 - [TEST_STEP][PASSED] - Statement - counter = counter + 1: null

2018-12-11 17:50:41 - [TEST_STEP][PASSED] - Statement - PreSaveFile = new java.io.File(((pathPrefix + java.lang.Integer.toString(counter)) + .png)): null

2018-12-11 17:50:41 - [TEST_STEP][PASSED] - Statement - counter = counter + 1: null

2018-12-11 17:50:41 - [TEST_STEP][PASSED] - Statement - PreSaveFile = new java.io.File(((pathPrefix + java.lang.Integer.toString(counter)) + .png)): null

2018-12-11 17:50:41 - [TEST_STEP][PASSED] - Statement - counter = counter + 1: null

2018-12-11 17:50:41 - [TEST_STEP][PASSED] - Statement - PreSaveFile = new java.io.File(((pathPrefix + java.lang.Integer.toString(counter)) + .png)): null

2018-12-11 17:50:41 - [TEST_STEP][PASSED] - Statement - counter = counter + 1: null

2018-12-11 17:50:41 - [TEST_STEP][PASSED] - Statement - PreSaveFile = new java.io.File(((pathPrefix + java.lang.Integer.toString(counter)) + .png)): null

2018-12-11 17:50:41 - [TEST_STEP][PASSED] - Statement - counter = counter + 1: null

2018-12-11 17:50:41 - [TEST_STEP][PASSED] - Statement - PreSaveFile = new java.io.File(((pathPrefix + java.lang.Integer.toString(counter)) + .png)): null

2018-12-11 17:50:41 - [TEST_STEP][PASSED] - Statement - counter = counter + 1: null

2018-12-11 17:50:41 - [TEST_STEP][PASSED] - Statement - PreSaveFile = new java.io.File(((pathPrefix + java.lang.Integer.toString(counter)) + .png)): null

2018-12-11 17:50:41 - [TEST_STEP][PASSED] - Statement - counter = counter + 1: null

2018-12-11 17:50:41 - [TEST_STEP][PASSED] - Statement - PreSaveFile = new java.io.File(((pathPrefix + java.lang.Integer.toString(counter)) + .png)): null

2018-12-11 17:50:41 - [TEST_STEP][PASSED] - Statement - finalPath = pathPrefix + java.lang.Integer.toString(counter) + ".png": null

2018-12-11 17:50:41 - [TEST_STEP][PASSED] - Statement - SaveFile = new java.io.File(finalPath): null

2018-12-11 17:50:41 - [TEST_STEP][PASSED] - Statement - Try: null

2018-12-11 17:50:41 - [TEST_STEP][PASSED] - Statement - org.apache.commons.io.FileUtils.copyFile(scrFile, SaveFile): null

2018-12-11 17:50:41 - [TEST_STEP][PASSED] - Statement - out.println("file kept"): null

2018-12-11 17:50:41 - [TEST_STEP][PASSED] - delay: Delayed 10 second(s)

2018-12-11 17:50:51 - [MESSAGE][PASSED] - Delayed 10 second(s)

2018-12-11 17:50:51 - [MESSAGE][PASSED] - Call Test Case 'Test Cases/Final Aug 2018 - PKS Automation/Common/Screenshoting tool' successfully

2018-12-11 17:50:51 - [TEST_STEP][PASSED] - callTestCase: Call Test Case 'Test Cases/Final Aug 2018 - PKS Automation/Registration Module/Log Out/log out avoiding katalon tagging' successfully

2018-12-11 17:50:51 - [TEST_CASE][PASSED] - Test Cases/Final Aug 2018 - PKS Automation/Registration Module/Log Out/log out avoiding katalon tagging: Test Cases/Final Aug 2018 - PKS Automation/Registration Module/Log Out/log out avoiding katalon tagging

2018-12-11 17:50:51 - [TEST_STEP][PASSED] - navigateToUrl: Navigate to 'https://assist2-uat.perkeso.gov.my/c/portal/logout' successfully

2018-12-11 17:50:51 - [MESSAGE][PASSED] - Navigate to 'https://assist2-uat.perkeso.gov.my/c/portal/logout' successfully

2018-12-11 17:50:51 - [MESSAGE][PASSED] - Call Test Case 'Test Cases/Final Aug 2018 - PKS Automation/Registration Module/Log Out/log out avoiding katalon tagging' successfully

2018-12-11 17:50:51 - [TEST_STEP][PASSED] - callTestCase: Call Test Case 'Test Cases/Final Aug 2018 - PKS Automation/Common/Workflow Owner Finder' successfully

2018-12-11 17:50:51 - [TEST_CASE][PASSED] - Test Cases/Final Aug 2018 - PKS Automation/Common/Workflow Owner Finder: Test Cases/Final Aug 2018 - PKS Automation/Common/Workflow Owner Finder

2018-12-11 17:50:51 - [TEST_STEP][PASSED] - openBrowser: Browser is opened with url: ''

2018-12-11 17:50:51 - [MESSAGE][WARNING] - A browser is already opened. Closing browser and opening a new one

2018-12-11 17:50:55 - [MESSAGE][PASSED] - Browser is opened with url: ''

2018-12-11 17:50:55 - [TEST_STEP][PASSED] - navigateToUrl: Navigate to 'https://assist2-uat.perkeso.gov.my/login' successfully

2018-12-11 17:50:56 - [MESSAGE][PASSED] - Navigate to 'https://assist2-uat.perkeso.gov.my/login' successfully

2018-12-11 17:50:57 - [TEST_STEP][PASSED] - delay: Delayed 5 second(s)

2018-12-11 17:51:02 - [MESSAGE][PASSED] - Delayed 5 second(s)

2018-12-11 17:51:02 - [TEST_STEP][PASSED] - setText: Text 'test@liferay.com' is set on object 'Object Repository/Final Object Repo/Login Page/Internal User/Email Address'

2018-12-11 17:51:02 - [MESSAGE][PASSED] - Text 'test@liferay.com' is set on object 'Object Repository/Final Object Repo/Login Page/Internal User/Email Address'

2018-12-11 17:51:02 - [TEST_STEP][PASSED] - click: Object: 'Object Repository/Final Object Repo/Login Page/Internal User/Next Button' is clicked on

2018-12-11 17:51:02 - [MESSAGE][PASSED] - Object: 'Object Repository/Final Object Repo/Login Page/Internal User/Next Button' is clicked on

2018-12-11 17:51:02 - [TEST_STEP][PASSED] - delay: Delayed 2 second(s)

2018-12-11 17:51:04 - [MESSAGE][PASSED] - Delayed 2 second(s)

2018-12-11 17:51:04 - [TEST_STEP][PASSED] - setText: Text 'test' is set on object 'Object Repository/Final Object Repo/Login Page/Internal User/Password'

2018-12-11 17:51:04 - [MESSAGE][PASSED] - Text 'test' is set on object 'Object Repository/Final Object Repo/Login Page/Internal User/Password'

2018-12-11 17:51:04 - [TEST_STEP][PASSED] - delay: Delayed 2 second(s)

2018-12-11 17:51:06 - [MESSAGE][PASSED] - Delayed 2 second(s)

2018-12-11 17:51:06 - [TEST_STEP][PASSED] - click: Object: 'Object Repository/Final Object Repo/Login Page/Internal User/Login Button' is clicked on

2018-12-11 17:51:06 - [MESSAGE][PASSED] - Object: 'Object Repository/Final Object Repo/Login Page/Internal User/Login Button' is clicked on

2018-12-11 17:51:06 - [TEST_STEP][PASSED] - Statement - tester = com.kms.katalon.core.testobject.ObjectRepository.findTestObject(Final Object Repo/Landing Page/Select to English): Finding Test Object with id 'Object Repository/Final Object Repo/Landing Page/Select to English'

2018-12-11 17:51:06 - [TEST_STEP][PASSED] - Statement - Try: Delayed 2 second(s)

2018-12-11 17:51:06 - [TEST_STEP][PASSED] - Statement - Checker = com.kms.katalon.core.webui.keyword.WebUiBuiltInKeywords.verifyElementNotPresent(tester, 3): Web element with id: 'Object Repository/Final Object Repo/Landing Page/Select to English' located by 'By.xpath: //a[@class = 'taglib-language-list-text' and @lang = 'en-US' and (contains(text(), 'EN') or contains(., 'EN'))]' is not present after '3' second(s)

2018-12-11 17:51:08 - [MESSAGE][PASSED] - Web element with id: 'Object Repository/Final Object Repo/Landing Page/Select to English' located by 'By.xpath: //a[@class = 'taglib-language-list-text' and @lang = 'en-US' and (contains(text(), 'EN') or contains(., 'EN'))]' is not present after '3' second(s)

2018-12-11 17:51:08 - [TEST_STEP][PASSED] - Statement - If (Checker == false): null

2018-12-11 17:51:08 - [TEST_STEP][PASSED] - delay: Delayed 2 second(s)

2018-12-11 17:51:10 - [MESSAGE][PASSED] - Delayed 2 second(s)

2018-12-11 17:51:10 - [TEST_STEP][PASSED] - delay: Delayed 5 second(s)

2018-12-11 17:51:15 - [MESSAGE][PASSED] - Delayed 5 second(s)

2018-12-11 17:51:15 - [TEST_STEP][PASSED] - mouseOver: Object: 'Object Repository/Final Object Repo/Landing Page/WorkFlow Menu' is hovered

2018-12-11 17:51:15 - [MESSAGE][PASSED] - Object: 'Object Repository/Final Object Repo/Landing Page/WorkFlow Menu' is hovered

2018-12-11 17:51:15 - [TEST_STEP][PASSED] - delay: Delayed 2 second(s)

2018-12-11 17:51:17 - [MESSAGE][PASSED] - Delayed 2 second(s)

2018-12-11 17:51:17 - [TEST_STEP][PASSED] - click: Object: 'Object Repository/Final Object Repo/Landing Page/Select to Workflow Listing' is clicked on

2018-12-11 17:51:19 - [MESSAGE][PASSED] - Object: 'Object Repository/Final Object Repo/Landing Page/Select to Workflow Listing' is clicked on

2018-12-11 17:51:19 - [TEST_STEP][PASSED] - delay: Delayed 2 second(s)

2018-12-11 17:51:21 - [MESSAGE][PASSED] - Delayed 2 second(s)

2018-12-11 17:51:21 - [TEST_STEP][PASSED] - click: Object: 'Object Repository/Final Object Repo/WorkFlow Listing Page/Search Information - To Put Ref No' is clicked on

2018-12-11 17:51:21 - [MESSAGE][PASSED] - Object: 'Object Repository/Final Object Repo/WorkFlow Listing Page/Search Information - To Put Ref No' is clicked on

2018-12-11 17:51:21 - [TEST_STEP][PASSED] - delay: Delayed 2 second(s)

2018-12-11 17:51:23 - [MESSAGE][PASSED] - Delayed 2 second(s)

2018-12-11 17:51:23 - [TEST_STEP][PASSED] - callTestCase: Call Test Case 'Test Cases/Final Aug 2018 - PKS Automation/Common/Reference Number Getter' successfully

2018-12-11 17:51:23 - [TEST_CASE][PASSED] - Test Cases/Final Aug 2018 - PKS Automation/Common/Reference Number Getter: Test Cases/Final Aug 2018 - PKS Automation/Common/Reference Number Getter

2018-12-11 17:51:23 - [TEST_STEP][PASSED] - Statement - Try: null

2018-12-11 17:51:23 - [TEST_STEP][PASSED] - Statement - RefNo = new java.io.File(C://Users//Admin//Desktop//PKS//Automation Reference Point//KatalonReference.txt): null

2018-12-11 17:51:23 - [TEST_STEP][PASSED] - Statement - bufferread = new java.io.BufferedReader(new java.io.FileReader(RefNo)): null

2018-12-11 17:51:23 - [TEST_STEP][PASSED] - Statement - readedVal = bufferread.readLine(): null

2018-12-11 17:51:23 - [TEST_STEP][PASSED] - Statement - out.println(CaseReferenceNo): null

2018-12-11 17:51:23 - [TEST_STEP][PASSED] - Statement - out.println(readedVal): null

2018-12-11 17:51:23 - [TEST_STEP][PASSED] - Statement - CaseReferenceNo = "": null

2018-12-11 17:51:23 - [TEST_STEP][PASSED] - Statement - CaseReferenceNo = readedVal: null

2018-12-11 17:51:23 - [MESSAGE][PASSED] - Call Test Case 'Test Cases/Final Aug 2018 - PKS Automation/Common/Reference Number Getter' successfully

2018-12-11 17:51:23 - [TEST_STEP][PASSED] - setText: Text 'CAN12201800002308' is set on object 'Object Repository/Final Object Repo/WorkFlow Listing Page/Ref No Set Text'

2018-12-11 17:51:23 - [MESSAGE][PASSED] - Text 'CAN12201800002308' is set on object 'Object Repository/Final Object Repo/WorkFlow Listing Page/Ref No Set Text'

2018-12-11 17:51:23 - [TEST_STEP][PASSED] - delay: Delayed 2 second(s)

2018-12-11 17:51:25 - [MESSAGE][PASSED] - Delayed 2 second(s)

2018-12-11 17:51:25 - [TEST_STEP][PASSED] - click: Object: 'Object Repository/Final Object Repo/WorkFlow Listing Page/Search Ref No Search Button' is clicked on

2018-12-11 17:51:25 - [MESSAGE][PASSED] - Object: 'Object Repository/Final Object Repo/WorkFlow Listing Page/Search Ref No Search Button' is clicked on

2018-12-11 17:51:25 - [TEST_STEP][PASSED] - delay: Delayed 6 second(s)

2018-12-11 17:51:31 - [MESSAGE][PASSED] - Delayed 6 second(s)

2018-12-11 17:51:31 - [TEST_STEP][PASSED] - click: Object: 'Object Repository/Final Object Repo/WorkFlow Listing Page/Click Continue Tooltip' is clicked on

2018-12-11 17:51:32 - [MESSAGE][PASSED] - Object: 'Object Repository/Final Object Repo/WorkFlow Listing Page/Click Continue Tooltip' is clicked on

2018-12-11 17:51:32 - [TEST_STEP][PASSED] - delay: Delayed 5 second(s)

2018-12-11 17:51:37 - [MESSAGE][PASSED] - Delayed 5 second(s)

2018-12-11 17:51:37 - [TEST_STEP][PASSED] - doubleClick: Object: 'Object Repository/Final Object Repo/WorkFlow Listing Page/Workflow Found - Listing 1' is double clicked on

2018-12-11 17:51:38 - [MESSAGE][PASSED] - Object: 'Object Repository/Final Object Repo/WorkFlow Listing Page/Workflow Found - Listing 1' is double clicked on

2018-12-11 17:51:38 - [TEST_STEP][PASSED] - Statement - println(OwnerID): null

2018-12-11 17:51:38 - [TEST_STEP][PASSED] - Statement - OwnerID = com.kms.katalon.core.webui.keyword.WebUiBuiltInKeywords.getText(com.kms.katalon.core.testobject.ObjectRepository.findTestObject(Final Object Repo/WorkFlow Listing Page/Workflow Found - Listing 1), STOP_ON_FAILURE): Text of object 'Object Repository/Final Object Repo/WorkFlow Listing Page/Workflow Found - Listing 1' is: 'JOHORro3'

2018-12-11 17:51:38 - [MESSAGE][PASSED] - Text of object 'Object Repository/Final Object Repo/WorkFlow Listing Page/Workflow Found - Listing 1' is: 'JOHORro3'

2018-12-11 17:51:38 - [TEST_STEP][PASSED] - Statement - OwnerID = OwnerID.toLowerCase() + "@gmail.com": null

2018-12-11 17:51:38 - [TEST_STEP][PASSED] - Statement - println(OwnerID): null

2018-12-11 17:51:38 - [TEST_STEP][PASSED] - delay: Delayed 2 second(s)

2018-12-11 17:51:40 - [MESSAGE][PASSED] - Delayed 2 second(s)

2018-12-11 17:51:40 - [MESSAGE][PASSED] - Call Test Case 'Test Cases/Final Aug 2018 - PKS Automation/Common/Workflow Owner Finder' successfully

2018-12-11 17:51:40 - [TEST_STEP][PASSED] - callTestCase: Call Test Case 'Test Cases/Final Aug 2018 - PKS Automation/Registration Module/Log Out/log out avoiding katalon tagging' successfully

2018-12-11 17:51:40 - [TEST_CASE][PASSED] - Test Cases/Final Aug 2018 - PKS Automation/Registration Module/Log Out/log out avoiding katalon tagging: Test Cases/Final Aug 2018 - PKS Automation/Registration Module/Log Out/log out avoiding katalon tagging

2018-12-11 17:51:40 - [TEST_STEP][PASSED] - navigateToUrl: Navigate to 'https://assist2-uat.perkeso.gov.my/c/portal/logout' successfully

2018-12-11 17:51:41 - [MESSAGE][PASSED] - Navigate to 'https://assist2-uat.perkeso.gov.my/c/portal/logout' successfully

2018-12-11 17:51:41 - [MESSAGE][PASSED] - Call Test Case 'Test Cases/Final Aug 2018 - PKS Automation/Registration Module/Log Out/log out avoiding katalon tagging' successfully

2018-12-11 17:51:41 - [TEST_STEP][PASSED] - delay: Delayed 2 second(s)

2018-12-11 17:51:43 - [MESSAGE][PASSED] - Delayed 2 second(s)

2018-12-11 17:51:43 - [TEST_STEP][PASSED] - setText: Text 'johorro3@gmail.com' is set on object 'Object Repository/Final Object Repo/Page_Update Add New Employee - ASSIST/Email TextBox'

2018-12-11 17:51:43 - [MESSAGE][PASSED] - Text 'johorro3@gmail.com' is set on object 'Object Repository/Final Object Repo/Page_Update Add New Employee - ASSIST/Email TextBox'

2018-12-11 17:51:43 - [TEST_STEP][PASSED] - click: Object: 'Object Repository/Final Object Repo/Page_Update Add New Employee - ASSIST/Next Button' is clicked on

2018-12-11 17:51:43 - [MESSAGE][PASSED] - Object: 'Object Repository/Final Object Repo/Page_Update Add New Employee - ASSIST/Next Button' is clicked on

2018-12-11 17:51:43 - [TEST_STEP][PASSED] - delay: Delayed 2 second(s)

2018-12-11 17:51:45 - [MESSAGE][PASSED] - Delayed 2 second(s)

2018-12-11 17:51:45 - [TEST_STEP][PASSED] - setText: Text 'Test1@3456789' is set on object 'Object Repository/Final Object Repo/Page_Update Add New Employee - ASSIST/Password TextBox'

2018-12-11 17:51:45 - [MESSAGE][PASSED] - Text 'Test1@3456789' is set on object 'Object Repository/Final Object Repo/Page_Update Add New Employee - ASSIST/Password TextBox'

2018-12-11 17:51:45 - [TEST_STEP][PASSED] - delay: Delayed 2 second(s)

2018-12-11 17:51:47 - [MESSAGE][PASSED] - Delayed 2 second(s)

2018-12-11 17:51:47 - [TEST_STEP][PASSED] - click: Object: 'Object Repository/Final Object Repo/Page_Update Add New Employee - ASSIST/Login Button' is clicked on

2018-12-11 17:51:47 - [MESSAGE][PASSED] - Object: 'Object Repository/Final Object Repo/Page_Update Add New Employee - ASSIST/Login Button' is clicked on

2018-12-11 17:51:47 - [TEST_STEP][PASSED] - delay: Delayed 4 second(s)

2018-12-11 17:51:51 - [MESSAGE][PASSED] - Delayed 4 second(s)

2018-12-11 17:51:51 - [TEST_STEP][PASSED] - Statement - Try: Delayed 2 second(s)

2018-12-11 17:51:51 - [TEST_STEP][PASSED] - Statement - Checker = false: null

2018-12-11 17:51:51 - [TEST_STEP][PASSED] - Statement - Checker = com.kms.katalon.core.webui.keyword.WebUiBuiltInKeywords.verifyElementHasAttribute(com.kms.katalon.core.testobject.ObjectRepository.findTestObject(Final Object Repo/Landing Page/BM Detecting), "href", 20, OPTIONAL): Object 'Object Repository/Final Object Repo/Landing Page/BM Detecting' has attribute 'href'

2018-12-11 17:51:52 - [MESSAGE][PASSED] - Object 'Object Repository/Final Object Repo/Landing Page/BM Detecting' has attribute 'href'

2018-12-11 17:51:52 - [TEST_STEP][PASSED] - Statement - out.println(Checker): null

2018-12-11 17:51:52 - [TEST_STEP][PASSED] - Statement - If (Checker == false): null

2018-12-11 17:51:52 - [TEST_STEP][PASSED] - Statement - Else: null

2018-12-11 17:51:52 - [TEST_STEP][PASSED] - delay: Delayed 2 second(s)

2018-12-11 17:51:54 - [MESSAGE][PASSED] - Delayed 2 second(s)

2018-12-11 17:51:54 - [TEST_STEP][PASSED] - delay: Delayed 4 second(s)

2018-12-11 17:51:58 - [MESSAGE][PASSED] - Delayed 4 second(s)

2018-12-11 17:51:58 - [TEST_STEP][PASSED] - click: Object: 'Object Repository/Final Object Repo/New Registration - Registration Module Pages/New Reg - OTC to RO/Special Case - All Related Objects/Expand to Search' is clicked on

2018-12-11 17:51:58 - [MESSAGE][PASSED] - Object: 'Object Repository/Final Object Repo/New Registration - Registration Module Pages/New Reg - OTC to RO/Special Case - All Related Objects/Expand to Search' is clicked on

2018-12-11 17:51:58 - [TEST_STEP][PASSED] - delay: Delayed 2 second(s)

2018-12-11 17:52:00 - [MESSAGE][PASSED] - Delayed 2 second(s)

2018-12-11 17:52:00 - [TEST_STEP][PASSED] - setText: Text 'CAN12201800002308' is set on object 'Object Repository/Final Object Repo/New Registration - Registration Module Pages/New Reg - OTC to RO/Special Case - All Related Objects/TextBox RefNo in Workbasket'

2018-12-11 17:52:00 - [MESSAGE][PASSED] - Text 'CAN12201800002308' is set on object 'Object Repository/Final Object Repo/New Registration - Registration Module Pages/New Reg - OTC to RO/Special Case - All Related Objects/TextBox RefNo in Workbasket'

2018-12-11 17:52:00 - [TEST_STEP][PASSED] - delay: Delayed 2 second(s)

2018-12-11 17:52:02 - [MESSAGE][PASSED] - Delayed 2 second(s)

2018-12-11 17:52:02 - [TEST_STEP][PASSED] - click: Object: 'Object Repository/Final Object Repo/New Registration - Registration Module Pages/New Reg - OTC to RO/Special Case - All Related Objects/Click Search' is clicked on

2018-12-11 17:52:02 - [MESSAGE][PASSED] - Object: 'Object Repository/Final Object Repo/New Registration - Registration Module Pages/New Reg - OTC to RO/Special Case - All Related Objects/Click Search' is clicked on

2018-12-11 17:52:02 - [TEST_STEP][PASSED] - delay: Delayed 2 second(s)

2018-12-11 17:52:04 - [MESSAGE][PASSED] - Delayed 2 second(s)

2018-12-11 17:52:04 - [TEST_STEP][PASSED] - click: Object: 'Object Repository/Final Object Repo/New Registration - Registration Module Pages/New Reg - OTC to RO/Special Case - All Related Objects/Click to Continue Workflow' is clicked on

2018-12-11 17:52:08 - [MESSAGE][PASSED] - Object: 'Object Repository/Final Object Repo/New Registration - Registration Module Pages/New Reg - OTC to RO/Special Case - All Related Objects/Click to Continue Workflow' is clicked on

2018-12-11 17:52:08 - [TEST_STEP][PASSED] - delay: Delayed 2 second(s)

2018-12-11 17:52:10 - [MESSAGE][PASSED] - Delayed 2 second(s)

2018-12-11 17:52:10 - [TEST_STEP][PASSED] - click: Object: 'Object Repository/Final Object Repo/New Registration - Registration Module Pages/New Reg - OTC to RO/Special Case - All Related Objects/Continue Button in verifying case' is clicked on

2018-12-11 17:52:13 - [MESSAGE][PASSED] - Object: 'Object Repository/Final Object Repo/New Registration - Registration Module Pages/New Reg - OTC to RO/Special Case - All Related Objects/Continue Button in verifying case' is clicked on

2018-12-11 17:52:13 - [TEST_STEP][PASSED] - delay: Delayed 2 second(s)

2018-12-11 17:52:15 - [MESSAGE][PASSED] - Delayed 2 second(s)

2018-12-11 17:52:15 - [TEST_STEP][PASSED] - click: Object: 'Object Repository/Final Object Repo/Page_Update Add New Employee - ASSIST/Save  Continue Button' is clicked on

2018-12-11 17:52:16 - [MESSAGE][PASSED] - Object: 'Object Repository/Final Object Repo/Page_Update Add New Employee - ASSIST/Save  Continue Button' is clicked on

2018-12-11 17:52:16 - [TEST_STEP][PASSED] - delay: Delayed 4 second(s)

2018-12-11 17:52:20 - [MESSAGE][PASSED] - Delayed 4 second(s)

2018-12-11 17:52:20 - [TEST_STEP][PASSED] - click: Object: 'Object Repository/Final Object Repo/Page_Update Add New Employee - ASSIST/Save  Continue Third Screen' is clicked on

2018-12-11 17:52:23 - [MESSAGE][PASSED] - Object: 'Object Repository/Final Object Repo/Page_Update Add New Employee - ASSIST/Save  Continue Third Screen' is clicked on

2018-12-11 17:52:23 - [TEST_STEP][PASSED] - delay: Delayed 4 second(s)

2018-12-11 17:52:27 - [MESSAGE][PASSED] - Delayed 4 second(s)

2018-12-11 17:52:27 - [TEST_STEP][PASSED] - click: Object: 'Object Repository/Final Object Repo/Page_Update Add New Employee - ASSIST/Save   Continue Supporting Doc Page' is clicked on

2018-12-11 17:52:27 - [MESSAGE][PASSED] - Object: 'Object Repository/Final Object Repo/Page_Update Add New Employee - ASSIST/Save   Continue Supporting Doc Page' is clicked on

2018-12-11 17:52:27 - [TEST_STEP][PASSED] - delay: Delayed 4 second(s)

2018-12-11 17:52:31 - [MESSAGE][PASSED] - Delayed 4 second(s)

2018-12-11 17:52:31 - [TEST_STEP][PASSED] - click: Object: 'Object Repository/Final Object Repo/Page_Update Add New Employee - ASSIST/Submit Button' is clicked on

2018-12-11 17:52:31 - [MESSAGE][PASSED] - Object: 'Object Repository/Final Object Repo/Page_Update Add New Employee - ASSIST/Submit Button' is clicked on

2018-12-11 17:52:31 - [TEST_STEP][PASSED] - delay: Delayed 4 second(s)

2018-12-11 17:52:35 - [MESSAGE][PASSED] - Delayed 4 second(s)

2018-12-11 17:52:35 - [TEST_STEP][PASSED] - click: Object: 'Object Repository/Final Object Repo/Page_Update Add New Employee - ASSIST/Confirm Submit Button' is clicked on

2018-12-11 17:52:35 - [MESSAGE][PASSED] - Object: 'Object Repository/Final Object Repo/Page_Update Add New Employee - ASSIST/Confirm Submit Button' is clicked on

2018-12-11 17:52:35 - [TEST_STEP][PASSED] - delay: Delayed 30 second(s)

2018-12-11 17:53:05 - [MESSAGE][PASSED] - Delayed 30 second(s)

2018-12-11 17:53:05 - [TEST_STEP][PASSED] - callTestCase: Call Test Case 'Test Cases/Final Aug 2018 - PKS Automation/Common/Screenshoting tool' successfully

2018-12-11 17:53:05 - [TEST_CASE][PASSED] - Test Cases/Final Aug 2018 - PKS Automation/Common/Screenshoting tool: Test Cases/Final Aug 2018 - PKS Automation/Common/Screenshoting tool

2018-12-11 17:53:05 - [TEST_STEP][PASSED] - delay: Delayed 15 second(s)

2018-12-11 17:53:20 - [MESSAGE][PASSED] - Delayed 15 second(s)

2018-12-11 17:53:20 - [TEST_STEP][PASSED] - Statement - driver = com.kms.katalon.core.webui.driver.DriverFactory.getWebDriver(): null

2018-12-11 17:53:20 - [TEST_STEP][PASSED] - Statement - driver.manage().timeouts().implicitlyWait(10, SECONDS): null

2018-12-11 17:53:20 - [TEST_STEP][PASSED] - Statement - PresavePath = KatalonScreenshots: null

2018-12-11 17:53:20 - [TEST_STEP][PASSED] - Statement - pathPrefix = "C:\Users\Public\Pictures\Sample Pictures\Katalon Screenshots\Automate Ending Screen": null

2018-12-11 17:53:20 - [TEST_STEP][PASSED] - Statement - finalPath = <not implemented yet for class: org.codehaus.groovy.ast.expr.EmptyExpression>: null

2018-12-11 17:53:20 - [TEST_STEP][PASSED] - Statement - scrFile = driver.getScreenshotAs(FILE): null

2018-12-11 17:53:21 - [TEST_STEP][PASSED] - Statement - PreSaveFile = new java.io.File(PresavePath): null

2018-12-11 17:53:21 - [TEST_STEP][PASSED] - Statement - counter = 0: null

2018-12-11 17:53:21 - [TEST_STEP][PASSED] - Statement - If (PreSaveFile.exists()): null

2018-12-11 17:53:21 - [TEST_STEP][PASSED] - Statement - While (PreSaveFile.exists()): null

2018-12-11 17:53:21 - [TEST_STEP][PASSED] - Statement - counter = counter + 1: null

2018-12-11 17:53:21 - [TEST_STEP][PASSED] - Statement - PreSaveFile = new java.io.File(((pathPrefix + java.lang.Integer.toString(counter)) + .png)): null

2018-12-11 17:53:21 - [TEST_STEP][PASSED] - Statement - counter = counter + 1: null

2018-12-11 17:53:21 - [TEST_STEP][PASSED] - Statement - PreSaveFile = new java.io.File(((pathPrefix + java.lang.Integer.toString(counter)) + .png)): null

2018-12-11 17:53:21 - [TEST_STEP][PASSED] - Statement - counter = counter + 1: null

2018-12-11 17:53:21 - [TEST_STEP][PASSED] - Statement - PreSaveFile = new java.io.File(((pathPrefix + java.lang.Integer.toString(counter)) + .png)): null

2018-12-11 17:53:21 - [TEST_STEP][PASSED] - Statement - counter = counter + 1: null

2018-12-11 17:53:21 - [TEST_STEP][PASSED] - Statement - PreSaveFile = new java.io.File(((pathPrefix + java.lang.Integer.toString(counter)) + .png)): null

2018-12-11 17:53:21 - [TEST_STEP][PASSED] - Statement - counter = counter + 1: null

2018-12-11 17:53:21 - [TEST_STEP][PASSED] - Statement - PreSaveFile = new java.io.File(((pathPrefix + java.lang.Integer.toString(counter)) + .png)): null

2018-12-11 17:53:21 - [TEST_STEP][PASSED] - Statement - counter = counter + 1: null

2018-12-11 17:53:21 - [TEST_STEP][PASSED] - Statement - PreSaveFile = new java.io.File(((pathPrefix + java.lang.Integer.toString(counter)) + .png)): null

2018-12-11 17:53:21 - [TEST_STEP][PASSED] - Statement - counter = counter + 1: null

2018-12-11 17:53:21 - [TEST_STEP][PASSED] - Statement - PreSaveFile = new java.io.File(((pathPrefix + java.lang.Integer.toString(counter)) + .png)): null

2018-12-11 17:53:21 - [TEST_STEP][PASSED] - Statement - counter = counter + 1: null

2018-12-11 17:53:21 - [TEST_STEP][PASSED] - Statement - PreSaveFile = new java.io.File(((pathPrefix + java.lang.Integer.toString(counter)) + .png)): null

2018-12-11 17:53:21 - [TEST_STEP][PASSED] - Statement - counter = counter + 1: null

2018-12-11 17:53:21 - [TEST_STEP][PASSED] - Statement - PreSaveFile = new java.io.File(((pathPrefix + java.lang.Integer.toString(counter)) + .png)): null

2018-12-11 17:53:21 - [TEST_STEP][PASSED] - Statement - counter = counter + 1: null

2018-12-11 17:53:21 - [TEST_STEP][PASSED] - Statement - PreSaveFile = new java.io.File(((pathPrefix + java.lang.Integer.toString(counter)) + .png)): null

2018-12-11 17:53:21 - [TEST_STEP][PASSED] - Statement - counter = counter + 1: null

2018-12-11 17:53:21 - [TEST_STEP][PASSED] - Statement - PreSaveFile = new java.io.File(((pathPrefix + java.lang.Integer.toString(counter)) + .png)): null

2018-12-11 17:53:21 - [TEST_STEP][PASSED] - Statement - counter = counter + 1: null

2018-12-11 17:53:21 - [TEST_STEP][PASSED] - Statement - PreSaveFile = new java.io.File(((pathPrefix + java.lang.Integer.toString(counter)) + .png)): null

2018-12-11 17:53:21 - [TEST_STEP][PASSED] - Statement - counter = counter + 1: null

2018-12-11 17:53:21 - [TEST_STEP][PASSED] - Statement - PreSaveFile = new java.io.File(((pathPrefix + java.lang.Integer.toString(counter)) + .png)): null

2018-12-11 17:53:21 - [TEST_STEP][PASSED] - Statement - counter = counter + 1: null

2018-12-11 17:53:21 - [TEST_STEP][PASSED] - Statement - PreSaveFile = new java.io.File(((pathPrefix + java.lang.Integer.toString(counter)) + .png)): null

2018-12-11 17:53:21 - [TEST_STEP][PASSED] - Statement - counter = counter + 1: null

2018-12-11 17:53:21 - [TEST_STEP][PASSED] - Statement - PreSaveFile = new java.io.File(((pathPrefix + java.lang.Integer.toString(counter)) + .png)): null

2018-12-11 17:53:21 - [TEST_STEP][PASSED] - Statement - counter = counter + 1: null

2018-12-11 17:53:21 - [TEST_STEP][PASSED] - Statement - PreSaveFile = new java.io.File(((pathPrefix + java.lang.Integer.toString(counter)) + .png)): null

2018-12-11 17:53:21 - [TEST_STEP][PASSED] - Statement - counter = counter + 1: null

2018-12-11 17:53:21 - [TEST_STEP][PASSED] - Statement - PreSaveFile = new java.io.File(((pathPrefix + java.lang.Integer.toString(counter)) + .png)): null

2018-12-11 17:53:21 - [TEST_STEP][PASSED] - Statement - counter = counter + 1: null

2018-12-11 17:53:21 - [TEST_STEP][PASSED] - Statement - PreSaveFile = new java.io.File(((pathPrefix + java.lang.Integer.toString(counter)) + .png)): null

2018-12-11 17:53:21 - [TEST_STEP][PASSED] - Statement - counter = counter + 1: null

2018-12-11 17:53:21 - [TEST_STEP][PASSED] - Statement - PreSaveFile = new java.io.File(((pathPrefix + java.lang.Integer.toString(counter)) + .png)): null

2018-12-11 17:53:21 - [TEST_STEP][PASSED] - Statement - counter = counter + 1: null

2018-12-11 17:53:21 - [TEST_STEP][PASSED] - Statement - PreSaveFile = new java.io.File(((pathPrefix + java.lang.Integer.toString(counter)) + .png)): null

2018-12-11 17:53:21 - [TEST_STEP][PASSED] - Statement - counter = counter + 1: null

2018-12-11 17:53:21 - [TEST_STEP][PASSED] - Statement - PreSaveFile = new java.io.File(((pathPrefix + java.lang.Integer.toString(counter)) + .png)): null

2018-12-11 17:53:21 - [TEST_STEP][PASSED] - Statement - counter = counter + 1: null

2018-12-11 17:53:21 - [TEST_STEP][PASSED] - Statement - PreSaveFile = new java.io.File(((pathPrefix + java.lang.Integer.toString(counter)) + .png)): null

2018-12-11 17:53:21 - [TEST_STEP][PASSED] - Statement - counter = counter + 1: null

2018-12-11 17:53:21 - [TEST_STEP][PASSED] - Statement - PreSaveFile = new java.io.File(((pathPrefix + java.lang.Integer.toString(counter)) + .png)): null

2018-12-11 17:53:21 - [TEST_STEP][PASSED] - Statement - counter = counter + 1: null

2018-12-11 17:53:21 - [TEST_STEP][PASSED] - Statement - PreSaveFile = new java.io.File(((pathPrefix + java.lang.Integer.toString(counter)) + .png)): null

2018-12-11 17:53:21 - [TEST_STEP][PASSED] - Statement - counter = counter + 1: null

2018-12-11 17:53:21 - [TEST_STEP][PASSED] - Statement - PreSaveFile = new java.io.File(((pathPrefix + java.lang.Integer.toString(counter)) + .png)): null

2018-12-11 17:53:21 - [TEST_STEP][PASSED] - Statement - counter = counter + 1: null

2018-12-11 17:53:21 - [TEST_STEP][PASSED] - Statement - PreSaveFile = new java.io.File(((pathPrefix + java.lang.Integer.toString(counter)) + .png)): null

2018-12-11 17:53:21 - [TEST_STEP][PASSED] - Statement - counter = counter + 1: null

2018-12-11 17:53:21 - [TEST_STEP][PASSED] - Statement - PreSaveFile = new java.io.File(((pathPrefix + java.lang.Integer.toString(counter)) + .png)): null

2018-12-11 17:53:21 - [TEST_STEP][PASSED] - Statement - counter = counter + 1: null

2018-12-11 17:53:21 - [TEST_STEP][PASSED] - Statement - PreSaveFile = new java.io.File(((pathPrefix + java.lang.Integer.toString(counter)) + .png)): null

2018-12-11 17:53:21 - [TEST_STEP][PASSED] - Statement - counter = counter + 1: null

2018-12-11 17:53:21 - [TEST_STEP][PASSED] - Statement - PreSaveFile = new java.io.File(((pathPrefix + java.lang.Integer.toString(counter)) + .png)): null

2018-12-11 17:53:21 - [TEST_STEP][PASSED] - Statement - counter = counter + 1: null

2018-12-11 17:53:21 - [TEST_STEP][PASSED] - Statement - PreSaveFile = new java.io.File(((pathPrefix + java.lang.Integer.toString(counter)) + .png)): null

2018-12-11 17:53:21 - [TEST_STEP][PASSED] - Statement - counter = counter + 1: null

2018-12-11 17:53:21 - [TEST_STEP][PASSED] - Statement - PreSaveFile = new java.io.File(((pathPrefix + java.lang.Integer.toString(counter)) + .png)): null

2018-12-11 17:53:21 - [TEST_STEP][PASSED] - Statement - counter = counter + 1: null

2018-12-11 17:53:21 - [TEST_STEP][PASSED] - Statement - PreSaveFile = new java.io.File(((pathPrefix + java.lang.Integer.toString(counter)) + .png)): null

2018-12-11 17:53:21 - [TEST_STEP][PASSED] - Statement - counter = counter + 1: null

2018-12-11 17:53:21 - [TEST_STEP][PASSED] - Statement - PreSaveFile = new java.io.File(((pathPrefix + java.lang.Integer.toString(counter)) + .png)): null

2018-12-11 17:53:21 - [TEST_STEP][PASSED] - Statement - counter = counter + 1: null

2018-12-11 17:53:21 - [TEST_STEP][PASSED] - Statement - PreSaveFile = new java.io.File(((pathPrefix + java.lang.Integer.toString(counter)) + .png)): null

2018-12-11 17:53:21 - [TEST_STEP][PASSED] - Statement - counter = counter + 1: null

2018-12-11 17:53:21 - [TEST_STEP][PASSED] - Statement - PreSaveFile = new java.io.File(((pathPrefix + java.lang.Integer.toString(counter)) + .png)): null

2018-12-11 17:53:21 - [TEST_STEP][PASSED] - Statement - counter = counter + 1: null

2018-12-11 17:53:21 - [TEST_STEP][PASSED] - Statement - PreSaveFile = new java.io.File(((pathPrefix + java.lang.Integer.toString(counter)) + .png)): null

2018-12-11 17:53:21 - [TEST_STEP][PASSED] - Statement - counter = counter + 1: null

2018-12-11 17:53:21 - [TEST_STEP][PASSED] - Statement - PreSaveFile = new java.io.File(((pathPrefix + java.lang.Integer.toString(counter)) + .png)): null

2018-12-11 17:53:21 - [TEST_STEP][PASSED] - Statement - counter = counter + 1: null

2018-12-11 17:53:21 - [TEST_STEP][PASSED] - Statement - PreSaveFile = new java.io.File(((pathPrefix + java.lang.Integer.toString(counter)) + .png)): null

2018-12-11 17:53:21 - [TEST_STEP][PASSED] - Statement - counter = counter + 1: null

2018-12-11 17:53:21 - [TEST_STEP][PASSED] - Statement - PreSaveFile = new java.io.File(((pathPrefix + java.lang.Integer.toString(counter)) + .png)): null

2018-12-11 17:53:21 - [TEST_STEP][PASSED] - Statement - counter = counter + 1: null

2018-12-11 17:53:21 - [TEST_STEP][PASSED] - Statement - PreSaveFile = new java.io.File(((pathPrefix + java.lang.Integer.toString(counter)) + .png)): null

2018-12-11 17:53:21 - [TEST_STEP][PASSED] - Statement - counter = counter + 1: null

2018-12-11 17:53:21 - [TEST_STEP][PASSED] - Statement - PreSaveFile = new java.io.File(((pathPrefix + java.lang.Integer.toString(counter)) + .png)): null

2018-12-11 17:53:21 - [TEST_STEP][PASSED] - Statement - counter = counter + 1: null

2018-12-11 17:53:21 - [TEST_STEP][PASSED] - Statement - PreSaveFile = new java.io.File(((pathPrefix + java.lang.Integer.toString(counter)) + .png)): null

2018-12-11 17:53:21 - [TEST_STEP][PASSED] - Statement - counter = counter + 1: null

2018-12-11 17:53:21 - [TEST_STEP][PASSED] - Statement - PreSaveFile = new java.io.File(((pathPrefix + java.lang.Integer.toString(counter)) + .png)): null

2018-12-11 17:53:21 - [TEST_STEP][PASSED] - Statement - counter = counter + 1: null

2018-12-11 17:53:21 - [TEST_STEP][PASSED] - Statement - PreSaveFile = new java.io.File(((pathPrefix + java.lang.Integer.toString(counter)) + .png)): null

2018-12-11 17:53:21 - [TEST_STEP][PASSED] - Statement - counter = counter + 1: null

2018-12-11 17:53:21 - [TEST_STEP][PASSED] - Statement - PreSaveFile = new java.io.File(((pathPrefix + java.lang.Integer.toString(counter)) + .png)): null

2018-12-11 17:53:21 - [TEST_STEP][PASSED] - Statement - counter = counter + 1: null

2018-12-11 17:53:21 - [TEST_STEP][PASSED] - Statement - PreSaveFile = new java.io.File(((pathPrefix + java.lang.Integer.toString(counter)) + .png)): null

2018-12-11 17:53:21 - [TEST_STEP][PASSED] - Statement - counter = counter + 1: null

2018-12-11 17:53:21 - [TEST_STEP][PASSED] - Statement - PreSaveFile = new java.io.File(((pathPrefix + java.lang.Integer.toString(counter)) + .png)): null

2018-12-11 17:53:21 - [TEST_STEP][PASSED] - Statement - counter = counter + 1: null

2018-12-11 17:53:21 - [TEST_STEP][PASSED] - Statement - PreSaveFile = new java.io.File(((pathPrefix + java.lang.Integer.toString(counter)) + .png)): null

2018-12-11 17:53:21 - [TEST_STEP][PASSED] - Statement - counter = counter + 1: null

2018-12-11 17:53:21 - [TEST_STEP][PASSED] - Statement - PreSaveFile = new java.io.File(((pathPrefix + java.lang.Integer.toString(counter)) + .png)): null

2018-12-11 17:53:21 - [TEST_STEP][PASSED] - Statement - counter = counter + 1: null

2018-12-11 17:53:21 - [TEST_STEP][PASSED] - Statement - PreSaveFile = new java.io.File(((pathPrefix + java.lang.Integer.toString(counter)) + .png)): null

2018-12-11 17:53:21 - [TEST_STEP][PASSED] - Statement - counter = counter + 1: null

2018-12-11 17:53:21 - [TEST_STEP][PASSED] - Statement - PreSaveFile = new java.io.File(((pathPrefix + java.lang.Integer.toString(counter)) + .png)): null

2018-12-11 17:53:21 - [TEST_STEP][PASSED] - Statement - counter = counter + 1: null

2018-12-11 17:53:21 - [TEST_STEP][PASSED] - Statement - PreSaveFile = new java.io.File(((pathPrefix + java.lang.Integer.toString(counter)) + .png)): null

2018-12-11 17:53:21 - [TEST_STEP][PASSED] - Statement - counter = counter + 1: null

2018-12-11 17:53:21 - [TEST_STEP][PASSED] - Statement - PreSaveFile = new java.io.File(((pathPrefix + java.lang.Integer.toString(counter)) + .png)): null

2018-12-11 17:53:21 - [TEST_STEP][PASSED] - Statement - counter = counter + 1: null

2018-12-11 17:53:21 - [TEST_STEP][PASSED] - Statement - PreSaveFile = new java.io.File(((pathPrefix + java.lang.Integer.toString(counter)) + .png)): null

2018-12-11 17:53:21 - [TEST_STEP][PASSED] - Statement - counter = counter + 1: null

2018-12-11 17:53:21 - [TEST_STEP][PASSED] - Statement - PreSaveFile = new java.io.File(((pathPrefix + java.lang.Integer.toString(counter)) + .png)): null

2018-12-11 17:53:21 - [TEST_STEP][PASSED] - Statement - counter = counter + 1: null

2018-12-11 17:53:21 - [TEST_STEP][PASSED] - Statement - PreSaveFile = new java.io.File(((pathPrefix + java.lang.Integer.toString(counter)) + .png)): null

2018-12-11 17:53:21 - [TEST_STEP][PASSED] - Statement - counter = counter + 1: null

2018-12-11 17:53:21 - [TEST_STEP][PASSED] - Statement - PreSaveFile = new java.io.File(((pathPrefix + java.lang.Integer.toString(counter)) + .png)): null

2018-12-11 17:53:21 - [TEST_STEP][PASSED] - Statement - counter = counter + 1: null

2018-12-11 17:53:21 - [TEST_STEP][PASSED] - Statement - PreSaveFile = new java.io.File(((pathPrefix + java.lang.Integer.toString(counter)) + .png)): null

2018-12-11 17:53:21 - [TEST_STEP][PASSED] - Statement - counter = counter + 1: null

2018-12-11 17:53:21 - [TEST_STEP][PASSED] - Statement - PreSaveFile = new java.io.File(((pathPrefix + java.lang.Integer.toString(counter)) + .png)): null

2018-12-11 17:53:21 - [TEST_STEP][PASSED] - Statement - counter = counter + 1: null

2018-12-11 17:53:21 - [TEST_STEP][PASSED] - Statement - PreSaveFile = new java.io.File(((pathPrefix + java.lang.Integer.toString(counter)) + .png)): null

2018-12-11 17:53:21 - [TEST_STEP][PASSED] - Statement - counter = counter + 1: null

2018-12-11 17:53:21 - [TEST_STEP][PASSED] - Statement - PreSaveFile = new java.io.File(((pathPrefix + java.lang.Integer.toString(counter)) + .png)): null

2018-12-11 17:53:21 - [TEST_STEP][PASSED] - Statement - counter = counter + 1: null

2018-12-11 17:53:21 - [TEST_STEP][PASSED] - Statement - PreSaveFile = new java.io.File(((pathPrefix + java.lang.Integer.toString(counter)) + .png)): null

2018-12-11 17:53:21 - [TEST_STEP][PASSED] - Statement - counter = counter + 1: null

2018-12-11 17:53:21 - [TEST_STEP][PASSED] - Statement - PreSaveFile = new java.io.File(((pathPrefix + java.lang.Integer.toString(counter)) + .png)): null

2018-12-11 17:53:21 - [TEST_STEP][PASSED] - Statement - counter = counter + 1: null

2018-12-11 17:53:21 - [TEST_STEP][PASSED] - Statement - PreSaveFile = new java.io.File(((pathPrefix + java.lang.Integer.toString(counter)) + .png)): null

2018-12-11 17:53:21 - [TEST_STEP][PASSED] - Statement - counter = counter + 1: null

2018-12-11 17:53:21 - [TEST_STEP][PASSED] - Statement - PreSaveFile = new java.io.File(((pathPrefix + java.lang.Integer.toString(counter)) + .png)): null

2018-12-11 17:53:21 - [TEST_STEP][PASSED] - Statement - counter = counter + 1: null

2018-12-11 17:53:21 - [TEST_STEP][PASSED] - Statement - PreSaveFile = new java.io.File(((pathPrefix + java.lang.Integer.toString(counter)) + .png)): null

2018-12-11 17:53:21 - [TEST_STEP][PASSED] - Statement - counter = counter + 1: null

2018-12-11 17:53:21 - [TEST_STEP][PASSED] - Statement - PreSaveFile = new java.io.File(((pathPrefix + java.lang.Integer.toString(counter)) + .png)): null

2018-12-11 17:53:21 - [TEST_STEP][PASSED] - Statement - counter = counter + 1: null

2018-12-11 17:53:21 - [TEST_STEP][PASSED] - Statement - PreSaveFile = new java.io.File(((pathPrefix + java.lang.Integer.toString(counter)) + .png)): null

2018-12-11 17:53:21 - [TEST_STEP][PASSED] - Statement - counter = counter + 1: null

2018-12-11 17:53:21 - [TEST_STEP][PASSED] - Statement - PreSaveFile = new java.io.File(((pathPrefix + java.lang.Integer.toString(counter)) + .png)): null

2018-12-11 17:53:21 - [TEST_STEP][PASSED] - Statement - counter = counter + 1: null

2018-12-11 17:53:21 - [TEST_STEP][PASSED] - Statement - PreSaveFile = new java.io.File(((pathPrefix + java.lang.Integer.toString(counter)) + .png)): null

2018-12-11 17:53:21 - [TEST_STEP][PASSED] - Statement - counter = counter + 1: null

2018-12-11 17:53:21 - [TEST_STEP][PASSED] - Statement - PreSaveFile = new java.io.File(((pathPrefix + java.lang.Integer.toString(counter)) + .png)): null

2018-12-11 17:53:21 - [TEST_STEP][PASSED] - Statement - counter = counter + 1: null

2018-12-11 17:53:21 - [TEST_STEP][PASSED] - Statement - PreSaveFile = new java.io.File(((pathPrefix + java.lang.Integer.toString(counter)) + .png)): null

2018-12-11 17:53:21 - [TEST_STEP][PASSED] - Statement - counter = counter + 1: null

2018-12-11 17:53:21 - [TEST_STEP][PASSED] - Statement - PreSaveFile = new java.io.File(((pathPrefix + java.lang.Integer.toString(counter)) + .png)): null

2018-12-11 17:53:21 - [TEST_STEP][PASSED] - Statement - counter = counter + 1: null

2018-12-11 17:53:21 - [TEST_STEP][PASSED] - Statement - PreSaveFile = new java.io.File(((pathPrefix + java.lang.Integer.toString(counter)) + .png)): null

2018-12-11 17:53:21 - [TEST_STEP][PASSED] - Statement - counter = counter + 1: null

2018-12-11 17:53:21 - [TEST_STEP][PASSED] - Statement - PreSaveFile = new java.io.File(((pathPrefix + java.lang.Integer.toString(counter)) + .png)): null

2018-12-11 17:53:21 - [TEST_STEP][PASSED] - Statement - counter = counter + 1: null

2018-12-11 17:53:21 - [TEST_STEP][PASSED] - Statement - PreSaveFile = new java.io.File(((pathPrefix + java.lang.Integer.toString(counter)) + .png)): null

2018-12-11 17:53:21 - [TEST_STEP][PASSED] - Statement - counter = counter + 1: null

2018-12-11 17:53:21 - [TEST_STEP][PASSED] - Statement - PreSaveFile = new java.io.File(((pathPrefix + java.lang.Integer.toString(counter)) + .png)): null

2018-12-11 17:53:21 - [TEST_STEP][PASSED] - Statement - counter = counter + 1: null

2018-12-11 17:53:21 - [TEST_STEP][PASSED] - Statement - PreSaveFile = new java.io.File(((pathPrefix + java.lang.Integer.toString(counter)) + .png)): null

2018-12-11 17:53:21 - [TEST_STEP][PASSED] - Statement - counter = counter + 1: null

2018-12-11 17:53:21 - [TEST_STEP][PASSED] - Statement - PreSaveFile = new java.io.File(((pathPrefix + java.lang.Integer.toString(counter)) + .png)): null

2018-12-11 17:53:21 - [TEST_STEP][PASSED] - Statement - counter = counter + 1: null

2018-12-11 17:53:21 - [TEST_STEP][PASSED] - Statement - PreSaveFile = new java.io.File(((pathPrefix + java.lang.Integer.toString(counter)) + .png)): null

2018-12-11 17:53:21 - [TEST_STEP][PASSED] - Statement - counter = counter + 1: null

2018-12-11 17:53:21 - [TEST_STEP][PASSED] - Statement - PreSaveFile = new java.io.File(((pathPrefix + java.lang.Integer.toString(counter)) + .png)): null

2018-12-11 17:53:21 - [TEST_STEP][PASSED] - Statement - counter = counter + 1: null

2018-12-11 17:53:21 - [TEST_STEP][PASSED] - Statement - PreSaveFile = new java.io.File(((pathPrefix + java.lang.Integer.toString(counter)) + .png)): null

2018-12-11 17:53:21 - [TEST_STEP][PASSED] - Statement - counter = counter + 1: null

2018-12-11 17:53:21 - [TEST_STEP][PASSED] - Statement - PreSaveFile = new java.io.File(((pathPrefix + java.lang.Integer.toString(counter)) + .png)): null

2018-12-11 17:53:21 - [TEST_STEP][PASSED] - Statement - counter = counter + 1: null

2018-12-11 17:53:21 - [TEST_STEP][PASSED] - Statement - PreSaveFile = new java.io.File(((pathPrefix + java.lang.Integer.toString(counter)) + .png)): null

2018-12-11 17:53:21 - [TEST_STEP][PASSED] - Statement - counter = counter + 1: null

2018-12-11 17:53:21 - [TEST_STEP][PASSED] - Statement - PreSaveFile = new java.io.File(((pathPrefix + java.lang.Integer.toString(counter)) + .png)): null

2018-12-11 17:53:21 - [TEST_STEP][PASSED] - Statement - counter = counter + 1: null

2018-12-11 17:53:21 - [TEST_STEP][PASSED] - Statement - PreSaveFile = new java.io.File(((pathPrefix + java.lang.Integer.toString(counter)) + .png)): null

2018-12-11 17:53:21 - [TEST_STEP][PASSED] - Statement - counter = counter + 1: null

2018-12-11 17:53:21 - [TEST_STEP][PASSED] - Statement - PreSaveFile = new java.io.File(((pathPrefix + java.lang.Integer.toString(counter)) + .png)): null

2018-12-11 17:53:21 - [TEST_STEP][PASSED] - Statement - counter = counter + 1: null

2018-12-11 17:53:21 - [TEST_STEP][PASSED] - Statement - PreSaveFile = new java.io.File(((pathPrefix + java.lang.Integer.toString(counter)) + .png)): null

2018-12-11 17:53:21 - [TEST_STEP][PASSED] - Statement - counter = counter + 1: null

2018-12-11 17:53:21 - [TEST_STEP][PASSED] - Statement - PreSaveFile = new java.io.File(((pathPrefix + java.lang.Integer.toString(counter)) + .png)): null

2018-12-11 17:53:21 - [TEST_STEP][PASSED] - Statement - counter = counter + 1: null

2018-12-11 17:53:21 - [TEST_STEP][PASSED] - Statement - PreSaveFile = new java.io.File(((pathPrefix + java.lang.Integer.toString(counter)) + .png)): null

2018-12-11 17:53:21 - [TEST_STEP][PASSED] - Statement - counter = counter + 1: null

2018-12-11 17:53:21 - [TEST_STEP][PASSED] - Statement - PreSaveFile = new java.io.File(((pathPrefix + java.lang.Integer.toString(counter)) + .png)): null

2018-12-11 17:53:21 - [TEST_STEP][PASSED] - Statement - counter = counter + 1: null

2018-12-11 17:53:21 - [TEST_STEP][PASSED] - Statement - PreSaveFile = new java.io.File(((pathPrefix + java.lang.Integer.toString(counter)) + .png)): null

2018-12-11 17:53:21 - [TEST_STEP][PASSED] - Statement - counter = counter + 1: null

2018-12-11 17:53:21 - [TEST_STEP][PASSED] - Statement - PreSaveFile = new java.io.File(((pathPrefix + java.lang.Integer.toString(counter)) + .png)): null

2018-12-11 17:53:21 - [TEST_STEP][PASSED] - Statement - counter = counter + 1: null

2018-12-11 17:53:21 - [TEST_STEP][PASSED] - Statement - PreSaveFile = new java.io.File(((pathPrefix + java.lang.Integer.toString(counter)) + .png)): null

2018-12-11 17:53:21 - [TEST_STEP][PASSED] - Statement - counter = counter + 1: null

2018-12-11 17:53:21 - [TEST_STEP][PASSED] - Statement - PreSaveFile = new java.io.File(((pathPrefix + java.lang.Integer.toString(counter)) + .png)): null

2018-12-11 17:53:21 - [TEST_STEP][PASSED] - Statement - counter = counter + 1: null

2018-12-11 17:53:21 - [TEST_STEP][PASSED] - Statement - PreSaveFile = new java.io.File(((pathPrefix + java.lang.Integer.toString(counter)) + .png)): null

2018-12-11 17:53:21 - [TEST_STEP][PASSED] - Statement - counter = counter + 1: null

2018-12-11 17:53:21 - [TEST_STEP][PASSED] - Statement - PreSaveFile = new java.io.File(((pathPrefix + java.lang.Integer.toString(counter)) + .png)): null

2018-12-11 17:53:21 - [TEST_STEP][PASSED] - Statement - counter = counter + 1: null

2018-12-11 17:53:21 - [TEST_STEP][PASSED] - Statement - PreSaveFile = new java.io.File(((pathPrefix + java.lang.Integer.toString(counter)) + .png)): null

2018-12-11 17:53:21 - [TEST_STEP][PASSED] - Statement - counter = counter + 1: null

2018-12-11 17:53:21 - [TEST_STEP][PASSED] - Statement - PreSaveFile = new java.io.File(((pathPrefix + java.lang.Integer.toString(counter)) + .png)): null

2018-12-11 17:53:21 - [TEST_STEP][PASSED] - Statement - counter = counter + 1: null

2018-12-11 17:53:21 - [TEST_STEP][PASSED] - Statement - PreSaveFile = new java.io.File(((pathPrefix + java.lang.Integer.toString(counter)) + .png)): null

2018-12-11 17:53:21 - [TEST_STEP][PASSED] - Statement - counter = counter + 1: null

2018-12-11 17:53:21 - [TEST_STEP][PASSED] - Statement - PreSaveFile = new java.io.File(((pathPrefix + java.lang.Integer.toString(counter)) + .png)): null

2018-12-11 17:53:21 - [TEST_STEP][PASSED] - Statement - counter = counter + 1: null

2018-12-11 17:53:21 - [TEST_STEP][PASSED] - Statement - PreSaveFile = new java.io.File(((pathPrefix + java.lang.Integer.toString(counter)) + .png)): null

2018-12-11 17:53:21 - [TEST_STEP][PASSED] - Statement - counter = counter + 1: null

2018-12-11 17:53:21 - [TEST_STEP][PASSED] - Statement - PreSaveFile = new java.io.File(((pathPrefix + java.lang.Integer.toString(counter)) + .png)): null

2018-12-11 17:53:21 - [TEST_STEP][PASSED] - Statement - counter = counter + 1: null

2018-12-11 17:53:21 - [TEST_STEP][PASSED] - Statement - PreSaveFile = new java.io.File(((pathPrefix + java.lang.Integer.toString(counter)) + .png)): null

2018-12-11 17:53:21 - [TEST_STEP][PASSED] - Statement - finalPath = pathPrefix + java.lang.Integer.toString(counter) + ".png": null

2018-12-11 17:53:21 - [TEST_STEP][PASSED] - Statement - SaveFile = new java.io.File(finalPath): null

2018-12-11 17:53:21 - [TEST_STEP][PASSED] - Statement - Try: null

2018-12-11 17:53:21 - [TEST_STEP][PASSED] - Statement - org.apache.commons.io.FileUtils.copyFile(scrFile, SaveFile): null

2018-12-11 17:53:21 - [TEST_STEP][PASSED] - Statement - out.println("file kept"): null

2018-12-11 17:53:21 - [TEST_STEP][PASSED] - delay: Delayed 10 second(s)

2018-12-11 17:53:31 - [MESSAGE][PASSED] - Delayed 10 second(s)

2018-12-11 17:53:31 - [MESSAGE][PASSED] - Call Test Case 'Test Cases/Final Aug 2018 - PKS Automation/Common/Screenshoting tool' successfully]]></system-out>
         <system-err><![CDATA[]]></system-err>
      </testcase>
      <testcase name="Test Cases/Final Aug 2018 - PKS Automation/Registration Module/Workflow/Update Add New Employee/Special Case (PKR BO - RO Query - OTC Upload Pending Case - RO Approve)" classname="Test Cases/Final Aug 2018 - PKS Automation/Registration Module/Workflow/Update Add New Employee/Special Case (PKR BO - RO Query - OTC Upload Pending Case - RO Approve)" status="PASSED">
         <system-out><![CDATA[2018-12-11 17:53:31 - [TEST_CASE][PASSED] - Test Cases/Final Aug 2018 - PKS Automation/Registration Module/Workflow/Update Add New Employee/Special Case (PKR BO - RO Query - OTC Upload Pending Case - RO Approve): Test Cases/Final Aug 2018 - PKS Automation/Registration Module/Workflow/Update Add New Employee/Special Case (PKR BO - RO Query - OTC Upload Pending Case - RO Approve)

2018-12-11 17:53:31 - [TEST_STEP][PASSED] - callTestCase: Call Test Case 'Test Cases/Final Aug 2018 - PKS Automation/Registration Module/Workflow/Update Add New Employee/Template/New Company for Update Add New' successfully

2018-12-11 17:53:32 - [TEST_CASE][PASSED] - Test Cases/Final Aug 2018 - PKS Automation/Registration Module/Workflow/Update Add New Employee/Template/New Company for Update Add New: Test Cases/Final Aug 2018 - PKS Automation/Registration Module/Workflow/Update Add New Employee/Template/New Company for Update Add New

2018-12-11 17:53:32 - [TEST_STEP][PASSED] - callTestCase: Call Test Case 'Test Cases/Final Aug 2018 - PKS Automation/Registration Module/New Registration/Form 1/Form 1 - Corporation - BHD' successfully

2018-12-11 17:53:32 - [TEST_CASE][PASSED] - Test Cases/Final Aug 2018 - PKS Automation/Registration Module/New Registration/Form 1/Form 1 - Corporation - BHD: Test Cases/Final Aug 2018 - PKS Automation/Registration Module/New Registration/Form 1/Form 1 - Corporation - BHD

2018-12-11 17:53:32 - [TEST_STEP][PASSED] - openBrowser: Browser is opened with url: ''

2018-12-11 17:53:32 - [MESSAGE][WARNING] - A browser is already opened. Closing browser and opening a new one

2018-12-11 17:53:36 - [MESSAGE][PASSED] - Browser is opened with url: ''

2018-12-11 17:53:36 - [TEST_STEP][PASSED] - navigateToUrl: Navigate to 'https://assist2-uat.perkeso.gov.my/login' successfully

2018-12-11 17:53:37 - [MESSAGE][PASSED] - Navigate to 'https://assist2-uat.perkeso.gov.my/login' successfully

2018-12-11 17:53:37 - [TEST_STEP][PASSED] - setText: Text 'johorotc1@gmail.com' is set on object 'Object Repository/Final Object Repo/Login Page/Internal User/Email Address'

2018-12-11 17:53:37 - [MESSAGE][PASSED] - Text 'johorotc1@gmail.com' is set on object 'Object Repository/Final Object Repo/Login Page/Internal User/Email Address'

2018-12-11 17:53:37 - [TEST_STEP][PASSED] - click: Object: 'Object Repository/Final Object Repo/Login Page/Internal User/Next Button' is clicked on

2018-12-11 17:53:37 - [MESSAGE][PASSED] - Object: 'Object Repository/Final Object Repo/Login Page/Internal User/Next Button' is clicked on

2018-12-11 17:53:37 - [TEST_STEP][PASSED] - delay: Delayed 1 second(s)

2018-12-11 17:53:38 - [MESSAGE][PASSED] - Delayed 1 second(s)

2018-12-11 17:53:38 - [TEST_STEP][PASSED] - setEncryptedText: Text ****** has been set on object 'Object Repository/Final Object Repo/Login Page/Internal User/Password'

2018-12-11 17:53:38 - [MESSAGE][PASSED] - Text ****** has been set on object 'Object Repository/Final Object Repo/Login Page/Internal User/Password'

2018-12-11 17:53:38 - [TEST_STEP][PASSED] - click: Object: 'Object Repository/Final Object Repo/Login Page/Internal User/Login Button' is clicked on

2018-12-11 17:53:39 - [MESSAGE][PASSED] - Object: 'Object Repository/Final Object Repo/Login Page/Internal User/Login Button' is clicked on

2018-12-11 17:53:39 - [TEST_STEP][PASSED] - delay: Delayed 1 second(s)

2018-12-11 17:53:40 - [MESSAGE][PASSED] - Delayed 1 second(s)

2018-12-11 17:53:40 - [TEST_STEP][PASSED] - Statement - Try: Delayed 2 second(s)

2018-12-11 17:53:40 - [TEST_STEP][PASSED] - Statement - Checker = false: null

2018-12-11 17:53:40 - [TEST_STEP][PASSED] - Statement - Checker = com.kms.katalon.core.webui.keyword.WebUiBuiltInKeywords.verifyElementHasAttribute(com.kms.katalon.core.testobject.ObjectRepository.findTestObject(Final Object Repo/Landing Page/BM Detecting), "href", 20, OPTIONAL): Object 'Object Repository/Final Object Repo/Landing Page/BM Detecting' has attribute 'href'

2018-12-11 17:53:40 - [MESSAGE][PASSED] - Object 'Object Repository/Final Object Repo/Landing Page/BM Detecting' has attribute 'href'

2018-12-11 17:53:40 - [TEST_STEP][PASSED] - Statement - out.println(Checker): null

2018-12-11 17:53:40 - [TEST_STEP][PASSED] - Statement - If (Checker == false): null

2018-12-11 17:53:40 - [TEST_STEP][PASSED] - Statement - Else: null

2018-12-11 17:53:40 - [TEST_STEP][PASSED] - delay: Delayed 2 second(s)

2018-12-11 17:53:42 - [MESSAGE][PASSED] - Delayed 2 second(s)

2018-12-11 17:53:42 - [TEST_STEP][PASSED] - navigateToUrl: Navigate to 'https://assist2-uat.perkeso.gov.my/web/registration/registration' successfully

2018-12-11 17:53:44 - [MESSAGE][PASSED] - Navigate to 'https://assist2-uat.perkeso.gov.my/web/registration/registration' successfully

2018-12-11 17:53:44 - [TEST_STEP][PASSED] - click: Object: 'Object Repository/Final Object Repo/New Registration - Registration Module Pages/Form 1/AEC - No' is clicked on

2018-12-11 17:53:44 - [MESSAGE][PASSED] - Object: 'Object Repository/Final Object Repo/New Registration - Registration Module Pages/Form 1/AEC - No' is clicked on

2018-12-11 17:53:44 - [TEST_STEP][PASSED] - click: Object: 'Object Repository/Final Object Repo/New Registration - Registration Module Pages/Form 1/Business Entity' is clicked on

2018-12-11 17:53:44 - [MESSAGE][PASSED] - Object: 'Object Repository/Final Object Repo/New Registration - Registration Module Pages/Form 1/Business Entity' is clicked on

2018-12-11 17:53:44 - [TEST_STEP][PASSED] - click: Object: 'Object Repository/Final Object Repo/New Registration - Registration Module Pages/Form 1/Businees Entity - Corporation' is clicked on

2018-12-11 17:53:44 - [MESSAGE][PASSED] - Object: 'Object Repository/Final Object Repo/New Registration - Registration Module Pages/Form 1/Businees Entity - Corporation' is clicked on

2018-12-11 17:53:44 - [TEST_STEP][PASSED] - delay: Delayed 1 second(s)

2018-12-11 17:53:45 - [MESSAGE][PASSED] - Delayed 1 second(s)

2018-12-11 17:53:45 - [TEST_STEP][PASSED] - click: Object: 'Object Repository/Final Object Repo/New Registration - Registration Module Pages/Form 1/Sub Business Entity' is clicked on

2018-12-11 17:53:46 - [MESSAGE][PASSED] - Object: 'Object Repository/Final Object Repo/New Registration - Registration Module Pages/Form 1/Sub Business Entity' is clicked on

2018-12-11 17:53:46 - [TEST_STEP][PASSED] - click: Object: 'Object Repository/Final Object Repo/New Registration - Registration Module Pages/Form 1/Sub Business Entity - Berhad' is clicked on

2018-12-11 17:53:46 - [MESSAGE][PASSED] - Object: 'Object Repository/Final Object Repo/New Registration - Registration Module Pages/Form 1/Sub Business Entity - Berhad' is clicked on

2018-12-11 17:53:46 - [TEST_STEP][PASSED] - delay: Delayed 1 second(s)

2018-12-11 17:53:47 - [MESSAGE][PASSED] - Delayed 1 second(s)

2018-12-11 17:53:47 - [TEST_STEP][PASSED] - setText: Text '123' is set on object 'Object Repository/Final Object Repo/New Registration - Registration Module Pages/Form 1/Registration Number'

2018-12-11 17:53:47 - [MESSAGE][PASSED] - Text '123' is set on object 'Object Repository/Final Object Repo/New Registration - Registration Module Pages/Form 1/Registration Number'

2018-12-11 17:53:47 - [TEST_STEP][PASSED] - click: Object: 'Object Repository/Final Object Repo/New Registration - Registration Module Pages/Form 1/Registred with SSM - Before Feb' is clicked on

2018-12-11 17:53:47 - [MESSAGE][PASSED] - Object: 'Object Repository/Final Object Repo/New Registration - Registration Module Pages/Form 1/Registred with SSM - Before Feb' is clicked on

2018-12-11 17:53:47 - [TEST_STEP][PASSED] - click: Object: 'Object Repository/Final Object Repo/New Registration - Registration Module Pages/Form 1/Registered As a Branch - Yes' is clicked on

2018-12-11 17:53:47 - [MESSAGE][PASSED] - Object: 'Object Repository/Final Object Repo/New Registration - Registration Module Pages/Form 1/Registered As a Branch - Yes' is clicked on

2018-12-11 17:53:47 - [TEST_STEP][PASSED] - click: Object: 'Object Repository/Final Object Repo/New Registration - Registration Module Pages/Form 1/Acknowledgement' is clicked on

2018-12-11 17:53:48 - [MESSAGE][PASSED] - Object: 'Object Repository/Final Object Repo/New Registration - Registration Module Pages/Form 1/Acknowledgement' is clicked on

2018-12-11 17:53:48 - [TEST_STEP][PASSED] - setText: Text 'perkeso' is set on object 'Object Repository/Final Object Repo/New Registration - Registration Module Pages/Form 1/Industry name'

2018-12-11 17:53:48 - [MESSAGE][PASSED] - Text 'perkeso' is set on object 'Object Repository/Final Object Repo/New Registration - Registration Module Pages/Form 1/Industry name'

2018-12-11 17:53:48 - [TEST_STEP][PASSED] - setText: Text 'perkeso1' is set on object 'Object Repository/Final Object Repo/New Registration - Registration Module Pages/Form 1/Postal Address1'

2018-12-11 17:53:48 - [MESSAGE][PASSED] - Text 'perkeso1' is set on object 'Object Repository/Final Object Repo/New Registration - Registration Module Pages/Form 1/Postal Address1'

2018-12-11 17:53:48 - [TEST_STEP][PASSED] - setText: Text 'perkeso2' is set on object 'Object Repository/Final Object Repo/New Registration - Registration Module Pages/Form 1/Postal Address2'

2018-12-11 17:53:49 - [MESSAGE][PASSED] - Text 'perkeso2' is set on object 'Object Repository/Final Object Repo/New Registration - Registration Module Pages/Form 1/Postal Address2'

2018-12-11 17:53:49 - [TEST_STEP][PASSED] - setText: Text 'perkeso3' is set on object 'Object Repository/Final Object Repo/New Registration - Registration Module Pages/Form 1/Postal Address3'

2018-12-11 17:53:49 - [MESSAGE][PASSED] - Text 'perkeso3' is set on object 'Object Repository/Final Object Repo/New Registration - Registration Module Pages/Form 1/Postal Address3'

2018-12-11 17:53:49 - [TEST_STEP][PASSED] - click: Object: 'Object Repository/Final Object Repo/New Registration - Registration Module Pages/Form 1/State' is clicked on

2018-12-11 17:53:49 - [MESSAGE][PASSED] - Object: 'Object Repository/Final Object Repo/New Registration - Registration Module Pages/Form 1/State' is clicked on

2018-12-11 17:53:49 - [TEST_STEP][PASSED] - click: Object: 'Object Repository/Final Object Repo/New Registration - Registration Module Pages/Form 1/State - Johor' is clicked on

2018-12-11 17:53:49 - [MESSAGE][PASSED] - Object: 'Object Repository/Final Object Repo/New Registration - Registration Module Pages/Form 1/State - Johor' is clicked on

2018-12-11 17:53:49 - [TEST_STEP][PASSED] - delay: Delayed 1 second(s)

2018-12-11 17:53:50 - [MESSAGE][PASSED] - Delayed 1 second(s)

2018-12-11 17:53:50 - [TEST_STEP][PASSED] - click: Object: 'Object Repository/Final Object Repo/New Registration - Registration Module Pages/Form 1/City' is clicked on

2018-12-11 17:53:50 - [MESSAGE][PASSED] - Object: 'Object Repository/Final Object Repo/New Registration - Registration Module Pages/Form 1/City' is clicked on

2018-12-11 17:53:50 - [TEST_STEP][PASSED] - setText: Text 'joh' is set on object 'Object Repository/Final Object Repo/New Registration - Registration Module Pages/Form 1/Postcode - 810'

2018-12-11 17:53:51 - [MESSAGE][PASSED] - Text 'joh' is set on object 'Object Repository/Final Object Repo/New Registration - Registration Module Pages/Form 1/Postcode - 810'

2018-12-11 17:53:51 - [TEST_STEP][PASSED] - delay: Delayed 1 second(s)

2018-12-11 17:53:52 - [MESSAGE][PASSED] - Delayed 1 second(s)

2018-12-11 17:53:52 - [TEST_STEP][PASSED] - click: Object: 'Object Repository/Final Object Repo/New Registration - Registration Module Pages/Form 1/City - Johor Bharu' is clicked on

2018-12-11 17:53:52 - [MESSAGE][PASSED] - Object: 'Object Repository/Final Object Repo/New Registration - Registration Module Pages/Form 1/City - Johor Bharu' is clicked on

2018-12-11 17:53:52 - [TEST_STEP][PASSED] - delay: Delayed 1 second(s)

2018-12-11 17:53:53 - [MESSAGE][PASSED] - Delayed 1 second(s)

2018-12-11 17:53:53 - [TEST_STEP][PASSED] - click: Object: 'Object Repository/Final Object Repo/New Registration - Registration Module Pages/Form 1/Postcode' is clicked on

2018-12-11 17:53:53 - [MESSAGE][PASSED] - Object: 'Object Repository/Final Object Repo/New Registration - Registration Module Pages/Form 1/Postcode' is clicked on

2018-12-11 17:53:53 - [TEST_STEP][PASSED] - delay: Delayed 1 second(s)

2018-12-11 17:53:54 - [MESSAGE][PASSED] - Delayed 1 second(s)

2018-12-11 17:53:54 - [TEST_STEP][PASSED] - setText: Text '810' is set on object 'Object Repository/Final Object Repo/New Registration - Registration Module Pages/Form 1/Postcode - 810'

2018-12-11 17:53:54 - [MESSAGE][PASSED] - Text '810' is set on object 'Object Repository/Final Object Repo/New Registration - Registration Module Pages/Form 1/Postcode - 810'

2018-12-11 17:53:54 - [TEST_STEP][PASSED] - delay: Delayed 3 second(s)

2018-12-11 17:53:57 - [MESSAGE][PASSED] - Delayed 3 second(s)

2018-12-11 17:53:57 - [TEST_STEP][PASSED] - click: Object: 'Object Repository/Final Object Repo/New Registration - Registration Module Pages/Form 1/Postcode - 81000' is clicked on

2018-12-11 17:53:58 - [MESSAGE][PASSED] - Object: 'Object Repository/Final Object Repo/New Registration - Registration Module Pages/Form 1/Postcode - 81000' is clicked on

2018-12-11 17:53:58 - [TEST_STEP][PASSED] - delay: Delayed 1 second(s)

2018-12-11 17:53:59 - [MESSAGE][PASSED] - Delayed 1 second(s)

2018-12-11 17:53:59 - [TEST_STEP][PASSED] - setText: Text '100' is set on object 'Object Repository/Final Object Repo/New Registration - Registration Module Pages/Form 1/P.O.BOX'

2018-12-11 17:53:59 - [MESSAGE][PASSED] - Text '100' is set on object 'Object Repository/Final Object Repo/New Registration - Registration Module Pages/Form 1/P.O.BOX'

2018-12-11 17:53:59 - [TEST_STEP][PASSED] - setText: Text '100' is set on object 'Object Repository/Final Object Repo/New Registration - Registration Module Pages/Form 1/Locked Bag No'

2018-12-11 17:53:59 - [MESSAGE][PASSED] - Text '100' is set on object 'Object Repository/Final Object Repo/New Registration - Registration Module Pages/Form 1/Locked Bag No'

2018-12-11 17:53:59 - [TEST_STEP][PASSED] - click: Object: 'Object Repository/Final Object Repo/New Registration - Registration Module Pages/Form 1/SOCSO Office Location' is clicked on

2018-12-11 17:53:59 - [MESSAGE][PASSED] - Object: 'Object Repository/Final Object Repo/New Registration - Registration Module Pages/Form 1/SOCSO Office Location' is clicked on

2018-12-11 17:53:59 - [TEST_STEP][PASSED] - click: Object: 'Object Repository/Final Object Repo/New Registration - Registration Module Pages/Form 1/SOCSO Office Location - Pejabat PERKESO Negeri Johor' is clicked on

2018-12-11 17:53:59 - [MESSAGE][PASSED] - Object: 'Object Repository/Final Object Repo/New Registration - Registration Module Pages/Form 1/SOCSO Office Location - Pejabat PERKESO Negeri Johor' is clicked on

2018-12-11 17:53:59 - [TEST_STEP][PASSED] - delay: Delayed 1 second(s)

2018-12-11 17:54:00 - [MESSAGE][PASSED] - Delayed 1 second(s)

2018-12-11 17:54:00 - [TEST_STEP][PASSED] - check: Object 'Object Repository/Final Object Repo/New Registration - Registration Module Pages/Form 1/Indusrty Address Same As Postal Address' is checked

2018-12-11 17:54:01 - [MESSAGE][PASSED] - Object 'Object Repository/Final Object Repo/New Registration - Registration Module Pages/Form 1/Indusrty Address Same As Postal Address' is checked

2018-12-11 17:54:01 - [TEST_STEP][PASSED] - delay: Delayed 3 second(s)

2018-12-11 17:54:04 - [MESSAGE][PASSED] - Delayed 3 second(s)

2018-12-11 17:54:04 - [TEST_STEP][PASSED] - click: Object: 'Object Repository/Final Object Repo/New Registration - Registration Module Pages/Form 1/Indusry Address Same As Postal Address False' is clicked on

2018-12-11 17:54:04 - [MESSAGE][PASSED] - Object: 'Object Repository/Final Object Repo/New Registration - Registration Module Pages/Form 1/Indusry Address Same As Postal Address False' is clicked on

2018-12-11 17:54:04 - [TEST_STEP][PASSED] - delay: Delayed 1 second(s)

2018-12-11 17:54:05 - [MESSAGE][PASSED] - Delayed 1 second(s)

2018-12-11 17:54:05 - [TEST_STEP][PASSED] - setText: Text 'perkeso1' is set on object 'Object Repository/Final Object Repo/New Registration - Registration Module Pages/Form 1/Industry Address1'

2018-12-11 17:54:05 - [MESSAGE][PASSED] - Text 'perkeso1' is set on object 'Object Repository/Final Object Repo/New Registration - Registration Module Pages/Form 1/Industry Address1'

2018-12-11 17:54:05 - [TEST_STEP][PASSED] - setText: Text 'perkeso2' is set on object 'Object Repository/Final Object Repo/New Registration - Registration Module Pages/Form 1/Industry Address2'

2018-12-11 17:54:06 - [MESSAGE][PASSED] - Text 'perkeso2' is set on object 'Object Repository/Final Object Repo/New Registration - Registration Module Pages/Form 1/Industry Address2'

2018-12-11 17:54:06 - [TEST_STEP][PASSED] - setText: Text 'perkeso3' is set on object 'Object Repository/Final Object Repo/New Registration - Registration Module Pages/Form 1/Industry Address3'

2018-12-11 17:54:06 - [MESSAGE][PASSED] - Text 'perkeso3' is set on object 'Object Repository/Final Object Repo/New Registration - Registration Module Pages/Form 1/Industry Address3'

2018-12-11 17:54:06 - [TEST_STEP][PASSED] - click: Object: 'Object Repository/Final Object Repo/New Registration - Registration Module Pages/Form 1/Industry State' is clicked on

2018-12-11 17:54:06 - [MESSAGE][PASSED] - Object: 'Object Repository/Final Object Repo/New Registration - Registration Module Pages/Form 1/Industry State' is clicked on

2018-12-11 17:54:06 - [TEST_STEP][PASSED] - delay: Delayed 2 second(s)

2018-12-11 17:54:08 - [MESSAGE][PASSED] - Delayed 2 second(s)

2018-12-11 17:54:08 - [TEST_STEP][PASSED] - click: Object: 'Object Repository/Final Object Repo/New Registration - Registration Module Pages/Form 1/Industry State - Johor' is clicked on

2018-12-11 17:54:08 - [MESSAGE][PASSED] - Object: 'Object Repository/Final Object Repo/New Registration - Registration Module Pages/Form 1/Industry State - Johor' is clicked on

2018-12-11 17:54:08 - [TEST_STEP][PASSED] - delay: Delayed 2 second(s)

2018-12-11 17:54:10 - [MESSAGE][PASSED] - Delayed 2 second(s)

2018-12-11 17:54:10 - [TEST_STEP][PASSED] - click: Object: 'Object Repository/Final Object Repo/New Registration - Registration Module Pages/Form 1/Industry Ciry' is clicked on

2018-12-11 17:54:10 - [MESSAGE][PASSED] - Object: 'Object Repository/Final Object Repo/New Registration - Registration Module Pages/Form 1/Industry Ciry' is clicked on

2018-12-11 17:54:10 - [TEST_STEP][PASSED] - setText: Text 'joh' is set on object 'Object Repository/Final Object Repo/New Registration - Registration Module Pages/Form 1/Industry Ciry - joh'

2018-12-11 17:54:11 - [MESSAGE][PASSED] - Text 'joh' is set on object 'Object Repository/Final Object Repo/New Registration - Registration Module Pages/Form 1/Industry Ciry - joh'

2018-12-11 17:54:11 - [TEST_STEP][PASSED] - delay: Delayed 2 second(s)

2018-12-11 17:54:13 - [MESSAGE][PASSED] - Delayed 2 second(s)

2018-12-11 17:54:13 - [TEST_STEP][PASSED] - click: Object: 'Object Repository/Final Object Repo/New Registration - Registration Module Pages/Form 1/Industy State - Johor Bharu' is clicked on

2018-12-11 17:54:13 - [MESSAGE][PASSED] - Object: 'Object Repository/Final Object Repo/New Registration - Registration Module Pages/Form 1/Industy State - Johor Bharu' is clicked on

2018-12-11 17:54:13 - [TEST_STEP][PASSED] - delay: Delayed 1 second(s)

2018-12-11 17:54:14 - [MESSAGE][PASSED] - Delayed 1 second(s)

2018-12-11 17:54:14 - [TEST_STEP][PASSED] - click: Object: 'Object Repository/Final Object Repo/New Registration - Registration Module Pages/Form 1/Indusry PostCode' is clicked on

2018-12-11 17:54:14 - [MESSAGE][PASSED] - Object: 'Object Repository/Final Object Repo/New Registration - Registration Module Pages/Form 1/Indusry PostCode' is clicked on

2018-12-11 17:54:14 - [TEST_STEP][PASSED] - delay: Delayed 1 second(s)

2018-12-11 17:54:15 - [MESSAGE][PASSED] - Delayed 1 second(s)

2018-12-11 17:54:15 - [TEST_STEP][PASSED] - setText: Text '810' is set on object 'Object Repository/Final Object Repo/New Registration - Registration Module Pages/Form 1/Insutry Post Code - 810'

2018-12-11 17:54:15 - [MESSAGE][PASSED] - Text '810' is set on object 'Object Repository/Final Object Repo/New Registration - Registration Module Pages/Form 1/Insutry Post Code - 810'

2018-12-11 17:54:15 - [TEST_STEP][PASSED] - delay: Delayed 1 second(s)

2018-12-11 17:54:16 - [MESSAGE][PASSED] - Delayed 1 second(s)

2018-12-11 17:54:16 - [TEST_STEP][PASSED] - click: Object: 'Object Repository/Final Object Repo/New Registration - Registration Module Pages/Form 1/Insutry Post Code - 81000' is clicked on

2018-12-11 17:54:17 - [MESSAGE][PASSED] - Object: 'Object Repository/Final Object Repo/New Registration - Registration Module Pages/Form 1/Insutry Post Code - 81000' is clicked on

2018-12-11 17:54:17 - [TEST_STEP][PASSED] - delay: Delayed 1 second(s)

2018-12-11 17:54:18 - [MESSAGE][PASSED] - Delayed 1 second(s)

2018-12-11 17:54:18 - [TEST_STEP][PASSED] - setText: Text '100' is set on object 'Object Repository/Final Object Repo/New Registration - Registration Module Pages/Form 1/Industry P.O.BOX'

2018-12-11 17:54:18 - [MESSAGE][PASSED] - Text '100' is set on object 'Object Repository/Final Object Repo/New Registration - Registration Module Pages/Form 1/Industry P.O.BOX'

2018-12-11 17:54:18 - [TEST_STEP][PASSED] - setText: Text '100' is set on object 'Object Repository/Final Object Repo/New Registration - Registration Module Pages/Form 1/Industry Locked Bag No'

2018-12-11 17:54:18 - [MESSAGE][PASSED] - Text '100' is set on object 'Object Repository/Final Object Repo/New Registration - Registration Module Pages/Form 1/Industry Locked Bag No'

2018-12-11 17:54:18 - [TEST_STEP][PASSED] - setText: Text '123456789' is set on object 'Object Repository/Final Object Repo/New Registration - Registration Module Pages/Form 1/Telephone No'

2018-12-11 17:54:18 - [MESSAGE][PASSED] - Text '123456789' is set on object 'Object Repository/Final Object Repo/New Registration - Registration Module Pages/Form 1/Telephone No'

2018-12-11 17:54:18 - [TEST_STEP][PASSED] - setText: Text '123456789' is set on object 'Object Repository/Final Object Repo/New Registration - Registration Module Pages/Form 1/Mobile No'

2018-12-11 17:54:19 - [MESSAGE][PASSED] - Text '123456789' is set on object 'Object Repository/Final Object Repo/New Registration - Registration Module Pages/Form 1/Mobile No'

2018-12-11 17:54:19 - [TEST_STEP][PASSED] - setText: Text '123456789' is set on object 'Object Repository/Final Object Repo/New Registration - Registration Module Pages/Form 1/Fax No'

2018-12-11 17:54:19 - [MESSAGE][PASSED] - Text '123456789' is set on object 'Object Repository/Final Object Repo/New Registration - Registration Module Pages/Form 1/Fax No'

2018-12-11 17:54:19 - [TEST_STEP][PASSED] - click: Object: 'Object Repository/Final Object Repo/New Registration - Registration Module Pages/Form 1/Industry Code' is clicked on

2018-12-11 17:54:19 - [MESSAGE][PASSED] - Object: 'Object Repository/Final Object Repo/New Registration - Registration Module Pages/Form 1/Industry Code' is clicked on

2018-12-11 17:54:19 - [TEST_STEP][PASSED] - click: Object: 'Object Repository/Final Object Repo/New Registration - Registration Module Pages/Form 1/Indudustry Code - Crops and Animal' is clicked on

2018-12-11 17:54:20 - [MESSAGE][PASSED] - Object: 'Object Repository/Final Object Repo/New Registration - Registration Module Pages/Form 1/Indudustry Code - Crops and Animal' is clicked on

2018-12-11 17:54:20 - [TEST_STEP][PASSED] - delay: Delayed 1 second(s)

2018-12-11 17:54:21 - [MESSAGE][PASSED] - Delayed 1 second(s)

2018-12-11 17:54:21 - [TEST_STEP][PASSED] - click: Object: 'Object Repository/Final Object Repo/New Registration - Registration Module Pages/Form 1/Sub Industry Code List' is clicked on

2018-12-11 17:54:21 - [MESSAGE][PASSED] - Object: 'Object Repository/Final Object Repo/New Registration - Registration Module Pages/Form 1/Sub Industry Code List' is clicked on

2018-12-11 17:54:21 - [TEST_STEP][PASSED] - click: Object: 'Object Repository/Final Object Repo/New Registration - Registration Module Pages/Form 1/Sub Industry Code List - Growing of Maize' is clicked on

2018-12-11 17:54:21 - [MESSAGE][PASSED] - Object: 'Object Repository/Final Object Repo/New Registration - Registration Module Pages/Form 1/Sub Industry Code List - Growing of Maize' is clicked on

2018-12-11 17:54:21 - [TEST_STEP][PASSED] - setText: Text 'perkeso123@gmail.com' is set on object 'Object Repository/Final Object Repo/New Registration - Registration Module Pages/Form 1/Email'

2018-12-11 17:54:22 - [MESSAGE][PASSED] - Text 'perkeso123@gmail.com' is set on object 'Object Repository/Final Object Repo/New Registration - Registration Module Pages/Form 1/Email'

2018-12-11 17:54:22 - [TEST_STEP][PASSED] - click: Object: 'Object Repository/Final Object Repo/New Registration - Registration Module Pages/Form 1/Method of Contribution Payment' is clicked on

2018-12-11 17:54:22 - [MESSAGE][PASSED] - Object: 'Object Repository/Final Object Repo/New Registration - Registration Module Pages/Form 1/Method of Contribution Payment' is clicked on

2018-12-11 17:54:22 - [TEST_STEP][PASSED] - click: Object: 'Object Repository/Final Object Repo/New Registration - Registration Module Pages/Form 1/Method of Contribution Payment - Portal' is clicked on

2018-12-11 17:54:22 - [MESSAGE][PASSED] - Object: 'Object Repository/Final Object Repo/New Registration - Registration Module Pages/Form 1/Method of Contribution Payment - Portal' is clicked on

2018-12-11 17:54:22 - [TEST_STEP][PASSED] - click: Object: 'Object Repository/Final Object Repo/New Registration - Registration Module Pages/Form 1/Servide Type' is clicked on

2018-12-11 17:54:22 - [MESSAGE][PASSED] - Object: 'Object Repository/Final Object Repo/New Registration - Registration Module Pages/Form 1/Servide Type' is clicked on

2018-12-11 17:54:22 - [TEST_STEP][PASSED] - click: Object: 'Object Repository/Final Object Repo/New Registration - Registration Module Pages/Form 1/Servide Type - Professional Bodies' is clicked on

2018-12-11 17:54:22 - [MESSAGE][PASSED] - Object: 'Object Repository/Final Object Repo/New Registration - Registration Module Pages/Form 1/Servide Type - Professional Bodies' is clicked on

2018-12-11 17:54:23 - [TEST_STEP][PASSED] - click: Object: 'Object Repository/Final Object Repo/New Registration - Registration Module Pages/Form 1/Industry Venue' is clicked on

2018-12-11 17:54:23 - [MESSAGE][PASSED] - Object: 'Object Repository/Final Object Repo/New Registration - Registration Module Pages/Form 1/Industry Venue' is clicked on

2018-12-11 17:54:23 - [TEST_STEP][PASSED] - click: Object: 'Object Repository/Final Object Repo/New Registration - Registration Module Pages/Form 1/Industry Venue -  PPN JOHOR' is clicked on

2018-12-11 17:54:23 - [MESSAGE][PASSED] - Object: 'Object Repository/Final Object Repo/New Registration - Registration Module Pages/Form 1/Industry Venue -  PPN JOHOR' is clicked on

2018-12-11 17:54:23 - [TEST_STEP][PASSED] - click: Object: 'Object Repository/Final Object Repo/New Registration - Registration Module Pages/Form 1/Save  Continue' is clicked on

2018-12-11 17:54:23 - [MESSAGE][PASSED] - Object: 'Object Repository/Final Object Repo/New Registration - Registration Module Pages/Form 1/Save  Continue' is clicked on

2018-12-11 17:54:23 - [MESSAGE][PASSED] - Call Test Case 'Test Cases/Final Aug 2018 - PKS Automation/Registration Module/New Registration/Form 1/Form 1 - Corporation - BHD' successfully

2018-12-11 17:54:23 - [TEST_STEP][PASSED] - callTestCase: Call Test Case 'Test Cases/Final Aug 2018 - PKS Automation/Registration Module/New Registration/Form 2/Add 1 Eligible' successfully

2018-12-11 17:54:23 - [TEST_CASE][PASSED] - Test Cases/Final Aug 2018 - PKS Automation/Registration Module/New Registration/Form 2/Add 1 Eligible: Test Cases/Final Aug 2018 - PKS Automation/Registration Module/New Registration/Form 2/Add 1 Eligible

2018-12-11 17:54:23 - [TEST_STEP][PASSED] - delay: Delayed 2 second(s)

2018-12-11 17:54:25 - [MESSAGE][PASSED] - Delayed 2 second(s)

2018-12-11 17:54:25 - [TEST_STEP][PASSED] - callTestCase: Call Test Case 'Test Cases/Final Aug 2018 - PKS Automation/Registration Module/New Registration/Form 2/Date Updater' successfully

2018-12-11 17:54:25 - [TEST_CASE][PASSED] - Test Cases/Final Aug 2018 - PKS Automation/Registration Module/New Registration/Form 2/Date Updater: Test Cases/Final Aug 2018 - PKS Automation/Registration Module/New Registration/Form 2/Date Updater

2018-12-11 17:54:25 - [TEST_STEP][PASSED] - Statement - TodayDate = new java.util.Date(): null

2018-12-11 17:54:25 - [TEST_STEP][PASSED] - Statement - CurrentDateNoFilter = new java.text.SimpleDateFormat(): null

2018-12-11 17:54:25 - [TEST_STEP][PASSED] - Statement - CurrentDateNoFilter.applyPattern("MM"): null

2018-12-11 17:54:25 - [TEST_STEP][PASSED] - Statement - monthContainerMatcher = java.lang.Integer.parseInt(CurrentDateNoFilter.format(TodayDate)): null

2018-12-11 17:54:25 - [TEST_STEP][PASSED] - Statement - monthContainerMatcher = monthContainerMatcher - 1: null

2018-12-11 17:54:25 - [TEST_STEP][PASSED] - Statement - CurrentMonth = monthContainerMatcher.toString(): null

2018-12-11 17:54:25 - [TEST_STEP][PASSED] - Statement - CurrentMonth = CurrentMonth: null

2018-12-11 17:54:25 - [TEST_STEP][PASSED] - Statement - CurrentDateNoFilter.applyPattern("yyyy"): null

2018-12-11 17:54:25 - [TEST_STEP][PASSED] - Statement - CurrentYear = CurrentDateNoFilter.format(TodayDate): null

2018-12-11 17:54:25 - [TEST_STEP][PASSED] - Statement - CurrentYear = CurrentYear: null

2018-12-11 17:54:25 - [TEST_STEP][PASSED] - Statement - intCurrentYear = java.lang.Integer.parseInt(CurrentDateNoFilter.format(TodayDate)): null

2018-12-11 17:54:25 - [TEST_STEP][PASSED] - Statement - eighteenYrsAgo = intCurrentYear - 18: null

2018-12-11 17:54:25 - [TEST_STEP][PASSED] - Statement - eighteenYrsBeforeThisYr = eighteenYrsAgo.toString(): null

2018-12-11 17:54:25 - [TEST_STEP][PASSED] - Statement - EighteenYrsBefore = eighteenYrsBeforeThisYr: null

2018-12-11 17:54:25 - [TEST_STEP][PASSED] - Statement - fiftysevenYrsAgo = intCurrentYear - 57: null

2018-12-11 17:54:25 - [TEST_STEP][PASSED] - Statement - fiftysevenYrsBeforeThisYr = fiftysevenYrsAgo.toString(): null

2018-12-11 17:54:25 - [TEST_STEP][PASSED] - Statement - FiftysevenYrsBefore = fiftysevenYrsBeforeThisYr: null

2018-12-11 17:54:25 - [TEST_STEP][PASSED] - Statement - leapYear = false: null

2018-12-11 17:54:25 - [TEST_STEP][PASSED] - Statement - leapYear = intCurrentYear % 4 == 0: null

2018-12-11 17:54:25 - [TEST_STEP][PASSED] - Statement - CurrentDateNoFilter.applyPattern("dd"): null

2018-12-11 17:54:25 - [TEST_STEP][PASSED] - Statement - CurrentDate = CurrentDateNoFilter.format(TodayDate): null

2018-12-11 17:54:25 - [TEST_STEP][PASSED] - Statement - CurrentDate = java.lang.Integer.parseInt(CurrentDate): null

2018-12-11 17:54:25 - [TEST_STEP][PASSED] - Statement - CurrentDate = CurrentDate: null

2018-12-11 17:54:25 - [TEST_STEP][PASSED] - Statement - CurrentDay = java.lang.Integer.parseInt(CurrentDate): null

2018-12-11 17:54:25 - [TEST_STEP][PASSED] - Statement - ConfAdder = <not implemented yet for class: org.codehaus.groovy.ast.expr.EmptyExpression>: null

2018-12-11 17:54:25 - [TEST_STEP][PASSED] - Statement - out.println(CurrentMonth): null

2018-12-11 17:54:25 - [TEST_STEP][PASSED] - Statement - out.println(CurrentDate): null

2018-12-11 17:54:25 - [TEST_STEP][PASSED] - Statement - switch (CurrentDate): null

2018-12-11 17:54:25 - [TEST_STEP][PASSED] - Statement - Default: null

2018-12-11 17:54:25 - [TEST_STEP][PASSED] - Statement - ConfAdder = true: null

2018-12-11 17:54:25 - [TEST_STEP][PASSED] - Statement - Break: null

2018-12-11 17:54:25 - [TEST_STEP][PASSED] - Statement - aDayBefore = <not implemented yet for class: org.codehaus.groovy.ast.expr.EmptyExpression>: null

2018-12-11 17:54:25 - [TEST_STEP][PASSED] - Statement - out.println(ConfAdder): null

2018-12-11 17:54:25 - [TEST_STEP][PASSED] - Statement - If (ConfAdder == true): null

2018-12-11 17:54:25 - [TEST_STEP][PASSED] - Statement - aDayBefore = CurrentDay + 1: null

2018-12-11 17:54:25 - [TEST_STEP][PASSED] - Statement - out.println(aDayBefore): null

2018-12-11 17:54:25 - [TEST_STEP][PASSED] - Statement - If (aDayBefore == 1 && CurrentMonth == 11): null

2018-12-11 17:54:25 - [TEST_STEP][PASSED] - Statement - DayBefore = aDayBefore.toString(): null

2018-12-11 17:54:25 - [TEST_STEP][PASSED] - Statement - OneDayBefore = DayBefore: null

2018-12-11 17:54:25 - [MESSAGE][PASSED] - Call Test Case 'Test Cases/Final Aug 2018 - PKS Automation/Registration Module/New Registration/Form 2/Date Updater' successfully

2018-12-11 17:54:25 - [TEST_STEP][PASSED] - delay: Delayed 1 second(s)

2018-12-11 17:54:26 - [MESSAGE][PASSED] - Delayed 1 second(s)

2018-12-11 17:54:26 - [TEST_STEP][PASSED] - Statement - CaseReferenceNo = com.kms.katalon.core.webui.keyword.WebUiBuiltInKeywords.getText(com.kms.katalon.core.testobject.ObjectRepository.findTestObject(Final Object Repo/New Registration - Registration Module Pages/Form 2/RefNo Acquiring)): Text of object 'Object Repository/Final Object Repo/New Registration - Registration Module Pages/Form 2/RefNo Acquiring' is: 'CRN12201800123190'

2018-12-11 17:54:26 - [MESSAGE][PASSED] - Text of object 'Object Repository/Final Object Repo/New Registration - Registration Module Pages/Form 2/RefNo Acquiring' is: 'CRN12201800123190'

2018-12-11 17:54:26 - [TEST_STEP][PASSED] - delay: Delayed 1 second(s)

2018-12-11 17:54:27 - [MESSAGE][PASSED] - Delayed 1 second(s)

2018-12-11 17:54:27 - [TEST_STEP][PASSED] - click: Object: 'Object Repository/Final Object Repo/New Registration - Registration Module Pages/Form 2/Add Employee Button' is clicked on

2018-12-11 17:54:28 - [MESSAGE][PASSED] - Object: 'Object Repository/Final Object Repo/New Registration - Registration Module Pages/Form 2/Add Employee Button' is clicked on

2018-12-11 17:54:28 - [TEST_STEP][PASSED] - delay: Delayed 1 second(s)

2018-12-11 17:54:29 - [MESSAGE][PASSED] - Delayed 1 second(s)

2018-12-11 17:54:29 - [TEST_STEP][PASSED] - setText: Text '010903091963' is set on object 'Object Repository/Final Object Repo/New Registration - Registration Module Pages/Form 2/NRIC Input'

2018-12-11 17:54:29 - [MESSAGE][PASSED] - Text '010903091963' is set on object 'Object Repository/Final Object Repo/New Registration - Registration Module Pages/Form 2/NRIC Input'

2018-12-11 17:54:29 - [TEST_STEP][PASSED] - click: Object: 'Object Repository/Final Object Repo/New Registration - Registration Module Pages/Form 2/button for search for IC' is clicked on

2018-12-11 17:54:29 - [MESSAGE][PASSED] - Object: 'Object Repository/Final Object Repo/New Registration - Registration Module Pages/Form 2/button for search for IC' is clicked on

2018-12-11 17:54:29 - [TEST_STEP][PASSED] - delay: Delayed 2 second(s)

2018-12-11 17:54:31 - [MESSAGE][PASSED] - Delayed 2 second(s)

2018-12-11 17:54:31 - [TEST_STEP][PASSED] - setText: Text 'Automate001 eligible 1' is set on object 'Object Repository/Final Object Repo/New Registration - Registration Module Pages/Form 2/Employee Name Input'

2018-12-11 17:54:31 - [MESSAGE][PASSED] - Text 'Automate001 eligible 1' is set on object 'Object Repository/Final Object Repo/New Registration - Registration Module Pages/Form 2/Employee Name Input'

2018-12-11 17:54:31 - [TEST_STEP][PASSED] - delay: Delayed 2 second(s)

2018-12-11 17:54:33 - [MESSAGE][PASSED] - Delayed 2 second(s)

2018-12-11 17:54:33 - [TEST_STEP][PASSED] - click: Object: 'Object Repository/Final Object Repo/New Registration - Registration Module Pages/Form 2/DatePicker Pop Up' is clicked on

2018-12-11 17:54:34 - [MESSAGE][PASSED] - Object: 'Object Repository/Final Object Repo/New Registration - Registration Module Pages/Form 2/DatePicker Pop Up' is clicked on

2018-12-11 17:54:34 - [TEST_STEP][PASSED] - click: Object: 'Object Repository/Final Object Repo/New Registration - Registration Module Pages/Form 2/DOB Month' is clicked on

2018-12-11 17:54:34 - [MESSAGE][PASSED] - Object: 'Object Repository/Final Object Repo/New Registration - Registration Module Pages/Form 2/DOB Month' is clicked on

2018-12-11 17:54:34 - [TEST_STEP][PASSED] - Statement - CurrentMonth = CurrentMonth: null

2018-12-11 17:54:34 - [TEST_STEP][PASSED] - Statement - selectMonth = new com.kms.katalon.core.testobject.TestObject(): null

2018-12-11 17:54:34 - [TEST_STEP][PASSED] - Statement - selectMonth.addProperty("xpath", EQUALS, "//body/div/div/div/select/option[@value='" + CurrentMonth + "']", true): null

2018-12-11 17:54:34 - [TEST_STEP][PASSED] - click: Object: '' is clicked on

2018-12-11 17:54:34 - [MESSAGE][PASSED] - Object: '' is clicked on

2018-12-11 17:54:34 - [TEST_STEP][PASSED] - click: Object: 'Object Repository/Final Object Repo/New Registration - Registration Module Pages/Form 2/DOB Year' is clicked on

2018-12-11 17:54:34 - [MESSAGE][PASSED] - Object: 'Object Repository/Final Object Repo/New Registration - Registration Module Pages/Form 2/DOB Year' is clicked on

2018-12-11 17:54:34 - [TEST_STEP][PASSED] - Statement - Eyearsbf = EighteenYrsBefore: null

2018-12-11 17:54:34 - [TEST_STEP][PASSED] - Statement - selectYear = new com.kms.katalon.core.testobject.TestObject(): null

2018-12-11 17:54:34 - [TEST_STEP][PASSED] - Statement - selectYear.addProperty("xpath", EQUALS, "//div/div/div/select/option[@value='" + Eyearsbf + "']", true): null

2018-12-11 17:54:34 - [TEST_STEP][PASSED] - click: Object: '' is clicked on

2018-12-11 17:54:34 - [MESSAGE][PASSED] - Object: '' is clicked on

2018-12-11 17:54:34 - [TEST_STEP][PASSED] - Statement - UpdatedSelectDate = com.kms.katalon.core.webui.keyword.WebUiBuiltInKeywords.modifyObjectProperty(com.kms.katalon.core.testobject.ObjectRepository.findTestObject(Final Object Repo/New Registration - Registration Module Pages/Form 2/DOB Date), "xpath", "equals", "//body/div/table/tbody/tr/td/a[text()="" + CurrentDate + ""]", true): Modify property of object successfully

2018-12-11 17:54:34 - [MESSAGE][PASSED] - Modify property of object successfully

2018-12-11 17:54:34 - [TEST_STEP][PASSED] - delay: Delayed 3 second(s)

2018-12-11 17:54:37 - [MESSAGE][PASSED] - Delayed 3 second(s)

2018-12-11 17:54:37 - [TEST_STEP][PASSED] - click: Object: 'Object Repository/Final Object Repo/New Registration - Registration Module Pages/Form 2/DOB Date' is clicked on

2018-12-11 17:54:37 - [MESSAGE][PASSED] - Object: 'Object Repository/Final Object Repo/New Registration - Registration Module Pages/Form 2/DOB Date' is clicked on

2018-12-11 17:54:37 - [TEST_STEP][PASSED] - delay: Delayed 2 second(s)

2018-12-11 17:54:39 - [MESSAGE][PASSED] - Delayed 2 second(s)

2018-12-11 17:54:39 - [TEST_STEP][PASSED] - click: Object: 'Object Repository/Final Object Repo/New Registration - Registration Module Pages/Form 2/EmploymentStartDate Pop Up' is clicked on

2018-12-11 17:54:40 - [MESSAGE][PASSED] - Object: 'Object Repository/Final Object Repo/New Registration - Registration Module Pages/Form 2/EmploymentStartDate Pop Up' is clicked on

2018-12-11 17:54:40 - [TEST_STEP][PASSED] - delay: Delayed 2 second(s)

2018-12-11 17:54:42 - [MESSAGE][PASSED] - Delayed 2 second(s)

2018-12-11 17:54:42 - [TEST_STEP][PASSED] - click: Object: 'Object Repository/Final Object Repo/New Registration - Registration Module Pages/Form 2/Socso Employment StartDate Month' is clicked on

2018-12-11 17:54:42 - [MESSAGE][PASSED] - Object: 'Object Repository/Final Object Repo/New Registration - Registration Module Pages/Form 2/Socso Employment StartDate Month' is clicked on

2018-12-11 17:54:42 - [TEST_STEP][PASSED] - delay: Delayed 1 second(s)

2018-12-11 17:54:43 - [MESSAGE][PASSED] - Delayed 1 second(s)

2018-12-11 17:54:43 - [TEST_STEP][PASSED] - click: Object: 'Object Repository/Final Object Repo/New Registration - Registration Module Pages/Form 2/Select Socso Employement Startdate Month' is clicked on

2018-12-11 17:54:43 - [MESSAGE][PASSED] - Object: 'Object Repository/Final Object Repo/New Registration - Registration Module Pages/Form 2/Select Socso Employement Startdate Month' is clicked on

2018-12-11 17:54:43 - [TEST_STEP][PASSED] - delay: Delayed 2 second(s)

2018-12-11 17:54:45 - [MESSAGE][PASSED] - Delayed 2 second(s)

2018-12-11 17:54:45 - [TEST_STEP][PASSED] - click: Object: 'Object Repository/Final Object Repo/New Registration - Registration Module Pages/Form 2/Socso Employment StartDate Year' is clicked on

2018-12-11 17:54:45 - [MESSAGE][PASSED] - Object: 'Object Repository/Final Object Repo/New Registration - Registration Module Pages/Form 2/Socso Employment StartDate Year' is clicked on

2018-12-11 17:54:45 - [TEST_STEP][PASSED] - delay: Delayed 1 second(s)

2018-12-11 17:54:46 - [MESSAGE][PASSED] - Delayed 1 second(s)

2018-12-11 17:54:46 - [TEST_STEP][PASSED] - click: Object: 'Object Repository/Final Object Repo/New Registration - Registration Module Pages/Form 2/Select Socso Employment Startdate Year' is clicked on

2018-12-11 17:54:46 - [MESSAGE][PASSED] - Object: 'Object Repository/Final Object Repo/New Registration - Registration Module Pages/Form 2/Select Socso Employment Startdate Year' is clicked on

2018-12-11 17:54:46 - [TEST_STEP][PASSED] - delay: Delayed 2 second(s)

2018-12-11 17:54:48 - [MESSAGE][PASSED] - Delayed 2 second(s)

2018-12-11 17:54:48 - [TEST_STEP][PASSED] - click: Object: 'Object Repository/Final Object Repo/New Registration - Registration Module Pages/Form 2/Socso Employment Start Date Day' is clicked on

2018-12-11 17:54:48 - [MESSAGE][PASSED] - Object: 'Object Repository/Final Object Repo/New Registration - Registration Module Pages/Form 2/Socso Employment Start Date Day' is clicked on

2018-12-11 17:54:48 - [TEST_STEP][PASSED] - delay: Delayed 2 second(s)

2018-12-11 17:54:50 - [MESSAGE][PASSED] - Delayed 2 second(s)

2018-12-11 17:54:50 - [TEST_STEP][PASSED] - click: Object: 'Object Repository/Final Object Repo/New Registration - Registration Module Pages/Form 2/Save Button for Add Employee' is clicked on

2018-12-11 17:54:51 - [MESSAGE][PASSED] - Object: 'Object Repository/Final Object Repo/New Registration - Registration Module Pages/Form 2/Save Button for Add Employee' is clicked on

2018-12-11 17:54:51 - [TEST_STEP][PASSED] - delay: Delayed 6 second(s)

2018-12-11 17:54:57 - [MESSAGE][PASSED] - Delayed 6 second(s)

2018-12-11 17:54:57 - [TEST_STEP][PASSED] - click: Object: 'Object Repository/Final Object Repo/New Registration - Registration Module Pages/Form 2/Save and Continue Form 2' is clicked on

2018-12-11 17:54:57 - [MESSAGE][PASSED] - Object: 'Object Repository/Final Object Repo/New Registration - Registration Module Pages/Form 2/Save and Continue Form 2' is clicked on

2018-12-11 17:54:57 - [MESSAGE][PASSED] - Call Test Case 'Test Cases/Final Aug 2018 - PKS Automation/Registration Module/New Registration/Form 2/Add 1 Eligible' successfully

2018-12-11 17:54:57 - [TEST_STEP][PASSED] - callTestCase: Call Test Case 'Test Cases/Final Aug 2018 - PKS Automation/Registration Module/New Registration/Flow of New Registration/Third Screen - Upload Supporting Doc - Preview' successfully

2018-12-11 17:54:57 - [TEST_CASE][PASSED] - Test Cases/Final Aug 2018 - PKS Automation/Registration Module/New Registration/Flow of New Registration/Third Screen - Upload Supporting Doc - Preview: Test Cases/Final Aug 2018 - PKS Automation/Registration Module/New Registration/Flow of New Registration/Third Screen - Upload Supporting Doc - Preview

2018-12-11 17:54:57 - [TEST_STEP][PASSED] - waitForPageLoad: Wait for page load successfully

2018-12-11 17:54:58 - [MESSAGE][PASSED] - Wait for page load successfully

2018-12-11 17:54:58 - [TEST_STEP][PASSED] - Statement - CaseReferenceNo = com.kms.katalon.core.webui.keyword.WebUiBuiltInKeywords.getText(com.kms.katalon.core.testobject.ObjectRepository.findTestObject(Final Object Repo/New Registration - Registration Module Pages/Third Screen - Upload Supporting Doc- Preview/RefNo Acquiring)): Text of object 'Object Repository/Final Object Repo/New Registration - Registration Module Pages/Third Screen - Upload Supporting Doc- Preview/RefNo Acquiring' is: 'CRN12201800123190'

2018-12-11 17:54:58 - [MESSAGE][PASSED] - Text of object 'Object Repository/Final Object Repo/New Registration - Registration Module Pages/Third Screen - Upload Supporting Doc- Preview/RefNo Acquiring' is: 'CRN12201800123190'

2018-12-11 17:54:58 - [TEST_STEP][PASSED] - delay: Delayed 2 second(s)

2018-12-11 17:55:00 - [MESSAGE][PASSED] - Delayed 2 second(s)

2018-12-11 17:55:00 - [TEST_STEP][PASSED] - callTestCase: Call Test Case 'Test Cases/Final Aug 2018 - PKS Automation/Common/Reference Number Setter' successfully

2018-12-11 17:55:00 - [TEST_CASE][PASSED] - Test Cases/Final Aug 2018 - PKS Automation/Common/Reference Number Setter: Test Cases/Final Aug 2018 - PKS Automation/Common/Reference Number Setter

2018-12-11 17:55:00 - [TEST_STEP][PASSED] - Statement - RefNoOldFile = new java.io.File(C://Users//Admin//Desktop//PKS//Automation Reference Point//KatalonReference.txt): null

2018-12-11 17:55:00 - [TEST_STEP][PASSED] - Statement - RefNoOldFile.delete(): null

2018-12-11 17:55:00 - [TEST_STEP][PASSED] - delay: Delayed 5 second(s)

2018-12-11 17:55:05 - [MESSAGE][PASSED] - Delayed 5 second(s)

2018-12-11 17:55:05 - [TEST_STEP][PASSED] - Statement - RefNo = new java.io.File(C://Users//Admin//Desktop//PKS//Automation Reference Point//KatalonReference.txt): null

2018-12-11 17:55:05 - [TEST_STEP][PASSED] - Statement - f2 = new java.io.FileWriter(RefNo, false): null

2018-12-11 17:55:05 - [TEST_STEP][PASSED] - Statement - f2.write(CaseReferenceNo): null

2018-12-11 17:55:05 - [TEST_STEP][PASSED] - Statement - f2.close(): null

2018-12-11 17:55:05 - [TEST_STEP][PASSED] - Statement - out.println("


" + CaseReferenceNo + "


"): null

2018-12-11 17:55:05 - [MESSAGE][PASSED] - Call Test Case 'Test Cases/Final Aug 2018 - PKS Automation/Common/Reference Number Setter' successfully

2018-12-11 17:55:05 - [TEST_STEP][PASSED] - waitForElementClickable: Object 'Object Repository/Final Object Repo/New Registration - Registration Module Pages/Third Screen - Upload Supporting Doc- Preview/Save n Continue in SIP Employee Listing Page' is clickable

2018-12-11 17:55:05 - [MESSAGE][PASSED] - Object 'Object Repository/Final Object Repo/New Registration - Registration Module Pages/Third Screen - Upload Supporting Doc- Preview/Save n Continue in SIP Employee Listing Page' is clickable

2018-12-11 17:55:05 - [TEST_STEP][PASSED] - click: Object: 'Object Repository/Final Object Repo/New Registration - Registration Module Pages/Third Screen - Upload Supporting Doc- Preview/Save n Continue in SIP Employee Listing Page' is clicked on

2018-12-11 17:55:10 - [MESSAGE][PASSED] - Object: 'Object Repository/Final Object Repo/New Registration - Registration Module Pages/Third Screen - Upload Supporting Doc- Preview/Save n Continue in SIP Employee Listing Page' is clicked on

2018-12-11 17:55:10 - [TEST_STEP][PASSED] - delay: Delayed 7 second(s)

2018-12-11 17:55:17 - [MESSAGE][PASSED] - Delayed 7 second(s)

2018-12-11 17:55:17 - [TEST_STEP][PASSED] - click: Object: 'Object Repository/Final Object Repo/New Registration - Registration Module Pages/Third Screen - Upload Supporting Doc- Preview/Add Document Button' is clicked on

2018-12-11 17:55:17 - [MESSAGE][PASSED] - Object: 'Object Repository/Final Object Repo/New Registration - Registration Module Pages/Third Screen - Upload Supporting Doc- Preview/Add Document Button' is clicked on

2018-12-11 17:55:17 - [TEST_STEP][PASSED] - delay: Delayed 30 second(s)

2018-12-11 17:55:47 - [MESSAGE][PASSED] - Delayed 30 second(s)

2018-12-11 17:55:47 - [TEST_STEP][PASSED] - click: Object: 'Object Repository/Final Object Repo/New Registration - Registration Module Pages/Third Screen - Upload Supporting Doc- Preview/Supporting Doc Please Select Drop Down' is clicked on

2018-12-11 17:55:48 - [MESSAGE][PASSED] - Object: 'Object Repository/Final Object Repo/New Registration - Registration Module Pages/Third Screen - Upload Supporting Doc- Preview/Supporting Doc Please Select Drop Down' is clicked on

2018-12-11 17:55:48 - [TEST_STEP][PASSED] - delay: Delayed 2 second(s)

2018-12-11 17:55:50 - [MESSAGE][PASSED] - Delayed 2 second(s)

2018-12-11 17:55:50 - [TEST_STEP][PASSED] - click: Object: 'Object Repository/Final Object Repo/New Registration - Registration Module Pages/Third Screen - Upload Supporting Doc- Preview/Select to Upload Form 1' is clicked on

2018-12-11 17:55:50 - [MESSAGE][PASSED] - Object: 'Object Repository/Final Object Repo/New Registration - Registration Module Pages/Third Screen - Upload Supporting Doc- Preview/Select to Upload Form 1' is clicked on

2018-12-11 17:55:50 - [TEST_STEP][PASSED] - delay: Delayed 2 second(s)

2018-12-11 17:55:52 - [MESSAGE][PASSED] - Delayed 2 second(s)

2018-12-11 17:55:52 - [TEST_STEP][PASSED] - uploadFile: File 'C:\Users\Public\Pictures\Sample Pictures\Koala.jpg' sent to object: 'Object Repository/Final Object Repo/New Registration - Registration Module Pages/Third Screen - Upload Supporting Doc- Preview/Upload File Adding'

2018-12-11 17:55:52 - [MESSAGE][PASSED] - File 'C:\Users\Public\Pictures\Sample Pictures\Koala.jpg' sent to object: 'Object Repository/Final Object Repo/New Registration - Registration Module Pages/Third Screen - Upload Supporting Doc- Preview/Upload File Adding'

2018-12-11 17:55:52 - [TEST_STEP][PASSED] - delay: Delayed 5 second(s)

2018-12-11 17:55:57 - [MESSAGE][PASSED] - Delayed 5 second(s)

2018-12-11 17:55:57 - [TEST_STEP][PASSED] - click: Object: 'Object Repository/Final Object Repo/New Registration - Registration Module Pages/Third Screen - Upload Supporting Doc- Preview/Inner Form Add Document Button' is clicked on

2018-12-11 17:55:57 - [MESSAGE][PASSED] - Object: 'Object Repository/Final Object Repo/New Registration - Registration Module Pages/Third Screen - Upload Supporting Doc- Preview/Inner Form Add Document Button' is clicked on

2018-12-11 17:55:57 - [TEST_STEP][PASSED] - delay: Delayed 3 second(s)

2018-12-11 17:56:00 - [MESSAGE][PASSED] - Delayed 3 second(s)

2018-12-11 17:56:00 - [TEST_STEP][PASSED] - click: Object: 'Object Repository/Final Object Repo/New Registration - Registration Module Pages/Third Screen - Upload Supporting Doc- Preview/Add Document Button' is clicked on

2018-12-11 17:56:01 - [MESSAGE][PASSED] - Object: 'Object Repository/Final Object Repo/New Registration - Registration Module Pages/Third Screen - Upload Supporting Doc- Preview/Add Document Button' is clicked on

2018-12-11 17:56:01 - [TEST_STEP][PASSED] - delay: Delayed 30 second(s)

2018-12-11 17:56:31 - [MESSAGE][PASSED] - Delayed 30 second(s)

2018-12-11 17:56:31 - [TEST_STEP][PASSED] - click: Object: 'Object Repository/Final Object Repo/New Registration - Registration Module Pages/Third Screen - Upload Supporting Doc- Preview/Supporting Doc Please Select Drop Down' is clicked on

2018-12-11 17:56:31 - [MESSAGE][PASSED] - Object: 'Object Repository/Final Object Repo/New Registration - Registration Module Pages/Third Screen - Upload Supporting Doc- Preview/Supporting Doc Please Select Drop Down' is clicked on

2018-12-11 17:56:31 - [TEST_STEP][PASSED] - delay: Delayed 4 second(s)

2018-12-11 17:56:35 - [MESSAGE][PASSED] - Delayed 4 second(s)

2018-12-11 17:56:35 - [TEST_STEP][PASSED] - click: Object: 'Object Repository/Final Object Repo/New Registration - Registration Module Pages/Third Screen - Upload Supporting Doc- Preview/Select to Upload Form 2' is clicked on

2018-12-11 17:56:36 - [MESSAGE][PASSED] - Object: 'Object Repository/Final Object Repo/New Registration - Registration Module Pages/Third Screen - Upload Supporting Doc- Preview/Select to Upload Form 2' is clicked on

2018-12-11 17:56:36 - [TEST_STEP][PASSED] - delay: Delayed 2 second(s)

2018-12-11 17:56:38 - [MESSAGE][PASSED] - Delayed 2 second(s)

2018-12-11 17:56:38 - [TEST_STEP][PASSED] - uploadFile: File 'C:\Users\Public\Pictures\Sample Pictures\Koala.jpg' sent to object: 'Object Repository/Final Object Repo/New Registration - Registration Module Pages/Third Screen - Upload Supporting Doc- Preview/Upload File Adding'

2018-12-11 17:56:38 - [MESSAGE][PASSED] - File 'C:\Users\Public\Pictures\Sample Pictures\Koala.jpg' sent to object: 'Object Repository/Final Object Repo/New Registration - Registration Module Pages/Third Screen - Upload Supporting Doc- Preview/Upload File Adding'

2018-12-11 17:56:38 - [TEST_STEP][PASSED] - click: Object: 'Object Repository/Final Object Repo/New Registration - Registration Module Pages/Third Screen - Upload Supporting Doc- Preview/Inner Form Add Document Button' is clicked on

2018-12-11 17:56:38 - [MESSAGE][PASSED] - Object: 'Object Repository/Final Object Repo/New Registration - Registration Module Pages/Third Screen - Upload Supporting Doc- Preview/Inner Form Add Document Button' is clicked on

2018-12-11 17:56:38 - [TEST_STEP][PASSED] - delay: Delayed 5 second(s)

2018-12-11 17:56:43 - [MESSAGE][PASSED] - Delayed 5 second(s)

2018-12-11 17:56:43 - [TEST_STEP][PASSED] - click: Object: 'Object Repository/Final Object Repo/New Registration - Registration Module Pages/Third Screen - Upload Supporting Doc- Preview/Add Document Button' is clicked on

2018-12-11 17:56:43 - [MESSAGE][PASSED] - Object: 'Object Repository/Final Object Repo/New Registration - Registration Module Pages/Third Screen - Upload Supporting Doc- Preview/Add Document Button' is clicked on

2018-12-11 17:56:43 - [TEST_STEP][PASSED] - delay: Delayed 30 second(s)

2018-12-11 17:57:13 - [MESSAGE][PASSED] - Delayed 30 second(s)

2018-12-11 17:57:13 - [TEST_STEP][PASSED] - click: Object: 'Object Repository/Final Object Repo/New Registration - Registration Module Pages/Third Screen - Upload Supporting Doc- Preview/Supporting Doc Please Select Drop Down' is clicked on

2018-12-11 17:57:13 - [MESSAGE][PASSED] - Object: 'Object Repository/Final Object Repo/New Registration - Registration Module Pages/Third Screen - Upload Supporting Doc- Preview/Supporting Doc Please Select Drop Down' is clicked on

2018-12-11 17:57:13 - [TEST_STEP][PASSED] - click: Object: 'Object Repository/Final Object Repo/New Registration - Registration Module Pages/Third Screen - Upload Supporting Doc- Preview/Select to Upload Borang SIP 1' is clicked on

2018-12-11 17:57:14 - [MESSAGE][PASSED] - Object: 'Object Repository/Final Object Repo/New Registration - Registration Module Pages/Third Screen - Upload Supporting Doc- Preview/Select to Upload Borang SIP 1' is clicked on

2018-12-11 17:57:14 - [TEST_STEP][PASSED] - delay: Delayed 2 second(s)

2018-12-11 17:57:16 - [MESSAGE][PASSED] - Delayed 2 second(s)

2018-12-11 17:57:16 - [TEST_STEP][PASSED] - uploadFile: File 'C:\Users\Public\Pictures\Sample Pictures\Koala.jpg' sent to object: 'Object Repository/Final Object Repo/New Registration - Registration Module Pages/Third Screen - Upload Supporting Doc- Preview/Upload File Adding'

2018-12-11 17:57:16 - [MESSAGE][PASSED] - File 'C:\Users\Public\Pictures\Sample Pictures\Koala.jpg' sent to object: 'Object Repository/Final Object Repo/New Registration - Registration Module Pages/Third Screen - Upload Supporting Doc- Preview/Upload File Adding'

2018-12-11 17:57:16 - [TEST_STEP][PASSED] - click: Object: 'Object Repository/Final Object Repo/New Registration - Registration Module Pages/Third Screen - Upload Supporting Doc- Preview/Inner Form Add Document Button' is clicked on

2018-12-11 17:57:16 - [MESSAGE][PASSED] - Object: 'Object Repository/Final Object Repo/New Registration - Registration Module Pages/Third Screen - Upload Supporting Doc- Preview/Inner Form Add Document Button' is clicked on

2018-12-11 17:57:16 - [TEST_STEP][PASSED] - delay: Delayed 5 second(s)

2018-12-11 17:57:21 - [MESSAGE][PASSED] - Delayed 5 second(s)

2018-12-11 17:57:21 - [TEST_STEP][PASSED] - click: Object: 'Object Repository/Final Object Repo/New Registration - Registration Module Pages/Third Screen - Upload Supporting Doc- Preview/Add Document Button' is clicked on

2018-12-11 17:57:21 - [MESSAGE][PASSED] - Object: 'Object Repository/Final Object Repo/New Registration - Registration Module Pages/Third Screen - Upload Supporting Doc- Preview/Add Document Button' is clicked on

2018-12-11 17:57:21 - [TEST_STEP][PASSED] - delay: Delayed 30 second(s)

2018-12-11 17:57:51 - [MESSAGE][PASSED] - Delayed 30 second(s)

2018-12-11 17:57:51 - [TEST_STEP][PASSED] - click: Object: 'Object Repository/Final Object Repo/New Registration - Registration Module Pages/Third Screen - Upload Supporting Doc- Preview/Supporting Doc Please Select Drop Down' is clicked on

2018-12-11 17:57:51 - [MESSAGE][PASSED] - Object: 'Object Repository/Final Object Repo/New Registration - Registration Module Pages/Third Screen - Upload Supporting Doc- Preview/Supporting Doc Please Select Drop Down' is clicked on

2018-12-11 17:57:51 - [TEST_STEP][PASSED] - delay: Delayed 3 second(s)

2018-12-11 17:57:54 - [MESSAGE][PASSED] - Delayed 3 second(s)

2018-12-11 17:57:54 - [TEST_STEP][PASSED] - click: Object: 'Object Repository/Final Object Repo/New Registration - Registration Module Pages/Third Screen - Upload Supporting Doc- Preview/Select to Upload Borang SIP 2' is clicked on

2018-12-11 17:57:54 - [MESSAGE][PASSED] - Object: 'Object Repository/Final Object Repo/New Registration - Registration Module Pages/Third Screen - Upload Supporting Doc- Preview/Select to Upload Borang SIP 2' is clicked on

2018-12-11 17:57:54 - [TEST_STEP][PASSED] - delay: Delayed 2 second(s)

2018-12-11 17:57:56 - [MESSAGE][PASSED] - Delayed 2 second(s)

2018-12-11 17:57:56 - [TEST_STEP][PASSED] - uploadFile: File 'C:\Users\Public\Pictures\Sample Pictures\Koala.jpg' sent to object: 'Object Repository/Final Object Repo/New Registration - Registration Module Pages/Third Screen - Upload Supporting Doc- Preview/Upload File Adding'

2018-12-11 17:57:56 - [MESSAGE][PASSED] - File 'C:\Users\Public\Pictures\Sample Pictures\Koala.jpg' sent to object: 'Object Repository/Final Object Repo/New Registration - Registration Module Pages/Third Screen - Upload Supporting Doc- Preview/Upload File Adding'

2018-12-11 17:57:56 - [TEST_STEP][PASSED] - delay: Delayed 5 second(s)

2018-12-11 17:58:01 - [MESSAGE][PASSED] - Delayed 5 second(s)

2018-12-11 17:58:01 - [TEST_STEP][PASSED] - click: Object: 'Object Repository/Final Object Repo/New Registration - Registration Module Pages/Third Screen - Upload Supporting Doc- Preview/Inner Form Add Document Button' is clicked on

2018-12-11 17:58:02 - [MESSAGE][PASSED] - Object: 'Object Repository/Final Object Repo/New Registration - Registration Module Pages/Third Screen - Upload Supporting Doc- Preview/Inner Form Add Document Button' is clicked on

2018-12-11 17:58:02 - [TEST_STEP][PASSED] - delay: Delayed 3 second(s)

2018-12-11 17:58:05 - [MESSAGE][PASSED] - Delayed 3 second(s)

2018-12-11 17:58:05 - [TEST_STEP][PASSED] - waitForElementClickable: Object 'Object Repository/Final Object Repo/New Registration - Registration Module Pages/Third Screen - Upload Supporting Doc- Preview/Save n Continue in Uploading Supporting Doc Page' is clickable

2018-12-11 17:58:06 - [MESSAGE][PASSED] - Object 'Object Repository/Final Object Repo/New Registration - Registration Module Pages/Third Screen - Upload Supporting Doc- Preview/Save n Continue in Uploading Supporting Doc Page' is clickable

2018-12-11 17:58:06 - [TEST_STEP][PASSED] - click: Object: 'Object Repository/Final Object Repo/New Registration - Registration Module Pages/Third Screen - Upload Supporting Doc- Preview/Save n Continue in Uploading Supporting Doc Page' is clicked on

2018-12-11 17:58:06 - [MESSAGE][PASSED] - Object: 'Object Repository/Final Object Repo/New Registration - Registration Module Pages/Third Screen - Upload Supporting Doc- Preview/Save n Continue in Uploading Supporting Doc Page' is clicked on

2018-12-11 17:58:06 - [MESSAGE][PASSED] - Call Test Case 'Test Cases/Final Aug 2018 - PKS Automation/Registration Module/New Registration/Flow of New Registration/Third Screen - Upload Supporting Doc - Preview' successfully

2018-12-11 17:58:06 - [TEST_STEP][PASSED] - callTestCase: Call Test Case 'Test Cases/Final Aug 2018 - PKS Automation/Registration Module/New Registration/Submit and Screenshot/Submit Registration and Screenshot - Copy' successfully

2018-12-11 17:58:06 - [TEST_CASE][PASSED] - Test Cases/Final Aug 2018 - PKS Automation/Registration Module/New Registration/Submit and Screenshot/Submit Registration and Screenshot - Copy: Test Cases/Final Aug 2018 - PKS Automation/Registration Module/New Registration/Submit and Screenshot/Submit Registration and Screenshot - Copy

2018-12-11 17:58:06 - [TEST_STEP][PASSED] - delay: Delayed 6 second(s)

2018-12-11 17:58:12 - [MESSAGE][PASSED] - Delayed 6 second(s)

2018-12-11 17:58:12 - [TEST_STEP][PASSED] - click: Object: 'Object Repository/Final Object Repo/New Registration - Registration Module Pages/Third Screen - Upload Supporting Doc- Preview/Preview Submit Button' is clicked on

2018-12-11 17:58:12 - [MESSAGE][PASSED] - Object: 'Object Repository/Final Object Repo/New Registration - Registration Module Pages/Third Screen - Upload Supporting Doc- Preview/Preview Submit Button' is clicked on

2018-12-11 17:58:12 - [TEST_STEP][PASSED] - delay: Delayed 2 second(s)

2018-12-11 17:58:14 - [MESSAGE][PASSED] - Delayed 2 second(s)

2018-12-11 17:58:14 - [TEST_STEP][PASSED] - click: Object: 'Object Repository/Final Object Repo/New Registration - Registration Module Pages/Third Screen - Upload Supporting Doc- Preview/Preview Submit - Confirm' is clicked on

2018-12-11 17:58:14 - [MESSAGE][PASSED] - Object: 'Object Repository/Final Object Repo/New Registration - Registration Module Pages/Third Screen - Upload Supporting Doc- Preview/Preview Submit - Confirm' is clicked on

2018-12-11 17:58:14 - [TEST_STEP][PASSED] - delay: Delayed 15 second(s)

2018-12-11 17:58:29 - [MESSAGE][PASSED] - Delayed 15 second(s)

2018-12-11 17:58:29 - [TEST_STEP][PASSED] - Statement - driver = com.kms.katalon.core.webui.driver.DriverFactory.getWebDriver(): null

2018-12-11 17:58:29 - [TEST_STEP][PASSED] - Statement - driver.manage().timeouts().implicitlyWait(10, SECONDS): null

2018-12-11 17:58:29 - [TEST_STEP][PASSED] - Statement - PresavePath = KatalonScreenshots: null

2018-12-11 17:58:29 - [TEST_STEP][PASSED] - Statement - pathPrefix = "C:\Users\Public\Pictures\Sample Pictures\Katalon Screenshots\Automate Ending Screen": null

2018-12-11 17:58:29 - [TEST_STEP][PASSED] - Statement - finalPath = <not implemented yet for class: org.codehaus.groovy.ast.expr.EmptyExpression>: null

2018-12-11 17:58:29 - [TEST_STEP][PASSED] - Statement - scrFile = driver.getScreenshotAs(FILE): null

2018-12-11 17:58:30 - [TEST_STEP][PASSED] - Statement - PreSaveFile = new java.io.File(PresavePath): null

2018-12-11 17:58:30 - [TEST_STEP][PASSED] - Statement - counter = 0: null

2018-12-11 17:58:30 - [TEST_STEP][PASSED] - Statement - If (PreSaveFile.exists()): null

2018-12-11 17:58:30 - [TEST_STEP][PASSED] - Statement - While (PreSaveFile.exists()): null

2018-12-11 17:58:30 - [TEST_STEP][PASSED] - Statement - counter = counter + 1: null

2018-12-11 17:58:30 - [TEST_STEP][PASSED] - Statement - PreSaveFile = new java.io.File(((pathPrefix + java.lang.Integer.toString(counter)) + .png)): null

2018-12-11 17:58:30 - [TEST_STEP][PASSED] - Statement - counter = counter + 1: null

2018-12-11 17:58:30 - [TEST_STEP][PASSED] - Statement - PreSaveFile = new java.io.File(((pathPrefix + java.lang.Integer.toString(counter)) + .png)): null

2018-12-11 17:58:30 - [TEST_STEP][PASSED] - Statement - counter = counter + 1: null

2018-12-11 17:58:30 - [TEST_STEP][PASSED] - Statement - PreSaveFile = new java.io.File(((pathPrefix + java.lang.Integer.toString(counter)) + .png)): null

2018-12-11 17:58:30 - [TEST_STEP][PASSED] - Statement - counter = counter + 1: null

2018-12-11 17:58:30 - [TEST_STEP][PASSED] - Statement - PreSaveFile = new java.io.File(((pathPrefix + java.lang.Integer.toString(counter)) + .png)): null

2018-12-11 17:58:30 - [TEST_STEP][PASSED] - Statement - counter = counter + 1: null

2018-12-11 17:58:30 - [TEST_STEP][PASSED] - Statement - PreSaveFile = new java.io.File(((pathPrefix + java.lang.Integer.toString(counter)) + .png)): null

2018-12-11 17:58:30 - [TEST_STEP][PASSED] - Statement - counter = counter + 1: null

2018-12-11 17:58:30 - [TEST_STEP][PASSED] - Statement - PreSaveFile = new java.io.File(((pathPrefix + java.lang.Integer.toString(counter)) + .png)): null

2018-12-11 17:58:30 - [TEST_STEP][PASSED] - Statement - counter = counter + 1: null

2018-12-11 17:58:30 - [TEST_STEP][PASSED] - Statement - PreSaveFile = new java.io.File(((pathPrefix + java.lang.Integer.toString(counter)) + .png)): null

2018-12-11 17:58:30 - [TEST_STEP][PASSED] - Statement - counter = counter + 1: null

2018-12-11 17:58:30 - [TEST_STEP][PASSED] - Statement - PreSaveFile = new java.io.File(((pathPrefix + java.lang.Integer.toString(counter)) + .png)): null

2018-12-11 17:58:30 - [TEST_STEP][PASSED] - Statement - counter = counter + 1: null

2018-12-11 17:58:30 - [TEST_STEP][PASSED] - Statement - PreSaveFile = new java.io.File(((pathPrefix + java.lang.Integer.toString(counter)) + .png)): null

2018-12-11 17:58:30 - [TEST_STEP][PASSED] - Statement - counter = counter + 1: null

2018-12-11 17:58:30 - [TEST_STEP][PASSED] - Statement - PreSaveFile = new java.io.File(((pathPrefix + java.lang.Integer.toString(counter)) + .png)): null

2018-12-11 17:58:30 - [TEST_STEP][PASSED] - Statement - counter = counter + 1: null

2018-12-11 17:58:30 - [TEST_STEP][PASSED] - Statement - PreSaveFile = new java.io.File(((pathPrefix + java.lang.Integer.toString(counter)) + .png)): null

2018-12-11 17:58:30 - [TEST_STEP][PASSED] - Statement - counter = counter + 1: null

2018-12-11 17:58:30 - [TEST_STEP][PASSED] - Statement - PreSaveFile = new java.io.File(((pathPrefix + java.lang.Integer.toString(counter)) + .png)): null

2018-12-11 17:58:30 - [TEST_STEP][PASSED] - Statement - counter = counter + 1: null

2018-12-11 17:58:30 - [TEST_STEP][PASSED] - Statement - PreSaveFile = new java.io.File(((pathPrefix + java.lang.Integer.toString(counter)) + .png)): null

2018-12-11 17:58:30 - [TEST_STEP][PASSED] - Statement - counter = counter + 1: null

2018-12-11 17:58:30 - [TEST_STEP][PASSED] - Statement - PreSaveFile = new java.io.File(((pathPrefix + java.lang.Integer.toString(counter)) + .png)): null

2018-12-11 17:58:30 - [TEST_STEP][PASSED] - Statement - counter = counter + 1: null

2018-12-11 17:58:30 - [TEST_STEP][PASSED] - Statement - PreSaveFile = new java.io.File(((pathPrefix + java.lang.Integer.toString(counter)) + .png)): null

2018-12-11 17:58:30 - [TEST_STEP][PASSED] - Statement - counter = counter + 1: null

2018-12-11 17:58:30 - [TEST_STEP][PASSED] - Statement - PreSaveFile = new java.io.File(((pathPrefix + java.lang.Integer.toString(counter)) + .png)): null

2018-12-11 17:58:30 - [TEST_STEP][PASSED] - Statement - counter = counter + 1: null

2018-12-11 17:58:30 - [TEST_STEP][PASSED] - Statement - PreSaveFile = new java.io.File(((pathPrefix + java.lang.Integer.toString(counter)) + .png)): null

2018-12-11 17:58:30 - [TEST_STEP][PASSED] - Statement - counter = counter + 1: null

2018-12-11 17:58:30 - [TEST_STEP][PASSED] - Statement - PreSaveFile = new java.io.File(((pathPrefix + java.lang.Integer.toString(counter)) + .png)): null

2018-12-11 17:58:30 - [TEST_STEP][PASSED] - Statement - counter = counter + 1: null

2018-12-11 17:58:30 - [TEST_STEP][PASSED] - Statement - PreSaveFile = new java.io.File(((pathPrefix + java.lang.Integer.toString(counter)) + .png)): null

2018-12-11 17:58:30 - [TEST_STEP][PASSED] - Statement - counter = counter + 1: null

2018-12-11 17:58:30 - [TEST_STEP][PASSED] - Statement - PreSaveFile = new java.io.File(((pathPrefix + java.lang.Integer.toString(counter)) + .png)): null

2018-12-11 17:58:30 - [TEST_STEP][PASSED] - Statement - counter = counter + 1: null

2018-12-11 17:58:30 - [TEST_STEP][PASSED] - Statement - PreSaveFile = new java.io.File(((pathPrefix + java.lang.Integer.toString(counter)) + .png)): null

2018-12-11 17:58:30 - [TEST_STEP][PASSED] - Statement - counter = counter + 1: null

2018-12-11 17:58:30 - [TEST_STEP][PASSED] - Statement - PreSaveFile = new java.io.File(((pathPrefix + java.lang.Integer.toString(counter)) + .png)): null

2018-12-11 17:58:30 - [TEST_STEP][PASSED] - Statement - counter = counter + 1: null

2018-12-11 17:58:30 - [TEST_STEP][PASSED] - Statement - PreSaveFile = new java.io.File(((pathPrefix + java.lang.Integer.toString(counter)) + .png)): null

2018-12-11 17:58:30 - [TEST_STEP][PASSED] - Statement - counter = counter + 1: null

2018-12-11 17:58:30 - [TEST_STEP][PASSED] - Statement - PreSaveFile = new java.io.File(((pathPrefix + java.lang.Integer.toString(counter)) + .png)): null

2018-12-11 17:58:30 - [TEST_STEP][PASSED] - Statement - counter = counter + 1: null

2018-12-11 17:58:30 - [TEST_STEP][PASSED] - Statement - PreSaveFile = new java.io.File(((pathPrefix + java.lang.Integer.toString(counter)) + .png)): null

2018-12-11 17:58:30 - [TEST_STEP][PASSED] - Statement - counter = counter + 1: null

2018-12-11 17:58:30 - [TEST_STEP][PASSED] - Statement - PreSaveFile = new java.io.File(((pathPrefix + java.lang.Integer.toString(counter)) + .png)): null

2018-12-11 17:58:30 - [TEST_STEP][PASSED] - Statement - counter = counter + 1: null

2018-12-11 17:58:30 - [TEST_STEP][PASSED] - Statement - PreSaveFile = new java.io.File(((pathPrefix + java.lang.Integer.toString(counter)) + .png)): null

2018-12-11 17:58:30 - [TEST_STEP][PASSED] - Statement - counter = counter + 1: null

2018-12-11 17:58:30 - [TEST_STEP][PASSED] - Statement - PreSaveFile = new java.io.File(((pathPrefix + java.lang.Integer.toString(counter)) + .png)): null

2018-12-11 17:58:30 - [TEST_STEP][PASSED] - Statement - counter = counter + 1: null

2018-12-11 17:58:30 - [TEST_STEP][PASSED] - Statement - PreSaveFile = new java.io.File(((pathPrefix + java.lang.Integer.toString(counter)) + .png)): null

2018-12-11 17:58:30 - [TEST_STEP][PASSED] - Statement - counter = counter + 1: null

2018-12-11 17:58:30 - [TEST_STEP][PASSED] - Statement - PreSaveFile = new java.io.File(((pathPrefix + java.lang.Integer.toString(counter)) + .png)): null

2018-12-11 17:58:30 - [TEST_STEP][PASSED] - Statement - counter = counter + 1: null

2018-12-11 17:58:30 - [TEST_STEP][PASSED] - Statement - PreSaveFile = new java.io.File(((pathPrefix + java.lang.Integer.toString(counter)) + .png)): null

2018-12-11 17:58:30 - [TEST_STEP][PASSED] - Statement - counter = counter + 1: null

2018-12-11 17:58:30 - [TEST_STEP][PASSED] - Statement - PreSaveFile = new java.io.File(((pathPrefix + java.lang.Integer.toString(counter)) + .png)): null

2018-12-11 17:58:30 - [TEST_STEP][PASSED] - Statement - counter = counter + 1: null

2018-12-11 17:58:30 - [TEST_STEP][PASSED] - Statement - PreSaveFile = new java.io.File(((pathPrefix + java.lang.Integer.toString(counter)) + .png)): null

2018-12-11 17:58:30 - [TEST_STEP][PASSED] - Statement - counter = counter + 1: null

2018-12-11 17:58:30 - [TEST_STEP][PASSED] - Statement - PreSaveFile = new java.io.File(((pathPrefix + java.lang.Integer.toString(counter)) + .png)): null

2018-12-11 17:58:30 - [TEST_STEP][PASSED] - Statement - counter = counter + 1: null

2018-12-11 17:58:30 - [TEST_STEP][PASSED] - Statement - PreSaveFile = new java.io.File(((pathPrefix + java.lang.Integer.toString(counter)) + .png)): null

2018-12-11 17:58:30 - [TEST_STEP][PASSED] - Statement - counter = counter + 1: null

2018-12-11 17:58:30 - [TEST_STEP][PASSED] - Statement - PreSaveFile = new java.io.File(((pathPrefix + java.lang.Integer.toString(counter)) + .png)): null

2018-12-11 17:58:30 - [TEST_STEP][PASSED] - Statement - counter = counter + 1: null

2018-12-11 17:58:30 - [TEST_STEP][PASSED] - Statement - PreSaveFile = new java.io.File(((pathPrefix + java.lang.Integer.toString(counter)) + .png)): null

2018-12-11 17:58:30 - [TEST_STEP][PASSED] - Statement - counter = counter + 1: null

2018-12-11 17:58:30 - [TEST_STEP][PASSED] - Statement - PreSaveFile = new java.io.File(((pathPrefix + java.lang.Integer.toString(counter)) + .png)): null

2018-12-11 17:58:30 - [TEST_STEP][PASSED] - Statement - counter = counter + 1: null

2018-12-11 17:58:30 - [TEST_STEP][PASSED] - Statement - PreSaveFile = new java.io.File(((pathPrefix + java.lang.Integer.toString(counter)) + .png)): null

2018-12-11 17:58:30 - [TEST_STEP][PASSED] - Statement - counter = counter + 1: null

2018-12-11 17:58:30 - [TEST_STEP][PASSED] - Statement - PreSaveFile = new java.io.File(((pathPrefix + java.lang.Integer.toString(counter)) + .png)): null

2018-12-11 17:58:30 - [TEST_STEP][PASSED] - Statement - counter = counter + 1: null

2018-12-11 17:58:30 - [TEST_STEP][PASSED] - Statement - PreSaveFile = new java.io.File(((pathPrefix + java.lang.Integer.toString(counter)) + .png)): null

2018-12-11 17:58:30 - [TEST_STEP][PASSED] - Statement - counter = counter + 1: null

2018-12-11 17:58:30 - [TEST_STEP][PASSED] - Statement - PreSaveFile = new java.io.File(((pathPrefix + java.lang.Integer.toString(counter)) + .png)): null

2018-12-11 17:58:30 - [TEST_STEP][PASSED] - Statement - counter = counter + 1: null

2018-12-11 17:58:30 - [TEST_STEP][PASSED] - Statement - PreSaveFile = new java.io.File(((pathPrefix + java.lang.Integer.toString(counter)) + .png)): null

2018-12-11 17:58:30 - [TEST_STEP][PASSED] - Statement - counter = counter + 1: null

2018-12-11 17:58:30 - [TEST_STEP][PASSED] - Statement - PreSaveFile = new java.io.File(((pathPrefix + java.lang.Integer.toString(counter)) + .png)): null

2018-12-11 17:58:30 - [TEST_STEP][PASSED] - Statement - counter = counter + 1: null

2018-12-11 17:58:30 - [TEST_STEP][PASSED] - Statement - PreSaveFile = new java.io.File(((pathPrefix + java.lang.Integer.toString(counter)) + .png)): null

2018-12-11 17:58:30 - [TEST_STEP][PASSED] - Statement - counter = counter + 1: null

2018-12-11 17:58:30 - [TEST_STEP][PASSED] - Statement - PreSaveFile = new java.io.File(((pathPrefix + java.lang.Integer.toString(counter)) + .png)): null

2018-12-11 17:58:30 - [TEST_STEP][PASSED] - Statement - counter = counter + 1: null

2018-12-11 17:58:30 - [TEST_STEP][PASSED] - Statement - PreSaveFile = new java.io.File(((pathPrefix + java.lang.Integer.toString(counter)) + .png)): null

2018-12-11 17:58:30 - [TEST_STEP][PASSED] - Statement - counter = counter + 1: null

2018-12-11 17:58:30 - [TEST_STEP][PASSED] - Statement - PreSaveFile = new java.io.File(((pathPrefix + java.lang.Integer.toString(counter)) + .png)): null

2018-12-11 17:58:30 - [TEST_STEP][PASSED] - Statement - counter = counter + 1: null

2018-12-11 17:58:30 - [TEST_STEP][PASSED] - Statement - PreSaveFile = new java.io.File(((pathPrefix + java.lang.Integer.toString(counter)) + .png)): null

2018-12-11 17:58:30 - [TEST_STEP][PASSED] - Statement - counter = counter + 1: null

2018-12-11 17:58:30 - [TEST_STEP][PASSED] - Statement - PreSaveFile = new java.io.File(((pathPrefix + java.lang.Integer.toString(counter)) + .png)): null

2018-12-11 17:58:30 - [TEST_STEP][PASSED] - Statement - counter = counter + 1: null

2018-12-11 17:58:30 - [TEST_STEP][PASSED] - Statement - PreSaveFile = new java.io.File(((pathPrefix + java.lang.Integer.toString(counter)) + .png)): null

2018-12-11 17:58:30 - [TEST_STEP][PASSED] - Statement - counter = counter + 1: null

2018-12-11 17:58:30 - [TEST_STEP][PASSED] - Statement - PreSaveFile = new java.io.File(((pathPrefix + java.lang.Integer.toString(counter)) + .png)): null

2018-12-11 17:58:30 - [TEST_STEP][PASSED] - Statement - counter = counter + 1: null

2018-12-11 17:58:30 - [TEST_STEP][PASSED] - Statement - PreSaveFile = new java.io.File(((pathPrefix + java.lang.Integer.toString(counter)) + .png)): null

2018-12-11 17:58:30 - [TEST_STEP][PASSED] - Statement - counter = counter + 1: null

2018-12-11 17:58:30 - [TEST_STEP][PASSED] - Statement - PreSaveFile = new java.io.File(((pathPrefix + java.lang.Integer.toString(counter)) + .png)): null

2018-12-11 17:58:30 - [TEST_STEP][PASSED] - Statement - counter = counter + 1: null

2018-12-11 17:58:30 - [TEST_STEP][PASSED] - Statement - PreSaveFile = new java.io.File(((pathPrefix + java.lang.Integer.toString(counter)) + .png)): null

2018-12-11 17:58:30 - [TEST_STEP][PASSED] - Statement - counter = counter + 1: null

2018-12-11 17:58:30 - [TEST_STEP][PASSED] - Statement - PreSaveFile = new java.io.File(((pathPrefix + java.lang.Integer.toString(counter)) + .png)): null

2018-12-11 17:58:30 - [TEST_STEP][PASSED] - Statement - counter = counter + 1: null

2018-12-11 17:58:30 - [TEST_STEP][PASSED] - Statement - PreSaveFile = new java.io.File(((pathPrefix + java.lang.Integer.toString(counter)) + .png)): null

2018-12-11 17:58:30 - [TEST_STEP][PASSED] - Statement - counter = counter + 1: null

2018-12-11 17:58:30 - [TEST_STEP][PASSED] - Statement - PreSaveFile = new java.io.File(((pathPrefix + java.lang.Integer.toString(counter)) + .png)): null

2018-12-11 17:58:30 - [TEST_STEP][PASSED] - Statement - counter = counter + 1: null

2018-12-11 17:58:30 - [TEST_STEP][PASSED] - Statement - PreSaveFile = new java.io.File(((pathPrefix + java.lang.Integer.toString(counter)) + .png)): null

2018-12-11 17:58:30 - [TEST_STEP][PASSED] - Statement - counter = counter + 1: null

2018-12-11 17:58:30 - [TEST_STEP][PASSED] - Statement - PreSaveFile = new java.io.File(((pathPrefix + java.lang.Integer.toString(counter)) + .png)): null

2018-12-11 17:58:30 - [TEST_STEP][PASSED] - Statement - counter = counter + 1: null

2018-12-11 17:58:30 - [TEST_STEP][PASSED] - Statement - PreSaveFile = new java.io.File(((pathPrefix + java.lang.Integer.toString(counter)) + .png)): null

2018-12-11 17:58:30 - [TEST_STEP][PASSED] - Statement - counter = counter + 1: null

2018-12-11 17:58:30 - [TEST_STEP][PASSED] - Statement - PreSaveFile = new java.io.File(((pathPrefix + java.lang.Integer.toString(counter)) + .png)): null

2018-12-11 17:58:30 - [TEST_STEP][PASSED] - Statement - counter = counter + 1: null

2018-12-11 17:58:30 - [TEST_STEP][PASSED] - Statement - PreSaveFile = new java.io.File(((pathPrefix + java.lang.Integer.toString(counter)) + .png)): null

2018-12-11 17:58:30 - [TEST_STEP][PASSED] - Statement - counter = counter + 1: null

2018-12-11 17:58:30 - [TEST_STEP][PASSED] - Statement - PreSaveFile = new java.io.File(((pathPrefix + java.lang.Integer.toString(counter)) + .png)): null

2018-12-11 17:58:30 - [TEST_STEP][PASSED] - Statement - counter = counter + 1: null

2018-12-11 17:58:30 - [TEST_STEP][PASSED] - Statement - PreSaveFile = new java.io.File(((pathPrefix + java.lang.Integer.toString(counter)) + .png)): null

2018-12-11 17:58:30 - [TEST_STEP][PASSED] - Statement - counter = counter + 1: null

2018-12-11 17:58:30 - [TEST_STEP][PASSED] - Statement - PreSaveFile = new java.io.File(((pathPrefix + java.lang.Integer.toString(counter)) + .png)): null

2018-12-11 17:58:30 - [TEST_STEP][PASSED] - Statement - counter = counter + 1: null

2018-12-11 17:58:30 - [TEST_STEP][PASSED] - Statement - PreSaveFile = new java.io.File(((pathPrefix + java.lang.Integer.toString(counter)) + .png)): null

2018-12-11 17:58:30 - [TEST_STEP][PASSED] - Statement - counter = counter + 1: null

2018-12-11 17:58:30 - [TEST_STEP][PASSED] - Statement - PreSaveFile = new java.io.File(((pathPrefix + java.lang.Integer.toString(counter)) + .png)): null

2018-12-11 17:58:30 - [TEST_STEP][PASSED] - Statement - counter = counter + 1: null

2018-12-11 17:58:30 - [TEST_STEP][PASSED] - Statement - PreSaveFile = new java.io.File(((pathPrefix + java.lang.Integer.toString(counter)) + .png)): null

2018-12-11 17:58:30 - [TEST_STEP][PASSED] - Statement - counter = counter + 1: null

2018-12-11 17:58:30 - [TEST_STEP][PASSED] - Statement - PreSaveFile = new java.io.File(((pathPrefix + java.lang.Integer.toString(counter)) + .png)): null

2018-12-11 17:58:30 - [TEST_STEP][PASSED] - Statement - counter = counter + 1: null

2018-12-11 17:58:30 - [TEST_STEP][PASSED] - Statement - PreSaveFile = new java.io.File(((pathPrefix + java.lang.Integer.toString(counter)) + .png)): null

2018-12-11 17:58:30 - [TEST_STEP][PASSED] - Statement - counter = counter + 1: null

2018-12-11 17:58:30 - [TEST_STEP][PASSED] - Statement - PreSaveFile = new java.io.File(((pathPrefix + java.lang.Integer.toString(counter)) + .png)): null

2018-12-11 17:58:30 - [TEST_STEP][PASSED] - Statement - counter = counter + 1: null

2018-12-11 17:58:30 - [TEST_STEP][PASSED] - Statement - PreSaveFile = new java.io.File(((pathPrefix + java.lang.Integer.toString(counter)) + .png)): null

2018-12-11 17:58:30 - [TEST_STEP][PASSED] - Statement - counter = counter + 1: null

2018-12-11 17:58:30 - [TEST_STEP][PASSED] - Statement - PreSaveFile = new java.io.File(((pathPrefix + java.lang.Integer.toString(counter)) + .png)): null

2018-12-11 17:58:30 - [TEST_STEP][PASSED] - Statement - counter = counter + 1: null

2018-12-11 17:58:30 - [TEST_STEP][PASSED] - Statement - PreSaveFile = new java.io.File(((pathPrefix + java.lang.Integer.toString(counter)) + .png)): null

2018-12-11 17:58:30 - [TEST_STEP][PASSED] - Statement - counter = counter + 1: null

2018-12-11 17:58:30 - [TEST_STEP][PASSED] - Statement - PreSaveFile = new java.io.File(((pathPrefix + java.lang.Integer.toString(counter)) + .png)): null

2018-12-11 17:58:30 - [TEST_STEP][PASSED] - Statement - counter = counter + 1: null

2018-12-11 17:58:30 - [TEST_STEP][PASSED] - Statement - PreSaveFile = new java.io.File(((pathPrefix + java.lang.Integer.toString(counter)) + .png)): null

2018-12-11 17:58:30 - [TEST_STEP][PASSED] - Statement - counter = counter + 1: null

2018-12-11 17:58:30 - [TEST_STEP][PASSED] - Statement - PreSaveFile = new java.io.File(((pathPrefix + java.lang.Integer.toString(counter)) + .png)): null

2018-12-11 17:58:30 - [TEST_STEP][PASSED] - Statement - counter = counter + 1: null

2018-12-11 17:58:30 - [TEST_STEP][PASSED] - Statement - PreSaveFile = new java.io.File(((pathPrefix + java.lang.Integer.toString(counter)) + .png)): null

2018-12-11 17:58:30 - [TEST_STEP][PASSED] - Statement - counter = counter + 1: null

2018-12-11 17:58:30 - [TEST_STEP][PASSED] - Statement - PreSaveFile = new java.io.File(((pathPrefix + java.lang.Integer.toString(counter)) + .png)): null

2018-12-11 17:58:30 - [TEST_STEP][PASSED] - Statement - counter = counter + 1: null

2018-12-11 17:58:30 - [TEST_STEP][PASSED] - Statement - PreSaveFile = new java.io.File(((pathPrefix + java.lang.Integer.toString(counter)) + .png)): null

2018-12-11 17:58:30 - [TEST_STEP][PASSED] - Statement - counter = counter + 1: null

2018-12-11 17:58:30 - [TEST_STEP][PASSED] - Statement - PreSaveFile = new java.io.File(((pathPrefix + java.lang.Integer.toString(counter)) + .png)): null

2018-12-11 17:58:30 - [TEST_STEP][PASSED] - Statement - counter = counter + 1: null

2018-12-11 17:58:30 - [TEST_STEP][PASSED] - Statement - PreSaveFile = new java.io.File(((pathPrefix + java.lang.Integer.toString(counter)) + .png)): null

2018-12-11 17:58:30 - [TEST_STEP][PASSED] - Statement - counter = counter + 1: null

2018-12-11 17:58:30 - [TEST_STEP][PASSED] - Statement - PreSaveFile = new java.io.File(((pathPrefix + java.lang.Integer.toString(counter)) + .png)): null

2018-12-11 17:58:30 - [TEST_STEP][PASSED] - Statement - counter = counter + 1: null

2018-12-11 17:58:30 - [TEST_STEP][PASSED] - Statement - PreSaveFile = new java.io.File(((pathPrefix + java.lang.Integer.toString(counter)) + .png)): null

2018-12-11 17:58:30 - [TEST_STEP][PASSED] - Statement - counter = counter + 1: null

2018-12-11 17:58:30 - [TEST_STEP][PASSED] - Statement - PreSaveFile = new java.io.File(((pathPrefix + java.lang.Integer.toString(counter)) + .png)): null

2018-12-11 17:58:30 - [TEST_STEP][PASSED] - Statement - counter = counter + 1: null

2018-12-11 17:58:30 - [TEST_STEP][PASSED] - Statement - PreSaveFile = new java.io.File(((pathPrefix + java.lang.Integer.toString(counter)) + .png)): null

2018-12-11 17:58:30 - [TEST_STEP][PASSED] - Statement - counter = counter + 1: null

2018-12-11 17:58:30 - [TEST_STEP][PASSED] - Statement - PreSaveFile = new java.io.File(((pathPrefix + java.lang.Integer.toString(counter)) + .png)): null

2018-12-11 17:58:30 - [TEST_STEP][PASSED] - Statement - counter = counter + 1: null

2018-12-11 17:58:30 - [TEST_STEP][PASSED] - Statement - PreSaveFile = new java.io.File(((pathPrefix + java.lang.Integer.toString(counter)) + .png)): null

2018-12-11 17:58:30 - [TEST_STEP][PASSED] - Statement - counter = counter + 1: null

2018-12-11 17:58:30 - [TEST_STEP][PASSED] - Statement - PreSaveFile = new java.io.File(((pathPrefix + java.lang.Integer.toString(counter)) + .png)): null

2018-12-11 17:58:30 - [TEST_STEP][PASSED] - Statement - counter = counter + 1: null

2018-12-11 17:58:30 - [TEST_STEP][PASSED] - Statement - PreSaveFile = new java.io.File(((pathPrefix + java.lang.Integer.toString(counter)) + .png)): null

2018-12-11 17:58:30 - [TEST_STEP][PASSED] - Statement - counter = counter + 1: null

2018-12-11 17:58:30 - [TEST_STEP][PASSED] - Statement - PreSaveFile = new java.io.File(((pathPrefix + java.lang.Integer.toString(counter)) + .png)): null

2018-12-11 17:58:30 - [TEST_STEP][PASSED] - Statement - counter = counter + 1: null

2018-12-11 17:58:30 - [TEST_STEP][PASSED] - Statement - PreSaveFile = new java.io.File(((pathPrefix + java.lang.Integer.toString(counter)) + .png)): null

2018-12-11 17:58:30 - [TEST_STEP][PASSED] - Statement - counter = counter + 1: null

2018-12-11 17:58:30 - [TEST_STEP][PASSED] - Statement - PreSaveFile = new java.io.File(((pathPrefix + java.lang.Integer.toString(counter)) + .png)): null

2018-12-11 17:58:30 - [TEST_STEP][PASSED] - Statement - counter = counter + 1: null

2018-12-11 17:58:30 - [TEST_STEP][PASSED] - Statement - PreSaveFile = new java.io.File(((pathPrefix + java.lang.Integer.toString(counter)) + .png)): null

2018-12-11 17:58:30 - [TEST_STEP][PASSED] - Statement - counter = counter + 1: null

2018-12-11 17:58:30 - [TEST_STEP][PASSED] - Statement - PreSaveFile = new java.io.File(((pathPrefix + java.lang.Integer.toString(counter)) + .png)): null

2018-12-11 17:58:30 - [TEST_STEP][PASSED] - Statement - counter = counter + 1: null

2018-12-11 17:58:30 - [TEST_STEP][PASSED] - Statement - PreSaveFile = new java.io.File(((pathPrefix + java.lang.Integer.toString(counter)) + .png)): null

2018-12-11 17:58:30 - [TEST_STEP][PASSED] - Statement - counter = counter + 1: null

2018-12-11 17:58:30 - [TEST_STEP][PASSED] - Statement - PreSaveFile = new java.io.File(((pathPrefix + java.lang.Integer.toString(counter)) + .png)): null

2018-12-11 17:58:30 - [TEST_STEP][PASSED] - Statement - counter = counter + 1: null

2018-12-11 17:58:30 - [TEST_STEP][PASSED] - Statement - PreSaveFile = new java.io.File(((pathPrefix + java.lang.Integer.toString(counter)) + .png)): null

2018-12-11 17:58:30 - [TEST_STEP][PASSED] - Statement - counter = counter + 1: null

2018-12-11 17:58:30 - [TEST_STEP][PASSED] - Statement - PreSaveFile = new java.io.File(((pathPrefix + java.lang.Integer.toString(counter)) + .png)): null

2018-12-11 17:58:30 - [TEST_STEP][PASSED] - Statement - counter = counter + 1: null

2018-12-11 17:58:30 - [TEST_STEP][PASSED] - Statement - PreSaveFile = new java.io.File(((pathPrefix + java.lang.Integer.toString(counter)) + .png)): null

2018-12-11 17:58:30 - [TEST_STEP][PASSED] - Statement - counter = counter + 1: null

2018-12-11 17:58:30 - [TEST_STEP][PASSED] - Statement - PreSaveFile = new java.io.File(((pathPrefix + java.lang.Integer.toString(counter)) + .png)): null

2018-12-11 17:58:30 - [TEST_STEP][PASSED] - Statement - counter = counter + 1: null

2018-12-11 17:58:30 - [TEST_STEP][PASSED] - Statement - PreSaveFile = new java.io.File(((pathPrefix + java.lang.Integer.toString(counter)) + .png)): null

2018-12-11 17:58:30 - [TEST_STEP][PASSED] - Statement - counter = counter + 1: null

2018-12-11 17:58:30 - [TEST_STEP][PASSED] - Statement - PreSaveFile = new java.io.File(((pathPrefix + java.lang.Integer.toString(counter)) + .png)): null

2018-12-11 17:58:30 - [TEST_STEP][PASSED] - Statement - counter = counter + 1: null

2018-12-11 17:58:30 - [TEST_STEP][PASSED] - Statement - PreSaveFile = new java.io.File(((pathPrefix + java.lang.Integer.toString(counter)) + .png)): null

2018-12-11 17:58:30 - [TEST_STEP][PASSED] - Statement - finalPath = pathPrefix + java.lang.Integer.toString(counter) + ".png": null

2018-12-11 17:58:30 - [TEST_STEP][PASSED] - Statement - SaveFile = new java.io.File(finalPath): null

2018-12-11 17:58:30 - [TEST_STEP][PASSED] - Statement - Try: null

2018-12-11 17:58:30 - [TEST_STEP][PASSED] - Statement - org.apache.commons.io.FileUtils.copyFile(scrFile, SaveFile): null

2018-12-11 17:58:30 - [TEST_STEP][PASSED] - Statement - out.println("file kept"): null

2018-12-11 17:58:30 - [TEST_STEP][PASSED] - delay: Delayed 10 second(s)

2018-12-11 17:58:40 - [MESSAGE][PASSED] - Delayed 10 second(s)

2018-12-11 17:58:40 - [MESSAGE][PASSED] - Call Test Case 'Test Cases/Final Aug 2018 - PKS Automation/Registration Module/New Registration/Submit and Screenshot/Submit Registration and Screenshot - Copy' successfully

2018-12-11 17:58:40 - [TEST_STEP][PASSED] - Statement - UpdateAddNewECode = com.kms.katalon.core.webui.keyword.WebUiBuiltInKeywords.getText(com.kms.katalon.core.testobject.ObjectRepository.findTestObject(Object Repository/Final Object Repo/Page_Update Add New Employee - ASSIST/getEmpCode)): Text of object 'Object Repository/Final Object Repo/Page_Update Add New Employee - ASSIST/getEmpCode' is: 'E1102070766M'

2018-12-11 17:58:40 - [MESSAGE][PASSED] - Text of object 'Object Repository/Final Object Repo/Page_Update Add New Employee - ASSIST/getEmpCode' is: 'E1102070766M'

2018-12-11 17:58:40 - [TEST_STEP][PASSED] - callTestCase: Call Test Case 'Test Cases/Final Aug 2018 - PKS Automation/Common/Emp Code Setter' successfully

2018-12-11 17:58:40 - [TEST_CASE][PASSED] - Test Cases/Final Aug 2018 - PKS Automation/Common/Emp Code Setter: Test Cases/Final Aug 2018 - PKS Automation/Common/Emp Code Setter

2018-12-11 17:58:40 - [TEST_STEP][PASSED] - Statement - EmpCodeOld = new java.io.File(C://Users//Admin//Desktop//PKS//Automation Reference Point//EmpCode.txt): null

2018-12-11 17:58:40 - [TEST_STEP][PASSED] - Statement - EmpCodeOld.delete(): null

2018-12-11 17:58:40 - [TEST_STEP][PASSED] - Statement - EmpCode = new java.io.File(C://Users//Admin//Desktop//PKS//Automation Reference Point//EmpCode.txt): null

2018-12-11 17:58:40 - [TEST_STEP][PASSED] - Statement - f2 = new java.io.FileWriter(EmpCode, false): null

2018-12-11 17:58:40 - [TEST_STEP][PASSED] - Statement - f2.write(UpdateAddNewECode): null

2018-12-11 17:58:40 - [TEST_STEP][PASSED] - Statement - f2.close(): null

2018-12-11 17:58:40 - [TEST_STEP][PASSED] - Statement - out.println("


" + UpdateAddNewECode + "


"): null

2018-12-11 17:58:40 - [MESSAGE][PASSED] - Call Test Case 'Test Cases/Final Aug 2018 - PKS Automation/Common/Emp Code Setter' successfully

2018-12-11 17:58:40 - [MESSAGE][PASSED] - Call Test Case 'Test Cases/Final Aug 2018 - PKS Automation/Registration Module/Workflow/Update Add New Employee/Template/New Company for Update Add New' successfully

2018-12-11 17:58:40 - [TEST_STEP][PASSED] - callTestCase: Call Test Case 'Test Cases/Final Aug 2018 - PKS Automation/Registration Module/Log Out/log out avoiding katalon tagging' successfully

2018-12-11 17:58:40 - [TEST_CASE][PASSED] - Test Cases/Final Aug 2018 - PKS Automation/Registration Module/Log Out/log out avoiding katalon tagging: Test Cases/Final Aug 2018 - PKS Automation/Registration Module/Log Out/log out avoiding katalon tagging

2018-12-11 17:58:40 - [TEST_STEP][PASSED] - navigateToUrl: Navigate to 'https://assist2-uat.perkeso.gov.my/c/portal/logout' successfully

2018-12-11 17:58:41 - [MESSAGE][PASSED] - Navigate to 'https://assist2-uat.perkeso.gov.my/c/portal/logout' successfully

2018-12-11 17:58:41 - [MESSAGE][PASSED] - Call Test Case 'Test Cases/Final Aug 2018 - PKS Automation/Registration Module/Log Out/log out avoiding katalon tagging' successfully

2018-12-11 17:58:41 - [TEST_STEP][PASSED] - callTestCase: Call Test Case 'Test Cases/Final Aug 2018 - PKS Automation/Registration Module/New Registration/Form 2/Date Updater' successfully

2018-12-11 17:58:41 - [TEST_CASE][PASSED] - Test Cases/Final Aug 2018 - PKS Automation/Registration Module/New Registration/Form 2/Date Updater: Test Cases/Final Aug 2018 - PKS Automation/Registration Module/New Registration/Form 2/Date Updater

2018-12-11 17:58:41 - [TEST_STEP][PASSED] - Statement - TodayDate = new java.util.Date(): null

2018-12-11 17:58:41 - [TEST_STEP][PASSED] - Statement - CurrentDateNoFilter = new java.text.SimpleDateFormat(): null

2018-12-11 17:58:41 - [TEST_STEP][PASSED] - Statement - CurrentDateNoFilter.applyPattern("MM"): null

2018-12-11 17:58:41 - [TEST_STEP][PASSED] - Statement - monthContainerMatcher = java.lang.Integer.parseInt(CurrentDateNoFilter.format(TodayDate)): null

2018-12-11 17:58:41 - [TEST_STEP][PASSED] - Statement - monthContainerMatcher = monthContainerMatcher - 1: null

2018-12-11 17:58:41 - [TEST_STEP][PASSED] - Statement - CurrentMonth = monthContainerMatcher.toString(): null

2018-12-11 17:58:41 - [TEST_STEP][PASSED] - Statement - CurrentMonth = CurrentMonth: null

2018-12-11 17:58:41 - [TEST_STEP][PASSED] - Statement - CurrentDateNoFilter.applyPattern("yyyy"): null

2018-12-11 17:58:41 - [TEST_STEP][PASSED] - Statement - CurrentYear = CurrentDateNoFilter.format(TodayDate): null

2018-12-11 17:58:41 - [TEST_STEP][PASSED] - Statement - CurrentYear = CurrentYear: null

2018-12-11 17:58:41 - [TEST_STEP][PASSED] - Statement - intCurrentYear = java.lang.Integer.parseInt(CurrentDateNoFilter.format(TodayDate)): null

2018-12-11 17:58:41 - [TEST_STEP][PASSED] - Statement - eighteenYrsAgo = intCurrentYear - 18: null

2018-12-11 17:58:41 - [TEST_STEP][PASSED] - Statement - eighteenYrsBeforeThisYr = eighteenYrsAgo.toString(): null

2018-12-11 17:58:41 - [TEST_STEP][PASSED] - Statement - EighteenYrsBefore = eighteenYrsBeforeThisYr: null

2018-12-11 17:58:41 - [TEST_STEP][PASSED] - Statement - fiftysevenYrsAgo = intCurrentYear - 57: null

2018-12-11 17:58:41 - [TEST_STEP][PASSED] - Statement - fiftysevenYrsBeforeThisYr = fiftysevenYrsAgo.toString(): null

2018-12-11 17:58:41 - [TEST_STEP][PASSED] - Statement - FiftysevenYrsBefore = fiftysevenYrsBeforeThisYr: null

2018-12-11 17:58:41 - [TEST_STEP][PASSED] - Statement - leapYear = false: null

2018-12-11 17:58:41 - [TEST_STEP][PASSED] - Statement - leapYear = intCurrentYear % 4 == 0: null

2018-12-11 17:58:41 - [TEST_STEP][PASSED] - Statement - CurrentDateNoFilter.applyPattern("dd"): null

2018-12-11 17:58:41 - [TEST_STEP][PASSED] - Statement - CurrentDate = CurrentDateNoFilter.format(TodayDate): null

2018-12-11 17:58:41 - [TEST_STEP][PASSED] - Statement - CurrentDate = java.lang.Integer.parseInt(CurrentDate): null

2018-12-11 17:58:41 - [TEST_STEP][PASSED] - Statement - CurrentDate = CurrentDate: null

2018-12-11 17:58:41 - [TEST_STEP][PASSED] - Statement - CurrentDay = java.lang.Integer.parseInt(CurrentDate): null

2018-12-11 17:58:41 - [TEST_STEP][PASSED] - Statement - ConfAdder = <not implemented yet for class: org.codehaus.groovy.ast.expr.EmptyExpression>: null

2018-12-11 17:58:41 - [TEST_STEP][PASSED] - Statement - out.println(CurrentMonth): null

2018-12-11 17:58:41 - [TEST_STEP][PASSED] - Statement - out.println(CurrentDate): null

2018-12-11 17:58:41 - [TEST_STEP][PASSED] - Statement - switch (CurrentDate): null

2018-12-11 17:58:41 - [TEST_STEP][PASSED] - Statement - Default: null

2018-12-11 17:58:41 - [TEST_STEP][PASSED] - Statement - ConfAdder = true: null

2018-12-11 17:58:41 - [TEST_STEP][PASSED] - Statement - Break: null

2018-12-11 17:58:41 - [TEST_STEP][PASSED] - Statement - aDayBefore = <not implemented yet for class: org.codehaus.groovy.ast.expr.EmptyExpression>: null

2018-12-11 17:58:41 - [TEST_STEP][PASSED] - Statement - out.println(ConfAdder): null

2018-12-11 17:58:41 - [TEST_STEP][PASSED] - Statement - If (ConfAdder == true): null

2018-12-11 17:58:41 - [TEST_STEP][PASSED] - Statement - aDayBefore = CurrentDay + 1: null

2018-12-11 17:58:41 - [TEST_STEP][PASSED] - Statement - out.println(aDayBefore): null

2018-12-11 17:58:41 - [TEST_STEP][PASSED] - Statement - If (aDayBefore == 1 && CurrentMonth == 11): null

2018-12-11 17:58:41 - [TEST_STEP][PASSED] - Statement - DayBefore = aDayBefore.toString(): null

2018-12-11 17:58:41 - [TEST_STEP][PASSED] - Statement - OneDayBefore = DayBefore: null

2018-12-11 17:58:41 - [MESSAGE][PASSED] - Call Test Case 'Test Cases/Final Aug 2018 - PKS Automation/Registration Module/New Registration/Form 2/Date Updater' successfully

2018-12-11 17:58:41 - [TEST_STEP][PASSED] - delay: Delayed 2 second(s)

2018-12-11 17:58:43 - [MESSAGE][PASSED] - Delayed 2 second(s)

2018-12-11 17:58:43 - [TEST_STEP][PASSED] - setText: Text 'klotc2@gmail.com' is set on object 'Object Repository/Final Object Repo/Page_Update Add New Employee - ASSIST/Email TextBox'

2018-12-11 17:58:44 - [MESSAGE][PASSED] - Text 'klotc2@gmail.com' is set on object 'Object Repository/Final Object Repo/Page_Update Add New Employee - ASSIST/Email TextBox'

2018-12-11 17:58:44 - [TEST_STEP][PASSED] - click: Object: 'Object Repository/Final Object Repo/Page_Update Add New Employee - ASSIST/Next Button' is clicked on

2018-12-11 17:58:44 - [MESSAGE][PASSED] - Object: 'Object Repository/Final Object Repo/Page_Update Add New Employee - ASSIST/Next Button' is clicked on

2018-12-11 17:58:44 - [TEST_STEP][PASSED] - delay: Delayed 2 second(s)

2018-12-11 17:58:46 - [MESSAGE][PASSED] - Delayed 2 second(s)

2018-12-11 17:58:46 - [TEST_STEP][PASSED] - setText: Text 'Test1@3456789' is set on object 'Object Repository/Final Object Repo/Page_Update Add New Employee - ASSIST/Password TextBox'

2018-12-11 17:58:46 - [MESSAGE][PASSED] - Text 'Test1@3456789' is set on object 'Object Repository/Final Object Repo/Page_Update Add New Employee - ASSIST/Password TextBox'

2018-12-11 17:58:46 - [TEST_STEP][PASSED] - delay: Delayed 2 second(s)

2018-12-11 17:58:48 - [MESSAGE][PASSED] - Delayed 2 second(s)

2018-12-11 17:58:48 - [TEST_STEP][PASSED] - click: Object: 'Object Repository/Final Object Repo/Page_Update Add New Employee - ASSIST/Login Button' is clicked on

2018-12-11 17:58:48 - [MESSAGE][PASSED] - Object: 'Object Repository/Final Object Repo/Page_Update Add New Employee - ASSIST/Login Button' is clicked on

2018-12-11 17:58:48 - [TEST_STEP][PASSED] - delay: Delayed 4 second(s)

2018-12-11 17:58:52 - [MESSAGE][PASSED] - Delayed 4 second(s)

2018-12-11 17:58:52 - [TEST_STEP][PASSED] - Statement - Try: Delayed 2 second(s)

2018-12-11 17:58:52 - [TEST_STEP][PASSED] - Statement - Checker = false: null

2018-12-11 17:58:52 - [TEST_STEP][PASSED] - Statement - Checker = com.kms.katalon.core.webui.keyword.WebUiBuiltInKeywords.verifyElementHasAttribute(com.kms.katalon.core.testobject.ObjectRepository.findTestObject(Final Object Repo/Landing Page/BM Detecting), "href", 20, OPTIONAL): Object 'Object Repository/Final Object Repo/Landing Page/BM Detecting' has attribute 'href'

2018-12-11 17:58:52 - [MESSAGE][PASSED] - Object 'Object Repository/Final Object Repo/Landing Page/BM Detecting' has attribute 'href'

2018-12-11 17:58:52 - [TEST_STEP][PASSED] - Statement - out.println(Checker): null

2018-12-11 17:58:52 - [TEST_STEP][PASSED] - Statement - If (Checker == false): null

2018-12-11 17:58:52 - [TEST_STEP][PASSED] - Statement - Else: null

2018-12-11 17:58:52 - [TEST_STEP][PASSED] - delay: Delayed 2 second(s)

2018-12-11 17:58:54 - [MESSAGE][PASSED] - Delayed 2 second(s)

2018-12-11 17:58:54 - [TEST_STEP][PASSED] - delay: Delayed 4 second(s)

2018-12-11 17:58:58 - [MESSAGE][PASSED] - Delayed 4 second(s)

2018-12-11 17:58:58 - [TEST_STEP][PASSED] - click: Object: 'Object Repository/Final Object Repo/Page_Update Add New Employee - ASSIST/My Sites Drop Down' is clicked on

2018-12-11 17:58:59 - [MESSAGE][PASSED] - Object: 'Object Repository/Final Object Repo/Page_Update Add New Employee - ASSIST/My Sites Drop Down' is clicked on

2018-12-11 17:58:59 - [TEST_STEP][PASSED] - click: Object: 'Object Repository/Final Object Repo/Page_Update Add New Employee - ASSIST/Select to Registration Module' is clicked on

2018-12-11 17:58:59 - [MESSAGE][PASSED] - Object: 'Object Repository/Final Object Repo/Page_Update Add New Employee - ASSIST/Select to Registration Module' is clicked on

2018-12-11 17:58:59 - [TEST_STEP][PASSED] - navigateToUrl: Navigate to 'https://assist2-uat.perkeso.gov.my/web/registration/myassist' successfully

2018-12-11 17:59:00 - [MESSAGE][PASSED] - Navigate to 'https://assist2-uat.perkeso.gov.my/web/registration/myassist' successfully

2018-12-11 17:59:00 - [TEST_STEP][PASSED] - mouseOver: Object: 'Object Repository/Final Object Repo/Page_Update Add New Employee - ASSIST/Select to Update Akta 4 Tab' is hovered

2018-12-11 17:59:00 - [MESSAGE][PASSED] - Object: 'Object Repository/Final Object Repo/Page_Update Add New Employee - ASSIST/Select to Update Akta 4 Tab' is hovered

2018-12-11 17:59:00 - [TEST_STEP][PASSED] - delay: Delayed 2 second(s)

2018-12-11 17:59:02 - [MESSAGE][PASSED] - Delayed 2 second(s)

2018-12-11 17:59:02 - [TEST_STEP][PASSED] - click: Object: 'Object Repository/Final Object Repo/Page_Update Add New Employee - ASSIST/Select to Update Add New Employee' is clicked on

2018-12-11 17:59:03 - [MESSAGE][PASSED] - Object: 'Object Repository/Final Object Repo/Page_Update Add New Employee - ASSIST/Select to Update Add New Employee' is clicked on

2018-12-11 17:59:03 - [TEST_STEP][PASSED] - delay: Delayed 2 second(s)

2018-12-11 17:59:05 - [MESSAGE][PASSED] - Delayed 2 second(s)

2018-12-11 17:59:05 - [TEST_STEP][PASSED] - setText: Text 'E1102070766M' is set on object 'Object Repository/Final Object Repo/Page_Update Add New Employee - ASSIST/Employer Code input textbox'

2018-12-11 17:59:05 - [MESSAGE][PASSED] - Text 'E1102070766M' is set on object 'Object Repository/Final Object Repo/Page_Update Add New Employee - ASSIST/Employer Code input textbox'

2018-12-11 17:59:05 - [TEST_STEP][PASSED] - delay: Delayed 2 second(s)

2018-12-11 17:59:07 - [MESSAGE][PASSED] - Delayed 2 second(s)

2018-12-11 17:59:07 - [TEST_STEP][PASSED] - click: Object: 'Object Repository/Final Object Repo/Page_Update Add New Employee - ASSIST/Search Button for Employer Code' is clicked on

2018-12-11 17:59:07 - [MESSAGE][PASSED] - Object: 'Object Repository/Final Object Repo/Page_Update Add New Employee - ASSIST/Search Button for Employer Code' is clicked on

2018-12-11 17:59:07 - [TEST_STEP][PASSED] - delay: Delayed 4 second(s)

2018-12-11 17:59:11 - [MESSAGE][PASSED] - Delayed 4 second(s)

2018-12-11 17:59:11 - [TEST_STEP][PASSED] - click: Object: 'Object Repository/Final Object Repo/Page_Update Add New Employee - ASSIST/Click to Edit Case' is clicked on

2018-12-11 17:59:13 - [MESSAGE][PASSED] - Object: 'Object Repository/Final Object Repo/Page_Update Add New Employee - ASSIST/Click to Edit Case' is clicked on

2018-12-11 17:59:13 - [TEST_STEP][PASSED] - delay: Delayed 2 second(s)

2018-12-11 17:59:15 - [MESSAGE][PASSED] - Delayed 2 second(s)

2018-12-11 17:59:15 - [TEST_STEP][PASSED] - callTestCase: Call Test Case 'Test Cases/Final Aug 2018 - PKS Automation/Registration Module/Workflow/Update Add New Employee/Template/Employee Adding/Employee Set Decider' successfully

2018-12-11 17:59:15 - [TEST_CASE][PASSED] - Test Cases/Final Aug 2018 - PKS Automation/Registration Module/Workflow/Update Add New Employee/Template/Employee Adding/Employee Set Decider: Test Cases/Final Aug 2018 - PKS Automation/Registration Module/Workflow/Update Add New Employee/Template/Employee Adding/Employee Set Decider

2018-12-11 17:59:15 - [TEST_STEP][PASSED] - delay: Delayed 4 second(s)

2018-12-11 17:59:19 - [MESSAGE][PASSED] - Delayed 4 second(s)

2018-12-11 17:59:19 - [TEST_STEP][PASSED] - click: Object: 'Object Repository/Final Object Repo/Page_Update Add New Employee - ASSIST/Add Employee Button' is clicked on

2018-12-11 17:59:20 - [MESSAGE][PASSED] - Object: 'Object Repository/Final Object Repo/Page_Update Add New Employee - ASSIST/Add Employee Button' is clicked on

2018-12-11 17:59:20 - [TEST_STEP][PASSED] - delay: Delayed 3 second(s)

2018-12-11 17:59:23 - [MESSAGE][PASSED] - Delayed 3 second(s)

2018-12-11 17:59:23 - [TEST_STEP][PASSED] - setText: Text '010903091920' is set on object 'Object Repository/Final Object Repo/Page_Update Add New Employee - ASSIST/NRIC Input'

2018-12-11 17:59:23 - [MESSAGE][PASSED] - Text '010903091920' is set on object 'Object Repository/Final Object Repo/Page_Update Add New Employee - ASSIST/NRIC Input'

2018-12-11 17:59:23 - [TEST_STEP][PASSED] - click: Object: 'Object Repository/Final Object Repo/Page_Update Add New Employee - ASSIST/button for search for IC' is clicked on

2018-12-11 17:59:23 - [MESSAGE][PASSED] - Object: 'Object Repository/Final Object Repo/Page_Update Add New Employee - ASSIST/button for search for IC' is clicked on

2018-12-11 17:59:23 - [TEST_STEP][PASSED] - delay: Delayed 2 second(s)

2018-12-11 17:59:25 - [MESSAGE][PASSED] - Delayed 2 second(s)

2018-12-11 17:59:25 - [TEST_STEP][PASSED] - sendKeys: Keys 'CONTROL + a' sent to object: 'Object Repository/Final Object Repo/Page_Update Add New Employee - ASSIST/Employee Name Input'

2018-12-11 17:59:25 - [MESSAGE][PASSED] - Keys 'CONTROL + a' sent to object: 'Object Repository/Final Object Repo/Page_Update Add New Employee - ASSIST/Employee Name Input'

2018-12-11 17:59:25 - [TEST_STEP][PASSED] - sendKeys: Keys 'CONTROL + c' sent to object: 'Object Repository/Final Object Repo/Page_Update Add New Employee - ASSIST/Employee Name Input'

2018-12-11 17:59:25 - [MESSAGE][PASSED] - Keys 'CONTROL + c' sent to object: 'Object Repository/Final Object Repo/Page_Update Add New Employee - ASSIST/Employee Name Input'

2018-12-11 17:59:25 - [TEST_STEP][PASSED] - Statement - toolkit = java.awt.Toolkit.getDefaultToolkit(): null

2018-12-11 17:59:25 - [TEST_STEP][PASSED] - Statement - clipboard = toolkit.getSystemClipboard(): null

2018-12-11 17:59:25 - [TEST_STEP][PASSED] - Statement - CurrentName = clipboard.getData(stringFlavor): null

2018-12-11 17:59:25 - [TEST_STEP][PASSED] - Statement - out.println("String from Clipboard:" + CurrentName): null

2018-12-11 17:59:25 - [TEST_STEP][PASSED] - Statement - If (CurrentName == "AUTOMATE002 ELIGIBLE 1"): Call Test Case 'Test Cases/Final Aug 2018 - PKS Automation/Registration Module/Workflow/Update Add New Employee/Template/Employee Adding/Employee Adding Action Repeat IC - set 1' successfully

2018-12-11 17:59:25 - [TEST_STEP][PASSED] - callTestCase: Call Test Case 'Test Cases/Final Aug 2018 - PKS Automation/Registration Module/Workflow/Update Add New Employee/Template/Employee Adding/Employee Adding Action Repeat IC - set 1' successfully

2018-12-11 17:59:25 - [TEST_CASE][PASSED] - Test Cases/Final Aug 2018 - PKS Automation/Registration Module/Workflow/Update Add New Employee/Template/Employee Adding/Employee Adding Action Repeat IC - set 1: Test Cases/Final Aug 2018 - PKS Automation/Registration Module/Workflow/Update Add New Employee/Template/Employee Adding/Employee Adding Action Repeat IC - set 1

2018-12-11 17:59:25 - [TEST_STEP][PASSED] - setText: Text 'Automate003 eligible 1' is set on object 'Object Repository/Final Object Repo/Page_Update Add New Employee - ASSIST/Employee Name Input'

2018-12-11 17:59:26 - [MESSAGE][PASSED] - Text 'Automate003 eligible 1' is set on object 'Object Repository/Final Object Repo/Page_Update Add New Employee - ASSIST/Employee Name Input'

2018-12-11 17:59:26 - [TEST_STEP][PASSED] - delay: Delayed 2 second(s)

2018-12-11 17:59:28 - [MESSAGE][PASSED] - Delayed 2 second(s)

2018-12-11 17:59:28 - [TEST_STEP][PASSED] - click: Object: 'Object Repository/Final Object Repo/Page_Update Add New Employee - ASSIST/DatePicker Pop Up' is clicked on

2018-12-11 17:59:28 - [MESSAGE][PASSED] - Object: 'Object Repository/Final Object Repo/Page_Update Add New Employee - ASSIST/DatePicker Pop Up' is clicked on

2018-12-11 17:59:28 - [TEST_STEP][PASSED] - click: Object: 'Object Repository/Final Object Repo/Page_Update Add New Employee - ASSIST/DOB Month' is clicked on

2018-12-11 17:59:28 - [MESSAGE][PASSED] - Object: 'Object Repository/Final Object Repo/Page_Update Add New Employee - ASSIST/DOB Month' is clicked on

2018-12-11 17:59:28 - [TEST_STEP][PASSED] - Statement - CurrentMonth = CurrentMonth: null

2018-12-11 17:59:28 - [TEST_STEP][PASSED] - Statement - selectMonth = new com.kms.katalon.core.testobject.TestObject(): null

2018-12-11 17:59:28 - [TEST_STEP][PASSED] - Statement - selectMonth.addProperty("xpath", EQUALS, "//body/div/div/div/select/option[@value='" + CurrentMonth + "']", true): null

2018-12-11 17:59:28 - [TEST_STEP][PASSED] - click: Object: '' is clicked on

2018-12-11 17:59:28 - [MESSAGE][PASSED] - Object: '' is clicked on

2018-12-11 17:59:28 - [TEST_STEP][PASSED] - click: Object: 'Object Repository/Final Object Repo/Page_Update Add New Employee - ASSIST/DOB Year' is clicked on

2018-12-11 17:59:29 - [MESSAGE][PASSED] - Object: 'Object Repository/Final Object Repo/Page_Update Add New Employee - ASSIST/DOB Year' is clicked on

2018-12-11 17:59:29 - [TEST_STEP][PASSED] - Statement - Eyearsbf = EighteenYrsBefore: null

2018-12-11 17:59:29 - [TEST_STEP][PASSED] - Statement - selectYear = new com.kms.katalon.core.testobject.TestObject(): null

2018-12-11 17:59:29 - [TEST_STEP][PASSED] - Statement - selectYear.addProperty("xpath", EQUALS, "//div/div/div/select/option[@value='" + Eyearsbf + "']", true): null

2018-12-11 17:59:29 - [TEST_STEP][PASSED] - click: Object: '' is clicked on

2018-12-11 17:59:29 - [MESSAGE][PASSED] - Object: '' is clicked on

2018-12-11 17:59:29 - [TEST_STEP][PASSED] - Statement - UpdatedSelectDate = com.kms.katalon.core.webui.keyword.WebUiBuiltInKeywords.modifyObjectProperty(com.kms.katalon.core.testobject.ObjectRepository.findTestObject(Final Object Repo/Page_Update Add New Employee - ASSIST/DOB Date), "xpath", "equals", "//body/div/table/tbody/tr/td/a[text()="" + CurrentDate + ""]", true): Modify property of object successfully

2018-12-11 17:59:29 - [MESSAGE][PASSED] - Modify property of object successfully

2018-12-11 17:59:29 - [TEST_STEP][PASSED] - delay: Delayed 3 second(s)

2018-12-11 17:59:32 - [MESSAGE][PASSED] - Delayed 3 second(s)

2018-12-11 17:59:32 - [TEST_STEP][PASSED] - click: Object: 'Object Repository/Final Object Repo/Page_Update Add New Employee - ASSIST/DOB Date' is clicked on

2018-12-11 17:59:32 - [MESSAGE][PASSED] - Object: 'Object Repository/Final Object Repo/Page_Update Add New Employee - ASSIST/DOB Date' is clicked on

2018-12-11 17:59:32 - [TEST_STEP][PASSED] - delay: Delayed 2 second(s)

2018-12-11 17:59:34 - [MESSAGE][PASSED] - Delayed 2 second(s)

2018-12-11 17:59:34 - [TEST_STEP][PASSED] - click: Object: 'Object Repository/Final Object Repo/Page_Update Add New Employee - ASSIST/EmploymentStartDate Pop Up' is clicked on

2018-12-11 17:59:34 - [MESSAGE][PASSED] - Object: 'Object Repository/Final Object Repo/Page_Update Add New Employee - ASSIST/EmploymentStartDate Pop Up' is clicked on

2018-12-11 17:59:34 - [TEST_STEP][PASSED] - delay: Delayed 2 second(s)

2018-12-11 17:59:36 - [MESSAGE][PASSED] - Delayed 2 second(s)

2018-12-11 17:59:36 - [TEST_STEP][PASSED] - click: Object: 'Object Repository/Final Object Repo/Page_Update Add New Employee - ASSIST/Socso Employment StartDate Month' is clicked on

2018-12-11 17:59:36 - [MESSAGE][PASSED] - Object: 'Object Repository/Final Object Repo/Page_Update Add New Employee - ASSIST/Socso Employment StartDate Month' is clicked on

2018-12-11 17:59:36 - [TEST_STEP][PASSED] - delay: Delayed 1 second(s)

2018-12-11 17:59:37 - [MESSAGE][PASSED] - Delayed 1 second(s)

2018-12-11 17:59:37 - [TEST_STEP][PASSED] - click: Object: 'Object Repository/Final Object Repo/Page_Update Add New Employee - ASSIST/Select Socso Employement Startdate Month' is clicked on

2018-12-11 17:59:37 - [MESSAGE][PASSED] - Object: 'Object Repository/Final Object Repo/Page_Update Add New Employee - ASSIST/Select Socso Employement Startdate Month' is clicked on

2018-12-11 17:59:37 - [TEST_STEP][PASSED] - delay: Delayed 2 second(s)

2018-12-11 17:59:39 - [MESSAGE][PASSED] - Delayed 2 second(s)

2018-12-11 17:59:39 - [TEST_STEP][PASSED] - click: Object: 'Object Repository/Final Object Repo/Page_Update Add New Employee - ASSIST/Socso Employment StartDate Year' is clicked on

2018-12-11 17:59:40 - [MESSAGE][PASSED] - Object: 'Object Repository/Final Object Repo/Page_Update Add New Employee - ASSIST/Socso Employment StartDate Year' is clicked on

2018-12-11 17:59:40 - [TEST_STEP][PASSED] - delay: Delayed 1 second(s)

2018-12-11 17:59:41 - [MESSAGE][PASSED] - Delayed 1 second(s)

2018-12-11 17:59:41 - [TEST_STEP][PASSED] - click: Object: 'Object Repository/Final Object Repo/Page_Update Add New Employee - ASSIST/Select Socso Employment Startdate Year' is clicked on

2018-12-11 17:59:41 - [MESSAGE][PASSED] - Object: 'Object Repository/Final Object Repo/Page_Update Add New Employee - ASSIST/Select Socso Employment Startdate Year' is clicked on

2018-12-11 17:59:41 - [TEST_STEP][PASSED] - delay: Delayed 2 second(s)

2018-12-11 17:59:43 - [MESSAGE][PASSED] - Delayed 2 second(s)

2018-12-11 17:59:43 - [TEST_STEP][PASSED] - click: Object: 'Object Repository/Final Object Repo/Page_Update Add New Employee - ASSIST/Socso Employment Start Date Day' is clicked on

2018-12-11 17:59:43 - [MESSAGE][PASSED] - Object: 'Object Repository/Final Object Repo/Page_Update Add New Employee - ASSIST/Socso Employment Start Date Day' is clicked on

2018-12-11 17:59:43 - [TEST_STEP][PASSED] - delay: Delayed 2 second(s)

2018-12-11 17:59:45 - [MESSAGE][PASSED] - Delayed 2 second(s)

2018-12-11 17:59:45 - [TEST_STEP][PASSED] - click: Object: 'Object Repository/Final Object Repo/Page_Update Add New Employee - ASSIST/Save Button for Add Employee' is clicked on

2018-12-11 17:59:45 - [MESSAGE][PASSED] - Object: 'Object Repository/Final Object Repo/Page_Update Add New Employee - ASSIST/Save Button for Add Employee' is clicked on

2018-12-11 17:59:45 - [TEST_STEP][PASSED] - delay: Delayed 6 second(s)

2018-12-11 17:59:51 - [MESSAGE][PASSED] - Delayed 6 second(s)

2018-12-11 17:59:51 - [TEST_STEP][PASSED] - click: Object: 'Object Repository/Final Object Repo/Page_Update Add New Employee - ASSIST/Add Employee Button' is clicked on

2018-12-11 17:59:51 - [MESSAGE][PASSED] - Object: 'Object Repository/Final Object Repo/Page_Update Add New Employee - ASSIST/Add Employee Button' is clicked on

2018-12-11 17:59:51 - [TEST_STEP][PASSED] - delay: Delayed 4 second(s)

2018-12-11 17:59:55 - [MESSAGE][PASSED] - Delayed 4 second(s)

2018-12-11 17:59:55 - [TEST_STEP][PASSED] - setText: Text '620904059600' is set on object 'Object Repository/Final Object Repo/Page_Update Add New Employee - ASSIST/NRIC Input'

2018-12-11 17:59:56 - [MESSAGE][PASSED] - Text '620904059600' is set on object 'Object Repository/Final Object Repo/Page_Update Add New Employee - ASSIST/NRIC Input'

2018-12-11 17:59:56 - [TEST_STEP][PASSED] - click: Object: 'Object Repository/Final Object Repo/Page_Update Add New Employee - ASSIST/button for search for IC' is clicked on

2018-12-11 17:59:56 - [MESSAGE][PASSED] - Object: 'Object Repository/Final Object Repo/Page_Update Add New Employee - ASSIST/button for search for IC' is clicked on

2018-12-11 17:59:56 - [TEST_STEP][PASSED] - delay: Delayed 2 second(s)

2018-12-11 17:59:58 - [MESSAGE][PASSED] - Delayed 2 second(s)

2018-12-11 17:59:58 - [TEST_STEP][PASSED] - setText: Text 'Automate003 eligible 2' is set on object 'Object Repository/Final Object Repo/Page_Update Add New Employee - ASSIST/Employee Name Input'

2018-12-11 17:59:58 - [MESSAGE][PASSED] - Text 'Automate003 eligible 2' is set on object 'Object Repository/Final Object Repo/Page_Update Add New Employee - ASSIST/Employee Name Input'

2018-12-11 17:59:58 - [TEST_STEP][PASSED] - delay: Delayed 2 second(s)

2018-12-11 18:00:00 - [MESSAGE][PASSED] - Delayed 2 second(s)

2018-12-11 18:00:00 - [TEST_STEP][PASSED] - click: Object: 'Object Repository/Final Object Repo/Page_Update Add New Employee - ASSIST/DatePicker Pop Up' is clicked on

2018-12-11 18:00:01 - [MESSAGE][PASSED] - Object: 'Object Repository/Final Object Repo/Page_Update Add New Employee - ASSIST/DatePicker Pop Up' is clicked on

2018-12-11 18:00:01 - [TEST_STEP][PASSED] - delay: Delayed 2 second(s)

2018-12-11 18:00:03 - [MESSAGE][PASSED] - Delayed 2 second(s)

2018-12-11 18:00:03 - [TEST_STEP][PASSED] - click: Object: 'Object Repository/Final Object Repo/Page_Update Add New Employee - ASSIST/DOB Month' is clicked on

2018-12-11 18:00:03 - [MESSAGE][PASSED] - Object: 'Object Repository/Final Object Repo/Page_Update Add New Employee - ASSIST/DOB Month' is clicked on

2018-12-11 18:00:03 - [TEST_STEP][PASSED] - Statement - selectMonth = com.kms.katalon.core.webui.keyword.WebUiBuiltInKeywords.modifyObjectProperty(selectMonth, "xpath", "equals", "//body/div/div/div/select/option[@value="" + CurrentMonth + ""]", true): Modify property of object successfully

2018-12-11 18:00:03 - [MESSAGE][PASSED] - Modify property of object successfully

2018-12-11 18:00:03 - [TEST_STEP][PASSED] - click: Object: '' is clicked on

2018-12-11 18:00:03 - [MESSAGE][PASSED] - Object: '' is clicked on

2018-12-11 18:00:03 - [TEST_STEP][PASSED] - click: Object: 'Object Repository/Final Object Repo/Page_Update Add New Employee - ASSIST/DOB Year' is clicked on

2018-12-11 18:00:03 - [MESSAGE][PASSED] - Object: 'Object Repository/Final Object Repo/Page_Update Add New Employee - ASSIST/DOB Year' is clicked on

2018-12-11 18:00:03 - [TEST_STEP][PASSED] - Statement - selectYear = com.kms.katalon.core.webui.keyword.WebUiBuiltInKeywords.modifyObjectProperty(selectYear, "xpath", "equals", "//div/div/div/select/option[@value="" + FiftysevenYrsBefore + ""]", true): Modify property of object successfully

2018-12-11 18:00:03 - [MESSAGE][PASSED] - Modify property of object successfully

2018-12-11 18:00:03 - [TEST_STEP][PASSED] - click: Object: '' is clicked on

2018-12-11 18:00:03 - [MESSAGE][PASSED] - Object: '' is clicked on

2018-12-11 18:00:03 - [TEST_STEP][PASSED] - Statement - UpdatedSelectDate = com.kms.katalon.core.webui.keyword.WebUiBuiltInKeywords.modifyObjectProperty(com.kms.katalon.core.testobject.ObjectRepository.findTestObject(Final Object Repo/Page_Update Add New Employee - ASSIST/DOB Date), "xpath", "equals", "//body/div/table/tbody/tr/td/a[text()="" + OneDayBefore + ""]", true): Modify property of object successfully

2018-12-11 18:00:03 - [MESSAGE][PASSED] - Modify property of object successfully

2018-12-11 18:00:03 - [TEST_STEP][PASSED] - click: Object: 'Object Repository/Final Object Repo/Page_Update Add New Employee - ASSIST/DOB Date' is clicked on

2018-12-11 18:00:03 - [MESSAGE][PASSED] - Object: 'Object Repository/Final Object Repo/Page_Update Add New Employee - ASSIST/DOB Date' is clicked on

2018-12-11 18:00:03 - [TEST_STEP][PASSED] - delay: Delayed 2 second(s)

2018-12-11 18:00:05 - [MESSAGE][PASSED] - Delayed 2 second(s)

2018-12-11 18:00:05 - [TEST_STEP][PASSED] - click: Object: 'Object Repository/Final Object Repo/Page_Update Add New Employee - ASSIST/EmploymentStartDate Pop Up' is clicked on

2018-12-11 18:00:06 - [MESSAGE][PASSED] - Object: 'Object Repository/Final Object Repo/Page_Update Add New Employee - ASSIST/EmploymentStartDate Pop Up' is clicked on

2018-12-11 18:00:06 - [TEST_STEP][PASSED] - delay: Delayed 2 second(s)

2018-12-11 18:00:08 - [MESSAGE][PASSED] - Delayed 2 second(s)

2018-12-11 18:00:08 - [TEST_STEP][PASSED] - click: Object: 'Object Repository/Final Object Repo/Page_Update Add New Employee - ASSIST/Socso Employment StartDate Month' is clicked on

2018-12-11 18:00:08 - [MESSAGE][PASSED] - Object: 'Object Repository/Final Object Repo/Page_Update Add New Employee - ASSIST/Socso Employment StartDate Month' is clicked on

2018-12-11 18:00:08 - [TEST_STEP][PASSED] - delay: Delayed 1 second(s)

2018-12-11 18:00:09 - [MESSAGE][PASSED] - Delayed 1 second(s)

2018-12-11 18:00:09 - [TEST_STEP][PASSED] - click: Object: 'Object Repository/Final Object Repo/Page_Update Add New Employee - ASSIST/Select Socso Employement Startdate Month' is clicked on

2018-12-11 18:00:09 - [MESSAGE][PASSED] - Object: 'Object Repository/Final Object Repo/Page_Update Add New Employee - ASSIST/Select Socso Employement Startdate Month' is clicked on

2018-12-11 18:00:09 - [TEST_STEP][PASSED] - delay: Delayed 2 second(s)

2018-12-11 18:00:11 - [MESSAGE][PASSED] - Delayed 2 second(s)

2018-12-11 18:00:11 - [TEST_STEP][PASSED] - click: Object: 'Object Repository/Final Object Repo/Page_Update Add New Employee - ASSIST/Socso Employment StartDate Year' is clicked on

2018-12-11 18:00:11 - [MESSAGE][PASSED] - Object: 'Object Repository/Final Object Repo/Page_Update Add New Employee - ASSIST/Socso Employment StartDate Year' is clicked on

2018-12-11 18:00:11 - [TEST_STEP][PASSED] - delay: Delayed 1 second(s)

2018-12-11 18:00:12 - [MESSAGE][PASSED] - Delayed 1 second(s)

2018-12-11 18:00:12 - [TEST_STEP][PASSED] - click: Object: 'Object Repository/Final Object Repo/Page_Update Add New Employee - ASSIST/Select Socso Employment Startdate Year' is clicked on

2018-12-11 18:00:12 - [MESSAGE][PASSED] - Object: 'Object Repository/Final Object Repo/Page_Update Add New Employee - ASSIST/Select Socso Employment Startdate Year' is clicked on

2018-12-11 18:00:12 - [TEST_STEP][PASSED] - delay: Delayed 2 second(s)

2018-12-11 18:00:14 - [MESSAGE][PASSED] - Delayed 2 second(s)

2018-12-11 18:00:14 - [TEST_STEP][PASSED] - click: Object: 'Object Repository/Final Object Repo/Page_Update Add New Employee - ASSIST/Socso Employment Start Date Day' is clicked on

2018-12-11 18:00:14 - [MESSAGE][PASSED] - Object: 'Object Repository/Final Object Repo/Page_Update Add New Employee - ASSIST/Socso Employment Start Date Day' is clicked on

2018-12-11 18:00:14 - [TEST_STEP][PASSED] - delay: Delayed 2 second(s)

2018-12-11 18:00:16 - [MESSAGE][PASSED] - Delayed 2 second(s)

2018-12-11 18:00:16 - [TEST_STEP][PASSED] - click: Object: 'Object Repository/Final Object Repo/Page_Update Add New Employee - ASSIST/Save Button for Add Employee' is clicked on

2018-12-11 18:00:16 - [MESSAGE][PASSED] - Object: 'Object Repository/Final Object Repo/Page_Update Add New Employee - ASSIST/Save Button for Add Employee' is clicked on

2018-12-11 18:00:16 - [TEST_STEP][PASSED] - delay: Delayed 10 second(s)

2018-12-11 18:00:26 - [MESSAGE][PASSED] - Delayed 10 second(s)

2018-12-11 18:00:26 - [TEST_STEP][PASSED] - waitForElementClickable: Object 'Object Repository/Final Object Repo/Page_Update Add New Employee - ASSIST/Add Employee Button' is clickable

2018-12-11 18:00:27 - [MESSAGE][PASSED] - Object 'Object Repository/Final Object Repo/Page_Update Add New Employee - ASSIST/Add Employee Button' is clickable

2018-12-11 18:00:27 - [TEST_STEP][PASSED] - click: Object: 'Object Repository/Final Object Repo/Page_Update Add New Employee - ASSIST/Add Employee Button' is clicked on

2018-12-11 18:00:27 - [MESSAGE][PASSED] - Object: 'Object Repository/Final Object Repo/Page_Update Add New Employee - ASSIST/Add Employee Button' is clicked on

2018-12-11 18:00:27 - [TEST_STEP][PASSED] - delay: Delayed 4 second(s)

2018-12-11 18:00:31 - [MESSAGE][PASSED] - Delayed 4 second(s)

2018-12-11 18:00:31 - [TEST_STEP][PASSED] - setText: Text '000209039100' is set on object 'Object Repository/Final Object Repo/Page_Update Add New Employee - ASSIST/NRIC Input'

2018-12-11 18:00:31 - [MESSAGE][PASSED] - Text '000209039100' is set on object 'Object Repository/Final Object Repo/Page_Update Add New Employee - ASSIST/NRIC Input'

2018-12-11 18:00:31 - [TEST_STEP][PASSED] - click: Object: 'Object Repository/Final Object Repo/Page_Update Add New Employee - ASSIST/button for search for IC' is clicked on

2018-12-11 18:00:31 - [MESSAGE][PASSED] - Object: 'Object Repository/Final Object Repo/Page_Update Add New Employee - ASSIST/button for search for IC' is clicked on

2018-12-11 18:00:31 - [TEST_STEP][PASSED] - delay: Delayed 2 second(s)

2018-12-11 18:00:33 - [MESSAGE][PASSED] - Delayed 2 second(s)

2018-12-11 18:00:33 - [TEST_STEP][PASSED] - setText: Text 'Automate003 not eligible 1' is set on object 'Object Repository/Final Object Repo/Page_Update Add New Employee - ASSIST/Employee Name Input'

2018-12-11 18:00:34 - [MESSAGE][PASSED] - Text 'Automate003 not eligible 1' is set on object 'Object Repository/Final Object Repo/Page_Update Add New Employee - ASSIST/Employee Name Input'

2018-12-11 18:00:34 - [TEST_STEP][PASSED] - delay: Delayed 2 second(s)

2018-12-11 18:00:36 - [MESSAGE][PASSED] - Delayed 2 second(s)

2018-12-11 18:00:36 - [TEST_STEP][PASSED] - click: Object: 'Object Repository/Final Object Repo/Page_Update Add New Employee - ASSIST/DatePicker Pop Up' is clicked on

2018-12-11 18:00:36 - [MESSAGE][PASSED] - Object: 'Object Repository/Final Object Repo/Page_Update Add New Employee - ASSIST/DatePicker Pop Up' is clicked on

2018-12-11 18:00:36 - [TEST_STEP][PASSED] - delay: Delayed 2 second(s)

2018-12-11 18:00:38 - [MESSAGE][PASSED] - Delayed 2 second(s)

2018-12-11 18:00:38 - [TEST_STEP][PASSED] - click: Object: 'Object Repository/Final Object Repo/Page_Update Add New Employee - ASSIST/DOB Month' is clicked on

2018-12-11 18:00:38 - [MESSAGE][PASSED] - Object: 'Object Repository/Final Object Repo/Page_Update Add New Employee - ASSIST/DOB Month' is clicked on

2018-12-11 18:00:38 - [TEST_STEP][PASSED] - Statement - selectMonth = com.kms.katalon.core.webui.keyword.WebUiBuiltInKeywords.modifyObjectProperty(selectMonth, "xpath", "equals", "//body/div/div/div/select/option[@value="" + CurrentMonth + ""]", true): Modify property of object successfully

2018-12-11 18:00:38 - [MESSAGE][PASSED] - Modify property of object successfully

2018-12-11 18:00:38 - [TEST_STEP][PASSED] - click: Object: '' is clicked on

2018-12-11 18:00:38 - [MESSAGE][PASSED] - Object: '' is clicked on

2018-12-11 18:00:38 - [TEST_STEP][PASSED] - click: Object: 'Object Repository/Final Object Repo/Page_Update Add New Employee - ASSIST/DOB Year' is clicked on

2018-12-11 18:00:39 - [MESSAGE][PASSED] - Object: 'Object Repository/Final Object Repo/Page_Update Add New Employee - ASSIST/DOB Year' is clicked on

2018-12-11 18:00:39 - [TEST_STEP][PASSED] - Statement - selectYear = com.kms.katalon.core.webui.keyword.WebUiBuiltInKeywords.modifyObjectProperty(selectYear, "xpath", "equals", "//div/div/div/select/option[@value="" + EighteenYrsBefore + ""]", true): Modify property of object successfully

2018-12-11 18:00:39 - [MESSAGE][PASSED] - Modify property of object successfully

2018-12-11 18:00:39 - [TEST_STEP][PASSED] - click: Object: '' is clicked on

2018-12-11 18:00:39 - [MESSAGE][PASSED] - Object: '' is clicked on

2018-12-11 18:00:39 - [TEST_STEP][PASSED] - Statement - UpdatedSelectDate = com.kms.katalon.core.webui.keyword.WebUiBuiltInKeywords.modifyObjectProperty(com.kms.katalon.core.testobject.ObjectRepository.findTestObject(Final Object Repo/Page_Update Add New Employee - ASSIST/DOB Date), "xpath", "equals", "//body/div/table/tbody/tr/td/a[text()="" + OneDayBefore + ""]", true): Modify property of object successfully

2018-12-11 18:00:39 - [MESSAGE][PASSED] - Modify property of object successfully

2018-12-11 18:00:39 - [TEST_STEP][PASSED] - click: Object: 'Object Repository/Final Object Repo/Page_Update Add New Employee - ASSIST/DOB Date' is clicked on

2018-12-11 18:00:39 - [MESSAGE][PASSED] - Object: 'Object Repository/Final Object Repo/Page_Update Add New Employee - ASSIST/DOB Date' is clicked on

2018-12-11 18:00:39 - [TEST_STEP][PASSED] - delay: Delayed 2 second(s)

2018-12-11 18:00:41 - [MESSAGE][PASSED] - Delayed 2 second(s)

2018-12-11 18:00:41 - [TEST_STEP][PASSED] - click: Object: 'Object Repository/Final Object Repo/Page_Update Add New Employee - ASSIST/EmploymentStartDate Pop Up' is clicked on

2018-12-11 18:00:41 - [MESSAGE][PASSED] - Object: 'Object Repository/Final Object Repo/Page_Update Add New Employee - ASSIST/EmploymentStartDate Pop Up' is clicked on

2018-12-11 18:00:41 - [TEST_STEP][PASSED] - delay: Delayed 2 second(s)

2018-12-11 18:00:43 - [MESSAGE][PASSED] - Delayed 2 second(s)

2018-12-11 18:00:43 - [TEST_STEP][PASSED] - click: Object: 'Object Repository/Final Object Repo/Page_Update Add New Employee - ASSIST/Socso Employment StartDate Month' is clicked on

2018-12-11 18:00:43 - [MESSAGE][PASSED] - Object: 'Object Repository/Final Object Repo/Page_Update Add New Employee - ASSIST/Socso Employment StartDate Month' is clicked on

2018-12-11 18:00:43 - [TEST_STEP][PASSED] - delay: Delayed 1 second(s)

2018-12-11 18:00:44 - [MESSAGE][PASSED] - Delayed 1 second(s)

2018-12-11 18:00:44 - [TEST_STEP][PASSED] - click: Object: 'Object Repository/Final Object Repo/Page_Update Add New Employee - ASSIST/Select Socso Employement Startdate Month' is clicked on

2018-12-11 18:00:44 - [MESSAGE][PASSED] - Object: 'Object Repository/Final Object Repo/Page_Update Add New Employee - ASSIST/Select Socso Employement Startdate Month' is clicked on

2018-12-11 18:00:44 - [TEST_STEP][PASSED] - delay: Delayed 2 second(s)

2018-12-11 18:00:46 - [MESSAGE][PASSED] - Delayed 2 second(s)

2018-12-11 18:00:46 - [TEST_STEP][PASSED] - click: Object: 'Object Repository/Final Object Repo/Page_Update Add New Employee - ASSIST/Socso Employment StartDate Year' is clicked on

2018-12-11 18:00:47 - [MESSAGE][PASSED] - Object: 'Object Repository/Final Object Repo/Page_Update Add New Employee - ASSIST/Socso Employment StartDate Year' is clicked on

2018-12-11 18:00:47 - [TEST_STEP][PASSED] - delay: Delayed 1 second(s)

2018-12-11 18:00:48 - [MESSAGE][PASSED] - Delayed 1 second(s)

2018-12-11 18:00:48 - [TEST_STEP][PASSED] - click: Object: 'Object Repository/Final Object Repo/Page_Update Add New Employee - ASSIST/Select Socso Employment Startdate Year' is clicked on

2018-12-11 18:00:48 - [MESSAGE][PASSED] - Object: 'Object Repository/Final Object Repo/Page_Update Add New Employee - ASSIST/Select Socso Employment Startdate Year' is clicked on

2018-12-11 18:00:48 - [TEST_STEP][PASSED] - delay: Delayed 2 second(s)

2018-12-11 18:00:50 - [MESSAGE][PASSED] - Delayed 2 second(s)

2018-12-11 18:00:50 - [TEST_STEP][PASSED] - click: Object: 'Object Repository/Final Object Repo/Page_Update Add New Employee - ASSIST/Socso Employment Start Date Day' is clicked on

2018-12-11 18:00:50 - [MESSAGE][PASSED] - Object: 'Object Repository/Final Object Repo/Page_Update Add New Employee - ASSIST/Socso Employment Start Date Day' is clicked on

2018-12-11 18:00:50 - [TEST_STEP][PASSED] - delay: Delayed 2 second(s)

2018-12-11 18:00:52 - [MESSAGE][PASSED] - Delayed 2 second(s)

2018-12-11 18:00:52 - [TEST_STEP][PASSED] - click: Object: 'Object Repository/Final Object Repo/Page_Update Add New Employee - ASSIST/Save Button for Add Employee' is clicked on

2018-12-11 18:00:52 - [MESSAGE][PASSED] - Object: 'Object Repository/Final Object Repo/Page_Update Add New Employee - ASSIST/Save Button for Add Employee' is clicked on

2018-12-11 18:00:52 - [TEST_STEP][PASSED] - delay: Delayed 20 second(s)

2018-12-11 18:01:12 - [MESSAGE][PASSED] - Delayed 20 second(s)

2018-12-11 18:01:12 - [TEST_STEP][PASSED] - click: Object: 'Object Repository/Final Object Repo/Page_Update Add New Employee - ASSIST/Add Employee Button' is clicked on

2018-12-11 18:01:12 - [MESSAGE][PASSED] - Object: 'Object Repository/Final Object Repo/Page_Update Add New Employee - ASSIST/Add Employee Button' is clicked on

2018-12-11 18:01:12 - [TEST_STEP][PASSED] - delay: Delayed 4 second(s)

2018-12-11 18:01:16 - [MESSAGE][PASSED] - Delayed 4 second(s)

2018-12-11 18:01:16 - [TEST_STEP][PASSED] - setText: Text '600203039104' is set on object 'Object Repository/Final Object Repo/Page_Update Add New Employee - ASSIST/NRIC Input'

2018-12-11 18:01:17 - [MESSAGE][PASSED] - Text '600203039104' is set on object 'Object Repository/Final Object Repo/Page_Update Add New Employee - ASSIST/NRIC Input'

2018-12-11 18:01:17 - [TEST_STEP][PASSED] - click: Object: 'Object Repository/Final Object Repo/Page_Update Add New Employee - ASSIST/button for search for IC' is clicked on

2018-12-11 18:01:17 - [MESSAGE][PASSED] - Object: 'Object Repository/Final Object Repo/Page_Update Add New Employee - ASSIST/button for search for IC' is clicked on

2018-12-11 18:01:17 - [TEST_STEP][PASSED] - delay: Delayed 2 second(s)

2018-12-11 18:01:19 - [MESSAGE][PASSED] - Delayed 2 second(s)

2018-12-11 18:01:19 - [TEST_STEP][PASSED] - setText: Text 'Automate003 not eligible 2' is set on object 'Object Repository/Final Object Repo/Page_Update Add New Employee - ASSIST/Employee Name Input'

2018-12-11 18:01:19 - [MESSAGE][PASSED] - Text 'Automate003 not eligible 2' is set on object 'Object Repository/Final Object Repo/Page_Update Add New Employee - ASSIST/Employee Name Input'

2018-12-11 18:01:19 - [TEST_STEP][PASSED] - delay: Delayed 2 second(s)

2018-12-11 18:01:21 - [MESSAGE][PASSED] - Delayed 2 second(s)

2018-12-11 18:01:21 - [TEST_STEP][PASSED] - click: Object: 'Object Repository/Final Object Repo/Page_Update Add New Employee - ASSIST/DatePicker Pop Up' is clicked on

2018-12-11 18:01:22 - [MESSAGE][PASSED] - Object: 'Object Repository/Final Object Repo/Page_Update Add New Employee - ASSIST/DatePicker Pop Up' is clicked on

2018-12-11 18:01:22 - [TEST_STEP][PASSED] - delay: Delayed 2 second(s)

2018-12-11 18:01:24 - [MESSAGE][PASSED] - Delayed 2 second(s)

2018-12-11 18:01:24 - [TEST_STEP][PASSED] - click: Object: 'Object Repository/Final Object Repo/Page_Update Add New Employee - ASSIST/DOB Month' is clicked on

2018-12-11 18:01:24 - [MESSAGE][PASSED] - Object: 'Object Repository/Final Object Repo/Page_Update Add New Employee - ASSIST/DOB Month' is clicked on

2018-12-11 18:01:24 - [TEST_STEP][PASSED] - Statement - selectMonth = com.kms.katalon.core.webui.keyword.WebUiBuiltInKeywords.modifyObjectProperty(selectMonth, "xpath", "equals", "//body/div/div/div/select/option[@value="" + CurrentMonth + ""]", true): Modify property of object successfully

2018-12-11 18:01:24 - [MESSAGE][PASSED] - Modify property of object successfully

2018-12-11 18:01:24 - [TEST_STEP][PASSED] - click: Object: '' is clicked on

2018-12-11 18:01:24 - [MESSAGE][PASSED] - Object: '' is clicked on

2018-12-11 18:01:24 - [TEST_STEP][PASSED] - click: Object: 'Object Repository/Final Object Repo/Page_Update Add New Employee - ASSIST/DOB Year' is clicked on

2018-12-11 18:01:24 - [MESSAGE][PASSED] - Object: 'Object Repository/Final Object Repo/Page_Update Add New Employee - ASSIST/DOB Year' is clicked on

2018-12-11 18:01:24 - [TEST_STEP][PASSED] - Statement - selectYear = com.kms.katalon.core.webui.keyword.WebUiBuiltInKeywords.modifyObjectProperty(selectYear, "xpath", "equals", "//div/div/div/select/option[@value="" + FiftysevenYrsBefore + ""]", true): Modify property of object successfully

2018-12-11 18:01:24 - [MESSAGE][PASSED] - Modify property of object successfully

2018-12-11 18:01:24 - [TEST_STEP][PASSED] - click: Object: '' is clicked on

2018-12-11 18:01:24 - [MESSAGE][PASSED] - Object: '' is clicked on

2018-12-11 18:01:24 - [TEST_STEP][PASSED] - Statement - UpdatedSelectDate = com.kms.katalon.core.webui.keyword.WebUiBuiltInKeywords.modifyObjectProperty(com.kms.katalon.core.testobject.ObjectRepository.findTestObject(Final Object Repo/Page_Update Add New Employee - ASSIST/DOB Date), "xpath", "equals", "//body/div/table/tbody/tr/td/a[text()="" + CurrentDate + ""]", true): Modify property of object successfully

2018-12-11 18:01:24 - [MESSAGE][PASSED] - Modify property of object successfully

2018-12-11 18:01:24 - [TEST_STEP][PASSED] - click: Object: 'Object Repository/Final Object Repo/Page_Update Add New Employee - ASSIST/DOB Date' is clicked on

2018-12-11 18:01:24 - [MESSAGE][PASSED] - Object: 'Object Repository/Final Object Repo/Page_Update Add New Employee - ASSIST/DOB Date' is clicked on

2018-12-11 18:01:24 - [TEST_STEP][PASSED] - click: Object: 'Object Repository/Final Object Repo/Page_Update Add New Employee - ASSIST/EmploymentStartDate Pop Up' is clicked on

2018-12-11 18:01:25 - [MESSAGE][PASSED] - Object: 'Object Repository/Final Object Repo/Page_Update Add New Employee - ASSIST/EmploymentStartDate Pop Up' is clicked on

2018-12-11 18:01:25 - [TEST_STEP][PASSED] - delay: Delayed 2 second(s)

2018-12-11 18:01:27 - [MESSAGE][PASSED] - Delayed 2 second(s)

2018-12-11 18:01:27 - [TEST_STEP][PASSED] - click: Object: 'Object Repository/Final Object Repo/Page_Update Add New Employee - ASSIST/Socso Employment StartDate Month' is clicked on

2018-12-11 18:01:27 - [MESSAGE][PASSED] - Object: 'Object Repository/Final Object Repo/Page_Update Add New Employee - ASSIST/Socso Employment StartDate Month' is clicked on

2018-12-11 18:01:27 - [TEST_STEP][PASSED] - delay: Delayed 1 second(s)

2018-12-11 18:01:28 - [MESSAGE][PASSED] - Delayed 1 second(s)

2018-12-11 18:01:28 - [TEST_STEP][PASSED] - click: Object: 'Object Repository/Final Object Repo/Page_Update Add New Employee - ASSIST/Select Socso Employement Startdate Month' is clicked on

2018-12-11 18:01:28 - [MESSAGE][PASSED] - Object: 'Object Repository/Final Object Repo/Page_Update Add New Employee - ASSIST/Select Socso Employement Startdate Month' is clicked on

2018-12-11 18:01:28 - [TEST_STEP][PASSED] - delay: Delayed 2 second(s)

2018-12-11 18:01:30 - [MESSAGE][PASSED] - Delayed 2 second(s)

2018-12-11 18:01:30 - [TEST_STEP][PASSED] - click: Object: 'Object Repository/Final Object Repo/Page_Update Add New Employee - ASSIST/Socso Employment StartDate Year' is clicked on

2018-12-11 18:01:30 - [MESSAGE][PASSED] - Object: 'Object Repository/Final Object Repo/Page_Update Add New Employee - ASSIST/Socso Employment StartDate Year' is clicked on

2018-12-11 18:01:30 - [TEST_STEP][PASSED] - delay: Delayed 1 second(s)

2018-12-11 18:01:31 - [MESSAGE][PASSED] - Delayed 1 second(s)

2018-12-11 18:01:31 - [TEST_STEP][PASSED] - click: Object: 'Object Repository/Final Object Repo/Page_Update Add New Employee - ASSIST/Select Socso Employment Startdate Year' is clicked on

2018-12-11 18:01:31 - [MESSAGE][PASSED] - Object: 'Object Repository/Final Object Repo/Page_Update Add New Employee - ASSIST/Select Socso Employment Startdate Year' is clicked on

2018-12-11 18:01:31 - [TEST_STEP][PASSED] - delay: Delayed 2 second(s)

2018-12-11 18:01:33 - [MESSAGE][PASSED] - Delayed 2 second(s)

2018-12-11 18:01:33 - [TEST_STEP][PASSED] - click: Object: 'Object Repository/Final Object Repo/Page_Update Add New Employee - ASSIST/Socso Employment Start Date Day' is clicked on

2018-12-11 18:01:33 - [MESSAGE][PASSED] - Object: 'Object Repository/Final Object Repo/Page_Update Add New Employee - ASSIST/Socso Employment Start Date Day' is clicked on

2018-12-11 18:01:33 - [TEST_STEP][PASSED] - delay: Delayed 2 second(s)

2018-12-11 18:01:35 - [MESSAGE][PASSED] - Delayed 2 second(s)

2018-12-11 18:01:35 - [TEST_STEP][PASSED] - click: Object: 'Object Repository/Final Object Repo/Page_Update Add New Employee - ASSIST/Save Button for Add Employee' is clicked on

2018-12-11 18:01:36 - [MESSAGE][PASSED] - Object: 'Object Repository/Final Object Repo/Page_Update Add New Employee - ASSIST/Save Button for Add Employee' is clicked on

2018-12-11 18:01:36 - [MESSAGE][PASSED] - Call Test Case 'Test Cases/Final Aug 2018 - PKS Automation/Registration Module/Workflow/Update Add New Employee/Template/Employee Adding/Employee Adding Action Repeat IC - set 1' successfully

2018-12-11 18:01:36 - [MESSAGE][PASSED] - Call Test Case 'Test Cases/Final Aug 2018 - PKS Automation/Registration Module/Workflow/Update Add New Employee/Template/Employee Adding/Employee Set Decider' successfully

2018-12-11 18:01:36 - [TEST_STEP][PASSED] - delay: Delayed 4 second(s)

2018-12-11 18:01:40 - [MESSAGE][PASSED] - Delayed 4 second(s)

2018-12-11 18:01:40 - [TEST_STEP][PASSED] - Statement - CaseReferenceNo = com.kms.katalon.core.webui.keyword.WebUiBuiltInKeywords.getText(com.kms.katalon.core.testobject.ObjectRepository.findTestObject(Final Object Repo/Page_Update Add New Employee - ASSIST/RefNo)): Text of object 'Object Repository/Final Object Repo/Page_Update Add New Employee - ASSIST/RefNo' is: 'CAN12201800002309'

2018-12-11 18:01:40 - [MESSAGE][PASSED] - Text of object 'Object Repository/Final Object Repo/Page_Update Add New Employee - ASSIST/RefNo' is: 'CAN12201800002309'

2018-12-11 18:01:40 - [TEST_STEP][PASSED] - callTestCase: Call Test Case 'Test Cases/Final Aug 2018 - PKS Automation/Common/Reference Number Setter' successfully

2018-12-11 18:01:40 - [TEST_CASE][PASSED] - Test Cases/Final Aug 2018 - PKS Automation/Common/Reference Number Setter: Test Cases/Final Aug 2018 - PKS Automation/Common/Reference Number Setter

2018-12-11 18:01:40 - [TEST_STEP][PASSED] - Statement - RefNoOldFile = new java.io.File(C://Users//Admin//Desktop//PKS//Automation Reference Point//KatalonReference.txt): null

2018-12-11 18:01:40 - [TEST_STEP][PASSED] - Statement - RefNoOldFile.delete(): null

2018-12-11 18:01:40 - [TEST_STEP][PASSED] - delay: Delayed 5 second(s)

2018-12-11 18:01:45 - [MESSAGE][PASSED] - Delayed 5 second(s)

2018-12-11 18:01:45 - [TEST_STEP][PASSED] - Statement - RefNo = new java.io.File(C://Users//Admin//Desktop//PKS//Automation Reference Point//KatalonReference.txt): null

2018-12-11 18:01:45 - [TEST_STEP][PASSED] - Statement - f2 = new java.io.FileWriter(RefNo, false): null

2018-12-11 18:01:45 - [TEST_STEP][PASSED] - Statement - f2.write(CaseReferenceNo): null

2018-12-11 18:01:45 - [TEST_STEP][PASSED] - Statement - f2.close(): null

2018-12-11 18:01:45 - [TEST_STEP][PASSED] - Statement - out.println("


" + CaseReferenceNo + "


"): null

2018-12-11 18:01:45 - [MESSAGE][PASSED] - Call Test Case 'Test Cases/Final Aug 2018 - PKS Automation/Common/Reference Number Setter' successfully

2018-12-11 18:01:45 - [TEST_STEP][PASSED] - delay: Delayed 5 second(s)

2018-12-11 18:01:50 - [MESSAGE][PASSED] - Delayed 5 second(s)

2018-12-11 18:01:50 - [TEST_STEP][PASSED] - click: Object: 'Object Repository/Final Object Repo/Page_Update Add New Employee - ASSIST/Save  Continue Button' is clicked on

2018-12-11 18:01:50 - [MESSAGE][PASSED] - Object: 'Object Repository/Final Object Repo/Page_Update Add New Employee - ASSIST/Save  Continue Button' is clicked on

2018-12-11 18:01:50 - [TEST_STEP][PASSED] - delay: Delayed 4 second(s)

2018-12-11 18:01:54 - [MESSAGE][PASSED] - Delayed 4 second(s)

2018-12-11 18:01:54 - [TEST_STEP][PASSED] - callTestCase: Call Test Case 'Test Cases/Final Aug 2018 - PKS Automation/Common/Reference Number Getter' successfully

2018-12-11 18:01:54 - [TEST_CASE][PASSED] - Test Cases/Final Aug 2018 - PKS Automation/Common/Reference Number Getter: Test Cases/Final Aug 2018 - PKS Automation/Common/Reference Number Getter

2018-12-11 18:01:54 - [TEST_STEP][PASSED] - Statement - Try: null

2018-12-11 18:01:54 - [TEST_STEP][PASSED] - Statement - RefNo = new java.io.File(C://Users//Admin//Desktop//PKS//Automation Reference Point//KatalonReference.txt): null

2018-12-11 18:01:54 - [TEST_STEP][PASSED] - Statement - bufferread = new java.io.BufferedReader(new java.io.FileReader(RefNo)): null

2018-12-11 18:01:54 - [TEST_STEP][PASSED] - Statement - readedVal = bufferread.readLine(): null

2018-12-11 18:01:54 - [TEST_STEP][PASSED] - Statement - out.println(CaseReferenceNo): null

2018-12-11 18:01:54 - [TEST_STEP][PASSED] - Statement - out.println(readedVal): null

2018-12-11 18:01:54 - [TEST_STEP][PASSED] - Statement - CaseReferenceNo = "": null

2018-12-11 18:01:54 - [TEST_STEP][PASSED] - Statement - CaseReferenceNo = readedVal: null

2018-12-11 18:01:54 - [MESSAGE][PASSED] - Call Test Case 'Test Cases/Final Aug 2018 - PKS Automation/Common/Reference Number Getter' successfully

2018-12-11 18:01:54 - [TEST_STEP][PASSED] - click: Object: 'Object Repository/Final Object Repo/Page_Update Add New Employee - ASSIST/Save  Continue Third Screen' is clicked on

2018-12-11 18:01:57 - [MESSAGE][PASSED] - Object: 'Object Repository/Final Object Repo/Page_Update Add New Employee - ASSIST/Save  Continue Third Screen' is clicked on

2018-12-11 18:01:57 - [TEST_STEP][PASSED] - delay: Delayed 4 second(s)

2018-12-11 18:02:01 - [MESSAGE][PASSED] - Delayed 4 second(s)

2018-12-11 18:02:01 - [TEST_STEP][PASSED] - click: Object: 'Object Repository/Final Object Repo/Page_Update Add New Employee - ASSIST/Save   Continue Supporting Doc Page' is clicked on

2018-12-11 18:02:01 - [MESSAGE][PASSED] - Object: 'Object Repository/Final Object Repo/Page_Update Add New Employee - ASSIST/Save   Continue Supporting Doc Page' is clicked on

2018-12-11 18:02:01 - [TEST_STEP][PASSED] - delay: Delayed 4 second(s)

2018-12-11 18:02:05 - [MESSAGE][PASSED] - Delayed 4 second(s)

2018-12-11 18:02:05 - [TEST_STEP][PASSED] - click: Object: 'Object Repository/Final Object Repo/Page_Update Add New Employee - ASSIST/Submit Button' is clicked on

2018-12-11 18:02:05 - [MESSAGE][PASSED] - Object: 'Object Repository/Final Object Repo/Page_Update Add New Employee - ASSIST/Submit Button' is clicked on

2018-12-11 18:02:05 - [TEST_STEP][PASSED] - delay: Delayed 4 second(s)

2018-12-11 18:02:09 - [MESSAGE][PASSED] - Delayed 4 second(s)

2018-12-11 18:02:09 - [TEST_STEP][PASSED] - click: Object: 'Object Repository/Final Object Repo/Page_Update Add New Employee - ASSIST/Confirm Submit Button' is clicked on

2018-12-11 18:02:10 - [MESSAGE][PASSED] - Object: 'Object Repository/Final Object Repo/Page_Update Add New Employee - ASSIST/Confirm Submit Button' is clicked on

2018-12-11 18:02:10 - [TEST_STEP][PASSED] - delay: Delayed 20 second(s)

2018-12-11 18:02:30 - [MESSAGE][PASSED] - Delayed 20 second(s)

2018-12-11 18:02:30 - [TEST_STEP][PASSED] - callTestCase: Call Test Case 'Test Cases/Final Aug 2018 - PKS Automation/Common/Screenshoting tool' successfully

2018-12-11 18:02:30 - [TEST_CASE][PASSED] - Test Cases/Final Aug 2018 - PKS Automation/Common/Screenshoting tool: Test Cases/Final Aug 2018 - PKS Automation/Common/Screenshoting tool

2018-12-11 18:02:30 - [TEST_STEP][PASSED] - delay: Delayed 15 second(s)

2018-12-11 18:02:45 - [MESSAGE][PASSED] - Delayed 15 second(s)

2018-12-11 18:02:45 - [TEST_STEP][PASSED] - Statement - driver = com.kms.katalon.core.webui.driver.DriverFactory.getWebDriver(): null

2018-12-11 18:02:45 - [TEST_STEP][PASSED] - Statement - driver.manage().timeouts().implicitlyWait(10, SECONDS): null

2018-12-11 18:02:45 - [TEST_STEP][PASSED] - Statement - PresavePath = KatalonScreenshots: null

2018-12-11 18:02:45 - [TEST_STEP][PASSED] - Statement - pathPrefix = "C:\Users\Public\Pictures\Sample Pictures\Katalon Screenshots\Automate Ending Screen": null

2018-12-11 18:02:45 - [TEST_STEP][PASSED] - Statement - finalPath = <not implemented yet for class: org.codehaus.groovy.ast.expr.EmptyExpression>: null

2018-12-11 18:02:45 - [TEST_STEP][PASSED] - Statement - scrFile = driver.getScreenshotAs(FILE): null

2018-12-11 18:02:45 - [TEST_STEP][PASSED] - Statement - PreSaveFile = new java.io.File(PresavePath): null

2018-12-11 18:02:45 - [TEST_STEP][PASSED] - Statement - counter = 0: null

2018-12-11 18:02:45 - [TEST_STEP][PASSED] - Statement - If (PreSaveFile.exists()): null

2018-12-11 18:02:45 - [TEST_STEP][PASSED] - Statement - While (PreSaveFile.exists()): null

2018-12-11 18:02:45 - [TEST_STEP][PASSED] - Statement - counter = counter + 1: null

2018-12-11 18:02:45 - [TEST_STEP][PASSED] - Statement - PreSaveFile = new java.io.File(((pathPrefix + java.lang.Integer.toString(counter)) + .png)): null

2018-12-11 18:02:45 - [TEST_STEP][PASSED] - Statement - counter = counter + 1: null

2018-12-11 18:02:45 - [TEST_STEP][PASSED] - Statement - PreSaveFile = new java.io.File(((pathPrefix + java.lang.Integer.toString(counter)) + .png)): null

2018-12-11 18:02:45 - [TEST_STEP][PASSED] - Statement - counter = counter + 1: null

2018-12-11 18:02:45 - [TEST_STEP][PASSED] - Statement - PreSaveFile = new java.io.File(((pathPrefix + java.lang.Integer.toString(counter)) + .png)): null

2018-12-11 18:02:45 - [TEST_STEP][PASSED] - Statement - counter = counter + 1: null

2018-12-11 18:02:45 - [TEST_STEP][PASSED] - Statement - PreSaveFile = new java.io.File(((pathPrefix + java.lang.Integer.toString(counter)) + .png)): null

2018-12-11 18:02:45 - [TEST_STEP][PASSED] - Statement - counter = counter + 1: null

2018-12-11 18:02:45 - [TEST_STEP][PASSED] - Statement - PreSaveFile = new java.io.File(((pathPrefix + java.lang.Integer.toString(counter)) + .png)): null

2018-12-11 18:02:45 - [TEST_STEP][PASSED] - Statement - counter = counter + 1: null

2018-12-11 18:02:45 - [TEST_STEP][PASSED] - Statement - PreSaveFile = new java.io.File(((pathPrefix + java.lang.Integer.toString(counter)) + .png)): null

2018-12-11 18:02:45 - [TEST_STEP][PASSED] - Statement - counter = counter + 1: null

2018-12-11 18:02:45 - [TEST_STEP][PASSED] - Statement - PreSaveFile = new java.io.File(((pathPrefix + java.lang.Integer.toString(counter)) + .png)): null

2018-12-11 18:02:45 - [TEST_STEP][PASSED] - Statement - counter = counter + 1: null

2018-12-11 18:02:45 - [TEST_STEP][PASSED] - Statement - PreSaveFile = new java.io.File(((pathPrefix + java.lang.Integer.toString(counter)) + .png)): null

2018-12-11 18:02:45 - [TEST_STEP][PASSED] - Statement - counter = counter + 1: null

2018-12-11 18:02:45 - [TEST_STEP][PASSED] - Statement - PreSaveFile = new java.io.File(((pathPrefix + java.lang.Integer.toString(counter)) + .png)): null

2018-12-11 18:02:45 - [TEST_STEP][PASSED] - Statement - counter = counter + 1: null

2018-12-11 18:02:45 - [TEST_STEP][PASSED] - Statement - PreSaveFile = new java.io.File(((pathPrefix + java.lang.Integer.toString(counter)) + .png)): null

2018-12-11 18:02:45 - [TEST_STEP][PASSED] - Statement - counter = counter + 1: null

2018-12-11 18:02:45 - [TEST_STEP][PASSED] - Statement - PreSaveFile = new java.io.File(((pathPrefix + java.lang.Integer.toString(counter)) + .png)): null

2018-12-11 18:02:45 - [TEST_STEP][PASSED] - Statement - counter = counter + 1: null

2018-12-11 18:02:45 - [TEST_STEP][PASSED] - Statement - PreSaveFile = new java.io.File(((pathPrefix + java.lang.Integer.toString(counter)) + .png)): null

2018-12-11 18:02:45 - [TEST_STEP][PASSED] - Statement - counter = counter + 1: null

2018-12-11 18:02:45 - [TEST_STEP][PASSED] - Statement - PreSaveFile = new java.io.File(((pathPrefix + java.lang.Integer.toString(counter)) + .png)): null

2018-12-11 18:02:45 - [TEST_STEP][PASSED] - Statement - counter = counter + 1: null

2018-12-11 18:02:45 - [TEST_STEP][PASSED] - Statement - PreSaveFile = new java.io.File(((pathPrefix + java.lang.Integer.toString(counter)) + .png)): null

2018-12-11 18:02:45 - [TEST_STEP][PASSED] - Statement - counter = counter + 1: null

2018-12-11 18:02:45 - [TEST_STEP][PASSED] - Statement - PreSaveFile = new java.io.File(((pathPrefix + java.lang.Integer.toString(counter)) + .png)): null

2018-12-11 18:02:45 - [TEST_STEP][PASSED] - Statement - counter = counter + 1: null

2018-12-11 18:02:45 - [TEST_STEP][PASSED] - Statement - PreSaveFile = new java.io.File(((pathPrefix + java.lang.Integer.toString(counter)) + .png)): null

2018-12-11 18:02:45 - [TEST_STEP][PASSED] - Statement - counter = counter + 1: null

2018-12-11 18:02:45 - [TEST_STEP][PASSED] - Statement - PreSaveFile = new java.io.File(((pathPrefix + java.lang.Integer.toString(counter)) + .png)): null

2018-12-11 18:02:45 - [TEST_STEP][PASSED] - Statement - counter = counter + 1: null

2018-12-11 18:02:45 - [TEST_STEP][PASSED] - Statement - PreSaveFile = new java.io.File(((pathPrefix + java.lang.Integer.toString(counter)) + .png)): null

2018-12-11 18:02:45 - [TEST_STEP][PASSED] - Statement - counter = counter + 1: null

2018-12-11 18:02:45 - [TEST_STEP][PASSED] - Statement - PreSaveFile = new java.io.File(((pathPrefix + java.lang.Integer.toString(counter)) + .png)): null

2018-12-11 18:02:45 - [TEST_STEP][PASSED] - Statement - counter = counter + 1: null

2018-12-11 18:02:45 - [TEST_STEP][PASSED] - Statement - PreSaveFile = new java.io.File(((pathPrefix + java.lang.Integer.toString(counter)) + .png)): null

2018-12-11 18:02:45 - [TEST_STEP][PASSED] - Statement - counter = counter + 1: null

2018-12-11 18:02:45 - [TEST_STEP][PASSED] - Statement - PreSaveFile = new java.io.File(((pathPrefix + java.lang.Integer.toString(counter)) + .png)): null

2018-12-11 18:02:45 - [TEST_STEP][PASSED] - Statement - counter = counter + 1: null

2018-12-11 18:02:45 - [TEST_STEP][PASSED] - Statement - PreSaveFile = new java.io.File(((pathPrefix + java.lang.Integer.toString(counter)) + .png)): null

2018-12-11 18:02:45 - [TEST_STEP][PASSED] - Statement - counter = counter + 1: null

2018-12-11 18:02:45 - [TEST_STEP][PASSED] - Statement - PreSaveFile = new java.io.File(((pathPrefix + java.lang.Integer.toString(counter)) + .png)): null

2018-12-11 18:02:45 - [TEST_STEP][PASSED] - Statement - counter = counter + 1: null

2018-12-11 18:02:45 - [TEST_STEP][PASSED] - Statement - PreSaveFile = new java.io.File(((pathPrefix + java.lang.Integer.toString(counter)) + .png)): null

2018-12-11 18:02:45 - [TEST_STEP][PASSED] - Statement - counter = counter + 1: null

2018-12-11 18:02:45 - [TEST_STEP][PASSED] - Statement - PreSaveFile = new java.io.File(((pathPrefix + java.lang.Integer.toString(counter)) + .png)): null

2018-12-11 18:02:45 - [TEST_STEP][PASSED] - Statement - counter = counter + 1: null

2018-12-11 18:02:45 - [TEST_STEP][PASSED] - Statement - PreSaveFile = new java.io.File(((pathPrefix + java.lang.Integer.toString(counter)) + .png)): null

2018-12-11 18:02:45 - [TEST_STEP][PASSED] - Statement - counter = counter + 1: null

2018-12-11 18:02:45 - [TEST_STEP][PASSED] - Statement - PreSaveFile = new java.io.File(((pathPrefix + java.lang.Integer.toString(counter)) + .png)): null

2018-12-11 18:02:45 - [TEST_STEP][PASSED] - Statement - counter = counter + 1: null

2018-12-11 18:02:45 - [TEST_STEP][PASSED] - Statement - PreSaveFile = new java.io.File(((pathPrefix + java.lang.Integer.toString(counter)) + .png)): null

2018-12-11 18:02:45 - [TEST_STEP][PASSED] - Statement - counter = counter + 1: null

2018-12-11 18:02:45 - [TEST_STEP][PASSED] - Statement - PreSaveFile = new java.io.File(((pathPrefix + java.lang.Integer.toString(counter)) + .png)): null

2018-12-11 18:02:45 - [TEST_STEP][PASSED] - Statement - counter = counter + 1: null

2018-12-11 18:02:45 - [TEST_STEP][PASSED] - Statement - PreSaveFile = new java.io.File(((pathPrefix + java.lang.Integer.toString(counter)) + .png)): null

2018-12-11 18:02:45 - [TEST_STEP][PASSED] - Statement - counter = counter + 1: null

2018-12-11 18:02:45 - [TEST_STEP][PASSED] - Statement - PreSaveFile = new java.io.File(((pathPrefix + java.lang.Integer.toString(counter)) + .png)): null

2018-12-11 18:02:45 - [TEST_STEP][PASSED] - Statement - counter = counter + 1: null

2018-12-11 18:02:45 - [TEST_STEP][PASSED] - Statement - PreSaveFile = new java.io.File(((pathPrefix + java.lang.Integer.toString(counter)) + .png)): null

2018-12-11 18:02:45 - [TEST_STEP][PASSED] - Statement - counter = counter + 1: null

2018-12-11 18:02:45 - [TEST_STEP][PASSED] - Statement - PreSaveFile = new java.io.File(((pathPrefix + java.lang.Integer.toString(counter)) + .png)): null

2018-12-11 18:02:45 - [TEST_STEP][PASSED] - Statement - counter = counter + 1: null

2018-12-11 18:02:45 - [TEST_STEP][PASSED] - Statement - PreSaveFile = new java.io.File(((pathPrefix + java.lang.Integer.toString(counter)) + .png)): null

2018-12-11 18:02:45 - [TEST_STEP][PASSED] - Statement - counter = counter + 1: null

2018-12-11 18:02:45 - [TEST_STEP][PASSED] - Statement - PreSaveFile = new java.io.File(((pathPrefix + java.lang.Integer.toString(counter)) + .png)): null

2018-12-11 18:02:45 - [TEST_STEP][PASSED] - Statement - counter = counter + 1: null

2018-12-11 18:02:45 - [TEST_STEP][PASSED] - Statement - PreSaveFile = new java.io.File(((pathPrefix + java.lang.Integer.toString(counter)) + .png)): null

2018-12-11 18:02:45 - [TEST_STEP][PASSED] - Statement - counter = counter + 1: null

2018-12-11 18:02:45 - [TEST_STEP][PASSED] - Statement - PreSaveFile = new java.io.File(((pathPrefix + java.lang.Integer.toString(counter)) + .png)): null

2018-12-11 18:02:45 - [TEST_STEP][PASSED] - Statement - counter = counter + 1: null

2018-12-11 18:02:45 - [TEST_STEP][PASSED] - Statement - PreSaveFile = new java.io.File(((pathPrefix + java.lang.Integer.toString(counter)) + .png)): null

2018-12-11 18:02:45 - [TEST_STEP][PASSED] - Statement - counter = counter + 1: null

2018-12-11 18:02:45 - [TEST_STEP][PASSED] - Statement - PreSaveFile = new java.io.File(((pathPrefix + java.lang.Integer.toString(counter)) + .png)): null

2018-12-11 18:02:45 - [TEST_STEP][PASSED] - Statement - counter = counter + 1: null

2018-12-11 18:02:45 - [TEST_STEP][PASSED] - Statement - PreSaveFile = new java.io.File(((pathPrefix + java.lang.Integer.toString(counter)) + .png)): null

2018-12-11 18:02:45 - [TEST_STEP][PASSED] - Statement - counter = counter + 1: null

2018-12-11 18:02:45 - [TEST_STEP][PASSED] - Statement - PreSaveFile = new java.io.File(((pathPrefix + java.lang.Integer.toString(counter)) + .png)): null

2018-12-11 18:02:45 - [TEST_STEP][PASSED] - Statement - counter = counter + 1: null

2018-12-11 18:02:45 - [TEST_STEP][PASSED] - Statement - PreSaveFile = new java.io.File(((pathPrefix + java.lang.Integer.toString(counter)) + .png)): null

2018-12-11 18:02:45 - [TEST_STEP][PASSED] - Statement - counter = counter + 1: null

2018-12-11 18:02:45 - [TEST_STEP][PASSED] - Statement - PreSaveFile = new java.io.File(((pathPrefix + java.lang.Integer.toString(counter)) + .png)): null

2018-12-11 18:02:45 - [TEST_STEP][PASSED] - Statement - counter = counter + 1: null

2018-12-11 18:02:45 - [TEST_STEP][PASSED] - Statement - PreSaveFile = new java.io.File(((pathPrefix + java.lang.Integer.toString(counter)) + .png)): null

2018-12-11 18:02:45 - [TEST_STEP][PASSED] - Statement - counter = counter + 1: null

2018-12-11 18:02:45 - [TEST_STEP][PASSED] - Statement - PreSaveFile = new java.io.File(((pathPrefix + java.lang.Integer.toString(counter)) + .png)): null

2018-12-11 18:02:45 - [TEST_STEP][PASSED] - Statement - counter = counter + 1: null

2018-12-11 18:02:45 - [TEST_STEP][PASSED] - Statement - PreSaveFile = new java.io.File(((pathPrefix + java.lang.Integer.toString(counter)) + .png)): null

2018-12-11 18:02:45 - [TEST_STEP][PASSED] - Statement - counter = counter + 1: null

2018-12-11 18:02:45 - [TEST_STEP][PASSED] - Statement - PreSaveFile = new java.io.File(((pathPrefix + java.lang.Integer.toString(counter)) + .png)): null

2018-12-11 18:02:45 - [TEST_STEP][PASSED] - Statement - counter = counter + 1: null

2018-12-11 18:02:45 - [TEST_STEP][PASSED] - Statement - PreSaveFile = new java.io.File(((pathPrefix + java.lang.Integer.toString(counter)) + .png)): null

2018-12-11 18:02:45 - [TEST_STEP][PASSED] - Statement - counter = counter + 1: null

2018-12-11 18:02:45 - [TEST_STEP][PASSED] - Statement - PreSaveFile = new java.io.File(((pathPrefix + java.lang.Integer.toString(counter)) + .png)): null

2018-12-11 18:02:45 - [TEST_STEP][PASSED] - Statement - counter = counter + 1: null

2018-12-11 18:02:45 - [TEST_STEP][PASSED] - Statement - PreSaveFile = new java.io.File(((pathPrefix + java.lang.Integer.toString(counter)) + .png)): null

2018-12-11 18:02:45 - [TEST_STEP][PASSED] - Statement - counter = counter + 1: null

2018-12-11 18:02:45 - [TEST_STEP][PASSED] - Statement - PreSaveFile = new java.io.File(((pathPrefix + java.lang.Integer.toString(counter)) + .png)): null

2018-12-11 18:02:45 - [TEST_STEP][PASSED] - Statement - counter = counter + 1: null

2018-12-11 18:02:45 - [TEST_STEP][PASSED] - Statement - PreSaveFile = new java.io.File(((pathPrefix + java.lang.Integer.toString(counter)) + .png)): null

2018-12-11 18:02:45 - [TEST_STEP][PASSED] - Statement - counter = counter + 1: null

2018-12-11 18:02:45 - [TEST_STEP][PASSED] - Statement - PreSaveFile = new java.io.File(((pathPrefix + java.lang.Integer.toString(counter)) + .png)): null

2018-12-11 18:02:45 - [TEST_STEP][PASSED] - Statement - counter = counter + 1: null

2018-12-11 18:02:45 - [TEST_STEP][PASSED] - Statement - PreSaveFile = new java.io.File(((pathPrefix + java.lang.Integer.toString(counter)) + .png)): null

2018-12-11 18:02:45 - [TEST_STEP][PASSED] - Statement - counter = counter + 1: null

2018-12-11 18:02:45 - [TEST_STEP][PASSED] - Statement - PreSaveFile = new java.io.File(((pathPrefix + java.lang.Integer.toString(counter)) + .png)): null

2018-12-11 18:02:45 - [TEST_STEP][PASSED] - Statement - counter = counter + 1: null

2018-12-11 18:02:45 - [TEST_STEP][PASSED] - Statement - PreSaveFile = new java.io.File(((pathPrefix + java.lang.Integer.toString(counter)) + .png)): null

2018-12-11 18:02:45 - [TEST_STEP][PASSED] - Statement - counter = counter + 1: null

2018-12-11 18:02:45 - [TEST_STEP][PASSED] - Statement - PreSaveFile = new java.io.File(((pathPrefix + java.lang.Integer.toString(counter)) + .png)): null

2018-12-11 18:02:45 - [TEST_STEP][PASSED] - Statement - counter = counter + 1: null

2018-12-11 18:02:45 - [TEST_STEP][PASSED] - Statement - PreSaveFile = new java.io.File(((pathPrefix + java.lang.Integer.toString(counter)) + .png)): null

2018-12-11 18:02:45 - [TEST_STEP][PASSED] - Statement - counter = counter + 1: null

2018-12-11 18:02:45 - [TEST_STEP][PASSED] - Statement - PreSaveFile = new java.io.File(((pathPrefix + java.lang.Integer.toString(counter)) + .png)): null

2018-12-11 18:02:45 - [TEST_STEP][PASSED] - Statement - counter = counter + 1: null

2018-12-11 18:02:45 - [TEST_STEP][PASSED] - Statement - PreSaveFile = new java.io.File(((pathPrefix + java.lang.Integer.toString(counter)) + .png)): null

2018-12-11 18:02:45 - [TEST_STEP][PASSED] - Statement - counter = counter + 1: null

2018-12-11 18:02:45 - [TEST_STEP][PASSED] - Statement - PreSaveFile = new java.io.File(((pathPrefix + java.lang.Integer.toString(counter)) + .png)): null

2018-12-11 18:02:45 - [TEST_STEP][PASSED] - Statement - counter = counter + 1: null

2018-12-11 18:02:45 - [TEST_STEP][PASSED] - Statement - PreSaveFile = new java.io.File(((pathPrefix + java.lang.Integer.toString(counter)) + .png)): null

2018-12-11 18:02:45 - [TEST_STEP][PASSED] - Statement - counter = counter + 1: null

2018-12-11 18:02:45 - [TEST_STEP][PASSED] - Statement - PreSaveFile = new java.io.File(((pathPrefix + java.lang.Integer.toString(counter)) + .png)): null

2018-12-11 18:02:45 - [TEST_STEP][PASSED] - Statement - counter = counter + 1: null

2018-12-11 18:02:45 - [TEST_STEP][PASSED] - Statement - PreSaveFile = new java.io.File(((pathPrefix + java.lang.Integer.toString(counter)) + .png)): null

2018-12-11 18:02:45 - [TEST_STEP][PASSED] - Statement - counter = counter + 1: null

2018-12-11 18:02:45 - [TEST_STEP][PASSED] - Statement - PreSaveFile = new java.io.File(((pathPrefix + java.lang.Integer.toString(counter)) + .png)): null

2018-12-11 18:02:45 - [TEST_STEP][PASSED] - Statement - counter = counter + 1: null

2018-12-11 18:02:45 - [TEST_STEP][PASSED] - Statement - PreSaveFile = new java.io.File(((pathPrefix + java.lang.Integer.toString(counter)) + .png)): null

2018-12-11 18:02:45 - [TEST_STEP][PASSED] - Statement - counter = counter + 1: null

2018-12-11 18:02:45 - [TEST_STEP][PASSED] - Statement - PreSaveFile = new java.io.File(((pathPrefix + java.lang.Integer.toString(counter)) + .png)): null

2018-12-11 18:02:45 - [TEST_STEP][PASSED] - Statement - counter = counter + 1: null

2018-12-11 18:02:45 - [TEST_STEP][PASSED] - Statement - PreSaveFile = new java.io.File(((pathPrefix + java.lang.Integer.toString(counter)) + .png)): null

2018-12-11 18:02:45 - [TEST_STEP][PASSED] - Statement - counter = counter + 1: null

2018-12-11 18:02:45 - [TEST_STEP][PASSED] - Statement - PreSaveFile = new java.io.File(((pathPrefix + java.lang.Integer.toString(counter)) + .png)): null

2018-12-11 18:02:45 - [TEST_STEP][PASSED] - Statement - counter = counter + 1: null

2018-12-11 18:02:45 - [TEST_STEP][PASSED] - Statement - PreSaveFile = new java.io.File(((pathPrefix + java.lang.Integer.toString(counter)) + .png)): null

2018-12-11 18:02:45 - [TEST_STEP][PASSED] - Statement - counter = counter + 1: null

2018-12-11 18:02:45 - [TEST_STEP][PASSED] - Statement - PreSaveFile = new java.io.File(((pathPrefix + java.lang.Integer.toString(counter)) + .png)): null

2018-12-11 18:02:45 - [TEST_STEP][PASSED] - Statement - counter = counter + 1: null

2018-12-11 18:02:45 - [TEST_STEP][PASSED] - Statement - PreSaveFile = new java.io.File(((pathPrefix + java.lang.Integer.toString(counter)) + .png)): null

2018-12-11 18:02:45 - [TEST_STEP][PASSED] - Statement - counter = counter + 1: null

2018-12-11 18:02:45 - [TEST_STEP][PASSED] - Statement - PreSaveFile = new java.io.File(((pathPrefix + java.lang.Integer.toString(counter)) + .png)): null

2018-12-11 18:02:45 - [TEST_STEP][PASSED] - Statement - counter = counter + 1: null

2018-12-11 18:02:45 - [TEST_STEP][PASSED] - Statement - PreSaveFile = new java.io.File(((pathPrefix + java.lang.Integer.toString(counter)) + .png)): null

2018-12-11 18:02:45 - [TEST_STEP][PASSED] - Statement - counter = counter + 1: null

2018-12-11 18:02:45 - [TEST_STEP][PASSED] - Statement - PreSaveFile = new java.io.File(((pathPrefix + java.lang.Integer.toString(counter)) + .png)): null

2018-12-11 18:02:45 - [TEST_STEP][PASSED] - Statement - counter = counter + 1: null

2018-12-11 18:02:45 - [TEST_STEP][PASSED] - Statement - PreSaveFile = new java.io.File(((pathPrefix + java.lang.Integer.toString(counter)) + .png)): null

2018-12-11 18:02:45 - [TEST_STEP][PASSED] - Statement - counter = counter + 1: null

2018-12-11 18:02:45 - [TEST_STEP][PASSED] - Statement - PreSaveFile = new java.io.File(((pathPrefix + java.lang.Integer.toString(counter)) + .png)): null

2018-12-11 18:02:45 - [TEST_STEP][PASSED] - Statement - counter = counter + 1: null

2018-12-11 18:02:45 - [TEST_STEP][PASSED] - Statement - PreSaveFile = new java.io.File(((pathPrefix + java.lang.Integer.toString(counter)) + .png)): null

2018-12-11 18:02:45 - [TEST_STEP][PASSED] - Statement - counter = counter + 1: null

2018-12-11 18:02:45 - [TEST_STEP][PASSED] - Statement - PreSaveFile = new java.io.File(((pathPrefix + java.lang.Integer.toString(counter)) + .png)): null

2018-12-11 18:02:45 - [TEST_STEP][PASSED] - Statement - counter = counter + 1: null

2018-12-11 18:02:45 - [TEST_STEP][PASSED] - Statement - PreSaveFile = new java.io.File(((pathPrefix + java.lang.Integer.toString(counter)) + .png)): null

2018-12-11 18:02:45 - [TEST_STEP][PASSED] - Statement - counter = counter + 1: null

2018-12-11 18:02:45 - [TEST_STEP][PASSED] - Statement - PreSaveFile = new java.io.File(((pathPrefix + java.lang.Integer.toString(counter)) + .png)): null

2018-12-11 18:02:45 - [TEST_STEP][PASSED] - Statement - counter = counter + 1: null

2018-12-11 18:02:45 - [TEST_STEP][PASSED] - Statement - PreSaveFile = new java.io.File(((pathPrefix + java.lang.Integer.toString(counter)) + .png)): null

2018-12-11 18:02:45 - [TEST_STEP][PASSED] - Statement - counter = counter + 1: null

2018-12-11 18:02:45 - [TEST_STEP][PASSED] - Statement - PreSaveFile = new java.io.File(((pathPrefix + java.lang.Integer.toString(counter)) + .png)): null

2018-12-11 18:02:45 - [TEST_STEP][PASSED] - Statement - counter = counter + 1: null

2018-12-11 18:02:45 - [TEST_STEP][PASSED] - Statement - PreSaveFile = new java.io.File(((pathPrefix + java.lang.Integer.toString(counter)) + .png)): null

2018-12-11 18:02:45 - [TEST_STEP][PASSED] - Statement - counter = counter + 1: null

2018-12-11 18:02:45 - [TEST_STEP][PASSED] - Statement - PreSaveFile = new java.io.File(((pathPrefix + java.lang.Integer.toString(counter)) + .png)): null

2018-12-11 18:02:45 - [TEST_STEP][PASSED] - Statement - counter = counter + 1: null

2018-12-11 18:02:45 - [TEST_STEP][PASSED] - Statement - PreSaveFile = new java.io.File(((pathPrefix + java.lang.Integer.toString(counter)) + .png)): null

2018-12-11 18:02:45 - [TEST_STEP][PASSED] - Statement - counter = counter + 1: null

2018-12-11 18:02:45 - [TEST_STEP][PASSED] - Statement - PreSaveFile = new java.io.File(((pathPrefix + java.lang.Integer.toString(counter)) + .png)): null

2018-12-11 18:02:45 - [TEST_STEP][PASSED] - Statement - counter = counter + 1: null

2018-12-11 18:02:45 - [TEST_STEP][PASSED] - Statement - PreSaveFile = new java.io.File(((pathPrefix + java.lang.Integer.toString(counter)) + .png)): null

2018-12-11 18:02:45 - [TEST_STEP][PASSED] - Statement - counter = counter + 1: null

2018-12-11 18:02:45 - [TEST_STEP][PASSED] - Statement - PreSaveFile = new java.io.File(((pathPrefix + java.lang.Integer.toString(counter)) + .png)): null

2018-12-11 18:02:45 - [TEST_STEP][PASSED] - Statement - counter = counter + 1: null

2018-12-11 18:02:45 - [TEST_STEP][PASSED] - Statement - PreSaveFile = new java.io.File(((pathPrefix + java.lang.Integer.toString(counter)) + .png)): null

2018-12-11 18:02:45 - [TEST_STEP][PASSED] - Statement - counter = counter + 1: null

2018-12-11 18:02:45 - [TEST_STEP][PASSED] - Statement - PreSaveFile = new java.io.File(((pathPrefix + java.lang.Integer.toString(counter)) + .png)): null

2018-12-11 18:02:45 - [TEST_STEP][PASSED] - Statement - counter = counter + 1: null

2018-12-11 18:02:45 - [TEST_STEP][PASSED] - Statement - PreSaveFile = new java.io.File(((pathPrefix + java.lang.Integer.toString(counter)) + .png)): null

2018-12-11 18:02:45 - [TEST_STEP][PASSED] - Statement - counter = counter + 1: null

2018-12-11 18:02:45 - [TEST_STEP][PASSED] - Statement - PreSaveFile = new java.io.File(((pathPrefix + java.lang.Integer.toString(counter)) + .png)): null

2018-12-11 18:02:45 - [TEST_STEP][PASSED] - Statement - counter = counter + 1: null

2018-12-11 18:02:45 - [TEST_STEP][PASSED] - Statement - PreSaveFile = new java.io.File(((pathPrefix + java.lang.Integer.toString(counter)) + .png)): null

2018-12-11 18:02:45 - [TEST_STEP][PASSED] - Statement - counter = counter + 1: null

2018-12-11 18:02:45 - [TEST_STEP][PASSED] - Statement - PreSaveFile = new java.io.File(((pathPrefix + java.lang.Integer.toString(counter)) + .png)): null

2018-12-11 18:02:45 - [TEST_STEP][PASSED] - Statement - counter = counter + 1: null

2018-12-11 18:02:45 - [TEST_STEP][PASSED] - Statement - PreSaveFile = new java.io.File(((pathPrefix + java.lang.Integer.toString(counter)) + .png)): null

2018-12-11 18:02:45 - [TEST_STEP][PASSED] - Statement - counter = counter + 1: null

2018-12-11 18:02:45 - [TEST_STEP][PASSED] - Statement - PreSaveFile = new java.io.File(((pathPrefix + java.lang.Integer.toString(counter)) + .png)): null

2018-12-11 18:02:45 - [TEST_STEP][PASSED] - Statement - counter = counter + 1: null

2018-12-11 18:02:45 - [TEST_STEP][PASSED] - Statement - PreSaveFile = new java.io.File(((pathPrefix + java.lang.Integer.toString(counter)) + .png)): null

2018-12-11 18:02:45 - [TEST_STEP][PASSED] - Statement - counter = counter + 1: null

2018-12-11 18:02:45 - [TEST_STEP][PASSED] - Statement - PreSaveFile = new java.io.File(((pathPrefix + java.lang.Integer.toString(counter)) + .png)): null

2018-12-11 18:02:45 - [TEST_STEP][PASSED] - Statement - counter = counter + 1: null

2018-12-11 18:02:45 - [TEST_STEP][PASSED] - Statement - PreSaveFile = new java.io.File(((pathPrefix + java.lang.Integer.toString(counter)) + .png)): null

2018-12-11 18:02:45 - [TEST_STEP][PASSED] - Statement - counter = counter + 1: null

2018-12-11 18:02:45 - [TEST_STEP][PASSED] - Statement - PreSaveFile = new java.io.File(((pathPrefix + java.lang.Integer.toString(counter)) + .png)): null

2018-12-11 18:02:45 - [TEST_STEP][PASSED] - Statement - counter = counter + 1: null

2018-12-11 18:02:45 - [TEST_STEP][PASSED] - Statement - PreSaveFile = new java.io.File(((pathPrefix + java.lang.Integer.toString(counter)) + .png)): null

2018-12-11 18:02:45 - [TEST_STEP][PASSED] - Statement - counter = counter + 1: null

2018-12-11 18:02:45 - [TEST_STEP][PASSED] - Statement - PreSaveFile = new java.io.File(((pathPrefix + java.lang.Integer.toString(counter)) + .png)): null

2018-12-11 18:02:45 - [TEST_STEP][PASSED] - Statement - counter = counter + 1: null

2018-12-11 18:02:45 - [TEST_STEP][PASSED] - Statement - PreSaveFile = new java.io.File(((pathPrefix + java.lang.Integer.toString(counter)) + .png)): null

2018-12-11 18:02:45 - [TEST_STEP][PASSED] - Statement - counter = counter + 1: null

2018-12-11 18:02:45 - [TEST_STEP][PASSED] - Statement - PreSaveFile = new java.io.File(((pathPrefix + java.lang.Integer.toString(counter)) + .png)): null

2018-12-11 18:02:45 - [TEST_STEP][PASSED] - Statement - counter = counter + 1: null

2018-12-11 18:02:45 - [TEST_STEP][PASSED] - Statement - PreSaveFile = new java.io.File(((pathPrefix + java.lang.Integer.toString(counter)) + .png)): null

2018-12-11 18:02:45 - [TEST_STEP][PASSED] - Statement - finalPath = pathPrefix + java.lang.Integer.toString(counter) + ".png": null

2018-12-11 18:02:45 - [TEST_STEP][PASSED] - Statement - SaveFile = new java.io.File(finalPath): null

2018-12-11 18:02:45 - [TEST_STEP][PASSED] - Statement - Try: null

2018-12-11 18:02:45 - [TEST_STEP][PASSED] - Statement - org.apache.commons.io.FileUtils.copyFile(scrFile, SaveFile): null

2018-12-11 18:02:45 - [TEST_STEP][PASSED] - Statement - out.println("file kept"): null

2018-12-11 18:02:45 - [TEST_STEP][PASSED] - delay: Delayed 10 second(s)

2018-12-11 18:02:55 - [MESSAGE][PASSED] - Delayed 10 second(s)

2018-12-11 18:02:55 - [MESSAGE][PASSED] - Call Test Case 'Test Cases/Final Aug 2018 - PKS Automation/Common/Screenshoting tool' successfully

2018-12-11 18:02:55 - [TEST_STEP][PASSED] - callTestCase: Call Test Case 'Test Cases/Final Aug 2018 - PKS Automation/Registration Module/Log Out/log out avoiding katalon tagging' successfully

2018-12-11 18:02:56 - [TEST_CASE][PASSED] - Test Cases/Final Aug 2018 - PKS Automation/Registration Module/Log Out/log out avoiding katalon tagging: Test Cases/Final Aug 2018 - PKS Automation/Registration Module/Log Out/log out avoiding katalon tagging

2018-12-11 18:02:56 - [TEST_STEP][PASSED] - navigateToUrl: Navigate to 'https://assist2-uat.perkeso.gov.my/c/portal/logout' successfully

2018-12-11 18:02:56 - [MESSAGE][PASSED] - Navigate to 'https://assist2-uat.perkeso.gov.my/c/portal/logout' successfully

2018-12-11 18:02:56 - [MESSAGE][PASSED] - Call Test Case 'Test Cases/Final Aug 2018 - PKS Automation/Registration Module/Log Out/log out avoiding katalon tagging' successfully

2018-12-11 18:02:56 - [TEST_STEP][PASSED] - callTestCase: Call Test Case 'Test Cases/Final Aug 2018 - PKS Automation/Common/Workflow Owner Finder' successfully

2018-12-11 18:02:56 - [TEST_CASE][PASSED] - Test Cases/Final Aug 2018 - PKS Automation/Common/Workflow Owner Finder: Test Cases/Final Aug 2018 - PKS Automation/Common/Workflow Owner Finder

2018-12-11 18:02:56 - [TEST_STEP][PASSED] - openBrowser: Browser is opened with url: ''

2018-12-11 18:02:56 - [MESSAGE][WARNING] - A browser is already opened. Closing browser and opening a new one

2018-12-11 18:03:00 - [MESSAGE][PASSED] - Browser is opened with url: ''

2018-12-11 18:03:00 - [TEST_STEP][PASSED] - navigateToUrl: Navigate to 'https://assist2-uat.perkeso.gov.my/login' successfully

2018-12-11 18:03:01 - [MESSAGE][PASSED] - Navigate to 'https://assist2-uat.perkeso.gov.my/login' successfully

2018-12-11 18:03:01 - [TEST_STEP][PASSED] - delay: Delayed 5 second(s)

2018-12-11 18:03:06 - [MESSAGE][PASSED] - Delayed 5 second(s)

2018-12-11 18:03:06 - [TEST_STEP][PASSED] - setText: Text 'test@liferay.com' is set on object 'Object Repository/Final Object Repo/Login Page/Internal User/Email Address'

2018-12-11 18:03:07 - [MESSAGE][PASSED] - Text 'test@liferay.com' is set on object 'Object Repository/Final Object Repo/Login Page/Internal User/Email Address'

2018-12-11 18:03:07 - [TEST_STEP][PASSED] - click: Object: 'Object Repository/Final Object Repo/Login Page/Internal User/Next Button' is clicked on

2018-12-11 18:03:07 - [MESSAGE][PASSED] - Object: 'Object Repository/Final Object Repo/Login Page/Internal User/Next Button' is clicked on

2018-12-11 18:03:07 - [TEST_STEP][PASSED] - delay: Delayed 2 second(s)

2018-12-11 18:03:09 - [MESSAGE][PASSED] - Delayed 2 second(s)

2018-12-11 18:03:09 - [TEST_STEP][PASSED] - setText: Text 'test' is set on object 'Object Repository/Final Object Repo/Login Page/Internal User/Password'

2018-12-11 18:03:09 - [MESSAGE][PASSED] - Text 'test' is set on object 'Object Repository/Final Object Repo/Login Page/Internal User/Password'

2018-12-11 18:03:09 - [TEST_STEP][PASSED] - delay: Delayed 2 second(s)

2018-12-11 18:03:11 - [MESSAGE][PASSED] - Delayed 2 second(s)

2018-12-11 18:03:11 - [TEST_STEP][PASSED] - click: Object: 'Object Repository/Final Object Repo/Login Page/Internal User/Login Button' is clicked on

2018-12-11 18:03:11 - [MESSAGE][PASSED] - Object: 'Object Repository/Final Object Repo/Login Page/Internal User/Login Button' is clicked on

2018-12-11 18:03:11 - [TEST_STEP][PASSED] - Statement - tester = com.kms.katalon.core.testobject.ObjectRepository.findTestObject(Final Object Repo/Landing Page/Select to English): Finding Test Object with id 'Object Repository/Final Object Repo/Landing Page/Select to English'

2018-12-11 18:03:11 - [TEST_STEP][PASSED] - Statement - Try: Delayed 2 second(s)

2018-12-11 18:03:11 - [TEST_STEP][PASSED] - Statement - Checker = com.kms.katalon.core.webui.keyword.WebUiBuiltInKeywords.verifyElementNotPresent(tester, 3): Web element with id: 'Object Repository/Final Object Repo/Landing Page/Select to English' located by 'By.xpath: //a[@class = 'taglib-language-list-text' and @lang = 'en-US' and (contains(text(), 'EN') or contains(., 'EN'))]' is not present after '3' second(s)

2018-12-11 18:03:13 - [MESSAGE][PASSED] - Web element with id: 'Object Repository/Final Object Repo/Landing Page/Select to English' located by 'By.xpath: //a[@class = 'taglib-language-list-text' and @lang = 'en-US' and (contains(text(), 'EN') or contains(., 'EN'))]' is not present after '3' second(s)

2018-12-11 18:03:13 - [TEST_STEP][PASSED] - Statement - If (Checker == false): null

2018-12-11 18:03:13 - [TEST_STEP][PASSED] - delay: Delayed 2 second(s)

2018-12-11 18:03:15 - [MESSAGE][PASSED] - Delayed 2 second(s)

2018-12-11 18:03:15 - [TEST_STEP][PASSED] - delay: Delayed 5 second(s)

2018-12-11 18:03:20 - [MESSAGE][PASSED] - Delayed 5 second(s)

2018-12-11 18:03:20 - [TEST_STEP][PASSED] - mouseOver: Object: 'Object Repository/Final Object Repo/Landing Page/WorkFlow Menu' is hovered

2018-12-11 18:03:20 - [MESSAGE][PASSED] - Object: 'Object Repository/Final Object Repo/Landing Page/WorkFlow Menu' is hovered

2018-12-11 18:03:20 - [TEST_STEP][PASSED] - delay: Delayed 2 second(s)

2018-12-11 18:03:22 - [MESSAGE][PASSED] - Delayed 2 second(s)

2018-12-11 18:03:22 - [TEST_STEP][PASSED] - click: Object: 'Object Repository/Final Object Repo/Landing Page/Select to Workflow Listing' is clicked on

2018-12-11 18:03:23 - [MESSAGE][PASSED] - Object: 'Object Repository/Final Object Repo/Landing Page/Select to Workflow Listing' is clicked on

2018-12-11 18:03:23 - [TEST_STEP][PASSED] - delay: Delayed 2 second(s)

2018-12-11 18:03:25 - [MESSAGE][PASSED] - Delayed 2 second(s)

2018-12-11 18:03:25 - [TEST_STEP][PASSED] - click: Object: 'Object Repository/Final Object Repo/WorkFlow Listing Page/Search Information - To Put Ref No' is clicked on

2018-12-11 18:03:26 - [MESSAGE][PASSED] - Object: 'Object Repository/Final Object Repo/WorkFlow Listing Page/Search Information - To Put Ref No' is clicked on

2018-12-11 18:03:26 - [TEST_STEP][PASSED] - delay: Delayed 2 second(s)

2018-12-11 18:03:28 - [MESSAGE][PASSED] - Delayed 2 second(s)

2018-12-11 18:03:28 - [TEST_STEP][PASSED] - callTestCase: Call Test Case 'Test Cases/Final Aug 2018 - PKS Automation/Common/Reference Number Getter' successfully

2018-12-11 18:03:28 - [TEST_CASE][PASSED] - Test Cases/Final Aug 2018 - PKS Automation/Common/Reference Number Getter: Test Cases/Final Aug 2018 - PKS Automation/Common/Reference Number Getter

2018-12-11 18:03:28 - [TEST_STEP][PASSED] - Statement - Try: null

2018-12-11 18:03:28 - [TEST_STEP][PASSED] - Statement - RefNo = new java.io.File(C://Users//Admin//Desktop//PKS//Automation Reference Point//KatalonReference.txt): null

2018-12-11 18:03:28 - [TEST_STEP][PASSED] - Statement - bufferread = new java.io.BufferedReader(new java.io.FileReader(RefNo)): null

2018-12-11 18:03:28 - [TEST_STEP][PASSED] - Statement - readedVal = bufferread.readLine(): null

2018-12-11 18:03:28 - [TEST_STEP][PASSED] - Statement - out.println(CaseReferenceNo): null

2018-12-11 18:03:28 - [TEST_STEP][PASSED] - Statement - out.println(readedVal): null

2018-12-11 18:03:28 - [TEST_STEP][PASSED] - Statement - CaseReferenceNo = "": null

2018-12-11 18:03:28 - [TEST_STEP][PASSED] - Statement - CaseReferenceNo = readedVal: null

2018-12-11 18:03:28 - [MESSAGE][PASSED] - Call Test Case 'Test Cases/Final Aug 2018 - PKS Automation/Common/Reference Number Getter' successfully

2018-12-11 18:03:28 - [TEST_STEP][PASSED] - setText: Text 'CAN12201800002309' is set on object 'Object Repository/Final Object Repo/WorkFlow Listing Page/Ref No Set Text'

2018-12-11 18:03:28 - [MESSAGE][PASSED] - Text 'CAN12201800002309' is set on object 'Object Repository/Final Object Repo/WorkFlow Listing Page/Ref No Set Text'

2018-12-11 18:03:28 - [TEST_STEP][PASSED] - delay: Delayed 2 second(s)

2018-12-11 18:03:30 - [MESSAGE][PASSED] - Delayed 2 second(s)

2018-12-11 18:03:30 - [TEST_STEP][PASSED] - click: Object: 'Object Repository/Final Object Repo/WorkFlow Listing Page/Search Ref No Search Button' is clicked on

2018-12-11 18:03:30 - [MESSAGE][PASSED] - Object: 'Object Repository/Final Object Repo/WorkFlow Listing Page/Search Ref No Search Button' is clicked on

2018-12-11 18:03:30 - [TEST_STEP][PASSED] - delay: Delayed 6 second(s)

2018-12-11 18:03:36 - [MESSAGE][PASSED] - Delayed 6 second(s)

2018-12-11 18:03:36 - [TEST_STEP][PASSED] - click: Object: 'Object Repository/Final Object Repo/WorkFlow Listing Page/Click Continue Tooltip' is clicked on

2018-12-11 18:03:37 - [MESSAGE][PASSED] - Object: 'Object Repository/Final Object Repo/WorkFlow Listing Page/Click Continue Tooltip' is clicked on

2018-12-11 18:03:37 - [TEST_STEP][PASSED] - delay: Delayed 5 second(s)

2018-12-11 18:03:42 - [MESSAGE][PASSED] - Delayed 5 second(s)

2018-12-11 18:03:42 - [TEST_STEP][PASSED] - doubleClick: Object: 'Object Repository/Final Object Repo/WorkFlow Listing Page/Workflow Found - Listing 1' is double clicked on

2018-12-11 18:03:42 - [MESSAGE][PASSED] - Object: 'Object Repository/Final Object Repo/WorkFlow Listing Page/Workflow Found - Listing 1' is double clicked on

2018-12-11 18:03:42 - [TEST_STEP][PASSED] - Statement - println(OwnerID): null

2018-12-11 18:03:42 - [TEST_STEP][PASSED] - Statement - OwnerID = com.kms.katalon.core.webui.keyword.WebUiBuiltInKeywords.getText(com.kms.katalon.core.testobject.ObjectRepository.findTestObject(Final Object Repo/WorkFlow Listing Page/Workflow Found - Listing 1), STOP_ON_FAILURE): Text of object 'Object Repository/Final Object Repo/WorkFlow Listing Page/Workflow Found - Listing 1' is: 'JOHORro1'

2018-12-11 18:03:42 - [MESSAGE][PASSED] - Text of object 'Object Repository/Final Object Repo/WorkFlow Listing Page/Workflow Found - Listing 1' is: 'JOHORro1'

2018-12-11 18:03:42 - [TEST_STEP][PASSED] - Statement - OwnerID = OwnerID.toLowerCase() + "@gmail.com": null

2018-12-11 18:03:42 - [TEST_STEP][PASSED] - Statement - println(OwnerID): null

2018-12-11 18:03:42 - [TEST_STEP][PASSED] - delay: Delayed 2 second(s)

2018-12-11 18:03:44 - [MESSAGE][PASSED] - Delayed 2 second(s)

2018-12-11 18:03:44 - [MESSAGE][PASSED] - Call Test Case 'Test Cases/Final Aug 2018 - PKS Automation/Common/Workflow Owner Finder' successfully

2018-12-11 18:03:44 - [TEST_STEP][PASSED] - callTestCase: Call Test Case 'Test Cases/Final Aug 2018 - PKS Automation/Registration Module/Log Out/log out avoiding katalon tagging' successfully

2018-12-11 18:03:44 - [TEST_CASE][PASSED] - Test Cases/Final Aug 2018 - PKS Automation/Registration Module/Log Out/log out avoiding katalon tagging: Test Cases/Final Aug 2018 - PKS Automation/Registration Module/Log Out/log out avoiding katalon tagging

2018-12-11 18:03:44 - [TEST_STEP][PASSED] - navigateToUrl: Navigate to 'https://assist2-uat.perkeso.gov.my/c/portal/logout' successfully

2018-12-11 18:03:45 - [MESSAGE][PASSED] - Navigate to 'https://assist2-uat.perkeso.gov.my/c/portal/logout' successfully

2018-12-11 18:03:45 - [MESSAGE][PASSED] - Call Test Case 'Test Cases/Final Aug 2018 - PKS Automation/Registration Module/Log Out/log out avoiding katalon tagging' successfully

2018-12-11 18:03:45 - [TEST_STEP][PASSED] - delay: Delayed 2 second(s)

2018-12-11 18:03:47 - [MESSAGE][PASSED] - Delayed 2 second(s)

2018-12-11 18:03:47 - [TEST_STEP][PASSED] - setText: Text 'johorro1@gmail.com' is set on object 'Object Repository/Final Object Repo/Page_Update Add New Employee - ASSIST/Email TextBox'

2018-12-11 18:03:48 - [MESSAGE][PASSED] - Text 'johorro1@gmail.com' is set on object 'Object Repository/Final Object Repo/Page_Update Add New Employee - ASSIST/Email TextBox'

2018-12-11 18:03:48 - [TEST_STEP][PASSED] - click: Object: 'Object Repository/Final Object Repo/Page_Update Add New Employee - ASSIST/Next Button' is clicked on

2018-12-11 18:03:48 - [MESSAGE][PASSED] - Object: 'Object Repository/Final Object Repo/Page_Update Add New Employee - ASSIST/Next Button' is clicked on

2018-12-11 18:03:48 - [TEST_STEP][PASSED] - delay: Delayed 2 second(s)

2018-12-11 18:03:50 - [MESSAGE][PASSED] - Delayed 2 second(s)

2018-12-11 18:03:50 - [TEST_STEP][PASSED] - setText: Text 'Test1@3456789' is set on object 'Object Repository/Final Object Repo/Page_Update Add New Employee - ASSIST/Password TextBox'

2018-12-11 18:03:50 - [MESSAGE][PASSED] - Text 'Test1@3456789' is set on object 'Object Repository/Final Object Repo/Page_Update Add New Employee - ASSIST/Password TextBox'

2018-12-11 18:03:50 - [TEST_STEP][PASSED] - delay: Delayed 2 second(s)

2018-12-11 18:03:52 - [MESSAGE][PASSED] - Delayed 2 second(s)

2018-12-11 18:03:52 - [TEST_STEP][PASSED] - click: Object: 'Object Repository/Final Object Repo/Page_Update Add New Employee - ASSIST/Login Button' is clicked on

2018-12-11 18:03:52 - [MESSAGE][PASSED] - Object: 'Object Repository/Final Object Repo/Page_Update Add New Employee - ASSIST/Login Button' is clicked on

2018-12-11 18:03:52 - [TEST_STEP][PASSED] - delay: Delayed 4 second(s)

2018-12-11 18:03:56 - [MESSAGE][PASSED] - Delayed 4 second(s)

2018-12-11 18:03:56 - [TEST_STEP][PASSED] - Statement - Try: Delayed 2 second(s)

2018-12-11 18:03:56 - [TEST_STEP][PASSED] - Statement - Checker = false: null

2018-12-11 18:03:56 - [TEST_STEP][PASSED] - Statement - Checker = com.kms.katalon.core.webui.keyword.WebUiBuiltInKeywords.verifyElementHasAttribute(com.kms.katalon.core.testobject.ObjectRepository.findTestObject(Final Object Repo/Landing Page/BM Detecting), "href", 20, OPTIONAL): Object 'Object Repository/Final Object Repo/Landing Page/BM Detecting' has attribute 'href'

2018-12-11 18:03:56 - [MESSAGE][PASSED] - Object 'Object Repository/Final Object Repo/Landing Page/BM Detecting' has attribute 'href'

2018-12-11 18:03:56 - [TEST_STEP][PASSED] - Statement - out.println(Checker): null

2018-12-11 18:03:56 - [TEST_STEP][PASSED] - Statement - If (Checker == false): null

2018-12-11 18:03:56 - [TEST_STEP][PASSED] - Statement - Else: null

2018-12-11 18:03:56 - [TEST_STEP][PASSED] - delay: Delayed 2 second(s)

2018-12-11 18:03:58 - [MESSAGE][PASSED] - Delayed 2 second(s)

2018-12-11 18:03:58 - [TEST_STEP][PASSED] - delay: Delayed 4 second(s)

2018-12-11 18:04:02 - [MESSAGE][PASSED] - Delayed 4 second(s)

2018-12-11 18:04:02 - [TEST_STEP][PASSED] - click: Object: 'Object Repository/Final Object Repo/New Registration - Registration Module Pages/New Reg - OTC to RO/Special Case - All Related Objects/Expand to Search' is clicked on

2018-12-11 18:04:02 - [MESSAGE][PASSED] - Object: 'Object Repository/Final Object Repo/New Registration - Registration Module Pages/New Reg - OTC to RO/Special Case - All Related Objects/Expand to Search' is clicked on

2018-12-11 18:04:02 - [TEST_STEP][PASSED] - delay: Delayed 2 second(s)

2018-12-11 18:04:04 - [MESSAGE][PASSED] - Delayed 2 second(s)

2018-12-11 18:04:04 - [TEST_STEP][PASSED] - setText: Text 'CAN12201800002309' is set on object 'Object Repository/Final Object Repo/New Registration - Registration Module Pages/New Reg - OTC to RO/Special Case - All Related Objects/TextBox RefNo in Workbasket'

2018-12-11 18:04:05 - [MESSAGE][PASSED] - Text 'CAN12201800002309' is set on object 'Object Repository/Final Object Repo/New Registration - Registration Module Pages/New Reg - OTC to RO/Special Case - All Related Objects/TextBox RefNo in Workbasket'

2018-12-11 18:04:05 - [TEST_STEP][PASSED] - delay: Delayed 2 second(s)

2018-12-11 18:04:07 - [MESSAGE][PASSED] - Delayed 2 second(s)

2018-12-11 18:04:07 - [TEST_STEP][PASSED] - click: Object: 'Object Repository/Final Object Repo/New Registration - Registration Module Pages/New Reg - OTC to RO/Special Case - All Related Objects/Click Search' is clicked on

2018-12-11 18:04:07 - [MESSAGE][PASSED] - Object: 'Object Repository/Final Object Repo/New Registration - Registration Module Pages/New Reg - OTC to RO/Special Case - All Related Objects/Click Search' is clicked on

2018-12-11 18:04:07 - [TEST_STEP][PASSED] - delay: Delayed 2 second(s)

2018-12-11 18:04:09 - [MESSAGE][PASSED] - Delayed 2 second(s)

2018-12-11 18:04:09 - [TEST_STEP][PASSED] - click: Object: 'Object Repository/Final Object Repo/New Registration - Registration Module Pages/New Reg - OTC to RO/Special Case - All Related Objects/Click to Continue Workflow' is clicked on

2018-12-11 18:04:13 - [MESSAGE][PASSED] - Object: 'Object Repository/Final Object Repo/New Registration - Registration Module Pages/New Reg - OTC to RO/Special Case - All Related Objects/Click to Continue Workflow' is clicked on

2018-12-11 18:04:13 - [TEST_STEP][PASSED] - delay: Delayed 10 second(s)

2018-12-11 18:04:23 - [MESSAGE][PASSED] - Delayed 10 second(s)

2018-12-11 18:04:23 - [TEST_STEP][PASSED] - click: Object: 'Object Repository/Final Object Repo/New Registration - Registration Module Pages/New Reg - OTC to RO/Special Case - All Related Objects/Continue Button in verifying case' is clicked on

2018-12-11 18:04:27 - [MESSAGE][PASSED] - Object: 'Object Repository/Final Object Repo/New Registration - Registration Module Pages/New Reg - OTC to RO/Special Case - All Related Objects/Continue Button in verifying case' is clicked on

2018-12-11 18:04:27 - [TEST_STEP][PASSED] - delay: Delayed 2 second(s)

2018-12-11 18:04:29 - [MESSAGE][PASSED] - Delayed 2 second(s)

2018-12-11 18:04:29 - [TEST_STEP][PASSED] - click: Object: 'Object Repository/Final Object Repo/Page_Update Add New Employee - ASSIST/Save  Continue Button' is clicked on

2018-12-11 18:04:29 - [MESSAGE][PASSED] - Object: 'Object Repository/Final Object Repo/Page_Update Add New Employee - ASSIST/Save  Continue Button' is clicked on

2018-12-11 18:04:29 - [TEST_STEP][PASSED] - delay: Delayed 4 second(s)

2018-12-11 18:04:33 - [MESSAGE][PASSED] - Delayed 4 second(s)

2018-12-11 18:04:33 - [TEST_STEP][PASSED] - click: Object: 'Object Repository/Final Object Repo/Page_Update Add New Employee - ASSIST/Save  Continue Third Screen' is clicked on

2018-12-11 18:04:36 - [MESSAGE][PASSED] - Object: 'Object Repository/Final Object Repo/Page_Update Add New Employee - ASSIST/Save  Continue Third Screen' is clicked on

2018-12-11 18:04:36 - [TEST_STEP][PASSED] - delay: Delayed 4 second(s)

2018-12-11 18:04:40 - [MESSAGE][PASSED] - Delayed 4 second(s)

2018-12-11 18:04:40 - [TEST_STEP][PASSED] - setText: Text 'Query the Case' is set on object 'Object Repository/Final Object Repo/Page_Update Add New Employee - ASSIST/Query Text Input'

2018-12-11 18:04:40 - [MESSAGE][PASSED] - Text 'Query the Case' is set on object 'Object Repository/Final Object Repo/Page_Update Add New Employee - ASSIST/Query Text Input'

2018-12-11 18:04:40 - [TEST_STEP][PASSED] - delay: Delayed 4 second(s)

2018-12-11 18:04:44 - [MESSAGE][PASSED] - Delayed 4 second(s)

2018-12-11 18:04:44 - [TEST_STEP][PASSED] - click: Object: 'Object Repository/Final Object Repo/Page_Update Add New Employee - ASSIST/Save   Continue Supporting Doc Page' is clicked on

2018-12-11 18:04:44 - [MESSAGE][PASSED] - Object: 'Object Repository/Final Object Repo/Page_Update Add New Employee - ASSIST/Save   Continue Supporting Doc Page' is clicked on

2018-12-11 18:04:44 - [TEST_STEP][PASSED] - delay: Delayed 4 second(s)

2018-12-11 18:04:48 - [MESSAGE][PASSED] - Delayed 4 second(s)

2018-12-11 18:04:48 - [TEST_STEP][PASSED] - click: Object: 'Object Repository/Final Object Repo/Page_Update Add New Employee - ASSIST/Query Button' is clicked on

2018-12-11 18:04:48 - [MESSAGE][PASSED] - Object: 'Object Repository/Final Object Repo/Page_Update Add New Employee - ASSIST/Query Button' is clicked on

2018-12-11 18:04:48 - [TEST_STEP][PASSED] - delay: Delayed 4 second(s)

2018-12-11 18:04:52 - [MESSAGE][PASSED] - Delayed 4 second(s)

2018-12-11 18:04:52 - [TEST_STEP][PASSED] - click: Object: 'Object Repository/Final Object Repo/Page_Update Add New Employee - ASSIST/Confirm to Query' is clicked on

2018-12-11 18:04:53 - [MESSAGE][PASSED] - Object: 'Object Repository/Final Object Repo/Page_Update Add New Employee - ASSIST/Confirm to Query' is clicked on

2018-12-11 18:04:53 - [TEST_STEP][PASSED] - delay: Delayed 20 second(s)

2018-12-11 18:05:13 - [MESSAGE][PASSED] - Delayed 20 second(s)

2018-12-11 18:05:13 - [TEST_STEP][PASSED] - callTestCase: Call Test Case 'Test Cases/Final Aug 2018 - PKS Automation/Common/Screenshoting tool' successfully

2018-12-11 18:05:13 - [TEST_CASE][PASSED] - Test Cases/Final Aug 2018 - PKS Automation/Common/Screenshoting tool: Test Cases/Final Aug 2018 - PKS Automation/Common/Screenshoting tool

2018-12-11 18:05:13 - [TEST_STEP][PASSED] - delay: Delayed 15 second(s)

2018-12-11 18:05:28 - [MESSAGE][PASSED] - Delayed 15 second(s)

2018-12-11 18:05:28 - [TEST_STEP][PASSED] - Statement - driver = com.kms.katalon.core.webui.driver.DriverFactory.getWebDriver(): null

2018-12-11 18:05:28 - [TEST_STEP][PASSED] - Statement - driver.manage().timeouts().implicitlyWait(10, SECONDS): null

2018-12-11 18:05:28 - [TEST_STEP][PASSED] - Statement - PresavePath = KatalonScreenshots: null

2018-12-11 18:05:28 - [TEST_STEP][PASSED] - Statement - pathPrefix = "C:\Users\Public\Pictures\Sample Pictures\Katalon Screenshots\Automate Ending Screen": null

2018-12-11 18:05:28 - [TEST_STEP][PASSED] - Statement - finalPath = <not implemented yet for class: org.codehaus.groovy.ast.expr.EmptyExpression>: null

2018-12-11 18:05:28 - [TEST_STEP][PASSED] - Statement - scrFile = driver.getScreenshotAs(FILE): null

2018-12-11 18:05:28 - [TEST_STEP][PASSED] - Statement - PreSaveFile = new java.io.File(PresavePath): null

2018-12-11 18:05:28 - [TEST_STEP][PASSED] - Statement - counter = 0: null

2018-12-11 18:05:28 - [TEST_STEP][PASSED] - Statement - If (PreSaveFile.exists()): null

2018-12-11 18:05:28 - [TEST_STEP][PASSED] - Statement - While (PreSaveFile.exists()): null

2018-12-11 18:05:28 - [TEST_STEP][PASSED] - Statement - counter = counter + 1: null

2018-12-11 18:05:28 - [TEST_STEP][PASSED] - Statement - PreSaveFile = new java.io.File(((pathPrefix + java.lang.Integer.toString(counter)) + .png)): null

2018-12-11 18:05:28 - [TEST_STEP][PASSED] - Statement - counter = counter + 1: null

2018-12-11 18:05:28 - [TEST_STEP][PASSED] - Statement - PreSaveFile = new java.io.File(((pathPrefix + java.lang.Integer.toString(counter)) + .png)): null

2018-12-11 18:05:28 - [TEST_STEP][PASSED] - Statement - counter = counter + 1: null

2018-12-11 18:05:28 - [TEST_STEP][PASSED] - Statement - PreSaveFile = new java.io.File(((pathPrefix + java.lang.Integer.toString(counter)) + .png)): null

2018-12-11 18:05:28 - [TEST_STEP][PASSED] - Statement - counter = counter + 1: null

2018-12-11 18:05:28 - [TEST_STEP][PASSED] - Statement - PreSaveFile = new java.io.File(((pathPrefix + java.lang.Integer.toString(counter)) + .png)): null

2018-12-11 18:05:28 - [TEST_STEP][PASSED] - Statement - counter = counter + 1: null

2018-12-11 18:05:28 - [TEST_STEP][PASSED] - Statement - PreSaveFile = new java.io.File(((pathPrefix + java.lang.Integer.toString(counter)) + .png)): null

2018-12-11 18:05:28 - [TEST_STEP][PASSED] - Statement - counter = counter + 1: null

2018-12-11 18:05:28 - [TEST_STEP][PASSED] - Statement - PreSaveFile = new java.io.File(((pathPrefix + java.lang.Integer.toString(counter)) + .png)): null

2018-12-11 18:05:28 - [TEST_STEP][PASSED] - Statement - counter = counter + 1: null

2018-12-11 18:05:28 - [TEST_STEP][PASSED] - Statement - PreSaveFile = new java.io.File(((pathPrefix + java.lang.Integer.toString(counter)) + .png)): null

2018-12-11 18:05:28 - [TEST_STEP][PASSED] - Statement - counter = counter + 1: null

2018-12-11 18:05:28 - [TEST_STEP][PASSED] - Statement - PreSaveFile = new java.io.File(((pathPrefix + java.lang.Integer.toString(counter)) + .png)): null

2018-12-11 18:05:28 - [TEST_STEP][PASSED] - Statement - counter = counter + 1: null

2018-12-11 18:05:28 - [TEST_STEP][PASSED] - Statement - PreSaveFile = new java.io.File(((pathPrefix + java.lang.Integer.toString(counter)) + .png)): null

2018-12-11 18:05:28 - [TEST_STEP][PASSED] - Statement - counter = counter + 1: null

2018-12-11 18:05:28 - [TEST_STEP][PASSED] - Statement - PreSaveFile = new java.io.File(((pathPrefix + java.lang.Integer.toString(counter)) + .png)): null

2018-12-11 18:05:28 - [TEST_STEP][PASSED] - Statement - counter = counter + 1: null

2018-12-11 18:05:28 - [TEST_STEP][PASSED] - Statement - PreSaveFile = new java.io.File(((pathPrefix + java.lang.Integer.toString(counter)) + .png)): null

2018-12-11 18:05:28 - [TEST_STEP][PASSED] - Statement - counter = counter + 1: null

2018-12-11 18:05:28 - [TEST_STEP][PASSED] - Statement - PreSaveFile = new java.io.File(((pathPrefix + java.lang.Integer.toString(counter)) + .png)): null

2018-12-11 18:05:28 - [TEST_STEP][PASSED] - Statement - counter = counter + 1: null

2018-12-11 18:05:28 - [TEST_STEP][PASSED] - Statement - PreSaveFile = new java.io.File(((pathPrefix + java.lang.Integer.toString(counter)) + .png)): null

2018-12-11 18:05:28 - [TEST_STEP][PASSED] - Statement - counter = counter + 1: null

2018-12-11 18:05:28 - [TEST_STEP][PASSED] - Statement - PreSaveFile = new java.io.File(((pathPrefix + java.lang.Integer.toString(counter)) + .png)): null

2018-12-11 18:05:28 - [TEST_STEP][PASSED] - Statement - counter = counter + 1: null

2018-12-11 18:05:28 - [TEST_STEP][PASSED] - Statement - PreSaveFile = new java.io.File(((pathPrefix + java.lang.Integer.toString(counter)) + .png)): null

2018-12-11 18:05:28 - [TEST_STEP][PASSED] - Statement - counter = counter + 1: null

2018-12-11 18:05:28 - [TEST_STEP][PASSED] - Statement - PreSaveFile = new java.io.File(((pathPrefix + java.lang.Integer.toString(counter)) + .png)): null

2018-12-11 18:05:28 - [TEST_STEP][PASSED] - Statement - counter = counter + 1: null

2018-12-11 18:05:28 - [TEST_STEP][PASSED] - Statement - PreSaveFile = new java.io.File(((pathPrefix + java.lang.Integer.toString(counter)) + .png)): null

2018-12-11 18:05:28 - [TEST_STEP][PASSED] - Statement - counter = counter + 1: null

2018-12-11 18:05:28 - [TEST_STEP][PASSED] - Statement - PreSaveFile = new java.io.File(((pathPrefix + java.lang.Integer.toString(counter)) + .png)): null

2018-12-11 18:05:28 - [TEST_STEP][PASSED] - Statement - counter = counter + 1: null

2018-12-11 18:05:28 - [TEST_STEP][PASSED] - Statement - PreSaveFile = new java.io.File(((pathPrefix + java.lang.Integer.toString(counter)) + .png)): null

2018-12-11 18:05:28 - [TEST_STEP][PASSED] - Statement - counter = counter + 1: null

2018-12-11 18:05:28 - [TEST_STEP][PASSED] - Statement - PreSaveFile = new java.io.File(((pathPrefix + java.lang.Integer.toString(counter)) + .png)): null

2018-12-11 18:05:28 - [TEST_STEP][PASSED] - Statement - counter = counter + 1: null

2018-12-11 18:05:28 - [TEST_STEP][PASSED] - Statement - PreSaveFile = new java.io.File(((pathPrefix + java.lang.Integer.toString(counter)) + .png)): null

2018-12-11 18:05:28 - [TEST_STEP][PASSED] - Statement - counter = counter + 1: null

2018-12-11 18:05:28 - [TEST_STEP][PASSED] - Statement - PreSaveFile = new java.io.File(((pathPrefix + java.lang.Integer.toString(counter)) + .png)): null

2018-12-11 18:05:28 - [TEST_STEP][PASSED] - Statement - counter = counter + 1: null

2018-12-11 18:05:28 - [TEST_STEP][PASSED] - Statement - PreSaveFile = new java.io.File(((pathPrefix + java.lang.Integer.toString(counter)) + .png)): null

2018-12-11 18:05:28 - [TEST_STEP][PASSED] - Statement - counter = counter + 1: null

2018-12-11 18:05:28 - [TEST_STEP][PASSED] - Statement - PreSaveFile = new java.io.File(((pathPrefix + java.lang.Integer.toString(counter)) + .png)): null

2018-12-11 18:05:28 - [TEST_STEP][PASSED] - Statement - counter = counter + 1: null

2018-12-11 18:05:28 - [TEST_STEP][PASSED] - Statement - PreSaveFile = new java.io.File(((pathPrefix + java.lang.Integer.toString(counter)) + .png)): null

2018-12-11 18:05:28 - [TEST_STEP][PASSED] - Statement - counter = counter + 1: null

2018-12-11 18:05:28 - [TEST_STEP][PASSED] - Statement - PreSaveFile = new java.io.File(((pathPrefix + java.lang.Integer.toString(counter)) + .png)): null

2018-12-11 18:05:28 - [TEST_STEP][PASSED] - Statement - counter = counter + 1: null

2018-12-11 18:05:28 - [TEST_STEP][PASSED] - Statement - PreSaveFile = new java.io.File(((pathPrefix + java.lang.Integer.toString(counter)) + .png)): null

2018-12-11 18:05:28 - [TEST_STEP][PASSED] - Statement - counter = counter + 1: null

2018-12-11 18:05:28 - [TEST_STEP][PASSED] - Statement - PreSaveFile = new java.io.File(((pathPrefix + java.lang.Integer.toString(counter)) + .png)): null

2018-12-11 18:05:28 - [TEST_STEP][PASSED] - Statement - counter = counter + 1: null

2018-12-11 18:05:28 - [TEST_STEP][PASSED] - Statement - PreSaveFile = new java.io.File(((pathPrefix + java.lang.Integer.toString(counter)) + .png)): null

2018-12-11 18:05:28 - [TEST_STEP][PASSED] - Statement - counter = counter + 1: null

2018-12-11 18:05:28 - [TEST_STEP][PASSED] - Statement - PreSaveFile = new java.io.File(((pathPrefix + java.lang.Integer.toString(counter)) + .png)): null

2018-12-11 18:05:28 - [TEST_STEP][PASSED] - Statement - counter = counter + 1: null

2018-12-11 18:05:28 - [TEST_STEP][PASSED] - Statement - PreSaveFile = new java.io.File(((pathPrefix + java.lang.Integer.toString(counter)) + .png)): null

2018-12-11 18:05:28 - [TEST_STEP][PASSED] - Statement - counter = counter + 1: null

2018-12-11 18:05:28 - [TEST_STEP][PASSED] - Statement - PreSaveFile = new java.io.File(((pathPrefix + java.lang.Integer.toString(counter)) + .png)): null

2018-12-11 18:05:28 - [TEST_STEP][PASSED] - Statement - counter = counter + 1: null

2018-12-11 18:05:28 - [TEST_STEP][PASSED] - Statement - PreSaveFile = new java.io.File(((pathPrefix + java.lang.Integer.toString(counter)) + .png)): null

2018-12-11 18:05:28 - [TEST_STEP][PASSED] - Statement - counter = counter + 1: null

2018-12-11 18:05:28 - [TEST_STEP][PASSED] - Statement - PreSaveFile = new java.io.File(((pathPrefix + java.lang.Integer.toString(counter)) + .png)): null

2018-12-11 18:05:28 - [TEST_STEP][PASSED] - Statement - counter = counter + 1: null

2018-12-11 18:05:28 - [TEST_STEP][PASSED] - Statement - PreSaveFile = new java.io.File(((pathPrefix + java.lang.Integer.toString(counter)) + .png)): null

2018-12-11 18:05:28 - [TEST_STEP][PASSED] - Statement - counter = counter + 1: null

2018-12-11 18:05:28 - [TEST_STEP][PASSED] - Statement - PreSaveFile = new java.io.File(((pathPrefix + java.lang.Integer.toString(counter)) + .png)): null

2018-12-11 18:05:28 - [TEST_STEP][PASSED] - Statement - counter = counter + 1: null

2018-12-11 18:05:28 - [TEST_STEP][PASSED] - Statement - PreSaveFile = new java.io.File(((pathPrefix + java.lang.Integer.toString(counter)) + .png)): null

2018-12-11 18:05:28 - [TEST_STEP][PASSED] - Statement - counter = counter + 1: null

2018-12-11 18:05:28 - [TEST_STEP][PASSED] - Statement - PreSaveFile = new java.io.File(((pathPrefix + java.lang.Integer.toString(counter)) + .png)): null

2018-12-11 18:05:28 - [TEST_STEP][PASSED] - Statement - counter = counter + 1: null

2018-12-11 18:05:28 - [TEST_STEP][PASSED] - Statement - PreSaveFile = new java.io.File(((pathPrefix + java.lang.Integer.toString(counter)) + .png)): null

2018-12-11 18:05:28 - [TEST_STEP][PASSED] - Statement - counter = counter + 1: null

2018-12-11 18:05:28 - [TEST_STEP][PASSED] - Statement - PreSaveFile = new java.io.File(((pathPrefix + java.lang.Integer.toString(counter)) + .png)): null

2018-12-11 18:05:28 - [TEST_STEP][PASSED] - Statement - counter = counter + 1: null

2018-12-11 18:05:28 - [TEST_STEP][PASSED] - Statement - PreSaveFile = new java.io.File(((pathPrefix + java.lang.Integer.toString(counter)) + .png)): null

2018-12-11 18:05:28 - [TEST_STEP][PASSED] - Statement - counter = counter + 1: null

2018-12-11 18:05:28 - [TEST_STEP][PASSED] - Statement - PreSaveFile = new java.io.File(((pathPrefix + java.lang.Integer.toString(counter)) + .png)): null

2018-12-11 18:05:28 - [TEST_STEP][PASSED] - Statement - counter = counter + 1: null

2018-12-11 18:05:28 - [TEST_STEP][PASSED] - Statement - PreSaveFile = new java.io.File(((pathPrefix + java.lang.Integer.toString(counter)) + .png)): null

2018-12-11 18:05:28 - [TEST_STEP][PASSED] - Statement - counter = counter + 1: null

2018-12-11 18:05:28 - [TEST_STEP][PASSED] - Statement - PreSaveFile = new java.io.File(((pathPrefix + java.lang.Integer.toString(counter)) + .png)): null

2018-12-11 18:05:28 - [TEST_STEP][PASSED] - Statement - counter = counter + 1: null

2018-12-11 18:05:28 - [TEST_STEP][PASSED] - Statement - PreSaveFile = new java.io.File(((pathPrefix + java.lang.Integer.toString(counter)) + .png)): null

2018-12-11 18:05:28 - [TEST_STEP][PASSED] - Statement - counter = counter + 1: null

2018-12-11 18:05:28 - [TEST_STEP][PASSED] - Statement - PreSaveFile = new java.io.File(((pathPrefix + java.lang.Integer.toString(counter)) + .png)): null

2018-12-11 18:05:28 - [TEST_STEP][PASSED] - Statement - counter = counter + 1: null

2018-12-11 18:05:28 - [TEST_STEP][PASSED] - Statement - PreSaveFile = new java.io.File(((pathPrefix + java.lang.Integer.toString(counter)) + .png)): null

2018-12-11 18:05:28 - [TEST_STEP][PASSED] - Statement - counter = counter + 1: null

2018-12-11 18:05:28 - [TEST_STEP][PASSED] - Statement - PreSaveFile = new java.io.File(((pathPrefix + java.lang.Integer.toString(counter)) + .png)): null

2018-12-11 18:05:28 - [TEST_STEP][PASSED] - Statement - counter = counter + 1: null

2018-12-11 18:05:28 - [TEST_STEP][PASSED] - Statement - PreSaveFile = new java.io.File(((pathPrefix + java.lang.Integer.toString(counter)) + .png)): null

2018-12-11 18:05:28 - [TEST_STEP][PASSED] - Statement - counter = counter + 1: null

2018-12-11 18:05:28 - [TEST_STEP][PASSED] - Statement - PreSaveFile = new java.io.File(((pathPrefix + java.lang.Integer.toString(counter)) + .png)): null

2018-12-11 18:05:28 - [TEST_STEP][PASSED] - Statement - counter = counter + 1: null

2018-12-11 18:05:28 - [TEST_STEP][PASSED] - Statement - PreSaveFile = new java.io.File(((pathPrefix + java.lang.Integer.toString(counter)) + .png)): null

2018-12-11 18:05:28 - [TEST_STEP][PASSED] - Statement - counter = counter + 1: null

2018-12-11 18:05:28 - [TEST_STEP][PASSED] - Statement - PreSaveFile = new java.io.File(((pathPrefix + java.lang.Integer.toString(counter)) + .png)): null

2018-12-11 18:05:28 - [TEST_STEP][PASSED] - Statement - counter = counter + 1: null

2018-12-11 18:05:28 - [TEST_STEP][PASSED] - Statement - PreSaveFile = new java.io.File(((pathPrefix + java.lang.Integer.toString(counter)) + .png)): null

2018-12-11 18:05:28 - [TEST_STEP][PASSED] - Statement - counter = counter + 1: null

2018-12-11 18:05:28 - [TEST_STEP][PASSED] - Statement - PreSaveFile = new java.io.File(((pathPrefix + java.lang.Integer.toString(counter)) + .png)): null

2018-12-11 18:05:28 - [TEST_STEP][PASSED] - Statement - counter = counter + 1: null

2018-12-11 18:05:28 - [TEST_STEP][PASSED] - Statement - PreSaveFile = new java.io.File(((pathPrefix + java.lang.Integer.toString(counter)) + .png)): null

2018-12-11 18:05:28 - [TEST_STEP][PASSED] - Statement - counter = counter + 1: null

2018-12-11 18:05:28 - [TEST_STEP][PASSED] - Statement - PreSaveFile = new java.io.File(((pathPrefix + java.lang.Integer.toString(counter)) + .png)): null

2018-12-11 18:05:28 - [TEST_STEP][PASSED] - Statement - counter = counter + 1: null

2018-12-11 18:05:28 - [TEST_STEP][PASSED] - Statement - PreSaveFile = new java.io.File(((pathPrefix + java.lang.Integer.toString(counter)) + .png)): null

2018-12-11 18:05:28 - [TEST_STEP][PASSED] - Statement - counter = counter + 1: null

2018-12-11 18:05:28 - [TEST_STEP][PASSED] - Statement - PreSaveFile = new java.io.File(((pathPrefix + java.lang.Integer.toString(counter)) + .png)): null

2018-12-11 18:05:28 - [TEST_STEP][PASSED] - Statement - counter = counter + 1: null

2018-12-11 18:05:28 - [TEST_STEP][PASSED] - Statement - PreSaveFile = new java.io.File(((pathPrefix + java.lang.Integer.toString(counter)) + .png)): null

2018-12-11 18:05:28 - [TEST_STEP][PASSED] - Statement - counter = counter + 1: null

2018-12-11 18:05:28 - [TEST_STEP][PASSED] - Statement - PreSaveFile = new java.io.File(((pathPrefix + java.lang.Integer.toString(counter)) + .png)): null

2018-12-11 18:05:28 - [TEST_STEP][PASSED] - Statement - counter = counter + 1: null

2018-12-11 18:05:28 - [TEST_STEP][PASSED] - Statement - PreSaveFile = new java.io.File(((pathPrefix + java.lang.Integer.toString(counter)) + .png)): null

2018-12-11 18:05:28 - [TEST_STEP][PASSED] - Statement - counter = counter + 1: null

2018-12-11 18:05:28 - [TEST_STEP][PASSED] - Statement - PreSaveFile = new java.io.File(((pathPrefix + java.lang.Integer.toString(counter)) + .png)): null

2018-12-11 18:05:28 - [TEST_STEP][PASSED] - Statement - counter = counter + 1: null

2018-12-11 18:05:28 - [TEST_STEP][PASSED] - Statement - PreSaveFile = new java.io.File(((pathPrefix + java.lang.Integer.toString(counter)) + .png)): null

2018-12-11 18:05:28 - [TEST_STEP][PASSED] - Statement - counter = counter + 1: null

2018-12-11 18:05:28 - [TEST_STEP][PASSED] - Statement - PreSaveFile = new java.io.File(((pathPrefix + java.lang.Integer.toString(counter)) + .png)): null

2018-12-11 18:05:28 - [TEST_STEP][PASSED] - Statement - counter = counter + 1: null

2018-12-11 18:05:28 - [TEST_STEP][PASSED] - Statement - PreSaveFile = new java.io.File(((pathPrefix + java.lang.Integer.toString(counter)) + .png)): null

2018-12-11 18:05:28 - [TEST_STEP][PASSED] - Statement - counter = counter + 1: null

2018-12-11 18:05:28 - [TEST_STEP][PASSED] - Statement - PreSaveFile = new java.io.File(((pathPrefix + java.lang.Integer.toString(counter)) + .png)): null

2018-12-11 18:05:28 - [TEST_STEP][PASSED] - Statement - counter = counter + 1: null

2018-12-11 18:05:28 - [TEST_STEP][PASSED] - Statement - PreSaveFile = new java.io.File(((pathPrefix + java.lang.Integer.toString(counter)) + .png)): null

2018-12-11 18:05:28 - [TEST_STEP][PASSED] - Statement - counter = counter + 1: null

2018-12-11 18:05:28 - [TEST_STEP][PASSED] - Statement - PreSaveFile = new java.io.File(((pathPrefix + java.lang.Integer.toString(counter)) + .png)): null

2018-12-11 18:05:28 - [TEST_STEP][PASSED] - Statement - counter = counter + 1: null

2018-12-11 18:05:28 - [TEST_STEP][PASSED] - Statement - PreSaveFile = new java.io.File(((pathPrefix + java.lang.Integer.toString(counter)) + .png)): null

2018-12-11 18:05:28 - [TEST_STEP][PASSED] - Statement - counter = counter + 1: null

2018-12-11 18:05:28 - [TEST_STEP][PASSED] - Statement - PreSaveFile = new java.io.File(((pathPrefix + java.lang.Integer.toString(counter)) + .png)): null

2018-12-11 18:05:28 - [TEST_STEP][PASSED] - Statement - counter = counter + 1: null

2018-12-11 18:05:28 - [TEST_STEP][PASSED] - Statement - PreSaveFile = new java.io.File(((pathPrefix + java.lang.Integer.toString(counter)) + .png)): null

2018-12-11 18:05:28 - [TEST_STEP][PASSED] - Statement - counter = counter + 1: null

2018-12-11 18:05:28 - [TEST_STEP][PASSED] - Statement - PreSaveFile = new java.io.File(((pathPrefix + java.lang.Integer.toString(counter)) + .png)): null

2018-12-11 18:05:28 - [TEST_STEP][PASSED] - Statement - counter = counter + 1: null

2018-12-11 18:05:28 - [TEST_STEP][PASSED] - Statement - PreSaveFile = new java.io.File(((pathPrefix + java.lang.Integer.toString(counter)) + .png)): null

2018-12-11 18:05:28 - [TEST_STEP][PASSED] - Statement - counter = counter + 1: null

2018-12-11 18:05:28 - [TEST_STEP][PASSED] - Statement - PreSaveFile = new java.io.File(((pathPrefix + java.lang.Integer.toString(counter)) + .png)): null

2018-12-11 18:05:28 - [TEST_STEP][PASSED] - Statement - counter = counter + 1: null

2018-12-11 18:05:28 - [TEST_STEP][PASSED] - Statement - PreSaveFile = new java.io.File(((pathPrefix + java.lang.Integer.toString(counter)) + .png)): null

2018-12-11 18:05:28 - [TEST_STEP][PASSED] - Statement - counter = counter + 1: null

2018-12-11 18:05:28 - [TEST_STEP][PASSED] - Statement - PreSaveFile = new java.io.File(((pathPrefix + java.lang.Integer.toString(counter)) + .png)): null

2018-12-11 18:05:28 - [TEST_STEP][PASSED] - Statement - counter = counter + 1: null

2018-12-11 18:05:28 - [TEST_STEP][PASSED] - Statement - PreSaveFile = new java.io.File(((pathPrefix + java.lang.Integer.toString(counter)) + .png)): null

2018-12-11 18:05:28 - [TEST_STEP][PASSED] - Statement - counter = counter + 1: null

2018-12-11 18:05:28 - [TEST_STEP][PASSED] - Statement - PreSaveFile = new java.io.File(((pathPrefix + java.lang.Integer.toString(counter)) + .png)): null

2018-12-11 18:05:28 - [TEST_STEP][PASSED] - Statement - counter = counter + 1: null

2018-12-11 18:05:28 - [TEST_STEP][PASSED] - Statement - PreSaveFile = new java.io.File(((pathPrefix + java.lang.Integer.toString(counter)) + .png)): null

2018-12-11 18:05:28 - [TEST_STEP][PASSED] - Statement - counter = counter + 1: null

2018-12-11 18:05:28 - [TEST_STEP][PASSED] - Statement - PreSaveFile = new java.io.File(((pathPrefix + java.lang.Integer.toString(counter)) + .png)): null

2018-12-11 18:05:28 - [TEST_STEP][PASSED] - Statement - counter = counter + 1: null

2018-12-11 18:05:28 - [TEST_STEP][PASSED] - Statement - PreSaveFile = new java.io.File(((pathPrefix + java.lang.Integer.toString(counter)) + .png)): null

2018-12-11 18:05:28 - [TEST_STEP][PASSED] - Statement - counter = counter + 1: null

2018-12-11 18:05:28 - [TEST_STEP][PASSED] - Statement - PreSaveFile = new java.io.File(((pathPrefix + java.lang.Integer.toString(counter)) + .png)): null

2018-12-11 18:05:28 - [TEST_STEP][PASSED] - Statement - counter = counter + 1: null

2018-12-11 18:05:28 - [TEST_STEP][PASSED] - Statement - PreSaveFile = new java.io.File(((pathPrefix + java.lang.Integer.toString(counter)) + .png)): null

2018-12-11 18:05:28 - [TEST_STEP][PASSED] - Statement - counter = counter + 1: null

2018-12-11 18:05:28 - [TEST_STEP][PASSED] - Statement - PreSaveFile = new java.io.File(((pathPrefix + java.lang.Integer.toString(counter)) + .png)): null

2018-12-11 18:05:28 - [TEST_STEP][PASSED] - Statement - counter = counter + 1: null

2018-12-11 18:05:28 - [TEST_STEP][PASSED] - Statement - PreSaveFile = new java.io.File(((pathPrefix + java.lang.Integer.toString(counter)) + .png)): null

2018-12-11 18:05:28 - [TEST_STEP][PASSED] - Statement - counter = counter + 1: null

2018-12-11 18:05:28 - [TEST_STEP][PASSED] - Statement - PreSaveFile = new java.io.File(((pathPrefix + java.lang.Integer.toString(counter)) + .png)): null

2018-12-11 18:05:28 - [TEST_STEP][PASSED] - Statement - counter = counter + 1: null

2018-12-11 18:05:28 - [TEST_STEP][PASSED] - Statement - PreSaveFile = new java.io.File(((pathPrefix + java.lang.Integer.toString(counter)) + .png)): null

2018-12-11 18:05:28 - [TEST_STEP][PASSED] - Statement - counter = counter + 1: null

2018-12-11 18:05:28 - [TEST_STEP][PASSED] - Statement - PreSaveFile = new java.io.File(((pathPrefix + java.lang.Integer.toString(counter)) + .png)): null

2018-12-11 18:05:28 - [TEST_STEP][PASSED] - Statement - counter = counter + 1: null

2018-12-11 18:05:28 - [TEST_STEP][PASSED] - Statement - PreSaveFile = new java.io.File(((pathPrefix + java.lang.Integer.toString(counter)) + .png)): null

2018-12-11 18:05:28 - [TEST_STEP][PASSED] - Statement - counter = counter + 1: null

2018-12-11 18:05:28 - [TEST_STEP][PASSED] - Statement - PreSaveFile = new java.io.File(((pathPrefix + java.lang.Integer.toString(counter)) + .png)): null

2018-12-11 18:05:28 - [TEST_STEP][PASSED] - Statement - counter = counter + 1: null

2018-12-11 18:05:28 - [TEST_STEP][PASSED] - Statement - PreSaveFile = new java.io.File(((pathPrefix + java.lang.Integer.toString(counter)) + .png)): null

2018-12-11 18:05:28 - [TEST_STEP][PASSED] - Statement - counter = counter + 1: null

2018-12-11 18:05:28 - [TEST_STEP][PASSED] - Statement - PreSaveFile = new java.io.File(((pathPrefix + java.lang.Integer.toString(counter)) + .png)): null

2018-12-11 18:05:28 - [TEST_STEP][PASSED] - Statement - counter = counter + 1: null

2018-12-11 18:05:28 - [TEST_STEP][PASSED] - Statement - PreSaveFile = new java.io.File(((pathPrefix + java.lang.Integer.toString(counter)) + .png)): null

2018-12-11 18:05:28 - [TEST_STEP][PASSED] - Statement - counter = counter + 1: null

2018-12-11 18:05:28 - [TEST_STEP][PASSED] - Statement - PreSaveFile = new java.io.File(((pathPrefix + java.lang.Integer.toString(counter)) + .png)): null

2018-12-11 18:05:28 - [TEST_STEP][PASSED] - Statement - counter = counter + 1: null

2018-12-11 18:05:28 - [TEST_STEP][PASSED] - Statement - PreSaveFile = new java.io.File(((pathPrefix + java.lang.Integer.toString(counter)) + .png)): null

2018-12-11 18:05:28 - [TEST_STEP][PASSED] - Statement - counter = counter + 1: null

2018-12-11 18:05:28 - [TEST_STEP][PASSED] - Statement - PreSaveFile = new java.io.File(((pathPrefix + java.lang.Integer.toString(counter)) + .png)): null

2018-12-11 18:05:28 - [TEST_STEP][PASSED] - Statement - counter = counter + 1: null

2018-12-11 18:05:28 - [TEST_STEP][PASSED] - Statement - PreSaveFile = new java.io.File(((pathPrefix + java.lang.Integer.toString(counter)) + .png)): null

2018-12-11 18:05:28 - [TEST_STEP][PASSED] - Statement - counter = counter + 1: null

2018-12-11 18:05:28 - [TEST_STEP][PASSED] - Statement - PreSaveFile = new java.io.File(((pathPrefix + java.lang.Integer.toString(counter)) + .png)): null

2018-12-11 18:05:28 - [TEST_STEP][PASSED] - Statement - counter = counter + 1: null

2018-12-11 18:05:28 - [TEST_STEP][PASSED] - Statement - PreSaveFile = new java.io.File(((pathPrefix + java.lang.Integer.toString(counter)) + .png)): null

2018-12-11 18:05:28 - [TEST_STEP][PASSED] - Statement - counter = counter + 1: null

2018-12-11 18:05:28 - [TEST_STEP][PASSED] - Statement - PreSaveFile = new java.io.File(((pathPrefix + java.lang.Integer.toString(counter)) + .png)): null

2018-12-11 18:05:28 - [TEST_STEP][PASSED] - Statement - counter = counter + 1: null

2018-12-11 18:05:28 - [TEST_STEP][PASSED] - Statement - PreSaveFile = new java.io.File(((pathPrefix + java.lang.Integer.toString(counter)) + .png)): null

2018-12-11 18:05:28 - [TEST_STEP][PASSED] - Statement - counter = counter + 1: null

2018-12-11 18:05:28 - [TEST_STEP][PASSED] - Statement - PreSaveFile = new java.io.File(((pathPrefix + java.lang.Integer.toString(counter)) + .png)): null

2018-12-11 18:05:28 - [TEST_STEP][PASSED] - Statement - counter = counter + 1: null

2018-12-11 18:05:28 - [TEST_STEP][PASSED] - Statement - PreSaveFile = new java.io.File(((pathPrefix + java.lang.Integer.toString(counter)) + .png)): null

2018-12-11 18:05:28 - [TEST_STEP][PASSED] - Statement - counter = counter + 1: null

2018-12-11 18:05:28 - [TEST_STEP][PASSED] - Statement - PreSaveFile = new java.io.File(((pathPrefix + java.lang.Integer.toString(counter)) + .png)): null

2018-12-11 18:05:28 - [TEST_STEP][PASSED] - Statement - counter = counter + 1: null

2018-12-11 18:05:28 - [TEST_STEP][PASSED] - Statement - PreSaveFile = new java.io.File(((pathPrefix + java.lang.Integer.toString(counter)) + .png)): null

2018-12-11 18:05:28 - [TEST_STEP][PASSED] - Statement - counter = counter + 1: null

2018-12-11 18:05:28 - [TEST_STEP][PASSED] - Statement - PreSaveFile = new java.io.File(((pathPrefix + java.lang.Integer.toString(counter)) + .png)): null

2018-12-11 18:05:28 - [TEST_STEP][PASSED] - Statement - counter = counter + 1: null

2018-12-11 18:05:28 - [TEST_STEP][PASSED] - Statement - PreSaveFile = new java.io.File(((pathPrefix + java.lang.Integer.toString(counter)) + .png)): null

2018-12-11 18:05:28 - [TEST_STEP][PASSED] - Statement - finalPath = pathPrefix + java.lang.Integer.toString(counter) + ".png": null

2018-12-11 18:05:28 - [TEST_STEP][PASSED] - Statement - SaveFile = new java.io.File(finalPath): null

2018-12-11 18:05:28 - [TEST_STEP][PASSED] - Statement - Try: null

2018-12-11 18:05:28 - [TEST_STEP][PASSED] - Statement - org.apache.commons.io.FileUtils.copyFile(scrFile, SaveFile): null

2018-12-11 18:05:28 - [TEST_STEP][PASSED] - Statement - out.println("file kept"): null

2018-12-11 18:05:28 - [TEST_STEP][PASSED] - delay: Delayed 10 second(s)

2018-12-11 18:05:38 - [MESSAGE][PASSED] - Delayed 10 second(s)

2018-12-11 18:05:38 - [MESSAGE][PASSED] - Call Test Case 'Test Cases/Final Aug 2018 - PKS Automation/Common/Screenshoting tool' successfully

2018-12-11 18:05:38 - [TEST_STEP][PASSED] - callTestCase: Call Test Case 'Test Cases/Final Aug 2018 - PKS Automation/Registration Module/Log Out/log out avoiding katalon tagging' successfully

2018-12-11 18:05:39 - [TEST_CASE][PASSED] - Test Cases/Final Aug 2018 - PKS Automation/Registration Module/Log Out/log out avoiding katalon tagging: Test Cases/Final Aug 2018 - PKS Automation/Registration Module/Log Out/log out avoiding katalon tagging

2018-12-11 18:05:39 - [TEST_STEP][PASSED] - navigateToUrl: Navigate to 'https://assist2-uat.perkeso.gov.my/c/portal/logout' successfully

2018-12-11 18:05:39 - [MESSAGE][PASSED] - Navigate to 'https://assist2-uat.perkeso.gov.my/c/portal/logout' successfully

2018-12-11 18:05:39 - [MESSAGE][PASSED] - Call Test Case 'Test Cases/Final Aug 2018 - PKS Automation/Registration Module/Log Out/log out avoiding katalon tagging' successfully

2018-12-11 18:05:39 - [TEST_STEP][PASSED] - delay: Delayed 4 second(s)

2018-12-11 18:05:43 - [MESSAGE][PASSED] - Delayed 4 second(s)

2018-12-11 18:05:43 - [TEST_STEP][PASSED] - setText: Text 'klotc2@gmail.com' is set on object 'Object Repository/Final Object Repo/Login Page/Internal User/Email Address'

2018-12-11 18:05:44 - [MESSAGE][PASSED] - Text 'klotc2@gmail.com' is set on object 'Object Repository/Final Object Repo/Login Page/Internal User/Email Address'

2018-12-11 18:05:44 - [TEST_STEP][PASSED] - click: Object: 'Object Repository/Final Object Repo/Login Page/Internal User/Next Button' is clicked on

2018-12-11 18:05:44 - [MESSAGE][PASSED] - Object: 'Object Repository/Final Object Repo/Login Page/Internal User/Next Button' is clicked on

2018-12-11 18:05:44 - [TEST_STEP][PASSED] - delay: Delayed 2 second(s)

2018-12-11 18:05:46 - [MESSAGE][PASSED] - Delayed 2 second(s)

2018-12-11 18:05:46 - [TEST_STEP][PASSED] - setText: Text 'Test1@3456789' is set on object 'Object Repository/Final Object Repo/Login Page/Internal User/Password'

2018-12-11 18:05:46 - [MESSAGE][PASSED] - Text 'Test1@3456789' is set on object 'Object Repository/Final Object Repo/Login Page/Internal User/Password'

2018-12-11 18:05:46 - [TEST_STEP][PASSED] - delay: Delayed 2 second(s)

2018-12-11 18:05:48 - [MESSAGE][PASSED] - Delayed 2 second(s)

2018-12-11 18:05:48 - [TEST_STEP][PASSED] - click: Object: 'Object Repository/Final Object Repo/Login Page/Internal User/Login Button' is clicked on

2018-12-11 18:05:48 - [MESSAGE][PASSED] - Object: 'Object Repository/Final Object Repo/Login Page/Internal User/Login Button' is clicked on

2018-12-11 18:05:48 - [TEST_STEP][PASSED] - delay: Delayed 4 second(s)

2018-12-11 18:05:52 - [MESSAGE][PASSED] - Delayed 4 second(s)

2018-12-11 18:05:52 - [TEST_STEP][PASSED] - Statement - Try: Delayed 2 second(s)

2018-12-11 18:05:52 - [TEST_STEP][PASSED] - Statement - Checker = false: null

2018-12-11 18:05:52 - [TEST_STEP][PASSED] - Statement - Checker = com.kms.katalon.core.webui.keyword.WebUiBuiltInKeywords.verifyElementHasAttribute(com.kms.katalon.core.testobject.ObjectRepository.findTestObject(Final Object Repo/Landing Page/BM Detecting), "href", 20, OPTIONAL): Object 'Object Repository/Final Object Repo/Landing Page/BM Detecting' has attribute 'href'

2018-12-11 18:05:52 - [MESSAGE][PASSED] - Object 'Object Repository/Final Object Repo/Landing Page/BM Detecting' has attribute 'href'

2018-12-11 18:05:52 - [TEST_STEP][PASSED] - Statement - out.println(Checker): null

2018-12-11 18:05:52 - [TEST_STEP][PASSED] - Statement - If (Checker == false): null

2018-12-11 18:05:52 - [TEST_STEP][PASSED] - Statement - Else: null

2018-12-11 18:05:52 - [TEST_STEP][PASSED] - delay: Delayed 2 second(s)

2018-12-11 18:05:54 - [MESSAGE][PASSED] - Delayed 2 second(s)

2018-12-11 18:05:54 - [TEST_STEP][PASSED] - delay: Delayed 4 second(s)

2018-12-11 18:05:58 - [MESSAGE][PASSED] - Delayed 4 second(s)

2018-12-11 18:05:58 - [TEST_STEP][PASSED] - click: Object: 'Object Repository/Final Object Repo/Landing Page/My Sites Drop Down' is clicked on

2018-12-11 18:05:58 - [MESSAGE][PASSED] - Object: 'Object Repository/Final Object Repo/Landing Page/My Sites Drop Down' is clicked on

2018-12-11 18:05:58 - [TEST_STEP][PASSED] - click: Object: 'Object Repository/Final Object Repo/Landing Page/Select to Registration Module' is clicked on

2018-12-11 18:05:59 - [MESSAGE][PASSED] - Object: 'Object Repository/Final Object Repo/Landing Page/Select to Registration Module' is clicked on

2018-12-11 18:05:59 - [TEST_STEP][PASSED] - delay: Delayed 2 second(s)

2018-12-11 18:06:01 - [MESSAGE][PASSED] - Delayed 2 second(s)

2018-12-11 18:06:01 - [TEST_STEP][PASSED] - mouseOver: Object: 'Object Repository/Final Object Repo/Page_Update Add New Employee - ASSIST/Hover Over Search Drop Down' is hovered

2018-12-11 18:06:02 - [MESSAGE][PASSED] - Object: 'Object Repository/Final Object Repo/Page_Update Add New Employee - ASSIST/Hover Over Search Drop Down' is hovered

2018-12-11 18:06:02 - [TEST_STEP][PASSED] - click: Object: 'Object Repository/Final Object Repo/Page_Update Add New Employee - ASSIST/Select Search Pending Case' is clicked on

2018-12-11 18:06:02 - [MESSAGE][PASSED] - Object: 'Object Repository/Final Object Repo/Page_Update Add New Employee - ASSIST/Select Search Pending Case' is clicked on

2018-12-11 18:06:02 - [TEST_STEP][PASSED] - click: Object: 'Object Repository/Final Object Repo/Page_Update Add New Employee - ASSIST/Select Searching Method (Employer Code)' is clicked on

2018-12-11 18:06:03 - [MESSAGE][PASSED] - Object: 'Object Repository/Final Object Repo/Page_Update Add New Employee - ASSIST/Select Searching Method (Employer Code)' is clicked on

2018-12-11 18:06:03 - [TEST_STEP][PASSED] - click: Object: 'Object Repository/Final Object Repo/Page_Update Add New Employee - ASSIST/Select Searching Method to Reference ID' is clicked on

2018-12-11 18:06:03 - [MESSAGE][PASSED] - Object: 'Object Repository/Final Object Repo/Page_Update Add New Employee - ASSIST/Select Searching Method to Reference ID' is clicked on

2018-12-11 18:06:03 - [TEST_STEP][PASSED] - setText: Text 'CAN12201800002309' is set on object 'Object Repository/Final Object Repo/Page_Update Add New Employee - ASSIST/Pending Case Ref NO'

2018-12-11 18:06:03 - [MESSAGE][PASSED] - Text 'CAN12201800002309' is set on object 'Object Repository/Final Object Repo/Page_Update Add New Employee - ASSIST/Pending Case Ref NO'

2018-12-11 18:06:03 - [TEST_STEP][PASSED] - click: Object: 'Object Repository/Final Object Repo/Page_Update Add New Employee - ASSIST/Search Pending Case Based on Ref No' is clicked on

2018-12-11 18:06:03 - [MESSAGE][PASSED] - Object: 'Object Repository/Final Object Repo/Page_Update Add New Employee - ASSIST/Search Pending Case Based on Ref No' is clicked on

2018-12-11 18:06:03 - [TEST_STEP][PASSED] - click: Object: 'Object Repository/Final Object Repo/Page_Update Add New Employee - ASSIST/Action Button after found case' is clicked on

2018-12-11 18:06:07 - [MESSAGE][PASSED] - Object: 'Object Repository/Final Object Repo/Page_Update Add New Employee - ASSIST/Action Button after found case' is clicked on

2018-12-11 18:06:07 - [TEST_STEP][PASSED] - click: Object: 'Object Repository/Final Object Repo/Page_Update Add New Employee - ASSIST/Next Button in Pending Case First Page' is clicked on

2018-12-11 18:06:08 - [MESSAGE][PASSED] - Object: 'Object Repository/Final Object Repo/Page_Update Add New Employee - ASSIST/Next Button in Pending Case First Page' is clicked on

2018-12-11 18:06:08 - [TEST_STEP][PASSED] - click: Object: 'Object Repository/Final Object Repo/Page_Update Add New Employee - ASSIST/Next Button in Third Screen' is clicked on

2018-12-11 18:06:11 - [MESSAGE][PASSED] - Object: 'Object Repository/Final Object Repo/Page_Update Add New Employee - ASSIST/Next Button in Third Screen' is clicked on

2018-12-11 18:06:11 - [TEST_STEP][PASSED] - click: Object: 'Object Repository/Final Object Repo/Page_Update Add New Employee - ASSIST/Add Document for Pending Case' is clicked on

2018-12-11 18:06:11 - [MESSAGE][PASSED] - Object: 'Object Repository/Final Object Repo/Page_Update Add New Employee - ASSIST/Add Document for Pending Case' is clicked on

2018-12-11 18:06:11 - [TEST_STEP][PASSED] - delay: Delayed 10 second(s)

2018-12-11 18:06:21 - [MESSAGE][PASSED] - Delayed 10 second(s)

2018-12-11 18:06:21 - [TEST_STEP][PASSED] - click: Object: 'Object Repository/Final Object Repo/Page_Update Add New Employee - ASSIST/Upload Pending Doc - Please Select' is clicked on

2018-12-11 18:06:22 - [MESSAGE][PASSED] - Object: 'Object Repository/Final Object Repo/Page_Update Add New Employee - ASSIST/Upload Pending Doc - Please Select' is clicked on

2018-12-11 18:06:22 - [TEST_STEP][PASSED] - click: Object: 'Object Repository/Final Object Repo/Page_Update Add New Employee - ASSIST/Select to Others to Upload' is clicked on

2018-12-11 18:06:22 - [MESSAGE][PASSED] - Object: 'Object Repository/Final Object Repo/Page_Update Add New Employee - ASSIST/Select to Others to Upload' is clicked on

2018-12-11 18:06:22 - [TEST_STEP][PASSED] - uploadFile: File 'C:\Users\Public\Pictures\Sample Pictures\Koala.jpg' sent to object: 'Object Repository/Final Object Repo/Page_Update Add New Employee - ASSIST/Uploading Pending Case Action'

2018-12-11 18:06:22 - [MESSAGE][PASSED] - File 'C:\Users\Public\Pictures\Sample Pictures\Koala.jpg' sent to object: 'Object Repository/Final Object Repo/Page_Update Add New Employee - ASSIST/Uploading Pending Case Action'

2018-12-11 18:06:22 - [TEST_STEP][PASSED] - click: Object: 'Object Repository/Final Object Repo/Page_Update Add New Employee - ASSIST/Inner form Add Document Button Pending Case' is clicked on

2018-12-11 18:06:22 - [MESSAGE][PASSED] - Object: 'Object Repository/Final Object Repo/Page_Update Add New Employee - ASSIST/Inner form Add Document Button Pending Case' is clicked on

2018-12-11 18:06:22 - [TEST_STEP][PASSED] - delay: Delayed 2 second(s)

2018-12-11 18:06:24 - [MESSAGE][PASSED] - Delayed 2 second(s)

2018-12-11 18:06:24 - [TEST_STEP][PASSED] - click: Object: 'Object Repository/Final Object Repo/Page_Update Add New Employee - ASSIST/Pending Case Exit' is clicked on

2018-12-11 18:06:27 - [MESSAGE][PASSED] - Object: 'Object Repository/Final Object Repo/Page_Update Add New Employee - ASSIST/Pending Case Exit' is clicked on

2018-12-11 18:06:27 - [TEST_STEP][PASSED] - callTestCase: Call Test Case 'Test Cases/Final Aug 2018 - PKS Automation/Registration Module/Log Out/log out avoiding katalon tagging' successfully

2018-12-11 18:06:27 - [TEST_CASE][PASSED] - Test Cases/Final Aug 2018 - PKS Automation/Registration Module/Log Out/log out avoiding katalon tagging: Test Cases/Final Aug 2018 - PKS Automation/Registration Module/Log Out/log out avoiding katalon tagging

2018-12-11 18:06:27 - [TEST_STEP][PASSED] - navigateToUrl: Navigate to 'https://assist2-uat.perkeso.gov.my/c/portal/logout' successfully

2018-12-11 18:06:27 - [MESSAGE][PASSED] - Navigate to 'https://assist2-uat.perkeso.gov.my/c/portal/logout' successfully

2018-12-11 18:06:27 - [MESSAGE][PASSED] - Call Test Case 'Test Cases/Final Aug 2018 - PKS Automation/Registration Module/Log Out/log out avoiding katalon tagging' successfully

2018-12-11 18:06:27 - [TEST_STEP][PASSED] - callTestCase: Call Test Case 'Test Cases/Final Aug 2018 - PKS Automation/Common/Workflow Owner Finder' successfully

2018-12-11 18:06:28 - [TEST_CASE][PASSED] - Test Cases/Final Aug 2018 - PKS Automation/Common/Workflow Owner Finder: Test Cases/Final Aug 2018 - PKS Automation/Common/Workflow Owner Finder

2018-12-11 18:06:28 - [TEST_STEP][PASSED] - openBrowser: Browser is opened with url: ''

2018-12-11 18:06:28 - [MESSAGE][WARNING] - A browser is already opened. Closing browser and opening a new one

2018-12-11 18:06:31 - [MESSAGE][PASSED] - Browser is opened with url: ''

2018-12-11 18:06:31 - [TEST_STEP][PASSED] - navigateToUrl: Navigate to 'https://assist2-uat.perkeso.gov.my/login' successfully

2018-12-11 18:06:33 - [MESSAGE][PASSED] - Navigate to 'https://assist2-uat.perkeso.gov.my/login' successfully

2018-12-11 18:06:33 - [TEST_STEP][PASSED] - delay: Delayed 5 second(s)

2018-12-11 18:06:38 - [MESSAGE][PASSED] - Delayed 5 second(s)

2018-12-11 18:06:38 - [TEST_STEP][PASSED] - setText: Text 'test@liferay.com' is set on object 'Object Repository/Final Object Repo/Login Page/Internal User/Email Address'

2018-12-11 18:06:38 - [MESSAGE][PASSED] - Text 'test@liferay.com' is set on object 'Object Repository/Final Object Repo/Login Page/Internal User/Email Address'

2018-12-11 18:06:38 - [TEST_STEP][PASSED] - click: Object: 'Object Repository/Final Object Repo/Login Page/Internal User/Next Button' is clicked on

2018-12-11 18:06:38 - [MESSAGE][PASSED] - Object: 'Object Repository/Final Object Repo/Login Page/Internal User/Next Button' is clicked on

2018-12-11 18:06:38 - [TEST_STEP][PASSED] - delay: Delayed 2 second(s)

2018-12-11 18:06:40 - [MESSAGE][PASSED] - Delayed 2 second(s)

2018-12-11 18:06:40 - [TEST_STEP][PASSED] - setText: Text 'test' is set on object 'Object Repository/Final Object Repo/Login Page/Internal User/Password'

2018-12-11 18:06:40 - [MESSAGE][PASSED] - Text 'test' is set on object 'Object Repository/Final Object Repo/Login Page/Internal User/Password'

2018-12-11 18:06:40 - [TEST_STEP][PASSED] - delay: Delayed 2 second(s)

2018-12-11 18:06:42 - [MESSAGE][PASSED] - Delayed 2 second(s)

2018-12-11 18:06:42 - [TEST_STEP][PASSED] - click: Object: 'Object Repository/Final Object Repo/Login Page/Internal User/Login Button' is clicked on

2018-12-11 18:06:42 - [MESSAGE][PASSED] - Object: 'Object Repository/Final Object Repo/Login Page/Internal User/Login Button' is clicked on

2018-12-11 18:06:42 - [TEST_STEP][PASSED] - Statement - tester = com.kms.katalon.core.testobject.ObjectRepository.findTestObject(Final Object Repo/Landing Page/Select to English): Finding Test Object with id 'Object Repository/Final Object Repo/Landing Page/Select to English'

2018-12-11 18:06:42 - [TEST_STEP][PASSED] - Statement - Try: Delayed 2 second(s)

2018-12-11 18:06:42 - [TEST_STEP][PASSED] - Statement - Checker = com.kms.katalon.core.webui.keyword.WebUiBuiltInKeywords.verifyElementNotPresent(tester, 3): Web element with id: 'Object Repository/Final Object Repo/Landing Page/Select to English' located by 'By.xpath: //a[@class = 'taglib-language-list-text' and @lang = 'en-US' and (contains(text(), 'EN') or contains(., 'EN'))]' is not present after '3' second(s)

2018-12-11 18:06:44 - [MESSAGE][PASSED] - Web element with id: 'Object Repository/Final Object Repo/Landing Page/Select to English' located by 'By.xpath: //a[@class = 'taglib-language-list-text' and @lang = 'en-US' and (contains(text(), 'EN') or contains(., 'EN'))]' is not present after '3' second(s)

2018-12-11 18:06:44 - [TEST_STEP][PASSED] - Statement - If (Checker == false): null

2018-12-11 18:06:44 - [TEST_STEP][PASSED] - delay: Delayed 2 second(s)

2018-12-11 18:06:46 - [MESSAGE][PASSED] - Delayed 2 second(s)

2018-12-11 18:06:46 - [TEST_STEP][PASSED] - delay: Delayed 5 second(s)

2018-12-11 18:06:51 - [MESSAGE][PASSED] - Delayed 5 second(s)

2018-12-11 18:06:51 - [TEST_STEP][PASSED] - mouseOver: Object: 'Object Repository/Final Object Repo/Landing Page/WorkFlow Menu' is hovered

2018-12-11 18:06:52 - [MESSAGE][PASSED] - Object: 'Object Repository/Final Object Repo/Landing Page/WorkFlow Menu' is hovered

2018-12-11 18:06:52 - [TEST_STEP][PASSED] - delay: Delayed 2 second(s)

2018-12-11 18:06:54 - [MESSAGE][PASSED] - Delayed 2 second(s)

2018-12-11 18:06:54 - [TEST_STEP][PASSED] - click: Object: 'Object Repository/Final Object Repo/Landing Page/Select to Workflow Listing' is clicked on

2018-12-11 18:06:55 - [MESSAGE][PASSED] - Object: 'Object Repository/Final Object Repo/Landing Page/Select to Workflow Listing' is clicked on

2018-12-11 18:06:55 - [TEST_STEP][PASSED] - delay: Delayed 2 second(s)

2018-12-11 18:06:57 - [MESSAGE][PASSED] - Delayed 2 second(s)

2018-12-11 18:06:57 - [TEST_STEP][PASSED] - click: Object: 'Object Repository/Final Object Repo/WorkFlow Listing Page/Search Information - To Put Ref No' is clicked on

2018-12-11 18:06:57 - [MESSAGE][PASSED] - Object: 'Object Repository/Final Object Repo/WorkFlow Listing Page/Search Information - To Put Ref No' is clicked on

2018-12-11 18:06:57 - [TEST_STEP][PASSED] - delay: Delayed 2 second(s)

2018-12-11 18:06:59 - [MESSAGE][PASSED] - Delayed 2 second(s)

2018-12-11 18:06:59 - [TEST_STEP][PASSED] - callTestCase: Call Test Case 'Test Cases/Final Aug 2018 - PKS Automation/Common/Reference Number Getter' successfully

2018-12-11 18:06:59 - [TEST_CASE][PASSED] - Test Cases/Final Aug 2018 - PKS Automation/Common/Reference Number Getter: Test Cases/Final Aug 2018 - PKS Automation/Common/Reference Number Getter

2018-12-11 18:06:59 - [TEST_STEP][PASSED] - Statement - Try: null

2018-12-11 18:06:59 - [TEST_STEP][PASSED] - Statement - RefNo = new java.io.File(C://Users//Admin//Desktop//PKS//Automation Reference Point//KatalonReference.txt): null

2018-12-11 18:06:59 - [TEST_STEP][PASSED] - Statement - bufferread = new java.io.BufferedReader(new java.io.FileReader(RefNo)): null

2018-12-11 18:06:59 - [TEST_STEP][PASSED] - Statement - readedVal = bufferread.readLine(): null

2018-12-11 18:06:59 - [TEST_STEP][PASSED] - Statement - out.println(CaseReferenceNo): null

2018-12-11 18:06:59 - [TEST_STEP][PASSED] - Statement - out.println(readedVal): null

2018-12-11 18:06:59 - [TEST_STEP][PASSED] - Statement - CaseReferenceNo = "": null

2018-12-11 18:06:59 - [TEST_STEP][PASSED] - Statement - CaseReferenceNo = readedVal: null

2018-12-11 18:06:59 - [MESSAGE][PASSED] - Call Test Case 'Test Cases/Final Aug 2018 - PKS Automation/Common/Reference Number Getter' successfully

2018-12-11 18:06:59 - [TEST_STEP][PASSED] - setText: Text 'CAN12201800002309' is set on object 'Object Repository/Final Object Repo/WorkFlow Listing Page/Ref No Set Text'

2018-12-11 18:06:59 - [MESSAGE][PASSED] - Text 'CAN12201800002309' is set on object 'Object Repository/Final Object Repo/WorkFlow Listing Page/Ref No Set Text'

2018-12-11 18:06:59 - [TEST_STEP][PASSED] - delay: Delayed 2 second(s)

2018-12-11 18:07:01 - [MESSAGE][PASSED] - Delayed 2 second(s)

2018-12-11 18:07:01 - [TEST_STEP][PASSED] - click: Object: 'Object Repository/Final Object Repo/WorkFlow Listing Page/Search Ref No Search Button' is clicked on

2018-12-11 18:07:01 - [MESSAGE][PASSED] - Object: 'Object Repository/Final Object Repo/WorkFlow Listing Page/Search Ref No Search Button' is clicked on

2018-12-11 18:07:01 - [TEST_STEP][PASSED] - delay: Delayed 6 second(s)

2018-12-11 18:07:07 - [MESSAGE][PASSED] - Delayed 6 second(s)

2018-12-11 18:07:07 - [TEST_STEP][PASSED] - click: Object: 'Object Repository/Final Object Repo/WorkFlow Listing Page/Click Continue Tooltip' is clicked on

2018-12-11 18:07:08 - [MESSAGE][PASSED] - Object: 'Object Repository/Final Object Repo/WorkFlow Listing Page/Click Continue Tooltip' is clicked on

2018-12-11 18:07:08 - [TEST_STEP][PASSED] - delay: Delayed 5 second(s)

2018-12-11 18:07:13 - [MESSAGE][PASSED] - Delayed 5 second(s)

2018-12-11 18:07:13 - [TEST_STEP][PASSED] - doubleClick: Object: 'Object Repository/Final Object Repo/WorkFlow Listing Page/Workflow Found - Listing 1' is double clicked on

2018-12-11 18:07:14 - [MESSAGE][PASSED] - Object: 'Object Repository/Final Object Repo/WorkFlow Listing Page/Workflow Found - Listing 1' is double clicked on

2018-12-11 18:07:14 - [TEST_STEP][PASSED] - Statement - println(OwnerID): null

2018-12-11 18:07:14 - [TEST_STEP][PASSED] - Statement - OwnerID = com.kms.katalon.core.webui.keyword.WebUiBuiltInKeywords.getText(com.kms.katalon.core.testobject.ObjectRepository.findTestObject(Final Object Repo/WorkFlow Listing Page/Workflow Found - Listing 1), STOP_ON_FAILURE): Text of object 'Object Repository/Final Object Repo/WorkFlow Listing Page/Workflow Found - Listing 1' is: 'JOHORro1'

2018-12-11 18:07:14 - [MESSAGE][PASSED] - Text of object 'Object Repository/Final Object Repo/WorkFlow Listing Page/Workflow Found - Listing 1' is: 'JOHORro1'

2018-12-11 18:07:14 - [TEST_STEP][PASSED] - Statement - OwnerID = OwnerID.toLowerCase() + "@gmail.com": null

2018-12-11 18:07:14 - [TEST_STEP][PASSED] - Statement - println(OwnerID): null

2018-12-11 18:07:14 - [TEST_STEP][PASSED] - delay: Delayed 2 second(s)

2018-12-11 18:07:16 - [MESSAGE][PASSED] - Delayed 2 second(s)

2018-12-11 18:07:16 - [MESSAGE][PASSED] - Call Test Case 'Test Cases/Final Aug 2018 - PKS Automation/Common/Workflow Owner Finder' successfully

2018-12-11 18:07:16 - [TEST_STEP][PASSED] - callTestCase: Call Test Case 'Test Cases/Final Aug 2018 - PKS Automation/Registration Module/Log Out/log out avoiding katalon tagging' successfully

2018-12-11 18:07:16 - [TEST_CASE][PASSED] - Test Cases/Final Aug 2018 - PKS Automation/Registration Module/Log Out/log out avoiding katalon tagging: Test Cases/Final Aug 2018 - PKS Automation/Registration Module/Log Out/log out avoiding katalon tagging

2018-12-11 18:07:16 - [TEST_STEP][PASSED] - navigateToUrl: Navigate to 'https://assist2-uat.perkeso.gov.my/c/portal/logout' successfully

2018-12-11 18:07:17 - [MESSAGE][PASSED] - Navigate to 'https://assist2-uat.perkeso.gov.my/c/portal/logout' successfully

2018-12-11 18:07:17 - [MESSAGE][PASSED] - Call Test Case 'Test Cases/Final Aug 2018 - PKS Automation/Registration Module/Log Out/log out avoiding katalon tagging' successfully

2018-12-11 18:07:17 - [TEST_STEP][PASSED] - delay: Delayed 2 second(s)

2018-12-11 18:07:19 - [MESSAGE][PASSED] - Delayed 2 second(s)

2018-12-11 18:07:19 - [TEST_STEP][PASSED] - setText: Text 'johorro1@gmail.com' is set on object 'Object Repository/Final Object Repo/Page_Update Add New Employee - ASSIST/Email TextBox'

2018-12-11 18:07:19 - [MESSAGE][PASSED] - Text 'johorro1@gmail.com' is set on object 'Object Repository/Final Object Repo/Page_Update Add New Employee - ASSIST/Email TextBox'

2018-12-11 18:07:19 - [TEST_STEP][PASSED] - click: Object: 'Object Repository/Final Object Repo/Page_Update Add New Employee - ASSIST/Next Button' is clicked on

2018-12-11 18:07:19 - [MESSAGE][PASSED] - Object: 'Object Repository/Final Object Repo/Page_Update Add New Employee - ASSIST/Next Button' is clicked on

2018-12-11 18:07:19 - [TEST_STEP][PASSED] - delay: Delayed 2 second(s)

2018-12-11 18:07:21 - [MESSAGE][PASSED] - Delayed 2 second(s)

2018-12-11 18:07:21 - [TEST_STEP][PASSED] - setText: Text 'Test1@3456789' is set on object 'Object Repository/Final Object Repo/Page_Update Add New Employee - ASSIST/Password TextBox'

2018-12-11 18:07:21 - [MESSAGE][PASSED] - Text 'Test1@3456789' is set on object 'Object Repository/Final Object Repo/Page_Update Add New Employee - ASSIST/Password TextBox'

2018-12-11 18:07:21 - [TEST_STEP][PASSED] - delay: Delayed 2 second(s)

2018-12-11 18:07:23 - [MESSAGE][PASSED] - Delayed 2 second(s)

2018-12-11 18:07:23 - [TEST_STEP][PASSED] - click: Object: 'Object Repository/Final Object Repo/Page_Update Add New Employee - ASSIST/Login Button' is clicked on

2018-12-11 18:07:23 - [MESSAGE][PASSED] - Object: 'Object Repository/Final Object Repo/Page_Update Add New Employee - ASSIST/Login Button' is clicked on

2018-12-11 18:07:23 - [TEST_STEP][PASSED] - delay: Delayed 4 second(s)

2018-12-11 18:07:27 - [MESSAGE][PASSED] - Delayed 4 second(s)

2018-12-11 18:07:27 - [TEST_STEP][PASSED] - Statement - Try: Delayed 2 second(s)

2018-12-11 18:07:27 - [TEST_STEP][PASSED] - Statement - Checker = false: null

2018-12-11 18:07:27 - [TEST_STEP][PASSED] - Statement - Checker = com.kms.katalon.core.webui.keyword.WebUiBuiltInKeywords.verifyElementHasAttribute(com.kms.katalon.core.testobject.ObjectRepository.findTestObject(Final Object Repo/Landing Page/BM Detecting), "href", 20, OPTIONAL): Object 'Object Repository/Final Object Repo/Landing Page/BM Detecting' has attribute 'href'

2018-12-11 18:07:28 - [MESSAGE][PASSED] - Object 'Object Repository/Final Object Repo/Landing Page/BM Detecting' has attribute 'href'

2018-12-11 18:07:28 - [TEST_STEP][PASSED] - Statement - out.println(Checker): null

2018-12-11 18:07:28 - [TEST_STEP][PASSED] - Statement - If (Checker == false): null

2018-12-11 18:07:28 - [TEST_STEP][PASSED] - Statement - Else: null

2018-12-11 18:07:28 - [TEST_STEP][PASSED] - delay: Delayed 2 second(s)

2018-12-11 18:07:30 - [MESSAGE][PASSED] - Delayed 2 second(s)

2018-12-11 18:07:30 - [TEST_STEP][PASSED] - delay: Delayed 4 second(s)

2018-12-11 18:07:34 - [MESSAGE][PASSED] - Delayed 4 second(s)

2018-12-11 18:07:34 - [TEST_STEP][PASSED] - click: Object: 'Object Repository/Final Object Repo/New Registration - Registration Module Pages/New Reg - OTC to RO/Special Case - All Related Objects/Expand to Search' is clicked on

2018-12-11 18:07:34 - [MESSAGE][PASSED] - Object: 'Object Repository/Final Object Repo/New Registration - Registration Module Pages/New Reg - OTC to RO/Special Case - All Related Objects/Expand to Search' is clicked on

2018-12-11 18:07:34 - [TEST_STEP][PASSED] - delay: Delayed 2 second(s)

2018-12-11 18:07:36 - [MESSAGE][PASSED] - Delayed 2 second(s)

2018-12-11 18:07:36 - [TEST_STEP][PASSED] - setText: Text 'CAN12201800002309' is set on object 'Object Repository/Final Object Repo/New Registration - Registration Module Pages/New Reg - OTC to RO/Special Case - All Related Objects/TextBox RefNo in Workbasket'

2018-12-11 18:07:36 - [MESSAGE][PASSED] - Text 'CAN12201800002309' is set on object 'Object Repository/Final Object Repo/New Registration - Registration Module Pages/New Reg - OTC to RO/Special Case - All Related Objects/TextBox RefNo in Workbasket'

2018-12-11 18:07:36 - [TEST_STEP][PASSED] - delay: Delayed 4 second(s)

2018-12-11 18:07:40 - [MESSAGE][PASSED] - Delayed 4 second(s)

2018-12-11 18:07:40 - [TEST_STEP][PASSED] - click: Object: 'Object Repository/Final Object Repo/New Registration - Registration Module Pages/New Reg - OTC to RO/Special Case - All Related Objects/Click Search' is clicked on

2018-12-11 18:07:40 - [MESSAGE][PASSED] - Object: 'Object Repository/Final Object Repo/New Registration - Registration Module Pages/New Reg - OTC to RO/Special Case - All Related Objects/Click Search' is clicked on

2018-12-11 18:07:40 - [TEST_STEP][PASSED] - delay: Delayed 2 second(s)

2018-12-11 18:07:42 - [MESSAGE][PASSED] - Delayed 2 second(s)

2018-12-11 18:07:42 - [TEST_STEP][PASSED] - click: Object: 'Object Repository/Final Object Repo/New Registration - Registration Module Pages/New Reg - OTC to RO/Special Case - All Related Objects/Click to Continue Workflow' is clicked on

2018-12-11 18:07:46 - [MESSAGE][PASSED] - Object: 'Object Repository/Final Object Repo/New Registration - Registration Module Pages/New Reg - OTC to RO/Special Case - All Related Objects/Click to Continue Workflow' is clicked on

2018-12-11 18:07:46 - [TEST_STEP][PASSED] - delay: Delayed 0 second(s)

2018-12-11 18:07:46 - [MESSAGE][PASSED] - Delayed 0 second(s)

2018-12-11 18:07:46 - [TEST_STEP][PASSED] - click: Object: 'Object Repository/Final Object Repo/New Registration - Registration Module Pages/New Reg - OTC to RO/Special Case - All Related Objects/Continue Button in verifying case' is clicked on

2018-12-11 18:07:49 - [MESSAGE][PASSED] - Object: 'Object Repository/Final Object Repo/New Registration - Registration Module Pages/New Reg - OTC to RO/Special Case - All Related Objects/Continue Button in verifying case' is clicked on

2018-12-11 18:07:49 - [TEST_STEP][PASSED] - delay: Delayed 2 second(s)

2018-12-11 18:07:51 - [MESSAGE][PASSED] - Delayed 2 second(s)

2018-12-11 18:07:51 - [TEST_STEP][PASSED] - click: Object: 'Object Repository/Final Object Repo/Page_Update Add New Employee - ASSIST/Save  Continue Button' is clicked on

2018-12-11 18:07:52 - [MESSAGE][PASSED] - Object: 'Object Repository/Final Object Repo/Page_Update Add New Employee - ASSIST/Save  Continue Button' is clicked on

2018-12-11 18:07:52 - [TEST_STEP][PASSED] - delay: Delayed 4 second(s)

2018-12-11 18:07:56 - [MESSAGE][PASSED] - Delayed 4 second(s)

2018-12-11 18:07:56 - [TEST_STEP][PASSED] - click: Object: 'Object Repository/Final Object Repo/Page_Update Add New Employee - ASSIST/Save  Continue Third Screen' is clicked on

2018-12-11 18:07:59 - [MESSAGE][PASSED] - Object: 'Object Repository/Final Object Repo/Page_Update Add New Employee - ASSIST/Save  Continue Third Screen' is clicked on

2018-12-11 18:07:59 - [TEST_STEP][PASSED] - delay: Delayed 4 second(s)

2018-12-11 18:08:03 - [MESSAGE][PASSED] - Delayed 4 second(s)

2018-12-11 18:08:03 - [TEST_STEP][PASSED] - click: Object: 'Object Repository/Final Object Repo/Page_Update Add New Employee - ASSIST/Save   Continue Supporting Doc Page' is clicked on

2018-12-11 18:08:03 - [MESSAGE][PASSED] - Object: 'Object Repository/Final Object Repo/Page_Update Add New Employee - ASSIST/Save   Continue Supporting Doc Page' is clicked on

2018-12-11 18:08:03 - [TEST_STEP][PASSED] - delay: Delayed 4 second(s)

2018-12-11 18:08:07 - [MESSAGE][PASSED] - Delayed 4 second(s)

2018-12-11 18:08:07 - [TEST_STEP][PASSED] - click: Object: 'Object Repository/Final Object Repo/Page_Update Add New Employee - ASSIST/Submit Button' is clicked on

2018-12-11 18:08:07 - [MESSAGE][PASSED] - Object: 'Object Repository/Final Object Repo/Page_Update Add New Employee - ASSIST/Submit Button' is clicked on

2018-12-11 18:08:07 - [TEST_STEP][PASSED] - delay: Delayed 4 second(s)

2018-12-11 18:08:11 - [MESSAGE][PASSED] - Delayed 4 second(s)

2018-12-11 18:08:11 - [TEST_STEP][PASSED] - click: Object: 'Object Repository/Final Object Repo/Page_Update Add New Employee - ASSIST/Confirm Submit Button' is clicked on

2018-12-11 18:08:11 - [MESSAGE][PASSED] - Object: 'Object Repository/Final Object Repo/Page_Update Add New Employee - ASSIST/Confirm Submit Button' is clicked on

2018-12-11 18:08:11 - [TEST_STEP][PASSED] - delay: Delayed 30 second(s)

2018-12-11 18:08:41 - [MESSAGE][PASSED] - Delayed 30 second(s)

2018-12-11 18:08:41 - [TEST_STEP][PASSED] - callTestCase: Call Test Case 'Test Cases/Final Aug 2018 - PKS Automation/Common/Screenshoting tool' successfully

2018-12-11 18:08:41 - [TEST_CASE][PASSED] - Test Cases/Final Aug 2018 - PKS Automation/Common/Screenshoting tool: Test Cases/Final Aug 2018 - PKS Automation/Common/Screenshoting tool

2018-12-11 18:08:41 - [TEST_STEP][PASSED] - delay: Delayed 15 second(s)

2018-12-11 18:08:56 - [MESSAGE][PASSED] - Delayed 15 second(s)

2018-12-11 18:08:56 - [TEST_STEP][PASSED] - Statement - driver = com.kms.katalon.core.webui.driver.DriverFactory.getWebDriver(): null

2018-12-11 18:08:56 - [TEST_STEP][PASSED] - Statement - driver.manage().timeouts().implicitlyWait(10, SECONDS): null

2018-12-11 18:08:56 - [TEST_STEP][PASSED] - Statement - PresavePath = KatalonScreenshots: null

2018-12-11 18:08:56 - [TEST_STEP][PASSED] - Statement - pathPrefix = "C:\Users\Public\Pictures\Sample Pictures\Katalon Screenshots\Automate Ending Screen": null

2018-12-11 18:08:56 - [TEST_STEP][PASSED] - Statement - finalPath = <not implemented yet for class: org.codehaus.groovy.ast.expr.EmptyExpression>: null

2018-12-11 18:08:56 - [TEST_STEP][PASSED] - Statement - scrFile = driver.getScreenshotAs(FILE): null

2018-12-11 18:08:56 - [TEST_STEP][PASSED] - Statement - PreSaveFile = new java.io.File(PresavePath): null

2018-12-11 18:08:56 - [TEST_STEP][PASSED] - Statement - counter = 0: null

2018-12-11 18:08:56 - [TEST_STEP][PASSED] - Statement - If (PreSaveFile.exists()): null

2018-12-11 18:08:56 - [TEST_STEP][PASSED] - Statement - While (PreSaveFile.exists()): null

2018-12-11 18:08:56 - [TEST_STEP][PASSED] - Statement - counter = counter + 1: null

2018-12-11 18:08:56 - [TEST_STEP][PASSED] - Statement - PreSaveFile = new java.io.File(((pathPrefix + java.lang.Integer.toString(counter)) + .png)): null

2018-12-11 18:08:56 - [TEST_STEP][PASSED] - Statement - counter = counter + 1: null

2018-12-11 18:08:56 - [TEST_STEP][PASSED] - Statement - PreSaveFile = new java.io.File(((pathPrefix + java.lang.Integer.toString(counter)) + .png)): null

2018-12-11 18:08:56 - [TEST_STEP][PASSED] - Statement - counter = counter + 1: null

2018-12-11 18:08:56 - [TEST_STEP][PASSED] - Statement - PreSaveFile = new java.io.File(((pathPrefix + java.lang.Integer.toString(counter)) + .png)): null

2018-12-11 18:08:56 - [TEST_STEP][PASSED] - Statement - counter = counter + 1: null

2018-12-11 18:08:56 - [TEST_STEP][PASSED] - Statement - PreSaveFile = new java.io.File(((pathPrefix + java.lang.Integer.toString(counter)) + .png)): null

2018-12-11 18:08:56 - [TEST_STEP][PASSED] - Statement - counter = counter + 1: null

2018-12-11 18:08:56 - [TEST_STEP][PASSED] - Statement - PreSaveFile = new java.io.File(((pathPrefix + java.lang.Integer.toString(counter)) + .png)): null

2018-12-11 18:08:56 - [TEST_STEP][PASSED] - Statement - counter = counter + 1: null

2018-12-11 18:08:56 - [TEST_STEP][PASSED] - Statement - PreSaveFile = new java.io.File(((pathPrefix + java.lang.Integer.toString(counter)) + .png)): null

2018-12-11 18:08:56 - [TEST_STEP][PASSED] - Statement - counter = counter + 1: null

2018-12-11 18:08:56 - [TEST_STEP][PASSED] - Statement - PreSaveFile = new java.io.File(((pathPrefix + java.lang.Integer.toString(counter)) + .png)): null

2018-12-11 18:08:56 - [TEST_STEP][PASSED] - Statement - counter = counter + 1: null

2018-12-11 18:08:56 - [TEST_STEP][PASSED] - Statement - PreSaveFile = new java.io.File(((pathPrefix + java.lang.Integer.toString(counter)) + .png)): null

2018-12-11 18:08:56 - [TEST_STEP][PASSED] - Statement - counter = counter + 1: null

2018-12-11 18:08:56 - [TEST_STEP][PASSED] - Statement - PreSaveFile = new java.io.File(((pathPrefix + java.lang.Integer.toString(counter)) + .png)): null

2018-12-11 18:08:56 - [TEST_STEP][PASSED] - Statement - counter = counter + 1: null

2018-12-11 18:08:56 - [TEST_STEP][PASSED] - Statement - PreSaveFile = new java.io.File(((pathPrefix + java.lang.Integer.toString(counter)) + .png)): null

2018-12-11 18:08:56 - [TEST_STEP][PASSED] - Statement - counter = counter + 1: null

2018-12-11 18:08:56 - [TEST_STEP][PASSED] - Statement - PreSaveFile = new java.io.File(((pathPrefix + java.lang.Integer.toString(counter)) + .png)): null

2018-12-11 18:08:56 - [TEST_STEP][PASSED] - Statement - counter = counter + 1: null

2018-12-11 18:08:56 - [TEST_STEP][PASSED] - Statement - PreSaveFile = new java.io.File(((pathPrefix + java.lang.Integer.toString(counter)) + .png)): null

2018-12-11 18:08:56 - [TEST_STEP][PASSED] - Statement - counter = counter + 1: null

2018-12-11 18:08:56 - [TEST_STEP][PASSED] - Statement - PreSaveFile = new java.io.File(((pathPrefix + java.lang.Integer.toString(counter)) + .png)): null

2018-12-11 18:08:56 - [TEST_STEP][PASSED] - Statement - counter = counter + 1: null

2018-12-11 18:08:56 - [TEST_STEP][PASSED] - Statement - PreSaveFile = new java.io.File(((pathPrefix + java.lang.Integer.toString(counter)) + .png)): null

2018-12-11 18:08:56 - [TEST_STEP][PASSED] - Statement - counter = counter + 1: null

2018-12-11 18:08:56 - [TEST_STEP][PASSED] - Statement - PreSaveFile = new java.io.File(((pathPrefix + java.lang.Integer.toString(counter)) + .png)): null

2018-12-11 18:08:56 - [TEST_STEP][PASSED] - Statement - counter = counter + 1: null

2018-12-11 18:08:56 - [TEST_STEP][PASSED] - Statement - PreSaveFile = new java.io.File(((pathPrefix + java.lang.Integer.toString(counter)) + .png)): null

2018-12-11 18:08:56 - [TEST_STEP][PASSED] - Statement - counter = counter + 1: null

2018-12-11 18:08:56 - [TEST_STEP][PASSED] - Statement - PreSaveFile = new java.io.File(((pathPrefix + java.lang.Integer.toString(counter)) + .png)): null

2018-12-11 18:08:56 - [TEST_STEP][PASSED] - Statement - counter = counter + 1: null

2018-12-11 18:08:56 - [TEST_STEP][PASSED] - Statement - PreSaveFile = new java.io.File(((pathPrefix + java.lang.Integer.toString(counter)) + .png)): null

2018-12-11 18:08:56 - [TEST_STEP][PASSED] - Statement - counter = counter + 1: null

2018-12-11 18:08:56 - [TEST_STEP][PASSED] - Statement - PreSaveFile = new java.io.File(((pathPrefix + java.lang.Integer.toString(counter)) + .png)): null

2018-12-11 18:08:56 - [TEST_STEP][PASSED] - Statement - counter = counter + 1: null

2018-12-11 18:08:56 - [TEST_STEP][PASSED] - Statement - PreSaveFile = new java.io.File(((pathPrefix + java.lang.Integer.toString(counter)) + .png)): null

2018-12-11 18:08:56 - [TEST_STEP][PASSED] - Statement - counter = counter + 1: null

2018-12-11 18:08:56 - [TEST_STEP][PASSED] - Statement - PreSaveFile = new java.io.File(((pathPrefix + java.lang.Integer.toString(counter)) + .png)): null

2018-12-11 18:08:56 - [TEST_STEP][PASSED] - Statement - counter = counter + 1: null

2018-12-11 18:08:56 - [TEST_STEP][PASSED] - Statement - PreSaveFile = new java.io.File(((pathPrefix + java.lang.Integer.toString(counter)) + .png)): null

2018-12-11 18:08:57 - [TEST_STEP][PASSED] - Statement - counter = counter + 1: null

2018-12-11 18:08:57 - [TEST_STEP][PASSED] - Statement - PreSaveFile = new java.io.File(((pathPrefix + java.lang.Integer.toString(counter)) + .png)): null

2018-12-11 18:08:57 - [TEST_STEP][PASSED] - Statement - counter = counter + 1: null

2018-12-11 18:08:57 - [TEST_STEP][PASSED] - Statement - PreSaveFile = new java.io.File(((pathPrefix + java.lang.Integer.toString(counter)) + .png)): null

2018-12-11 18:08:57 - [TEST_STEP][PASSED] - Statement - counter = counter + 1: null

2018-12-11 18:08:57 - [TEST_STEP][PASSED] - Statement - PreSaveFile = new java.io.File(((pathPrefix + java.lang.Integer.toString(counter)) + .png)): null

2018-12-11 18:08:57 - [TEST_STEP][PASSED] - Statement - counter = counter + 1: null

2018-12-11 18:08:57 - [TEST_STEP][PASSED] - Statement - PreSaveFile = new java.io.File(((pathPrefix + java.lang.Integer.toString(counter)) + .png)): null

2018-12-11 18:08:57 - [TEST_STEP][PASSED] - Statement - counter = counter + 1: null

2018-12-11 18:08:57 - [TEST_STEP][PASSED] - Statement - PreSaveFile = new java.io.File(((pathPrefix + java.lang.Integer.toString(counter)) + .png)): null

2018-12-11 18:08:57 - [TEST_STEP][PASSED] - Statement - counter = counter + 1: null

2018-12-11 18:08:57 - [TEST_STEP][PASSED] - Statement - PreSaveFile = new java.io.File(((pathPrefix + java.lang.Integer.toString(counter)) + .png)): null

2018-12-11 18:08:57 - [TEST_STEP][PASSED] - Statement - counter = counter + 1: null

2018-12-11 18:08:57 - [TEST_STEP][PASSED] - Statement - PreSaveFile = new java.io.File(((pathPrefix + java.lang.Integer.toString(counter)) + .png)): null

2018-12-11 18:08:57 - [TEST_STEP][PASSED] - Statement - counter = counter + 1: null

2018-12-11 18:08:57 - [TEST_STEP][PASSED] - Statement - PreSaveFile = new java.io.File(((pathPrefix + java.lang.Integer.toString(counter)) + .png)): null

2018-12-11 18:08:57 - [TEST_STEP][PASSED] - Statement - counter = counter + 1: null

2018-12-11 18:08:57 - [TEST_STEP][PASSED] - Statement - PreSaveFile = new java.io.File(((pathPrefix + java.lang.Integer.toString(counter)) + .png)): null

2018-12-11 18:08:57 - [TEST_STEP][PASSED] - Statement - counter = counter + 1: null

2018-12-11 18:08:57 - [TEST_STEP][PASSED] - Statement - PreSaveFile = new java.io.File(((pathPrefix + java.lang.Integer.toString(counter)) + .png)): null

2018-12-11 18:08:57 - [TEST_STEP][PASSED] - Statement - counter = counter + 1: null

2018-12-11 18:08:57 - [TEST_STEP][PASSED] - Statement - PreSaveFile = new java.io.File(((pathPrefix + java.lang.Integer.toString(counter)) + .png)): null

2018-12-11 18:08:57 - [TEST_STEP][PASSED] - Statement - counter = counter + 1: null

2018-12-11 18:08:57 - [TEST_STEP][PASSED] - Statement - PreSaveFile = new java.io.File(((pathPrefix + java.lang.Integer.toString(counter)) + .png)): null

2018-12-11 18:08:57 - [TEST_STEP][PASSED] - Statement - counter = counter + 1: null

2018-12-11 18:08:57 - [TEST_STEP][PASSED] - Statement - PreSaveFile = new java.io.File(((pathPrefix + java.lang.Integer.toString(counter)) + .png)): null

2018-12-11 18:08:57 - [TEST_STEP][PASSED] - Statement - counter = counter + 1: null

2018-12-11 18:08:57 - [TEST_STEP][PASSED] - Statement - PreSaveFile = new java.io.File(((pathPrefix + java.lang.Integer.toString(counter)) + .png)): null

2018-12-11 18:08:57 - [TEST_STEP][PASSED] - Statement - counter = counter + 1: null

2018-12-11 18:08:57 - [TEST_STEP][PASSED] - Statement - PreSaveFile = new java.io.File(((pathPrefix + java.lang.Integer.toString(counter)) + .png)): null

2018-12-11 18:08:57 - [TEST_STEP][PASSED] - Statement - counter = counter + 1: null

2018-12-11 18:08:57 - [TEST_STEP][PASSED] - Statement - PreSaveFile = new java.io.File(((pathPrefix + java.lang.Integer.toString(counter)) + .png)): null

2018-12-11 18:08:57 - [TEST_STEP][PASSED] - Statement - counter = counter + 1: null

2018-12-11 18:08:57 - [TEST_STEP][PASSED] - Statement - PreSaveFile = new java.io.File(((pathPrefix + java.lang.Integer.toString(counter)) + .png)): null

2018-12-11 18:08:57 - [TEST_STEP][PASSED] - Statement - counter = counter + 1: null

2018-12-11 18:08:57 - [TEST_STEP][PASSED] - Statement - PreSaveFile = new java.io.File(((pathPrefix + java.lang.Integer.toString(counter)) + .png)): null

2018-12-11 18:08:57 - [TEST_STEP][PASSED] - Statement - counter = counter + 1: null

2018-12-11 18:08:57 - [TEST_STEP][PASSED] - Statement - PreSaveFile = new java.io.File(((pathPrefix + java.lang.Integer.toString(counter)) + .png)): null

2018-12-11 18:08:57 - [TEST_STEP][PASSED] - Statement - counter = counter + 1: null

2018-12-11 18:08:57 - [TEST_STEP][PASSED] - Statement - PreSaveFile = new java.io.File(((pathPrefix + java.lang.Integer.toString(counter)) + .png)): null

2018-12-11 18:08:57 - [TEST_STEP][PASSED] - Statement - counter = counter + 1: null

2018-12-11 18:08:57 - [TEST_STEP][PASSED] - Statement - PreSaveFile = new java.io.File(((pathPrefix + java.lang.Integer.toString(counter)) + .png)): null

2018-12-11 18:08:57 - [TEST_STEP][PASSED] - Statement - counter = counter + 1: null

2018-12-11 18:08:57 - [TEST_STEP][PASSED] - Statement - PreSaveFile = new java.io.File(((pathPrefix + java.lang.Integer.toString(counter)) + .png)): null

2018-12-11 18:08:57 - [TEST_STEP][PASSED] - Statement - counter = counter + 1: null

2018-12-11 18:08:57 - [TEST_STEP][PASSED] - Statement - PreSaveFile = new java.io.File(((pathPrefix + java.lang.Integer.toString(counter)) + .png)): null

2018-12-11 18:08:57 - [TEST_STEP][PASSED] - Statement - counter = counter + 1: null

2018-12-11 18:08:57 - [TEST_STEP][PASSED] - Statement - PreSaveFile = new java.io.File(((pathPrefix + java.lang.Integer.toString(counter)) + .png)): null

2018-12-11 18:08:57 - [TEST_STEP][PASSED] - Statement - counter = counter + 1: null

2018-12-11 18:08:57 - [TEST_STEP][PASSED] - Statement - PreSaveFile = new java.io.File(((pathPrefix + java.lang.Integer.toString(counter)) + .png)): null

2018-12-11 18:08:57 - [TEST_STEP][PASSED] - Statement - counter = counter + 1: null

2018-12-11 18:08:57 - [TEST_STEP][PASSED] - Statement - PreSaveFile = new java.io.File(((pathPrefix + java.lang.Integer.toString(counter)) + .png)): null

2018-12-11 18:08:57 - [TEST_STEP][PASSED] - Statement - counter = counter + 1: null

2018-12-11 18:08:57 - [TEST_STEP][PASSED] - Statement - PreSaveFile = new java.io.File(((pathPrefix + java.lang.Integer.toString(counter)) + .png)): null

2018-12-11 18:08:57 - [TEST_STEP][PASSED] - Statement - counter = counter + 1: null

2018-12-11 18:08:57 - [TEST_STEP][PASSED] - Statement - PreSaveFile = new java.io.File(((pathPrefix + java.lang.Integer.toString(counter)) + .png)): null

2018-12-11 18:08:57 - [TEST_STEP][PASSED] - Statement - counter = counter + 1: null

2018-12-11 18:08:57 - [TEST_STEP][PASSED] - Statement - PreSaveFile = new java.io.File(((pathPrefix + java.lang.Integer.toString(counter)) + .png)): null

2018-12-11 18:08:57 - [TEST_STEP][PASSED] - Statement - counter = counter + 1: null

2018-12-11 18:08:57 - [TEST_STEP][PASSED] - Statement - PreSaveFile = new java.io.File(((pathPrefix + java.lang.Integer.toString(counter)) + .png)): null

2018-12-11 18:08:57 - [TEST_STEP][PASSED] - Statement - counter = counter + 1: null

2018-12-11 18:08:57 - [TEST_STEP][PASSED] - Statement - PreSaveFile = new java.io.File(((pathPrefix + java.lang.Integer.toString(counter)) + .png)): null

2018-12-11 18:08:57 - [TEST_STEP][PASSED] - Statement - counter = counter + 1: null

2018-12-11 18:08:57 - [TEST_STEP][PASSED] - Statement - PreSaveFile = new java.io.File(((pathPrefix + java.lang.Integer.toString(counter)) + .png)): null

2018-12-11 18:08:57 - [TEST_STEP][PASSED] - Statement - counter = counter + 1: null

2018-12-11 18:08:57 - [TEST_STEP][PASSED] - Statement - PreSaveFile = new java.io.File(((pathPrefix + java.lang.Integer.toString(counter)) + .png)): null

2018-12-11 18:08:57 - [TEST_STEP][PASSED] - Statement - counter = counter + 1: null

2018-12-11 18:08:57 - [TEST_STEP][PASSED] - Statement - PreSaveFile = new java.io.File(((pathPrefix + java.lang.Integer.toString(counter)) + .png)): null

2018-12-11 18:08:57 - [TEST_STEP][PASSED] - Statement - counter = counter + 1: null

2018-12-11 18:08:57 - [TEST_STEP][PASSED] - Statement - PreSaveFile = new java.io.File(((pathPrefix + java.lang.Integer.toString(counter)) + .png)): null

2018-12-11 18:08:57 - [TEST_STEP][PASSED] - Statement - counter = counter + 1: null

2018-12-11 18:08:57 - [TEST_STEP][PASSED] - Statement - PreSaveFile = new java.io.File(((pathPrefix + java.lang.Integer.toString(counter)) + .png)): null

2018-12-11 18:08:57 - [TEST_STEP][PASSED] - Statement - counter = counter + 1: null

2018-12-11 18:08:57 - [TEST_STEP][PASSED] - Statement - PreSaveFile = new java.io.File(((pathPrefix + java.lang.Integer.toString(counter)) + .png)): null

2018-12-11 18:08:57 - [TEST_STEP][PASSED] - Statement - counter = counter + 1: null

2018-12-11 18:08:57 - [TEST_STEP][PASSED] - Statement - PreSaveFile = new java.io.File(((pathPrefix + java.lang.Integer.toString(counter)) + .png)): null

2018-12-11 18:08:57 - [TEST_STEP][PASSED] - Statement - counter = counter + 1: null

2018-12-11 18:08:57 - [TEST_STEP][PASSED] - Statement - PreSaveFile = new java.io.File(((pathPrefix + java.lang.Integer.toString(counter)) + .png)): null

2018-12-11 18:08:57 - [TEST_STEP][PASSED] - Statement - counter = counter + 1: null

2018-12-11 18:08:57 - [TEST_STEP][PASSED] - Statement - PreSaveFile = new java.io.File(((pathPrefix + java.lang.Integer.toString(counter)) + .png)): null

2018-12-11 18:08:57 - [TEST_STEP][PASSED] - Statement - counter = counter + 1: null

2018-12-11 18:08:57 - [TEST_STEP][PASSED] - Statement - PreSaveFile = new java.io.File(((pathPrefix + java.lang.Integer.toString(counter)) + .png)): null

2018-12-11 18:08:57 - [TEST_STEP][PASSED] - Statement - counter = counter + 1: null

2018-12-11 18:08:57 - [TEST_STEP][PASSED] - Statement - PreSaveFile = new java.io.File(((pathPrefix + java.lang.Integer.toString(counter)) + .png)): null

2018-12-11 18:08:57 - [TEST_STEP][PASSED] - Statement - counter = counter + 1: null

2018-12-11 18:08:57 - [TEST_STEP][PASSED] - Statement - PreSaveFile = new java.io.File(((pathPrefix + java.lang.Integer.toString(counter)) + .png)): null

2018-12-11 18:08:57 - [TEST_STEP][PASSED] - Statement - counter = counter + 1: null

2018-12-11 18:08:57 - [TEST_STEP][PASSED] - Statement - PreSaveFile = new java.io.File(((pathPrefix + java.lang.Integer.toString(counter)) + .png)): null

2018-12-11 18:08:57 - [TEST_STEP][PASSED] - Statement - counter = counter + 1: null

2018-12-11 18:08:57 - [TEST_STEP][PASSED] - Statement - PreSaveFile = new java.io.File(((pathPrefix + java.lang.Integer.toString(counter)) + .png)): null

2018-12-11 18:08:57 - [TEST_STEP][PASSED] - Statement - counter = counter + 1: null

2018-12-11 18:08:57 - [TEST_STEP][PASSED] - Statement - PreSaveFile = new java.io.File(((pathPrefix + java.lang.Integer.toString(counter)) + .png)): null

2018-12-11 18:08:57 - [TEST_STEP][PASSED] - Statement - counter = counter + 1: null

2018-12-11 18:08:57 - [TEST_STEP][PASSED] - Statement - PreSaveFile = new java.io.File(((pathPrefix + java.lang.Integer.toString(counter)) + .png)): null

2018-12-11 18:08:57 - [TEST_STEP][PASSED] - Statement - counter = counter + 1: null

2018-12-11 18:08:57 - [TEST_STEP][PASSED] - Statement - PreSaveFile = new java.io.File(((pathPrefix + java.lang.Integer.toString(counter)) + .png)): null

2018-12-11 18:08:57 - [TEST_STEP][PASSED] - Statement - counter = counter + 1: null

2018-12-11 18:08:57 - [TEST_STEP][PASSED] - Statement - PreSaveFile = new java.io.File(((pathPrefix + java.lang.Integer.toString(counter)) + .png)): null

2018-12-11 18:08:57 - [TEST_STEP][PASSED] - Statement - counter = counter + 1: null

2018-12-11 18:08:57 - [TEST_STEP][PASSED] - Statement - PreSaveFile = new java.io.File(((pathPrefix + java.lang.Integer.toString(counter)) + .png)): null

2018-12-11 18:08:57 - [TEST_STEP][PASSED] - Statement - counter = counter + 1: null

2018-12-11 18:08:57 - [TEST_STEP][PASSED] - Statement - PreSaveFile = new java.io.File(((pathPrefix + java.lang.Integer.toString(counter)) + .png)): null

2018-12-11 18:08:57 - [TEST_STEP][PASSED] - Statement - counter = counter + 1: null

2018-12-11 18:08:57 - [TEST_STEP][PASSED] - Statement - PreSaveFile = new java.io.File(((pathPrefix + java.lang.Integer.toString(counter)) + .png)): null

2018-12-11 18:08:57 - [TEST_STEP][PASSED] - Statement - counter = counter + 1: null

2018-12-11 18:08:57 - [TEST_STEP][PASSED] - Statement - PreSaveFile = new java.io.File(((pathPrefix + java.lang.Integer.toString(counter)) + .png)): null

2018-12-11 18:08:57 - [TEST_STEP][PASSED] - Statement - counter = counter + 1: null

2018-12-11 18:08:57 - [TEST_STEP][PASSED] - Statement - PreSaveFile = new java.io.File(((pathPrefix + java.lang.Integer.toString(counter)) + .png)): null

2018-12-11 18:08:57 - [TEST_STEP][PASSED] - Statement - counter = counter + 1: null

2018-12-11 18:08:57 - [TEST_STEP][PASSED] - Statement - PreSaveFile = new java.io.File(((pathPrefix + java.lang.Integer.toString(counter)) + .png)): null

2018-12-11 18:08:57 - [TEST_STEP][PASSED] - Statement - counter = counter + 1: null

2018-12-11 18:08:57 - [TEST_STEP][PASSED] - Statement - PreSaveFile = new java.io.File(((pathPrefix + java.lang.Integer.toString(counter)) + .png)): null

2018-12-11 18:08:57 - [TEST_STEP][PASSED] - Statement - counter = counter + 1: null

2018-12-11 18:08:57 - [TEST_STEP][PASSED] - Statement - PreSaveFile = new java.io.File(((pathPrefix + java.lang.Integer.toString(counter)) + .png)): null

2018-12-11 18:08:57 - [TEST_STEP][PASSED] - Statement - counter = counter + 1: null

2018-12-11 18:08:57 - [TEST_STEP][PASSED] - Statement - PreSaveFile = new java.io.File(((pathPrefix + java.lang.Integer.toString(counter)) + .png)): null

2018-12-11 18:08:57 - [TEST_STEP][PASSED] - Statement - counter = counter + 1: null

2018-12-11 18:08:57 - [TEST_STEP][PASSED] - Statement - PreSaveFile = new java.io.File(((pathPrefix + java.lang.Integer.toString(counter)) + .png)): null

2018-12-11 18:08:57 - [TEST_STEP][PASSED] - Statement - counter = counter + 1: null

2018-12-11 18:08:57 - [TEST_STEP][PASSED] - Statement - PreSaveFile = new java.io.File(((pathPrefix + java.lang.Integer.toString(counter)) + .png)): null

2018-12-11 18:08:57 - [TEST_STEP][PASSED] - Statement - counter = counter + 1: null

2018-12-11 18:08:57 - [TEST_STEP][PASSED] - Statement - PreSaveFile = new java.io.File(((pathPrefix + java.lang.Integer.toString(counter)) + .png)): null

2018-12-11 18:08:57 - [TEST_STEP][PASSED] - Statement - counter = counter + 1: null

2018-12-11 18:08:57 - [TEST_STEP][PASSED] - Statement - PreSaveFile = new java.io.File(((pathPrefix + java.lang.Integer.toString(counter)) + .png)): null

2018-12-11 18:08:57 - [TEST_STEP][PASSED] - Statement - counter = counter + 1: null

2018-12-11 18:08:57 - [TEST_STEP][PASSED] - Statement - PreSaveFile = new java.io.File(((pathPrefix + java.lang.Integer.toString(counter)) + .png)): null

2018-12-11 18:08:57 - [TEST_STEP][PASSED] - Statement - counter = counter + 1: null

2018-12-11 18:08:57 - [TEST_STEP][PASSED] - Statement - PreSaveFile = new java.io.File(((pathPrefix + java.lang.Integer.toString(counter)) + .png)): null

2018-12-11 18:08:57 - [TEST_STEP][PASSED] - Statement - counter = counter + 1: null

2018-12-11 18:08:57 - [TEST_STEP][PASSED] - Statement - PreSaveFile = new java.io.File(((pathPrefix + java.lang.Integer.toString(counter)) + .png)): null

2018-12-11 18:08:57 - [TEST_STEP][PASSED] - Statement - counter = counter + 1: null

2018-12-11 18:08:57 - [TEST_STEP][PASSED] - Statement - PreSaveFile = new java.io.File(((pathPrefix + java.lang.Integer.toString(counter)) + .png)): null

2018-12-11 18:08:57 - [TEST_STEP][PASSED] - Statement - counter = counter + 1: null

2018-12-11 18:08:57 - [TEST_STEP][PASSED] - Statement - PreSaveFile = new java.io.File(((pathPrefix + java.lang.Integer.toString(counter)) + .png)): null

2018-12-11 18:08:57 - [TEST_STEP][PASSED] - Statement - counter = counter + 1: null

2018-12-11 18:08:57 - [TEST_STEP][PASSED] - Statement - PreSaveFile = new java.io.File(((pathPrefix + java.lang.Integer.toString(counter)) + .png)): null

2018-12-11 18:08:57 - [TEST_STEP][PASSED] - Statement - counter = counter + 1: null

2018-12-11 18:08:57 - [TEST_STEP][PASSED] - Statement - PreSaveFile = new java.io.File(((pathPrefix + java.lang.Integer.toString(counter)) + .png)): null

2018-12-11 18:08:57 - [TEST_STEP][PASSED] - Statement - counter = counter + 1: null

2018-12-11 18:08:57 - [TEST_STEP][PASSED] - Statement - PreSaveFile = new java.io.File(((pathPrefix + java.lang.Integer.toString(counter)) + .png)): null

2018-12-11 18:08:57 - [TEST_STEP][PASSED] - Statement - counter = counter + 1: null

2018-12-11 18:08:57 - [TEST_STEP][PASSED] - Statement - PreSaveFile = new java.io.File(((pathPrefix + java.lang.Integer.toString(counter)) + .png)): null

2018-12-11 18:08:57 - [TEST_STEP][PASSED] - Statement - counter = counter + 1: null

2018-12-11 18:08:57 - [TEST_STEP][PASSED] - Statement - PreSaveFile = new java.io.File(((pathPrefix + java.lang.Integer.toString(counter)) + .png)): null

2018-12-11 18:08:57 - [TEST_STEP][PASSED] - Statement - counter = counter + 1: null

2018-12-11 18:08:57 - [TEST_STEP][PASSED] - Statement - PreSaveFile = new java.io.File(((pathPrefix + java.lang.Integer.toString(counter)) + .png)): null

2018-12-11 18:08:57 - [TEST_STEP][PASSED] - Statement - counter = counter + 1: null

2018-12-11 18:08:57 - [TEST_STEP][PASSED] - Statement - PreSaveFile = new java.io.File(((pathPrefix + java.lang.Integer.toString(counter)) + .png)): null

2018-12-11 18:08:57 - [TEST_STEP][PASSED] - Statement - counter = counter + 1: null

2018-12-11 18:08:57 - [TEST_STEP][PASSED] - Statement - PreSaveFile = new java.io.File(((pathPrefix + java.lang.Integer.toString(counter)) + .png)): null

2018-12-11 18:08:57 - [TEST_STEP][PASSED] - Statement - counter = counter + 1: null

2018-12-11 18:08:57 - [TEST_STEP][PASSED] - Statement - PreSaveFile = new java.io.File(((pathPrefix + java.lang.Integer.toString(counter)) + .png)): null

2018-12-11 18:08:57 - [TEST_STEP][PASSED] - Statement - counter = counter + 1: null

2018-12-11 18:08:57 - [TEST_STEP][PASSED] - Statement - PreSaveFile = new java.io.File(((pathPrefix + java.lang.Integer.toString(counter)) + .png)): null

2018-12-11 18:08:57 - [TEST_STEP][PASSED] - Statement - counter = counter + 1: null

2018-12-11 18:08:57 - [TEST_STEP][PASSED] - Statement - PreSaveFile = new java.io.File(((pathPrefix + java.lang.Integer.toString(counter)) + .png)): null

2018-12-11 18:08:57 - [TEST_STEP][PASSED] - Statement - counter = counter + 1: null

2018-12-11 18:08:57 - [TEST_STEP][PASSED] - Statement - PreSaveFile = new java.io.File(((pathPrefix + java.lang.Integer.toString(counter)) + .png)): null

2018-12-11 18:08:57 - [TEST_STEP][PASSED] - Statement - counter = counter + 1: null

2018-12-11 18:08:57 - [TEST_STEP][PASSED] - Statement - PreSaveFile = new java.io.File(((pathPrefix + java.lang.Integer.toString(counter)) + .png)): null

2018-12-11 18:08:57 - [TEST_STEP][PASSED] - Statement - counter = counter + 1: null

2018-12-11 18:08:57 - [TEST_STEP][PASSED] - Statement - PreSaveFile = new java.io.File(((pathPrefix + java.lang.Integer.toString(counter)) + .png)): null

2018-12-11 18:08:57 - [TEST_STEP][PASSED] - Statement - counter = counter + 1: null

2018-12-11 18:08:57 - [TEST_STEP][PASSED] - Statement - PreSaveFile = new java.io.File(((pathPrefix + java.lang.Integer.toString(counter)) + .png)): null

2018-12-11 18:08:57 - [TEST_STEP][PASSED] - Statement - counter = counter + 1: null

2018-12-11 18:08:57 - [TEST_STEP][PASSED] - Statement - PreSaveFile = new java.io.File(((pathPrefix + java.lang.Integer.toString(counter)) + .png)): null

2018-12-11 18:08:57 - [TEST_STEP][PASSED] - Statement - counter = counter + 1: null

2018-12-11 18:08:57 - [TEST_STEP][PASSED] - Statement - PreSaveFile = new java.io.File(((pathPrefix + java.lang.Integer.toString(counter)) + .png)): null

2018-12-11 18:08:57 - [TEST_STEP][PASSED] - Statement - counter = counter + 1: null

2018-12-11 18:08:57 - [TEST_STEP][PASSED] - Statement - PreSaveFile = new java.io.File(((pathPrefix + java.lang.Integer.toString(counter)) + .png)): null

2018-12-11 18:08:57 - [TEST_STEP][PASSED] - Statement - counter = counter + 1: null

2018-12-11 18:08:57 - [TEST_STEP][PASSED] - Statement - PreSaveFile = new java.io.File(((pathPrefix + java.lang.Integer.toString(counter)) + .png)): null

2018-12-11 18:08:57 - [TEST_STEP][PASSED] - Statement - finalPath = pathPrefix + java.lang.Integer.toString(counter) + ".png": null

2018-12-11 18:08:57 - [TEST_STEP][PASSED] - Statement - SaveFile = new java.io.File(finalPath): null

2018-12-11 18:08:57 - [TEST_STEP][PASSED] - Statement - Try: null

2018-12-11 18:08:57 - [TEST_STEP][PASSED] - Statement - org.apache.commons.io.FileUtils.copyFile(scrFile, SaveFile): null

2018-12-11 18:08:57 - [TEST_STEP][PASSED] - Statement - out.println("file kept"): null

2018-12-11 18:08:57 - [TEST_STEP][PASSED] - delay: Delayed 10 second(s)

2018-12-11 18:09:07 - [MESSAGE][PASSED] - Delayed 10 second(s)

2018-12-11 18:09:07 - [MESSAGE][PASSED] - Call Test Case 'Test Cases/Final Aug 2018 - PKS Automation/Common/Screenshoting tool' successfully]]></system-out>
         <system-err><![CDATA[]]></system-err>
      </testcase>
      <testcase name="Test Cases/Final Aug 2018 - PKS Automation/Registration Module/Workflow/Update Add New Employee/Special Case (PKR BO - RO Under Enforcement)" classname="Test Cases/Final Aug 2018 - PKS Automation/Registration Module/Workflow/Update Add New Employee/Special Case (PKR BO - RO Under Enforcement)" status="PASSED">
         <system-out><![CDATA[2018-12-11 18:09:07 - [TEST_CASE][PASSED] - Test Cases/Final Aug 2018 - PKS Automation/Registration Module/Workflow/Update Add New Employee/Special Case (PKR BO - RO Under Enforcement): Test Cases/Final Aug 2018 - PKS Automation/Registration Module/Workflow/Update Add New Employee/Special Case (PKR BO - RO Under Enforcement)

2018-12-11 18:09:07 - [TEST_STEP][PASSED] - callTestCase: Call Test Case 'Test Cases/Final Aug 2018 - PKS Automation/Registration Module/Workflow/Update Add New Employee/Template/New Company for Update Add New' successfully

2018-12-11 18:09:07 - [TEST_CASE][PASSED] - Test Cases/Final Aug 2018 - PKS Automation/Registration Module/Workflow/Update Add New Employee/Template/New Company for Update Add New: Test Cases/Final Aug 2018 - PKS Automation/Registration Module/Workflow/Update Add New Employee/Template/New Company for Update Add New

2018-12-11 18:09:07 - [TEST_STEP][PASSED] - callTestCase: Call Test Case 'Test Cases/Final Aug 2018 - PKS Automation/Registration Module/New Registration/Form 1/Form 1 - Corporation - BHD' successfully

2018-12-11 18:09:07 - [TEST_CASE][PASSED] - Test Cases/Final Aug 2018 - PKS Automation/Registration Module/New Registration/Form 1/Form 1 - Corporation - BHD: Test Cases/Final Aug 2018 - PKS Automation/Registration Module/New Registration/Form 1/Form 1 - Corporation - BHD

2018-12-11 18:09:07 - [TEST_STEP][PASSED] - openBrowser: Browser is opened with url: ''

2018-12-11 18:09:07 - [MESSAGE][WARNING] - A browser is already opened. Closing browser and opening a new one

2018-12-11 18:09:11 - [MESSAGE][PASSED] - Browser is opened with url: ''

2018-12-11 18:09:11 - [TEST_STEP][PASSED] - navigateToUrl: Navigate to 'https://assist2-uat.perkeso.gov.my/login' successfully

2018-12-11 18:09:12 - [MESSAGE][PASSED] - Navigate to 'https://assist2-uat.perkeso.gov.my/login' successfully

2018-12-11 18:09:12 - [TEST_STEP][PASSED] - setText: Text 'johorotc1@gmail.com' is set on object 'Object Repository/Final Object Repo/Login Page/Internal User/Email Address'

2018-12-11 18:09:13 - [MESSAGE][PASSED] - Text 'johorotc1@gmail.com' is set on object 'Object Repository/Final Object Repo/Login Page/Internal User/Email Address'

2018-12-11 18:09:13 - [TEST_STEP][PASSED] - click: Object: 'Object Repository/Final Object Repo/Login Page/Internal User/Next Button' is clicked on

2018-12-11 18:09:13 - [MESSAGE][PASSED] - Object: 'Object Repository/Final Object Repo/Login Page/Internal User/Next Button' is clicked on

2018-12-11 18:09:13 - [TEST_STEP][PASSED] - delay: Delayed 1 second(s)

2018-12-11 18:09:14 - [MESSAGE][PASSED] - Delayed 1 second(s)

2018-12-11 18:09:14 - [TEST_STEP][PASSED] - setEncryptedText: Text ****** has been set on object 'Object Repository/Final Object Repo/Login Page/Internal User/Password'

2018-12-11 18:09:14 - [MESSAGE][PASSED] - Text ****** has been set on object 'Object Repository/Final Object Repo/Login Page/Internal User/Password'

2018-12-11 18:09:14 - [TEST_STEP][PASSED] - click: Object: 'Object Repository/Final Object Repo/Login Page/Internal User/Login Button' is clicked on

2018-12-11 18:09:14 - [MESSAGE][PASSED] - Object: 'Object Repository/Final Object Repo/Login Page/Internal User/Login Button' is clicked on

2018-12-11 18:09:14 - [TEST_STEP][PASSED] - delay: Delayed 1 second(s)

2018-12-11 18:09:15 - [MESSAGE][PASSED] - Delayed 1 second(s)

2018-12-11 18:09:15 - [TEST_STEP][PASSED] - Statement - Try: Delayed 2 second(s)

2018-12-11 18:09:15 - [TEST_STEP][PASSED] - Statement - Checker = false: null

2018-12-11 18:09:15 - [TEST_STEP][PASSED] - Statement - Checker = com.kms.katalon.core.webui.keyword.WebUiBuiltInKeywords.verifyElementHasAttribute(com.kms.katalon.core.testobject.ObjectRepository.findTestObject(Final Object Repo/Landing Page/BM Detecting), "href", 20, OPTIONAL): Object 'Object Repository/Final Object Repo/Landing Page/BM Detecting' has attribute 'href'

2018-12-11 18:09:16 - [MESSAGE][PASSED] - Object 'Object Repository/Final Object Repo/Landing Page/BM Detecting' has attribute 'href'

2018-12-11 18:09:16 - [TEST_STEP][PASSED] - Statement - out.println(Checker): null

2018-12-11 18:09:16 - [TEST_STEP][PASSED] - Statement - If (Checker == false): null

2018-12-11 18:09:16 - [TEST_STEP][PASSED] - Statement - Else: null

2018-12-11 18:09:16 - [TEST_STEP][PASSED] - delay: Delayed 2 second(s)

2018-12-11 18:09:18 - [MESSAGE][PASSED] - Delayed 2 second(s)

2018-12-11 18:09:18 - [TEST_STEP][PASSED] - navigateToUrl: Navigate to 'https://assist2-uat.perkeso.gov.my/web/registration/registration' successfully

2018-12-11 18:09:20 - [MESSAGE][PASSED] - Navigate to 'https://assist2-uat.perkeso.gov.my/web/registration/registration' successfully

2018-12-11 18:09:20 - [TEST_STEP][PASSED] - click: Object: 'Object Repository/Final Object Repo/New Registration - Registration Module Pages/Form 1/AEC - No' is clicked on

2018-12-11 18:09:20 - [MESSAGE][PASSED] - Object: 'Object Repository/Final Object Repo/New Registration - Registration Module Pages/Form 1/AEC - No' is clicked on

2018-12-11 18:09:20 - [TEST_STEP][PASSED] - click: Object: 'Object Repository/Final Object Repo/New Registration - Registration Module Pages/Form 1/Business Entity' is clicked on

2018-12-11 18:09:20 - [MESSAGE][PASSED] - Object: 'Object Repository/Final Object Repo/New Registration - Registration Module Pages/Form 1/Business Entity' is clicked on

2018-12-11 18:09:20 - [TEST_STEP][PASSED] - click: Object: 'Object Repository/Final Object Repo/New Registration - Registration Module Pages/Form 1/Businees Entity - Corporation' is clicked on

2018-12-11 18:09:20 - [MESSAGE][PASSED] - Object: 'Object Repository/Final Object Repo/New Registration - Registration Module Pages/Form 1/Businees Entity - Corporation' is clicked on

2018-12-11 18:09:20 - [TEST_STEP][PASSED] - delay: Delayed 1 second(s)

2018-12-11 18:09:21 - [MESSAGE][PASSED] - Delayed 1 second(s)

2018-12-11 18:09:21 - [TEST_STEP][PASSED] - click: Object: 'Object Repository/Final Object Repo/New Registration - Registration Module Pages/Form 1/Sub Business Entity' is clicked on

2018-12-11 18:09:21 - [MESSAGE][PASSED] - Object: 'Object Repository/Final Object Repo/New Registration - Registration Module Pages/Form 1/Sub Business Entity' is clicked on

2018-12-11 18:09:21 - [TEST_STEP][PASSED] - click: Object: 'Object Repository/Final Object Repo/New Registration - Registration Module Pages/Form 1/Sub Business Entity - Berhad' is clicked on

2018-12-11 18:09:22 - [MESSAGE][PASSED] - Object: 'Object Repository/Final Object Repo/New Registration - Registration Module Pages/Form 1/Sub Business Entity - Berhad' is clicked on

2018-12-11 18:09:22 - [TEST_STEP][PASSED] - delay: Delayed 1 second(s)

2018-12-11 18:09:23 - [MESSAGE][PASSED] - Delayed 1 second(s)

2018-12-11 18:09:23 - [TEST_STEP][PASSED] - setText: Text '123' is set on object 'Object Repository/Final Object Repo/New Registration - Registration Module Pages/Form 1/Registration Number'

2018-12-11 18:09:23 - [MESSAGE][PASSED] - Text '123' is set on object 'Object Repository/Final Object Repo/New Registration - Registration Module Pages/Form 1/Registration Number'

2018-12-11 18:09:23 - [TEST_STEP][PASSED] - click: Object: 'Object Repository/Final Object Repo/New Registration - Registration Module Pages/Form 1/Registred with SSM - Before Feb' is clicked on

2018-12-11 18:09:23 - [MESSAGE][PASSED] - Object: 'Object Repository/Final Object Repo/New Registration - Registration Module Pages/Form 1/Registred with SSM - Before Feb' is clicked on

2018-12-11 18:09:23 - [TEST_STEP][PASSED] - click: Object: 'Object Repository/Final Object Repo/New Registration - Registration Module Pages/Form 1/Registered As a Branch - Yes' is clicked on

2018-12-11 18:09:23 - [MESSAGE][PASSED] - Object: 'Object Repository/Final Object Repo/New Registration - Registration Module Pages/Form 1/Registered As a Branch - Yes' is clicked on

2018-12-11 18:09:23 - [TEST_STEP][PASSED] - click: Object: 'Object Repository/Final Object Repo/New Registration - Registration Module Pages/Form 1/Acknowledgement' is clicked on

2018-12-11 18:09:23 - [MESSAGE][PASSED] - Object: 'Object Repository/Final Object Repo/New Registration - Registration Module Pages/Form 1/Acknowledgement' is clicked on

2018-12-11 18:09:23 - [TEST_STEP][PASSED] - setText: Text 'perkeso' is set on object 'Object Repository/Final Object Repo/New Registration - Registration Module Pages/Form 1/Industry name'

2018-12-11 18:09:24 - [MESSAGE][PASSED] - Text 'perkeso' is set on object 'Object Repository/Final Object Repo/New Registration - Registration Module Pages/Form 1/Industry name'

2018-12-11 18:09:24 - [TEST_STEP][PASSED] - setText: Text 'perkeso1' is set on object 'Object Repository/Final Object Repo/New Registration - Registration Module Pages/Form 1/Postal Address1'

2018-12-11 18:09:24 - [MESSAGE][PASSED] - Text 'perkeso1' is set on object 'Object Repository/Final Object Repo/New Registration - Registration Module Pages/Form 1/Postal Address1'

2018-12-11 18:09:24 - [TEST_STEP][PASSED] - setText: Text 'perkeso2' is set on object 'Object Repository/Final Object Repo/New Registration - Registration Module Pages/Form 1/Postal Address2'

2018-12-11 18:09:24 - [MESSAGE][PASSED] - Text 'perkeso2' is set on object 'Object Repository/Final Object Repo/New Registration - Registration Module Pages/Form 1/Postal Address2'

2018-12-11 18:09:24 - [TEST_STEP][PASSED] - setText: Text 'perkeso3' is set on object 'Object Repository/Final Object Repo/New Registration - Registration Module Pages/Form 1/Postal Address3'

2018-12-11 18:09:25 - [MESSAGE][PASSED] - Text 'perkeso3' is set on object 'Object Repository/Final Object Repo/New Registration - Registration Module Pages/Form 1/Postal Address3'

2018-12-11 18:09:25 - [TEST_STEP][PASSED] - click: Object: 'Object Repository/Final Object Repo/New Registration - Registration Module Pages/Form 1/State' is clicked on

2018-12-11 18:09:25 - [MESSAGE][PASSED] - Object: 'Object Repository/Final Object Repo/New Registration - Registration Module Pages/Form 1/State' is clicked on

2018-12-11 18:09:25 - [TEST_STEP][PASSED] - click: Object: 'Object Repository/Final Object Repo/New Registration - Registration Module Pages/Form 1/State - Johor' is clicked on

2018-12-11 18:09:25 - [MESSAGE][PASSED] - Object: 'Object Repository/Final Object Repo/New Registration - Registration Module Pages/Form 1/State - Johor' is clicked on

2018-12-11 18:09:25 - [TEST_STEP][PASSED] - delay: Delayed 1 second(s)

2018-12-11 18:09:26 - [MESSAGE][PASSED] - Delayed 1 second(s)

2018-12-11 18:09:26 - [TEST_STEP][PASSED] - click: Object: 'Object Repository/Final Object Repo/New Registration - Registration Module Pages/Form 1/City' is clicked on

2018-12-11 18:09:26 - [MESSAGE][PASSED] - Object: 'Object Repository/Final Object Repo/New Registration - Registration Module Pages/Form 1/City' is clicked on

2018-12-11 18:09:26 - [TEST_STEP][PASSED] - setText: Text 'joh' is set on object 'Object Repository/Final Object Repo/New Registration - Registration Module Pages/Form 1/Postcode - 810'

2018-12-11 18:09:26 - [MESSAGE][PASSED] - Text 'joh' is set on object 'Object Repository/Final Object Repo/New Registration - Registration Module Pages/Form 1/Postcode - 810'

2018-12-11 18:09:26 - [TEST_STEP][PASSED] - delay: Delayed 1 second(s)

2018-12-11 18:09:27 - [MESSAGE][PASSED] - Delayed 1 second(s)

2018-12-11 18:09:27 - [TEST_STEP][PASSED] - click: Object: 'Object Repository/Final Object Repo/New Registration - Registration Module Pages/Form 1/City - Johor Bharu' is clicked on

2018-12-11 18:09:28 - [MESSAGE][PASSED] - Object: 'Object Repository/Final Object Repo/New Registration - Registration Module Pages/Form 1/City - Johor Bharu' is clicked on

2018-12-11 18:09:28 - [TEST_STEP][PASSED] - delay: Delayed 1 second(s)

2018-12-11 18:09:29 - [MESSAGE][PASSED] - Delayed 1 second(s)

2018-12-11 18:09:29 - [TEST_STEP][PASSED] - click: Object: 'Object Repository/Final Object Repo/New Registration - Registration Module Pages/Form 1/Postcode' is clicked on

2018-12-11 18:09:29 - [MESSAGE][PASSED] - Object: 'Object Repository/Final Object Repo/New Registration - Registration Module Pages/Form 1/Postcode' is clicked on

2018-12-11 18:09:29 - [TEST_STEP][PASSED] - delay: Delayed 1 second(s)

2018-12-11 18:09:30 - [MESSAGE][PASSED] - Delayed 1 second(s)

2018-12-11 18:09:30 - [TEST_STEP][PASSED] - setText: Text '810' is set on object 'Object Repository/Final Object Repo/New Registration - Registration Module Pages/Form 1/Postcode - 810'

2018-12-11 18:09:30 - [MESSAGE][PASSED] - Text '810' is set on object 'Object Repository/Final Object Repo/New Registration - Registration Module Pages/Form 1/Postcode - 810'

2018-12-11 18:09:30 - [TEST_STEP][PASSED] - delay: Delayed 3 second(s)

2018-12-11 18:09:33 - [MESSAGE][PASSED] - Delayed 3 second(s)

2018-12-11 18:09:33 - [TEST_STEP][PASSED] - click: Object: 'Object Repository/Final Object Repo/New Registration - Registration Module Pages/Form 1/Postcode - 81000' is clicked on

2018-12-11 18:09:33 - [MESSAGE][PASSED] - Object: 'Object Repository/Final Object Repo/New Registration - Registration Module Pages/Form 1/Postcode - 81000' is clicked on

2018-12-11 18:09:33 - [TEST_STEP][PASSED] - delay: Delayed 1 second(s)

2018-12-11 18:09:34 - [MESSAGE][PASSED] - Delayed 1 second(s)

2018-12-11 18:09:34 - [TEST_STEP][PASSED] - setText: Text '100' is set on object 'Object Repository/Final Object Repo/New Registration - Registration Module Pages/Form 1/P.O.BOX'

2018-12-11 18:09:35 - [MESSAGE][PASSED] - Text '100' is set on object 'Object Repository/Final Object Repo/New Registration - Registration Module Pages/Form 1/P.O.BOX'

2018-12-11 18:09:35 - [TEST_STEP][PASSED] - setText: Text '100' is set on object 'Object Repository/Final Object Repo/New Registration - Registration Module Pages/Form 1/Locked Bag No'

2018-12-11 18:09:35 - [MESSAGE][PASSED] - Text '100' is set on object 'Object Repository/Final Object Repo/New Registration - Registration Module Pages/Form 1/Locked Bag No'

2018-12-11 18:09:35 - [TEST_STEP][PASSED] - click: Object: 'Object Repository/Final Object Repo/New Registration - Registration Module Pages/Form 1/SOCSO Office Location' is clicked on

2018-12-11 18:09:35 - [MESSAGE][PASSED] - Object: 'Object Repository/Final Object Repo/New Registration - Registration Module Pages/Form 1/SOCSO Office Location' is clicked on

2018-12-11 18:09:35 - [TEST_STEP][PASSED] - click: Object: 'Object Repository/Final Object Repo/New Registration - Registration Module Pages/Form 1/SOCSO Office Location - Pejabat PERKESO Negeri Johor' is clicked on

2018-12-11 18:09:35 - [MESSAGE][PASSED] - Object: 'Object Repository/Final Object Repo/New Registration - Registration Module Pages/Form 1/SOCSO Office Location - Pejabat PERKESO Negeri Johor' is clicked on

2018-12-11 18:09:35 - [TEST_STEP][PASSED] - delay: Delayed 1 second(s)

2018-12-11 18:09:36 - [MESSAGE][PASSED] - Delayed 1 second(s)

2018-12-11 18:09:36 - [TEST_STEP][PASSED] - check: Object 'Object Repository/Final Object Repo/New Registration - Registration Module Pages/Form 1/Indusrty Address Same As Postal Address' is checked

2018-12-11 18:09:36 - [MESSAGE][PASSED] - Object 'Object Repository/Final Object Repo/New Registration - Registration Module Pages/Form 1/Indusrty Address Same As Postal Address' is checked

2018-12-11 18:09:36 - [TEST_STEP][PASSED] - delay: Delayed 3 second(s)

2018-12-11 18:09:39 - [MESSAGE][PASSED] - Delayed 3 second(s)

2018-12-11 18:09:39 - [TEST_STEP][PASSED] - click: Object: 'Object Repository/Final Object Repo/New Registration - Registration Module Pages/Form 1/Indusry Address Same As Postal Address False' is clicked on

2018-12-11 18:09:40 - [MESSAGE][PASSED] - Object: 'Object Repository/Final Object Repo/New Registration - Registration Module Pages/Form 1/Indusry Address Same As Postal Address False' is clicked on

2018-12-11 18:09:40 - [TEST_STEP][PASSED] - delay: Delayed 1 second(s)

2018-12-11 18:09:41 - [MESSAGE][PASSED] - Delayed 1 second(s)

2018-12-11 18:09:41 - [TEST_STEP][PASSED] - setText: Text 'perkeso1' is set on object 'Object Repository/Final Object Repo/New Registration - Registration Module Pages/Form 1/Industry Address1'

2018-12-11 18:09:41 - [MESSAGE][PASSED] - Text 'perkeso1' is set on object 'Object Repository/Final Object Repo/New Registration - Registration Module Pages/Form 1/Industry Address1'

2018-12-11 18:09:41 - [TEST_STEP][PASSED] - setText: Text 'perkeso2' is set on object 'Object Repository/Final Object Repo/New Registration - Registration Module Pages/Form 1/Industry Address2'

2018-12-11 18:09:41 - [MESSAGE][PASSED] - Text 'perkeso2' is set on object 'Object Repository/Final Object Repo/New Registration - Registration Module Pages/Form 1/Industry Address2'

2018-12-11 18:09:41 - [TEST_STEP][PASSED] - setText: Text 'perkeso3' is set on object 'Object Repository/Final Object Repo/New Registration - Registration Module Pages/Form 1/Industry Address3'

2018-12-11 18:09:42 - [MESSAGE][PASSED] - Text 'perkeso3' is set on object 'Object Repository/Final Object Repo/New Registration - Registration Module Pages/Form 1/Industry Address3'

2018-12-11 18:09:42 - [TEST_STEP][PASSED] - click: Object: 'Object Repository/Final Object Repo/New Registration - Registration Module Pages/Form 1/Industry State' is clicked on

2018-12-11 18:09:42 - [MESSAGE][PASSED] - Object: 'Object Repository/Final Object Repo/New Registration - Registration Module Pages/Form 1/Industry State' is clicked on

2018-12-11 18:09:42 - [TEST_STEP][PASSED] - delay: Delayed 2 second(s)

2018-12-11 18:09:44 - [MESSAGE][PASSED] - Delayed 2 second(s)

2018-12-11 18:09:44 - [TEST_STEP][PASSED] - click: Object: 'Object Repository/Final Object Repo/New Registration - Registration Module Pages/Form 1/Industry State - Johor' is clicked on

2018-12-11 18:09:44 - [MESSAGE][PASSED] - Object: 'Object Repository/Final Object Repo/New Registration - Registration Module Pages/Form 1/Industry State - Johor' is clicked on

2018-12-11 18:09:44 - [TEST_STEP][PASSED] - delay: Delayed 2 second(s)

2018-12-11 18:09:46 - [MESSAGE][PASSED] - Delayed 2 second(s)

2018-12-11 18:09:46 - [TEST_STEP][PASSED] - click: Object: 'Object Repository/Final Object Repo/New Registration - Registration Module Pages/Form 1/Industry Ciry' is clicked on

2018-12-11 18:09:46 - [MESSAGE][PASSED] - Object: 'Object Repository/Final Object Repo/New Registration - Registration Module Pages/Form 1/Industry Ciry' is clicked on

2018-12-11 18:09:46 - [TEST_STEP][PASSED] - setText: Text 'joh' is set on object 'Object Repository/Final Object Repo/New Registration - Registration Module Pages/Form 1/Industry Ciry - joh'

2018-12-11 18:09:46 - [MESSAGE][PASSED] - Text 'joh' is set on object 'Object Repository/Final Object Repo/New Registration - Registration Module Pages/Form 1/Industry Ciry - joh'

2018-12-11 18:09:46 - [TEST_STEP][PASSED] - delay: Delayed 2 second(s)

2018-12-11 18:09:48 - [MESSAGE][PASSED] - Delayed 2 second(s)

2018-12-11 18:09:48 - [TEST_STEP][PASSED] - click: Object: 'Object Repository/Final Object Repo/New Registration - Registration Module Pages/Form 1/Industy State - Johor Bharu' is clicked on

2018-12-11 18:09:49 - [MESSAGE][PASSED] - Object: 'Object Repository/Final Object Repo/New Registration - Registration Module Pages/Form 1/Industy State - Johor Bharu' is clicked on

2018-12-11 18:09:49 - [TEST_STEP][PASSED] - delay: Delayed 1 second(s)

2018-12-11 18:09:50 - [MESSAGE][PASSED] - Delayed 1 second(s)

2018-12-11 18:09:50 - [TEST_STEP][PASSED] - click: Object: 'Object Repository/Final Object Repo/New Registration - Registration Module Pages/Form 1/Indusry PostCode' is clicked on

2018-12-11 18:09:50 - [MESSAGE][PASSED] - Object: 'Object Repository/Final Object Repo/New Registration - Registration Module Pages/Form 1/Indusry PostCode' is clicked on

2018-12-11 18:09:50 - [TEST_STEP][PASSED] - delay: Delayed 1 second(s)

2018-12-11 18:09:51 - [MESSAGE][PASSED] - Delayed 1 second(s)

2018-12-11 18:09:51 - [TEST_STEP][PASSED] - setText: Text '810' is set on object 'Object Repository/Final Object Repo/New Registration - Registration Module Pages/Form 1/Insutry Post Code - 810'

2018-12-11 18:09:51 - [MESSAGE][PASSED] - Text '810' is set on object 'Object Repository/Final Object Repo/New Registration - Registration Module Pages/Form 1/Insutry Post Code - 810'

2018-12-11 18:09:51 - [TEST_STEP][PASSED] - delay: Delayed 1 second(s)

2018-12-11 18:09:52 - [MESSAGE][PASSED] - Delayed 1 second(s)

2018-12-11 18:09:52 - [TEST_STEP][PASSED] - click: Object: 'Object Repository/Final Object Repo/New Registration - Registration Module Pages/Form 1/Insutry Post Code - 81000' is clicked on

2018-12-11 18:09:52 - [MESSAGE][PASSED] - Object: 'Object Repository/Final Object Repo/New Registration - Registration Module Pages/Form 1/Insutry Post Code - 81000' is clicked on

2018-12-11 18:09:52 - [TEST_STEP][PASSED] - delay: Delayed 1 second(s)

2018-12-11 18:09:53 - [MESSAGE][PASSED] - Delayed 1 second(s)

2018-12-11 18:09:53 - [TEST_STEP][PASSED] - setText: Text '100' is set on object 'Object Repository/Final Object Repo/New Registration - Registration Module Pages/Form 1/Industry P.O.BOX'

2018-12-11 18:09:53 - [MESSAGE][PASSED] - Text '100' is set on object 'Object Repository/Final Object Repo/New Registration - Registration Module Pages/Form 1/Industry P.O.BOX'

2018-12-11 18:09:53 - [TEST_STEP][PASSED] - setText: Text '100' is set on object 'Object Repository/Final Object Repo/New Registration - Registration Module Pages/Form 1/Industry Locked Bag No'

2018-12-11 18:09:54 - [MESSAGE][PASSED] - Text '100' is set on object 'Object Repository/Final Object Repo/New Registration - Registration Module Pages/Form 1/Industry Locked Bag No'

2018-12-11 18:09:54 - [TEST_STEP][PASSED] - setText: Text '123456789' is set on object 'Object Repository/Final Object Repo/New Registration - Registration Module Pages/Form 1/Telephone No'

2018-12-11 18:09:54 - [MESSAGE][PASSED] - Text '123456789' is set on object 'Object Repository/Final Object Repo/New Registration - Registration Module Pages/Form 1/Telephone No'

2018-12-11 18:09:54 - [TEST_STEP][PASSED] - setText: Text '123456789' is set on object 'Object Repository/Final Object Repo/New Registration - Registration Module Pages/Form 1/Mobile No'

2018-12-11 18:09:55 - [MESSAGE][PASSED] - Text '123456789' is set on object 'Object Repository/Final Object Repo/New Registration - Registration Module Pages/Form 1/Mobile No'

2018-12-11 18:09:55 - [TEST_STEP][PASSED] - setText: Text '123456789' is set on object 'Object Repository/Final Object Repo/New Registration - Registration Module Pages/Form 1/Fax No'

2018-12-11 18:09:55 - [MESSAGE][PASSED] - Text '123456789' is set on object 'Object Repository/Final Object Repo/New Registration - Registration Module Pages/Form 1/Fax No'

2018-12-11 18:09:55 - [TEST_STEP][PASSED] - click: Object: 'Object Repository/Final Object Repo/New Registration - Registration Module Pages/Form 1/Industry Code' is clicked on

2018-12-11 18:09:55 - [MESSAGE][PASSED] - Object: 'Object Repository/Final Object Repo/New Registration - Registration Module Pages/Form 1/Industry Code' is clicked on

2018-12-11 18:09:55 - [TEST_STEP][PASSED] - click: Object: 'Object Repository/Final Object Repo/New Registration - Registration Module Pages/Form 1/Indudustry Code - Crops and Animal' is clicked on

2018-12-11 18:09:55 - [MESSAGE][PASSED] - Object: 'Object Repository/Final Object Repo/New Registration - Registration Module Pages/Form 1/Indudustry Code - Crops and Animal' is clicked on

2018-12-11 18:09:55 - [TEST_STEP][PASSED] - delay: Delayed 1 second(s)

2018-12-11 18:09:56 - [MESSAGE][PASSED] - Delayed 1 second(s)

2018-12-11 18:09:56 - [TEST_STEP][PASSED] - click: Object: 'Object Repository/Final Object Repo/New Registration - Registration Module Pages/Form 1/Sub Industry Code List' is clicked on

2018-12-11 18:09:57 - [MESSAGE][PASSED] - Object: 'Object Repository/Final Object Repo/New Registration - Registration Module Pages/Form 1/Sub Industry Code List' is clicked on

2018-12-11 18:09:57 - [TEST_STEP][PASSED] - click: Object: 'Object Repository/Final Object Repo/New Registration - Registration Module Pages/Form 1/Sub Industry Code List - Growing of Maize' is clicked on

2018-12-11 18:09:57 - [MESSAGE][PASSED] - Object: 'Object Repository/Final Object Repo/New Registration - Registration Module Pages/Form 1/Sub Industry Code List - Growing of Maize' is clicked on

2018-12-11 18:09:57 - [TEST_STEP][PASSED] - setText: Text 'perkeso123@gmail.com' is set on object 'Object Repository/Final Object Repo/New Registration - Registration Module Pages/Form 1/Email'

2018-12-11 18:09:57 - [MESSAGE][PASSED] - Text 'perkeso123@gmail.com' is set on object 'Object Repository/Final Object Repo/New Registration - Registration Module Pages/Form 1/Email'

2018-12-11 18:09:57 - [TEST_STEP][PASSED] - click: Object: 'Object Repository/Final Object Repo/New Registration - Registration Module Pages/Form 1/Method of Contribution Payment' is clicked on

2018-12-11 18:09:58 - [MESSAGE][PASSED] - Object: 'Object Repository/Final Object Repo/New Registration - Registration Module Pages/Form 1/Method of Contribution Payment' is clicked on

2018-12-11 18:09:58 - [TEST_STEP][PASSED] - click: Object: 'Object Repository/Final Object Repo/New Registration - Registration Module Pages/Form 1/Method of Contribution Payment - Portal' is clicked on

2018-12-11 18:09:58 - [MESSAGE][PASSED] - Object: 'Object Repository/Final Object Repo/New Registration - Registration Module Pages/Form 1/Method of Contribution Payment - Portal' is clicked on

2018-12-11 18:09:58 - [TEST_STEP][PASSED] - click: Object: 'Object Repository/Final Object Repo/New Registration - Registration Module Pages/Form 1/Servide Type' is clicked on

2018-12-11 18:09:58 - [MESSAGE][PASSED] - Object: 'Object Repository/Final Object Repo/New Registration - Registration Module Pages/Form 1/Servide Type' is clicked on

2018-12-11 18:09:58 - [TEST_STEP][PASSED] - click: Object: 'Object Repository/Final Object Repo/New Registration - Registration Module Pages/Form 1/Servide Type - Professional Bodies' is clicked on

2018-12-11 18:09:58 - [MESSAGE][PASSED] - Object: 'Object Repository/Final Object Repo/New Registration - Registration Module Pages/Form 1/Servide Type - Professional Bodies' is clicked on

2018-12-11 18:09:58 - [TEST_STEP][PASSED] - click: Object: 'Object Repository/Final Object Repo/New Registration - Registration Module Pages/Form 1/Industry Venue' is clicked on

2018-12-11 18:09:58 - [MESSAGE][PASSED] - Object: 'Object Repository/Final Object Repo/New Registration - Registration Module Pages/Form 1/Industry Venue' is clicked on

2018-12-11 18:09:58 - [TEST_STEP][PASSED] - click: Object: 'Object Repository/Final Object Repo/New Registration - Registration Module Pages/Form 1/Industry Venue -  PPN JOHOR' is clicked on

2018-12-11 18:09:59 - [MESSAGE][PASSED] - Object: 'Object Repository/Final Object Repo/New Registration - Registration Module Pages/Form 1/Industry Venue -  PPN JOHOR' is clicked on

2018-12-11 18:09:59 - [TEST_STEP][PASSED] - click: Object: 'Object Repository/Final Object Repo/New Registration - Registration Module Pages/Form 1/Save  Continue' is clicked on

2018-12-11 18:09:59 - [MESSAGE][PASSED] - Object: 'Object Repository/Final Object Repo/New Registration - Registration Module Pages/Form 1/Save  Continue' is clicked on

2018-12-11 18:09:59 - [MESSAGE][PASSED] - Call Test Case 'Test Cases/Final Aug 2018 - PKS Automation/Registration Module/New Registration/Form 1/Form 1 - Corporation - BHD' successfully

2018-12-11 18:09:59 - [TEST_STEP][PASSED] - callTestCase: Call Test Case 'Test Cases/Final Aug 2018 - PKS Automation/Registration Module/New Registration/Form 2/Add 1 Eligible' successfully

2018-12-11 18:09:59 - [TEST_CASE][PASSED] - Test Cases/Final Aug 2018 - PKS Automation/Registration Module/New Registration/Form 2/Add 1 Eligible: Test Cases/Final Aug 2018 - PKS Automation/Registration Module/New Registration/Form 2/Add 1 Eligible

2018-12-11 18:09:59 - [TEST_STEP][PASSED] - delay: Delayed 2 second(s)

2018-12-11 18:10:01 - [MESSAGE][PASSED] - Delayed 2 second(s)

2018-12-11 18:10:01 - [TEST_STEP][PASSED] - callTestCase: Call Test Case 'Test Cases/Final Aug 2018 - PKS Automation/Registration Module/New Registration/Form 2/Date Updater' successfully

2018-12-11 18:10:01 - [TEST_CASE][PASSED] - Test Cases/Final Aug 2018 - PKS Automation/Registration Module/New Registration/Form 2/Date Updater: Test Cases/Final Aug 2018 - PKS Automation/Registration Module/New Registration/Form 2/Date Updater

2018-12-11 18:10:01 - [TEST_STEP][PASSED] - Statement - TodayDate = new java.util.Date(): null

2018-12-11 18:10:01 - [TEST_STEP][PASSED] - Statement - CurrentDateNoFilter = new java.text.SimpleDateFormat(): null

2018-12-11 18:10:01 - [TEST_STEP][PASSED] - Statement - CurrentDateNoFilter.applyPattern("MM"): null

2018-12-11 18:10:01 - [TEST_STEP][PASSED] - Statement - monthContainerMatcher = java.lang.Integer.parseInt(CurrentDateNoFilter.format(TodayDate)): null

2018-12-11 18:10:01 - [TEST_STEP][PASSED] - Statement - monthContainerMatcher = monthContainerMatcher - 1: null

2018-12-11 18:10:01 - [TEST_STEP][PASSED] - Statement - CurrentMonth = monthContainerMatcher.toString(): null

2018-12-11 18:10:01 - [TEST_STEP][PASSED] - Statement - CurrentMonth = CurrentMonth: null

2018-12-11 18:10:01 - [TEST_STEP][PASSED] - Statement - CurrentDateNoFilter.applyPattern("yyyy"): null

2018-12-11 18:10:01 - [TEST_STEP][PASSED] - Statement - CurrentYear = CurrentDateNoFilter.format(TodayDate): null

2018-12-11 18:10:01 - [TEST_STEP][PASSED] - Statement - CurrentYear = CurrentYear: null

2018-12-11 18:10:01 - [TEST_STEP][PASSED] - Statement - intCurrentYear = java.lang.Integer.parseInt(CurrentDateNoFilter.format(TodayDate)): null

2018-12-11 18:10:01 - [TEST_STEP][PASSED] - Statement - eighteenYrsAgo = intCurrentYear - 18: null

2018-12-11 18:10:01 - [TEST_STEP][PASSED] - Statement - eighteenYrsBeforeThisYr = eighteenYrsAgo.toString(): null

2018-12-11 18:10:01 - [TEST_STEP][PASSED] - Statement - EighteenYrsBefore = eighteenYrsBeforeThisYr: null

2018-12-11 18:10:01 - [TEST_STEP][PASSED] - Statement - fiftysevenYrsAgo = intCurrentYear - 57: null

2018-12-11 18:10:01 - [TEST_STEP][PASSED] - Statement - fiftysevenYrsBeforeThisYr = fiftysevenYrsAgo.toString(): null

2018-12-11 18:10:01 - [TEST_STEP][PASSED] - Statement - FiftysevenYrsBefore = fiftysevenYrsBeforeThisYr: null

2018-12-11 18:10:01 - [TEST_STEP][PASSED] - Statement - leapYear = false: null

2018-12-11 18:10:01 - [TEST_STEP][PASSED] - Statement - leapYear = intCurrentYear % 4 == 0: null

2018-12-11 18:10:01 - [TEST_STEP][PASSED] - Statement - CurrentDateNoFilter.applyPattern("dd"): null

2018-12-11 18:10:01 - [TEST_STEP][PASSED] - Statement - CurrentDate = CurrentDateNoFilter.format(TodayDate): null

2018-12-11 18:10:01 - [TEST_STEP][PASSED] - Statement - CurrentDate = java.lang.Integer.parseInt(CurrentDate): null

2018-12-11 18:10:01 - [TEST_STEP][PASSED] - Statement - CurrentDate = CurrentDate: null

2018-12-11 18:10:01 - [TEST_STEP][PASSED] - Statement - CurrentDay = java.lang.Integer.parseInt(CurrentDate): null

2018-12-11 18:10:01 - [TEST_STEP][PASSED] - Statement - ConfAdder = <not implemented yet for class: org.codehaus.groovy.ast.expr.EmptyExpression>: null

2018-12-11 18:10:01 - [TEST_STEP][PASSED] - Statement - out.println(CurrentMonth): null

2018-12-11 18:10:01 - [TEST_STEP][PASSED] - Statement - out.println(CurrentDate): null

2018-12-11 18:10:01 - [TEST_STEP][PASSED] - Statement - switch (CurrentDate): null

2018-12-11 18:10:01 - [TEST_STEP][PASSED] - Statement - Default: null

2018-12-11 18:10:01 - [TEST_STEP][PASSED] - Statement - ConfAdder = true: null

2018-12-11 18:10:01 - [TEST_STEP][PASSED] - Statement - Break: null

2018-12-11 18:10:01 - [TEST_STEP][PASSED] - Statement - aDayBefore = <not implemented yet for class: org.codehaus.groovy.ast.expr.EmptyExpression>: null

2018-12-11 18:10:01 - [TEST_STEP][PASSED] - Statement - out.println(ConfAdder): null

2018-12-11 18:10:01 - [TEST_STEP][PASSED] - Statement - If (ConfAdder == true): null

2018-12-11 18:10:01 - [TEST_STEP][PASSED] - Statement - aDayBefore = CurrentDay + 1: null

2018-12-11 18:10:01 - [TEST_STEP][PASSED] - Statement - out.println(aDayBefore): null

2018-12-11 18:10:01 - [TEST_STEP][PASSED] - Statement - If (aDayBefore == 1 && CurrentMonth == 11): null

2018-12-11 18:10:01 - [TEST_STEP][PASSED] - Statement - DayBefore = aDayBefore.toString(): null

2018-12-11 18:10:01 - [TEST_STEP][PASSED] - Statement - OneDayBefore = DayBefore: null

2018-12-11 18:10:01 - [MESSAGE][PASSED] - Call Test Case 'Test Cases/Final Aug 2018 - PKS Automation/Registration Module/New Registration/Form 2/Date Updater' successfully

2018-12-11 18:10:01 - [TEST_STEP][PASSED] - delay: Delayed 1 second(s)

2018-12-11 18:10:02 - [MESSAGE][PASSED] - Delayed 1 second(s)

2018-12-11 18:10:02 - [TEST_STEP][PASSED] - Statement - CaseReferenceNo = com.kms.katalon.core.webui.keyword.WebUiBuiltInKeywords.getText(com.kms.katalon.core.testobject.ObjectRepository.findTestObject(Final Object Repo/New Registration - Registration Module Pages/Form 2/RefNo Acquiring)): Text of object 'Object Repository/Final Object Repo/New Registration - Registration Module Pages/Form 2/RefNo Acquiring' is: 'CRN12201800123191'

2018-12-11 18:10:02 - [MESSAGE][PASSED] - Text of object 'Object Repository/Final Object Repo/New Registration - Registration Module Pages/Form 2/RefNo Acquiring' is: 'CRN12201800123191'

2018-12-11 18:10:02 - [TEST_STEP][PASSED] - delay: Delayed 1 second(s)

2018-12-11 18:10:03 - [MESSAGE][PASSED] - Delayed 1 second(s)

2018-12-11 18:10:03 - [TEST_STEP][PASSED] - click: Object: 'Object Repository/Final Object Repo/New Registration - Registration Module Pages/Form 2/Add Employee Button' is clicked on

2018-12-11 18:10:03 - [MESSAGE][PASSED] - Object: 'Object Repository/Final Object Repo/New Registration - Registration Module Pages/Form 2/Add Employee Button' is clicked on

2018-12-11 18:10:03 - [TEST_STEP][PASSED] - delay: Delayed 1 second(s)

2018-12-11 18:10:04 - [MESSAGE][PASSED] - Delayed 1 second(s)

2018-12-11 18:10:04 - [TEST_STEP][PASSED] - setText: Text '010903091963' is set on object 'Object Repository/Final Object Repo/New Registration - Registration Module Pages/Form 2/NRIC Input'

2018-12-11 18:10:05 - [MESSAGE][PASSED] - Text '010903091963' is set on object 'Object Repository/Final Object Repo/New Registration - Registration Module Pages/Form 2/NRIC Input'

2018-12-11 18:10:05 - [TEST_STEP][PASSED] - click: Object: 'Object Repository/Final Object Repo/New Registration - Registration Module Pages/Form 2/button for search for IC' is clicked on

2018-12-11 18:10:05 - [MESSAGE][PASSED] - Object: 'Object Repository/Final Object Repo/New Registration - Registration Module Pages/Form 2/button for search for IC' is clicked on

2018-12-11 18:10:05 - [TEST_STEP][PASSED] - delay: Delayed 2 second(s)

2018-12-11 18:10:07 - [MESSAGE][PASSED] - Delayed 2 second(s)

2018-12-11 18:10:07 - [TEST_STEP][PASSED] - setText: Text 'Automate001 eligible 1' is set on object 'Object Repository/Final Object Repo/New Registration - Registration Module Pages/Form 2/Employee Name Input'

2018-12-11 18:10:07 - [MESSAGE][PASSED] - Text 'Automate001 eligible 1' is set on object 'Object Repository/Final Object Repo/New Registration - Registration Module Pages/Form 2/Employee Name Input'

2018-12-11 18:10:07 - [TEST_STEP][PASSED] - delay: Delayed 2 second(s)

2018-12-11 18:10:09 - [MESSAGE][PASSED] - Delayed 2 second(s)

2018-12-11 18:10:09 - [TEST_STEP][PASSED] - click: Object: 'Object Repository/Final Object Repo/New Registration - Registration Module Pages/Form 2/DatePicker Pop Up' is clicked on

2018-12-11 18:10:09 - [MESSAGE][PASSED] - Object: 'Object Repository/Final Object Repo/New Registration - Registration Module Pages/Form 2/DatePicker Pop Up' is clicked on

2018-12-11 18:10:09 - [TEST_STEP][PASSED] - click: Object: 'Object Repository/Final Object Repo/New Registration - Registration Module Pages/Form 2/DOB Month' is clicked on

2018-12-11 18:10:10 - [MESSAGE][PASSED] - Object: 'Object Repository/Final Object Repo/New Registration - Registration Module Pages/Form 2/DOB Month' is clicked on

2018-12-11 18:10:10 - [TEST_STEP][PASSED] - Statement - CurrentMonth = CurrentMonth: null

2018-12-11 18:10:10 - [TEST_STEP][PASSED] - Statement - selectMonth = new com.kms.katalon.core.testobject.TestObject(): null

2018-12-11 18:10:10 - [TEST_STEP][PASSED] - Statement - selectMonth.addProperty("xpath", EQUALS, "//body/div/div/div/select/option[@value='" + CurrentMonth + "']", true): null

2018-12-11 18:10:10 - [TEST_STEP][PASSED] - click: Object: '' is clicked on

2018-12-11 18:10:10 - [MESSAGE][PASSED] - Object: '' is clicked on

2018-12-11 18:10:10 - [TEST_STEP][PASSED] - click: Object: 'Object Repository/Final Object Repo/New Registration - Registration Module Pages/Form 2/DOB Year' is clicked on

2018-12-11 18:10:10 - [MESSAGE][PASSED] - Object: 'Object Repository/Final Object Repo/New Registration - Registration Module Pages/Form 2/DOB Year' is clicked on

2018-12-11 18:10:10 - [TEST_STEP][PASSED] - Statement - Eyearsbf = EighteenYrsBefore: null

2018-12-11 18:10:10 - [TEST_STEP][PASSED] - Statement - selectYear = new com.kms.katalon.core.testobject.TestObject(): null

2018-12-11 18:10:10 - [TEST_STEP][PASSED] - Statement - selectYear.addProperty("xpath", EQUALS, "//div/div/div/select/option[@value='" + Eyearsbf + "']", true): null

2018-12-11 18:10:10 - [TEST_STEP][PASSED] - click: Object: '' is clicked on

2018-12-11 18:10:10 - [MESSAGE][PASSED] - Object: '' is clicked on

2018-12-11 18:10:10 - [TEST_STEP][PASSED] - Statement - UpdatedSelectDate = com.kms.katalon.core.webui.keyword.WebUiBuiltInKeywords.modifyObjectProperty(com.kms.katalon.core.testobject.ObjectRepository.findTestObject(Final Object Repo/New Registration - Registration Module Pages/Form 2/DOB Date), "xpath", "equals", "//body/div/table/tbody/tr/td/a[text()="" + CurrentDate + ""]", true): Modify property of object successfully

2018-12-11 18:10:10 - [MESSAGE][PASSED] - Modify property of object successfully

2018-12-11 18:10:10 - [TEST_STEP][PASSED] - delay: Delayed 3 second(s)

2018-12-11 18:10:13 - [MESSAGE][PASSED] - Delayed 3 second(s)

2018-12-11 18:10:13 - [TEST_STEP][PASSED] - click: Object: 'Object Repository/Final Object Repo/New Registration - Registration Module Pages/Form 2/DOB Date' is clicked on

2018-12-11 18:10:13 - [MESSAGE][PASSED] - Object: 'Object Repository/Final Object Repo/New Registration - Registration Module Pages/Form 2/DOB Date' is clicked on

2018-12-11 18:10:13 - [TEST_STEP][PASSED] - delay: Delayed 2 second(s)

2018-12-11 18:10:15 - [MESSAGE][PASSED] - Delayed 2 second(s)

2018-12-11 18:10:15 - [TEST_STEP][PASSED] - click: Object: 'Object Repository/Final Object Repo/New Registration - Registration Module Pages/Form 2/EmploymentStartDate Pop Up' is clicked on

2018-12-11 18:10:15 - [MESSAGE][PASSED] - Object: 'Object Repository/Final Object Repo/New Registration - Registration Module Pages/Form 2/EmploymentStartDate Pop Up' is clicked on

2018-12-11 18:10:15 - [TEST_STEP][PASSED] - delay: Delayed 2 second(s)

2018-12-11 18:10:17 - [MESSAGE][PASSED] - Delayed 2 second(s)

2018-12-11 18:10:17 - [TEST_STEP][PASSED] - click: Object: 'Object Repository/Final Object Repo/New Registration - Registration Module Pages/Form 2/Socso Employment StartDate Month' is clicked on

2018-12-11 18:10:18 - [MESSAGE][PASSED] - Object: 'Object Repository/Final Object Repo/New Registration - Registration Module Pages/Form 2/Socso Employment StartDate Month' is clicked on

2018-12-11 18:10:18 - [TEST_STEP][PASSED] - delay: Delayed 1 second(s)

2018-12-11 18:10:19 - [MESSAGE][PASSED] - Delayed 1 second(s)

2018-12-11 18:10:19 - [TEST_STEP][PASSED] - click: Object: 'Object Repository/Final Object Repo/New Registration - Registration Module Pages/Form 2/Select Socso Employement Startdate Month' is clicked on

2018-12-11 18:10:19 - [MESSAGE][PASSED] - Object: 'Object Repository/Final Object Repo/New Registration - Registration Module Pages/Form 2/Select Socso Employement Startdate Month' is clicked on

2018-12-11 18:10:19 - [TEST_STEP][PASSED] - delay: Delayed 2 second(s)

2018-12-11 18:10:21 - [MESSAGE][PASSED] - Delayed 2 second(s)

2018-12-11 18:10:21 - [TEST_STEP][PASSED] - click: Object: 'Object Repository/Final Object Repo/New Registration - Registration Module Pages/Form 2/Socso Employment StartDate Year' is clicked on

2018-12-11 18:10:21 - [MESSAGE][PASSED] - Object: 'Object Repository/Final Object Repo/New Registration - Registration Module Pages/Form 2/Socso Employment StartDate Year' is clicked on

2018-12-11 18:10:21 - [TEST_STEP][PASSED] - delay: Delayed 1 second(s)

2018-12-11 18:10:22 - [MESSAGE][PASSED] - Delayed 1 second(s)

2018-12-11 18:10:22 - [TEST_STEP][PASSED] - click: Object: 'Object Repository/Final Object Repo/New Registration - Registration Module Pages/Form 2/Select Socso Employment Startdate Year' is clicked on

2018-12-11 18:10:22 - [MESSAGE][PASSED] - Object: 'Object Repository/Final Object Repo/New Registration - Registration Module Pages/Form 2/Select Socso Employment Startdate Year' is clicked on

2018-12-11 18:10:22 - [TEST_STEP][PASSED] - delay: Delayed 2 second(s)

2018-12-11 18:10:24 - [MESSAGE][PASSED] - Delayed 2 second(s)

2018-12-11 18:10:24 - [TEST_STEP][PASSED] - click: Object: 'Object Repository/Final Object Repo/New Registration - Registration Module Pages/Form 2/Socso Employment Start Date Day' is clicked on

2018-12-11 18:10:24 - [MESSAGE][PASSED] - Object: 'Object Repository/Final Object Repo/New Registration - Registration Module Pages/Form 2/Socso Employment Start Date Day' is clicked on

2018-12-11 18:10:24 - [TEST_STEP][PASSED] - delay: Delayed 2 second(s)

2018-12-11 18:10:26 - [MESSAGE][PASSED] - Delayed 2 second(s)

2018-12-11 18:10:26 - [TEST_STEP][PASSED] - click: Object: 'Object Repository/Final Object Repo/New Registration - Registration Module Pages/Form 2/Save Button for Add Employee' is clicked on

2018-12-11 18:10:26 - [MESSAGE][PASSED] - Object: 'Object Repository/Final Object Repo/New Registration - Registration Module Pages/Form 2/Save Button for Add Employee' is clicked on

2018-12-11 18:10:26 - [TEST_STEP][PASSED] - delay: Delayed 6 second(s)

2018-12-11 18:10:32 - [MESSAGE][PASSED] - Delayed 6 second(s)

2018-12-11 18:10:32 - [TEST_STEP][PASSED] - click: Object: 'Object Repository/Final Object Repo/New Registration - Registration Module Pages/Form 2/Save and Continue Form 2' is clicked on

2018-12-11 18:10:33 - [MESSAGE][PASSED] - Object: 'Object Repository/Final Object Repo/New Registration - Registration Module Pages/Form 2/Save and Continue Form 2' is clicked on

2018-12-11 18:10:33 - [MESSAGE][PASSED] - Call Test Case 'Test Cases/Final Aug 2018 - PKS Automation/Registration Module/New Registration/Form 2/Add 1 Eligible' successfully

2018-12-11 18:10:33 - [TEST_STEP][PASSED] - callTestCase: Call Test Case 'Test Cases/Final Aug 2018 - PKS Automation/Registration Module/New Registration/Flow of New Registration/Third Screen - Upload Supporting Doc - Preview' successfully

2018-12-11 18:10:33 - [TEST_CASE][PASSED] - Test Cases/Final Aug 2018 - PKS Automation/Registration Module/New Registration/Flow of New Registration/Third Screen - Upload Supporting Doc - Preview: Test Cases/Final Aug 2018 - PKS Automation/Registration Module/New Registration/Flow of New Registration/Third Screen - Upload Supporting Doc - Preview

2018-12-11 18:10:33 - [TEST_STEP][PASSED] - waitForPageLoad: Wait for page load successfully

2018-12-11 18:10:33 - [MESSAGE][PASSED] - Wait for page load successfully

2018-12-11 18:10:33 - [TEST_STEP][PASSED] - Statement - CaseReferenceNo = com.kms.katalon.core.webui.keyword.WebUiBuiltInKeywords.getText(com.kms.katalon.core.testobject.ObjectRepository.findTestObject(Final Object Repo/New Registration - Registration Module Pages/Third Screen - Upload Supporting Doc- Preview/RefNo Acquiring)): Text of object 'Object Repository/Final Object Repo/New Registration - Registration Module Pages/Third Screen - Upload Supporting Doc- Preview/RefNo Acquiring' is: 'CRN12201800123191'

2018-12-11 18:10:33 - [MESSAGE][PASSED] - Text of object 'Object Repository/Final Object Repo/New Registration - Registration Module Pages/Third Screen - Upload Supporting Doc- Preview/RefNo Acquiring' is: 'CRN12201800123191'

2018-12-11 18:10:33 - [TEST_STEP][PASSED] - delay: Delayed 2 second(s)

2018-12-11 18:10:35 - [MESSAGE][PASSED] - Delayed 2 second(s)

2018-12-11 18:10:35 - [TEST_STEP][PASSED] - callTestCase: Call Test Case 'Test Cases/Final Aug 2018 - PKS Automation/Common/Reference Number Setter' successfully

2018-12-11 18:10:36 - [TEST_CASE][PASSED] - Test Cases/Final Aug 2018 - PKS Automation/Common/Reference Number Setter: Test Cases/Final Aug 2018 - PKS Automation/Common/Reference Number Setter

2018-12-11 18:10:36 - [TEST_STEP][PASSED] - Statement - RefNoOldFile = new java.io.File(C://Users//Admin//Desktop//PKS//Automation Reference Point//KatalonReference.txt): null

2018-12-11 18:10:36 - [TEST_STEP][PASSED] - Statement - RefNoOldFile.delete(): null

2018-12-11 18:10:36 - [TEST_STEP][PASSED] - delay: Delayed 5 second(s)

2018-12-11 18:10:41 - [MESSAGE][PASSED] - Delayed 5 second(s)

2018-12-11 18:10:41 - [TEST_STEP][PASSED] - Statement - RefNo = new java.io.File(C://Users//Admin//Desktop//PKS//Automation Reference Point//KatalonReference.txt): null

2018-12-11 18:10:41 - [TEST_STEP][PASSED] - Statement - f2 = new java.io.FileWriter(RefNo, false): null

2018-12-11 18:10:41 - [TEST_STEP][PASSED] - Statement - f2.write(CaseReferenceNo): null

2018-12-11 18:10:41 - [TEST_STEP][PASSED] - Statement - f2.close(): null

2018-12-11 18:10:41 - [TEST_STEP][PASSED] - Statement - out.println("


" + CaseReferenceNo + "


"): null

2018-12-11 18:10:41 - [MESSAGE][PASSED] - Call Test Case 'Test Cases/Final Aug 2018 - PKS Automation/Common/Reference Number Setter' successfully

2018-12-11 18:10:41 - [TEST_STEP][PASSED] - waitForElementClickable: Object 'Object Repository/Final Object Repo/New Registration - Registration Module Pages/Third Screen - Upload Supporting Doc- Preview/Save n Continue in SIP Employee Listing Page' is clickable

2018-12-11 18:10:41 - [MESSAGE][PASSED] - Object 'Object Repository/Final Object Repo/New Registration - Registration Module Pages/Third Screen - Upload Supporting Doc- Preview/Save n Continue in SIP Employee Listing Page' is clickable

2018-12-11 18:10:41 - [TEST_STEP][PASSED] - click: Object: 'Object Repository/Final Object Repo/New Registration - Registration Module Pages/Third Screen - Upload Supporting Doc- Preview/Save n Continue in SIP Employee Listing Page' is clicked on

2018-12-11 18:10:46 - [MESSAGE][PASSED] - Object: 'Object Repository/Final Object Repo/New Registration - Registration Module Pages/Third Screen - Upload Supporting Doc- Preview/Save n Continue in SIP Employee Listing Page' is clicked on

2018-12-11 18:10:46 - [TEST_STEP][PASSED] - delay: Delayed 7 second(s)

2018-12-11 18:10:53 - [MESSAGE][PASSED] - Delayed 7 second(s)

2018-12-11 18:10:53 - [TEST_STEP][PASSED] - click: Object: 'Object Repository/Final Object Repo/New Registration - Registration Module Pages/Third Screen - Upload Supporting Doc- Preview/Add Document Button' is clicked on

2018-12-11 18:10:53 - [MESSAGE][PASSED] - Object: 'Object Repository/Final Object Repo/New Registration - Registration Module Pages/Third Screen - Upload Supporting Doc- Preview/Add Document Button' is clicked on

2018-12-11 18:10:53 - [TEST_STEP][PASSED] - delay: Delayed 30 second(s)

2018-12-11 18:11:23 - [MESSAGE][PASSED] - Delayed 30 second(s)

2018-12-11 18:11:23 - [TEST_STEP][PASSED] - click: Object: 'Object Repository/Final Object Repo/New Registration - Registration Module Pages/Third Screen - Upload Supporting Doc- Preview/Supporting Doc Please Select Drop Down' is clicked on

2018-12-11 18:11:23 - [MESSAGE][PASSED] - Object: 'Object Repository/Final Object Repo/New Registration - Registration Module Pages/Third Screen - Upload Supporting Doc- Preview/Supporting Doc Please Select Drop Down' is clicked on

2018-12-11 18:11:23 - [TEST_STEP][PASSED] - delay: Delayed 2 second(s)

2018-12-11 18:11:25 - [MESSAGE][PASSED] - Delayed 2 second(s)

2018-12-11 18:11:25 - [TEST_STEP][PASSED] - click: Object: 'Object Repository/Final Object Repo/New Registration - Registration Module Pages/Third Screen - Upload Supporting Doc- Preview/Select to Upload Form 1' is clicked on

2018-12-11 18:11:25 - [MESSAGE][PASSED] - Object: 'Object Repository/Final Object Repo/New Registration - Registration Module Pages/Third Screen - Upload Supporting Doc- Preview/Select to Upload Form 1' is clicked on

2018-12-11 18:11:25 - [TEST_STEP][PASSED] - delay: Delayed 2 second(s)

2018-12-11 18:11:27 - [MESSAGE][PASSED] - Delayed 2 second(s)

2018-12-11 18:11:27 - [TEST_STEP][PASSED] - uploadFile: File 'C:\Users\Public\Pictures\Sample Pictures\Koala.jpg' sent to object: 'Object Repository/Final Object Repo/New Registration - Registration Module Pages/Third Screen - Upload Supporting Doc- Preview/Upload File Adding'

2018-12-11 18:11:28 - [MESSAGE][PASSED] - File 'C:\Users\Public\Pictures\Sample Pictures\Koala.jpg' sent to object: 'Object Repository/Final Object Repo/New Registration - Registration Module Pages/Third Screen - Upload Supporting Doc- Preview/Upload File Adding'

2018-12-11 18:11:28 - [TEST_STEP][PASSED] - delay: Delayed 5 second(s)

2018-12-11 18:11:33 - [MESSAGE][PASSED] - Delayed 5 second(s)

2018-12-11 18:11:33 - [TEST_STEP][PASSED] - click: Object: 'Object Repository/Final Object Repo/New Registration - Registration Module Pages/Third Screen - Upload Supporting Doc- Preview/Inner Form Add Document Button' is clicked on

2018-12-11 18:11:33 - [MESSAGE][PASSED] - Object: 'Object Repository/Final Object Repo/New Registration - Registration Module Pages/Third Screen - Upload Supporting Doc- Preview/Inner Form Add Document Button' is clicked on

2018-12-11 18:11:33 - [TEST_STEP][PASSED] - delay: Delayed 3 second(s)

2018-12-11 18:11:36 - [MESSAGE][PASSED] - Delayed 3 second(s)

2018-12-11 18:11:36 - [TEST_STEP][PASSED] - click: Object: 'Object Repository/Final Object Repo/New Registration - Registration Module Pages/Third Screen - Upload Supporting Doc- Preview/Add Document Button' is clicked on

2018-12-11 18:11:37 - [MESSAGE][PASSED] - Object: 'Object Repository/Final Object Repo/New Registration - Registration Module Pages/Third Screen - Upload Supporting Doc- Preview/Add Document Button' is clicked on

2018-12-11 18:11:37 - [TEST_STEP][PASSED] - delay: Delayed 30 second(s)

2018-12-11 18:12:07 - [MESSAGE][PASSED] - Delayed 30 second(s)

2018-12-11 18:12:07 - [TEST_STEP][PASSED] - click: Object: 'Object Repository/Final Object Repo/New Registration - Registration Module Pages/Third Screen - Upload Supporting Doc- Preview/Supporting Doc Please Select Drop Down' is clicked on

2018-12-11 18:12:07 - [MESSAGE][PASSED] - Object: 'Object Repository/Final Object Repo/New Registration - Registration Module Pages/Third Screen - Upload Supporting Doc- Preview/Supporting Doc Please Select Drop Down' is clicked on

2018-12-11 18:12:07 - [TEST_STEP][PASSED] - delay: Delayed 4 second(s)

2018-12-11 18:12:11 - [MESSAGE][PASSED] - Delayed 4 second(s)

2018-12-11 18:12:11 - [TEST_STEP][PASSED] - click: Object: 'Object Repository/Final Object Repo/New Registration - Registration Module Pages/Third Screen - Upload Supporting Doc- Preview/Select to Upload Form 2' is clicked on

2018-12-11 18:12:12 - [MESSAGE][PASSED] - Object: 'Object Repository/Final Object Repo/New Registration - Registration Module Pages/Third Screen - Upload Supporting Doc- Preview/Select to Upload Form 2' is clicked on

2018-12-11 18:12:12 - [TEST_STEP][PASSED] - delay: Delayed 2 second(s)

2018-12-11 18:12:14 - [MESSAGE][PASSED] - Delayed 2 second(s)

2018-12-11 18:12:14 - [TEST_STEP][PASSED] - uploadFile: File 'C:\Users\Public\Pictures\Sample Pictures\Koala.jpg' sent to object: 'Object Repository/Final Object Repo/New Registration - Registration Module Pages/Third Screen - Upload Supporting Doc- Preview/Upload File Adding'

2018-12-11 18:12:14 - [MESSAGE][PASSED] - File 'C:\Users\Public\Pictures\Sample Pictures\Koala.jpg' sent to object: 'Object Repository/Final Object Repo/New Registration - Registration Module Pages/Third Screen - Upload Supporting Doc- Preview/Upload File Adding'

2018-12-11 18:12:14 - [TEST_STEP][PASSED] - click: Object: 'Object Repository/Final Object Repo/New Registration - Registration Module Pages/Third Screen - Upload Supporting Doc- Preview/Inner Form Add Document Button' is clicked on

2018-12-11 18:12:14 - [MESSAGE][PASSED] - Object: 'Object Repository/Final Object Repo/New Registration - Registration Module Pages/Third Screen - Upload Supporting Doc- Preview/Inner Form Add Document Button' is clicked on

2018-12-11 18:12:14 - [TEST_STEP][PASSED] - delay: Delayed 5 second(s)

2018-12-11 18:12:19 - [MESSAGE][PASSED] - Delayed 5 second(s)

2018-12-11 18:12:19 - [TEST_STEP][PASSED] - click: Object: 'Object Repository/Final Object Repo/New Registration - Registration Module Pages/Third Screen - Upload Supporting Doc- Preview/Add Document Button' is clicked on

2018-12-11 18:12:19 - [MESSAGE][PASSED] - Object: 'Object Repository/Final Object Repo/New Registration - Registration Module Pages/Third Screen - Upload Supporting Doc- Preview/Add Document Button' is clicked on

2018-12-11 18:12:19 - [TEST_STEP][PASSED] - delay: Delayed 30 second(s)

2018-12-11 18:12:49 - [MESSAGE][PASSED] - Delayed 30 second(s)

2018-12-11 18:12:49 - [TEST_STEP][PASSED] - click: Object: 'Object Repository/Final Object Repo/New Registration - Registration Module Pages/Third Screen - Upload Supporting Doc- Preview/Supporting Doc Please Select Drop Down' is clicked on

2018-12-11 18:12:49 - [MESSAGE][PASSED] - Object: 'Object Repository/Final Object Repo/New Registration - Registration Module Pages/Third Screen - Upload Supporting Doc- Preview/Supporting Doc Please Select Drop Down' is clicked on

2018-12-11 18:12:49 - [TEST_STEP][PASSED] - click: Object: 'Object Repository/Final Object Repo/New Registration - Registration Module Pages/Third Screen - Upload Supporting Doc- Preview/Select to Upload Borang SIP 1' is clicked on

2018-12-11 18:12:49 - [MESSAGE][PASSED] - Object: 'Object Repository/Final Object Repo/New Registration - Registration Module Pages/Third Screen - Upload Supporting Doc- Preview/Select to Upload Borang SIP 1' is clicked on

2018-12-11 18:12:49 - [TEST_STEP][PASSED] - delay: Delayed 2 second(s)

2018-12-11 18:12:51 - [MESSAGE][PASSED] - Delayed 2 second(s)

2018-12-11 18:12:51 - [TEST_STEP][PASSED] - uploadFile: File 'C:\Users\Public\Pictures\Sample Pictures\Koala.jpg' sent to object: 'Object Repository/Final Object Repo/New Registration - Registration Module Pages/Third Screen - Upload Supporting Doc- Preview/Upload File Adding'

2018-12-11 18:12:51 - [MESSAGE][PASSED] - File 'C:\Users\Public\Pictures\Sample Pictures\Koala.jpg' sent to object: 'Object Repository/Final Object Repo/New Registration - Registration Module Pages/Third Screen - Upload Supporting Doc- Preview/Upload File Adding'

2018-12-11 18:12:51 - [TEST_STEP][PASSED] - click: Object: 'Object Repository/Final Object Repo/New Registration - Registration Module Pages/Third Screen - Upload Supporting Doc- Preview/Inner Form Add Document Button' is clicked on

2018-12-11 18:12:52 - [MESSAGE][PASSED] - Object: 'Object Repository/Final Object Repo/New Registration - Registration Module Pages/Third Screen - Upload Supporting Doc- Preview/Inner Form Add Document Button' is clicked on

2018-12-11 18:12:52 - [TEST_STEP][PASSED] - delay: Delayed 5 second(s)

2018-12-11 18:12:57 - [MESSAGE][PASSED] - Delayed 5 second(s)

2018-12-11 18:12:57 - [TEST_STEP][PASSED] - click: Object: 'Object Repository/Final Object Repo/New Registration - Registration Module Pages/Third Screen - Upload Supporting Doc- Preview/Add Document Button' is clicked on

2018-12-11 18:12:57 - [MESSAGE][PASSED] - Object: 'Object Repository/Final Object Repo/New Registration - Registration Module Pages/Third Screen - Upload Supporting Doc- Preview/Add Document Button' is clicked on

2018-12-11 18:12:57 - [TEST_STEP][PASSED] - delay: Delayed 30 second(s)

2018-12-11 18:13:27 - [MESSAGE][PASSED] - Delayed 30 second(s)

2018-12-11 18:13:27 - [TEST_STEP][PASSED] - click: Object: 'Object Repository/Final Object Repo/New Registration - Registration Module Pages/Third Screen - Upload Supporting Doc- Preview/Supporting Doc Please Select Drop Down' is clicked on

2018-12-11 18:13:27 - [MESSAGE][PASSED] - Object: 'Object Repository/Final Object Repo/New Registration - Registration Module Pages/Third Screen - Upload Supporting Doc- Preview/Supporting Doc Please Select Drop Down' is clicked on

2018-12-11 18:13:27 - [TEST_STEP][PASSED] - delay: Delayed 3 second(s)

2018-12-11 18:13:30 - [MESSAGE][PASSED] - Delayed 3 second(s)

2018-12-11 18:13:30 - [TEST_STEP][PASSED] - click: Object: 'Object Repository/Final Object Repo/New Registration - Registration Module Pages/Third Screen - Upload Supporting Doc- Preview/Select to Upload Borang SIP 2' is clicked on

2018-12-11 18:13:30 - [MESSAGE][PASSED] - Object: 'Object Repository/Final Object Repo/New Registration - Registration Module Pages/Third Screen - Upload Supporting Doc- Preview/Select to Upload Borang SIP 2' is clicked on

2018-12-11 18:13:30 - [TEST_STEP][PASSED] - delay: Delayed 2 second(s)

2018-12-11 18:13:32 - [MESSAGE][PASSED] - Delayed 2 second(s)

2018-12-11 18:13:32 - [TEST_STEP][PASSED] - uploadFile: File 'C:\Users\Public\Pictures\Sample Pictures\Koala.jpg' sent to object: 'Object Repository/Final Object Repo/New Registration - Registration Module Pages/Third Screen - Upload Supporting Doc- Preview/Upload File Adding'

2018-12-11 18:13:32 - [MESSAGE][PASSED] - File 'C:\Users\Public\Pictures\Sample Pictures\Koala.jpg' sent to object: 'Object Repository/Final Object Repo/New Registration - Registration Module Pages/Third Screen - Upload Supporting Doc- Preview/Upload File Adding'

2018-12-11 18:13:32 - [TEST_STEP][PASSED] - delay: Delayed 5 second(s)

2018-12-11 18:13:37 - [MESSAGE][PASSED] - Delayed 5 second(s)

2018-12-11 18:13:37 - [TEST_STEP][PASSED] - click: Object: 'Object Repository/Final Object Repo/New Registration - Registration Module Pages/Third Screen - Upload Supporting Doc- Preview/Inner Form Add Document Button' is clicked on

2018-12-11 18:13:37 - [MESSAGE][PASSED] - Object: 'Object Repository/Final Object Repo/New Registration - Registration Module Pages/Third Screen - Upload Supporting Doc- Preview/Inner Form Add Document Button' is clicked on

2018-12-11 18:13:37 - [TEST_STEP][PASSED] - delay: Delayed 3 second(s)

2018-12-11 18:13:40 - [MESSAGE][PASSED] - Delayed 3 second(s)

2018-12-11 18:13:40 - [TEST_STEP][PASSED] - waitForElementClickable: Object 'Object Repository/Final Object Repo/New Registration - Registration Module Pages/Third Screen - Upload Supporting Doc- Preview/Save n Continue in Uploading Supporting Doc Page' is clickable

2018-12-11 18:13:41 - [MESSAGE][PASSED] - Object 'Object Repository/Final Object Repo/New Registration - Registration Module Pages/Third Screen - Upload Supporting Doc- Preview/Save n Continue in Uploading Supporting Doc Page' is clickable

2018-12-11 18:13:41 - [TEST_STEP][PASSED] - click: Object: 'Object Repository/Final Object Repo/New Registration - Registration Module Pages/Third Screen - Upload Supporting Doc- Preview/Save n Continue in Uploading Supporting Doc Page' is clicked on

2018-12-11 18:13:42 - [MESSAGE][PASSED] - Object: 'Object Repository/Final Object Repo/New Registration - Registration Module Pages/Third Screen - Upload Supporting Doc- Preview/Save n Continue in Uploading Supporting Doc Page' is clicked on

2018-12-11 18:13:42 - [MESSAGE][PASSED] - Call Test Case 'Test Cases/Final Aug 2018 - PKS Automation/Registration Module/New Registration/Flow of New Registration/Third Screen - Upload Supporting Doc - Preview' successfully

2018-12-11 18:13:42 - [TEST_STEP][PASSED] - callTestCase: Call Test Case 'Test Cases/Final Aug 2018 - PKS Automation/Registration Module/New Registration/Submit and Screenshot/Submit Registration and Screenshot - Copy' successfully

2018-12-11 18:13:42 - [TEST_CASE][PASSED] - Test Cases/Final Aug 2018 - PKS Automation/Registration Module/New Registration/Submit and Screenshot/Submit Registration and Screenshot - Copy: Test Cases/Final Aug 2018 - PKS Automation/Registration Module/New Registration/Submit and Screenshot/Submit Registration and Screenshot - Copy

2018-12-11 18:13:42 - [TEST_STEP][PASSED] - delay: Delayed 6 second(s)

2018-12-11 18:13:48 - [MESSAGE][PASSED] - Delayed 6 second(s)

2018-12-11 18:13:48 - [TEST_STEP][PASSED] - click: Object: 'Object Repository/Final Object Repo/New Registration - Registration Module Pages/Third Screen - Upload Supporting Doc- Preview/Preview Submit Button' is clicked on

2018-12-11 18:13:48 - [MESSAGE][PASSED] - Object: 'Object Repository/Final Object Repo/New Registration - Registration Module Pages/Third Screen - Upload Supporting Doc- Preview/Preview Submit Button' is clicked on

2018-12-11 18:13:48 - [TEST_STEP][PASSED] - delay: Delayed 2 second(s)

2018-12-11 18:13:50 - [MESSAGE][PASSED] - Delayed 2 second(s)

2018-12-11 18:13:50 - [TEST_STEP][PASSED] - click: Object: 'Object Repository/Final Object Repo/New Registration - Registration Module Pages/Third Screen - Upload Supporting Doc- Preview/Preview Submit - Confirm' is clicked on

2018-12-11 18:13:50 - [MESSAGE][PASSED] - Object: 'Object Repository/Final Object Repo/New Registration - Registration Module Pages/Third Screen - Upload Supporting Doc- Preview/Preview Submit - Confirm' is clicked on

2018-12-11 18:13:50 - [TEST_STEP][PASSED] - delay: Delayed 15 second(s)

2018-12-11 18:14:05 - [MESSAGE][PASSED] - Delayed 15 second(s)

2018-12-11 18:14:05 - [TEST_STEP][PASSED] - Statement - driver = com.kms.katalon.core.webui.driver.DriverFactory.getWebDriver(): null

2018-12-11 18:14:05 - [TEST_STEP][PASSED] - Statement - driver.manage().timeouts().implicitlyWait(10, SECONDS): null

2018-12-11 18:14:05 - [TEST_STEP][PASSED] - Statement - PresavePath = KatalonScreenshots: null

2018-12-11 18:14:05 - [TEST_STEP][PASSED] - Statement - pathPrefix = "C:\Users\Public\Pictures\Sample Pictures\Katalon Screenshots\Automate Ending Screen": null

2018-12-11 18:14:05 - [TEST_STEP][PASSED] - Statement - finalPath = <not implemented yet for class: org.codehaus.groovy.ast.expr.EmptyExpression>: null

2018-12-11 18:14:05 - [TEST_STEP][PASSED] - Statement - scrFile = driver.getScreenshotAs(FILE): null

2018-12-11 18:14:05 - [TEST_STEP][PASSED] - Statement - PreSaveFile = new java.io.File(PresavePath): null

2018-12-11 18:14:05 - [TEST_STEP][PASSED] - Statement - counter = 0: null

2018-12-11 18:14:05 - [TEST_STEP][PASSED] - Statement - If (PreSaveFile.exists()): null

2018-12-11 18:14:05 - [TEST_STEP][PASSED] - Statement - While (PreSaveFile.exists()): null

2018-12-11 18:14:05 - [TEST_STEP][PASSED] - Statement - counter = counter + 1: null

2018-12-11 18:14:05 - [TEST_STEP][PASSED] - Statement - PreSaveFile = new java.io.File(((pathPrefix + java.lang.Integer.toString(counter)) + .png)): null

2018-12-11 18:14:05 - [TEST_STEP][PASSED] - Statement - counter = counter + 1: null

2018-12-11 18:14:05 - [TEST_STEP][PASSED] - Statement - PreSaveFile = new java.io.File(((pathPrefix + java.lang.Integer.toString(counter)) + .png)): null

2018-12-11 18:14:05 - [TEST_STEP][PASSED] - Statement - counter = counter + 1: null

2018-12-11 18:14:05 - [TEST_STEP][PASSED] - Statement - PreSaveFile = new java.io.File(((pathPrefix + java.lang.Integer.toString(counter)) + .png)): null

2018-12-11 18:14:05 - [TEST_STEP][PASSED] - Statement - counter = counter + 1: null

2018-12-11 18:14:05 - [TEST_STEP][PASSED] - Statement - PreSaveFile = new java.io.File(((pathPrefix + java.lang.Integer.toString(counter)) + .png)): null

2018-12-11 18:14:05 - [TEST_STEP][PASSED] - Statement - counter = counter + 1: null

2018-12-11 18:14:05 - [TEST_STEP][PASSED] - Statement - PreSaveFile = new java.io.File(((pathPrefix + java.lang.Integer.toString(counter)) + .png)): null

2018-12-11 18:14:05 - [TEST_STEP][PASSED] - Statement - counter = counter + 1: null

2018-12-11 18:14:05 - [TEST_STEP][PASSED] - Statement - PreSaveFile = new java.io.File(((pathPrefix + java.lang.Integer.toString(counter)) + .png)): null

2018-12-11 18:14:05 - [TEST_STEP][PASSED] - Statement - counter = counter + 1: null

2018-12-11 18:14:05 - [TEST_STEP][PASSED] - Statement - PreSaveFile = new java.io.File(((pathPrefix + java.lang.Integer.toString(counter)) + .png)): null

2018-12-11 18:14:05 - [TEST_STEP][PASSED] - Statement - counter = counter + 1: null

2018-12-11 18:14:05 - [TEST_STEP][PASSED] - Statement - PreSaveFile = new java.io.File(((pathPrefix + java.lang.Integer.toString(counter)) + .png)): null

2018-12-11 18:14:05 - [TEST_STEP][PASSED] - Statement - counter = counter + 1: null

2018-12-11 18:14:05 - [TEST_STEP][PASSED] - Statement - PreSaveFile = new java.io.File(((pathPrefix + java.lang.Integer.toString(counter)) + .png)): null

2018-12-11 18:14:05 - [TEST_STEP][PASSED] - Statement - counter = counter + 1: null

2018-12-11 18:14:05 - [TEST_STEP][PASSED] - Statement - PreSaveFile = new java.io.File(((pathPrefix + java.lang.Integer.toString(counter)) + .png)): null

2018-12-11 18:14:05 - [TEST_STEP][PASSED] - Statement - counter = counter + 1: null

2018-12-11 18:14:05 - [TEST_STEP][PASSED] - Statement - PreSaveFile = new java.io.File(((pathPrefix + java.lang.Integer.toString(counter)) + .png)): null

2018-12-11 18:14:05 - [TEST_STEP][PASSED] - Statement - counter = counter + 1: null

2018-12-11 18:14:05 - [TEST_STEP][PASSED] - Statement - PreSaveFile = new java.io.File(((pathPrefix + java.lang.Integer.toString(counter)) + .png)): null

2018-12-11 18:14:05 - [TEST_STEP][PASSED] - Statement - counter = counter + 1: null

2018-12-11 18:14:05 - [TEST_STEP][PASSED] - Statement - PreSaveFile = new java.io.File(((pathPrefix + java.lang.Integer.toString(counter)) + .png)): null

2018-12-11 18:14:05 - [TEST_STEP][PASSED] - Statement - counter = counter + 1: null

2018-12-11 18:14:05 - [TEST_STEP][PASSED] - Statement - PreSaveFile = new java.io.File(((pathPrefix + java.lang.Integer.toString(counter)) + .png)): null

2018-12-11 18:14:05 - [TEST_STEP][PASSED] - Statement - counter = counter + 1: null

2018-12-11 18:14:05 - [TEST_STEP][PASSED] - Statement - PreSaveFile = new java.io.File(((pathPrefix + java.lang.Integer.toString(counter)) + .png)): null

2018-12-11 18:14:05 - [TEST_STEP][PASSED] - Statement - counter = counter + 1: null

2018-12-11 18:14:05 - [TEST_STEP][PASSED] - Statement - PreSaveFile = new java.io.File(((pathPrefix + java.lang.Integer.toString(counter)) + .png)): null

2018-12-11 18:14:05 - [TEST_STEP][PASSED] - Statement - counter = counter + 1: null

2018-12-11 18:14:05 - [TEST_STEP][PASSED] - Statement - PreSaveFile = new java.io.File(((pathPrefix + java.lang.Integer.toString(counter)) + .png)): null

2018-12-11 18:14:05 - [TEST_STEP][PASSED] - Statement - counter = counter + 1: null

2018-12-11 18:14:05 - [TEST_STEP][PASSED] - Statement - PreSaveFile = new java.io.File(((pathPrefix + java.lang.Integer.toString(counter)) + .png)): null

2018-12-11 18:14:05 - [TEST_STEP][PASSED] - Statement - counter = counter + 1: null

2018-12-11 18:14:05 - [TEST_STEP][PASSED] - Statement - PreSaveFile = new java.io.File(((pathPrefix + java.lang.Integer.toString(counter)) + .png)): null

2018-12-11 18:14:05 - [TEST_STEP][PASSED] - Statement - counter = counter + 1: null

2018-12-11 18:14:05 - [TEST_STEP][PASSED] - Statement - PreSaveFile = new java.io.File(((pathPrefix + java.lang.Integer.toString(counter)) + .png)): null

2018-12-11 18:14:05 - [TEST_STEP][PASSED] - Statement - counter = counter + 1: null

2018-12-11 18:14:05 - [TEST_STEP][PASSED] - Statement - PreSaveFile = new java.io.File(((pathPrefix + java.lang.Integer.toString(counter)) + .png)): null

2018-12-11 18:14:05 - [TEST_STEP][PASSED] - Statement - counter = counter + 1: null

2018-12-11 18:14:05 - [TEST_STEP][PASSED] - Statement - PreSaveFile = new java.io.File(((pathPrefix + java.lang.Integer.toString(counter)) + .png)): null

2018-12-11 18:14:05 - [TEST_STEP][PASSED] - Statement - counter = counter + 1: null

2018-12-11 18:14:05 - [TEST_STEP][PASSED] - Statement - PreSaveFile = new java.io.File(((pathPrefix + java.lang.Integer.toString(counter)) + .png)): null

2018-12-11 18:14:05 - [TEST_STEP][PASSED] - Statement - counter = counter + 1: null

2018-12-11 18:14:05 - [TEST_STEP][PASSED] - Statement - PreSaveFile = new java.io.File(((pathPrefix + java.lang.Integer.toString(counter)) + .png)): null

2018-12-11 18:14:05 - [TEST_STEP][PASSED] - Statement - counter = counter + 1: null

2018-12-11 18:14:05 - [TEST_STEP][PASSED] - Statement - PreSaveFile = new java.io.File(((pathPrefix + java.lang.Integer.toString(counter)) + .png)): null

2018-12-11 18:14:05 - [TEST_STEP][PASSED] - Statement - counter = counter + 1: null

2018-12-11 18:14:05 - [TEST_STEP][PASSED] - Statement - PreSaveFile = new java.io.File(((pathPrefix + java.lang.Integer.toString(counter)) + .png)): null

2018-12-11 18:14:05 - [TEST_STEP][PASSED] - Statement - counter = counter + 1: null

2018-12-11 18:14:05 - [TEST_STEP][PASSED] - Statement - PreSaveFile = new java.io.File(((pathPrefix + java.lang.Integer.toString(counter)) + .png)): null

2018-12-11 18:14:05 - [TEST_STEP][PASSED] - Statement - counter = counter + 1: null

2018-12-11 18:14:05 - [TEST_STEP][PASSED] - Statement - PreSaveFile = new java.io.File(((pathPrefix + java.lang.Integer.toString(counter)) + .png)): null

2018-12-11 18:14:05 - [TEST_STEP][PASSED] - Statement - counter = counter + 1: null

2018-12-11 18:14:05 - [TEST_STEP][PASSED] - Statement - PreSaveFile = new java.io.File(((pathPrefix + java.lang.Integer.toString(counter)) + .png)): null

2018-12-11 18:14:05 - [TEST_STEP][PASSED] - Statement - counter = counter + 1: null

2018-12-11 18:14:05 - [TEST_STEP][PASSED] - Statement - PreSaveFile = new java.io.File(((pathPrefix + java.lang.Integer.toString(counter)) + .png)): null

2018-12-11 18:14:05 - [TEST_STEP][PASSED] - Statement - counter = counter + 1: null

2018-12-11 18:14:05 - [TEST_STEP][PASSED] - Statement - PreSaveFile = new java.io.File(((pathPrefix + java.lang.Integer.toString(counter)) + .png)): null

2018-12-11 18:14:05 - [TEST_STEP][PASSED] - Statement - counter = counter + 1: null

2018-12-11 18:14:05 - [TEST_STEP][PASSED] - Statement - PreSaveFile = new java.io.File(((pathPrefix + java.lang.Integer.toString(counter)) + .png)): null

2018-12-11 18:14:05 - [TEST_STEP][PASSED] - Statement - counter = counter + 1: null

2018-12-11 18:14:05 - [TEST_STEP][PASSED] - Statement - PreSaveFile = new java.io.File(((pathPrefix + java.lang.Integer.toString(counter)) + .png)): null

2018-12-11 18:14:05 - [TEST_STEP][PASSED] - Statement - counter = counter + 1: null

2018-12-11 18:14:05 - [TEST_STEP][PASSED] - Statement - PreSaveFile = new java.io.File(((pathPrefix + java.lang.Integer.toString(counter)) + .png)): null

2018-12-11 18:14:05 - [TEST_STEP][PASSED] - Statement - counter = counter + 1: null

2018-12-11 18:14:05 - [TEST_STEP][PASSED] - Statement - PreSaveFile = new java.io.File(((pathPrefix + java.lang.Integer.toString(counter)) + .png)): null

2018-12-11 18:14:05 - [TEST_STEP][PASSED] - Statement - counter = counter + 1: null

2018-12-11 18:14:05 - [TEST_STEP][PASSED] - Statement - PreSaveFile = new java.io.File(((pathPrefix + java.lang.Integer.toString(counter)) + .png)): null

2018-12-11 18:14:05 - [TEST_STEP][PASSED] - Statement - counter = counter + 1: null

2018-12-11 18:14:05 - [TEST_STEP][PASSED] - Statement - PreSaveFile = new java.io.File(((pathPrefix + java.lang.Integer.toString(counter)) + .png)): null

2018-12-11 18:14:05 - [TEST_STEP][PASSED] - Statement - counter = counter + 1: null

2018-12-11 18:14:05 - [TEST_STEP][PASSED] - Statement - PreSaveFile = new java.io.File(((pathPrefix + java.lang.Integer.toString(counter)) + .png)): null

2018-12-11 18:14:05 - [TEST_STEP][PASSED] - Statement - counter = counter + 1: null

2018-12-11 18:14:05 - [TEST_STEP][PASSED] - Statement - PreSaveFile = new java.io.File(((pathPrefix + java.lang.Integer.toString(counter)) + .png)): null

2018-12-11 18:14:05 - [TEST_STEP][PASSED] - Statement - counter = counter + 1: null

2018-12-11 18:14:05 - [TEST_STEP][PASSED] - Statement - PreSaveFile = new java.io.File(((pathPrefix + java.lang.Integer.toString(counter)) + .png)): null

2018-12-11 18:14:05 - [TEST_STEP][PASSED] - Statement - counter = counter + 1: null

2018-12-11 18:14:05 - [TEST_STEP][PASSED] - Statement - PreSaveFile = new java.io.File(((pathPrefix + java.lang.Integer.toString(counter)) + .png)): null

2018-12-11 18:14:05 - [TEST_STEP][PASSED] - Statement - counter = counter + 1: null

2018-12-11 18:14:05 - [TEST_STEP][PASSED] - Statement - PreSaveFile = new java.io.File(((pathPrefix + java.lang.Integer.toString(counter)) + .png)): null

2018-12-11 18:14:05 - [TEST_STEP][PASSED] - Statement - counter = counter + 1: null

2018-12-11 18:14:05 - [TEST_STEP][PASSED] - Statement - PreSaveFile = new java.io.File(((pathPrefix + java.lang.Integer.toString(counter)) + .png)): null

2018-12-11 18:14:05 - [TEST_STEP][PASSED] - Statement - counter = counter + 1: null

2018-12-11 18:14:05 - [TEST_STEP][PASSED] - Statement - PreSaveFile = new java.io.File(((pathPrefix + java.lang.Integer.toString(counter)) + .png)): null

2018-12-11 18:14:05 - [TEST_STEP][PASSED] - Statement - counter = counter + 1: null

2018-12-11 18:14:05 - [TEST_STEP][PASSED] - Statement - PreSaveFile = new java.io.File(((pathPrefix + java.lang.Integer.toString(counter)) + .png)): null

2018-12-11 18:14:05 - [TEST_STEP][PASSED] - Statement - counter = counter + 1: null

2018-12-11 18:14:05 - [TEST_STEP][PASSED] - Statement - PreSaveFile = new java.io.File(((pathPrefix + java.lang.Integer.toString(counter)) + .png)): null

2018-12-11 18:14:05 - [TEST_STEP][PASSED] - Statement - counter = counter + 1: null

2018-12-11 18:14:05 - [TEST_STEP][PASSED] - Statement - PreSaveFile = new java.io.File(((pathPrefix + java.lang.Integer.toString(counter)) + .png)): null

2018-12-11 18:14:05 - [TEST_STEP][PASSED] - Statement - counter = counter + 1: null

2018-12-11 18:14:05 - [TEST_STEP][PASSED] - Statement - PreSaveFile = new java.io.File(((pathPrefix + java.lang.Integer.toString(counter)) + .png)): null

2018-12-11 18:14:05 - [TEST_STEP][PASSED] - Statement - counter = counter + 1: null

2018-12-11 18:14:05 - [TEST_STEP][PASSED] - Statement - PreSaveFile = new java.io.File(((pathPrefix + java.lang.Integer.toString(counter)) + .png)): null

2018-12-11 18:14:05 - [TEST_STEP][PASSED] - Statement - counter = counter + 1: null

2018-12-11 18:14:05 - [TEST_STEP][PASSED] - Statement - PreSaveFile = new java.io.File(((pathPrefix + java.lang.Integer.toString(counter)) + .png)): null

2018-12-11 18:14:05 - [TEST_STEP][PASSED] - Statement - counter = counter + 1: null

2018-12-11 18:14:05 - [TEST_STEP][PASSED] - Statement - PreSaveFile = new java.io.File(((pathPrefix + java.lang.Integer.toString(counter)) + .png)): null

2018-12-11 18:14:05 - [TEST_STEP][PASSED] - Statement - counter = counter + 1: null

2018-12-11 18:14:05 - [TEST_STEP][PASSED] - Statement - PreSaveFile = new java.io.File(((pathPrefix + java.lang.Integer.toString(counter)) + .png)): null

2018-12-11 18:14:05 - [TEST_STEP][PASSED] - Statement - counter = counter + 1: null

2018-12-11 18:14:05 - [TEST_STEP][PASSED] - Statement - PreSaveFile = new java.io.File(((pathPrefix + java.lang.Integer.toString(counter)) + .png)): null

2018-12-11 18:14:05 - [TEST_STEP][PASSED] - Statement - counter = counter + 1: null

2018-12-11 18:14:05 - [TEST_STEP][PASSED] - Statement - PreSaveFile = new java.io.File(((pathPrefix + java.lang.Integer.toString(counter)) + .png)): null

2018-12-11 18:14:05 - [TEST_STEP][PASSED] - Statement - counter = counter + 1: null

2018-12-11 18:14:05 - [TEST_STEP][PASSED] - Statement - PreSaveFile = new java.io.File(((pathPrefix + java.lang.Integer.toString(counter)) + .png)): null

2018-12-11 18:14:05 - [TEST_STEP][PASSED] - Statement - counter = counter + 1: null

2018-12-11 18:14:05 - [TEST_STEP][PASSED] - Statement - PreSaveFile = new java.io.File(((pathPrefix + java.lang.Integer.toString(counter)) + .png)): null

2018-12-11 18:14:05 - [TEST_STEP][PASSED] - Statement - counter = counter + 1: null

2018-12-11 18:14:05 - [TEST_STEP][PASSED] - Statement - PreSaveFile = new java.io.File(((pathPrefix + java.lang.Integer.toString(counter)) + .png)): null

2018-12-11 18:14:05 - [TEST_STEP][PASSED] - Statement - counter = counter + 1: null

2018-12-11 18:14:05 - [TEST_STEP][PASSED] - Statement - PreSaveFile = new java.io.File(((pathPrefix + java.lang.Integer.toString(counter)) + .png)): null

2018-12-11 18:14:05 - [TEST_STEP][PASSED] - Statement - counter = counter + 1: null

2018-12-11 18:14:05 - [TEST_STEP][PASSED] - Statement - PreSaveFile = new java.io.File(((pathPrefix + java.lang.Integer.toString(counter)) + .png)): null

2018-12-11 18:14:05 - [TEST_STEP][PASSED] - Statement - counter = counter + 1: null

2018-12-11 18:14:05 - [TEST_STEP][PASSED] - Statement - PreSaveFile = new java.io.File(((pathPrefix + java.lang.Integer.toString(counter)) + .png)): null

2018-12-11 18:14:05 - [TEST_STEP][PASSED] - Statement - counter = counter + 1: null

2018-12-11 18:14:05 - [TEST_STEP][PASSED] - Statement - PreSaveFile = new java.io.File(((pathPrefix + java.lang.Integer.toString(counter)) + .png)): null

2018-12-11 18:14:05 - [TEST_STEP][PASSED] - Statement - counter = counter + 1: null

2018-12-11 18:14:05 - [TEST_STEP][PASSED] - Statement - PreSaveFile = new java.io.File(((pathPrefix + java.lang.Integer.toString(counter)) + .png)): null

2018-12-11 18:14:05 - [TEST_STEP][PASSED] - Statement - counter = counter + 1: null

2018-12-11 18:14:05 - [TEST_STEP][PASSED] - Statement - PreSaveFile = new java.io.File(((pathPrefix + java.lang.Integer.toString(counter)) + .png)): null

2018-12-11 18:14:05 - [TEST_STEP][PASSED] - Statement - counter = counter + 1: null

2018-12-11 18:14:05 - [TEST_STEP][PASSED] - Statement - PreSaveFile = new java.io.File(((pathPrefix + java.lang.Integer.toString(counter)) + .png)): null

2018-12-11 18:14:05 - [TEST_STEP][PASSED] - Statement - counter = counter + 1: null

2018-12-11 18:14:05 - [TEST_STEP][PASSED] - Statement - PreSaveFile = new java.io.File(((pathPrefix + java.lang.Integer.toString(counter)) + .png)): null

2018-12-11 18:14:05 - [TEST_STEP][PASSED] - Statement - counter = counter + 1: null

2018-12-11 18:14:05 - [TEST_STEP][PASSED] - Statement - PreSaveFile = new java.io.File(((pathPrefix + java.lang.Integer.toString(counter)) + .png)): null

2018-12-11 18:14:05 - [TEST_STEP][PASSED] - Statement - counter = counter + 1: null

2018-12-11 18:14:05 - [TEST_STEP][PASSED] - Statement - PreSaveFile = new java.io.File(((pathPrefix + java.lang.Integer.toString(counter)) + .png)): null

2018-12-11 18:14:05 - [TEST_STEP][PASSED] - Statement - counter = counter + 1: null

2018-12-11 18:14:05 - [TEST_STEP][PASSED] - Statement - PreSaveFile = new java.io.File(((pathPrefix + java.lang.Integer.toString(counter)) + .png)): null

2018-12-11 18:14:05 - [TEST_STEP][PASSED] - Statement - counter = counter + 1: null

2018-12-11 18:14:05 - [TEST_STEP][PASSED] - Statement - PreSaveFile = new java.io.File(((pathPrefix + java.lang.Integer.toString(counter)) + .png)): null

2018-12-11 18:14:05 - [TEST_STEP][PASSED] - Statement - counter = counter + 1: null

2018-12-11 18:14:05 - [TEST_STEP][PASSED] - Statement - PreSaveFile = new java.io.File(((pathPrefix + java.lang.Integer.toString(counter)) + .png)): null

2018-12-11 18:14:05 - [TEST_STEP][PASSED] - Statement - counter = counter + 1: null

2018-12-11 18:14:05 - [TEST_STEP][PASSED] - Statement - PreSaveFile = new java.io.File(((pathPrefix + java.lang.Integer.toString(counter)) + .png)): null

2018-12-11 18:14:05 - [TEST_STEP][PASSED] - Statement - counter = counter + 1: null

2018-12-11 18:14:05 - [TEST_STEP][PASSED] - Statement - PreSaveFile = new java.io.File(((pathPrefix + java.lang.Integer.toString(counter)) + .png)): null

2018-12-11 18:14:06 - [TEST_STEP][PASSED] - Statement - counter = counter + 1: null

2018-12-11 18:14:06 - [TEST_STEP][PASSED] - Statement - PreSaveFile = new java.io.File(((pathPrefix + java.lang.Integer.toString(counter)) + .png)): null

2018-12-11 18:14:06 - [TEST_STEP][PASSED] - Statement - counter = counter + 1: null

2018-12-11 18:14:06 - [TEST_STEP][PASSED] - Statement - PreSaveFile = new java.io.File(((pathPrefix + java.lang.Integer.toString(counter)) + .png)): null

2018-12-11 18:14:06 - [TEST_STEP][PASSED] - Statement - counter = counter + 1: null

2018-12-11 18:14:06 - [TEST_STEP][PASSED] - Statement - PreSaveFile = new java.io.File(((pathPrefix + java.lang.Integer.toString(counter)) + .png)): null

2018-12-11 18:14:06 - [TEST_STEP][PASSED] - Statement - counter = counter + 1: null

2018-12-11 18:14:06 - [TEST_STEP][PASSED] - Statement - PreSaveFile = new java.io.File(((pathPrefix + java.lang.Integer.toString(counter)) + .png)): null

2018-12-11 18:14:06 - [TEST_STEP][PASSED] - Statement - counter = counter + 1: null

2018-12-11 18:14:06 - [TEST_STEP][PASSED] - Statement - PreSaveFile = new java.io.File(((pathPrefix + java.lang.Integer.toString(counter)) + .png)): null

2018-12-11 18:14:06 - [TEST_STEP][PASSED] - Statement - counter = counter + 1: null

2018-12-11 18:14:06 - [TEST_STEP][PASSED] - Statement - PreSaveFile = new java.io.File(((pathPrefix + java.lang.Integer.toString(counter)) + .png)): null

2018-12-11 18:14:06 - [TEST_STEP][PASSED] - Statement - counter = counter + 1: null

2018-12-11 18:14:06 - [TEST_STEP][PASSED] - Statement - PreSaveFile = new java.io.File(((pathPrefix + java.lang.Integer.toString(counter)) + .png)): null

2018-12-11 18:14:06 - [TEST_STEP][PASSED] - Statement - counter = counter + 1: null

2018-12-11 18:14:06 - [TEST_STEP][PASSED] - Statement - PreSaveFile = new java.io.File(((pathPrefix + java.lang.Integer.toString(counter)) + .png)): null

2018-12-11 18:14:06 - [TEST_STEP][PASSED] - Statement - counter = counter + 1: null

2018-12-11 18:14:06 - [TEST_STEP][PASSED] - Statement - PreSaveFile = new java.io.File(((pathPrefix + java.lang.Integer.toString(counter)) + .png)): null

2018-12-11 18:14:06 - [TEST_STEP][PASSED] - Statement - counter = counter + 1: null

2018-12-11 18:14:06 - [TEST_STEP][PASSED] - Statement - PreSaveFile = new java.io.File(((pathPrefix + java.lang.Integer.toString(counter)) + .png)): null

2018-12-11 18:14:06 - [TEST_STEP][PASSED] - Statement - counter = counter + 1: null

2018-12-11 18:14:06 - [TEST_STEP][PASSED] - Statement - PreSaveFile = new java.io.File(((pathPrefix + java.lang.Integer.toString(counter)) + .png)): null

2018-12-11 18:14:06 - [TEST_STEP][PASSED] - Statement - counter = counter + 1: null

2018-12-11 18:14:06 - [TEST_STEP][PASSED] - Statement - PreSaveFile = new java.io.File(((pathPrefix + java.lang.Integer.toString(counter)) + .png)): null

2018-12-11 18:14:06 - [TEST_STEP][PASSED] - Statement - counter = counter + 1: null

2018-12-11 18:14:06 - [TEST_STEP][PASSED] - Statement - PreSaveFile = new java.io.File(((pathPrefix + java.lang.Integer.toString(counter)) + .png)): null

2018-12-11 18:14:06 - [TEST_STEP][PASSED] - Statement - counter = counter + 1: null

2018-12-11 18:14:06 - [TEST_STEP][PASSED] - Statement - PreSaveFile = new java.io.File(((pathPrefix + java.lang.Integer.toString(counter)) + .png)): null

2018-12-11 18:14:06 - [TEST_STEP][PASSED] - Statement - counter = counter + 1: null

2018-12-11 18:14:06 - [TEST_STEP][PASSED] - Statement - PreSaveFile = new java.io.File(((pathPrefix + java.lang.Integer.toString(counter)) + .png)): null

2018-12-11 18:14:06 - [TEST_STEP][PASSED] - Statement - counter = counter + 1: null

2018-12-11 18:14:06 - [TEST_STEP][PASSED] - Statement - PreSaveFile = new java.io.File(((pathPrefix + java.lang.Integer.toString(counter)) + .png)): null

2018-12-11 18:14:06 - [TEST_STEP][PASSED] - Statement - counter = counter + 1: null

2018-12-11 18:14:06 - [TEST_STEP][PASSED] - Statement - PreSaveFile = new java.io.File(((pathPrefix + java.lang.Integer.toString(counter)) + .png)): null

2018-12-11 18:14:06 - [TEST_STEP][PASSED] - Statement - counter = counter + 1: null

2018-12-11 18:14:06 - [TEST_STEP][PASSED] - Statement - PreSaveFile = new java.io.File(((pathPrefix + java.lang.Integer.toString(counter)) + .png)): null

2018-12-11 18:14:06 - [TEST_STEP][PASSED] - Statement - counter = counter + 1: null

2018-12-11 18:14:06 - [TEST_STEP][PASSED] - Statement - PreSaveFile = new java.io.File(((pathPrefix + java.lang.Integer.toString(counter)) + .png)): null

2018-12-11 18:14:06 - [TEST_STEP][PASSED] - Statement - counter = counter + 1: null

2018-12-11 18:14:06 - [TEST_STEP][PASSED] - Statement - PreSaveFile = new java.io.File(((pathPrefix + java.lang.Integer.toString(counter)) + .png)): null

2018-12-11 18:14:06 - [TEST_STEP][PASSED] - Statement - counter = counter + 1: null

2018-12-11 18:14:06 - [TEST_STEP][PASSED] - Statement - PreSaveFile = new java.io.File(((pathPrefix + java.lang.Integer.toString(counter)) + .png)): null

2018-12-11 18:14:06 - [TEST_STEP][PASSED] - Statement - counter = counter + 1: null

2018-12-11 18:14:06 - [TEST_STEP][PASSED] - Statement - PreSaveFile = new java.io.File(((pathPrefix + java.lang.Integer.toString(counter)) + .png)): null

2018-12-11 18:14:06 - [TEST_STEP][PASSED] - Statement - counter = counter + 1: null

2018-12-11 18:14:06 - [TEST_STEP][PASSED] - Statement - PreSaveFile = new java.io.File(((pathPrefix + java.lang.Integer.toString(counter)) + .png)): null

2018-12-11 18:14:06 - [TEST_STEP][PASSED] - Statement - counter = counter + 1: null

2018-12-11 18:14:06 - [TEST_STEP][PASSED] - Statement - PreSaveFile = new java.io.File(((pathPrefix + java.lang.Integer.toString(counter)) + .png)): null

2018-12-11 18:14:06 - [TEST_STEP][PASSED] - Statement - counter = counter + 1: null

2018-12-11 18:14:06 - [TEST_STEP][PASSED] - Statement - PreSaveFile = new java.io.File(((pathPrefix + java.lang.Integer.toString(counter)) + .png)): null

2018-12-11 18:14:06 - [TEST_STEP][PASSED] - Statement - counter = counter + 1: null

2018-12-11 18:14:06 - [TEST_STEP][PASSED] - Statement - PreSaveFile = new java.io.File(((pathPrefix + java.lang.Integer.toString(counter)) + .png)): null

2018-12-11 18:14:06 - [TEST_STEP][PASSED] - Statement - counter = counter + 1: null

2018-12-11 18:14:06 - [TEST_STEP][PASSED] - Statement - PreSaveFile = new java.io.File(((pathPrefix + java.lang.Integer.toString(counter)) + .png)): null

2018-12-11 18:14:06 - [TEST_STEP][PASSED] - Statement - counter = counter + 1: null

2018-12-11 18:14:06 - [TEST_STEP][PASSED] - Statement - PreSaveFile = new java.io.File(((pathPrefix + java.lang.Integer.toString(counter)) + .png)): null

2018-12-11 18:14:06 - [TEST_STEP][PASSED] - Statement - counter = counter + 1: null

2018-12-11 18:14:06 - [TEST_STEP][PASSED] - Statement - PreSaveFile = new java.io.File(((pathPrefix + java.lang.Integer.toString(counter)) + .png)): null

2018-12-11 18:14:06 - [TEST_STEP][PASSED] - Statement - counter = counter + 1: null

2018-12-11 18:14:06 - [TEST_STEP][PASSED] - Statement - PreSaveFile = new java.io.File(((pathPrefix + java.lang.Integer.toString(counter)) + .png)): null

2018-12-11 18:14:06 - [TEST_STEP][PASSED] - Statement - counter = counter + 1: null

2018-12-11 18:14:06 - [TEST_STEP][PASSED] - Statement - PreSaveFile = new java.io.File(((pathPrefix + java.lang.Integer.toString(counter)) + .png)): null

2018-12-11 18:14:06 - [TEST_STEP][PASSED] - Statement - counter = counter + 1: null

2018-12-11 18:14:06 - [TEST_STEP][PASSED] - Statement - PreSaveFile = new java.io.File(((pathPrefix + java.lang.Integer.toString(counter)) + .png)): null

2018-12-11 18:14:06 - [TEST_STEP][PASSED] - Statement - counter = counter + 1: null

2018-12-11 18:14:06 - [TEST_STEP][PASSED] - Statement - PreSaveFile = new java.io.File(((pathPrefix + java.lang.Integer.toString(counter)) + .png)): null

2018-12-11 18:14:06 - [TEST_STEP][PASSED] - Statement - counter = counter + 1: null

2018-12-11 18:14:06 - [TEST_STEP][PASSED] - Statement - PreSaveFile = new java.io.File(((pathPrefix + java.lang.Integer.toString(counter)) + .png)): null

2018-12-11 18:14:06 - [TEST_STEP][PASSED] - Statement - counter = counter + 1: null

2018-12-11 18:14:06 - [TEST_STEP][PASSED] - Statement - PreSaveFile = new java.io.File(((pathPrefix + java.lang.Integer.toString(counter)) + .png)): null

2018-12-11 18:14:06 - [TEST_STEP][PASSED] - Statement - counter = counter + 1: null

2018-12-11 18:14:06 - [TEST_STEP][PASSED] - Statement - PreSaveFile = new java.io.File(((pathPrefix + java.lang.Integer.toString(counter)) + .png)): null

2018-12-11 18:14:06 - [TEST_STEP][PASSED] - Statement - counter = counter + 1: null

2018-12-11 18:14:06 - [TEST_STEP][PASSED] - Statement - PreSaveFile = new java.io.File(((pathPrefix + java.lang.Integer.toString(counter)) + .png)): null

2018-12-11 18:14:06 - [TEST_STEP][PASSED] - Statement - finalPath = pathPrefix + java.lang.Integer.toString(counter) + ".png": null

2018-12-11 18:14:06 - [TEST_STEP][PASSED] - Statement - SaveFile = new java.io.File(finalPath): null

2018-12-11 18:14:06 - [TEST_STEP][PASSED] - Statement - Try: null

2018-12-11 18:14:06 - [TEST_STEP][PASSED] - Statement - org.apache.commons.io.FileUtils.copyFile(scrFile, SaveFile): null

2018-12-11 18:14:06 - [TEST_STEP][PASSED] - Statement - out.println("file kept"): null

2018-12-11 18:14:06 - [TEST_STEP][PASSED] - delay: Delayed 10 second(s)

2018-12-11 18:14:16 - [MESSAGE][PASSED] - Delayed 10 second(s)

2018-12-11 18:14:16 - [MESSAGE][PASSED] - Call Test Case 'Test Cases/Final Aug 2018 - PKS Automation/Registration Module/New Registration/Submit and Screenshot/Submit Registration and Screenshot - Copy' successfully

2018-12-11 18:14:16 - [TEST_STEP][PASSED] - Statement - UpdateAddNewECode = com.kms.katalon.core.webui.keyword.WebUiBuiltInKeywords.getText(com.kms.katalon.core.testobject.ObjectRepository.findTestObject(Object Repository/Final Object Repo/Page_Update Add New Employee - ASSIST/getEmpCode)): Text of object 'Object Repository/Final Object Repo/Page_Update Add New Employee - ASSIST/getEmpCode' is: 'E1102070767F'

2018-12-11 18:14:16 - [MESSAGE][PASSED] - Text of object 'Object Repository/Final Object Repo/Page_Update Add New Employee - ASSIST/getEmpCode' is: 'E1102070767F'

2018-12-11 18:14:16 - [TEST_STEP][PASSED] - callTestCase: Call Test Case 'Test Cases/Final Aug 2018 - PKS Automation/Common/Emp Code Setter' successfully

2018-12-11 18:14:16 - [TEST_CASE][PASSED] - Test Cases/Final Aug 2018 - PKS Automation/Common/Emp Code Setter: Test Cases/Final Aug 2018 - PKS Automation/Common/Emp Code Setter

2018-12-11 18:14:16 - [TEST_STEP][PASSED] - Statement - EmpCodeOld = new java.io.File(C://Users//Admin//Desktop//PKS//Automation Reference Point//EmpCode.txt): null

2018-12-11 18:14:16 - [TEST_STEP][PASSED] - Statement - EmpCodeOld.delete(): null

2018-12-11 18:14:16 - [TEST_STEP][PASSED] - Statement - EmpCode = new java.io.File(C://Users//Admin//Desktop//PKS//Automation Reference Point//EmpCode.txt): null

2018-12-11 18:14:16 - [TEST_STEP][PASSED] - Statement - f2 = new java.io.FileWriter(EmpCode, false): null

2018-12-11 18:14:16 - [TEST_STEP][PASSED] - Statement - f2.write(UpdateAddNewECode): null

2018-12-11 18:14:16 - [TEST_STEP][PASSED] - Statement - f2.close(): null

2018-12-11 18:14:16 - [TEST_STEP][PASSED] - Statement - out.println("


" + UpdateAddNewECode + "


"): null

2018-12-11 18:14:16 - [MESSAGE][PASSED] - Call Test Case 'Test Cases/Final Aug 2018 - PKS Automation/Common/Emp Code Setter' successfully

2018-12-11 18:14:16 - [MESSAGE][PASSED] - Call Test Case 'Test Cases/Final Aug 2018 - PKS Automation/Registration Module/Workflow/Update Add New Employee/Template/New Company for Update Add New' successfully

2018-12-11 18:14:16 - [TEST_STEP][PASSED] - callTestCase: Call Test Case 'Test Cases/Final Aug 2018 - PKS Automation/Registration Module/Log Out/log out avoiding katalon tagging' successfully

2018-12-11 18:14:16 - [TEST_CASE][PASSED] - Test Cases/Final Aug 2018 - PKS Automation/Registration Module/Log Out/log out avoiding katalon tagging: Test Cases/Final Aug 2018 - PKS Automation/Registration Module/Log Out/log out avoiding katalon tagging

2018-12-11 18:14:16 - [TEST_STEP][PASSED] - navigateToUrl: Navigate to 'https://assist2-uat.perkeso.gov.my/c/portal/logout' successfully

2018-12-11 18:14:17 - [MESSAGE][PASSED] - Navigate to 'https://assist2-uat.perkeso.gov.my/c/portal/logout' successfully

2018-12-11 18:14:17 - [MESSAGE][PASSED] - Call Test Case 'Test Cases/Final Aug 2018 - PKS Automation/Registration Module/Log Out/log out avoiding katalon tagging' successfully

2018-12-11 18:14:17 - [TEST_STEP][PASSED] - callTestCase: Call Test Case 'Test Cases/Final Aug 2018 - PKS Automation/Registration Module/New Registration/Form 2/Date Updater' successfully

2018-12-11 18:14:17 - [TEST_CASE][PASSED] - Test Cases/Final Aug 2018 - PKS Automation/Registration Module/New Registration/Form 2/Date Updater: Test Cases/Final Aug 2018 - PKS Automation/Registration Module/New Registration/Form 2/Date Updater

2018-12-11 18:14:17 - [TEST_STEP][PASSED] - Statement - TodayDate = new java.util.Date(): null

2018-12-11 18:14:17 - [TEST_STEP][PASSED] - Statement - CurrentDateNoFilter = new java.text.SimpleDateFormat(): null

2018-12-11 18:14:17 - [TEST_STEP][PASSED] - Statement - CurrentDateNoFilter.applyPattern("MM"): null

2018-12-11 18:14:17 - [TEST_STEP][PASSED] - Statement - monthContainerMatcher = java.lang.Integer.parseInt(CurrentDateNoFilter.format(TodayDate)): null

2018-12-11 18:14:17 - [TEST_STEP][PASSED] - Statement - monthContainerMatcher = monthContainerMatcher - 1: null

2018-12-11 18:14:17 - [TEST_STEP][PASSED] - Statement - CurrentMonth = monthContainerMatcher.toString(): null

2018-12-11 18:14:17 - [TEST_STEP][PASSED] - Statement - CurrentMonth = CurrentMonth: null

2018-12-11 18:14:17 - [TEST_STEP][PASSED] - Statement - CurrentDateNoFilter.applyPattern("yyyy"): null

2018-12-11 18:14:17 - [TEST_STEP][PASSED] - Statement - CurrentYear = CurrentDateNoFilter.format(TodayDate): null

2018-12-11 18:14:17 - [TEST_STEP][PASSED] - Statement - CurrentYear = CurrentYear: null

2018-12-11 18:14:17 - [TEST_STEP][PASSED] - Statement - intCurrentYear = java.lang.Integer.parseInt(CurrentDateNoFilter.format(TodayDate)): null

2018-12-11 18:14:17 - [TEST_STEP][PASSED] - Statement - eighteenYrsAgo = intCurrentYear - 18: null

2018-12-11 18:14:17 - [TEST_STEP][PASSED] - Statement - eighteenYrsBeforeThisYr = eighteenYrsAgo.toString(): null

2018-12-11 18:14:17 - [TEST_STEP][PASSED] - Statement - EighteenYrsBefore = eighteenYrsBeforeThisYr: null

2018-12-11 18:14:17 - [TEST_STEP][PASSED] - Statement - fiftysevenYrsAgo = intCurrentYear - 57: null

2018-12-11 18:14:17 - [TEST_STEP][PASSED] - Statement - fiftysevenYrsBeforeThisYr = fiftysevenYrsAgo.toString(): null

2018-12-11 18:14:17 - [TEST_STEP][PASSED] - Statement - FiftysevenYrsBefore = fiftysevenYrsBeforeThisYr: null

2018-12-11 18:14:17 - [TEST_STEP][PASSED] - Statement - leapYear = false: null

2018-12-11 18:14:17 - [TEST_STEP][PASSED] - Statement - leapYear = intCurrentYear % 4 == 0: null

2018-12-11 18:14:17 - [TEST_STEP][PASSED] - Statement - CurrentDateNoFilter.applyPattern("dd"): null

2018-12-11 18:14:17 - [TEST_STEP][PASSED] - Statement - CurrentDate = CurrentDateNoFilter.format(TodayDate): null

2018-12-11 18:14:17 - [TEST_STEP][PASSED] - Statement - CurrentDate = java.lang.Integer.parseInt(CurrentDate): null

2018-12-11 18:14:17 - [TEST_STEP][PASSED] - Statement - CurrentDate = CurrentDate: null

2018-12-11 18:14:17 - [TEST_STEP][PASSED] - Statement - CurrentDay = java.lang.Integer.parseInt(CurrentDate): null

2018-12-11 18:14:17 - [TEST_STEP][PASSED] - Statement - ConfAdder = <not implemented yet for class: org.codehaus.groovy.ast.expr.EmptyExpression>: null

2018-12-11 18:14:17 - [TEST_STEP][PASSED] - Statement - out.println(CurrentMonth): null

2018-12-11 18:14:17 - [TEST_STEP][PASSED] - Statement - out.println(CurrentDate): null

2018-12-11 18:14:17 - [TEST_STEP][PASSED] - Statement - switch (CurrentDate): null

2018-12-11 18:14:17 - [TEST_STEP][PASSED] - Statement - Default: null

2018-12-11 18:14:17 - [TEST_STEP][PASSED] - Statement - ConfAdder = true: null

2018-12-11 18:14:17 - [TEST_STEP][PASSED] - Statement - Break: null

2018-12-11 18:14:17 - [TEST_STEP][PASSED] - Statement - aDayBefore = <not implemented yet for class: org.codehaus.groovy.ast.expr.EmptyExpression>: null

2018-12-11 18:14:17 - [TEST_STEP][PASSED] - Statement - out.println(ConfAdder): null

2018-12-11 18:14:17 - [TEST_STEP][PASSED] - Statement - If (ConfAdder == true): null

2018-12-11 18:14:17 - [TEST_STEP][PASSED] - Statement - aDayBefore = CurrentDay + 1: null

2018-12-11 18:14:17 - [TEST_STEP][PASSED] - Statement - out.println(aDayBefore): null

2018-12-11 18:14:17 - [TEST_STEP][PASSED] - Statement - If (aDayBefore == 1 && CurrentMonth == 11): null

2018-12-11 18:14:17 - [TEST_STEP][PASSED] - Statement - DayBefore = aDayBefore.toString(): null

2018-12-11 18:14:17 - [TEST_STEP][PASSED] - Statement - OneDayBefore = DayBefore: null

2018-12-11 18:14:17 - [MESSAGE][PASSED] - Call Test Case 'Test Cases/Final Aug 2018 - PKS Automation/Registration Module/New Registration/Form 2/Date Updater' successfully

2018-12-11 18:14:17 - [TEST_STEP][PASSED] - delay: Delayed 2 second(s)

2018-12-11 18:14:19 - [MESSAGE][PASSED] - Delayed 2 second(s)

2018-12-11 18:14:19 - [TEST_STEP][PASSED] - setText: Text 'klpkrbo2@gmail.com' is set on object 'Object Repository/Final Object Repo/Page_Update Add New Employee - ASSIST/Email TextBox'

2018-12-11 18:14:19 - [MESSAGE][PASSED] - Text 'klpkrbo2@gmail.com' is set on object 'Object Repository/Final Object Repo/Page_Update Add New Employee - ASSIST/Email TextBox'

2018-12-11 18:14:19 - [TEST_STEP][PASSED] - click: Object: 'Object Repository/Final Object Repo/Page_Update Add New Employee - ASSIST/Next Button' is clicked on

2018-12-11 18:14:19 - [MESSAGE][PASSED] - Object: 'Object Repository/Final Object Repo/Page_Update Add New Employee - ASSIST/Next Button' is clicked on

2018-12-11 18:14:19 - [TEST_STEP][PASSED] - delay: Delayed 2 second(s)

2018-12-11 18:14:21 - [MESSAGE][PASSED] - Delayed 2 second(s)

2018-12-11 18:14:21 - [TEST_STEP][PASSED] - setText: Text 'Test1@3456789' is set on object 'Object Repository/Final Object Repo/Page_Update Add New Employee - ASSIST/Password TextBox'

2018-12-11 18:14:22 - [MESSAGE][PASSED] - Text 'Test1@3456789' is set on object 'Object Repository/Final Object Repo/Page_Update Add New Employee - ASSIST/Password TextBox'

2018-12-11 18:14:22 - [TEST_STEP][PASSED] - delay: Delayed 2 second(s)

2018-12-11 18:14:24 - [MESSAGE][PASSED] - Delayed 2 second(s)

2018-12-11 18:14:24 - [TEST_STEP][PASSED] - click: Object: 'Object Repository/Final Object Repo/Page_Update Add New Employee - ASSIST/Login Button' is clicked on

2018-12-11 18:14:24 - [MESSAGE][PASSED] - Object: 'Object Repository/Final Object Repo/Page_Update Add New Employee - ASSIST/Login Button' is clicked on

2018-12-11 18:14:24 - [TEST_STEP][PASSED] - delay: Delayed 4 second(s)

2018-12-11 18:14:28 - [MESSAGE][PASSED] - Delayed 4 second(s)

2018-12-11 18:14:28 - [TEST_STEP][PASSED] - Statement - Try: Delayed 2 second(s)

2018-12-11 18:14:28 - [TEST_STEP][PASSED] - Statement - Checker = false: null

2018-12-11 18:14:28 - [TEST_STEP][PASSED] - Statement - Checker = com.kms.katalon.core.webui.keyword.WebUiBuiltInKeywords.verifyElementHasAttribute(com.kms.katalon.core.testobject.ObjectRepository.findTestObject(Final Object Repo/Landing Page/BM Detecting), "href", 20, OPTIONAL): Object 'Object Repository/Final Object Repo/Landing Page/BM Detecting' has attribute 'href'

2018-12-11 18:14:28 - [MESSAGE][PASSED] - Object 'Object Repository/Final Object Repo/Landing Page/BM Detecting' has attribute 'href'

2018-12-11 18:14:28 - [TEST_STEP][PASSED] - Statement - out.println(Checker): null

2018-12-11 18:14:28 - [TEST_STEP][PASSED] - Statement - If (Checker == false): null

2018-12-11 18:14:28 - [TEST_STEP][PASSED] - Statement - Else: null

2018-12-11 18:14:28 - [TEST_STEP][PASSED] - delay: Delayed 2 second(s)

2018-12-11 18:14:30 - [MESSAGE][PASSED] - Delayed 2 second(s)

2018-12-11 18:14:30 - [TEST_STEP][PASSED] - delay: Delayed 4 second(s)

2018-12-11 18:14:34 - [MESSAGE][PASSED] - Delayed 4 second(s)

2018-12-11 18:14:34 - [TEST_STEP][PASSED] - click: Object: 'Object Repository/Final Object Repo/Page_Update Add New Employee - ASSIST/My Sites Drop Down' is clicked on

2018-12-11 18:14:34 - [MESSAGE][PASSED] - Object: 'Object Repository/Final Object Repo/Page_Update Add New Employee - ASSIST/My Sites Drop Down' is clicked on

2018-12-11 18:14:34 - [TEST_STEP][PASSED] - click: Object: 'Object Repository/Final Object Repo/Page_Update Add New Employee - ASSIST/Select to Registration Module' is clicked on

2018-12-11 18:14:35 - [MESSAGE][PASSED] - Object: 'Object Repository/Final Object Repo/Page_Update Add New Employee - ASSIST/Select to Registration Module' is clicked on

2018-12-11 18:14:35 - [TEST_STEP][PASSED] - navigateToUrl: Navigate to 'https://assist2-uat.perkeso.gov.my/web/registration/myassist' successfully

2018-12-11 18:14:35 - [MESSAGE][PASSED] - Navigate to 'https://assist2-uat.perkeso.gov.my/web/registration/myassist' successfully

2018-12-11 18:14:35 - [TEST_STEP][PASSED] - mouseOver: Object: 'Object Repository/Final Object Repo/Page_Update Add New Employee - ASSIST/Select to Update Akta 4 Tab' is hovered

2018-12-11 18:14:35 - [MESSAGE][PASSED] - Object: 'Object Repository/Final Object Repo/Page_Update Add New Employee - ASSIST/Select to Update Akta 4 Tab' is hovered

2018-12-11 18:14:35 - [TEST_STEP][PASSED] - delay: Delayed 2 second(s)

2018-12-11 18:14:37 - [MESSAGE][PASSED] - Delayed 2 second(s)

2018-12-11 18:14:37 - [TEST_STEP][PASSED] - click: Object: 'Object Repository/Final Object Repo/Page_Update Add New Employee - ASSIST/Select to Update Add New Employee' is clicked on

2018-12-11 18:14:38 - [MESSAGE][PASSED] - Object: 'Object Repository/Final Object Repo/Page_Update Add New Employee - ASSIST/Select to Update Add New Employee' is clicked on

2018-12-11 18:14:38 - [TEST_STEP][PASSED] - delay: Delayed 2 second(s)

2018-12-11 18:14:40 - [MESSAGE][PASSED] - Delayed 2 second(s)

2018-12-11 18:14:40 - [TEST_STEP][PASSED] - setText: Text 'E1102070767F' is set on object 'Object Repository/Final Object Repo/Page_Update Add New Employee - ASSIST/Employer Code input textbox'

2018-12-11 18:14:40 - [MESSAGE][PASSED] - Text 'E1102070767F' is set on object 'Object Repository/Final Object Repo/Page_Update Add New Employee - ASSIST/Employer Code input textbox'

2018-12-11 18:14:40 - [TEST_STEP][PASSED] - delay: Delayed 2 second(s)

2018-12-11 18:14:42 - [MESSAGE][PASSED] - Delayed 2 second(s)

2018-12-11 18:14:42 - [TEST_STEP][PASSED] - click: Object: 'Object Repository/Final Object Repo/Page_Update Add New Employee - ASSIST/Search Button for Employer Code' is clicked on

2018-12-11 18:14:43 - [MESSAGE][PASSED] - Object: 'Object Repository/Final Object Repo/Page_Update Add New Employee - ASSIST/Search Button for Employer Code' is clicked on

2018-12-11 18:14:43 - [TEST_STEP][PASSED] - delay: Delayed 4 second(s)

2018-12-11 18:14:47 - [MESSAGE][PASSED] - Delayed 4 second(s)

2018-12-11 18:14:47 - [TEST_STEP][PASSED] - click: Object: 'Object Repository/Final Object Repo/Page_Update Add New Employee - ASSIST/Click to Edit Case' is clicked on

2018-12-11 18:14:49 - [MESSAGE][PASSED] - Object: 'Object Repository/Final Object Repo/Page_Update Add New Employee - ASSIST/Click to Edit Case' is clicked on

2018-12-11 18:14:49 - [TEST_STEP][PASSED] - callTestCase: Call Test Case 'Test Cases/Final Aug 2018 - PKS Automation/Registration Module/Workflow/Update Add New Employee/Template/Employee Adding/Employee Set Decider' successfully

2018-12-11 18:14:49 - [TEST_CASE][PASSED] - Test Cases/Final Aug 2018 - PKS Automation/Registration Module/Workflow/Update Add New Employee/Template/Employee Adding/Employee Set Decider: Test Cases/Final Aug 2018 - PKS Automation/Registration Module/Workflow/Update Add New Employee/Template/Employee Adding/Employee Set Decider

2018-12-11 18:14:49 - [TEST_STEP][PASSED] - delay: Delayed 4 second(s)

2018-12-11 18:14:53 - [MESSAGE][PASSED] - Delayed 4 second(s)

2018-12-11 18:14:53 - [TEST_STEP][PASSED] - click: Object: 'Object Repository/Final Object Repo/Page_Update Add New Employee - ASSIST/Add Employee Button' is clicked on

2018-12-11 18:14:53 - [MESSAGE][PASSED] - Object: 'Object Repository/Final Object Repo/Page_Update Add New Employee - ASSIST/Add Employee Button' is clicked on

2018-12-11 18:14:53 - [TEST_STEP][PASSED] - delay: Delayed 3 second(s)

2018-12-11 18:14:56 - [MESSAGE][PASSED] - Delayed 3 second(s)

2018-12-11 18:14:56 - [TEST_STEP][PASSED] - setText: Text '010903091920' is set on object 'Object Repository/Final Object Repo/Page_Update Add New Employee - ASSIST/NRIC Input'

2018-12-11 18:14:57 - [MESSAGE][PASSED] - Text '010903091920' is set on object 'Object Repository/Final Object Repo/Page_Update Add New Employee - ASSIST/NRIC Input'

2018-12-11 18:14:57 - [TEST_STEP][PASSED] - click: Object: 'Object Repository/Final Object Repo/Page_Update Add New Employee - ASSIST/button for search for IC' is clicked on

2018-12-11 18:14:57 - [MESSAGE][PASSED] - Object: 'Object Repository/Final Object Repo/Page_Update Add New Employee - ASSIST/button for search for IC' is clicked on

2018-12-11 18:14:57 - [TEST_STEP][PASSED] - delay: Delayed 2 second(s)

2018-12-11 18:14:59 - [MESSAGE][PASSED] - Delayed 2 second(s)

2018-12-11 18:14:59 - [TEST_STEP][PASSED] - sendKeys: Keys 'CONTROL + a' sent to object: 'Object Repository/Final Object Repo/Page_Update Add New Employee - ASSIST/Employee Name Input'

2018-12-11 18:14:59 - [MESSAGE][PASSED] - Keys 'CONTROL + a' sent to object: 'Object Repository/Final Object Repo/Page_Update Add New Employee - ASSIST/Employee Name Input'

2018-12-11 18:14:59 - [TEST_STEP][PASSED] - sendKeys: Keys 'CONTROL + c' sent to object: 'Object Repository/Final Object Repo/Page_Update Add New Employee - ASSIST/Employee Name Input'

2018-12-11 18:14:59 - [MESSAGE][PASSED] - Keys 'CONTROL + c' sent to object: 'Object Repository/Final Object Repo/Page_Update Add New Employee - ASSIST/Employee Name Input'

2018-12-11 18:14:59 - [TEST_STEP][PASSED] - Statement - toolkit = java.awt.Toolkit.getDefaultToolkit(): null

2018-12-11 18:14:59 - [TEST_STEP][PASSED] - Statement - clipboard = toolkit.getSystemClipboard(): null

2018-12-11 18:14:59 - [TEST_STEP][PASSED] - Statement - CurrentName = clipboard.getData(stringFlavor): null

2018-12-11 18:14:59 - [TEST_STEP][PASSED] - Statement - out.println("String from Clipboard:" + CurrentName): null

2018-12-11 18:14:59 - [TEST_STEP][PASSED] - Statement - If (CurrentName == "AUTOMATE002 ELIGIBLE 1"): null

2018-12-11 18:14:59 - [TEST_STEP][PASSED] - Statement - Else If (CurrentName == "AUTOMATE003 ELIGIBLE 1"): Call Test Case 'Test Cases/Final Aug 2018 - PKS Automation/Registration Module/Workflow/Update Add New Employee/Template/Employee Adding/Employee Adding Action Repeat IC - set 2' successfully

2018-12-11 18:14:59 - [TEST_STEP][PASSED] - callTestCase: Call Test Case 'Test Cases/Final Aug 2018 - PKS Automation/Registration Module/Workflow/Update Add New Employee/Template/Employee Adding/Employee Adding Action Repeat IC - set 2' successfully

2018-12-11 18:14:59 - [TEST_CASE][PASSED] - Test Cases/Final Aug 2018 - PKS Automation/Registration Module/Workflow/Update Add New Employee/Template/Employee Adding/Employee Adding Action Repeat IC - set 2: Test Cases/Final Aug 2018 - PKS Automation/Registration Module/Workflow/Update Add New Employee/Template/Employee Adding/Employee Adding Action Repeat IC - set 2

2018-12-11 18:14:59 - [TEST_STEP][PASSED] - setText: Text 'Automate002 eligible 1' is set on object 'Object Repository/Final Object Repo/Page_Update Add New Employee - ASSIST/Employee Name Input'

2018-12-11 18:15:00 - [MESSAGE][PASSED] - Text 'Automate002 eligible 1' is set on object 'Object Repository/Final Object Repo/Page_Update Add New Employee - ASSIST/Employee Name Input'

2018-12-11 18:15:00 - [TEST_STEP][PASSED] - delay: Delayed 2 second(s)

2018-12-11 18:15:02 - [MESSAGE][PASSED] - Delayed 2 second(s)

2018-12-11 18:15:02 - [TEST_STEP][PASSED] - click: Object: 'Object Repository/Final Object Repo/Page_Update Add New Employee - ASSIST/DatePicker Pop Up' is clicked on

2018-12-11 18:15:02 - [MESSAGE][PASSED] - Object: 'Object Repository/Final Object Repo/Page_Update Add New Employee - ASSIST/DatePicker Pop Up' is clicked on

2018-12-11 18:15:02 - [TEST_STEP][PASSED] - click: Object: 'Object Repository/Final Object Repo/Page_Update Add New Employee - ASSIST/DOB Month' is clicked on

2018-12-11 18:15:02 - [MESSAGE][PASSED] - Object: 'Object Repository/Final Object Repo/Page_Update Add New Employee - ASSIST/DOB Month' is clicked on

2018-12-11 18:15:02 - [TEST_STEP][PASSED] - Statement - CurrentMonth = CurrentMonth: null

2018-12-11 18:15:02 - [TEST_STEP][PASSED] - Statement - selectMonth = new com.kms.katalon.core.testobject.TestObject(): null

2018-12-11 18:15:02 - [TEST_STEP][PASSED] - Statement - selectMonth.addProperty("xpath", EQUALS, "//body/div/div/div/select/option[@value='" + CurrentMonth + "']", true): null

2018-12-11 18:15:02 - [TEST_STEP][PASSED] - click: Object: '' is clicked on

2018-12-11 18:15:02 - [MESSAGE][PASSED] - Object: '' is clicked on

2018-12-11 18:15:02 - [TEST_STEP][PASSED] - click: Object: 'Object Repository/Final Object Repo/Page_Update Add New Employee - ASSIST/DOB Year' is clicked on

2018-12-11 18:15:02 - [MESSAGE][PASSED] - Object: 'Object Repository/Final Object Repo/Page_Update Add New Employee - ASSIST/DOB Year' is clicked on

2018-12-11 18:15:02 - [TEST_STEP][PASSED] - Statement - Eyearsbf = EighteenYrsBefore: null

2018-12-11 18:15:02 - [TEST_STEP][PASSED] - Statement - selectYear = new com.kms.katalon.core.testobject.TestObject(): null

2018-12-11 18:15:02 - [TEST_STEP][PASSED] - Statement - selectYear.addProperty("xpath", EQUALS, "//div/div/div/select/option[@value='" + Eyearsbf + "']", true): null

2018-12-11 18:15:02 - [TEST_STEP][PASSED] - click: Object: '' is clicked on

2018-12-11 18:15:02 - [MESSAGE][PASSED] - Object: '' is clicked on

2018-12-11 18:15:02 - [TEST_STEP][PASSED] - Statement - UpdatedSelectDate = com.kms.katalon.core.webui.keyword.WebUiBuiltInKeywords.modifyObjectProperty(com.kms.katalon.core.testobject.ObjectRepository.findTestObject(Final Object Repo/Page_Update Add New Employee - ASSIST/DOB Date), "xpath", "equals", "//body/div/table/tbody/tr/td/a[text()="" + CurrentDate + ""]", true): Modify property of object successfully

2018-12-11 18:15:02 - [MESSAGE][PASSED] - Modify property of object successfully

2018-12-11 18:15:02 - [TEST_STEP][PASSED] - delay: Delayed 3 second(s)

2018-12-11 18:15:05 - [MESSAGE][PASSED] - Delayed 3 second(s)

2018-12-11 18:15:05 - [TEST_STEP][PASSED] - click: Object: 'Object Repository/Final Object Repo/Page_Update Add New Employee - ASSIST/DOB Date' is clicked on

2018-12-11 18:15:06 - [MESSAGE][PASSED] - Object: 'Object Repository/Final Object Repo/Page_Update Add New Employee - ASSIST/DOB Date' is clicked on

2018-12-11 18:15:06 - [TEST_STEP][PASSED] - delay: Delayed 2 second(s)

2018-12-11 18:15:08 - [MESSAGE][PASSED] - Delayed 2 second(s)

2018-12-11 18:15:08 - [TEST_STEP][PASSED] - click: Object: 'Object Repository/Final Object Repo/Page_Update Add New Employee - ASSIST/EmploymentStartDate Pop Up' is clicked on

2018-12-11 18:15:08 - [MESSAGE][PASSED] - Object: 'Object Repository/Final Object Repo/Page_Update Add New Employee - ASSIST/EmploymentStartDate Pop Up' is clicked on

2018-12-11 18:15:08 - [TEST_STEP][PASSED] - delay: Delayed 2 second(s)

2018-12-11 18:15:10 - [MESSAGE][PASSED] - Delayed 2 second(s)

2018-12-11 18:15:10 - [TEST_STEP][PASSED] - click: Object: 'Object Repository/Final Object Repo/Page_Update Add New Employee - ASSIST/Socso Employment StartDate Month' is clicked on

2018-12-11 18:15:10 - [MESSAGE][PASSED] - Object: 'Object Repository/Final Object Repo/Page_Update Add New Employee - ASSIST/Socso Employment StartDate Month' is clicked on

2018-12-11 18:15:10 - [TEST_STEP][PASSED] - delay: Delayed 1 second(s)

2018-12-11 18:15:11 - [MESSAGE][PASSED] - Delayed 1 second(s)

2018-12-11 18:15:11 - [TEST_STEP][PASSED] - click: Object: 'Object Repository/Final Object Repo/Page_Update Add New Employee - ASSIST/Select Socso Employement Startdate Month' is clicked on

2018-12-11 18:15:11 - [MESSAGE][PASSED] - Object: 'Object Repository/Final Object Repo/Page_Update Add New Employee - ASSIST/Select Socso Employement Startdate Month' is clicked on

2018-12-11 18:15:11 - [TEST_STEP][PASSED] - delay: Delayed 2 second(s)

2018-12-11 18:15:13 - [MESSAGE][PASSED] - Delayed 2 second(s)

2018-12-11 18:15:13 - [TEST_STEP][PASSED] - click: Object: 'Object Repository/Final Object Repo/Page_Update Add New Employee - ASSIST/Socso Employment StartDate Year' is clicked on

2018-12-11 18:15:13 - [MESSAGE][PASSED] - Object: 'Object Repository/Final Object Repo/Page_Update Add New Employee - ASSIST/Socso Employment StartDate Year' is clicked on

2018-12-11 18:15:13 - [TEST_STEP][PASSED] - delay: Delayed 1 second(s)

2018-12-11 18:15:14 - [MESSAGE][PASSED] - Delayed 1 second(s)

2018-12-11 18:15:14 - [TEST_STEP][PASSED] - click: Object: 'Object Repository/Final Object Repo/Page_Update Add New Employee - ASSIST/Select Socso Employment Startdate Year' is clicked on

2018-12-11 18:15:14 - [MESSAGE][PASSED] - Object: 'Object Repository/Final Object Repo/Page_Update Add New Employee - ASSIST/Select Socso Employment Startdate Year' is clicked on

2018-12-11 18:15:14 - [TEST_STEP][PASSED] - delay: Delayed 2 second(s)

2018-12-11 18:15:16 - [MESSAGE][PASSED] - Delayed 2 second(s)

2018-12-11 18:15:16 - [TEST_STEP][PASSED] - click: Object: 'Object Repository/Final Object Repo/Page_Update Add New Employee - ASSIST/Socso Employment Start Date Day' is clicked on

2018-12-11 18:15:17 - [MESSAGE][PASSED] - Object: 'Object Repository/Final Object Repo/Page_Update Add New Employee - ASSIST/Socso Employment Start Date Day' is clicked on

2018-12-11 18:15:17 - [TEST_STEP][PASSED] - delay: Delayed 2 second(s)

2018-12-11 18:15:19 - [MESSAGE][PASSED] - Delayed 2 second(s)

2018-12-11 18:15:19 - [TEST_STEP][PASSED] - click: Object: 'Object Repository/Final Object Repo/Page_Update Add New Employee - ASSIST/Save Button for Add Employee' is clicked on

2018-12-11 18:15:19 - [MESSAGE][PASSED] - Object: 'Object Repository/Final Object Repo/Page_Update Add New Employee - ASSIST/Save Button for Add Employee' is clicked on

2018-12-11 18:15:19 - [TEST_STEP][PASSED] - delay: Delayed 10 second(s)

2018-12-11 18:15:29 - [MESSAGE][PASSED] - Delayed 10 second(s)

2018-12-11 18:15:29 - [TEST_STEP][PASSED] - click: Object: 'Object Repository/Final Object Repo/Page_Update Add New Employee - ASSIST/Add Employee Button' is clicked on

2018-12-11 18:15:29 - [MESSAGE][PASSED] - Object: 'Object Repository/Final Object Repo/Page_Update Add New Employee - ASSIST/Add Employee Button' is clicked on

2018-12-11 18:15:29 - [TEST_STEP][PASSED] - delay: Delayed 6 second(s)

2018-12-11 18:15:35 - [MESSAGE][PASSED] - Delayed 6 second(s)

2018-12-11 18:15:35 - [TEST_STEP][PASSED] - setText: Text '620904059600' is set on object 'Object Repository/Final Object Repo/Page_Update Add New Employee - ASSIST/NRIC Input'

2018-12-11 18:15:35 - [MESSAGE][PASSED] - Text '620904059600' is set on object 'Object Repository/Final Object Repo/Page_Update Add New Employee - ASSIST/NRIC Input'

2018-12-11 18:15:35 - [TEST_STEP][PASSED] - click: Object: 'Object Repository/Final Object Repo/Page_Update Add New Employee - ASSIST/button for search for IC' is clicked on

2018-12-11 18:15:35 - [MESSAGE][PASSED] - Object: 'Object Repository/Final Object Repo/Page_Update Add New Employee - ASSIST/button for search for IC' is clicked on

2018-12-11 18:15:35 - [TEST_STEP][PASSED] - delay: Delayed 2 second(s)

2018-12-11 18:15:37 - [MESSAGE][PASSED] - Delayed 2 second(s)

2018-12-11 18:15:37 - [TEST_STEP][PASSED] - setText: Text 'Automate002 eligible 2' is set on object 'Object Repository/Final Object Repo/Page_Update Add New Employee - ASSIST/Employee Name Input'

2018-12-11 18:15:38 - [MESSAGE][PASSED] - Text 'Automate002 eligible 2' is set on object 'Object Repository/Final Object Repo/Page_Update Add New Employee - ASSIST/Employee Name Input'

2018-12-11 18:15:38 - [TEST_STEP][PASSED] - delay: Delayed 2 second(s)

2018-12-11 18:15:40 - [MESSAGE][PASSED] - Delayed 2 second(s)

2018-12-11 18:15:40 - [TEST_STEP][PASSED] - click: Object: 'Object Repository/Final Object Repo/Page_Update Add New Employee - ASSIST/DatePicker Pop Up' is clicked on

2018-12-11 18:15:40 - [MESSAGE][PASSED] - Object: 'Object Repository/Final Object Repo/Page_Update Add New Employee - ASSIST/DatePicker Pop Up' is clicked on

2018-12-11 18:15:40 - [TEST_STEP][PASSED] - delay: Delayed 2 second(s)

2018-12-11 18:15:42 - [MESSAGE][PASSED] - Delayed 2 second(s)

2018-12-11 18:15:42 - [TEST_STEP][PASSED] - click: Object: 'Object Repository/Final Object Repo/Page_Update Add New Employee - ASSIST/DOB Month' is clicked on

2018-12-11 18:15:42 - [MESSAGE][PASSED] - Object: 'Object Repository/Final Object Repo/Page_Update Add New Employee - ASSIST/DOB Month' is clicked on

2018-12-11 18:15:42 - [TEST_STEP][PASSED] - Statement - selectMonth = com.kms.katalon.core.webui.keyword.WebUiBuiltInKeywords.modifyObjectProperty(selectMonth, "xpath", "equals", "//body/div/div/div/select/option[@value="" + CurrentMonth + ""]", true): Modify property of object successfully

2018-12-11 18:15:42 - [MESSAGE][PASSED] - Modify property of object successfully

2018-12-11 18:15:42 - [TEST_STEP][PASSED] - click: Object: '' is clicked on

2018-12-11 18:15:42 - [MESSAGE][PASSED] - Object: '' is clicked on

2018-12-11 18:15:42 - [TEST_STEP][PASSED] - click: Object: 'Object Repository/Final Object Repo/Page_Update Add New Employee - ASSIST/DOB Year' is clicked on

2018-12-11 18:15:43 - [MESSAGE][PASSED] - Object: 'Object Repository/Final Object Repo/Page_Update Add New Employee - ASSIST/DOB Year' is clicked on

2018-12-11 18:15:43 - [TEST_STEP][PASSED] - Statement - selectYear = com.kms.katalon.core.webui.keyword.WebUiBuiltInKeywords.modifyObjectProperty(selectYear, "xpath", "equals", "//div/div/div/select/option[@value="" + FiftysevenYrsBefore + ""]", true): Modify property of object successfully

2018-12-11 18:15:43 - [MESSAGE][PASSED] - Modify property of object successfully

2018-12-11 18:15:43 - [TEST_STEP][PASSED] - click: Object: '' is clicked on

2018-12-11 18:15:43 - [MESSAGE][PASSED] - Object: '' is clicked on

2018-12-11 18:15:43 - [TEST_STEP][PASSED] - Statement - UpdatedSelectDate = com.kms.katalon.core.webui.keyword.WebUiBuiltInKeywords.modifyObjectProperty(com.kms.katalon.core.testobject.ObjectRepository.findTestObject(Final Object Repo/Page_Update Add New Employee - ASSIST/DOB Date), "xpath", "equals", "//body/div/table/tbody/tr/td/a[text()="" + OneDayBefore + ""]", true): Modify property of object successfully

2018-12-11 18:15:43 - [MESSAGE][PASSED] - Modify property of object successfully

2018-12-11 18:15:43 - [TEST_STEP][PASSED] - click: Object: 'Object Repository/Final Object Repo/Page_Update Add New Employee - ASSIST/DOB Date' is clicked on

2018-12-11 18:15:43 - [MESSAGE][PASSED] - Object: 'Object Repository/Final Object Repo/Page_Update Add New Employee - ASSIST/DOB Date' is clicked on

2018-12-11 18:15:43 - [TEST_STEP][PASSED] - delay: Delayed 2 second(s)

2018-12-11 18:15:45 - [MESSAGE][PASSED] - Delayed 2 second(s)

2018-12-11 18:15:45 - [TEST_STEP][PASSED] - click: Object: 'Object Repository/Final Object Repo/Page_Update Add New Employee - ASSIST/EmploymentStartDate Pop Up' is clicked on

2018-12-11 18:15:45 - [MESSAGE][PASSED] - Object: 'Object Repository/Final Object Repo/Page_Update Add New Employee - ASSIST/EmploymentStartDate Pop Up' is clicked on

2018-12-11 18:15:45 - [TEST_STEP][PASSED] - delay: Delayed 2 second(s)

2018-12-11 18:15:47 - [MESSAGE][PASSED] - Delayed 2 second(s)

2018-12-11 18:15:47 - [TEST_STEP][PASSED] - click: Object: 'Object Repository/Final Object Repo/Page_Update Add New Employee - ASSIST/Socso Employment StartDate Month' is clicked on

2018-12-11 18:15:47 - [MESSAGE][PASSED] - Object: 'Object Repository/Final Object Repo/Page_Update Add New Employee - ASSIST/Socso Employment StartDate Month' is clicked on

2018-12-11 18:15:47 - [TEST_STEP][PASSED] - delay: Delayed 1 second(s)

2018-12-11 18:15:48 - [MESSAGE][PASSED] - Delayed 1 second(s)

2018-12-11 18:15:48 - [TEST_STEP][PASSED] - click: Object: 'Object Repository/Final Object Repo/Page_Update Add New Employee - ASSIST/Select Socso Employement Startdate Month' is clicked on

2018-12-11 18:15:48 - [MESSAGE][PASSED] - Object: 'Object Repository/Final Object Repo/Page_Update Add New Employee - ASSIST/Select Socso Employement Startdate Month' is clicked on

2018-12-11 18:15:48 - [TEST_STEP][PASSED] - delay: Delayed 2 second(s)

2018-12-11 18:15:50 - [MESSAGE][PASSED] - Delayed 2 second(s)

2018-12-11 18:15:50 - [TEST_STEP][PASSED] - click: Object: 'Object Repository/Final Object Repo/Page_Update Add New Employee - ASSIST/Socso Employment StartDate Year' is clicked on

2018-12-11 18:15:51 - [MESSAGE][PASSED] - Object: 'Object Repository/Final Object Repo/Page_Update Add New Employee - ASSIST/Socso Employment StartDate Year' is clicked on

2018-12-11 18:15:51 - [TEST_STEP][PASSED] - delay: Delayed 1 second(s)

2018-12-11 18:15:52 - [MESSAGE][PASSED] - Delayed 1 second(s)

2018-12-11 18:15:52 - [TEST_STEP][PASSED] - click: Object: 'Object Repository/Final Object Repo/Page_Update Add New Employee - ASSIST/Select Socso Employment Startdate Year' is clicked on

2018-12-11 18:15:52 - [MESSAGE][PASSED] - Object: 'Object Repository/Final Object Repo/Page_Update Add New Employee - ASSIST/Select Socso Employment Startdate Year' is clicked on

2018-12-11 18:15:52 - [TEST_STEP][PASSED] - delay: Delayed 2 second(s)

2018-12-11 18:15:54 - [MESSAGE][PASSED] - Delayed 2 second(s)

2018-12-11 18:15:54 - [TEST_STEP][PASSED] - click: Object: 'Object Repository/Final Object Repo/Page_Update Add New Employee - ASSIST/Socso Employment Start Date Day' is clicked on

2018-12-11 18:15:54 - [MESSAGE][PASSED] - Object: 'Object Repository/Final Object Repo/Page_Update Add New Employee - ASSIST/Socso Employment Start Date Day' is clicked on

2018-12-11 18:15:54 - [TEST_STEP][PASSED] - delay: Delayed 2 second(s)

2018-12-11 18:15:56 - [MESSAGE][PASSED] - Delayed 2 second(s)

2018-12-11 18:15:56 - [TEST_STEP][PASSED] - click: Object: 'Object Repository/Final Object Repo/Page_Update Add New Employee - ASSIST/Save Button for Add Employee' is clicked on

2018-12-11 18:15:56 - [MESSAGE][PASSED] - Object: 'Object Repository/Final Object Repo/Page_Update Add New Employee - ASSIST/Save Button for Add Employee' is clicked on

2018-12-11 18:15:56 - [TEST_STEP][PASSED] - delay: Delayed 5 second(s)

2018-12-11 18:16:01 - [MESSAGE][PASSED] - Delayed 5 second(s)

2018-12-11 18:16:01 - [TEST_STEP][PASSED] - waitForElementClickable: Object 'Object Repository/Final Object Repo/Page_Update Add New Employee - ASSIST/Add Employee Button' is clickable

2018-12-11 18:16:01 - [MESSAGE][PASSED] - Object 'Object Repository/Final Object Repo/Page_Update Add New Employee - ASSIST/Add Employee Button' is clickable

2018-12-11 18:16:01 - [TEST_STEP][PASSED] - click: Object: 'Object Repository/Final Object Repo/Page_Update Add New Employee - ASSIST/Add Employee Button' is clicked on

2018-12-11 18:16:01 - [MESSAGE][PASSED] - Object: 'Object Repository/Final Object Repo/Page_Update Add New Employee - ASSIST/Add Employee Button' is clicked on

2018-12-11 18:16:01 - [TEST_STEP][PASSED] - delay: Delayed 4 second(s)

2018-12-11 18:16:05 - [MESSAGE][PASSED] - Delayed 4 second(s)

2018-12-11 18:16:05 - [TEST_STEP][PASSED] - setText: Text '000209039100' is set on object 'Object Repository/Final Object Repo/Page_Update Add New Employee - ASSIST/NRIC Input'

2018-12-11 18:16:06 - [MESSAGE][PASSED] - Text '000209039100' is set on object 'Object Repository/Final Object Repo/Page_Update Add New Employee - ASSIST/NRIC Input'

2018-12-11 18:16:06 - [TEST_STEP][PASSED] - click: Object: 'Object Repository/Final Object Repo/Page_Update Add New Employee - ASSIST/button for search for IC' is clicked on

2018-12-11 18:16:06 - [MESSAGE][PASSED] - Object: 'Object Repository/Final Object Repo/Page_Update Add New Employee - ASSIST/button for search for IC' is clicked on

2018-12-11 18:16:06 - [TEST_STEP][PASSED] - delay: Delayed 2 second(s)

2018-12-11 18:16:08 - [MESSAGE][PASSED] - Delayed 2 second(s)

2018-12-11 18:16:08 - [TEST_STEP][PASSED] - setText: Text 'Automate002 not eligible 1' is set on object 'Object Repository/Final Object Repo/Page_Update Add New Employee - ASSIST/Employee Name Input'

2018-12-11 18:16:08 - [MESSAGE][PASSED] - Text 'Automate002 not eligible 1' is set on object 'Object Repository/Final Object Repo/Page_Update Add New Employee - ASSIST/Employee Name Input'

2018-12-11 18:16:08 - [TEST_STEP][PASSED] - delay: Delayed 2 second(s)

2018-12-11 18:16:10 - [MESSAGE][PASSED] - Delayed 2 second(s)

2018-12-11 18:16:10 - [TEST_STEP][PASSED] - click: Object: 'Object Repository/Final Object Repo/Page_Update Add New Employee - ASSIST/DatePicker Pop Up' is clicked on

2018-12-11 18:16:11 - [MESSAGE][PASSED] - Object: 'Object Repository/Final Object Repo/Page_Update Add New Employee - ASSIST/DatePicker Pop Up' is clicked on

2018-12-11 18:16:11 - [TEST_STEP][PASSED] - delay: Delayed 2 second(s)

2018-12-11 18:16:13 - [MESSAGE][PASSED] - Delayed 2 second(s)

2018-12-11 18:16:13 - [TEST_STEP][PASSED] - click: Object: 'Object Repository/Final Object Repo/Page_Update Add New Employee - ASSIST/DOB Month' is clicked on

2018-12-11 18:16:13 - [MESSAGE][PASSED] - Object: 'Object Repository/Final Object Repo/Page_Update Add New Employee - ASSIST/DOB Month' is clicked on

2018-12-11 18:16:13 - [TEST_STEP][PASSED] - Statement - selectMonth = com.kms.katalon.core.webui.keyword.WebUiBuiltInKeywords.modifyObjectProperty(selectMonth, "xpath", "equals", "//body/div/div/div/select/option[@value="" + CurrentMonth + ""]", true): Modify property of object successfully

2018-12-11 18:16:13 - [MESSAGE][PASSED] - Modify property of object successfully

2018-12-11 18:16:13 - [TEST_STEP][PASSED] - click: Object: '' is clicked on

2018-12-11 18:16:13 - [MESSAGE][PASSED] - Object: '' is clicked on

2018-12-11 18:16:13 - [TEST_STEP][PASSED] - click: Object: 'Object Repository/Final Object Repo/Page_Update Add New Employee - ASSIST/DOB Year' is clicked on

2018-12-11 18:16:13 - [MESSAGE][PASSED] - Object: 'Object Repository/Final Object Repo/Page_Update Add New Employee - ASSIST/DOB Year' is clicked on

2018-12-11 18:16:13 - [TEST_STEP][PASSED] - Statement - selectYear = com.kms.katalon.core.webui.keyword.WebUiBuiltInKeywords.modifyObjectProperty(selectYear, "xpath", "equals", "//div/div/div/select/option[@value="" + EighteenYrsBefore + ""]", true): Modify property of object successfully

2018-12-11 18:16:13 - [MESSAGE][PASSED] - Modify property of object successfully

2018-12-11 18:16:13 - [TEST_STEP][PASSED] - click: Object: '' is clicked on

2018-12-11 18:16:13 - [MESSAGE][PASSED] - Object: '' is clicked on

2018-12-11 18:16:13 - [TEST_STEP][PASSED] - Statement - UpdatedSelectDate = com.kms.katalon.core.webui.keyword.WebUiBuiltInKeywords.modifyObjectProperty(com.kms.katalon.core.testobject.ObjectRepository.findTestObject(Final Object Repo/Page_Update Add New Employee - ASSIST/DOB Date), "xpath", "equals", "//body/div/table/tbody/tr/td/a[text()="" + OneDayBefore + ""]", true): Modify property of object successfully

2018-12-11 18:16:13 - [MESSAGE][PASSED] - Modify property of object successfully

2018-12-11 18:16:13 - [TEST_STEP][PASSED] - click: Object: 'Object Repository/Final Object Repo/Page_Update Add New Employee - ASSIST/DOB Date' is clicked on

2018-12-11 18:16:13 - [MESSAGE][PASSED] - Object: 'Object Repository/Final Object Repo/Page_Update Add New Employee - ASSIST/DOB Date' is clicked on

2018-12-11 18:16:13 - [TEST_STEP][PASSED] - delay: Delayed 2 second(s)

2018-12-11 18:16:15 - [MESSAGE][PASSED] - Delayed 2 second(s)

2018-12-11 18:16:15 - [TEST_STEP][PASSED] - click: Object: 'Object Repository/Final Object Repo/Page_Update Add New Employee - ASSIST/EmploymentStartDate Pop Up' is clicked on

2018-12-11 18:16:16 - [MESSAGE][PASSED] - Object: 'Object Repository/Final Object Repo/Page_Update Add New Employee - ASSIST/EmploymentStartDate Pop Up' is clicked on

2018-12-11 18:16:16 - [TEST_STEP][PASSED] - delay: Delayed 2 second(s)

2018-12-11 18:16:18 - [MESSAGE][PASSED] - Delayed 2 second(s)

2018-12-11 18:16:18 - [TEST_STEP][PASSED] - click: Object: 'Object Repository/Final Object Repo/Page_Update Add New Employee - ASSIST/Socso Employment StartDate Month' is clicked on

2018-12-11 18:16:18 - [MESSAGE][PASSED] - Object: 'Object Repository/Final Object Repo/Page_Update Add New Employee - ASSIST/Socso Employment StartDate Month' is clicked on

2018-12-11 18:16:18 - [TEST_STEP][PASSED] - delay: Delayed 1 second(s)

2018-12-11 18:16:19 - [MESSAGE][PASSED] - Delayed 1 second(s)

2018-12-11 18:16:19 - [TEST_STEP][PASSED] - click: Object: 'Object Repository/Final Object Repo/Page_Update Add New Employee - ASSIST/Select Socso Employement Startdate Month' is clicked on

2018-12-11 18:16:19 - [MESSAGE][PASSED] - Object: 'Object Repository/Final Object Repo/Page_Update Add New Employee - ASSIST/Select Socso Employement Startdate Month' is clicked on

2018-12-11 18:16:19 - [TEST_STEP][PASSED] - delay: Delayed 2 second(s)

2018-12-11 18:16:21 - [MESSAGE][PASSED] - Delayed 2 second(s)

2018-12-11 18:16:21 - [TEST_STEP][PASSED] - click: Object: 'Object Repository/Final Object Repo/Page_Update Add New Employee - ASSIST/Socso Employment StartDate Year' is clicked on

2018-12-11 18:16:21 - [MESSAGE][PASSED] - Object: 'Object Repository/Final Object Repo/Page_Update Add New Employee - ASSIST/Socso Employment StartDate Year' is clicked on

2018-12-11 18:16:21 - [TEST_STEP][PASSED] - delay: Delayed 1 second(s)

2018-12-11 18:16:22 - [MESSAGE][PASSED] - Delayed 1 second(s)

2018-12-11 18:16:22 - [TEST_STEP][PASSED] - click: Object: 'Object Repository/Final Object Repo/Page_Update Add New Employee - ASSIST/Select Socso Employment Startdate Year' is clicked on

2018-12-11 18:16:22 - [MESSAGE][PASSED] - Object: 'Object Repository/Final Object Repo/Page_Update Add New Employee - ASSIST/Select Socso Employment Startdate Year' is clicked on

2018-12-11 18:16:22 - [TEST_STEP][PASSED] - delay: Delayed 2 second(s)

2018-12-11 18:16:24 - [MESSAGE][PASSED] - Delayed 2 second(s)

2018-12-11 18:16:24 - [TEST_STEP][PASSED] - click: Object: 'Object Repository/Final Object Repo/Page_Update Add New Employee - ASSIST/Socso Employment Start Date Day' is clicked on

2018-12-11 18:16:24 - [MESSAGE][PASSED] - Object: 'Object Repository/Final Object Repo/Page_Update Add New Employee - ASSIST/Socso Employment Start Date Day' is clicked on

2018-12-11 18:16:24 - [TEST_STEP][PASSED] - delay: Delayed 2 second(s)

2018-12-11 18:16:26 - [MESSAGE][PASSED] - Delayed 2 second(s)

2018-12-11 18:16:26 - [TEST_STEP][PASSED] - click: Object: 'Object Repository/Final Object Repo/Page_Update Add New Employee - ASSIST/Save Button for Add Employee' is clicked on

2018-12-11 18:16:27 - [MESSAGE][PASSED] - Object: 'Object Repository/Final Object Repo/Page_Update Add New Employee - ASSIST/Save Button for Add Employee' is clicked on

2018-12-11 18:16:27 - [TEST_STEP][PASSED] - delay: Delayed 20 second(s)

2018-12-11 18:16:47 - [MESSAGE][PASSED] - Delayed 20 second(s)

2018-12-11 18:16:47 - [TEST_STEP][PASSED] - click: Object: 'Object Repository/Final Object Repo/Page_Update Add New Employee - ASSIST/Add Employee Button' is clicked on

2018-12-11 18:16:47 - [MESSAGE][PASSED] - Object: 'Object Repository/Final Object Repo/Page_Update Add New Employee - ASSIST/Add Employee Button' is clicked on

2018-12-11 18:16:47 - [TEST_STEP][PASSED] - delay: Delayed 4 second(s)

2018-12-11 18:16:51 - [MESSAGE][PASSED] - Delayed 4 second(s)

2018-12-11 18:16:51 - [TEST_STEP][PASSED] - setText: Text '600203039104' is set on object 'Object Repository/Final Object Repo/Page_Update Add New Employee - ASSIST/NRIC Input'

2018-12-11 18:16:51 - [MESSAGE][PASSED] - Text '600203039104' is set on object 'Object Repository/Final Object Repo/Page_Update Add New Employee - ASSIST/NRIC Input'

2018-12-11 18:16:51 - [TEST_STEP][PASSED] - click: Object: 'Object Repository/Final Object Repo/Page_Update Add New Employee - ASSIST/button for search for IC' is clicked on

2018-12-11 18:16:51 - [MESSAGE][PASSED] - Object: 'Object Repository/Final Object Repo/Page_Update Add New Employee - ASSIST/button for search for IC' is clicked on

2018-12-11 18:16:51 - [TEST_STEP][PASSED] - delay: Delayed 2 second(s)

2018-12-11 18:16:53 - [MESSAGE][PASSED] - Delayed 2 second(s)

2018-12-11 18:16:53 - [TEST_STEP][PASSED] - setText: Text 'Automate002 not eligible 2' is set on object 'Object Repository/Final Object Repo/Page_Update Add New Employee - ASSIST/Employee Name Input'

2018-12-11 18:16:54 - [MESSAGE][PASSED] - Text 'Automate002 not eligible 2' is set on object 'Object Repository/Final Object Repo/Page_Update Add New Employee - ASSIST/Employee Name Input'

2018-12-11 18:16:54 - [TEST_STEP][PASSED] - delay: Delayed 2 second(s)

2018-12-11 18:16:56 - [MESSAGE][PASSED] - Delayed 2 second(s)

2018-12-11 18:16:56 - [TEST_STEP][PASSED] - click: Object: 'Object Repository/Final Object Repo/Page_Update Add New Employee - ASSIST/DatePicker Pop Up' is clicked on

2018-12-11 18:16:56 - [MESSAGE][PASSED] - Object: 'Object Repository/Final Object Repo/Page_Update Add New Employee - ASSIST/DatePicker Pop Up' is clicked on

2018-12-11 18:16:56 - [TEST_STEP][PASSED] - delay: Delayed 2 second(s)

2018-12-11 18:16:58 - [MESSAGE][PASSED] - Delayed 2 second(s)

2018-12-11 18:16:58 - [TEST_STEP][PASSED] - click: Object: 'Object Repository/Final Object Repo/Page_Update Add New Employee - ASSIST/DOB Month' is clicked on

2018-12-11 18:16:58 - [MESSAGE][PASSED] - Object: 'Object Repository/Final Object Repo/Page_Update Add New Employee - ASSIST/DOB Month' is clicked on

2018-12-11 18:16:58 - [TEST_STEP][PASSED] - Statement - selectMonth = com.kms.katalon.core.webui.keyword.WebUiBuiltInKeywords.modifyObjectProperty(selectMonth, "xpath", "equals", "//body/div/div/div/select/option[@value="" + CurrentMonth + ""]", true): Modify property of object successfully

2018-12-11 18:16:58 - [MESSAGE][PASSED] - Modify property of object successfully

2018-12-11 18:16:58 - [TEST_STEP][PASSED] - click: Object: '' is clicked on

2018-12-11 18:16:58 - [MESSAGE][PASSED] - Object: '' is clicked on

2018-12-11 18:16:58 - [TEST_STEP][PASSED] - click: Object: 'Object Repository/Final Object Repo/Page_Update Add New Employee - ASSIST/DOB Year' is clicked on

2018-12-11 18:16:59 - [MESSAGE][PASSED] - Object: 'Object Repository/Final Object Repo/Page_Update Add New Employee - ASSIST/DOB Year' is clicked on

2018-12-11 18:16:59 - [TEST_STEP][PASSED] - Statement - selectYear = com.kms.katalon.core.webui.keyword.WebUiBuiltInKeywords.modifyObjectProperty(selectYear, "xpath", "equals", "//div/div/div/select/option[@value="" + FiftysevenYrsBefore + ""]", true): Modify property of object successfully

2018-12-11 18:16:59 - [MESSAGE][PASSED] - Modify property of object successfully

2018-12-11 18:16:59 - [TEST_STEP][PASSED] - click: Object: '' is clicked on

2018-12-11 18:16:59 - [MESSAGE][PASSED] - Object: '' is clicked on

2018-12-11 18:16:59 - [TEST_STEP][PASSED] - Statement - UpdatedSelectDate = com.kms.katalon.core.webui.keyword.WebUiBuiltInKeywords.modifyObjectProperty(com.kms.katalon.core.testobject.ObjectRepository.findTestObject(Final Object Repo/Page_Update Add New Employee - ASSIST/DOB Date), "xpath", "equals", "//body/div/table/tbody/tr/td/a[text()="" + CurrentDate + ""]", true): Modify property of object successfully

2018-12-11 18:16:59 - [MESSAGE][PASSED] - Modify property of object successfully

2018-12-11 18:16:59 - [TEST_STEP][PASSED] - click: Object: 'Object Repository/Final Object Repo/Page_Update Add New Employee - ASSIST/DOB Date' is clicked on

2018-12-11 18:16:59 - [MESSAGE][PASSED] - Object: 'Object Repository/Final Object Repo/Page_Update Add New Employee - ASSIST/DOB Date' is clicked on

2018-12-11 18:16:59 - [TEST_STEP][PASSED] - click: Object: 'Object Repository/Final Object Repo/Page_Update Add New Employee - ASSIST/EmploymentStartDate Pop Up' is clicked on

2018-12-11 18:16:59 - [MESSAGE][PASSED] - Object: 'Object Repository/Final Object Repo/Page_Update Add New Employee - ASSIST/EmploymentStartDate Pop Up' is clicked on

2018-12-11 18:16:59 - [TEST_STEP][PASSED] - delay: Delayed 2 second(s)

2018-12-11 18:17:01 - [MESSAGE][PASSED] - Delayed 2 second(s)

2018-12-11 18:17:01 - [TEST_STEP][PASSED] - click: Object: 'Object Repository/Final Object Repo/Page_Update Add New Employee - ASSIST/Socso Employment StartDate Month' is clicked on

2018-12-11 18:17:01 - [MESSAGE][PASSED] - Object: 'Object Repository/Final Object Repo/Page_Update Add New Employee - ASSIST/Socso Employment StartDate Month' is clicked on

2018-12-11 18:17:01 - [TEST_STEP][PASSED] - delay: Delayed 1 second(s)

2018-12-11 18:17:02 - [MESSAGE][PASSED] - Delayed 1 second(s)

2018-12-11 18:17:02 - [TEST_STEP][PASSED] - click: Object: 'Object Repository/Final Object Repo/Page_Update Add New Employee - ASSIST/Select Socso Employement Startdate Month' is clicked on

2018-12-11 18:17:02 - [MESSAGE][PASSED] - Object: 'Object Repository/Final Object Repo/Page_Update Add New Employee - ASSIST/Select Socso Employement Startdate Month' is clicked on

2018-12-11 18:17:02 - [TEST_STEP][PASSED] - delay: Delayed 2 second(s)

2018-12-11 18:17:04 - [MESSAGE][PASSED] - Delayed 2 second(s)

2018-12-11 18:17:04 - [TEST_STEP][PASSED] - click: Object: 'Object Repository/Final Object Repo/Page_Update Add New Employee - ASSIST/Socso Employment StartDate Year' is clicked on

2018-12-11 18:17:05 - [MESSAGE][PASSED] - Object: 'Object Repository/Final Object Repo/Page_Update Add New Employee - ASSIST/Socso Employment StartDate Year' is clicked on

2018-12-11 18:17:05 - [TEST_STEP][PASSED] - delay: Delayed 1 second(s)

2018-12-11 18:17:06 - [MESSAGE][PASSED] - Delayed 1 second(s)

2018-12-11 18:17:06 - [TEST_STEP][PASSED] - click: Object: 'Object Repository/Final Object Repo/Page_Update Add New Employee - ASSIST/Select Socso Employment Startdate Year' is clicked on

2018-12-11 18:17:06 - [MESSAGE][PASSED] - Object: 'Object Repository/Final Object Repo/Page_Update Add New Employee - ASSIST/Select Socso Employment Startdate Year' is clicked on

2018-12-11 18:17:06 - [TEST_STEP][PASSED] - delay: Delayed 2 second(s)

2018-12-11 18:17:08 - [MESSAGE][PASSED] - Delayed 2 second(s)

2018-12-11 18:17:08 - [TEST_STEP][PASSED] - click: Object: 'Object Repository/Final Object Repo/Page_Update Add New Employee - ASSIST/Socso Employment Start Date Day' is clicked on

2018-12-11 18:17:08 - [MESSAGE][PASSED] - Object: 'Object Repository/Final Object Repo/Page_Update Add New Employee - ASSIST/Socso Employment Start Date Day' is clicked on

2018-12-11 18:17:08 - [TEST_STEP][PASSED] - delay: Delayed 2 second(s)

2018-12-11 18:17:10 - [MESSAGE][PASSED] - Delayed 2 second(s)

2018-12-11 18:17:10 - [TEST_STEP][PASSED] - click: Object: 'Object Repository/Final Object Repo/Page_Update Add New Employee - ASSIST/Save Button for Add Employee' is clicked on

2018-12-11 18:17:10 - [MESSAGE][PASSED] - Object: 'Object Repository/Final Object Repo/Page_Update Add New Employee - ASSIST/Save Button for Add Employee' is clicked on

2018-12-11 18:17:10 - [MESSAGE][PASSED] - Call Test Case 'Test Cases/Final Aug 2018 - PKS Automation/Registration Module/Workflow/Update Add New Employee/Template/Employee Adding/Employee Adding Action Repeat IC - set 2' successfully

2018-12-11 18:17:10 - [MESSAGE][PASSED] - Call Test Case 'Test Cases/Final Aug 2018 - PKS Automation/Registration Module/Workflow/Update Add New Employee/Template/Employee Adding/Employee Set Decider' successfully

2018-12-11 18:17:10 - [TEST_STEP][PASSED] - delay: Delayed 4 second(s)

2018-12-11 18:17:14 - [MESSAGE][PASSED] - Delayed 4 second(s)

2018-12-11 18:17:14 - [TEST_STEP][PASSED] - Statement - CaseReferenceNo = com.kms.katalon.core.webui.keyword.WebUiBuiltInKeywords.getText(com.kms.katalon.core.testobject.ObjectRepository.findTestObject(Final Object Repo/Page_Update Add New Employee - ASSIST/RefNo)): Text of object 'Object Repository/Final Object Repo/Page_Update Add New Employee - ASSIST/RefNo' is: 'CAN12201800002310'

2018-12-11 18:17:14 - [MESSAGE][PASSED] - Text of object 'Object Repository/Final Object Repo/Page_Update Add New Employee - ASSIST/RefNo' is: 'CAN12201800002310'

2018-12-11 18:17:14 - [TEST_STEP][PASSED] - callTestCase: Call Test Case 'Test Cases/Final Aug 2018 - PKS Automation/Common/Reference Number Setter' successfully

2018-12-11 18:17:14 - [TEST_CASE][PASSED] - Test Cases/Final Aug 2018 - PKS Automation/Common/Reference Number Setter: Test Cases/Final Aug 2018 - PKS Automation/Common/Reference Number Setter

2018-12-11 18:17:14 - [TEST_STEP][PASSED] - Statement - RefNoOldFile = new java.io.File(C://Users//Admin//Desktop//PKS//Automation Reference Point//KatalonReference.txt): null

2018-12-11 18:17:14 - [TEST_STEP][PASSED] - Statement - RefNoOldFile.delete(): null

2018-12-11 18:17:14 - [TEST_STEP][PASSED] - delay: Delayed 5 second(s)

2018-12-11 18:17:19 - [MESSAGE][PASSED] - Delayed 5 second(s)

2018-12-11 18:17:19 - [TEST_STEP][PASSED] - Statement - RefNo = new java.io.File(C://Users//Admin//Desktop//PKS//Automation Reference Point//KatalonReference.txt): null

2018-12-11 18:17:19 - [TEST_STEP][PASSED] - Statement - f2 = new java.io.FileWriter(RefNo, false): null

2018-12-11 18:17:19 - [TEST_STEP][PASSED] - Statement - f2.write(CaseReferenceNo): null

2018-12-11 18:17:19 - [TEST_STEP][PASSED] - Statement - f2.close(): null

2018-12-11 18:17:19 - [TEST_STEP][PASSED] - Statement - out.println("


" + CaseReferenceNo + "


"): null

2018-12-11 18:17:19 - [MESSAGE][PASSED] - Call Test Case 'Test Cases/Final Aug 2018 - PKS Automation/Common/Reference Number Setter' successfully

2018-12-11 18:17:19 - [TEST_STEP][PASSED] - delay: Delayed 5 second(s)

2018-12-11 18:17:24 - [MESSAGE][PASSED] - Delayed 5 second(s)

2018-12-11 18:17:24 - [TEST_STEP][PASSED] - click: Object: 'Object Repository/Final Object Repo/Page_Update Add New Employee - ASSIST/Save  Continue Button' is clicked on

2018-12-11 18:17:25 - [MESSAGE][PASSED] - Object: 'Object Repository/Final Object Repo/Page_Update Add New Employee - ASSIST/Save  Continue Button' is clicked on

2018-12-11 18:17:25 - [TEST_STEP][PASSED] - delay: Delayed 5 second(s)

2018-12-11 18:17:30 - [MESSAGE][PASSED] - Delayed 5 second(s)

2018-12-11 18:17:30 - [TEST_STEP][PASSED] - click: Object: 'Object Repository/Final Object Repo/Page_Update Add New Employee - ASSIST/Save  Continue Third Screen' is clicked on

2018-12-11 18:17:32 - [MESSAGE][PASSED] - Object: 'Object Repository/Final Object Repo/Page_Update Add New Employee - ASSIST/Save  Continue Third Screen' is clicked on

2018-12-11 18:17:32 - [TEST_STEP][PASSED] - delay: Delayed 4 second(s)

2018-12-11 18:17:36 - [MESSAGE][PASSED] - Delayed 4 second(s)

2018-12-11 18:17:36 - [TEST_STEP][PASSED] - click: Object: 'Object Repository/Final Object Repo/Page_Update Add New Employee - ASSIST/Save   Continue Supporting Doc Page' is clicked on

2018-12-11 18:17:37 - [MESSAGE][PASSED] - Object: 'Object Repository/Final Object Repo/Page_Update Add New Employee - ASSIST/Save   Continue Supporting Doc Page' is clicked on

2018-12-11 18:17:37 - [TEST_STEP][PASSED] - delay: Delayed 4 second(s)

2018-12-11 18:17:41 - [MESSAGE][PASSED] - Delayed 4 second(s)

2018-12-11 18:17:41 - [TEST_STEP][PASSED] - click: Object: 'Object Repository/Final Object Repo/Page_Update Add New Employee - ASSIST/Submit Button' is clicked on

2018-12-11 18:17:41 - [MESSAGE][PASSED] - Object: 'Object Repository/Final Object Repo/Page_Update Add New Employee - ASSIST/Submit Button' is clicked on

2018-12-11 18:17:41 - [TEST_STEP][PASSED] - delay: Delayed 4 second(s)

2018-12-11 18:17:45 - [MESSAGE][PASSED] - Delayed 4 second(s)

2018-12-11 18:17:45 - [TEST_STEP][PASSED] - click: Object: 'Object Repository/Final Object Repo/Page_Update Add New Employee - ASSIST/Confirm Submit Button' is clicked on

2018-12-11 18:17:45 - [MESSAGE][PASSED] - Object: 'Object Repository/Final Object Repo/Page_Update Add New Employee - ASSIST/Confirm Submit Button' is clicked on

2018-12-11 18:17:45 - [TEST_STEP][PASSED] - delay: Delayed 30 second(s)

2018-12-11 18:18:15 - [MESSAGE][PASSED] - Delayed 30 second(s)

2018-12-11 18:18:15 - [TEST_STEP][PASSED] - callTestCase: Call Test Case 'Test Cases/Final Aug 2018 - PKS Automation/Common/Screenshoting tool' successfully

2018-12-11 18:18:15 - [TEST_CASE][PASSED] - Test Cases/Final Aug 2018 - PKS Automation/Common/Screenshoting tool: Test Cases/Final Aug 2018 - PKS Automation/Common/Screenshoting tool

2018-12-11 18:18:15 - [TEST_STEP][PASSED] - delay: Delayed 15 second(s)

2018-12-11 18:18:30 - [MESSAGE][PASSED] - Delayed 15 second(s)

2018-12-11 18:18:30 - [TEST_STEP][PASSED] - Statement - driver = com.kms.katalon.core.webui.driver.DriverFactory.getWebDriver(): null

2018-12-11 18:18:30 - [TEST_STEP][PASSED] - Statement - driver.manage().timeouts().implicitlyWait(10, SECONDS): null

2018-12-11 18:18:30 - [TEST_STEP][PASSED] - Statement - PresavePath = KatalonScreenshots: null

2018-12-11 18:18:30 - [TEST_STEP][PASSED] - Statement - pathPrefix = "C:\Users\Public\Pictures\Sample Pictures\Katalon Screenshots\Automate Ending Screen": null

2018-12-11 18:18:30 - [TEST_STEP][PASSED] - Statement - finalPath = <not implemented yet for class: org.codehaus.groovy.ast.expr.EmptyExpression>: null

2018-12-11 18:18:30 - [TEST_STEP][PASSED] - Statement - scrFile = driver.getScreenshotAs(FILE): null

2018-12-11 18:18:30 - [TEST_STEP][PASSED] - Statement - PreSaveFile = new java.io.File(PresavePath): null

2018-12-11 18:18:30 - [TEST_STEP][PASSED] - Statement - counter = 0: null

2018-12-11 18:18:30 - [TEST_STEP][PASSED] - Statement - If (PreSaveFile.exists()): null

2018-12-11 18:18:30 - [TEST_STEP][PASSED] - Statement - While (PreSaveFile.exists()): null

2018-12-11 18:18:30 - [TEST_STEP][PASSED] - Statement - counter = counter + 1: null

2018-12-11 18:18:30 - [TEST_STEP][PASSED] - Statement - PreSaveFile = new java.io.File(((pathPrefix + java.lang.Integer.toString(counter)) + .png)): null

2018-12-11 18:18:30 - [TEST_STEP][PASSED] - Statement - counter = counter + 1: null

2018-12-11 18:18:30 - [TEST_STEP][PASSED] - Statement - PreSaveFile = new java.io.File(((pathPrefix + java.lang.Integer.toString(counter)) + .png)): null

2018-12-11 18:18:30 - [TEST_STEP][PASSED] - Statement - counter = counter + 1: null

2018-12-11 18:18:30 - [TEST_STEP][PASSED] - Statement - PreSaveFile = new java.io.File(((pathPrefix + java.lang.Integer.toString(counter)) + .png)): null

2018-12-11 18:18:30 - [TEST_STEP][PASSED] - Statement - counter = counter + 1: null

2018-12-11 18:18:30 - [TEST_STEP][PASSED] - Statement - PreSaveFile = new java.io.File(((pathPrefix + java.lang.Integer.toString(counter)) + .png)): null

2018-12-11 18:18:30 - [TEST_STEP][PASSED] - Statement - counter = counter + 1: null

2018-12-11 18:18:30 - [TEST_STEP][PASSED] - Statement - PreSaveFile = new java.io.File(((pathPrefix + java.lang.Integer.toString(counter)) + .png)): null

2018-12-11 18:18:30 - [TEST_STEP][PASSED] - Statement - counter = counter + 1: null

2018-12-11 18:18:30 - [TEST_STEP][PASSED] - Statement - PreSaveFile = new java.io.File(((pathPrefix + java.lang.Integer.toString(counter)) + .png)): null

2018-12-11 18:18:30 - [TEST_STEP][PASSED] - Statement - counter = counter + 1: null

2018-12-11 18:18:30 - [TEST_STEP][PASSED] - Statement - PreSaveFile = new java.io.File(((pathPrefix + java.lang.Integer.toString(counter)) + .png)): null

2018-12-11 18:18:30 - [TEST_STEP][PASSED] - Statement - counter = counter + 1: null

2018-12-11 18:18:30 - [TEST_STEP][PASSED] - Statement - PreSaveFile = new java.io.File(((pathPrefix + java.lang.Integer.toString(counter)) + .png)): null

2018-12-11 18:18:30 - [TEST_STEP][PASSED] - Statement - counter = counter + 1: null

2018-12-11 18:18:30 - [TEST_STEP][PASSED] - Statement - PreSaveFile = new java.io.File(((pathPrefix + java.lang.Integer.toString(counter)) + .png)): null

2018-12-11 18:18:30 - [TEST_STEP][PASSED] - Statement - counter = counter + 1: null

2018-12-11 18:18:30 - [TEST_STEP][PASSED] - Statement - PreSaveFile = new java.io.File(((pathPrefix + java.lang.Integer.toString(counter)) + .png)): null

2018-12-11 18:18:30 - [TEST_STEP][PASSED] - Statement - counter = counter + 1: null

2018-12-11 18:18:30 - [TEST_STEP][PASSED] - Statement - PreSaveFile = new java.io.File(((pathPrefix + java.lang.Integer.toString(counter)) + .png)): null

2018-12-11 18:18:30 - [TEST_STEP][PASSED] - Statement - counter = counter + 1: null

2018-12-11 18:18:30 - [TEST_STEP][PASSED] - Statement - PreSaveFile = new java.io.File(((pathPrefix + java.lang.Integer.toString(counter)) + .png)): null

2018-12-11 18:18:30 - [TEST_STEP][PASSED] - Statement - counter = counter + 1: null

2018-12-11 18:18:30 - [TEST_STEP][PASSED] - Statement - PreSaveFile = new java.io.File(((pathPrefix + java.lang.Integer.toString(counter)) + .png)): null

2018-12-11 18:18:30 - [TEST_STEP][PASSED] - Statement - counter = counter + 1: null

2018-12-11 18:18:30 - [TEST_STEP][PASSED] - Statement - PreSaveFile = new java.io.File(((pathPrefix + java.lang.Integer.toString(counter)) + .png)): null

2018-12-11 18:18:30 - [TEST_STEP][PASSED] - Statement - counter = counter + 1: null

2018-12-11 18:18:30 - [TEST_STEP][PASSED] - Statement - PreSaveFile = new java.io.File(((pathPrefix + java.lang.Integer.toString(counter)) + .png)): null

2018-12-11 18:18:30 - [TEST_STEP][PASSED] - Statement - counter = counter + 1: null

2018-12-11 18:18:30 - [TEST_STEP][PASSED] - Statement - PreSaveFile = new java.io.File(((pathPrefix + java.lang.Integer.toString(counter)) + .png)): null

2018-12-11 18:18:30 - [TEST_STEP][PASSED] - Statement - counter = counter + 1: null

2018-12-11 18:18:30 - [TEST_STEP][PASSED] - Statement - PreSaveFile = new java.io.File(((pathPrefix + java.lang.Integer.toString(counter)) + .png)): null

2018-12-11 18:18:30 - [TEST_STEP][PASSED] - Statement - counter = counter + 1: null

2018-12-11 18:18:30 - [TEST_STEP][PASSED] - Statement - PreSaveFile = new java.io.File(((pathPrefix + java.lang.Integer.toString(counter)) + .png)): null

2018-12-11 18:18:30 - [TEST_STEP][PASSED] - Statement - counter = counter + 1: null

2018-12-11 18:18:30 - [TEST_STEP][PASSED] - Statement - PreSaveFile = new java.io.File(((pathPrefix + java.lang.Integer.toString(counter)) + .png)): null

2018-12-11 18:18:30 - [TEST_STEP][PASSED] - Statement - counter = counter + 1: null

2018-12-11 18:18:30 - [TEST_STEP][PASSED] - Statement - PreSaveFile = new java.io.File(((pathPrefix + java.lang.Integer.toString(counter)) + .png)): null

2018-12-11 18:18:30 - [TEST_STEP][PASSED] - Statement - counter = counter + 1: null

2018-12-11 18:18:30 - [TEST_STEP][PASSED] - Statement - PreSaveFile = new java.io.File(((pathPrefix + java.lang.Integer.toString(counter)) + .png)): null

2018-12-11 18:18:30 - [TEST_STEP][PASSED] - Statement - counter = counter + 1: null

2018-12-11 18:18:30 - [TEST_STEP][PASSED] - Statement - PreSaveFile = new java.io.File(((pathPrefix + java.lang.Integer.toString(counter)) + .png)): null

2018-12-11 18:18:30 - [TEST_STEP][PASSED] - Statement - counter = counter + 1: null

2018-12-11 18:18:30 - [TEST_STEP][PASSED] - Statement - PreSaveFile = new java.io.File(((pathPrefix + java.lang.Integer.toString(counter)) + .png)): null

2018-12-11 18:18:30 - [TEST_STEP][PASSED] - Statement - counter = counter + 1: null

2018-12-11 18:18:30 - [TEST_STEP][PASSED] - Statement - PreSaveFile = new java.io.File(((pathPrefix + java.lang.Integer.toString(counter)) + .png)): null

2018-12-11 18:18:30 - [TEST_STEP][PASSED] - Statement - counter = counter + 1: null

2018-12-11 18:18:30 - [TEST_STEP][PASSED] - Statement - PreSaveFile = new java.io.File(((pathPrefix + java.lang.Integer.toString(counter)) + .png)): null

2018-12-11 18:18:30 - [TEST_STEP][PASSED] - Statement - counter = counter + 1: null

2018-12-11 18:18:30 - [TEST_STEP][PASSED] - Statement - PreSaveFile = new java.io.File(((pathPrefix + java.lang.Integer.toString(counter)) + .png)): null

2018-12-11 18:18:30 - [TEST_STEP][PASSED] - Statement - counter = counter + 1: null

2018-12-11 18:18:30 - [TEST_STEP][PASSED] - Statement - PreSaveFile = new java.io.File(((pathPrefix + java.lang.Integer.toString(counter)) + .png)): null

2018-12-11 18:18:30 - [TEST_STEP][PASSED] - Statement - counter = counter + 1: null

2018-12-11 18:18:30 - [TEST_STEP][PASSED] - Statement - PreSaveFile = new java.io.File(((pathPrefix + java.lang.Integer.toString(counter)) + .png)): null

2018-12-11 18:18:30 - [TEST_STEP][PASSED] - Statement - counter = counter + 1: null

2018-12-11 18:18:30 - [TEST_STEP][PASSED] - Statement - PreSaveFile = new java.io.File(((pathPrefix + java.lang.Integer.toString(counter)) + .png)): null

2018-12-11 18:18:30 - [TEST_STEP][PASSED] - Statement - counter = counter + 1: null

2018-12-11 18:18:30 - [TEST_STEP][PASSED] - Statement - PreSaveFile = new java.io.File(((pathPrefix + java.lang.Integer.toString(counter)) + .png)): null

2018-12-11 18:18:30 - [TEST_STEP][PASSED] - Statement - counter = counter + 1: null

2018-12-11 18:18:30 - [TEST_STEP][PASSED] - Statement - PreSaveFile = new java.io.File(((pathPrefix + java.lang.Integer.toString(counter)) + .png)): null

2018-12-11 18:18:30 - [TEST_STEP][PASSED] - Statement - counter = counter + 1: null

2018-12-11 18:18:30 - [TEST_STEP][PASSED] - Statement - PreSaveFile = new java.io.File(((pathPrefix + java.lang.Integer.toString(counter)) + .png)): null

2018-12-11 18:18:30 - [TEST_STEP][PASSED] - Statement - counter = counter + 1: null

2018-12-11 18:18:30 - [TEST_STEP][PASSED] - Statement - PreSaveFile = new java.io.File(((pathPrefix + java.lang.Integer.toString(counter)) + .png)): null

2018-12-11 18:18:30 - [TEST_STEP][PASSED] - Statement - counter = counter + 1: null

2018-12-11 18:18:30 - [TEST_STEP][PASSED] - Statement - PreSaveFile = new java.io.File(((pathPrefix + java.lang.Integer.toString(counter)) + .png)): null

2018-12-11 18:18:30 - [TEST_STEP][PASSED] - Statement - counter = counter + 1: null

2018-12-11 18:18:30 - [TEST_STEP][PASSED] - Statement - PreSaveFile = new java.io.File(((pathPrefix + java.lang.Integer.toString(counter)) + .png)): null

2018-12-11 18:18:30 - [TEST_STEP][PASSED] - Statement - counter = counter + 1: null

2018-12-11 18:18:30 - [TEST_STEP][PASSED] - Statement - PreSaveFile = new java.io.File(((pathPrefix + java.lang.Integer.toString(counter)) + .png)): null

2018-12-11 18:18:30 - [TEST_STEP][PASSED] - Statement - counter = counter + 1: null

2018-12-11 18:18:30 - [TEST_STEP][PASSED] - Statement - PreSaveFile = new java.io.File(((pathPrefix + java.lang.Integer.toString(counter)) + .png)): null

2018-12-11 18:18:30 - [TEST_STEP][PASSED] - Statement - counter = counter + 1: null

2018-12-11 18:18:30 - [TEST_STEP][PASSED] - Statement - PreSaveFile = new java.io.File(((pathPrefix + java.lang.Integer.toString(counter)) + .png)): null

2018-12-11 18:18:30 - [TEST_STEP][PASSED] - Statement - counter = counter + 1: null

2018-12-11 18:18:30 - [TEST_STEP][PASSED] - Statement - PreSaveFile = new java.io.File(((pathPrefix + java.lang.Integer.toString(counter)) + .png)): null

2018-12-11 18:18:30 - [TEST_STEP][PASSED] - Statement - counter = counter + 1: null

2018-12-11 18:18:30 - [TEST_STEP][PASSED] - Statement - PreSaveFile = new java.io.File(((pathPrefix + java.lang.Integer.toString(counter)) + .png)): null

2018-12-11 18:18:30 - [TEST_STEP][PASSED] - Statement - counter = counter + 1: null

2018-12-11 18:18:30 - [TEST_STEP][PASSED] - Statement - PreSaveFile = new java.io.File(((pathPrefix + java.lang.Integer.toString(counter)) + .png)): null

2018-12-11 18:18:30 - [TEST_STEP][PASSED] - Statement - counter = counter + 1: null

2018-12-11 18:18:30 - [TEST_STEP][PASSED] - Statement - PreSaveFile = new java.io.File(((pathPrefix + java.lang.Integer.toString(counter)) + .png)): null

2018-12-11 18:18:30 - [TEST_STEP][PASSED] - Statement - counter = counter + 1: null

2018-12-11 18:18:30 - [TEST_STEP][PASSED] - Statement - PreSaveFile = new java.io.File(((pathPrefix + java.lang.Integer.toString(counter)) + .png)): null

2018-12-11 18:18:30 - [TEST_STEP][PASSED] - Statement - counter = counter + 1: null

2018-12-11 18:18:31 - [TEST_STEP][PASSED] - Statement - PreSaveFile = new java.io.File(((pathPrefix + java.lang.Integer.toString(counter)) + .png)): null

2018-12-11 18:18:31 - [TEST_STEP][PASSED] - Statement - counter = counter + 1: null

2018-12-11 18:18:31 - [TEST_STEP][PASSED] - Statement - PreSaveFile = new java.io.File(((pathPrefix + java.lang.Integer.toString(counter)) + .png)): null

2018-12-11 18:18:31 - [TEST_STEP][PASSED] - Statement - counter = counter + 1: null

2018-12-11 18:18:31 - [TEST_STEP][PASSED] - Statement - PreSaveFile = new java.io.File(((pathPrefix + java.lang.Integer.toString(counter)) + .png)): null

2018-12-11 18:18:31 - [TEST_STEP][PASSED] - Statement - counter = counter + 1: null

2018-12-11 18:18:31 - [TEST_STEP][PASSED] - Statement - PreSaveFile = new java.io.File(((pathPrefix + java.lang.Integer.toString(counter)) + .png)): null

2018-12-11 18:18:31 - [TEST_STEP][PASSED] - Statement - counter = counter + 1: null

2018-12-11 18:18:31 - [TEST_STEP][PASSED] - Statement - PreSaveFile = new java.io.File(((pathPrefix + java.lang.Integer.toString(counter)) + .png)): null

2018-12-11 18:18:31 - [TEST_STEP][PASSED] - Statement - counter = counter + 1: null

2018-12-11 18:18:31 - [TEST_STEP][PASSED] - Statement - PreSaveFile = new java.io.File(((pathPrefix + java.lang.Integer.toString(counter)) + .png)): null

2018-12-11 18:18:31 - [TEST_STEP][PASSED] - Statement - counter = counter + 1: null

2018-12-11 18:18:31 - [TEST_STEP][PASSED] - Statement - PreSaveFile = new java.io.File(((pathPrefix + java.lang.Integer.toString(counter)) + .png)): null

2018-12-11 18:18:31 - [TEST_STEP][PASSED] - Statement - counter = counter + 1: null

2018-12-11 18:18:31 - [TEST_STEP][PASSED] - Statement - PreSaveFile = new java.io.File(((pathPrefix + java.lang.Integer.toString(counter)) + .png)): null

2018-12-11 18:18:31 - [TEST_STEP][PASSED] - Statement - counter = counter + 1: null

2018-12-11 18:18:31 - [TEST_STEP][PASSED] - Statement - PreSaveFile = new java.io.File(((pathPrefix + java.lang.Integer.toString(counter)) + .png)): null

2018-12-11 18:18:31 - [TEST_STEP][PASSED] - Statement - counter = counter + 1: null

2018-12-11 18:18:31 - [TEST_STEP][PASSED] - Statement - PreSaveFile = new java.io.File(((pathPrefix + java.lang.Integer.toString(counter)) + .png)): null

2018-12-11 18:18:31 - [TEST_STEP][PASSED] - Statement - counter = counter + 1: null

2018-12-11 18:18:31 - [TEST_STEP][PASSED] - Statement - PreSaveFile = new java.io.File(((pathPrefix + java.lang.Integer.toString(counter)) + .png)): null

2018-12-11 18:18:31 - [TEST_STEP][PASSED] - Statement - counter = counter + 1: null

2018-12-11 18:18:31 - [TEST_STEP][PASSED] - Statement - PreSaveFile = new java.io.File(((pathPrefix + java.lang.Integer.toString(counter)) + .png)): null

2018-12-11 18:18:31 - [TEST_STEP][PASSED] - Statement - counter = counter + 1: null

2018-12-11 18:18:31 - [TEST_STEP][PASSED] - Statement - PreSaveFile = new java.io.File(((pathPrefix + java.lang.Integer.toString(counter)) + .png)): null

2018-12-11 18:18:31 - [TEST_STEP][PASSED] - Statement - counter = counter + 1: null

2018-12-11 18:18:31 - [TEST_STEP][PASSED] - Statement - PreSaveFile = new java.io.File(((pathPrefix + java.lang.Integer.toString(counter)) + .png)): null

2018-12-11 18:18:31 - [TEST_STEP][PASSED] - Statement - counter = counter + 1: null

2018-12-11 18:18:31 - [TEST_STEP][PASSED] - Statement - PreSaveFile = new java.io.File(((pathPrefix + java.lang.Integer.toString(counter)) + .png)): null

2018-12-11 18:18:31 - [TEST_STEP][PASSED] - Statement - counter = counter + 1: null

2018-12-11 18:18:31 - [TEST_STEP][PASSED] - Statement - PreSaveFile = new java.io.File(((pathPrefix + java.lang.Integer.toString(counter)) + .png)): null

2018-12-11 18:18:31 - [TEST_STEP][PASSED] - Statement - counter = counter + 1: null

2018-12-11 18:18:31 - [TEST_STEP][PASSED] - Statement - PreSaveFile = new java.io.File(((pathPrefix + java.lang.Integer.toString(counter)) + .png)): null

2018-12-11 18:18:31 - [TEST_STEP][PASSED] - Statement - counter = counter + 1: null

2018-12-11 18:18:31 - [TEST_STEP][PASSED] - Statement - PreSaveFile = new java.io.File(((pathPrefix + java.lang.Integer.toString(counter)) + .png)): null

2018-12-11 18:18:31 - [TEST_STEP][PASSED] - Statement - counter = counter + 1: null

2018-12-11 18:18:31 - [TEST_STEP][PASSED] - Statement - PreSaveFile = new java.io.File(((pathPrefix + java.lang.Integer.toString(counter)) + .png)): null

2018-12-11 18:18:31 - [TEST_STEP][PASSED] - Statement - counter = counter + 1: null

2018-12-11 18:18:31 - [TEST_STEP][PASSED] - Statement - PreSaveFile = new java.io.File(((pathPrefix + java.lang.Integer.toString(counter)) + .png)): null

2018-12-11 18:18:31 - [TEST_STEP][PASSED] - Statement - counter = counter + 1: null

2018-12-11 18:18:31 - [TEST_STEP][PASSED] - Statement - PreSaveFile = new java.io.File(((pathPrefix + java.lang.Integer.toString(counter)) + .png)): null

2018-12-11 18:18:31 - [TEST_STEP][PASSED] - Statement - counter = counter + 1: null

2018-12-11 18:18:31 - [TEST_STEP][PASSED] - Statement - PreSaveFile = new java.io.File(((pathPrefix + java.lang.Integer.toString(counter)) + .png)): null

2018-12-11 18:18:31 - [TEST_STEP][PASSED] - Statement - counter = counter + 1: null

2018-12-11 18:18:31 - [TEST_STEP][PASSED] - Statement - PreSaveFile = new java.io.File(((pathPrefix + java.lang.Integer.toString(counter)) + .png)): null

2018-12-11 18:18:31 - [TEST_STEP][PASSED] - Statement - counter = counter + 1: null

2018-12-11 18:18:31 - [TEST_STEP][PASSED] - Statement - PreSaveFile = new java.io.File(((pathPrefix + java.lang.Integer.toString(counter)) + .png)): null

2018-12-11 18:18:31 - [TEST_STEP][PASSED] - Statement - counter = counter + 1: null

2018-12-11 18:18:31 - [TEST_STEP][PASSED] - Statement - PreSaveFile = new java.io.File(((pathPrefix + java.lang.Integer.toString(counter)) + .png)): null

2018-12-11 18:18:31 - [TEST_STEP][PASSED] - Statement - counter = counter + 1: null

2018-12-11 18:18:31 - [TEST_STEP][PASSED] - Statement - PreSaveFile = new java.io.File(((pathPrefix + java.lang.Integer.toString(counter)) + .png)): null

2018-12-11 18:18:31 - [TEST_STEP][PASSED] - Statement - counter = counter + 1: null

2018-12-11 18:18:31 - [TEST_STEP][PASSED] - Statement - PreSaveFile = new java.io.File(((pathPrefix + java.lang.Integer.toString(counter)) + .png)): null

2018-12-11 18:18:31 - [TEST_STEP][PASSED] - Statement - counter = counter + 1: null

2018-12-11 18:18:31 - [TEST_STEP][PASSED] - Statement - PreSaveFile = new java.io.File(((pathPrefix + java.lang.Integer.toString(counter)) + .png)): null

2018-12-11 18:18:31 - [TEST_STEP][PASSED] - Statement - counter = counter + 1: null

2018-12-11 18:18:31 - [TEST_STEP][PASSED] - Statement - PreSaveFile = new java.io.File(((pathPrefix + java.lang.Integer.toString(counter)) + .png)): null

2018-12-11 18:18:31 - [TEST_STEP][PASSED] - Statement - counter = counter + 1: null

2018-12-11 18:18:31 - [TEST_STEP][PASSED] - Statement - PreSaveFile = new java.io.File(((pathPrefix + java.lang.Integer.toString(counter)) + .png)): null

2018-12-11 18:18:31 - [TEST_STEP][PASSED] - Statement - counter = counter + 1: null

2018-12-11 18:18:31 - [TEST_STEP][PASSED] - Statement - PreSaveFile = new java.io.File(((pathPrefix + java.lang.Integer.toString(counter)) + .png)): null

2018-12-11 18:18:31 - [TEST_STEP][PASSED] - Statement - counter = counter + 1: null

2018-12-11 18:18:31 - [TEST_STEP][PASSED] - Statement - PreSaveFile = new java.io.File(((pathPrefix + java.lang.Integer.toString(counter)) + .png)): null

2018-12-11 18:18:31 - [TEST_STEP][PASSED] - Statement - counter = counter + 1: null

2018-12-11 18:18:31 - [TEST_STEP][PASSED] - Statement - PreSaveFile = new java.io.File(((pathPrefix + java.lang.Integer.toString(counter)) + .png)): null

2018-12-11 18:18:31 - [TEST_STEP][PASSED] - Statement - counter = counter + 1: null

2018-12-11 18:18:31 - [TEST_STEP][PASSED] - Statement - PreSaveFile = new java.io.File(((pathPrefix + java.lang.Integer.toString(counter)) + .png)): null

2018-12-11 18:18:31 - [TEST_STEP][PASSED] - Statement - counter = counter + 1: null

2018-12-11 18:18:31 - [TEST_STEP][PASSED] - Statement - PreSaveFile = new java.io.File(((pathPrefix + java.lang.Integer.toString(counter)) + .png)): null

2018-12-11 18:18:31 - [TEST_STEP][PASSED] - Statement - counter = counter + 1: null

2018-12-11 18:18:31 - [TEST_STEP][PASSED] - Statement - PreSaveFile = new java.io.File(((pathPrefix + java.lang.Integer.toString(counter)) + .png)): null

2018-12-11 18:18:31 - [TEST_STEP][PASSED] - Statement - counter = counter + 1: null

2018-12-11 18:18:31 - [TEST_STEP][PASSED] - Statement - PreSaveFile = new java.io.File(((pathPrefix + java.lang.Integer.toString(counter)) + .png)): null

2018-12-11 18:18:31 - [TEST_STEP][PASSED] - Statement - counter = counter + 1: null

2018-12-11 18:18:31 - [TEST_STEP][PASSED] - Statement - PreSaveFile = new java.io.File(((pathPrefix + java.lang.Integer.toString(counter)) + .png)): null

2018-12-11 18:18:31 - [TEST_STEP][PASSED] - Statement - counter = counter + 1: null

2018-12-11 18:18:31 - [TEST_STEP][PASSED] - Statement - PreSaveFile = new java.io.File(((pathPrefix + java.lang.Integer.toString(counter)) + .png)): null

2018-12-11 18:18:31 - [TEST_STEP][PASSED] - Statement - counter = counter + 1: null

2018-12-11 18:18:31 - [TEST_STEP][PASSED] - Statement - PreSaveFile = new java.io.File(((pathPrefix + java.lang.Integer.toString(counter)) + .png)): null

2018-12-11 18:18:31 - [TEST_STEP][PASSED] - Statement - counter = counter + 1: null

2018-12-11 18:18:31 - [TEST_STEP][PASSED] - Statement - PreSaveFile = new java.io.File(((pathPrefix + java.lang.Integer.toString(counter)) + .png)): null

2018-12-11 18:18:31 - [TEST_STEP][PASSED] - Statement - counter = counter + 1: null

2018-12-11 18:18:31 - [TEST_STEP][PASSED] - Statement - PreSaveFile = new java.io.File(((pathPrefix + java.lang.Integer.toString(counter)) + .png)): null

2018-12-11 18:18:31 - [TEST_STEP][PASSED] - Statement - counter = counter + 1: null

2018-12-11 18:18:31 - [TEST_STEP][PASSED] - Statement - PreSaveFile = new java.io.File(((pathPrefix + java.lang.Integer.toString(counter)) + .png)): null

2018-12-11 18:18:31 - [TEST_STEP][PASSED] - Statement - counter = counter + 1: null

2018-12-11 18:18:31 - [TEST_STEP][PASSED] - Statement - PreSaveFile = new java.io.File(((pathPrefix + java.lang.Integer.toString(counter)) + .png)): null

2018-12-11 18:18:31 - [TEST_STEP][PASSED] - Statement - counter = counter + 1: null

2018-12-11 18:18:31 - [TEST_STEP][PASSED] - Statement - PreSaveFile = new java.io.File(((pathPrefix + java.lang.Integer.toString(counter)) + .png)): null

2018-12-11 18:18:31 - [TEST_STEP][PASSED] - Statement - counter = counter + 1: null

2018-12-11 18:18:31 - [TEST_STEP][PASSED] - Statement - PreSaveFile = new java.io.File(((pathPrefix + java.lang.Integer.toString(counter)) + .png)): null

2018-12-11 18:18:31 - [TEST_STEP][PASSED] - Statement - counter = counter + 1: null

2018-12-11 18:18:31 - [TEST_STEP][PASSED] - Statement - PreSaveFile = new java.io.File(((pathPrefix + java.lang.Integer.toString(counter)) + .png)): null

2018-12-11 18:18:31 - [TEST_STEP][PASSED] - Statement - counter = counter + 1: null

2018-12-11 18:18:31 - [TEST_STEP][PASSED] - Statement - PreSaveFile = new java.io.File(((pathPrefix + java.lang.Integer.toString(counter)) + .png)): null

2018-12-11 18:18:31 - [TEST_STEP][PASSED] - Statement - counter = counter + 1: null

2018-12-11 18:18:31 - [TEST_STEP][PASSED] - Statement - PreSaveFile = new java.io.File(((pathPrefix + java.lang.Integer.toString(counter)) + .png)): null

2018-12-11 18:18:31 - [TEST_STEP][PASSED] - Statement - counter = counter + 1: null

2018-12-11 18:18:31 - [TEST_STEP][PASSED] - Statement - PreSaveFile = new java.io.File(((pathPrefix + java.lang.Integer.toString(counter)) + .png)): null

2018-12-11 18:18:31 - [TEST_STEP][PASSED] - Statement - counter = counter + 1: null

2018-12-11 18:18:31 - [TEST_STEP][PASSED] - Statement - PreSaveFile = new java.io.File(((pathPrefix + java.lang.Integer.toString(counter)) + .png)): null

2018-12-11 18:18:31 - [TEST_STEP][PASSED] - Statement - counter = counter + 1: null

2018-12-11 18:18:31 - [TEST_STEP][PASSED] - Statement - PreSaveFile = new java.io.File(((pathPrefix + java.lang.Integer.toString(counter)) + .png)): null

2018-12-11 18:18:31 - [TEST_STEP][PASSED] - Statement - counter = counter + 1: null

2018-12-11 18:18:31 - [TEST_STEP][PASSED] - Statement - PreSaveFile = new java.io.File(((pathPrefix + java.lang.Integer.toString(counter)) + .png)): null

2018-12-11 18:18:31 - [TEST_STEP][PASSED] - Statement - counter = counter + 1: null

2018-12-11 18:18:31 - [TEST_STEP][PASSED] - Statement - PreSaveFile = new java.io.File(((pathPrefix + java.lang.Integer.toString(counter)) + .png)): null

2018-12-11 18:18:31 - [TEST_STEP][PASSED] - Statement - counter = counter + 1: null

2018-12-11 18:18:31 - [TEST_STEP][PASSED] - Statement - PreSaveFile = new java.io.File(((pathPrefix + java.lang.Integer.toString(counter)) + .png)): null

2018-12-11 18:18:31 - [TEST_STEP][PASSED] - Statement - counter = counter + 1: null

2018-12-11 18:18:31 - [TEST_STEP][PASSED] - Statement - PreSaveFile = new java.io.File(((pathPrefix + java.lang.Integer.toString(counter)) + .png)): null

2018-12-11 18:18:31 - [TEST_STEP][PASSED] - Statement - counter = counter + 1: null

2018-12-11 18:18:31 - [TEST_STEP][PASSED] - Statement - PreSaveFile = new java.io.File(((pathPrefix + java.lang.Integer.toString(counter)) + .png)): null

2018-12-11 18:18:31 - [TEST_STEP][PASSED] - Statement - counter = counter + 1: null

2018-12-11 18:18:31 - [TEST_STEP][PASSED] - Statement - PreSaveFile = new java.io.File(((pathPrefix + java.lang.Integer.toString(counter)) + .png)): null

2018-12-11 18:18:31 - [TEST_STEP][PASSED] - Statement - counter = counter + 1: null

2018-12-11 18:18:31 - [TEST_STEP][PASSED] - Statement - PreSaveFile = new java.io.File(((pathPrefix + java.lang.Integer.toString(counter)) + .png)): null

2018-12-11 18:18:31 - [TEST_STEP][PASSED] - Statement - counter = counter + 1: null

2018-12-11 18:18:31 - [TEST_STEP][PASSED] - Statement - PreSaveFile = new java.io.File(((pathPrefix + java.lang.Integer.toString(counter)) + .png)): null

2018-12-11 18:18:31 - [TEST_STEP][PASSED] - Statement - counter = counter + 1: null

2018-12-11 18:18:31 - [TEST_STEP][PASSED] - Statement - PreSaveFile = new java.io.File(((pathPrefix + java.lang.Integer.toString(counter)) + .png)): null

2018-12-11 18:18:31 - [TEST_STEP][PASSED] - Statement - counter = counter + 1: null

2018-12-11 18:18:31 - [TEST_STEP][PASSED] - Statement - PreSaveFile = new java.io.File(((pathPrefix + java.lang.Integer.toString(counter)) + .png)): null

2018-12-11 18:18:31 - [TEST_STEP][PASSED] - Statement - counter = counter + 1: null

2018-12-11 18:18:31 - [TEST_STEP][PASSED] - Statement - PreSaveFile = new java.io.File(((pathPrefix + java.lang.Integer.toString(counter)) + .png)): null

2018-12-11 18:18:31 - [TEST_STEP][PASSED] - Statement - counter = counter + 1: null

2018-12-11 18:18:31 - [TEST_STEP][PASSED] - Statement - PreSaveFile = new java.io.File(((pathPrefix + java.lang.Integer.toString(counter)) + .png)): null

2018-12-11 18:18:31 - [TEST_STEP][PASSED] - Statement - counter = counter + 1: null

2018-12-11 18:18:31 - [TEST_STEP][PASSED] - Statement - PreSaveFile = new java.io.File(((pathPrefix + java.lang.Integer.toString(counter)) + .png)): null

2018-12-11 18:18:31 - [TEST_STEP][PASSED] - Statement - counter = counter + 1: null

2018-12-11 18:18:31 - [TEST_STEP][PASSED] - Statement - PreSaveFile = new java.io.File(((pathPrefix + java.lang.Integer.toString(counter)) + .png)): null

2018-12-11 18:18:31 - [TEST_STEP][PASSED] - Statement - counter = counter + 1: null

2018-12-11 18:18:31 - [TEST_STEP][PASSED] - Statement - PreSaveFile = new java.io.File(((pathPrefix + java.lang.Integer.toString(counter)) + .png)): null

2018-12-11 18:18:31 - [TEST_STEP][PASSED] - Statement - finalPath = pathPrefix + java.lang.Integer.toString(counter) + ".png": null

2018-12-11 18:18:31 - [TEST_STEP][PASSED] - Statement - SaveFile = new java.io.File(finalPath): null

2018-12-11 18:18:31 - [TEST_STEP][PASSED] - Statement - Try: null

2018-12-11 18:18:31 - [TEST_STEP][PASSED] - Statement - org.apache.commons.io.FileUtils.copyFile(scrFile, SaveFile): null

2018-12-11 18:18:31 - [TEST_STEP][PASSED] - Statement - out.println("file kept"): null

2018-12-11 18:18:31 - [TEST_STEP][PASSED] - delay: Delayed 10 second(s)

2018-12-11 18:18:41 - [MESSAGE][PASSED] - Delayed 10 second(s)

2018-12-11 18:18:41 - [MESSAGE][PASSED] - Call Test Case 'Test Cases/Final Aug 2018 - PKS Automation/Common/Screenshoting tool' successfully

2018-12-11 18:18:41 - [TEST_STEP][PASSED] - callTestCase: Call Test Case 'Test Cases/Final Aug 2018 - PKS Automation/Registration Module/Log Out/log out avoiding katalon tagging' successfully

2018-12-11 18:18:41 - [TEST_CASE][PASSED] - Test Cases/Final Aug 2018 - PKS Automation/Registration Module/Log Out/log out avoiding katalon tagging: Test Cases/Final Aug 2018 - PKS Automation/Registration Module/Log Out/log out avoiding katalon tagging

2018-12-11 18:18:41 - [TEST_STEP][PASSED] - navigateToUrl: Navigate to 'https://assist2-uat.perkeso.gov.my/c/portal/logout' successfully

2018-12-11 18:18:42 - [MESSAGE][PASSED] - Navigate to 'https://assist2-uat.perkeso.gov.my/c/portal/logout' successfully

2018-12-11 18:18:42 - [MESSAGE][PASSED] - Call Test Case 'Test Cases/Final Aug 2018 - PKS Automation/Registration Module/Log Out/log out avoiding katalon tagging' successfully

2018-12-11 18:18:42 - [TEST_STEP][PASSED] - callTestCase: Call Test Case 'Test Cases/Final Aug 2018 - PKS Automation/Common/Workflow Owner Finder' successfully

2018-12-11 18:18:42 - [TEST_CASE][PASSED] - Test Cases/Final Aug 2018 - PKS Automation/Common/Workflow Owner Finder: Test Cases/Final Aug 2018 - PKS Automation/Common/Workflow Owner Finder

2018-12-11 18:18:42 - [TEST_STEP][PASSED] - openBrowser: Browser is opened with url: ''

2018-12-11 18:18:42 - [MESSAGE][WARNING] - A browser is already opened. Closing browser and opening a new one

2018-12-11 18:18:46 - [MESSAGE][PASSED] - Browser is opened with url: ''

2018-12-11 18:18:46 - [TEST_STEP][PASSED] - navigateToUrl: Navigate to 'https://assist2-uat.perkeso.gov.my/login' successfully

2018-12-11 18:18:47 - [MESSAGE][PASSED] - Navigate to 'https://assist2-uat.perkeso.gov.my/login' successfully

2018-12-11 18:18:47 - [TEST_STEP][PASSED] - delay: Delayed 5 second(s)

2018-12-11 18:18:52 - [MESSAGE][PASSED] - Delayed 5 second(s)

2018-12-11 18:18:52 - [TEST_STEP][PASSED] - setText: Text 'test@liferay.com' is set on object 'Object Repository/Final Object Repo/Login Page/Internal User/Email Address'

2018-12-11 18:18:52 - [MESSAGE][PASSED] - Text 'test@liferay.com' is set on object 'Object Repository/Final Object Repo/Login Page/Internal User/Email Address'

2018-12-11 18:18:52 - [TEST_STEP][PASSED] - click: Object: 'Object Repository/Final Object Repo/Login Page/Internal User/Next Button' is clicked on

2018-12-11 18:18:52 - [MESSAGE][PASSED] - Object: 'Object Repository/Final Object Repo/Login Page/Internal User/Next Button' is clicked on

2018-12-11 18:18:52 - [TEST_STEP][PASSED] - delay: Delayed 2 second(s)

2018-12-11 18:18:54 - [MESSAGE][PASSED] - Delayed 2 second(s)

2018-12-11 18:18:54 - [TEST_STEP][PASSED] - setText: Text 'test' is set on object 'Object Repository/Final Object Repo/Login Page/Internal User/Password'

2018-12-11 18:18:54 - [MESSAGE][PASSED] - Text 'test' is set on object 'Object Repository/Final Object Repo/Login Page/Internal User/Password'

2018-12-11 18:18:54 - [TEST_STEP][PASSED] - delay: Delayed 2 second(s)

2018-12-11 18:18:56 - [MESSAGE][PASSED] - Delayed 2 second(s)

2018-12-11 18:18:56 - [TEST_STEP][PASSED] - click: Object: 'Object Repository/Final Object Repo/Login Page/Internal User/Login Button' is clicked on

2018-12-11 18:18:57 - [MESSAGE][PASSED] - Object: 'Object Repository/Final Object Repo/Login Page/Internal User/Login Button' is clicked on

2018-12-11 18:18:57 - [TEST_STEP][PASSED] - Statement - tester = com.kms.katalon.core.testobject.ObjectRepository.findTestObject(Final Object Repo/Landing Page/Select to English): Finding Test Object with id 'Object Repository/Final Object Repo/Landing Page/Select to English'

2018-12-11 18:18:57 - [TEST_STEP][PASSED] - Statement - Try: Delayed 2 second(s)

2018-12-11 18:18:57 - [TEST_STEP][PASSED] - Statement - Checker = com.kms.katalon.core.webui.keyword.WebUiBuiltInKeywords.verifyElementNotPresent(tester, 3): Web element with id: 'Object Repository/Final Object Repo/Landing Page/Select to English' located by 'By.xpath: //a[@class = 'taglib-language-list-text' and @lang = 'en-US' and (contains(text(), 'EN') or contains(., 'EN'))]' is not present after '3' second(s)

2018-12-11 18:18:59 - [MESSAGE][PASSED] - Web element with id: 'Object Repository/Final Object Repo/Landing Page/Select to English' located by 'By.xpath: //a[@class = 'taglib-language-list-text' and @lang = 'en-US' and (contains(text(), 'EN') or contains(., 'EN'))]' is not present after '3' second(s)

2018-12-11 18:18:59 - [TEST_STEP][PASSED] - Statement - If (Checker == false): null

2018-12-11 18:18:59 - [TEST_STEP][PASSED] - delay: Delayed 2 second(s)

2018-12-11 18:19:01 - [MESSAGE][PASSED] - Delayed 2 second(s)

2018-12-11 18:19:01 - [TEST_STEP][PASSED] - delay: Delayed 5 second(s)

2018-12-11 18:19:06 - [MESSAGE][PASSED] - Delayed 5 second(s)

2018-12-11 18:19:06 - [TEST_STEP][PASSED] - mouseOver: Object: 'Object Repository/Final Object Repo/Landing Page/WorkFlow Menu' is hovered

2018-12-11 18:19:06 - [MESSAGE][PASSED] - Object: 'Object Repository/Final Object Repo/Landing Page/WorkFlow Menu' is hovered

2018-12-11 18:19:06 - [TEST_STEP][PASSED] - delay: Delayed 2 second(s)

2018-12-11 18:19:08 - [MESSAGE][PASSED] - Delayed 2 second(s)

2018-12-11 18:19:08 - [TEST_STEP][PASSED] - click: Object: 'Object Repository/Final Object Repo/Landing Page/Select to Workflow Listing' is clicked on

2018-12-11 18:19:09 - [MESSAGE][PASSED] - Object: 'Object Repository/Final Object Repo/Landing Page/Select to Workflow Listing' is clicked on

2018-12-11 18:19:09 - [TEST_STEP][PASSED] - delay: Delayed 2 second(s)

2018-12-11 18:19:11 - [MESSAGE][PASSED] - Delayed 2 second(s)

2018-12-11 18:19:11 - [TEST_STEP][PASSED] - click: Object: 'Object Repository/Final Object Repo/WorkFlow Listing Page/Search Information - To Put Ref No' is clicked on

2018-12-11 18:19:11 - [MESSAGE][PASSED] - Object: 'Object Repository/Final Object Repo/WorkFlow Listing Page/Search Information - To Put Ref No' is clicked on

2018-12-11 18:19:11 - [TEST_STEP][PASSED] - delay: Delayed 2 second(s)

2018-12-11 18:19:13 - [MESSAGE][PASSED] - Delayed 2 second(s)

2018-12-11 18:19:13 - [TEST_STEP][PASSED] - callTestCase: Call Test Case 'Test Cases/Final Aug 2018 - PKS Automation/Common/Reference Number Getter' successfully

2018-12-11 18:19:13 - [TEST_CASE][PASSED] - Test Cases/Final Aug 2018 - PKS Automation/Common/Reference Number Getter: Test Cases/Final Aug 2018 - PKS Automation/Common/Reference Number Getter

2018-12-11 18:19:13 - [TEST_STEP][PASSED] - Statement - Try: null

2018-12-11 18:19:13 - [TEST_STEP][PASSED] - Statement - RefNo = new java.io.File(C://Users//Admin//Desktop//PKS//Automation Reference Point//KatalonReference.txt): null

2018-12-11 18:19:13 - [TEST_STEP][PASSED] - Statement - bufferread = new java.io.BufferedReader(new java.io.FileReader(RefNo)): null

2018-12-11 18:19:13 - [TEST_STEP][PASSED] - Statement - readedVal = bufferread.readLine(): null

2018-12-11 18:19:13 - [TEST_STEP][PASSED] - Statement - out.println(CaseReferenceNo): null

2018-12-11 18:19:13 - [TEST_STEP][PASSED] - Statement - out.println(readedVal): null

2018-12-11 18:19:13 - [TEST_STEP][PASSED] - Statement - CaseReferenceNo = "": null

2018-12-11 18:19:13 - [TEST_STEP][PASSED] - Statement - CaseReferenceNo = readedVal: null

2018-12-11 18:19:13 - [MESSAGE][PASSED] - Call Test Case 'Test Cases/Final Aug 2018 - PKS Automation/Common/Reference Number Getter' successfully

2018-12-11 18:19:13 - [TEST_STEP][PASSED] - setText: Text 'CAN12201800002310' is set on object 'Object Repository/Final Object Repo/WorkFlow Listing Page/Ref No Set Text'

2018-12-11 18:19:14 - [MESSAGE][PASSED] - Text 'CAN12201800002310' is set on object 'Object Repository/Final Object Repo/WorkFlow Listing Page/Ref No Set Text'

2018-12-11 18:19:14 - [TEST_STEP][PASSED] - delay: Delayed 2 second(s)

2018-12-11 18:19:16 - [MESSAGE][PASSED] - Delayed 2 second(s)

2018-12-11 18:19:16 - [TEST_STEP][PASSED] - click: Object: 'Object Repository/Final Object Repo/WorkFlow Listing Page/Search Ref No Search Button' is clicked on

2018-12-11 18:19:16 - [MESSAGE][PASSED] - Object: 'Object Repository/Final Object Repo/WorkFlow Listing Page/Search Ref No Search Button' is clicked on

2018-12-11 18:19:16 - [TEST_STEP][PASSED] - delay: Delayed 6 second(s)

2018-12-11 18:19:22 - [MESSAGE][PASSED] - Delayed 6 second(s)

2018-12-11 18:19:22 - [TEST_STEP][PASSED] - click: Object: 'Object Repository/Final Object Repo/WorkFlow Listing Page/Click Continue Tooltip' is clicked on

2018-12-11 18:19:23 - [MESSAGE][PASSED] - Object: 'Object Repository/Final Object Repo/WorkFlow Listing Page/Click Continue Tooltip' is clicked on

2018-12-11 18:19:23 - [TEST_STEP][PASSED] - delay: Delayed 5 second(s)

2018-12-11 18:19:28 - [MESSAGE][PASSED] - Delayed 5 second(s)

2018-12-11 18:19:28 - [TEST_STEP][PASSED] - doubleClick: Object: 'Object Repository/Final Object Repo/WorkFlow Listing Page/Workflow Found - Listing 1' is double clicked on

2018-12-11 18:19:28 - [MESSAGE][PASSED] - Object: 'Object Repository/Final Object Repo/WorkFlow Listing Page/Workflow Found - Listing 1' is double clicked on

2018-12-11 18:19:28 - [TEST_STEP][PASSED] - Statement - println(OwnerID): null

2018-12-11 18:19:28 - [TEST_STEP][PASSED] - Statement - OwnerID = com.kms.katalon.core.webui.keyword.WebUiBuiltInKeywords.getText(com.kms.katalon.core.testobject.ObjectRepository.findTestObject(Final Object Repo/WorkFlow Listing Page/Workflow Found - Listing 1), STOP_ON_FAILURE): Text of object 'Object Repository/Final Object Repo/WorkFlow Listing Page/Workflow Found - Listing 1' is: 'JOHORro2'

2018-12-11 18:19:28 - [MESSAGE][PASSED] - Text of object 'Object Repository/Final Object Repo/WorkFlow Listing Page/Workflow Found - Listing 1' is: 'JOHORro2'

2018-12-11 18:19:28 - [TEST_STEP][PASSED] - Statement - OwnerID = OwnerID.toLowerCase() + "@gmail.com": null

2018-12-11 18:19:28 - [TEST_STEP][PASSED] - Statement - println(OwnerID): null

2018-12-11 18:19:28 - [TEST_STEP][PASSED] - delay: Delayed 2 second(s)

2018-12-11 18:19:30 - [MESSAGE][PASSED] - Delayed 2 second(s)

2018-12-11 18:19:30 - [MESSAGE][PASSED] - Call Test Case 'Test Cases/Final Aug 2018 - PKS Automation/Common/Workflow Owner Finder' successfully

2018-12-11 18:19:30 - [TEST_STEP][PASSED] - callTestCase: Call Test Case 'Test Cases/Final Aug 2018 - PKS Automation/Registration Module/Log Out/log out avoiding katalon tagging' successfully

2018-12-11 18:19:30 - [TEST_CASE][PASSED] - Test Cases/Final Aug 2018 - PKS Automation/Registration Module/Log Out/log out avoiding katalon tagging: Test Cases/Final Aug 2018 - PKS Automation/Registration Module/Log Out/log out avoiding katalon tagging

2018-12-11 18:19:30 - [TEST_STEP][PASSED] - navigateToUrl: Navigate to 'https://assist2-uat.perkeso.gov.my/c/portal/logout' successfully

2018-12-11 18:19:31 - [MESSAGE][PASSED] - Navigate to 'https://assist2-uat.perkeso.gov.my/c/portal/logout' successfully

2018-12-11 18:19:31 - [MESSAGE][PASSED] - Call Test Case 'Test Cases/Final Aug 2018 - PKS Automation/Registration Module/Log Out/log out avoiding katalon tagging' successfully

2018-12-11 18:19:31 - [TEST_STEP][PASSED] - delay: Delayed 2 second(s)

2018-12-11 18:19:33 - [MESSAGE][PASSED] - Delayed 2 second(s)

2018-12-11 18:19:33 - [TEST_STEP][PASSED] - setText: Text 'johorro2@gmail.com' is set on object 'Object Repository/Final Object Repo/Page_Update Add New Employee - ASSIST/Email TextBox'

2018-12-11 18:19:33 - [MESSAGE][PASSED] - Text 'johorro2@gmail.com' is set on object 'Object Repository/Final Object Repo/Page_Update Add New Employee - ASSIST/Email TextBox'

2018-12-11 18:19:33 - [TEST_STEP][PASSED] - click: Object: 'Object Repository/Final Object Repo/Page_Update Add New Employee - ASSIST/Next Button' is clicked on

2018-12-11 18:19:33 - [MESSAGE][PASSED] - Object: 'Object Repository/Final Object Repo/Page_Update Add New Employee - ASSIST/Next Button' is clicked on

2018-12-11 18:19:33 - [TEST_STEP][PASSED] - delay: Delayed 2 second(s)

2018-12-11 18:19:35 - [MESSAGE][PASSED] - Delayed 2 second(s)

2018-12-11 18:19:35 - [TEST_STEP][PASSED] - setText: Text 'Test1@3456789' is set on object 'Object Repository/Final Object Repo/Page_Update Add New Employee - ASSIST/Password TextBox'

2018-12-11 18:19:36 - [MESSAGE][PASSED] - Text 'Test1@3456789' is set on object 'Object Repository/Final Object Repo/Page_Update Add New Employee - ASSIST/Password TextBox'

2018-12-11 18:19:36 - [TEST_STEP][PASSED] - delay: Delayed 2 second(s)

2018-12-11 18:19:38 - [MESSAGE][PASSED] - Delayed 2 second(s)

2018-12-11 18:19:38 - [TEST_STEP][PASSED] - click: Object: 'Object Repository/Final Object Repo/Page_Update Add New Employee - ASSIST/Login Button' is clicked on

2018-12-11 18:19:38 - [MESSAGE][PASSED] - Object: 'Object Repository/Final Object Repo/Page_Update Add New Employee - ASSIST/Login Button' is clicked on

2018-12-11 18:19:38 - [TEST_STEP][PASSED] - delay: Delayed 4 second(s)

2018-12-11 18:19:42 - [MESSAGE][PASSED] - Delayed 4 second(s)

2018-12-11 18:19:42 - [TEST_STEP][PASSED] - Statement - Try: Delayed 2 second(s)

2018-12-11 18:19:42 - [TEST_STEP][PASSED] - Statement - Checker = false: null

2018-12-11 18:19:42 - [TEST_STEP][PASSED] - Statement - Checker = com.kms.katalon.core.webui.keyword.WebUiBuiltInKeywords.verifyElementHasAttribute(com.kms.katalon.core.testobject.ObjectRepository.findTestObject(Final Object Repo/Landing Page/BM Detecting), "href", 20, OPTIONAL): Object 'Object Repository/Final Object Repo/Landing Page/BM Detecting' has attribute 'href'

2018-12-11 18:19:42 - [MESSAGE][PASSED] - Object 'Object Repository/Final Object Repo/Landing Page/BM Detecting' has attribute 'href'

2018-12-11 18:19:42 - [TEST_STEP][PASSED] - Statement - out.println(Checker): null

2018-12-11 18:19:42 - [TEST_STEP][PASSED] - Statement - If (Checker == false): null

2018-12-11 18:19:42 - [TEST_STEP][PASSED] - Statement - Else: null

2018-12-11 18:19:42 - [TEST_STEP][PASSED] - delay: Delayed 2 second(s)

2018-12-11 18:19:44 - [MESSAGE][PASSED] - Delayed 2 second(s)

2018-12-11 18:19:44 - [TEST_STEP][PASSED] - delay: Delayed 4 second(s)

2018-12-11 18:19:48 - [MESSAGE][PASSED] - Delayed 4 second(s)

2018-12-11 18:19:48 - [TEST_STEP][PASSED] - click: Object: 'Object Repository/Final Object Repo/New Registration - Registration Module Pages/New Reg - OTC to RO/Special Case - All Related Objects/Expand to Search' is clicked on

2018-12-11 18:19:48 - [MESSAGE][PASSED] - Object: 'Object Repository/Final Object Repo/New Registration - Registration Module Pages/New Reg - OTC to RO/Special Case - All Related Objects/Expand to Search' is clicked on

2018-12-11 18:19:48 - [TEST_STEP][PASSED] - delay: Delayed 2 second(s)

2018-12-11 18:19:50 - [MESSAGE][PASSED] - Delayed 2 second(s)

2018-12-11 18:19:50 - [TEST_STEP][PASSED] - setText: Text 'CAN12201800002310' is set on object 'Object Repository/Final Object Repo/New Registration - Registration Module Pages/New Reg - OTC to RO/Special Case - All Related Objects/TextBox RefNo in Workbasket'

2018-12-11 18:19:50 - [MESSAGE][PASSED] - Text 'CAN12201800002310' is set on object 'Object Repository/Final Object Repo/New Registration - Registration Module Pages/New Reg - OTC to RO/Special Case - All Related Objects/TextBox RefNo in Workbasket'

2018-12-11 18:19:50 - [TEST_STEP][PASSED] - delay: Delayed 2 second(s)

2018-12-11 18:19:52 - [MESSAGE][PASSED] - Delayed 2 second(s)

2018-12-11 18:19:52 - [TEST_STEP][PASSED] - click: Object: 'Object Repository/Final Object Repo/New Registration - Registration Module Pages/New Reg - OTC to RO/Special Case - All Related Objects/Click Search' is clicked on

2018-12-11 18:19:52 - [MESSAGE][PASSED] - Object: 'Object Repository/Final Object Repo/New Registration - Registration Module Pages/New Reg - OTC to RO/Special Case - All Related Objects/Click Search' is clicked on

2018-12-11 18:19:52 - [TEST_STEP][PASSED] - delay: Delayed 10 second(s)

2018-12-11 18:20:02 - [MESSAGE][PASSED] - Delayed 10 second(s)

2018-12-11 18:20:02 - [TEST_STEP][PASSED] - click: Object: 'Object Repository/Final Object Repo/New Registration - Registration Module Pages/New Reg - OTC to RO/Special Case - All Related Objects/Click to Continue Workflow' is clicked on

2018-12-11 18:20:07 - [MESSAGE][PASSED] - Object: 'Object Repository/Final Object Repo/New Registration - Registration Module Pages/New Reg - OTC to RO/Special Case - All Related Objects/Click to Continue Workflow' is clicked on

2018-12-11 18:20:07 - [TEST_STEP][PASSED] - delay: Delayed 10 second(s)

2018-12-11 18:20:17 - [MESSAGE][PASSED] - Delayed 10 second(s)

2018-12-11 18:20:17 - [TEST_STEP][PASSED] - click: Object: 'Object Repository/Final Object Repo/New Registration - Registration Module Pages/New Reg - OTC to RO/Special Case - All Related Objects/Continue Button in verifying case' is clicked on

2018-12-11 18:20:20 - [MESSAGE][PASSED] - Object: 'Object Repository/Final Object Repo/New Registration - Registration Module Pages/New Reg - OTC to RO/Special Case - All Related Objects/Continue Button in verifying case' is clicked on

2018-12-11 18:20:20 - [TEST_STEP][PASSED] - delay: Delayed 2 second(s)

2018-12-11 18:20:22 - [MESSAGE][PASSED] - Delayed 2 second(s)

2018-12-11 18:20:22 - [TEST_STEP][PASSED] - click: Object: 'Object Repository/Final Object Repo/Page_Update Add New Employee - ASSIST/Save  Continue Button' is clicked on

2018-12-11 18:20:22 - [MESSAGE][PASSED] - Object: 'Object Repository/Final Object Repo/Page_Update Add New Employee - ASSIST/Save  Continue Button' is clicked on

2018-12-11 18:20:22 - [TEST_STEP][PASSED] - delay: Delayed 8 second(s)

2018-12-11 18:20:30 - [MESSAGE][PASSED] - Delayed 8 second(s)

2018-12-11 18:20:30 - [TEST_STEP][PASSED] - click: Object: 'Object Repository/Final Object Repo/Page_Update Add New Employee - ASSIST/Save  Continue Third Screen' is clicked on

2018-12-11 18:20:33 - [MESSAGE][PASSED] - Object: 'Object Repository/Final Object Repo/Page_Update Add New Employee - ASSIST/Save  Continue Third Screen' is clicked on

2018-12-11 18:20:33 - [TEST_STEP][PASSED] - delay: Delayed 4 second(s)

2018-12-11 18:20:37 - [MESSAGE][PASSED] - Delayed 4 second(s)

2018-12-11 18:20:37 - [TEST_STEP][PASSED] - click: Object: 'Object Repository/Final Object Repo/Page_Update Add New Employee - ASSIST/Save   Continue Supporting Doc Page' is clicked on

2018-12-11 18:20:37 - [MESSAGE][PASSED] - Object: 'Object Repository/Final Object Repo/Page_Update Add New Employee - ASSIST/Save   Continue Supporting Doc Page' is clicked on

2018-12-11 18:20:37 - [TEST_STEP][PASSED] - delay: Delayed 4 second(s)

2018-12-11 18:20:41 - [MESSAGE][PASSED] - Delayed 4 second(s)

2018-12-11 18:20:41 - [TEST_STEP][PASSED] - click: Object: 'Object Repository/Final Object Repo/Page_Update Add New Employee - ASSIST/Under Enforcement Button at Preview Screen of RO' is clicked on

2018-12-11 18:20:41 - [MESSAGE][PASSED] - Object: 'Object Repository/Final Object Repo/Page_Update Add New Employee - ASSIST/Under Enforcement Button at Preview Screen of RO' is clicked on

2018-12-11 18:20:41 - [TEST_STEP][PASSED] - delay: Delayed 4 second(s)

2018-12-11 18:20:45 - [MESSAGE][PASSED] - Delayed 4 second(s)

2018-12-11 18:20:45 - [TEST_STEP][PASSED] - click: Object: 'Object Repository/Final Object Repo/Page_Update Add New Employee - ASSIST/Under Enforcement - inner form' is clicked on

2018-12-11 18:20:46 - [MESSAGE][PASSED] - Object: 'Object Repository/Final Object Repo/Page_Update Add New Employee - ASSIST/Under Enforcement - inner form' is clicked on

2018-12-11 18:20:46 - [TEST_STEP][PASSED] - delay: Delayed 4 second(s)

2018-12-11 18:20:50 - [MESSAGE][PASSED] - Delayed 4 second(s)

2018-12-11 18:20:50 - [TEST_STEP][PASSED] - callTestCase: Call Test Case 'Test Cases/Final Aug 2018 - PKS Automation/Common/Screenshoting tool' successfully

2018-12-11 18:20:50 - [TEST_CASE][PASSED] - Test Cases/Final Aug 2018 - PKS Automation/Common/Screenshoting tool: Test Cases/Final Aug 2018 - PKS Automation/Common/Screenshoting tool

2018-12-11 18:20:50 - [TEST_STEP][PASSED] - delay: Delayed 15 second(s)

2018-12-11 18:21:05 - [MESSAGE][PASSED] - Delayed 15 second(s)

2018-12-11 18:21:05 - [TEST_STEP][PASSED] - Statement - driver = com.kms.katalon.core.webui.driver.DriverFactory.getWebDriver(): null

2018-12-11 18:21:05 - [TEST_STEP][PASSED] - Statement - driver.manage().timeouts().implicitlyWait(10, SECONDS): null

2018-12-11 18:21:05 - [TEST_STEP][PASSED] - Statement - PresavePath = KatalonScreenshots: null

2018-12-11 18:21:05 - [TEST_STEP][PASSED] - Statement - pathPrefix = "C:\Users\Public\Pictures\Sample Pictures\Katalon Screenshots\Automate Ending Screen": null

2018-12-11 18:21:05 - [TEST_STEP][PASSED] - Statement - finalPath = <not implemented yet for class: org.codehaus.groovy.ast.expr.EmptyExpression>: null

2018-12-11 18:21:05 - [TEST_STEP][PASSED] - Statement - scrFile = driver.getScreenshotAs(FILE): null

2018-12-11 18:21:05 - [TEST_STEP][PASSED] - Statement - PreSaveFile = new java.io.File(PresavePath): null

2018-12-11 18:21:05 - [TEST_STEP][PASSED] - Statement - counter = 0: null

2018-12-11 18:21:05 - [TEST_STEP][PASSED] - Statement - If (PreSaveFile.exists()): null

2018-12-11 18:21:05 - [TEST_STEP][PASSED] - Statement - While (PreSaveFile.exists()): null

2018-12-11 18:21:05 - [TEST_STEP][PASSED] - Statement - counter = counter + 1: null

2018-12-11 18:21:05 - [TEST_STEP][PASSED] - Statement - PreSaveFile = new java.io.File(((pathPrefix + java.lang.Integer.toString(counter)) + .png)): null

2018-12-11 18:21:05 - [TEST_STEP][PASSED] - Statement - counter = counter + 1: null

2018-12-11 18:21:05 - [TEST_STEP][PASSED] - Statement - PreSaveFile = new java.io.File(((pathPrefix + java.lang.Integer.toString(counter)) + .png)): null

2018-12-11 18:21:05 - [TEST_STEP][PASSED] - Statement - counter = counter + 1: null

2018-12-11 18:21:05 - [TEST_STEP][PASSED] - Statement - PreSaveFile = new java.io.File(((pathPrefix + java.lang.Integer.toString(counter)) + .png)): null

2018-12-11 18:21:05 - [TEST_STEP][PASSED] - Statement - counter = counter + 1: null

2018-12-11 18:21:05 - [TEST_STEP][PASSED] - Statement - PreSaveFile = new java.io.File(((pathPrefix + java.lang.Integer.toString(counter)) + .png)): null

2018-12-11 18:21:05 - [TEST_STEP][PASSED] - Statement - counter = counter + 1: null

2018-12-11 18:21:05 - [TEST_STEP][PASSED] - Statement - PreSaveFile = new java.io.File(((pathPrefix + java.lang.Integer.toString(counter)) + .png)): null

2018-12-11 18:21:05 - [TEST_STEP][PASSED] - Statement - counter = counter + 1: null

2018-12-11 18:21:05 - [TEST_STEP][PASSED] - Statement - PreSaveFile = new java.io.File(((pathPrefix + java.lang.Integer.toString(counter)) + .png)): null

2018-12-11 18:21:05 - [TEST_STEP][PASSED] - Statement - counter = counter + 1: null

2018-12-11 18:21:05 - [TEST_STEP][PASSED] - Statement - PreSaveFile = new java.io.File(((pathPrefix + java.lang.Integer.toString(counter)) + .png)): null

2018-12-11 18:21:05 - [TEST_STEP][PASSED] - Statement - counter = counter + 1: null

2018-12-11 18:21:05 - [TEST_STEP][PASSED] - Statement - PreSaveFile = new java.io.File(((pathPrefix + java.lang.Integer.toString(counter)) + .png)): null

2018-12-11 18:21:05 - [TEST_STEP][PASSED] - Statement - counter = counter + 1: null

2018-12-11 18:21:05 - [TEST_STEP][PASSED] - Statement - PreSaveFile = new java.io.File(((pathPrefix + java.lang.Integer.toString(counter)) + .png)): null

2018-12-11 18:21:05 - [TEST_STEP][PASSED] - Statement - counter = counter + 1: null

2018-12-11 18:21:05 - [TEST_STEP][PASSED] - Statement - PreSaveFile = new java.io.File(((pathPrefix + java.lang.Integer.toString(counter)) + .png)): null

2018-12-11 18:21:05 - [TEST_STEP][PASSED] - Statement - counter = counter + 1: null

2018-12-11 18:21:05 - [TEST_STEP][PASSED] - Statement - PreSaveFile = new java.io.File(((pathPrefix + java.lang.Integer.toString(counter)) + .png)): null

2018-12-11 18:21:05 - [TEST_STEP][PASSED] - Statement - counter = counter + 1: null

2018-12-11 18:21:05 - [TEST_STEP][PASSED] - Statement - PreSaveFile = new java.io.File(((pathPrefix + java.lang.Integer.toString(counter)) + .png)): null

2018-12-11 18:21:05 - [TEST_STEP][PASSED] - Statement - counter = counter + 1: null

2018-12-11 18:21:05 - [TEST_STEP][PASSED] - Statement - PreSaveFile = new java.io.File(((pathPrefix + java.lang.Integer.toString(counter)) + .png)): null

2018-12-11 18:21:05 - [TEST_STEP][PASSED] - Statement - counter = counter + 1: null

2018-12-11 18:21:05 - [TEST_STEP][PASSED] - Statement - PreSaveFile = new java.io.File(((pathPrefix + java.lang.Integer.toString(counter)) + .png)): null

2018-12-11 18:21:05 - [TEST_STEP][PASSED] - Statement - counter = counter + 1: null

2018-12-11 18:21:05 - [TEST_STEP][PASSED] - Statement - PreSaveFile = new java.io.File(((pathPrefix + java.lang.Integer.toString(counter)) + .png)): null

2018-12-11 18:21:05 - [TEST_STEP][PASSED] - Statement - counter = counter + 1: null

2018-12-11 18:21:05 - [TEST_STEP][PASSED] - Statement - PreSaveFile = new java.io.File(((pathPrefix + java.lang.Integer.toString(counter)) + .png)): null

2018-12-11 18:21:05 - [TEST_STEP][PASSED] - Statement - counter = counter + 1: null

2018-12-11 18:21:05 - [TEST_STEP][PASSED] - Statement - PreSaveFile = new java.io.File(((pathPrefix + java.lang.Integer.toString(counter)) + .png)): null

2018-12-11 18:21:05 - [TEST_STEP][PASSED] - Statement - counter = counter + 1: null

2018-12-11 18:21:05 - [TEST_STEP][PASSED] - Statement - PreSaveFile = new java.io.File(((pathPrefix + java.lang.Integer.toString(counter)) + .png)): null

2018-12-11 18:21:05 - [TEST_STEP][PASSED] - Statement - counter = counter + 1: null

2018-12-11 18:21:05 - [TEST_STEP][PASSED] - Statement - PreSaveFile = new java.io.File(((pathPrefix + java.lang.Integer.toString(counter)) + .png)): null

2018-12-11 18:21:05 - [TEST_STEP][PASSED] - Statement - counter = counter + 1: null

2018-12-11 18:21:05 - [TEST_STEP][PASSED] - Statement - PreSaveFile = new java.io.File(((pathPrefix + java.lang.Integer.toString(counter)) + .png)): null

2018-12-11 18:21:05 - [TEST_STEP][PASSED] - Statement - counter = counter + 1: null

2018-12-11 18:21:05 - [TEST_STEP][PASSED] - Statement - PreSaveFile = new java.io.File(((pathPrefix + java.lang.Integer.toString(counter)) + .png)): null

2018-12-11 18:21:05 - [TEST_STEP][PASSED] - Statement - counter = counter + 1: null

2018-12-11 18:21:05 - [TEST_STEP][PASSED] - Statement - PreSaveFile = new java.io.File(((pathPrefix + java.lang.Integer.toString(counter)) + .png)): null

2018-12-11 18:21:05 - [TEST_STEP][PASSED] - Statement - counter = counter + 1: null

2018-12-11 18:21:05 - [TEST_STEP][PASSED] - Statement - PreSaveFile = new java.io.File(((pathPrefix + java.lang.Integer.toString(counter)) + .png)): null

2018-12-11 18:21:05 - [TEST_STEP][PASSED] - Statement - counter = counter + 1: null

2018-12-11 18:21:05 - [TEST_STEP][PASSED] - Statement - PreSaveFile = new java.io.File(((pathPrefix + java.lang.Integer.toString(counter)) + .png)): null

2018-12-11 18:21:05 - [TEST_STEP][PASSED] - Statement - counter = counter + 1: null

2018-12-11 18:21:05 - [TEST_STEP][PASSED] - Statement - PreSaveFile = new java.io.File(((pathPrefix + java.lang.Integer.toString(counter)) + .png)): null

2018-12-11 18:21:05 - [TEST_STEP][PASSED] - Statement - counter = counter + 1: null

2018-12-11 18:21:05 - [TEST_STEP][PASSED] - Statement - PreSaveFile = new java.io.File(((pathPrefix + java.lang.Integer.toString(counter)) + .png)): null

2018-12-11 18:21:05 - [TEST_STEP][PASSED] - Statement - counter = counter + 1: null

2018-12-11 18:21:05 - [TEST_STEP][PASSED] - Statement - PreSaveFile = new java.io.File(((pathPrefix + java.lang.Integer.toString(counter)) + .png)): null

2018-12-11 18:21:05 - [TEST_STEP][PASSED] - Statement - counter = counter + 1: null

2018-12-11 18:21:05 - [TEST_STEP][PASSED] - Statement - PreSaveFile = new java.io.File(((pathPrefix + java.lang.Integer.toString(counter)) + .png)): null

2018-12-11 18:21:05 - [TEST_STEP][PASSED] - Statement - counter = counter + 1: null

2018-12-11 18:21:05 - [TEST_STEP][PASSED] - Statement - PreSaveFile = new java.io.File(((pathPrefix + java.lang.Integer.toString(counter)) + .png)): null

2018-12-11 18:21:05 - [TEST_STEP][PASSED] - Statement - counter = counter + 1: null

2018-12-11 18:21:05 - [TEST_STEP][PASSED] - Statement - PreSaveFile = new java.io.File(((pathPrefix + java.lang.Integer.toString(counter)) + .png)): null

2018-12-11 18:21:05 - [TEST_STEP][PASSED] - Statement - counter = counter + 1: null

2018-12-11 18:21:05 - [TEST_STEP][PASSED] - Statement - PreSaveFile = new java.io.File(((pathPrefix + java.lang.Integer.toString(counter)) + .png)): null

2018-12-11 18:21:05 - [TEST_STEP][PASSED] - Statement - counter = counter + 1: null

2018-12-11 18:21:05 - [TEST_STEP][PASSED] - Statement - PreSaveFile = new java.io.File(((pathPrefix + java.lang.Integer.toString(counter)) + .png)): null

2018-12-11 18:21:05 - [TEST_STEP][PASSED] - Statement - counter = counter + 1: null

2018-12-11 18:21:05 - [TEST_STEP][PASSED] - Statement - PreSaveFile = new java.io.File(((pathPrefix + java.lang.Integer.toString(counter)) + .png)): null

2018-12-11 18:21:05 - [TEST_STEP][PASSED] - Statement - counter = counter + 1: null

2018-12-11 18:21:05 - [TEST_STEP][PASSED] - Statement - PreSaveFile = new java.io.File(((pathPrefix + java.lang.Integer.toString(counter)) + .png)): null

2018-12-11 18:21:05 - [TEST_STEP][PASSED] - Statement - counter = counter + 1: null

2018-12-11 18:21:05 - [TEST_STEP][PASSED] - Statement - PreSaveFile = new java.io.File(((pathPrefix + java.lang.Integer.toString(counter)) + .png)): null

2018-12-11 18:21:05 - [TEST_STEP][PASSED] - Statement - counter = counter + 1: null

2018-12-11 18:21:05 - [TEST_STEP][PASSED] - Statement - PreSaveFile = new java.io.File(((pathPrefix + java.lang.Integer.toString(counter)) + .png)): null

2018-12-11 18:21:05 - [TEST_STEP][PASSED] - Statement - counter = counter + 1: null

2018-12-11 18:21:05 - [TEST_STEP][PASSED] - Statement - PreSaveFile = new java.io.File(((pathPrefix + java.lang.Integer.toString(counter)) + .png)): null

2018-12-11 18:21:05 - [TEST_STEP][PASSED] - Statement - counter = counter + 1: null

2018-12-11 18:21:05 - [TEST_STEP][PASSED] - Statement - PreSaveFile = new java.io.File(((pathPrefix + java.lang.Integer.toString(counter)) + .png)): null

2018-12-11 18:21:05 - [TEST_STEP][PASSED] - Statement - counter = counter + 1: null

2018-12-11 18:21:05 - [TEST_STEP][PASSED] - Statement - PreSaveFile = new java.io.File(((pathPrefix + java.lang.Integer.toString(counter)) + .png)): null

2018-12-11 18:21:05 - [TEST_STEP][PASSED] - Statement - counter = counter + 1: null

2018-12-11 18:21:05 - [TEST_STEP][PASSED] - Statement - PreSaveFile = new java.io.File(((pathPrefix + java.lang.Integer.toString(counter)) + .png)): null

2018-12-11 18:21:05 - [TEST_STEP][PASSED] - Statement - counter = counter + 1: null

2018-12-11 18:21:05 - [TEST_STEP][PASSED] - Statement - PreSaveFile = new java.io.File(((pathPrefix + java.lang.Integer.toString(counter)) + .png)): null

2018-12-11 18:21:05 - [TEST_STEP][PASSED] - Statement - counter = counter + 1: null

2018-12-11 18:21:05 - [TEST_STEP][PASSED] - Statement - PreSaveFile = new java.io.File(((pathPrefix + java.lang.Integer.toString(counter)) + .png)): null

2018-12-11 18:21:05 - [TEST_STEP][PASSED] - Statement - counter = counter + 1: null

2018-12-11 18:21:05 - [TEST_STEP][PASSED] - Statement - PreSaveFile = new java.io.File(((pathPrefix + java.lang.Integer.toString(counter)) + .png)): null

2018-12-11 18:21:05 - [TEST_STEP][PASSED] - Statement - counter = counter + 1: null

2018-12-11 18:21:05 - [TEST_STEP][PASSED] - Statement - PreSaveFile = new java.io.File(((pathPrefix + java.lang.Integer.toString(counter)) + .png)): null

2018-12-11 18:21:05 - [TEST_STEP][PASSED] - Statement - counter = counter + 1: null

2018-12-11 18:21:05 - [TEST_STEP][PASSED] - Statement - PreSaveFile = new java.io.File(((pathPrefix + java.lang.Integer.toString(counter)) + .png)): null

2018-12-11 18:21:05 - [TEST_STEP][PASSED] - Statement - counter = counter + 1: null

2018-12-11 18:21:05 - [TEST_STEP][PASSED] - Statement - PreSaveFile = new java.io.File(((pathPrefix + java.lang.Integer.toString(counter)) + .png)): null

2018-12-11 18:21:05 - [TEST_STEP][PASSED] - Statement - counter = counter + 1: null

2018-12-11 18:21:05 - [TEST_STEP][PASSED] - Statement - PreSaveFile = new java.io.File(((pathPrefix + java.lang.Integer.toString(counter)) + .png)): null

2018-12-11 18:21:05 - [TEST_STEP][PASSED] - Statement - counter = counter + 1: null

2018-12-11 18:21:05 - [TEST_STEP][PASSED] - Statement - PreSaveFile = new java.io.File(((pathPrefix + java.lang.Integer.toString(counter)) + .png)): null

2018-12-11 18:21:05 - [TEST_STEP][PASSED] - Statement - counter = counter + 1: null

2018-12-11 18:21:05 - [TEST_STEP][PASSED] - Statement - PreSaveFile = new java.io.File(((pathPrefix + java.lang.Integer.toString(counter)) + .png)): null

2018-12-11 18:21:05 - [TEST_STEP][PASSED] - Statement - counter = counter + 1: null

2018-12-11 18:21:05 - [TEST_STEP][PASSED] - Statement - PreSaveFile = new java.io.File(((pathPrefix + java.lang.Integer.toString(counter)) + .png)): null

2018-12-11 18:21:05 - [TEST_STEP][PASSED] - Statement - counter = counter + 1: null

2018-12-11 18:21:05 - [TEST_STEP][PASSED] - Statement - PreSaveFile = new java.io.File(((pathPrefix + java.lang.Integer.toString(counter)) + .png)): null

2018-12-11 18:21:05 - [TEST_STEP][PASSED] - Statement - counter = counter + 1: null

2018-12-11 18:21:05 - [TEST_STEP][PASSED] - Statement - PreSaveFile = new java.io.File(((pathPrefix + java.lang.Integer.toString(counter)) + .png)): null

2018-12-11 18:21:05 - [TEST_STEP][PASSED] - Statement - counter = counter + 1: null

2018-12-11 18:21:05 - [TEST_STEP][PASSED] - Statement - PreSaveFile = new java.io.File(((pathPrefix + java.lang.Integer.toString(counter)) + .png)): null

2018-12-11 18:21:05 - [TEST_STEP][PASSED] - Statement - counter = counter + 1: null

2018-12-11 18:21:05 - [TEST_STEP][PASSED] - Statement - PreSaveFile = new java.io.File(((pathPrefix + java.lang.Integer.toString(counter)) + .png)): null

2018-12-11 18:21:05 - [TEST_STEP][PASSED] - Statement - counter = counter + 1: null

2018-12-11 18:21:05 - [TEST_STEP][PASSED] - Statement - PreSaveFile = new java.io.File(((pathPrefix + java.lang.Integer.toString(counter)) + .png)): null

2018-12-11 18:21:05 - [TEST_STEP][PASSED] - Statement - counter = counter + 1: null

2018-12-11 18:21:05 - [TEST_STEP][PASSED] - Statement - PreSaveFile = new java.io.File(((pathPrefix + java.lang.Integer.toString(counter)) + .png)): null

2018-12-11 18:21:05 - [TEST_STEP][PASSED] - Statement - counter = counter + 1: null

2018-12-11 18:21:05 - [TEST_STEP][PASSED] - Statement - PreSaveFile = new java.io.File(((pathPrefix + java.lang.Integer.toString(counter)) + .png)): null

2018-12-11 18:21:05 - [TEST_STEP][PASSED] - Statement - counter = counter + 1: null

2018-12-11 18:21:05 - [TEST_STEP][PASSED] - Statement - PreSaveFile = new java.io.File(((pathPrefix + java.lang.Integer.toString(counter)) + .png)): null

2018-12-11 18:21:05 - [TEST_STEP][PASSED] - Statement - counter = counter + 1: null

2018-12-11 18:21:05 - [TEST_STEP][PASSED] - Statement - PreSaveFile = new java.io.File(((pathPrefix + java.lang.Integer.toString(counter)) + .png)): null

2018-12-11 18:21:05 - [TEST_STEP][PASSED] - Statement - counter = counter + 1: null

2018-12-11 18:21:05 - [TEST_STEP][PASSED] - Statement - PreSaveFile = new java.io.File(((pathPrefix + java.lang.Integer.toString(counter)) + .png)): null

2018-12-11 18:21:05 - [TEST_STEP][PASSED] - Statement - counter = counter + 1: null

2018-12-11 18:21:05 - [TEST_STEP][PASSED] - Statement - PreSaveFile = new java.io.File(((pathPrefix + java.lang.Integer.toString(counter)) + .png)): null

2018-12-11 18:21:05 - [TEST_STEP][PASSED] - Statement - counter = counter + 1: null

2018-12-11 18:21:05 - [TEST_STEP][PASSED] - Statement - PreSaveFile = new java.io.File(((pathPrefix + java.lang.Integer.toString(counter)) + .png)): null

2018-12-11 18:21:05 - [TEST_STEP][PASSED] - Statement - counter = counter + 1: null

2018-12-11 18:21:05 - [TEST_STEP][PASSED] - Statement - PreSaveFile = new java.io.File(((pathPrefix + java.lang.Integer.toString(counter)) + .png)): null

2018-12-11 18:21:05 - [TEST_STEP][PASSED] - Statement - counter = counter + 1: null

2018-12-11 18:21:05 - [TEST_STEP][PASSED] - Statement - PreSaveFile = new java.io.File(((pathPrefix + java.lang.Integer.toString(counter)) + .png)): null

2018-12-11 18:21:05 - [TEST_STEP][PASSED] - Statement - counter = counter + 1: null

2018-12-11 18:21:05 - [TEST_STEP][PASSED] - Statement - PreSaveFile = new java.io.File(((pathPrefix + java.lang.Integer.toString(counter)) + .png)): null

2018-12-11 18:21:05 - [TEST_STEP][PASSED] - Statement - counter = counter + 1: null

2018-12-11 18:21:05 - [TEST_STEP][PASSED] - Statement - PreSaveFile = new java.io.File(((pathPrefix + java.lang.Integer.toString(counter)) + .png)): null

2018-12-11 18:21:05 - [TEST_STEP][PASSED] - Statement - counter = counter + 1: null

2018-12-11 18:21:05 - [TEST_STEP][PASSED] - Statement - PreSaveFile = new java.io.File(((pathPrefix + java.lang.Integer.toString(counter)) + .png)): null

2018-12-11 18:21:05 - [TEST_STEP][PASSED] - Statement - counter = counter + 1: null

2018-12-11 18:21:05 - [TEST_STEP][PASSED] - Statement - PreSaveFile = new java.io.File(((pathPrefix + java.lang.Integer.toString(counter)) + .png)): null

2018-12-11 18:21:05 - [TEST_STEP][PASSED] - Statement - counter = counter + 1: null

2018-12-11 18:21:05 - [TEST_STEP][PASSED] - Statement - PreSaveFile = new java.io.File(((pathPrefix + java.lang.Integer.toString(counter)) + .png)): null

2018-12-11 18:21:05 - [TEST_STEP][PASSED] - Statement - counter = counter + 1: null

2018-12-11 18:21:05 - [TEST_STEP][PASSED] - Statement - PreSaveFile = new java.io.File(((pathPrefix + java.lang.Integer.toString(counter)) + .png)): null

2018-12-11 18:21:05 - [TEST_STEP][PASSED] - Statement - counter = counter + 1: null

2018-12-11 18:21:05 - [TEST_STEP][PASSED] - Statement - PreSaveFile = new java.io.File(((pathPrefix + java.lang.Integer.toString(counter)) + .png)): null

2018-12-11 18:21:05 - [TEST_STEP][PASSED] - Statement - counter = counter + 1: null

2018-12-11 18:21:05 - [TEST_STEP][PASSED] - Statement - PreSaveFile = new java.io.File(((pathPrefix + java.lang.Integer.toString(counter)) + .png)): null

2018-12-11 18:21:05 - [TEST_STEP][PASSED] - Statement - counter = counter + 1: null

2018-12-11 18:21:05 - [TEST_STEP][PASSED] - Statement - PreSaveFile = new java.io.File(((pathPrefix + java.lang.Integer.toString(counter)) + .png)): null

2018-12-11 18:21:05 - [TEST_STEP][PASSED] - Statement - counter = counter + 1: null

2018-12-11 18:21:05 - [TEST_STEP][PASSED] - Statement - PreSaveFile = new java.io.File(((pathPrefix + java.lang.Integer.toString(counter)) + .png)): null

2018-12-11 18:21:05 - [TEST_STEP][PASSED] - Statement - counter = counter + 1: null

2018-12-11 18:21:05 - [TEST_STEP][PASSED] - Statement - PreSaveFile = new java.io.File(((pathPrefix + java.lang.Integer.toString(counter)) + .png)): null

2018-12-11 18:21:05 - [TEST_STEP][PASSED] - Statement - counter = counter + 1: null

2018-12-11 18:21:05 - [TEST_STEP][PASSED] - Statement - PreSaveFile = new java.io.File(((pathPrefix + java.lang.Integer.toString(counter)) + .png)): null

2018-12-11 18:21:05 - [TEST_STEP][PASSED] - Statement - counter = counter + 1: null

2018-12-11 18:21:05 - [TEST_STEP][PASSED] - Statement - PreSaveFile = new java.io.File(((pathPrefix + java.lang.Integer.toString(counter)) + .png)): null

2018-12-11 18:21:05 - [TEST_STEP][PASSED] - Statement - counter = counter + 1: null

2018-12-11 18:21:05 - [TEST_STEP][PASSED] - Statement - PreSaveFile = new java.io.File(((pathPrefix + java.lang.Integer.toString(counter)) + .png)): null

2018-12-11 18:21:05 - [TEST_STEP][PASSED] - Statement - counter = counter + 1: null

2018-12-11 18:21:05 - [TEST_STEP][PASSED] - Statement - PreSaveFile = new java.io.File(((pathPrefix + java.lang.Integer.toString(counter)) + .png)): null

2018-12-11 18:21:05 - [TEST_STEP][PASSED] - Statement - counter = counter + 1: null

2018-12-11 18:21:05 - [TEST_STEP][PASSED] - Statement - PreSaveFile = new java.io.File(((pathPrefix + java.lang.Integer.toString(counter)) + .png)): null

2018-12-11 18:21:05 - [TEST_STEP][PASSED] - Statement - counter = counter + 1: null

2018-12-11 18:21:05 - [TEST_STEP][PASSED] - Statement - PreSaveFile = new java.io.File(((pathPrefix + java.lang.Integer.toString(counter)) + .png)): null

2018-12-11 18:21:05 - [TEST_STEP][PASSED] - Statement - counter = counter + 1: null

2018-12-11 18:21:05 - [TEST_STEP][PASSED] - Statement - PreSaveFile = new java.io.File(((pathPrefix + java.lang.Integer.toString(counter)) + .png)): null

2018-12-11 18:21:05 - [TEST_STEP][PASSED] - Statement - counter = counter + 1: null

2018-12-11 18:21:05 - [TEST_STEP][PASSED] - Statement - PreSaveFile = new java.io.File(((pathPrefix + java.lang.Integer.toString(counter)) + .png)): null

2018-12-11 18:21:05 - [TEST_STEP][PASSED] - Statement - counter = counter + 1: null

2018-12-11 18:21:05 - [TEST_STEP][PASSED] - Statement - PreSaveFile = new java.io.File(((pathPrefix + java.lang.Integer.toString(counter)) + .png)): null

2018-12-11 18:21:05 - [TEST_STEP][PASSED] - Statement - counter = counter + 1: null

2018-12-11 18:21:05 - [TEST_STEP][PASSED] - Statement - PreSaveFile = new java.io.File(((pathPrefix + java.lang.Integer.toString(counter)) + .png)): null

2018-12-11 18:21:05 - [TEST_STEP][PASSED] - Statement - counter = counter + 1: null

2018-12-11 18:21:05 - [TEST_STEP][PASSED] - Statement - PreSaveFile = new java.io.File(((pathPrefix + java.lang.Integer.toString(counter)) + .png)): null

2018-12-11 18:21:05 - [TEST_STEP][PASSED] - Statement - counter = counter + 1: null

2018-12-11 18:21:05 - [TEST_STEP][PASSED] - Statement - PreSaveFile = new java.io.File(((pathPrefix + java.lang.Integer.toString(counter)) + .png)): null

2018-12-11 18:21:05 - [TEST_STEP][PASSED] - Statement - counter = counter + 1: null

2018-12-11 18:21:05 - [TEST_STEP][PASSED] - Statement - PreSaveFile = new java.io.File(((pathPrefix + java.lang.Integer.toString(counter)) + .png)): null

2018-12-11 18:21:05 - [TEST_STEP][PASSED] - Statement - counter = counter + 1: null

2018-12-11 18:21:05 - [TEST_STEP][PASSED] - Statement - PreSaveFile = new java.io.File(((pathPrefix + java.lang.Integer.toString(counter)) + .png)): null

2018-12-11 18:21:05 - [TEST_STEP][PASSED] - Statement - counter = counter + 1: null

2018-12-11 18:21:05 - [TEST_STEP][PASSED] - Statement - PreSaveFile = new java.io.File(((pathPrefix + java.lang.Integer.toString(counter)) + .png)): null

2018-12-11 18:21:05 - [TEST_STEP][PASSED] - Statement - counter = counter + 1: null

2018-12-11 18:21:05 - [TEST_STEP][PASSED] - Statement - PreSaveFile = new java.io.File(((pathPrefix + java.lang.Integer.toString(counter)) + .png)): null

2018-12-11 18:21:05 - [TEST_STEP][PASSED] - Statement - counter = counter + 1: null

2018-12-11 18:21:05 - [TEST_STEP][PASSED] - Statement - PreSaveFile = new java.io.File(((pathPrefix + java.lang.Integer.toString(counter)) + .png)): null

2018-12-11 18:21:05 - [TEST_STEP][PASSED] - Statement - counter = counter + 1: null

2018-12-11 18:21:05 - [TEST_STEP][PASSED] - Statement - PreSaveFile = new java.io.File(((pathPrefix + java.lang.Integer.toString(counter)) + .png)): null

2018-12-11 18:21:05 - [TEST_STEP][PASSED] - Statement - counter = counter + 1: null

2018-12-11 18:21:05 - [TEST_STEP][PASSED] - Statement - PreSaveFile = new java.io.File(((pathPrefix + java.lang.Integer.toString(counter)) + .png)): null

2018-12-11 18:21:05 - [TEST_STEP][PASSED] - Statement - counter = counter + 1: null

2018-12-11 18:21:05 - [TEST_STEP][PASSED] - Statement - PreSaveFile = new java.io.File(((pathPrefix + java.lang.Integer.toString(counter)) + .png)): null

2018-12-11 18:21:05 - [TEST_STEP][PASSED] - Statement - counter = counter + 1: null

2018-12-11 18:21:05 - [TEST_STEP][PASSED] - Statement - PreSaveFile = new java.io.File(((pathPrefix + java.lang.Integer.toString(counter)) + .png)): null

2018-12-11 18:21:05 - [TEST_STEP][PASSED] - Statement - counter = counter + 1: null

2018-12-11 18:21:05 - [TEST_STEP][PASSED] - Statement - PreSaveFile = new java.io.File(((pathPrefix + java.lang.Integer.toString(counter)) + .png)): null

2018-12-11 18:21:05 - [TEST_STEP][PASSED] - Statement - counter = counter + 1: null

2018-12-11 18:21:05 - [TEST_STEP][PASSED] - Statement - PreSaveFile = new java.io.File(((pathPrefix + java.lang.Integer.toString(counter)) + .png)): null

2018-12-11 18:21:05 - [TEST_STEP][PASSED] - Statement - counter = counter + 1: null

2018-12-11 18:21:05 - [TEST_STEP][PASSED] - Statement - PreSaveFile = new java.io.File(((pathPrefix + java.lang.Integer.toString(counter)) + .png)): null

2018-12-11 18:21:05 - [TEST_STEP][PASSED] - Statement - counter = counter + 1: null

2018-12-11 18:21:05 - [TEST_STEP][PASSED] - Statement - PreSaveFile = new java.io.File(((pathPrefix + java.lang.Integer.toString(counter)) + .png)): null

2018-12-11 18:21:05 - [TEST_STEP][PASSED] - Statement - counter = counter + 1: null

2018-12-11 18:21:05 - [TEST_STEP][PASSED] - Statement - PreSaveFile = new java.io.File(((pathPrefix + java.lang.Integer.toString(counter)) + .png)): null

2018-12-11 18:21:05 - [TEST_STEP][PASSED] - Statement - counter = counter + 1: null

2018-12-11 18:21:05 - [TEST_STEP][PASSED] - Statement - PreSaveFile = new java.io.File(((pathPrefix + java.lang.Integer.toString(counter)) + .png)): null

2018-12-11 18:21:05 - [TEST_STEP][PASSED] - Statement - counter = counter + 1: null

2018-12-11 18:21:05 - [TEST_STEP][PASSED] - Statement - PreSaveFile = new java.io.File(((pathPrefix + java.lang.Integer.toString(counter)) + .png)): null

2018-12-11 18:21:05 - [TEST_STEP][PASSED] - Statement - counter = counter + 1: null

2018-12-11 18:21:05 - [TEST_STEP][PASSED] - Statement - PreSaveFile = new java.io.File(((pathPrefix + java.lang.Integer.toString(counter)) + .png)): null

2018-12-11 18:21:05 - [TEST_STEP][PASSED] - Statement - counter = counter + 1: null

2018-12-11 18:21:05 - [TEST_STEP][PASSED] - Statement - PreSaveFile = new java.io.File(((pathPrefix + java.lang.Integer.toString(counter)) + .png)): null

2018-12-11 18:21:05 - [TEST_STEP][PASSED] - Statement - counter = counter + 1: null

2018-12-11 18:21:05 - [TEST_STEP][PASSED] - Statement - PreSaveFile = new java.io.File(((pathPrefix + java.lang.Integer.toString(counter)) + .png)): null

2018-12-11 18:21:05 - [TEST_STEP][PASSED] - Statement - counter = counter + 1: null

2018-12-11 18:21:05 - [TEST_STEP][PASSED] - Statement - PreSaveFile = new java.io.File(((pathPrefix + java.lang.Integer.toString(counter)) + .png)): null

2018-12-11 18:21:05 - [TEST_STEP][PASSED] - Statement - counter = counter + 1: null

2018-12-11 18:21:05 - [TEST_STEP][PASSED] - Statement - PreSaveFile = new java.io.File(((pathPrefix + java.lang.Integer.toString(counter)) + .png)): null

2018-12-11 18:21:05 - [TEST_STEP][PASSED] - Statement - counter = counter + 1: null

2018-12-11 18:21:05 - [TEST_STEP][PASSED] - Statement - PreSaveFile = new java.io.File(((pathPrefix + java.lang.Integer.toString(counter)) + .png)): null

2018-12-11 18:21:05 - [TEST_STEP][PASSED] - Statement - counter = counter + 1: null

2018-12-11 18:21:05 - [TEST_STEP][PASSED] - Statement - PreSaveFile = new java.io.File(((pathPrefix + java.lang.Integer.toString(counter)) + .png)): null

2018-12-11 18:21:05 - [TEST_STEP][PASSED] - Statement - counter = counter + 1: null

2018-12-11 18:21:05 - [TEST_STEP][PASSED] - Statement - PreSaveFile = new java.io.File(((pathPrefix + java.lang.Integer.toString(counter)) + .png)): null

2018-12-11 18:21:05 - [TEST_STEP][PASSED] - Statement - finalPath = pathPrefix + java.lang.Integer.toString(counter) + ".png": null

2018-12-11 18:21:05 - [TEST_STEP][PASSED] - Statement - SaveFile = new java.io.File(finalPath): null

2018-12-11 18:21:05 - [TEST_STEP][PASSED] - Statement - Try: null

2018-12-11 18:21:05 - [TEST_STEP][PASSED] - Statement - org.apache.commons.io.FileUtils.copyFile(scrFile, SaveFile): null

2018-12-11 18:21:05 - [TEST_STEP][PASSED] - Statement - out.println("file kept"): null

2018-12-11 18:21:05 - [TEST_STEP][PASSED] - delay: Delayed 10 second(s)

2018-12-11 18:21:15 - [MESSAGE][PASSED] - Delayed 10 second(s)

2018-12-11 18:21:15 - [MESSAGE][PASSED] - Call Test Case 'Test Cases/Final Aug 2018 - PKS Automation/Common/Screenshoting tool' successfully

2018-12-11 18:21:15 - [TEST_STEP][PASSED] - callTestCase: Call Test Case 'Test Cases/Final Aug 2018 - PKS Automation/Registration Module/Log Out/log out avoiding katalon tagging' successfully

2018-12-11 18:21:15 - [TEST_CASE][PASSED] - Test Cases/Final Aug 2018 - PKS Automation/Registration Module/Log Out/log out avoiding katalon tagging: Test Cases/Final Aug 2018 - PKS Automation/Registration Module/Log Out/log out avoiding katalon tagging

2018-12-11 18:21:16 - [TEST_STEP][PASSED] - navigateToUrl: Navigate to 'https://assist2-uat.perkeso.gov.my/c/portal/logout' successfully

2018-12-11 18:21:16 - [MESSAGE][PASSED] - Navigate to 'https://assist2-uat.perkeso.gov.my/c/portal/logout' successfully

2018-12-11 18:21:16 - [MESSAGE][PASSED] - Call Test Case 'Test Cases/Final Aug 2018 - PKS Automation/Registration Module/Log Out/log out avoiding katalon tagging' successfully

2018-12-11 18:21:16 - [TEST_STEP][PASSED] - callTestCase: Call Test Case 'Test Cases/Final Aug 2018 - PKS Automation/Common/Workflow Owner Finder' successfully

2018-12-11 18:21:16 - [TEST_CASE][PASSED] - Test Cases/Final Aug 2018 - PKS Automation/Common/Workflow Owner Finder: Test Cases/Final Aug 2018 - PKS Automation/Common/Workflow Owner Finder

2018-12-11 18:21:16 - [TEST_STEP][PASSED] - openBrowser: Browser is opened with url: ''

2018-12-11 18:21:16 - [MESSAGE][WARNING] - A browser is already opened. Closing browser and opening a new one

2018-12-11 18:21:20 - [MESSAGE][PASSED] - Browser is opened with url: ''

2018-12-11 18:21:20 - [TEST_STEP][PASSED] - navigateToUrl: Navigate to 'https://assist2-uat.perkeso.gov.my/login' successfully

2018-12-11 18:21:21 - [MESSAGE][PASSED] - Navigate to 'https://assist2-uat.perkeso.gov.my/login' successfully

2018-12-11 18:21:21 - [TEST_STEP][PASSED] - delay: Delayed 5 second(s)

2018-12-11 18:21:26 - [MESSAGE][PASSED] - Delayed 5 second(s)

2018-12-11 18:21:26 - [TEST_STEP][PASSED] - setText: Text 'test@liferay.com' is set on object 'Object Repository/Final Object Repo/Login Page/Internal User/Email Address'

2018-12-11 18:21:27 - [MESSAGE][PASSED] - Text 'test@liferay.com' is set on object 'Object Repository/Final Object Repo/Login Page/Internal User/Email Address'

2018-12-11 18:21:27 - [TEST_STEP][PASSED] - click: Object: 'Object Repository/Final Object Repo/Login Page/Internal User/Next Button' is clicked on

2018-12-11 18:21:27 - [MESSAGE][PASSED] - Object: 'Object Repository/Final Object Repo/Login Page/Internal User/Next Button' is clicked on

2018-12-11 18:21:27 - [TEST_STEP][PASSED] - delay: Delayed 2 second(s)

2018-12-11 18:21:29 - [MESSAGE][PASSED] - Delayed 2 second(s)

2018-12-11 18:21:29 - [TEST_STEP][PASSED] - setText: Text 'test' is set on object 'Object Repository/Final Object Repo/Login Page/Internal User/Password'

2018-12-11 18:21:29 - [MESSAGE][PASSED] - Text 'test' is set on object 'Object Repository/Final Object Repo/Login Page/Internal User/Password'

2018-12-11 18:21:29 - [TEST_STEP][PASSED] - delay: Delayed 2 second(s)

2018-12-11 18:21:31 - [MESSAGE][PASSED] - Delayed 2 second(s)

2018-12-11 18:21:31 - [TEST_STEP][PASSED] - click: Object: 'Object Repository/Final Object Repo/Login Page/Internal User/Login Button' is clicked on

2018-12-11 18:21:31 - [MESSAGE][PASSED] - Object: 'Object Repository/Final Object Repo/Login Page/Internal User/Login Button' is clicked on

2018-12-11 18:21:31 - [TEST_STEP][PASSED] - Statement - tester = com.kms.katalon.core.testobject.ObjectRepository.findTestObject(Final Object Repo/Landing Page/Select to English): Finding Test Object with id 'Object Repository/Final Object Repo/Landing Page/Select to English'

2018-12-11 18:21:31 - [TEST_STEP][PASSED] - Statement - Try: Delayed 2 second(s)

2018-12-11 18:21:31 - [TEST_STEP][PASSED] - Statement - Checker = com.kms.katalon.core.webui.keyword.WebUiBuiltInKeywords.verifyElementNotPresent(tester, 3): Web element with id: 'Object Repository/Final Object Repo/Landing Page/Select to English' located by 'By.xpath: //a[@class = 'taglib-language-list-text' and @lang = 'en-US' and (contains(text(), 'EN') or contains(., 'EN'))]' is not present after '3' second(s)

2018-12-11 18:21:33 - [MESSAGE][PASSED] - Web element with id: 'Object Repository/Final Object Repo/Landing Page/Select to English' located by 'By.xpath: //a[@class = 'taglib-language-list-text' and @lang = 'en-US' and (contains(text(), 'EN') or contains(., 'EN'))]' is not present after '3' second(s)

2018-12-11 18:21:33 - [TEST_STEP][PASSED] - Statement - If (Checker == false): null

2018-12-11 18:21:33 - [TEST_STEP][PASSED] - delay: Delayed 2 second(s)

2018-12-11 18:21:35 - [MESSAGE][PASSED] - Delayed 2 second(s)

2018-12-11 18:21:35 - [TEST_STEP][PASSED] - delay: Delayed 5 second(s)

2018-12-11 18:21:40 - [MESSAGE][PASSED] - Delayed 5 second(s)

2018-12-11 18:21:40 - [TEST_STEP][PASSED] - mouseOver: Object: 'Object Repository/Final Object Repo/Landing Page/WorkFlow Menu' is hovered

2018-12-11 18:21:40 - [MESSAGE][PASSED] - Object: 'Object Repository/Final Object Repo/Landing Page/WorkFlow Menu' is hovered

2018-12-11 18:21:40 - [TEST_STEP][PASSED] - delay: Delayed 2 second(s)

2018-12-11 18:21:42 - [MESSAGE][PASSED] - Delayed 2 second(s)

2018-12-11 18:21:42 - [TEST_STEP][PASSED] - click: Object: 'Object Repository/Final Object Repo/Landing Page/Select to Workflow Listing' is clicked on

2018-12-11 18:21:43 - [MESSAGE][PASSED] - Object: 'Object Repository/Final Object Repo/Landing Page/Select to Workflow Listing' is clicked on

2018-12-11 18:21:43 - [TEST_STEP][PASSED] - delay: Delayed 2 second(s)

2018-12-11 18:21:45 - [MESSAGE][PASSED] - Delayed 2 second(s)

2018-12-11 18:21:45 - [TEST_STEP][PASSED] - click: Object: 'Object Repository/Final Object Repo/WorkFlow Listing Page/Search Information - To Put Ref No' is clicked on

2018-12-11 18:21:46 - [MESSAGE][PASSED] - Object: 'Object Repository/Final Object Repo/WorkFlow Listing Page/Search Information - To Put Ref No' is clicked on

2018-12-11 18:21:46 - [TEST_STEP][PASSED] - delay: Delayed 2 second(s)

2018-12-11 18:21:48 - [MESSAGE][PASSED] - Delayed 2 second(s)

2018-12-11 18:21:48 - [TEST_STEP][PASSED] - callTestCase: Call Test Case 'Test Cases/Final Aug 2018 - PKS Automation/Common/Reference Number Getter' successfully

2018-12-11 18:21:48 - [TEST_CASE][PASSED] - Test Cases/Final Aug 2018 - PKS Automation/Common/Reference Number Getter: Test Cases/Final Aug 2018 - PKS Automation/Common/Reference Number Getter

2018-12-11 18:21:48 - [TEST_STEP][PASSED] - Statement - Try: null

2018-12-11 18:21:48 - [TEST_STEP][PASSED] - Statement - RefNo = new java.io.File(C://Users//Admin//Desktop//PKS//Automation Reference Point//KatalonReference.txt): null

2018-12-11 18:21:48 - [TEST_STEP][PASSED] - Statement - bufferread = new java.io.BufferedReader(new java.io.FileReader(RefNo)): null

2018-12-11 18:21:48 - [TEST_STEP][PASSED] - Statement - readedVal = bufferread.readLine(): null

2018-12-11 18:21:48 - [TEST_STEP][PASSED] - Statement - out.println(CaseReferenceNo): null

2018-12-11 18:21:48 - [TEST_STEP][PASSED] - Statement - out.println(readedVal): null

2018-12-11 18:21:48 - [TEST_STEP][PASSED] - Statement - CaseReferenceNo = "": null

2018-12-11 18:21:48 - [TEST_STEP][PASSED] - Statement - CaseReferenceNo = readedVal: null

2018-12-11 18:21:48 - [MESSAGE][PASSED] - Call Test Case 'Test Cases/Final Aug 2018 - PKS Automation/Common/Reference Number Getter' successfully

2018-12-11 18:21:48 - [TEST_STEP][PASSED] - setText: Text 'CAN12201800002310' is set on object 'Object Repository/Final Object Repo/WorkFlow Listing Page/Ref No Set Text'

2018-12-11 18:21:48 - [MESSAGE][PASSED] - Text 'CAN12201800002310' is set on object 'Object Repository/Final Object Repo/WorkFlow Listing Page/Ref No Set Text'

2018-12-11 18:21:48 - [TEST_STEP][PASSED] - delay: Delayed 2 second(s)

2018-12-11 18:21:50 - [MESSAGE][PASSED] - Delayed 2 second(s)

2018-12-11 18:21:50 - [TEST_STEP][PASSED] - click: Object: 'Object Repository/Final Object Repo/WorkFlow Listing Page/Search Ref No Search Button' is clicked on

2018-12-11 18:21:50 - [MESSAGE][PASSED] - Object: 'Object Repository/Final Object Repo/WorkFlow Listing Page/Search Ref No Search Button' is clicked on

2018-12-11 18:21:50 - [TEST_STEP][PASSED] - delay: Delayed 6 second(s)

2018-12-11 18:21:56 - [MESSAGE][PASSED] - Delayed 6 second(s)

2018-12-11 18:21:56 - [TEST_STEP][PASSED] - click: Object: 'Object Repository/Final Object Repo/WorkFlow Listing Page/Click Continue Tooltip' is clicked on

2018-12-11 18:21:57 - [MESSAGE][PASSED] - Object: 'Object Repository/Final Object Repo/WorkFlow Listing Page/Click Continue Tooltip' is clicked on

2018-12-11 18:21:57 - [TEST_STEP][PASSED] - delay: Delayed 5 second(s)

2018-12-11 18:22:02 - [MESSAGE][PASSED] - Delayed 5 second(s)

2018-12-11 18:22:02 - [TEST_STEP][PASSED] - doubleClick: Object: 'Object Repository/Final Object Repo/WorkFlow Listing Page/Workflow Found - Listing 1' is double clicked on

2018-12-11 18:22:02 - [MESSAGE][PASSED] - Object: 'Object Repository/Final Object Repo/WorkFlow Listing Page/Workflow Found - Listing 1' is double clicked on

2018-12-11 18:22:02 - [TEST_STEP][PASSED] - Statement - println(OwnerID): null

2018-12-11 18:22:02 - [TEST_STEP][PASSED] - Statement - OwnerID = com.kms.katalon.core.webui.keyword.WebUiBuiltInKeywords.getText(com.kms.katalon.core.testobject.ObjectRepository.findTestObject(Final Object Repo/WorkFlow Listing Page/Workflow Found - Listing 1), STOP_ON_FAILURE): Text of object 'Object Repository/Final Object Repo/WorkFlow Listing Page/Workflow Found - Listing 1' is: 'JOHORro2'

2018-12-11 18:22:02 - [MESSAGE][PASSED] - Text of object 'Object Repository/Final Object Repo/WorkFlow Listing Page/Workflow Found - Listing 1' is: 'JOHORro2'

2018-12-11 18:22:02 - [TEST_STEP][PASSED] - Statement - OwnerID = OwnerID.toLowerCase() + "@gmail.com": null

2018-12-11 18:22:02 - [TEST_STEP][PASSED] - Statement - println(OwnerID): null

2018-12-11 18:22:02 - [TEST_STEP][PASSED] - delay: Delayed 2 second(s)

2018-12-11 18:22:04 - [MESSAGE][PASSED] - Delayed 2 second(s)

2018-12-11 18:22:04 - [MESSAGE][PASSED] - Call Test Case 'Test Cases/Final Aug 2018 - PKS Automation/Common/Workflow Owner Finder' successfully

2018-12-11 18:22:04 - [TEST_STEP][PASSED] - callTestCase: Call Test Case 'Test Cases/Final Aug 2018 - PKS Automation/Registration Module/Log Out/log out avoiding katalon tagging' successfully

2018-12-11 18:22:04 - [TEST_CASE][PASSED] - Test Cases/Final Aug 2018 - PKS Automation/Registration Module/Log Out/log out avoiding katalon tagging: Test Cases/Final Aug 2018 - PKS Automation/Registration Module/Log Out/log out avoiding katalon tagging

2018-12-11 18:22:04 - [TEST_STEP][PASSED] - navigateToUrl: Navigate to 'https://assist2-uat.perkeso.gov.my/c/portal/logout' successfully

2018-12-11 18:22:05 - [MESSAGE][PASSED] - Navigate to 'https://assist2-uat.perkeso.gov.my/c/portal/logout' successfully

2018-12-11 18:22:05 - [MESSAGE][PASSED] - Call Test Case 'Test Cases/Final Aug 2018 - PKS Automation/Registration Module/Log Out/log out avoiding katalon tagging' successfully

2018-12-11 18:22:05 - [TEST_STEP][PASSED] - delay: Delayed 2 second(s)

2018-12-11 18:22:07 - [MESSAGE][PASSED] - Delayed 2 second(s)

2018-12-11 18:22:07 - [TEST_STEP][PASSED] - setText: Text 'johorro2@gmail.com' is set on object 'Object Repository/Final Object Repo/Page_Update Add New Employee - ASSIST/Email TextBox'

2018-12-11 18:22:08 - [MESSAGE][PASSED] - Text 'johorro2@gmail.com' is set on object 'Object Repository/Final Object Repo/Page_Update Add New Employee - ASSIST/Email TextBox'

2018-12-11 18:22:08 - [TEST_STEP][PASSED] - click: Object: 'Object Repository/Final Object Repo/Page_Update Add New Employee - ASSIST/Next Button' is clicked on

2018-12-11 18:22:08 - [MESSAGE][PASSED] - Object: 'Object Repository/Final Object Repo/Page_Update Add New Employee - ASSIST/Next Button' is clicked on

2018-12-11 18:22:08 - [TEST_STEP][PASSED] - delay: Delayed 2 second(s)

2018-12-11 18:22:10 - [MESSAGE][PASSED] - Delayed 2 second(s)

2018-12-11 18:22:10 - [TEST_STEP][PASSED] - setText: Text 'Test1@3456789' is set on object 'Object Repository/Final Object Repo/Page_Update Add New Employee - ASSIST/Password TextBox'

2018-12-11 18:22:10 - [MESSAGE][PASSED] - Text 'Test1@3456789' is set on object 'Object Repository/Final Object Repo/Page_Update Add New Employee - ASSIST/Password TextBox'

2018-12-11 18:22:10 - [TEST_STEP][PASSED] - delay: Delayed 2 second(s)

2018-12-11 18:22:12 - [MESSAGE][PASSED] - Delayed 2 second(s)

2018-12-11 18:22:12 - [TEST_STEP][PASSED] - click: Object: 'Object Repository/Final Object Repo/Page_Update Add New Employee - ASSIST/Login Button' is clicked on

2018-12-11 18:22:12 - [MESSAGE][PASSED] - Object: 'Object Repository/Final Object Repo/Page_Update Add New Employee - ASSIST/Login Button' is clicked on

2018-12-11 18:22:12 - [TEST_STEP][PASSED] - delay: Delayed 4 second(s)

2018-12-11 18:22:16 - [MESSAGE][PASSED] - Delayed 4 second(s)

2018-12-11 18:22:16 - [TEST_STEP][PASSED] - Statement - Try: Delayed 2 second(s)

2018-12-11 18:22:16 - [TEST_STEP][PASSED] - Statement - Checker = false: null

2018-12-11 18:22:16 - [TEST_STEP][PASSED] - Statement - Checker = com.kms.katalon.core.webui.keyword.WebUiBuiltInKeywords.verifyElementHasAttribute(com.kms.katalon.core.testobject.ObjectRepository.findTestObject(Final Object Repo/Landing Page/BM Detecting), "href", 20, OPTIONAL): Object 'Object Repository/Final Object Repo/Landing Page/BM Detecting' has attribute 'href'

2018-12-11 18:22:16 - [MESSAGE][PASSED] - Object 'Object Repository/Final Object Repo/Landing Page/BM Detecting' has attribute 'href'

2018-12-11 18:22:16 - [TEST_STEP][PASSED] - Statement - out.println(Checker): null

2018-12-11 18:22:16 - [TEST_STEP][PASSED] - Statement - If (Checker == false): null

2018-12-11 18:22:16 - [TEST_STEP][PASSED] - Statement - Else: null

2018-12-11 18:22:16 - [TEST_STEP][PASSED] - delay: Delayed 2 second(s)

2018-12-11 18:22:18 - [MESSAGE][PASSED] - Delayed 2 second(s)

2018-12-11 18:22:18 - [TEST_STEP][PASSED] - delay: Delayed 4 second(s)

2018-12-11 18:22:22 - [MESSAGE][PASSED] - Delayed 4 second(s)

2018-12-11 18:22:22 - [TEST_STEP][PASSED] - click: Object: 'Object Repository/Final Object Repo/New Registration - Registration Module Pages/New Reg - OTC to RO/Special Case - All Related Objects/Expand to Search' is clicked on

2018-12-11 18:22:22 - [MESSAGE][PASSED] - Object: 'Object Repository/Final Object Repo/New Registration - Registration Module Pages/New Reg - OTC to RO/Special Case - All Related Objects/Expand to Search' is clicked on

2018-12-11 18:22:22 - [TEST_STEP][PASSED] - delay: Delayed 2 second(s)

2018-12-11 18:22:24 - [MESSAGE][PASSED] - Delayed 2 second(s)

2018-12-11 18:22:24 - [TEST_STEP][PASSED] - setText: Text 'CAN12201800002310' is set on object 'Object Repository/Final Object Repo/New Registration - Registration Module Pages/New Reg - OTC to RO/Special Case - All Related Objects/TextBox RefNo in Workbasket'

2018-12-11 18:22:25 - [MESSAGE][PASSED] - Text 'CAN12201800002310' is set on object 'Object Repository/Final Object Repo/New Registration - Registration Module Pages/New Reg - OTC to RO/Special Case - All Related Objects/TextBox RefNo in Workbasket'

2018-12-11 18:22:25 - [TEST_STEP][PASSED] - delay: Delayed 2 second(s)

2018-12-11 18:22:27 - [MESSAGE][PASSED] - Delayed 2 second(s)

2018-12-11 18:22:27 - [TEST_STEP][PASSED] - click: Object: 'Object Repository/Final Object Repo/New Registration - Registration Module Pages/New Reg - OTC to RO/Special Case - All Related Objects/Click Search' is clicked on

2018-12-11 18:22:27 - [MESSAGE][PASSED] - Object: 'Object Repository/Final Object Repo/New Registration - Registration Module Pages/New Reg - OTC to RO/Special Case - All Related Objects/Click Search' is clicked on

2018-12-11 18:22:27 - [TEST_STEP][PASSED] - delay: Delayed 2 second(s)

2018-12-11 18:22:29 - [MESSAGE][PASSED] - Delayed 2 second(s)

2018-12-11 18:22:29 - [TEST_STEP][PASSED] - click: Object: 'Object Repository/Final Object Repo/New Registration - Registration Module Pages/New Reg - OTC to RO/Special Case - All Related Objects/Click to Continue Workflow' is clicked on

2018-12-11 18:22:33 - [MESSAGE][PASSED] - Object: 'Object Repository/Final Object Repo/New Registration - Registration Module Pages/New Reg - OTC to RO/Special Case - All Related Objects/Click to Continue Workflow' is clicked on

2018-12-11 18:22:33 - [TEST_STEP][PASSED] - delay: Delayed 10 second(s)

2018-12-11 18:22:43 - [MESSAGE][PASSED] - Delayed 10 second(s)

2018-12-11 18:22:43 - [TEST_STEP][PASSED] - click: Object: 'Object Repository/Final Object Repo/New Registration - Registration Module Pages/New Reg - OTC to RO/Special Case - All Related Objects/Continue Button in verifying case' is clicked on

2018-12-11 18:22:46 - [MESSAGE][PASSED] - Object: 'Object Repository/Final Object Repo/New Registration - Registration Module Pages/New Reg - OTC to RO/Special Case - All Related Objects/Continue Button in verifying case' is clicked on

2018-12-11 18:22:46 - [TEST_STEP][PASSED] - delay: Delayed 2 second(s)

2018-12-11 18:22:48 - [MESSAGE][PASSED] - Delayed 2 second(s)

2018-12-11 18:22:48 - [TEST_STEP][PASSED] - click: Object: 'Object Repository/Final Object Repo/Page_Update Add New Employee - ASSIST/Save  Continue Button' is clicked on

2018-12-11 18:22:49 - [MESSAGE][PASSED] - Object: 'Object Repository/Final Object Repo/Page_Update Add New Employee - ASSIST/Save  Continue Button' is clicked on

2018-12-11 18:22:49 - [TEST_STEP][PASSED] - delay: Delayed 4 second(s)

2018-12-11 18:22:53 - [MESSAGE][PASSED] - Delayed 4 second(s)

2018-12-11 18:22:53 - [TEST_STEP][PASSED] - click: Object: 'Object Repository/Final Object Repo/Page_Update Add New Employee - ASSIST/Save  Continue Third Screen' is clicked on

2018-12-11 18:22:56 - [MESSAGE][PASSED] - Object: 'Object Repository/Final Object Repo/Page_Update Add New Employee - ASSIST/Save  Continue Third Screen' is clicked on

2018-12-11 18:22:56 - [TEST_STEP][PASSED] - delay: Delayed 4 second(s)

2018-12-11 18:23:00 - [MESSAGE][PASSED] - Delayed 4 second(s)

2018-12-11 18:23:00 - [TEST_STEP][PASSED] - click: Object: 'Object Repository/Final Object Repo/Page_Update Add New Employee - ASSIST/Save   Continue Supporting Doc Page' is clicked on

2018-12-11 18:23:00 - [MESSAGE][PASSED] - Object: 'Object Repository/Final Object Repo/Page_Update Add New Employee - ASSIST/Save   Continue Supporting Doc Page' is clicked on

2018-12-11 18:23:00 - [TEST_STEP][PASSED] - delay: Delayed 4 second(s)

2018-12-11 18:23:04 - [MESSAGE][PASSED] - Delayed 4 second(s)

2018-12-11 18:23:04 - [TEST_STEP][PASSED] - click: Object: 'Object Repository/Final Object Repo/Page_Update Add New Employee - ASSIST/Submit Button' is clicked on

2018-12-11 18:23:04 - [MESSAGE][PASSED] - Object: 'Object Repository/Final Object Repo/Page_Update Add New Employee - ASSIST/Submit Button' is clicked on

2018-12-11 18:23:04 - [TEST_STEP][PASSED] - delay: Delayed 4 second(s)

2018-12-11 18:23:08 - [MESSAGE][PASSED] - Delayed 4 second(s)

2018-12-11 18:23:08 - [TEST_STEP][PASSED] - click: Object: 'Object Repository/Final Object Repo/Page_Update Add New Employee - ASSIST/Confirm Submit Button' is clicked on

2018-12-11 18:23:08 - [MESSAGE][PASSED] - Object: 'Object Repository/Final Object Repo/Page_Update Add New Employee - ASSIST/Confirm Submit Button' is clicked on

2018-12-11 18:23:08 - [TEST_STEP][PASSED] - delay: Delayed 30 second(s)

2018-12-11 18:23:38 - [MESSAGE][PASSED] - Delayed 30 second(s)

2018-12-11 18:23:38 - [TEST_STEP][PASSED] - callTestCase: Call Test Case 'Test Cases/Final Aug 2018 - PKS Automation/Common/Screenshoting tool' successfully

2018-12-11 18:23:38 - [TEST_CASE][PASSED] - Test Cases/Final Aug 2018 - PKS Automation/Common/Screenshoting tool: Test Cases/Final Aug 2018 - PKS Automation/Common/Screenshoting tool

2018-12-11 18:23:38 - [TEST_STEP][PASSED] - delay: Delayed 15 second(s)

2018-12-11 18:23:53 - [MESSAGE][PASSED] - Delayed 15 second(s)

2018-12-11 18:23:53 - [TEST_STEP][PASSED] - Statement - driver = com.kms.katalon.core.webui.driver.DriverFactory.getWebDriver(): null

2018-12-11 18:23:53 - [TEST_STEP][PASSED] - Statement - driver.manage().timeouts().implicitlyWait(10, SECONDS): null

2018-12-11 18:23:53 - [TEST_STEP][PASSED] - Statement - PresavePath = KatalonScreenshots: null

2018-12-11 18:23:53 - [TEST_STEP][PASSED] - Statement - pathPrefix = "C:\Users\Public\Pictures\Sample Pictures\Katalon Screenshots\Automate Ending Screen": null

2018-12-11 18:23:53 - [TEST_STEP][PASSED] - Statement - finalPath = <not implemented yet for class: org.codehaus.groovy.ast.expr.EmptyExpression>: null

2018-12-11 18:23:53 - [TEST_STEP][PASSED] - Statement - scrFile = driver.getScreenshotAs(FILE): null

2018-12-11 18:23:54 - [TEST_STEP][PASSED] - Statement - PreSaveFile = new java.io.File(PresavePath): null

2018-12-11 18:23:54 - [TEST_STEP][PASSED] - Statement - counter = 0: null

2018-12-11 18:23:54 - [TEST_STEP][PASSED] - Statement - If (PreSaveFile.exists()): null

2018-12-11 18:23:54 - [TEST_STEP][PASSED] - Statement - While (PreSaveFile.exists()): null

2018-12-11 18:23:54 - [TEST_STEP][PASSED] - Statement - counter = counter + 1: null

2018-12-11 18:23:54 - [TEST_STEP][PASSED] - Statement - PreSaveFile = new java.io.File(((pathPrefix + java.lang.Integer.toString(counter)) + .png)): null

2018-12-11 18:23:54 - [TEST_STEP][PASSED] - Statement - counter = counter + 1: null

2018-12-11 18:23:54 - [TEST_STEP][PASSED] - Statement - PreSaveFile = new java.io.File(((pathPrefix + java.lang.Integer.toString(counter)) + .png)): null

2018-12-11 18:23:54 - [TEST_STEP][PASSED] - Statement - counter = counter + 1: null

2018-12-11 18:23:54 - [TEST_STEP][PASSED] - Statement - PreSaveFile = new java.io.File(((pathPrefix + java.lang.Integer.toString(counter)) + .png)): null

2018-12-11 18:23:54 - [TEST_STEP][PASSED] - Statement - counter = counter + 1: null

2018-12-11 18:23:54 - [TEST_STEP][PASSED] - Statement - PreSaveFile = new java.io.File(((pathPrefix + java.lang.Integer.toString(counter)) + .png)): null

2018-12-11 18:23:54 - [TEST_STEP][PASSED] - Statement - counter = counter + 1: null

2018-12-11 18:23:54 - [TEST_STEP][PASSED] - Statement - PreSaveFile = new java.io.File(((pathPrefix + java.lang.Integer.toString(counter)) + .png)): null

2018-12-11 18:23:54 - [TEST_STEP][PASSED] - Statement - counter = counter + 1: null

2018-12-11 18:23:54 - [TEST_STEP][PASSED] - Statement - PreSaveFile = new java.io.File(((pathPrefix + java.lang.Integer.toString(counter)) + .png)): null

2018-12-11 18:23:54 - [TEST_STEP][PASSED] - Statement - counter = counter + 1: null

2018-12-11 18:23:54 - [TEST_STEP][PASSED] - Statement - PreSaveFile = new java.io.File(((pathPrefix + java.lang.Integer.toString(counter)) + .png)): null

2018-12-11 18:23:54 - [TEST_STEP][PASSED] - Statement - counter = counter + 1: null

2018-12-11 18:23:54 - [TEST_STEP][PASSED] - Statement - PreSaveFile = new java.io.File(((pathPrefix + java.lang.Integer.toString(counter)) + .png)): null

2018-12-11 18:23:54 - [TEST_STEP][PASSED] - Statement - counter = counter + 1: null

2018-12-11 18:23:54 - [TEST_STEP][PASSED] - Statement - PreSaveFile = new java.io.File(((pathPrefix + java.lang.Integer.toString(counter)) + .png)): null

2018-12-11 18:23:54 - [TEST_STEP][PASSED] - Statement - counter = counter + 1: null

2018-12-11 18:23:54 - [TEST_STEP][PASSED] - Statement - PreSaveFile = new java.io.File(((pathPrefix + java.lang.Integer.toString(counter)) + .png)): null

2018-12-11 18:23:54 - [TEST_STEP][PASSED] - Statement - counter = counter + 1: null

2018-12-11 18:23:54 - [TEST_STEP][PASSED] - Statement - PreSaveFile = new java.io.File(((pathPrefix + java.lang.Integer.toString(counter)) + .png)): null

2018-12-11 18:23:54 - [TEST_STEP][PASSED] - Statement - counter = counter + 1: null

2018-12-11 18:23:54 - [TEST_STEP][PASSED] - Statement - PreSaveFile = new java.io.File(((pathPrefix + java.lang.Integer.toString(counter)) + .png)): null

2018-12-11 18:23:54 - [TEST_STEP][PASSED] - Statement - counter = counter + 1: null

2018-12-11 18:23:54 - [TEST_STEP][PASSED] - Statement - PreSaveFile = new java.io.File(((pathPrefix + java.lang.Integer.toString(counter)) + .png)): null

2018-12-11 18:23:54 - [TEST_STEP][PASSED] - Statement - counter = counter + 1: null

2018-12-11 18:23:54 - [TEST_STEP][PASSED] - Statement - PreSaveFile = new java.io.File(((pathPrefix + java.lang.Integer.toString(counter)) + .png)): null

2018-12-11 18:23:54 - [TEST_STEP][PASSED] - Statement - counter = counter + 1: null

2018-12-11 18:23:54 - [TEST_STEP][PASSED] - Statement - PreSaveFile = new java.io.File(((pathPrefix + java.lang.Integer.toString(counter)) + .png)): null

2018-12-11 18:23:54 - [TEST_STEP][PASSED] - Statement - counter = counter + 1: null

2018-12-11 18:23:54 - [TEST_STEP][PASSED] - Statement - PreSaveFile = new java.io.File(((pathPrefix + java.lang.Integer.toString(counter)) + .png)): null

2018-12-11 18:23:54 - [TEST_STEP][PASSED] - Statement - counter = counter + 1: null

2018-12-11 18:23:54 - [TEST_STEP][PASSED] - Statement - PreSaveFile = new java.io.File(((pathPrefix + java.lang.Integer.toString(counter)) + .png)): null

2018-12-11 18:23:54 - [TEST_STEP][PASSED] - Statement - counter = counter + 1: null

2018-12-11 18:23:54 - [TEST_STEP][PASSED] - Statement - PreSaveFile = new java.io.File(((pathPrefix + java.lang.Integer.toString(counter)) + .png)): null

2018-12-11 18:23:54 - [TEST_STEP][PASSED] - Statement - counter = counter + 1: null

2018-12-11 18:23:54 - [TEST_STEP][PASSED] - Statement - PreSaveFile = new java.io.File(((pathPrefix + java.lang.Integer.toString(counter)) + .png)): null

2018-12-11 18:23:54 - [TEST_STEP][PASSED] - Statement - counter = counter + 1: null

2018-12-11 18:23:54 - [TEST_STEP][PASSED] - Statement - PreSaveFile = new java.io.File(((pathPrefix + java.lang.Integer.toString(counter)) + .png)): null

2018-12-11 18:23:54 - [TEST_STEP][PASSED] - Statement - counter = counter + 1: null

2018-12-11 18:23:54 - [TEST_STEP][PASSED] - Statement - PreSaveFile = new java.io.File(((pathPrefix + java.lang.Integer.toString(counter)) + .png)): null

2018-12-11 18:23:54 - [TEST_STEP][PASSED] - Statement - counter = counter + 1: null

2018-12-11 18:23:54 - [TEST_STEP][PASSED] - Statement - PreSaveFile = new java.io.File(((pathPrefix + java.lang.Integer.toString(counter)) + .png)): null

2018-12-11 18:23:54 - [TEST_STEP][PASSED] - Statement - counter = counter + 1: null

2018-12-11 18:23:54 - [TEST_STEP][PASSED] - Statement - PreSaveFile = new java.io.File(((pathPrefix + java.lang.Integer.toString(counter)) + .png)): null

2018-12-11 18:23:54 - [TEST_STEP][PASSED] - Statement - counter = counter + 1: null

2018-12-11 18:23:54 - [TEST_STEP][PASSED] - Statement - PreSaveFile = new java.io.File(((pathPrefix + java.lang.Integer.toString(counter)) + .png)): null

2018-12-11 18:23:54 - [TEST_STEP][PASSED] - Statement - counter = counter + 1: null

2018-12-11 18:23:54 - [TEST_STEP][PASSED] - Statement - PreSaveFile = new java.io.File(((pathPrefix + java.lang.Integer.toString(counter)) + .png)): null

2018-12-11 18:23:54 - [TEST_STEP][PASSED] - Statement - counter = counter + 1: null

2018-12-11 18:23:54 - [TEST_STEP][PASSED] - Statement - PreSaveFile = new java.io.File(((pathPrefix + java.lang.Integer.toString(counter)) + .png)): null

2018-12-11 18:23:54 - [TEST_STEP][PASSED] - Statement - counter = counter + 1: null

2018-12-11 18:23:54 - [TEST_STEP][PASSED] - Statement - PreSaveFile = new java.io.File(((pathPrefix + java.lang.Integer.toString(counter)) + .png)): null

2018-12-11 18:23:54 - [TEST_STEP][PASSED] - Statement - counter = counter + 1: null

2018-12-11 18:23:54 - [TEST_STEP][PASSED] - Statement - PreSaveFile = new java.io.File(((pathPrefix + java.lang.Integer.toString(counter)) + .png)): null

2018-12-11 18:23:54 - [TEST_STEP][PASSED] - Statement - counter = counter + 1: null

2018-12-11 18:23:54 - [TEST_STEP][PASSED] - Statement - PreSaveFile = new java.io.File(((pathPrefix + java.lang.Integer.toString(counter)) + .png)): null

2018-12-11 18:23:54 - [TEST_STEP][PASSED] - Statement - counter = counter + 1: null

2018-12-11 18:23:54 - [TEST_STEP][PASSED] - Statement - PreSaveFile = new java.io.File(((pathPrefix + java.lang.Integer.toString(counter)) + .png)): null

2018-12-11 18:23:54 - [TEST_STEP][PASSED] - Statement - counter = counter + 1: null

2018-12-11 18:23:54 - [TEST_STEP][PASSED] - Statement - PreSaveFile = new java.io.File(((pathPrefix + java.lang.Integer.toString(counter)) + .png)): null

2018-12-11 18:23:54 - [TEST_STEP][PASSED] - Statement - counter = counter + 1: null

2018-12-11 18:23:54 - [TEST_STEP][PASSED] - Statement - PreSaveFile = new java.io.File(((pathPrefix + java.lang.Integer.toString(counter)) + .png)): null

2018-12-11 18:23:54 - [TEST_STEP][PASSED] - Statement - counter = counter + 1: null

2018-12-11 18:23:54 - [TEST_STEP][PASSED] - Statement - PreSaveFile = new java.io.File(((pathPrefix + java.lang.Integer.toString(counter)) + .png)): null

2018-12-11 18:23:54 - [TEST_STEP][PASSED] - Statement - counter = counter + 1: null

2018-12-11 18:23:54 - [TEST_STEP][PASSED] - Statement - PreSaveFile = new java.io.File(((pathPrefix + java.lang.Integer.toString(counter)) + .png)): null

2018-12-11 18:23:54 - [TEST_STEP][PASSED] - Statement - counter = counter + 1: null

2018-12-11 18:23:54 - [TEST_STEP][PASSED] - Statement - PreSaveFile = new java.io.File(((pathPrefix + java.lang.Integer.toString(counter)) + .png)): null

2018-12-11 18:23:54 - [TEST_STEP][PASSED] - Statement - counter = counter + 1: null

2018-12-11 18:23:54 - [TEST_STEP][PASSED] - Statement - PreSaveFile = new java.io.File(((pathPrefix + java.lang.Integer.toString(counter)) + .png)): null

2018-12-11 18:23:54 - [TEST_STEP][PASSED] - Statement - counter = counter + 1: null

2018-12-11 18:23:54 - [TEST_STEP][PASSED] - Statement - PreSaveFile = new java.io.File(((pathPrefix + java.lang.Integer.toString(counter)) + .png)): null

2018-12-11 18:23:54 - [TEST_STEP][PASSED] - Statement - counter = counter + 1: null

2018-12-11 18:23:54 - [TEST_STEP][PASSED] - Statement - PreSaveFile = new java.io.File(((pathPrefix + java.lang.Integer.toString(counter)) + .png)): null

2018-12-11 18:23:54 - [TEST_STEP][PASSED] - Statement - counter = counter + 1: null

2018-12-11 18:23:54 - [TEST_STEP][PASSED] - Statement - PreSaveFile = new java.io.File(((pathPrefix + java.lang.Integer.toString(counter)) + .png)): null

2018-12-11 18:23:54 - [TEST_STEP][PASSED] - Statement - counter = counter + 1: null

2018-12-11 18:23:54 - [TEST_STEP][PASSED] - Statement - PreSaveFile = new java.io.File(((pathPrefix + java.lang.Integer.toString(counter)) + .png)): null

2018-12-11 18:23:54 - [TEST_STEP][PASSED] - Statement - counter = counter + 1: null

2018-12-11 18:23:54 - [TEST_STEP][PASSED] - Statement - PreSaveFile = new java.io.File(((pathPrefix + java.lang.Integer.toString(counter)) + .png)): null

2018-12-11 18:23:54 - [TEST_STEP][PASSED] - Statement - counter = counter + 1: null

2018-12-11 18:23:54 - [TEST_STEP][PASSED] - Statement - PreSaveFile = new java.io.File(((pathPrefix + java.lang.Integer.toString(counter)) + .png)): null

2018-12-11 18:23:54 - [TEST_STEP][PASSED] - Statement - counter = counter + 1: null

2018-12-11 18:23:54 - [TEST_STEP][PASSED] - Statement - PreSaveFile = new java.io.File(((pathPrefix + java.lang.Integer.toString(counter)) + .png)): null

2018-12-11 18:23:54 - [TEST_STEP][PASSED] - Statement - counter = counter + 1: null

2018-12-11 18:23:54 - [TEST_STEP][PASSED] - Statement - PreSaveFile = new java.io.File(((pathPrefix + java.lang.Integer.toString(counter)) + .png)): null

2018-12-11 18:23:54 - [TEST_STEP][PASSED] - Statement - counter = counter + 1: null

2018-12-11 18:23:54 - [TEST_STEP][PASSED] - Statement - PreSaveFile = new java.io.File(((pathPrefix + java.lang.Integer.toString(counter)) + .png)): null

2018-12-11 18:23:54 - [TEST_STEP][PASSED] - Statement - counter = counter + 1: null

2018-12-11 18:23:54 - [TEST_STEP][PASSED] - Statement - PreSaveFile = new java.io.File(((pathPrefix + java.lang.Integer.toString(counter)) + .png)): null

2018-12-11 18:23:54 - [TEST_STEP][PASSED] - Statement - counter = counter + 1: null

2018-12-11 18:23:54 - [TEST_STEP][PASSED] - Statement - PreSaveFile = new java.io.File(((pathPrefix + java.lang.Integer.toString(counter)) + .png)): null

2018-12-11 18:23:54 - [TEST_STEP][PASSED] - Statement - counter = counter + 1: null

2018-12-11 18:23:54 - [TEST_STEP][PASSED] - Statement - PreSaveFile = new java.io.File(((pathPrefix + java.lang.Integer.toString(counter)) + .png)): null

2018-12-11 18:23:54 - [TEST_STEP][PASSED] - Statement - counter = counter + 1: null

2018-12-11 18:23:54 - [TEST_STEP][PASSED] - Statement - PreSaveFile = new java.io.File(((pathPrefix + java.lang.Integer.toString(counter)) + .png)): null

2018-12-11 18:23:54 - [TEST_STEP][PASSED] - Statement - counter = counter + 1: null

2018-12-11 18:23:54 - [TEST_STEP][PASSED] - Statement - PreSaveFile = new java.io.File(((pathPrefix + java.lang.Integer.toString(counter)) + .png)): null

2018-12-11 18:23:54 - [TEST_STEP][PASSED] - Statement - counter = counter + 1: null

2018-12-11 18:23:54 - [TEST_STEP][PASSED] - Statement - PreSaveFile = new java.io.File(((pathPrefix + java.lang.Integer.toString(counter)) + .png)): null

2018-12-11 18:23:54 - [TEST_STEP][PASSED] - Statement - counter = counter + 1: null

2018-12-11 18:23:54 - [TEST_STEP][PASSED] - Statement - PreSaveFile = new java.io.File(((pathPrefix + java.lang.Integer.toString(counter)) + .png)): null

2018-12-11 18:23:54 - [TEST_STEP][PASSED] - Statement - counter = counter + 1: null

2018-12-11 18:23:54 - [TEST_STEP][PASSED] - Statement - PreSaveFile = new java.io.File(((pathPrefix + java.lang.Integer.toString(counter)) + .png)): null

2018-12-11 18:23:54 - [TEST_STEP][PASSED] - Statement - counter = counter + 1: null

2018-12-11 18:23:54 - [TEST_STEP][PASSED] - Statement - PreSaveFile = new java.io.File(((pathPrefix + java.lang.Integer.toString(counter)) + .png)): null

2018-12-11 18:23:54 - [TEST_STEP][PASSED] - Statement - counter = counter + 1: null

2018-12-11 18:23:54 - [TEST_STEP][PASSED] - Statement - PreSaveFile = new java.io.File(((pathPrefix + java.lang.Integer.toString(counter)) + .png)): null

2018-12-11 18:23:54 - [TEST_STEP][PASSED] - Statement - counter = counter + 1: null

2018-12-11 18:23:54 - [TEST_STEP][PASSED] - Statement - PreSaveFile = new java.io.File(((pathPrefix + java.lang.Integer.toString(counter)) + .png)): null

2018-12-11 18:23:54 - [TEST_STEP][PASSED] - Statement - counter = counter + 1: null

2018-12-11 18:23:54 - [TEST_STEP][PASSED] - Statement - PreSaveFile = new java.io.File(((pathPrefix + java.lang.Integer.toString(counter)) + .png)): null

2018-12-11 18:23:54 - [TEST_STEP][PASSED] - Statement - counter = counter + 1: null

2018-12-11 18:23:54 - [TEST_STEP][PASSED] - Statement - PreSaveFile = new java.io.File(((pathPrefix + java.lang.Integer.toString(counter)) + .png)): null

2018-12-11 18:23:54 - [TEST_STEP][PASSED] - Statement - counter = counter + 1: null

2018-12-11 18:23:54 - [TEST_STEP][PASSED] - Statement - PreSaveFile = new java.io.File(((pathPrefix + java.lang.Integer.toString(counter)) + .png)): null

2018-12-11 18:23:54 - [TEST_STEP][PASSED] - Statement - counter = counter + 1: null

2018-12-11 18:23:54 - [TEST_STEP][PASSED] - Statement - PreSaveFile = new java.io.File(((pathPrefix + java.lang.Integer.toString(counter)) + .png)): null

2018-12-11 18:23:54 - [TEST_STEP][PASSED] - Statement - counter = counter + 1: null

2018-12-11 18:23:54 - [TEST_STEP][PASSED] - Statement - PreSaveFile = new java.io.File(((pathPrefix + java.lang.Integer.toString(counter)) + .png)): null

2018-12-11 18:23:54 - [TEST_STEP][PASSED] - Statement - counter = counter + 1: null

2018-12-11 18:23:54 - [TEST_STEP][PASSED] - Statement - PreSaveFile = new java.io.File(((pathPrefix + java.lang.Integer.toString(counter)) + .png)): null

2018-12-11 18:23:54 - [TEST_STEP][PASSED] - Statement - counter = counter + 1: null

2018-12-11 18:23:54 - [TEST_STEP][PASSED] - Statement - PreSaveFile = new java.io.File(((pathPrefix + java.lang.Integer.toString(counter)) + .png)): null

2018-12-11 18:23:54 - [TEST_STEP][PASSED] - Statement - counter = counter + 1: null

2018-12-11 18:23:54 - [TEST_STEP][PASSED] - Statement - PreSaveFile = new java.io.File(((pathPrefix + java.lang.Integer.toString(counter)) + .png)): null

2018-12-11 18:23:54 - [TEST_STEP][PASSED] - Statement - counter = counter + 1: null

2018-12-11 18:23:54 - [TEST_STEP][PASSED] - Statement - PreSaveFile = new java.io.File(((pathPrefix + java.lang.Integer.toString(counter)) + .png)): null

2018-12-11 18:23:54 - [TEST_STEP][PASSED] - Statement - counter = counter + 1: null

2018-12-11 18:23:54 - [TEST_STEP][PASSED] - Statement - PreSaveFile = new java.io.File(((pathPrefix + java.lang.Integer.toString(counter)) + .png)): null

2018-12-11 18:23:54 - [TEST_STEP][PASSED] - Statement - counter = counter + 1: null

2018-12-11 18:23:54 - [TEST_STEP][PASSED] - Statement - PreSaveFile = new java.io.File(((pathPrefix + java.lang.Integer.toString(counter)) + .png)): null

2018-12-11 18:23:54 - [TEST_STEP][PASSED] - Statement - counter = counter + 1: null

2018-12-11 18:23:54 - [TEST_STEP][PASSED] - Statement - PreSaveFile = new java.io.File(((pathPrefix + java.lang.Integer.toString(counter)) + .png)): null

2018-12-11 18:23:54 - [TEST_STEP][PASSED] - Statement - counter = counter + 1: null

2018-12-11 18:23:54 - [TEST_STEP][PASSED] - Statement - PreSaveFile = new java.io.File(((pathPrefix + java.lang.Integer.toString(counter)) + .png)): null

2018-12-11 18:23:54 - [TEST_STEP][PASSED] - Statement - counter = counter + 1: null

2018-12-11 18:23:54 - [TEST_STEP][PASSED] - Statement - PreSaveFile = new java.io.File(((pathPrefix + java.lang.Integer.toString(counter)) + .png)): null

2018-12-11 18:23:54 - [TEST_STEP][PASSED] - Statement - counter = counter + 1: null

2018-12-11 18:23:54 - [TEST_STEP][PASSED] - Statement - PreSaveFile = new java.io.File(((pathPrefix + java.lang.Integer.toString(counter)) + .png)): null

2018-12-11 18:23:54 - [TEST_STEP][PASSED] - Statement - counter = counter + 1: null

2018-12-11 18:23:54 - [TEST_STEP][PASSED] - Statement - PreSaveFile = new java.io.File(((pathPrefix + java.lang.Integer.toString(counter)) + .png)): null

2018-12-11 18:23:54 - [TEST_STEP][PASSED] - Statement - counter = counter + 1: null

2018-12-11 18:23:54 - [TEST_STEP][PASSED] - Statement - PreSaveFile = new java.io.File(((pathPrefix + java.lang.Integer.toString(counter)) + .png)): null

2018-12-11 18:23:54 - [TEST_STEP][PASSED] - Statement - counter = counter + 1: null

2018-12-11 18:23:54 - [TEST_STEP][PASSED] - Statement - PreSaveFile = new java.io.File(((pathPrefix + java.lang.Integer.toString(counter)) + .png)): null

2018-12-11 18:23:54 - [TEST_STEP][PASSED] - Statement - counter = counter + 1: null

2018-12-11 18:23:54 - [TEST_STEP][PASSED] - Statement - PreSaveFile = new java.io.File(((pathPrefix + java.lang.Integer.toString(counter)) + .png)): null

2018-12-11 18:23:54 - [TEST_STEP][PASSED] - Statement - counter = counter + 1: null

2018-12-11 18:23:54 - [TEST_STEP][PASSED] - Statement - PreSaveFile = new java.io.File(((pathPrefix + java.lang.Integer.toString(counter)) + .png)): null

2018-12-11 18:23:54 - [TEST_STEP][PASSED] - Statement - counter = counter + 1: null

2018-12-11 18:23:54 - [TEST_STEP][PASSED] - Statement - PreSaveFile = new java.io.File(((pathPrefix + java.lang.Integer.toString(counter)) + .png)): null

2018-12-11 18:23:54 - [TEST_STEP][PASSED] - Statement - counter = counter + 1: null

2018-12-11 18:23:54 - [TEST_STEP][PASSED] - Statement - PreSaveFile = new java.io.File(((pathPrefix + java.lang.Integer.toString(counter)) + .png)): null

2018-12-11 18:23:54 - [TEST_STEP][PASSED] - Statement - counter = counter + 1: null

2018-12-11 18:23:54 - [TEST_STEP][PASSED] - Statement - PreSaveFile = new java.io.File(((pathPrefix + java.lang.Integer.toString(counter)) + .png)): null

2018-12-11 18:23:54 - [TEST_STEP][PASSED] - Statement - counter = counter + 1: null

2018-12-11 18:23:54 - [TEST_STEP][PASSED] - Statement - PreSaveFile = new java.io.File(((pathPrefix + java.lang.Integer.toString(counter)) + .png)): null

2018-12-11 18:23:54 - [TEST_STEP][PASSED] - Statement - counter = counter + 1: null

2018-12-11 18:23:54 - [TEST_STEP][PASSED] - Statement - PreSaveFile = new java.io.File(((pathPrefix + java.lang.Integer.toString(counter)) + .png)): null

2018-12-11 18:23:54 - [TEST_STEP][PASSED] - Statement - counter = counter + 1: null

2018-12-11 18:23:54 - [TEST_STEP][PASSED] - Statement - PreSaveFile = new java.io.File(((pathPrefix + java.lang.Integer.toString(counter)) + .png)): null

2018-12-11 18:23:54 - [TEST_STEP][PASSED] - Statement - counter = counter + 1: null

2018-12-11 18:23:54 - [TEST_STEP][PASSED] - Statement - PreSaveFile = new java.io.File(((pathPrefix + java.lang.Integer.toString(counter)) + .png)): null

2018-12-11 18:23:54 - [TEST_STEP][PASSED] - Statement - counter = counter + 1: null

2018-12-11 18:23:54 - [TEST_STEP][PASSED] - Statement - PreSaveFile = new java.io.File(((pathPrefix + java.lang.Integer.toString(counter)) + .png)): null

2018-12-11 18:23:54 - [TEST_STEP][PASSED] - Statement - counter = counter + 1: null

2018-12-11 18:23:54 - [TEST_STEP][PASSED] - Statement - PreSaveFile = new java.io.File(((pathPrefix + java.lang.Integer.toString(counter)) + .png)): null

2018-12-11 18:23:54 - [TEST_STEP][PASSED] - Statement - counter = counter + 1: null

2018-12-11 18:23:54 - [TEST_STEP][PASSED] - Statement - PreSaveFile = new java.io.File(((pathPrefix + java.lang.Integer.toString(counter)) + .png)): null

2018-12-11 18:23:54 - [TEST_STEP][PASSED] - Statement - counter = counter + 1: null

2018-12-11 18:23:54 - [TEST_STEP][PASSED] - Statement - PreSaveFile = new java.io.File(((pathPrefix + java.lang.Integer.toString(counter)) + .png)): null

2018-12-11 18:23:54 - [TEST_STEP][PASSED] - Statement - counter = counter + 1: null

2018-12-11 18:23:54 - [TEST_STEP][PASSED] - Statement - PreSaveFile = new java.io.File(((pathPrefix + java.lang.Integer.toString(counter)) + .png)): null

2018-12-11 18:23:54 - [TEST_STEP][PASSED] - Statement - counter = counter + 1: null

2018-12-11 18:23:54 - [TEST_STEP][PASSED] - Statement - PreSaveFile = new java.io.File(((pathPrefix + java.lang.Integer.toString(counter)) + .png)): null

2018-12-11 18:23:54 - [TEST_STEP][PASSED] - Statement - counter = counter + 1: null

2018-12-11 18:23:54 - [TEST_STEP][PASSED] - Statement - PreSaveFile = new java.io.File(((pathPrefix + java.lang.Integer.toString(counter)) + .png)): null

2018-12-11 18:23:54 - [TEST_STEP][PASSED] - Statement - counter = counter + 1: null

2018-12-11 18:23:54 - [TEST_STEP][PASSED] - Statement - PreSaveFile = new java.io.File(((pathPrefix + java.lang.Integer.toString(counter)) + .png)): null

2018-12-11 18:23:54 - [TEST_STEP][PASSED] - Statement - counter = counter + 1: null

2018-12-11 18:23:54 - [TEST_STEP][PASSED] - Statement - PreSaveFile = new java.io.File(((pathPrefix + java.lang.Integer.toString(counter)) + .png)): null

2018-12-11 18:23:54 - [TEST_STEP][PASSED] - Statement - counter = counter + 1: null

2018-12-11 18:23:54 - [TEST_STEP][PASSED] - Statement - PreSaveFile = new java.io.File(((pathPrefix + java.lang.Integer.toString(counter)) + .png)): null

2018-12-11 18:23:54 - [TEST_STEP][PASSED] - Statement - counter = counter + 1: null

2018-12-11 18:23:54 - [TEST_STEP][PASSED] - Statement - PreSaveFile = new java.io.File(((pathPrefix + java.lang.Integer.toString(counter)) + .png)): null

2018-12-11 18:23:54 - [TEST_STEP][PASSED] - Statement - counter = counter + 1: null

2018-12-11 18:23:54 - [TEST_STEP][PASSED] - Statement - PreSaveFile = new java.io.File(((pathPrefix + java.lang.Integer.toString(counter)) + .png)): null

2018-12-11 18:23:54 - [TEST_STEP][PASSED] - Statement - counter = counter + 1: null

2018-12-11 18:23:54 - [TEST_STEP][PASSED] - Statement - PreSaveFile = new java.io.File(((pathPrefix + java.lang.Integer.toString(counter)) + .png)): null

2018-12-11 18:23:54 - [TEST_STEP][PASSED] - Statement - counter = counter + 1: null

2018-12-11 18:23:54 - [TEST_STEP][PASSED] - Statement - PreSaveFile = new java.io.File(((pathPrefix + java.lang.Integer.toString(counter)) + .png)): null

2018-12-11 18:23:54 - [TEST_STEP][PASSED] - Statement - counter = counter + 1: null

2018-12-11 18:23:54 - [TEST_STEP][PASSED] - Statement - PreSaveFile = new java.io.File(((pathPrefix + java.lang.Integer.toString(counter)) + .png)): null

2018-12-11 18:23:54 - [TEST_STEP][PASSED] - Statement - counter = counter + 1: null

2018-12-11 18:23:54 - [TEST_STEP][PASSED] - Statement - PreSaveFile = new java.io.File(((pathPrefix + java.lang.Integer.toString(counter)) + .png)): null

2018-12-11 18:23:54 - [TEST_STEP][PASSED] - Statement - counter = counter + 1: null

2018-12-11 18:23:54 - [TEST_STEP][PASSED] - Statement - PreSaveFile = new java.io.File(((pathPrefix + java.lang.Integer.toString(counter)) + .png)): null

2018-12-11 18:23:54 - [TEST_STEP][PASSED] - Statement - counter = counter + 1: null

2018-12-11 18:23:54 - [TEST_STEP][PASSED] - Statement - PreSaveFile = new java.io.File(((pathPrefix + java.lang.Integer.toString(counter)) + .png)): null

2018-12-11 18:23:54 - [TEST_STEP][PASSED] - Statement - counter = counter + 1: null

2018-12-11 18:23:54 - [TEST_STEP][PASSED] - Statement - PreSaveFile = new java.io.File(((pathPrefix + java.lang.Integer.toString(counter)) + .png)): null

2018-12-11 18:23:54 - [TEST_STEP][PASSED] - Statement - counter = counter + 1: null

2018-12-11 18:23:54 - [TEST_STEP][PASSED] - Statement - PreSaveFile = new java.io.File(((pathPrefix + java.lang.Integer.toString(counter)) + .png)): null

2018-12-11 18:23:54 - [TEST_STEP][PASSED] - Statement - counter = counter + 1: null

2018-12-11 18:23:54 - [TEST_STEP][PASSED] - Statement - PreSaveFile = new java.io.File(((pathPrefix + java.lang.Integer.toString(counter)) + .png)): null

2018-12-11 18:23:54 - [TEST_STEP][PASSED] - Statement - counter = counter + 1: null

2018-12-11 18:23:54 - [TEST_STEP][PASSED] - Statement - PreSaveFile = new java.io.File(((pathPrefix + java.lang.Integer.toString(counter)) + .png)): null

2018-12-11 18:23:54 - [TEST_STEP][PASSED] - Statement - counter = counter + 1: null

2018-12-11 18:23:54 - [TEST_STEP][PASSED] - Statement - PreSaveFile = new java.io.File(((pathPrefix + java.lang.Integer.toString(counter)) + .png)): null

2018-12-11 18:23:54 - [TEST_STEP][PASSED] - Statement - counter = counter + 1: null

2018-12-11 18:23:54 - [TEST_STEP][PASSED] - Statement - PreSaveFile = new java.io.File(((pathPrefix + java.lang.Integer.toString(counter)) + .png)): null

2018-12-11 18:23:54 - [TEST_STEP][PASSED] - Statement - counter = counter + 1: null

2018-12-11 18:23:54 - [TEST_STEP][PASSED] - Statement - PreSaveFile = new java.io.File(((pathPrefix + java.lang.Integer.toString(counter)) + .png)): null

2018-12-11 18:23:54 - [TEST_STEP][PASSED] - Statement - counter = counter + 1: null

2018-12-11 18:23:54 - [TEST_STEP][PASSED] - Statement - PreSaveFile = new java.io.File(((pathPrefix + java.lang.Integer.toString(counter)) + .png)): null

2018-12-11 18:23:54 - [TEST_STEP][PASSED] - Statement - counter = counter + 1: null

2018-12-11 18:23:54 - [TEST_STEP][PASSED] - Statement - PreSaveFile = new java.io.File(((pathPrefix + java.lang.Integer.toString(counter)) + .png)): null

2018-12-11 18:23:54 - [TEST_STEP][PASSED] - Statement - counter = counter + 1: null

2018-12-11 18:23:54 - [TEST_STEP][PASSED] - Statement - PreSaveFile = new java.io.File(((pathPrefix + java.lang.Integer.toString(counter)) + .png)): null

2018-12-11 18:23:54 - [TEST_STEP][PASSED] - Statement - counter = counter + 1: null

2018-12-11 18:23:54 - [TEST_STEP][PASSED] - Statement - PreSaveFile = new java.io.File(((pathPrefix + java.lang.Integer.toString(counter)) + .png)): null

2018-12-11 18:23:54 - [TEST_STEP][PASSED] - Statement - finalPath = pathPrefix + java.lang.Integer.toString(counter) + ".png": null

2018-12-11 18:23:54 - [TEST_STEP][PASSED] - Statement - SaveFile = new java.io.File(finalPath): null

2018-12-11 18:23:54 - [TEST_STEP][PASSED] - Statement - Try: null

2018-12-11 18:23:54 - [TEST_STEP][PASSED] - Statement - org.apache.commons.io.FileUtils.copyFile(scrFile, SaveFile): null

2018-12-11 18:23:54 - [TEST_STEP][PASSED] - Statement - out.println("file kept"): null

2018-12-11 18:23:54 - [TEST_STEP][PASSED] - delay: Delayed 10 second(s)

2018-12-11 18:24:04 - [MESSAGE][PASSED] - Delayed 10 second(s)

2018-12-11 18:24:04 - [MESSAGE][PASSED] - Call Test Case 'Test Cases/Final Aug 2018 - PKS Automation/Common/Screenshoting tool' successfully]]></system-out>
         <system-err><![CDATA[]]></system-err>
      </testcase>
      <system-out><![CDATA[2018-12-11 15:17:33 - [TEST_SUITE][FAILED] - Update Add New Employee: Test Cases/Final Aug 2018 - PKS Automation/Registration Module/Workflow/Update Add New Employee/Special Case (OTC - RO Query - OTC Upload Pending Case - RO Approve) FAILED because (of) (Stack trace: com.kms.katalon.core.exception.StepFailedException: Unable to wait for object 'Object Repository/Final Object Repo/New Registration - Registration Module Pages/Third Screen - Upload Supporting Doc- Preview/Save n Continue in SIP Employee Listing Page' to be clickable (Root cause: org.openqa.selenium.WebDriverException: chrome not reachable
  (Session info: chrome=70.0.3538.110)
  (Driver info: chromedriver=2.43.600210 (68dcf5eebde37173d4027fa8635e332711d2874a),platform=Windows NT 6.1.7601 SP1 x86_64) (WARNING: The server did not provide any stacktrace information)
Command duration or timeout: 0 milliseconds
Build info: version: '3.7.1', revision: '8a0099a', time: '2017-11-06T21:07:36.161Z'
System info: host: 'WIN7TEST02', ip: '10.20.3.72', os.name: 'Windows 7', os.arch: 'amd64', os.version: '6.1', java.version: '1.8.0_181'
Driver info: com.kms.katalon.selenium.driver.CChromeDriver
Capabilities {acceptInsecureCerts: false, acceptSslCerts: false, applicationCacheEnabled: false, browserConnectionEnabled: false, browserName: chrome, chrome: {chromedriverVersion: 2.43.600210 (68dcf5eebde371..., userDataDir: C:\Users\Admin\AppData\Loca...}, cssSelectorsEnabled: true, databaseEnabled: false, goog:chromeOptions: {debuggerAddress: localhost:60252}, handlesAlerts: true, hasTouchScreen: false, javascriptEnabled: true, locationContextEnabled: true, mobileEmulationEnabled: false, nativeEvents: true, networkConnectionEnabled: false, pageLoadStrategy: normal, platform: XP, platformName: XP, rotatable: false, setWindowRect: true, takesHeapSnapshot: true, takesScreenshot: true, unexpectedAlertBehaviour: , unhandledPromptBehavior: , version: 70.0.3538.110, webStorageEnabled: true}
Session ID: 3e94187ca70da5961da6eaab4237bd89
*** Element info: {Using=xpath, value=//a[@targets = 'baseMsgDivId' and @class = 'btn btn-lg blueBtn col-md-2 pull-right m-r-0 browserIdBtn' and (text() = ' SAVE & CONTINUE	
				' or . = ' SAVE & CONTINUE	
				')]})
	at com.kms.katalon.core.keyword.internal.KeywordMain.stepFailed(KeywordMain.groovy:32)
	at com.kms.katalon.core.webui.keyword.internal.WebUIKeywordMain.stepFailed(WebUIKeywordMain.groovy:65)
	at com.kms.katalon.core.webui.keyword.internal.WebUIKeywordMain.runKeyword(WebUIKeywordMain.groovy:27)
	at com.kms.katalon.core.webui.keyword.builtin.WaitForElementClickableKeyword.waitForElementClickable(WaitForElementClickableKeyword.groovy:108)
	at com.kms.katalon.core.webui.keyword.builtin.WaitForElementClickableKeyword.execute(WaitForElementClickableKeyword.groovy:68)
	at com.kms.katalon.core.keyword.internal.KeywordExecutor.executeKeywordForPlatform(KeywordExecutor.groovy:53)
	at com.kms.katalon.core.webui.keyword.WebUiBuiltInKeywords.waitForElementClickable(WebUiBuiltInKeywords.groovy:500)
	at com.kms.katalon.core.webui.keyword.WebUiBuiltInKeywords$waitForElementClickable$7.call(Unknown Source)
	at Script1534409664094.run(Script1534409664094.groovy:32)
	at com.kms.katalon.core.main.ScriptEngine.run(ScriptEngine.java:183)
	at com.kms.katalon.core.main.ScriptEngine.runScriptAsRawText(ScriptEngine.java:108)
	at com.kms.katalon.core.main.TestCaseExecutor.runScript(TestCaseExecutor.java:294)
	at com.kms.katalon.core.main.TestCaseExecutor.doExecute(TestCaseExecutor.java:285)
	at com.kms.katalon.core.main.TestCaseExecutor.processExecutionPhase(TestCaseExecutor.java:264)
	at com.kms.katalon.core.main.TestCaseExecutor.accessMainPhase(TestCaseExecutor.java:256)
	at com.kms.katalon.core.main.TestCaseExecutor.execute(TestCaseExecutor.java:200)
	at com.kms.katalon.core.main.TestCaseMain.runTestCase(TestCaseMain.java:99)
	at com.kms.katalon.core.keyword.builtin.CallTestCaseKeyword$_callTestCase_closure1.doCall(CallTestCaseKeyword.groovy:60)
	at com.kms.katalon.core.keyword.builtin.CallTestCaseKeyword$_callTestCase_closure1.call(CallTestCaseKeyword.groovy)
	at com.kms.katalon.core.keyword.internal.KeywordMain.runKeyword(KeywordMain.groovy:54)
	at com.kms.katalon.core.keyword.builtin.CallTestCaseKeyword.callTestCase(CallTestCaseKeyword.groovy:81)
	at com.kms.katalon.core.keyword.builtin.CallTestCaseKeyword.execute(CallTestCaseKeyword.groovy:45)
	at com.kms.katalon.core.keyword.internal.KeywordExecutor.executeKeywordForPlatform(KeywordExecutor.groovy:53)
	at com.kms.katalon.core.keyword.BuiltinKeywords.callTestCase(BuiltinKeywords.groovy:334)
	at sun.reflect.GeneratedMethodAccessor13.invoke(Unknown Source)
	at sun.reflect.DelegatingMethodAccessorImpl.invoke(DelegatingMethodAccessorImpl.java:43)
	at java.lang.reflect.Method.invoke(Method.java:498)
	at org.codehaus.groovy.reflection.CachedMethod.invoke(CachedMethod.java:93)
	at groovy.lang.MetaMethod.doMethodInvoke(MetaMethod.java:325)
	at groovy.lang.MetaClassImpl.invokeStaticMethod(MetaClassImpl.java:1469)
	at org.codehaus.groovy.runtime.callsite.StaticMetaClassSite.call(StaticMetaClassSite.java:53)
	at org.codehaus.groovy.runtime.callsite.AbstractCallSite.call(AbstractCallSite.java:141)
	at Script1536051799273.run(Script1536051799273.groovy:28)
	at com.kms.katalon.core.main.ScriptEngine.run(ScriptEngine.java:183)
	at com.kms.katalon.core.main.ScriptEngine.runScriptAsRawText(ScriptEngine.java:108)
	at com.kms.katalon.core.main.TestCaseExecutor.runScript(TestCaseExecutor.java:294)
	at com.kms.katalon.core.main.TestCaseExecutor.doExecute(TestCaseExecutor.java:285)
	at com.kms.katalon.core.main.TestCaseExecutor.processExecutionPhase(TestCaseExecutor.java:264)
	at com.kms.katalon.core.main.TestCaseExecutor.accessMainPhase(TestCaseExecutor.java:256)
	at com.kms.katalon.core.main.TestCaseExecutor.execute(TestCaseExecutor.java:200)
	at com.kms.katalon.core.main.TestCaseMain.runTestCase(TestCaseMain.java:99)
	at com.kms.katalon.core.keyword.builtin.CallTestCaseKeyword$_callTestCase_closure1.doCall(CallTestCaseKeyword.groovy:60)
	at com.kms.katalon.core.keyword.builtin.CallTestCaseKeyword$_callTestCase_closure1.call(CallTestCaseKeyword.groovy)
	at com.kms.katalon.core.keyword.internal.KeywordMain.runKeyword(KeywordMain.groovy:54)
	at com.kms.katalon.core.keyword.builtin.CallTestCaseKeyword.callTestCase(CallTestCaseKeyword.groovy:81)
	at com.kms.katalon.core.keyword.builtin.CallTestCaseKeyword.execute(CallTestCaseKeyword.groovy:45)
	at com.kms.katalon.core.keyword.internal.KeywordExecutor.executeKeywordForPlatform(KeywordExecutor.groovy:53)
	at com.kms.katalon.core.keyword.BuiltinKeywords.callTestCase(BuiltinKeywords.groovy:334)
	at sun.reflect.GeneratedMethodAccessor13.invoke(Unknown Source)
	at sun.reflect.DelegatingMethodAccessorImpl.invoke(DelegatingMethodAccessorImpl.java:43)
	at java.lang.reflect.Method.invoke(Method.java:498)
	at org.codehaus.groovy.reflection.CachedMethod.invoke(CachedMethod.java:93)
	at groovy.lang.MetaMethod.doMethodInvoke(MetaMethod.java:325)
	at groovy.lang.MetaClassImpl.invokeStaticMethod(MetaClassImpl.java:1469)
	at org.codehaus.groovy.runtime.callsite.StaticMetaClassSite.call(StaticMetaClassSite.java:53)
	at org.codehaus.groovy.runtime.callsite.CallSiteArray.defaultCall(CallSiteArray.java:48)
	at org.codehaus.groovy.runtime.callsite.AbstractCallSite.call(AbstractCallSite.java:113)
	at org.codehaus.groovy.runtime.callsite.AbstractCallSite.call(AbstractCallSite.java:141)
	at Script1536201277272.run(Script1536201277272.groovy:15)
	at com.kms.katalon.core.main.ScriptEngine.run(ScriptEngine.java:183)
	at com.kms.katalon.core.main.ScriptEngine.runScriptAsRawText(ScriptEngine.java:108)
	at com.kms.katalon.core.main.TestCaseExecutor.runScript(TestCaseExecutor.java:294)
	at com.kms.katalon.core.main.TestCaseExecutor.doExecute(TestCaseExecutor.java:285)
	at com.kms.katalon.core.main.TestCaseExecutor.processExecutionPhase(TestCaseExecutor.java:264)
	at com.kms.katalon.core.main.TestCaseExecutor.accessMainPhase(TestCaseExecutor.java:256)
	at com.kms.katalon.core.main.TestCaseExecutor.execute(TestCaseExecutor.java:200)
	at com.kms.katalon.core.main.TestSuiteExecutor.accessTestCaseMainPhase(TestSuiteExecutor.java:129)
	at com.kms.katalon.core.main.TestSuiteExecutor.accessTestSuiteMainPhase(TestSuiteExecutor.java:112)
	at com.kms.katalon.core.main.TestSuiteExecutor.execute(TestSuiteExecutor.java:81)
	at com.kms.katalon.core.main.TestCaseMain.startTestSuite(TestCaseMain.java:142)
	at com.kms.katalon.core.main.TestCaseMain$startTestSuite$0.call(Unknown Source)
	at org.codehaus.groovy.runtime.callsite.CallSiteArray.defaultCall(CallSiteArray.java:48)
	at org.codehaus.groovy.runtime.callsite.AbstractCallSite.call(AbstractCallSite.java:113)
	at org.codehaus.groovy.runtime.callsite.AbstractCallSite.call(AbstractCallSite.java:141)
	at TempTestSuite1544497307655.run(TempTestSuite1544497307655.groovy:36)
	at groovy.lang.GroovyShell.runScriptOrMainOrTestOrRunnable(GroovyShell.java:263)
	at groovy.lang.GroovyShell.run(GroovyShell.java:518)
	at groovy.lang.GroovyShell.run(GroovyShell.java:507)
	at groovy.ui.GroovyMain.processOnce(GroovyMain.java:653)
	at groovy.ui.GroovyMain.run(GroovyMain.java:384)
	at groovy.ui.GroovyMain.process(GroovyMain.java:370)
	at groovy.ui.GroovyMain.processArgs(GroovyMain.java:129)
	at groovy.ui.GroovyMain.main(GroovyMain.java:109)
	at sun.reflect.NativeMethodAccessorImpl.invoke0(Native Method)
	at sun.reflect.NativeMethodAccessorImpl.invoke(NativeMethodAccessorImpl.java:62)
	at sun.reflect.DelegatingMethodAccessorImpl.invoke(DelegatingMethodAccessorImpl.java:43)
	at java.lang.reflect.Method.invoke(Method.java:498)
	at org.codehaus.groovy.tools.GroovyStarter.rootLoader(GroovyStarter.java:109)
	at org.codehaus.groovy.tools.GroovyStarter.main(GroovyStarter.java:131)
)]]></system-out>
      <system-err><![CDATA[2018-12-11 15:17:33 - [TEST_SUITE][FAILED] - Update Add New Employee: Test Cases/Final Aug 2018 - PKS Automation/Registration Module/Workflow/Update Add New Employee/Special Case (OTC - RO Query - OTC Upload Pending Case - RO Approve) FAILED because (of) (Stack trace: com.kms.katalon.core.exception.StepFailedException: Unable to wait for object 'Object Repository/Final Object Repo/New Registration - Registration Module Pages/Third Screen - Upload Supporting Doc- Preview/Save n Continue in SIP Employee Listing Page' to be clickable (Root cause: org.openqa.selenium.WebDriverException: chrome not reachable
  (Session info: chrome=70.0.3538.110)
  (Driver info: chromedriver=2.43.600210 (68dcf5eebde37173d4027fa8635e332711d2874a),platform=Windows NT 6.1.7601 SP1 x86_64) (WARNING: The server did not provide any stacktrace information)
Command duration or timeout: 0 milliseconds
Build info: version: '3.7.1', revision: '8a0099a', time: '2017-11-06T21:07:36.161Z'
System info: host: 'WIN7TEST02', ip: '10.20.3.72', os.name: 'Windows 7', os.arch: 'amd64', os.version: '6.1', java.version: '1.8.0_181'
Driver info: com.kms.katalon.selenium.driver.CChromeDriver
Capabilities {acceptInsecureCerts: false, acceptSslCerts: false, applicationCacheEnabled: false, browserConnectionEnabled: false, browserName: chrome, chrome: {chromedriverVersion: 2.43.600210 (68dcf5eebde371..., userDataDir: C:\Users\Admin\AppData\Loca...}, cssSelectorsEnabled: true, databaseEnabled: false, goog:chromeOptions: {debuggerAddress: localhost:60252}, handlesAlerts: true, hasTouchScreen: false, javascriptEnabled: true, locationContextEnabled: true, mobileEmulationEnabled: false, nativeEvents: true, networkConnectionEnabled: false, pageLoadStrategy: normal, platform: XP, platformName: XP, rotatable: false, setWindowRect: true, takesHeapSnapshot: true, takesScreenshot: true, unexpectedAlertBehaviour: , unhandledPromptBehavior: , version: 70.0.3538.110, webStorageEnabled: true}
Session ID: 3e94187ca70da5961da6eaab4237bd89
*** Element info: {Using=xpath, value=//a[@targets = 'baseMsgDivId' and @class = 'btn btn-lg blueBtn col-md-2 pull-right m-r-0 browserIdBtn' and (text() = ' SAVE & CONTINUE	
				' or . = ' SAVE & CONTINUE	
				')]})
	at com.kms.katalon.core.keyword.internal.KeywordMain.stepFailed(KeywordMain.groovy:32)
	at com.kms.katalon.core.webui.keyword.internal.WebUIKeywordMain.stepFailed(WebUIKeywordMain.groovy:65)
	at com.kms.katalon.core.webui.keyword.internal.WebUIKeywordMain.runKeyword(WebUIKeywordMain.groovy:27)
	at com.kms.katalon.core.webui.keyword.builtin.WaitForElementClickableKeyword.waitForElementClickable(WaitForElementClickableKeyword.groovy:108)
	at com.kms.katalon.core.webui.keyword.builtin.WaitForElementClickableKeyword.execute(WaitForElementClickableKeyword.groovy:68)
	at com.kms.katalon.core.keyword.internal.KeywordExecutor.executeKeywordForPlatform(KeywordExecutor.groovy:53)
	at com.kms.katalon.core.webui.keyword.WebUiBuiltInKeywords.waitForElementClickable(WebUiBuiltInKeywords.groovy:500)
	at com.kms.katalon.core.webui.keyword.WebUiBuiltInKeywords$waitForElementClickable$7.call(Unknown Source)
	at Script1534409664094.run(Script1534409664094.groovy:32)
	at com.kms.katalon.core.main.ScriptEngine.run(ScriptEngine.java:183)
	at com.kms.katalon.core.main.ScriptEngine.runScriptAsRawText(ScriptEngine.java:108)
	at com.kms.katalon.core.main.TestCaseExecutor.runScript(TestCaseExecutor.java:294)
	at com.kms.katalon.core.main.TestCaseExecutor.doExecute(TestCaseExecutor.java:285)
	at com.kms.katalon.core.main.TestCaseExecutor.processExecutionPhase(TestCaseExecutor.java:264)
	at com.kms.katalon.core.main.TestCaseExecutor.accessMainPhase(TestCaseExecutor.java:256)
	at com.kms.katalon.core.main.TestCaseExecutor.execute(TestCaseExecutor.java:200)
	at com.kms.katalon.core.main.TestCaseMain.runTestCase(TestCaseMain.java:99)
	at com.kms.katalon.core.keyword.builtin.CallTestCaseKeyword$_callTestCase_closure1.doCall(CallTestCaseKeyword.groovy:60)
	at com.kms.katalon.core.keyword.builtin.CallTestCaseKeyword$_callTestCase_closure1.call(CallTestCaseKeyword.groovy)
	at com.kms.katalon.core.keyword.internal.KeywordMain.runKeyword(KeywordMain.groovy:54)
	at com.kms.katalon.core.keyword.builtin.CallTestCaseKeyword.callTestCase(CallTestCaseKeyword.groovy:81)
	at com.kms.katalon.core.keyword.builtin.CallTestCaseKeyword.execute(CallTestCaseKeyword.groovy:45)
	at com.kms.katalon.core.keyword.internal.KeywordExecutor.executeKeywordForPlatform(KeywordExecutor.groovy:53)
	at com.kms.katalon.core.keyword.BuiltinKeywords.callTestCase(BuiltinKeywords.groovy:334)
	at sun.reflect.GeneratedMethodAccessor13.invoke(Unknown Source)
	at sun.reflect.DelegatingMethodAccessorImpl.invoke(DelegatingMethodAccessorImpl.java:43)
	at java.lang.reflect.Method.invoke(Method.java:498)
	at org.codehaus.groovy.reflection.CachedMethod.invoke(CachedMethod.java:93)
	at groovy.lang.MetaMethod.doMethodInvoke(MetaMethod.java:325)
	at groovy.lang.MetaClassImpl.invokeStaticMethod(MetaClassImpl.java:1469)
	at org.codehaus.groovy.runtime.callsite.StaticMetaClassSite.call(StaticMetaClassSite.java:53)
	at org.codehaus.groovy.runtime.callsite.AbstractCallSite.call(AbstractCallSite.java:141)
	at Script1536051799273.run(Script1536051799273.groovy:28)
	at com.kms.katalon.core.main.ScriptEngine.run(ScriptEngine.java:183)
	at com.kms.katalon.core.main.ScriptEngine.runScriptAsRawText(ScriptEngine.java:108)
	at com.kms.katalon.core.main.TestCaseExecutor.runScript(TestCaseExecutor.java:294)
	at com.kms.katalon.core.main.TestCaseExecutor.doExecute(TestCaseExecutor.java:285)
	at com.kms.katalon.core.main.TestCaseExecutor.processExecutionPhase(TestCaseExecutor.java:264)
	at com.kms.katalon.core.main.TestCaseExecutor.accessMainPhase(TestCaseExecutor.java:256)
	at com.kms.katalon.core.main.TestCaseExecutor.execute(TestCaseExecutor.java:200)
	at com.kms.katalon.core.main.TestCaseMain.runTestCase(TestCaseMain.java:99)
	at com.kms.katalon.core.keyword.builtin.CallTestCaseKeyword$_callTestCase_closure1.doCall(CallTestCaseKeyword.groovy:60)
	at com.kms.katalon.core.keyword.builtin.CallTestCaseKeyword$_callTestCase_closure1.call(CallTestCaseKeyword.groovy)
	at com.kms.katalon.core.keyword.internal.KeywordMain.runKeyword(KeywordMain.groovy:54)
	at com.kms.katalon.core.keyword.builtin.CallTestCaseKeyword.callTestCase(CallTestCaseKeyword.groovy:81)
	at com.kms.katalon.core.keyword.builtin.CallTestCaseKeyword.execute(CallTestCaseKeyword.groovy:45)
	at com.kms.katalon.core.keyword.internal.KeywordExecutor.executeKeywordForPlatform(KeywordExecutor.groovy:53)
	at com.kms.katalon.core.keyword.BuiltinKeywords.callTestCase(BuiltinKeywords.groovy:334)
	at sun.reflect.GeneratedMethodAccessor13.invoke(Unknown Source)
	at sun.reflect.DelegatingMethodAccessorImpl.invoke(DelegatingMethodAccessorImpl.java:43)
	at java.lang.reflect.Method.invoke(Method.java:498)
	at org.codehaus.groovy.reflection.CachedMethod.invoke(CachedMethod.java:93)
	at groovy.lang.MetaMethod.doMethodInvoke(MetaMethod.java:325)
	at groovy.lang.MetaClassImpl.invokeStaticMethod(MetaClassImpl.java:1469)
	at org.codehaus.groovy.runtime.callsite.StaticMetaClassSite.call(StaticMetaClassSite.java:53)
	at org.codehaus.groovy.runtime.callsite.CallSiteArray.defaultCall(CallSiteArray.java:48)
	at org.codehaus.groovy.runtime.callsite.AbstractCallSite.call(AbstractCallSite.java:113)
	at org.codehaus.groovy.runtime.callsite.AbstractCallSite.call(AbstractCallSite.java:141)
	at Script1536201277272.run(Script1536201277272.groovy:15)
	at com.kms.katalon.core.main.ScriptEngine.run(ScriptEngine.java:183)
	at com.kms.katalon.core.main.ScriptEngine.runScriptAsRawText(ScriptEngine.java:108)
	at com.kms.katalon.core.main.TestCaseExecutor.runScript(TestCaseExecutor.java:294)
	at com.kms.katalon.core.main.TestCaseExecutor.doExecute(TestCaseExecutor.java:285)
	at com.kms.katalon.core.main.TestCaseExecutor.processExecutionPhase(TestCaseExecutor.java:264)
	at com.kms.katalon.core.main.TestCaseExecutor.accessMainPhase(TestCaseExecutor.java:256)
	at com.kms.katalon.core.main.TestCaseExecutor.execute(TestCaseExecutor.java:200)
	at com.kms.katalon.core.main.TestSuiteExecutor.accessTestCaseMainPhase(TestSuiteExecutor.java:129)
	at com.kms.katalon.core.main.TestSuiteExecutor.accessTestSuiteMainPhase(TestSuiteExecutor.java:112)
	at com.kms.katalon.core.main.TestSuiteExecutor.execute(TestSuiteExecutor.java:81)
	at com.kms.katalon.core.main.TestCaseMain.startTestSuite(TestCaseMain.java:142)
	at com.kms.katalon.core.main.TestCaseMain$startTestSuite$0.call(Unknown Source)
	at org.codehaus.groovy.runtime.callsite.CallSiteArray.defaultCall(CallSiteArray.java:48)
	at org.codehaus.groovy.runtime.callsite.AbstractCallSite.call(AbstractCallSite.java:113)
	at org.codehaus.groovy.runtime.callsite.AbstractCallSite.call(AbstractCallSite.java:141)
	at TempTestSuite1544497307655.run(TempTestSuite1544497307655.groovy:36)
	at groovy.lang.GroovyShell.runScriptOrMainOrTestOrRunnable(GroovyShell.java:263)
	at groovy.lang.GroovyShell.run(GroovyShell.java:518)
	at groovy.lang.GroovyShell.run(GroovyShell.java:507)
	at groovy.ui.GroovyMain.processOnce(GroovyMain.java:653)
	at groovy.ui.GroovyMain.run(GroovyMain.java:384)
	at groovy.ui.GroovyMain.process(GroovyMain.java:370)
	at groovy.ui.GroovyMain.processArgs(GroovyMain.java:129)
	at groovy.ui.GroovyMain.main(GroovyMain.java:109)
	at sun.reflect.NativeMethodAccessorImpl.invoke0(Native Method)
	at sun.reflect.NativeMethodAccessorImpl.invoke(NativeMethodAccessorImpl.java:62)
	at sun.reflect.DelegatingMethodAccessorImpl.invoke(DelegatingMethodAccessorImpl.java:43)
	at java.lang.reflect.Method.invoke(Method.java:498)
	at org.codehaus.groovy.tools.GroovyStarter.rootLoader(GroovyStarter.java:109)
	at org.codehaus.groovy.tools.GroovyStarter.main(GroovyStarter.java:131)
)]]></system-err>
   </testsuite>
</testsuites>
