<?xml version="1.0" encoding="UTF-8"?>
<testsuites name="Update Add New Employee" time="963" tests="1" failures="0" errors="0">
   <testsuite name="Update Add New Employee" tests="1" failures="0" errors="0" time="963" timestamp="2018-12-12 13:53:36" hostname="Admin - Win7Test02" id="Test Suites/Workflow/Update Add New Employee">
      <properties>
         <property name="deviceName" value=""/>
         <property name="devicePlatform" value=""/>
         <property name="logFolder" value="C:\\Users\\Admin\\Desktop\\PKS\\Perkeso Phase A\\Reports\\Workflow\\Update Add New Employee\\20181212_091848"/>
         <property name="logFiles" value="C:\\Users\\Admin\\Desktop\\PKS\\Perkeso Phase A\\Reports\\Workflow\\Update Add New Employee\\20181212_091848\\execution0.log"/>
         <property name="attachments" value=""/>
         <property name="hostName" value="Admin - Win7Test02"/>
         <property name="os" value="Windows 7 64bit"/>
         <property name="katalonVersion" value="5.8.6.1"/>
         <property name="browser" value="Chrome 70.0.3538.110"/>
         <property name="hostAddress" value="10.20.3.72"/>
         <property name="sessionId" value="12fe0273906db1d07420393b5c54c4c3"/>
         <property name="seleniumVersion" value="3.7.1"/>
         <property name="proxyInformation" value="ProxyInformation{proxyOption=NO_PROXY, proxyServerType=HTTP, password=, proxyServerAddress=, proxyServerPort=0}"/>
         <property name="platform" value="Windows 7"/>
      </properties>
      <testcase name="Test Cases/Final Aug 2018 - PKS Automation/Registration Module/Workflow/Update Add New Employee/Special Case (OTC - RO Query - OTC Upload Pending Case - RO Approve)" classname="Test Cases/Final Aug 2018 - PKS Automation/Registration Module/Workflow/Update Add New Employee/Special Case (OTC - RO Query - OTC Upload Pending Case - RO Approve)" status="PASSED">
         <system-out><![CDATA[2018-12-12 13:53:36 - [TEST_CASE][PASSED] - Test Cases/Final Aug 2018 - PKS Automation/Registration Module/Workflow/Update Add New Employee/Special Case (OTC - RO Query - OTC Upload Pending Case - RO Approve): Test Cases/Final Aug 2018 - PKS Automation/Registration Module/Workflow/Update Add New Employee/Special Case (OTC - RO Query - OTC Upload Pending Case - RO Approve)

2018-12-12 13:53:37 - [TEST_STEP][PASSED] - callTestCase: Call Test Case 'Test Cases/Final Aug 2018 - PKS Automation/Registration Module/Workflow/Update Add New Employee/Template/New Company for Update Add New' successfully

2018-12-12 13:53:37 - [TEST_CASE][PASSED] - Test Cases/Final Aug 2018 - PKS Automation/Registration Module/Workflow/Update Add New Employee/Template/New Company for Update Add New: Test Cases/Final Aug 2018 - PKS Automation/Registration Module/Workflow/Update Add New Employee/Template/New Company for Update Add New

2018-12-12 13:53:38 - [TEST_STEP][PASSED] - callTestCase: Call Test Case 'Test Cases/Final Aug 2018 - PKS Automation/Registration Module/New Registration/Form 1/Form 1 - Corporation - BHD' successfully

2018-12-12 13:53:38 - [TEST_CASE][PASSED] - Test Cases/Final Aug 2018 - PKS Automation/Registration Module/New Registration/Form 1/Form 1 - Corporation - BHD: Test Cases/Final Aug 2018 - PKS Automation/Registration Module/New Registration/Form 1/Form 1 - Corporation - BHD

2018-12-12 13:53:38 - [TEST_STEP][PASSED] - openBrowser: Browser is opened with url: ''

2018-12-12 13:53:43 - [MESSAGE][PASSED] - Browser is opened with url: ''

2018-12-12 13:53:43 - [TEST_STEP][PASSED] - navigateToUrl: Navigate to 'https://assist2-uat.perkeso.gov.my/login' successfully

2018-12-12 13:53:44 - [MESSAGE][PASSED] - Navigate to 'https://assist2-uat.perkeso.gov.my/login' successfully

2018-12-12 13:53:44 - [TEST_STEP][PASSED] - setText: Text 'johorotc1@gmail.com' is set on object 'Object Repository/Final Object Repo/Login Page/Internal User/Email Address'

2018-12-12 13:53:44 - [MESSAGE][PASSED] - Text 'johorotc1@gmail.com' is set on object 'Object Repository/Final Object Repo/Login Page/Internal User/Email Address'

2018-12-12 13:53:44 - [TEST_STEP][PASSED] - click: Object: 'Object Repository/Final Object Repo/Login Page/Internal User/Next Button' is clicked on

2018-12-12 13:53:45 - [MESSAGE][PASSED] - Object: 'Object Repository/Final Object Repo/Login Page/Internal User/Next Button' is clicked on

2018-12-12 13:53:45 - [TEST_STEP][PASSED] - delay: Delayed 1 second(s)

2018-12-12 13:53:46 - [MESSAGE][PASSED] - Delayed 1 second(s)

2018-12-12 13:53:46 - [TEST_STEP][PASSED] - setEncryptedText: Text ****** has been set on object 'Object Repository/Final Object Repo/Login Page/Internal User/Password'

2018-12-12 13:53:46 - [MESSAGE][PASSED] - Text ****** has been set on object 'Object Repository/Final Object Repo/Login Page/Internal User/Password'

2018-12-12 13:53:46 - [TEST_STEP][PASSED] - click: Object: 'Object Repository/Final Object Repo/Login Page/Internal User/Login Button' is clicked on

2018-12-12 13:53:46 - [MESSAGE][PASSED] - Object: 'Object Repository/Final Object Repo/Login Page/Internal User/Login Button' is clicked on

2018-12-12 13:53:46 - [TEST_STEP][PASSED] - delay: Delayed 1 second(s)

2018-12-12 13:53:47 - [MESSAGE][PASSED] - Delayed 1 second(s)

2018-12-12 13:53:47 - [TEST_STEP][PASSED] - Statement - Try: Delayed 2 second(s)

2018-12-12 13:53:47 - [TEST_STEP][PASSED] - Statement - Checker = false: null

2018-12-12 13:53:47 - [TEST_STEP][PASSED] - Statement - Checker = com.kms.katalon.core.webui.keyword.WebUiBuiltInKeywords.verifyElementHasAttribute(com.kms.katalon.core.testobject.ObjectRepository.findTestObject(Final Object Repo/Landing Page/BM Detecting), "href", 20, OPTIONAL): Object 'Object Repository/Final Object Repo/Landing Page/BM Detecting' has attribute 'href'

2018-12-12 13:53:48 - [MESSAGE][PASSED] - Object 'Object Repository/Final Object Repo/Landing Page/BM Detecting' has attribute 'href'

2018-12-12 13:53:48 - [TEST_STEP][PASSED] - Statement - out.println(Checker): null

2018-12-12 13:53:48 - [TEST_STEP][PASSED] - Statement - If (Checker == false): null

2018-12-12 13:53:48 - [TEST_STEP][PASSED] - Statement - Else: null

2018-12-12 13:53:48 - [TEST_STEP][PASSED] - delay: Delayed 2 second(s)

2018-12-12 13:53:50 - [MESSAGE][PASSED] - Delayed 2 second(s)

2018-12-12 13:53:50 - [TEST_STEP][PASSED] - navigateToUrl: Navigate to 'https://assist2-uat.perkeso.gov.my/web/registration/registration' successfully

2018-12-12 13:53:52 - [MESSAGE][PASSED] - Navigate to 'https://assist2-uat.perkeso.gov.my/web/registration/registration' successfully

2018-12-12 13:53:52 - [TEST_STEP][PASSED] - click: Object: 'Object Repository/Final Object Repo/New Registration - Registration Module Pages/Form 1/AEC - No' is clicked on

2018-12-12 13:53:52 - [MESSAGE][PASSED] - Object: 'Object Repository/Final Object Repo/New Registration - Registration Module Pages/Form 1/AEC - No' is clicked on

2018-12-12 13:53:52 - [TEST_STEP][PASSED] - click: Object: 'Object Repository/Final Object Repo/New Registration - Registration Module Pages/Form 1/Business Entity' is clicked on

2018-12-12 13:53:52 - [MESSAGE][PASSED] - Object: 'Object Repository/Final Object Repo/New Registration - Registration Module Pages/Form 1/Business Entity' is clicked on

2018-12-12 13:53:52 - [TEST_STEP][PASSED] - click: Object: 'Object Repository/Final Object Repo/New Registration - Registration Module Pages/Form 1/Businees Entity - Corporation' is clicked on

2018-12-12 13:53:53 - [MESSAGE][PASSED] - Object: 'Object Repository/Final Object Repo/New Registration - Registration Module Pages/Form 1/Businees Entity - Corporation' is clicked on

2018-12-12 13:53:53 - [TEST_STEP][PASSED] - delay: Delayed 1 second(s)

2018-12-12 13:53:54 - [MESSAGE][PASSED] - Delayed 1 second(s)

2018-12-12 13:53:54 - [TEST_STEP][PASSED] - click: Object: 'Object Repository/Final Object Repo/New Registration - Registration Module Pages/Form 1/Sub Business Entity' is clicked on

2018-12-12 13:53:54 - [MESSAGE][PASSED] - Object: 'Object Repository/Final Object Repo/New Registration - Registration Module Pages/Form 1/Sub Business Entity' is clicked on

2018-12-12 13:53:54 - [TEST_STEP][PASSED] - click: Object: 'Object Repository/Final Object Repo/New Registration - Registration Module Pages/Form 1/Sub Business Entity - Berhad' is clicked on

2018-12-12 13:53:54 - [MESSAGE][PASSED] - Object: 'Object Repository/Final Object Repo/New Registration - Registration Module Pages/Form 1/Sub Business Entity - Berhad' is clicked on

2018-12-12 13:53:54 - [TEST_STEP][PASSED] - delay: Delayed 1 second(s)

2018-12-12 13:53:55 - [MESSAGE][PASSED] - Delayed 1 second(s)

2018-12-12 13:53:55 - [TEST_STEP][PASSED] - setText: Text '123' is set on object 'Object Repository/Final Object Repo/New Registration - Registration Module Pages/Form 1/Registration Number'

2018-12-12 13:53:55 - [MESSAGE][PASSED] - Text '123' is set on object 'Object Repository/Final Object Repo/New Registration - Registration Module Pages/Form 1/Registration Number'

2018-12-12 13:53:55 - [TEST_STEP][PASSED] - click: Object: 'Object Repository/Final Object Repo/New Registration - Registration Module Pages/Form 1/Registred with SSM - Before Feb' is clicked on

2018-12-12 13:53:55 - [MESSAGE][PASSED] - Object: 'Object Repository/Final Object Repo/New Registration - Registration Module Pages/Form 1/Registred with SSM - Before Feb' is clicked on

2018-12-12 13:53:55 - [TEST_STEP][PASSED] - click: Object: 'Object Repository/Final Object Repo/New Registration - Registration Module Pages/Form 1/Registered As a Branch - Yes' is clicked on

2018-12-12 13:53:56 - [MESSAGE][PASSED] - Object: 'Object Repository/Final Object Repo/New Registration - Registration Module Pages/Form 1/Registered As a Branch - Yes' is clicked on

2018-12-12 13:53:56 - [TEST_STEP][PASSED] - click: Object: 'Object Repository/Final Object Repo/New Registration - Registration Module Pages/Form 1/Acknowledgement' is clicked on

2018-12-12 13:53:56 - [MESSAGE][PASSED] - Object: 'Object Repository/Final Object Repo/New Registration - Registration Module Pages/Form 1/Acknowledgement' is clicked on

2018-12-12 13:53:56 - [TEST_STEP][PASSED] - setText: Text 'perkeso' is set on object 'Object Repository/Final Object Repo/New Registration - Registration Module Pages/Form 1/Industry name'

2018-12-12 13:53:56 - [MESSAGE][PASSED] - Text 'perkeso' is set on object 'Object Repository/Final Object Repo/New Registration - Registration Module Pages/Form 1/Industry name'

2018-12-12 13:53:56 - [TEST_STEP][PASSED] - setText: Text 'perkeso1' is set on object 'Object Repository/Final Object Repo/New Registration - Registration Module Pages/Form 1/Postal Address1'

2018-12-12 13:53:57 - [MESSAGE][PASSED] - Text 'perkeso1' is set on object 'Object Repository/Final Object Repo/New Registration - Registration Module Pages/Form 1/Postal Address1'

2018-12-12 13:53:57 - [TEST_STEP][PASSED] - setText: Text 'perkeso2' is set on object 'Object Repository/Final Object Repo/New Registration - Registration Module Pages/Form 1/Postal Address2'

2018-12-12 13:53:57 - [MESSAGE][PASSED] - Text 'perkeso2' is set on object 'Object Repository/Final Object Repo/New Registration - Registration Module Pages/Form 1/Postal Address2'

2018-12-12 13:53:57 - [TEST_STEP][PASSED] - setText: Text 'perkeso3' is set on object 'Object Repository/Final Object Repo/New Registration - Registration Module Pages/Form 1/Postal Address3'

2018-12-12 13:53:57 - [MESSAGE][PASSED] - Text 'perkeso3' is set on object 'Object Repository/Final Object Repo/New Registration - Registration Module Pages/Form 1/Postal Address3'

2018-12-12 13:53:57 - [TEST_STEP][PASSED] - click: Object: 'Object Repository/Final Object Repo/New Registration - Registration Module Pages/Form 1/State' is clicked on

2018-12-12 13:53:57 - [MESSAGE][PASSED] - Object: 'Object Repository/Final Object Repo/New Registration - Registration Module Pages/Form 1/State' is clicked on

2018-12-12 13:53:57 - [TEST_STEP][PASSED] - click: Object: 'Object Repository/Final Object Repo/New Registration - Registration Module Pages/Form 1/State - Johor' is clicked on

2018-12-12 13:53:58 - [MESSAGE][PASSED] - Object: 'Object Repository/Final Object Repo/New Registration - Registration Module Pages/Form 1/State - Johor' is clicked on

2018-12-12 13:53:58 - [TEST_STEP][PASSED] - delay: Delayed 1 second(s)

2018-12-12 13:53:59 - [MESSAGE][PASSED] - Delayed 1 second(s)

2018-12-12 13:53:59 - [TEST_STEP][PASSED] - click: Object: 'Object Repository/Final Object Repo/New Registration - Registration Module Pages/Form 1/City' is clicked on

2018-12-12 13:53:59 - [MESSAGE][PASSED] - Object: 'Object Repository/Final Object Repo/New Registration - Registration Module Pages/Form 1/City' is clicked on

2018-12-12 13:53:59 - [TEST_STEP][PASSED] - setText: Text 'joh' is set on object 'Object Repository/Final Object Repo/New Registration - Registration Module Pages/Form 1/Postcode - 810'

2018-12-12 13:53:59 - [MESSAGE][PASSED] - Text 'joh' is set on object 'Object Repository/Final Object Repo/New Registration - Registration Module Pages/Form 1/Postcode - 810'

2018-12-12 13:53:59 - [TEST_STEP][PASSED] - delay: Delayed 1 second(s)

2018-12-12 13:54:00 - [MESSAGE][PASSED] - Delayed 1 second(s)

2018-12-12 13:54:00 - [TEST_STEP][PASSED] - click: Object: 'Object Repository/Final Object Repo/New Registration - Registration Module Pages/Form 1/City - Johor Bharu' is clicked on

2018-12-12 13:54:00 - [MESSAGE][PASSED] - Object: 'Object Repository/Final Object Repo/New Registration - Registration Module Pages/Form 1/City - Johor Bharu' is clicked on

2018-12-12 13:54:00 - [TEST_STEP][PASSED] - delay: Delayed 1 second(s)

2018-12-12 13:54:01 - [MESSAGE][PASSED] - Delayed 1 second(s)

2018-12-12 13:54:01 - [TEST_STEP][PASSED] - click: Object: 'Object Repository/Final Object Repo/New Registration - Registration Module Pages/Form 1/Postcode' is clicked on

2018-12-12 13:54:02 - [MESSAGE][PASSED] - Object: 'Object Repository/Final Object Repo/New Registration - Registration Module Pages/Form 1/Postcode' is clicked on

2018-12-12 13:54:02 - [TEST_STEP][PASSED] - delay: Delayed 1 second(s)

2018-12-12 13:54:03 - [MESSAGE][PASSED] - Delayed 1 second(s)

2018-12-12 13:54:03 - [TEST_STEP][PASSED] - setText: Text '810' is set on object 'Object Repository/Final Object Repo/New Registration - Registration Module Pages/Form 1/Postcode - 810'

2018-12-12 13:54:03 - [MESSAGE][PASSED] - Text '810' is set on object 'Object Repository/Final Object Repo/New Registration - Registration Module Pages/Form 1/Postcode - 810'

2018-12-12 13:54:03 - [TEST_STEP][PASSED] - delay: Delayed 3 second(s)

2018-12-12 13:54:06 - [MESSAGE][PASSED] - Delayed 3 second(s)

2018-12-12 13:54:06 - [TEST_STEP][PASSED] - click: Object: 'Object Repository/Final Object Repo/New Registration - Registration Module Pages/Form 1/Postcode - 81000' is clicked on

2018-12-12 13:54:06 - [MESSAGE][PASSED] - Object: 'Object Repository/Final Object Repo/New Registration - Registration Module Pages/Form 1/Postcode - 81000' is clicked on

2018-12-12 13:54:06 - [TEST_STEP][PASSED] - delay: Delayed 1 second(s)

2018-12-12 13:54:07 - [MESSAGE][PASSED] - Delayed 1 second(s)

2018-12-12 13:54:07 - [TEST_STEP][PASSED] - setText: Text '100' is set on object 'Object Repository/Final Object Repo/New Registration - Registration Module Pages/Form 1/P.O.BOX'

2018-12-12 13:54:07 - [MESSAGE][PASSED] - Text '100' is set on object 'Object Repository/Final Object Repo/New Registration - Registration Module Pages/Form 1/P.O.BOX'

2018-12-12 13:54:07 - [TEST_STEP][PASSED] - setText: Text '100' is set on object 'Object Repository/Final Object Repo/New Registration - Registration Module Pages/Form 1/Locked Bag No'

2018-12-12 13:54:08 - [MESSAGE][PASSED] - Text '100' is set on object 'Object Repository/Final Object Repo/New Registration - Registration Module Pages/Form 1/Locked Bag No'

2018-12-12 13:54:08 - [TEST_STEP][PASSED] - click: Object: 'Object Repository/Final Object Repo/New Registration - Registration Module Pages/Form 1/SOCSO Office Location' is clicked on

2018-12-12 13:54:08 - [MESSAGE][PASSED] - Object: 'Object Repository/Final Object Repo/New Registration - Registration Module Pages/Form 1/SOCSO Office Location' is clicked on

2018-12-12 13:54:08 - [TEST_STEP][PASSED] - click: Object: 'Object Repository/Final Object Repo/New Registration - Registration Module Pages/Form 1/SOCSO Office Location - Pejabat PERKESO Negeri Johor' is clicked on

2018-12-12 13:54:08 - [MESSAGE][PASSED] - Object: 'Object Repository/Final Object Repo/New Registration - Registration Module Pages/Form 1/SOCSO Office Location - Pejabat PERKESO Negeri Johor' is clicked on

2018-12-12 13:54:08 - [TEST_STEP][PASSED] - delay: Delayed 1 second(s)

2018-12-12 13:54:09 - [MESSAGE][PASSED] - Delayed 1 second(s)

2018-12-12 13:54:09 - [TEST_STEP][PASSED] - check: Object 'Object Repository/Final Object Repo/New Registration - Registration Module Pages/Form 1/Indusrty Address Same As Postal Address' is checked

2018-12-12 13:54:09 - [MESSAGE][PASSED] - Object 'Object Repository/Final Object Repo/New Registration - Registration Module Pages/Form 1/Indusrty Address Same As Postal Address' is checked

2018-12-12 13:54:09 - [TEST_STEP][PASSED] - delay: Delayed 3 second(s)

2018-12-12 13:54:12 - [MESSAGE][PASSED] - Delayed 3 second(s)

2018-12-12 13:54:12 - [TEST_STEP][PASSED] - click: Object: 'Object Repository/Final Object Repo/New Registration - Registration Module Pages/Form 1/Indusry Address Same As Postal Address False' is clicked on

2018-12-12 13:54:13 - [MESSAGE][PASSED] - Object: 'Object Repository/Final Object Repo/New Registration - Registration Module Pages/Form 1/Indusry Address Same As Postal Address False' is clicked on

2018-12-12 13:54:13 - [TEST_STEP][PASSED] - delay: Delayed 1 second(s)

2018-12-12 13:54:14 - [MESSAGE][PASSED] - Delayed 1 second(s)

2018-12-12 13:54:14 - [TEST_STEP][PASSED] - setText: Text 'perkeso1' is set on object 'Object Repository/Final Object Repo/New Registration - Registration Module Pages/Form 1/Industry Address1'

2018-12-12 13:54:14 - [MESSAGE][PASSED] - Text 'perkeso1' is set on object 'Object Repository/Final Object Repo/New Registration - Registration Module Pages/Form 1/Industry Address1'

2018-12-12 13:54:14 - [TEST_STEP][PASSED] - setText: Text 'perkeso2' is set on object 'Object Repository/Final Object Repo/New Registration - Registration Module Pages/Form 1/Industry Address2'

2018-12-12 13:54:15 - [MESSAGE][PASSED] - Text 'perkeso2' is set on object 'Object Repository/Final Object Repo/New Registration - Registration Module Pages/Form 1/Industry Address2'

2018-12-12 13:54:15 - [TEST_STEP][PASSED] - setText: Text 'perkeso3' is set on object 'Object Repository/Final Object Repo/New Registration - Registration Module Pages/Form 1/Industry Address3'

2018-12-12 13:54:15 - [MESSAGE][PASSED] - Text 'perkeso3' is set on object 'Object Repository/Final Object Repo/New Registration - Registration Module Pages/Form 1/Industry Address3'

2018-12-12 13:54:15 - [TEST_STEP][PASSED] - click: Object: 'Object Repository/Final Object Repo/New Registration - Registration Module Pages/Form 1/Industry State' is clicked on

2018-12-12 13:54:16 - [MESSAGE][PASSED] - Object: 'Object Repository/Final Object Repo/New Registration - Registration Module Pages/Form 1/Industry State' is clicked on

2018-12-12 13:54:16 - [TEST_STEP][PASSED] - delay: Delayed 2 second(s)

2018-12-12 13:54:18 - [MESSAGE][PASSED] - Delayed 2 second(s)

2018-12-12 13:54:18 - [TEST_STEP][PASSED] - click: Object: 'Object Repository/Final Object Repo/New Registration - Registration Module Pages/Form 1/Industry State - Johor' is clicked on

2018-12-12 13:54:18 - [MESSAGE][PASSED] - Object: 'Object Repository/Final Object Repo/New Registration - Registration Module Pages/Form 1/Industry State - Johor' is clicked on

2018-12-12 13:54:18 - [TEST_STEP][PASSED] - delay: Delayed 2 second(s)

2018-12-12 13:54:20 - [MESSAGE][PASSED] - Delayed 2 second(s)

2018-12-12 13:54:20 - [TEST_STEP][PASSED] - click: Object: 'Object Repository/Final Object Repo/New Registration - Registration Module Pages/Form 1/Industry Ciry' is clicked on

2018-12-12 13:54:20 - [MESSAGE][PASSED] - Object: 'Object Repository/Final Object Repo/New Registration - Registration Module Pages/Form 1/Industry Ciry' is clicked on

2018-12-12 13:54:20 - [TEST_STEP][PASSED] - setText: Text 'joh' is set on object 'Object Repository/Final Object Repo/New Registration - Registration Module Pages/Form 1/Industry Ciry - joh'

2018-12-12 13:54:20 - [MESSAGE][PASSED] - Text 'joh' is set on object 'Object Repository/Final Object Repo/New Registration - Registration Module Pages/Form 1/Industry Ciry - joh'

2018-12-12 13:54:20 - [TEST_STEP][PASSED] - delay: Delayed 2 second(s)

2018-12-12 13:54:22 - [MESSAGE][PASSED] - Delayed 2 second(s)

2018-12-12 13:54:22 - [TEST_STEP][PASSED] - click: Object: 'Object Repository/Final Object Repo/New Registration - Registration Module Pages/Form 1/Industy State - Johor Bharu' is clicked on

2018-12-12 13:54:22 - [MESSAGE][PASSED] - Object: 'Object Repository/Final Object Repo/New Registration - Registration Module Pages/Form 1/Industy State - Johor Bharu' is clicked on

2018-12-12 13:54:22 - [TEST_STEP][PASSED] - delay: Delayed 1 second(s)

2018-12-12 13:54:23 - [MESSAGE][PASSED] - Delayed 1 second(s)

2018-12-12 13:54:23 - [TEST_STEP][PASSED] - click: Object: 'Object Repository/Final Object Repo/New Registration - Registration Module Pages/Form 1/Indusry PostCode' is clicked on

2018-12-12 13:54:24 - [MESSAGE][PASSED] - Object: 'Object Repository/Final Object Repo/New Registration - Registration Module Pages/Form 1/Indusry PostCode' is clicked on

2018-12-12 13:54:24 - [TEST_STEP][PASSED] - delay: Delayed 1 second(s)

2018-12-12 13:54:25 - [MESSAGE][PASSED] - Delayed 1 second(s)

2018-12-12 13:54:25 - [TEST_STEP][PASSED] - setText: Text '810' is set on object 'Object Repository/Final Object Repo/New Registration - Registration Module Pages/Form 1/Insutry Post Code - 810'

2018-12-12 13:54:25 - [MESSAGE][PASSED] - Text '810' is set on object 'Object Repository/Final Object Repo/New Registration - Registration Module Pages/Form 1/Insutry Post Code - 810'

2018-12-12 13:54:25 - [TEST_STEP][PASSED] - delay: Delayed 1 second(s)

2018-12-12 13:54:26 - [MESSAGE][PASSED] - Delayed 1 second(s)

2018-12-12 13:54:26 - [TEST_STEP][PASSED] - click: Object: 'Object Repository/Final Object Repo/New Registration - Registration Module Pages/Form 1/Insutry Post Code - 81000' is clicked on

2018-12-12 13:54:26 - [MESSAGE][PASSED] - Object: 'Object Repository/Final Object Repo/New Registration - Registration Module Pages/Form 1/Insutry Post Code - 81000' is clicked on

2018-12-12 13:54:26 - [TEST_STEP][PASSED] - delay: Delayed 1 second(s)

2018-12-12 13:54:27 - [MESSAGE][PASSED] - Delayed 1 second(s)

2018-12-12 13:54:27 - [TEST_STEP][PASSED] - setText: Text '100' is set on object 'Object Repository/Final Object Repo/New Registration - Registration Module Pages/Form 1/Industry P.O.BOX'

2018-12-12 13:54:27 - [MESSAGE][PASSED] - Text '100' is set on object 'Object Repository/Final Object Repo/New Registration - Registration Module Pages/Form 1/Industry P.O.BOX'

2018-12-12 13:54:27 - [TEST_STEP][PASSED] - setText: Text '100' is set on object 'Object Repository/Final Object Repo/New Registration - Registration Module Pages/Form 1/Industry Locked Bag No'

2018-12-12 13:54:28 - [MESSAGE][PASSED] - Text '100' is set on object 'Object Repository/Final Object Repo/New Registration - Registration Module Pages/Form 1/Industry Locked Bag No'

2018-12-12 13:54:28 - [TEST_STEP][PASSED] - setText: Text '123456789' is set on object 'Object Repository/Final Object Repo/New Registration - Registration Module Pages/Form 1/Telephone No'

2018-12-12 13:54:28 - [MESSAGE][PASSED] - Text '123456789' is set on object 'Object Repository/Final Object Repo/New Registration - Registration Module Pages/Form 1/Telephone No'

2018-12-12 13:54:28 - [TEST_STEP][PASSED] - setText: Text '123456789' is set on object 'Object Repository/Final Object Repo/New Registration - Registration Module Pages/Form 1/Mobile No'

2018-12-12 13:54:28 - [MESSAGE][PASSED] - Text '123456789' is set on object 'Object Repository/Final Object Repo/New Registration - Registration Module Pages/Form 1/Mobile No'

2018-12-12 13:54:28 - [TEST_STEP][PASSED] - setText: Text '123456789' is set on object 'Object Repository/Final Object Repo/New Registration - Registration Module Pages/Form 1/Fax No'

2018-12-12 13:54:29 - [MESSAGE][PASSED] - Text '123456789' is set on object 'Object Repository/Final Object Repo/New Registration - Registration Module Pages/Form 1/Fax No'

2018-12-12 13:54:29 - [TEST_STEP][PASSED] - click: Object: 'Object Repository/Final Object Repo/New Registration - Registration Module Pages/Form 1/Industry Code' is clicked on

2018-12-12 13:54:29 - [MESSAGE][PASSED] - Object: 'Object Repository/Final Object Repo/New Registration - Registration Module Pages/Form 1/Industry Code' is clicked on

2018-12-12 13:54:29 - [TEST_STEP][PASSED] - click: Object: 'Object Repository/Final Object Repo/New Registration - Registration Module Pages/Form 1/Indudustry Code - Crops and Animal' is clicked on

2018-12-12 13:54:29 - [MESSAGE][PASSED] - Object: 'Object Repository/Final Object Repo/New Registration - Registration Module Pages/Form 1/Indudustry Code - Crops and Animal' is clicked on

2018-12-12 13:54:29 - [TEST_STEP][PASSED] - delay: Delayed 1 second(s)

2018-12-12 13:54:30 - [MESSAGE][PASSED] - Delayed 1 second(s)

2018-12-12 13:54:30 - [TEST_STEP][PASSED] - click: Object: 'Object Repository/Final Object Repo/New Registration - Registration Module Pages/Form 1/Sub Industry Code List' is clicked on

2018-12-12 13:54:31 - [MESSAGE][PASSED] - Object: 'Object Repository/Final Object Repo/New Registration - Registration Module Pages/Form 1/Sub Industry Code List' is clicked on

2018-12-12 13:54:31 - [TEST_STEP][PASSED] - click: Object: 'Object Repository/Final Object Repo/New Registration - Registration Module Pages/Form 1/Sub Industry Code List - Growing of Maize' is clicked on

2018-12-12 13:54:31 - [MESSAGE][PASSED] - Object: 'Object Repository/Final Object Repo/New Registration - Registration Module Pages/Form 1/Sub Industry Code List - Growing of Maize' is clicked on

2018-12-12 13:54:31 - [TEST_STEP][PASSED] - setText: Text 'perkeso123@gmail.com' is set on object 'Object Repository/Final Object Repo/New Registration - Registration Module Pages/Form 1/Email'

2018-12-12 13:54:32 - [MESSAGE][PASSED] - Text 'perkeso123@gmail.com' is set on object 'Object Repository/Final Object Repo/New Registration - Registration Module Pages/Form 1/Email'

2018-12-12 13:54:32 - [TEST_STEP][PASSED] - click: Object: 'Object Repository/Final Object Repo/New Registration - Registration Module Pages/Form 1/Method of Contribution Payment' is clicked on

2018-12-12 13:54:32 - [MESSAGE][PASSED] - Object: 'Object Repository/Final Object Repo/New Registration - Registration Module Pages/Form 1/Method of Contribution Payment' is clicked on

2018-12-12 13:54:32 - [TEST_STEP][PASSED] - click: Object: 'Object Repository/Final Object Repo/New Registration - Registration Module Pages/Form 1/Method of Contribution Payment - Portal' is clicked on

2018-12-12 13:54:32 - [MESSAGE][PASSED] - Object: 'Object Repository/Final Object Repo/New Registration - Registration Module Pages/Form 1/Method of Contribution Payment - Portal' is clicked on

2018-12-12 13:54:32 - [TEST_STEP][PASSED] - click: Object: 'Object Repository/Final Object Repo/New Registration - Registration Module Pages/Form 1/Servide Type' is clicked on

2018-12-12 13:54:32 - [MESSAGE][PASSED] - Object: 'Object Repository/Final Object Repo/New Registration - Registration Module Pages/Form 1/Servide Type' is clicked on

2018-12-12 13:54:32 - [TEST_STEP][PASSED] - click: Object: 'Object Repository/Final Object Repo/New Registration - Registration Module Pages/Form 1/Servide Type - Professional Bodies' is clicked on

2018-12-12 13:54:32 - [MESSAGE][PASSED] - Object: 'Object Repository/Final Object Repo/New Registration - Registration Module Pages/Form 1/Servide Type - Professional Bodies' is clicked on

2018-12-12 13:54:32 - [TEST_STEP][PASSED] - click: Object: 'Object Repository/Final Object Repo/New Registration - Registration Module Pages/Form 1/Industry Venue' is clicked on

2018-12-12 13:54:33 - [MESSAGE][PASSED] - Object: 'Object Repository/Final Object Repo/New Registration - Registration Module Pages/Form 1/Industry Venue' is clicked on

2018-12-12 13:54:33 - [TEST_STEP][PASSED] - click: Object: 'Object Repository/Final Object Repo/New Registration - Registration Module Pages/Form 1/Industry Venue -  PPN JOHOR' is clicked on

2018-12-12 13:54:33 - [MESSAGE][PASSED] - Object: 'Object Repository/Final Object Repo/New Registration - Registration Module Pages/Form 1/Industry Venue -  PPN JOHOR' is clicked on

2018-12-12 13:54:33 - [TEST_STEP][PASSED] - click: Object: 'Object Repository/Final Object Repo/New Registration - Registration Module Pages/Form 1/Save  Continue' is clicked on

2018-12-12 13:54:33 - [MESSAGE][PASSED] - Object: 'Object Repository/Final Object Repo/New Registration - Registration Module Pages/Form 1/Save  Continue' is clicked on

2018-12-12 13:54:33 - [MESSAGE][PASSED] - Call Test Case 'Test Cases/Final Aug 2018 - PKS Automation/Registration Module/New Registration/Form 1/Form 1 - Corporation - BHD' successfully

2018-12-12 13:54:33 - [TEST_STEP][PASSED] - callTestCase: Call Test Case 'Test Cases/Final Aug 2018 - PKS Automation/Registration Module/New Registration/Form 2/Add 1 Eligible' successfully

2018-12-12 13:54:33 - [TEST_CASE][PASSED] - Test Cases/Final Aug 2018 - PKS Automation/Registration Module/New Registration/Form 2/Add 1 Eligible: Test Cases/Final Aug 2018 - PKS Automation/Registration Module/New Registration/Form 2/Add 1 Eligible

2018-12-12 13:54:34 - [TEST_STEP][PASSED] - delay: Delayed 2 second(s)

2018-12-12 13:54:36 - [MESSAGE][PASSED] - Delayed 2 second(s)

2018-12-12 13:54:36 - [TEST_STEP][PASSED] - callTestCase: Call Test Case 'Test Cases/Final Aug 2018 - PKS Automation/Registration Module/New Registration/Form 2/Date Updater' successfully

2018-12-12 13:54:36 - [TEST_CASE][PASSED] - Test Cases/Final Aug 2018 - PKS Automation/Registration Module/New Registration/Form 2/Date Updater: Test Cases/Final Aug 2018 - PKS Automation/Registration Module/New Registration/Form 2/Date Updater

2018-12-12 13:54:36 - [TEST_STEP][PASSED] - Statement - TodayDate = new java.util.Date(): null

2018-12-12 13:54:36 - [TEST_STEP][PASSED] - Statement - CurrentDateNoFilter = new java.text.SimpleDateFormat(): null

2018-12-12 13:54:36 - [TEST_STEP][PASSED] - Statement - CurrentDateNoFilter.applyPattern("MM"): null

2018-12-12 13:54:36 - [TEST_STEP][PASSED] - Statement - monthContainerMatcher = java.lang.Integer.parseInt(CurrentDateNoFilter.format(TodayDate)): null

2018-12-12 13:54:36 - [TEST_STEP][PASSED] - Statement - monthContainerMatcher = monthContainerMatcher - 1: null

2018-12-12 13:54:36 - [TEST_STEP][PASSED] - Statement - CurrentMonth = monthContainerMatcher.toString(): null

2018-12-12 13:54:36 - [TEST_STEP][PASSED] - Statement - CurrentMonth = CurrentMonth: null

2018-12-12 13:54:36 - [TEST_STEP][PASSED] - Statement - CurrentDateNoFilter.applyPattern("yyyy"): null

2018-12-12 13:54:36 - [TEST_STEP][PASSED] - Statement - CurrentYear = CurrentDateNoFilter.format(TodayDate): null

2018-12-12 13:54:36 - [TEST_STEP][PASSED] - Statement - CurrentYear = CurrentYear: null

2018-12-12 13:54:36 - [TEST_STEP][PASSED] - Statement - intCurrentYear = java.lang.Integer.parseInt(CurrentDateNoFilter.format(TodayDate)): null

2018-12-12 13:54:36 - [TEST_STEP][PASSED] - Statement - eighteenYrsAgo = intCurrentYear - 18: null

2018-12-12 13:54:36 - [TEST_STEP][PASSED] - Statement - eighteenYrsBeforeThisYr = eighteenYrsAgo.toString(): null

2018-12-12 13:54:36 - [TEST_STEP][PASSED] - Statement - EighteenYrsBefore = eighteenYrsBeforeThisYr: null

2018-12-12 13:54:36 - [TEST_STEP][PASSED] - Statement - fiftysevenYrsAgo = intCurrentYear - 57: null

2018-12-12 13:54:36 - [TEST_STEP][PASSED] - Statement - fiftysevenYrsBeforeThisYr = fiftysevenYrsAgo.toString(): null

2018-12-12 13:54:36 - [TEST_STEP][PASSED] - Statement - FiftysevenYrsBefore = fiftysevenYrsBeforeThisYr: null

2018-12-12 13:54:36 - [TEST_STEP][PASSED] - Statement - leapYear = false: null

2018-12-12 13:54:36 - [TEST_STEP][PASSED] - Statement - leapYear = intCurrentYear % 4 == 0: null

2018-12-12 13:54:36 - [TEST_STEP][PASSED] - Statement - CurrentDateNoFilter.applyPattern("dd"): null

2018-12-12 13:54:36 - [TEST_STEP][PASSED] - Statement - CurrentDate = CurrentDateNoFilter.format(TodayDate): null

2018-12-12 13:54:36 - [TEST_STEP][PASSED] - Statement - CurrentDate = java.lang.Integer.parseInt(CurrentDate): null

2018-12-12 13:54:36 - [TEST_STEP][PASSED] - Statement - CurrentDate = CurrentDate: null

2018-12-12 13:54:36 - [TEST_STEP][PASSED] - Statement - CurrentDay = java.lang.Integer.parseInt(CurrentDate): null

2018-12-12 13:54:36 - [TEST_STEP][PASSED] - Statement - ConfAdder = <not implemented yet for class: org.codehaus.groovy.ast.expr.EmptyExpression>: null

2018-12-12 13:54:36 - [TEST_STEP][PASSED] - Statement - out.println(CurrentMonth): null

2018-12-12 13:54:36 - [TEST_STEP][PASSED] - Statement - out.println(CurrentDate): null

2018-12-12 13:54:36 - [TEST_STEP][PASSED] - Statement - switch (CurrentDate): null

2018-12-12 13:54:36 - [TEST_STEP][PASSED] - Statement - Default: null

2018-12-12 13:54:36 - [TEST_STEP][PASSED] - Statement - ConfAdder = true: null

2018-12-12 13:54:36 - [TEST_STEP][PASSED] - Statement - Break: null

2018-12-12 13:54:36 - [TEST_STEP][PASSED] - Statement - aDayBefore = <not implemented yet for class: org.codehaus.groovy.ast.expr.EmptyExpression>: null

2018-12-12 13:54:36 - [TEST_STEP][PASSED] - Statement - out.println(ConfAdder): null

2018-12-12 13:54:36 - [TEST_STEP][PASSED] - Statement - If (ConfAdder == true): null

2018-12-12 13:54:36 - [TEST_STEP][PASSED] - Statement - aDayBefore = CurrentDay + 1: null

2018-12-12 13:54:36 - [TEST_STEP][PASSED] - Statement - out.println(aDayBefore): null

2018-12-12 13:54:36 - [TEST_STEP][PASSED] - Statement - If (aDayBefore == 1 && CurrentMonth == 11): null

2018-12-12 13:54:36 - [TEST_STEP][PASSED] - Statement - DayBefore = aDayBefore.toString(): null

2018-12-12 13:54:36 - [TEST_STEP][PASSED] - Statement - OneDayBefore = DayBefore: null

2018-12-12 13:54:36 - [MESSAGE][PASSED] - Call Test Case 'Test Cases/Final Aug 2018 - PKS Automation/Registration Module/New Registration/Form 2/Date Updater' successfully

2018-12-12 13:54:36 - [TEST_STEP][PASSED] - delay: Delayed 1 second(s)

2018-12-12 13:54:37 - [MESSAGE][PASSED] - Delayed 1 second(s)

2018-12-12 13:54:37 - [TEST_STEP][PASSED] - Statement - CaseReferenceNo = com.kms.katalon.core.webui.keyword.WebUiBuiltInKeywords.getText(com.kms.katalon.core.testobject.ObjectRepository.findTestObject(Final Object Repo/New Registration - Registration Module Pages/Form 2/RefNo Acquiring)): Text of object 'Object Repository/Final Object Repo/New Registration - Registration Module Pages/Form 2/RefNo Acquiring' is: 'CRN12201800123200'

2018-12-12 13:54:37 - [MESSAGE][PASSED] - Text of object 'Object Repository/Final Object Repo/New Registration - Registration Module Pages/Form 2/RefNo Acquiring' is: 'CRN12201800123200'

2018-12-12 13:54:37 - [TEST_STEP][PASSED] - delay: Delayed 1 second(s)

2018-12-12 13:54:38 - [MESSAGE][PASSED] - Delayed 1 second(s)

2018-12-12 13:54:38 - [TEST_STEP][PASSED] - click: Object: 'Object Repository/Final Object Repo/New Registration - Registration Module Pages/Form 2/Add Employee Button' is clicked on

2018-12-12 13:54:38 - [MESSAGE][PASSED] - Object: 'Object Repository/Final Object Repo/New Registration - Registration Module Pages/Form 2/Add Employee Button' is clicked on

2018-12-12 13:54:38 - [TEST_STEP][PASSED] - delay: Delayed 1 second(s)

2018-12-12 13:54:39 - [MESSAGE][PASSED] - Delayed 1 second(s)

2018-12-12 13:54:39 - [TEST_STEP][PASSED] - setText: Text '010903091963' is set on object 'Object Repository/Final Object Repo/New Registration - Registration Module Pages/Form 2/NRIC Input'

2018-12-12 13:54:41 - [MESSAGE][PASSED] - Text '010903091963' is set on object 'Object Repository/Final Object Repo/New Registration - Registration Module Pages/Form 2/NRIC Input'

2018-12-12 13:54:41 - [TEST_STEP][PASSED] - click: Object: 'Object Repository/Final Object Repo/New Registration - Registration Module Pages/Form 2/button for search for IC' is clicked on

2018-12-12 13:54:41 - [MESSAGE][PASSED] - Object: 'Object Repository/Final Object Repo/New Registration - Registration Module Pages/Form 2/button for search for IC' is clicked on

2018-12-12 13:54:41 - [TEST_STEP][PASSED] - delay: Delayed 2 second(s)

2018-12-12 13:54:43 - [MESSAGE][PASSED] - Delayed 2 second(s)

2018-12-12 13:54:43 - [TEST_STEP][PASSED] - setText: Text 'Automate001 eligible 1' is set on object 'Object Repository/Final Object Repo/New Registration - Registration Module Pages/Form 2/Employee Name Input'

2018-12-12 13:54:43 - [MESSAGE][PASSED] - Text 'Automate001 eligible 1' is set on object 'Object Repository/Final Object Repo/New Registration - Registration Module Pages/Form 2/Employee Name Input'

2018-12-12 13:54:43 - [TEST_STEP][PASSED] - delay: Delayed 2 second(s)

2018-12-12 13:54:45 - [MESSAGE][PASSED] - Delayed 2 second(s)

2018-12-12 13:54:45 - [TEST_STEP][PASSED] - click: Object: 'Object Repository/Final Object Repo/New Registration - Registration Module Pages/Form 2/DatePicker Pop Up' is clicked on

2018-12-12 13:54:45 - [MESSAGE][PASSED] - Object: 'Object Repository/Final Object Repo/New Registration - Registration Module Pages/Form 2/DatePicker Pop Up' is clicked on

2018-12-12 13:54:45 - [TEST_STEP][PASSED] - click: Object: 'Object Repository/Final Object Repo/New Registration - Registration Module Pages/Form 2/DOB Month' is clicked on

2018-12-12 13:54:46 - [MESSAGE][PASSED] - Object: 'Object Repository/Final Object Repo/New Registration - Registration Module Pages/Form 2/DOB Month' is clicked on

2018-12-12 13:54:46 - [TEST_STEP][PASSED] - Statement - CurrentMonth = CurrentMonth: null

2018-12-12 13:54:46 - [TEST_STEP][PASSED] - Statement - selectMonth = new com.kms.katalon.core.testobject.TestObject(): null

2018-12-12 13:54:46 - [TEST_STEP][PASSED] - Statement - selectMonth.addProperty("xpath", EQUALS, "//body/div/div/div/select/option[@value='" + CurrentMonth + "']", true): null

2018-12-12 13:54:46 - [TEST_STEP][PASSED] - click: Object: '' is clicked on

2018-12-12 13:54:46 - [MESSAGE][PASSED] - Object: '' is clicked on

2018-12-12 13:54:46 - [TEST_STEP][PASSED] - click: Object: 'Object Repository/Final Object Repo/New Registration - Registration Module Pages/Form 2/DOB Year' is clicked on

2018-12-12 13:54:46 - [MESSAGE][PASSED] - Object: 'Object Repository/Final Object Repo/New Registration - Registration Module Pages/Form 2/DOB Year' is clicked on

2018-12-12 13:54:46 - [TEST_STEP][PASSED] - Statement - Eyearsbf = EighteenYrsBefore: null

2018-12-12 13:54:46 - [TEST_STEP][PASSED] - Statement - selectYear = new com.kms.katalon.core.testobject.TestObject(): null

2018-12-12 13:54:46 - [TEST_STEP][PASSED] - Statement - selectYear.addProperty("xpath", EQUALS, "//div/div/div/select/option[@value='" + Eyearsbf + "']", true): null

2018-12-12 13:54:46 - [TEST_STEP][PASSED] - click: Object: '' is clicked on

2018-12-12 13:54:46 - [MESSAGE][PASSED] - Object: '' is clicked on

2018-12-12 13:54:46 - [TEST_STEP][PASSED] - Statement - UpdatedSelectDate = com.kms.katalon.core.webui.keyword.WebUiBuiltInKeywords.modifyObjectProperty(com.kms.katalon.core.testobject.ObjectRepository.findTestObject(Final Object Repo/New Registration - Registration Module Pages/Form 2/DOB Date), "xpath", "equals", "//body/div/table/tbody/tr/td/a[text()="" + CurrentDate + ""]", true): Modify property of object successfully

2018-12-12 13:54:46 - [MESSAGE][PASSED] - Modify property of object successfully

2018-12-12 13:54:46 - [TEST_STEP][PASSED] - delay: Delayed 3 second(s)

2018-12-12 13:54:49 - [MESSAGE][PASSED] - Delayed 3 second(s)

2018-12-12 13:54:49 - [TEST_STEP][PASSED] - click: Object: 'Object Repository/Final Object Repo/New Registration - Registration Module Pages/Form 2/DOB Date' is clicked on

2018-12-12 13:54:49 - [MESSAGE][PASSED] - Object: 'Object Repository/Final Object Repo/New Registration - Registration Module Pages/Form 2/DOB Date' is clicked on

2018-12-12 13:54:49 - [TEST_STEP][PASSED] - delay: Delayed 2 second(s)

2018-12-12 13:54:51 - [MESSAGE][PASSED] - Delayed 2 second(s)

2018-12-12 13:54:51 - [TEST_STEP][PASSED] - click: Object: 'Object Repository/Final Object Repo/New Registration - Registration Module Pages/Form 2/EmploymentStartDate Pop Up' is clicked on

2018-12-12 13:54:52 - [MESSAGE][PASSED] - Object: 'Object Repository/Final Object Repo/New Registration - Registration Module Pages/Form 2/EmploymentStartDate Pop Up' is clicked on

2018-12-12 13:54:52 - [TEST_STEP][PASSED] - delay: Delayed 2 second(s)

2018-12-12 13:54:54 - [MESSAGE][PASSED] - Delayed 2 second(s)

2018-12-12 13:54:54 - [TEST_STEP][PASSED] - click: Object: 'Object Repository/Final Object Repo/New Registration - Registration Module Pages/Form 2/Socso Employment StartDate Month' is clicked on

2018-12-12 13:54:54 - [MESSAGE][PASSED] - Object: 'Object Repository/Final Object Repo/New Registration - Registration Module Pages/Form 2/Socso Employment StartDate Month' is clicked on

2018-12-12 13:54:54 - [TEST_STEP][PASSED] - delay: Delayed 1 second(s)

2018-12-12 13:54:55 - [MESSAGE][PASSED] - Delayed 1 second(s)

2018-12-12 13:54:55 - [TEST_STEP][PASSED] - click: Object: 'Object Repository/Final Object Repo/New Registration - Registration Module Pages/Form 2/Select Socso Employement Startdate Month' is clicked on

2018-12-12 13:54:55 - [MESSAGE][PASSED] - Object: 'Object Repository/Final Object Repo/New Registration - Registration Module Pages/Form 2/Select Socso Employement Startdate Month' is clicked on

2018-12-12 13:54:55 - [TEST_STEP][PASSED] - delay: Delayed 2 second(s)

2018-12-12 13:54:57 - [MESSAGE][PASSED] - Delayed 2 second(s)

2018-12-12 13:54:57 - [TEST_STEP][PASSED] - click: Object: 'Object Repository/Final Object Repo/New Registration - Registration Module Pages/Form 2/Socso Employment StartDate Year' is clicked on

2018-12-12 13:54:57 - [MESSAGE][PASSED] - Object: 'Object Repository/Final Object Repo/New Registration - Registration Module Pages/Form 2/Socso Employment StartDate Year' is clicked on

2018-12-12 13:54:57 - [TEST_STEP][PASSED] - delay: Delayed 1 second(s)

2018-12-12 13:54:58 - [MESSAGE][PASSED] - Delayed 1 second(s)

2018-12-12 13:54:58 - [TEST_STEP][PASSED] - click: Object: 'Object Repository/Final Object Repo/New Registration - Registration Module Pages/Form 2/Select Socso Employment Startdate Year' is clicked on

2018-12-12 13:54:58 - [MESSAGE][PASSED] - Object: 'Object Repository/Final Object Repo/New Registration - Registration Module Pages/Form 2/Select Socso Employment Startdate Year' is clicked on

2018-12-12 13:54:58 - [TEST_STEP][PASSED] - delay: Delayed 2 second(s)

2018-12-12 13:55:00 - [MESSAGE][PASSED] - Delayed 2 second(s)

2018-12-12 13:55:00 - [TEST_STEP][PASSED] - click: Object: 'Object Repository/Final Object Repo/New Registration - Registration Module Pages/Form 2/Socso Employment Start Date Day' is clicked on

2018-12-12 13:55:00 - [MESSAGE][PASSED] - Object: 'Object Repository/Final Object Repo/New Registration - Registration Module Pages/Form 2/Socso Employment Start Date Day' is clicked on

2018-12-12 13:55:00 - [TEST_STEP][PASSED] - delay: Delayed 2 second(s)

2018-12-12 13:55:02 - [MESSAGE][PASSED] - Delayed 2 second(s)

2018-12-12 13:55:02 - [TEST_STEP][PASSED] - click: Object: 'Object Repository/Final Object Repo/New Registration - Registration Module Pages/Form 2/Save Button for Add Employee' is clicked on

2018-12-12 13:55:03 - [MESSAGE][PASSED] - Object: 'Object Repository/Final Object Repo/New Registration - Registration Module Pages/Form 2/Save Button for Add Employee' is clicked on

2018-12-12 13:55:03 - [TEST_STEP][PASSED] - delay: Delayed 6 second(s)

2018-12-12 13:55:09 - [MESSAGE][PASSED] - Delayed 6 second(s)

2018-12-12 13:55:09 - [TEST_STEP][PASSED] - click: Object: 'Object Repository/Final Object Repo/New Registration - Registration Module Pages/Form 2/Save and Continue Form 2' is clicked on

2018-12-12 13:55:09 - [MESSAGE][PASSED] - Object: 'Object Repository/Final Object Repo/New Registration - Registration Module Pages/Form 2/Save and Continue Form 2' is clicked on

2018-12-12 13:55:09 - [MESSAGE][PASSED] - Call Test Case 'Test Cases/Final Aug 2018 - PKS Automation/Registration Module/New Registration/Form 2/Add 1 Eligible' successfully

2018-12-12 13:55:09 - [TEST_STEP][PASSED] - callTestCase: Call Test Case 'Test Cases/Final Aug 2018 - PKS Automation/Registration Module/New Registration/Flow of New Registration/Third Screen - Upload Supporting Doc - Preview' successfully

2018-12-12 13:55:09 - [TEST_CASE][PASSED] - Test Cases/Final Aug 2018 - PKS Automation/Registration Module/New Registration/Flow of New Registration/Third Screen - Upload Supporting Doc - Preview: Test Cases/Final Aug 2018 - PKS Automation/Registration Module/New Registration/Flow of New Registration/Third Screen - Upload Supporting Doc - Preview

2018-12-12 13:55:09 - [TEST_STEP][PASSED] - waitForPageLoad: Wait for page load successfully

2018-12-12 13:55:10 - [MESSAGE][PASSED] - Wait for page load successfully

2018-12-12 13:55:10 - [TEST_STEP][PASSED] - Statement - CaseReferenceNo = com.kms.katalon.core.webui.keyword.WebUiBuiltInKeywords.getText(com.kms.katalon.core.testobject.ObjectRepository.findTestObject(Final Object Repo/New Registration - Registration Module Pages/Third Screen - Upload Supporting Doc- Preview/RefNo Acquiring)): Text of object 'Object Repository/Final Object Repo/New Registration - Registration Module Pages/Third Screen - Upload Supporting Doc- Preview/RefNo Acquiring' is: 'CRN12201800123200'

2018-12-12 13:55:10 - [MESSAGE][PASSED] - Text of object 'Object Repository/Final Object Repo/New Registration - Registration Module Pages/Third Screen - Upload Supporting Doc- Preview/RefNo Acquiring' is: 'CRN12201800123200'

2018-12-12 13:55:10 - [TEST_STEP][PASSED] - delay: Delayed 2 second(s)

2018-12-12 13:55:12 - [MESSAGE][PASSED] - Delayed 2 second(s)

2018-12-12 13:55:12 - [TEST_STEP][PASSED] - callTestCase: Call Test Case 'Test Cases/Final Aug 2018 - PKS Automation/Common/Reference Number Setter' successfully

2018-12-12 13:55:12 - [TEST_CASE][PASSED] - Test Cases/Final Aug 2018 - PKS Automation/Common/Reference Number Setter: Test Cases/Final Aug 2018 - PKS Automation/Common/Reference Number Setter

2018-12-12 13:55:12 - [TEST_STEP][PASSED] - Statement - RefNoOldFile = new java.io.File(C://Users//Admin//Desktop//PKS//Automation Reference Point//KatalonReference.txt): null

2018-12-12 13:55:12 - [TEST_STEP][PASSED] - Statement - RefNoOldFile.delete(): null

2018-12-12 13:55:12 - [TEST_STEP][PASSED] - delay: Delayed 5 second(s)

2018-12-12 13:55:17 - [MESSAGE][PASSED] - Delayed 5 second(s)

2018-12-12 13:55:17 - [TEST_STEP][PASSED] - Statement - RefNo = new java.io.File(C://Users//Admin//Desktop//PKS//Automation Reference Point//KatalonReference.txt): null

2018-12-12 13:55:17 - [TEST_STEP][PASSED] - Statement - f2 = new java.io.FileWriter(RefNo, false): null

2018-12-12 13:55:17 - [TEST_STEP][PASSED] - Statement - f2.write(CaseReferenceNo): null

2018-12-12 13:55:17 - [TEST_STEP][PASSED] - Statement - f2.close(): null

2018-12-12 13:55:17 - [TEST_STEP][PASSED] - Statement - out.println("


" + CaseReferenceNo + "


"): null

2018-12-12 13:55:17 - [MESSAGE][PASSED] - Call Test Case 'Test Cases/Final Aug 2018 - PKS Automation/Common/Reference Number Setter' successfully

2018-12-12 13:55:17 - [TEST_STEP][PASSED] - waitForElementClickable: Object 'Object Repository/Final Object Repo/New Registration - Registration Module Pages/Third Screen - Upload Supporting Doc- Preview/Save n Continue in SIP Employee Listing Page' is clickable

2018-12-12 13:55:17 - [MESSAGE][PASSED] - Object 'Object Repository/Final Object Repo/New Registration - Registration Module Pages/Third Screen - Upload Supporting Doc- Preview/Save n Continue in SIP Employee Listing Page' is clickable

2018-12-12 13:55:17 - [TEST_STEP][PASSED] - click: Object: 'Object Repository/Final Object Repo/New Registration - Registration Module Pages/Third Screen - Upload Supporting Doc- Preview/Save n Continue in SIP Employee Listing Page' is clicked on

2018-12-12 13:55:23 - [MESSAGE][PASSED] - Object: 'Object Repository/Final Object Repo/New Registration - Registration Module Pages/Third Screen - Upload Supporting Doc- Preview/Save n Continue in SIP Employee Listing Page' is clicked on

2018-12-12 13:55:23 - [TEST_STEP][PASSED] - delay: Delayed 7 second(s)

2018-12-12 13:55:30 - [MESSAGE][PASSED] - Delayed 7 second(s)

2018-12-12 13:55:30 - [TEST_STEP][PASSED] - click: Object: 'Object Repository/Final Object Repo/New Registration - Registration Module Pages/Third Screen - Upload Supporting Doc- Preview/Add Document Button' is clicked on

2018-12-12 13:55:30 - [MESSAGE][PASSED] - Object: 'Object Repository/Final Object Repo/New Registration - Registration Module Pages/Third Screen - Upload Supporting Doc- Preview/Add Document Button' is clicked on

2018-12-12 13:55:30 - [TEST_STEP][PASSED] - delay: Delayed 30 second(s)

2018-12-12 13:56:00 - [MESSAGE][PASSED] - Delayed 30 second(s)

2018-12-12 13:56:00 - [TEST_STEP][PASSED] - click: Object: 'Object Repository/Final Object Repo/New Registration - Registration Module Pages/Third Screen - Upload Supporting Doc- Preview/Supporting Doc Please Select Drop Down' is clicked on

2018-12-12 13:56:00 - [MESSAGE][PASSED] - Object: 'Object Repository/Final Object Repo/New Registration - Registration Module Pages/Third Screen - Upload Supporting Doc- Preview/Supporting Doc Please Select Drop Down' is clicked on

2018-12-12 13:56:00 - [TEST_STEP][PASSED] - delay: Delayed 2 second(s)

2018-12-12 13:56:02 - [MESSAGE][PASSED] - Delayed 2 second(s)

2018-12-12 13:56:02 - [TEST_STEP][PASSED] - click: Object: 'Object Repository/Final Object Repo/New Registration - Registration Module Pages/Third Screen - Upload Supporting Doc- Preview/Select to Upload Form 1' is clicked on

2018-12-12 13:56:03 - [MESSAGE][PASSED] - Object: 'Object Repository/Final Object Repo/New Registration - Registration Module Pages/Third Screen - Upload Supporting Doc- Preview/Select to Upload Form 1' is clicked on

2018-12-12 13:56:03 - [TEST_STEP][PASSED] - delay: Delayed 2 second(s)

2018-12-12 13:56:05 - [MESSAGE][PASSED] - Delayed 2 second(s)

2018-12-12 13:56:05 - [TEST_STEP][PASSED] - uploadFile: File 'C:\Users\Public\Pictures\Sample Pictures\Koala.jpg' sent to object: 'Object Repository/Final Object Repo/New Registration - Registration Module Pages/Third Screen - Upload Supporting Doc- Preview/Upload File Adding'

2018-12-12 13:56:05 - [MESSAGE][PASSED] - File 'C:\Users\Public\Pictures\Sample Pictures\Koala.jpg' sent to object: 'Object Repository/Final Object Repo/New Registration - Registration Module Pages/Third Screen - Upload Supporting Doc- Preview/Upload File Adding'

2018-12-12 13:56:05 - [TEST_STEP][PASSED] - delay: Delayed 5 second(s)

2018-12-12 13:56:10 - [MESSAGE][PASSED] - Delayed 5 second(s)

2018-12-12 13:56:10 - [TEST_STEP][PASSED] - click: Object: 'Object Repository/Final Object Repo/New Registration - Registration Module Pages/Third Screen - Upload Supporting Doc- Preview/Inner Form Add Document Button' is clicked on

2018-12-12 13:56:10 - [MESSAGE][PASSED] - Object: 'Object Repository/Final Object Repo/New Registration - Registration Module Pages/Third Screen - Upload Supporting Doc- Preview/Inner Form Add Document Button' is clicked on

2018-12-12 13:56:10 - [TEST_STEP][PASSED] - delay: Delayed 3 second(s)

2018-12-12 13:56:13 - [MESSAGE][PASSED] - Delayed 3 second(s)

2018-12-12 13:56:13 - [TEST_STEP][PASSED] - click: Object: 'Object Repository/Final Object Repo/New Registration - Registration Module Pages/Third Screen - Upload Supporting Doc- Preview/Add Document Button' is clicked on

2018-12-12 13:56:14 - [MESSAGE][PASSED] - Object: 'Object Repository/Final Object Repo/New Registration - Registration Module Pages/Third Screen - Upload Supporting Doc- Preview/Add Document Button' is clicked on

2018-12-12 13:56:14 - [TEST_STEP][PASSED] - delay: Delayed 30 second(s)

2018-12-12 13:56:44 - [MESSAGE][PASSED] - Delayed 30 second(s)

2018-12-12 13:56:44 - [TEST_STEP][PASSED] - click: Object: 'Object Repository/Final Object Repo/New Registration - Registration Module Pages/Third Screen - Upload Supporting Doc- Preview/Supporting Doc Please Select Drop Down' is clicked on

2018-12-12 13:56:45 - [MESSAGE][PASSED] - Object: 'Object Repository/Final Object Repo/New Registration - Registration Module Pages/Third Screen - Upload Supporting Doc- Preview/Supporting Doc Please Select Drop Down' is clicked on

2018-12-12 13:56:45 - [TEST_STEP][PASSED] - delay: Delayed 4 second(s)

2018-12-12 13:56:49 - [MESSAGE][PASSED] - Delayed 4 second(s)

2018-12-12 13:56:49 - [TEST_STEP][PASSED] - click: Object: 'Object Repository/Final Object Repo/New Registration - Registration Module Pages/Third Screen - Upload Supporting Doc- Preview/Select to Upload Form 2' is clicked on

2018-12-12 13:56:49 - [MESSAGE][PASSED] - Object: 'Object Repository/Final Object Repo/New Registration - Registration Module Pages/Third Screen - Upload Supporting Doc- Preview/Select to Upload Form 2' is clicked on

2018-12-12 13:56:49 - [TEST_STEP][PASSED] - delay: Delayed 2 second(s)

2018-12-12 13:56:51 - [MESSAGE][PASSED] - Delayed 2 second(s)

2018-12-12 13:56:51 - [TEST_STEP][PASSED] - uploadFile: File 'C:\Users\Public\Pictures\Sample Pictures\Koala.jpg' sent to object: 'Object Repository/Final Object Repo/New Registration - Registration Module Pages/Third Screen - Upload Supporting Doc- Preview/Upload File Adding'

2018-12-12 13:56:51 - [MESSAGE][PASSED] - File 'C:\Users\Public\Pictures\Sample Pictures\Koala.jpg' sent to object: 'Object Repository/Final Object Repo/New Registration - Registration Module Pages/Third Screen - Upload Supporting Doc- Preview/Upload File Adding'

2018-12-12 13:56:51 - [TEST_STEP][PASSED] - click: Object: 'Object Repository/Final Object Repo/New Registration - Registration Module Pages/Third Screen - Upload Supporting Doc- Preview/Inner Form Add Document Button' is clicked on

2018-12-12 13:56:51 - [MESSAGE][PASSED] - Object: 'Object Repository/Final Object Repo/New Registration - Registration Module Pages/Third Screen - Upload Supporting Doc- Preview/Inner Form Add Document Button' is clicked on

2018-12-12 13:56:51 - [TEST_STEP][PASSED] - delay: Delayed 5 second(s)

2018-12-12 13:56:56 - [MESSAGE][PASSED] - Delayed 5 second(s)

2018-12-12 13:56:56 - [TEST_STEP][PASSED] - click: Object: 'Object Repository/Final Object Repo/New Registration - Registration Module Pages/Third Screen - Upload Supporting Doc- Preview/Add Document Button' is clicked on

2018-12-12 13:56:56 - [MESSAGE][PASSED] - Object: 'Object Repository/Final Object Repo/New Registration - Registration Module Pages/Third Screen - Upload Supporting Doc- Preview/Add Document Button' is clicked on

2018-12-12 13:56:56 - [TEST_STEP][PASSED] - delay: Delayed 30 second(s)

2018-12-12 13:57:26 - [MESSAGE][PASSED] - Delayed 30 second(s)

2018-12-12 13:57:26 - [TEST_STEP][PASSED] - click: Object: 'Object Repository/Final Object Repo/New Registration - Registration Module Pages/Third Screen - Upload Supporting Doc- Preview/Supporting Doc Please Select Drop Down' is clicked on

2018-12-12 13:57:26 - [MESSAGE][PASSED] - Object: 'Object Repository/Final Object Repo/New Registration - Registration Module Pages/Third Screen - Upload Supporting Doc- Preview/Supporting Doc Please Select Drop Down' is clicked on

2018-12-12 13:57:26 - [TEST_STEP][PASSED] - click: Object: 'Object Repository/Final Object Repo/New Registration - Registration Module Pages/Third Screen - Upload Supporting Doc- Preview/Select to Upload Borang SIP 1' is clicked on

2018-12-12 13:57:27 - [MESSAGE][PASSED] - Object: 'Object Repository/Final Object Repo/New Registration - Registration Module Pages/Third Screen - Upload Supporting Doc- Preview/Select to Upload Borang SIP 1' is clicked on

2018-12-12 13:57:27 - [TEST_STEP][PASSED] - delay: Delayed 2 second(s)

2018-12-12 13:57:29 - [MESSAGE][PASSED] - Delayed 2 second(s)

2018-12-12 13:57:29 - [TEST_STEP][PASSED] - uploadFile: File 'C:\Users\Public\Pictures\Sample Pictures\Koala.jpg' sent to object: 'Object Repository/Final Object Repo/New Registration - Registration Module Pages/Third Screen - Upload Supporting Doc- Preview/Upload File Adding'

2018-12-12 13:57:29 - [MESSAGE][PASSED] - File 'C:\Users\Public\Pictures\Sample Pictures\Koala.jpg' sent to object: 'Object Repository/Final Object Repo/New Registration - Registration Module Pages/Third Screen - Upload Supporting Doc- Preview/Upload File Adding'

2018-12-12 13:57:29 - [TEST_STEP][PASSED] - click: Object: 'Object Repository/Final Object Repo/New Registration - Registration Module Pages/Third Screen - Upload Supporting Doc- Preview/Inner Form Add Document Button' is clicked on

2018-12-12 13:57:29 - [MESSAGE][PASSED] - Object: 'Object Repository/Final Object Repo/New Registration - Registration Module Pages/Third Screen - Upload Supporting Doc- Preview/Inner Form Add Document Button' is clicked on

2018-12-12 13:57:29 - [TEST_STEP][PASSED] - delay: Delayed 5 second(s)

2018-12-12 13:57:34 - [MESSAGE][PASSED] - Delayed 5 second(s)

2018-12-12 13:57:34 - [TEST_STEP][PASSED] - click: Object: 'Object Repository/Final Object Repo/New Registration - Registration Module Pages/Third Screen - Upload Supporting Doc- Preview/Add Document Button' is clicked on

2018-12-12 13:57:34 - [MESSAGE][PASSED] - Object: 'Object Repository/Final Object Repo/New Registration - Registration Module Pages/Third Screen - Upload Supporting Doc- Preview/Add Document Button' is clicked on

2018-12-12 13:57:34 - [TEST_STEP][PASSED] - delay: Delayed 30 second(s)

2018-12-12 13:58:04 - [MESSAGE][PASSED] - Delayed 30 second(s)

2018-12-12 13:58:04 - [TEST_STEP][PASSED] - click: Object: 'Object Repository/Final Object Repo/New Registration - Registration Module Pages/Third Screen - Upload Supporting Doc- Preview/Supporting Doc Please Select Drop Down' is clicked on

2018-12-12 13:58:04 - [MESSAGE][PASSED] - Object: 'Object Repository/Final Object Repo/New Registration - Registration Module Pages/Third Screen - Upload Supporting Doc- Preview/Supporting Doc Please Select Drop Down' is clicked on

2018-12-12 13:58:04 - [TEST_STEP][PASSED] - delay: Delayed 3 second(s)

2018-12-12 13:58:07 - [MESSAGE][PASSED] - Delayed 3 second(s)

2018-12-12 13:58:07 - [TEST_STEP][PASSED] - click: Object: 'Object Repository/Final Object Repo/New Registration - Registration Module Pages/Third Screen - Upload Supporting Doc- Preview/Select to Upload Borang SIP 2' is clicked on

2018-12-12 13:58:08 - [MESSAGE][PASSED] - Object: 'Object Repository/Final Object Repo/New Registration - Registration Module Pages/Third Screen - Upload Supporting Doc- Preview/Select to Upload Borang SIP 2' is clicked on

2018-12-12 13:58:08 - [TEST_STEP][PASSED] - delay: Delayed 2 second(s)

2018-12-12 13:58:10 - [MESSAGE][PASSED] - Delayed 2 second(s)

2018-12-12 13:58:10 - [TEST_STEP][PASSED] - uploadFile: File 'C:\Users\Public\Pictures\Sample Pictures\Koala.jpg' sent to object: 'Object Repository/Final Object Repo/New Registration - Registration Module Pages/Third Screen - Upload Supporting Doc- Preview/Upload File Adding'

2018-12-12 13:58:10 - [MESSAGE][PASSED] - File 'C:\Users\Public\Pictures\Sample Pictures\Koala.jpg' sent to object: 'Object Repository/Final Object Repo/New Registration - Registration Module Pages/Third Screen - Upload Supporting Doc- Preview/Upload File Adding'

2018-12-12 13:58:10 - [TEST_STEP][PASSED] - delay: Delayed 5 second(s)

2018-12-12 13:58:15 - [MESSAGE][PASSED] - Delayed 5 second(s)

2018-12-12 13:58:15 - [TEST_STEP][PASSED] - click: Object: 'Object Repository/Final Object Repo/New Registration - Registration Module Pages/Third Screen - Upload Supporting Doc- Preview/Inner Form Add Document Button' is clicked on

2018-12-12 13:58:15 - [MESSAGE][PASSED] - Object: 'Object Repository/Final Object Repo/New Registration - Registration Module Pages/Third Screen - Upload Supporting Doc- Preview/Inner Form Add Document Button' is clicked on

2018-12-12 13:58:15 - [TEST_STEP][PASSED] - delay: Delayed 3 second(s)

2018-12-12 13:58:18 - [MESSAGE][PASSED] - Delayed 3 second(s)

2018-12-12 13:58:18 - [TEST_STEP][PASSED] - waitForElementClickable: Object 'Object Repository/Final Object Repo/New Registration - Registration Module Pages/Third Screen - Upload Supporting Doc- Preview/Save n Continue in Uploading Supporting Doc Page' is clickable

2018-12-12 13:58:19 - [MESSAGE][PASSED] - Object 'Object Repository/Final Object Repo/New Registration - Registration Module Pages/Third Screen - Upload Supporting Doc- Preview/Save n Continue in Uploading Supporting Doc Page' is clickable

2018-12-12 13:58:19 - [TEST_STEP][PASSED] - click: Object: 'Object Repository/Final Object Repo/New Registration - Registration Module Pages/Third Screen - Upload Supporting Doc- Preview/Save n Continue in Uploading Supporting Doc Page' is clicked on

2018-12-12 13:58:19 - [MESSAGE][PASSED] - Object: 'Object Repository/Final Object Repo/New Registration - Registration Module Pages/Third Screen - Upload Supporting Doc- Preview/Save n Continue in Uploading Supporting Doc Page' is clicked on

2018-12-12 13:58:19 - [MESSAGE][PASSED] - Call Test Case 'Test Cases/Final Aug 2018 - PKS Automation/Registration Module/New Registration/Flow of New Registration/Third Screen - Upload Supporting Doc - Preview' successfully

2018-12-12 13:58:19 - [TEST_STEP][PASSED] - callTestCase: Call Test Case 'Test Cases/Final Aug 2018 - PKS Automation/Registration Module/New Registration/Submit and Screenshot/Submit Registration and Screenshot - Copy' successfully

2018-12-12 13:58:19 - [TEST_CASE][PASSED] - Test Cases/Final Aug 2018 - PKS Automation/Registration Module/New Registration/Submit and Screenshot/Submit Registration and Screenshot - Copy: Test Cases/Final Aug 2018 - PKS Automation/Registration Module/New Registration/Submit and Screenshot/Submit Registration and Screenshot - Copy

2018-12-12 13:58:19 - [TEST_STEP][PASSED] - delay: Delayed 6 second(s)

2018-12-12 13:58:25 - [MESSAGE][PASSED] - Delayed 6 second(s)

2018-12-12 13:58:25 - [TEST_STEP][PASSED] - click: Object: 'Object Repository/Final Object Repo/New Registration - Registration Module Pages/Third Screen - Upload Supporting Doc- Preview/Preview Submit Button' is clicked on

2018-12-12 13:58:26 - [MESSAGE][PASSED] - Object: 'Object Repository/Final Object Repo/New Registration - Registration Module Pages/Third Screen - Upload Supporting Doc- Preview/Preview Submit Button' is clicked on

2018-12-12 13:58:26 - [TEST_STEP][PASSED] - delay: Delayed 2 second(s)

2018-12-12 13:58:28 - [MESSAGE][PASSED] - Delayed 2 second(s)

2018-12-12 13:58:28 - [TEST_STEP][PASSED] - click: Object: 'Object Repository/Final Object Repo/New Registration - Registration Module Pages/Third Screen - Upload Supporting Doc- Preview/Preview Submit - Confirm' is clicked on

2018-12-12 13:58:28 - [MESSAGE][PASSED] - Object: 'Object Repository/Final Object Repo/New Registration - Registration Module Pages/Third Screen - Upload Supporting Doc- Preview/Preview Submit - Confirm' is clicked on

2018-12-12 13:58:28 - [TEST_STEP][PASSED] - delay: Delayed 15 second(s)

2018-12-12 13:58:43 - [MESSAGE][PASSED] - Delayed 15 second(s)

2018-12-12 13:58:43 - [TEST_STEP][PASSED] - Statement - driver = com.kms.katalon.core.webui.driver.DriverFactory.getWebDriver(): null

2018-12-12 13:58:43 - [TEST_STEP][PASSED] - Statement - driver.manage().timeouts().implicitlyWait(10, SECONDS): null

2018-12-12 13:58:43 - [TEST_STEP][PASSED] - Statement - PresavePath = KatalonScreenshots: null

2018-12-12 13:58:43 - [TEST_STEP][PASSED] - Statement - pathPrefix = "C:\Users\Public\Pictures\Sample Pictures\Katalon Screenshots\Automate Ending Screen": null

2018-12-12 13:58:43 - [TEST_STEP][PASSED] - Statement - finalPath = <not implemented yet for class: org.codehaus.groovy.ast.expr.EmptyExpression>: null

2018-12-12 13:58:43 - [TEST_STEP][PASSED] - Statement - scrFile = driver.getScreenshotAs(FILE): null

2018-12-12 13:58:44 - [TEST_STEP][PASSED] - Statement - PreSaveFile = new java.io.File(PresavePath): null

2018-12-12 13:58:44 - [TEST_STEP][PASSED] - Statement - counter = 0: null

2018-12-12 13:58:44 - [TEST_STEP][PASSED] - Statement - If (PreSaveFile.exists()): null

2018-12-12 13:58:44 - [TEST_STEP][PASSED] - Statement - While (PreSaveFile.exists()): null

2018-12-12 13:58:44 - [TEST_STEP][PASSED] - Statement - counter = counter + 1: null

2018-12-12 13:58:44 - [TEST_STEP][PASSED] - Statement - PreSaveFile = new java.io.File(((pathPrefix + java.lang.Integer.toString(counter)) + .png)): null

2018-12-12 13:58:44 - [TEST_STEP][PASSED] - Statement - counter = counter + 1: null

2018-12-12 13:58:44 - [TEST_STEP][PASSED] - Statement - PreSaveFile = new java.io.File(((pathPrefix + java.lang.Integer.toString(counter)) + .png)): null

2018-12-12 13:58:44 - [TEST_STEP][PASSED] - Statement - counter = counter + 1: null

2018-12-12 13:58:44 - [TEST_STEP][PASSED] - Statement - PreSaveFile = new java.io.File(((pathPrefix + java.lang.Integer.toString(counter)) + .png)): null

2018-12-12 13:58:44 - [TEST_STEP][PASSED] - Statement - counter = counter + 1: null

2018-12-12 13:58:44 - [TEST_STEP][PASSED] - Statement - PreSaveFile = new java.io.File(((pathPrefix + java.lang.Integer.toString(counter)) + .png)): null

2018-12-12 13:58:44 - [TEST_STEP][PASSED] - Statement - counter = counter + 1: null

2018-12-12 13:58:44 - [TEST_STEP][PASSED] - Statement - PreSaveFile = new java.io.File(((pathPrefix + java.lang.Integer.toString(counter)) + .png)): null

2018-12-12 13:58:44 - [TEST_STEP][PASSED] - Statement - counter = counter + 1: null

2018-12-12 13:58:44 - [TEST_STEP][PASSED] - Statement - PreSaveFile = new java.io.File(((pathPrefix + java.lang.Integer.toString(counter)) + .png)): null

2018-12-12 13:58:44 - [TEST_STEP][PASSED] - Statement - counter = counter + 1: null

2018-12-12 13:58:44 - [TEST_STEP][PASSED] - Statement - PreSaveFile = new java.io.File(((pathPrefix + java.lang.Integer.toString(counter)) + .png)): null

2018-12-12 13:58:44 - [TEST_STEP][PASSED] - Statement - counter = counter + 1: null

2018-12-12 13:58:44 - [TEST_STEP][PASSED] - Statement - PreSaveFile = new java.io.File(((pathPrefix + java.lang.Integer.toString(counter)) + .png)): null

2018-12-12 13:58:44 - [TEST_STEP][PASSED] - Statement - counter = counter + 1: null

2018-12-12 13:58:44 - [TEST_STEP][PASSED] - Statement - PreSaveFile = new java.io.File(((pathPrefix + java.lang.Integer.toString(counter)) + .png)): null

2018-12-12 13:58:44 - [TEST_STEP][PASSED] - Statement - counter = counter + 1: null

2018-12-12 13:58:44 - [TEST_STEP][PASSED] - Statement - PreSaveFile = new java.io.File(((pathPrefix + java.lang.Integer.toString(counter)) + .png)): null

2018-12-12 13:58:44 - [TEST_STEP][PASSED] - Statement - counter = counter + 1: null

2018-12-12 13:58:44 - [TEST_STEP][PASSED] - Statement - PreSaveFile = new java.io.File(((pathPrefix + java.lang.Integer.toString(counter)) + .png)): null

2018-12-12 13:58:44 - [TEST_STEP][PASSED] - Statement - counter = counter + 1: null

2018-12-12 13:58:44 - [TEST_STEP][PASSED] - Statement - PreSaveFile = new java.io.File(((pathPrefix + java.lang.Integer.toString(counter)) + .png)): null

2018-12-12 13:58:44 - [TEST_STEP][PASSED] - Statement - counter = counter + 1: null

2018-12-12 13:58:44 - [TEST_STEP][PASSED] - Statement - PreSaveFile = new java.io.File(((pathPrefix + java.lang.Integer.toString(counter)) + .png)): null

2018-12-12 13:58:44 - [TEST_STEP][PASSED] - Statement - counter = counter + 1: null

2018-12-12 13:58:44 - [TEST_STEP][PASSED] - Statement - PreSaveFile = new java.io.File(((pathPrefix + java.lang.Integer.toString(counter)) + .png)): null

2018-12-12 13:58:44 - [TEST_STEP][PASSED] - Statement - counter = counter + 1: null

2018-12-12 13:58:44 - [TEST_STEP][PASSED] - Statement - PreSaveFile = new java.io.File(((pathPrefix + java.lang.Integer.toString(counter)) + .png)): null

2018-12-12 13:58:44 - [TEST_STEP][PASSED] - Statement - counter = counter + 1: null

2018-12-12 13:58:44 - [TEST_STEP][PASSED] - Statement - PreSaveFile = new java.io.File(((pathPrefix + java.lang.Integer.toString(counter)) + .png)): null

2018-12-12 13:58:44 - [TEST_STEP][PASSED] - Statement - counter = counter + 1: null

2018-12-12 13:58:44 - [TEST_STEP][PASSED] - Statement - PreSaveFile = new java.io.File(((pathPrefix + java.lang.Integer.toString(counter)) + .png)): null

2018-12-12 13:58:44 - [TEST_STEP][PASSED] - Statement - counter = counter + 1: null

2018-12-12 13:58:44 - [TEST_STEP][PASSED] - Statement - PreSaveFile = new java.io.File(((pathPrefix + java.lang.Integer.toString(counter)) + .png)): null

2018-12-12 13:58:44 - [TEST_STEP][PASSED] - Statement - counter = counter + 1: null

2018-12-12 13:58:44 - [TEST_STEP][PASSED] - Statement - PreSaveFile = new java.io.File(((pathPrefix + java.lang.Integer.toString(counter)) + .png)): null

2018-12-12 13:58:44 - [TEST_STEP][PASSED] - Statement - counter = counter + 1: null

2018-12-12 13:58:44 - [TEST_STEP][PASSED] - Statement - PreSaveFile = new java.io.File(((pathPrefix + java.lang.Integer.toString(counter)) + .png)): null

2018-12-12 13:58:44 - [TEST_STEP][PASSED] - Statement - counter = counter + 1: null

2018-12-12 13:58:44 - [TEST_STEP][PASSED] - Statement - PreSaveFile = new java.io.File(((pathPrefix + java.lang.Integer.toString(counter)) + .png)): null

2018-12-12 13:58:44 - [TEST_STEP][PASSED] - Statement - counter = counter + 1: null

2018-12-12 13:58:44 - [TEST_STEP][PASSED] - Statement - PreSaveFile = new java.io.File(((pathPrefix + java.lang.Integer.toString(counter)) + .png)): null

2018-12-12 13:58:44 - [TEST_STEP][PASSED] - Statement - counter = counter + 1: null

2018-12-12 13:58:44 - [TEST_STEP][PASSED] - Statement - PreSaveFile = new java.io.File(((pathPrefix + java.lang.Integer.toString(counter)) + .png)): null

2018-12-12 13:58:44 - [TEST_STEP][PASSED] - Statement - counter = counter + 1: null

2018-12-12 13:58:44 - [TEST_STEP][PASSED] - Statement - PreSaveFile = new java.io.File(((pathPrefix + java.lang.Integer.toString(counter)) + .png)): null

2018-12-12 13:58:44 - [TEST_STEP][PASSED] - Statement - counter = counter + 1: null

2018-12-12 13:58:44 - [TEST_STEP][PASSED] - Statement - PreSaveFile = new java.io.File(((pathPrefix + java.lang.Integer.toString(counter)) + .png)): null

2018-12-12 13:58:44 - [TEST_STEP][PASSED] - Statement - counter = counter + 1: null

2018-12-12 13:58:44 - [TEST_STEP][PASSED] - Statement - PreSaveFile = new java.io.File(((pathPrefix + java.lang.Integer.toString(counter)) + .png)): null

2018-12-12 13:58:44 - [TEST_STEP][PASSED] - Statement - counter = counter + 1: null

2018-12-12 13:58:44 - [TEST_STEP][PASSED] - Statement - PreSaveFile = new java.io.File(((pathPrefix + java.lang.Integer.toString(counter)) + .png)): null

2018-12-12 13:58:44 - [TEST_STEP][PASSED] - Statement - counter = counter + 1: null

2018-12-12 13:58:44 - [TEST_STEP][PASSED] - Statement - PreSaveFile = new java.io.File(((pathPrefix + java.lang.Integer.toString(counter)) + .png)): null

2018-12-12 13:58:44 - [TEST_STEP][PASSED] - Statement - counter = counter + 1: null

2018-12-12 13:58:44 - [TEST_STEP][PASSED] - Statement - PreSaveFile = new java.io.File(((pathPrefix + java.lang.Integer.toString(counter)) + .png)): null

2018-12-12 13:58:44 - [TEST_STEP][PASSED] - Statement - counter = counter + 1: null

2018-12-12 13:58:44 - [TEST_STEP][PASSED] - Statement - PreSaveFile = new java.io.File(((pathPrefix + java.lang.Integer.toString(counter)) + .png)): null

2018-12-12 13:58:44 - [TEST_STEP][PASSED] - Statement - counter = counter + 1: null

2018-12-12 13:58:44 - [TEST_STEP][PASSED] - Statement - PreSaveFile = new java.io.File(((pathPrefix + java.lang.Integer.toString(counter)) + .png)): null

2018-12-12 13:58:44 - [TEST_STEP][PASSED] - Statement - counter = counter + 1: null

2018-12-12 13:58:44 - [TEST_STEP][PASSED] - Statement - PreSaveFile = new java.io.File(((pathPrefix + java.lang.Integer.toString(counter)) + .png)): null

2018-12-12 13:58:44 - [TEST_STEP][PASSED] - Statement - counter = counter + 1: null

2018-12-12 13:58:44 - [TEST_STEP][PASSED] - Statement - PreSaveFile = new java.io.File(((pathPrefix + java.lang.Integer.toString(counter)) + .png)): null

2018-12-12 13:58:44 - [TEST_STEP][PASSED] - Statement - counter = counter + 1: null

2018-12-12 13:58:44 - [TEST_STEP][PASSED] - Statement - PreSaveFile = new java.io.File(((pathPrefix + java.lang.Integer.toString(counter)) + .png)): null

2018-12-12 13:58:44 - [TEST_STEP][PASSED] - Statement - counter = counter + 1: null

2018-12-12 13:58:44 - [TEST_STEP][PASSED] - Statement - PreSaveFile = new java.io.File(((pathPrefix + java.lang.Integer.toString(counter)) + .png)): null

2018-12-12 13:58:44 - [TEST_STEP][PASSED] - Statement - counter = counter + 1: null

2018-12-12 13:58:44 - [TEST_STEP][PASSED] - Statement - PreSaveFile = new java.io.File(((pathPrefix + java.lang.Integer.toString(counter)) + .png)): null

2018-12-12 13:58:44 - [TEST_STEP][PASSED] - Statement - counter = counter + 1: null

2018-12-12 13:58:44 - [TEST_STEP][PASSED] - Statement - PreSaveFile = new java.io.File(((pathPrefix + java.lang.Integer.toString(counter)) + .png)): null

2018-12-12 13:58:44 - [TEST_STEP][PASSED] - Statement - counter = counter + 1: null

2018-12-12 13:58:44 - [TEST_STEP][PASSED] - Statement - PreSaveFile = new java.io.File(((pathPrefix + java.lang.Integer.toString(counter)) + .png)): null

2018-12-12 13:58:44 - [TEST_STEP][PASSED] - Statement - counter = counter + 1: null

2018-12-12 13:58:44 - [TEST_STEP][PASSED] - Statement - PreSaveFile = new java.io.File(((pathPrefix + java.lang.Integer.toString(counter)) + .png)): null

2018-12-12 13:58:44 - [TEST_STEP][PASSED] - Statement - counter = counter + 1: null

2018-12-12 13:58:44 - [TEST_STEP][PASSED] - Statement - PreSaveFile = new java.io.File(((pathPrefix + java.lang.Integer.toString(counter)) + .png)): null

2018-12-12 13:58:44 - [TEST_STEP][PASSED] - Statement - counter = counter + 1: null

2018-12-12 13:58:44 - [TEST_STEP][PASSED] - Statement - PreSaveFile = new java.io.File(((pathPrefix + java.lang.Integer.toString(counter)) + .png)): null

2018-12-12 13:58:44 - [TEST_STEP][PASSED] - Statement - counter = counter + 1: null

2018-12-12 13:58:44 - [TEST_STEP][PASSED] - Statement - PreSaveFile = new java.io.File(((pathPrefix + java.lang.Integer.toString(counter)) + .png)): null

2018-12-12 13:58:44 - [TEST_STEP][PASSED] - Statement - counter = counter + 1: null

2018-12-12 13:58:44 - [TEST_STEP][PASSED] - Statement - PreSaveFile = new java.io.File(((pathPrefix + java.lang.Integer.toString(counter)) + .png)): null

2018-12-12 13:58:44 - [TEST_STEP][PASSED] - Statement - counter = counter + 1: null

2018-12-12 13:58:44 - [TEST_STEP][PASSED] - Statement - PreSaveFile = new java.io.File(((pathPrefix + java.lang.Integer.toString(counter)) + .png)): null

2018-12-12 13:58:44 - [TEST_STEP][PASSED] - Statement - counter = counter + 1: null

2018-12-12 13:58:44 - [TEST_STEP][PASSED] - Statement - PreSaveFile = new java.io.File(((pathPrefix + java.lang.Integer.toString(counter)) + .png)): null

2018-12-12 13:58:44 - [TEST_STEP][PASSED] - Statement - counter = counter + 1: null

2018-12-12 13:58:44 - [TEST_STEP][PASSED] - Statement - PreSaveFile = new java.io.File(((pathPrefix + java.lang.Integer.toString(counter)) + .png)): null

2018-12-12 13:58:44 - [TEST_STEP][PASSED] - Statement - counter = counter + 1: null

2018-12-12 13:58:44 - [TEST_STEP][PASSED] - Statement - PreSaveFile = new java.io.File(((pathPrefix + java.lang.Integer.toString(counter)) + .png)): null

2018-12-12 13:58:44 - [TEST_STEP][PASSED] - Statement - counter = counter + 1: null

2018-12-12 13:58:44 - [TEST_STEP][PASSED] - Statement - PreSaveFile = new java.io.File(((pathPrefix + java.lang.Integer.toString(counter)) + .png)): null

2018-12-12 13:58:44 - [TEST_STEP][PASSED] - Statement - counter = counter + 1: null

2018-12-12 13:58:44 - [TEST_STEP][PASSED] - Statement - PreSaveFile = new java.io.File(((pathPrefix + java.lang.Integer.toString(counter)) + .png)): null

2018-12-12 13:58:44 - [TEST_STEP][PASSED] - Statement - counter = counter + 1: null

2018-12-12 13:58:44 - [TEST_STEP][PASSED] - Statement - PreSaveFile = new java.io.File(((pathPrefix + java.lang.Integer.toString(counter)) + .png)): null

2018-12-12 13:58:44 - [TEST_STEP][PASSED] - Statement - counter = counter + 1: null

2018-12-12 13:58:44 - [TEST_STEP][PASSED] - Statement - PreSaveFile = new java.io.File(((pathPrefix + java.lang.Integer.toString(counter)) + .png)): null

2018-12-12 13:58:44 - [TEST_STEP][PASSED] - Statement - counter = counter + 1: null

2018-12-12 13:58:44 - [TEST_STEP][PASSED] - Statement - PreSaveFile = new java.io.File(((pathPrefix + java.lang.Integer.toString(counter)) + .png)): null

2018-12-12 13:58:44 - [TEST_STEP][PASSED] - Statement - counter = counter + 1: null

2018-12-12 13:58:44 - [TEST_STEP][PASSED] - Statement - PreSaveFile = new java.io.File(((pathPrefix + java.lang.Integer.toString(counter)) + .png)): null

2018-12-12 13:58:44 - [TEST_STEP][PASSED] - Statement - counter = counter + 1: null

2018-12-12 13:58:44 - [TEST_STEP][PASSED] - Statement - PreSaveFile = new java.io.File(((pathPrefix + java.lang.Integer.toString(counter)) + .png)): null

2018-12-12 13:58:44 - [TEST_STEP][PASSED] - Statement - counter = counter + 1: null

2018-12-12 13:58:44 - [TEST_STEP][PASSED] - Statement - PreSaveFile = new java.io.File(((pathPrefix + java.lang.Integer.toString(counter)) + .png)): null

2018-12-12 13:58:44 - [TEST_STEP][PASSED] - Statement - counter = counter + 1: null

2018-12-12 13:58:44 - [TEST_STEP][PASSED] - Statement - PreSaveFile = new java.io.File(((pathPrefix + java.lang.Integer.toString(counter)) + .png)): null

2018-12-12 13:58:44 - [TEST_STEP][PASSED] - Statement - counter = counter + 1: null

2018-12-12 13:58:44 - [TEST_STEP][PASSED] - Statement - PreSaveFile = new java.io.File(((pathPrefix + java.lang.Integer.toString(counter)) + .png)): null

2018-12-12 13:58:44 - [TEST_STEP][PASSED] - Statement - counter = counter + 1: null

2018-12-12 13:58:44 - [TEST_STEP][PASSED] - Statement - PreSaveFile = new java.io.File(((pathPrefix + java.lang.Integer.toString(counter)) + .png)): null

2018-12-12 13:58:44 - [TEST_STEP][PASSED] - Statement - counter = counter + 1: null

2018-12-12 13:58:44 - [TEST_STEP][PASSED] - Statement - PreSaveFile = new java.io.File(((pathPrefix + java.lang.Integer.toString(counter)) + .png)): null

2018-12-12 13:58:44 - [TEST_STEP][PASSED] - Statement - counter = counter + 1: null

2018-12-12 13:58:44 - [TEST_STEP][PASSED] - Statement - PreSaveFile = new java.io.File(((pathPrefix + java.lang.Integer.toString(counter)) + .png)): null

2018-12-12 13:58:44 - [TEST_STEP][PASSED] - Statement - counter = counter + 1: null

2018-12-12 13:58:44 - [TEST_STEP][PASSED] - Statement - PreSaveFile = new java.io.File(((pathPrefix + java.lang.Integer.toString(counter)) + .png)): null

2018-12-12 13:58:44 - [TEST_STEP][PASSED] - Statement - counter = counter + 1: null

2018-12-12 13:58:44 - [TEST_STEP][PASSED] - Statement - PreSaveFile = new java.io.File(((pathPrefix + java.lang.Integer.toString(counter)) + .png)): null

2018-12-12 13:58:44 - [TEST_STEP][PASSED] - Statement - counter = counter + 1: null

2018-12-12 13:58:44 - [TEST_STEP][PASSED] - Statement - PreSaveFile = new java.io.File(((pathPrefix + java.lang.Integer.toString(counter)) + .png)): null

2018-12-12 13:58:44 - [TEST_STEP][PASSED] - Statement - counter = counter + 1: null

2018-12-12 13:58:44 - [TEST_STEP][PASSED] - Statement - PreSaveFile = new java.io.File(((pathPrefix + java.lang.Integer.toString(counter)) + .png)): null

2018-12-12 13:58:44 - [TEST_STEP][PASSED] - Statement - counter = counter + 1: null

2018-12-12 13:58:44 - [TEST_STEP][PASSED] - Statement - PreSaveFile = new java.io.File(((pathPrefix + java.lang.Integer.toString(counter)) + .png)): null

2018-12-12 13:58:44 - [TEST_STEP][PASSED] - Statement - counter = counter + 1: null

2018-12-12 13:58:44 - [TEST_STEP][PASSED] - Statement - PreSaveFile = new java.io.File(((pathPrefix + java.lang.Integer.toString(counter)) + .png)): null

2018-12-12 13:58:44 - [TEST_STEP][PASSED] - Statement - counter = counter + 1: null

2018-12-12 13:58:44 - [TEST_STEP][PASSED] - Statement - PreSaveFile = new java.io.File(((pathPrefix + java.lang.Integer.toString(counter)) + .png)): null

2018-12-12 13:58:44 - [TEST_STEP][PASSED] - Statement - counter = counter + 1: null

2018-12-12 13:58:44 - [TEST_STEP][PASSED] - Statement - PreSaveFile = new java.io.File(((pathPrefix + java.lang.Integer.toString(counter)) + .png)): null

2018-12-12 13:58:44 - [TEST_STEP][PASSED] - Statement - counter = counter + 1: null

2018-12-12 13:58:44 - [TEST_STEP][PASSED] - Statement - PreSaveFile = new java.io.File(((pathPrefix + java.lang.Integer.toString(counter)) + .png)): null

2018-12-12 13:58:44 - [TEST_STEP][PASSED] - Statement - counter = counter + 1: null

2018-12-12 13:58:44 - [TEST_STEP][PASSED] - Statement - PreSaveFile = new java.io.File(((pathPrefix + java.lang.Integer.toString(counter)) + .png)): null

2018-12-12 13:58:44 - [TEST_STEP][PASSED] - Statement - counter = counter + 1: null

2018-12-12 13:58:44 - [TEST_STEP][PASSED] - Statement - PreSaveFile = new java.io.File(((pathPrefix + java.lang.Integer.toString(counter)) + .png)): null

2018-12-12 13:58:44 - [TEST_STEP][PASSED] - Statement - counter = counter + 1: null

2018-12-12 13:58:44 - [TEST_STEP][PASSED] - Statement - PreSaveFile = new java.io.File(((pathPrefix + java.lang.Integer.toString(counter)) + .png)): null

2018-12-12 13:58:44 - [TEST_STEP][PASSED] - Statement - counter = counter + 1: null

2018-12-12 13:58:44 - [TEST_STEP][PASSED] - Statement - PreSaveFile = new java.io.File(((pathPrefix + java.lang.Integer.toString(counter)) + .png)): null

2018-12-12 13:58:44 - [TEST_STEP][PASSED] - Statement - counter = counter + 1: null

2018-12-12 13:58:44 - [TEST_STEP][PASSED] - Statement - PreSaveFile = new java.io.File(((pathPrefix + java.lang.Integer.toString(counter)) + .png)): null

2018-12-12 13:58:44 - [TEST_STEP][PASSED] - Statement - counter = counter + 1: null

2018-12-12 13:58:44 - [TEST_STEP][PASSED] - Statement - PreSaveFile = new java.io.File(((pathPrefix + java.lang.Integer.toString(counter)) + .png)): null

2018-12-12 13:58:44 - [TEST_STEP][PASSED] - Statement - counter = counter + 1: null

2018-12-12 13:58:44 - [TEST_STEP][PASSED] - Statement - PreSaveFile = new java.io.File(((pathPrefix + java.lang.Integer.toString(counter)) + .png)): null

2018-12-12 13:58:44 - [TEST_STEP][PASSED] - Statement - counter = counter + 1: null

2018-12-12 13:58:44 - [TEST_STEP][PASSED] - Statement - PreSaveFile = new java.io.File(((pathPrefix + java.lang.Integer.toString(counter)) + .png)): null

2018-12-12 13:58:44 - [TEST_STEP][PASSED] - Statement - counter = counter + 1: null

2018-12-12 13:58:44 - [TEST_STEP][PASSED] - Statement - PreSaveFile = new java.io.File(((pathPrefix + java.lang.Integer.toString(counter)) + .png)): null

2018-12-12 13:58:44 - [TEST_STEP][PASSED] - Statement - counter = counter + 1: null

2018-12-12 13:58:44 - [TEST_STEP][PASSED] - Statement - PreSaveFile = new java.io.File(((pathPrefix + java.lang.Integer.toString(counter)) + .png)): null

2018-12-12 13:58:44 - [TEST_STEP][PASSED] - Statement - counter = counter + 1: null

2018-12-12 13:58:44 - [TEST_STEP][PASSED] - Statement - PreSaveFile = new java.io.File(((pathPrefix + java.lang.Integer.toString(counter)) + .png)): null

2018-12-12 13:58:44 - [TEST_STEP][PASSED] - Statement - counter = counter + 1: null

2018-12-12 13:58:44 - [TEST_STEP][PASSED] - Statement - PreSaveFile = new java.io.File(((pathPrefix + java.lang.Integer.toString(counter)) + .png)): null

2018-12-12 13:58:44 - [TEST_STEP][PASSED] - Statement - counter = counter + 1: null

2018-12-12 13:58:44 - [TEST_STEP][PASSED] - Statement - PreSaveFile = new java.io.File(((pathPrefix + java.lang.Integer.toString(counter)) + .png)): null

2018-12-12 13:58:44 - [TEST_STEP][PASSED] - Statement - counter = counter + 1: null

2018-12-12 13:58:44 - [TEST_STEP][PASSED] - Statement - PreSaveFile = new java.io.File(((pathPrefix + java.lang.Integer.toString(counter)) + .png)): null

2018-12-12 13:58:44 - [TEST_STEP][PASSED] - Statement - counter = counter + 1: null

2018-12-12 13:58:44 - [TEST_STEP][PASSED] - Statement - PreSaveFile = new java.io.File(((pathPrefix + java.lang.Integer.toString(counter)) + .png)): null

2018-12-12 13:58:44 - [TEST_STEP][PASSED] - Statement - counter = counter + 1: null

2018-12-12 13:58:44 - [TEST_STEP][PASSED] - Statement - PreSaveFile = new java.io.File(((pathPrefix + java.lang.Integer.toString(counter)) + .png)): null

2018-12-12 13:58:44 - [TEST_STEP][PASSED] - Statement - counter = counter + 1: null

2018-12-12 13:58:44 - [TEST_STEP][PASSED] - Statement - PreSaveFile = new java.io.File(((pathPrefix + java.lang.Integer.toString(counter)) + .png)): null

2018-12-12 13:58:44 - [TEST_STEP][PASSED] - Statement - counter = counter + 1: null

2018-12-12 13:58:44 - [TEST_STEP][PASSED] - Statement - PreSaveFile = new java.io.File(((pathPrefix + java.lang.Integer.toString(counter)) + .png)): null

2018-12-12 13:58:44 - [TEST_STEP][PASSED] - Statement - counter = counter + 1: null

2018-12-12 13:58:44 - [TEST_STEP][PASSED] - Statement - PreSaveFile = new java.io.File(((pathPrefix + java.lang.Integer.toString(counter)) + .png)): null

2018-12-12 13:58:44 - [TEST_STEP][PASSED] - Statement - counter = counter + 1: null

2018-12-12 13:58:44 - [TEST_STEP][PASSED] - Statement - PreSaveFile = new java.io.File(((pathPrefix + java.lang.Integer.toString(counter)) + .png)): null

2018-12-12 13:58:44 - [TEST_STEP][PASSED] - Statement - counter = counter + 1: null

2018-12-12 13:58:44 - [TEST_STEP][PASSED] - Statement - PreSaveFile = new java.io.File(((pathPrefix + java.lang.Integer.toString(counter)) + .png)): null

2018-12-12 13:58:44 - [TEST_STEP][PASSED] - Statement - counter = counter + 1: null

2018-12-12 13:58:44 - [TEST_STEP][PASSED] - Statement - PreSaveFile = new java.io.File(((pathPrefix + java.lang.Integer.toString(counter)) + .png)): null

2018-12-12 13:58:44 - [TEST_STEP][PASSED] - Statement - counter = counter + 1: null

2018-12-12 13:58:44 - [TEST_STEP][PASSED] - Statement - PreSaveFile = new java.io.File(((pathPrefix + java.lang.Integer.toString(counter)) + .png)): null

2018-12-12 13:58:44 - [TEST_STEP][PASSED] - Statement - counter = counter + 1: null

2018-12-12 13:58:44 - [TEST_STEP][PASSED] - Statement - PreSaveFile = new java.io.File(((pathPrefix + java.lang.Integer.toString(counter)) + .png)): null

2018-12-12 13:58:44 - [TEST_STEP][PASSED] - Statement - counter = counter + 1: null

2018-12-12 13:58:44 - [TEST_STEP][PASSED] - Statement - PreSaveFile = new java.io.File(((pathPrefix + java.lang.Integer.toString(counter)) + .png)): null

2018-12-12 13:58:44 - [TEST_STEP][PASSED] - Statement - counter = counter + 1: null

2018-12-12 13:58:44 - [TEST_STEP][PASSED] - Statement - PreSaveFile = new java.io.File(((pathPrefix + java.lang.Integer.toString(counter)) + .png)): null

2018-12-12 13:58:44 - [TEST_STEP][PASSED] - Statement - counter = counter + 1: null

2018-12-12 13:58:44 - [TEST_STEP][PASSED] - Statement - PreSaveFile = new java.io.File(((pathPrefix + java.lang.Integer.toString(counter)) + .png)): null

2018-12-12 13:58:44 - [TEST_STEP][PASSED] - Statement - counter = counter + 1: null

2018-12-12 13:58:44 - [TEST_STEP][PASSED] - Statement - PreSaveFile = new java.io.File(((pathPrefix + java.lang.Integer.toString(counter)) + .png)): null

2018-12-12 13:58:44 - [TEST_STEP][PASSED] - Statement - counter = counter + 1: null

2018-12-12 13:58:44 - [TEST_STEP][PASSED] - Statement - PreSaveFile = new java.io.File(((pathPrefix + java.lang.Integer.toString(counter)) + .png)): null

2018-12-12 13:58:44 - [TEST_STEP][PASSED] - Statement - counter = counter + 1: null

2018-12-12 13:58:44 - [TEST_STEP][PASSED] - Statement - PreSaveFile = new java.io.File(((pathPrefix + java.lang.Integer.toString(counter)) + .png)): null

2018-12-12 13:58:44 - [TEST_STEP][PASSED] - Statement - counter = counter + 1: null

2018-12-12 13:58:44 - [TEST_STEP][PASSED] - Statement - PreSaveFile = new java.io.File(((pathPrefix + java.lang.Integer.toString(counter)) + .png)): null

2018-12-12 13:58:44 - [TEST_STEP][PASSED] - Statement - counter = counter + 1: null

2018-12-12 13:58:44 - [TEST_STEP][PASSED] - Statement - PreSaveFile = new java.io.File(((pathPrefix + java.lang.Integer.toString(counter)) + .png)): null

2018-12-12 13:58:44 - [TEST_STEP][PASSED] - Statement - counter = counter + 1: null

2018-12-12 13:58:44 - [TEST_STEP][PASSED] - Statement - PreSaveFile = new java.io.File(((pathPrefix + java.lang.Integer.toString(counter)) + .png)): null

2018-12-12 13:58:44 - [TEST_STEP][PASSED] - Statement - counter = counter + 1: null

2018-12-12 13:58:44 - [TEST_STEP][PASSED] - Statement - PreSaveFile = new java.io.File(((pathPrefix + java.lang.Integer.toString(counter)) + .png)): null

2018-12-12 13:58:44 - [TEST_STEP][PASSED] - Statement - counter = counter + 1: null

2018-12-12 13:58:44 - [TEST_STEP][PASSED] - Statement - PreSaveFile = new java.io.File(((pathPrefix + java.lang.Integer.toString(counter)) + .png)): null

2018-12-12 13:58:44 - [TEST_STEP][PASSED] - Statement - counter = counter + 1: null

2018-12-12 13:58:44 - [TEST_STEP][PASSED] - Statement - PreSaveFile = new java.io.File(((pathPrefix + java.lang.Integer.toString(counter)) + .png)): null

2018-12-12 13:58:44 - [TEST_STEP][PASSED] - Statement - counter = counter + 1: null

2018-12-12 13:58:44 - [TEST_STEP][PASSED] - Statement - PreSaveFile = new java.io.File(((pathPrefix + java.lang.Integer.toString(counter)) + .png)): null

2018-12-12 13:58:44 - [TEST_STEP][PASSED] - Statement - counter = counter + 1: null

2018-12-12 13:58:44 - [TEST_STEP][PASSED] - Statement - PreSaveFile = new java.io.File(((pathPrefix + java.lang.Integer.toString(counter)) + .png)): null

2018-12-12 13:58:44 - [TEST_STEP][PASSED] - Statement - counter = counter + 1: null

2018-12-12 13:58:44 - [TEST_STEP][PASSED] - Statement - PreSaveFile = new java.io.File(((pathPrefix + java.lang.Integer.toString(counter)) + .png)): null

2018-12-12 13:58:44 - [TEST_STEP][PASSED] - Statement - counter = counter + 1: null

2018-12-12 13:58:44 - [TEST_STEP][PASSED] - Statement - PreSaveFile = new java.io.File(((pathPrefix + java.lang.Integer.toString(counter)) + .png)): null

2018-12-12 13:58:44 - [TEST_STEP][PASSED] - Statement - counter = counter + 1: null

2018-12-12 13:58:44 - [TEST_STEP][PASSED] - Statement - PreSaveFile = new java.io.File(((pathPrefix + java.lang.Integer.toString(counter)) + .png)): null

2018-12-12 13:58:44 - [TEST_STEP][PASSED] - Statement - counter = counter + 1: null

2018-12-12 13:58:44 - [TEST_STEP][PASSED] - Statement - PreSaveFile = new java.io.File(((pathPrefix + java.lang.Integer.toString(counter)) + .png)): null

2018-12-12 13:58:44 - [TEST_STEP][PASSED] - Statement - counter = counter + 1: null

2018-12-12 13:58:44 - [TEST_STEP][PASSED] - Statement - PreSaveFile = new java.io.File(((pathPrefix + java.lang.Integer.toString(counter)) + .png)): null

2018-12-12 13:58:44 - [TEST_STEP][PASSED] - Statement - counter = counter + 1: null

2018-12-12 13:58:44 - [TEST_STEP][PASSED] - Statement - PreSaveFile = new java.io.File(((pathPrefix + java.lang.Integer.toString(counter)) + .png)): null

2018-12-12 13:58:44 - [TEST_STEP][PASSED] - Statement - counter = counter + 1: null

2018-12-12 13:58:44 - [TEST_STEP][PASSED] - Statement - PreSaveFile = new java.io.File(((pathPrefix + java.lang.Integer.toString(counter)) + .png)): null

2018-12-12 13:58:44 - [TEST_STEP][PASSED] - Statement - counter = counter + 1: null

2018-12-12 13:58:44 - [TEST_STEP][PASSED] - Statement - PreSaveFile = new java.io.File(((pathPrefix + java.lang.Integer.toString(counter)) + .png)): null

2018-12-12 13:58:44 - [TEST_STEP][PASSED] - Statement - counter = counter + 1: null

2018-12-12 13:58:44 - [TEST_STEP][PASSED] - Statement - PreSaveFile = new java.io.File(((pathPrefix + java.lang.Integer.toString(counter)) + .png)): null

2018-12-12 13:58:44 - [TEST_STEP][PASSED] - Statement - counter = counter + 1: null

2018-12-12 13:58:44 - [TEST_STEP][PASSED] - Statement - PreSaveFile = new java.io.File(((pathPrefix + java.lang.Integer.toString(counter)) + .png)): null

2018-12-12 13:58:44 - [TEST_STEP][PASSED] - Statement - counter = counter + 1: null

2018-12-12 13:58:44 - [TEST_STEP][PASSED] - Statement - PreSaveFile = new java.io.File(((pathPrefix + java.lang.Integer.toString(counter)) + .png)): null

2018-12-12 13:58:44 - [TEST_STEP][PASSED] - Statement - counter = counter + 1: null

2018-12-12 13:58:44 - [TEST_STEP][PASSED] - Statement - PreSaveFile = new java.io.File(((pathPrefix + java.lang.Integer.toString(counter)) + .png)): null

2018-12-12 13:58:44 - [TEST_STEP][PASSED] - Statement - counter = counter + 1: null

2018-12-12 13:58:44 - [TEST_STEP][PASSED] - Statement - PreSaveFile = new java.io.File(((pathPrefix + java.lang.Integer.toString(counter)) + .png)): null

2018-12-12 13:58:44 - [TEST_STEP][PASSED] - Statement - counter = counter + 1: null

2018-12-12 13:58:44 - [TEST_STEP][PASSED] - Statement - PreSaveFile = new java.io.File(((pathPrefix + java.lang.Integer.toString(counter)) + .png)): null

2018-12-12 13:58:44 - [TEST_STEP][PASSED] - Statement - counter = counter + 1: null

2018-12-12 13:58:44 - [TEST_STEP][PASSED] - Statement - PreSaveFile = new java.io.File(((pathPrefix + java.lang.Integer.toString(counter)) + .png)): null

2018-12-12 13:58:44 - [TEST_STEP][PASSED] - Statement - counter = counter + 1: null

2018-12-12 13:58:44 - [TEST_STEP][PASSED] - Statement - PreSaveFile = new java.io.File(((pathPrefix + java.lang.Integer.toString(counter)) + .png)): null

2018-12-12 13:58:44 - [TEST_STEP][PASSED] - Statement - counter = counter + 1: null

2018-12-12 13:58:44 - [TEST_STEP][PASSED] - Statement - PreSaveFile = new java.io.File(((pathPrefix + java.lang.Integer.toString(counter)) + .png)): null

2018-12-12 13:58:44 - [TEST_STEP][PASSED] - Statement - counter = counter + 1: null

2018-12-12 13:58:44 - [TEST_STEP][PASSED] - Statement - PreSaveFile = new java.io.File(((pathPrefix + java.lang.Integer.toString(counter)) + .png)): null

2018-12-12 13:58:44 - [TEST_STEP][PASSED] - Statement - counter = counter + 1: null

2018-12-12 13:58:44 - [TEST_STEP][PASSED] - Statement - PreSaveFile = new java.io.File(((pathPrefix + java.lang.Integer.toString(counter)) + .png)): null

2018-12-12 13:58:44 - [TEST_STEP][PASSED] - Statement - counter = counter + 1: null

2018-12-12 13:58:44 - [TEST_STEP][PASSED] - Statement - PreSaveFile = new java.io.File(((pathPrefix + java.lang.Integer.toString(counter)) + .png)): null

2018-12-12 13:58:44 - [TEST_STEP][PASSED] - Statement - counter = counter + 1: null

2018-12-12 13:58:44 - [TEST_STEP][PASSED] - Statement - PreSaveFile = new java.io.File(((pathPrefix + java.lang.Integer.toString(counter)) + .png)): null

2018-12-12 13:58:44 - [TEST_STEP][PASSED] - Statement - counter = counter + 1: null

2018-12-12 13:58:44 - [TEST_STEP][PASSED] - Statement - PreSaveFile = new java.io.File(((pathPrefix + java.lang.Integer.toString(counter)) + .png)): null

2018-12-12 13:58:44 - [TEST_STEP][PASSED] - Statement - finalPath = pathPrefix + java.lang.Integer.toString(counter) + ".png": null

2018-12-12 13:58:44 - [TEST_STEP][PASSED] - Statement - SaveFile = new java.io.File(finalPath): null

2018-12-12 13:58:44 - [TEST_STEP][PASSED] - Statement - Try: null

2018-12-12 13:58:44 - [TEST_STEP][PASSED] - Statement - org.apache.commons.io.FileUtils.copyFile(scrFile, SaveFile): null

2018-12-12 13:58:44 - [TEST_STEP][PASSED] - Statement - out.println("file kept"): null

2018-12-12 13:58:44 - [TEST_STEP][PASSED] - delay: Delayed 10 second(s)

2018-12-12 13:58:54 - [MESSAGE][PASSED] - Delayed 10 second(s)

2018-12-12 13:58:54 - [MESSAGE][PASSED] - Call Test Case 'Test Cases/Final Aug 2018 - PKS Automation/Registration Module/New Registration/Submit and Screenshot/Submit Registration and Screenshot - Copy' successfully

2018-12-12 13:58:54 - [TEST_STEP][PASSED] - Statement - UpdateAddNewECode = com.kms.katalon.core.webui.keyword.WebUiBuiltInKeywords.getText(com.kms.katalon.core.testobject.ObjectRepository.findTestObject(Object Repository/Final Object Repo/Page_Update Add New Employee - ASSIST/getEmpCode)): Text of object 'Object Repository/Final Object Repo/Page_Update Add New Employee - ASSIST/getEmpCode' is: 'E1102070775F'

2018-12-12 13:58:54 - [MESSAGE][PASSED] - Text of object 'Object Repository/Final Object Repo/Page_Update Add New Employee - ASSIST/getEmpCode' is: 'E1102070775F'

2018-12-12 13:58:54 - [TEST_STEP][PASSED] - callTestCase: Call Test Case 'Test Cases/Final Aug 2018 - PKS Automation/Common/Emp Code Setter' successfully

2018-12-12 13:58:54 - [TEST_CASE][PASSED] - Test Cases/Final Aug 2018 - PKS Automation/Common/Emp Code Setter: Test Cases/Final Aug 2018 - PKS Automation/Common/Emp Code Setter

2018-12-12 13:58:55 - [TEST_STEP][PASSED] - Statement - EmpCodeOld = new java.io.File(C://Users//Admin//Desktop//PKS//Automation Reference Point//EmpCode.txt): null

2018-12-12 13:58:55 - [TEST_STEP][PASSED] - Statement - EmpCodeOld.delete(): null

2018-12-12 13:58:55 - [TEST_STEP][PASSED] - Statement - EmpCode = new java.io.File(C://Users//Admin//Desktop//PKS//Automation Reference Point//EmpCode.txt): null

2018-12-12 13:58:55 - [TEST_STEP][PASSED] - Statement - f2 = new java.io.FileWriter(EmpCode, false): null

2018-12-12 13:58:55 - [TEST_STEP][PASSED] - Statement - f2.write(UpdateAddNewECode): null

2018-12-12 13:58:55 - [TEST_STEP][PASSED] - Statement - f2.close(): null

2018-12-12 13:58:55 - [TEST_STEP][PASSED] - Statement - out.println("


" + UpdateAddNewECode + "


"): null

2018-12-12 13:58:55 - [MESSAGE][PASSED] - Call Test Case 'Test Cases/Final Aug 2018 - PKS Automation/Common/Emp Code Setter' successfully

2018-12-12 13:58:55 - [MESSAGE][PASSED] - Call Test Case 'Test Cases/Final Aug 2018 - PKS Automation/Registration Module/Workflow/Update Add New Employee/Template/New Company for Update Add New' successfully

2018-12-12 13:58:55 - [TEST_STEP][PASSED] - callTestCase: Call Test Case 'Test Cases/Final Aug 2018 - PKS Automation/Registration Module/Log Out/log out avoiding katalon tagging' successfully

2018-12-12 13:58:55 - [TEST_CASE][PASSED] - Test Cases/Final Aug 2018 - PKS Automation/Registration Module/Log Out/log out avoiding katalon tagging: Test Cases/Final Aug 2018 - PKS Automation/Registration Module/Log Out/log out avoiding katalon tagging

2018-12-12 13:58:55 - [TEST_STEP][PASSED] - navigateToUrl: Navigate to 'https://assist2-uat.perkeso.gov.my/c/portal/logout' successfully

2018-12-12 13:58:56 - [MESSAGE][PASSED] - Navigate to 'https://assist2-uat.perkeso.gov.my/c/portal/logout' successfully

2018-12-12 13:58:56 - [MESSAGE][PASSED] - Call Test Case 'Test Cases/Final Aug 2018 - PKS Automation/Registration Module/Log Out/log out avoiding katalon tagging' successfully

2018-12-12 13:58:56 - [TEST_STEP][PASSED] - callTestCase: Call Test Case 'Test Cases/Final Aug 2018 - PKS Automation/Registration Module/New Registration/Form 2/Date Updater' successfully

2018-12-12 13:58:56 - [TEST_CASE][PASSED] - Test Cases/Final Aug 2018 - PKS Automation/Registration Module/New Registration/Form 2/Date Updater: Test Cases/Final Aug 2018 - PKS Automation/Registration Module/New Registration/Form 2/Date Updater

2018-12-12 13:58:56 - [TEST_STEP][PASSED] - Statement - TodayDate = new java.util.Date(): null

2018-12-12 13:58:56 - [TEST_STEP][PASSED] - Statement - CurrentDateNoFilter = new java.text.SimpleDateFormat(): null

2018-12-12 13:58:56 - [TEST_STEP][PASSED] - Statement - CurrentDateNoFilter.applyPattern("MM"): null

2018-12-12 13:58:56 - [TEST_STEP][PASSED] - Statement - monthContainerMatcher = java.lang.Integer.parseInt(CurrentDateNoFilter.format(TodayDate)): null

2018-12-12 13:58:56 - [TEST_STEP][PASSED] - Statement - monthContainerMatcher = monthContainerMatcher - 1: null

2018-12-12 13:58:56 - [TEST_STEP][PASSED] - Statement - CurrentMonth = monthContainerMatcher.toString(): null

2018-12-12 13:58:56 - [TEST_STEP][PASSED] - Statement - CurrentMonth = CurrentMonth: null

2018-12-12 13:58:56 - [TEST_STEP][PASSED] - Statement - CurrentDateNoFilter.applyPattern("yyyy"): null

2018-12-12 13:58:56 - [TEST_STEP][PASSED] - Statement - CurrentYear = CurrentDateNoFilter.format(TodayDate): null

2018-12-12 13:58:56 - [TEST_STEP][PASSED] - Statement - CurrentYear = CurrentYear: null

2018-12-12 13:58:56 - [TEST_STEP][PASSED] - Statement - intCurrentYear = java.lang.Integer.parseInt(CurrentDateNoFilter.format(TodayDate)): null

2018-12-12 13:58:56 - [TEST_STEP][PASSED] - Statement - eighteenYrsAgo = intCurrentYear - 18: null

2018-12-12 13:58:56 - [TEST_STEP][PASSED] - Statement - eighteenYrsBeforeThisYr = eighteenYrsAgo.toString(): null

2018-12-12 13:58:56 - [TEST_STEP][PASSED] - Statement - EighteenYrsBefore = eighteenYrsBeforeThisYr: null

2018-12-12 13:58:56 - [TEST_STEP][PASSED] - Statement - fiftysevenYrsAgo = intCurrentYear - 57: null

2018-12-12 13:58:56 - [TEST_STEP][PASSED] - Statement - fiftysevenYrsBeforeThisYr = fiftysevenYrsAgo.toString(): null

2018-12-12 13:58:56 - [TEST_STEP][PASSED] - Statement - FiftysevenYrsBefore = fiftysevenYrsBeforeThisYr: null

2018-12-12 13:58:56 - [TEST_STEP][PASSED] - Statement - leapYear = false: null

2018-12-12 13:58:56 - [TEST_STEP][PASSED] - Statement - leapYear = intCurrentYear % 4 == 0: null

2018-12-12 13:58:56 - [TEST_STEP][PASSED] - Statement - CurrentDateNoFilter.applyPattern("dd"): null

2018-12-12 13:58:56 - [TEST_STEP][PASSED] - Statement - CurrentDate = CurrentDateNoFilter.format(TodayDate): null

2018-12-12 13:58:56 - [TEST_STEP][PASSED] - Statement - CurrentDate = java.lang.Integer.parseInt(CurrentDate): null

2018-12-12 13:58:56 - [TEST_STEP][PASSED] - Statement - CurrentDate = CurrentDate: null

2018-12-12 13:58:56 - [TEST_STEP][PASSED] - Statement - CurrentDay = java.lang.Integer.parseInt(CurrentDate): null

2018-12-12 13:58:56 - [TEST_STEP][PASSED] - Statement - ConfAdder = <not implemented yet for class: org.codehaus.groovy.ast.expr.EmptyExpression>: null

2018-12-12 13:58:56 - [TEST_STEP][PASSED] - Statement - out.println(CurrentMonth): null

2018-12-12 13:58:56 - [TEST_STEP][PASSED] - Statement - out.println(CurrentDate): null

2018-12-12 13:58:56 - [TEST_STEP][PASSED] - Statement - switch (CurrentDate): null

2018-12-12 13:58:56 - [TEST_STEP][PASSED] - Statement - Default: null

2018-12-12 13:58:56 - [TEST_STEP][PASSED] - Statement - ConfAdder = true: null

2018-12-12 13:58:56 - [TEST_STEP][PASSED] - Statement - Break: null

2018-12-12 13:58:56 - [TEST_STEP][PASSED] - Statement - aDayBefore = <not implemented yet for class: org.codehaus.groovy.ast.expr.EmptyExpression>: null

2018-12-12 13:58:56 - [TEST_STEP][PASSED] - Statement - out.println(ConfAdder): null

2018-12-12 13:58:56 - [TEST_STEP][PASSED] - Statement - If (ConfAdder == true): null

2018-12-12 13:58:56 - [TEST_STEP][PASSED] - Statement - aDayBefore = CurrentDay + 1: null

2018-12-12 13:58:56 - [TEST_STEP][PASSED] - Statement - out.println(aDayBefore): null

2018-12-12 13:58:56 - [TEST_STEP][PASSED] - Statement - If (aDayBefore == 1 && CurrentMonth == 11): null

2018-12-12 13:58:56 - [TEST_STEP][PASSED] - Statement - DayBefore = aDayBefore.toString(): null

2018-12-12 13:58:56 - [TEST_STEP][PASSED] - Statement - OneDayBefore = DayBefore: null

2018-12-12 13:58:56 - [MESSAGE][PASSED] - Call Test Case 'Test Cases/Final Aug 2018 - PKS Automation/Registration Module/New Registration/Form 2/Date Updater' successfully

2018-12-12 13:58:56 - [TEST_STEP][PASSED] - delay: Delayed 2 second(s)

2018-12-12 13:58:58 - [MESSAGE][PASSED] - Delayed 2 second(s)

2018-12-12 13:58:58 - [TEST_STEP][PASSED] - setText: Text 'klpkrbo2@gmail.com' is set on object 'Object Repository/Final Object Repo/Page_Update Add New Employee - ASSIST/Email TextBox'

2018-12-12 13:58:58 - [MESSAGE][PASSED] - Text 'klpkrbo2@gmail.com' is set on object 'Object Repository/Final Object Repo/Page_Update Add New Employee - ASSIST/Email TextBox'

2018-12-12 13:58:58 - [TEST_STEP][PASSED] - click: Object: 'Object Repository/Final Object Repo/Page_Update Add New Employee - ASSIST/Next Button' is clicked on

2018-12-12 13:58:58 - [MESSAGE][PASSED] - Object: 'Object Repository/Final Object Repo/Page_Update Add New Employee - ASSIST/Next Button' is clicked on

2018-12-12 13:58:58 - [TEST_STEP][PASSED] - delay: Delayed 2 second(s)

2018-12-12 13:59:00 - [MESSAGE][PASSED] - Delayed 2 second(s)

2018-12-12 13:59:00 - [TEST_STEP][PASSED] - setText: Text 'Test1@3456789' is set on object 'Object Repository/Final Object Repo/Page_Update Add New Employee - ASSIST/Password TextBox'

2018-12-12 13:59:01 - [MESSAGE][PASSED] - Text 'Test1@3456789' is set on object 'Object Repository/Final Object Repo/Page_Update Add New Employee - ASSIST/Password TextBox'

2018-12-12 13:59:01 - [TEST_STEP][PASSED] - delay: Delayed 2 second(s)

2018-12-12 13:59:03 - [MESSAGE][PASSED] - Delayed 2 second(s)

2018-12-12 13:59:03 - [TEST_STEP][PASSED] - click: Object: 'Object Repository/Final Object Repo/Page_Update Add New Employee - ASSIST/Login Button' is clicked on

2018-12-12 13:59:03 - [MESSAGE][PASSED] - Object: 'Object Repository/Final Object Repo/Page_Update Add New Employee - ASSIST/Login Button' is clicked on

2018-12-12 13:59:03 - [TEST_STEP][PASSED] - delay: Delayed 4 second(s)

2018-12-12 13:59:07 - [MESSAGE][PASSED] - Delayed 4 second(s)

2018-12-12 13:59:07 - [TEST_STEP][PASSED] - Statement - Try: Delayed 2 second(s)

2018-12-12 13:59:07 - [TEST_STEP][PASSED] - Statement - Checker = false: null

2018-12-12 13:59:07 - [TEST_STEP][PASSED] - Statement - Checker = com.kms.katalon.core.webui.keyword.WebUiBuiltInKeywords.verifyElementHasAttribute(com.kms.katalon.core.testobject.ObjectRepository.findTestObject(Final Object Repo/Landing Page/BM Detecting), "href", 20, OPTIONAL): Object 'Object Repository/Final Object Repo/Landing Page/BM Detecting' has attribute 'href'

2018-12-12 13:59:07 - [MESSAGE][PASSED] - Object 'Object Repository/Final Object Repo/Landing Page/BM Detecting' has attribute 'href'

2018-12-12 13:59:07 - [TEST_STEP][PASSED] - Statement - out.println(Checker): null

2018-12-12 13:59:07 - [TEST_STEP][PASSED] - Statement - If (Checker == false): null

2018-12-12 13:59:07 - [TEST_STEP][PASSED] - Statement - Else: null

2018-12-12 13:59:07 - [TEST_STEP][PASSED] - delay: Delayed 2 second(s)

2018-12-12 13:59:09 - [MESSAGE][PASSED] - Delayed 2 second(s)

2018-12-12 13:59:09 - [TEST_STEP][PASSED] - delay: Delayed 4 second(s)

2018-12-12 13:59:13 - [MESSAGE][PASSED] - Delayed 4 second(s)

2018-12-12 13:59:13 - [TEST_STEP][PASSED] - click: Object: 'Object Repository/Final Object Repo/Page_Update Add New Employee - ASSIST/My Sites Drop Down' is clicked on

2018-12-12 13:59:13 - [MESSAGE][PASSED] - Object: 'Object Repository/Final Object Repo/Page_Update Add New Employee - ASSIST/My Sites Drop Down' is clicked on

2018-12-12 13:59:13 - [TEST_STEP][PASSED] - click: Object: 'Object Repository/Final Object Repo/Page_Update Add New Employee - ASSIST/Select to Registration Module' is clicked on

2018-12-12 13:59:14 - [MESSAGE][PASSED] - Object: 'Object Repository/Final Object Repo/Page_Update Add New Employee - ASSIST/Select to Registration Module' is clicked on

2018-12-12 13:59:14 - [TEST_STEP][PASSED] - navigateToUrl: Navigate to 'https://assist2-uat.perkeso.gov.my/web/registration/myassist' successfully

2018-12-12 13:59:15 - [MESSAGE][PASSED] - Navigate to 'https://assist2-uat.perkeso.gov.my/web/registration/myassist' successfully

2018-12-12 13:59:15 - [TEST_STEP][PASSED] - mouseOver: Object: 'Object Repository/Final Object Repo/Page_Update Add New Employee - ASSIST/Select to Update Akta 4 Tab' is hovered

2018-12-12 13:59:15 - [MESSAGE][PASSED] - Object: 'Object Repository/Final Object Repo/Page_Update Add New Employee - ASSIST/Select to Update Akta 4 Tab' is hovered

2018-12-12 13:59:15 - [TEST_STEP][PASSED] - delay: Delayed 2 second(s)

2018-12-12 13:59:17 - [MESSAGE][PASSED] - Delayed 2 second(s)

2018-12-12 13:59:17 - [TEST_STEP][PASSED] - click: Object: 'Object Repository/Final Object Repo/Page_Update Add New Employee - ASSIST/Select to Update Add New Employee' is clicked on

2018-12-12 13:59:18 - [MESSAGE][PASSED] - Object: 'Object Repository/Final Object Repo/Page_Update Add New Employee - ASSIST/Select to Update Add New Employee' is clicked on

2018-12-12 13:59:18 - [TEST_STEP][PASSED] - delay: Delayed 2 second(s)

2018-12-12 13:59:20 - [MESSAGE][PASSED] - Delayed 2 second(s)

2018-12-12 13:59:20 - [TEST_STEP][PASSED] - setText: Text 'E1102070775F' is set on object 'Object Repository/Final Object Repo/Page_Update Add New Employee - ASSIST/Employer Code input textbox'

2018-12-12 13:59:20 - [MESSAGE][PASSED] - Text 'E1102070775F' is set on object 'Object Repository/Final Object Repo/Page_Update Add New Employee - ASSIST/Employer Code input textbox'

2018-12-12 13:59:20 - [TEST_STEP][PASSED] - delay: Delayed 2 second(s)

2018-12-12 13:59:22 - [MESSAGE][PASSED] - Delayed 2 second(s)

2018-12-12 13:59:22 - [TEST_STEP][PASSED] - click: Object: 'Object Repository/Final Object Repo/Page_Update Add New Employee - ASSIST/Search Button for Employer Code' is clicked on

2018-12-12 13:59:22 - [MESSAGE][PASSED] - Object: 'Object Repository/Final Object Repo/Page_Update Add New Employee - ASSIST/Search Button for Employer Code' is clicked on

2018-12-12 13:59:22 - [TEST_STEP][PASSED] - delay: Delayed 4 second(s)

2018-12-12 13:59:26 - [MESSAGE][PASSED] - Delayed 4 second(s)

2018-12-12 13:59:26 - [TEST_STEP][PASSED] - click: Object: 'Object Repository/Final Object Repo/Page_Update Add New Employee - ASSIST/Click to Edit Case' is clicked on

2018-12-12 13:59:29 - [MESSAGE][PASSED] - Object: 'Object Repository/Final Object Repo/Page_Update Add New Employee - ASSIST/Click to Edit Case' is clicked on

2018-12-12 13:59:29 - [TEST_STEP][PASSED] - callTestCase: Call Test Case 'Test Cases/Final Aug 2018 - PKS Automation/Registration Module/Workflow/Update Add New Employee/Template/Employee Adding/Employee Set Decider' successfully

2018-12-12 13:59:29 - [TEST_CASE][PASSED] - Test Cases/Final Aug 2018 - PKS Automation/Registration Module/Workflow/Update Add New Employee/Template/Employee Adding/Employee Set Decider: Test Cases/Final Aug 2018 - PKS Automation/Registration Module/Workflow/Update Add New Employee/Template/Employee Adding/Employee Set Decider

2018-12-12 13:59:29 - [TEST_STEP][PASSED] - delay: Delayed 4 second(s)

2018-12-12 13:59:33 - [MESSAGE][PASSED] - Delayed 4 second(s)

2018-12-12 13:59:33 - [TEST_STEP][PASSED] - click: Object: 'Object Repository/Final Object Repo/Page_Update Add New Employee - ASSIST/Add Employee Button' is clicked on

2018-12-12 13:59:33 - [MESSAGE][PASSED] - Object: 'Object Repository/Final Object Repo/Page_Update Add New Employee - ASSIST/Add Employee Button' is clicked on

2018-12-12 13:59:33 - [TEST_STEP][PASSED] - delay: Delayed 3 second(s)

2018-12-12 13:59:37 - [MESSAGE][PASSED] - Delayed 3 second(s)

2018-12-12 13:59:37 - [TEST_STEP][PASSED] - setText: Text '010903091920' is set on object 'Object Repository/Final Object Repo/Page_Update Add New Employee - ASSIST/NRIC Input'

2018-12-12 13:59:37 - [MESSAGE][PASSED] - Text '010903091920' is set on object 'Object Repository/Final Object Repo/Page_Update Add New Employee - ASSIST/NRIC Input'

2018-12-12 13:59:37 - [TEST_STEP][PASSED] - click: Object: 'Object Repository/Final Object Repo/Page_Update Add New Employee - ASSIST/button for search for IC' is clicked on

2018-12-12 13:59:37 - [MESSAGE][PASSED] - Object: 'Object Repository/Final Object Repo/Page_Update Add New Employee - ASSIST/button for search for IC' is clicked on

2018-12-12 13:59:37 - [TEST_STEP][PASSED] - delay: Delayed 2 second(s)

2018-12-12 13:59:39 - [MESSAGE][PASSED] - Delayed 2 second(s)

2018-12-12 13:59:39 - [TEST_STEP][PASSED] - sendKeys: Keys 'CONTROL + a' sent to object: 'Object Repository/Final Object Repo/Page_Update Add New Employee - ASSIST/Employee Name Input'

2018-12-12 13:59:39 - [MESSAGE][PASSED] - Keys 'CONTROL + a' sent to object: 'Object Repository/Final Object Repo/Page_Update Add New Employee - ASSIST/Employee Name Input'

2018-12-12 13:59:39 - [TEST_STEP][PASSED] - sendKeys: Keys 'CONTROL + c' sent to object: 'Object Repository/Final Object Repo/Page_Update Add New Employee - ASSIST/Employee Name Input'

2018-12-12 13:59:39 - [MESSAGE][PASSED] - Keys 'CONTROL + c' sent to object: 'Object Repository/Final Object Repo/Page_Update Add New Employee - ASSIST/Employee Name Input'

2018-12-12 13:59:39 - [TEST_STEP][PASSED] - Statement - toolkit = java.awt.Toolkit.getDefaultToolkit(): null

2018-12-12 13:59:39 - [TEST_STEP][PASSED] - Statement - clipboard = toolkit.getSystemClipboard(): null

2018-12-12 13:59:39 - [TEST_STEP][PASSED] - Statement - CurrentName = clipboard.getData(stringFlavor): null

2018-12-12 13:59:39 - [TEST_STEP][PASSED] - Statement - out.println("String from Clipboard:" + CurrentName): null

2018-12-12 13:59:39 - [TEST_STEP][PASSED] - Statement - If (CurrentName == "AUTOMATE002 ELIGIBLE 1"): Call Test Case 'Test Cases/Final Aug 2018 - PKS Automation/Registration Module/Workflow/Update Add New Employee/Template/Employee Adding/Employee Adding Action Repeat IC - set 1' successfully

2018-12-12 13:59:39 - [TEST_STEP][PASSED] - callTestCase: Call Test Case 'Test Cases/Final Aug 2018 - PKS Automation/Registration Module/Workflow/Update Add New Employee/Template/Employee Adding/Employee Adding Action Repeat IC - set 1' successfully

2018-12-12 13:59:40 - [TEST_CASE][PASSED] - Test Cases/Final Aug 2018 - PKS Automation/Registration Module/Workflow/Update Add New Employee/Template/Employee Adding/Employee Adding Action Repeat IC - set 1: Test Cases/Final Aug 2018 - PKS Automation/Registration Module/Workflow/Update Add New Employee/Template/Employee Adding/Employee Adding Action Repeat IC - set 1

2018-12-12 13:59:40 - [TEST_STEP][PASSED] - setText: Text 'Automate003 eligible 1' is set on object 'Object Repository/Final Object Repo/Page_Update Add New Employee - ASSIST/Employee Name Input'

2018-12-12 13:59:40 - [MESSAGE][PASSED] - Text 'Automate003 eligible 1' is set on object 'Object Repository/Final Object Repo/Page_Update Add New Employee - ASSIST/Employee Name Input'

2018-12-12 13:59:40 - [TEST_STEP][PASSED] - delay: Delayed 2 second(s)

2018-12-12 13:59:42 - [MESSAGE][PASSED] - Delayed 2 second(s)

2018-12-12 13:59:42 - [TEST_STEP][PASSED] - click: Object: 'Object Repository/Final Object Repo/Page_Update Add New Employee - ASSIST/DatePicker Pop Up' is clicked on

2018-12-12 13:59:42 - [MESSAGE][PASSED] - Object: 'Object Repository/Final Object Repo/Page_Update Add New Employee - ASSIST/DatePicker Pop Up' is clicked on

2018-12-12 13:59:42 - [TEST_STEP][PASSED] - click: Object: 'Object Repository/Final Object Repo/Page_Update Add New Employee - ASSIST/DOB Month' is clicked on

2018-12-12 13:59:43 - [MESSAGE][PASSED] - Object: 'Object Repository/Final Object Repo/Page_Update Add New Employee - ASSIST/DOB Month' is clicked on

2018-12-12 13:59:43 - [TEST_STEP][PASSED] - Statement - CurrentMonth = CurrentMonth: null

2018-12-12 13:59:43 - [TEST_STEP][PASSED] - Statement - selectMonth = new com.kms.katalon.core.testobject.TestObject(): null

2018-12-12 13:59:43 - [TEST_STEP][PASSED] - Statement - selectMonth.addProperty("xpath", EQUALS, "//body/div/div/div/select/option[@value='" + CurrentMonth + "']", true): null

2018-12-12 13:59:43 - [TEST_STEP][PASSED] - click: Object: '' is clicked on

2018-12-12 13:59:43 - [MESSAGE][PASSED] - Object: '' is clicked on

2018-12-12 13:59:43 - [TEST_STEP][PASSED] - click: Object: 'Object Repository/Final Object Repo/Page_Update Add New Employee - ASSIST/DOB Year' is clicked on

2018-12-12 13:59:43 - [MESSAGE][PASSED] - Object: 'Object Repository/Final Object Repo/Page_Update Add New Employee - ASSIST/DOB Year' is clicked on

2018-12-12 13:59:43 - [TEST_STEP][PASSED] - Statement - Eyearsbf = EighteenYrsBefore: null

2018-12-12 13:59:43 - [TEST_STEP][PASSED] - Statement - selectYear = new com.kms.katalon.core.testobject.TestObject(): null

2018-12-12 13:59:43 - [TEST_STEP][PASSED] - Statement - selectYear.addProperty("xpath", EQUALS, "//div/div/div/select/option[@value='" + Eyearsbf + "']", true): null

2018-12-12 13:59:43 - [TEST_STEP][PASSED] - click: Object: '' is clicked on

2018-12-12 13:59:43 - [MESSAGE][PASSED] - Object: '' is clicked on

2018-12-12 13:59:43 - [TEST_STEP][PASSED] - Statement - UpdatedSelectDate = com.kms.katalon.core.webui.keyword.WebUiBuiltInKeywords.modifyObjectProperty(com.kms.katalon.core.testobject.ObjectRepository.findTestObject(Final Object Repo/Page_Update Add New Employee - ASSIST/DOB Date), "xpath", "equals", "//body/div/table/tbody/tr/td/a[text()="" + CurrentDate + ""]", true): Modify property of object successfully

2018-12-12 13:59:43 - [MESSAGE][PASSED] - Modify property of object successfully

2018-12-12 13:59:43 - [TEST_STEP][PASSED] - delay: Delayed 3 second(s)

2018-12-12 13:59:46 - [MESSAGE][PASSED] - Delayed 3 second(s)

2018-12-12 13:59:46 - [TEST_STEP][PASSED] - click: Object: 'Object Repository/Final Object Repo/Page_Update Add New Employee - ASSIST/DOB Date' is clicked on

2018-12-12 13:59:46 - [MESSAGE][PASSED] - Object: 'Object Repository/Final Object Repo/Page_Update Add New Employee - ASSIST/DOB Date' is clicked on

2018-12-12 13:59:46 - [TEST_STEP][PASSED] - delay: Delayed 2 second(s)

2018-12-12 13:59:48 - [MESSAGE][PASSED] - Delayed 2 second(s)

2018-12-12 13:59:48 - [TEST_STEP][PASSED] - click: Object: 'Object Repository/Final Object Repo/Page_Update Add New Employee - ASSIST/EmploymentStartDate Pop Up' is clicked on

2018-12-12 13:59:48 - [MESSAGE][PASSED] - Object: 'Object Repository/Final Object Repo/Page_Update Add New Employee - ASSIST/EmploymentStartDate Pop Up' is clicked on

2018-12-12 13:59:48 - [TEST_STEP][PASSED] - delay: Delayed 2 second(s)

2018-12-12 13:59:50 - [MESSAGE][PASSED] - Delayed 2 second(s)

2018-12-12 13:59:50 - [TEST_STEP][PASSED] - click: Object: 'Object Repository/Final Object Repo/Page_Update Add New Employee - ASSIST/Socso Employment StartDate Month' is clicked on

2018-12-12 13:59:51 - [MESSAGE][PASSED] - Object: 'Object Repository/Final Object Repo/Page_Update Add New Employee - ASSIST/Socso Employment StartDate Month' is clicked on

2018-12-12 13:59:51 - [TEST_STEP][PASSED] - delay: Delayed 1 second(s)

2018-12-12 13:59:52 - [MESSAGE][PASSED] - Delayed 1 second(s)

2018-12-12 13:59:52 - [TEST_STEP][PASSED] - click: Object: 'Object Repository/Final Object Repo/Page_Update Add New Employee - ASSIST/Select Socso Employement Startdate Month' is clicked on

2018-12-12 13:59:52 - [MESSAGE][PASSED] - Object: 'Object Repository/Final Object Repo/Page_Update Add New Employee - ASSIST/Select Socso Employement Startdate Month' is clicked on

2018-12-12 13:59:52 - [TEST_STEP][PASSED] - delay: Delayed 2 second(s)

2018-12-12 13:59:54 - [MESSAGE][PASSED] - Delayed 2 second(s)

2018-12-12 13:59:54 - [TEST_STEP][PASSED] - click: Object: 'Object Repository/Final Object Repo/Page_Update Add New Employee - ASSIST/Socso Employment StartDate Year' is clicked on

2018-12-12 13:59:54 - [MESSAGE][PASSED] - Object: 'Object Repository/Final Object Repo/Page_Update Add New Employee - ASSIST/Socso Employment StartDate Year' is clicked on

2018-12-12 13:59:54 - [TEST_STEP][PASSED] - delay: Delayed 1 second(s)

2018-12-12 13:59:55 - [MESSAGE][PASSED] - Delayed 1 second(s)

2018-12-12 13:59:55 - [TEST_STEP][PASSED] - click: Object: 'Object Repository/Final Object Repo/Page_Update Add New Employee - ASSIST/Select Socso Employment Startdate Year' is clicked on

2018-12-12 13:59:55 - [MESSAGE][PASSED] - Object: 'Object Repository/Final Object Repo/Page_Update Add New Employee - ASSIST/Select Socso Employment Startdate Year' is clicked on

2018-12-12 13:59:55 - [TEST_STEP][PASSED] - delay: Delayed 2 second(s)

2018-12-12 13:59:57 - [MESSAGE][PASSED] - Delayed 2 second(s)

2018-12-12 13:59:57 - [TEST_STEP][PASSED] - click: Object: 'Object Repository/Final Object Repo/Page_Update Add New Employee - ASSIST/Socso Employment Start Date Day' is clicked on

2018-12-12 13:59:57 - [MESSAGE][PASSED] - Object: 'Object Repository/Final Object Repo/Page_Update Add New Employee - ASSIST/Socso Employment Start Date Day' is clicked on

2018-12-12 13:59:57 - [TEST_STEP][PASSED] - delay: Delayed 2 second(s)

2018-12-12 13:59:59 - [MESSAGE][PASSED] - Delayed 2 second(s)

2018-12-12 13:59:59 - [TEST_STEP][PASSED] - click: Object: 'Object Repository/Final Object Repo/Page_Update Add New Employee - ASSIST/Save Button for Add Employee' is clicked on

2018-12-12 14:00:00 - [MESSAGE][PASSED] - Object: 'Object Repository/Final Object Repo/Page_Update Add New Employee - ASSIST/Save Button for Add Employee' is clicked on

2018-12-12 14:00:00 - [TEST_STEP][PASSED] - delay: Delayed 6 second(s)

2018-12-12 14:00:06 - [MESSAGE][PASSED] - Delayed 6 second(s)

2018-12-12 14:00:06 - [TEST_STEP][PASSED] - click: Object: 'Object Repository/Final Object Repo/Page_Update Add New Employee - ASSIST/Add Employee Button' is clicked on

2018-12-12 14:00:06 - [MESSAGE][PASSED] - Object: 'Object Repository/Final Object Repo/Page_Update Add New Employee - ASSIST/Add Employee Button' is clicked on

2018-12-12 14:00:06 - [TEST_STEP][PASSED] - delay: Delayed 4 second(s)

2018-12-12 14:00:10 - [MESSAGE][PASSED] - Delayed 4 second(s)

2018-12-12 14:00:10 - [TEST_STEP][PASSED] - setText: Text '620904059600' is set on object 'Object Repository/Final Object Repo/Page_Update Add New Employee - ASSIST/NRIC Input'

2018-12-12 14:00:10 - [MESSAGE][PASSED] - Text '620904059600' is set on object 'Object Repository/Final Object Repo/Page_Update Add New Employee - ASSIST/NRIC Input'

2018-12-12 14:00:10 - [TEST_STEP][PASSED] - click: Object: 'Object Repository/Final Object Repo/Page_Update Add New Employee - ASSIST/button for search for IC' is clicked on

2018-12-12 14:00:10 - [MESSAGE][PASSED] - Object: 'Object Repository/Final Object Repo/Page_Update Add New Employee - ASSIST/button for search for IC' is clicked on

2018-12-12 14:00:10 - [TEST_STEP][PASSED] - delay: Delayed 2 second(s)

2018-12-12 14:00:12 - [MESSAGE][PASSED] - Delayed 2 second(s)

2018-12-12 14:00:12 - [TEST_STEP][PASSED] - setText: Text 'Automate003 eligible 2' is set on object 'Object Repository/Final Object Repo/Page_Update Add New Employee - ASSIST/Employee Name Input'

2018-12-12 14:00:13 - [MESSAGE][PASSED] - Text 'Automate003 eligible 2' is set on object 'Object Repository/Final Object Repo/Page_Update Add New Employee - ASSIST/Employee Name Input'

2018-12-12 14:00:13 - [TEST_STEP][PASSED] - delay: Delayed 2 second(s)

2018-12-12 14:00:15 - [MESSAGE][PASSED] - Delayed 2 second(s)

2018-12-12 14:00:15 - [TEST_STEP][PASSED] - click: Object: 'Object Repository/Final Object Repo/Page_Update Add New Employee - ASSIST/DatePicker Pop Up' is clicked on

2018-12-12 14:00:15 - [MESSAGE][PASSED] - Object: 'Object Repository/Final Object Repo/Page_Update Add New Employee - ASSIST/DatePicker Pop Up' is clicked on

2018-12-12 14:00:15 - [TEST_STEP][PASSED] - delay: Delayed 2 second(s)

2018-12-12 14:00:17 - [MESSAGE][PASSED] - Delayed 2 second(s)

2018-12-12 14:00:17 - [TEST_STEP][PASSED] - click: Object: 'Object Repository/Final Object Repo/Page_Update Add New Employee - ASSIST/DOB Month' is clicked on

2018-12-12 14:00:17 - [MESSAGE][PASSED] - Object: 'Object Repository/Final Object Repo/Page_Update Add New Employee - ASSIST/DOB Month' is clicked on

2018-12-12 14:00:17 - [TEST_STEP][PASSED] - Statement - selectMonth = com.kms.katalon.core.webui.keyword.WebUiBuiltInKeywords.modifyObjectProperty(selectMonth, "xpath", "equals", "//body/div/div/div/select/option[@value="" + CurrentMonth + ""]", true): Modify property of object successfully

2018-12-12 14:00:17 - [MESSAGE][PASSED] - Modify property of object successfully

2018-12-12 14:00:17 - [TEST_STEP][PASSED] - click: Object: '' is clicked on

2018-12-12 14:00:17 - [MESSAGE][PASSED] - Object: '' is clicked on

2018-12-12 14:00:17 - [TEST_STEP][PASSED] - click: Object: 'Object Repository/Final Object Repo/Page_Update Add New Employee - ASSIST/DOB Year' is clicked on

2018-12-12 14:00:18 - [MESSAGE][PASSED] - Object: 'Object Repository/Final Object Repo/Page_Update Add New Employee - ASSIST/DOB Year' is clicked on

2018-12-12 14:00:18 - [TEST_STEP][PASSED] - Statement - selectYear = com.kms.katalon.core.webui.keyword.WebUiBuiltInKeywords.modifyObjectProperty(selectYear, "xpath", "equals", "//div/div/div/select/option[@value="" + FiftysevenYrsBefore + ""]", true): Modify property of object successfully

2018-12-12 14:00:18 - [MESSAGE][PASSED] - Modify property of object successfully

2018-12-12 14:00:18 - [TEST_STEP][PASSED] - click: Object: '' is clicked on

2018-12-12 14:00:18 - [MESSAGE][PASSED] - Object: '' is clicked on

2018-12-12 14:00:18 - [TEST_STEP][PASSED] - Statement - UpdatedSelectDate = com.kms.katalon.core.webui.keyword.WebUiBuiltInKeywords.modifyObjectProperty(com.kms.katalon.core.testobject.ObjectRepository.findTestObject(Final Object Repo/Page_Update Add New Employee - ASSIST/DOB Date), "xpath", "equals", "//body/div/table/tbody/tr/td/a[text()="" + OneDayBefore + ""]", true): Modify property of object successfully

2018-12-12 14:00:18 - [MESSAGE][PASSED] - Modify property of object successfully

2018-12-12 14:00:18 - [TEST_STEP][PASSED] - click: Object: 'Object Repository/Final Object Repo/Page_Update Add New Employee - ASSIST/DOB Date' is clicked on

2018-12-12 14:00:18 - [MESSAGE][PASSED] - Object: 'Object Repository/Final Object Repo/Page_Update Add New Employee - ASSIST/DOB Date' is clicked on

2018-12-12 14:00:18 - [TEST_STEP][PASSED] - delay: Delayed 2 second(s)

2018-12-12 14:00:20 - [MESSAGE][PASSED] - Delayed 2 second(s)

2018-12-12 14:00:20 - [TEST_STEP][PASSED] - click: Object: 'Object Repository/Final Object Repo/Page_Update Add New Employee - ASSIST/EmploymentStartDate Pop Up' is clicked on

2018-12-12 14:00:20 - [MESSAGE][PASSED] - Object: 'Object Repository/Final Object Repo/Page_Update Add New Employee - ASSIST/EmploymentStartDate Pop Up' is clicked on

2018-12-12 14:00:20 - [TEST_STEP][PASSED] - delay: Delayed 2 second(s)

2018-12-12 14:00:22 - [MESSAGE][PASSED] - Delayed 2 second(s)

2018-12-12 14:00:22 - [TEST_STEP][PASSED] - click: Object: 'Object Repository/Final Object Repo/Page_Update Add New Employee - ASSIST/Socso Employment StartDate Month' is clicked on

2018-12-12 14:00:22 - [MESSAGE][PASSED] - Object: 'Object Repository/Final Object Repo/Page_Update Add New Employee - ASSIST/Socso Employment StartDate Month' is clicked on

2018-12-12 14:00:22 - [TEST_STEP][PASSED] - delay: Delayed 1 second(s)

2018-12-12 14:00:23 - [MESSAGE][PASSED] - Delayed 1 second(s)

2018-12-12 14:00:23 - [TEST_STEP][PASSED] - click: Object: 'Object Repository/Final Object Repo/Page_Update Add New Employee - ASSIST/Select Socso Employement Startdate Month' is clicked on

2018-12-12 14:00:23 - [MESSAGE][PASSED] - Object: 'Object Repository/Final Object Repo/Page_Update Add New Employee - ASSIST/Select Socso Employement Startdate Month' is clicked on

2018-12-12 14:00:23 - [TEST_STEP][PASSED] - delay: Delayed 2 second(s)

2018-12-12 14:00:25 - [MESSAGE][PASSED] - Delayed 2 second(s)

2018-12-12 14:00:25 - [TEST_STEP][PASSED] - click: Object: 'Object Repository/Final Object Repo/Page_Update Add New Employee - ASSIST/Socso Employment StartDate Year' is clicked on

2018-12-12 14:00:26 - [MESSAGE][PASSED] - Object: 'Object Repository/Final Object Repo/Page_Update Add New Employee - ASSIST/Socso Employment StartDate Year' is clicked on

2018-12-12 14:00:26 - [TEST_STEP][PASSED] - delay: Delayed 1 second(s)

2018-12-12 14:00:27 - [MESSAGE][PASSED] - Delayed 1 second(s)

2018-12-12 14:00:27 - [TEST_STEP][PASSED] - click: Object: 'Object Repository/Final Object Repo/Page_Update Add New Employee - ASSIST/Select Socso Employment Startdate Year' is clicked on

2018-12-12 14:00:27 - [MESSAGE][PASSED] - Object: 'Object Repository/Final Object Repo/Page_Update Add New Employee - ASSIST/Select Socso Employment Startdate Year' is clicked on

2018-12-12 14:00:27 - [TEST_STEP][PASSED] - delay: Delayed 2 second(s)

2018-12-12 14:00:29 - [MESSAGE][PASSED] - Delayed 2 second(s)

2018-12-12 14:00:29 - [TEST_STEP][PASSED] - click: Object: 'Object Repository/Final Object Repo/Page_Update Add New Employee - ASSIST/Socso Employment Start Date Day' is clicked on

2018-12-12 14:00:29 - [MESSAGE][PASSED] - Object: 'Object Repository/Final Object Repo/Page_Update Add New Employee - ASSIST/Socso Employment Start Date Day' is clicked on

2018-12-12 14:00:29 - [TEST_STEP][PASSED] - delay: Delayed 2 second(s)

2018-12-12 14:00:31 - [MESSAGE][PASSED] - Delayed 2 second(s)

2018-12-12 14:00:31 - [TEST_STEP][PASSED] - click: Object: 'Object Repository/Final Object Repo/Page_Update Add New Employee - ASSIST/Save Button for Add Employee' is clicked on

2018-12-12 14:00:31 - [MESSAGE][PASSED] - Object: 'Object Repository/Final Object Repo/Page_Update Add New Employee - ASSIST/Save Button for Add Employee' is clicked on

2018-12-12 14:00:31 - [TEST_STEP][PASSED] - delay: Delayed 10 second(s)

2018-12-12 14:00:41 - [MESSAGE][PASSED] - Delayed 10 second(s)

2018-12-12 14:00:41 - [TEST_STEP][PASSED] - waitForElementClickable: Object 'Object Repository/Final Object Repo/Page_Update Add New Employee - ASSIST/Add Employee Button' is clickable

2018-12-12 14:00:41 - [MESSAGE][PASSED] - Object 'Object Repository/Final Object Repo/Page_Update Add New Employee - ASSIST/Add Employee Button' is clickable

2018-12-12 14:00:41 - [TEST_STEP][PASSED] - click: Object: 'Object Repository/Final Object Repo/Page_Update Add New Employee - ASSIST/Add Employee Button' is clicked on

2018-12-12 14:00:41 - [MESSAGE][PASSED] - Object: 'Object Repository/Final Object Repo/Page_Update Add New Employee - ASSIST/Add Employee Button' is clicked on

2018-12-12 14:00:41 - [TEST_STEP][PASSED] - delay: Delayed 4 second(s)

2018-12-12 14:00:45 - [MESSAGE][PASSED] - Delayed 4 second(s)

2018-12-12 14:00:45 - [TEST_STEP][PASSED] - setText: Text '000209039100' is set on object 'Object Repository/Final Object Repo/Page_Update Add New Employee - ASSIST/NRIC Input'

2018-12-12 14:00:46 - [MESSAGE][PASSED] - Text '000209039100' is set on object 'Object Repository/Final Object Repo/Page_Update Add New Employee - ASSIST/NRIC Input'

2018-12-12 14:00:46 - [TEST_STEP][PASSED] - click: Object: 'Object Repository/Final Object Repo/Page_Update Add New Employee - ASSIST/button for search for IC' is clicked on

2018-12-12 14:00:46 - [MESSAGE][PASSED] - Object: 'Object Repository/Final Object Repo/Page_Update Add New Employee - ASSIST/button for search for IC' is clicked on

2018-12-12 14:00:46 - [TEST_STEP][PASSED] - delay: Delayed 2 second(s)

2018-12-12 14:00:48 - [MESSAGE][PASSED] - Delayed 2 second(s)

2018-12-12 14:00:48 - [TEST_STEP][PASSED] - setText: Text 'Automate003 not eligible 1' is set on object 'Object Repository/Final Object Repo/Page_Update Add New Employee - ASSIST/Employee Name Input'

2018-12-12 14:00:49 - [MESSAGE][PASSED] - Text 'Automate003 not eligible 1' is set on object 'Object Repository/Final Object Repo/Page_Update Add New Employee - ASSIST/Employee Name Input'

2018-12-12 14:00:49 - [TEST_STEP][PASSED] - delay: Delayed 2 second(s)

2018-12-12 14:00:51 - [MESSAGE][PASSED] - Delayed 2 second(s)

2018-12-12 14:00:51 - [TEST_STEP][PASSED] - click: Object: 'Object Repository/Final Object Repo/Page_Update Add New Employee - ASSIST/DatePicker Pop Up' is clicked on

2018-12-12 14:00:51 - [MESSAGE][PASSED] - Object: 'Object Repository/Final Object Repo/Page_Update Add New Employee - ASSIST/DatePicker Pop Up' is clicked on

2018-12-12 14:00:51 - [TEST_STEP][PASSED] - delay: Delayed 2 second(s)

2018-12-12 14:00:53 - [MESSAGE][PASSED] - Delayed 2 second(s)

2018-12-12 14:00:53 - [TEST_STEP][PASSED] - click: Object: 'Object Repository/Final Object Repo/Page_Update Add New Employee - ASSIST/DOB Month' is clicked on

2018-12-12 14:00:53 - [MESSAGE][PASSED] - Object: 'Object Repository/Final Object Repo/Page_Update Add New Employee - ASSIST/DOB Month' is clicked on

2018-12-12 14:00:53 - [TEST_STEP][PASSED] - Statement - selectMonth = com.kms.katalon.core.webui.keyword.WebUiBuiltInKeywords.modifyObjectProperty(selectMonth, "xpath", "equals", "//body/div/div/div/select/option[@value="" + CurrentMonth + ""]", true): Modify property of object successfully

2018-12-12 14:00:53 - [MESSAGE][PASSED] - Modify property of object successfully

2018-12-12 14:00:53 - [TEST_STEP][PASSED] - click: Object: '' is clicked on

2018-12-12 14:00:53 - [MESSAGE][PASSED] - Object: '' is clicked on

2018-12-12 14:00:53 - [TEST_STEP][PASSED] - click: Object: 'Object Repository/Final Object Repo/Page_Update Add New Employee - ASSIST/DOB Year' is clicked on

2018-12-12 14:00:53 - [MESSAGE][PASSED] - Object: 'Object Repository/Final Object Repo/Page_Update Add New Employee - ASSIST/DOB Year' is clicked on

2018-12-12 14:00:53 - [TEST_STEP][PASSED] - Statement - selectYear = com.kms.katalon.core.webui.keyword.WebUiBuiltInKeywords.modifyObjectProperty(selectYear, "xpath", "equals", "//div/div/div/select/option[@value="" + EighteenYrsBefore + ""]", true): Modify property of object successfully

2018-12-12 14:00:53 - [MESSAGE][PASSED] - Modify property of object successfully

2018-12-12 14:00:53 - [TEST_STEP][PASSED] - click: Object: '' is clicked on

2018-12-12 14:00:54 - [MESSAGE][PASSED] - Object: '' is clicked on

2018-12-12 14:00:54 - [TEST_STEP][PASSED] - Statement - UpdatedSelectDate = com.kms.katalon.core.webui.keyword.WebUiBuiltInKeywords.modifyObjectProperty(com.kms.katalon.core.testobject.ObjectRepository.findTestObject(Final Object Repo/Page_Update Add New Employee - ASSIST/DOB Date), "xpath", "equals", "//body/div/table/tbody/tr/td/a[text()="" + OneDayBefore + ""]", true): Modify property of object successfully

2018-12-12 14:00:54 - [MESSAGE][PASSED] - Modify property of object successfully

2018-12-12 14:00:54 - [TEST_STEP][PASSED] - click: Object: 'Object Repository/Final Object Repo/Page_Update Add New Employee - ASSIST/DOB Date' is clicked on

2018-12-12 14:00:54 - [MESSAGE][PASSED] - Object: 'Object Repository/Final Object Repo/Page_Update Add New Employee - ASSIST/DOB Date' is clicked on

2018-12-12 14:00:54 - [TEST_STEP][PASSED] - delay: Delayed 2 second(s)

2018-12-12 14:00:56 - [MESSAGE][PASSED] - Delayed 2 second(s)

2018-12-12 14:00:56 - [TEST_STEP][PASSED] - click: Object: 'Object Repository/Final Object Repo/Page_Update Add New Employee - ASSIST/EmploymentStartDate Pop Up' is clicked on

2018-12-12 14:00:56 - [MESSAGE][PASSED] - Object: 'Object Repository/Final Object Repo/Page_Update Add New Employee - ASSIST/EmploymentStartDate Pop Up' is clicked on

2018-12-12 14:00:56 - [TEST_STEP][PASSED] - delay: Delayed 2 second(s)

2018-12-12 14:00:58 - [MESSAGE][PASSED] - Delayed 2 second(s)

2018-12-12 14:00:58 - [TEST_STEP][PASSED] - click: Object: 'Object Repository/Final Object Repo/Page_Update Add New Employee - ASSIST/Socso Employment StartDate Month' is clicked on

2018-12-12 14:00:58 - [MESSAGE][PASSED] - Object: 'Object Repository/Final Object Repo/Page_Update Add New Employee - ASSIST/Socso Employment StartDate Month' is clicked on

2018-12-12 14:00:58 - [TEST_STEP][PASSED] - delay: Delayed 1 second(s)

2018-12-12 14:00:59 - [MESSAGE][PASSED] - Delayed 1 second(s)

2018-12-12 14:00:59 - [TEST_STEP][PASSED] - click: Object: 'Object Repository/Final Object Repo/Page_Update Add New Employee - ASSIST/Select Socso Employement Startdate Month' is clicked on

2018-12-12 14:00:59 - [MESSAGE][PASSED] - Object: 'Object Repository/Final Object Repo/Page_Update Add New Employee - ASSIST/Select Socso Employement Startdate Month' is clicked on

2018-12-12 14:00:59 - [TEST_STEP][PASSED] - delay: Delayed 2 second(s)

2018-12-12 14:01:01 - [MESSAGE][PASSED] - Delayed 2 second(s)

2018-12-12 14:01:01 - [TEST_STEP][PASSED] - click: Object: 'Object Repository/Final Object Repo/Page_Update Add New Employee - ASSIST/Socso Employment StartDate Year' is clicked on

2018-12-12 14:01:01 - [MESSAGE][PASSED] - Object: 'Object Repository/Final Object Repo/Page_Update Add New Employee - ASSIST/Socso Employment StartDate Year' is clicked on

2018-12-12 14:01:01 - [TEST_STEP][PASSED] - delay: Delayed 1 second(s)

2018-12-12 14:01:02 - [MESSAGE][PASSED] - Delayed 1 second(s)

2018-12-12 14:01:02 - [TEST_STEP][PASSED] - click: Object: 'Object Repository/Final Object Repo/Page_Update Add New Employee - ASSIST/Select Socso Employment Startdate Year' is clicked on

2018-12-12 14:01:03 - [MESSAGE][PASSED] - Object: 'Object Repository/Final Object Repo/Page_Update Add New Employee - ASSIST/Select Socso Employment Startdate Year' is clicked on

2018-12-12 14:01:03 - [TEST_STEP][PASSED] - delay: Delayed 2 second(s)

2018-12-12 14:01:05 - [MESSAGE][PASSED] - Delayed 2 second(s)

2018-12-12 14:01:05 - [TEST_STEP][PASSED] - click: Object: 'Object Repository/Final Object Repo/Page_Update Add New Employee - ASSIST/Socso Employment Start Date Day' is clicked on

2018-12-12 14:01:05 - [MESSAGE][PASSED] - Object: 'Object Repository/Final Object Repo/Page_Update Add New Employee - ASSIST/Socso Employment Start Date Day' is clicked on

2018-12-12 14:01:05 - [TEST_STEP][PASSED] - delay: Delayed 2 second(s)

2018-12-12 14:01:07 - [MESSAGE][PASSED] - Delayed 2 second(s)

2018-12-12 14:01:07 - [TEST_STEP][PASSED] - click: Object: 'Object Repository/Final Object Repo/Page_Update Add New Employee - ASSIST/Save Button for Add Employee' is clicked on

2018-12-12 14:01:07 - [MESSAGE][PASSED] - Object: 'Object Repository/Final Object Repo/Page_Update Add New Employee - ASSIST/Save Button for Add Employee' is clicked on

2018-12-12 14:01:07 - [TEST_STEP][PASSED] - delay: Delayed 20 second(s)

2018-12-12 14:01:27 - [MESSAGE][PASSED] - Delayed 20 second(s)

2018-12-12 14:01:27 - [TEST_STEP][PASSED] - click: Object: 'Object Repository/Final Object Repo/Page_Update Add New Employee - ASSIST/Add Employee Button' is clicked on

2018-12-12 14:01:27 - [MESSAGE][PASSED] - Object: 'Object Repository/Final Object Repo/Page_Update Add New Employee - ASSIST/Add Employee Button' is clicked on

2018-12-12 14:01:27 - [TEST_STEP][PASSED] - delay: Delayed 4 second(s)

2018-12-12 14:01:31 - [MESSAGE][PASSED] - Delayed 4 second(s)

2018-12-12 14:01:31 - [TEST_STEP][PASSED] - setText: Text '600203039104' is set on object 'Object Repository/Final Object Repo/Page_Update Add New Employee - ASSIST/NRIC Input'

2018-12-12 14:01:32 - [MESSAGE][PASSED] - Text '600203039104' is set on object 'Object Repository/Final Object Repo/Page_Update Add New Employee - ASSIST/NRIC Input'

2018-12-12 14:01:32 - [TEST_STEP][PASSED] - click: Object: 'Object Repository/Final Object Repo/Page_Update Add New Employee - ASSIST/button for search for IC' is clicked on

2018-12-12 14:01:32 - [MESSAGE][PASSED] - Object: 'Object Repository/Final Object Repo/Page_Update Add New Employee - ASSIST/button for search for IC' is clicked on

2018-12-12 14:01:32 - [TEST_STEP][PASSED] - delay: Delayed 2 second(s)

2018-12-12 14:01:34 - [MESSAGE][PASSED] - Delayed 2 second(s)

2018-12-12 14:01:34 - [TEST_STEP][PASSED] - setText: Text 'Automate003 not eligible 2' is set on object 'Object Repository/Final Object Repo/Page_Update Add New Employee - ASSIST/Employee Name Input'

2018-12-12 14:01:34 - [MESSAGE][PASSED] - Text 'Automate003 not eligible 2' is set on object 'Object Repository/Final Object Repo/Page_Update Add New Employee - ASSIST/Employee Name Input'

2018-12-12 14:01:34 - [TEST_STEP][PASSED] - delay: Delayed 2 second(s)

2018-12-12 14:01:36 - [MESSAGE][PASSED] - Delayed 2 second(s)

2018-12-12 14:01:36 - [TEST_STEP][PASSED] - click: Object: 'Object Repository/Final Object Repo/Page_Update Add New Employee - ASSIST/DatePicker Pop Up' is clicked on

2018-12-12 14:01:37 - [MESSAGE][PASSED] - Object: 'Object Repository/Final Object Repo/Page_Update Add New Employee - ASSIST/DatePicker Pop Up' is clicked on

2018-12-12 14:01:37 - [TEST_STEP][PASSED] - delay: Delayed 2 second(s)

2018-12-12 14:01:39 - [MESSAGE][PASSED] - Delayed 2 second(s)

2018-12-12 14:01:39 - [TEST_STEP][PASSED] - click: Object: 'Object Repository/Final Object Repo/Page_Update Add New Employee - ASSIST/DOB Month' is clicked on

2018-12-12 14:01:39 - [MESSAGE][PASSED] - Object: 'Object Repository/Final Object Repo/Page_Update Add New Employee - ASSIST/DOB Month' is clicked on

2018-12-12 14:01:39 - [TEST_STEP][PASSED] - Statement - selectMonth = com.kms.katalon.core.webui.keyword.WebUiBuiltInKeywords.modifyObjectProperty(selectMonth, "xpath", "equals", "//body/div/div/div/select/option[@value="" + CurrentMonth + ""]", true): Modify property of object successfully

2018-12-12 14:01:39 - [MESSAGE][PASSED] - Modify property of object successfully

2018-12-12 14:01:39 - [TEST_STEP][PASSED] - click: Object: '' is clicked on

2018-12-12 14:01:39 - [MESSAGE][PASSED] - Object: '' is clicked on

2018-12-12 14:01:39 - [TEST_STEP][PASSED] - click: Object: 'Object Repository/Final Object Repo/Page_Update Add New Employee - ASSIST/DOB Year' is clicked on

2018-12-12 14:01:39 - [MESSAGE][PASSED] - Object: 'Object Repository/Final Object Repo/Page_Update Add New Employee - ASSIST/DOB Year' is clicked on

2018-12-12 14:01:39 - [TEST_STEP][PASSED] - Statement - selectYear = com.kms.katalon.core.webui.keyword.WebUiBuiltInKeywords.modifyObjectProperty(selectYear, "xpath", "equals", "//div/div/div/select/option[@value="" + FiftysevenYrsBefore + ""]", true): Modify property of object successfully

2018-12-12 14:01:39 - [MESSAGE][PASSED] - Modify property of object successfully

2018-12-12 14:01:39 - [TEST_STEP][PASSED] - click: Object: '' is clicked on

2018-12-12 14:01:39 - [MESSAGE][PASSED] - Object: '' is clicked on

2018-12-12 14:01:39 - [TEST_STEP][PASSED] - Statement - UpdatedSelectDate = com.kms.katalon.core.webui.keyword.WebUiBuiltInKeywords.modifyObjectProperty(com.kms.katalon.core.testobject.ObjectRepository.findTestObject(Final Object Repo/Page_Update Add New Employee - ASSIST/DOB Date), "xpath", "equals", "//body/div/table/tbody/tr/td/a[text()="" + CurrentDate + ""]", true): Modify property of object successfully

2018-12-12 14:01:39 - [MESSAGE][PASSED] - Modify property of object successfully

2018-12-12 14:01:39 - [TEST_STEP][PASSED] - click: Object: 'Object Repository/Final Object Repo/Page_Update Add New Employee - ASSIST/DOB Date' is clicked on

2018-12-12 14:01:39 - [MESSAGE][PASSED] - Object: 'Object Repository/Final Object Repo/Page_Update Add New Employee - ASSIST/DOB Date' is clicked on

2018-12-12 14:01:39 - [TEST_STEP][PASSED] - click: Object: 'Object Repository/Final Object Repo/Page_Update Add New Employee - ASSIST/EmploymentStartDate Pop Up' is clicked on

2018-12-12 14:01:40 - [MESSAGE][PASSED] - Object: 'Object Repository/Final Object Repo/Page_Update Add New Employee - ASSIST/EmploymentStartDate Pop Up' is clicked on

2018-12-12 14:01:40 - [TEST_STEP][PASSED] - delay: Delayed 2 second(s)

2018-12-12 14:01:42 - [MESSAGE][PASSED] - Delayed 2 second(s)

2018-12-12 14:01:42 - [TEST_STEP][PASSED] - click: Object: 'Object Repository/Final Object Repo/Page_Update Add New Employee - ASSIST/Socso Employment StartDate Month' is clicked on

2018-12-12 14:01:42 - [MESSAGE][PASSED] - Object: 'Object Repository/Final Object Repo/Page_Update Add New Employee - ASSIST/Socso Employment StartDate Month' is clicked on

2018-12-12 14:01:42 - [TEST_STEP][PASSED] - delay: Delayed 1 second(s)

2018-12-12 14:01:43 - [MESSAGE][PASSED] - Delayed 1 second(s)

2018-12-12 14:01:43 - [TEST_STEP][PASSED] - click: Object: 'Object Repository/Final Object Repo/Page_Update Add New Employee - ASSIST/Select Socso Employement Startdate Month' is clicked on

2018-12-12 14:01:43 - [MESSAGE][PASSED] - Object: 'Object Repository/Final Object Repo/Page_Update Add New Employee - ASSIST/Select Socso Employement Startdate Month' is clicked on

2018-12-12 14:01:43 - [TEST_STEP][PASSED] - delay: Delayed 2 second(s)

2018-12-12 14:01:45 - [MESSAGE][PASSED] - Delayed 2 second(s)

2018-12-12 14:01:45 - [TEST_STEP][PASSED] - click: Object: 'Object Repository/Final Object Repo/Page_Update Add New Employee - ASSIST/Socso Employment StartDate Year' is clicked on

2018-12-12 14:01:45 - [MESSAGE][PASSED] - Object: 'Object Repository/Final Object Repo/Page_Update Add New Employee - ASSIST/Socso Employment StartDate Year' is clicked on

2018-12-12 14:01:45 - [TEST_STEP][PASSED] - delay: Delayed 1 second(s)

2018-12-12 14:01:46 - [MESSAGE][PASSED] - Delayed 1 second(s)

2018-12-12 14:01:46 - [TEST_STEP][PASSED] - click: Object: 'Object Repository/Final Object Repo/Page_Update Add New Employee - ASSIST/Select Socso Employment Startdate Year' is clicked on

2018-12-12 14:01:46 - [MESSAGE][PASSED] - Object: 'Object Repository/Final Object Repo/Page_Update Add New Employee - ASSIST/Select Socso Employment Startdate Year' is clicked on

2018-12-12 14:01:46 - [TEST_STEP][PASSED] - delay: Delayed 2 second(s)

2018-12-12 14:01:48 - [MESSAGE][PASSED] - Delayed 2 second(s)

2018-12-12 14:01:48 - [TEST_STEP][PASSED] - click: Object: 'Object Repository/Final Object Repo/Page_Update Add New Employee - ASSIST/Socso Employment Start Date Day' is clicked on

2018-12-12 14:01:48 - [MESSAGE][PASSED] - Object: 'Object Repository/Final Object Repo/Page_Update Add New Employee - ASSIST/Socso Employment Start Date Day' is clicked on

2018-12-12 14:01:48 - [TEST_STEP][PASSED] - delay: Delayed 2 second(s)

2018-12-12 14:01:50 - [MESSAGE][PASSED] - Delayed 2 second(s)

2018-12-12 14:01:50 - [TEST_STEP][PASSED] - click: Object: 'Object Repository/Final Object Repo/Page_Update Add New Employee - ASSIST/Save Button for Add Employee' is clicked on

2018-12-12 14:01:51 - [MESSAGE][PASSED] - Object: 'Object Repository/Final Object Repo/Page_Update Add New Employee - ASSIST/Save Button for Add Employee' is clicked on

2018-12-12 14:01:51 - [MESSAGE][PASSED] - Call Test Case 'Test Cases/Final Aug 2018 - PKS Automation/Registration Module/Workflow/Update Add New Employee/Template/Employee Adding/Employee Adding Action Repeat IC - set 1' successfully

2018-12-12 14:01:51 - [MESSAGE][PASSED] - Call Test Case 'Test Cases/Final Aug 2018 - PKS Automation/Registration Module/Workflow/Update Add New Employee/Template/Employee Adding/Employee Set Decider' successfully

2018-12-12 14:01:51 - [TEST_STEP][PASSED] - delay: Delayed 4 second(s)

2018-12-12 14:01:55 - [MESSAGE][PASSED] - Delayed 4 second(s)

2018-12-12 14:01:55 - [TEST_STEP][PASSED] - Statement - CaseReferenceNo = com.kms.katalon.core.webui.keyword.WebUiBuiltInKeywords.getText(com.kms.katalon.core.testobject.ObjectRepository.findTestObject(Final Object Repo/Page_Update Add New Employee - ASSIST/RefNo)): Text of object 'Object Repository/Final Object Repo/Page_Update Add New Employee - ASSIST/RefNo' is: 'CAN12201800002311'

2018-12-12 14:01:55 - [MESSAGE][PASSED] - Text of object 'Object Repository/Final Object Repo/Page_Update Add New Employee - ASSIST/RefNo' is: 'CAN12201800002311'

2018-12-12 14:01:55 - [TEST_STEP][PASSED] - callTestCase: Call Test Case 'Test Cases/Final Aug 2018 - PKS Automation/Common/Reference Number Setter' successfully

2018-12-12 14:01:55 - [TEST_CASE][PASSED] - Test Cases/Final Aug 2018 - PKS Automation/Common/Reference Number Setter: Test Cases/Final Aug 2018 - PKS Automation/Common/Reference Number Setter

2018-12-12 14:01:55 - [TEST_STEP][PASSED] - Statement - RefNoOldFile = new java.io.File(C://Users//Admin//Desktop//PKS//Automation Reference Point//KatalonReference.txt): null

2018-12-12 14:01:55 - [TEST_STEP][PASSED] - Statement - RefNoOldFile.delete(): null

2018-12-12 14:01:55 - [TEST_STEP][PASSED] - delay: Delayed 5 second(s)

2018-12-12 14:02:00 - [MESSAGE][PASSED] - Delayed 5 second(s)

2018-12-12 14:02:00 - [TEST_STEP][PASSED] - Statement - RefNo = new java.io.File(C://Users//Admin//Desktop//PKS//Automation Reference Point//KatalonReference.txt): null

2018-12-12 14:02:00 - [TEST_STEP][PASSED] - Statement - f2 = new java.io.FileWriter(RefNo, false): null

2018-12-12 14:02:00 - [TEST_STEP][PASSED] - Statement - f2.write(CaseReferenceNo): null

2018-12-12 14:02:00 - [TEST_STEP][PASSED] - Statement - f2.close(): null

2018-12-12 14:02:00 - [TEST_STEP][PASSED] - Statement - out.println("


" + CaseReferenceNo + "


"): null

2018-12-12 14:02:00 - [MESSAGE][PASSED] - Call Test Case 'Test Cases/Final Aug 2018 - PKS Automation/Common/Reference Number Setter' successfully

2018-12-12 14:02:00 - [TEST_STEP][PASSED] - delay: Delayed 5 second(s)

2018-12-12 14:02:05 - [MESSAGE][PASSED] - Delayed 5 second(s)

2018-12-12 14:02:05 - [TEST_STEP][PASSED] - click: Object: 'Object Repository/Final Object Repo/Page_Update Add New Employee - ASSIST/Save  Continue Button' is clicked on

2018-12-12 14:02:05 - [MESSAGE][PASSED] - Object: 'Object Repository/Final Object Repo/Page_Update Add New Employee - ASSIST/Save  Continue Button' is clicked on

2018-12-12 14:02:05 - [TEST_STEP][PASSED] - delay: Delayed 4 second(s)

2018-12-12 14:02:09 - [MESSAGE][PASSED] - Delayed 4 second(s)

2018-12-12 14:02:09 - [TEST_STEP][PASSED] - callTestCase: Call Test Case 'Test Cases/Final Aug 2018 - PKS Automation/Common/Reference Number Getter' successfully

2018-12-12 14:02:09 - [TEST_CASE][PASSED] - Test Cases/Final Aug 2018 - PKS Automation/Common/Reference Number Getter: Test Cases/Final Aug 2018 - PKS Automation/Common/Reference Number Getter

2018-12-12 14:02:09 - [TEST_STEP][PASSED] - Statement - Try: null

2018-12-12 14:02:09 - [TEST_STEP][PASSED] - Statement - RefNo = new java.io.File(C://Users//Admin//Desktop//PKS//Automation Reference Point//KatalonReference.txt): null

2018-12-12 14:02:09 - [TEST_STEP][PASSED] - Statement - bufferread = new java.io.BufferedReader(new java.io.FileReader(RefNo)): null

2018-12-12 14:02:09 - [TEST_STEP][PASSED] - Statement - readedVal = bufferread.readLine(): null

2018-12-12 14:02:09 - [TEST_STEP][PASSED] - Statement - out.println(CaseReferenceNo): null

2018-12-12 14:02:09 - [TEST_STEP][PASSED] - Statement - out.println(readedVal): null

2018-12-12 14:02:09 - [TEST_STEP][PASSED] - Statement - CaseReferenceNo = "": null

2018-12-12 14:02:09 - [TEST_STEP][PASSED] - Statement - CaseReferenceNo = readedVal: null

2018-12-12 14:02:09 - [MESSAGE][PASSED] - Call Test Case 'Test Cases/Final Aug 2018 - PKS Automation/Common/Reference Number Getter' successfully

2018-12-12 14:02:09 - [TEST_STEP][PASSED] - click: Object: 'Object Repository/Final Object Repo/Page_Update Add New Employee - ASSIST/Save  Continue Third Screen' is clicked on

2018-12-12 14:02:12 - [MESSAGE][PASSED] - Object: 'Object Repository/Final Object Repo/Page_Update Add New Employee - ASSIST/Save  Continue Third Screen' is clicked on

2018-12-12 14:02:12 - [TEST_STEP][PASSED] - delay: Delayed 4 second(s)

2018-12-12 14:02:16 - [MESSAGE][PASSED] - Delayed 4 second(s)

2018-12-12 14:02:16 - [TEST_STEP][PASSED] - click: Object: 'Object Repository/Final Object Repo/Page_Update Add New Employee - ASSIST/Save   Continue Supporting Doc Page' is clicked on

2018-12-12 14:02:17 - [MESSAGE][PASSED] - Object: 'Object Repository/Final Object Repo/Page_Update Add New Employee - ASSIST/Save   Continue Supporting Doc Page' is clicked on

2018-12-12 14:02:17 - [TEST_STEP][PASSED] - delay: Delayed 4 second(s)

2018-12-12 14:02:21 - [MESSAGE][PASSED] - Delayed 4 second(s)

2018-12-12 14:02:21 - [TEST_STEP][PASSED] - click: Object: 'Object Repository/Final Object Repo/Page_Update Add New Employee - ASSIST/Submit Button' is clicked on

2018-12-12 14:02:21 - [MESSAGE][PASSED] - Object: 'Object Repository/Final Object Repo/Page_Update Add New Employee - ASSIST/Submit Button' is clicked on

2018-12-12 14:02:21 - [TEST_STEP][PASSED] - delay: Delayed 4 second(s)

2018-12-12 14:02:25 - [MESSAGE][PASSED] - Delayed 4 second(s)

2018-12-12 14:02:25 - [TEST_STEP][PASSED] - click: Object: 'Object Repository/Final Object Repo/Page_Update Add New Employee - ASSIST/Confirm Submit Button' is clicked on

2018-12-12 14:02:25 - [MESSAGE][PASSED] - Object: 'Object Repository/Final Object Repo/Page_Update Add New Employee - ASSIST/Confirm Submit Button' is clicked on

2018-12-12 14:02:25 - [TEST_STEP][PASSED] - delay: Delayed 20 second(s)

2018-12-12 14:02:45 - [MESSAGE][PASSED] - Delayed 20 second(s)

2018-12-12 14:02:45 - [TEST_STEP][PASSED] - callTestCase: Call Test Case 'Test Cases/Final Aug 2018 - PKS Automation/Common/Screenshoting tool' successfully

2018-12-12 14:02:45 - [TEST_CASE][PASSED] - Test Cases/Final Aug 2018 - PKS Automation/Common/Screenshoting tool: Test Cases/Final Aug 2018 - PKS Automation/Common/Screenshoting tool

2018-12-12 14:02:46 - [TEST_STEP][PASSED] - delay: Delayed 15 second(s)

2018-12-12 14:03:01 - [MESSAGE][PASSED] - Delayed 15 second(s)

2018-12-12 14:03:01 - [TEST_STEP][PASSED] - Statement - driver = com.kms.katalon.core.webui.driver.DriverFactory.getWebDriver(): null

2018-12-12 14:03:01 - [TEST_STEP][PASSED] - Statement - driver.manage().timeouts().implicitlyWait(10, SECONDS): null

2018-12-12 14:03:01 - [TEST_STEP][PASSED] - Statement - PresavePath = KatalonScreenshots: null

2018-12-12 14:03:01 - [TEST_STEP][PASSED] - Statement - pathPrefix = "C:\Users\Public\Pictures\Sample Pictures\Katalon Screenshots\Automate Ending Screen": null

2018-12-12 14:03:01 - [TEST_STEP][PASSED] - Statement - finalPath = <not implemented yet for class: org.codehaus.groovy.ast.expr.EmptyExpression>: null

2018-12-12 14:03:01 - [TEST_STEP][PASSED] - Statement - scrFile = driver.getScreenshotAs(FILE): null

2018-12-12 14:03:01 - [TEST_STEP][PASSED] - Statement - PreSaveFile = new java.io.File(PresavePath): null

2018-12-12 14:03:01 - [TEST_STEP][PASSED] - Statement - counter = 0: null

2018-12-12 14:03:01 - [TEST_STEP][PASSED] - Statement - If (PreSaveFile.exists()): null

2018-12-12 14:03:01 - [TEST_STEP][PASSED] - Statement - While (PreSaveFile.exists()): null

2018-12-12 14:03:01 - [TEST_STEP][PASSED] - Statement - counter = counter + 1: null

2018-12-12 14:03:01 - [TEST_STEP][PASSED] - Statement - PreSaveFile = new java.io.File(((pathPrefix + java.lang.Integer.toString(counter)) + .png)): null

2018-12-12 14:03:01 - [TEST_STEP][PASSED] - Statement - counter = counter + 1: null

2018-12-12 14:03:01 - [TEST_STEP][PASSED] - Statement - PreSaveFile = new java.io.File(((pathPrefix + java.lang.Integer.toString(counter)) + .png)): null

2018-12-12 14:03:01 - [TEST_STEP][PASSED] - Statement - counter = counter + 1: null

2018-12-12 14:03:01 - [TEST_STEP][PASSED] - Statement - PreSaveFile = new java.io.File(((pathPrefix + java.lang.Integer.toString(counter)) + .png)): null

2018-12-12 14:03:01 - [TEST_STEP][PASSED] - Statement - counter = counter + 1: null

2018-12-12 14:03:01 - [TEST_STEP][PASSED] - Statement - PreSaveFile = new java.io.File(((pathPrefix + java.lang.Integer.toString(counter)) + .png)): null

2018-12-12 14:03:01 - [TEST_STEP][PASSED] - Statement - counter = counter + 1: null

2018-12-12 14:03:01 - [TEST_STEP][PASSED] - Statement - PreSaveFile = new java.io.File(((pathPrefix + java.lang.Integer.toString(counter)) + .png)): null

2018-12-12 14:03:01 - [TEST_STEP][PASSED] - Statement - counter = counter + 1: null

2018-12-12 14:03:01 - [TEST_STEP][PASSED] - Statement - PreSaveFile = new java.io.File(((pathPrefix + java.lang.Integer.toString(counter)) + .png)): null

2018-12-12 14:03:01 - [TEST_STEP][PASSED] - Statement - counter = counter + 1: null

2018-12-12 14:03:01 - [TEST_STEP][PASSED] - Statement - PreSaveFile = new java.io.File(((pathPrefix + java.lang.Integer.toString(counter)) + .png)): null

2018-12-12 14:03:01 - [TEST_STEP][PASSED] - Statement - counter = counter + 1: null

2018-12-12 14:03:01 - [TEST_STEP][PASSED] - Statement - PreSaveFile = new java.io.File(((pathPrefix + java.lang.Integer.toString(counter)) + .png)): null

2018-12-12 14:03:01 - [TEST_STEP][PASSED] - Statement - counter = counter + 1: null

2018-12-12 14:03:01 - [TEST_STEP][PASSED] - Statement - PreSaveFile = new java.io.File(((pathPrefix + java.lang.Integer.toString(counter)) + .png)): null

2018-12-12 14:03:01 - [TEST_STEP][PASSED] - Statement - counter = counter + 1: null

2018-12-12 14:03:01 - [TEST_STEP][PASSED] - Statement - PreSaveFile = new java.io.File(((pathPrefix + java.lang.Integer.toString(counter)) + .png)): null

2018-12-12 14:03:01 - [TEST_STEP][PASSED] - Statement - counter = counter + 1: null

2018-12-12 14:03:01 - [TEST_STEP][PASSED] - Statement - PreSaveFile = new java.io.File(((pathPrefix + java.lang.Integer.toString(counter)) + .png)): null

2018-12-12 14:03:01 - [TEST_STEP][PASSED] - Statement - counter = counter + 1: null

2018-12-12 14:03:01 - [TEST_STEP][PASSED] - Statement - PreSaveFile = new java.io.File(((pathPrefix + java.lang.Integer.toString(counter)) + .png)): null

2018-12-12 14:03:01 - [TEST_STEP][PASSED] - Statement - counter = counter + 1: null

2018-12-12 14:03:01 - [TEST_STEP][PASSED] - Statement - PreSaveFile = new java.io.File(((pathPrefix + java.lang.Integer.toString(counter)) + .png)): null

2018-12-12 14:03:01 - [TEST_STEP][PASSED] - Statement - counter = counter + 1: null

2018-12-12 14:03:01 - [TEST_STEP][PASSED] - Statement - PreSaveFile = new java.io.File(((pathPrefix + java.lang.Integer.toString(counter)) + .png)): null

2018-12-12 14:03:01 - [TEST_STEP][PASSED] - Statement - counter = counter + 1: null

2018-12-12 14:03:01 - [TEST_STEP][PASSED] - Statement - PreSaveFile = new java.io.File(((pathPrefix + java.lang.Integer.toString(counter)) + .png)): null

2018-12-12 14:03:01 - [TEST_STEP][PASSED] - Statement - counter = counter + 1: null

2018-12-12 14:03:01 - [TEST_STEP][PASSED] - Statement - PreSaveFile = new java.io.File(((pathPrefix + java.lang.Integer.toString(counter)) + .png)): null

2018-12-12 14:03:01 - [TEST_STEP][PASSED] - Statement - counter = counter + 1: null

2018-12-12 14:03:01 - [TEST_STEP][PASSED] - Statement - PreSaveFile = new java.io.File(((pathPrefix + java.lang.Integer.toString(counter)) + .png)): null

2018-12-12 14:03:01 - [TEST_STEP][PASSED] - Statement - counter = counter + 1: null

2018-12-12 14:03:01 - [TEST_STEP][PASSED] - Statement - PreSaveFile = new java.io.File(((pathPrefix + java.lang.Integer.toString(counter)) + .png)): null

2018-12-12 14:03:01 - [TEST_STEP][PASSED] - Statement - counter = counter + 1: null

2018-12-12 14:03:01 - [TEST_STEP][PASSED] - Statement - PreSaveFile = new java.io.File(((pathPrefix + java.lang.Integer.toString(counter)) + .png)): null

2018-12-12 14:03:01 - [TEST_STEP][PASSED] - Statement - counter = counter + 1: null

2018-12-12 14:03:01 - [TEST_STEP][PASSED] - Statement - PreSaveFile = new java.io.File(((pathPrefix + java.lang.Integer.toString(counter)) + .png)): null

2018-12-12 14:03:01 - [TEST_STEP][PASSED] - Statement - counter = counter + 1: null

2018-12-12 14:03:01 - [TEST_STEP][PASSED] - Statement - PreSaveFile = new java.io.File(((pathPrefix + java.lang.Integer.toString(counter)) + .png)): null

2018-12-12 14:03:01 - [TEST_STEP][PASSED] - Statement - counter = counter + 1: null

2018-12-12 14:03:01 - [TEST_STEP][PASSED] - Statement - PreSaveFile = new java.io.File(((pathPrefix + java.lang.Integer.toString(counter)) + .png)): null

2018-12-12 14:03:01 - [TEST_STEP][PASSED] - Statement - counter = counter + 1: null

2018-12-12 14:03:01 - [TEST_STEP][PASSED] - Statement - PreSaveFile = new java.io.File(((pathPrefix + java.lang.Integer.toString(counter)) + .png)): null

2018-12-12 14:03:01 - [TEST_STEP][PASSED] - Statement - counter = counter + 1: null

2018-12-12 14:03:01 - [TEST_STEP][PASSED] - Statement - PreSaveFile = new java.io.File(((pathPrefix + java.lang.Integer.toString(counter)) + .png)): null

2018-12-12 14:03:01 - [TEST_STEP][PASSED] - Statement - counter = counter + 1: null

2018-12-12 14:03:01 - [TEST_STEP][PASSED] - Statement - PreSaveFile = new java.io.File(((pathPrefix + java.lang.Integer.toString(counter)) + .png)): null

2018-12-12 14:03:01 - [TEST_STEP][PASSED] - Statement - counter = counter + 1: null

2018-12-12 14:03:01 - [TEST_STEP][PASSED] - Statement - PreSaveFile = new java.io.File(((pathPrefix + java.lang.Integer.toString(counter)) + .png)): null

2018-12-12 14:03:01 - [TEST_STEP][PASSED] - Statement - counter = counter + 1: null

2018-12-12 14:03:01 - [TEST_STEP][PASSED] - Statement - PreSaveFile = new java.io.File(((pathPrefix + java.lang.Integer.toString(counter)) + .png)): null

2018-12-12 14:03:01 - [TEST_STEP][PASSED] - Statement - counter = counter + 1: null

2018-12-12 14:03:01 - [TEST_STEP][PASSED] - Statement - PreSaveFile = new java.io.File(((pathPrefix + java.lang.Integer.toString(counter)) + .png)): null

2018-12-12 14:03:01 - [TEST_STEP][PASSED] - Statement - counter = counter + 1: null

2018-12-12 14:03:01 - [TEST_STEP][PASSED] - Statement - PreSaveFile = new java.io.File(((pathPrefix + java.lang.Integer.toString(counter)) + .png)): null

2018-12-12 14:03:01 - [TEST_STEP][PASSED] - Statement - counter = counter + 1: null

2018-12-12 14:03:01 - [TEST_STEP][PASSED] - Statement - PreSaveFile = new java.io.File(((pathPrefix + java.lang.Integer.toString(counter)) + .png)): null

2018-12-12 14:03:01 - [TEST_STEP][PASSED] - Statement - counter = counter + 1: null

2018-12-12 14:03:01 - [TEST_STEP][PASSED] - Statement - PreSaveFile = new java.io.File(((pathPrefix + java.lang.Integer.toString(counter)) + .png)): null

2018-12-12 14:03:01 - [TEST_STEP][PASSED] - Statement - counter = counter + 1: null

2018-12-12 14:03:01 - [TEST_STEP][PASSED] - Statement - PreSaveFile = new java.io.File(((pathPrefix + java.lang.Integer.toString(counter)) + .png)): null

2018-12-12 14:03:01 - [TEST_STEP][PASSED] - Statement - counter = counter + 1: null

2018-12-12 14:03:01 - [TEST_STEP][PASSED] - Statement - PreSaveFile = new java.io.File(((pathPrefix + java.lang.Integer.toString(counter)) + .png)): null

2018-12-12 14:03:01 - [TEST_STEP][PASSED] - Statement - counter = counter + 1: null

2018-12-12 14:03:01 - [TEST_STEP][PASSED] - Statement - PreSaveFile = new java.io.File(((pathPrefix + java.lang.Integer.toString(counter)) + .png)): null

2018-12-12 14:03:01 - [TEST_STEP][PASSED] - Statement - counter = counter + 1: null

2018-12-12 14:03:01 - [TEST_STEP][PASSED] - Statement - PreSaveFile = new java.io.File(((pathPrefix + java.lang.Integer.toString(counter)) + .png)): null

2018-12-12 14:03:01 - [TEST_STEP][PASSED] - Statement - counter = counter + 1: null

2018-12-12 14:03:01 - [TEST_STEP][PASSED] - Statement - PreSaveFile = new java.io.File(((pathPrefix + java.lang.Integer.toString(counter)) + .png)): null

2018-12-12 14:03:01 - [TEST_STEP][PASSED] - Statement - counter = counter + 1: null

2018-12-12 14:03:01 - [TEST_STEP][PASSED] - Statement - PreSaveFile = new java.io.File(((pathPrefix + java.lang.Integer.toString(counter)) + .png)): null

2018-12-12 14:03:01 - [TEST_STEP][PASSED] - Statement - counter = counter + 1: null

2018-12-12 14:03:01 - [TEST_STEP][PASSED] - Statement - PreSaveFile = new java.io.File(((pathPrefix + java.lang.Integer.toString(counter)) + .png)): null

2018-12-12 14:03:01 - [TEST_STEP][PASSED] - Statement - counter = counter + 1: null

2018-12-12 14:03:01 - [TEST_STEP][PASSED] - Statement - PreSaveFile = new java.io.File(((pathPrefix + java.lang.Integer.toString(counter)) + .png)): null

2018-12-12 14:03:01 - [TEST_STEP][PASSED] - Statement - counter = counter + 1: null

2018-12-12 14:03:01 - [TEST_STEP][PASSED] - Statement - PreSaveFile = new java.io.File(((pathPrefix + java.lang.Integer.toString(counter)) + .png)): null

2018-12-12 14:03:01 - [TEST_STEP][PASSED] - Statement - counter = counter + 1: null

2018-12-12 14:03:01 - [TEST_STEP][PASSED] - Statement - PreSaveFile = new java.io.File(((pathPrefix + java.lang.Integer.toString(counter)) + .png)): null

2018-12-12 14:03:01 - [TEST_STEP][PASSED] - Statement - counter = counter + 1: null

2018-12-12 14:03:01 - [TEST_STEP][PASSED] - Statement - PreSaveFile = new java.io.File(((pathPrefix + java.lang.Integer.toString(counter)) + .png)): null

2018-12-12 14:03:01 - [TEST_STEP][PASSED] - Statement - counter = counter + 1: null

2018-12-12 14:03:01 - [TEST_STEP][PASSED] - Statement - PreSaveFile = new java.io.File(((pathPrefix + java.lang.Integer.toString(counter)) + .png)): null

2018-12-12 14:03:01 - [TEST_STEP][PASSED] - Statement - counter = counter + 1: null

2018-12-12 14:03:01 - [TEST_STEP][PASSED] - Statement - PreSaveFile = new java.io.File(((pathPrefix + java.lang.Integer.toString(counter)) + .png)): null

2018-12-12 14:03:01 - [TEST_STEP][PASSED] - Statement - counter = counter + 1: null

2018-12-12 14:03:01 - [TEST_STEP][PASSED] - Statement - PreSaveFile = new java.io.File(((pathPrefix + java.lang.Integer.toString(counter)) + .png)): null

2018-12-12 14:03:01 - [TEST_STEP][PASSED] - Statement - counter = counter + 1: null

2018-12-12 14:03:01 - [TEST_STEP][PASSED] - Statement - PreSaveFile = new java.io.File(((pathPrefix + java.lang.Integer.toString(counter)) + .png)): null

2018-12-12 14:03:01 - [TEST_STEP][PASSED] - Statement - counter = counter + 1: null

2018-12-12 14:03:01 - [TEST_STEP][PASSED] - Statement - PreSaveFile = new java.io.File(((pathPrefix + java.lang.Integer.toString(counter)) + .png)): null

2018-12-12 14:03:01 - [TEST_STEP][PASSED] - Statement - counter = counter + 1: null

2018-12-12 14:03:01 - [TEST_STEP][PASSED] - Statement - PreSaveFile = new java.io.File(((pathPrefix + java.lang.Integer.toString(counter)) + .png)): null

2018-12-12 14:03:01 - [TEST_STEP][PASSED] - Statement - counter = counter + 1: null

2018-12-12 14:03:01 - [TEST_STEP][PASSED] - Statement - PreSaveFile = new java.io.File(((pathPrefix + java.lang.Integer.toString(counter)) + .png)): null

2018-12-12 14:03:01 - [TEST_STEP][PASSED] - Statement - counter = counter + 1: null

2018-12-12 14:03:01 - [TEST_STEP][PASSED] - Statement - PreSaveFile = new java.io.File(((pathPrefix + java.lang.Integer.toString(counter)) + .png)): null

2018-12-12 14:03:01 - [TEST_STEP][PASSED] - Statement - counter = counter + 1: null

2018-12-12 14:03:01 - [TEST_STEP][PASSED] - Statement - PreSaveFile = new java.io.File(((pathPrefix + java.lang.Integer.toString(counter)) + .png)): null

2018-12-12 14:03:01 - [TEST_STEP][PASSED] - Statement - counter = counter + 1: null

2018-12-12 14:03:01 - [TEST_STEP][PASSED] - Statement - PreSaveFile = new java.io.File(((pathPrefix + java.lang.Integer.toString(counter)) + .png)): null

2018-12-12 14:03:01 - [TEST_STEP][PASSED] - Statement - counter = counter + 1: null

2018-12-12 14:03:01 - [TEST_STEP][PASSED] - Statement - PreSaveFile = new java.io.File(((pathPrefix + java.lang.Integer.toString(counter)) + .png)): null

2018-12-12 14:03:01 - [TEST_STEP][PASSED] - Statement - counter = counter + 1: null

2018-12-12 14:03:01 - [TEST_STEP][PASSED] - Statement - PreSaveFile = new java.io.File(((pathPrefix + java.lang.Integer.toString(counter)) + .png)): null

2018-12-12 14:03:01 - [TEST_STEP][PASSED] - Statement - counter = counter + 1: null

2018-12-12 14:03:01 - [TEST_STEP][PASSED] - Statement - PreSaveFile = new java.io.File(((pathPrefix + java.lang.Integer.toString(counter)) + .png)): null

2018-12-12 14:03:01 - [TEST_STEP][PASSED] - Statement - counter = counter + 1: null

2018-12-12 14:03:01 - [TEST_STEP][PASSED] - Statement - PreSaveFile = new java.io.File(((pathPrefix + java.lang.Integer.toString(counter)) + .png)): null

2018-12-12 14:03:01 - [TEST_STEP][PASSED] - Statement - counter = counter + 1: null

2018-12-12 14:03:01 - [TEST_STEP][PASSED] - Statement - PreSaveFile = new java.io.File(((pathPrefix + java.lang.Integer.toString(counter)) + .png)): null

2018-12-12 14:03:01 - [TEST_STEP][PASSED] - Statement - counter = counter + 1: null

2018-12-12 14:03:01 - [TEST_STEP][PASSED] - Statement - PreSaveFile = new java.io.File(((pathPrefix + java.lang.Integer.toString(counter)) + .png)): null

2018-12-12 14:03:01 - [TEST_STEP][PASSED] - Statement - counter = counter + 1: null

2018-12-12 14:03:01 - [TEST_STEP][PASSED] - Statement - PreSaveFile = new java.io.File(((pathPrefix + java.lang.Integer.toString(counter)) + .png)): null

2018-12-12 14:03:01 - [TEST_STEP][PASSED] - Statement - counter = counter + 1: null

2018-12-12 14:03:01 - [TEST_STEP][PASSED] - Statement - PreSaveFile = new java.io.File(((pathPrefix + java.lang.Integer.toString(counter)) + .png)): null

2018-12-12 14:03:01 - [TEST_STEP][PASSED] - Statement - counter = counter + 1: null

2018-12-12 14:03:01 - [TEST_STEP][PASSED] - Statement - PreSaveFile = new java.io.File(((pathPrefix + java.lang.Integer.toString(counter)) + .png)): null

2018-12-12 14:03:01 - [TEST_STEP][PASSED] - Statement - counter = counter + 1: null

2018-12-12 14:03:01 - [TEST_STEP][PASSED] - Statement - PreSaveFile = new java.io.File(((pathPrefix + java.lang.Integer.toString(counter)) + .png)): null

2018-12-12 14:03:01 - [TEST_STEP][PASSED] - Statement - counter = counter + 1: null

2018-12-12 14:03:01 - [TEST_STEP][PASSED] - Statement - PreSaveFile = new java.io.File(((pathPrefix + java.lang.Integer.toString(counter)) + .png)): null

2018-12-12 14:03:01 - [TEST_STEP][PASSED] - Statement - counter = counter + 1: null

2018-12-12 14:03:01 - [TEST_STEP][PASSED] - Statement - PreSaveFile = new java.io.File(((pathPrefix + java.lang.Integer.toString(counter)) + .png)): null

2018-12-12 14:03:01 - [TEST_STEP][PASSED] - Statement - counter = counter + 1: null

2018-12-12 14:03:01 - [TEST_STEP][PASSED] - Statement - PreSaveFile = new java.io.File(((pathPrefix + java.lang.Integer.toString(counter)) + .png)): null

2018-12-12 14:03:01 - [TEST_STEP][PASSED] - Statement - counter = counter + 1: null

2018-12-12 14:03:01 - [TEST_STEP][PASSED] - Statement - PreSaveFile = new java.io.File(((pathPrefix + java.lang.Integer.toString(counter)) + .png)): null

2018-12-12 14:03:01 - [TEST_STEP][PASSED] - Statement - counter = counter + 1: null

2018-12-12 14:03:01 - [TEST_STEP][PASSED] - Statement - PreSaveFile = new java.io.File(((pathPrefix + java.lang.Integer.toString(counter)) + .png)): null

2018-12-12 14:03:01 - [TEST_STEP][PASSED] - Statement - counter = counter + 1: null

2018-12-12 14:03:01 - [TEST_STEP][PASSED] - Statement - PreSaveFile = new java.io.File(((pathPrefix + java.lang.Integer.toString(counter)) + .png)): null

2018-12-12 14:03:01 - [TEST_STEP][PASSED] - Statement - counter = counter + 1: null

2018-12-12 14:03:01 - [TEST_STEP][PASSED] - Statement - PreSaveFile = new java.io.File(((pathPrefix + java.lang.Integer.toString(counter)) + .png)): null

2018-12-12 14:03:01 - [TEST_STEP][PASSED] - Statement - counter = counter + 1: null

2018-12-12 14:03:01 - [TEST_STEP][PASSED] - Statement - PreSaveFile = new java.io.File(((pathPrefix + java.lang.Integer.toString(counter)) + .png)): null

2018-12-12 14:03:01 - [TEST_STEP][PASSED] - Statement - counter = counter + 1: null

2018-12-12 14:03:01 - [TEST_STEP][PASSED] - Statement - PreSaveFile = new java.io.File(((pathPrefix + java.lang.Integer.toString(counter)) + .png)): null

2018-12-12 14:03:01 - [TEST_STEP][PASSED] - Statement - counter = counter + 1: null

2018-12-12 14:03:01 - [TEST_STEP][PASSED] - Statement - PreSaveFile = new java.io.File(((pathPrefix + java.lang.Integer.toString(counter)) + .png)): null

2018-12-12 14:03:01 - [TEST_STEP][PASSED] - Statement - counter = counter + 1: null

2018-12-12 14:03:01 - [TEST_STEP][PASSED] - Statement - PreSaveFile = new java.io.File(((pathPrefix + java.lang.Integer.toString(counter)) + .png)): null

2018-12-12 14:03:01 - [TEST_STEP][PASSED] - Statement - counter = counter + 1: null

2018-12-12 14:03:01 - [TEST_STEP][PASSED] - Statement - PreSaveFile = new java.io.File(((pathPrefix + java.lang.Integer.toString(counter)) + .png)): null

2018-12-12 14:03:01 - [TEST_STEP][PASSED] - Statement - counter = counter + 1: null

2018-12-12 14:03:01 - [TEST_STEP][PASSED] - Statement - PreSaveFile = new java.io.File(((pathPrefix + java.lang.Integer.toString(counter)) + .png)): null

2018-12-12 14:03:01 - [TEST_STEP][PASSED] - Statement - counter = counter + 1: null

2018-12-12 14:03:01 - [TEST_STEP][PASSED] - Statement - PreSaveFile = new java.io.File(((pathPrefix + java.lang.Integer.toString(counter)) + .png)): null

2018-12-12 14:03:01 - [TEST_STEP][PASSED] - Statement - counter = counter + 1: null

2018-12-12 14:03:01 - [TEST_STEP][PASSED] - Statement - PreSaveFile = new java.io.File(((pathPrefix + java.lang.Integer.toString(counter)) + .png)): null

2018-12-12 14:03:01 - [TEST_STEP][PASSED] - Statement - counter = counter + 1: null

2018-12-12 14:03:01 - [TEST_STEP][PASSED] - Statement - PreSaveFile = new java.io.File(((pathPrefix + java.lang.Integer.toString(counter)) + .png)): null

2018-12-12 14:03:01 - [TEST_STEP][PASSED] - Statement - counter = counter + 1: null

2018-12-12 14:03:01 - [TEST_STEP][PASSED] - Statement - PreSaveFile = new java.io.File(((pathPrefix + java.lang.Integer.toString(counter)) + .png)): null

2018-12-12 14:03:01 - [TEST_STEP][PASSED] - Statement - counter = counter + 1: null

2018-12-12 14:03:01 - [TEST_STEP][PASSED] - Statement - PreSaveFile = new java.io.File(((pathPrefix + java.lang.Integer.toString(counter)) + .png)): null

2018-12-12 14:03:01 - [TEST_STEP][PASSED] - Statement - counter = counter + 1: null

2018-12-12 14:03:01 - [TEST_STEP][PASSED] - Statement - PreSaveFile = new java.io.File(((pathPrefix + java.lang.Integer.toString(counter)) + .png)): null

2018-12-12 14:03:01 - [TEST_STEP][PASSED] - Statement - counter = counter + 1: null

2018-12-12 14:03:01 - [TEST_STEP][PASSED] - Statement - PreSaveFile = new java.io.File(((pathPrefix + java.lang.Integer.toString(counter)) + .png)): null

2018-12-12 14:03:01 - [TEST_STEP][PASSED] - Statement - counter = counter + 1: null

2018-12-12 14:03:01 - [TEST_STEP][PASSED] - Statement - PreSaveFile = new java.io.File(((pathPrefix + java.lang.Integer.toString(counter)) + .png)): null

2018-12-12 14:03:01 - [TEST_STEP][PASSED] - Statement - counter = counter + 1: null

2018-12-12 14:03:01 - [TEST_STEP][PASSED] - Statement - PreSaveFile = new java.io.File(((pathPrefix + java.lang.Integer.toString(counter)) + .png)): null

2018-12-12 14:03:01 - [TEST_STEP][PASSED] - Statement - counter = counter + 1: null

2018-12-12 14:03:01 - [TEST_STEP][PASSED] - Statement - PreSaveFile = new java.io.File(((pathPrefix + java.lang.Integer.toString(counter)) + .png)): null

2018-12-12 14:03:01 - [TEST_STEP][PASSED] - Statement - counter = counter + 1: null

2018-12-12 14:03:01 - [TEST_STEP][PASSED] - Statement - PreSaveFile = new java.io.File(((pathPrefix + java.lang.Integer.toString(counter)) + .png)): null

2018-12-12 14:03:01 - [TEST_STEP][PASSED] - Statement - counter = counter + 1: null

2018-12-12 14:03:01 - [TEST_STEP][PASSED] - Statement - PreSaveFile = new java.io.File(((pathPrefix + java.lang.Integer.toString(counter)) + .png)): null

2018-12-12 14:03:01 - [TEST_STEP][PASSED] - Statement - counter = counter + 1: null

2018-12-12 14:03:01 - [TEST_STEP][PASSED] - Statement - PreSaveFile = new java.io.File(((pathPrefix + java.lang.Integer.toString(counter)) + .png)): null

2018-12-12 14:03:01 - [TEST_STEP][PASSED] - Statement - counter = counter + 1: null

2018-12-12 14:03:01 - [TEST_STEP][PASSED] - Statement - PreSaveFile = new java.io.File(((pathPrefix + java.lang.Integer.toString(counter)) + .png)): null

2018-12-12 14:03:01 - [TEST_STEP][PASSED] - Statement - counter = counter + 1: null

2018-12-12 14:03:01 - [TEST_STEP][PASSED] - Statement - PreSaveFile = new java.io.File(((pathPrefix + java.lang.Integer.toString(counter)) + .png)): null

2018-12-12 14:03:01 - [TEST_STEP][PASSED] - Statement - counter = counter + 1: null

2018-12-12 14:03:01 - [TEST_STEP][PASSED] - Statement - PreSaveFile = new java.io.File(((pathPrefix + java.lang.Integer.toString(counter)) + .png)): null

2018-12-12 14:03:01 - [TEST_STEP][PASSED] - Statement - counter = counter + 1: null

2018-12-12 14:03:01 - [TEST_STEP][PASSED] - Statement - PreSaveFile = new java.io.File(((pathPrefix + java.lang.Integer.toString(counter)) + .png)): null

2018-12-12 14:03:01 - [TEST_STEP][PASSED] - Statement - counter = counter + 1: null

2018-12-12 14:03:01 - [TEST_STEP][PASSED] - Statement - PreSaveFile = new java.io.File(((pathPrefix + java.lang.Integer.toString(counter)) + .png)): null

2018-12-12 14:03:01 - [TEST_STEP][PASSED] - Statement - counter = counter + 1: null

2018-12-12 14:03:01 - [TEST_STEP][PASSED] - Statement - PreSaveFile = new java.io.File(((pathPrefix + java.lang.Integer.toString(counter)) + .png)): null

2018-12-12 14:03:01 - [TEST_STEP][PASSED] - Statement - counter = counter + 1: null

2018-12-12 14:03:01 - [TEST_STEP][PASSED] - Statement - PreSaveFile = new java.io.File(((pathPrefix + java.lang.Integer.toString(counter)) + .png)): null

2018-12-12 14:03:01 - [TEST_STEP][PASSED] - Statement - counter = counter + 1: null

2018-12-12 14:03:01 - [TEST_STEP][PASSED] - Statement - PreSaveFile = new java.io.File(((pathPrefix + java.lang.Integer.toString(counter)) + .png)): null

2018-12-12 14:03:01 - [TEST_STEP][PASSED] - Statement - counter = counter + 1: null

2018-12-12 14:03:01 - [TEST_STEP][PASSED] - Statement - PreSaveFile = new java.io.File(((pathPrefix + java.lang.Integer.toString(counter)) + .png)): null

2018-12-12 14:03:01 - [TEST_STEP][PASSED] - Statement - counter = counter + 1: null

2018-12-12 14:03:01 - [TEST_STEP][PASSED] - Statement - PreSaveFile = new java.io.File(((pathPrefix + java.lang.Integer.toString(counter)) + .png)): null

2018-12-12 14:03:01 - [TEST_STEP][PASSED] - Statement - counter = counter + 1: null

2018-12-12 14:03:01 - [TEST_STEP][PASSED] - Statement - PreSaveFile = new java.io.File(((pathPrefix + java.lang.Integer.toString(counter)) + .png)): null

2018-12-12 14:03:01 - [TEST_STEP][PASSED] - Statement - counter = counter + 1: null

2018-12-12 14:03:01 - [TEST_STEP][PASSED] - Statement - PreSaveFile = new java.io.File(((pathPrefix + java.lang.Integer.toString(counter)) + .png)): null

2018-12-12 14:03:01 - [TEST_STEP][PASSED] - Statement - counter = counter + 1: null

2018-12-12 14:03:01 - [TEST_STEP][PASSED] - Statement - PreSaveFile = new java.io.File(((pathPrefix + java.lang.Integer.toString(counter)) + .png)): null

2018-12-12 14:03:01 - [TEST_STEP][PASSED] - Statement - counter = counter + 1: null

2018-12-12 14:03:01 - [TEST_STEP][PASSED] - Statement - PreSaveFile = new java.io.File(((pathPrefix + java.lang.Integer.toString(counter)) + .png)): null

2018-12-12 14:03:01 - [TEST_STEP][PASSED] - Statement - counter = counter + 1: null

2018-12-12 14:03:01 - [TEST_STEP][PASSED] - Statement - PreSaveFile = new java.io.File(((pathPrefix + java.lang.Integer.toString(counter)) + .png)): null

2018-12-12 14:03:01 - [TEST_STEP][PASSED] - Statement - counter = counter + 1: null

2018-12-12 14:03:01 - [TEST_STEP][PASSED] - Statement - PreSaveFile = new java.io.File(((pathPrefix + java.lang.Integer.toString(counter)) + .png)): null

2018-12-12 14:03:01 - [TEST_STEP][PASSED] - Statement - counter = counter + 1: null

2018-12-12 14:03:01 - [TEST_STEP][PASSED] - Statement - PreSaveFile = new java.io.File(((pathPrefix + java.lang.Integer.toString(counter)) + .png)): null

2018-12-12 14:03:01 - [TEST_STEP][PASSED] - Statement - counter = counter + 1: null

2018-12-12 14:03:01 - [TEST_STEP][PASSED] - Statement - PreSaveFile = new java.io.File(((pathPrefix + java.lang.Integer.toString(counter)) + .png)): null

2018-12-12 14:03:01 - [TEST_STEP][PASSED] - Statement - counter = counter + 1: null

2018-12-12 14:03:01 - [TEST_STEP][PASSED] - Statement - PreSaveFile = new java.io.File(((pathPrefix + java.lang.Integer.toString(counter)) + .png)): null

2018-12-12 14:03:01 - [TEST_STEP][PASSED] - Statement - counter = counter + 1: null

2018-12-12 14:03:01 - [TEST_STEP][PASSED] - Statement - PreSaveFile = new java.io.File(((pathPrefix + java.lang.Integer.toString(counter)) + .png)): null

2018-12-12 14:03:01 - [TEST_STEP][PASSED] - Statement - counter = counter + 1: null

2018-12-12 14:03:01 - [TEST_STEP][PASSED] - Statement - PreSaveFile = new java.io.File(((pathPrefix + java.lang.Integer.toString(counter)) + .png)): null

2018-12-12 14:03:01 - [TEST_STEP][PASSED] - Statement - counter = counter + 1: null

2018-12-12 14:03:01 - [TEST_STEP][PASSED] - Statement - PreSaveFile = new java.io.File(((pathPrefix + java.lang.Integer.toString(counter)) + .png)): null

2018-12-12 14:03:01 - [TEST_STEP][PASSED] - Statement - counter = counter + 1: null

2018-12-12 14:03:01 - [TEST_STEP][PASSED] - Statement - PreSaveFile = new java.io.File(((pathPrefix + java.lang.Integer.toString(counter)) + .png)): null

2018-12-12 14:03:01 - [TEST_STEP][PASSED] - Statement - counter = counter + 1: null

2018-12-12 14:03:01 - [TEST_STEP][PASSED] - Statement - PreSaveFile = new java.io.File(((pathPrefix + java.lang.Integer.toString(counter)) + .png)): null

2018-12-12 14:03:01 - [TEST_STEP][PASSED] - Statement - counter = counter + 1: null

2018-12-12 14:03:01 - [TEST_STEP][PASSED] - Statement - PreSaveFile = new java.io.File(((pathPrefix + java.lang.Integer.toString(counter)) + .png)): null

2018-12-12 14:03:01 - [TEST_STEP][PASSED] - Statement - counter = counter + 1: null

2018-12-12 14:03:01 - [TEST_STEP][PASSED] - Statement - PreSaveFile = new java.io.File(((pathPrefix + java.lang.Integer.toString(counter)) + .png)): null

2018-12-12 14:03:01 - [TEST_STEP][PASSED] - Statement - counter = counter + 1: null

2018-12-12 14:03:01 - [TEST_STEP][PASSED] - Statement - PreSaveFile = new java.io.File(((pathPrefix + java.lang.Integer.toString(counter)) + .png)): null

2018-12-12 14:03:01 - [TEST_STEP][PASSED] - Statement - counter = counter + 1: null

2018-12-12 14:03:01 - [TEST_STEP][PASSED] - Statement - PreSaveFile = new java.io.File(((pathPrefix + java.lang.Integer.toString(counter)) + .png)): null

2018-12-12 14:03:01 - [TEST_STEP][PASSED] - Statement - counter = counter + 1: null

2018-12-12 14:03:01 - [TEST_STEP][PASSED] - Statement - PreSaveFile = new java.io.File(((pathPrefix + java.lang.Integer.toString(counter)) + .png)): null

2018-12-12 14:03:01 - [TEST_STEP][PASSED] - Statement - counter = counter + 1: null

2018-12-12 14:03:01 - [TEST_STEP][PASSED] - Statement - PreSaveFile = new java.io.File(((pathPrefix + java.lang.Integer.toString(counter)) + .png)): null

2018-12-12 14:03:01 - [TEST_STEP][PASSED] - Statement - counter = counter + 1: null

2018-12-12 14:03:01 - [TEST_STEP][PASSED] - Statement - PreSaveFile = new java.io.File(((pathPrefix + java.lang.Integer.toString(counter)) + .png)): null

2018-12-12 14:03:01 - [TEST_STEP][PASSED] - Statement - counter = counter + 1: null

2018-12-12 14:03:01 - [TEST_STEP][PASSED] - Statement - PreSaveFile = new java.io.File(((pathPrefix + java.lang.Integer.toString(counter)) + .png)): null

2018-12-12 14:03:01 - [TEST_STEP][PASSED] - Statement - counter = counter + 1: null

2018-12-12 14:03:01 - [TEST_STEP][PASSED] - Statement - PreSaveFile = new java.io.File(((pathPrefix + java.lang.Integer.toString(counter)) + .png)): null

2018-12-12 14:03:01 - [TEST_STEP][PASSED] - Statement - counter = counter + 1: null

2018-12-12 14:03:01 - [TEST_STEP][PASSED] - Statement - PreSaveFile = new java.io.File(((pathPrefix + java.lang.Integer.toString(counter)) + .png)): null

2018-12-12 14:03:01 - [TEST_STEP][PASSED] - Statement - counter = counter + 1: null

2018-12-12 14:03:01 - [TEST_STEP][PASSED] - Statement - PreSaveFile = new java.io.File(((pathPrefix + java.lang.Integer.toString(counter)) + .png)): null

2018-12-12 14:03:01 - [TEST_STEP][PASSED] - Statement - counter = counter + 1: null

2018-12-12 14:03:01 - [TEST_STEP][PASSED] - Statement - PreSaveFile = new java.io.File(((pathPrefix + java.lang.Integer.toString(counter)) + .png)): null

2018-12-12 14:03:01 - [TEST_STEP][PASSED] - Statement - counter = counter + 1: null

2018-12-12 14:03:01 - [TEST_STEP][PASSED] - Statement - PreSaveFile = new java.io.File(((pathPrefix + java.lang.Integer.toString(counter)) + .png)): null

2018-12-12 14:03:01 - [TEST_STEP][PASSED] - Statement - counter = counter + 1: null

2018-12-12 14:03:01 - [TEST_STEP][PASSED] - Statement - PreSaveFile = new java.io.File(((pathPrefix + java.lang.Integer.toString(counter)) + .png)): null

2018-12-12 14:03:01 - [TEST_STEP][PASSED] - Statement - counter = counter + 1: null

2018-12-12 14:03:01 - [TEST_STEP][PASSED] - Statement - PreSaveFile = new java.io.File(((pathPrefix + java.lang.Integer.toString(counter)) + .png)): null

2018-12-12 14:03:01 - [TEST_STEP][PASSED] - Statement - counter = counter + 1: null

2018-12-12 14:03:01 - [TEST_STEP][PASSED] - Statement - PreSaveFile = new java.io.File(((pathPrefix + java.lang.Integer.toString(counter)) + .png)): null

2018-12-12 14:03:01 - [TEST_STEP][PASSED] - Statement - counter = counter + 1: null

2018-12-12 14:03:01 - [TEST_STEP][PASSED] - Statement - PreSaveFile = new java.io.File(((pathPrefix + java.lang.Integer.toString(counter)) + .png)): null

2018-12-12 14:03:01 - [TEST_STEP][PASSED] - Statement - counter = counter + 1: null

2018-12-12 14:03:01 - [TEST_STEP][PASSED] - Statement - PreSaveFile = new java.io.File(((pathPrefix + java.lang.Integer.toString(counter)) + .png)): null

2018-12-12 14:03:01 - [TEST_STEP][PASSED] - Statement - finalPath = pathPrefix + java.lang.Integer.toString(counter) + ".png": null

2018-12-12 14:03:01 - [TEST_STEP][PASSED] - Statement - SaveFile = new java.io.File(finalPath): null

2018-12-12 14:03:01 - [TEST_STEP][PASSED] - Statement - Try: null

2018-12-12 14:03:01 - [TEST_STEP][PASSED] - Statement - org.apache.commons.io.FileUtils.copyFile(scrFile, SaveFile): null

2018-12-12 14:03:01 - [TEST_STEP][PASSED] - Statement - out.println("file kept"): null

2018-12-12 14:03:01 - [TEST_STEP][PASSED] - delay: Delayed 10 second(s)

2018-12-12 14:03:11 - [MESSAGE][PASSED] - Delayed 10 second(s)

2018-12-12 14:03:11 - [MESSAGE][PASSED] - Call Test Case 'Test Cases/Final Aug 2018 - PKS Automation/Common/Screenshoting tool' successfully

2018-12-12 14:03:11 - [TEST_STEP][PASSED] - callTestCase: Call Test Case 'Test Cases/Final Aug 2018 - PKS Automation/Registration Module/Log Out/log out avoiding katalon tagging' successfully

2018-12-12 14:03:11 - [TEST_CASE][PASSED] - Test Cases/Final Aug 2018 - PKS Automation/Registration Module/Log Out/log out avoiding katalon tagging: Test Cases/Final Aug 2018 - PKS Automation/Registration Module/Log Out/log out avoiding katalon tagging

2018-12-12 14:03:11 - [TEST_STEP][PASSED] - navigateToUrl: Navigate to 'https://assist2-uat.perkeso.gov.my/c/portal/logout' successfully

2018-12-12 14:03:13 - [MESSAGE][PASSED] - Navigate to 'https://assist2-uat.perkeso.gov.my/c/portal/logout' successfully

2018-12-12 14:03:13 - [MESSAGE][PASSED] - Call Test Case 'Test Cases/Final Aug 2018 - PKS Automation/Registration Module/Log Out/log out avoiding katalon tagging' successfully

2018-12-12 14:03:13 - [TEST_STEP][PASSED] - callTestCase: Call Test Case 'Test Cases/Final Aug 2018 - PKS Automation/Common/Workflow Owner Finder' successfully

2018-12-12 14:03:13 - [TEST_CASE][PASSED] - Test Cases/Final Aug 2018 - PKS Automation/Common/Workflow Owner Finder: Test Cases/Final Aug 2018 - PKS Automation/Common/Workflow Owner Finder

2018-12-12 14:03:14 - [TEST_STEP][PASSED] - openBrowser: Browser is opened with url: ''

2018-12-12 14:03:14 - [MESSAGE][WARNING] - A browser is already opened. Closing browser and opening a new one

2018-12-12 14:03:23 - [MESSAGE][PASSED] - Browser is opened with url: ''

2018-12-12 14:03:23 - [TEST_STEP][PASSED] - navigateToUrl: Navigate to 'https://assist2-uat.perkeso.gov.my/login' successfully

2018-12-12 14:03:24 - [MESSAGE][PASSED] - Navigate to 'https://assist2-uat.perkeso.gov.my/login' successfully

2018-12-12 14:03:24 - [TEST_STEP][PASSED] - delay: Delayed 5 second(s)

2018-12-12 14:03:29 - [MESSAGE][PASSED] - Delayed 5 second(s)

2018-12-12 14:03:29 - [TEST_STEP][PASSED] - setText: Text 'test@liferay.com' is set on object 'Object Repository/Final Object Repo/Login Page/Internal User/Email Address'

2018-12-12 14:03:29 - [MESSAGE][PASSED] - Text 'test@liferay.com' is set on object 'Object Repository/Final Object Repo/Login Page/Internal User/Email Address'

2018-12-12 14:03:29 - [TEST_STEP][PASSED] - click: Object: 'Object Repository/Final Object Repo/Login Page/Internal User/Next Button' is clicked on

2018-12-12 14:03:30 - [MESSAGE][PASSED] - Object: 'Object Repository/Final Object Repo/Login Page/Internal User/Next Button' is clicked on

2018-12-12 14:03:30 - [TEST_STEP][PASSED] - delay: Delayed 2 second(s)

2018-12-12 14:03:32 - [MESSAGE][PASSED] - Delayed 2 second(s)

2018-12-12 14:03:32 - [TEST_STEP][PASSED] - setText: Text 'test' is set on object 'Object Repository/Final Object Repo/Login Page/Internal User/Password'

2018-12-12 14:03:32 - [MESSAGE][PASSED] - Text 'test' is set on object 'Object Repository/Final Object Repo/Login Page/Internal User/Password'

2018-12-12 14:03:32 - [TEST_STEP][PASSED] - delay: Delayed 2 second(s)

2018-12-12 14:03:34 - [MESSAGE][PASSED] - Delayed 2 second(s)

2018-12-12 14:03:34 - [TEST_STEP][PASSED] - click: Object: 'Object Repository/Final Object Repo/Login Page/Internal User/Login Button' is clicked on

2018-12-12 14:03:34 - [MESSAGE][PASSED] - Object: 'Object Repository/Final Object Repo/Login Page/Internal User/Login Button' is clicked on

2018-12-12 14:03:34 - [TEST_STEP][PASSED] - Statement - tester = com.kms.katalon.core.testobject.ObjectRepository.findTestObject(Final Object Repo/Landing Page/Select to English): Finding Test Object with id 'Object Repository/Final Object Repo/Landing Page/Select to English'

2018-12-12 14:03:34 - [TEST_STEP][PASSED] - Statement - Try: Delayed 2 second(s)

2018-12-12 14:03:34 - [TEST_STEP][PASSED] - Statement - Checker = com.kms.katalon.core.webui.keyword.WebUiBuiltInKeywords.verifyElementNotPresent(tester, 3): Web element with id: 'Object Repository/Final Object Repo/Landing Page/Select to English' located by 'By.xpath: //a[@class = 'taglib-language-list-text' and @lang = 'en-US' and (contains(text(), 'EN') or contains(., 'EN'))]' is not present after '3' second(s)

2018-12-12 14:03:37 - [MESSAGE][PASSED] - Web element with id: 'Object Repository/Final Object Repo/Landing Page/Select to English' located by 'By.xpath: //a[@class = 'taglib-language-list-text' and @lang = 'en-US' and (contains(text(), 'EN') or contains(., 'EN'))]' is not present after '3' second(s)

2018-12-12 14:03:37 - [TEST_STEP][PASSED] - Statement - If (Checker == false): null

2018-12-12 14:03:37 - [TEST_STEP][PASSED] - delay: Delayed 2 second(s)

2018-12-12 14:03:39 - [MESSAGE][PASSED] - Delayed 2 second(s)

2018-12-12 14:03:39 - [TEST_STEP][PASSED] - delay: Delayed 5 second(s)

2018-12-12 14:03:44 - [MESSAGE][PASSED] - Delayed 5 second(s)

2018-12-12 14:03:44 - [TEST_STEP][PASSED] - mouseOver: Object: 'Object Repository/Final Object Repo/Landing Page/WorkFlow Menu' is hovered

2018-12-12 14:03:44 - [MESSAGE][PASSED] - Object: 'Object Repository/Final Object Repo/Landing Page/WorkFlow Menu' is hovered

2018-12-12 14:03:44 - [TEST_STEP][PASSED] - delay: Delayed 2 second(s)

2018-12-12 14:03:46 - [MESSAGE][PASSED] - Delayed 2 second(s)

2018-12-12 14:03:46 - [TEST_STEP][PASSED] - click: Object: 'Object Repository/Final Object Repo/Landing Page/Select to Workflow Listing' is clicked on

2018-12-12 14:03:47 - [MESSAGE][PASSED] - Object: 'Object Repository/Final Object Repo/Landing Page/Select to Workflow Listing' is clicked on

2018-12-12 14:03:47 - [TEST_STEP][PASSED] - delay: Delayed 2 second(s)

2018-12-12 14:03:49 - [MESSAGE][PASSED] - Delayed 2 second(s)

2018-12-12 14:03:49 - [TEST_STEP][PASSED] - click: Object: 'Object Repository/Final Object Repo/WorkFlow Listing Page/Search Information - To Put Ref No' is clicked on

2018-12-12 14:03:49 - [MESSAGE][PASSED] - Object: 'Object Repository/Final Object Repo/WorkFlow Listing Page/Search Information - To Put Ref No' is clicked on

2018-12-12 14:03:49 - [TEST_STEP][PASSED] - delay: Delayed 2 second(s)

2018-12-12 14:03:51 - [MESSAGE][PASSED] - Delayed 2 second(s)

2018-12-12 14:03:51 - [TEST_STEP][PASSED] - callTestCase: Call Test Case 'Test Cases/Final Aug 2018 - PKS Automation/Common/Reference Number Getter' successfully

2018-12-12 14:03:51 - [TEST_CASE][PASSED] - Test Cases/Final Aug 2018 - PKS Automation/Common/Reference Number Getter: Test Cases/Final Aug 2018 - PKS Automation/Common/Reference Number Getter

2018-12-12 14:03:51 - [TEST_STEP][PASSED] - Statement - Try: null

2018-12-12 14:03:51 - [TEST_STEP][PASSED] - Statement - RefNo = new java.io.File(C://Users//Admin//Desktop//PKS//Automation Reference Point//KatalonReference.txt): null

2018-12-12 14:03:51 - [TEST_STEP][PASSED] - Statement - bufferread = new java.io.BufferedReader(new java.io.FileReader(RefNo)): null

2018-12-12 14:03:51 - [TEST_STEP][PASSED] - Statement - readedVal = bufferread.readLine(): null

2018-12-12 14:03:51 - [TEST_STEP][PASSED] - Statement - out.println(CaseReferenceNo): null

2018-12-12 14:03:51 - [TEST_STEP][PASSED] - Statement - out.println(readedVal): null

2018-12-12 14:03:51 - [TEST_STEP][PASSED] - Statement - CaseReferenceNo = "": null

2018-12-12 14:03:51 - [TEST_STEP][PASSED] - Statement - CaseReferenceNo = readedVal: null

2018-12-12 14:03:51 - [MESSAGE][PASSED] - Call Test Case 'Test Cases/Final Aug 2018 - PKS Automation/Common/Reference Number Getter' successfully

2018-12-12 14:03:51 - [TEST_STEP][PASSED] - setText: Text 'CAN12201800002311' is set on object 'Object Repository/Final Object Repo/WorkFlow Listing Page/Ref No Set Text'

2018-12-12 14:03:52 - [MESSAGE][PASSED] - Text 'CAN12201800002311' is set on object 'Object Repository/Final Object Repo/WorkFlow Listing Page/Ref No Set Text'

2018-12-12 14:03:52 - [TEST_STEP][PASSED] - delay: Delayed 2 second(s)

2018-12-12 14:03:54 - [MESSAGE][PASSED] - Delayed 2 second(s)

2018-12-12 14:03:54 - [TEST_STEP][PASSED] - click: Object: 'Object Repository/Final Object Repo/WorkFlow Listing Page/Search Ref No Search Button' is clicked on

2018-12-12 14:03:54 - [MESSAGE][PASSED] - Object: 'Object Repository/Final Object Repo/WorkFlow Listing Page/Search Ref No Search Button' is clicked on

2018-12-12 14:03:54 - [TEST_STEP][PASSED] - delay: Delayed 6 second(s)

2018-12-12 14:04:00 - [MESSAGE][PASSED] - Delayed 6 second(s)

2018-12-12 14:04:00 - [TEST_STEP][PASSED] - click: Object: 'Object Repository/Final Object Repo/WorkFlow Listing Page/Click Continue Tooltip' is clicked on

2018-12-12 14:04:01 - [MESSAGE][PASSED] - Object: 'Object Repository/Final Object Repo/WorkFlow Listing Page/Click Continue Tooltip' is clicked on

2018-12-12 14:04:01 - [TEST_STEP][PASSED] - delay: Delayed 5 second(s)

2018-12-12 14:04:06 - [MESSAGE][PASSED] - Delayed 5 second(s)

2018-12-12 14:04:06 - [TEST_STEP][PASSED] - doubleClick: Object: 'Object Repository/Final Object Repo/WorkFlow Listing Page/Workflow Found - Listing 1' is double clicked on

2018-12-12 14:04:06 - [MESSAGE][PASSED] - Object: 'Object Repository/Final Object Repo/WorkFlow Listing Page/Workflow Found - Listing 1' is double clicked on

2018-12-12 14:04:06 - [TEST_STEP][PASSED] - Statement - println(OwnerID): null

2018-12-12 14:04:06 - [TEST_STEP][PASSED] - Statement - OwnerID = com.kms.katalon.core.webui.keyword.WebUiBuiltInKeywords.getText(com.kms.katalon.core.testobject.ObjectRepository.findTestObject(Final Object Repo/WorkFlow Listing Page/Workflow Found - Listing 1), STOP_ON_FAILURE): Text of object 'Object Repository/Final Object Repo/WorkFlow Listing Page/Workflow Found - Listing 1' is: 'JOHORro3'

2018-12-12 14:04:06 - [MESSAGE][PASSED] - Text of object 'Object Repository/Final Object Repo/WorkFlow Listing Page/Workflow Found - Listing 1' is: 'JOHORro3'

2018-12-12 14:04:06 - [TEST_STEP][PASSED] - Statement - OwnerID = OwnerID.toLowerCase() + "@gmail.com": null

2018-12-12 14:04:06 - [TEST_STEP][PASSED] - Statement - println(OwnerID): null

2018-12-12 14:04:06 - [TEST_STEP][PASSED] - delay: Delayed 2 second(s)

2018-12-12 14:04:08 - [MESSAGE][PASSED] - Delayed 2 second(s)

2018-12-12 14:04:08 - [MESSAGE][PASSED] - Call Test Case 'Test Cases/Final Aug 2018 - PKS Automation/Common/Workflow Owner Finder' successfully

2018-12-12 14:04:08 - [TEST_STEP][PASSED] - callTestCase: Call Test Case 'Test Cases/Final Aug 2018 - PKS Automation/Registration Module/Log Out/log out avoiding katalon tagging' successfully

2018-12-12 14:04:08 - [TEST_CASE][PASSED] - Test Cases/Final Aug 2018 - PKS Automation/Registration Module/Log Out/log out avoiding katalon tagging: Test Cases/Final Aug 2018 - PKS Automation/Registration Module/Log Out/log out avoiding katalon tagging

2018-12-12 14:04:08 - [TEST_STEP][PASSED] - navigateToUrl: Navigate to 'https://assist2-uat.perkeso.gov.my/c/portal/logout' successfully

2018-12-12 14:04:09 - [MESSAGE][PASSED] - Navigate to 'https://assist2-uat.perkeso.gov.my/c/portal/logout' successfully

2018-12-12 14:04:09 - [MESSAGE][PASSED] - Call Test Case 'Test Cases/Final Aug 2018 - PKS Automation/Registration Module/Log Out/log out avoiding katalon tagging' successfully

2018-12-12 14:04:09 - [TEST_STEP][PASSED] - delay: Delayed 2 second(s)

2018-12-12 14:04:11 - [MESSAGE][PASSED] - Delayed 2 second(s)

2018-12-12 14:04:11 - [TEST_STEP][PASSED] - setText: Text 'johorro3@gmail.com' is set on object 'Object Repository/Final Object Repo/Page_Update Add New Employee - ASSIST/Email TextBox'

2018-12-12 14:04:12 - [MESSAGE][PASSED] - Text 'johorro3@gmail.com' is set on object 'Object Repository/Final Object Repo/Page_Update Add New Employee - ASSIST/Email TextBox'

2018-12-12 14:04:12 - [TEST_STEP][PASSED] - click: Object: 'Object Repository/Final Object Repo/Page_Update Add New Employee - ASSIST/Next Button' is clicked on

2018-12-12 14:04:12 - [MESSAGE][PASSED] - Object: 'Object Repository/Final Object Repo/Page_Update Add New Employee - ASSIST/Next Button' is clicked on

2018-12-12 14:04:12 - [TEST_STEP][PASSED] - delay: Delayed 2 second(s)

2018-12-12 14:04:14 - [MESSAGE][PASSED] - Delayed 2 second(s)

2018-12-12 14:04:14 - [TEST_STEP][PASSED] - setText: Text 'Test1@3456789' is set on object 'Object Repository/Final Object Repo/Page_Update Add New Employee - ASSIST/Password TextBox'

2018-12-12 14:04:14 - [MESSAGE][PASSED] - Text 'Test1@3456789' is set on object 'Object Repository/Final Object Repo/Page_Update Add New Employee - ASSIST/Password TextBox'

2018-12-12 14:04:14 - [TEST_STEP][PASSED] - delay: Delayed 2 second(s)

2018-12-12 14:04:16 - [MESSAGE][PASSED] - Delayed 2 second(s)

2018-12-12 14:04:16 - [TEST_STEP][PASSED] - click: Object: 'Object Repository/Final Object Repo/Page_Update Add New Employee - ASSIST/Login Button' is clicked on

2018-12-12 14:04:16 - [MESSAGE][PASSED] - Object: 'Object Repository/Final Object Repo/Page_Update Add New Employee - ASSIST/Login Button' is clicked on

2018-12-12 14:04:16 - [TEST_STEP][PASSED] - delay: Delayed 4 second(s)

2018-12-12 14:04:20 - [MESSAGE][PASSED] - Delayed 4 second(s)

2018-12-12 14:04:20 - [TEST_STEP][PASSED] - Statement - Try: Delayed 2 second(s)

2018-12-12 14:04:20 - [TEST_STEP][PASSED] - Statement - Checker = false: null

2018-12-12 14:04:20 - [TEST_STEP][PASSED] - Statement - Checker = com.kms.katalon.core.webui.keyword.WebUiBuiltInKeywords.verifyElementHasAttribute(com.kms.katalon.core.testobject.ObjectRepository.findTestObject(Final Object Repo/Landing Page/BM Detecting), "href", 20, OPTIONAL): Object 'Object Repository/Final Object Repo/Landing Page/BM Detecting' has attribute 'href'

2018-12-12 14:04:20 - [MESSAGE][PASSED] - Object 'Object Repository/Final Object Repo/Landing Page/BM Detecting' has attribute 'href'

2018-12-12 14:04:20 - [TEST_STEP][PASSED] - Statement - out.println(Checker): null

2018-12-12 14:04:20 - [TEST_STEP][PASSED] - Statement - If (Checker == false): null

2018-12-12 14:04:20 - [TEST_STEP][PASSED] - Statement - Else: null

2018-12-12 14:04:20 - [TEST_STEP][PASSED] - delay: Delayed 2 second(s)

2018-12-12 14:04:22 - [MESSAGE][PASSED] - Delayed 2 second(s)

2018-12-12 14:04:22 - [TEST_STEP][PASSED] - delay: Delayed 4 second(s)

2018-12-12 14:04:26 - [MESSAGE][PASSED] - Delayed 4 second(s)

2018-12-12 14:04:26 - [TEST_STEP][PASSED] - click: Object: 'Object Repository/Final Object Repo/New Registration - Registration Module Pages/New Reg - OTC to RO/Special Case - All Related Objects/Expand to Search' is clicked on

2018-12-12 14:04:27 - [MESSAGE][PASSED] - Object: 'Object Repository/Final Object Repo/New Registration - Registration Module Pages/New Reg - OTC to RO/Special Case - All Related Objects/Expand to Search' is clicked on

2018-12-12 14:04:27 - [TEST_STEP][PASSED] - delay: Delayed 2 second(s)

2018-12-12 14:04:29 - [MESSAGE][PASSED] - Delayed 2 second(s)

2018-12-12 14:04:29 - [TEST_STEP][PASSED] - setText: Text 'CAN12201800002311' is set on object 'Object Repository/Final Object Repo/New Registration - Registration Module Pages/New Reg - OTC to RO/Special Case - All Related Objects/TextBox RefNo in Workbasket'

2018-12-12 14:04:29 - [MESSAGE][PASSED] - Text 'CAN12201800002311' is set on object 'Object Repository/Final Object Repo/New Registration - Registration Module Pages/New Reg - OTC to RO/Special Case - All Related Objects/TextBox RefNo in Workbasket'

2018-12-12 14:04:29 - [TEST_STEP][PASSED] - delay: Delayed 2 second(s)

2018-12-12 14:04:31 - [MESSAGE][PASSED] - Delayed 2 second(s)

2018-12-12 14:04:31 - [TEST_STEP][PASSED] - click: Object: 'Object Repository/Final Object Repo/New Registration - Registration Module Pages/New Reg - OTC to RO/Special Case - All Related Objects/Click Search' is clicked on

2018-12-12 14:04:31 - [MESSAGE][PASSED] - Object: 'Object Repository/Final Object Repo/New Registration - Registration Module Pages/New Reg - OTC to RO/Special Case - All Related Objects/Click Search' is clicked on

2018-12-12 14:04:31 - [TEST_STEP][PASSED] - delay: Delayed 2 second(s)

2018-12-12 14:04:33 - [MESSAGE][PASSED] - Delayed 2 second(s)

2018-12-12 14:04:33 - [TEST_STEP][PASSED] - click: Object: 'Object Repository/Final Object Repo/New Registration - Registration Module Pages/New Reg - OTC to RO/Special Case - All Related Objects/Click to Continue Workflow' is clicked on

2018-12-12 14:04:37 - [MESSAGE][PASSED] - Object: 'Object Repository/Final Object Repo/New Registration - Registration Module Pages/New Reg - OTC to RO/Special Case - All Related Objects/Click to Continue Workflow' is clicked on

2018-12-12 14:04:37 - [TEST_STEP][PASSED] - delay: Delayed 10 second(s)

2018-12-12 14:04:47 - [MESSAGE][PASSED] - Delayed 10 second(s)

2018-12-12 14:04:47 - [TEST_STEP][PASSED] - click: Object: 'Object Repository/Final Object Repo/New Registration - Registration Module Pages/New Reg - OTC to RO/Special Case - All Related Objects/Continue Button in verifying case' is clicked on

2018-12-12 14:04:50 - [MESSAGE][PASSED] - Object: 'Object Repository/Final Object Repo/New Registration - Registration Module Pages/New Reg - OTC to RO/Special Case - All Related Objects/Continue Button in verifying case' is clicked on

2018-12-12 14:04:50 - [TEST_STEP][PASSED] - delay: Delayed 2 second(s)

2018-12-12 14:04:52 - [MESSAGE][PASSED] - Delayed 2 second(s)

2018-12-12 14:04:52 - [TEST_STEP][PASSED] - click: Object: 'Object Repository/Final Object Repo/Page_Update Add New Employee - ASSIST/Save  Continue Button' is clicked on

2018-12-12 14:04:53 - [MESSAGE][PASSED] - Object: 'Object Repository/Final Object Repo/Page_Update Add New Employee - ASSIST/Save  Continue Button' is clicked on

2018-12-12 14:04:53 - [TEST_STEP][PASSED] - delay: Delayed 4 second(s)

2018-12-12 14:04:57 - [MESSAGE][PASSED] - Delayed 4 second(s)

2018-12-12 14:04:57 - [TEST_STEP][PASSED] - click: Object: 'Object Repository/Final Object Repo/Page_Update Add New Employee - ASSIST/Save  Continue Third Screen' is clicked on

2018-12-12 14:05:00 - [MESSAGE][PASSED] - Object: 'Object Repository/Final Object Repo/Page_Update Add New Employee - ASSIST/Save  Continue Third Screen' is clicked on

2018-12-12 14:05:00 - [TEST_STEP][PASSED] - delay: Delayed 4 second(s)

2018-12-12 14:05:04 - [MESSAGE][PASSED] - Delayed 4 second(s)

2018-12-12 14:05:04 - [TEST_STEP][PASSED] - setText: Text 'Query the Case' is set on object 'Object Repository/Final Object Repo/Page_Update Add New Employee - ASSIST/Query Text Input'

2018-12-12 14:05:04 - [MESSAGE][PASSED] - Text 'Query the Case' is set on object 'Object Repository/Final Object Repo/Page_Update Add New Employee - ASSIST/Query Text Input'

2018-12-12 14:05:04 - [TEST_STEP][PASSED] - delay: Delayed 4 second(s)

2018-12-12 14:05:08 - [MESSAGE][PASSED] - Delayed 4 second(s)

2018-12-12 14:05:08 - [TEST_STEP][PASSED] - click: Object: 'Object Repository/Final Object Repo/Page_Update Add New Employee - ASSIST/Save   Continue Supporting Doc Page' is clicked on

2018-12-12 14:05:09 - [MESSAGE][PASSED] - Object: 'Object Repository/Final Object Repo/Page_Update Add New Employee - ASSIST/Save   Continue Supporting Doc Page' is clicked on

2018-12-12 14:05:09 - [TEST_STEP][PASSED] - delay: Delayed 4 second(s)

2018-12-12 14:05:13 - [MESSAGE][PASSED] - Delayed 4 second(s)

2018-12-12 14:05:13 - [TEST_STEP][PASSED] - click: Object: 'Object Repository/Final Object Repo/Page_Update Add New Employee - ASSIST/Query Button' is clicked on

2018-12-12 14:05:13 - [MESSAGE][PASSED] - Object: 'Object Repository/Final Object Repo/Page_Update Add New Employee - ASSIST/Query Button' is clicked on

2018-12-12 14:05:13 - [TEST_STEP][PASSED] - delay: Delayed 4 second(s)

2018-12-12 14:05:17 - [MESSAGE][PASSED] - Delayed 4 second(s)

2018-12-12 14:05:17 - [TEST_STEP][PASSED] - click: Object: 'Object Repository/Final Object Repo/Page_Update Add New Employee - ASSIST/Confirm to Query' is clicked on

2018-12-12 14:05:17 - [MESSAGE][PASSED] - Object: 'Object Repository/Final Object Repo/Page_Update Add New Employee - ASSIST/Confirm to Query' is clicked on

2018-12-12 14:05:17 - [TEST_STEP][PASSED] - delay: Delayed 20 second(s)

2018-12-12 14:05:37 - [MESSAGE][PASSED] - Delayed 20 second(s)

2018-12-12 14:05:37 - [TEST_STEP][PASSED] - callTestCase: Call Test Case 'Test Cases/Final Aug 2018 - PKS Automation/Common/Screenshoting tool' successfully

2018-12-12 14:05:37 - [TEST_CASE][PASSED] - Test Cases/Final Aug 2018 - PKS Automation/Common/Screenshoting tool: Test Cases/Final Aug 2018 - PKS Automation/Common/Screenshoting tool

2018-12-12 14:05:37 - [TEST_STEP][PASSED] - delay: Delayed 15 second(s)

2018-12-12 14:05:52 - [MESSAGE][PASSED] - Delayed 15 second(s)

2018-12-12 14:05:52 - [TEST_STEP][PASSED] - Statement - driver = com.kms.katalon.core.webui.driver.DriverFactory.getWebDriver(): null

2018-12-12 14:05:52 - [TEST_STEP][PASSED] - Statement - driver.manage().timeouts().implicitlyWait(10, SECONDS): null

2018-12-12 14:05:52 - [TEST_STEP][PASSED] - Statement - PresavePath = KatalonScreenshots: null

2018-12-12 14:05:52 - [TEST_STEP][PASSED] - Statement - pathPrefix = "C:\Users\Public\Pictures\Sample Pictures\Katalon Screenshots\Automate Ending Screen": null

2018-12-12 14:05:52 - [TEST_STEP][PASSED] - Statement - finalPath = <not implemented yet for class: org.codehaus.groovy.ast.expr.EmptyExpression>: null

2018-12-12 14:05:52 - [TEST_STEP][PASSED] - Statement - scrFile = driver.getScreenshotAs(FILE): null

2018-12-12 14:05:52 - [TEST_STEP][PASSED] - Statement - PreSaveFile = new java.io.File(PresavePath): null

2018-12-12 14:05:52 - [TEST_STEP][PASSED] - Statement - counter = 0: null

2018-12-12 14:05:52 - [TEST_STEP][PASSED] - Statement - If (PreSaveFile.exists()): null

2018-12-12 14:05:52 - [TEST_STEP][PASSED] - Statement - While (PreSaveFile.exists()): null

2018-12-12 14:05:52 - [TEST_STEP][PASSED] - Statement - counter = counter + 1: null

2018-12-12 14:05:52 - [TEST_STEP][PASSED] - Statement - PreSaveFile = new java.io.File(((pathPrefix + java.lang.Integer.toString(counter)) + .png)): null

2018-12-12 14:05:52 - [TEST_STEP][PASSED] - Statement - counter = counter + 1: null

2018-12-12 14:05:52 - [TEST_STEP][PASSED] - Statement - PreSaveFile = new java.io.File(((pathPrefix + java.lang.Integer.toString(counter)) + .png)): null

2018-12-12 14:05:52 - [TEST_STEP][PASSED] - Statement - counter = counter + 1: null

2018-12-12 14:05:52 - [TEST_STEP][PASSED] - Statement - PreSaveFile = new java.io.File(((pathPrefix + java.lang.Integer.toString(counter)) + .png)): null

2018-12-12 14:05:52 - [TEST_STEP][PASSED] - Statement - counter = counter + 1: null

2018-12-12 14:05:52 - [TEST_STEP][PASSED] - Statement - PreSaveFile = new java.io.File(((pathPrefix + java.lang.Integer.toString(counter)) + .png)): null

2018-12-12 14:05:52 - [TEST_STEP][PASSED] - Statement - counter = counter + 1: null

2018-12-12 14:05:52 - [TEST_STEP][PASSED] - Statement - PreSaveFile = new java.io.File(((pathPrefix + java.lang.Integer.toString(counter)) + .png)): null

2018-12-12 14:05:52 - [TEST_STEP][PASSED] - Statement - counter = counter + 1: null

2018-12-12 14:05:52 - [TEST_STEP][PASSED] - Statement - PreSaveFile = new java.io.File(((pathPrefix + java.lang.Integer.toString(counter)) + .png)): null

2018-12-12 14:05:52 - [TEST_STEP][PASSED] - Statement - counter = counter + 1: null

2018-12-12 14:05:52 - [TEST_STEP][PASSED] - Statement - PreSaveFile = new java.io.File(((pathPrefix + java.lang.Integer.toString(counter)) + .png)): null

2018-12-12 14:05:52 - [TEST_STEP][PASSED] - Statement - counter = counter + 1: null

2018-12-12 14:05:52 - [TEST_STEP][PASSED] - Statement - PreSaveFile = new java.io.File(((pathPrefix + java.lang.Integer.toString(counter)) + .png)): null

2018-12-12 14:05:52 - [TEST_STEP][PASSED] - Statement - counter = counter + 1: null

2018-12-12 14:05:52 - [TEST_STEP][PASSED] - Statement - PreSaveFile = new java.io.File(((pathPrefix + java.lang.Integer.toString(counter)) + .png)): null

2018-12-12 14:05:52 - [TEST_STEP][PASSED] - Statement - counter = counter + 1: null

2018-12-12 14:05:52 - [TEST_STEP][PASSED] - Statement - PreSaveFile = new java.io.File(((pathPrefix + java.lang.Integer.toString(counter)) + .png)): null

2018-12-12 14:05:52 - [TEST_STEP][PASSED] - Statement - counter = counter + 1: null

2018-12-12 14:05:52 - [TEST_STEP][PASSED] - Statement - PreSaveFile = new java.io.File(((pathPrefix + java.lang.Integer.toString(counter)) + .png)): null

2018-12-12 14:05:52 - [TEST_STEP][PASSED] - Statement - counter = counter + 1: null

2018-12-12 14:05:52 - [TEST_STEP][PASSED] - Statement - PreSaveFile = new java.io.File(((pathPrefix + java.lang.Integer.toString(counter)) + .png)): null

2018-12-12 14:05:52 - [TEST_STEP][PASSED] - Statement - counter = counter + 1: null

2018-12-12 14:05:52 - [TEST_STEP][PASSED] - Statement - PreSaveFile = new java.io.File(((pathPrefix + java.lang.Integer.toString(counter)) + .png)): null

2018-12-12 14:05:52 - [TEST_STEP][PASSED] - Statement - counter = counter + 1: null

2018-12-12 14:05:52 - [TEST_STEP][PASSED] - Statement - PreSaveFile = new java.io.File(((pathPrefix + java.lang.Integer.toString(counter)) + .png)): null

2018-12-12 14:05:52 - [TEST_STEP][PASSED] - Statement - counter = counter + 1: null

2018-12-12 14:05:52 - [TEST_STEP][PASSED] - Statement - PreSaveFile = new java.io.File(((pathPrefix + java.lang.Integer.toString(counter)) + .png)): null

2018-12-12 14:05:52 - [TEST_STEP][PASSED] - Statement - counter = counter + 1: null

2018-12-12 14:05:52 - [TEST_STEP][PASSED] - Statement - PreSaveFile = new java.io.File(((pathPrefix + java.lang.Integer.toString(counter)) + .png)): null

2018-12-12 14:05:52 - [TEST_STEP][PASSED] - Statement - counter = counter + 1: null

2018-12-12 14:05:52 - [TEST_STEP][PASSED] - Statement - PreSaveFile = new java.io.File(((pathPrefix + java.lang.Integer.toString(counter)) + .png)): null

2018-12-12 14:05:52 - [TEST_STEP][PASSED] - Statement - counter = counter + 1: null

2018-12-12 14:05:52 - [TEST_STEP][PASSED] - Statement - PreSaveFile = new java.io.File(((pathPrefix + java.lang.Integer.toString(counter)) + .png)): null

2018-12-12 14:05:52 - [TEST_STEP][PASSED] - Statement - counter = counter + 1: null

2018-12-12 14:05:52 - [TEST_STEP][PASSED] - Statement - PreSaveFile = new java.io.File(((pathPrefix + java.lang.Integer.toString(counter)) + .png)): null

2018-12-12 14:05:52 - [TEST_STEP][PASSED] - Statement - counter = counter + 1: null

2018-12-12 14:05:52 - [TEST_STEP][PASSED] - Statement - PreSaveFile = new java.io.File(((pathPrefix + java.lang.Integer.toString(counter)) + .png)): null

2018-12-12 14:05:52 - [TEST_STEP][PASSED] - Statement - counter = counter + 1: null

2018-12-12 14:05:52 - [TEST_STEP][PASSED] - Statement - PreSaveFile = new java.io.File(((pathPrefix + java.lang.Integer.toString(counter)) + .png)): null

2018-12-12 14:05:52 - [TEST_STEP][PASSED] - Statement - counter = counter + 1: null

2018-12-12 14:05:52 - [TEST_STEP][PASSED] - Statement - PreSaveFile = new java.io.File(((pathPrefix + java.lang.Integer.toString(counter)) + .png)): null

2018-12-12 14:05:52 - [TEST_STEP][PASSED] - Statement - counter = counter + 1: null

2018-12-12 14:05:52 - [TEST_STEP][PASSED] - Statement - PreSaveFile = new java.io.File(((pathPrefix + java.lang.Integer.toString(counter)) + .png)): null

2018-12-12 14:05:52 - [TEST_STEP][PASSED] - Statement - counter = counter + 1: null

2018-12-12 14:05:52 - [TEST_STEP][PASSED] - Statement - PreSaveFile = new java.io.File(((pathPrefix + java.lang.Integer.toString(counter)) + .png)): null

2018-12-12 14:05:52 - [TEST_STEP][PASSED] - Statement - counter = counter + 1: null

2018-12-12 14:05:52 - [TEST_STEP][PASSED] - Statement - PreSaveFile = new java.io.File(((pathPrefix + java.lang.Integer.toString(counter)) + .png)): null

2018-12-12 14:05:52 - [TEST_STEP][PASSED] - Statement - counter = counter + 1: null

2018-12-12 14:05:52 - [TEST_STEP][PASSED] - Statement - PreSaveFile = new java.io.File(((pathPrefix + java.lang.Integer.toString(counter)) + .png)): null

2018-12-12 14:05:52 - [TEST_STEP][PASSED] - Statement - counter = counter + 1: null

2018-12-12 14:05:52 - [TEST_STEP][PASSED] - Statement - PreSaveFile = new java.io.File(((pathPrefix + java.lang.Integer.toString(counter)) + .png)): null

2018-12-12 14:05:52 - [TEST_STEP][PASSED] - Statement - counter = counter + 1: null

2018-12-12 14:05:52 - [TEST_STEP][PASSED] - Statement - PreSaveFile = new java.io.File(((pathPrefix + java.lang.Integer.toString(counter)) + .png)): null

2018-12-12 14:05:52 - [TEST_STEP][PASSED] - Statement - counter = counter + 1: null

2018-12-12 14:05:52 - [TEST_STEP][PASSED] - Statement - PreSaveFile = new java.io.File(((pathPrefix + java.lang.Integer.toString(counter)) + .png)): null

2018-12-12 14:05:52 - [TEST_STEP][PASSED] - Statement - counter = counter + 1: null

2018-12-12 14:05:52 - [TEST_STEP][PASSED] - Statement - PreSaveFile = new java.io.File(((pathPrefix + java.lang.Integer.toString(counter)) + .png)): null

2018-12-12 14:05:52 - [TEST_STEP][PASSED] - Statement - counter = counter + 1: null

2018-12-12 14:05:52 - [TEST_STEP][PASSED] - Statement - PreSaveFile = new java.io.File(((pathPrefix + java.lang.Integer.toString(counter)) + .png)): null

2018-12-12 14:05:52 - [TEST_STEP][PASSED] - Statement - counter = counter + 1: null

2018-12-12 14:05:52 - [TEST_STEP][PASSED] - Statement - PreSaveFile = new java.io.File(((pathPrefix + java.lang.Integer.toString(counter)) + .png)): null

2018-12-12 14:05:52 - [TEST_STEP][PASSED] - Statement - counter = counter + 1: null

2018-12-12 14:05:52 - [TEST_STEP][PASSED] - Statement - PreSaveFile = new java.io.File(((pathPrefix + java.lang.Integer.toString(counter)) + .png)): null

2018-12-12 14:05:52 - [TEST_STEP][PASSED] - Statement - counter = counter + 1: null

2018-12-12 14:05:52 - [TEST_STEP][PASSED] - Statement - PreSaveFile = new java.io.File(((pathPrefix + java.lang.Integer.toString(counter)) + .png)): null

2018-12-12 14:05:52 - [TEST_STEP][PASSED] - Statement - counter = counter + 1: null

2018-12-12 14:05:53 - [TEST_STEP][PASSED] - Statement - PreSaveFile = new java.io.File(((pathPrefix + java.lang.Integer.toString(counter)) + .png)): null

2018-12-12 14:05:53 - [TEST_STEP][PASSED] - Statement - counter = counter + 1: null

2018-12-12 14:05:53 - [TEST_STEP][PASSED] - Statement - PreSaveFile = new java.io.File(((pathPrefix + java.lang.Integer.toString(counter)) + .png)): null

2018-12-12 14:05:53 - [TEST_STEP][PASSED] - Statement - counter = counter + 1: null

2018-12-12 14:05:53 - [TEST_STEP][PASSED] - Statement - PreSaveFile = new java.io.File(((pathPrefix + java.lang.Integer.toString(counter)) + .png)): null

2018-12-12 14:05:53 - [TEST_STEP][PASSED] - Statement - counter = counter + 1: null

2018-12-12 14:05:53 - [TEST_STEP][PASSED] - Statement - PreSaveFile = new java.io.File(((pathPrefix + java.lang.Integer.toString(counter)) + .png)): null

2018-12-12 14:05:53 - [TEST_STEP][PASSED] - Statement - counter = counter + 1: null

2018-12-12 14:05:53 - [TEST_STEP][PASSED] - Statement - PreSaveFile = new java.io.File(((pathPrefix + java.lang.Integer.toString(counter)) + .png)): null

2018-12-12 14:05:53 - [TEST_STEP][PASSED] - Statement - counter = counter + 1: null

2018-12-12 14:05:53 - [TEST_STEP][PASSED] - Statement - PreSaveFile = new java.io.File(((pathPrefix + java.lang.Integer.toString(counter)) + .png)): null

2018-12-12 14:05:53 - [TEST_STEP][PASSED] - Statement - counter = counter + 1: null

2018-12-12 14:05:53 - [TEST_STEP][PASSED] - Statement - PreSaveFile = new java.io.File(((pathPrefix + java.lang.Integer.toString(counter)) + .png)): null

2018-12-12 14:05:53 - [TEST_STEP][PASSED] - Statement - counter = counter + 1: null

2018-12-12 14:05:53 - [TEST_STEP][PASSED] - Statement - PreSaveFile = new java.io.File(((pathPrefix + java.lang.Integer.toString(counter)) + .png)): null

2018-12-12 14:05:53 - [TEST_STEP][PASSED] - Statement - counter = counter + 1: null

2018-12-12 14:05:53 - [TEST_STEP][PASSED] - Statement - PreSaveFile = new java.io.File(((pathPrefix + java.lang.Integer.toString(counter)) + .png)): null

2018-12-12 14:05:53 - [TEST_STEP][PASSED] - Statement - counter = counter + 1: null

2018-12-12 14:05:53 - [TEST_STEP][PASSED] - Statement - PreSaveFile = new java.io.File(((pathPrefix + java.lang.Integer.toString(counter)) + .png)): null

2018-12-12 14:05:53 - [TEST_STEP][PASSED] - Statement - counter = counter + 1: null

2018-12-12 14:05:53 - [TEST_STEP][PASSED] - Statement - PreSaveFile = new java.io.File(((pathPrefix + java.lang.Integer.toString(counter)) + .png)): null

2018-12-12 14:05:53 - [TEST_STEP][PASSED] - Statement - counter = counter + 1: null

2018-12-12 14:05:53 - [TEST_STEP][PASSED] - Statement - PreSaveFile = new java.io.File(((pathPrefix + java.lang.Integer.toString(counter)) + .png)): null

2018-12-12 14:05:53 - [TEST_STEP][PASSED] - Statement - counter = counter + 1: null

2018-12-12 14:05:53 - [TEST_STEP][PASSED] - Statement - PreSaveFile = new java.io.File(((pathPrefix + java.lang.Integer.toString(counter)) + .png)): null

2018-12-12 14:05:53 - [TEST_STEP][PASSED] - Statement - counter = counter + 1: null

2018-12-12 14:05:53 - [TEST_STEP][PASSED] - Statement - PreSaveFile = new java.io.File(((pathPrefix + java.lang.Integer.toString(counter)) + .png)): null

2018-12-12 14:05:53 - [TEST_STEP][PASSED] - Statement - counter = counter + 1: null

2018-12-12 14:05:53 - [TEST_STEP][PASSED] - Statement - PreSaveFile = new java.io.File(((pathPrefix + java.lang.Integer.toString(counter)) + .png)): null

2018-12-12 14:05:53 - [TEST_STEP][PASSED] - Statement - counter = counter + 1: null

2018-12-12 14:05:53 - [TEST_STEP][PASSED] - Statement - PreSaveFile = new java.io.File(((pathPrefix + java.lang.Integer.toString(counter)) + .png)): null

2018-12-12 14:05:53 - [TEST_STEP][PASSED] - Statement - counter = counter + 1: null

2018-12-12 14:05:53 - [TEST_STEP][PASSED] - Statement - PreSaveFile = new java.io.File(((pathPrefix + java.lang.Integer.toString(counter)) + .png)): null

2018-12-12 14:05:53 - [TEST_STEP][PASSED] - Statement - counter = counter + 1: null

2018-12-12 14:05:53 - [TEST_STEP][PASSED] - Statement - PreSaveFile = new java.io.File(((pathPrefix + java.lang.Integer.toString(counter)) + .png)): null

2018-12-12 14:05:53 - [TEST_STEP][PASSED] - Statement - counter = counter + 1: null

2018-12-12 14:05:53 - [TEST_STEP][PASSED] - Statement - PreSaveFile = new java.io.File(((pathPrefix + java.lang.Integer.toString(counter)) + .png)): null

2018-12-12 14:05:53 - [TEST_STEP][PASSED] - Statement - counter = counter + 1: null

2018-12-12 14:05:53 - [TEST_STEP][PASSED] - Statement - PreSaveFile = new java.io.File(((pathPrefix + java.lang.Integer.toString(counter)) + .png)): null

2018-12-12 14:05:53 - [TEST_STEP][PASSED] - Statement - counter = counter + 1: null

2018-12-12 14:05:53 - [TEST_STEP][PASSED] - Statement - PreSaveFile = new java.io.File(((pathPrefix + java.lang.Integer.toString(counter)) + .png)): null

2018-12-12 14:05:53 - [TEST_STEP][PASSED] - Statement - counter = counter + 1: null

2018-12-12 14:05:53 - [TEST_STEP][PASSED] - Statement - PreSaveFile = new java.io.File(((pathPrefix + java.lang.Integer.toString(counter)) + .png)): null

2018-12-12 14:05:53 - [TEST_STEP][PASSED] - Statement - counter = counter + 1: null

2018-12-12 14:05:53 - [TEST_STEP][PASSED] - Statement - PreSaveFile = new java.io.File(((pathPrefix + java.lang.Integer.toString(counter)) + .png)): null

2018-12-12 14:05:53 - [TEST_STEP][PASSED] - Statement - counter = counter + 1: null

2018-12-12 14:05:53 - [TEST_STEP][PASSED] - Statement - PreSaveFile = new java.io.File(((pathPrefix + java.lang.Integer.toString(counter)) + .png)): null

2018-12-12 14:05:53 - [TEST_STEP][PASSED] - Statement - counter = counter + 1: null

2018-12-12 14:05:53 - [TEST_STEP][PASSED] - Statement - PreSaveFile = new java.io.File(((pathPrefix + java.lang.Integer.toString(counter)) + .png)): null

2018-12-12 14:05:53 - [TEST_STEP][PASSED] - Statement - counter = counter + 1: null

2018-12-12 14:05:53 - [TEST_STEP][PASSED] - Statement - PreSaveFile = new java.io.File(((pathPrefix + java.lang.Integer.toString(counter)) + .png)): null

2018-12-12 14:05:53 - [TEST_STEP][PASSED] - Statement - counter = counter + 1: null

2018-12-12 14:05:53 - [TEST_STEP][PASSED] - Statement - PreSaveFile = new java.io.File(((pathPrefix + java.lang.Integer.toString(counter)) + .png)): null

2018-12-12 14:05:53 - [TEST_STEP][PASSED] - Statement - counter = counter + 1: null

2018-12-12 14:05:53 - [TEST_STEP][PASSED] - Statement - PreSaveFile = new java.io.File(((pathPrefix + java.lang.Integer.toString(counter)) + .png)): null

2018-12-12 14:05:53 - [TEST_STEP][PASSED] - Statement - counter = counter + 1: null

2018-12-12 14:05:53 - [TEST_STEP][PASSED] - Statement - PreSaveFile = new java.io.File(((pathPrefix + java.lang.Integer.toString(counter)) + .png)): null

2018-12-12 14:05:53 - [TEST_STEP][PASSED] - Statement - counter = counter + 1: null

2018-12-12 14:05:53 - [TEST_STEP][PASSED] - Statement - PreSaveFile = new java.io.File(((pathPrefix + java.lang.Integer.toString(counter)) + .png)): null

2018-12-12 14:05:53 - [TEST_STEP][PASSED] - Statement - counter = counter + 1: null

2018-12-12 14:05:53 - [TEST_STEP][PASSED] - Statement - PreSaveFile = new java.io.File(((pathPrefix + java.lang.Integer.toString(counter)) + .png)): null

2018-12-12 14:05:53 - [TEST_STEP][PASSED] - Statement - counter = counter + 1: null

2018-12-12 14:05:53 - [TEST_STEP][PASSED] - Statement - PreSaveFile = new java.io.File(((pathPrefix + java.lang.Integer.toString(counter)) + .png)): null

2018-12-12 14:05:53 - [TEST_STEP][PASSED] - Statement - counter = counter + 1: null

2018-12-12 14:05:53 - [TEST_STEP][PASSED] - Statement - PreSaveFile = new java.io.File(((pathPrefix + java.lang.Integer.toString(counter)) + .png)): null

2018-12-12 14:05:53 - [TEST_STEP][PASSED] - Statement - counter = counter + 1: null

2018-12-12 14:05:53 - [TEST_STEP][PASSED] - Statement - PreSaveFile = new java.io.File(((pathPrefix + java.lang.Integer.toString(counter)) + .png)): null

2018-12-12 14:05:53 - [TEST_STEP][PASSED] - Statement - counter = counter + 1: null

2018-12-12 14:05:53 - [TEST_STEP][PASSED] - Statement - PreSaveFile = new java.io.File(((pathPrefix + java.lang.Integer.toString(counter)) + .png)): null

2018-12-12 14:05:53 - [TEST_STEP][PASSED] - Statement - counter = counter + 1: null

2018-12-12 14:05:53 - [TEST_STEP][PASSED] - Statement - PreSaveFile = new java.io.File(((pathPrefix + java.lang.Integer.toString(counter)) + .png)): null

2018-12-12 14:05:53 - [TEST_STEP][PASSED] - Statement - counter = counter + 1: null

2018-12-12 14:05:53 - [TEST_STEP][PASSED] - Statement - PreSaveFile = new java.io.File(((pathPrefix + java.lang.Integer.toString(counter)) + .png)): null

2018-12-12 14:05:53 - [TEST_STEP][PASSED] - Statement - counter = counter + 1: null

2018-12-12 14:05:53 - [TEST_STEP][PASSED] - Statement - PreSaveFile = new java.io.File(((pathPrefix + java.lang.Integer.toString(counter)) + .png)): null

2018-12-12 14:05:53 - [TEST_STEP][PASSED] - Statement - counter = counter + 1: null

2018-12-12 14:05:53 - [TEST_STEP][PASSED] - Statement - PreSaveFile = new java.io.File(((pathPrefix + java.lang.Integer.toString(counter)) + .png)): null

2018-12-12 14:05:53 - [TEST_STEP][PASSED] - Statement - counter = counter + 1: null

2018-12-12 14:05:53 - [TEST_STEP][PASSED] - Statement - PreSaveFile = new java.io.File(((pathPrefix + java.lang.Integer.toString(counter)) + .png)): null

2018-12-12 14:05:53 - [TEST_STEP][PASSED] - Statement - counter = counter + 1: null

2018-12-12 14:05:53 - [TEST_STEP][PASSED] - Statement - PreSaveFile = new java.io.File(((pathPrefix + java.lang.Integer.toString(counter)) + .png)): null

2018-12-12 14:05:53 - [TEST_STEP][PASSED] - Statement - counter = counter + 1: null

2018-12-12 14:05:53 - [TEST_STEP][PASSED] - Statement - PreSaveFile = new java.io.File(((pathPrefix + java.lang.Integer.toString(counter)) + .png)): null

2018-12-12 14:05:53 - [TEST_STEP][PASSED] - Statement - counter = counter + 1: null

2018-12-12 14:05:53 - [TEST_STEP][PASSED] - Statement - PreSaveFile = new java.io.File(((pathPrefix + java.lang.Integer.toString(counter)) + .png)): null

2018-12-12 14:05:53 - [TEST_STEP][PASSED] - Statement - counter = counter + 1: null

2018-12-12 14:05:53 - [TEST_STEP][PASSED] - Statement - PreSaveFile = new java.io.File(((pathPrefix + java.lang.Integer.toString(counter)) + .png)): null

2018-12-12 14:05:53 - [TEST_STEP][PASSED] - Statement - counter = counter + 1: null

2018-12-12 14:05:53 - [TEST_STEP][PASSED] - Statement - PreSaveFile = new java.io.File(((pathPrefix + java.lang.Integer.toString(counter)) + .png)): null

2018-12-12 14:05:53 - [TEST_STEP][PASSED] - Statement - counter = counter + 1: null

2018-12-12 14:05:53 - [TEST_STEP][PASSED] - Statement - PreSaveFile = new java.io.File(((pathPrefix + java.lang.Integer.toString(counter)) + .png)): null

2018-12-12 14:05:53 - [TEST_STEP][PASSED] - Statement - counter = counter + 1: null

2018-12-12 14:05:53 - [TEST_STEP][PASSED] - Statement - PreSaveFile = new java.io.File(((pathPrefix + java.lang.Integer.toString(counter)) + .png)): null

2018-12-12 14:05:53 - [TEST_STEP][PASSED] - Statement - counter = counter + 1: null

2018-12-12 14:05:53 - [TEST_STEP][PASSED] - Statement - PreSaveFile = new java.io.File(((pathPrefix + java.lang.Integer.toString(counter)) + .png)): null

2018-12-12 14:05:53 - [TEST_STEP][PASSED] - Statement - counter = counter + 1: null

2018-12-12 14:05:53 - [TEST_STEP][PASSED] - Statement - PreSaveFile = new java.io.File(((pathPrefix + java.lang.Integer.toString(counter)) + .png)): null

2018-12-12 14:05:53 - [TEST_STEP][PASSED] - Statement - counter = counter + 1: null

2018-12-12 14:05:53 - [TEST_STEP][PASSED] - Statement - PreSaveFile = new java.io.File(((pathPrefix + java.lang.Integer.toString(counter)) + .png)): null

2018-12-12 14:05:53 - [TEST_STEP][PASSED] - Statement - counter = counter + 1: null

2018-12-12 14:05:53 - [TEST_STEP][PASSED] - Statement - PreSaveFile = new java.io.File(((pathPrefix + java.lang.Integer.toString(counter)) + .png)): null

2018-12-12 14:05:53 - [TEST_STEP][PASSED] - Statement - counter = counter + 1: null

2018-12-12 14:05:53 - [TEST_STEP][PASSED] - Statement - PreSaveFile = new java.io.File(((pathPrefix + java.lang.Integer.toString(counter)) + .png)): null

2018-12-12 14:05:53 - [TEST_STEP][PASSED] - Statement - counter = counter + 1: null

2018-12-12 14:05:53 - [TEST_STEP][PASSED] - Statement - PreSaveFile = new java.io.File(((pathPrefix + java.lang.Integer.toString(counter)) + .png)): null

2018-12-12 14:05:53 - [TEST_STEP][PASSED] - Statement - counter = counter + 1: null

2018-12-12 14:05:53 - [TEST_STEP][PASSED] - Statement - PreSaveFile = new java.io.File(((pathPrefix + java.lang.Integer.toString(counter)) + .png)): null

2018-12-12 14:05:53 - [TEST_STEP][PASSED] - Statement - counter = counter + 1: null

2018-12-12 14:05:53 - [TEST_STEP][PASSED] - Statement - PreSaveFile = new java.io.File(((pathPrefix + java.lang.Integer.toString(counter)) + .png)): null

2018-12-12 14:05:53 - [TEST_STEP][PASSED] - Statement - counter = counter + 1: null

2018-12-12 14:05:53 - [TEST_STEP][PASSED] - Statement - PreSaveFile = new java.io.File(((pathPrefix + java.lang.Integer.toString(counter)) + .png)): null

2018-12-12 14:05:53 - [TEST_STEP][PASSED] - Statement - counter = counter + 1: null

2018-12-12 14:05:53 - [TEST_STEP][PASSED] - Statement - PreSaveFile = new java.io.File(((pathPrefix + java.lang.Integer.toString(counter)) + .png)): null

2018-12-12 14:05:53 - [TEST_STEP][PASSED] - Statement - counter = counter + 1: null

2018-12-12 14:05:53 - [TEST_STEP][PASSED] - Statement - PreSaveFile = new java.io.File(((pathPrefix + java.lang.Integer.toString(counter)) + .png)): null

2018-12-12 14:05:53 - [TEST_STEP][PASSED] - Statement - counter = counter + 1: null

2018-12-12 14:05:53 - [TEST_STEP][PASSED] - Statement - PreSaveFile = new java.io.File(((pathPrefix + java.lang.Integer.toString(counter)) + .png)): null

2018-12-12 14:05:53 - [TEST_STEP][PASSED] - Statement - counter = counter + 1: null

2018-12-12 14:05:53 - [TEST_STEP][PASSED] - Statement - PreSaveFile = new java.io.File(((pathPrefix + java.lang.Integer.toString(counter)) + .png)): null

2018-12-12 14:05:53 - [TEST_STEP][PASSED] - Statement - counter = counter + 1: null

2018-12-12 14:05:53 - [TEST_STEP][PASSED] - Statement - PreSaveFile = new java.io.File(((pathPrefix + java.lang.Integer.toString(counter)) + .png)): null

2018-12-12 14:05:53 - [TEST_STEP][PASSED] - Statement - counter = counter + 1: null

2018-12-12 14:05:53 - [TEST_STEP][PASSED] - Statement - PreSaveFile = new java.io.File(((pathPrefix + java.lang.Integer.toString(counter)) + .png)): null

2018-12-12 14:05:53 - [TEST_STEP][PASSED] - Statement - counter = counter + 1: null

2018-12-12 14:05:53 - [TEST_STEP][PASSED] - Statement - PreSaveFile = new java.io.File(((pathPrefix + java.lang.Integer.toString(counter)) + .png)): null

2018-12-12 14:05:53 - [TEST_STEP][PASSED] - Statement - counter = counter + 1: null

2018-12-12 14:05:53 - [TEST_STEP][PASSED] - Statement - PreSaveFile = new java.io.File(((pathPrefix + java.lang.Integer.toString(counter)) + .png)): null

2018-12-12 14:05:53 - [TEST_STEP][PASSED] - Statement - counter = counter + 1: null

2018-12-12 14:05:53 - [TEST_STEP][PASSED] - Statement - PreSaveFile = new java.io.File(((pathPrefix + java.lang.Integer.toString(counter)) + .png)): null

2018-12-12 14:05:53 - [TEST_STEP][PASSED] - Statement - counter = counter + 1: null

2018-12-12 14:05:53 - [TEST_STEP][PASSED] - Statement - PreSaveFile = new java.io.File(((pathPrefix + java.lang.Integer.toString(counter)) + .png)): null

2018-12-12 14:05:53 - [TEST_STEP][PASSED] - Statement - counter = counter + 1: null

2018-12-12 14:05:53 - [TEST_STEP][PASSED] - Statement - PreSaveFile = new java.io.File(((pathPrefix + java.lang.Integer.toString(counter)) + .png)): null

2018-12-12 14:05:53 - [TEST_STEP][PASSED] - Statement - counter = counter + 1: null

2018-12-12 14:05:53 - [TEST_STEP][PASSED] - Statement - PreSaveFile = new java.io.File(((pathPrefix + java.lang.Integer.toString(counter)) + .png)): null

2018-12-12 14:05:53 - [TEST_STEP][PASSED] - Statement - counter = counter + 1: null

2018-12-12 14:05:53 - [TEST_STEP][PASSED] - Statement - PreSaveFile = new java.io.File(((pathPrefix + java.lang.Integer.toString(counter)) + .png)): null

2018-12-12 14:05:53 - [TEST_STEP][PASSED] - Statement - counter = counter + 1: null

2018-12-12 14:05:53 - [TEST_STEP][PASSED] - Statement - PreSaveFile = new java.io.File(((pathPrefix + java.lang.Integer.toString(counter)) + .png)): null

2018-12-12 14:05:53 - [TEST_STEP][PASSED] - Statement - counter = counter + 1: null

2018-12-12 14:05:53 - [TEST_STEP][PASSED] - Statement - PreSaveFile = new java.io.File(((pathPrefix + java.lang.Integer.toString(counter)) + .png)): null

2018-12-12 14:05:53 - [TEST_STEP][PASSED] - Statement - counter = counter + 1: null

2018-12-12 14:05:53 - [TEST_STEP][PASSED] - Statement - PreSaveFile = new java.io.File(((pathPrefix + java.lang.Integer.toString(counter)) + .png)): null

2018-12-12 14:05:53 - [TEST_STEP][PASSED] - Statement - counter = counter + 1: null

2018-12-12 14:05:53 - [TEST_STEP][PASSED] - Statement - PreSaveFile = new java.io.File(((pathPrefix + java.lang.Integer.toString(counter)) + .png)): null

2018-12-12 14:05:53 - [TEST_STEP][PASSED] - Statement - counter = counter + 1: null

2018-12-12 14:05:53 - [TEST_STEP][PASSED] - Statement - PreSaveFile = new java.io.File(((pathPrefix + java.lang.Integer.toString(counter)) + .png)): null

2018-12-12 14:05:53 - [TEST_STEP][PASSED] - Statement - counter = counter + 1: null

2018-12-12 14:05:53 - [TEST_STEP][PASSED] - Statement - PreSaveFile = new java.io.File(((pathPrefix + java.lang.Integer.toString(counter)) + .png)): null

2018-12-12 14:05:53 - [TEST_STEP][PASSED] - Statement - counter = counter + 1: null

2018-12-12 14:05:53 - [TEST_STEP][PASSED] - Statement - PreSaveFile = new java.io.File(((pathPrefix + java.lang.Integer.toString(counter)) + .png)): null

2018-12-12 14:05:53 - [TEST_STEP][PASSED] - Statement - counter = counter + 1: null

2018-12-12 14:05:53 - [TEST_STEP][PASSED] - Statement - PreSaveFile = new java.io.File(((pathPrefix + java.lang.Integer.toString(counter)) + .png)): null

2018-12-12 14:05:53 - [TEST_STEP][PASSED] - Statement - counter = counter + 1: null

2018-12-12 14:05:53 - [TEST_STEP][PASSED] - Statement - PreSaveFile = new java.io.File(((pathPrefix + java.lang.Integer.toString(counter)) + .png)): null

2018-12-12 14:05:53 - [TEST_STEP][PASSED] - Statement - counter = counter + 1: null

2018-12-12 14:05:53 - [TEST_STEP][PASSED] - Statement - PreSaveFile = new java.io.File(((pathPrefix + java.lang.Integer.toString(counter)) + .png)): null

2018-12-12 14:05:53 - [TEST_STEP][PASSED] - Statement - counter = counter + 1: null

2018-12-12 14:05:53 - [TEST_STEP][PASSED] - Statement - PreSaveFile = new java.io.File(((pathPrefix + java.lang.Integer.toString(counter)) + .png)): null

2018-12-12 14:05:53 - [TEST_STEP][PASSED] - Statement - counter = counter + 1: null

2018-12-12 14:05:53 - [TEST_STEP][PASSED] - Statement - PreSaveFile = new java.io.File(((pathPrefix + java.lang.Integer.toString(counter)) + .png)): null

2018-12-12 14:05:53 - [TEST_STEP][PASSED] - Statement - counter = counter + 1: null

2018-12-12 14:05:53 - [TEST_STEP][PASSED] - Statement - PreSaveFile = new java.io.File(((pathPrefix + java.lang.Integer.toString(counter)) + .png)): null

2018-12-12 14:05:53 - [TEST_STEP][PASSED] - Statement - counter = counter + 1: null

2018-12-12 14:05:53 - [TEST_STEP][PASSED] - Statement - PreSaveFile = new java.io.File(((pathPrefix + java.lang.Integer.toString(counter)) + .png)): null

2018-12-12 14:05:53 - [TEST_STEP][PASSED] - Statement - counter = counter + 1: null

2018-12-12 14:05:53 - [TEST_STEP][PASSED] - Statement - PreSaveFile = new java.io.File(((pathPrefix + java.lang.Integer.toString(counter)) + .png)): null

2018-12-12 14:05:53 - [TEST_STEP][PASSED] - Statement - counter = counter + 1: null

2018-12-12 14:05:53 - [TEST_STEP][PASSED] - Statement - PreSaveFile = new java.io.File(((pathPrefix + java.lang.Integer.toString(counter)) + .png)): null

2018-12-12 14:05:53 - [TEST_STEP][PASSED] - Statement - counter = counter + 1: null

2018-12-12 14:05:53 - [TEST_STEP][PASSED] - Statement - PreSaveFile = new java.io.File(((pathPrefix + java.lang.Integer.toString(counter)) + .png)): null

2018-12-12 14:05:53 - [TEST_STEP][PASSED] - Statement - counter = counter + 1: null

2018-12-12 14:05:53 - [TEST_STEP][PASSED] - Statement - PreSaveFile = new java.io.File(((pathPrefix + java.lang.Integer.toString(counter)) + .png)): null

2018-12-12 14:05:53 - [TEST_STEP][PASSED] - Statement - counter = counter + 1: null

2018-12-12 14:05:53 - [TEST_STEP][PASSED] - Statement - PreSaveFile = new java.io.File(((pathPrefix + java.lang.Integer.toString(counter)) + .png)): null

2018-12-12 14:05:53 - [TEST_STEP][PASSED] - Statement - counter = counter + 1: null

2018-12-12 14:05:53 - [TEST_STEP][PASSED] - Statement - PreSaveFile = new java.io.File(((pathPrefix + java.lang.Integer.toString(counter)) + .png)): null

2018-12-12 14:05:53 - [TEST_STEP][PASSED] - Statement - counter = counter + 1: null

2018-12-12 14:05:53 - [TEST_STEP][PASSED] - Statement - PreSaveFile = new java.io.File(((pathPrefix + java.lang.Integer.toString(counter)) + .png)): null

2018-12-12 14:05:53 - [TEST_STEP][PASSED] - Statement - counter = counter + 1: null

2018-12-12 14:05:53 - [TEST_STEP][PASSED] - Statement - PreSaveFile = new java.io.File(((pathPrefix + java.lang.Integer.toString(counter)) + .png)): null

2018-12-12 14:05:53 - [TEST_STEP][PASSED] - Statement - counter = counter + 1: null

2018-12-12 14:05:53 - [TEST_STEP][PASSED] - Statement - PreSaveFile = new java.io.File(((pathPrefix + java.lang.Integer.toString(counter)) + .png)): null

2018-12-12 14:05:53 - [TEST_STEP][PASSED] - Statement - counter = counter + 1: null

2018-12-12 14:05:53 - [TEST_STEP][PASSED] - Statement - PreSaveFile = new java.io.File(((pathPrefix + java.lang.Integer.toString(counter)) + .png)): null

2018-12-12 14:05:53 - [TEST_STEP][PASSED] - Statement - counter = counter + 1: null

2018-12-12 14:05:53 - [TEST_STEP][PASSED] - Statement - PreSaveFile = new java.io.File(((pathPrefix + java.lang.Integer.toString(counter)) + .png)): null

2018-12-12 14:05:53 - [TEST_STEP][PASSED] - Statement - counter = counter + 1: null

2018-12-12 14:05:53 - [TEST_STEP][PASSED] - Statement - PreSaveFile = new java.io.File(((pathPrefix + java.lang.Integer.toString(counter)) + .png)): null

2018-12-12 14:05:53 - [TEST_STEP][PASSED] - Statement - counter = counter + 1: null

2018-12-12 14:05:53 - [TEST_STEP][PASSED] - Statement - PreSaveFile = new java.io.File(((pathPrefix + java.lang.Integer.toString(counter)) + .png)): null

2018-12-12 14:05:53 - [TEST_STEP][PASSED] - Statement - counter = counter + 1: null

2018-12-12 14:05:53 - [TEST_STEP][PASSED] - Statement - PreSaveFile = new java.io.File(((pathPrefix + java.lang.Integer.toString(counter)) + .png)): null

2018-12-12 14:05:53 - [TEST_STEP][PASSED] - Statement - finalPath = pathPrefix + java.lang.Integer.toString(counter) + ".png": null

2018-12-12 14:05:53 - [TEST_STEP][PASSED] - Statement - SaveFile = new java.io.File(finalPath): null

2018-12-12 14:05:53 - [TEST_STEP][PASSED] - Statement - Try: null

2018-12-12 14:05:53 - [TEST_STEP][PASSED] - Statement - org.apache.commons.io.FileUtils.copyFile(scrFile, SaveFile): null

2018-12-12 14:05:53 - [TEST_STEP][PASSED] - Statement - out.println("file kept"): null

2018-12-12 14:05:53 - [TEST_STEP][PASSED] - delay: Delayed 10 second(s)

2018-12-12 14:06:03 - [MESSAGE][PASSED] - Delayed 10 second(s)

2018-12-12 14:06:03 - [MESSAGE][PASSED] - Call Test Case 'Test Cases/Final Aug 2018 - PKS Automation/Common/Screenshoting tool' successfully

2018-12-12 14:06:03 - [TEST_STEP][PASSED] - callTestCase: Call Test Case 'Test Cases/Final Aug 2018 - PKS Automation/Registration Module/Log Out/log out avoiding katalon tagging' successfully

2018-12-12 14:06:03 - [TEST_CASE][PASSED] - Test Cases/Final Aug 2018 - PKS Automation/Registration Module/Log Out/log out avoiding katalon tagging: Test Cases/Final Aug 2018 - PKS Automation/Registration Module/Log Out/log out avoiding katalon tagging

2018-12-12 14:06:03 - [TEST_STEP][PASSED] - navigateToUrl: Navigate to 'https://assist2-uat.perkeso.gov.my/c/portal/logout' successfully

2018-12-12 14:06:04 - [MESSAGE][PASSED] - Navigate to 'https://assist2-uat.perkeso.gov.my/c/portal/logout' successfully

2018-12-12 14:06:04 - [MESSAGE][PASSED] - Call Test Case 'Test Cases/Final Aug 2018 - PKS Automation/Registration Module/Log Out/log out avoiding katalon tagging' successfully

2018-12-12 14:06:04 - [TEST_STEP][PASSED] - delay: Delayed 4 second(s)

2018-12-12 14:06:08 - [MESSAGE][PASSED] - Delayed 4 second(s)

2018-12-12 14:06:08 - [TEST_STEP][PASSED] - setText: Text 'klpkrbo2@gmail.com' is set on object 'Object Repository/Final Object Repo/Login Page/Internal User/Email Address'

2018-12-12 14:06:08 - [MESSAGE][PASSED] - Text 'klpkrbo2@gmail.com' is set on object 'Object Repository/Final Object Repo/Login Page/Internal User/Email Address'

2018-12-12 14:06:08 - [TEST_STEP][PASSED] - click: Object: 'Object Repository/Final Object Repo/Login Page/Internal User/Next Button' is clicked on

2018-12-12 14:06:08 - [MESSAGE][PASSED] - Object: 'Object Repository/Final Object Repo/Login Page/Internal User/Next Button' is clicked on

2018-12-12 14:06:08 - [TEST_STEP][PASSED] - delay: Delayed 2 second(s)

2018-12-12 14:06:10 - [MESSAGE][PASSED] - Delayed 2 second(s)

2018-12-12 14:06:10 - [TEST_STEP][PASSED] - setText: Text 'Test1@3456789' is set on object 'Object Repository/Final Object Repo/Login Page/Internal User/Password'

2018-12-12 14:06:11 - [MESSAGE][PASSED] - Text 'Test1@3456789' is set on object 'Object Repository/Final Object Repo/Login Page/Internal User/Password'

2018-12-12 14:06:11 - [TEST_STEP][PASSED] - delay: Delayed 2 second(s)

2018-12-12 14:06:13 - [MESSAGE][PASSED] - Delayed 2 second(s)

2018-12-12 14:06:13 - [TEST_STEP][PASSED] - click: Object: 'Object Repository/Final Object Repo/Login Page/Internal User/Login Button' is clicked on

2018-12-12 14:06:13 - [MESSAGE][PASSED] - Object: 'Object Repository/Final Object Repo/Login Page/Internal User/Login Button' is clicked on

2018-12-12 14:06:13 - [TEST_STEP][PASSED] - delay: Delayed 4 second(s)

2018-12-12 14:06:17 - [MESSAGE][PASSED] - Delayed 4 second(s)

2018-12-12 14:06:17 - [TEST_STEP][PASSED] - Statement - Try: Delayed 2 second(s)

2018-12-12 14:06:17 - [TEST_STEP][PASSED] - Statement - Checker = false: null

2018-12-12 14:06:17 - [TEST_STEP][PASSED] - Statement - Checker = com.kms.katalon.core.webui.keyword.WebUiBuiltInKeywords.verifyElementHasAttribute(com.kms.katalon.core.testobject.ObjectRepository.findTestObject(Final Object Repo/Landing Page/BM Detecting), "href", 20, OPTIONAL): Object 'Object Repository/Final Object Repo/Landing Page/BM Detecting' has attribute 'href'

2018-12-12 14:06:17 - [MESSAGE][PASSED] - Object 'Object Repository/Final Object Repo/Landing Page/BM Detecting' has attribute 'href'

2018-12-12 14:06:17 - [TEST_STEP][PASSED] - Statement - out.println(Checker): null

2018-12-12 14:06:17 - [TEST_STEP][PASSED] - Statement - If (Checker == false): null

2018-12-12 14:06:17 - [TEST_STEP][PASSED] - Statement - Else: null

2018-12-12 14:06:17 - [TEST_STEP][PASSED] - delay: Delayed 2 second(s)

2018-12-12 14:06:19 - [MESSAGE][PASSED] - Delayed 2 second(s)

2018-12-12 14:06:19 - [TEST_STEP][PASSED] - delay: Delayed 4 second(s)

2018-12-12 14:06:23 - [MESSAGE][PASSED] - Delayed 4 second(s)

2018-12-12 14:06:23 - [TEST_STEP][PASSED] - click: Object: 'Object Repository/Final Object Repo/Landing Page/My Sites Drop Down' is clicked on

2018-12-12 14:06:23 - [MESSAGE][PASSED] - Object: 'Object Repository/Final Object Repo/Landing Page/My Sites Drop Down' is clicked on

2018-12-12 14:06:23 - [TEST_STEP][PASSED] - click: Object: 'Object Repository/Final Object Repo/Landing Page/Select to Registration Module' is clicked on

2018-12-12 14:06:24 - [MESSAGE][PASSED] - Object: 'Object Repository/Final Object Repo/Landing Page/Select to Registration Module' is clicked on

2018-12-12 14:06:24 - [TEST_STEP][PASSED] - delay: Delayed 2 second(s)

2018-12-12 14:06:26 - [MESSAGE][PASSED] - Delayed 2 second(s)

2018-12-12 14:06:26 - [TEST_STEP][PASSED] - mouseOver: Object: 'Object Repository/Final Object Repo/Page_Update Add New Employee - ASSIST/Hover Over Search Drop Down' is hovered

2018-12-12 14:06:26 - [MESSAGE][PASSED] - Object: 'Object Repository/Final Object Repo/Page_Update Add New Employee - ASSIST/Hover Over Search Drop Down' is hovered

2018-12-12 14:06:26 - [TEST_STEP][PASSED] - click: Object: 'Object Repository/Final Object Repo/Page_Update Add New Employee - ASSIST/Select Search Pending Case' is clicked on

2018-12-12 14:06:27 - [MESSAGE][PASSED] - Object: 'Object Repository/Final Object Repo/Page_Update Add New Employee - ASSIST/Select Search Pending Case' is clicked on

2018-12-12 14:06:27 - [TEST_STEP][PASSED] - click: Object: 'Object Repository/Final Object Repo/Page_Update Add New Employee - ASSIST/Select Searching Method (Employer Code)' is clicked on

2018-12-12 14:06:27 - [MESSAGE][PASSED] - Object: 'Object Repository/Final Object Repo/Page_Update Add New Employee - ASSIST/Select Searching Method (Employer Code)' is clicked on

2018-12-12 14:06:27 - [TEST_STEP][PASSED] - click: Object: 'Object Repository/Final Object Repo/Page_Update Add New Employee - ASSIST/Select Searching Method to Reference ID' is clicked on

2018-12-12 14:06:27 - [MESSAGE][PASSED] - Object: 'Object Repository/Final Object Repo/Page_Update Add New Employee - ASSIST/Select Searching Method to Reference ID' is clicked on

2018-12-12 14:06:27 - [TEST_STEP][PASSED] - delay: Delayed 2 second(s)

2018-12-12 14:06:29 - [MESSAGE][PASSED] - Delayed 2 second(s)

2018-12-12 14:06:29 - [TEST_STEP][PASSED] - setText: Text 'CAN12201800002311' is set on object 'Object Repository/Final Object Repo/Page_Update Add New Employee - ASSIST/Pending Case Ref NO'

2018-12-12 14:06:30 - [MESSAGE][PASSED] - Text 'CAN12201800002311' is set on object 'Object Repository/Final Object Repo/Page_Update Add New Employee - ASSIST/Pending Case Ref NO'

2018-12-12 14:06:30 - [TEST_STEP][PASSED] - click: Object: 'Object Repository/Final Object Repo/Page_Update Add New Employee - ASSIST/Search Pending Case Based on Ref No' is clicked on

2018-12-12 14:06:30 - [MESSAGE][PASSED] - Object: 'Object Repository/Final Object Repo/Page_Update Add New Employee - ASSIST/Search Pending Case Based on Ref No' is clicked on

2018-12-12 14:06:30 - [TEST_STEP][PASSED] - click: Object: 'Object Repository/Final Object Repo/Page_Update Add New Employee - ASSIST/Action Button after found case' is clicked on

2018-12-12 14:06:34 - [MESSAGE][PASSED] - Object: 'Object Repository/Final Object Repo/Page_Update Add New Employee - ASSIST/Action Button after found case' is clicked on

2018-12-12 14:06:34 - [TEST_STEP][PASSED] - click: Object: 'Object Repository/Final Object Repo/Page_Update Add New Employee - ASSIST/Next Button in Pending Case First Page' is clicked on

2018-12-12 14:06:36 - [MESSAGE][PASSED] - Object: 'Object Repository/Final Object Repo/Page_Update Add New Employee - ASSIST/Next Button in Pending Case First Page' is clicked on

2018-12-12 14:06:36 - [TEST_STEP][PASSED] - click: Object: 'Object Repository/Final Object Repo/Page_Update Add New Employee - ASSIST/Next Button in Third Screen' is clicked on

2018-12-12 14:06:40 - [MESSAGE][PASSED] - Object: 'Object Repository/Final Object Repo/Page_Update Add New Employee - ASSIST/Next Button in Third Screen' is clicked on

2018-12-12 14:06:40 - [TEST_STEP][PASSED] - click: Object: 'Object Repository/Final Object Repo/Page_Update Add New Employee - ASSIST/Add Document for Pending Case' is clicked on

2018-12-12 14:06:40 - [MESSAGE][PASSED] - Object: 'Object Repository/Final Object Repo/Page_Update Add New Employee - ASSIST/Add Document for Pending Case' is clicked on

2018-12-12 14:06:40 - [TEST_STEP][PASSED] - delay: Delayed 10 second(s)

2018-12-12 14:06:50 - [MESSAGE][PASSED] - Delayed 10 second(s)

2018-12-12 14:06:50 - [TEST_STEP][PASSED] - click: Object: 'Object Repository/Final Object Repo/Page_Update Add New Employee - ASSIST/Upload Pending Doc - Please Select' is clicked on

2018-12-12 14:06:50 - [MESSAGE][PASSED] - Object: 'Object Repository/Final Object Repo/Page_Update Add New Employee - ASSIST/Upload Pending Doc - Please Select' is clicked on

2018-12-12 14:06:50 - [TEST_STEP][PASSED] - click: Object: 'Object Repository/Final Object Repo/Page_Update Add New Employee - ASSIST/Select to Others to Upload' is clicked on

2018-12-12 14:06:50 - [MESSAGE][PASSED] - Object: 'Object Repository/Final Object Repo/Page_Update Add New Employee - ASSIST/Select to Others to Upload' is clicked on

2018-12-12 14:06:50 - [TEST_STEP][PASSED] - uploadFile: File 'C:\Users\Public\Pictures\Sample Pictures\Koala.jpg' sent to object: 'Object Repository/Final Object Repo/Page_Update Add New Employee - ASSIST/Uploading Pending Case Action'

2018-12-12 14:06:50 - [MESSAGE][PASSED] - File 'C:\Users\Public\Pictures\Sample Pictures\Koala.jpg' sent to object: 'Object Repository/Final Object Repo/Page_Update Add New Employee - ASSIST/Uploading Pending Case Action'

2018-12-12 14:06:50 - [TEST_STEP][PASSED] - click: Object: 'Object Repository/Final Object Repo/Page_Update Add New Employee - ASSIST/Inner form Add Document Button Pending Case' is clicked on

2018-12-12 14:06:51 - [MESSAGE][PASSED] - Object: 'Object Repository/Final Object Repo/Page_Update Add New Employee - ASSIST/Inner form Add Document Button Pending Case' is clicked on

2018-12-12 14:06:51 - [TEST_STEP][PASSED] - delay: Delayed 2 second(s)

2018-12-12 14:06:53 - [MESSAGE][PASSED] - Delayed 2 second(s)

2018-12-12 14:06:53 - [TEST_STEP][PASSED] - click: Object: 'Object Repository/Final Object Repo/Page_Update Add New Employee - ASSIST/Pending Case Exit' is clicked on

2018-12-12 14:06:56 - [MESSAGE][PASSED] - Object: 'Object Repository/Final Object Repo/Page_Update Add New Employee - ASSIST/Pending Case Exit' is clicked on

2018-12-12 14:06:56 - [TEST_STEP][PASSED] - callTestCase: Call Test Case 'Test Cases/Final Aug 2018 - PKS Automation/Registration Module/Log Out/log out avoiding katalon tagging' successfully

2018-12-12 14:06:56 - [TEST_CASE][PASSED] - Test Cases/Final Aug 2018 - PKS Automation/Registration Module/Log Out/log out avoiding katalon tagging: Test Cases/Final Aug 2018 - PKS Automation/Registration Module/Log Out/log out avoiding katalon tagging

2018-12-12 14:06:56 - [TEST_STEP][PASSED] - navigateToUrl: Navigate to 'https://assist2-uat.perkeso.gov.my/c/portal/logout' successfully

2018-12-12 14:06:56 - [MESSAGE][PASSED] - Navigate to 'https://assist2-uat.perkeso.gov.my/c/portal/logout' successfully

2018-12-12 14:06:56 - [MESSAGE][PASSED] - Call Test Case 'Test Cases/Final Aug 2018 - PKS Automation/Registration Module/Log Out/log out avoiding katalon tagging' successfully

2018-12-12 14:06:56 - [TEST_STEP][PASSED] - callTestCase: Call Test Case 'Test Cases/Final Aug 2018 - PKS Automation/Common/Workflow Owner Finder' successfully

2018-12-12 14:06:56 - [TEST_CASE][PASSED] - Test Cases/Final Aug 2018 - PKS Automation/Common/Workflow Owner Finder: Test Cases/Final Aug 2018 - PKS Automation/Common/Workflow Owner Finder

2018-12-12 14:06:56 - [TEST_STEP][PASSED] - openBrowser: Browser is opened with url: ''

2018-12-12 14:06:56 - [MESSAGE][WARNING] - A browser is already opened. Closing browser and opening a new one

2018-12-12 14:07:01 - [MESSAGE][PASSED] - Browser is opened with url: ''

2018-12-12 14:07:01 - [TEST_STEP][PASSED] - navigateToUrl: Navigate to 'https://assist2-uat.perkeso.gov.my/login' successfully

2018-12-12 14:07:02 - [MESSAGE][PASSED] - Navigate to 'https://assist2-uat.perkeso.gov.my/login' successfully

2018-12-12 14:07:02 - [TEST_STEP][PASSED] - delay: Delayed 5 second(s)

2018-12-12 14:07:07 - [MESSAGE][PASSED] - Delayed 5 second(s)

2018-12-12 14:07:07 - [TEST_STEP][PASSED] - setText: Text 'test@liferay.com' is set on object 'Object Repository/Final Object Repo/Login Page/Internal User/Email Address'

2018-12-12 14:07:08 - [MESSAGE][PASSED] - Text 'test@liferay.com' is set on object 'Object Repository/Final Object Repo/Login Page/Internal User/Email Address'

2018-12-12 14:07:08 - [TEST_STEP][PASSED] - click: Object: 'Object Repository/Final Object Repo/Login Page/Internal User/Next Button' is clicked on

2018-12-12 14:07:08 - [MESSAGE][PASSED] - Object: 'Object Repository/Final Object Repo/Login Page/Internal User/Next Button' is clicked on

2018-12-12 14:07:08 - [TEST_STEP][PASSED] - delay: Delayed 2 second(s)

2018-12-12 14:07:10 - [MESSAGE][PASSED] - Delayed 2 second(s)

2018-12-12 14:07:10 - [TEST_STEP][PASSED] - setText: Text 'test' is set on object 'Object Repository/Final Object Repo/Login Page/Internal User/Password'

2018-12-12 14:07:10 - [MESSAGE][PASSED] - Text 'test' is set on object 'Object Repository/Final Object Repo/Login Page/Internal User/Password'

2018-12-12 14:07:10 - [TEST_STEP][PASSED] - delay: Delayed 2 second(s)

2018-12-12 14:07:12 - [MESSAGE][PASSED] - Delayed 2 second(s)

2018-12-12 14:07:12 - [TEST_STEP][PASSED] - click: Object: 'Object Repository/Final Object Repo/Login Page/Internal User/Login Button' is clicked on

2018-12-12 14:07:12 - [MESSAGE][PASSED] - Object: 'Object Repository/Final Object Repo/Login Page/Internal User/Login Button' is clicked on

2018-12-12 14:07:12 - [TEST_STEP][PASSED] - Statement - tester = com.kms.katalon.core.testobject.ObjectRepository.findTestObject(Final Object Repo/Landing Page/Select to English): Finding Test Object with id 'Object Repository/Final Object Repo/Landing Page/Select to English'

2018-12-12 14:07:12 - [TEST_STEP][PASSED] - Statement - Try: Delayed 2 second(s)

2018-12-12 14:07:12 - [TEST_STEP][PASSED] - Statement - Checker = com.kms.katalon.core.webui.keyword.WebUiBuiltInKeywords.verifyElementNotPresent(tester, 3): Web element with id: 'Object Repository/Final Object Repo/Landing Page/Select to English' located by 'By.xpath: //a[@class = 'taglib-language-list-text' and @lang = 'en-US' and (contains(text(), 'EN') or contains(., 'EN'))]' is not present after '3' second(s)

2018-12-12 14:07:14 - [MESSAGE][PASSED] - Web element with id: 'Object Repository/Final Object Repo/Landing Page/Select to English' located by 'By.xpath: //a[@class = 'taglib-language-list-text' and @lang = 'en-US' and (contains(text(), 'EN') or contains(., 'EN'))]' is not present after '3' second(s)

2018-12-12 14:07:14 - [TEST_STEP][PASSED] - Statement - If (Checker == false): null

2018-12-12 14:07:14 - [TEST_STEP][PASSED] - delay: Delayed 2 second(s)

2018-12-12 14:07:16 - [MESSAGE][PASSED] - Delayed 2 second(s)

2018-12-12 14:07:16 - [TEST_STEP][PASSED] - delay: Delayed 5 second(s)

2018-12-12 14:07:21 - [MESSAGE][PASSED] - Delayed 5 second(s)

2018-12-12 14:07:21 - [TEST_STEP][PASSED] - mouseOver: Object: 'Object Repository/Final Object Repo/Landing Page/WorkFlow Menu' is hovered

2018-12-12 14:07:21 - [MESSAGE][PASSED] - Object: 'Object Repository/Final Object Repo/Landing Page/WorkFlow Menu' is hovered

2018-12-12 14:07:21 - [TEST_STEP][PASSED] - delay: Delayed 2 second(s)

2018-12-12 14:07:23 - [MESSAGE][PASSED] - Delayed 2 second(s)

2018-12-12 14:07:23 - [TEST_STEP][PASSED] - click: Object: 'Object Repository/Final Object Repo/Landing Page/Select to Workflow Listing' is clicked on

2018-12-12 14:07:24 - [MESSAGE][PASSED] - Object: 'Object Repository/Final Object Repo/Landing Page/Select to Workflow Listing' is clicked on

2018-12-12 14:07:24 - [TEST_STEP][PASSED] - delay: Delayed 2 second(s)

2018-12-12 14:07:26 - [MESSAGE][PASSED] - Delayed 2 second(s)

2018-12-12 14:07:26 - [TEST_STEP][PASSED] - click: Object: 'Object Repository/Final Object Repo/WorkFlow Listing Page/Search Information - To Put Ref No' is clicked on

2018-12-12 14:07:27 - [MESSAGE][PASSED] - Object: 'Object Repository/Final Object Repo/WorkFlow Listing Page/Search Information - To Put Ref No' is clicked on

2018-12-12 14:07:27 - [TEST_STEP][PASSED] - delay: Delayed 2 second(s)

2018-12-12 14:07:29 - [MESSAGE][PASSED] - Delayed 2 second(s)

2018-12-12 14:07:29 - [TEST_STEP][PASSED] - callTestCase: Call Test Case 'Test Cases/Final Aug 2018 - PKS Automation/Common/Reference Number Getter' successfully

2018-12-12 14:07:29 - [TEST_CASE][PASSED] - Test Cases/Final Aug 2018 - PKS Automation/Common/Reference Number Getter: Test Cases/Final Aug 2018 - PKS Automation/Common/Reference Number Getter

2018-12-12 14:07:29 - [TEST_STEP][PASSED] - Statement - Try: null

2018-12-12 14:07:29 - [TEST_STEP][PASSED] - Statement - RefNo = new java.io.File(C://Users//Admin//Desktop//PKS//Automation Reference Point//KatalonReference.txt): null

2018-12-12 14:07:29 - [TEST_STEP][PASSED] - Statement - bufferread = new java.io.BufferedReader(new java.io.FileReader(RefNo)): null

2018-12-12 14:07:29 - [TEST_STEP][PASSED] - Statement - readedVal = bufferread.readLine(): null

2018-12-12 14:07:29 - [TEST_STEP][PASSED] - Statement - out.println(CaseReferenceNo): null

2018-12-12 14:07:29 - [TEST_STEP][PASSED] - Statement - out.println(readedVal): null

2018-12-12 14:07:29 - [TEST_STEP][PASSED] - Statement - CaseReferenceNo = "": null

2018-12-12 14:07:29 - [TEST_STEP][PASSED] - Statement - CaseReferenceNo = readedVal: null

2018-12-12 14:07:29 - [MESSAGE][PASSED] - Call Test Case 'Test Cases/Final Aug 2018 - PKS Automation/Common/Reference Number Getter' successfully

2018-12-12 14:07:29 - [TEST_STEP][PASSED] - setText: Text 'CAN12201800002311' is set on object 'Object Repository/Final Object Repo/WorkFlow Listing Page/Ref No Set Text'

2018-12-12 14:07:29 - [MESSAGE][PASSED] - Text 'CAN12201800002311' is set on object 'Object Repository/Final Object Repo/WorkFlow Listing Page/Ref No Set Text'

2018-12-12 14:07:29 - [TEST_STEP][PASSED] - delay: Delayed 2 second(s)

2018-12-12 14:07:31 - [MESSAGE][PASSED] - Delayed 2 second(s)

2018-12-12 14:07:31 - [TEST_STEP][PASSED] - click: Object: 'Object Repository/Final Object Repo/WorkFlow Listing Page/Search Ref No Search Button' is clicked on

2018-12-12 14:07:31 - [MESSAGE][PASSED] - Object: 'Object Repository/Final Object Repo/WorkFlow Listing Page/Search Ref No Search Button' is clicked on

2018-12-12 14:07:31 - [TEST_STEP][PASSED] - delay: Delayed 6 second(s)

2018-12-12 14:07:37 - [MESSAGE][PASSED] - Delayed 6 second(s)

2018-12-12 14:07:37 - [TEST_STEP][PASSED] - click: Object: 'Object Repository/Final Object Repo/WorkFlow Listing Page/Click Continue Tooltip' is clicked on

2018-12-12 14:07:38 - [MESSAGE][PASSED] - Object: 'Object Repository/Final Object Repo/WorkFlow Listing Page/Click Continue Tooltip' is clicked on

2018-12-12 14:07:38 - [TEST_STEP][PASSED] - delay: Delayed 5 second(s)

2018-12-12 14:07:43 - [MESSAGE][PASSED] - Delayed 5 second(s)

2018-12-12 14:07:43 - [TEST_STEP][PASSED] - doubleClick: Object: 'Object Repository/Final Object Repo/WorkFlow Listing Page/Workflow Found - Listing 1' is double clicked on

2018-12-12 14:07:43 - [MESSAGE][PASSED] - Object: 'Object Repository/Final Object Repo/WorkFlow Listing Page/Workflow Found - Listing 1' is double clicked on

2018-12-12 14:07:43 - [TEST_STEP][PASSED] - Statement - println(OwnerID): null

2018-12-12 14:07:43 - [TEST_STEP][PASSED] - Statement - OwnerID = com.kms.katalon.core.webui.keyword.WebUiBuiltInKeywords.getText(com.kms.katalon.core.testobject.ObjectRepository.findTestObject(Final Object Repo/WorkFlow Listing Page/Workflow Found - Listing 1), STOP_ON_FAILURE): Text of object 'Object Repository/Final Object Repo/WorkFlow Listing Page/Workflow Found - Listing 1' is: 'JOHORro3'

2018-12-12 14:07:45 - [MESSAGE][PASSED] - Text of object 'Object Repository/Final Object Repo/WorkFlow Listing Page/Workflow Found - Listing 1' is: 'JOHORro3'

2018-12-12 14:07:45 - [TEST_STEP][PASSED] - Statement - OwnerID = OwnerID.toLowerCase() + "@gmail.com": null

2018-12-12 14:07:45 - [TEST_STEP][PASSED] - Statement - println(OwnerID): null

2018-12-12 14:07:45 - [TEST_STEP][PASSED] - delay: Delayed 2 second(s)

2018-12-12 14:07:47 - [MESSAGE][PASSED] - Delayed 2 second(s)

2018-12-12 14:07:47 - [MESSAGE][PASSED] - Call Test Case 'Test Cases/Final Aug 2018 - PKS Automation/Common/Workflow Owner Finder' successfully

2018-12-12 14:07:47 - [TEST_STEP][PASSED] - callTestCase: Call Test Case 'Test Cases/Final Aug 2018 - PKS Automation/Registration Module/Log Out/log out avoiding katalon tagging' successfully

2018-12-12 14:07:47 - [TEST_CASE][PASSED] - Test Cases/Final Aug 2018 - PKS Automation/Registration Module/Log Out/log out avoiding katalon tagging: Test Cases/Final Aug 2018 - PKS Automation/Registration Module/Log Out/log out avoiding katalon tagging

2018-12-12 14:07:47 - [TEST_STEP][PASSED] - navigateToUrl: Navigate to 'https://assist2-uat.perkeso.gov.my/c/portal/logout' successfully

2018-12-12 14:07:48 - [MESSAGE][PASSED] - Navigate to 'https://assist2-uat.perkeso.gov.my/c/portal/logout' successfully

2018-12-12 14:07:48 - [MESSAGE][PASSED] - Call Test Case 'Test Cases/Final Aug 2018 - PKS Automation/Registration Module/Log Out/log out avoiding katalon tagging' successfully

2018-12-12 14:07:48 - [TEST_STEP][PASSED] - delay: Delayed 2 second(s)

2018-12-12 14:07:50 - [MESSAGE][PASSED] - Delayed 2 second(s)

2018-12-12 14:07:50 - [TEST_STEP][PASSED] - setText: Text 'johorro3@gmail.com' is set on object 'Object Repository/Final Object Repo/Page_Update Add New Employee - ASSIST/Email TextBox'

2018-12-12 14:07:50 - [MESSAGE][PASSED] - Text 'johorro3@gmail.com' is set on object 'Object Repository/Final Object Repo/Page_Update Add New Employee - ASSIST/Email TextBox'

2018-12-12 14:07:50 - [TEST_STEP][PASSED] - click: Object: 'Object Repository/Final Object Repo/Page_Update Add New Employee - ASSIST/Next Button' is clicked on

2018-12-12 14:07:50 - [MESSAGE][PASSED] - Object: 'Object Repository/Final Object Repo/Page_Update Add New Employee - ASSIST/Next Button' is clicked on

2018-12-12 14:07:50 - [TEST_STEP][PASSED] - delay: Delayed 2 second(s)

2018-12-12 14:07:52 - [MESSAGE][PASSED] - Delayed 2 second(s)

2018-12-12 14:07:52 - [TEST_STEP][PASSED] - setText: Text 'Test1@3456789' is set on object 'Object Repository/Final Object Repo/Page_Update Add New Employee - ASSIST/Password TextBox'

2018-12-12 14:07:53 - [MESSAGE][PASSED] - Text 'Test1@3456789' is set on object 'Object Repository/Final Object Repo/Page_Update Add New Employee - ASSIST/Password TextBox'

2018-12-12 14:07:53 - [TEST_STEP][PASSED] - delay: Delayed 2 second(s)

2018-12-12 14:07:55 - [MESSAGE][PASSED] - Delayed 2 second(s)

2018-12-12 14:07:55 - [TEST_STEP][PASSED] - click: Object: 'Object Repository/Final Object Repo/Page_Update Add New Employee - ASSIST/Login Button' is clicked on

2018-12-12 14:07:55 - [MESSAGE][PASSED] - Object: 'Object Repository/Final Object Repo/Page_Update Add New Employee - ASSIST/Login Button' is clicked on

2018-12-12 14:07:55 - [TEST_STEP][PASSED] - delay: Delayed 4 second(s)

2018-12-12 14:07:59 - [MESSAGE][PASSED] - Delayed 4 second(s)

2018-12-12 14:07:59 - [TEST_STEP][PASSED] - Statement - Try: Delayed 2 second(s)

2018-12-12 14:07:59 - [TEST_STEP][PASSED] - Statement - Checker = false: null

2018-12-12 14:07:59 - [TEST_STEP][PASSED] - Statement - Checker = com.kms.katalon.core.webui.keyword.WebUiBuiltInKeywords.verifyElementHasAttribute(com.kms.katalon.core.testobject.ObjectRepository.findTestObject(Final Object Repo/Landing Page/BM Detecting), "href", 20, OPTIONAL): Object 'Object Repository/Final Object Repo/Landing Page/BM Detecting' has attribute 'href'

2018-12-12 14:07:59 - [MESSAGE][PASSED] - Object 'Object Repository/Final Object Repo/Landing Page/BM Detecting' has attribute 'href'

2018-12-12 14:07:59 - [TEST_STEP][PASSED] - Statement - out.println(Checker): null

2018-12-12 14:07:59 - [TEST_STEP][PASSED] - Statement - If (Checker == false): null

2018-12-12 14:07:59 - [TEST_STEP][PASSED] - Statement - Else: null

2018-12-12 14:07:59 - [TEST_STEP][PASSED] - delay: Delayed 2 second(s)

2018-12-12 14:08:01 - [MESSAGE][PASSED] - Delayed 2 second(s)

2018-12-12 14:08:01 - [TEST_STEP][PASSED] - delay: Delayed 4 second(s)

2018-12-12 14:08:05 - [MESSAGE][PASSED] - Delayed 4 second(s)

2018-12-12 14:08:05 - [TEST_STEP][PASSED] - click: Object: 'Object Repository/Final Object Repo/New Registration - Registration Module Pages/New Reg - OTC to RO/Special Case - All Related Objects/Expand to Search' is clicked on

2018-12-12 14:08:05 - [MESSAGE][PASSED] - Object: 'Object Repository/Final Object Repo/New Registration - Registration Module Pages/New Reg - OTC to RO/Special Case - All Related Objects/Expand to Search' is clicked on

2018-12-12 14:08:05 - [TEST_STEP][PASSED] - setText: Text 'CAN12201800002311' is set on object 'Object Repository/Final Object Repo/New Registration - Registration Module Pages/New Reg - OTC to RO/Special Case - All Related Objects/TextBox RefNo in Workbasket'

2018-12-12 14:08:06 - [MESSAGE][PASSED] - Text 'CAN12201800002311' is set on object 'Object Repository/Final Object Repo/New Registration - Registration Module Pages/New Reg - OTC to RO/Special Case - All Related Objects/TextBox RefNo in Workbasket'

2018-12-12 14:08:06 - [TEST_STEP][PASSED] - delay: Delayed 2 second(s)

2018-12-12 14:08:08 - [MESSAGE][PASSED] - Delayed 2 second(s)

2018-12-12 14:08:08 - [TEST_STEP][PASSED] - click: Object: 'Object Repository/Final Object Repo/New Registration - Registration Module Pages/New Reg - OTC to RO/Special Case - All Related Objects/Click Search' is clicked on

2018-12-12 14:08:08 - [MESSAGE][PASSED] - Object: 'Object Repository/Final Object Repo/New Registration - Registration Module Pages/New Reg - OTC to RO/Special Case - All Related Objects/Click Search' is clicked on

2018-12-12 14:08:08 - [TEST_STEP][PASSED] - delay: Delayed 2 second(s)

2018-12-12 14:08:10 - [MESSAGE][PASSED] - Delayed 2 second(s)

2018-12-12 14:08:10 - [TEST_STEP][PASSED] - click: Object: 'Object Repository/Final Object Repo/New Registration - Registration Module Pages/New Reg - OTC to RO/Special Case - All Related Objects/Click to Continue Workflow' is clicked on

2018-12-12 14:08:15 - [MESSAGE][PASSED] - Object: 'Object Repository/Final Object Repo/New Registration - Registration Module Pages/New Reg - OTC to RO/Special Case - All Related Objects/Click to Continue Workflow' is clicked on

2018-12-12 14:08:15 - [TEST_STEP][PASSED] - delay: Delayed 2 second(s)

2018-12-12 14:08:17 - [MESSAGE][PASSED] - Delayed 2 second(s)

2018-12-12 14:08:17 - [TEST_STEP][PASSED] - click: Object: 'Object Repository/Final Object Repo/New Registration - Registration Module Pages/New Reg - OTC to RO/Special Case - All Related Objects/Continue Button in verifying case' is clicked on

2018-12-12 14:08:20 - [MESSAGE][PASSED] - Object: 'Object Repository/Final Object Repo/New Registration - Registration Module Pages/New Reg - OTC to RO/Special Case - All Related Objects/Continue Button in verifying case' is clicked on

2018-12-12 14:08:20 - [TEST_STEP][PASSED] - delay: Delayed 2 second(s)

2018-12-12 14:08:22 - [MESSAGE][PASSED] - Delayed 2 second(s)

2018-12-12 14:08:22 - [TEST_STEP][PASSED] - click: Object: 'Object Repository/Final Object Repo/Page_Update Add New Employee - ASSIST/Save  Continue Button' is clicked on

2018-12-12 14:08:22 - [MESSAGE][PASSED] - Object: 'Object Repository/Final Object Repo/Page_Update Add New Employee - ASSIST/Save  Continue Button' is clicked on

2018-12-12 14:08:22 - [TEST_STEP][PASSED] - delay: Delayed 4 second(s)

2018-12-12 14:08:26 - [MESSAGE][PASSED] - Delayed 4 second(s)

2018-12-12 14:08:26 - [TEST_STEP][PASSED] - click: Object: 'Object Repository/Final Object Repo/Page_Update Add New Employee - ASSIST/Save  Continue Third Screen' is clicked on

2018-12-12 14:08:29 - [MESSAGE][PASSED] - Object: 'Object Repository/Final Object Repo/Page_Update Add New Employee - ASSIST/Save  Continue Third Screen' is clicked on

2018-12-12 14:08:29 - [TEST_STEP][PASSED] - delay: Delayed 4 second(s)

2018-12-12 14:08:33 - [MESSAGE][PASSED] - Delayed 4 second(s)

2018-12-12 14:08:33 - [TEST_STEP][PASSED] - click: Object: 'Object Repository/Final Object Repo/Page_Update Add New Employee - ASSIST/Save   Continue Supporting Doc Page' is clicked on

2018-12-12 14:08:34 - [MESSAGE][PASSED] - Object: 'Object Repository/Final Object Repo/Page_Update Add New Employee - ASSIST/Save   Continue Supporting Doc Page' is clicked on

2018-12-12 14:08:34 - [TEST_STEP][PASSED] - delay: Delayed 4 second(s)

2018-12-12 14:08:38 - [MESSAGE][PASSED] - Delayed 4 second(s)

2018-12-12 14:08:38 - [TEST_STEP][PASSED] - click: Object: 'Object Repository/Final Object Repo/Page_Update Add New Employee - ASSIST/Submit Button' is clicked on

2018-12-12 14:08:38 - [MESSAGE][PASSED] - Object: 'Object Repository/Final Object Repo/Page_Update Add New Employee - ASSIST/Submit Button' is clicked on

2018-12-12 14:08:38 - [TEST_STEP][PASSED] - delay: Delayed 4 second(s)

2018-12-12 14:08:42 - [MESSAGE][PASSED] - Delayed 4 second(s)

2018-12-12 14:08:42 - [TEST_STEP][PASSED] - click: Object: 'Object Repository/Final Object Repo/Page_Update Add New Employee - ASSIST/Confirm Submit Button' is clicked on

2018-12-12 14:08:42 - [MESSAGE][PASSED] - Object: 'Object Repository/Final Object Repo/Page_Update Add New Employee - ASSIST/Confirm Submit Button' is clicked on

2018-12-12 14:08:42 - [TEST_STEP][PASSED] - delay: Delayed 30 second(s)

2018-12-12 14:09:12 - [MESSAGE][PASSED] - Delayed 30 second(s)

2018-12-12 14:09:12 - [TEST_STEP][PASSED] - callTestCase: Call Test Case 'Test Cases/Final Aug 2018 - PKS Automation/Common/Screenshoting tool' successfully

2018-12-12 14:09:12 - [TEST_CASE][PASSED] - Test Cases/Final Aug 2018 - PKS Automation/Common/Screenshoting tool: Test Cases/Final Aug 2018 - PKS Automation/Common/Screenshoting tool

2018-12-12 14:09:12 - [TEST_STEP][PASSED] - delay: Delayed 15 second(s)

2018-12-12 14:09:27 - [MESSAGE][PASSED] - Delayed 15 second(s)

2018-12-12 14:09:27 - [TEST_STEP][PASSED] - Statement - driver = com.kms.katalon.core.webui.driver.DriverFactory.getWebDriver(): null

2018-12-12 14:09:27 - [TEST_STEP][PASSED] - Statement - driver.manage().timeouts().implicitlyWait(10, SECONDS): null

2018-12-12 14:09:27 - [TEST_STEP][PASSED] - Statement - PresavePath = KatalonScreenshots: null

2018-12-12 14:09:27 - [TEST_STEP][PASSED] - Statement - pathPrefix = "C:\Users\Public\Pictures\Sample Pictures\Katalon Screenshots\Automate Ending Screen": null

2018-12-12 14:09:27 - [TEST_STEP][PASSED] - Statement - finalPath = <not implemented yet for class: org.codehaus.groovy.ast.expr.EmptyExpression>: null

2018-12-12 14:09:27 - [TEST_STEP][PASSED] - Statement - scrFile = driver.getScreenshotAs(FILE): null

2018-12-12 14:09:27 - [TEST_STEP][PASSED] - Statement - PreSaveFile = new java.io.File(PresavePath): null

2018-12-12 14:09:27 - [TEST_STEP][PASSED] - Statement - counter = 0: null

2018-12-12 14:09:27 - [TEST_STEP][PASSED] - Statement - If (PreSaveFile.exists()): null

2018-12-12 14:09:27 - [TEST_STEP][PASSED] - Statement - While (PreSaveFile.exists()): null

2018-12-12 14:09:27 - [TEST_STEP][PASSED] - Statement - counter = counter + 1: null

2018-12-12 14:09:27 - [TEST_STEP][PASSED] - Statement - PreSaveFile = new java.io.File(((pathPrefix + java.lang.Integer.toString(counter)) + .png)): null

2018-12-12 14:09:27 - [TEST_STEP][PASSED] - Statement - counter = counter + 1: null

2018-12-12 14:09:27 - [TEST_STEP][PASSED] - Statement - PreSaveFile = new java.io.File(((pathPrefix + java.lang.Integer.toString(counter)) + .png)): null

2018-12-12 14:09:27 - [TEST_STEP][PASSED] - Statement - counter = counter + 1: null

2018-12-12 14:09:27 - [TEST_STEP][PASSED] - Statement - PreSaveFile = new java.io.File(((pathPrefix + java.lang.Integer.toString(counter)) + .png)): null

2018-12-12 14:09:27 - [TEST_STEP][PASSED] - Statement - counter = counter + 1: null

2018-12-12 14:09:27 - [TEST_STEP][PASSED] - Statement - PreSaveFile = new java.io.File(((pathPrefix + java.lang.Integer.toString(counter)) + .png)): null

2018-12-12 14:09:27 - [TEST_STEP][PASSED] - Statement - counter = counter + 1: null

2018-12-12 14:09:27 - [TEST_STEP][PASSED] - Statement - PreSaveFile = new java.io.File(((pathPrefix + java.lang.Integer.toString(counter)) + .png)): null

2018-12-12 14:09:27 - [TEST_STEP][PASSED] - Statement - counter = counter + 1: null

2018-12-12 14:09:27 - [TEST_STEP][PASSED] - Statement - PreSaveFile = new java.io.File(((pathPrefix + java.lang.Integer.toString(counter)) + .png)): null

2018-12-12 14:09:27 - [TEST_STEP][PASSED] - Statement - counter = counter + 1: null

2018-12-12 14:09:27 - [TEST_STEP][PASSED] - Statement - PreSaveFile = new java.io.File(((pathPrefix + java.lang.Integer.toString(counter)) + .png)): null

2018-12-12 14:09:27 - [TEST_STEP][PASSED] - Statement - counter = counter + 1: null

2018-12-12 14:09:27 - [TEST_STEP][PASSED] - Statement - PreSaveFile = new java.io.File(((pathPrefix + java.lang.Integer.toString(counter)) + .png)): null

2018-12-12 14:09:27 - [TEST_STEP][PASSED] - Statement - counter = counter + 1: null

2018-12-12 14:09:27 - [TEST_STEP][PASSED] - Statement - PreSaveFile = new java.io.File(((pathPrefix + java.lang.Integer.toString(counter)) + .png)): null

2018-12-12 14:09:27 - [TEST_STEP][PASSED] - Statement - counter = counter + 1: null

2018-12-12 14:09:27 - [TEST_STEP][PASSED] - Statement - PreSaveFile = new java.io.File(((pathPrefix + java.lang.Integer.toString(counter)) + .png)): null

2018-12-12 14:09:27 - [TEST_STEP][PASSED] - Statement - counter = counter + 1: null

2018-12-12 14:09:27 - [TEST_STEP][PASSED] - Statement - PreSaveFile = new java.io.File(((pathPrefix + java.lang.Integer.toString(counter)) + .png)): null

2018-12-12 14:09:27 - [TEST_STEP][PASSED] - Statement - counter = counter + 1: null

2018-12-12 14:09:27 - [TEST_STEP][PASSED] - Statement - PreSaveFile = new java.io.File(((pathPrefix + java.lang.Integer.toString(counter)) + .png)): null

2018-12-12 14:09:27 - [TEST_STEP][PASSED] - Statement - counter = counter + 1: null

2018-12-12 14:09:27 - [TEST_STEP][PASSED] - Statement - PreSaveFile = new java.io.File(((pathPrefix + java.lang.Integer.toString(counter)) + .png)): null

2018-12-12 14:09:27 - [TEST_STEP][PASSED] - Statement - counter = counter + 1: null

2018-12-12 14:09:27 - [TEST_STEP][PASSED] - Statement - PreSaveFile = new java.io.File(((pathPrefix + java.lang.Integer.toString(counter)) + .png)): null

2018-12-12 14:09:27 - [TEST_STEP][PASSED] - Statement - counter = counter + 1: null

2018-12-12 14:09:27 - [TEST_STEP][PASSED] - Statement - PreSaveFile = new java.io.File(((pathPrefix + java.lang.Integer.toString(counter)) + .png)): null

2018-12-12 14:09:27 - [TEST_STEP][PASSED] - Statement - counter = counter + 1: null

2018-12-12 14:09:27 - [TEST_STEP][PASSED] - Statement - PreSaveFile = new java.io.File(((pathPrefix + java.lang.Integer.toString(counter)) + .png)): null

2018-12-12 14:09:27 - [TEST_STEP][PASSED] - Statement - counter = counter + 1: null

2018-12-12 14:09:27 - [TEST_STEP][PASSED] - Statement - PreSaveFile = new java.io.File(((pathPrefix + java.lang.Integer.toString(counter)) + .png)): null

2018-12-12 14:09:27 - [TEST_STEP][PASSED] - Statement - counter = counter + 1: null

2018-12-12 14:09:27 - [TEST_STEP][PASSED] - Statement - PreSaveFile = new java.io.File(((pathPrefix + java.lang.Integer.toString(counter)) + .png)): null

2018-12-12 14:09:27 - [TEST_STEP][PASSED] - Statement - counter = counter + 1: null

2018-12-12 14:09:27 - [TEST_STEP][PASSED] - Statement - PreSaveFile = new java.io.File(((pathPrefix + java.lang.Integer.toString(counter)) + .png)): null

2018-12-12 14:09:27 - [TEST_STEP][PASSED] - Statement - counter = counter + 1: null

2018-12-12 14:09:27 - [TEST_STEP][PASSED] - Statement - PreSaveFile = new java.io.File(((pathPrefix + java.lang.Integer.toString(counter)) + .png)): null

2018-12-12 14:09:27 - [TEST_STEP][PASSED] - Statement - counter = counter + 1: null

2018-12-12 14:09:27 - [TEST_STEP][PASSED] - Statement - PreSaveFile = new java.io.File(((pathPrefix + java.lang.Integer.toString(counter)) + .png)): null

2018-12-12 14:09:27 - [TEST_STEP][PASSED] - Statement - counter = counter + 1: null

2018-12-12 14:09:27 - [TEST_STEP][PASSED] - Statement - PreSaveFile = new java.io.File(((pathPrefix + java.lang.Integer.toString(counter)) + .png)): null

2018-12-12 14:09:27 - [TEST_STEP][PASSED] - Statement - counter = counter + 1: null

2018-12-12 14:09:27 - [TEST_STEP][PASSED] - Statement - PreSaveFile = new java.io.File(((pathPrefix + java.lang.Integer.toString(counter)) + .png)): null

2018-12-12 14:09:27 - [TEST_STEP][PASSED] - Statement - counter = counter + 1: null

2018-12-12 14:09:27 - [TEST_STEP][PASSED] - Statement - PreSaveFile = new java.io.File(((pathPrefix + java.lang.Integer.toString(counter)) + .png)): null

2018-12-12 14:09:27 - [TEST_STEP][PASSED] - Statement - counter = counter + 1: null

2018-12-12 14:09:27 - [TEST_STEP][PASSED] - Statement - PreSaveFile = new java.io.File(((pathPrefix + java.lang.Integer.toString(counter)) + .png)): null

2018-12-12 14:09:27 - [TEST_STEP][PASSED] - Statement - counter = counter + 1: null

2018-12-12 14:09:27 - [TEST_STEP][PASSED] - Statement - PreSaveFile = new java.io.File(((pathPrefix + java.lang.Integer.toString(counter)) + .png)): null

2018-12-12 14:09:27 - [TEST_STEP][PASSED] - Statement - counter = counter + 1: null

2018-12-12 14:09:28 - [TEST_STEP][PASSED] - Statement - PreSaveFile = new java.io.File(((pathPrefix + java.lang.Integer.toString(counter)) + .png)): null

2018-12-12 14:09:28 - [TEST_STEP][PASSED] - Statement - counter = counter + 1: null

2018-12-12 14:09:28 - [TEST_STEP][PASSED] - Statement - PreSaveFile = new java.io.File(((pathPrefix + java.lang.Integer.toString(counter)) + .png)): null

2018-12-12 14:09:28 - [TEST_STEP][PASSED] - Statement - counter = counter + 1: null

2018-12-12 14:09:28 - [TEST_STEP][PASSED] - Statement - PreSaveFile = new java.io.File(((pathPrefix + java.lang.Integer.toString(counter)) + .png)): null

2018-12-12 14:09:28 - [TEST_STEP][PASSED] - Statement - counter = counter + 1: null

2018-12-12 14:09:28 - [TEST_STEP][PASSED] - Statement - PreSaveFile = new java.io.File(((pathPrefix + java.lang.Integer.toString(counter)) + .png)): null

2018-12-12 14:09:28 - [TEST_STEP][PASSED] - Statement - counter = counter + 1: null

2018-12-12 14:09:28 - [TEST_STEP][PASSED] - Statement - PreSaveFile = new java.io.File(((pathPrefix + java.lang.Integer.toString(counter)) + .png)): null

2018-12-12 14:09:28 - [TEST_STEP][PASSED] - Statement - counter = counter + 1: null

2018-12-12 14:09:28 - [TEST_STEP][PASSED] - Statement - PreSaveFile = new java.io.File(((pathPrefix + java.lang.Integer.toString(counter)) + .png)): null

2018-12-12 14:09:28 - [TEST_STEP][PASSED] - Statement - counter = counter + 1: null

2018-12-12 14:09:28 - [TEST_STEP][PASSED] - Statement - PreSaveFile = new java.io.File(((pathPrefix + java.lang.Integer.toString(counter)) + .png)): null

2018-12-12 14:09:28 - [TEST_STEP][PASSED] - Statement - counter = counter + 1: null

2018-12-12 14:09:28 - [TEST_STEP][PASSED] - Statement - PreSaveFile = new java.io.File(((pathPrefix + java.lang.Integer.toString(counter)) + .png)): null

2018-12-12 14:09:28 - [TEST_STEP][PASSED] - Statement - counter = counter + 1: null

2018-12-12 14:09:28 - [TEST_STEP][PASSED] - Statement - PreSaveFile = new java.io.File(((pathPrefix + java.lang.Integer.toString(counter)) + .png)): null

2018-12-12 14:09:28 - [TEST_STEP][PASSED] - Statement - counter = counter + 1: null

2018-12-12 14:09:28 - [TEST_STEP][PASSED] - Statement - PreSaveFile = new java.io.File(((pathPrefix + java.lang.Integer.toString(counter)) + .png)): null

2018-12-12 14:09:28 - [TEST_STEP][PASSED] - Statement - counter = counter + 1: null

2018-12-12 14:09:28 - [TEST_STEP][PASSED] - Statement - PreSaveFile = new java.io.File(((pathPrefix + java.lang.Integer.toString(counter)) + .png)): null

2018-12-12 14:09:28 - [TEST_STEP][PASSED] - Statement - counter = counter + 1: null

2018-12-12 14:09:28 - [TEST_STEP][PASSED] - Statement - PreSaveFile = new java.io.File(((pathPrefix + java.lang.Integer.toString(counter)) + .png)): null

2018-12-12 14:09:28 - [TEST_STEP][PASSED] - Statement - counter = counter + 1: null

2018-12-12 14:09:28 - [TEST_STEP][PASSED] - Statement - PreSaveFile = new java.io.File(((pathPrefix + java.lang.Integer.toString(counter)) + .png)): null

2018-12-12 14:09:28 - [TEST_STEP][PASSED] - Statement - counter = counter + 1: null

2018-12-12 14:09:28 - [TEST_STEP][PASSED] - Statement - PreSaveFile = new java.io.File(((pathPrefix + java.lang.Integer.toString(counter)) + .png)): null

2018-12-12 14:09:28 - [TEST_STEP][PASSED] - Statement - counter = counter + 1: null

2018-12-12 14:09:28 - [TEST_STEP][PASSED] - Statement - PreSaveFile = new java.io.File(((pathPrefix + java.lang.Integer.toString(counter)) + .png)): null

2018-12-12 14:09:28 - [TEST_STEP][PASSED] - Statement - counter = counter + 1: null

2018-12-12 14:09:28 - [TEST_STEP][PASSED] - Statement - PreSaveFile = new java.io.File(((pathPrefix + java.lang.Integer.toString(counter)) + .png)): null

2018-12-12 14:09:28 - [TEST_STEP][PASSED] - Statement - counter = counter + 1: null

2018-12-12 14:09:28 - [TEST_STEP][PASSED] - Statement - PreSaveFile = new java.io.File(((pathPrefix + java.lang.Integer.toString(counter)) + .png)): null

2018-12-12 14:09:28 - [TEST_STEP][PASSED] - Statement - counter = counter + 1: null

2018-12-12 14:09:28 - [TEST_STEP][PASSED] - Statement - PreSaveFile = new java.io.File(((pathPrefix + java.lang.Integer.toString(counter)) + .png)): null

2018-12-12 14:09:28 - [TEST_STEP][PASSED] - Statement - counter = counter + 1: null

2018-12-12 14:09:28 - [TEST_STEP][PASSED] - Statement - PreSaveFile = new java.io.File(((pathPrefix + java.lang.Integer.toString(counter)) + .png)): null

2018-12-12 14:09:28 - [TEST_STEP][PASSED] - Statement - counter = counter + 1: null

2018-12-12 14:09:28 - [TEST_STEP][PASSED] - Statement - PreSaveFile = new java.io.File(((pathPrefix + java.lang.Integer.toString(counter)) + .png)): null

2018-12-12 14:09:28 - [TEST_STEP][PASSED] - Statement - counter = counter + 1: null

2018-12-12 14:09:28 - [TEST_STEP][PASSED] - Statement - PreSaveFile = new java.io.File(((pathPrefix + java.lang.Integer.toString(counter)) + .png)): null

2018-12-12 14:09:28 - [TEST_STEP][PASSED] - Statement - counter = counter + 1: null

2018-12-12 14:09:28 - [TEST_STEP][PASSED] - Statement - PreSaveFile = new java.io.File(((pathPrefix + java.lang.Integer.toString(counter)) + .png)): null

2018-12-12 14:09:28 - [TEST_STEP][PASSED] - Statement - counter = counter + 1: null

2018-12-12 14:09:28 - [TEST_STEP][PASSED] - Statement - PreSaveFile = new java.io.File(((pathPrefix + java.lang.Integer.toString(counter)) + .png)): null

2018-12-12 14:09:28 - [TEST_STEP][PASSED] - Statement - counter = counter + 1: null

2018-12-12 14:09:28 - [TEST_STEP][PASSED] - Statement - PreSaveFile = new java.io.File(((pathPrefix + java.lang.Integer.toString(counter)) + .png)): null

2018-12-12 14:09:28 - [TEST_STEP][PASSED] - Statement - counter = counter + 1: null

2018-12-12 14:09:28 - [TEST_STEP][PASSED] - Statement - PreSaveFile = new java.io.File(((pathPrefix + java.lang.Integer.toString(counter)) + .png)): null

2018-12-12 14:09:28 - [TEST_STEP][PASSED] - Statement - counter = counter + 1: null

2018-12-12 14:09:28 - [TEST_STEP][PASSED] - Statement - PreSaveFile = new java.io.File(((pathPrefix + java.lang.Integer.toString(counter)) + .png)): null

2018-12-12 14:09:28 - [TEST_STEP][PASSED] - Statement - counter = counter + 1: null

2018-12-12 14:09:28 - [TEST_STEP][PASSED] - Statement - PreSaveFile = new java.io.File(((pathPrefix + java.lang.Integer.toString(counter)) + .png)): null

2018-12-12 14:09:28 - [TEST_STEP][PASSED] - Statement - counter = counter + 1: null

2018-12-12 14:09:28 - [TEST_STEP][PASSED] - Statement - PreSaveFile = new java.io.File(((pathPrefix + java.lang.Integer.toString(counter)) + .png)): null

2018-12-12 14:09:28 - [TEST_STEP][PASSED] - Statement - counter = counter + 1: null

2018-12-12 14:09:28 - [TEST_STEP][PASSED] - Statement - PreSaveFile = new java.io.File(((pathPrefix + java.lang.Integer.toString(counter)) + .png)): null

2018-12-12 14:09:28 - [TEST_STEP][PASSED] - Statement - counter = counter + 1: null

2018-12-12 14:09:28 - [TEST_STEP][PASSED] - Statement - PreSaveFile = new java.io.File(((pathPrefix + java.lang.Integer.toString(counter)) + .png)): null

2018-12-12 14:09:28 - [TEST_STEP][PASSED] - Statement - counter = counter + 1: null

2018-12-12 14:09:28 - [TEST_STEP][PASSED] - Statement - PreSaveFile = new java.io.File(((pathPrefix + java.lang.Integer.toString(counter)) + .png)): null

2018-12-12 14:09:28 - [TEST_STEP][PASSED] - Statement - counter = counter + 1: null

2018-12-12 14:09:28 - [TEST_STEP][PASSED] - Statement - PreSaveFile = new java.io.File(((pathPrefix + java.lang.Integer.toString(counter)) + .png)): null

2018-12-12 14:09:28 - [TEST_STEP][PASSED] - Statement - counter = counter + 1: null

2018-12-12 14:09:28 - [TEST_STEP][PASSED] - Statement - PreSaveFile = new java.io.File(((pathPrefix + java.lang.Integer.toString(counter)) + .png)): null

2018-12-12 14:09:28 - [TEST_STEP][PASSED] - Statement - counter = counter + 1: null

2018-12-12 14:09:28 - [TEST_STEP][PASSED] - Statement - PreSaveFile = new java.io.File(((pathPrefix + java.lang.Integer.toString(counter)) + .png)): null

2018-12-12 14:09:28 - [TEST_STEP][PASSED] - Statement - counter = counter + 1: null

2018-12-12 14:09:28 - [TEST_STEP][PASSED] - Statement - PreSaveFile = new java.io.File(((pathPrefix + java.lang.Integer.toString(counter)) + .png)): null

2018-12-12 14:09:28 - [TEST_STEP][PASSED] - Statement - counter = counter + 1: null

2018-12-12 14:09:28 - [TEST_STEP][PASSED] - Statement - PreSaveFile = new java.io.File(((pathPrefix + java.lang.Integer.toString(counter)) + .png)): null

2018-12-12 14:09:28 - [TEST_STEP][PASSED] - Statement - counter = counter + 1: null

2018-12-12 14:09:28 - [TEST_STEP][PASSED] - Statement - PreSaveFile = new java.io.File(((pathPrefix + java.lang.Integer.toString(counter)) + .png)): null

2018-12-12 14:09:28 - [TEST_STEP][PASSED] - Statement - counter = counter + 1: null

2018-12-12 14:09:28 - [TEST_STEP][PASSED] - Statement - PreSaveFile = new java.io.File(((pathPrefix + java.lang.Integer.toString(counter)) + .png)): null

2018-12-12 14:09:28 - [TEST_STEP][PASSED] - Statement - counter = counter + 1: null

2018-12-12 14:09:28 - [TEST_STEP][PASSED] - Statement - PreSaveFile = new java.io.File(((pathPrefix + java.lang.Integer.toString(counter)) + .png)): null

2018-12-12 14:09:28 - [TEST_STEP][PASSED] - Statement - counter = counter + 1: null

2018-12-12 14:09:28 - [TEST_STEP][PASSED] - Statement - PreSaveFile = new java.io.File(((pathPrefix + java.lang.Integer.toString(counter)) + .png)): null

2018-12-12 14:09:28 - [TEST_STEP][PASSED] - Statement - counter = counter + 1: null

2018-12-12 14:09:28 - [TEST_STEP][PASSED] - Statement - PreSaveFile = new java.io.File(((pathPrefix + java.lang.Integer.toString(counter)) + .png)): null

2018-12-12 14:09:28 - [TEST_STEP][PASSED] - Statement - counter = counter + 1: null

2018-12-12 14:09:28 - [TEST_STEP][PASSED] - Statement - PreSaveFile = new java.io.File(((pathPrefix + java.lang.Integer.toString(counter)) + .png)): null

2018-12-12 14:09:28 - [TEST_STEP][PASSED] - Statement - counter = counter + 1: null

2018-12-12 14:09:28 - [TEST_STEP][PASSED] - Statement - PreSaveFile = new java.io.File(((pathPrefix + java.lang.Integer.toString(counter)) + .png)): null

2018-12-12 14:09:28 - [TEST_STEP][PASSED] - Statement - counter = counter + 1: null

2018-12-12 14:09:28 - [TEST_STEP][PASSED] - Statement - PreSaveFile = new java.io.File(((pathPrefix + java.lang.Integer.toString(counter)) + .png)): null

2018-12-12 14:09:28 - [TEST_STEP][PASSED] - Statement - counter = counter + 1: null

2018-12-12 14:09:28 - [TEST_STEP][PASSED] - Statement - PreSaveFile = new java.io.File(((pathPrefix + java.lang.Integer.toString(counter)) + .png)): null

2018-12-12 14:09:28 - [TEST_STEP][PASSED] - Statement - counter = counter + 1: null

2018-12-12 14:09:28 - [TEST_STEP][PASSED] - Statement - PreSaveFile = new java.io.File(((pathPrefix + java.lang.Integer.toString(counter)) + .png)): null

2018-12-12 14:09:28 - [TEST_STEP][PASSED] - Statement - counter = counter + 1: null

2018-12-12 14:09:28 - [TEST_STEP][PASSED] - Statement - PreSaveFile = new java.io.File(((pathPrefix + java.lang.Integer.toString(counter)) + .png)): null

2018-12-12 14:09:28 - [TEST_STEP][PASSED] - Statement - counter = counter + 1: null

2018-12-12 14:09:28 - [TEST_STEP][PASSED] - Statement - PreSaveFile = new java.io.File(((pathPrefix + java.lang.Integer.toString(counter)) + .png)): null

2018-12-12 14:09:28 - [TEST_STEP][PASSED] - Statement - counter = counter + 1: null

2018-12-12 14:09:28 - [TEST_STEP][PASSED] - Statement - PreSaveFile = new java.io.File(((pathPrefix + java.lang.Integer.toString(counter)) + .png)): null

2018-12-12 14:09:28 - [TEST_STEP][PASSED] - Statement - counter = counter + 1: null

2018-12-12 14:09:28 - [TEST_STEP][PASSED] - Statement - PreSaveFile = new java.io.File(((pathPrefix + java.lang.Integer.toString(counter)) + .png)): null

2018-12-12 14:09:28 - [TEST_STEP][PASSED] - Statement - counter = counter + 1: null

2018-12-12 14:09:28 - [TEST_STEP][PASSED] - Statement - PreSaveFile = new java.io.File(((pathPrefix + java.lang.Integer.toString(counter)) + .png)): null

2018-12-12 14:09:28 - [TEST_STEP][PASSED] - Statement - counter = counter + 1: null

2018-12-12 14:09:28 - [TEST_STEP][PASSED] - Statement - PreSaveFile = new java.io.File(((pathPrefix + java.lang.Integer.toString(counter)) + .png)): null

2018-12-12 14:09:28 - [TEST_STEP][PASSED] - Statement - counter = counter + 1: null

2018-12-12 14:09:28 - [TEST_STEP][PASSED] - Statement - PreSaveFile = new java.io.File(((pathPrefix + java.lang.Integer.toString(counter)) + .png)): null

2018-12-12 14:09:28 - [TEST_STEP][PASSED] - Statement - counter = counter + 1: null

2018-12-12 14:09:28 - [TEST_STEP][PASSED] - Statement - PreSaveFile = new java.io.File(((pathPrefix + java.lang.Integer.toString(counter)) + .png)): null

2018-12-12 14:09:28 - [TEST_STEP][PASSED] - Statement - counter = counter + 1: null

2018-12-12 14:09:28 - [TEST_STEP][PASSED] - Statement - PreSaveFile = new java.io.File(((pathPrefix + java.lang.Integer.toString(counter)) + .png)): null

2018-12-12 14:09:28 - [TEST_STEP][PASSED] - Statement - counter = counter + 1: null

2018-12-12 14:09:28 - [TEST_STEP][PASSED] - Statement - PreSaveFile = new java.io.File(((pathPrefix + java.lang.Integer.toString(counter)) + .png)): null

2018-12-12 14:09:28 - [TEST_STEP][PASSED] - Statement - counter = counter + 1: null

2018-12-12 14:09:28 - [TEST_STEP][PASSED] - Statement - PreSaveFile = new java.io.File(((pathPrefix + java.lang.Integer.toString(counter)) + .png)): null

2018-12-12 14:09:28 - [TEST_STEP][PASSED] - Statement - counter = counter + 1: null

2018-12-12 14:09:28 - [TEST_STEP][PASSED] - Statement - PreSaveFile = new java.io.File(((pathPrefix + java.lang.Integer.toString(counter)) + .png)): null

2018-12-12 14:09:28 - [TEST_STEP][PASSED] - Statement - counter = counter + 1: null

2018-12-12 14:09:28 - [TEST_STEP][PASSED] - Statement - PreSaveFile = new java.io.File(((pathPrefix + java.lang.Integer.toString(counter)) + .png)): null

2018-12-12 14:09:28 - [TEST_STEP][PASSED] - Statement - counter = counter + 1: null

2018-12-12 14:09:28 - [TEST_STEP][PASSED] - Statement - PreSaveFile = new java.io.File(((pathPrefix + java.lang.Integer.toString(counter)) + .png)): null

2018-12-12 14:09:28 - [TEST_STEP][PASSED] - Statement - counter = counter + 1: null

2018-12-12 14:09:28 - [TEST_STEP][PASSED] - Statement - PreSaveFile = new java.io.File(((pathPrefix + java.lang.Integer.toString(counter)) + .png)): null

2018-12-12 14:09:28 - [TEST_STEP][PASSED] - Statement - counter = counter + 1: null

2018-12-12 14:09:28 - [TEST_STEP][PASSED] - Statement - PreSaveFile = new java.io.File(((pathPrefix + java.lang.Integer.toString(counter)) + .png)): null

2018-12-12 14:09:28 - [TEST_STEP][PASSED] - Statement - counter = counter + 1: null

2018-12-12 14:09:28 - [TEST_STEP][PASSED] - Statement - PreSaveFile = new java.io.File(((pathPrefix + java.lang.Integer.toString(counter)) + .png)): null

2018-12-12 14:09:28 - [TEST_STEP][PASSED] - Statement - counter = counter + 1: null

2018-12-12 14:09:28 - [TEST_STEP][PASSED] - Statement - PreSaveFile = new java.io.File(((pathPrefix + java.lang.Integer.toString(counter)) + .png)): null

2018-12-12 14:09:28 - [TEST_STEP][PASSED] - Statement - counter = counter + 1: null

2018-12-12 14:09:28 - [TEST_STEP][PASSED] - Statement - PreSaveFile = new java.io.File(((pathPrefix + java.lang.Integer.toString(counter)) + .png)): null

2018-12-12 14:09:28 - [TEST_STEP][PASSED] - Statement - counter = counter + 1: null

2018-12-12 14:09:28 - [TEST_STEP][PASSED] - Statement - PreSaveFile = new java.io.File(((pathPrefix + java.lang.Integer.toString(counter)) + .png)): null

2018-12-12 14:09:28 - [TEST_STEP][PASSED] - Statement - counter = counter + 1: null

2018-12-12 14:09:28 - [TEST_STEP][PASSED] - Statement - PreSaveFile = new java.io.File(((pathPrefix + java.lang.Integer.toString(counter)) + .png)): null

2018-12-12 14:09:28 - [TEST_STEP][PASSED] - Statement - counter = counter + 1: null

2018-12-12 14:09:28 - [TEST_STEP][PASSED] - Statement - PreSaveFile = new java.io.File(((pathPrefix + java.lang.Integer.toString(counter)) + .png)): null

2018-12-12 14:09:28 - [TEST_STEP][PASSED] - Statement - counter = counter + 1: null

2018-12-12 14:09:28 - [TEST_STEP][PASSED] - Statement - PreSaveFile = new java.io.File(((pathPrefix + java.lang.Integer.toString(counter)) + .png)): null

2018-12-12 14:09:28 - [TEST_STEP][PASSED] - Statement - counter = counter + 1: null

2018-12-12 14:09:28 - [TEST_STEP][PASSED] - Statement - PreSaveFile = new java.io.File(((pathPrefix + java.lang.Integer.toString(counter)) + .png)): null

2018-12-12 14:09:28 - [TEST_STEP][PASSED] - Statement - counter = counter + 1: null

2018-12-12 14:09:28 - [TEST_STEP][PASSED] - Statement - PreSaveFile = new java.io.File(((pathPrefix + java.lang.Integer.toString(counter)) + .png)): null

2018-12-12 14:09:28 - [TEST_STEP][PASSED] - Statement - counter = counter + 1: null

2018-12-12 14:09:28 - [TEST_STEP][PASSED] - Statement - PreSaveFile = new java.io.File(((pathPrefix + java.lang.Integer.toString(counter)) + .png)): null

2018-12-12 14:09:28 - [TEST_STEP][PASSED] - Statement - counter = counter + 1: null

2018-12-12 14:09:28 - [TEST_STEP][PASSED] - Statement - PreSaveFile = new java.io.File(((pathPrefix + java.lang.Integer.toString(counter)) + .png)): null

2018-12-12 14:09:28 - [TEST_STEP][PASSED] - Statement - counter = counter + 1: null

2018-12-12 14:09:28 - [TEST_STEP][PASSED] - Statement - PreSaveFile = new java.io.File(((pathPrefix + java.lang.Integer.toString(counter)) + .png)): null

2018-12-12 14:09:28 - [TEST_STEP][PASSED] - Statement - counter = counter + 1: null

2018-12-12 14:09:28 - [TEST_STEP][PASSED] - Statement - PreSaveFile = new java.io.File(((pathPrefix + java.lang.Integer.toString(counter)) + .png)): null

2018-12-12 14:09:28 - [TEST_STEP][PASSED] - Statement - counter = counter + 1: null

2018-12-12 14:09:28 - [TEST_STEP][PASSED] - Statement - PreSaveFile = new java.io.File(((pathPrefix + java.lang.Integer.toString(counter)) + .png)): null

2018-12-12 14:09:28 - [TEST_STEP][PASSED] - Statement - counter = counter + 1: null

2018-12-12 14:09:28 - [TEST_STEP][PASSED] - Statement - PreSaveFile = new java.io.File(((pathPrefix + java.lang.Integer.toString(counter)) + .png)): null

2018-12-12 14:09:28 - [TEST_STEP][PASSED] - Statement - counter = counter + 1: null

2018-12-12 14:09:28 - [TEST_STEP][PASSED] - Statement - PreSaveFile = new java.io.File(((pathPrefix + java.lang.Integer.toString(counter)) + .png)): null

2018-12-12 14:09:28 - [TEST_STEP][PASSED] - Statement - counter = counter + 1: null

2018-12-12 14:09:28 - [TEST_STEP][PASSED] - Statement - PreSaveFile = new java.io.File(((pathPrefix + java.lang.Integer.toString(counter)) + .png)): null

2018-12-12 14:09:28 - [TEST_STEP][PASSED] - Statement - counter = counter + 1: null

2018-12-12 14:09:28 - [TEST_STEP][PASSED] - Statement - PreSaveFile = new java.io.File(((pathPrefix + java.lang.Integer.toString(counter)) + .png)): null

2018-12-12 14:09:28 - [TEST_STEP][PASSED] - Statement - counter = counter + 1: null

2018-12-12 14:09:28 - [TEST_STEP][PASSED] - Statement - PreSaveFile = new java.io.File(((pathPrefix + java.lang.Integer.toString(counter)) + .png)): null

2018-12-12 14:09:28 - [TEST_STEP][PASSED] - Statement - counter = counter + 1: null

2018-12-12 14:09:28 - [TEST_STEP][PASSED] - Statement - PreSaveFile = new java.io.File(((pathPrefix + java.lang.Integer.toString(counter)) + .png)): null

2018-12-12 14:09:28 - [TEST_STEP][PASSED] - Statement - counter = counter + 1: null

2018-12-12 14:09:28 - [TEST_STEP][PASSED] - Statement - PreSaveFile = new java.io.File(((pathPrefix + java.lang.Integer.toString(counter)) + .png)): null

2018-12-12 14:09:28 - [TEST_STEP][PASSED] - Statement - counter = counter + 1: null

2018-12-12 14:09:28 - [TEST_STEP][PASSED] - Statement - PreSaveFile = new java.io.File(((pathPrefix + java.lang.Integer.toString(counter)) + .png)): null

2018-12-12 14:09:28 - [TEST_STEP][PASSED] - Statement - counter = counter + 1: null

2018-12-12 14:09:28 - [TEST_STEP][PASSED] - Statement - PreSaveFile = new java.io.File(((pathPrefix + java.lang.Integer.toString(counter)) + .png)): null

2018-12-12 14:09:28 - [TEST_STEP][PASSED] - Statement - counter = counter + 1: null

2018-12-12 14:09:28 - [TEST_STEP][PASSED] - Statement - PreSaveFile = new java.io.File(((pathPrefix + java.lang.Integer.toString(counter)) + .png)): null

2018-12-12 14:09:28 - [TEST_STEP][PASSED] - Statement - counter = counter + 1: null

2018-12-12 14:09:28 - [TEST_STEP][PASSED] - Statement - PreSaveFile = new java.io.File(((pathPrefix + java.lang.Integer.toString(counter)) + .png)): null

2018-12-12 14:09:28 - [TEST_STEP][PASSED] - Statement - counter = counter + 1: null

2018-12-12 14:09:28 - [TEST_STEP][PASSED] - Statement - PreSaveFile = new java.io.File(((pathPrefix + java.lang.Integer.toString(counter)) + .png)): null

2018-12-12 14:09:28 - [TEST_STEP][PASSED] - Statement - counter = counter + 1: null

2018-12-12 14:09:28 - [TEST_STEP][PASSED] - Statement - PreSaveFile = new java.io.File(((pathPrefix + java.lang.Integer.toString(counter)) + .png)): null

2018-12-12 14:09:28 - [TEST_STEP][PASSED] - Statement - counter = counter + 1: null

2018-12-12 14:09:28 - [TEST_STEP][PASSED] - Statement - PreSaveFile = new java.io.File(((pathPrefix + java.lang.Integer.toString(counter)) + .png)): null

2018-12-12 14:09:28 - [TEST_STEP][PASSED] - Statement - counter = counter + 1: null

2018-12-12 14:09:28 - [TEST_STEP][PASSED] - Statement - PreSaveFile = new java.io.File(((pathPrefix + java.lang.Integer.toString(counter)) + .png)): null

2018-12-12 14:09:28 - [TEST_STEP][PASSED] - Statement - counter = counter + 1: null

2018-12-12 14:09:28 - [TEST_STEP][PASSED] - Statement - PreSaveFile = new java.io.File(((pathPrefix + java.lang.Integer.toString(counter)) + .png)): null

2018-12-12 14:09:28 - [TEST_STEP][PASSED] - Statement - counter = counter + 1: null

2018-12-12 14:09:28 - [TEST_STEP][PASSED] - Statement - PreSaveFile = new java.io.File(((pathPrefix + java.lang.Integer.toString(counter)) + .png)): null

2018-12-12 14:09:28 - [TEST_STEP][PASSED] - Statement - counter = counter + 1: null

2018-12-12 14:09:28 - [TEST_STEP][PASSED] - Statement - PreSaveFile = new java.io.File(((pathPrefix + java.lang.Integer.toString(counter)) + .png)): null

2018-12-12 14:09:28 - [TEST_STEP][PASSED] - Statement - counter = counter + 1: null

2018-12-12 14:09:28 - [TEST_STEP][PASSED] - Statement - PreSaveFile = new java.io.File(((pathPrefix + java.lang.Integer.toString(counter)) + .png)): null

2018-12-12 14:09:28 - [TEST_STEP][PASSED] - Statement - counter = counter + 1: null

2018-12-12 14:09:28 - [TEST_STEP][PASSED] - Statement - PreSaveFile = new java.io.File(((pathPrefix + java.lang.Integer.toString(counter)) + .png)): null

2018-12-12 14:09:28 - [TEST_STEP][PASSED] - Statement - counter = counter + 1: null

2018-12-12 14:09:28 - [TEST_STEP][PASSED] - Statement - PreSaveFile = new java.io.File(((pathPrefix + java.lang.Integer.toString(counter)) + .png)): null

2018-12-12 14:09:28 - [TEST_STEP][PASSED] - Statement - counter = counter + 1: null

2018-12-12 14:09:28 - [TEST_STEP][PASSED] - Statement - PreSaveFile = new java.io.File(((pathPrefix + java.lang.Integer.toString(counter)) + .png)): null

2018-12-12 14:09:28 - [TEST_STEP][PASSED] - Statement - counter = counter + 1: null

2018-12-12 14:09:28 - [TEST_STEP][PASSED] - Statement - PreSaveFile = new java.io.File(((pathPrefix + java.lang.Integer.toString(counter)) + .png)): null

2018-12-12 14:09:28 - [TEST_STEP][PASSED] - Statement - counter = counter + 1: null

2018-12-12 14:09:28 - [TEST_STEP][PASSED] - Statement - PreSaveFile = new java.io.File(((pathPrefix + java.lang.Integer.toString(counter)) + .png)): null

2018-12-12 14:09:28 - [TEST_STEP][PASSED] - Statement - counter = counter + 1: null

2018-12-12 14:09:28 - [TEST_STEP][PASSED] - Statement - PreSaveFile = new java.io.File(((pathPrefix + java.lang.Integer.toString(counter)) + .png)): null

2018-12-12 14:09:28 - [TEST_STEP][PASSED] - Statement - counter = counter + 1: null

2018-12-12 14:09:28 - [TEST_STEP][PASSED] - Statement - PreSaveFile = new java.io.File(((pathPrefix + java.lang.Integer.toString(counter)) + .png)): null

2018-12-12 14:09:28 - [TEST_STEP][PASSED] - Statement - counter = counter + 1: null

2018-12-12 14:09:28 - [TEST_STEP][PASSED] - Statement - PreSaveFile = new java.io.File(((pathPrefix + java.lang.Integer.toString(counter)) + .png)): null

2018-12-12 14:09:28 - [TEST_STEP][PASSED] - Statement - counter = counter + 1: null

2018-12-12 14:09:28 - [TEST_STEP][PASSED] - Statement - PreSaveFile = new java.io.File(((pathPrefix + java.lang.Integer.toString(counter)) + .png)): null

2018-12-12 14:09:28 - [TEST_STEP][PASSED] - Statement - counter = counter + 1: null

2018-12-12 14:09:28 - [TEST_STEP][PASSED] - Statement - PreSaveFile = new java.io.File(((pathPrefix + java.lang.Integer.toString(counter)) + .png)): null

2018-12-12 14:09:28 - [TEST_STEP][PASSED] - Statement - counter = counter + 1: null

2018-12-12 14:09:28 - [TEST_STEP][PASSED] - Statement - PreSaveFile = new java.io.File(((pathPrefix + java.lang.Integer.toString(counter)) + .png)): null

2018-12-12 14:09:28 - [TEST_STEP][PASSED] - Statement - finalPath = pathPrefix + java.lang.Integer.toString(counter) + ".png": null

2018-12-12 14:09:28 - [TEST_STEP][PASSED] - Statement - SaveFile = new java.io.File(finalPath): null

2018-12-12 14:09:28 - [TEST_STEP][PASSED] - Statement - Try: null

2018-12-12 14:09:28 - [TEST_STEP][PASSED] - Statement - org.apache.commons.io.FileUtils.copyFile(scrFile, SaveFile): null

2018-12-12 14:09:28 - [TEST_STEP][PASSED] - Statement - out.println("file kept"): null

2018-12-12 14:09:28 - [TEST_STEP][PASSED] - delay: Delayed 10 second(s)

2018-12-12 14:09:38 - [MESSAGE][PASSED] - Delayed 10 second(s)

2018-12-12 14:09:38 - [MESSAGE][PASSED] - Call Test Case 'Test Cases/Final Aug 2018 - PKS Automation/Common/Screenshoting tool' successfully]]></system-out>
         <system-err><![CDATA[]]></system-err>
      </testcase>
      <system-out><![CDATA[2018-12-12 13:53:36 - [TEST_SUITE][PASSED] - Update Add New Employee: Test Cases/Final Aug 2018 - PKS Automation/Registration Module/Workflow/Update Add New Employee/Special Case (OTC - RO Query - OTC Upload Pending Case - RO Approve)]]></system-out>
      <system-err><![CDATA[]]></system-err>
   </testsuite>
</testsuites>
