<?xml version="1.0" encoding="UTF-8"?>
<testsuites name="Form 3 EIS - Cessation as Employer" time="3663" tests="11" failures="1" errors="0">
   <testsuite name="Form 3 EIS - Cessation as Employer" tests="11" failures="1" errors="0" time="3663" timestamp="2018-12-06 20:40:24" hostname="Admin - Win7Test02" id="Test Suites/Workflow/Form 3 EIS - Cessation as Employer">
      <properties>
         <property name="deviceName" value=""/>
         <property name="devicePlatform" value=""/>
         <property name="logFolder" value="C:\\Users\\Admin\\Desktop\\PKS\\Perkeso Phase A\\Reports\\Workflow\\Form 3 EIS - Cessation as Employer\\20181206_171414"/>
         <property name="logFiles" value="C:\\Users\\Admin\\Desktop\\PKS\\Perkeso Phase A\\Reports\\Workflow\\Form 3 EIS - Cessation as Employer\\20181206_171414\\execution0.log"/>
         <property name="attachments" value="C:\\Users\\Admin\\Desktop\\PKS\\Perkeso Phase A\\Reports\\Workflow\\Form 3 EIS - Cessation as Employer\\20181206_171414\\1544103044467.png, C:\\Users\\Admin\\Desktop\\PKS\\Perkeso Phase A\\Reports\\Workflow\\Form 3 EIS - Cessation as Employer\\20181206_171414\\1544103079179.png, C:\\Users\\Admin\\Desktop\\PKS\\Perkeso Phase A\\Reports\\Workflow\\Form 3 EIS - Cessation as Employer\\20181206_171414\\1544103114315.png, C:\\Users\\Admin\\Desktop\\PKS\\Perkeso Phase A\\Reports\\Workflow\\Form 3 EIS - Cessation as Employer\\20181206_171414\\1544103153242.png, C:\\Users\\Admin\\Desktop\\PKS\\Perkeso Phase A\\Reports\\Workflow\\Form 3 EIS - Cessation as Employer\\20181206_171414\\1544103187044.png, C:\\Users\\Admin\\Desktop\\PKS\\Perkeso Phase A\\Reports\\Workflow\\Form 3 EIS - Cessation as Employer\\20181206_171414\\1544103222072.png, C:\\Users\\Admin\\Desktop\\PKS\\Perkeso Phase A\\Reports\\Workflow\\Form 3 EIS - Cessation as Employer\\20181206_171414\\1544103258050.png, C:\\Users\\Admin\\Desktop\\PKS\\Perkeso Phase A\\Reports\\Workflow\\Form 3 EIS - Cessation as Employer\\20181206_171414\\1544103293202.png"/>
         <property name="hostName" value="Admin - Win7Test02"/>
         <property name="os" value="Windows 7 64bit"/>
         <property name="katalonVersion" value="5.8.6.1"/>
         <property name="browser" value="Chrome 70.0.3538.110"/>
         <property name="hostAddress" value="10.20.3.72"/>
         <property name="sessionId" value="f74efd4f55b471e403c63c7376dfe7b9"/>
         <property name="seleniumVersion" value="3.7.1"/>
         <property name="proxyInformation" value="ProxyInformation{proxyOption=NO_PROXY, proxyServerType=HTTP, password=, proxyServerAddress=, proxyServerPort=0}"/>
         <property name="platform" value="Windows 7"/>
      </properties>
      <testcase name="Test Cases/Final Aug 2018 - PKS Automation/Registration Module/Workflow/Form 3 EIS - Cessation As Employer/Employer to UO (Approve)" classname="Test Cases/Final Aug 2018 - PKS Automation/Registration Module/Workflow/Form 3 EIS - Cessation As Employer/Employer to UO (Approve)" status="PASSED">
         <system-out><![CDATA[2018-12-06 20:40:25 - [TEST_CASE][PASSED] - Test Cases/Final Aug 2018 - PKS Automation/Registration Module/Workflow/Form 3 EIS - Cessation As Employer/Employer to UO (Approve): Test Cases/Final Aug 2018 - PKS Automation/Registration Module/Workflow/Form 3 EIS - Cessation As Employer/Employer to UO (Approve)

2018-12-06 20:40:25 - [TEST_STEP][PASSED] - callTestCase: Call Test Case 'Test Cases/Final Aug 2018 - PKS Automation/Registration Module/Workflow/Form 3 EIS - Cessation As Employer/Template/Form 3 A - Cessation As Employer (Employer)' successfully

2018-12-06 20:40:25 - [TEST_CASE][PASSED] - Test Cases/Final Aug 2018 - PKS Automation/Registration Module/Workflow/Form 3 EIS - Cessation As Employer/Template/Form 3 A - Cessation As Employer (Employer): Test Cases/Final Aug 2018 - PKS Automation/Registration Module/Workflow/Form 3 EIS - Cessation As Employer/Template/Form 3 A - Cessation As Employer (Employer)

2018-12-06 20:40:26 - [TEST_STEP][PASSED] - callTestCase: Call Test Case 'Test Cases/Final Aug 2018 - PKS Automation/Registration Module/Workflow/Update Add New Employee/Template/New Company for Update Add New - Employer' successfully

2018-12-06 20:40:26 - [TEST_CASE][PASSED] - Test Cases/Final Aug 2018 - PKS Automation/Registration Module/Workflow/Update Add New Employee/Template/New Company for Update Add New - Employer: Test Cases/Final Aug 2018 - PKS Automation/Registration Module/Workflow/Update Add New Employee/Template/New Company for Update Add New - Employer

2018-12-06 20:40:26 - [TEST_STEP][PASSED] - callTestCase: Call Test Case 'Test Cases/Final Aug 2018 - PKS Automation/Create Employer Acc/Create Employer Account' successfully

2018-12-06 20:40:26 - [TEST_CASE][PASSED] - Test Cases/Final Aug 2018 - PKS Automation/Create Employer Acc/Create Employer Account: Test Cases/Final Aug 2018 - PKS Automation/Create Employer Acc/Create Employer Account

2018-12-06 20:40:26 - [TEST_STEP][PASSED] - callTestCase: Call Test Case 'Test Cases/Final Aug 2018 - PKS Automation/Create Employer Acc/Template/Register Employer' successfully

2018-12-06 20:40:26 - [TEST_CASE][PASSED] - Test Cases/Final Aug 2018 - PKS Automation/Create Employer Acc/Template/Register Employer: Test Cases/Final Aug 2018 - PKS Automation/Create Employer Acc/Template/Register Employer

2018-12-06 20:40:27 - [TEST_STEP][PASSED] - openBrowser: Browser is opened with url: ''

2018-12-06 20:40:32 - [MESSAGE][PASSED] - Browser is opened with url: ''

2018-12-06 20:40:32 - [TEST_STEP][PASSED] - navigateToUrl: Navigate to 'https://assist2-uat.perkeso.gov.my/login' successfully

2018-12-06 20:40:33 - [MESSAGE][PASSED] - Navigate to 'https://assist2-uat.perkeso.gov.my/login' successfully

2018-12-06 20:40:33 - [TEST_STEP][PASSED] - setText: Text 'johorotc1@gmail.com' is set on object 'Object Repository/Final Object Repo/Login Page/Internal User/Email Address'

2018-12-06 20:40:33 - [MESSAGE][PASSED] - Text 'johorotc1@gmail.com' is set on object 'Object Repository/Final Object Repo/Login Page/Internal User/Email Address'

2018-12-06 20:40:33 - [TEST_STEP][PASSED] - click: Object: 'Object Repository/Final Object Repo/Login Page/Internal User/Next Button' is clicked on

2018-12-06 20:40:34 - [MESSAGE][PASSED] - Object: 'Object Repository/Final Object Repo/Login Page/Internal User/Next Button' is clicked on

2018-12-06 20:40:34 - [TEST_STEP][PASSED] - delay: Delayed 1 second(s)

2018-12-06 20:40:35 - [MESSAGE][PASSED] - Delayed 1 second(s)

2018-12-06 20:40:35 - [TEST_STEP][PASSED] - setEncryptedText: Text ****** has been set on object 'Object Repository/Final Object Repo/Login Page/Internal User/Password'

2018-12-06 20:40:35 - [MESSAGE][PASSED] - Text ****** has been set on object 'Object Repository/Final Object Repo/Login Page/Internal User/Password'

2018-12-06 20:40:35 - [TEST_STEP][PASSED] - click: Object: 'Object Repository/Final Object Repo/Login Page/Internal User/Login Button' is clicked on

2018-12-06 20:40:35 - [MESSAGE][PASSED] - Object: 'Object Repository/Final Object Repo/Login Page/Internal User/Login Button' is clicked on

2018-12-06 20:40:35 - [TEST_STEP][PASSED] - delay: Delayed 1 second(s)

2018-12-06 20:40:36 - [MESSAGE][PASSED] - Delayed 1 second(s)

2018-12-06 20:40:36 - [TEST_STEP][PASSED] - navigateToUrl: Navigate to 'https://assist2-uat.perkeso.gov.my/web/base/portal-id/registration' successfully

2018-12-06 20:40:38 - [MESSAGE][PASSED] - Navigate to 'https://assist2-uat.perkeso.gov.my/web/base/portal-id/registration' successfully

2018-12-06 20:40:38 - [TEST_STEP][PASSED] - setText: Text 'AUTOMATION EMPLOYER' is set on object 'Object Repository/Final Object Repo/Creating Employer Account/Page_Registration - ASSIST (Base)/Employer Name'

2018-12-06 20:40:38 - [MESSAGE][PASSED] - Text 'AUTOMATION EMPLOYER' is set on object 'Object Repository/Final Object Repo/Creating Employer Account/Page_Registration - ASSIST (Base)/Employer Name'

2018-12-06 20:40:38 - [TEST_STEP][PASSED] - delay: Delayed 2 second(s)

2018-12-06 20:40:40 - [MESSAGE][PASSED] - Delayed 2 second(s)

2018-12-06 20:40:40 - [TEST_STEP][PASSED] - click: Object: 'Object Repository/Final Object Repo/Creating Employer Account/Page_Registration - ASSIST (Base)/Registration Type' is clicked on

2018-12-06 20:40:41 - [MESSAGE][PASSED] - Object: 'Object Repository/Final Object Repo/Creating Employer Account/Page_Registration - ASSIST (Base)/Registration Type' is clicked on

2018-12-06 20:40:41 - [TEST_STEP][PASSED] - delay: Delayed 2 second(s)

2018-12-06 20:40:43 - [MESSAGE][PASSED] - Delayed 2 second(s)

2018-12-06 20:40:43 - [TEST_STEP][PASSED] - click: Object: 'Object Repository/Final Object Repo/Creating Employer Account/Page_Registration - ASSIST (Base)/Registration Type - Registration No' is clicked on

2018-12-06 20:40:43 - [MESSAGE][PASSED] - Object: 'Object Repository/Final Object Repo/Creating Employer Account/Page_Registration - ASSIST (Base)/Registration Type - Registration No' is clicked on

2018-12-06 20:40:43 - [TEST_STEP][PASSED] - delay: Delayed 2 second(s)

2018-12-06 20:40:45 - [MESSAGE][PASSED] - Delayed 2 second(s)

2018-12-06 20:40:45 - [TEST_STEP][PASSED] - setText: Text '1234567890' is set on object 'Object Repository/Final Object Repo/Creating Employer Account/Page_Registration - ASSIST (Base)/Registration Number'

2018-12-06 20:40:45 - [MESSAGE][PASSED] - Text '1234567890' is set on object 'Object Repository/Final Object Repo/Creating Employer Account/Page_Registration - ASSIST (Base)/Registration Number'

2018-12-06 20:40:45 - [TEST_STEP][PASSED] - delay: Delayed 2 second(s)

2018-12-06 20:40:47 - [MESSAGE][PASSED] - Delayed 2 second(s)

2018-12-06 20:40:47 - [TEST_STEP][PASSED] - setText: Text 'ADDRESS 1' is set on object 'Object Repository/Final Object Repo/Creating Employer Account/Page_Registration - ASSIST (Base)/Postal Address 1'

2018-12-06 20:40:47 - [MESSAGE][PASSED] - Text 'ADDRESS 1' is set on object 'Object Repository/Final Object Repo/Creating Employer Account/Page_Registration - ASSIST (Base)/Postal Address 1'

2018-12-06 20:40:47 - [TEST_STEP][PASSED] - setText: Text 'ADDRESS 2' is set on object 'Object Repository/Final Object Repo/Creating Employer Account/Page_Registration - ASSIST (Base)/Postal Address 2'

2018-12-06 20:40:48 - [MESSAGE][PASSED] - Text 'ADDRESS 2' is set on object 'Object Repository/Final Object Repo/Creating Employer Account/Page_Registration - ASSIST (Base)/Postal Address 2'

2018-12-06 20:40:48 - [TEST_STEP][PASSED] - click: Object: 'Object Repository/Final Object Repo/Creating Employer Account/Page_Registration - ASSIST (Base)/State' is clicked on

2018-12-06 20:40:48 - [MESSAGE][PASSED] - Object: 'Object Repository/Final Object Repo/Creating Employer Account/Page_Registration - ASSIST (Base)/State' is clicked on

2018-12-06 20:40:48 - [TEST_STEP][PASSED] - delay: Delayed 2 second(s)

2018-12-06 20:40:50 - [MESSAGE][PASSED] - Delayed 2 second(s)

2018-12-06 20:40:50 - [TEST_STEP][PASSED] - click: Object: 'Object Repository/Final Object Repo/Creating Employer Account/Page_Registration - ASSIST (Base)/State - Johor' is clicked on

2018-12-06 20:40:50 - [MESSAGE][PASSED] - Object: 'Object Repository/Final Object Repo/Creating Employer Account/Page_Registration - ASSIST (Base)/State - Johor' is clicked on

2018-12-06 20:40:50 - [TEST_STEP][PASSED] - delay: Delayed 2 second(s)

2018-12-06 20:40:52 - [MESSAGE][PASSED] - Delayed 2 second(s)

2018-12-06 20:40:52 - [TEST_STEP][PASSED] - click: Object: 'Object Repository/Final Object Repo/Creating Employer Account/Page_Registration - ASSIST (Base)/City' is clicked on

2018-12-06 20:40:52 - [MESSAGE][PASSED] - Object: 'Object Repository/Final Object Repo/Creating Employer Account/Page_Registration - ASSIST (Base)/City' is clicked on

2018-12-06 20:40:52 - [TEST_STEP][PASSED] - delay: Delayed 2 second(s)

2018-12-06 20:40:54 - [MESSAGE][PASSED] - Delayed 2 second(s)

2018-12-06 20:40:54 - [TEST_STEP][PASSED] - setText: Text 'joh' is set on object 'Object Repository/Final Object Repo/Creating Employer Account/Page_Registration - ASSIST (Base)/City - joh'

2018-12-06 20:40:55 - [MESSAGE][PASSED] - Text 'joh' is set on object 'Object Repository/Final Object Repo/Creating Employer Account/Page_Registration - ASSIST (Base)/City - joh'

2018-12-06 20:40:55 - [TEST_STEP][PASSED] - delay: Delayed 2 second(s)

2018-12-06 20:40:57 - [MESSAGE][PASSED] - Delayed 2 second(s)

2018-12-06 20:40:57 - [TEST_STEP][PASSED] - click: Object: 'Object Repository/Final Object Repo/Creating Employer Account/Page_Registration - ASSIST (Base)/City - Johor Bharu' is clicked on

2018-12-06 20:40:57 - [MESSAGE][PASSED] - Object: 'Object Repository/Final Object Repo/Creating Employer Account/Page_Registration - ASSIST (Base)/City - Johor Bharu' is clicked on

2018-12-06 20:40:57 - [TEST_STEP][PASSED] - delay: Delayed 2 second(s)

2018-12-06 20:40:59 - [MESSAGE][PASSED] - Delayed 2 second(s)

2018-12-06 20:40:59 - [TEST_STEP][PASSED] - click: Object: 'Object Repository/Final Object Repo/Creating Employer Account/Page_Registration - ASSIST (Base)/Post Code' is clicked on

2018-12-06 20:40:59 - [MESSAGE][PASSED] - Object: 'Object Repository/Final Object Repo/Creating Employer Account/Page_Registration - ASSIST (Base)/Post Code' is clicked on

2018-12-06 20:40:59 - [TEST_STEP][PASSED] - delay: Delayed 2 second(s)

2018-12-06 20:41:01 - [MESSAGE][PASSED] - Delayed 2 second(s)

2018-12-06 20:41:01 - [TEST_STEP][PASSED] - setText: Text '810' is set on object 'Object Repository/Final Object Repo/Creating Employer Account/Page_Registration - ASSIST (Base)/Post Code - 810'

2018-12-06 20:41:01 - [MESSAGE][PASSED] - Text '810' is set on object 'Object Repository/Final Object Repo/Creating Employer Account/Page_Registration - ASSIST (Base)/Post Code - 810'

2018-12-06 20:41:01 - [TEST_STEP][PASSED] - delay: Delayed 2 second(s)

2018-12-06 20:41:03 - [MESSAGE][PASSED] - Delayed 2 second(s)

2018-12-06 20:41:03 - [TEST_STEP][PASSED] - click: Object: 'Object Repository/Final Object Repo/Creating Employer Account/Page_Registration - ASSIST (Base)/Post Code - 81000' is clicked on

2018-12-06 20:41:03 - [MESSAGE][PASSED] - Object: 'Object Repository/Final Object Repo/Creating Employer Account/Page_Registration - ASSIST (Base)/Post Code - 81000' is clicked on

2018-12-06 20:41:03 - [TEST_STEP][PASSED] - delay: Delayed 2 second(s)

2018-12-06 20:41:05 - [MESSAGE][PASSED] - Delayed 2 second(s)

2018-12-06 20:41:05 - [TEST_STEP][PASSED] - setText: Text 'PERKESO' is set on object 'Object Repository/Final Object Repo/Creating Employer Account/Page_Registration - ASSIST (Base)/Full Name'

2018-12-06 20:41:06 - [MESSAGE][PASSED] - Text 'PERKESO' is set on object 'Object Repository/Final Object Repo/Creating Employer Account/Page_Registration - ASSIST (Base)/Full Name'

2018-12-06 20:41:06 - [TEST_STEP][PASSED] - Statement - rnd = new java.util.Random(): null

2018-12-06 20:41:06 - [TEST_STEP][PASSED] - Statement - snum = rnd.nextInt(899999 + 1) + 100000: null

2018-12-06 20:41:06 - [TEST_STEP][PASSED] - Statement - tnum = rnd.nextInt(899999 + 1) + 100000: null

2018-12-06 20:41:06 - [TEST_STEP][PASSED] - Statement - IC = java.lang.Integer.toString(snum) + java.lang.Integer.toString(tnum): null

2018-12-06 20:41:06 - [TEST_STEP][PASSED] - Statement - out.println(IC): null

2018-12-06 20:41:06 - [TEST_STEP][PASSED] - setText: Text '302928882454' is set on object 'Object Repository/Final Object Repo/Creating Employer Account/Page_Registration - ASSIST (Base)/Identification Number'

2018-12-06 20:41:06 - [MESSAGE][PASSED] - Text '302928882454' is set on object 'Object Repository/Final Object Repo/Creating Employer Account/Page_Registration - ASSIST (Base)/Identification Number'

2018-12-06 20:41:06 - [TEST_STEP][PASSED] - delay: Delayed 2 second(s)

2018-12-06 20:41:08 - [MESSAGE][PASSED] - Delayed 2 second(s)

2018-12-06 20:41:08 - [TEST_STEP][PASSED] - setText: Text '123456789012' is set on object 'Object Repository/Final Object Repo/Creating Employer Account/Page_Registration - ASSIST (Base)/Contact Number'

2018-12-06 20:41:08 - [MESSAGE][PASSED] - Text '123456789012' is set on object 'Object Repository/Final Object Repo/Creating Employer Account/Page_Registration - ASSIST (Base)/Contact Number'

2018-12-06 20:41:08 - [TEST_STEP][PASSED] - Statement - Email = "perkeso" + IC + "@gmail.com": null

2018-12-06 20:41:08 - [TEST_STEP][PASSED] - delay: Delayed 2 second(s)

2018-12-06 20:41:10 - [MESSAGE][PASSED] - Delayed 2 second(s)

2018-12-06 20:41:10 - [TEST_STEP][PASSED] - callTestCase: Call Test Case 'Test Cases/Final Aug 2018 - PKS Automation/Create Employer Acc/Template/Employer Email Settler' successfully

2018-12-06 20:41:10 - [TEST_CASE][PASSED] - Test Cases/Final Aug 2018 - PKS Automation/Create Employer Acc/Template/Employer Email Settler: Test Cases/Final Aug 2018 - PKS Automation/Create Employer Acc/Template/Employer Email Settler

2018-12-06 20:41:11 - [TEST_STEP][PASSED] - Statement - EmpEmailOld = new java.io.File(C://Users//Admin//Desktop//PKS//Automation Reference Point//EmpEmail.txt): null

2018-12-06 20:41:11 - [TEST_STEP][PASSED] - Statement - EmpEmailOld.delete(): null

2018-12-06 20:41:11 - [TEST_STEP][PASSED] - delay: Delayed 5 second(s)

2018-12-06 20:41:16 - [MESSAGE][PASSED] - Delayed 5 second(s)

2018-12-06 20:41:16 - [TEST_STEP][PASSED] - Statement - EmpEmail = new java.io.File(C://Users//Admin//Desktop//PKS//Automation Reference Point//EmpEmail.txt): null

2018-12-06 20:41:16 - [TEST_STEP][PASSED] - Statement - f2 = new java.io.FileWriter(EmpEmail, false): null

2018-12-06 20:41:16 - [TEST_STEP][PASSED] - Statement - f2.write(Email): null

2018-12-06 20:41:16 - [TEST_STEP][PASSED] - Statement - f2.close(): null

2018-12-06 20:41:16 - [TEST_STEP][PASSED] - Statement - out.println(Email): null

2018-12-06 20:41:16 - [MESSAGE][PASSED] - Call Test Case 'Test Cases/Final Aug 2018 - PKS Automation/Create Employer Acc/Template/Employer Email Settler' successfully

2018-12-06 20:41:16 - [TEST_STEP][PASSED] - delay: Delayed 2 second(s)

2018-12-06 20:41:18 - [MESSAGE][PASSED] - Delayed 2 second(s)

2018-12-06 20:41:18 - [TEST_STEP][PASSED] - setText: Text 'perkeso302928882454@gmail.com' is set on object 'Object Repository/Final Object Repo/Creating Employer Account/Page_Registration - ASSIST (Base)/Email'

2018-12-06 20:41:18 - [MESSAGE][PASSED] - Text 'perkeso302928882454@gmail.com' is set on object 'Object Repository/Final Object Repo/Creating Employer Account/Page_Registration - ASSIST (Base)/Email'

2018-12-06 20:41:18 - [TEST_STEP][PASSED] - setText: Text '123' is set on object 'Object Repository/Final Object Repo/Creating Employer Account/Page_Registration - ASSIST (Base)/Security Phase'

2018-12-06 20:41:19 - [MESSAGE][PASSED] - Text '123' is set on object 'Object Repository/Final Object Repo/Creating Employer Account/Page_Registration - ASSIST (Base)/Security Phase'

2018-12-06 20:41:19 - [TEST_STEP][PASSED] - click: Object: 'Object Repository/Final Object Repo/Creating Employer Account/Page_Registration - ASSIST (Base)/Save  Continue' is clicked on

2018-12-06 20:41:19 - [MESSAGE][PASSED] - Object: 'Object Repository/Final Object Repo/Creating Employer Account/Page_Registration - ASSIST (Base)/Save  Continue' is clicked on

2018-12-06 20:41:19 - [TEST_STEP][PASSED] - delay: Delayed 2 second(s)

2018-12-06 20:41:21 - [MESSAGE][PASSED] - Delayed 2 second(s)

2018-12-06 20:41:21 - [TEST_STEP][PASSED] - click: Object: 'Object Repository/Final Object Repo/Creating Employer Account/Page_Registration - ASSIST (Base)/Add Document' is clicked on

2018-12-06 20:41:21 - [MESSAGE][PASSED] - Object: 'Object Repository/Final Object Repo/Creating Employer Account/Page_Registration - ASSIST (Base)/Add Document' is clicked on

2018-12-06 20:41:21 - [TEST_STEP][PASSED] - delay: Delayed 2 second(s)

2018-12-06 20:41:23 - [MESSAGE][PASSED] - Delayed 2 second(s)

2018-12-06 20:41:23 - [TEST_STEP][PASSED] - click: Object: 'Object Repository/Final Object Repo/Creating Employer Account/Page_Registration - ASSIST (Base)/Document Type' is clicked on

2018-12-06 20:41:23 - [MESSAGE][PASSED] - Object: 'Object Repository/Final Object Repo/Creating Employer Account/Page_Registration - ASSIST (Base)/Document Type' is clicked on

2018-12-06 20:41:23 - [TEST_STEP][PASSED] - delay: Delayed 2 second(s)

2018-12-06 20:41:25 - [MESSAGE][PASSED] - Delayed 2 second(s)

2018-12-06 20:41:25 - [TEST_STEP][PASSED] - click: Object: 'Object Repository/Final Object Repo/Creating Employer Account/Page_Registration - ASSIST (Base)/Document Type - Letter of Authorization' is clicked on

2018-12-06 20:41:25 - [MESSAGE][PASSED] - Object: 'Object Repository/Final Object Repo/Creating Employer Account/Page_Registration - ASSIST (Base)/Document Type - Letter of Authorization' is clicked on

2018-12-06 20:41:25 - [TEST_STEP][PASSED] - delay: Delayed 2 second(s)

2018-12-06 20:41:27 - [MESSAGE][PASSED] - Delayed 2 second(s)

2018-12-06 20:41:27 - [TEST_STEP][PASSED] - sendKeys: Keys 'C:\Users\Public\Pictures\Sample Pictures\Koala.jpg' sent to object: 'Object Repository/Final Object Repo/Creating Employer Account/Page_Registration - ASSIST (Base)/Uploading File'

2018-12-06 20:41:28 - [MESSAGE][PASSED] - Keys 'C:\Users\Public\Pictures\Sample Pictures\Koala.jpg' sent to object: 'Object Repository/Final Object Repo/Creating Employer Account/Page_Registration - ASSIST (Base)/Uploading File'

2018-12-06 20:41:28 - [TEST_STEP][PASSED] - delay: Delayed 2 second(s)

2018-12-06 20:41:30 - [MESSAGE][PASSED] - Delayed 2 second(s)

2018-12-06 20:41:30 - [TEST_STEP][PASSED] - click: Object: 'Object Repository/Final Object Repo/Creating Employer Account/Page_Registration - ASSIST (Base)/Add Document in Uploading File' is clicked on

2018-12-06 20:41:30 - [MESSAGE][PASSED] - Object: 'Object Repository/Final Object Repo/Creating Employer Account/Page_Registration - ASSIST (Base)/Add Document in Uploading File' is clicked on

2018-12-06 20:41:30 - [TEST_STEP][PASSED] - delay: Delayed 2 second(s)

2018-12-06 20:41:32 - [MESSAGE][PASSED] - Delayed 2 second(s)

2018-12-06 20:41:32 - [TEST_STEP][PASSED] - click: Object: 'Object Repository/Final Object Repo/Creating Employer Account/Page_Registration - ASSIST (Base)/Save' is clicked on

2018-12-06 20:41:32 - [MESSAGE][PASSED] - Object: 'Object Repository/Final Object Repo/Creating Employer Account/Page_Registration - ASSIST (Base)/Save' is clicked on

2018-12-06 20:41:32 - [TEST_STEP][PASSED] - delay: Delayed 2 second(s)

2018-12-06 20:41:34 - [MESSAGE][PASSED] - Delayed 2 second(s)

2018-12-06 20:41:34 - [TEST_STEP][PASSED] - click: Object: 'Object Repository/Final Object Repo/Creating Employer Account/Page_Registration - ASSIST (Base)/Submit' is clicked on

2018-12-06 20:41:34 - [MESSAGE][PASSED] - Object: 'Object Repository/Final Object Repo/Creating Employer Account/Page_Registration - ASSIST (Base)/Submit' is clicked on

2018-12-06 20:41:34 - [TEST_STEP][PASSED] - delay: Delayed 2 second(s)

2018-12-06 20:41:36 - [MESSAGE][PASSED] - Delayed 2 second(s)

2018-12-06 20:41:36 - [TEST_STEP][PASSED] - click: Object: 'Object Repository/Final Object Repo/Creating Employer Account/Page_Registration - ASSIST (Base)/Confirm' is clicked on

2018-12-06 20:41:36 - [MESSAGE][PASSED] - Object: 'Object Repository/Final Object Repo/Creating Employer Account/Page_Registration - ASSIST (Base)/Confirm' is clicked on

2018-12-06 20:41:36 - [MESSAGE][PASSED] - Call Test Case 'Test Cases/Final Aug 2018 - PKS Automation/Create Employer Acc/Template/Register Employer' successfully

2018-12-06 20:41:36 - [TEST_STEP][PASSED] - delay: Delayed 1 second(s)

2018-12-06 20:41:37 - [MESSAGE][PASSED] - Delayed 1 second(s)

2018-12-06 20:41:37 - [TEST_STEP][PASSED] - navigateToUrl: Navigate to 'https://assist2-uat.perkeso.gov.my/c/portal/logout' successfully

2018-12-06 20:41:39 - [MESSAGE][PASSED] - Navigate to 'https://assist2-uat.perkeso.gov.my/c/portal/logout' successfully

2018-12-06 20:41:39 - [TEST_STEP][PASSED] - delay: Delayed 1 second(s)

2018-12-06 20:41:40 - [MESSAGE][PASSED] - Delayed 1 second(s)

2018-12-06 20:41:40 - [TEST_STEP][PASSED] - callTestCase: Call Test Case 'Test Cases/Final Aug 2018 - PKS Automation/Create Employer Acc/Template/Change Password of Employer' successfully

2018-12-06 20:41:40 - [TEST_CASE][PASSED] - Test Cases/Final Aug 2018 - PKS Automation/Create Employer Acc/Template/Change Password of Employer: Test Cases/Final Aug 2018 - PKS Automation/Create Employer Acc/Template/Change Password of Employer

2018-12-06 20:41:40 - [TEST_STEP][PASSED] - openBrowser: Browser is opened with url: ''

2018-12-06 20:41:40 - [MESSAGE][WARNING] - A browser is already opened. Closing browser and opening a new one

2018-12-06 20:41:44 - [MESSAGE][PASSED] - Browser is opened with url: ''

2018-12-06 20:41:44 - [TEST_STEP][PASSED] - navigateToUrl: Navigate to 'https://assist2-uat.perkeso.gov.my/login' successfully

2018-12-06 20:41:45 - [MESSAGE][PASSED] - Navigate to 'https://assist2-uat.perkeso.gov.my/login' successfully

2018-12-06 20:41:45 - [TEST_STEP][PASSED] - delay: Delayed 5 second(s)

2018-12-06 20:41:50 - [MESSAGE][PASSED] - Delayed 5 second(s)

2018-12-06 20:41:50 - [TEST_STEP][PASSED] - setText: Text 'test@liferay.com' is set on object 'Object Repository/Final Object Repo/Login Page/Internal User/Email Address'

2018-12-06 20:41:51 - [MESSAGE][PASSED] - Text 'test@liferay.com' is set on object 'Object Repository/Final Object Repo/Login Page/Internal User/Email Address'

2018-12-06 20:41:51 - [TEST_STEP][PASSED] - click: Object: 'Object Repository/Final Object Repo/Login Page/Internal User/Next Button' is clicked on

2018-12-06 20:41:51 - [MESSAGE][PASSED] - Object: 'Object Repository/Final Object Repo/Login Page/Internal User/Next Button' is clicked on

2018-12-06 20:41:51 - [TEST_STEP][PASSED] - delay: Delayed 2 second(s)

2018-12-06 20:41:53 - [MESSAGE][PASSED] - Delayed 2 second(s)

2018-12-06 20:41:53 - [TEST_STEP][PASSED] - setText: Text 'test' is set on object 'Object Repository/Final Object Repo/Login Page/Internal User/Password'

2018-12-06 20:41:53 - [MESSAGE][PASSED] - Text 'test' is set on object 'Object Repository/Final Object Repo/Login Page/Internal User/Password'

2018-12-06 20:41:53 - [TEST_STEP][PASSED] - delay: Delayed 2 second(s)

2018-12-06 20:41:55 - [MESSAGE][PASSED] - Delayed 2 second(s)

2018-12-06 20:41:55 - [TEST_STEP][PASSED] - click: Object: 'Object Repository/Final Object Repo/Login Page/Internal User/Login Button' is clicked on

2018-12-06 20:41:55 - [MESSAGE][PASSED] - Object: 'Object Repository/Final Object Repo/Login Page/Internal User/Login Button' is clicked on

2018-12-06 20:41:55 - [TEST_STEP][PASSED] - delay: Delayed 3 second(s)

2018-12-06 20:41:58 - [MESSAGE][PASSED] - Delayed 3 second(s)

2018-12-06 20:41:58 - [TEST_STEP][PASSED] - navigateToUrl: Navigate to 'https://assist2-uat.perkeso.gov.my/group/control_panel/manage?p_p_id=125&p_p_lifecycle=0&p_p_state=maximized&p_p_mode=view&refererPlid=20455&_125_usersListView=flat-users&_125_toolbarItem=view-all-users&_125_saveUsersListView=true&_125_struts_action=%2Fusers_admin%2Fview' successfully

2018-12-06 20:42:00 - [MESSAGE][PASSED] - Navigate to 'https://assist2-uat.perkeso.gov.my/group/control_panel/manage?p_p_id=125&p_p_lifecycle=0&p_p_state=maximized&p_p_mode=view&refererPlid=20455&_125_usersListView=flat-users&_125_toolbarItem=view-all-users&_125_saveUsersListView=true&_125_struts_action=%2Fusers_admin%2Fview' successfully

2018-12-06 20:42:00 - [TEST_STEP][PASSED] - delay: Delayed 3 second(s)

2018-12-06 20:42:03 - [MESSAGE][PASSED] - Delayed 3 second(s)

2018-12-06 20:42:03 - [TEST_STEP][PASSED] - setText: Text 'perkeso302928882454@gmail.com' is set on object 'Object Repository/Final Object Repo/Creating Employer Account/Page_Users and Organizations - ASSIST/Employer name'

2018-12-06 20:42:03 - [MESSAGE][PASSED] - Text 'perkeso302928882454@gmail.com' is set on object 'Object Repository/Final Object Repo/Creating Employer Account/Page_Users and Organizations - ASSIST/Employer name'

2018-12-06 20:42:03 - [TEST_STEP][PASSED] - delay: Delayed 3 second(s)

2018-12-06 20:42:06 - [MESSAGE][PASSED] - Delayed 3 second(s)

2018-12-06 20:42:06 - [TEST_STEP][PASSED] - click: Object: 'Object Repository/Final Object Repo/Creating Employer Account/Page_Users and Organizations - ASSIST/Search' is clicked on

2018-12-06 20:42:06 - [MESSAGE][PASSED] - Object: 'Object Repository/Final Object Repo/Creating Employer Account/Page_Users and Organizations - ASSIST/Search' is clicked on

2018-12-06 20:42:06 - [TEST_STEP][PASSED] - delay: Delayed 3 second(s)

2018-12-06 20:42:09 - [MESSAGE][PASSED] - Delayed 3 second(s)

2018-12-06 20:42:09 - [TEST_STEP][PASSED] - click: Object: 'Object Repository/Final Object Repo/Creating Employer Account/Page_Users and Organizations - ASSIST/Action' is clicked on

2018-12-06 20:42:10 - [MESSAGE][PASSED] - Object: 'Object Repository/Final Object Repo/Creating Employer Account/Page_Users and Organizations - ASSIST/Action' is clicked on

2018-12-06 20:42:10 - [TEST_STEP][PASSED] - delay: Delayed 3 second(s)

2018-12-06 20:42:13 - [MESSAGE][PASSED] - Delayed 3 second(s)

2018-12-06 20:42:13 - [TEST_STEP][PASSED] - click: Object: 'Object Repository/Final Object Repo/Creating Employer Account/Page_Users and Organizations - ASSIST/Edit' is clicked on

2018-12-06 20:42:14 - [MESSAGE][PASSED] - Object: 'Object Repository/Final Object Repo/Creating Employer Account/Page_Users and Organizations - ASSIST/Edit' is clicked on

2018-12-06 20:42:14 - [TEST_STEP][PASSED] - delay: Delayed 3 second(s)

2018-12-06 20:42:17 - [MESSAGE][PASSED] - Delayed 3 second(s)

2018-12-06 20:42:17 - [TEST_STEP][PASSED] - click: Object: 'Object Repository/Final Object Repo/Creating Employer Account/Page_PERKESO - Users and Organizati/a_Password (Modified)' is clicked on

2018-12-06 20:42:17 - [MESSAGE][PASSED] - Object: 'Object Repository/Final Object Repo/Creating Employer Account/Page_PERKESO - Users and Organizati/a_Password (Modified)' is clicked on

2018-12-06 20:42:17 - [TEST_STEP][PASSED] - delay: Delayed 3 second(s)

2018-12-06 20:42:20 - [MESSAGE][PASSED] - Delayed 3 second(s)

2018-12-06 20:42:20 - [TEST_STEP][PASSED] - setEncryptedText: Text ****** has been set on object 'Object Repository/Final Object Repo/Creating Employer Account/Page_PERKESO - Users and Organizati/input__125_password1'

2018-12-06 20:42:20 - [MESSAGE][PASSED] - Text ****** has been set on object 'Object Repository/Final Object Repo/Creating Employer Account/Page_PERKESO - Users and Organizati/input__125_password1'

2018-12-06 20:42:20 - [TEST_STEP][PASSED] - delay: Delayed 3 second(s)

2018-12-06 20:42:23 - [MESSAGE][PASSED] - Delayed 3 second(s)

2018-12-06 20:42:23 - [TEST_STEP][PASSED] - setEncryptedText: Text ****** has been set on object 'Object Repository/Final Object Repo/Creating Employer Account/Page_PERKESO - Users and Organizati/input__125_password2'

2018-12-06 20:42:23 - [MESSAGE][PASSED] - Text ****** has been set on object 'Object Repository/Final Object Repo/Creating Employer Account/Page_PERKESO - Users and Organizati/input__125_password2'

2018-12-06 20:42:23 - [TEST_STEP][PASSED] - delay: Delayed 3 second(s)

2018-12-06 20:42:26 - [MESSAGE][PASSED] - Delayed 3 second(s)

2018-12-06 20:42:26 - [TEST_STEP][PASSED] - click: Object: 'Object Repository/Final Object Repo/Creating Employer Account/Page_PERKESO - Users and Organizati/Save' is clicked on

2018-12-06 20:42:28 - [MESSAGE][PASSED] - Object: 'Object Repository/Final Object Repo/Creating Employer Account/Page_PERKESO - Users and Organizati/Save' is clicked on

2018-12-06 20:42:28 - [MESSAGE][PASSED] - Call Test Case 'Test Cases/Final Aug 2018 - PKS Automation/Create Employer Acc/Template/Change Password of Employer' successfully

2018-12-06 20:42:28 - [TEST_STEP][PASSED] - delay: Delayed 1 second(s)

2018-12-06 20:42:29 - [MESSAGE][PASSED] - Delayed 1 second(s)

2018-12-06 20:42:29 - [TEST_STEP][PASSED] - navigateToUrl: Navigate to 'https://assist2-uat.perkeso.gov.my/c/portal/logout' successfully

2018-12-06 20:42:30 - [MESSAGE][PASSED] - Navigate to 'https://assist2-uat.perkeso.gov.my/c/portal/logout' successfully

2018-12-06 20:42:30 - [TEST_STEP][PASSED] - delay: Delayed 1 second(s)

2018-12-06 20:42:31 - [MESSAGE][PASSED] - Delayed 1 second(s)

2018-12-06 20:42:31 - [TEST_STEP][PASSED] - callTestCase: Call Test Case 'Test Cases/Final Aug 2018 - PKS Automation/Create Employer Acc/Template/Login to Employer Account (First Time)' successfully

2018-12-06 20:42:31 - [TEST_CASE][PASSED] - Test Cases/Final Aug 2018 - PKS Automation/Create Employer Acc/Template/Login to Employer Account (First Time): Test Cases/Final Aug 2018 - PKS Automation/Create Employer Acc/Template/Login to Employer Account (First Time)

2018-12-06 20:42:31 - [TEST_STEP][PASSED] - openBrowser: Browser is opened with url: ''

2018-12-06 20:42:31 - [MESSAGE][WARNING] - A browser is already opened. Closing browser and opening a new one

2018-12-06 20:42:35 - [MESSAGE][PASSED] - Browser is opened with url: ''

2018-12-06 20:42:35 - [TEST_STEP][PASSED] - navigateToUrl: Navigate to 'https://assist2-uat.perkeso.gov.my/employer/login' successfully

2018-12-06 20:42:36 - [MESSAGE][PASSED] - Navigate to 'https://assist2-uat.perkeso.gov.my/employer/login' successfully

2018-12-06 20:42:36 - [TEST_STEP][PASSED] - delay: Delayed 3 second(s)

2018-12-06 20:42:39 - [MESSAGE][PASSED] - Delayed 3 second(s)

2018-12-06 20:42:39 - [TEST_STEP][PASSED] - callTestCase: Call Test Case 'Test Cases/Final Aug 2018 - PKS Automation/Create Employer Acc/Template/Employer Email Getter' successfully

2018-12-06 20:42:39 - [TEST_CASE][PASSED] - Test Cases/Final Aug 2018 - PKS Automation/Create Employer Acc/Template/Employer Email Getter: Test Cases/Final Aug 2018 - PKS Automation/Create Employer Acc/Template/Employer Email Getter

2018-12-06 20:42:40 - [TEST_STEP][PASSED] - Statement - Try: null

2018-12-06 20:42:40 - [TEST_STEP][PASSED] - Statement - EmpEmail = new java.io.File(C://Users//Admin//Desktop//PKS//Automation Reference Point//EmpEmail.txt): null

2018-12-06 20:42:40 - [TEST_STEP][PASSED] - Statement - bufferread = new java.io.BufferedReader(new java.io.FileReader(EmpEmail)): null

2018-12-06 20:42:40 - [TEST_STEP][PASSED] - Statement - readedVal = bufferread.readLine(): null

2018-12-06 20:42:40 - [TEST_STEP][PASSED] - Statement - out.println(readedVal): null

2018-12-06 20:42:40 - [TEST_STEP][PASSED] - Statement - Email = readedVal: null

2018-12-06 20:42:40 - [MESSAGE][PASSED] - Call Test Case 'Test Cases/Final Aug 2018 - PKS Automation/Create Employer Acc/Template/Employer Email Getter' successfully

2018-12-06 20:42:40 - [TEST_STEP][PASSED] - setText: Text 'perkeso302928882454@gmail.com' is set on object 'Object Repository/Final Object Repo/Login Page/External Login Page/Email'

2018-12-06 20:42:40 - [MESSAGE][PASSED] - Text 'perkeso302928882454@gmail.com' is set on object 'Object Repository/Final Object Repo/Login Page/External Login Page/Email'

2018-12-06 20:42:40 - [TEST_STEP][PASSED] - click: Object: 'Object Repository/Final Object Repo/Login Page/External Login Page/Next' is clicked on

2018-12-06 20:42:40 - [MESSAGE][PASSED] - Object: 'Object Repository/Final Object Repo/Login Page/External Login Page/Next' is clicked on

2018-12-06 20:42:40 - [TEST_STEP][PASSED] - delay: Delayed 3 second(s)

2018-12-06 20:42:43 - [MESSAGE][PASSED] - Delayed 3 second(s)

2018-12-06 20:42:43 - [TEST_STEP][PASSED] - setEncryptedText: Text ****** has been set on object 'Object Repository/Final Object Repo/Login Page/External Login Page/Password'

2018-12-06 20:42:43 - [MESSAGE][PASSED] - Text ****** has been set on object 'Object Repository/Final Object Repo/Login Page/External Login Page/Password'

2018-12-06 20:42:43 - [TEST_STEP][PASSED] - click: Object: 'Object Repository/Final Object Repo/Login Page/External Login Page/Login' is clicked on

2018-12-06 20:42:44 - [MESSAGE][PASSED] - Object: 'Object Repository/Final Object Repo/Login Page/External Login Page/Login' is clicked on

2018-12-06 20:42:44 - [TEST_STEP][PASSED] - delay: Delayed 3 second(s)

2018-12-06 20:42:47 - [MESSAGE][PASSED] - Delayed 3 second(s)

2018-12-06 20:42:47 - [TEST_STEP][PASSED] - click: Object: 'Object Repository/Final Object Repo/Creating Employer Account/Page_Terms of Use - ASSIST/button_I Agree' is clicked on

2018-12-06 20:42:48 - [MESSAGE][PASSED] - Object: 'Object Repository/Final Object Repo/Creating Employer Account/Page_Terms of Use - ASSIST/button_I Agree' is clicked on

2018-12-06 20:42:48 - [TEST_STEP][PASSED] - delay: Delayed 2 second(s)

2018-12-06 20:42:50 - [MESSAGE][PASSED] - Delayed 2 second(s)

2018-12-06 20:42:50 - [TEST_STEP][PASSED] - setEncryptedText: Text ****** has been set on object 'Object Repository/Final Object Repo/Creating Employer Account/Page_New Password - ASSIST/input_password1'

2018-12-06 20:42:50 - [MESSAGE][PASSED] - Text ****** has been set on object 'Object Repository/Final Object Repo/Creating Employer Account/Page_New Password - ASSIST/input_password1'

2018-12-06 20:42:50 - [TEST_STEP][PASSED] - setEncryptedText: Text ****** has been set on object 'Object Repository/Final Object Repo/Creating Employer Account/Page_New Password - ASSIST/input_password2'

2018-12-06 20:42:50 - [MESSAGE][PASSED] - Text ****** has been set on object 'Object Repository/Final Object Repo/Creating Employer Account/Page_New Password - ASSIST/input_password2'

2018-12-06 20:42:50 - [TEST_STEP][PASSED] - delay: Delayed 2 second(s)

2018-12-06 20:42:52 - [MESSAGE][PASSED] - Delayed 2 second(s)

2018-12-06 20:42:52 - [TEST_STEP][PASSED] - click: Object: 'Object Repository/Final Object Repo/Creating Employer Account/Page_New Password - ASSIST/Save' is clicked on

2018-12-06 20:42:52 - [MESSAGE][PASSED] - Object: 'Object Repository/Final Object Repo/Creating Employer Account/Page_New Password - ASSIST/Save' is clicked on

2018-12-06 20:42:52 - [TEST_STEP][PASSED] - delay: Delayed 2 second(s)

2018-12-06 20:42:54 - [MESSAGE][PASSED] - Delayed 2 second(s)

2018-12-06 20:42:54 - [TEST_STEP][PASSED] - setText: Text 'test' is set on object 'Object Repository/Final Object Repo/Creating Employer Account/Page_Password Reminder - ASSIST/Reminder Query Answer'

2018-12-06 20:42:55 - [MESSAGE][PASSED] - Text 'test' is set on object 'Object Repository/Final Object Repo/Creating Employer Account/Page_Password Reminder - ASSIST/Reminder Query Answer'

2018-12-06 20:42:55 - [TEST_STEP][PASSED] - delay: Delayed 2 second(s)

2018-12-06 20:42:57 - [MESSAGE][PASSED] - Delayed 2 second(s)

2018-12-06 20:42:57 - [TEST_STEP][PASSED] - doubleClick: Object: 'Object Repository/Final Object Repo/Creating Employer Account/Page_Password Reminder - ASSIST/Save' is double clicked on

2018-12-06 20:42:57 - [MESSAGE][PASSED] - Object: 'Object Repository/Final Object Repo/Creating Employer Account/Page_Password Reminder - ASSIST/Save' is double clicked on

2018-12-06 20:42:57 - [MESSAGE][PASSED] - Call Test Case 'Test Cases/Final Aug 2018 - PKS Automation/Create Employer Acc/Template/Login to Employer Account (First Time)' successfully

2018-12-06 20:42:57 - [MESSAGE][PASSED] - Call Test Case 'Test Cases/Final Aug 2018 - PKS Automation/Create Employer Acc/Create Employer Account' successfully

2018-12-06 20:42:57 - [TEST_STEP][PASSED] - callTestCase: Call Test Case 'Test Cases/Final Aug 2018 - PKS Automation/Registration Module/Log Out/log out avoiding katalon tagging' successfully

2018-12-06 20:42:57 - [TEST_CASE][PASSED] - Test Cases/Final Aug 2018 - PKS Automation/Registration Module/Log Out/log out avoiding katalon tagging: Test Cases/Final Aug 2018 - PKS Automation/Registration Module/Log Out/log out avoiding katalon tagging

2018-12-06 20:42:57 - [TEST_STEP][PASSED] - navigateToUrl: Navigate to 'https://assist2-uat.perkeso.gov.my/c/portal/logout' successfully

2018-12-06 20:43:00 - [MESSAGE][PASSED] - Navigate to 'https://assist2-uat.perkeso.gov.my/c/portal/logout' successfully

2018-12-06 20:43:00 - [MESSAGE][PASSED] - Call Test Case 'Test Cases/Final Aug 2018 - PKS Automation/Registration Module/Log Out/log out avoiding katalon tagging' successfully

2018-12-06 20:43:00 - [TEST_STEP][PASSED] - callTestCase: Call Test Case 'Test Cases/Final Aug 2018 - PKS Automation/Create Employer Acc/Login to Employer Account (Second time)' successfully

2018-12-06 20:43:00 - [TEST_CASE][PASSED] - Test Cases/Final Aug 2018 - PKS Automation/Create Employer Acc/Login to Employer Account (Second time): Test Cases/Final Aug 2018 - PKS Automation/Create Employer Acc/Login to Employer Account (Second time)

2018-12-06 20:43:00 - [TEST_STEP][PASSED] - openBrowser: Browser is opened with url: ''

2018-12-06 20:43:00 - [MESSAGE][WARNING] - A browser is already opened. Closing browser and opening a new one

2018-12-06 20:43:04 - [MESSAGE][PASSED] - Browser is opened with url: ''

2018-12-06 20:43:04 - [TEST_STEP][PASSED] - navigateToUrl: Navigate to 'https://assist2-uat.perkeso.gov.my/employer/login' successfully

2018-12-06 20:43:05 - [MESSAGE][PASSED] - Navigate to 'https://assist2-uat.perkeso.gov.my/employer/login' successfully

2018-12-06 20:43:05 - [TEST_STEP][PASSED] - delay: Delayed 3 second(s)

2018-12-06 20:43:08 - [MESSAGE][PASSED] - Delayed 3 second(s)

2018-12-06 20:43:08 - [TEST_STEP][PASSED] - callTestCase: Call Test Case 'Test Cases/Final Aug 2018 - PKS Automation/Create Employer Acc/Template/Employer Email Getter' successfully

2018-12-06 20:43:08 - [TEST_CASE][PASSED] - Test Cases/Final Aug 2018 - PKS Automation/Create Employer Acc/Template/Employer Email Getter: Test Cases/Final Aug 2018 - PKS Automation/Create Employer Acc/Template/Employer Email Getter

2018-12-06 20:43:08 - [TEST_STEP][PASSED] - Statement - Try: null

2018-12-06 20:43:08 - [TEST_STEP][PASSED] - Statement - EmpEmail = new java.io.File(C://Users//Admin//Desktop//PKS//Automation Reference Point//EmpEmail.txt): null

2018-12-06 20:43:08 - [TEST_STEP][PASSED] - Statement - bufferread = new java.io.BufferedReader(new java.io.FileReader(EmpEmail)): null

2018-12-06 20:43:08 - [TEST_STEP][PASSED] - Statement - readedVal = bufferread.readLine(): null

2018-12-06 20:43:08 - [TEST_STEP][PASSED] - Statement - out.println(readedVal): null

2018-12-06 20:43:08 - [TEST_STEP][PASSED] - Statement - Email = readedVal: null

2018-12-06 20:43:08 - [MESSAGE][PASSED] - Call Test Case 'Test Cases/Final Aug 2018 - PKS Automation/Create Employer Acc/Template/Employer Email Getter' successfully

2018-12-06 20:43:08 - [TEST_STEP][PASSED] - setText: Text 'perkeso302928882454@gmail.com' is set on object 'Object Repository/Final Object Repo/Login Page/External Login Page/Email'

2018-12-06 20:43:08 - [MESSAGE][PASSED] - Text 'perkeso302928882454@gmail.com' is set on object 'Object Repository/Final Object Repo/Login Page/External Login Page/Email'

2018-12-06 20:43:08 - [TEST_STEP][PASSED] - click: Object: 'Object Repository/Final Object Repo/Login Page/External Login Page/Next' is clicked on

2018-12-06 20:43:09 - [MESSAGE][PASSED] - Object: 'Object Repository/Final Object Repo/Login Page/External Login Page/Next' is clicked on

2018-12-06 20:43:09 - [TEST_STEP][PASSED] - delay: Delayed 3 second(s)

2018-12-06 20:43:12 - [MESSAGE][PASSED] - Delayed 3 second(s)

2018-12-06 20:43:12 - [TEST_STEP][PASSED] - setEncryptedText: Text ****** has been set on object 'Object Repository/Final Object Repo/Login Page/External Login Page/Password'

2018-12-06 20:43:12 - [MESSAGE][PASSED] - Text ****** has been set on object 'Object Repository/Final Object Repo/Login Page/External Login Page/Password'

2018-12-06 20:43:12 - [TEST_STEP][PASSED] - click: Object: 'Object Repository/Final Object Repo/Login Page/External Login Page/Login' is clicked on

2018-12-06 20:43:12 - [MESSAGE][PASSED] - Object: 'Object Repository/Final Object Repo/Login Page/External Login Page/Login' is clicked on

2018-12-06 20:43:12 - [TEST_STEP][PASSED] - delay: Delayed 5 second(s)

2018-12-06 20:43:17 - [MESSAGE][PASSED] - Delayed 5 second(s)

2018-12-06 20:43:17 - [MESSAGE][PASSED] - Call Test Case 'Test Cases/Final Aug 2018 - PKS Automation/Create Employer Acc/Login to Employer Account (Second time)' successfully

2018-12-06 20:43:17 - [TEST_STEP][PASSED] - delay: Delayed 4 second(s)

2018-12-06 20:43:21 - [MESSAGE][PASSED] - Delayed 4 second(s)

2018-12-06 20:43:21 - [TEST_STEP][PASSED] - Statement - Try: Delayed 2 second(s)

2018-12-06 20:43:21 - [TEST_STEP][PASSED] - Statement - Checker = false: null

2018-12-06 20:43:21 - [TEST_STEP][PASSED] - Statement - Checker = com.kms.katalon.core.webui.keyword.WebUiBuiltInKeywords.verifyElementHasAttribute(com.kms.katalon.core.testobject.ObjectRepository.findTestObject(Final Object Repo/Landing Page/BM Detecting), "href", 20, OPTIONAL): Object 'Object Repository/Final Object Repo/Landing Page/BM Detecting' has attribute 'href'

2018-12-06 20:43:21 - [MESSAGE][PASSED] - Object 'Object Repository/Final Object Repo/Landing Page/BM Detecting' has attribute 'href'

2018-12-06 20:43:21 - [TEST_STEP][PASSED] - Statement - out.println(Checker): null

2018-12-06 20:43:21 - [TEST_STEP][PASSED] - Statement - If (Checker == false): null

2018-12-06 20:43:21 - [TEST_STEP][PASSED] - Statement - Else: null

2018-12-06 20:43:21 - [TEST_STEP][PASSED] - delay: Delayed 2 second(s)

2018-12-06 20:43:23 - [MESSAGE][PASSED] - Delayed 2 second(s)

2018-12-06 20:43:23 - [TEST_STEP][PASSED] - delay: Delayed 4 second(s)

2018-12-06 20:43:27 - [MESSAGE][PASSED] - Delayed 4 second(s)

2018-12-06 20:43:27 - [TEST_STEP][PASSED] - click: Object: 'Object Repository/Final Object Repo/Landing Page/My Sites Drop Down' is clicked on

2018-12-06 20:43:27 - [MESSAGE][PASSED] - Object: 'Object Repository/Final Object Repo/Landing Page/My Sites Drop Down' is clicked on

2018-12-06 20:43:27 - [TEST_STEP][PASSED] - click: Object: 'Object Repository/Final Object Repo/Landing Page/Select to Registration Module' is clicked on

2018-12-06 20:43:30 - [MESSAGE][PASSED] - Object: 'Object Repository/Final Object Repo/Landing Page/Select to Registration Module' is clicked on

2018-12-06 20:43:30 - [TEST_STEP][PASSED] - click: Object: 'Object Repository/Final Object Repo/Landing Page/Registration Button' is clicked on

2018-12-06 20:43:31 - [MESSAGE][PASSED] - Object: 'Object Repository/Final Object Repo/Landing Page/Registration Button' is clicked on

2018-12-06 20:43:31 - [TEST_STEP][PASSED] - delay: Delayed 2 second(s)

2018-12-06 20:43:33 - [MESSAGE][PASSED] - Delayed 2 second(s)

2018-12-06 20:43:33 - [TEST_STEP][PASSED] - click: Object: 'Object Repository/Final Object Repo/New Registration - Registration Module Pages/New Reg - OTC to RO/Special Case - OTC - Form 1/AEC NO' is clicked on

2018-12-06 20:43:33 - [MESSAGE][PASSED] - Object: 'Object Repository/Final Object Repo/New Registration - Registration Module Pages/New Reg - OTC to RO/Special Case - OTC - Form 1/AEC NO' is clicked on

2018-12-06 20:43:33 - [TEST_STEP][PASSED] - click: Object: 'Object Repository/Final Object Repo/New Registration - Registration Module Pages/New Reg - OTC to RO/Special Case - OTC - Form 1/Business Entity - Please Select' is clicked on

2018-12-06 20:43:34 - [MESSAGE][PASSED] - Object: 'Object Repository/Final Object Repo/New Registration - Registration Module Pages/New Reg - OTC to RO/Special Case - OTC - Form 1/Business Entity - Please Select' is clicked on

2018-12-06 20:43:34 - [TEST_STEP][PASSED] - click: Object: 'Object Repository/Final Object Repo/New Registration - Registration Module Pages/New Reg - OTC to RO/Special Case - OTC - Form 1/Selected - Corporation' is clicked on

2018-12-06 20:43:34 - [MESSAGE][PASSED] - Object: 'Object Repository/Final Object Repo/New Registration - Registration Module Pages/New Reg - OTC to RO/Special Case - OTC - Form 1/Selected - Corporation' is clicked on

2018-12-06 20:43:34 - [TEST_STEP][PASSED] - delay: Delayed 2 second(s)

2018-12-06 20:43:36 - [MESSAGE][PASSED] - Delayed 2 second(s)

2018-12-06 20:43:36 - [TEST_STEP][PASSED] - click: Object: 'Object Repository/Final Object Repo/New Registration - Registration Module Pages/New Reg - OTC to RO/Special Case - OTC - Form 1/Sub Business Entity - Please Select' is clicked on

2018-12-06 20:43:36 - [MESSAGE][PASSED] - Object: 'Object Repository/Final Object Repo/New Registration - Registration Module Pages/New Reg - OTC to RO/Special Case - OTC - Form 1/Sub Business Entity - Please Select' is clicked on

2018-12-06 20:43:36 - [TEST_STEP][PASSED] - delay: Delayed 2 second(s)

2018-12-06 20:43:38 - [MESSAGE][PASSED] - Delayed 2 second(s)

2018-12-06 20:43:38 - [TEST_STEP][PASSED] - click: Object: 'Object Repository/Final Object Repo/New Registration - Registration Module Pages/New Reg - OTC to RO/Special Case - OTC - Form 1/Selected - Sendirian Berhad' is clicked on

2018-12-06 20:43:38 - [MESSAGE][PASSED] - Object: 'Object Repository/Final Object Repo/New Registration - Registration Module Pages/New Reg - OTC to RO/Special Case - OTC - Form 1/Selected - Sendirian Berhad' is clicked on

2018-12-06 20:43:38 - [TEST_STEP][PASSED] - setText: Text 'AUTOMATE001' is set on object 'Object Repository/Final Object Repo/New Registration - Registration Module Pages/New Reg - OTC to RO/Special Case - OTC - Form 1/Input BRN Number'

2018-12-06 20:43:39 - [MESSAGE][PASSED] - Text 'AUTOMATE001' is set on object 'Object Repository/Final Object Repo/New Registration - Registration Module Pages/New Reg - OTC to RO/Special Case - OTC - Form 1/Input BRN Number'

2018-12-06 20:43:39 - [TEST_STEP][PASSED] - delay: Delayed 2 second(s)

2018-12-06 20:43:41 - [MESSAGE][PASSED] - Delayed 2 second(s)

2018-12-06 20:43:41 - [TEST_STEP][PASSED] - click: Object: 'Object Repository/Final Object Repo/New Registration - Registration Module Pages/New Reg - OTC to RO/Special Case - OTC - Form 1/BRN Search' is clicked on

2018-12-06 20:43:41 - [MESSAGE][PASSED] - Object: 'Object Repository/Final Object Repo/New Registration - Registration Module Pages/New Reg - OTC to RO/Special Case - OTC - Form 1/BRN Search' is clicked on

2018-12-06 20:43:41 - [TEST_STEP][PASSED] - delay: Delayed 4 second(s)

2018-12-06 20:43:45 - [MESSAGE][PASSED] - Delayed 4 second(s)

2018-12-06 20:43:45 - [TEST_STEP][PASSED] - click: Object: 'Object Repository/Final Object Repo/New Registration - Registration Module Pages/New Reg - OTC to RO/Special Case - OTC - Form 1/Registered with SSM - After Feb 2017' is clicked on

2018-12-06 20:43:45 - [MESSAGE][PASSED] - Object: 'Object Repository/Final Object Repo/New Registration - Registration Module Pages/New Reg - OTC to RO/Special Case - OTC - Form 1/Registered with SSM - After Feb 2017' is clicked on

2018-12-06 20:43:45 - [TEST_STEP][PASSED] - delay: Delayed 2 second(s)

2018-12-06 20:43:47 - [MESSAGE][PASSED] - Delayed 2 second(s)

2018-12-06 20:43:47 - [TEST_STEP][PASSED] - click: Object: 'Object Repository/Final Object Repo/New Registration - Registration Module Pages/Form 1/Registered As a Branch - Yes' is clicked on

2018-12-06 20:43:47 - [MESSAGE][PASSED] - Object: 'Object Repository/Final Object Repo/New Registration - Registration Module Pages/Form 1/Registered As a Branch - Yes' is clicked on

2018-12-06 20:43:47 - [TEST_STEP][PASSED] - click: Object: 'Object Repository/Final Object Repo/New Registration - Registration Module Pages/New Reg - OTC to RO/Special Case - OTC - Form 1/Acknowledgement Ticked' is clicked on

2018-12-06 20:43:47 - [MESSAGE][PASSED] - Object: 'Object Repository/Final Object Repo/New Registration - Registration Module Pages/New Reg - OTC to RO/Special Case - OTC - Form 1/Acknowledgement Ticked' is clicked on

2018-12-06 20:43:47 - [TEST_STEP][PASSED] - setText: Text 'perkeso302928882454@gmail.com' is set on object 'Object Repository/Final Object Repo/New Registration - Registration Module Pages/Form 1/Email'

2018-12-06 20:43:48 - [MESSAGE][PASSED] - Text 'perkeso302928882454@gmail.com' is set on object 'Object Repository/Final Object Repo/New Registration - Registration Module Pages/Form 1/Email'

2018-12-06 20:43:48 - [TEST_STEP][PASSED] - click: Object: 'Object Repository/Final Object Repo/New Registration - Registration Module Pages/New Reg - OTC to RO/Special Case - OTC - Form 1/Submit Button' is clicked on

2018-12-06 20:43:48 - [MESSAGE][PASSED] - Object: 'Object Repository/Final Object Repo/New Registration - Registration Module Pages/New Reg - OTC to RO/Special Case - OTC - Form 1/Submit Button' is clicked on

2018-12-06 20:43:48 - [TEST_STEP][PASSED] - callTestCase: Call Test Case 'Test Cases/Final Aug 2018 - PKS Automation/Registration Module/New Registration/Form 2/Add 1 Eligible - Employer Account Use' successfully

2018-12-06 20:43:48 - [TEST_CASE][PASSED] - Test Cases/Final Aug 2018 - PKS Automation/Registration Module/New Registration/Form 2/Add 1 Eligible - Employer Account Use: Test Cases/Final Aug 2018 - PKS Automation/Registration Module/New Registration/Form 2/Add 1 Eligible - Employer Account Use

2018-12-06 20:43:49 - [TEST_STEP][PASSED] - delay: Delayed 2 second(s)

2018-12-06 20:43:51 - [MESSAGE][PASSED] - Delayed 2 second(s)

2018-12-06 20:43:51 - [TEST_STEP][PASSED] - callTestCase: Call Test Case 'Test Cases/Final Aug 2018 - PKS Automation/Registration Module/New Registration/Form 2/Date Updater' successfully

2018-12-06 20:43:51 - [TEST_CASE][PASSED] - Test Cases/Final Aug 2018 - PKS Automation/Registration Module/New Registration/Form 2/Date Updater: Test Cases/Final Aug 2018 - PKS Automation/Registration Module/New Registration/Form 2/Date Updater

2018-12-06 20:43:51 - [TEST_STEP][PASSED] - Statement - TodayDate = new java.util.Date(): null

2018-12-06 20:43:51 - [TEST_STEP][PASSED] - Statement - CurrentDateNoFilter = new java.text.SimpleDateFormat(): null

2018-12-06 20:43:51 - [TEST_STEP][PASSED] - Statement - CurrentDateNoFilter.applyPattern("MM"): null

2018-12-06 20:43:51 - [TEST_STEP][PASSED] - Statement - monthContainerMatcher = java.lang.Integer.parseInt(CurrentDateNoFilter.format(TodayDate)): null

2018-12-06 20:43:51 - [TEST_STEP][PASSED] - Statement - monthContainerMatcher = monthContainerMatcher - 1: null

2018-12-06 20:43:51 - [TEST_STEP][PASSED] - Statement - CurrentMonth = monthContainerMatcher.toString(): null

2018-12-06 20:43:51 - [TEST_STEP][PASSED] - Statement - CurrentMonth = CurrentMonth: null

2018-12-06 20:43:51 - [TEST_STEP][PASSED] - Statement - CurrentDateNoFilter.applyPattern("yyyy"): null

2018-12-06 20:43:51 - [TEST_STEP][PASSED] - Statement - CurrentYear = CurrentDateNoFilter.format(TodayDate): null

2018-12-06 20:43:51 - [TEST_STEP][PASSED] - Statement - CurrentYear = CurrentYear: null

2018-12-06 20:43:51 - [TEST_STEP][PASSED] - Statement - intCurrentYear = java.lang.Integer.parseInt(CurrentDateNoFilter.format(TodayDate)): null

2018-12-06 20:43:51 - [TEST_STEP][PASSED] - Statement - eighteenYrsAgo = intCurrentYear - 18: null

2018-12-06 20:43:51 - [TEST_STEP][PASSED] - Statement - eighteenYrsBeforeThisYr = eighteenYrsAgo.toString(): null

2018-12-06 20:43:51 - [TEST_STEP][PASSED] - Statement - EighteenYrsBefore = eighteenYrsBeforeThisYr: null

2018-12-06 20:43:51 - [TEST_STEP][PASSED] - Statement - fiftysevenYrsAgo = intCurrentYear - 57: null

2018-12-06 20:43:51 - [TEST_STEP][PASSED] - Statement - fiftysevenYrsBeforeThisYr = fiftysevenYrsAgo.toString(): null

2018-12-06 20:43:51 - [TEST_STEP][PASSED] - Statement - FiftysevenYrsBefore = fiftysevenYrsBeforeThisYr: null

2018-12-06 20:43:51 - [TEST_STEP][PASSED] - Statement - leapYear = false: null

2018-12-06 20:43:51 - [TEST_STEP][PASSED] - Statement - leapYear = intCurrentYear % 4 == 0: null

2018-12-06 20:43:51 - [TEST_STEP][PASSED] - Statement - CurrentDateNoFilter.applyPattern("dd"): null

2018-12-06 20:43:51 - [TEST_STEP][PASSED] - Statement - CurrentDate = CurrentDateNoFilter.format(TodayDate): null

2018-12-06 20:43:51 - [TEST_STEP][PASSED] - Statement - CurrentDate = java.lang.Integer.parseInt(CurrentDate): null

2018-12-06 20:43:51 - [TEST_STEP][PASSED] - Statement - CurrentDate = CurrentDate: null

2018-12-06 20:43:51 - [TEST_STEP][PASSED] - Statement - CurrentDay = java.lang.Integer.parseInt(CurrentDate): null

2018-12-06 20:43:52 - [TEST_STEP][PASSED] - Statement - ConfAdder = <not implemented yet for class: org.codehaus.groovy.ast.expr.EmptyExpression>: null

2018-12-06 20:43:52 - [TEST_STEP][PASSED] - Statement - out.println(CurrentMonth): null

2018-12-06 20:43:52 - [TEST_STEP][PASSED] - Statement - out.println(CurrentDate): null

2018-12-06 20:43:52 - [TEST_STEP][PASSED] - Statement - switch (CurrentDate): null

2018-12-06 20:43:52 - [TEST_STEP][PASSED] - Statement - Default: null

2018-12-06 20:43:52 - [TEST_STEP][PASSED] - Statement - ConfAdder = true: null

2018-12-06 20:43:52 - [TEST_STEP][PASSED] - Statement - Break: null

2018-12-06 20:43:52 - [TEST_STEP][PASSED] - Statement - aDayBefore = <not implemented yet for class: org.codehaus.groovy.ast.expr.EmptyExpression>: null

2018-12-06 20:43:52 - [TEST_STEP][PASSED] - Statement - out.println(ConfAdder): null

2018-12-06 20:43:52 - [TEST_STEP][PASSED] - Statement - If (ConfAdder == true): null

2018-12-06 20:43:52 - [TEST_STEP][PASSED] - Statement - aDayBefore = CurrentDay + 1: null

2018-12-06 20:43:52 - [TEST_STEP][PASSED] - Statement - out.println(aDayBefore): null

2018-12-06 20:43:52 - [TEST_STEP][PASSED] - Statement - If (aDayBefore == 1 && CurrentMonth == 11): null

2018-12-06 20:43:52 - [TEST_STEP][PASSED] - Statement - DayBefore = aDayBefore.toString(): null

2018-12-06 20:43:52 - [TEST_STEP][PASSED] - Statement - OneDayBefore = DayBefore: null

2018-12-06 20:43:52 - [MESSAGE][PASSED] - Call Test Case 'Test Cases/Final Aug 2018 - PKS Automation/Registration Module/New Registration/Form 2/Date Updater' successfully

2018-12-06 20:43:52 - [TEST_STEP][PASSED] - delay: Delayed 1 second(s)

2018-12-06 20:43:53 - [MESSAGE][PASSED] - Delayed 1 second(s)

2018-12-06 20:43:53 - [TEST_STEP][PASSED] - Statement - CaseReferenceNo = com.kms.katalon.core.webui.keyword.WebUiBuiltInKeywords.getText(com.kms.katalon.core.testobject.ObjectRepository.findTestObject(Final Object Repo/New Registration - Registration Module Pages/Form 2/RefNo Acquiring)): Text of object 'Object Repository/Final Object Repo/New Registration - Registration Module Pages/Form 2/RefNo Acquiring' is: 'CRN12201800123060'

2018-12-06 20:43:53 - [MESSAGE][PASSED] - Text of object 'Object Repository/Final Object Repo/New Registration - Registration Module Pages/Form 2/RefNo Acquiring' is: 'CRN12201800123060'

2018-12-06 20:43:53 - [TEST_STEP][PASSED] - delay: Delayed 1 second(s)

2018-12-06 20:43:54 - [MESSAGE][PASSED] - Delayed 1 second(s)

2018-12-06 20:43:54 - [TEST_STEP][PASSED] - click: Object: 'Object Repository/Final Object Repo/New Registration - Registration Module Pages/Form 2/Add Employee Button' is clicked on

2018-12-06 20:43:54 - [MESSAGE][PASSED] - Object: 'Object Repository/Final Object Repo/New Registration - Registration Module Pages/Form 2/Add Employee Button' is clicked on

2018-12-06 20:43:54 - [TEST_STEP][PASSED] - delay: Delayed 1 second(s)

2018-12-06 20:43:55 - [MESSAGE][PASSED] - Delayed 1 second(s)

2018-12-06 20:43:55 - [TEST_STEP][PASSED] - setText: Text '010903091948' is set on object 'Object Repository/Final Object Repo/New Registration - Registration Module Pages/Form 2/NRIC Input'

2018-12-06 20:43:56 - [MESSAGE][PASSED] - Text '010903091948' is set on object 'Object Repository/Final Object Repo/New Registration - Registration Module Pages/Form 2/NRIC Input'

2018-12-06 20:43:56 - [TEST_STEP][PASSED] - delay: Delayed 2 second(s)

2018-12-06 20:43:58 - [MESSAGE][PASSED] - Delayed 2 second(s)

2018-12-06 20:43:58 - [TEST_STEP][PASSED] - setText: Text 'Automate001 eligible 1' is set on object 'Object Repository/Final Object Repo/New Registration - Registration Module Pages/Form 2/Employee Name Input'

2018-12-06 20:43:58 - [MESSAGE][PASSED] - Text 'Automate001 eligible 1' is set on object 'Object Repository/Final Object Repo/New Registration - Registration Module Pages/Form 2/Employee Name Input'

2018-12-06 20:43:58 - [TEST_STEP][PASSED] - delay: Delayed 2 second(s)

2018-12-06 20:44:00 - [MESSAGE][PASSED] - Delayed 2 second(s)

2018-12-06 20:44:00 - [TEST_STEP][PASSED] - click: Object: 'Object Repository/Final Object Repo/New Registration - Registration Module Pages/Form 2/DatePicker Pop Up' is clicked on

2018-12-06 20:44:00 - [MESSAGE][PASSED] - Object: 'Object Repository/Final Object Repo/New Registration - Registration Module Pages/Form 2/DatePicker Pop Up' is clicked on

2018-12-06 20:44:00 - [TEST_STEP][PASSED] - click: Object: 'Object Repository/Final Object Repo/New Registration - Registration Module Pages/Form 2/DOB Month' is clicked on

2018-12-06 20:44:00 - [MESSAGE][PASSED] - Object: 'Object Repository/Final Object Repo/New Registration - Registration Module Pages/Form 2/DOB Month' is clicked on

2018-12-06 20:44:00 - [TEST_STEP][PASSED] - Statement - CurrentMonth = CurrentMonth: null

2018-12-06 20:44:00 - [TEST_STEP][PASSED] - Statement - selectMonth = new com.kms.katalon.core.testobject.TestObject(): null

2018-12-06 20:44:00 - [TEST_STEP][PASSED] - Statement - selectMonth.addProperty("xpath", EQUALS, "//body/div/div/div/select/option[@value='" + CurrentMonth + "']", true): null

2018-12-06 20:44:00 - [TEST_STEP][PASSED] - click: Object: '' is clicked on

2018-12-06 20:44:01 - [MESSAGE][PASSED] - Object: '' is clicked on

2018-12-06 20:44:01 - [TEST_STEP][PASSED] - click: Object: 'Object Repository/Final Object Repo/New Registration - Registration Module Pages/Form 2/DOB Year' is clicked on

2018-12-06 20:44:01 - [MESSAGE][PASSED] - Object: 'Object Repository/Final Object Repo/New Registration - Registration Module Pages/Form 2/DOB Year' is clicked on

2018-12-06 20:44:01 - [TEST_STEP][PASSED] - Statement - Eyearsbf = EighteenYrsBefore: null

2018-12-06 20:44:01 - [TEST_STEP][PASSED] - Statement - selectYear = new com.kms.katalon.core.testobject.TestObject(): null

2018-12-06 20:44:01 - [TEST_STEP][PASSED] - Statement - selectYear.addProperty("xpath", EQUALS, "//div/div/div/select/option[@value='" + Eyearsbf + "']", true): null

2018-12-06 20:44:01 - [TEST_STEP][PASSED] - click: Object: '' is clicked on

2018-12-06 20:44:01 - [MESSAGE][PASSED] - Object: '' is clicked on

2018-12-06 20:44:01 - [TEST_STEP][PASSED] - Statement - UpdatedSelectDate = com.kms.katalon.core.webui.keyword.WebUiBuiltInKeywords.modifyObjectProperty(com.kms.katalon.core.testobject.ObjectRepository.findTestObject(Final Object Repo/New Registration - Registration Module Pages/Form 2/DOB Date), "xpath", "equals", "//body/div/table/tbody/tr/td/a[text()="" + CurrentDate + ""]", true): Modify property of object successfully

2018-12-06 20:44:01 - [MESSAGE][PASSED] - Modify property of object successfully

2018-12-06 20:44:01 - [TEST_STEP][PASSED] - delay: Delayed 3 second(s)

2018-12-06 20:44:04 - [MESSAGE][PASSED] - Delayed 3 second(s)

2018-12-06 20:44:04 - [TEST_STEP][PASSED] - click: Object: 'Object Repository/Final Object Repo/New Registration - Registration Module Pages/Form 2/DOB Date' is clicked on

2018-12-06 20:44:04 - [MESSAGE][PASSED] - Object: 'Object Repository/Final Object Repo/New Registration - Registration Module Pages/Form 2/DOB Date' is clicked on

2018-12-06 20:44:04 - [TEST_STEP][PASSED] - delay: Delayed 2 second(s)

2018-12-06 20:44:06 - [MESSAGE][PASSED] - Delayed 2 second(s)

2018-12-06 20:44:06 - [TEST_STEP][PASSED] - click: Object: 'Object Repository/Final Object Repo/New Registration - Registration Module Pages/Form 2/EmploymentStartDate Pop Up' is clicked on

2018-12-06 20:44:06 - [MESSAGE][PASSED] - Object: 'Object Repository/Final Object Repo/New Registration - Registration Module Pages/Form 2/EmploymentStartDate Pop Up' is clicked on

2018-12-06 20:44:06 - [TEST_STEP][PASSED] - delay: Delayed 2 second(s)

2018-12-06 20:44:08 - [MESSAGE][PASSED] - Delayed 2 second(s)

2018-12-06 20:44:08 - [TEST_STEP][PASSED] - click: Object: 'Object Repository/Final Object Repo/New Registration - Registration Module Pages/Form 2/Socso Employment StartDate Month' is clicked on

2018-12-06 20:44:08 - [MESSAGE][PASSED] - Object: 'Object Repository/Final Object Repo/New Registration - Registration Module Pages/Form 2/Socso Employment StartDate Month' is clicked on

2018-12-06 20:44:08 - [TEST_STEP][PASSED] - delay: Delayed 1 second(s)

2018-12-06 20:44:09 - [MESSAGE][PASSED] - Delayed 1 second(s)

2018-12-06 20:44:09 - [TEST_STEP][PASSED] - click: Object: 'Object Repository/Final Object Repo/New Registration - Registration Module Pages/Form 2/Select Socso Employement Startdate Month' is clicked on

2018-12-06 20:44:10 - [MESSAGE][PASSED] - Object: 'Object Repository/Final Object Repo/New Registration - Registration Module Pages/Form 2/Select Socso Employement Startdate Month' is clicked on

2018-12-06 20:44:10 - [TEST_STEP][PASSED] - delay: Delayed 2 second(s)

2018-12-06 20:44:12 - [MESSAGE][PASSED] - Delayed 2 second(s)

2018-12-06 20:44:12 - [TEST_STEP][PASSED] - click: Object: 'Object Repository/Final Object Repo/New Registration - Registration Module Pages/Form 2/Socso Employment StartDate Year' is clicked on

2018-12-06 20:44:12 - [MESSAGE][PASSED] - Object: 'Object Repository/Final Object Repo/New Registration - Registration Module Pages/Form 2/Socso Employment StartDate Year' is clicked on

2018-12-06 20:44:12 - [TEST_STEP][PASSED] - delay: Delayed 1 second(s)

2018-12-06 20:44:13 - [MESSAGE][PASSED] - Delayed 1 second(s)

2018-12-06 20:44:13 - [TEST_STEP][PASSED] - click: Object: 'Object Repository/Final Object Repo/New Registration - Registration Module Pages/Form 2/Select Socso Employment Startdate Year' is clicked on

2018-12-06 20:44:13 - [MESSAGE][PASSED] - Object: 'Object Repository/Final Object Repo/New Registration - Registration Module Pages/Form 2/Select Socso Employment Startdate Year' is clicked on

2018-12-06 20:44:13 - [TEST_STEP][PASSED] - delay: Delayed 2 second(s)

2018-12-06 20:44:15 - [MESSAGE][PASSED] - Delayed 2 second(s)

2018-12-06 20:44:15 - [TEST_STEP][PASSED] - click: Object: 'Object Repository/Final Object Repo/New Registration - Registration Module Pages/Form 2/Socso Employment Start Date Day' is clicked on

2018-12-06 20:44:15 - [MESSAGE][PASSED] - Object: 'Object Repository/Final Object Repo/New Registration - Registration Module Pages/Form 2/Socso Employment Start Date Day' is clicked on

2018-12-06 20:44:15 - [TEST_STEP][PASSED] - delay: Delayed 2 second(s)

2018-12-06 20:44:17 - [MESSAGE][PASSED] - Delayed 2 second(s)

2018-12-06 20:44:17 - [TEST_STEP][PASSED] - click: Object: 'Object Repository/Final Object Repo/New Registration - Registration Module Pages/Form 2/Save Button for Add Employee' is clicked on

2018-12-06 20:44:17 - [MESSAGE][PASSED] - Object: 'Object Repository/Final Object Repo/New Registration - Registration Module Pages/Form 2/Save Button for Add Employee' is clicked on

2018-12-06 20:44:17 - [TEST_STEP][PASSED] - delay: Delayed 6 second(s)

2018-12-06 20:44:23 - [MESSAGE][PASSED] - Delayed 6 second(s)

2018-12-06 20:44:23 - [TEST_STEP][PASSED] - click: Object: 'Object Repository/Final Object Repo/New Registration - Registration Module Pages/Form 2/Save and Continue Form 2' is clicked on

2018-12-06 20:44:24 - [MESSAGE][PASSED] - Object: 'Object Repository/Final Object Repo/New Registration - Registration Module Pages/Form 2/Save and Continue Form 2' is clicked on

2018-12-06 20:44:24 - [MESSAGE][PASSED] - Call Test Case 'Test Cases/Final Aug 2018 - PKS Automation/Registration Module/New Registration/Form 2/Add 1 Eligible - Employer Account Use' successfully

2018-12-06 20:44:24 - [TEST_STEP][PASSED] - callTestCase: Call Test Case 'Test Cases/Final Aug 2018 - PKS Automation/Registration Module/New Registration/Flow of New Registration/Third Screen - Upload Supporting Doc - Preview' successfully

2018-12-06 20:44:24 - [TEST_CASE][PASSED] - Test Cases/Final Aug 2018 - PKS Automation/Registration Module/New Registration/Flow of New Registration/Third Screen - Upload Supporting Doc - Preview: Test Cases/Final Aug 2018 - PKS Automation/Registration Module/New Registration/Flow of New Registration/Third Screen - Upload Supporting Doc - Preview

2018-12-06 20:44:24 - [TEST_STEP][PASSED] - waitForPageLoad: Wait for page load successfully

2018-12-06 20:44:24 - [MESSAGE][PASSED] - Wait for page load successfully

2018-12-06 20:44:24 - [TEST_STEP][PASSED] - Statement - CaseReferenceNo = com.kms.katalon.core.webui.keyword.WebUiBuiltInKeywords.getText(com.kms.katalon.core.testobject.ObjectRepository.findTestObject(Final Object Repo/New Registration - Registration Module Pages/Third Screen - Upload Supporting Doc- Preview/RefNo Acquiring)): Text of object 'Object Repository/Final Object Repo/New Registration - Registration Module Pages/Third Screen - Upload Supporting Doc- Preview/RefNo Acquiring' is: 'CRN12201800123060'

2018-12-06 20:44:24 - [MESSAGE][PASSED] - Text of object 'Object Repository/Final Object Repo/New Registration - Registration Module Pages/Third Screen - Upload Supporting Doc- Preview/RefNo Acquiring' is: 'CRN12201800123060'

2018-12-06 20:44:24 - [TEST_STEP][PASSED] - delay: Delayed 2 second(s)

2018-12-06 20:44:26 - [MESSAGE][PASSED] - Delayed 2 second(s)

2018-12-06 20:44:26 - [TEST_STEP][PASSED] - callTestCase: Call Test Case 'Test Cases/Final Aug 2018 - PKS Automation/Common/Reference Number Setter' successfully

2018-12-06 20:44:26 - [TEST_CASE][PASSED] - Test Cases/Final Aug 2018 - PKS Automation/Common/Reference Number Setter: Test Cases/Final Aug 2018 - PKS Automation/Common/Reference Number Setter

2018-12-06 20:44:27 - [TEST_STEP][PASSED] - Statement - RefNoOldFile = new java.io.File(C://Users//Admin//Desktop//PKS//Automation Reference Point//KatalonReference.txt): null

2018-12-06 20:44:27 - [TEST_STEP][PASSED] - Statement - RefNoOldFile.delete(): null

2018-12-06 20:44:27 - [TEST_STEP][PASSED] - delay: Delayed 5 second(s)

2018-12-06 20:44:32 - [MESSAGE][PASSED] - Delayed 5 second(s)

2018-12-06 20:44:32 - [TEST_STEP][PASSED] - Statement - RefNo = new java.io.File(C://Users//Admin//Desktop//PKS//Automation Reference Point//KatalonReference.txt): null

2018-12-06 20:44:32 - [TEST_STEP][PASSED] - Statement - f2 = new java.io.FileWriter(RefNo, false): null

2018-12-06 20:44:32 - [TEST_STEP][PASSED] - Statement - f2.write(CaseReferenceNo): null

2018-12-06 20:44:32 - [TEST_STEP][PASSED] - Statement - f2.close(): null

2018-12-06 20:44:32 - [TEST_STEP][PASSED] - Statement - out.println("


" + CaseReferenceNo + "


"): null

2018-12-06 20:44:32 - [MESSAGE][PASSED] - Call Test Case 'Test Cases/Final Aug 2018 - PKS Automation/Common/Reference Number Setter' successfully

2018-12-06 20:44:32 - [TEST_STEP][PASSED] - waitForElementClickable: Object 'Object Repository/Final Object Repo/New Registration - Registration Module Pages/Third Screen - Upload Supporting Doc- Preview/Save n Continue in SIP Employee Listing Page' is clickable

2018-12-06 20:44:32 - [MESSAGE][PASSED] - Object 'Object Repository/Final Object Repo/New Registration - Registration Module Pages/Third Screen - Upload Supporting Doc- Preview/Save n Continue in SIP Employee Listing Page' is clickable

2018-12-06 20:44:32 - [TEST_STEP][PASSED] - click: Object: 'Object Repository/Final Object Repo/New Registration - Registration Module Pages/Third Screen - Upload Supporting Doc- Preview/Save n Continue in SIP Employee Listing Page' is clicked on

2018-12-06 20:44:37 - [MESSAGE][PASSED] - Object: 'Object Repository/Final Object Repo/New Registration - Registration Module Pages/Third Screen - Upload Supporting Doc- Preview/Save n Continue in SIP Employee Listing Page' is clicked on

2018-12-06 20:44:37 - [TEST_STEP][PASSED] - delay: Delayed 7 second(s)

2018-12-06 20:44:44 - [MESSAGE][PASSED] - Delayed 7 second(s)

2018-12-06 20:44:44 - [TEST_STEP][PASSED] - click: Object: 'Object Repository/Final Object Repo/New Registration - Registration Module Pages/Third Screen - Upload Supporting Doc- Preview/Add Document Button' is clicked on

2018-12-06 20:44:44 - [MESSAGE][PASSED] - Object: 'Object Repository/Final Object Repo/New Registration - Registration Module Pages/Third Screen - Upload Supporting Doc- Preview/Add Document Button' is clicked on

2018-12-06 20:44:44 - [TEST_STEP][PASSED] - delay: Delayed 30 second(s)

2018-12-06 20:45:14 - [MESSAGE][PASSED] - Delayed 30 second(s)

2018-12-06 20:45:14 - [TEST_STEP][PASSED] - click: Object: 'Object Repository/Final Object Repo/New Registration - Registration Module Pages/Third Screen - Upload Supporting Doc- Preview/Supporting Doc Please Select Drop Down' is clicked on

2018-12-06 20:45:14 - [MESSAGE][PASSED] - Object: 'Object Repository/Final Object Repo/New Registration - Registration Module Pages/Third Screen - Upload Supporting Doc- Preview/Supporting Doc Please Select Drop Down' is clicked on

2018-12-06 20:45:14 - [TEST_STEP][PASSED] - delay: Delayed 2 second(s)

2018-12-06 20:45:16 - [MESSAGE][PASSED] - Delayed 2 second(s)

2018-12-06 20:45:16 - [TEST_STEP][PASSED] - click: Object: 'Object Repository/Final Object Repo/New Registration - Registration Module Pages/Third Screen - Upload Supporting Doc- Preview/Select to Upload Form 1' is clicked on

2018-12-06 20:45:17 - [MESSAGE][PASSED] - Object: 'Object Repository/Final Object Repo/New Registration - Registration Module Pages/Third Screen - Upload Supporting Doc- Preview/Select to Upload Form 1' is clicked on

2018-12-06 20:45:17 - [TEST_STEP][PASSED] - delay: Delayed 2 second(s)

2018-12-06 20:45:19 - [MESSAGE][PASSED] - Delayed 2 second(s)

2018-12-06 20:45:19 - [TEST_STEP][PASSED] - uploadFile: File 'C:\Users\Public\Pictures\Sample Pictures\Koala.jpg' sent to object: 'Object Repository/Final Object Repo/New Registration - Registration Module Pages/Third Screen - Upload Supporting Doc- Preview/Upload File Adding'

2018-12-06 20:45:19 - [MESSAGE][PASSED] - File 'C:\Users\Public\Pictures\Sample Pictures\Koala.jpg' sent to object: 'Object Repository/Final Object Repo/New Registration - Registration Module Pages/Third Screen - Upload Supporting Doc- Preview/Upload File Adding'

2018-12-06 20:45:19 - [TEST_STEP][PASSED] - delay: Delayed 5 second(s)

2018-12-06 20:45:24 - [MESSAGE][PASSED] - Delayed 5 second(s)

2018-12-06 20:45:24 - [TEST_STEP][PASSED] - click: Object: 'Object Repository/Final Object Repo/New Registration - Registration Module Pages/Third Screen - Upload Supporting Doc- Preview/Inner Form Add Document Button' is clicked on

2018-12-06 20:45:24 - [MESSAGE][PASSED] - Object: 'Object Repository/Final Object Repo/New Registration - Registration Module Pages/Third Screen - Upload Supporting Doc- Preview/Inner Form Add Document Button' is clicked on

2018-12-06 20:45:24 - [TEST_STEP][PASSED] - delay: Delayed 3 second(s)

2018-12-06 20:45:27 - [MESSAGE][PASSED] - Delayed 3 second(s)

2018-12-06 20:45:27 - [TEST_STEP][PASSED] - click: Object: 'Object Repository/Final Object Repo/New Registration - Registration Module Pages/Third Screen - Upload Supporting Doc- Preview/Add Document Button' is clicked on

2018-12-06 20:45:28 - [MESSAGE][PASSED] - Object: 'Object Repository/Final Object Repo/New Registration - Registration Module Pages/Third Screen - Upload Supporting Doc- Preview/Add Document Button' is clicked on

2018-12-06 20:45:28 - [TEST_STEP][PASSED] - delay: Delayed 30 second(s)

2018-12-06 20:45:58 - [MESSAGE][PASSED] - Delayed 30 second(s)

2018-12-06 20:45:58 - [TEST_STEP][PASSED] - click: Object: 'Object Repository/Final Object Repo/New Registration - Registration Module Pages/Third Screen - Upload Supporting Doc- Preview/Supporting Doc Please Select Drop Down' is clicked on

2018-12-06 20:45:59 - [MESSAGE][PASSED] - Object: 'Object Repository/Final Object Repo/New Registration - Registration Module Pages/Third Screen - Upload Supporting Doc- Preview/Supporting Doc Please Select Drop Down' is clicked on

2018-12-06 20:45:59 - [TEST_STEP][PASSED] - delay: Delayed 2 second(s)

2018-12-06 20:46:01 - [MESSAGE][PASSED] - Delayed 2 second(s)

2018-12-06 20:46:01 - [TEST_STEP][PASSED] - click: Object: 'Object Repository/Final Object Repo/New Registration - Registration Module Pages/Third Screen - Upload Supporting Doc- Preview/Select to Upload Form 2' is clicked on

2018-12-06 20:46:01 - [MESSAGE][PASSED] - Object: 'Object Repository/Final Object Repo/New Registration - Registration Module Pages/Third Screen - Upload Supporting Doc- Preview/Select to Upload Form 2' is clicked on

2018-12-06 20:46:01 - [TEST_STEP][PASSED] - delay: Delayed 2 second(s)

2018-12-06 20:46:03 - [MESSAGE][PASSED] - Delayed 2 second(s)

2018-12-06 20:46:03 - [TEST_STEP][PASSED] - uploadFile: File 'C:\Users\Public\Pictures\Sample Pictures\Koala.jpg' sent to object: 'Object Repository/Final Object Repo/New Registration - Registration Module Pages/Third Screen - Upload Supporting Doc- Preview/Upload File Adding'

2018-12-06 20:46:03 - [MESSAGE][PASSED] - File 'C:\Users\Public\Pictures\Sample Pictures\Koala.jpg' sent to object: 'Object Repository/Final Object Repo/New Registration - Registration Module Pages/Third Screen - Upload Supporting Doc- Preview/Upload File Adding'

2018-12-06 20:46:03 - [TEST_STEP][PASSED] - click: Object: 'Object Repository/Final Object Repo/New Registration - Registration Module Pages/Third Screen - Upload Supporting Doc- Preview/Inner Form Add Document Button' is clicked on

2018-12-06 20:46:03 - [MESSAGE][PASSED] - Object: 'Object Repository/Final Object Repo/New Registration - Registration Module Pages/Third Screen - Upload Supporting Doc- Preview/Inner Form Add Document Button' is clicked on

2018-12-06 20:46:03 - [TEST_STEP][PASSED] - delay: Delayed 5 second(s)

2018-12-06 20:46:08 - [MESSAGE][PASSED] - Delayed 5 second(s)

2018-12-06 20:46:08 - [TEST_STEP][PASSED] - click: Object: 'Object Repository/Final Object Repo/New Registration - Registration Module Pages/Third Screen - Upload Supporting Doc- Preview/Add Document Button' is clicked on

2018-12-06 20:46:08 - [MESSAGE][PASSED] - Object: 'Object Repository/Final Object Repo/New Registration - Registration Module Pages/Third Screen - Upload Supporting Doc- Preview/Add Document Button' is clicked on

2018-12-06 20:46:08 - [TEST_STEP][PASSED] - delay: Delayed 30 second(s)

2018-12-06 20:46:38 - [MESSAGE][PASSED] - Delayed 30 second(s)

2018-12-06 20:46:38 - [TEST_STEP][PASSED] - click: Object: 'Object Repository/Final Object Repo/New Registration - Registration Module Pages/Third Screen - Upload Supporting Doc- Preview/Supporting Doc Please Select Drop Down' is clicked on

2018-12-06 20:46:38 - [MESSAGE][PASSED] - Object: 'Object Repository/Final Object Repo/New Registration - Registration Module Pages/Third Screen - Upload Supporting Doc- Preview/Supporting Doc Please Select Drop Down' is clicked on

2018-12-06 20:46:38 - [TEST_STEP][PASSED] - click: Object: 'Object Repository/Final Object Repo/New Registration - Registration Module Pages/Third Screen - Upload Supporting Doc- Preview/Select to Upload Borang SIP 1' is clicked on

2018-12-06 20:46:39 - [MESSAGE][PASSED] - Object: 'Object Repository/Final Object Repo/New Registration - Registration Module Pages/Third Screen - Upload Supporting Doc- Preview/Select to Upload Borang SIP 1' is clicked on

2018-12-06 20:46:39 - [TEST_STEP][PASSED] - delay: Delayed 2 second(s)

2018-12-06 20:46:41 - [MESSAGE][PASSED] - Delayed 2 second(s)

2018-12-06 20:46:41 - [TEST_STEP][PASSED] - uploadFile: File 'C:\Users\Public\Pictures\Sample Pictures\Koala.jpg' sent to object: 'Object Repository/Final Object Repo/New Registration - Registration Module Pages/Third Screen - Upload Supporting Doc- Preview/Upload File Adding'

2018-12-06 20:46:41 - [MESSAGE][PASSED] - File 'C:\Users\Public\Pictures\Sample Pictures\Koala.jpg' sent to object: 'Object Repository/Final Object Repo/New Registration - Registration Module Pages/Third Screen - Upload Supporting Doc- Preview/Upload File Adding'

2018-12-06 20:46:41 - [TEST_STEP][PASSED] - click: Object: 'Object Repository/Final Object Repo/New Registration - Registration Module Pages/Third Screen - Upload Supporting Doc- Preview/Inner Form Add Document Button' is clicked on

2018-12-06 20:46:41 - [MESSAGE][PASSED] - Object: 'Object Repository/Final Object Repo/New Registration - Registration Module Pages/Third Screen - Upload Supporting Doc- Preview/Inner Form Add Document Button' is clicked on

2018-12-06 20:46:41 - [TEST_STEP][PASSED] - delay: Delayed 5 second(s)

2018-12-06 20:46:46 - [MESSAGE][PASSED] - Delayed 5 second(s)

2018-12-06 20:46:46 - [TEST_STEP][PASSED] - click: Object: 'Object Repository/Final Object Repo/New Registration - Registration Module Pages/Third Screen - Upload Supporting Doc- Preview/Add Document Button' is clicked on

2018-12-06 20:46:46 - [MESSAGE][PASSED] - Object: 'Object Repository/Final Object Repo/New Registration - Registration Module Pages/Third Screen - Upload Supporting Doc- Preview/Add Document Button' is clicked on

2018-12-06 20:46:46 - [TEST_STEP][PASSED] - delay: Delayed 30 second(s)

2018-12-06 20:47:16 - [MESSAGE][PASSED] - Delayed 30 second(s)

2018-12-06 20:47:16 - [TEST_STEP][PASSED] - click: Object: 'Object Repository/Final Object Repo/New Registration - Registration Module Pages/Third Screen - Upload Supporting Doc- Preview/Supporting Doc Please Select Drop Down' is clicked on

2018-12-06 20:47:16 - [MESSAGE][PASSED] - Object: 'Object Repository/Final Object Repo/New Registration - Registration Module Pages/Third Screen - Upload Supporting Doc- Preview/Supporting Doc Please Select Drop Down' is clicked on

2018-12-06 20:47:16 - [TEST_STEP][PASSED] - delay: Delayed 3 second(s)

2018-12-06 20:47:19 - [MESSAGE][PASSED] - Delayed 3 second(s)

2018-12-06 20:47:19 - [TEST_STEP][PASSED] - click: Object: 'Object Repository/Final Object Repo/New Registration - Registration Module Pages/Third Screen - Upload Supporting Doc- Preview/Select to Upload Borang SIP 2' is clicked on

2018-12-06 20:47:19 - [MESSAGE][PASSED] - Object: 'Object Repository/Final Object Repo/New Registration - Registration Module Pages/Third Screen - Upload Supporting Doc- Preview/Select to Upload Borang SIP 2' is clicked on

2018-12-06 20:47:19 - [TEST_STEP][PASSED] - delay: Delayed 2 second(s)

2018-12-06 20:47:21 - [MESSAGE][PASSED] - Delayed 2 second(s)

2018-12-06 20:47:21 - [TEST_STEP][PASSED] - uploadFile: File 'C:\Users\Public\Pictures\Sample Pictures\Koala.jpg' sent to object: 'Object Repository/Final Object Repo/New Registration - Registration Module Pages/Third Screen - Upload Supporting Doc- Preview/Upload File Adding'

2018-12-06 20:47:22 - [MESSAGE][PASSED] - File 'C:\Users\Public\Pictures\Sample Pictures\Koala.jpg' sent to object: 'Object Repository/Final Object Repo/New Registration - Registration Module Pages/Third Screen - Upload Supporting Doc- Preview/Upload File Adding'

2018-12-06 20:47:22 - [TEST_STEP][PASSED] - delay: Delayed 5 second(s)

2018-12-06 20:47:27 - [MESSAGE][PASSED] - Delayed 5 second(s)

2018-12-06 20:47:27 - [TEST_STEP][PASSED] - click: Object: 'Object Repository/Final Object Repo/New Registration - Registration Module Pages/Third Screen - Upload Supporting Doc- Preview/Inner Form Add Document Button' is clicked on

2018-12-06 20:47:27 - [MESSAGE][PASSED] - Object: 'Object Repository/Final Object Repo/New Registration - Registration Module Pages/Third Screen - Upload Supporting Doc- Preview/Inner Form Add Document Button' is clicked on

2018-12-06 20:47:27 - [TEST_STEP][PASSED] - delay: Delayed 3 second(s)

2018-12-06 20:47:30 - [MESSAGE][PASSED] - Delayed 3 second(s)

2018-12-06 20:47:30 - [TEST_STEP][PASSED] - waitForElementClickable: Object 'Object Repository/Final Object Repo/New Registration - Registration Module Pages/Third Screen - Upload Supporting Doc- Preview/Save n Continue in Uploading Supporting Doc Page' is clickable

2018-12-06 20:47:31 - [MESSAGE][PASSED] - Object 'Object Repository/Final Object Repo/New Registration - Registration Module Pages/Third Screen - Upload Supporting Doc- Preview/Save n Continue in Uploading Supporting Doc Page' is clickable

2018-12-06 20:47:31 - [TEST_STEP][PASSED] - click: Object: 'Object Repository/Final Object Repo/New Registration - Registration Module Pages/Third Screen - Upload Supporting Doc- Preview/Save n Continue in Uploading Supporting Doc Page' is clicked on

2018-12-06 20:47:31 - [MESSAGE][PASSED] - Object: 'Object Repository/Final Object Repo/New Registration - Registration Module Pages/Third Screen - Upload Supporting Doc- Preview/Save n Continue in Uploading Supporting Doc Page' is clicked on

2018-12-06 20:47:31 - [MESSAGE][PASSED] - Call Test Case 'Test Cases/Final Aug 2018 - PKS Automation/Registration Module/New Registration/Flow of New Registration/Third Screen - Upload Supporting Doc - Preview' successfully

2018-12-06 20:47:31 - [TEST_STEP][PASSED] - setText: Text 'Tester' is set on object 'Object Repository/Final Object Repo/New Registration - Registration Module Pages/New Reg - OTC to RO/Special Case - All Related Objects/Employer Preview Name'

2018-12-06 20:47:36 - [MESSAGE][PASSED] - Text 'Tester' is set on object 'Object Repository/Final Object Repo/New Registration - Registration Module Pages/New Reg - OTC to RO/Special Case - All Related Objects/Employer Preview Name'

2018-12-06 20:47:36 - [TEST_STEP][PASSED] - click: Object: 'Object Repository/Final Object Repo/New Registration - Registration Module Pages/New Reg - OTC to RO/Special Case - All Related Objects/IC Type Drop Down' is clicked on

2018-12-06 20:47:36 - [MESSAGE][PASSED] - Object: 'Object Repository/Final Object Repo/New Registration - Registration Module Pages/New Reg - OTC to RO/Special Case - All Related Objects/IC Type Drop Down' is clicked on

2018-12-06 20:47:36 - [TEST_STEP][PASSED] - click: Object: 'Object Repository/Final Object Repo/New Registration - Registration Module Pages/New Reg - OTC to RO/Special Case - All Related Objects/Select to NRIC' is clicked on

2018-12-06 20:47:36 - [MESSAGE][PASSED] - Object: 'Object Repository/Final Object Repo/New Registration - Registration Module Pages/New Reg - OTC to RO/Special Case - All Related Objects/Select to NRIC' is clicked on

2018-12-06 20:47:36 - [TEST_STEP][PASSED] - setText: Text '133245561223' is set on object 'Object Repository/Final Object Repo/New Registration - Registration Module Pages/New Reg - OTC to RO/Special Case - All Related Objects/IC Value'

2018-12-06 20:47:36 - [MESSAGE][PASSED] - Text '133245561223' is set on object 'Object Repository/Final Object Repo/New Registration - Registration Module Pages/New Reg - OTC to RO/Special Case - All Related Objects/IC Value'

2018-12-06 20:47:36 - [TEST_STEP][PASSED] - setText: Text 'Auto' is set on object 'Object Repository/Final Object Repo/New Registration - Registration Module Pages/New Reg - OTC to RO/Special Case - All Related Objects/Designation'

2018-12-06 20:47:37 - [MESSAGE][PASSED] - Text 'Auto' is set on object 'Object Repository/Final Object Repo/New Registration - Registration Module Pages/New Reg - OTC to RO/Special Case - All Related Objects/Designation'

2018-12-06 20:47:37 - [TEST_STEP][PASSED] - callTestCase: Call Test Case 'Test Cases/Final Aug 2018 - PKS Automation/Registration Module/New Registration/Submit and Screenshot/Submit Registration and Screenshot - Copy' successfully

2018-12-06 20:47:37 - [TEST_CASE][PASSED] - Test Cases/Final Aug 2018 - PKS Automation/Registration Module/New Registration/Submit and Screenshot/Submit Registration and Screenshot - Copy: Test Cases/Final Aug 2018 - PKS Automation/Registration Module/New Registration/Submit and Screenshot/Submit Registration and Screenshot - Copy

2018-12-06 20:47:37 - [TEST_STEP][PASSED] - delay: Delayed 6 second(s)

2018-12-06 20:47:43 - [MESSAGE][PASSED] - Delayed 6 second(s)

2018-12-06 20:47:43 - [TEST_STEP][PASSED] - click: Object: 'Object Repository/Final Object Repo/New Registration - Registration Module Pages/Third Screen - Upload Supporting Doc- Preview/Preview Submit Button' is clicked on

2018-12-06 20:47:43 - [MESSAGE][PASSED] - Object: 'Object Repository/Final Object Repo/New Registration - Registration Module Pages/Third Screen - Upload Supporting Doc- Preview/Preview Submit Button' is clicked on

2018-12-06 20:47:43 - [TEST_STEP][PASSED] - delay: Delayed 2 second(s)

2018-12-06 20:47:45 - [MESSAGE][PASSED] - Delayed 2 second(s)

2018-12-06 20:47:45 - [TEST_STEP][PASSED] - click: Object: 'Object Repository/Final Object Repo/New Registration - Registration Module Pages/Third Screen - Upload Supporting Doc- Preview/Preview Submit - Confirm' is clicked on

2018-12-06 20:47:46 - [MESSAGE][PASSED] - Object: 'Object Repository/Final Object Repo/New Registration - Registration Module Pages/Third Screen - Upload Supporting Doc- Preview/Preview Submit - Confirm' is clicked on

2018-12-06 20:47:46 - [TEST_STEP][PASSED] - delay: Delayed 15 second(s)

2018-12-06 20:48:01 - [MESSAGE][PASSED] - Delayed 15 second(s)

2018-12-06 20:48:01 - [TEST_STEP][PASSED] - Statement - driver = com.kms.katalon.core.webui.driver.DriverFactory.getWebDriver(): null

2018-12-06 20:48:01 - [TEST_STEP][PASSED] - Statement - driver.manage().timeouts().implicitlyWait(10, SECONDS): null

2018-12-06 20:48:01 - [TEST_STEP][PASSED] - Statement - PresavePath = KatalonScreenshots: null

2018-12-06 20:48:01 - [TEST_STEP][PASSED] - Statement - pathPrefix = "C:\Users\Public\Pictures\Sample Pictures\Katalon Screenshots\Automate Ending Screen": null

2018-12-06 20:48:01 - [TEST_STEP][PASSED] - Statement - finalPath = <not implemented yet for class: org.codehaus.groovy.ast.expr.EmptyExpression>: null

2018-12-06 20:48:01 - [TEST_STEP][PASSED] - Statement - scrFile = driver.getScreenshotAs(FILE): null

2018-12-06 20:48:10 - [TEST_STEP][PASSED] - Statement - PreSaveFile = new java.io.File(PresavePath): null

2018-12-06 20:48:10 - [TEST_STEP][PASSED] - Statement - counter = 0: null

2018-12-06 20:48:10 - [TEST_STEP][PASSED] - Statement - If (PreSaveFile.exists()): null

2018-12-06 20:48:10 - [TEST_STEP][PASSED] - Statement - While (PreSaveFile.exists()): null

2018-12-06 20:48:10 - [TEST_STEP][PASSED] - Statement - counter = counter + 1: null

2018-12-06 20:48:10 - [TEST_STEP][PASSED] - Statement - PreSaveFile = new java.io.File(((pathPrefix + java.lang.Integer.toString(counter)) + .png)): null

2018-12-06 20:48:10 - [TEST_STEP][PASSED] - Statement - counter = counter + 1: null

2018-12-06 20:48:10 - [TEST_STEP][PASSED] - Statement - PreSaveFile = new java.io.File(((pathPrefix + java.lang.Integer.toString(counter)) + .png)): null

2018-12-06 20:48:11 - [TEST_STEP][PASSED] - Statement - counter = counter + 1: null

2018-12-06 20:48:11 - [TEST_STEP][PASSED] - Statement - PreSaveFile = new java.io.File(((pathPrefix + java.lang.Integer.toString(counter)) + .png)): null

2018-12-06 20:48:11 - [TEST_STEP][PASSED] - Statement - counter = counter + 1: null

2018-12-06 20:48:11 - [TEST_STEP][PASSED] - Statement - PreSaveFile = new java.io.File(((pathPrefix + java.lang.Integer.toString(counter)) + .png)): null

2018-12-06 20:48:11 - [TEST_STEP][PASSED] - Statement - counter = counter + 1: null

2018-12-06 20:48:11 - [TEST_STEP][PASSED] - Statement - PreSaveFile = new java.io.File(((pathPrefix + java.lang.Integer.toString(counter)) + .png)): null

2018-12-06 20:48:11 - [TEST_STEP][PASSED] - Statement - counter = counter + 1: null

2018-12-06 20:48:11 - [TEST_STEP][PASSED] - Statement - PreSaveFile = new java.io.File(((pathPrefix + java.lang.Integer.toString(counter)) + .png)): null

2018-12-06 20:48:11 - [TEST_STEP][PASSED] - Statement - counter = counter + 1: null

2018-12-06 20:48:11 - [TEST_STEP][PASSED] - Statement - PreSaveFile = new java.io.File(((pathPrefix + java.lang.Integer.toString(counter)) + .png)): null

2018-12-06 20:48:11 - [TEST_STEP][PASSED] - Statement - counter = counter + 1: null

2018-12-06 20:48:11 - [TEST_STEP][PASSED] - Statement - PreSaveFile = new java.io.File(((pathPrefix + java.lang.Integer.toString(counter)) + .png)): null

2018-12-06 20:48:11 - [TEST_STEP][PASSED] - Statement - counter = counter + 1: null

2018-12-06 20:48:11 - [TEST_STEP][PASSED] - Statement - PreSaveFile = new java.io.File(((pathPrefix + java.lang.Integer.toString(counter)) + .png)): null

2018-12-06 20:48:11 - [TEST_STEP][PASSED] - Statement - counter = counter + 1: null

2018-12-06 20:48:11 - [TEST_STEP][PASSED] - Statement - PreSaveFile = new java.io.File(((pathPrefix + java.lang.Integer.toString(counter)) + .png)): null

2018-12-06 20:48:11 - [TEST_STEP][PASSED] - Statement - counter = counter + 1: null

2018-12-06 20:48:11 - [TEST_STEP][PASSED] - Statement - PreSaveFile = new java.io.File(((pathPrefix + java.lang.Integer.toString(counter)) + .png)): null

2018-12-06 20:48:11 - [TEST_STEP][PASSED] - Statement - counter = counter + 1: null

2018-12-06 20:48:11 - [TEST_STEP][PASSED] - Statement - PreSaveFile = new java.io.File(((pathPrefix + java.lang.Integer.toString(counter)) + .png)): null

2018-12-06 20:48:11 - [TEST_STEP][PASSED] - Statement - counter = counter + 1: null

2018-12-06 20:48:11 - [TEST_STEP][PASSED] - Statement - PreSaveFile = new java.io.File(((pathPrefix + java.lang.Integer.toString(counter)) + .png)): null

2018-12-06 20:48:11 - [TEST_STEP][PASSED] - Statement - counter = counter + 1: null

2018-12-06 20:48:11 - [TEST_STEP][PASSED] - Statement - PreSaveFile = new java.io.File(((pathPrefix + java.lang.Integer.toString(counter)) + .png)): null

2018-12-06 20:48:11 - [TEST_STEP][PASSED] - Statement - counter = counter + 1: null

2018-12-06 20:48:11 - [TEST_STEP][PASSED] - Statement - PreSaveFile = new java.io.File(((pathPrefix + java.lang.Integer.toString(counter)) + .png)): null

2018-12-06 20:48:11 - [TEST_STEP][PASSED] - Statement - counter = counter + 1: null

2018-12-06 20:48:11 - [TEST_STEP][PASSED] - Statement - PreSaveFile = new java.io.File(((pathPrefix + java.lang.Integer.toString(counter)) + .png)): null

2018-12-06 20:48:11 - [TEST_STEP][PASSED] - Statement - counter = counter + 1: null

2018-12-06 20:48:11 - [TEST_STEP][PASSED] - Statement - PreSaveFile = new java.io.File(((pathPrefix + java.lang.Integer.toString(counter)) + .png)): null

2018-12-06 20:48:11 - [TEST_STEP][PASSED] - Statement - counter = counter + 1: null

2018-12-06 20:48:11 - [TEST_STEP][PASSED] - Statement - PreSaveFile = new java.io.File(((pathPrefix + java.lang.Integer.toString(counter)) + .png)): null

2018-12-06 20:48:11 - [TEST_STEP][PASSED] - Statement - counter = counter + 1: null

2018-12-06 20:48:11 - [TEST_STEP][PASSED] - Statement - PreSaveFile = new java.io.File(((pathPrefix + java.lang.Integer.toString(counter)) + .png)): null

2018-12-06 20:48:11 - [TEST_STEP][PASSED] - Statement - counter = counter + 1: null

2018-12-06 20:48:11 - [TEST_STEP][PASSED] - Statement - PreSaveFile = new java.io.File(((pathPrefix + java.lang.Integer.toString(counter)) + .png)): null

2018-12-06 20:48:11 - [TEST_STEP][PASSED] - Statement - counter = counter + 1: null

2018-12-06 20:48:11 - [TEST_STEP][PASSED] - Statement - PreSaveFile = new java.io.File(((pathPrefix + java.lang.Integer.toString(counter)) + .png)): null

2018-12-06 20:48:11 - [TEST_STEP][PASSED] - Statement - counter = counter + 1: null

2018-12-06 20:48:11 - [TEST_STEP][PASSED] - Statement - PreSaveFile = new java.io.File(((pathPrefix + java.lang.Integer.toString(counter)) + .png)): null

2018-12-06 20:48:11 - [TEST_STEP][PASSED] - Statement - counter = counter + 1: null

2018-12-06 20:48:11 - [TEST_STEP][PASSED] - Statement - PreSaveFile = new java.io.File(((pathPrefix + java.lang.Integer.toString(counter)) + .png)): null

2018-12-06 20:48:11 - [TEST_STEP][PASSED] - Statement - counter = counter + 1: null

2018-12-06 20:48:11 - [TEST_STEP][PASSED] - Statement - PreSaveFile = new java.io.File(((pathPrefix + java.lang.Integer.toString(counter)) + .png)): null

2018-12-06 20:48:11 - [TEST_STEP][PASSED] - Statement - counter = counter + 1: null

2018-12-06 20:48:11 - [TEST_STEP][PASSED] - Statement - PreSaveFile = new java.io.File(((pathPrefix + java.lang.Integer.toString(counter)) + .png)): null

2018-12-06 20:48:11 - [TEST_STEP][PASSED] - Statement - finalPath = pathPrefix + java.lang.Integer.toString(counter) + ".png": null

2018-12-06 20:48:11 - [TEST_STEP][PASSED] - Statement - SaveFile = new java.io.File(finalPath): null

2018-12-06 20:48:11 - [TEST_STEP][PASSED] - Statement - Try: null

2018-12-06 20:48:11 - [TEST_STEP][PASSED] - Statement - org.apache.commons.io.FileUtils.copyFile(scrFile, SaveFile): null

2018-12-06 20:48:11 - [TEST_STEP][PASSED] - Statement - out.println("file kept"): null

2018-12-06 20:48:11 - [TEST_STEP][PASSED] - delay: Delayed 10 second(s)

2018-12-06 20:48:21 - [MESSAGE][PASSED] - Delayed 10 second(s)

2018-12-06 20:48:21 - [MESSAGE][PASSED] - Call Test Case 'Test Cases/Final Aug 2018 - PKS Automation/Registration Module/New Registration/Submit and Screenshot/Submit Registration and Screenshot - Copy' successfully

2018-12-06 20:48:21 - [TEST_STEP][PASSED] - Statement - UpdateAddNewECode = com.kms.katalon.core.webui.keyword.WebUiBuiltInKeywords.getText(com.kms.katalon.core.testobject.ObjectRepository.findTestObject(Object Repository/Final Object Repo/Page_Update Add New Employee - ASSIST/getEmpCode)): Text of object 'Object Repository/Final Object Repo/Page_Update Add New Employee - ASSIST/getEmpCode' is: 'E1102070644F'

2018-12-06 20:48:21 - [MESSAGE][PASSED] - Text of object 'Object Repository/Final Object Repo/Page_Update Add New Employee - ASSIST/getEmpCode' is: 'E1102070644F'

2018-12-06 20:48:21 - [TEST_STEP][PASSED] - callTestCase: Call Test Case 'Test Cases/Final Aug 2018 - PKS Automation/Common/Emp Code Setter' successfully

2018-12-06 20:48:21 - [TEST_CASE][PASSED] - Test Cases/Final Aug 2018 - PKS Automation/Common/Emp Code Setter: Test Cases/Final Aug 2018 - PKS Automation/Common/Emp Code Setter

2018-12-06 20:48:21 - [TEST_STEP][PASSED] - Statement - EmpCodeOld = new java.io.File(C://Users//Admin//Desktop//PKS//Automation Reference Point//EmpCode.txt): null

2018-12-06 20:48:21 - [TEST_STEP][PASSED] - Statement - EmpCodeOld.delete(): null

2018-12-06 20:48:21 - [TEST_STEP][PASSED] - Statement - EmpCode = new java.io.File(C://Users//Admin//Desktop//PKS//Automation Reference Point//EmpCode.txt): null

2018-12-06 20:48:21 - [TEST_STEP][PASSED] - Statement - f2 = new java.io.FileWriter(EmpCode, false): null

2018-12-06 20:48:21 - [TEST_STEP][PASSED] - Statement - f2.write(UpdateAddNewECode): null

2018-12-06 20:48:21 - [TEST_STEP][PASSED] - Statement - f2.close(): null

2018-12-06 20:48:21 - [TEST_STEP][PASSED] - Statement - out.println("


" + UpdateAddNewECode + "


"): null

2018-12-06 20:48:21 - [MESSAGE][PASSED] - Call Test Case 'Test Cases/Final Aug 2018 - PKS Automation/Common/Emp Code Setter' successfully

2018-12-06 20:48:21 - [MESSAGE][PASSED] - Call Test Case 'Test Cases/Final Aug 2018 - PKS Automation/Registration Module/Workflow/Update Add New Employee/Template/New Company for Update Add New - Employer' successfully

2018-12-06 20:48:21 - [TEST_STEP][PASSED] - callTestCase: Call Test Case 'Test Cases/Final Aug 2018 - PKS Automation/Create Employer Acc/Login to Employer Account (Second time)' successfully

2018-12-06 20:48:21 - [TEST_CASE][PASSED] - Test Cases/Final Aug 2018 - PKS Automation/Create Employer Acc/Login to Employer Account (Second time): Test Cases/Final Aug 2018 - PKS Automation/Create Employer Acc/Login to Employer Account (Second time)

2018-12-06 20:48:21 - [TEST_STEP][PASSED] - openBrowser: Browser is opened with url: ''

2018-12-06 20:48:21 - [MESSAGE][WARNING] - A browser is already opened. Closing browser and opening a new one

2018-12-06 20:48:25 - [MESSAGE][PASSED] - Browser is opened with url: ''

2018-12-06 20:48:25 - [TEST_STEP][PASSED] - navigateToUrl: Navigate to 'https://assist2-uat.perkeso.gov.my/employer/login' successfully

2018-12-06 20:48:26 - [MESSAGE][PASSED] - Navigate to 'https://assist2-uat.perkeso.gov.my/employer/login' successfully

2018-12-06 20:48:26 - [TEST_STEP][PASSED] - delay: Delayed 3 second(s)

2018-12-06 20:48:29 - [MESSAGE][PASSED] - Delayed 3 second(s)

2018-12-06 20:48:29 - [TEST_STEP][PASSED] - callTestCase: Call Test Case 'Test Cases/Final Aug 2018 - PKS Automation/Create Employer Acc/Template/Employer Email Getter' successfully

2018-12-06 20:48:29 - [TEST_CASE][PASSED] - Test Cases/Final Aug 2018 - PKS Automation/Create Employer Acc/Template/Employer Email Getter: Test Cases/Final Aug 2018 - PKS Automation/Create Employer Acc/Template/Employer Email Getter

2018-12-06 20:48:29 - [TEST_STEP][PASSED] - Statement - Try: null

2018-12-06 20:48:29 - [TEST_STEP][PASSED] - Statement - EmpEmail = new java.io.File(C://Users//Admin//Desktop//PKS//Automation Reference Point//EmpEmail.txt): null

2018-12-06 20:48:29 - [TEST_STEP][PASSED] - Statement - bufferread = new java.io.BufferedReader(new java.io.FileReader(EmpEmail)): null

2018-12-06 20:48:29 - [TEST_STEP][PASSED] - Statement - readedVal = bufferread.readLine(): null

2018-12-06 20:48:29 - [TEST_STEP][PASSED] - Statement - out.println(readedVal): null

2018-12-06 20:48:29 - [TEST_STEP][PASSED] - Statement - Email = readedVal: null

2018-12-06 20:48:29 - [MESSAGE][PASSED] - Call Test Case 'Test Cases/Final Aug 2018 - PKS Automation/Create Employer Acc/Template/Employer Email Getter' successfully

2018-12-06 20:48:29 - [TEST_STEP][PASSED] - setText: Text 'perkeso302928882454@gmail.com' is set on object 'Object Repository/Final Object Repo/Login Page/External Login Page/Email'

2018-12-06 20:48:30 - [MESSAGE][PASSED] - Text 'perkeso302928882454@gmail.com' is set on object 'Object Repository/Final Object Repo/Login Page/External Login Page/Email'

2018-12-06 20:48:30 - [TEST_STEP][PASSED] - click: Object: 'Object Repository/Final Object Repo/Login Page/External Login Page/Next' is clicked on

2018-12-06 20:48:30 - [MESSAGE][PASSED] - Object: 'Object Repository/Final Object Repo/Login Page/External Login Page/Next' is clicked on

2018-12-06 20:48:30 - [TEST_STEP][PASSED] - delay: Delayed 3 second(s)

2018-12-06 20:48:33 - [MESSAGE][PASSED] - Delayed 3 second(s)

2018-12-06 20:48:33 - [TEST_STEP][PASSED] - setEncryptedText: Text ****** has been set on object 'Object Repository/Final Object Repo/Login Page/External Login Page/Password'

2018-12-06 20:48:33 - [MESSAGE][PASSED] - Text ****** has been set on object 'Object Repository/Final Object Repo/Login Page/External Login Page/Password'

2018-12-06 20:48:33 - [TEST_STEP][PASSED] - click: Object: 'Object Repository/Final Object Repo/Login Page/External Login Page/Login' is clicked on

2018-12-06 20:48:33 - [MESSAGE][PASSED] - Object: 'Object Repository/Final Object Repo/Login Page/External Login Page/Login' is clicked on

2018-12-06 20:48:33 - [TEST_STEP][PASSED] - delay: Delayed 5 second(s)

2018-12-06 20:48:38 - [MESSAGE][PASSED] - Delayed 5 second(s)

2018-12-06 20:48:38 - [MESSAGE][PASSED] - Call Test Case 'Test Cases/Final Aug 2018 - PKS Automation/Create Employer Acc/Login to Employer Account (Second time)' successfully

2018-12-06 20:48:38 - [TEST_STEP][PASSED] - navigateToUrl: Navigate to 'https://assist2-uat.perkeso.gov.my/web/registration/eis-update/form-3-eis-cessation-as-employer' successfully

2018-12-06 20:48:39 - [MESSAGE][PASSED] - Navigate to 'https://assist2-uat.perkeso.gov.my/web/registration/eis-update/form-3-eis-cessation-as-employer' successfully

2018-12-06 20:48:39 - [TEST_STEP][PASSED] - delay: Delayed 1 second(s)

2018-12-06 20:48:40 - [MESSAGE][PASSED] - Delayed 1 second(s)

2018-12-06 20:48:40 - [TEST_STEP][PASSED] - click: Object: 'Object Repository/Final Object Repo/Page_Form 3 EIS - Cessation as Employer/Edit' is clicked on

2018-12-06 20:48:42 - [MESSAGE][PASSED] - Object: 'Object Repository/Final Object Repo/Page_Form 3 EIS - Cessation as Employer/Edit' is clicked on

2018-12-06 20:48:42 - [TEST_STEP][PASSED] - delay: Delayed 1 second(s)

2018-12-06 20:48:43 - [MESSAGE][PASSED] - Delayed 1 second(s)

2018-12-06 20:48:43 - [TEST_STEP][PASSED] - Statement - abc = com.kms.katalon.core.webui.keyword.WebUiBuiltInKeywords.getAttribute(com.kms.katalon.core.testobject.ObjectRepository.findTestObject(Final Object Repo/Page_Form 3 EIS - Cessation as Employer/Employer Status), "value"): Attribute 'value' of object 'Object Repository/Final Object Repo/Page_Form 3 EIS - Cessation as Employer/Employer Status' is: 'Active'

2018-12-06 20:48:43 - [MESSAGE][PASSED] - Attribute 'value' of object 'Object Repository/Final Object Repo/Page_Form 3 EIS - Cessation as Employer/Employer Status' is: 'Active'

2018-12-06 20:48:43 - [TEST_STEP][PASSED] - Statement - out.println(abc): null

2018-12-06 20:48:43 - [TEST_STEP][PASSED] - Statement - If (abc == "Active"): Object: 'Object Repository/Final Object Repo/Page_Form 3 EIS - Cessation as Employer/Dormant EIS' is clicked on

2018-12-06 20:48:43 - [TEST_STEP][PASSED] - click: Object: 'Object Repository/Final Object Repo/Page_Form 3 EIS - Cessation as Employer/Change Employer Status to' is clicked on

2018-12-06 20:48:43 - [MESSAGE][PASSED] - Object: 'Object Repository/Final Object Repo/Page_Form 3 EIS - Cessation as Employer/Change Employer Status to' is clicked on

2018-12-06 20:48:43 - [TEST_STEP][PASSED] - click: Object: 'Object Repository/Final Object Repo/Page_Form 3 EIS - Cessation as Employer/Dormant EIS' is clicked on

2018-12-06 20:48:43 - [MESSAGE][PASSED] - Object: 'Object Repository/Final Object Repo/Page_Form 3 EIS - Cessation as Employer/Dormant EIS' is clicked on

2018-12-06 20:48:43 - [TEST_STEP][PASSED] - click: Object: 'Object Repository/Final Object Repo/Page_Form 3 EIS - Cessation as Employer/Calender' is clicked on

2018-12-06 20:48:43 - [MESSAGE][PASSED] - Object: 'Object Repository/Final Object Repo/Page_Form 3 EIS - Cessation as Employer/Calender' is clicked on

2018-12-06 20:48:43 - [TEST_STEP][PASSED] - delay: Delayed 1 second(s)

2018-12-06 20:48:44 - [MESSAGE][PASSED] - Delayed 1 second(s)

2018-12-06 20:48:44 - [TEST_STEP][PASSED] - click: Object: 'Object Repository/Final Object Repo/Page_Form 3 EIS - Cessation as Employer/Calender - Date' is clicked on

2018-12-06 20:48:44 - [MESSAGE][PASSED] - Object: 'Object Repository/Final Object Repo/Page_Form 3 EIS - Cessation as Employer/Calender - Date' is clicked on

2018-12-06 20:48:44 - [TEST_STEP][PASSED] - click: Object: 'Object Repository/Final Object Repo/Page_Form 3 EIS - Cessation as Employer/Save  Continue in Form 3 EIS Page' is clicked on

2018-12-06 20:48:45 - [MESSAGE][PASSED] - Object: 'Object Repository/Final Object Repo/Page_Form 3 EIS - Cessation as Employer/Save  Continue in Form 3 EIS Page' is clicked on

2018-12-06 20:48:45 - [TEST_STEP][PASSED] - delay: Delayed 1 second(s)

2018-12-06 20:48:46 - [MESSAGE][PASSED] - Delayed 1 second(s)

2018-12-06 20:48:46 - [TEST_STEP][PASSED] - click: Object: 'Object Repository/Final Object Repo/Page_Form 3 EIS - Cessation as Employer/Employment Resign Date' is clicked on

2018-12-06 20:48:46 - [MESSAGE][PASSED] - Object: 'Object Repository/Final Object Repo/Page_Form 3 EIS - Cessation as Employer/Employment Resign Date' is clicked on

2018-12-06 20:48:46 - [TEST_STEP][PASSED] - selectOptionByValue: All options with value '2019' are selected in object 'Object Repository/Final Object Repo/Page_Form 3 EIS - Cessation as Employer/Employment Resign Date - Year' 

2018-12-06 20:48:47 - [MESSAGE][PASSED] - All options with value '2019' are selected in object 'Object Repository/Final Object Repo/Page_Form 3 EIS - Cessation as Employer/Employment Resign Date - Year' 

2018-12-06 20:48:47 - [TEST_STEP][PASSED] - delay: Delayed 2 second(s)

2018-12-06 20:48:49 - [MESSAGE][PASSED] - Delayed 2 second(s)

2018-12-06 20:48:49 - [TEST_STEP][PASSED] - click: Object: 'Object Repository/Final Object Repo/Page_Form 3 EIS - Cessation as Employer/Employment Resign Date - Year - Date' is clicked on

2018-12-06 20:48:49 - [MESSAGE][PASSED] - Object: 'Object Repository/Final Object Repo/Page_Form 3 EIS - Cessation as Employer/Employment Resign Date - Year - Date' is clicked on

2018-12-06 20:48:49 - [TEST_STEP][PASSED] - delay: Delayed 2 second(s)

2018-12-06 20:48:51 - [MESSAGE][PASSED] - Delayed 2 second(s)

2018-12-06 20:48:51 - [TEST_STEP][PASSED] - click: Object: 'Object Repository/Final Object Repo/Page_Form 3 EIS - Cessation as Employer/Save  Continue in Employment Resign Page' is clicked on

2018-12-06 20:48:51 - [MESSAGE][PASSED] - Object: 'Object Repository/Final Object Repo/Page_Form 3 EIS - Cessation as Employer/Save  Continue in Employment Resign Page' is clicked on

2018-12-06 20:48:51 - [TEST_STEP][PASSED] - delay: Delayed 2 second(s)

2018-12-06 20:48:53 - [MESSAGE][PASSED] - Delayed 2 second(s)

2018-12-06 20:48:53 - [TEST_STEP][PASSED] - click: Object: 'Object Repository/Final Object Repo/Page_Form 3 EIS - Cessation as Employer/Set Latest - Yes' is clicked on

2018-12-06 20:48:53 - [MESSAGE][PASSED] - Object: 'Object Repository/Final Object Repo/Page_Form 3 EIS - Cessation as Employer/Set Latest - Yes' is clicked on

2018-12-06 20:48:53 - [TEST_STEP][PASSED] - delay: Delayed 2 second(s)

2018-12-06 20:48:55 - [MESSAGE][PASSED] - Delayed 2 second(s)

2018-12-06 20:48:55 - [TEST_STEP][PASSED] - click: Object: 'Object Repository/Final Object Repo/Page_Form 3 EIS - Cessation as Employer/Add Document' is clicked on

2018-12-06 20:48:56 - [MESSAGE][PASSED] - Object: 'Object Repository/Final Object Repo/Page_Form 3 EIS - Cessation as Employer/Add Document' is clicked on

2018-12-06 20:48:56 - [TEST_STEP][PASSED] - delay: Delayed 3 second(s)

2018-12-06 20:48:59 - [MESSAGE][PASSED] - Delayed 3 second(s)

2018-12-06 20:48:59 - [TEST_STEP][PASSED] - click: Object: 'Object Repository/Final Object Repo/Page_Form 3 EIS - Cessation as Employer/Document Type' is clicked on

2018-12-06 20:49:00 - [MESSAGE][PASSED] - Object: 'Object Repository/Final Object Repo/Page_Form 3 EIS - Cessation as Employer/Document Type' is clicked on

2018-12-06 20:49:00 - [TEST_STEP][PASSED] - click: Object: 'Object Repository/Final Object Repo/Page_Form 3 EIS - Cessation as Employer/Document Type - Form 3' is clicked on

2018-12-06 20:49:00 - [MESSAGE][PASSED] - Object: 'Object Repository/Final Object Repo/Page_Form 3 EIS - Cessation as Employer/Document Type - Form 3' is clicked on

2018-12-06 20:49:00 - [TEST_STEP][PASSED] - delay: Delayed 2 second(s)

2018-12-06 20:49:02 - [MESSAGE][PASSED] - Delayed 2 second(s)

2018-12-06 20:49:02 - [TEST_STEP][PASSED] - sendKeys: Keys 'C:\Users\Public\Pictures\Sample Pictures\Koala.jpg' sent to object: 'Object Repository/Final Object Repo/Page_Form 3 EIS - Cessation as Employer/ploading File'

2018-12-06 20:49:02 - [MESSAGE][PASSED] - Keys 'C:\Users\Public\Pictures\Sample Pictures\Koala.jpg' sent to object: 'Object Repository/Final Object Repo/Page_Form 3 EIS - Cessation as Employer/ploading File'

2018-12-06 20:49:02 - [TEST_STEP][PASSED] - delay: Delayed 1 second(s)

2018-12-06 20:49:03 - [MESSAGE][PASSED] - Delayed 1 second(s)

2018-12-06 20:49:03 - [TEST_STEP][PASSED] - click: Object: 'Object Repository/Final Object Repo/Page_Form 3 EIS - Cessation as Employer/Add Document in Uploading Page' is clicked on

2018-12-06 20:49:03 - [MESSAGE][PASSED] - Object: 'Object Repository/Final Object Repo/Page_Form 3 EIS - Cessation as Employer/Add Document in Uploading Page' is clicked on

2018-12-06 20:49:03 - [TEST_STEP][PASSED] - delay: Delayed 2 second(s)

2018-12-06 20:49:05 - [MESSAGE][PASSED] - Delayed 2 second(s)

2018-12-06 20:49:05 - [TEST_STEP][PASSED] - Statement - CaseReferenceNo = com.kms.katalon.core.webui.keyword.WebUiBuiltInKeywords.getText(com.kms.katalon.core.testobject.ObjectRepository.findTestObject(Final Object Repo/Page_Update Employer Information/Reference Number in Update Employee Information Page)): Text of object 'Object Repository/Final Object Repo/Page_Update Employer Information/Reference Number in Update Employee Information Page' is: 'ERN122018C200002375'

2018-12-06 20:49:07 - [MESSAGE][PASSED] - Text of object 'Object Repository/Final Object Repo/Page_Update Employer Information/Reference Number in Update Employee Information Page' is: 'ERN122018C200002375'

2018-12-06 20:49:07 - [TEST_STEP][PASSED] - callTestCase: Call Test Case 'Test Cases/Final Aug 2018 - PKS Automation/Common/Reference Number Setter' successfully

2018-12-06 20:49:07 - [TEST_CASE][PASSED] - Test Cases/Final Aug 2018 - PKS Automation/Common/Reference Number Setter: Test Cases/Final Aug 2018 - PKS Automation/Common/Reference Number Setter

2018-12-06 20:49:07 - [TEST_STEP][PASSED] - Statement - RefNoOldFile = new java.io.File(C://Users//Admin//Desktop//PKS//Automation Reference Point//KatalonReference.txt): null

2018-12-06 20:49:07 - [TEST_STEP][PASSED] - Statement - RefNoOldFile.delete(): null

2018-12-06 20:49:07 - [TEST_STEP][PASSED] - delay: Delayed 5 second(s)

2018-12-06 20:49:12 - [MESSAGE][PASSED] - Delayed 5 second(s)

2018-12-06 20:49:12 - [TEST_STEP][PASSED] - Statement - RefNo = new java.io.File(C://Users//Admin//Desktop//PKS//Automation Reference Point//KatalonReference.txt): null

2018-12-06 20:49:12 - [TEST_STEP][PASSED] - Statement - f2 = new java.io.FileWriter(RefNo, false): null

2018-12-06 20:49:12 - [TEST_STEP][PASSED] - Statement - f2.write(CaseReferenceNo): null

2018-12-06 20:49:12 - [TEST_STEP][PASSED] - Statement - f2.close(): null

2018-12-06 20:49:12 - [TEST_STEP][PASSED] - Statement - out.println("


" + CaseReferenceNo + "


"): null

2018-12-06 20:49:12 - [MESSAGE][PASSED] - Call Test Case 'Test Cases/Final Aug 2018 - PKS Automation/Common/Reference Number Setter' successfully

2018-12-06 20:49:12 - [TEST_STEP][PASSED] - delay: Delayed 2 second(s)

2018-12-06 20:49:14 - [MESSAGE][PASSED] - Delayed 2 second(s)

2018-12-06 20:49:14 - [TEST_STEP][PASSED] - click: Object: 'Object Repository/Final Object Repo/Page_Form 3 EIS - Cessation as Employer/Save  Continue in Uploading Page' is clicked on

2018-12-06 20:49:14 - [MESSAGE][PASSED] - Object: 'Object Repository/Final Object Repo/Page_Form 3 EIS - Cessation as Employer/Save  Continue in Uploading Page' is clicked on

2018-12-06 20:49:14 - [TEST_STEP][PASSED] - delay: Delayed 2 second(s)

2018-12-06 20:49:16 - [MESSAGE][PASSED] - Delayed 2 second(s)

2018-12-06 20:49:16 - [TEST_STEP][PASSED] - click: Object: 'Object Repository/Final Object Repo/Page_Form 3 EIS - Cessation as Employer/Submit' is clicked on

2018-12-06 20:49:19 - [MESSAGE][PASSED] - Object: 'Object Repository/Final Object Repo/Page_Form 3 EIS - Cessation as Employer/Submit' is clicked on

2018-12-06 20:49:19 - [TEST_STEP][PASSED] - delay: Delayed 2 second(s)

2018-12-06 20:49:21 - [MESSAGE][PASSED] - Delayed 2 second(s)

2018-12-06 20:49:21 - [TEST_STEP][PASSED] - click: Object: 'Object Repository/Final Object Repo/Page_Form 3 EIS - Cessation as Employer/Confirm' is clicked on

2018-12-06 20:49:21 - [MESSAGE][PASSED] - Object: 'Object Repository/Final Object Repo/Page_Form 3 EIS - Cessation as Employer/Confirm' is clicked on

2018-12-06 20:49:21 - [TEST_STEP][PASSED] - delay: Delayed 2 second(s)

2018-12-06 20:49:23 - [MESSAGE][PASSED] - Delayed 2 second(s)

2018-12-06 20:49:23 - [TEST_STEP][PASSED] - click: Object: 'Object Repository/Final Object Repo/Page_Form 3 EIS - Cessation as Employer/Message Your Request will be routed to UO' is clicked on

2018-12-06 20:49:28 - [MESSAGE][PASSED] - Object: 'Object Repository/Final Object Repo/Page_Form 3 EIS - Cessation as Employer/Message Your Request will be routed to UO' is clicked on

2018-12-06 20:49:28 - [TEST_STEP][PASSED] - click: Object: 'Object Repository/Final Object Repo/Page_Form 3 EIS - Cessation as Employer/Letter of acknowledgement' is clicked on

2018-12-06 20:49:28 - [MESSAGE][PASSED] - Object: 'Object Repository/Final Object Repo/Page_Form 3 EIS - Cessation as Employer/Letter of acknowledgement' is clicked on

2018-12-06 20:49:28 - [MESSAGE][PASSED] - Call Test Case 'Test Cases/Final Aug 2018 - PKS Automation/Registration Module/Workflow/Form 3 EIS - Cessation As Employer/Template/Form 3 A - Cessation As Employer (Employer)' successfully

2018-12-06 20:49:28 - [TEST_STEP][PASSED] - callTestCase: Call Test Case 'Test Cases/Final Aug 2018 - PKS Automation/Registration Module/Workflow/Form 3 EIS - Cessation As Employer/Template/Form 3 A - Cessation As Employer (Approve)' successfully

2018-12-06 20:49:28 - [TEST_CASE][PASSED] - Test Cases/Final Aug 2018 - PKS Automation/Registration Module/Workflow/Form 3 EIS - Cessation As Employer/Template/Form 3 A - Cessation As Employer (Approve): Test Cases/Final Aug 2018 - PKS Automation/Registration Module/Workflow/Form 3 EIS - Cessation As Employer/Template/Form 3 A - Cessation As Employer (Approve)

2018-12-06 20:49:29 - [TEST_STEP][NOT_RUN] - callTestCase: NOT_RUN: callTestCase

2018-12-06 20:49:29 - [MESSAGE][NOT_RUN] - NOT_RUN: callTestCase

2018-12-06 20:49:29 - [TEST_STEP][PASSED] - delay: Delayed 1 second(s)

2018-12-06 20:49:30 - [MESSAGE][PASSED] - Delayed 1 second(s)

2018-12-06 20:49:30 - [TEST_STEP][PASSED] - navigateToUrl: Navigate to 'https://assist2-uat.perkeso.gov.my/c/portal/logout' successfully

2018-12-06 20:49:31 - [MESSAGE][PASSED] - Navigate to 'https://assist2-uat.perkeso.gov.my/c/portal/logout' successfully

2018-12-06 20:49:31 - [TEST_STEP][PASSED] - delay: Delayed 1 second(s)

2018-12-06 20:49:32 - [MESSAGE][PASSED] - Delayed 1 second(s)

2018-12-06 20:49:32 - [TEST_STEP][PASSED] - callTestCase: Call Test Case 'Test Cases/Final Aug 2018 - PKS Automation/Common/Reference Number Getter' successfully

2018-12-06 20:49:32 - [TEST_CASE][PASSED] - Test Cases/Final Aug 2018 - PKS Automation/Common/Reference Number Getter: Test Cases/Final Aug 2018 - PKS Automation/Common/Reference Number Getter

2018-12-06 20:49:32 - [TEST_STEP][PASSED] - Statement - Try: null

2018-12-06 20:49:32 - [TEST_STEP][PASSED] - Statement - RefNo = new java.io.File(C://Users//Admin//Desktop//PKS//Automation Reference Point//KatalonReference.txt): null

2018-12-06 20:49:32 - [TEST_STEP][PASSED] - Statement - bufferread = new java.io.BufferedReader(new java.io.FileReader(RefNo)): null

2018-12-06 20:49:32 - [TEST_STEP][PASSED] - Statement - readedVal = bufferread.readLine(): null

2018-12-06 20:49:32 - [TEST_STEP][PASSED] - Statement - out.println(CaseReferenceNo): null

2018-12-06 20:49:32 - [TEST_STEP][PASSED] - Statement - out.println(readedVal): null

2018-12-06 20:49:32 - [TEST_STEP][PASSED] - Statement - CaseReferenceNo = "": null

2018-12-06 20:49:32 - [TEST_STEP][PASSED] - Statement - CaseReferenceNo = readedVal: null

2018-12-06 20:49:32 - [MESSAGE][PASSED] - Call Test Case 'Test Cases/Final Aug 2018 - PKS Automation/Common/Reference Number Getter' successfully

2018-12-06 20:49:32 - [TEST_STEP][PASSED] - callTestCase: Call Test Case 'Test Cases/Final Aug 2018 - PKS Automation/Common/Workflow Owner Finder' successfully

2018-12-06 20:49:32 - [TEST_CASE][PASSED] - Test Cases/Final Aug 2018 - PKS Automation/Common/Workflow Owner Finder: Test Cases/Final Aug 2018 - PKS Automation/Common/Workflow Owner Finder

2018-12-06 20:49:33 - [TEST_STEP][PASSED] - openBrowser: Browser is opened with url: ''

2018-12-06 20:49:33 - [MESSAGE][WARNING] - A browser is already opened. Closing browser and opening a new one

2018-12-06 20:49:36 - [MESSAGE][PASSED] - Browser is opened with url: ''

2018-12-06 20:49:36 - [TEST_STEP][PASSED] - navigateToUrl: Navigate to 'https://assist2-uat.perkeso.gov.my/login' successfully

2018-12-06 20:49:37 - [MESSAGE][PASSED] - Navigate to 'https://assist2-uat.perkeso.gov.my/login' successfully

2018-12-06 20:49:37 - [TEST_STEP][PASSED] - delay: Delayed 5 second(s)

2018-12-06 20:49:42 - [MESSAGE][PASSED] - Delayed 5 second(s)

2018-12-06 20:49:42 - [TEST_STEP][PASSED] - setText: Text 'test@liferay.com' is set on object 'Object Repository/Final Object Repo/Login Page/Internal User/Email Address'

2018-12-06 20:49:43 - [MESSAGE][PASSED] - Text 'test@liferay.com' is set on object 'Object Repository/Final Object Repo/Login Page/Internal User/Email Address'

2018-12-06 20:49:43 - [TEST_STEP][PASSED] - click: Object: 'Object Repository/Final Object Repo/Login Page/Internal User/Next Button' is clicked on

2018-12-06 20:49:43 - [MESSAGE][PASSED] - Object: 'Object Repository/Final Object Repo/Login Page/Internal User/Next Button' is clicked on

2018-12-06 20:49:43 - [TEST_STEP][PASSED] - delay: Delayed 2 second(s)

2018-12-06 20:49:45 - [MESSAGE][PASSED] - Delayed 2 second(s)

2018-12-06 20:49:45 - [TEST_STEP][PASSED] - setText: Text 'test' is set on object 'Object Repository/Final Object Repo/Login Page/Internal User/Password'

2018-12-06 20:49:45 - [MESSAGE][PASSED] - Text 'test' is set on object 'Object Repository/Final Object Repo/Login Page/Internal User/Password'

2018-12-06 20:49:45 - [TEST_STEP][PASSED] - delay: Delayed 2 second(s)

2018-12-06 20:49:47 - [MESSAGE][PASSED] - Delayed 2 second(s)

2018-12-06 20:49:47 - [TEST_STEP][PASSED] - click: Object: 'Object Repository/Final Object Repo/Login Page/Internal User/Login Button' is clicked on

2018-12-06 20:49:47 - [MESSAGE][PASSED] - Object: 'Object Repository/Final Object Repo/Login Page/Internal User/Login Button' is clicked on

2018-12-06 20:49:47 - [TEST_STEP][PASSED] - Statement - tester = com.kms.katalon.core.testobject.ObjectRepository.findTestObject(Final Object Repo/Landing Page/Select to English): Finding Test Object with id 'Object Repository/Final Object Repo/Landing Page/Select to English'

2018-12-06 20:49:47 - [TEST_STEP][PASSED] - Statement - Try: Delayed 2 second(s)

2018-12-06 20:49:47 - [TEST_STEP][PASSED] - Statement - Checker = com.kms.katalon.core.webui.keyword.WebUiBuiltInKeywords.verifyElementNotPresent(tester, 3): Web element with id: 'Object Repository/Final Object Repo/Landing Page/Select to English' located by 'By.xpath: //a[@class = 'taglib-language-list-text' and @lang = 'en-US' and (contains(text(), 'EN') or contains(., 'EN'))]' is not present after '3' second(s)

2018-12-06 20:49:49 - [MESSAGE][PASSED] - Web element with id: 'Object Repository/Final Object Repo/Landing Page/Select to English' located by 'By.xpath: //a[@class = 'taglib-language-list-text' and @lang = 'en-US' and (contains(text(), 'EN') or contains(., 'EN'))]' is not present after '3' second(s)

2018-12-06 20:49:49 - [TEST_STEP][PASSED] - Statement - If (Checker == false): null

2018-12-06 20:49:49 - [TEST_STEP][PASSED] - delay: Delayed 2 second(s)

2018-12-06 20:49:51 - [MESSAGE][PASSED] - Delayed 2 second(s)

2018-12-06 20:49:51 - [TEST_STEP][PASSED] - delay: Delayed 5 second(s)

2018-12-06 20:49:56 - [MESSAGE][PASSED] - Delayed 5 second(s)

2018-12-06 20:49:56 - [TEST_STEP][PASSED] - mouseOver: Object: 'Object Repository/Final Object Repo/Landing Page/WorkFlow Menu' is hovered

2018-12-06 20:49:56 - [MESSAGE][PASSED] - Object: 'Object Repository/Final Object Repo/Landing Page/WorkFlow Menu' is hovered

2018-12-06 20:49:56 - [TEST_STEP][PASSED] - delay: Delayed 2 second(s)

2018-12-06 20:49:58 - [MESSAGE][PASSED] - Delayed 2 second(s)

2018-12-06 20:49:58 - [TEST_STEP][PASSED] - click: Object: 'Object Repository/Final Object Repo/Landing Page/Select to Workflow Listing' is clicked on

2018-12-06 20:50:00 - [MESSAGE][PASSED] - Object: 'Object Repository/Final Object Repo/Landing Page/Select to Workflow Listing' is clicked on

2018-12-06 20:50:00 - [TEST_STEP][PASSED] - delay: Delayed 2 second(s)

2018-12-06 20:50:02 - [MESSAGE][PASSED] - Delayed 2 second(s)

2018-12-06 20:50:02 - [TEST_STEP][PASSED] - click: Object: 'Object Repository/Final Object Repo/WorkFlow Listing Page/Search Information - To Put Ref No' is clicked on

2018-12-06 20:50:02 - [MESSAGE][PASSED] - Object: 'Object Repository/Final Object Repo/WorkFlow Listing Page/Search Information - To Put Ref No' is clicked on

2018-12-06 20:50:02 - [TEST_STEP][PASSED] - delay: Delayed 2 second(s)

2018-12-06 20:50:04 - [MESSAGE][PASSED] - Delayed 2 second(s)

2018-12-06 20:50:04 - [TEST_STEP][PASSED] - callTestCase: Call Test Case 'Test Cases/Final Aug 2018 - PKS Automation/Common/Reference Number Getter' successfully

2018-12-06 20:50:04 - [TEST_CASE][PASSED] - Test Cases/Final Aug 2018 - PKS Automation/Common/Reference Number Getter: Test Cases/Final Aug 2018 - PKS Automation/Common/Reference Number Getter

2018-12-06 20:50:04 - [TEST_STEP][PASSED] - Statement - Try: null

2018-12-06 20:50:04 - [TEST_STEP][PASSED] - Statement - RefNo = new java.io.File(C://Users//Admin//Desktop//PKS//Automation Reference Point//KatalonReference.txt): null

2018-12-06 20:50:04 - [TEST_STEP][PASSED] - Statement - bufferread = new java.io.BufferedReader(new java.io.FileReader(RefNo)): null

2018-12-06 20:50:04 - [TEST_STEP][PASSED] - Statement - readedVal = bufferread.readLine(): null

2018-12-06 20:50:04 - [TEST_STEP][PASSED] - Statement - out.println(CaseReferenceNo): null

2018-12-06 20:50:04 - [TEST_STEP][PASSED] - Statement - out.println(readedVal): null

2018-12-06 20:50:04 - [TEST_STEP][PASSED] - Statement - CaseReferenceNo = "": null

2018-12-06 20:50:04 - [TEST_STEP][PASSED] - Statement - CaseReferenceNo = readedVal: null

2018-12-06 20:50:04 - [MESSAGE][PASSED] - Call Test Case 'Test Cases/Final Aug 2018 - PKS Automation/Common/Reference Number Getter' successfully

2018-12-06 20:50:04 - [TEST_STEP][PASSED] - setText: Text 'ERN122018C200002375' is set on object 'Object Repository/Final Object Repo/WorkFlow Listing Page/Ref No Set Text'

2018-12-06 20:50:04 - [MESSAGE][PASSED] - Text 'ERN122018C200002375' is set on object 'Object Repository/Final Object Repo/WorkFlow Listing Page/Ref No Set Text'

2018-12-06 20:50:04 - [TEST_STEP][PASSED] - delay: Delayed 2 second(s)

2018-12-06 20:50:06 - [MESSAGE][PASSED] - Delayed 2 second(s)

2018-12-06 20:50:06 - [TEST_STEP][PASSED] - click: Object: 'Object Repository/Final Object Repo/WorkFlow Listing Page/Search Ref No Search Button' is clicked on

2018-12-06 20:50:06 - [MESSAGE][PASSED] - Object: 'Object Repository/Final Object Repo/WorkFlow Listing Page/Search Ref No Search Button' is clicked on

2018-12-06 20:50:06 - [TEST_STEP][PASSED] - delay: Delayed 6 second(s)

2018-12-06 20:50:12 - [MESSAGE][PASSED] - Delayed 6 second(s)

2018-12-06 20:50:12 - [TEST_STEP][PASSED] - click: Object: 'Object Repository/Final Object Repo/WorkFlow Listing Page/Click Continue Tooltip' is clicked on

2018-12-06 20:50:13 - [MESSAGE][PASSED] - Object: 'Object Repository/Final Object Repo/WorkFlow Listing Page/Click Continue Tooltip' is clicked on

2018-12-06 20:50:13 - [TEST_STEP][PASSED] - delay: Delayed 5 second(s)

2018-12-06 20:50:18 - [MESSAGE][PASSED] - Delayed 5 second(s)

2018-12-06 20:50:18 - [TEST_STEP][PASSED] - doubleClick: Object: 'Object Repository/Final Object Repo/WorkFlow Listing Page/Workflow Found - Listing 1' is double clicked on

2018-12-06 20:50:19 - [MESSAGE][PASSED] - Object: 'Object Repository/Final Object Repo/WorkFlow Listing Page/Workflow Found - Listing 1' is double clicked on

2018-12-06 20:50:19 - [TEST_STEP][PASSED] - Statement - println(OwnerID): null

2018-12-06 20:50:19 - [TEST_STEP][PASSED] - Statement - OwnerID = com.kms.katalon.core.webui.keyword.WebUiBuiltInKeywords.getText(com.kms.katalon.core.testobject.ObjectRepository.findTestObject(Final Object Repo/WorkFlow Listing Page/Workflow Found - Listing 1), STOP_ON_FAILURE): Text of object 'Object Repository/Final Object Repo/WorkFlow Listing Page/Workflow Found - Listing 1' is: 'JOHORuo1'

2018-12-06 20:50:19 - [MESSAGE][PASSED] - Text of object 'Object Repository/Final Object Repo/WorkFlow Listing Page/Workflow Found - Listing 1' is: 'JOHORuo1'

2018-12-06 20:50:19 - [TEST_STEP][PASSED] - Statement - OwnerID = OwnerID.toLowerCase() + "@gmail.com": null

2018-12-06 20:50:19 - [TEST_STEP][PASSED] - Statement - println(OwnerID): null

2018-12-06 20:50:19 - [TEST_STEP][PASSED] - delay: Delayed 2 second(s)

2018-12-06 20:50:21 - [MESSAGE][PASSED] - Delayed 2 second(s)

2018-12-06 20:50:21 - [MESSAGE][PASSED] - Call Test Case 'Test Cases/Final Aug 2018 - PKS Automation/Common/Workflow Owner Finder' successfully

2018-12-06 20:50:21 - [TEST_STEP][PASSED] - delay: Delayed 1 second(s)

2018-12-06 20:50:22 - [MESSAGE][PASSED] - Delayed 1 second(s)

2018-12-06 20:50:22 - [TEST_STEP][PASSED] - navigateToUrl: Navigate to 'https://assist2-uat.perkeso.gov.my/c/portal/logout' successfully

2018-12-06 20:50:22 - [MESSAGE][PASSED] - Navigate to 'https://assist2-uat.perkeso.gov.my/c/portal/logout' successfully

2018-12-06 20:50:22 - [TEST_STEP][PASSED] - delay: Delayed 1 second(s)

2018-12-06 20:50:23 - [MESSAGE][PASSED] - Delayed 1 second(s)

2018-12-06 20:50:23 - [TEST_STEP][PASSED] - callTestCase: Call Test Case 'Test Cases/Final Aug 2018 - PKS Automation/Registration Module/Workflow/Login and Search Case For Workflow' successfully

2018-12-06 20:50:24 - [TEST_CASE][PASSED] - Test Cases/Final Aug 2018 - PKS Automation/Registration Module/Workflow/Login and Search Case For Workflow: Test Cases/Final Aug 2018 - PKS Automation/Registration Module/Workflow/Login and Search Case For Workflow

2018-12-06 20:50:24 - [TEST_STEP][PASSED] - navigateToUrl: Navigate to 'https://assist2-uat.perkeso.gov.my/login' successfully

2018-12-06 20:50:24 - [MESSAGE][PASSED] - Navigate to 'https://assist2-uat.perkeso.gov.my/login' successfully

2018-12-06 20:50:24 - [TEST_STEP][PASSED] - setText: Text 'johoruo1@gmail.com' is set on object 'Object Repository/Final Object Repo/Login Page/Internal User/Email Address'

2018-12-06 20:50:25 - [MESSAGE][PASSED] - Text 'johoruo1@gmail.com' is set on object 'Object Repository/Final Object Repo/Login Page/Internal User/Email Address'

2018-12-06 20:50:25 - [TEST_STEP][PASSED] - click: Object: 'Object Repository/Final Object Repo/Login Page/Internal User/Next Button' is clicked on

2018-12-06 20:50:25 - [MESSAGE][PASSED] - Object: 'Object Repository/Final Object Repo/Login Page/Internal User/Next Button' is clicked on

2018-12-06 20:50:25 - [TEST_STEP][PASSED] - delay: Delayed 1 second(s)

2018-12-06 20:50:26 - [MESSAGE][PASSED] - Delayed 1 second(s)

2018-12-06 20:50:26 - [TEST_STEP][PASSED] - setEncryptedText: Text ****** has been set on object 'Object Repository/Final Object Repo/Login Page/Internal User/Password'

2018-12-06 20:50:26 - [MESSAGE][PASSED] - Text ****** has been set on object 'Object Repository/Final Object Repo/Login Page/Internal User/Password'

2018-12-06 20:50:26 - [TEST_STEP][PASSED] - click: Object: 'Object Repository/Final Object Repo/Login Page/Internal User/Login Button' is clicked on

2018-12-06 20:50:26 - [MESSAGE][PASSED] - Object: 'Object Repository/Final Object Repo/Login Page/Internal User/Login Button' is clicked on

2018-12-06 20:50:26 - [TEST_STEP][PASSED] - delay: Delayed 2 second(s)

2018-12-06 20:50:28 - [MESSAGE][PASSED] - Delayed 2 second(s)

2018-12-06 20:50:28 - [TEST_STEP][PASSED] - Statement - Try: Delayed 2 second(s)

2018-12-06 20:50:28 - [TEST_STEP][PASSED] - Statement - Checker = false: null

2018-12-06 20:50:28 - [TEST_STEP][PASSED] - Statement - Checker = com.kms.katalon.core.webui.keyword.WebUiBuiltInKeywords.verifyElementHasAttribute(com.kms.katalon.core.testobject.ObjectRepository.findTestObject(Final Object Repo/Landing Page/BM Detecting), "href", 20, OPTIONAL): Object 'Object Repository/Final Object Repo/Landing Page/BM Detecting' has attribute 'href'

2018-12-06 20:50:28 - [MESSAGE][PASSED] - Object 'Object Repository/Final Object Repo/Landing Page/BM Detecting' has attribute 'href'

2018-12-06 20:50:28 - [TEST_STEP][PASSED] - Statement - out.println(Checker): null

2018-12-06 20:50:28 - [TEST_STEP][PASSED] - Statement - If (Checker == false): null

2018-12-06 20:50:28 - [TEST_STEP][PASSED] - Statement - Else: null

2018-12-06 20:50:28 - [TEST_STEP][PASSED] - delay: Delayed 2 second(s)

2018-12-06 20:50:30 - [MESSAGE][PASSED] - Delayed 2 second(s)

2018-12-06 20:50:30 - [TEST_STEP][PASSED] - click: Object: 'Object Repository/Final Object Repo/Page_MyASSIST - ASSIST - Search Pending Case For Add Supporting Document/Search Information' is clicked on

2018-12-06 20:50:31 - [MESSAGE][PASSED] - Object: 'Object Repository/Final Object Repo/Page_MyASSIST - ASSIST - Search Pending Case For Add Supporting Document/Search Information' is clicked on

2018-12-06 20:50:31 - [TEST_STEP][PASSED] - delay: Delayed 3 second(s)

2018-12-06 20:50:34 - [MESSAGE][PASSED] - Delayed 3 second(s)

2018-12-06 20:50:34 - [TEST_STEP][PASSED] - sendKeys: Keys 'ERN122018C200002375' sent to object: 'Object Repository/Final Object Repo/Page_MyASSIST - ASSIST - Search Pending Case For Add Supporting Document/Reference No'

2018-12-06 20:50:34 - [MESSAGE][PASSED] - Keys 'ERN122018C200002375' sent to object: 'Object Repository/Final Object Repo/Page_MyASSIST - ASSIST - Search Pending Case For Add Supporting Document/Reference No'

2018-12-06 20:50:34 - [TEST_STEP][PASSED] - click: Object: 'Object Repository/Final Object Repo/Page_MyASSIST - ASSIST - Search Pending Case For Add Supporting Document/Search Reference No' is clicked on

2018-12-06 20:50:34 - [MESSAGE][PASSED] - Object: 'Object Repository/Final Object Repo/Page_MyASSIST - ASSIST - Search Pending Case For Add Supporting Document/Search Reference No' is clicked on

2018-12-06 20:50:34 - [TEST_STEP][PASSED] - delay: Delayed 2 second(s)

2018-12-06 20:50:36 - [MESSAGE][PASSED] - Delayed 2 second(s)

2018-12-06 20:50:36 - [TEST_STEP][PASSED] - click: Object: 'Object Repository/Final Object Repo/Page_MyASSIST - ASSIST - Search Pending Case For Add Supporting Document/Continue' is clicked on

2018-12-06 20:50:39 - [MESSAGE][PASSED] - Object: 'Object Repository/Final Object Repo/Page_MyASSIST - ASSIST - Search Pending Case For Add Supporting Document/Continue' is clicked on

2018-12-06 20:50:39 - [TEST_STEP][PASSED] - delay: Delayed 20 second(s)

2018-12-06 20:50:59 - [MESSAGE][PASSED] - Delayed 20 second(s)

2018-12-06 20:50:59 - [MESSAGE][PASSED] - Call Test Case 'Test Cases/Final Aug 2018 - PKS Automation/Registration Module/Workflow/Login and Search Case For Workflow' successfully

2018-12-06 20:50:59 - [TEST_STEP][PASSED] - click: Object: 'Object Repository/Final Object Repo/Page_Form 3 EIS - Cessation as Employer/Page_Form 3 EIS - Cessation as Employer (Approve)/Save  Continue in Form 3 Page' is clicked on

2018-12-06 20:50:59 - [MESSAGE][PASSED] - Object: 'Object Repository/Final Object Repo/Page_Form 3 EIS - Cessation as Employer/Page_Form 3 EIS - Cessation as Employer (Approve)/Save  Continue in Form 3 Page' is clicked on

2018-12-06 20:50:59 - [TEST_STEP][PASSED] - delay: Delayed 2 second(s)

2018-12-06 20:51:01 - [MESSAGE][PASSED] - Delayed 2 second(s)

2018-12-06 20:51:01 - [TEST_STEP][PASSED] - click: Object: 'Object Repository/Final Object Repo/Page_Form 3 EIS - Cessation as Employer/Page_Form 3 EIS - Cessation as Employer (Approve)/Save  Continue in Resigned Page' is clicked on

2018-12-06 20:51:02 - [MESSAGE][PASSED] - Object: 'Object Repository/Final Object Repo/Page_Form 3 EIS - Cessation as Employer/Page_Form 3 EIS - Cessation as Employer (Approve)/Save  Continue in Resigned Page' is clicked on

2018-12-06 20:51:02 - [TEST_STEP][PASSED] - delay: Delayed 2 second(s)

2018-12-06 20:51:04 - [MESSAGE][PASSED] - Delayed 2 second(s)

2018-12-06 20:51:04 - [TEST_STEP][PASSED] - click: Object: 'Object Repository/Final Object Repo/Page_Form 3 EIS - Cessation as Employer/Page_Form 3 EIS - Cessation as Employer (Approve)/Save  Continue in Uploading Page' is clicked on

2018-12-06 20:51:05 - [MESSAGE][PASSED] - Object: 'Object Repository/Final Object Repo/Page_Form 3 EIS - Cessation as Employer/Page_Form 3 EIS - Cessation as Employer (Approve)/Save  Continue in Uploading Page' is clicked on

2018-12-06 20:51:05 - [TEST_STEP][PASSED] - delay: Delayed 2 second(s)

2018-12-06 20:51:07 - [MESSAGE][PASSED] - Delayed 2 second(s)

2018-12-06 20:51:07 - [TEST_STEP][PASSED] - click: Object: 'Object Repository/Final Object Repo/Page_Form 3 EIS - Cessation as Employer/Page_Form 3 EIS - Cessation as Employer (Approve)/Approve' is clicked on

2018-12-06 20:51:10 - [MESSAGE][PASSED] - Object: 'Object Repository/Final Object Repo/Page_Form 3 EIS - Cessation as Employer/Page_Form 3 EIS - Cessation as Employer (Approve)/Approve' is clicked on

2018-12-06 20:51:10 - [TEST_STEP][PASSED] - delay: Delayed 2 second(s)

2018-12-06 20:51:12 - [MESSAGE][PASSED] - Delayed 2 second(s)

2018-12-06 20:51:12 - [TEST_STEP][PASSED] - click: Object: 'Object Repository/Final Object Repo/Page_Form 3 EIS - Cessation as Employer/Page_Form 3 EIS - Cessation as Employer (Approve)/Confirm' is clicked on

2018-12-06 20:51:12 - [MESSAGE][PASSED] - Object: 'Object Repository/Final Object Repo/Page_Form 3 EIS - Cessation as Employer/Page_Form 3 EIS - Cessation as Employer (Approve)/Confirm' is clicked on

2018-12-06 20:51:12 - [TEST_STEP][PASSED] - delay: Delayed 2 second(s)

2018-12-06 20:51:14 - [MESSAGE][PASSED] - Delayed 2 second(s)

2018-12-06 20:51:14 - [TEST_STEP][PASSED] - click: Object: 'Object Repository/Final Object Repo/Page_Form 3 EIS - Cessation as Employer/Page_Form 3 EIS - Cessation as Employer (Approve)/Message Your Request    Form 3 EIS' is clicked on

2018-12-06 20:51:20 - [MESSAGE][PASSED] - Object: 'Object Repository/Final Object Repo/Page_Form 3 EIS - Cessation as Employer/Page_Form 3 EIS - Cessation as Employer (Approve)/Message Your Request    Form 3 EIS' is clicked on

2018-12-06 20:51:20 - [TEST_STEP][PASSED] - click: Object: 'Object Repository/Final Object Repo/Page_Form 3 EIS - Cessation as Employer/Page_Form 3 EIS - Cessation as Employer (Approve)/Letter of successful update' is clicked on

2018-12-06 20:51:21 - [MESSAGE][PASSED] - Object: 'Object Repository/Final Object Repo/Page_Form 3 EIS - Cessation as Employer/Page_Form 3 EIS - Cessation as Employer (Approve)/Letter of successful update' is clicked on

2018-12-06 20:51:21 - [MESSAGE][PASSED] - Call Test Case 'Test Cases/Final Aug 2018 - PKS Automation/Registration Module/Workflow/Form 3 EIS - Cessation As Employer/Template/Form 3 A - Cessation As Employer (Approve)' successfully]]></system-out>
         <system-err><![CDATA[]]></system-err>
      </testcase>
      <testcase name="Test Cases/Final Aug 2018 - PKS Automation/Registration Module/Workflow/Form 3 EIS - Cessation As Employer/Employer to UO (Query)" classname="Test Cases/Final Aug 2018 - PKS Automation/Registration Module/Workflow/Form 3 EIS - Cessation As Employer/Employer to UO (Query)" status="PASSED">
         <system-out><![CDATA[2018-12-06 20:51:21 - [TEST_CASE][PASSED] - Test Cases/Final Aug 2018 - PKS Automation/Registration Module/Workflow/Form 3 EIS - Cessation As Employer/Employer to UO (Query): Test Cases/Final Aug 2018 - PKS Automation/Registration Module/Workflow/Form 3 EIS - Cessation As Employer/Employer to UO (Query)

2018-12-06 20:51:22 - [TEST_STEP][PASSED] - callTestCase: Call Test Case 'Test Cases/Final Aug 2018 - PKS Automation/Registration Module/Workflow/Form 3 EIS - Cessation As Employer/Template/Form 3 A - Cessation As Employer (OTC)' successfully

2018-12-06 20:51:23 - [TEST_CASE][PASSED] - Test Cases/Final Aug 2018 - PKS Automation/Registration Module/Workflow/Form 3 EIS - Cessation As Employer/Template/Form 3 A - Cessation As Employer (OTC): Test Cases/Final Aug 2018 - PKS Automation/Registration Module/Workflow/Form 3 EIS - Cessation As Employer/Template/Form 3 A - Cessation As Employer (OTC)

2018-12-06 20:51:23 - [TEST_STEP][PASSED] - openBrowser: Browser is opened with url: ''

2018-12-06 20:51:23 - [MESSAGE][WARNING] - A browser is already opened. Closing browser and opening a new one

2018-12-06 20:51:27 - [MESSAGE][PASSED] - Browser is opened with url: ''

2018-12-06 20:51:27 - [TEST_STEP][PASSED] - navigateToUrl: Navigate to 'https://assist2-uat.perkeso.gov.my/login' successfully

2018-12-06 20:51:28 - [MESSAGE][PASSED] - Navigate to 'https://assist2-uat.perkeso.gov.my/login' successfully

2018-12-06 20:51:28 - [TEST_STEP][PASSED] - setText: Text 'johorotc1@gmail.com' is set on object 'Object Repository/Final Object Repo/Login Page/Internal User/Email Address'

2018-12-06 20:51:28 - [MESSAGE][PASSED] - Text 'johorotc1@gmail.com' is set on object 'Object Repository/Final Object Repo/Login Page/Internal User/Email Address'

2018-12-06 20:51:28 - [TEST_STEP][PASSED] - click: Object: 'Object Repository/Final Object Repo/Login Page/Internal User/Next Button' is clicked on

2018-12-06 20:51:28 - [MESSAGE][PASSED] - Object: 'Object Repository/Final Object Repo/Login Page/Internal User/Next Button' is clicked on

2018-12-06 20:51:28 - [TEST_STEP][PASSED] - delay: Delayed 1 second(s)

2018-12-06 20:51:29 - [MESSAGE][PASSED] - Delayed 1 second(s)

2018-12-06 20:51:29 - [TEST_STEP][PASSED] - setEncryptedText: Text ****** has been set on object 'Object Repository/Final Object Repo/Login Page/Internal User/Password'

2018-12-06 20:51:30 - [MESSAGE][PASSED] - Text ****** has been set on object 'Object Repository/Final Object Repo/Login Page/Internal User/Password'

2018-12-06 20:51:30 - [TEST_STEP][PASSED] - click: Object: 'Object Repository/Final Object Repo/Login Page/Internal User/Login Button' is clicked on

2018-12-06 20:51:30 - [MESSAGE][PASSED] - Object: 'Object Repository/Final Object Repo/Login Page/Internal User/Login Button' is clicked on

2018-12-06 20:51:30 - [TEST_STEP][PASSED] - delay: Delayed 1 second(s)

2018-12-06 20:51:31 - [MESSAGE][PASSED] - Delayed 1 second(s)

2018-12-06 20:51:31 - [TEST_STEP][PASSED] - Statement - Try: Delayed 2 second(s)

2018-12-06 20:51:31 - [TEST_STEP][PASSED] - Statement - Checker = false: null

2018-12-06 20:51:31 - [TEST_STEP][PASSED] - Statement - Checker = com.kms.katalon.core.webui.keyword.WebUiBuiltInKeywords.verifyElementHasAttribute(com.kms.katalon.core.testobject.ObjectRepository.findTestObject(Final Object Repo/Landing Page/BM Detecting), "href", 20, OPTIONAL): Object 'Object Repository/Final Object Repo/Landing Page/BM Detecting' has attribute 'href'

2018-12-06 20:51:32 - [MESSAGE][PASSED] - Object 'Object Repository/Final Object Repo/Landing Page/BM Detecting' has attribute 'href'

2018-12-06 20:51:32 - [TEST_STEP][PASSED] - Statement - out.println(Checker): null

2018-12-06 20:51:32 - [TEST_STEP][PASSED] - Statement - If (Checker == false): null

2018-12-06 20:51:32 - [TEST_STEP][PASSED] - Statement - Else: null

2018-12-06 20:51:32 - [TEST_STEP][PASSED] - delay: Delayed 2 second(s)

2018-12-06 20:51:34 - [MESSAGE][PASSED] - Delayed 2 second(s)

2018-12-06 20:51:34 - [TEST_STEP][PASSED] - navigateToUrl: Navigate to 'https://assist2-uat.perkeso.gov.my/web/registration/eis-update/form-3-eis-cessation-as-employer' successfully

2018-12-06 20:51:35 - [MESSAGE][PASSED] - Navigate to 'https://assist2-uat.perkeso.gov.my/web/registration/eis-update/form-3-eis-cessation-as-employer' successfully

2018-12-06 20:51:35 - [TEST_STEP][PASSED] - delay: Delayed 1 second(s)

2018-12-06 20:51:36 - [MESSAGE][PASSED] - Delayed 1 second(s)

2018-12-06 20:51:36 - [TEST_STEP][PASSED] - setText: Text 'E1102069769W' is set on object 'Object Repository/Final Object Repo/Page_Form 3 EIS - Cessation as Employer/Employer Code'

2018-12-06 20:51:36 - [MESSAGE][PASSED] - Text 'E1102069769W' is set on object 'Object Repository/Final Object Repo/Page_Form 3 EIS - Cessation as Employer/Employer Code'

2018-12-06 20:51:36 - [TEST_STEP][PASSED] - click: Object: 'Object Repository/Final Object Repo/Page_Form 3 EIS - Cessation as Employer/Search' is clicked on

2018-12-06 20:51:36 - [MESSAGE][PASSED] - Object: 'Object Repository/Final Object Repo/Page_Form 3 EIS - Cessation as Employer/Search' is clicked on

2018-12-06 20:51:36 - [TEST_STEP][PASSED] - click: Object: 'Object Repository/Final Object Repo/Page_Form 3 EIS - Cessation as Employer/Edit' is clicked on

2018-12-06 20:51:39 - [MESSAGE][PASSED] - Object: 'Object Repository/Final Object Repo/Page_Form 3 EIS - Cessation as Employer/Edit' is clicked on

2018-12-06 20:51:39 - [TEST_STEP][PASSED] - delay: Delayed 1 second(s)

2018-12-06 20:51:40 - [MESSAGE][PASSED] - Delayed 1 second(s)

2018-12-06 20:51:40 - [TEST_STEP][PASSED] - Statement - abc = com.kms.katalon.core.webui.keyword.WebUiBuiltInKeywords.getAttribute(com.kms.katalon.core.testobject.ObjectRepository.findTestObject(Final Object Repo/Page_Form 3 EIS - Cessation as Employer/Employer Status), "value"): Attribute 'value' of object 'Object Repository/Final Object Repo/Page_Form 3 EIS - Cessation as Employer/Employer Status' is: 'Active'

2018-12-06 20:51:40 - [MESSAGE][PASSED] - Attribute 'value' of object 'Object Repository/Final Object Repo/Page_Form 3 EIS - Cessation as Employer/Employer Status' is: 'Active'

2018-12-06 20:51:40 - [TEST_STEP][PASSED] - Statement - out.println(abc): null

2018-12-06 20:51:40 - [TEST_STEP][PASSED] - Statement - If (abc == "Active"): Object: 'Object Repository/Final Object Repo/Page_Form 3 EIS - Cessation as Employer/Dormant EIS' is clicked on

2018-12-06 20:51:40 - [TEST_STEP][PASSED] - click: Object: 'Object Repository/Final Object Repo/Page_Form 3 EIS - Cessation as Employer/Change Employer Status to' is clicked on

2018-12-06 20:51:40 - [MESSAGE][PASSED] - Object: 'Object Repository/Final Object Repo/Page_Form 3 EIS - Cessation as Employer/Change Employer Status to' is clicked on

2018-12-06 20:51:40 - [TEST_STEP][PASSED] - click: Object: 'Object Repository/Final Object Repo/Page_Form 3 EIS - Cessation as Employer/Dormant EIS' is clicked on

2018-12-06 20:51:40 - [MESSAGE][PASSED] - Object: 'Object Repository/Final Object Repo/Page_Form 3 EIS - Cessation as Employer/Dormant EIS' is clicked on

2018-12-06 20:51:40 - [TEST_STEP][PASSED] - click: Object: 'Object Repository/Final Object Repo/Page_Form 3 EIS - Cessation as Employer/Calender' is clicked on

2018-12-06 20:51:40 - [MESSAGE][PASSED] - Object: 'Object Repository/Final Object Repo/Page_Form 3 EIS - Cessation as Employer/Calender' is clicked on

2018-12-06 20:51:40 - [TEST_STEP][PASSED] - delay: Delayed 1 second(s)

2018-12-06 20:51:41 - [MESSAGE][PASSED] - Delayed 1 second(s)

2018-12-06 20:51:41 - [TEST_STEP][PASSED] - click: Object: 'Object Repository/Final Object Repo/Page_Form 3 EIS - Cessation as Employer/Calender - Date' is clicked on

2018-12-06 20:51:41 - [MESSAGE][PASSED] - Object: 'Object Repository/Final Object Repo/Page_Form 3 EIS - Cessation as Employer/Calender - Date' is clicked on

2018-12-06 20:51:41 - [TEST_STEP][PASSED] - click: Object: 'Object Repository/Final Object Repo/Page_Form 3 EIS - Cessation as Employer/Save  Continue in Form 3 EIS Page' is clicked on

2018-12-06 20:51:42 - [MESSAGE][PASSED] - Object: 'Object Repository/Final Object Repo/Page_Form 3 EIS - Cessation as Employer/Save  Continue in Form 3 EIS Page' is clicked on

2018-12-06 20:51:42 - [TEST_STEP][PASSED] - delay: Delayed 1 second(s)

2018-12-06 20:51:43 - [MESSAGE][PASSED] - Delayed 1 second(s)

2018-12-06 20:51:43 - [TEST_STEP][PASSED] - click: Object: 'Object Repository/Final Object Repo/Page_Form 3 EIS - Cessation as Employer/Employment Resign Date' is clicked on

2018-12-06 20:51:43 - [MESSAGE][PASSED] - Object: 'Object Repository/Final Object Repo/Page_Form 3 EIS - Cessation as Employer/Employment Resign Date' is clicked on

2018-12-06 20:51:43 - [TEST_STEP][PASSED] - selectOptionByValue: All options with value '2030' are selected in object 'Object Repository/Final Object Repo/Page_Form 3 EIS - Cessation as Employer/Employment Resign Date - Year' 

2018-12-06 20:51:43 - [MESSAGE][PASSED] - All options with value '2030' are selected in object 'Object Repository/Final Object Repo/Page_Form 3 EIS - Cessation as Employer/Employment Resign Date - Year' 

2018-12-06 20:51:43 - [TEST_STEP][PASSED] - delay: Delayed 2 second(s)

2018-12-06 20:51:45 - [MESSAGE][PASSED] - Delayed 2 second(s)

2018-12-06 20:51:45 - [TEST_STEP][PASSED] - click: Object: 'Object Repository/Final Object Repo/Page_Form 3 EIS - Cessation as Employer/Employment Resign Date - Year - Date' is clicked on

2018-12-06 20:51:45 - [MESSAGE][PASSED] - Object: 'Object Repository/Final Object Repo/Page_Form 3 EIS - Cessation as Employer/Employment Resign Date - Year - Date' is clicked on

2018-12-06 20:51:45 - [TEST_STEP][PASSED] - delay: Delayed 2 second(s)

2018-12-06 20:51:47 - [MESSAGE][PASSED] - Delayed 2 second(s)

2018-12-06 20:51:47 - [TEST_STEP][PASSED] - click: Object: 'Object Repository/Final Object Repo/Page_Form 3 EIS - Cessation as Employer/Save  Continue in Employment Resign Page' is clicked on

2018-12-06 20:51:47 - [MESSAGE][PASSED] - Object: 'Object Repository/Final Object Repo/Page_Form 3 EIS - Cessation as Employer/Save  Continue in Employment Resign Page' is clicked on

2018-12-06 20:51:47 - [TEST_STEP][PASSED] - delay: Delayed 2 second(s)

2018-12-06 20:51:49 - [MESSAGE][PASSED] - Delayed 2 second(s)

2018-12-06 20:51:49 - [TEST_STEP][PASSED] - click: Object: 'Object Repository/Final Object Repo/Page_Form 3 EIS - Cessation as Employer/Set Latest - Yes' is clicked on

2018-12-06 20:51:50 - [MESSAGE][PASSED] - Object: 'Object Repository/Final Object Repo/Page_Form 3 EIS - Cessation as Employer/Set Latest - Yes' is clicked on

2018-12-06 20:51:50 - [TEST_STEP][PASSED] - delay: Delayed 2 second(s)

2018-12-06 20:51:52 - [MESSAGE][PASSED] - Delayed 2 second(s)

2018-12-06 20:51:52 - [TEST_STEP][PASSED] - click: Object: 'Object Repository/Final Object Repo/Page_Form 3 EIS - Cessation as Employer/Add Document' is clicked on

2018-12-06 20:51:53 - [MESSAGE][PASSED] - Object: 'Object Repository/Final Object Repo/Page_Form 3 EIS - Cessation as Employer/Add Document' is clicked on

2018-12-06 20:51:53 - [TEST_STEP][PASSED] - delay: Delayed 3 second(s)

2018-12-06 20:51:56 - [MESSAGE][PASSED] - Delayed 3 second(s)

2018-12-06 20:51:56 - [TEST_STEP][PASSED] - click: Object: 'Object Repository/Final Object Repo/Page_Form 3 EIS - Cessation as Employer/Document Type' is clicked on

2018-12-06 20:51:56 - [MESSAGE][PASSED] - Object: 'Object Repository/Final Object Repo/Page_Form 3 EIS - Cessation as Employer/Document Type' is clicked on

2018-12-06 20:51:56 - [TEST_STEP][PASSED] - click: Object: 'Object Repository/Final Object Repo/Page_Form 3 EIS - Cessation as Employer/Document Type - Form 3' is clicked on

2018-12-06 20:51:56 - [MESSAGE][PASSED] - Object: 'Object Repository/Final Object Repo/Page_Form 3 EIS - Cessation as Employer/Document Type - Form 3' is clicked on

2018-12-06 20:51:56 - [TEST_STEP][PASSED] - delay: Delayed 2 second(s)

2018-12-06 20:51:58 - [MESSAGE][PASSED] - Delayed 2 second(s)

2018-12-06 20:51:58 - [TEST_STEP][PASSED] - sendKeys: Keys 'C:\Users\Public\Pictures\Sample Pictures\Koala.jpg' sent to object: 'Object Repository/Final Object Repo/Page_Form 3 EIS - Cessation as Employer/ploading File'

2018-12-06 20:51:58 - [MESSAGE][PASSED] - Keys 'C:\Users\Public\Pictures\Sample Pictures\Koala.jpg' sent to object: 'Object Repository/Final Object Repo/Page_Form 3 EIS - Cessation as Employer/ploading File'

2018-12-06 20:51:58 - [TEST_STEP][PASSED] - delay: Delayed 1 second(s)

2018-12-06 20:51:59 - [MESSAGE][PASSED] - Delayed 1 second(s)

2018-12-06 20:51:59 - [TEST_STEP][PASSED] - click: Object: 'Object Repository/Final Object Repo/Page_Form 3 EIS - Cessation as Employer/Add Document in Uploading Page' is clicked on

2018-12-06 20:51:59 - [MESSAGE][PASSED] - Object: 'Object Repository/Final Object Repo/Page_Form 3 EIS - Cessation as Employer/Add Document in Uploading Page' is clicked on

2018-12-06 20:51:59 - [TEST_STEP][PASSED] - delay: Delayed 2 second(s)

2018-12-06 20:52:01 - [MESSAGE][PASSED] - Delayed 2 second(s)

2018-12-06 20:52:01 - [TEST_STEP][PASSED] - Statement - CaseReferenceNo = com.kms.katalon.core.webui.keyword.WebUiBuiltInKeywords.getText(com.kms.katalon.core.testobject.ObjectRepository.findTestObject(Final Object Repo/Page_Update Employer Information/Reference Number in Update Employee Information Page)): Text of object 'Object Repository/Final Object Repo/Page_Update Employer Information/Reference Number in Update Employee Information Page' is: 'ERN122018C200002376'

2018-12-06 20:52:04 - [MESSAGE][PASSED] - Text of object 'Object Repository/Final Object Repo/Page_Update Employer Information/Reference Number in Update Employee Information Page' is: 'ERN122018C200002376'

2018-12-06 20:52:04 - [TEST_STEP][PASSED] - callTestCase: Call Test Case 'Test Cases/Final Aug 2018 - PKS Automation/Common/Reference Number Setter' successfully

2018-12-06 20:52:04 - [TEST_CASE][PASSED] - Test Cases/Final Aug 2018 - PKS Automation/Common/Reference Number Setter: Test Cases/Final Aug 2018 - PKS Automation/Common/Reference Number Setter

2018-12-06 20:52:04 - [TEST_STEP][PASSED] - Statement - RefNoOldFile = new java.io.File(C://Users//Admin//Desktop//PKS//Automation Reference Point//KatalonReference.txt): null

2018-12-06 20:52:04 - [TEST_STEP][PASSED] - Statement - RefNoOldFile.delete(): null

2018-12-06 20:52:04 - [TEST_STEP][PASSED] - delay: Delayed 5 second(s)

2018-12-06 20:52:09 - [MESSAGE][PASSED] - Delayed 5 second(s)

2018-12-06 20:52:09 - [TEST_STEP][PASSED] - Statement - RefNo = new java.io.File(C://Users//Admin//Desktop//PKS//Automation Reference Point//KatalonReference.txt): null

2018-12-06 20:52:09 - [TEST_STEP][PASSED] - Statement - f2 = new java.io.FileWriter(RefNo, false): null

2018-12-06 20:52:09 - [TEST_STEP][PASSED] - Statement - f2.write(CaseReferenceNo): null

2018-12-06 20:52:09 - [TEST_STEP][PASSED] - Statement - f2.close(): null

2018-12-06 20:52:09 - [TEST_STEP][PASSED] - Statement - out.println("


" + CaseReferenceNo + "


"): null

2018-12-06 20:52:09 - [MESSAGE][PASSED] - Call Test Case 'Test Cases/Final Aug 2018 - PKS Automation/Common/Reference Number Setter' successfully

2018-12-06 20:52:09 - [TEST_STEP][PASSED] - delay: Delayed 2 second(s)

2018-12-06 20:52:11 - [MESSAGE][PASSED] - Delayed 2 second(s)

2018-12-06 20:52:11 - [TEST_STEP][PASSED] - click: Object: 'Object Repository/Final Object Repo/Page_Form 3 EIS - Cessation as Employer/Save  Continue in Uploading Page' is clicked on

2018-12-06 20:52:11 - [MESSAGE][PASSED] - Object: 'Object Repository/Final Object Repo/Page_Form 3 EIS - Cessation as Employer/Save  Continue in Uploading Page' is clicked on

2018-12-06 20:52:11 - [TEST_STEP][PASSED] - delay: Delayed 2 second(s)

2018-12-06 20:52:13 - [MESSAGE][PASSED] - Delayed 2 second(s)

2018-12-06 20:52:13 - [TEST_STEP][PASSED] - click: Object: 'Object Repository/Final Object Repo/Page_Form 3 EIS - Cessation as Employer/Submit' is clicked on

2018-12-06 20:52:15 - [MESSAGE][PASSED] - Object: 'Object Repository/Final Object Repo/Page_Form 3 EIS - Cessation as Employer/Submit' is clicked on

2018-12-06 20:52:15 - [TEST_STEP][PASSED] - delay: Delayed 2 second(s)

2018-12-06 20:52:17 - [MESSAGE][PASSED] - Delayed 2 second(s)

2018-12-06 20:52:17 - [TEST_STEP][PASSED] - click: Object: 'Object Repository/Final Object Repo/Page_Form 3 EIS - Cessation as Employer/Confirm' is clicked on

2018-12-06 20:52:18 - [MESSAGE][PASSED] - Object: 'Object Repository/Final Object Repo/Page_Form 3 EIS - Cessation as Employer/Confirm' is clicked on

2018-12-06 20:52:18 - [TEST_STEP][PASSED] - delay: Delayed 2 second(s)

2018-12-06 20:52:20 - [MESSAGE][PASSED] - Delayed 2 second(s)

2018-12-06 20:52:20 - [TEST_STEP][PASSED] - click: Object: 'Object Repository/Final Object Repo/Page_Form 3 EIS - Cessation as Employer/Message Your Request will be routed to UO' is clicked on

2018-12-06 20:52:23 - [MESSAGE][PASSED] - Object: 'Object Repository/Final Object Repo/Page_Form 3 EIS - Cessation as Employer/Message Your Request will be routed to UO' is clicked on

2018-12-06 20:52:23 - [TEST_STEP][PASSED] - click: Object: 'Object Repository/Final Object Repo/Page_Form 3 EIS - Cessation as Employer/Letter of acknowledgement' is clicked on

2018-12-06 20:52:24 - [MESSAGE][PASSED] - Object: 'Object Repository/Final Object Repo/Page_Form 3 EIS - Cessation as Employer/Letter of acknowledgement' is clicked on

2018-12-06 20:52:24 - [MESSAGE][PASSED] - Call Test Case 'Test Cases/Final Aug 2018 - PKS Automation/Registration Module/Workflow/Form 3 EIS - Cessation As Employer/Template/Form 3 A - Cessation As Employer (OTC)' successfully

2018-12-06 20:52:24 - [TEST_STEP][PASSED] - callTestCase: Call Test Case 'Test Cases/Final Aug 2018 - PKS Automation/Registration Module/Workflow/Form 3 EIS - Cessation As Employer/Template/Form 3 A - Cessation As Employer (Query)' successfully

2018-12-06 20:52:24 - [TEST_CASE][PASSED] - Test Cases/Final Aug 2018 - PKS Automation/Registration Module/Workflow/Form 3 EIS - Cessation As Employer/Template/Form 3 A - Cessation As Employer (Query): Test Cases/Final Aug 2018 - PKS Automation/Registration Module/Workflow/Form 3 EIS - Cessation As Employer/Template/Form 3 A - Cessation As Employer (Query)

2018-12-06 20:52:24 - [TEST_STEP][NOT_RUN] - callTestCase: NOT_RUN: callTestCase

2018-12-06 20:52:24 - [MESSAGE][NOT_RUN] - NOT_RUN: callTestCase

2018-12-06 20:52:24 - [TEST_STEP][PASSED] - delay: Delayed 1 second(s)

2018-12-06 20:52:25 - [MESSAGE][PASSED] - Delayed 1 second(s)

2018-12-06 20:52:25 - [TEST_STEP][PASSED] - navigateToUrl: Navigate to 'https://assist2-uat.perkeso.gov.my/c/portal/logout' successfully

2018-12-06 20:52:26 - [MESSAGE][PASSED] - Navigate to 'https://assist2-uat.perkeso.gov.my/c/portal/logout' successfully

2018-12-06 20:52:26 - [TEST_STEP][PASSED] - delay: Delayed 1 second(s)

2018-12-06 20:52:27 - [MESSAGE][PASSED] - Delayed 1 second(s)

2018-12-06 20:52:27 - [TEST_STEP][PASSED] - callTestCase: Call Test Case 'Test Cases/Final Aug 2018 - PKS Automation/Common/Reference Number Getter' successfully

2018-12-06 20:52:27 - [TEST_CASE][PASSED] - Test Cases/Final Aug 2018 - PKS Automation/Common/Reference Number Getter: Test Cases/Final Aug 2018 - PKS Automation/Common/Reference Number Getter

2018-12-06 20:52:27 - [TEST_STEP][PASSED] - Statement - Try: null

2018-12-06 20:52:27 - [TEST_STEP][PASSED] - Statement - RefNo = new java.io.File(C://Users//Admin//Desktop//PKS//Automation Reference Point//KatalonReference.txt): null

2018-12-06 20:52:27 - [TEST_STEP][PASSED] - Statement - bufferread = new java.io.BufferedReader(new java.io.FileReader(RefNo)): null

2018-12-06 20:52:27 - [TEST_STEP][PASSED] - Statement - readedVal = bufferread.readLine(): null

2018-12-06 20:52:27 - [TEST_STEP][PASSED] - Statement - out.println(CaseReferenceNo): null

2018-12-06 20:52:27 - [TEST_STEP][PASSED] - Statement - out.println(readedVal): null

2018-12-06 20:52:27 - [TEST_STEP][PASSED] - Statement - CaseReferenceNo = "": null

2018-12-06 20:52:27 - [TEST_STEP][PASSED] - Statement - CaseReferenceNo = readedVal: null

2018-12-06 20:52:27 - [MESSAGE][PASSED] - Call Test Case 'Test Cases/Final Aug 2018 - PKS Automation/Common/Reference Number Getter' successfully

2018-12-06 20:52:27 - [TEST_STEP][PASSED] - callTestCase: Call Test Case 'Test Cases/Final Aug 2018 - PKS Automation/Common/Workflow Owner Finder' successfully

2018-12-06 20:52:27 - [TEST_CASE][PASSED] - Test Cases/Final Aug 2018 - PKS Automation/Common/Workflow Owner Finder: Test Cases/Final Aug 2018 - PKS Automation/Common/Workflow Owner Finder

2018-12-06 20:52:27 - [TEST_STEP][PASSED] - openBrowser: Browser is opened with url: ''

2018-12-06 20:52:27 - [MESSAGE][WARNING] - A browser is already opened. Closing browser and opening a new one

2018-12-06 20:52:31 - [MESSAGE][PASSED] - Browser is opened with url: ''

2018-12-06 20:52:31 - [TEST_STEP][PASSED] - navigateToUrl: Navigate to 'https://assist2-uat.perkeso.gov.my/login' successfully

2018-12-06 20:52:32 - [MESSAGE][PASSED] - Navigate to 'https://assist2-uat.perkeso.gov.my/login' successfully

2018-12-06 20:52:32 - [TEST_STEP][PASSED] - delay: Delayed 5 second(s)

2018-12-06 20:52:37 - [MESSAGE][PASSED] - Delayed 5 second(s)

2018-12-06 20:52:37 - [TEST_STEP][PASSED] - setText: Text 'test@liferay.com' is set on object 'Object Repository/Final Object Repo/Login Page/Internal User/Email Address'

2018-12-06 20:52:37 - [MESSAGE][PASSED] - Text 'test@liferay.com' is set on object 'Object Repository/Final Object Repo/Login Page/Internal User/Email Address'

2018-12-06 20:52:37 - [TEST_STEP][PASSED] - click: Object: 'Object Repository/Final Object Repo/Login Page/Internal User/Next Button' is clicked on

2018-12-06 20:52:38 - [MESSAGE][PASSED] - Object: 'Object Repository/Final Object Repo/Login Page/Internal User/Next Button' is clicked on

2018-12-06 20:52:38 - [TEST_STEP][PASSED] - delay: Delayed 2 second(s)

2018-12-06 20:52:40 - [MESSAGE][PASSED] - Delayed 2 second(s)

2018-12-06 20:52:40 - [TEST_STEP][PASSED] - setText: Text 'test' is set on object 'Object Repository/Final Object Repo/Login Page/Internal User/Password'

2018-12-06 20:52:40 - [MESSAGE][PASSED] - Text 'test' is set on object 'Object Repository/Final Object Repo/Login Page/Internal User/Password'

2018-12-06 20:52:40 - [TEST_STEP][PASSED] - delay: Delayed 2 second(s)

2018-12-06 20:52:42 - [MESSAGE][PASSED] - Delayed 2 second(s)

2018-12-06 20:52:42 - [TEST_STEP][PASSED] - click: Object: 'Object Repository/Final Object Repo/Login Page/Internal User/Login Button' is clicked on

2018-12-06 20:52:42 - [MESSAGE][PASSED] - Object: 'Object Repository/Final Object Repo/Login Page/Internal User/Login Button' is clicked on

2018-12-06 20:52:42 - [TEST_STEP][PASSED] - Statement - tester = com.kms.katalon.core.testobject.ObjectRepository.findTestObject(Final Object Repo/Landing Page/Select to English): Finding Test Object with id 'Object Repository/Final Object Repo/Landing Page/Select to English'

2018-12-06 20:52:42 - [TEST_STEP][PASSED] - Statement - Try: Delayed 2 second(s)

2018-12-06 20:52:42 - [TEST_STEP][PASSED] - Statement - Checker = com.kms.katalon.core.webui.keyword.WebUiBuiltInKeywords.verifyElementNotPresent(tester, 3): Web element with id: 'Object Repository/Final Object Repo/Landing Page/Select to English' located by 'By.xpath: //a[@class = 'taglib-language-list-text' and @lang = 'en-US' and (contains(text(), 'EN') or contains(., 'EN'))]' is not present after '3' second(s)

2018-12-06 20:52:44 - [MESSAGE][PASSED] - Web element with id: 'Object Repository/Final Object Repo/Landing Page/Select to English' located by 'By.xpath: //a[@class = 'taglib-language-list-text' and @lang = 'en-US' and (contains(text(), 'EN') or contains(., 'EN'))]' is not present after '3' second(s)

2018-12-06 20:52:44 - [TEST_STEP][PASSED] - Statement - If (Checker == false): null

2018-12-06 20:52:44 - [TEST_STEP][PASSED] - delay: Delayed 2 second(s)

2018-12-06 20:52:46 - [MESSAGE][PASSED] - Delayed 2 second(s)

2018-12-06 20:52:46 - [TEST_STEP][PASSED] - delay: Delayed 5 second(s)

2018-12-06 20:52:51 - [MESSAGE][PASSED] - Delayed 5 second(s)

2018-12-06 20:52:51 - [TEST_STEP][PASSED] - mouseOver: Object: 'Object Repository/Final Object Repo/Landing Page/WorkFlow Menu' is hovered

2018-12-06 20:52:51 - [MESSAGE][PASSED] - Object: 'Object Repository/Final Object Repo/Landing Page/WorkFlow Menu' is hovered

2018-12-06 20:52:51 - [TEST_STEP][PASSED] - delay: Delayed 2 second(s)

2018-12-06 20:52:53 - [MESSAGE][PASSED] - Delayed 2 second(s)

2018-12-06 20:52:53 - [TEST_STEP][PASSED] - click: Object: 'Object Repository/Final Object Repo/Landing Page/Select to Workflow Listing' is clicked on

2018-12-06 20:52:54 - [MESSAGE][PASSED] - Object: 'Object Repository/Final Object Repo/Landing Page/Select to Workflow Listing' is clicked on

2018-12-06 20:52:54 - [TEST_STEP][PASSED] - delay: Delayed 2 second(s)

2018-12-06 20:52:56 - [MESSAGE][PASSED] - Delayed 2 second(s)

2018-12-06 20:52:56 - [TEST_STEP][PASSED] - click: Object: 'Object Repository/Final Object Repo/WorkFlow Listing Page/Search Information - To Put Ref No' is clicked on

2018-12-06 20:52:57 - [MESSAGE][PASSED] - Object: 'Object Repository/Final Object Repo/WorkFlow Listing Page/Search Information - To Put Ref No' is clicked on

2018-12-06 20:52:57 - [TEST_STEP][PASSED] - delay: Delayed 2 second(s)

2018-12-06 20:52:59 - [MESSAGE][PASSED] - Delayed 2 second(s)

2018-12-06 20:52:59 - [TEST_STEP][PASSED] - callTestCase: Call Test Case 'Test Cases/Final Aug 2018 - PKS Automation/Common/Reference Number Getter' successfully

2018-12-06 20:52:59 - [TEST_CASE][PASSED] - Test Cases/Final Aug 2018 - PKS Automation/Common/Reference Number Getter: Test Cases/Final Aug 2018 - PKS Automation/Common/Reference Number Getter

2018-12-06 20:52:59 - [TEST_STEP][PASSED] - Statement - Try: null

2018-12-06 20:52:59 - [TEST_STEP][PASSED] - Statement - RefNo = new java.io.File(C://Users//Admin//Desktop//PKS//Automation Reference Point//KatalonReference.txt): null

2018-12-06 20:52:59 - [TEST_STEP][PASSED] - Statement - bufferread = new java.io.BufferedReader(new java.io.FileReader(RefNo)): null

2018-12-06 20:52:59 - [TEST_STEP][PASSED] - Statement - readedVal = bufferread.readLine(): null

2018-12-06 20:52:59 - [TEST_STEP][PASSED] - Statement - out.println(CaseReferenceNo): null

2018-12-06 20:52:59 - [TEST_STEP][PASSED] - Statement - out.println(readedVal): null

2018-12-06 20:52:59 - [TEST_STEP][PASSED] - Statement - CaseReferenceNo = "": null

2018-12-06 20:52:59 - [TEST_STEP][PASSED] - Statement - CaseReferenceNo = readedVal: null

2018-12-06 20:52:59 - [MESSAGE][PASSED] - Call Test Case 'Test Cases/Final Aug 2018 - PKS Automation/Common/Reference Number Getter' successfully

2018-12-06 20:52:59 - [TEST_STEP][PASSED] - setText: Text 'ERN122018C200002376' is set on object 'Object Repository/Final Object Repo/WorkFlow Listing Page/Ref No Set Text'

2018-12-06 20:52:59 - [MESSAGE][PASSED] - Text 'ERN122018C200002376' is set on object 'Object Repository/Final Object Repo/WorkFlow Listing Page/Ref No Set Text'

2018-12-06 20:52:59 - [TEST_STEP][PASSED] - delay: Delayed 2 second(s)

2018-12-06 20:53:01 - [MESSAGE][PASSED] - Delayed 2 second(s)

2018-12-06 20:53:01 - [TEST_STEP][PASSED] - click: Object: 'Object Repository/Final Object Repo/WorkFlow Listing Page/Search Ref No Search Button' is clicked on

2018-12-06 20:53:01 - [MESSAGE][PASSED] - Object: 'Object Repository/Final Object Repo/WorkFlow Listing Page/Search Ref No Search Button' is clicked on

2018-12-06 20:53:01 - [TEST_STEP][PASSED] - delay: Delayed 6 second(s)

2018-12-06 20:53:07 - [MESSAGE][PASSED] - Delayed 6 second(s)

2018-12-06 20:53:07 - [TEST_STEP][PASSED] - click: Object: 'Object Repository/Final Object Repo/WorkFlow Listing Page/Click Continue Tooltip' is clicked on

2018-12-06 20:53:08 - [MESSAGE][PASSED] - Object: 'Object Repository/Final Object Repo/WorkFlow Listing Page/Click Continue Tooltip' is clicked on

2018-12-06 20:53:08 - [TEST_STEP][PASSED] - delay: Delayed 5 second(s)

2018-12-06 20:53:13 - [MESSAGE][PASSED] - Delayed 5 second(s)

2018-12-06 20:53:13 - [TEST_STEP][PASSED] - doubleClick: Object: 'Object Repository/Final Object Repo/WorkFlow Listing Page/Workflow Found - Listing 1' is double clicked on

2018-12-06 20:53:13 - [MESSAGE][PASSED] - Object: 'Object Repository/Final Object Repo/WorkFlow Listing Page/Workflow Found - Listing 1' is double clicked on

2018-12-06 20:53:13 - [TEST_STEP][PASSED] - Statement - println(OwnerID): null

2018-12-06 20:53:13 - [TEST_STEP][PASSED] - Statement - OwnerID = com.kms.katalon.core.webui.keyword.WebUiBuiltInKeywords.getText(com.kms.katalon.core.testobject.ObjectRepository.findTestObject(Final Object Repo/WorkFlow Listing Page/Workflow Found - Listing 1), STOP_ON_FAILURE): Text of object 'Object Repository/Final Object Repo/WorkFlow Listing Page/Workflow Found - Listing 1' is: 'JOHORuo2'

2018-12-06 20:53:13 - [MESSAGE][PASSED] - Text of object 'Object Repository/Final Object Repo/WorkFlow Listing Page/Workflow Found - Listing 1' is: 'JOHORuo2'

2018-12-06 20:53:13 - [TEST_STEP][PASSED] - Statement - OwnerID = OwnerID.toLowerCase() + "@gmail.com": null

2018-12-06 20:53:13 - [TEST_STEP][PASSED] - Statement - println(OwnerID): null

2018-12-06 20:53:13 - [TEST_STEP][PASSED] - delay: Delayed 2 second(s)

2018-12-06 20:53:15 - [MESSAGE][PASSED] - Delayed 2 second(s)

2018-12-06 20:53:15 - [MESSAGE][PASSED] - Call Test Case 'Test Cases/Final Aug 2018 - PKS Automation/Common/Workflow Owner Finder' successfully

2018-12-06 20:53:15 - [TEST_STEP][PASSED] - delay: Delayed 1 second(s)

2018-12-06 20:53:16 - [MESSAGE][PASSED] - Delayed 1 second(s)

2018-12-06 20:53:16 - [TEST_STEP][PASSED] - navigateToUrl: Navigate to 'https://assist2-uat.perkeso.gov.my/c/portal/logout' successfully

2018-12-06 20:53:17 - [MESSAGE][PASSED] - Navigate to 'https://assist2-uat.perkeso.gov.my/c/portal/logout' successfully

2018-12-06 20:53:17 - [TEST_STEP][PASSED] - delay: Delayed 1 second(s)

2018-12-06 20:53:18 - [MESSAGE][PASSED] - Delayed 1 second(s)

2018-12-06 20:53:18 - [TEST_STEP][PASSED] - callTestCase: Call Test Case 'Test Cases/Final Aug 2018 - PKS Automation/Registration Module/Workflow/Login and Search Case For Workflow' successfully

2018-12-06 20:53:18 - [TEST_CASE][PASSED] - Test Cases/Final Aug 2018 - PKS Automation/Registration Module/Workflow/Login and Search Case For Workflow: Test Cases/Final Aug 2018 - PKS Automation/Registration Module/Workflow/Login and Search Case For Workflow

2018-12-06 20:53:18 - [TEST_STEP][PASSED] - navigateToUrl: Navigate to 'https://assist2-uat.perkeso.gov.my/login' successfully

2018-12-06 20:53:19 - [MESSAGE][PASSED] - Navigate to 'https://assist2-uat.perkeso.gov.my/login' successfully

2018-12-06 20:53:19 - [TEST_STEP][PASSED] - setText: Text 'johoruo2@gmail.com' is set on object 'Object Repository/Final Object Repo/Login Page/Internal User/Email Address'

2018-12-06 20:53:19 - [MESSAGE][PASSED] - Text 'johoruo2@gmail.com' is set on object 'Object Repository/Final Object Repo/Login Page/Internal User/Email Address'

2018-12-06 20:53:19 - [TEST_STEP][PASSED] - click: Object: 'Object Repository/Final Object Repo/Login Page/Internal User/Next Button' is clicked on

2018-12-06 20:53:19 - [MESSAGE][PASSED] - Object: 'Object Repository/Final Object Repo/Login Page/Internal User/Next Button' is clicked on

2018-12-06 20:53:19 - [TEST_STEP][PASSED] - delay: Delayed 1 second(s)

2018-12-06 20:53:20 - [MESSAGE][PASSED] - Delayed 1 second(s)

2018-12-06 20:53:20 - [TEST_STEP][PASSED] - setEncryptedText: Text ****** has been set on object 'Object Repository/Final Object Repo/Login Page/Internal User/Password'

2018-12-06 20:53:21 - [MESSAGE][PASSED] - Text ****** has been set on object 'Object Repository/Final Object Repo/Login Page/Internal User/Password'

2018-12-06 20:53:21 - [TEST_STEP][PASSED] - click: Object: 'Object Repository/Final Object Repo/Login Page/Internal User/Login Button' is clicked on

2018-12-06 20:53:21 - [MESSAGE][PASSED] - Object: 'Object Repository/Final Object Repo/Login Page/Internal User/Login Button' is clicked on

2018-12-06 20:53:21 - [TEST_STEP][PASSED] - delay: Delayed 2 second(s)

2018-12-06 20:53:23 - [MESSAGE][PASSED] - Delayed 2 second(s)

2018-12-06 20:53:23 - [TEST_STEP][PASSED] - Statement - Try: Delayed 2 second(s)

2018-12-06 20:53:23 - [TEST_STEP][PASSED] - Statement - Checker = false: null

2018-12-06 20:53:23 - [TEST_STEP][PASSED] - Statement - Checker = com.kms.katalon.core.webui.keyword.WebUiBuiltInKeywords.verifyElementHasAttribute(com.kms.katalon.core.testobject.ObjectRepository.findTestObject(Final Object Repo/Landing Page/BM Detecting), "href", 20, OPTIONAL): Object 'Object Repository/Final Object Repo/Landing Page/BM Detecting' has attribute 'href'

2018-12-06 20:53:23 - [MESSAGE][PASSED] - Object 'Object Repository/Final Object Repo/Landing Page/BM Detecting' has attribute 'href'

2018-12-06 20:53:23 - [TEST_STEP][PASSED] - Statement - out.println(Checker): null

2018-12-06 20:53:23 - [TEST_STEP][PASSED] - Statement - If (Checker == false): null

2018-12-06 20:53:23 - [TEST_STEP][PASSED] - Statement - Else: null

2018-12-06 20:53:23 - [TEST_STEP][PASSED] - delay: Delayed 2 second(s)

2018-12-06 20:53:25 - [MESSAGE][PASSED] - Delayed 2 second(s)

2018-12-06 20:53:25 - [TEST_STEP][PASSED] - click: Object: 'Object Repository/Final Object Repo/Page_MyASSIST - ASSIST - Search Pending Case For Add Supporting Document/Search Information' is clicked on

2018-12-06 20:53:25 - [MESSAGE][PASSED] - Object: 'Object Repository/Final Object Repo/Page_MyASSIST - ASSIST - Search Pending Case For Add Supporting Document/Search Information' is clicked on

2018-12-06 20:53:25 - [TEST_STEP][PASSED] - delay: Delayed 3 second(s)

2018-12-06 20:53:28 - [MESSAGE][PASSED] - Delayed 3 second(s)

2018-12-06 20:53:28 - [TEST_STEP][PASSED] - sendKeys: Keys 'ERN122018C200002376' sent to object: 'Object Repository/Final Object Repo/Page_MyASSIST - ASSIST - Search Pending Case For Add Supporting Document/Reference No'

2018-12-06 20:53:28 - [MESSAGE][PASSED] - Keys 'ERN122018C200002376' sent to object: 'Object Repository/Final Object Repo/Page_MyASSIST - ASSIST - Search Pending Case For Add Supporting Document/Reference No'

2018-12-06 20:53:28 - [TEST_STEP][PASSED] - click: Object: 'Object Repository/Final Object Repo/Page_MyASSIST - ASSIST - Search Pending Case For Add Supporting Document/Search Reference No' is clicked on

2018-12-06 20:53:28 - [MESSAGE][PASSED] - Object: 'Object Repository/Final Object Repo/Page_MyASSIST - ASSIST - Search Pending Case For Add Supporting Document/Search Reference No' is clicked on

2018-12-06 20:53:28 - [TEST_STEP][PASSED] - delay: Delayed 2 second(s)

2018-12-06 20:53:30 - [MESSAGE][PASSED] - Delayed 2 second(s)

2018-12-06 20:53:30 - [TEST_STEP][PASSED] - click: Object: 'Object Repository/Final Object Repo/Page_MyASSIST - ASSIST - Search Pending Case For Add Supporting Document/Continue' is clicked on

2018-12-06 20:53:33 - [MESSAGE][PASSED] - Object: 'Object Repository/Final Object Repo/Page_MyASSIST - ASSIST - Search Pending Case For Add Supporting Document/Continue' is clicked on

2018-12-06 20:53:33 - [TEST_STEP][PASSED] - delay: Delayed 20 second(s)

2018-12-06 20:53:54 - [MESSAGE][PASSED] - Delayed 20 second(s)

2018-12-06 20:53:54 - [MESSAGE][PASSED] - Call Test Case 'Test Cases/Final Aug 2018 - PKS Automation/Registration Module/Workflow/Login and Search Case For Workflow' successfully

2018-12-06 20:53:54 - [TEST_STEP][PASSED] - click: Object: 'Object Repository/Final Object Repo/Page_Form 3 EIS - Cessation as Employer/Page_Form 3 EIS - Cessation as Employer (Approve)/Save  Continue in Form 3 Page' is clicked on

2018-12-06 20:53:54 - [MESSAGE][PASSED] - Object: 'Object Repository/Final Object Repo/Page_Form 3 EIS - Cessation as Employer/Page_Form 3 EIS - Cessation as Employer (Approve)/Save  Continue in Form 3 Page' is clicked on

2018-12-06 20:53:54 - [TEST_STEP][PASSED] - delay: Delayed 4 second(s)

2018-12-06 20:53:58 - [MESSAGE][PASSED] - Delayed 4 second(s)

2018-12-06 20:53:58 - [TEST_STEP][PASSED] - click: Object: 'Object Repository/Final Object Repo/Page_Form 3 EIS - Cessation as Employer/Page_Form 3 EIS - Cessation as Employer (Approve)/Save  Continue in Resigned Page' is clicked on

2018-12-06 20:53:58 - [MESSAGE][PASSED] - Object: 'Object Repository/Final Object Repo/Page_Form 3 EIS - Cessation as Employer/Page_Form 3 EIS - Cessation as Employer (Approve)/Save  Continue in Resigned Page' is clicked on

2018-12-06 20:53:58 - [TEST_STEP][PASSED] - delay: Delayed 2 second(s)

2018-12-06 20:54:00 - [MESSAGE][PASSED] - Delayed 2 second(s)

2018-12-06 20:54:00 - [TEST_STEP][PASSED] - setText: Text 'Remark' is set on object 'Object Repository/Final Object Repo/Page_Form 3 EIS - Cessation as Employer/Page_Form 3 EIS - Cessation as Employer (Query)/Query - Remark'

2018-12-06 20:54:01 - [MESSAGE][PASSED] - Text 'Remark' is set on object 'Object Repository/Final Object Repo/Page_Form 3 EIS - Cessation as Employer/Page_Form 3 EIS - Cessation as Employer (Query)/Query - Remark'

2018-12-06 20:54:01 - [TEST_STEP][PASSED] - delay: Delayed 2 second(s)

2018-12-06 20:54:03 - [MESSAGE][PASSED] - Delayed 2 second(s)

2018-12-06 20:54:03 - [TEST_STEP][PASSED] - click: Object: 'Object Repository/Final Object Repo/Page_Form 3 EIS - Cessation as Employer/Page_Form 3 EIS - Cessation as Employer (Query)/Save  Continue' is clicked on

2018-12-06 20:54:03 - [MESSAGE][PASSED] - Object: 'Object Repository/Final Object Repo/Page_Form 3 EIS - Cessation as Employer/Page_Form 3 EIS - Cessation as Employer (Query)/Save  Continue' is clicked on

2018-12-06 20:54:03 - [TEST_STEP][PASSED] - delay: Delayed 2 second(s)

2018-12-06 20:54:05 - [MESSAGE][PASSED] - Delayed 2 second(s)

2018-12-06 20:54:05 - [TEST_STEP][PASSED] - click: Object: 'Object Repository/Final Object Repo/Page_Form 3 EIS - Cessation as Employer/Page_Form 3 EIS - Cessation as Employer (Query)/Query' is clicked on

2018-12-06 20:54:08 - [MESSAGE][PASSED] - Object: 'Object Repository/Final Object Repo/Page_Form 3 EIS - Cessation as Employer/Page_Form 3 EIS - Cessation as Employer (Query)/Query' is clicked on

2018-12-06 20:54:08 - [TEST_STEP][PASSED] - delay: Delayed 2 second(s)

2018-12-06 20:54:10 - [MESSAGE][PASSED] - Delayed 2 second(s)

2018-12-06 20:54:10 - [TEST_STEP][PASSED] - click: Object: 'Object Repository/Final Object Repo/Page_Form 3 EIS - Cessation as Employer/Page_Form 3 EIS - Cessation as Employer (Query)/Confirm' is clicked on

2018-12-06 20:54:17 - [MESSAGE][PASSED] - Object: 'Object Repository/Final Object Repo/Page_Form 3 EIS - Cessation as Employer/Page_Form 3 EIS - Cessation as Employer (Query)/Confirm' is clicked on

2018-12-06 20:54:17 - [TEST_STEP][PASSED] - delay: Delayed 2 second(s)

2018-12-06 20:54:19 - [MESSAGE][PASSED] - Delayed 2 second(s)

2018-12-06 20:54:19 - [TEST_STEP][PASSED] - click: Object: 'Object Repository/Final Object Repo/Page_Form 3 EIS - Cessation as Employer/Page_Form 3 EIS - Cessation as Employer (Query)/Message The Case Is Under Query' is clicked on

2018-12-06 20:54:19 - [MESSAGE][PASSED] - Object: 'Object Repository/Final Object Repo/Page_Form 3 EIS - Cessation as Employer/Page_Form 3 EIS - Cessation as Employer (Query)/Message The Case Is Under Query' is clicked on

2018-12-06 20:54:19 - [TEST_STEP][PASSED] - click: Object: 'Object Repository/Final Object Repo/Page_Form 3 EIS - Cessation as Employer/Page_Form 3 EIS - Cessation as Employer (Query)/Letter of inquiry' is clicked on

2018-12-06 20:54:19 - [MESSAGE][PASSED] - Object: 'Object Repository/Final Object Repo/Page_Form 3 EIS - Cessation as Employer/Page_Form 3 EIS - Cessation as Employer (Query)/Letter of inquiry' is clicked on

2018-12-06 20:54:19 - [TEST_STEP][PASSED] - delay: Delayed 1 second(s)

2018-12-06 20:54:20 - [MESSAGE][PASSED] - Delayed 1 second(s)

2018-12-06 20:54:20 - [TEST_STEP][PASSED] - navigateToUrl: Navigate to 'https://assist2-uat.perkeso.gov.my/c/portal/logout' successfully

2018-12-06 20:54:21 - [MESSAGE][PASSED] - Navigate to 'https://assist2-uat.perkeso.gov.my/c/portal/logout' successfully

2018-12-06 20:54:21 - [TEST_STEP][PASSED] - delay: Delayed 1 second(s)

2018-12-06 20:54:22 - [MESSAGE][PASSED] - Delayed 1 second(s)

2018-12-06 20:54:22 - [TEST_STEP][PASSED] - callTestCase: Call Test Case 'Test Cases/Final Aug 2018 - PKS Automation/Registration Module/Workflow/Login and Search Case For Workflow' successfully

2018-12-06 20:54:22 - [TEST_CASE][PASSED] - Test Cases/Final Aug 2018 - PKS Automation/Registration Module/Workflow/Login and Search Case For Workflow: Test Cases/Final Aug 2018 - PKS Automation/Registration Module/Workflow/Login and Search Case For Workflow

2018-12-06 20:54:22 - [TEST_STEP][PASSED] - navigateToUrl: Navigate to 'https://assist2-uat.perkeso.gov.my/login' successfully

2018-12-06 20:54:23 - [MESSAGE][PASSED] - Navigate to 'https://assist2-uat.perkeso.gov.my/login' successfully

2018-12-06 20:54:23 - [TEST_STEP][PASSED] - setText: Text 'johoruo2@gmail.com' is set on object 'Object Repository/Final Object Repo/Login Page/Internal User/Email Address'

2018-12-06 20:54:23 - [MESSAGE][PASSED] - Text 'johoruo2@gmail.com' is set on object 'Object Repository/Final Object Repo/Login Page/Internal User/Email Address'

2018-12-06 20:54:23 - [TEST_STEP][PASSED] - click: Object: 'Object Repository/Final Object Repo/Login Page/Internal User/Next Button' is clicked on

2018-12-06 20:54:23 - [MESSAGE][PASSED] - Object: 'Object Repository/Final Object Repo/Login Page/Internal User/Next Button' is clicked on

2018-12-06 20:54:23 - [TEST_STEP][PASSED] - delay: Delayed 1 second(s)

2018-12-06 20:54:24 - [MESSAGE][PASSED] - Delayed 1 second(s)

2018-12-06 20:54:24 - [TEST_STEP][PASSED] - setEncryptedText: Text ****** has been set on object 'Object Repository/Final Object Repo/Login Page/Internal User/Password'

2018-12-06 20:54:25 - [MESSAGE][PASSED] - Text ****** has been set on object 'Object Repository/Final Object Repo/Login Page/Internal User/Password'

2018-12-06 20:54:25 - [TEST_STEP][PASSED] - click: Object: 'Object Repository/Final Object Repo/Login Page/Internal User/Login Button' is clicked on

2018-12-06 20:54:25 - [MESSAGE][PASSED] - Object: 'Object Repository/Final Object Repo/Login Page/Internal User/Login Button' is clicked on

2018-12-06 20:54:25 - [TEST_STEP][PASSED] - delay: Delayed 2 second(s)

2018-12-06 20:54:27 - [MESSAGE][PASSED] - Delayed 2 second(s)

2018-12-06 20:54:27 - [TEST_STEP][PASSED] - Statement - Try: Delayed 2 second(s)

2018-12-06 20:54:27 - [TEST_STEP][PASSED] - Statement - Checker = false: null

2018-12-06 20:54:27 - [TEST_STEP][PASSED] - Statement - Checker = com.kms.katalon.core.webui.keyword.WebUiBuiltInKeywords.verifyElementHasAttribute(com.kms.katalon.core.testobject.ObjectRepository.findTestObject(Final Object Repo/Landing Page/BM Detecting), "href", 20, OPTIONAL): Object 'Object Repository/Final Object Repo/Landing Page/BM Detecting' has attribute 'href'

2018-12-06 20:54:27 - [MESSAGE][PASSED] - Object 'Object Repository/Final Object Repo/Landing Page/BM Detecting' has attribute 'href'

2018-12-06 20:54:27 - [TEST_STEP][PASSED] - Statement - out.println(Checker): null

2018-12-06 20:54:27 - [TEST_STEP][PASSED] - Statement - If (Checker == false): null

2018-12-06 20:54:27 - [TEST_STEP][PASSED] - Statement - Else: null

2018-12-06 20:54:27 - [TEST_STEP][PASSED] - delay: Delayed 2 second(s)

2018-12-06 20:54:29 - [MESSAGE][PASSED] - Delayed 2 second(s)

2018-12-06 20:54:29 - [TEST_STEP][PASSED] - click: Object: 'Object Repository/Final Object Repo/Page_MyASSIST - ASSIST - Search Pending Case For Add Supporting Document/Search Information' is clicked on

2018-12-06 20:54:29 - [MESSAGE][PASSED] - Object: 'Object Repository/Final Object Repo/Page_MyASSIST - ASSIST - Search Pending Case For Add Supporting Document/Search Information' is clicked on

2018-12-06 20:54:29 - [TEST_STEP][PASSED] - delay: Delayed 3 second(s)

2018-12-06 20:54:32 - [MESSAGE][PASSED] - Delayed 3 second(s)

2018-12-06 20:54:32 - [TEST_STEP][PASSED] - sendKeys: Keys 'ERN122018C200002376' sent to object: 'Object Repository/Final Object Repo/Page_MyASSIST - ASSIST - Search Pending Case For Add Supporting Document/Reference No'

2018-12-06 20:54:32 - [MESSAGE][PASSED] - Keys 'ERN122018C200002376' sent to object: 'Object Repository/Final Object Repo/Page_MyASSIST - ASSIST - Search Pending Case For Add Supporting Document/Reference No'

2018-12-06 20:54:32 - [TEST_STEP][PASSED] - click: Object: 'Object Repository/Final Object Repo/Page_MyASSIST - ASSIST - Search Pending Case For Add Supporting Document/Search Reference No' is clicked on

2018-12-06 20:54:32 - [MESSAGE][PASSED] - Object: 'Object Repository/Final Object Repo/Page_MyASSIST - ASSIST - Search Pending Case For Add Supporting Document/Search Reference No' is clicked on

2018-12-06 20:54:32 - [TEST_STEP][PASSED] - delay: Delayed 2 second(s)

2018-12-06 20:54:34 - [MESSAGE][PASSED] - Delayed 2 second(s)

2018-12-06 20:54:34 - [TEST_STEP][PASSED] - click: Object: 'Object Repository/Final Object Repo/Page_MyASSIST - ASSIST - Search Pending Case For Add Supporting Document/Continue' is clicked on

2018-12-06 20:54:38 - [MESSAGE][PASSED] - Object: 'Object Repository/Final Object Repo/Page_MyASSIST - ASSIST - Search Pending Case For Add Supporting Document/Continue' is clicked on

2018-12-06 20:54:38 - [TEST_STEP][PASSED] - delay: Delayed 20 second(s)

2018-12-06 20:54:58 - [MESSAGE][PASSED] - Delayed 20 second(s)

2018-12-06 20:54:58 - [MESSAGE][PASSED] - Call Test Case 'Test Cases/Final Aug 2018 - PKS Automation/Registration Module/Workflow/Login and Search Case For Workflow' successfully

2018-12-06 20:54:58 - [TEST_STEP][PASSED] - navigateToUrl: Navigate to 'https://assist2-uat.perkeso.gov.my/web/registration/eis-update/form-3-eis-cessation-as-employer?p_p_id=searchforemployersip_WAR_registrationportlet&p_p_lifecycle=0&_searchforemployersip_WAR_registrationportlet_regViewKey=87&_searchforemployersip_WAR_registrationportlet_browserIdKey=1536115932192&_searchforemployersip_WAR_registrationportlet_tempEmployerIdKey=128990&_searchforemployersip_WAR_registrationportlet_employerIdKey=&_searchforemployersip_WAR_registrationportlet_refCaseNo=ERN092018C200002133&_searchforemployersip_WAR_registrationportlet_mvcPath=%2Fapps%2Freg%2Fdiscontinue_business_sip%2Fdiscontinue_business_sip_form.jsp&_searchforemployersip_WAR_registrationportlet_regSectionKey=215' successfully

2018-12-06 20:55:01 - [MESSAGE][PASSED] - Navigate to 'https://assist2-uat.perkeso.gov.my/web/registration/eis-update/form-3-eis-cessation-as-employer?p_p_id=searchforemployersip_WAR_registrationportlet&p_p_lifecycle=0&_searchforemployersip_WAR_registrationportlet_regViewKey=87&_searchforemployersip_WAR_registrationportlet_browserIdKey=1536115932192&_searchforemployersip_WAR_registrationportlet_tempEmployerIdKey=128990&_searchforemployersip_WAR_registrationportlet_employerIdKey=&_searchforemployersip_WAR_registrationportlet_refCaseNo=ERN092018C200002133&_searchforemployersip_WAR_registrationportlet_mvcPath=%2Fapps%2Freg%2Fdiscontinue_business_sip%2Fdiscontinue_business_sip_form.jsp&_searchforemployersip_WAR_registrationportlet_regSectionKey=215' successfully

2018-12-06 20:55:01 - [TEST_STEP][PASSED] - delay: Delayed 5 second(s)

2018-12-06 20:55:06 - [MESSAGE][PASSED] - Delayed 5 second(s)

2018-12-06 20:55:06 - [TEST_STEP][PASSED] - click: Object: 'Object Repository/Final Object Repo/Page_Form 3 EIS - Cessation as Employer/Page_Form 3 EIS - Cessation as Employer (Query - OTC - UO)/Next' is clicked on

2018-12-06 20:55:07 - [MESSAGE][PASSED] - Object: 'Object Repository/Final Object Repo/Page_Form 3 EIS - Cessation as Employer/Page_Form 3 EIS - Cessation as Employer (Query - OTC - UO)/Next' is clicked on

2018-12-06 20:55:07 - [TEST_STEP][PASSED] - delay: Delayed 2 second(s)

2018-12-06 20:55:09 - [MESSAGE][PASSED] - Delayed 2 second(s)

2018-12-06 20:55:09 - [TEST_STEP][PASSED] - click: Object: 'Object Repository/Final Object Repo/Page_Form 3 EIS - Cessation as Employer/Page_Form 3 EIS - Cessation as Employer (Query - OTC - UO)/Next in Resigned Page' is clicked on

2018-12-06 20:55:13 - [MESSAGE][PASSED] - Object: 'Object Repository/Final Object Repo/Page_Form 3 EIS - Cessation as Employer/Page_Form 3 EIS - Cessation as Employer (Query - OTC - UO)/Next in Resigned Page' is clicked on

2018-12-06 20:55:13 - [TEST_STEP][PASSED] - delay: Delayed 2 second(s)

2018-12-06 20:55:15 - [MESSAGE][PASSED] - Delayed 2 second(s)

2018-12-06 20:55:15 - [TEST_STEP][PASSED] - click: Object: 'Object Repository/Final Object Repo/Page_Form 3 EIS - Cessation as Employer/Page_Form 3 EIS - Cessation as Employer (Query - OTC - UO)/Add Document' is clicked on

2018-12-06 20:55:15 - [MESSAGE][PASSED] - Object: 'Object Repository/Final Object Repo/Page_Form 3 EIS - Cessation as Employer/Page_Form 3 EIS - Cessation as Employer (Query - OTC - UO)/Add Document' is clicked on

2018-12-06 20:55:15 - [TEST_STEP][PASSED] - delay: Delayed 2 second(s)

2018-12-06 20:55:17 - [MESSAGE][PASSED] - Delayed 2 second(s)

2018-12-06 20:55:17 - [TEST_STEP][PASSED] - click: Object: 'Object Repository/Final Object Repo/Page_Form 3 EIS - Cessation as Employer/Page_Form 3 EIS - Cessation as Employer (Query - OTC - UO)/Document Type' is clicked on

2018-12-06 20:55:18 - [MESSAGE][PASSED] - Object: 'Object Repository/Final Object Repo/Page_Form 3 EIS - Cessation as Employer/Page_Form 3 EIS - Cessation as Employer (Query - OTC - UO)/Document Type' is clicked on

2018-12-06 20:55:18 - [TEST_STEP][PASSED] - delay: Delayed 2 second(s)

2018-12-06 20:55:20 - [MESSAGE][PASSED] - Delayed 2 second(s)

2018-12-06 20:55:20 - [TEST_STEP][PASSED] - click: Object: 'Object Repository/Final Object Repo/Page_Form 3 EIS - Cessation as Employer/Page_Form 3 EIS - Cessation as Employer (Query - OTC - UO)/Document Type - Others' is clicked on

2018-12-06 20:55:20 - [MESSAGE][PASSED] - Object: 'Object Repository/Final Object Repo/Page_Form 3 EIS - Cessation as Employer/Page_Form 3 EIS - Cessation as Employer (Query - OTC - UO)/Document Type - Others' is clicked on

2018-12-06 20:55:20 - [TEST_STEP][PASSED] - delay: Delayed 2 second(s)

2018-12-06 20:55:22 - [MESSAGE][PASSED] - Delayed 2 second(s)

2018-12-06 20:55:22 - [TEST_STEP][PASSED] - sendKeys: Keys 'C:\Users\Public\Pictures\Sample Pictures\Koala.jpg' sent to object: 'Object Repository/Final Object Repo/Page_Form 3 EIS - Cessation as Employer/Page_Form 3 EIS - Cessation as Employer (Query - OTC - UO)/ploading File'

2018-12-06 20:55:22 - [MESSAGE][PASSED] - Keys 'C:\Users\Public\Pictures\Sample Pictures\Koala.jpg' sent to object: 'Object Repository/Final Object Repo/Page_Form 3 EIS - Cessation as Employer/Page_Form 3 EIS - Cessation as Employer (Query - OTC - UO)/ploading File'

2018-12-06 20:55:22 - [TEST_STEP][PASSED] - delay: Delayed 2 second(s)

2018-12-06 20:55:24 - [MESSAGE][PASSED] - Delayed 2 second(s)

2018-12-06 20:55:24 - [TEST_STEP][PASSED] - click: Object: 'Object Repository/Final Object Repo/Page_Form 3 EIS - Cessation as Employer/Page_Form 3 EIS - Cessation as Employer (Query - OTC - UO)/Add Document in Uploading Page' is clicked on

2018-12-06 20:55:24 - [MESSAGE][PASSED] - Object: 'Object Repository/Final Object Repo/Page_Form 3 EIS - Cessation as Employer/Page_Form 3 EIS - Cessation as Employer (Query - OTC - UO)/Add Document in Uploading Page' is clicked on

2018-12-06 20:55:24 - [TEST_STEP][PASSED] - delay: Delayed 2 second(s)

2018-12-06 20:55:26 - [MESSAGE][PASSED] - Delayed 2 second(s)

2018-12-06 20:55:26 - [TEST_STEP][PASSED] - click: Object: 'Object Repository/Final Object Repo/Page_Form 3 EIS - Cessation as Employer/Page_Form 3 EIS - Cessation as Employer (Query - OTC - UO)/Exit' is clicked on

2018-12-06 20:55:29 - [MESSAGE][PASSED] - Object: 'Object Repository/Final Object Repo/Page_Form 3 EIS - Cessation as Employer/Page_Form 3 EIS - Cessation as Employer (Query - OTC - UO)/Exit' is clicked on

2018-12-06 20:55:29 - [TEST_STEP][PASSED] - delay: Delayed 1 second(s)

2018-12-06 20:55:30 - [MESSAGE][PASSED] - Delayed 1 second(s)

2018-12-06 20:55:30 - [TEST_STEP][PASSED] - navigateToUrl: Navigate to 'https://assist2-uat.perkeso.gov.my/c/portal/logout' successfully

2018-12-06 20:55:30 - [MESSAGE][PASSED] - Navigate to 'https://assist2-uat.perkeso.gov.my/c/portal/logout' successfully

2018-12-06 20:55:30 - [TEST_STEP][PASSED] - delay: Delayed 1 second(s)

2018-12-06 20:55:31 - [MESSAGE][PASSED] - Delayed 1 second(s)

2018-12-06 20:55:31 - [TEST_STEP][PASSED] - callTestCase: Call Test Case 'Test Cases/Final Aug 2018 - PKS Automation/Registration Module/Workflow/Login and Search Case For Workflow' successfully

2018-12-06 20:55:31 - [TEST_CASE][PASSED] - Test Cases/Final Aug 2018 - PKS Automation/Registration Module/Workflow/Login and Search Case For Workflow: Test Cases/Final Aug 2018 - PKS Automation/Registration Module/Workflow/Login and Search Case For Workflow

2018-12-06 20:55:31 - [TEST_STEP][PASSED] - navigateToUrl: Navigate to 'https://assist2-uat.perkeso.gov.my/login' successfully

2018-12-06 20:55:32 - [MESSAGE][PASSED] - Navigate to 'https://assist2-uat.perkeso.gov.my/login' successfully

2018-12-06 20:55:32 - [TEST_STEP][PASSED] - setText: Text 'johoruo2@gmail.com' is set on object 'Object Repository/Final Object Repo/Login Page/Internal User/Email Address'

2018-12-06 20:55:32 - [MESSAGE][PASSED] - Text 'johoruo2@gmail.com' is set on object 'Object Repository/Final Object Repo/Login Page/Internal User/Email Address'

2018-12-06 20:55:32 - [TEST_STEP][PASSED] - click: Object: 'Object Repository/Final Object Repo/Login Page/Internal User/Next Button' is clicked on

2018-12-06 20:55:32 - [MESSAGE][PASSED] - Object: 'Object Repository/Final Object Repo/Login Page/Internal User/Next Button' is clicked on

2018-12-06 20:55:32 - [TEST_STEP][PASSED] - delay: Delayed 1 second(s)

2018-12-06 20:55:33 - [MESSAGE][PASSED] - Delayed 1 second(s)

2018-12-06 20:55:33 - [TEST_STEP][PASSED] - setEncryptedText: Text ****** has been set on object 'Object Repository/Final Object Repo/Login Page/Internal User/Password'

2018-12-06 20:55:34 - [MESSAGE][PASSED] - Text ****** has been set on object 'Object Repository/Final Object Repo/Login Page/Internal User/Password'

2018-12-06 20:55:34 - [TEST_STEP][PASSED] - click: Object: 'Object Repository/Final Object Repo/Login Page/Internal User/Login Button' is clicked on

2018-12-06 20:55:34 - [MESSAGE][PASSED] - Object: 'Object Repository/Final Object Repo/Login Page/Internal User/Login Button' is clicked on

2018-12-06 20:55:34 - [TEST_STEP][PASSED] - delay: Delayed 2 second(s)

2018-12-06 20:55:36 - [MESSAGE][PASSED] - Delayed 2 second(s)

2018-12-06 20:55:36 - [TEST_STEP][PASSED] - Statement - Try: Delayed 2 second(s)

2018-12-06 20:55:36 - [TEST_STEP][PASSED] - Statement - Checker = false: null

2018-12-06 20:55:36 - [TEST_STEP][PASSED] - Statement - Checker = com.kms.katalon.core.webui.keyword.WebUiBuiltInKeywords.verifyElementHasAttribute(com.kms.katalon.core.testobject.ObjectRepository.findTestObject(Final Object Repo/Landing Page/BM Detecting), "href", 20, OPTIONAL): Object 'Object Repository/Final Object Repo/Landing Page/BM Detecting' has attribute 'href'

2018-12-06 20:55:36 - [MESSAGE][PASSED] - Object 'Object Repository/Final Object Repo/Landing Page/BM Detecting' has attribute 'href'

2018-12-06 20:55:36 - [TEST_STEP][PASSED] - Statement - out.println(Checker): null

2018-12-06 20:55:36 - [TEST_STEP][PASSED] - Statement - If (Checker == false): null

2018-12-06 20:55:36 - [TEST_STEP][PASSED] - Statement - Else: null

2018-12-06 20:55:36 - [TEST_STEP][PASSED] - delay: Delayed 2 second(s)

2018-12-06 20:55:38 - [MESSAGE][PASSED] - Delayed 2 second(s)

2018-12-06 20:55:38 - [TEST_STEP][PASSED] - click: Object: 'Object Repository/Final Object Repo/Page_MyASSIST - ASSIST - Search Pending Case For Add Supporting Document/Search Information' is clicked on

2018-12-06 20:55:38 - [MESSAGE][PASSED] - Object: 'Object Repository/Final Object Repo/Page_MyASSIST - ASSIST - Search Pending Case For Add Supporting Document/Search Information' is clicked on

2018-12-06 20:55:38 - [TEST_STEP][PASSED] - delay: Delayed 3 second(s)

2018-12-06 20:55:41 - [MESSAGE][PASSED] - Delayed 3 second(s)

2018-12-06 20:55:41 - [TEST_STEP][PASSED] - sendKeys: Keys 'ERN122018C200002376' sent to object: 'Object Repository/Final Object Repo/Page_MyASSIST - ASSIST - Search Pending Case For Add Supporting Document/Reference No'

2018-12-06 20:55:41 - [MESSAGE][PASSED] - Keys 'ERN122018C200002376' sent to object: 'Object Repository/Final Object Repo/Page_MyASSIST - ASSIST - Search Pending Case For Add Supporting Document/Reference No'

2018-12-06 20:55:41 - [TEST_STEP][PASSED] - click: Object: 'Object Repository/Final Object Repo/Page_MyASSIST - ASSIST - Search Pending Case For Add Supporting Document/Search Reference No' is clicked on

2018-12-06 20:55:41 - [MESSAGE][PASSED] - Object: 'Object Repository/Final Object Repo/Page_MyASSIST - ASSIST - Search Pending Case For Add Supporting Document/Search Reference No' is clicked on

2018-12-06 20:55:41 - [TEST_STEP][PASSED] - delay: Delayed 2 second(s)

2018-12-06 20:55:43 - [MESSAGE][PASSED] - Delayed 2 second(s)

2018-12-06 20:55:43 - [TEST_STEP][PASSED] - click: Object: 'Object Repository/Final Object Repo/Page_MyASSIST - ASSIST - Search Pending Case For Add Supporting Document/Continue' is clicked on

2018-12-06 20:55:47 - [MESSAGE][PASSED] - Object: 'Object Repository/Final Object Repo/Page_MyASSIST - ASSIST - Search Pending Case For Add Supporting Document/Continue' is clicked on

2018-12-06 20:55:47 - [TEST_STEP][PASSED] - delay: Delayed 20 second(s)

2018-12-06 20:56:07 - [MESSAGE][PASSED] - Delayed 20 second(s)

2018-12-06 20:56:07 - [MESSAGE][PASSED] - Call Test Case 'Test Cases/Final Aug 2018 - PKS Automation/Registration Module/Workflow/Login and Search Case For Workflow' successfully

2018-12-06 20:56:07 - [TEST_STEP][PASSED] - click: Object: 'Object Repository/Final Object Repo/Page_Form 3 EIS - Cessation as Employer/Page_Form 3 EIS - Cessation as Employer (Approve)/Save  Continue in Form 3 Page' is clicked on

2018-12-06 20:56:07 - [MESSAGE][PASSED] - Object: 'Object Repository/Final Object Repo/Page_Form 3 EIS - Cessation as Employer/Page_Form 3 EIS - Cessation as Employer (Approve)/Save  Continue in Form 3 Page' is clicked on

2018-12-06 20:56:07 - [TEST_STEP][PASSED] - delay: Delayed 2 second(s)

2018-12-06 20:56:09 - [MESSAGE][PASSED] - Delayed 2 second(s)

2018-12-06 20:56:09 - [TEST_STEP][PASSED] - click: Object: 'Object Repository/Final Object Repo/Page_Form 3 EIS - Cessation as Employer/Page_Form 3 EIS - Cessation as Employer (Approve)/Save  Continue in Resigned Page' is clicked on

2018-12-06 20:56:09 - [MESSAGE][PASSED] - Object: 'Object Repository/Final Object Repo/Page_Form 3 EIS - Cessation as Employer/Page_Form 3 EIS - Cessation as Employer (Approve)/Save  Continue in Resigned Page' is clicked on

2018-12-06 20:56:09 - [TEST_STEP][PASSED] - delay: Delayed 2 second(s)

2018-12-06 20:56:11 - [MESSAGE][PASSED] - Delayed 2 second(s)

2018-12-06 20:56:11 - [TEST_STEP][PASSED] - click: Object: 'Object Repository/Final Object Repo/Page_Form 3 EIS - Cessation as Employer/Page_Form 3 EIS - Cessation as Employer (Approve)/Save  Continue in Uploading Page' is clicked on

2018-12-06 20:56:12 - [MESSAGE][PASSED] - Object: 'Object Repository/Final Object Repo/Page_Form 3 EIS - Cessation as Employer/Page_Form 3 EIS - Cessation as Employer (Approve)/Save  Continue in Uploading Page' is clicked on

2018-12-06 20:56:12 - [TEST_STEP][PASSED] - delay: Delayed 2 second(s)

2018-12-06 20:56:14 - [MESSAGE][PASSED] - Delayed 2 second(s)

2018-12-06 20:56:14 - [TEST_STEP][PASSED] - click: Object: 'Object Repository/Final Object Repo/Page_Form 3 EIS - Cessation as Employer/Page_Form 3 EIS - Cessation as Employer (Reject)/Reject' is clicked on

2018-12-06 20:56:17 - [MESSAGE][PASSED] - Object: 'Object Repository/Final Object Repo/Page_Form 3 EIS - Cessation as Employer/Page_Form 3 EIS - Cessation as Employer (Reject)/Reject' is clicked on

2018-12-06 20:56:17 - [TEST_STEP][PASSED] - delay: Delayed 2 second(s)

2018-12-06 20:56:19 - [MESSAGE][PASSED] - Delayed 2 second(s)

2018-12-06 20:56:19 - [TEST_STEP][PASSED] - click: Object: 'Object Repository/Final Object Repo/Page_Form 3 EIS - Cessation as Employer/Page_Form 3 EIS - Cessation as Employer (Reject)/Confirm' is clicked on

2018-12-06 20:56:19 - [MESSAGE][PASSED] - Object: 'Object Repository/Final Object Repo/Page_Form 3 EIS - Cessation as Employer/Page_Form 3 EIS - Cessation as Employer (Reject)/Confirm' is clicked on

2018-12-06 20:56:19 - [TEST_STEP][PASSED] - delay: Delayed 2 second(s)

2018-12-06 20:56:21 - [MESSAGE][PASSED] - Delayed 2 second(s)

2018-12-06 20:56:21 - [TEST_STEP][PASSED] - click: Object: 'Object Repository/Final Object Repo/Page_Form 3 EIS - Cessation as Employer/Page_Form 3 EIS - Cessation as Employer (Reject)/Message This Case has been Rejected' is clicked on

2018-12-06 20:56:25 - [MESSAGE][PASSED] - Object: 'Object Repository/Final Object Repo/Page_Form 3 EIS - Cessation as Employer/Page_Form 3 EIS - Cessation as Employer (Reject)/Message This Case has been Rejected' is clicked on

2018-12-06 20:56:25 - [TEST_STEP][PASSED] - click: Object: 'Object Repository/Final Object Repo/Page_Form 3 EIS - Cessation as Employer/Page_Form 3 EIS - Cessation as Employer (Reject)/Letter of update rejection' is clicked on

2018-12-06 20:56:26 - [MESSAGE][PASSED] - Object: 'Object Repository/Final Object Repo/Page_Form 3 EIS - Cessation as Employer/Page_Form 3 EIS - Cessation as Employer (Reject)/Letter of update rejection' is clicked on

2018-12-06 20:56:26 - [MESSAGE][PASSED] - Call Test Case 'Test Cases/Final Aug 2018 - PKS Automation/Registration Module/Workflow/Form 3 EIS - Cessation As Employer/Template/Form 3 A - Cessation As Employer (Query)' successfully]]></system-out>
         <system-err><![CDATA[]]></system-err>
      </testcase>
      <testcase name="Test Cases/Final Aug 2018 - PKS Automation/Registration Module/Workflow/Form 3 EIS - Cessation As Employer/Employer to UO (Reject)" classname="Test Cases/Final Aug 2018 - PKS Automation/Registration Module/Workflow/Form 3 EIS - Cessation As Employer/Employer to UO (Reject)" status="PASSED">
         <system-out><![CDATA[2018-12-06 20:56:26 - [TEST_CASE][PASSED] - Test Cases/Final Aug 2018 - PKS Automation/Registration Module/Workflow/Form 3 EIS - Cessation As Employer/Employer to UO (Reject): Test Cases/Final Aug 2018 - PKS Automation/Registration Module/Workflow/Form 3 EIS - Cessation As Employer/Employer to UO (Reject)

2018-12-06 20:56:26 - [TEST_STEP][PASSED] - callTestCase: Call Test Case 'Test Cases/Final Aug 2018 - PKS Automation/Registration Module/Workflow/Form 3 EIS - Cessation As Employer/Template/Form 3 A - Cessation As Employer (Employer)' successfully

2018-12-06 20:56:26 - [TEST_CASE][PASSED] - Test Cases/Final Aug 2018 - PKS Automation/Registration Module/Workflow/Form 3 EIS - Cessation As Employer/Template/Form 3 A - Cessation As Employer (Employer): Test Cases/Final Aug 2018 - PKS Automation/Registration Module/Workflow/Form 3 EIS - Cessation As Employer/Template/Form 3 A - Cessation As Employer (Employer)

2018-12-06 20:56:26 - [TEST_STEP][PASSED] - callTestCase: Call Test Case 'Test Cases/Final Aug 2018 - PKS Automation/Registration Module/Workflow/Update Add New Employee/Template/New Company for Update Add New - Employer' successfully

2018-12-06 20:56:26 - [TEST_CASE][PASSED] - Test Cases/Final Aug 2018 - PKS Automation/Registration Module/Workflow/Update Add New Employee/Template/New Company for Update Add New - Employer: Test Cases/Final Aug 2018 - PKS Automation/Registration Module/Workflow/Update Add New Employee/Template/New Company for Update Add New - Employer

2018-12-06 20:56:26 - [TEST_STEP][PASSED] - callTestCase: Call Test Case 'Test Cases/Final Aug 2018 - PKS Automation/Create Employer Acc/Create Employer Account' successfully

2018-12-06 20:56:26 - [TEST_CASE][PASSED] - Test Cases/Final Aug 2018 - PKS Automation/Create Employer Acc/Create Employer Account: Test Cases/Final Aug 2018 - PKS Automation/Create Employer Acc/Create Employer Account

2018-12-06 20:56:26 - [TEST_STEP][PASSED] - callTestCase: Call Test Case 'Test Cases/Final Aug 2018 - PKS Automation/Create Employer Acc/Template/Register Employer' successfully

2018-12-06 20:56:26 - [TEST_CASE][PASSED] - Test Cases/Final Aug 2018 - PKS Automation/Create Employer Acc/Template/Register Employer: Test Cases/Final Aug 2018 - PKS Automation/Create Employer Acc/Template/Register Employer

2018-12-06 20:56:26 - [TEST_STEP][PASSED] - openBrowser: Browser is opened with url: ''

2018-12-06 20:56:26 - [MESSAGE][WARNING] - A browser is already opened. Closing browser and opening a new one

2018-12-06 20:56:30 - [MESSAGE][PASSED] - Browser is opened with url: ''

2018-12-06 20:56:30 - [TEST_STEP][PASSED] - navigateToUrl: Navigate to 'https://assist2-uat.perkeso.gov.my/login' successfully

2018-12-06 20:56:31 - [MESSAGE][PASSED] - Navigate to 'https://assist2-uat.perkeso.gov.my/login' successfully

2018-12-06 20:56:31 - [TEST_STEP][PASSED] - setText: Text 'johorotc1@gmail.com' is set on object 'Object Repository/Final Object Repo/Login Page/Internal User/Email Address'

2018-12-06 20:56:32 - [MESSAGE][PASSED] - Text 'johorotc1@gmail.com' is set on object 'Object Repository/Final Object Repo/Login Page/Internal User/Email Address'

2018-12-06 20:56:32 - [TEST_STEP][PASSED] - click: Object: 'Object Repository/Final Object Repo/Login Page/Internal User/Next Button' is clicked on

2018-12-06 20:56:32 - [MESSAGE][PASSED] - Object: 'Object Repository/Final Object Repo/Login Page/Internal User/Next Button' is clicked on

2018-12-06 20:56:32 - [TEST_STEP][PASSED] - delay: Delayed 1 second(s)

2018-12-06 20:56:33 - [MESSAGE][PASSED] - Delayed 1 second(s)

2018-12-06 20:56:33 - [TEST_STEP][PASSED] - setEncryptedText: Text ****** has been set on object 'Object Repository/Final Object Repo/Login Page/Internal User/Password'

2018-12-06 20:56:33 - [MESSAGE][PASSED] - Text ****** has been set on object 'Object Repository/Final Object Repo/Login Page/Internal User/Password'

2018-12-06 20:56:33 - [TEST_STEP][PASSED] - click: Object: 'Object Repository/Final Object Repo/Login Page/Internal User/Login Button' is clicked on

2018-12-06 20:56:33 - [MESSAGE][PASSED] - Object: 'Object Repository/Final Object Repo/Login Page/Internal User/Login Button' is clicked on

2018-12-06 20:56:33 - [TEST_STEP][PASSED] - delay: Delayed 1 second(s)

2018-12-06 20:56:34 - [MESSAGE][PASSED] - Delayed 1 second(s)

2018-12-06 20:56:34 - [TEST_STEP][PASSED] - navigateToUrl: Navigate to 'https://assist2-uat.perkeso.gov.my/web/base/portal-id/registration' successfully

2018-12-06 20:56:36 - [MESSAGE][PASSED] - Navigate to 'https://assist2-uat.perkeso.gov.my/web/base/portal-id/registration' successfully

2018-12-06 20:56:36 - [TEST_STEP][PASSED] - setText: Text 'AUTOMATION EMPLOYER' is set on object 'Object Repository/Final Object Repo/Creating Employer Account/Page_Registration - ASSIST (Base)/Employer Name'

2018-12-06 20:56:37 - [MESSAGE][PASSED] - Text 'AUTOMATION EMPLOYER' is set on object 'Object Repository/Final Object Repo/Creating Employer Account/Page_Registration - ASSIST (Base)/Employer Name'

2018-12-06 20:56:37 - [TEST_STEP][PASSED] - delay: Delayed 2 second(s)

2018-12-06 20:56:39 - [MESSAGE][PASSED] - Delayed 2 second(s)

2018-12-06 20:56:39 - [TEST_STEP][PASSED] - click: Object: 'Object Repository/Final Object Repo/Creating Employer Account/Page_Registration - ASSIST (Base)/Registration Type' is clicked on

2018-12-06 20:56:39 - [MESSAGE][PASSED] - Object: 'Object Repository/Final Object Repo/Creating Employer Account/Page_Registration - ASSIST (Base)/Registration Type' is clicked on

2018-12-06 20:56:39 - [TEST_STEP][PASSED] - delay: Delayed 2 second(s)

2018-12-06 20:56:41 - [MESSAGE][PASSED] - Delayed 2 second(s)

2018-12-06 20:56:41 - [TEST_STEP][PASSED] - click: Object: 'Object Repository/Final Object Repo/Creating Employer Account/Page_Registration - ASSIST (Base)/Registration Type - Registration No' is clicked on

2018-12-06 20:56:41 - [MESSAGE][PASSED] - Object: 'Object Repository/Final Object Repo/Creating Employer Account/Page_Registration - ASSIST (Base)/Registration Type - Registration No' is clicked on

2018-12-06 20:56:41 - [TEST_STEP][PASSED] - delay: Delayed 2 second(s)

2018-12-06 20:56:43 - [MESSAGE][PASSED] - Delayed 2 second(s)

2018-12-06 20:56:43 - [TEST_STEP][PASSED] - setText: Text '1234567890' is set on object 'Object Repository/Final Object Repo/Creating Employer Account/Page_Registration - ASSIST (Base)/Registration Number'

2018-12-06 20:56:43 - [MESSAGE][PASSED] - Text '1234567890' is set on object 'Object Repository/Final Object Repo/Creating Employer Account/Page_Registration - ASSIST (Base)/Registration Number'

2018-12-06 20:56:43 - [TEST_STEP][PASSED] - delay: Delayed 2 second(s)

2018-12-06 20:56:45 - [MESSAGE][PASSED] - Delayed 2 second(s)

2018-12-06 20:56:45 - [TEST_STEP][PASSED] - setText: Text 'ADDRESS 1' is set on object 'Object Repository/Final Object Repo/Creating Employer Account/Page_Registration - ASSIST (Base)/Postal Address 1'

2018-12-06 20:56:46 - [MESSAGE][PASSED] - Text 'ADDRESS 1' is set on object 'Object Repository/Final Object Repo/Creating Employer Account/Page_Registration - ASSIST (Base)/Postal Address 1'

2018-12-06 20:56:46 - [TEST_STEP][PASSED] - setText: Text 'ADDRESS 2' is set on object 'Object Repository/Final Object Repo/Creating Employer Account/Page_Registration - ASSIST (Base)/Postal Address 2'

2018-12-06 20:56:46 - [MESSAGE][PASSED] - Text 'ADDRESS 2' is set on object 'Object Repository/Final Object Repo/Creating Employer Account/Page_Registration - ASSIST (Base)/Postal Address 2'

2018-12-06 20:56:46 - [TEST_STEP][PASSED] - click: Object: 'Object Repository/Final Object Repo/Creating Employer Account/Page_Registration - ASSIST (Base)/State' is clicked on

2018-12-06 20:56:46 - [MESSAGE][PASSED] - Object: 'Object Repository/Final Object Repo/Creating Employer Account/Page_Registration - ASSIST (Base)/State' is clicked on

2018-12-06 20:56:46 - [TEST_STEP][PASSED] - delay: Delayed 2 second(s)

2018-12-06 20:56:48 - [MESSAGE][PASSED] - Delayed 2 second(s)

2018-12-06 20:56:48 - [TEST_STEP][PASSED] - click: Object: 'Object Repository/Final Object Repo/Creating Employer Account/Page_Registration - ASSIST (Base)/State - Johor' is clicked on

2018-12-06 20:56:48 - [MESSAGE][PASSED] - Object: 'Object Repository/Final Object Repo/Creating Employer Account/Page_Registration - ASSIST (Base)/State - Johor' is clicked on

2018-12-06 20:56:48 - [TEST_STEP][PASSED] - delay: Delayed 2 second(s)

2018-12-06 20:56:50 - [MESSAGE][PASSED] - Delayed 2 second(s)

2018-12-06 20:56:50 - [TEST_STEP][PASSED] - click: Object: 'Object Repository/Final Object Repo/Creating Employer Account/Page_Registration - ASSIST (Base)/City' is clicked on

2018-12-06 20:56:50 - [MESSAGE][PASSED] - Object: 'Object Repository/Final Object Repo/Creating Employer Account/Page_Registration - ASSIST (Base)/City' is clicked on

2018-12-06 20:56:50 - [TEST_STEP][PASSED] - delay: Delayed 2 second(s)

2018-12-06 20:56:52 - [MESSAGE][PASSED] - Delayed 2 second(s)

2018-12-06 20:56:52 - [TEST_STEP][PASSED] - setText: Text 'joh' is set on object 'Object Repository/Final Object Repo/Creating Employer Account/Page_Registration - ASSIST (Base)/City - joh'

2018-12-06 20:56:53 - [MESSAGE][PASSED] - Text 'joh' is set on object 'Object Repository/Final Object Repo/Creating Employer Account/Page_Registration - ASSIST (Base)/City - joh'

2018-12-06 20:56:53 - [TEST_STEP][PASSED] - delay: Delayed 2 second(s)

2018-12-06 20:56:55 - [MESSAGE][PASSED] - Delayed 2 second(s)

2018-12-06 20:56:55 - [TEST_STEP][PASSED] - click: Object: 'Object Repository/Final Object Repo/Creating Employer Account/Page_Registration - ASSIST (Base)/City - Johor Bharu' is clicked on

2018-12-06 20:56:55 - [MESSAGE][PASSED] - Object: 'Object Repository/Final Object Repo/Creating Employer Account/Page_Registration - ASSIST (Base)/City - Johor Bharu' is clicked on

2018-12-06 20:56:55 - [TEST_STEP][PASSED] - delay: Delayed 2 second(s)

2018-12-06 20:56:57 - [MESSAGE][PASSED] - Delayed 2 second(s)

2018-12-06 20:56:57 - [TEST_STEP][PASSED] - click: Object: 'Object Repository/Final Object Repo/Creating Employer Account/Page_Registration - ASSIST (Base)/Post Code' is clicked on

2018-12-06 20:56:57 - [MESSAGE][PASSED] - Object: 'Object Repository/Final Object Repo/Creating Employer Account/Page_Registration - ASSIST (Base)/Post Code' is clicked on

2018-12-06 20:56:57 - [TEST_STEP][PASSED] - delay: Delayed 2 second(s)

2018-12-06 20:56:59 - [MESSAGE][PASSED] - Delayed 2 second(s)

2018-12-06 20:56:59 - [TEST_STEP][PASSED] - setText: Text '810' is set on object 'Object Repository/Final Object Repo/Creating Employer Account/Page_Registration - ASSIST (Base)/Post Code - 810'

2018-12-06 20:56:59 - [MESSAGE][PASSED] - Text '810' is set on object 'Object Repository/Final Object Repo/Creating Employer Account/Page_Registration - ASSIST (Base)/Post Code - 810'

2018-12-06 20:56:59 - [TEST_STEP][PASSED] - delay: Delayed 2 second(s)

2018-12-06 20:57:01 - [MESSAGE][PASSED] - Delayed 2 second(s)

2018-12-06 20:57:01 - [TEST_STEP][PASSED] - click: Object: 'Object Repository/Final Object Repo/Creating Employer Account/Page_Registration - ASSIST (Base)/Post Code - 81000' is clicked on

2018-12-06 20:57:01 - [MESSAGE][PASSED] - Object: 'Object Repository/Final Object Repo/Creating Employer Account/Page_Registration - ASSIST (Base)/Post Code - 81000' is clicked on

2018-12-06 20:57:01 - [TEST_STEP][PASSED] - delay: Delayed 2 second(s)

2018-12-06 20:57:03 - [MESSAGE][PASSED] - Delayed 2 second(s)

2018-12-06 20:57:03 - [TEST_STEP][PASSED] - setText: Text 'PERKESO' is set on object 'Object Repository/Final Object Repo/Creating Employer Account/Page_Registration - ASSIST (Base)/Full Name'

2018-12-06 20:57:04 - [MESSAGE][PASSED] - Text 'PERKESO' is set on object 'Object Repository/Final Object Repo/Creating Employer Account/Page_Registration - ASSIST (Base)/Full Name'

2018-12-06 20:57:04 - [TEST_STEP][PASSED] - Statement - rnd = new java.util.Random(): null

2018-12-06 20:57:04 - [TEST_STEP][PASSED] - Statement - snum = rnd.nextInt(899999 + 1) + 100000: null

2018-12-06 20:57:04 - [TEST_STEP][PASSED] - Statement - tnum = rnd.nextInt(899999 + 1) + 100000: null

2018-12-06 20:57:04 - [TEST_STEP][PASSED] - Statement - IC = java.lang.Integer.toString(snum) + java.lang.Integer.toString(tnum): null

2018-12-06 20:57:04 - [TEST_STEP][PASSED] - Statement - out.println(IC): null

2018-12-06 20:57:04 - [TEST_STEP][PASSED] - setText: Text '738899587609' is set on object 'Object Repository/Final Object Repo/Creating Employer Account/Page_Registration - ASSIST (Base)/Identification Number'

2018-12-06 20:57:04 - [MESSAGE][PASSED] - Text '738899587609' is set on object 'Object Repository/Final Object Repo/Creating Employer Account/Page_Registration - ASSIST (Base)/Identification Number'

2018-12-06 20:57:04 - [TEST_STEP][PASSED] - delay: Delayed 2 second(s)

2018-12-06 20:57:06 - [MESSAGE][PASSED] - Delayed 2 second(s)

2018-12-06 20:57:06 - [TEST_STEP][PASSED] - setText: Text '123456789012' is set on object 'Object Repository/Final Object Repo/Creating Employer Account/Page_Registration - ASSIST (Base)/Contact Number'

2018-12-06 20:57:06 - [MESSAGE][PASSED] - Text '123456789012' is set on object 'Object Repository/Final Object Repo/Creating Employer Account/Page_Registration - ASSIST (Base)/Contact Number'

2018-12-06 20:57:06 - [TEST_STEP][PASSED] - Statement - Email = "perkeso" + IC + "@gmail.com": null

2018-12-06 20:57:06 - [TEST_STEP][PASSED] - delay: Delayed 2 second(s)

2018-12-06 20:57:08 - [MESSAGE][PASSED] - Delayed 2 second(s)

2018-12-06 20:57:08 - [TEST_STEP][PASSED] - callTestCase: Call Test Case 'Test Cases/Final Aug 2018 - PKS Automation/Create Employer Acc/Template/Employer Email Settler' successfully

2018-12-06 20:57:08 - [TEST_CASE][PASSED] - Test Cases/Final Aug 2018 - PKS Automation/Create Employer Acc/Template/Employer Email Settler: Test Cases/Final Aug 2018 - PKS Automation/Create Employer Acc/Template/Employer Email Settler

2018-12-06 20:57:08 - [TEST_STEP][PASSED] - Statement - EmpEmailOld = new java.io.File(C://Users//Admin//Desktop//PKS//Automation Reference Point//EmpEmail.txt): null

2018-12-06 20:57:08 - [TEST_STEP][PASSED] - Statement - EmpEmailOld.delete(): null

2018-12-06 20:57:08 - [TEST_STEP][PASSED] - delay: Delayed 5 second(s)

2018-12-06 20:57:13 - [MESSAGE][PASSED] - Delayed 5 second(s)

2018-12-06 20:57:13 - [TEST_STEP][PASSED] - Statement - EmpEmail = new java.io.File(C://Users//Admin//Desktop//PKS//Automation Reference Point//EmpEmail.txt): null

2018-12-06 20:57:13 - [TEST_STEP][PASSED] - Statement - f2 = new java.io.FileWriter(EmpEmail, false): null

2018-12-06 20:57:13 - [TEST_STEP][PASSED] - Statement - f2.write(Email): null

2018-12-06 20:57:13 - [TEST_STEP][PASSED] - Statement - f2.close(): null

2018-12-06 20:57:13 - [TEST_STEP][PASSED] - Statement - out.println(Email): null

2018-12-06 20:57:13 - [MESSAGE][PASSED] - Call Test Case 'Test Cases/Final Aug 2018 - PKS Automation/Create Employer Acc/Template/Employer Email Settler' successfully

2018-12-06 20:57:13 - [TEST_STEP][PASSED] - delay: Delayed 2 second(s)

2018-12-06 20:57:15 - [MESSAGE][PASSED] - Delayed 2 second(s)

2018-12-06 20:57:15 - [TEST_STEP][PASSED] - setText: Text 'perkeso738899587609@gmail.com' is set on object 'Object Repository/Final Object Repo/Creating Employer Account/Page_Registration - ASSIST (Base)/Email'

2018-12-06 20:57:16 - [MESSAGE][PASSED] - Text 'perkeso738899587609@gmail.com' is set on object 'Object Repository/Final Object Repo/Creating Employer Account/Page_Registration - ASSIST (Base)/Email'

2018-12-06 20:57:16 - [TEST_STEP][PASSED] - setText: Text '123' is set on object 'Object Repository/Final Object Repo/Creating Employer Account/Page_Registration - ASSIST (Base)/Security Phase'

2018-12-06 20:57:16 - [MESSAGE][PASSED] - Text '123' is set on object 'Object Repository/Final Object Repo/Creating Employer Account/Page_Registration - ASSIST (Base)/Security Phase'

2018-12-06 20:57:16 - [TEST_STEP][PASSED] - click: Object: 'Object Repository/Final Object Repo/Creating Employer Account/Page_Registration - ASSIST (Base)/Save  Continue' is clicked on

2018-12-06 20:57:16 - [MESSAGE][PASSED] - Object: 'Object Repository/Final Object Repo/Creating Employer Account/Page_Registration - ASSIST (Base)/Save  Continue' is clicked on

2018-12-06 20:57:16 - [TEST_STEP][PASSED] - delay: Delayed 2 second(s)

2018-12-06 20:57:18 - [MESSAGE][PASSED] - Delayed 2 second(s)

2018-12-06 20:57:18 - [TEST_STEP][PASSED] - click: Object: 'Object Repository/Final Object Repo/Creating Employer Account/Page_Registration - ASSIST (Base)/Add Document' is clicked on

2018-12-06 20:57:18 - [MESSAGE][PASSED] - Object: 'Object Repository/Final Object Repo/Creating Employer Account/Page_Registration - ASSIST (Base)/Add Document' is clicked on

2018-12-06 20:57:18 - [TEST_STEP][PASSED] - delay: Delayed 2 second(s)

2018-12-06 20:57:20 - [MESSAGE][PASSED] - Delayed 2 second(s)

2018-12-06 20:57:20 - [TEST_STEP][PASSED] - click: Object: 'Object Repository/Final Object Repo/Creating Employer Account/Page_Registration - ASSIST (Base)/Document Type' is clicked on

2018-12-06 20:57:21 - [MESSAGE][PASSED] - Object: 'Object Repository/Final Object Repo/Creating Employer Account/Page_Registration - ASSIST (Base)/Document Type' is clicked on

2018-12-06 20:57:21 - [TEST_STEP][PASSED] - delay: Delayed 2 second(s)

2018-12-06 20:57:23 - [MESSAGE][PASSED] - Delayed 2 second(s)

2018-12-06 20:57:23 - [TEST_STEP][PASSED] - click: Object: 'Object Repository/Final Object Repo/Creating Employer Account/Page_Registration - ASSIST (Base)/Document Type - Letter of Authorization' is clicked on

2018-12-06 20:57:23 - [MESSAGE][PASSED] - Object: 'Object Repository/Final Object Repo/Creating Employer Account/Page_Registration - ASSIST (Base)/Document Type - Letter of Authorization' is clicked on

2018-12-06 20:57:23 - [TEST_STEP][PASSED] - delay: Delayed 2 second(s)

2018-12-06 20:57:25 - [MESSAGE][PASSED] - Delayed 2 second(s)

2018-12-06 20:57:25 - [TEST_STEP][PASSED] - sendKeys: Keys 'C:\Users\Public\Pictures\Sample Pictures\Koala.jpg' sent to object: 'Object Repository/Final Object Repo/Creating Employer Account/Page_Registration - ASSIST (Base)/Uploading File'

2018-12-06 20:57:25 - [MESSAGE][PASSED] - Keys 'C:\Users\Public\Pictures\Sample Pictures\Koala.jpg' sent to object: 'Object Repository/Final Object Repo/Creating Employer Account/Page_Registration - ASSIST (Base)/Uploading File'

2018-12-06 20:57:25 - [TEST_STEP][PASSED] - delay: Delayed 2 second(s)

2018-12-06 20:57:27 - [MESSAGE][PASSED] - Delayed 2 second(s)

2018-12-06 20:57:27 - [TEST_STEP][PASSED] - click: Object: 'Object Repository/Final Object Repo/Creating Employer Account/Page_Registration - ASSIST (Base)/Add Document in Uploading File' is clicked on

2018-12-06 20:57:27 - [MESSAGE][PASSED] - Object: 'Object Repository/Final Object Repo/Creating Employer Account/Page_Registration - ASSIST (Base)/Add Document in Uploading File' is clicked on

2018-12-06 20:57:27 - [TEST_STEP][PASSED] - delay: Delayed 2 second(s)

2018-12-06 20:57:29 - [MESSAGE][PASSED] - Delayed 2 second(s)

2018-12-06 20:57:29 - [TEST_STEP][PASSED] - click: Object: 'Object Repository/Final Object Repo/Creating Employer Account/Page_Registration - ASSIST (Base)/Save' is clicked on

2018-12-06 20:57:29 - [MESSAGE][PASSED] - Object: 'Object Repository/Final Object Repo/Creating Employer Account/Page_Registration - ASSIST (Base)/Save' is clicked on

2018-12-06 20:57:29 - [TEST_STEP][PASSED] - delay: Delayed 2 second(s)

2018-12-06 20:57:31 - [MESSAGE][PASSED] - Delayed 2 second(s)

2018-12-06 20:57:31 - [TEST_STEP][PASSED] - click: Object: 'Object Repository/Final Object Repo/Creating Employer Account/Page_Registration - ASSIST (Base)/Submit' is clicked on

2018-12-06 20:57:31 - [MESSAGE][PASSED] - Object: 'Object Repository/Final Object Repo/Creating Employer Account/Page_Registration - ASSIST (Base)/Submit' is clicked on

2018-12-06 20:57:31 - [TEST_STEP][PASSED] - delay: Delayed 2 second(s)

2018-12-06 20:57:33 - [MESSAGE][PASSED] - Delayed 2 second(s)

2018-12-06 20:57:33 - [TEST_STEP][PASSED] - click: Object: 'Object Repository/Final Object Repo/Creating Employer Account/Page_Registration - ASSIST (Base)/Confirm' is clicked on

2018-12-06 20:57:34 - [MESSAGE][PASSED] - Object: 'Object Repository/Final Object Repo/Creating Employer Account/Page_Registration - ASSIST (Base)/Confirm' is clicked on

2018-12-06 20:57:34 - [MESSAGE][PASSED] - Call Test Case 'Test Cases/Final Aug 2018 - PKS Automation/Create Employer Acc/Template/Register Employer' successfully

2018-12-06 20:57:34 - [TEST_STEP][PASSED] - delay: Delayed 1 second(s)

2018-12-06 20:57:35 - [MESSAGE][PASSED] - Delayed 1 second(s)

2018-12-06 20:57:35 - [TEST_STEP][PASSED] - navigateToUrl: Navigate to 'https://assist2-uat.perkeso.gov.my/c/portal/logout' successfully

2018-12-06 20:57:36 - [MESSAGE][PASSED] - Navigate to 'https://assist2-uat.perkeso.gov.my/c/portal/logout' successfully

2018-12-06 20:57:36 - [TEST_STEP][PASSED] - delay: Delayed 1 second(s)

2018-12-06 20:57:37 - [MESSAGE][PASSED] - Delayed 1 second(s)

2018-12-06 20:57:37 - [TEST_STEP][PASSED] - callTestCase: Call Test Case 'Test Cases/Final Aug 2018 - PKS Automation/Create Employer Acc/Template/Change Password of Employer' successfully

2018-12-06 20:57:37 - [TEST_CASE][PASSED] - Test Cases/Final Aug 2018 - PKS Automation/Create Employer Acc/Template/Change Password of Employer: Test Cases/Final Aug 2018 - PKS Automation/Create Employer Acc/Template/Change Password of Employer

2018-12-06 20:57:37 - [TEST_STEP][PASSED] - openBrowser: Browser is opened with url: ''

2018-12-06 20:57:37 - [MESSAGE][WARNING] - A browser is already opened. Closing browser and opening a new one

2018-12-06 20:57:41 - [MESSAGE][PASSED] - Browser is opened with url: ''

2018-12-06 20:57:41 - [TEST_STEP][PASSED] - navigateToUrl: Navigate to 'https://assist2-uat.perkeso.gov.my/login' successfully

2018-12-06 20:57:42 - [MESSAGE][PASSED] - Navigate to 'https://assist2-uat.perkeso.gov.my/login' successfully

2018-12-06 20:57:42 - [TEST_STEP][PASSED] - delay: Delayed 5 second(s)

2018-12-06 20:57:47 - [MESSAGE][PASSED] - Delayed 5 second(s)

2018-12-06 20:57:47 - [TEST_STEP][PASSED] - setText: Text 'test@liferay.com' is set on object 'Object Repository/Final Object Repo/Login Page/Internal User/Email Address'

2018-12-06 20:57:48 - [MESSAGE][PASSED] - Text 'test@liferay.com' is set on object 'Object Repository/Final Object Repo/Login Page/Internal User/Email Address'

2018-12-06 20:57:48 - [TEST_STEP][PASSED] - click: Object: 'Object Repository/Final Object Repo/Login Page/Internal User/Next Button' is clicked on

2018-12-06 20:57:48 - [MESSAGE][PASSED] - Object: 'Object Repository/Final Object Repo/Login Page/Internal User/Next Button' is clicked on

2018-12-06 20:57:48 - [TEST_STEP][PASSED] - delay: Delayed 2 second(s)

2018-12-06 20:57:50 - [MESSAGE][PASSED] - Delayed 2 second(s)

2018-12-06 20:57:50 - [TEST_STEP][PASSED] - setText: Text 'test' is set on object 'Object Repository/Final Object Repo/Login Page/Internal User/Password'

2018-12-06 20:57:50 - [MESSAGE][PASSED] - Text 'test' is set on object 'Object Repository/Final Object Repo/Login Page/Internal User/Password'

2018-12-06 20:57:50 - [TEST_STEP][PASSED] - delay: Delayed 2 second(s)

2018-12-06 20:57:52 - [MESSAGE][PASSED] - Delayed 2 second(s)

2018-12-06 20:57:52 - [TEST_STEP][PASSED] - click: Object: 'Object Repository/Final Object Repo/Login Page/Internal User/Login Button' is clicked on

2018-12-06 20:57:52 - [MESSAGE][PASSED] - Object: 'Object Repository/Final Object Repo/Login Page/Internal User/Login Button' is clicked on

2018-12-06 20:57:52 - [TEST_STEP][PASSED] - delay: Delayed 3 second(s)

2018-12-06 20:57:55 - [MESSAGE][PASSED] - Delayed 3 second(s)

2018-12-06 20:57:55 - [TEST_STEP][PASSED] - navigateToUrl: Navigate to 'https://assist2-uat.perkeso.gov.my/group/control_panel/manage?p_p_id=125&p_p_lifecycle=0&p_p_state=maximized&p_p_mode=view&refererPlid=20455&_125_usersListView=flat-users&_125_toolbarItem=view-all-users&_125_saveUsersListView=true&_125_struts_action=%2Fusers_admin%2Fview' successfully

2018-12-06 20:57:57 - [MESSAGE][PASSED] - Navigate to 'https://assist2-uat.perkeso.gov.my/group/control_panel/manage?p_p_id=125&p_p_lifecycle=0&p_p_state=maximized&p_p_mode=view&refererPlid=20455&_125_usersListView=flat-users&_125_toolbarItem=view-all-users&_125_saveUsersListView=true&_125_struts_action=%2Fusers_admin%2Fview' successfully

2018-12-06 20:57:57 - [TEST_STEP][PASSED] - delay: Delayed 3 second(s)

2018-12-06 20:58:00 - [MESSAGE][PASSED] - Delayed 3 second(s)

2018-12-06 20:58:00 - [TEST_STEP][PASSED] - setText: Text 'perkeso738899587609@gmail.com' is set on object 'Object Repository/Final Object Repo/Creating Employer Account/Page_Users and Organizations - ASSIST/Employer name'

2018-12-06 20:58:00 - [MESSAGE][PASSED] - Text 'perkeso738899587609@gmail.com' is set on object 'Object Repository/Final Object Repo/Creating Employer Account/Page_Users and Organizations - ASSIST/Employer name'

2018-12-06 20:58:00 - [TEST_STEP][PASSED] - delay: Delayed 3 second(s)

2018-12-06 20:58:03 - [MESSAGE][PASSED] - Delayed 3 second(s)

2018-12-06 20:58:03 - [TEST_STEP][PASSED] - click: Object: 'Object Repository/Final Object Repo/Creating Employer Account/Page_Users and Organizations - ASSIST/Search' is clicked on

2018-12-06 20:58:03 - [MESSAGE][PASSED] - Object: 'Object Repository/Final Object Repo/Creating Employer Account/Page_Users and Organizations - ASSIST/Search' is clicked on

2018-12-06 20:58:03 - [TEST_STEP][PASSED] - delay: Delayed 3 second(s)

2018-12-06 20:58:06 - [MESSAGE][PASSED] - Delayed 3 second(s)

2018-12-06 20:58:06 - [TEST_STEP][PASSED] - click: Object: 'Object Repository/Final Object Repo/Creating Employer Account/Page_Users and Organizations - ASSIST/Action' is clicked on

2018-12-06 20:58:07 - [MESSAGE][PASSED] - Object: 'Object Repository/Final Object Repo/Creating Employer Account/Page_Users and Organizations - ASSIST/Action' is clicked on

2018-12-06 20:58:07 - [TEST_STEP][PASSED] - delay: Delayed 3 second(s)

2018-12-06 20:58:10 - [MESSAGE][PASSED] - Delayed 3 second(s)

2018-12-06 20:58:10 - [TEST_STEP][PASSED] - click: Object: 'Object Repository/Final Object Repo/Creating Employer Account/Page_Users and Organizations - ASSIST/Edit' is clicked on

2018-12-06 20:58:11 - [MESSAGE][PASSED] - Object: 'Object Repository/Final Object Repo/Creating Employer Account/Page_Users and Organizations - ASSIST/Edit' is clicked on

2018-12-06 20:58:11 - [TEST_STEP][PASSED] - delay: Delayed 3 second(s)

2018-12-06 20:58:14 - [MESSAGE][PASSED] - Delayed 3 second(s)

2018-12-06 20:58:14 - [TEST_STEP][PASSED] - click: Object: 'Object Repository/Final Object Repo/Creating Employer Account/Page_PERKESO - Users and Organizati/a_Password (Modified)' is clicked on

2018-12-06 20:58:14 - [MESSAGE][PASSED] - Object: 'Object Repository/Final Object Repo/Creating Employer Account/Page_PERKESO - Users and Organizati/a_Password (Modified)' is clicked on

2018-12-06 20:58:14 - [TEST_STEP][PASSED] - delay: Delayed 3 second(s)

2018-12-06 20:58:17 - [MESSAGE][PASSED] - Delayed 3 second(s)

2018-12-06 20:58:17 - [TEST_STEP][PASSED] - setEncryptedText: Text ****** has been set on object 'Object Repository/Final Object Repo/Creating Employer Account/Page_PERKESO - Users and Organizati/input__125_password1'

2018-12-06 20:58:17 - [MESSAGE][PASSED] - Text ****** has been set on object 'Object Repository/Final Object Repo/Creating Employer Account/Page_PERKESO - Users and Organizati/input__125_password1'

2018-12-06 20:58:17 - [TEST_STEP][PASSED] - delay: Delayed 3 second(s)

2018-12-06 20:58:20 - [MESSAGE][PASSED] - Delayed 3 second(s)

2018-12-06 20:58:20 - [TEST_STEP][PASSED] - setEncryptedText: Text ****** has been set on object 'Object Repository/Final Object Repo/Creating Employer Account/Page_PERKESO - Users and Organizati/input__125_password2'

2018-12-06 20:58:21 - [MESSAGE][PASSED] - Text ****** has been set on object 'Object Repository/Final Object Repo/Creating Employer Account/Page_PERKESO - Users and Organizati/input__125_password2'

2018-12-06 20:58:21 - [TEST_STEP][PASSED] - delay: Delayed 3 second(s)

2018-12-06 20:58:24 - [MESSAGE][PASSED] - Delayed 3 second(s)

2018-12-06 20:58:24 - [TEST_STEP][PASSED] - click: Object: 'Object Repository/Final Object Repo/Creating Employer Account/Page_PERKESO - Users and Organizati/Save' is clicked on

2018-12-06 20:58:25 - [MESSAGE][PASSED] - Object: 'Object Repository/Final Object Repo/Creating Employer Account/Page_PERKESO - Users and Organizati/Save' is clicked on

2018-12-06 20:58:25 - [MESSAGE][PASSED] - Call Test Case 'Test Cases/Final Aug 2018 - PKS Automation/Create Employer Acc/Template/Change Password of Employer' successfully

2018-12-06 20:58:25 - [TEST_STEP][PASSED] - delay: Delayed 1 second(s)

2018-12-06 20:58:26 - [MESSAGE][PASSED] - Delayed 1 second(s)

2018-12-06 20:58:26 - [TEST_STEP][PASSED] - navigateToUrl: Navigate to 'https://assist2-uat.perkeso.gov.my/c/portal/logout' successfully

2018-12-06 20:58:27 - [MESSAGE][PASSED] - Navigate to 'https://assist2-uat.perkeso.gov.my/c/portal/logout' successfully

2018-12-06 20:58:27 - [TEST_STEP][PASSED] - delay: Delayed 1 second(s)

2018-12-06 20:58:28 - [MESSAGE][PASSED] - Delayed 1 second(s)

2018-12-06 20:58:28 - [TEST_STEP][PASSED] - callTestCase: Call Test Case 'Test Cases/Final Aug 2018 - PKS Automation/Create Employer Acc/Template/Login to Employer Account (First Time)' successfully

2018-12-06 20:58:28 - [TEST_CASE][PASSED] - Test Cases/Final Aug 2018 - PKS Automation/Create Employer Acc/Template/Login to Employer Account (First Time): Test Cases/Final Aug 2018 - PKS Automation/Create Employer Acc/Template/Login to Employer Account (First Time)

2018-12-06 20:58:28 - [TEST_STEP][PASSED] - openBrowser: Browser is opened with url: ''

2018-12-06 20:58:28 - [MESSAGE][WARNING] - A browser is already opened. Closing browser and opening a new one

2018-12-06 20:58:32 - [MESSAGE][PASSED] - Browser is opened with url: ''

2018-12-06 20:58:32 - [TEST_STEP][PASSED] - navigateToUrl: Navigate to 'https://assist2-uat.perkeso.gov.my/employer/login' successfully

2018-12-06 20:58:33 - [MESSAGE][PASSED] - Navigate to 'https://assist2-uat.perkeso.gov.my/employer/login' successfully

2018-12-06 20:58:33 - [TEST_STEP][PASSED] - delay: Delayed 3 second(s)

2018-12-06 20:58:36 - [MESSAGE][PASSED] - Delayed 3 second(s)

2018-12-06 20:58:36 - [TEST_STEP][PASSED] - callTestCase: Call Test Case 'Test Cases/Final Aug 2018 - PKS Automation/Create Employer Acc/Template/Employer Email Getter' successfully

2018-12-06 20:58:36 - [TEST_CASE][PASSED] - Test Cases/Final Aug 2018 - PKS Automation/Create Employer Acc/Template/Employer Email Getter: Test Cases/Final Aug 2018 - PKS Automation/Create Employer Acc/Template/Employer Email Getter

2018-12-06 20:58:36 - [TEST_STEP][PASSED] - Statement - Try: null

2018-12-06 20:58:36 - [TEST_STEP][PASSED] - Statement - EmpEmail = new java.io.File(C://Users//Admin//Desktop//PKS//Automation Reference Point//EmpEmail.txt): null

2018-12-06 20:58:36 - [TEST_STEP][PASSED] - Statement - bufferread = new java.io.BufferedReader(new java.io.FileReader(EmpEmail)): null

2018-12-06 20:58:36 - [TEST_STEP][PASSED] - Statement - readedVal = bufferread.readLine(): null

2018-12-06 20:58:36 - [TEST_STEP][PASSED] - Statement - out.println(readedVal): null

2018-12-06 20:58:36 - [TEST_STEP][PASSED] - Statement - Email = readedVal: null

2018-12-06 20:58:36 - [MESSAGE][PASSED] - Call Test Case 'Test Cases/Final Aug 2018 - PKS Automation/Create Employer Acc/Template/Employer Email Getter' successfully

2018-12-06 20:58:36 - [TEST_STEP][PASSED] - setText: Text 'perkeso738899587609@gmail.com' is set on object 'Object Repository/Final Object Repo/Login Page/External Login Page/Email'

2018-12-06 20:58:36 - [MESSAGE][PASSED] - Text 'perkeso738899587609@gmail.com' is set on object 'Object Repository/Final Object Repo/Login Page/External Login Page/Email'

2018-12-06 20:58:36 - [TEST_STEP][PASSED] - click: Object: 'Object Repository/Final Object Repo/Login Page/External Login Page/Next' is clicked on

2018-12-06 20:58:37 - [MESSAGE][PASSED] - Object: 'Object Repository/Final Object Repo/Login Page/External Login Page/Next' is clicked on

2018-12-06 20:58:37 - [TEST_STEP][PASSED] - delay: Delayed 3 second(s)

2018-12-06 20:58:40 - [MESSAGE][PASSED] - Delayed 3 second(s)

2018-12-06 20:58:40 - [TEST_STEP][PASSED] - setEncryptedText: Text ****** has been set on object 'Object Repository/Final Object Repo/Login Page/External Login Page/Password'

2018-12-06 20:58:40 - [MESSAGE][PASSED] - Text ****** has been set on object 'Object Repository/Final Object Repo/Login Page/External Login Page/Password'

2018-12-06 20:58:40 - [TEST_STEP][PASSED] - click: Object: 'Object Repository/Final Object Repo/Login Page/External Login Page/Login' is clicked on

2018-12-06 20:58:40 - [MESSAGE][PASSED] - Object: 'Object Repository/Final Object Repo/Login Page/External Login Page/Login' is clicked on

2018-12-06 20:58:40 - [TEST_STEP][PASSED] - delay: Delayed 3 second(s)

2018-12-06 20:58:43 - [MESSAGE][PASSED] - Delayed 3 second(s)

2018-12-06 20:58:43 - [TEST_STEP][PASSED] - click: Object: 'Object Repository/Final Object Repo/Creating Employer Account/Page_Terms of Use - ASSIST/button_I Agree' is clicked on

2018-12-06 20:58:44 - [MESSAGE][PASSED] - Object: 'Object Repository/Final Object Repo/Creating Employer Account/Page_Terms of Use - ASSIST/button_I Agree' is clicked on

2018-12-06 20:58:44 - [TEST_STEP][PASSED] - delay: Delayed 2 second(s)

2018-12-06 20:58:46 - [MESSAGE][PASSED] - Delayed 2 second(s)

2018-12-06 20:58:46 - [TEST_STEP][PASSED] - setEncryptedText: Text ****** has been set on object 'Object Repository/Final Object Repo/Creating Employer Account/Page_New Password - ASSIST/input_password1'

2018-12-06 20:58:46 - [MESSAGE][PASSED] - Text ****** has been set on object 'Object Repository/Final Object Repo/Creating Employer Account/Page_New Password - ASSIST/input_password1'

2018-12-06 20:58:46 - [TEST_STEP][PASSED] - setEncryptedText: Text ****** has been set on object 'Object Repository/Final Object Repo/Creating Employer Account/Page_New Password - ASSIST/input_password2'

2018-12-06 20:58:47 - [MESSAGE][PASSED] - Text ****** has been set on object 'Object Repository/Final Object Repo/Creating Employer Account/Page_New Password - ASSIST/input_password2'

2018-12-06 20:58:47 - [TEST_STEP][PASSED] - delay: Delayed 2 second(s)

2018-12-06 20:58:49 - [MESSAGE][PASSED] - Delayed 2 second(s)

2018-12-06 20:58:49 - [TEST_STEP][PASSED] - click: Object: 'Object Repository/Final Object Repo/Creating Employer Account/Page_New Password - ASSIST/Save' is clicked on

2018-12-06 20:58:50 - [MESSAGE][PASSED] - Object: 'Object Repository/Final Object Repo/Creating Employer Account/Page_New Password - ASSIST/Save' is clicked on

2018-12-06 20:58:50 - [TEST_STEP][PASSED] - delay: Delayed 2 second(s)

2018-12-06 20:58:52 - [MESSAGE][PASSED] - Delayed 2 second(s)

2018-12-06 20:58:52 - [TEST_STEP][PASSED] - setText: Text 'test' is set on object 'Object Repository/Final Object Repo/Creating Employer Account/Page_Password Reminder - ASSIST/Reminder Query Answer'

2018-12-06 20:58:52 - [MESSAGE][PASSED] - Text 'test' is set on object 'Object Repository/Final Object Repo/Creating Employer Account/Page_Password Reminder - ASSIST/Reminder Query Answer'

2018-12-06 20:58:52 - [TEST_STEP][PASSED] - delay: Delayed 2 second(s)

2018-12-06 20:58:54 - [MESSAGE][PASSED] - Delayed 2 second(s)

2018-12-06 20:58:54 - [TEST_STEP][PASSED] - doubleClick: Object: 'Object Repository/Final Object Repo/Creating Employer Account/Page_Password Reminder - ASSIST/Save' is double clicked on

2018-12-06 20:58:54 - [MESSAGE][PASSED] - Object: 'Object Repository/Final Object Repo/Creating Employer Account/Page_Password Reminder - ASSIST/Save' is double clicked on

2018-12-06 20:58:54 - [MESSAGE][PASSED] - Call Test Case 'Test Cases/Final Aug 2018 - PKS Automation/Create Employer Acc/Template/Login to Employer Account (First Time)' successfully

2018-12-06 20:58:54 - [MESSAGE][PASSED] - Call Test Case 'Test Cases/Final Aug 2018 - PKS Automation/Create Employer Acc/Create Employer Account' successfully

2018-12-06 20:58:54 - [TEST_STEP][PASSED] - callTestCase: Call Test Case 'Test Cases/Final Aug 2018 - PKS Automation/Registration Module/Log Out/log out avoiding katalon tagging' successfully

2018-12-06 20:58:54 - [TEST_CASE][PASSED] - Test Cases/Final Aug 2018 - PKS Automation/Registration Module/Log Out/log out avoiding katalon tagging: Test Cases/Final Aug 2018 - PKS Automation/Registration Module/Log Out/log out avoiding katalon tagging

2018-12-06 20:58:54 - [TEST_STEP][PASSED] - navigateToUrl: Navigate to 'https://assist2-uat.perkeso.gov.my/c/portal/logout' successfully

2018-12-06 20:58:57 - [MESSAGE][PASSED] - Navigate to 'https://assist2-uat.perkeso.gov.my/c/portal/logout' successfully

2018-12-06 20:58:57 - [MESSAGE][PASSED] - Call Test Case 'Test Cases/Final Aug 2018 - PKS Automation/Registration Module/Log Out/log out avoiding katalon tagging' successfully

2018-12-06 20:58:57 - [TEST_STEP][PASSED] - callTestCase: Call Test Case 'Test Cases/Final Aug 2018 - PKS Automation/Create Employer Acc/Login to Employer Account (Second time)' successfully

2018-12-06 20:58:57 - [TEST_CASE][PASSED] - Test Cases/Final Aug 2018 - PKS Automation/Create Employer Acc/Login to Employer Account (Second time): Test Cases/Final Aug 2018 - PKS Automation/Create Employer Acc/Login to Employer Account (Second time)

2018-12-06 20:58:57 - [TEST_STEP][PASSED] - openBrowser: Browser is opened with url: ''

2018-12-06 20:58:57 - [MESSAGE][WARNING] - A browser is already opened. Closing browser and opening a new one

2018-12-06 20:59:01 - [MESSAGE][PASSED] - Browser is opened with url: ''

2018-12-06 20:59:01 - [TEST_STEP][PASSED] - navigateToUrl: Navigate to 'https://assist2-uat.perkeso.gov.my/employer/login' successfully

2018-12-06 20:59:02 - [MESSAGE][PASSED] - Navigate to 'https://assist2-uat.perkeso.gov.my/employer/login' successfully

2018-12-06 20:59:02 - [TEST_STEP][PASSED] - delay: Delayed 3 second(s)

2018-12-06 20:59:05 - [MESSAGE][PASSED] - Delayed 3 second(s)

2018-12-06 20:59:05 - [TEST_STEP][PASSED] - callTestCase: Call Test Case 'Test Cases/Final Aug 2018 - PKS Automation/Create Employer Acc/Template/Employer Email Getter' successfully

2018-12-06 20:59:05 - [TEST_CASE][PASSED] - Test Cases/Final Aug 2018 - PKS Automation/Create Employer Acc/Template/Employer Email Getter: Test Cases/Final Aug 2018 - PKS Automation/Create Employer Acc/Template/Employer Email Getter

2018-12-06 20:59:05 - [TEST_STEP][PASSED] - Statement - Try: null

2018-12-06 20:59:05 - [TEST_STEP][PASSED] - Statement - EmpEmail = new java.io.File(C://Users//Admin//Desktop//PKS//Automation Reference Point//EmpEmail.txt): null

2018-12-06 20:59:05 - [TEST_STEP][PASSED] - Statement - bufferread = new java.io.BufferedReader(new java.io.FileReader(EmpEmail)): null

2018-12-06 20:59:05 - [TEST_STEP][PASSED] - Statement - readedVal = bufferread.readLine(): null

2018-12-06 20:59:05 - [TEST_STEP][PASSED] - Statement - out.println(readedVal): null

2018-12-06 20:59:05 - [TEST_STEP][PASSED] - Statement - Email = readedVal: null

2018-12-06 20:59:05 - [MESSAGE][PASSED] - Call Test Case 'Test Cases/Final Aug 2018 - PKS Automation/Create Employer Acc/Template/Employer Email Getter' successfully

2018-12-06 20:59:05 - [TEST_STEP][PASSED] - setText: Text 'perkeso738899587609@gmail.com' is set on object 'Object Repository/Final Object Repo/Login Page/External Login Page/Email'

2018-12-06 20:59:06 - [MESSAGE][PASSED] - Text 'perkeso738899587609@gmail.com' is set on object 'Object Repository/Final Object Repo/Login Page/External Login Page/Email'

2018-12-06 20:59:06 - [TEST_STEP][PASSED] - click: Object: 'Object Repository/Final Object Repo/Login Page/External Login Page/Next' is clicked on

2018-12-06 20:59:06 - [MESSAGE][PASSED] - Object: 'Object Repository/Final Object Repo/Login Page/External Login Page/Next' is clicked on

2018-12-06 20:59:06 - [TEST_STEP][PASSED] - delay: Delayed 3 second(s)

2018-12-06 20:59:09 - [MESSAGE][PASSED] - Delayed 3 second(s)

2018-12-06 20:59:09 - [TEST_STEP][PASSED] - setEncryptedText: Text ****** has been set on object 'Object Repository/Final Object Repo/Login Page/External Login Page/Password'

2018-12-06 20:59:09 - [MESSAGE][PASSED] - Text ****** has been set on object 'Object Repository/Final Object Repo/Login Page/External Login Page/Password'

2018-12-06 20:59:09 - [TEST_STEP][PASSED] - click: Object: 'Object Repository/Final Object Repo/Login Page/External Login Page/Login' is clicked on

2018-12-06 20:59:09 - [MESSAGE][PASSED] - Object: 'Object Repository/Final Object Repo/Login Page/External Login Page/Login' is clicked on

2018-12-06 20:59:09 - [TEST_STEP][PASSED] - delay: Delayed 5 second(s)

2018-12-06 20:59:14 - [MESSAGE][PASSED] - Delayed 5 second(s)

2018-12-06 20:59:14 - [MESSAGE][PASSED] - Call Test Case 'Test Cases/Final Aug 2018 - PKS Automation/Create Employer Acc/Login to Employer Account (Second time)' successfully

2018-12-06 20:59:14 - [TEST_STEP][PASSED] - delay: Delayed 4 second(s)

2018-12-06 20:59:18 - [MESSAGE][PASSED] - Delayed 4 second(s)

2018-12-06 20:59:18 - [TEST_STEP][PASSED] - Statement - Try: Delayed 2 second(s)

2018-12-06 20:59:18 - [TEST_STEP][PASSED] - Statement - Checker = false: null

2018-12-06 20:59:18 - [TEST_STEP][PASSED] - Statement - Checker = com.kms.katalon.core.webui.keyword.WebUiBuiltInKeywords.verifyElementHasAttribute(com.kms.katalon.core.testobject.ObjectRepository.findTestObject(Final Object Repo/Landing Page/BM Detecting), "href", 20, OPTIONAL): Object 'Object Repository/Final Object Repo/Landing Page/BM Detecting' has attribute 'href'

2018-12-06 20:59:18 - [MESSAGE][PASSED] - Object 'Object Repository/Final Object Repo/Landing Page/BM Detecting' has attribute 'href'

2018-12-06 20:59:18 - [TEST_STEP][PASSED] - Statement - out.println(Checker): null

2018-12-06 20:59:18 - [TEST_STEP][PASSED] - Statement - If (Checker == false): null

2018-12-06 20:59:18 - [TEST_STEP][PASSED] - Statement - Else: null

2018-12-06 20:59:18 - [TEST_STEP][PASSED] - delay: Delayed 2 second(s)

2018-12-06 20:59:20 - [MESSAGE][PASSED] - Delayed 2 second(s)

2018-12-06 20:59:20 - [TEST_STEP][PASSED] - delay: Delayed 4 second(s)

2018-12-06 20:59:24 - [MESSAGE][PASSED] - Delayed 4 second(s)

2018-12-06 20:59:24 - [TEST_STEP][PASSED] - click: Object: 'Object Repository/Final Object Repo/Landing Page/My Sites Drop Down' is clicked on

2018-12-06 20:59:24 - [MESSAGE][PASSED] - Object: 'Object Repository/Final Object Repo/Landing Page/My Sites Drop Down' is clicked on

2018-12-06 20:59:24 - [TEST_STEP][PASSED] - click: Object: 'Object Repository/Final Object Repo/Landing Page/Select to Registration Module' is clicked on

2018-12-06 20:59:27 - [MESSAGE][PASSED] - Object: 'Object Repository/Final Object Repo/Landing Page/Select to Registration Module' is clicked on

2018-12-06 20:59:27 - [TEST_STEP][PASSED] - click: Object: 'Object Repository/Final Object Repo/Landing Page/Registration Button' is clicked on

2018-12-06 20:59:29 - [MESSAGE][PASSED] - Object: 'Object Repository/Final Object Repo/Landing Page/Registration Button' is clicked on

2018-12-06 20:59:29 - [TEST_STEP][PASSED] - delay: Delayed 2 second(s)

2018-12-06 20:59:31 - [MESSAGE][PASSED] - Delayed 2 second(s)

2018-12-06 20:59:31 - [TEST_STEP][PASSED] - click: Object: 'Object Repository/Final Object Repo/New Registration - Registration Module Pages/New Reg - OTC to RO/Special Case - OTC - Form 1/AEC NO' is clicked on

2018-12-06 20:59:31 - [MESSAGE][PASSED] - Object: 'Object Repository/Final Object Repo/New Registration - Registration Module Pages/New Reg - OTC to RO/Special Case - OTC - Form 1/AEC NO' is clicked on

2018-12-06 20:59:31 - [TEST_STEP][PASSED] - click: Object: 'Object Repository/Final Object Repo/New Registration - Registration Module Pages/New Reg - OTC to RO/Special Case - OTC - Form 1/Business Entity - Please Select' is clicked on

2018-12-06 20:59:31 - [MESSAGE][PASSED] - Object: 'Object Repository/Final Object Repo/New Registration - Registration Module Pages/New Reg - OTC to RO/Special Case - OTC - Form 1/Business Entity - Please Select' is clicked on

2018-12-06 20:59:31 - [TEST_STEP][PASSED] - click: Object: 'Object Repository/Final Object Repo/New Registration - Registration Module Pages/New Reg - OTC to RO/Special Case - OTC - Form 1/Selected - Corporation' is clicked on

2018-12-06 20:59:31 - [MESSAGE][PASSED] - Object: 'Object Repository/Final Object Repo/New Registration - Registration Module Pages/New Reg - OTC to RO/Special Case - OTC - Form 1/Selected - Corporation' is clicked on

2018-12-06 20:59:31 - [TEST_STEP][PASSED] - delay: Delayed 2 second(s)

2018-12-06 20:59:33 - [MESSAGE][PASSED] - Delayed 2 second(s)

2018-12-06 20:59:33 - [TEST_STEP][PASSED] - click: Object: 'Object Repository/Final Object Repo/New Registration - Registration Module Pages/New Reg - OTC to RO/Special Case - OTC - Form 1/Sub Business Entity - Please Select' is clicked on

2018-12-06 20:59:33 - [MESSAGE][PASSED] - Object: 'Object Repository/Final Object Repo/New Registration - Registration Module Pages/New Reg - OTC to RO/Special Case - OTC - Form 1/Sub Business Entity - Please Select' is clicked on

2018-12-06 20:59:33 - [TEST_STEP][PASSED] - delay: Delayed 2 second(s)

2018-12-06 20:59:35 - [MESSAGE][PASSED] - Delayed 2 second(s)

2018-12-06 20:59:35 - [TEST_STEP][PASSED] - click: Object: 'Object Repository/Final Object Repo/New Registration - Registration Module Pages/New Reg - OTC to RO/Special Case - OTC - Form 1/Selected - Sendirian Berhad' is clicked on

2018-12-06 20:59:36 - [MESSAGE][PASSED] - Object: 'Object Repository/Final Object Repo/New Registration - Registration Module Pages/New Reg - OTC to RO/Special Case - OTC - Form 1/Selected - Sendirian Berhad' is clicked on

2018-12-06 20:59:36 - [TEST_STEP][PASSED] - setText: Text 'AUTOMATE001' is set on object 'Object Repository/Final Object Repo/New Registration - Registration Module Pages/New Reg - OTC to RO/Special Case - OTC - Form 1/Input BRN Number'

2018-12-06 20:59:36 - [MESSAGE][PASSED] - Text 'AUTOMATE001' is set on object 'Object Repository/Final Object Repo/New Registration - Registration Module Pages/New Reg - OTC to RO/Special Case - OTC - Form 1/Input BRN Number'

2018-12-06 20:59:36 - [TEST_STEP][PASSED] - delay: Delayed 2 second(s)

2018-12-06 20:59:38 - [MESSAGE][PASSED] - Delayed 2 second(s)

2018-12-06 20:59:38 - [TEST_STEP][PASSED] - click: Object: 'Object Repository/Final Object Repo/New Registration - Registration Module Pages/New Reg - OTC to RO/Special Case - OTC - Form 1/BRN Search' is clicked on

2018-12-06 20:59:38 - [MESSAGE][PASSED] - Object: 'Object Repository/Final Object Repo/New Registration - Registration Module Pages/New Reg - OTC to RO/Special Case - OTC - Form 1/BRN Search' is clicked on

2018-12-06 20:59:38 - [TEST_STEP][PASSED] - delay: Delayed 4 second(s)

2018-12-06 20:59:42 - [MESSAGE][PASSED] - Delayed 4 second(s)

2018-12-06 20:59:42 - [TEST_STEP][PASSED] - click: Object: 'Object Repository/Final Object Repo/New Registration - Registration Module Pages/New Reg - OTC to RO/Special Case - OTC - Form 1/Registered with SSM - After Feb 2017' is clicked on

2018-12-06 20:59:42 - [MESSAGE][PASSED] - Object: 'Object Repository/Final Object Repo/New Registration - Registration Module Pages/New Reg - OTC to RO/Special Case - OTC - Form 1/Registered with SSM - After Feb 2017' is clicked on

2018-12-06 20:59:42 - [TEST_STEP][PASSED] - delay: Delayed 2 second(s)

2018-12-06 20:59:44 - [MESSAGE][PASSED] - Delayed 2 second(s)

2018-12-06 20:59:44 - [TEST_STEP][PASSED] - click: Object: 'Object Repository/Final Object Repo/New Registration - Registration Module Pages/Form 1/Registered As a Branch - Yes' is clicked on

2018-12-06 20:59:45 - [MESSAGE][PASSED] - Object: 'Object Repository/Final Object Repo/New Registration - Registration Module Pages/Form 1/Registered As a Branch - Yes' is clicked on

2018-12-06 20:59:45 - [TEST_STEP][PASSED] - click: Object: 'Object Repository/Final Object Repo/New Registration - Registration Module Pages/New Reg - OTC to RO/Special Case - OTC - Form 1/Acknowledgement Ticked' is clicked on

2018-12-06 20:59:45 - [MESSAGE][PASSED] - Object: 'Object Repository/Final Object Repo/New Registration - Registration Module Pages/New Reg - OTC to RO/Special Case - OTC - Form 1/Acknowledgement Ticked' is clicked on

2018-12-06 20:59:45 - [TEST_STEP][PASSED] - setText: Text 'perkeso738899587609@gmail.com' is set on object 'Object Repository/Final Object Repo/New Registration - Registration Module Pages/Form 1/Email'

2018-12-06 20:59:46 - [MESSAGE][PASSED] - Text 'perkeso738899587609@gmail.com' is set on object 'Object Repository/Final Object Repo/New Registration - Registration Module Pages/Form 1/Email'

2018-12-06 20:59:46 - [TEST_STEP][PASSED] - click: Object: 'Object Repository/Final Object Repo/New Registration - Registration Module Pages/New Reg - OTC to RO/Special Case - OTC - Form 1/Submit Button' is clicked on

2018-12-06 20:59:46 - [MESSAGE][PASSED] - Object: 'Object Repository/Final Object Repo/New Registration - Registration Module Pages/New Reg - OTC to RO/Special Case - OTC - Form 1/Submit Button' is clicked on

2018-12-06 20:59:46 - [TEST_STEP][PASSED] - callTestCase: Call Test Case 'Test Cases/Final Aug 2018 - PKS Automation/Registration Module/New Registration/Form 2/Add 1 Eligible - Employer Account Use' successfully

2018-12-06 20:59:46 - [TEST_CASE][PASSED] - Test Cases/Final Aug 2018 - PKS Automation/Registration Module/New Registration/Form 2/Add 1 Eligible - Employer Account Use: Test Cases/Final Aug 2018 - PKS Automation/Registration Module/New Registration/Form 2/Add 1 Eligible - Employer Account Use

2018-12-06 20:59:46 - [TEST_STEP][PASSED] - delay: Delayed 2 second(s)

2018-12-06 20:59:48 - [MESSAGE][PASSED] - Delayed 2 second(s)

2018-12-06 20:59:48 - [TEST_STEP][PASSED] - callTestCase: Call Test Case 'Test Cases/Final Aug 2018 - PKS Automation/Registration Module/New Registration/Form 2/Date Updater' successfully

2018-12-06 20:59:48 - [TEST_CASE][PASSED] - Test Cases/Final Aug 2018 - PKS Automation/Registration Module/New Registration/Form 2/Date Updater: Test Cases/Final Aug 2018 - PKS Automation/Registration Module/New Registration/Form 2/Date Updater

2018-12-06 20:59:48 - [TEST_STEP][PASSED] - Statement - TodayDate = new java.util.Date(): null

2018-12-06 20:59:48 - [TEST_STEP][PASSED] - Statement - CurrentDateNoFilter = new java.text.SimpleDateFormat(): null

2018-12-06 20:59:48 - [TEST_STEP][PASSED] - Statement - CurrentDateNoFilter.applyPattern("MM"): null

2018-12-06 20:59:48 - [TEST_STEP][PASSED] - Statement - monthContainerMatcher = java.lang.Integer.parseInt(CurrentDateNoFilter.format(TodayDate)): null

2018-12-06 20:59:48 - [TEST_STEP][PASSED] - Statement - monthContainerMatcher = monthContainerMatcher - 1: null

2018-12-06 20:59:48 - [TEST_STEP][PASSED] - Statement - CurrentMonth = monthContainerMatcher.toString(): null

2018-12-06 20:59:48 - [TEST_STEP][PASSED] - Statement - CurrentMonth = CurrentMonth: null

2018-12-06 20:59:48 - [TEST_STEP][PASSED] - Statement - CurrentDateNoFilter.applyPattern("yyyy"): null

2018-12-06 20:59:48 - [TEST_STEP][PASSED] - Statement - CurrentYear = CurrentDateNoFilter.format(TodayDate): null

2018-12-06 20:59:48 - [TEST_STEP][PASSED] - Statement - CurrentYear = CurrentYear: null

2018-12-06 20:59:48 - [TEST_STEP][PASSED] - Statement - intCurrentYear = java.lang.Integer.parseInt(CurrentDateNoFilter.format(TodayDate)): null

2018-12-06 20:59:48 - [TEST_STEP][PASSED] - Statement - eighteenYrsAgo = intCurrentYear - 18: null

2018-12-06 20:59:48 - [TEST_STEP][PASSED] - Statement - eighteenYrsBeforeThisYr = eighteenYrsAgo.toString(): null

2018-12-06 20:59:48 - [TEST_STEP][PASSED] - Statement - EighteenYrsBefore = eighteenYrsBeforeThisYr: null

2018-12-06 20:59:48 - [TEST_STEP][PASSED] - Statement - fiftysevenYrsAgo = intCurrentYear - 57: null

2018-12-06 20:59:48 - [TEST_STEP][PASSED] - Statement - fiftysevenYrsBeforeThisYr = fiftysevenYrsAgo.toString(): null

2018-12-06 20:59:48 - [TEST_STEP][PASSED] - Statement - FiftysevenYrsBefore = fiftysevenYrsBeforeThisYr: null

2018-12-06 20:59:48 - [TEST_STEP][PASSED] - Statement - leapYear = false: null

2018-12-06 20:59:48 - [TEST_STEP][PASSED] - Statement - leapYear = intCurrentYear % 4 == 0: null

2018-12-06 20:59:48 - [TEST_STEP][PASSED] - Statement - CurrentDateNoFilter.applyPattern("dd"): null

2018-12-06 20:59:48 - [TEST_STEP][PASSED] - Statement - CurrentDate = CurrentDateNoFilter.format(TodayDate): null

2018-12-06 20:59:48 - [TEST_STEP][PASSED] - Statement - CurrentDate = java.lang.Integer.parseInt(CurrentDate): null

2018-12-06 20:59:48 - [TEST_STEP][PASSED] - Statement - CurrentDate = CurrentDate: null

2018-12-06 20:59:48 - [TEST_STEP][PASSED] - Statement - CurrentDay = java.lang.Integer.parseInt(CurrentDate): null

2018-12-06 20:59:48 - [TEST_STEP][PASSED] - Statement - ConfAdder = <not implemented yet for class: org.codehaus.groovy.ast.expr.EmptyExpression>: null

2018-12-06 20:59:48 - [TEST_STEP][PASSED] - Statement - out.println(CurrentMonth): null

2018-12-06 20:59:48 - [TEST_STEP][PASSED] - Statement - out.println(CurrentDate): null

2018-12-06 20:59:48 - [TEST_STEP][PASSED] - Statement - switch (CurrentDate): null

2018-12-06 20:59:48 - [TEST_STEP][PASSED] - Statement - Default: null

2018-12-06 20:59:48 - [TEST_STEP][PASSED] - Statement - ConfAdder = true: null

2018-12-06 20:59:48 - [TEST_STEP][PASSED] - Statement - Break: null

2018-12-06 20:59:48 - [TEST_STEP][PASSED] - Statement - aDayBefore = <not implemented yet for class: org.codehaus.groovy.ast.expr.EmptyExpression>: null

2018-12-06 20:59:48 - [TEST_STEP][PASSED] - Statement - out.println(ConfAdder): null

2018-12-06 20:59:48 - [TEST_STEP][PASSED] - Statement - If (ConfAdder == true): null

2018-12-06 20:59:48 - [TEST_STEP][PASSED] - Statement - aDayBefore = CurrentDay + 1: null

2018-12-06 20:59:48 - [TEST_STEP][PASSED] - Statement - out.println(aDayBefore): null

2018-12-06 20:59:48 - [TEST_STEP][PASSED] - Statement - If (aDayBefore == 1 && CurrentMonth == 11): null

2018-12-06 20:59:48 - [TEST_STEP][PASSED] - Statement - DayBefore = aDayBefore.toString(): null

2018-12-06 20:59:48 - [TEST_STEP][PASSED] - Statement - OneDayBefore = DayBefore: null

2018-12-06 20:59:48 - [MESSAGE][PASSED] - Call Test Case 'Test Cases/Final Aug 2018 - PKS Automation/Registration Module/New Registration/Form 2/Date Updater' successfully

2018-12-06 20:59:48 - [TEST_STEP][PASSED] - delay: Delayed 1 second(s)

2018-12-06 20:59:49 - [MESSAGE][PASSED] - Delayed 1 second(s)

2018-12-06 20:59:49 - [TEST_STEP][PASSED] - Statement - CaseReferenceNo = com.kms.katalon.core.webui.keyword.WebUiBuiltInKeywords.getText(com.kms.katalon.core.testobject.ObjectRepository.findTestObject(Final Object Repo/New Registration - Registration Module Pages/Form 2/RefNo Acquiring)): Text of object 'Object Repository/Final Object Repo/New Registration - Registration Module Pages/Form 2/RefNo Acquiring' is: 'CRN12201800123061'

2018-12-06 20:59:49 - [MESSAGE][PASSED] - Text of object 'Object Repository/Final Object Repo/New Registration - Registration Module Pages/Form 2/RefNo Acquiring' is: 'CRN12201800123061'

2018-12-06 20:59:49 - [TEST_STEP][PASSED] - delay: Delayed 1 second(s)

2018-12-06 20:59:50 - [MESSAGE][PASSED] - Delayed 1 second(s)

2018-12-06 20:59:50 - [TEST_STEP][PASSED] - click: Object: 'Object Repository/Final Object Repo/New Registration - Registration Module Pages/Form 2/Add Employee Button' is clicked on

2018-12-06 20:59:50 - [MESSAGE][PASSED] - Object: 'Object Repository/Final Object Repo/New Registration - Registration Module Pages/Form 2/Add Employee Button' is clicked on

2018-12-06 20:59:50 - [TEST_STEP][PASSED] - delay: Delayed 1 second(s)

2018-12-06 20:59:51 - [MESSAGE][PASSED] - Delayed 1 second(s)

2018-12-06 20:59:51 - [TEST_STEP][PASSED] - setText: Text '010903091948' is set on object 'Object Repository/Final Object Repo/New Registration - Registration Module Pages/Form 2/NRIC Input'

2018-12-06 20:59:51 - [MESSAGE][PASSED] - Text '010903091948' is set on object 'Object Repository/Final Object Repo/New Registration - Registration Module Pages/Form 2/NRIC Input'

2018-12-06 20:59:51 - [TEST_STEP][PASSED] - delay: Delayed 2 second(s)

2018-12-06 20:59:53 - [MESSAGE][PASSED] - Delayed 2 second(s)

2018-12-06 20:59:53 - [TEST_STEP][PASSED] - setText: Text 'Automate001 eligible 1' is set on object 'Object Repository/Final Object Repo/New Registration - Registration Module Pages/Form 2/Employee Name Input'

2018-12-06 20:59:54 - [MESSAGE][PASSED] - Text 'Automate001 eligible 1' is set on object 'Object Repository/Final Object Repo/New Registration - Registration Module Pages/Form 2/Employee Name Input'

2018-12-06 20:59:54 - [TEST_STEP][PASSED] - delay: Delayed 2 second(s)

2018-12-06 20:59:56 - [MESSAGE][PASSED] - Delayed 2 second(s)

2018-12-06 20:59:56 - [TEST_STEP][PASSED] - click: Object: 'Object Repository/Final Object Repo/New Registration - Registration Module Pages/Form 2/DatePicker Pop Up' is clicked on

2018-12-06 20:59:56 - [MESSAGE][PASSED] - Object: 'Object Repository/Final Object Repo/New Registration - Registration Module Pages/Form 2/DatePicker Pop Up' is clicked on

2018-12-06 20:59:56 - [TEST_STEP][PASSED] - click: Object: 'Object Repository/Final Object Repo/New Registration - Registration Module Pages/Form 2/DOB Month' is clicked on

2018-12-06 20:59:56 - [MESSAGE][PASSED] - Object: 'Object Repository/Final Object Repo/New Registration - Registration Module Pages/Form 2/DOB Month' is clicked on

2018-12-06 20:59:56 - [TEST_STEP][PASSED] - Statement - CurrentMonth = CurrentMonth: null

2018-12-06 20:59:56 - [TEST_STEP][PASSED] - Statement - selectMonth = new com.kms.katalon.core.testobject.TestObject(): null

2018-12-06 20:59:56 - [TEST_STEP][PASSED] - Statement - selectMonth.addProperty("xpath", EQUALS, "//body/div/div/div/select/option[@value='" + CurrentMonth + "']", true): null

2018-12-06 20:59:56 - [TEST_STEP][PASSED] - click: Object: '' is clicked on

2018-12-06 20:59:56 - [MESSAGE][PASSED] - Object: '' is clicked on

2018-12-06 20:59:56 - [TEST_STEP][PASSED] - click: Object: 'Object Repository/Final Object Repo/New Registration - Registration Module Pages/Form 2/DOB Year' is clicked on

2018-12-06 20:59:57 - [MESSAGE][PASSED] - Object: 'Object Repository/Final Object Repo/New Registration - Registration Module Pages/Form 2/DOB Year' is clicked on

2018-12-06 20:59:57 - [TEST_STEP][PASSED] - Statement - Eyearsbf = EighteenYrsBefore: null

2018-12-06 20:59:57 - [TEST_STEP][PASSED] - Statement - selectYear = new com.kms.katalon.core.testobject.TestObject(): null

2018-12-06 20:59:57 - [TEST_STEP][PASSED] - Statement - selectYear.addProperty("xpath", EQUALS, "//div/div/div/select/option[@value='" + Eyearsbf + "']", true): null

2018-12-06 20:59:57 - [TEST_STEP][PASSED] - click: Object: '' is clicked on

2018-12-06 20:59:57 - [MESSAGE][PASSED] - Object: '' is clicked on

2018-12-06 20:59:57 - [TEST_STEP][PASSED] - Statement - UpdatedSelectDate = com.kms.katalon.core.webui.keyword.WebUiBuiltInKeywords.modifyObjectProperty(com.kms.katalon.core.testobject.ObjectRepository.findTestObject(Final Object Repo/New Registration - Registration Module Pages/Form 2/DOB Date), "xpath", "equals", "//body/div/table/tbody/tr/td/a[text()="" + CurrentDate + ""]", true): Modify property of object successfully

2018-12-06 20:59:57 - [MESSAGE][PASSED] - Modify property of object successfully

2018-12-06 20:59:57 - [TEST_STEP][PASSED] - delay: Delayed 3 second(s)

2018-12-06 21:00:00 - [MESSAGE][PASSED] - Delayed 3 second(s)

2018-12-06 21:00:00 - [TEST_STEP][PASSED] - click: Object: 'Object Repository/Final Object Repo/New Registration - Registration Module Pages/Form 2/DOB Date' is clicked on

2018-12-06 21:00:00 - [MESSAGE][PASSED] - Object: 'Object Repository/Final Object Repo/New Registration - Registration Module Pages/Form 2/DOB Date' is clicked on

2018-12-06 21:00:00 - [TEST_STEP][PASSED] - delay: Delayed 2 second(s)

2018-12-06 21:00:02 - [MESSAGE][PASSED] - Delayed 2 second(s)

2018-12-06 21:00:02 - [TEST_STEP][PASSED] - click: Object: 'Object Repository/Final Object Repo/New Registration - Registration Module Pages/Form 2/EmploymentStartDate Pop Up' is clicked on

2018-12-06 21:00:02 - [MESSAGE][PASSED] - Object: 'Object Repository/Final Object Repo/New Registration - Registration Module Pages/Form 2/EmploymentStartDate Pop Up' is clicked on

2018-12-06 21:00:02 - [TEST_STEP][PASSED] - delay: Delayed 2 second(s)

2018-12-06 21:00:04 - [MESSAGE][PASSED] - Delayed 2 second(s)

2018-12-06 21:00:04 - [TEST_STEP][PASSED] - click: Object: 'Object Repository/Final Object Repo/New Registration - Registration Module Pages/Form 2/Socso Employment StartDate Month' is clicked on

2018-12-06 21:00:04 - [MESSAGE][PASSED] - Object: 'Object Repository/Final Object Repo/New Registration - Registration Module Pages/Form 2/Socso Employment StartDate Month' is clicked on

2018-12-06 21:00:04 - [TEST_STEP][PASSED] - delay: Delayed 1 second(s)

2018-12-06 21:00:05 - [MESSAGE][PASSED] - Delayed 1 second(s)

2018-12-06 21:00:05 - [TEST_STEP][PASSED] - click: Object: 'Object Repository/Final Object Repo/New Registration - Registration Module Pages/Form 2/Select Socso Employement Startdate Month' is clicked on

2018-12-06 21:00:05 - [MESSAGE][PASSED] - Object: 'Object Repository/Final Object Repo/New Registration - Registration Module Pages/Form 2/Select Socso Employement Startdate Month' is clicked on

2018-12-06 21:00:05 - [TEST_STEP][PASSED] - delay: Delayed 2 second(s)

2018-12-06 21:00:07 - [MESSAGE][PASSED] - Delayed 2 second(s)

2018-12-06 21:00:07 - [TEST_STEP][PASSED] - click: Object: 'Object Repository/Final Object Repo/New Registration - Registration Module Pages/Form 2/Socso Employment StartDate Year' is clicked on

2018-12-06 21:00:08 - [MESSAGE][PASSED] - Object: 'Object Repository/Final Object Repo/New Registration - Registration Module Pages/Form 2/Socso Employment StartDate Year' is clicked on

2018-12-06 21:00:08 - [TEST_STEP][PASSED] - delay: Delayed 1 second(s)

2018-12-06 21:00:09 - [MESSAGE][PASSED] - Delayed 1 second(s)

2018-12-06 21:00:09 - [TEST_STEP][PASSED] - click: Object: 'Object Repository/Final Object Repo/New Registration - Registration Module Pages/Form 2/Select Socso Employment Startdate Year' is clicked on

2018-12-06 21:00:09 - [MESSAGE][PASSED] - Object: 'Object Repository/Final Object Repo/New Registration - Registration Module Pages/Form 2/Select Socso Employment Startdate Year' is clicked on

2018-12-06 21:00:09 - [TEST_STEP][PASSED] - delay: Delayed 2 second(s)

2018-12-06 21:00:11 - [MESSAGE][PASSED] - Delayed 2 second(s)

2018-12-06 21:00:11 - [TEST_STEP][PASSED] - click: Object: 'Object Repository/Final Object Repo/New Registration - Registration Module Pages/Form 2/Socso Employment Start Date Day' is clicked on

2018-12-06 21:00:11 - [MESSAGE][PASSED] - Object: 'Object Repository/Final Object Repo/New Registration - Registration Module Pages/Form 2/Socso Employment Start Date Day' is clicked on

2018-12-06 21:00:11 - [TEST_STEP][PASSED] - delay: Delayed 2 second(s)

2018-12-06 21:00:13 - [MESSAGE][PASSED] - Delayed 2 second(s)

2018-12-06 21:00:13 - [TEST_STEP][PASSED] - click: Object: 'Object Repository/Final Object Repo/New Registration - Registration Module Pages/Form 2/Save Button for Add Employee' is clicked on

2018-12-06 21:00:13 - [MESSAGE][PASSED] - Object: 'Object Repository/Final Object Repo/New Registration - Registration Module Pages/Form 2/Save Button for Add Employee' is clicked on

2018-12-06 21:00:13 - [TEST_STEP][PASSED] - delay: Delayed 6 second(s)

2018-12-06 21:00:19 - [MESSAGE][PASSED] - Delayed 6 second(s)

2018-12-06 21:00:19 - [TEST_STEP][PASSED] - click: Object: 'Object Repository/Final Object Repo/New Registration - Registration Module Pages/Form 2/Save and Continue Form 2' is clicked on

2018-12-06 21:00:19 - [MESSAGE][PASSED] - Object: 'Object Repository/Final Object Repo/New Registration - Registration Module Pages/Form 2/Save and Continue Form 2' is clicked on

2018-12-06 21:00:19 - [MESSAGE][PASSED] - Call Test Case 'Test Cases/Final Aug 2018 - PKS Automation/Registration Module/New Registration/Form 2/Add 1 Eligible - Employer Account Use' successfully

2018-12-06 21:00:19 - [TEST_STEP][PASSED] - callTestCase: Call Test Case 'Test Cases/Final Aug 2018 - PKS Automation/Registration Module/New Registration/Flow of New Registration/Third Screen - Upload Supporting Doc - Preview' successfully

2018-12-06 21:00:19 - [TEST_CASE][PASSED] - Test Cases/Final Aug 2018 - PKS Automation/Registration Module/New Registration/Flow of New Registration/Third Screen - Upload Supporting Doc - Preview: Test Cases/Final Aug 2018 - PKS Automation/Registration Module/New Registration/Flow of New Registration/Third Screen - Upload Supporting Doc - Preview

2018-12-06 21:00:19 - [TEST_STEP][PASSED] - waitForPageLoad: Wait for page load successfully

2018-12-06 21:00:20 - [MESSAGE][PASSED] - Wait for page load successfully

2018-12-06 21:00:20 - [TEST_STEP][PASSED] - Statement - CaseReferenceNo = com.kms.katalon.core.webui.keyword.WebUiBuiltInKeywords.getText(com.kms.katalon.core.testobject.ObjectRepository.findTestObject(Final Object Repo/New Registration - Registration Module Pages/Third Screen - Upload Supporting Doc- Preview/RefNo Acquiring)): Text of object 'Object Repository/Final Object Repo/New Registration - Registration Module Pages/Third Screen - Upload Supporting Doc- Preview/RefNo Acquiring' is: 'CRN12201800123061'

2018-12-06 21:00:20 - [MESSAGE][PASSED] - Text of object 'Object Repository/Final Object Repo/New Registration - Registration Module Pages/Third Screen - Upload Supporting Doc- Preview/RefNo Acquiring' is: 'CRN12201800123061'

2018-12-06 21:00:20 - [TEST_STEP][PASSED] - delay: Delayed 2 second(s)

2018-12-06 21:00:22 - [MESSAGE][PASSED] - Delayed 2 second(s)

2018-12-06 21:00:22 - [TEST_STEP][PASSED] - callTestCase: Call Test Case 'Test Cases/Final Aug 2018 - PKS Automation/Common/Reference Number Setter' successfully

2018-12-06 21:00:22 - [TEST_CASE][PASSED] - Test Cases/Final Aug 2018 - PKS Automation/Common/Reference Number Setter: Test Cases/Final Aug 2018 - PKS Automation/Common/Reference Number Setter

2018-12-06 21:00:22 - [TEST_STEP][PASSED] - Statement - RefNoOldFile = new java.io.File(C://Users//Admin//Desktop//PKS//Automation Reference Point//KatalonReference.txt): null

2018-12-06 21:00:22 - [TEST_STEP][PASSED] - Statement - RefNoOldFile.delete(): null

2018-12-06 21:00:22 - [TEST_STEP][PASSED] - delay: Delayed 5 second(s)

2018-12-06 21:00:27 - [MESSAGE][PASSED] - Delayed 5 second(s)

2018-12-06 21:00:27 - [TEST_STEP][PASSED] - Statement - RefNo = new java.io.File(C://Users//Admin//Desktop//PKS//Automation Reference Point//KatalonReference.txt): null

2018-12-06 21:00:27 - [TEST_STEP][PASSED] - Statement - f2 = new java.io.FileWriter(RefNo, false): null

2018-12-06 21:00:27 - [TEST_STEP][PASSED] - Statement - f2.write(CaseReferenceNo): null

2018-12-06 21:00:27 - [TEST_STEP][PASSED] - Statement - f2.close(): null

2018-12-06 21:00:27 - [TEST_STEP][PASSED] - Statement - out.println("


" + CaseReferenceNo + "


"): null

2018-12-06 21:00:27 - [MESSAGE][PASSED] - Call Test Case 'Test Cases/Final Aug 2018 - PKS Automation/Common/Reference Number Setter' successfully

2018-12-06 21:00:27 - [TEST_STEP][PASSED] - waitForElementClickable: Object 'Object Repository/Final Object Repo/New Registration - Registration Module Pages/Third Screen - Upload Supporting Doc- Preview/Save n Continue in SIP Employee Listing Page' is clickable

2018-12-06 21:00:27 - [MESSAGE][PASSED] - Object 'Object Repository/Final Object Repo/New Registration - Registration Module Pages/Third Screen - Upload Supporting Doc- Preview/Save n Continue in SIP Employee Listing Page' is clickable

2018-12-06 21:00:27 - [TEST_STEP][PASSED] - click: Object: 'Object Repository/Final Object Repo/New Registration - Registration Module Pages/Third Screen - Upload Supporting Doc- Preview/Save n Continue in SIP Employee Listing Page' is clicked on

2018-12-06 21:00:33 - [MESSAGE][PASSED] - Object: 'Object Repository/Final Object Repo/New Registration - Registration Module Pages/Third Screen - Upload Supporting Doc- Preview/Save n Continue in SIP Employee Listing Page' is clicked on

2018-12-06 21:00:33 - [TEST_STEP][PASSED] - delay: Delayed 7 second(s)

2018-12-06 21:00:40 - [MESSAGE][PASSED] - Delayed 7 second(s)

2018-12-06 21:00:40 - [TEST_STEP][PASSED] - click: Object: 'Object Repository/Final Object Repo/New Registration - Registration Module Pages/Third Screen - Upload Supporting Doc- Preview/Add Document Button' is clicked on

2018-12-06 21:00:40 - [MESSAGE][PASSED] - Object: 'Object Repository/Final Object Repo/New Registration - Registration Module Pages/Third Screen - Upload Supporting Doc- Preview/Add Document Button' is clicked on

2018-12-06 21:00:40 - [TEST_STEP][PASSED] - delay: Delayed 30 second(s)

2018-12-06 21:01:10 - [MESSAGE][PASSED] - Delayed 30 second(s)

2018-12-06 21:01:10 - [TEST_STEP][PASSED] - click: Object: 'Object Repository/Final Object Repo/New Registration - Registration Module Pages/Third Screen - Upload Supporting Doc- Preview/Supporting Doc Please Select Drop Down' is clicked on

2018-12-06 21:01:10 - [MESSAGE][PASSED] - Object: 'Object Repository/Final Object Repo/New Registration - Registration Module Pages/Third Screen - Upload Supporting Doc- Preview/Supporting Doc Please Select Drop Down' is clicked on

2018-12-06 21:01:10 - [TEST_STEP][PASSED] - delay: Delayed 2 second(s)

2018-12-06 21:01:12 - [MESSAGE][PASSED] - Delayed 2 second(s)

2018-12-06 21:01:12 - [TEST_STEP][PASSED] - click: Object: 'Object Repository/Final Object Repo/New Registration - Registration Module Pages/Third Screen - Upload Supporting Doc- Preview/Select to Upload Form 1' is clicked on

2018-12-06 21:01:13 - [MESSAGE][PASSED] - Object: 'Object Repository/Final Object Repo/New Registration - Registration Module Pages/Third Screen - Upload Supporting Doc- Preview/Select to Upload Form 1' is clicked on

2018-12-06 21:01:13 - [TEST_STEP][PASSED] - delay: Delayed 2 second(s)

2018-12-06 21:01:15 - [MESSAGE][PASSED] - Delayed 2 second(s)

2018-12-06 21:01:15 - [TEST_STEP][PASSED] - uploadFile: File 'C:\Users\Public\Pictures\Sample Pictures\Koala.jpg' sent to object: 'Object Repository/Final Object Repo/New Registration - Registration Module Pages/Third Screen - Upload Supporting Doc- Preview/Upload File Adding'

2018-12-06 21:01:15 - [MESSAGE][PASSED] - File 'C:\Users\Public\Pictures\Sample Pictures\Koala.jpg' sent to object: 'Object Repository/Final Object Repo/New Registration - Registration Module Pages/Third Screen - Upload Supporting Doc- Preview/Upload File Adding'

2018-12-06 21:01:15 - [TEST_STEP][PASSED] - delay: Delayed 5 second(s)

2018-12-06 21:01:20 - [MESSAGE][PASSED] - Delayed 5 second(s)

2018-12-06 21:01:20 - [TEST_STEP][PASSED] - click: Object: 'Object Repository/Final Object Repo/New Registration - Registration Module Pages/Third Screen - Upload Supporting Doc- Preview/Inner Form Add Document Button' is clicked on

2018-12-06 21:01:20 - [MESSAGE][PASSED] - Object: 'Object Repository/Final Object Repo/New Registration - Registration Module Pages/Third Screen - Upload Supporting Doc- Preview/Inner Form Add Document Button' is clicked on

2018-12-06 21:01:20 - [TEST_STEP][PASSED] - delay: Delayed 3 second(s)

2018-12-06 21:01:23 - [MESSAGE][PASSED] - Delayed 3 second(s)

2018-12-06 21:01:23 - [TEST_STEP][PASSED] - click: Object: 'Object Repository/Final Object Repo/New Registration - Registration Module Pages/Third Screen - Upload Supporting Doc- Preview/Add Document Button' is clicked on

2018-12-06 21:01:24 - [MESSAGE][PASSED] - Object: 'Object Repository/Final Object Repo/New Registration - Registration Module Pages/Third Screen - Upload Supporting Doc- Preview/Add Document Button' is clicked on

2018-12-06 21:01:24 - [TEST_STEP][PASSED] - delay: Delayed 30 second(s)

2018-12-06 21:01:54 - [MESSAGE][PASSED] - Delayed 30 second(s)

2018-12-06 21:01:54 - [TEST_STEP][PASSED] - click: Object: 'Object Repository/Final Object Repo/New Registration - Registration Module Pages/Third Screen - Upload Supporting Doc- Preview/Supporting Doc Please Select Drop Down' is clicked on

2018-12-06 21:01:54 - [MESSAGE][PASSED] - Object: 'Object Repository/Final Object Repo/New Registration - Registration Module Pages/Third Screen - Upload Supporting Doc- Preview/Supporting Doc Please Select Drop Down' is clicked on

2018-12-06 21:01:54 - [TEST_STEP][PASSED] - delay: Delayed 2 second(s)

2018-12-06 21:01:56 - [MESSAGE][PASSED] - Delayed 2 second(s)

2018-12-06 21:01:56 - [TEST_STEP][PASSED] - click: Object: 'Object Repository/Final Object Repo/New Registration - Registration Module Pages/Third Screen - Upload Supporting Doc- Preview/Select to Upload Form 2' is clicked on

2018-12-06 21:01:56 - [MESSAGE][PASSED] - Object: 'Object Repository/Final Object Repo/New Registration - Registration Module Pages/Third Screen - Upload Supporting Doc- Preview/Select to Upload Form 2' is clicked on

2018-12-06 21:01:56 - [TEST_STEP][PASSED] - delay: Delayed 2 second(s)

2018-12-06 21:01:58 - [MESSAGE][PASSED] - Delayed 2 second(s)

2018-12-06 21:01:58 - [TEST_STEP][PASSED] - uploadFile: File 'C:\Users\Public\Pictures\Sample Pictures\Koala.jpg' sent to object: 'Object Repository/Final Object Repo/New Registration - Registration Module Pages/Third Screen - Upload Supporting Doc- Preview/Upload File Adding'

2018-12-06 21:01:59 - [MESSAGE][PASSED] - File 'C:\Users\Public\Pictures\Sample Pictures\Koala.jpg' sent to object: 'Object Repository/Final Object Repo/New Registration - Registration Module Pages/Third Screen - Upload Supporting Doc- Preview/Upload File Adding'

2018-12-06 21:01:59 - [TEST_STEP][PASSED] - click: Object: 'Object Repository/Final Object Repo/New Registration - Registration Module Pages/Third Screen - Upload Supporting Doc- Preview/Inner Form Add Document Button' is clicked on

2018-12-06 21:01:59 - [MESSAGE][PASSED] - Object: 'Object Repository/Final Object Repo/New Registration - Registration Module Pages/Third Screen - Upload Supporting Doc- Preview/Inner Form Add Document Button' is clicked on

2018-12-06 21:01:59 - [TEST_STEP][PASSED] - delay: Delayed 5 second(s)

2018-12-06 21:02:04 - [MESSAGE][PASSED] - Delayed 5 second(s)

2018-12-06 21:02:04 - [TEST_STEP][PASSED] - click: Object: 'Object Repository/Final Object Repo/New Registration - Registration Module Pages/Third Screen - Upload Supporting Doc- Preview/Add Document Button' is clicked on

2018-12-06 21:02:04 - [MESSAGE][PASSED] - Object: 'Object Repository/Final Object Repo/New Registration - Registration Module Pages/Third Screen - Upload Supporting Doc- Preview/Add Document Button' is clicked on

2018-12-06 21:02:04 - [TEST_STEP][PASSED] - delay: Delayed 30 second(s)

2018-12-06 21:02:34 - [MESSAGE][PASSED] - Delayed 30 second(s)

2018-12-06 21:02:34 - [TEST_STEP][PASSED] - click: Object: 'Object Repository/Final Object Repo/New Registration - Registration Module Pages/Third Screen - Upload Supporting Doc- Preview/Supporting Doc Please Select Drop Down' is clicked on

2018-12-06 21:02:34 - [MESSAGE][PASSED] - Object: 'Object Repository/Final Object Repo/New Registration - Registration Module Pages/Third Screen - Upload Supporting Doc- Preview/Supporting Doc Please Select Drop Down' is clicked on

2018-12-06 21:02:34 - [TEST_STEP][PASSED] - click: Object: 'Object Repository/Final Object Repo/New Registration - Registration Module Pages/Third Screen - Upload Supporting Doc- Preview/Select to Upload Borang SIP 1' is clicked on

2018-12-06 21:02:34 - [MESSAGE][PASSED] - Object: 'Object Repository/Final Object Repo/New Registration - Registration Module Pages/Third Screen - Upload Supporting Doc- Preview/Select to Upload Borang SIP 1' is clicked on

2018-12-06 21:02:34 - [TEST_STEP][PASSED] - delay: Delayed 2 second(s)

2018-12-06 21:02:36 - [MESSAGE][PASSED] - Delayed 2 second(s)

2018-12-06 21:02:36 - [TEST_STEP][PASSED] - uploadFile: File 'C:\Users\Public\Pictures\Sample Pictures\Koala.jpg' sent to object: 'Object Repository/Final Object Repo/New Registration - Registration Module Pages/Third Screen - Upload Supporting Doc- Preview/Upload File Adding'

2018-12-06 21:02:36 - [MESSAGE][PASSED] - File 'C:\Users\Public\Pictures\Sample Pictures\Koala.jpg' sent to object: 'Object Repository/Final Object Repo/New Registration - Registration Module Pages/Third Screen - Upload Supporting Doc- Preview/Upload File Adding'

2018-12-06 21:02:36 - [TEST_STEP][PASSED] - click: Object: 'Object Repository/Final Object Repo/New Registration - Registration Module Pages/Third Screen - Upload Supporting Doc- Preview/Inner Form Add Document Button' is clicked on

2018-12-06 21:02:37 - [MESSAGE][PASSED] - Object: 'Object Repository/Final Object Repo/New Registration - Registration Module Pages/Third Screen - Upload Supporting Doc- Preview/Inner Form Add Document Button' is clicked on

2018-12-06 21:02:37 - [TEST_STEP][PASSED] - delay: Delayed 5 second(s)

2018-12-06 21:02:42 - [MESSAGE][PASSED] - Delayed 5 second(s)

2018-12-06 21:02:42 - [TEST_STEP][PASSED] - click: Object: 'Object Repository/Final Object Repo/New Registration - Registration Module Pages/Third Screen - Upload Supporting Doc- Preview/Add Document Button' is clicked on

2018-12-06 21:02:42 - [MESSAGE][PASSED] - Object: 'Object Repository/Final Object Repo/New Registration - Registration Module Pages/Third Screen - Upload Supporting Doc- Preview/Add Document Button' is clicked on

2018-12-06 21:02:42 - [TEST_STEP][PASSED] - delay: Delayed 30 second(s)

2018-12-06 21:03:12 - [MESSAGE][PASSED] - Delayed 30 second(s)

2018-12-06 21:03:12 - [TEST_STEP][PASSED] - click: Object: 'Object Repository/Final Object Repo/New Registration - Registration Module Pages/Third Screen - Upload Supporting Doc- Preview/Supporting Doc Please Select Drop Down' is clicked on

2018-12-06 21:03:12 - [MESSAGE][PASSED] - Object: 'Object Repository/Final Object Repo/New Registration - Registration Module Pages/Third Screen - Upload Supporting Doc- Preview/Supporting Doc Please Select Drop Down' is clicked on

2018-12-06 21:03:12 - [TEST_STEP][PASSED] - delay: Delayed 3 second(s)

2018-12-06 21:03:15 - [MESSAGE][PASSED] - Delayed 3 second(s)

2018-12-06 21:03:15 - [TEST_STEP][PASSED] - click: Object: 'Object Repository/Final Object Repo/New Registration - Registration Module Pages/Third Screen - Upload Supporting Doc- Preview/Select to Upload Borang SIP 2' is clicked on

2018-12-06 21:03:15 - [MESSAGE][PASSED] - Object: 'Object Repository/Final Object Repo/New Registration - Registration Module Pages/Third Screen - Upload Supporting Doc- Preview/Select to Upload Borang SIP 2' is clicked on

2018-12-06 21:03:15 - [TEST_STEP][PASSED] - delay: Delayed 2 second(s)

2018-12-06 21:03:17 - [MESSAGE][PASSED] - Delayed 2 second(s)

2018-12-06 21:03:17 - [TEST_STEP][PASSED] - uploadFile: File 'C:\Users\Public\Pictures\Sample Pictures\Koala.jpg' sent to object: 'Object Repository/Final Object Repo/New Registration - Registration Module Pages/Third Screen - Upload Supporting Doc- Preview/Upload File Adding'

2018-12-06 21:03:17 - [MESSAGE][PASSED] - File 'C:\Users\Public\Pictures\Sample Pictures\Koala.jpg' sent to object: 'Object Repository/Final Object Repo/New Registration - Registration Module Pages/Third Screen - Upload Supporting Doc- Preview/Upload File Adding'

2018-12-06 21:03:17 - [TEST_STEP][PASSED] - delay: Delayed 5 second(s)

2018-12-06 21:03:22 - [MESSAGE][PASSED] - Delayed 5 second(s)

2018-12-06 21:03:22 - [TEST_STEP][PASSED] - click: Object: 'Object Repository/Final Object Repo/New Registration - Registration Module Pages/Third Screen - Upload Supporting Doc- Preview/Inner Form Add Document Button' is clicked on

2018-12-06 21:03:22 - [MESSAGE][PASSED] - Object: 'Object Repository/Final Object Repo/New Registration - Registration Module Pages/Third Screen - Upload Supporting Doc- Preview/Inner Form Add Document Button' is clicked on

2018-12-06 21:03:22 - [TEST_STEP][PASSED] - delay: Delayed 3 second(s)

2018-12-06 21:03:25 - [MESSAGE][PASSED] - Delayed 3 second(s)

2018-12-06 21:03:25 - [TEST_STEP][PASSED] - waitForElementClickable: Object 'Object Repository/Final Object Repo/New Registration - Registration Module Pages/Third Screen - Upload Supporting Doc- Preview/Save n Continue in Uploading Supporting Doc Page' is clickable

2018-12-06 21:03:26 - [MESSAGE][PASSED] - Object 'Object Repository/Final Object Repo/New Registration - Registration Module Pages/Third Screen - Upload Supporting Doc- Preview/Save n Continue in Uploading Supporting Doc Page' is clickable

2018-12-06 21:03:26 - [TEST_STEP][PASSED] - click: Object: 'Object Repository/Final Object Repo/New Registration - Registration Module Pages/Third Screen - Upload Supporting Doc- Preview/Save n Continue in Uploading Supporting Doc Page' is clicked on

2018-12-06 21:03:27 - [MESSAGE][PASSED] - Object: 'Object Repository/Final Object Repo/New Registration - Registration Module Pages/Third Screen - Upload Supporting Doc- Preview/Save n Continue in Uploading Supporting Doc Page' is clicked on

2018-12-06 21:03:27 - [MESSAGE][PASSED] - Call Test Case 'Test Cases/Final Aug 2018 - PKS Automation/Registration Module/New Registration/Flow of New Registration/Third Screen - Upload Supporting Doc - Preview' successfully

2018-12-06 21:03:27 - [TEST_STEP][PASSED] - setText: Text 'Tester' is set on object 'Object Repository/Final Object Repo/New Registration - Registration Module Pages/New Reg - OTC to RO/Special Case - All Related Objects/Employer Preview Name'

2018-12-06 21:03:31 - [MESSAGE][PASSED] - Text 'Tester' is set on object 'Object Repository/Final Object Repo/New Registration - Registration Module Pages/New Reg - OTC to RO/Special Case - All Related Objects/Employer Preview Name'

2018-12-06 21:03:31 - [TEST_STEP][PASSED] - click: Object: 'Object Repository/Final Object Repo/New Registration - Registration Module Pages/New Reg - OTC to RO/Special Case - All Related Objects/IC Type Drop Down' is clicked on

2018-12-06 21:03:31 - [MESSAGE][PASSED] - Object: 'Object Repository/Final Object Repo/New Registration - Registration Module Pages/New Reg - OTC to RO/Special Case - All Related Objects/IC Type Drop Down' is clicked on

2018-12-06 21:03:31 - [TEST_STEP][PASSED] - click: Object: 'Object Repository/Final Object Repo/New Registration - Registration Module Pages/New Reg - OTC to RO/Special Case - All Related Objects/Select to NRIC' is clicked on

2018-12-06 21:03:31 - [MESSAGE][PASSED] - Object: 'Object Repository/Final Object Repo/New Registration - Registration Module Pages/New Reg - OTC to RO/Special Case - All Related Objects/Select to NRIC' is clicked on

2018-12-06 21:03:31 - [TEST_STEP][PASSED] - setText: Text '133245561223' is set on object 'Object Repository/Final Object Repo/New Registration - Registration Module Pages/New Reg - OTC to RO/Special Case - All Related Objects/IC Value'

2018-12-06 21:03:32 - [MESSAGE][PASSED] - Text '133245561223' is set on object 'Object Repository/Final Object Repo/New Registration - Registration Module Pages/New Reg - OTC to RO/Special Case - All Related Objects/IC Value'

2018-12-06 21:03:32 - [TEST_STEP][PASSED] - setText: Text 'Auto' is set on object 'Object Repository/Final Object Repo/New Registration - Registration Module Pages/New Reg - OTC to RO/Special Case - All Related Objects/Designation'

2018-12-06 21:03:32 - [MESSAGE][PASSED] - Text 'Auto' is set on object 'Object Repository/Final Object Repo/New Registration - Registration Module Pages/New Reg - OTC to RO/Special Case - All Related Objects/Designation'

2018-12-06 21:03:32 - [TEST_STEP][PASSED] - callTestCase: Call Test Case 'Test Cases/Final Aug 2018 - PKS Automation/Registration Module/New Registration/Submit and Screenshot/Submit Registration and Screenshot - Copy' successfully

2018-12-06 21:03:32 - [TEST_CASE][PASSED] - Test Cases/Final Aug 2018 - PKS Automation/Registration Module/New Registration/Submit and Screenshot/Submit Registration and Screenshot - Copy: Test Cases/Final Aug 2018 - PKS Automation/Registration Module/New Registration/Submit and Screenshot/Submit Registration and Screenshot - Copy

2018-12-06 21:03:32 - [TEST_STEP][PASSED] - delay: Delayed 6 second(s)

2018-12-06 21:03:38 - [MESSAGE][PASSED] - Delayed 6 second(s)

2018-12-06 21:03:38 - [TEST_STEP][PASSED] - click: Object: 'Object Repository/Final Object Repo/New Registration - Registration Module Pages/Third Screen - Upload Supporting Doc- Preview/Preview Submit Button' is clicked on

2018-12-06 21:03:38 - [MESSAGE][PASSED] - Object: 'Object Repository/Final Object Repo/New Registration - Registration Module Pages/Third Screen - Upload Supporting Doc- Preview/Preview Submit Button' is clicked on

2018-12-06 21:03:38 - [TEST_STEP][PASSED] - delay: Delayed 2 second(s)

2018-12-06 21:03:40 - [MESSAGE][PASSED] - Delayed 2 second(s)

2018-12-06 21:03:40 - [TEST_STEP][PASSED] - click: Object: 'Object Repository/Final Object Repo/New Registration - Registration Module Pages/Third Screen - Upload Supporting Doc- Preview/Preview Submit - Confirm' is clicked on

2018-12-06 21:03:40 - [MESSAGE][PASSED] - Object: 'Object Repository/Final Object Repo/New Registration - Registration Module Pages/Third Screen - Upload Supporting Doc- Preview/Preview Submit - Confirm' is clicked on

2018-12-06 21:03:40 - [TEST_STEP][PASSED] - delay: Delayed 15 second(s)

2018-12-06 21:03:55 - [MESSAGE][PASSED] - Delayed 15 second(s)

2018-12-06 21:03:55 - [TEST_STEP][PASSED] - Statement - driver = com.kms.katalon.core.webui.driver.DriverFactory.getWebDriver(): null

2018-12-06 21:03:55 - [TEST_STEP][PASSED] - Statement - driver.manage().timeouts().implicitlyWait(10, SECONDS): null

2018-12-06 21:03:55 - [TEST_STEP][PASSED] - Statement - PresavePath = KatalonScreenshots: null

2018-12-06 21:03:55 - [TEST_STEP][PASSED] - Statement - pathPrefix = "C:\Users\Public\Pictures\Sample Pictures\Katalon Screenshots\Automate Ending Screen": null

2018-12-06 21:03:55 - [TEST_STEP][PASSED] - Statement - finalPath = <not implemented yet for class: org.codehaus.groovy.ast.expr.EmptyExpression>: null

2018-12-06 21:03:55 - [TEST_STEP][PASSED] - Statement - scrFile = driver.getScreenshotAs(FILE): null

2018-12-06 21:03:56 - [TEST_STEP][PASSED] - Statement - PreSaveFile = new java.io.File(PresavePath): null

2018-12-06 21:03:56 - [TEST_STEP][PASSED] - Statement - counter = 0: null

2018-12-06 21:03:56 - [TEST_STEP][PASSED] - Statement - If (PreSaveFile.exists()): null

2018-12-06 21:03:56 - [TEST_STEP][PASSED] - Statement - While (PreSaveFile.exists()): null

2018-12-06 21:03:56 - [TEST_STEP][PASSED] - Statement - counter = counter + 1: null

2018-12-06 21:03:56 - [TEST_STEP][PASSED] - Statement - PreSaveFile = new java.io.File(((pathPrefix + java.lang.Integer.toString(counter)) + .png)): null

2018-12-06 21:03:56 - [TEST_STEP][PASSED] - Statement - counter = counter + 1: null

2018-12-06 21:03:56 - [TEST_STEP][PASSED] - Statement - PreSaveFile = new java.io.File(((pathPrefix + java.lang.Integer.toString(counter)) + .png)): null

2018-12-06 21:03:56 - [TEST_STEP][PASSED] - Statement - counter = counter + 1: null

2018-12-06 21:03:56 - [TEST_STEP][PASSED] - Statement - PreSaveFile = new java.io.File(((pathPrefix + java.lang.Integer.toString(counter)) + .png)): null

2018-12-06 21:03:56 - [TEST_STEP][PASSED] - Statement - counter = counter + 1: null

2018-12-06 21:03:56 - [TEST_STEP][PASSED] - Statement - PreSaveFile = new java.io.File(((pathPrefix + java.lang.Integer.toString(counter)) + .png)): null

2018-12-06 21:03:56 - [TEST_STEP][PASSED] - Statement - counter = counter + 1: null

2018-12-06 21:03:56 - [TEST_STEP][PASSED] - Statement - PreSaveFile = new java.io.File(((pathPrefix + java.lang.Integer.toString(counter)) + .png)): null

2018-12-06 21:03:56 - [TEST_STEP][PASSED] - Statement - counter = counter + 1: null

2018-12-06 21:03:56 - [TEST_STEP][PASSED] - Statement - PreSaveFile = new java.io.File(((pathPrefix + java.lang.Integer.toString(counter)) + .png)): null

2018-12-06 21:03:56 - [TEST_STEP][PASSED] - Statement - counter = counter + 1: null

2018-12-06 21:03:56 - [TEST_STEP][PASSED] - Statement - PreSaveFile = new java.io.File(((pathPrefix + java.lang.Integer.toString(counter)) + .png)): null

2018-12-06 21:03:56 - [TEST_STEP][PASSED] - Statement - counter = counter + 1: null

2018-12-06 21:03:56 - [TEST_STEP][PASSED] - Statement - PreSaveFile = new java.io.File(((pathPrefix + java.lang.Integer.toString(counter)) + .png)): null

2018-12-06 21:03:56 - [TEST_STEP][PASSED] - Statement - counter = counter + 1: null

2018-12-06 21:03:56 - [TEST_STEP][PASSED] - Statement - PreSaveFile = new java.io.File(((pathPrefix + java.lang.Integer.toString(counter)) + .png)): null

2018-12-06 21:03:56 - [TEST_STEP][PASSED] - Statement - counter = counter + 1: null

2018-12-06 21:03:56 - [TEST_STEP][PASSED] - Statement - PreSaveFile = new java.io.File(((pathPrefix + java.lang.Integer.toString(counter)) + .png)): null

2018-12-06 21:03:56 - [TEST_STEP][PASSED] - Statement - counter = counter + 1: null

2018-12-06 21:03:56 - [TEST_STEP][PASSED] - Statement - PreSaveFile = new java.io.File(((pathPrefix + java.lang.Integer.toString(counter)) + .png)): null

2018-12-06 21:03:56 - [TEST_STEP][PASSED] - Statement - counter = counter + 1: null

2018-12-06 21:03:56 - [TEST_STEP][PASSED] - Statement - PreSaveFile = new java.io.File(((pathPrefix + java.lang.Integer.toString(counter)) + .png)): null

2018-12-06 21:03:56 - [TEST_STEP][PASSED] - Statement - counter = counter + 1: null

2018-12-06 21:03:56 - [TEST_STEP][PASSED] - Statement - PreSaveFile = new java.io.File(((pathPrefix + java.lang.Integer.toString(counter)) + .png)): null

2018-12-06 21:03:56 - [TEST_STEP][PASSED] - Statement - counter = counter + 1: null

2018-12-06 21:03:56 - [TEST_STEP][PASSED] - Statement - PreSaveFile = new java.io.File(((pathPrefix + java.lang.Integer.toString(counter)) + .png)): null

2018-12-06 21:03:56 - [TEST_STEP][PASSED] - Statement - counter = counter + 1: null

2018-12-06 21:03:56 - [TEST_STEP][PASSED] - Statement - PreSaveFile = new java.io.File(((pathPrefix + java.lang.Integer.toString(counter)) + .png)): null

2018-12-06 21:03:56 - [TEST_STEP][PASSED] - Statement - counter = counter + 1: null

2018-12-06 21:03:56 - [TEST_STEP][PASSED] - Statement - PreSaveFile = new java.io.File(((pathPrefix + java.lang.Integer.toString(counter)) + .png)): null

2018-12-06 21:03:56 - [TEST_STEP][PASSED] - Statement - counter = counter + 1: null

2018-12-06 21:03:56 - [TEST_STEP][PASSED] - Statement - PreSaveFile = new java.io.File(((pathPrefix + java.lang.Integer.toString(counter)) + .png)): null

2018-12-06 21:03:56 - [TEST_STEP][PASSED] - Statement - counter = counter + 1: null

2018-12-06 21:03:56 - [TEST_STEP][PASSED] - Statement - PreSaveFile = new java.io.File(((pathPrefix + java.lang.Integer.toString(counter)) + .png)): null

2018-12-06 21:03:56 - [TEST_STEP][PASSED] - Statement - counter = counter + 1: null

2018-12-06 21:03:56 - [TEST_STEP][PASSED] - Statement - PreSaveFile = new java.io.File(((pathPrefix + java.lang.Integer.toString(counter)) + .png)): null

2018-12-06 21:03:56 - [TEST_STEP][PASSED] - Statement - counter = counter + 1: null

2018-12-06 21:03:56 - [TEST_STEP][PASSED] - Statement - PreSaveFile = new java.io.File(((pathPrefix + java.lang.Integer.toString(counter)) + .png)): null

2018-12-06 21:03:56 - [TEST_STEP][PASSED] - Statement - counter = counter + 1: null

2018-12-06 21:03:56 - [TEST_STEP][PASSED] - Statement - PreSaveFile = new java.io.File(((pathPrefix + java.lang.Integer.toString(counter)) + .png)): null

2018-12-06 21:03:56 - [TEST_STEP][PASSED] - Statement - counter = counter + 1: null

2018-12-06 21:03:56 - [TEST_STEP][PASSED] - Statement - PreSaveFile = new java.io.File(((pathPrefix + java.lang.Integer.toString(counter)) + .png)): null

2018-12-06 21:03:56 - [TEST_STEP][PASSED] - Statement - counter = counter + 1: null

2018-12-06 21:03:56 - [TEST_STEP][PASSED] - Statement - PreSaveFile = new java.io.File(((pathPrefix + java.lang.Integer.toString(counter)) + .png)): null

2018-12-06 21:03:56 - [TEST_STEP][PASSED] - Statement - counter = counter + 1: null

2018-12-06 21:03:56 - [TEST_STEP][PASSED] - Statement - PreSaveFile = new java.io.File(((pathPrefix + java.lang.Integer.toString(counter)) + .png)): null

2018-12-06 21:03:56 - [TEST_STEP][PASSED] - Statement - counter = counter + 1: null

2018-12-06 21:03:56 - [TEST_STEP][PASSED] - Statement - PreSaveFile = new java.io.File(((pathPrefix + java.lang.Integer.toString(counter)) + .png)): null

2018-12-06 21:03:56 - [TEST_STEP][PASSED] - Statement - counter = counter + 1: null

2018-12-06 21:03:56 - [TEST_STEP][PASSED] - Statement - PreSaveFile = new java.io.File(((pathPrefix + java.lang.Integer.toString(counter)) + .png)): null

2018-12-06 21:03:56 - [TEST_STEP][PASSED] - Statement - finalPath = pathPrefix + java.lang.Integer.toString(counter) + ".png": null

2018-12-06 21:03:56 - [TEST_STEP][PASSED] - Statement - SaveFile = new java.io.File(finalPath): null

2018-12-06 21:03:56 - [TEST_STEP][PASSED] - Statement - Try: null

2018-12-06 21:03:56 - [TEST_STEP][PASSED] - Statement - org.apache.commons.io.FileUtils.copyFile(scrFile, SaveFile): null

2018-12-06 21:03:56 - [TEST_STEP][PASSED] - Statement - out.println("file kept"): null

2018-12-06 21:03:56 - [TEST_STEP][PASSED] - delay: Delayed 10 second(s)

2018-12-06 21:04:06 - [MESSAGE][PASSED] - Delayed 10 second(s)

2018-12-06 21:04:06 - [MESSAGE][PASSED] - Call Test Case 'Test Cases/Final Aug 2018 - PKS Automation/Registration Module/New Registration/Submit and Screenshot/Submit Registration and Screenshot - Copy' successfully

2018-12-06 21:04:06 - [TEST_STEP][PASSED] - Statement - UpdateAddNewECode = com.kms.katalon.core.webui.keyword.WebUiBuiltInKeywords.getText(com.kms.katalon.core.testobject.ObjectRepository.findTestObject(Object Repository/Final Object Repo/Page_Update Add New Employee - ASSIST/getEmpCode)): Text of object 'Object Repository/Final Object Repo/Page_Update Add New Employee - ASSIST/getEmpCode' is: 'E1102070645A'

2018-12-06 21:04:06 - [MESSAGE][PASSED] - Text of object 'Object Repository/Final Object Repo/Page_Update Add New Employee - ASSIST/getEmpCode' is: 'E1102070645A'

2018-12-06 21:04:06 - [TEST_STEP][PASSED] - callTestCase: Call Test Case 'Test Cases/Final Aug 2018 - PKS Automation/Common/Emp Code Setter' successfully

2018-12-06 21:04:06 - [TEST_CASE][PASSED] - Test Cases/Final Aug 2018 - PKS Automation/Common/Emp Code Setter: Test Cases/Final Aug 2018 - PKS Automation/Common/Emp Code Setter

2018-12-06 21:04:06 - [TEST_STEP][PASSED] - Statement - EmpCodeOld = new java.io.File(C://Users//Admin//Desktop//PKS//Automation Reference Point//EmpCode.txt): null

2018-12-06 21:04:06 - [TEST_STEP][PASSED] - Statement - EmpCodeOld.delete(): null

2018-12-06 21:04:06 - [TEST_STEP][PASSED] - Statement - EmpCode = new java.io.File(C://Users//Admin//Desktop//PKS//Automation Reference Point//EmpCode.txt): null

2018-12-06 21:04:06 - [TEST_STEP][PASSED] - Statement - f2 = new java.io.FileWriter(EmpCode, false): null

2018-12-06 21:04:06 - [TEST_STEP][PASSED] - Statement - f2.write(UpdateAddNewECode): null

2018-12-06 21:04:06 - [TEST_STEP][PASSED] - Statement - f2.close(): null

2018-12-06 21:04:06 - [TEST_STEP][PASSED] - Statement - out.println("


" + UpdateAddNewECode + "


"): null

2018-12-06 21:04:06 - [MESSAGE][PASSED] - Call Test Case 'Test Cases/Final Aug 2018 - PKS Automation/Common/Emp Code Setter' successfully

2018-12-06 21:04:06 - [MESSAGE][PASSED] - Call Test Case 'Test Cases/Final Aug 2018 - PKS Automation/Registration Module/Workflow/Update Add New Employee/Template/New Company for Update Add New - Employer' successfully

2018-12-06 21:04:06 - [TEST_STEP][PASSED] - callTestCase: Call Test Case 'Test Cases/Final Aug 2018 - PKS Automation/Create Employer Acc/Login to Employer Account (Second time)' successfully

2018-12-06 21:04:06 - [TEST_CASE][PASSED] - Test Cases/Final Aug 2018 - PKS Automation/Create Employer Acc/Login to Employer Account (Second time): Test Cases/Final Aug 2018 - PKS Automation/Create Employer Acc/Login to Employer Account (Second time)

2018-12-06 21:04:06 - [TEST_STEP][PASSED] - openBrowser: Browser is opened with url: ''

2018-12-06 21:04:06 - [MESSAGE][WARNING] - A browser is already opened. Closing browser and opening a new one

2018-12-06 21:04:10 - [MESSAGE][PASSED] - Browser is opened with url: ''

2018-12-06 21:04:10 - [TEST_STEP][PASSED] - navigateToUrl: Navigate to 'https://assist2-uat.perkeso.gov.my/employer/login' successfully

2018-12-06 21:04:11 - [MESSAGE][PASSED] - Navigate to 'https://assist2-uat.perkeso.gov.my/employer/login' successfully

2018-12-06 21:04:11 - [TEST_STEP][PASSED] - delay: Delayed 3 second(s)

2018-12-06 21:04:14 - [MESSAGE][PASSED] - Delayed 3 second(s)

2018-12-06 21:04:14 - [TEST_STEP][PASSED] - callTestCase: Call Test Case 'Test Cases/Final Aug 2018 - PKS Automation/Create Employer Acc/Template/Employer Email Getter' successfully

2018-12-06 21:04:14 - [TEST_CASE][PASSED] - Test Cases/Final Aug 2018 - PKS Automation/Create Employer Acc/Template/Employer Email Getter: Test Cases/Final Aug 2018 - PKS Automation/Create Employer Acc/Template/Employer Email Getter

2018-12-06 21:04:14 - [TEST_STEP][PASSED] - Statement - Try: null

2018-12-06 21:04:14 - [TEST_STEP][PASSED] - Statement - EmpEmail = new java.io.File(C://Users//Admin//Desktop//PKS//Automation Reference Point//EmpEmail.txt): null

2018-12-06 21:04:14 - [TEST_STEP][PASSED] - Statement - bufferread = new java.io.BufferedReader(new java.io.FileReader(EmpEmail)): null

2018-12-06 21:04:14 - [TEST_STEP][PASSED] - Statement - readedVal = bufferread.readLine(): null

2018-12-06 21:04:14 - [TEST_STEP][PASSED] - Statement - out.println(readedVal): null

2018-12-06 21:04:14 - [TEST_STEP][PASSED] - Statement - Email = readedVal: null

2018-12-06 21:04:14 - [MESSAGE][PASSED] - Call Test Case 'Test Cases/Final Aug 2018 - PKS Automation/Create Employer Acc/Template/Employer Email Getter' successfully

2018-12-06 21:04:14 - [TEST_STEP][PASSED] - setText: Text 'perkeso738899587609@gmail.com' is set on object 'Object Repository/Final Object Repo/Login Page/External Login Page/Email'

2018-12-06 21:04:14 - [MESSAGE][PASSED] - Text 'perkeso738899587609@gmail.com' is set on object 'Object Repository/Final Object Repo/Login Page/External Login Page/Email'

2018-12-06 21:04:14 - [TEST_STEP][PASSED] - click: Object: 'Object Repository/Final Object Repo/Login Page/External Login Page/Next' is clicked on

2018-12-06 21:04:14 - [MESSAGE][PASSED] - Object: 'Object Repository/Final Object Repo/Login Page/External Login Page/Next' is clicked on

2018-12-06 21:04:14 - [TEST_STEP][PASSED] - delay: Delayed 3 second(s)

2018-12-06 21:04:17 - [MESSAGE][PASSED] - Delayed 3 second(s)

2018-12-06 21:04:17 - [TEST_STEP][PASSED] - setEncryptedText: Text ****** has been set on object 'Object Repository/Final Object Repo/Login Page/External Login Page/Password'

2018-12-06 21:04:18 - [MESSAGE][PASSED] - Text ****** has been set on object 'Object Repository/Final Object Repo/Login Page/External Login Page/Password'

2018-12-06 21:04:18 - [TEST_STEP][PASSED] - click: Object: 'Object Repository/Final Object Repo/Login Page/External Login Page/Login' is clicked on

2018-12-06 21:04:18 - [MESSAGE][PASSED] - Object: 'Object Repository/Final Object Repo/Login Page/External Login Page/Login' is clicked on

2018-12-06 21:04:18 - [TEST_STEP][PASSED] - delay: Delayed 5 second(s)

2018-12-06 21:04:23 - [MESSAGE][PASSED] - Delayed 5 second(s)

2018-12-06 21:04:23 - [MESSAGE][PASSED] - Call Test Case 'Test Cases/Final Aug 2018 - PKS Automation/Create Employer Acc/Login to Employer Account (Second time)' successfully

2018-12-06 21:04:23 - [TEST_STEP][PASSED] - navigateToUrl: Navigate to 'https://assist2-uat.perkeso.gov.my/web/registration/eis-update/form-3-eis-cessation-as-employer' successfully

2018-12-06 21:04:24 - [MESSAGE][PASSED] - Navigate to 'https://assist2-uat.perkeso.gov.my/web/registration/eis-update/form-3-eis-cessation-as-employer' successfully

2018-12-06 21:04:24 - [TEST_STEP][PASSED] - delay: Delayed 1 second(s)

2018-12-06 21:04:25 - [MESSAGE][PASSED] - Delayed 1 second(s)

2018-12-06 21:04:25 - [TEST_STEP][PASSED] - click: Object: 'Object Repository/Final Object Repo/Page_Form 3 EIS - Cessation as Employer/Edit' is clicked on

2018-12-06 21:04:26 - [MESSAGE][PASSED] - Object: 'Object Repository/Final Object Repo/Page_Form 3 EIS - Cessation as Employer/Edit' is clicked on

2018-12-06 21:04:26 - [TEST_STEP][PASSED] - delay: Delayed 1 second(s)

2018-12-06 21:04:27 - [MESSAGE][PASSED] - Delayed 1 second(s)

2018-12-06 21:04:27 - [TEST_STEP][PASSED] - Statement - abc = com.kms.katalon.core.webui.keyword.WebUiBuiltInKeywords.getAttribute(com.kms.katalon.core.testobject.ObjectRepository.findTestObject(Final Object Repo/Page_Form 3 EIS - Cessation as Employer/Employer Status), "value"): Attribute 'value' of object 'Object Repository/Final Object Repo/Page_Form 3 EIS - Cessation as Employer/Employer Status' is: 'Active'

2018-12-06 21:04:27 - [MESSAGE][PASSED] - Attribute 'value' of object 'Object Repository/Final Object Repo/Page_Form 3 EIS - Cessation as Employer/Employer Status' is: 'Active'

2018-12-06 21:04:27 - [TEST_STEP][PASSED] - Statement - out.println(abc): null

2018-12-06 21:04:27 - [TEST_STEP][PASSED] - Statement - If (abc == "Active"): Object: 'Object Repository/Final Object Repo/Page_Form 3 EIS - Cessation as Employer/Dormant EIS' is clicked on

2018-12-06 21:04:27 - [TEST_STEP][PASSED] - click: Object: 'Object Repository/Final Object Repo/Page_Form 3 EIS - Cessation as Employer/Change Employer Status to' is clicked on

2018-12-06 21:04:28 - [MESSAGE][PASSED] - Object: 'Object Repository/Final Object Repo/Page_Form 3 EIS - Cessation as Employer/Change Employer Status to' is clicked on

2018-12-06 21:04:28 - [TEST_STEP][PASSED] - click: Object: 'Object Repository/Final Object Repo/Page_Form 3 EIS - Cessation as Employer/Dormant EIS' is clicked on

2018-12-06 21:04:28 - [MESSAGE][PASSED] - Object: 'Object Repository/Final Object Repo/Page_Form 3 EIS - Cessation as Employer/Dormant EIS' is clicked on

2018-12-06 21:04:28 - [TEST_STEP][PASSED] - click: Object: 'Object Repository/Final Object Repo/Page_Form 3 EIS - Cessation as Employer/Calender' is clicked on

2018-12-06 21:04:28 - [MESSAGE][PASSED] - Object: 'Object Repository/Final Object Repo/Page_Form 3 EIS - Cessation as Employer/Calender' is clicked on

2018-12-06 21:04:28 - [TEST_STEP][PASSED] - delay: Delayed 1 second(s)

2018-12-06 21:04:29 - [MESSAGE][PASSED] - Delayed 1 second(s)

2018-12-06 21:04:29 - [TEST_STEP][PASSED] - click: Object: 'Object Repository/Final Object Repo/Page_Form 3 EIS - Cessation as Employer/Calender - Date' is clicked on

2018-12-06 21:04:29 - [MESSAGE][PASSED] - Object: 'Object Repository/Final Object Repo/Page_Form 3 EIS - Cessation as Employer/Calender - Date' is clicked on

2018-12-06 21:04:29 - [TEST_STEP][PASSED] - click: Object: 'Object Repository/Final Object Repo/Page_Form 3 EIS - Cessation as Employer/Save  Continue in Form 3 EIS Page' is clicked on

2018-12-06 21:04:29 - [MESSAGE][PASSED] - Object: 'Object Repository/Final Object Repo/Page_Form 3 EIS - Cessation as Employer/Save  Continue in Form 3 EIS Page' is clicked on

2018-12-06 21:04:29 - [TEST_STEP][PASSED] - delay: Delayed 1 second(s)

2018-12-06 21:04:30 - [MESSAGE][PASSED] - Delayed 1 second(s)

2018-12-06 21:04:30 - [TEST_STEP][PASSED] - click: Object: 'Object Repository/Final Object Repo/Page_Form 3 EIS - Cessation as Employer/Employment Resign Date' is clicked on

2018-12-06 21:04:31 - [MESSAGE][PASSED] - Object: 'Object Repository/Final Object Repo/Page_Form 3 EIS - Cessation as Employer/Employment Resign Date' is clicked on

2018-12-06 21:04:31 - [TEST_STEP][PASSED] - selectOptionByValue: All options with value '2019' are selected in object 'Object Repository/Final Object Repo/Page_Form 3 EIS - Cessation as Employer/Employment Resign Date - Year' 

2018-12-06 21:04:31 - [MESSAGE][PASSED] - All options with value '2019' are selected in object 'Object Repository/Final Object Repo/Page_Form 3 EIS - Cessation as Employer/Employment Resign Date - Year' 

2018-12-06 21:04:31 - [TEST_STEP][PASSED] - delay: Delayed 2 second(s)

2018-12-06 21:04:33 - [MESSAGE][PASSED] - Delayed 2 second(s)

2018-12-06 21:04:33 - [TEST_STEP][PASSED] - click: Object: 'Object Repository/Final Object Repo/Page_Form 3 EIS - Cessation as Employer/Employment Resign Date - Year - Date' is clicked on

2018-12-06 21:04:33 - [MESSAGE][PASSED] - Object: 'Object Repository/Final Object Repo/Page_Form 3 EIS - Cessation as Employer/Employment Resign Date - Year - Date' is clicked on

2018-12-06 21:04:33 - [TEST_STEP][PASSED] - delay: Delayed 2 second(s)

2018-12-06 21:04:35 - [MESSAGE][PASSED] - Delayed 2 second(s)

2018-12-06 21:04:35 - [TEST_STEP][PASSED] - click: Object: 'Object Repository/Final Object Repo/Page_Form 3 EIS - Cessation as Employer/Save  Continue in Employment Resign Page' is clicked on

2018-12-06 21:04:35 - [MESSAGE][PASSED] - Object: 'Object Repository/Final Object Repo/Page_Form 3 EIS - Cessation as Employer/Save  Continue in Employment Resign Page' is clicked on

2018-12-06 21:04:35 - [TEST_STEP][PASSED] - delay: Delayed 2 second(s)

2018-12-06 21:04:37 - [MESSAGE][PASSED] - Delayed 2 second(s)

2018-12-06 21:04:37 - [TEST_STEP][PASSED] - click: Object: 'Object Repository/Final Object Repo/Page_Form 3 EIS - Cessation as Employer/Set Latest - Yes' is clicked on

2018-12-06 21:04:38 - [MESSAGE][PASSED] - Object: 'Object Repository/Final Object Repo/Page_Form 3 EIS - Cessation as Employer/Set Latest - Yes' is clicked on

2018-12-06 21:04:38 - [TEST_STEP][PASSED] - delay: Delayed 2 second(s)

2018-12-06 21:04:40 - [MESSAGE][PASSED] - Delayed 2 second(s)

2018-12-06 21:04:40 - [TEST_STEP][PASSED] - click: Object: 'Object Repository/Final Object Repo/Page_Form 3 EIS - Cessation as Employer/Add Document' is clicked on

2018-12-06 21:04:41 - [MESSAGE][PASSED] - Object: 'Object Repository/Final Object Repo/Page_Form 3 EIS - Cessation as Employer/Add Document' is clicked on

2018-12-06 21:04:41 - [TEST_STEP][PASSED] - delay: Delayed 3 second(s)

2018-12-06 21:04:44 - [MESSAGE][PASSED] - Delayed 3 second(s)

2018-12-06 21:04:44 - [TEST_STEP][PASSED] - click: Object: 'Object Repository/Final Object Repo/Page_Form 3 EIS - Cessation as Employer/Document Type' is clicked on

2018-12-06 21:04:44 - [MESSAGE][PASSED] - Object: 'Object Repository/Final Object Repo/Page_Form 3 EIS - Cessation as Employer/Document Type' is clicked on

2018-12-06 21:04:44 - [TEST_STEP][PASSED] - click: Object: 'Object Repository/Final Object Repo/Page_Form 3 EIS - Cessation as Employer/Document Type - Form 3' is clicked on

2018-12-06 21:04:44 - [MESSAGE][PASSED] - Object: 'Object Repository/Final Object Repo/Page_Form 3 EIS - Cessation as Employer/Document Type - Form 3' is clicked on

2018-12-06 21:04:44 - [TEST_STEP][PASSED] - delay: Delayed 2 second(s)

2018-12-06 21:04:46 - [MESSAGE][PASSED] - Delayed 2 second(s)

2018-12-06 21:04:46 - [TEST_STEP][PASSED] - sendKeys: Keys 'C:\Users\Public\Pictures\Sample Pictures\Koala.jpg' sent to object: 'Object Repository/Final Object Repo/Page_Form 3 EIS - Cessation as Employer/ploading File'

2018-12-06 21:04:46 - [MESSAGE][PASSED] - Keys 'C:\Users\Public\Pictures\Sample Pictures\Koala.jpg' sent to object: 'Object Repository/Final Object Repo/Page_Form 3 EIS - Cessation as Employer/ploading File'

2018-12-06 21:04:46 - [TEST_STEP][PASSED] - delay: Delayed 1 second(s)

2018-12-06 21:04:47 - [MESSAGE][PASSED] - Delayed 1 second(s)

2018-12-06 21:04:47 - [TEST_STEP][PASSED] - click: Object: 'Object Repository/Final Object Repo/Page_Form 3 EIS - Cessation as Employer/Add Document in Uploading Page' is clicked on

2018-12-06 21:04:47 - [MESSAGE][PASSED] - Object: 'Object Repository/Final Object Repo/Page_Form 3 EIS - Cessation as Employer/Add Document in Uploading Page' is clicked on

2018-12-06 21:04:47 - [TEST_STEP][PASSED] - delay: Delayed 2 second(s)

2018-12-06 21:04:49 - [MESSAGE][PASSED] - Delayed 2 second(s)

2018-12-06 21:04:49 - [TEST_STEP][PASSED] - Statement - CaseReferenceNo = com.kms.katalon.core.webui.keyword.WebUiBuiltInKeywords.getText(com.kms.katalon.core.testobject.ObjectRepository.findTestObject(Final Object Repo/Page_Update Employer Information/Reference Number in Update Employee Information Page)): Text of object 'Object Repository/Final Object Repo/Page_Update Employer Information/Reference Number in Update Employee Information Page' is: 'ERN122018C200002377'

2018-12-06 21:04:51 - [MESSAGE][PASSED] - Text of object 'Object Repository/Final Object Repo/Page_Update Employer Information/Reference Number in Update Employee Information Page' is: 'ERN122018C200002377'

2018-12-06 21:04:51 - [TEST_STEP][PASSED] - callTestCase: Call Test Case 'Test Cases/Final Aug 2018 - PKS Automation/Common/Reference Number Setter' successfully

2018-12-06 21:04:51 - [TEST_CASE][PASSED] - Test Cases/Final Aug 2018 - PKS Automation/Common/Reference Number Setter: Test Cases/Final Aug 2018 - PKS Automation/Common/Reference Number Setter

2018-12-06 21:04:51 - [TEST_STEP][PASSED] - Statement - RefNoOldFile = new java.io.File(C://Users//Admin//Desktop//PKS//Automation Reference Point//KatalonReference.txt): null

2018-12-06 21:04:51 - [TEST_STEP][PASSED] - Statement - RefNoOldFile.delete(): null

2018-12-06 21:04:51 - [TEST_STEP][PASSED] - delay: Delayed 5 second(s)

2018-12-06 21:04:56 - [MESSAGE][PASSED] - Delayed 5 second(s)

2018-12-06 21:04:56 - [TEST_STEP][PASSED] - Statement - RefNo = new java.io.File(C://Users//Admin//Desktop//PKS//Automation Reference Point//KatalonReference.txt): null

2018-12-06 21:04:56 - [TEST_STEP][PASSED] - Statement - f2 = new java.io.FileWriter(RefNo, false): null

2018-12-06 21:04:56 - [TEST_STEP][PASSED] - Statement - f2.write(CaseReferenceNo): null

2018-12-06 21:04:56 - [TEST_STEP][PASSED] - Statement - f2.close(): null

2018-12-06 21:04:56 - [TEST_STEP][PASSED] - Statement - out.println("


" + CaseReferenceNo + "


"): null

2018-12-06 21:04:56 - [MESSAGE][PASSED] - Call Test Case 'Test Cases/Final Aug 2018 - PKS Automation/Common/Reference Number Setter' successfully

2018-12-06 21:04:56 - [TEST_STEP][PASSED] - delay: Delayed 2 second(s)

2018-12-06 21:04:58 - [MESSAGE][PASSED] - Delayed 2 second(s)

2018-12-06 21:04:58 - [TEST_STEP][PASSED] - click: Object: 'Object Repository/Final Object Repo/Page_Form 3 EIS - Cessation as Employer/Save  Continue in Uploading Page' is clicked on

2018-12-06 21:04:59 - [MESSAGE][PASSED] - Object: 'Object Repository/Final Object Repo/Page_Form 3 EIS - Cessation as Employer/Save  Continue in Uploading Page' is clicked on

2018-12-06 21:04:59 - [TEST_STEP][PASSED] - delay: Delayed 2 second(s)

2018-12-06 21:05:01 - [MESSAGE][PASSED] - Delayed 2 second(s)

2018-12-06 21:05:01 - [TEST_STEP][PASSED] - click: Object: 'Object Repository/Final Object Repo/Page_Form 3 EIS - Cessation as Employer/Submit' is clicked on

2018-12-06 21:05:03 - [MESSAGE][PASSED] - Object: 'Object Repository/Final Object Repo/Page_Form 3 EIS - Cessation as Employer/Submit' is clicked on

2018-12-06 21:05:03 - [TEST_STEP][PASSED] - delay: Delayed 2 second(s)

2018-12-06 21:05:05 - [MESSAGE][PASSED] - Delayed 2 second(s)

2018-12-06 21:05:05 - [TEST_STEP][PASSED] - click: Object: 'Object Repository/Final Object Repo/Page_Form 3 EIS - Cessation as Employer/Confirm' is clicked on

2018-12-06 21:05:05 - [MESSAGE][PASSED] - Object: 'Object Repository/Final Object Repo/Page_Form 3 EIS - Cessation as Employer/Confirm' is clicked on

2018-12-06 21:05:05 - [TEST_STEP][PASSED] - delay: Delayed 2 second(s)

2018-12-06 21:05:07 - [MESSAGE][PASSED] - Delayed 2 second(s)

2018-12-06 21:05:07 - [TEST_STEP][PASSED] - click: Object: 'Object Repository/Final Object Repo/Page_Form 3 EIS - Cessation as Employer/Message Your Request will be routed to UO' is clicked on

2018-12-06 21:05:12 - [MESSAGE][PASSED] - Object: 'Object Repository/Final Object Repo/Page_Form 3 EIS - Cessation as Employer/Message Your Request will be routed to UO' is clicked on

2018-12-06 21:05:12 - [TEST_STEP][PASSED] - click: Object: 'Object Repository/Final Object Repo/Page_Form 3 EIS - Cessation as Employer/Letter of acknowledgement' is clicked on

2018-12-06 21:05:12 - [MESSAGE][PASSED] - Object: 'Object Repository/Final Object Repo/Page_Form 3 EIS - Cessation as Employer/Letter of acknowledgement' is clicked on

2018-12-06 21:05:12 - [MESSAGE][PASSED] - Call Test Case 'Test Cases/Final Aug 2018 - PKS Automation/Registration Module/Workflow/Form 3 EIS - Cessation As Employer/Template/Form 3 A - Cessation As Employer (Employer)' successfully

2018-12-06 21:05:12 - [TEST_STEP][PASSED] - callTestCase: Call Test Case 'Test Cases/Final Aug 2018 - PKS Automation/Registration Module/Workflow/Form 3 EIS - Cessation As Employer/Template/Form 3 A - Cessation As Employer (Reject)' successfully

2018-12-06 21:05:12 - [TEST_CASE][PASSED] - Test Cases/Final Aug 2018 - PKS Automation/Registration Module/Workflow/Form 3 EIS - Cessation As Employer/Template/Form 3 A - Cessation As Employer (Reject): Test Cases/Final Aug 2018 - PKS Automation/Registration Module/Workflow/Form 3 EIS - Cessation As Employer/Template/Form 3 A - Cessation As Employer (Reject)

2018-12-06 21:05:13 - [TEST_STEP][NOT_RUN] - callTestCase: NOT_RUN: callTestCase

2018-12-06 21:05:13 - [MESSAGE][NOT_RUN] - NOT_RUN: callTestCase

2018-12-06 21:05:13 - [TEST_STEP][PASSED] - delay: Delayed 1 second(s)

2018-12-06 21:05:14 - [MESSAGE][PASSED] - Delayed 1 second(s)

2018-12-06 21:05:14 - [TEST_STEP][PASSED] - navigateToUrl: Navigate to 'https://assist2-uat.perkeso.gov.my/c/portal/logout' successfully

2018-12-06 21:05:14 - [MESSAGE][PASSED] - Navigate to 'https://assist2-uat.perkeso.gov.my/c/portal/logout' successfully

2018-12-06 21:05:14 - [TEST_STEP][PASSED] - delay: Delayed 1 second(s)

2018-12-06 21:05:15 - [MESSAGE][PASSED] - Delayed 1 second(s)

2018-12-06 21:05:15 - [TEST_STEP][PASSED] - callTestCase: Call Test Case 'Test Cases/Final Aug 2018 - PKS Automation/Common/Reference Number Getter' successfully

2018-12-06 21:05:15 - [TEST_CASE][PASSED] - Test Cases/Final Aug 2018 - PKS Automation/Common/Reference Number Getter: Test Cases/Final Aug 2018 - PKS Automation/Common/Reference Number Getter

2018-12-06 21:05:15 - [TEST_STEP][PASSED] - Statement - Try: null

2018-12-06 21:05:15 - [TEST_STEP][PASSED] - Statement - RefNo = new java.io.File(C://Users//Admin//Desktop//PKS//Automation Reference Point//KatalonReference.txt): null

2018-12-06 21:05:15 - [TEST_STEP][PASSED] - Statement - bufferread = new java.io.BufferedReader(new java.io.FileReader(RefNo)): null

2018-12-06 21:05:15 - [TEST_STEP][PASSED] - Statement - readedVal = bufferread.readLine(): null

2018-12-06 21:05:15 - [TEST_STEP][PASSED] - Statement - out.println(CaseReferenceNo): null

2018-12-06 21:05:15 - [TEST_STEP][PASSED] - Statement - out.println(readedVal): null

2018-12-06 21:05:15 - [TEST_STEP][PASSED] - Statement - CaseReferenceNo = "": null

2018-12-06 21:05:15 - [TEST_STEP][PASSED] - Statement - CaseReferenceNo = readedVal: null

2018-12-06 21:05:15 - [MESSAGE][PASSED] - Call Test Case 'Test Cases/Final Aug 2018 - PKS Automation/Common/Reference Number Getter' successfully

2018-12-06 21:05:15 - [TEST_STEP][PASSED] - callTestCase: Call Test Case 'Test Cases/Final Aug 2018 - PKS Automation/Common/Workflow Owner Finder' successfully

2018-12-06 21:05:16 - [TEST_CASE][PASSED] - Test Cases/Final Aug 2018 - PKS Automation/Common/Workflow Owner Finder: Test Cases/Final Aug 2018 - PKS Automation/Common/Workflow Owner Finder

2018-12-06 21:05:16 - [TEST_STEP][PASSED] - openBrowser: Browser is opened with url: ''

2018-12-06 21:05:16 - [MESSAGE][WARNING] - A browser is already opened. Closing browser and opening a new one

2018-12-06 21:05:19 - [MESSAGE][PASSED] - Browser is opened with url: ''

2018-12-06 21:05:19 - [TEST_STEP][PASSED] - navigateToUrl: Navigate to 'https://assist2-uat.perkeso.gov.my/login' successfully

2018-12-06 21:05:20 - [MESSAGE][PASSED] - Navigate to 'https://assist2-uat.perkeso.gov.my/login' successfully

2018-12-06 21:05:20 - [TEST_STEP][PASSED] - delay: Delayed 5 second(s)

2018-12-06 21:05:25 - [MESSAGE][PASSED] - Delayed 5 second(s)

2018-12-06 21:05:25 - [TEST_STEP][PASSED] - setText: Text 'test@liferay.com' is set on object 'Object Repository/Final Object Repo/Login Page/Internal User/Email Address'

2018-12-06 21:05:26 - [MESSAGE][PASSED] - Text 'test@liferay.com' is set on object 'Object Repository/Final Object Repo/Login Page/Internal User/Email Address'

2018-12-06 21:05:26 - [TEST_STEP][PASSED] - click: Object: 'Object Repository/Final Object Repo/Login Page/Internal User/Next Button' is clicked on

2018-12-06 21:05:26 - [MESSAGE][PASSED] - Object: 'Object Repository/Final Object Repo/Login Page/Internal User/Next Button' is clicked on

2018-12-06 21:05:26 - [TEST_STEP][PASSED] - delay: Delayed 2 second(s)

2018-12-06 21:05:28 - [MESSAGE][PASSED] - Delayed 2 second(s)

2018-12-06 21:05:28 - [TEST_STEP][PASSED] - setText: Text 'test' is set on object 'Object Repository/Final Object Repo/Login Page/Internal User/Password'

2018-12-06 21:05:28 - [MESSAGE][PASSED] - Text 'test' is set on object 'Object Repository/Final Object Repo/Login Page/Internal User/Password'

2018-12-06 21:05:28 - [TEST_STEP][PASSED] - delay: Delayed 2 second(s)

2018-12-06 21:05:30 - [MESSAGE][PASSED] - Delayed 2 second(s)

2018-12-06 21:05:30 - [TEST_STEP][PASSED] - click: Object: 'Object Repository/Final Object Repo/Login Page/Internal User/Login Button' is clicked on

2018-12-06 21:05:30 - [MESSAGE][PASSED] - Object: 'Object Repository/Final Object Repo/Login Page/Internal User/Login Button' is clicked on

2018-12-06 21:05:30 - [TEST_STEP][PASSED] - Statement - tester = com.kms.katalon.core.testobject.ObjectRepository.findTestObject(Final Object Repo/Landing Page/Select to English): Finding Test Object with id 'Object Repository/Final Object Repo/Landing Page/Select to English'

2018-12-06 21:05:30 - [TEST_STEP][PASSED] - Statement - Try: Delayed 2 second(s)

2018-12-06 21:05:30 - [TEST_STEP][PASSED] - Statement - Checker = com.kms.katalon.core.webui.keyword.WebUiBuiltInKeywords.verifyElementNotPresent(tester, 3): Web element with id: 'Object Repository/Final Object Repo/Landing Page/Select to English' located by 'By.xpath: //a[@class = 'taglib-language-list-text' and @lang = 'en-US' and (contains(text(), 'EN') or contains(., 'EN'))]' is not present after '3' second(s)

2018-12-06 21:05:32 - [MESSAGE][PASSED] - Web element with id: 'Object Repository/Final Object Repo/Landing Page/Select to English' located by 'By.xpath: //a[@class = 'taglib-language-list-text' and @lang = 'en-US' and (contains(text(), 'EN') or contains(., 'EN'))]' is not present after '3' second(s)

2018-12-06 21:05:32 - [TEST_STEP][PASSED] - Statement - If (Checker == false): null

2018-12-06 21:05:32 - [TEST_STEP][PASSED] - delay: Delayed 2 second(s)

2018-12-06 21:05:34 - [MESSAGE][PASSED] - Delayed 2 second(s)

2018-12-06 21:05:34 - [TEST_STEP][PASSED] - delay: Delayed 5 second(s)

2018-12-06 21:05:39 - [MESSAGE][PASSED] - Delayed 5 second(s)

2018-12-06 21:05:39 - [TEST_STEP][PASSED] - mouseOver: Object: 'Object Repository/Final Object Repo/Landing Page/WorkFlow Menu' is hovered

2018-12-06 21:05:39 - [MESSAGE][PASSED] - Object: 'Object Repository/Final Object Repo/Landing Page/WorkFlow Menu' is hovered

2018-12-06 21:05:39 - [TEST_STEP][PASSED] - delay: Delayed 2 second(s)

2018-12-06 21:05:41 - [MESSAGE][PASSED] - Delayed 2 second(s)

2018-12-06 21:05:41 - [TEST_STEP][PASSED] - click: Object: 'Object Repository/Final Object Repo/Landing Page/Select to Workflow Listing' is clicked on

2018-12-06 21:05:43 - [MESSAGE][PASSED] - Object: 'Object Repository/Final Object Repo/Landing Page/Select to Workflow Listing' is clicked on

2018-12-06 21:05:43 - [TEST_STEP][PASSED] - delay: Delayed 2 second(s)

2018-12-06 21:05:45 - [MESSAGE][PASSED] - Delayed 2 second(s)

2018-12-06 21:05:45 - [TEST_STEP][PASSED] - click: Object: 'Object Repository/Final Object Repo/WorkFlow Listing Page/Search Information - To Put Ref No' is clicked on

2018-12-06 21:05:45 - [MESSAGE][PASSED] - Object: 'Object Repository/Final Object Repo/WorkFlow Listing Page/Search Information - To Put Ref No' is clicked on

2018-12-06 21:05:45 - [TEST_STEP][PASSED] - delay: Delayed 2 second(s)

2018-12-06 21:05:47 - [MESSAGE][PASSED] - Delayed 2 second(s)

2018-12-06 21:05:47 - [TEST_STEP][PASSED] - callTestCase: Call Test Case 'Test Cases/Final Aug 2018 - PKS Automation/Common/Reference Number Getter' successfully

2018-12-06 21:05:47 - [TEST_CASE][PASSED] - Test Cases/Final Aug 2018 - PKS Automation/Common/Reference Number Getter: Test Cases/Final Aug 2018 - PKS Automation/Common/Reference Number Getter

2018-12-06 21:05:47 - [TEST_STEP][PASSED] - Statement - Try: null

2018-12-06 21:05:47 - [TEST_STEP][PASSED] - Statement - RefNo = new java.io.File(C://Users//Admin//Desktop//PKS//Automation Reference Point//KatalonReference.txt): null

2018-12-06 21:05:47 - [TEST_STEP][PASSED] - Statement - bufferread = new java.io.BufferedReader(new java.io.FileReader(RefNo)): null

2018-12-06 21:05:47 - [TEST_STEP][PASSED] - Statement - readedVal = bufferread.readLine(): null

2018-12-06 21:05:47 - [TEST_STEP][PASSED] - Statement - out.println(CaseReferenceNo): null

2018-12-06 21:05:47 - [TEST_STEP][PASSED] - Statement - out.println(readedVal): null

2018-12-06 21:05:47 - [TEST_STEP][PASSED] - Statement - CaseReferenceNo = "": null

2018-12-06 21:05:47 - [TEST_STEP][PASSED] - Statement - CaseReferenceNo = readedVal: null

2018-12-06 21:05:47 - [MESSAGE][PASSED] - Call Test Case 'Test Cases/Final Aug 2018 - PKS Automation/Common/Reference Number Getter' successfully

2018-12-06 21:05:47 - [TEST_STEP][PASSED] - setText: Text 'ERN122018C200002377' is set on object 'Object Repository/Final Object Repo/WorkFlow Listing Page/Ref No Set Text'

2018-12-06 21:05:47 - [MESSAGE][PASSED] - Text 'ERN122018C200002377' is set on object 'Object Repository/Final Object Repo/WorkFlow Listing Page/Ref No Set Text'

2018-12-06 21:05:47 - [TEST_STEP][PASSED] - delay: Delayed 2 second(s)

2018-12-06 21:05:49 - [MESSAGE][PASSED] - Delayed 2 second(s)

2018-12-06 21:05:49 - [TEST_STEP][PASSED] - click: Object: 'Object Repository/Final Object Repo/WorkFlow Listing Page/Search Ref No Search Button' is clicked on

2018-12-06 21:05:49 - [MESSAGE][PASSED] - Object: 'Object Repository/Final Object Repo/WorkFlow Listing Page/Search Ref No Search Button' is clicked on

2018-12-06 21:05:49 - [TEST_STEP][PASSED] - delay: Delayed 6 second(s)

2018-12-06 21:05:55 - [MESSAGE][PASSED] - Delayed 6 second(s)

2018-12-06 21:05:55 - [TEST_STEP][PASSED] - click: Object: 'Object Repository/Final Object Repo/WorkFlow Listing Page/Click Continue Tooltip' is clicked on

2018-12-06 21:05:56 - [MESSAGE][PASSED] - Object: 'Object Repository/Final Object Repo/WorkFlow Listing Page/Click Continue Tooltip' is clicked on

2018-12-06 21:05:56 - [TEST_STEP][PASSED] - delay: Delayed 5 second(s)

2018-12-06 21:06:01 - [MESSAGE][PASSED] - Delayed 5 second(s)

2018-12-06 21:06:01 - [TEST_STEP][PASSED] - doubleClick: Object: 'Object Repository/Final Object Repo/WorkFlow Listing Page/Workflow Found - Listing 1' is double clicked on

2018-12-06 21:06:02 - [MESSAGE][PASSED] - Object: 'Object Repository/Final Object Repo/WorkFlow Listing Page/Workflow Found - Listing 1' is double clicked on

2018-12-06 21:06:02 - [TEST_STEP][PASSED] - Statement - println(OwnerID): null

2018-12-06 21:06:02 - [TEST_STEP][PASSED] - Statement - OwnerID = com.kms.katalon.core.webui.keyword.WebUiBuiltInKeywords.getText(com.kms.katalon.core.testobject.ObjectRepository.findTestObject(Final Object Repo/WorkFlow Listing Page/Workflow Found - Listing 1), STOP_ON_FAILURE): Text of object 'Object Repository/Final Object Repo/WorkFlow Listing Page/Workflow Found - Listing 1' is: 'JOHORuo3'

2018-12-06 21:06:02 - [MESSAGE][PASSED] - Text of object 'Object Repository/Final Object Repo/WorkFlow Listing Page/Workflow Found - Listing 1' is: 'JOHORuo3'

2018-12-06 21:06:02 - [TEST_STEP][PASSED] - Statement - OwnerID = OwnerID.toLowerCase() + "@gmail.com": null

2018-12-06 21:06:02 - [TEST_STEP][PASSED] - Statement - println(OwnerID): null

2018-12-06 21:06:02 - [TEST_STEP][PASSED] - delay: Delayed 2 second(s)

2018-12-06 21:06:04 - [MESSAGE][PASSED] - Delayed 2 second(s)

2018-12-06 21:06:04 - [MESSAGE][PASSED] - Call Test Case 'Test Cases/Final Aug 2018 - PKS Automation/Common/Workflow Owner Finder' successfully

2018-12-06 21:06:04 - [TEST_STEP][PASSED] - delay: Delayed 1 second(s)

2018-12-06 21:06:05 - [MESSAGE][PASSED] - Delayed 1 second(s)

2018-12-06 21:06:05 - [TEST_STEP][PASSED] - navigateToUrl: Navigate to 'https://assist2-uat.perkeso.gov.my/c/portal/logout' successfully

2018-12-06 21:06:05 - [MESSAGE][PASSED] - Navigate to 'https://assist2-uat.perkeso.gov.my/c/portal/logout' successfully

2018-12-06 21:06:05 - [TEST_STEP][PASSED] - delay: Delayed 1 second(s)

2018-12-06 21:06:06 - [MESSAGE][PASSED] - Delayed 1 second(s)

2018-12-06 21:06:06 - [TEST_STEP][PASSED] - callTestCase: Call Test Case 'Test Cases/Final Aug 2018 - PKS Automation/Registration Module/Workflow/Login and Search Case For Workflow' successfully

2018-12-06 21:06:06 - [TEST_CASE][PASSED] - Test Cases/Final Aug 2018 - PKS Automation/Registration Module/Workflow/Login and Search Case For Workflow: Test Cases/Final Aug 2018 - PKS Automation/Registration Module/Workflow/Login and Search Case For Workflow

2018-12-06 21:06:06 - [TEST_STEP][PASSED] - navigateToUrl: Navigate to 'https://assist2-uat.perkeso.gov.my/login' successfully

2018-12-06 21:06:07 - [MESSAGE][PASSED] - Navigate to 'https://assist2-uat.perkeso.gov.my/login' successfully

2018-12-06 21:06:07 - [TEST_STEP][PASSED] - setText: Text 'johoruo3@gmail.com' is set on object 'Object Repository/Final Object Repo/Login Page/Internal User/Email Address'

2018-12-06 21:06:07 - [MESSAGE][PASSED] - Text 'johoruo3@gmail.com' is set on object 'Object Repository/Final Object Repo/Login Page/Internal User/Email Address'

2018-12-06 21:06:07 - [TEST_STEP][PASSED] - click: Object: 'Object Repository/Final Object Repo/Login Page/Internal User/Next Button' is clicked on

2018-12-06 21:06:07 - [MESSAGE][PASSED] - Object: 'Object Repository/Final Object Repo/Login Page/Internal User/Next Button' is clicked on

2018-12-06 21:06:07 - [TEST_STEP][PASSED] - delay: Delayed 1 second(s)

2018-12-06 21:06:08 - [MESSAGE][PASSED] - Delayed 1 second(s)

2018-12-06 21:06:08 - [TEST_STEP][PASSED] - setEncryptedText: Text ****** has been set on object 'Object Repository/Final Object Repo/Login Page/Internal User/Password'

2018-12-06 21:06:09 - [MESSAGE][PASSED] - Text ****** has been set on object 'Object Repository/Final Object Repo/Login Page/Internal User/Password'

2018-12-06 21:06:09 - [TEST_STEP][PASSED] - click: Object: 'Object Repository/Final Object Repo/Login Page/Internal User/Login Button' is clicked on

2018-12-06 21:06:09 - [MESSAGE][PASSED] - Object: 'Object Repository/Final Object Repo/Login Page/Internal User/Login Button' is clicked on

2018-12-06 21:06:09 - [TEST_STEP][PASSED] - delay: Delayed 2 second(s)

2018-12-06 21:06:11 - [MESSAGE][PASSED] - Delayed 2 second(s)

2018-12-06 21:06:11 - [TEST_STEP][PASSED] - Statement - Try: Delayed 2 second(s)

2018-12-06 21:06:11 - [TEST_STEP][PASSED] - Statement - Checker = false: null

2018-12-06 21:06:11 - [TEST_STEP][PASSED] - Statement - Checker = com.kms.katalon.core.webui.keyword.WebUiBuiltInKeywords.verifyElementHasAttribute(com.kms.katalon.core.testobject.ObjectRepository.findTestObject(Final Object Repo/Landing Page/BM Detecting), "href", 20, OPTIONAL): Object 'Object Repository/Final Object Repo/Landing Page/BM Detecting' has attribute 'href'

2018-12-06 21:06:11 - [MESSAGE][PASSED] - Object 'Object Repository/Final Object Repo/Landing Page/BM Detecting' has attribute 'href'

2018-12-06 21:06:11 - [TEST_STEP][PASSED] - Statement - out.println(Checker): null

2018-12-06 21:06:11 - [TEST_STEP][PASSED] - Statement - If (Checker == false): null

2018-12-06 21:06:11 - [TEST_STEP][PASSED] - Statement - Else: null

2018-12-06 21:06:11 - [TEST_STEP][PASSED] - delay: Delayed 2 second(s)

2018-12-06 21:06:13 - [MESSAGE][PASSED] - Delayed 2 second(s)

2018-12-06 21:06:13 - [TEST_STEP][PASSED] - click: Object: 'Object Repository/Final Object Repo/Page_MyASSIST - ASSIST - Search Pending Case For Add Supporting Document/Search Information' is clicked on

2018-12-06 21:06:13 - [MESSAGE][PASSED] - Object: 'Object Repository/Final Object Repo/Page_MyASSIST - ASSIST - Search Pending Case For Add Supporting Document/Search Information' is clicked on

2018-12-06 21:06:13 - [TEST_STEP][PASSED] - delay: Delayed 3 second(s)

2018-12-06 21:06:16 - [MESSAGE][PASSED] - Delayed 3 second(s)

2018-12-06 21:06:16 - [TEST_STEP][PASSED] - sendKeys: Keys 'ERN122018C200002377' sent to object: 'Object Repository/Final Object Repo/Page_MyASSIST - ASSIST - Search Pending Case For Add Supporting Document/Reference No'

2018-12-06 21:06:16 - [MESSAGE][PASSED] - Keys 'ERN122018C200002377' sent to object: 'Object Repository/Final Object Repo/Page_MyASSIST - ASSIST - Search Pending Case For Add Supporting Document/Reference No'

2018-12-06 21:06:16 - [TEST_STEP][PASSED] - click: Object: 'Object Repository/Final Object Repo/Page_MyASSIST - ASSIST - Search Pending Case For Add Supporting Document/Search Reference No' is clicked on

2018-12-06 21:06:17 - [MESSAGE][PASSED] - Object: 'Object Repository/Final Object Repo/Page_MyASSIST - ASSIST - Search Pending Case For Add Supporting Document/Search Reference No' is clicked on

2018-12-06 21:06:17 - [TEST_STEP][PASSED] - delay: Delayed 2 second(s)

2018-12-06 21:06:19 - [MESSAGE][PASSED] - Delayed 2 second(s)

2018-12-06 21:06:19 - [TEST_STEP][PASSED] - click: Object: 'Object Repository/Final Object Repo/Page_MyASSIST - ASSIST - Search Pending Case For Add Supporting Document/Continue' is clicked on

2018-12-06 21:06:22 - [MESSAGE][PASSED] - Object: 'Object Repository/Final Object Repo/Page_MyASSIST - ASSIST - Search Pending Case For Add Supporting Document/Continue' is clicked on

2018-12-06 21:06:22 - [TEST_STEP][PASSED] - delay: Delayed 20 second(s)

2018-12-06 21:06:42 - [MESSAGE][PASSED] - Delayed 20 second(s)

2018-12-06 21:06:42 - [MESSAGE][PASSED] - Call Test Case 'Test Cases/Final Aug 2018 - PKS Automation/Registration Module/Workflow/Login and Search Case For Workflow' successfully

2018-12-06 21:06:42 - [TEST_STEP][PASSED] - click: Object: 'Object Repository/Final Object Repo/Page_Form 3 EIS - Cessation as Employer/Page_Form 3 EIS - Cessation as Employer (Approve)/Save  Continue in Form 3 Page' is clicked on

2018-12-06 21:06:42 - [MESSAGE][PASSED] - Object: 'Object Repository/Final Object Repo/Page_Form 3 EIS - Cessation as Employer/Page_Form 3 EIS - Cessation as Employer (Approve)/Save  Continue in Form 3 Page' is clicked on

2018-12-06 21:06:42 - [TEST_STEP][PASSED] - delay: Delayed 2 second(s)

2018-12-06 21:06:44 - [MESSAGE][PASSED] - Delayed 2 second(s)

2018-12-06 21:06:44 - [TEST_STEP][PASSED] - click: Object: 'Object Repository/Final Object Repo/Page_Form 3 EIS - Cessation as Employer/Page_Form 3 EIS - Cessation as Employer (Approve)/Save  Continue in Resigned Page' is clicked on

2018-12-06 21:06:44 - [MESSAGE][PASSED] - Object: 'Object Repository/Final Object Repo/Page_Form 3 EIS - Cessation as Employer/Page_Form 3 EIS - Cessation as Employer (Approve)/Save  Continue in Resigned Page' is clicked on

2018-12-06 21:06:44 - [TEST_STEP][PASSED] - delay: Delayed 2 second(s)

2018-12-06 21:06:46 - [MESSAGE][PASSED] - Delayed 2 second(s)

2018-12-06 21:06:46 - [TEST_STEP][PASSED] - click: Object: 'Object Repository/Final Object Repo/Page_Form 3 EIS - Cessation as Employer/Page_Form 3 EIS - Cessation as Employer (Approve)/Save  Continue in Uploading Page' is clicked on

2018-12-06 21:06:48 - [MESSAGE][PASSED] - Object: 'Object Repository/Final Object Repo/Page_Form 3 EIS - Cessation as Employer/Page_Form 3 EIS - Cessation as Employer (Approve)/Save  Continue in Uploading Page' is clicked on

2018-12-06 21:06:48 - [TEST_STEP][PASSED] - delay: Delayed 2 second(s)

2018-12-06 21:06:50 - [MESSAGE][PASSED] - Delayed 2 second(s)

2018-12-06 21:06:50 - [TEST_STEP][PASSED] - click: Object: 'Object Repository/Final Object Repo/Page_Form 3 EIS - Cessation as Employer/Page_Form 3 EIS - Cessation as Employer (Reject)/Reject' is clicked on

2018-12-06 21:06:52 - [MESSAGE][PASSED] - Object: 'Object Repository/Final Object Repo/Page_Form 3 EIS - Cessation as Employer/Page_Form 3 EIS - Cessation as Employer (Reject)/Reject' is clicked on

2018-12-06 21:06:52 - [TEST_STEP][PASSED] - delay: Delayed 2 second(s)

2018-12-06 21:06:54 - [MESSAGE][PASSED] - Delayed 2 second(s)

2018-12-06 21:06:54 - [TEST_STEP][PASSED] - click: Object: 'Object Repository/Final Object Repo/Page_Form 3 EIS - Cessation as Employer/Page_Form 3 EIS - Cessation as Employer (Reject)/Confirm' is clicked on

2018-12-06 21:06:55 - [MESSAGE][PASSED] - Object: 'Object Repository/Final Object Repo/Page_Form 3 EIS - Cessation as Employer/Page_Form 3 EIS - Cessation as Employer (Reject)/Confirm' is clicked on

2018-12-06 21:06:55 - [TEST_STEP][PASSED] - delay: Delayed 2 second(s)

2018-12-06 21:06:57 - [MESSAGE][PASSED] - Delayed 2 second(s)

2018-12-06 21:06:57 - [TEST_STEP][PASSED] - click: Object: 'Object Repository/Final Object Repo/Page_Form 3 EIS - Cessation as Employer/Page_Form 3 EIS - Cessation as Employer (Reject)/Message This Case has been Rejected' is clicked on

2018-12-06 21:07:00 - [MESSAGE][PASSED] - Object: 'Object Repository/Final Object Repo/Page_Form 3 EIS - Cessation as Employer/Page_Form 3 EIS - Cessation as Employer (Reject)/Message This Case has been Rejected' is clicked on

2018-12-06 21:07:00 - [TEST_STEP][PASSED] - click: Object: 'Object Repository/Final Object Repo/Page_Form 3 EIS - Cessation as Employer/Page_Form 3 EIS - Cessation as Employer (Reject)/Letter of update rejection' is clicked on

2018-12-06 21:07:01 - [MESSAGE][PASSED] - Object: 'Object Repository/Final Object Repo/Page_Form 3 EIS - Cessation as Employer/Page_Form 3 EIS - Cessation as Employer (Reject)/Letter of update rejection' is clicked on

2018-12-06 21:07:01 - [MESSAGE][PASSED] - Call Test Case 'Test Cases/Final Aug 2018 - PKS Automation/Registration Module/Workflow/Form 3 EIS - Cessation As Employer/Template/Form 3 A - Cessation As Employer (Reject)' successfully]]></system-out>
         <system-err><![CDATA[]]></system-err>
      </testcase>
      <testcase name="Test Cases/Final Aug 2018 - PKS Automation/Registration Module/Workflow/Form 3 EIS - Cessation As Employer/Employer to UO (Under enforcement)" classname="Test Cases/Final Aug 2018 - PKS Automation/Registration Module/Workflow/Form 3 EIS - Cessation As Employer/Employer to UO (Under enforcement)" status="PASSED">
         <system-out><![CDATA[2018-12-06 21:07:01 - [TEST_CASE][PASSED] - Test Cases/Final Aug 2018 - PKS Automation/Registration Module/Workflow/Form 3 EIS - Cessation As Employer/Employer to UO (Under enforcement): Test Cases/Final Aug 2018 - PKS Automation/Registration Module/Workflow/Form 3 EIS - Cessation As Employer/Employer to UO (Under enforcement)

2018-12-06 21:07:02 - [TEST_STEP][PASSED] - callTestCase: Call Test Case 'Test Cases/Final Aug 2018 - PKS Automation/Registration Module/Workflow/Form 3 EIS - Cessation As Employer/Template/Form 3 A - Cessation As Employer (OTC)' successfully

2018-12-06 21:07:02 - [TEST_CASE][PASSED] - Test Cases/Final Aug 2018 - PKS Automation/Registration Module/Workflow/Form 3 EIS - Cessation As Employer/Template/Form 3 A - Cessation As Employer (OTC): Test Cases/Final Aug 2018 - PKS Automation/Registration Module/Workflow/Form 3 EIS - Cessation As Employer/Template/Form 3 A - Cessation As Employer (OTC)

2018-12-06 21:07:02 - [TEST_STEP][PASSED] - openBrowser: Browser is opened with url: ''

2018-12-06 21:07:02 - [MESSAGE][WARNING] - A browser is already opened. Closing browser and opening a new one

2018-12-06 21:07:06 - [MESSAGE][PASSED] - Browser is opened with url: ''

2018-12-06 21:07:06 - [TEST_STEP][PASSED] - navigateToUrl: Navigate to 'https://assist2-uat.perkeso.gov.my/login' successfully

2018-12-06 21:07:07 - [MESSAGE][PASSED] - Navigate to 'https://assist2-uat.perkeso.gov.my/login' successfully

2018-12-06 21:07:07 - [TEST_STEP][PASSED] - setText: Text 'johorotc1@gmail.com' is set on object 'Object Repository/Final Object Repo/Login Page/Internal User/Email Address'

2018-12-06 21:07:07 - [MESSAGE][PASSED] - Text 'johorotc1@gmail.com' is set on object 'Object Repository/Final Object Repo/Login Page/Internal User/Email Address'

2018-12-06 21:07:07 - [TEST_STEP][PASSED] - click: Object: 'Object Repository/Final Object Repo/Login Page/Internal User/Next Button' is clicked on

2018-12-06 21:07:08 - [MESSAGE][PASSED] - Object: 'Object Repository/Final Object Repo/Login Page/Internal User/Next Button' is clicked on

2018-12-06 21:07:08 - [TEST_STEP][PASSED] - delay: Delayed 1 second(s)

2018-12-06 21:07:09 - [MESSAGE][PASSED] - Delayed 1 second(s)

2018-12-06 21:07:09 - [TEST_STEP][PASSED] - setEncryptedText: Text ****** has been set on object 'Object Repository/Final Object Repo/Login Page/Internal User/Password'

2018-12-06 21:07:09 - [MESSAGE][PASSED] - Text ****** has been set on object 'Object Repository/Final Object Repo/Login Page/Internal User/Password'

2018-12-06 21:07:09 - [TEST_STEP][PASSED] - click: Object: 'Object Repository/Final Object Repo/Login Page/Internal User/Login Button' is clicked on

2018-12-06 21:07:09 - [MESSAGE][PASSED] - Object: 'Object Repository/Final Object Repo/Login Page/Internal User/Login Button' is clicked on

2018-12-06 21:07:09 - [TEST_STEP][PASSED] - delay: Delayed 1 second(s)

2018-12-06 21:07:10 - [MESSAGE][PASSED] - Delayed 1 second(s)

2018-12-06 21:07:10 - [TEST_STEP][PASSED] - Statement - Try: Delayed 2 second(s)

2018-12-06 21:07:10 - [TEST_STEP][PASSED] - Statement - Checker = false: null

2018-12-06 21:07:10 - [TEST_STEP][PASSED] - Statement - Checker = com.kms.katalon.core.webui.keyword.WebUiBuiltInKeywords.verifyElementHasAttribute(com.kms.katalon.core.testobject.ObjectRepository.findTestObject(Final Object Repo/Landing Page/BM Detecting), "href", 20, OPTIONAL): Object 'Object Repository/Final Object Repo/Landing Page/BM Detecting' has attribute 'href'

2018-12-06 21:07:11 - [MESSAGE][PASSED] - Object 'Object Repository/Final Object Repo/Landing Page/BM Detecting' has attribute 'href'

2018-12-06 21:07:11 - [TEST_STEP][PASSED] - Statement - out.println(Checker): null

2018-12-06 21:07:11 - [TEST_STEP][PASSED] - Statement - If (Checker == false): null

2018-12-06 21:07:11 - [TEST_STEP][PASSED] - Statement - Else: null

2018-12-06 21:07:11 - [TEST_STEP][PASSED] - delay: Delayed 2 second(s)

2018-12-06 21:07:13 - [MESSAGE][PASSED] - Delayed 2 second(s)

2018-12-06 21:07:13 - [TEST_STEP][PASSED] - navigateToUrl: Navigate to 'https://assist2-uat.perkeso.gov.my/web/registration/eis-update/form-3-eis-cessation-as-employer' successfully

2018-12-06 21:07:14 - [MESSAGE][PASSED] - Navigate to 'https://assist2-uat.perkeso.gov.my/web/registration/eis-update/form-3-eis-cessation-as-employer' successfully

2018-12-06 21:07:14 - [TEST_STEP][PASSED] - delay: Delayed 1 second(s)

2018-12-06 21:07:15 - [MESSAGE][PASSED] - Delayed 1 second(s)

2018-12-06 21:07:15 - [TEST_STEP][PASSED] - setText: Text 'E1102069769W' is set on object 'Object Repository/Final Object Repo/Page_Form 3 EIS - Cessation as Employer/Employer Code'

2018-12-06 21:07:15 - [MESSAGE][PASSED] - Text 'E1102069769W' is set on object 'Object Repository/Final Object Repo/Page_Form 3 EIS - Cessation as Employer/Employer Code'

2018-12-06 21:07:15 - [TEST_STEP][PASSED] - click: Object: 'Object Repository/Final Object Repo/Page_Form 3 EIS - Cessation as Employer/Search' is clicked on

2018-12-06 21:07:15 - [MESSAGE][PASSED] - Object: 'Object Repository/Final Object Repo/Page_Form 3 EIS - Cessation as Employer/Search' is clicked on

2018-12-06 21:07:15 - [TEST_STEP][PASSED] - click: Object: 'Object Repository/Final Object Repo/Page_Form 3 EIS - Cessation as Employer/Edit' is clicked on

2018-12-06 21:07:18 - [MESSAGE][PASSED] - Object: 'Object Repository/Final Object Repo/Page_Form 3 EIS - Cessation as Employer/Edit' is clicked on

2018-12-06 21:07:18 - [TEST_STEP][PASSED] - delay: Delayed 1 second(s)

2018-12-06 21:07:19 - [MESSAGE][PASSED] - Delayed 1 second(s)

2018-12-06 21:07:19 - [TEST_STEP][PASSED] - Statement - abc = com.kms.katalon.core.webui.keyword.WebUiBuiltInKeywords.getAttribute(com.kms.katalon.core.testobject.ObjectRepository.findTestObject(Final Object Repo/Page_Form 3 EIS - Cessation as Employer/Employer Status), "value"): Attribute 'value' of object 'Object Repository/Final Object Repo/Page_Form 3 EIS - Cessation as Employer/Employer Status' is: 'Active'

2018-12-06 21:07:19 - [MESSAGE][PASSED] - Attribute 'value' of object 'Object Repository/Final Object Repo/Page_Form 3 EIS - Cessation as Employer/Employer Status' is: 'Active'

2018-12-06 21:07:19 - [TEST_STEP][PASSED] - Statement - out.println(abc): null

2018-12-06 21:07:19 - [TEST_STEP][PASSED] - Statement - If (abc == "Active"): Object: 'Object Repository/Final Object Repo/Page_Form 3 EIS - Cessation as Employer/Dormant EIS' is clicked on

2018-12-06 21:07:19 - [TEST_STEP][PASSED] - click: Object: 'Object Repository/Final Object Repo/Page_Form 3 EIS - Cessation as Employer/Change Employer Status to' is clicked on

2018-12-06 21:07:19 - [MESSAGE][PASSED] - Object: 'Object Repository/Final Object Repo/Page_Form 3 EIS - Cessation as Employer/Change Employer Status to' is clicked on

2018-12-06 21:07:19 - [TEST_STEP][PASSED] - click: Object: 'Object Repository/Final Object Repo/Page_Form 3 EIS - Cessation as Employer/Dormant EIS' is clicked on

2018-12-06 21:07:19 - [MESSAGE][PASSED] - Object: 'Object Repository/Final Object Repo/Page_Form 3 EIS - Cessation as Employer/Dormant EIS' is clicked on

2018-12-06 21:07:19 - [TEST_STEP][PASSED] - click: Object: 'Object Repository/Final Object Repo/Page_Form 3 EIS - Cessation as Employer/Calender' is clicked on

2018-12-06 21:07:20 - [MESSAGE][PASSED] - Object: 'Object Repository/Final Object Repo/Page_Form 3 EIS - Cessation as Employer/Calender' is clicked on

2018-12-06 21:07:20 - [TEST_STEP][PASSED] - delay: Delayed 1 second(s)

2018-12-06 21:07:21 - [MESSAGE][PASSED] - Delayed 1 second(s)

2018-12-06 21:07:21 - [TEST_STEP][PASSED] - click: Object: 'Object Repository/Final Object Repo/Page_Form 3 EIS - Cessation as Employer/Calender - Date' is clicked on

2018-12-06 21:07:21 - [MESSAGE][PASSED] - Object: 'Object Repository/Final Object Repo/Page_Form 3 EIS - Cessation as Employer/Calender - Date' is clicked on

2018-12-06 21:07:21 - [TEST_STEP][PASSED] - click: Object: 'Object Repository/Final Object Repo/Page_Form 3 EIS - Cessation as Employer/Save  Continue in Form 3 EIS Page' is clicked on

2018-12-06 21:07:21 - [MESSAGE][PASSED] - Object: 'Object Repository/Final Object Repo/Page_Form 3 EIS - Cessation as Employer/Save  Continue in Form 3 EIS Page' is clicked on

2018-12-06 21:07:21 - [TEST_STEP][PASSED] - delay: Delayed 1 second(s)

2018-12-06 21:07:22 - [MESSAGE][PASSED] - Delayed 1 second(s)

2018-12-06 21:07:22 - [TEST_STEP][PASSED] - click: Object: 'Object Repository/Final Object Repo/Page_Form 3 EIS - Cessation as Employer/Employment Resign Date' is clicked on

2018-12-06 21:07:23 - [MESSAGE][PASSED] - Object: 'Object Repository/Final Object Repo/Page_Form 3 EIS - Cessation as Employer/Employment Resign Date' is clicked on

2018-12-06 21:07:23 - [TEST_STEP][PASSED] - selectOptionByValue: All options with value '2030' are selected in object 'Object Repository/Final Object Repo/Page_Form 3 EIS - Cessation as Employer/Employment Resign Date - Year' 

2018-12-06 21:07:23 - [MESSAGE][PASSED] - All options with value '2030' are selected in object 'Object Repository/Final Object Repo/Page_Form 3 EIS - Cessation as Employer/Employment Resign Date - Year' 

2018-12-06 21:07:23 - [TEST_STEP][PASSED] - delay: Delayed 2 second(s)

2018-12-06 21:07:25 - [MESSAGE][PASSED] - Delayed 2 second(s)

2018-12-06 21:07:25 - [TEST_STEP][PASSED] - click: Object: 'Object Repository/Final Object Repo/Page_Form 3 EIS - Cessation as Employer/Employment Resign Date - Year - Date' is clicked on

2018-12-06 21:07:25 - [MESSAGE][PASSED] - Object: 'Object Repository/Final Object Repo/Page_Form 3 EIS - Cessation as Employer/Employment Resign Date - Year - Date' is clicked on

2018-12-06 21:07:25 - [TEST_STEP][PASSED] - delay: Delayed 2 second(s)

2018-12-06 21:07:27 - [MESSAGE][PASSED] - Delayed 2 second(s)

2018-12-06 21:07:27 - [TEST_STEP][PASSED] - click: Object: 'Object Repository/Final Object Repo/Page_Form 3 EIS - Cessation as Employer/Save  Continue in Employment Resign Page' is clicked on

2018-12-06 21:07:27 - [MESSAGE][PASSED] - Object: 'Object Repository/Final Object Repo/Page_Form 3 EIS - Cessation as Employer/Save  Continue in Employment Resign Page' is clicked on

2018-12-06 21:07:27 - [TEST_STEP][PASSED] - delay: Delayed 2 second(s)

2018-12-06 21:07:29 - [MESSAGE][PASSED] - Delayed 2 second(s)

2018-12-06 21:07:29 - [TEST_STEP][PASSED] - click: Object: 'Object Repository/Final Object Repo/Page_Form 3 EIS - Cessation as Employer/Set Latest - Yes' is clicked on

2018-12-06 21:07:29 - [MESSAGE][PASSED] - Object: 'Object Repository/Final Object Repo/Page_Form 3 EIS - Cessation as Employer/Set Latest - Yes' is clicked on

2018-12-06 21:07:29 - [TEST_STEP][PASSED] - delay: Delayed 2 second(s)

2018-12-06 21:07:31 - [MESSAGE][PASSED] - Delayed 2 second(s)

2018-12-06 21:07:31 - [TEST_STEP][PASSED] - click: Object: 'Object Repository/Final Object Repo/Page_Form 3 EIS - Cessation as Employer/Add Document' is clicked on

2018-12-06 21:07:32 - [MESSAGE][PASSED] - Object: 'Object Repository/Final Object Repo/Page_Form 3 EIS - Cessation as Employer/Add Document' is clicked on

2018-12-06 21:07:32 - [TEST_STEP][PASSED] - delay: Delayed 3 second(s)

2018-12-06 21:07:35 - [MESSAGE][PASSED] - Delayed 3 second(s)

2018-12-06 21:07:35 - [TEST_STEP][PASSED] - click: Object: 'Object Repository/Final Object Repo/Page_Form 3 EIS - Cessation as Employer/Document Type' is clicked on

2018-12-06 21:07:36 - [MESSAGE][PASSED] - Object: 'Object Repository/Final Object Repo/Page_Form 3 EIS - Cessation as Employer/Document Type' is clicked on

2018-12-06 21:07:36 - [TEST_STEP][PASSED] - click: Object: 'Object Repository/Final Object Repo/Page_Form 3 EIS - Cessation as Employer/Document Type - Form 3' is clicked on

2018-12-06 21:07:36 - [MESSAGE][PASSED] - Object: 'Object Repository/Final Object Repo/Page_Form 3 EIS - Cessation as Employer/Document Type - Form 3' is clicked on

2018-12-06 21:07:36 - [TEST_STEP][PASSED] - delay: Delayed 2 second(s)

2018-12-06 21:07:38 - [MESSAGE][PASSED] - Delayed 2 second(s)

2018-12-06 21:07:38 - [TEST_STEP][PASSED] - sendKeys: Keys 'C:\Users\Public\Pictures\Sample Pictures\Koala.jpg' sent to object: 'Object Repository/Final Object Repo/Page_Form 3 EIS - Cessation as Employer/ploading File'

2018-12-06 21:07:38 - [MESSAGE][PASSED] - Keys 'C:\Users\Public\Pictures\Sample Pictures\Koala.jpg' sent to object: 'Object Repository/Final Object Repo/Page_Form 3 EIS - Cessation as Employer/ploading File'

2018-12-06 21:07:38 - [TEST_STEP][PASSED] - delay: Delayed 1 second(s)

2018-12-06 21:07:39 - [MESSAGE][PASSED] - Delayed 1 second(s)

2018-12-06 21:07:39 - [TEST_STEP][PASSED] - click: Object: 'Object Repository/Final Object Repo/Page_Form 3 EIS - Cessation as Employer/Add Document in Uploading Page' is clicked on

2018-12-06 21:07:39 - [MESSAGE][PASSED] - Object: 'Object Repository/Final Object Repo/Page_Form 3 EIS - Cessation as Employer/Add Document in Uploading Page' is clicked on

2018-12-06 21:07:39 - [TEST_STEP][PASSED] - delay: Delayed 2 second(s)

2018-12-06 21:07:41 - [MESSAGE][PASSED] - Delayed 2 second(s)

2018-12-06 21:07:41 - [TEST_STEP][PASSED] - Statement - CaseReferenceNo = com.kms.katalon.core.webui.keyword.WebUiBuiltInKeywords.getText(com.kms.katalon.core.testobject.ObjectRepository.findTestObject(Final Object Repo/Page_Update Employer Information/Reference Number in Update Employee Information Page)): Text of object 'Object Repository/Final Object Repo/Page_Update Employer Information/Reference Number in Update Employee Information Page' is: 'ERN122018C200002378'

2018-12-06 21:07:43 - [MESSAGE][PASSED] - Text of object 'Object Repository/Final Object Repo/Page_Update Employer Information/Reference Number in Update Employee Information Page' is: 'ERN122018C200002378'

2018-12-06 21:07:43 - [TEST_STEP][PASSED] - callTestCase: Call Test Case 'Test Cases/Final Aug 2018 - PKS Automation/Common/Reference Number Setter' successfully

2018-12-06 21:07:43 - [TEST_CASE][PASSED] - Test Cases/Final Aug 2018 - PKS Automation/Common/Reference Number Setter: Test Cases/Final Aug 2018 - PKS Automation/Common/Reference Number Setter

2018-12-06 21:07:43 - [TEST_STEP][PASSED] - Statement - RefNoOldFile = new java.io.File(C://Users//Admin//Desktop//PKS//Automation Reference Point//KatalonReference.txt): null

2018-12-06 21:07:43 - [TEST_STEP][PASSED] - Statement - RefNoOldFile.delete(): null

2018-12-06 21:07:43 - [TEST_STEP][PASSED] - delay: Delayed 5 second(s)

2018-12-06 21:07:48 - [MESSAGE][PASSED] - Delayed 5 second(s)

2018-12-06 21:07:48 - [TEST_STEP][PASSED] - Statement - RefNo = new java.io.File(C://Users//Admin//Desktop//PKS//Automation Reference Point//KatalonReference.txt): null

2018-12-06 21:07:48 - [TEST_STEP][PASSED] - Statement - f2 = new java.io.FileWriter(RefNo, false): null

2018-12-06 21:07:48 - [TEST_STEP][PASSED] - Statement - f2.write(CaseReferenceNo): null

2018-12-06 21:07:48 - [TEST_STEP][PASSED] - Statement - f2.close(): null

2018-12-06 21:07:48 - [TEST_STEP][PASSED] - Statement - out.println("


" + CaseReferenceNo + "


"): null

2018-12-06 21:07:48 - [MESSAGE][PASSED] - Call Test Case 'Test Cases/Final Aug 2018 - PKS Automation/Common/Reference Number Setter' successfully

2018-12-06 21:07:48 - [TEST_STEP][PASSED] - delay: Delayed 2 second(s)

2018-12-06 21:07:50 - [MESSAGE][PASSED] - Delayed 2 second(s)

2018-12-06 21:07:50 - [TEST_STEP][PASSED] - click: Object: 'Object Repository/Final Object Repo/Page_Form 3 EIS - Cessation as Employer/Save  Continue in Uploading Page' is clicked on

2018-12-06 21:07:50 - [MESSAGE][PASSED] - Object: 'Object Repository/Final Object Repo/Page_Form 3 EIS - Cessation as Employer/Save  Continue in Uploading Page' is clicked on

2018-12-06 21:07:50 - [TEST_STEP][PASSED] - delay: Delayed 2 second(s)

2018-12-06 21:07:52 - [MESSAGE][PASSED] - Delayed 2 second(s)

2018-12-06 21:07:52 - [TEST_STEP][PASSED] - click: Object: 'Object Repository/Final Object Repo/Page_Form 3 EIS - Cessation as Employer/Submit' is clicked on

2018-12-06 21:07:55 - [MESSAGE][PASSED] - Object: 'Object Repository/Final Object Repo/Page_Form 3 EIS - Cessation as Employer/Submit' is clicked on

2018-12-06 21:07:55 - [TEST_STEP][PASSED] - delay: Delayed 2 second(s)

2018-12-06 21:07:57 - [MESSAGE][PASSED] - Delayed 2 second(s)

2018-12-06 21:07:57 - [TEST_STEP][PASSED] - click: Object: 'Object Repository/Final Object Repo/Page_Form 3 EIS - Cessation as Employer/Confirm' is clicked on

2018-12-06 21:07:57 - [MESSAGE][PASSED] - Object: 'Object Repository/Final Object Repo/Page_Form 3 EIS - Cessation as Employer/Confirm' is clicked on

2018-12-06 21:07:57 - [TEST_STEP][PASSED] - delay: Delayed 2 second(s)

2018-12-06 21:07:59 - [MESSAGE][PASSED] - Delayed 2 second(s)

2018-12-06 21:07:59 - [TEST_STEP][PASSED] - click: Object: 'Object Repository/Final Object Repo/Page_Form 3 EIS - Cessation as Employer/Message Your Request will be routed to UO' is clicked on

2018-12-06 21:08:03 - [MESSAGE][PASSED] - Object: 'Object Repository/Final Object Repo/Page_Form 3 EIS - Cessation as Employer/Message Your Request will be routed to UO' is clicked on

2018-12-06 21:08:03 - [TEST_STEP][PASSED] - click: Object: 'Object Repository/Final Object Repo/Page_Form 3 EIS - Cessation as Employer/Letter of acknowledgement' is clicked on

2018-12-06 21:08:04 - [MESSAGE][PASSED] - Object: 'Object Repository/Final Object Repo/Page_Form 3 EIS - Cessation as Employer/Letter of acknowledgement' is clicked on

2018-12-06 21:08:04 - [MESSAGE][PASSED] - Call Test Case 'Test Cases/Final Aug 2018 - PKS Automation/Registration Module/Workflow/Form 3 EIS - Cessation As Employer/Template/Form 3 A - Cessation As Employer (OTC)' successfully

2018-12-06 21:08:04 - [TEST_STEP][PASSED] - callTestCase: Call Test Case 'Test Cases/Final Aug 2018 - PKS Automation/Registration Module/Workflow/Form 3 EIS - Cessation As Employer/Template/Form 3 A - Cessation As Employer (Under enforcement)' successfully

2018-12-06 21:08:04 - [TEST_CASE][PASSED] - Test Cases/Final Aug 2018 - PKS Automation/Registration Module/Workflow/Form 3 EIS - Cessation As Employer/Template/Form 3 A - Cessation As Employer (Under enforcement): Test Cases/Final Aug 2018 - PKS Automation/Registration Module/Workflow/Form 3 EIS - Cessation As Employer/Template/Form 3 A - Cessation As Employer (Under enforcement)

2018-12-06 21:08:04 - [TEST_STEP][NOT_RUN] - callTestCase: NOT_RUN: callTestCase

2018-12-06 21:08:04 - [MESSAGE][NOT_RUN] - NOT_RUN: callTestCase

2018-12-06 21:08:04 - [TEST_STEP][PASSED] - delay: Delayed 1 second(s)

2018-12-06 21:08:05 - [MESSAGE][PASSED] - Delayed 1 second(s)

2018-12-06 21:08:05 - [TEST_STEP][PASSED] - navigateToUrl: Navigate to 'https://assist2-uat.perkeso.gov.my/c/portal/logout' successfully

2018-12-06 21:08:06 - [MESSAGE][PASSED] - Navigate to 'https://assist2-uat.perkeso.gov.my/c/portal/logout' successfully

2018-12-06 21:08:06 - [TEST_STEP][PASSED] - delay: Delayed 1 second(s)

2018-12-06 21:08:07 - [MESSAGE][PASSED] - Delayed 1 second(s)

2018-12-06 21:08:07 - [TEST_STEP][PASSED] - callTestCase: Call Test Case 'Test Cases/Final Aug 2018 - PKS Automation/Common/Reference Number Getter' successfully

2018-12-06 21:08:07 - [TEST_CASE][PASSED] - Test Cases/Final Aug 2018 - PKS Automation/Common/Reference Number Getter: Test Cases/Final Aug 2018 - PKS Automation/Common/Reference Number Getter

2018-12-06 21:08:07 - [TEST_STEP][PASSED] - Statement - Try: null

2018-12-06 21:08:07 - [TEST_STEP][PASSED] - Statement - RefNo = new java.io.File(C://Users//Admin//Desktop//PKS//Automation Reference Point//KatalonReference.txt): null

2018-12-06 21:08:07 - [TEST_STEP][PASSED] - Statement - bufferread = new java.io.BufferedReader(new java.io.FileReader(RefNo)): null

2018-12-06 21:08:07 - [TEST_STEP][PASSED] - Statement - readedVal = bufferread.readLine(): null

2018-12-06 21:08:07 - [TEST_STEP][PASSED] - Statement - out.println(CaseReferenceNo): null

2018-12-06 21:08:07 - [TEST_STEP][PASSED] - Statement - out.println(readedVal): null

2018-12-06 21:08:07 - [TEST_STEP][PASSED] - Statement - CaseReferenceNo = "": null

2018-12-06 21:08:07 - [TEST_STEP][PASSED] - Statement - CaseReferenceNo = readedVal: null

2018-12-06 21:08:07 - [MESSAGE][PASSED] - Call Test Case 'Test Cases/Final Aug 2018 - PKS Automation/Common/Reference Number Getter' successfully

2018-12-06 21:08:07 - [TEST_STEP][PASSED] - callTestCase: Call Test Case 'Test Cases/Final Aug 2018 - PKS Automation/Common/Workflow Owner Finder' successfully

2018-12-06 21:08:07 - [TEST_CASE][PASSED] - Test Cases/Final Aug 2018 - PKS Automation/Common/Workflow Owner Finder: Test Cases/Final Aug 2018 - PKS Automation/Common/Workflow Owner Finder

2018-12-06 21:08:07 - [TEST_STEP][PASSED] - openBrowser: Browser is opened with url: ''

2018-12-06 21:08:07 - [MESSAGE][WARNING] - A browser is already opened. Closing browser and opening a new one

2018-12-06 21:08:11 - [MESSAGE][PASSED] - Browser is opened with url: ''

2018-12-06 21:08:11 - [TEST_STEP][PASSED] - navigateToUrl: Navigate to 'https://assist2-uat.perkeso.gov.my/login' successfully

2018-12-06 21:08:12 - [MESSAGE][PASSED] - Navigate to 'https://assist2-uat.perkeso.gov.my/login' successfully

2018-12-06 21:08:12 - [TEST_STEP][PASSED] - delay: Delayed 5 second(s)

2018-12-06 21:08:17 - [MESSAGE][PASSED] - Delayed 5 second(s)

2018-12-06 21:08:17 - [TEST_STEP][PASSED] - setText: Text 'test@liferay.com' is set on object 'Object Repository/Final Object Repo/Login Page/Internal User/Email Address'

2018-12-06 21:08:17 - [MESSAGE][PASSED] - Text 'test@liferay.com' is set on object 'Object Repository/Final Object Repo/Login Page/Internal User/Email Address'

2018-12-06 21:08:17 - [TEST_STEP][PASSED] - click: Object: 'Object Repository/Final Object Repo/Login Page/Internal User/Next Button' is clicked on

2018-12-06 21:08:17 - [MESSAGE][PASSED] - Object: 'Object Repository/Final Object Repo/Login Page/Internal User/Next Button' is clicked on

2018-12-06 21:08:17 - [TEST_STEP][PASSED] - delay: Delayed 2 second(s)

2018-12-06 21:08:19 - [MESSAGE][PASSED] - Delayed 2 second(s)

2018-12-06 21:08:19 - [TEST_STEP][PASSED] - setText: Text 'test' is set on object 'Object Repository/Final Object Repo/Login Page/Internal User/Password'

2018-12-06 21:08:20 - [MESSAGE][PASSED] - Text 'test' is set on object 'Object Repository/Final Object Repo/Login Page/Internal User/Password'

2018-12-06 21:08:20 - [TEST_STEP][PASSED] - delay: Delayed 2 second(s)

2018-12-06 21:08:22 - [MESSAGE][PASSED] - Delayed 2 second(s)

2018-12-06 21:08:22 - [TEST_STEP][PASSED] - click: Object: 'Object Repository/Final Object Repo/Login Page/Internal User/Login Button' is clicked on

2018-12-06 21:08:22 - [MESSAGE][PASSED] - Object: 'Object Repository/Final Object Repo/Login Page/Internal User/Login Button' is clicked on

2018-12-06 21:08:22 - [TEST_STEP][PASSED] - Statement - tester = com.kms.katalon.core.testobject.ObjectRepository.findTestObject(Final Object Repo/Landing Page/Select to English): Finding Test Object with id 'Object Repository/Final Object Repo/Landing Page/Select to English'

2018-12-06 21:08:22 - [TEST_STEP][PASSED] - Statement - Try: Delayed 2 second(s)

2018-12-06 21:08:22 - [TEST_STEP][PASSED] - Statement - Checker = com.kms.katalon.core.webui.keyword.WebUiBuiltInKeywords.verifyElementNotPresent(tester, 3): Web element with id: 'Object Repository/Final Object Repo/Landing Page/Select to English' located by 'By.xpath: //a[@class = 'taglib-language-list-text' and @lang = 'en-US' and (contains(text(), 'EN') or contains(., 'EN'))]' is not present after '3' second(s)

2018-12-06 21:08:24 - [MESSAGE][PASSED] - Web element with id: 'Object Repository/Final Object Repo/Landing Page/Select to English' located by 'By.xpath: //a[@class = 'taglib-language-list-text' and @lang = 'en-US' and (contains(text(), 'EN') or contains(., 'EN'))]' is not present after '3' second(s)

2018-12-06 21:08:24 - [TEST_STEP][PASSED] - Statement - If (Checker == false): null

2018-12-06 21:08:24 - [TEST_STEP][PASSED] - delay: Delayed 2 second(s)

2018-12-06 21:08:26 - [MESSAGE][PASSED] - Delayed 2 second(s)

2018-12-06 21:08:26 - [TEST_STEP][PASSED] - delay: Delayed 5 second(s)

2018-12-06 21:08:31 - [MESSAGE][PASSED] - Delayed 5 second(s)

2018-12-06 21:08:31 - [TEST_STEP][PASSED] - mouseOver: Object: 'Object Repository/Final Object Repo/Landing Page/WorkFlow Menu' is hovered

2018-12-06 21:08:31 - [MESSAGE][PASSED] - Object: 'Object Repository/Final Object Repo/Landing Page/WorkFlow Menu' is hovered

2018-12-06 21:08:31 - [TEST_STEP][PASSED] - delay: Delayed 2 second(s)

2018-12-06 21:08:33 - [MESSAGE][PASSED] - Delayed 2 second(s)

2018-12-06 21:08:33 - [TEST_STEP][PASSED] - click: Object: 'Object Repository/Final Object Repo/Landing Page/Select to Workflow Listing' is clicked on

2018-12-06 21:08:34 - [MESSAGE][PASSED] - Object: 'Object Repository/Final Object Repo/Landing Page/Select to Workflow Listing' is clicked on

2018-12-06 21:08:34 - [TEST_STEP][PASSED] - delay: Delayed 2 second(s)

2018-12-06 21:08:36 - [MESSAGE][PASSED] - Delayed 2 second(s)

2018-12-06 21:08:36 - [TEST_STEP][PASSED] - click: Object: 'Object Repository/Final Object Repo/WorkFlow Listing Page/Search Information - To Put Ref No' is clicked on

2018-12-06 21:08:36 - [MESSAGE][PASSED] - Object: 'Object Repository/Final Object Repo/WorkFlow Listing Page/Search Information - To Put Ref No' is clicked on

2018-12-06 21:08:36 - [TEST_STEP][PASSED] - delay: Delayed 2 second(s)

2018-12-06 21:08:38 - [MESSAGE][PASSED] - Delayed 2 second(s)

2018-12-06 21:08:38 - [TEST_STEP][PASSED] - callTestCase: Call Test Case 'Test Cases/Final Aug 2018 - PKS Automation/Common/Reference Number Getter' successfully

2018-12-06 21:08:38 - [TEST_CASE][PASSED] - Test Cases/Final Aug 2018 - PKS Automation/Common/Reference Number Getter: Test Cases/Final Aug 2018 - PKS Automation/Common/Reference Number Getter

2018-12-06 21:08:38 - [TEST_STEP][PASSED] - Statement - Try: null

2018-12-06 21:08:38 - [TEST_STEP][PASSED] - Statement - RefNo = new java.io.File(C://Users//Admin//Desktop//PKS//Automation Reference Point//KatalonReference.txt): null

2018-12-06 21:08:38 - [TEST_STEP][PASSED] - Statement - bufferread = new java.io.BufferedReader(new java.io.FileReader(RefNo)): null

2018-12-06 21:08:38 - [TEST_STEP][PASSED] - Statement - readedVal = bufferread.readLine(): null

2018-12-06 21:08:38 - [TEST_STEP][PASSED] - Statement - out.println(CaseReferenceNo): null

2018-12-06 21:08:38 - [TEST_STEP][PASSED] - Statement - out.println(readedVal): null

2018-12-06 21:08:38 - [TEST_STEP][PASSED] - Statement - CaseReferenceNo = "": null

2018-12-06 21:08:38 - [TEST_STEP][PASSED] - Statement - CaseReferenceNo = readedVal: null

2018-12-06 21:08:38 - [MESSAGE][PASSED] - Call Test Case 'Test Cases/Final Aug 2018 - PKS Automation/Common/Reference Number Getter' successfully

2018-12-06 21:08:38 - [TEST_STEP][PASSED] - setText: Text 'ERN122018C200002378' is set on object 'Object Repository/Final Object Repo/WorkFlow Listing Page/Ref No Set Text'

2018-12-06 21:08:39 - [MESSAGE][PASSED] - Text 'ERN122018C200002378' is set on object 'Object Repository/Final Object Repo/WorkFlow Listing Page/Ref No Set Text'

2018-12-06 21:08:39 - [TEST_STEP][PASSED] - delay: Delayed 2 second(s)

2018-12-06 21:08:41 - [MESSAGE][PASSED] - Delayed 2 second(s)

2018-12-06 21:08:41 - [TEST_STEP][PASSED] - click: Object: 'Object Repository/Final Object Repo/WorkFlow Listing Page/Search Ref No Search Button' is clicked on

2018-12-06 21:08:41 - [MESSAGE][PASSED] - Object: 'Object Repository/Final Object Repo/WorkFlow Listing Page/Search Ref No Search Button' is clicked on

2018-12-06 21:08:41 - [TEST_STEP][PASSED] - delay: Delayed 6 second(s)

2018-12-06 21:08:47 - [MESSAGE][PASSED] - Delayed 6 second(s)

2018-12-06 21:08:47 - [TEST_STEP][PASSED] - click: Object: 'Object Repository/Final Object Repo/WorkFlow Listing Page/Click Continue Tooltip' is clicked on

2018-12-06 21:08:48 - [MESSAGE][PASSED] - Object: 'Object Repository/Final Object Repo/WorkFlow Listing Page/Click Continue Tooltip' is clicked on

2018-12-06 21:08:48 - [TEST_STEP][PASSED] - delay: Delayed 5 second(s)

2018-12-06 21:08:53 - [MESSAGE][PASSED] - Delayed 5 second(s)

2018-12-06 21:08:53 - [TEST_STEP][PASSED] - doubleClick: Object: 'Object Repository/Final Object Repo/WorkFlow Listing Page/Workflow Found - Listing 1' is double clicked on

2018-12-06 21:08:53 - [MESSAGE][PASSED] - Object: 'Object Repository/Final Object Repo/WorkFlow Listing Page/Workflow Found - Listing 1' is double clicked on

2018-12-06 21:08:53 - [TEST_STEP][PASSED] - Statement - println(OwnerID): null

2018-12-06 21:08:53 - [TEST_STEP][PASSED] - Statement - OwnerID = com.kms.katalon.core.webui.keyword.WebUiBuiltInKeywords.getText(com.kms.katalon.core.testobject.ObjectRepository.findTestObject(Final Object Repo/WorkFlow Listing Page/Workflow Found - Listing 1), STOP_ON_FAILURE): Text of object 'Object Repository/Final Object Repo/WorkFlow Listing Page/Workflow Found - Listing 1' is: 'JOHORuo1'

2018-12-06 21:08:53 - [MESSAGE][PASSED] - Text of object 'Object Repository/Final Object Repo/WorkFlow Listing Page/Workflow Found - Listing 1' is: 'JOHORuo1'

2018-12-06 21:08:53 - [TEST_STEP][PASSED] - Statement - OwnerID = OwnerID.toLowerCase() + "@gmail.com": null

2018-12-06 21:08:53 - [TEST_STEP][PASSED] - Statement - println(OwnerID): null

2018-12-06 21:08:53 - [TEST_STEP][PASSED] - delay: Delayed 2 second(s)

2018-12-06 21:08:55 - [MESSAGE][PASSED] - Delayed 2 second(s)

2018-12-06 21:08:55 - [MESSAGE][PASSED] - Call Test Case 'Test Cases/Final Aug 2018 - PKS Automation/Common/Workflow Owner Finder' successfully

2018-12-06 21:08:55 - [TEST_STEP][PASSED] - delay: Delayed 1 second(s)

2018-12-06 21:08:56 - [MESSAGE][PASSED] - Delayed 1 second(s)

2018-12-06 21:08:56 - [TEST_STEP][PASSED] - navigateToUrl: Navigate to 'https://assist2-uat.perkeso.gov.my/c/portal/logout' successfully

2018-12-06 21:08:57 - [MESSAGE][PASSED] - Navigate to 'https://assist2-uat.perkeso.gov.my/c/portal/logout' successfully

2018-12-06 21:08:57 - [TEST_STEP][PASSED] - delay: Delayed 1 second(s)

2018-12-06 21:08:58 - [MESSAGE][PASSED] - Delayed 1 second(s)

2018-12-06 21:08:58 - [TEST_STEP][PASSED] - callTestCase: Call Test Case 'Test Cases/Final Aug 2018 - PKS Automation/Registration Module/Workflow/Login and Search Case For Workflow' successfully

2018-12-06 21:08:58 - [TEST_CASE][PASSED] - Test Cases/Final Aug 2018 - PKS Automation/Registration Module/Workflow/Login and Search Case For Workflow: Test Cases/Final Aug 2018 - PKS Automation/Registration Module/Workflow/Login and Search Case For Workflow

2018-12-06 21:08:58 - [TEST_STEP][PASSED] - navigateToUrl: Navigate to 'https://assist2-uat.perkeso.gov.my/login' successfully

2018-12-06 21:08:58 - [MESSAGE][PASSED] - Navigate to 'https://assist2-uat.perkeso.gov.my/login' successfully

2018-12-06 21:08:58 - [TEST_STEP][PASSED] - setText: Text 'johoruo1@gmail.com' is set on object 'Object Repository/Final Object Repo/Login Page/Internal User/Email Address'

2018-12-06 21:08:59 - [MESSAGE][PASSED] - Text 'johoruo1@gmail.com' is set on object 'Object Repository/Final Object Repo/Login Page/Internal User/Email Address'

2018-12-06 21:08:59 - [TEST_STEP][PASSED] - click: Object: 'Object Repository/Final Object Repo/Login Page/Internal User/Next Button' is clicked on

2018-12-06 21:08:59 - [MESSAGE][PASSED] - Object: 'Object Repository/Final Object Repo/Login Page/Internal User/Next Button' is clicked on

2018-12-06 21:08:59 - [TEST_STEP][PASSED] - delay: Delayed 1 second(s)

2018-12-06 21:09:00 - [MESSAGE][PASSED] - Delayed 1 second(s)

2018-12-06 21:09:00 - [TEST_STEP][PASSED] - setEncryptedText: Text ****** has been set on object 'Object Repository/Final Object Repo/Login Page/Internal User/Password'

2018-12-06 21:09:00 - [MESSAGE][PASSED] - Text ****** has been set on object 'Object Repository/Final Object Repo/Login Page/Internal User/Password'

2018-12-06 21:09:00 - [TEST_STEP][PASSED] - click: Object: 'Object Repository/Final Object Repo/Login Page/Internal User/Login Button' is clicked on

2018-12-06 21:09:00 - [MESSAGE][PASSED] - Object: 'Object Repository/Final Object Repo/Login Page/Internal User/Login Button' is clicked on

2018-12-06 21:09:00 - [TEST_STEP][PASSED] - delay: Delayed 2 second(s)

2018-12-06 21:09:02 - [MESSAGE][PASSED] - Delayed 2 second(s)

2018-12-06 21:09:02 - [TEST_STEP][PASSED] - Statement - Try: Delayed 2 second(s)

2018-12-06 21:09:02 - [TEST_STEP][PASSED] - Statement - Checker = false: null

2018-12-06 21:09:02 - [TEST_STEP][PASSED] - Statement - Checker = com.kms.katalon.core.webui.keyword.WebUiBuiltInKeywords.verifyElementHasAttribute(com.kms.katalon.core.testobject.ObjectRepository.findTestObject(Final Object Repo/Landing Page/BM Detecting), "href", 20, OPTIONAL): Object 'Object Repository/Final Object Repo/Landing Page/BM Detecting' has attribute 'href'

2018-12-06 21:09:02 - [MESSAGE][PASSED] - Object 'Object Repository/Final Object Repo/Landing Page/BM Detecting' has attribute 'href'

2018-12-06 21:09:02 - [TEST_STEP][PASSED] - Statement - out.println(Checker): null

2018-12-06 21:09:02 - [TEST_STEP][PASSED] - Statement - If (Checker == false): null

2018-12-06 21:09:02 - [TEST_STEP][PASSED] - Statement - Else: null

2018-12-06 21:09:02 - [TEST_STEP][PASSED] - delay: Delayed 2 second(s)

2018-12-06 21:09:04 - [MESSAGE][PASSED] - Delayed 2 second(s)

2018-12-06 21:09:04 - [TEST_STEP][PASSED] - click: Object: 'Object Repository/Final Object Repo/Page_MyASSIST - ASSIST - Search Pending Case For Add Supporting Document/Search Information' is clicked on

2018-12-06 21:09:05 - [MESSAGE][PASSED] - Object: 'Object Repository/Final Object Repo/Page_MyASSIST - ASSIST - Search Pending Case For Add Supporting Document/Search Information' is clicked on

2018-12-06 21:09:05 - [TEST_STEP][PASSED] - delay: Delayed 3 second(s)

2018-12-06 21:09:08 - [MESSAGE][PASSED] - Delayed 3 second(s)

2018-12-06 21:09:08 - [TEST_STEP][PASSED] - sendKeys: Keys 'ERN122018C200002378' sent to object: 'Object Repository/Final Object Repo/Page_MyASSIST - ASSIST - Search Pending Case For Add Supporting Document/Reference No'

2018-12-06 21:09:08 - [MESSAGE][PASSED] - Keys 'ERN122018C200002378' sent to object: 'Object Repository/Final Object Repo/Page_MyASSIST - ASSIST - Search Pending Case For Add Supporting Document/Reference No'

2018-12-06 21:09:08 - [TEST_STEP][PASSED] - click: Object: 'Object Repository/Final Object Repo/Page_MyASSIST - ASSIST - Search Pending Case For Add Supporting Document/Search Reference No' is clicked on

2018-12-06 21:09:08 - [MESSAGE][PASSED] - Object: 'Object Repository/Final Object Repo/Page_MyASSIST - ASSIST - Search Pending Case For Add Supporting Document/Search Reference No' is clicked on

2018-12-06 21:09:08 - [TEST_STEP][PASSED] - delay: Delayed 2 second(s)

2018-12-06 21:09:10 - [MESSAGE][PASSED] - Delayed 2 second(s)

2018-12-06 21:09:10 - [TEST_STEP][PASSED] - click: Object: 'Object Repository/Final Object Repo/Page_MyASSIST - ASSIST - Search Pending Case For Add Supporting Document/Continue' is clicked on

2018-12-06 21:09:13 - [MESSAGE][PASSED] - Object: 'Object Repository/Final Object Repo/Page_MyASSIST - ASSIST - Search Pending Case For Add Supporting Document/Continue' is clicked on

2018-12-06 21:09:13 - [TEST_STEP][PASSED] - delay: Delayed 20 second(s)

2018-12-06 21:09:33 - [MESSAGE][PASSED] - Delayed 20 second(s)

2018-12-06 21:09:33 - [MESSAGE][PASSED] - Call Test Case 'Test Cases/Final Aug 2018 - PKS Automation/Registration Module/Workflow/Login and Search Case For Workflow' successfully

2018-12-06 21:09:33 - [TEST_STEP][PASSED] - click: Object: 'Object Repository/Final Object Repo/Page_Form 3 EIS - Cessation as Employer/Page_Form 3 EIS - Cessation as Employer (Approve)/Save  Continue in Form 3 Page' is clicked on

2018-12-06 21:09:34 - [MESSAGE][PASSED] - Object: 'Object Repository/Final Object Repo/Page_Form 3 EIS - Cessation as Employer/Page_Form 3 EIS - Cessation as Employer (Approve)/Save  Continue in Form 3 Page' is clicked on

2018-12-06 21:09:34 - [TEST_STEP][PASSED] - delay: Delayed 2 second(s)

2018-12-06 21:09:36 - [MESSAGE][PASSED] - Delayed 2 second(s)

2018-12-06 21:09:36 - [TEST_STEP][PASSED] - click: Object: 'Object Repository/Final Object Repo/Page_Form 3 EIS - Cessation as Employer/Page_Form 3 EIS - Cessation as Employer (Approve)/Save  Continue in Resigned Page' is clicked on

2018-12-06 21:09:36 - [MESSAGE][PASSED] - Object: 'Object Repository/Final Object Repo/Page_Form 3 EIS - Cessation as Employer/Page_Form 3 EIS - Cessation as Employer (Approve)/Save  Continue in Resigned Page' is clicked on

2018-12-06 21:09:36 - [TEST_STEP][PASSED] - delay: Delayed 2 second(s)

2018-12-06 21:09:38 - [MESSAGE][PASSED] - Delayed 2 second(s)

2018-12-06 21:09:38 - [TEST_STEP][PASSED] - click: Object: 'Object Repository/Final Object Repo/Page_Form 3 EIS - Cessation as Employer/Page_Form 3 EIS - Cessation as Employer (Approve)/Save  Continue in Uploading Page' is clicked on

2018-12-06 21:09:39 - [MESSAGE][PASSED] - Object: 'Object Repository/Final Object Repo/Page_Form 3 EIS - Cessation as Employer/Page_Form 3 EIS - Cessation as Employer (Approve)/Save  Continue in Uploading Page' is clicked on

2018-12-06 21:09:39 - [TEST_STEP][PASSED] - delay: Delayed 2 second(s)

2018-12-06 21:09:41 - [MESSAGE][PASSED] - Delayed 2 second(s)

2018-12-06 21:09:41 - [TEST_STEP][PASSED] - click: Object: 'Object Repository/Final Object Repo/Page_Form 3 EIS - Cessation as Employer/Page_Form 3 EIS - Cessation as Employer (Under enforcement)/Underenforcement' is clicked on

2018-12-06 21:09:44 - [MESSAGE][PASSED] - Object: 'Object Repository/Final Object Repo/Page_Form 3 EIS - Cessation as Employer/Page_Form 3 EIS - Cessation as Employer (Under enforcement)/Underenforcement' is clicked on

2018-12-06 21:09:44 - [TEST_STEP][PASSED] - delay: Delayed 2 second(s)

2018-12-06 21:09:46 - [MESSAGE][PASSED] - Delayed 2 second(s)

2018-12-06 21:09:46 - [TEST_STEP][PASSED] - setText: Text 'Remark' is set on object 'Object Repository/Final Object Repo/Page_Form 3 EIS - Cessation as Employer/Page_Form 3 EIS - Cessation as Employer (Under enforcement)/Under enforcement - Remark'

2018-12-06 21:09:46 - [MESSAGE][PASSED] - Text 'Remark' is set on object 'Object Repository/Final Object Repo/Page_Form 3 EIS - Cessation as Employer/Page_Form 3 EIS - Cessation as Employer (Under enforcement)/Under enforcement - Remark'

2018-12-06 21:09:46 - [TEST_STEP][PASSED] - delay: Delayed 2 second(s)

2018-12-06 21:09:48 - [MESSAGE][PASSED] - Delayed 2 second(s)

2018-12-06 21:09:48 - [TEST_STEP][PASSED] - click: Object: 'Object Repository/Final Object Repo/Page_Form 3 EIS - Cessation as Employer/Page_Form 3 EIS - Cessation as Employer (Under enforcement)/Save  Continue in Under enforcement' is clicked on

2018-12-06 21:09:48 - [MESSAGE][PASSED] - Object: 'Object Repository/Final Object Repo/Page_Form 3 EIS - Cessation as Employer/Page_Form 3 EIS - Cessation as Employer (Under enforcement)/Save  Continue in Under enforcement' is clicked on

2018-12-06 21:09:48 - [TEST_STEP][PASSED] - doubleClick: Object: 'Object Repository/Final Object Repo/Page_Form 3 EIS - Cessation as Employer/Page_Form 3 EIS - Cessation as Employer (Under enforcement)/Message The case is under enforcement' is double clicked on

2018-12-06 21:09:53 - [MESSAGE][PASSED] - Object: 'Object Repository/Final Object Repo/Page_Form 3 EIS - Cessation as Employer/Page_Form 3 EIS - Cessation as Employer (Under enforcement)/Message The case is under enforcement' is double clicked on

2018-12-06 21:09:53 - [MESSAGE][PASSED] - Call Test Case 'Test Cases/Final Aug 2018 - PKS Automation/Registration Module/Workflow/Form 3 EIS - Cessation As Employer/Template/Form 3 A - Cessation As Employer (Under enforcement)' successfully]]></system-out>
         <system-err><![CDATA[]]></system-err>
      </testcase>
      <testcase name="Test Cases/Final Aug 2018 - PKS Automation/Registration Module/Workflow/Form 3 EIS - Cessation As Employer/OTC to UO (Approve)" classname="Test Cases/Final Aug 2018 - PKS Automation/Registration Module/Workflow/Form 3 EIS - Cessation As Employer/OTC to UO (Approve)" status="PASSED">
         <system-out><![CDATA[2018-12-06 21:09:53 - [TEST_CASE][PASSED] - Test Cases/Final Aug 2018 - PKS Automation/Registration Module/Workflow/Form 3 EIS - Cessation As Employer/OTC to UO (Approve): Test Cases/Final Aug 2018 - PKS Automation/Registration Module/Workflow/Form 3 EIS - Cessation As Employer/OTC to UO (Approve)

2018-12-06 21:09:53 - [TEST_STEP][PASSED] - callTestCase: Call Test Case 'Test Cases/Final Aug 2018 - PKS Automation/Registration Module/Workflow/Form 3 EIS - Cessation As Employer/Template/Form 3 A - Cessation As Employer (OTC)' successfully

2018-12-06 21:09:53 - [TEST_CASE][PASSED] - Test Cases/Final Aug 2018 - PKS Automation/Registration Module/Workflow/Form 3 EIS - Cessation As Employer/Template/Form 3 A - Cessation As Employer (OTC): Test Cases/Final Aug 2018 - PKS Automation/Registration Module/Workflow/Form 3 EIS - Cessation As Employer/Template/Form 3 A - Cessation As Employer (OTC)

2018-12-06 21:09:53 - [TEST_STEP][PASSED] - openBrowser: Browser is opened with url: ''

2018-12-06 21:09:53 - [MESSAGE][WARNING] - A browser is already opened. Closing browser and opening a new one

2018-12-06 21:09:57 - [MESSAGE][PASSED] - Browser is opened with url: ''

2018-12-06 21:09:57 - [TEST_STEP][PASSED] - navigateToUrl: Navigate to 'https://assist2-uat.perkeso.gov.my/login' successfully

2018-12-06 21:09:58 - [MESSAGE][PASSED] - Navigate to 'https://assist2-uat.perkeso.gov.my/login' successfully

2018-12-06 21:09:58 - [TEST_STEP][PASSED] - setText: Text 'johorotc1@gmail.com' is set on object 'Object Repository/Final Object Repo/Login Page/Internal User/Email Address'

2018-12-06 21:09:59 - [MESSAGE][PASSED] - Text 'johorotc1@gmail.com' is set on object 'Object Repository/Final Object Repo/Login Page/Internal User/Email Address'

2018-12-06 21:09:59 - [TEST_STEP][PASSED] - click: Object: 'Object Repository/Final Object Repo/Login Page/Internal User/Next Button' is clicked on

2018-12-06 21:09:59 - [MESSAGE][PASSED] - Object: 'Object Repository/Final Object Repo/Login Page/Internal User/Next Button' is clicked on

2018-12-06 21:09:59 - [TEST_STEP][PASSED] - delay: Delayed 1 second(s)

2018-12-06 21:10:00 - [MESSAGE][PASSED] - Delayed 1 second(s)

2018-12-06 21:10:00 - [TEST_STEP][PASSED] - setEncryptedText: Text ****** has been set on object 'Object Repository/Final Object Repo/Login Page/Internal User/Password'

2018-12-06 21:10:00 - [MESSAGE][PASSED] - Text ****** has been set on object 'Object Repository/Final Object Repo/Login Page/Internal User/Password'

2018-12-06 21:10:00 - [TEST_STEP][PASSED] - click: Object: 'Object Repository/Final Object Repo/Login Page/Internal User/Login Button' is clicked on

2018-12-06 21:10:00 - [MESSAGE][PASSED] - Object: 'Object Repository/Final Object Repo/Login Page/Internal User/Login Button' is clicked on

2018-12-06 21:10:00 - [TEST_STEP][PASSED] - delay: Delayed 1 second(s)

2018-12-06 21:10:01 - [MESSAGE][PASSED] - Delayed 1 second(s)

2018-12-06 21:10:01 - [TEST_STEP][PASSED] - Statement - Try: Delayed 2 second(s)

2018-12-06 21:10:01 - [TEST_STEP][PASSED] - Statement - Checker = false: null

2018-12-06 21:10:01 - [TEST_STEP][PASSED] - Statement - Checker = com.kms.katalon.core.webui.keyword.WebUiBuiltInKeywords.verifyElementHasAttribute(com.kms.katalon.core.testobject.ObjectRepository.findTestObject(Final Object Repo/Landing Page/BM Detecting), "href", 20, OPTIONAL): Object 'Object Repository/Final Object Repo/Landing Page/BM Detecting' has attribute 'href'

2018-12-06 21:10:02 - [MESSAGE][PASSED] - Object 'Object Repository/Final Object Repo/Landing Page/BM Detecting' has attribute 'href'

2018-12-06 21:10:02 - [TEST_STEP][PASSED] - Statement - out.println(Checker): null

2018-12-06 21:10:02 - [TEST_STEP][PASSED] - Statement - If (Checker == false): null

2018-12-06 21:10:02 - [TEST_STEP][PASSED] - Statement - Else: null

2018-12-06 21:10:02 - [TEST_STEP][PASSED] - delay: Delayed 2 second(s)

2018-12-06 21:10:04 - [MESSAGE][PASSED] - Delayed 2 second(s)

2018-12-06 21:10:04 - [TEST_STEP][PASSED] - navigateToUrl: Navigate to 'https://assist2-uat.perkeso.gov.my/web/registration/eis-update/form-3-eis-cessation-as-employer' successfully

2018-12-06 21:10:05 - [MESSAGE][PASSED] - Navigate to 'https://assist2-uat.perkeso.gov.my/web/registration/eis-update/form-3-eis-cessation-as-employer' successfully

2018-12-06 21:10:05 - [TEST_STEP][PASSED] - delay: Delayed 1 second(s)

2018-12-06 21:10:06 - [MESSAGE][PASSED] - Delayed 1 second(s)

2018-12-06 21:10:06 - [TEST_STEP][PASSED] - setText: Text 'E1102069769W' is set on object 'Object Repository/Final Object Repo/Page_Form 3 EIS - Cessation as Employer/Employer Code'

2018-12-06 21:10:06 - [MESSAGE][PASSED] - Text 'E1102069769W' is set on object 'Object Repository/Final Object Repo/Page_Form 3 EIS - Cessation as Employer/Employer Code'

2018-12-06 21:10:06 - [TEST_STEP][PASSED] - click: Object: 'Object Repository/Final Object Repo/Page_Form 3 EIS - Cessation as Employer/Search' is clicked on

2018-12-06 21:10:06 - [MESSAGE][PASSED] - Object: 'Object Repository/Final Object Repo/Page_Form 3 EIS - Cessation as Employer/Search' is clicked on

2018-12-06 21:10:06 - [TEST_STEP][PASSED] - click: Object: 'Object Repository/Final Object Repo/Page_Form 3 EIS - Cessation as Employer/Edit' is clicked on

2018-12-06 21:10:09 - [MESSAGE][PASSED] - Object: 'Object Repository/Final Object Repo/Page_Form 3 EIS - Cessation as Employer/Edit' is clicked on

2018-12-06 21:10:09 - [TEST_STEP][PASSED] - delay: Delayed 1 second(s)

2018-12-06 21:10:10 - [MESSAGE][PASSED] - Delayed 1 second(s)

2018-12-06 21:10:10 - [TEST_STEP][PASSED] - Statement - abc = com.kms.katalon.core.webui.keyword.WebUiBuiltInKeywords.getAttribute(com.kms.katalon.core.testobject.ObjectRepository.findTestObject(Final Object Repo/Page_Form 3 EIS - Cessation as Employer/Employer Status), "value"): Attribute 'value' of object 'Object Repository/Final Object Repo/Page_Form 3 EIS - Cessation as Employer/Employer Status' is: 'Active'

2018-12-06 21:10:10 - [MESSAGE][PASSED] - Attribute 'value' of object 'Object Repository/Final Object Repo/Page_Form 3 EIS - Cessation as Employer/Employer Status' is: 'Active'

2018-12-06 21:10:10 - [TEST_STEP][PASSED] - Statement - out.println(abc): null

2018-12-06 21:10:10 - [TEST_STEP][PASSED] - Statement - If (abc == "Active"): Object: 'Object Repository/Final Object Repo/Page_Form 3 EIS - Cessation as Employer/Dormant EIS' is clicked on

2018-12-06 21:10:10 - [TEST_STEP][PASSED] - click: Object: 'Object Repository/Final Object Repo/Page_Form 3 EIS - Cessation as Employer/Change Employer Status to' is clicked on

2018-12-06 21:10:10 - [MESSAGE][PASSED] - Object: 'Object Repository/Final Object Repo/Page_Form 3 EIS - Cessation as Employer/Change Employer Status to' is clicked on

2018-12-06 21:10:10 - [TEST_STEP][PASSED] - click: Object: 'Object Repository/Final Object Repo/Page_Form 3 EIS - Cessation as Employer/Dormant EIS' is clicked on

2018-12-06 21:10:10 - [MESSAGE][PASSED] - Object: 'Object Repository/Final Object Repo/Page_Form 3 EIS - Cessation as Employer/Dormant EIS' is clicked on

2018-12-06 21:10:10 - [TEST_STEP][PASSED] - click: Object: 'Object Repository/Final Object Repo/Page_Form 3 EIS - Cessation as Employer/Calender' is clicked on

2018-12-06 21:10:10 - [MESSAGE][PASSED] - Object: 'Object Repository/Final Object Repo/Page_Form 3 EIS - Cessation as Employer/Calender' is clicked on

2018-12-06 21:10:10 - [TEST_STEP][PASSED] - delay: Delayed 1 second(s)

2018-12-06 21:10:11 - [MESSAGE][PASSED] - Delayed 1 second(s)

2018-12-06 21:10:11 - [TEST_STEP][PASSED] - click: Object: 'Object Repository/Final Object Repo/Page_Form 3 EIS - Cessation as Employer/Calender - Date' is clicked on

2018-12-06 21:10:11 - [MESSAGE][PASSED] - Object: 'Object Repository/Final Object Repo/Page_Form 3 EIS - Cessation as Employer/Calender - Date' is clicked on

2018-12-06 21:10:11 - [TEST_STEP][PASSED] - click: Object: 'Object Repository/Final Object Repo/Page_Form 3 EIS - Cessation as Employer/Save  Continue in Form 3 EIS Page' is clicked on

2018-12-06 21:10:12 - [MESSAGE][PASSED] - Object: 'Object Repository/Final Object Repo/Page_Form 3 EIS - Cessation as Employer/Save  Continue in Form 3 EIS Page' is clicked on

2018-12-06 21:10:12 - [TEST_STEP][PASSED] - delay: Delayed 1 second(s)

2018-12-06 21:10:13 - [MESSAGE][PASSED] - Delayed 1 second(s)

2018-12-06 21:10:13 - [TEST_STEP][PASSED] - click: Object: 'Object Repository/Final Object Repo/Page_Form 3 EIS - Cessation as Employer/Employment Resign Date' is clicked on

2018-12-06 21:10:13 - [MESSAGE][PASSED] - Object: 'Object Repository/Final Object Repo/Page_Form 3 EIS - Cessation as Employer/Employment Resign Date' is clicked on

2018-12-06 21:10:13 - [TEST_STEP][PASSED] - selectOptionByValue: All options with value '2030' are selected in object 'Object Repository/Final Object Repo/Page_Form 3 EIS - Cessation as Employer/Employment Resign Date - Year' 

2018-12-06 21:10:13 - [MESSAGE][PASSED] - All options with value '2030' are selected in object 'Object Repository/Final Object Repo/Page_Form 3 EIS - Cessation as Employer/Employment Resign Date - Year' 

2018-12-06 21:10:13 - [TEST_STEP][PASSED] - delay: Delayed 2 second(s)

2018-12-06 21:10:15 - [MESSAGE][PASSED] - Delayed 2 second(s)

2018-12-06 21:10:15 - [TEST_STEP][PASSED] - click: Object: 'Object Repository/Final Object Repo/Page_Form 3 EIS - Cessation as Employer/Employment Resign Date - Year - Date' is clicked on

2018-12-06 21:10:16 - [MESSAGE][PASSED] - Object: 'Object Repository/Final Object Repo/Page_Form 3 EIS - Cessation as Employer/Employment Resign Date - Year - Date' is clicked on

2018-12-06 21:10:16 - [TEST_STEP][PASSED] - delay: Delayed 2 second(s)

2018-12-06 21:10:18 - [MESSAGE][PASSED] - Delayed 2 second(s)

2018-12-06 21:10:18 - [TEST_STEP][PASSED] - click: Object: 'Object Repository/Final Object Repo/Page_Form 3 EIS - Cessation as Employer/Save  Continue in Employment Resign Page' is clicked on

2018-12-06 21:10:18 - [MESSAGE][PASSED] - Object: 'Object Repository/Final Object Repo/Page_Form 3 EIS - Cessation as Employer/Save  Continue in Employment Resign Page' is clicked on

2018-12-06 21:10:18 - [TEST_STEP][PASSED] - delay: Delayed 2 second(s)

2018-12-06 21:10:20 - [MESSAGE][PASSED] - Delayed 2 second(s)

2018-12-06 21:10:20 - [TEST_STEP][PASSED] - click: Object: 'Object Repository/Final Object Repo/Page_Form 3 EIS - Cessation as Employer/Set Latest - Yes' is clicked on

2018-12-06 21:10:20 - [MESSAGE][PASSED] - Object: 'Object Repository/Final Object Repo/Page_Form 3 EIS - Cessation as Employer/Set Latest - Yes' is clicked on

2018-12-06 21:10:20 - [TEST_STEP][PASSED] - delay: Delayed 2 second(s)

2018-12-06 21:10:22 - [MESSAGE][PASSED] - Delayed 2 second(s)

2018-12-06 21:10:22 - [TEST_STEP][PASSED] - click: Object: 'Object Repository/Final Object Repo/Page_Form 3 EIS - Cessation as Employer/Add Document' is clicked on

2018-12-06 21:10:23 - [MESSAGE][PASSED] - Object: 'Object Repository/Final Object Repo/Page_Form 3 EIS - Cessation as Employer/Add Document' is clicked on

2018-12-06 21:10:23 - [TEST_STEP][PASSED] - delay: Delayed 3 second(s)

2018-12-06 21:10:26 - [MESSAGE][PASSED] - Delayed 3 second(s)

2018-12-06 21:10:26 - [TEST_STEP][PASSED] - click: Object: 'Object Repository/Final Object Repo/Page_Form 3 EIS - Cessation as Employer/Document Type' is clicked on

2018-12-06 21:10:26 - [MESSAGE][PASSED] - Object: 'Object Repository/Final Object Repo/Page_Form 3 EIS - Cessation as Employer/Document Type' is clicked on

2018-12-06 21:10:26 - [TEST_STEP][PASSED] - click: Object: 'Object Repository/Final Object Repo/Page_Form 3 EIS - Cessation as Employer/Document Type - Form 3' is clicked on

2018-12-06 21:10:26 - [MESSAGE][PASSED] - Object: 'Object Repository/Final Object Repo/Page_Form 3 EIS - Cessation as Employer/Document Type - Form 3' is clicked on

2018-12-06 21:10:26 - [TEST_STEP][PASSED] - delay: Delayed 2 second(s)

2018-12-06 21:10:28 - [MESSAGE][PASSED] - Delayed 2 second(s)

2018-12-06 21:10:28 - [TEST_STEP][PASSED] - sendKeys: Keys 'C:\Users\Public\Pictures\Sample Pictures\Koala.jpg' sent to object: 'Object Repository/Final Object Repo/Page_Form 3 EIS - Cessation as Employer/ploading File'

2018-12-06 21:10:29 - [MESSAGE][PASSED] - Keys 'C:\Users\Public\Pictures\Sample Pictures\Koala.jpg' sent to object: 'Object Repository/Final Object Repo/Page_Form 3 EIS - Cessation as Employer/ploading File'

2018-12-06 21:10:29 - [TEST_STEP][PASSED] - delay: Delayed 1 second(s)

2018-12-06 21:10:30 - [MESSAGE][PASSED] - Delayed 1 second(s)

2018-12-06 21:10:30 - [TEST_STEP][PASSED] - click: Object: 'Object Repository/Final Object Repo/Page_Form 3 EIS - Cessation as Employer/Add Document in Uploading Page' is clicked on

2018-12-06 21:10:30 - [MESSAGE][PASSED] - Object: 'Object Repository/Final Object Repo/Page_Form 3 EIS - Cessation as Employer/Add Document in Uploading Page' is clicked on

2018-12-06 21:10:30 - [TEST_STEP][PASSED] - delay: Delayed 2 second(s)

2018-12-06 21:10:32 - [MESSAGE][PASSED] - Delayed 2 second(s)

2018-12-06 21:10:32 - [TEST_STEP][PASSED] - Statement - CaseReferenceNo = com.kms.katalon.core.webui.keyword.WebUiBuiltInKeywords.getText(com.kms.katalon.core.testobject.ObjectRepository.findTestObject(Final Object Repo/Page_Update Employer Information/Reference Number in Update Employee Information Page)): Text of object 'Object Repository/Final Object Repo/Page_Update Employer Information/Reference Number in Update Employee Information Page' is: 'ERN122018C200002379'

2018-12-06 21:10:34 - [MESSAGE][PASSED] - Text of object 'Object Repository/Final Object Repo/Page_Update Employer Information/Reference Number in Update Employee Information Page' is: 'ERN122018C200002379'

2018-12-06 21:10:34 - [TEST_STEP][PASSED] - callTestCase: Call Test Case 'Test Cases/Final Aug 2018 - PKS Automation/Common/Reference Number Setter' successfully

2018-12-06 21:10:34 - [TEST_CASE][PASSED] - Test Cases/Final Aug 2018 - PKS Automation/Common/Reference Number Setter: Test Cases/Final Aug 2018 - PKS Automation/Common/Reference Number Setter

2018-12-06 21:10:34 - [TEST_STEP][PASSED] - Statement - RefNoOldFile = new java.io.File(C://Users//Admin//Desktop//PKS//Automation Reference Point//KatalonReference.txt): null

2018-12-06 21:10:34 - [TEST_STEP][PASSED] - Statement - RefNoOldFile.delete(): null

2018-12-06 21:10:34 - [TEST_STEP][PASSED] - delay: Delayed 5 second(s)

2018-12-06 21:10:39 - [MESSAGE][PASSED] - Delayed 5 second(s)

2018-12-06 21:10:39 - [TEST_STEP][PASSED] - Statement - RefNo = new java.io.File(C://Users//Admin//Desktop//PKS//Automation Reference Point//KatalonReference.txt): null

2018-12-06 21:10:39 - [TEST_STEP][PASSED] - Statement - f2 = new java.io.FileWriter(RefNo, false): null

2018-12-06 21:10:39 - [TEST_STEP][PASSED] - Statement - f2.write(CaseReferenceNo): null

2018-12-06 21:10:39 - [TEST_STEP][PASSED] - Statement - f2.close(): null

2018-12-06 21:10:39 - [TEST_STEP][PASSED] - Statement - out.println("


" + CaseReferenceNo + "


"): null

2018-12-06 21:10:39 - [MESSAGE][PASSED] - Call Test Case 'Test Cases/Final Aug 2018 - PKS Automation/Common/Reference Number Setter' successfully

2018-12-06 21:10:39 - [TEST_STEP][PASSED] - delay: Delayed 2 second(s)

2018-12-06 21:10:41 - [MESSAGE][PASSED] - Delayed 2 second(s)

2018-12-06 21:10:41 - [TEST_STEP][PASSED] - click: Object: 'Object Repository/Final Object Repo/Page_Form 3 EIS - Cessation as Employer/Save  Continue in Uploading Page' is clicked on

2018-12-06 21:10:41 - [MESSAGE][PASSED] - Object: 'Object Repository/Final Object Repo/Page_Form 3 EIS - Cessation as Employer/Save  Continue in Uploading Page' is clicked on

2018-12-06 21:10:41 - [TEST_STEP][PASSED] - delay: Delayed 2 second(s)

2018-12-06 21:10:43 - [MESSAGE][PASSED] - Delayed 2 second(s)

2018-12-06 21:10:43 - [TEST_STEP][PASSED] - click: Object: 'Object Repository/Final Object Repo/Page_Form 3 EIS - Cessation as Employer/Submit' is clicked on

2018-12-06 21:10:46 - [MESSAGE][PASSED] - Object: 'Object Repository/Final Object Repo/Page_Form 3 EIS - Cessation as Employer/Submit' is clicked on

2018-12-06 21:10:46 - [TEST_STEP][PASSED] - delay: Delayed 2 second(s)

2018-12-06 21:10:48 - [MESSAGE][PASSED] - Delayed 2 second(s)

2018-12-06 21:10:48 - [TEST_STEP][PASSED] - click: Object: 'Object Repository/Final Object Repo/Page_Form 3 EIS - Cessation as Employer/Confirm' is clicked on

2018-12-06 21:10:48 - [MESSAGE][PASSED] - Object: 'Object Repository/Final Object Repo/Page_Form 3 EIS - Cessation as Employer/Confirm' is clicked on

2018-12-06 21:10:48 - [TEST_STEP][PASSED] - delay: Delayed 2 second(s)

2018-12-06 21:10:50 - [MESSAGE][PASSED] - Delayed 2 second(s)

2018-12-06 21:10:50 - [TEST_STEP][PASSED] - click: Object: 'Object Repository/Final Object Repo/Page_Form 3 EIS - Cessation as Employer/Message Your Request will be routed to UO' is clicked on

2018-12-06 21:10:53 - [MESSAGE][PASSED] - Object: 'Object Repository/Final Object Repo/Page_Form 3 EIS - Cessation as Employer/Message Your Request will be routed to UO' is clicked on

2018-12-06 21:10:53 - [TEST_STEP][PASSED] - click: Object: 'Object Repository/Final Object Repo/Page_Form 3 EIS - Cessation as Employer/Letter of acknowledgement' is clicked on

2018-12-06 21:10:54 - [MESSAGE][PASSED] - Object: 'Object Repository/Final Object Repo/Page_Form 3 EIS - Cessation as Employer/Letter of acknowledgement' is clicked on

2018-12-06 21:10:54 - [MESSAGE][PASSED] - Call Test Case 'Test Cases/Final Aug 2018 - PKS Automation/Registration Module/Workflow/Form 3 EIS - Cessation As Employer/Template/Form 3 A - Cessation As Employer (OTC)' successfully

2018-12-06 21:10:54 - [TEST_STEP][PASSED] - callTestCase: Call Test Case 'Test Cases/Final Aug 2018 - PKS Automation/Registration Module/Workflow/Form 3 EIS - Cessation As Employer/Template/Form 3 A - Cessation As Employer (Approve)' successfully

2018-12-06 21:10:54 - [TEST_CASE][PASSED] - Test Cases/Final Aug 2018 - PKS Automation/Registration Module/Workflow/Form 3 EIS - Cessation As Employer/Template/Form 3 A - Cessation As Employer (Approve): Test Cases/Final Aug 2018 - PKS Automation/Registration Module/Workflow/Form 3 EIS - Cessation As Employer/Template/Form 3 A - Cessation As Employer (Approve)

2018-12-06 21:10:54 - [TEST_STEP][NOT_RUN] - callTestCase: NOT_RUN: callTestCase

2018-12-06 21:10:54 - [MESSAGE][NOT_RUN] - NOT_RUN: callTestCase

2018-12-06 21:10:54 - [TEST_STEP][PASSED] - delay: Delayed 1 second(s)

2018-12-06 21:10:55 - [MESSAGE][PASSED] - Delayed 1 second(s)

2018-12-06 21:10:55 - [TEST_STEP][PASSED] - navigateToUrl: Navigate to 'https://assist2-uat.perkeso.gov.my/c/portal/logout' successfully

2018-12-06 21:10:56 - [MESSAGE][PASSED] - Navigate to 'https://assist2-uat.perkeso.gov.my/c/portal/logout' successfully

2018-12-06 21:10:56 - [TEST_STEP][PASSED] - delay: Delayed 1 second(s)

2018-12-06 21:10:57 - [MESSAGE][PASSED] - Delayed 1 second(s)

2018-12-06 21:10:57 - [TEST_STEP][PASSED] - callTestCase: Call Test Case 'Test Cases/Final Aug 2018 - PKS Automation/Common/Reference Number Getter' successfully

2018-12-06 21:10:57 - [TEST_CASE][PASSED] - Test Cases/Final Aug 2018 - PKS Automation/Common/Reference Number Getter: Test Cases/Final Aug 2018 - PKS Automation/Common/Reference Number Getter

2018-12-06 21:10:57 - [TEST_STEP][PASSED] - Statement - Try: null

2018-12-06 21:10:57 - [TEST_STEP][PASSED] - Statement - RefNo = new java.io.File(C://Users//Admin//Desktop//PKS//Automation Reference Point//KatalonReference.txt): null

2018-12-06 21:10:57 - [TEST_STEP][PASSED] - Statement - bufferread = new java.io.BufferedReader(new java.io.FileReader(RefNo)): null

2018-12-06 21:10:57 - [TEST_STEP][PASSED] - Statement - readedVal = bufferread.readLine(): null

2018-12-06 21:10:57 - [TEST_STEP][PASSED] - Statement - out.println(CaseReferenceNo): null

2018-12-06 21:10:57 - [TEST_STEP][PASSED] - Statement - out.println(readedVal): null

2018-12-06 21:10:57 - [TEST_STEP][PASSED] - Statement - CaseReferenceNo = "": null

2018-12-06 21:10:57 - [TEST_STEP][PASSED] - Statement - CaseReferenceNo = readedVal: null

2018-12-06 21:10:57 - [MESSAGE][PASSED] - Call Test Case 'Test Cases/Final Aug 2018 - PKS Automation/Common/Reference Number Getter' successfully

2018-12-06 21:10:57 - [TEST_STEP][PASSED] - callTestCase: Call Test Case 'Test Cases/Final Aug 2018 - PKS Automation/Common/Workflow Owner Finder' successfully

2018-12-06 21:10:57 - [TEST_CASE][PASSED] - Test Cases/Final Aug 2018 - PKS Automation/Common/Workflow Owner Finder: Test Cases/Final Aug 2018 - PKS Automation/Common/Workflow Owner Finder

2018-12-06 21:10:57 - [TEST_STEP][PASSED] - openBrowser: Browser is opened with url: ''

2018-12-06 21:10:57 - [MESSAGE][WARNING] - A browser is already opened. Closing browser and opening a new one

2018-12-06 21:11:01 - [MESSAGE][PASSED] - Browser is opened with url: ''

2018-12-06 21:11:01 - [TEST_STEP][PASSED] - navigateToUrl: Navigate to 'https://assist2-uat.perkeso.gov.my/login' successfully

2018-12-06 21:11:02 - [MESSAGE][PASSED] - Navigate to 'https://assist2-uat.perkeso.gov.my/login' successfully

2018-12-06 21:11:02 - [TEST_STEP][PASSED] - delay: Delayed 5 second(s)

2018-12-06 21:11:07 - [MESSAGE][PASSED] - Delayed 5 second(s)

2018-12-06 21:11:07 - [TEST_STEP][PASSED] - setText: Text 'test@liferay.com' is set on object 'Object Repository/Final Object Repo/Login Page/Internal User/Email Address'

2018-12-06 21:11:07 - [MESSAGE][PASSED] - Text 'test@liferay.com' is set on object 'Object Repository/Final Object Repo/Login Page/Internal User/Email Address'

2018-12-06 21:11:07 - [TEST_STEP][PASSED] - click: Object: 'Object Repository/Final Object Repo/Login Page/Internal User/Next Button' is clicked on

2018-12-06 21:11:08 - [MESSAGE][PASSED] - Object: 'Object Repository/Final Object Repo/Login Page/Internal User/Next Button' is clicked on

2018-12-06 21:11:08 - [TEST_STEP][PASSED] - delay: Delayed 2 second(s)

2018-12-06 21:11:10 - [MESSAGE][PASSED] - Delayed 2 second(s)

2018-12-06 21:11:10 - [TEST_STEP][PASSED] - setText: Text 'test' is set on object 'Object Repository/Final Object Repo/Login Page/Internal User/Password'

2018-12-06 21:11:10 - [MESSAGE][PASSED] - Text 'test' is set on object 'Object Repository/Final Object Repo/Login Page/Internal User/Password'

2018-12-06 21:11:10 - [TEST_STEP][PASSED] - delay: Delayed 2 second(s)

2018-12-06 21:11:12 - [MESSAGE][PASSED] - Delayed 2 second(s)

2018-12-06 21:11:12 - [TEST_STEP][PASSED] - click: Object: 'Object Repository/Final Object Repo/Login Page/Internal User/Login Button' is clicked on

2018-12-06 21:11:12 - [MESSAGE][PASSED] - Object: 'Object Repository/Final Object Repo/Login Page/Internal User/Login Button' is clicked on

2018-12-06 21:11:12 - [TEST_STEP][PASSED] - Statement - tester = com.kms.katalon.core.testobject.ObjectRepository.findTestObject(Final Object Repo/Landing Page/Select to English): Finding Test Object with id 'Object Repository/Final Object Repo/Landing Page/Select to English'

2018-12-06 21:11:12 - [TEST_STEP][PASSED] - Statement - Try: Delayed 2 second(s)

2018-12-06 21:11:12 - [TEST_STEP][PASSED] - Statement - Checker = com.kms.katalon.core.webui.keyword.WebUiBuiltInKeywords.verifyElementNotPresent(tester, 3): Web element with id: 'Object Repository/Final Object Repo/Landing Page/Select to English' located by 'By.xpath: //a[@class = 'taglib-language-list-text' and @lang = 'en-US' and (contains(text(), 'EN') or contains(., 'EN'))]' is not present after '3' second(s)

2018-12-06 21:11:14 - [MESSAGE][PASSED] - Web element with id: 'Object Repository/Final Object Repo/Landing Page/Select to English' located by 'By.xpath: //a[@class = 'taglib-language-list-text' and @lang = 'en-US' and (contains(text(), 'EN') or contains(., 'EN'))]' is not present after '3' second(s)

2018-12-06 21:11:14 - [TEST_STEP][PASSED] - Statement - If (Checker == false): null

2018-12-06 21:11:14 - [TEST_STEP][PASSED] - delay: Delayed 2 second(s)

2018-12-06 21:11:16 - [MESSAGE][PASSED] - Delayed 2 second(s)

2018-12-06 21:11:16 - [TEST_STEP][PASSED] - delay: Delayed 5 second(s)

2018-12-06 21:11:21 - [MESSAGE][PASSED] - Delayed 5 second(s)

2018-12-06 21:11:21 - [TEST_STEP][PASSED] - mouseOver: Object: 'Object Repository/Final Object Repo/Landing Page/WorkFlow Menu' is hovered

2018-12-06 21:11:21 - [MESSAGE][PASSED] - Object: 'Object Repository/Final Object Repo/Landing Page/WorkFlow Menu' is hovered

2018-12-06 21:11:21 - [TEST_STEP][PASSED] - delay: Delayed 2 second(s)

2018-12-06 21:11:23 - [MESSAGE][PASSED] - Delayed 2 second(s)

2018-12-06 21:11:23 - [TEST_STEP][PASSED] - click: Object: 'Object Repository/Final Object Repo/Landing Page/Select to Workflow Listing' is clicked on

2018-12-06 21:11:24 - [MESSAGE][PASSED] - Object: 'Object Repository/Final Object Repo/Landing Page/Select to Workflow Listing' is clicked on

2018-12-06 21:11:24 - [TEST_STEP][PASSED] - delay: Delayed 2 second(s)

2018-12-06 21:11:26 - [MESSAGE][PASSED] - Delayed 2 second(s)

2018-12-06 21:11:26 - [TEST_STEP][PASSED] - click: Object: 'Object Repository/Final Object Repo/WorkFlow Listing Page/Search Information - To Put Ref No' is clicked on

2018-12-06 21:11:26 - [MESSAGE][PASSED] - Object: 'Object Repository/Final Object Repo/WorkFlow Listing Page/Search Information - To Put Ref No' is clicked on

2018-12-06 21:11:26 - [TEST_STEP][PASSED] - delay: Delayed 2 second(s)

2018-12-06 21:11:28 - [MESSAGE][PASSED] - Delayed 2 second(s)

2018-12-06 21:11:28 - [TEST_STEP][PASSED] - callTestCase: Call Test Case 'Test Cases/Final Aug 2018 - PKS Automation/Common/Reference Number Getter' successfully

2018-12-06 21:11:28 - [TEST_CASE][PASSED] - Test Cases/Final Aug 2018 - PKS Automation/Common/Reference Number Getter: Test Cases/Final Aug 2018 - PKS Automation/Common/Reference Number Getter

2018-12-06 21:11:28 - [TEST_STEP][PASSED] - Statement - Try: null

2018-12-06 21:11:28 - [TEST_STEP][PASSED] - Statement - RefNo = new java.io.File(C://Users//Admin//Desktop//PKS//Automation Reference Point//KatalonReference.txt): null

2018-12-06 21:11:28 - [TEST_STEP][PASSED] - Statement - bufferread = new java.io.BufferedReader(new java.io.FileReader(RefNo)): null

2018-12-06 21:11:28 - [TEST_STEP][PASSED] - Statement - readedVal = bufferread.readLine(): null

2018-12-06 21:11:28 - [TEST_STEP][PASSED] - Statement - out.println(CaseReferenceNo): null

2018-12-06 21:11:28 - [TEST_STEP][PASSED] - Statement - out.println(readedVal): null

2018-12-06 21:11:28 - [TEST_STEP][PASSED] - Statement - CaseReferenceNo = "": null

2018-12-06 21:11:28 - [TEST_STEP][PASSED] - Statement - CaseReferenceNo = readedVal: null

2018-12-06 21:11:28 - [MESSAGE][PASSED] - Call Test Case 'Test Cases/Final Aug 2018 - PKS Automation/Common/Reference Number Getter' successfully

2018-12-06 21:11:28 - [TEST_STEP][PASSED] - setText: Text 'ERN122018C200002379' is set on object 'Object Repository/Final Object Repo/WorkFlow Listing Page/Ref No Set Text'

2018-12-06 21:11:29 - [MESSAGE][PASSED] - Text 'ERN122018C200002379' is set on object 'Object Repository/Final Object Repo/WorkFlow Listing Page/Ref No Set Text'

2018-12-06 21:11:29 - [TEST_STEP][PASSED] - delay: Delayed 2 second(s)

2018-12-06 21:11:31 - [MESSAGE][PASSED] - Delayed 2 second(s)

2018-12-06 21:11:31 - [TEST_STEP][PASSED] - click: Object: 'Object Repository/Final Object Repo/WorkFlow Listing Page/Search Ref No Search Button' is clicked on

2018-12-06 21:11:31 - [MESSAGE][PASSED] - Object: 'Object Repository/Final Object Repo/WorkFlow Listing Page/Search Ref No Search Button' is clicked on

2018-12-06 21:11:31 - [TEST_STEP][PASSED] - delay: Delayed 6 second(s)

2018-12-06 21:11:37 - [MESSAGE][PASSED] - Delayed 6 second(s)

2018-12-06 21:11:37 - [TEST_STEP][PASSED] - click: Object: 'Object Repository/Final Object Repo/WorkFlow Listing Page/Click Continue Tooltip' is clicked on

2018-12-06 21:11:38 - [MESSAGE][PASSED] - Object: 'Object Repository/Final Object Repo/WorkFlow Listing Page/Click Continue Tooltip' is clicked on

2018-12-06 21:11:38 - [TEST_STEP][PASSED] - delay: Delayed 5 second(s)

2018-12-06 21:11:43 - [MESSAGE][PASSED] - Delayed 5 second(s)

2018-12-06 21:11:43 - [TEST_STEP][PASSED] - doubleClick: Object: 'Object Repository/Final Object Repo/WorkFlow Listing Page/Workflow Found - Listing 1' is double clicked on

2018-12-06 21:11:43 - [MESSAGE][PASSED] - Object: 'Object Repository/Final Object Repo/WorkFlow Listing Page/Workflow Found - Listing 1' is double clicked on

2018-12-06 21:11:43 - [TEST_STEP][PASSED] - Statement - println(OwnerID): null

2018-12-06 21:11:43 - [TEST_STEP][PASSED] - Statement - OwnerID = com.kms.katalon.core.webui.keyword.WebUiBuiltInKeywords.getText(com.kms.katalon.core.testobject.ObjectRepository.findTestObject(Final Object Repo/WorkFlow Listing Page/Workflow Found - Listing 1), STOP_ON_FAILURE): Text of object 'Object Repository/Final Object Repo/WorkFlow Listing Page/Workflow Found - Listing 1' is: 'JOHORuo2'

2018-12-06 21:11:43 - [MESSAGE][PASSED] - Text of object 'Object Repository/Final Object Repo/WorkFlow Listing Page/Workflow Found - Listing 1' is: 'JOHORuo2'

2018-12-06 21:11:43 - [TEST_STEP][PASSED] - Statement - OwnerID = OwnerID.toLowerCase() + "@gmail.com": null

2018-12-06 21:11:43 - [TEST_STEP][PASSED] - Statement - println(OwnerID): null

2018-12-06 21:11:43 - [TEST_STEP][PASSED] - delay: Delayed 2 second(s)

2018-12-06 21:11:45 - [MESSAGE][PASSED] - Delayed 2 second(s)

2018-12-06 21:11:45 - [MESSAGE][PASSED] - Call Test Case 'Test Cases/Final Aug 2018 - PKS Automation/Common/Workflow Owner Finder' successfully

2018-12-06 21:11:45 - [TEST_STEP][PASSED] - delay: Delayed 1 second(s)

2018-12-06 21:11:46 - [MESSAGE][PASSED] - Delayed 1 second(s)

2018-12-06 21:11:46 - [TEST_STEP][PASSED] - navigateToUrl: Navigate to 'https://assist2-uat.perkeso.gov.my/c/portal/logout' successfully

2018-12-06 21:11:47 - [MESSAGE][PASSED] - Navigate to 'https://assist2-uat.perkeso.gov.my/c/portal/logout' successfully

2018-12-06 21:11:47 - [TEST_STEP][PASSED] - delay: Delayed 1 second(s)

2018-12-06 21:11:48 - [MESSAGE][PASSED] - Delayed 1 second(s)

2018-12-06 21:11:48 - [TEST_STEP][PASSED] - callTestCase: Call Test Case 'Test Cases/Final Aug 2018 - PKS Automation/Registration Module/Workflow/Login and Search Case For Workflow' successfully

2018-12-06 21:11:48 - [TEST_CASE][PASSED] - Test Cases/Final Aug 2018 - PKS Automation/Registration Module/Workflow/Login and Search Case For Workflow: Test Cases/Final Aug 2018 - PKS Automation/Registration Module/Workflow/Login and Search Case For Workflow

2018-12-06 21:11:48 - [TEST_STEP][PASSED] - navigateToUrl: Navigate to 'https://assist2-uat.perkeso.gov.my/login' successfully

2018-12-06 21:11:49 - [MESSAGE][PASSED] - Navigate to 'https://assist2-uat.perkeso.gov.my/login' successfully

2018-12-06 21:11:49 - [TEST_STEP][PASSED] - setText: Text 'johoruo2@gmail.com' is set on object 'Object Repository/Final Object Repo/Login Page/Internal User/Email Address'

2018-12-06 21:11:49 - [MESSAGE][PASSED] - Text 'johoruo2@gmail.com' is set on object 'Object Repository/Final Object Repo/Login Page/Internal User/Email Address'

2018-12-06 21:11:49 - [TEST_STEP][PASSED] - click: Object: 'Object Repository/Final Object Repo/Login Page/Internal User/Next Button' is clicked on

2018-12-06 21:11:49 - [MESSAGE][PASSED] - Object: 'Object Repository/Final Object Repo/Login Page/Internal User/Next Button' is clicked on

2018-12-06 21:11:49 - [TEST_STEP][PASSED] - delay: Delayed 1 second(s)

2018-12-06 21:11:50 - [MESSAGE][PASSED] - Delayed 1 second(s)

2018-12-06 21:11:50 - [TEST_STEP][PASSED] - setEncryptedText: Text ****** has been set on object 'Object Repository/Final Object Repo/Login Page/Internal User/Password'

2018-12-06 21:11:51 - [MESSAGE][PASSED] - Text ****** has been set on object 'Object Repository/Final Object Repo/Login Page/Internal User/Password'

2018-12-06 21:11:51 - [TEST_STEP][PASSED] - click: Object: 'Object Repository/Final Object Repo/Login Page/Internal User/Login Button' is clicked on

2018-12-06 21:11:51 - [MESSAGE][PASSED] - Object: 'Object Repository/Final Object Repo/Login Page/Internal User/Login Button' is clicked on

2018-12-06 21:11:51 - [TEST_STEP][PASSED] - delay: Delayed 2 second(s)

2018-12-06 21:11:53 - [MESSAGE][PASSED] - Delayed 2 second(s)

2018-12-06 21:11:53 - [TEST_STEP][PASSED] - Statement - Try: Delayed 2 second(s)

2018-12-06 21:11:53 - [TEST_STEP][PASSED] - Statement - Checker = false: null

2018-12-06 21:11:53 - [TEST_STEP][PASSED] - Statement - Checker = com.kms.katalon.core.webui.keyword.WebUiBuiltInKeywords.verifyElementHasAttribute(com.kms.katalon.core.testobject.ObjectRepository.findTestObject(Final Object Repo/Landing Page/BM Detecting), "href", 20, OPTIONAL): Object 'Object Repository/Final Object Repo/Landing Page/BM Detecting' has attribute 'href'

2018-12-06 21:11:53 - [MESSAGE][PASSED] - Object 'Object Repository/Final Object Repo/Landing Page/BM Detecting' has attribute 'href'

2018-12-06 21:11:53 - [TEST_STEP][PASSED] - Statement - out.println(Checker): null

2018-12-06 21:11:53 - [TEST_STEP][PASSED] - Statement - If (Checker == false): null

2018-12-06 21:11:53 - [TEST_STEP][PASSED] - Statement - Else: null

2018-12-06 21:11:53 - [TEST_STEP][PASSED] - delay: Delayed 2 second(s)

2018-12-06 21:11:55 - [MESSAGE][PASSED] - Delayed 2 second(s)

2018-12-06 21:11:55 - [TEST_STEP][PASSED] - click: Object: 'Object Repository/Final Object Repo/Page_MyASSIST - ASSIST - Search Pending Case For Add Supporting Document/Search Information' is clicked on

2018-12-06 21:11:55 - [MESSAGE][PASSED] - Object: 'Object Repository/Final Object Repo/Page_MyASSIST - ASSIST - Search Pending Case For Add Supporting Document/Search Information' is clicked on

2018-12-06 21:11:55 - [TEST_STEP][PASSED] - delay: Delayed 3 second(s)

2018-12-06 21:11:58 - [MESSAGE][PASSED] - Delayed 3 second(s)

2018-12-06 21:11:58 - [TEST_STEP][PASSED] - sendKeys: Keys 'ERN122018C200002379' sent to object: 'Object Repository/Final Object Repo/Page_MyASSIST - ASSIST - Search Pending Case For Add Supporting Document/Reference No'

2018-12-06 21:11:58 - [MESSAGE][PASSED] - Keys 'ERN122018C200002379' sent to object: 'Object Repository/Final Object Repo/Page_MyASSIST - ASSIST - Search Pending Case For Add Supporting Document/Reference No'

2018-12-06 21:11:58 - [TEST_STEP][PASSED] - click: Object: 'Object Repository/Final Object Repo/Page_MyASSIST - ASSIST - Search Pending Case For Add Supporting Document/Search Reference No' is clicked on

2018-12-06 21:11:58 - [MESSAGE][PASSED] - Object: 'Object Repository/Final Object Repo/Page_MyASSIST - ASSIST - Search Pending Case For Add Supporting Document/Search Reference No' is clicked on

2018-12-06 21:11:58 - [TEST_STEP][PASSED] - delay: Delayed 2 second(s)

2018-12-06 21:12:00 - [MESSAGE][PASSED] - Delayed 2 second(s)

2018-12-06 21:12:00 - [TEST_STEP][PASSED] - click: Object: 'Object Repository/Final Object Repo/Page_MyASSIST - ASSIST - Search Pending Case For Add Supporting Document/Continue' is clicked on

2018-12-06 21:12:04 - [MESSAGE][PASSED] - Object: 'Object Repository/Final Object Repo/Page_MyASSIST - ASSIST - Search Pending Case For Add Supporting Document/Continue' is clicked on

2018-12-06 21:12:04 - [TEST_STEP][PASSED] - delay: Delayed 20 second(s)

2018-12-06 21:12:24 - [MESSAGE][PASSED] - Delayed 20 second(s)

2018-12-06 21:12:24 - [MESSAGE][PASSED] - Call Test Case 'Test Cases/Final Aug 2018 - PKS Automation/Registration Module/Workflow/Login and Search Case For Workflow' successfully

2018-12-06 21:12:24 - [TEST_STEP][PASSED] - click: Object: 'Object Repository/Final Object Repo/Page_Form 3 EIS - Cessation as Employer/Page_Form 3 EIS - Cessation as Employer (Approve)/Save  Continue in Form 3 Page' is clicked on

2018-12-06 21:12:24 - [MESSAGE][PASSED] - Object: 'Object Repository/Final Object Repo/Page_Form 3 EIS - Cessation as Employer/Page_Form 3 EIS - Cessation as Employer (Approve)/Save  Continue in Form 3 Page' is clicked on

2018-12-06 21:12:24 - [TEST_STEP][PASSED] - delay: Delayed 2 second(s)

2018-12-06 21:12:26 - [MESSAGE][PASSED] - Delayed 2 second(s)

2018-12-06 21:12:26 - [TEST_STEP][PASSED] - click: Object: 'Object Repository/Final Object Repo/Page_Form 3 EIS - Cessation as Employer/Page_Form 3 EIS - Cessation as Employer (Approve)/Save  Continue in Resigned Page' is clicked on

2018-12-06 21:12:26 - [MESSAGE][PASSED] - Object: 'Object Repository/Final Object Repo/Page_Form 3 EIS - Cessation as Employer/Page_Form 3 EIS - Cessation as Employer (Approve)/Save  Continue in Resigned Page' is clicked on

2018-12-06 21:12:26 - [TEST_STEP][PASSED] - delay: Delayed 2 second(s)

2018-12-06 21:12:28 - [MESSAGE][PASSED] - Delayed 2 second(s)

2018-12-06 21:12:28 - [TEST_STEP][PASSED] - click: Object: 'Object Repository/Final Object Repo/Page_Form 3 EIS - Cessation as Employer/Page_Form 3 EIS - Cessation as Employer (Approve)/Save  Continue in Uploading Page' is clicked on

2018-12-06 21:12:29 - [MESSAGE][PASSED] - Object: 'Object Repository/Final Object Repo/Page_Form 3 EIS - Cessation as Employer/Page_Form 3 EIS - Cessation as Employer (Approve)/Save  Continue in Uploading Page' is clicked on

2018-12-06 21:12:29 - [TEST_STEP][PASSED] - delay: Delayed 2 second(s)

2018-12-06 21:12:31 - [MESSAGE][PASSED] - Delayed 2 second(s)

2018-12-06 21:12:31 - [TEST_STEP][PASSED] - click: Object: 'Object Repository/Final Object Repo/Page_Form 3 EIS - Cessation as Employer/Page_Form 3 EIS - Cessation as Employer (Approve)/Approve' is clicked on

2018-12-06 21:12:34 - [MESSAGE][PASSED] - Object: 'Object Repository/Final Object Repo/Page_Form 3 EIS - Cessation as Employer/Page_Form 3 EIS - Cessation as Employer (Approve)/Approve' is clicked on

2018-12-06 21:12:34 - [TEST_STEP][PASSED] - delay: Delayed 2 second(s)

2018-12-06 21:12:36 - [MESSAGE][PASSED] - Delayed 2 second(s)

2018-12-06 21:12:36 - [TEST_STEP][PASSED] - click: Object: 'Object Repository/Final Object Repo/Page_Form 3 EIS - Cessation as Employer/Page_Form 3 EIS - Cessation as Employer (Approve)/Confirm' is clicked on

2018-12-06 21:12:36 - [MESSAGE][PASSED] - Object: 'Object Repository/Final Object Repo/Page_Form 3 EIS - Cessation as Employer/Page_Form 3 EIS - Cessation as Employer (Approve)/Confirm' is clicked on

2018-12-06 21:12:36 - [TEST_STEP][PASSED] - delay: Delayed 2 second(s)

2018-12-06 21:12:38 - [MESSAGE][PASSED] - Delayed 2 second(s)

2018-12-06 21:12:38 - [TEST_STEP][PASSED] - click: Object: 'Object Repository/Final Object Repo/Page_Form 3 EIS - Cessation as Employer/Page_Form 3 EIS - Cessation as Employer (Approve)/Message Your Request    Form 3 EIS' is clicked on

2018-12-06 21:12:44 - [MESSAGE][PASSED] - Object: 'Object Repository/Final Object Repo/Page_Form 3 EIS - Cessation as Employer/Page_Form 3 EIS - Cessation as Employer (Approve)/Message Your Request    Form 3 EIS' is clicked on

2018-12-06 21:12:44 - [TEST_STEP][PASSED] - click: Object: 'Object Repository/Final Object Repo/Page_Form 3 EIS - Cessation as Employer/Page_Form 3 EIS - Cessation as Employer (Approve)/Letter of successful update' is clicked on

2018-12-06 21:12:45 - [MESSAGE][PASSED] - Object: 'Object Repository/Final Object Repo/Page_Form 3 EIS - Cessation as Employer/Page_Form 3 EIS - Cessation as Employer (Approve)/Letter of successful update' is clicked on

2018-12-06 21:12:45 - [MESSAGE][PASSED] - Call Test Case 'Test Cases/Final Aug 2018 - PKS Automation/Registration Module/Workflow/Form 3 EIS - Cessation As Employer/Template/Form 3 A - Cessation As Employer (Approve)' successfully]]></system-out>
         <system-err><![CDATA[]]></system-err>
      </testcase>
      <testcase name="Test Cases/Final Aug 2018 - PKS Automation/Registration Module/Workflow/Form 3 EIS - Cessation As Employer/OTC to UO (Query)" classname="Test Cases/Final Aug 2018 - PKS Automation/Registration Module/Workflow/Form 3 EIS - Cessation As Employer/OTC to UO (Query)" status="PASSED">
         <system-out><![CDATA[2018-12-06 21:12:45 - [TEST_CASE][PASSED] - Test Cases/Final Aug 2018 - PKS Automation/Registration Module/Workflow/Form 3 EIS - Cessation As Employer/OTC to UO (Query): Test Cases/Final Aug 2018 - PKS Automation/Registration Module/Workflow/Form 3 EIS - Cessation As Employer/OTC to UO (Query)

2018-12-06 21:12:46 - [TEST_STEP][PASSED] - callTestCase: Call Test Case 'Test Cases/Final Aug 2018 - PKS Automation/Registration Module/Workflow/Form 3 EIS - Cessation As Employer/Template/Form 3 A - Cessation As Employer (OTC)' successfully

2018-12-06 21:12:46 - [TEST_CASE][PASSED] - Test Cases/Final Aug 2018 - PKS Automation/Registration Module/Workflow/Form 3 EIS - Cessation As Employer/Template/Form 3 A - Cessation As Employer (OTC): Test Cases/Final Aug 2018 - PKS Automation/Registration Module/Workflow/Form 3 EIS - Cessation As Employer/Template/Form 3 A - Cessation As Employer (OTC)

2018-12-06 21:12:46 - [TEST_STEP][PASSED] - openBrowser: Browser is opened with url: ''

2018-12-06 21:12:46 - [MESSAGE][WARNING] - A browser is already opened. Closing browser and opening a new one

2018-12-06 21:12:50 - [MESSAGE][PASSED] - Browser is opened with url: ''

2018-12-06 21:12:50 - [TEST_STEP][PASSED] - navigateToUrl: Navigate to 'https://assist2-uat.perkeso.gov.my/login' successfully

2018-12-06 21:12:51 - [MESSAGE][PASSED] - Navigate to 'https://assist2-uat.perkeso.gov.my/login' successfully

2018-12-06 21:12:51 - [TEST_STEP][PASSED] - setText: Text 'johorotc1@gmail.com' is set on object 'Object Repository/Final Object Repo/Login Page/Internal User/Email Address'

2018-12-06 21:12:51 - [MESSAGE][PASSED] - Text 'johorotc1@gmail.com' is set on object 'Object Repository/Final Object Repo/Login Page/Internal User/Email Address'

2018-12-06 21:12:51 - [TEST_STEP][PASSED] - click: Object: 'Object Repository/Final Object Repo/Login Page/Internal User/Next Button' is clicked on

2018-12-06 21:12:51 - [MESSAGE][PASSED] - Object: 'Object Repository/Final Object Repo/Login Page/Internal User/Next Button' is clicked on

2018-12-06 21:12:51 - [TEST_STEP][PASSED] - delay: Delayed 1 second(s)

2018-12-06 21:12:52 - [MESSAGE][PASSED] - Delayed 1 second(s)

2018-12-06 21:12:52 - [TEST_STEP][PASSED] - setEncryptedText: Text ****** has been set on object 'Object Repository/Final Object Repo/Login Page/Internal User/Password'

2018-12-06 21:12:53 - [MESSAGE][PASSED] - Text ****** has been set on object 'Object Repository/Final Object Repo/Login Page/Internal User/Password'

2018-12-06 21:12:53 - [TEST_STEP][PASSED] - click: Object: 'Object Repository/Final Object Repo/Login Page/Internal User/Login Button' is clicked on

2018-12-06 21:12:53 - [MESSAGE][PASSED] - Object: 'Object Repository/Final Object Repo/Login Page/Internal User/Login Button' is clicked on

2018-12-06 21:12:53 - [TEST_STEP][PASSED] - delay: Delayed 1 second(s)

2018-12-06 21:12:54 - [MESSAGE][PASSED] - Delayed 1 second(s)

2018-12-06 21:12:54 - [TEST_STEP][PASSED] - Statement - Try: Delayed 2 second(s)

2018-12-06 21:12:54 - [TEST_STEP][PASSED] - Statement - Checker = false: null

2018-12-06 21:12:54 - [TEST_STEP][PASSED] - Statement - Checker = com.kms.katalon.core.webui.keyword.WebUiBuiltInKeywords.verifyElementHasAttribute(com.kms.katalon.core.testobject.ObjectRepository.findTestObject(Final Object Repo/Landing Page/BM Detecting), "href", 20, OPTIONAL): Object 'Object Repository/Final Object Repo/Landing Page/BM Detecting' has attribute 'href'

2018-12-06 21:12:55 - [MESSAGE][PASSED] - Object 'Object Repository/Final Object Repo/Landing Page/BM Detecting' has attribute 'href'

2018-12-06 21:12:55 - [TEST_STEP][PASSED] - Statement - out.println(Checker): null

2018-12-06 21:12:55 - [TEST_STEP][PASSED] - Statement - If (Checker == false): null

2018-12-06 21:12:55 - [TEST_STEP][PASSED] - Statement - Else: null

2018-12-06 21:12:55 - [TEST_STEP][PASSED] - delay: Delayed 2 second(s)

2018-12-06 21:12:57 - [MESSAGE][PASSED] - Delayed 2 second(s)

2018-12-06 21:12:57 - [TEST_STEP][PASSED] - navigateToUrl: Navigate to 'https://assist2-uat.perkeso.gov.my/web/registration/eis-update/form-3-eis-cessation-as-employer' successfully

2018-12-06 21:12:58 - [MESSAGE][PASSED] - Navigate to 'https://assist2-uat.perkeso.gov.my/web/registration/eis-update/form-3-eis-cessation-as-employer' successfully

2018-12-06 21:12:58 - [TEST_STEP][PASSED] - delay: Delayed 1 second(s)

2018-12-06 21:12:59 - [MESSAGE][PASSED] - Delayed 1 second(s)

2018-12-06 21:12:59 - [TEST_STEP][PASSED] - setText: Text 'E1102069769W' is set on object 'Object Repository/Final Object Repo/Page_Form 3 EIS - Cessation as Employer/Employer Code'

2018-12-06 21:12:59 - [MESSAGE][PASSED] - Text 'E1102069769W' is set on object 'Object Repository/Final Object Repo/Page_Form 3 EIS - Cessation as Employer/Employer Code'

2018-12-06 21:12:59 - [TEST_STEP][PASSED] - click: Object: 'Object Repository/Final Object Repo/Page_Form 3 EIS - Cessation as Employer/Search' is clicked on

2018-12-06 21:12:59 - [MESSAGE][PASSED] - Object: 'Object Repository/Final Object Repo/Page_Form 3 EIS - Cessation as Employer/Search' is clicked on

2018-12-06 21:12:59 - [TEST_STEP][PASSED] - click: Object: 'Object Repository/Final Object Repo/Page_Form 3 EIS - Cessation as Employer/Edit' is clicked on

2018-12-06 21:13:02 - [MESSAGE][PASSED] - Object: 'Object Repository/Final Object Repo/Page_Form 3 EIS - Cessation as Employer/Edit' is clicked on

2018-12-06 21:13:02 - [TEST_STEP][PASSED] - delay: Delayed 1 second(s)

2018-12-06 21:13:03 - [MESSAGE][PASSED] - Delayed 1 second(s)

2018-12-06 21:13:03 - [TEST_STEP][PASSED] - Statement - abc = com.kms.katalon.core.webui.keyword.WebUiBuiltInKeywords.getAttribute(com.kms.katalon.core.testobject.ObjectRepository.findTestObject(Final Object Repo/Page_Form 3 EIS - Cessation as Employer/Employer Status), "value"): Attribute 'value' of object 'Object Repository/Final Object Repo/Page_Form 3 EIS - Cessation as Employer/Employer Status' is: 'Active'

2018-12-06 21:13:03 - [MESSAGE][PASSED] - Attribute 'value' of object 'Object Repository/Final Object Repo/Page_Form 3 EIS - Cessation as Employer/Employer Status' is: 'Active'

2018-12-06 21:13:03 - [TEST_STEP][PASSED] - Statement - out.println(abc): null

2018-12-06 21:13:03 - [TEST_STEP][PASSED] - Statement - If (abc == "Active"): Object: 'Object Repository/Final Object Repo/Page_Form 3 EIS - Cessation as Employer/Dormant EIS' is clicked on

2018-12-06 21:13:03 - [TEST_STEP][PASSED] - click: Object: 'Object Repository/Final Object Repo/Page_Form 3 EIS - Cessation as Employer/Change Employer Status to' is clicked on

2018-12-06 21:13:03 - [MESSAGE][PASSED] - Object: 'Object Repository/Final Object Repo/Page_Form 3 EIS - Cessation as Employer/Change Employer Status to' is clicked on

2018-12-06 21:13:03 - [TEST_STEP][PASSED] - click: Object: 'Object Repository/Final Object Repo/Page_Form 3 EIS - Cessation as Employer/Dormant EIS' is clicked on

2018-12-06 21:13:03 - [MESSAGE][PASSED] - Object: 'Object Repository/Final Object Repo/Page_Form 3 EIS - Cessation as Employer/Dormant EIS' is clicked on

2018-12-06 21:13:03 - [TEST_STEP][PASSED] - click: Object: 'Object Repository/Final Object Repo/Page_Form 3 EIS - Cessation as Employer/Calender' is clicked on

2018-12-06 21:13:03 - [MESSAGE][PASSED] - Object: 'Object Repository/Final Object Repo/Page_Form 3 EIS - Cessation as Employer/Calender' is clicked on

2018-12-06 21:13:03 - [TEST_STEP][PASSED] - delay: Delayed 1 second(s)

2018-12-06 21:13:04 - [MESSAGE][PASSED] - Delayed 1 second(s)

2018-12-06 21:13:04 - [TEST_STEP][PASSED] - click: Object: 'Object Repository/Final Object Repo/Page_Form 3 EIS - Cessation as Employer/Calender - Date' is clicked on

2018-12-06 21:13:04 - [MESSAGE][PASSED] - Object: 'Object Repository/Final Object Repo/Page_Form 3 EIS - Cessation as Employer/Calender - Date' is clicked on

2018-12-06 21:13:04 - [TEST_STEP][PASSED] - click: Object: 'Object Repository/Final Object Repo/Page_Form 3 EIS - Cessation as Employer/Save  Continue in Form 3 EIS Page' is clicked on

2018-12-06 21:13:05 - [MESSAGE][PASSED] - Object: 'Object Repository/Final Object Repo/Page_Form 3 EIS - Cessation as Employer/Save  Continue in Form 3 EIS Page' is clicked on

2018-12-06 21:13:05 - [TEST_STEP][PASSED] - delay: Delayed 1 second(s)

2018-12-06 21:13:06 - [MESSAGE][PASSED] - Delayed 1 second(s)

2018-12-06 21:13:06 - [TEST_STEP][PASSED] - click: Object: 'Object Repository/Final Object Repo/Page_Form 3 EIS - Cessation as Employer/Employment Resign Date' is clicked on

2018-12-06 21:13:06 - [MESSAGE][PASSED] - Object: 'Object Repository/Final Object Repo/Page_Form 3 EIS - Cessation as Employer/Employment Resign Date' is clicked on

2018-12-06 21:13:06 - [TEST_STEP][PASSED] - selectOptionByValue: All options with value '2030' are selected in object 'Object Repository/Final Object Repo/Page_Form 3 EIS - Cessation as Employer/Employment Resign Date - Year' 

2018-12-06 21:13:06 - [MESSAGE][PASSED] - All options with value '2030' are selected in object 'Object Repository/Final Object Repo/Page_Form 3 EIS - Cessation as Employer/Employment Resign Date - Year' 

2018-12-06 21:13:06 - [TEST_STEP][PASSED] - delay: Delayed 2 second(s)

2018-12-06 21:13:08 - [MESSAGE][PASSED] - Delayed 2 second(s)

2018-12-06 21:13:08 - [TEST_STEP][PASSED] - click: Object: 'Object Repository/Final Object Repo/Page_Form 3 EIS - Cessation as Employer/Employment Resign Date - Year - Date' is clicked on

2018-12-06 21:13:09 - [MESSAGE][PASSED] - Object: 'Object Repository/Final Object Repo/Page_Form 3 EIS - Cessation as Employer/Employment Resign Date - Year - Date' is clicked on

2018-12-06 21:13:09 - [TEST_STEP][PASSED] - delay: Delayed 2 second(s)

2018-12-06 21:13:11 - [MESSAGE][PASSED] - Delayed 2 second(s)

2018-12-06 21:13:11 - [TEST_STEP][PASSED] - click: Object: 'Object Repository/Final Object Repo/Page_Form 3 EIS - Cessation as Employer/Save  Continue in Employment Resign Page' is clicked on

2018-12-06 21:13:11 - [MESSAGE][PASSED] - Object: 'Object Repository/Final Object Repo/Page_Form 3 EIS - Cessation as Employer/Save  Continue in Employment Resign Page' is clicked on

2018-12-06 21:13:11 - [TEST_STEP][PASSED] - delay: Delayed 2 second(s)

2018-12-06 21:13:13 - [MESSAGE][PASSED] - Delayed 2 second(s)

2018-12-06 21:13:13 - [TEST_STEP][PASSED] - click: Object: 'Object Repository/Final Object Repo/Page_Form 3 EIS - Cessation as Employer/Set Latest - Yes' is clicked on

2018-12-06 21:13:13 - [MESSAGE][PASSED] - Object: 'Object Repository/Final Object Repo/Page_Form 3 EIS - Cessation as Employer/Set Latest - Yes' is clicked on

2018-12-06 21:13:13 - [TEST_STEP][PASSED] - delay: Delayed 2 second(s)

2018-12-06 21:13:15 - [MESSAGE][PASSED] - Delayed 2 second(s)

2018-12-06 21:13:15 - [TEST_STEP][PASSED] - click: Object: 'Object Repository/Final Object Repo/Page_Form 3 EIS - Cessation as Employer/Add Document' is clicked on

2018-12-06 21:13:16 - [MESSAGE][PASSED] - Object: 'Object Repository/Final Object Repo/Page_Form 3 EIS - Cessation as Employer/Add Document' is clicked on

2018-12-06 21:13:16 - [TEST_STEP][PASSED] - delay: Delayed 3 second(s)

2018-12-06 21:13:19 - [MESSAGE][PASSED] - Delayed 3 second(s)

2018-12-06 21:13:19 - [TEST_STEP][PASSED] - click: Object: 'Object Repository/Final Object Repo/Page_Form 3 EIS - Cessation as Employer/Document Type' is clicked on

2018-12-06 21:13:19 - [MESSAGE][PASSED] - Object: 'Object Repository/Final Object Repo/Page_Form 3 EIS - Cessation as Employer/Document Type' is clicked on

2018-12-06 21:13:19 - [TEST_STEP][PASSED] - click: Object: 'Object Repository/Final Object Repo/Page_Form 3 EIS - Cessation as Employer/Document Type - Form 3' is clicked on

2018-12-06 21:13:19 - [MESSAGE][PASSED] - Object: 'Object Repository/Final Object Repo/Page_Form 3 EIS - Cessation as Employer/Document Type - Form 3' is clicked on

2018-12-06 21:13:19 - [TEST_STEP][PASSED] - delay: Delayed 2 second(s)

2018-12-06 21:13:21 - [MESSAGE][PASSED] - Delayed 2 second(s)

2018-12-06 21:13:21 - [TEST_STEP][PASSED] - sendKeys: Keys 'C:\Users\Public\Pictures\Sample Pictures\Koala.jpg' sent to object: 'Object Repository/Final Object Repo/Page_Form 3 EIS - Cessation as Employer/ploading File'

2018-12-06 21:13:21 - [MESSAGE][PASSED] - Keys 'C:\Users\Public\Pictures\Sample Pictures\Koala.jpg' sent to object: 'Object Repository/Final Object Repo/Page_Form 3 EIS - Cessation as Employer/ploading File'

2018-12-06 21:13:21 - [TEST_STEP][PASSED] - delay: Delayed 1 second(s)

2018-12-06 21:13:22 - [MESSAGE][PASSED] - Delayed 1 second(s)

2018-12-06 21:13:22 - [TEST_STEP][PASSED] - click: Object: 'Object Repository/Final Object Repo/Page_Form 3 EIS - Cessation as Employer/Add Document in Uploading Page' is clicked on

2018-12-06 21:13:23 - [MESSAGE][PASSED] - Object: 'Object Repository/Final Object Repo/Page_Form 3 EIS - Cessation as Employer/Add Document in Uploading Page' is clicked on

2018-12-06 21:13:23 - [TEST_STEP][PASSED] - delay: Delayed 2 second(s)

2018-12-06 21:13:25 - [MESSAGE][PASSED] - Delayed 2 second(s)

2018-12-06 21:13:25 - [TEST_STEP][PASSED] - Statement - CaseReferenceNo = com.kms.katalon.core.webui.keyword.WebUiBuiltInKeywords.getText(com.kms.katalon.core.testobject.ObjectRepository.findTestObject(Final Object Repo/Page_Update Employer Information/Reference Number in Update Employee Information Page)): Text of object 'Object Repository/Final Object Repo/Page_Update Employer Information/Reference Number in Update Employee Information Page' is: 'ERN122018C200002380'

2018-12-06 21:13:37 - [MESSAGE][PASSED] - Text of object 'Object Repository/Final Object Repo/Page_Update Employer Information/Reference Number in Update Employee Information Page' is: 'ERN122018C200002380'

2018-12-06 21:13:37 - [TEST_STEP][PASSED] - callTestCase: Call Test Case 'Test Cases/Final Aug 2018 - PKS Automation/Common/Reference Number Setter' successfully

2018-12-06 21:13:37 - [TEST_CASE][PASSED] - Test Cases/Final Aug 2018 - PKS Automation/Common/Reference Number Setter: Test Cases/Final Aug 2018 - PKS Automation/Common/Reference Number Setter

2018-12-06 21:13:37 - [TEST_STEP][PASSED] - Statement - RefNoOldFile = new java.io.File(C://Users//Admin//Desktop//PKS//Automation Reference Point//KatalonReference.txt): null

2018-12-06 21:13:37 - [TEST_STEP][PASSED] - Statement - RefNoOldFile.delete(): null

2018-12-06 21:13:37 - [TEST_STEP][PASSED] - delay: Delayed 5 second(s)

2018-12-06 21:13:42 - [MESSAGE][PASSED] - Delayed 5 second(s)

2018-12-06 21:13:42 - [TEST_STEP][PASSED] - Statement - RefNo = new java.io.File(C://Users//Admin//Desktop//PKS//Automation Reference Point//KatalonReference.txt): null

2018-12-06 21:13:42 - [TEST_STEP][PASSED] - Statement - f2 = new java.io.FileWriter(RefNo, false): null

2018-12-06 21:13:42 - [TEST_STEP][PASSED] - Statement - f2.write(CaseReferenceNo): null

2018-12-06 21:13:42 - [TEST_STEP][PASSED] - Statement - f2.close(): null

2018-12-06 21:13:42 - [TEST_STEP][PASSED] - Statement - out.println("


" + CaseReferenceNo + "


"): null

2018-12-06 21:13:42 - [MESSAGE][PASSED] - Call Test Case 'Test Cases/Final Aug 2018 - PKS Automation/Common/Reference Number Setter' successfully

2018-12-06 21:13:42 - [TEST_STEP][PASSED] - delay: Delayed 2 second(s)

2018-12-06 21:13:44 - [MESSAGE][PASSED] - Delayed 2 second(s)

2018-12-06 21:13:44 - [TEST_STEP][PASSED] - click: Object: 'Object Repository/Final Object Repo/Page_Form 3 EIS - Cessation as Employer/Save  Continue in Uploading Page' is clicked on

2018-12-06 21:13:44 - [MESSAGE][PASSED] - Object: 'Object Repository/Final Object Repo/Page_Form 3 EIS - Cessation as Employer/Save  Continue in Uploading Page' is clicked on

2018-12-06 21:13:44 - [TEST_STEP][PASSED] - delay: Delayed 2 second(s)

2018-12-06 21:13:46 - [MESSAGE][PASSED] - Delayed 2 second(s)

2018-12-06 21:13:46 - [TEST_STEP][PASSED] - click: Object: 'Object Repository/Final Object Repo/Page_Form 3 EIS - Cessation as Employer/Submit' is clicked on

2018-12-06 21:13:49 - [MESSAGE][PASSED] - Object: 'Object Repository/Final Object Repo/Page_Form 3 EIS - Cessation as Employer/Submit' is clicked on

2018-12-06 21:13:49 - [TEST_STEP][PASSED] - delay: Delayed 2 second(s)

2018-12-06 21:13:51 - [MESSAGE][PASSED] - Delayed 2 second(s)

2018-12-06 21:13:51 - [TEST_STEP][PASSED] - click: Object: 'Object Repository/Final Object Repo/Page_Form 3 EIS - Cessation as Employer/Confirm' is clicked on

2018-12-06 21:13:51 - [MESSAGE][PASSED] - Object: 'Object Repository/Final Object Repo/Page_Form 3 EIS - Cessation as Employer/Confirm' is clicked on

2018-12-06 21:13:51 - [TEST_STEP][PASSED] - delay: Delayed 2 second(s)

2018-12-06 21:13:53 - [MESSAGE][PASSED] - Delayed 2 second(s)

2018-12-06 21:13:53 - [TEST_STEP][PASSED] - click: Object: 'Object Repository/Final Object Repo/Page_Form 3 EIS - Cessation as Employer/Message Your Request will be routed to UO' is clicked on

2018-12-06 21:13:57 - [MESSAGE][PASSED] - Object: 'Object Repository/Final Object Repo/Page_Form 3 EIS - Cessation as Employer/Message Your Request will be routed to UO' is clicked on

2018-12-06 21:13:57 - [TEST_STEP][PASSED] - click: Object: 'Object Repository/Final Object Repo/Page_Form 3 EIS - Cessation as Employer/Letter of acknowledgement' is clicked on

2018-12-06 21:13:57 - [MESSAGE][PASSED] - Object: 'Object Repository/Final Object Repo/Page_Form 3 EIS - Cessation as Employer/Letter of acknowledgement' is clicked on

2018-12-06 21:13:57 - [MESSAGE][PASSED] - Call Test Case 'Test Cases/Final Aug 2018 - PKS Automation/Registration Module/Workflow/Form 3 EIS - Cessation As Employer/Template/Form 3 A - Cessation As Employer (OTC)' successfully

2018-12-06 21:13:57 - [TEST_STEP][PASSED] - callTestCase: Call Test Case 'Test Cases/Final Aug 2018 - PKS Automation/Registration Module/Workflow/Form 3 EIS - Cessation As Employer/Template/Form 3 A - Cessation As Employer (Query)' successfully

2018-12-06 21:13:57 - [TEST_CASE][PASSED] - Test Cases/Final Aug 2018 - PKS Automation/Registration Module/Workflow/Form 3 EIS - Cessation As Employer/Template/Form 3 A - Cessation As Employer (Query): Test Cases/Final Aug 2018 - PKS Automation/Registration Module/Workflow/Form 3 EIS - Cessation As Employer/Template/Form 3 A - Cessation As Employer (Query)

2018-12-06 21:13:57 - [TEST_STEP][NOT_RUN] - callTestCase: NOT_RUN: callTestCase

2018-12-06 21:13:57 - [MESSAGE][NOT_RUN] - NOT_RUN: callTestCase

2018-12-06 21:13:57 - [TEST_STEP][PASSED] - delay: Delayed 1 second(s)

2018-12-06 21:13:58 - [MESSAGE][PASSED] - Delayed 1 second(s)

2018-12-06 21:13:58 - [TEST_STEP][PASSED] - navigateToUrl: Navigate to 'https://assist2-uat.perkeso.gov.my/c/portal/logout' successfully

2018-12-06 21:13:59 - [MESSAGE][PASSED] - Navigate to 'https://assist2-uat.perkeso.gov.my/c/portal/logout' successfully

2018-12-06 21:13:59 - [TEST_STEP][PASSED] - delay: Delayed 1 second(s)

2018-12-06 21:14:00 - [MESSAGE][PASSED] - Delayed 1 second(s)

2018-12-06 21:14:00 - [TEST_STEP][PASSED] - callTestCase: Call Test Case 'Test Cases/Final Aug 2018 - PKS Automation/Common/Reference Number Getter' successfully

2018-12-06 21:14:00 - [TEST_CASE][PASSED] - Test Cases/Final Aug 2018 - PKS Automation/Common/Reference Number Getter: Test Cases/Final Aug 2018 - PKS Automation/Common/Reference Number Getter

2018-12-06 21:14:00 - [TEST_STEP][PASSED] - Statement - Try: null

2018-12-06 21:14:00 - [TEST_STEP][PASSED] - Statement - RefNo = new java.io.File(C://Users//Admin//Desktop//PKS//Automation Reference Point//KatalonReference.txt): null

2018-12-06 21:14:00 - [TEST_STEP][PASSED] - Statement - bufferread = new java.io.BufferedReader(new java.io.FileReader(RefNo)): null

2018-12-06 21:14:00 - [TEST_STEP][PASSED] - Statement - readedVal = bufferread.readLine(): null

2018-12-06 21:14:00 - [TEST_STEP][PASSED] - Statement - out.println(CaseReferenceNo): null

2018-12-06 21:14:00 - [TEST_STEP][PASSED] - Statement - out.println(readedVal): null

2018-12-06 21:14:00 - [TEST_STEP][PASSED] - Statement - CaseReferenceNo = "": null

2018-12-06 21:14:00 - [TEST_STEP][PASSED] - Statement - CaseReferenceNo = readedVal: null

2018-12-06 21:14:00 - [MESSAGE][PASSED] - Call Test Case 'Test Cases/Final Aug 2018 - PKS Automation/Common/Reference Number Getter' successfully

2018-12-06 21:14:00 - [TEST_STEP][PASSED] - callTestCase: Call Test Case 'Test Cases/Final Aug 2018 - PKS Automation/Common/Workflow Owner Finder' successfully

2018-12-06 21:14:00 - [TEST_CASE][PASSED] - Test Cases/Final Aug 2018 - PKS Automation/Common/Workflow Owner Finder: Test Cases/Final Aug 2018 - PKS Automation/Common/Workflow Owner Finder

2018-12-06 21:14:00 - [TEST_STEP][PASSED] - openBrowser: Browser is opened with url: ''

2018-12-06 21:14:00 - [MESSAGE][WARNING] - A browser is already opened. Closing browser and opening a new one

2018-12-06 21:14:04 - [MESSAGE][PASSED] - Browser is opened with url: ''

2018-12-06 21:14:04 - [TEST_STEP][PASSED] - navigateToUrl: Navigate to 'https://assist2-uat.perkeso.gov.my/login' successfully

2018-12-06 21:14:05 - [MESSAGE][PASSED] - Navigate to 'https://assist2-uat.perkeso.gov.my/login' successfully

2018-12-06 21:14:05 - [TEST_STEP][PASSED] - delay: Delayed 5 second(s)

2018-12-06 21:14:10 - [MESSAGE][PASSED] - Delayed 5 second(s)

2018-12-06 21:14:10 - [TEST_STEP][PASSED] - setText: Text 'test@liferay.com' is set on object 'Object Repository/Final Object Repo/Login Page/Internal User/Email Address'

2018-12-06 21:14:10 - [MESSAGE][PASSED] - Text 'test@liferay.com' is set on object 'Object Repository/Final Object Repo/Login Page/Internal User/Email Address'

2018-12-06 21:14:11 - [TEST_STEP][PASSED] - click: Object: 'Object Repository/Final Object Repo/Login Page/Internal User/Next Button' is clicked on

2018-12-06 21:14:11 - [MESSAGE][PASSED] - Object: 'Object Repository/Final Object Repo/Login Page/Internal User/Next Button' is clicked on

2018-12-06 21:14:11 - [TEST_STEP][PASSED] - delay: Delayed 2 second(s)

2018-12-06 21:14:13 - [MESSAGE][PASSED] - Delayed 2 second(s)

2018-12-06 21:14:13 - [TEST_STEP][PASSED] - setText: Text 'test' is set on object 'Object Repository/Final Object Repo/Login Page/Internal User/Password'

2018-12-06 21:14:13 - [MESSAGE][PASSED] - Text 'test' is set on object 'Object Repository/Final Object Repo/Login Page/Internal User/Password'

2018-12-06 21:14:13 - [TEST_STEP][PASSED] - delay: Delayed 2 second(s)

2018-12-06 21:14:15 - [MESSAGE][PASSED] - Delayed 2 second(s)

2018-12-06 21:14:15 - [TEST_STEP][PASSED] - click: Object: 'Object Repository/Final Object Repo/Login Page/Internal User/Login Button' is clicked on

2018-12-06 21:14:15 - [MESSAGE][PASSED] - Object: 'Object Repository/Final Object Repo/Login Page/Internal User/Login Button' is clicked on

2018-12-06 21:14:15 - [TEST_STEP][PASSED] - Statement - tester = com.kms.katalon.core.testobject.ObjectRepository.findTestObject(Final Object Repo/Landing Page/Select to English): Finding Test Object with id 'Object Repository/Final Object Repo/Landing Page/Select to English'

2018-12-06 21:14:15 - [TEST_STEP][PASSED] - Statement - Try: Delayed 2 second(s)

2018-12-06 21:14:15 - [TEST_STEP][PASSED] - Statement - Checker = com.kms.katalon.core.webui.keyword.WebUiBuiltInKeywords.verifyElementNotPresent(tester, 3): Web element with id: 'Object Repository/Final Object Repo/Landing Page/Select to English' located by 'By.xpath: //a[@class = 'taglib-language-list-text' and @lang = 'en-US' and (contains(text(), 'EN') or contains(., 'EN'))]' is not present after '3' second(s)

2018-12-06 21:14:17 - [MESSAGE][PASSED] - Web element with id: 'Object Repository/Final Object Repo/Landing Page/Select to English' located by 'By.xpath: //a[@class = 'taglib-language-list-text' and @lang = 'en-US' and (contains(text(), 'EN') or contains(., 'EN'))]' is not present after '3' second(s)

2018-12-06 21:14:17 - [TEST_STEP][PASSED] - Statement - If (Checker == false): null

2018-12-06 21:14:17 - [TEST_STEP][PASSED] - delay: Delayed 2 second(s)

2018-12-06 21:14:19 - [MESSAGE][PASSED] - Delayed 2 second(s)

2018-12-06 21:14:19 - [TEST_STEP][PASSED] - delay: Delayed 5 second(s)

2018-12-06 21:14:24 - [MESSAGE][PASSED] - Delayed 5 second(s)

2018-12-06 21:14:24 - [TEST_STEP][PASSED] - mouseOver: Object: 'Object Repository/Final Object Repo/Landing Page/WorkFlow Menu' is hovered

2018-12-06 21:14:24 - [MESSAGE][PASSED] - Object: 'Object Repository/Final Object Repo/Landing Page/WorkFlow Menu' is hovered

2018-12-06 21:14:24 - [TEST_STEP][PASSED] - delay: Delayed 2 second(s)

2018-12-06 21:14:26 - [MESSAGE][PASSED] - Delayed 2 second(s)

2018-12-06 21:14:26 - [TEST_STEP][PASSED] - click: Object: 'Object Repository/Final Object Repo/Landing Page/Select to Workflow Listing' is clicked on

2018-12-06 21:14:27 - [MESSAGE][PASSED] - Object: 'Object Repository/Final Object Repo/Landing Page/Select to Workflow Listing' is clicked on

2018-12-06 21:14:27 - [TEST_STEP][PASSED] - delay: Delayed 2 second(s)

2018-12-06 21:14:29 - [MESSAGE][PASSED] - Delayed 2 second(s)

2018-12-06 21:14:29 - [TEST_STEP][PASSED] - click: Object: 'Object Repository/Final Object Repo/WorkFlow Listing Page/Search Information - To Put Ref No' is clicked on

2018-12-06 21:14:29 - [MESSAGE][PASSED] - Object: 'Object Repository/Final Object Repo/WorkFlow Listing Page/Search Information - To Put Ref No' is clicked on

2018-12-06 21:14:29 - [TEST_STEP][PASSED] - delay: Delayed 2 second(s)

2018-12-06 21:14:31 - [MESSAGE][PASSED] - Delayed 2 second(s)

2018-12-06 21:14:31 - [TEST_STEP][PASSED] - callTestCase: Call Test Case 'Test Cases/Final Aug 2018 - PKS Automation/Common/Reference Number Getter' successfully

2018-12-06 21:14:31 - [TEST_CASE][PASSED] - Test Cases/Final Aug 2018 - PKS Automation/Common/Reference Number Getter: Test Cases/Final Aug 2018 - PKS Automation/Common/Reference Number Getter

2018-12-06 21:14:31 - [TEST_STEP][PASSED] - Statement - Try: null

2018-12-06 21:14:31 - [TEST_STEP][PASSED] - Statement - RefNo = new java.io.File(C://Users//Admin//Desktop//PKS//Automation Reference Point//KatalonReference.txt): null

2018-12-06 21:14:31 - [TEST_STEP][PASSED] - Statement - bufferread = new java.io.BufferedReader(new java.io.FileReader(RefNo)): null

2018-12-06 21:14:31 - [TEST_STEP][PASSED] - Statement - readedVal = bufferread.readLine(): null

2018-12-06 21:14:31 - [TEST_STEP][PASSED] - Statement - out.println(CaseReferenceNo): null

2018-12-06 21:14:31 - [TEST_STEP][PASSED] - Statement - out.println(readedVal): null

2018-12-06 21:14:31 - [TEST_STEP][PASSED] - Statement - CaseReferenceNo = "": null

2018-12-06 21:14:31 - [TEST_STEP][PASSED] - Statement - CaseReferenceNo = readedVal: null

2018-12-06 21:14:31 - [MESSAGE][PASSED] - Call Test Case 'Test Cases/Final Aug 2018 - PKS Automation/Common/Reference Number Getter' successfully

2018-12-06 21:14:31 - [TEST_STEP][PASSED] - setText: Text 'ERN122018C200002380' is set on object 'Object Repository/Final Object Repo/WorkFlow Listing Page/Ref No Set Text'

2018-12-06 21:14:32 - [MESSAGE][PASSED] - Text 'ERN122018C200002380' is set on object 'Object Repository/Final Object Repo/WorkFlow Listing Page/Ref No Set Text'

2018-12-06 21:14:32 - [TEST_STEP][PASSED] - delay: Delayed 2 second(s)

2018-12-06 21:14:34 - [MESSAGE][PASSED] - Delayed 2 second(s)

2018-12-06 21:14:34 - [TEST_STEP][PASSED] - click: Object: 'Object Repository/Final Object Repo/WorkFlow Listing Page/Search Ref No Search Button' is clicked on

2018-12-06 21:14:34 - [MESSAGE][PASSED] - Object: 'Object Repository/Final Object Repo/WorkFlow Listing Page/Search Ref No Search Button' is clicked on

2018-12-06 21:14:34 - [TEST_STEP][PASSED] - delay: Delayed 6 second(s)

2018-12-06 21:14:40 - [MESSAGE][PASSED] - Delayed 6 second(s)

2018-12-06 21:14:40 - [TEST_STEP][PASSED] - click: Object: 'Object Repository/Final Object Repo/WorkFlow Listing Page/Click Continue Tooltip' is clicked on

2018-12-06 21:14:41 - [MESSAGE][PASSED] - Object: 'Object Repository/Final Object Repo/WorkFlow Listing Page/Click Continue Tooltip' is clicked on

2018-12-06 21:14:41 - [TEST_STEP][PASSED] - delay: Delayed 5 second(s)

2018-12-06 21:14:46 - [MESSAGE][PASSED] - Delayed 5 second(s)

2018-12-06 21:14:46 - [TEST_STEP][PASSED] - doubleClick: Object: 'Object Repository/Final Object Repo/WorkFlow Listing Page/Workflow Found - Listing 1' is double clicked on

2018-12-06 21:14:46 - [MESSAGE][PASSED] - Object: 'Object Repository/Final Object Repo/WorkFlow Listing Page/Workflow Found - Listing 1' is double clicked on

2018-12-06 21:14:46 - [TEST_STEP][PASSED] - Statement - println(OwnerID): null

2018-12-06 21:14:46 - [TEST_STEP][PASSED] - Statement - OwnerID = com.kms.katalon.core.webui.keyword.WebUiBuiltInKeywords.getText(com.kms.katalon.core.testobject.ObjectRepository.findTestObject(Final Object Repo/WorkFlow Listing Page/Workflow Found - Listing 1), STOP_ON_FAILURE): Text of object 'Object Repository/Final Object Repo/WorkFlow Listing Page/Workflow Found - Listing 1' is: 'JOHORuo3'

2018-12-06 21:14:46 - [MESSAGE][PASSED] - Text of object 'Object Repository/Final Object Repo/WorkFlow Listing Page/Workflow Found - Listing 1' is: 'JOHORuo3'

2018-12-06 21:14:46 - [TEST_STEP][PASSED] - Statement - OwnerID = OwnerID.toLowerCase() + "@gmail.com": null

2018-12-06 21:14:46 - [TEST_STEP][PASSED] - Statement - println(OwnerID): null

2018-12-06 21:14:46 - [TEST_STEP][PASSED] - delay: Delayed 2 second(s)

2018-12-06 21:14:48 - [MESSAGE][PASSED] - Delayed 2 second(s)

2018-12-06 21:14:48 - [MESSAGE][PASSED] - Call Test Case 'Test Cases/Final Aug 2018 - PKS Automation/Common/Workflow Owner Finder' successfully

2018-12-06 21:14:48 - [TEST_STEP][PASSED] - delay: Delayed 1 second(s)

2018-12-06 21:14:49 - [MESSAGE][PASSED] - Delayed 1 second(s)

2018-12-06 21:14:49 - [TEST_STEP][PASSED] - navigateToUrl: Navigate to 'https://assist2-uat.perkeso.gov.my/c/portal/logout' successfully

2018-12-06 21:14:50 - [MESSAGE][PASSED] - Navigate to 'https://assist2-uat.perkeso.gov.my/c/portal/logout' successfully

2018-12-06 21:14:50 - [TEST_STEP][PASSED] - delay: Delayed 1 second(s)

2018-12-06 21:14:51 - [MESSAGE][PASSED] - Delayed 1 second(s)

2018-12-06 21:14:51 - [TEST_STEP][PASSED] - callTestCase: Call Test Case 'Test Cases/Final Aug 2018 - PKS Automation/Registration Module/Workflow/Login and Search Case For Workflow' successfully

2018-12-06 21:14:51 - [TEST_CASE][PASSED] - Test Cases/Final Aug 2018 - PKS Automation/Registration Module/Workflow/Login and Search Case For Workflow: Test Cases/Final Aug 2018 - PKS Automation/Registration Module/Workflow/Login and Search Case For Workflow

2018-12-06 21:14:51 - [TEST_STEP][PASSED] - navigateToUrl: Navigate to 'https://assist2-uat.perkeso.gov.my/login' successfully

2018-12-06 21:14:51 - [MESSAGE][PASSED] - Navigate to 'https://assist2-uat.perkeso.gov.my/login' successfully

2018-12-06 21:14:51 - [TEST_STEP][PASSED] - setText: Text 'johoruo3@gmail.com' is set on object 'Object Repository/Final Object Repo/Login Page/Internal User/Email Address'

2018-12-06 21:14:52 - [MESSAGE][PASSED] - Text 'johoruo3@gmail.com' is set on object 'Object Repository/Final Object Repo/Login Page/Internal User/Email Address'

2018-12-06 21:14:52 - [TEST_STEP][PASSED] - click: Object: 'Object Repository/Final Object Repo/Login Page/Internal User/Next Button' is clicked on

2018-12-06 21:14:52 - [MESSAGE][PASSED] - Object: 'Object Repository/Final Object Repo/Login Page/Internal User/Next Button' is clicked on

2018-12-06 21:14:52 - [TEST_STEP][PASSED] - delay: Delayed 1 second(s)

2018-12-06 21:14:53 - [MESSAGE][PASSED] - Delayed 1 second(s)

2018-12-06 21:14:53 - [TEST_STEP][PASSED] - setEncryptedText: Text ****** has been set on object 'Object Repository/Final Object Repo/Login Page/Internal User/Password'

2018-12-06 21:14:53 - [MESSAGE][PASSED] - Text ****** has been set on object 'Object Repository/Final Object Repo/Login Page/Internal User/Password'

2018-12-06 21:14:53 - [TEST_STEP][PASSED] - click: Object: 'Object Repository/Final Object Repo/Login Page/Internal User/Login Button' is clicked on

2018-12-06 21:14:53 - [MESSAGE][PASSED] - Object: 'Object Repository/Final Object Repo/Login Page/Internal User/Login Button' is clicked on

2018-12-06 21:14:53 - [TEST_STEP][PASSED] - delay: Delayed 2 second(s)

2018-12-06 21:14:55 - [MESSAGE][PASSED] - Delayed 2 second(s)

2018-12-06 21:14:55 - [TEST_STEP][PASSED] - Statement - Try: Delayed 2 second(s)

2018-12-06 21:14:55 - [TEST_STEP][PASSED] - Statement - Checker = false: null

2018-12-06 21:14:55 - [TEST_STEP][PASSED] - Statement - Checker = com.kms.katalon.core.webui.keyword.WebUiBuiltInKeywords.verifyElementHasAttribute(com.kms.katalon.core.testobject.ObjectRepository.findTestObject(Final Object Repo/Landing Page/BM Detecting), "href", 20, OPTIONAL): Object 'Object Repository/Final Object Repo/Landing Page/BM Detecting' has attribute 'href'

2018-12-06 21:14:55 - [MESSAGE][PASSED] - Object 'Object Repository/Final Object Repo/Landing Page/BM Detecting' has attribute 'href'

2018-12-06 21:14:55 - [TEST_STEP][PASSED] - Statement - out.println(Checker): null

2018-12-06 21:14:55 - [TEST_STEP][PASSED] - Statement - If (Checker == false): null

2018-12-06 21:14:55 - [TEST_STEP][PASSED] - Statement - Else: null

2018-12-06 21:14:55 - [TEST_STEP][PASSED] - delay: Delayed 2 second(s)

2018-12-06 21:14:57 - [MESSAGE][PASSED] - Delayed 2 second(s)

2018-12-06 21:14:57 - [TEST_STEP][PASSED] - click: Object: 'Object Repository/Final Object Repo/Page_MyASSIST - ASSIST - Search Pending Case For Add Supporting Document/Search Information' is clicked on

2018-12-06 21:14:58 - [MESSAGE][PASSED] - Object: 'Object Repository/Final Object Repo/Page_MyASSIST - ASSIST - Search Pending Case For Add Supporting Document/Search Information' is clicked on

2018-12-06 21:14:58 - [TEST_STEP][PASSED] - delay: Delayed 3 second(s)

2018-12-06 21:15:01 - [MESSAGE][PASSED] - Delayed 3 second(s)

2018-12-06 21:15:01 - [TEST_STEP][PASSED] - sendKeys: Keys 'ERN122018C200002380' sent to object: 'Object Repository/Final Object Repo/Page_MyASSIST - ASSIST - Search Pending Case For Add Supporting Document/Reference No'

2018-12-06 21:15:01 - [MESSAGE][PASSED] - Keys 'ERN122018C200002380' sent to object: 'Object Repository/Final Object Repo/Page_MyASSIST - ASSIST - Search Pending Case For Add Supporting Document/Reference No'

2018-12-06 21:15:01 - [TEST_STEP][PASSED] - click: Object: 'Object Repository/Final Object Repo/Page_MyASSIST - ASSIST - Search Pending Case For Add Supporting Document/Search Reference No' is clicked on

2018-12-06 21:15:01 - [MESSAGE][PASSED] - Object: 'Object Repository/Final Object Repo/Page_MyASSIST - ASSIST - Search Pending Case For Add Supporting Document/Search Reference No' is clicked on

2018-12-06 21:15:01 - [TEST_STEP][PASSED] - delay: Delayed 2 second(s)

2018-12-06 21:15:03 - [MESSAGE][PASSED] - Delayed 2 second(s)

2018-12-06 21:15:03 - [TEST_STEP][PASSED] - click: Object: 'Object Repository/Final Object Repo/Page_MyASSIST - ASSIST - Search Pending Case For Add Supporting Document/Continue' is clicked on

2018-12-06 21:15:06 - [MESSAGE][PASSED] - Object: 'Object Repository/Final Object Repo/Page_MyASSIST - ASSIST - Search Pending Case For Add Supporting Document/Continue' is clicked on

2018-12-06 21:15:06 - [TEST_STEP][PASSED] - delay: Delayed 20 second(s)

2018-12-06 21:15:26 - [MESSAGE][PASSED] - Delayed 20 second(s)

2018-12-06 21:15:26 - [MESSAGE][PASSED] - Call Test Case 'Test Cases/Final Aug 2018 - PKS Automation/Registration Module/Workflow/Login and Search Case For Workflow' successfully

2018-12-06 21:15:26 - [TEST_STEP][PASSED] - click: Object: 'Object Repository/Final Object Repo/Page_Form 3 EIS - Cessation as Employer/Page_Form 3 EIS - Cessation as Employer (Approve)/Save  Continue in Form 3 Page' is clicked on

2018-12-06 21:15:26 - [MESSAGE][PASSED] - Object: 'Object Repository/Final Object Repo/Page_Form 3 EIS - Cessation as Employer/Page_Form 3 EIS - Cessation as Employer (Approve)/Save  Continue in Form 3 Page' is clicked on

2018-12-06 21:15:26 - [TEST_STEP][PASSED] - delay: Delayed 4 second(s)

2018-12-06 21:15:30 - [MESSAGE][PASSED] - Delayed 4 second(s)

2018-12-06 21:15:30 - [TEST_STEP][PASSED] - click: Object: 'Object Repository/Final Object Repo/Page_Form 3 EIS - Cessation as Employer/Page_Form 3 EIS - Cessation as Employer (Approve)/Save  Continue in Resigned Page' is clicked on

2018-12-06 21:15:31 - [MESSAGE][PASSED] - Object: 'Object Repository/Final Object Repo/Page_Form 3 EIS - Cessation as Employer/Page_Form 3 EIS - Cessation as Employer (Approve)/Save  Continue in Resigned Page' is clicked on

2018-12-06 21:15:31 - [TEST_STEP][PASSED] - delay: Delayed 2 second(s)

2018-12-06 21:15:33 - [MESSAGE][PASSED] - Delayed 2 second(s)

2018-12-06 21:15:33 - [TEST_STEP][PASSED] - setText: Text 'Remark' is set on object 'Object Repository/Final Object Repo/Page_Form 3 EIS - Cessation as Employer/Page_Form 3 EIS - Cessation as Employer (Query)/Query - Remark'

2018-12-06 21:15:34 - [MESSAGE][PASSED] - Text 'Remark' is set on object 'Object Repository/Final Object Repo/Page_Form 3 EIS - Cessation as Employer/Page_Form 3 EIS - Cessation as Employer (Query)/Query - Remark'

2018-12-06 21:15:34 - [TEST_STEP][PASSED] - delay: Delayed 2 second(s)

2018-12-06 21:15:36 - [MESSAGE][PASSED] - Delayed 2 second(s)

2018-12-06 21:15:36 - [TEST_STEP][PASSED] - click: Object: 'Object Repository/Final Object Repo/Page_Form 3 EIS - Cessation as Employer/Page_Form 3 EIS - Cessation as Employer (Query)/Save  Continue' is clicked on

2018-12-06 21:15:36 - [MESSAGE][PASSED] - Object: 'Object Repository/Final Object Repo/Page_Form 3 EIS - Cessation as Employer/Page_Form 3 EIS - Cessation as Employer (Query)/Save  Continue' is clicked on

2018-12-06 21:15:36 - [TEST_STEP][PASSED] - delay: Delayed 2 second(s)

2018-12-06 21:15:38 - [MESSAGE][PASSED] - Delayed 2 second(s)

2018-12-06 21:15:38 - [TEST_STEP][PASSED] - click: Object: 'Object Repository/Final Object Repo/Page_Form 3 EIS - Cessation as Employer/Page_Form 3 EIS - Cessation as Employer (Query)/Query' is clicked on

2018-12-06 21:15:41 - [MESSAGE][PASSED] - Object: 'Object Repository/Final Object Repo/Page_Form 3 EIS - Cessation as Employer/Page_Form 3 EIS - Cessation as Employer (Query)/Query' is clicked on

2018-12-06 21:15:41 - [TEST_STEP][PASSED] - delay: Delayed 2 second(s)

2018-12-06 21:15:43 - [MESSAGE][PASSED] - Delayed 2 second(s)

2018-12-06 21:15:43 - [TEST_STEP][PASSED] - click: Object: 'Object Repository/Final Object Repo/Page_Form 3 EIS - Cessation as Employer/Page_Form 3 EIS - Cessation as Employer (Query)/Confirm' is clicked on

2018-12-06 21:15:49 - [MESSAGE][PASSED] - Object: 'Object Repository/Final Object Repo/Page_Form 3 EIS - Cessation as Employer/Page_Form 3 EIS - Cessation as Employer (Query)/Confirm' is clicked on

2018-12-06 21:15:49 - [TEST_STEP][PASSED] - delay: Delayed 2 second(s)

2018-12-06 21:15:51 - [MESSAGE][PASSED] - Delayed 2 second(s)

2018-12-06 21:15:51 - [TEST_STEP][PASSED] - click: Object: 'Object Repository/Final Object Repo/Page_Form 3 EIS - Cessation as Employer/Page_Form 3 EIS - Cessation as Employer (Query)/Message The Case Is Under Query' is clicked on

2018-12-06 21:15:51 - [MESSAGE][PASSED] - Object: 'Object Repository/Final Object Repo/Page_Form 3 EIS - Cessation as Employer/Page_Form 3 EIS - Cessation as Employer (Query)/Message The Case Is Under Query' is clicked on

2018-12-06 21:15:51 - [TEST_STEP][PASSED] - click: Object: 'Object Repository/Final Object Repo/Page_Form 3 EIS - Cessation as Employer/Page_Form 3 EIS - Cessation as Employer (Query)/Letter of inquiry' is clicked on

2018-12-06 21:15:52 - [MESSAGE][PASSED] - Object: 'Object Repository/Final Object Repo/Page_Form 3 EIS - Cessation as Employer/Page_Form 3 EIS - Cessation as Employer (Query)/Letter of inquiry' is clicked on

2018-12-06 21:15:52 - [TEST_STEP][PASSED] - delay: Delayed 1 second(s)

2018-12-06 21:15:53 - [MESSAGE][PASSED] - Delayed 1 second(s)

2018-12-06 21:15:53 - [TEST_STEP][PASSED] - navigateToUrl: Navigate to 'https://assist2-uat.perkeso.gov.my/c/portal/logout' successfully

2018-12-06 21:15:54 - [MESSAGE][PASSED] - Navigate to 'https://assist2-uat.perkeso.gov.my/c/portal/logout' successfully

2018-12-06 21:15:54 - [TEST_STEP][PASSED] - delay: Delayed 1 second(s)

2018-12-06 21:15:55 - [MESSAGE][PASSED] - Delayed 1 second(s)

2018-12-06 21:15:55 - [TEST_STEP][PASSED] - callTestCase: Call Test Case 'Test Cases/Final Aug 2018 - PKS Automation/Registration Module/Workflow/Login and Search Case For Workflow' successfully

2018-12-06 21:15:55 - [TEST_CASE][PASSED] - Test Cases/Final Aug 2018 - PKS Automation/Registration Module/Workflow/Login and Search Case For Workflow: Test Cases/Final Aug 2018 - PKS Automation/Registration Module/Workflow/Login and Search Case For Workflow

2018-12-06 21:15:55 - [TEST_STEP][PASSED] - navigateToUrl: Navigate to 'https://assist2-uat.perkeso.gov.my/login' successfully

2018-12-06 21:15:55 - [MESSAGE][PASSED] - Navigate to 'https://assist2-uat.perkeso.gov.my/login' successfully

2018-12-06 21:15:55 - [TEST_STEP][PASSED] - setText: Text 'johoruo3@gmail.com' is set on object 'Object Repository/Final Object Repo/Login Page/Internal User/Email Address'

2018-12-06 21:15:55 - [MESSAGE][PASSED] - Text 'johoruo3@gmail.com' is set on object 'Object Repository/Final Object Repo/Login Page/Internal User/Email Address'

2018-12-06 21:15:55 - [TEST_STEP][PASSED] - click: Object: 'Object Repository/Final Object Repo/Login Page/Internal User/Next Button' is clicked on

2018-12-06 21:15:56 - [MESSAGE][PASSED] - Object: 'Object Repository/Final Object Repo/Login Page/Internal User/Next Button' is clicked on

2018-12-06 21:15:56 - [TEST_STEP][PASSED] - delay: Delayed 1 second(s)

2018-12-06 21:15:57 - [MESSAGE][PASSED] - Delayed 1 second(s)

2018-12-06 21:15:57 - [TEST_STEP][PASSED] - setEncryptedText: Text ****** has been set on object 'Object Repository/Final Object Repo/Login Page/Internal User/Password'

2018-12-06 21:15:57 - [MESSAGE][PASSED] - Text ****** has been set on object 'Object Repository/Final Object Repo/Login Page/Internal User/Password'

2018-12-06 21:15:57 - [TEST_STEP][PASSED] - click: Object: 'Object Repository/Final Object Repo/Login Page/Internal User/Login Button' is clicked on

2018-12-06 21:15:57 - [MESSAGE][PASSED] - Object: 'Object Repository/Final Object Repo/Login Page/Internal User/Login Button' is clicked on

2018-12-06 21:15:57 - [TEST_STEP][PASSED] - delay: Delayed 2 second(s)

2018-12-06 21:15:59 - [MESSAGE][PASSED] - Delayed 2 second(s)

2018-12-06 21:15:59 - [TEST_STEP][PASSED] - Statement - Try: Delayed 2 second(s)

2018-12-06 21:15:59 - [TEST_STEP][PASSED] - Statement - Checker = false: null

2018-12-06 21:15:59 - [TEST_STEP][PASSED] - Statement - Checker = com.kms.katalon.core.webui.keyword.WebUiBuiltInKeywords.verifyElementHasAttribute(com.kms.katalon.core.testobject.ObjectRepository.findTestObject(Final Object Repo/Landing Page/BM Detecting), "href", 20, OPTIONAL): Object 'Object Repository/Final Object Repo/Landing Page/BM Detecting' has attribute 'href'

2018-12-06 21:15:59 - [MESSAGE][PASSED] - Object 'Object Repository/Final Object Repo/Landing Page/BM Detecting' has attribute 'href'

2018-12-06 21:15:59 - [TEST_STEP][PASSED] - Statement - out.println(Checker): null

2018-12-06 21:15:59 - [TEST_STEP][PASSED] - Statement - If (Checker == false): null

2018-12-06 21:15:59 - [TEST_STEP][PASSED] - Statement - Else: null

2018-12-06 21:15:59 - [TEST_STEP][PASSED] - delay: Delayed 2 second(s)

2018-12-06 21:16:01 - [MESSAGE][PASSED] - Delayed 2 second(s)

2018-12-06 21:16:01 - [TEST_STEP][PASSED] - click: Object: 'Object Repository/Final Object Repo/Page_MyASSIST - ASSIST - Search Pending Case For Add Supporting Document/Search Information' is clicked on

2018-12-06 21:16:01 - [MESSAGE][PASSED] - Object: 'Object Repository/Final Object Repo/Page_MyASSIST - ASSIST - Search Pending Case For Add Supporting Document/Search Information' is clicked on

2018-12-06 21:16:01 - [TEST_STEP][PASSED] - delay: Delayed 3 second(s)

2018-12-06 21:16:04 - [MESSAGE][PASSED] - Delayed 3 second(s)

2018-12-06 21:16:04 - [TEST_STEP][PASSED] - sendKeys: Keys 'ERN122018C200002380' sent to object: 'Object Repository/Final Object Repo/Page_MyASSIST - ASSIST - Search Pending Case For Add Supporting Document/Reference No'

2018-12-06 21:16:04 - [MESSAGE][PASSED] - Keys 'ERN122018C200002380' sent to object: 'Object Repository/Final Object Repo/Page_MyASSIST - ASSIST - Search Pending Case For Add Supporting Document/Reference No'

2018-12-06 21:16:04 - [TEST_STEP][PASSED] - click: Object: 'Object Repository/Final Object Repo/Page_MyASSIST - ASSIST - Search Pending Case For Add Supporting Document/Search Reference No' is clicked on

2018-12-06 21:16:05 - [MESSAGE][PASSED] - Object: 'Object Repository/Final Object Repo/Page_MyASSIST - ASSIST - Search Pending Case For Add Supporting Document/Search Reference No' is clicked on

2018-12-06 21:16:05 - [TEST_STEP][PASSED] - delay: Delayed 2 second(s)

2018-12-06 21:16:07 - [MESSAGE][PASSED] - Delayed 2 second(s)

2018-12-06 21:16:07 - [TEST_STEP][PASSED] - click: Object: 'Object Repository/Final Object Repo/Page_MyASSIST - ASSIST - Search Pending Case For Add Supporting Document/Continue' is clicked on

2018-12-06 21:16:10 - [MESSAGE][PASSED] - Object: 'Object Repository/Final Object Repo/Page_MyASSIST - ASSIST - Search Pending Case For Add Supporting Document/Continue' is clicked on

2018-12-06 21:16:10 - [TEST_STEP][PASSED] - delay: Delayed 20 second(s)

2018-12-06 21:16:30 - [MESSAGE][PASSED] - Delayed 20 second(s)

2018-12-06 21:16:30 - [MESSAGE][PASSED] - Call Test Case 'Test Cases/Final Aug 2018 - PKS Automation/Registration Module/Workflow/Login and Search Case For Workflow' successfully

2018-12-06 21:16:30 - [TEST_STEP][PASSED] - navigateToUrl: Navigate to 'https://assist2-uat.perkeso.gov.my/web/registration/eis-update/form-3-eis-cessation-as-employer?p_p_id=searchforemployersip_WAR_registrationportlet&p_p_lifecycle=0&_searchforemployersip_WAR_registrationportlet_regViewKey=87&_searchforemployersip_WAR_registrationportlet_browserIdKey=1536115932192&_searchforemployersip_WAR_registrationportlet_tempEmployerIdKey=128990&_searchforemployersip_WAR_registrationportlet_employerIdKey=&_searchforemployersip_WAR_registrationportlet_refCaseNo=ERN092018C200002133&_searchforemployersip_WAR_registrationportlet_mvcPath=%2Fapps%2Freg%2Fdiscontinue_business_sip%2Fdiscontinue_business_sip_form.jsp&_searchforemployersip_WAR_registrationportlet_regSectionKey=215' successfully

2018-12-06 21:16:33 - [MESSAGE][PASSED] - Navigate to 'https://assist2-uat.perkeso.gov.my/web/registration/eis-update/form-3-eis-cessation-as-employer?p_p_id=searchforemployersip_WAR_registrationportlet&p_p_lifecycle=0&_searchforemployersip_WAR_registrationportlet_regViewKey=87&_searchforemployersip_WAR_registrationportlet_browserIdKey=1536115932192&_searchforemployersip_WAR_registrationportlet_tempEmployerIdKey=128990&_searchforemployersip_WAR_registrationportlet_employerIdKey=&_searchforemployersip_WAR_registrationportlet_refCaseNo=ERN092018C200002133&_searchforemployersip_WAR_registrationportlet_mvcPath=%2Fapps%2Freg%2Fdiscontinue_business_sip%2Fdiscontinue_business_sip_form.jsp&_searchforemployersip_WAR_registrationportlet_regSectionKey=215' successfully

2018-12-06 21:16:33 - [TEST_STEP][PASSED] - delay: Delayed 5 second(s)

2018-12-06 21:16:38 - [MESSAGE][PASSED] - Delayed 5 second(s)

2018-12-06 21:16:38 - [TEST_STEP][PASSED] - click: Object: 'Object Repository/Final Object Repo/Page_Form 3 EIS - Cessation as Employer/Page_Form 3 EIS - Cessation as Employer (Query - OTC - UO)/Next' is clicked on

2018-12-06 21:16:39 - [MESSAGE][PASSED] - Object: 'Object Repository/Final Object Repo/Page_Form 3 EIS - Cessation as Employer/Page_Form 3 EIS - Cessation as Employer (Query - OTC - UO)/Next' is clicked on

2018-12-06 21:16:39 - [TEST_STEP][PASSED] - delay: Delayed 2 second(s)

2018-12-06 21:16:41 - [MESSAGE][PASSED] - Delayed 2 second(s)

2018-12-06 21:16:41 - [TEST_STEP][PASSED] - click: Object: 'Object Repository/Final Object Repo/Page_Form 3 EIS - Cessation as Employer/Page_Form 3 EIS - Cessation as Employer (Query - OTC - UO)/Next in Resigned Page' is clicked on

2018-12-06 21:16:45 - [MESSAGE][PASSED] - Object: 'Object Repository/Final Object Repo/Page_Form 3 EIS - Cessation as Employer/Page_Form 3 EIS - Cessation as Employer (Query - OTC - UO)/Next in Resigned Page' is clicked on

2018-12-06 21:16:45 - [TEST_STEP][PASSED] - delay: Delayed 2 second(s)

2018-12-06 21:16:47 - [MESSAGE][PASSED] - Delayed 2 second(s)

2018-12-06 21:16:47 - [TEST_STEP][PASSED] - click: Object: 'Object Repository/Final Object Repo/Page_Form 3 EIS - Cessation as Employer/Page_Form 3 EIS - Cessation as Employer (Query - OTC - UO)/Add Document' is clicked on

2018-12-06 21:16:47 - [MESSAGE][PASSED] - Object: 'Object Repository/Final Object Repo/Page_Form 3 EIS - Cessation as Employer/Page_Form 3 EIS - Cessation as Employer (Query - OTC - UO)/Add Document' is clicked on

2018-12-06 21:16:47 - [TEST_STEP][PASSED] - delay: Delayed 2 second(s)

2018-12-06 21:16:49 - [MESSAGE][PASSED] - Delayed 2 second(s)

2018-12-06 21:16:49 - [TEST_STEP][PASSED] - click: Object: 'Object Repository/Final Object Repo/Page_Form 3 EIS - Cessation as Employer/Page_Form 3 EIS - Cessation as Employer (Query - OTC - UO)/Document Type' is clicked on

2018-12-06 21:16:50 - [MESSAGE][PASSED] - Object: 'Object Repository/Final Object Repo/Page_Form 3 EIS - Cessation as Employer/Page_Form 3 EIS - Cessation as Employer (Query - OTC - UO)/Document Type' is clicked on

2018-12-06 21:16:50 - [TEST_STEP][PASSED] - delay: Delayed 2 second(s)

2018-12-06 21:16:52 - [MESSAGE][PASSED] - Delayed 2 second(s)

2018-12-06 21:16:52 - [TEST_STEP][PASSED] - click: Object: 'Object Repository/Final Object Repo/Page_Form 3 EIS - Cessation as Employer/Page_Form 3 EIS - Cessation as Employer (Query - OTC - UO)/Document Type - Others' is clicked on

2018-12-06 21:16:52 - [MESSAGE][PASSED] - Object: 'Object Repository/Final Object Repo/Page_Form 3 EIS - Cessation as Employer/Page_Form 3 EIS - Cessation as Employer (Query - OTC - UO)/Document Type - Others' is clicked on

2018-12-06 21:16:52 - [TEST_STEP][PASSED] - delay: Delayed 2 second(s)

2018-12-06 21:16:54 - [MESSAGE][PASSED] - Delayed 2 second(s)

2018-12-06 21:16:54 - [TEST_STEP][PASSED] - sendKeys: Keys 'C:\Users\Public\Pictures\Sample Pictures\Koala.jpg' sent to object: 'Object Repository/Final Object Repo/Page_Form 3 EIS - Cessation as Employer/Page_Form 3 EIS - Cessation as Employer (Query - OTC - UO)/ploading File'

2018-12-06 21:16:54 - [MESSAGE][PASSED] - Keys 'C:\Users\Public\Pictures\Sample Pictures\Koala.jpg' sent to object: 'Object Repository/Final Object Repo/Page_Form 3 EIS - Cessation as Employer/Page_Form 3 EIS - Cessation as Employer (Query - OTC - UO)/ploading File'

2018-12-06 21:16:54 - [TEST_STEP][PASSED] - delay: Delayed 2 second(s)

2018-12-06 21:16:56 - [MESSAGE][PASSED] - Delayed 2 second(s)

2018-12-06 21:16:56 - [TEST_STEP][PASSED] - click: Object: 'Object Repository/Final Object Repo/Page_Form 3 EIS - Cessation as Employer/Page_Form 3 EIS - Cessation as Employer (Query - OTC - UO)/Add Document in Uploading Page' is clicked on

2018-12-06 21:16:56 - [MESSAGE][PASSED] - Object: 'Object Repository/Final Object Repo/Page_Form 3 EIS - Cessation as Employer/Page_Form 3 EIS - Cessation as Employer (Query - OTC - UO)/Add Document in Uploading Page' is clicked on

2018-12-06 21:16:56 - [TEST_STEP][PASSED] - delay: Delayed 2 second(s)

2018-12-06 21:16:58 - [MESSAGE][PASSED] - Delayed 2 second(s)

2018-12-06 21:16:58 - [TEST_STEP][PASSED] - click: Object: 'Object Repository/Final Object Repo/Page_Form 3 EIS - Cessation as Employer/Page_Form 3 EIS - Cessation as Employer (Query - OTC - UO)/Exit' is clicked on

2018-12-06 21:17:01 - [MESSAGE][PASSED] - Object: 'Object Repository/Final Object Repo/Page_Form 3 EIS - Cessation as Employer/Page_Form 3 EIS - Cessation as Employer (Query - OTC - UO)/Exit' is clicked on

2018-12-06 21:17:01 - [TEST_STEP][PASSED] - delay: Delayed 1 second(s)

2018-12-06 21:17:02 - [MESSAGE][PASSED] - Delayed 1 second(s)

2018-12-06 21:17:02 - [TEST_STEP][PASSED] - navigateToUrl: Navigate to 'https://assist2-uat.perkeso.gov.my/c/portal/logout' successfully

2018-12-06 21:17:03 - [MESSAGE][PASSED] - Navigate to 'https://assist2-uat.perkeso.gov.my/c/portal/logout' successfully

2018-12-06 21:17:03 - [TEST_STEP][PASSED] - delay: Delayed 1 second(s)

2018-12-06 21:17:04 - [MESSAGE][PASSED] - Delayed 1 second(s)

2018-12-06 21:17:04 - [TEST_STEP][PASSED] - callTestCase: Call Test Case 'Test Cases/Final Aug 2018 - PKS Automation/Registration Module/Workflow/Login and Search Case For Workflow' successfully

2018-12-06 21:17:04 - [TEST_CASE][PASSED] - Test Cases/Final Aug 2018 - PKS Automation/Registration Module/Workflow/Login and Search Case For Workflow: Test Cases/Final Aug 2018 - PKS Automation/Registration Module/Workflow/Login and Search Case For Workflow

2018-12-06 21:17:04 - [TEST_STEP][PASSED] - navigateToUrl: Navigate to 'https://assist2-uat.perkeso.gov.my/login' successfully

2018-12-06 21:17:04 - [MESSAGE][PASSED] - Navigate to 'https://assist2-uat.perkeso.gov.my/login' successfully

2018-12-06 21:17:04 - [TEST_STEP][PASSED] - setText: Text 'johoruo3@gmail.com' is set on object 'Object Repository/Final Object Repo/Login Page/Internal User/Email Address'

2018-12-06 21:17:05 - [MESSAGE][PASSED] - Text 'johoruo3@gmail.com' is set on object 'Object Repository/Final Object Repo/Login Page/Internal User/Email Address'

2018-12-06 21:17:05 - [TEST_STEP][PASSED] - click: Object: 'Object Repository/Final Object Repo/Login Page/Internal User/Next Button' is clicked on

2018-12-06 21:17:05 - [MESSAGE][PASSED] - Object: 'Object Repository/Final Object Repo/Login Page/Internal User/Next Button' is clicked on

2018-12-06 21:17:05 - [TEST_STEP][PASSED] - delay: Delayed 1 second(s)

2018-12-06 21:17:06 - [MESSAGE][PASSED] - Delayed 1 second(s)

2018-12-06 21:17:06 - [TEST_STEP][PASSED] - setEncryptedText: Text ****** has been set on object 'Object Repository/Final Object Repo/Login Page/Internal User/Password'

2018-12-06 21:17:06 - [MESSAGE][PASSED] - Text ****** has been set on object 'Object Repository/Final Object Repo/Login Page/Internal User/Password'

2018-12-06 21:17:06 - [TEST_STEP][PASSED] - click: Object: 'Object Repository/Final Object Repo/Login Page/Internal User/Login Button' is clicked on

2018-12-06 21:17:06 - [MESSAGE][PASSED] - Object: 'Object Repository/Final Object Repo/Login Page/Internal User/Login Button' is clicked on

2018-12-06 21:17:06 - [TEST_STEP][PASSED] - delay: Delayed 2 second(s)

2018-12-06 21:17:08 - [MESSAGE][PASSED] - Delayed 2 second(s)

2018-12-06 21:17:08 - [TEST_STEP][PASSED] - Statement - Try: Delayed 2 second(s)

2018-12-06 21:17:08 - [TEST_STEP][PASSED] - Statement - Checker = false: null

2018-12-06 21:17:08 - [TEST_STEP][PASSED] - Statement - Checker = com.kms.katalon.core.webui.keyword.WebUiBuiltInKeywords.verifyElementHasAttribute(com.kms.katalon.core.testobject.ObjectRepository.findTestObject(Final Object Repo/Landing Page/BM Detecting), "href", 20, OPTIONAL): Object 'Object Repository/Final Object Repo/Landing Page/BM Detecting' has attribute 'href'

2018-12-06 21:17:08 - [MESSAGE][PASSED] - Object 'Object Repository/Final Object Repo/Landing Page/BM Detecting' has attribute 'href'

2018-12-06 21:17:08 - [TEST_STEP][PASSED] - Statement - out.println(Checker): null

2018-12-06 21:17:08 - [TEST_STEP][PASSED] - Statement - If (Checker == false): null

2018-12-06 21:17:08 - [TEST_STEP][PASSED] - Statement - Else: null

2018-12-06 21:17:08 - [TEST_STEP][PASSED] - delay: Delayed 2 second(s)

2018-12-06 21:17:10 - [MESSAGE][PASSED] - Delayed 2 second(s)

2018-12-06 21:17:10 - [TEST_STEP][PASSED] - click: Object: 'Object Repository/Final Object Repo/Page_MyASSIST - ASSIST - Search Pending Case For Add Supporting Document/Search Information' is clicked on

2018-12-06 21:17:10 - [MESSAGE][PASSED] - Object: 'Object Repository/Final Object Repo/Page_MyASSIST - ASSIST - Search Pending Case For Add Supporting Document/Search Information' is clicked on

2018-12-06 21:17:10 - [TEST_STEP][PASSED] - delay: Delayed 3 second(s)

2018-12-06 21:17:13 - [MESSAGE][PASSED] - Delayed 3 second(s)

2018-12-06 21:17:13 - [TEST_STEP][PASSED] - sendKeys: Keys 'ERN122018C200002380' sent to object: 'Object Repository/Final Object Repo/Page_MyASSIST - ASSIST - Search Pending Case For Add Supporting Document/Reference No'

2018-12-06 21:17:14 - [MESSAGE][PASSED] - Keys 'ERN122018C200002380' sent to object: 'Object Repository/Final Object Repo/Page_MyASSIST - ASSIST - Search Pending Case For Add Supporting Document/Reference No'

2018-12-06 21:17:14 - [TEST_STEP][PASSED] - click: Object: 'Object Repository/Final Object Repo/Page_MyASSIST - ASSIST - Search Pending Case For Add Supporting Document/Search Reference No' is clicked on

2018-12-06 21:17:14 - [MESSAGE][PASSED] - Object: 'Object Repository/Final Object Repo/Page_MyASSIST - ASSIST - Search Pending Case For Add Supporting Document/Search Reference No' is clicked on

2018-12-06 21:17:14 - [TEST_STEP][PASSED] - delay: Delayed 2 second(s)

2018-12-06 21:17:16 - [MESSAGE][PASSED] - Delayed 2 second(s)

2018-12-06 21:17:16 - [TEST_STEP][PASSED] - click: Object: 'Object Repository/Final Object Repo/Page_MyASSIST - ASSIST - Search Pending Case For Add Supporting Document/Continue' is clicked on

2018-12-06 21:17:19 - [MESSAGE][PASSED] - Object: 'Object Repository/Final Object Repo/Page_MyASSIST - ASSIST - Search Pending Case For Add Supporting Document/Continue' is clicked on

2018-12-06 21:17:19 - [TEST_STEP][PASSED] - delay: Delayed 20 second(s)

2018-12-06 21:17:39 - [MESSAGE][PASSED] - Delayed 20 second(s)

2018-12-06 21:17:39 - [MESSAGE][PASSED] - Call Test Case 'Test Cases/Final Aug 2018 - PKS Automation/Registration Module/Workflow/Login and Search Case For Workflow' successfully

2018-12-06 21:17:39 - [TEST_STEP][PASSED] - click: Object: 'Object Repository/Final Object Repo/Page_Form 3 EIS - Cessation as Employer/Page_Form 3 EIS - Cessation as Employer (Approve)/Save  Continue in Form 3 Page' is clicked on

2018-12-06 21:17:39 - [MESSAGE][PASSED] - Object: 'Object Repository/Final Object Repo/Page_Form 3 EIS - Cessation as Employer/Page_Form 3 EIS - Cessation as Employer (Approve)/Save  Continue in Form 3 Page' is clicked on

2018-12-06 21:17:39 - [TEST_STEP][PASSED] - delay: Delayed 2 second(s)

2018-12-06 21:17:41 - [MESSAGE][PASSED] - Delayed 2 second(s)

2018-12-06 21:17:41 - [TEST_STEP][PASSED] - click: Object: 'Object Repository/Final Object Repo/Page_Form 3 EIS - Cessation as Employer/Page_Form 3 EIS - Cessation as Employer (Approve)/Save  Continue in Resigned Page' is clicked on

2018-12-06 21:17:41 - [MESSAGE][PASSED] - Object: 'Object Repository/Final Object Repo/Page_Form 3 EIS - Cessation as Employer/Page_Form 3 EIS - Cessation as Employer (Approve)/Save  Continue in Resigned Page' is clicked on

2018-12-06 21:17:41 - [TEST_STEP][PASSED] - delay: Delayed 2 second(s)

2018-12-06 21:17:43 - [MESSAGE][PASSED] - Delayed 2 second(s)

2018-12-06 21:17:43 - [TEST_STEP][PASSED] - click: Object: 'Object Repository/Final Object Repo/Page_Form 3 EIS - Cessation as Employer/Page_Form 3 EIS - Cessation as Employer (Approve)/Save  Continue in Uploading Page' is clicked on

2018-12-06 21:17:44 - [MESSAGE][PASSED] - Object: 'Object Repository/Final Object Repo/Page_Form 3 EIS - Cessation as Employer/Page_Form 3 EIS - Cessation as Employer (Approve)/Save  Continue in Uploading Page' is clicked on

2018-12-06 21:17:44 - [TEST_STEP][PASSED] - delay: Delayed 2 second(s)

2018-12-06 21:17:46 - [MESSAGE][PASSED] - Delayed 2 second(s)

2018-12-06 21:17:46 - [TEST_STEP][PASSED] - click: Object: 'Object Repository/Final Object Repo/Page_Form 3 EIS - Cessation as Employer/Page_Form 3 EIS - Cessation as Employer (Reject)/Reject' is clicked on

2018-12-06 21:17:49 - [MESSAGE][PASSED] - Object: 'Object Repository/Final Object Repo/Page_Form 3 EIS - Cessation as Employer/Page_Form 3 EIS - Cessation as Employer (Reject)/Reject' is clicked on

2018-12-06 21:17:49 - [TEST_STEP][PASSED] - delay: Delayed 2 second(s)

2018-12-06 21:17:51 - [MESSAGE][PASSED] - Delayed 2 second(s)

2018-12-06 21:17:51 - [TEST_STEP][PASSED] - click: Object: 'Object Repository/Final Object Repo/Page_Form 3 EIS - Cessation as Employer/Page_Form 3 EIS - Cessation as Employer (Reject)/Confirm' is clicked on

2018-12-06 21:17:51 - [MESSAGE][PASSED] - Object: 'Object Repository/Final Object Repo/Page_Form 3 EIS - Cessation as Employer/Page_Form 3 EIS - Cessation as Employer (Reject)/Confirm' is clicked on

2018-12-06 21:17:51 - [TEST_STEP][PASSED] - delay: Delayed 2 second(s)

2018-12-06 21:17:53 - [MESSAGE][PASSED] - Delayed 2 second(s)

2018-12-06 21:17:53 - [TEST_STEP][PASSED] - click: Object: 'Object Repository/Final Object Repo/Page_Form 3 EIS - Cessation as Employer/Page_Form 3 EIS - Cessation as Employer (Reject)/Message This Case has been Rejected' is clicked on

2018-12-06 21:17:57 - [MESSAGE][PASSED] - Object: 'Object Repository/Final Object Repo/Page_Form 3 EIS - Cessation as Employer/Page_Form 3 EIS - Cessation as Employer (Reject)/Message This Case has been Rejected' is clicked on

2018-12-06 21:17:57 - [TEST_STEP][PASSED] - click: Object: 'Object Repository/Final Object Repo/Page_Form 3 EIS - Cessation as Employer/Page_Form 3 EIS - Cessation as Employer (Reject)/Letter of update rejection' is clicked on

2018-12-06 21:17:57 - [MESSAGE][PASSED] - Object: 'Object Repository/Final Object Repo/Page_Form 3 EIS - Cessation as Employer/Page_Form 3 EIS - Cessation as Employer (Reject)/Letter of update rejection' is clicked on

2018-12-06 21:17:57 - [MESSAGE][PASSED] - Call Test Case 'Test Cases/Final Aug 2018 - PKS Automation/Registration Module/Workflow/Form 3 EIS - Cessation As Employer/Template/Form 3 A - Cessation As Employer (Query)' successfully]]></system-out>
         <system-err><![CDATA[]]></system-err>
      </testcase>
      <testcase name="Test Cases/Final Aug 2018 - PKS Automation/Registration Module/Workflow/Form 3 EIS - Cessation As Employer/OTC to UO (Reject)" classname="Test Cases/Final Aug 2018 - PKS Automation/Registration Module/Workflow/Form 3 EIS - Cessation As Employer/OTC to UO (Reject)" status="PASSED">
         <system-out><![CDATA[2018-12-06 21:17:57 - [TEST_CASE][PASSED] - Test Cases/Final Aug 2018 - PKS Automation/Registration Module/Workflow/Form 3 EIS - Cessation As Employer/OTC to UO (Reject): Test Cases/Final Aug 2018 - PKS Automation/Registration Module/Workflow/Form 3 EIS - Cessation As Employer/OTC to UO (Reject)

2018-12-06 21:17:58 - [TEST_STEP][PASSED] - callTestCase: Call Test Case 'Test Cases/Final Aug 2018 - PKS Automation/Registration Module/Workflow/Form 3 EIS - Cessation As Employer/Template/Form 3 A - Cessation As Employer (OTC)' successfully

2018-12-06 21:17:58 - [TEST_CASE][PASSED] - Test Cases/Final Aug 2018 - PKS Automation/Registration Module/Workflow/Form 3 EIS - Cessation As Employer/Template/Form 3 A - Cessation As Employer (OTC): Test Cases/Final Aug 2018 - PKS Automation/Registration Module/Workflow/Form 3 EIS - Cessation As Employer/Template/Form 3 A - Cessation As Employer (OTC)

2018-12-06 21:17:58 - [TEST_STEP][PASSED] - openBrowser: Browser is opened with url: ''

2018-12-06 21:17:58 - [MESSAGE][WARNING] - A browser is already opened. Closing browser and opening a new one

2018-12-06 21:18:02 - [MESSAGE][PASSED] - Browser is opened with url: ''

2018-12-06 21:18:02 - [TEST_STEP][PASSED] - navigateToUrl: Navigate to 'https://assist2-uat.perkeso.gov.my/login' successfully

2018-12-06 21:18:03 - [MESSAGE][PASSED] - Navigate to 'https://assist2-uat.perkeso.gov.my/login' successfully

2018-12-06 21:18:03 - [TEST_STEP][PASSED] - setText: Text 'johorotc1@gmail.com' is set on object 'Object Repository/Final Object Repo/Login Page/Internal User/Email Address'

2018-12-06 21:18:03 - [MESSAGE][PASSED] - Text 'johorotc1@gmail.com' is set on object 'Object Repository/Final Object Repo/Login Page/Internal User/Email Address'

2018-12-06 21:18:03 - [TEST_STEP][PASSED] - click: Object: 'Object Repository/Final Object Repo/Login Page/Internal User/Next Button' is clicked on

2018-12-06 21:18:03 - [MESSAGE][PASSED] - Object: 'Object Repository/Final Object Repo/Login Page/Internal User/Next Button' is clicked on

2018-12-06 21:18:03 - [TEST_STEP][PASSED] - delay: Delayed 1 second(s)

2018-12-06 21:18:04 - [MESSAGE][PASSED] - Delayed 1 second(s)

2018-12-06 21:18:04 - [TEST_STEP][PASSED] - setEncryptedText: Text ****** has been set on object 'Object Repository/Final Object Repo/Login Page/Internal User/Password'

2018-12-06 21:18:05 - [MESSAGE][PASSED] - Text ****** has been set on object 'Object Repository/Final Object Repo/Login Page/Internal User/Password'

2018-12-06 21:18:05 - [TEST_STEP][PASSED] - click: Object: 'Object Repository/Final Object Repo/Login Page/Internal User/Login Button' is clicked on

2018-12-06 21:18:05 - [MESSAGE][PASSED] - Object: 'Object Repository/Final Object Repo/Login Page/Internal User/Login Button' is clicked on

2018-12-06 21:18:05 - [TEST_STEP][PASSED] - delay: Delayed 1 second(s)

2018-12-06 21:18:06 - [MESSAGE][PASSED] - Delayed 1 second(s)

2018-12-06 21:18:06 - [TEST_STEP][PASSED] - Statement - Try: Delayed 2 second(s)

2018-12-06 21:18:06 - [TEST_STEP][PASSED] - Statement - Checker = false: null

2018-12-06 21:18:06 - [TEST_STEP][PASSED] - Statement - Checker = com.kms.katalon.core.webui.keyword.WebUiBuiltInKeywords.verifyElementHasAttribute(com.kms.katalon.core.testobject.ObjectRepository.findTestObject(Final Object Repo/Landing Page/BM Detecting), "href", 20, OPTIONAL): Object 'Object Repository/Final Object Repo/Landing Page/BM Detecting' has attribute 'href'

2018-12-06 21:18:07 - [MESSAGE][PASSED] - Object 'Object Repository/Final Object Repo/Landing Page/BM Detecting' has attribute 'href'

2018-12-06 21:18:07 - [TEST_STEP][PASSED] - Statement - out.println(Checker): null

2018-12-06 21:18:07 - [TEST_STEP][PASSED] - Statement - If (Checker == false): null

2018-12-06 21:18:07 - [TEST_STEP][PASSED] - Statement - Else: null

2018-12-06 21:18:07 - [TEST_STEP][PASSED] - delay: Delayed 2 second(s)

2018-12-06 21:18:09 - [MESSAGE][PASSED] - Delayed 2 second(s)

2018-12-06 21:18:09 - [TEST_STEP][PASSED] - navigateToUrl: Navigate to 'https://assist2-uat.perkeso.gov.my/web/registration/eis-update/form-3-eis-cessation-as-employer' successfully

2018-12-06 21:18:10 - [MESSAGE][PASSED] - Navigate to 'https://assist2-uat.perkeso.gov.my/web/registration/eis-update/form-3-eis-cessation-as-employer' successfully

2018-12-06 21:18:10 - [TEST_STEP][PASSED] - delay: Delayed 1 second(s)

2018-12-06 21:18:11 - [MESSAGE][PASSED] - Delayed 1 second(s)

2018-12-06 21:18:11 - [TEST_STEP][PASSED] - setText: Text 'E1102069769W' is set on object 'Object Repository/Final Object Repo/Page_Form 3 EIS - Cessation as Employer/Employer Code'

2018-12-06 21:18:11 - [MESSAGE][PASSED] - Text 'E1102069769W' is set on object 'Object Repository/Final Object Repo/Page_Form 3 EIS - Cessation as Employer/Employer Code'

2018-12-06 21:18:11 - [TEST_STEP][PASSED] - click: Object: 'Object Repository/Final Object Repo/Page_Form 3 EIS - Cessation as Employer/Search' is clicked on

2018-12-06 21:18:11 - [MESSAGE][PASSED] - Object: 'Object Repository/Final Object Repo/Page_Form 3 EIS - Cessation as Employer/Search' is clicked on

2018-12-06 21:18:11 - [TEST_STEP][PASSED] - click: Object: 'Object Repository/Final Object Repo/Page_Form 3 EIS - Cessation as Employer/Edit' is clicked on

2018-12-06 21:18:14 - [MESSAGE][PASSED] - Object: 'Object Repository/Final Object Repo/Page_Form 3 EIS - Cessation as Employer/Edit' is clicked on

2018-12-06 21:18:14 - [TEST_STEP][PASSED] - delay: Delayed 1 second(s)

2018-12-06 21:18:15 - [MESSAGE][PASSED] - Delayed 1 second(s)

2018-12-06 21:18:15 - [TEST_STEP][PASSED] - Statement - abc = com.kms.katalon.core.webui.keyword.WebUiBuiltInKeywords.getAttribute(com.kms.katalon.core.testobject.ObjectRepository.findTestObject(Final Object Repo/Page_Form 3 EIS - Cessation as Employer/Employer Status), "value"): Attribute 'value' of object 'Object Repository/Final Object Repo/Page_Form 3 EIS - Cessation as Employer/Employer Status' is: 'Active'

2018-12-06 21:18:15 - [MESSAGE][PASSED] - Attribute 'value' of object 'Object Repository/Final Object Repo/Page_Form 3 EIS - Cessation as Employer/Employer Status' is: 'Active'

2018-12-06 21:18:15 - [TEST_STEP][PASSED] - Statement - out.println(abc): null

2018-12-06 21:18:15 - [TEST_STEP][PASSED] - Statement - If (abc == "Active"): Object: 'Object Repository/Final Object Repo/Page_Form 3 EIS - Cessation as Employer/Dormant EIS' is clicked on

2018-12-06 21:18:15 - [TEST_STEP][PASSED] - click: Object: 'Object Repository/Final Object Repo/Page_Form 3 EIS - Cessation as Employer/Change Employer Status to' is clicked on

2018-12-06 21:18:15 - [MESSAGE][PASSED] - Object: 'Object Repository/Final Object Repo/Page_Form 3 EIS - Cessation as Employer/Change Employer Status to' is clicked on

2018-12-06 21:18:15 - [TEST_STEP][PASSED] - click: Object: 'Object Repository/Final Object Repo/Page_Form 3 EIS - Cessation as Employer/Dormant EIS' is clicked on

2018-12-06 21:18:15 - [MESSAGE][PASSED] - Object: 'Object Repository/Final Object Repo/Page_Form 3 EIS - Cessation as Employer/Dormant EIS' is clicked on

2018-12-06 21:18:15 - [TEST_STEP][PASSED] - click: Object: 'Object Repository/Final Object Repo/Page_Form 3 EIS - Cessation as Employer/Calender' is clicked on

2018-12-06 21:18:15 - [MESSAGE][PASSED] - Object: 'Object Repository/Final Object Repo/Page_Form 3 EIS - Cessation as Employer/Calender' is clicked on

2018-12-06 21:18:15 - [TEST_STEP][PASSED] - delay: Delayed 1 second(s)

2018-12-06 21:18:16 - [MESSAGE][PASSED] - Delayed 1 second(s)

2018-12-06 21:18:16 - [TEST_STEP][PASSED] - click: Object: 'Object Repository/Final Object Repo/Page_Form 3 EIS - Cessation as Employer/Calender - Date' is clicked on

2018-12-06 21:18:16 - [MESSAGE][PASSED] - Object: 'Object Repository/Final Object Repo/Page_Form 3 EIS - Cessation as Employer/Calender - Date' is clicked on

2018-12-06 21:18:16 - [TEST_STEP][PASSED] - click: Object: 'Object Repository/Final Object Repo/Page_Form 3 EIS - Cessation as Employer/Save  Continue in Form 3 EIS Page' is clicked on

2018-12-06 21:18:17 - [MESSAGE][PASSED] - Object: 'Object Repository/Final Object Repo/Page_Form 3 EIS - Cessation as Employer/Save  Continue in Form 3 EIS Page' is clicked on

2018-12-06 21:18:17 - [TEST_STEP][PASSED] - delay: Delayed 1 second(s)

2018-12-06 21:18:18 - [MESSAGE][PASSED] - Delayed 1 second(s)

2018-12-06 21:18:18 - [TEST_STEP][PASSED] - click: Object: 'Object Repository/Final Object Repo/Page_Form 3 EIS - Cessation as Employer/Employment Resign Date' is clicked on

2018-12-06 21:18:18 - [MESSAGE][PASSED] - Object: 'Object Repository/Final Object Repo/Page_Form 3 EIS - Cessation as Employer/Employment Resign Date' is clicked on

2018-12-06 21:18:18 - [TEST_STEP][PASSED] - selectOptionByValue: All options with value '2030' are selected in object 'Object Repository/Final Object Repo/Page_Form 3 EIS - Cessation as Employer/Employment Resign Date - Year' 

2018-12-06 21:18:18 - [MESSAGE][PASSED] - All options with value '2030' are selected in object 'Object Repository/Final Object Repo/Page_Form 3 EIS - Cessation as Employer/Employment Resign Date - Year' 

2018-12-06 21:18:18 - [TEST_STEP][PASSED] - delay: Delayed 2 second(s)

2018-12-06 21:18:20 - [MESSAGE][PASSED] - Delayed 2 second(s)

2018-12-06 21:18:20 - [TEST_STEP][PASSED] - click: Object: 'Object Repository/Final Object Repo/Page_Form 3 EIS - Cessation as Employer/Employment Resign Date - Year - Date' is clicked on

2018-12-06 21:18:21 - [MESSAGE][PASSED] - Object: 'Object Repository/Final Object Repo/Page_Form 3 EIS - Cessation as Employer/Employment Resign Date - Year - Date' is clicked on

2018-12-06 21:18:21 - [TEST_STEP][PASSED] - delay: Delayed 2 second(s)

2018-12-06 21:18:23 - [MESSAGE][PASSED] - Delayed 2 second(s)

2018-12-06 21:18:23 - [TEST_STEP][PASSED] - click: Object: 'Object Repository/Final Object Repo/Page_Form 3 EIS - Cessation as Employer/Save  Continue in Employment Resign Page' is clicked on

2018-12-06 21:18:23 - [MESSAGE][PASSED] - Object: 'Object Repository/Final Object Repo/Page_Form 3 EIS - Cessation as Employer/Save  Continue in Employment Resign Page' is clicked on

2018-12-06 21:18:23 - [TEST_STEP][PASSED] - delay: Delayed 2 second(s)

2018-12-06 21:18:25 - [MESSAGE][PASSED] - Delayed 2 second(s)

2018-12-06 21:18:25 - [TEST_STEP][PASSED] - click: Object: 'Object Repository/Final Object Repo/Page_Form 3 EIS - Cessation as Employer/Set Latest - Yes' is clicked on

2018-12-06 21:18:25 - [MESSAGE][PASSED] - Object: 'Object Repository/Final Object Repo/Page_Form 3 EIS - Cessation as Employer/Set Latest - Yes' is clicked on

2018-12-06 21:18:25 - [TEST_STEP][PASSED] - delay: Delayed 2 second(s)

2018-12-06 21:18:27 - [MESSAGE][PASSED] - Delayed 2 second(s)

2018-12-06 21:18:27 - [TEST_STEP][PASSED] - click: Object: 'Object Repository/Final Object Repo/Page_Form 3 EIS - Cessation as Employer/Add Document' is clicked on

2018-12-06 21:18:28 - [MESSAGE][PASSED] - Object: 'Object Repository/Final Object Repo/Page_Form 3 EIS - Cessation as Employer/Add Document' is clicked on

2018-12-06 21:18:28 - [TEST_STEP][PASSED] - delay: Delayed 3 second(s)

2018-12-06 21:18:31 - [MESSAGE][PASSED] - Delayed 3 second(s)

2018-12-06 21:18:31 - [TEST_STEP][PASSED] - click: Object: 'Object Repository/Final Object Repo/Page_Form 3 EIS - Cessation as Employer/Document Type' is clicked on

2018-12-06 21:18:31 - [MESSAGE][PASSED] - Object: 'Object Repository/Final Object Repo/Page_Form 3 EIS - Cessation as Employer/Document Type' is clicked on

2018-12-06 21:18:31 - [TEST_STEP][PASSED] - click: Object: 'Object Repository/Final Object Repo/Page_Form 3 EIS - Cessation as Employer/Document Type - Form 3' is clicked on

2018-12-06 21:18:31 - [MESSAGE][PASSED] - Object: 'Object Repository/Final Object Repo/Page_Form 3 EIS - Cessation as Employer/Document Type - Form 3' is clicked on

2018-12-06 21:18:31 - [TEST_STEP][PASSED] - delay: Delayed 2 second(s)

2018-12-06 21:18:33 - [MESSAGE][PASSED] - Delayed 2 second(s)

2018-12-06 21:18:33 - [TEST_STEP][PASSED] - sendKeys: Keys 'C:\Users\Public\Pictures\Sample Pictures\Koala.jpg' sent to object: 'Object Repository/Final Object Repo/Page_Form 3 EIS - Cessation as Employer/ploading File'

2018-12-06 21:18:33 - [MESSAGE][PASSED] - Keys 'C:\Users\Public\Pictures\Sample Pictures\Koala.jpg' sent to object: 'Object Repository/Final Object Repo/Page_Form 3 EIS - Cessation as Employer/ploading File'

2018-12-06 21:18:33 - [TEST_STEP][PASSED] - delay: Delayed 1 second(s)

2018-12-06 21:18:34 - [MESSAGE][PASSED] - Delayed 1 second(s)

2018-12-06 21:18:34 - [TEST_STEP][PASSED] - click: Object: 'Object Repository/Final Object Repo/Page_Form 3 EIS - Cessation as Employer/Add Document in Uploading Page' is clicked on

2018-12-06 21:18:35 - [MESSAGE][PASSED] - Object: 'Object Repository/Final Object Repo/Page_Form 3 EIS - Cessation as Employer/Add Document in Uploading Page' is clicked on

2018-12-06 21:18:35 - [TEST_STEP][PASSED] - delay: Delayed 2 second(s)

2018-12-06 21:18:37 - [MESSAGE][PASSED] - Delayed 2 second(s)

2018-12-06 21:18:37 - [TEST_STEP][PASSED] - Statement - CaseReferenceNo = com.kms.katalon.core.webui.keyword.WebUiBuiltInKeywords.getText(com.kms.katalon.core.testobject.ObjectRepository.findTestObject(Final Object Repo/Page_Update Employer Information/Reference Number in Update Employee Information Page)): Text of object 'Object Repository/Final Object Repo/Page_Update Employer Information/Reference Number in Update Employee Information Page' is: 'ERN122018C200002381'

2018-12-06 21:18:39 - [MESSAGE][PASSED] - Text of object 'Object Repository/Final Object Repo/Page_Update Employer Information/Reference Number in Update Employee Information Page' is: 'ERN122018C200002381'

2018-12-06 21:18:39 - [TEST_STEP][PASSED] - callTestCase: Call Test Case 'Test Cases/Final Aug 2018 - PKS Automation/Common/Reference Number Setter' successfully

2018-12-06 21:18:39 - [TEST_CASE][PASSED] - Test Cases/Final Aug 2018 - PKS Automation/Common/Reference Number Setter: Test Cases/Final Aug 2018 - PKS Automation/Common/Reference Number Setter

2018-12-06 21:18:39 - [TEST_STEP][PASSED] - Statement - RefNoOldFile = new java.io.File(C://Users//Admin//Desktop//PKS//Automation Reference Point//KatalonReference.txt): null

2018-12-06 21:18:39 - [TEST_STEP][PASSED] - Statement - RefNoOldFile.delete(): null

2018-12-06 21:18:39 - [TEST_STEP][PASSED] - delay: Delayed 5 second(s)

2018-12-06 21:18:44 - [MESSAGE][PASSED] - Delayed 5 second(s)

2018-12-06 21:18:44 - [TEST_STEP][PASSED] - Statement - RefNo = new java.io.File(C://Users//Admin//Desktop//PKS//Automation Reference Point//KatalonReference.txt): null

2018-12-06 21:18:44 - [TEST_STEP][PASSED] - Statement - f2 = new java.io.FileWriter(RefNo, false): null

2018-12-06 21:18:44 - [TEST_STEP][PASSED] - Statement - f2.write(CaseReferenceNo): null

2018-12-06 21:18:44 - [TEST_STEP][PASSED] - Statement - f2.close(): null

2018-12-06 21:18:44 - [TEST_STEP][PASSED] - Statement - out.println("


" + CaseReferenceNo + "


"): null

2018-12-06 21:18:44 - [MESSAGE][PASSED] - Call Test Case 'Test Cases/Final Aug 2018 - PKS Automation/Common/Reference Number Setter' successfully

2018-12-06 21:18:44 - [TEST_STEP][PASSED] - delay: Delayed 2 second(s)

2018-12-06 21:18:46 - [MESSAGE][PASSED] - Delayed 2 second(s)

2018-12-06 21:18:46 - [TEST_STEP][PASSED] - click: Object: 'Object Repository/Final Object Repo/Page_Form 3 EIS - Cessation as Employer/Save  Continue in Uploading Page' is clicked on

2018-12-06 21:18:46 - [MESSAGE][PASSED] - Object: 'Object Repository/Final Object Repo/Page_Form 3 EIS - Cessation as Employer/Save  Continue in Uploading Page' is clicked on

2018-12-06 21:18:46 - [TEST_STEP][PASSED] - delay: Delayed 2 second(s)

2018-12-06 21:18:48 - [MESSAGE][PASSED] - Delayed 2 second(s)

2018-12-06 21:18:48 - [TEST_STEP][PASSED] - click: Object: 'Object Repository/Final Object Repo/Page_Form 3 EIS - Cessation as Employer/Submit' is clicked on

2018-12-06 21:18:51 - [MESSAGE][PASSED] - Object: 'Object Repository/Final Object Repo/Page_Form 3 EIS - Cessation as Employer/Submit' is clicked on

2018-12-06 21:18:51 - [TEST_STEP][PASSED] - delay: Delayed 2 second(s)

2018-12-06 21:18:53 - [MESSAGE][PASSED] - Delayed 2 second(s)

2018-12-06 21:18:53 - [TEST_STEP][PASSED] - click: Object: 'Object Repository/Final Object Repo/Page_Form 3 EIS - Cessation as Employer/Confirm' is clicked on

2018-12-06 21:18:53 - [MESSAGE][PASSED] - Object: 'Object Repository/Final Object Repo/Page_Form 3 EIS - Cessation as Employer/Confirm' is clicked on

2018-12-06 21:18:53 - [TEST_STEP][PASSED] - delay: Delayed 2 second(s)

2018-12-06 21:18:55 - [MESSAGE][PASSED] - Delayed 2 second(s)

2018-12-06 21:18:55 - [TEST_STEP][PASSED] - click: Object: 'Object Repository/Final Object Repo/Page_Form 3 EIS - Cessation as Employer/Message Your Request will be routed to UO' is clicked on

2018-12-06 21:18:59 - [MESSAGE][PASSED] - Object: 'Object Repository/Final Object Repo/Page_Form 3 EIS - Cessation as Employer/Message Your Request will be routed to UO' is clicked on

2018-12-06 21:18:59 - [TEST_STEP][PASSED] - click: Object: 'Object Repository/Final Object Repo/Page_Form 3 EIS - Cessation as Employer/Letter of acknowledgement' is clicked on

2018-12-06 21:18:59 - [MESSAGE][PASSED] - Object: 'Object Repository/Final Object Repo/Page_Form 3 EIS - Cessation as Employer/Letter of acknowledgement' is clicked on

2018-12-06 21:18:59 - [MESSAGE][PASSED] - Call Test Case 'Test Cases/Final Aug 2018 - PKS Automation/Registration Module/Workflow/Form 3 EIS - Cessation As Employer/Template/Form 3 A - Cessation As Employer (OTC)' successfully

2018-12-06 21:18:59 - [TEST_STEP][PASSED] - callTestCase: Call Test Case 'Test Cases/Final Aug 2018 - PKS Automation/Registration Module/Workflow/Form 3 EIS - Cessation As Employer/Template/Form 3 A - Cessation As Employer (Reject)' successfully

2018-12-06 21:18:59 - [TEST_CASE][PASSED] - Test Cases/Final Aug 2018 - PKS Automation/Registration Module/Workflow/Form 3 EIS - Cessation As Employer/Template/Form 3 A - Cessation As Employer (Reject): Test Cases/Final Aug 2018 - PKS Automation/Registration Module/Workflow/Form 3 EIS - Cessation As Employer/Template/Form 3 A - Cessation As Employer (Reject)

2018-12-06 21:18:59 - [TEST_STEP][NOT_RUN] - callTestCase: NOT_RUN: callTestCase

2018-12-06 21:18:59 - [MESSAGE][NOT_RUN] - NOT_RUN: callTestCase

2018-12-06 21:18:59 - [TEST_STEP][PASSED] - delay: Delayed 1 second(s)

2018-12-06 21:19:00 - [MESSAGE][PASSED] - Delayed 1 second(s)

2018-12-06 21:19:00 - [TEST_STEP][PASSED] - navigateToUrl: Navigate to 'https://assist2-uat.perkeso.gov.my/c/portal/logout' successfully

2018-12-06 21:19:01 - [MESSAGE][PASSED] - Navigate to 'https://assist2-uat.perkeso.gov.my/c/portal/logout' successfully

2018-12-06 21:19:01 - [TEST_STEP][PASSED] - delay: Delayed 1 second(s)

2018-12-06 21:19:02 - [MESSAGE][PASSED] - Delayed 1 second(s)

2018-12-06 21:19:02 - [TEST_STEP][PASSED] - callTestCase: Call Test Case 'Test Cases/Final Aug 2018 - PKS Automation/Common/Reference Number Getter' successfully

2018-12-06 21:19:02 - [TEST_CASE][PASSED] - Test Cases/Final Aug 2018 - PKS Automation/Common/Reference Number Getter: Test Cases/Final Aug 2018 - PKS Automation/Common/Reference Number Getter

2018-12-06 21:19:02 - [TEST_STEP][PASSED] - Statement - Try: null

2018-12-06 21:19:02 - [TEST_STEP][PASSED] - Statement - RefNo = new java.io.File(C://Users//Admin//Desktop//PKS//Automation Reference Point//KatalonReference.txt): null

2018-12-06 21:19:02 - [TEST_STEP][PASSED] - Statement - bufferread = new java.io.BufferedReader(new java.io.FileReader(RefNo)): null

2018-12-06 21:19:02 - [TEST_STEP][PASSED] - Statement - readedVal = bufferread.readLine(): null

2018-12-06 21:19:02 - [TEST_STEP][PASSED] - Statement - out.println(CaseReferenceNo): null

2018-12-06 21:19:02 - [TEST_STEP][PASSED] - Statement - out.println(readedVal): null

2018-12-06 21:19:02 - [TEST_STEP][PASSED] - Statement - CaseReferenceNo = "": null

2018-12-06 21:19:02 - [TEST_STEP][PASSED] - Statement - CaseReferenceNo = readedVal: null

2018-12-06 21:19:02 - [MESSAGE][PASSED] - Call Test Case 'Test Cases/Final Aug 2018 - PKS Automation/Common/Reference Number Getter' successfully

2018-12-06 21:19:02 - [TEST_STEP][PASSED] - callTestCase: Call Test Case 'Test Cases/Final Aug 2018 - PKS Automation/Common/Workflow Owner Finder' successfully

2018-12-06 21:19:02 - [TEST_CASE][PASSED] - Test Cases/Final Aug 2018 - PKS Automation/Common/Workflow Owner Finder: Test Cases/Final Aug 2018 - PKS Automation/Common/Workflow Owner Finder

2018-12-06 21:19:02 - [TEST_STEP][PASSED] - openBrowser: Browser is opened with url: ''

2018-12-06 21:19:02 - [MESSAGE][WARNING] - A browser is already opened. Closing browser and opening a new one

2018-12-06 21:19:06 - [MESSAGE][PASSED] - Browser is opened with url: ''

2018-12-06 21:19:06 - [TEST_STEP][PASSED] - navigateToUrl: Navigate to 'https://assist2-uat.perkeso.gov.my/login' successfully

2018-12-06 21:19:07 - [MESSAGE][PASSED] - Navigate to 'https://assist2-uat.perkeso.gov.my/login' successfully

2018-12-06 21:19:07 - [TEST_STEP][PASSED] - delay: Delayed 5 second(s)

2018-12-06 21:19:12 - [MESSAGE][PASSED] - Delayed 5 second(s)

2018-12-06 21:19:12 - [TEST_STEP][PASSED] - setText: Text 'test@liferay.com' is set on object 'Object Repository/Final Object Repo/Login Page/Internal User/Email Address'

2018-12-06 21:19:13 - [MESSAGE][PASSED] - Text 'test@liferay.com' is set on object 'Object Repository/Final Object Repo/Login Page/Internal User/Email Address'

2018-12-06 21:19:13 - [TEST_STEP][PASSED] - click: Object: 'Object Repository/Final Object Repo/Login Page/Internal User/Next Button' is clicked on

2018-12-06 21:19:13 - [MESSAGE][PASSED] - Object: 'Object Repository/Final Object Repo/Login Page/Internal User/Next Button' is clicked on

2018-12-06 21:19:13 - [TEST_STEP][PASSED] - delay: Delayed 2 second(s)

2018-12-06 21:19:15 - [MESSAGE][PASSED] - Delayed 2 second(s)

2018-12-06 21:19:15 - [TEST_STEP][PASSED] - setText: Text 'test' is set on object 'Object Repository/Final Object Repo/Login Page/Internal User/Password'

2018-12-06 21:19:15 - [MESSAGE][PASSED] - Text 'test' is set on object 'Object Repository/Final Object Repo/Login Page/Internal User/Password'

2018-12-06 21:19:15 - [TEST_STEP][PASSED] - delay: Delayed 2 second(s)

2018-12-06 21:19:17 - [MESSAGE][PASSED] - Delayed 2 second(s)

2018-12-06 21:19:17 - [TEST_STEP][PASSED] - click: Object: 'Object Repository/Final Object Repo/Login Page/Internal User/Login Button' is clicked on

2018-12-06 21:19:17 - [MESSAGE][PASSED] - Object: 'Object Repository/Final Object Repo/Login Page/Internal User/Login Button' is clicked on

2018-12-06 21:19:17 - [TEST_STEP][PASSED] - Statement - tester = com.kms.katalon.core.testobject.ObjectRepository.findTestObject(Final Object Repo/Landing Page/Select to English): Finding Test Object with id 'Object Repository/Final Object Repo/Landing Page/Select to English'

2018-12-06 21:19:17 - [TEST_STEP][PASSED] - Statement - Try: Delayed 2 second(s)

2018-12-06 21:19:17 - [TEST_STEP][PASSED] - Statement - Checker = com.kms.katalon.core.webui.keyword.WebUiBuiltInKeywords.verifyElementNotPresent(tester, 3): Web element with id: 'Object Repository/Final Object Repo/Landing Page/Select to English' located by 'By.xpath: //a[@class = 'taglib-language-list-text' and @lang = 'en-US' and (contains(text(), 'EN') or contains(., 'EN'))]' is not present after '3' second(s)

2018-12-06 21:19:19 - [MESSAGE][PASSED] - Web element with id: 'Object Repository/Final Object Repo/Landing Page/Select to English' located by 'By.xpath: //a[@class = 'taglib-language-list-text' and @lang = 'en-US' and (contains(text(), 'EN') or contains(., 'EN'))]' is not present after '3' second(s)

2018-12-06 21:19:19 - [TEST_STEP][PASSED] - Statement - If (Checker == false): null

2018-12-06 21:19:19 - [TEST_STEP][PASSED] - delay: Delayed 2 second(s)

2018-12-06 21:19:21 - [MESSAGE][PASSED] - Delayed 2 second(s)

2018-12-06 21:19:21 - [TEST_STEP][PASSED] - delay: Delayed 5 second(s)

2018-12-06 21:19:26 - [MESSAGE][PASSED] - Delayed 5 second(s)

2018-12-06 21:19:26 - [TEST_STEP][PASSED] - mouseOver: Object: 'Object Repository/Final Object Repo/Landing Page/WorkFlow Menu' is hovered

2018-12-06 21:19:26 - [MESSAGE][PASSED] - Object: 'Object Repository/Final Object Repo/Landing Page/WorkFlow Menu' is hovered

2018-12-06 21:19:26 - [TEST_STEP][PASSED] - delay: Delayed 2 second(s)

2018-12-06 21:19:28 - [MESSAGE][PASSED] - Delayed 2 second(s)

2018-12-06 21:19:28 - [TEST_STEP][PASSED] - click: Object: 'Object Repository/Final Object Repo/Landing Page/Select to Workflow Listing' is clicked on

2018-12-06 21:19:29 - [MESSAGE][PASSED] - Object: 'Object Repository/Final Object Repo/Landing Page/Select to Workflow Listing' is clicked on

2018-12-06 21:19:29 - [TEST_STEP][PASSED] - delay: Delayed 2 second(s)

2018-12-06 21:19:31 - [MESSAGE][PASSED] - Delayed 2 second(s)

2018-12-06 21:19:31 - [TEST_STEP][PASSED] - click: Object: 'Object Repository/Final Object Repo/WorkFlow Listing Page/Search Information - To Put Ref No' is clicked on

2018-12-06 21:19:31 - [MESSAGE][PASSED] - Object: 'Object Repository/Final Object Repo/WorkFlow Listing Page/Search Information - To Put Ref No' is clicked on

2018-12-06 21:19:31 - [TEST_STEP][PASSED] - delay: Delayed 2 second(s)

2018-12-06 21:19:33 - [MESSAGE][PASSED] - Delayed 2 second(s)

2018-12-06 21:19:33 - [TEST_STEP][PASSED] - callTestCase: Call Test Case 'Test Cases/Final Aug 2018 - PKS Automation/Common/Reference Number Getter' successfully

2018-12-06 21:19:34 - [TEST_CASE][PASSED] - Test Cases/Final Aug 2018 - PKS Automation/Common/Reference Number Getter: Test Cases/Final Aug 2018 - PKS Automation/Common/Reference Number Getter

2018-12-06 21:19:34 - [TEST_STEP][PASSED] - Statement - Try: null

2018-12-06 21:19:34 - [TEST_STEP][PASSED] - Statement - RefNo = new java.io.File(C://Users//Admin//Desktop//PKS//Automation Reference Point//KatalonReference.txt): null

2018-12-06 21:19:34 - [TEST_STEP][PASSED] - Statement - bufferread = new java.io.BufferedReader(new java.io.FileReader(RefNo)): null

2018-12-06 21:19:34 - [TEST_STEP][PASSED] - Statement - readedVal = bufferread.readLine(): null

2018-12-06 21:19:34 - [TEST_STEP][PASSED] - Statement - out.println(CaseReferenceNo): null

2018-12-06 21:19:34 - [TEST_STEP][PASSED] - Statement - out.println(readedVal): null

2018-12-06 21:19:34 - [TEST_STEP][PASSED] - Statement - CaseReferenceNo = "": null

2018-12-06 21:19:34 - [TEST_STEP][PASSED] - Statement - CaseReferenceNo = readedVal: null

2018-12-06 21:19:34 - [MESSAGE][PASSED] - Call Test Case 'Test Cases/Final Aug 2018 - PKS Automation/Common/Reference Number Getter' successfully

2018-12-06 21:19:34 - [TEST_STEP][PASSED] - setText: Text 'ERN122018C200002381' is set on object 'Object Repository/Final Object Repo/WorkFlow Listing Page/Ref No Set Text'

2018-12-06 21:19:34 - [MESSAGE][PASSED] - Text 'ERN122018C200002381' is set on object 'Object Repository/Final Object Repo/WorkFlow Listing Page/Ref No Set Text'

2018-12-06 21:19:34 - [TEST_STEP][PASSED] - delay: Delayed 2 second(s)

2018-12-06 21:19:36 - [MESSAGE][PASSED] - Delayed 2 second(s)

2018-12-06 21:19:36 - [TEST_STEP][PASSED] - click: Object: 'Object Repository/Final Object Repo/WorkFlow Listing Page/Search Ref No Search Button' is clicked on

2018-12-06 21:19:36 - [MESSAGE][PASSED] - Object: 'Object Repository/Final Object Repo/WorkFlow Listing Page/Search Ref No Search Button' is clicked on

2018-12-06 21:19:36 - [TEST_STEP][PASSED] - delay: Delayed 6 second(s)

2018-12-06 21:19:42 - [MESSAGE][PASSED] - Delayed 6 second(s)

2018-12-06 21:19:42 - [TEST_STEP][PASSED] - click: Object: 'Object Repository/Final Object Repo/WorkFlow Listing Page/Click Continue Tooltip' is clicked on

2018-12-06 21:19:43 - [MESSAGE][PASSED] - Object: 'Object Repository/Final Object Repo/WorkFlow Listing Page/Click Continue Tooltip' is clicked on

2018-12-06 21:19:43 - [TEST_STEP][PASSED] - delay: Delayed 5 second(s)

2018-12-06 21:19:48 - [MESSAGE][PASSED] - Delayed 5 second(s)

2018-12-06 21:19:48 - [TEST_STEP][PASSED] - doubleClick: Object: 'Object Repository/Final Object Repo/WorkFlow Listing Page/Workflow Found - Listing 1' is double clicked on

2018-12-06 21:19:48 - [MESSAGE][PASSED] - Object: 'Object Repository/Final Object Repo/WorkFlow Listing Page/Workflow Found - Listing 1' is double clicked on

2018-12-06 21:19:48 - [TEST_STEP][PASSED] - Statement - println(OwnerID): null

2018-12-06 21:19:48 - [TEST_STEP][PASSED] - Statement - OwnerID = com.kms.katalon.core.webui.keyword.WebUiBuiltInKeywords.getText(com.kms.katalon.core.testobject.ObjectRepository.findTestObject(Final Object Repo/WorkFlow Listing Page/Workflow Found - Listing 1), STOP_ON_FAILURE): Text of object 'Object Repository/Final Object Repo/WorkFlow Listing Page/Workflow Found - Listing 1' is: 'JOHORuo1'

2018-12-06 21:19:48 - [MESSAGE][PASSED] - Text of object 'Object Repository/Final Object Repo/WorkFlow Listing Page/Workflow Found - Listing 1' is: 'JOHORuo1'

2018-12-06 21:19:48 - [TEST_STEP][PASSED] - Statement - OwnerID = OwnerID.toLowerCase() + "@gmail.com": null

2018-12-06 21:19:48 - [TEST_STEP][PASSED] - Statement - println(OwnerID): null

2018-12-06 21:19:48 - [TEST_STEP][PASSED] - delay: Delayed 2 second(s)

2018-12-06 21:19:50 - [MESSAGE][PASSED] - Delayed 2 second(s)

2018-12-06 21:19:50 - [MESSAGE][PASSED] - Call Test Case 'Test Cases/Final Aug 2018 - PKS Automation/Common/Workflow Owner Finder' successfully

2018-12-06 21:19:50 - [TEST_STEP][PASSED] - delay: Delayed 1 second(s)

2018-12-06 21:19:51 - [MESSAGE][PASSED] - Delayed 1 second(s)

2018-12-06 21:19:51 - [TEST_STEP][PASSED] - navigateToUrl: Navigate to 'https://assist2-uat.perkeso.gov.my/c/portal/logout' successfully

2018-12-06 21:19:52 - [MESSAGE][PASSED] - Navigate to 'https://assist2-uat.perkeso.gov.my/c/portal/logout' successfully

2018-12-06 21:19:52 - [TEST_STEP][PASSED] - delay: Delayed 1 second(s)

2018-12-06 21:19:53 - [MESSAGE][PASSED] - Delayed 1 second(s)

2018-12-06 21:19:53 - [TEST_STEP][PASSED] - callTestCase: Call Test Case 'Test Cases/Final Aug 2018 - PKS Automation/Registration Module/Workflow/Login and Search Case For Workflow' successfully

2018-12-06 21:19:53 - [TEST_CASE][PASSED] - Test Cases/Final Aug 2018 - PKS Automation/Registration Module/Workflow/Login and Search Case For Workflow: Test Cases/Final Aug 2018 - PKS Automation/Registration Module/Workflow/Login and Search Case For Workflow

2018-12-06 21:19:53 - [TEST_STEP][PASSED] - navigateToUrl: Navigate to 'https://assist2-uat.perkeso.gov.my/login' successfully

2018-12-06 21:19:54 - [MESSAGE][PASSED] - Navigate to 'https://assist2-uat.perkeso.gov.my/login' successfully

2018-12-06 21:19:54 - [TEST_STEP][PASSED] - setText: Text 'johoruo1@gmail.com' is set on object 'Object Repository/Final Object Repo/Login Page/Internal User/Email Address'

2018-12-06 21:19:54 - [MESSAGE][PASSED] - Text 'johoruo1@gmail.com' is set on object 'Object Repository/Final Object Repo/Login Page/Internal User/Email Address'

2018-12-06 21:19:54 - [TEST_STEP][PASSED] - click: Object: 'Object Repository/Final Object Repo/Login Page/Internal User/Next Button' is clicked on

2018-12-06 21:19:54 - [MESSAGE][PASSED] - Object: 'Object Repository/Final Object Repo/Login Page/Internal User/Next Button' is clicked on

2018-12-06 21:19:54 - [TEST_STEP][PASSED] - delay: Delayed 1 second(s)

2018-12-06 21:19:55 - [MESSAGE][PASSED] - Delayed 1 second(s)

2018-12-06 21:19:55 - [TEST_STEP][PASSED] - setEncryptedText: Text ****** has been set on object 'Object Repository/Final Object Repo/Login Page/Internal User/Password'

2018-12-06 21:19:55 - [MESSAGE][PASSED] - Text ****** has been set on object 'Object Repository/Final Object Repo/Login Page/Internal User/Password'

2018-12-06 21:19:55 - [TEST_STEP][PASSED] - click: Object: 'Object Repository/Final Object Repo/Login Page/Internal User/Login Button' is clicked on

2018-12-06 21:19:56 - [MESSAGE][PASSED] - Object: 'Object Repository/Final Object Repo/Login Page/Internal User/Login Button' is clicked on

2018-12-06 21:19:56 - [TEST_STEP][PASSED] - delay: Delayed 2 second(s)

2018-12-06 21:19:58 - [MESSAGE][PASSED] - Delayed 2 second(s)

2018-12-06 21:19:58 - [TEST_STEP][PASSED] - Statement - Try: Delayed 2 second(s)

2018-12-06 21:19:58 - [TEST_STEP][PASSED] - Statement - Checker = false: null

2018-12-06 21:19:58 - [TEST_STEP][PASSED] - Statement - Checker = com.kms.katalon.core.webui.keyword.WebUiBuiltInKeywords.verifyElementHasAttribute(com.kms.katalon.core.testobject.ObjectRepository.findTestObject(Final Object Repo/Landing Page/BM Detecting), "href", 20, OPTIONAL): Object 'Object Repository/Final Object Repo/Landing Page/BM Detecting' has attribute 'href'

2018-12-06 21:19:58 - [MESSAGE][PASSED] - Object 'Object Repository/Final Object Repo/Landing Page/BM Detecting' has attribute 'href'

2018-12-06 21:19:58 - [TEST_STEP][PASSED] - Statement - out.println(Checker): null

2018-12-06 21:19:58 - [TEST_STEP][PASSED] - Statement - If (Checker == false): null

2018-12-06 21:19:58 - [TEST_STEP][PASSED] - Statement - Else: null

2018-12-06 21:19:58 - [TEST_STEP][PASSED] - delay: Delayed 2 second(s)

2018-12-06 21:20:00 - [MESSAGE][PASSED] - Delayed 2 second(s)

2018-12-06 21:20:00 - [TEST_STEP][PASSED] - click: Object: 'Object Repository/Final Object Repo/Page_MyASSIST - ASSIST - Search Pending Case For Add Supporting Document/Search Information' is clicked on

2018-12-06 21:20:00 - [MESSAGE][PASSED] - Object: 'Object Repository/Final Object Repo/Page_MyASSIST - ASSIST - Search Pending Case For Add Supporting Document/Search Information' is clicked on

2018-12-06 21:20:00 - [TEST_STEP][PASSED] - delay: Delayed 3 second(s)

2018-12-06 21:20:03 - [MESSAGE][PASSED] - Delayed 3 second(s)

2018-12-06 21:20:03 - [TEST_STEP][PASSED] - sendKeys: Keys 'ERN122018C200002381' sent to object: 'Object Repository/Final Object Repo/Page_MyASSIST - ASSIST - Search Pending Case For Add Supporting Document/Reference No'

2018-12-06 21:20:03 - [MESSAGE][PASSED] - Keys 'ERN122018C200002381' sent to object: 'Object Repository/Final Object Repo/Page_MyASSIST - ASSIST - Search Pending Case For Add Supporting Document/Reference No'

2018-12-06 21:20:03 - [TEST_STEP][PASSED] - click: Object: 'Object Repository/Final Object Repo/Page_MyASSIST - ASSIST - Search Pending Case For Add Supporting Document/Search Reference No' is clicked on

2018-12-06 21:20:03 - [MESSAGE][PASSED] - Object: 'Object Repository/Final Object Repo/Page_MyASSIST - ASSIST - Search Pending Case For Add Supporting Document/Search Reference No' is clicked on

2018-12-06 21:20:03 - [TEST_STEP][PASSED] - delay: Delayed 2 second(s)

2018-12-06 21:20:05 - [MESSAGE][PASSED] - Delayed 2 second(s)

2018-12-06 21:20:05 - [TEST_STEP][PASSED] - click: Object: 'Object Repository/Final Object Repo/Page_MyASSIST - ASSIST - Search Pending Case For Add Supporting Document/Continue' is clicked on

2018-12-06 21:20:09 - [MESSAGE][PASSED] - Object: 'Object Repository/Final Object Repo/Page_MyASSIST - ASSIST - Search Pending Case For Add Supporting Document/Continue' is clicked on

2018-12-06 21:20:09 - [TEST_STEP][PASSED] - delay: Delayed 20 second(s)

2018-12-06 21:20:29 - [MESSAGE][PASSED] - Delayed 20 second(s)

2018-12-06 21:20:29 - [MESSAGE][PASSED] - Call Test Case 'Test Cases/Final Aug 2018 - PKS Automation/Registration Module/Workflow/Login and Search Case For Workflow' successfully

2018-12-06 21:20:29 - [TEST_STEP][PASSED] - click: Object: 'Object Repository/Final Object Repo/Page_Form 3 EIS - Cessation as Employer/Page_Form 3 EIS - Cessation as Employer (Approve)/Save  Continue in Form 3 Page' is clicked on

2018-12-06 21:20:29 - [MESSAGE][PASSED] - Object: 'Object Repository/Final Object Repo/Page_Form 3 EIS - Cessation as Employer/Page_Form 3 EIS - Cessation as Employer (Approve)/Save  Continue in Form 3 Page' is clicked on

2018-12-06 21:20:29 - [TEST_STEP][PASSED] - delay: Delayed 2 second(s)

2018-12-06 21:20:31 - [MESSAGE][PASSED] - Delayed 2 second(s)

2018-12-06 21:20:31 - [TEST_STEP][PASSED] - click: Object: 'Object Repository/Final Object Repo/Page_Form 3 EIS - Cessation as Employer/Page_Form 3 EIS - Cessation as Employer (Approve)/Save  Continue in Resigned Page' is clicked on

2018-12-06 21:20:31 - [MESSAGE][PASSED] - Object: 'Object Repository/Final Object Repo/Page_Form 3 EIS - Cessation as Employer/Page_Form 3 EIS - Cessation as Employer (Approve)/Save  Continue in Resigned Page' is clicked on

2018-12-06 21:20:31 - [TEST_STEP][PASSED] - delay: Delayed 2 second(s)

2018-12-06 21:20:33 - [MESSAGE][PASSED] - Delayed 2 second(s)

2018-12-06 21:20:33 - [TEST_STEP][PASSED] - click: Object: 'Object Repository/Final Object Repo/Page_Form 3 EIS - Cessation as Employer/Page_Form 3 EIS - Cessation as Employer (Approve)/Save  Continue in Uploading Page' is clicked on

2018-12-06 21:20:34 - [MESSAGE][PASSED] - Object: 'Object Repository/Final Object Repo/Page_Form 3 EIS - Cessation as Employer/Page_Form 3 EIS - Cessation as Employer (Approve)/Save  Continue in Uploading Page' is clicked on

2018-12-06 21:20:34 - [TEST_STEP][PASSED] - delay: Delayed 2 second(s)

2018-12-06 21:20:36 - [MESSAGE][PASSED] - Delayed 2 second(s)

2018-12-06 21:20:36 - [TEST_STEP][PASSED] - click: Object: 'Object Repository/Final Object Repo/Page_Form 3 EIS - Cessation as Employer/Page_Form 3 EIS - Cessation as Employer (Reject)/Reject' is clicked on

2018-12-06 21:20:39 - [MESSAGE][PASSED] - Object: 'Object Repository/Final Object Repo/Page_Form 3 EIS - Cessation as Employer/Page_Form 3 EIS - Cessation as Employer (Reject)/Reject' is clicked on

2018-12-06 21:20:39 - [TEST_STEP][PASSED] - delay: Delayed 2 second(s)

2018-12-06 21:20:41 - [MESSAGE][PASSED] - Delayed 2 second(s)

2018-12-06 21:20:41 - [TEST_STEP][PASSED] - click: Object: 'Object Repository/Final Object Repo/Page_Form 3 EIS - Cessation as Employer/Page_Form 3 EIS - Cessation as Employer (Reject)/Confirm' is clicked on

2018-12-06 21:20:41 - [MESSAGE][PASSED] - Object: 'Object Repository/Final Object Repo/Page_Form 3 EIS - Cessation as Employer/Page_Form 3 EIS - Cessation as Employer (Reject)/Confirm' is clicked on

2018-12-06 21:20:41 - [TEST_STEP][PASSED] - delay: Delayed 2 second(s)

2018-12-06 21:20:43 - [MESSAGE][PASSED] - Delayed 2 second(s)

2018-12-06 21:20:43 - [TEST_STEP][PASSED] - click: Object: 'Object Repository/Final Object Repo/Page_Form 3 EIS - Cessation as Employer/Page_Form 3 EIS - Cessation as Employer (Reject)/Message This Case has been Rejected' is clicked on

2018-12-06 21:20:47 - [MESSAGE][PASSED] - Object: 'Object Repository/Final Object Repo/Page_Form 3 EIS - Cessation as Employer/Page_Form 3 EIS - Cessation as Employer (Reject)/Message This Case has been Rejected' is clicked on

2018-12-06 21:20:47 - [TEST_STEP][PASSED] - click: Object: 'Object Repository/Final Object Repo/Page_Form 3 EIS - Cessation as Employer/Page_Form 3 EIS - Cessation as Employer (Reject)/Letter of update rejection' is clicked on

2018-12-06 21:20:48 - [MESSAGE][PASSED] - Object: 'Object Repository/Final Object Repo/Page_Form 3 EIS - Cessation as Employer/Page_Form 3 EIS - Cessation as Employer (Reject)/Letter of update rejection' is clicked on

2018-12-06 21:20:48 - [MESSAGE][PASSED] - Call Test Case 'Test Cases/Final Aug 2018 - PKS Automation/Registration Module/Workflow/Form 3 EIS - Cessation As Employer/Template/Form 3 A - Cessation As Employer (Reject)' successfully]]></system-out>
         <system-err><![CDATA[]]></system-err>
      </testcase>
      <testcase name="Test Cases/Final Aug 2018 - PKS Automation/Registration Module/Workflow/Form 3 EIS - Cessation As Employer/OTC to UO (Under enforcement)" classname="Test Cases/Final Aug 2018 - PKS Automation/Registration Module/Workflow/Form 3 EIS - Cessation As Employer/OTC to UO (Under enforcement)" status="PASSED">
         <system-out><![CDATA[2018-12-06 21:20:48 - [TEST_CASE][PASSED] - Test Cases/Final Aug 2018 - PKS Automation/Registration Module/Workflow/Form 3 EIS - Cessation As Employer/OTC to UO (Under enforcement): Test Cases/Final Aug 2018 - PKS Automation/Registration Module/Workflow/Form 3 EIS - Cessation As Employer/OTC to UO (Under enforcement)

2018-12-06 21:20:49 - [TEST_STEP][PASSED] - callTestCase: Call Test Case 'Test Cases/Final Aug 2018 - PKS Automation/Registration Module/Workflow/Form 3 EIS - Cessation As Employer/Template/Form 3 A - Cessation As Employer (OTC)' successfully

2018-12-06 21:20:49 - [TEST_CASE][PASSED] - Test Cases/Final Aug 2018 - PKS Automation/Registration Module/Workflow/Form 3 EIS - Cessation As Employer/Template/Form 3 A - Cessation As Employer (OTC): Test Cases/Final Aug 2018 - PKS Automation/Registration Module/Workflow/Form 3 EIS - Cessation As Employer/Template/Form 3 A - Cessation As Employer (OTC)

2018-12-06 21:20:49 - [TEST_STEP][PASSED] - openBrowser: Browser is opened with url: ''

2018-12-06 21:20:49 - [MESSAGE][WARNING] - A browser is already opened. Closing browser and opening a new one

2018-12-06 21:20:53 - [MESSAGE][PASSED] - Browser is opened with url: ''

2018-12-06 21:20:53 - [TEST_STEP][PASSED] - navigateToUrl: Navigate to 'https://assist2-uat.perkeso.gov.my/login' successfully

2018-12-06 21:20:54 - [MESSAGE][PASSED] - Navigate to 'https://assist2-uat.perkeso.gov.my/login' successfully

2018-12-06 21:20:54 - [TEST_STEP][PASSED] - setText: Text 'johorotc1@gmail.com' is set on object 'Object Repository/Final Object Repo/Login Page/Internal User/Email Address'

2018-12-06 21:20:54 - [MESSAGE][PASSED] - Text 'johorotc1@gmail.com' is set on object 'Object Repository/Final Object Repo/Login Page/Internal User/Email Address'

2018-12-06 21:20:54 - [TEST_STEP][PASSED] - click: Object: 'Object Repository/Final Object Repo/Login Page/Internal User/Next Button' is clicked on

2018-12-06 21:20:54 - [MESSAGE][PASSED] - Object: 'Object Repository/Final Object Repo/Login Page/Internal User/Next Button' is clicked on

2018-12-06 21:20:54 - [TEST_STEP][PASSED] - delay: Delayed 1 second(s)

2018-12-06 21:20:55 - [MESSAGE][PASSED] - Delayed 1 second(s)

2018-12-06 21:20:55 - [TEST_STEP][PASSED] - setEncryptedText: Text ****** has been set on object 'Object Repository/Final Object Repo/Login Page/Internal User/Password'

2018-12-06 21:20:56 - [MESSAGE][PASSED] - Text ****** has been set on object 'Object Repository/Final Object Repo/Login Page/Internal User/Password'

2018-12-06 21:20:56 - [TEST_STEP][PASSED] - click: Object: 'Object Repository/Final Object Repo/Login Page/Internal User/Login Button' is clicked on

2018-12-06 21:20:56 - [MESSAGE][PASSED] - Object: 'Object Repository/Final Object Repo/Login Page/Internal User/Login Button' is clicked on

2018-12-06 21:20:56 - [TEST_STEP][PASSED] - delay: Delayed 1 second(s)

2018-12-06 21:20:57 - [MESSAGE][PASSED] - Delayed 1 second(s)

2018-12-06 21:20:57 - [TEST_STEP][PASSED] - Statement - Try: Delayed 2 second(s)

2018-12-06 21:20:57 - [TEST_STEP][PASSED] - Statement - Checker = false: null

2018-12-06 21:20:57 - [TEST_STEP][PASSED] - Statement - Checker = com.kms.katalon.core.webui.keyword.WebUiBuiltInKeywords.verifyElementHasAttribute(com.kms.katalon.core.testobject.ObjectRepository.findTestObject(Final Object Repo/Landing Page/BM Detecting), "href", 20, OPTIONAL): Object 'Object Repository/Final Object Repo/Landing Page/BM Detecting' has attribute 'href'

2018-12-06 21:20:58 - [MESSAGE][PASSED] - Object 'Object Repository/Final Object Repo/Landing Page/BM Detecting' has attribute 'href'

2018-12-06 21:20:58 - [TEST_STEP][PASSED] - Statement - out.println(Checker): null

2018-12-06 21:20:58 - [TEST_STEP][PASSED] - Statement - If (Checker == false): null

2018-12-06 21:20:58 - [TEST_STEP][PASSED] - Statement - Else: null

2018-12-06 21:20:58 - [TEST_STEP][PASSED] - delay: Delayed 2 second(s)

2018-12-06 21:21:00 - [MESSAGE][PASSED] - Delayed 2 second(s)

2018-12-06 21:21:00 - [TEST_STEP][PASSED] - navigateToUrl: Navigate to 'https://assist2-uat.perkeso.gov.my/web/registration/eis-update/form-3-eis-cessation-as-employer' successfully

2018-12-06 21:21:00 - [MESSAGE][PASSED] - Navigate to 'https://assist2-uat.perkeso.gov.my/web/registration/eis-update/form-3-eis-cessation-as-employer' successfully

2018-12-06 21:21:00 - [TEST_STEP][PASSED] - delay: Delayed 1 second(s)

2018-12-06 21:21:01 - [MESSAGE][PASSED] - Delayed 1 second(s)

2018-12-06 21:21:01 - [TEST_STEP][PASSED] - setText: Text 'E1102069769W' is set on object 'Object Repository/Final Object Repo/Page_Form 3 EIS - Cessation as Employer/Employer Code'

2018-12-06 21:21:02 - [MESSAGE][PASSED] - Text 'E1102069769W' is set on object 'Object Repository/Final Object Repo/Page_Form 3 EIS - Cessation as Employer/Employer Code'

2018-12-06 21:21:02 - [TEST_STEP][PASSED] - click: Object: 'Object Repository/Final Object Repo/Page_Form 3 EIS - Cessation as Employer/Search' is clicked on

2018-12-06 21:21:02 - [MESSAGE][PASSED] - Object: 'Object Repository/Final Object Repo/Page_Form 3 EIS - Cessation as Employer/Search' is clicked on

2018-12-06 21:21:02 - [TEST_STEP][PASSED] - click: Object: 'Object Repository/Final Object Repo/Page_Form 3 EIS - Cessation as Employer/Edit' is clicked on

2018-12-06 21:21:04 - [MESSAGE][PASSED] - Object: 'Object Repository/Final Object Repo/Page_Form 3 EIS - Cessation as Employer/Edit' is clicked on

2018-12-06 21:21:04 - [TEST_STEP][PASSED] - delay: Delayed 1 second(s)

2018-12-06 21:21:05 - [MESSAGE][PASSED] - Delayed 1 second(s)

2018-12-06 21:21:05 - [TEST_STEP][PASSED] - Statement - abc = com.kms.katalon.core.webui.keyword.WebUiBuiltInKeywords.getAttribute(com.kms.katalon.core.testobject.ObjectRepository.findTestObject(Final Object Repo/Page_Form 3 EIS - Cessation as Employer/Employer Status), "value"): Attribute 'value' of object 'Object Repository/Final Object Repo/Page_Form 3 EIS - Cessation as Employer/Employer Status' is: 'Active'

2018-12-06 21:21:05 - [MESSAGE][PASSED] - Attribute 'value' of object 'Object Repository/Final Object Repo/Page_Form 3 EIS - Cessation as Employer/Employer Status' is: 'Active'

2018-12-06 21:21:05 - [TEST_STEP][PASSED] - Statement - out.println(abc): null

2018-12-06 21:21:05 - [TEST_STEP][PASSED] - Statement - If (abc == "Active"): Object: 'Object Repository/Final Object Repo/Page_Form 3 EIS - Cessation as Employer/Dormant EIS' is clicked on

2018-12-06 21:21:05 - [TEST_STEP][PASSED] - click: Object: 'Object Repository/Final Object Repo/Page_Form 3 EIS - Cessation as Employer/Change Employer Status to' is clicked on

2018-12-06 21:21:06 - [MESSAGE][PASSED] - Object: 'Object Repository/Final Object Repo/Page_Form 3 EIS - Cessation as Employer/Change Employer Status to' is clicked on

2018-12-06 21:21:06 - [TEST_STEP][PASSED] - click: Object: 'Object Repository/Final Object Repo/Page_Form 3 EIS - Cessation as Employer/Dormant EIS' is clicked on

2018-12-06 21:21:06 - [MESSAGE][PASSED] - Object: 'Object Repository/Final Object Repo/Page_Form 3 EIS - Cessation as Employer/Dormant EIS' is clicked on

2018-12-06 21:21:06 - [TEST_STEP][PASSED] - click: Object: 'Object Repository/Final Object Repo/Page_Form 3 EIS - Cessation as Employer/Calender' is clicked on

2018-12-06 21:21:06 - [MESSAGE][PASSED] - Object: 'Object Repository/Final Object Repo/Page_Form 3 EIS - Cessation as Employer/Calender' is clicked on

2018-12-06 21:21:06 - [TEST_STEP][PASSED] - delay: Delayed 1 second(s)

2018-12-06 21:21:07 - [MESSAGE][PASSED] - Delayed 1 second(s)

2018-12-06 21:21:07 - [TEST_STEP][PASSED] - click: Object: 'Object Repository/Final Object Repo/Page_Form 3 EIS - Cessation as Employer/Calender - Date' is clicked on

2018-12-06 21:21:07 - [MESSAGE][PASSED] - Object: 'Object Repository/Final Object Repo/Page_Form 3 EIS - Cessation as Employer/Calender - Date' is clicked on

2018-12-06 21:21:07 - [TEST_STEP][PASSED] - click: Object: 'Object Repository/Final Object Repo/Page_Form 3 EIS - Cessation as Employer/Save  Continue in Form 3 EIS Page' is clicked on

2018-12-06 21:21:07 - [MESSAGE][PASSED] - Object: 'Object Repository/Final Object Repo/Page_Form 3 EIS - Cessation as Employer/Save  Continue in Form 3 EIS Page' is clicked on

2018-12-06 21:21:07 - [TEST_STEP][PASSED] - delay: Delayed 1 second(s)

2018-12-06 21:21:08 - [MESSAGE][PASSED] - Delayed 1 second(s)

2018-12-06 21:21:08 - [TEST_STEP][PASSED] - click: Object: 'Object Repository/Final Object Repo/Page_Form 3 EIS - Cessation as Employer/Employment Resign Date' is clicked on

2018-12-06 21:21:09 - [MESSAGE][PASSED] - Object: 'Object Repository/Final Object Repo/Page_Form 3 EIS - Cessation as Employer/Employment Resign Date' is clicked on

2018-12-06 21:21:09 - [TEST_STEP][PASSED] - selectOptionByValue: All options with value '2030' are selected in object 'Object Repository/Final Object Repo/Page_Form 3 EIS - Cessation as Employer/Employment Resign Date - Year' 

2018-12-06 21:21:09 - [MESSAGE][PASSED] - All options with value '2030' are selected in object 'Object Repository/Final Object Repo/Page_Form 3 EIS - Cessation as Employer/Employment Resign Date - Year' 

2018-12-06 21:21:09 - [TEST_STEP][PASSED] - delay: Delayed 2 second(s)

2018-12-06 21:21:11 - [MESSAGE][PASSED] - Delayed 2 second(s)

2018-12-06 21:21:11 - [TEST_STEP][PASSED] - click: Object: 'Object Repository/Final Object Repo/Page_Form 3 EIS - Cessation as Employer/Employment Resign Date - Year - Date' is clicked on

2018-12-06 21:21:11 - [MESSAGE][PASSED] - Object: 'Object Repository/Final Object Repo/Page_Form 3 EIS - Cessation as Employer/Employment Resign Date - Year - Date' is clicked on

2018-12-06 21:21:11 - [TEST_STEP][PASSED] - delay: Delayed 2 second(s)

2018-12-06 21:21:13 - [MESSAGE][PASSED] - Delayed 2 second(s)

2018-12-06 21:21:13 - [TEST_STEP][PASSED] - click: Object: 'Object Repository/Final Object Repo/Page_Form 3 EIS - Cessation as Employer/Save  Continue in Employment Resign Page' is clicked on

2018-12-06 21:21:14 - [MESSAGE][PASSED] - Object: 'Object Repository/Final Object Repo/Page_Form 3 EIS - Cessation as Employer/Save  Continue in Employment Resign Page' is clicked on

2018-12-06 21:21:14 - [TEST_STEP][PASSED] - delay: Delayed 2 second(s)

2018-12-06 21:21:16 - [MESSAGE][PASSED] - Delayed 2 second(s)

2018-12-06 21:21:16 - [TEST_STEP][PASSED] - click: Object: 'Object Repository/Final Object Repo/Page_Form 3 EIS - Cessation as Employer/Set Latest - Yes' is clicked on

2018-12-06 21:21:16 - [MESSAGE][PASSED] - Object: 'Object Repository/Final Object Repo/Page_Form 3 EIS - Cessation as Employer/Set Latest - Yes' is clicked on

2018-12-06 21:21:16 - [TEST_STEP][PASSED] - delay: Delayed 2 second(s)

2018-12-06 21:21:18 - [MESSAGE][PASSED] - Delayed 2 second(s)

2018-12-06 21:21:18 - [TEST_STEP][PASSED] - click: Object: 'Object Repository/Final Object Repo/Page_Form 3 EIS - Cessation as Employer/Add Document' is clicked on

2018-12-06 21:21:19 - [MESSAGE][PASSED] - Object: 'Object Repository/Final Object Repo/Page_Form 3 EIS - Cessation as Employer/Add Document' is clicked on

2018-12-06 21:21:19 - [TEST_STEP][PASSED] - delay: Delayed 3 second(s)

2018-12-06 21:21:22 - [MESSAGE][PASSED] - Delayed 3 second(s)

2018-12-06 21:21:22 - [TEST_STEP][PASSED] - click: Object: 'Object Repository/Final Object Repo/Page_Form 3 EIS - Cessation as Employer/Document Type' is clicked on

2018-12-06 21:21:22 - [MESSAGE][PASSED] - Object: 'Object Repository/Final Object Repo/Page_Form 3 EIS - Cessation as Employer/Document Type' is clicked on

2018-12-06 21:21:22 - [TEST_STEP][PASSED] - click: Object: 'Object Repository/Final Object Repo/Page_Form 3 EIS - Cessation as Employer/Document Type - Form 3' is clicked on

2018-12-06 21:21:22 - [MESSAGE][PASSED] - Object: 'Object Repository/Final Object Repo/Page_Form 3 EIS - Cessation as Employer/Document Type - Form 3' is clicked on

2018-12-06 21:21:22 - [TEST_STEP][PASSED] - delay: Delayed 2 second(s)

2018-12-06 21:21:24 - [MESSAGE][PASSED] - Delayed 2 second(s)

2018-12-06 21:21:24 - [TEST_STEP][PASSED] - sendKeys: Keys 'C:\Users\Public\Pictures\Sample Pictures\Koala.jpg' sent to object: 'Object Repository/Final Object Repo/Page_Form 3 EIS - Cessation as Employer/ploading File'

2018-12-06 21:21:24 - [MESSAGE][PASSED] - Keys 'C:\Users\Public\Pictures\Sample Pictures\Koala.jpg' sent to object: 'Object Repository/Final Object Repo/Page_Form 3 EIS - Cessation as Employer/ploading File'

2018-12-06 21:21:24 - [TEST_STEP][PASSED] - delay: Delayed 1 second(s)

2018-12-06 21:21:25 - [MESSAGE][PASSED] - Delayed 1 second(s)

2018-12-06 21:21:25 - [TEST_STEP][PASSED] - click: Object: 'Object Repository/Final Object Repo/Page_Form 3 EIS - Cessation as Employer/Add Document in Uploading Page' is clicked on

2018-12-06 21:21:25 - [MESSAGE][PASSED] - Object: 'Object Repository/Final Object Repo/Page_Form 3 EIS - Cessation as Employer/Add Document in Uploading Page' is clicked on

2018-12-06 21:21:25 - [TEST_STEP][PASSED] - delay: Delayed 2 second(s)

2018-12-06 21:21:27 - [MESSAGE][PASSED] - Delayed 2 second(s)

2018-12-06 21:21:27 - [TEST_STEP][PASSED] - Statement - CaseReferenceNo = com.kms.katalon.core.webui.keyword.WebUiBuiltInKeywords.getText(com.kms.katalon.core.testobject.ObjectRepository.findTestObject(Final Object Repo/Page_Update Employer Information/Reference Number in Update Employee Information Page)): Text of object 'Object Repository/Final Object Repo/Page_Update Employer Information/Reference Number in Update Employee Information Page' is: 'ERN122018C200002382'

2018-12-06 21:21:29 - [MESSAGE][PASSED] - Text of object 'Object Repository/Final Object Repo/Page_Update Employer Information/Reference Number in Update Employee Information Page' is: 'ERN122018C200002382'

2018-12-06 21:21:29 - [TEST_STEP][PASSED] - callTestCase: Call Test Case 'Test Cases/Final Aug 2018 - PKS Automation/Common/Reference Number Setter' successfully

2018-12-06 21:21:29 - [TEST_CASE][PASSED] - Test Cases/Final Aug 2018 - PKS Automation/Common/Reference Number Setter: Test Cases/Final Aug 2018 - PKS Automation/Common/Reference Number Setter

2018-12-06 21:21:29 - [TEST_STEP][PASSED] - Statement - RefNoOldFile = new java.io.File(C://Users//Admin//Desktop//PKS//Automation Reference Point//KatalonReference.txt): null

2018-12-06 21:21:29 - [TEST_STEP][PASSED] - Statement - RefNoOldFile.delete(): null

2018-12-06 21:21:29 - [TEST_STEP][PASSED] - delay: Delayed 5 second(s)

2018-12-06 21:21:34 - [MESSAGE][PASSED] - Delayed 5 second(s)

2018-12-06 21:21:34 - [TEST_STEP][PASSED] - Statement - RefNo = new java.io.File(C://Users//Admin//Desktop//PKS//Automation Reference Point//KatalonReference.txt): null

2018-12-06 21:21:34 - [TEST_STEP][PASSED] - Statement - f2 = new java.io.FileWriter(RefNo, false): null

2018-12-06 21:21:34 - [TEST_STEP][PASSED] - Statement - f2.write(CaseReferenceNo): null

2018-12-06 21:21:34 - [TEST_STEP][PASSED] - Statement - f2.close(): null

2018-12-06 21:21:34 - [TEST_STEP][PASSED] - Statement - out.println("


" + CaseReferenceNo + "


"): null

2018-12-06 21:21:34 - [MESSAGE][PASSED] - Call Test Case 'Test Cases/Final Aug 2018 - PKS Automation/Common/Reference Number Setter' successfully

2018-12-06 21:21:34 - [TEST_STEP][PASSED] - delay: Delayed 2 second(s)

2018-12-06 21:21:36 - [MESSAGE][PASSED] - Delayed 2 second(s)

2018-12-06 21:21:36 - [TEST_STEP][PASSED] - click: Object: 'Object Repository/Final Object Repo/Page_Form 3 EIS - Cessation as Employer/Save  Continue in Uploading Page' is clicked on

2018-12-06 21:21:37 - [MESSAGE][PASSED] - Object: 'Object Repository/Final Object Repo/Page_Form 3 EIS - Cessation as Employer/Save  Continue in Uploading Page' is clicked on

2018-12-06 21:21:37 - [TEST_STEP][PASSED] - delay: Delayed 2 second(s)

2018-12-06 21:21:39 - [MESSAGE][PASSED] - Delayed 2 second(s)

2018-12-06 21:21:39 - [TEST_STEP][PASSED] - click: Object: 'Object Repository/Final Object Repo/Page_Form 3 EIS - Cessation as Employer/Submit' is clicked on

2018-12-06 21:21:41 - [MESSAGE][PASSED] - Object: 'Object Repository/Final Object Repo/Page_Form 3 EIS - Cessation as Employer/Submit' is clicked on

2018-12-06 21:21:41 - [TEST_STEP][PASSED] - delay: Delayed 2 second(s)

2018-12-06 21:21:43 - [MESSAGE][PASSED] - Delayed 2 second(s)

2018-12-06 21:21:43 - [TEST_STEP][PASSED] - click: Object: 'Object Repository/Final Object Repo/Page_Form 3 EIS - Cessation as Employer/Confirm' is clicked on

2018-12-06 21:21:43 - [MESSAGE][PASSED] - Object: 'Object Repository/Final Object Repo/Page_Form 3 EIS - Cessation as Employer/Confirm' is clicked on

2018-12-06 21:21:43 - [TEST_STEP][PASSED] - delay: Delayed 2 second(s)

2018-12-06 21:21:45 - [MESSAGE][PASSED] - Delayed 2 second(s)

2018-12-06 21:21:45 - [TEST_STEP][PASSED] - click: Object: 'Object Repository/Final Object Repo/Page_Form 3 EIS - Cessation as Employer/Message Your Request will be routed to UO' is clicked on

2018-12-06 21:21:49 - [MESSAGE][PASSED] - Object: 'Object Repository/Final Object Repo/Page_Form 3 EIS - Cessation as Employer/Message Your Request will be routed to UO' is clicked on

2018-12-06 21:21:49 - [TEST_STEP][PASSED] - click: Object: 'Object Repository/Final Object Repo/Page_Form 3 EIS - Cessation as Employer/Letter of acknowledgement' is clicked on

2018-12-06 21:21:49 - [MESSAGE][PASSED] - Object: 'Object Repository/Final Object Repo/Page_Form 3 EIS - Cessation as Employer/Letter of acknowledgement' is clicked on

2018-12-06 21:21:49 - [MESSAGE][PASSED] - Call Test Case 'Test Cases/Final Aug 2018 - PKS Automation/Registration Module/Workflow/Form 3 EIS - Cessation As Employer/Template/Form 3 A - Cessation As Employer (OTC)' successfully

2018-12-06 21:21:49 - [TEST_STEP][PASSED] - callTestCase: Call Test Case 'Test Cases/Final Aug 2018 - PKS Automation/Registration Module/Workflow/Form 3 EIS - Cessation As Employer/Template/Form 3 A - Cessation As Employer (Under enforcement)' successfully

2018-12-06 21:21:49 - [TEST_CASE][PASSED] - Test Cases/Final Aug 2018 - PKS Automation/Registration Module/Workflow/Form 3 EIS - Cessation As Employer/Template/Form 3 A - Cessation As Employer (Under enforcement): Test Cases/Final Aug 2018 - PKS Automation/Registration Module/Workflow/Form 3 EIS - Cessation As Employer/Template/Form 3 A - Cessation As Employer (Under enforcement)

2018-12-06 21:21:49 - [TEST_STEP][NOT_RUN] - callTestCase: NOT_RUN: callTestCase

2018-12-06 21:21:49 - [MESSAGE][NOT_RUN] - NOT_RUN: callTestCase

2018-12-06 21:21:49 - [TEST_STEP][PASSED] - delay: Delayed 1 second(s)

2018-12-06 21:21:50 - [MESSAGE][PASSED] - Delayed 1 second(s)

2018-12-06 21:21:50 - [TEST_STEP][PASSED] - navigateToUrl: Navigate to 'https://assist2-uat.perkeso.gov.my/c/portal/logout' successfully

2018-12-06 21:21:51 - [MESSAGE][PASSED] - Navigate to 'https://assist2-uat.perkeso.gov.my/c/portal/logout' successfully

2018-12-06 21:21:51 - [TEST_STEP][PASSED] - delay: Delayed 1 second(s)

2018-12-06 21:21:52 - [MESSAGE][PASSED] - Delayed 1 second(s)

2018-12-06 21:21:52 - [TEST_STEP][PASSED] - callTestCase: Call Test Case 'Test Cases/Final Aug 2018 - PKS Automation/Common/Reference Number Getter' successfully

2018-12-06 21:21:52 - [TEST_CASE][PASSED] - Test Cases/Final Aug 2018 - PKS Automation/Common/Reference Number Getter: Test Cases/Final Aug 2018 - PKS Automation/Common/Reference Number Getter

2018-12-06 21:21:52 - [TEST_STEP][PASSED] - Statement - Try: null

2018-12-06 21:21:52 - [TEST_STEP][PASSED] - Statement - RefNo = new java.io.File(C://Users//Admin//Desktop//PKS//Automation Reference Point//KatalonReference.txt): null

2018-12-06 21:21:52 - [TEST_STEP][PASSED] - Statement - bufferread = new java.io.BufferedReader(new java.io.FileReader(RefNo)): null

2018-12-06 21:21:52 - [TEST_STEP][PASSED] - Statement - readedVal = bufferread.readLine(): null

2018-12-06 21:21:52 - [TEST_STEP][PASSED] - Statement - out.println(CaseReferenceNo): null

2018-12-06 21:21:52 - [TEST_STEP][PASSED] - Statement - out.println(readedVal): null

2018-12-06 21:21:52 - [TEST_STEP][PASSED] - Statement - CaseReferenceNo = "": null

2018-12-06 21:21:52 - [TEST_STEP][PASSED] - Statement - CaseReferenceNo = readedVal: null

2018-12-06 21:21:52 - [MESSAGE][PASSED] - Call Test Case 'Test Cases/Final Aug 2018 - PKS Automation/Common/Reference Number Getter' successfully

2018-12-06 21:21:52 - [TEST_STEP][PASSED] - callTestCase: Call Test Case 'Test Cases/Final Aug 2018 - PKS Automation/Common/Workflow Owner Finder' successfully

2018-12-06 21:21:52 - [TEST_CASE][PASSED] - Test Cases/Final Aug 2018 - PKS Automation/Common/Workflow Owner Finder: Test Cases/Final Aug 2018 - PKS Automation/Common/Workflow Owner Finder

2018-12-06 21:21:52 - [TEST_STEP][PASSED] - openBrowser: Browser is opened with url: ''

2018-12-06 21:21:52 - [MESSAGE][WARNING] - A browser is already opened. Closing browser and opening a new one

2018-12-06 21:21:56 - [MESSAGE][PASSED] - Browser is opened with url: ''

2018-12-06 21:21:56 - [TEST_STEP][PASSED] - navigateToUrl: Navigate to 'https://assist2-uat.perkeso.gov.my/login' successfully

2018-12-06 21:21:57 - [MESSAGE][PASSED] - Navigate to 'https://assist2-uat.perkeso.gov.my/login' successfully

2018-12-06 21:21:57 - [TEST_STEP][PASSED] - delay: Delayed 5 second(s)

2018-12-06 21:22:02 - [MESSAGE][PASSED] - Delayed 5 second(s)

2018-12-06 21:22:02 - [TEST_STEP][PASSED] - setText: Text 'test@liferay.com' is set on object 'Object Repository/Final Object Repo/Login Page/Internal User/Email Address'

2018-12-06 21:22:02 - [MESSAGE][PASSED] - Text 'test@liferay.com' is set on object 'Object Repository/Final Object Repo/Login Page/Internal User/Email Address'

2018-12-06 21:22:02 - [TEST_STEP][PASSED] - click: Object: 'Object Repository/Final Object Repo/Login Page/Internal User/Next Button' is clicked on

2018-12-06 21:22:03 - [MESSAGE][PASSED] - Object: 'Object Repository/Final Object Repo/Login Page/Internal User/Next Button' is clicked on

2018-12-06 21:22:03 - [TEST_STEP][PASSED] - delay: Delayed 2 second(s)

2018-12-06 21:22:05 - [MESSAGE][PASSED] - Delayed 2 second(s)

2018-12-06 21:22:05 - [TEST_STEP][PASSED] - setText: Text 'test' is set on object 'Object Repository/Final Object Repo/Login Page/Internal User/Password'

2018-12-06 21:22:05 - [MESSAGE][PASSED] - Text 'test' is set on object 'Object Repository/Final Object Repo/Login Page/Internal User/Password'

2018-12-06 21:22:05 - [TEST_STEP][PASSED] - delay: Delayed 2 second(s)

2018-12-06 21:22:07 - [MESSAGE][PASSED] - Delayed 2 second(s)

2018-12-06 21:22:07 - [TEST_STEP][PASSED] - click: Object: 'Object Repository/Final Object Repo/Login Page/Internal User/Login Button' is clicked on

2018-12-06 21:22:07 - [MESSAGE][PASSED] - Object: 'Object Repository/Final Object Repo/Login Page/Internal User/Login Button' is clicked on

2018-12-06 21:22:07 - [TEST_STEP][PASSED] - Statement - tester = com.kms.katalon.core.testobject.ObjectRepository.findTestObject(Final Object Repo/Landing Page/Select to English): Finding Test Object with id 'Object Repository/Final Object Repo/Landing Page/Select to English'

2018-12-06 21:22:07 - [TEST_STEP][PASSED] - Statement - Try: Delayed 2 second(s)

2018-12-06 21:22:07 - [TEST_STEP][PASSED] - Statement - Checker = com.kms.katalon.core.webui.keyword.WebUiBuiltInKeywords.verifyElementNotPresent(tester, 3): Web element with id: 'Object Repository/Final Object Repo/Landing Page/Select to English' located by 'By.xpath: //a[@class = 'taglib-language-list-text' and @lang = 'en-US' and (contains(text(), 'EN') or contains(., 'EN'))]' is not present after '3' second(s)

2018-12-06 21:22:09 - [MESSAGE][PASSED] - Web element with id: 'Object Repository/Final Object Repo/Landing Page/Select to English' located by 'By.xpath: //a[@class = 'taglib-language-list-text' and @lang = 'en-US' and (contains(text(), 'EN') or contains(., 'EN'))]' is not present after '3' second(s)

2018-12-06 21:22:09 - [TEST_STEP][PASSED] - Statement - If (Checker == false): null

2018-12-06 21:22:09 - [TEST_STEP][PASSED] - delay: Delayed 2 second(s)

2018-12-06 21:22:11 - [MESSAGE][PASSED] - Delayed 2 second(s)

2018-12-06 21:22:11 - [TEST_STEP][PASSED] - delay: Delayed 5 second(s)

2018-12-06 21:22:16 - [MESSAGE][PASSED] - Delayed 5 second(s)

2018-12-06 21:22:16 - [TEST_STEP][PASSED] - mouseOver: Object: 'Object Repository/Final Object Repo/Landing Page/WorkFlow Menu' is hovered

2018-12-06 21:22:16 - [MESSAGE][PASSED] - Object: 'Object Repository/Final Object Repo/Landing Page/WorkFlow Menu' is hovered

2018-12-06 21:22:16 - [TEST_STEP][PASSED] - delay: Delayed 2 second(s)

2018-12-06 21:22:18 - [MESSAGE][PASSED] - Delayed 2 second(s)

2018-12-06 21:22:18 - [TEST_STEP][PASSED] - click: Object: 'Object Repository/Final Object Repo/Landing Page/Select to Workflow Listing' is clicked on

2018-12-06 21:22:19 - [MESSAGE][PASSED] - Object: 'Object Repository/Final Object Repo/Landing Page/Select to Workflow Listing' is clicked on

2018-12-06 21:22:19 - [TEST_STEP][PASSED] - delay: Delayed 2 second(s)

2018-12-06 21:22:21 - [MESSAGE][PASSED] - Delayed 2 second(s)

2018-12-06 21:22:21 - [TEST_STEP][PASSED] - click: Object: 'Object Repository/Final Object Repo/WorkFlow Listing Page/Search Information - To Put Ref No' is clicked on

2018-12-06 21:22:21 - [MESSAGE][PASSED] - Object: 'Object Repository/Final Object Repo/WorkFlow Listing Page/Search Information - To Put Ref No' is clicked on

2018-12-06 21:22:21 - [TEST_STEP][PASSED] - delay: Delayed 2 second(s)

2018-12-06 21:22:23 - [MESSAGE][PASSED] - Delayed 2 second(s)

2018-12-06 21:22:23 - [TEST_STEP][PASSED] - callTestCase: Call Test Case 'Test Cases/Final Aug 2018 - PKS Automation/Common/Reference Number Getter' successfully

2018-12-06 21:22:24 - [TEST_CASE][PASSED] - Test Cases/Final Aug 2018 - PKS Automation/Common/Reference Number Getter: Test Cases/Final Aug 2018 - PKS Automation/Common/Reference Number Getter

2018-12-06 21:22:24 - [TEST_STEP][PASSED] - Statement - Try: null

2018-12-06 21:22:24 - [TEST_STEP][PASSED] - Statement - RefNo = new java.io.File(C://Users//Admin//Desktop//PKS//Automation Reference Point//KatalonReference.txt): null

2018-12-06 21:22:24 - [TEST_STEP][PASSED] - Statement - bufferread = new java.io.BufferedReader(new java.io.FileReader(RefNo)): null

2018-12-06 21:22:24 - [TEST_STEP][PASSED] - Statement - readedVal = bufferread.readLine(): null

2018-12-06 21:22:24 - [TEST_STEP][PASSED] - Statement - out.println(CaseReferenceNo): null

2018-12-06 21:22:24 - [TEST_STEP][PASSED] - Statement - out.println(readedVal): null

2018-12-06 21:22:24 - [TEST_STEP][PASSED] - Statement - CaseReferenceNo = "": null

2018-12-06 21:22:24 - [TEST_STEP][PASSED] - Statement - CaseReferenceNo = readedVal: null

2018-12-06 21:22:24 - [MESSAGE][PASSED] - Call Test Case 'Test Cases/Final Aug 2018 - PKS Automation/Common/Reference Number Getter' successfully

2018-12-06 21:22:24 - [TEST_STEP][PASSED] - setText: Text 'ERN122018C200002382' is set on object 'Object Repository/Final Object Repo/WorkFlow Listing Page/Ref No Set Text'

2018-12-06 21:22:24 - [MESSAGE][PASSED] - Text 'ERN122018C200002382' is set on object 'Object Repository/Final Object Repo/WorkFlow Listing Page/Ref No Set Text'

2018-12-06 21:22:24 - [TEST_STEP][PASSED] - delay: Delayed 2 second(s)

2018-12-06 21:22:26 - [MESSAGE][PASSED] - Delayed 2 second(s)

2018-12-06 21:22:26 - [TEST_STEP][PASSED] - click: Object: 'Object Repository/Final Object Repo/WorkFlow Listing Page/Search Ref No Search Button' is clicked on

2018-12-06 21:22:26 - [MESSAGE][PASSED] - Object: 'Object Repository/Final Object Repo/WorkFlow Listing Page/Search Ref No Search Button' is clicked on

2018-12-06 21:22:26 - [TEST_STEP][PASSED] - delay: Delayed 6 second(s)

2018-12-06 21:22:32 - [MESSAGE][PASSED] - Delayed 6 second(s)

2018-12-06 21:22:32 - [TEST_STEP][PASSED] - click: Object: 'Object Repository/Final Object Repo/WorkFlow Listing Page/Click Continue Tooltip' is clicked on

2018-12-06 21:22:33 - [MESSAGE][PASSED] - Object: 'Object Repository/Final Object Repo/WorkFlow Listing Page/Click Continue Tooltip' is clicked on

2018-12-06 21:22:33 - [TEST_STEP][PASSED] - delay: Delayed 5 second(s)

2018-12-06 21:22:38 - [MESSAGE][PASSED] - Delayed 5 second(s)

2018-12-06 21:22:38 - [TEST_STEP][PASSED] - doubleClick: Object: 'Object Repository/Final Object Repo/WorkFlow Listing Page/Workflow Found - Listing 1' is double clicked on

2018-12-06 21:22:38 - [MESSAGE][PASSED] - Object: 'Object Repository/Final Object Repo/WorkFlow Listing Page/Workflow Found - Listing 1' is double clicked on

2018-12-06 21:22:38 - [TEST_STEP][PASSED] - Statement - println(OwnerID): null

2018-12-06 21:22:38 - [TEST_STEP][PASSED] - Statement - OwnerID = com.kms.katalon.core.webui.keyword.WebUiBuiltInKeywords.getText(com.kms.katalon.core.testobject.ObjectRepository.findTestObject(Final Object Repo/WorkFlow Listing Page/Workflow Found - Listing 1), STOP_ON_FAILURE): Text of object 'Object Repository/Final Object Repo/WorkFlow Listing Page/Workflow Found - Listing 1' is: 'JOHORuo2'

2018-12-06 21:22:38 - [MESSAGE][PASSED] - Text of object 'Object Repository/Final Object Repo/WorkFlow Listing Page/Workflow Found - Listing 1' is: 'JOHORuo2'

2018-12-06 21:22:38 - [TEST_STEP][PASSED] - Statement - OwnerID = OwnerID.toLowerCase() + "@gmail.com": null

2018-12-06 21:22:38 - [TEST_STEP][PASSED] - Statement - println(OwnerID): null

2018-12-06 21:22:38 - [TEST_STEP][PASSED] - delay: Delayed 2 second(s)

2018-12-06 21:22:40 - [MESSAGE][PASSED] - Delayed 2 second(s)

2018-12-06 21:22:40 - [MESSAGE][PASSED] - Call Test Case 'Test Cases/Final Aug 2018 - PKS Automation/Common/Workflow Owner Finder' successfully

2018-12-06 21:22:40 - [TEST_STEP][PASSED] - delay: Delayed 1 second(s)

2018-12-06 21:22:41 - [MESSAGE][PASSED] - Delayed 1 second(s)

2018-12-06 21:22:41 - [TEST_STEP][PASSED] - navigateToUrl: Navigate to 'https://assist2-uat.perkeso.gov.my/c/portal/logout' successfully

2018-12-06 21:22:42 - [MESSAGE][PASSED] - Navigate to 'https://assist2-uat.perkeso.gov.my/c/portal/logout' successfully

2018-12-06 21:22:42 - [TEST_STEP][PASSED] - delay: Delayed 1 second(s)

2018-12-06 21:22:43 - [MESSAGE][PASSED] - Delayed 1 second(s)

2018-12-06 21:22:43 - [TEST_STEP][PASSED] - callTestCase: Call Test Case 'Test Cases/Final Aug 2018 - PKS Automation/Registration Module/Workflow/Login and Search Case For Workflow' successfully

2018-12-06 21:22:43 - [TEST_CASE][PASSED] - Test Cases/Final Aug 2018 - PKS Automation/Registration Module/Workflow/Login and Search Case For Workflow: Test Cases/Final Aug 2018 - PKS Automation/Registration Module/Workflow/Login and Search Case For Workflow

2018-12-06 21:22:43 - [TEST_STEP][PASSED] - navigateToUrl: Navigate to 'https://assist2-uat.perkeso.gov.my/login' successfully

2018-12-06 21:22:44 - [MESSAGE][PASSED] - Navigate to 'https://assist2-uat.perkeso.gov.my/login' successfully

2018-12-06 21:22:44 - [TEST_STEP][PASSED] - setText: Text 'johoruo2@gmail.com' is set on object 'Object Repository/Final Object Repo/Login Page/Internal User/Email Address'

2018-12-06 21:22:44 - [MESSAGE][PASSED] - Text 'johoruo2@gmail.com' is set on object 'Object Repository/Final Object Repo/Login Page/Internal User/Email Address'

2018-12-06 21:22:44 - [TEST_STEP][PASSED] - click: Object: 'Object Repository/Final Object Repo/Login Page/Internal User/Next Button' is clicked on

2018-12-06 21:22:44 - [MESSAGE][PASSED] - Object: 'Object Repository/Final Object Repo/Login Page/Internal User/Next Button' is clicked on

2018-12-06 21:22:44 - [TEST_STEP][PASSED] - delay: Delayed 1 second(s)

2018-12-06 21:22:45 - [MESSAGE][PASSED] - Delayed 1 second(s)

2018-12-06 21:22:45 - [TEST_STEP][PASSED] - setEncryptedText: Text ****** has been set on object 'Object Repository/Final Object Repo/Login Page/Internal User/Password'

2018-12-06 21:22:46 - [MESSAGE][PASSED] - Text ****** has been set on object 'Object Repository/Final Object Repo/Login Page/Internal User/Password'

2018-12-06 21:22:46 - [TEST_STEP][PASSED] - click: Object: 'Object Repository/Final Object Repo/Login Page/Internal User/Login Button' is clicked on

2018-12-06 21:22:46 - [MESSAGE][PASSED] - Object: 'Object Repository/Final Object Repo/Login Page/Internal User/Login Button' is clicked on

2018-12-06 21:22:46 - [TEST_STEP][PASSED] - delay: Delayed 2 second(s)

2018-12-06 21:22:48 - [MESSAGE][PASSED] - Delayed 2 second(s)

2018-12-06 21:22:48 - [TEST_STEP][PASSED] - Statement - Try: Delayed 2 second(s)

2018-12-06 21:22:48 - [TEST_STEP][PASSED] - Statement - Checker = false: null

2018-12-06 21:22:48 - [TEST_STEP][PASSED] - Statement - Checker = com.kms.katalon.core.webui.keyword.WebUiBuiltInKeywords.verifyElementHasAttribute(com.kms.katalon.core.testobject.ObjectRepository.findTestObject(Final Object Repo/Landing Page/BM Detecting), "href", 20, OPTIONAL): Object 'Object Repository/Final Object Repo/Landing Page/BM Detecting' has attribute 'href'

2018-12-06 21:22:48 - [MESSAGE][PASSED] - Object 'Object Repository/Final Object Repo/Landing Page/BM Detecting' has attribute 'href'

2018-12-06 21:22:48 - [TEST_STEP][PASSED] - Statement - out.println(Checker): null

2018-12-06 21:22:48 - [TEST_STEP][PASSED] - Statement - If (Checker == false): null

2018-12-06 21:22:48 - [TEST_STEP][PASSED] - Statement - Else: null

2018-12-06 21:22:48 - [TEST_STEP][PASSED] - delay: Delayed 2 second(s)

2018-12-06 21:22:50 - [MESSAGE][PASSED] - Delayed 2 second(s)

2018-12-06 21:22:50 - [TEST_STEP][PASSED] - click: Object: 'Object Repository/Final Object Repo/Page_MyASSIST - ASSIST - Search Pending Case For Add Supporting Document/Search Information' is clicked on

2018-12-06 21:22:50 - [MESSAGE][PASSED] - Object: 'Object Repository/Final Object Repo/Page_MyASSIST - ASSIST - Search Pending Case For Add Supporting Document/Search Information' is clicked on

2018-12-06 21:22:50 - [TEST_STEP][PASSED] - delay: Delayed 3 second(s)

2018-12-06 21:22:53 - [MESSAGE][PASSED] - Delayed 3 second(s)

2018-12-06 21:22:53 - [TEST_STEP][PASSED] - sendKeys: Keys 'ERN122018C200002382' sent to object: 'Object Repository/Final Object Repo/Page_MyASSIST - ASSIST - Search Pending Case For Add Supporting Document/Reference No'

2018-12-06 21:22:53 - [MESSAGE][PASSED] - Keys 'ERN122018C200002382' sent to object: 'Object Repository/Final Object Repo/Page_MyASSIST - ASSIST - Search Pending Case For Add Supporting Document/Reference No'

2018-12-06 21:22:53 - [TEST_STEP][PASSED] - click: Object: 'Object Repository/Final Object Repo/Page_MyASSIST - ASSIST - Search Pending Case For Add Supporting Document/Search Reference No' is clicked on

2018-12-06 21:22:53 - [MESSAGE][PASSED] - Object: 'Object Repository/Final Object Repo/Page_MyASSIST - ASSIST - Search Pending Case For Add Supporting Document/Search Reference No' is clicked on

2018-12-06 21:22:53 - [TEST_STEP][PASSED] - delay: Delayed 2 second(s)

2018-12-06 21:22:55 - [MESSAGE][PASSED] - Delayed 2 second(s)

2018-12-06 21:22:55 - [TEST_STEP][PASSED] - click: Object: 'Object Repository/Final Object Repo/Page_MyASSIST - ASSIST - Search Pending Case For Add Supporting Document/Continue' is clicked on

2018-12-06 21:22:59 - [MESSAGE][PASSED] - Object: 'Object Repository/Final Object Repo/Page_MyASSIST - ASSIST - Search Pending Case For Add Supporting Document/Continue' is clicked on

2018-12-06 21:22:59 - [TEST_STEP][PASSED] - delay: Delayed 20 second(s)

2018-12-06 21:23:19 - [MESSAGE][PASSED] - Delayed 20 second(s)

2018-12-06 21:23:19 - [MESSAGE][PASSED] - Call Test Case 'Test Cases/Final Aug 2018 - PKS Automation/Registration Module/Workflow/Login and Search Case For Workflow' successfully

2018-12-06 21:23:19 - [TEST_STEP][PASSED] - click: Object: 'Object Repository/Final Object Repo/Page_Form 3 EIS - Cessation as Employer/Page_Form 3 EIS - Cessation as Employer (Approve)/Save  Continue in Form 3 Page' is clicked on

2018-12-06 21:23:19 - [MESSAGE][PASSED] - Object: 'Object Repository/Final Object Repo/Page_Form 3 EIS - Cessation as Employer/Page_Form 3 EIS - Cessation as Employer (Approve)/Save  Continue in Form 3 Page' is clicked on

2018-12-06 21:23:19 - [TEST_STEP][PASSED] - delay: Delayed 2 second(s)

2018-12-06 21:23:21 - [MESSAGE][PASSED] - Delayed 2 second(s)

2018-12-06 21:23:21 - [TEST_STEP][PASSED] - click: Object: 'Object Repository/Final Object Repo/Page_Form 3 EIS - Cessation as Employer/Page_Form 3 EIS - Cessation as Employer (Approve)/Save  Continue in Resigned Page' is clicked on

2018-12-06 21:23:21 - [MESSAGE][PASSED] - Object: 'Object Repository/Final Object Repo/Page_Form 3 EIS - Cessation as Employer/Page_Form 3 EIS - Cessation as Employer (Approve)/Save  Continue in Resigned Page' is clicked on

2018-12-06 21:23:21 - [TEST_STEP][PASSED] - delay: Delayed 2 second(s)

2018-12-06 21:23:23 - [MESSAGE][PASSED] - Delayed 2 second(s)

2018-12-06 21:23:23 - [TEST_STEP][PASSED] - click: Object: 'Object Repository/Final Object Repo/Page_Form 3 EIS - Cessation as Employer/Page_Form 3 EIS - Cessation as Employer (Approve)/Save  Continue in Uploading Page' is clicked on

2018-12-06 21:23:24 - [MESSAGE][PASSED] - Object: 'Object Repository/Final Object Repo/Page_Form 3 EIS - Cessation as Employer/Page_Form 3 EIS - Cessation as Employer (Approve)/Save  Continue in Uploading Page' is clicked on

2018-12-06 21:23:24 - [TEST_STEP][PASSED] - delay: Delayed 2 second(s)

2018-12-06 21:23:26 - [MESSAGE][PASSED] - Delayed 2 second(s)

2018-12-06 21:23:26 - [TEST_STEP][PASSED] - click: Object: 'Object Repository/Final Object Repo/Page_Form 3 EIS - Cessation as Employer/Page_Form 3 EIS - Cessation as Employer (Under enforcement)/Underenforcement' is clicked on

2018-12-06 21:23:29 - [MESSAGE][PASSED] - Object: 'Object Repository/Final Object Repo/Page_Form 3 EIS - Cessation as Employer/Page_Form 3 EIS - Cessation as Employer (Under enforcement)/Underenforcement' is clicked on

2018-12-06 21:23:29 - [TEST_STEP][PASSED] - delay: Delayed 2 second(s)

2018-12-06 21:23:31 - [MESSAGE][PASSED] - Delayed 2 second(s)

2018-12-06 21:23:31 - [TEST_STEP][PASSED] - setText: Text 'Remark' is set on object 'Object Repository/Final Object Repo/Page_Form 3 EIS - Cessation as Employer/Page_Form 3 EIS - Cessation as Employer (Under enforcement)/Under enforcement - Remark'

2018-12-06 21:23:31 - [MESSAGE][PASSED] - Text 'Remark' is set on object 'Object Repository/Final Object Repo/Page_Form 3 EIS - Cessation as Employer/Page_Form 3 EIS - Cessation as Employer (Under enforcement)/Under enforcement - Remark'

2018-12-06 21:23:31 - [TEST_STEP][PASSED] - delay: Delayed 2 second(s)

2018-12-06 21:23:33 - [MESSAGE][PASSED] - Delayed 2 second(s)

2018-12-06 21:23:33 - [TEST_STEP][PASSED] - click: Object: 'Object Repository/Final Object Repo/Page_Form 3 EIS - Cessation as Employer/Page_Form 3 EIS - Cessation as Employer (Under enforcement)/Save  Continue in Under enforcement' is clicked on

2018-12-06 21:23:33 - [MESSAGE][PASSED] - Object: 'Object Repository/Final Object Repo/Page_Form 3 EIS - Cessation as Employer/Page_Form 3 EIS - Cessation as Employer (Under enforcement)/Save  Continue in Under enforcement' is clicked on

2018-12-06 21:23:33 - [TEST_STEP][PASSED] - doubleClick: Object: 'Object Repository/Final Object Repo/Page_Form 3 EIS - Cessation as Employer/Page_Form 3 EIS - Cessation as Employer (Under enforcement)/Message The case is under enforcement' is double clicked on

2018-12-06 21:23:37 - [MESSAGE][PASSED] - Object: 'Object Repository/Final Object Repo/Page_Form 3 EIS - Cessation as Employer/Page_Form 3 EIS - Cessation as Employer (Under enforcement)/Message The case is under enforcement' is double clicked on

2018-12-06 21:23:37 - [MESSAGE][PASSED] - Call Test Case 'Test Cases/Final Aug 2018 - PKS Automation/Registration Module/Workflow/Form 3 EIS - Cessation As Employer/Template/Form 3 A - Cessation As Employer (Under enforcement)' successfully]]></system-out>
         <system-err><![CDATA[]]></system-err>
      </testcase>
      <testcase name="Test Cases/Final Aug 2018 - PKS Automation/Registration Module/Workflow/Form 3 EIS - Cessation As Employer/PKRBO to UO (Approve)" classname="Test Cases/Final Aug 2018 - PKS Automation/Registration Module/Workflow/Form 3 EIS - Cessation As Employer/PKRBO to UO (Approve)" status="PASSED">
         <system-out><![CDATA[2018-12-06 21:23:37 - [TEST_CASE][PASSED] - Test Cases/Final Aug 2018 - PKS Automation/Registration Module/Workflow/Form 3 EIS - Cessation As Employer/PKRBO to UO (Approve): Test Cases/Final Aug 2018 - PKS Automation/Registration Module/Workflow/Form 3 EIS - Cessation As Employer/PKRBO to UO (Approve)

2018-12-06 21:23:38 - [TEST_STEP][PASSED] - callTestCase: Call Test Case 'Test Cases/Final Aug 2018 - PKS Automation/Registration Module/Workflow/Form 3 EIS - Cessation As Employer/Template/Form 3 A - Cessation As Employer (PKRBO)' successfully

2018-12-06 21:23:38 - [TEST_CASE][PASSED] - Test Cases/Final Aug 2018 - PKS Automation/Registration Module/Workflow/Form 3 EIS - Cessation As Employer/Template/Form 3 A - Cessation As Employer (PKRBO): Test Cases/Final Aug 2018 - PKS Automation/Registration Module/Workflow/Form 3 EIS - Cessation As Employer/Template/Form 3 A - Cessation As Employer (PKRBO)

2018-12-06 21:23:38 - [TEST_STEP][PASSED] - openBrowser: Browser is opened with url: ''

2018-12-06 21:23:38 - [MESSAGE][WARNING] - A browser is already opened. Closing browser and opening a new one

2018-12-06 21:23:42 - [MESSAGE][PASSED] - Browser is opened with url: ''

2018-12-06 21:23:42 - [TEST_STEP][PASSED] - navigateToUrl: Navigate to 'https://assist2-uat.perkeso.gov.my/login' successfully

2018-12-06 21:23:43 - [MESSAGE][PASSED] - Navigate to 'https://assist2-uat.perkeso.gov.my/login' successfully

2018-12-06 21:23:43 - [TEST_STEP][PASSED] - setText: Text 'johorpkrbo1@gmail.com' is set on object 'Object Repository/Final Object Repo/Login Page/Internal User/Email Address'

2018-12-06 21:23:43 - [MESSAGE][PASSED] - Text 'johorpkrbo1@gmail.com' is set on object 'Object Repository/Final Object Repo/Login Page/Internal User/Email Address'

2018-12-06 21:23:43 - [TEST_STEP][PASSED] - click: Object: 'Object Repository/Final Object Repo/Login Page/Internal User/Next Button' is clicked on

2018-12-06 21:23:43 - [MESSAGE][PASSED] - Object: 'Object Repository/Final Object Repo/Login Page/Internal User/Next Button' is clicked on

2018-12-06 21:23:43 - [TEST_STEP][PASSED] - delay: Delayed 1 second(s)

2018-12-06 21:23:44 - [MESSAGE][PASSED] - Delayed 1 second(s)

2018-12-06 21:23:44 - [TEST_STEP][PASSED] - setEncryptedText: Text ****** has been set on object 'Object Repository/Final Object Repo/Login Page/Internal User/Password'

2018-12-06 21:23:45 - [MESSAGE][PASSED] - Text ****** has been set on object 'Object Repository/Final Object Repo/Login Page/Internal User/Password'

2018-12-06 21:23:45 - [TEST_STEP][PASSED] - click: Object: 'Object Repository/Final Object Repo/Login Page/Internal User/Login Button' is clicked on

2018-12-06 21:23:45 - [MESSAGE][PASSED] - Object: 'Object Repository/Final Object Repo/Login Page/Internal User/Login Button' is clicked on

2018-12-06 21:23:45 - [TEST_STEP][PASSED] - delay: Delayed 1 second(s)

2018-12-06 21:23:46 - [MESSAGE][PASSED] - Delayed 1 second(s)

2018-12-06 21:23:46 - [TEST_STEP][PASSED] - Statement - Try: Delayed 2 second(s)

2018-12-06 21:23:46 - [TEST_STEP][PASSED] - Statement - Checker = false: null

2018-12-06 21:23:46 - [TEST_STEP][PASSED] - Statement - Checker = com.kms.katalon.core.webui.keyword.WebUiBuiltInKeywords.verifyElementHasAttribute(com.kms.katalon.core.testobject.ObjectRepository.findTestObject(Final Object Repo/Landing Page/BM Detecting), "href", 20, OPTIONAL): Object 'Object Repository/Final Object Repo/Landing Page/BM Detecting' has attribute 'href'

2018-12-06 21:23:47 - [MESSAGE][PASSED] - Object 'Object Repository/Final Object Repo/Landing Page/BM Detecting' has attribute 'href'

2018-12-06 21:23:47 - [TEST_STEP][PASSED] - Statement - out.println(Checker): null

2018-12-06 21:23:47 - [TEST_STEP][PASSED] - Statement - If (Checker == false): null

2018-12-06 21:23:47 - [TEST_STEP][PASSED] - Statement - Else: null

2018-12-06 21:23:47 - [TEST_STEP][PASSED] - delay: Delayed 2 second(s)

2018-12-06 21:23:49 - [MESSAGE][PASSED] - Delayed 2 second(s)

2018-12-06 21:23:49 - [TEST_STEP][PASSED] - navigateToUrl: Navigate to 'https://assist2-uat.perkeso.gov.my/web/registration/eis-update/form-3-eis-cessation-as-employer' successfully

2018-12-06 21:23:50 - [MESSAGE][PASSED] - Navigate to 'https://assist2-uat.perkeso.gov.my/web/registration/eis-update/form-3-eis-cessation-as-employer' successfully

2018-12-06 21:23:50 - [TEST_STEP][PASSED] - delay: Delayed 1 second(s)

2018-12-06 21:23:51 - [MESSAGE][PASSED] - Delayed 1 second(s)

2018-12-06 21:23:51 - [TEST_STEP][PASSED] - setText: Text 'E1102069769W' is set on object 'Object Repository/Final Object Repo/Page_Form 3 EIS - Cessation as Employer/Employer Code'

2018-12-06 21:23:51 - [MESSAGE][PASSED] - Text 'E1102069769W' is set on object 'Object Repository/Final Object Repo/Page_Form 3 EIS - Cessation as Employer/Employer Code'

2018-12-06 21:23:51 - [TEST_STEP][PASSED] - click: Object: 'Object Repository/Final Object Repo/Page_Form 3 EIS - Cessation as Employer/Search' is clicked on

2018-12-06 21:23:51 - [MESSAGE][PASSED] - Object: 'Object Repository/Final Object Repo/Page_Form 3 EIS - Cessation as Employer/Search' is clicked on

2018-12-06 21:23:51 - [TEST_STEP][PASSED] - click: Object: 'Object Repository/Final Object Repo/Page_Form 3 EIS - Cessation as Employer/Edit' is clicked on

2018-12-06 21:23:54 - [MESSAGE][PASSED] - Object: 'Object Repository/Final Object Repo/Page_Form 3 EIS - Cessation as Employer/Edit' is clicked on

2018-12-06 21:23:54 - [TEST_STEP][PASSED] - delay: Delayed 1 second(s)

2018-12-06 21:23:55 - [MESSAGE][PASSED] - Delayed 1 second(s)

2018-12-06 21:23:55 - [TEST_STEP][PASSED] - Statement - abc = com.kms.katalon.core.webui.keyword.WebUiBuiltInKeywords.getAttribute(com.kms.katalon.core.testobject.ObjectRepository.findTestObject(Final Object Repo/Page_Form 3 EIS - Cessation as Employer/Employer Status), "value"): Attribute 'value' of object 'Object Repository/Final Object Repo/Page_Form 3 EIS - Cessation as Employer/Employer Status' is: 'Active'

2018-12-06 21:23:55 - [MESSAGE][PASSED] - Attribute 'value' of object 'Object Repository/Final Object Repo/Page_Form 3 EIS - Cessation as Employer/Employer Status' is: 'Active'

2018-12-06 21:23:55 - [TEST_STEP][PASSED] - Statement - out.println(abc): null

2018-12-06 21:23:55 - [TEST_STEP][PASSED] - Statement - If (abc == "Active"): Object: 'Object Repository/Final Object Repo/Page_Form 3 EIS - Cessation as Employer/Dormant EIS' is clicked on

2018-12-06 21:23:55 - [TEST_STEP][PASSED] - click: Object: 'Object Repository/Final Object Repo/Page_Form 3 EIS - Cessation as Employer/Change Employer Status to' is clicked on

2018-12-06 21:23:55 - [MESSAGE][PASSED] - Object: 'Object Repository/Final Object Repo/Page_Form 3 EIS - Cessation as Employer/Change Employer Status to' is clicked on

2018-12-06 21:23:55 - [TEST_STEP][PASSED] - click: Object: 'Object Repository/Final Object Repo/Page_Form 3 EIS - Cessation as Employer/Dormant EIS' is clicked on

2018-12-06 21:23:55 - [MESSAGE][PASSED] - Object: 'Object Repository/Final Object Repo/Page_Form 3 EIS - Cessation as Employer/Dormant EIS' is clicked on

2018-12-06 21:23:55 - [TEST_STEP][PASSED] - click: Object: 'Object Repository/Final Object Repo/Page_Form 3 EIS - Cessation as Employer/Calender' is clicked on

2018-12-06 21:23:55 - [MESSAGE][PASSED] - Object: 'Object Repository/Final Object Repo/Page_Form 3 EIS - Cessation as Employer/Calender' is clicked on

2018-12-06 21:23:55 - [TEST_STEP][PASSED] - delay: Delayed 1 second(s)

2018-12-06 21:23:56 - [MESSAGE][PASSED] - Delayed 1 second(s)

2018-12-06 21:23:56 - [TEST_STEP][PASSED] - click: Object: 'Object Repository/Final Object Repo/Page_Form 3 EIS - Cessation as Employer/Calender - Date' is clicked on

2018-12-06 21:23:56 - [MESSAGE][PASSED] - Object: 'Object Repository/Final Object Repo/Page_Form 3 EIS - Cessation as Employer/Calender - Date' is clicked on

2018-12-06 21:23:56 - [TEST_STEP][PASSED] - click: Object: 'Object Repository/Final Object Repo/Page_Form 3 EIS - Cessation as Employer/Save  Continue in Form 3 EIS Page' is clicked on

2018-12-06 21:23:57 - [MESSAGE][PASSED] - Object: 'Object Repository/Final Object Repo/Page_Form 3 EIS - Cessation as Employer/Save  Continue in Form 3 EIS Page' is clicked on

2018-12-06 21:23:57 - [TEST_STEP][PASSED] - delay: Delayed 1 second(s)

2018-12-06 21:23:58 - [MESSAGE][PASSED] - Delayed 1 second(s)

2018-12-06 21:23:58 - [TEST_STEP][PASSED] - click: Object: 'Object Repository/Final Object Repo/Page_Form 3 EIS - Cessation as Employer/Employment Resign Date' is clicked on

2018-12-06 21:23:58 - [MESSAGE][PASSED] - Object: 'Object Repository/Final Object Repo/Page_Form 3 EIS - Cessation as Employer/Employment Resign Date' is clicked on

2018-12-06 21:23:58 - [TEST_STEP][PASSED] - selectOptionByValue: All options with value '2030' are selected in object 'Object Repository/Final Object Repo/Page_Form 3 EIS - Cessation as Employer/Employment Resign Date - Year' 

2018-12-06 21:23:58 - [MESSAGE][PASSED] - All options with value '2030' are selected in object 'Object Repository/Final Object Repo/Page_Form 3 EIS - Cessation as Employer/Employment Resign Date - Year' 

2018-12-06 21:23:58 - [TEST_STEP][PASSED] - delay: Delayed 2 second(s)

2018-12-06 21:24:00 - [MESSAGE][PASSED] - Delayed 2 second(s)

2018-12-06 21:24:00 - [TEST_STEP][PASSED] - click: Object: 'Object Repository/Final Object Repo/Page_Form 3 EIS - Cessation as Employer/Employment Resign Date - Year - Date' is clicked on

2018-12-06 21:24:00 - [MESSAGE][PASSED] - Object: 'Object Repository/Final Object Repo/Page_Form 3 EIS - Cessation as Employer/Employment Resign Date - Year - Date' is clicked on

2018-12-06 21:24:00 - [TEST_STEP][PASSED] - delay: Delayed 2 second(s)

2018-12-06 21:24:02 - [MESSAGE][PASSED] - Delayed 2 second(s)

2018-12-06 21:24:02 - [TEST_STEP][PASSED] - click: Object: 'Object Repository/Final Object Repo/Page_Form 3 EIS - Cessation as Employer/Save  Continue in Employment Resign Page' is clicked on

2018-12-06 21:24:03 - [MESSAGE][PASSED] - Object: 'Object Repository/Final Object Repo/Page_Form 3 EIS - Cessation as Employer/Save  Continue in Employment Resign Page' is clicked on

2018-12-06 21:24:03 - [TEST_STEP][PASSED] - delay: Delayed 2 second(s)

2018-12-06 21:24:05 - [MESSAGE][PASSED] - Delayed 2 second(s)

2018-12-06 21:24:05 - [TEST_STEP][PASSED] - click: Object: 'Object Repository/Final Object Repo/Page_Form 3 EIS - Cessation as Employer/Set Latest - Yes' is clicked on

2018-12-06 21:24:05 - [MESSAGE][PASSED] - Object: 'Object Repository/Final Object Repo/Page_Form 3 EIS - Cessation as Employer/Set Latest - Yes' is clicked on

2018-12-06 21:24:05 - [TEST_STEP][PASSED] - delay: Delayed 2 second(s)

2018-12-06 21:24:07 - [MESSAGE][PASSED] - Delayed 2 second(s)

2018-12-06 21:24:07 - [TEST_STEP][PASSED] - click: Object: 'Object Repository/Final Object Repo/Page_Form 3 EIS - Cessation as Employer/Add Document' is clicked on

2018-12-06 21:24:08 - [MESSAGE][PASSED] - Object: 'Object Repository/Final Object Repo/Page_Form 3 EIS - Cessation as Employer/Add Document' is clicked on

2018-12-06 21:24:08 - [TEST_STEP][PASSED] - delay: Delayed 3 second(s)

2018-12-06 21:24:11 - [MESSAGE][PASSED] - Delayed 3 second(s)

2018-12-06 21:24:11 - [TEST_STEP][PASSED] - click: Object: 'Object Repository/Final Object Repo/Page_Form 3 EIS - Cessation as Employer/Document Type' is clicked on

2018-12-06 21:24:11 - [MESSAGE][PASSED] - Object: 'Object Repository/Final Object Repo/Page_Form 3 EIS - Cessation as Employer/Document Type' is clicked on

2018-12-06 21:24:11 - [TEST_STEP][PASSED] - click: Object: 'Object Repository/Final Object Repo/Page_Form 3 EIS - Cessation as Employer/Document Type - Form 3' is clicked on

2018-12-06 21:24:11 - [MESSAGE][PASSED] - Object: 'Object Repository/Final Object Repo/Page_Form 3 EIS - Cessation as Employer/Document Type - Form 3' is clicked on

2018-12-06 21:24:11 - [TEST_STEP][PASSED] - delay: Delayed 2 second(s)

2018-12-06 21:24:13 - [MESSAGE][PASSED] - Delayed 2 second(s)

2018-12-06 21:24:13 - [TEST_STEP][PASSED] - sendKeys: Keys 'C:\Users\Public\Pictures\Sample Pictures\Koala.jpg' sent to object: 'Object Repository/Final Object Repo/Page_Form 3 EIS - Cessation as Employer/ploading File'

2018-12-06 21:24:13 - [MESSAGE][PASSED] - Keys 'C:\Users\Public\Pictures\Sample Pictures\Koala.jpg' sent to object: 'Object Repository/Final Object Repo/Page_Form 3 EIS - Cessation as Employer/ploading File'

2018-12-06 21:24:13 - [TEST_STEP][PASSED] - delay: Delayed 1 second(s)

2018-12-06 21:24:14 - [MESSAGE][PASSED] - Delayed 1 second(s)

2018-12-06 21:24:14 - [TEST_STEP][PASSED] - click: Object: 'Object Repository/Final Object Repo/Page_Form 3 EIS - Cessation as Employer/Add Document in Uploading Page' is clicked on

2018-12-06 21:24:14 - [MESSAGE][PASSED] - Object: 'Object Repository/Final Object Repo/Page_Form 3 EIS - Cessation as Employer/Add Document in Uploading Page' is clicked on

2018-12-06 21:24:14 - [TEST_STEP][PASSED] - delay: Delayed 2 second(s)

2018-12-06 21:24:16 - [MESSAGE][PASSED] - Delayed 2 second(s)

2018-12-06 21:24:16 - [TEST_STEP][PASSED] - Statement - CaseReferenceNo = com.kms.katalon.core.webui.keyword.WebUiBuiltInKeywords.getText(com.kms.katalon.core.testobject.ObjectRepository.findTestObject(Final Object Repo/Page_Update Employer Information/Reference Number in Update Employee Information Page)): Text of object 'Object Repository/Final Object Repo/Page_Update Employer Information/Reference Number in Update Employee Information Page' is: 'ERN122018C200002383'

2018-12-06 21:24:18 - [MESSAGE][PASSED] - Text of object 'Object Repository/Final Object Repo/Page_Update Employer Information/Reference Number in Update Employee Information Page' is: 'ERN122018C200002383'

2018-12-06 21:24:18 - [TEST_STEP][PASSED] - callTestCase: Call Test Case 'Test Cases/Final Aug 2018 - PKS Automation/Common/Reference Number Setter' successfully

2018-12-06 21:24:18 - [TEST_CASE][PASSED] - Test Cases/Final Aug 2018 - PKS Automation/Common/Reference Number Setter: Test Cases/Final Aug 2018 - PKS Automation/Common/Reference Number Setter

2018-12-06 21:24:18 - [TEST_STEP][PASSED] - Statement - RefNoOldFile = new java.io.File(C://Users//Admin//Desktop//PKS//Automation Reference Point//KatalonReference.txt): null

2018-12-06 21:24:18 - [TEST_STEP][PASSED] - Statement - RefNoOldFile.delete(): null

2018-12-06 21:24:18 - [TEST_STEP][PASSED] - delay: Delayed 5 second(s)

2018-12-06 21:24:23 - [MESSAGE][PASSED] - Delayed 5 second(s)

2018-12-06 21:24:23 - [TEST_STEP][PASSED] - Statement - RefNo = new java.io.File(C://Users//Admin//Desktop//PKS//Automation Reference Point//KatalonReference.txt): null

2018-12-06 21:24:23 - [TEST_STEP][PASSED] - Statement - f2 = new java.io.FileWriter(RefNo, false): null

2018-12-06 21:24:23 - [TEST_STEP][PASSED] - Statement - f2.write(CaseReferenceNo): null

2018-12-06 21:24:23 - [TEST_STEP][PASSED] - Statement - f2.close(): null

2018-12-06 21:24:23 - [TEST_STEP][PASSED] - Statement - out.println("


" + CaseReferenceNo + "


"): null

2018-12-06 21:24:23 - [MESSAGE][PASSED] - Call Test Case 'Test Cases/Final Aug 2018 - PKS Automation/Common/Reference Number Setter' successfully

2018-12-06 21:24:23 - [TEST_STEP][PASSED] - delay: Delayed 2 second(s)

2018-12-06 21:24:25 - [MESSAGE][PASSED] - Delayed 2 second(s)

2018-12-06 21:24:25 - [TEST_STEP][PASSED] - click: Object: 'Object Repository/Final Object Repo/Page_Form 3 EIS - Cessation as Employer/Save  Continue in Uploading Page' is clicked on

2018-12-06 21:24:26 - [MESSAGE][PASSED] - Object: 'Object Repository/Final Object Repo/Page_Form 3 EIS - Cessation as Employer/Save  Continue in Uploading Page' is clicked on

2018-12-06 21:24:26 - [TEST_STEP][PASSED] - delay: Delayed 2 second(s)

2018-12-06 21:24:28 - [MESSAGE][PASSED] - Delayed 2 second(s)

2018-12-06 21:24:28 - [TEST_STEP][PASSED] - click: Object: 'Object Repository/Final Object Repo/Page_Form 3 EIS - Cessation as Employer/Submit' is clicked on

2018-12-06 21:24:31 - [MESSAGE][PASSED] - Object: 'Object Repository/Final Object Repo/Page_Form 3 EIS - Cessation as Employer/Submit' is clicked on

2018-12-06 21:24:31 - [TEST_STEP][PASSED] - delay: Delayed 2 second(s)

2018-12-06 21:24:33 - [MESSAGE][PASSED] - Delayed 2 second(s)

2018-12-06 21:24:33 - [TEST_STEP][PASSED] - click: Object: 'Object Repository/Final Object Repo/Page_Form 3 EIS - Cessation as Employer/Confirm' is clicked on

2018-12-06 21:24:33 - [MESSAGE][PASSED] - Object: 'Object Repository/Final Object Repo/Page_Form 3 EIS - Cessation as Employer/Confirm' is clicked on

2018-12-06 21:24:33 - [TEST_STEP][PASSED] - delay: Delayed 2 second(s)

2018-12-06 21:24:35 - [MESSAGE][PASSED] - Delayed 2 second(s)

2018-12-06 21:24:35 - [TEST_STEP][PASSED] - click: Object: 'Object Repository/Final Object Repo/Page_Form 3 EIS - Cessation as Employer/Message Your Request will be routed to UO' is clicked on

2018-12-06 21:24:38 - [MESSAGE][PASSED] - Object: 'Object Repository/Final Object Repo/Page_Form 3 EIS - Cessation as Employer/Message Your Request will be routed to UO' is clicked on

2018-12-06 21:24:38 - [TEST_STEP][PASSED] - click: Object: 'Object Repository/Final Object Repo/Page_Form 3 EIS - Cessation as Employer/Letter of acknowledgement' is clicked on

2018-12-06 21:24:39 - [MESSAGE][PASSED] - Object: 'Object Repository/Final Object Repo/Page_Form 3 EIS - Cessation as Employer/Letter of acknowledgement' is clicked on

2018-12-06 21:24:39 - [MESSAGE][PASSED] - Call Test Case 'Test Cases/Final Aug 2018 - PKS Automation/Registration Module/Workflow/Form 3 EIS - Cessation As Employer/Template/Form 3 A - Cessation As Employer (PKRBO)' successfully

2018-12-06 21:24:39 - [TEST_STEP][PASSED] - callTestCase: Call Test Case 'Test Cases/Final Aug 2018 - PKS Automation/Registration Module/Workflow/Form 3 EIS - Cessation As Employer/Template/Form 3 A - Cessation As Employer (Approve)' successfully

2018-12-06 21:24:39 - [TEST_CASE][PASSED] - Test Cases/Final Aug 2018 - PKS Automation/Registration Module/Workflow/Form 3 EIS - Cessation As Employer/Template/Form 3 A - Cessation As Employer (Approve): Test Cases/Final Aug 2018 - PKS Automation/Registration Module/Workflow/Form 3 EIS - Cessation As Employer/Template/Form 3 A - Cessation As Employer (Approve)

2018-12-06 21:24:39 - [TEST_STEP][NOT_RUN] - callTestCase: NOT_RUN: callTestCase

2018-12-06 21:24:39 - [MESSAGE][NOT_RUN] - NOT_RUN: callTestCase

2018-12-06 21:24:39 - [TEST_STEP][PASSED] - delay: Delayed 1 second(s)

2018-12-06 21:24:40 - [MESSAGE][PASSED] - Delayed 1 second(s)

2018-12-06 21:24:40 - [TEST_STEP][PASSED] - navigateToUrl: Navigate to 'https://assist2-uat.perkeso.gov.my/c/portal/logout' successfully

2018-12-06 21:24:41 - [MESSAGE][PASSED] - Navigate to 'https://assist2-uat.perkeso.gov.my/c/portal/logout' successfully

2018-12-06 21:24:41 - [TEST_STEP][PASSED] - delay: Delayed 1 second(s)

2018-12-06 21:24:42 - [MESSAGE][PASSED] - Delayed 1 second(s)

2018-12-06 21:24:42 - [TEST_STEP][PASSED] - callTestCase: Call Test Case 'Test Cases/Final Aug 2018 - PKS Automation/Common/Reference Number Getter' successfully

2018-12-06 21:24:42 - [TEST_CASE][PASSED] - Test Cases/Final Aug 2018 - PKS Automation/Common/Reference Number Getter: Test Cases/Final Aug 2018 - PKS Automation/Common/Reference Number Getter

2018-12-06 21:24:42 - [TEST_STEP][PASSED] - Statement - Try: null

2018-12-06 21:24:42 - [TEST_STEP][PASSED] - Statement - RefNo = new java.io.File(C://Users//Admin//Desktop//PKS//Automation Reference Point//KatalonReference.txt): null

2018-12-06 21:24:42 - [TEST_STEP][PASSED] - Statement - bufferread = new java.io.BufferedReader(new java.io.FileReader(RefNo)): null

2018-12-06 21:24:42 - [TEST_STEP][PASSED] - Statement - readedVal = bufferread.readLine(): null

2018-12-06 21:24:42 - [TEST_STEP][PASSED] - Statement - out.println(CaseReferenceNo): null

2018-12-06 21:24:42 - [TEST_STEP][PASSED] - Statement - out.println(readedVal): null

2018-12-06 21:24:42 - [TEST_STEP][PASSED] - Statement - CaseReferenceNo = "": null

2018-12-06 21:24:42 - [TEST_STEP][PASSED] - Statement - CaseReferenceNo = readedVal: null

2018-12-06 21:24:42 - [MESSAGE][PASSED] - Call Test Case 'Test Cases/Final Aug 2018 - PKS Automation/Common/Reference Number Getter' successfully

2018-12-06 21:24:42 - [TEST_STEP][PASSED] - callTestCase: Call Test Case 'Test Cases/Final Aug 2018 - PKS Automation/Common/Workflow Owner Finder' successfully

2018-12-06 21:24:42 - [TEST_CASE][PASSED] - Test Cases/Final Aug 2018 - PKS Automation/Common/Workflow Owner Finder: Test Cases/Final Aug 2018 - PKS Automation/Common/Workflow Owner Finder

2018-12-06 21:24:42 - [TEST_STEP][PASSED] - openBrowser: Browser is opened with url: ''

2018-12-06 21:24:42 - [MESSAGE][WARNING] - A browser is already opened. Closing browser and opening a new one

2018-12-06 21:24:46 - [MESSAGE][PASSED] - Browser is opened with url: ''

2018-12-06 21:24:46 - [TEST_STEP][PASSED] - navigateToUrl: Navigate to 'https://assist2-uat.perkeso.gov.my/login' successfully

2018-12-06 21:24:47 - [MESSAGE][PASSED] - Navigate to 'https://assist2-uat.perkeso.gov.my/login' successfully

2018-12-06 21:24:47 - [TEST_STEP][PASSED] - delay: Delayed 5 second(s)

2018-12-06 21:24:52 - [MESSAGE][PASSED] - Delayed 5 second(s)

2018-12-06 21:24:52 - [TEST_STEP][PASSED] - setText: Text 'test@liferay.com' is set on object 'Object Repository/Final Object Repo/Login Page/Internal User/Email Address'

2018-12-06 21:24:52 - [MESSAGE][PASSED] - Text 'test@liferay.com' is set on object 'Object Repository/Final Object Repo/Login Page/Internal User/Email Address'

2018-12-06 21:24:52 - [TEST_STEP][PASSED] - click: Object: 'Object Repository/Final Object Repo/Login Page/Internal User/Next Button' is clicked on

2018-12-06 21:24:52 - [MESSAGE][PASSED] - Object: 'Object Repository/Final Object Repo/Login Page/Internal User/Next Button' is clicked on

2018-12-06 21:24:52 - [TEST_STEP][PASSED] - delay: Delayed 2 second(s)

2018-12-06 21:24:54 - [MESSAGE][PASSED] - Delayed 2 second(s)

2018-12-06 21:24:54 - [TEST_STEP][PASSED] - setText: Text 'test' is set on object 'Object Repository/Final Object Repo/Login Page/Internal User/Password'

2018-12-06 21:24:55 - [MESSAGE][PASSED] - Text 'test' is set on object 'Object Repository/Final Object Repo/Login Page/Internal User/Password'

2018-12-06 21:24:55 - [TEST_STEP][PASSED] - delay: Delayed 2 second(s)

2018-12-06 21:24:57 - [MESSAGE][PASSED] - Delayed 2 second(s)

2018-12-06 21:24:57 - [TEST_STEP][PASSED] - click: Object: 'Object Repository/Final Object Repo/Login Page/Internal User/Login Button' is clicked on

2018-12-06 21:24:57 - [MESSAGE][PASSED] - Object: 'Object Repository/Final Object Repo/Login Page/Internal User/Login Button' is clicked on

2018-12-06 21:24:57 - [TEST_STEP][PASSED] - Statement - tester = com.kms.katalon.core.testobject.ObjectRepository.findTestObject(Final Object Repo/Landing Page/Select to English): Finding Test Object with id 'Object Repository/Final Object Repo/Landing Page/Select to English'

2018-12-06 21:24:57 - [TEST_STEP][PASSED] - Statement - Try: Delayed 2 second(s)

2018-12-06 21:24:57 - [TEST_STEP][PASSED] - Statement - Checker = com.kms.katalon.core.webui.keyword.WebUiBuiltInKeywords.verifyElementNotPresent(tester, 3): Web element with id: 'Object Repository/Final Object Repo/Landing Page/Select to English' located by 'By.xpath: //a[@class = 'taglib-language-list-text' and @lang = 'en-US' and (contains(text(), 'EN') or contains(., 'EN'))]' is not present after '3' second(s)

2018-12-06 21:24:59 - [MESSAGE][PASSED] - Web element with id: 'Object Repository/Final Object Repo/Landing Page/Select to English' located by 'By.xpath: //a[@class = 'taglib-language-list-text' and @lang = 'en-US' and (contains(text(), 'EN') or contains(., 'EN'))]' is not present after '3' second(s)

2018-12-06 21:24:59 - [TEST_STEP][PASSED] - Statement - If (Checker == false): null

2018-12-06 21:24:59 - [TEST_STEP][PASSED] - delay: Delayed 2 second(s)

2018-12-06 21:25:01 - [MESSAGE][PASSED] - Delayed 2 second(s)

2018-12-06 21:25:01 - [TEST_STEP][PASSED] - delay: Delayed 5 second(s)

2018-12-06 21:25:06 - [MESSAGE][PASSED] - Delayed 5 second(s)

2018-12-06 21:25:06 - [TEST_STEP][PASSED] - mouseOver: Object: 'Object Repository/Final Object Repo/Landing Page/WorkFlow Menu' is hovered

2018-12-06 21:25:06 - [MESSAGE][PASSED] - Object: 'Object Repository/Final Object Repo/Landing Page/WorkFlow Menu' is hovered

2018-12-06 21:25:06 - [TEST_STEP][PASSED] - delay: Delayed 2 second(s)

2018-12-06 21:25:08 - [MESSAGE][PASSED] - Delayed 2 second(s)

2018-12-06 21:25:08 - [TEST_STEP][PASSED] - click: Object: 'Object Repository/Final Object Repo/Landing Page/Select to Workflow Listing' is clicked on

2018-12-06 21:25:09 - [MESSAGE][PASSED] - Object: 'Object Repository/Final Object Repo/Landing Page/Select to Workflow Listing' is clicked on

2018-12-06 21:25:09 - [TEST_STEP][PASSED] - delay: Delayed 2 second(s)

2018-12-06 21:25:11 - [MESSAGE][PASSED] - Delayed 2 second(s)

2018-12-06 21:25:11 - [TEST_STEP][PASSED] - click: Object: 'Object Repository/Final Object Repo/WorkFlow Listing Page/Search Information - To Put Ref No' is clicked on

2018-12-06 21:25:11 - [MESSAGE][PASSED] - Object: 'Object Repository/Final Object Repo/WorkFlow Listing Page/Search Information - To Put Ref No' is clicked on

2018-12-06 21:25:11 - [TEST_STEP][PASSED] - delay: Delayed 2 second(s)

2018-12-06 21:25:13 - [MESSAGE][PASSED] - Delayed 2 second(s)

2018-12-06 21:25:13 - [TEST_STEP][PASSED] - callTestCase: Call Test Case 'Test Cases/Final Aug 2018 - PKS Automation/Common/Reference Number Getter' successfully

2018-12-06 21:25:13 - [TEST_CASE][PASSED] - Test Cases/Final Aug 2018 - PKS Automation/Common/Reference Number Getter: Test Cases/Final Aug 2018 - PKS Automation/Common/Reference Number Getter

2018-12-06 21:25:13 - [TEST_STEP][PASSED] - Statement - Try: null

2018-12-06 21:25:13 - [TEST_STEP][PASSED] - Statement - RefNo = new java.io.File(C://Users//Admin//Desktop//PKS//Automation Reference Point//KatalonReference.txt): null

2018-12-06 21:25:13 - [TEST_STEP][PASSED] - Statement - bufferread = new java.io.BufferedReader(new java.io.FileReader(RefNo)): null

2018-12-06 21:25:13 - [TEST_STEP][PASSED] - Statement - readedVal = bufferread.readLine(): null

2018-12-06 21:25:13 - [TEST_STEP][PASSED] - Statement - out.println(CaseReferenceNo): null

2018-12-06 21:25:13 - [TEST_STEP][PASSED] - Statement - out.println(readedVal): null

2018-12-06 21:25:13 - [TEST_STEP][PASSED] - Statement - CaseReferenceNo = "": null

2018-12-06 21:25:13 - [TEST_STEP][PASSED] - Statement - CaseReferenceNo = readedVal: null

2018-12-06 21:25:13 - [MESSAGE][PASSED] - Call Test Case 'Test Cases/Final Aug 2018 - PKS Automation/Common/Reference Number Getter' successfully

2018-12-06 21:25:13 - [TEST_STEP][PASSED] - setText: Text 'ERN122018C200002383' is set on object 'Object Repository/Final Object Repo/WorkFlow Listing Page/Ref No Set Text'

2018-12-06 21:25:13 - [MESSAGE][PASSED] - Text 'ERN122018C200002383' is set on object 'Object Repository/Final Object Repo/WorkFlow Listing Page/Ref No Set Text'

2018-12-06 21:25:13 - [TEST_STEP][PASSED] - delay: Delayed 2 second(s)

2018-12-06 21:25:15 - [MESSAGE][PASSED] - Delayed 2 second(s)

2018-12-06 21:25:15 - [TEST_STEP][PASSED] - click: Object: 'Object Repository/Final Object Repo/WorkFlow Listing Page/Search Ref No Search Button' is clicked on

2018-12-06 21:25:16 - [MESSAGE][PASSED] - Object: 'Object Repository/Final Object Repo/WorkFlow Listing Page/Search Ref No Search Button' is clicked on

2018-12-06 21:25:16 - [TEST_STEP][PASSED] - delay: Delayed 6 second(s)

2018-12-06 21:25:22 - [MESSAGE][PASSED] - Delayed 6 second(s)

2018-12-06 21:25:22 - [TEST_STEP][PASSED] - click: Object: 'Object Repository/Final Object Repo/WorkFlow Listing Page/Click Continue Tooltip' is clicked on

2018-12-06 21:25:22 - [MESSAGE][PASSED] - Object: 'Object Repository/Final Object Repo/WorkFlow Listing Page/Click Continue Tooltip' is clicked on

2018-12-06 21:25:22 - [TEST_STEP][PASSED] - delay: Delayed 5 second(s)

2018-12-06 21:25:27 - [MESSAGE][PASSED] - Delayed 5 second(s)

2018-12-06 21:25:27 - [TEST_STEP][PASSED] - doubleClick: Object: 'Object Repository/Final Object Repo/WorkFlow Listing Page/Workflow Found - Listing 1' is double clicked on

2018-12-06 21:25:28 - [MESSAGE][PASSED] - Object: 'Object Repository/Final Object Repo/WorkFlow Listing Page/Workflow Found - Listing 1' is double clicked on

2018-12-06 21:25:28 - [TEST_STEP][PASSED] - Statement - println(OwnerID): null

2018-12-06 21:25:28 - [TEST_STEP][PASSED] - Statement - OwnerID = com.kms.katalon.core.webui.keyword.WebUiBuiltInKeywords.getText(com.kms.katalon.core.testobject.ObjectRepository.findTestObject(Final Object Repo/WorkFlow Listing Page/Workflow Found - Listing 1), STOP_ON_FAILURE): Text of object 'Object Repository/Final Object Repo/WorkFlow Listing Page/Workflow Found - Listing 1' is: 'JOHORuo3'

2018-12-06 21:25:28 - [MESSAGE][PASSED] - Text of object 'Object Repository/Final Object Repo/WorkFlow Listing Page/Workflow Found - Listing 1' is: 'JOHORuo3'

2018-12-06 21:25:28 - [TEST_STEP][PASSED] - Statement - OwnerID = OwnerID.toLowerCase() + "@gmail.com": null

2018-12-06 21:25:28 - [TEST_STEP][PASSED] - Statement - println(OwnerID): null

2018-12-06 21:25:28 - [TEST_STEP][PASSED] - delay: Delayed 2 second(s)

2018-12-06 21:25:30 - [MESSAGE][PASSED] - Delayed 2 second(s)

2018-12-06 21:25:30 - [MESSAGE][PASSED] - Call Test Case 'Test Cases/Final Aug 2018 - PKS Automation/Common/Workflow Owner Finder' successfully

2018-12-06 21:25:30 - [TEST_STEP][PASSED] - delay: Delayed 1 second(s)

2018-12-06 21:25:31 - [MESSAGE][PASSED] - Delayed 1 second(s)

2018-12-06 21:25:31 - [TEST_STEP][PASSED] - navigateToUrl: Navigate to 'https://assist2-uat.perkeso.gov.my/c/portal/logout' successfully

2018-12-06 21:25:31 - [MESSAGE][PASSED] - Navigate to 'https://assist2-uat.perkeso.gov.my/c/portal/logout' successfully

2018-12-06 21:25:31 - [TEST_STEP][PASSED] - delay: Delayed 1 second(s)

2018-12-06 21:25:32 - [MESSAGE][PASSED] - Delayed 1 second(s)

2018-12-06 21:25:32 - [TEST_STEP][PASSED] - callTestCase: Call Test Case 'Test Cases/Final Aug 2018 - PKS Automation/Registration Module/Workflow/Login and Search Case For Workflow' successfully

2018-12-06 21:25:33 - [TEST_CASE][PASSED] - Test Cases/Final Aug 2018 - PKS Automation/Registration Module/Workflow/Login and Search Case For Workflow: Test Cases/Final Aug 2018 - PKS Automation/Registration Module/Workflow/Login and Search Case For Workflow

2018-12-06 21:25:33 - [TEST_STEP][PASSED] - navigateToUrl: Navigate to 'https://assist2-uat.perkeso.gov.my/login' successfully

2018-12-06 21:25:33 - [MESSAGE][PASSED] - Navigate to 'https://assist2-uat.perkeso.gov.my/login' successfully

2018-12-06 21:25:33 - [TEST_STEP][PASSED] - setText: Text 'johoruo3@gmail.com' is set on object 'Object Repository/Final Object Repo/Login Page/Internal User/Email Address'

2018-12-06 21:25:33 - [MESSAGE][PASSED] - Text 'johoruo3@gmail.com' is set on object 'Object Repository/Final Object Repo/Login Page/Internal User/Email Address'

2018-12-06 21:25:33 - [TEST_STEP][PASSED] - click: Object: 'Object Repository/Final Object Repo/Login Page/Internal User/Next Button' is clicked on

2018-12-06 21:25:33 - [MESSAGE][PASSED] - Object: 'Object Repository/Final Object Repo/Login Page/Internal User/Next Button' is clicked on

2018-12-06 21:25:33 - [TEST_STEP][PASSED] - delay: Delayed 1 second(s)

2018-12-06 21:25:34 - [MESSAGE][PASSED] - Delayed 1 second(s)

2018-12-06 21:25:34 - [TEST_STEP][PASSED] - setEncryptedText: Text ****** has been set on object 'Object Repository/Final Object Repo/Login Page/Internal User/Password'

2018-12-06 21:25:35 - [MESSAGE][PASSED] - Text ****** has been set on object 'Object Repository/Final Object Repo/Login Page/Internal User/Password'

2018-12-06 21:25:35 - [TEST_STEP][PASSED] - click: Object: 'Object Repository/Final Object Repo/Login Page/Internal User/Login Button' is clicked on

2018-12-06 21:25:35 - [MESSAGE][PASSED] - Object: 'Object Repository/Final Object Repo/Login Page/Internal User/Login Button' is clicked on

2018-12-06 21:25:35 - [TEST_STEP][PASSED] - delay: Delayed 2 second(s)

2018-12-06 21:25:37 - [MESSAGE][PASSED] - Delayed 2 second(s)

2018-12-06 21:25:37 - [TEST_STEP][PASSED] - Statement - Try: Delayed 2 second(s)

2018-12-06 21:25:37 - [TEST_STEP][PASSED] - Statement - Checker = false: null

2018-12-06 21:25:37 - [TEST_STEP][PASSED] - Statement - Checker = com.kms.katalon.core.webui.keyword.WebUiBuiltInKeywords.verifyElementHasAttribute(com.kms.katalon.core.testobject.ObjectRepository.findTestObject(Final Object Repo/Landing Page/BM Detecting), "href", 20, OPTIONAL): Object 'Object Repository/Final Object Repo/Landing Page/BM Detecting' has attribute 'href'

2018-12-06 21:25:37 - [MESSAGE][PASSED] - Object 'Object Repository/Final Object Repo/Landing Page/BM Detecting' has attribute 'href'

2018-12-06 21:25:37 - [TEST_STEP][PASSED] - Statement - out.println(Checker): null

2018-12-06 21:25:37 - [TEST_STEP][PASSED] - Statement - If (Checker == false): null

2018-12-06 21:25:37 - [TEST_STEP][PASSED] - Statement - Else: null

2018-12-06 21:25:37 - [TEST_STEP][PASSED] - delay: Delayed 2 second(s)

2018-12-06 21:25:39 - [MESSAGE][PASSED] - Delayed 2 second(s)

2018-12-06 21:25:39 - [TEST_STEP][PASSED] - click: Object: 'Object Repository/Final Object Repo/Page_MyASSIST - ASSIST - Search Pending Case For Add Supporting Document/Search Information' is clicked on

2018-12-06 21:25:39 - [MESSAGE][PASSED] - Object: 'Object Repository/Final Object Repo/Page_MyASSIST - ASSIST - Search Pending Case For Add Supporting Document/Search Information' is clicked on

2018-12-06 21:25:39 - [TEST_STEP][PASSED] - delay: Delayed 3 second(s)

2018-12-06 21:25:42 - [MESSAGE][PASSED] - Delayed 3 second(s)

2018-12-06 21:25:42 - [TEST_STEP][PASSED] - sendKeys: Keys 'ERN122018C200002383' sent to object: 'Object Repository/Final Object Repo/Page_MyASSIST - ASSIST - Search Pending Case For Add Supporting Document/Reference No'

2018-12-06 21:25:42 - [MESSAGE][PASSED] - Keys 'ERN122018C200002383' sent to object: 'Object Repository/Final Object Repo/Page_MyASSIST - ASSIST - Search Pending Case For Add Supporting Document/Reference No'

2018-12-06 21:25:42 - [TEST_STEP][PASSED] - click: Object: 'Object Repository/Final Object Repo/Page_MyASSIST - ASSIST - Search Pending Case For Add Supporting Document/Search Reference No' is clicked on

2018-12-06 21:25:43 - [MESSAGE][PASSED] - Object: 'Object Repository/Final Object Repo/Page_MyASSIST - ASSIST - Search Pending Case For Add Supporting Document/Search Reference No' is clicked on

2018-12-06 21:25:43 - [TEST_STEP][PASSED] - delay: Delayed 2 second(s)

2018-12-06 21:25:45 - [MESSAGE][PASSED] - Delayed 2 second(s)

2018-12-06 21:25:45 - [TEST_STEP][PASSED] - click: Object: 'Object Repository/Final Object Repo/Page_MyASSIST - ASSIST - Search Pending Case For Add Supporting Document/Continue' is clicked on

2018-12-06 21:25:48 - [MESSAGE][PASSED] - Object: 'Object Repository/Final Object Repo/Page_MyASSIST - ASSIST - Search Pending Case For Add Supporting Document/Continue' is clicked on

2018-12-06 21:25:48 - [TEST_STEP][PASSED] - delay: Delayed 20 second(s)

2018-12-06 21:26:08 - [MESSAGE][PASSED] - Delayed 20 second(s)

2018-12-06 21:26:08 - [MESSAGE][PASSED] - Call Test Case 'Test Cases/Final Aug 2018 - PKS Automation/Registration Module/Workflow/Login and Search Case For Workflow' successfully

2018-12-06 21:26:08 - [TEST_STEP][PASSED] - click: Object: 'Object Repository/Final Object Repo/Page_Form 3 EIS - Cessation as Employer/Page_Form 3 EIS - Cessation as Employer (Approve)/Save  Continue in Form 3 Page' is clicked on

2018-12-06 21:26:08 - [MESSAGE][PASSED] - Object: 'Object Repository/Final Object Repo/Page_Form 3 EIS - Cessation as Employer/Page_Form 3 EIS - Cessation as Employer (Approve)/Save  Continue in Form 3 Page' is clicked on

2018-12-06 21:26:08 - [TEST_STEP][PASSED] - delay: Delayed 2 second(s)

2018-12-06 21:26:10 - [MESSAGE][PASSED] - Delayed 2 second(s)

2018-12-06 21:26:10 - [TEST_STEP][PASSED] - click: Object: 'Object Repository/Final Object Repo/Page_Form 3 EIS - Cessation as Employer/Page_Form 3 EIS - Cessation as Employer (Approve)/Save  Continue in Resigned Page' is clicked on

2018-12-06 21:26:10 - [MESSAGE][PASSED] - Object: 'Object Repository/Final Object Repo/Page_Form 3 EIS - Cessation as Employer/Page_Form 3 EIS - Cessation as Employer (Approve)/Save  Continue in Resigned Page' is clicked on

2018-12-06 21:26:10 - [TEST_STEP][PASSED] - delay: Delayed 2 second(s)

2018-12-06 21:26:12 - [MESSAGE][PASSED] - Delayed 2 second(s)

2018-12-06 21:26:12 - [TEST_STEP][PASSED] - click: Object: 'Object Repository/Final Object Repo/Page_Form 3 EIS - Cessation as Employer/Page_Form 3 EIS - Cessation as Employer (Approve)/Save  Continue in Uploading Page' is clicked on

2018-12-06 21:26:13 - [MESSAGE][PASSED] - Object: 'Object Repository/Final Object Repo/Page_Form 3 EIS - Cessation as Employer/Page_Form 3 EIS - Cessation as Employer (Approve)/Save  Continue in Uploading Page' is clicked on

2018-12-06 21:26:13 - [TEST_STEP][PASSED] - delay: Delayed 2 second(s)

2018-12-06 21:26:15 - [MESSAGE][PASSED] - Delayed 2 second(s)

2018-12-06 21:26:15 - [TEST_STEP][PASSED] - click: Object: 'Object Repository/Final Object Repo/Page_Form 3 EIS - Cessation as Employer/Page_Form 3 EIS - Cessation as Employer (Approve)/Approve' is clicked on

2018-12-06 21:26:18 - [MESSAGE][PASSED] - Object: 'Object Repository/Final Object Repo/Page_Form 3 EIS - Cessation as Employer/Page_Form 3 EIS - Cessation as Employer (Approve)/Approve' is clicked on

2018-12-06 21:26:18 - [TEST_STEP][PASSED] - delay: Delayed 2 second(s)

2018-12-06 21:26:20 - [MESSAGE][PASSED] - Delayed 2 second(s)

2018-12-06 21:26:20 - [TEST_STEP][PASSED] - click: Object: 'Object Repository/Final Object Repo/Page_Form 3 EIS - Cessation as Employer/Page_Form 3 EIS - Cessation as Employer (Approve)/Confirm' is clicked on

2018-12-06 21:26:20 - [MESSAGE][PASSED] - Object: 'Object Repository/Final Object Repo/Page_Form 3 EIS - Cessation as Employer/Page_Form 3 EIS - Cessation as Employer (Approve)/Confirm' is clicked on

2018-12-06 21:26:20 - [TEST_STEP][PASSED] - delay: Delayed 2 second(s)

2018-12-06 21:26:22 - [MESSAGE][PASSED] - Delayed 2 second(s)

2018-12-06 21:26:22 - [TEST_STEP][PASSED] - click: Object: 'Object Repository/Final Object Repo/Page_Form 3 EIS - Cessation as Employer/Page_Form 3 EIS - Cessation as Employer (Approve)/Message Your Request    Form 3 EIS' is clicked on

2018-12-06 21:26:28 - [MESSAGE][PASSED] - Object: 'Object Repository/Final Object Repo/Page_Form 3 EIS - Cessation as Employer/Page_Form 3 EIS - Cessation as Employer (Approve)/Message Your Request    Form 3 EIS' is clicked on

2018-12-06 21:26:28 - [TEST_STEP][PASSED] - click: Object: 'Object Repository/Final Object Repo/Page_Form 3 EIS - Cessation as Employer/Page_Form 3 EIS - Cessation as Employer (Approve)/Letter of successful update' is clicked on

2018-12-06 21:26:28 - [MESSAGE][PASSED] - Object: 'Object Repository/Final Object Repo/Page_Form 3 EIS - Cessation as Employer/Page_Form 3 EIS - Cessation as Employer (Approve)/Letter of successful update' is clicked on

2018-12-06 21:26:28 - [MESSAGE][PASSED] - Call Test Case 'Test Cases/Final Aug 2018 - PKS Automation/Registration Module/Workflow/Form 3 EIS - Cessation As Employer/Template/Form 3 A - Cessation As Employer (Approve)' successfully]]></system-out>
         <system-err><![CDATA[]]></system-err>
      </testcase>
      <testcase name="Test Cases/Final Aug 2018 - PKS Automation/Registration Module/Workflow/Form 3 EIS - Cessation As Employer/PKRBO to UO (Query)" classname="Test Cases/Final Aug 2018 - PKS Automation/Registration Module/Workflow/Form 3 EIS - Cessation As Employer/PKRBO to UO (Query)" status="FAILED">
         <failure type="FAILED" message="(Stack trace: com.kms.katalon.core.exception.StepFailedException: Unable to click on object 'Object Repository/Final Object Repo/Page_Form 3 EIS - Cessation as Employer/Page_Form 3 EIS - Cessation as Employer (Query - OTC - UO)/Next' (Root cause: com.kms.katalon.core.webui.exception.WebElementNotFoundException: Web element with id: 'Object Repository/Final Object Repo/Page_Form 3 EIS - Cessation as Employer/Page_Form 3 EIS - Cessation as Employer (Query - OTC - UO)/Next' located by 'By.xpath: //a[(text() = ' NEXT
						' or . = ' NEXT
						')]' not found)
	at com.kms.katalon.core.keyword.internal.KeywordMain.stepFailed(KeywordMain.groovy:32)
	at com.kms.katalon.core.webui.keyword.internal.WebUIKeywordMain.stepFailed(WebUIKeywordMain.groovy:65)
	at com.kms.katalon.core.webui.keyword.internal.WebUIKeywordMain.runKeyword(WebUIKeywordMain.groovy:27)
	at com.kms.katalon.core.webui.keyword.builtin.ClickKeyword.click(ClickKeyword.groovy:86)
	at com.kms.katalon.core.webui.keyword.builtin.ClickKeyword.execute(ClickKeyword.groovy:67)
	at com.kms.katalon.core.keyword.internal.KeywordExecutor.executeKeywordForPlatform(KeywordExecutor.groovy:53)
	at com.kms.katalon.core.webui.keyword.WebUiBuiltInKeywords.click(WebUiBuiltInKeywords.groovy:616)
	at com.kms.katalon.core.webui.keyword.WebUiBuiltInKeywords$click$2.call(Unknown Source)
	at Script1536114876563.run(Script1536114876563.groovy:87)
	at com.kms.katalon.core.main.ScriptEngine.run(ScriptEngine.java:183)
	at com.kms.katalon.core.main.ScriptEngine.runScriptAsRawText(ScriptEngine.java:108)
	at com.kms.katalon.core.main.TestCaseExecutor.runScript(TestCaseExecutor.java:294)
	at com.kms.katalon.core.main.TestCaseExecutor.doExecute(TestCaseExecutor.java:285)
	at com.kms.katalon.core.main.TestCaseExecutor.processExecutionPhase(TestCaseExecutor.java:264)
	at com.kms.katalon.core.main.TestCaseExecutor.accessMainPhase(TestCaseExecutor.java:256)
	at com.kms.katalon.core.main.TestCaseExecutor.execute(TestCaseExecutor.java:200)
	at com.kms.katalon.core.main.TestCaseMain.runTestCase(TestCaseMain.java:99)
	at com.kms.katalon.core.keyword.builtin.CallTestCaseKeyword$_callTestCase_closure1.doCall(CallTestCaseKeyword.groovy:60)
	at com.kms.katalon.core.keyword.builtin.CallTestCaseKeyword$_callTestCase_closure1.call(CallTestCaseKeyword.groovy)
	at com.kms.katalon.core.keyword.internal.KeywordMain.runKeyword(KeywordMain.groovy:54)
	at com.kms.katalon.core.keyword.builtin.CallTestCaseKeyword.callTestCase(CallTestCaseKeyword.groovy:81)
	at com.kms.katalon.core.keyword.builtin.CallTestCaseKeyword.execute(CallTestCaseKeyword.groovy:45)
	at com.kms.katalon.core.keyword.internal.KeywordExecutor.executeKeywordForPlatform(KeywordExecutor.groovy:53)
	at com.kms.katalon.core.keyword.BuiltinKeywords.callTestCase(BuiltinKeywords.groovy:334)
	at sun.reflect.GeneratedMethodAccessor13.invoke(Unknown Source)
	at sun.reflect.DelegatingMethodAccessorImpl.invoke(DelegatingMethodAccessorImpl.java:43)
	at java.lang.reflect.Method.invoke(Method.java:498)
	at org.codehaus.groovy.reflection.CachedMethod.invoke(CachedMethod.java:93)
	at groovy.lang.MetaMethod.doMethodInvoke(MetaMethod.java:325)
	at groovy.lang.MetaClassImpl.invokeStaticMethod(MetaClassImpl.java:1469)
	at org.codehaus.groovy.runtime.callsite.StaticMetaClassSite.call(StaticMetaClassSite.java:53)
	at org.codehaus.groovy.runtime.callsite.CallSiteArray.defaultCall(CallSiteArray.java:48)
	at org.codehaus.groovy.runtime.callsite.AbstractCallSite.call(AbstractCallSite.java:113)
	at org.codehaus.groovy.runtime.callsite.AbstractCallSite.call(AbstractCallSite.java:141)
	at Script1536204651962.run(Script1536204651962.groovy:25)
	at com.kms.katalon.core.main.ScriptEngine.run(ScriptEngine.java:183)
	at com.kms.katalon.core.main.ScriptEngine.runScriptAsRawText(ScriptEngine.java:108)
	at com.kms.katalon.core.main.TestCaseExecutor.runScript(TestCaseExecutor.java:294)
	at com.kms.katalon.core.main.TestCaseExecutor.doExecute(TestCaseExecutor.java:285)
	at com.kms.katalon.core.main.TestCaseExecutor.processExecutionPhase(TestCaseExecutor.java:264)
	at com.kms.katalon.core.main.TestCaseExecutor.accessMainPhase(TestCaseExecutor.java:256)
	at com.kms.katalon.core.main.TestCaseExecutor.execute(TestCaseExecutor.java:200)
	at com.kms.katalon.core.main.TestSuiteExecutor.accessTestCaseMainPhase(TestSuiteExecutor.java:129)
	at com.kms.katalon.core.main.TestSuiteExecutor.accessTestSuiteMainPhase(TestSuiteExecutor.java:112)
	at com.kms.katalon.core.main.TestSuiteExecutor.execute(TestSuiteExecutor.java:81)
	at com.kms.katalon.core.main.TestCaseMain.startTestSuite(TestCaseMain.java:142)
	at com.kms.katalon.core.main.TestCaseMain$startTestSuite$0.call(Unknown Source)
	at org.codehaus.groovy.runtime.callsite.CallSiteArray.defaultCall(CallSiteArray.java:48)
	at org.codehaus.groovy.runtime.callsite.AbstractCallSite.call(AbstractCallSite.java:113)
	at org.codehaus.groovy.runtime.callsite.AbstractCallSite.call(AbstractCallSite.java:141)
	at TempTestSuite1544087654781.run(TempTestSuite1544087654781.groovy:36)
	at groovy.lang.GroovyShell.runScriptOrMainOrTestOrRunnable(GroovyShell.java:263)
	at groovy.lang.GroovyShell.run(GroovyShell.java:518)
	at groovy.lang.GroovyShell.run(GroovyShell.java:507)
	at groovy.ui.GroovyMain.processOnce(GroovyMain.java:653)
	at groovy.ui.GroovyMain.run(GroovyMain.java:384)
	at groovy.ui.GroovyMain.process(GroovyMain.java:370)
	at groovy.ui.GroovyMain.processArgs(GroovyMain.java:129)
	at groovy.ui.GroovyMain.main(GroovyMain.java:109)
	at sun.reflect.NativeMethodAccessorImpl.invoke0(Native Method)
	at sun.reflect.NativeMethodAccessorImpl.invoke(NativeMethodAccessorImpl.java:62)
	at sun.reflect.DelegatingMethodAccessorImpl.invoke(DelegatingMethodAccessorImpl.java:43)
	at java.lang.reflect.Method.invoke(Method.java:498)
	at org.codehaus.groovy.tools.GroovyStarter.rootLoader(GroovyStarter.java:109)
	at org.codehaus.groovy.tools.GroovyStarter.main(GroovyStarter.java:131)
)"/>
         <system-out><![CDATA[2018-12-06 21:26:28 - [TEST_CASE][FAILED] - Test Cases/Final Aug 2018 - PKS Automation/Registration Module/Workflow/Form 3 EIS - Cessation As Employer/PKRBO to UO (Query): Test Cases/Final Aug 2018 - PKS Automation/Registration Module/Workflow/Form 3 EIS - Cessation As Employer/PKRBO to UO (Query) FAILED because (of) (Stack trace: com.kms.katalon.core.exception.StepFailedException: Unable to click on object 'Object Repository/Final Object Repo/Page_Form 3 EIS - Cessation as Employer/Page_Form 3 EIS - Cessation as Employer (Query - OTC - UO)/Next' (Root cause: com.kms.katalon.core.webui.exception.WebElementNotFoundException: Web element with id: 'Object Repository/Final Object Repo/Page_Form 3 EIS - Cessation as Employer/Page_Form 3 EIS - Cessation as Employer (Query - OTC - UO)/Next' located by 'By.xpath: //a[(text() = ' NEXT
						' or . = ' NEXT
						')]' not found)
	at com.kms.katalon.core.keyword.internal.KeywordMain.stepFailed(KeywordMain.groovy:32)
	at com.kms.katalon.core.webui.keyword.internal.WebUIKeywordMain.stepFailed(WebUIKeywordMain.groovy:65)
	at com.kms.katalon.core.webui.keyword.internal.WebUIKeywordMain.runKeyword(WebUIKeywordMain.groovy:27)
	at com.kms.katalon.core.webui.keyword.builtin.ClickKeyword.click(ClickKeyword.groovy:86)
	at com.kms.katalon.core.webui.keyword.builtin.ClickKeyword.execute(ClickKeyword.groovy:67)
	at com.kms.katalon.core.keyword.internal.KeywordExecutor.executeKeywordForPlatform(KeywordExecutor.groovy:53)
	at com.kms.katalon.core.webui.keyword.WebUiBuiltInKeywords.click(WebUiBuiltInKeywords.groovy:616)
	at com.kms.katalon.core.webui.keyword.WebUiBuiltInKeywords$click$2.call(Unknown Source)
	at Script1536114876563.run(Script1536114876563.groovy:87)
	at com.kms.katalon.core.main.ScriptEngine.run(ScriptEngine.java:183)
	at com.kms.katalon.core.main.ScriptEngine.runScriptAsRawText(ScriptEngine.java:108)
	at com.kms.katalon.core.main.TestCaseExecutor.runScript(TestCaseExecutor.java:294)
	at com.kms.katalon.core.main.TestCaseExecutor.doExecute(TestCaseExecutor.java:285)
	at com.kms.katalon.core.main.TestCaseExecutor.processExecutionPhase(TestCaseExecutor.java:264)
	at com.kms.katalon.core.main.TestCaseExecutor.accessMainPhase(TestCaseExecutor.java:256)
	at com.kms.katalon.core.main.TestCaseExecutor.execute(TestCaseExecutor.java:200)
	at com.kms.katalon.core.main.TestCaseMain.runTestCase(TestCaseMain.java:99)
	at com.kms.katalon.core.keyword.builtin.CallTestCaseKeyword$_callTestCase_closure1.doCall(CallTestCaseKeyword.groovy:60)
	at com.kms.katalon.core.keyword.builtin.CallTestCaseKeyword$_callTestCase_closure1.call(CallTestCaseKeyword.groovy)
	at com.kms.katalon.core.keyword.internal.KeywordMain.runKeyword(KeywordMain.groovy:54)
	at com.kms.katalon.core.keyword.builtin.CallTestCaseKeyword.callTestCase(CallTestCaseKeyword.groovy:81)
	at com.kms.katalon.core.keyword.builtin.CallTestCaseKeyword.execute(CallTestCaseKeyword.groovy:45)
	at com.kms.katalon.core.keyword.internal.KeywordExecutor.executeKeywordForPlatform(KeywordExecutor.groovy:53)
	at com.kms.katalon.core.keyword.BuiltinKeywords.callTestCase(BuiltinKeywords.groovy:334)
	at sun.reflect.GeneratedMethodAccessor13.invoke(Unknown Source)
	at sun.reflect.DelegatingMethodAccessorImpl.invoke(DelegatingMethodAccessorImpl.java:43)
	at java.lang.reflect.Method.invoke(Method.java:498)
	at org.codehaus.groovy.reflection.CachedMethod.invoke(CachedMethod.java:93)
	at groovy.lang.MetaMethod.doMethodInvoke(MetaMethod.java:325)
	at groovy.lang.MetaClassImpl.invokeStaticMethod(MetaClassImpl.java:1469)
	at org.codehaus.groovy.runtime.callsite.StaticMetaClassSite.call(StaticMetaClassSite.java:53)
	at org.codehaus.groovy.runtime.callsite.CallSiteArray.defaultCall(CallSiteArray.java:48)
	at org.codehaus.groovy.runtime.callsite.AbstractCallSite.call(AbstractCallSite.java:113)
	at org.codehaus.groovy.runtime.callsite.AbstractCallSite.call(AbstractCallSite.java:141)
	at Script1536204651962.run(Script1536204651962.groovy:25)
	at com.kms.katalon.core.main.ScriptEngine.run(ScriptEngine.java:183)
	at com.kms.katalon.core.main.ScriptEngine.runScriptAsRawText(ScriptEngine.java:108)
	at com.kms.katalon.core.main.TestCaseExecutor.runScript(TestCaseExecutor.java:294)
	at com.kms.katalon.core.main.TestCaseExecutor.doExecute(TestCaseExecutor.java:285)
	at com.kms.katalon.core.main.TestCaseExecutor.processExecutionPhase(TestCaseExecutor.java:264)
	at com.kms.katalon.core.main.TestCaseExecutor.accessMainPhase(TestCaseExecutor.java:256)
	at com.kms.katalon.core.main.TestCaseExecutor.execute(TestCaseExecutor.java:200)
	at com.kms.katalon.core.main.TestSuiteExecutor.accessTestCaseMainPhase(TestSuiteExecutor.java:129)
	at com.kms.katalon.core.main.TestSuiteExecutor.accessTestSuiteMainPhase(TestSuiteExecutor.java:112)
	at com.kms.katalon.core.main.TestSuiteExecutor.execute(TestSuiteExecutor.java:81)
	at com.kms.katalon.core.main.TestCaseMain.startTestSuite(TestCaseMain.java:142)
	at com.kms.katalon.core.main.TestCaseMain$startTestSuite$0.call(Unknown Source)
	at org.codehaus.groovy.runtime.callsite.CallSiteArray.defaultCall(CallSiteArray.java:48)
	at org.codehaus.groovy.runtime.callsite.AbstractCallSite.call(AbstractCallSite.java:113)
	at org.codehaus.groovy.runtime.callsite.AbstractCallSite.call(AbstractCallSite.java:141)
	at TempTestSuite1544087654781.run(TempTestSuite1544087654781.groovy:36)
	at groovy.lang.GroovyShell.runScriptOrMainOrTestOrRunnable(GroovyShell.java:263)
	at groovy.lang.GroovyShell.run(GroovyShell.java:518)
	at groovy.lang.GroovyShell.run(GroovyShell.java:507)
	at groovy.ui.GroovyMain.processOnce(GroovyMain.java:653)
	at groovy.ui.GroovyMain.run(GroovyMain.java:384)
	at groovy.ui.GroovyMain.process(GroovyMain.java:370)
	at groovy.ui.GroovyMain.processArgs(GroovyMain.java:129)
	at groovy.ui.GroovyMain.main(GroovyMain.java:109)
	at sun.reflect.NativeMethodAccessorImpl.invoke0(Native Method)
	at sun.reflect.NativeMethodAccessorImpl.invoke(NativeMethodAccessorImpl.java:62)
	at sun.reflect.DelegatingMethodAccessorImpl.invoke(DelegatingMethodAccessorImpl.java:43)
	at java.lang.reflect.Method.invoke(Method.java:498)
	at org.codehaus.groovy.tools.GroovyStarter.rootLoader(GroovyStarter.java:109)
	at org.codehaus.groovy.tools.GroovyStarter.main(GroovyStarter.java:131)
)

2018-12-06 21:26:30 - [TEST_STEP][PASSED] - callTestCase: Call Test Case 'Test Cases/Final Aug 2018 - PKS Automation/Registration Module/Workflow/Form 3 EIS - Cessation As Employer/Template/Form 3 A - Cessation As Employer (PKRBO)' successfully

2018-12-06 21:26:30 - [TEST_CASE][PASSED] - Test Cases/Final Aug 2018 - PKS Automation/Registration Module/Workflow/Form 3 EIS - Cessation As Employer/Template/Form 3 A - Cessation As Employer (PKRBO): Test Cases/Final Aug 2018 - PKS Automation/Registration Module/Workflow/Form 3 EIS - Cessation As Employer/Template/Form 3 A - Cessation As Employer (PKRBO)

2018-12-06 21:26:30 - [TEST_STEP][PASSED] - openBrowser: Browser is opened with url: ''

2018-12-06 21:26:30 - [MESSAGE][WARNING] - A browser is already opened. Closing browser and opening a new one

2018-12-06 21:26:33 - [MESSAGE][PASSED] - Browser is opened with url: ''

2018-12-06 21:26:33 - [TEST_STEP][PASSED] - navigateToUrl: Navigate to 'https://assist2-uat.perkeso.gov.my/login' successfully

2018-12-06 21:26:34 - [MESSAGE][PASSED] - Navigate to 'https://assist2-uat.perkeso.gov.my/login' successfully

2018-12-06 21:26:34 - [TEST_STEP][PASSED] - setText: Text 'johorpkrbo1@gmail.com' is set on object 'Object Repository/Final Object Repo/Login Page/Internal User/Email Address'

2018-12-06 21:26:35 - [MESSAGE][PASSED] - Text 'johorpkrbo1@gmail.com' is set on object 'Object Repository/Final Object Repo/Login Page/Internal User/Email Address'

2018-12-06 21:26:35 - [TEST_STEP][PASSED] - click: Object: 'Object Repository/Final Object Repo/Login Page/Internal User/Next Button' is clicked on

2018-12-06 21:26:35 - [MESSAGE][PASSED] - Object: 'Object Repository/Final Object Repo/Login Page/Internal User/Next Button' is clicked on

2018-12-06 21:26:35 - [TEST_STEP][PASSED] - delay: Delayed 1 second(s)

2018-12-06 21:26:36 - [MESSAGE][PASSED] - Delayed 1 second(s)

2018-12-06 21:26:36 - [TEST_STEP][PASSED] - setEncryptedText: Text ****** has been set on object 'Object Repository/Final Object Repo/Login Page/Internal User/Password'

2018-12-06 21:26:36 - [MESSAGE][PASSED] - Text ****** has been set on object 'Object Repository/Final Object Repo/Login Page/Internal User/Password'

2018-12-06 21:26:36 - [TEST_STEP][PASSED] - click: Object: 'Object Repository/Final Object Repo/Login Page/Internal User/Login Button' is clicked on

2018-12-06 21:26:36 - [MESSAGE][PASSED] - Object: 'Object Repository/Final Object Repo/Login Page/Internal User/Login Button' is clicked on

2018-12-06 21:26:36 - [TEST_STEP][PASSED] - delay: Delayed 1 second(s)

2018-12-06 21:26:37 - [MESSAGE][PASSED] - Delayed 1 second(s)

2018-12-06 21:26:37 - [TEST_STEP][PASSED] - Statement - Try: Delayed 2 second(s)

2018-12-06 21:26:37 - [TEST_STEP][PASSED] - Statement - Checker = false: null

2018-12-06 21:26:37 - [TEST_STEP][PASSED] - Statement - Checker = com.kms.katalon.core.webui.keyword.WebUiBuiltInKeywords.verifyElementHasAttribute(com.kms.katalon.core.testobject.ObjectRepository.findTestObject(Final Object Repo/Landing Page/BM Detecting), "href", 20, OPTIONAL): Object 'Object Repository/Final Object Repo/Landing Page/BM Detecting' has attribute 'href'

2018-12-06 21:26:38 - [MESSAGE][PASSED] - Object 'Object Repository/Final Object Repo/Landing Page/BM Detecting' has attribute 'href'

2018-12-06 21:26:38 - [TEST_STEP][PASSED] - Statement - out.println(Checker): null

2018-12-06 21:26:38 - [TEST_STEP][PASSED] - Statement - If (Checker == false): null

2018-12-06 21:26:38 - [TEST_STEP][PASSED] - Statement - Else: null

2018-12-06 21:26:38 - [TEST_STEP][PASSED] - delay: Delayed 2 second(s)

2018-12-06 21:26:40 - [MESSAGE][PASSED] - Delayed 2 second(s)

2018-12-06 21:26:40 - [TEST_STEP][PASSED] - navigateToUrl: Navigate to 'https://assist2-uat.perkeso.gov.my/web/registration/eis-update/form-3-eis-cessation-as-employer' successfully

2018-12-06 21:26:41 - [MESSAGE][PASSED] - Navigate to 'https://assist2-uat.perkeso.gov.my/web/registration/eis-update/form-3-eis-cessation-as-employer' successfully

2018-12-06 21:26:41 - [TEST_STEP][PASSED] - delay: Delayed 1 second(s)

2018-12-06 21:26:42 - [MESSAGE][PASSED] - Delayed 1 second(s)

2018-12-06 21:26:42 - [TEST_STEP][PASSED] - setText: Text 'E1102069769W' is set on object 'Object Repository/Final Object Repo/Page_Form 3 EIS - Cessation as Employer/Employer Code'

2018-12-06 21:26:42 - [MESSAGE][PASSED] - Text 'E1102069769W' is set on object 'Object Repository/Final Object Repo/Page_Form 3 EIS - Cessation as Employer/Employer Code'

2018-12-06 21:26:42 - [TEST_STEP][PASSED] - click: Object: 'Object Repository/Final Object Repo/Page_Form 3 EIS - Cessation as Employer/Search' is clicked on

2018-12-06 21:26:42 - [MESSAGE][PASSED] - Object: 'Object Repository/Final Object Repo/Page_Form 3 EIS - Cessation as Employer/Search' is clicked on

2018-12-06 21:26:42 - [TEST_STEP][PASSED] - click: Object: 'Object Repository/Final Object Repo/Page_Form 3 EIS - Cessation as Employer/Edit' is clicked on

2018-12-06 21:26:45 - [MESSAGE][PASSED] - Object: 'Object Repository/Final Object Repo/Page_Form 3 EIS - Cessation as Employer/Edit' is clicked on

2018-12-06 21:26:45 - [TEST_STEP][PASSED] - delay: Delayed 1 second(s)

2018-12-06 21:26:46 - [MESSAGE][PASSED] - Delayed 1 second(s)

2018-12-06 21:26:46 - [TEST_STEP][PASSED] - Statement - abc = com.kms.katalon.core.webui.keyword.WebUiBuiltInKeywords.getAttribute(com.kms.katalon.core.testobject.ObjectRepository.findTestObject(Final Object Repo/Page_Form 3 EIS - Cessation as Employer/Employer Status), "value"): Attribute 'value' of object 'Object Repository/Final Object Repo/Page_Form 3 EIS - Cessation as Employer/Employer Status' is: 'Active'

2018-12-06 21:26:46 - [MESSAGE][PASSED] - Attribute 'value' of object 'Object Repository/Final Object Repo/Page_Form 3 EIS - Cessation as Employer/Employer Status' is: 'Active'

2018-12-06 21:26:46 - [TEST_STEP][PASSED] - Statement - out.println(abc): null

2018-12-06 21:26:46 - [TEST_STEP][PASSED] - Statement - If (abc == "Active"): Object: 'Object Repository/Final Object Repo/Page_Form 3 EIS - Cessation as Employer/Dormant EIS' is clicked on

2018-12-06 21:26:46 - [TEST_STEP][PASSED] - click: Object: 'Object Repository/Final Object Repo/Page_Form 3 EIS - Cessation as Employer/Change Employer Status to' is clicked on

2018-12-06 21:26:46 - [MESSAGE][PASSED] - Object: 'Object Repository/Final Object Repo/Page_Form 3 EIS - Cessation as Employer/Change Employer Status to' is clicked on

2018-12-06 21:26:46 - [TEST_STEP][PASSED] - click: Object: 'Object Repository/Final Object Repo/Page_Form 3 EIS - Cessation as Employer/Dormant EIS' is clicked on

2018-12-06 21:26:46 - [MESSAGE][PASSED] - Object: 'Object Repository/Final Object Repo/Page_Form 3 EIS - Cessation as Employer/Dormant EIS' is clicked on

2018-12-06 21:26:46 - [TEST_STEP][PASSED] - click: Object: 'Object Repository/Final Object Repo/Page_Form 3 EIS - Cessation as Employer/Calender' is clicked on

2018-12-06 21:26:46 - [MESSAGE][PASSED] - Object: 'Object Repository/Final Object Repo/Page_Form 3 EIS - Cessation as Employer/Calender' is clicked on

2018-12-06 21:26:46 - [TEST_STEP][PASSED] - delay: Delayed 1 second(s)

2018-12-06 21:26:47 - [MESSAGE][PASSED] - Delayed 1 second(s)

2018-12-06 21:26:47 - [TEST_STEP][PASSED] - click: Object: 'Object Repository/Final Object Repo/Page_Form 3 EIS - Cessation as Employer/Calender - Date' is clicked on

2018-12-06 21:26:48 - [MESSAGE][PASSED] - Object: 'Object Repository/Final Object Repo/Page_Form 3 EIS - Cessation as Employer/Calender - Date' is clicked on

2018-12-06 21:26:48 - [TEST_STEP][PASSED] - click: Object: 'Object Repository/Final Object Repo/Page_Form 3 EIS - Cessation as Employer/Save  Continue in Form 3 EIS Page' is clicked on

2018-12-06 21:26:48 - [MESSAGE][PASSED] - Object: 'Object Repository/Final Object Repo/Page_Form 3 EIS - Cessation as Employer/Save  Continue in Form 3 EIS Page' is clicked on

2018-12-06 21:26:48 - [TEST_STEP][PASSED] - delay: Delayed 1 second(s)

2018-12-06 21:26:49 - [MESSAGE][PASSED] - Delayed 1 second(s)

2018-12-06 21:26:49 - [TEST_STEP][PASSED] - click: Object: 'Object Repository/Final Object Repo/Page_Form 3 EIS - Cessation as Employer/Employment Resign Date' is clicked on

2018-12-06 21:26:49 - [MESSAGE][PASSED] - Object: 'Object Repository/Final Object Repo/Page_Form 3 EIS - Cessation as Employer/Employment Resign Date' is clicked on

2018-12-06 21:26:49 - [TEST_STEP][PASSED] - selectOptionByValue: All options with value '2030' are selected in object 'Object Repository/Final Object Repo/Page_Form 3 EIS - Cessation as Employer/Employment Resign Date - Year' 

2018-12-06 21:26:49 - [MESSAGE][PASSED] - All options with value '2030' are selected in object 'Object Repository/Final Object Repo/Page_Form 3 EIS - Cessation as Employer/Employment Resign Date - Year' 

2018-12-06 21:26:49 - [TEST_STEP][PASSED] - delay: Delayed 2 second(s)

2018-12-06 21:26:51 - [MESSAGE][PASSED] - Delayed 2 second(s)

2018-12-06 21:26:51 - [TEST_STEP][PASSED] - click: Object: 'Object Repository/Final Object Repo/Page_Form 3 EIS - Cessation as Employer/Employment Resign Date - Year - Date' is clicked on

2018-12-06 21:26:52 - [MESSAGE][PASSED] - Object: 'Object Repository/Final Object Repo/Page_Form 3 EIS - Cessation as Employer/Employment Resign Date - Year - Date' is clicked on

2018-12-06 21:26:52 - [TEST_STEP][PASSED] - delay: Delayed 2 second(s)

2018-12-06 21:26:54 - [MESSAGE][PASSED] - Delayed 2 second(s)

2018-12-06 21:26:54 - [TEST_STEP][PASSED] - click: Object: 'Object Repository/Final Object Repo/Page_Form 3 EIS - Cessation as Employer/Save  Continue in Employment Resign Page' is clicked on

2018-12-06 21:26:54 - [MESSAGE][PASSED] - Object: 'Object Repository/Final Object Repo/Page_Form 3 EIS - Cessation as Employer/Save  Continue in Employment Resign Page' is clicked on

2018-12-06 21:26:54 - [TEST_STEP][PASSED] - delay: Delayed 2 second(s)

2018-12-06 21:26:56 - [MESSAGE][PASSED] - Delayed 2 second(s)

2018-12-06 21:26:56 - [TEST_STEP][PASSED] - click: Object: 'Object Repository/Final Object Repo/Page_Form 3 EIS - Cessation as Employer/Set Latest - Yes' is clicked on

2018-12-06 21:26:56 - [MESSAGE][PASSED] - Object: 'Object Repository/Final Object Repo/Page_Form 3 EIS - Cessation as Employer/Set Latest - Yes' is clicked on

2018-12-06 21:26:56 - [TEST_STEP][PASSED] - delay: Delayed 2 second(s)

2018-12-06 21:26:58 - [MESSAGE][PASSED] - Delayed 2 second(s)

2018-12-06 21:26:58 - [TEST_STEP][PASSED] - click: Object: 'Object Repository/Final Object Repo/Page_Form 3 EIS - Cessation as Employer/Add Document' is clicked on

2018-12-06 21:26:59 - [MESSAGE][PASSED] - Object: 'Object Repository/Final Object Repo/Page_Form 3 EIS - Cessation as Employer/Add Document' is clicked on

2018-12-06 21:26:59 - [TEST_STEP][PASSED] - delay: Delayed 3 second(s)

2018-12-06 21:27:02 - [MESSAGE][PASSED] - Delayed 3 second(s)

2018-12-06 21:27:02 - [TEST_STEP][PASSED] - click: Object: 'Object Repository/Final Object Repo/Page_Form 3 EIS - Cessation as Employer/Document Type' is clicked on

2018-12-06 21:27:02 - [MESSAGE][PASSED] - Object: 'Object Repository/Final Object Repo/Page_Form 3 EIS - Cessation as Employer/Document Type' is clicked on

2018-12-06 21:27:02 - [TEST_STEP][PASSED] - click: Object: 'Object Repository/Final Object Repo/Page_Form 3 EIS - Cessation as Employer/Document Type - Form 3' is clicked on

2018-12-06 21:27:02 - [MESSAGE][PASSED] - Object: 'Object Repository/Final Object Repo/Page_Form 3 EIS - Cessation as Employer/Document Type - Form 3' is clicked on

2018-12-06 21:27:02 - [TEST_STEP][PASSED] - delay: Delayed 2 second(s)

2018-12-06 21:27:04 - [MESSAGE][PASSED] - Delayed 2 second(s)

2018-12-06 21:27:04 - [TEST_STEP][PASSED] - sendKeys: Keys 'C:\Users\Public\Pictures\Sample Pictures\Koala.jpg' sent to object: 'Object Repository/Final Object Repo/Page_Form 3 EIS - Cessation as Employer/ploading File'

2018-12-06 21:27:04 - [MESSAGE][PASSED] - Keys 'C:\Users\Public\Pictures\Sample Pictures\Koala.jpg' sent to object: 'Object Repository/Final Object Repo/Page_Form 3 EIS - Cessation as Employer/ploading File'

2018-12-06 21:27:04 - [TEST_STEP][PASSED] - delay: Delayed 1 second(s)

2018-12-06 21:27:05 - [MESSAGE][PASSED] - Delayed 1 second(s)

2018-12-06 21:27:05 - [TEST_STEP][PASSED] - click: Object: 'Object Repository/Final Object Repo/Page_Form 3 EIS - Cessation as Employer/Add Document in Uploading Page' is clicked on

2018-12-06 21:27:05 - [MESSAGE][PASSED] - Object: 'Object Repository/Final Object Repo/Page_Form 3 EIS - Cessation as Employer/Add Document in Uploading Page' is clicked on

2018-12-06 21:27:05 - [TEST_STEP][PASSED] - delay: Delayed 2 second(s)

2018-12-06 21:27:07 - [MESSAGE][PASSED] - Delayed 2 second(s)

2018-12-06 21:27:07 - [TEST_STEP][PASSED] - Statement - CaseReferenceNo = com.kms.katalon.core.webui.keyword.WebUiBuiltInKeywords.getText(com.kms.katalon.core.testobject.ObjectRepository.findTestObject(Final Object Repo/Page_Update Employer Information/Reference Number in Update Employee Information Page)): Text of object 'Object Repository/Final Object Repo/Page_Update Employer Information/Reference Number in Update Employee Information Page' is: 'ERN122018C200002384'

2018-12-06 21:27:09 - [MESSAGE][PASSED] - Text of object 'Object Repository/Final Object Repo/Page_Update Employer Information/Reference Number in Update Employee Information Page' is: 'ERN122018C200002384'

2018-12-06 21:27:09 - [TEST_STEP][PASSED] - callTestCase: Call Test Case 'Test Cases/Final Aug 2018 - PKS Automation/Common/Reference Number Setter' successfully

2018-12-06 21:27:09 - [TEST_CASE][PASSED] - Test Cases/Final Aug 2018 - PKS Automation/Common/Reference Number Setter: Test Cases/Final Aug 2018 - PKS Automation/Common/Reference Number Setter

2018-12-06 21:27:09 - [TEST_STEP][PASSED] - Statement - RefNoOldFile = new java.io.File(C://Users//Admin//Desktop//PKS//Automation Reference Point//KatalonReference.txt): null

2018-12-06 21:27:09 - [TEST_STEP][PASSED] - Statement - RefNoOldFile.delete(): null

2018-12-06 21:27:09 - [TEST_STEP][PASSED] - delay: Delayed 5 second(s)

2018-12-06 21:27:14 - [MESSAGE][PASSED] - Delayed 5 second(s)

2018-12-06 21:27:14 - [TEST_STEP][PASSED] - Statement - RefNo = new java.io.File(C://Users//Admin//Desktop//PKS//Automation Reference Point//KatalonReference.txt): null

2018-12-06 21:27:14 - [TEST_STEP][PASSED] - Statement - f2 = new java.io.FileWriter(RefNo, false): null

2018-12-06 21:27:14 - [TEST_STEP][PASSED] - Statement - f2.write(CaseReferenceNo): null

2018-12-06 21:27:14 - [TEST_STEP][PASSED] - Statement - f2.close(): null

2018-12-06 21:27:14 - [TEST_STEP][PASSED] - Statement - out.println("


" + CaseReferenceNo + "


"): null

2018-12-06 21:27:14 - [MESSAGE][PASSED] - Call Test Case 'Test Cases/Final Aug 2018 - PKS Automation/Common/Reference Number Setter' successfully

2018-12-06 21:27:14 - [TEST_STEP][PASSED] - delay: Delayed 2 second(s)

2018-12-06 21:27:16 - [MESSAGE][PASSED] - Delayed 2 second(s)

2018-12-06 21:27:16 - [TEST_STEP][PASSED] - click: Object: 'Object Repository/Final Object Repo/Page_Form 3 EIS - Cessation as Employer/Save  Continue in Uploading Page' is clicked on

2018-12-06 21:27:17 - [MESSAGE][PASSED] - Object: 'Object Repository/Final Object Repo/Page_Form 3 EIS - Cessation as Employer/Save  Continue in Uploading Page' is clicked on

2018-12-06 21:27:17 - [TEST_STEP][PASSED] - delay: Delayed 2 second(s)

2018-12-06 21:27:19 - [MESSAGE][PASSED] - Delayed 2 second(s)

2018-12-06 21:27:19 - [TEST_STEP][PASSED] - click: Object: 'Object Repository/Final Object Repo/Page_Form 3 EIS - Cessation as Employer/Submit' is clicked on

2018-12-06 21:27:21 - [MESSAGE][PASSED] - Object: 'Object Repository/Final Object Repo/Page_Form 3 EIS - Cessation as Employer/Submit' is clicked on

2018-12-06 21:27:21 - [TEST_STEP][PASSED] - delay: Delayed 2 second(s)

2018-12-06 21:27:23 - [MESSAGE][PASSED] - Delayed 2 second(s)

2018-12-06 21:27:23 - [TEST_STEP][PASSED] - click: Object: 'Object Repository/Final Object Repo/Page_Form 3 EIS - Cessation as Employer/Confirm' is clicked on

2018-12-06 21:27:23 - [MESSAGE][PASSED] - Object: 'Object Repository/Final Object Repo/Page_Form 3 EIS - Cessation as Employer/Confirm' is clicked on

2018-12-06 21:27:23 - [TEST_STEP][PASSED] - delay: Delayed 2 second(s)

2018-12-06 21:27:25 - [MESSAGE][PASSED] - Delayed 2 second(s)

2018-12-06 21:27:25 - [TEST_STEP][PASSED] - click: Object: 'Object Repository/Final Object Repo/Page_Form 3 EIS - Cessation as Employer/Message Your Request will be routed to UO' is clicked on

2018-12-06 21:27:29 - [MESSAGE][PASSED] - Object: 'Object Repository/Final Object Repo/Page_Form 3 EIS - Cessation as Employer/Message Your Request will be routed to UO' is clicked on

2018-12-06 21:27:29 - [TEST_STEP][PASSED] - click: Object: 'Object Repository/Final Object Repo/Page_Form 3 EIS - Cessation as Employer/Letter of acknowledgement' is clicked on

2018-12-06 21:27:30 - [MESSAGE][PASSED] - Object: 'Object Repository/Final Object Repo/Page_Form 3 EIS - Cessation as Employer/Letter of acknowledgement' is clicked on

2018-12-06 21:27:30 - [MESSAGE][PASSED] - Call Test Case 'Test Cases/Final Aug 2018 - PKS Automation/Registration Module/Workflow/Form 3 EIS - Cessation As Employer/Template/Form 3 A - Cessation As Employer (PKRBO)' successfully

2018-12-06 21:27:30 - [TEST_STEP][FAILED] - callTestCase: Unable to call Test Case with id 'Test Cases/Final Aug 2018 - PKS Automation/Registration Module/Workflow/Form 3 EIS - Cessation As Employer/Template/Form 3 A - Cessation As Employer (Query)' (Root cause: Call Test Case 'Test Cases/Final Aug 2018 - PKS Automation/Registration Module/Workflow/Form 3 EIS - Cessation As Employer/Template/Form 3 A - Cessation As Employer (Query)' failed)

2018-12-06 21:27:30 - [TEST_CASE][FAILED] - Test Cases/Final Aug 2018 - PKS Automation/Registration Module/Workflow/Form 3 EIS - Cessation As Employer/Template/Form 3 A - Cessation As Employer (Query): Test Cases/Final Aug 2018 - PKS Automation/Registration Module/Workflow/Form 3 EIS - Cessation As Employer/Template/Form 3 A - Cessation As Employer (Query) FAILED because (of) (Stack trace: com.kms.katalon.core.exception.StepFailedException: Unable to click on object 'Object Repository/Final Object Repo/Page_Form 3 EIS - Cessation as Employer/Page_Form 3 EIS - Cessation as Employer (Query - OTC - UO)/Next' (Root cause: com.kms.katalon.core.webui.exception.WebElementNotFoundException: Web element with id: 'Object Repository/Final Object Repo/Page_Form 3 EIS - Cessation as Employer/Page_Form 3 EIS - Cessation as Employer (Query - OTC - UO)/Next' located by 'By.xpath: //a[(text() = ' NEXT
						' or . = ' NEXT
						')]' not found)
	at com.kms.katalon.core.keyword.internal.KeywordMain.stepFailed(KeywordMain.groovy:32)
	at com.kms.katalon.core.webui.keyword.internal.WebUIKeywordMain.stepFailed(WebUIKeywordMain.groovy:65)
	at com.kms.katalon.core.webui.keyword.internal.WebUIKeywordMain.runKeyword(WebUIKeywordMain.groovy:27)
	at com.kms.katalon.core.webui.keyword.builtin.ClickKeyword.click(ClickKeyword.groovy:86)
	at com.kms.katalon.core.webui.keyword.builtin.ClickKeyword.execute(ClickKeyword.groovy:67)
	at com.kms.katalon.core.keyword.internal.KeywordExecutor.executeKeywordForPlatform(KeywordExecutor.groovy:53)
	at com.kms.katalon.core.webui.keyword.WebUiBuiltInKeywords.click(WebUiBuiltInKeywords.groovy:616)
	at com.kms.katalon.core.webui.keyword.WebUiBuiltInKeywords$click$2.call(Unknown Source)
	at Script1536114876563.run(Script1536114876563.groovy:87)
	at com.kms.katalon.core.main.ScriptEngine.run(ScriptEngine.java:183)
	at com.kms.katalon.core.main.ScriptEngine.runScriptAsRawText(ScriptEngine.java:108)
	at com.kms.katalon.core.main.TestCaseExecutor.runScript(TestCaseExecutor.java:294)
	at com.kms.katalon.core.main.TestCaseExecutor.doExecute(TestCaseExecutor.java:285)
	at com.kms.katalon.core.main.TestCaseExecutor.processExecutionPhase(TestCaseExecutor.java:264)
	at com.kms.katalon.core.main.TestCaseExecutor.accessMainPhase(TestCaseExecutor.java:256)
	at com.kms.katalon.core.main.TestCaseExecutor.execute(TestCaseExecutor.java:200)
	at com.kms.katalon.core.main.TestCaseMain.runTestCase(TestCaseMain.java:99)
	at com.kms.katalon.core.keyword.builtin.CallTestCaseKeyword$_callTestCase_closure1.doCall(CallTestCaseKeyword.groovy:60)
	at com.kms.katalon.core.keyword.builtin.CallTestCaseKeyword$_callTestCase_closure1.call(CallTestCaseKeyword.groovy)
	at com.kms.katalon.core.keyword.internal.KeywordMain.runKeyword(KeywordMain.groovy:54)
	at com.kms.katalon.core.keyword.builtin.CallTestCaseKeyword.callTestCase(CallTestCaseKeyword.groovy:81)
	at com.kms.katalon.core.keyword.builtin.CallTestCaseKeyword.execute(CallTestCaseKeyword.groovy:45)
	at com.kms.katalon.core.keyword.internal.KeywordExecutor.executeKeywordForPlatform(KeywordExecutor.groovy:53)
	at com.kms.katalon.core.keyword.BuiltinKeywords.callTestCase(BuiltinKeywords.groovy:334)
	at sun.reflect.GeneratedMethodAccessor13.invoke(Unknown Source)
	at sun.reflect.DelegatingMethodAccessorImpl.invoke(DelegatingMethodAccessorImpl.java:43)
	at java.lang.reflect.Method.invoke(Method.java:498)
	at org.codehaus.groovy.reflection.CachedMethod.invoke(CachedMethod.java:93)
	at groovy.lang.MetaMethod.doMethodInvoke(MetaMethod.java:325)
	at groovy.lang.MetaClassImpl.invokeStaticMethod(MetaClassImpl.java:1469)
	at org.codehaus.groovy.runtime.callsite.StaticMetaClassSite.call(StaticMetaClassSite.java:53)
	at org.codehaus.groovy.runtime.callsite.CallSiteArray.defaultCall(CallSiteArray.java:48)
	at org.codehaus.groovy.runtime.callsite.AbstractCallSite.call(AbstractCallSite.java:113)
	at org.codehaus.groovy.runtime.callsite.AbstractCallSite.call(AbstractCallSite.java:141)
	at Script1536204651962.run(Script1536204651962.groovy:25)
	at com.kms.katalon.core.main.ScriptEngine.run(ScriptEngine.java:183)
	at com.kms.katalon.core.main.ScriptEngine.runScriptAsRawText(ScriptEngine.java:108)
	at com.kms.katalon.core.main.TestCaseExecutor.runScript(TestCaseExecutor.java:294)
	at com.kms.katalon.core.main.TestCaseExecutor.doExecute(TestCaseExecutor.java:285)
	at com.kms.katalon.core.main.TestCaseExecutor.processExecutionPhase(TestCaseExecutor.java:264)
	at com.kms.katalon.core.main.TestCaseExecutor.accessMainPhase(TestCaseExecutor.java:256)
	at com.kms.katalon.core.main.TestCaseExecutor.execute(TestCaseExecutor.java:200)
	at com.kms.katalon.core.main.TestSuiteExecutor.accessTestCaseMainPhase(TestSuiteExecutor.java:129)
	at com.kms.katalon.core.main.TestSuiteExecutor.accessTestSuiteMainPhase(TestSuiteExecutor.java:112)
	at com.kms.katalon.core.main.TestSuiteExecutor.execute(TestSuiteExecutor.java:81)
	at com.kms.katalon.core.main.TestCaseMain.startTestSuite(TestCaseMain.java:142)
	at com.kms.katalon.core.main.TestCaseMain$startTestSuite$0.call(Unknown Source)
	at org.codehaus.groovy.runtime.callsite.CallSiteArray.defaultCall(CallSiteArray.java:48)
	at org.codehaus.groovy.runtime.callsite.AbstractCallSite.call(AbstractCallSite.java:113)
	at org.codehaus.groovy.runtime.callsite.AbstractCallSite.call(AbstractCallSite.java:141)
	at TempTestSuite1544087654781.run(TempTestSuite1544087654781.groovy:36)
	at groovy.lang.GroovyShell.runScriptOrMainOrTestOrRunnable(GroovyShell.java:263)
	at groovy.lang.GroovyShell.run(GroovyShell.java:518)
	at groovy.lang.GroovyShell.run(GroovyShell.java:507)
	at groovy.ui.GroovyMain.processOnce(GroovyMain.java:653)
	at groovy.ui.GroovyMain.run(GroovyMain.java:384)
	at groovy.ui.GroovyMain.process(GroovyMain.java:370)
	at groovy.ui.GroovyMain.processArgs(GroovyMain.java:129)
	at groovy.ui.GroovyMain.main(GroovyMain.java:109)
	at sun.reflect.NativeMethodAccessorImpl.invoke0(Native Method)
	at sun.reflect.NativeMethodAccessorImpl.invoke(NativeMethodAccessorImpl.java:62)
	at sun.reflect.DelegatingMethodAccessorImpl.invoke(DelegatingMethodAccessorImpl.java:43)
	at java.lang.reflect.Method.invoke(Method.java:498)
	at org.codehaus.groovy.tools.GroovyStarter.rootLoader(GroovyStarter.java:109)
	at org.codehaus.groovy.tools.GroovyStarter.main(GroovyStarter.java:131)
)

2018-12-06 21:27:30 - [TEST_STEP][NOT_RUN] - callTestCase: NOT_RUN: callTestCase

2018-12-06 21:27:30 - [MESSAGE][NOT_RUN] - NOT_RUN: callTestCase

2018-12-06 21:27:30 - [TEST_STEP][PASSED] - delay: Delayed 1 second(s)

2018-12-06 21:27:31 - [MESSAGE][PASSED] - Delayed 1 second(s)

2018-12-06 21:27:31 - [TEST_STEP][PASSED] - navigateToUrl: Navigate to 'https://assist2-uat.perkeso.gov.my/c/portal/logout' successfully

2018-12-06 21:27:32 - [MESSAGE][PASSED] - Navigate to 'https://assist2-uat.perkeso.gov.my/c/portal/logout' successfully

2018-12-06 21:27:32 - [TEST_STEP][PASSED] - delay: Delayed 1 second(s)

2018-12-06 21:27:33 - [MESSAGE][PASSED] - Delayed 1 second(s)

2018-12-06 21:27:33 - [TEST_STEP][PASSED] - callTestCase: Call Test Case 'Test Cases/Final Aug 2018 - PKS Automation/Common/Reference Number Getter' successfully

2018-12-06 21:27:33 - [TEST_CASE][PASSED] - Test Cases/Final Aug 2018 - PKS Automation/Common/Reference Number Getter: Test Cases/Final Aug 2018 - PKS Automation/Common/Reference Number Getter

2018-12-06 21:27:33 - [TEST_STEP][PASSED] - Statement - Try: null

2018-12-06 21:27:33 - [TEST_STEP][PASSED] - Statement - RefNo = new java.io.File(C://Users//Admin//Desktop//PKS//Automation Reference Point//KatalonReference.txt): null

2018-12-06 21:27:33 - [TEST_STEP][PASSED] - Statement - bufferread = new java.io.BufferedReader(new java.io.FileReader(RefNo)): null

2018-12-06 21:27:33 - [TEST_STEP][PASSED] - Statement - readedVal = bufferread.readLine(): null

2018-12-06 21:27:33 - [TEST_STEP][PASSED] - Statement - out.println(CaseReferenceNo): null

2018-12-06 21:27:33 - [TEST_STEP][PASSED] - Statement - out.println(readedVal): null

2018-12-06 21:27:33 - [TEST_STEP][PASSED] - Statement - CaseReferenceNo = "": null

2018-12-06 21:27:33 - [TEST_STEP][PASSED] - Statement - CaseReferenceNo = readedVal: null

2018-12-06 21:27:33 - [MESSAGE][PASSED] - Call Test Case 'Test Cases/Final Aug 2018 - PKS Automation/Common/Reference Number Getter' successfully

2018-12-06 21:27:33 - [TEST_STEP][PASSED] - callTestCase: Call Test Case 'Test Cases/Final Aug 2018 - PKS Automation/Common/Workflow Owner Finder' successfully

2018-12-06 21:27:33 - [TEST_CASE][PASSED] - Test Cases/Final Aug 2018 - PKS Automation/Common/Workflow Owner Finder: Test Cases/Final Aug 2018 - PKS Automation/Common/Workflow Owner Finder

2018-12-06 21:27:33 - [TEST_STEP][PASSED] - openBrowser: Browser is opened with url: ''

2018-12-06 21:27:33 - [MESSAGE][WARNING] - A browser is already opened. Closing browser and opening a new one

2018-12-06 21:27:37 - [MESSAGE][PASSED] - Browser is opened with url: ''

2018-12-06 21:27:37 - [TEST_STEP][PASSED] - navigateToUrl: Navigate to 'https://assist2-uat.perkeso.gov.my/login' successfully

2018-12-06 21:27:38 - [MESSAGE][PASSED] - Navigate to 'https://assist2-uat.perkeso.gov.my/login' successfully

2018-12-06 21:27:38 - [TEST_STEP][PASSED] - delay: Delayed 5 second(s)

2018-12-06 21:27:43 - [MESSAGE][PASSED] - Delayed 5 second(s)

2018-12-06 21:27:43 - [TEST_STEP][PASSED] - setText: Text 'test@liferay.com' is set on object 'Object Repository/Final Object Repo/Login Page/Internal User/Email Address'

2018-12-06 21:27:43 - [MESSAGE][PASSED] - Text 'test@liferay.com' is set on object 'Object Repository/Final Object Repo/Login Page/Internal User/Email Address'

2018-12-06 21:27:43 - [TEST_STEP][PASSED] - click: Object: 'Object Repository/Final Object Repo/Login Page/Internal User/Next Button' is clicked on

2018-12-06 21:27:43 - [MESSAGE][PASSED] - Object: 'Object Repository/Final Object Repo/Login Page/Internal User/Next Button' is clicked on

2018-12-06 21:27:43 - [TEST_STEP][PASSED] - delay: Delayed 2 second(s)

2018-12-06 21:27:45 - [MESSAGE][PASSED] - Delayed 2 second(s)

2018-12-06 21:27:45 - [TEST_STEP][PASSED] - setText: Text 'test' is set on object 'Object Repository/Final Object Repo/Login Page/Internal User/Password'

2018-12-06 21:27:45 - [MESSAGE][PASSED] - Text 'test' is set on object 'Object Repository/Final Object Repo/Login Page/Internal User/Password'

2018-12-06 21:27:45 - [TEST_STEP][PASSED] - delay: Delayed 2 second(s)

2018-12-06 21:27:47 - [MESSAGE][PASSED] - Delayed 2 second(s)

2018-12-06 21:27:47 - [TEST_STEP][PASSED] - click: Object: 'Object Repository/Final Object Repo/Login Page/Internal User/Login Button' is clicked on

2018-12-06 21:27:47 - [MESSAGE][PASSED] - Object: 'Object Repository/Final Object Repo/Login Page/Internal User/Login Button' is clicked on

2018-12-06 21:27:47 - [TEST_STEP][PASSED] - Statement - tester = com.kms.katalon.core.testobject.ObjectRepository.findTestObject(Final Object Repo/Landing Page/Select to English): Finding Test Object with id 'Object Repository/Final Object Repo/Landing Page/Select to English'

2018-12-06 21:27:47 - [TEST_STEP][PASSED] - Statement - Try: Delayed 2 second(s)

2018-12-06 21:27:47 - [TEST_STEP][PASSED] - Statement - Checker = com.kms.katalon.core.webui.keyword.WebUiBuiltInKeywords.verifyElementNotPresent(tester, 3): Web element with id: 'Object Repository/Final Object Repo/Landing Page/Select to English' located by 'By.xpath: //a[@class = 'taglib-language-list-text' and @lang = 'en-US' and (contains(text(), 'EN') or contains(., 'EN'))]' is not present after '3' second(s)

2018-12-06 21:27:49 - [MESSAGE][PASSED] - Web element with id: 'Object Repository/Final Object Repo/Landing Page/Select to English' located by 'By.xpath: //a[@class = 'taglib-language-list-text' and @lang = 'en-US' and (contains(text(), 'EN') or contains(., 'EN'))]' is not present after '3' second(s)

2018-12-06 21:27:49 - [TEST_STEP][PASSED] - Statement - If (Checker == false): null

2018-12-06 21:27:49 - [TEST_STEP][PASSED] - delay: Delayed 2 second(s)

2018-12-06 21:27:51 - [MESSAGE][PASSED] - Delayed 2 second(s)

2018-12-06 21:27:51 - [TEST_STEP][PASSED] - delay: Delayed 5 second(s)

2018-12-06 21:27:56 - [MESSAGE][PASSED] - Delayed 5 second(s)

2018-12-06 21:27:56 - [TEST_STEP][PASSED] - mouseOver: Object: 'Object Repository/Final Object Repo/Landing Page/WorkFlow Menu' is hovered

2018-12-06 21:27:57 - [MESSAGE][PASSED] - Object: 'Object Repository/Final Object Repo/Landing Page/WorkFlow Menu' is hovered

2018-12-06 21:27:57 - [TEST_STEP][PASSED] - delay: Delayed 2 second(s)

2018-12-06 21:27:59 - [MESSAGE][PASSED] - Delayed 2 second(s)

2018-12-06 21:27:59 - [TEST_STEP][PASSED] - click: Object: 'Object Repository/Final Object Repo/Landing Page/Select to Workflow Listing' is clicked on

2018-12-06 21:27:59 - [MESSAGE][PASSED] - Object: 'Object Repository/Final Object Repo/Landing Page/Select to Workflow Listing' is clicked on

2018-12-06 21:27:59 - [TEST_STEP][PASSED] - delay: Delayed 2 second(s)

2018-12-06 21:28:01 - [MESSAGE][PASSED] - Delayed 2 second(s)

2018-12-06 21:28:01 - [TEST_STEP][PASSED] - click: Object: 'Object Repository/Final Object Repo/WorkFlow Listing Page/Search Information - To Put Ref No' is clicked on

2018-12-06 21:28:02 - [MESSAGE][PASSED] - Object: 'Object Repository/Final Object Repo/WorkFlow Listing Page/Search Information - To Put Ref No' is clicked on

2018-12-06 21:28:02 - [TEST_STEP][PASSED] - delay: Delayed 2 second(s)

2018-12-06 21:28:04 - [MESSAGE][PASSED] - Delayed 2 second(s)

2018-12-06 21:28:04 - [TEST_STEP][PASSED] - callTestCase: Call Test Case 'Test Cases/Final Aug 2018 - PKS Automation/Common/Reference Number Getter' successfully

2018-12-06 21:28:04 - [TEST_CASE][PASSED] - Test Cases/Final Aug 2018 - PKS Automation/Common/Reference Number Getter: Test Cases/Final Aug 2018 - PKS Automation/Common/Reference Number Getter

2018-12-06 21:28:04 - [TEST_STEP][PASSED] - Statement - Try: null

2018-12-06 21:28:04 - [TEST_STEP][PASSED] - Statement - RefNo = new java.io.File(C://Users//Admin//Desktop//PKS//Automation Reference Point//KatalonReference.txt): null

2018-12-06 21:28:04 - [TEST_STEP][PASSED] - Statement - bufferread = new java.io.BufferedReader(new java.io.FileReader(RefNo)): null

2018-12-06 21:28:04 - [TEST_STEP][PASSED] - Statement - readedVal = bufferread.readLine(): null

2018-12-06 21:28:04 - [TEST_STEP][PASSED] - Statement - out.println(CaseReferenceNo): null

2018-12-06 21:28:04 - [TEST_STEP][PASSED] - Statement - out.println(readedVal): null

2018-12-06 21:28:04 - [TEST_STEP][PASSED] - Statement - CaseReferenceNo = "": null

2018-12-06 21:28:04 - [TEST_STEP][PASSED] - Statement - CaseReferenceNo = readedVal: null

2018-12-06 21:28:04 - [MESSAGE][PASSED] - Call Test Case 'Test Cases/Final Aug 2018 - PKS Automation/Common/Reference Number Getter' successfully

2018-12-06 21:28:04 - [TEST_STEP][PASSED] - setText: Text 'ERN122018C200002384' is set on object 'Object Repository/Final Object Repo/WorkFlow Listing Page/Ref No Set Text'

2018-12-06 21:28:04 - [MESSAGE][PASSED] - Text 'ERN122018C200002384' is set on object 'Object Repository/Final Object Repo/WorkFlow Listing Page/Ref No Set Text'

2018-12-06 21:28:04 - [TEST_STEP][PASSED] - delay: Delayed 2 second(s)

2018-12-06 21:28:06 - [MESSAGE][PASSED] - Delayed 2 second(s)

2018-12-06 21:28:06 - [TEST_STEP][PASSED] - click: Object: 'Object Repository/Final Object Repo/WorkFlow Listing Page/Search Ref No Search Button' is clicked on

2018-12-06 21:28:06 - [MESSAGE][PASSED] - Object: 'Object Repository/Final Object Repo/WorkFlow Listing Page/Search Ref No Search Button' is clicked on

2018-12-06 21:28:06 - [TEST_STEP][PASSED] - delay: Delayed 6 second(s)

2018-12-06 21:28:12 - [MESSAGE][PASSED] - Delayed 6 second(s)

2018-12-06 21:28:12 - [TEST_STEP][PASSED] - click: Object: 'Object Repository/Final Object Repo/WorkFlow Listing Page/Click Continue Tooltip' is clicked on

2018-12-06 21:28:13 - [MESSAGE][PASSED] - Object: 'Object Repository/Final Object Repo/WorkFlow Listing Page/Click Continue Tooltip' is clicked on

2018-12-06 21:28:13 - [TEST_STEP][PASSED] - delay: Delayed 5 second(s)

2018-12-06 21:28:18 - [MESSAGE][PASSED] - Delayed 5 second(s)

2018-12-06 21:28:18 - [TEST_STEP][PASSED] - doubleClick: Object: 'Object Repository/Final Object Repo/WorkFlow Listing Page/Workflow Found - Listing 1' is double clicked on

2018-12-06 21:28:18 - [MESSAGE][PASSED] - Object: 'Object Repository/Final Object Repo/WorkFlow Listing Page/Workflow Found - Listing 1' is double clicked on

2018-12-06 21:28:18 - [TEST_STEP][PASSED] - Statement - println(OwnerID): null

2018-12-06 21:28:18 - [TEST_STEP][PASSED] - Statement - OwnerID = com.kms.katalon.core.webui.keyword.WebUiBuiltInKeywords.getText(com.kms.katalon.core.testobject.ObjectRepository.findTestObject(Final Object Repo/WorkFlow Listing Page/Workflow Found - Listing 1), STOP_ON_FAILURE): Text of object 'Object Repository/Final Object Repo/WorkFlow Listing Page/Workflow Found - Listing 1' is: 'JOHORuo1'

2018-12-06 21:28:18 - [MESSAGE][PASSED] - Text of object 'Object Repository/Final Object Repo/WorkFlow Listing Page/Workflow Found - Listing 1' is: 'JOHORuo1'

2018-12-06 21:28:18 - [TEST_STEP][PASSED] - Statement - OwnerID = OwnerID.toLowerCase() + "@gmail.com": null

2018-12-06 21:28:18 - [TEST_STEP][PASSED] - Statement - println(OwnerID): null

2018-12-06 21:28:18 - [TEST_STEP][PASSED] - delay: Delayed 2 second(s)

2018-12-06 21:28:20 - [MESSAGE][PASSED] - Delayed 2 second(s)

2018-12-06 21:28:20 - [MESSAGE][PASSED] - Call Test Case 'Test Cases/Final Aug 2018 - PKS Automation/Common/Workflow Owner Finder' successfully

2018-12-06 21:28:20 - [TEST_STEP][PASSED] - delay: Delayed 1 second(s)

2018-12-06 21:28:21 - [MESSAGE][PASSED] - Delayed 1 second(s)

2018-12-06 21:28:21 - [TEST_STEP][PASSED] - navigateToUrl: Navigate to 'https://assist2-uat.perkeso.gov.my/c/portal/logout' successfully

2018-12-06 21:28:22 - [MESSAGE][PASSED] - Navigate to 'https://assist2-uat.perkeso.gov.my/c/portal/logout' successfully

2018-12-06 21:28:22 - [TEST_STEP][PASSED] - delay: Delayed 1 second(s)

2018-12-06 21:28:23 - [MESSAGE][PASSED] - Delayed 1 second(s)

2018-12-06 21:28:23 - [TEST_STEP][PASSED] - callTestCase: Call Test Case 'Test Cases/Final Aug 2018 - PKS Automation/Registration Module/Workflow/Login and Search Case For Workflow' successfully

2018-12-06 21:28:23 - [TEST_CASE][PASSED] - Test Cases/Final Aug 2018 - PKS Automation/Registration Module/Workflow/Login and Search Case For Workflow: Test Cases/Final Aug 2018 - PKS Automation/Registration Module/Workflow/Login and Search Case For Workflow

2018-12-06 21:28:23 - [TEST_STEP][PASSED] - navigateToUrl: Navigate to 'https://assist2-uat.perkeso.gov.my/login' successfully

2018-12-06 21:28:24 - [MESSAGE][PASSED] - Navigate to 'https://assist2-uat.perkeso.gov.my/login' successfully

2018-12-06 21:28:24 - [TEST_STEP][PASSED] - setText: Text 'johoruo1@gmail.com' is set on object 'Object Repository/Final Object Repo/Login Page/Internal User/Email Address'

2018-12-06 21:28:24 - [MESSAGE][PASSED] - Text 'johoruo1@gmail.com' is set on object 'Object Repository/Final Object Repo/Login Page/Internal User/Email Address'

2018-12-06 21:28:24 - [TEST_STEP][PASSED] - click: Object: 'Object Repository/Final Object Repo/Login Page/Internal User/Next Button' is clicked on

2018-12-06 21:28:24 - [MESSAGE][PASSED] - Object: 'Object Repository/Final Object Repo/Login Page/Internal User/Next Button' is clicked on

2018-12-06 21:28:24 - [TEST_STEP][PASSED] - delay: Delayed 1 second(s)

2018-12-06 21:28:25 - [MESSAGE][PASSED] - Delayed 1 second(s)

2018-12-06 21:28:25 - [TEST_STEP][PASSED] - setEncryptedText: Text ****** has been set on object 'Object Repository/Final Object Repo/Login Page/Internal User/Password'

2018-12-06 21:28:26 - [MESSAGE][PASSED] - Text ****** has been set on object 'Object Repository/Final Object Repo/Login Page/Internal User/Password'

2018-12-06 21:28:26 - [TEST_STEP][PASSED] - click: Object: 'Object Repository/Final Object Repo/Login Page/Internal User/Login Button' is clicked on

2018-12-06 21:28:26 - [MESSAGE][PASSED] - Object: 'Object Repository/Final Object Repo/Login Page/Internal User/Login Button' is clicked on

2018-12-06 21:28:26 - [TEST_STEP][PASSED] - delay: Delayed 2 second(s)

2018-12-06 21:28:28 - [MESSAGE][PASSED] - Delayed 2 second(s)

2018-12-06 21:28:28 - [TEST_STEP][PASSED] - Statement - Try: Delayed 2 second(s)

2018-12-06 21:28:28 - [TEST_STEP][PASSED] - Statement - Checker = false: null

2018-12-06 21:28:28 - [TEST_STEP][PASSED] - Statement - Checker = com.kms.katalon.core.webui.keyword.WebUiBuiltInKeywords.verifyElementHasAttribute(com.kms.katalon.core.testobject.ObjectRepository.findTestObject(Final Object Repo/Landing Page/BM Detecting), "href", 20, OPTIONAL): Object 'Object Repository/Final Object Repo/Landing Page/BM Detecting' has attribute 'href'

2018-12-06 21:28:28 - [MESSAGE][PASSED] - Object 'Object Repository/Final Object Repo/Landing Page/BM Detecting' has attribute 'href'

2018-12-06 21:28:28 - [TEST_STEP][PASSED] - Statement - out.println(Checker): null

2018-12-06 21:28:28 - [TEST_STEP][PASSED] - Statement - If (Checker == false): null

2018-12-06 21:28:28 - [TEST_STEP][PASSED] - Statement - Else: null

2018-12-06 21:28:28 - [TEST_STEP][PASSED] - delay: Delayed 2 second(s)

2018-12-06 21:28:30 - [MESSAGE][PASSED] - Delayed 2 second(s)

2018-12-06 21:28:30 - [TEST_STEP][PASSED] - click: Object: 'Object Repository/Final Object Repo/Page_MyASSIST - ASSIST - Search Pending Case For Add Supporting Document/Search Information' is clicked on

2018-12-06 21:28:30 - [MESSAGE][PASSED] - Object: 'Object Repository/Final Object Repo/Page_MyASSIST - ASSIST - Search Pending Case For Add Supporting Document/Search Information' is clicked on

2018-12-06 21:28:30 - [TEST_STEP][PASSED] - delay: Delayed 3 second(s)

2018-12-06 21:28:33 - [MESSAGE][PASSED] - Delayed 3 second(s)

2018-12-06 21:28:33 - [TEST_STEP][PASSED] - sendKeys: Keys 'ERN122018C200002384' sent to object: 'Object Repository/Final Object Repo/Page_MyASSIST - ASSIST - Search Pending Case For Add Supporting Document/Reference No'

2018-12-06 21:28:33 - [MESSAGE][PASSED] - Keys 'ERN122018C200002384' sent to object: 'Object Repository/Final Object Repo/Page_MyASSIST - ASSIST - Search Pending Case For Add Supporting Document/Reference No'

2018-12-06 21:28:33 - [TEST_STEP][PASSED] - click: Object: 'Object Repository/Final Object Repo/Page_MyASSIST - ASSIST - Search Pending Case For Add Supporting Document/Search Reference No' is clicked on

2018-12-06 21:28:33 - [MESSAGE][PASSED] - Object: 'Object Repository/Final Object Repo/Page_MyASSIST - ASSIST - Search Pending Case For Add Supporting Document/Search Reference No' is clicked on

2018-12-06 21:28:33 - [TEST_STEP][PASSED] - delay: Delayed 2 second(s)

2018-12-06 21:28:35 - [MESSAGE][PASSED] - Delayed 2 second(s)

2018-12-06 21:28:35 - [TEST_STEP][PASSED] - click: Object: 'Object Repository/Final Object Repo/Page_MyASSIST - ASSIST - Search Pending Case For Add Supporting Document/Continue' is clicked on

2018-12-06 21:28:39 - [MESSAGE][PASSED] - Object: 'Object Repository/Final Object Repo/Page_MyASSIST - ASSIST - Search Pending Case For Add Supporting Document/Continue' is clicked on

2018-12-06 21:28:39 - [TEST_STEP][PASSED] - delay: Delayed 20 second(s)

2018-12-06 21:28:59 - [MESSAGE][PASSED] - Delayed 20 second(s)

2018-12-06 21:28:59 - [MESSAGE][PASSED] - Call Test Case 'Test Cases/Final Aug 2018 - PKS Automation/Registration Module/Workflow/Login and Search Case For Workflow' successfully

2018-12-06 21:28:59 - [TEST_STEP][PASSED] - click: Object: 'Object Repository/Final Object Repo/Page_Form 3 EIS - Cessation as Employer/Page_Form 3 EIS - Cessation as Employer (Approve)/Save  Continue in Form 3 Page' is clicked on

2018-12-06 21:28:59 - [MESSAGE][PASSED] - Object: 'Object Repository/Final Object Repo/Page_Form 3 EIS - Cessation as Employer/Page_Form 3 EIS - Cessation as Employer (Approve)/Save  Continue in Form 3 Page' is clicked on

2018-12-06 21:28:59 - [TEST_STEP][PASSED] - delay: Delayed 4 second(s)

2018-12-06 21:29:03 - [MESSAGE][PASSED] - Delayed 4 second(s)

2018-12-06 21:29:03 - [TEST_STEP][PASSED] - click: Object: 'Object Repository/Final Object Repo/Page_Form 3 EIS - Cessation as Employer/Page_Form 3 EIS - Cessation as Employer (Approve)/Save  Continue in Resigned Page' is clicked on

2018-12-06 21:29:03 - [MESSAGE][PASSED] - Object: 'Object Repository/Final Object Repo/Page_Form 3 EIS - Cessation as Employer/Page_Form 3 EIS - Cessation as Employer (Approve)/Save  Continue in Resigned Page' is clicked on

2018-12-06 21:29:03 - [TEST_STEP][PASSED] - delay: Delayed 2 second(s)

2018-12-06 21:29:05 - [MESSAGE][PASSED] - Delayed 2 second(s)

2018-12-06 21:29:05 - [TEST_STEP][PASSED] - setText: Text 'Remark' is set on object 'Object Repository/Final Object Repo/Page_Form 3 EIS - Cessation as Employer/Page_Form 3 EIS - Cessation as Employer (Query)/Query - Remark'

2018-12-06 21:29:06 - [MESSAGE][PASSED] - Text 'Remark' is set on object 'Object Repository/Final Object Repo/Page_Form 3 EIS - Cessation as Employer/Page_Form 3 EIS - Cessation as Employer (Query)/Query - Remark'

2018-12-06 21:29:06 - [TEST_STEP][PASSED] - delay: Delayed 2 second(s)

2018-12-06 21:29:08 - [MESSAGE][PASSED] - Delayed 2 second(s)

2018-12-06 21:29:08 - [TEST_STEP][PASSED] - click: Object: 'Object Repository/Final Object Repo/Page_Form 3 EIS - Cessation as Employer/Page_Form 3 EIS - Cessation as Employer (Query)/Save  Continue' is clicked on

2018-12-06 21:29:08 - [MESSAGE][PASSED] - Object: 'Object Repository/Final Object Repo/Page_Form 3 EIS - Cessation as Employer/Page_Form 3 EIS - Cessation as Employer (Query)/Save  Continue' is clicked on

2018-12-06 21:29:08 - [TEST_STEP][PASSED] - delay: Delayed 2 second(s)

2018-12-06 21:29:10 - [MESSAGE][PASSED] - Delayed 2 second(s)

2018-12-06 21:29:10 - [TEST_STEP][PASSED] - click: Object: 'Object Repository/Final Object Repo/Page_Form 3 EIS - Cessation as Employer/Page_Form 3 EIS - Cessation as Employer (Query)/Query' is clicked on

2018-12-06 21:29:13 - [MESSAGE][PASSED] - Object: 'Object Repository/Final Object Repo/Page_Form 3 EIS - Cessation as Employer/Page_Form 3 EIS - Cessation as Employer (Query)/Query' is clicked on

2018-12-06 21:29:13 - [TEST_STEP][PASSED] - delay: Delayed 2 second(s)

2018-12-06 21:29:15 - [MESSAGE][PASSED] - Delayed 2 second(s)

2018-12-06 21:29:15 - [TEST_STEP][PASSED] - click: Object: 'Object Repository/Final Object Repo/Page_Form 3 EIS - Cessation as Employer/Page_Form 3 EIS - Cessation as Employer (Query)/Confirm' is clicked on

2018-12-06 21:29:22 - [MESSAGE][PASSED] - Object: 'Object Repository/Final Object Repo/Page_Form 3 EIS - Cessation as Employer/Page_Form 3 EIS - Cessation as Employer (Query)/Confirm' is clicked on

2018-12-06 21:29:22 - [TEST_STEP][PASSED] - delay: Delayed 2 second(s)

2018-12-06 21:29:24 - [MESSAGE][PASSED] - Delayed 2 second(s)

2018-12-06 21:29:24 - [TEST_STEP][PASSED] - click: Object: 'Object Repository/Final Object Repo/Page_Form 3 EIS - Cessation as Employer/Page_Form 3 EIS - Cessation as Employer (Query)/Message The Case Is Under Query' is clicked on

2018-12-06 21:29:24 - [MESSAGE][PASSED] - Object: 'Object Repository/Final Object Repo/Page_Form 3 EIS - Cessation as Employer/Page_Form 3 EIS - Cessation as Employer (Query)/Message The Case Is Under Query' is clicked on

2018-12-06 21:29:24 - [TEST_STEP][PASSED] - click: Object: 'Object Repository/Final Object Repo/Page_Form 3 EIS - Cessation as Employer/Page_Form 3 EIS - Cessation as Employer (Query)/Letter of inquiry' is clicked on

2018-12-06 21:29:25 - [MESSAGE][PASSED] - Object: 'Object Repository/Final Object Repo/Page_Form 3 EIS - Cessation as Employer/Page_Form 3 EIS - Cessation as Employer (Query)/Letter of inquiry' is clicked on

2018-12-06 21:29:25 - [TEST_STEP][PASSED] - delay: Delayed 1 second(s)

2018-12-06 21:29:26 - [MESSAGE][PASSED] - Delayed 1 second(s)

2018-12-06 21:29:26 - [TEST_STEP][PASSED] - navigateToUrl: Navigate to 'https://assist2-uat.perkeso.gov.my/c/portal/logout' successfully

2018-12-06 21:29:27 - [MESSAGE][PASSED] - Navigate to 'https://assist2-uat.perkeso.gov.my/c/portal/logout' successfully

2018-12-06 21:29:27 - [TEST_STEP][PASSED] - delay: Delayed 1 second(s)

2018-12-06 21:29:28 - [MESSAGE][PASSED] - Delayed 1 second(s)

2018-12-06 21:29:28 - [TEST_STEP][PASSED] - callTestCase: Call Test Case 'Test Cases/Final Aug 2018 - PKS Automation/Registration Module/Workflow/Login and Search Case For Workflow' successfully

2018-12-06 21:29:28 - [TEST_CASE][PASSED] - Test Cases/Final Aug 2018 - PKS Automation/Registration Module/Workflow/Login and Search Case For Workflow: Test Cases/Final Aug 2018 - PKS Automation/Registration Module/Workflow/Login and Search Case For Workflow

2018-12-06 21:29:28 - [TEST_STEP][PASSED] - navigateToUrl: Navigate to 'https://assist2-uat.perkeso.gov.my/login' successfully

2018-12-06 21:29:28 - [MESSAGE][PASSED] - Navigate to 'https://assist2-uat.perkeso.gov.my/login' successfully

2018-12-06 21:29:28 - [TEST_STEP][PASSED] - setText: Text 'johoruo1@gmail.com' is set on object 'Object Repository/Final Object Repo/Login Page/Internal User/Email Address'

2018-12-06 21:29:29 - [MESSAGE][PASSED] - Text 'johoruo1@gmail.com' is set on object 'Object Repository/Final Object Repo/Login Page/Internal User/Email Address'

2018-12-06 21:29:29 - [TEST_STEP][PASSED] - click: Object: 'Object Repository/Final Object Repo/Login Page/Internal User/Next Button' is clicked on

2018-12-06 21:29:29 - [MESSAGE][PASSED] - Object: 'Object Repository/Final Object Repo/Login Page/Internal User/Next Button' is clicked on

2018-12-06 21:29:29 - [TEST_STEP][PASSED] - delay: Delayed 1 second(s)

2018-12-06 21:29:30 - [MESSAGE][PASSED] - Delayed 1 second(s)

2018-12-06 21:29:30 - [TEST_STEP][PASSED] - setEncryptedText: Text ****** has been set on object 'Object Repository/Final Object Repo/Login Page/Internal User/Password'

2018-12-06 21:29:30 - [MESSAGE][PASSED] - Text ****** has been set on object 'Object Repository/Final Object Repo/Login Page/Internal User/Password'

2018-12-06 21:29:30 - [TEST_STEP][PASSED] - click: Object: 'Object Repository/Final Object Repo/Login Page/Internal User/Login Button' is clicked on

2018-12-06 21:29:30 - [MESSAGE][PASSED] - Object: 'Object Repository/Final Object Repo/Login Page/Internal User/Login Button' is clicked on

2018-12-06 21:29:30 - [TEST_STEP][PASSED] - delay: Delayed 2 second(s)

2018-12-06 21:29:32 - [MESSAGE][PASSED] - Delayed 2 second(s)

2018-12-06 21:29:32 - [TEST_STEP][PASSED] - Statement - Try: Delayed 2 second(s)

2018-12-06 21:29:32 - [TEST_STEP][PASSED] - Statement - Checker = false: null

2018-12-06 21:29:32 - [TEST_STEP][PASSED] - Statement - Checker = com.kms.katalon.core.webui.keyword.WebUiBuiltInKeywords.verifyElementHasAttribute(com.kms.katalon.core.testobject.ObjectRepository.findTestObject(Final Object Repo/Landing Page/BM Detecting), "href", 20, OPTIONAL): Object 'Object Repository/Final Object Repo/Landing Page/BM Detecting' has attribute 'href'

2018-12-06 21:29:32 - [MESSAGE][PASSED] - Object 'Object Repository/Final Object Repo/Landing Page/BM Detecting' has attribute 'href'

2018-12-06 21:29:32 - [TEST_STEP][PASSED] - Statement - out.println(Checker): null

2018-12-06 21:29:32 - [TEST_STEP][PASSED] - Statement - If (Checker == false): null

2018-12-06 21:29:32 - [TEST_STEP][PASSED] - Statement - Else: null

2018-12-06 21:29:32 - [TEST_STEP][PASSED] - delay: Delayed 2 second(s)

2018-12-06 21:29:34 - [MESSAGE][PASSED] - Delayed 2 second(s)

2018-12-06 21:29:34 - [TEST_STEP][PASSED] - click: Object: 'Object Repository/Final Object Repo/Page_MyASSIST - ASSIST - Search Pending Case For Add Supporting Document/Search Information' is clicked on

2018-12-06 21:29:35 - [MESSAGE][PASSED] - Object: 'Object Repository/Final Object Repo/Page_MyASSIST - ASSIST - Search Pending Case For Add Supporting Document/Search Information' is clicked on

2018-12-06 21:29:35 - [TEST_STEP][PASSED] - delay: Delayed 3 second(s)

2018-12-06 21:29:38 - [MESSAGE][PASSED] - Delayed 3 second(s)

2018-12-06 21:29:38 - [TEST_STEP][PASSED] - sendKeys: Keys 'ERN122018C200002384' sent to object: 'Object Repository/Final Object Repo/Page_MyASSIST - ASSIST - Search Pending Case For Add Supporting Document/Reference No'

2018-12-06 21:29:38 - [MESSAGE][PASSED] - Keys 'ERN122018C200002384' sent to object: 'Object Repository/Final Object Repo/Page_MyASSIST - ASSIST - Search Pending Case For Add Supporting Document/Reference No'

2018-12-06 21:29:38 - [TEST_STEP][PASSED] - click: Object: 'Object Repository/Final Object Repo/Page_MyASSIST - ASSIST - Search Pending Case For Add Supporting Document/Search Reference No' is clicked on

2018-12-06 21:29:38 - [MESSAGE][PASSED] - Object: 'Object Repository/Final Object Repo/Page_MyASSIST - ASSIST - Search Pending Case For Add Supporting Document/Search Reference No' is clicked on

2018-12-06 21:29:38 - [TEST_STEP][PASSED] - delay: Delayed 2 second(s)

2018-12-06 21:29:40 - [MESSAGE][PASSED] - Delayed 2 second(s)

2018-12-06 21:29:40 - [TEST_STEP][PASSED] - click: Object: 'Object Repository/Final Object Repo/Page_MyASSIST - ASSIST - Search Pending Case For Add Supporting Document/Continue' is clicked on

2018-12-06 21:29:43 - [MESSAGE][PASSED] - Object: 'Object Repository/Final Object Repo/Page_MyASSIST - ASSIST - Search Pending Case For Add Supporting Document/Continue' is clicked on

2018-12-06 21:29:43 - [TEST_STEP][PASSED] - delay: Delayed 20 second(s)

2018-12-06 21:30:03 - [MESSAGE][PASSED] - Delayed 20 second(s)

2018-12-06 21:30:03 - [MESSAGE][PASSED] - Call Test Case 'Test Cases/Final Aug 2018 - PKS Automation/Registration Module/Workflow/Login and Search Case For Workflow' successfully

2018-12-06 21:30:03 - [TEST_STEP][PASSED] - navigateToUrl: Navigate to 'https://assist2-uat.perkeso.gov.my/web/registration/eis-update/form-3-eis-cessation-as-employer?p_p_id=searchforemployersip_WAR_registrationportlet&p_p_lifecycle=0&_searchforemployersip_WAR_registrationportlet_regViewKey=87&_searchforemployersip_WAR_registrationportlet_browserIdKey=1536115932192&_searchforemployersip_WAR_registrationportlet_tempEmployerIdKey=128990&_searchforemployersip_WAR_registrationportlet_employerIdKey=&_searchforemployersip_WAR_registrationportlet_refCaseNo=ERN092018C200002133&_searchforemployersip_WAR_registrationportlet_mvcPath=%2Fapps%2Freg%2Fdiscontinue_business_sip%2Fdiscontinue_business_sip_form.jsp&_searchforemployersip_WAR_registrationportlet_regSectionKey=215' successfully

2018-12-06 21:30:06 - [MESSAGE][PASSED] - Navigate to 'https://assist2-uat.perkeso.gov.my/web/registration/eis-update/form-3-eis-cessation-as-employer?p_p_id=searchforemployersip_WAR_registrationportlet&p_p_lifecycle=0&_searchforemployersip_WAR_registrationportlet_regViewKey=87&_searchforemployersip_WAR_registrationportlet_browserIdKey=1536115932192&_searchforemployersip_WAR_registrationportlet_tempEmployerIdKey=128990&_searchforemployersip_WAR_registrationportlet_employerIdKey=&_searchforemployersip_WAR_registrationportlet_refCaseNo=ERN092018C200002133&_searchforemployersip_WAR_registrationportlet_mvcPath=%2Fapps%2Freg%2Fdiscontinue_business_sip%2Fdiscontinue_business_sip_form.jsp&_searchforemployersip_WAR_registrationportlet_regSectionKey=215' successfully

2018-12-06 21:30:06 - [TEST_STEP][PASSED] - delay: Delayed 5 second(s)

2018-12-06 21:30:11 - [MESSAGE][PASSED] - Delayed 5 second(s)

2018-12-06 21:30:11 - [TEST_STEP][FAILED] - click: Unable to click on object 'Object Repository/Final Object Repo/Page_Form 3 EIS - Cessation as Employer/Page_Form 3 EIS - Cessation as Employer (Query - OTC - UO)/Next' (Root cause: com.kms.katalon.core.webui.exception.WebElementNotFoundException: Web element with id: 'Object Repository/Final Object Repo/Page_Form 3 EIS - Cessation as Employer/Page_Form 3 EIS - Cessation as Employer (Query - OTC - UO)/Next' located by 'By.xpath: //a[(text() = ' NEXT
						' or . = ' NEXT
						')]' not found)

2018-12-06 21:30:44 - [MESSAGE][FAILED] - Unable to click on object 'Object Repository/Final Object Repo/Page_Form 3 EIS - Cessation as Employer/Page_Form 3 EIS - Cessation as Employer (Query - OTC - UO)/Next' (Root cause: com.kms.katalon.core.webui.exception.WebElementNotFoundException: Web element with id: 'Object Repository/Final Object Repo/Page_Form 3 EIS - Cessation as Employer/Page_Form 3 EIS - Cessation as Employer (Query - OTC - UO)/Next' located by 'By.xpath: //a[(text() = ' NEXT
						' or . = ' NEXT
						')]' not found)
[[ATTACHMENT|C:\\Users\\Admin\\Desktop\\PKS\\Perkeso Phase A\\Reports\\Workflow\\Form 3 EIS - Cessation as Employer\\20181206_171414\\1544103044467.png]]

2018-12-06 21:30:44 - [TEST_STEP][PASSED] - delay: Delayed 2 second(s)

2018-12-06 21:30:46 - [MESSAGE][PASSED] - Delayed 2 second(s)

2018-12-06 21:30:46 - [TEST_STEP][FAILED] - click: Unable to click on object 'Object Repository/Final Object Repo/Page_Form 3 EIS - Cessation as Employer/Page_Form 3 EIS - Cessation as Employer (Query - OTC - UO)/Next in Resigned Page' (Root cause: com.kms.katalon.core.webui.exception.WebElementNotFoundException: Web element with id: 'Object Repository/Final Object Repo/Page_Form 3 EIS - Cessation as Employer/Page_Form 3 EIS - Cessation as Employer (Query - OTC - UO)/Next in Resigned Page' located by 'By.xpath: //a[(text() = ' NEXT
					' or . = ' NEXT
					')]' not found)

2018-12-06 21:31:19 - [MESSAGE][FAILED] - Unable to click on object 'Object Repository/Final Object Repo/Page_Form 3 EIS - Cessation as Employer/Page_Form 3 EIS - Cessation as Employer (Query - OTC - UO)/Next in Resigned Page' (Root cause: com.kms.katalon.core.webui.exception.WebElementNotFoundException: Web element with id: 'Object Repository/Final Object Repo/Page_Form 3 EIS - Cessation as Employer/Page_Form 3 EIS - Cessation as Employer (Query - OTC - UO)/Next in Resigned Page' located by 'By.xpath: //a[(text() = ' NEXT
					' or . = ' NEXT
					')]' not found)
[[ATTACHMENT|C:\\Users\\Admin\\Desktop\\PKS\\Perkeso Phase A\\Reports\\Workflow\\Form 3 EIS - Cessation as Employer\\20181206_171414\\1544103079179.png]]

2018-12-06 21:31:19 - [TEST_STEP][PASSED] - delay: Delayed 2 second(s)

2018-12-06 21:31:21 - [MESSAGE][PASSED] - Delayed 2 second(s)

2018-12-06 21:31:21 - [TEST_STEP][FAILED] - click: Unable to click on object 'Object Repository/Final Object Repo/Page_Form 3 EIS - Cessation as Employer/Page_Form 3 EIS - Cessation as Employer (Query - OTC - UO)/Add Document' (Root cause: com.kms.katalon.core.webui.exception.WebElementNotFoundException: Web element with id: 'Object Repository/Final Object Repo/Page_Form 3 EIS - Cessation as Employer/Page_Form 3 EIS - Cessation as Employer (Query - OTC - UO)/Add Document' located by 'By.xpath: //a[(text() = '
					ADD DOCUMENT
	             ' or . = '
					ADD DOCUMENT
	             ')]' not found)

2018-12-06 21:31:54 - [MESSAGE][FAILED] - Unable to click on object 'Object Repository/Final Object Repo/Page_Form 3 EIS - Cessation as Employer/Page_Form 3 EIS - Cessation as Employer (Query - OTC - UO)/Add Document' (Root cause: com.kms.katalon.core.webui.exception.WebElementNotFoundException: Web element with id: 'Object Repository/Final Object Repo/Page_Form 3 EIS - Cessation as Employer/Page_Form 3 EIS - Cessation as Employer (Query - OTC - UO)/Add Document' located by 'By.xpath: //a[(text() = '
					ADD DOCUMENT
	             ' or . = '
					ADD DOCUMENT
	             ')]' not found)
[[ATTACHMENT|C:\\Users\\Admin\\Desktop\\PKS\\Perkeso Phase A\\Reports\\Workflow\\Form 3 EIS - Cessation as Employer\\20181206_171414\\1544103114315.png]]

2018-12-06 21:31:54 - [TEST_STEP][PASSED] - delay: Delayed 2 second(s)

2018-12-06 21:31:56 - [MESSAGE][PASSED] - Delayed 2 second(s)

2018-12-06 21:31:56 - [TEST_STEP][FAILED] - click: Unable to click on object 'Object Repository/Final Object Repo/Page_Form 3 EIS - Cessation as Employer/Page_Form 3 EIS - Cessation as Employer (Query - OTC - UO)/Document Type' (Root cause: com.kms.katalon.core.webui.exception.WebElementNotFoundException: Web element with id: 'Object Repository/Final Object Repo/Page_Form 3 EIS - Cessation as Employer/Page_Form 3 EIS - Cessation as Employer (Query - OTC - UO)/Document Type' located by 'By.xpath: //span[@aria-labelledby = 'select2-_searchforemployersip_WAR_registrationportlet_objdocTypeId-container']' not found)

2018-12-06 21:32:33 - [MESSAGE][FAILED] - Unable to click on object 'Object Repository/Final Object Repo/Page_Form 3 EIS - Cessation as Employer/Page_Form 3 EIS - Cessation as Employer (Query - OTC - UO)/Document Type' (Root cause: com.kms.katalon.core.webui.exception.WebElementNotFoundException: Web element with id: 'Object Repository/Final Object Repo/Page_Form 3 EIS - Cessation as Employer/Page_Form 3 EIS - Cessation as Employer (Query - OTC - UO)/Document Type' located by 'By.xpath: //span[@aria-labelledby = 'select2-_searchforemployersip_WAR_registrationportlet_objdocTypeId-container']' not found)
[[ATTACHMENT|C:\\Users\\Admin\\Desktop\\PKS\\Perkeso Phase A\\Reports\\Workflow\\Form 3 EIS - Cessation as Employer\\20181206_171414\\1544103153242.png]]

2018-12-06 21:32:33 - [TEST_STEP][PASSED] - delay: Delayed 2 second(s)

2018-12-06 21:32:35 - [MESSAGE][PASSED] - Delayed 2 second(s)

2018-12-06 21:32:35 - [TEST_STEP][FAILED] - click: Unable to click on object 'Object Repository/Final Object Repo/Page_Form 3 EIS - Cessation as Employer/Page_Form 3 EIS - Cessation as Employer (Query - OTC - UO)/Document Type - Others' (Root cause: com.kms.katalon.core.webui.exception.WebElementNotFoundException: Web element with id: 'Object Repository/Final Object Repo/Page_Form 3 EIS - Cessation as Employer/Page_Form 3 EIS - Cessation as Employer (Query - OTC - UO)/Document Type - Others' located by 'By.xpath: //span[(text() = '


	Others
' or . = '


	Others
')]' not found)

2018-12-06 21:33:07 - [MESSAGE][FAILED] - Unable to click on object 'Object Repository/Final Object Repo/Page_Form 3 EIS - Cessation as Employer/Page_Form 3 EIS - Cessation as Employer (Query - OTC - UO)/Document Type - Others' (Root cause: com.kms.katalon.core.webui.exception.WebElementNotFoundException: Web element with id: 'Object Repository/Final Object Repo/Page_Form 3 EIS - Cessation as Employer/Page_Form 3 EIS - Cessation as Employer (Query - OTC - UO)/Document Type - Others' located by 'By.xpath: //span[(text() = '


	Others
' or . = '


	Others
')]' not found)
[[ATTACHMENT|C:\\Users\\Admin\\Desktop\\PKS\\Perkeso Phase A\\Reports\\Workflow\\Form 3 EIS - Cessation as Employer\\20181206_171414\\1544103187044.png]]

2018-12-06 21:33:07 - [TEST_STEP][PASSED] - delay: Delayed 2 second(s)

2018-12-06 21:33:09 - [MESSAGE][PASSED] - Delayed 2 second(s)

2018-12-06 21:33:09 - [TEST_STEP][FAILED] - sendKeys: Unable to send keys 'C:\Users\Public\Pictures\Sample Pictures\Koala.jpg' to object 'Object Repository/Final Object Repo/Page_Form 3 EIS - Cessation as Employer/Page_Form 3 EIS - Cessation as Employer (Query - OTC - UO)/ploading File' (Root cause: com.kms.katalon.core.webui.exception.WebElementNotFoundException: Web element with id: 'Object Repository/Final Object Repo/Page_Form 3 EIS - Cessation as Employer/Page_Form 3 EIS - Cessation as Employer (Query - OTC - UO)/ploading File' located by 'By.xpath: //input[@type = 'file' and @id = '_searchforemployersip_WAR_registrationportlet_uploadFile']' not found)

2018-12-06 21:33:42 - [MESSAGE][FAILED] - Unable to send keys 'C:\Users\Public\Pictures\Sample Pictures\Koala.jpg' to object 'Object Repository/Final Object Repo/Page_Form 3 EIS - Cessation as Employer/Page_Form 3 EIS - Cessation as Employer (Query - OTC - UO)/ploading File' (Root cause: com.kms.katalon.core.webui.exception.WebElementNotFoundException: Web element with id: 'Object Repository/Final Object Repo/Page_Form 3 EIS - Cessation as Employer/Page_Form 3 EIS - Cessation as Employer (Query - OTC - UO)/ploading File' located by 'By.xpath: //input[@type = 'file' and @id = '_searchforemployersip_WAR_registrationportlet_uploadFile']' not found)
[[ATTACHMENT|C:\\Users\\Admin\\Desktop\\PKS\\Perkeso Phase A\\Reports\\Workflow\\Form 3 EIS - Cessation as Employer\\20181206_171414\\1544103222072.png]]

2018-12-06 21:33:42 - [TEST_STEP][PASSED] - delay: Delayed 2 second(s)

2018-12-06 21:33:44 - [MESSAGE][PASSED] - Delayed 2 second(s)

2018-12-06 21:33:44 - [TEST_STEP][FAILED] - click: Unable to click on object 'Object Repository/Final Object Repo/Page_Form 3 EIS - Cessation as Employer/Page_Form 3 EIS - Cessation as Employer (Query - OTC - UO)/Add Document in Uploading Page' (Root cause: com.kms.katalon.core.webui.exception.WebElementNotFoundException: Web element with id: 'Object Repository/Final Object Repo/Page_Form 3 EIS - Cessation as Employer/Page_Form 3 EIS - Cessation as Employer (Query - OTC - UO)/Add Document in Uploading Page' located by 'By.xpath: //a[(text() = '
										ADD DOCUMENT
								     ' or . = '
										ADD DOCUMENT
								     ')]' not found)

2018-12-06 21:34:18 - [MESSAGE][FAILED] - Unable to click on object 'Object Repository/Final Object Repo/Page_Form 3 EIS - Cessation as Employer/Page_Form 3 EIS - Cessation as Employer (Query - OTC - UO)/Add Document in Uploading Page' (Root cause: com.kms.katalon.core.webui.exception.WebElementNotFoundException: Web element with id: 'Object Repository/Final Object Repo/Page_Form 3 EIS - Cessation as Employer/Page_Form 3 EIS - Cessation as Employer (Query - OTC - UO)/Add Document in Uploading Page' located by 'By.xpath: //a[(text() = '
										ADD DOCUMENT
								     ' or . = '
										ADD DOCUMENT
								     ')]' not found)
[[ATTACHMENT|C:\\Users\\Admin\\Desktop\\PKS\\Perkeso Phase A\\Reports\\Workflow\\Form 3 EIS - Cessation as Employer\\20181206_171414\\1544103258050.png]]

2018-12-06 21:34:18 - [TEST_STEP][PASSED] - delay: Delayed 2 second(s)

2018-12-06 21:34:20 - [MESSAGE][PASSED] - Delayed 2 second(s)

2018-12-06 21:34:20 - [TEST_STEP][FAILED] - click: Unable to click on object 'Object Repository/Final Object Repo/Page_Form 3 EIS - Cessation as Employer/Page_Form 3 EIS - Cessation as Employer (Query - OTC - UO)/Exit' (Root cause: com.kms.katalon.core.webui.exception.WebElementNotFoundException: Web element with id: 'Object Repository/Final Object Repo/Page_Form 3 EIS - Cessation as Employer/Page_Form 3 EIS - Cessation as Employer (Query - OTC - UO)/Exit' located by 'By.xpath: //a[(text() = '
									EXIT
				                ' or . = '
									EXIT
				                ')]' not found)

2018-12-06 21:34:53 - [MESSAGE][FAILED] - Unable to click on object 'Object Repository/Final Object Repo/Page_Form 3 EIS - Cessation as Employer/Page_Form 3 EIS - Cessation as Employer (Query - OTC - UO)/Exit' (Root cause: com.kms.katalon.core.webui.exception.WebElementNotFoundException: Web element with id: 'Object Repository/Final Object Repo/Page_Form 3 EIS - Cessation as Employer/Page_Form 3 EIS - Cessation as Employer (Query - OTC - UO)/Exit' located by 'By.xpath: //a[(text() = '
									EXIT
				                ' or . = '
									EXIT
				                ')]' not found)
[[ATTACHMENT|C:\\Users\\Admin\\Desktop\\PKS\\Perkeso Phase A\\Reports\\Workflow\\Form 3 EIS - Cessation as Employer\\20181206_171414\\1544103293202.png]]

2018-12-06 21:34:53 - [TEST_STEP][PASSED] - delay: Delayed 1 second(s)

2018-12-06 21:34:54 - [MESSAGE][PASSED] - Delayed 1 second(s)

2018-12-06 21:34:54 - [TEST_STEP][PASSED] - navigateToUrl: Navigate to 'https://assist2-uat.perkeso.gov.my/c/portal/logout' successfully

2018-12-06 21:34:55 - [MESSAGE][PASSED] - Navigate to 'https://assist2-uat.perkeso.gov.my/c/portal/logout' successfully

2018-12-06 21:34:55 - [TEST_STEP][PASSED] - delay: Delayed 1 second(s)

2018-12-06 21:34:56 - [MESSAGE][PASSED] - Delayed 1 second(s)

2018-12-06 21:34:56 - [TEST_STEP][PASSED] - callTestCase: Call Test Case 'Test Cases/Final Aug 2018 - PKS Automation/Registration Module/Workflow/Login and Search Case For Workflow' successfully

2018-12-06 21:34:56 - [TEST_CASE][PASSED] - Test Cases/Final Aug 2018 - PKS Automation/Registration Module/Workflow/Login and Search Case For Workflow: Test Cases/Final Aug 2018 - PKS Automation/Registration Module/Workflow/Login and Search Case For Workflow

2018-12-06 21:34:56 - [TEST_STEP][PASSED] - navigateToUrl: Navigate to 'https://assist2-uat.perkeso.gov.my/login' successfully

2018-12-06 21:34:56 - [MESSAGE][PASSED] - Navigate to 'https://assist2-uat.perkeso.gov.my/login' successfully

2018-12-06 21:34:56 - [TEST_STEP][PASSED] - setText: Text 'johoruo1@gmail.com' is set on object 'Object Repository/Final Object Repo/Login Page/Internal User/Email Address'

2018-12-06 21:34:57 - [MESSAGE][PASSED] - Text 'johoruo1@gmail.com' is set on object 'Object Repository/Final Object Repo/Login Page/Internal User/Email Address'

2018-12-06 21:34:57 - [TEST_STEP][PASSED] - click: Object: 'Object Repository/Final Object Repo/Login Page/Internal User/Next Button' is clicked on

2018-12-06 21:34:57 - [MESSAGE][PASSED] - Object: 'Object Repository/Final Object Repo/Login Page/Internal User/Next Button' is clicked on

2018-12-06 21:34:57 - [TEST_STEP][PASSED] - delay: Delayed 1 second(s)

2018-12-06 21:34:58 - [MESSAGE][PASSED] - Delayed 1 second(s)

2018-12-06 21:34:58 - [TEST_STEP][PASSED] - setEncryptedText: Text ****** has been set on object 'Object Repository/Final Object Repo/Login Page/Internal User/Password'

2018-12-06 21:34:58 - [MESSAGE][PASSED] - Text ****** has been set on object 'Object Repository/Final Object Repo/Login Page/Internal User/Password'

2018-12-06 21:34:58 - [TEST_STEP][PASSED] - click: Object: 'Object Repository/Final Object Repo/Login Page/Internal User/Login Button' is clicked on

2018-12-06 21:34:58 - [MESSAGE][PASSED] - Object: 'Object Repository/Final Object Repo/Login Page/Internal User/Login Button' is clicked on

2018-12-06 21:34:58 - [TEST_STEP][PASSED] - delay: Delayed 2 second(s)

2018-12-06 21:35:00 - [MESSAGE][PASSED] - Delayed 2 second(s)

2018-12-06 21:35:00 - [TEST_STEP][PASSED] - Statement - Try: Delayed 2 second(s)

2018-12-06 21:35:00 - [TEST_STEP][PASSED] - Statement - Checker = false: null

2018-12-06 21:35:00 - [TEST_STEP][PASSED] - Statement - Checker = com.kms.katalon.core.webui.keyword.WebUiBuiltInKeywords.verifyElementHasAttribute(com.kms.katalon.core.testobject.ObjectRepository.findTestObject(Final Object Repo/Landing Page/BM Detecting), "href", 20, OPTIONAL): Object 'Object Repository/Final Object Repo/Landing Page/BM Detecting' has attribute 'href'

2018-12-06 21:35:00 - [MESSAGE][PASSED] - Object 'Object Repository/Final Object Repo/Landing Page/BM Detecting' has attribute 'href'

2018-12-06 21:35:00 - [TEST_STEP][PASSED] - Statement - out.println(Checker): null

2018-12-06 21:35:00 - [TEST_STEP][PASSED] - Statement - If (Checker == false): null

2018-12-06 21:35:00 - [TEST_STEP][PASSED] - Statement - Else: null

2018-12-06 21:35:00 - [TEST_STEP][PASSED] - delay: Delayed 2 second(s)

2018-12-06 21:35:02 - [MESSAGE][PASSED] - Delayed 2 second(s)

2018-12-06 21:35:02 - [TEST_STEP][PASSED] - click: Object: 'Object Repository/Final Object Repo/Page_MyASSIST - ASSIST - Search Pending Case For Add Supporting Document/Search Information' is clicked on

2018-12-06 21:35:02 - [MESSAGE][PASSED] - Object: 'Object Repository/Final Object Repo/Page_MyASSIST - ASSIST - Search Pending Case For Add Supporting Document/Search Information' is clicked on

2018-12-06 21:35:02 - [TEST_STEP][PASSED] - delay: Delayed 3 second(s)

2018-12-06 21:35:05 - [MESSAGE][PASSED] - Delayed 3 second(s)

2018-12-06 21:35:05 - [TEST_STEP][PASSED] - sendKeys: Keys 'ERN122018C200002384' sent to object: 'Object Repository/Final Object Repo/Page_MyASSIST - ASSIST - Search Pending Case For Add Supporting Document/Reference No'

2018-12-06 21:35:06 - [MESSAGE][PASSED] - Keys 'ERN122018C200002384' sent to object: 'Object Repository/Final Object Repo/Page_MyASSIST - ASSIST - Search Pending Case For Add Supporting Document/Reference No'

2018-12-06 21:35:06 - [TEST_STEP][PASSED] - click: Object: 'Object Repository/Final Object Repo/Page_MyASSIST - ASSIST - Search Pending Case For Add Supporting Document/Search Reference No' is clicked on

2018-12-06 21:35:06 - [MESSAGE][PASSED] - Object: 'Object Repository/Final Object Repo/Page_MyASSIST - ASSIST - Search Pending Case For Add Supporting Document/Search Reference No' is clicked on

2018-12-06 21:35:06 - [TEST_STEP][PASSED] - delay: Delayed 2 second(s)

2018-12-06 21:35:08 - [MESSAGE][PASSED] - Delayed 2 second(s)

2018-12-06 21:35:08 - [TEST_STEP][PASSED] - click: Object: 'Object Repository/Final Object Repo/Page_MyASSIST - ASSIST - Search Pending Case For Add Supporting Document/Continue' is clicked on

2018-12-06 21:35:11 - [MESSAGE][PASSED] - Object: 'Object Repository/Final Object Repo/Page_MyASSIST - ASSIST - Search Pending Case For Add Supporting Document/Continue' is clicked on

2018-12-06 21:35:11 - [TEST_STEP][PASSED] - delay: Delayed 20 second(s)

2018-12-06 21:35:31 - [MESSAGE][PASSED] - Delayed 20 second(s)

2018-12-06 21:35:31 - [MESSAGE][PASSED] - Call Test Case 'Test Cases/Final Aug 2018 - PKS Automation/Registration Module/Workflow/Login and Search Case For Workflow' successfully

2018-12-06 21:35:31 - [TEST_STEP][PASSED] - click: Object: 'Object Repository/Final Object Repo/Page_Form 3 EIS - Cessation as Employer/Page_Form 3 EIS - Cessation as Employer (Approve)/Save  Continue in Form 3 Page' is clicked on

2018-12-06 21:35:31 - [MESSAGE][PASSED] - Object: 'Object Repository/Final Object Repo/Page_Form 3 EIS - Cessation as Employer/Page_Form 3 EIS - Cessation as Employer (Approve)/Save  Continue in Form 3 Page' is clicked on

2018-12-06 21:35:31 - [TEST_STEP][PASSED] - delay: Delayed 2 second(s)

2018-12-06 21:35:33 - [MESSAGE][PASSED] - Delayed 2 second(s)

2018-12-06 21:35:33 - [TEST_STEP][PASSED] - click: Object: 'Object Repository/Final Object Repo/Page_Form 3 EIS - Cessation as Employer/Page_Form 3 EIS - Cessation as Employer (Approve)/Save  Continue in Resigned Page' is clicked on

2018-12-06 21:35:33 - [MESSAGE][PASSED] - Object: 'Object Repository/Final Object Repo/Page_Form 3 EIS - Cessation as Employer/Page_Form 3 EIS - Cessation as Employer (Approve)/Save  Continue in Resigned Page' is clicked on

2018-12-06 21:35:33 - [TEST_STEP][PASSED] - delay: Delayed 2 second(s)

2018-12-06 21:35:35 - [MESSAGE][PASSED] - Delayed 2 second(s)

2018-12-06 21:35:35 - [TEST_STEP][PASSED] - click: Object: 'Object Repository/Final Object Repo/Page_Form 3 EIS - Cessation as Employer/Page_Form 3 EIS - Cessation as Employer (Approve)/Save  Continue in Uploading Page' is clicked on

2018-12-06 21:35:36 - [MESSAGE][PASSED] - Object: 'Object Repository/Final Object Repo/Page_Form 3 EIS - Cessation as Employer/Page_Form 3 EIS - Cessation as Employer (Approve)/Save  Continue in Uploading Page' is clicked on

2018-12-06 21:35:36 - [TEST_STEP][PASSED] - delay: Delayed 2 second(s)

2018-12-06 21:35:38 - [MESSAGE][PASSED] - Delayed 2 second(s)

2018-12-06 21:35:38 - [TEST_STEP][PASSED] - click: Object: 'Object Repository/Final Object Repo/Page_Form 3 EIS - Cessation as Employer/Page_Form 3 EIS - Cessation as Employer (Reject)/Reject' is clicked on

2018-12-06 21:35:41 - [MESSAGE][PASSED] - Object: 'Object Repository/Final Object Repo/Page_Form 3 EIS - Cessation as Employer/Page_Form 3 EIS - Cessation as Employer (Reject)/Reject' is clicked on

2018-12-06 21:35:41 - [TEST_STEP][PASSED] - delay: Delayed 2 second(s)

2018-12-06 21:35:43 - [MESSAGE][PASSED] - Delayed 2 second(s)

2018-12-06 21:35:43 - [TEST_STEP][PASSED] - click: Object: 'Object Repository/Final Object Repo/Page_Form 3 EIS - Cessation as Employer/Page_Form 3 EIS - Cessation as Employer (Reject)/Confirm' is clicked on

2018-12-06 21:35:43 - [MESSAGE][PASSED] - Object: 'Object Repository/Final Object Repo/Page_Form 3 EIS - Cessation as Employer/Page_Form 3 EIS - Cessation as Employer (Reject)/Confirm' is clicked on

2018-12-06 21:35:43 - [TEST_STEP][PASSED] - delay: Delayed 2 second(s)

2018-12-06 21:35:45 - [MESSAGE][PASSED] - Delayed 2 second(s)

2018-12-06 21:35:45 - [TEST_STEP][PASSED] - click: Object: 'Object Repository/Final Object Repo/Page_Form 3 EIS - Cessation as Employer/Page_Form 3 EIS - Cessation as Employer (Reject)/Message This Case has been Rejected' is clicked on

2018-12-06 21:35:49 - [MESSAGE][PASSED] - Object: 'Object Repository/Final Object Repo/Page_Form 3 EIS - Cessation as Employer/Page_Form 3 EIS - Cessation as Employer (Reject)/Message This Case has been Rejected' is clicked on

2018-12-06 21:35:49 - [TEST_STEP][PASSED] - click: Object: 'Object Repository/Final Object Repo/Page_Form 3 EIS - Cessation as Employer/Page_Form 3 EIS - Cessation as Employer (Reject)/Letter of update rejection' is clicked on

2018-12-06 21:35:50 - [MESSAGE][PASSED] - Object: 'Object Repository/Final Object Repo/Page_Form 3 EIS - Cessation as Employer/Page_Form 3 EIS - Cessation as Employer (Reject)/Letter of update rejection' is clicked on

2018-12-06 21:35:50 - [MESSAGE][FAILED] - Unable to call Test Case with id 'Test Cases/Final Aug 2018 - PKS Automation/Registration Module/Workflow/Form 3 EIS - Cessation As Employer/Template/Form 3 A - Cessation As Employer (Query)' (Root cause: Call Test Case 'Test Cases/Final Aug 2018 - PKS Automation/Registration Module/Workflow/Form 3 EIS - Cessation As Employer/Template/Form 3 A - Cessation As Employer (Query)' failed)]]></system-out>
         <system-err><![CDATA[2018-12-06 21:26:28 - [TEST_CASE][FAILED] - Test Cases/Final Aug 2018 - PKS Automation/Registration Module/Workflow/Form 3 EIS - Cessation As Employer/PKRBO to UO (Query): Test Cases/Final Aug 2018 - PKS Automation/Registration Module/Workflow/Form 3 EIS - Cessation As Employer/PKRBO to UO (Query) FAILED because (of) (Stack trace: com.kms.katalon.core.exception.StepFailedException: Unable to click on object 'Object Repository/Final Object Repo/Page_Form 3 EIS - Cessation as Employer/Page_Form 3 EIS - Cessation as Employer (Query - OTC - UO)/Next' (Root cause: com.kms.katalon.core.webui.exception.WebElementNotFoundException: Web element with id: 'Object Repository/Final Object Repo/Page_Form 3 EIS - Cessation as Employer/Page_Form 3 EIS - Cessation as Employer (Query - OTC - UO)/Next' located by 'By.xpath: //a[(text() = ' NEXT
						' or . = ' NEXT
						')]' not found)
	at com.kms.katalon.core.keyword.internal.KeywordMain.stepFailed(KeywordMain.groovy:32)
	at com.kms.katalon.core.webui.keyword.internal.WebUIKeywordMain.stepFailed(WebUIKeywordMain.groovy:65)
	at com.kms.katalon.core.webui.keyword.internal.WebUIKeywordMain.runKeyword(WebUIKeywordMain.groovy:27)
	at com.kms.katalon.core.webui.keyword.builtin.ClickKeyword.click(ClickKeyword.groovy:86)
	at com.kms.katalon.core.webui.keyword.builtin.ClickKeyword.execute(ClickKeyword.groovy:67)
	at com.kms.katalon.core.keyword.internal.KeywordExecutor.executeKeywordForPlatform(KeywordExecutor.groovy:53)
	at com.kms.katalon.core.webui.keyword.WebUiBuiltInKeywords.click(WebUiBuiltInKeywords.groovy:616)
	at com.kms.katalon.core.webui.keyword.WebUiBuiltInKeywords$click$2.call(Unknown Source)
	at Script1536114876563.run(Script1536114876563.groovy:87)
	at com.kms.katalon.core.main.ScriptEngine.run(ScriptEngine.java:183)
	at com.kms.katalon.core.main.ScriptEngine.runScriptAsRawText(ScriptEngine.java:108)
	at com.kms.katalon.core.main.TestCaseExecutor.runScript(TestCaseExecutor.java:294)
	at com.kms.katalon.core.main.TestCaseExecutor.doExecute(TestCaseExecutor.java:285)
	at com.kms.katalon.core.main.TestCaseExecutor.processExecutionPhase(TestCaseExecutor.java:264)
	at com.kms.katalon.core.main.TestCaseExecutor.accessMainPhase(TestCaseExecutor.java:256)
	at com.kms.katalon.core.main.TestCaseExecutor.execute(TestCaseExecutor.java:200)
	at com.kms.katalon.core.main.TestCaseMain.runTestCase(TestCaseMain.java:99)
	at com.kms.katalon.core.keyword.builtin.CallTestCaseKeyword$_callTestCase_closure1.doCall(CallTestCaseKeyword.groovy:60)
	at com.kms.katalon.core.keyword.builtin.CallTestCaseKeyword$_callTestCase_closure1.call(CallTestCaseKeyword.groovy)
	at com.kms.katalon.core.keyword.internal.KeywordMain.runKeyword(KeywordMain.groovy:54)
	at com.kms.katalon.core.keyword.builtin.CallTestCaseKeyword.callTestCase(CallTestCaseKeyword.groovy:81)
	at com.kms.katalon.core.keyword.builtin.CallTestCaseKeyword.execute(CallTestCaseKeyword.groovy:45)
	at com.kms.katalon.core.keyword.internal.KeywordExecutor.executeKeywordForPlatform(KeywordExecutor.groovy:53)
	at com.kms.katalon.core.keyword.BuiltinKeywords.callTestCase(BuiltinKeywords.groovy:334)
	at sun.reflect.GeneratedMethodAccessor13.invoke(Unknown Source)
	at sun.reflect.DelegatingMethodAccessorImpl.invoke(DelegatingMethodAccessorImpl.java:43)
	at java.lang.reflect.Method.invoke(Method.java:498)
	at org.codehaus.groovy.reflection.CachedMethod.invoke(CachedMethod.java:93)
	at groovy.lang.MetaMethod.doMethodInvoke(MetaMethod.java:325)
	at groovy.lang.MetaClassImpl.invokeStaticMethod(MetaClassImpl.java:1469)
	at org.codehaus.groovy.runtime.callsite.StaticMetaClassSite.call(StaticMetaClassSite.java:53)
	at org.codehaus.groovy.runtime.callsite.CallSiteArray.defaultCall(CallSiteArray.java:48)
	at org.codehaus.groovy.runtime.callsite.AbstractCallSite.call(AbstractCallSite.java:113)
	at org.codehaus.groovy.runtime.callsite.AbstractCallSite.call(AbstractCallSite.java:141)
	at Script1536204651962.run(Script1536204651962.groovy:25)
	at com.kms.katalon.core.main.ScriptEngine.run(ScriptEngine.java:183)
	at com.kms.katalon.core.main.ScriptEngine.runScriptAsRawText(ScriptEngine.java:108)
	at com.kms.katalon.core.main.TestCaseExecutor.runScript(TestCaseExecutor.java:294)
	at com.kms.katalon.core.main.TestCaseExecutor.doExecute(TestCaseExecutor.java:285)
	at com.kms.katalon.core.main.TestCaseExecutor.processExecutionPhase(TestCaseExecutor.java:264)
	at com.kms.katalon.core.main.TestCaseExecutor.accessMainPhase(TestCaseExecutor.java:256)
	at com.kms.katalon.core.main.TestCaseExecutor.execute(TestCaseExecutor.java:200)
	at com.kms.katalon.core.main.TestSuiteExecutor.accessTestCaseMainPhase(TestSuiteExecutor.java:129)
	at com.kms.katalon.core.main.TestSuiteExecutor.accessTestSuiteMainPhase(TestSuiteExecutor.java:112)
	at com.kms.katalon.core.main.TestSuiteExecutor.execute(TestSuiteExecutor.java:81)
	at com.kms.katalon.core.main.TestCaseMain.startTestSuite(TestCaseMain.java:142)
	at com.kms.katalon.core.main.TestCaseMain$startTestSuite$0.call(Unknown Source)
	at org.codehaus.groovy.runtime.callsite.CallSiteArray.defaultCall(CallSiteArray.java:48)
	at org.codehaus.groovy.runtime.callsite.AbstractCallSite.call(AbstractCallSite.java:113)
	at org.codehaus.groovy.runtime.callsite.AbstractCallSite.call(AbstractCallSite.java:141)
	at TempTestSuite1544087654781.run(TempTestSuite1544087654781.groovy:36)
	at groovy.lang.GroovyShell.runScriptOrMainOrTestOrRunnable(GroovyShell.java:263)
	at groovy.lang.GroovyShell.run(GroovyShell.java:518)
	at groovy.lang.GroovyShell.run(GroovyShell.java:507)
	at groovy.ui.GroovyMain.processOnce(GroovyMain.java:653)
	at groovy.ui.GroovyMain.run(GroovyMain.java:384)
	at groovy.ui.GroovyMain.process(GroovyMain.java:370)
	at groovy.ui.GroovyMain.processArgs(GroovyMain.java:129)
	at groovy.ui.GroovyMain.main(GroovyMain.java:109)
	at sun.reflect.NativeMethodAccessorImpl.invoke0(Native Method)
	at sun.reflect.NativeMethodAccessorImpl.invoke(NativeMethodAccessorImpl.java:62)
	at sun.reflect.DelegatingMethodAccessorImpl.invoke(DelegatingMethodAccessorImpl.java:43)
	at java.lang.reflect.Method.invoke(Method.java:498)
	at org.codehaus.groovy.tools.GroovyStarter.rootLoader(GroovyStarter.java:109)
	at org.codehaus.groovy.tools.GroovyStarter.main(GroovyStarter.java:131)
)]]></system-err>
      </testcase>
      <testcase name="Test Cases/Final Aug 2018 - PKS Automation/Registration Module/Workflow/Form 3 EIS - Cessation As Employer/PKRBO to UO (Reject)" classname="Test Cases/Final Aug 2018 - PKS Automation/Registration Module/Workflow/Form 3 EIS - Cessation As Employer/PKRBO to UO (Reject)" status="PASSED">
         <system-out><![CDATA[2018-12-06 21:35:50 - [TEST_CASE][PASSED] - Test Cases/Final Aug 2018 - PKS Automation/Registration Module/Workflow/Form 3 EIS - Cessation As Employer/PKRBO to UO (Reject): Test Cases/Final Aug 2018 - PKS Automation/Registration Module/Workflow/Form 3 EIS - Cessation As Employer/PKRBO to UO (Reject)

2018-12-06 21:35:50 - [TEST_STEP][PASSED] - callTestCase: Call Test Case 'Test Cases/Final Aug 2018 - PKS Automation/Registration Module/Workflow/Form 3 EIS - Cessation As Employer/Template/Form 3 A - Cessation As Employer (PKRBO)' successfully

2018-12-06 21:35:50 - [TEST_CASE][PASSED] - Test Cases/Final Aug 2018 - PKS Automation/Registration Module/Workflow/Form 3 EIS - Cessation As Employer/Template/Form 3 A - Cessation As Employer (PKRBO): Test Cases/Final Aug 2018 - PKS Automation/Registration Module/Workflow/Form 3 EIS - Cessation As Employer/Template/Form 3 A - Cessation As Employer (PKRBO)

2018-12-06 21:35:50 - [TEST_STEP][PASSED] - openBrowser: Browser is opened with url: ''

2018-12-06 21:35:50 - [MESSAGE][WARNING] - A browser is already opened. Closing browser and opening a new one

2018-12-06 21:35:54 - [MESSAGE][PASSED] - Browser is opened with url: ''

2018-12-06 21:35:54 - [TEST_STEP][PASSED] - navigateToUrl: Navigate to 'https://assist2-uat.perkeso.gov.my/login' successfully

2018-12-06 21:35:55 - [MESSAGE][PASSED] - Navigate to 'https://assist2-uat.perkeso.gov.my/login' successfully

2018-12-06 21:35:55 - [TEST_STEP][PASSED] - setText: Text 'johorpkrbo1@gmail.com' is set on object 'Object Repository/Final Object Repo/Login Page/Internal User/Email Address'

2018-12-06 21:35:56 - [MESSAGE][PASSED] - Text 'johorpkrbo1@gmail.com' is set on object 'Object Repository/Final Object Repo/Login Page/Internal User/Email Address'

2018-12-06 21:35:56 - [TEST_STEP][PASSED] - click: Object: 'Object Repository/Final Object Repo/Login Page/Internal User/Next Button' is clicked on

2018-12-06 21:35:56 - [MESSAGE][PASSED] - Object: 'Object Repository/Final Object Repo/Login Page/Internal User/Next Button' is clicked on

2018-12-06 21:35:56 - [TEST_STEP][PASSED] - delay: Delayed 1 second(s)

2018-12-06 21:35:57 - [MESSAGE][PASSED] - Delayed 1 second(s)

2018-12-06 21:35:57 - [TEST_STEP][PASSED] - setEncryptedText: Text ****** has been set on object 'Object Repository/Final Object Repo/Login Page/Internal User/Password'

2018-12-06 21:35:57 - [MESSAGE][PASSED] - Text ****** has been set on object 'Object Repository/Final Object Repo/Login Page/Internal User/Password'

2018-12-06 21:35:57 - [TEST_STEP][PASSED] - click: Object: 'Object Repository/Final Object Repo/Login Page/Internal User/Login Button' is clicked on

2018-12-06 21:35:57 - [MESSAGE][PASSED] - Object: 'Object Repository/Final Object Repo/Login Page/Internal User/Login Button' is clicked on

2018-12-06 21:35:57 - [TEST_STEP][PASSED] - delay: Delayed 1 second(s)

2018-12-06 21:35:58 - [MESSAGE][PASSED] - Delayed 1 second(s)

2018-12-06 21:35:58 - [TEST_STEP][PASSED] - Statement - Try: Delayed 2 second(s)

2018-12-06 21:35:58 - [TEST_STEP][PASSED] - Statement - Checker = false: null

2018-12-06 21:35:58 - [TEST_STEP][PASSED] - Statement - Checker = com.kms.katalon.core.webui.keyword.WebUiBuiltInKeywords.verifyElementHasAttribute(com.kms.katalon.core.testobject.ObjectRepository.findTestObject(Final Object Repo/Landing Page/BM Detecting), "href", 20, OPTIONAL): Object 'Object Repository/Final Object Repo/Landing Page/BM Detecting' has attribute 'href'

2018-12-06 21:35:59 - [MESSAGE][PASSED] - Object 'Object Repository/Final Object Repo/Landing Page/BM Detecting' has attribute 'href'

2018-12-06 21:35:59 - [TEST_STEP][PASSED] - Statement - out.println(Checker): null

2018-12-06 21:35:59 - [TEST_STEP][PASSED] - Statement - If (Checker == false): null

2018-12-06 21:35:59 - [TEST_STEP][PASSED] - Statement - Else: null

2018-12-06 21:35:59 - [TEST_STEP][PASSED] - delay: Delayed 2 second(s)

2018-12-06 21:36:01 - [MESSAGE][PASSED] - Delayed 2 second(s)

2018-12-06 21:36:01 - [TEST_STEP][PASSED] - navigateToUrl: Navigate to 'https://assist2-uat.perkeso.gov.my/web/registration/eis-update/form-3-eis-cessation-as-employer' successfully

2018-12-06 21:36:02 - [MESSAGE][PASSED] - Navigate to 'https://assist2-uat.perkeso.gov.my/web/registration/eis-update/form-3-eis-cessation-as-employer' successfully

2018-12-06 21:36:02 - [TEST_STEP][PASSED] - delay: Delayed 1 second(s)

2018-12-06 21:36:03 - [MESSAGE][PASSED] - Delayed 1 second(s)

2018-12-06 21:36:03 - [TEST_STEP][PASSED] - setText: Text 'E1102069769W' is set on object 'Object Repository/Final Object Repo/Page_Form 3 EIS - Cessation as Employer/Employer Code'

2018-12-06 21:36:03 - [MESSAGE][PASSED] - Text 'E1102069769W' is set on object 'Object Repository/Final Object Repo/Page_Form 3 EIS - Cessation as Employer/Employer Code'

2018-12-06 21:36:03 - [TEST_STEP][PASSED] - click: Object: 'Object Repository/Final Object Repo/Page_Form 3 EIS - Cessation as Employer/Search' is clicked on

2018-12-06 21:36:03 - [MESSAGE][PASSED] - Object: 'Object Repository/Final Object Repo/Page_Form 3 EIS - Cessation as Employer/Search' is clicked on

2018-12-06 21:36:03 - [TEST_STEP][PASSED] - click: Object: 'Object Repository/Final Object Repo/Page_Form 3 EIS - Cessation as Employer/Edit' is clicked on

2018-12-06 21:36:05 - [MESSAGE][PASSED] - Object: 'Object Repository/Final Object Repo/Page_Form 3 EIS - Cessation as Employer/Edit' is clicked on

2018-12-06 21:36:05 - [TEST_STEP][PASSED] - delay: Delayed 1 second(s)

2018-12-06 21:36:06 - [MESSAGE][PASSED] - Delayed 1 second(s)

2018-12-06 21:36:06 - [TEST_STEP][PASSED] - Statement - abc = com.kms.katalon.core.webui.keyword.WebUiBuiltInKeywords.getAttribute(com.kms.katalon.core.testobject.ObjectRepository.findTestObject(Final Object Repo/Page_Form 3 EIS - Cessation as Employer/Employer Status), "value"): Attribute 'value' of object 'Object Repository/Final Object Repo/Page_Form 3 EIS - Cessation as Employer/Employer Status' is: 'Active'

2018-12-06 21:36:07 - [MESSAGE][PASSED] - Attribute 'value' of object 'Object Repository/Final Object Repo/Page_Form 3 EIS - Cessation as Employer/Employer Status' is: 'Active'

2018-12-06 21:36:07 - [TEST_STEP][PASSED] - Statement - out.println(abc): null

2018-12-06 21:36:07 - [TEST_STEP][PASSED] - Statement - If (abc == "Active"): Object: 'Object Repository/Final Object Repo/Page_Form 3 EIS - Cessation as Employer/Dormant EIS' is clicked on

2018-12-06 21:36:07 - [TEST_STEP][PASSED] - click: Object: 'Object Repository/Final Object Repo/Page_Form 3 EIS - Cessation as Employer/Change Employer Status to' is clicked on

2018-12-06 21:36:07 - [MESSAGE][PASSED] - Object: 'Object Repository/Final Object Repo/Page_Form 3 EIS - Cessation as Employer/Change Employer Status to' is clicked on

2018-12-06 21:36:07 - [TEST_STEP][PASSED] - click: Object: 'Object Repository/Final Object Repo/Page_Form 3 EIS - Cessation as Employer/Dormant EIS' is clicked on

2018-12-06 21:36:07 - [MESSAGE][PASSED] - Object: 'Object Repository/Final Object Repo/Page_Form 3 EIS - Cessation as Employer/Dormant EIS' is clicked on

2018-12-06 21:36:07 - [TEST_STEP][PASSED] - click: Object: 'Object Repository/Final Object Repo/Page_Form 3 EIS - Cessation as Employer/Calender' is clicked on

2018-12-06 21:36:07 - [MESSAGE][PASSED] - Object: 'Object Repository/Final Object Repo/Page_Form 3 EIS - Cessation as Employer/Calender' is clicked on

2018-12-06 21:36:07 - [TEST_STEP][PASSED] - delay: Delayed 1 second(s)

2018-12-06 21:36:08 - [MESSAGE][PASSED] - Delayed 1 second(s)

2018-12-06 21:36:08 - [TEST_STEP][PASSED] - click: Object: 'Object Repository/Final Object Repo/Page_Form 3 EIS - Cessation as Employer/Calender - Date' is clicked on

2018-12-06 21:36:08 - [MESSAGE][PASSED] - Object: 'Object Repository/Final Object Repo/Page_Form 3 EIS - Cessation as Employer/Calender - Date' is clicked on

2018-12-06 21:36:08 - [TEST_STEP][PASSED] - click: Object: 'Object Repository/Final Object Repo/Page_Form 3 EIS - Cessation as Employer/Save  Continue in Form 3 EIS Page' is clicked on

2018-12-06 21:36:09 - [MESSAGE][PASSED] - Object: 'Object Repository/Final Object Repo/Page_Form 3 EIS - Cessation as Employer/Save  Continue in Form 3 EIS Page' is clicked on

2018-12-06 21:36:09 - [TEST_STEP][PASSED] - delay: Delayed 1 second(s)

2018-12-06 21:36:10 - [MESSAGE][PASSED] - Delayed 1 second(s)

2018-12-06 21:36:10 - [TEST_STEP][PASSED] - click: Object: 'Object Repository/Final Object Repo/Page_Form 3 EIS - Cessation as Employer/Employment Resign Date' is clicked on

2018-12-06 21:36:10 - [MESSAGE][PASSED] - Object: 'Object Repository/Final Object Repo/Page_Form 3 EIS - Cessation as Employer/Employment Resign Date' is clicked on

2018-12-06 21:36:10 - [TEST_STEP][PASSED] - selectOptionByValue: All options with value '2030' are selected in object 'Object Repository/Final Object Repo/Page_Form 3 EIS - Cessation as Employer/Employment Resign Date - Year' 

2018-12-06 21:36:10 - [MESSAGE][PASSED] - All options with value '2030' are selected in object 'Object Repository/Final Object Repo/Page_Form 3 EIS - Cessation as Employer/Employment Resign Date - Year' 

2018-12-06 21:36:10 - [TEST_STEP][PASSED] - delay: Delayed 2 second(s)

2018-12-06 21:36:12 - [MESSAGE][PASSED] - Delayed 2 second(s)

2018-12-06 21:36:12 - [TEST_STEP][PASSED] - click: Object: 'Object Repository/Final Object Repo/Page_Form 3 EIS - Cessation as Employer/Employment Resign Date - Year - Date' is clicked on

2018-12-06 21:36:12 - [MESSAGE][PASSED] - Object: 'Object Repository/Final Object Repo/Page_Form 3 EIS - Cessation as Employer/Employment Resign Date - Year - Date' is clicked on

2018-12-06 21:36:12 - [TEST_STEP][PASSED] - delay: Delayed 2 second(s)

2018-12-06 21:36:14 - [MESSAGE][PASSED] - Delayed 2 second(s)

2018-12-06 21:36:14 - [TEST_STEP][PASSED] - click: Object: 'Object Repository/Final Object Repo/Page_Form 3 EIS - Cessation as Employer/Save  Continue in Employment Resign Page' is clicked on

2018-12-06 21:36:14 - [MESSAGE][PASSED] - Object: 'Object Repository/Final Object Repo/Page_Form 3 EIS - Cessation as Employer/Save  Continue in Employment Resign Page' is clicked on

2018-12-06 21:36:14 - [TEST_STEP][PASSED] - delay: Delayed 2 second(s)

2018-12-06 21:36:16 - [MESSAGE][PASSED] - Delayed 2 second(s)

2018-12-06 21:36:16 - [TEST_STEP][PASSED] - click: Object: 'Object Repository/Final Object Repo/Page_Form 3 EIS - Cessation as Employer/Set Latest - Yes' is clicked on

2018-12-06 21:36:17 - [MESSAGE][PASSED] - Object: 'Object Repository/Final Object Repo/Page_Form 3 EIS - Cessation as Employer/Set Latest - Yes' is clicked on

2018-12-06 21:36:17 - [TEST_STEP][PASSED] - delay: Delayed 2 second(s)

2018-12-06 21:36:19 - [MESSAGE][PASSED] - Delayed 2 second(s)

2018-12-06 21:36:19 - [TEST_STEP][PASSED] - click: Object: 'Object Repository/Final Object Repo/Page_Form 3 EIS - Cessation as Employer/Add Document' is clicked on

2018-12-06 21:36:20 - [MESSAGE][PASSED] - Object: 'Object Repository/Final Object Repo/Page_Form 3 EIS - Cessation as Employer/Add Document' is clicked on

2018-12-06 21:36:20 - [TEST_STEP][PASSED] - delay: Delayed 3 second(s)

2018-12-06 21:36:23 - [MESSAGE][PASSED] - Delayed 3 second(s)

2018-12-06 21:36:23 - [TEST_STEP][PASSED] - click: Object: 'Object Repository/Final Object Repo/Page_Form 3 EIS - Cessation as Employer/Document Type' is clicked on

2018-12-06 21:36:23 - [MESSAGE][PASSED] - Object: 'Object Repository/Final Object Repo/Page_Form 3 EIS - Cessation as Employer/Document Type' is clicked on

2018-12-06 21:36:23 - [TEST_STEP][PASSED] - click: Object: 'Object Repository/Final Object Repo/Page_Form 3 EIS - Cessation as Employer/Document Type - Form 3' is clicked on

2018-12-06 21:36:23 - [MESSAGE][PASSED] - Object: 'Object Repository/Final Object Repo/Page_Form 3 EIS - Cessation as Employer/Document Type - Form 3' is clicked on

2018-12-06 21:36:23 - [TEST_STEP][PASSED] - delay: Delayed 2 second(s)

2018-12-06 21:36:25 - [MESSAGE][PASSED] - Delayed 2 second(s)

2018-12-06 21:36:25 - [TEST_STEP][PASSED] - sendKeys: Keys 'C:\Users\Public\Pictures\Sample Pictures\Koala.jpg' sent to object: 'Object Repository/Final Object Repo/Page_Form 3 EIS - Cessation as Employer/ploading File'

2018-12-06 21:36:25 - [MESSAGE][PASSED] - Keys 'C:\Users\Public\Pictures\Sample Pictures\Koala.jpg' sent to object: 'Object Repository/Final Object Repo/Page_Form 3 EIS - Cessation as Employer/ploading File'

2018-12-06 21:36:25 - [TEST_STEP][PASSED] - delay: Delayed 1 second(s)

2018-12-06 21:36:26 - [MESSAGE][PASSED] - Delayed 1 second(s)

2018-12-06 21:36:26 - [TEST_STEP][PASSED] - click: Object: 'Object Repository/Final Object Repo/Page_Form 3 EIS - Cessation as Employer/Add Document in Uploading Page' is clicked on

2018-12-06 21:36:26 - [MESSAGE][PASSED] - Object: 'Object Repository/Final Object Repo/Page_Form 3 EIS - Cessation as Employer/Add Document in Uploading Page' is clicked on

2018-12-06 21:36:26 - [TEST_STEP][PASSED] - delay: Delayed 2 second(s)

2018-12-06 21:36:28 - [MESSAGE][PASSED] - Delayed 2 second(s)

2018-12-06 21:36:28 - [TEST_STEP][PASSED] - Statement - CaseReferenceNo = com.kms.katalon.core.webui.keyword.WebUiBuiltInKeywords.getText(com.kms.katalon.core.testobject.ObjectRepository.findTestObject(Final Object Repo/Page_Update Employer Information/Reference Number in Update Employee Information Page)): Text of object 'Object Repository/Final Object Repo/Page_Update Employer Information/Reference Number in Update Employee Information Page' is: 'ERN122018C200002385'

2018-12-06 21:36:30 - [MESSAGE][PASSED] - Text of object 'Object Repository/Final Object Repo/Page_Update Employer Information/Reference Number in Update Employee Information Page' is: 'ERN122018C200002385'

2018-12-06 21:36:30 - [TEST_STEP][PASSED] - callTestCase: Call Test Case 'Test Cases/Final Aug 2018 - PKS Automation/Common/Reference Number Setter' successfully

2018-12-06 21:36:30 - [TEST_CASE][PASSED] - Test Cases/Final Aug 2018 - PKS Automation/Common/Reference Number Setter: Test Cases/Final Aug 2018 - PKS Automation/Common/Reference Number Setter

2018-12-06 21:36:30 - [TEST_STEP][PASSED] - Statement - RefNoOldFile = new java.io.File(C://Users//Admin//Desktop//PKS//Automation Reference Point//KatalonReference.txt): null

2018-12-06 21:36:30 - [TEST_STEP][PASSED] - Statement - RefNoOldFile.delete(): null

2018-12-06 21:36:30 - [TEST_STEP][PASSED] - delay: Delayed 5 second(s)

2018-12-06 21:36:35 - [MESSAGE][PASSED] - Delayed 5 second(s)

2018-12-06 21:36:35 - [TEST_STEP][PASSED] - Statement - RefNo = new java.io.File(C://Users//Admin//Desktop//PKS//Automation Reference Point//KatalonReference.txt): null

2018-12-06 21:36:35 - [TEST_STEP][PASSED] - Statement - f2 = new java.io.FileWriter(RefNo, false): null

2018-12-06 21:36:35 - [TEST_STEP][PASSED] - Statement - f2.write(CaseReferenceNo): null

2018-12-06 21:36:35 - [TEST_STEP][PASSED] - Statement - f2.close(): null

2018-12-06 21:36:35 - [TEST_STEP][PASSED] - Statement - out.println("


" + CaseReferenceNo + "


"): null

2018-12-06 21:36:35 - [MESSAGE][PASSED] - Call Test Case 'Test Cases/Final Aug 2018 - PKS Automation/Common/Reference Number Setter' successfully

2018-12-06 21:36:35 - [TEST_STEP][PASSED] - delay: Delayed 2 second(s)

2018-12-06 21:36:37 - [MESSAGE][PASSED] - Delayed 2 second(s)

2018-12-06 21:36:37 - [TEST_STEP][PASSED] - click: Object: 'Object Repository/Final Object Repo/Page_Form 3 EIS - Cessation as Employer/Save  Continue in Uploading Page' is clicked on

2018-12-06 21:36:37 - [MESSAGE][PASSED] - Object: 'Object Repository/Final Object Repo/Page_Form 3 EIS - Cessation as Employer/Save  Continue in Uploading Page' is clicked on

2018-12-06 21:36:37 - [TEST_STEP][PASSED] - delay: Delayed 2 second(s)

2018-12-06 21:36:39 - [MESSAGE][PASSED] - Delayed 2 second(s)

2018-12-06 21:36:39 - [TEST_STEP][PASSED] - click: Object: 'Object Repository/Final Object Repo/Page_Form 3 EIS - Cessation as Employer/Submit' is clicked on

2018-12-06 21:36:42 - [MESSAGE][PASSED] - Object: 'Object Repository/Final Object Repo/Page_Form 3 EIS - Cessation as Employer/Submit' is clicked on

2018-12-06 21:36:42 - [TEST_STEP][PASSED] - delay: Delayed 2 second(s)

2018-12-06 21:36:44 - [MESSAGE][PASSED] - Delayed 2 second(s)

2018-12-06 21:36:44 - [TEST_STEP][PASSED] - click: Object: 'Object Repository/Final Object Repo/Page_Form 3 EIS - Cessation as Employer/Confirm' is clicked on

2018-12-06 21:36:44 - [MESSAGE][PASSED] - Object: 'Object Repository/Final Object Repo/Page_Form 3 EIS - Cessation as Employer/Confirm' is clicked on

2018-12-06 21:36:44 - [TEST_STEP][PASSED] - delay: Delayed 2 second(s)

2018-12-06 21:36:46 - [MESSAGE][PASSED] - Delayed 2 second(s)

2018-12-06 21:36:46 - [TEST_STEP][PASSED] - click: Object: 'Object Repository/Final Object Repo/Page_Form 3 EIS - Cessation as Employer/Message Your Request will be routed to UO' is clicked on

2018-12-06 21:36:50 - [MESSAGE][PASSED] - Object: 'Object Repository/Final Object Repo/Page_Form 3 EIS - Cessation as Employer/Message Your Request will be routed to UO' is clicked on

2018-12-06 21:36:50 - [TEST_STEP][PASSED] - click: Object: 'Object Repository/Final Object Repo/Page_Form 3 EIS - Cessation as Employer/Letter of acknowledgement' is clicked on

2018-12-06 21:36:50 - [MESSAGE][PASSED] - Object: 'Object Repository/Final Object Repo/Page_Form 3 EIS - Cessation as Employer/Letter of acknowledgement' is clicked on

2018-12-06 21:36:50 - [MESSAGE][PASSED] - Call Test Case 'Test Cases/Final Aug 2018 - PKS Automation/Registration Module/Workflow/Form 3 EIS - Cessation As Employer/Template/Form 3 A - Cessation As Employer (PKRBO)' successfully

2018-12-06 21:36:50 - [TEST_STEP][PASSED] - callTestCase: Call Test Case 'Test Cases/Final Aug 2018 - PKS Automation/Registration Module/Workflow/Form 3 EIS - Cessation As Employer/Template/Form 3 A - Cessation As Employer (Reject)' successfully

2018-12-06 21:36:50 - [TEST_CASE][PASSED] - Test Cases/Final Aug 2018 - PKS Automation/Registration Module/Workflow/Form 3 EIS - Cessation As Employer/Template/Form 3 A - Cessation As Employer (Reject): Test Cases/Final Aug 2018 - PKS Automation/Registration Module/Workflow/Form 3 EIS - Cessation As Employer/Template/Form 3 A - Cessation As Employer (Reject)

2018-12-06 21:36:50 - [TEST_STEP][NOT_RUN] - callTestCase: NOT_RUN: callTestCase

2018-12-06 21:36:50 - [MESSAGE][NOT_RUN] - NOT_RUN: callTestCase

2018-12-06 21:36:50 - [TEST_STEP][PASSED] - delay: Delayed 1 second(s)

2018-12-06 21:36:51 - [MESSAGE][PASSED] - Delayed 1 second(s)

2018-12-06 21:36:51 - [TEST_STEP][PASSED] - navigateToUrl: Navigate to 'https://assist2-uat.perkeso.gov.my/c/portal/logout' successfully

2018-12-06 21:36:52 - [MESSAGE][PASSED] - Navigate to 'https://assist2-uat.perkeso.gov.my/c/portal/logout' successfully

2018-12-06 21:36:52 - [TEST_STEP][PASSED] - delay: Delayed 1 second(s)

2018-12-06 21:36:53 - [MESSAGE][PASSED] - Delayed 1 second(s)

2018-12-06 21:36:53 - [TEST_STEP][PASSED] - callTestCase: Call Test Case 'Test Cases/Final Aug 2018 - PKS Automation/Common/Reference Number Getter' successfully

2018-12-06 21:36:53 - [TEST_CASE][PASSED] - Test Cases/Final Aug 2018 - PKS Automation/Common/Reference Number Getter: Test Cases/Final Aug 2018 - PKS Automation/Common/Reference Number Getter

2018-12-06 21:36:53 - [TEST_STEP][PASSED] - Statement - Try: null

2018-12-06 21:36:53 - [TEST_STEP][PASSED] - Statement - RefNo = new java.io.File(C://Users//Admin//Desktop//PKS//Automation Reference Point//KatalonReference.txt): null

2018-12-06 21:36:53 - [TEST_STEP][PASSED] - Statement - bufferread = new java.io.BufferedReader(new java.io.FileReader(RefNo)): null

2018-12-06 21:36:53 - [TEST_STEP][PASSED] - Statement - readedVal = bufferread.readLine(): null

2018-12-06 21:36:53 - [TEST_STEP][PASSED] - Statement - out.println(CaseReferenceNo): null

2018-12-06 21:36:53 - [TEST_STEP][PASSED] - Statement - out.println(readedVal): null

2018-12-06 21:36:53 - [TEST_STEP][PASSED] - Statement - CaseReferenceNo = "": null

2018-12-06 21:36:53 - [TEST_STEP][PASSED] - Statement - CaseReferenceNo = readedVal: null

2018-12-06 21:36:53 - [MESSAGE][PASSED] - Call Test Case 'Test Cases/Final Aug 2018 - PKS Automation/Common/Reference Number Getter' successfully

2018-12-06 21:36:53 - [TEST_STEP][PASSED] - callTestCase: Call Test Case 'Test Cases/Final Aug 2018 - PKS Automation/Common/Workflow Owner Finder' successfully

2018-12-06 21:36:53 - [TEST_CASE][PASSED] - Test Cases/Final Aug 2018 - PKS Automation/Common/Workflow Owner Finder: Test Cases/Final Aug 2018 - PKS Automation/Common/Workflow Owner Finder

2018-12-06 21:36:53 - [TEST_STEP][PASSED] - openBrowser: Browser is opened with url: ''

2018-12-06 21:36:53 - [MESSAGE][WARNING] - A browser is already opened. Closing browser and opening a new one

2018-12-06 21:36:57 - [MESSAGE][PASSED] - Browser is opened with url: ''

2018-12-06 21:36:57 - [TEST_STEP][PASSED] - navigateToUrl: Navigate to 'https://assist2-uat.perkeso.gov.my/login' successfully

2018-12-06 21:36:58 - [MESSAGE][PASSED] - Navigate to 'https://assist2-uat.perkeso.gov.my/login' successfully

2018-12-06 21:36:58 - [TEST_STEP][PASSED] - delay: Delayed 5 second(s)

2018-12-06 21:37:03 - [MESSAGE][PASSED] - Delayed 5 second(s)

2018-12-06 21:37:03 - [TEST_STEP][PASSED] - setText: Text 'test@liferay.com' is set on object 'Object Repository/Final Object Repo/Login Page/Internal User/Email Address'

2018-12-06 21:37:04 - [MESSAGE][PASSED] - Text 'test@liferay.com' is set on object 'Object Repository/Final Object Repo/Login Page/Internal User/Email Address'

2018-12-06 21:37:04 - [TEST_STEP][PASSED] - click: Object: 'Object Repository/Final Object Repo/Login Page/Internal User/Next Button' is clicked on

2018-12-06 21:37:04 - [MESSAGE][PASSED] - Object: 'Object Repository/Final Object Repo/Login Page/Internal User/Next Button' is clicked on

2018-12-06 21:37:04 - [TEST_STEP][PASSED] - delay: Delayed 2 second(s)

2018-12-06 21:37:06 - [MESSAGE][PASSED] - Delayed 2 second(s)

2018-12-06 21:37:06 - [TEST_STEP][PASSED] - setText: Text 'test' is set on object 'Object Repository/Final Object Repo/Login Page/Internal User/Password'

2018-12-06 21:37:06 - [MESSAGE][PASSED] - Text 'test' is set on object 'Object Repository/Final Object Repo/Login Page/Internal User/Password'

2018-12-06 21:37:06 - [TEST_STEP][PASSED] - delay: Delayed 2 second(s)

2018-12-06 21:37:08 - [MESSAGE][PASSED] - Delayed 2 second(s)

2018-12-06 21:37:08 - [TEST_STEP][PASSED] - click: Object: 'Object Repository/Final Object Repo/Login Page/Internal User/Login Button' is clicked on

2018-12-06 21:37:08 - [MESSAGE][PASSED] - Object: 'Object Repository/Final Object Repo/Login Page/Internal User/Login Button' is clicked on

2018-12-06 21:37:08 - [TEST_STEP][PASSED] - Statement - tester = com.kms.katalon.core.testobject.ObjectRepository.findTestObject(Final Object Repo/Landing Page/Select to English): Finding Test Object with id 'Object Repository/Final Object Repo/Landing Page/Select to English'

2018-12-06 21:37:08 - [TEST_STEP][PASSED] - Statement - Try: Delayed 2 second(s)

2018-12-06 21:37:08 - [TEST_STEP][PASSED] - Statement - Checker = com.kms.katalon.core.webui.keyword.WebUiBuiltInKeywords.verifyElementNotPresent(tester, 3): Web element with id: 'Object Repository/Final Object Repo/Landing Page/Select to English' located by 'By.xpath: //a[@class = 'taglib-language-list-text' and @lang = 'en-US' and (contains(text(), 'EN') or contains(., 'EN'))]' is not present after '3' second(s)

2018-12-06 21:37:10 - [MESSAGE][PASSED] - Web element with id: 'Object Repository/Final Object Repo/Landing Page/Select to English' located by 'By.xpath: //a[@class = 'taglib-language-list-text' and @lang = 'en-US' and (contains(text(), 'EN') or contains(., 'EN'))]' is not present after '3' second(s)

2018-12-06 21:37:10 - [TEST_STEP][PASSED] - Statement - If (Checker == false): null

2018-12-06 21:37:10 - [TEST_STEP][PASSED] - delay: Delayed 2 second(s)

2018-12-06 21:37:12 - [MESSAGE][PASSED] - Delayed 2 second(s)

2018-12-06 21:37:12 - [TEST_STEP][PASSED] - delay: Delayed 5 second(s)

2018-12-06 21:37:17 - [MESSAGE][PASSED] - Delayed 5 second(s)

2018-12-06 21:37:17 - [TEST_STEP][PASSED] - mouseOver: Object: 'Object Repository/Final Object Repo/Landing Page/WorkFlow Menu' is hovered

2018-12-06 21:37:17 - [MESSAGE][PASSED] - Object: 'Object Repository/Final Object Repo/Landing Page/WorkFlow Menu' is hovered

2018-12-06 21:37:17 - [TEST_STEP][PASSED] - delay: Delayed 2 second(s)

2018-12-06 21:37:19 - [MESSAGE][PASSED] - Delayed 2 second(s)

2018-12-06 21:37:19 - [TEST_STEP][PASSED] - click: Object: 'Object Repository/Final Object Repo/Landing Page/Select to Workflow Listing' is clicked on

2018-12-06 21:37:20 - [MESSAGE][PASSED] - Object: 'Object Repository/Final Object Repo/Landing Page/Select to Workflow Listing' is clicked on

2018-12-06 21:37:20 - [TEST_STEP][PASSED] - delay: Delayed 2 second(s)

2018-12-06 21:37:22 - [MESSAGE][PASSED] - Delayed 2 second(s)

2018-12-06 21:37:22 - [TEST_STEP][PASSED] - click: Object: 'Object Repository/Final Object Repo/WorkFlow Listing Page/Search Information - To Put Ref No' is clicked on

2018-12-06 21:37:23 - [MESSAGE][PASSED] - Object: 'Object Repository/Final Object Repo/WorkFlow Listing Page/Search Information - To Put Ref No' is clicked on

2018-12-06 21:37:23 - [TEST_STEP][PASSED] - delay: Delayed 2 second(s)

2018-12-06 21:37:25 - [MESSAGE][PASSED] - Delayed 2 second(s)

2018-12-06 21:37:25 - [TEST_STEP][PASSED] - callTestCase: Call Test Case 'Test Cases/Final Aug 2018 - PKS Automation/Common/Reference Number Getter' successfully

2018-12-06 21:37:25 - [TEST_CASE][PASSED] - Test Cases/Final Aug 2018 - PKS Automation/Common/Reference Number Getter: Test Cases/Final Aug 2018 - PKS Automation/Common/Reference Number Getter

2018-12-06 21:37:25 - [TEST_STEP][PASSED] - Statement - Try: null

2018-12-06 21:37:25 - [TEST_STEP][PASSED] - Statement - RefNo = new java.io.File(C://Users//Admin//Desktop//PKS//Automation Reference Point//KatalonReference.txt): null

2018-12-06 21:37:25 - [TEST_STEP][PASSED] - Statement - bufferread = new java.io.BufferedReader(new java.io.FileReader(RefNo)): null

2018-12-06 21:37:25 - [TEST_STEP][PASSED] - Statement - readedVal = bufferread.readLine(): null

2018-12-06 21:37:25 - [TEST_STEP][PASSED] - Statement - out.println(CaseReferenceNo): null

2018-12-06 21:37:25 - [TEST_STEP][PASSED] - Statement - out.println(readedVal): null

2018-12-06 21:37:25 - [TEST_STEP][PASSED] - Statement - CaseReferenceNo = "": null

2018-12-06 21:37:25 - [TEST_STEP][PASSED] - Statement - CaseReferenceNo = readedVal: null

2018-12-06 21:37:25 - [MESSAGE][PASSED] - Call Test Case 'Test Cases/Final Aug 2018 - PKS Automation/Common/Reference Number Getter' successfully

2018-12-06 21:37:25 - [TEST_STEP][PASSED] - setText: Text 'ERN122018C200002385' is set on object 'Object Repository/Final Object Repo/WorkFlow Listing Page/Ref No Set Text'

2018-12-06 21:37:25 - [MESSAGE][PASSED] - Text 'ERN122018C200002385' is set on object 'Object Repository/Final Object Repo/WorkFlow Listing Page/Ref No Set Text'

2018-12-06 21:37:25 - [TEST_STEP][PASSED] - delay: Delayed 2 second(s)

2018-12-06 21:37:27 - [MESSAGE][PASSED] - Delayed 2 second(s)

2018-12-06 21:37:27 - [TEST_STEP][PASSED] - click: Object: 'Object Repository/Final Object Repo/WorkFlow Listing Page/Search Ref No Search Button' is clicked on

2018-12-06 21:37:27 - [MESSAGE][PASSED] - Object: 'Object Repository/Final Object Repo/WorkFlow Listing Page/Search Ref No Search Button' is clicked on

2018-12-06 21:37:27 - [TEST_STEP][PASSED] - delay: Delayed 6 second(s)

2018-12-06 21:37:33 - [MESSAGE][PASSED] - Delayed 6 second(s)

2018-12-06 21:37:33 - [TEST_STEP][PASSED] - click: Object: 'Object Repository/Final Object Repo/WorkFlow Listing Page/Click Continue Tooltip' is clicked on

2018-12-06 21:37:34 - [MESSAGE][PASSED] - Object: 'Object Repository/Final Object Repo/WorkFlow Listing Page/Click Continue Tooltip' is clicked on

2018-12-06 21:37:34 - [TEST_STEP][PASSED] - delay: Delayed 5 second(s)

2018-12-06 21:37:39 - [MESSAGE][PASSED] - Delayed 5 second(s)

2018-12-06 21:37:39 - [TEST_STEP][PASSED] - doubleClick: Object: 'Object Repository/Final Object Repo/WorkFlow Listing Page/Workflow Found - Listing 1' is double clicked on

2018-12-06 21:37:39 - [MESSAGE][PASSED] - Object: 'Object Repository/Final Object Repo/WorkFlow Listing Page/Workflow Found - Listing 1' is double clicked on

2018-12-06 21:37:39 - [TEST_STEP][PASSED] - Statement - println(OwnerID): null

2018-12-06 21:37:39 - [TEST_STEP][PASSED] - Statement - OwnerID = com.kms.katalon.core.webui.keyword.WebUiBuiltInKeywords.getText(com.kms.katalon.core.testobject.ObjectRepository.findTestObject(Final Object Repo/WorkFlow Listing Page/Workflow Found - Listing 1), STOP_ON_FAILURE): Text of object 'Object Repository/Final Object Repo/WorkFlow Listing Page/Workflow Found - Listing 1' is: 'JOHORuo2'

2018-12-06 21:37:39 - [MESSAGE][PASSED] - Text of object 'Object Repository/Final Object Repo/WorkFlow Listing Page/Workflow Found - Listing 1' is: 'JOHORuo2'

2018-12-06 21:37:39 - [TEST_STEP][PASSED] - Statement - OwnerID = OwnerID.toLowerCase() + "@gmail.com": null

2018-12-06 21:37:39 - [TEST_STEP][PASSED] - Statement - println(OwnerID): null

2018-12-06 21:37:39 - [TEST_STEP][PASSED] - delay: Delayed 2 second(s)

2018-12-06 21:37:41 - [MESSAGE][PASSED] - Delayed 2 second(s)

2018-12-06 21:37:41 - [MESSAGE][PASSED] - Call Test Case 'Test Cases/Final Aug 2018 - PKS Automation/Common/Workflow Owner Finder' successfully

2018-12-06 21:37:41 - [TEST_STEP][PASSED] - delay: Delayed 1 second(s)

2018-12-06 21:37:42 - [MESSAGE][PASSED] - Delayed 1 second(s)

2018-12-06 21:37:42 - [TEST_STEP][PASSED] - navigateToUrl: Navigate to 'https://assist2-uat.perkeso.gov.my/c/portal/logout' successfully

2018-12-06 21:37:43 - [MESSAGE][PASSED] - Navigate to 'https://assist2-uat.perkeso.gov.my/c/portal/logout' successfully

2018-12-06 21:37:43 - [TEST_STEP][PASSED] - delay: Delayed 1 second(s)

2018-12-06 21:37:44 - [MESSAGE][PASSED] - Delayed 1 second(s)

2018-12-06 21:37:44 - [TEST_STEP][PASSED] - callTestCase: Call Test Case 'Test Cases/Final Aug 2018 - PKS Automation/Registration Module/Workflow/Login and Search Case For Workflow' successfully

2018-12-06 21:37:44 - [TEST_CASE][PASSED] - Test Cases/Final Aug 2018 - PKS Automation/Registration Module/Workflow/Login and Search Case For Workflow: Test Cases/Final Aug 2018 - PKS Automation/Registration Module/Workflow/Login and Search Case For Workflow

2018-12-06 21:37:44 - [TEST_STEP][PASSED] - navigateToUrl: Navigate to 'https://assist2-uat.perkeso.gov.my/login' successfully

2018-12-06 21:37:45 - [MESSAGE][PASSED] - Navigate to 'https://assist2-uat.perkeso.gov.my/login' successfully

2018-12-06 21:37:45 - [TEST_STEP][PASSED] - setText: Text 'johoruo2@gmail.com' is set on object 'Object Repository/Final Object Repo/Login Page/Internal User/Email Address'

2018-12-06 21:37:45 - [MESSAGE][PASSED] - Text 'johoruo2@gmail.com' is set on object 'Object Repository/Final Object Repo/Login Page/Internal User/Email Address'

2018-12-06 21:37:45 - [TEST_STEP][PASSED] - click: Object: 'Object Repository/Final Object Repo/Login Page/Internal User/Next Button' is clicked on

2018-12-06 21:37:45 - [MESSAGE][PASSED] - Object: 'Object Repository/Final Object Repo/Login Page/Internal User/Next Button' is clicked on

2018-12-06 21:37:45 - [TEST_STEP][PASSED] - delay: Delayed 1 second(s)

2018-12-06 21:37:46 - [MESSAGE][PASSED] - Delayed 1 second(s)

2018-12-06 21:37:46 - [TEST_STEP][PASSED] - setEncryptedText: Text ****** has been set on object 'Object Repository/Final Object Repo/Login Page/Internal User/Password'

2018-12-06 21:37:47 - [MESSAGE][PASSED] - Text ****** has been set on object 'Object Repository/Final Object Repo/Login Page/Internal User/Password'

2018-12-06 21:37:47 - [TEST_STEP][PASSED] - click: Object: 'Object Repository/Final Object Repo/Login Page/Internal User/Login Button' is clicked on

2018-12-06 21:37:47 - [MESSAGE][PASSED] - Object: 'Object Repository/Final Object Repo/Login Page/Internal User/Login Button' is clicked on

2018-12-06 21:37:47 - [TEST_STEP][PASSED] - delay: Delayed 2 second(s)

2018-12-06 21:37:49 - [MESSAGE][PASSED] - Delayed 2 second(s)

2018-12-06 21:37:49 - [TEST_STEP][PASSED] - Statement - Try: Delayed 2 second(s)

2018-12-06 21:37:49 - [TEST_STEP][PASSED] - Statement - Checker = false: null

2018-12-06 21:37:49 - [TEST_STEP][PASSED] - Statement - Checker = com.kms.katalon.core.webui.keyword.WebUiBuiltInKeywords.verifyElementHasAttribute(com.kms.katalon.core.testobject.ObjectRepository.findTestObject(Final Object Repo/Landing Page/BM Detecting), "href", 20, OPTIONAL): Object 'Object Repository/Final Object Repo/Landing Page/BM Detecting' has attribute 'href'

2018-12-06 21:37:49 - [MESSAGE][PASSED] - Object 'Object Repository/Final Object Repo/Landing Page/BM Detecting' has attribute 'href'

2018-12-06 21:37:49 - [TEST_STEP][PASSED] - Statement - out.println(Checker): null

2018-12-06 21:37:49 - [TEST_STEP][PASSED] - Statement - If (Checker == false): null

2018-12-06 21:37:49 - [TEST_STEP][PASSED] - Statement - Else: null

2018-12-06 21:37:49 - [TEST_STEP][PASSED] - delay: Delayed 2 second(s)

2018-12-06 21:37:51 - [MESSAGE][PASSED] - Delayed 2 second(s)

2018-12-06 21:37:51 - [TEST_STEP][PASSED] - click: Object: 'Object Repository/Final Object Repo/Page_MyASSIST - ASSIST - Search Pending Case For Add Supporting Document/Search Information' is clicked on

2018-12-06 21:37:51 - [MESSAGE][PASSED] - Object: 'Object Repository/Final Object Repo/Page_MyASSIST - ASSIST - Search Pending Case For Add Supporting Document/Search Information' is clicked on

2018-12-06 21:37:51 - [TEST_STEP][PASSED] - delay: Delayed 3 second(s)

2018-12-06 21:37:54 - [MESSAGE][PASSED] - Delayed 3 second(s)

2018-12-06 21:37:54 - [TEST_STEP][PASSED] - sendKeys: Keys 'ERN122018C200002385' sent to object: 'Object Repository/Final Object Repo/Page_MyASSIST - ASSIST - Search Pending Case For Add Supporting Document/Reference No'

2018-12-06 21:37:54 - [MESSAGE][PASSED] - Keys 'ERN122018C200002385' sent to object: 'Object Repository/Final Object Repo/Page_MyASSIST - ASSIST - Search Pending Case For Add Supporting Document/Reference No'

2018-12-06 21:37:54 - [TEST_STEP][PASSED] - click: Object: 'Object Repository/Final Object Repo/Page_MyASSIST - ASSIST - Search Pending Case For Add Supporting Document/Search Reference No' is clicked on

2018-12-06 21:37:54 - [MESSAGE][PASSED] - Object: 'Object Repository/Final Object Repo/Page_MyASSIST - ASSIST - Search Pending Case For Add Supporting Document/Search Reference No' is clicked on

2018-12-06 21:37:54 - [TEST_STEP][PASSED] - delay: Delayed 2 second(s)

2018-12-06 21:37:56 - [MESSAGE][PASSED] - Delayed 2 second(s)

2018-12-06 21:37:56 - [TEST_STEP][PASSED] - click: Object: 'Object Repository/Final Object Repo/Page_MyASSIST - ASSIST - Search Pending Case For Add Supporting Document/Continue' is clicked on

2018-12-06 21:38:00 - [MESSAGE][PASSED] - Object: 'Object Repository/Final Object Repo/Page_MyASSIST - ASSIST - Search Pending Case For Add Supporting Document/Continue' is clicked on

2018-12-06 21:38:00 - [TEST_STEP][PASSED] - delay: Delayed 20 second(s)

2018-12-06 21:38:20 - [MESSAGE][PASSED] - Delayed 20 second(s)

2018-12-06 21:38:20 - [MESSAGE][PASSED] - Call Test Case 'Test Cases/Final Aug 2018 - PKS Automation/Registration Module/Workflow/Login and Search Case For Workflow' successfully

2018-12-06 21:38:20 - [TEST_STEP][PASSED] - click: Object: 'Object Repository/Final Object Repo/Page_Form 3 EIS - Cessation as Employer/Page_Form 3 EIS - Cessation as Employer (Approve)/Save  Continue in Form 3 Page' is clicked on

2018-12-06 21:38:20 - [MESSAGE][PASSED] - Object: 'Object Repository/Final Object Repo/Page_Form 3 EIS - Cessation as Employer/Page_Form 3 EIS - Cessation as Employer (Approve)/Save  Continue in Form 3 Page' is clicked on

2018-12-06 21:38:20 - [TEST_STEP][PASSED] - delay: Delayed 2 second(s)

2018-12-06 21:38:22 - [MESSAGE][PASSED] - Delayed 2 second(s)

2018-12-06 21:38:22 - [TEST_STEP][PASSED] - click: Object: 'Object Repository/Final Object Repo/Page_Form 3 EIS - Cessation as Employer/Page_Form 3 EIS - Cessation as Employer (Approve)/Save  Continue in Resigned Page' is clicked on

2018-12-06 21:38:22 - [MESSAGE][PASSED] - Object: 'Object Repository/Final Object Repo/Page_Form 3 EIS - Cessation as Employer/Page_Form 3 EIS - Cessation as Employer (Approve)/Save  Continue in Resigned Page' is clicked on

2018-12-06 21:38:22 - [TEST_STEP][PASSED] - delay: Delayed 2 second(s)

2018-12-06 21:38:24 - [MESSAGE][PASSED] - Delayed 2 second(s)

2018-12-06 21:38:24 - [TEST_STEP][PASSED] - click: Object: 'Object Repository/Final Object Repo/Page_Form 3 EIS - Cessation as Employer/Page_Form 3 EIS - Cessation as Employer (Approve)/Save  Continue in Uploading Page' is clicked on

2018-12-06 21:38:25 - [MESSAGE][PASSED] - Object: 'Object Repository/Final Object Repo/Page_Form 3 EIS - Cessation as Employer/Page_Form 3 EIS - Cessation as Employer (Approve)/Save  Continue in Uploading Page' is clicked on

2018-12-06 21:38:25 - [TEST_STEP][PASSED] - delay: Delayed 2 second(s)

2018-12-06 21:38:27 - [MESSAGE][PASSED] - Delayed 2 second(s)

2018-12-06 21:38:27 - [TEST_STEP][PASSED] - click: Object: 'Object Repository/Final Object Repo/Page_Form 3 EIS - Cessation as Employer/Page_Form 3 EIS - Cessation as Employer (Reject)/Reject' is clicked on

2018-12-06 21:38:30 - [MESSAGE][PASSED] - Object: 'Object Repository/Final Object Repo/Page_Form 3 EIS - Cessation as Employer/Page_Form 3 EIS - Cessation as Employer (Reject)/Reject' is clicked on

2018-12-06 21:38:30 - [TEST_STEP][PASSED] - delay: Delayed 2 second(s)

2018-12-06 21:38:32 - [MESSAGE][PASSED] - Delayed 2 second(s)

2018-12-06 21:38:32 - [TEST_STEP][PASSED] - click: Object: 'Object Repository/Final Object Repo/Page_Form 3 EIS - Cessation as Employer/Page_Form 3 EIS - Cessation as Employer (Reject)/Confirm' is clicked on

2018-12-06 21:38:32 - [MESSAGE][PASSED] - Object: 'Object Repository/Final Object Repo/Page_Form 3 EIS - Cessation as Employer/Page_Form 3 EIS - Cessation as Employer (Reject)/Confirm' is clicked on

2018-12-06 21:38:32 - [TEST_STEP][PASSED] - delay: Delayed 2 second(s)

2018-12-06 21:38:34 - [MESSAGE][PASSED] - Delayed 2 second(s)

2018-12-06 21:38:34 - [TEST_STEP][PASSED] - click: Object: 'Object Repository/Final Object Repo/Page_Form 3 EIS - Cessation as Employer/Page_Form 3 EIS - Cessation as Employer (Reject)/Message This Case has been Rejected' is clicked on

2018-12-06 21:38:38 - [MESSAGE][PASSED] - Object: 'Object Repository/Final Object Repo/Page_Form 3 EIS - Cessation as Employer/Page_Form 3 EIS - Cessation as Employer (Reject)/Message This Case has been Rejected' is clicked on

2018-12-06 21:38:38 - [TEST_STEP][PASSED] - click: Object: 'Object Repository/Final Object Repo/Page_Form 3 EIS - Cessation as Employer/Page_Form 3 EIS - Cessation as Employer (Reject)/Letter of update rejection' is clicked on

2018-12-06 21:38:38 - [MESSAGE][PASSED] - Object: 'Object Repository/Final Object Repo/Page_Form 3 EIS - Cessation as Employer/Page_Form 3 EIS - Cessation as Employer (Reject)/Letter of update rejection' is clicked on

2018-12-06 21:38:38 - [MESSAGE][PASSED] - Call Test Case 'Test Cases/Final Aug 2018 - PKS Automation/Registration Module/Workflow/Form 3 EIS - Cessation As Employer/Template/Form 3 A - Cessation As Employer (Reject)' successfully]]></system-out>
         <system-err><![CDATA[]]></system-err>
      </testcase>
      <testcase name="Test Cases/Final Aug 2018 - PKS Automation/Registration Module/Workflow/Form 3 EIS - Cessation As Employer/PKRBO to UO (Under enforcement)" classname="Test Cases/Final Aug 2018 - PKS Automation/Registration Module/Workflow/Form 3 EIS - Cessation As Employer/PKRBO to UO (Under enforcement)" status="PASSED">
         <system-out><![CDATA[2018-12-06 21:38:38 - [TEST_CASE][PASSED] - Test Cases/Final Aug 2018 - PKS Automation/Registration Module/Workflow/Form 3 EIS - Cessation As Employer/PKRBO to UO (Under enforcement): Test Cases/Final Aug 2018 - PKS Automation/Registration Module/Workflow/Form 3 EIS - Cessation As Employer/PKRBO to UO (Under enforcement)

2018-12-06 21:38:39 - [TEST_STEP][PASSED] - callTestCase: Call Test Case 'Test Cases/Final Aug 2018 - PKS Automation/Registration Module/Workflow/Form 3 EIS - Cessation As Employer/Template/Form 3 A - Cessation As Employer (PKRBO)' successfully

2018-12-06 21:38:40 - [TEST_CASE][PASSED] - Test Cases/Final Aug 2018 - PKS Automation/Registration Module/Workflow/Form 3 EIS - Cessation As Employer/Template/Form 3 A - Cessation As Employer (PKRBO): Test Cases/Final Aug 2018 - PKS Automation/Registration Module/Workflow/Form 3 EIS - Cessation As Employer/Template/Form 3 A - Cessation As Employer (PKRBO)

2018-12-06 21:38:40 - [TEST_STEP][PASSED] - openBrowser: Browser is opened with url: ''

2018-12-06 21:38:40 - [MESSAGE][WARNING] - A browser is already opened. Closing browser and opening a new one

2018-12-06 21:38:43 - [MESSAGE][PASSED] - Browser is opened with url: ''

2018-12-06 21:38:43 - [TEST_STEP][PASSED] - navigateToUrl: Navigate to 'https://assist2-uat.perkeso.gov.my/login' successfully

2018-12-06 21:38:45 - [MESSAGE][PASSED] - Navigate to 'https://assist2-uat.perkeso.gov.my/login' successfully

2018-12-06 21:38:45 - [TEST_STEP][PASSED] - setText: Text 'johorpkrbo1@gmail.com' is set on object 'Object Repository/Final Object Repo/Login Page/Internal User/Email Address'

2018-12-06 21:38:45 - [MESSAGE][PASSED] - Text 'johorpkrbo1@gmail.com' is set on object 'Object Repository/Final Object Repo/Login Page/Internal User/Email Address'

2018-12-06 21:38:45 - [TEST_STEP][PASSED] - click: Object: 'Object Repository/Final Object Repo/Login Page/Internal User/Next Button' is clicked on

2018-12-06 21:38:45 - [MESSAGE][PASSED] - Object: 'Object Repository/Final Object Repo/Login Page/Internal User/Next Button' is clicked on

2018-12-06 21:38:45 - [TEST_STEP][PASSED] - delay: Delayed 1 second(s)

2018-12-06 21:38:46 - [MESSAGE][PASSED] - Delayed 1 second(s)

2018-12-06 21:38:46 - [TEST_STEP][PASSED] - setEncryptedText: Text ****** has been set on object 'Object Repository/Final Object Repo/Login Page/Internal User/Password'

2018-12-06 21:38:46 - [MESSAGE][PASSED] - Text ****** has been set on object 'Object Repository/Final Object Repo/Login Page/Internal User/Password'

2018-12-06 21:38:46 - [TEST_STEP][PASSED] - click: Object: 'Object Repository/Final Object Repo/Login Page/Internal User/Login Button' is clicked on

2018-12-06 21:38:46 - [MESSAGE][PASSED] - Object: 'Object Repository/Final Object Repo/Login Page/Internal User/Login Button' is clicked on

2018-12-06 21:38:46 - [TEST_STEP][PASSED] - delay: Delayed 1 second(s)

2018-12-06 21:38:47 - [MESSAGE][PASSED] - Delayed 1 second(s)

2018-12-06 21:38:47 - [TEST_STEP][PASSED] - Statement - Try: Delayed 2 second(s)

2018-12-06 21:38:47 - [TEST_STEP][PASSED] - Statement - Checker = false: null

2018-12-06 21:38:47 - [TEST_STEP][PASSED] - Statement - Checker = com.kms.katalon.core.webui.keyword.WebUiBuiltInKeywords.verifyElementHasAttribute(com.kms.katalon.core.testobject.ObjectRepository.findTestObject(Final Object Repo/Landing Page/BM Detecting), "href", 20, OPTIONAL): Object 'Object Repository/Final Object Repo/Landing Page/BM Detecting' has attribute 'href'

2018-12-06 21:38:48 - [MESSAGE][PASSED] - Object 'Object Repository/Final Object Repo/Landing Page/BM Detecting' has attribute 'href'

2018-12-06 21:38:48 - [TEST_STEP][PASSED] - Statement - out.println(Checker): null

2018-12-06 21:38:48 - [TEST_STEP][PASSED] - Statement - If (Checker == false): null

2018-12-06 21:38:48 - [TEST_STEP][PASSED] - Statement - Else: null

2018-12-06 21:38:48 - [TEST_STEP][PASSED] - delay: Delayed 2 second(s)

2018-12-06 21:38:50 - [MESSAGE][PASSED] - Delayed 2 second(s)

2018-12-06 21:38:50 - [TEST_STEP][PASSED] - navigateToUrl: Navigate to 'https://assist2-uat.perkeso.gov.my/web/registration/eis-update/form-3-eis-cessation-as-employer' successfully

2018-12-06 21:38:51 - [MESSAGE][PASSED] - Navigate to 'https://assist2-uat.perkeso.gov.my/web/registration/eis-update/form-3-eis-cessation-as-employer' successfully

2018-12-06 21:38:51 - [TEST_STEP][PASSED] - delay: Delayed 1 second(s)

2018-12-06 21:38:52 - [MESSAGE][PASSED] - Delayed 1 second(s)

2018-12-06 21:38:52 - [TEST_STEP][PASSED] - setText: Text 'E1102069769W' is set on object 'Object Repository/Final Object Repo/Page_Form 3 EIS - Cessation as Employer/Employer Code'

2018-12-06 21:38:52 - [MESSAGE][PASSED] - Text 'E1102069769W' is set on object 'Object Repository/Final Object Repo/Page_Form 3 EIS - Cessation as Employer/Employer Code'

2018-12-06 21:38:52 - [TEST_STEP][PASSED] - click: Object: 'Object Repository/Final Object Repo/Page_Form 3 EIS - Cessation as Employer/Search' is clicked on

2018-12-06 21:38:53 - [MESSAGE][PASSED] - Object: 'Object Repository/Final Object Repo/Page_Form 3 EIS - Cessation as Employer/Search' is clicked on

2018-12-06 21:38:53 - [TEST_STEP][PASSED] - click: Object: 'Object Repository/Final Object Repo/Page_Form 3 EIS - Cessation as Employer/Edit' is clicked on

2018-12-06 21:38:55 - [MESSAGE][PASSED] - Object: 'Object Repository/Final Object Repo/Page_Form 3 EIS - Cessation as Employer/Edit' is clicked on

2018-12-06 21:38:55 - [TEST_STEP][PASSED] - delay: Delayed 1 second(s)

2018-12-06 21:38:56 - [MESSAGE][PASSED] - Delayed 1 second(s)

2018-12-06 21:38:56 - [TEST_STEP][PASSED] - Statement - abc = com.kms.katalon.core.webui.keyword.WebUiBuiltInKeywords.getAttribute(com.kms.katalon.core.testobject.ObjectRepository.findTestObject(Final Object Repo/Page_Form 3 EIS - Cessation as Employer/Employer Status), "value"): Attribute 'value' of object 'Object Repository/Final Object Repo/Page_Form 3 EIS - Cessation as Employer/Employer Status' is: 'Active'

2018-12-06 21:38:56 - [MESSAGE][PASSED] - Attribute 'value' of object 'Object Repository/Final Object Repo/Page_Form 3 EIS - Cessation as Employer/Employer Status' is: 'Active'

2018-12-06 21:38:56 - [TEST_STEP][PASSED] - Statement - out.println(abc): null

2018-12-06 21:38:56 - [TEST_STEP][PASSED] - Statement - If (abc == "Active"): Object: 'Object Repository/Final Object Repo/Page_Form 3 EIS - Cessation as Employer/Dormant EIS' is clicked on

2018-12-06 21:38:56 - [TEST_STEP][PASSED] - click: Object: 'Object Repository/Final Object Repo/Page_Form 3 EIS - Cessation as Employer/Change Employer Status to' is clicked on

2018-12-06 21:38:56 - [MESSAGE][PASSED] - Object: 'Object Repository/Final Object Repo/Page_Form 3 EIS - Cessation as Employer/Change Employer Status to' is clicked on

2018-12-06 21:38:56 - [TEST_STEP][PASSED] - click: Object: 'Object Repository/Final Object Repo/Page_Form 3 EIS - Cessation as Employer/Dormant EIS' is clicked on

2018-12-06 21:38:57 - [MESSAGE][PASSED] - Object: 'Object Repository/Final Object Repo/Page_Form 3 EIS - Cessation as Employer/Dormant EIS' is clicked on

2018-12-06 21:38:57 - [TEST_STEP][PASSED] - click: Object: 'Object Repository/Final Object Repo/Page_Form 3 EIS - Cessation as Employer/Calender' is clicked on

2018-12-06 21:38:57 - [MESSAGE][PASSED] - Object: 'Object Repository/Final Object Repo/Page_Form 3 EIS - Cessation as Employer/Calender' is clicked on

2018-12-06 21:38:57 - [TEST_STEP][PASSED] - delay: Delayed 1 second(s)

2018-12-06 21:38:58 - [MESSAGE][PASSED] - Delayed 1 second(s)

2018-12-06 21:38:58 - [TEST_STEP][PASSED] - click: Object: 'Object Repository/Final Object Repo/Page_Form 3 EIS - Cessation as Employer/Calender - Date' is clicked on

2018-12-06 21:38:58 - [MESSAGE][PASSED] - Object: 'Object Repository/Final Object Repo/Page_Form 3 EIS - Cessation as Employer/Calender - Date' is clicked on

2018-12-06 21:38:58 - [TEST_STEP][PASSED] - click: Object: 'Object Repository/Final Object Repo/Page_Form 3 EIS - Cessation as Employer/Save  Continue in Form 3 EIS Page' is clicked on

2018-12-06 21:38:58 - [MESSAGE][PASSED] - Object: 'Object Repository/Final Object Repo/Page_Form 3 EIS - Cessation as Employer/Save  Continue in Form 3 EIS Page' is clicked on

2018-12-06 21:38:58 - [TEST_STEP][PASSED] - delay: Delayed 1 second(s)

2018-12-06 21:38:59 - [MESSAGE][PASSED] - Delayed 1 second(s)

2018-12-06 21:38:59 - [TEST_STEP][PASSED] - click: Object: 'Object Repository/Final Object Repo/Page_Form 3 EIS - Cessation as Employer/Employment Resign Date' is clicked on

2018-12-06 21:39:00 - [MESSAGE][PASSED] - Object: 'Object Repository/Final Object Repo/Page_Form 3 EIS - Cessation as Employer/Employment Resign Date' is clicked on

2018-12-06 21:39:00 - [TEST_STEP][PASSED] - selectOptionByValue: All options with value '2030' are selected in object 'Object Repository/Final Object Repo/Page_Form 3 EIS - Cessation as Employer/Employment Resign Date - Year' 

2018-12-06 21:39:00 - [MESSAGE][PASSED] - All options with value '2030' are selected in object 'Object Repository/Final Object Repo/Page_Form 3 EIS - Cessation as Employer/Employment Resign Date - Year' 

2018-12-06 21:39:00 - [TEST_STEP][PASSED] - delay: Delayed 2 second(s)

2018-12-06 21:39:02 - [MESSAGE][PASSED] - Delayed 2 second(s)

2018-12-06 21:39:02 - [TEST_STEP][PASSED] - click: Object: 'Object Repository/Final Object Repo/Page_Form 3 EIS - Cessation as Employer/Employment Resign Date - Year - Date' is clicked on

2018-12-06 21:39:02 - [MESSAGE][PASSED] - Object: 'Object Repository/Final Object Repo/Page_Form 3 EIS - Cessation as Employer/Employment Resign Date - Year - Date' is clicked on

2018-12-06 21:39:02 - [TEST_STEP][PASSED] - delay: Delayed 2 second(s)

2018-12-06 21:39:04 - [MESSAGE][PASSED] - Delayed 2 second(s)

2018-12-06 21:39:04 - [TEST_STEP][PASSED] - click: Object: 'Object Repository/Final Object Repo/Page_Form 3 EIS - Cessation as Employer/Save  Continue in Employment Resign Page' is clicked on

2018-12-06 21:39:04 - [MESSAGE][PASSED] - Object: 'Object Repository/Final Object Repo/Page_Form 3 EIS - Cessation as Employer/Save  Continue in Employment Resign Page' is clicked on

2018-12-06 21:39:04 - [TEST_STEP][PASSED] - delay: Delayed 2 second(s)

2018-12-06 21:39:06 - [MESSAGE][PASSED] - Delayed 2 second(s)

2018-12-06 21:39:06 - [TEST_STEP][PASSED] - click: Object: 'Object Repository/Final Object Repo/Page_Form 3 EIS - Cessation as Employer/Set Latest - Yes' is clicked on

2018-12-06 21:39:06 - [MESSAGE][PASSED] - Object: 'Object Repository/Final Object Repo/Page_Form 3 EIS - Cessation as Employer/Set Latest - Yes' is clicked on

2018-12-06 21:39:06 - [TEST_STEP][PASSED] - delay: Delayed 2 second(s)

2018-12-06 21:39:08 - [MESSAGE][PASSED] - Delayed 2 second(s)

2018-12-06 21:39:08 - [TEST_STEP][PASSED] - click: Object: 'Object Repository/Final Object Repo/Page_Form 3 EIS - Cessation as Employer/Add Document' is clicked on

2018-12-06 21:39:10 - [MESSAGE][PASSED] - Object: 'Object Repository/Final Object Repo/Page_Form 3 EIS - Cessation as Employer/Add Document' is clicked on

2018-12-06 21:39:10 - [TEST_STEP][PASSED] - delay: Delayed 3 second(s)

2018-12-06 21:39:13 - [MESSAGE][PASSED] - Delayed 3 second(s)

2018-12-06 21:39:13 - [TEST_STEP][PASSED] - click: Object: 'Object Repository/Final Object Repo/Page_Form 3 EIS - Cessation as Employer/Document Type' is clicked on

2018-12-06 21:39:13 - [MESSAGE][PASSED] - Object: 'Object Repository/Final Object Repo/Page_Form 3 EIS - Cessation as Employer/Document Type' is clicked on

2018-12-06 21:39:13 - [TEST_STEP][PASSED] - click: Object: 'Object Repository/Final Object Repo/Page_Form 3 EIS - Cessation as Employer/Document Type - Form 3' is clicked on

2018-12-06 21:39:13 - [MESSAGE][PASSED] - Object: 'Object Repository/Final Object Repo/Page_Form 3 EIS - Cessation as Employer/Document Type - Form 3' is clicked on

2018-12-06 21:39:13 - [TEST_STEP][PASSED] - delay: Delayed 2 second(s)

2018-12-06 21:39:15 - [MESSAGE][PASSED] - Delayed 2 second(s)

2018-12-06 21:39:15 - [TEST_STEP][PASSED] - sendKeys: Keys 'C:\Users\Public\Pictures\Sample Pictures\Koala.jpg' sent to object: 'Object Repository/Final Object Repo/Page_Form 3 EIS - Cessation as Employer/ploading File'

2018-12-06 21:39:15 - [MESSAGE][PASSED] - Keys 'C:\Users\Public\Pictures\Sample Pictures\Koala.jpg' sent to object: 'Object Repository/Final Object Repo/Page_Form 3 EIS - Cessation as Employer/ploading File'

2018-12-06 21:39:15 - [TEST_STEP][PASSED] - delay: Delayed 1 second(s)

2018-12-06 21:39:16 - [MESSAGE][PASSED] - Delayed 1 second(s)

2018-12-06 21:39:16 - [TEST_STEP][PASSED] - click: Object: 'Object Repository/Final Object Repo/Page_Form 3 EIS - Cessation as Employer/Add Document in Uploading Page' is clicked on

2018-12-06 21:39:16 - [MESSAGE][PASSED] - Object: 'Object Repository/Final Object Repo/Page_Form 3 EIS - Cessation as Employer/Add Document in Uploading Page' is clicked on

2018-12-06 21:39:16 - [TEST_STEP][PASSED] - delay: Delayed 2 second(s)

2018-12-06 21:39:18 - [MESSAGE][PASSED] - Delayed 2 second(s)

2018-12-06 21:39:18 - [TEST_STEP][PASSED] - Statement - CaseReferenceNo = com.kms.katalon.core.webui.keyword.WebUiBuiltInKeywords.getText(com.kms.katalon.core.testobject.ObjectRepository.findTestObject(Final Object Repo/Page_Update Employer Information/Reference Number in Update Employee Information Page)): Text of object 'Object Repository/Final Object Repo/Page_Update Employer Information/Reference Number in Update Employee Information Page' is: 'ERN122018C200002386'

2018-12-06 21:39:20 - [MESSAGE][PASSED] - Text of object 'Object Repository/Final Object Repo/Page_Update Employer Information/Reference Number in Update Employee Information Page' is: 'ERN122018C200002386'

2018-12-06 21:39:20 - [TEST_STEP][PASSED] - callTestCase: Call Test Case 'Test Cases/Final Aug 2018 - PKS Automation/Common/Reference Number Setter' successfully

2018-12-06 21:39:20 - [TEST_CASE][PASSED] - Test Cases/Final Aug 2018 - PKS Automation/Common/Reference Number Setter: Test Cases/Final Aug 2018 - PKS Automation/Common/Reference Number Setter

2018-12-06 21:39:20 - [TEST_STEP][PASSED] - Statement - RefNoOldFile = new java.io.File(C://Users//Admin//Desktop//PKS//Automation Reference Point//KatalonReference.txt): null

2018-12-06 21:39:20 - [TEST_STEP][PASSED] - Statement - RefNoOldFile.delete(): null

2018-12-06 21:39:20 - [TEST_STEP][PASSED] - delay: Delayed 5 second(s)

2018-12-06 21:39:25 - [MESSAGE][PASSED] - Delayed 5 second(s)

2018-12-06 21:39:25 - [TEST_STEP][PASSED] - Statement - RefNo = new java.io.File(C://Users//Admin//Desktop//PKS//Automation Reference Point//KatalonReference.txt): null

2018-12-06 21:39:25 - [TEST_STEP][PASSED] - Statement - f2 = new java.io.FileWriter(RefNo, false): null

2018-12-06 21:39:25 - [TEST_STEP][PASSED] - Statement - f2.write(CaseReferenceNo): null

2018-12-06 21:39:25 - [TEST_STEP][PASSED] - Statement - f2.close(): null

2018-12-06 21:39:25 - [TEST_STEP][PASSED] - Statement - out.println("


" + CaseReferenceNo + "


"): null

2018-12-06 21:39:25 - [MESSAGE][PASSED] - Call Test Case 'Test Cases/Final Aug 2018 - PKS Automation/Common/Reference Number Setter' successfully

2018-12-06 21:39:25 - [TEST_STEP][PASSED] - delay: Delayed 2 second(s)

2018-12-06 21:39:27 - [MESSAGE][PASSED] - Delayed 2 second(s)

2018-12-06 21:39:27 - [TEST_STEP][PASSED] - click: Object: 'Object Repository/Final Object Repo/Page_Form 3 EIS - Cessation as Employer/Save  Continue in Uploading Page' is clicked on

2018-12-06 21:39:27 - [MESSAGE][PASSED] - Object: 'Object Repository/Final Object Repo/Page_Form 3 EIS - Cessation as Employer/Save  Continue in Uploading Page' is clicked on

2018-12-06 21:39:27 - [TEST_STEP][PASSED] - delay: Delayed 2 second(s)

2018-12-06 21:39:29 - [MESSAGE][PASSED] - Delayed 2 second(s)

2018-12-06 21:39:29 - [TEST_STEP][PASSED] - click: Object: 'Object Repository/Final Object Repo/Page_Form 3 EIS - Cessation as Employer/Submit' is clicked on

2018-12-06 21:39:32 - [MESSAGE][PASSED] - Object: 'Object Repository/Final Object Repo/Page_Form 3 EIS - Cessation as Employer/Submit' is clicked on

2018-12-06 21:39:32 - [TEST_STEP][PASSED] - delay: Delayed 2 second(s)

2018-12-06 21:39:34 - [MESSAGE][PASSED] - Delayed 2 second(s)

2018-12-06 21:39:34 - [TEST_STEP][PASSED] - click: Object: 'Object Repository/Final Object Repo/Page_Form 3 EIS - Cessation as Employer/Confirm' is clicked on

2018-12-06 21:39:34 - [MESSAGE][PASSED] - Object: 'Object Repository/Final Object Repo/Page_Form 3 EIS - Cessation as Employer/Confirm' is clicked on

2018-12-06 21:39:34 - [TEST_STEP][PASSED] - delay: Delayed 2 second(s)

2018-12-06 21:39:36 - [MESSAGE][PASSED] - Delayed 2 second(s)

2018-12-06 21:39:36 - [TEST_STEP][PASSED] - click: Object: 'Object Repository/Final Object Repo/Page_Form 3 EIS - Cessation as Employer/Message Your Request will be routed to UO' is clicked on

2018-12-06 21:39:39 - [MESSAGE][PASSED] - Object: 'Object Repository/Final Object Repo/Page_Form 3 EIS - Cessation as Employer/Message Your Request will be routed to UO' is clicked on

2018-12-06 21:39:39 - [TEST_STEP][PASSED] - click: Object: 'Object Repository/Final Object Repo/Page_Form 3 EIS - Cessation as Employer/Letter of acknowledgement' is clicked on

2018-12-06 21:39:40 - [MESSAGE][PASSED] - Object: 'Object Repository/Final Object Repo/Page_Form 3 EIS - Cessation as Employer/Letter of acknowledgement' is clicked on

2018-12-06 21:39:40 - [MESSAGE][PASSED] - Call Test Case 'Test Cases/Final Aug 2018 - PKS Automation/Registration Module/Workflow/Form 3 EIS - Cessation As Employer/Template/Form 3 A - Cessation As Employer (PKRBO)' successfully

2018-12-06 21:39:40 - [TEST_STEP][PASSED] - callTestCase: Call Test Case 'Test Cases/Final Aug 2018 - PKS Automation/Registration Module/Workflow/Form 3 EIS - Cessation As Employer/Template/Form 3 A - Cessation As Employer (Under enforcement)' successfully

2018-12-06 21:39:40 - [TEST_CASE][PASSED] - Test Cases/Final Aug 2018 - PKS Automation/Registration Module/Workflow/Form 3 EIS - Cessation As Employer/Template/Form 3 A - Cessation As Employer (Under enforcement): Test Cases/Final Aug 2018 - PKS Automation/Registration Module/Workflow/Form 3 EIS - Cessation As Employer/Template/Form 3 A - Cessation As Employer (Under enforcement)

2018-12-06 21:39:40 - [TEST_STEP][NOT_RUN] - callTestCase: NOT_RUN: callTestCase

2018-12-06 21:39:40 - [MESSAGE][NOT_RUN] - NOT_RUN: callTestCase

2018-12-06 21:39:40 - [TEST_STEP][PASSED] - delay: Delayed 1 second(s)

2018-12-06 21:39:41 - [MESSAGE][PASSED] - Delayed 1 second(s)

2018-12-06 21:39:41 - [TEST_STEP][PASSED] - navigateToUrl: Navigate to 'https://assist2-uat.perkeso.gov.my/c/portal/logout' successfully

2018-12-06 21:39:42 - [MESSAGE][PASSED] - Navigate to 'https://assist2-uat.perkeso.gov.my/c/portal/logout' successfully

2018-12-06 21:39:42 - [TEST_STEP][PASSED] - delay: Delayed 1 second(s)

2018-12-06 21:39:43 - [MESSAGE][PASSED] - Delayed 1 second(s)

2018-12-06 21:39:43 - [TEST_STEP][PASSED] - callTestCase: Call Test Case 'Test Cases/Final Aug 2018 - PKS Automation/Common/Reference Number Getter' successfully

2018-12-06 21:39:43 - [TEST_CASE][PASSED] - Test Cases/Final Aug 2018 - PKS Automation/Common/Reference Number Getter: Test Cases/Final Aug 2018 - PKS Automation/Common/Reference Number Getter

2018-12-06 21:39:43 - [TEST_STEP][PASSED] - Statement - Try: null

2018-12-06 21:39:43 - [TEST_STEP][PASSED] - Statement - RefNo = new java.io.File(C://Users//Admin//Desktop//PKS//Automation Reference Point//KatalonReference.txt): null

2018-12-06 21:39:43 - [TEST_STEP][PASSED] - Statement - bufferread = new java.io.BufferedReader(new java.io.FileReader(RefNo)): null

2018-12-06 21:39:43 - [TEST_STEP][PASSED] - Statement - readedVal = bufferread.readLine(): null

2018-12-06 21:39:43 - [TEST_STEP][PASSED] - Statement - out.println(CaseReferenceNo): null

2018-12-06 21:39:43 - [TEST_STEP][PASSED] - Statement - out.println(readedVal): null

2018-12-06 21:39:43 - [TEST_STEP][PASSED] - Statement - CaseReferenceNo = "": null

2018-12-06 21:39:43 - [TEST_STEP][PASSED] - Statement - CaseReferenceNo = readedVal: null

2018-12-06 21:39:43 - [MESSAGE][PASSED] - Call Test Case 'Test Cases/Final Aug 2018 - PKS Automation/Common/Reference Number Getter' successfully

2018-12-06 21:39:43 - [TEST_STEP][PASSED] - callTestCase: Call Test Case 'Test Cases/Final Aug 2018 - PKS Automation/Common/Workflow Owner Finder' successfully

2018-12-06 21:39:43 - [TEST_CASE][PASSED] - Test Cases/Final Aug 2018 - PKS Automation/Common/Workflow Owner Finder: Test Cases/Final Aug 2018 - PKS Automation/Common/Workflow Owner Finder

2018-12-06 21:39:43 - [TEST_STEP][PASSED] - openBrowser: Browser is opened with url: ''

2018-12-06 21:39:43 - [MESSAGE][WARNING] - A browser is already opened. Closing browser and opening a new one

2018-12-06 21:39:47 - [MESSAGE][PASSED] - Browser is opened with url: ''

2018-12-06 21:39:47 - [TEST_STEP][PASSED] - navigateToUrl: Navigate to 'https://assist2-uat.perkeso.gov.my/login' successfully

2018-12-06 21:39:48 - [MESSAGE][PASSED] - Navigate to 'https://assist2-uat.perkeso.gov.my/login' successfully

2018-12-06 21:39:48 - [TEST_STEP][PASSED] - delay: Delayed 5 second(s)

2018-12-06 21:39:53 - [MESSAGE][PASSED] - Delayed 5 second(s)

2018-12-06 21:39:53 - [TEST_STEP][PASSED] - setText: Text 'test@liferay.com' is set on object 'Object Repository/Final Object Repo/Login Page/Internal User/Email Address'

2018-12-06 21:39:53 - [MESSAGE][PASSED] - Text 'test@liferay.com' is set on object 'Object Repository/Final Object Repo/Login Page/Internal User/Email Address'

2018-12-06 21:39:53 - [TEST_STEP][PASSED] - click: Object: 'Object Repository/Final Object Repo/Login Page/Internal User/Next Button' is clicked on

2018-12-06 21:39:53 - [MESSAGE][PASSED] - Object: 'Object Repository/Final Object Repo/Login Page/Internal User/Next Button' is clicked on

2018-12-06 21:39:53 - [TEST_STEP][PASSED] - delay: Delayed 2 second(s)

2018-12-06 21:39:55 - [MESSAGE][PASSED] - Delayed 2 second(s)

2018-12-06 21:39:55 - [TEST_STEP][PASSED] - setText: Text 'test' is set on object 'Object Repository/Final Object Repo/Login Page/Internal User/Password'

2018-12-06 21:39:56 - [MESSAGE][PASSED] - Text 'test' is set on object 'Object Repository/Final Object Repo/Login Page/Internal User/Password'

2018-12-06 21:39:56 - [TEST_STEP][PASSED] - delay: Delayed 2 second(s)

2018-12-06 21:39:58 - [MESSAGE][PASSED] - Delayed 2 second(s)

2018-12-06 21:39:58 - [TEST_STEP][PASSED] - click: Object: 'Object Repository/Final Object Repo/Login Page/Internal User/Login Button' is clicked on

2018-12-06 21:39:58 - [MESSAGE][PASSED] - Object: 'Object Repository/Final Object Repo/Login Page/Internal User/Login Button' is clicked on

2018-12-06 21:39:58 - [TEST_STEP][PASSED] - Statement - tester = com.kms.katalon.core.testobject.ObjectRepository.findTestObject(Final Object Repo/Landing Page/Select to English): Finding Test Object with id 'Object Repository/Final Object Repo/Landing Page/Select to English'

2018-12-06 21:39:58 - [TEST_STEP][PASSED] - Statement - Try: Delayed 2 second(s)

2018-12-06 21:39:58 - [TEST_STEP][PASSED] - Statement - Checker = com.kms.katalon.core.webui.keyword.WebUiBuiltInKeywords.verifyElementNotPresent(tester, 3): Web element with id: 'Object Repository/Final Object Repo/Landing Page/Select to English' located by 'By.xpath: //a[@class = 'taglib-language-list-text' and @lang = 'en-US' and (contains(text(), 'EN') or contains(., 'EN'))]' is not present after '3' second(s)

2018-12-06 21:40:00 - [MESSAGE][PASSED] - Web element with id: 'Object Repository/Final Object Repo/Landing Page/Select to English' located by 'By.xpath: //a[@class = 'taglib-language-list-text' and @lang = 'en-US' and (contains(text(), 'EN') or contains(., 'EN'))]' is not present after '3' second(s)

2018-12-06 21:40:00 - [TEST_STEP][PASSED] - Statement - If (Checker == false): null

2018-12-06 21:40:00 - [TEST_STEP][PASSED] - delay: Delayed 2 second(s)

2018-12-06 21:40:02 - [MESSAGE][PASSED] - Delayed 2 second(s)

2018-12-06 21:40:02 - [TEST_STEP][PASSED] - delay: Delayed 5 second(s)

2018-12-06 21:40:07 - [MESSAGE][PASSED] - Delayed 5 second(s)

2018-12-06 21:40:07 - [TEST_STEP][PASSED] - mouseOver: Object: 'Object Repository/Final Object Repo/Landing Page/WorkFlow Menu' is hovered

2018-12-06 21:40:07 - [MESSAGE][PASSED] - Object: 'Object Repository/Final Object Repo/Landing Page/WorkFlow Menu' is hovered

2018-12-06 21:40:07 - [TEST_STEP][PASSED] - delay: Delayed 2 second(s)

2018-12-06 21:40:09 - [MESSAGE][PASSED] - Delayed 2 second(s)

2018-12-06 21:40:09 - [TEST_STEP][PASSED] - click: Object: 'Object Repository/Final Object Repo/Landing Page/Select to Workflow Listing' is clicked on

2018-12-06 21:40:10 - [MESSAGE][PASSED] - Object: 'Object Repository/Final Object Repo/Landing Page/Select to Workflow Listing' is clicked on

2018-12-06 21:40:10 - [TEST_STEP][PASSED] - delay: Delayed 2 second(s)

2018-12-06 21:40:12 - [MESSAGE][PASSED] - Delayed 2 second(s)

2018-12-06 21:40:12 - [TEST_STEP][PASSED] - click: Object: 'Object Repository/Final Object Repo/WorkFlow Listing Page/Search Information - To Put Ref No' is clicked on

2018-12-06 21:40:12 - [MESSAGE][PASSED] - Object: 'Object Repository/Final Object Repo/WorkFlow Listing Page/Search Information - To Put Ref No' is clicked on

2018-12-06 21:40:12 - [TEST_STEP][PASSED] - delay: Delayed 2 second(s)

2018-12-06 21:40:14 - [MESSAGE][PASSED] - Delayed 2 second(s)

2018-12-06 21:40:14 - [TEST_STEP][PASSED] - callTestCase: Call Test Case 'Test Cases/Final Aug 2018 - PKS Automation/Common/Reference Number Getter' successfully

2018-12-06 21:40:14 - [TEST_CASE][PASSED] - Test Cases/Final Aug 2018 - PKS Automation/Common/Reference Number Getter: Test Cases/Final Aug 2018 - PKS Automation/Common/Reference Number Getter

2018-12-06 21:40:14 - [TEST_STEP][PASSED] - Statement - Try: null

2018-12-06 21:40:14 - [TEST_STEP][PASSED] - Statement - RefNo = new java.io.File(C://Users//Admin//Desktop//PKS//Automation Reference Point//KatalonReference.txt): null

2018-12-06 21:40:14 - [TEST_STEP][PASSED] - Statement - bufferread = new java.io.BufferedReader(new java.io.FileReader(RefNo)): null

2018-12-06 21:40:14 - [TEST_STEP][PASSED] - Statement - readedVal = bufferread.readLine(): null

2018-12-06 21:40:14 - [TEST_STEP][PASSED] - Statement - out.println(CaseReferenceNo): null

2018-12-06 21:40:14 - [TEST_STEP][PASSED] - Statement - out.println(readedVal): null

2018-12-06 21:40:14 - [TEST_STEP][PASSED] - Statement - CaseReferenceNo = "": null

2018-12-06 21:40:14 - [TEST_STEP][PASSED] - Statement - CaseReferenceNo = readedVal: null

2018-12-06 21:40:14 - [MESSAGE][PASSED] - Call Test Case 'Test Cases/Final Aug 2018 - PKS Automation/Common/Reference Number Getter' successfully

2018-12-06 21:40:14 - [TEST_STEP][PASSED] - setText: Text 'ERN122018C200002386' is set on object 'Object Repository/Final Object Repo/WorkFlow Listing Page/Ref No Set Text'

2018-12-06 21:40:15 - [MESSAGE][PASSED] - Text 'ERN122018C200002386' is set on object 'Object Repository/Final Object Repo/WorkFlow Listing Page/Ref No Set Text'

2018-12-06 21:40:15 - [TEST_STEP][PASSED] - delay: Delayed 2 second(s)

2018-12-06 21:40:17 - [MESSAGE][PASSED] - Delayed 2 second(s)

2018-12-06 21:40:17 - [TEST_STEP][PASSED] - click: Object: 'Object Repository/Final Object Repo/WorkFlow Listing Page/Search Ref No Search Button' is clicked on

2018-12-06 21:40:17 - [MESSAGE][PASSED] - Object: 'Object Repository/Final Object Repo/WorkFlow Listing Page/Search Ref No Search Button' is clicked on

2018-12-06 21:40:17 - [TEST_STEP][PASSED] - delay: Delayed 6 second(s)

2018-12-06 21:40:23 - [MESSAGE][PASSED] - Delayed 6 second(s)

2018-12-06 21:40:23 - [TEST_STEP][PASSED] - click: Object: 'Object Repository/Final Object Repo/WorkFlow Listing Page/Click Continue Tooltip' is clicked on

2018-12-06 21:40:24 - [MESSAGE][PASSED] - Object: 'Object Repository/Final Object Repo/WorkFlow Listing Page/Click Continue Tooltip' is clicked on

2018-12-06 21:40:24 - [TEST_STEP][PASSED] - delay: Delayed 5 second(s)

2018-12-06 21:40:29 - [MESSAGE][PASSED] - Delayed 5 second(s)

2018-12-06 21:40:29 - [TEST_STEP][PASSED] - doubleClick: Object: 'Object Repository/Final Object Repo/WorkFlow Listing Page/Workflow Found - Listing 1' is double clicked on

2018-12-06 21:40:29 - [MESSAGE][PASSED] - Object: 'Object Repository/Final Object Repo/WorkFlow Listing Page/Workflow Found - Listing 1' is double clicked on

2018-12-06 21:40:29 - [TEST_STEP][PASSED] - Statement - println(OwnerID): null

2018-12-06 21:40:29 - [TEST_STEP][PASSED] - Statement - OwnerID = com.kms.katalon.core.webui.keyword.WebUiBuiltInKeywords.getText(com.kms.katalon.core.testobject.ObjectRepository.findTestObject(Final Object Repo/WorkFlow Listing Page/Workflow Found - Listing 1), STOP_ON_FAILURE): Text of object 'Object Repository/Final Object Repo/WorkFlow Listing Page/Workflow Found - Listing 1' is: 'JOHORuo3'

2018-12-06 21:40:29 - [MESSAGE][PASSED] - Text of object 'Object Repository/Final Object Repo/WorkFlow Listing Page/Workflow Found - Listing 1' is: 'JOHORuo3'

2018-12-06 21:40:29 - [TEST_STEP][PASSED] - Statement - OwnerID = OwnerID.toLowerCase() + "@gmail.com": null

2018-12-06 21:40:29 - [TEST_STEP][PASSED] - Statement - println(OwnerID): null

2018-12-06 21:40:29 - [TEST_STEP][PASSED] - delay: Delayed 2 second(s)

2018-12-06 21:40:31 - [MESSAGE][PASSED] - Delayed 2 second(s)

2018-12-06 21:40:31 - [MESSAGE][PASSED] - Call Test Case 'Test Cases/Final Aug 2018 - PKS Automation/Common/Workflow Owner Finder' successfully

2018-12-06 21:40:31 - [TEST_STEP][PASSED] - delay: Delayed 1 second(s)

2018-12-06 21:40:32 - [MESSAGE][PASSED] - Delayed 1 second(s)

2018-12-06 21:40:32 - [TEST_STEP][PASSED] - navigateToUrl: Navigate to 'https://assist2-uat.perkeso.gov.my/c/portal/logout' successfully

2018-12-06 21:40:33 - [MESSAGE][PASSED] - Navigate to 'https://assist2-uat.perkeso.gov.my/c/portal/logout' successfully

2018-12-06 21:40:33 - [TEST_STEP][PASSED] - delay: Delayed 1 second(s)

2018-12-06 21:40:34 - [MESSAGE][PASSED] - Delayed 1 second(s)

2018-12-06 21:40:34 - [TEST_STEP][PASSED] - callTestCase: Call Test Case 'Test Cases/Final Aug 2018 - PKS Automation/Registration Module/Workflow/Login and Search Case For Workflow' successfully

2018-12-06 21:40:34 - [TEST_CASE][PASSED] - Test Cases/Final Aug 2018 - PKS Automation/Registration Module/Workflow/Login and Search Case For Workflow: Test Cases/Final Aug 2018 - PKS Automation/Registration Module/Workflow/Login and Search Case For Workflow

2018-12-06 21:40:34 - [TEST_STEP][PASSED] - navigateToUrl: Navigate to 'https://assist2-uat.perkeso.gov.my/login' successfully

2018-12-06 21:40:34 - [MESSAGE][PASSED] - Navigate to 'https://assist2-uat.perkeso.gov.my/login' successfully

2018-12-06 21:40:34 - [TEST_STEP][PASSED] - setText: Text 'johoruo3@gmail.com' is set on object 'Object Repository/Final Object Repo/Login Page/Internal User/Email Address'

2018-12-06 21:40:34 - [MESSAGE][PASSED] - Text 'johoruo3@gmail.com' is set on object 'Object Repository/Final Object Repo/Login Page/Internal User/Email Address'

2018-12-06 21:40:34 - [TEST_STEP][PASSED] - click: Object: 'Object Repository/Final Object Repo/Login Page/Internal User/Next Button' is clicked on

2018-12-06 21:40:35 - [MESSAGE][PASSED] - Object: 'Object Repository/Final Object Repo/Login Page/Internal User/Next Button' is clicked on

2018-12-06 21:40:35 - [TEST_STEP][PASSED] - delay: Delayed 1 second(s)

2018-12-06 21:40:36 - [MESSAGE][PASSED] - Delayed 1 second(s)

2018-12-06 21:40:36 - [TEST_STEP][PASSED] - setEncryptedText: Text ****** has been set on object 'Object Repository/Final Object Repo/Login Page/Internal User/Password'

2018-12-06 21:40:36 - [MESSAGE][PASSED] - Text ****** has been set on object 'Object Repository/Final Object Repo/Login Page/Internal User/Password'

2018-12-06 21:40:36 - [TEST_STEP][PASSED] - click: Object: 'Object Repository/Final Object Repo/Login Page/Internal User/Login Button' is clicked on

2018-12-06 21:40:36 - [MESSAGE][PASSED] - Object: 'Object Repository/Final Object Repo/Login Page/Internal User/Login Button' is clicked on

2018-12-06 21:40:36 - [TEST_STEP][PASSED] - delay: Delayed 2 second(s)

2018-12-06 21:40:38 - [MESSAGE][PASSED] - Delayed 2 second(s)

2018-12-06 21:40:38 - [TEST_STEP][PASSED] - Statement - Try: Delayed 2 second(s)

2018-12-06 21:40:38 - [TEST_STEP][PASSED] - Statement - Checker = false: null

2018-12-06 21:40:38 - [TEST_STEP][PASSED] - Statement - Checker = com.kms.katalon.core.webui.keyword.WebUiBuiltInKeywords.verifyElementHasAttribute(com.kms.katalon.core.testobject.ObjectRepository.findTestObject(Final Object Repo/Landing Page/BM Detecting), "href", 20, OPTIONAL): Object 'Object Repository/Final Object Repo/Landing Page/BM Detecting' has attribute 'href'

2018-12-06 21:40:38 - [MESSAGE][PASSED] - Object 'Object Repository/Final Object Repo/Landing Page/BM Detecting' has attribute 'href'

2018-12-06 21:40:38 - [TEST_STEP][PASSED] - Statement - out.println(Checker): null

2018-12-06 21:40:38 - [TEST_STEP][PASSED] - Statement - If (Checker == false): null

2018-12-06 21:40:38 - [TEST_STEP][PASSED] - Statement - Else: null

2018-12-06 21:40:38 - [TEST_STEP][PASSED] - delay: Delayed 2 second(s)

2018-12-06 21:40:40 - [MESSAGE][PASSED] - Delayed 2 second(s)

2018-12-06 21:40:40 - [TEST_STEP][PASSED] - click: Object: 'Object Repository/Final Object Repo/Page_MyASSIST - ASSIST - Search Pending Case For Add Supporting Document/Search Information' is clicked on

2018-12-06 21:40:40 - [MESSAGE][PASSED] - Object: 'Object Repository/Final Object Repo/Page_MyASSIST - ASSIST - Search Pending Case For Add Supporting Document/Search Information' is clicked on

2018-12-06 21:40:40 - [TEST_STEP][PASSED] - delay: Delayed 3 second(s)

2018-12-06 21:40:43 - [MESSAGE][PASSED] - Delayed 3 second(s)

2018-12-06 21:40:43 - [TEST_STEP][PASSED] - sendKeys: Keys 'ERN122018C200002386' sent to object: 'Object Repository/Final Object Repo/Page_MyASSIST - ASSIST - Search Pending Case For Add Supporting Document/Reference No'

2018-12-06 21:40:44 - [MESSAGE][PASSED] - Keys 'ERN122018C200002386' sent to object: 'Object Repository/Final Object Repo/Page_MyASSIST - ASSIST - Search Pending Case For Add Supporting Document/Reference No'

2018-12-06 21:40:44 - [TEST_STEP][PASSED] - click: Object: 'Object Repository/Final Object Repo/Page_MyASSIST - ASSIST - Search Pending Case For Add Supporting Document/Search Reference No' is clicked on

2018-12-06 21:40:44 - [MESSAGE][PASSED] - Object: 'Object Repository/Final Object Repo/Page_MyASSIST - ASSIST - Search Pending Case For Add Supporting Document/Search Reference No' is clicked on

2018-12-06 21:40:44 - [TEST_STEP][PASSED] - delay: Delayed 2 second(s)

2018-12-06 21:40:46 - [MESSAGE][PASSED] - Delayed 2 second(s)

2018-12-06 21:40:46 - [TEST_STEP][PASSED] - click: Object: 'Object Repository/Final Object Repo/Page_MyASSIST - ASSIST - Search Pending Case For Add Supporting Document/Continue' is clicked on

2018-12-06 21:40:49 - [MESSAGE][PASSED] - Object: 'Object Repository/Final Object Repo/Page_MyASSIST - ASSIST - Search Pending Case For Add Supporting Document/Continue' is clicked on

2018-12-06 21:40:49 - [TEST_STEP][PASSED] - delay: Delayed 20 second(s)

2018-12-06 21:41:09 - [MESSAGE][PASSED] - Delayed 20 second(s)

2018-12-06 21:41:09 - [MESSAGE][PASSED] - Call Test Case 'Test Cases/Final Aug 2018 - PKS Automation/Registration Module/Workflow/Login and Search Case For Workflow' successfully

2018-12-06 21:41:09 - [TEST_STEP][PASSED] - click: Object: 'Object Repository/Final Object Repo/Page_Form 3 EIS - Cessation as Employer/Page_Form 3 EIS - Cessation as Employer (Approve)/Save  Continue in Form 3 Page' is clicked on

2018-12-06 21:41:09 - [MESSAGE][PASSED] - Object: 'Object Repository/Final Object Repo/Page_Form 3 EIS - Cessation as Employer/Page_Form 3 EIS - Cessation as Employer (Approve)/Save  Continue in Form 3 Page' is clicked on

2018-12-06 21:41:09 - [TEST_STEP][PASSED] - delay: Delayed 2 second(s)

2018-12-06 21:41:11 - [MESSAGE][PASSED] - Delayed 2 second(s)

2018-12-06 21:41:11 - [TEST_STEP][PASSED] - click: Object: 'Object Repository/Final Object Repo/Page_Form 3 EIS - Cessation as Employer/Page_Form 3 EIS - Cessation as Employer (Approve)/Save  Continue in Resigned Page' is clicked on

2018-12-06 21:41:11 - [MESSAGE][PASSED] - Object: 'Object Repository/Final Object Repo/Page_Form 3 EIS - Cessation as Employer/Page_Form 3 EIS - Cessation as Employer (Approve)/Save  Continue in Resigned Page' is clicked on

2018-12-06 21:41:11 - [TEST_STEP][PASSED] - delay: Delayed 2 second(s)

2018-12-06 21:41:13 - [MESSAGE][PASSED] - Delayed 2 second(s)

2018-12-06 21:41:13 - [TEST_STEP][PASSED] - click: Object: 'Object Repository/Final Object Repo/Page_Form 3 EIS - Cessation as Employer/Page_Form 3 EIS - Cessation as Employer (Approve)/Save  Continue in Uploading Page' is clicked on

2018-12-06 21:41:15 - [MESSAGE][PASSED] - Object: 'Object Repository/Final Object Repo/Page_Form 3 EIS - Cessation as Employer/Page_Form 3 EIS - Cessation as Employer (Approve)/Save  Continue in Uploading Page' is clicked on

2018-12-06 21:41:15 - [TEST_STEP][PASSED] - delay: Delayed 2 second(s)

2018-12-06 21:41:17 - [MESSAGE][PASSED] - Delayed 2 second(s)

2018-12-06 21:41:17 - [TEST_STEP][PASSED] - click: Object: 'Object Repository/Final Object Repo/Page_Form 3 EIS - Cessation as Employer/Page_Form 3 EIS - Cessation as Employer (Under enforcement)/Underenforcement' is clicked on

2018-12-06 21:41:19 - [MESSAGE][PASSED] - Object: 'Object Repository/Final Object Repo/Page_Form 3 EIS - Cessation as Employer/Page_Form 3 EIS - Cessation as Employer (Under enforcement)/Underenforcement' is clicked on

2018-12-06 21:41:19 - [TEST_STEP][PASSED] - delay: Delayed 2 second(s)

2018-12-06 21:41:21 - [MESSAGE][PASSED] - Delayed 2 second(s)

2018-12-06 21:41:21 - [TEST_STEP][PASSED] - setText: Text 'Remark' is set on object 'Object Repository/Final Object Repo/Page_Form 3 EIS - Cessation as Employer/Page_Form 3 EIS - Cessation as Employer (Under enforcement)/Under enforcement - Remark'

2018-12-06 21:41:21 - [MESSAGE][PASSED] - Text 'Remark' is set on object 'Object Repository/Final Object Repo/Page_Form 3 EIS - Cessation as Employer/Page_Form 3 EIS - Cessation as Employer (Under enforcement)/Under enforcement - Remark'

2018-12-06 21:41:21 - [TEST_STEP][PASSED] - delay: Delayed 2 second(s)

2018-12-06 21:41:23 - [MESSAGE][PASSED] - Delayed 2 second(s)

2018-12-06 21:41:23 - [TEST_STEP][PASSED] - click: Object: 'Object Repository/Final Object Repo/Page_Form 3 EIS - Cessation as Employer/Page_Form 3 EIS - Cessation as Employer (Under enforcement)/Save  Continue in Under enforcement' is clicked on

2018-12-06 21:41:24 - [MESSAGE][PASSED] - Object: 'Object Repository/Final Object Repo/Page_Form 3 EIS - Cessation as Employer/Page_Form 3 EIS - Cessation as Employer (Under enforcement)/Save  Continue in Under enforcement' is clicked on

2018-12-06 21:41:24 - [TEST_STEP][PASSED] - doubleClick: Object: 'Object Repository/Final Object Repo/Page_Form 3 EIS - Cessation as Employer/Page_Form 3 EIS - Cessation as Employer (Under enforcement)/Message The case is under enforcement' is double clicked on

2018-12-06 21:41:28 - [MESSAGE][PASSED] - Object: 'Object Repository/Final Object Repo/Page_Form 3 EIS - Cessation as Employer/Page_Form 3 EIS - Cessation as Employer (Under enforcement)/Message The case is under enforcement' is double clicked on

2018-12-06 21:41:28 - [MESSAGE][PASSED] - Call Test Case 'Test Cases/Final Aug 2018 - PKS Automation/Registration Module/Workflow/Form 3 EIS - Cessation As Employer/Template/Form 3 A - Cessation As Employer (Under enforcement)' successfully]]></system-out>
         <system-err><![CDATA[]]></system-err>
      </testcase>
      <system-out><![CDATA[2018-12-06 20:40:24 - [TEST_SUITE][FAILED] - Form 3 EIS - Cessation as Employer: Test Cases/Final Aug 2018 - PKS Automation/Registration Module/Workflow/Form 3 EIS - Cessation As Employer/PKRBO to UO (Query) FAILED because (of) (Stack trace: com.kms.katalon.core.exception.StepFailedException: Unable to click on object 'Object Repository/Final Object Repo/Page_Form 3 EIS - Cessation as Employer/Page_Form 3 EIS - Cessation as Employer (Query - OTC - UO)/Next' (Root cause: com.kms.katalon.core.webui.exception.WebElementNotFoundException: Web element with id: 'Object Repository/Final Object Repo/Page_Form 3 EIS - Cessation as Employer/Page_Form 3 EIS - Cessation as Employer (Query - OTC - UO)/Next' located by 'By.xpath: //a[(text() = ' NEXT
						' or . = ' NEXT
						')]' not found)
	at com.kms.katalon.core.keyword.internal.KeywordMain.stepFailed(KeywordMain.groovy:32)
	at com.kms.katalon.core.webui.keyword.internal.WebUIKeywordMain.stepFailed(WebUIKeywordMain.groovy:65)
	at com.kms.katalon.core.webui.keyword.internal.WebUIKeywordMain.runKeyword(WebUIKeywordMain.groovy:27)
	at com.kms.katalon.core.webui.keyword.builtin.ClickKeyword.click(ClickKeyword.groovy:86)
	at com.kms.katalon.core.webui.keyword.builtin.ClickKeyword.execute(ClickKeyword.groovy:67)
	at com.kms.katalon.core.keyword.internal.KeywordExecutor.executeKeywordForPlatform(KeywordExecutor.groovy:53)
	at com.kms.katalon.core.webui.keyword.WebUiBuiltInKeywords.click(WebUiBuiltInKeywords.groovy:616)
	at com.kms.katalon.core.webui.keyword.WebUiBuiltInKeywords$click$2.call(Unknown Source)
	at Script1536114876563.run(Script1536114876563.groovy:87)
	at com.kms.katalon.core.main.ScriptEngine.run(ScriptEngine.java:183)
	at com.kms.katalon.core.main.ScriptEngine.runScriptAsRawText(ScriptEngine.java:108)
	at com.kms.katalon.core.main.TestCaseExecutor.runScript(TestCaseExecutor.java:294)
	at com.kms.katalon.core.main.TestCaseExecutor.doExecute(TestCaseExecutor.java:285)
	at com.kms.katalon.core.main.TestCaseExecutor.processExecutionPhase(TestCaseExecutor.java:264)
	at com.kms.katalon.core.main.TestCaseExecutor.accessMainPhase(TestCaseExecutor.java:256)
	at com.kms.katalon.core.main.TestCaseExecutor.execute(TestCaseExecutor.java:200)
	at com.kms.katalon.core.main.TestCaseMain.runTestCase(TestCaseMain.java:99)
	at com.kms.katalon.core.keyword.builtin.CallTestCaseKeyword$_callTestCase_closure1.doCall(CallTestCaseKeyword.groovy:60)
	at com.kms.katalon.core.keyword.builtin.CallTestCaseKeyword$_callTestCase_closure1.call(CallTestCaseKeyword.groovy)
	at com.kms.katalon.core.keyword.internal.KeywordMain.runKeyword(KeywordMain.groovy:54)
	at com.kms.katalon.core.keyword.builtin.CallTestCaseKeyword.callTestCase(CallTestCaseKeyword.groovy:81)
	at com.kms.katalon.core.keyword.builtin.CallTestCaseKeyword.execute(CallTestCaseKeyword.groovy:45)
	at com.kms.katalon.core.keyword.internal.KeywordExecutor.executeKeywordForPlatform(KeywordExecutor.groovy:53)
	at com.kms.katalon.core.keyword.BuiltinKeywords.callTestCase(BuiltinKeywords.groovy:334)
	at sun.reflect.GeneratedMethodAccessor13.invoke(Unknown Source)
	at sun.reflect.DelegatingMethodAccessorImpl.invoke(DelegatingMethodAccessorImpl.java:43)
	at java.lang.reflect.Method.invoke(Method.java:498)
	at org.codehaus.groovy.reflection.CachedMethod.invoke(CachedMethod.java:93)
	at groovy.lang.MetaMethod.doMethodInvoke(MetaMethod.java:325)
	at groovy.lang.MetaClassImpl.invokeStaticMethod(MetaClassImpl.java:1469)
	at org.codehaus.groovy.runtime.callsite.StaticMetaClassSite.call(StaticMetaClassSite.java:53)
	at org.codehaus.groovy.runtime.callsite.CallSiteArray.defaultCall(CallSiteArray.java:48)
	at org.codehaus.groovy.runtime.callsite.AbstractCallSite.call(AbstractCallSite.java:113)
	at org.codehaus.groovy.runtime.callsite.AbstractCallSite.call(AbstractCallSite.java:141)
	at Script1536204651962.run(Script1536204651962.groovy:25)
	at com.kms.katalon.core.main.ScriptEngine.run(ScriptEngine.java:183)
	at com.kms.katalon.core.main.ScriptEngine.runScriptAsRawText(ScriptEngine.java:108)
	at com.kms.katalon.core.main.TestCaseExecutor.runScript(TestCaseExecutor.java:294)
	at com.kms.katalon.core.main.TestCaseExecutor.doExecute(TestCaseExecutor.java:285)
	at com.kms.katalon.core.main.TestCaseExecutor.processExecutionPhase(TestCaseExecutor.java:264)
	at com.kms.katalon.core.main.TestCaseExecutor.accessMainPhase(TestCaseExecutor.java:256)
	at com.kms.katalon.core.main.TestCaseExecutor.execute(TestCaseExecutor.java:200)
	at com.kms.katalon.core.main.TestSuiteExecutor.accessTestCaseMainPhase(TestSuiteExecutor.java:129)
	at com.kms.katalon.core.main.TestSuiteExecutor.accessTestSuiteMainPhase(TestSuiteExecutor.java:112)
	at com.kms.katalon.core.main.TestSuiteExecutor.execute(TestSuiteExecutor.java:81)
	at com.kms.katalon.core.main.TestCaseMain.startTestSuite(TestCaseMain.java:142)
	at com.kms.katalon.core.main.TestCaseMain$startTestSuite$0.call(Unknown Source)
	at org.codehaus.groovy.runtime.callsite.CallSiteArray.defaultCall(CallSiteArray.java:48)
	at org.codehaus.groovy.runtime.callsite.AbstractCallSite.call(AbstractCallSite.java:113)
	at org.codehaus.groovy.runtime.callsite.AbstractCallSite.call(AbstractCallSite.java:141)
	at TempTestSuite1544087654781.run(TempTestSuite1544087654781.groovy:36)
	at groovy.lang.GroovyShell.runScriptOrMainOrTestOrRunnable(GroovyShell.java:263)
	at groovy.lang.GroovyShell.run(GroovyShell.java:518)
	at groovy.lang.GroovyShell.run(GroovyShell.java:507)
	at groovy.ui.GroovyMain.processOnce(GroovyMain.java:653)
	at groovy.ui.GroovyMain.run(GroovyMain.java:384)
	at groovy.ui.GroovyMain.process(GroovyMain.java:370)
	at groovy.ui.GroovyMain.processArgs(GroovyMain.java:129)
	at groovy.ui.GroovyMain.main(GroovyMain.java:109)
	at sun.reflect.NativeMethodAccessorImpl.invoke0(Native Method)
	at sun.reflect.NativeMethodAccessorImpl.invoke(NativeMethodAccessorImpl.java:62)
	at sun.reflect.DelegatingMethodAccessorImpl.invoke(DelegatingMethodAccessorImpl.java:43)
	at java.lang.reflect.Method.invoke(Method.java:498)
	at org.codehaus.groovy.tools.GroovyStarter.rootLoader(GroovyStarter.java:109)
	at org.codehaus.groovy.tools.GroovyStarter.main(GroovyStarter.java:131)
)]]></system-out>
      <system-err><![CDATA[2018-12-06 20:40:24 - [TEST_SUITE][FAILED] - Form 3 EIS - Cessation as Employer: Test Cases/Final Aug 2018 - PKS Automation/Registration Module/Workflow/Form 3 EIS - Cessation As Employer/PKRBO to UO (Query) FAILED because (of) (Stack trace: com.kms.katalon.core.exception.StepFailedException: Unable to click on object 'Object Repository/Final Object Repo/Page_Form 3 EIS - Cessation as Employer/Page_Form 3 EIS - Cessation as Employer (Query - OTC - UO)/Next' (Root cause: com.kms.katalon.core.webui.exception.WebElementNotFoundException: Web element with id: 'Object Repository/Final Object Repo/Page_Form 3 EIS - Cessation as Employer/Page_Form 3 EIS - Cessation as Employer (Query - OTC - UO)/Next' located by 'By.xpath: //a[(text() = ' NEXT
						' or . = ' NEXT
						')]' not found)
	at com.kms.katalon.core.keyword.internal.KeywordMain.stepFailed(KeywordMain.groovy:32)
	at com.kms.katalon.core.webui.keyword.internal.WebUIKeywordMain.stepFailed(WebUIKeywordMain.groovy:65)
	at com.kms.katalon.core.webui.keyword.internal.WebUIKeywordMain.runKeyword(WebUIKeywordMain.groovy:27)
	at com.kms.katalon.core.webui.keyword.builtin.ClickKeyword.click(ClickKeyword.groovy:86)
	at com.kms.katalon.core.webui.keyword.builtin.ClickKeyword.execute(ClickKeyword.groovy:67)
	at com.kms.katalon.core.keyword.internal.KeywordExecutor.executeKeywordForPlatform(KeywordExecutor.groovy:53)
	at com.kms.katalon.core.webui.keyword.WebUiBuiltInKeywords.click(WebUiBuiltInKeywords.groovy:616)
	at com.kms.katalon.core.webui.keyword.WebUiBuiltInKeywords$click$2.call(Unknown Source)
	at Script1536114876563.run(Script1536114876563.groovy:87)
	at com.kms.katalon.core.main.ScriptEngine.run(ScriptEngine.java:183)
	at com.kms.katalon.core.main.ScriptEngine.runScriptAsRawText(ScriptEngine.java:108)
	at com.kms.katalon.core.main.TestCaseExecutor.runScript(TestCaseExecutor.java:294)
	at com.kms.katalon.core.main.TestCaseExecutor.doExecute(TestCaseExecutor.java:285)
	at com.kms.katalon.core.main.TestCaseExecutor.processExecutionPhase(TestCaseExecutor.java:264)
	at com.kms.katalon.core.main.TestCaseExecutor.accessMainPhase(TestCaseExecutor.java:256)
	at com.kms.katalon.core.main.TestCaseExecutor.execute(TestCaseExecutor.java:200)
	at com.kms.katalon.core.main.TestCaseMain.runTestCase(TestCaseMain.java:99)
	at com.kms.katalon.core.keyword.builtin.CallTestCaseKeyword$_callTestCase_closure1.doCall(CallTestCaseKeyword.groovy:60)
	at com.kms.katalon.core.keyword.builtin.CallTestCaseKeyword$_callTestCase_closure1.call(CallTestCaseKeyword.groovy)
	at com.kms.katalon.core.keyword.internal.KeywordMain.runKeyword(KeywordMain.groovy:54)
	at com.kms.katalon.core.keyword.builtin.CallTestCaseKeyword.callTestCase(CallTestCaseKeyword.groovy:81)
	at com.kms.katalon.core.keyword.builtin.CallTestCaseKeyword.execute(CallTestCaseKeyword.groovy:45)
	at com.kms.katalon.core.keyword.internal.KeywordExecutor.executeKeywordForPlatform(KeywordExecutor.groovy:53)
	at com.kms.katalon.core.keyword.BuiltinKeywords.callTestCase(BuiltinKeywords.groovy:334)
	at sun.reflect.GeneratedMethodAccessor13.invoke(Unknown Source)
	at sun.reflect.DelegatingMethodAccessorImpl.invoke(DelegatingMethodAccessorImpl.java:43)
	at java.lang.reflect.Method.invoke(Method.java:498)
	at org.codehaus.groovy.reflection.CachedMethod.invoke(CachedMethod.java:93)
	at groovy.lang.MetaMethod.doMethodInvoke(MetaMethod.java:325)
	at groovy.lang.MetaClassImpl.invokeStaticMethod(MetaClassImpl.java:1469)
	at org.codehaus.groovy.runtime.callsite.StaticMetaClassSite.call(StaticMetaClassSite.java:53)
	at org.codehaus.groovy.runtime.callsite.CallSiteArray.defaultCall(CallSiteArray.java:48)
	at org.codehaus.groovy.runtime.callsite.AbstractCallSite.call(AbstractCallSite.java:113)
	at org.codehaus.groovy.runtime.callsite.AbstractCallSite.call(AbstractCallSite.java:141)
	at Script1536204651962.run(Script1536204651962.groovy:25)
	at com.kms.katalon.core.main.ScriptEngine.run(ScriptEngine.java:183)
	at com.kms.katalon.core.main.ScriptEngine.runScriptAsRawText(ScriptEngine.java:108)
	at com.kms.katalon.core.main.TestCaseExecutor.runScript(TestCaseExecutor.java:294)
	at com.kms.katalon.core.main.TestCaseExecutor.doExecute(TestCaseExecutor.java:285)
	at com.kms.katalon.core.main.TestCaseExecutor.processExecutionPhase(TestCaseExecutor.java:264)
	at com.kms.katalon.core.main.TestCaseExecutor.accessMainPhase(TestCaseExecutor.java:256)
	at com.kms.katalon.core.main.TestCaseExecutor.execute(TestCaseExecutor.java:200)
	at com.kms.katalon.core.main.TestSuiteExecutor.accessTestCaseMainPhase(TestSuiteExecutor.java:129)
	at com.kms.katalon.core.main.TestSuiteExecutor.accessTestSuiteMainPhase(TestSuiteExecutor.java:112)
	at com.kms.katalon.core.main.TestSuiteExecutor.execute(TestSuiteExecutor.java:81)
	at com.kms.katalon.core.main.TestCaseMain.startTestSuite(TestCaseMain.java:142)
	at com.kms.katalon.core.main.TestCaseMain$startTestSuite$0.call(Unknown Source)
	at org.codehaus.groovy.runtime.callsite.CallSiteArray.defaultCall(CallSiteArray.java:48)
	at org.codehaus.groovy.runtime.callsite.AbstractCallSite.call(AbstractCallSite.java:113)
	at org.codehaus.groovy.runtime.callsite.AbstractCallSite.call(AbstractCallSite.java:141)
	at TempTestSuite1544087654781.run(TempTestSuite1544087654781.groovy:36)
	at groovy.lang.GroovyShell.runScriptOrMainOrTestOrRunnable(GroovyShell.java:263)
	at groovy.lang.GroovyShell.run(GroovyShell.java:518)
	at groovy.lang.GroovyShell.run(GroovyShell.java:507)
	at groovy.ui.GroovyMain.processOnce(GroovyMain.java:653)
	at groovy.ui.GroovyMain.run(GroovyMain.java:384)
	at groovy.ui.GroovyMain.process(GroovyMain.java:370)
	at groovy.ui.GroovyMain.processArgs(GroovyMain.java:129)
	at groovy.ui.GroovyMain.main(GroovyMain.java:109)
	at sun.reflect.NativeMethodAccessorImpl.invoke0(Native Method)
	at sun.reflect.NativeMethodAccessorImpl.invoke(NativeMethodAccessorImpl.java:62)
	at sun.reflect.DelegatingMethodAccessorImpl.invoke(DelegatingMethodAccessorImpl.java:43)
	at java.lang.reflect.Method.invoke(Method.java:498)
	at org.codehaus.groovy.tools.GroovyStarter.rootLoader(GroovyStarter.java:109)
	at org.codehaus.groovy.tools.GroovyStarter.main(GroovyStarter.java:131)
)]]></system-err>
   </testsuite>
</testsuites>
